<?xml version="1.0" encoding="UTF-8"?>
<testsuite xmlns:xsi="http://www.w3.org/2001/XMLSchema-instance" xsi:noNamespaceSchemaLocation="https://maven.apache.org/surefire/maven-surefire-plugin/xsd/surefire-test-report.xsd" version="3.0.2" name="org.apache.hadoop.hdds.scm.node.TestQueryNode" time="30.544" tests="1" errors="1" skipped="0" failures="0">
  <properties>
    <property name="java.specification.version" value="21"/>
    <property name="sun.jnu.encoding" value="UTF-8"/>
    <property name="java.class.path" value="/home/runner/work/ozone/ozone/hadoop-ozone/integration-test/target/test-classes:/home/runner/work/ozone/ozone/hadoop-ozone/integration-test/target/classes:/home/runner/.m2/repository/ch/qos/reload4j/reload4j/1.2.26/reload4j-1.2.26.jar:/home/runner/.m2/repository/com/fasterxml/jackson/core/jackson-core/2.16.2/jackson-core-2.16.2.jar:/home/runner/.m2/repository/com/fasterxml/jackson/core/jackson-databind/2.16.2/jackson-databind-2.16.2.jar:/home/runner/.m2/repository/com/fasterxml/jackson/core/jackson-annotations/2.16.2/jackson-annotations-2.16.2.jar:/home/runner/.m2/repository/com/github/stephenc/jcip/jcip-annotations/1.0-1/jcip-annotations-1.0-1.jar:/home/runner/.m2/repository/com/google/guava/guava/33.5.0-jre/guava-33.5.0-jre.jar:/home/runner/.m2/repository/com/google/guava/failureaccess/1.0.3/failureaccess-1.0.3.jar:/home/runner/.m2/repository/com/google/guava/listenablefuture/9999.0-empty-to-avoid-conflict-with-guava/listenablefuture-9999.0-empty-to-avoid-conflict-with-guava.jar:/home/runner/.m2/repository/org/jspecify/jspecify/1.0.0/jspecify-1.0.0.jar:/home/runner/.m2/repository/com/google/errorprone/error_prone_annotations/2.29.2/error_prone_annotations-2.29.2.jar:/home/runner/.m2/repository/com/google/j2objc/j2objc-annotations/3.1/j2objc-annotations-3.1.jar:/home/runner/.m2/repository/com/google/protobuf/protobuf-java/2.5.0/protobuf-java-2.5.0.jar:/home/runner/.m2/repository/com/squareup/okhttp3/okhttp/4.12.0/okhttp-4.12.0.jar:/home/runner/.m2/repository/com/squareup/okio/okio/3.6.0/okio-3.6.0.jar:/home/runner/.m2/repository/com/squareup/okio/okio-jvm/3.6.0/okio-jvm-3.6.0.jar:/home/runner/.m2/repository/org/jetbrains/kotlin/kotlin-stdlib-common/1.9.25/kotlin-stdlib-common-1.9.25.jar:/home/runner/.m2/repository/org/jetbrains/kotlin/kotlin-stdlib-jdk8/1.9.25/kotlin-stdlib-jdk8-1.9.25.jar:/home/runner/.m2/repository/org/jetbrains/kotlin/kotlin-stdlib/1.9.25/kotlin-stdlib-1.9.25.jar:/home/runner/.m2/repository/org/jetbrains/annotations/13.0/annotations-13.0.jar:/home/runner/.m2/repository/org/jetbrains/kotlin/kotlin-stdlib-jdk7/1.9.25/kotlin-stdlib-jdk7-1.9.25.jar:/home/runner/.m2/repository/commons-codec/commons-codec/1.18.0/commons-codec-1.18.0.jar:/home/runner/.m2/repository/commons-io/commons-io/2.18.0/commons-io-2.18.0.jar:/home/runner/.m2/repository/commons-validator/commons-validator/1.10.0/commons-validator-1.10.0.jar:/home/runner/.m2/repository/commons-beanutils/commons-beanutils/1.11.0/commons-beanutils-1.11.0.jar:/home/runner/.m2/repository/commons-digester/commons-digester/2.1/commons-digester-2.1.jar:/home/runner/.m2/repository/commons-collections/commons-collections/3.2.2/commons-collections-3.2.2.jar:/home/runner/.m2/repository/info/picocli/picocli/4.7.7/picocli-4.7.7.jar:/home/runner/.m2/repository/jakarta/annotation/jakarta.annotation-api/2.1.1/jakarta.annotation-api-2.1.1.jar:/home/runner/.m2/repository/jakarta/xml/bind/jakarta.xml.bind-api/2.3.3/jakarta.xml.bind-api-2.3.3.jar:/home/runner/.m2/repository/jakarta/activation/jakarta.activation-api/1.2.2/jakarta.activation-api-1.2.2.jar:/home/runner/.m2/repository/javax/servlet/javax.servlet-api/3.1.0/javax.servlet-api-3.1.0.jar:/home/runner/.m2/repository/javax/ws/rs/jsr311-api/1.1.1/jsr311-api-1.1.1.jar:/home/runner/.m2/repository/org/apache/commons/commons-compress/1.27.1/commons-compress-1.27.1.jar:/home/runner/.m2/repository/org/apache/commons/commons-lang3/3.18.0/commons-lang3-3.18.0.jar:/home/runner/.m2/repository/org/apache/commons/commons-text/1.13.1/commons-text-1.13.1.jar:/home/runner/.m2/repository/org/apache/hadoop/hadoop-auth/3.4.1/hadoop-auth-3.4.1.jar:/home/runner/.m2/repository/com/nimbusds/nimbus-jose-jwt/10.4/nimbus-jose-jwt-10.4.jar:/home/runner/.m2/repository/io/dropwizard/metrics/metrics-core/3.2.6/metrics-core-3.2.6.jar:/home/runner/.m2/repository/org/apache/kerby/kerb-core/1.0.1/kerb-core-1.0.1.jar:/home/runner/.m2/repository/org/apache/kerby/kerby-pkix/1.0.1/kerby-pkix-1.0.1.jar:/home/runner/.m2/repository/org/apache/kerby/kerby-asn1/1.0.1/kerby-asn1-1.0.1.jar:/home/runner/.m2/repository/org/apache/kerby/kerb-util/1.0.1/kerb-util-1.0.1.jar:/home/runner/.m2/repository/org/apache/kerby/kerby-config/1.0.1/kerby-config-1.0.1.jar:/home/runner/.m2/repository/org/apache/kerby/kerb-crypto/1.0.1/kerb-crypto-1.0.1.jar:/home/runner/.m2/repository/org/apache/hadoop/thirdparty/hadoop-shaded-guava/1.3.0/hadoop-shaded-guava-1.3.0.jar:/home/runner/.m2/repository/org/apache/hadoop/hadoop-common/3.4.1/hadoop-common-3.4.1.jar:/home/runner/.m2/repository/org/apache/hadoop/thirdparty/hadoop-shaded-protobuf_3_25/1.4.0/hadoop-shaded-protobuf_3_25-1.4.0.jar:/home/runner/.m2/repository/org/apache/hadoop/hadoop-annotations/3.4.1/hadoop-annotations-3.4.1.jar:/home/runner/.m2/repository/commons-cli/commons-cli/1.8.0/commons-cli-1.8.0.jar:/home/runner/.m2/repository/commons-net/commons-net/3.11.1/commons-net-3.11.1.jar:/home/runner/.m2/repository/org/eclipse/jetty/jetty-server/9.4.58.v20250814/jetty-server-9.4.58.v20250814.jar:/home/runner/.m2/repository/org/eclipse/jetty/jetty-io/9.4.58.v20250814/jetty-io-9.4.58.v20250814.jar:/home/runner/.m2/repository/org/eclipse/jetty/jetty-util/9.4.58.v20250814/jetty-util-9.4.58.v20250814.jar:/home/runner/.m2/repository/org/eclipse/jetty/jetty-servlet/9.4.58.v20250814/jetty-servlet-9.4.58.v20250814.jar:/home/runner/.m2/repository/org/eclipse/jetty/jetty-security/9.4.58.v20250814/jetty-security-9.4.58.v20250814.jar:/home/runner/.m2/repository/org/eclipse/jetty/jetty-webapp/9.4.58.v20250814/jetty-webapp-9.4.58.v20250814.jar:/home/runner/.m2/repository/org/eclipse/jetty/jetty-xml/9.4.58.v20250814/jetty-xml-9.4.58.v20250814.jar:/home/runner/.m2/repository/javax/servlet/jsp/jsp-api/2.1/jsp-api-2.1.jar:/home/runner/.m2/repository/org/codehaus/jettison/jettison/1.5.4/jettison-1.5.4.jar:/home/runner/.m2/repository/org/apache/commons/commons-configuration2/2.12.0/commons-configuration2-2.12.0.jar:/home/runner/.m2/repository/com/google/re2j/re2j/1.7/re2j-1.7.jar:/home/runner/.m2/repository/com/google/code/gson/gson/2.13.1/gson-2.13.1.jar:/home/runner/.m2/repository/com/jcraft/jsch/0.1.55/jsch-0.1.55.jar:/home/runner/.m2/repository/io/netty/netty-handler/4.1.119.Final/netty-handler-4.1.119.Final.jar:/home/runner/.m2/repository/io/netty/netty-resolver/4.1.119.Final/netty-resolver-4.1.119.Final.jar:/home/runner/.m2/repository/io/netty/netty-transport-native-epoll/4.1.119.Final/netty-transport-native-epoll-4.1.119.Final.jar:/home/runner/.m2/repository/org/bouncycastle/bcprov-jdk18on/1.81/bcprov-jdk18on-1.81.jar:/home/runner/.m2/repository/org/codehaus/woodstox/stax2-api/4.2.1/stax2-api-4.2.1.jar:/home/runner/.m2/repository/com/fasterxml/woodstox/woodstox-core/5.4.0/woodstox-core-5.4.0.jar:/home/runner/.m2/repository/dnsjava/dnsjava/3.6.1/dnsjava-3.6.1.jar:/home/runner/.m2/repository/org/apache/hadoop/hadoop-common/3.4.1/hadoop-common-3.4.1-tests.jar:/home/runner/.m2/repository/org/apache/commons/commons-math3/3.6.1/commons-math3-3.6.1.jar:/home/runner/.m2/repository/com/sun/jersey/jersey-core/1.19.4/jersey-core-1.19.4.jar:/home/runner/.m2/repository/com/sun/jersey/jersey-servlet/1.19.4/jersey-servlet-1.19.4.jar:/home/runner/.m2/repository/com/github/pjfanning/jersey-json/1.22.0/jersey-json-1.22.0.jar:/home/runner/.m2/repository/com/sun/xml/bind/jaxb-impl/2.2.3-1/jaxb-impl-2.2.3-1.jar:/home/runner/.m2/repository/com/sun/jersey/jersey-server/1.19.4/jersey-server-1.19.4.jar:/home/runner/.m2/repository/org/slf4j/slf4j-reload4j/2.0.17/slf4j-reload4j-2.0.17.jar:/home/runner/.m2/repository/org/apache/avro/avro/1.9.2/avro-1.9.2.jar:/home/runner/.m2/repository/org/apache/curator/curator-client/4.2.0/curator-client-4.2.0.jar:/home/runner/.m2/repository/org/apache/curator/curator-recipes/5.2.0/curator-recipes-5.2.0.jar:/home/runner/.m2/repository/org/apache/curator/curator-framework/4.2.0/curator-framework-4.2.0.jar:/home/runner/.m2/repository/com/google/code/findbugs/jsr305/3.0.2/jsr305-3.0.2.jar:/home/runner/.m2/repository/org/apache/zookeeper/zookeeper/3.8.4/zookeeper-3.8.4.jar:/home/runner/.m2/repository/org/apache/zookeeper/zookeeper-jute/3.8.4/zookeeper-jute-3.8.4.jar:/home/runner/.m2/repository/org/apache/yetus/audience-annotations/0.12.0/audience-annotations-0.12.0.jar:/home/runner/.m2/repository/org/xerial/snappy/snappy-java/1.1.10.8/snappy-java-1.1.10.8.jar:/home/runner/.m2/repository/org/apache/hadoop/hadoop-distcp/3.4.1/hadoop-distcp-3.4.1.jar:/home/runner/.m2/repository/org/apache/hadoop/hadoop-distcp/3.4.1/hadoop-distcp-3.4.1-tests.jar:/home/runner/.m2/repository/org/apache/hadoop/hadoop-hdfs/3.4.1/hadoop-hdfs-3.4.1.jar:/home/runner/.m2/repository/org/eclipse/jetty/jetty-util-ajax/9.4.58.v20250814/jetty-util-ajax-9.4.58.v20250814.jar:/home/runner/.m2/repository/commons-daemon/commons-daemon/1.4.0/commons-daemon-1.4.0.jar:/home/runner/.m2/repository/org/apache/hadoop/hadoop-hdfs/3.4.1/hadoop-hdfs-3.4.1-tests.jar:/home/runner/.m2/repository/io/netty/netty-all/4.1.119.Final/netty-all-4.1.119.Final.jar:/home/runner/.m2/repository/io/netty/netty-codec-dns/4.1.119.Final/netty-codec-dns-4.1.119.Final.jar:/home/runner/.m2/repository/io/netty/netty-codec-haproxy/4.1.119.Final/netty-codec-haproxy-4.1.119.Final.jar:/home/runner/.m2/repository/io/netty/netty-codec-http/4.1.119.Final/netty-codec-http-4.1.119.Final.jar:/home/runner/.m2/repository/io/netty/netty-codec-memcache/4.1.119.Final/netty-codec-memcache-4.1.119.Final.jar:/home/runner/.m2/repository/io/netty/netty-codec-mqtt/4.1.119.Final/netty-codec-mqtt-4.1.119.Final.jar:/home/runner/.m2/repository/io/netty/netty-codec-redis/4.1.119.Final/netty-codec-redis-4.1.119.Final.jar:/home/runner/.m2/repository/io/netty/netty-codec-smtp/4.1.119.Final/netty-codec-smtp-4.1.119.Final.jar:/home/runner/.m2/repository/io/netty/netty-codec-socks/4.1.119.Final/netty-codec-socks-4.1.119.Final.jar:/home/runner/.m2/repository/io/netty/netty-codec-stomp/4.1.119.Final/netty-codec-stomp-4.1.119.Final.jar:/home/runner/.m2/repository/io/netty/netty-codec-xml/4.1.119.Final/netty-codec-xml-4.1.119.Final.jar:/home/runner/.m2/repository/io/netty/netty-handler-ssl-ocsp/4.1.119.Final/netty-handler-ssl-ocsp-4.1.119.Final.jar:/home/runner/.m2/repository/io/netty/netty-resolver-dns/4.1.119.Final/netty-resolver-dns-4.1.119.Final.jar:/home/runner/.m2/repository/io/netty/netty-transport-rxtx/4.1.119.Final/netty-transport-rxtx-4.1.119.Final.jar:/home/runner/.m2/repository/io/netty/netty-transport-sctp/4.1.119.Final/netty-transport-sctp-4.1.119.Final.jar:/home/runner/.m2/repository/io/netty/netty-transport-udt/4.1.119.Final/netty-transport-udt-4.1.119.Final.jar:/home/runner/.m2/repository/io/netty/netty-transport-classes-kqueue/4.1.119.Final/netty-transport-classes-kqueue-4.1.119.Final.jar:/home/runner/.m2/repository/io/netty/netty-resolver-dns-classes-macos/4.1.119.Final/netty-resolver-dns-classes-macos-4.1.119.Final.jar:/home/runner/.m2/repository/io/netty/netty-transport-native-epoll/4.1.119.Final/netty-transport-native-epoll-4.1.119.Final-linux-aarch_64.jar:/home/runner/.m2/repository/io/netty/netty-transport-native-epoll/4.1.119.Final/netty-transport-native-epoll-4.1.119.Final-linux-riscv64.jar:/home/runner/.m2/repository/io/netty/netty-transport-native-kqueue/4.1.119.Final/netty-transport-native-kqueue-4.1.119.Final-osx-x86_64.jar:/home/runner/.m2/repository/io/netty/netty-transport-native-kqueue/4.1.119.Final/netty-transport-native-kqueue-4.1.119.Final-osx-aarch_64.jar:/home/runner/.m2/repository/io/netty/netty-resolver-dns-native-macos/4.1.119.Final/netty-resolver-dns-native-macos-4.1.119.Final-osx-x86_64.jar:/home/runner/.m2/repository/io/netty/netty-resolver-dns-native-macos/4.1.119.Final/netty-resolver-dns-native-macos-4.1.119.Final-osx-aarch_64.jar:/home/runner/.m2/repository/org/fusesource/leveldbjni/leveldbjni-all/1.8/leveldbjni-all-1.8.jar:/home/runner/.m2/repository/org/apache/hadoop/hadoop-hdfs-client/3.4.1/hadoop-hdfs-client-3.4.1.jar:/home/runner/.m2/repository/org/apache/hadoop/hadoop-kms/3.4.1/hadoop-kms-3.4.1.jar:/home/runner/.m2/repository/org/apache/hadoop/hadoop-kms/3.4.1/hadoop-kms-3.4.1-tests.jar:/home/runner/.m2/repository/org/apache/hadoop/hadoop-mapreduce-client-core/3.4.1/hadoop-mapreduce-client-core-3.4.1.jar:/home/runner/.m2/repository/org/apache/hadoop/hadoop-yarn-client/3.4.1/hadoop-yarn-client-3.4.1.jar:/home/runner/.m2/repository/org/eclipse/jetty/websocket/websocket-client/9.4.53.v20231009/websocket-client-9.4.53.v20231009.jar:/home/runner/.m2/repository/org/eclipse/jetty/jetty-client/9.4.58.v20250814/jetty-client-9.4.58.v20250814.jar:/home/runner/.m2/repository/org/eclipse/jetty/websocket/websocket-common/9.4.53.v20231009/websocket-common-9.4.53.v20231009.jar:/home/runner/.m2/repository/org/eclipse/jetty/websocket/websocket-api/9.4.53.v20231009/websocket-api-9.4.53.v20231009.jar:/home/runner/.m2/repository/org/apache/hadoop/hadoop-yarn-api/3.4.1/hadoop-yarn-api-3.4.1.jar:/home/runner/.m2/repository/org/apache/hadoop/hadoop-yarn-common/3.4.1/hadoop-yarn-common-3.4.1.jar:/home/runner/.m2/repository/javax/xml/bind/jaxb-api/2.2.11/jaxb-api-2.2.11.jar:/home/runner/.m2/repository/com/sun/jersey/contribs/jersey-guice/1.19.4/jersey-guice-1.19.4.jar:/home/runner/.m2/repository/com/fasterxml/jackson/module/jackson-module-jaxb-annotations/2.16.2/jackson-module-jaxb-annotations-2.16.2.jar:/home/runner/.m2/repository/com/fasterxml/jackson/jaxrs/jackson-jaxrs-json-provider/2.16.2/jackson-jaxrs-json-provider-2.16.2.jar:/home/runner/.m2/repository/com/google/inject/extensions/guice-servlet/6.0.0/guice-servlet-6.0.0.jar:/home/runner/.m2/repository/org/apache/hadoop/hadoop-mapreduce-client-jobclient/3.4.1/hadoop-mapreduce-client-jobclient-3.4.1.jar:/home/runner/.m2/repository/org/apache/hadoop/hadoop-mapreduce-client-common/3.4.1/hadoop-mapreduce-client-common-3.4.1.jar:/home/runner/.m2/repository/org/apache/hadoop/hadoop-minikdc/3.4.1/hadoop-minikdc-3.4.1.jar:/home/runner/.m2/repository/org/apache/kerby/kerb-simplekdc/2.0.3/kerb-simplekdc-2.0.3.jar:/home/runner/.m2/repository/org/apache/kerby/kerb-client/2.0.3/kerb-client-2.0.3.jar:/home/runner/.m2/repository/org/apache/kerby/kerb-common/2.0.3/kerb-common-2.0.3.jar:/home/runner/.m2/repository/org/apache/kerby/token-provider/2.0.3/token-provider-2.0.3.jar:/home/runner/.m2/repository/org/apache/kerby/kerb-admin/2.0.3/kerb-admin-2.0.3.jar:/home/runner/.m2/repository/org/apache/kerby/kerb-server/2.0.3/kerb-server-2.0.3.jar:/home/runner/.m2/repository/org/apache/kerby/kerb-identity/2.0.3/kerb-identity-2.0.3.jar:/home/runner/.m2/repository/org/apache/kerby/kerby-xdr/2.0.3/kerby-xdr-2.0.3.jar:/home/runner/.m2/repository/junit/junit/4.13.2/junit-4.13.2.jar:/home/runner/.m2/repository/org/hamcrest/hamcrest-core/1.3/hamcrest-core-1.3.jar:/home/runner/.m2/repository/org/apache/httpcomponents/httpclient/4.5.14/httpclient-4.5.14.jar:/home/runner/.m2/repository/org/apache/httpcomponents/httpcore/4.4.16/httpcore-4.4.16.jar:/home/runner/.m2/repository/org/apache/kerby/kerby-util/1.0.1/kerby-util-1.0.1.jar:/home/runner/work/ozone/ozone/hadoop-hdds/client/target/hdds-client-2.1.0-SNAPSHOT.jar:/home/runner/work/ozone/ozone/hadoop-hdds/erasurecode/target/hdds-erasurecode-2.1.0-SNAPSHOT.jar:/home/runner/work/ozone/ozone/hadoop-hdds/common/target/hdds-common-2.1.0-SNAPSHOT.jar:/home/runner/.m2/repository/com/fasterxml/jackson/datatype/jackson-datatype-jsr310/2.16.2/jackson-datatype-jsr310-2.16.2.jar:/home/runner/.m2/repository/io/opentelemetry/opentelemetry-api/1.54.1/opentelemetry-api-1.54.1.jar:/home/runner/.m2/repository/io/opentelemetry/opentelemetry-context/1.54.1/opentelemetry-context-1.54.1.jar:/home/runner/.m2/repository/io/opentelemetry/opentelemetry-common/1.54.1/opentelemetry-common-1.54.1.jar:/home/runner/.m2/repository/io/opentelemetry/opentelemetry-exporter-otlp/1.54.1/opentelemetry-exporter-otlp-1.54.1.jar:/home/runner/.m2/repository/io/opentelemetry/opentelemetry-sdk-metrics/1.54.1/opentelemetry-sdk-metrics-1.54.1.jar:/home/runner/.m2/repository/io/opentelemetry/opentelemetry-sdk-logs/1.54.1/opentelemetry-sdk-logs-1.54.1.jar:/home/runner/.m2/repository/io/opentelemetry/opentelemetry-exporter-otlp-common/1.54.1/opentelemetry-exporter-otlp-common-1.54.1.jar:/home/runner/.m2/repository/io/opentelemetry/opentelemetry-exporter-common/1.54.1/opentelemetry-exporter-common-1.54.1.jar:/home/runner/.m2/repository/io/opentelemetry/opentelemetry-exporter-sender-okhttp/1.54.1/opentelemetry-exporter-sender-okhttp-1.54.1.jar:/home/runner/.m2/repository/com/squareup/okhttp3/okhttp-jvm/5.1.0/okhttp-jvm-5.1.0.jar:/home/runner/.m2/repository/io/opentelemetry/opentelemetry-sdk-extension-autoconfigure-spi/1.54.1/opentelemetry-sdk-extension-autoconfigure-spi-1.54.1.jar:/home/runner/.m2/repository/io/opentelemetry/opentelemetry-sdk/1.54.1/opentelemetry-sdk-1.54.1.jar:/home/runner/.m2/repository/io/opentelemetry/opentelemetry-sdk-common/1.54.1/opentelemetry-sdk-common-1.54.1.jar:/home/runner/.m2/repository/io/opentelemetry/opentelemetry-sdk-trace/1.54.1/opentelemetry-sdk-trace-1.54.1.jar:/home/runner/.m2/repository/org/apache/commons/commons-collections4/4.4/commons-collections4-4.4.jar:/home/runner/.m2/repository/org/apache/ratis/ratis-netty/3.2.0/ratis-netty-3.2.0.jar:/home/runner/.m2/repository/org/yaml/snakeyaml/2.0/snakeyaml-2.0.jar:/home/runner/.m2/repository/org/apache/ratis/ratis-metrics-dropwizard3/3.2.0/ratis-metrics-dropwizard3-3.2.0.jar:/home/runner/.m2/repository/org/slf4j/jcl-over-slf4j/2.0.17/jcl-over-slf4j-2.0.17.jar:/home/runner/work/ozone/ozone/hadoop-hdds/common/target/hdds-common-2.1.0-SNAPSHOT-tests.jar:/home/runner/work/ozone/ozone/hadoop-hdds/config/target/hdds-config-2.1.0-SNAPSHOT.jar:/home/runner/work/ozone/ozone/hadoop-hdds/container-service/target/hdds-container-service-2.1.0-SNAPSHOT.jar:/home/runner/.m2/repository/io/netty/netty-buffer/4.1.119.Final/netty-buffer-4.1.119.Final.jar:/home/runner/.m2/repository/io/netty/netty-codec/4.1.119.Final/netty-codec-4.1.119.Final.jar:/home/runner/.m2/repository/io/netty/netty-common/4.1.119.Final/netty-common-4.1.119.Final.jar:/home/runner/.m2/repository/io/netty/netty-transport/4.1.119.Final/netty-transport-4.1.119.Final.jar:/home/runner/.m2/repository/org/apache/logging/log4j/log4j-api/2.25.0/log4j-api-2.25.0.jar:/home/runner/.m2/repository/com/github/luben/zstd-jni/1.5.7-4/zstd-jni-1.5.7-4.jar:/home/runner/.m2/repository/log4j/apache-log4j-extras/1.2.17/apache-log4j-extras-1.2.17.jar:/home/runner/.m2/repository/org/glassfish/jaxb/jaxb-runtime/2.3.9/jaxb-runtime-2.3.9.jar:/home/runner/.m2/repository/org/glassfish/jaxb/txw2/2.3.9/txw2-2.3.9.jar:/home/runner/.m2/repository/com/sun/istack/istack-commons-runtime/3.0.12/istack-commons-runtime-3.0.12.jar:/home/runner/.m2/repository/com/sun/activation/jakarta.activation/1.2.2/jakarta.activation-1.2.2.jar:/home/runner/work/ozone/ozone/hadoop-hdds/container-service/target/hdds-container-service-2.1.0-SNAPSHOT-tests.jar:/home/runner/work/ozone/ozone/hadoop-hdds/interface-admin/target/hdds-interface-admin-2.1.0-SNAPSHOT.jar:/home/runner/work/ozone/ozone/hadoop-hdds/interface-client/target/hdds-interface-client-2.1.0-SNAPSHOT.jar:/home/runner/work/ozone/ozone/hadoop-hdds/interface-server/target/hdds-interface-server-2.1.0-SNAPSHOT.jar:/home/runner/work/ozone/ozone/hadoop-hdds/managed-rocksdb/target/hdds-managed-rocksdb-2.1.0-SNAPSHOT.jar:/home/runner/work/ozone/ozone/hadoop-hdds/rocks-native/target/hdds-rocks-native-2.1.0-SNAPSHOT.jar:/home/runner/work/ozone/ozone/hadoop-hdds/framework/target/hdds-server-framework-2.1.0-SNAPSHOT.jar:/home/runner/.m2/repository/com/github/jnr/jnr-constants/0.10.4/jnr-constants-0.10.4.jar:/home/runner/.m2/repository/com/github/jnr/jnr-posix/3.1.20/jnr-posix-3.1.20.jar:/home/runner/.m2/repository/com/github/jnr/jnr-ffi/2.2.17/jnr-ffi-2.2.17.jar:/home/runner/.m2/repository/com/github/jnr/jffi/1.3.13/jffi-1.3.13.jar:/home/runner/.m2/repository/com/github/jnr/jffi/1.3.13/jffi-1.3.13-native.jar:/home/runner/.m2/repository/org/ow2/asm/asm/9.7.1/asm-9.7.1.jar:/home/runner/.m2/repository/org/ow2/asm/asm-commons/9.7.1/asm-commons-9.7.1.jar:/home/runner/.m2/repository/org/ow2/asm/asm-analysis/9.7.1/asm-analysis-9.7.1.jar:/home/runner/.m2/repository/org/ow2/asm/asm-tree/9.7.1/asm-tree-9.7.1.jar:/home/runner/.m2/repository/org/ow2/asm/asm-util/9.7.1/asm-util-9.7.1.jar:/home/runner/.m2/repository/com/github/jnr/jnr-a64asm/1.0.0/jnr-a64asm-1.0.0.jar:/home/runner/.m2/repository/com/github/jnr/jnr-x86asm/1.0.2/jnr-x86asm-1.0.2.jar:/home/runner/.m2/repository/commons-fileupload/commons-fileupload/1.6.0/commons-fileupload-1.6.0.jar:/home/runner/.m2/repository/io/grpc/grpc-api/1.71.0/grpc-api-1.71.0.jar:/home/runner/.m2/repository/io/prometheus/simpleclient/0.16.0/simpleclient-0.16.0.jar:/home/runner/.m2/repository/io/prometheus/simpleclient_common/0.16.0/simpleclient_common-0.16.0.jar:/home/runner/.m2/repository/io/prometheus/simpleclient_dropwizard/0.16.0/simpleclient_dropwizard-0.16.0.jar:/home/runner/.m2/repository/jakarta/ws/rs/jakarta.ws.rs-api/2.1.6/jakarta.ws.rs-api-2.1.6.jar:/home/runner/.m2/repository/org/eclipse/jetty/jetty-http/9.4.58.v20250814/jetty-http-9.4.58.v20250814.jar:/home/runner/.m2/repository/org/glassfish/jersey/containers/jersey-container-servlet-core/2.47/jersey-container-servlet-core-2.47.jar:/home/runner/.m2/repository/org/glassfish/jersey/core/jersey-server/2.47/jersey-server-2.47.jar:/home/runner/.m2/repository/org/glassfish/jersey/core/jersey-client/2.47/jersey-client-2.47.jar:/home/runner/.m2/repository/com/lmax/disruptor/3.4.4/disruptor-3.4.4.jar:/home/runner/.m2/repository/org/apache/logging/log4j/log4j-core/2.25.0/log4j-core-2.25.0.jar:/home/runner/work/ozone/ozone/hadoop-hdds/framework/target/hdds-server-framework-2.1.0-SNAPSHOT-tests.jar:/home/runner/work/ozone/ozone/hadoop-hdds/server-scm/target/hdds-server-scm-2.1.0-SNAPSHOT.jar:/home/runner/work/ozone/ozone/hadoop-hdds/server-scm/target/hdds-server-scm-2.1.0-SNAPSHOT-tests.jar:/home/runner/work/ozone/ozone/hadoop-hdds/test-utils/target/hdds-test-utils-2.1.0-SNAPSHOT-tests.jar:/home/runner/work/ozone/ozone/hadoop-ozone/cli-admin/target/ozone-cli-admin-2.1.0-SNAPSHOT.jar:/home/runner/work/ozone/ozone/hadoop-ozone/cli-shell/target/ozone-cli-shell-2.1.0-SNAPSHOT.jar:/home/runner/.m2/repository/info/picocli/picocli-shell-jline3/4.7.7/picocli-shell-jline3-4.7.7.jar:/home/runner/.m2/repository/org/jline/jline/3.30.6/jline-3.30.6.jar:/home/runner/work/ozone/ozone/hadoop-ozone/client/target/ozone-client-2.1.0-SNAPSHOT.jar:/home/runner/work/ozone/ozone/hadoop-ozone/common/target/ozone-common-2.1.0-SNAPSHOT.jar:/home/runner/.m2/repository/io/grpc/grpc-netty/1.71.0/grpc-netty-1.71.0.jar:/home/runner/.m2/repository/org/codehaus/mojo/animal-sniffer-annotations/1.24/animal-sniffer-annotations-1.24.jar:/home/runner/.m2/repository/io/grpc/grpc-core/1.71.0/grpc-core-1.71.0.jar:/home/runner/.m2/repository/com/google/android/annotations/4.1.1.4/annotations-4.1.1.4.jar:/home/runner/.m2/repository/io/grpc/grpc-context/1.71.0/grpc-context-1.71.0.jar:/home/runner/.m2/repository/io/perfmark/perfmark-api/0.27.0/perfmark-api-0.27.0.jar:/home/runner/.m2/repository/io/grpc/grpc-util/1.71.0/grpc-util-1.71.0.jar:/home/runner/.m2/repository/io/netty/netty-codec-http2/4.1.119.Final/netty-codec-http2-4.1.119.Final.jar:/home/runner/.m2/repository/io/netty/netty-handler-proxy/4.1.119.Final/netty-handler-proxy-4.1.119.Final.jar:/home/runner/.m2/repository/io/netty/netty-tcnative-boringssl-static/2.0.70.Final/netty-tcnative-boringssl-static-2.0.70.Final.jar:/home/runner/.m2/repository/io/netty/netty-tcnative-classes/2.0.70.Final/netty-tcnative-classes-2.0.70.Final.jar:/home/runner/.m2/repository/io/netty/netty-tcnative-boringssl-static/2.0.70.Final/netty-tcnative-boringssl-static-2.0.70.Final-linux-x86_64.jar:/home/runner/.m2/repository/io/netty/netty-tcnative-boringssl-static/2.0.70.Final/netty-tcnative-boringssl-static-2.0.70.Final-linux-aarch_64.jar:/home/runner/.m2/repository/io/netty/netty-tcnative-boringssl-static/2.0.70.Final/netty-tcnative-boringssl-static-2.0.70.Final-osx-x86_64.jar:/home/runner/.m2/repository/io/netty/netty-tcnative-boringssl-static/2.0.70.Final/netty-tcnative-boringssl-static-2.0.70.Final-osx-aarch_64.jar:/home/runner/.m2/repository/io/netty/netty-tcnative-boringssl-static/2.0.70.Final/netty-tcnative-boringssl-static-2.0.70.Final-windows-x86_64.jar:/home/runner/work/ozone/ozone/hadoop-ozone/csi/target/ozone-csi-2.1.0-SNAPSHOT.jar:/home/runner/.m2/repository/io/grpc/grpc-protobuf/1.71.0/grpc-protobuf-1.71.0.jar:/home/runner/.m2/repository/com/google/api/grpc/proto-google-common-protos/2.51.0/proto-google-common-protos-2.51.0.jar:/home/runner/.m2/repository/io/grpc/grpc-protobuf-lite/1.71.0/grpc-protobuf-lite-1.71.0.jar:/home/runner/.m2/repository/io/grpc/grpc-stub/1.71.0/grpc-stub-1.71.0.jar:/home/runner/.m2/repository/io/netty/netty-transport-classes-epoll/4.1.119.Final/netty-transport-classes-epoll-4.1.119.Final.jar:/home/runner/.m2/repository/io/netty/netty-transport-native-unix-common/4.1.119.Final/netty-transport-native-unix-common-4.1.119.Final.jar:/home/runner/.m2/repository/io/netty/netty-transport-native-epoll/4.1.119.Final/netty-transport-native-epoll-4.1.119.Final-linux-x86_64.jar:/home/runner/work/ozone/ozone/hadoop-ozone/ozonefs/target/ozone-filesystem-2.1.0-SNAPSHOT.jar:/home/runner/work/ozone/ozone/hadoop-ozone/ozonefs-common/target/ozone-filesystem-common-2.1.0-SNAPSHOT.jar:/home/runner/work/ozone/ozone/hadoop-ozone/freon/target/ozone-freon-2.1.0-SNAPSHOT.jar:/home/runner/.m2/repository/com/amazonaws/aws-java-sdk-core/1.12.788/aws-java-sdk-core-1.12.788.jar:/home/runner/.m2/repository/com/fasterxml/jackson/dataformat/jackson-dataformat-cbor/2.16.2/jackson-dataformat-cbor-2.16.2.jar:/home/runner/.m2/repository/joda-time/joda-time/2.12.7/joda-time-2.12.7.jar:/home/runner/.m2/repository/com/amazonaws/aws-java-sdk-s3/1.12.788/aws-java-sdk-s3-1.12.788.jar:/home/runner/.m2/repository/com/amazonaws/aws-java-sdk-kms/1.12.788/aws-java-sdk-kms-1.12.788.jar:/home/runner/.m2/repository/com/amazonaws/jmespath-java/1.12.788/jmespath-java-1.12.788.jar:/home/runner/work/ozone/ozone/hadoop-ozone/interface-client/target/ozone-interface-client-2.1.0-SNAPSHOT.jar:/home/runner/work/ozone/ozone/hadoop-ozone/interface-storage/target/ozone-interface-storage-2.1.0-SNAPSHOT.jar:/home/runner/work/ozone/ozone/hadoop-ozone/ozone-manager/target/ozone-manager-2.1.0-SNAPSHOT.jar:/home/runner/.m2/repository/org/apache/commons/commons-pool2/2.12.1/commons-pool2-2.12.1.jar:/home/runner/.m2/repository/org/aspectj/aspectjrt/1.9.24/aspectjrt-1.9.24.jar:/home/runner/work/ozone/ozone/hadoop-ozone/ozone-manager/target/ozone-manager-2.1.0-SNAPSHOT-tests.jar:/home/runner/work/ozone/ozone/hadoop-ozone/mini-cluster/target/ozone-mini-cluster-2.1.0-SNAPSHOT.jar:/home/runner/work/ozone/ozone/hadoop-ozone/multitenancy-ranger/target/ozone-multitenancy-ranger-2.1.0-SNAPSHOT.jar:/home/runner/.m2/repository/com/sun/jersey/jersey-client/1.19.4/jersey-client-1.19.4.jar:/home/runner/.m2/repository/org/apache/ranger/ranger-plugins-common/2.6.0/ranger-plugins-common-2.6.0.jar:/home/runner/.m2/repository/com/fasterxml/jackson/jaxrs/jackson-jaxrs-base/2.16.2/jackson-jaxrs-base-2.16.2.jar:/home/runner/.m2/repository/com/kstruct/gethostname4j/1.0.0/gethostname4j-1.0.0.jar:/home/runner/.m2/repository/commons-lang/commons-lang/2.6/commons-lang-2.6.jar:/home/runner/.m2/repository/net/java/dev/jna/jna/5.2.0/jna-5.2.0.jar:/home/runner/.m2/repository/net/java/dev/jna/jna-platform/5.2.0/jna-platform-5.2.0.jar:/home/runner/.m2/repository/org/apache/ranger/ranger-plugin-classloader/2.6.0/ranger-plugin-classloader-2.6.0.jar:/home/runner/.m2/repository/org/apache/ranger/ranger-plugins-audit/2.6.0/ranger-plugins-audit-2.6.0.jar:/home/runner/.m2/repository/com/amazonaws/aws-java-sdk-logs/1.12.765/aws-java-sdk-logs-1.12.765.jar:/home/runner/.m2/repository/com/carrotsearch/hppc/0.8.0/hppc-0.8.0.jar:/home/runner/.m2/repository/io/airlift/aircompressor/0.27/aircompressor-0.27.jar:/home/runner/.m2/repository/org/apache/httpcomponents/httpasyncclient/4.1.4/httpasyncclient-4.1.4.jar:/home/runner/.m2/repository/org/apache/httpcomponents/httpcore-nio/4.4.16/httpcore-nio-4.4.16.jar:/home/runner/.m2/repository/org/apache/httpcomponents/httpmime/4.5.13/httpmime-4.5.13.jar:/home/runner/.m2/repository/org/apache/orc/orc-core/1.5.8/orc-core-1.5.8.jar:/home/runner/.m2/repository/org/apache/orc/orc-shims/1.5.8/orc-shims-1.5.8.jar:/home/runner/.m2/repository/org/apache/ranger/ranger-plugins-cred/2.6.0/ranger-plugins-cred-2.6.0.jar:/home/runner/work/ozone/ozone/hadoop-ozone/recon/target/ozone-recon-2.1.0-SNAPSHOT.jar:/home/runner/.m2/repository/aopalliance/aopalliance/1.0/aopalliance-1.0.jar:/home/runner/.m2/repository/com/google/inject/guice/6.0.0/guice-6.0.0.jar:/home/runner/.m2/repository/jakarta/inject/jakarta.inject-api/2.0.1/jakarta.inject-api-2.0.1.jar:/home/runner/.m2/repository/com/jolbox/bonecp/0.8.0.RELEASE/bonecp-0.8.0.RELEASE.jar:/home/runner/.m2/repository/jakarta/validation/jakarta.validation-api/2.0.2/jakarta.validation-api-2.0.2.jar:/home/runner/.m2/repository/javax/annotation/javax.annotation-api/1.3.2/javax.annotation-api-1.3.2.jar:/home/runner/.m2/repository/javax/inject/javax.inject/1/javax.inject-1.jar:/home/runner/.m2/repository/org/apache/derby/derby/10.14.2.0/derby-10.14.2.0.jar:/home/runner/.m2/repository/org/glassfish/hk2/guice-bridge/2.6.1/guice-bridge-2.6.1.jar:/home/runner/.m2/repository/org/glassfish/hk2/hk2-api/2.6.1/hk2-api-2.6.1.jar:/home/runner/.m2/repository/org/glassfish/hk2/hk2-utils/2.6.1/hk2-utils-2.6.1.jar:/home/runner/.m2/repository/org/glassfish/hk2/external/aopalliance-repackaged/2.6.1/aopalliance-repackaged-2.6.1.jar:/home/runner/.m2/repository/org/glassfish/jersey/core/jersey-common/2.47/jersey-common-2.47.jar:/home/runner/.m2/repository/org/glassfish/hk2/osgi-resource-locator/1.0.3/osgi-resource-locator-1.0.3.jar:/home/runner/.m2/repository/org/jooq/jooq/3.11.10/jooq-3.11.10.jar:/home/runner/.m2/repository/org/springframework/spring-core/5.3.39/spring-core-5.3.39.jar:/home/runner/.m2/repository/org/springframework/spring-jdbc/5.3.39/spring-jdbc-5.3.39.jar:/home/runner/.m2/repository/org/springframework/spring-beans/5.3.39/spring-beans-5.3.39.jar:/home/runner/.m2/repository/org/springframework/spring-tx/5.3.39/spring-tx-5.3.39.jar:/home/runner/.m2/repository/org/xerial/sqlite-jdbc/3.50.3.0/sqlite-jdbc-3.50.3.0.jar:/home/runner/.m2/repository/com/google/inject/extensions/guice-assistedinject/6.0.0/guice-assistedinject-6.0.0.jar:/home/runner/.m2/repository/org/glassfish/hk2/external/jakarta.inject/2.6.1/jakarta.inject-2.6.1.jar:/home/runner/.m2/repository/org/glassfish/jersey/inject/jersey-hk2/2.47/jersey-hk2-2.47.jar:/home/runner/.m2/repository/org/glassfish/hk2/hk2-locator/2.6.1/hk2-locator-2.6.1.jar:/home/runner/.m2/repository/org/glassfish/jersey/media/jersey-media-jaxb/2.47/jersey-media-jaxb-2.47.jar:/home/runner/.m2/repository/org/glassfish/jersey/media/jersey-media-json-jackson/2.47/jersey-media-json-jackson-2.47.jar:/home/runner/.m2/repository/org/glassfish/jersey/ext/jersey-entity-filtering/2.47/jersey-entity-filtering-2.47.jar:/home/runner/work/ozone/ozone/hadoop-ozone/recon-codegen/target/ozone-reconcodegen-2.1.0-SNAPSHOT.jar:/home/runner/.m2/repository/org/jooq/jooq-codegen/3.11.10/jooq-codegen-3.11.10.jar:/home/runner/.m2/repository/org/jooq/jooq-meta/3.11.10/jooq-meta-3.11.10.jar:/home/runner/work/ozone/ozone/hadoop-ozone/s3gateway/target/ozone-s3gateway-2.1.0-SNAPSHOT.jar:/home/runner/work/ozone/ozone/hadoop-ozone/tools/target/ozone-tools-2.1.0-SNAPSHOT.jar:/home/runner/.m2/repository/com/github/vlsi/mxgraph/jgraphx/3.9.12/jgraphx-3.9.12.jar:/home/runner/.m2/repository/org/apache/ratis/ratis-shell/3.2.0/ratis-shell-3.2.0.jar:/home/runner/.m2/repository/org/apache/ratis/ratis-tools/3.2.0/ratis-tools-3.2.0.jar:/home/runner/.m2/repository/org/jgrapht/jgrapht-core/1.4.0/jgrapht-core-1.4.0.jar:/home/runner/.m2/repository/org/jheaps/jheaps/0.11/jheaps-0.11.jar:/home/runner/.m2/repository/org/jgrapht/jgrapht-ext/1.4.0/jgrapht-ext-1.4.0.jar:/home/runner/work/ozone/ozone/hadoop-hdds/rocksdb-checkpoint-differ/target/rocksdb-checkpoint-differ-2.1.0-SNAPSHOT.jar:/home/runner/.m2/repository/org/apache/ranger/ranger-intg/2.6.0/ranger-intg-2.6.0.jar:/home/runner/.m2/repository/org/apache/ratis/ratis-client/3.2.0/ratis-client-3.2.0.jar:/home/runner/.m2/repository/org/apache/ratis/ratis-common/3.2.0/ratis-common-3.2.0.jar:/home/runner/.m2/repository/org/apache/ratis/ratis-grpc/3.2.0/ratis-grpc-3.2.0.jar:/home/runner/.m2/repository/org/apache/ratis/ratis-metrics-api/3.2.0/ratis-metrics-api-3.2.0.jar:/home/runner/.m2/repository/org/apache/ratis/ratis-proto/3.2.0/ratis-proto-3.2.0.jar:/home/runner/.m2/repository/org/apache/ratis/ratis-server/3.2.0/ratis-server-3.2.0.jar:/home/runner/.m2/repository/org/apache/ratis/ratis-server-api/3.2.0/ratis-server-api-3.2.0.jar:/home/runner/.m2/repository/org/apache/ratis/ratis-thirdparty-misc/1.0.9/ratis-thirdparty-misc-1.0.9.jar:/home/runner/.m2/repository/org/bouncycastle/bcpkix-jdk18on/1.81/bcpkix-jdk18on-1.81.jar:/home/runner/.m2/repository/org/bouncycastle/bcutil-jdk18on/1.81/bcutil-jdk18on-1.81.jar:/home/runner/.m2/repository/org/hamcrest/hamcrest/2.2/hamcrest-2.2.jar:/home/runner/.m2/repository/org/reflections/reflections/0.10.2/reflections-0.10.2.jar:/home/runner/.m2/repository/org/javassist/javassist/3.30.2-GA/javassist-3.30.2-GA.jar:/home/runner/.m2/repository/org/rocksdb/rocksdbjni/7.7.3/rocksdbjni-7.7.3.jar:/home/runner/.m2/repository/org/slf4j/jul-to-slf4j/2.0.17/jul-to-slf4j-2.0.17.jar:/home/runner/.m2/repository/org/slf4j/slf4j-api/2.0.17/slf4j-api-2.0.17.jar:/home/runner/.m2/repository/org/assertj/assertj-core/3.27.5/assertj-core-3.27.5.jar:/home/runner/.m2/repository/net/bytebuddy/byte-buddy/1.17.7/byte-buddy-1.17.7.jar:/home/runner/.m2/repository/org/junit/jupiter/junit-jupiter-api/5.13.4/junit-jupiter-api-5.13.4.jar:/home/runner/.m2/repository/org/opentest4j/opentest4j/1.3.0/opentest4j-1.3.0.jar:/home/runner/.m2/repository/org/junit/platform/junit-platform-commons/1.13.4/junit-platform-commons-1.13.4.jar:/home/runner/.m2/repository/org/apiguardian/apiguardian-api/1.1.2/apiguardian-api-1.1.2.jar:/home/runner/.m2/repository/org/junit/jupiter/junit-jupiter-params/5.13.4/junit-jupiter-params-5.13.4.jar:/home/runner/.m2/repository/org/mockito/mockito-core/4.11.0/mockito-core-4.11.0.jar:/home/runner/.m2/repository/net/bytebuddy/byte-buddy-agent/1.12.19/byte-buddy-agent-1.12.19.jar:/home/runner/.m2/repository/org/objenesis/objenesis/3.3/objenesis-3.3.jar:/home/runner/.m2/repository/org/mockito/mockito-inline/4.11.0/mockito-inline-4.11.0.jar:/home/runner/.m2/repository/org/mockito/mockito-junit-jupiter/4.11.0/mockito-junit-jupiter-4.11.0.jar:/home/runner/work/ozone/ozone/hadoop-ozone/integration-test/target/gradle-enterprise/test-listeners.jar:"/>
    <property name="java.vm.vendor" value="Eclipse Adoptium"/>
    <property name="sun.arch.data.model" value="64"/>
    <property name="test.build.dir" value="/home/runner/work/ozone/ozone/hadoop-ozone/integration-test/target/test-dir"/>
    <property name="test.cache.data" value=""/>
    <property name="java.vendor.url" value="https://adoptium.net/"/>
    <property name="user.timezone" value="Etc/UTC"/>
    <property name="maven-surefire-plugin.argLineAccessArgs" value=" --add-opens java.management/com.sun.jmx.mbeanserver=ALL-UNNAMED --add-exports java.management/com.sun.jmx.mbeanserver=ALL-UNNAMED --add-opens java.base/java.nio=ALL-UNNAMED --add-opens java.base/java.lang=ALL-UNNAMED --add-opens java.base/java.lang.reflect=ALL-UNNAMED"/>
    <property name="os.name" value="Linux"/>
    <property name="java.vm.specification.version" value="21"/>
    <property name="test.build.data" value="/home/runner/work/ozone/ozone/hadoop-ozone/integration-test/target/test-dir"/>
    <property name="sun.java.launcher" value="SUN_STANDARD"/>
    <property name="sun.boot.library.path" value="/usr/lib/jvm/temurin-21-jdk-amd64/lib"/>
    <property name="sun.java.command" value="/home/runner/work/ozone/ozone/hadoop-ozone/integration-test/target/surefire/surefirebooter-20250927085511666_1595.jar /home/runner/work/ozone/ozone/hadoop-ozone/integration-test/target/surefire 2025-09-27T08-37-47_684-jvmRun1 surefire-20250927085511666_1593tmp surefire_223-20250927085511666_1594tmp"/>
    <property name="jdk.debug" value="release"/>
    <property name="native.lib.tmp.dir" value="/tmp"/>
    <property name="surefire.test.class.path" value="/home/runner/work/ozone/ozone/hadoop-ozone/integration-test/target/test-classes:/home/runner/work/ozone/ozone/hadoop-ozone/integration-test/target/classes:/home/runner/.m2/repository/ch/qos/reload4j/reload4j/1.2.26/reload4j-1.2.26.jar:/home/runner/.m2/repository/com/fasterxml/jackson/core/jackson-core/2.16.2/jackson-core-2.16.2.jar:/home/runner/.m2/repository/com/fasterxml/jackson/core/jackson-databind/2.16.2/jackson-databind-2.16.2.jar:/home/runner/.m2/repository/com/fasterxml/jackson/core/jackson-annotations/2.16.2/jackson-annotations-2.16.2.jar:/home/runner/.m2/repository/com/github/stephenc/jcip/jcip-annotations/1.0-1/jcip-annotations-1.0-1.jar:/home/runner/.m2/repository/com/google/guava/guava/33.5.0-jre/guava-33.5.0-jre.jar:/home/runner/.m2/repository/com/google/guava/failureaccess/1.0.3/failureaccess-1.0.3.jar:/home/runner/.m2/repository/com/google/guava/listenablefuture/9999.0-empty-to-avoid-conflict-with-guava/listenablefuture-9999.0-empty-to-avoid-conflict-with-guava.jar:/home/runner/.m2/repository/org/jspecify/jspecify/1.0.0/jspecify-1.0.0.jar:/home/runner/.m2/repository/com/google/errorprone/error_prone_annotations/2.29.2/error_prone_annotations-2.29.2.jar:/home/runner/.m2/repository/com/google/j2objc/j2objc-annotations/3.1/j2objc-annotations-3.1.jar:/home/runner/.m2/repository/com/google/protobuf/protobuf-java/2.5.0/protobuf-java-2.5.0.jar:/home/runner/.m2/repository/com/squareup/okhttp3/okhttp/4.12.0/okhttp-4.12.0.jar:/home/runner/.m2/repository/com/squareup/okio/okio/3.6.0/okio-3.6.0.jar:/home/runner/.m2/repository/com/squareup/okio/okio-jvm/3.6.0/okio-jvm-3.6.0.jar:/home/runner/.m2/repository/org/jetbrains/kotlin/kotlin-stdlib-common/1.9.25/kotlin-stdlib-common-1.9.25.jar:/home/runner/.m2/repository/org/jetbrains/kotlin/kotlin-stdlib-jdk8/1.9.25/kotlin-stdlib-jdk8-1.9.25.jar:/home/runner/.m2/repository/org/jetbrains/kotlin/kotlin-stdlib/1.9.25/kotlin-stdlib-1.9.25.jar:/home/runner/.m2/repository/org/jetbrains/annotations/13.0/annotations-13.0.jar:/home/runner/.m2/repository/org/jetbrains/kotlin/kotlin-stdlib-jdk7/1.9.25/kotlin-stdlib-jdk7-1.9.25.jar:/home/runner/.m2/repository/commons-codec/commons-codec/1.18.0/commons-codec-1.18.0.jar:/home/runner/.m2/repository/commons-io/commons-io/2.18.0/commons-io-2.18.0.jar:/home/runner/.m2/repository/commons-validator/commons-validator/1.10.0/commons-validator-1.10.0.jar:/home/runner/.m2/repository/commons-beanutils/commons-beanutils/1.11.0/commons-beanutils-1.11.0.jar:/home/runner/.m2/repository/commons-digester/commons-digester/2.1/commons-digester-2.1.jar:/home/runner/.m2/repository/commons-collections/commons-collections/3.2.2/commons-collections-3.2.2.jar:/home/runner/.m2/repository/info/picocli/picocli/4.7.7/picocli-4.7.7.jar:/home/runner/.m2/repository/jakarta/annotation/jakarta.annotation-api/2.1.1/jakarta.annotation-api-2.1.1.jar:/home/runner/.m2/repository/jakarta/xml/bind/jakarta.xml.bind-api/2.3.3/jakarta.xml.bind-api-2.3.3.jar:/home/runner/.m2/repository/jakarta/activation/jakarta.activation-api/1.2.2/jakarta.activation-api-1.2.2.jar:/home/runner/.m2/repository/javax/servlet/javax.servlet-api/3.1.0/javax.servlet-api-3.1.0.jar:/home/runner/.m2/repository/javax/ws/rs/jsr311-api/1.1.1/jsr311-api-1.1.1.jar:/home/runner/.m2/repository/org/apache/commons/commons-compress/1.27.1/commons-compress-1.27.1.jar:/home/runner/.m2/repository/org/apache/commons/commons-lang3/3.18.0/commons-lang3-3.18.0.jar:/home/runner/.m2/repository/org/apache/commons/commons-text/1.13.1/commons-text-1.13.1.jar:/home/runner/.m2/repository/org/apache/hadoop/hadoop-auth/3.4.1/hadoop-auth-3.4.1.jar:/home/runner/.m2/repository/com/nimbusds/nimbus-jose-jwt/10.4/nimbus-jose-jwt-10.4.jar:/home/runner/.m2/repository/io/dropwizard/metrics/metrics-core/3.2.6/metrics-core-3.2.6.jar:/home/runner/.m2/repository/org/apache/kerby/kerb-core/1.0.1/kerb-core-1.0.1.jar:/home/runner/.m2/repository/org/apache/kerby/kerby-pkix/1.0.1/kerby-pkix-1.0.1.jar:/home/runner/.m2/repository/org/apache/kerby/kerby-asn1/1.0.1/kerby-asn1-1.0.1.jar:/home/runner/.m2/repository/org/apache/kerby/kerb-util/1.0.1/kerb-util-1.0.1.jar:/home/runner/.m2/repository/org/apache/kerby/kerby-config/1.0.1/kerby-config-1.0.1.jar:/home/runner/.m2/repository/org/apache/kerby/kerb-crypto/1.0.1/kerb-crypto-1.0.1.jar:/home/runner/.m2/repository/org/apache/hadoop/thirdparty/hadoop-shaded-guava/1.3.0/hadoop-shaded-guava-1.3.0.jar:/home/runner/.m2/repository/org/apache/hadoop/hadoop-common/3.4.1/hadoop-common-3.4.1.jar:/home/runner/.m2/repository/org/apache/hadoop/thirdparty/hadoop-shaded-protobuf_3_25/1.4.0/hadoop-shaded-protobuf_3_25-1.4.0.jar:/home/runner/.m2/repository/org/apache/hadoop/hadoop-annotations/3.4.1/hadoop-annotations-3.4.1.jar:/home/runner/.m2/repository/commons-cli/commons-cli/1.8.0/commons-cli-1.8.0.jar:/home/runner/.m2/repository/commons-net/commons-net/3.11.1/commons-net-3.11.1.jar:/home/runner/.m2/repository/org/eclipse/jetty/jetty-server/9.4.58.v20250814/jetty-server-9.4.58.v20250814.jar:/home/runner/.m2/repository/org/eclipse/jetty/jetty-io/9.4.58.v20250814/jetty-io-9.4.58.v20250814.jar:/home/runner/.m2/repository/org/eclipse/jetty/jetty-util/9.4.58.v20250814/jetty-util-9.4.58.v20250814.jar:/home/runner/.m2/repository/org/eclipse/jetty/jetty-servlet/9.4.58.v20250814/jetty-servlet-9.4.58.v20250814.jar:/home/runner/.m2/repository/org/eclipse/jetty/jetty-security/9.4.58.v20250814/jetty-security-9.4.58.v20250814.jar:/home/runner/.m2/repository/org/eclipse/jetty/jetty-webapp/9.4.58.v20250814/jetty-webapp-9.4.58.v20250814.jar:/home/runner/.m2/repository/org/eclipse/jetty/jetty-xml/9.4.58.v20250814/jetty-xml-9.4.58.v20250814.jar:/home/runner/.m2/repository/javax/servlet/jsp/jsp-api/2.1/jsp-api-2.1.jar:/home/runner/.m2/repository/org/codehaus/jettison/jettison/1.5.4/jettison-1.5.4.jar:/home/runner/.m2/repository/org/apache/commons/commons-configuration2/2.12.0/commons-configuration2-2.12.0.jar:/home/runner/.m2/repository/com/google/re2j/re2j/1.7/re2j-1.7.jar:/home/runner/.m2/repository/com/google/code/gson/gson/2.13.1/gson-2.13.1.jar:/home/runner/.m2/repository/com/jcraft/jsch/0.1.55/jsch-0.1.55.jar:/home/runner/.m2/repository/io/netty/netty-handler/4.1.119.Final/netty-handler-4.1.119.Final.jar:/home/runner/.m2/repository/io/netty/netty-resolver/4.1.119.Final/netty-resolver-4.1.119.Final.jar:/home/runner/.m2/repository/io/netty/netty-transport-native-epoll/4.1.119.Final/netty-transport-native-epoll-4.1.119.Final.jar:/home/runner/.m2/repository/org/bouncycastle/bcprov-jdk18on/1.81/bcprov-jdk18on-1.81.jar:/home/runner/.m2/repository/org/codehaus/woodstox/stax2-api/4.2.1/stax2-api-4.2.1.jar:/home/runner/.m2/repository/com/fasterxml/woodstox/woodstox-core/5.4.0/woodstox-core-5.4.0.jar:/home/runner/.m2/repository/dnsjava/dnsjava/3.6.1/dnsjava-3.6.1.jar:/home/runner/.m2/repository/org/apache/hadoop/hadoop-common/3.4.1/hadoop-common-3.4.1-tests.jar:/home/runner/.m2/repository/org/apache/commons/commons-math3/3.6.1/commons-math3-3.6.1.jar:/home/runner/.m2/repository/com/sun/jersey/jersey-core/1.19.4/jersey-core-1.19.4.jar:/home/runner/.m2/repository/com/sun/jersey/jersey-servlet/1.19.4/jersey-servlet-1.19.4.jar:/home/runner/.m2/repository/com/github/pjfanning/jersey-json/1.22.0/jersey-json-1.22.0.jar:/home/runner/.m2/repository/com/sun/xml/bind/jaxb-impl/2.2.3-1/jaxb-impl-2.2.3-1.jar:/home/runner/.m2/repository/com/sun/jersey/jersey-server/1.19.4/jersey-server-1.19.4.jar:/home/runner/.m2/repository/org/slf4j/slf4j-reload4j/2.0.17/slf4j-reload4j-2.0.17.jar:/home/runner/.m2/repository/org/apache/avro/avro/1.9.2/avro-1.9.2.jar:/home/runner/.m2/repository/org/apache/curator/curator-client/4.2.0/curator-client-4.2.0.jar:/home/runner/.m2/repository/org/apache/curator/curator-recipes/5.2.0/curator-recipes-5.2.0.jar:/home/runner/.m2/repository/org/apache/curator/curator-framework/4.2.0/curator-framework-4.2.0.jar:/home/runner/.m2/repository/com/google/code/findbugs/jsr305/3.0.2/jsr305-3.0.2.jar:/home/runner/.m2/repository/org/apache/zookeeper/zookeeper/3.8.4/zookeeper-3.8.4.jar:/home/runner/.m2/repository/org/apache/zookeeper/zookeeper-jute/3.8.4/zookeeper-jute-3.8.4.jar:/home/runner/.m2/repository/org/apache/yetus/audience-annotations/0.12.0/audience-annotations-0.12.0.jar:/home/runner/.m2/repository/org/xerial/snappy/snappy-java/1.1.10.8/snappy-java-1.1.10.8.jar:/home/runner/.m2/repository/org/apache/hadoop/hadoop-distcp/3.4.1/hadoop-distcp-3.4.1.jar:/home/runner/.m2/repository/org/apache/hadoop/hadoop-distcp/3.4.1/hadoop-distcp-3.4.1-tests.jar:/home/runner/.m2/repository/org/apache/hadoop/hadoop-hdfs/3.4.1/hadoop-hdfs-3.4.1.jar:/home/runner/.m2/repository/org/eclipse/jetty/jetty-util-ajax/9.4.58.v20250814/jetty-util-ajax-9.4.58.v20250814.jar:/home/runner/.m2/repository/commons-daemon/commons-daemon/1.4.0/commons-daemon-1.4.0.jar:/home/runner/.m2/repository/org/apache/hadoop/hadoop-hdfs/3.4.1/hadoop-hdfs-3.4.1-tests.jar:/home/runner/.m2/repository/io/netty/netty-all/4.1.119.Final/netty-all-4.1.119.Final.jar:/home/runner/.m2/repository/io/netty/netty-codec-dns/4.1.119.Final/netty-codec-dns-4.1.119.Final.jar:/home/runner/.m2/repository/io/netty/netty-codec-haproxy/4.1.119.Final/netty-codec-haproxy-4.1.119.Final.jar:/home/runner/.m2/repository/io/netty/netty-codec-http/4.1.119.Final/netty-codec-http-4.1.119.Final.jar:/home/runner/.m2/repository/io/netty/netty-codec-memcache/4.1.119.Final/netty-codec-memcache-4.1.119.Final.jar:/home/runner/.m2/repository/io/netty/netty-codec-mqtt/4.1.119.Final/netty-codec-mqtt-4.1.119.Final.jar:/home/runner/.m2/repository/io/netty/netty-codec-redis/4.1.119.Final/netty-codec-redis-4.1.119.Final.jar:/home/runner/.m2/repository/io/netty/netty-codec-smtp/4.1.119.Final/netty-codec-smtp-4.1.119.Final.jar:/home/runner/.m2/repository/io/netty/netty-codec-socks/4.1.119.Final/netty-codec-socks-4.1.119.Final.jar:/home/runner/.m2/repository/io/netty/netty-codec-stomp/4.1.119.Final/netty-codec-stomp-4.1.119.Final.jar:/home/runner/.m2/repository/io/netty/netty-codec-xml/4.1.119.Final/netty-codec-xml-4.1.119.Final.jar:/home/runner/.m2/repository/io/netty/netty-handler-ssl-ocsp/4.1.119.Final/netty-handler-ssl-ocsp-4.1.119.Final.jar:/home/runner/.m2/repository/io/netty/netty-resolver-dns/4.1.119.Final/netty-resolver-dns-4.1.119.Final.jar:/home/runner/.m2/repository/io/netty/netty-transport-rxtx/4.1.119.Final/netty-transport-rxtx-4.1.119.Final.jar:/home/runner/.m2/repository/io/netty/netty-transport-sctp/4.1.119.Final/netty-transport-sctp-4.1.119.Final.jar:/home/runner/.m2/repository/io/netty/netty-transport-udt/4.1.119.Final/netty-transport-udt-4.1.119.Final.jar:/home/runner/.m2/repository/io/netty/netty-transport-classes-kqueue/4.1.119.Final/netty-transport-classes-kqueue-4.1.119.Final.jar:/home/runner/.m2/repository/io/netty/netty-resolver-dns-classes-macos/4.1.119.Final/netty-resolver-dns-classes-macos-4.1.119.Final.jar:/home/runner/.m2/repository/io/netty/netty-transport-native-epoll/4.1.119.Final/netty-transport-native-epoll-4.1.119.Final-linux-aarch_64.jar:/home/runner/.m2/repository/io/netty/netty-transport-native-epoll/4.1.119.Final/netty-transport-native-epoll-4.1.119.Final-linux-riscv64.jar:/home/runner/.m2/repository/io/netty/netty-transport-native-kqueue/4.1.119.Final/netty-transport-native-kqueue-4.1.119.Final-osx-x86_64.jar:/home/runner/.m2/repository/io/netty/netty-transport-native-kqueue/4.1.119.Final/netty-transport-native-kqueue-4.1.119.Final-osx-aarch_64.jar:/home/runner/.m2/repository/io/netty/netty-resolver-dns-native-macos/4.1.119.Final/netty-resolver-dns-native-macos-4.1.119.Final-osx-x86_64.jar:/home/runner/.m2/repository/io/netty/netty-resolver-dns-native-macos/4.1.119.Final/netty-resolver-dns-native-macos-4.1.119.Final-osx-aarch_64.jar:/home/runner/.m2/repository/org/fusesource/leveldbjni/leveldbjni-all/1.8/leveldbjni-all-1.8.jar:/home/runner/.m2/repository/org/apache/hadoop/hadoop-hdfs-client/3.4.1/hadoop-hdfs-client-3.4.1.jar:/home/runner/.m2/repository/org/apache/hadoop/hadoop-kms/3.4.1/hadoop-kms-3.4.1.jar:/home/runner/.m2/repository/org/apache/hadoop/hadoop-kms/3.4.1/hadoop-kms-3.4.1-tests.jar:/home/runner/.m2/repository/org/apache/hadoop/hadoop-mapreduce-client-core/3.4.1/hadoop-mapreduce-client-core-3.4.1.jar:/home/runner/.m2/repository/org/apache/hadoop/hadoop-yarn-client/3.4.1/hadoop-yarn-client-3.4.1.jar:/home/runner/.m2/repository/org/eclipse/jetty/websocket/websocket-client/9.4.53.v20231009/websocket-client-9.4.53.v20231009.jar:/home/runner/.m2/repository/org/eclipse/jetty/jetty-client/9.4.58.v20250814/jetty-client-9.4.58.v20250814.jar:/home/runner/.m2/repository/org/eclipse/jetty/websocket/websocket-common/9.4.53.v20231009/websocket-common-9.4.53.v20231009.jar:/home/runner/.m2/repository/org/eclipse/jetty/websocket/websocket-api/9.4.53.v20231009/websocket-api-9.4.53.v20231009.jar:/home/runner/.m2/repository/org/apache/hadoop/hadoop-yarn-api/3.4.1/hadoop-yarn-api-3.4.1.jar:/home/runner/.m2/repository/org/apache/hadoop/hadoop-yarn-common/3.4.1/hadoop-yarn-common-3.4.1.jar:/home/runner/.m2/repository/javax/xml/bind/jaxb-api/2.2.11/jaxb-api-2.2.11.jar:/home/runner/.m2/repository/com/sun/jersey/contribs/jersey-guice/1.19.4/jersey-guice-1.19.4.jar:/home/runner/.m2/repository/com/fasterxml/jackson/module/jackson-module-jaxb-annotations/2.16.2/jackson-module-jaxb-annotations-2.16.2.jar:/home/runner/.m2/repository/com/fasterxml/jackson/jaxrs/jackson-jaxrs-json-provider/2.16.2/jackson-jaxrs-json-provider-2.16.2.jar:/home/runner/.m2/repository/com/google/inject/extensions/guice-servlet/6.0.0/guice-servlet-6.0.0.jar:/home/runner/.m2/repository/org/apache/hadoop/hadoop-mapreduce-client-jobclient/3.4.1/hadoop-mapreduce-client-jobclient-3.4.1.jar:/home/runner/.m2/repository/org/apache/hadoop/hadoop-mapreduce-client-common/3.4.1/hadoop-mapreduce-client-common-3.4.1.jar:/home/runner/.m2/repository/org/apache/hadoop/hadoop-minikdc/3.4.1/hadoop-minikdc-3.4.1.jar:/home/runner/.m2/repository/org/apache/kerby/kerb-simplekdc/2.0.3/kerb-simplekdc-2.0.3.jar:/home/runner/.m2/repository/org/apache/kerby/kerb-client/2.0.3/kerb-client-2.0.3.jar:/home/runner/.m2/repository/org/apache/kerby/kerb-common/2.0.3/kerb-common-2.0.3.jar:/home/runner/.m2/repository/org/apache/kerby/token-provider/2.0.3/token-provider-2.0.3.jar:/home/runner/.m2/repository/org/apache/kerby/kerb-admin/2.0.3/kerb-admin-2.0.3.jar:/home/runner/.m2/repository/org/apache/kerby/kerb-server/2.0.3/kerb-server-2.0.3.jar:/home/runner/.m2/repository/org/apache/kerby/kerb-identity/2.0.3/kerb-identity-2.0.3.jar:/home/runner/.m2/repository/org/apache/kerby/kerby-xdr/2.0.3/kerby-xdr-2.0.3.jar:/home/runner/.m2/repository/junit/junit/4.13.2/junit-4.13.2.jar:/home/runner/.m2/repository/org/hamcrest/hamcrest-core/1.3/hamcrest-core-1.3.jar:/home/runner/.m2/repository/org/apache/httpcomponents/httpclient/4.5.14/httpclient-4.5.14.jar:/home/runner/.m2/repository/org/apache/httpcomponents/httpcore/4.4.16/httpcore-4.4.16.jar:/home/runner/.m2/repository/org/apache/kerby/kerby-util/1.0.1/kerby-util-1.0.1.jar:/home/runner/work/ozone/ozone/hadoop-hdds/client/target/hdds-client-2.1.0-SNAPSHOT.jar:/home/runner/work/ozone/ozone/hadoop-hdds/erasurecode/target/hdds-erasurecode-2.1.0-SNAPSHOT.jar:/home/runner/work/ozone/ozone/hadoop-hdds/common/target/hdds-common-2.1.0-SNAPSHOT.jar:/home/runner/.m2/repository/com/fasterxml/jackson/datatype/jackson-datatype-jsr310/2.16.2/jackson-datatype-jsr310-2.16.2.jar:/home/runner/.m2/repository/io/opentelemetry/opentelemetry-api/1.54.1/opentelemetry-api-1.54.1.jar:/home/runner/.m2/repository/io/opentelemetry/opentelemetry-context/1.54.1/opentelemetry-context-1.54.1.jar:/home/runner/.m2/repository/io/opentelemetry/opentelemetry-common/1.54.1/opentelemetry-common-1.54.1.jar:/home/runner/.m2/repository/io/opentelemetry/opentelemetry-exporter-otlp/1.54.1/opentelemetry-exporter-otlp-1.54.1.jar:/home/runner/.m2/repository/io/opentelemetry/opentelemetry-sdk-metrics/1.54.1/opentelemetry-sdk-metrics-1.54.1.jar:/home/runner/.m2/repository/io/opentelemetry/opentelemetry-sdk-logs/1.54.1/opentelemetry-sdk-logs-1.54.1.jar:/home/runner/.m2/repository/io/opentelemetry/opentelemetry-exporter-otlp-common/1.54.1/opentelemetry-exporter-otlp-common-1.54.1.jar:/home/runner/.m2/repository/io/opentelemetry/opentelemetry-exporter-common/1.54.1/opentelemetry-exporter-common-1.54.1.jar:/home/runner/.m2/repository/io/opentelemetry/opentelemetry-exporter-sender-okhttp/1.54.1/opentelemetry-exporter-sender-okhttp-1.54.1.jar:/home/runner/.m2/repository/com/squareup/okhttp3/okhttp-jvm/5.1.0/okhttp-jvm-5.1.0.jar:/home/runner/.m2/repository/io/opentelemetry/opentelemetry-sdk-extension-autoconfigure-spi/1.54.1/opentelemetry-sdk-extension-autoconfigure-spi-1.54.1.jar:/home/runner/.m2/repository/io/opentelemetry/opentelemetry-sdk/1.54.1/opentelemetry-sdk-1.54.1.jar:/home/runner/.m2/repository/io/opentelemetry/opentelemetry-sdk-common/1.54.1/opentelemetry-sdk-common-1.54.1.jar:/home/runner/.m2/repository/io/opentelemetry/opentelemetry-sdk-trace/1.54.1/opentelemetry-sdk-trace-1.54.1.jar:/home/runner/.m2/repository/org/apache/commons/commons-collections4/4.4/commons-collections4-4.4.jar:/home/runner/.m2/repository/org/apache/ratis/ratis-netty/3.2.0/ratis-netty-3.2.0.jar:/home/runner/.m2/repository/org/yaml/snakeyaml/2.0/snakeyaml-2.0.jar:/home/runner/.m2/repository/org/apache/ratis/ratis-metrics-dropwizard3/3.2.0/ratis-metrics-dropwizard3-3.2.0.jar:/home/runner/.m2/repository/org/slf4j/jcl-over-slf4j/2.0.17/jcl-over-slf4j-2.0.17.jar:/home/runner/work/ozone/ozone/hadoop-hdds/common/target/hdds-common-2.1.0-SNAPSHOT-tests.jar:/home/runner/work/ozone/ozone/hadoop-hdds/config/target/hdds-config-2.1.0-SNAPSHOT.jar:/home/runner/work/ozone/ozone/hadoop-hdds/container-service/target/hdds-container-service-2.1.0-SNAPSHOT.jar:/home/runner/.m2/repository/io/netty/netty-buffer/4.1.119.Final/netty-buffer-4.1.119.Final.jar:/home/runner/.m2/repository/io/netty/netty-codec/4.1.119.Final/netty-codec-4.1.119.Final.jar:/home/runner/.m2/repository/io/netty/netty-common/4.1.119.Final/netty-common-4.1.119.Final.jar:/home/runner/.m2/repository/io/netty/netty-transport/4.1.119.Final/netty-transport-4.1.119.Final.jar:/home/runner/.m2/repository/org/apache/logging/log4j/log4j-api/2.25.0/log4j-api-2.25.0.jar:/home/runner/.m2/repository/com/github/luben/zstd-jni/1.5.7-4/zstd-jni-1.5.7-4.jar:/home/runner/.m2/repository/log4j/apache-log4j-extras/1.2.17/apache-log4j-extras-1.2.17.jar:/home/runner/.m2/repository/org/glassfish/jaxb/jaxb-runtime/2.3.9/jaxb-runtime-2.3.9.jar:/home/runner/.m2/repository/org/glassfish/jaxb/txw2/2.3.9/txw2-2.3.9.jar:/home/runner/.m2/repository/com/sun/istack/istack-commons-runtime/3.0.12/istack-commons-runtime-3.0.12.jar:/home/runner/.m2/repository/com/sun/activation/jakarta.activation/1.2.2/jakarta.activation-1.2.2.jar:/home/runner/work/ozone/ozone/hadoop-hdds/container-service/target/hdds-container-service-2.1.0-SNAPSHOT-tests.jar:/home/runner/work/ozone/ozone/hadoop-hdds/interface-admin/target/hdds-interface-admin-2.1.0-SNAPSHOT.jar:/home/runner/work/ozone/ozone/hadoop-hdds/interface-client/target/hdds-interface-client-2.1.0-SNAPSHOT.jar:/home/runner/work/ozone/ozone/hadoop-hdds/interface-server/target/hdds-interface-server-2.1.0-SNAPSHOT.jar:/home/runner/work/ozone/ozone/hadoop-hdds/managed-rocksdb/target/hdds-managed-rocksdb-2.1.0-SNAPSHOT.jar:/home/runner/work/ozone/ozone/hadoop-hdds/rocks-native/target/hdds-rocks-native-2.1.0-SNAPSHOT.jar:/home/runner/work/ozone/ozone/hadoop-hdds/framework/target/hdds-server-framework-2.1.0-SNAPSHOT.jar:/home/runner/.m2/repository/com/github/jnr/jnr-constants/0.10.4/jnr-constants-0.10.4.jar:/home/runner/.m2/repository/com/github/jnr/jnr-posix/3.1.20/jnr-posix-3.1.20.jar:/home/runner/.m2/repository/com/github/jnr/jnr-ffi/2.2.17/jnr-ffi-2.2.17.jar:/home/runner/.m2/repository/com/github/jnr/jffi/1.3.13/jffi-1.3.13.jar:/home/runner/.m2/repository/com/github/jnr/jffi/1.3.13/jffi-1.3.13-native.jar:/home/runner/.m2/repository/org/ow2/asm/asm/9.7.1/asm-9.7.1.jar:/home/runner/.m2/repository/org/ow2/asm/asm-commons/9.7.1/asm-commons-9.7.1.jar:/home/runner/.m2/repository/org/ow2/asm/asm-analysis/9.7.1/asm-analysis-9.7.1.jar:/home/runner/.m2/repository/org/ow2/asm/asm-tree/9.7.1/asm-tree-9.7.1.jar:/home/runner/.m2/repository/org/ow2/asm/asm-util/9.7.1/asm-util-9.7.1.jar:/home/runner/.m2/repository/com/github/jnr/jnr-a64asm/1.0.0/jnr-a64asm-1.0.0.jar:/home/runner/.m2/repository/com/github/jnr/jnr-x86asm/1.0.2/jnr-x86asm-1.0.2.jar:/home/runner/.m2/repository/commons-fileupload/commons-fileupload/1.6.0/commons-fileupload-1.6.0.jar:/home/runner/.m2/repository/io/grpc/grpc-api/1.71.0/grpc-api-1.71.0.jar:/home/runner/.m2/repository/io/prometheus/simpleclient/0.16.0/simpleclient-0.16.0.jar:/home/runner/.m2/repository/io/prometheus/simpleclient_common/0.16.0/simpleclient_common-0.16.0.jar:/home/runner/.m2/repository/io/prometheus/simpleclient_dropwizard/0.16.0/simpleclient_dropwizard-0.16.0.jar:/home/runner/.m2/repository/jakarta/ws/rs/jakarta.ws.rs-api/2.1.6/jakarta.ws.rs-api-2.1.6.jar:/home/runner/.m2/repository/org/eclipse/jetty/jetty-http/9.4.58.v20250814/jetty-http-9.4.58.v20250814.jar:/home/runner/.m2/repository/org/glassfish/jersey/containers/jersey-container-servlet-core/2.47/jersey-container-servlet-core-2.47.jar:/home/runner/.m2/repository/org/glassfish/jersey/core/jersey-server/2.47/jersey-server-2.47.jar:/home/runner/.m2/repository/org/glassfish/jersey/core/jersey-client/2.47/jersey-client-2.47.jar:/home/runner/.m2/repository/com/lmax/disruptor/3.4.4/disruptor-3.4.4.jar:/home/runner/.m2/repository/org/apache/logging/log4j/log4j-core/2.25.0/log4j-core-2.25.0.jar:/home/runner/work/ozone/ozone/hadoop-hdds/framework/target/hdds-server-framework-2.1.0-SNAPSHOT-tests.jar:/home/runner/work/ozone/ozone/hadoop-hdds/server-scm/target/hdds-server-scm-2.1.0-SNAPSHOT.jar:/home/runner/work/ozone/ozone/hadoop-hdds/server-scm/target/hdds-server-scm-2.1.0-SNAPSHOT-tests.jar:/home/runner/work/ozone/ozone/hadoop-hdds/test-utils/target/hdds-test-utils-2.1.0-SNAPSHOT-tests.jar:/home/runner/work/ozone/ozone/hadoop-ozone/cli-admin/target/ozone-cli-admin-2.1.0-SNAPSHOT.jar:/home/runner/work/ozone/ozone/hadoop-ozone/cli-shell/target/ozone-cli-shell-2.1.0-SNAPSHOT.jar:/home/runner/.m2/repository/info/picocli/picocli-shell-jline3/4.7.7/picocli-shell-jline3-4.7.7.jar:/home/runner/.m2/repository/org/jline/jline/3.30.6/jline-3.30.6.jar:/home/runner/work/ozone/ozone/hadoop-ozone/client/target/ozone-client-2.1.0-SNAPSHOT.jar:/home/runner/work/ozone/ozone/hadoop-ozone/common/target/ozone-common-2.1.0-SNAPSHOT.jar:/home/runner/.m2/repository/io/grpc/grpc-netty/1.71.0/grpc-netty-1.71.0.jar:/home/runner/.m2/repository/org/codehaus/mojo/animal-sniffer-annotations/1.24/animal-sniffer-annotations-1.24.jar:/home/runner/.m2/repository/io/grpc/grpc-core/1.71.0/grpc-core-1.71.0.jar:/home/runner/.m2/repository/com/google/android/annotations/4.1.1.4/annotations-4.1.1.4.jar:/home/runner/.m2/repository/io/grpc/grpc-context/1.71.0/grpc-context-1.71.0.jar:/home/runner/.m2/repository/io/perfmark/perfmark-api/0.27.0/perfmark-api-0.27.0.jar:/home/runner/.m2/repository/io/grpc/grpc-util/1.71.0/grpc-util-1.71.0.jar:/home/runner/.m2/repository/io/netty/netty-codec-http2/4.1.119.Final/netty-codec-http2-4.1.119.Final.jar:/home/runner/.m2/repository/io/netty/netty-handler-proxy/4.1.119.Final/netty-handler-proxy-4.1.119.Final.jar:/home/runner/.m2/repository/io/netty/netty-tcnative-boringssl-static/2.0.70.Final/netty-tcnative-boringssl-static-2.0.70.Final.jar:/home/runner/.m2/repository/io/netty/netty-tcnative-classes/2.0.70.Final/netty-tcnative-classes-2.0.70.Final.jar:/home/runner/.m2/repository/io/netty/netty-tcnative-boringssl-static/2.0.70.Final/netty-tcnative-boringssl-static-2.0.70.Final-linux-x86_64.jar:/home/runner/.m2/repository/io/netty/netty-tcnative-boringssl-static/2.0.70.Final/netty-tcnative-boringssl-static-2.0.70.Final-linux-aarch_64.jar:/home/runner/.m2/repository/io/netty/netty-tcnative-boringssl-static/2.0.70.Final/netty-tcnative-boringssl-static-2.0.70.Final-osx-x86_64.jar:/home/runner/.m2/repository/io/netty/netty-tcnative-boringssl-static/2.0.70.Final/netty-tcnative-boringssl-static-2.0.70.Final-osx-aarch_64.jar:/home/runner/.m2/repository/io/netty/netty-tcnative-boringssl-static/2.0.70.Final/netty-tcnative-boringssl-static-2.0.70.Final-windows-x86_64.jar:/home/runner/work/ozone/ozone/hadoop-ozone/csi/target/ozone-csi-2.1.0-SNAPSHOT.jar:/home/runner/.m2/repository/io/grpc/grpc-protobuf/1.71.0/grpc-protobuf-1.71.0.jar:/home/runner/.m2/repository/com/google/api/grpc/proto-google-common-protos/2.51.0/proto-google-common-protos-2.51.0.jar:/home/runner/.m2/repository/io/grpc/grpc-protobuf-lite/1.71.0/grpc-protobuf-lite-1.71.0.jar:/home/runner/.m2/repository/io/grpc/grpc-stub/1.71.0/grpc-stub-1.71.0.jar:/home/runner/.m2/repository/io/netty/netty-transport-classes-epoll/4.1.119.Final/netty-transport-classes-epoll-4.1.119.Final.jar:/home/runner/.m2/repository/io/netty/netty-transport-native-unix-common/4.1.119.Final/netty-transport-native-unix-common-4.1.119.Final.jar:/home/runner/.m2/repository/io/netty/netty-transport-native-epoll/4.1.119.Final/netty-transport-native-epoll-4.1.119.Final-linux-x86_64.jar:/home/runner/work/ozone/ozone/hadoop-ozone/ozonefs/target/ozone-filesystem-2.1.0-SNAPSHOT.jar:/home/runner/work/ozone/ozone/hadoop-ozone/ozonefs-common/target/ozone-filesystem-common-2.1.0-SNAPSHOT.jar:/home/runner/work/ozone/ozone/hadoop-ozone/freon/target/ozone-freon-2.1.0-SNAPSHOT.jar:/home/runner/.m2/repository/com/amazonaws/aws-java-sdk-core/1.12.788/aws-java-sdk-core-1.12.788.jar:/home/runner/.m2/repository/com/fasterxml/jackson/dataformat/jackson-dataformat-cbor/2.16.2/jackson-dataformat-cbor-2.16.2.jar:/home/runner/.m2/repository/joda-time/joda-time/2.12.7/joda-time-2.12.7.jar:/home/runner/.m2/repository/com/amazonaws/aws-java-sdk-s3/1.12.788/aws-java-sdk-s3-1.12.788.jar:/home/runner/.m2/repository/com/amazonaws/aws-java-sdk-kms/1.12.788/aws-java-sdk-kms-1.12.788.jar:/home/runner/.m2/repository/com/amazonaws/jmespath-java/1.12.788/jmespath-java-1.12.788.jar:/home/runner/work/ozone/ozone/hadoop-ozone/interface-client/target/ozone-interface-client-2.1.0-SNAPSHOT.jar:/home/runner/work/ozone/ozone/hadoop-ozone/interface-storage/target/ozone-interface-storage-2.1.0-SNAPSHOT.jar:/home/runner/work/ozone/ozone/hadoop-ozone/ozone-manager/target/ozone-manager-2.1.0-SNAPSHOT.jar:/home/runner/.m2/repository/org/apache/commons/commons-pool2/2.12.1/commons-pool2-2.12.1.jar:/home/runner/.m2/repository/org/aspectj/aspectjrt/1.9.24/aspectjrt-1.9.24.jar:/home/runner/work/ozone/ozone/hadoop-ozone/ozone-manager/target/ozone-manager-2.1.0-SNAPSHOT-tests.jar:/home/runner/work/ozone/ozone/hadoop-ozone/mini-cluster/target/ozone-mini-cluster-2.1.0-SNAPSHOT.jar:/home/runner/work/ozone/ozone/hadoop-ozone/multitenancy-ranger/target/ozone-multitenancy-ranger-2.1.0-SNAPSHOT.jar:/home/runner/.m2/repository/com/sun/jersey/jersey-client/1.19.4/jersey-client-1.19.4.jar:/home/runner/.m2/repository/org/apache/ranger/ranger-plugins-common/2.6.0/ranger-plugins-common-2.6.0.jar:/home/runner/.m2/repository/com/fasterxml/jackson/jaxrs/jackson-jaxrs-base/2.16.2/jackson-jaxrs-base-2.16.2.jar:/home/runner/.m2/repository/com/kstruct/gethostname4j/1.0.0/gethostname4j-1.0.0.jar:/home/runner/.m2/repository/commons-lang/commons-lang/2.6/commons-lang-2.6.jar:/home/runner/.m2/repository/net/java/dev/jna/jna/5.2.0/jna-5.2.0.jar:/home/runner/.m2/repository/net/java/dev/jna/jna-platform/5.2.0/jna-platform-5.2.0.jar:/home/runner/.m2/repository/org/apache/ranger/ranger-plugin-classloader/2.6.0/ranger-plugin-classloader-2.6.0.jar:/home/runner/.m2/repository/org/apache/ranger/ranger-plugins-audit/2.6.0/ranger-plugins-audit-2.6.0.jar:/home/runner/.m2/repository/com/amazonaws/aws-java-sdk-logs/1.12.765/aws-java-sdk-logs-1.12.765.jar:/home/runner/.m2/repository/com/carrotsearch/hppc/0.8.0/hppc-0.8.0.jar:/home/runner/.m2/repository/io/airlift/aircompressor/0.27/aircompressor-0.27.jar:/home/runner/.m2/repository/org/apache/httpcomponents/httpasyncclient/4.1.4/httpasyncclient-4.1.4.jar:/home/runner/.m2/repository/org/apache/httpcomponents/httpcore-nio/4.4.16/httpcore-nio-4.4.16.jar:/home/runner/.m2/repository/org/apache/httpcomponents/httpmime/4.5.13/httpmime-4.5.13.jar:/home/runner/.m2/repository/org/apache/orc/orc-core/1.5.8/orc-core-1.5.8.jar:/home/runner/.m2/repository/org/apache/orc/orc-shims/1.5.8/orc-shims-1.5.8.jar:/home/runner/.m2/repository/org/apache/ranger/ranger-plugins-cred/2.6.0/ranger-plugins-cred-2.6.0.jar:/home/runner/work/ozone/ozone/hadoop-ozone/recon/target/ozone-recon-2.1.0-SNAPSHOT.jar:/home/runner/.m2/repository/aopalliance/aopalliance/1.0/aopalliance-1.0.jar:/home/runner/.m2/repository/com/google/inject/guice/6.0.0/guice-6.0.0.jar:/home/runner/.m2/repository/jakarta/inject/jakarta.inject-api/2.0.1/jakarta.inject-api-2.0.1.jar:/home/runner/.m2/repository/com/jolbox/bonecp/0.8.0.RELEASE/bonecp-0.8.0.RELEASE.jar:/home/runner/.m2/repository/jakarta/validation/jakarta.validation-api/2.0.2/jakarta.validation-api-2.0.2.jar:/home/runner/.m2/repository/javax/annotation/javax.annotation-api/1.3.2/javax.annotation-api-1.3.2.jar:/home/runner/.m2/repository/javax/inject/javax.inject/1/javax.inject-1.jar:/home/runner/.m2/repository/org/apache/derby/derby/10.14.2.0/derby-10.14.2.0.jar:/home/runner/.m2/repository/org/glassfish/hk2/guice-bridge/2.6.1/guice-bridge-2.6.1.jar:/home/runner/.m2/repository/org/glassfish/hk2/hk2-api/2.6.1/hk2-api-2.6.1.jar:/home/runner/.m2/repository/org/glassfish/hk2/hk2-utils/2.6.1/hk2-utils-2.6.1.jar:/home/runner/.m2/repository/org/glassfish/hk2/external/aopalliance-repackaged/2.6.1/aopalliance-repackaged-2.6.1.jar:/home/runner/.m2/repository/org/glassfish/jersey/core/jersey-common/2.47/jersey-common-2.47.jar:/home/runner/.m2/repository/org/glassfish/hk2/osgi-resource-locator/1.0.3/osgi-resource-locator-1.0.3.jar:/home/runner/.m2/repository/org/jooq/jooq/3.11.10/jooq-3.11.10.jar:/home/runner/.m2/repository/org/springframework/spring-core/5.3.39/spring-core-5.3.39.jar:/home/runner/.m2/repository/org/springframework/spring-jdbc/5.3.39/spring-jdbc-5.3.39.jar:/home/runner/.m2/repository/org/springframework/spring-beans/5.3.39/spring-beans-5.3.39.jar:/home/runner/.m2/repository/org/springframework/spring-tx/5.3.39/spring-tx-5.3.39.jar:/home/runner/.m2/repository/org/xerial/sqlite-jdbc/3.50.3.0/sqlite-jdbc-3.50.3.0.jar:/home/runner/.m2/repository/com/google/inject/extensions/guice-assistedinject/6.0.0/guice-assistedinject-6.0.0.jar:/home/runner/.m2/repository/org/glassfish/hk2/external/jakarta.inject/2.6.1/jakarta.inject-2.6.1.jar:/home/runner/.m2/repository/org/glassfish/jersey/inject/jersey-hk2/2.47/jersey-hk2-2.47.jar:/home/runner/.m2/repository/org/glassfish/hk2/hk2-locator/2.6.1/hk2-locator-2.6.1.jar:/home/runner/.m2/repository/org/glassfish/jersey/media/jersey-media-jaxb/2.47/jersey-media-jaxb-2.47.jar:/home/runner/.m2/repository/org/glassfish/jersey/media/jersey-media-json-jackson/2.47/jersey-media-json-jackson-2.47.jar:/home/runner/.m2/repository/org/glassfish/jersey/ext/jersey-entity-filtering/2.47/jersey-entity-filtering-2.47.jar:/home/runner/work/ozone/ozone/hadoop-ozone/recon-codegen/target/ozone-reconcodegen-2.1.0-SNAPSHOT.jar:/home/runner/.m2/repository/org/jooq/jooq-codegen/3.11.10/jooq-codegen-3.11.10.jar:/home/runner/.m2/repository/org/jooq/jooq-meta/3.11.10/jooq-meta-3.11.10.jar:/home/runner/work/ozone/ozone/hadoop-ozone/s3gateway/target/ozone-s3gateway-2.1.0-SNAPSHOT.jar:/home/runner/work/ozone/ozone/hadoop-ozone/tools/target/ozone-tools-2.1.0-SNAPSHOT.jar:/home/runner/.m2/repository/com/github/vlsi/mxgraph/jgraphx/3.9.12/jgraphx-3.9.12.jar:/home/runner/.m2/repository/org/apache/ratis/ratis-shell/3.2.0/ratis-shell-3.2.0.jar:/home/runner/.m2/repository/org/apache/ratis/ratis-tools/3.2.0/ratis-tools-3.2.0.jar:/home/runner/.m2/repository/org/jgrapht/jgrapht-core/1.4.0/jgrapht-core-1.4.0.jar:/home/runner/.m2/repository/org/jheaps/jheaps/0.11/jheaps-0.11.jar:/home/runner/.m2/repository/org/jgrapht/jgrapht-ext/1.4.0/jgrapht-ext-1.4.0.jar:/home/runner/work/ozone/ozone/hadoop-hdds/rocksdb-checkpoint-differ/target/rocksdb-checkpoint-differ-2.1.0-SNAPSHOT.jar:/home/runner/.m2/repository/org/apache/ranger/ranger-intg/2.6.0/ranger-intg-2.6.0.jar:/home/runner/.m2/repository/org/apache/ratis/ratis-client/3.2.0/ratis-client-3.2.0.jar:/home/runner/.m2/repository/org/apache/ratis/ratis-common/3.2.0/ratis-common-3.2.0.jar:/home/runner/.m2/repository/org/apache/ratis/ratis-grpc/3.2.0/ratis-grpc-3.2.0.jar:/home/runner/.m2/repository/org/apache/ratis/ratis-metrics-api/3.2.0/ratis-metrics-api-3.2.0.jar:/home/runner/.m2/repository/org/apache/ratis/ratis-proto/3.2.0/ratis-proto-3.2.0.jar:/home/runner/.m2/repository/org/apache/ratis/ratis-server/3.2.0/ratis-server-3.2.0.jar:/home/runner/.m2/repository/org/apache/ratis/ratis-server-api/3.2.0/ratis-server-api-3.2.0.jar:/home/runner/.m2/repository/org/apache/ratis/ratis-thirdparty-misc/1.0.9/ratis-thirdparty-misc-1.0.9.jar:/home/runner/.m2/repository/org/bouncycastle/bcpkix-jdk18on/1.81/bcpkix-jdk18on-1.81.jar:/home/runner/.m2/repository/org/bouncycastle/bcutil-jdk18on/1.81/bcutil-jdk18on-1.81.jar:/home/runner/.m2/repository/org/hamcrest/hamcrest/2.2/hamcrest-2.2.jar:/home/runner/.m2/repository/org/reflections/reflections/0.10.2/reflections-0.10.2.jar:/home/runner/.m2/repository/org/javassist/javassist/3.30.2-GA/javassist-3.30.2-GA.jar:/home/runner/.m2/repository/org/rocksdb/rocksdbjni/7.7.3/rocksdbjni-7.7.3.jar:/home/runner/.m2/repository/org/slf4j/jul-to-slf4j/2.0.17/jul-to-slf4j-2.0.17.jar:/home/runner/.m2/repository/org/slf4j/slf4j-api/2.0.17/slf4j-api-2.0.17.jar:/home/runner/.m2/repository/org/assertj/assertj-core/3.27.5/assertj-core-3.27.5.jar:/home/runner/.m2/repository/net/bytebuddy/byte-buddy/1.17.7/byte-buddy-1.17.7.jar:/home/runner/.m2/repository/org/junit/jupiter/junit-jupiter-api/5.13.4/junit-jupiter-api-5.13.4.jar:/home/runner/.m2/repository/org/opentest4j/opentest4j/1.3.0/opentest4j-1.3.0.jar:/home/runner/.m2/repository/org/junit/platform/junit-platform-commons/1.13.4/junit-platform-commons-1.13.4.jar:/home/runner/.m2/repository/org/apiguardian/apiguardian-api/1.1.2/apiguardian-api-1.1.2.jar:/home/runner/.m2/repository/org/junit/jupiter/junit-jupiter-params/5.13.4/junit-jupiter-params-5.13.4.jar:/home/runner/.m2/repository/org/mockito/mockito-core/4.11.0/mockito-core-4.11.0.jar:/home/runner/.m2/repository/net/bytebuddy/byte-buddy-agent/1.12.19/byte-buddy-agent-1.12.19.jar:/home/runner/.m2/repository/org/objenesis/objenesis/3.3/objenesis-3.3.jar:/home/runner/.m2/repository/org/mockito/mockito-inline/4.11.0/mockito-inline-4.11.0.jar:/home/runner/.m2/repository/org/mockito/mockito-junit-jupiter/4.11.0/mockito-junit-jupiter-4.11.0.jar:/home/runner/work/ozone/ozone/hadoop-ozone/integration-test/target/gradle-enterprise/test-listeners.jar:"/>
    <property name="sun.cpu.endian" value="little"/>
    <property name="user.home" value="/home/runner"/>
    <property name="user.language" value="en"/>
    <property name="java.specification.vendor" value="Oracle Corporation"/>
    <property name="skipRecon" value="true"/>
    <property name="java.version.date" value="2025-07-15"/>
    <property name="java.home" value="/usr/lib/jvm/temurin-21-jdk-amd64"/>
    <property name="java.security.krb5.conf" value="/home/runner/work/ozone/ozone/hadoop-ozone/integration-test/target/test-classes/krb5.conf"/>
    <property name="file.separator" value="/"/>
    <property name="basedir" value="/home/runner/work/ozone/ozone/hadoop-ozone/integration-test"/>
    <property name="java.vm.compressedOopsMode" value="Zero based"/>
    <property name="line.separator" value="&#10;"/>
    <property name="java.vm.specification.vendor" value="Oracle Corporation"/>
    <property name="java.specification.name" value="Java Platform API Specification"/>
    <property name="surefire.real.class.path" value="/home/runner/work/ozone/ozone/hadoop-ozone/integration-test/target/surefire/surefirebooter-20250927085511666_1595.jar"/>
    <property name="hadoop.log.dir" value="/home/runner/work/ozone/ozone/hadoop-ozone/integration-test/target/log"/>
    <property name="sun.management.compiler" value="HotSpot 64-Bit Tiered Compilers"/>
    <property name="skipShade" value="true"/>
    <property name="java.runtime.version" value="21.0.8+9-LTS"/>
    <property name="user.name" value="runner"/>
    <property name="java.net.preferIPv4Stack" value="true"/>
    <property name="stdout.encoding" value="UTF-8"/>
    <property name="path.separator" value=":"/>
    <property name="java.security.egd" value="file:///dev/urandom"/>
    <property name="os.version" value="6.11.0-1018-azure"/>
    <property name="java.runtime.name" value="OpenJDK Runtime Environment"/>
    <property name="com.gradle.maven.scan.extension.test.listener.junitplatform.NestedExecutionSafeDelegatingTestExecutionListener" value="4007f65e"/>
    <property name="file.encoding" value="UTF-8"/>
    <property name="java.vm.name" value="OpenJDK 64-Bit Server VM"/>
    <property name="rocks_tools_native" value="true"/>
    <property name="java.vendor.version" value="Temurin-21.0.8+9"/>
    <property name="test.build.webapps" value=""/>
    <property name="develocity.listener.surefire.forkId" value="1"/>
    <property name="localRepository" value="/home/runner/.m2/repository"/>
    <property name="java.vendor.url.bug" value="https://github.com/adoptium/adoptium-support/issues"/>
    <property name="jetty.git.hash" value="8f1440587e9e4ae7db3d74cf205643f3d707148d"/>
    <property name="java.io.tmpdir" value="/tmp"/>
    <property name="require.test.libhadoop" value=""/>
    <property name="java.version" value="21.0.8"/>
    <property name="user.dir" value="/home/runner/work/ozone/ozone/hadoop-ozone/integration-test"/>
    <property name="os.arch" value="amd64"/>
    <property name="java.vm.specification.name" value="Java Virtual Machine Specification"/>
    <property name="test.build.classes" value="/home/runner/work/ozone/ozone/hadoop-ozone/integration-test/target/test-classes"/>
    <property name="org.apache.ratis.thirdparty.io.netty.allocator.useCacheForAllThreads" value="false"/>
    <property name="native.encoding" value="UTF-8"/>
    <property name="hadoop.tmp.dir" value="/home/runner/work/ozone/ozone/hadoop-ozone/integration-test/target/tmp"/>
    <property name="java.library.path" value="/usr/java/packages/lib:/usr/lib64:/lib64:/lib:/usr/lib"/>
    <property name="java.vm.info" value="mixed mode, sharing"/>
    <property name="stderr.encoding" value="UTF-8"/>
    <property name="java.vendor" value="Eclipse Adoptium"/>
    <property name="java.vm.version" value="21.0.8+9-LTS"/>
    <property name="sun.io.unicode.encoding" value="UnicodeLittle"/>
    <property name="develocity.listener.port" value="35089"/>
    <property name="java.class.version" value="65.0"/>
  </properties>
  <testcase name="testStaleNodesCount" classname="org.apache.hadoop.hdds.scm.node.TestQueryNode" time="30.506">
    <error message="Timed out waiting for condition. Thread diagnostics:&#10;Timestamp: 2025-09-27 09:19:57,943&#10;&#10;&quot;IPC Server handler 73 on default port 15002&quot; daemon prio=5 tid=412 timed_waiting&#10;java.lang.Thread.State: TIMED_WAITING&#10;        at java.base@21.0.8/jdk.internal.misc.Unsafe.park(Native Method)&#10;        at java.base@21.0.8/java.util.concurrent.locks.LockSupport.parkNanos(LockSupport.java:269)&#10;        at java.base@21.0.8/java.util.concurrent.locks.AbstractQueuedSynchronizer$ConditionObject.awaitNanos(AbstractQueuedSynchronizer.java:1763)&#10;        at java.base@21.0.8/java.util.concurrent.LinkedBlockingQueue.poll(LinkedBlockingQueue.java:460)&#10;        at app//org.apache.hadoop.ipc.CallQueueManager.take(CallQueueManager.java:370)&#10;        at app//org.apache.hadoop.ipc.Server$Handler.run(Server.java:3165)&#10;&quot;18da7ee6-49f7-45ee-8090-861a49f32d36-RocksDBCompactionThread-0&quot;  prio=5 tid=607 timed_waiting&#10;java.lang.Thread.State: TIMED_WAITING&#10;        at java.base@21.0.8/jdk.internal.misc.Unsafe.park(Native Method)&#10;        at java.base@21.0.8/java.util.concurrent.locks.LockSupport.parkNanos(LockSupport.java:269)&#10;        at java.base@21.0.8/java.util.concurrent.locks.AbstractQueuedSynchronizer$ConditionObject.awaitNanos(AbstractQueuedSynchronizer.java:1763)&#10;        at java.base@21.0.8/java.util.concurrent.ScheduledThreadPoolExecutor$DelayedWorkQueue.take(ScheduledThreadPoolExecutor.java:1182)&#10;        at java.base@21.0.8/java.util.concurrent.ScheduledThreadPoolExecutor$DelayedWorkQueue.take(ScheduledThreadPoolExecutor.java:899)&#10;        at java.base@21.0.8/java.util.concurrent.ThreadPoolExecutor.getTask(ThreadPoolExecutor.java:1070)&#10;        at java.base@21.0.8/java.util.concurrent.ThreadPoolExecutor.runWorker(ThreadPoolExecutor.java:1130)&#10;        at java.base@21.0.8/java.util.concurrent.ThreadPoolExecutor$Worker.run(ThreadPoolExecutor.java:642)&#10;        at java.base@21.0.8/java.lang.Thread.runWith(Thread.java:1596)&#10;        at java.base@21.0.8/java.lang.Thread.run(Thread.java:1583)&#10;&quot;qtp99667716-748&quot; daemon prio=5 tid=748 timed_waiting&#10;java.lang.Thread.State: TIMED_WAITING&#10;        at java.base@21.0.8/jdk.internal.misc.Unsafe.park(Native Method)&#10;        at java.base@21.0.8/java.util.concurrent.locks.LockSupport.parkNanos(LockSupport.java:269)&#10;        at java.base@21.0.8/java.util.concurrent.locks.AbstractQueuedSynchronizer$ConditionObject.awaitNanos(AbstractQueuedSynchronizer.java:1763)&#10;        at app//org.eclipse.jetty.util.BlockingArrayQueue.poll(BlockingArrayQueue.java:382)&#10;        at app//org.eclipse.jetty.util.thread.QueuedThreadPool$Runner.idleJobPoll(QueuedThreadPool.java:974)&#10;        at app//org.eclipse.jetty.util.thread.QueuedThreadPool$Runner.run(QueuedThreadPool.java:1018)&#10;        at java.base@21.0.8/java.lang.Thread.runWith(Thread.java:1596)&#10;        at java.base@21.0.8/java.lang.Thread.run(Thread.java:1583)&#10;&quot;IPC Server handler 56 on default port 15000&quot; daemon prio=5 tid=177 timed_waiting&#10;java.lang.Thread.State: TIMED_WAITING&#10;        at java.base@21.0.8/jdk.internal.misc.Unsafe.park(Native Method)&#10;        at java.base@21.0.8/java.util.concurrent.locks.LockSupport.parkNanos(LockSupport.java:269)&#10;        at java.base@21.0.8/java.util.concurrent.locks.AbstractQueuedSynchronizer$ConditionObject.awaitNanos(AbstractQueuedSynchronizer.java:1763)&#10;        at java.base@21.0.8/java.util.concurrent.LinkedBlockingQueue.poll(LinkedBlockingQueue.java:460)&#10;        at app//org.apache.hadoop.ipc.CallQueueManager.take(CallQueueManager.java:370)&#10;        at app//org.apache.hadoop.ipc.Server$Handler.run(Server.java:3165)&#10;&quot;18da7ee6-49f7-45ee-8090-861a49f32d36-ChunkWriter-3-0&quot; daemon prio=5 tid=803 in Object.wait()&#10;java.lang.Thread.State: WAITING (on object monitor)&#10;        at java.base@21.0.8/jdk.internal.misc.Unsafe.park(Native Method)&#10;        at java.base@21.0.8/java.util.concurrent.locks.LockSupport.park(LockSupport.java:371)&#10;        at java.base@21.0.8/java.util.concurrent.locks.AbstractQueuedSynchronizer$ConditionNode.block(AbstractQueuedSynchronizer.java:519)&#10;        at java.base@21.0.8/java.util.concurrent.ForkJoinPool.unmanagedBlock(ForkJoinPool.java:3780)&#10;        at java.base@21.0.8/java.util.concurrent.ForkJoinPool.managedBlock(ForkJoinPool.java:3725)&#10;        at java.base@21.0.8/java.util.concurrent.locks.AbstractQueuedSynchronizer$ConditionObject.await(AbstractQueuedSynchronizer.java:1712)&#10;        at java.base@21.0.8/java.util.concurrent.LinkedBlockingDeque.takeFirst(LinkedBlockingDeque.java:485)&#10;        at java.base@21.0.8/java.util.concurrent.LinkedBlockingDeque.take(LinkedBlockingDeque.java:673)&#10;        at java.base@21.0.8/java.util.concurrent.ThreadPoolExecutor.getTask(ThreadPoolExecutor.java:1070)&#10;        at java.base@21.0.8/java.util.concurrent.ThreadPoolExecutor.runWorker(ThreadPoolExecutor.java:1130)&#10;        at java.base@21.0.8/java.util.concurrent.ThreadPoolExecutor$Worker.run(ThreadPoolExecutor.java:642)&#10;        at java.base@21.0.8/java.lang.Thread.runWith(Thread.java:1596)&#10;        at java.base@21.0.8/java.lang.Thread.run(Thread.java:1583)&#10;&quot;qtp976208765-617&quot; daemon prio=5 tid=617 timed_waiting&#10;java.lang.Thread.State: TIMED_WAITING&#10;        at java.base@21.0.8/jdk.internal.misc.Unsafe.park(Native Method)&#10;        at java.base@21.0.8/java.util.concurrent.locks.LockSupport.parkNanos(LockSupport.java:269)&#10;        at java.base@21.0.8/java.util.concurrent.locks.AbstractQueuedSynchronizer$ConditionObject.awaitNanos(AbstractQueuedSynchronizer.java:1763)&#10;        at app//org.eclipse.jetty.util.BlockingArrayQueue.poll(BlockingArrayQueue.java:382)&#10;        at app//org.eclipse.jetty.util.thread.QueuedThreadPool$Runner.idleJobPoll(QueuedThreadPool.java:974)&#10;        at app//org.eclipse.jetty.util.thread.QueuedThreadPool$Runner.run(QueuedThreadPool.java:1018)&#10;        at java.base@21.0.8/java.lang.Thread.runWith(Thread.java:1596)&#10;        at java.base@21.0.8/java.lang.Thread.run(Thread.java:1583)&#10;&quot;25d9f169-1c9e-47c6-a2a2-d20fb3c5fda2-EndpointStateMachineTaskThread-/0.0.0.0:15002-0 &quot;  prio=5 tid=812 in Object.wait()&#10;java.lang.Thread.State: WAITING (on object monitor)&#10;        at java.base@21.0.8/jdk.internal.misc.Unsafe.park(Native Method)&#10;        at java.base@21.0.8/java.util.concurrent.locks.LockSupport.park(LockSupport.java:371)&#10;        at java.base@21.0.8/java.util.concurrent.locks.AbstractQueuedSynchronizer$ConditionNode.block(AbstractQueuedSynchronizer.java:519)&#10;        at java.base@21.0.8/java.util.concurrent.ForkJoinPool.unmanagedBlock(ForkJoinPool.java:3780)&#10;        at java.base@21.0.8/java.util.concurrent.ForkJoinPool.managedBlock(ForkJoinPool.java:3725)&#10;        at java.base@21.0.8/java.util.concurrent.locks.AbstractQueuedSynchronizer$ConditionObject.await(AbstractQueuedSynchronizer.java:1712)&#10;        at java.base@21.0.8/java.util.concurrent.LinkedBlockingQueue.take(LinkedBlockingQueue.java:435)&#10;        at java.base@21.0.8/java.util.concurrent.ThreadPoolExecutor.getTask(ThreadPoolExecutor.java:1070)&#10;        at java.base@21.0.8/java.util.concurrent.ThreadPoolExecutor.runWorker(ThreadPoolExecutor.java:1130)&#10;        at java.base@21.0.8/java.util.concurrent.ThreadPoolExecutor$Worker.run(ThreadPoolExecutor.java:642)&#10;        at java.base@21.0.8/java.lang.Thread.runWith(Thread.java:1596)&#10;        at java.base@21.0.8/java.lang.Thread.run(Thread.java:1583)&#10;&quot;IPC Server handler 96 on default port 15002&quot; daemon prio=5 tid=435 timed_waiting&#10;java.lang.Thread.State: TIMED_WAITING&#10;        at java.base@21.0.8/jdk.internal.misc.Unsafe.park(Native Method)&#10;        at java.base@21.0.8/java.util.concurrent.locks.LockSupport.parkNanos(LockSupport.java:269)&#10;        at java.base@21.0.8/java.util.concurrent.locks.AbstractQueuedSynchronizer$ConditionObject.awaitNanos(AbstractQueuedSynchronizer.java:1763)&#10;        at java.base@21.0.8/java.util.concurrent.LinkedBlockingQueue.poll(LinkedBlockingQueue.java:460)&#10;        at app//org.apache.hadoop.ipc.CallQueueManager.take(CallQueueManager.java:370)&#10;        at app//org.apache.hadoop.ipc.Server$Handler.run(Server.java:3165)&#10;&quot;25d9f169-1c9e-47c6-a2a2-d20fb3c5fda2-DatanodeReportManager-2&quot; daemon prio=5 tid=718 in Object.wait()&#10;java.lang.Thread.State: WAITING (on object monitor)&#10;        at java.base@21.0.8/jdk.internal.misc.Unsafe.park(Native Method)&#10;        at java.base@21.0.8/java.util.concurrent.locks.LockSupport.park(LockSupport.java:371)&#10;        at java.base@21.0.8/java.util.concurrent.locks.AbstractQueuedSynchronizer$ConditionNode.block(AbstractQueuedSynchronizer.java:519)&#10;        at java.base@21.0.8/java.util.concurrent.ForkJoinPool.unmanagedBlock(ForkJoinPool.java:3780)&#10;        at java.base@21.0.8/java.util.concurrent.ForkJoinPool.managedBlock(ForkJoinPool.java:3725)&#10;        at java.base@21.0.8/java.util.concurrent.locks.AbstractQueuedSynchronizer$ConditionObject.await(AbstractQueuedSynchronizer.java:1712)&#10;        at java.base@21.0.8/java.util.concurrent.ScheduledThreadPoolExecutor$DelayedWorkQueue.take(ScheduledThreadPoolExecutor.java:1177)&#10;        at java.base@21.0.8/java.util.concurrent.ScheduledThreadPoolExecutor$DelayedWorkQueue.take(ScheduledThreadPoolExecutor.java:899)&#10;        at java.base@21.0.8/java.util.concurrent.ThreadPoolExecutor.getTask(ThreadPoolExecutor.java:1070)&#10;        at java.base@21.0.8/java.util.concurrent.ThreadPoolExecutor.runWorker(ThreadPoolExecutor.java:1130)&#10;        at java.base@21.0.8/java.util.concurrent.ThreadPoolExecutor$Worker.run(ThreadPoolExecutor.java:642)&#10;        at java.base@21.0.8/java.lang.Thread.runWith(Thread.java:1596)&#10;        at java.base@21.0.8/java.lang.Thread.run(Thread.java:1583)&#10;&quot;d3e19d45-0b2b-4921-9b28-39a5e9747ac8-ChunkWriter-2-0&quot; daemon prio=5 tid=842 in Object.wait()&#10;java.lang.Thread.State: WAITING (on object monitor)&#10;        at java.base@21.0.8/jdk.internal.misc.Unsafe.park(Native Method)&#10;        at java.base@21.0.8/java.util.concurrent.locks.LockSupport.park(LockSupport.java:371)&#10;        at java.base@21.0.8/java.util.concurrent.locks.AbstractQueuedSynchronizer$ConditionNode.block(AbstractQueuedSynchronizer.java:519)&#10;        at java.base@21.0.8/java.util.concurrent.ForkJoinPool.unmanagedBlock(ForkJoinPool.java:3780)&#10;        at java.base@21.0.8/java.util.concurrent.ForkJoinPool.managedBlock(ForkJoinPool.java:3725)&#10;        at java.base@21.0.8/java.util.concurrent.locks.AbstractQueuedSynchronizer$ConditionObject.await(AbstractQueuedSynchronizer.java:1712)&#10;        at java.base@21.0.8/java.util.concurrent.LinkedBlockingDeque.takeFirst(LinkedBlockingDeque.java:485)&#10;        at java.base@21.0.8/java.util.concurrent.LinkedBlockingDeque.take(LinkedBlockingDeque.java:673)&#10;        at java.base@21.0.8/java.util.concurrent.ThreadPoolExecutor.getTask(ThreadPoolExecutor.java:1070)&#10;        at java.base@21.0.8/java.util.concurrent.ThreadPoolExecutor.runWorker(ThreadPoolExecutor.java:1130)&#10;        at java.base@21.0.8/java.util.concurrent.ThreadPoolExecutor$Worker.run(ThreadPoolExecutor.java:642)&#10;        at java.base@21.0.8/java.lang.Thread.runWith(Thread.java:1596)&#10;        at java.base@21.0.8/java.lang.Thread.run(Thread.java:1583)&#10;&quot;IPC Server handler 21 on default port 15001&quot; daemon prio=5 tid=242 timed_waiting&#10;java.lang.Thread.State: TIMED_WAITING&#10;        at java.base@21.0.8/jdk.internal.misc.Unsafe.park(Native Method)&#10;        at java.base@21.0.8/java.util.concurrent.locks.LockSupport.parkNanos(LockSupport.java:269)&#10;        at java.base@21.0.8/java.util.concurrent.locks.AbstractQueuedSynchronizer$ConditionObject.awaitNanos(AbstractQueuedSynchronizer.java:1763)&#10;        at java.base@21.0.8/java.util.concurrent.LinkedBlockingQueue.poll(LinkedBlockingQueue.java:460)&#10;        at app//org.apache.hadoop.ipc.CallQueueManager.take(CallQueueManager.java:370)&#10;        at app//org.apache.hadoop.ipc.Server$Handler.run(Server.java:3165)&#10;&quot;IPC Server idle connection scanner for port 15006&quot; daemon prio=5 tid=460 timed_waiting&#10;java.lang.Thread.State: TIMED_WAITING&#10;        at java.base@21.0.8/java.lang.Object.wait0(Native Method)&#10;        at java.base@21.0.8/java.lang.Object.wait(Object.java:366)&#10;        at java.base@21.0.8/java.util.TimerThread.mainLoop(Timer.java:563)&#10;        at java.base@21.0.8/java.util.TimerThread.run(Timer.java:516)&#10;&quot;d3e19d45-0b2b-4921-9b28-39a5e9747ac8-EndpointStateMachineTaskThread-/0.0.0.0:15002-0 &quot;  prio=5 tid=833 in Object.wait()&#10;java.lang.Thread.State: WAITING (on object monitor)&#10;        at java.base@21.0.8/jdk.internal.misc.Unsafe.park(Native Method)&#10;        at java.base@21.0.8/java.util.concurrent.locks.LockSupport.park(LockSupport.java:371)&#10;        at java.base@21.0.8/java.util.concurrent.locks.AbstractQueuedSynchronizer$ConditionNode.block(AbstractQueuedSynchronizer.java:519)&#10;        at java.base@21.0.8/java.util.concurrent.ForkJoinPool.unmanagedBlock(ForkJoinPool.java:3780)&#10;        at java.base@21.0.8/java.util.concurrent.ForkJoinPool.managedBlock(ForkJoinPool.java:3725)&#10;        at java.base@21.0.8/java.util.concurrent.locks.AbstractQueuedSynchronizer$ConditionObject.await(AbstractQueuedSynchronizer.java:1712)&#10;        at java.base@21.0.8/java.util.concurrent.LinkedBlockingQueue.take(LinkedBlockingQueue.java:435)&#10;        at java.base@21.0.8/java.util.concurrent.ThreadPoolExecutor.getTask(ThreadPoolExecutor.java:1070)&#10;        at java.base@21.0.8/java.util.concurrent.ThreadPoolExecutor.runWorker(ThreadPoolExecutor.java:1130)&#10;        at java.base@21.0.8/java.util.concurrent.ThreadPoolExecutor$Worker.run(ThreadPoolExecutor.java:642)&#10;        at java.base@21.0.8/java.lang.Thread.runWith(Thread.java:1596)&#10;        at java.base@21.0.8/java.lang.Thread.run(Thread.java:1583)&#10;&quot;IPC Server handler 67 on default port 15001&quot; daemon prio=5 tid=288 timed_waiting&#10;java.lang.Thread.State: TIMED_WAITING&#10;        at java.base@21.0.8/jdk.internal.misc.Unsafe.park(Native Method)&#10;        at java.base@21.0.8/java.util.concurrent.locks.LockSupport.parkNanos(LockSupport.java:269)&#10;        at java.base@21.0.8/java.util.concurrent.locks.AbstractQueuedSynchronizer$ConditionObject.awaitNanos(AbstractQueuedSynchronizer.java:1763)&#10;        at java.base@21.0.8/java.util.concurrent.LinkedBlockingQueue.poll(LinkedBlockingQueue.java:460)&#10;        at app//org.apache.hadoop.ipc.CallQueueManager.take(CallQueueManager.java:370)&#10;        at app//org.apache.hadoop.ipc.Server$Handler.run(Server.java:3165)&#10;&quot;timer3&quot; daemon prio=5 tid=992 timed_waiting&#10;java.lang.Thread.State: TIMED_WAITING&#10;        at java.base@21.0.8/java.lang.Object.wait0(Native Method)&#10;        at java.base@21.0.8/java.lang.Object.wait(Object.java:366)&#10;        at java.base@21.0.8/java.util.TimerThread.mainLoop(Timer.java:563)&#10;        at java.base@21.0.8/java.util.TimerThread.run(Timer.java:516)&#10;&quot;Socket Reader #8 for port 15043&quot; daemon prio=5 tid=770 runnable&#10;java.lang.Thread.State: RUNNABLE&#10;        at java.base@21.0.8/sun.nio.ch.EPoll.wait(Native Method)&#10;        at java.base@21.0.8/sun.nio.ch.EPollSelectorImpl.doSelect(EPollSelectorImpl.java:121)&#10;        at java.base@21.0.8/sun.nio.ch.SelectorImpl.lockAndDoSelect(SelectorImpl.java:130)&#10;        at java.base@21.0.8/sun.nio.ch.SelectorImpl.select(SelectorImpl.java:147)&#10;        at app//org.apache.hadoop.ipc.Server$Listener$Reader.doRunLoop(Server.java:1497)&#10;        at app//org.apache.hadoop.ipc.Server$Listener$Reader.run(Server.java:1476)&#10;&quot;Socket Reader #7 for port 15019&quot; daemon prio=5 tid=582 runnable&#10;java.lang.Thread.State: RUNNABLE&#10;        at java.base@21.0.8/sun.nio.ch.EPoll.wait(Native Method)&#10;        at java.base@21.0.8/sun.nio.ch.EPollSelectorImpl.doSelect(EPollSelectorImpl.java:121)&#10;        at java.base@21.0.8/sun.nio.ch.SelectorImpl.lockAndDoSelect(SelectorImpl.java:130)&#10;        at java.base@21.0.8/sun.nio.ch.SelectorImpl.select(SelectorImpl.java:147)&#10;        at app//org.apache.hadoop.ipc.Server$Listener$Reader.doRunLoop(Server.java:1497)&#10;        at app//org.apache.hadoop.ipc.Server$Listener$Reader.run(Server.java:1476)&#10;&quot;IPC Server idle connection scanner for port 15001&quot; daemon prio=5 tid=87 timed_waiting&#10;java.lang.Thread.State: TIMED_WAITING&#10;        at java.base@21.0.8/java.lang.Object.wait0(Native Method)&#10;        at java.base@21.0.8/java.lang.Object.wait(Object.java:366)&#10;        at java.base@21.0.8/java.util.TimerThread.mainLoop(Timer.java:563)&#10;        at java.base@21.0.8/java.util.TimerThread.run(Timer.java:516)&#10;&quot;IPC Server idle connection scanner for port 15000&quot; daemon prio=5 tid=101 timed_waiting&#10;java.lang.Thread.State: TIMED_WAITING&#10;        at java.base@21.0.8/java.lang.Object.wait0(Native Method)&#10;        at java.base@21.0.8/java.lang.Object.wait(Object.java:366)&#10;        at java.base@21.0.8/java.util.TimerThread.mainLoop(Timer.java:563)&#10;        at java.base@21.0.8/java.util.TimerThread.run(Timer.java:516)&#10;&quot;IPC Server listener on 15043&quot; daemon prio=5 tid=761 runnable&#10;java.lang.Thread.State: RUNNABLE&#10;        at java.base@21.0.8/sun.nio.ch.EPoll.wait(Native Method)&#10;        at java.base@21.0.8/sun.nio.ch.EPollSelectorImpl.doSelect(EPollSelectorImpl.java:121)&#10;        at java.base@21.0.8/sun.nio.ch.SelectorImpl.lockAndDoSelect(SelectorImpl.java:130)&#10;        at java.base@21.0.8/sun.nio.ch.SelectorImpl.select(SelectorImpl.java:147)&#10;        at app//org.apache.hadoop.ipc.Server$Listener.run(Server.java:1559)&#10;&quot;IPC Server handler 10 on default port 15002&quot; daemon prio=5 tid=349 timed_waiting&#10;java.lang.Thread.State: TIMED_WAITING&#10;        at java.base@21.0.8/jdk.internal.misc.Unsafe.park(Native Method)&#10;        at java.base@21.0.8/java.util.concurrent.locks.LockSupport.parkNanos(LockSupport.java:269)&#10;        at java.base@21.0.8/java.util.concurrent.locks.AbstractQueuedSynchronizer$ConditionObject.awaitNanos(AbstractQueuedSynchronizer.java:1763)&#10;        at java.base@21.0.8/java.util.concurrent.LinkedBlockingQueue.poll(LinkedBlockingQueue.java:460)&#10;        at app//org.apache.hadoop.ipc.CallQueueManager.take(CallQueueManager.java:370)&#10;        at app//org.apache.hadoop.ipc.Server$Handler.run(Server.java:3165)&#10;&quot;IPC Server handler 11 on default port 15006&quot; daemon prio=5 tid=503 timed_waiting&#10;java.lang.Thread.State: TIMED_WAITING&#10;        at java.base@21.0.8/jdk.internal.misc.Unsafe.park(Native Method)&#10;        at java.base@21.0.8/java.util.concurrent.locks.LockSupport.parkNanos(LockSupport.java:269)&#10;        at java.base@21.0.8/java.util.concurrent.locks.AbstractQueuedSynchronizer$ConditionObject.awaitNanos(AbstractQueuedSynchronizer.java:1763)&#10;        at java.base@21.0.8/java.util.concurrent.LinkedBlockingQueue.poll(LinkedBlockingQueue.java:460)&#10;        at app//org.apache.hadoop.ipc.CallQueueManager.take(CallQueueManager.java:370)&#10;        at app//org.apache.hadoop.ipc.Server$Handler.run(Server.java:3165)&#10;&quot;IPC Server handler 3 on default port 15002&quot; daemon prio=5 tid=342 timed_waiting&#10;java.lang.Thread.State: TIMED_WAITING&#10;        at java.base@21.0.8/jdk.internal.misc.Unsafe.park(Native Method)&#10;        at java.base@21.0.8/java.util.concurrent.locks.LockSupport.parkNanos(LockSupport.java:269)&#10;        at java.base@21.0.8/java.util.concurrent.locks.AbstractQueuedSynchronizer$ConditionObject.awaitNanos(AbstractQueuedSynchronizer.java:1763)&#10;        at java.base@21.0.8/java.util.concurrent.LinkedBlockingQueue.poll(LinkedBlockingQueue.java:460)&#10;        at app//org.apache.hadoop.ipc.CallQueueManager.take(CallQueueManager.java:370)&#10;        at app//org.apache.hadoop.ipc.Server$Handler.run(Server.java:3165)&#10;&quot;IPC Server handler 63 on default port 15002&quot; daemon prio=5 tid=402 timed_waiting&#10;java.lang.Thread.State: TIMED_WAITING&#10;        at java.base@21.0.8/jdk.internal.misc.Unsafe.park(Native Method)&#10;        at java.base@21.0.8/java.util.concurrent.locks.LockSupport.parkNanos(LockSupport.java:269)&#10;        at java.base@21.0.8/java.util.concurrent.locks.AbstractQueuedSynchronizer$ConditionObject.awaitNanos(AbstractQueuedSynchronizer.java:1763)&#10;        at java.base@21.0.8/java.util.concurrent.LinkedBlockingQueue.poll(LinkedBlockingQueue.java:460)&#10;        at app//org.apache.hadoop.ipc.CallQueueManager.take(CallQueueManager.java:370)&#10;        at app//org.apache.hadoop.ipc.Server$Handler.run(Server.java:3165)&#10;&quot;IPC Server handler 57 on default port 15002&quot; daemon prio=5 tid=396 timed_waiting&#10;java.lang.Thread.State: TIMED_WAITING&#10;        at java.base@21.0.8/jdk.internal.misc.Unsafe.park(Native Method)&#10;        at java.base@21.0.8/java.util.concurrent.locks.LockSupport.parkNanos(LockSupport.java:269)&#10;        at java.base@21.0.8/java.util.concurrent.locks.AbstractQueuedSynchronizer$ConditionObject.awaitNanos(AbstractQueuedSynchronizer.java:1763)&#10;        at java.base@21.0.8/java.util.concurrent.LinkedBlockingQueue.poll(LinkedBlockingQueue.java:460)&#10;        at app//org.apache.hadoop.ipc.CallQueueManager.take(CallQueueManager.java:370)&#10;        at app//org.apache.hadoop.ipc.Server$Handler.run(Server.java:3165)&#10;&quot;pool-142-thread-1&quot;  prio=5 tid=611 timed_waiting&#10;java.lang.Thread.State: TIMED_WAITING&#10;        at java.base@21.0.8/jdk.internal.misc.Unsafe.park(Native Method)&#10;        at java.base@21.0.8/java.util.concurrent.locks.LockSupport.parkNanos(LockSupport.java:269)&#10;        at java.base@21.0.8/java.util.concurrent.locks.AbstractQueuedSynchronizer$ConditionObject.awaitNanos(AbstractQueuedSynchronizer.java:1763)&#10;        at java.base@21.0.8/java.util.concurrent.ScheduledThreadPoolExecutor$DelayedWorkQueue.take(ScheduledThreadPoolExecutor.java:1182)&#10;        at java.base@21.0.8/java.util.concurrent.ScheduledThreadPoolExecutor$DelayedWorkQueue.take(ScheduledThreadPoolExecutor.java:899)&#10;        at java.base@21.0.8/java.util.concurrent.ThreadPoolExecutor.getTask(ThreadPoolExecutor.java:1070)&#10;        at java.base@21.0.8/java.util.concurrent.ThreadPoolExecutor.runWorker(ThreadPoolExecutor.java:1130)&#10;        at java.base@21.0.8/java.util.concurrent.ThreadPoolExecutor$Worker.run(ThreadPoolExecutor.java:642)&#10;        at java.base@21.0.8/java.lang.Thread.runWith(Thread.java:1596)&#10;        at java.base@21.0.8/java.lang.Thread.run(Thread.java:1583)&#10;&quot;IPC Server handler 14 on default port 15000&quot; daemon prio=5 tid=135 timed_waiting&#10;java.lang.Thread.State: TIMED_WAITING&#10;        at java.base@21.0.8/jdk.internal.misc.Unsafe.park(Native Method)&#10;        at java.base@21.0.8/java.util.concurrent.locks.LockSupport.parkNanos(LockSupport.java:269)&#10;        at java.base@21.0.8/java.util.concurrent.locks.AbstractQueuedSynchronizer$ConditionObject.awaitNanos(AbstractQueuedSynchronizer.java:1763)&#10;        at java.base@21.0.8/java.util.concurrent.LinkedBlockingQueue.poll(LinkedBlockingQueue.java:460)&#10;        at app//org.apache.hadoop.ipc.CallQueueManager.take(CallQueueManager.java:370)&#10;        at app//org.apache.hadoop.ipc.Server$Handler.run(Server.java:3165)&#10;&quot;Session-HouseKeeper-1e5704e3-1&quot;  prio=5 tid=620 timed_waiting&#10;java.lang.Thread.State: TIMED_WAITING&#10;        at java.base@21.0.8/jdk.internal.misc.Unsafe.park(Native Method)&#10;        at java.base@21.0.8/java.util.concurrent.locks.LockSupport.parkNanos(LockSupport.java:269)&#10;        at java.base@21.0.8/java.util.concurrent.locks.AbstractQueuedSynchronizer$ConditionObject.awaitNanos(AbstractQueuedSynchronizer.java:1763)&#10;        at java.base@21.0.8/java.util.concurrent.ScheduledThreadPoolExecutor$DelayedWorkQueue.take(ScheduledThreadPoolExecutor.java:1182)&#10;        at java.base@21.0.8/java.util.concurrent.ScheduledThreadPoolExecutor$DelayedWorkQueue.take(ScheduledThreadPoolExecutor.java:899)&#10;        at java.base@21.0.8/java.util.concurrent.ThreadPoolExecutor.getTask(ThreadPoolExecutor.java:1070)&#10;        at java.base@21.0.8/java.util.concurrent.ThreadPoolExecutor.runWorker(ThreadPoolExecutor.java:1130)&#10;        at java.base@21.0.8/java.util.concurrent.ThreadPoolExecutor$Worker.run(ThreadPoolExecutor.java:642)&#10;        at java.base@21.0.8/java.lang.Thread.runWith(Thread.java:1596)&#10;        at java.base@21.0.8/java.lang.Thread.run(Thread.java:1583)&#10;&quot;IPC Server handler 57 on default port 15001&quot; daemon prio=5 tid=278 timed_waiting&#10;java.lang.Thread.State: TIMED_WAITING&#10;        at java.base@21.0.8/jdk.internal.misc.Unsafe.park(Native Method)&#10;        at java.base@21.0.8/java.util.concurrent.locks.LockSupport.parkNanos(LockSupport.java:269)&#10;        at java.base@21.0.8/java.util.concurrent.locks.AbstractQueuedSynchronizer$ConditionObject.awaitNanos(AbstractQueuedSynchronizer.java:1763)&#10;        at java.base@21.0.8/java.util.concurrent.LinkedBlockingQueue.poll(LinkedBlockingQueue.java:460)&#10;        at app//org.apache.hadoop.ipc.CallQueueManager.take(CallQueueManager.java:370)&#10;        at app//org.apache.hadoop.ipc.Server$Handler.run(Server.java:3165)&#10;&quot;IPC Server handler 84 on default port 15000&quot; daemon prio=5 tid=205 timed_waiting&#10;java.lang.Thread.State: TIMED_WAITING&#10;        at java.base@21.0.8/jdk.internal.misc.Unsafe.park(Native Method)&#10;        at java.base@21.0.8/java.util.concurrent.locks.LockSupport.parkNanos(LockSupport.java:269)&#10;        at java.base@21.0.8/java.util.concurrent.locks.AbstractQueuedSynchronizer$ConditionObject.awaitNanos(AbstractQueuedSynchronizer.java:1763)&#10;        at java.base@21.0.8/java.util.concurrent.LinkedBlockingQueue.poll(LinkedBlockingQueue.java:460)&#10;        at app//org.apache.hadoop.ipc.CallQueueManager.take(CallQueueManager.java:370)&#10;        at app//org.apache.hadoop.ipc.Server$Handler.run(Server.java:3165)&#10;&quot;Socket Reader #2 for port 15006&quot; daemon prio=5 tid=451 runnable&#10;java.lang.Thread.State: RUNNABLE&#10;        at java.base@21.0.8/sun.nio.ch.EPoll.wait(Native Method)&#10;        at java.base@21.0.8/sun.nio.ch.EPollSelectorImpl.doSelect(EPollSelectorImpl.java:121)&#10;        at java.base@21.0.8/sun.nio.ch.SelectorImpl.lockAndDoSelect(SelectorImpl.java:130)&#10;        at java.base@21.0.8/sun.nio.ch.SelectorImpl.select(SelectorImpl.java:147)&#10;        at app//org.apache.hadoop.ipc.Server$Listener$Reader.doRunLoop(Server.java:1497)&#10;        at app//org.apache.hadoop.ipc.Server$Listener$Reader.run(Server.java:1476)&#10;&quot;Socket Reader #3 for port 15001&quot; daemon prio=5 tid=79 runnable&#10;java.lang.Thread.State: RUNNABLE&#10;        at java.base@21.0.8/sun.nio.ch.EPoll.wait(Native Method)&#10;        at java.base@21.0.8/sun.nio.ch.EPollSelectorImpl.doSelect(EPollSelectorImpl.java:121)&#10;        at java.base@21.0.8/sun.nio.ch.SelectorImpl.lockAndDoSelect(SelectorImpl.java:130)&#10;        at java.base@21.0.8/sun.nio.ch.SelectorImpl.select(SelectorImpl.java:147)&#10;        at app//org.apache.hadoop.ipc.Server$Listener$Reader.doRunLoop(Server.java:1497)&#10;        at app//org.apache.hadoop.ipc.Server$Listener$Reader.run(Server.java:1476)&#10;&quot;IPC Server handler 25 on default port 15001&quot; daemon prio=5 tid=246 timed_waiting&#10;java.lang.Thread.State: TIMED_WAITING&#10;        at java.base@21.0.8/jdk.internal.misc.Unsafe.park(Native Method)&#10;        at java.base@21.0.8/java.util.concurrent.locks.LockSupport.parkNanos(LockSupport.java:269)&#10;        at java.base@21.0.8/java.util.concurrent.locks.AbstractQueuedSynchronizer$ConditionObject.awaitNanos(AbstractQueuedSynchronizer.java:1763)&#10;        at java.base@21.0.8/java.util.concurrent.LinkedBlockingQueue.poll(LinkedBlockingQueue.java:460)&#10;        at app//org.apache.hadoop.ipc.CallQueueManager.take(CallQueueManager.java:370)&#10;        at app//org.apache.hadoop.ipc.Server$Handler.run(Server.java:3165)&#10;&quot;IPC Server handler 43 on default port 15002&quot; daemon prio=5 tid=382 timed_waiting&#10;java.lang.Thread.State: TIMED_WAITING&#10;        at java.base@21.0.8/jdk.internal.misc.Unsafe.park(Native Method)&#10;        at java.base@21.0.8/java.util.concurrent.locks.LockSupport.parkNanos(LockSupport.java:269)&#10;        at java.base@21.0.8/java.util.concurrent.locks.AbstractQueuedSynchronizer$ConditionObject.awaitNanos(AbstractQueuedSynchronizer.java:1763)&#10;        at java.base@21.0.8/java.util.concurrent.LinkedBlockingQueue.poll(LinkedBlockingQueue.java:460)&#10;        at app//org.apache.hadoop.ipc.CallQueueManager.take(CallQueueManager.java:370)&#10;        at app//org.apache.hadoop.ipc.Server$Handler.run(Server.java:3165)&#10;&quot;IPC Server handler 76 on default port 15000&quot; daemon prio=5 tid=197 timed_waiting&#10;java.lang.Thread.State: TIMED_WAITING&#10;        at java.base@21.0.8/jdk.internal.misc.Unsafe.park(Native Method)&#10;        at java.base@21.0.8/java.util.concurrent.locks.LockSupport.parkNanos(LockSupport.java:269)&#10;        at java.base@21.0.8/java.util.concurrent.locks.AbstractQueuedSynchronizer$ConditionObject.awaitNanos(AbstractQueuedSynchronizer.java:1763)&#10;        at java.base@21.0.8/java.util.concurrent.LinkedBlockingQueue.poll(LinkedBlockingQueue.java:460)&#10;        at app//org.apache.hadoop.ipc.CallQueueManager.take(CallQueueManager.java:370)&#10;        at app//org.apache.hadoop.ipc.Server$Handler.run(Server.java:3165)&#10;&quot;IPC Server handler 21 on default port 15002&quot; daemon prio=5 tid=360 timed_waiting&#10;java.lang.Thread.State: TIMED_WAITING&#10;        at java.base@21.0.8/jdk.internal.misc.Unsafe.park(Native Method)&#10;        at java.base@21.0.8/java.util.concurrent.locks.LockSupport.parkNanos(LockSupport.java:269)&#10;        at java.base@21.0.8/java.util.concurrent.locks.AbstractQueuedSynchronizer$ConditionObject.awaitNanos(AbstractQueuedSynchronizer.java:1763)&#10;        at java.base@21.0.8/java.util.concurrent.LinkedBlockingQueue.poll(LinkedBlockingQueue.java:460)&#10;        at app//org.apache.hadoop.ipc.CallQueueManager.take(CallQueueManager.java:370)&#10;        at app//org.apache.hadoop.ipc.Server$Handler.run(Server.java:3165)&#10;&quot;IPC Server handler 37 on default port 15002&quot; daemon prio=5 tid=376 timed_waiting&#10;java.lang.Thread.State: TIMED_WAITING&#10;        at java.base@21.0.8/jdk.internal.misc.Unsafe.park(Native Method)&#10;        at java.base@21.0.8/java.util.concurrent.locks.LockSupport.parkNanos(LockSupport.java:269)&#10;        at java.base@21.0.8/java.util.concurrent.locks.AbstractQueuedSynchronizer$ConditionObject.awaitNanos(AbstractQueuedSynchronizer.java:1763)&#10;        at java.base@21.0.8/java.util.concurrent.LinkedBlockingQueue.poll(LinkedBlockingQueue.java:460)&#10;        at app//org.apache.hadoop.ipc.CallQueueManager.take(CallQueueManager.java:370)&#10;        at app//org.apache.hadoop.ipc.Server$Handler.run(Server.java:3165)&#10;&quot;ForkJoinPool-1-worker-3&quot; daemon prio=5 tid=37 in Object.wait()&#10;java.lang.Thread.State: WAITING (on object monitor)&#10;        at java.base@21.0.8/jdk.internal.misc.Unsafe.park(Native Method)&#10;        at java.base@21.0.8/java.util.concurrent.locks.LockSupport.park(LockSupport.java:371)&#10;        at java.base@21.0.8/java.util.concurrent.ForkJoinPool.awaitWork(ForkJoinPool.java:1893)&#10;        at java.base@21.0.8/java.util.concurrent.ForkJoinPool.runWorker(ForkJoinPool.java:1809)&#10;        at java.base@21.0.8/java.util.concurrent.ForkJoinWorkerThread.run(ForkJoinWorkerThread.java:188)&#10;&quot;Session-HouseKeeper-27df68a4-1&quot;  prio=5 tid=574 timed_waiting&#10;java.lang.Thread.State: TIMED_WAITING&#10;        at java.base@21.0.8/jdk.internal.misc.Unsafe.park(Native Method)&#10;        at java.base@21.0.8/java.util.concurrent.locks.LockSupport.parkNanos(LockSupport.java:269)&#10;        at java.base@21.0.8/java.util.concurrent.locks.AbstractQueuedSynchronizer$ConditionObject.awaitNanos(AbstractQueuedSynchronizer.java:1763)&#10;        at java.base@21.0.8/java.util.concurrent.ScheduledThreadPoolExecutor$DelayedWorkQueue.take(ScheduledThreadPoolExecutor.java:1182)&#10;        at java.base@21.0.8/java.util.concurrent.ScheduledThreadPoolExecutor$DelayedWorkQueue.take(ScheduledThreadPoolExecutor.java:899)&#10;        at java.base@21.0.8/java.util.concurrent.ThreadPoolExecutor.getTask(ThreadPoolExecutor.java:1070)&#10;        at java.base@21.0.8/java.util.concurrent.ThreadPoolExecutor.runWorker(ThreadPoolExecutor.java:1130)&#10;        at java.base@21.0.8/java.util.concurrent.ThreadPoolExecutor$Worker.run(ThreadPoolExecutor.java:642)&#10;        at java.base@21.0.8/java.lang.Thread.runWith(Thread.java:1596)&#10;        at java.base@21.0.8/java.lang.Thread.run(Thread.java:1583)&#10;&quot;IPC Server handler 0 on default port 15019&quot; daemon prio=5 tid=589 timed_waiting&#10;java.lang.Thread.State: TIMED_WAITING&#10;        at java.base@21.0.8/jdk.internal.misc.Unsafe.park(Native Method)&#10;        at java.base@21.0.8/java.util.concurrent.locks.LockSupport.parkNanos(LockSupport.java:269)&#10;        at java.base@21.0.8/java.util.concurrent.locks.AbstractQueuedSynchronizer$ConditionObject.awaitNanos(AbstractQueuedSynchronizer.java:1763)&#10;        at java.base@21.0.8/java.util.concurrent.LinkedBlockingQueue.poll(LinkedBlockingQueue.java:460)&#10;        at app//org.apache.hadoop.ipc.CallQueueManager.take(CallQueueManager.java:370)&#10;        at app//org.apache.hadoop.ipc.Server$Handler.run(Server.java:3165)&#10;&quot;IPC Server handler 39 on default port 15001&quot; daemon prio=5 tid=260 timed_waiting&#10;java.lang.Thread.State: TIMED_WAITING&#10;        at java.base@21.0.8/jdk.internal.misc.Unsafe.park(Native Method)&#10;        at java.base@21.0.8/java.util.concurrent.locks.LockSupport.parkNanos(LockSupport.java:269)&#10;        at java.base@21.0.8/java.util.concurrent.locks.AbstractQueuedSynchronizer$ConditionObject.awaitNanos(AbstractQueuedSynchronizer.java:1763)&#10;        at java.base@21.0.8/java.util.concurrent.LinkedBlockingQueue.poll(LinkedBlockingQueue.java:460)&#10;        at app//org.apache.hadoop.ipc.CallQueueManager.take(CallQueueManager.java:370)&#10;        at app//org.apache.hadoop.ipc.Server$Handler.run(Server.java:3165)&#10;&quot;IPC Server handler 54 on default port 15002&quot; daemon prio=5 tid=393 timed_waiting&#10;java.lang.Thread.State: TIMED_WAITING&#10;        at java.base@21.0.8/jdk.internal.misc.Unsafe.park(Native Method)&#10;        at java.base@21.0.8/java.util.concurrent.locks.LockSupport.parkNanos(LockSupport.java:269)&#10;        at java.base@21.0.8/java.util.concurrent.locks.AbstractQueuedSynchronizer$ConditionObject.awaitNanos(AbstractQueuedSynchronizer.java:1763)&#10;        at java.base@21.0.8/java.util.concurrent.LinkedBlockingQueue.poll(LinkedBlockingQueue.java:460)&#10;        at app//org.apache.hadoop.ipc.CallQueueManager.take(CallQueueManager.java:370)&#10;        at app//org.apache.hadoop.ipc.Server$Handler.run(Server.java:3165)&#10;&quot;FixedThreadPoolWithAffinityExecutor-8-0&quot; daemon prio=5 tid=112 timed_waiting&#10;java.lang.Thread.State: TIMED_WAITING&#10;        at java.base@21.0.8/jdk.internal.misc.Unsafe.park(Native Method)&#10;        at java.base@21.0.8/java.util.concurrent.locks.LockSupport.parkNanos(LockSupport.java:269)&#10;        at java.base@21.0.8/java.util.concurrent.locks.AbstractQueuedSynchronizer$ConditionObject.awaitNanos(AbstractQueuedSynchronizer.java:1763)&#10;        at java.base@21.0.8/java.util.concurrent.LinkedBlockingQueue.poll(LinkedBlockingQueue.java:460)&#10;        at app//org.apache.hadoop.hdds.scm.server.ContainerReportQueue.poll(ContainerReportQueue.java:269)&#10;        at app//org.apache.hadoop.hdds.scm.server.ContainerReportQueue.poll(ContainerReportQueue.java:42)&#10;        at app//org.apache.hadoop.hdds.server.events.FixedThreadPoolWithAffinityExecutor$ContainerReportProcessTask.run(FixedThreadPoolWithAffinityExecutor.java:228)&#10;        at java.base@21.0.8/java.util.concurrent.Executors$RunnableAdapter.call(Executors.java:572)&#10;        at java.base@21.0.8/java.util.concurrent.FutureTask.run(FutureTask.java:317)&#10;        at java.base@21.0.8/java.util.concurrent.ThreadPoolExecutor.runWorker(ThreadPoolExecutor.java:1144)&#10;        at java.base@21.0.8/java.util.concurrent.ThreadPoolExecutor$Worker.run(ThreadPoolExecutor.java:642)&#10;        at java.base@21.0.8/java.lang.Thread.runWith(Thread.java:1596)&#10;        at java.base@21.0.8/java.lang.Thread.run(Thread.java:1583)&#10;&quot;IPC Server handler 64 on default port 15002&quot; daemon prio=5 tid=403 timed_waiting&#10;java.lang.Thread.State: TIMED_WAITING&#10;        at java.base@21.0.8/jdk.internal.misc.Unsafe.park(Native Method)&#10;        at java.base@21.0.8/java.util.concurrent.locks.LockSupport.parkNanos(LockSupport.java:269)&#10;        at java.base@21.0.8/java.util.concurrent.locks.AbstractQueuedSynchronizer$ConditionObject.awaitNanos(AbstractQueuedSynchronizer.java:1763)&#10;        at java.base@21.0.8/java.util.concurrent.LinkedBlockingQueue.poll(LinkedBlockingQueue.java:460)&#10;        at app//org.apache.hadoop.ipc.CallQueueManager.take(CallQueueManager.java:370)&#10;        at app//org.apache.hadoop.ipc.Server$Handler.run(Server.java:3165)&#10;&quot;qtp862219833-571&quot; daemon prio=5 tid=571 timed_waiting&#10;java.lang.Thread.State: TIMED_WAITING&#10;        at java.base@21.0.8/jdk.internal.misc.Unsafe.park(Native Method)&#10;        at java.base@21.0.8/java.util.concurrent.locks.LockSupport.parkNanos(LockSupport.java:269)&#10;        at java.base@21.0.8/java.util.concurrent.locks.AbstractQueuedSynchronizer$ConditionObject.awaitNanos(AbstractQueuedSynchronizer.java:1763)&#10;        at app//org.eclipse.jetty.util.BlockingArrayQueue.poll(BlockingArrayQueue.java:382)&#10;        at app//org.eclipse.jetty.util.thread.QueuedThreadPool$Runner.idleJobPoll(QueuedThreadPool.java:974)&#10;        at app//org.eclipse.jetty.util.thread.QueuedThreadPool$Runner.run(QueuedThreadPool.java:1018)&#10;        at java.base@21.0.8/java.lang.Thread.runWith(Thread.java:1596)&#10;        at java.base@21.0.8/java.lang.Thread.run(Thread.java:1583)&#10;&quot;IPC Server Responder&quot; daemon prio=5 tid=587 runnable&#10;java.lang.Thread.State: RUNNABLE&#10;        at java.base@21.0.8/sun.nio.ch.EPoll.wait(Native Method)&#10;        at java.base@21.0.8/sun.nio.ch.EPollSelectorImpl.doSelect(EPollSelectorImpl.java:121)&#10;        at java.base@21.0.8/sun.nio.ch.SelectorImpl.lockAndDoSelect(SelectorImpl.java:130)&#10;        at java.base@21.0.8/sun.nio.ch.SelectorImpl.select(SelectorImpl.java:142)&#10;        at app//org.apache.hadoop.ipc.Server$Responder.doRunLoop(Server.java:1733)&#10;        at app//org.apache.hadoop.ipc.Server$Responder.run(Server.java:1716)&#10;&quot;IPC Server handler 80 on default port 15000&quot; daemon prio=5 tid=201 timed_waiting&#10;java.lang.Thread.State: TIMED_WAITING&#10;        at java.base@21.0.8/jdk.internal.misc.Unsafe.park(Native Method)&#10;        at java.base@21.0.8/java.util.concurrent.locks.LockSupport.parkNanos(LockSupport.java:269)&#10;        at java.base@21.0.8/java.util.concurrent.locks.AbstractQueuedSynchronizer$ConditionObject.awaitNanos(AbstractQueuedSynchronizer.java:1763)&#10;        at java.base@21.0.8/java.util.concurrent.LinkedBlockingQueue.poll(LinkedBlockingQueue.java:460)&#10;        at app//org.apache.hadoop.ipc.CallQueueManager.take(CallQueueManager.java:370)&#10;        at app//org.apache.hadoop.ipc.Server$Handler.run(Server.java:3165)&#10;&quot;JvmPauseMonitor5&quot; daemon prio=5 tid=804 timed_waiting&#10;java.lang.Thread.State: TIMED_WAITING&#10;        at java.base@21.0.8/java.lang.Thread.sleep0(Native Method)&#10;        at java.base@21.0.8/java.lang.Thread.sleep(Thread.java:558)&#10;        at java.base@21.0.8/java.util.concurrent.TimeUnit.sleep(TimeUnit.java:446)&#10;        at app//org.apache.ratis.util.TimeDuration.sleep(TimeDuration.java:353)&#10;        at app//org.apache.ratis.util.TimeDuration.sleep(TimeDuration.java:338)&#10;        at app//org.apache.ratis.util.JvmPauseMonitor.detectPause(JvmPauseMonitor.java:160)&#10;        at app//org.apache.ratis.util.JvmPauseMonitor.run(JvmPauseMonitor.java:149)&#10;        at app//org.apache.ratis.util.JvmPauseMonitor$$Lambda/0x00007fd1ac3b8ac8.run(Unknown Source)&#10;        at java.base@21.0.8/java.lang.Thread.runWith(Thread.java:1596)&#10;        at java.base@21.0.8/java.lang.Thread.run(Thread.java:1583)&#10;&quot;IPC Server handler 29 on default port 15002&quot; daemon prio=5 tid=368 timed_waiting&#10;java.lang.Thread.State: TIMED_WAITING&#10;        at java.base@21.0.8/jdk.internal.misc.Unsafe.park(Native Method)&#10;        at java.base@21.0.8/java.util.concurrent.locks.LockSupport.parkNanos(LockSupport.java:269)&#10;        at java.base@21.0.8/java.util.concurrent.locks.AbstractQueuedSynchronizer$ConditionObject.awaitNanos(AbstractQueuedSynchronizer.java:1763)&#10;        at java.base@21.0.8/java.util.concurrent.LinkedBlockingQueue.poll(LinkedBlockingQueue.java:460)&#10;        at app//org.apache.hadoop.ipc.CallQueueManager.take(CallQueueManager.java:370)&#10;        at app//org.apache.hadoop.ipc.Server$Handler.run(Server.java:3165)&#10;&quot;IPC Server handler 40 on default port 15002&quot; daemon prio=5 tid=379 timed_waiting&#10;java.lang.Thread.State: TIMED_WAITING&#10;        at java.base@21.0.8/jdk.internal.misc.Unsafe.park(Native Method)&#10;        at java.base@21.0.8/java.util.concurrent.locks.LockSupport.parkNanos(LockSupport.java:269)&#10;        at java.base@21.0.8/java.util.concurrent.locks.AbstractQueuedSynchronizer$ConditionObject.awaitNanos(AbstractQueuedSynchronizer.java:1763)&#10;        at java.base@21.0.8/java.util.concurrent.LinkedBlockingQueue.poll(LinkedBlockingQueue.java:460)&#10;        at app//org.apache.hadoop.ipc.CallQueueManager.take(CallQueueManager.java:370)&#10;        at app//org.apache.hadoop.ipc.Server$Handler.run(Server.java:3165)&#10;&quot;IPC Server handler 18 on default port 15002&quot; daemon prio=5 tid=357 timed_waiting&#10;java.lang.Thread.State: TIMED_WAITING&#10;        at java.base@21.0.8/jdk.internal.misc.Unsafe.park(Native Method)&#10;        at java.base@21.0.8/java.util.concurrent.locks.LockSupport.parkNanos(LockSupport.java:269)&#10;        at java.base@21.0.8/java.util.concurrent.locks.AbstractQueuedSynchronizer$ConditionObject.awaitNanos(AbstractQueuedSynchronizer.java:1763)&#10;        at java.base@21.0.8/java.util.concurrent.LinkedBlockingQueue.poll(LinkedBlockingQueue.java:460)&#10;        at app//org.apache.hadoop.ipc.CallQueueManager.take(CallQueueManager.java:370)&#10;        at app//org.apache.hadoop.ipc.Server$Handler.run(Server.java:3165)&#10;&quot;IPC Server handler 79 on default port 15002&quot; daemon prio=5 tid=418 timed_waiting&#10;java.lang.Thread.State: TIMED_WAITING&#10;        at java.base@21.0.8/jdk.internal.misc.Unsafe.park(Native Method)&#10;        at java.base@21.0.8/java.util.concurrent.locks.LockSupport.parkNanos(LockSupport.java:269)&#10;        at java.base@21.0.8/java.util.concurrent.locks.AbstractQueuedSynchronizer$ConditionObject.awaitNanos(AbstractQueuedSynchronizer.java:1763)&#10;        at java.base@21.0.8/java.util.concurrent.LinkedBlockingQueue.poll(LinkedBlockingQueue.java:460)&#10;        at app//org.apache.hadoop.ipc.CallQueueManager.take(CallQueueManager.java:370)&#10;        at app//org.apache.hadoop.ipc.Server$Handler.run(Server.java:3165)&#10;&quot;qtp1507617108-328&quot; daemon prio=5 tid=328 timed_waiting&#10;java.lang.Thread.State: TIMED_WAITING&#10;        at java.base@21.0.8/jdk.internal.misc.Unsafe.park(Native Method)&#10;        at java.base@21.0.8/java.util.concurrent.locks.LockSupport.parkNanos(LockSupport.java:269)&#10;        at java.base@21.0.8/java.util.concurrent.locks.AbstractQueuedSynchronizer$ConditionObject.awaitNanos(AbstractQueuedSynchronizer.java:1763)&#10;        at app//org.eclipse.jetty.util.BlockingArrayQueue.poll(BlockingArrayQueue.java:382)&#10;        at app//org.eclipse.jetty.util.thread.QueuedThreadPool$Runner.idleJobPoll(QueuedThreadPool.java:974)&#10;        at app//org.eclipse.jetty.util.thread.QueuedThreadPool$Runner.run(QueuedThreadPool.java:1018)&#10;        at java.base@21.0.8/java.lang.Thread.runWith(Thread.java:1596)&#10;        at java.base@21.0.8/java.lang.Thread.run(Thread.java:1583)&#10;&quot;pool-168-thread-1&quot;  prio=5 tid=663 timed_waiting&#10;java.lang.Thread.State: TIMED_WAITING&#10;        at java.base@21.0.8/jdk.internal.misc.Unsafe.park(Native Method)&#10;        at java.base@21.0.8/java.util.concurrent.locks.LockSupport.parkNanos(LockSupport.java:269)&#10;        at java.base@21.0.8/java.util.concurrent.locks.AbstractQueuedSynchronizer$ConditionObject.awaitNanos(AbstractQueuedSynchronizer.java:1763)&#10;        at java.base@21.0.8/java.util.concurrent.ScheduledThreadPoolExecutor$DelayedWorkQueue.take(ScheduledThreadPoolExecutor.java:1182)&#10;        at java.base@21.0.8/java.util.concurrent.ScheduledThreadPoolExecutor$DelayedWorkQueue.take(ScheduledThreadPoolExecutor.java:899)&#10;        at java.base@21.0.8/java.util.concurrent.ThreadPoolExecutor.getTask(ThreadPoolExecutor.java:1070)&#10;        at java.base@21.0.8/java.util.concurrent.ThreadPoolExecutor.runWorker(ThreadPoolExecutor.java:1130)&#10;        at java.base@21.0.8/java.util.concurrent.ThreadPoolExecutor$Worker.run(ThreadPoolExecutor.java:642)&#10;        at java.base@21.0.8/java.lang.Thread.runWith(Thread.java:1596)&#10;        at java.base@21.0.8/java.lang.Thread.run(Thread.java:1583)&#10;&quot;IPC Server handler 49 on default port 15001&quot; daemon prio=5 tid=270 timed_waiting&#10;java.lang.Thread.State: TIMED_WAITING&#10;        at java.base@21.0.8/jdk.internal.misc.Unsafe.park(Native Method)&#10;        at java.base@21.0.8/java.util.concurrent.locks.LockSupport.parkNanos(LockSupport.java:269)&#10;        at java.base@21.0.8/java.util.concurrent.locks.AbstractQueuedSynchronizer$ConditionObject.awaitNanos(AbstractQueuedSynchronizer.java:1763)&#10;        at java.base@21.0.8/java.util.concurrent.LinkedBlockingQueue.poll(LinkedBlockingQueue.java:460)&#10;        at app//org.apache.hadoop.ipc.CallQueueManager.take(CallQueueManager.java:370)&#10;        at app//org.apache.hadoop.ipc.Server$Handler.run(Server.java:3165)&#10;&quot;Socket Reader #2 for port 15019&quot; daemon prio=5 tid=577 runnable&#10;java.lang.Thread.State: RUNNABLE&#10;        at java.base@21.0.8/sun.nio.ch.EPoll.wait(Native Method)&#10;        at java.base@21.0.8/sun.nio.ch.EPollSelectorImpl.doSelect(EPollSelectorImpl.java:121)&#10;        at java.base@21.0.8/sun.nio.ch.SelectorImpl.lockAndDoSelect(SelectorImpl.java:130)&#10;        at java.base@21.0.8/sun.nio.ch.SelectorImpl.select(SelectorImpl.java:147)&#10;        at app//org.apache.hadoop.ipc.Server$Listener$Reader.doRunLoop(Server.java:1497)&#10;        at app//org.apache.hadoop.ipc.Server$Listener$Reader.run(Server.java:1476)&#10;&quot;18da7ee6-49f7-45ee-8090-861a49f32d36-ChunkWriter-2-0&quot; daemon prio=5 tid=802 in Object.wait()&#10;java.lang.Thread.State: WAITING (on object monitor)&#10;        at java.base@21.0.8/jdk.internal.misc.Unsafe.park(Native Method)&#10;        at java.base@21.0.8/java.util.concurrent.locks.LockSupport.park(LockSupport.java:371)&#10;        at java.base@21.0.8/java.util.concurrent.locks.AbstractQueuedSynchronizer$ConditionNode.block(AbstractQueuedSynchronizer.java:519)&#10;        at java.base@21.0.8/java.util.concurrent.ForkJoinPool.unmanagedBlock(ForkJoinPool.java:3780)&#10;        at java.base@21.0.8/java.util.concurrent.ForkJoinPool.managedBlock(ForkJoinPool.java:3725)&#10;        at java.base@21.0.8/java.util.concurrent.locks.AbstractQueuedSynchronizer$ConditionObject.await(AbstractQueuedSynchronizer.java:1712)&#10;        at java.base@21.0.8/java.util.concurrent.LinkedBlockingDeque.takeFirst(LinkedBlockingDeque.java:485)&#10;        at java.base@21.0.8/java.util.concurrent.LinkedBlockingDeque.take(LinkedBlockingDeque.java:673)&#10;        at java.base@21.0.8/java.util.concurrent.ThreadPoolExecutor.getTask(ThreadPoolExecutor.java:1070)&#10;        at java.base@21.0.8/java.util.concurrent.ThreadPoolExecutor.runWorker(ThreadPoolExecutor.java:1130)&#10;        at java.base@21.0.8/java.util.concurrent.ThreadPoolExecutor$Worker.run(ThreadPoolExecutor.java:642)&#10;        at java.base@21.0.8/java.lang.Thread.runWith(Thread.java:1596)&#10;        at java.base@21.0.8/java.lang.Thread.run(Thread.java:1583)&#10;&quot;grpc-default-worker-ELG-3-1&quot; daemon prio=5 tid=868 runnable&#10;java.lang.Thread.State: RUNNABLE&#10;        at app//org.apache.ratis.thirdparty.io.netty.channel.epoll.Native.epollWait0(Native Method)&#10;        at app//org.apache.ratis.thirdparty.io.netty.channel.epoll.Native.epollWait(Native.java:193)&#10;        at app//org.apache.ratis.thirdparty.io.netty.channel.epoll.EpollEventLoop.epollWait(EpollEventLoop.java:304)&#10;        at app//org.apache.ratis.thirdparty.io.netty.channel.epoll.EpollEventLoop.run(EpollEventLoop.java:368)&#10;        at app//org.apache.ratis.thirdparty.io.netty.util.concurrent.SingleThreadEventExecutor$4.run(SingleThreadEventExecutor.java:998)&#10;        at app//org.apache.ratis.thirdparty.io.netty.util.internal.ThreadExecutorMap$2.run(ThreadExecutorMap.java:74)&#10;        at app//org.apache.ratis.thirdparty.io.netty.util.concurrent.FastThreadLocalRunnable.run(FastThreadLocalRunnable.java:30)&#10;        at java.base@21.0.8/java.lang.Thread.runWith(Thread.java:1596)&#10;        at java.base@21.0.8/java.lang.Thread.run(Thread.java:1583)&#10;&quot;IPC Server handler 62 on default port 15001&quot; daemon prio=5 tid=283 timed_waiting&#10;java.lang.Thread.State: TIMED_WAITING&#10;        at java.base@21.0.8/jdk.internal.misc.Unsafe.park(Native Method)&#10;        at java.base@21.0.8/java.util.concurrent.locks.LockSupport.parkNanos(LockSupport.java:269)&#10;        at java.base@21.0.8/java.util.concurrent.locks.AbstractQueuedSynchronizer$ConditionObject.awaitNanos(AbstractQueuedSynchronizer.java:1763)&#10;        at java.base@21.0.8/java.util.concurrent.LinkedBlockingQueue.poll(LinkedBlockingQueue.java:460)&#10;        at app//org.apache.hadoop.ipc.CallQueueManager.take(CallQueueManager.java:370)&#10;        at app//org.apache.hadoop.ipc.Server$Handler.run(Server.java:3165)&#10;&quot;IPC Server handler 6 on default port 15006&quot; daemon prio=5 tid=498 timed_waiting&#10;java.lang.Thread.State: TIMED_WAITING&#10;        at java.base@21.0.8/jdk.internal.misc.Unsafe.park(Native Method)&#10;        at java.base@21.0.8/java.util.concurrent.locks.LockSupport.parkNanos(LockSupport.java:269)&#10;        at java.base@21.0.8/java.util.concurrent.locks.AbstractQueuedSynchronizer$ConditionObject.awaitNanos(AbstractQueuedSynchronizer.java:1763)&#10;        at java.base@21.0.8/java.util.concurrent.LinkedBlockingQueue.poll(LinkedBlockingQueue.java:460)&#10;        at app//org.apache.hadoop.ipc.CallQueueManager.take(CallQueueManager.java:370)&#10;        at app//org.apache.hadoop.ipc.Server$Handler.run(Server.java:3165)&#10;&quot;ContainerDataScanner(/home/runner/work/ozone/ozone/hadoop-ozone/integration-test/target/test-dir/MiniOzoneClusterImpl-871b4ddd-f672-4be1-b73a-1629492f36a3/ozone-metadata/datanode-4/data-0/hdds)&quot; daemon prio=5 tid=818 timed_waiting&#10;java.lang.Thread.State: TIMED_WAITING&#10;        at java.base@21.0.8/java.lang.Thread.sleep0(Native Method)&#10;        at java.base@21.0.8/java.lang.Thread.sleep(Thread.java:509)&#10;        at app//org.apache.hadoop.ozone.container.ozoneimpl.AbstractBackgroundContainerScanner.handleRemainingSleep(AbstractBackgroundContainerScanner.java:133)&#10;        at app//org.apache.hadoop.ozone.container.ozoneimpl.AbstractBackgroundContainerScanner.runIteration(AbstractBackgroundContainerScanner.java:100)&#10;        at app//org.apache.hadoop.ozone.container.ozoneimpl.AbstractBackgroundContainerScanner.run(AbstractBackgroundContainerScanner.java:59)&#10;        at java.base@21.0.8/java.lang.Thread.runWith(Thread.java:1596)&#10;        at java.base@21.0.8/java.lang.Thread.run(Thread.java:1583)&#10;&quot;IPC Server handler 92 on default port 15002&quot; daemon prio=5 tid=431 timed_waiting&#10;java.lang.Thread.State: TIMED_WAITING&#10;        at java.base@21.0.8/jdk.internal.misc.Unsafe.park(Native Method)&#10;        at java.base@21.0.8/java.util.concurrent.locks.LockSupport.parkNanos(LockSupport.java:269)&#10;        at java.base@21.0.8/java.util.concurrent.locks.AbstractQueuedSynchronizer$ConditionObject.awaitNanos(AbstractQueuedSynchronizer.java:1763)&#10;        at java.base@21.0.8/java.util.concurrent.LinkedBlockingQueue.poll(LinkedBlockingQueue.java:460)&#10;        at app//org.apache.hadoop.ipc.CallQueueManager.take(CallQueueManager.java:370)&#10;        at app//org.apache.hadoop.ipc.Server$Handler.run(Server.java:3165)&#10;&quot;25d9f169-1c9e-47c6-a2a2-d20fb3c5fda2-DatanodeStateMachineTaskThread-1&quot;  prio=5 tid=811 in Object.wait()&#10;java.lang.Thread.State: WAITING (on object monitor)&#10;        at java.base@21.0.8/jdk.internal.misc.Unsafe.park(Native Method)&#10;        at java.base@21.0.8/java.util.concurrent.locks.LockSupport.park(LockSupport.java:371)&#10;        at java.base@21.0.8/java.util.concurrent.locks.AbstractQueuedSynchronizer$ConditionNode.block(AbstractQueuedSynchronizer.java:519)&#10;        at java.base@21.0.8/java.util.concurrent.ForkJoinPool.unmanagedBlock(ForkJoinPool.java:3780)&#10;        at java.base@21.0.8/java.util.concurrent.ForkJoinPool.managedBlock(ForkJoinPool.java:3725)&#10;        at java.base@21.0.8/java.util.concurrent.locks.AbstractQueuedSynchronizer$ConditionObject.await(AbstractQueuedSynchronizer.java:1712)&#10;        at java.base@21.0.8/java.util.concurrent.LinkedBlockingQueue.take(LinkedBlockingQueue.java:435)&#10;        at java.base@21.0.8/java.util.concurrent.ThreadPoolExecutor.getTask(ThreadPoolExecutor.java:1070)&#10;        at java.base@21.0.8/java.util.concurrent.ThreadPoolExecutor.runWorker(ThreadPoolExecutor.java:1130)&#10;        at java.base@21.0.8/java.util.concurrent.ThreadPoolExecutor$Worker.run(ThreadPoolExecutor.java:642)&#10;        at java.base@21.0.8/java.lang.Thread.runWith(Thread.java:1596)&#10;        at java.base@21.0.8/java.lang.Thread.run(Thread.java:1583)&#10;&quot;IPC Parameter Sending Thread for 0.0.0.0/0.0.0.0:15000&quot; daemon prio=5 tid=1014 timed_waiting&#10;java.lang.Thread.State: TIMED_WAITING&#10;        at java.base@21.0.8/jdk.internal.misc.Unsafe.park(Native Method)&#10;        at java.base@21.0.8/java.util.concurrent.locks.LockSupport.parkNanos(LockSupport.java:410)&#10;        at java.base@21.0.8/java.util.concurrent.LinkedTransferQueue$DualNode.await(LinkedTransferQueue.java:452)&#10;        at java.base@21.0.8/java.util.concurrent.LinkedTransferQueue.xfer(LinkedTransferQueue.java:613)&#10;        at java.base@21.0.8/java.util.concurrent.SynchronousQueue.xfer(SynchronousQueue.java:235)&#10;        at java.base@21.0.8/java.util.concurrent.SynchronousQueue.poll(SynchronousQueue.java:338)&#10;        at app//org.apache.hadoop.ipc.Client$Connection$RpcRequestSender.run(Client.java:1121)&#10;        at java.base@21.0.8/java.lang.Thread.runWith(Thread.java:1596)&#10;        at java.base@21.0.8/java.lang.Thread.run(Thread.java:1583)&#10;&quot;IPC Server handler 97 on default port 15000&quot; daemon prio=5 tid=218 timed_waiting&#10;java.lang.Thread.State: TIMED_WAITING&#10;        at java.base@21.0.8/jdk.internal.misc.Unsafe.park(Native Method)&#10;        at java.base@21.0.8/java.util.concurrent.locks.LockSupport.parkNanos(LockSupport.java:269)&#10;        at java.base@21.0.8/java.util.concurrent.locks.AbstractQueuedSynchronizer$ConditionObject.awaitNanos(AbstractQueuedSynchronizer.java:1763)&#10;        at java.base@21.0.8/java.util.concurrent.LinkedBlockingQueue.poll(LinkedBlockingQueue.java:460)&#10;        at app//org.apache.hadoop.ipc.CallQueueManager.take(CallQueueManager.java:370)&#10;        at app//org.apache.hadoop.ipc.Server$Handler.run(Server.java:3165)&#10;&quot;IPC Server Responder&quot; daemon prio=5 tid=703 runnable&#10;java.lang.Thread.State: RUNNABLE&#10;        at java.base@21.0.8/sun.nio.ch.EPoll.wait(Native Method)&#10;        at java.base@21.0.8/sun.nio.ch.EPollSelectorImpl.doSelect(EPollSelectorImpl.java:121)&#10;        at java.base@21.0.8/sun.nio.ch.SelectorImpl.lockAndDoSelect(SelectorImpl.java:130)&#10;        at java.base@21.0.8/sun.nio.ch.SelectorImpl.select(SelectorImpl.java:142)&#10;        at app//org.apache.hadoop.ipc.Server$Responder.doRunLoop(Server.java:1733)&#10;        at app//org.apache.hadoop.ipc.Server$Responder.run(Server.java:1716)&#10;&quot;Notification Thread&quot; daemon prio=9 tid=22 runnable&#10;java.lang.Thread.State: RUNNABLE&#10;&quot;surefire-forkedjvm-command-thread&quot; daemon prio=5 tid=25 runnable&#10;java.lang.Thread.State: RUNNABLE&#10;        at java.base@21.0.8/java.io.FileInputStream.readBytes(Native Method)&#10;        at java.base@21.0.8/java.io.FileInputStream.read(FileInputStream.java:287)&#10;        at java.base@21.0.8/java.io.BufferedInputStream.read1(BufferedInputStream.java:345)&#10;        at java.base@21.0.8/java.io.BufferedInputStream.implRead(BufferedInputStream.java:420)&#10;        at java.base@21.0.8/java.io.BufferedInputStream.read(BufferedInputStream.java:399)&#10;        at java.base@21.0.8/java.io.BufferedInputStream.fill(BufferedInputStream.java:291)&#10;        at java.base@21.0.8/java.io.BufferedInputStream.read1(BufferedInputStream.java:347)&#10;        at java.base@21.0.8/java.io.BufferedInputStream.implRead(BufferedInputStream.java:420)&#10;        at java.base@21.0.8/java.io.BufferedInputStream.read(BufferedInputStream.java:399)&#10;        at app//org.apache.maven.surefire.api.util.internal.Channels$3.readImpl(Channels.java:169)&#10;        at app//org.apache.maven.surefire.api.util.internal.AbstractNoninterruptibleReadableChannel.read(AbstractNoninterruptibleReadableChannel.java:50)&#10;        at app//org.apache.maven.surefire.api.stream.AbstractStreamDecoder.read(AbstractStreamDecoder.java:430)&#10;        at app//org.apache.maven.surefire.api.stream.AbstractStreamDecoder.read(AbstractStreamDecoder.java:419)&#10;        at app//org.apache.maven.surefire.api.stream.AbstractStreamDecoder.readMessageType(AbstractStreamDecoder.java:116)&#10;        at app//org.apache.maven.surefire.booter.stream.CommandDecoder.decode(CommandDecoder.java:77)&#10;        at app//org.apache.maven.surefire.booter.spi.CommandChannelDecoder.decode(CommandChannelDecoder.java:60)&#10;        at app//org.apache.maven.surefire.booter.CommandReader$CommandRunnable.run(CommandReader.java:290)&#10;        at java.base@21.0.8/java.lang.Thread.runWith(Thread.java:1596)&#10;        at java.base@21.0.8/java.lang.Thread.run(Thread.java:1583)&#10;&quot;IPC Server handler 9 on default port 15002&quot; daemon prio=5 tid=348 timed_waiting&#10;java.lang.Thread.State: TIMED_WAITING&#10;        at java.base@21.0.8/jdk.internal.misc.Unsafe.park(Native Method)&#10;        at java.base@21.0.8/java.util.concurrent.locks.LockSupport.parkNanos(LockSupport.java:269)&#10;        at java.base@21.0.8/java.util.concurrent.locks.AbstractQueuedSynchronizer$ConditionObject.awaitNanos(AbstractQueuedSynchronizer.java:1763)&#10;        at java.base@21.0.8/java.util.concurrent.LinkedBlockingQueue.poll(LinkedBlockingQueue.java:460)&#10;        at app//org.apache.hadoop.ipc.CallQueueManager.take(CallQueueManager.java:370)&#10;        at app//org.apache.hadoop.ipc.Server$Handler.run(Server.java:3165)&#10;&quot;IPC Server handler 85 on default port 15001&quot; daemon prio=5 tid=306 timed_waiting&#10;java.lang.Thread.State: TIMED_WAITING&#10;        at java.base@21.0.8/jdk.internal.misc.Unsafe.park(Native Method)&#10;        at java.base@21.0.8/java.util.concurrent.locks.LockSupport.parkNanos(LockSupport.java:269)&#10;        at java.base@21.0.8/java.util.concurrent.locks.AbstractQueuedSynchronizer$ConditionObject.awaitNanos(AbstractQueuedSynchronizer.java:1763)&#10;        at java.base@21.0.8/java.util.concurrent.LinkedBlockingQueue.poll(LinkedBlockingQueue.java:460)&#10;        at app//org.apache.hadoop.ipc.CallQueueManager.take(CallQueueManager.java:370)&#10;        at app//org.apache.hadoop.ipc.Server$Handler.run(Server.java:3165)&#10;&quot;IPC Server handler 5 on default port 15043&quot; daemon prio=5 tid=785 timed_waiting&#10;java.lang.Thread.State: TIMED_WAITING&#10;        at java.base@21.0.8/jdk.internal.misc.Unsafe.park(Native Method)&#10;        at java.base@21.0.8/java.util.concurrent.locks.LockSupport.parkNanos(LockSupport.java:269)&#10;        at java.base@21.0.8/java.util.concurrent.locks.AbstractQueuedSynchronizer$ConditionObject.awaitNanos(AbstractQueuedSynchronizer.java:1763)&#10;        at java.base@21.0.8/java.util.concurrent.LinkedBlockingQueue.poll(LinkedBlockingQueue.java:460)&#10;        at app//org.apache.hadoop.ipc.CallQueueManager.take(CallQueueManager.java:370)&#10;        at app//org.apache.hadoop.ipc.Server$Handler.run(Server.java:3165)&#10;&quot;25d9f169-1c9e-47c6-a2a2-d20fb3c5fda2-DatanodeReportManager-3&quot; daemon prio=5 tid=719 timed_waiting&#10;java.lang.Thread.State: TIMED_WAITING&#10;        at java.base@21.0.8/jdk.internal.misc.Unsafe.park(Native Method)&#10;        at java.base@21.0.8/java.util.concurrent.locks.LockSupport.parkNanos(LockSupport.java:269)&#10;        at java.base@21.0.8/java.util.concurrent.locks.AbstractQueuedSynchronizer$ConditionObject.awaitNanos(AbstractQueuedSynchronizer.java:1763)&#10;        at java.base@21.0.8/java.util.concurrent.ScheduledThreadPoolExecutor$DelayedWorkQueue.take(ScheduledThreadPoolExecutor.java:1182)&#10;        at java.base@21.0.8/java.util.concurrent.ScheduledThreadPoolExecutor$DelayedWorkQueue.take(ScheduledThreadPoolExecutor.java:899)&#10;        at java.base@21.0.8/java.util.concurrent.ThreadPoolExecutor.getTask(ThreadPoolExecutor.java:1070)&#10;        at java.base@21.0.8/java.util.concurrent.ThreadPoolExecutor.runWorker(ThreadPoolExecutor.java:1130)&#10;        at java.base@21.0.8/java.util.concurrent.ThreadPoolExecutor$Worker.run(ThreadPoolExecutor.java:642)&#10;        at java.base@21.0.8/java.lang.Thread.runWith(Thread.java:1596)&#10;        at java.base@21.0.8/java.lang.Thread.run(Thread.java:1583)&#10;&quot;07f651f6-8f87-47bb-8f69-34e194401a37@group-1629492F36A3-LeaderStateImpl&quot; daemon prio=5 tid=337 timed_waiting&#10;java.lang.Thread.State: TIMED_WAITING&#10;        at java.base@21.0.8/jdk.internal.misc.Unsafe.park(Native Method)&#10;        at java.base@21.0.8/java.util.concurrent.locks.LockSupport.parkNanos(LockSupport.java:269)&#10;        at java.base@21.0.8/java.util.concurrent.locks.AbstractQueuedSynchronizer$ConditionObject.awaitNanos(AbstractQueuedSynchronizer.java:1763)&#10;        at java.base@21.0.8/java.util.concurrent.ArrayBlockingQueue.poll(ArrayBlockingQueue.java:435)&#10;        at app//org.apache.ratis.server.impl.LeaderStateImpl$EventQueue.poll(LeaderStateImpl.java:168)&#10;        at app//org.apache.ratis.server.impl.LeaderStateImpl$EventProcessor.run(LeaderStateImpl.java:761)&#10;&quot;IPC Server handler 66 on default port 15002&quot; daemon prio=5 tid=405 timed_waiting&#10;java.lang.Thread.State: TIMED_WAITING&#10;        at java.base@21.0.8/jdk.internal.misc.Unsafe.park(Native Method)&#10;        at java.base@21.0.8/java.util.concurrent.locks.LockSupport.parkNanos(LockSupport.java:269)&#10;        at java.base@21.0.8/java.util.concurrent.locks.AbstractQueuedSynchronizer$ConditionObject.awaitNanos(AbstractQueuedSynchronizer.java:1763)&#10;        at java.base@21.0.8/java.util.concurrent.LinkedBlockingQueue.poll(LinkedBlockingQueue.java:460)&#10;        at app//org.apache.hadoop.ipc.CallQueueManager.take(CallQueueManager.java:370)&#10;        at app//org.apache.hadoop.ipc.Server$Handler.run(Server.java:3165)&#10;&quot;qtp976208765-619&quot; daemon prio=5 tid=619 timed_waiting&#10;java.lang.Thread.State: TIMED_WAITING&#10;        at java.base@21.0.8/jdk.internal.misc.Unsafe.park(Native Method)&#10;        at java.base@21.0.8/java.util.concurrent.locks.LockSupport.parkNanos(LockSupport.java:269)&#10;        at java.base@21.0.8/java.util.concurrent.locks.AbstractQueuedSynchronizer$ConditionObject.awaitNanos(AbstractQueuedSynchronizer.java:1763)&#10;        at app//org.eclipse.jetty.util.BlockingArrayQueue.poll(BlockingArrayQueue.java:382)&#10;        at app//org.eclipse.jetty.util.thread.QueuedThreadPool$Runner.idleJobPoll(QueuedThreadPool.java:974)&#10;        at app//org.eclipse.jetty.util.thread.QueuedThreadPool$Runner.run(QueuedThreadPool.java:1018)&#10;        at java.base@21.0.8/java.lang.Thread.runWith(Thread.java:1596)&#10;        at java.base@21.0.8/java.lang.Thread.run(Thread.java:1583)&#10;&quot;IPC Server handler 24 on default port 15000&quot; daemon prio=5 tid=145 timed_waiting&#10;java.lang.Thread.State: TIMED_WAITING&#10;        at java.base@21.0.8/jdk.internal.misc.Unsafe.park(Native Method)&#10;        at java.base@21.0.8/java.util.concurrent.locks.LockSupport.parkNanos(LockSupport.java:269)&#10;        at java.base@21.0.8/java.util.concurrent.locks.AbstractQueuedSynchronizer$ConditionObject.awaitNanos(AbstractQueuedSynchronizer.java:1763)&#10;        at java.base@21.0.8/java.util.concurrent.LinkedBlockingQueue.poll(LinkedBlockingQueue.java:460)&#10;        at app//org.apache.hadoop.ipc.CallQueueManager.take(CallQueueManager.java:370)&#10;        at app//org.apache.hadoop.ipc.Server$Handler.run(Server.java:3165)&#10;&quot;IPC Server handler 59 on default port 15002&quot; daemon prio=5 tid=398 timed_waiting&#10;java.lang.Thread.State: TIMED_WAITING&#10;        at java.base@21.0.8/jdk.internal.misc.Unsafe.park(Native Method)&#10;        at java.base@21.0.8/java.util.concurrent.locks.LockSupport.parkNanos(LockSupport.java:269)&#10;        at java.base@21.0.8/java.util.concurrent.locks.AbstractQueuedSynchronizer$ConditionObject.awaitNanos(AbstractQueuedSynchronizer.java:1763)&#10;        at java.base@21.0.8/java.util.concurrent.LinkedBlockingQueue.poll(LinkedBlockingQueue.java:460)&#10;        at app//org.apache.hadoop.ipc.CallQueueManager.take(CallQueueManager.java:370)&#10;        at app//org.apache.hadoop.ipc.Server$Handler.run(Server.java:3165)&#10;&quot;Socket Reader #8 for port 15001&quot; daemon prio=5 tid=84 runnable&#10;java.lang.Thread.State: RUNNABLE&#10;        at java.base@21.0.8/sun.nio.ch.EPoll.wait(Native Method)&#10;        at java.base@21.0.8/sun.nio.ch.EPollSelectorImpl.doSelect(EPollSelectorImpl.java:121)&#10;        at java.base@21.0.8/sun.nio.ch.SelectorImpl.lockAndDoSelect(SelectorImpl.java:130)&#10;        at java.base@21.0.8/sun.nio.ch.SelectorImpl.select(SelectorImpl.java:147)&#10;        at app//org.apache.hadoop.ipc.Server$Listener$Reader.doRunLoop(Server.java:1497)&#10;        at app//org.apache.hadoop.ipc.Server$Listener$Reader.run(Server.java:1476)&#10;&quot;EventQueue-NodeRegistrationContainerReportForDataNodeSafeModeRule&quot; daemon prio=5 tid=758 in Object.wait()&#10;java.lang.Thread.State: WAITING (on object monitor)&#10;        at java.base@21.0.8/jdk.internal.misc.Unsafe.park(Native Method)&#10;        at java.base@21.0.8/java.util.concurrent.locks.LockSupport.park(LockSupport.java:371)&#10;        at java.base@21.0.8/java.util.concurrent.locks.AbstractQueuedSynchronizer$ConditionNode.block(AbstractQueuedSynchronizer.java:519)&#10;        at java.base@21.0.8/java.util.concurrent.ForkJoinPool.unmanagedBlock(ForkJoinPool.java:3780)&#10;        at java.base@21.0.8/java.util.concurrent.ForkJoinPool.managedBlock(ForkJoinPool.java:3725)&#10;        at java.base@21.0.8/java.util.concurrent.locks.AbstractQueuedSynchronizer$ConditionObject.await(AbstractQueuedSynchronizer.java:1712)&#10;        at java.base@21.0.8/java.util.concurrent.LinkedBlockingQueue.take(LinkedBlockingQueue.java:435)&#10;        at java.base@21.0.8/java.util.concurrent.ThreadPoolExecutor.getTask(ThreadPoolExecutor.java:1070)&#10;        at java.base@21.0.8/java.util.concurrent.ThreadPoolExecutor.runWorker(ThreadPoolExecutor.java:1130)&#10;        at java.base@21.0.8/java.util.concurrent.ThreadPoolExecutor$Worker.run(ThreadPoolExecutor.java:642)&#10;        at java.base@21.0.8/java.lang.Thread.runWith(Thread.java:1596)&#10;        at java.base@21.0.8/java.lang.Thread.run(Thread.java:1583)&#10;&quot;EventQueue-DatanodeCommandForSCMNodeManager&quot;  prio=5 tid=767 in Object.wait()&#10;java.lang.Thread.State: WAITING (on object monitor)&#10;        at java.base@21.0.8/jdk.internal.misc.Unsafe.park(Native Method)&#10;        at java.base@21.0.8/java.util.concurrent.locks.LockSupport.park(LockSupport.java:371)&#10;        at java.base@21.0.8/java.util.concurrent.locks.AbstractQueuedSynchronizer$ConditionNode.block(AbstractQueuedSynchronizer.java:519)&#10;        at java.base@21.0.8/java.util.concurrent.ForkJoinPool.unmanagedBlock(ForkJoinPool.java:3780)&#10;        at java.base@21.0.8/java.util.concurrent.ForkJoinPool.managedBlock(ForkJoinPool.java:3725)&#10;        at java.base@21.0.8/java.util.concurrent.locks.AbstractQueuedSynchronizer$ConditionObject.await(AbstractQueuedSynchronizer.java:1712)&#10;        at java.base@21.0.8/java.util.concurrent.LinkedBlockingQueue.take(LinkedBlockingQueue.java:435)&#10;        at java.base@21.0.8/java.util.concurrent.ThreadPoolExecutor.getTask(ThreadPoolExecutor.java:1070)&#10;        at java.base@21.0.8/java.util.concurrent.ThreadPoolExecutor.runWorker(ThreadPoolExecutor.java:1130)&#10;        at java.base@21.0.8/java.util.concurrent.ThreadPoolExecutor$Worker.run(ThreadPoolExecutor.java:642)&#10;        at java.base@21.0.8/java.lang.Thread.runWith(Thread.java:1596)&#10;        at java.base@21.0.8/java.lang.Thread.run(Thread.java:1583)&#10;&quot;IPC Server handler 20 on default port 15000&quot; daemon prio=5 tid=141 timed_waiting&#10;java.lang.Thread.State: TIMED_WAITING&#10;        at java.base@21.0.8/jdk.internal.misc.Unsafe.park(Native Method)&#10;        at java.base@21.0.8/java.util.concurrent.locks.LockSupport.parkNanos(LockSupport.java:269)&#10;        at java.base@21.0.8/java.util.concurrent.locks.AbstractQueuedSynchronizer$ConditionObject.awaitNanos(AbstractQueuedSynchronizer.java:1763)&#10;        at java.base@21.0.8/java.util.concurrent.LinkedBlockingQueue.poll(LinkedBlockingQueue.java:460)&#10;        at app//org.apache.hadoop.ipc.CallQueueManager.take(CallQueueManager.java:370)&#10;        at app//org.apache.hadoop.ipc.Server$Handler.run(Server.java:3165)&#10;&quot;IPC Server handler 0 on default port 15002&quot; daemon prio=5 tid=339 timed_waiting&#10;java.lang.Thread.State: TIMED_WAITING&#10;        at java.base@21.0.8/jdk.internal.misc.Unsafe.park(Native Method)&#10;        at java.base@21.0.8/java.util.concurrent.locks.LockSupport.parkNanos(LockSupport.java:269)&#10;        at java.base@21.0.8/java.util.concurrent.locks.AbstractQueuedSynchronizer$ConditionObject.awaitNanos(AbstractQueuedSynchronizer.java:1763)&#10;        at java.base@21.0.8/java.util.concurrent.LinkedBlockingQueue.poll(LinkedBlockingQueue.java:460)&#10;        at app//org.apache.hadoop.ipc.CallQueueManager.take(CallQueueManager.java:370)&#10;        at app//org.apache.hadoop.ipc.Server$Handler.run(Server.java:3165)&#10;&quot;IPC Server handler 50 on default port 15002&quot; daemon prio=5 tid=389 timed_waiting&#10;java.lang.Thread.State: TIMED_WAITING&#10;        at java.base@21.0.8/jdk.internal.misc.Unsafe.park(Native Method)&#10;        at java.base@21.0.8/java.util.concurrent.locks.LockSupport.parkNanos(LockSupport.java:269)&#10;        at java.base@21.0.8/java.util.concurrent.locks.AbstractQueuedSynchronizer$ConditionObject.awaitNanos(AbstractQueuedSynchronizer.java:1763)&#10;        at java.base@21.0.8/java.util.concurrent.LinkedBlockingQueue.poll(LinkedBlockingQueue.java:460)&#10;        at app//org.apache.hadoop.ipc.CallQueueManager.take(CallQueueManager.java:370)&#10;        at app//org.apache.hadoop.ipc.Server$Handler.run(Server.java:3165)&#10;&quot;Hadoop-Metrics-Updater-0&quot; daemon prio=5 tid=103 timed_waiting&#10;java.lang.Thread.State: TIMED_WAITING&#10;        at java.base@21.0.8/jdk.internal.misc.Unsafe.park(Native Method)&#10;        at java.base@21.0.8/java.util.concurrent.locks.LockSupport.parkNanos(LockSupport.java:269)&#10;        at java.base@21.0.8/java.util.concurrent.locks.AbstractQueuedSynchronizer$ConditionObject.awaitNanos(AbstractQueuedSynchronizer.java:1763)&#10;        at java.base@21.0.8/java.util.concurrent.ScheduledThreadPoolExecutor$DelayedWorkQueue.take(ScheduledThreadPoolExecutor.java:1182)&#10;        at java.base@21.0.8/java.util.concurrent.ScheduledThreadPoolExecutor$DelayedWorkQueue.take(ScheduledThreadPoolExecutor.java:899)&#10;        at java.base@21.0.8/java.util.concurrent.ThreadPoolExecutor.getTask(ThreadPoolExecutor.java:1070)&#10;        at java.base@21.0.8/java.util.concurrent.ThreadPoolExecutor.runWorker(ThreadPoolExecutor.java:1130)&#10;        at java.base@21.0.8/java.util.concurrent.ThreadPoolExecutor$Worker.run(ThreadPoolExecutor.java:642)&#10;        at java.base@21.0.8/java.lang.Thread.runWith(Thread.java:1596)&#10;        at java.base@21.0.8/java.lang.Thread.run(Thread.java:1583)&#10;&quot;SCMBlockDeletingService#0&quot; daemon prio=5 tid=321 timed_waiting&#10;java.lang.Thread.State: TIMED_WAITING&#10;        at java.base@21.0.8/jdk.internal.misc.Unsafe.park(Native Method)&#10;        at java.base@21.0.8/java.util.concurrent.locks.LockSupport.parkNanos(LockSupport.java:269)&#10;        at java.base@21.0.8/java.util.concurrent.locks.AbstractQueuedSynchronizer$ConditionObject.awaitNanos(AbstractQueuedSynchronizer.java:1763)&#10;        at java.base@21.0.8/java.util.concurrent.ScheduledThreadPoolExecutor$DelayedWorkQueue.take(ScheduledThreadPoolExecutor.java:1182)&#10;        at java.base@21.0.8/java.util.concurrent.ScheduledThreadPoolExecutor$DelayedWorkQueue.take(ScheduledThreadPoolExecutor.java:899)&#10;        at java.base@21.0.8/java.util.concurrent.ThreadPoolExecutor.getTask(ThreadPoolExecutor.java:1070)&#10;        at java.base@21.0.8/java.util.concurrent.ThreadPoolExecutor.runWorker(ThreadPoolExecutor.java:1130)&#10;        at java.base@21.0.8/java.util.concurrent.ThreadPoolExecutor$Worker.run(ThreadPoolExecutor.java:642)&#10;        at java.base@21.0.8/java.lang.Thread.runWith(Thread.java:1596)&#10;        at java.base@21.0.8/java.lang.Thread.run(Thread.java:1583)&#10;&quot;IPC Server handler 64 on default port 15001&quot; daemon prio=5 tid=285 timed_waiting&#10;java.lang.Thread.State: TIMED_WAITING&#10;        at java.base@21.0.8/jdk.internal.misc.Unsafe.park(Native Method)&#10;        at java.base@21.0.8/java.util.concurrent.locks.LockSupport.parkNanos(LockSupport.java:269)&#10;        at java.base@21.0.8/java.util.concurrent.locks.AbstractQueuedSynchronizer$ConditionObject.awaitNanos(AbstractQueuedSynchronizer.java:1763)&#10;        at java.base@21.0.8/java.util.concurrent.LinkedBlockingQueue.poll(LinkedBlockingQueue.java:460)&#10;        at app//org.apache.hadoop.ipc.CallQueueManager.take(CallQueueManager.java:370)&#10;        at app//org.apache.hadoop.ipc.Server$Handler.run(Server.java:3165)&#10;&quot;IPC Server handler 15 on default port 15000&quot; daemon prio=5 tid=136 timed_waiting&#10;java.lang.Thread.State: TIMED_WAITING&#10;        at java.base@21.0.8/jdk.internal.misc.Unsafe.park(Native Method)&#10;        at java.base@21.0.8/java.util.concurrent.locks.LockSupport.parkNanos(LockSupport.java:269)&#10;        at java.base@21.0.8/java.util.concurrent.locks.AbstractQueuedSynchronizer$ConditionObject.awaitNanos(AbstractQueuedSynchronizer.java:1763)&#10;        at java.base@21.0.8/java.util.concurrent.LinkedBlockingQueue.poll(LinkedBlockingQueue.java:460)&#10;        at app//org.apache.hadoop.ipc.CallQueueManager.take(CallQueueManager.java:370)&#10;        at app//org.apache.hadoop.ipc.Server$Handler.run(Server.java:3165)&#10;&quot;IPC Server handler 66 on default port 15000&quot; daemon prio=5 tid=187 timed_waiting&#10;java.lang.Thread.State: TIMED_WAITING&#10;        at java.base@21.0.8/jdk.internal.misc.Unsafe.park(Native Method)&#10;        at java.base@21.0.8/java.util.concurrent.locks.LockSupport.parkNanos(LockSupport.java:269)&#10;        at java.base@21.0.8/java.util.concurrent.locks.AbstractQueuedSynchronizer$ConditionObject.awaitNanos(AbstractQueuedSynchronizer.java:1763)&#10;        at java.base@21.0.8/java.util.concurrent.LinkedBlockingQueue.poll(LinkedBlockingQueue.java:460)&#10;        at app//org.apache.hadoop.ipc.CallQueueManager.take(CallQueueManager.java:370)&#10;        at app//org.apache.hadoop.ipc.Server$Handler.run(Server.java:3165)&#10;&quot;25d9f169-1c9e-47c6-a2a2-d20fb3c5fda2-DatanodeReportManager-0&quot; daemon prio=5 tid=716 in Object.wait()&#10;java.lang.Thread.State: WAITING (on object monitor)&#10;        at java.base@21.0.8/jdk.internal.misc.Unsafe.park(Native Method)&#10;        at java.base@21.0.8/java.util.concurrent.locks.LockSupport.park(LockSupport.java:371)&#10;        at java.base@21.0.8/java.util.concurrent.locks.AbstractQueuedSynchronizer$ConditionNode.block(AbstractQueuedSynchronizer.java:519)&#10;        at java.base@21.0.8/java.util.concurrent.ForkJoinPool.unmanagedBlock(ForkJoinPool.java:3780)&#10;        at java.base@21.0.8/java.util.concurrent.ForkJoinPool.managedBlock(ForkJoinPool.java:3725)&#10;        at java.base@21.0.8/java.util.concurrent.locks.AbstractQueuedSynchronizer$ConditionObject.await(AbstractQueuedSynchronizer.java:1712)&#10;        at java.base@21.0.8/java.util.concurrent.ScheduledThreadPoolExecutor$DelayedWorkQueue.take(ScheduledThreadPoolExecutor.java:1177)&#10;        at java.base@21.0.8/java.util.concurrent.ScheduledThreadPoolExecutor$DelayedWorkQueue.take(ScheduledThreadPoolExecutor.java:899)&#10;        at java.base@21.0.8/java.util.concurrent.ThreadPoolExecutor.getTask(ThreadPoolExecutor.java:1070)&#10;        at java.base@21.0.8/java.util.concurrent.ThreadPoolExecutor.runWorker(ThreadPoolExecutor.java:1130)&#10;        at java.base@21.0.8/java.util.concurrent.ThreadPoolExecutor$Worker.run(ThreadPoolExecutor.java:642)&#10;        at java.base@21.0.8/java.lang.Thread.runWith(Thread.java:1596)&#10;        at java.base@21.0.8/java.lang.Thread.run(Thread.java:1583)&#10;&quot;JvmPauseMonitor2&quot; daemon prio=5 tid=467 timed_waiting&#10;java.lang.Thread.State: TIMED_WAITING&#10;        at java.base@21.0.8/java.lang.Thread.sleep0(Native Method)&#10;        at java.base@21.0.8/java.lang.Thread.sleep(Thread.java:558)&#10;        at java.base@21.0.8/java.util.concurrent.TimeUnit.sleep(TimeUnit.java:446)&#10;        at app//org.apache.ratis.util.TimeDuration.sleep(TimeDuration.java:353)&#10;        at app//org.apache.ratis.util.TimeDuration.sleep(TimeDuration.java:338)&#10;        at app//org.apache.ratis.util.JvmPauseMonitor.detectPause(JvmPauseMonitor.java:160)&#10;        at app//org.apache.ratis.util.JvmPauseMonitor.run(JvmPauseMonitor.java:149)&#10;        at app//org.apache.ratis.util.JvmPauseMonitor$$Lambda/0x00007fd1ac3b8ac8.run(Unknown Source)&#10;        at java.base@21.0.8/java.lang.Thread.runWith(Thread.java:1596)&#10;        at java.base@21.0.8/java.lang.Thread.run(Thread.java:1583)&#10;&quot;IPC Server handler 35 on default port 15001&quot; daemon prio=5 tid=256 timed_waiting&#10;java.lang.Thread.State: TIMED_WAITING&#10;        at java.base@21.0.8/jdk.internal.misc.Unsafe.park(Native Method)&#10;        at java.base@21.0.8/java.util.concurrent.locks.LockSupport.parkNanos(LockSupport.java:269)&#10;        at java.base@21.0.8/java.util.concurrent.locks.AbstractQueuedSynchronizer$ConditionObject.awaitNanos(AbstractQueuedSynchronizer.java:1763)&#10;        at java.base@21.0.8/java.util.concurrent.LinkedBlockingQueue.poll(LinkedBlockingQueue.java:460)&#10;        at app//org.apache.hadoop.ipc.CallQueueManager.take(CallQueueManager.java:370)&#10;        at app//org.apache.hadoop.ipc.Server$Handler.run(Server.java:3165)&#10;&quot;Socket Reader #6 for port 15043&quot; daemon prio=5 tid=768 runnable&#10;java.lang.Thread.State: RUNNABLE&#10;        at java.base@21.0.8/sun.nio.ch.EPoll.wait(Native Method)&#10;        at java.base@21.0.8/sun.nio.ch.EPollSelectorImpl.doSelect(EPollSelectorImpl.java:121)&#10;        at java.base@21.0.8/sun.nio.ch.SelectorImpl.lockAndDoSelect(SelectorImpl.java:130)&#10;        at java.base@21.0.8/sun.nio.ch.SelectorImpl.select(SelectorImpl.java:147)&#10;        at app//org.apache.hadoop.ipc.Server$Listener$Reader.doRunLoop(Server.java:1497)&#10;        at app//org.apache.hadoop.ipc.Server$Listener$Reader.run(Server.java:1476)&#10;&quot;IPC Server handler 17 on default port 15002&quot; daemon prio=5 tid=356 timed_waiting&#10;java.lang.Thread.State: TIMED_WAITING&#10;        at java.base@21.0.8/jdk.internal.misc.Unsafe.park(Native Method)&#10;        at java.base@21.0.8/java.util.concurrent.locks.LockSupport.parkNanos(LockSupport.java:269)&#10;        at java.base@21.0.8/java.util.concurrent.locks.AbstractQueuedSynchronizer$ConditionObject.awaitNanos(AbstractQueuedSynchronizer.java:1763)&#10;        at java.base@21.0.8/java.util.concurrent.LinkedBlockingQueue.poll(LinkedBlockingQueue.java:460)&#10;        at app//org.apache.hadoop.ipc.CallQueueManager.take(CallQueueManager.java:370)&#10;        at app//org.apache.hadoop.ipc.Server$Handler.run(Server.java:3165)&#10;&quot;IPC Server handler 24 on default port 15002&quot; daemon prio=5 tid=363 timed_waiting&#10;java.lang.Thread.State: TIMED_WAITING&#10;        at java.base@21.0.8/jdk.internal.misc.Unsafe.park(Native Method)&#10;        at java.base@21.0.8/java.util.concurrent.locks.LockSupport.parkNanos(LockSupport.java:269)&#10;        at java.base@21.0.8/java.util.concurrent.locks.AbstractQueuedSynchronizer$ConditionObject.awaitNanos(AbstractQueuedSynchronizer.java:1763)&#10;        at java.base@21.0.8/java.util.concurrent.LinkedBlockingQueue.poll(LinkedBlockingQueue.java:460)&#10;        at app//org.apache.hadoop.ipc.CallQueueManager.take(CallQueueManager.java:370)&#10;        at app//org.apache.hadoop.ipc.Server$Handler.run(Server.java:3165)&#10;&quot;IPC Server handler 60 on default port 15002&quot; daemon prio=5 tid=399 timed_waiting&#10;java.lang.Thread.State: TIMED_WAITING&#10;        at java.base@21.0.8/jdk.internal.misc.Unsafe.park(Native Method)&#10;        at java.base@21.0.8/java.util.concurrent.locks.LockSupport.parkNanos(LockSupport.java:269)&#10;        at java.base@21.0.8/java.util.concurrent.locks.AbstractQueuedSynchronizer$ConditionObject.awaitNanos(AbstractQueuedSynchronizer.java:1763)&#10;        at java.base@21.0.8/java.util.concurrent.LinkedBlockingQueue.poll(LinkedBlockingQueue.java:460)&#10;        at app//org.apache.hadoop.ipc.CallQueueManager.take(CallQueueManager.java:370)&#10;        at app//org.apache.hadoop.ipc.Server$Handler.run(Server.java:3165)&#10;&quot;18da7ee6-49f7-45ee-8090-861a49f32d36-BlockDeletingService#1&quot; daemon prio=5 tid=808 in Object.wait()&#10;java.lang.Thread.State: WAITING (on object monitor)&#10;        at java.base@21.0.8/jdk.internal.misc.Unsafe.park(Native Method)&#10;        at java.base@21.0.8/java.util.concurrent.locks.LockSupport.park(LockSupport.java:371)&#10;        at java.base@21.0.8/java.util.concurrent.locks.AbstractQueuedSynchronizer$ConditionNode.block(AbstractQueuedSynchronizer.java:519)&#10;        at java.base@21.0.8/java.util.concurrent.ForkJoinPool.unmanagedBlock(ForkJoinPool.java:3780)&#10;        at java.base@21.0.8/java.util.concurrent.ForkJoinPool.managedBlock(ForkJoinPool.java:3725)&#10;        at java.base@21.0.8/java.util.concurrent.locks.AbstractQueuedSynchronizer$ConditionObject.await(AbstractQueuedSynchronizer.java:1712)&#10;        at java.base@21.0.8/java.util.concurrent.ScheduledThreadPoolExecutor$DelayedWorkQueue.take(ScheduledThreadPoolExecutor.java:1177)&#10;        at java.base@21.0.8/java.util.concurrent.ScheduledThreadPoolExecutor$DelayedWorkQueue.take(ScheduledThreadPoolExecutor.java:899)&#10;        at java.base@21.0.8/java.util.concurrent.ThreadPoolExecutor.getTask(ThreadPoolExecutor.java:1070)&#10;        at java.base@21.0.8/java.util.concurrent.ThreadPoolExecutor.runWorker(ThreadPoolExecutor.java:1130)&#10;        at java.base@21.0.8/java.util.concurrent.ThreadPoolExecutor$Worker.run(ThreadPoolExecutor.java:642)&#10;        at java.base@21.0.8/java.lang.Thread.runWith(Thread.java:1596)&#10;        at java.base@21.0.8/java.lang.Thread.run(Thread.java:1583)&#10;&quot;timer1&quot; daemon prio=5 tid=987 timed_waiting&#10;java.lang.Thread.State: TIMED_WAITING&#10;        at java.base@21.0.8/java.lang.Object.wait0(Native Method)&#10;        at java.base@21.0.8/java.lang.Object.wait(Object.java:366)&#10;        at java.base@21.0.8/java.util.TimerThread.mainLoop(Timer.java:563)&#10;        at java.base@21.0.8/java.util.TimerThread.run(Timer.java:516)&#10;&quot;IPC Server handler 19 on default port 15001&quot; daemon prio=5 tid=240 timed_waiting&#10;java.lang.Thread.State: TIMED_WAITING&#10;        at java.base@21.0.8/jdk.internal.misc.Unsafe.park(Native Method)&#10;        at java.base@21.0.8/java.util.concurrent.locks.LockSupport.parkNanos(LockSupport.java:269)&#10;        at java.base@21.0.8/java.util.concurrent.locks.AbstractQueuedSynchronizer$ConditionObject.awaitNanos(AbstractQueuedSynchronizer.java:1763)&#10;        at java.base@21.0.8/java.util.concurrent.LinkedBlockingQueue.poll(LinkedBlockingQueue.java:460)&#10;        at app//org.apache.hadoop.ipc.CallQueueManager.take(CallQueueManager.java:370)&#10;        at app//org.apache.hadoop.ipc.Server$Handler.run(Server.java:3165)&#10;&quot;EventQueue-NodeReportForNodeReportHandler&quot; daemon prio=5 tid=831 in Object.wait()&#10;java.lang.Thread.State: WAITING (on object monitor)&#10;        at java.base@21.0.8/jdk.internal.misc.Unsafe.park(Native Method)&#10;        at java.base@21.0.8/java.util.concurrent.locks.LockSupport.park(LockSupport.java:371)&#10;        at java.base@21.0.8/java.util.concurrent.locks.AbstractQueuedSynchronizer$ConditionNode.block(AbstractQueuedSynchronizer.java:519)&#10;        at java.base@21.0.8/java.util.concurrent.ForkJoinPool.unmanagedBlock(ForkJoinPool.java:3780)&#10;        at java.base@21.0.8/java.util.concurrent.ForkJoinPool.managedBlock(ForkJoinPool.java:3725)&#10;        at java.base@21.0.8/java.util.concurrent.locks.AbstractQueuedSynchronizer$ConditionObject.await(AbstractQueuedSynchronizer.java:1712)&#10;        at java.base@21.0.8/java.util.concurrent.LinkedBlockingQueue.take(LinkedBlockingQueue.java:435)&#10;        at java.base@21.0.8/java.util.concurrent.ThreadPoolExecutor.getTask(ThreadPoolExecutor.java:1070)&#10;        at java.base@21.0.8/java.util.concurrent.ThreadPoolExecutor.runWorker(ThreadPoolExecutor.java:1130)&#10;        at java.base@21.0.8/java.util.concurrent.ThreadPoolExecutor$Worker.run(ThreadPoolExecutor.java:642)&#10;        at java.base@21.0.8/java.lang.Thread.runWith(Thread.java:1596)&#10;        at java.base@21.0.8/java.lang.Thread.run(Thread.java:1583)&#10;&quot;FixedThreadPoolWithAffinityExecutor-5-0&quot; daemon prio=5 tid=109 timed_waiting&#10;java.lang.Thread.State: TIMED_WAITING&#10;        at java.base@21.0.8/jdk.internal.misc.Unsafe.park(Native Method)&#10;        at java.base@21.0.8/java.util.concurrent.locks.LockSupport.parkNanos(LockSupport.java:269)&#10;        at java.base@21.0.8/java.util.concurrent.locks.AbstractQueuedSynchronizer$ConditionObject.awaitNanos(AbstractQueuedSynchronizer.java:1763)&#10;        at java.base@21.0.8/java.util.concurrent.LinkedBlockingQueue.poll(LinkedBlockingQueue.java:460)&#10;        at app//org.apache.hadoop.hdds.scm.server.ContainerReportQueue.poll(ContainerReportQueue.java:269)&#10;        at app//org.apache.hadoop.hdds.scm.server.ContainerReportQueue.poll(ContainerReportQueue.java:42)&#10;        at app//org.apache.hadoop.hdds.server.events.FixedThreadPoolWithAffinityExecutor$ContainerReportProcessTask.run(FixedThreadPoolWithAffinityExecutor.java:228)&#10;        at java.base@21.0.8/java.util.concurrent.Executors$RunnableAdapter.call(Executors.java:572)&#10;        at java.base@21.0.8/java.util.concurrent.FutureTask.run(FutureTask.java:317)&#10;        at java.base@21.0.8/java.util.concurrent.ThreadPoolExecutor.runWorker(ThreadPoolExecutor.java:1144)&#10;        at java.base@21.0.8/java.util.concurrent.ThreadPoolExecutor$Worker.run(ThreadPoolExecutor.java:642)&#10;        at java.base@21.0.8/java.lang.Thread.runWith(Thread.java:1596)&#10;        at java.base@21.0.8/java.lang.Thread.run(Thread.java:1583)&#10;&quot;Socket Reader #4 for port 15002&quot; daemon prio=5 tid=66 runnable&#10;java.lang.Thread.State: RUNNABLE&#10;        at java.base@21.0.8/sun.nio.ch.EPoll.wait(Native Method)&#10;        at java.base@21.0.8/sun.nio.ch.EPollSelectorImpl.doSelect(EPollSelectorImpl.java:121)&#10;        at java.base@21.0.8/sun.nio.ch.SelectorImpl.lockAndDoSelect(SelectorImpl.java:130)&#10;        at java.base@21.0.8/sun.nio.ch.SelectorImpl.select(SelectorImpl.java:147)&#10;        at app//org.apache.hadoop.ipc.Server$Listener$Reader.doRunLoop(Server.java:1497)&#10;        at app//org.apache.hadoop.ipc.Server$Listener$Reader.run(Server.java:1476)&#10;&quot;d3e19d45-0b2b-4921-9b28-39a5e9747ac8-BlockDeletingService#1&quot; daemon prio=5 tid=847 timed_waiting&#10;java.lang.Thread.State: TIMED_WAITING&#10;        at java.base@21.0.8/jdk.internal.misc.Unsafe.park(Native Method)&#10;        at java.base@21.0.8/java.util.concurrent.locks.LockSupport.parkNanos(LockSupport.java:269)&#10;        at java.base@21.0.8/java.util.concurrent.locks.AbstractQueuedSynchronizer$ConditionObject.awaitNanos(AbstractQueuedSynchronizer.java:1763)&#10;        at java.base@21.0.8/java.util.concurrent.ScheduledThreadPoolExecutor$DelayedWorkQueue.take(ScheduledThreadPoolExecutor.java:1182)&#10;        at java.base@21.0.8/java.util.concurrent.ScheduledThreadPoolExecutor$DelayedWorkQueue.take(ScheduledThreadPoolExecutor.java:899)&#10;        at java.base@21.0.8/java.util.concurrent.ThreadPoolExecutor.getTask(ThreadPoolExecutor.java:1070)&#10;        at java.base@21.0.8/java.util.concurrent.ThreadPoolExecutor.runWorker(ThreadPoolExecutor.java:1130)&#10;        at java.base@21.0.8/java.util.concurrent.ThreadPoolExecutor$Worker.run(ThreadPoolExecutor.java:642)&#10;        at java.base@21.0.8/java.lang.Thread.runWith(Thread.java:1596)&#10;        at java.base@21.0.8/java.lang.Thread.run(Thread.java:1583)&#10;&quot;07f651f6-8f87-47bb-8f69-34e194401a37@group-1629492F36A3-SegmentedRaftLogWorker&quot; daemon prio=5 tid=115 timed_waiting&#10;java.lang.Thread.State: TIMED_WAITING&#10;        at java.base@21.0.8/jdk.internal.misc.Unsafe.park(Native Method)&#10;        at java.base@21.0.8/java.util.concurrent.locks.LockSupport.parkNanos(LockSupport.java:269)&#10;        at java.base@21.0.8/java.util.concurrent.locks.AbstractQueuedSynchronizer$ConditionObject.awaitNanos(AbstractQueuedSynchronizer.java:1763)&#10;        at app//org.apache.ratis.util.DataBlockingQueue.poll(DataBlockingQueue.java:148)&#10;        at app//org.apache.ratis.server.raftlog.segmented.SegmentedRaftLogWorker.run(SegmentedRaftLogWorker.java:309)&#10;        at app//org.apache.ratis.server.raftlog.segmented.SegmentedRaftLogWorker$$Lambda/0x00007fd1ac39e8e0.run(Unknown Source)&#10;        at java.base@21.0.8/java.util.concurrent.Executors$RunnableAdapter.call(Executors.java:572)&#10;        at java.base@21.0.8/java.util.concurrent.FutureTask.run(FutureTask.java:317)&#10;        at java.base@21.0.8/java.util.concurrent.ThreadPoolExecutor.runWorker(ThreadPoolExecutor.java:1144)&#10;        at java.base@21.0.8/java.util.concurrent.ThreadPoolExecutor$Worker.run(ThreadPoolExecutor.java:642)&#10;        at java.base@21.0.8/java.lang.Thread.runWith(Thread.java:1596)&#10;        at java.base@21.0.8/java.lang.Thread.run(Thread.java:1583)&#10;&quot;IPC Server handler 16 on default port 15000&quot; daemon prio=5 tid=137 timed_waiting&#10;java.lang.Thread.State: TIMED_WAITING&#10;        at java.base@21.0.8/jdk.internal.misc.Unsafe.park(Native Method)&#10;        at java.base@21.0.8/java.util.concurrent.locks.LockSupport.parkNanos(LockSupport.java:269)&#10;        at java.base@21.0.8/java.util.concurrent.locks.AbstractQueuedSynchronizer$ConditionObject.awaitNanos(AbstractQueuedSynchronizer.java:1763)&#10;        at java.base@21.0.8/java.util.concurrent.LinkedBlockingQueue.poll(LinkedBlockingQueue.java:460)&#10;        at app//org.apache.hadoop.ipc.CallQueueManager.take(CallQueueManager.java:370)&#10;        at app//org.apache.hadoop.ipc.Server$Handler.run(Server.java:3165)&#10;&quot;IPC Server handler 8 on default port 15027&quot; daemon prio=5 tid=645 timed_waiting&#10;java.lang.Thread.State: TIMED_WAITING&#10;        at java.base@21.0.8/jdk.internal.misc.Unsafe.park(Native Method)&#10;        at java.base@21.0.8/java.util.concurrent.locks.LockSupport.parkNanos(LockSupport.java:269)&#10;        at java.base@21.0.8/java.util.concurrent.locks.AbstractQueuedSynchronizer$ConditionObject.awaitNanos(AbstractQueuedSynchronizer.java:1763)&#10;        at java.base@21.0.8/java.util.concurrent.LinkedBlockingQueue.poll(LinkedBlockingQueue.java:460)&#10;        at app//org.apache.hadoop.ipc.CallQueueManager.take(CallQueueManager.java:370)&#10;        at app//org.apache.hadoop.ipc.Server$Handler.run(Server.java:3165)&#10;&quot;25d9f169-1c9e-47c6-a2a2-d20fb3c5fda2-ChunkWriter-3-0&quot; daemon prio=5 tid=822 in Object.wait()&#10;java.lang.Thread.State: WAITING (on object monitor)&#10;        at java.base@21.0.8/jdk.internal.misc.Unsafe.park(Native Method)&#10;        at java.base@21.0.8/java.util.concurrent.locks.LockSupport.park(LockSupport.java:371)&#10;        at java.base@21.0.8/java.util.concurrent.locks.AbstractQueuedSynchronizer$ConditionNode.block(AbstractQueuedSynchronizer.java:519)&#10;        at java.base@21.0.8/java.util.concurrent.ForkJoinPool.unmanagedBlock(ForkJoinPool.java:3780)&#10;        at java.base@21.0.8/java.util.concurrent.ForkJoinPool.managedBlock(ForkJoinPool.java:3725)&#10;        at java.base@21.0.8/java.util.concurrent.locks.AbstractQueuedSynchronizer$ConditionObject.await(AbstractQueuedSynchronizer.java:1712)&#10;        at java.base@21.0.8/java.util.concurrent.LinkedBlockingDeque.takeFirst(LinkedBlockingDeque.java:485)&#10;        at java.base@21.0.8/java.util.concurrent.LinkedBlockingDeque.take(LinkedBlockingDeque.java:673)&#10;        at java.base@21.0.8/java.util.concurrent.ThreadPoolExecutor.getTask(ThreadPoolExecutor.java:1070)&#10;        at java.base@21.0.8/java.util.concurrent.ThreadPoolExecutor.runWorker(ThreadPoolExecutor.java:1130)&#10;        at java.base@21.0.8/java.util.concurrent.ThreadPoolExecutor$Worker.run(ThreadPoolExecutor.java:642)&#10;        at java.base@21.0.8/java.lang.Thread.runWith(Thread.java:1596)&#10;        at java.base@21.0.8/java.lang.Thread.run(Thread.java:1583)&#10;&quot;Socket Reader #2 for port 15002&quot; daemon prio=5 tid=64 runnable&#10;java.lang.Thread.State: RUNNABLE&#10;        at java.base@21.0.8/sun.nio.ch.EPoll.wait(Native Method)&#10;        at java.base@21.0.8/sun.nio.ch.EPollSelectorImpl.doSelect(EPollSelectorImpl.java:121)&#10;        at java.base@21.0.8/sun.nio.ch.SelectorImpl.lockAndDoSelect(SelectorImpl.java:130)&#10;        at java.base@21.0.8/sun.nio.ch.SelectorImpl.select(SelectorImpl.java:147)&#10;        at app//org.apache.hadoop.ipc.Server$Listener$Reader.doRunLoop(Server.java:1497)&#10;        at app//org.apache.hadoop.ipc.Server$Listener$Reader.run(Server.java:1476)&#10;&quot;18da7ee6-49f7-45ee-8090-861a49f32d36@group-5F01EAE184E2-LeaderStateImpl&quot; daemon prio=5 tid=1025 timed_waiting&#10;java.lang.Thread.State: TIMED_WAITING&#10;        at java.base@21.0.8/jdk.internal.misc.Unsafe.park(Native Method)&#10;        at java.base@21.0.8/java.util.concurrent.locks.LockSupport.parkNanos(LockSupport.java:269)&#10;        at java.base@21.0.8/java.util.concurrent.locks.AbstractQueuedSynchronizer$ConditionObject.awaitNanos(AbstractQueuedSynchronizer.java:1763)&#10;        at java.base@21.0.8/java.util.concurrent.ArrayBlockingQueue.poll(ArrayBlockingQueue.java:435)&#10;        at app//org.apache.ratis.server.impl.LeaderStateImpl$EventQueue.poll(LeaderStateImpl.java:168)&#10;        at app//org.apache.ratis.server.impl.LeaderStateImpl$EventProcessor.run(LeaderStateImpl.java:761)&#10;&quot;IPC Server handler 75 on default port 15000&quot; daemon prio=5 tid=196 timed_waiting&#10;java.lang.Thread.State: TIMED_WAITING&#10;        at java.base@21.0.8/jdk.internal.misc.Unsafe.park(Native Method)&#10;        at java.base@21.0.8/java.util.concurrent.locks.LockSupport.parkNanos(LockSupport.java:269)&#10;        at java.base@21.0.8/java.util.concurrent.locks.AbstractQueuedSynchronizer$ConditionObject.awaitNanos(AbstractQueuedSynchronizer.java:1763)&#10;        at java.base@21.0.8/java.util.concurrent.LinkedBlockingQueue.poll(LinkedBlockingQueue.java:460)&#10;        at app//org.apache.hadoop.ipc.CallQueueManager.take(CallQueueManager.java:370)&#10;        at app//org.apache.hadoop.ipc.Server$Handler.run(Server.java:3165)&#10;&quot;IPC Server handler 89 on default port 15002&quot; daemon prio=5 tid=428 timed_waiting&#10;java.lang.Thread.State: TIMED_WAITING&#10;        at java.base@21.0.8/jdk.internal.misc.Unsafe.park(Native Method)&#10;        at java.base@21.0.8/java.util.concurrent.locks.LockSupport.parkNanos(LockSupport.java:269)&#10;        at java.base@21.0.8/java.util.concurrent.locks.AbstractQueuedSynchronizer$ConditionObject.awaitNanos(AbstractQueuedSynchronizer.java:1763)&#10;        at java.base@21.0.8/java.util.concurrent.LinkedBlockingQueue.poll(LinkedBlockingQueue.java:460)&#10;        at app//org.apache.hadoop.ipc.CallQueueManager.take(CallQueueManager.java:370)&#10;        at app//org.apache.hadoop.ipc.Server$Handler.run(Server.java:3165)&#10;&quot;IPC Server handler 35 on default port 15000&quot; daemon prio=5 tid=156 timed_waiting&#10;java.lang.Thread.State: TIMED_WAITING&#10;        at java.base@21.0.8/jdk.internal.misc.Unsafe.park(Native Method)&#10;        at java.base@21.0.8/java.util.concurrent.locks.LockSupport.parkNanos(LockSupport.java:269)&#10;        at java.base@21.0.8/java.util.concurrent.locks.AbstractQueuedSynchronizer$ConditionObject.awaitNanos(AbstractQueuedSynchronizer.java:1763)&#10;        at java.base@21.0.8/java.util.concurrent.LinkedBlockingQueue.poll(LinkedBlockingQueue.java:460)&#10;        at app//org.apache.hadoop.ipc.CallQueueManager.take(CallQueueManager.java:370)&#10;        at app//org.apache.hadoop.ipc.Server$Handler.run(Server.java:3165)&#10;&quot;IPC Server handler 87 on default port 15002&quot; daemon prio=5 tid=426 timed_waiting&#10;java.lang.Thread.State: TIMED_WAITING&#10;        at java.base@21.0.8/jdk.internal.misc.Unsafe.park(Native Method)&#10;        at java.base@21.0.8/java.util.concurrent.locks.LockSupport.parkNanos(LockSupport.java:269)&#10;        at java.base@21.0.8/java.util.concurrent.locks.AbstractQueuedSynchronizer$ConditionObject.awaitNanos(AbstractQueuedSynchronizer.java:1763)&#10;        at java.base@21.0.8/java.util.concurrent.LinkedBlockingQueue.poll(LinkedBlockingQueue.java:460)&#10;        at app//org.apache.hadoop.ipc.CallQueueManager.take(CallQueueManager.java:370)&#10;        at app//org.apache.hadoop.ipc.Server$Handler.run(Server.java:3165)&#10;&quot;prometheus&quot; daemon prio=5 tid=333 in Object.wait()&#10;java.lang.Thread.State: WAITING (on object monitor)&#10;        at java.base@21.0.8/java.lang.Object.wait0(Native Method)&#10;        at java.base@21.0.8/java.lang.Object.wait(Object.java:366)&#10;        at java.base@21.0.8/java.lang.Object.wait(Object.java:339)&#10;        at app//org.apache.hadoop.metrics2.impl.SinkQueue.waitForData(SinkQueue.java:114)&#10;        at app//org.apache.hadoop.metrics2.impl.SinkQueue.consumeAll(SinkQueue.java:83)&#10;        at app//org.apache.hadoop.metrics2.impl.MetricsSinkAdapter.publishMetricsFromQueue(MetricsSinkAdapter.java:135)&#10;        at app//org.apache.hadoop.metrics2.impl.MetricsSinkAdapter$1.run(MetricsSinkAdapter.java:89)&#10;&quot;org.apache.hadoop.ozone.container.common.statemachine.commandhandler.DeleteBlocksCommandHandler$DeleteCmdWorker@56e8eecf&quot; daemon prio=5 tid=610 timed_waiting&#10;java.lang.Thread.State: TIMED_WAITING&#10;        at java.base@21.0.8/java.lang.Thread.sleep0(Native Method)&#10;        at java.base@21.0.8/java.lang.Thread.sleep(Thread.java:509)&#10;        at app//org.apache.hadoop.ozone.container.common.statemachine.commandhandler.DeleteBlocksCommandHandler$DeleteCmdWorker.run(DeleteBlocksCommandHandler.java:260)&#10;        at java.base@21.0.8/java.lang.Thread.runWith(Thread.java:1596)&#10;        at java.base@21.0.8/java.lang.Thread.run(Thread.java:1583)&#10;&quot;qtp1960486456-483&quot; daemon prio=5 tid=483 runnable&#10;java.lang.Thread.State: RUNNABLE&#10;        at java.base@21.0.8/sun.nio.ch.EPoll.wait(Native Method)&#10;        at java.base@21.0.8/sun.nio.ch.EPollSelectorImpl.doSelect(EPollSelectorImpl.java:121)&#10;        at java.base@21.0.8/sun.nio.ch.SelectorImpl.lockAndDoSelect(SelectorImpl.java:130)&#10;        at java.base@21.0.8/sun.nio.ch.SelectorImpl.select(SelectorImpl.java:147)&#10;        at app//org.eclipse.jetty.io.ManagedSelector.nioSelect(ManagedSelector.java:183)&#10;        at app//org.eclipse.jetty.io.ManagedSelector.select(ManagedSelector.java:190)&#10;        at app//org.eclipse.jetty.io.ManagedSelector$SelectorProducer.select(ManagedSelector.java:606)&#10;        at app//org.eclipse.jetty.io.ManagedSelector$SelectorProducer.produce(ManagedSelector.java:543)&#10;        at app//org.eclipse.jetty.util.thread.strategy.EatWhatYouKill.produceTask(EatWhatYouKill.java:362)&#10;        at app//org.eclipse.jetty.util.thread.strategy.EatWhatYouKill.doProduce(EatWhatYouKill.java:186)&#10;        at app//org.eclipse.jetty.util.thread.strategy.EatWhatYouKill.tryProduce(EatWhatYouKill.java:173)&#10;        at app//org.eclipse.jetty.util.thread.strategy.EatWhatYouKill.produce(EatWhatYouKill.java:137)&#10;        at app//org.eclipse.jetty.io.ManagedSelector$$Lambda/0x00007fd1ac6ed508.run(Unknown Source)&#10;        at app//org.eclipse.jetty.util.thread.QueuedThreadPool.runJob(QueuedThreadPool.java:883)&#10;        at app//org.eclipse.jetty.util.thread.QueuedThreadPool$Runner.run(QueuedThreadPool.java:1034)&#10;        at java.base@21.0.8/java.lang.Thread.runWith(Thread.java:1596)&#10;        at java.base@21.0.8/java.lang.Thread.run(Thread.java:1583)&#10;&quot;IPC Server handler 39 on default port 15000&quot; daemon prio=5 tid=160 timed_waiting&#10;java.lang.Thread.State: TIMED_WAITING&#10;        at java.base@21.0.8/jdk.internal.misc.Unsafe.park(Native Method)&#10;        at java.base@21.0.8/java.util.concurrent.locks.LockSupport.parkNanos(LockSupport.java:269)&#10;        at java.base@21.0.8/java.util.concurrent.locks.AbstractQueuedSynchronizer$ConditionObject.awaitNanos(AbstractQueuedSynchronizer.java:1763)&#10;        at java.base@21.0.8/java.util.concurrent.LinkedBlockingQueue.poll(LinkedBlockingQueue.java:460)&#10;        at app//org.apache.hadoop.ipc.CallQueueManager.take(CallQueueManager.java:370)&#10;        at app//org.apache.hadoop.ipc.Server$Handler.run(Server.java:3165)&#10;&quot;grpc-default-worker-ELG-3-4&quot; daemon prio=5 tid=878 runnable&#10;java.lang.Thread.State: RUNNABLE&#10;        at app//org.apache.ratis.thirdparty.io.netty.channel.epoll.Native.epollWait0(Native Method)&#10;        at app//org.apache.ratis.thirdparty.io.netty.channel.epoll.Native.epollWait(Native.java:193)&#10;        at app//org.apache.ratis.thirdparty.io.netty.channel.epoll.EpollEventLoop.epollWait(EpollEventLoop.java:304)&#10;        at app//org.apache.ratis.thirdparty.io.netty.channel.epoll.EpollEventLoop.run(EpollEventLoop.java:368)&#10;        at app//org.apache.ratis.thirdparty.io.netty.util.concurrent.SingleThreadEventExecutor$4.run(SingleThreadEventExecutor.java:998)&#10;        at app//org.apache.ratis.thirdparty.io.netty.util.internal.ThreadExecutorMap$2.run(ThreadExecutorMap.java:74)&#10;        at app//org.apache.ratis.thirdparty.io.netty.util.concurrent.FastThreadLocalRunnable.run(FastThreadLocalRunnable.java:30)&#10;        at java.base@21.0.8/java.lang.Thread.runWith(Thread.java:1596)&#10;        at java.base@21.0.8/java.lang.Thread.run(Thread.java:1583)&#10;&quot;IPC Server handler 71 on default port 15001&quot; daemon prio=5 tid=292 timed_waiting&#10;java.lang.Thread.State: TIMED_WAITING&#10;        at java.base@21.0.8/jdk.internal.misc.Unsafe.park(Native Method)&#10;        at java.base@21.0.8/java.util.concurrent.locks.LockSupport.parkNanos(LockSupport.java:269)&#10;        at java.base@21.0.8/java.util.concurrent.locks.AbstractQueuedSynchronizer$ConditionObject.awaitNanos(AbstractQueuedSynchronizer.java:1763)&#10;        at java.base@21.0.8/java.util.concurrent.LinkedBlockingQueue.poll(LinkedBlockingQueue.java:460)&#10;        at app//org.apache.hadoop.ipc.CallQueueManager.take(CallQueueManager.java:370)&#10;        at app//org.apache.hadoop.ipc.Server$Handler.run(Server.java:3165)&#10;&quot;18da7ee6-49f7-45ee-8090-861a49f32d36@group-01F21CBCA59D-SegmentedRaftLogWorker&quot; daemon prio=5 tid=913 timed_waiting&#10;java.lang.Thread.State: TIMED_WAITING&#10;        at java.base@21.0.8/jdk.internal.misc.Unsafe.park(Native Method)&#10;        at java.base@21.0.8/java.util.concurrent.locks.LockSupport.parkNanos(LockSupport.java:269)&#10;        at java.base@21.0.8/java.util.concurrent.locks.AbstractQueuedSynchronizer$ConditionObject.awaitNanos(AbstractQueuedSynchronizer.java:1763)&#10;        at app//org.apache.ratis.util.DataBlockingQueue.poll(DataBlockingQueue.java:148)&#10;        at app//org.apache.ratis.server.raftlog.segmented.SegmentedRaftLogWorker.run(SegmentedRaftLogWorker.java:309)&#10;        at app//org.apache.ratis.server.raftlog.segmented.SegmentedRaftLogWorker$$Lambda/0x00007fd1ac39e8e0.run(Unknown Source)&#10;        at java.base@21.0.8/java.util.concurrent.Executors$RunnableAdapter.call(Executors.java:572)&#10;        at java.base@21.0.8/java.util.concurrent.FutureTask.run(FutureTask.java:317)&#10;        at java.base@21.0.8/java.util.concurrent.ThreadPoolExecutor.runWorker(ThreadPoolExecutor.java:1144)&#10;        at java.base@21.0.8/java.util.concurrent.ThreadPoolExecutor$Worker.run(ThreadPoolExecutor.java:642)&#10;        at java.base@21.0.8/java.lang.Thread.runWith(Thread.java:1596)&#10;        at java.base@21.0.8/java.lang.Thread.run(Thread.java:1583)&#10;&quot;IPC Server handler 37 on default port 15000&quot; daemon prio=5 tid=158 timed_waiting&#10;java.lang.Thread.State: TIMED_WAITING&#10;        at java.base@21.0.8/jdk.internal.misc.Unsafe.park(Native Method)&#10;        at java.base@21.0.8/java.util.concurrent.locks.LockSupport.parkNanos(LockSupport.java:269)&#10;        at java.base@21.0.8/java.util.concurrent.locks.AbstractQueuedSynchronizer$ConditionObject.awaitNanos(AbstractQueuedSynchronizer.java:1763)&#10;        at java.base@21.0.8/java.util.concurrent.LinkedBlockingQueue.poll(LinkedBlockingQueue.java:460)&#10;        at app//org.apache.hadoop.ipc.CallQueueManager.take(CallQueueManager.java:370)&#10;        at app//org.apache.hadoop.ipc.Server$Handler.run(Server.java:3165)&#10;&quot;18da7ee6-49f7-45ee-8090-861a49f32d36-DatanodeReportManager-1&quot; daemon prio=5 tid=649 in Object.wait()&#10;java.lang.Thread.State: WAITING (on object monitor)&#10;        at java.base@21.0.8/jdk.internal.misc.Unsafe.park(Native Method)&#10;        at java.base@21.0.8/java.util.concurrent.locks.LockSupport.park(LockSupport.java:371)&#10;        at java.base@21.0.8/java.util.concurrent.locks.AbstractQueuedSynchronizer$ConditionNode.block(AbstractQueuedSynchronizer.java:519)&#10;        at java.base@21.0.8/java.util.concurrent.ForkJoinPool.unmanagedBlock(ForkJoinPool.java:3780)&#10;        at java.base@21.0.8/java.util.concurrent.ForkJoinPool.managedBlock(ForkJoinPool.java:3725)&#10;        at java.base@21.0.8/java.util.concurrent.locks.AbstractQueuedSynchronizer$ConditionObject.await(AbstractQueuedSynchronizer.java:1712)&#10;        at java.base@21.0.8/java.util.concurrent.ScheduledThreadPoolExecutor$DelayedWorkQueue.take(ScheduledThreadPoolExecutor.java:1177)&#10;        at java.base@21.0.8/java.util.concurrent.ScheduledThreadPoolExecutor$DelayedWorkQueue.take(ScheduledThreadPoolExecutor.java:899)&#10;        at java.base@21.0.8/java.util.concurrent.ThreadPoolExecutor.getTask(ThreadPoolExecutor.java:1070)&#10;        at java.base@21.0.8/java.util.concurrent.ThreadPoolExecutor.runWorker(ThreadPoolExecutor.java:1130)&#10;        at java.base@21.0.8/java.util.concurrent.ThreadPoolExecutor$Worker.run(ThreadPoolExecutor.java:642)&#10;        at java.base@21.0.8/java.lang.Thread.runWith(Thread.java:1596)&#10;        at java.base@21.0.8/java.lang.Thread.run(Thread.java:1583)&#10;&quot;IPC Server handler 91 on default port 15000&quot; daemon prio=5 tid=212 timed_waiting&#10;java.lang.Thread.State: TIMED_WAITING&#10;        at java.base@21.0.8/jdk.internal.misc.Unsafe.park(Native Method)&#10;        at java.base@21.0.8/java.util.concurrent.locks.LockSupport.parkNanos(LockSupport.java:269)&#10;        at java.base@21.0.8/java.util.concurrent.locks.AbstractQueuedSynchronizer$ConditionObject.awaitNanos(AbstractQueuedSynchronizer.java:1763)&#10;        at java.base@21.0.8/java.util.concurrent.LinkedBlockingQueue.poll(LinkedBlockingQueue.java:460)&#10;        at app//org.apache.hadoop.ipc.CallQueueManager.take(CallQueueManager.java:370)&#10;        at app//org.apache.hadoop.ipc.Server$Handler.run(Server.java:3165)&#10;&quot;gradle-enterprise-test-client-gradle-enterprise-test-listener&quot;  prio=5 tid=31 in Object.wait()&#10;java.lang.Thread.State: WAITING (on object monitor)&#10;        at java.base@21.0.8/jdk.internal.misc.Unsafe.park(Native Method)&#10;        at java.base@21.0.8/java.util.concurrent.locks.LockSupport.park(LockSupport.java:371)&#10;        at java.base@21.0.8/java.util.concurrent.locks.AbstractQueuedSynchronizer$ConditionNode.block(AbstractQueuedSynchronizer.java:519)&#10;        at java.base@21.0.8/java.util.concurrent.ForkJoinPool.unmanagedBlock(ForkJoinPool.java:3780)&#10;        at java.base@21.0.8/java.util.concurrent.ForkJoinPool.managedBlock(ForkJoinPool.java:3725)&#10;        at java.base@21.0.8/java.util.concurrent.locks.AbstractQueuedSynchronizer$ConditionObject.await(AbstractQueuedSynchronizer.java:1712)&#10;        at java.base@21.0.8/java.util.concurrent.ArrayBlockingQueue.take(ArrayBlockingQueue.java:420)&#10;        at app//com.gradle.maven.scan.extension.test.listener.obfuscated.k.a.a(SourceFile:130)&#10;        at app//com.gradle.maven.scan.extension.test.listener.obfuscated.k.a.b(SourceFile:93)&#10;        at app//com.gradle.maven.scan.extension.test.listener.obfuscated.k.a$$Lambda/0x00007fd1ac13a548.run(Unknown Source)&#10;        at java.base@21.0.8/java.util.concurrent.Executors$RunnableAdapter.call(Executors.java:572)&#10;        at java.base@21.0.8/java.util.concurrent.FutureTask.run(FutureTask.java:317)&#10;        at java.base@21.0.8/java.util.concurrent.ThreadPoolExecutor.runWorker(ThreadPoolExecutor.java:1144)&#10;        at java.base@21.0.8/java.util.concurrent.ThreadPoolExecutor$Worker.run(ThreadPoolExecutor.java:642)&#10;        at java.base@21.0.8/java.lang.Thread.runWith(Thread.java:1596)&#10;        at java.base@21.0.8/java.lang.Thread.run(Thread.java:1583)&#10;&quot;25d9f169-1c9e-47c6-a2a2-d20fb3c5fda2-DatanodeStateMachineTaskThread-0&quot;  prio=5 tid=721 in Object.wait()&#10;java.lang.Thread.State: WAITING (on object monitor)&#10;        at java.base@21.0.8/jdk.internal.misc.Unsafe.park(Native Method)&#10;        at java.base@21.0.8/java.util.concurrent.locks.LockSupport.park(LockSupport.java:371)&#10;        at java.base@21.0.8/java.util.concurrent.locks.AbstractQueuedSynchronizer$ConditionNode.block(AbstractQueuedSynchronizer.java:519)&#10;        at java.base@21.0.8/java.util.concurrent.ForkJoinPool.unmanagedBlock(ForkJoinPool.java:3780)&#10;        at java.base@21.0.8/java.util.concurrent.ForkJoinPool.managedBlock(ForkJoinPool.java:3725)&#10;        at java.base@21.0.8/java.util.concurrent.locks.AbstractQueuedSynchronizer$ConditionObject.await(AbstractQueuedSynchronizer.java:1712)&#10;        at java.base@21.0.8/java.util.concurrent.LinkedBlockingQueue.take(LinkedBlockingQueue.java:435)&#10;        at java.base@21.0.8/java.util.concurrent.ThreadPoolExecutor.getTask(ThreadPoolExecutor.java:1070)&#10;        at java.base@21.0.8/java.util.concurrent.ThreadPoolExecutor.runWorker(ThreadPoolExecutor.java:1130)&#10;        at java.base@21.0.8/java.util.concurrent.ThreadPoolExecutor$Worker.run(ThreadPoolExecutor.java:642)&#10;        at java.base@21.0.8/java.lang.Thread.runWith(Thread.java:1596)&#10;        at java.base@21.0.8/java.lang.Thread.run(Thread.java:1583)&#10;&quot;qtp1507617108-327&quot; daemon prio=5 tid=327 timed_waiting&#10;java.lang.Thread.State: TIMED_WAITING&#10;        at java.base@21.0.8/jdk.internal.misc.Unsafe.park(Native Method)&#10;        at java.base@21.0.8/java.util.concurrent.locks.LockSupport.parkNanos(LockSupport.java:269)&#10;        at java.base@21.0.8/java.util.concurrent.locks.AbstractQueuedSynchronizer$ConditionObject.awaitNanos(AbstractQueuedSynchronizer.java:1763)&#10;        at app//org.eclipse.jetty.util.BlockingArrayQueue.poll(BlockingArrayQueue.java:382)&#10;        at app//org.eclipse.jetty.util.thread.QueuedThreadPool$Runner.idleJobPoll(QueuedThreadPool.java:974)&#10;        at app//org.eclipse.jetty.util.thread.QueuedThreadPool$Runner.run(QueuedThreadPool.java:1018)&#10;        at java.base@21.0.8/java.lang.Thread.runWith(Thread.java:1596)&#10;        at java.base@21.0.8/java.lang.Thread.run(Thread.java:1583)&#10;&quot;IPC Server listener on 15019&quot; daemon prio=5 tid=575 runnable&#10;java.lang.Thread.State: RUNNABLE&#10;        at java.base@21.0.8/sun.nio.ch.EPoll.wait(Native Method)&#10;        at java.base@21.0.8/sun.nio.ch.EPollSelectorImpl.doSelect(EPollSelectorImpl.java:121)&#10;        at java.base@21.0.8/sun.nio.ch.SelectorImpl.lockAndDoSelect(SelectorImpl.java:130)&#10;        at java.base@21.0.8/sun.nio.ch.SelectorImpl.select(SelectorImpl.java:147)&#10;        at app//org.apache.hadoop.ipc.Server$Listener.run(Server.java:1559)&#10;&quot;IPC Server handler 88 on default port 15001&quot; daemon prio=5 tid=309 timed_waiting&#10;java.lang.Thread.State: TIMED_WAITING&#10;        at java.base@21.0.8/jdk.internal.misc.Unsafe.park(Native Method)&#10;        at java.base@21.0.8/java.util.concurrent.locks.LockSupport.parkNanos(LockSupport.java:269)&#10;        at java.base@21.0.8/java.util.concurrent.locks.AbstractQueuedSynchronizer$ConditionObject.awaitNanos(AbstractQueuedSynchronizer.java:1763)&#10;        at java.base@21.0.8/java.util.concurrent.LinkedBlockingQueue.poll(LinkedBlockingQueue.java:460)&#10;        at app//org.apache.hadoop.ipc.CallQueueManager.take(CallQueueManager.java:370)&#10;        at app//org.apache.hadoop.ipc.Server$Handler.run(Server.java:3165)&#10;&quot;IPC Server handler 39 on default port 15002&quot; daemon prio=5 tid=378 timed_waiting&#10;java.lang.Thread.State: TIMED_WAITING&#10;        at java.base@21.0.8/jdk.internal.misc.Unsafe.park(Native Method)&#10;        at java.base@21.0.8/java.util.concurrent.locks.LockSupport.parkNanos(LockSupport.java:269)&#10;        at java.base@21.0.8/java.util.concurrent.locks.AbstractQueuedSynchronizer$ConditionObject.awaitNanos(AbstractQueuedSynchronizer.java:1763)&#10;        at java.base@21.0.8/java.util.concurrent.LinkedBlockingQueue.poll(LinkedBlockingQueue.java:460)&#10;        at app//org.apache.hadoop.ipc.CallQueueManager.take(CallQueueManager.java:370)&#10;        at app//org.apache.hadoop.ipc.Server$Handler.run(Server.java:3165)&#10;&quot;ForkJoinPool.commonPool-worker-1&quot; daemon prio=5 tid=514 in Object.wait()&#10;java.lang.Thread.State: WAITING (on object monitor)&#10;        at java.base@21.0.8/jdk.internal.misc.Unsafe.park(Native Method)&#10;        at java.base@21.0.8/java.util.concurrent.locks.LockSupport.park(LockSupport.java:371)&#10;        at java.base@21.0.8/java.util.concurrent.ForkJoinPool.awaitWork(ForkJoinPool.java:1893)&#10;        at java.base@21.0.8/java.util.concurrent.ForkJoinPool.runWorker(ForkJoinPool.java:1809)&#10;        at java.base@21.0.8/java.util.concurrent.ForkJoinWorkerThread.run(ForkJoinWorkerThread.java:188)&#10;&quot;om1-KeyDeletingService#0&quot; daemon prio=5 tid=472 in Object.wait()&#10;java.lang.Thread.State: WAITING (on object monitor)&#10;        at java.base@21.0.8/jdk.internal.misc.Unsafe.park(Native Method)&#10;        at java.base@21.0.8/java.util.concurrent.locks.LockSupport.park(LockSupport.java:371)&#10;        at java.base@21.0.8/java.util.concurrent.locks.AbstractQueuedSynchronizer$ConditionNode.block(AbstractQueuedSynchronizer.java:519)&#10;        at java.base@21.0.8/java.util.concurrent.ForkJoinPool.unmanagedBlock(ForkJoinPool.java:3780)&#10;        at java.base@21.0.8/java.util.concurrent.ForkJoinPool.managedBlock(ForkJoinPool.java:3725)&#10;        at java.base@21.0.8/java.util.concurrent.locks.AbstractQueuedSynchronizer$ConditionObject.await(AbstractQueuedSynchronizer.java:1712)&#10;        at java.base@21.0.8/java.util.concurrent.ScheduledThreadPoolExecutor$DelayedWorkQueue.take(ScheduledThreadPoolExecutor.java:1177)&#10;        at java.base@21.0.8/java.util.concurrent.ScheduledThreadPoolExecutor$DelayedWorkQueue.take(ScheduledThreadPoolExecutor.java:899)&#10;        at java.base@21.0.8/java.util.concurrent.ThreadPoolExecutor.getTask(ThreadPoolExecutor.java:1070)&#10;        at java.base@21.0.8/java.util.concurrent.ThreadPoolExecutor.runWorker(ThreadPoolExecutor.java:1130)&#10;        at java.base@21.0.8/java.util.concurrent.ThreadPoolExecutor$Worker.run(ThreadPoolExecutor.java:642)&#10;        at java.base@21.0.8/java.lang.Thread.runWith(Thread.java:1596)&#10;        at java.base@21.0.8/java.lang.Thread.run(Thread.java:1583)&#10;&quot;IPC Server handler 8 on default port 15035&quot; daemon prio=5 tid=713 timed_waiting&#10;java.lang.Thread.State: TIMED_WAITING&#10;        at java.base@21.0.8/jdk.internal.misc.Unsafe.park(Native Method)&#10;        at java.base@21.0.8/java.util.concurrent.locks.LockSupport.parkNanos(LockSupport.java:269)&#10;        at java.base@21.0.8/java.util.concurrent.locks.AbstractQueuedSynchronizer$ConditionObject.awaitNanos(AbstractQueuedSynchronizer.java:1763)&#10;        at java.base@21.0.8/java.util.concurrent.LinkedBlockingQueue.poll(LinkedBlockingQueue.java:460)&#10;        at app//org.apache.hadoop.ipc.CallQueueManager.take(CallQueueManager.java:370)&#10;        at app//org.apache.hadoop.ipc.Server$Handler.run(Server.java:3165)&#10;&quot;IPC Server handler 48 on default port 15001&quot; daemon prio=5 tid=269 timed_waiting&#10;java.lang.Thread.State: TIMED_WAITING&#10;        at java.base@21.0.8/jdk.internal.misc.Unsafe.park(Native Method)&#10;        at java.base@21.0.8/java.util.concurrent.locks.LockSupport.parkNanos(LockSupport.java:269)&#10;        at java.base@21.0.8/java.util.concurrent.locks.AbstractQueuedSynchronizer$ConditionObject.awaitNanos(AbstractQueuedSynchronizer.java:1763)&#10;        at java.base@21.0.8/java.util.concurrent.LinkedBlockingQueue.poll(LinkedBlockingQueue.java:460)&#10;        at app//org.apache.hadoop.ipc.CallQueueManager.take(CallQueueManager.java:370)&#10;        at app//org.apache.hadoop.ipc.Server$Handler.run(Server.java:3165)&#10;&quot;IPC Server handler 55 on default port 15000&quot; daemon prio=5 tid=176 timed_waiting&#10;java.lang.Thread.State: TIMED_WAITING&#10;        at java.base@21.0.8/jdk.internal.misc.Unsafe.park(Native Method)&#10;        at java.base@21.0.8/java.util.concurrent.locks.LockSupport.parkNanos(LockSupport.java:269)&#10;        at java.base@21.0.8/java.util.concurrent.locks.AbstractQueuedSynchronizer$ConditionObject.awaitNanos(AbstractQueuedSynchronizer.java:1763)&#10;        at java.base@21.0.8/java.util.concurrent.LinkedBlockingQueue.poll(LinkedBlockingQueue.java:460)&#10;        at app//org.apache.hadoop.ipc.CallQueueManager.take(CallQueueManager.java:370)&#10;        at app//org.apache.hadoop.ipc.Server$Handler.run(Server.java:3165)&#10;&quot;IPC Server handler 49 on default port 15000&quot; daemon prio=5 tid=170 timed_waiting&#10;java.lang.Thread.State: TIMED_WAITING&#10;        at java.base@21.0.8/jdk.internal.misc.Unsafe.park(Native Method)&#10;        at java.base@21.0.8/java.util.concurrent.locks.LockSupport.parkNanos(LockSupport.java:269)&#10;        at java.base@21.0.8/java.util.concurrent.locks.AbstractQueuedSynchronizer$ConditionObject.awaitNanos(AbstractQueuedSynchronizer.java:1763)&#10;        at java.base@21.0.8/java.util.concurrent.LinkedBlockingQueue.poll(LinkedBlockingQueue.java:460)&#10;        at app//org.apache.hadoop.ipc.CallQueueManager.take(CallQueueManager.java:370)&#10;        at app//org.apache.hadoop.ipc.Server$Handler.run(Server.java:3165)&#10;&quot;IPC Server handler 86 on default port 15002&quot; daemon prio=5 tid=425 timed_waiting&#10;java.lang.Thread.State: TIMED_WAITING&#10;        at java.base@21.0.8/jdk.internal.misc.Unsafe.park(Native Method)&#10;        at java.base@21.0.8/java.util.concurrent.locks.LockSupport.parkNanos(LockSupport.java:269)&#10;        at java.base@21.0.8/java.util.concurrent.locks.AbstractQueuedSynchronizer$ConditionObject.awaitNanos(AbstractQueuedSynchronizer.java:1763)&#10;        at java.base@21.0.8/java.util.concurrent.LinkedBlockingQueue.poll(LinkedBlockingQueue.java:460)&#10;        at app//org.apache.hadoop.ipc.CallQueueManager.take(CallQueueManager.java:370)&#10;        at app//org.apache.hadoop.ipc.Server$Handler.run(Server.java:3165)&#10;&quot;IPC Server listener on 15000&quot; daemon prio=5 tid=90 runnable&#10;java.lang.Thread.State: RUNNABLE&#10;        at java.base@21.0.8/sun.nio.ch.EPoll.wait(Native Method)&#10;        at java.base@21.0.8/sun.nio.ch.EPollSelectorImpl.doSelect(EPollSelectorImpl.java:121)&#10;        at java.base@21.0.8/sun.nio.ch.SelectorImpl.lockAndDoSelect(SelectorImpl.java:130)&#10;        at java.base@21.0.8/sun.nio.ch.SelectorImpl.select(SelectorImpl.java:147)&#10;        at app//org.apache.hadoop.ipc.Server$Listener.run(Server.java:1559)&#10;&quot;IPC Server handler 4 on default port 15000&quot; daemon prio=5 tid=125 timed_waiting&#10;java.lang.Thread.State: TIMED_WAITING&#10;        at java.base@21.0.8/jdk.internal.misc.Unsafe.park(Native Method)&#10;        at java.base@21.0.8/java.util.concurrent.locks.LockSupport.parkNanos(LockSupport.java:269)&#10;        at java.base@21.0.8/java.util.concurrent.locks.AbstractQueuedSynchronizer$ConditionObject.awaitNanos(AbstractQueuedSynchronizer.java:1763)&#10;        at java.base@21.0.8/java.util.concurrent.LinkedBlockingQueue.poll(LinkedBlockingQueue.java:460)&#10;        at app//org.apache.hadoop.ipc.CallQueueManager.take(CallQueueManager.java:370)&#10;        at app//org.apache.hadoop.ipc.Server$Handler.run(Server.java:3165)&#10;&quot;IPC Server handler 3 on default port 15035&quot; daemon prio=5 tid=708 timed_waiting&#10;java.lang.Thread.State: TIMED_WAITING&#10;        at java.base@21.0.8/jdk.internal.misc.Unsafe.park(Native Method)&#10;        at java.base@21.0.8/java.util.concurrent.locks.LockSupport.parkNanos(LockSupport.java:269)&#10;        at java.base@21.0.8/java.util.concurrent.locks.AbstractQueuedSynchronizer$ConditionObject.awaitNanos(AbstractQueuedSynchronizer.java:1763)&#10;        at java.base@21.0.8/java.util.concurrent.LinkedBlockingQueue.poll(LinkedBlockingQueue.java:460)&#10;        at app//org.apache.hadoop.ipc.CallQueueManager.take(CallQueueManager.java:370)&#10;        at app//org.apache.hadoop.ipc.Server$Handler.run(Server.java:3165)&#10;&quot;IPC Server handler 4 on default port 15043&quot; daemon prio=5 tid=784 timed_waiting&#10;java.lang.Thread.State: TIMED_WAITING&#10;        at java.base@21.0.8/jdk.internal.misc.Unsafe.park(Native Method)&#10;        at java.base@21.0.8/java.util.concurrent.locks.LockSupport.parkNanos(LockSupport.java:269)&#10;        at java.base@21.0.8/java.util.concurrent.locks.AbstractQueuedSynchronizer$ConditionObject.awaitNanos(AbstractQueuedSynchronizer.java:1763)&#10;        at java.base@21.0.8/java.util.concurrent.LinkedBlockingQueue.poll(LinkedBlockingQueue.java:460)&#10;        at app//org.apache.hadoop.ipc.CallQueueManager.take(CallQueueManager.java:370)&#10;        at app//org.apache.hadoop.ipc.Server$Handler.run(Server.java:3165)&#10;&quot;om1-SnapshotDiffCleanupService#0&quot; daemon prio=5 tid=444 timed_waiting&#10;java.lang.Thread.State: TIMED_WAITING&#10;        at java.base@21.0.8/jdk.internal.misc.Unsafe.park(Native Method)&#10;        at java.base@21.0.8/java.util.concurrent.locks.LockSupport.parkNanos(LockSupport.java:269)&#10;        at java.base@21.0.8/java.util.concurrent.locks.AbstractQueuedSynchronizer$ConditionObject.awaitNanos(AbstractQueuedSynchronizer.java:1763)&#10;        at java.base@21.0.8/java.util.concurrent.ScheduledThreadPoolExecutor$DelayedWorkQueue.take(ScheduledThreadPoolExecutor.java:1182)&#10;        at java.base@21.0.8/java.util.concurrent.ScheduledThreadPoolExecutor$DelayedWorkQueue.take(ScheduledThreadPoolExecutor.java:899)&#10;        at java.base@21.0.8/java.util.concurrent.ThreadPoolExecutor.getTask(ThreadPoolExecutor.java:1070)&#10;        at java.base@21.0.8/java.util.concurrent.ThreadPoolExecutor.runWorker(ThreadPoolExecutor.java:1130)&#10;        at java.base@21.0.8/java.util.concurrent.ThreadPoolExecutor$Worker.run(ThreadPoolExecutor.java:642)&#10;        at java.base@21.0.8/java.lang.Thread.runWith(Thread.java:1596)&#10;        at java.base@21.0.8/java.lang.Thread.run(Thread.java:1583)&#10;&quot;IPC Server handler 10 on default port 15006&quot; daemon prio=5 tid=502 timed_waiting&#10;java.lang.Thread.State: TIMED_WAITING&#10;        at java.base@21.0.8/jdk.internal.misc.Unsafe.park(Native Method)&#10;        at java.base@21.0.8/java.util.concurrent.locks.LockSupport.parkNanos(LockSupport.java:269)&#10;        at java.base@21.0.8/java.util.concurrent.locks.AbstractQueuedSynchronizer$ConditionObject.awaitNanos(AbstractQueuedSynchronizer.java:1763)&#10;        at java.base@21.0.8/java.util.concurrent.LinkedBlockingQueue.poll(LinkedBlockingQueue.java:460)&#10;        at app//org.apache.hadoop.ipc.CallQueueManager.take(CallQueueManager.java:370)&#10;        at app//org.apache.hadoop.ipc.Server$Handler.run(Server.java:3165)&#10;&quot;IPC Server handler 54 on default port 15001&quot; daemon prio=5 tid=275 timed_waiting&#10;java.lang.Thread.State: TIMED_WAITING&#10;        at java.base@21.0.8/jdk.internal.misc.Unsafe.park(Native Method)&#10;        at java.base@21.0.8/java.util.concurrent.locks.LockSupport.parkNanos(LockSupport.java:269)&#10;        at java.base@21.0.8/java.util.concurrent.locks.AbstractQueuedSynchronizer$ConditionObject.awaitNanos(AbstractQueuedSynchronizer.java:1763)&#10;        at java.base@21.0.8/java.util.concurrent.LinkedBlockingQueue.poll(LinkedBlockingQueue.java:460)&#10;        at app//org.apache.hadoop.ipc.CallQueueManager.take(CallQueueManager.java:370)&#10;        at app//org.apache.hadoop.ipc.Server$Handler.run(Server.java:3165)&#10;&quot;d3e19d45-0b2b-4921-9b28-39a5e9747ac8-ChunkReader-ELG-0&quot; daemon prio=5 tid=845 runnable&#10;java.lang.Thread.State: RUNNABLE&#10;        at app//org.apache.ratis.thirdparty.io.netty.channel.epoll.Native.epollWait(Native Method)&#10;        at app//org.apache.ratis.thirdparty.io.netty.channel.epoll.Native.epollWait(Native.java:220)&#10;        at app//org.apache.ratis.thirdparty.io.netty.channel.epoll.Native.epollWait(Native.java:213)&#10;        at app//org.apache.ratis.thirdparty.io.netty.channel.epoll.EpollEventLoop.epollWaitNoTimerChange(EpollEventLoop.java:308)&#10;        at app//org.apache.ratis.thirdparty.io.netty.channel.epoll.EpollEventLoop.run(EpollEventLoop.java:365)&#10;        at app//org.apache.ratis.thirdparty.io.netty.util.concurrent.SingleThreadEventExecutor$4.run(SingleThreadEventExecutor.java:998)&#10;        at app//org.apache.ratis.thirdparty.io.netty.util.internal.ThreadExecutorMap$2.run(ThreadExecutorMap.java:74)&#10;        at java.base@21.0.8/java.lang.Thread.runWith(Thread.java:1596)&#10;        at java.base@21.0.8/java.lang.Thread.run(Thread.java:1583)&#10;&quot;IPC Server handler 35 on default port 15002&quot; daemon prio=5 tid=374 timed_waiting&#10;java.lang.Thread.State: TIMED_WAITING&#10;        at java.base@21.0.8/jdk.internal.misc.Unsafe.park(Native Method)&#10;        at java.base@21.0.8/java.util.concurrent.locks.LockSupport.parkNanos(LockSupport.java:269)&#10;        at java.base@21.0.8/java.util.concurrent.locks.AbstractQueuedSynchronizer$ConditionObject.awaitNanos(AbstractQueuedSynchronizer.java:1763)&#10;        at java.base@21.0.8/java.util.concurrent.LinkedBlockingQueue.poll(LinkedBlockingQueue.java:460)&#10;        at app//org.apache.hadoop.ipc.CallQueueManager.take(CallQueueManager.java:370)&#10;        at app//org.apache.hadoop.ipc.Server$Handler.run(Server.java:3165)&#10;&quot;IPC Server handler 72 on default port 15002&quot; daemon prio=5 tid=411 timed_waiting&#10;java.lang.Thread.State: TIMED_WAITING&#10;        at java.base@21.0.8/jdk.internal.misc.Unsafe.park(Native Method)&#10;        at java.base@21.0.8/java.util.concurrent.locks.LockSupport.parkNanos(LockSupport.java:269)&#10;        at java.base@21.0.8/java.util.concurrent.locks.AbstractQueuedSynchronizer$ConditionObject.awaitNanos(AbstractQueuedSynchronizer.java:1763)&#10;        at java.base@21.0.8/java.util.concurrent.LinkedBlockingQueue.poll(LinkedBlockingQueue.java:460)&#10;        at app//org.apache.hadoop.ipc.CallQueueManager.take(CallQueueManager.java:370)&#10;        at app//org.apache.hadoop.ipc.Server$Handler.run(Server.java:3165)&#10;&quot;IPC Server handler 83 on default port 15000&quot; daemon prio=5 tid=204 timed_waiting&#10;java.lang.Thread.State: TIMED_WAITING&#10;        at java.base@21.0.8/jdk.internal.misc.Unsafe.park(Native Method)&#10;        at java.base@21.0.8/java.util.concurrent.locks.LockSupport.parkNanos(LockSupport.java:269)&#10;        at java.base@21.0.8/java.util.concurrent.locks.AbstractQueuedSynchronizer$ConditionObject.awaitNanos(AbstractQueuedSynchronizer.java:1763)&#10;        at java.base@21.0.8/java.util.concurrent.LinkedBlockingQueue.poll(LinkedBlockingQueue.java:460)&#10;        at app//org.apache.hadoop.ipc.CallQueueManager.take(CallQueueManager.java:370)&#10;        at app//org.apache.hadoop.ipc.Server$Handler.run(Server.java:3165)&#10;&quot;IPC Server handler 30 on default port 15002&quot; daemon prio=5 tid=369 timed_waiting&#10;java.lang.Thread.State: TIMED_WAITING&#10;        at java.base@21.0.8/jdk.internal.misc.Unsafe.park(Native Method)&#10;        at java.base@21.0.8/java.util.concurrent.locks.LockSupport.parkNanos(LockSupport.java:269)&#10;        at java.base@21.0.8/java.util.concurrent.locks.AbstractQueuedSynchronizer$ConditionObject.awaitNanos(AbstractQueuedSynchronizer.java:1763)&#10;        at java.base@21.0.8/java.util.concurrent.LinkedBlockingQueue.poll(LinkedBlockingQueue.java:460)&#10;        at app//org.apache.hadoop.ipc.CallQueueManager.take(CallQueueManager.java:370)&#10;        at app//org.apache.hadoop.ipc.Server$Handler.run(Server.java:3165)&#10;&quot;om1-OMDoubleBufferFlushThread&quot; daemon prio=5 tid=446 timed_waiting&#10;java.lang.Thread.State: TIMED_WAITING&#10;        at java.base@21.0.8/java.lang.Object.wait0(Native Method)&#10;        at java.base@21.0.8/java.lang.Object.wait(Object.java:366)&#10;        at app//org.apache.hadoop.ozone.om.ratis.OzoneManagerDoubleBuffer.canFlush(OzoneManagerDoubleBuffer.java:547)&#10;        at app//org.apache.hadoop.ozone.om.ratis.OzoneManagerDoubleBuffer.flushTransactions(OzoneManagerDoubleBuffer.java:279)&#10;        at app//org.apache.hadoop.ozone.om.ratis.OzoneManagerDoubleBuffer$$Lambda/0x00007fd1ac7c7ca0.run(Unknown Source)&#10;        at java.base@21.0.8/java.lang.Thread.runWith(Thread.java:1596)&#10;        at java.base@21.0.8/java.lang.Thread.run(Thread.java:1583)&#10;&quot;25d9f169-1c9e-47c6-a2a2-d20fb3c5fda2-PeriodicHDDSVolumeChecker&quot; daemon prio=5 tid=814 timed_waiting&#10;java.lang.Thread.State: TIMED_WAITING&#10;        at java.base@21.0.8/jdk.internal.misc.Unsafe.park(Native Method)&#10;        at java.base@21.0.8/java.util.concurrent.locks.LockSupport.parkNanos(LockSupport.java:269)&#10;        at java.base@21.0.8/java.util.concurrent.locks.AbstractQueuedSynchronizer$ConditionObject.awaitNanos(AbstractQueuedSynchronizer.java:1763)&#10;        at java.base@21.0.8/java.util.concurrent.ScheduledThreadPoolExecutor$DelayedWorkQueue.take(ScheduledThreadPoolExecutor.java:1182)&#10;        at java.base@21.0.8/java.util.concurrent.ScheduledThreadPoolExecutor$DelayedWorkQueue.take(ScheduledThreadPoolExecutor.java:899)&#10;        at java.base@21.0.8/java.util.concurrent.ThreadPoolExecutor.getTask(ThreadPoolExecutor.java:1070)&#10;        at java.base@21.0.8/java.util.concurrent.ThreadPoolExecutor.runWorker(ThreadPoolExecutor.java:1130)&#10;        at java.base@21.0.8/java.util.concurrent.ThreadPoolExecutor$Worker.run(ThreadPoolExecutor.java:642)&#10;        at java.base@21.0.8/java.lang.Thread.runWith(Thread.java:1596)&#10;        at java.base@21.0.8/java.lang.Thread.run(Thread.java:1583)&#10;&quot;IPC Server handler 93 on default port 15001&quot; daemon prio=5 tid=314 timed_waiting&#10;java.lang.Thread.State: TIMED_WAITING&#10;        at java.base@21.0.8/jdk.internal.misc.Unsafe.park(Native Method)&#10;        at java.base@21.0.8/java.util.concurrent.locks.LockSupport.parkNanos(LockSupport.java:269)&#10;        at java.base@21.0.8/java.util.concurrent.locks.AbstractQueuedSynchronizer$ConditionObject.awaitNanos(AbstractQueuedSynchronizer.java:1763)&#10;        at java.base@21.0.8/java.util.concurrent.LinkedBlockingQueue.poll(LinkedBlockingQueue.java:460)&#10;        at app//org.apache.hadoop.ipc.CallQueueManager.take(CallQueueManager.java:370)&#10;        at app//org.apache.hadoop.ipc.Server$Handler.run(Server.java:3165)&#10;&quot;Socket Reader #4 for port 15043&quot; daemon prio=5 tid=765 runnable&#10;java.lang.Thread.State: RUNNABLE&#10;        at java.base@21.0.8/sun.nio.ch.EPoll.wait(Native Method)&#10;        at java.base@21.0.8/sun.nio.ch.EPollSelectorImpl.doSelect(EPollSelectorImpl.java:121)&#10;        at java.base@21.0.8/sun.nio.ch.SelectorImpl.lockAndDoSelect(SelectorImpl.java:130)&#10;        at java.base@21.0.8/sun.nio.ch.SelectorImpl.select(SelectorImpl.java:147)&#10;        at app//org.apache.hadoop.ipc.Server$Listener$Reader.doRunLoop(Server.java:1497)&#10;        at app//org.apache.hadoop.ipc.Server$Listener$Reader.run(Server.java:1476)&#10;&quot;IPC Server handler 65 on default port 15001&quot; daemon prio=5 tid=286 timed_waiting&#10;java.lang.Thread.State: TIMED_WAITING&#10;        at java.base@21.0.8/jdk.internal.misc.Unsafe.park(Native Method)&#10;        at java.base@21.0.8/java.util.concurrent.locks.LockSupport.parkNanos(LockSupport.java:269)&#10;        at java.base@21.0.8/java.util.concurrent.locks.AbstractQueuedSynchronizer$ConditionObject.awaitNanos(AbstractQueuedSynchronizer.java:1763)&#10;        at java.base@21.0.8/java.util.concurrent.LinkedBlockingQueue.poll(LinkedBlockingQueue.java:460)&#10;        at app//org.apache.hadoop.ipc.CallQueueManager.take(CallQueueManager.java:370)&#10;        at app//org.apache.hadoop.ipc.Server$Handler.run(Server.java:3165)&#10;&quot;IPC Server handler 64 on default port 15000&quot; daemon prio=5 tid=185 timed_waiting&#10;java.lang.Thread.State: TIMED_WAITING&#10;        at java.base@21.0.8/jdk.internal.misc.Unsafe.park(Native Method)&#10;        at java.base@21.0.8/java.util.concurrent.locks.LockSupport.parkNanos(LockSupport.java:269)&#10;        at java.base@21.0.8/java.util.concurrent.locks.AbstractQueuedSynchronizer$ConditionObject.awaitNanos(AbstractQueuedSynchronizer.java:1763)&#10;        at java.base@21.0.8/java.util.concurrent.LinkedBlockingQueue.poll(LinkedBlockingQueue.java:460)&#10;        at app//org.apache.hadoop.ipc.CallQueueManager.take(CallQueueManager.java:370)&#10;        at app//org.apache.hadoop.ipc.Server$Handler.run(Server.java:3165)&#10;&quot;Session-HouseKeeper-7e99c50f-1&quot;  prio=5 tid=672 timed_waiting&#10;java.lang.Thread.State: TIMED_WAITING&#10;        at java.base@21.0.8/jdk.internal.misc.Unsafe.park(Native Method)&#10;        at java.base@21.0.8/java.util.concurrent.locks.LockSupport.parkNanos(LockSupport.java:269)&#10;        at java.base@21.0.8/java.util.concurrent.locks.AbstractQueuedSynchronizer$ConditionObject.awaitNanos(AbstractQueuedSynchronizer.java:1763)&#10;        at java.base@21.0.8/java.util.concurrent.ScheduledThreadPoolExecutor$DelayedWorkQueue.take(ScheduledThreadPoolExecutor.java:1182)&#10;        at java.base@21.0.8/java.util.concurrent.ScheduledThreadPoolExecutor$DelayedWorkQueue.take(ScheduledThreadPoolExecutor.java:899)&#10;        at java.base@21.0.8/java.util.concurrent.ThreadPoolExecutor.getTask(ThreadPoolExecutor.java:1070)&#10;        at java.base@21.0.8/java.util.concurrent.ThreadPoolExecutor.runWorker(ThreadPoolExecutor.java:1130)&#10;        at java.base@21.0.8/java.util.concurrent.ThreadPoolExecutor$Worker.run(ThreadPoolExecutor.java:642)&#10;        at java.base@21.0.8/java.lang.Thread.runWith(Thread.java:1596)&#10;        at java.base@21.0.8/java.lang.Thread.run(Thread.java:1583)&#10;&quot;Hadoop-Metrics-Updater-0&quot; daemon prio=5 tid=75 timed_waiting&#10;java.lang.Thread.State: TIMED_WAITING&#10;        at java.base@21.0.8/jdk.internal.misc.Unsafe.park(Native Method)&#10;        at java.base@21.0.8/java.util.concurrent.locks.LockSupport.parkNanos(LockSupport.java:269)&#10;        at java.base@21.0.8/java.util.concurrent.locks.AbstractQueuedSynchronizer$ConditionObject.awaitNanos(AbstractQueuedSynchronizer.java:1763)&#10;        at java.base@21.0.8/java.util.concurrent.ScheduledThreadPoolExecutor$DelayedWorkQueue.take(ScheduledThreadPoolExecutor.java:1182)&#10;        at java.base@21.0.8/java.util.concurrent.ScheduledThreadPoolExecutor$DelayedWorkQueue.take(ScheduledThreadPoolExecutor.java:899)&#10;        at java.base@21.0.8/java.util.concurrent.ThreadPoolExecutor.getTask(ThreadPoolExecutor.java:1070)&#10;        at java.base@21.0.8/java.util.concurrent.ThreadPoolExecutor.runWorker(ThreadPoolExecutor.java:1130)&#10;        at java.base@21.0.8/java.util.concurrent.ThreadPoolExecutor$Worker.run(ThreadPoolExecutor.java:642)&#10;        at java.base@21.0.8/java.lang.Thread.runWith(Thread.java:1596)&#10;        at java.base@21.0.8/java.lang.Thread.run(Thread.java:1583)&#10;&quot;IPC Server handler 42 on default port 15000&quot; daemon prio=5 tid=163 timed_waiting&#10;java.lang.Thread.State: TIMED_WAITING&#10;        at java.base@21.0.8/jdk.internal.misc.Unsafe.park(Native Method)&#10;        at java.base@21.0.8/java.util.concurrent.locks.LockSupport.parkNanos(LockSupport.java:269)&#10;        at java.base@21.0.8/java.util.concurrent.locks.AbstractQueuedSynchronizer$ConditionObject.awaitNanos(AbstractQueuedSynchronizer.java:1763)&#10;        at java.base@21.0.8/java.util.concurrent.LinkedBlockingQueue.poll(LinkedBlockingQueue.java:460)&#10;        at app//org.apache.hadoop.ipc.CallQueueManager.take(CallQueueManager.java:370)&#10;        at app//org.apache.hadoop.ipc.Server$Handler.run(Server.java:3165)&#10;&quot;Socket Reader #7 for port 15027&quot; daemon prio=5 tid=630 runnable&#10;java.lang.Thread.State: RUNNABLE&#10;        at java.base@21.0.8/sun.nio.ch.EPoll.wait(Native Method)&#10;        at java.base@21.0.8/sun.nio.ch.EPollSelectorImpl.doSelect(EPollSelectorImpl.java:121)&#10;        at java.base@21.0.8/sun.nio.ch.SelectorImpl.lockAndDoSelect(SelectorImpl.java:130)&#10;        at java.base@21.0.8/sun.nio.ch.SelectorImpl.select(SelectorImpl.java:147)&#10;        at app//org.apache.hadoop.ipc.Server$Listener$Reader.doRunLoop(Server.java:1497)&#10;        at app//org.apache.hadoop.ipc.Server$Listener$Reader.run(Server.java:1476)&#10;&quot;IPC Server handler 6 on default port 15001&quot; daemon prio=5 tid=227 timed_waiting&#10;java.lang.Thread.State: TIMED_WAITING&#10;        at java.base@21.0.8/jdk.internal.misc.Unsafe.park(Native Method)&#10;        at java.base@21.0.8/java.util.concurrent.locks.LockSupport.parkNanos(LockSupport.java:269)&#10;        at java.base@21.0.8/java.util.concurrent.locks.AbstractQueuedSynchronizer$ConditionObject.awaitNanos(AbstractQueuedSynchronizer.java:1763)&#10;        at java.base@21.0.8/java.util.concurrent.LinkedBlockingQueue.poll(LinkedBlockingQueue.java:460)&#10;        at app//org.apache.hadoop.ipc.CallQueueManager.take(CallQueueManager.java:370)&#10;        at app//org.apache.hadoop.ipc.Server$Handler.run(Server.java:3165)&#10;&quot;83932d67-4fdc-4fe4-8fe1-3df6c3f1844a-ChunkReader-ELG-0&quot; daemon prio=5 tid=738 timed_waiting&#10;java.lang.Thread.State: TIMED_WAITING&#10;        at java.base@21.0.8/java.lang.Thread.sleep0(Native Method)&#10;        at java.base@21.0.8/java.lang.Thread.sleep(Thread.java:509)&#10;        at app//org.apache.ratis.thirdparty.io.netty.util.concurrent.SingleThreadEventExecutor.confirmShutdown(SingleThreadEventExecutor.java:790)&#10;        at app//org.apache.ratis.thirdparty.io.netty.channel.epoll.EpollEventLoop.run(EpollEventLoop.java:423)&#10;        at app//org.apache.ratis.thirdparty.io.netty.util.concurrent.SingleThreadEventExecutor$4.run(SingleThreadEventExecutor.java:998)&#10;        at app//org.apache.ratis.thirdparty.io.netty.util.internal.ThreadExecutorMap$2.run(ThreadExecutorMap.java:74)&#10;        at java.base@21.0.8/java.lang.Thread.runWith(Thread.java:1596)&#10;        at java.base@21.0.8/java.lang.Thread.run(Thread.java:1583)&#10;&quot;25d9f169-1c9e-47c6-a2a2-d20fb3c5fda2-CreatePipelineCommandHandlerThread-0&quot;  prio=5 tid=960 in Object.wait()&#10;java.lang.Thread.State: WAITING (on object monitor)&#10;        at java.base@21.0.8/jdk.internal.misc.Unsafe.park(Native Method)&#10;        at java.base@21.0.8/java.util.concurrent.locks.LockSupport.park(LockSupport.java:371)&#10;        at java.base@21.0.8/java.util.concurrent.locks.AbstractQueuedSynchronizer$ConditionNode.block(AbstractQueuedSynchronizer.java:519)&#10;        at java.base@21.0.8/java.util.concurrent.ForkJoinPool.unmanagedBlock(ForkJoinPool.java:3780)&#10;        at java.base@21.0.8/java.util.concurrent.ForkJoinPool.managedBlock(ForkJoinPool.java:3725)&#10;        at java.base@21.0.8/java.util.concurrent.locks.AbstractQueuedSynchronizer$ConditionObject.await(AbstractQueuedSynchronizer.java:1712)&#10;        at java.base@21.0.8/java.util.concurrent.LinkedBlockingQueue.take(LinkedBlockingQueue.java:435)&#10;        at java.base@21.0.8/java.util.concurrent.ThreadPoolExecutor.getTask(ThreadPoolExecutor.java:1070)&#10;        at java.base@21.0.8/java.util.concurrent.ThreadPoolExecutor.runWorker(ThreadPoolExecutor.java:1130)&#10;        at java.base@21.0.8/java.util.concurrent.ThreadPoolExecutor$Worker.run(ThreadPoolExecutor.java:642)&#10;        at java.base@21.0.8/java.lang.Thread.runWith(Thread.java:1596)&#10;        at java.base@21.0.8/java.lang.Thread.run(Thread.java:1583)&#10;&quot;IPC Server handler 31 on default port 15001&quot; daemon prio=5 tid=252 timed_waiting&#10;java.lang.Thread.State: TIMED_WAITING&#10;        at java.base@21.0.8/jdk.internal.misc.Unsafe.park(Native Method)&#10;        at java.base@21.0.8/java.util.concurrent.locks.LockSupport.parkNanos(LockSupport.java:269)&#10;        at java.base@21.0.8/java.util.concurrent.locks.AbstractQueuedSynchronizer$ConditionObject.awaitNanos(AbstractQueuedSynchronizer.java:1763)&#10;        at java.base@21.0.8/java.util.concurrent.LinkedBlockingQueue.poll(LinkedBlockingQueue.java:460)&#10;        at app//org.apache.hadoop.ipc.CallQueueManager.take(CallQueueManager.java:370)&#10;        at app//org.apache.hadoop.ipc.Server$Handler.run(Server.java:3165)&#10;&quot;qtp1960486456-487&quot; daemon prio=5 tid=487 timed_waiting&#10;java.lang.Thread.State: TIMED_WAITING&#10;        at java.base@21.0.8/jdk.internal.misc.Unsafe.park(Native Method)&#10;        at java.base@21.0.8/java.util.concurrent.locks.LockSupport.parkNanos(LockSupport.java:269)&#10;        at java.base@21.0.8/java.util.concurrent.locks.AbstractQueuedSynchronizer$ConditionObject.awaitNanos(AbstractQueuedSynchronizer.java:1763)&#10;        at app//org.eclipse.jetty.util.BlockingArrayQueue.poll(BlockingArrayQueue.java:382)&#10;        at app//org.eclipse.jetty.util.thread.QueuedThreadPool$Runner.idleJobPoll(QueuedThreadPool.java:974)&#10;        at app//org.eclipse.jetty.util.thread.QueuedThreadPool$Runner.run(QueuedThreadPool.java:1018)&#10;        at java.base@21.0.8/java.lang.Thread.runWith(Thread.java:1596)&#10;        at java.base@21.0.8/java.lang.Thread.run(Thread.java:1583)&#10;&quot;om1-DirectoryDeletingService#2&quot; daemon prio=5 tid=479 in Object.wait()&#10;java.lang.Thread.State: WAITING (on object monitor)&#10;        at java.base@21.0.8/jdk.internal.misc.Unsafe.park(Native Method)&#10;        at java.base@21.0.8/java.util.concurrent.locks.LockSupport.park(LockSupport.java:371)&#10;        at java.base@21.0.8/java.util.concurrent.locks.AbstractQueuedSynchronizer$ConditionNode.block(AbstractQueuedSynchronizer.java:519)&#10;        at java.base@21.0.8/java.util.concurrent.ForkJoinPool.unmanagedBlock(ForkJoinPool.java:3780)&#10;        at java.base@21.0.8/java.util.concurrent.ForkJoinPool.managedBlock(ForkJoinPool.java:3725)&#10;        at java.base@21.0.8/java.util.concurrent.locks.AbstractQueuedSynchronizer$ConditionObject.await(AbstractQueuedSynchronizer.java:1712)&#10;        at java.base@21.0.8/java.util.concurrent.ScheduledThreadPoolExecutor$DelayedWorkQueue.take(ScheduledThreadPoolExecutor.java:1177)&#10;        at java.base@21.0.8/java.util.concurrent.ScheduledThreadPoolExecutor$DelayedWorkQueue.take(ScheduledThreadPoolExecutor.java:899)&#10;        at java.base@21.0.8/java.util.concurrent.ThreadPoolExecutor.getTask(ThreadPoolExecutor.java:1070)&#10;        at java.base@21.0.8/java.util.concurrent.ThreadPoolExecutor.runWorker(ThreadPoolExecutor.java:1130)&#10;        at java.base@21.0.8/java.util.concurrent.ThreadPoolExecutor$Worker.run(ThreadPoolExecutor.java:642)&#10;        at java.base@21.0.8/java.lang.Thread.runWith(Thread.java:1596)&#10;        at java.base@21.0.8/java.lang.Thread.run(Thread.java:1583)&#10;&quot;om1-MultipartUploadCleanupService#0&quot; daemon prio=5 tid=481 timed_waiting&#10;java.lang.Thread.State: TIMED_WAITING&#10;        at java.base@21.0.8/jdk.internal.misc.Unsafe.park(Native Method)&#10;        at java.base@21.0.8/java.util.concurrent.locks.LockSupport.parkNanos(LockSupport.java:269)&#10;        at java.base@21.0.8/java.util.concurrent.locks.AbstractQueuedSynchronizer$ConditionObject.awaitNanos(AbstractQueuedSynchronizer.java:1763)&#10;        at java.base@21.0.8/java.util.concurrent.ScheduledThreadPoolExecutor$DelayedWorkQueue.take(ScheduledThreadPoolExecutor.java:1182)&#10;        at java.base@21.0.8/java.util.concurrent.ScheduledThreadPoolExecutor$DelayedWorkQueue.take(ScheduledThreadPoolExecutor.java:899)&#10;        at java.base@21.0.8/java.util.concurrent.ThreadPoolExecutor.getTask(ThreadPoolExecutor.java:1070)&#10;        at java.base@21.0.8/java.util.concurrent.ThreadPoolExecutor.runWorker(ThreadPoolExecutor.java:1130)&#10;        at java.base@21.0.8/java.util.concurrent.ThreadPoolExecutor$Worker.run(ThreadPoolExecutor.java:642)&#10;        at java.base@21.0.8/java.lang.Thread.runWith(Thread.java:1596)&#10;        at java.base@21.0.8/java.lang.Thread.run(Thread.java:1583)&#10;&quot;LeaseManager#LeaseMonitor&quot; daemon prio=5 tid=322 timed_waiting&#10;java.lang.Thread.State: TIMED_WAITING&#10;        at java.base@21.0.8/jdk.internal.misc.Unsafe.park(Native Method)&#10;        at java.base@21.0.8/java.util.concurrent.locks.LockSupport.parkNanos(LockSupport.java:269)&#10;        at java.base@21.0.8/java.util.concurrent.locks.AbstractQueuedSynchronizer.acquire(AbstractQueuedSynchronizer.java:756)&#10;        at java.base@21.0.8/java.util.concurrent.locks.AbstractQueuedSynchronizer.tryAcquireSharedNanos(AbstractQueuedSynchronizer.java:1126)&#10;        at java.base@21.0.8/java.util.concurrent.Semaphore.tryAcquire(Semaphore.java:415)&#10;        at app//org.apache.hadoop.ozone.lease.LeaseManager$LeaseMonitor.run(LeaseManager.java:283)&#10;        at java.base@21.0.8/java.lang.Thread.runWith(Thread.java:1596)&#10;        at java.base@21.0.8/java.lang.Thread.run(Thread.java:1583)&#10;&quot;Common-Cleaner&quot; daemon prio=8 tid=17 timed_waiting&#10;java.lang.Thread.State: TIMED_WAITING&#10;        at java.base@21.0.8/jdk.internal.misc.Unsafe.park(Native Method)&#10;        at java.base@21.0.8/java.util.concurrent.locks.LockSupport.parkNanos(LockSupport.java:269)&#10;        at java.base@21.0.8/java.util.concurrent.locks.AbstractQueuedSynchronizer$ConditionObject.await(AbstractQueuedSynchronizer.java:1852)&#10;        at java.base@21.0.8/java.lang.ref.ReferenceQueue.await(ReferenceQueue.java:71)&#10;        at java.base@21.0.8/java.lang.ref.ReferenceQueue.remove0(ReferenceQueue.java:143)&#10;        at java.base@21.0.8/java.lang.ref.ReferenceQueue.remove(ReferenceQueue.java:218)&#10;        at java.base@21.0.8/jdk.internal.ref.CleanerImpl.run(CleanerImpl.java:140)&#10;        at java.base@21.0.8/java.lang.Thread.runWith(Thread.java:1596)&#10;        at java.base@21.0.8/java.lang.Thread.run(Thread.java:1583)&#10;        at java.base@21.0.8/jdk.internal.misc.InnocuousThread.run(InnocuousThread.java:186)&#10;&quot;d3e19d45-0b2b-4921-9b28-39a5e9747ac8@group-3551B3BB1E56-StateMachineUpdater&quot; daemon prio=5 tid=867 timed_waiting&#10;java.lang.Thread.State: TIMED_WAITING&#10;        at java.base@21.0.8/jdk.internal.misc.Unsafe.park(Native Method)&#10;        at java.base@21.0.8/java.util.concurrent.locks.LockSupport.parkNanos(LockSupport.java:269)&#10;        at java.base@21.0.8/java.util.concurrent.locks.AbstractQueuedSynchronizer$ConditionObject.await(AbstractQueuedSynchronizer.java:1852)&#10;        at app//org.apache.ratis.util.AwaitForSignal.await(AwaitForSignal.java:65)&#10;        at app//org.apache.ratis.server.impl.StateMachineUpdater.waitForCommit(StateMachineUpdater.java:222)&#10;        at app//org.apache.ratis.server.impl.StateMachineUpdater.run(StateMachineUpdater.java:187)&#10;        at java.base@21.0.8/java.lang.Thread.runWith(Thread.java:1596)&#10;        at java.base@21.0.8/java.lang.Thread.run(Thread.java:1583)&#10;&quot;timer4&quot; daemon prio=5 tid=993 timed_waiting&#10;java.lang.Thread.State: TIMED_WAITING&#10;        at java.base@21.0.8/java.lang.Object.wait0(Native Method)&#10;        at java.base@21.0.8/java.lang.Object.wait(Object.java:366)&#10;        at java.base@21.0.8/java.util.TimerThread.mainLoop(Timer.java:563)&#10;        at java.base@21.0.8/java.util.TimerThread.run(Timer.java:516)&#10;&quot;IPC Server handler 25 on default port 15002&quot; daemon prio=5 tid=364 timed_waiting&#10;java.lang.Thread.State: TIMED_WAITING&#10;        at java.base@21.0.8/jdk.internal.misc.Unsafe.park(Native Method)&#10;        at java.base@21.0.8/java.util.concurrent.locks.LockSupport.parkNanos(LockSupport.java:269)&#10;        at java.base@21.0.8/java.util.concurrent.locks.AbstractQueuedSynchronizer$ConditionObject.awaitNanos(AbstractQueuedSynchronizer.java:1763)&#10;        at java.base@21.0.8/java.util.concurrent.LinkedBlockingQueue.poll(LinkedBlockingQueue.java:460)&#10;        at app//org.apache.hadoop.ipc.CallQueueManager.take(CallQueueManager.java:370)&#10;        at app//org.apache.hadoop.ipc.Server$Handler.run(Server.java:3165)&#10;&quot;ForkJoinPool.commonPool-worker-2&quot; daemon prio=5 tid=829 timed_waiting&#10;java.lang.Thread.State: TIMED_WAITING&#10;        at java.base@21.0.8/jdk.internal.misc.Unsafe.park(Native Method)&#10;        at java.base@21.0.8/java.util.concurrent.locks.LockSupport.parkUntil(LockSupport.java:449)&#10;        at java.base@21.0.8/java.util.concurrent.ForkJoinPool.awaitWork(ForkJoinPool.java:1891)&#10;        at java.base@21.0.8/java.util.concurrent.ForkJoinPool.runWorker(ForkJoinPool.java:1809)&#10;        at java.base@21.0.8/java.util.concurrent.ForkJoinWorkerThread.run(ForkJoinWorkerThread.java:188)&#10;&quot;StaleRecoveringContainerScrubbingService#0&quot; daemon prio=5 tid=826 timed_waiting&#10;java.lang.Thread.State: TIMED_WAITING&#10;        at java.base@21.0.8/jdk.internal.misc.Unsafe.park(Native Method)&#10;        at java.base@21.0.8/java.util.concurrent.locks.LockSupport.parkNanos(LockSupport.java:269)&#10;        at java.base@21.0.8/java.util.concurrent.locks.AbstractQueuedSynchronizer$ConditionObject.awaitNanos(AbstractQueuedSynchronizer.java:1763)&#10;        at java.base@21.0.8/java.util.concurrent.ScheduledThreadPoolExecutor$DelayedWorkQueue.take(ScheduledThreadPoolExecutor.java:1182)&#10;        at java.base@21.0.8/java.util.concurrent.ScheduledThreadPoolExecutor$DelayedWorkQueue.take(ScheduledThreadPoolExecutor.java:899)&#10;        at java.base@21.0.8/java.util.concurrent.ThreadPoolExecutor.getTask(ThreadPoolExecutor.java:1070)&#10;        at java.base@21.0.8/java.util.concurrent.ThreadPoolExecutor.runWorker(ThreadPoolExecutor.java:1130)&#10;        at java.base@21.0.8/java.util.concurrent.ThreadPoolExecutor$Worker.run(ThreadPoolExecutor.java:642)&#10;        at java.base@21.0.8/java.lang.Thread.runWith(Thread.java:1596)&#10;        at java.base@21.0.8/java.lang.Thread.run(Thread.java:1583)&#10;&quot;junit-jupiter-timeout-watcher&quot; daemon prio=10 tid=34 timed_waiting&#10;java.lang.Thread.State: TIMED_WAITING&#10;        at java.base@21.0.8/jdk.internal.misc.Unsafe.park(Native Method)&#10;        at java.base@21.0.8/java.util.concurrent.locks.LockSupport.parkNanos(LockSupport.java:269)&#10;        at java.base@21.0.8/java.util.concurrent.locks.AbstractQueuedSynchronizer$ConditionObject.awaitNanos(AbstractQueuedSynchronizer.java:1763)&#10;        at java.base@21.0.8/java.util.concurrent.ScheduledThreadPoolExecutor$DelayedWorkQueue.take(ScheduledThreadPoolExecutor.java:1182)&#10;        at java.base@21.0.8/java.util.concurrent.ScheduledThreadPoolExecutor$DelayedWorkQueue.take(ScheduledThreadPoolExecutor.java:899)&#10;        at java.base@21.0.8/java.util.concurrent.ThreadPoolExecutor.getTask(ThreadPoolExecutor.java:1070)&#10;        at java.base@21.0.8/java.util.concurrent.ThreadPoolExecutor.runWorker(ThreadPoolExecutor.java:1130)&#10;        at java.base@21.0.8/java.util.concurrent.ThreadPoolExecutor$Worker.run(ThreadPoolExecutor.java:642)&#10;        at java.base@21.0.8/java.lang.Thread.runWith(Thread.java:1596)&#10;        at java.base@21.0.8/java.lang.Thread.run(Thread.java:1583)&#10;&quot;IPC Server handler 37 on default port 15001&quot; daemon prio=5 tid=258 timed_waiting&#10;java.lang.Thread.State: TIMED_WAITING&#10;        at java.base@21.0.8/jdk.internal.misc.Unsafe.park(Native Method)&#10;        at java.base@21.0.8/java.util.concurrent.locks.LockSupport.parkNanos(LockSupport.java:269)&#10;        at java.base@21.0.8/java.util.concurrent.locks.AbstractQueuedSynchronizer$ConditionObject.awaitNanos(AbstractQueuedSynchronizer.java:1763)&#10;        at java.base@21.0.8/java.util.concurrent.LinkedBlockingQueue.poll(LinkedBlockingQueue.java:460)&#10;        at app//org.apache.hadoop.ipc.CallQueueManager.take(CallQueueManager.java:370)&#10;        at app//org.apache.hadoop.ipc.Server$Handler.run(Server.java:3165)&#10;&quot;IPC Server handler 83 on default port 15001&quot; daemon prio=5 tid=304 timed_waiting&#10;java.lang.Thread.State: TIMED_WAITING&#10;        at java.base@21.0.8/jdk.internal.misc.Unsafe.park(Native Method)&#10;        at java.base@21.0.8/java.util.concurrent.locks.LockSupport.parkNanos(LockSupport.java:269)&#10;        at java.base@21.0.8/java.util.concurrent.locks.AbstractQueuedSynchronizer$ConditionObject.awaitNanos(AbstractQueuedSynchronizer.java:1763)&#10;        at java.base@21.0.8/java.util.concurrent.LinkedBlockingQueue.poll(LinkedBlockingQueue.java:460)&#10;        at app//org.apache.hadoop.ipc.CallQueueManager.take(CallQueueManager.java:370)&#10;        at app//org.apache.hadoop.ipc.Server$Handler.run(Server.java:3165)&#10;&quot;IPC Server handler 11 on default port 15001&quot; daemon prio=5 tid=232 timed_waiting&#10;java.lang.Thread.State: TIMED_WAITING&#10;        at java.base@21.0.8/jdk.internal.misc.Unsafe.park(Native Method)&#10;        at java.base@21.0.8/java.util.concurrent.locks.LockSupport.parkNanos(LockSupport.java:269)&#10;        at java.base@21.0.8/java.util.concurrent.locks.AbstractQueuedSynchronizer$ConditionObject.awaitNanos(AbstractQueuedSynchronizer.java:1763)&#10;        at java.base@21.0.8/java.util.concurrent.LinkedBlockingQueue.poll(LinkedBlockingQueue.java:460)&#10;        at app//org.apache.hadoop.ipc.CallQueueManager.take(CallQueueManager.java:370)&#10;        at app//org.apache.hadoop.ipc.Server$Handler.run(Server.java:3165)&#10;&quot;25d9f169-1c9e-47c6-a2a2-d20fb3c5fda2-NettyServerStreamRpc-bossGroup--thread1&quot; daemon prio=5 tid=660 runnable&#10;java.lang.Thread.State: RUNNABLE&#10;        at app//org.apache.ratis.thirdparty.io.netty.channel.epoll.Native.epollWait(Native Method)&#10;        at app//org.apache.ratis.thirdparty.io.netty.channel.epoll.Native.epollWait(Native.java:220)&#10;        at app//org.apache.ratis.thirdparty.io.netty.channel.epoll.Native.epollWait(Native.java:213)&#10;        at app//org.apache.ratis.thirdparty.io.netty.channel.epoll.EpollEventLoop.epollWaitNoTimerChange(EpollEventLoop.java:308)&#10;        at app//org.apache.ratis.thirdparty.io.netty.channel.epoll.EpollEventLoop.run(EpollEventLoop.java:365)&#10;        at app//org.apache.ratis.thirdparty.io.netty.util.concurrent.SingleThreadEventExecutor$4.run(SingleThreadEventExecutor.java:998)&#10;        at app//org.apache.ratis.thirdparty.io.netty.util.internal.ThreadExecutorMap$2.run(ThreadExecutorMap.java:74)&#10;        at java.base@21.0.8/java.lang.Thread.runWith(Thread.java:1596)&#10;        at java.base@21.0.8/java.lang.Thread.run(Thread.java:1583)&#10;&quot;StaleRecoveringContainerScrubbingService#1&quot; daemon prio=5 tid=742 in Object.wait()&#10;java.lang.Thread.State: WAITING (on object monitor)&#10;        at java.base@21.0.8/jdk.internal.misc.Unsafe.park(Native Method)&#10;        at java.base@21.0.8/java.util.concurrent.locks.LockSupport.park(LockSupport.java:371)&#10;        at java.base@21.0.8/java.util.concurrent.locks.AbstractQueuedSynchronizer$ConditionNode.block(AbstractQueuedSynchronizer.java:519)&#10;        at java.base@21.0.8/java.util.concurrent.ForkJoinPool.unmanagedBlock(ForkJoinPool.java:3780)&#10;        at java.base@21.0.8/java.util.concurrent.ForkJoinPool.managedBlock(ForkJoinPool.java:3725)&#10;        at java.base@21.0.8/java.util.concurrent.locks.AbstractQueuedSynchronizer$ConditionObject.await(AbstractQueuedSynchronizer.java:1712)&#10;        at java.base@21.0.8/java.util.concurrent.ScheduledThreadPoolExecutor$DelayedWorkQueue.take(ScheduledThreadPoolExecutor.java:1177)&#10;        at java.base@21.0.8/java.util.concurrent.ScheduledThreadPoolExecutor$DelayedWorkQueue.take(ScheduledThreadPoolExecutor.java:899)&#10;        at java.base@21.0.8/java.util.concurrent.ThreadPoolExecutor.getTask(ThreadPoolExecutor.java:1070)&#10;        at java.base@21.0.8/java.util.concurrent.ThreadPoolExecutor.runWorker(ThreadPoolExecutor.java:1130)&#10;        at java.base@21.0.8/java.util.concurrent.ThreadPoolExecutor$Worker.run(ThreadPoolExecutor.java:642)&#10;        at java.base@21.0.8/java.lang.Thread.runWith(Thread.java:1596)&#10;        at java.base@21.0.8/java.lang.Thread.run(Thread.java:1583)&#10;&quot;Socket Reader #2 for port 15001&quot; daemon prio=5 tid=78 runnable&#10;java.lang.Thread.State: RUNNABLE&#10;        at java.base@21.0.8/sun.nio.ch.EPoll.wait(Native Method)&#10;        at java.base@21.0.8/sun.nio.ch.EPollSelectorImpl.doSelect(EPollSelectorImpl.java:121)&#10;        at java.base@21.0.8/sun.nio.ch.SelectorImpl.lockAndDoSelect(SelectorImpl.java:130)&#10;        at java.base@21.0.8/sun.nio.ch.SelectorImpl.select(SelectorImpl.java:147)&#10;        at app//org.apache.hadoop.ipc.Server$Listener$Reader.doRunLoop(Server.java:1497)&#10;        at app//org.apache.hadoop.ipc.Server$Listener$Reader.run(Server.java:1476)&#10;&quot;IPC Server handler 59 on default port 15000&quot; daemon prio=5 tid=180 timed_waiting&#10;java.lang.Thread.State: TIMED_WAITING&#10;        at java.base@21.0.8/jdk.internal.misc.Unsafe.park(Native Method)&#10;        at java.base@21.0.8/java.util.concurrent.locks.LockSupport.parkNanos(LockSupport.java:269)&#10;        at java.base@21.0.8/java.util.concurrent.locks.AbstractQueuedSynchronizer$ConditionObject.awaitNanos(AbstractQueuedSynchronizer.java:1763)&#10;        at java.base@21.0.8/java.util.concurrent.LinkedBlockingQueue.poll(LinkedBlockingQueue.java:460)&#10;        at app//org.apache.hadoop.ipc.CallQueueManager.take(CallQueueManager.java:370)&#10;        at app//org.apache.hadoop.ipc.Server$Handler.run(Server.java:3165)&#10;&quot;Socket Reader #7 for port 15006&quot; daemon prio=5 tid=456 runnable&#10;java.lang.Thread.State: RUNNABLE&#10;        at java.base@21.0.8/sun.nio.ch.EPoll.wait(Native Method)&#10;        at java.base@21.0.8/sun.nio.ch.EPollSelectorImpl.doSelect(EPollSelectorImpl.java:121)&#10;        at java.base@21.0.8/sun.nio.ch.SelectorImpl.lockAndDoSelect(SelectorImpl.java:130)&#10;        at java.base@21.0.8/sun.nio.ch.SelectorImpl.select(SelectorImpl.java:147)&#10;        at app//org.apache.hadoop.ipc.Server$Listener$Reader.doRunLoop(Server.java:1497)&#10;        at app//org.apache.hadoop.ipc.Server$Listener$Reader.run(Server.java:1476)&#10;&quot;IPC Server handler 44 on default port 15000&quot; daemon prio=5 tid=165 timed_waiting&#10;java.lang.Thread.State: TIMED_WAITING&#10;        at java.base@21.0.8/jdk.internal.misc.Unsafe.park(Native Method)&#10;        at java.base@21.0.8/java.util.concurrent.locks.LockSupport.parkNanos(LockSupport.java:269)&#10;        at java.base@21.0.8/java.util.concurrent.locks.AbstractQueuedSynchronizer$ConditionObject.awaitNanos(AbstractQueuedSynchronizer.java:1763)&#10;        at java.base@21.0.8/java.util.concurrent.LinkedBlockingQueue.poll(LinkedBlockingQueue.java:460)&#10;        at app//org.apache.hadoop.ipc.CallQueueManager.take(CallQueueManager.java:370)&#10;        at app//org.apache.hadoop.ipc.Server$Handler.run(Server.java:3165)&#10;&quot;IPC Server handler 34 on default port 15001&quot; daemon prio=5 tid=255 timed_waiting&#10;java.lang.Thread.State: TIMED_WAITING&#10;        at java.base@21.0.8/jdk.internal.misc.Unsafe.park(Native Method)&#10;        at java.base@21.0.8/java.util.concurrent.locks.LockSupport.parkNanos(LockSupport.java:269)&#10;        at java.base@21.0.8/java.util.concurrent.locks.AbstractQueuedSynchronizer$ConditionObject.awaitNanos(AbstractQueuedSynchronizer.java:1763)&#10;        at java.base@21.0.8/java.util.concurrent.LinkedBlockingQueue.poll(LinkedBlockingQueue.java:460)&#10;        at app//org.apache.hadoop.ipc.CallQueueManager.take(CallQueueManager.java:370)&#10;        at app//org.apache.hadoop.ipc.Server$Handler.run(Server.java:3165)&#10;&quot;IPC Server handler 30 on default port 15000&quot; daemon prio=5 tid=151 timed_waiting&#10;java.lang.Thread.State: TIMED_WAITING&#10;        at java.base@21.0.8/jdk.internal.misc.Unsafe.park(Native Method)&#10;        at java.base@21.0.8/java.util.concurrent.locks.LockSupport.parkNanos(LockSupport.java:269)&#10;        at java.base@21.0.8/java.util.concurrent.locks.AbstractQueuedSynchronizer$ConditionObject.awaitNanos(AbstractQueuedSynchronizer.java:1763)&#10;        at java.base@21.0.8/java.util.concurrent.LinkedBlockingQueue.poll(LinkedBlockingQueue.java:460)&#10;        at app//org.apache.hadoop.ipc.CallQueueManager.take(CallQueueManager.java:370)&#10;        at app//org.apache.hadoop.ipc.Server$Handler.run(Server.java:3165)&#10;&quot;IPC Server handler 56 on default port 15001&quot; daemon prio=5 tid=277 timed_waiting&#10;java.lang.Thread.State: TIMED_WAITING&#10;        at java.base@21.0.8/jdk.internal.misc.Unsafe.park(Native Method)&#10;        at java.base@21.0.8/java.util.concurrent.locks.LockSupport.parkNanos(LockSupport.java:269)&#10;        at java.base@21.0.8/java.util.concurrent.locks.AbstractQueuedSynchronizer$ConditionObject.awaitNanos(AbstractQueuedSynchronizer.java:1763)&#10;        at java.base@21.0.8/java.util.concurrent.LinkedBlockingQueue.poll(LinkedBlockingQueue.java:460)&#10;        at app//org.apache.hadoop.ipc.CallQueueManager.take(CallQueueManager.java:370)&#10;        at app//org.apache.hadoop.ipc.Server$Handler.run(Server.java:3165)&#10;&quot;IPC Server handler 45 on default port 15002&quot; daemon prio=5 tid=384 timed_waiting&#10;java.lang.Thread.State: TIMED_WAITING&#10;        at java.base@21.0.8/jdk.internal.misc.Unsafe.park(Native Method)&#10;        at java.base@21.0.8/java.util.concurrent.locks.LockSupport.parkNanos(LockSupport.java:269)&#10;        at java.base@21.0.8/java.util.concurrent.locks.AbstractQueuedSynchronizer$ConditionObject.awaitNanos(AbstractQueuedSynchronizer.java:1763)&#10;        at java.base@21.0.8/java.util.concurrent.LinkedBlockingQueue.poll(LinkedBlockingQueue.java:460)&#10;        at app//org.apache.hadoop.ipc.CallQueueManager.take(CallQueueManager.java:370)&#10;        at app//org.apache.hadoop.ipc.Server$Handler.run(Server.java:3165)&#10;&quot;IPC Server handler 96 on default port 15000&quot; daemon prio=5 tid=217 timed_waiting&#10;java.lang.Thread.State: TIMED_WAITING&#10;        at java.base@21.0.8/jdk.internal.misc.Unsafe.park(Native Method)&#10;        at java.base@21.0.8/java.util.concurrent.locks.LockSupport.parkNanos(LockSupport.java:269)&#10;        at java.base@21.0.8/java.util.concurrent.locks.AbstractQueuedSynchronizer$ConditionObject.awaitNanos(AbstractQueuedSynchronizer.java:1763)&#10;        at java.base@21.0.8/java.util.concurrent.LinkedBlockingQueue.poll(LinkedBlockingQueue.java:460)&#10;        at app//org.apache.hadoop.ipc.CallQueueManager.take(CallQueueManager.java:370)&#10;        at app//org.apache.hadoop.ipc.Server$Handler.run(Server.java:3165)&#10;&quot;pool-247-thread-1&quot;  prio=5 tid=999 in Object.wait()&#10;java.lang.Thread.State: WAITING (on object monitor)&#10;        at java.base@21.0.8/java.lang.Object.wait0(Native Method)&#10;        at java.base@21.0.8/java.lang.Object.wait(Object.java:366)&#10;        at java.base@21.0.8/java.lang.Object.wait(Object.java:339)&#10;        at app//org.apache.ratis.thirdparty.io.netty.util.concurrent.DefaultPromise.await(DefaultPromise.java:254)&#10;        at app//org.apache.ratis.thirdparty.io.netty.util.concurrent.DefaultPromise.sync(DefaultPromise.java:405)&#10;        at app//org.apache.ratis.thirdparty.io.netty.util.concurrent.DefaultPromise.sync(DefaultPromise.java:35)&#10;        at app//org.apache.hadoop.ozone.container.common.transport.server.XceiverServerGrpc.stop(XceiverServerGrpc.java:208)&#10;        at app//org.apache.hadoop.ozone.container.ozoneimpl.OzoneContainer.stop(OzoneContainer.java:553)&#10;        at app//org.apache.hadoop.ozone.container.common.statemachine.DatanodeStateMachine.close(DatanodeStateMachine.java:463)&#10;        at app//org.apache.hadoop.ozone.container.common.statemachine.DatanodeStateMachine.stopDaemon(DatanodeStateMachine.java:653)&#10;        at app//org.apache.hadoop.ozone.HddsDatanodeService.stop(HddsDatanodeService.java:552)&#10;        at app//org.apache.hadoop.ozone.MiniOzoneClusterImpl.stopDatanode(MiniOzoneClusterImpl.java:451)&#10;        at app//org.apache.hadoop.ozone.MiniOzoneClusterImpl.shutdownHddsDatanode(MiniOzoneClusterImpl.java:357)&#10;        at app//org.apache.hadoop.hdds.scm.node.TestQueryNode.lambda$testStaleNodesCount$0(TestQueryNode.java:84)&#10;        at app//org.apache.hadoop.hdds.scm.node.TestQueryNode$$Lambda/0x00007fd1ac9daca8.run(Unknown Source)&#10;        at java.base@21.0.8/java.util.concurrent.ThreadPoolExecutor.runWorker(ThreadPoolExecutor.java:1144)&#10;        at java.base@21.0.8/java.util.concurrent.ThreadPoolExecutor$Worker.run(ThreadPoolExecutor.java:642)&#10;        at java.base@21.0.8/java.lang.Thread.runWith(Thread.java:1596)&#10;        at java.base@21.0.8/java.lang.Thread.run(Thread.java:1583)&#10;&quot;Socket Reader #3 for port 15027&quot; daemon prio=5 tid=626 runnable&#10;java.lang.Thread.State: RUNNABLE&#10;        at java.base@21.0.8/sun.nio.ch.EPoll.wait(Native Method)&#10;        at java.base@21.0.8/sun.nio.ch.EPollSelectorImpl.doSelect(EPollSelectorImpl.java:121)&#10;        at java.base@21.0.8/sun.nio.ch.SelectorImpl.lockAndDoSelect(SelectorImpl.java:130)&#10;        at java.base@21.0.8/sun.nio.ch.SelectorImpl.select(SelectorImpl.java:147)&#10;        at app//org.apache.hadoop.ipc.Server$Listener$Reader.doRunLoop(Server.java:1497)&#10;        at app//org.apache.hadoop.ipc.Server$Listener$Reader.run(Server.java:1476)&#10;&quot;qtp1960486456-489&quot; daemon prio=5 tid=489 timed_waiting&#10;java.lang.Thread.State: TIMED_WAITING&#10;        at java.base@21.0.8/jdk.internal.misc.Unsafe.park(Native Method)&#10;        at java.base@21.0.8/java.util.concurrent.locks.LockSupport.parkNanos(LockSupport.java:269)&#10;        at java.base@21.0.8/java.util.concurrent.locks.AbstractQueuedSynchronizer$ConditionObject.awaitNanos(AbstractQueuedSynchronizer.java:1763)&#10;        at app//org.eclipse.jetty.util.BlockingArrayQueue.poll(BlockingArrayQueue.java:382)&#10;        at app//org.eclipse.jetty.util.thread.QueuedThreadPool$Runner.idleJobPoll(QueuedThreadPool.java:974)&#10;        at app//org.eclipse.jetty.util.thread.QueuedThreadPool$Runner.run(QueuedThreadPool.java:1018)&#10;        at java.base@21.0.8/java.lang.Thread.runWith(Thread.java:1596)&#10;        at java.base@21.0.8/java.lang.Thread.run(Thread.java:1583)&#10;&quot;EventQueue-ContainerRegistrationReportForRatisContainerSafeModeRule&quot; daemon prio=5 tid=757 in Object.wait()&#10;java.lang.Thread.State: WAITING (on object monitor)&#10;        at java.base@21.0.8/jdk.internal.misc.Unsafe.park(Native Method)&#10;        at java.base@21.0.8/java.util.concurrent.locks.LockSupport.park(LockSupport.java:371)&#10;        at java.base@21.0.8/java.util.concurrent.locks.AbstractQueuedSynchronizer$ConditionNode.block(AbstractQueuedSynchronizer.java:519)&#10;        at java.base@21.0.8/java.util.concurrent.ForkJoinPool.unmanagedBlock(ForkJoinPool.java:3780)&#10;        at java.base@21.0.8/java.util.concurrent.ForkJoinPool.managedBlock(ForkJoinPool.java:3725)&#10;        at java.base@21.0.8/java.util.concurrent.locks.AbstractQueuedSynchronizer$ConditionObject.await(AbstractQueuedSynchronizer.java:1712)&#10;        at java.base@21.0.8/java.util.concurrent.LinkedBlockingQueue.take(LinkedBlockingQueue.java:435)&#10;        at java.base@21.0.8/java.util.concurrent.ThreadPoolExecutor.getTask(ThreadPoolExecutor.java:1070)&#10;        at java.base@21.0.8/java.util.concurrent.ThreadPoolExecutor.runWorker(ThreadPoolExecutor.java:1130)&#10;        at java.base@21.0.8/java.util.concurrent.ThreadPoolExecutor$Worker.run(ThreadPoolExecutor.java:642)&#10;        at java.base@21.0.8/java.lang.Thread.runWith(Thread.java:1596)&#10;        at java.base@21.0.8/java.lang.Thread.run(Thread.java:1583)&#10;&quot;Socket Reader #9 for port 15043&quot; daemon prio=5 tid=771 runnable&#10;java.lang.Thread.State: RUNNABLE&#10;        at java.base@21.0.8/sun.nio.ch.EPoll.wait(Native Method)&#10;        at java.base@21.0.8/sun.nio.ch.EPollSelectorImpl.doSelect(EPollSelectorImpl.java:121)&#10;        at java.base@21.0.8/sun.nio.ch.SelectorImpl.lockAndDoSelect(SelectorImpl.java:130)&#10;        at java.base@21.0.8/sun.nio.ch.SelectorImpl.select(SelectorImpl.java:147)&#10;        at app//org.apache.hadoop.ipc.Server$Listener$Reader.doRunLoop(Server.java:1497)&#10;        at app//org.apache.hadoop.ipc.Server$Listener$Reader.run(Server.java:1476)&#10;&quot;IPC Server handler 83 on default port 15002&quot; daemon prio=5 tid=422 timed_waiting&#10;java.lang.Thread.State: TIMED_WAITING&#10;        at java.base@21.0.8/jdk.internal.misc.Unsafe.park(Native Method)&#10;        at java.base@21.0.8/java.util.concurrent.locks.LockSupport.parkNanos(LockSupport.java:269)&#10;        at java.base@21.0.8/java.util.concurrent.locks.AbstractQueuedSynchronizer$ConditionObject.awaitNanos(AbstractQueuedSynchronizer.java:1763)&#10;        at java.base@21.0.8/java.util.concurrent.LinkedBlockingQueue.poll(LinkedBlockingQueue.java:460)&#10;        at app//org.apache.hadoop.ipc.CallQueueManager.take(CallQueueManager.java:370)&#10;        at app//org.apache.hadoop.ipc.Server$Handler.run(Server.java:3165)&#10;&quot;JvmPauseMonitor7&quot; daemon prio=5 tid=844 timed_waiting&#10;java.lang.Thread.State: TIMED_WAITING&#10;        at java.base@21.0.8/java.lang.Thread.sleep0(Native Method)&#10;        at java.base@21.0.8/java.lang.Thread.sleep(Thread.java:558)&#10;        at java.base@21.0.8/java.util.concurrent.TimeUnit.sleep(TimeUnit.java:446)&#10;        at app//org.apache.ratis.util.TimeDuration.sleep(TimeDuration.java:353)&#10;        at app//org.apache.ratis.util.TimeDuration.sleep(TimeDuration.java:338)&#10;        at app//org.apache.ratis.util.JvmPauseMonitor.detectPause(JvmPauseMonitor.java:160)&#10;        at app//org.apache.ratis.util.JvmPauseMonitor.run(JvmPauseMonitor.java:149)&#10;        at app//org.apache.ratis.util.JvmPauseMonitor$$Lambda/0x00007fd1ac3b8ac8.run(Unknown Source)&#10;        at java.base@21.0.8/java.lang.Thread.runWith(Thread.java:1596)&#10;        at java.base@21.0.8/java.lang.Thread.run(Thread.java:1583)&#10;&quot;IPC Server handler 34 on default port 15000&quot; daemon prio=5 tid=155 timed_waiting&#10;java.lang.Thread.State: TIMED_WAITING&#10;        at java.base@21.0.8/jdk.internal.misc.Unsafe.park(Native Method)&#10;        at java.base@21.0.8/java.util.concurrent.locks.LockSupport.parkNanos(LockSupport.java:269)&#10;        at java.base@21.0.8/java.util.concurrent.locks.AbstractQueuedSynchronizer$ConditionObject.awaitNanos(AbstractQueuedSynchronizer.java:1763)&#10;        at java.base@21.0.8/java.util.concurrent.LinkedBlockingQueue.poll(LinkedBlockingQueue.java:460)&#10;        at app//org.apache.hadoop.ipc.CallQueueManager.take(CallQueueManager.java:370)&#10;        at app//org.apache.hadoop.ipc.Server$Handler.run(Server.java:3165)&#10;&quot;grpc-default-executor-1&quot; daemon prio=5 tid=883 timed_waiting&#10;java.lang.Thread.State: TIMED_WAITING&#10;        at java.base@21.0.8/jdk.internal.misc.Unsafe.park(Native Method)&#10;        at java.base@21.0.8/java.util.concurrent.locks.LockSupport.parkNanos(LockSupport.java:410)&#10;        at java.base@21.0.8/java.util.concurrent.LinkedTransferQueue$DualNode.await(LinkedTransferQueue.java:452)&#10;        at java.base@21.0.8/java.util.concurrent.SynchronousQueue$Transferer.xferLifo(SynchronousQueue.java:194)&#10;        at java.base@21.0.8/java.util.concurrent.SynchronousQueue.xfer(SynchronousQueue.java:235)&#10;        at java.base@21.0.8/java.util.concurrent.SynchronousQueue.poll(SynchronousQueue.java:338)&#10;        at java.base@21.0.8/java.util.concurrent.ThreadPoolExecutor.getTask(ThreadPoolExecutor.java:1069)&#10;        at java.base@21.0.8/java.util.concurrent.ThreadPoolExecutor.runWorker(ThreadPoolExecutor.java:1130)&#10;        at java.base@21.0.8/java.util.concurrent.ThreadPoolExecutor$Worker.run(ThreadPoolExecutor.java:642)&#10;        at java.base@21.0.8/java.lang.Thread.runWith(Thread.java:1596)&#10;        at java.base@21.0.8/java.lang.Thread.run(Thread.java:1583)&#10;&quot;DatanodeAdminManager-0&quot; daemon prio=5 tid=61 timed_waiting&#10;java.lang.Thread.State: TIMED_WAITING&#10;        at java.base@21.0.8/jdk.internal.misc.Unsafe.park(Native Method)&#10;        at java.base@21.0.8/java.util.concurrent.locks.LockSupport.parkNanos(LockSupport.java:269)&#10;        at java.base@21.0.8/java.util.concurrent.locks.AbstractQueuedSynchronizer$ConditionObject.awaitNanos(AbstractQueuedSynchronizer.java:1763)&#10;        at java.base@21.0.8/java.util.concurrent.ScheduledThreadPoolExecutor$DelayedWorkQueue.take(ScheduledThreadPoolExecutor.java:1182)&#10;        at java.base@21.0.8/java.util.concurrent.ScheduledThreadPoolExecutor$DelayedWorkQueue.take(ScheduledThreadPoolExecutor.java:899)&#10;        at java.base@21.0.8/java.util.concurrent.ThreadPoolExecutor.getTask(ThreadPoolExecutor.java:1070)&#10;        at java.base@21.0.8/java.util.concurrent.ThreadPoolExecutor.runWorker(ThreadPoolExecutor.java:1130)&#10;        at java.base@21.0.8/java.util.concurrent.ThreadPoolExecutor$Worker.run(ThreadPoolExecutor.java:642)&#10;        at java.base@21.0.8/java.lang.Thread.runWith(Thread.java:1596)&#10;        at java.base@21.0.8/java.lang.Thread.run(Thread.java:1583)&#10;&quot;IPC Server handler 97 on default port 15001&quot; daemon prio=5 tid=318 timed_waiting&#10;java.lang.Thread.State: TIMED_WAITING&#10;        at java.base@21.0.8/jdk.internal.misc.Unsafe.park(Native Method)&#10;        at java.base@21.0.8/java.util.concurrent.locks.LockSupport.parkNanos(LockSupport.java:269)&#10;        at java.base@21.0.8/java.util.concurrent.locks.AbstractQueuedSynchronizer$ConditionObject.awaitNanos(AbstractQueuedSynchronizer.java:1763)&#10;        at java.base@21.0.8/java.util.concurrent.LinkedBlockingQueue.poll(LinkedBlockingQueue.java:460)&#10;        at app//org.apache.hadoop.ipc.CallQueueManager.take(CallQueueManager.java:370)&#10;        at app//org.apache.hadoop.ipc.Server$Handler.run(Server.java:3165)&#10;&quot;25d9f169-1c9e-47c6-a2a2-d20fb3c5fda2-impl-thread1&quot; daemon prio=5 tid=661 timed_waiting&#10;java.lang.Thread.State: TIMED_WAITING&#10;        at java.base@21.0.8/jdk.internal.misc.Unsafe.park(Native Method)&#10;        at java.base@21.0.8/java.util.concurrent.locks.LockSupport.parkNanos(LockSupport.java:410)&#10;        at java.base@21.0.8/java.util.concurrent.LinkedTransferQueue$DualNode.await(LinkedTransferQueue.java:452)&#10;        at java.base@21.0.8/java.util.concurrent.SynchronousQueue$Transferer.xferLifo(SynchronousQueue.java:194)&#10;        at java.base@21.0.8/java.util.concurrent.SynchronousQueue.xfer(SynchronousQueue.java:235)&#10;        at java.base@21.0.8/java.util.concurrent.SynchronousQueue.poll(SynchronousQueue.java:338)&#10;        at java.base@21.0.8/java.util.concurrent.ThreadPoolExecutor.getTask(ThreadPoolExecutor.java:1069)&#10;        at java.base@21.0.8/java.util.concurrent.ThreadPoolExecutor.runWorker(ThreadPoolExecutor.java:1130)&#10;        at java.base@21.0.8/java.util.concurrent.ThreadPoolExecutor$Worker.run(ThreadPoolExecutor.java:642)&#10;        at java.base@21.0.8/java.lang.Thread.runWith(Thread.java:1596)&#10;        at java.base@21.0.8/java.lang.Thread.run(Thread.java:1583)&#10;&quot;IPC Server handler 0 on default port 15043&quot; daemon prio=5 tid=778 timed_waiting&#10;java.lang.Thread.State: TIMED_WAITING&#10;        at java.base@21.0.8/jdk.internal.misc.Unsafe.park(Native Method)&#10;        at java.base@21.0.8/java.util.concurrent.locks.LockSupport.parkNanos(LockSupport.java:269)&#10;        at java.base@21.0.8/java.util.concurrent.locks.AbstractQueuedSynchronizer$ConditionObject.awaitNanos(AbstractQueuedSynchronizer.java:1763)&#10;        at java.base@21.0.8/java.util.concurrent.LinkedBlockingQueue.poll(LinkedBlockingQueue.java:460)&#10;        at app//org.apache.hadoop.ipc.CallQueueManager.take(CallQueueManager.java:370)&#10;        at app//org.apache.hadoop.ipc.Server$Handler.run(Server.java:3165)&#10;&quot;IPC Server handler 22 on default port 15002&quot; daemon prio=5 tid=361 timed_waiting&#10;java.lang.Thread.State: TIMED_WAITING&#10;        at java.base@21.0.8/jdk.internal.misc.Unsafe.park(Native Method)&#10;        at java.base@21.0.8/java.util.concurrent.locks.LockSupport.parkNanos(LockSupport.java:269)&#10;        at java.base@21.0.8/java.util.concurrent.locks.AbstractQueuedSynchronizer$ConditionObject.awaitNanos(AbstractQueuedSynchronizer.java:1763)&#10;        at java.base@21.0.8/java.util.concurrent.LinkedBlockingQueue.poll(LinkedBlockingQueue.java:460)&#10;        at app//org.apache.hadoop.ipc.CallQueueManager.take(CallQueueManager.java:370)&#10;        at app//org.apache.hadoop.ipc.Server$Handler.run(Server.java:3165)&#10;&quot;grpc-default-worker-ELG-3-2&quot; daemon prio=5 tid=870 runnable&#10;java.lang.Thread.State: RUNNABLE&#10;        at app//org.apache.ratis.thirdparty.io.netty.channel.epoll.Native.epollWait0(Native Method)&#10;        at app//org.apache.ratis.thirdparty.io.netty.channel.epoll.Native.epollWait(Native.java:193)&#10;        at app//org.apache.ratis.thirdparty.io.netty.channel.epoll.EpollEventLoop.epollWait(EpollEventLoop.java:304)&#10;        at app//org.apache.ratis.thirdparty.io.netty.channel.epoll.EpollEventLoop.run(EpollEventLoop.java:368)&#10;        at app//org.apache.ratis.thirdparty.io.netty.util.concurrent.SingleThreadEventExecutor$4.run(SingleThreadEventExecutor.java:998)&#10;        at app//org.apache.ratis.thirdparty.io.netty.util.internal.ThreadExecutorMap$2.run(ThreadExecutorMap.java:74)&#10;        at app//org.apache.ratis.thirdparty.io.netty.util.concurrent.FastThreadLocalRunnable.run(FastThreadLocalRunnable.java:30)&#10;        at java.base@21.0.8/java.lang.Thread.runWith(Thread.java:1596)&#10;        at java.base@21.0.8/java.lang.Thread.run(Thread.java:1583)&#10;&quot;surefire-forkedjvm-ping-30s&quot; daemon prio=5 tid=27 timed_waiting&#10;java.lang.Thread.State: TIMED_WAITING&#10;        at java.base@21.0.8/jdk.internal.misc.Unsafe.park(Native Method)&#10;        at java.base@21.0.8/java.util.concurrent.locks.LockSupport.parkNanos(LockSupport.java:269)&#10;        at java.base@21.0.8/java.util.concurrent.locks.AbstractQueuedSynchronizer$ConditionObject.awaitNanos(AbstractQueuedSynchronizer.java:1763)&#10;        at java.base@21.0.8/java.util.concurrent.ScheduledThreadPoolExecutor$DelayedWorkQueue.take(ScheduledThreadPoolExecutor.java:1182)&#10;        at java.base@21.0.8/java.util.concurrent.ScheduledThreadPoolExecutor$DelayedWorkQueue.take(ScheduledThreadPoolExecutor.java:899)&#10;        at java.base@21.0.8/java.util.concurrent.ThreadPoolExecutor.getTask(ThreadPoolExecutor.java:1070)&#10;        at java.base@21.0.8/java.util.concurrent.ThreadPoolExecutor.runWorker(ThreadPoolExecutor.java:1130)&#10;        at java.base@21.0.8/java.util.concurrent.ThreadPoolExecutor$Worker.run(ThreadPoolExecutor.java:642)&#10;        at java.base@21.0.8/java.lang.Thread.runWith(Thread.java:1596)&#10;        at java.base@21.0.8/java.lang.Thread.run(Thread.java:1583)&#10;&quot;IPC Server handler 73 on default port 15000&quot; daemon prio=5 tid=194 timed_waiting&#10;java.lang.Thread.State: TIMED_WAITING&#10;        at java.base@21.0.8/jdk.internal.misc.Unsafe.park(Native Method)&#10;        at java.base@21.0.8/java.util.concurrent.locks.LockSupport.parkNanos(LockSupport.java:269)&#10;        at java.base@21.0.8/java.util.concurrent.locks.AbstractQueuedSynchronizer$ConditionObject.awaitNanos(AbstractQueuedSynchronizer.java:1763)&#10;        at java.base@21.0.8/java.util.concurrent.LinkedBlockingQueue.poll(LinkedBlockingQueue.java:460)&#10;        at app//org.apache.hadoop.ipc.CallQueueManager.take(CallQueueManager.java:370)&#10;        at app//org.apache.hadoop.ipc.Server$Handler.run(Server.java:3165)&#10;&quot;IPC Server handler 87 on default port 15000&quot; daemon prio=5 tid=208 timed_waiting&#10;java.lang.Thread.State: TIMED_WAITING&#10;        at java.base@21.0.8/jdk.internal.misc.Unsafe.park(Native Method)&#10;        at java.base@21.0.8/java.util.concurrent.locks.LockSupport.parkNanos(LockSupport.java:269)&#10;        at java.base@21.0.8/java.util.concurrent.locks.AbstractQueuedSynchronizer$ConditionObject.awaitNanos(AbstractQueuedSynchronizer.java:1763)&#10;        at java.base@21.0.8/java.util.concurrent.LinkedBlockingQueue.poll(LinkedBlockingQueue.java:460)&#10;        at app//org.apache.hadoop.ipc.CallQueueManager.take(CallQueueManager.java:370)&#10;        at app//org.apache.hadoop.ipc.Server$Handler.run(Server.java:3165)&#10;&quot;IPC Server handler 47 on default port 15000&quot; daemon prio=5 tid=168 timed_waiting&#10;java.lang.Thread.State: TIMED_WAITING&#10;        at java.base@21.0.8/jdk.internal.misc.Unsafe.park(Native Method)&#10;        at java.base@21.0.8/java.util.concurrent.locks.LockSupport.parkNanos(LockSupport.java:269)&#10;        at java.base@21.0.8/java.util.concurrent.locks.AbstractQueuedSynchronizer$ConditionObject.awaitNanos(AbstractQueuedSynchronizer.java:1763)&#10;        at java.base@21.0.8/java.util.concurrent.LinkedBlockingQueue.poll(LinkedBlockingQueue.java:460)&#10;        at app//org.apache.hadoop.ipc.CallQueueManager.take(CallQueueManager.java:370)&#10;        at app//org.apache.hadoop.ipc.Server$Handler.run(Server.java:3165)&#10;&quot;IPC Server handler 84 on default port 15001&quot; daemon prio=5 tid=305 timed_waiting&#10;java.lang.Thread.State: TIMED_WAITING&#10;        at java.base@21.0.8/jdk.internal.misc.Unsafe.park(Native Method)&#10;        at java.base@21.0.8/java.util.concurrent.locks.LockSupport.parkNanos(LockSupport.java:269)&#10;        at java.base@21.0.8/java.util.concurrent.locks.AbstractQueuedSynchronizer$ConditionObject.awaitNanos(AbstractQueuedSynchronizer.java:1763)&#10;        at java.base@21.0.8/java.util.concurrent.LinkedBlockingQueue.poll(LinkedBlockingQueue.java:460)&#10;        at app//org.apache.hadoop.ipc.CallQueueManager.take(CallQueueManager.java:370)&#10;        at app//org.apache.hadoop.ipc.Server$Handler.run(Server.java:3165)&#10;&quot;qtp1507617108-329&quot; daemon prio=5 tid=329 timed_waiting&#10;java.lang.Thread.State: TIMED_WAITING&#10;        at java.base@21.0.8/jdk.internal.misc.Unsafe.park(Native Method)&#10;        at java.base@21.0.8/java.util.concurrent.locks.LockSupport.parkNanos(LockSupport.java:269)&#10;        at java.base@21.0.8/java.util.concurrent.locks.AbstractQueuedSynchronizer$ConditionObject.awaitNanos(AbstractQueuedSynchronizer.java:1763)&#10;        at app//org.eclipse.jetty.util.BlockingArrayQueue.poll(BlockingArrayQueue.java:382)&#10;        at app//org.eclipse.jetty.util.thread.QueuedThreadPool$Runner.idleJobPoll(QueuedThreadPool.java:974)&#10;        at app//org.eclipse.jetty.util.thread.QueuedThreadPool$Runner.run(QueuedThreadPool.java:1018)&#10;        at java.base@21.0.8/java.lang.Thread.runWith(Thread.java:1596)&#10;        at java.base@21.0.8/java.lang.Thread.run(Thread.java:1583)&#10;&quot;IPC Server handler 42 on default port 15002&quot; daemon prio=5 tid=381 timed_waiting&#10;java.lang.Thread.State: TIMED_WAITING&#10;        at java.base@21.0.8/jdk.internal.misc.Unsafe.park(Native Method)&#10;        at java.base@21.0.8/java.util.concurrent.locks.LockSupport.parkNanos(LockSupport.java:269)&#10;        at java.base@21.0.8/java.util.concurrent.locks.AbstractQueuedSynchronizer$ConditionObject.awaitNanos(AbstractQueuedSynchronizer.java:1763)&#10;        at java.base@21.0.8/java.util.concurrent.LinkedBlockingQueue.poll(LinkedBlockingQueue.java:460)&#10;        at app//org.apache.hadoop.ipc.CallQueueManager.take(CallQueueManager.java:370)&#10;        at app//org.apache.hadoop.ipc.Server$Handler.run(Server.java:3165)&#10;&quot;IPC Server idle connection scanner for port 15002&quot; daemon prio=5 tid=73 timed_waiting&#10;java.lang.Thread.State: TIMED_WAITING&#10;        at java.base@21.0.8/java.lang.Object.wait0(Native Method)&#10;        at java.base@21.0.8/java.lang.Object.wait(Object.java:366)&#10;        at java.base@21.0.8/java.util.TimerThread.mainLoop(Timer.java:563)&#10;        at java.base@21.0.8/java.util.TimerThread.run(Timer.java:516)&#10;&quot;IPC Server handler 11 on default port 15002&quot; daemon prio=5 tid=350 timed_waiting&#10;java.lang.Thread.State: TIMED_WAITING&#10;        at java.base@21.0.8/jdk.internal.misc.Unsafe.park(Native Method)&#10;        at java.base@21.0.8/java.util.concurrent.locks.LockSupport.parkNanos(LockSupport.java:269)&#10;        at java.base@21.0.8/java.util.concurrent.locks.AbstractQueuedSynchronizer$ConditionObject.awaitNanos(AbstractQueuedSynchronizer.java:1763)&#10;        at java.base@21.0.8/java.util.concurrent.LinkedBlockingQueue.poll(LinkedBlockingQueue.java:460)&#10;        at app//org.apache.hadoop.ipc.CallQueueManager.take(CallQueueManager.java:370)&#10;        at app//org.apache.hadoop.ipc.Server$Handler.run(Server.java:3165)&#10;&quot;grpc-shared-destroyer-0&quot; daemon prio=5 tid=49 in Object.wait()&#10;java.lang.Thread.State: WAITING (on object monitor)&#10;        at java.base@21.0.8/jdk.internal.misc.Unsafe.park(Native Method)&#10;        at java.base@21.0.8/java.util.concurrent.locks.LockSupport.park(LockSupport.java:371)&#10;        at java.base@21.0.8/java.util.concurrent.locks.AbstractQueuedSynchronizer$ConditionNode.block(AbstractQueuedSynchronizer.java:519)&#10;        at java.base@21.0.8/java.util.concurrent.ForkJoinPool.unmanagedBlock(ForkJoinPool.java:3780)&#10;        at java.base@21.0.8/java.util.concurrent.ForkJoinPool.managedBlock(ForkJoinPool.java:3725)&#10;        at java.base@21.0.8/java.util.concurrent.locks.AbstractQueuedSynchronizer$ConditionObject.await(AbstractQueuedSynchronizer.java:1712)&#10;        at java.base@21.0.8/java.util.concurrent.ScheduledThreadPoolExecutor$DelayedWorkQueue.take(ScheduledThreadPoolExecutor.java:1170)&#10;        at java.base@21.0.8/java.util.concurrent.ScheduledThreadPoolExecutor$DelayedWorkQueue.take(ScheduledThreadPoolExecutor.java:899)&#10;        at java.base@21.0.8/java.util.concurrent.ThreadPoolExecutor.getTask(ThreadPoolExecutor.java:1070)&#10;        at java.base@21.0.8/java.util.concurrent.ThreadPoolExecutor.runWorker(ThreadPoolExecutor.java:1130)&#10;        at java.base@21.0.8/java.util.concurrent.ThreadPoolExecutor$Worker.run(ThreadPoolExecutor.java:642)&#10;        at java.base@21.0.8/java.lang.Thread.runWith(Thread.java:1596)&#10;        at java.base@21.0.8/java.lang.Thread.run(Thread.java:1583)&#10;&quot;IPC Server handler 8 on default port 15000&quot; daemon prio=5 tid=129 timed_waiting&#10;java.lang.Thread.State: TIMED_WAITING&#10;        at java.base@21.0.8/jdk.internal.misc.Unsafe.park(Native Method)&#10;        at java.base@21.0.8/java.util.concurrent.locks.LockSupport.parkNanos(LockSupport.java:269)&#10;        at java.base@21.0.8/java.util.concurrent.locks.AbstractQueuedSynchronizer$ConditionObject.awaitNanos(AbstractQueuedSynchronizer.java:1763)&#10;        at java.base@21.0.8/java.util.concurrent.LinkedBlockingQueue.poll(LinkedBlockingQueue.java:460)&#10;        at app//org.apache.hadoop.ipc.CallQueueManager.take(CallQueueManager.java:370)&#10;        at app//org.apache.hadoop.ipc.Server$Handler.run(Server.java:3165)&#10;&quot;d3e19d45-0b2b-4921-9b28-39a5e9747ac8-groupManagement&quot;  prio=5 tid=860 in Object.wait()&#10;java.lang.Thread.State: WAITING (on object monitor)&#10;        at java.base@21.0.8/jdk.internal.misc.Unsafe.park(Native Method)&#10;        at java.base@21.0.8/java.util.concurrent.locks.LockSupport.park(LockSupport.java:371)&#10;        at java.base@21.0.8/java.util.concurrent.locks.AbstractQueuedSynchronizer$ConditionNode.block(AbstractQueuedSynchronizer.java:519)&#10;        at java.base@21.0.8/java.util.concurrent.ForkJoinPool.unmanagedBlock(ForkJoinPool.java:3780)&#10;        at java.base@21.0.8/java.util.concurrent.ForkJoinPool.managedBlock(ForkJoinPool.java:3725)&#10;        at java.base@21.0.8/java.util.concurrent.locks.AbstractQueuedSynchronizer$ConditionObject.await(AbstractQueuedSynchronizer.java:1712)&#10;        at java.base@21.0.8/java.util.concurrent.LinkedBlockingQueue.take(LinkedBlockingQueue.java:435)&#10;        at java.base@21.0.8/java.util.concurrent.ThreadPoolExecutor.getTask(ThreadPoolExecutor.java:1070)&#10;        at java.base@21.0.8/java.util.concurrent.ThreadPoolExecutor.runWorker(ThreadPoolExecutor.java:1130)&#10;        at java.base@21.0.8/java.util.concurrent.ThreadPoolExecutor$Worker.run(ThreadPoolExecutor.java:642)&#10;        at java.base@21.0.8/java.lang.Thread.runWith(Thread.java:1596)&#10;        at java.base@21.0.8/java.lang.Thread.run(Thread.java:1583)&#10;&quot;IPC Server handler 74 on default port 15000&quot; daemon prio=5 tid=195 timed_waiting&#10;java.lang.Thread.State: TIMED_WAITING&#10;        at java.base@21.0.8/jdk.internal.misc.Unsafe.park(Native Method)&#10;        at java.base@21.0.8/java.util.concurrent.locks.LockSupport.parkNanos(LockSupport.java:269)&#10;        at java.base@21.0.8/java.util.concurrent.locks.AbstractQueuedSynchronizer$ConditionObject.awaitNanos(AbstractQueuedSynchronizer.java:1763)&#10;        at java.base@21.0.8/java.util.concurrent.LinkedBlockingQueue.poll(LinkedBlockingQueue.java:460)&#10;        at app//org.apache.hadoop.ipc.CallQueueManager.take(CallQueueManager.java:370)&#10;        at app//org.apache.hadoop.ipc.Server$Handler.run(Server.java:3165)&#10;&quot;IPC Server handler 84 on default port 15002&quot; daemon prio=5 tid=423 timed_waiting&#10;java.lang.Thread.State: TIMED_WAITING&#10;        at java.base@21.0.8/jdk.internal.misc.Unsafe.park(Native Method)&#10;        at java.base@21.0.8/java.util.concurrent.locks.LockSupport.parkNanos(LockSupport.java:269)&#10;        at java.base@21.0.8/java.util.concurrent.locks.AbstractQueuedSynchronizer$ConditionObject.awaitNanos(AbstractQueuedSynchronizer.java:1763)&#10;        at java.base@21.0.8/java.util.concurrent.LinkedBlockingQueue.poll(LinkedBlockingQueue.java:460)&#10;        at app//org.apache.hadoop.ipc.CallQueueManager.take(CallQueueManager.java:370)&#10;        at app//org.apache.hadoop.ipc.Server$Handler.run(Server.java:3165)&#10;&quot;IPC Server handler 5 on default port 15006&quot; daemon prio=5 tid=497 timed_waiting&#10;java.lang.Thread.State: TIMED_WAITING&#10;        at java.base@21.0.8/jdk.internal.misc.Unsafe.park(Native Method)&#10;        at java.base@21.0.8/java.util.concurrent.locks.LockSupport.parkNanos(LockSupport.java:269)&#10;        at java.base@21.0.8/java.util.concurrent.locks.AbstractQueuedSynchronizer$ConditionObject.awaitNanos(AbstractQueuedSynchronizer.java:1763)&#10;        at java.base@21.0.8/java.util.concurrent.LinkedBlockingQueue.poll(LinkedBlockingQueue.java:460)&#10;        at app//org.apache.hadoop.ipc.CallQueueManager.take(CallQueueManager.java:370)&#10;        at app//org.apache.hadoop.ipc.Server$Handler.run(Server.java:3165)&#10;&quot;IPC Server handler 7 on default port 15043&quot; daemon prio=5 tid=787 timed_waiting&#10;java.lang.Thread.State: TIMED_WAITING&#10;        at java.base@21.0.8/jdk.internal.misc.Unsafe.park(Native Method)&#10;        at java.base@21.0.8/java.util.concurrent.locks.LockSupport.parkNanos(LockSupport.java:269)&#10;        at java.base@21.0.8/java.util.concurrent.locks.AbstractQueuedSynchronizer$ConditionObject.awaitNanos(AbstractQueuedSynchronizer.java:1763)&#10;        at java.base@21.0.8/java.util.concurrent.LinkedBlockingQueue.poll(LinkedBlockingQueue.java:460)&#10;        at app//org.apache.hadoop.ipc.CallQueueManager.take(CallQueueManager.java:370)&#10;        at app//org.apache.hadoop.ipc.Server$Handler.run(Server.java:3165)&#10;&quot;d3e19d45-0b2b-4921-9b28-39a5e9747ac8-DatanodeReportManager-2&quot; daemon prio=5 tid=793 in Object.wait()&#10;java.lang.Thread.State: WAITING (on object monitor)&#10;        at java.base@21.0.8/jdk.internal.misc.Unsafe.park(Native Method)&#10;        at java.base@21.0.8/java.util.concurrent.locks.LockSupport.park(LockSupport.java:371)&#10;        at java.base@21.0.8/java.util.concurrent.locks.AbstractQueuedSynchronizer$ConditionNode.block(AbstractQueuedSynchronizer.java:519)&#10;        at java.base@21.0.8/java.util.concurrent.ForkJoinPool.unmanagedBlock(ForkJoinPool.java:3780)&#10;        at java.base@21.0.8/java.util.concurrent.ForkJoinPool.managedBlock(ForkJoinPool.java:3725)&#10;        at java.base@21.0.8/java.util.concurrent.locks.AbstractQueuedSynchronizer$ConditionObject.await(AbstractQueuedSynchronizer.java:1712)&#10;        at java.base@21.0.8/java.util.concurrent.ScheduledThreadPoolExecutor$DelayedWorkQueue.take(ScheduledThreadPoolExecutor.java:1177)&#10;        at java.base@21.0.8/java.util.concurrent.ScheduledThreadPoolExecutor$DelayedWorkQueue.take(ScheduledThreadPoolExecutor.java:899)&#10;        at java.base@21.0.8/java.util.concurrent.ThreadPoolExecutor.getTask(ThreadPoolExecutor.java:1070)&#10;        at java.base@21.0.8/java.util.concurrent.ThreadPoolExecutor.runWorker(ThreadPoolExecutor.java:1130)&#10;        at java.base@21.0.8/java.util.concurrent.ThreadPoolExecutor$Worker.run(ThreadPoolExecutor.java:642)&#10;        at java.base@21.0.8/java.lang.Thread.runWith(Thread.java:1596)&#10;        at java.base@21.0.8/java.lang.Thread.run(Thread.java:1583)&#10;&quot;ContainerDataScanner(/home/runner/work/ozone/ozone/hadoop-ozone/integration-test/target/test-dir/MiniOzoneClusterImpl-871b4ddd-f672-4be1-b73a-1629492f36a3/ozone-metadata/datanode-5/data-0/hdds)&quot; daemon prio=5 tid=839 timed_waiting&#10;java.lang.Thread.State: TIMED_WAITING&#10;        at java.base@21.0.8/java.lang.Thread.sleep0(Native Method)&#10;        at java.base@21.0.8/java.lang.Thread.sleep(Thread.java:509)&#10;        at app//org.apache.hadoop.ozone.container.ozoneimpl.AbstractBackgroundContainerScanner.handleRemainingSleep(AbstractBackgroundContainerScanner.java:133)&#10;        at app//org.apache.hadoop.ozone.container.ozoneimpl.AbstractBackgroundContainerScanner.runIteration(AbstractBackgroundContainerScanner.java:100)&#10;        at app//org.apache.hadoop.ozone.container.ozoneimpl.AbstractBackgroundContainerScanner.run(AbstractBackgroundContainerScanner.java:59)&#10;        at java.base@21.0.8/java.lang.Thread.runWith(Thread.java:1596)&#10;        at java.base@21.0.8/java.lang.Thread.run(Thread.java:1583)&#10;&quot;IPC Server handler 75 on default port 15001&quot; daemon prio=5 tid=296 timed_waiting&#10;java.lang.Thread.State: TIMED_WAITING&#10;        at java.base@21.0.8/jdk.internal.misc.Unsafe.park(Native Method)&#10;        at java.base@21.0.8/java.util.concurrent.locks.LockSupport.parkNanos(LockSupport.java:269)&#10;        at java.base@21.0.8/java.util.concurrent.locks.AbstractQueuedSynchronizer$ConditionObject.awaitNanos(AbstractQueuedSynchronizer.java:1763)&#10;        at java.base@21.0.8/java.util.concurrent.LinkedBlockingQueue.poll(LinkedBlockingQueue.java:460)&#10;        at app//org.apache.hadoop.ipc.CallQueueManager.take(CallQueueManager.java:370)&#10;        at app//org.apache.hadoop.ipc.Server$Handler.run(Server.java:3165)&#10;&quot;IPC Server handler 62 on default port 15000&quot; daemon prio=5 tid=183 timed_waiting&#10;java.lang.Thread.State: TIMED_WAITING&#10;        at java.base@21.0.8/jdk.internal.misc.Unsafe.park(Native Method)&#10;        at java.base@21.0.8/java.util.concurrent.locks.LockSupport.parkNanos(LockSupport.java:269)&#10;        at java.base@21.0.8/java.util.concurrent.locks.AbstractQueuedSynchronizer$ConditionObject.awaitNanos(AbstractQueuedSynchronizer.java:1763)&#10;        at java.base@21.0.8/java.util.concurrent.LinkedBlockingQueue.poll(LinkedBlockingQueue.java:460)&#10;        at app//org.apache.hadoop.ipc.CallQueueManager.take(CallQueueManager.java:370)&#10;        at app//org.apache.hadoop.ipc.Server$Handler.run(Server.java:3165)&#10;&quot;IPC Server handler 72 on default port 15001&quot; daemon prio=5 tid=293 timed_waiting&#10;java.lang.Thread.State: TIMED_WAITING&#10;        at java.base@21.0.8/jdk.internal.misc.Unsafe.park(Native Method)&#10;        at java.base@21.0.8/java.util.concurrent.locks.LockSupport.parkNanos(LockSupport.java:269)&#10;        at java.base@21.0.8/java.util.concurrent.locks.AbstractQueuedSynchronizer$ConditionObject.awaitNanos(AbstractQueuedSynchronizer.java:1763)&#10;        at java.base@21.0.8/java.util.concurrent.LinkedBlockingQueue.poll(LinkedBlockingQueue.java:460)&#10;        at app//org.apache.hadoop.ipc.CallQueueManager.take(CallQueueManager.java:370)&#10;        at app//org.apache.hadoop.ipc.Server$Handler.run(Server.java:3165)&#10;&quot;IPC Server handler 74 on default port 15001&quot; daemon prio=5 tid=295 timed_waiting&#10;java.lang.Thread.State: TIMED_WAITING&#10;        at java.base@21.0.8/jdk.internal.misc.Unsafe.park(Native Method)&#10;        at java.base@21.0.8/java.util.concurrent.locks.LockSupport.parkNanos(LockSupport.java:269)&#10;        at java.base@21.0.8/java.util.concurrent.locks.AbstractQueuedSynchronizer$ConditionObject.awaitNanos(AbstractQueuedSynchronizer.java:1763)&#10;        at java.base@21.0.8/java.util.concurrent.LinkedBlockingQueue.poll(LinkedBlockingQueue.java:460)&#10;        at app//org.apache.hadoop.ipc.CallQueueManager.take(CallQueueManager.java:370)&#10;        at app//org.apache.hadoop.ipc.Server$Handler.run(Server.java:3165)&#10;&quot;BackgroundPipelineScrubber&quot; daemon prio=5 tid=56 timed_waiting&#10;java.lang.Thread.State: TIMED_WAITING&#10;        at java.base@21.0.8/java.lang.Object.wait0(Native Method)&#10;        at java.base@21.0.8/java.lang.Object.wait(Object.java:366)&#10;        at app//org.apache.hadoop.hdds.scm.ha.BackgroundSCMService.run(BackgroundSCMService.java:106)&#10;        at app//org.apache.hadoop.hdds.scm.ha.BackgroundSCMService$$Lambda/0x00007fd1ac502480.run(Unknown Source)&#10;        at java.base@21.0.8/java.lang.Thread.runWith(Thread.java:1596)&#10;        at java.base@21.0.8/java.lang.Thread.run(Thread.java:1583)&#10;&quot;Finalizer&quot; daemon prio=8 tid=10 in Object.wait()&#10;java.lang.Thread.State: WAITING (on object monitor)&#10;        at java.base@21.0.8/java.lang.Object.wait0(Native Method)&#10;        at java.base@21.0.8/java.lang.Object.wait(Object.java:366)&#10;        at java.base@21.0.8/java.lang.Object.wait(Object.java:339)&#10;        at java.base@21.0.8/java.lang.ref.NativeReferenceQueue.await(NativeReferenceQueue.java:48)&#10;        at java.base@21.0.8/java.lang.ref.ReferenceQueue.remove0(ReferenceQueue.java:158)&#10;        at java.base@21.0.8/java.lang.ref.NativeReferenceQueue.remove(NativeReferenceQueue.java:89)&#10;        at java.base@21.0.8/java.lang.ref.Finalizer$FinalizerThread.run(Finalizer.java:173)&#10;&quot;IPC Server handler 6 on default port 15035&quot; daemon prio=5 tid=711 timed_waiting&#10;java.lang.Thread.State: TIMED_WAITING&#10;        at java.base@21.0.8/jdk.internal.misc.Unsafe.park(Native Method)&#10;        at java.base@21.0.8/java.util.concurrent.locks.LockSupport.parkNanos(LockSupport.java:269)&#10;        at java.base@21.0.8/java.util.concurrent.locks.AbstractQueuedSynchronizer$ConditionObject.awaitNanos(AbstractQueuedSynchronizer.java:1763)&#10;        at java.base@21.0.8/java.util.concurrent.LinkedBlockingQueue.poll(LinkedBlockingQueue.java:460)&#10;        at app//org.apache.hadoop.ipc.CallQueueManager.take(CallQueueManager.java:370)&#10;        at app//org.apache.hadoop.ipc.Server$Handler.run(Server.java:3165)&#10;&quot;ForkJoinPool-1-worker-4&quot; daemon prio=5 tid=38 in Object.wait()&#10;java.lang.Thread.State: WAITING (on object monitor)&#10;        at java.base@21.0.8/jdk.internal.misc.Unsafe.park(Native Method)&#10;        at java.base@21.0.8/java.util.concurrent.locks.LockSupport.park(LockSupport.java:371)&#10;        at java.base@21.0.8/java.util.concurrent.ForkJoinPool.awaitWork(ForkJoinPool.java:1893)&#10;        at java.base@21.0.8/java.util.concurrent.ForkJoinPool.runWorker(ForkJoinPool.java:1809)&#10;        at java.base@21.0.8/java.util.concurrent.ForkJoinWorkerThread.run(ForkJoinWorkerThread.java:188)&#10;&quot;pool-36-thread-1&quot;  prio=5 tid=323 timed_waiting&#10;java.lang.Thread.State: TIMED_WAITING&#10;        at java.base@21.0.8/jdk.internal.misc.Unsafe.park(Native Method)&#10;        at java.base@21.0.8/java.util.concurrent.locks.LockSupport.parkNanos(LockSupport.java:269)&#10;        at java.base@21.0.8/java.util.concurrent.locks.AbstractQueuedSynchronizer$ConditionObject.awaitNanos(AbstractQueuedSynchronizer.java:1763)&#10;        at java.base@21.0.8/java.util.concurrent.ScheduledThreadPoolExecutor$DelayedWorkQueue.take(ScheduledThreadPoolExecutor.java:1182)&#10;        at java.base@21.0.8/java.util.concurrent.ScheduledThreadPoolExecutor$DelayedWorkQueue.take(ScheduledThreadPoolExecutor.java:899)&#10;        at java.base@21.0.8/java.util.concurrent.ThreadPoolExecutor.getTask(ThreadPoolExecutor.java:1070)&#10;        at java.base@21.0.8/java.util.concurrent.ThreadPoolExecutor.runWorker(ThreadPoolExecutor.java:1130)&#10;        at java.base@21.0.8/java.util.concurrent.ThreadPoolExecutor$Worker.run(ThreadPoolExecutor.java:642)&#10;        at java.base@21.0.8/java.lang.Thread.runWith(Thread.java:1596)&#10;        at java.base@21.0.8/java.lang.Thread.run(Thread.java:1583)&#10;&quot;IPC Server handler 43 on default port 15000&quot; daemon prio=5 tid=164 timed_waiting&#10;java.lang.Thread.State: TIMED_WAITING&#10;        at java.base@21.0.8/jdk.internal.misc.Unsafe.park(Native Method)&#10;        at java.base@21.0.8/java.util.concurrent.locks.LockSupport.parkNanos(LockSupport.java:269)&#10;        at java.base@21.0.8/java.util.concurrent.locks.AbstractQueuedSynchronizer$ConditionObject.awaitNanos(AbstractQueuedSynchronizer.java:1763)&#10;        at java.base@21.0.8/java.util.concurrent.LinkedBlockingQueue.poll(LinkedBlockingQueue.java:460)&#10;        at app//org.apache.hadoop.ipc.CallQueueManager.take(CallQueueManager.java:370)&#10;        at app//org.apache.hadoop.ipc.Server$Handler.run(Server.java:3165)&#10;&quot;IPC Server handler 14 on default port 15006&quot; daemon prio=5 tid=506 timed_waiting&#10;java.lang.Thread.State: TIMED_WAITING&#10;        at java.base@21.0.8/jdk.internal.misc.Unsafe.park(Native Method)&#10;        at java.base@21.0.8/java.util.concurrent.locks.LockSupport.parkNanos(LockSupport.java:269)&#10;        at java.base@21.0.8/java.util.concurrent.locks.AbstractQueuedSynchronizer$ConditionObject.awaitNanos(AbstractQueuedSynchronizer.java:1763)&#10;        at java.base@21.0.8/java.util.concurrent.LinkedBlockingQueue.poll(LinkedBlockingQueue.java:460)&#10;        at app//org.apache.hadoop.ipc.CallQueueManager.take(CallQueueManager.java:370)&#10;        at app//org.apache.hadoop.ipc.Server$Handler.run(Server.java:3165)&#10;&quot;StaleRecoveringContainerScrubbingService#1&quot; daemon prio=5 tid=828 in Object.wait()&#10;java.lang.Thread.State: WAITING (on object monitor)&#10;        at java.base@21.0.8/jdk.internal.misc.Unsafe.park(Native Method)&#10;        at java.base@21.0.8/java.util.concurrent.locks.LockSupport.park(LockSupport.java:371)&#10;        at java.base@21.0.8/java.util.concurrent.locks.AbstractQueuedSynchronizer$ConditionNode.block(AbstractQueuedSynchronizer.java:519)&#10;        at java.base@21.0.8/java.util.concurrent.ForkJoinPool.unmanagedBlock(ForkJoinPool.java:3780)&#10;        at java.base@21.0.8/java.util.concurrent.ForkJoinPool.managedBlock(ForkJoinPool.java:3725)&#10;        at java.base@21.0.8/java.util.concurrent.locks.AbstractQueuedSynchronizer$ConditionObject.await(AbstractQueuedSynchronizer.java:1712)&#10;        at java.base@21.0.8/java.util.concurrent.ScheduledThreadPoolExecutor$DelayedWorkQueue.take(ScheduledThreadPoolExecutor.java:1177)&#10;        at java.base@21.0.8/java.util.concurrent.ScheduledThreadPoolExecutor$DelayedWorkQueue.take(ScheduledThreadPoolExecutor.java:899)&#10;        at java.base@21.0.8/java.util.concurrent.ThreadPoolExecutor.getTask(ThreadPoolExecutor.java:1070)&#10;        at java.base@21.0.8/java.util.concurrent.ThreadPoolExecutor.runWorker(ThreadPoolExecutor.java:1130)&#10;        at java.base@21.0.8/java.util.concurrent.ThreadPoolExecutor$Worker.run(ThreadPoolExecutor.java:642)&#10;        at java.base@21.0.8/java.lang.Thread.runWith(Thread.java:1596)&#10;        at java.base@21.0.8/java.lang.Thread.run(Thread.java:1583)&#10;&quot;process reaper&quot; daemon prio=10 tid=29 timed_waiting&#10;java.lang.Thread.State: TIMED_WAITING&#10;        at java.base@21.0.8/jdk.internal.misc.Unsafe.park(Native Method)&#10;        at java.base@21.0.8/java.util.concurrent.locks.LockSupport.parkNanos(LockSupport.java:410)&#10;        at java.base@21.0.8/java.util.concurrent.LinkedTransferQueue$DualNode.await(LinkedTransferQueue.java:452)&#10;        at java.base@21.0.8/java.util.concurrent.SynchronousQueue$Transferer.xferLifo(SynchronousQueue.java:194)&#10;        at java.base@21.0.8/java.util.concurrent.SynchronousQueue.xfer(SynchronousQueue.java:235)&#10;        at java.base@21.0.8/java.util.concurrent.SynchronousQueue.poll(SynchronousQueue.java:338)&#10;        at java.base@21.0.8/java.util.concurrent.ThreadPoolExecutor.getTask(ThreadPoolExecutor.java:1069)&#10;        at java.base@21.0.8/java.util.concurrent.ThreadPoolExecutor.runWorker(ThreadPoolExecutor.java:1130)&#10;        at java.base@21.0.8/java.util.concurrent.ThreadPoolExecutor$Worker.run(ThreadPoolExecutor.java:642)&#10;        at java.base@21.0.8/java.lang.Thread.runWith(Thread.java:1596)&#10;        at java.base@21.0.8/java.lang.Thread.run(Thread.java:1583)&#10;        at java.base@21.0.8/jdk.internal.misc.InnocuousThread.run(InnocuousThread.java:186)&#10;&quot;IPC Server handler 49 on default port 15002&quot; daemon prio=5 tid=388 timed_waiting&#10;java.lang.Thread.State: TIMED_WAITING&#10;        at java.base@21.0.8/jdk.internal.misc.Unsafe.park(Native Method)&#10;        at java.base@21.0.8/java.util.concurrent.locks.LockSupport.parkNanos(LockSupport.java:269)&#10;        at java.base@21.0.8/java.util.concurrent.locks.AbstractQueuedSynchronizer$ConditionObject.awaitNanos(AbstractQueuedSynchronizer.java:1763)&#10;        at java.base@21.0.8/java.util.concurrent.LinkedBlockingQueue.poll(LinkedBlockingQueue.java:460)&#10;        at app//org.apache.hadoop.ipc.CallQueueManager.take(CallQueueManager.java:370)&#10;        at app//org.apache.hadoop.ipc.Server$Handler.run(Server.java:3165)&#10;&quot;IPC Server handler 41 on default port 15001&quot; daemon prio=5 tid=262 timed_waiting&#10;java.lang.Thread.State: TIMED_WAITING&#10;        at java.base@21.0.8/jdk.internal.misc.Unsafe.park(Native Method)&#10;        at java.base@21.0.8/java.util.concurrent.locks.LockSupport.parkNanos(LockSupport.java:269)&#10;        at java.base@21.0.8/java.util.concurrent.locks.AbstractQueuedSynchronizer$ConditionObject.awaitNanos(AbstractQueuedSynchronizer.java:1763)&#10;        at java.base@21.0.8/java.util.concurrent.LinkedBlockingQueue.poll(LinkedBlockingQueue.java:460)&#10;        at app//org.apache.hadoop.ipc.CallQueueManager.take(CallQueueManager.java:370)&#10;        at app//org.apache.hadoop.ipc.Server$Handler.run(Server.java:3165)&#10;&quot;org.apache.hadoop.ozone.container.common.statemachine.commandhandler.DeleteBlocksCommandHandler$DeleteCmdWorker@4a176e11&quot; daemon prio=5 tid=662 timed_waiting&#10;java.lang.Thread.State: TIMED_WAITING&#10;        at java.base@21.0.8/java.lang.Thread.sleep0(Native Method)&#10;        at java.base@21.0.8/java.lang.Thread.sleep(Thread.java:509)&#10;        at app//org.apache.hadoop.ozone.container.common.statemachine.commandhandler.DeleteBlocksCommandHandler$DeleteCmdWorker.run(DeleteBlocksCommandHandler.java:260)&#10;        at java.base@21.0.8/java.lang.Thread.runWith(Thread.java:1596)&#10;        at java.base@21.0.8/java.lang.Thread.run(Thread.java:1583)&#10;&quot;Socket Reader #5 for port 15019&quot; daemon prio=5 tid=580 runnable&#10;java.lang.Thread.State: RUNNABLE&#10;        at java.base@21.0.8/sun.nio.ch.EPoll.wait(Native Method)&#10;        at java.base@21.0.8/sun.nio.ch.EPollSelectorImpl.doSelect(EPollSelectorImpl.java:121)&#10;        at java.base@21.0.8/sun.nio.ch.SelectorImpl.lockAndDoSelect(SelectorImpl.java:130)&#10;        at java.base@21.0.8/sun.nio.ch.SelectorImpl.select(SelectorImpl.java:147)&#10;        at app//org.apache.hadoop.ipc.Server$Listener$Reader.doRunLoop(Server.java:1497)&#10;        at app//org.apache.hadoop.ipc.Server$Listener$Reader.run(Server.java:1476)&#10;&quot;IPC Server handler 73 on default port 15001&quot; daemon prio=5 tid=294 timed_waiting&#10;java.lang.Thread.State: TIMED_WAITING&#10;        at java.base@21.0.8/jdk.internal.misc.Unsafe.park(Native Method)&#10;        at java.base@21.0.8/java.util.concurrent.locks.LockSupport.parkNanos(LockSupport.java:269)&#10;        at java.base@21.0.8/java.util.concurrent.locks.AbstractQueuedSynchronizer$ConditionObject.awaitNanos(AbstractQueuedSynchronizer.java:1763)&#10;        at java.base@21.0.8/java.util.concurrent.LinkedBlockingQueue.poll(LinkedBlockingQueue.java:460)&#10;        at app//org.apache.hadoop.ipc.CallQueueManager.take(CallQueueManager.java:370)&#10;        at app//org.apache.hadoop.ipc.Server$Handler.run(Server.java:3165)&#10;&quot;pool-122-thread-1&quot; daemon prio=5 tid=781 timed_waiting&#10;java.lang.Thread.State: TIMED_WAITING&#10;        at java.base@21.0.8/jdk.internal.misc.Unsafe.park(Native Method)&#10;        at java.base@21.0.8/java.util.concurrent.locks.LockSupport.parkNanos(LockSupport.java:269)&#10;        at java.base@21.0.8/java.util.concurrent.locks.AbstractQueuedSynchronizer$ConditionObject.awaitNanos(AbstractQueuedSynchronizer.java:1763)&#10;        at java.base@21.0.8/java.util.concurrent.ScheduledThreadPoolExecutor$DelayedWorkQueue.take(ScheduledThreadPoolExecutor.java:1182)&#10;        at java.base@21.0.8/java.util.concurrent.ScheduledThreadPoolExecutor$DelayedWorkQueue.take(ScheduledThreadPoolExecutor.java:899)&#10;        at java.base@21.0.8/java.util.concurrent.ThreadPoolExecutor.getTask(ThreadPoolExecutor.java:1070)&#10;        at java.base@21.0.8/java.util.concurrent.ThreadPoolExecutor.runWorker(ThreadPoolExecutor.java:1130)&#10;        at java.base@21.0.8/java.util.concurrent.ThreadPoolExecutor$Worker.run(ThreadPoolExecutor.java:642)&#10;        at java.base@21.0.8/java.lang.Thread.runWith(Thread.java:1596)&#10;        at java.base@21.0.8/java.lang.Thread.run(Thread.java:1583)&#10;&quot;IPC Server handler 40 on default port 15000&quot; daemon prio=5 tid=161 timed_waiting&#10;java.lang.Thread.State: TIMED_WAITING&#10;        at java.base@21.0.8/jdk.internal.misc.Unsafe.park(Native Method)&#10;        at java.base@21.0.8/java.util.concurrent.locks.LockSupport.parkNanos(LockSupport.java:269)&#10;        at java.base@21.0.8/java.util.concurrent.locks.AbstractQueuedSynchronizer$ConditionObject.awaitNanos(AbstractQueuedSynchronizer.java:1763)&#10;        at java.base@21.0.8/java.util.concurrent.LinkedBlockingQueue.poll(LinkedBlockingQueue.java:460)&#10;        at app//org.apache.hadoop.ipc.CallQueueManager.take(CallQueueManager.java:370)&#10;        at app//org.apache.hadoop.ipc.Server$Handler.run(Server.java:3165)&#10;&quot;IPC Server handler 82 on default port 15000&quot; daemon prio=5 tid=203 timed_waiting&#10;java.lang.Thread.State: TIMED_WAITING&#10;        at java.base@21.0.8/jdk.internal.misc.Unsafe.park(Native Method)&#10;        at java.base@21.0.8/java.util.concurrent.locks.LockSupport.parkNanos(LockSupport.java:269)&#10;        at java.base@21.0.8/java.util.concurrent.locks.AbstractQueuedSynchronizer$ConditionObject.awaitNanos(AbstractQueuedSynchronizer.java:1763)&#10;        at java.base@21.0.8/java.util.concurrent.LinkedBlockingQueue.poll(LinkedBlockingQueue.java:460)&#10;        at app//org.apache.hadoop.ipc.CallQueueManager.take(CallQueueManager.java:370)&#10;        at app//org.apache.hadoop.ipc.Server$Handler.run(Server.java:3165)&#10;&quot;Socket Reader #1 for port 15019&quot; daemon prio=5 tid=576 runnable&#10;java.lang.Thread.State: RUNNABLE&#10;        at java.base@21.0.8/sun.nio.ch.EPoll.wait(Native Method)&#10;        at java.base@21.0.8/sun.nio.ch.EPollSelectorImpl.doSelect(EPollSelectorImpl.java:121)&#10;        at java.base@21.0.8/sun.nio.ch.SelectorImpl.lockAndDoSelect(SelectorImpl.java:130)&#10;        at java.base@21.0.8/sun.nio.ch.SelectorImpl.select(SelectorImpl.java:147)&#10;        at app//org.apache.hadoop.ipc.Server$Listener$Reader.doRunLoop(Server.java:1497)&#10;        at app//org.apache.hadoop.ipc.Server$Listener$Reader.run(Server.java:1476)&#10;&quot;IPC Server handler 2 on default port 15027&quot; daemon prio=5 tid=639 timed_waiting&#10;java.lang.Thread.State: TIMED_WAITING&#10;        at java.base@21.0.8/jdk.internal.misc.Unsafe.park(Native Method)&#10;        at java.base@21.0.8/java.util.concurrent.locks.LockSupport.parkNanos(LockSupport.java:269)&#10;        at java.base@21.0.8/java.util.concurrent.locks.AbstractQueuedSynchronizer$ConditionObject.awaitNanos(AbstractQueuedSynchronizer.java:1763)&#10;        at java.base@21.0.8/java.util.concurrent.LinkedBlockingQueue.poll(LinkedBlockingQueue.java:460)&#10;        at app//org.apache.hadoop.ipc.CallQueueManager.take(CallQueueManager.java:370)&#10;        at app//org.apache.hadoop.ipc.Server$Handler.run(Server.java:3165)&#10;&quot;qtp976208765-614-acceptor-0@66612a63-ServerConnector@2ae34c61{HTTP/1.1, (http/1.1)}{0.0.0.0:15026}&quot; daemon prio=3 tid=614 runnable&#10;java.lang.Thread.State: RUNNABLE&#10;        at java.base@21.0.8/sun.nio.ch.Net.accept(Native Method)&#10;        at java.base@21.0.8/sun.nio.ch.ServerSocketChannelImpl.implAccept(ServerSocketChannelImpl.java:433)&#10;        at java.base@21.0.8/sun.nio.ch.ServerSocketChannelImpl.accept(ServerSocketChannelImpl.java:399)&#10;        at app//org.eclipse.jetty.server.ServerConnector.accept(ServerConnector.java:388)&#10;        at app//org.eclipse.jetty.server.AbstractConnector$Acceptor.run(AbstractConnector.java:704)&#10;        at app//org.eclipse.jetty.util.thread.QueuedThreadPool.runJob(QueuedThreadPool.java:883)&#10;        at app//org.eclipse.jetty.util.thread.QueuedThreadPool$Runner.run(QueuedThreadPool.java:1034)&#10;        at java.base@21.0.8/java.lang.Thread.runWith(Thread.java:1596)&#10;        at java.base@21.0.8/java.lang.Thread.run(Thread.java:1583)&#10;&quot;Socket Reader #2 for port 15027&quot; daemon prio=5 tid=625 runnable&#10;java.lang.Thread.State: RUNNABLE&#10;        at java.base@21.0.8/sun.nio.ch.EPoll.wait(Native Method)&#10;        at java.base@21.0.8/sun.nio.ch.EPollSelectorImpl.doSelect(EPollSelectorImpl.java:121)&#10;        at java.base@21.0.8/sun.nio.ch.SelectorImpl.lockAndDoSelect(SelectorImpl.java:130)&#10;        at java.base@21.0.8/sun.nio.ch.SelectorImpl.select(SelectorImpl.java:147)&#10;        at app//org.apache.hadoop.ipc.Server$Listener$Reader.doRunLoop(Server.java:1497)&#10;        at app//org.apache.hadoop.ipc.Server$Listener$Reader.run(Server.java:1476)&#10;&quot;IPC Server Responder&quot; daemon prio=5 tid=774 runnable&#10;java.lang.Thread.State: RUNNABLE&#10;        at java.base@21.0.8/sun.nio.ch.EPoll.wait(Native Method)&#10;        at java.base@21.0.8/sun.nio.ch.EPollSelectorImpl.doSelect(EPollSelectorImpl.java:121)&#10;        at java.base@21.0.8/sun.nio.ch.SelectorImpl.lockAndDoSelect(SelectorImpl.java:130)&#10;        at java.base@21.0.8/sun.nio.ch.SelectorImpl.select(SelectorImpl.java:142)&#10;        at app//org.apache.hadoop.ipc.Server$Responder.doRunLoop(Server.java:1733)&#10;        at app//org.apache.hadoop.ipc.Server$Responder.run(Server.java:1716)&#10;&quot;25d9f169-1c9e-47c6-a2a2-d20fb3c5fda2-CommandProcessorThread&quot; daemon prio=5 tid=720 timed_waiting&#10;java.lang.Thread.State: TIMED_WAITING&#10;        at java.base@21.0.8/java.lang.Thread.sleep0(Native Method)&#10;        at java.base@21.0.8/java.lang.Thread.sleep(Thread.java:509)&#10;        at app//org.apache.hadoop.ozone.container.common.statemachine.DatanodeStateMachine.lambda$initCommandHandlerThread$4(DatanodeStateMachine.java:698)&#10;        at app//org.apache.hadoop.ozone.container.common.statemachine.DatanodeStateMachine$$Lambda/0x00007fd1ac884310.run(Unknown Source)&#10;        at java.base@21.0.8/java.lang.Thread.runWith(Thread.java:1596)&#10;        at java.base@21.0.8/java.lang.Thread.run(Thread.java:1583)&#10;&quot;EventQueue-PipelineReportForOneReplicaPipelineSafeModeRule&quot; daemon prio=5 tid=759 in Object.wait()&#10;java.lang.Thread.State: WAITING (on object monitor)&#10;        at java.base@21.0.8/jdk.internal.misc.Unsafe.park(Native Method)&#10;        at java.base@21.0.8/java.util.concurrent.locks.LockSupport.park(LockSupport.java:371)&#10;        at java.base@21.0.8/java.util.concurrent.locks.AbstractQueuedSynchronizer$ConditionNode.block(AbstractQueuedSynchronizer.java:519)&#10;        at java.base@21.0.8/java.util.concurrent.ForkJoinPool.unmanagedBlock(ForkJoinPool.java:3780)&#10;        at java.base@21.0.8/java.util.concurrent.ForkJoinPool.managedBlock(ForkJoinPool.java:3725)&#10;        at java.base@21.0.8/java.util.concurrent.locks.AbstractQueuedSynchronizer$ConditionObject.await(AbstractQueuedSynchronizer.java:1712)&#10;        at java.base@21.0.8/java.util.concurrent.LinkedBlockingQueue.take(LinkedBlockingQueue.java:435)&#10;        at java.base@21.0.8/java.util.concurrent.ThreadPoolExecutor.getTask(ThreadPoolExecutor.java:1070)&#10;        at java.base@21.0.8/java.util.concurrent.ThreadPoolExecutor.runWorker(ThreadPoolExecutor.java:1130)&#10;        at java.base@21.0.8/java.util.concurrent.ThreadPoolExecutor$Worker.run(ThreadPoolExecutor.java:642)&#10;        at java.base@21.0.8/java.lang.Thread.runWith(Thread.java:1596)&#10;        at java.base@21.0.8/java.lang.Thread.run(Thread.java:1583)&#10;&quot;IPC Server handler 46 on default port 15000&quot; daemon prio=5 tid=167 timed_waiting&#10;java.lang.Thread.State: TIMED_WAITING&#10;        at java.base@21.0.8/jdk.internal.misc.Unsafe.park(Native Method)&#10;        at java.base@21.0.8/java.util.concurrent.locks.LockSupport.parkNanos(LockSupport.java:269)&#10;        at java.base@21.0.8/java.util.concurrent.locks.AbstractQueuedSynchronizer$ConditionObject.awaitNanos(AbstractQueuedSynchronizer.java:1763)&#10;        at java.base@21.0.8/java.util.concurrent.LinkedBlockingQueue.poll(LinkedBlockingQueue.java:460)&#10;        at app//org.apache.hadoop.ipc.CallQueueManager.take(CallQueueManager.java:370)&#10;        at app//org.apache.hadoop.ipc.Server$Handler.run(Server.java:3165)&#10;&quot;IPC Server handler 94 on default port 15000&quot; daemon prio=5 tid=215 timed_waiting&#10;java.lang.Thread.State: TIMED_WAITING&#10;        at java.base@21.0.8/jdk.internal.misc.Unsafe.park(Native Method)&#10;        at java.base@21.0.8/java.util.concurrent.locks.LockSupport.parkNanos(LockSupport.java:269)&#10;        at java.base@21.0.8/java.util.concurrent.locks.AbstractQueuedSynchronizer$ConditionObject.awaitNanos(AbstractQueuedSynchronizer.java:1763)&#10;        at java.base@21.0.8/java.util.concurrent.LinkedBlockingQueue.poll(LinkedBlockingQueue.java:460)&#10;        at app//org.apache.hadoop.ipc.CallQueueManager.take(CallQueueManager.java:370)&#10;        at app//org.apache.hadoop.ipc.Server$Handler.run(Server.java:3165)&#10;&quot;IPC Server handler 60 on default port 15000&quot; daemon prio=5 tid=181 timed_waiting&#10;java.lang.Thread.State: TIMED_WAITING&#10;        at java.base@21.0.8/jdk.internal.misc.Unsafe.park(Native Method)&#10;        at java.base@21.0.8/java.util.concurrent.locks.LockSupport.parkNanos(LockSupport.java:269)&#10;        at java.base@21.0.8/java.util.concurrent.locks.AbstractQueuedSynchronizer$ConditionObject.awaitNanos(AbstractQueuedSynchronizer.java:1763)&#10;        at java.base@21.0.8/java.util.concurrent.LinkedBlockingQueue.poll(LinkedBlockingQueue.java:460)&#10;        at app//org.apache.hadoop.ipc.CallQueueManager.take(CallQueueManager.java:370)&#10;        at app//org.apache.hadoop.ipc.Server$Handler.run(Server.java:3165)&#10;&quot;IPC Server handler 56 on default port 15002&quot; daemon prio=5 tid=395 timed_waiting&#10;java.lang.Thread.State: TIMED_WAITING&#10;        at java.base@21.0.8/jdk.internal.misc.Unsafe.park(Native Method)&#10;        at java.base@21.0.8/java.util.concurrent.locks.LockSupport.parkNanos(LockSupport.java:269)&#10;        at java.base@21.0.8/java.util.concurrent.locks.AbstractQueuedSynchronizer$ConditionObject.awaitNanos(AbstractQueuedSynchronizer.java:1763)&#10;        at java.base@21.0.8/java.util.concurrent.LinkedBlockingQueue.poll(LinkedBlockingQueue.java:460)&#10;        at app//org.apache.hadoop.ipc.CallQueueManager.take(CallQueueManager.java:370)&#10;        at app//org.apache.hadoop.ipc.Server$Handler.run(Server.java:3165)&#10;&quot;IPC Server handler 61 on default port 15001&quot; daemon prio=5 tid=282 timed_waiting&#10;java.lang.Thread.State: TIMED_WAITING&#10;        at java.base@21.0.8/jdk.internal.misc.Unsafe.park(Native Method)&#10;        at java.base@21.0.8/java.util.concurrent.locks.LockSupport.parkNanos(LockSupport.java:269)&#10;        at java.base@21.0.8/java.util.concurrent.locks.AbstractQueuedSynchronizer$ConditionObject.awaitNanos(AbstractQueuedSynchronizer.java:1763)&#10;        at java.base@21.0.8/java.util.concurrent.LinkedBlockingQueue.poll(LinkedBlockingQueue.java:460)&#10;        at app//org.apache.hadoop.ipc.CallQueueManager.take(CallQueueManager.java:370)&#10;        at app//org.apache.hadoop.ipc.Server$Handler.run(Server.java:3165)&#10;&quot;IPC Server handler 77 on default port 15002&quot; daemon prio=5 tid=416 timed_waiting&#10;java.lang.Thread.State: TIMED_WAITING&#10;        at java.base@21.0.8/jdk.internal.misc.Unsafe.park(Native Method)&#10;        at java.base@21.0.8/java.util.concurrent.locks.LockSupport.parkNanos(LockSupport.java:269)&#10;        at java.base@21.0.8/java.util.concurrent.locks.AbstractQueuedSynchronizer$ConditionObject.awaitNanos(AbstractQueuedSynchronizer.java:1763)&#10;        at java.base@21.0.8/java.util.concurrent.LinkedBlockingQueue.poll(LinkedBlockingQueue.java:460)&#10;        at app//org.apache.hadoop.ipc.CallQueueManager.take(CallQueueManager.java:370)&#10;        at app//org.apache.hadoop.ipc.Server$Handler.run(Server.java:3165)&#10;&quot;IPC Server handler 85 on default port 15000&quot; daemon prio=5 tid=206 timed_waiting&#10;java.lang.Thread.State: TIMED_WAITING&#10;        at java.base@21.0.8/jdk.internal.misc.Unsafe.park(Native Method)&#10;        at java.base@21.0.8/java.util.concurrent.locks.LockSupport.parkNanos(LockSupport.java:269)&#10;        at java.base@21.0.8/java.util.concurrent.locks.AbstractQueuedSynchronizer$ConditionObject.awaitNanos(AbstractQueuedSynchronizer.java:1763)&#10;        at java.base@21.0.8/java.util.concurrent.LinkedBlockingQueue.poll(LinkedBlockingQueue.java:460)&#10;        at app//org.apache.hadoop.ipc.CallQueueManager.take(CallQueueManager.java:370)&#10;        at app//org.apache.hadoop.ipc.Server$Handler.run(Server.java:3165)&#10;&quot;IPC Server handler 96 on default port 15001&quot; daemon prio=5 tid=317 timed_waiting&#10;java.lang.Thread.State: TIMED_WAITING&#10;        at java.base@21.0.8/jdk.internal.misc.Unsafe.park(Native Method)&#10;        at java.base@21.0.8/java.util.concurrent.locks.LockSupport.parkNanos(LockSupport.java:269)&#10;        at java.base@21.0.8/java.util.concurrent.locks.AbstractQueuedSynchronizer$ConditionObject.awaitNanos(AbstractQueuedSynchronizer.java:1763)&#10;        at java.base@21.0.8/java.util.concurrent.LinkedBlockingQueue.poll(LinkedBlockingQueue.java:460)&#10;        at app//org.apache.hadoop.ipc.CallQueueManager.take(CallQueueManager.java:370)&#10;        at app//org.apache.hadoop.ipc.Server$Handler.run(Server.java:3165)&#10;&quot;IPC Server handler 41 on default port 15000&quot; daemon prio=5 tid=162 timed_waiting&#10;java.lang.Thread.State: TIMED_WAITING&#10;        at java.base@21.0.8/jdk.internal.misc.Unsafe.park(Native Method)&#10;        at java.base@21.0.8/java.util.concurrent.locks.LockSupport.parkNanos(LockSupport.java:269)&#10;        at java.base@21.0.8/java.util.concurrent.locks.AbstractQueuedSynchronizer$ConditionObject.awaitNanos(AbstractQueuedSynchronizer.java:1763)&#10;        at java.base@21.0.8/java.util.concurrent.LinkedBlockingQueue.poll(LinkedBlockingQueue.java:460)&#10;        at app//org.apache.hadoop.ipc.CallQueueManager.take(CallQueueManager.java:370)&#10;        at app//org.apache.hadoop.ipc.Server$Handler.run(Server.java:3165)&#10;&quot;d3e19d45-0b2b-4921-9b28-39a5e9747ac8@group-3551B3BB1E56-cacheEviction-AwaitToRun&quot; daemon prio=5 tid=864 in Object.wait()&#10;java.lang.Thread.State: WAITING (on object monitor)&#10;        at java.base@21.0.8/jdk.internal.misc.Unsafe.park(Native Method)&#10;        at java.base@21.0.8/java.util.concurrent.locks.LockSupport.park(LockSupport.java:371)&#10;        at java.base@21.0.8/java.util.concurrent.locks.AbstractQueuedSynchronizer$ConditionNode.block(AbstractQueuedSynchronizer.java:519)&#10;        at java.base@21.0.8/java.util.concurrent.ForkJoinPool.unmanagedBlock(ForkJoinPool.java:3780)&#10;        at java.base@21.0.8/java.util.concurrent.ForkJoinPool.managedBlock(ForkJoinPool.java:3725)&#10;        at java.base@21.0.8/java.util.concurrent.locks.AbstractQueuedSynchronizer$ConditionObject.await(AbstractQueuedSynchronizer.java:1712)&#10;        at app//org.apache.ratis.util.AwaitForSignal.await(AwaitForSignal.java:48)&#10;        at app//org.apache.ratis.util.AwaitToRun$RunnableImpl.run(AwaitToRun.java:47)&#10;        at java.base@21.0.8/java.lang.Thread.runWith(Thread.java:1596)&#10;        at java.base@21.0.8/java.lang.Thread.run(Thread.java:1583)&#10;&quot;IPC Server handler 38 on default port 15001&quot; daemon prio=5 tid=259 timed_waiting&#10;java.lang.Thread.State: TIMED_WAITING&#10;        at java.base@21.0.8/jdk.internal.misc.Unsafe.park(Native Method)&#10;        at java.base@21.0.8/java.util.concurrent.locks.LockSupport.parkNanos(LockSupport.java:269)&#10;        at java.base@21.0.8/java.util.concurrent.locks.AbstractQueuedSynchronizer$ConditionObject.awaitNanos(AbstractQueuedSynchronizer.java:1763)&#10;        at java.base@21.0.8/java.util.concurrent.LinkedBlockingQueue.poll(LinkedBlockingQueue.java:460)&#10;        at app//org.apache.hadoop.ipc.CallQueueManager.take(CallQueueManager.java:370)&#10;        at app//org.apache.hadoop.ipc.Server$Handler.run(Server.java:3165)&#10;&quot;StaleRecoveringContainerScrubbingService#0&quot; daemon prio=5 tid=848 timed_waiting&#10;java.lang.Thread.State: TIMED_WAITING&#10;        at java.base@21.0.8/jdk.internal.misc.Unsafe.park(Native Method)&#10;        at java.base@21.0.8/java.util.concurrent.locks.LockSupport.parkNanos(LockSupport.java:269)&#10;        at java.base@21.0.8/java.util.concurrent.locks.AbstractQueuedSynchronizer$ConditionObject.awaitNanos(AbstractQueuedSynchronizer.java:1763)&#10;        at java.base@21.0.8/java.util.concurrent.ScheduledThreadPoolExecutor$DelayedWorkQueue.take(ScheduledThreadPoolExecutor.java:1182)&#10;        at java.base@21.0.8/java.util.concurrent.ScheduledThreadPoolExecutor$DelayedWorkQueue.take(ScheduledThreadPoolExecutor.java:899)&#10;        at java.base@21.0.8/java.util.concurrent.ThreadPoolExecutor.getTask(ThreadPoolExecutor.java:1070)&#10;        at java.base@21.0.8/java.util.concurrent.ThreadPoolExecutor.runWorker(ThreadPoolExecutor.java:1130)&#10;        at java.base@21.0.8/java.util.concurrent.ThreadPoolExecutor$Worker.run(ThreadPoolExecutor.java:642)&#10;        at java.base@21.0.8/java.lang.Thread.runWith(Thread.java:1596)&#10;        at java.base@21.0.8/java.lang.Thread.run(Thread.java:1583)&#10;&quot;IPC Server handler 36 on default port 15000&quot; daemon prio=5 tid=157 timed_waiting&#10;java.lang.Thread.State: TIMED_WAITING&#10;        at java.base@21.0.8/jdk.internal.misc.Unsafe.park(Native Method)&#10;        at java.base@21.0.8/java.util.concurrent.locks.LockSupport.parkNanos(LockSupport.java:269)&#10;        at java.base@21.0.8/java.util.concurrent.locks.AbstractQueuedSynchronizer$ConditionObject.awaitNanos(AbstractQueuedSynchronizer.java:1763)&#10;        at java.base@21.0.8/java.util.concurrent.LinkedBlockingQueue.poll(LinkedBlockingQueue.java:460)&#10;        at app//org.apache.hadoop.ipc.CallQueueManager.take(CallQueueManager.java:370)&#10;        at app//org.apache.hadoop.ipc.Server$Handler.run(Server.java:3165)&#10;&quot;IPC Server handler 61 on default port 15000&quot; daemon prio=5 tid=182 timed_waiting&#10;java.lang.Thread.State: TIMED_WAITING&#10;        at java.base@21.0.8/jdk.internal.misc.Unsafe.park(Native Method)&#10;        at java.base@21.0.8/java.util.concurrent.locks.LockSupport.parkNanos(LockSupport.java:269)&#10;        at java.base@21.0.8/java.util.concurrent.locks.AbstractQueuedSynchronizer$ConditionObject.awaitNanos(AbstractQueuedSynchronizer.java:1763)&#10;        at java.base@21.0.8/java.util.concurrent.LinkedBlockingQueue.poll(LinkedBlockingQueue.java:460)&#10;        at app//org.apache.hadoop.ipc.CallQueueManager.take(CallQueueManager.java:370)&#10;        at app//org.apache.hadoop.ipc.Server$Handler.run(Server.java:3165)&#10;&quot;IPC Server handler 95 on default port 15002&quot; daemon prio=5 tid=434 timed_waiting&#10;java.lang.Thread.State: TIMED_WAITING&#10;        at java.base@21.0.8/jdk.internal.misc.Unsafe.park(Native Method)&#10;        at java.base@21.0.8/java.util.concurrent.locks.LockSupport.parkNanos(LockSupport.java:269)&#10;        at java.base@21.0.8/java.util.concurrent.locks.AbstractQueuedSynchronizer$ConditionObject.awaitNanos(AbstractQueuedSynchronizer.java:1763)&#10;        at java.base@21.0.8/java.util.concurrent.LinkedBlockingQueue.poll(LinkedBlockingQueue.java:460)&#10;        at app//org.apache.hadoop.ipc.CallQueueManager.take(CallQueueManager.java:370)&#10;        at app//org.apache.hadoop.ipc.Server$Handler.run(Server.java:3165)&#10;&quot;Hadoop-Metrics-Updater-0&quot; daemon prio=5 tid=89 timed_waiting&#10;java.lang.Thread.State: TIMED_WAITING&#10;        at java.base@21.0.8/jdk.internal.misc.Unsafe.park(Native Method)&#10;        at java.base@21.0.8/java.util.concurrent.locks.LockSupport.parkNanos(LockSupport.java:269)&#10;        at java.base@21.0.8/java.util.concurrent.locks.AbstractQueuedSynchronizer$ConditionObject.awaitNanos(AbstractQueuedSynchronizer.java:1763)&#10;        at java.base@21.0.8/java.util.concurrent.ScheduledThreadPoolExecutor$DelayedWorkQueue.take(ScheduledThreadPoolExecutor.java:1182)&#10;        at java.base@21.0.8/java.util.concurrent.ScheduledThreadPoolExecutor$DelayedWorkQueue.take(ScheduledThreadPoolExecutor.java:899)&#10;        at java.base@21.0.8/java.util.concurrent.ThreadPoolExecutor.getTask(ThreadPoolExecutor.java:1070)&#10;        at java.base@21.0.8/java.util.concurrent.ThreadPoolExecutor.runWorker(ThreadPoolExecutor.java:1130)&#10;        at java.base@21.0.8/java.util.concurrent.ThreadPoolExecutor$Worker.run(ThreadPoolExecutor.java:642)&#10;        at java.base@21.0.8/java.lang.Thread.runWith(Thread.java:1596)&#10;        at java.base@21.0.8/java.lang.Thread.run(Thread.java:1583)&#10;&quot;Socket Reader #9 for port 15027&quot; daemon prio=5 tid=632 runnable&#10;java.lang.Thread.State: RUNNABLE&#10;        at java.base@21.0.8/sun.nio.ch.EPoll.wait(Native Method)&#10;        at java.base@21.0.8/sun.nio.ch.EPollSelectorImpl.doSelect(EPollSelectorImpl.java:121)&#10;        at java.base@21.0.8/sun.nio.ch.SelectorImpl.lockAndDoSelect(SelectorImpl.java:130)&#10;        at java.base@21.0.8/sun.nio.ch.SelectorImpl.select(SelectorImpl.java:147)&#10;        at app//org.apache.hadoop.ipc.Server$Listener$Reader.doRunLoop(Server.java:1497)&#10;        at app//org.apache.hadoop.ipc.Server$Listener$Reader.run(Server.java:1476)&#10;&quot;IPC Server handler 90 on default port 15000&quot; daemon prio=5 tid=211 timed_waiting&#10;java.lang.Thread.State: TIMED_WAITING&#10;        at java.base@21.0.8/jdk.internal.misc.Unsafe.park(Native Method)&#10;        at java.base@21.0.8/java.util.concurrent.locks.LockSupport.parkNanos(LockSupport.java:269)&#10;        at java.base@21.0.8/java.util.concurrent.locks.AbstractQueuedSynchronizer$ConditionObject.awaitNanos(AbstractQueuedSynchronizer.java:1763)&#10;        at java.base@21.0.8/java.util.concurrent.LinkedBlockingQueue.poll(LinkedBlockingQueue.java:460)&#10;        at app//org.apache.hadoop.ipc.CallQueueManager.take(CallQueueManager.java:370)&#10;        at app//org.apache.hadoop.ipc.Server$Handler.run(Server.java:3165)&#10;&quot;StaleRecoveringContainerScrubbingService#1&quot; daemon prio=5 tid=849 in Object.wait()&#10;java.lang.Thread.State: WAITING (on object monitor)&#10;        at java.base@21.0.8/jdk.internal.misc.Unsafe.park(Native Method)&#10;        at java.base@21.0.8/java.util.concurrent.locks.LockSupport.park(LockSupport.java:371)&#10;        at java.base@21.0.8/java.util.concurrent.locks.AbstractQueuedSynchronizer$ConditionNode.block(AbstractQueuedSynchronizer.java:519)&#10;        at java.base@21.0.8/java.util.concurrent.ForkJoinPool.unmanagedBlock(ForkJoinPool.java:3780)&#10;        at java.base@21.0.8/java.util.concurrent.ForkJoinPool.managedBlock(ForkJoinPool.java:3725)&#10;        at java.base@21.0.8/java.util.concurrent.locks.AbstractQueuedSynchronizer$ConditionObject.await(AbstractQueuedSynchronizer.java:1712)&#10;        at java.base@21.0.8/java.util.concurrent.ScheduledThreadPoolExecutor$DelayedWorkQueue.take(ScheduledThreadPoolExecutor.java:1177)&#10;        at java.base@21.0.8/java.util.concurrent.ScheduledThreadPoolExecutor$DelayedWorkQueue.take(ScheduledThreadPoolExecutor.java:899)&#10;        at java.base@21.0.8/java.util.concurrent.ThreadPoolExecutor.getTask(ThreadPoolExecutor.java:1070)&#10;        at java.base@21.0.8/java.util.concurrent.ThreadPoolExecutor.runWorker(ThreadPoolExecutor.java:1130)&#10;        at java.base@21.0.8/java.util.concurrent.ThreadPoolExecutor$Worker.run(ThreadPoolExecutor.java:642)&#10;        at java.base@21.0.8/java.lang.Thread.runWith(Thread.java:1596)&#10;        at java.base@21.0.8/java.lang.Thread.run(Thread.java:1583)&#10;&quot;Socket Reader #1 for port 15027&quot; daemon prio=5 tid=624 runnable&#10;java.lang.Thread.State: RUNNABLE&#10;        at java.base@21.0.8/sun.nio.ch.EPoll.wait(Native Method)&#10;        at java.base@21.0.8/sun.nio.ch.EPollSelectorImpl.doSelect(EPollSelectorImpl.java:121)&#10;        at java.base@21.0.8/sun.nio.ch.SelectorImpl.lockAndDoSelect(SelectorImpl.java:130)&#10;        at java.base@21.0.8/sun.nio.ch.SelectorImpl.select(SelectorImpl.java:147)&#10;        at app//org.apache.hadoop.ipc.Server$Listener$Reader.doRunLoop(Server.java:1497)&#10;        at app//org.apache.hadoop.ipc.Server$Listener$Reader.run(Server.java:1476)&#10;&quot;Socket Reader #9 for port 15035&quot; daemon prio=5 tid=698 runnable&#10;java.lang.Thread.State: RUNNABLE&#10;        at java.base@21.0.8/sun.nio.ch.EPoll.wait(Native Method)&#10;        at java.base@21.0.8/sun.nio.ch.EPollSelectorImpl.doSelect(EPollSelectorImpl.java:121)&#10;        at java.base@21.0.8/sun.nio.ch.SelectorImpl.lockAndDoSelect(SelectorImpl.java:130)&#10;        at java.base@21.0.8/sun.nio.ch.SelectorImpl.select(SelectorImpl.java:147)&#10;        at app//org.apache.hadoop.ipc.Server$Listener$Reader.doRunLoop(Server.java:1497)&#10;        at app//org.apache.hadoop.ipc.Server$Listener$Reader.run(Server.java:1476)&#10;&quot;Socket Reader #4 for port 15035&quot; daemon prio=5 tid=693 runnable&#10;java.lang.Thread.State: RUNNABLE&#10;        at java.base@21.0.8/sun.nio.ch.EPoll.wait(Native Method)&#10;        at java.base@21.0.8/sun.nio.ch.EPollSelectorImpl.doSelect(EPollSelectorImpl.java:121)&#10;        at java.base@21.0.8/sun.nio.ch.SelectorImpl.lockAndDoSelect(SelectorImpl.java:130)&#10;        at java.base@21.0.8/sun.nio.ch.SelectorImpl.select(SelectorImpl.java:147)&#10;        at app//org.apache.hadoop.ipc.Server$Listener$Reader.doRunLoop(Server.java:1497)&#10;        at app//org.apache.hadoop.ipc.Server$Listener$Reader.run(Server.java:1476)&#10;&quot;IPC Server handler 6 on default port 15043&quot; daemon prio=5 tid=786 timed_waiting&#10;java.lang.Thread.State: TIMED_WAITING&#10;        at java.base@21.0.8/jdk.internal.misc.Unsafe.park(Native Method)&#10;        at java.base@21.0.8/java.util.concurrent.locks.LockSupport.parkNanos(LockSupport.java:269)&#10;        at java.base@21.0.8/java.util.concurrent.locks.AbstractQueuedSynchronizer$ConditionObject.awaitNanos(AbstractQueuedSynchronizer.java:1763)&#10;        at java.base@21.0.8/java.util.concurrent.LinkedBlockingQueue.poll(LinkedBlockingQueue.java:460)&#10;        at app//org.apache.hadoop.ipc.CallQueueManager.take(CallQueueManager.java:370)&#10;        at app//org.apache.hadoop.ipc.Server$Handler.run(Server.java:3165)&#10;&quot;Socket Reader #4 for port 15019&quot; daemon prio=5 tid=579 runnable&#10;java.lang.Thread.State: RUNNABLE&#10;        at java.base@21.0.8/sun.nio.ch.EPoll.wait(Native Method)&#10;        at java.base@21.0.8/sun.nio.ch.EPollSelectorImpl.doSelect(EPollSelectorImpl.java:121)&#10;        at java.base@21.0.8/sun.nio.ch.SelectorImpl.lockAndDoSelect(SelectorImpl.java:130)&#10;        at java.base@21.0.8/sun.nio.ch.SelectorImpl.select(SelectorImpl.java:147)&#10;        at app//org.apache.hadoop.ipc.Server$Listener$Reader.doRunLoop(Server.java:1497)&#10;        at app//org.apache.hadoop.ipc.Server$Listener$Reader.run(Server.java:1476)&#10;&quot;25d9f169-1c9e-47c6-a2a2-d20fb3c5fda2-DataNodeDiskCheckerThread-0&quot; daemon prio=5 tid=815 timed_waiting&#10;java.lang.Thread.State: TIMED_WAITING&#10;        at java.base@21.0.8/jdk.internal.misc.Unsafe.park(Native Method)&#10;        at java.base@21.0.8/java.util.concurrent.locks.LockSupport.parkNanos(LockSupport.java:410)&#10;        at java.base@21.0.8/java.util.concurrent.LinkedTransferQueue$DualNode.await(LinkedTransferQueue.java:452)&#10;        at java.base@21.0.8/java.util.concurrent.SynchronousQueue$Transferer.xferLifo(SynchronousQueue.java:194)&#10;        at java.base@21.0.8/java.util.concurrent.SynchronousQueue.xfer(SynchronousQueue.java:235)&#10;        at java.base@21.0.8/java.util.concurrent.SynchronousQueue.poll(SynchronousQueue.java:338)&#10;        at java.base@21.0.8/java.util.concurrent.ThreadPoolExecutor.getTask(ThreadPoolExecutor.java:1069)&#10;        at java.base@21.0.8/java.util.concurrent.ThreadPoolExecutor.runWorker(ThreadPoolExecutor.java:1130)&#10;        at java.base@21.0.8/java.util.concurrent.ThreadPoolExecutor$Worker.run(ThreadPoolExecutor.java:642)&#10;        at java.base@21.0.8/java.lang.Thread.runWith(Thread.java:1596)&#10;        at java.base@21.0.8/java.lang.Thread.run(Thread.java:1583)&#10;&quot;IPC Server handler 36 on default port 15002&quot; daemon prio=5 tid=375 timed_waiting&#10;java.lang.Thread.State: TIMED_WAITING&#10;        at java.base@21.0.8/jdk.internal.misc.Unsafe.park(Native Method)&#10;        at java.base@21.0.8/java.util.concurrent.locks.LockSupport.parkNanos(LockSupport.java:269)&#10;        at java.base@21.0.8/java.util.concurrent.locks.AbstractQueuedSynchronizer$ConditionObject.awaitNanos(AbstractQueuedSynchronizer.java:1763)&#10;        at java.base@21.0.8/java.util.concurrent.LinkedBlockingQueue.poll(LinkedBlockingQueue.java:460)&#10;        at app//org.apache.hadoop.ipc.CallQueueManager.take(CallQueueManager.java:370)&#10;        at app//org.apache.hadoop.ipc.Server$Handler.run(Server.java:3165)&#10;&quot;Socket Reader #7 for port 15035&quot; daemon prio=5 tid=696 runnable&#10;java.lang.Thread.State: RUNNABLE&#10;        at java.base@21.0.8/sun.nio.ch.EPoll.wait(Native Method)&#10;        at java.base@21.0.8/sun.nio.ch.EPollSelectorImpl.doSelect(EPollSelectorImpl.java:121)&#10;        at java.base@21.0.8/sun.nio.ch.SelectorImpl.lockAndDoSelect(SelectorImpl.java:130)&#10;        at java.base@21.0.8/sun.nio.ch.SelectorImpl.select(SelectorImpl.java:147)&#10;        at app//org.apache.hadoop.ipc.Server$Listener$Reader.doRunLoop(Server.java:1497)&#10;        at app//org.apache.hadoop.ipc.Server$Listener$Reader.run(Server.java:1476)&#10;&quot;pool-66-thread-1&quot;  prio=5 tid=482 timed_waiting&#10;java.lang.Thread.State: TIMED_WAITING&#10;        at java.base@21.0.8/jdk.internal.misc.Unsafe.park(Native Method)&#10;        at java.base@21.0.8/java.util.concurrent.locks.LockSupport.parkNanos(LockSupport.java:269)&#10;        at java.base@21.0.8/java.util.concurrent.locks.AbstractQueuedSynchronizer$ConditionObject.awaitNanos(AbstractQueuedSynchronizer.java:1763)&#10;        at java.base@21.0.8/java.util.concurrent.ScheduledThreadPoolExecutor$DelayedWorkQueue.take(ScheduledThreadPoolExecutor.java:1182)&#10;        at java.base@21.0.8/java.util.concurrent.ScheduledThreadPoolExecutor$DelayedWorkQueue.take(ScheduledThreadPoolExecutor.java:899)&#10;        at java.base@21.0.8/java.util.concurrent.ThreadPoolExecutor.getTask(ThreadPoolExecutor.java:1070)&#10;        at java.base@21.0.8/java.util.concurrent.ThreadPoolExecutor.runWorker(ThreadPoolExecutor.java:1130)&#10;        at java.base@21.0.8/java.util.concurrent.ThreadPoolExecutor$Worker.run(ThreadPoolExecutor.java:642)&#10;        at java.base@21.0.8/java.lang.Thread.runWith(Thread.java:1596)&#10;        at java.base@21.0.8/java.lang.Thread.run(Thread.java:1583)&#10;&quot;IPC Server handler 31 on default port 15000&quot; daemon prio=5 tid=152 timed_waiting&#10;java.lang.Thread.State: TIMED_WAITING&#10;        at java.base@21.0.8/jdk.internal.misc.Unsafe.park(Native Method)&#10;        at java.base@21.0.8/java.util.concurrent.locks.LockSupport.parkNanos(LockSupport.java:269)&#10;        at java.base@21.0.8/java.util.concurrent.locks.AbstractQueuedSynchronizer$ConditionObject.awaitNanos(AbstractQueuedSynchronizer.java:1763)&#10;        at java.base@21.0.8/java.util.concurrent.LinkedBlockingQueue.poll(LinkedBlockingQueue.java:460)&#10;        at app//org.apache.hadoop.ipc.CallQueueManager.take(CallQueueManager.java:370)&#10;        at app//org.apache.hadoop.ipc.Server$Handler.run(Server.java:3165)&#10;&quot;Hadoop-Metrics-Updater-0&quot; daemon prio=5 tid=704 timed_waiting&#10;java.lang.Thread.State: TIMED_WAITING&#10;        at java.base@21.0.8/jdk.internal.misc.Unsafe.park(Native Method)&#10;        at java.base@21.0.8/java.util.concurrent.locks.LockSupport.parkNanos(LockSupport.java:269)&#10;        at java.base@21.0.8/java.util.concurrent.locks.AbstractQueuedSynchronizer$ConditionObject.awaitNanos(AbstractQueuedSynchronizer.java:1763)&#10;        at java.base@21.0.8/java.util.concurrent.ScheduledThreadPoolExecutor$DelayedWorkQueue.take(ScheduledThreadPoolExecutor.java:1182)&#10;        at java.base@21.0.8/java.util.concurrent.ScheduledThreadPoolExecutor$DelayedWorkQueue.take(ScheduledThreadPoolExecutor.java:899)&#10;        at java.base@21.0.8/java.util.concurrent.ThreadPoolExecutor.getTask(ThreadPoolExecutor.java:1070)&#10;        at java.base@21.0.8/java.util.concurrent.ThreadPoolExecutor.runWorker(ThreadPoolExecutor.java:1130)&#10;        at java.base@21.0.8/java.util.concurrent.ThreadPoolExecutor$Worker.run(ThreadPoolExecutor.java:642)&#10;        at java.base@21.0.8/java.lang.Thread.runWith(Thread.java:1596)&#10;        at java.base@21.0.8/java.lang.Thread.run(Thread.java:1583)&#10;&quot;IPC Server handler 5 on default port 15035&quot; daemon prio=5 tid=710 timed_waiting&#10;java.lang.Thread.State: TIMED_WAITING&#10;        at java.base@21.0.8/jdk.internal.misc.Unsafe.park(Native Method)&#10;        at java.base@21.0.8/java.util.concurrent.locks.LockSupport.parkNanos(LockSupport.java:269)&#10;        at java.base@21.0.8/java.util.concurrent.locks.AbstractQueuedSynchronizer$ConditionObject.awaitNanos(AbstractQueuedSynchronizer.java:1763)&#10;        at java.base@21.0.8/java.util.concurrent.LinkedBlockingQueue.poll(LinkedBlockingQueue.java:460)&#10;        at app//org.apache.hadoop.ipc.CallQueueManager.take(CallQueueManager.java:370)&#10;        at app//org.apache.hadoop.ipc.Server$Handler.run(Server.java:3165)&#10;&quot;18da7ee6-49f7-45ee-8090-861a49f32d36-DatanodeReportManager-0&quot; daemon prio=5 tid=648 in Object.wait()&#10;java.lang.Thread.State: WAITING (on object monitor)&#10;        at java.base@21.0.8/jdk.internal.misc.Unsafe.park(Native Method)&#10;        at java.base@21.0.8/java.util.concurrent.locks.LockSupport.park(LockSupport.java:371)&#10;        at java.base@21.0.8/java.util.concurrent.locks.AbstractQueuedSynchronizer$ConditionNode.block(AbstractQueuedSynchronizer.java:519)&#10;        at java.base@21.0.8/java.util.concurrent.ForkJoinPool.unmanagedBlock(ForkJoinPool.java:3780)&#10;        at java.base@21.0.8/java.util.concurrent.ForkJoinPool.managedBlock(ForkJoinPool.java:3725)&#10;        at java.base@21.0.8/java.util.concurrent.locks.AbstractQueuedSynchronizer$ConditionObject.await(AbstractQueuedSynchronizer.java:1712)&#10;        at java.base@21.0.8/java.util.concurrent.ScheduledThreadPoolExecutor$DelayedWorkQueue.take(ScheduledThreadPoolExecutor.java:1177)&#10;        at java.base@21.0.8/java.util.concurrent.ScheduledThreadPoolExecutor$DelayedWorkQueue.take(ScheduledThreadPoolExecutor.java:899)&#10;        at java.base@21.0.8/java.util.concurrent.ThreadPoolExecutor.getTask(ThreadPoolExecutor.java:1070)&#10;        at java.base@21.0.8/java.util.concurrent.ThreadPoolExecutor.runWorker(ThreadPoolExecutor.java:1130)&#10;        at java.base@21.0.8/java.util.concurrent.ThreadPoolExecutor$Worker.run(ThreadPoolExecutor.java:642)&#10;        at java.base@21.0.8/java.lang.Thread.runWith(Thread.java:1596)&#10;        at java.base@21.0.8/java.lang.Thread.run(Thread.java:1583)&#10;&quot;Socket Reader #6 for port 15035&quot; daemon prio=5 tid=695 runnable&#10;java.lang.Thread.State: RUNNABLE&#10;        at java.base@21.0.8/sun.nio.ch.EPoll.wait(Native Method)&#10;        at java.base@21.0.8/sun.nio.ch.EPollSelectorImpl.doSelect(EPollSelectorImpl.java:121)&#10;        at java.base@21.0.8/sun.nio.ch.SelectorImpl.lockAndDoSelect(SelectorImpl.java:130)&#10;        at java.base@21.0.8/sun.nio.ch.SelectorImpl.select(SelectorImpl.java:147)&#10;        at app//org.apache.hadoop.ipc.Server$Listener$Reader.doRunLoop(Server.java:1497)&#10;        at app//org.apache.hadoop.ipc.Server$Listener$Reader.run(Server.java:1476)&#10;&quot;IPC Server handler 99 on default port 15002&quot; daemon prio=5 tid=438 timed_waiting&#10;java.lang.Thread.State: TIMED_WAITING&#10;        at java.base@21.0.8/jdk.internal.misc.Unsafe.park(Native Method)&#10;        at java.base@21.0.8/java.util.concurrent.locks.LockSupport.parkNanos(LockSupport.java:269)&#10;        at java.base@21.0.8/java.util.concurrent.locks.AbstractQueuedSynchronizer$ConditionObject.awaitNanos(AbstractQueuedSynchronizer.java:1763)&#10;        at java.base@21.0.8/java.util.concurrent.LinkedBlockingQueue.poll(LinkedBlockingQueue.java:460)&#10;        at app//org.apache.hadoop.ipc.CallQueueManager.take(CallQueueManager.java:370)&#10;        at app//org.apache.hadoop.ipc.Server$Handler.run(Server.java:3165)&#10;&quot;IPC Server handler 86 on default port 15000&quot; daemon prio=5 tid=207 timed_waiting&#10;java.lang.Thread.State: TIMED_WAITING&#10;        at java.base@21.0.8/jdk.internal.misc.Unsafe.park(Native Method)&#10;        at java.base@21.0.8/java.util.concurrent.locks.LockSupport.parkNanos(LockSupport.java:269)&#10;        at java.base@21.0.8/java.util.concurrent.locks.AbstractQueuedSynchronizer$ConditionObject.awaitNanos(AbstractQueuedSynchronizer.java:1763)&#10;        at java.base@21.0.8/java.util.concurrent.LinkedBlockingQueue.poll(LinkedBlockingQueue.java:460)&#10;        at app//org.apache.hadoop.ipc.CallQueueManager.take(CallQueueManager.java:370)&#10;        at app//org.apache.hadoop.ipc.Server$Handler.run(Server.java:3165)&#10;&quot;IPC Server handler 48 on default port 15002&quot; daemon prio=5 tid=387 timed_waiting&#10;java.lang.Thread.State: TIMED_WAITING&#10;        at java.base@21.0.8/jdk.internal.misc.Unsafe.park(Native Method)&#10;        at java.base@21.0.8/java.util.concurrent.locks.LockSupport.parkNanos(LockSupport.java:269)&#10;        at java.base@21.0.8/java.util.concurrent.locks.AbstractQueuedSynchronizer$ConditionObject.awaitNanos(AbstractQueuedSynchronizer.java:1763)&#10;        at java.base@21.0.8/java.util.concurrent.LinkedBlockingQueue.poll(LinkedBlockingQueue.java:460)&#10;        at app//org.apache.hadoop.ipc.CallQueueManager.take(CallQueueManager.java:370)&#10;        at app//org.apache.hadoop.ipc.Server$Handler.run(Server.java:3165)&#10;&quot;Hadoop-Metrics-Updater-0&quot; daemon prio=5 tid=462 timed_waiting&#10;java.lang.Thread.State: TIMED_WAITING&#10;        at java.base@21.0.8/jdk.internal.misc.Unsafe.park(Native Method)&#10;        at java.base@21.0.8/java.util.concurrent.locks.LockSupport.parkNanos(LockSupport.java:269)&#10;        at java.base@21.0.8/java.util.concurrent.locks.AbstractQueuedSynchronizer$ConditionObject.awaitNanos(AbstractQueuedSynchronizer.java:1763)&#10;        at java.base@21.0.8/java.util.concurrent.ScheduledThreadPoolExecutor$DelayedWorkQueue.take(ScheduledThreadPoolExecutor.java:1182)&#10;        at java.base@21.0.8/java.util.concurrent.ScheduledThreadPoolExecutor$DelayedWorkQueue.take(ScheduledThreadPoolExecutor.java:899)&#10;        at java.base@21.0.8/java.util.concurrent.ThreadPoolExecutor.getTask(ThreadPoolExecutor.java:1070)&#10;        at java.base@21.0.8/java.util.concurrent.ThreadPoolExecutor.runWorker(ThreadPoolExecutor.java:1130)&#10;        at java.base@21.0.8/java.util.concurrent.ThreadPoolExecutor$Worker.run(ThreadPoolExecutor.java:642)&#10;        at java.base@21.0.8/java.lang.Thread.runWith(Thread.java:1596)&#10;        at java.base@21.0.8/java.lang.Thread.run(Thread.java:1583)&#10;&quot;IPC Server handler 9 on default port 15006&quot; daemon prio=5 tid=501 timed_waiting&#10;java.lang.Thread.State: TIMED_WAITING&#10;        at java.base@21.0.8/jdk.internal.misc.Unsafe.park(Native Method)&#10;        at java.base@21.0.8/java.util.concurrent.locks.LockSupport.parkNanos(LockSupport.java:269)&#10;        at java.base@21.0.8/java.util.concurrent.locks.AbstractQueuedSynchronizer$ConditionObject.awaitNanos(AbstractQueuedSynchronizer.java:1763)&#10;        at java.base@21.0.8/java.util.concurrent.LinkedBlockingQueue.poll(LinkedBlockingQueue.java:460)&#10;        at app//org.apache.hadoop.ipc.CallQueueManager.take(CallQueueManager.java:370)&#10;        at app//org.apache.hadoop.ipc.Server$Handler.run(Server.java:3165)&#10;&quot;IPC Server handler 10 on default port 15001&quot; daemon prio=5 tid=231 timed_waiting&#10;java.lang.Thread.State: TIMED_WAITING&#10;        at java.base@21.0.8/jdk.internal.misc.Unsafe.park(Native Method)&#10;        at java.base@21.0.8/java.util.concurrent.locks.LockSupport.parkNanos(LockSupport.java:269)&#10;        at java.base@21.0.8/java.util.concurrent.locks.AbstractQueuedSynchronizer$ConditionObject.awaitNanos(AbstractQueuedSynchronizer.java:1763)&#10;        at java.base@21.0.8/java.util.concurrent.LinkedBlockingQueue.poll(LinkedBlockingQueue.java:460)&#10;        at app//org.apache.hadoop.ipc.CallQueueManager.take(CallQueueManager.java:370)&#10;        at app//org.apache.hadoop.ipc.Server$Handler.run(Server.java:3165)&#10;&quot;d3e19d45-0b2b-4921-9b28-39a5e9747ac8-DatanodeStateMachineTaskThread-0&quot;  prio=5 tid=798 in Object.wait()&#10;java.lang.Thread.State: WAITING (on object monitor)&#10;        at java.base@21.0.8/jdk.internal.misc.Unsafe.park(Native Method)&#10;        at java.base@21.0.8/java.util.concurrent.locks.LockSupport.park(LockSupport.java:371)&#10;        at java.base@21.0.8/java.util.concurrent.locks.AbstractQueuedSynchronizer$ConditionNode.block(AbstractQueuedSynchronizer.java:519)&#10;        at java.base@21.0.8/java.util.concurrent.ForkJoinPool.unmanagedBlock(ForkJoinPool.java:3780)&#10;        at java.base@21.0.8/java.util.concurrent.ForkJoinPool.managedBlock(ForkJoinPool.java:3725)&#10;        at java.base@21.0.8/java.util.concurrent.locks.AbstractQueuedSynchronizer$ConditionObject.await(AbstractQueuedSynchronizer.java:1712)&#10;        at java.base@21.0.8/java.util.concurrent.LinkedBlockingQueue.take(LinkedBlockingQueue.java:435)&#10;        at java.base@21.0.8/java.util.concurrent.ThreadPoolExecutor.getTask(ThreadPoolExecutor.java:1070)&#10;        at java.base@21.0.8/java.util.concurrent.ThreadPoolExecutor.runWorker(ThreadPoolExecutor.java:1130)&#10;        at java.base@21.0.8/java.util.concurrent.ThreadPoolExecutor$Worker.run(ThreadPoolExecutor.java:642)&#10;        at java.base@21.0.8/java.lang.Thread.runWith(Thread.java:1596)&#10;        at java.base@21.0.8/java.lang.Thread.run(Thread.java:1583)&#10;&quot;IPC Server handler 25 on default port 15000&quot; daemon prio=5 tid=146 timed_waiting&#10;java.lang.Thread.State: TIMED_WAITING&#10;        at java.base@21.0.8/jdk.internal.misc.Unsafe.park(Native Method)&#10;        at java.base@21.0.8/java.util.concurrent.locks.LockSupport.parkNanos(LockSupport.java:269)&#10;        at java.base@21.0.8/java.util.concurrent.locks.AbstractQueuedSynchronizer$ConditionObject.awaitNanos(AbstractQueuedSynchronizer.java:1763)&#10;        at java.base@21.0.8/java.util.concurrent.LinkedBlockingQueue.poll(LinkedBlockingQueue.java:460)&#10;        at app//org.apache.hadoop.ipc.CallQueueManager.take(CallQueueManager.java:370)&#10;        at app//org.apache.hadoop.ipc.Server$Handler.run(Server.java:3165)&#10;&quot;qtp862219833-566&quot; daemon prio=5 tid=566 runnable&#10;java.lang.Thread.State: RUNNABLE&#10;        at java.base@21.0.8/sun.nio.ch.EPoll.wait(Native Method)&#10;        at java.base@21.0.8/sun.nio.ch.EPollSelectorImpl.doSelect(EPollSelectorImpl.java:121)&#10;        at java.base@21.0.8/sun.nio.ch.SelectorImpl.lockAndDoSelect(SelectorImpl.java:130)&#10;        at java.base@21.0.8/sun.nio.ch.SelectorImpl.select(SelectorImpl.java:147)&#10;        at app//org.eclipse.jetty.io.ManagedSelector.nioSelect(ManagedSelector.java:183)&#10;        at app//org.eclipse.jetty.io.ManagedSelector.select(ManagedSelector.java:190)&#10;        at app//org.eclipse.jetty.io.ManagedSelector$SelectorProducer.select(ManagedSelector.java:606)&#10;        at app//org.eclipse.jetty.io.ManagedSelector$SelectorProducer.produce(ManagedSelector.java:543)&#10;        at app//org.eclipse.jetty.util.thread.strategy.EatWhatYouKill.produceTask(EatWhatYouKill.java:362)&#10;        at app//org.eclipse.jetty.util.thread.strategy.EatWhatYouKill.doProduce(EatWhatYouKill.java:186)&#10;        at app//org.eclipse.jetty.util.thread.strategy.EatWhatYouKill.tryProduce(EatWhatYouKill.java:173)&#10;        at app//org.eclipse.jetty.util.thread.strategy.EatWhatYouKill.produce(EatWhatYouKill.java:137)&#10;        at app//org.eclipse.jetty.io.ManagedSelector$$Lambda/0x00007fd1ac6ed508.run(Unknown Source)&#10;        at app//org.eclipse.jetty.util.thread.QueuedThreadPool.runJob(QueuedThreadPool.java:883)&#10;        at app//org.eclipse.jetty.util.thread.QueuedThreadPool$Runner.run(QueuedThreadPool.java:1034)&#10;        at java.base@21.0.8/java.lang.Thread.runWith(Thread.java:1596)&#10;        at java.base@21.0.8/java.lang.Thread.run(Thread.java:1583)&#10;&quot;ExpiredContainerReplicaOpScrubber&quot; daemon prio=5 tid=57 timed_waiting&#10;java.lang.Thread.State: TIMED_WAITING&#10;        at java.base@21.0.8/java.lang.Object.wait0(Native Method)&#10;        at java.base@21.0.8/java.lang.Object.wait(Object.java:366)&#10;        at app//org.apache.hadoop.hdds.scm.ha.BackgroundSCMService.run(BackgroundSCMService.java:106)&#10;        at app//org.apache.hadoop.hdds.scm.ha.BackgroundSCMService$$Lambda/0x00007fd1ac502480.run(Unknown Source)&#10;        at java.base@21.0.8/java.lang.Thread.runWith(Thread.java:1596)&#10;        at java.base@21.0.8/java.lang.Thread.run(Thread.java:1583)&#10;&quot;IPC Server handler 57 on default port 15000&quot; daemon prio=5 tid=178 timed_waiting&#10;java.lang.Thread.State: TIMED_WAITING&#10;        at java.base@21.0.8/jdk.internal.misc.Unsafe.park(Native Method)&#10;        at java.base@21.0.8/java.util.concurrent.locks.LockSupport.parkNanos(LockSupport.java:269)&#10;        at java.base@21.0.8/java.util.concurrent.locks.AbstractQueuedSynchronizer$ConditionObject.awaitNanos(AbstractQueuedSynchronizer.java:1763)&#10;        at java.base@21.0.8/java.util.concurrent.LinkedBlockingQueue.poll(LinkedBlockingQueue.java:460)&#10;        at app//org.apache.hadoop.ipc.CallQueueManager.take(CallQueueManager.java:370)&#10;        at app//org.apache.hadoop.ipc.Server$Handler.run(Server.java:3165)&#10;&quot;83932d67-4fdc-4fe4-8fe1-3df6c3f1844a-RocksDBCompactionThread-0&quot;  prio=5 tid=561 timed_waiting&#10;java.lang.Thread.State: TIMED_WAITING&#10;        at java.base@21.0.8/jdk.internal.misc.Unsafe.park(Native Method)&#10;        at java.base@21.0.8/java.util.concurrent.locks.LockSupport.parkNanos(LockSupport.java:269)&#10;        at java.base@21.0.8/java.util.concurrent.locks.AbstractQueuedSynchronizer$ConditionObject.awaitNanos(AbstractQueuedSynchronizer.java:1763)&#10;        at java.base@21.0.8/java.util.concurrent.ScheduledThreadPoolExecutor$DelayedWorkQueue.take(ScheduledThreadPoolExecutor.java:1182)&#10;        at java.base@21.0.8/java.util.concurrent.ScheduledThreadPoolExecutor$DelayedWorkQueue.take(ScheduledThreadPoolExecutor.java:899)&#10;        at java.base@21.0.8/java.util.concurrent.ThreadPoolExecutor.getTask(ThreadPoolExecutor.java:1070)&#10;        at java.base@21.0.8/java.util.concurrent.ThreadPoolExecutor.runWorker(ThreadPoolExecutor.java:1130)&#10;        at java.base@21.0.8/java.util.concurrent.ThreadPoolExecutor$Worker.run(ThreadPoolExecutor.java:642)&#10;        at java.base@21.0.8/java.lang.Thread.runWith(Thread.java:1596)&#10;        at java.base@21.0.8/java.lang.Thread.run(Thread.java:1583)&#10;&quot;IPC Server handler 85 on default port 15002&quot; daemon prio=5 tid=424 timed_waiting&#10;java.lang.Thread.State: TIMED_WAITING&#10;        at java.base@21.0.8/jdk.internal.misc.Unsafe.park(Native Method)&#10;        at java.base@21.0.8/java.util.concurrent.locks.LockSupport.parkNanos(LockSupport.java:269)&#10;        at java.base@21.0.8/java.util.concurrent.locks.AbstractQueuedSynchronizer$ConditionObject.awaitNanos(AbstractQueuedSynchronizer.java:1763)&#10;        at java.base@21.0.8/java.util.concurrent.LinkedBlockingQueue.poll(LinkedBlockingQueue.java:460)&#10;        at app//org.apache.hadoop.ipc.CallQueueManager.take(CallQueueManager.java:370)&#10;        at app//org.apache.hadoop.ipc.Server$Handler.run(Server.java:3165)&#10;&quot;IPC Server handler 3 on default port 15027&quot; daemon prio=5 tid=640 timed_waiting&#10;java.lang.Thread.State: TIMED_WAITING&#10;        at java.base@21.0.8/jdk.internal.misc.Unsafe.park(Native Method)&#10;        at java.base@21.0.8/java.util.concurrent.locks.LockSupport.parkNanos(LockSupport.java:269)&#10;        at java.base@21.0.8/java.util.concurrent.locks.AbstractQueuedSynchronizer$ConditionObject.awaitNanos(AbstractQueuedSynchronizer.java:1763)&#10;        at java.base@21.0.8/java.util.concurrent.LinkedBlockingQueue.poll(LinkedBlockingQueue.java:460)&#10;        at app//org.apache.hadoop.ipc.CallQueueManager.take(CallQueueManager.java:370)&#10;        at app//org.apache.hadoop.ipc.Server$Handler.run(Server.java:3165)&#10;&quot;IPC Server handler 28 on default port 15002&quot; daemon prio=5 tid=367 timed_waiting&#10;java.lang.Thread.State: TIMED_WAITING&#10;        at java.base@21.0.8/jdk.internal.misc.Unsafe.park(Native Method)&#10;        at java.base@21.0.8/java.util.concurrent.locks.LockSupport.parkNanos(LockSupport.java:269)&#10;        at java.base@21.0.8/java.util.concurrent.locks.AbstractQueuedSynchronizer$ConditionObject.awaitNanos(AbstractQueuedSynchronizer.java:1763)&#10;        at java.base@21.0.8/java.util.concurrent.LinkedBlockingQueue.poll(LinkedBlockingQueue.java:460)&#10;        at app//org.apache.hadoop.ipc.CallQueueManager.take(CallQueueManager.java:370)&#10;        at app//org.apache.hadoop.ipc.Server$Handler.run(Server.java:3165)&#10;&quot;bucketTable_FullTableCache-Cleanup-0&quot; daemon prio=5 tid=442 timed_waiting&#10;java.lang.Thread.State: TIMED_WAITING&#10;        at java.base@21.0.8/jdk.internal.misc.Unsafe.park(Native Method)&#10;        at java.base@21.0.8/java.util.concurrent.locks.LockSupport.parkNanos(LockSupport.java:269)&#10;        at java.base@21.0.8/java.util.concurrent.locks.AbstractQueuedSynchronizer$ConditionObject.awaitNanos(AbstractQueuedSynchronizer.java:1763)&#10;        at java.base@21.0.8/java.util.concurrent.ScheduledThreadPoolExecutor$DelayedWorkQueue.take(ScheduledThreadPoolExecutor.java:1182)&#10;        at java.base@21.0.8/java.util.concurrent.ScheduledThreadPoolExecutor$DelayedWorkQueue.take(ScheduledThreadPoolExecutor.java:899)&#10;        at java.base@21.0.8/java.util.concurrent.ThreadPoolExecutor.getTask(ThreadPoolExecutor.java:1070)&#10;        at java.base@21.0.8/java.util.concurrent.ThreadPoolExecutor.runWorker(ThreadPoolExecutor.java:1130)&#10;        at java.base@21.0.8/java.util.concurrent.ThreadPoolExecutor$Worker.run(ThreadPoolExecutor.java:642)&#10;        at java.base@21.0.8/java.lang.Thread.runWith(Thread.java:1596)&#10;        at java.base@21.0.8/java.lang.Thread.run(Thread.java:1583)&#10;&quot;IPC Server handler 87 on default port 15001&quot; daemon prio=5 tid=308 timed_waiting&#10;java.lang.Thread.State: TIMED_WAITING&#10;        at java.base@21.0.8/jdk.internal.misc.Unsafe.park(Native Method)&#10;        at java.base@21.0.8/java.util.concurrent.locks.LockSupport.parkNanos(LockSupport.java:269)&#10;        at java.base@21.0.8/java.util.concurrent.locks.AbstractQueuedSynchronizer$ConditionObject.awaitNanos(AbstractQueuedSynchronizer.java:1763)&#10;        at java.base@21.0.8/java.util.concurrent.LinkedBlockingQueue.poll(LinkedBlockingQueue.java:460)&#10;        at app//org.apache.hadoop.ipc.CallQueueManager.take(CallQueueManager.java:370)&#10;        at app//org.apache.hadoop.ipc.Server$Handler.run(Server.java:3165)&#10;&quot;Socket Reader #5 for port 15006&quot; daemon prio=5 tid=454 runnable&#10;java.lang.Thread.State: RUNNABLE&#10;        at java.base@21.0.8/sun.nio.ch.EPoll.wait(Native Method)&#10;        at java.base@21.0.8/sun.nio.ch.EPollSelectorImpl.doSelect(EPollSelectorImpl.java:121)&#10;        at java.base@21.0.8/sun.nio.ch.SelectorImpl.lockAndDoSelect(SelectorImpl.java:130)&#10;        at java.base@21.0.8/sun.nio.ch.SelectorImpl.select(SelectorImpl.java:147)&#10;        at app//org.apache.hadoop.ipc.Server$Listener$Reader.doRunLoop(Server.java:1497)&#10;        at app//org.apache.hadoop.ipc.Server$Listener$Reader.run(Server.java:1476)&#10;&quot;Hadoop-Metrics-Updater-0&quot; daemon prio=5 tid=588 timed_waiting&#10;java.lang.Thread.State: TIMED_WAITING&#10;        at java.base@21.0.8/jdk.internal.misc.Unsafe.park(Native Method)&#10;        at java.base@21.0.8/java.util.concurrent.locks.LockSupport.parkNanos(LockSupport.java:269)&#10;        at java.base@21.0.8/java.util.concurrent.locks.AbstractQueuedSynchronizer$ConditionObject.awaitNanos(AbstractQueuedSynchronizer.java:1763)&#10;        at java.base@21.0.8/java.util.concurrent.ScheduledThreadPoolExecutor$DelayedWorkQueue.take(ScheduledThreadPoolExecutor.java:1182)&#10;        at java.base@21.0.8/java.util.concurrent.ScheduledThreadPoolExecutor$DelayedWorkQueue.take(ScheduledThreadPoolExecutor.java:899)&#10;        at java.base@21.0.8/java.util.concurrent.ThreadPoolExecutor.getTask(ThreadPoolExecutor.java:1070)&#10;        at java.base@21.0.8/java.util.concurrent.ThreadPoolExecutor.runWorker(ThreadPoolExecutor.java:1130)&#10;        at java.base@21.0.8/java.util.concurrent.ThreadPoolExecutor$Worker.run(ThreadPoolExecutor.java:642)&#10;        at java.base@21.0.8/java.lang.Thread.runWith(Thread.java:1596)&#10;        at java.base@21.0.8/java.lang.Thread.run(Thread.java:1583)&#10;&quot;Session-HouseKeeper-585f7ca2-1&quot;  prio=5 tid=752 timed_waiting&#10;java.lang.Thread.State: TIMED_WAITING&#10;        at java.base@21.0.8/jdk.internal.misc.Unsafe.park(Native Method)&#10;        at java.base@21.0.8/java.util.concurrent.locks.LockSupport.parkNanos(LockSupport.java:269)&#10;        at java.base@21.0.8/java.util.concurrent.locks.AbstractQueuedSynchronizer$ConditionObject.awaitNanos(AbstractQueuedSynchronizer.java:1763)&#10;        at java.base@21.0.8/java.util.concurrent.ScheduledThreadPoolExecutor$DelayedWorkQueue.take(ScheduledThreadPoolExecutor.java:1182)&#10;        at java.base@21.0.8/java.util.concurrent.ScheduledThreadPoolExecutor$DelayedWorkQueue.take(ScheduledThreadPoolExecutor.java:899)&#10;        at java.base@21.0.8/java.util.concurrent.ThreadPoolExecutor.getTask(ThreadPoolExecutor.java:1070)&#10;        at java.base@21.0.8/java.util.concurrent.ThreadPoolExecutor.runWorker(ThreadPoolExecutor.java:1130)&#10;        at java.base@21.0.8/java.util.concurrent.ThreadPoolExecutor$Worker.run(ThreadPoolExecutor.java:642)&#10;        at java.base@21.0.8/java.lang.Thread.runWith(Thread.java:1596)&#10;        at java.base@21.0.8/java.lang.Thread.run(Thread.java:1583)&#10;&quot;IPC Server idle connection scanner for port 15019&quot; daemon prio=5 tid=586 timed_waiting&#10;java.lang.Thread.State: TIMED_WAITING&#10;        at java.base@21.0.8/java.lang.Object.wait0(Native Method)&#10;        at java.base@21.0.8/java.lang.Object.wait(Object.java:366)&#10;        at java.base@21.0.8/java.util.TimerThread.mainLoop(Timer.java:563)&#10;        at java.base@21.0.8/java.util.TimerThread.run(Timer.java:516)&#10;&quot;25d9f169-1c9e-47c6-a2a2-d20fb3c5fda2-RocksDBCompactionThread-0&quot;  prio=5 tid=656 timed_waiting&#10;java.lang.Thread.State: TIMED_WAITING&#10;        at java.base@21.0.8/jdk.internal.misc.Unsafe.park(Native Method)&#10;        at java.base@21.0.8/java.util.concurrent.locks.LockSupport.parkNanos(LockSupport.java:269)&#10;        at java.base@21.0.8/java.util.concurrent.locks.AbstractQueuedSynchronizer$ConditionObject.awaitNanos(AbstractQueuedSynchronizer.java:1763)&#10;        at java.base@21.0.8/java.util.concurrent.ScheduledThreadPoolExecutor$DelayedWorkQueue.take(ScheduledThreadPoolExecutor.java:1182)&#10;        at java.base@21.0.8/java.util.concurrent.ScheduledThreadPoolExecutor$DelayedWorkQueue.take(ScheduledThreadPoolExecutor.java:899)&#10;        at java.base@21.0.8/java.util.concurrent.ThreadPoolExecutor.getTask(ThreadPoolExecutor.java:1070)&#10;        at java.base@21.0.8/java.util.concurrent.ThreadPoolExecutor.runWorker(ThreadPoolExecutor.java:1130)&#10;        at java.base@21.0.8/java.util.concurrent.ThreadPoolExecutor$Worker.run(ThreadPoolExecutor.java:642)&#10;        at java.base@21.0.8/java.lang.Thread.runWith(Thread.java:1596)&#10;        at java.base@21.0.8/java.lang.Thread.run(Thread.java:1583)&#10;&quot;ReplicationMonitor&quot; daemon prio=5 tid=58 timed_waiting&#10;java.lang.Thread.State: TIMED_WAITING&#10;        at java.base@21.0.8/java.lang.Object.wait0(Native Method)&#10;        at java.base@21.0.8/java.lang.Object.wait(Object.java:366)&#10;        at app//org.apache.hadoop.hdds.scm.container.replication.ReplicationManager.run(ReplicationManager.java:934)&#10;        at app//org.apache.hadoop.hdds.scm.container.replication.ReplicationManager$$Lambda/0x00007fd1ac5271e0.run(Unknown Source)&#10;        at java.base@21.0.8/java.lang.Thread.runWith(Thread.java:1596)&#10;        at java.base@21.0.8/java.lang.Thread.run(Thread.java:1583)&#10;&quot;IPC Server handler 98 on default port 15002&quot; daemon prio=5 tid=437 timed_waiting&#10;java.lang.Thread.State: TIMED_WAITING&#10;        at java.base@21.0.8/jdk.internal.misc.Unsafe.park(Native Method)&#10;        at java.base@21.0.8/java.util.concurrent.locks.LockSupport.parkNanos(LockSupport.java:269)&#10;        at java.base@21.0.8/java.util.concurrent.locks.AbstractQueuedSynchronizer$ConditionObject.awaitNanos(AbstractQueuedSynchronizer.java:1763)&#10;        at java.base@21.0.8/java.util.concurrent.LinkedBlockingQueue.poll(LinkedBlockingQueue.java:460)&#10;        at app//org.apache.hadoop.ipc.CallQueueManager.take(CallQueueManager.java:370)&#10;        at app//org.apache.hadoop.ipc.Server$Handler.run(Server.java:3165)&#10;&quot;d3e19d45-0b2b-4921-9b28-39a5e9747ac8-DatanodeReportManager-0&quot; daemon prio=5 tid=791 in Object.wait()&#10;java.lang.Thread.State: WAITING (on object monitor)&#10;        at java.base@21.0.8/jdk.internal.misc.Unsafe.park(Native Method)&#10;        at java.base@21.0.8/java.util.concurrent.locks.LockSupport.park(LockSupport.java:371)&#10;        at java.base@21.0.8/java.util.concurrent.locks.AbstractQueuedSynchronizer$ConditionNode.block(AbstractQueuedSynchronizer.java:519)&#10;        at java.base@21.0.8/java.util.concurrent.ForkJoinPool.unmanagedBlock(ForkJoinPool.java:3780)&#10;        at java.base@21.0.8/java.util.concurrent.ForkJoinPool.managedBlock(ForkJoinPool.java:3725)&#10;        at java.base@21.0.8/java.util.concurrent.locks.AbstractQueuedSynchronizer$ConditionObject.await(AbstractQueuedSynchronizer.java:1712)&#10;        at java.base@21.0.8/java.util.concurrent.ScheduledThreadPoolExecutor$DelayedWorkQueue.take(ScheduledThreadPoolExecutor.java:1177)&#10;        at java.base@21.0.8/java.util.concurrent.ScheduledThreadPoolExecutor$DelayedWorkQueue.take(ScheduledThreadPoolExecutor.java:899)&#10;        at java.base@21.0.8/java.util.concurrent.ThreadPoolExecutor.getTask(ThreadPoolExecutor.java:1070)&#10;        at java.base@21.0.8/java.util.concurrent.ThreadPoolExecutor.runWorker(ThreadPoolExecutor.java:1130)&#10;        at java.base@21.0.8/java.util.concurrent.ThreadPoolExecutor$Worker.run(ThreadPoolExecutor.java:642)&#10;        at java.base@21.0.8/java.lang.Thread.runWith(Thread.java:1596)&#10;        at java.base@21.0.8/java.lang.Thread.run(Thread.java:1583)&#10;&quot;IPC Server handler 78 on default port 15002&quot; daemon prio=5 tid=417 timed_waiting&#10;java.lang.Thread.State: TIMED_WAITING&#10;        at java.base@21.0.8/jdk.internal.misc.Unsafe.park(Native Method)&#10;        at java.base@21.0.8/java.util.concurrent.locks.LockSupport.parkNanos(LockSupport.java:269)&#10;        at java.base@21.0.8/java.util.concurrent.locks.AbstractQueuedSynchronizer$ConditionObject.awaitNanos(AbstractQueuedSynchronizer.java:1763)&#10;        at java.base@21.0.8/java.util.concurrent.LinkedBlockingQueue.poll(LinkedBlockingQueue.java:460)&#10;        at app//org.apache.hadoop.ipc.CallQueueManager.take(CallQueueManager.java:370)&#10;        at app//org.apache.hadoop.ipc.Server$Handler.run(Server.java:3165)&#10;&quot;om1-SnapshotDeletingService#0&quot; daemon prio=5 tid=480 timed_waiting&#10;java.lang.Thread.State: TIMED_WAITING&#10;        at java.base@21.0.8/jdk.internal.misc.Unsafe.park(Native Method)&#10;        at java.base@21.0.8/java.util.concurrent.locks.LockSupport.parkNanos(LockSupport.java:269)&#10;        at java.base@21.0.8/java.util.concurrent.locks.AbstractQueuedSynchronizer$ConditionObject.awaitNanos(AbstractQueuedSynchronizer.java:1763)&#10;        at java.base@21.0.8/java.util.concurrent.ScheduledThreadPoolExecutor$DelayedWorkQueue.take(ScheduledThreadPoolExecutor.java:1182)&#10;        at java.base@21.0.8/java.util.concurrent.ScheduledThreadPoolExecutor$DelayedWorkQueue.take(ScheduledThreadPoolExecutor.java:899)&#10;        at java.base@21.0.8/java.util.concurrent.ThreadPoolExecutor.getTask(ThreadPoolExecutor.java:1070)&#10;        at java.base@21.0.8/java.util.concurrent.ThreadPoolExecutor.runWorker(ThreadPoolExecutor.java:1130)&#10;        at java.base@21.0.8/java.util.concurrent.ThreadPoolExecutor$Worker.run(ThreadPoolExecutor.java:642)&#10;        at java.base@21.0.8/java.lang.Thread.runWith(Thread.java:1596)&#10;        at java.base@21.0.8/java.lang.Thread.run(Thread.java:1583)&#10;&quot;IPC Server idle connection scanner for port 15043&quot; daemon prio=5 tid=773 timed_waiting&#10;java.lang.Thread.State: TIMED_WAITING&#10;        at java.base@21.0.8/java.lang.Object.wait0(Native Method)&#10;        at java.base@21.0.8/java.lang.Object.wait(Object.java:366)&#10;        at java.base@21.0.8/java.util.TimerThread.mainLoop(Timer.java:563)&#10;        at java.base@21.0.8/java.util.TimerThread.run(Timer.java:516)&#10;&quot;ForkJoinPool.commonPool-worker-3&quot; daemon prio=5 tid=850 in Object.wait()&#10;java.lang.Thread.State: WAITING (on object monitor)&#10;        at java.base@21.0.8/jdk.internal.misc.Unsafe.park(Native Method)&#10;        at java.base@21.0.8/java.util.concurrent.locks.LockSupport.park(LockSupport.java:371)&#10;        at java.base@21.0.8/java.util.concurrent.ForkJoinPool.awaitWork(ForkJoinPool.java:1893)&#10;        at java.base@21.0.8/java.util.concurrent.ForkJoinPool.runWorker(ForkJoinPool.java:1809)&#10;        at java.base@21.0.8/java.util.concurrent.ForkJoinWorkerThread.run(ForkJoinWorkerThread.java:188)&#10;&quot;qtp976208765-615&quot; daemon prio=5 tid=615 timed_waiting&#10;java.lang.Thread.State: TIMED_WAITING&#10;        at java.base@21.0.8/jdk.internal.misc.Unsafe.park(Native Method)&#10;        at java.base@21.0.8/java.util.concurrent.locks.LockSupport.parkNanos(LockSupport.java:269)&#10;        at java.base@21.0.8/java.util.concurrent.locks.AbstractQueuedSynchronizer$ConditionObject.awaitNanos(AbstractQueuedSynchronizer.java:1763)&#10;        at app//org.eclipse.jetty.util.BlockingArrayQueue.poll(BlockingArrayQueue.java:382)&#10;        at app//org.eclipse.jetty.util.thread.QueuedThreadPool$Runner.idleJobPoll(QueuedThreadPool.java:974)&#10;        at app//org.eclipse.jetty.util.thread.QueuedThreadPool$Runner.run(QueuedThreadPool.java:1018)&#10;        at java.base@21.0.8/java.lang.Thread.runWith(Thread.java:1596)&#10;        at java.base@21.0.8/java.lang.Thread.run(Thread.java:1583)&#10;&quot;qtp887238034-665&quot; daemon prio=5 tid=665 runnable&#10;java.lang.Thread.State: RUNNABLE&#10;        at java.base@21.0.8/sun.nio.ch.EPoll.wait(Native Method)&#10;        at java.base@21.0.8/sun.nio.ch.EPollSelectorImpl.doSelect(EPollSelectorImpl.java:121)&#10;        at java.base@21.0.8/sun.nio.ch.SelectorImpl.lockAndDoSelect(SelectorImpl.java:130)&#10;        at java.base@21.0.8/sun.nio.ch.SelectorImpl.select(SelectorImpl.java:147)&#10;        at app//org.eclipse.jetty.io.ManagedSelector.nioSelect(ManagedSelector.java:183)&#10;        at app//org.eclipse.jetty.io.ManagedSelector.select(ManagedSelector.java:190)&#10;        at app//org.eclipse.jetty.io.ManagedSelector$SelectorProducer.select(ManagedSelector.java:606)&#10;        at app//org.eclipse.jetty.io.ManagedSelector$SelectorProducer.produce(ManagedSelector.java:543)&#10;        at app//org.eclipse.jetty.util.thread.strategy.EatWhatYouKill.produceTask(EatWhatYouKill.java:362)&#10;        at app//org.eclipse.jetty.util.thread.strategy.EatWhatYouKill.doProduce(EatWhatYouKill.java:186)&#10;        at app//org.eclipse.jetty.util.thread.strategy.EatWhatYouKill.tryProduce(EatWhatYouKill.java:173)&#10;        at app//org.eclipse.jetty.util.thread.strategy.EatWhatYouKill.produce(EatWhatYouKill.java:137)&#10;        at app//org.eclipse.jetty.io.ManagedSelector$$Lambda/0x00007fd1ac6ed508.run(Unknown Source)&#10;        at app//org.eclipse.jetty.util.thread.QueuedThreadPool.runJob(QueuedThreadPool.java:883)&#10;        at app//org.eclipse.jetty.util.thread.QueuedThreadPool$Runner.run(QueuedThreadPool.java:1034)&#10;        at java.base@21.0.8/java.lang.Thread.runWith(Thread.java:1596)&#10;        at java.base@21.0.8/java.lang.Thread.run(Thread.java:1583)&#10;&quot;ForkJoinPool-1-worker-2&quot; daemon prio=5 tid=36 timed_waiting&#10;java.lang.Thread.State: TIMED_WAITING&#10;        at java.base@21.0.8/jdk.internal.misc.Unsafe.park(Native Method)&#10;        at java.base@21.0.8/java.util.concurrent.locks.LockSupport.parkUntil(LockSupport.java:449)&#10;        at java.base@21.0.8/java.util.concurrent.ForkJoinPool.awaitWork(ForkJoinPool.java:1891)&#10;        at java.base@21.0.8/java.util.concurrent.ForkJoinPool.runWorker(ForkJoinPool.java:1809)&#10;        at java.base@21.0.8/java.util.concurrent.ForkJoinWorkerThread.run(ForkJoinWorkerThread.java:188)&#10;&quot;IPC Server handler 19 on default port 15002&quot; daemon prio=5 tid=358 timed_waiting&#10;java.lang.Thread.State: TIMED_WAITING&#10;        at java.base@21.0.8/jdk.internal.misc.Unsafe.park(Native Method)&#10;        at java.base@21.0.8/java.util.concurrent.locks.LockSupport.parkNanos(LockSupport.java:269)&#10;        at java.base@21.0.8/java.util.concurrent.locks.AbstractQueuedSynchronizer$ConditionObject.awaitNanos(AbstractQueuedSynchronizer.java:1763)&#10;        at java.base@21.0.8/java.util.concurrent.LinkedBlockingQueue.poll(LinkedBlockingQueue.java:460)&#10;        at app//org.apache.hadoop.ipc.CallQueueManager.take(CallQueueManager.java:370)&#10;        at app//org.apache.hadoop.ipc.Server$Handler.run(Server.java:3165)&#10;&quot;18da7ee6-49f7-45ee-8090-861a49f32d36-impl-thread1&quot; daemon prio=5 tid=609 timed_waiting&#10;java.lang.Thread.State: TIMED_WAITING&#10;        at java.base@21.0.8/jdk.internal.misc.Unsafe.park(Native Method)&#10;        at java.base@21.0.8/java.util.concurrent.locks.LockSupport.parkNanos(LockSupport.java:410)&#10;        at java.base@21.0.8/java.util.concurrent.LinkedTransferQueue$DualNode.await(LinkedTransferQueue.java:452)&#10;        at java.base@21.0.8/java.util.concurrent.SynchronousQueue$Transferer.xferLifo(SynchronousQueue.java:194)&#10;        at java.base@21.0.8/java.util.concurrent.SynchronousQueue.xfer(SynchronousQueue.java:235)&#10;        at java.base@21.0.8/java.util.concurrent.SynchronousQueue.poll(SynchronousQueue.java:338)&#10;        at java.base@21.0.8/java.util.concurrent.ThreadPoolExecutor.getTask(ThreadPoolExecutor.java:1069)&#10;        at java.base@21.0.8/java.util.concurrent.ThreadPoolExecutor.runWorker(ThreadPoolExecutor.java:1130)&#10;        at java.base@21.0.8/java.util.concurrent.ThreadPoolExecutor$Worker.run(ThreadPoolExecutor.java:642)&#10;        at java.base@21.0.8/java.lang.Thread.runWith(Thread.java:1596)&#10;        at java.base@21.0.8/java.lang.Thread.run(Thread.java:1583)&#10;&quot;Socket Reader #1 for port 15001&quot; daemon prio=5 tid=77 runnable&#10;java.lang.Thread.State: RUNNABLE&#10;        at java.base@21.0.8/sun.nio.ch.EPoll.wait(Native Method)&#10;        at java.base@21.0.8/sun.nio.ch.EPollSelectorImpl.doSelect(EPollSelectorImpl.java:121)&#10;        at java.base@21.0.8/sun.nio.ch.SelectorImpl.lockAndDoSelect(SelectorImpl.java:130)&#10;        at java.base@21.0.8/sun.nio.ch.SelectorImpl.select(SelectorImpl.java:147)&#10;        at app//org.apache.hadoop.ipc.Server$Listener$Reader.doRunLoop(Server.java:1497)&#10;        at app//org.apache.hadoop.ipc.Server$Listener$Reader.run(Server.java:1476)&#10;&quot;ContainerDataScanner(/home/runner/work/ozone/ozone/hadoop-ozone/integration-test/target/test-dir/MiniOzoneClusterImpl-871b4ddd-f672-4be1-b73a-1629492f36a3/ozone-metadata/datanode-3/data-0/hdds)&quot; daemon prio=5 tid=799 timed_waiting&#10;java.lang.Thread.State: TIMED_WAITING&#10;        at java.base@21.0.8/java.lang.Thread.sleep0(Native Method)&#10;        at java.base@21.0.8/java.lang.Thread.sleep(Thread.java:509)&#10;        at app//org.apache.hadoop.ozone.container.ozoneimpl.AbstractBackgroundContainerScanner.handleRemainingSleep(AbstractBackgroundContainerScanner.java:133)&#10;        at app//org.apache.hadoop.ozone.container.ozoneimpl.AbstractBackgroundContainerScanner.runIteration(AbstractBackgroundContainerScanner.java:100)&#10;        at app//org.apache.hadoop.ozone.container.ozoneimpl.AbstractBackgroundContainerScanner.run(AbstractBackgroundContainerScanner.java:59)&#10;        at java.base@21.0.8/java.lang.Thread.runWith(Thread.java:1596)&#10;        at java.base@21.0.8/java.lang.Thread.run(Thread.java:1583)&#10;&quot;18da7ee6-49f7-45ee-8090-861a49f32d36-PeriodicHDDSVolumeChecker&quot; daemon prio=5 tid=777 timed_waiting&#10;java.lang.Thread.State: TIMED_WAITING&#10;        at java.base@21.0.8/jdk.internal.misc.Unsafe.park(Native Method)&#10;        at java.base@21.0.8/java.util.concurrent.locks.LockSupport.parkNanos(LockSupport.java:269)&#10;        at java.base@21.0.8/java.util.concurrent.locks.AbstractQueuedSynchronizer$ConditionObject.awaitNanos(AbstractQueuedSynchronizer.java:1763)&#10;        at java.base@21.0.8/java.util.concurrent.ScheduledThreadPoolExecutor$DelayedWorkQueue.take(ScheduledThreadPoolExecutor.java:1182)&#10;        at java.base@21.0.8/java.util.concurrent.ScheduledThreadPoolExecutor$DelayedWorkQueue.take(ScheduledThreadPoolExecutor.java:899)&#10;        at java.base@21.0.8/java.util.concurrent.ThreadPoolExecutor.getTask(ThreadPoolExecutor.java:1070)&#10;        at java.base@21.0.8/java.util.concurrent.ThreadPoolExecutor.runWorker(ThreadPoolExecutor.java:1130)&#10;        at java.base@21.0.8/java.util.concurrent.ThreadPoolExecutor$Worker.run(ThreadPoolExecutor.java:642)&#10;        at java.base@21.0.8/java.lang.Thread.runWith(Thread.java:1596)&#10;        at java.base@21.0.8/java.lang.Thread.run(Thread.java:1583)&#10;&quot;qtp1960486456-488&quot; daemon prio=5 tid=488 timed_waiting&#10;java.lang.Thread.State: TIMED_WAITING&#10;        at java.base@21.0.8/jdk.internal.misc.Unsafe.park(Native Method)&#10;        at java.base@21.0.8/java.util.concurrent.locks.LockSupport.parkNanos(LockSupport.java:269)&#10;        at java.base@21.0.8/java.util.concurrent.locks.AbstractQueuedSynchronizer$ConditionObject.awaitNanos(AbstractQueuedSynchronizer.java:1763)&#10;        at app//org.eclipse.jetty.util.BlockingArrayQueue.poll(BlockingArrayQueue.java:382)&#10;        at app//org.eclipse.jetty.util.thread.QueuedThreadPool$Runner.idleJobPoll(QueuedThreadPool.java:974)&#10;        at app//org.eclipse.jetty.util.thread.QueuedThreadPool$Runner.run(QueuedThreadPool.java:1018)&#10;        at java.base@21.0.8/java.lang.Thread.runWith(Thread.java:1596)&#10;        at java.base@21.0.8/java.lang.Thread.run(Thread.java:1583)&#10;&quot;IPC Server handler 19 on default port 15000&quot; daemon prio=5 tid=140 timed_waiting&#10;java.lang.Thread.State: TIMED_WAITING&#10;        at java.base@21.0.8/jdk.internal.misc.Unsafe.park(Native Method)&#10;        at java.base@21.0.8/java.util.concurrent.locks.LockSupport.parkNanos(LockSupport.java:269)&#10;        at java.base@21.0.8/java.util.concurrent.locks.AbstractQueuedSynchronizer$ConditionObject.awaitNanos(AbstractQueuedSynchronizer.java:1763)&#10;        at java.base@21.0.8/java.util.concurrent.LinkedBlockingQueue.poll(LinkedBlockingQueue.java:460)&#10;        at app//org.apache.hadoop.ipc.CallQueueManager.take(CallQueueManager.java:370)&#10;        at app//org.apache.hadoop.ipc.Server$Handler.run(Server.java:3165)&#10;&quot;IPC Server handler 16 on default port 15002&quot; daemon prio=5 tid=355 timed_waiting&#10;java.lang.Thread.State: TIMED_WAITING&#10;        at java.base@21.0.8/jdk.internal.misc.Unsafe.park(Native Method)&#10;        at java.base@21.0.8/java.util.concurrent.locks.LockSupport.parkNanos(LockSupport.java:269)&#10;        at java.base@21.0.8/java.util.concurrent.locks.AbstractQueuedSynchronizer$ConditionObject.awaitNanos(AbstractQueuedSynchronizer.java:1763)&#10;        at java.base@21.0.8/java.util.concurrent.LinkedBlockingQueue.poll(LinkedBlockingQueue.java:460)&#10;        at app//org.apache.hadoop.ipc.CallQueueManager.take(CallQueueManager.java:370)&#10;        at app//org.apache.hadoop.ipc.Server$Handler.run(Server.java:3165)&#10;&quot;d3e19d45-0b2b-4921-9b28-39a5e9747ac8-DatanodeReportManager-1&quot; daemon prio=5 tid=792 timed_waiting&#10;java.lang.Thread.State: TIMED_WAITING&#10;        at java.base@21.0.8/jdk.internal.misc.Unsafe.park(Native Method)&#10;        at java.base@21.0.8/java.util.concurrent.locks.LockSupport.parkNanos(LockSupport.java:269)&#10;        at java.base@21.0.8/java.util.concurrent.locks.AbstractQueuedSynchronizer$ConditionObject.awaitNanos(AbstractQueuedSynchronizer.java:1763)&#10;        at java.base@21.0.8/java.util.concurrent.ScheduledThreadPoolExecutor$DelayedWorkQueue.take(ScheduledThreadPoolExecutor.java:1182)&#10;        at java.base@21.0.8/java.util.concurrent.ScheduledThreadPoolExecutor$DelayedWorkQueue.take(ScheduledThreadPoolExecutor.java:899)&#10;        at java.base@21.0.8/java.util.concurrent.ThreadPoolExecutor.getTask(ThreadPoolExecutor.java:1070)&#10;        at java.base@21.0.8/java.util.concurrent.ThreadPoolExecutor.runWorker(ThreadPoolExecutor.java:1130)&#10;        at java.base@21.0.8/java.util.concurrent.ThreadPoolExecutor$Worker.run(ThreadPoolExecutor.java:642)&#10;        at java.base@21.0.8/java.lang.Thread.runWith(Thread.java:1596)&#10;        at java.base@21.0.8/java.lang.Thread.run(Thread.java:1583)&#10;&quot;IPC Server handler 0 on default port 15000&quot; daemon prio=5 tid=121 timed_waiting&#10;java.lang.Thread.State: TIMED_WAITING&#10;        at java.base@21.0.8/jdk.internal.misc.Unsafe.park(Native Method)&#10;        at java.base@21.0.8/java.util.concurrent.locks.LockSupport.parkNanos(LockSupport.java:269)&#10;        at java.base@21.0.8/java.util.concurrent.locks.AbstractQueuedSynchronizer$ConditionObject.awaitNanos(AbstractQueuedSynchronizer.java:1763)&#10;        at java.base@21.0.8/java.util.concurrent.LinkedBlockingQueue.poll(LinkedBlockingQueue.java:460)&#10;        at app//org.apache.hadoop.ipc.CallQueueManager.take(CallQueueManager.java:370)&#10;        at app//org.apache.hadoop.ipc.Server$Handler.run(Server.java:3165)&#10;&quot;qtp862219833-573&quot; daemon prio=5 tid=573 timed_waiting&#10;java.lang.Thread.State: TIMED_WAITING&#10;        at java.base@21.0.8/jdk.internal.misc.Unsafe.park(Native Method)&#10;        at java.base@21.0.8/java.util.concurrent.locks.LockSupport.parkNanos(LockSupport.java:269)&#10;        at java.base@21.0.8/java.util.concurrent.locks.AbstractQueuedSynchronizer$ConditionObject.awaitNanos(AbstractQueuedSynchronizer.java:1763)&#10;        at app//org.eclipse.jetty.util.BlockingArrayQueue.poll(BlockingArrayQueue.java:382)&#10;        at app//org.eclipse.jetty.util.thread.QueuedThreadPool$Runner.idleJobPoll(QueuedThreadPool.java:974)&#10;        at app//org.eclipse.jetty.util.thread.QueuedThreadPool$Runner.run(QueuedThreadPool.java:1018)&#10;        at java.base@21.0.8/java.lang.Thread.runWith(Thread.java:1596)&#10;        at java.base@21.0.8/java.lang.Thread.run(Thread.java:1583)&#10;&quot;EventQueue-StaleNodeForStaleNodeHandler&quot; daemon prio=5 tid=1035 in Object.wait()&#10;java.lang.Thread.State: WAITING (on object monitor)&#10;        at java.base@21.0.8/jdk.internal.misc.Unsafe.park(Native Method)&#10;        at java.base@21.0.8/java.util.concurrent.locks.LockSupport.park(LockSupport.java:371)&#10;        at java.base@21.0.8/java.util.concurrent.locks.AbstractQueuedSynchronizer$ConditionNode.block(AbstractQueuedSynchronizer.java:519)&#10;        at java.base@21.0.8/java.util.concurrent.ForkJoinPool.unmanagedBlock(ForkJoinPool.java:3780)&#10;        at java.base@21.0.8/java.util.concurrent.ForkJoinPool.managedBlock(ForkJoinPool.java:3725)&#10;        at java.base@21.0.8/java.util.concurrent.locks.AbstractQueuedSynchronizer$ConditionObject.await(AbstractQueuedSynchronizer.java:1712)&#10;        at java.base@21.0.8/java.util.concurrent.LinkedBlockingQueue.take(LinkedBlockingQueue.java:435)&#10;        at java.base@21.0.8/java.util.concurrent.ThreadPoolExecutor.getTask(ThreadPoolExecutor.java:1070)&#10;        at java.base@21.0.8/java.util.concurrent.ThreadPoolExecutor.runWorker(ThreadPoolExecutor.java:1130)&#10;        at java.base@21.0.8/java.util.concurrent.ThreadPoolExecutor$Worker.run(ThreadPoolExecutor.java:642)&#10;        at java.base@21.0.8/java.lang.Thread.runWith(Thread.java:1596)&#10;        at java.base@21.0.8/java.lang.Thread.run(Thread.java:1583)&#10;&quot;IPC Server handler 68 on default port 15000&quot; daemon prio=5 tid=189 timed_waiting&#10;java.lang.Thread.State: TIMED_WAITING&#10;        at java.base@21.0.8/jdk.internal.misc.Unsafe.park(Native Method)&#10;        at java.base@21.0.8/java.util.concurrent.locks.LockSupport.parkNanos(LockSupport.java:269)&#10;        at java.base@21.0.8/java.util.concurrent.locks.AbstractQueuedSynchronizer$ConditionObject.awaitNanos(AbstractQueuedSynchronizer.java:1763)&#10;        at java.base@21.0.8/java.util.concurrent.LinkedBlockingQueue.poll(LinkedBlockingQueue.java:460)&#10;        at app//org.apache.hadoop.ipc.CallQueueManager.take(CallQueueManager.java:370)&#10;        at app//org.apache.hadoop.ipc.Server$Handler.run(Server.java:3165)&#10;&quot;qtp1507617108-331&quot; daemon prio=5 tid=331 timed_waiting&#10;java.lang.Thread.State: TIMED_WAITING&#10;        at java.base@21.0.8/jdk.internal.misc.Unsafe.park(Native Method)&#10;        at java.base@21.0.8/java.util.concurrent.locks.LockSupport.parkNanos(LockSupport.java:269)&#10;        at java.base@21.0.8/java.util.concurrent.locks.AbstractQueuedSynchronizer$ConditionObject.awaitNanos(AbstractQueuedSynchronizer.java:1763)&#10;        at app//org.eclipse.jetty.util.BlockingArrayQueue.poll(BlockingArrayQueue.java:382)&#10;        at app//org.eclipse.jetty.util.thread.QueuedThreadPool$Runner.idleJobPoll(QueuedThreadPool.java:974)&#10;        at app//org.eclipse.jetty.util.thread.QueuedThreadPool$Runner.run(QueuedThreadPool.java:1018)&#10;        at java.base@21.0.8/java.lang.Thread.runWith(Thread.java:1596)&#10;        at java.base@21.0.8/java.lang.Thread.run(Thread.java:1583)&#10;&quot;om1-DirectoryDeletingService#1&quot; daemon prio=5 tid=478 timed_waiting&#10;java.lang.Thread.State: TIMED_WAITING&#10;        at java.base@21.0.8/jdk.internal.misc.Unsafe.park(Native Method)&#10;        at java.base@21.0.8/java.util.concurrent.locks.LockSupport.parkNanos(LockSupport.java:269)&#10;        at java.base@21.0.8/java.util.concurrent.locks.AbstractQueuedSynchronizer$ConditionObject.awaitNanos(AbstractQueuedSynchronizer.java:1763)&#10;        at java.base@21.0.8/java.util.concurrent.ScheduledThreadPoolExecutor$DelayedWorkQueue.take(ScheduledThreadPoolExecutor.java:1182)&#10;        at java.base@21.0.8/java.util.concurrent.ScheduledThreadPoolExecutor$DelayedWorkQueue.take(ScheduledThreadPoolExecutor.java:899)&#10;        at java.base@21.0.8/java.util.concurrent.ThreadPoolExecutor.getTask(ThreadPoolExecutor.java:1070)&#10;        at java.base@21.0.8/java.util.concurrent.ThreadPoolExecutor.runWorker(ThreadPoolExecutor.java:1130)&#10;        at java.base@21.0.8/java.util.concurrent.ThreadPoolExecutor$Worker.run(ThreadPoolExecutor.java:642)&#10;        at java.base@21.0.8/java.lang.Thread.runWith(Thread.java:1596)&#10;        at java.base@21.0.8/java.lang.Thread.run(Thread.java:1583)&#10;&quot;IPC Server handler 2 on default port 15001&quot; daemon prio=5 tid=223 timed_waiting&#10;java.lang.Thread.State: TIMED_WAITING&#10;        at java.base@21.0.8/jdk.internal.misc.Unsafe.park(Native Method)&#10;        at java.base@21.0.8/java.util.concurrent.locks.LockSupport.parkNanos(LockSupport.java:269)&#10;        at java.base@21.0.8/java.util.concurrent.locks.AbstractQueuedSynchronizer$ConditionObject.awaitNanos(AbstractQueuedSynchronizer.java:1763)&#10;        at java.base@21.0.8/java.util.concurrent.LinkedBlockingQueue.poll(LinkedBlockingQueue.java:460)&#10;        at app//org.apache.hadoop.ipc.CallQueueManager.take(CallQueueManager.java:370)&#10;        at app//org.apache.hadoop.ipc.Server$Handler.run(Server.java:3165)&#10;&quot;SCMHATransactionMonitor&quot; daemon prio=5 tid=119 timed_waiting&#10;java.lang.Thread.State: TIMED_WAITING&#10;        at java.base@21.0.8/java.lang.Object.wait0(Native Method)&#10;        at java.base@21.0.8/java.lang.Object.wait(Object.java:366)&#10;        at app//org.apache.hadoop.hdds.scm.ha.BackgroundSCMService.run(BackgroundSCMService.java:106)&#10;        at app//org.apache.hadoop.hdds.scm.ha.BackgroundSCMService$$Lambda/0x00007fd1ac502480.run(Unknown Source)&#10;        at java.base@21.0.8/java.lang.Thread.runWith(Thread.java:1596)&#10;        at java.base@21.0.8/java.lang.Thread.run(Thread.java:1583)&#10;&quot;IPC Server handler 6 on default port 15027&quot; daemon prio=5 tid=643 timed_waiting&#10;java.lang.Thread.State: TIMED_WAITING&#10;        at java.base@21.0.8/jdk.internal.misc.Unsafe.park(Native Method)&#10;        at java.base@21.0.8/java.util.concurrent.locks.LockSupport.parkNanos(LockSupport.java:269)&#10;        at java.base@21.0.8/java.util.concurrent.locks.AbstractQueuedSynchronizer$ConditionObject.awaitNanos(AbstractQueuedSynchronizer.java:1763)&#10;        at java.base@21.0.8/java.util.concurrent.LinkedBlockingQueue.poll(LinkedBlockingQueue.java:460)&#10;        at app//org.apache.hadoop.ipc.CallQueueManager.take(CallQueueManager.java:370)&#10;        at app//org.apache.hadoop.ipc.Server$Handler.run(Server.java:3165)&#10;&quot;25d9f169-1c9e-47c6-a2a2-d20fb3c5fda2@group-F536DCC524F8-SegmentedRaftLogWorker&quot;  prio=5 tid=963 timed_waiting&#10;java.lang.Thread.State: TIMED_WAITING&#10;        at java.base@21.0.8/jdk.internal.misc.Unsafe.park(Native Method)&#10;        at java.base@21.0.8/java.util.concurrent.locks.LockSupport.parkNanos(LockSupport.java:269)&#10;        at java.base@21.0.8/java.util.concurrent.locks.AbstractQueuedSynchronizer$ConditionObject.awaitNanos(AbstractQueuedSynchronizer.java:1763)&#10;        at app//org.apache.ratis.util.DataBlockingQueue.poll(DataBlockingQueue.java:148)&#10;        at app//org.apache.ratis.server.raftlog.segmented.SegmentedRaftLogWorker.run(SegmentedRaftLogWorker.java:309)&#10;        at app//org.apache.ratis.server.raftlog.segmented.SegmentedRaftLogWorker$$Lambda/0x00007fd1ac39e8e0.run(Unknown Source)&#10;        at java.base@21.0.8/java.util.concurrent.Executors$RunnableAdapter.call(Executors.java:572)&#10;        at java.base@21.0.8/java.util.concurrent.FutureTask.run(FutureTask.java:317)&#10;        at java.base@21.0.8/java.util.concurrent.ThreadPoolExecutor.runWorker(ThreadPoolExecutor.java:1144)&#10;        at java.base@21.0.8/java.util.concurrent.ThreadPoolExecutor$Worker.run(ThreadPoolExecutor.java:642)&#10;        at java.base@21.0.8/java.lang.Thread.runWith(Thread.java:1596)&#10;        at java.base@21.0.8/java.lang.Thread.run(Thread.java:1583)&#10;&quot;IPC Server handler 19 on default port 15006&quot; daemon prio=5 tid=511 timed_waiting&#10;java.lang.Thread.State: TIMED_WAITING&#10;        at java.base@21.0.8/jdk.internal.misc.Unsafe.park(Native Method)&#10;        at java.base@21.0.8/java.util.concurrent.locks.LockSupport.parkNanos(LockSupport.java:269)&#10;        at java.base@21.0.8/java.util.concurrent.locks.AbstractQueuedSynchronizer$ConditionObject.awaitNanos(AbstractQueuedSynchronizer.java:1763)&#10;        at java.base@21.0.8/java.util.concurrent.LinkedBlockingQueue.poll(LinkedBlockingQueue.java:460)&#10;        at app//org.apache.hadoop.ipc.CallQueueManager.take(CallQueueManager.java:370)&#10;        at app//org.apache.hadoop.ipc.Server$Handler.run(Server.java:3165)&#10;&quot;grpc-default-boss-ELG-1-1&quot; daemon prio=5 tid=45 runnable&#10;java.lang.Thread.State: RUNNABLE&#10;        at app//org.apache.ratis.thirdparty.io.netty.channel.epoll.Native.epollWait(Native Method)&#10;        at app//org.apache.ratis.thirdparty.io.netty.channel.epoll.Native.epollWait(Native.java:220)&#10;        at app//org.apache.ratis.thirdparty.io.netty.channel.epoll.Native.epollWait(Native.java:213)&#10;        at app//org.apache.ratis.thirdparty.io.netty.channel.epoll.EpollEventLoop.epollWaitNoTimerChange(EpollEventLoop.java:308)&#10;        at app//org.apache.ratis.thirdparty.io.netty.channel.epoll.EpollEventLoop.run(EpollEventLoop.java:365)&#10;        at app//org.apache.ratis.thirdparty.io.netty.util.concurrent.SingleThreadEventExecutor$4.run(SingleThreadEventExecutor.java:998)&#10;        at app//org.apache.ratis.thirdparty.io.netty.util.internal.ThreadExecutorMap$2.run(ThreadExecutorMap.java:74)&#10;        at app//org.apache.ratis.thirdparty.io.netty.util.concurrent.FastThreadLocalRunnable.run(FastThreadLocalRunnable.java:30)&#10;        at java.base@21.0.8/java.lang.Thread.runWith(Thread.java:1596)&#10;        at java.base@21.0.8/java.lang.Thread.run(Thread.java:1583)&#10;&quot;Socket Reader #5 for port 15000&quot; daemon prio=5 tid=95 runnable&#10;java.lang.Thread.State: RUNNABLE&#10;        at java.base@21.0.8/sun.nio.ch.EPoll.wait(Native Method)&#10;        at java.base@21.0.8/sun.nio.ch.EPollSelectorImpl.doSelect(EPollSelectorImpl.java:121)&#10;        at java.base@21.0.8/sun.nio.ch.SelectorImpl.lockAndDoSelect(SelectorImpl.java:130)&#10;        at java.base@21.0.8/sun.nio.ch.SelectorImpl.select(SelectorImpl.java:147)&#10;        at app//org.apache.hadoop.ipc.Server$Listener$Reader.doRunLoop(Server.java:1497)&#10;        at app//org.apache.hadoop.ipc.Server$Listener$Reader.run(Server.java:1476)&#10;&quot;IPC Server handler 5 on default port 15027&quot; daemon prio=5 tid=642 timed_waiting&#10;java.lang.Thread.State: TIMED_WAITING&#10;        at java.base@21.0.8/jdk.internal.misc.Unsafe.park(Native Method)&#10;        at java.base@21.0.8/java.util.concurrent.locks.LockSupport.parkNanos(LockSupport.java:269)&#10;        at java.base@21.0.8/java.util.concurrent.locks.AbstractQueuedSynchronizer$ConditionObject.awaitNanos(AbstractQueuedSynchronizer.java:1763)&#10;        at java.base@21.0.8/java.util.concurrent.LinkedBlockingQueue.poll(LinkedBlockingQueue.java:460)&#10;        at app//org.apache.hadoop.ipc.CallQueueManager.take(CallQueueManager.java:370)&#10;        at app//org.apache.hadoop.ipc.Server$Handler.run(Server.java:3165)&#10;&quot;Socket Reader #7 for port 15000&quot; daemon prio=5 tid=97 runnable&#10;java.lang.Thread.State: RUNNABLE&#10;        at java.base@21.0.8/sun.nio.ch.EPoll.wait(Native Method)&#10;        at java.base@21.0.8/sun.nio.ch.EPollSelectorImpl.doSelect(EPollSelectorImpl.java:121)&#10;        at java.base@21.0.8/sun.nio.ch.SelectorImpl.lockAndDoSelect(SelectorImpl.java:130)&#10;        at java.base@21.0.8/sun.nio.ch.SelectorImpl.select(SelectorImpl.java:147)&#10;        at app//org.apache.hadoop.ipc.Server$Listener$Reader.doRunLoop(Server.java:1497)&#10;        at app//org.apache.hadoop.ipc.Server$Listener$Reader.run(Server.java:1476)&#10;&quot;qtp862219833-568-acceptor-0@275212b4-ServerConnector@7e769a6c{HTTP/1.1, (http/1.1)}{0.0.0.0:15018}&quot; daemon prio=3 tid=568 runnable&#10;java.lang.Thread.State: RUNNABLE&#10;        at java.base@21.0.8/sun.nio.ch.Net.accept(Native Method)&#10;        at java.base@21.0.8/sun.nio.ch.ServerSocketChannelImpl.implAccept(ServerSocketChannelImpl.java:433)&#10;        at java.base@21.0.8/sun.nio.ch.ServerSocketChannelImpl.accept(ServerSocketChannelImpl.java:399)&#10;        at app//org.eclipse.jetty.server.ServerConnector.accept(ServerConnector.java:388)&#10;        at app//org.eclipse.jetty.server.AbstractConnector$Acceptor.run(AbstractConnector.java:704)&#10;        at app//org.eclipse.jetty.util.thread.QueuedThreadPool.runJob(QueuedThreadPool.java:883)&#10;        at app//org.eclipse.jetty.util.thread.QueuedThreadPool$Runner.run(QueuedThreadPool.java:1034)&#10;        at java.base@21.0.8/java.lang.Thread.runWith(Thread.java:1596)&#10;        at java.base@21.0.8/java.lang.Thread.run(Thread.java:1583)&#10;&quot;IPC Server handler 79 on default port 15000&quot; daemon prio=5 tid=200 timed_waiting&#10;java.lang.Thread.State: TIMED_WAITING&#10;        at java.base@21.0.8/jdk.internal.misc.Unsafe.park(Native Method)&#10;        at java.base@21.0.8/java.util.concurrent.locks.LockSupport.parkNanos(LockSupport.java:269)&#10;        at java.base@21.0.8/java.util.concurrent.locks.AbstractQueuedSynchronizer$ConditionObject.awaitNanos(AbstractQueuedSynchronizer.java:1763)&#10;        at java.base@21.0.8/java.util.concurrent.LinkedBlockingQueue.poll(LinkedBlockingQueue.java:460)&#10;        at app//org.apache.hadoop.ipc.CallQueueManager.take(CallQueueManager.java:370)&#10;        at app//org.apache.hadoop.ipc.Server$Handler.run(Server.java:3165)&#10;&quot;pool-148-thread-1&quot; daemon prio=5 tid=816 timed_waiting&#10;java.lang.Thread.State: TIMED_WAITING&#10;        at java.base@21.0.8/jdk.internal.misc.Unsafe.park(Native Method)&#10;        at java.base@21.0.8/java.util.concurrent.locks.LockSupport.parkNanos(LockSupport.java:269)&#10;        at java.base@21.0.8/java.util.concurrent.locks.AbstractQueuedSynchronizer$ConditionObject.awaitNanos(AbstractQueuedSynchronizer.java:1763)&#10;        at java.base@21.0.8/java.util.concurrent.ScheduledThreadPoolExecutor$DelayedWorkQueue.take(ScheduledThreadPoolExecutor.java:1182)&#10;        at java.base@21.0.8/java.util.concurrent.ScheduledThreadPoolExecutor$DelayedWorkQueue.take(ScheduledThreadPoolExecutor.java:899)&#10;        at java.base@21.0.8/java.util.concurrent.ThreadPoolExecutor.getTask(ThreadPoolExecutor.java:1070)&#10;        at java.base@21.0.8/java.util.concurrent.ThreadPoolExecutor.runWorker(ThreadPoolExecutor.java:1130)&#10;        at java.base@21.0.8/java.util.concurrent.ThreadPoolExecutor$Worker.run(ThreadPoolExecutor.java:642)&#10;        at java.base@21.0.8/java.lang.Thread.runWith(Thread.java:1596)&#10;        at java.base@21.0.8/java.lang.Thread.run(Thread.java:1583)&#10;&quot;IPC Server handler 13 on default port 15006&quot; daemon prio=5 tid=505 timed_waiting&#10;java.lang.Thread.State: TIMED_WAITING&#10;        at java.base@21.0.8/jdk.internal.misc.Unsafe.park(Native Method)&#10;        at java.base@21.0.8/java.util.concurrent.locks.LockSupport.parkNanos(LockSupport.java:269)&#10;        at java.base@21.0.8/java.util.concurrent.locks.AbstractQueuedSynchronizer$ConditionObject.awaitNanos(AbstractQueuedSynchronizer.java:1763)&#10;        at java.base@21.0.8/java.util.concurrent.LinkedBlockingQueue.poll(LinkedBlockingQueue.java:460)&#10;        at app//org.apache.hadoop.ipc.CallQueueManager.take(CallQueueManager.java:370)&#10;        at app//org.apache.hadoop.ipc.Server$Handler.run(Server.java:3165)&#10;&quot;timer7&quot; daemon prio=5 tid=1030 timed_waiting&#10;java.lang.Thread.State: TIMED_WAITING&#10;        at java.base@21.0.8/java.lang.Object.wait0(Native Method)&#10;        at java.base@21.0.8/java.lang.Object.wait(Object.java:366)&#10;        at java.base@21.0.8/java.util.TimerThread.mainLoop(Timer.java:563)&#10;        at java.base@21.0.8/java.util.TimerThread.run(Timer.java:516)&#10;&quot;IPC Server handler 92 on default port 15000&quot; daemon prio=5 tid=213 timed_waiting&#10;java.lang.Thread.State: TIMED_WAITING&#10;        at java.base@21.0.8/jdk.internal.misc.Unsafe.park(Native Method)&#10;        at java.base@21.0.8/java.util.concurrent.locks.LockSupport.parkNanos(LockSupport.java:269)&#10;        at java.base@21.0.8/java.util.concurrent.locks.AbstractQueuedSynchronizer$ConditionObject.awaitNanos(AbstractQueuedSynchronizer.java:1763)&#10;        at java.base@21.0.8/java.util.concurrent.LinkedBlockingQueue.poll(LinkedBlockingQueue.java:460)&#10;        at app//org.apache.hadoop.ipc.CallQueueManager.take(CallQueueManager.java:370)&#10;        at app//org.apache.hadoop.ipc.Server$Handler.run(Server.java:3165)&#10;&quot;IPC Server handler 17 on default port 15006&quot; daemon prio=5 tid=509 timed_waiting&#10;java.lang.Thread.State: TIMED_WAITING&#10;        at java.base@21.0.8/jdk.internal.misc.Unsafe.park(Native Method)&#10;        at java.base@21.0.8/java.util.concurrent.locks.LockSupport.parkNanos(LockSupport.java:269)&#10;        at java.base@21.0.8/java.util.concurrent.locks.AbstractQueuedSynchronizer$ConditionObject.awaitNanos(AbstractQueuedSynchronizer.java:1763)&#10;        at java.base@21.0.8/java.util.concurrent.LinkedBlockingQueue.poll(LinkedBlockingQueue.java:460)&#10;        at app//org.apache.hadoop.ipc.CallQueueManager.take(CallQueueManager.java:370)&#10;        at app//org.apache.hadoop.ipc.Server$Handler.run(Server.java:3165)&#10;&quot;LeakDetector-ManagedRocksObject0&quot; daemon prio=5 tid=51 in Object.wait()&#10;java.lang.Thread.State: WAITING (on object monitor)&#10;        at java.base@21.0.8/jdk.internal.misc.Unsafe.park(Native Method)&#10;        at java.base@21.0.8/java.util.concurrent.locks.LockSupport.park(LockSupport.java:371)&#10;        at java.base@21.0.8/java.util.concurrent.locks.AbstractQueuedSynchronizer$ConditionNode.block(AbstractQueuedSynchronizer.java:519)&#10;        at java.base@21.0.8/java.util.concurrent.ForkJoinPool.unmanagedBlock(ForkJoinPool.java:3780)&#10;        at java.base@21.0.8/java.util.concurrent.ForkJoinPool.managedBlock(ForkJoinPool.java:3725)&#10;        at java.base@21.0.8/java.util.concurrent.locks.AbstractQueuedSynchronizer$ConditionObject.await(AbstractQueuedSynchronizer.java:1712)&#10;        at java.base@21.0.8/java.lang.ref.ReferenceQueue.await(ReferenceQueue.java:67)&#10;        at java.base@21.0.8/java.lang.ref.ReferenceQueue.remove0(ReferenceQueue.java:158)&#10;        at java.base@21.0.8/java.lang.ref.ReferenceQueue.remove(ReferenceQueue.java:234)&#10;        at app//org.apache.hadoop.hdds.utils.LeakDetector.run(LeakDetector.java:79)&#10;        at app//org.apache.hadoop.hdds.utils.LeakDetector$$Lambda/0x00007fd1ac4990b8.run(Unknown Source)&#10;        at java.base@21.0.8/java.lang.Thread.runWith(Thread.java:1596)&#10;        at java.base@21.0.8/java.lang.Thread.run(Thread.java:1583)&#10;&quot;IPC Server handler 1 on default port 15035&quot; daemon prio=5 tid=706 timed_waiting&#10;java.lang.Thread.State: TIMED_WAITING&#10;        at java.base@21.0.8/jdk.internal.misc.Unsafe.park(Native Method)&#10;        at java.base@21.0.8/java.util.concurrent.locks.LockSupport.parkNanos(LockSupport.java:269)&#10;        at java.base@21.0.8/java.util.concurrent.locks.AbstractQueuedSynchronizer$ConditionObject.awaitNanos(AbstractQueuedSynchronizer.java:1763)&#10;        at java.base@21.0.8/java.util.concurrent.LinkedBlockingQueue.poll(LinkedBlockingQueue.java:460)&#10;        at app//org.apache.hadoop.ipc.CallQueueManager.take(CallQueueManager.java:370)&#10;        at app//org.apache.hadoop.ipc.Server$Handler.run(Server.java:3165)&#10;&quot;Socket Reader #4 for port 15027&quot; daemon prio=5 tid=627 runnable&#10;java.lang.Thread.State: RUNNABLE&#10;        at java.base@21.0.8/sun.nio.ch.EPoll.wait(Native Method)&#10;        at java.base@21.0.8/sun.nio.ch.EPollSelectorImpl.doSelect(EPollSelectorImpl.java:121)&#10;        at java.base@21.0.8/sun.nio.ch.SelectorImpl.lockAndDoSelect(SelectorImpl.java:130)&#10;        at java.base@21.0.8/sun.nio.ch.SelectorImpl.select(SelectorImpl.java:147)&#10;        at app//org.apache.hadoop.ipc.Server$Listener$Reader.doRunLoop(Server.java:1497)&#10;        at app//org.apache.hadoop.ipc.Server$Listener$Reader.run(Server.java:1476)&#10;&quot;JvmPauseMonitor1&quot; daemon prio=5 tid=118 timed_waiting&#10;java.lang.Thread.State: TIMED_WAITING&#10;        at java.base@21.0.8/java.lang.Thread.sleep0(Native Method)&#10;        at java.base@21.0.8/java.lang.Thread.sleep(Thread.java:558)&#10;        at java.base@21.0.8/java.util.concurrent.TimeUnit.sleep(TimeUnit.java:446)&#10;        at app//org.apache.ratis.util.TimeDuration.sleep(TimeDuration.java:353)&#10;        at app//org.apache.ratis.util.TimeDuration.sleep(TimeDuration.java:338)&#10;        at app//org.apache.ratis.util.JvmPauseMonitor.detectPause(JvmPauseMonitor.java:160)&#10;        at app//org.apache.ratis.util.JvmPauseMonitor.run(JvmPauseMonitor.java:149)&#10;        at app//org.apache.ratis.util.JvmPauseMonitor$$Lambda/0x00007fd1ac3b8ac8.run(Unknown Source)&#10;        at java.base@21.0.8/java.lang.Thread.runWith(Thread.java:1596)&#10;        at java.base@21.0.8/java.lang.Thread.run(Thread.java:1583)&#10;&quot;IPC Server handler 33 on default port 15001&quot; daemon prio=5 tid=254 timed_waiting&#10;java.lang.Thread.State: TIMED_WAITING&#10;        at java.base@21.0.8/jdk.internal.misc.Unsafe.park(Native Method)&#10;        at java.base@21.0.8/java.util.concurrent.locks.LockSupport.parkNanos(LockSupport.java:269)&#10;        at java.base@21.0.8/java.util.concurrent.locks.AbstractQueuedSynchronizer$ConditionObject.awaitNanos(AbstractQueuedSynchronizer.java:1763)&#10;        at java.base@21.0.8/java.util.concurrent.LinkedBlockingQueue.poll(LinkedBlockingQueue.java:460)&#10;        at app//org.apache.hadoop.ipc.CallQueueManager.take(CallQueueManager.java:370)&#10;        at app//org.apache.hadoop.ipc.Server$Handler.run(Server.java:3165)&#10;&quot;IPC Server listener on 15027&quot; daemon prio=5 tid=623 runnable&#10;java.lang.Thread.State: RUNNABLE&#10;        at java.base@21.0.8/sun.nio.ch.EPoll.wait(Native Method)&#10;        at java.base@21.0.8/sun.nio.ch.EPollSelectorImpl.doSelect(EPollSelectorImpl.java:121)&#10;        at java.base@21.0.8/sun.nio.ch.SelectorImpl.lockAndDoSelect(SelectorImpl.java:130)&#10;        at java.base@21.0.8/sun.nio.ch.SelectorImpl.select(SelectorImpl.java:147)&#10;        at app//org.apache.hadoop.ipc.Server$Listener.run(Server.java:1559)&#10;&quot;org.apache.hadoop.ozone.container.common.statemachine.commandhandler.DeleteBlocksCommandHandler$DeleteCmdWorker@6766644d&quot; daemon prio=5 tid=564 timed_waiting&#10;java.lang.Thread.State: TIMED_WAITING&#10;        at java.base@21.0.8/java.lang.Thread.sleep0(Native Method)&#10;        at java.base@21.0.8/java.lang.Thread.sleep(Thread.java:509)&#10;        at app//org.apache.hadoop.ozone.container.common.statemachine.commandhandler.DeleteBlocksCommandHandler$DeleteCmdWorker.run(DeleteBlocksCommandHandler.java:260)&#10;        at java.base@21.0.8/java.lang.Thread.runWith(Thread.java:1596)&#10;        at java.base@21.0.8/java.lang.Thread.run(Thread.java:1583)&#10;&quot;org.apache.hadoop.ozone.container.common.statemachine.commandhandler.DeleteBlocksCommandHandler$DeleteCmdWorker@4b3238d2&quot; daemon prio=5 tid=737 timed_waiting&#10;java.lang.Thread.State: TIMED_WAITING&#10;        at java.base@21.0.8/java.lang.Thread.sleep0(Native Method)&#10;        at java.base@21.0.8/java.lang.Thread.sleep(Thread.java:509)&#10;        at app//org.apache.hadoop.ozone.container.common.statemachine.commandhandler.DeleteBlocksCommandHandler$DeleteCmdWorker.run(DeleteBlocksCommandHandler.java:260)&#10;        at java.base@21.0.8/java.lang.Thread.runWith(Thread.java:1596)&#10;        at java.base@21.0.8/java.lang.Thread.run(Thread.java:1583)&#10;&quot;IPC Server handler 51 on default port 15000&quot; daemon prio=5 tid=172 timed_waiting&#10;java.lang.Thread.State: TIMED_WAITING&#10;        at java.base@21.0.8/jdk.internal.misc.Unsafe.park(Native Method)&#10;        at java.base@21.0.8/java.util.concurrent.locks.LockSupport.parkNanos(LockSupport.java:269)&#10;        at java.base@21.0.8/java.util.concurrent.locks.AbstractQueuedSynchronizer$ConditionObject.awaitNanos(AbstractQueuedSynchronizer.java:1763)&#10;        at java.base@21.0.8/java.util.concurrent.LinkedBlockingQueue.poll(LinkedBlockingQueue.java:460)&#10;        at app//org.apache.hadoop.ipc.CallQueueManager.take(CallQueueManager.java:370)&#10;        at app//org.apache.hadoop.ipc.Server$Handler.run(Server.java:3165)&#10;&quot;Socket Reader #2 for port 15035&quot; daemon prio=5 tid=691 runnable&#10;java.lang.Thread.State: RUNNABLE&#10;        at java.base@21.0.8/sun.nio.ch.EPoll.wait(Native Method)&#10;        at java.base@21.0.8/sun.nio.ch.EPollSelectorImpl.doSelect(EPollSelectorImpl.java:121)&#10;        at java.base@21.0.8/sun.nio.ch.SelectorImpl.lockAndDoSelect(SelectorImpl.java:130)&#10;        at java.base@21.0.8/sun.nio.ch.SelectorImpl.select(SelectorImpl.java:147)&#10;        at app//org.apache.hadoop.ipc.Server$Listener$Reader.doRunLoop(Server.java:1497)&#10;        at app//org.apache.hadoop.ipc.Server$Listener$Reader.run(Server.java:1476)&#10;&quot;18da7ee6-49f7-45ee-8090-861a49f32d36-ChunkWriter-1-0&quot; daemon prio=5 tid=801 in Object.wait()&#10;java.lang.Thread.State: WAITING (on object monitor)&#10;        at java.base@21.0.8/jdk.internal.misc.Unsafe.park(Native Method)&#10;        at java.base@21.0.8/java.util.concurrent.locks.LockSupport.park(LockSupport.java:371)&#10;        at java.base@21.0.8/java.util.concurrent.locks.AbstractQueuedSynchronizer$ConditionNode.block(AbstractQueuedSynchronizer.java:519)&#10;        at java.base@21.0.8/java.util.concurrent.ForkJoinPool.unmanagedBlock(ForkJoinPool.java:3780)&#10;        at java.base@21.0.8/java.util.concurrent.ForkJoinPool.managedBlock(ForkJoinPool.java:3725)&#10;        at java.base@21.0.8/java.util.concurrent.locks.AbstractQueuedSynchronizer$ConditionObject.await(AbstractQueuedSynchronizer.java:1712)&#10;        at java.base@21.0.8/java.util.concurrent.LinkedBlockingDeque.takeFirst(LinkedBlockingDeque.java:485)&#10;        at java.base@21.0.8/java.util.concurrent.LinkedBlockingDeque.take(LinkedBlockingDeque.java:673)&#10;        at java.base@21.0.8/java.util.concurrent.ThreadPoolExecutor.getTask(ThreadPoolExecutor.java:1070)&#10;        at java.base@21.0.8/java.util.concurrent.ThreadPoolExecutor.runWorker(ThreadPoolExecutor.java:1130)&#10;        at java.base@21.0.8/java.util.concurrent.ThreadPoolExecutor$Worker.run(ThreadPoolExecutor.java:642)&#10;        at java.base@21.0.8/java.lang.Thread.runWith(Thread.java:1596)&#10;        at java.base@21.0.8/java.lang.Thread.run(Thread.java:1583)&#10;&quot;Socket Reader #5 for port 15043&quot; daemon prio=5 tid=766 runnable&#10;java.lang.Thread.State: RUNNABLE&#10;        at java.base@21.0.8/sun.nio.ch.EPoll.wait(Native Method)&#10;        at java.base@21.0.8/sun.nio.ch.EPollSelectorImpl.doSelect(EPollSelectorImpl.java:121)&#10;        at java.base@21.0.8/sun.nio.ch.SelectorImpl.lockAndDoSelect(SelectorImpl.java:130)&#10;        at java.base@21.0.8/sun.nio.ch.SelectorImpl.select(SelectorImpl.java:147)&#10;        at app//org.apache.hadoop.ipc.Server$Listener$Reader.doRunLoop(Server.java:1497)&#10;        at app//org.apache.hadoop.ipc.Server$Listener$Reader.run(Server.java:1476)&#10;&quot;qtp1960486456-485-acceptor-0@599f7c82-ServerConnector@30dc545c{HTTP/1.1, (http/1.1)}{0.0.0.0:15007}&quot; daemon prio=3 tid=485 runnable&#10;java.lang.Thread.State: RUNNABLE&#10;        at java.base@21.0.8/sun.nio.ch.Net.accept(Native Method)&#10;        at java.base@21.0.8/sun.nio.ch.ServerSocketChannelImpl.implAccept(ServerSocketChannelImpl.java:433)&#10;        at java.base@21.0.8/sun.nio.ch.ServerSocketChannelImpl.accept(ServerSocketChannelImpl.java:399)&#10;        at app//org.eclipse.jetty.server.ServerConnector.accept(ServerConnector.java:388)&#10;        at app//org.eclipse.jetty.server.AbstractConnector$Acceptor.run(AbstractConnector.java:704)&#10;        at app//org.eclipse.jetty.util.thread.QueuedThreadPool.runJob(QueuedThreadPool.java:883)&#10;        at app//org.eclipse.jetty.util.thread.QueuedThreadPool$Runner.run(QueuedThreadPool.java:1034)&#10;        at java.base@21.0.8/java.lang.Thread.runWith(Thread.java:1596)&#10;        at java.base@21.0.8/java.lang.Thread.run(Thread.java:1583)&#10;&quot;IPC Server handler 50 on default port 15001&quot; daemon prio=5 tid=271 timed_waiting&#10;java.lang.Thread.State: TIMED_WAITING&#10;        at java.base@21.0.8/jdk.internal.misc.Unsafe.park(Native Method)&#10;        at java.base@21.0.8/java.util.concurrent.locks.LockSupport.parkNanos(LockSupport.java:269)&#10;        at java.base@21.0.8/java.util.concurrent.locks.AbstractQueuedSynchronizer$ConditionObject.awaitNanos(AbstractQueuedSynchronizer.java:1763)&#10;        at java.base@21.0.8/java.util.concurrent.LinkedBlockingQueue.poll(LinkedBlockingQueue.java:460)&#10;        at app//org.apache.hadoop.ipc.CallQueueManager.take(CallQueueManager.java:370)&#10;        at app//org.apache.hadoop.ipc.Server$Handler.run(Server.java:3165)&#10;&quot;om1@group-C5BA1605619E-StateMachineUpdater&quot; daemon prio=5 tid=466 timed_waiting&#10;java.lang.Thread.State: TIMED_WAITING&#10;        at java.base@21.0.8/jdk.internal.misc.Unsafe.park(Native Method)&#10;        at java.base@21.0.8/java.util.concurrent.locks.LockSupport.parkNanos(LockSupport.java:269)&#10;        at java.base@21.0.8/java.util.concurrent.locks.AbstractQueuedSynchronizer$ConditionObject.await(AbstractQueuedSynchronizer.java:1852)&#10;        at app//org.apache.ratis.util.AwaitForSignal.await(AwaitForSignal.java:65)&#10;        at app//org.apache.ratis.server.impl.StateMachineUpdater.waitForCommit(StateMachineUpdater.java:222)&#10;        at app//org.apache.ratis.server.impl.StateMachineUpdater.run(StateMachineUpdater.java:187)&#10;        at java.base@21.0.8/java.lang.Thread.runWith(Thread.java:1596)&#10;        at java.base@21.0.8/java.lang.Thread.run(Thread.java:1583)&#10;&quot;IPC Server handler 77 on default port 15000&quot; daemon prio=5 tid=198 timed_waiting&#10;java.lang.Thread.State: TIMED_WAITING&#10;        at java.base@21.0.8/jdk.internal.misc.Unsafe.park(Native Method)&#10;        at java.base@21.0.8/java.util.concurrent.locks.LockSupport.parkNanos(LockSupport.java:269)&#10;        at java.base@21.0.8/java.util.concurrent.locks.AbstractQueuedSynchronizer$ConditionObject.awaitNanos(AbstractQueuedSynchronizer.java:1763)&#10;        at java.base@21.0.8/java.util.concurrent.LinkedBlockingQueue.poll(LinkedBlockingQueue.java:460)&#10;        at app//org.apache.hadoop.ipc.CallQueueManager.take(CallQueueManager.java:370)&#10;        at app//org.apache.hadoop.ipc.Server$Handler.run(Server.java:3165)&#10;&quot;om1-KeyDeletingService#2&quot; daemon prio=5 tid=474 in Object.wait()&#10;java.lang.Thread.State: WAITING (on object monitor)&#10;        at java.base@21.0.8/jdk.internal.misc.Unsafe.park(Native Method)&#10;        at java.base@21.0.8/java.util.concurrent.locks.LockSupport.park(LockSupport.java:371)&#10;        at java.base@21.0.8/java.util.concurrent.locks.AbstractQueuedSynchronizer$ConditionNode.block(AbstractQueuedSynchronizer.java:519)&#10;        at java.base@21.0.8/java.util.concurrent.ForkJoinPool.unmanagedBlock(ForkJoinPool.java:3780)&#10;        at java.base@21.0.8/java.util.concurrent.ForkJoinPool.managedBlock(ForkJoinPool.java:3725)&#10;        at java.base@21.0.8/java.util.concurrent.locks.AbstractQueuedSynchronizer$ConditionObject.await(AbstractQueuedSynchronizer.java:1712)&#10;        at java.base@21.0.8/java.util.concurrent.ScheduledThreadPoolExecutor$DelayedWorkQueue.take(ScheduledThreadPoolExecutor.java:1177)&#10;        at java.base@21.0.8/java.util.concurrent.ScheduledThreadPoolExecutor$DelayedWorkQueue.take(ScheduledThreadPoolExecutor.java:899)&#10;        at java.base@21.0.8/java.util.concurrent.ThreadPoolExecutor.getTask(ThreadPoolExecutor.java:1070)&#10;        at java.base@21.0.8/java.util.concurrent.ThreadPoolExecutor.runWorker(ThreadPoolExecutor.java:1130)&#10;        at java.base@21.0.8/java.util.concurrent.ThreadPoolExecutor$Worker.run(ThreadPoolExecutor.java:642)&#10;        at java.base@21.0.8/java.lang.Thread.runWith(Thread.java:1596)&#10;        at java.base@21.0.8/java.lang.Thread.run(Thread.java:1583)&#10;&quot;IPC Server handler 7 on default port 15001&quot; daemon prio=5 tid=228 timed_waiting&#10;java.lang.Thread.State: TIMED_WAITING&#10;        at java.base@21.0.8/jdk.internal.misc.Unsafe.park(Native Method)&#10;        at java.base@21.0.8/java.util.concurrent.locks.LockSupport.parkNanos(LockSupport.java:269)&#10;        at java.base@21.0.8/java.util.concurrent.locks.AbstractQueuedSynchronizer$ConditionObject.awaitNanos(AbstractQueuedSynchronizer.java:1763)&#10;        at java.base@21.0.8/java.util.concurrent.LinkedBlockingQueue.poll(LinkedBlockingQueue.java:460)&#10;        at app//org.apache.hadoop.ipc.CallQueueManager.take(CallQueueManager.java:370)&#10;        at app//org.apache.hadoop.ipc.Server$Handler.run(Server.java:3165)&#10;&quot;IPC Server Responder&quot; daemon prio=5 tid=74 runnable&#10;java.lang.Thread.State: RUNNABLE&#10;        at java.base@21.0.8/sun.nio.ch.EPoll.wait(Native Method)&#10;        at java.base@21.0.8/sun.nio.ch.EPollSelectorImpl.doSelect(EPollSelectorImpl.java:121)&#10;        at java.base@21.0.8/sun.nio.ch.SelectorImpl.lockAndDoSelect(SelectorImpl.java:130)&#10;        at java.base@21.0.8/sun.nio.ch.SelectorImpl.select(SelectorImpl.java:142)&#10;        at app//org.apache.hadoop.ipc.Server$Responder.doRunLoop(Server.java:1733)&#10;        at app//org.apache.hadoop.ipc.Server$Responder.run(Server.java:1716)&#10;&quot;18da7ee6-49f7-45ee-8090-861a49f32d36-DatanodeReportManager-2&quot; daemon prio=5 tid=650 in Object.wait()&#10;java.lang.Thread.State: WAITING (on object monitor)&#10;        at java.base@21.0.8/jdk.internal.misc.Unsafe.park(Native Method)&#10;        at java.base@21.0.8/java.util.concurrent.locks.LockSupport.park(LockSupport.java:371)&#10;        at java.base@21.0.8/java.util.concurrent.locks.AbstractQueuedSynchronizer$ConditionNode.block(AbstractQueuedSynchronizer.java:519)&#10;        at java.base@21.0.8/java.util.concurrent.ForkJoinPool.unmanagedBlock(ForkJoinPool.java:3780)&#10;        at java.base@21.0.8/java.util.concurrent.ForkJoinPool.managedBlock(ForkJoinPool.java:3725)&#10;        at java.base@21.0.8/java.util.concurrent.locks.AbstractQueuedSynchronizer$ConditionObject.await(AbstractQueuedSynchronizer.java:1712)&#10;        at java.base@21.0.8/java.util.concurrent.ScheduledThreadPoolExecutor$DelayedWorkQueue.take(ScheduledThreadPoolExecutor.java:1177)&#10;        at java.base@21.0.8/java.util.concurrent.ScheduledThreadPoolExecutor$DelayedWorkQueue.take(ScheduledThreadPoolExecutor.java:899)&#10;        at java.base@21.0.8/java.util.concurrent.ThreadPoolExecutor.getTask(ThreadPoolExecutor.java:1070)&#10;        at java.base@21.0.8/java.util.concurrent.ThreadPoolExecutor.runWorker(ThreadPoolExecutor.java:1130)&#10;        at java.base@21.0.8/java.util.concurrent.ThreadPoolExecutor$Worker.run(ThreadPoolExecutor.java:642)&#10;        at java.base@21.0.8/java.lang.Thread.runWith(Thread.java:1596)&#10;        at java.base@21.0.8/java.lang.Thread.run(Thread.java:1583)&#10;&quot;Socket Reader #5 for port 15035&quot; daemon prio=5 tid=694 runnable&#10;java.lang.Thread.State: RUNNABLE&#10;        at java.base@21.0.8/sun.nio.ch.EPoll.wait(Native Method)&#10;        at java.base@21.0.8/sun.nio.ch.EPollSelectorImpl.doSelect(EPollSelectorImpl.java:121)&#10;        at java.base@21.0.8/sun.nio.ch.SelectorImpl.lockAndDoSelect(SelectorImpl.java:130)&#10;        at java.base@21.0.8/sun.nio.ch.SelectorImpl.select(SelectorImpl.java:147)&#10;        at app//org.apache.hadoop.ipc.Server$Listener$Reader.doRunLoop(Server.java:1497)&#10;        at app//org.apache.hadoop.ipc.Server$Listener$Reader.run(Server.java:1476)&#10;&quot;IPC Server handler 8 on default port 15043&quot; daemon prio=5 tid=788 timed_waiting&#10;java.lang.Thread.State: TIMED_WAITING&#10;        at java.base@21.0.8/jdk.internal.misc.Unsafe.park(Native Method)&#10;        at java.base@21.0.8/java.util.concurrent.locks.LockSupport.parkNanos(LockSupport.java:269)&#10;        at java.base@21.0.8/java.util.concurrent.locks.AbstractQueuedSynchronizer$ConditionObject.awaitNanos(AbstractQueuedSynchronizer.java:1763)&#10;        at java.base@21.0.8/java.util.concurrent.LinkedBlockingQueue.poll(LinkedBlockingQueue.java:460)&#10;        at app//org.apache.hadoop.ipc.CallQueueManager.take(CallQueueManager.java:370)&#10;        at app//org.apache.hadoop.ipc.Server$Handler.run(Server.java:3165)&#10;&quot;main&quot;  prio=5 tid=1 in Object.wait()&#10;java.lang.Thread.State: WAITING (on object monitor)&#10;        at java.base@21.0.8/jdk.internal.misc.Unsafe.park(Native Method)&#10;        at java.base@21.0.8/java.util.concurrent.locks.LockSupport.park(LockSupport.java:371)&#10;        at java.base@21.0.8/java.util.concurrent.ForkJoinTask.awaitDone(ForkJoinTask.java:461)&#10;        at java.base@21.0.8/java.util.concurrent.ForkJoinTask.get(ForkJoinTask.java:991)&#10;        at app//org.junit.platform.engine.support.hierarchical.HierarchicalTestEngine.execute(HierarchicalTestEngine.java:54)&#10;        at app//org.junit.platform.launcher.core.EngineExecutionOrchestrator.executeEngine(EngineExecutionOrchestrator.java:230)&#10;        at app//org.junit.platform.launcher.core.EngineExecutionOrchestrator.failOrExecuteEngine(EngineExecutionOrchestrator.java:204)&#10;        at app//org.junit.platform.launcher.core.EngineExecutionOrchestrator.execute(EngineExecutionOrchestrator.java:172)&#10;        at app//org.junit.platform.launcher.core.EngineExecutionOrchestrator.execute(EngineExecutionOrchestrator.java:101)&#10;        at app//org.junit.platform.launcher.core.EngineExecutionOrchestrator.lambda$execute$0(EngineExecutionOrchestrator.java:64)&#10;        at app//org.junit.platform.launcher.core.EngineExecutionOrchestrator$$Lambda/0x00007fd1ac12eb10.accept(Unknown Source)&#10;        at app//org.junit.platform.launcher.core.EngineExecutionOrchestrator.withInterceptedStreams(EngineExecutionOrchestrator.java:150)&#10;        at app//org.junit.platform.launcher.core.EngineExecutionOrchestrator.execute(EngineExecutionOrchestrator.java:63)&#10;        at app//org.junit.platform.launcher.core.DefaultLauncher.execute(DefaultLauncher.java:109)&#10;        at app//org.junit.platform.launcher.core.DefaultLauncher.execute(DefaultLauncher.java:91)&#10;        at app//org.junit.platform.launcher.core.DelegatingLauncher.execute(DelegatingLauncher.java:47)&#10;        at app//org.junit.platform.launcher.core.InterceptingLauncher.lambda$execute$1(InterceptingLauncher.java:39)&#10;        at app//org.junit.platform.launcher.core.InterceptingLauncher$$Lambda/0x00007fd1ac099470.proceed(Unknown Source)&#10;        at app//org.junit.platform.launcher.core.ClasspathAlignmentCheckingLauncherInterceptor.intercept(ClasspathAlignmentCheckingLauncherInterceptor.java:25)&#10;        at app//org.junit.platform.launcher.core.InterceptingLauncher.execute(InterceptingLauncher.java:38)&#10;        at app//org.junit.platform.launcher.core.DelegatingLauncher.execute(DelegatingLauncher.java:47)&#10;        at app//org.apache.maven.surefire.junitplatform.LazyLauncher.execute(LazyLauncher.java:56)&#10;        at app//org.apache.maven.surefire.junitplatform.JUnitPlatformProvider.execute(JUnitPlatformProvider.java:184)&#10;        at app//org.apache.maven.surefire.junitplatform.JUnitPlatformProvider.invokeAllTests(JUnitPlatformProvider.java:148)&#10;        at app//org.apache.maven.surefire.junitplatform.JUnitPlatformProvider.invoke(JUnitPlatformProvider.java:120)&#10;        at app//org.apache.maven.surefire.booter.ForkedBooter.runSuitesInProcess(ForkedBooter.java:385)&#10;        at app//org.apache.maven.surefire.booter.ForkedBooter.execute(ForkedBooter.java:162)&#10;        at app//org.apache.maven.surefire.booter.ForkedBooter.run(ForkedBooter.java:507)&#10;        at app//org.apache.maven.surefire.booter.ForkedBooter.main(ForkedBooter.java:495)&#10;&quot;Socket Reader #6 for port 15027&quot; daemon prio=5 tid=629 runnable&#10;java.lang.Thread.State: RUNNABLE&#10;        at java.base@21.0.8/sun.nio.ch.EPoll.wait(Native Method)&#10;        at java.base@21.0.8/sun.nio.ch.EPollSelectorImpl.doSelect(EPollSelectorImpl.java:121)&#10;        at java.base@21.0.8/sun.nio.ch.SelectorImpl.lockAndDoSelect(SelectorImpl.java:130)&#10;        at java.base@21.0.8/sun.nio.ch.SelectorImpl.select(SelectorImpl.java:147)&#10;        at app//org.apache.hadoop.ipc.Server$Listener$Reader.doRunLoop(Server.java:1497)&#10;        at app//org.apache.hadoop.ipc.Server$Listener$Reader.run(Server.java:1476)&#10;&quot;FixedThreadPoolWithAffinityExecutor-2-0&quot; daemon prio=5 tid=106 timed_waiting&#10;java.lang.Thread.State: TIMED_WAITING&#10;        at java.base@21.0.8/jdk.internal.misc.Unsafe.park(Native Method)&#10;        at java.base@21.0.8/java.util.concurrent.locks.LockSupport.parkNanos(LockSupport.java:269)&#10;        at java.base@21.0.8/java.util.concurrent.locks.AbstractQueuedSynchronizer$ConditionObject.awaitNanos(AbstractQueuedSynchronizer.java:1763)&#10;        at java.base@21.0.8/java.util.concurrent.LinkedBlockingQueue.poll(LinkedBlockingQueue.java:460)&#10;        at app//org.apache.hadoop.hdds.scm.server.ContainerReportQueue.poll(ContainerReportQueue.java:269)&#10;        at app//org.apache.hadoop.hdds.scm.server.ContainerReportQueue.poll(ContainerReportQueue.java:42)&#10;        at app//org.apache.hadoop.hdds.server.events.FixedThreadPoolWithAffinityExecutor$ContainerReportProcessTask.run(FixedThreadPoolWithAffinityExecutor.java:228)&#10;        at java.base@21.0.8/java.util.concurrent.Executors$RunnableAdapter.call(Executors.java:572)&#10;        at java.base@21.0.8/java.util.concurrent.FutureTask.run(FutureTask.java:317)&#10;        at java.base@21.0.8/java.util.concurrent.ThreadPoolExecutor.runWorker(ThreadPoolExecutor.java:1144)&#10;        at java.base@21.0.8/java.util.concurrent.ThreadPoolExecutor$Worker.run(ThreadPoolExecutor.java:642)&#10;        at java.base@21.0.8/java.lang.Thread.runWith(Thread.java:1596)&#10;        at java.base@21.0.8/java.lang.Thread.run(Thread.java:1583)&#10;&quot;IPC Server handler 28 on default port 15001&quot; daemon prio=5 tid=249 timed_waiting&#10;java.lang.Thread.State: TIMED_WAITING&#10;        at java.base@21.0.8/jdk.internal.misc.Unsafe.park(Native Method)&#10;        at java.base@21.0.8/java.util.concurrent.locks.LockSupport.parkNanos(LockSupport.java:269)&#10;        at java.base@21.0.8/java.util.concurrent.locks.AbstractQueuedSynchronizer$ConditionObject.awaitNanos(AbstractQueuedSynchronizer.java:1763)&#10;        at java.base@21.0.8/java.util.concurrent.LinkedBlockingQueue.poll(LinkedBlockingQueue.java:460)&#10;        at app//org.apache.hadoop.ipc.CallQueueManager.take(CallQueueManager.java:370)&#10;        at app//org.apache.hadoop.ipc.Server$Handler.run(Server.java:3165)&#10;&quot;SnapshotCacheCleanupService&quot; daemon prio=5 tid=443 timed_waiting&#10;java.lang.Thread.State: TIMED_WAITING&#10;        at java.base@21.0.8/jdk.internal.misc.Unsafe.park(Native Method)&#10;        at java.base@21.0.8/java.util.concurrent.locks.LockSupport.parkNanos(LockSupport.java:269)&#10;        at java.base@21.0.8/java.util.concurrent.locks.AbstractQueuedSynchronizer$ConditionObject.awaitNanos(AbstractQueuedSynchronizer.java:1763)&#10;        at java.base@21.0.8/java.util.concurrent.ScheduledThreadPoolExecutor$DelayedWorkQueue.take(ScheduledThreadPoolExecutor.java:1182)&#10;        at java.base@21.0.8/java.util.concurrent.ScheduledThreadPoolExecutor$DelayedWorkQueue.take(ScheduledThreadPoolExecutor.java:899)&#10;        at java.base@21.0.8/java.util.concurrent.ThreadPoolExecutor.getTask(ThreadPoolExecutor.java:1070)&#10;        at java.base@21.0.8/java.util.concurrent.ThreadPoolExecutor.runWorker(ThreadPoolExecutor.java:1130)&#10;        at java.base@21.0.8/java.util.concurrent.ThreadPoolExecutor$Worker.run(ThreadPoolExecutor.java:642)&#10;        at java.base@21.0.8/java.lang.Thread.runWith(Thread.java:1596)&#10;        at java.base@21.0.8/java.lang.Thread.run(Thread.java:1583)&#10;&quot;IPC Server handler 26 on default port 15002&quot; daemon prio=5 tid=365 timed_waiting&#10;java.lang.Thread.State: TIMED_WAITING&#10;        at java.base@21.0.8/jdk.internal.misc.Unsafe.park(Native Method)&#10;        at java.base@21.0.8/java.util.concurrent.locks.LockSupport.parkNanos(LockSupport.java:269)&#10;        at java.base@21.0.8/java.util.concurrent.locks.AbstractQueuedSynchronizer$ConditionObject.awaitNanos(AbstractQueuedSynchronizer.java:1763)&#10;        at java.base@21.0.8/java.util.concurrent.LinkedBlockingQueue.poll(LinkedBlockingQueue.java:460)&#10;        at app//org.apache.hadoop.ipc.CallQueueManager.take(CallQueueManager.java:370)&#10;        at app//org.apache.hadoop.ipc.Server$Handler.run(Server.java:3165)&#10;&quot;grpc-default-worker-ELG-3-3&quot; daemon prio=5 tid=871 runnable&#10;java.lang.Thread.State: RUNNABLE&#10;        at app//org.apache.ratis.thirdparty.io.netty.channel.epoll.Native.epollWait0(Native Method)&#10;        at app//org.apache.ratis.thirdparty.io.netty.channel.epoll.Native.epollWait(Native.java:193)&#10;        at app//org.apache.ratis.thirdparty.io.netty.channel.epoll.EpollEventLoop.epollWait(EpollEventLoop.java:304)&#10;        at app//org.apache.ratis.thirdparty.io.netty.channel.epoll.EpollEventLoop.run(EpollEventLoop.java:368)&#10;        at app//org.apache.ratis.thirdparty.io.netty.util.concurrent.SingleThreadEventExecutor$4.run(SingleThreadEventExecutor.java:998)&#10;        at app//org.apache.ratis.thirdparty.io.netty.util.internal.ThreadExecutorMap$2.run(ThreadExecutorMap.java:74)&#10;        at app//org.apache.ratis.thirdparty.io.netty.util.concurrent.FastThreadLocalRunnable.run(FastThreadLocalRunnable.java:30)&#10;        at java.base@21.0.8/java.lang.Thread.runWith(Thread.java:1596)&#10;        at java.base@21.0.8/java.lang.Thread.run(Thread.java:1583)&#10;&quot;IPC Server listener on 15001&quot; daemon prio=5 tid=76 runnable&#10;java.lang.Thread.State: RUNNABLE&#10;        at java.base@21.0.8/sun.nio.ch.EPoll.wait(Native Method)&#10;        at java.base@21.0.8/sun.nio.ch.EPollSelectorImpl.doSelect(EPollSelectorImpl.java:121)&#10;        at java.base@21.0.8/sun.nio.ch.SelectorImpl.lockAndDoSelect(SelectorImpl.java:130)&#10;        at java.base@21.0.8/sun.nio.ch.SelectorImpl.select(SelectorImpl.java:147)&#10;        at app//org.apache.hadoop.ipc.Server$Listener.run(Server.java:1559)&#10;&quot;IPC Server handler 78 on default port 15001&quot; daemon prio=5 tid=299 timed_waiting&#10;java.lang.Thread.State: TIMED_WAITING&#10;        at java.base@21.0.8/jdk.internal.misc.Unsafe.park(Native Method)&#10;        at java.base@21.0.8/java.util.concurrent.locks.LockSupport.parkNanos(LockSupport.java:269)&#10;        at java.base@21.0.8/java.util.concurrent.locks.AbstractQueuedSynchronizer$ConditionObject.awaitNanos(AbstractQueuedSynchronizer.java:1763)&#10;        at java.base@21.0.8/java.util.concurrent.LinkedBlockingQueue.poll(LinkedBlockingQueue.java:460)&#10;        at app//org.apache.hadoop.ipc.CallQueueManager.take(CallQueueManager.java:370)&#10;        at app//org.apache.hadoop.ipc.Server$Handler.run(Server.java:3165)&#10;&quot;IPC Server handler 82 on default port 15002&quot; daemon prio=5 tid=421 timed_waiting&#10;java.lang.Thread.State: TIMED_WAITING&#10;        at java.base@21.0.8/jdk.internal.misc.Unsafe.park(Native Method)&#10;        at java.base@21.0.8/java.util.concurrent.locks.LockSupport.parkNanos(LockSupport.java:269)&#10;        at java.base@21.0.8/java.util.concurrent.locks.AbstractQueuedSynchronizer$ConditionObject.awaitNanos(AbstractQueuedSynchronizer.java:1763)&#10;        at java.base@21.0.8/java.util.concurrent.LinkedBlockingQueue.poll(LinkedBlockingQueue.java:460)&#10;        at app//org.apache.hadoop.ipc.CallQueueManager.take(CallQueueManager.java:370)&#10;        at app//org.apache.hadoop.ipc.Server$Handler.run(Server.java:3165)&#10;&quot;IPC Server handler 0 on default port 15001&quot; daemon prio=5 tid=221 timed_waiting&#10;java.lang.Thread.State: TIMED_WAITING&#10;        at java.base@21.0.8/jdk.internal.misc.Unsafe.park(Native Method)&#10;        at java.base@21.0.8/java.util.concurrent.locks.LockSupport.parkNanos(LockSupport.java:269)&#10;        at java.base@21.0.8/java.util.concurrent.locks.AbstractQueuedSynchronizer$ConditionObject.awaitNanos(AbstractQueuedSynchronizer.java:1763)&#10;        at java.base@21.0.8/java.util.concurrent.LinkedBlockingQueue.poll(LinkedBlockingQueue.java:460)&#10;        at app//org.apache.hadoop.ipc.CallQueueManager.take(CallQueueManager.java:370)&#10;        at app//org.apache.hadoop.ipc.Server$Handler.run(Server.java:3165)&#10;&quot;IPC Server handler 6 on default port 15002&quot; daemon prio=5 tid=345 timed_waiting&#10;java.lang.Thread.State: TIMED_WAITING&#10;        at java.base@21.0.8/jdk.internal.misc.Unsafe.park(Native Method)&#10;        at java.base@21.0.8/java.util.concurrent.locks.LockSupport.parkNanos(LockSupport.java:269)&#10;        at java.base@21.0.8/java.util.concurrent.locks.AbstractQueuedSynchronizer$ConditionObject.awaitNanos(AbstractQueuedSynchronizer.java:1763)&#10;        at java.base@21.0.8/java.util.concurrent.LinkedBlockingQueue.poll(LinkedBlockingQueue.java:460)&#10;        at app//org.apache.hadoop.ipc.CallQueueManager.take(CallQueueManager.java:370)&#10;        at app//org.apache.hadoop.ipc.Server$Handler.run(Server.java:3165)&#10;&quot;surefire-forkedjvm-stream-flusher&quot; daemon prio=5 tid=23 timed_waiting&#10;java.lang.Thread.State: TIMED_WAITING&#10;        at java.base@21.0.8/jdk.internal.misc.Unsafe.park(Native Method)&#10;        at java.base@21.0.8/java.util.concurrent.locks.LockSupport.parkNanos(LockSupport.java:269)&#10;        at java.base@21.0.8/java.util.concurrent.locks.AbstractQueuedSynchronizer$ConditionObject.awaitNanos(AbstractQueuedSynchronizer.java:1763)&#10;        at java.base@21.0.8/java.util.concurrent.ScheduledThreadPoolExecutor$DelayedWorkQueue.take(ScheduledThreadPoolExecutor.java:1182)&#10;        at java.base@21.0.8/java.util.concurrent.ScheduledThreadPoolExecutor$DelayedWorkQueue.take(ScheduledThreadPoolExecutor.java:899)&#10;        at java.base@21.0.8/java.util.concurrent.ThreadPoolExecutor.getTask(ThreadPoolExecutor.java:1070)&#10;        at java.base@21.0.8/java.util.concurrent.ThreadPoolExecutor.runWorker(ThreadPoolExecutor.java:1130)&#10;        at java.base@21.0.8/java.util.concurrent.ThreadPoolExecutor$Worker.run(ThreadPoolExecutor.java:642)&#10;        at java.base@21.0.8/java.lang.Thread.runWith(Thread.java:1596)&#10;        at java.base@21.0.8/java.lang.Thread.run(Thread.java:1583)&#10;&quot;18da7ee6-49f7-45ee-8090-861a49f32d36-groupManagement&quot; daemon prio=5 tid=884 in Object.wait()&#10;java.lang.Thread.State: WAITING (on object monitor)&#10;        at java.base@21.0.8/jdk.internal.misc.Unsafe.park(Native Method)&#10;        at java.base@21.0.8/java.util.concurrent.locks.LockSupport.park(LockSupport.java:371)&#10;        at java.base@21.0.8/java.util.concurrent.locks.AbstractQueuedSynchronizer$ConditionNode.block(AbstractQueuedSynchronizer.java:519)&#10;        at java.base@21.0.8/java.util.concurrent.ForkJoinPool.unmanagedBlock(ForkJoinPool.java:3780)&#10;        at java.base@21.0.8/java.util.concurrent.ForkJoinPool.managedBlock(ForkJoinPool.java:3725)&#10;        at java.base@21.0.8/java.util.concurrent.locks.AbstractQueuedSynchronizer$ConditionObject.await(AbstractQueuedSynchronizer.java:1712)&#10;        at java.base@21.0.8/java.util.concurrent.LinkedBlockingQueue.take(LinkedBlockingQueue.java:435)&#10;        at java.base@21.0.8/java.util.concurrent.ThreadPoolExecutor.getTask(ThreadPoolExecutor.java:1070)&#10;        at java.base@21.0.8/java.util.concurrent.ThreadPoolExecutor.runWorker(ThreadPoolExecutor.java:1130)&#10;        at java.base@21.0.8/java.util.concurrent.ThreadPoolExecutor$Worker.run(ThreadPoolExecutor.java:642)&#10;        at java.base@21.0.8/java.lang.Thread.runWith(Thread.java:1596)&#10;        at java.base@21.0.8/java.lang.Thread.run(Thread.java:1583)&#10;&quot;IPC Server handler 52 on default port 15001&quot; daemon prio=5 tid=273 timed_waiting&#10;java.lang.Thread.State: TIMED_WAITING&#10;        at java.base@21.0.8/jdk.internal.misc.Unsafe.park(Native Method)&#10;        at java.base@21.0.8/java.util.concurrent.locks.LockSupport.parkNanos(LockSupport.java:269)&#10;        at java.base@21.0.8/java.util.concurrent.locks.AbstractQueuedSynchronizer$ConditionObject.awaitNanos(AbstractQueuedSynchronizer.java:1763)&#10;        at java.base@21.0.8/java.util.concurrent.LinkedBlockingQueue.poll(LinkedBlockingQueue.java:460)&#10;        at app//org.apache.hadoop.ipc.CallQueueManager.take(CallQueueManager.java:370)&#10;        at app//org.apache.hadoop.ipc.Server$Handler.run(Server.java:3165)&#10;&quot;IPC Server handler 98 on default port 15001&quot; daemon prio=5 tid=319 timed_waiting&#10;java.lang.Thread.State: TIMED_WAITING&#10;        at java.base@21.0.8/jdk.internal.misc.Unsafe.park(Native Method)&#10;        at java.base@21.0.8/java.util.concurrent.locks.LockSupport.parkNanos(LockSupport.java:269)&#10;        at java.base@21.0.8/java.util.concurrent.locks.AbstractQueuedSynchronizer$ConditionObject.awaitNanos(AbstractQueuedSynchronizer.java:1763)&#10;        at java.base@21.0.8/java.util.concurrent.LinkedBlockingQueue.poll(LinkedBlockingQueue.java:460)&#10;        at app//org.apache.hadoop.ipc.CallQueueManager.take(CallQueueManager.java:370)&#10;        at app//org.apache.hadoop.ipc.Server$Handler.run(Server.java:3165)&#10;&quot;om1-groupManagement&quot; daemon prio=5 tid=448 in Object.wait()&#10;java.lang.Thread.State: WAITING (on object monitor)&#10;        at java.base@21.0.8/jdk.internal.misc.Unsafe.park(Native Method)&#10;        at java.base@21.0.8/java.util.concurrent.locks.LockSupport.park(LockSupport.java:371)&#10;        at java.base@21.0.8/java.util.concurrent.locks.AbstractQueuedSynchronizer$ConditionNode.block(AbstractQueuedSynchronizer.java:519)&#10;        at java.base@21.0.8/java.util.concurrent.ForkJoinPool.unmanagedBlock(ForkJoinPool.java:3780)&#10;        at java.base@21.0.8/java.util.concurrent.ForkJoinPool.managedBlock(ForkJoinPool.java:3725)&#10;        at java.base@21.0.8/java.util.concurrent.locks.AbstractQueuedSynchronizer$ConditionObject.await(AbstractQueuedSynchronizer.java:1712)&#10;        at java.base@21.0.8/java.util.concurrent.LinkedBlockingQueue.take(LinkedBlockingQueue.java:435)&#10;        at java.base@21.0.8/java.util.concurrent.ThreadPoolExecutor.getTask(ThreadPoolExecutor.java:1070)&#10;        at java.base@21.0.8/java.util.concurrent.ThreadPoolExecutor.runWorker(ThreadPoolExecutor.java:1130)&#10;        at java.base@21.0.8/java.util.concurrent.ThreadPoolExecutor$Worker.run(ThreadPoolExecutor.java:642)&#10;        at java.base@21.0.8/java.lang.Thread.runWith(Thread.java:1596)&#10;        at java.base@21.0.8/java.lang.Thread.run(Thread.java:1583)&#10;&quot;qtp887238034-664-acceptor-0@5bf32d8d-ServerConnector@3ff728e6{HTTP/1.1, (http/1.1)}{0.0.0.0:15034}&quot; daemon prio=3 tid=664 runnable&#10;java.lang.Thread.State: RUNNABLE&#10;        at java.base@21.0.8/sun.nio.ch.Net.accept(Native Method)&#10;        at java.base@21.0.8/sun.nio.ch.ServerSocketChannelImpl.implAccept(ServerSocketChannelImpl.java:433)&#10;        at java.base@21.0.8/sun.nio.ch.ServerSocketChannelImpl.accept(ServerSocketChannelImpl.java:399)&#10;        at app//org.eclipse.jetty.server.ServerConnector.accept(ServerConnector.java:388)&#10;        at app//org.eclipse.jetty.server.AbstractConnector$Acceptor.run(AbstractConnector.java:704)&#10;        at app//org.eclipse.jetty.util.thread.QueuedThreadPool.runJob(QueuedThreadPool.java:883)&#10;        at app//org.eclipse.jetty.util.thread.QueuedThreadPool$Runner.run(QueuedThreadPool.java:1034)&#10;        at java.base@21.0.8/java.lang.Thread.runWith(Thread.java:1596)&#10;        at java.base@21.0.8/java.lang.Thread.run(Thread.java:1583)&#10;&quot;timer6&quot; daemon prio=5 tid=1029 timed_waiting&#10;java.lang.Thread.State: TIMED_WAITING&#10;        at java.base@21.0.8/java.lang.Object.wait0(Native Method)&#10;        at java.base@21.0.8/java.lang.Object.wait(Object.java:366)&#10;        at java.base@21.0.8/java.util.TimerThread.mainLoop(Timer.java:563)&#10;        at java.base@21.0.8/java.util.TimerThread.run(Timer.java:516)&#10;&quot;Signal Dispatcher&quot; daemon prio=9 tid=11 runnable&#10;java.lang.Thread.State: RUNNABLE&#10;&quot;IPC Server handler 9 on default port 15001&quot; daemon prio=5 tid=230 timed_waiting&#10;java.lang.Thread.State: TIMED_WAITING&#10;        at java.base@21.0.8/jdk.internal.misc.Unsafe.park(Native Method)&#10;        at java.base@21.0.8/java.util.concurrent.locks.LockSupport.parkNanos(LockSupport.java:269)&#10;        at java.base@21.0.8/java.util.concurrent.locks.AbstractQueuedSynchronizer$ConditionObject.awaitNanos(AbstractQueuedSynchronizer.java:1763)&#10;        at java.base@21.0.8/java.util.concurrent.LinkedBlockingQueue.poll(LinkedBlockingQueue.java:460)&#10;        at app//org.apache.hadoop.ipc.CallQueueManager.take(CallQueueManager.java:370)&#10;        at app//org.apache.hadoop.ipc.Server$Handler.run(Server.java:3165)&#10;&quot;IPC Server handler 17 on default port 15001&quot; daemon prio=5 tid=238 timed_waiting&#10;java.lang.Thread.State: TIMED_WAITING&#10;        at java.base@21.0.8/jdk.internal.misc.Unsafe.park(Native Method)&#10;        at java.base@21.0.8/java.util.concurrent.locks.LockSupport.parkNanos(LockSupport.java:269)&#10;        at java.base@21.0.8/java.util.concurrent.locks.AbstractQueuedSynchronizer$ConditionObject.awaitNanos(AbstractQueuedSynchronizer.java:1763)&#10;        at java.base@21.0.8/java.util.concurrent.LinkedBlockingQueue.poll(LinkedBlockingQueue.java:460)&#10;        at app//org.apache.hadoop.ipc.CallQueueManager.take(CallQueueManager.java:370)&#10;        at app//org.apache.hadoop.ipc.Server$Handler.run(Server.java:3165)&#10;&quot;IPC Server handler 33 on default port 15000&quot; daemon prio=5 tid=154 timed_waiting&#10;java.lang.Thread.State: TIMED_WAITING&#10;        at java.base@21.0.8/jdk.internal.misc.Unsafe.park(Native Method)&#10;        at java.base@21.0.8/java.util.concurrent.locks.LockSupport.parkNanos(LockSupport.java:269)&#10;        at java.base@21.0.8/java.util.concurrent.locks.AbstractQueuedSynchronizer$ConditionObject.awaitNanos(AbstractQueuedSynchronizer.java:1763)&#10;        at java.base@21.0.8/java.util.concurrent.LinkedBlockingQueue.poll(LinkedBlockingQueue.java:460)&#10;        at app//org.apache.hadoop.ipc.CallQueueManager.take(CallQueueManager.java:370)&#10;        at app//org.apache.hadoop.ipc.Server$Handler.run(Server.java:3165)&#10;&quot;IPC Server handler 89 on default port 15000&quot; daemon prio=5 tid=210 timed_waiting&#10;java.lang.Thread.State: TIMED_WAITING&#10;        at java.base@21.0.8/jdk.internal.misc.Unsafe.park(Native Method)&#10;        at java.base@21.0.8/java.util.concurrent.locks.LockSupport.parkNanos(LockSupport.java:269)&#10;        at java.base@21.0.8/java.util.concurrent.locks.AbstractQueuedSynchronizer$ConditionObject.awaitNanos(AbstractQueuedSynchronizer.java:1763)&#10;        at java.base@21.0.8/java.util.concurrent.LinkedBlockingQueue.poll(LinkedBlockingQueue.java:460)&#10;        at app//org.apache.hadoop.ipc.CallQueueManager.take(CallQueueManager.java:370)&#10;        at app//org.apache.hadoop.ipc.Server$Handler.run(Server.java:3165)&#10;&quot;IPC Server handler 42 on default port 15001&quot; daemon prio=5 tid=263 timed_waiting&#10;java.lang.Thread.State: TIMED_WAITING&#10;        at java.base@21.0.8/jdk.internal.misc.Unsafe.park(Native Method)&#10;        at java.base@21.0.8/java.util.concurrent.locks.LockSupport.parkNanos(LockSupport.java:269)&#10;        at java.base@21.0.8/java.util.concurrent.locks.AbstractQueuedSynchronizer$ConditionObject.awaitNanos(AbstractQueuedSynchronizer.java:1763)&#10;        at java.base@21.0.8/java.util.concurrent.LinkedBlockingQueue.poll(LinkedBlockingQueue.java:460)&#10;        at app//org.apache.hadoop.ipc.CallQueueManager.take(CallQueueManager.java:370)&#10;        at app//org.apache.hadoop.ipc.Server$Handler.run(Server.java:3165)&#10;&quot;IPC Server handler 8 on default port 15006&quot; daemon prio=5 tid=500 timed_waiting&#10;java.lang.Thread.State: TIMED_WAITING&#10;        at java.base@21.0.8/jdk.internal.misc.Unsafe.park(Native Method)&#10;        at java.base@21.0.8/java.util.concurrent.locks.LockSupport.parkNanos(LockSupport.java:269)&#10;        at java.base@21.0.8/java.util.concurrent.locks.AbstractQueuedSynchronizer$ConditionObject.awaitNanos(AbstractQueuedSynchronizer.java:1763)&#10;        at java.base@21.0.8/java.util.concurrent.LinkedBlockingQueue.poll(LinkedBlockingQueue.java:460)&#10;        at app//org.apache.hadoop.ipc.CallQueueManager.take(CallQueueManager.java:370)&#10;        at app//org.apache.hadoop.ipc.Server$Handler.run(Server.java:3165)&#10;&quot;Reference Handler&quot; daemon prio=10 tid=9 runnable&#10;java.lang.Thread.State: RUNNABLE&#10;        at java.base@21.0.8/java.lang.ref.Reference.waitForReferencePendingList(Native Method)&#10;        at java.base@21.0.8/java.lang.ref.Reference.processPendingReferences(Reference.java:246)&#10;        at java.base@21.0.8/java.lang.ref.Reference$ReferenceHandler.run(Reference.java:208)&#10;&quot;IPC Server Responder&quot; daemon prio=5 tid=102 runnable&#10;java.lang.Thread.State: RUNNABLE&#10;        at java.base@21.0.8/sun.nio.ch.EPoll.wait(Native Method)&#10;        at java.base@21.0.8/sun.nio.ch.EPollSelectorImpl.doSelect(EPollSelectorImpl.java:121)&#10;        at java.base@21.0.8/sun.nio.ch.SelectorImpl.lockAndDoSelect(SelectorImpl.java:130)&#10;        at java.base@21.0.8/sun.nio.ch.SelectorImpl.select(SelectorImpl.java:142)&#10;        at app//org.apache.hadoop.ipc.Server$Responder.doRunLoop(Server.java:1733)&#10;        at app//org.apache.hadoop.ipc.Server$Responder.run(Server.java:1716)&#10;&quot;83932d67-4fdc-4fe4-8fe1-3df6c3f1844a@group-844398C9211A-LeaderStateImpl&quot; daemon prio=5 tid=984 timed_waiting&#10;java.lang.Thread.State: TIMED_WAITING&#10;        at java.base@21.0.8/jdk.internal.misc.Unsafe.park(Native Method)&#10;        at java.base@21.0.8/java.util.concurrent.locks.LockSupport.parkNanos(LockSupport.java:269)&#10;        at java.base@21.0.8/java.util.concurrent.locks.AbstractQueuedSynchronizer$ConditionObject.awaitNanos(AbstractQueuedSynchronizer.java:1763)&#10;        at java.base@21.0.8/java.util.concurrent.ArrayBlockingQueue.poll(ArrayBlockingQueue.java:435)&#10;        at app//org.apache.ratis.server.impl.LeaderStateImpl$EventQueue.poll(LeaderStateImpl.java:168)&#10;        at app//org.apache.ratis.server.impl.LeaderStateImpl$EventProcessor.run(LeaderStateImpl.java:761)&#10;&quot;IPC Server handler 95 on default port 15001&quot; daemon prio=5 tid=316 timed_waiting&#10;java.lang.Thread.State: TIMED_WAITING&#10;        at java.base@21.0.8/jdk.internal.misc.Unsafe.park(Native Method)&#10;        at java.base@21.0.8/java.util.concurrent.locks.LockSupport.parkNanos(LockSupport.java:269)&#10;        at java.base@21.0.8/java.util.concurrent.locks.AbstractQueuedSynchronizer$ConditionObject.awaitNanos(AbstractQueuedSynchronizer.java:1763)&#10;        at java.base@21.0.8/java.util.concurrent.LinkedBlockingQueue.poll(LinkedBlockingQueue.java:460)&#10;        at app//org.apache.hadoop.ipc.CallQueueManager.take(CallQueueManager.java:370)&#10;        at app//org.apache.hadoop.ipc.Server$Handler.run(Server.java:3165)&#10;&quot;IPC Server idle connection scanner for port 15027&quot; daemon prio=5 tid=634 timed_waiting&#10;java.lang.Thread.State: TIMED_WAITING&#10;        at java.base@21.0.8/java.lang.Object.wait0(Native Method)&#10;        at java.base@21.0.8/java.lang.Object.wait(Object.java:366)&#10;        at java.base@21.0.8/java.util.TimerThread.mainLoop(Timer.java:563)&#10;        at java.base@21.0.8/java.util.TimerThread.run(Timer.java:516)&#10;&quot;IPC Server handler 93 on default port 15000&quot; daemon prio=5 tid=214 timed_waiting&#10;java.lang.Thread.State: TIMED_WAITING&#10;        at java.base@21.0.8/jdk.internal.misc.Unsafe.park(Native Method)&#10;        at java.base@21.0.8/java.util.concurrent.locks.LockSupport.parkNanos(LockSupport.java:269)&#10;        at java.base@21.0.8/java.util.concurrent.locks.AbstractQueuedSynchronizer$ConditionObject.awaitNanos(AbstractQueuedSynchronizer.java:1763)&#10;        at java.base@21.0.8/java.util.concurrent.LinkedBlockingQueue.poll(LinkedBlockingQueue.java:460)&#10;        at app//org.apache.hadoop.ipc.CallQueueManager.take(CallQueueManager.java:370)&#10;        at app//org.apache.hadoop.ipc.Server$Handler.run(Server.java:3165)&#10;&quot;IPC Server handler 63 on default port 15001&quot; daemon prio=5 tid=284 timed_waiting&#10;java.lang.Thread.State: TIMED_WAITING&#10;        at java.base@21.0.8/jdk.internal.misc.Unsafe.park(Native Method)&#10;        at java.base@21.0.8/java.util.concurrent.locks.LockSupport.parkNanos(LockSupport.java:269)&#10;        at java.base@21.0.8/java.util.concurrent.locks.AbstractQueuedSynchronizer$ConditionObject.awaitNanos(AbstractQueuedSynchronizer.java:1763)&#10;        at java.base@21.0.8/java.util.concurrent.LinkedBlockingQueue.poll(LinkedBlockingQueue.java:460)&#10;        at app//org.apache.hadoop.ipc.CallQueueManager.take(CallQueueManager.java:370)&#10;        at app//org.apache.hadoop.ipc.Server$Handler.run(Server.java:3165)&#10;&quot;IPC Server handler 79 on default port 15001&quot; daemon prio=5 tid=300 timed_waiting&#10;java.lang.Thread.State: TIMED_WAITING&#10;        at java.base@21.0.8/jdk.internal.misc.Unsafe.park(Native Method)&#10;        at java.base@21.0.8/java.util.concurrent.locks.LockSupport.parkNanos(LockSupport.java:269)&#10;        at java.base@21.0.8/java.util.concurrent.locks.AbstractQueuedSynchronizer$ConditionObject.awaitNanos(AbstractQueuedSynchronizer.java:1763)&#10;        at java.base@21.0.8/java.util.concurrent.LinkedBlockingQueue.poll(LinkedBlockingQueue.java:460)&#10;        at app//org.apache.hadoop.ipc.CallQueueManager.take(CallQueueManager.java:370)&#10;        at app//org.apache.hadoop.ipc.Server$Handler.run(Server.java:3165)&#10;&quot;IPC Server Responder&quot; daemon prio=5 tid=88 runnable&#10;java.lang.Thread.State: RUNNABLE&#10;        at java.base@21.0.8/sun.nio.ch.EPoll.wait(Native Method)&#10;        at java.base@21.0.8/sun.nio.ch.EPollSelectorImpl.doSelect(EPollSelectorImpl.java:121)&#10;        at java.base@21.0.8/sun.nio.ch.SelectorImpl.lockAndDoSelect(SelectorImpl.java:130)&#10;        at java.base@21.0.8/sun.nio.ch.SelectorImpl.select(SelectorImpl.java:142)&#10;        at app//org.apache.hadoop.ipc.Server$Responder.doRunLoop(Server.java:1733)&#10;        at app//org.apache.hadoop.ipc.Server$Responder.run(Server.java:1716)&#10;&quot;IPC Server handler 91 on default port 15001&quot; daemon prio=5 tid=312 timed_waiting&#10;java.lang.Thread.State: TIMED_WAITING&#10;        at java.base@21.0.8/jdk.internal.misc.Unsafe.park(Native Method)&#10;        at java.base@21.0.8/java.util.concurrent.locks.LockSupport.parkNanos(LockSupport.java:269)&#10;        at java.base@21.0.8/java.util.concurrent.locks.AbstractQueuedSynchronizer$ConditionObject.awaitNanos(AbstractQueuedSynchronizer.java:1763)&#10;        at java.base@21.0.8/java.util.concurrent.LinkedBlockingQueue.poll(LinkedBlockingQueue.java:460)&#10;        at app//org.apache.hadoop.ipc.CallQueueManager.take(CallQueueManager.java:370)&#10;        at app//org.apache.hadoop.ipc.Server$Handler.run(Server.java:3165)&#10;&quot;IPC Server handler 44 on default port 15002&quot; daemon prio=5 tid=383 timed_waiting&#10;java.lang.Thread.State: TIMED_WAITING&#10;        at java.base@21.0.8/jdk.internal.misc.Unsafe.park(Native Method)&#10;        at java.base@21.0.8/java.util.concurrent.locks.LockSupport.parkNanos(LockSupport.java:269)&#10;        at java.base@21.0.8/java.util.concurrent.locks.AbstractQueuedSynchronizer$ConditionObject.awaitNanos(AbstractQueuedSynchronizer.java:1763)&#10;        at java.base@21.0.8/java.util.concurrent.LinkedBlockingQueue.poll(LinkedBlockingQueue.java:460)&#10;        at app//org.apache.hadoop.ipc.CallQueueManager.take(CallQueueManager.java:370)&#10;        at app//org.apache.hadoop.ipc.Server$Handler.run(Server.java:3165)&#10;&quot;d3e19d45-0b2b-4921-9b28-39a5e9747ac8-DatanodeStateMachineDaemonThread&quot; daemon prio=10 tid=790 timed_waiting&#10;java.lang.Thread.State: TIMED_WAITING&#10;        at java.base@21.0.8/java.lang.Thread.sleep0(Native Method)&#10;        at java.base@21.0.8/java.lang.Thread.sleep(Thread.java:509)&#10;        at app//org.apache.hadoop.ozone.container.common.statemachine.DatanodeStateMachine.startStateMachineThread(DatanodeStateMachine.java:384)&#10;        at app//org.apache.hadoop.ozone.container.common.statemachine.DatanodeStateMachine.lambda$startDaemon$1(DatanodeStateMachine.java:571)&#10;        at app//org.apache.hadoop.ozone.container.common.statemachine.DatanodeStateMachine$$Lambda/0x00007fd1ac883180.run(Unknown Source)&#10;        at java.base@21.0.8/java.lang.Thread.runWith(Thread.java:1596)&#10;        at java.base@21.0.8/java.lang.Thread.run(Thread.java:1583)&#10;&quot;IPC Server handler 20 on default port 15001&quot; daemon prio=5 tid=241 timed_waiting&#10;java.lang.Thread.State: TIMED_WAITING&#10;        at java.base@21.0.8/jdk.internal.misc.Unsafe.park(Native Method)&#10;        at java.base@21.0.8/java.util.concurrent.locks.LockSupport.parkNanos(LockSupport.java:269)&#10;        at java.base@21.0.8/java.util.concurrent.locks.AbstractQueuedSynchronizer$ConditionObject.awaitNanos(AbstractQueuedSynchronizer.java:1763)&#10;        at java.base@21.0.8/java.util.concurrent.LinkedBlockingQueue.poll(LinkedBlockingQueue.java:460)&#10;        at app//org.apache.hadoop.ipc.CallQueueManager.take(CallQueueManager.java:370)&#10;        at app//org.apache.hadoop.ipc.Server$Handler.run(Server.java:3165)&#10;&quot;IPC Server handler 7 on default port 15002&quot; daemon prio=5 tid=346 timed_waiting&#10;java.lang.Thread.State: TIMED_WAITING&#10;        at java.base@21.0.8/jdk.internal.misc.Unsafe.park(Native Method)&#10;        at java.base@21.0.8/java.util.concurrent.locks.LockSupport.parkNanos(LockSupport.java:269)&#10;        at java.base@21.0.8/java.util.concurrent.locks.AbstractQueuedSynchronizer$ConditionObject.awaitNanos(AbstractQueuedSynchronizer.java:1763)&#10;        at java.base@21.0.8/java.util.concurrent.LinkedBlockingQueue.poll(LinkedBlockingQueue.java:460)&#10;        at app//org.apache.hadoop.ipc.CallQueueManager.take(CallQueueManager.java:370)&#10;        at app//org.apache.hadoop.ipc.Server$Handler.run(Server.java:3165)&#10;&quot;IPC Server handler 22 on default port 15000&quot; daemon prio=5 tid=143 timed_waiting&#10;java.lang.Thread.State: TIMED_WAITING&#10;        at java.base@21.0.8/jdk.internal.misc.Unsafe.park(Native Method)&#10;        at java.base@21.0.8/java.util.concurrent.locks.LockSupport.parkNanos(LockSupport.java:269)&#10;        at java.base@21.0.8/java.util.concurrent.locks.AbstractQueuedSynchronizer$ConditionObject.awaitNanos(AbstractQueuedSynchronizer.java:1763)&#10;        at java.base@21.0.8/java.util.concurrent.LinkedBlockingQueue.poll(LinkedBlockingQueue.java:460)&#10;        at app//org.apache.hadoop.ipc.CallQueueManager.take(CallQueueManager.java:370)&#10;        at app//org.apache.hadoop.ipc.Server$Handler.run(Server.java:3165)&#10;&quot;IPC Server handler 9 on default port 15035&quot; daemon prio=5 tid=714 timed_waiting&#10;java.lang.Thread.State: TIMED_WAITING&#10;        at java.base@21.0.8/jdk.internal.misc.Unsafe.park(Native Method)&#10;        at java.base@21.0.8/java.util.concurrent.locks.LockSupport.parkNanos(LockSupport.java:269)&#10;        at java.base@21.0.8/java.util.concurrent.locks.AbstractQueuedSynchronizer$ConditionObject.awaitNanos(AbstractQueuedSynchronizer.java:1763)&#10;        at java.base@21.0.8/java.util.concurrent.LinkedBlockingQueue.poll(LinkedBlockingQueue.java:460)&#10;        at app//org.apache.hadoop.ipc.CallQueueManager.take(CallQueueManager.java:370)&#10;        at app//org.apache.hadoop.ipc.Server$Handler.run(Server.java:3165)&#10;&quot;FixedThreadPoolWithAffinityExecutor-3-0&quot; daemon prio=5 tid=107 timed_waiting&#10;java.lang.Thread.State: TIMED_WAITING&#10;        at java.base@21.0.8/jdk.internal.misc.Unsafe.park(Native Method)&#10;        at java.base@21.0.8/java.util.concurrent.locks.LockSupport.parkNanos(LockSupport.java:269)&#10;        at java.base@21.0.8/java.util.concurrent.locks.AbstractQueuedSynchronizer$ConditionObject.awaitNanos(AbstractQueuedSynchronizer.java:1763)&#10;        at java.base@21.0.8/java.util.concurrent.LinkedBlockingQueue.poll(LinkedBlockingQueue.java:460)&#10;        at app//org.apache.hadoop.hdds.scm.server.ContainerReportQueue.poll(ContainerReportQueue.java:269)&#10;        at app//org.apache.hadoop.hdds.scm.server.ContainerReportQueue.poll(ContainerReportQueue.java:42)&#10;        at app//org.apache.hadoop.hdds.server.events.FixedThreadPoolWithAffinityExecutor$ContainerReportProcessTask.run(FixedThreadPoolWithAffinityExecutor.java:228)&#10;        at java.base@21.0.8/java.util.concurrent.Executors$RunnableAdapter.call(Executors.java:572)&#10;        at java.base@21.0.8/java.util.concurrent.FutureTask.run(FutureTask.java:317)&#10;        at java.base@21.0.8/java.util.concurrent.ThreadPoolExecutor.runWorker(ThreadPoolExecutor.java:1144)&#10;        at java.base@21.0.8/java.util.concurrent.ThreadPoolExecutor$Worker.run(ThreadPoolExecutor.java:642)&#10;        at java.base@21.0.8/java.lang.Thread.runWith(Thread.java:1596)&#10;        at java.base@21.0.8/java.lang.Thread.run(Thread.java:1583)&#10;&quot;IPC Server handler 88 on default port 15000&quot; daemon prio=5 tid=209 timed_waiting&#10;java.lang.Thread.State: TIMED_WAITING&#10;        at java.base@21.0.8/jdk.internal.misc.Unsafe.park(Native Method)&#10;        at java.base@21.0.8/java.util.concurrent.locks.LockSupport.parkNanos(LockSupport.java:269)&#10;        at java.base@21.0.8/java.util.concurrent.locks.AbstractQueuedSynchronizer$ConditionObject.awaitNanos(AbstractQueuedSynchronizer.java:1763)&#10;        at java.base@21.0.8/java.util.concurrent.LinkedBlockingQueue.poll(LinkedBlockingQueue.java:460)&#10;        at app//org.apache.hadoop.ipc.CallQueueManager.take(CallQueueManager.java:370)&#10;        at app//org.apache.hadoop.ipc.Server$Handler.run(Server.java:3165)&#10;&quot;IPC Server handler 80 on default port 15002&quot; daemon prio=5 tid=419 timed_waiting&#10;java.lang.Thread.State: TIMED_WAITING&#10;        at java.base@21.0.8/jdk.internal.misc.Unsafe.park(Native Method)&#10;        at java.base@21.0.8/java.util.concurrent.locks.LockSupport.parkNanos(LockSupport.java:269)&#10;        at java.base@21.0.8/java.util.concurrent.locks.AbstractQueuedSynchronizer$ConditionObject.awaitNanos(AbstractQueuedSynchronizer.java:1763)&#10;        at java.base@21.0.8/java.util.concurrent.LinkedBlockingQueue.poll(LinkedBlockingQueue.java:460)&#10;        at app//org.apache.hadoop.ipc.CallQueueManager.take(CallQueueManager.java:370)&#10;        at app//org.apache.hadoop.ipc.Server$Handler.run(Server.java:3165)&#10;&quot;IPC Server handler 5 on default port 15002&quot; daemon prio=5 tid=344 timed_waiting&#10;java.lang.Thread.State: TIMED_WAITING&#10;        at java.base@21.0.8/jdk.internal.misc.Unsafe.park(Native Method)&#10;        at java.base@21.0.8/java.util.concurrent.locks.LockSupport.parkNanos(LockSupport.java:269)&#10;        at java.base@21.0.8/java.util.concurrent.locks.AbstractQueuedSynchronizer$ConditionObject.awaitNanos(AbstractQueuedSynchronizer.java:1763)&#10;        at java.base@21.0.8/java.util.concurrent.LinkedBlockingQueue.poll(LinkedBlockingQueue.java:460)&#10;        at app//org.apache.hadoop.ipc.CallQueueManager.take(CallQueueManager.java:370)&#10;        at app//org.apache.hadoop.ipc.Server$Handler.run(Server.java:3165)&#10;&quot;d3e19d45-0b2b-4921-9b28-39a5e9747ac8-DataNodeDiskCheckerThread-0&quot; daemon prio=5 tid=836 timed_waiting&#10;java.lang.Thread.State: TIMED_WAITING&#10;        at java.base@21.0.8/jdk.internal.misc.Unsafe.park(Native Method)&#10;        at java.base@21.0.8/java.util.concurrent.locks.LockSupport.parkNanos(LockSupport.java:410)&#10;        at java.base@21.0.8/java.util.concurrent.LinkedTransferQueue$DualNode.await(LinkedTransferQueue.java:452)&#10;        at java.base@21.0.8/java.util.concurrent.SynchronousQueue$Transferer.xferLifo(SynchronousQueue.java:194)&#10;        at java.base@21.0.8/java.util.concurrent.SynchronousQueue.xfer(SynchronousQueue.java:235)&#10;        at java.base@21.0.8/java.util.concurrent.SynchronousQueue.poll(SynchronousQueue.java:338)&#10;        at java.base@21.0.8/java.util.concurrent.ThreadPoolExecutor.getTask(ThreadPoolExecutor.java:1069)&#10;        at java.base@21.0.8/java.util.concurrent.ThreadPoolExecutor.runWorker(ThreadPoolExecutor.java:1130)&#10;        at java.base@21.0.8/java.util.concurrent.ThreadPoolExecutor$Worker.run(ThreadPoolExecutor.java:642)&#10;        at java.base@21.0.8/java.lang.Thread.runWith(Thread.java:1596)&#10;        at java.base@21.0.8/java.lang.Thread.run(Thread.java:1583)&#10;&quot;IPC Server handler 8 on default port 15002&quot; daemon prio=5 tid=347 timed_waiting&#10;java.lang.Thread.State: TIMED_WAITING&#10;        at java.base@21.0.8/jdk.internal.misc.Unsafe.park(Native Method)&#10;        at java.base@21.0.8/java.util.concurrent.locks.LockSupport.parkNanos(LockSupport.java:269)&#10;        at java.base@21.0.8/java.util.concurrent.locks.AbstractQueuedSynchronizer$ConditionObject.awaitNanos(AbstractQueuedSynchronizer.java:1763)&#10;        at java.base@21.0.8/java.util.concurrent.LinkedBlockingQueue.poll(LinkedBlockingQueue.java:460)&#10;        at app//org.apache.hadoop.ipc.CallQueueManager.take(CallQueueManager.java:370)&#10;        at app//org.apache.hadoop.ipc.Server$Handler.run(Server.java:3165)&#10;&quot;ForkJoinPool-1-worker-1&quot; daemon prio=5 tid=33 runnable&#10;java.lang.Thread.State: RUNNABLE&#10;        at java.base@21.0.8/java.lang.Thread.dumpThreads(Native Method)&#10;        at java.base@21.0.8/java.lang.Thread.getAllStackTraces(Thread.java:2522)&#10;        at app//org.apache.ozone.test.TimedOutTestsListener.buildThreadDump(TimedOutTestsListener.java:81)&#10;        at app//org.apache.ozone.test.TimedOutTestsListener.buildThreadDiagnosticString(TimedOutTestsListener.java:67)&#10;        at app//org.apache.ozone.test.GenericTestUtils.waitFor(GenericTestUtils.java:116)&#10;        at app//org.apache.hadoop.hdds.scm.node.TestQueryNode.testStaleNodesCount(TestQueryNode.java:86)&#10;        at java.base@21.0.8/java.lang.invoke.LambdaForm$DMH/0x00007fd1ac15c400.invokeVirtual(LambdaForm$DMH)&#10;        at java.base@21.0.8/java.lang.invoke.LambdaForm$MH/0x00007fd1ac178800.invoke(LambdaForm$MH)&#10;        at java.base@21.0.8/java.lang.invoke.Invokers$Holder.invokeExact_MT(Invokers$Holder)&#10;        at java.base@21.0.8/jdk.internal.reflect.DirectMethodHandleAccessor.invokeImpl(DirectMethodHandleAccessor.java:153)&#10;        at java.base@21.0.8/jdk.internal.reflect.DirectMethodHandleAccessor.invoke(DirectMethodHandleAccessor.java:103)&#10;        at java.base@21.0.8/java.lang.reflect.Method.invoke(Method.java:580)&#10;        at app//org.junit.platform.commons.util.ReflectionUtils.invokeMethod(ReflectionUtils.java:787)&#10;        at app//org.junit.platform.commons.support.ReflectionSupport.invokeMethod(ReflectionSupport.java:478)&#10;        at app//org.junit.jupiter.engine.execution.MethodInvocation.proceed(MethodInvocation.java:60)&#10;        at app//org.junit.jupiter.engine.execution.InvocationInterceptorChain$ValidatingInvocation.proceed(InvocationInterceptorChain.java:131)&#10;        at app//org.junit.jupiter.engine.extension.SameThreadTimeoutInvocation.proceed(SameThreadTimeoutInvocation.java:49)&#10;        at app//org.junit.jupiter.engine.extension.TimeoutExtension.intercept(TimeoutExtension.java:161)&#10;        at app//org.junit.jupiter.engine.extension.TimeoutExtension.interceptTestableMethod(TimeoutExtension.java:152)&#10;        at app//org.junit.jupiter.engine.extension.TimeoutExtension.interceptTestMethod(TimeoutExtension.java:91)&#10;        at app//org.junit.jupiter.engine.descriptor.TestMethodTestDescriptor$$Lambda/0x00007fd1ac116f20.apply(Unknown Source)&#10;        at app//org.junit.jupiter.engine.execution.InterceptingExecutableInvoker$ReflectiveInterceptorCall.lambda$ofVoidMethod$0(InterceptingExecutableInvoker.java:112)&#10;        at app//org.junit.jupiter.engine.execution.InterceptingExecutableInvoker$ReflectiveInterceptorCall$$Lambda/0x00007fd1ac117340.apply(Unknown Source)&#10;        at app//org.junit.jupiter.engine.execution.InterceptingExecutableInvoker.lambda$invoke$0(InterceptingExecutableInvoker.java:94)&#10;        at app//org.junit.jupiter.engine.execution.InterceptingExecutableInvoker$$Lambda/0x00007fd1ac17e188.apply(Unknown Source)&#10;        at app//org.junit.jupiter.engine.execution.InvocationInterceptorChain$InterceptedInvocation.proceed(InvocationInterceptorChain.java:106)&#10;        at app//org.junit.jupiter.engine.execution.InvocationInterceptorChain.proceed(InvocationInterceptorChain.java:64)&#10;        at app//org.junit.jupiter.engine.execution.InvocationInterceptorChain.chainAndInvoke(InvocationInterceptorChain.java:45)&#10;        at app//org.junit.jupiter.engine.execution.InvocationInterceptorChain.invoke(InvocationInterceptorChain.java:37)&#10;        at app//org.junit.jupiter.engine.execution.InterceptingExecutableInvoker.invoke(InterceptingExecutableInvoker.java:93)&#10;        at app//org.junit.jupiter.engine.execution.InterceptingExecutableInvoker.invoke(InterceptingExecutableInvoker.java:87)&#10;        at app//org.junit.jupiter.engine.descriptor.TestMethodTestDescriptor.lambda$invokeTestMethod$4(TestMethodTestDescriptor.java:221)&#10;        at app//org.junit.jupiter.engine.descriptor.TestMethodTestDescriptor$$Lambda/0x00007fd1ac9da198.execute(Unknown Source)&#10;        at app//org.junit.platform.engine.support.hierarchical.ThrowableCollector.execute(ThrowableCollector.java:73)&#10;        at app//org.junit.jupiter.engine.descriptor.TestMethodTestDescriptor.invokeTestMethod(TestMethodTestDescriptor.java:217)&#10;        at app//org.junit.jupiter.engine.descriptor.TestMethodTestDescriptor.execute(TestMethodTestDescriptor.java:159)&#10;        at app//org.junit.jupiter.engine.descriptor.TestMethodTestDescriptor.execute(TestMethodTestDescriptor.java:70)&#10;        at app//org.junit.platform.engine.support.hierarchical.NodeTestTask.lambda$executeRecursively$6(NodeTestTask.java:157)&#10;        at app//org.junit.platform.engine.support.hierarchical.NodeTestTask$$Lambda/0x00007fd1ac165358.execute(Unknown Source)&#10;        at app//org.junit.platform.engine.support.hierarchical.ThrowableCollector.execute(ThrowableCollector.java:73)&#10;        at app//org.junit.platform.engine.support.hierarchical.NodeTestTask.lambda$executeRecursively$8(NodeTestTask.java:147)&#10;        at app//org.junit.platform.engine.support.hierarchical.NodeTestTask$$Lambda/0x00007fd1ac165130.invoke(Unknown Source)&#10;        at app//org.junit.platform.engine.support.hierarchical.Node.around(Node.java:137)&#10;        at app//org.junit.platform.engine.support.hierarchical.NodeTestTask.lambda$executeRecursively$9(NodeTestTask.java:145)&#10;        at app//org.junit.platform.engine.support.hierarchical.NodeTestTask$$Lambda/0x00007fd1ac164d08.execute(Unknown Source)&#10;        at app//org.junit.platform.engine.support.hierarchical.ThrowableCollector.execute(ThrowableCollector.java:73)&#10;        at app//org.junit.platform.engine.support.hierarchical.NodeTestTask.executeRecursively(NodeTestTask.java:144)&#10;        at app//org.junit.platform.engine.support.hierarchical.NodeTestTask.execute(NodeTestTask.java:101)&#10;        at app//org.junit.platform.engine.support.hierarchical.ForkJoinPoolHierarchicalTestExecutorService$ExclusiveTask.exec(ForkJoinPoolHierarchicalTestExecutorService.java:274)&#10;        at app//org.junit.platform.engine.support.hierarchical.ForkJoinPoolHierarchicalTestExecutorService$ExclusiveTask.execSync(ForkJoinPoolHierarchicalTestExecutorService.java:247)&#10;        at app//org.junit.platform.engine.support.hierarchical.ForkJoinPoolHierarchicalTestExecutorService.invokeAll(ForkJoinPoolHierarchicalTestExecutorService.java:159)&#10;        at app//org.junit.platform.engine.support.hierarchical.NodeTestTask.lambda$executeRecursively$6(NodeTestTask.java:161)&#10;        at app//org.junit.platform.engine.support.hierarchical.NodeTestTask$$Lambda/0x00007fd1ac165358.execute(Unknown Source)&#10;        at app//org.junit.platform.engine.support.hierarchical.ThrowableCollector.execute(ThrowableCollector.java:73)&#10;        at app//org.junit.platform.engine.support.hierarchical.NodeTestTask.lambda$executeRecursively$8(NodeTestTask.java:147)&#10;        at app//org.junit.platform.engine.support.hierarchical.NodeTestTask$$Lambda/0x00007fd1ac165130.invoke(Unknown Source)&#10;        at app//org.junit.platform.engine.support.hierarchical.Node.around(Node.java:137)&#10;        at app//org.junit.platform.engine.support.hierarchical.NodeTestTask.lambda$executeRecursively$9(NodeTestTask.java:145)&#10;        at app//org.junit.platform.engine.support.hierarchical.NodeTestTask$$Lambda/0x00007fd1ac164d08.execute(Unknown Source)&#10;        at app//org.junit.platform.engine.support.hierarchical.ThrowableCollector.execute(ThrowableCollector.java:73)&#10;        at app//org.junit.platform.engine.support.hierarchical.NodeTestTask.executeRecursively(NodeTestTask.java:144)&#10;        at app//org.junit.platform.engine.support.hierarchical.NodeTestTask.execute(NodeTestTask.java:101)&#10;        at app//org.junit.platform.engine.support.hierarchical.ForkJoinPoolHierarchicalTestExecutorService$ExclusiveTask.exec(ForkJoinPoolHierarchicalTestExecutorService.java:274)&#10;        at app//org.junit.platform.engine.support.hierarchical.ForkJoinPoolHierarchicalTestExecutorService$ExclusiveTask.execSync(ForkJoinPoolHierarchicalTestExecutorService.java:247)&#10;        at app//org.junit.platform.engine.support.hierarchical.ForkJoinPoolHierarchicalTestExecutorService.invokeAll(ForkJoinPoolHierarchicalTestExecutorService.java:159)&#10;        at app//org.junit.platform.engine.support.hierarchical.NodeTestTask.lambda$executeRecursively$6(NodeTestTask.java:161)&#10;        at app//org.junit.platform.engine.support.hierarchical.NodeTestTask$$Lambda/0x00007fd1ac165358.execute(Unknown Source)&#10;        at app//org.junit.platform.engine.support.hierarchical.ThrowableCollector.execute(ThrowableCollector.java:73)&#10;        at app//org.junit.platform.engine.support.hierarchical.NodeTestTask.lambda$executeRecursively$8(NodeTestTask.java:147)&#10;        at app//org.junit.platform.engine.support.hierarchical.NodeTestTask$$Lambda/0x00007fd1ac165130.invoke(Unknown Source)&#10;        at app//org.junit.platform.engine.support.hierarchical.Node.around(Node.java:137)&#10;        at app//org.junit.platform.engine.support.hierarchical.NodeTestTask.lambda$executeRecursively$9(NodeTestTask.java:145)&#10;        at app//org.junit.platform.engine.support.hierarchical.NodeTestTask$$Lambda/0x00007fd1ac164d08.execute(Unknown Source)&#10;        at app//org.junit.platform.engine.support.hierarchical.ThrowableCollector.execute(ThrowableCollector.java:73)&#10;        at app//org.junit.platform.engine.support.hierarchical.NodeTestTask.executeRecursively(NodeTestTask.java:144)&#10;        at app//org.junit.platform.engine.support.hierarchical.NodeTestTask.execute(NodeTestTask.java:101)&#10;        at app//org.junit.platform.engine.support.hierarchical.ForkJoinPoolHierarchicalTestExecutorService$ExclusiveTask.exec(ForkJoinPoolHierarchicalTestExecutorService.java:274)&#10;        at java.base@21.0.8/java.util.concurrent.ForkJoinTask.doExec(ForkJoinTask.java:387)&#10;        at java.base@21.0.8/java.util.concurrent.ForkJoinPool$WorkQueue.topLevelExec(ForkJoinPool.java:1312)&#10;        at java.base@21.0.8/java.util.concurrent.ForkJoinPool.scan(ForkJoinPool.java:1843)&#10;        at java.base@21.0.8/java.util.concurrent.ForkJoinPool.runWorker(ForkJoinPool.java:1808)&#10;        at java.base@21.0.8/java.util.concurrent.ForkJoinWorkerThread.run(ForkJoinWorkerThread.java:188)&#10;&quot;d3e19d45-0b2b-4921-9b28-39a5e9747ac8-ChunkWriter-3-0&quot; daemon prio=5 tid=843 in Object.wait()&#10;java.lang.Thread.State: WAITING (on object monitor)&#10;        at java.base@21.0.8/jdk.internal.misc.Unsafe.park(Native Method)&#10;        at java.base@21.0.8/java.util.concurrent.locks.LockSupport.park(LockSupport.java:371)&#10;        at java.base@21.0.8/java.util.concurrent.locks.AbstractQueuedSynchronizer$ConditionNode.block(AbstractQueuedSynchronizer.java:519)&#10;        at java.base@21.0.8/java.util.concurrent.ForkJoinPool.unmanagedBlock(ForkJoinPool.java:3780)&#10;        at java.base@21.0.8/java.util.concurrent.ForkJoinPool.managedBlock(ForkJoinPool.java:3725)&#10;        at java.base@21.0.8/java.util.concurrent.locks.AbstractQueuedSynchronizer$ConditionObject.await(AbstractQueuedSynchronizer.java:1712)&#10;        at java.base@21.0.8/java.util.concurrent.LinkedBlockingDeque.takeFirst(LinkedBlockingDeque.java:485)&#10;        at java.base@21.0.8/java.util.concurrent.LinkedBlockingDeque.take(LinkedBlockingDeque.java:673)&#10;        at java.base@21.0.8/java.util.concurrent.ThreadPoolExecutor.getTask(ThreadPoolExecutor.java:1070)&#10;        at java.base@21.0.8/java.util.concurrent.ThreadPoolExecutor.runWorker(ThreadPoolExecutor.java:1130)&#10;        at java.base@21.0.8/java.util.concurrent.ThreadPoolExecutor$Worker.run(ThreadPoolExecutor.java:642)&#10;        at java.base@21.0.8/java.lang.Thread.runWith(Thread.java:1596)&#10;        at java.base@21.0.8/java.lang.Thread.run(Thread.java:1583)&#10;&quot;IPC Server handler 0 on default port 15027&quot; daemon prio=5 tid=637 timed_waiting&#10;java.lang.Thread.State: TIMED_WAITING&#10;        at java.base@21.0.8/jdk.internal.misc.Unsafe.park(Native Method)&#10;        at java.base@21.0.8/java.util.concurrent.locks.LockSupport.parkNanos(LockSupport.java:269)&#10;        at java.base@21.0.8/java.util.concurrent.locks.AbstractQueuedSynchronizer$ConditionObject.awaitNanos(AbstractQueuedSynchronizer.java:1763)&#10;        at java.base@21.0.8/java.util.concurrent.LinkedBlockingQueue.poll(LinkedBlockingQueue.java:460)&#10;        at app//org.apache.hadoop.ipc.CallQueueManager.take(CallQueueManager.java:370)&#10;        at app//org.apache.hadoop.ipc.Server$Handler.run(Server.java:3165)&#10;&quot;IPC Server handler 23 on default port 15001&quot; daemon prio=5 tid=244 timed_waiting&#10;java.lang.Thread.State: TIMED_WAITING&#10;        at java.base@21.0.8/jdk.internal.misc.Unsafe.park(Native Method)&#10;        at java.base@21.0.8/java.util.concurrent.locks.LockSupport.parkNanos(LockSupport.java:269)&#10;        at java.base@21.0.8/java.util.concurrent.locks.AbstractQueuedSynchronizer$ConditionObject.awaitNanos(AbstractQueuedSynchronizer.java:1763)&#10;        at java.base@21.0.8/java.util.concurrent.LinkedBlockingQueue.poll(LinkedBlockingQueue.java:460)&#10;        at app//org.apache.hadoop.ipc.CallQueueManager.take(CallQueueManager.java:370)&#10;        at app//org.apache.hadoop.ipc.Server$Handler.run(Server.java:3165)&#10;&quot;om1@group-C5BA1605619E-LeaderStateImpl&quot; daemon prio=5 tid=622 timed_waiting&#10;java.lang.Thread.State: TIMED_WAITING&#10;        at java.base@21.0.8/jdk.internal.misc.Unsafe.park(Native Method)&#10;        at java.base@21.0.8/java.util.concurrent.locks.LockSupport.parkNanos(LockSupport.java:269)&#10;        at java.base@21.0.8/java.util.concurrent.locks.AbstractQueuedSynchronizer$ConditionObject.awaitNanos(AbstractQueuedSynchronizer.java:1763)&#10;        at java.base@21.0.8/java.util.concurrent.ArrayBlockingQueue.poll(ArrayBlockingQueue.java:435)&#10;        at app//org.apache.ratis.server.impl.LeaderStateImpl$EventQueue.poll(LeaderStateImpl.java:168)&#10;        at app//org.apache.ratis.server.impl.LeaderStateImpl$EventProcessor.run(LeaderStateImpl.java:761)&#10;&quot;IPC Server Responder&quot; daemon prio=5 tid=635 runnable&#10;java.lang.Thread.State: RUNNABLE&#10;        at java.base@21.0.8/sun.nio.ch.EPoll.wait(Native Method)&#10;        at java.base@21.0.8/sun.nio.ch.EPollSelectorImpl.doSelect(EPollSelectorImpl.java:121)&#10;        at java.base@21.0.8/sun.nio.ch.SelectorImpl.lockAndDoSelect(SelectorImpl.java:130)&#10;        at java.base@21.0.8/sun.nio.ch.SelectorImpl.select(SelectorImpl.java:142)&#10;        at app//org.apache.hadoop.ipc.Server$Responder.doRunLoop(Server.java:1733)&#10;        at app//org.apache.hadoop.ipc.Server$Responder.run(Server.java:1716)&#10;&quot;IPC Server handler 6 on default port 15000&quot; daemon prio=5 tid=127 timed_waiting&#10;java.lang.Thread.State: TIMED_WAITING&#10;        at java.base@21.0.8/jdk.internal.misc.Unsafe.park(Native Method)&#10;        at java.base@21.0.8/java.util.concurrent.locks.LockSupport.parkNanos(LockSupport.java:269)&#10;        at java.base@21.0.8/java.util.concurrent.locks.AbstractQueuedSynchronizer$ConditionObject.awaitNanos(AbstractQueuedSynchronizer.java:1763)&#10;        at java.base@21.0.8/java.util.concurrent.LinkedBlockingQueue.poll(LinkedBlockingQueue.java:460)&#10;        at app//org.apache.hadoop.ipc.CallQueueManager.take(CallQueueManager.java:370)&#10;        at app//org.apache.hadoop.ipc.Server$Handler.run(Server.java:3165)&#10;&quot;d3e19d45-0b2b-4921-9b28-39a5e9747ac8-PeriodicHDDSVolumeChecker&quot; daemon prio=5 tid=835 timed_waiting&#10;java.lang.Thread.State: TIMED_WAITING&#10;        at java.base@21.0.8/jdk.internal.misc.Unsafe.park(Native Method)&#10;        at java.base@21.0.8/java.util.concurrent.locks.LockSupport.parkNanos(LockSupport.java:269)&#10;        at java.base@21.0.8/java.util.concurrent.locks.AbstractQueuedSynchronizer$ConditionObject.awaitNanos(AbstractQueuedSynchronizer.java:1763)&#10;        at java.base@21.0.8/java.util.concurrent.ScheduledThreadPoolExecutor$DelayedWorkQueue.take(ScheduledThreadPoolExecutor.java:1182)&#10;        at java.base@21.0.8/java.util.concurrent.ScheduledThreadPoolExecutor$DelayedWorkQueue.take(ScheduledThreadPoolExecutor.java:899)&#10;        at java.base@21.0.8/java.util.concurrent.ThreadPoolExecutor.getTask(ThreadPoolExecutor.java:1070)&#10;        at java.base@21.0.8/java.util.concurrent.ThreadPoolExecutor.runWorker(ThreadPoolExecutor.java:1130)&#10;        at java.base@21.0.8/java.util.concurrent.ThreadPoolExecutor$Worker.run(ThreadPoolExecutor.java:642)&#10;        at java.base@21.0.8/java.lang.Thread.runWith(Thread.java:1596)&#10;        at java.base@21.0.8/java.lang.Thread.run(Thread.java:1583)&#10;&quot;IPC Server handler 55 on default port 15002&quot; daemon prio=5 tid=394 timed_waiting&#10;java.lang.Thread.State: TIMED_WAITING&#10;        at java.base@21.0.8/jdk.internal.misc.Unsafe.park(Native Method)&#10;        at java.base@21.0.8/java.util.concurrent.locks.LockSupport.parkNanos(LockSupport.java:269)&#10;        at java.base@21.0.8/java.util.concurrent.locks.AbstractQueuedSynchronizer$ConditionObject.awaitNanos(AbstractQueuedSynchronizer.java:1763)&#10;        at java.base@21.0.8/java.util.concurrent.LinkedBlockingQueue.poll(LinkedBlockingQueue.java:460)&#10;        at app//org.apache.hadoop.ipc.CallQueueManager.take(CallQueueManager.java:370)&#10;        at app//org.apache.hadoop.ipc.Server$Handler.run(Server.java:3165)&#10;&quot;18da7ee6-49f7-45ee-8090-861a49f32d36-BlockDeletingService#0&quot; daemon prio=5 tid=806 timed_waiting&#10;java.lang.Thread.State: TIMED_WAITING&#10;        at java.base@21.0.8/jdk.internal.misc.Unsafe.park(Native Method)&#10;        at java.base@21.0.8/java.util.concurrent.locks.LockSupport.parkNanos(LockSupport.java:269)&#10;        at java.base@21.0.8/java.util.concurrent.locks.AbstractQueuedSynchronizer$ConditionObject.awaitNanos(AbstractQueuedSynchronizer.java:1763)&#10;        at java.base@21.0.8/java.util.concurrent.ScheduledThreadPoolExecutor$DelayedWorkQueue.take(ScheduledThreadPoolExecutor.java:1182)&#10;        at java.base@21.0.8/java.util.concurrent.ScheduledThreadPoolExecutor$DelayedWorkQueue.take(ScheduledThreadPoolExecutor.java:899)&#10;        at java.base@21.0.8/java.util.concurrent.ThreadPoolExecutor.getTask(ThreadPoolExecutor.java:1070)&#10;        at java.base@21.0.8/java.util.concurrent.ThreadPoolExecutor.runWorker(ThreadPoolExecutor.java:1130)&#10;        at java.base@21.0.8/java.util.concurrent.ThreadPoolExecutor$Worker.run(ThreadPoolExecutor.java:642)&#10;        at java.base@21.0.8/java.lang.Thread.runWith(Thread.java:1596)&#10;        at java.base@21.0.8/java.lang.Thread.run(Thread.java:1583)&#10;&quot;IPC Server handler 1 on default port 15002&quot; daemon prio=5 tid=340 timed_waiting&#10;java.lang.Thread.State: TIMED_WAITING&#10;        at java.base@21.0.8/jdk.internal.misc.Unsafe.park(Native Method)&#10;        at java.base@21.0.8/java.util.concurrent.locks.LockSupport.parkNanos(LockSupport.java:269)&#10;        at java.base@21.0.8/java.util.concurrent.locks.AbstractQueuedSynchronizer$ConditionObject.awaitNanos(AbstractQueuedSynchronizer.java:1763)&#10;        at java.base@21.0.8/java.util.concurrent.LinkedBlockingQueue.poll(LinkedBlockingQueue.java:460)&#10;        at app//org.apache.hadoop.ipc.CallQueueManager.take(CallQueueManager.java:370)&#10;        at app//org.apache.hadoop.ipc.Server$Handler.run(Server.java:3165)&#10;&quot;qtp99667716-744&quot; daemon prio=5 tid=744 runnable&#10;java.lang.Thread.State: RUNNABLE&#10;        at java.base@21.0.8/sun.nio.ch.EPoll.wait(Native Method)&#10;        at java.base@21.0.8/sun.nio.ch.EPollSelectorImpl.doSelect(EPollSelectorImpl.java:121)&#10;        at java.base@21.0.8/sun.nio.ch.SelectorImpl.lockAndDoSelect(SelectorImpl.java:130)&#10;        at java.base@21.0.8/sun.nio.ch.SelectorImpl.select(SelectorImpl.java:147)&#10;        at app//org.eclipse.jetty.io.ManagedSelector.nioSelect(ManagedSelector.java:183)&#10;        at app//org.eclipse.jetty.io.ManagedSelector.select(ManagedSelector.java:190)&#10;        at app//org.eclipse.jetty.io.ManagedSelector$SelectorProducer.select(ManagedSelector.java:606)&#10;        at app//org.eclipse.jetty.io.ManagedSelector$SelectorProducer.produce(ManagedSelector.java:543)&#10;        at app//org.eclipse.jetty.util.thread.strategy.EatWhatYouKill.produceTask(EatWhatYouKill.java:362)&#10;        at app//org.eclipse.jetty.util.thread.strategy.EatWhatYouKill.doProduce(EatWhatYouKill.java:186)&#10;        at app//org.eclipse.jetty.util.thread.strategy.EatWhatYouKill.tryProduce(EatWhatYouKill.java:173)&#10;        at app//org.eclipse.jetty.util.thread.strategy.EatWhatYouKill.produce(EatWhatYouKill.java:137)&#10;        at app//org.eclipse.jetty.io.ManagedSelector$$Lambda/0x00007fd1ac6ed508.run(Unknown Source)&#10;        at app//org.eclipse.jetty.util.thread.QueuedThreadPool.runJob(QueuedThreadPool.java:883)&#10;        at app//org.eclipse.jetty.util.thread.QueuedThreadPool$Runner.run(QueuedThreadPool.java:1034)&#10;        at java.base@21.0.8/java.lang.Thread.runWith(Thread.java:1596)&#10;        at java.base@21.0.8/java.lang.Thread.run(Thread.java:1583)&#10;&quot;IPC Server handler 3 on default port 15019&quot; daemon prio=5 tid=592 timed_waiting&#10;java.lang.Thread.State: TIMED_WAITING&#10;        at java.base@21.0.8/jdk.internal.misc.Unsafe.park(Native Method)&#10;        at java.base@21.0.8/java.util.concurrent.locks.LockSupport.parkNanos(LockSupport.java:269)&#10;        at java.base@21.0.8/java.util.concurrent.locks.AbstractQueuedSynchronizer$ConditionObject.awaitNanos(AbstractQueuedSynchronizer.java:1763)&#10;        at java.base@21.0.8/java.util.concurrent.LinkedBlockingQueue.poll(LinkedBlockingQueue.java:460)&#10;        at app//org.apache.hadoop.ipc.CallQueueManager.take(CallQueueManager.java:370)&#10;        at app//org.apache.hadoop.ipc.Server$Handler.run(Server.java:3165)&#10;&quot;IPC Server handler 67 on default port 15000&quot; daemon prio=5 tid=188 timed_waiting&#10;java.lang.Thread.State: TIMED_WAITING&#10;        at java.base@21.0.8/jdk.internal.misc.Unsafe.park(Native Method)&#10;        at java.base@21.0.8/java.util.concurrent.locks.LockSupport.parkNanos(LockSupport.java:269)&#10;        at java.base@21.0.8/java.util.concurrent.locks.AbstractQueuedSynchronizer$ConditionObject.awaitNanos(AbstractQueuedSynchronizer.java:1763)&#10;        at java.base@21.0.8/java.util.concurrent.LinkedBlockingQueue.poll(LinkedBlockingQueue.java:460)&#10;        at app//org.apache.hadoop.ipc.CallQueueManager.take(CallQueueManager.java:370)&#10;        at app//org.apache.hadoop.ipc.Server$Handler.run(Server.java:3165)&#10;&quot;IPC Server handler 4 on default port 15001&quot; daemon prio=5 tid=225 timed_waiting&#10;java.lang.Thread.State: TIMED_WAITING&#10;        at java.base@21.0.8/jdk.internal.misc.Unsafe.park(Native Method)&#10;        at java.base@21.0.8/java.util.concurrent.locks.LockSupport.parkNanos(LockSupport.java:269)&#10;        at java.base@21.0.8/java.util.concurrent.locks.AbstractQueuedSynchronizer$ConditionObject.awaitNanos(AbstractQueuedSynchronizer.java:1763)&#10;        at java.base@21.0.8/java.util.concurrent.LinkedBlockingQueue.poll(LinkedBlockingQueue.java:460)&#10;        at app//org.apache.hadoop.ipc.CallQueueManager.take(CallQueueManager.java:370)&#10;        at app//org.apache.hadoop.ipc.Server$Handler.run(Server.java:3165)&#10;&quot;om1-impl-thread1&quot; daemon prio=5 tid=447 timed_waiting&#10;java.lang.Thread.State: TIMED_WAITING&#10;        at java.base@21.0.8/jdk.internal.misc.Unsafe.park(Native Method)&#10;        at java.base@21.0.8/java.util.concurrent.locks.LockSupport.parkNanos(LockSupport.java:410)&#10;        at java.base@21.0.8/java.util.concurrent.LinkedTransferQueue$DualNode.await(LinkedTransferQueue.java:452)&#10;        at java.base@21.0.8/java.util.concurrent.SynchronousQueue$Transferer.xferLifo(SynchronousQueue.java:194)&#10;        at java.base@21.0.8/java.util.concurrent.SynchronousQueue.xfer(SynchronousQueue.java:235)&#10;        at java.base@21.0.8/java.util.concurrent.SynchronousQueue.poll(SynchronousQueue.java:338)&#10;        at java.base@21.0.8/java.util.concurrent.ThreadPoolExecutor.getTask(ThreadPoolExecutor.java:1069)&#10;        at java.base@21.0.8/java.util.concurrent.ThreadPoolExecutor.runWorker(ThreadPoolExecutor.java:1130)&#10;        at java.base@21.0.8/java.util.concurrent.ThreadPoolExecutor$Worker.run(ThreadPoolExecutor.java:642)&#10;        at java.base@21.0.8/java.lang.Thread.runWith(Thread.java:1596)&#10;        at java.base@21.0.8/java.lang.Thread.run(Thread.java:1583)&#10;&quot;IPC Server handler 45 on default port 15000&quot; daemon prio=5 tid=166 timed_waiting&#10;java.lang.Thread.State: TIMED_WAITING&#10;        at java.base@21.0.8/jdk.internal.misc.Unsafe.park(Native Method)&#10;        at java.base@21.0.8/java.util.concurrent.locks.LockSupport.parkNanos(LockSupport.java:269)&#10;        at java.base@21.0.8/java.util.concurrent.locks.AbstractQueuedSynchronizer$ConditionObject.awaitNanos(AbstractQueuedSynchronizer.java:1763)&#10;        at java.base@21.0.8/java.util.concurrent.LinkedBlockingQueue.poll(LinkedBlockingQueue.java:460)&#10;        at app//org.apache.hadoop.ipc.CallQueueManager.take(CallQueueManager.java:370)&#10;        at app//org.apache.hadoop.ipc.Server$Handler.run(Server.java:3165)&#10;&quot;IPC Server handler 86 on default port 15001&quot; daemon prio=5 tid=307 timed_waiting&#10;java.lang.Thread.State: TIMED_WAITING&#10;        at java.base@21.0.8/jdk.internal.misc.Unsafe.park(Native Method)&#10;        at java.base@21.0.8/java.util.concurrent.locks.LockSupport.parkNanos(LockSupport.java:269)&#10;        at java.base@21.0.8/java.util.concurrent.locks.AbstractQueuedSynchronizer$ConditionObject.awaitNanos(AbstractQueuedSynchronizer.java:1763)&#10;        at java.base@21.0.8/java.util.concurrent.LinkedBlockingQueue.poll(LinkedBlockingQueue.java:460)&#10;        at app//org.apache.hadoop.ipc.CallQueueManager.take(CallQueueManager.java:370)&#10;        at app//org.apache.hadoop.ipc.Server$Handler.run(Server.java:3165)&#10;&quot;IPC Server handler 53 on default port 15002&quot; daemon prio=5 tid=392 timed_waiting&#10;java.lang.Thread.State: TIMED_WAITING&#10;        at java.base@21.0.8/jdk.internal.misc.Unsafe.park(Native Method)&#10;        at java.base@21.0.8/java.util.concurrent.locks.LockSupport.parkNanos(LockSupport.java:269)&#10;        at java.base@21.0.8/java.util.concurrent.locks.AbstractQueuedSynchronizer$ConditionObject.awaitNanos(AbstractQueuedSynchronizer.java:1763)&#10;        at java.base@21.0.8/java.util.concurrent.LinkedBlockingQueue.poll(LinkedBlockingQueue.java:460)&#10;        at app//org.apache.hadoop.ipc.CallQueueManager.take(CallQueueManager.java:370)&#10;        at app//org.apache.hadoop.ipc.Server$Handler.run(Server.java:3165)&#10;&quot;IPC Server handler 1 on default port 15019&quot; daemon prio=5 tid=590 timed_waiting&#10;java.lang.Thread.State: TIMED_WAITING&#10;        at java.base@21.0.8/jdk.internal.misc.Unsafe.park(Native Method)&#10;        at java.base@21.0.8/java.util.concurrent.locks.LockSupport.parkNanos(LockSupport.java:269)&#10;        at java.base@21.0.8/java.util.concurrent.locks.AbstractQueuedSynchronizer$ConditionObject.awaitNanos(AbstractQueuedSynchronizer.java:1763)&#10;        at java.base@21.0.8/java.util.concurrent.LinkedBlockingQueue.poll(LinkedBlockingQueue.java:460)&#10;        at app//org.apache.hadoop.ipc.CallQueueManager.take(CallQueueManager.java:370)&#10;        at app//org.apache.hadoop.ipc.Server$Handler.run(Server.java:3165)&#10;&quot;Socket Reader #4 for port 15001&quot; daemon prio=5 tid=80 runnable&#10;java.lang.Thread.State: RUNNABLE&#10;        at java.base@21.0.8/sun.nio.ch.EPoll.wait(Native Method)&#10;        at java.base@21.0.8/sun.nio.ch.EPollSelectorImpl.doSelect(EPollSelectorImpl.java:121)&#10;        at java.base@21.0.8/sun.nio.ch.SelectorImpl.lockAndDoSelect(SelectorImpl.java:130)&#10;        at java.base@21.0.8/sun.nio.ch.SelectorImpl.select(SelectorImpl.java:147)&#10;        at app//org.apache.hadoop.ipc.Server$Listener$Reader.doRunLoop(Server.java:1497)&#10;        at app//org.apache.hadoop.ipc.Server$Listener$Reader.run(Server.java:1476)&#10;&quot;IPC Server handler 32 on default port 15000&quot; daemon prio=5 tid=153 timed_waiting&#10;java.lang.Thread.State: TIMED_WAITING&#10;        at java.base@21.0.8/jdk.internal.misc.Unsafe.park(Native Method)&#10;        at java.base@21.0.8/java.util.concurrent.locks.LockSupport.parkNanos(LockSupport.java:269)&#10;        at java.base@21.0.8/java.util.concurrent.locks.AbstractQueuedSynchronizer$ConditionObject.awaitNanos(AbstractQueuedSynchronizer.java:1763)&#10;        at java.base@21.0.8/java.util.concurrent.LinkedBlockingQueue.poll(LinkedBlockingQueue.java:460)&#10;        at app//org.apache.hadoop.ipc.CallQueueManager.take(CallQueueManager.java:370)&#10;        at app//org.apache.hadoop.ipc.Server$Handler.run(Server.java:3165)&#10;&quot;qtp887238034-668&quot; daemon prio=5 tid=668 timed_waiting&#10;java.lang.Thread.State: TIMED_WAITING&#10;        at java.base@21.0.8/jdk.internal.misc.Unsafe.park(Native Method)&#10;        at java.base@21.0.8/java.util.concurrent.locks.LockSupport.parkNanos(LockSupport.java:269)&#10;        at java.base@21.0.8/java.util.concurrent.locks.AbstractQueuedSynchronizer$ConditionObject.awaitNanos(AbstractQueuedSynchronizer.java:1763)&#10;        at app//org.eclipse.jetty.util.BlockingArrayQueue.poll(BlockingArrayQueue.java:382)&#10;        at app//org.eclipse.jetty.util.thread.QueuedThreadPool$Runner.idleJobPoll(QueuedThreadPool.java:974)&#10;        at app//org.eclipse.jetty.util.thread.QueuedThreadPool$Runner.run(QueuedThreadPool.java:1018)&#10;        at java.base@21.0.8/java.lang.Thread.runWith(Thread.java:1596)&#10;        at java.base@21.0.8/java.lang.Thread.run(Thread.java:1583)&#10;&quot;Socket Reader #1 for port 15043&quot; daemon prio=5 tid=762 runnable&#10;java.lang.Thread.State: RUNNABLE&#10;        at java.base@21.0.8/sun.nio.ch.EPoll.wait(Native Method)&#10;        at java.base@21.0.8/sun.nio.ch.EPollSelectorImpl.doSelect(EPollSelectorImpl.java:121)&#10;        at java.base@21.0.8/sun.nio.ch.SelectorImpl.lockAndDoSelect(SelectorImpl.java:130)&#10;        at java.base@21.0.8/sun.nio.ch.SelectorImpl.select(SelectorImpl.java:147)&#10;        at app//org.apache.hadoop.ipc.Server$Listener$Reader.doRunLoop(Server.java:1497)&#10;        at app//org.apache.hadoop.ipc.Server$Listener$Reader.run(Server.java:1476)&#10;&quot;Socket Reader #1 for port 15000&quot; daemon prio=5 tid=91 runnable&#10;java.lang.Thread.State: RUNNABLE&#10;        at java.base@21.0.8/sun.nio.ch.EPoll.wait(Native Method)&#10;        at java.base@21.0.8/sun.nio.ch.EPollSelectorImpl.doSelect(EPollSelectorImpl.java:121)&#10;        at java.base@21.0.8/sun.nio.ch.SelectorImpl.lockAndDoSelect(SelectorImpl.java:130)&#10;        at java.base@21.0.8/sun.nio.ch.SelectorImpl.select(SelectorImpl.java:147)&#10;        at app//org.apache.hadoop.ipc.Server$Listener$Reader.doRunLoop(Server.java:1497)&#10;        at app//org.apache.hadoop.ipc.Server$Listener$Reader.run(Server.java:1476)&#10;&quot;Socket Reader #3 for port 15035&quot; daemon prio=5 tid=692 runnable&#10;java.lang.Thread.State: RUNNABLE&#10;        at java.base@21.0.8/sun.nio.ch.EPoll.wait(Native Method)&#10;        at java.base@21.0.8/sun.nio.ch.EPollSelectorImpl.doSelect(EPollSelectorImpl.java:121)&#10;        at java.base@21.0.8/sun.nio.ch.SelectorImpl.lockAndDoSelect(SelectorImpl.java:130)&#10;        at java.base@21.0.8/sun.nio.ch.SelectorImpl.select(SelectorImpl.java:147)&#10;        at app//org.apache.hadoop.ipc.Server$Listener$Reader.doRunLoop(Server.java:1497)&#10;        at app//org.apache.hadoop.ipc.Server$Listener$Reader.run(Server.java:1476)&#10;&quot;83932d67-4fdc-4fe4-8fe1-3df6c3f1844a-BlockDeletingService#0&quot; daemon prio=5 tid=739 timed_waiting&#10;java.lang.Thread.State: TIMED_WAITING&#10;        at java.base@21.0.8/jdk.internal.misc.Unsafe.park(Native Method)&#10;        at java.base@21.0.8/java.util.concurrent.locks.LockSupport.parkNanos(LockSupport.java:269)&#10;        at java.base@21.0.8/java.util.concurrent.locks.AbstractQueuedSynchronizer$ConditionObject.awaitNanos(AbstractQueuedSynchronizer.java:1763)&#10;        at java.base@21.0.8/java.util.concurrent.ScheduledThreadPoolExecutor$DelayedWorkQueue.take(ScheduledThreadPoolExecutor.java:1182)&#10;        at java.base@21.0.8/java.util.concurrent.ScheduledThreadPoolExecutor$DelayedWorkQueue.take(ScheduledThreadPoolExecutor.java:899)&#10;        at java.base@21.0.8/java.util.concurrent.ThreadPoolExecutor.getTask(ThreadPoolExecutor.java:1070)&#10;        at java.base@21.0.8/java.util.concurrent.ThreadPoolExecutor.runWorker(ThreadPoolExecutor.java:1130)&#10;        at java.base@21.0.8/java.util.concurrent.ThreadPoolExecutor$Worker.run(ThreadPoolExecutor.java:642)&#10;        at java.base@21.0.8/java.lang.Thread.runWith(Thread.java:1596)&#10;        at java.base@21.0.8/java.lang.Thread.run(Thread.java:1583)&#10;&quot;IPC Server handler 12 on default port 15001&quot; daemon prio=5 tid=233 timed_waiting&#10;java.lang.Thread.State: TIMED_WAITING&#10;        at java.base@21.0.8/jdk.internal.misc.Unsafe.park(Native Method)&#10;        at java.base@21.0.8/java.util.concurrent.locks.LockSupport.parkNanos(LockSupport.java:269)&#10;        at java.base@21.0.8/java.util.concurrent.locks.AbstractQueuedSynchronizer$ConditionObject.awaitNanos(AbstractQueuedSynchronizer.java:1763)&#10;        at java.base@21.0.8/java.util.concurrent.LinkedBlockingQueue.poll(LinkedBlockingQueue.java:460)&#10;        at app//org.apache.hadoop.ipc.CallQueueManager.take(CallQueueManager.java:370)&#10;        at app//org.apache.hadoop.ipc.Server$Handler.run(Server.java:3165)&#10;&quot;IPC Server handler 23 on default port 15002&quot; daemon prio=5 tid=362 timed_waiting&#10;java.lang.Thread.State: TIMED_WAITING&#10;        at java.base@21.0.8/jdk.internal.misc.Unsafe.park(Native Method)&#10;        at java.base@21.0.8/java.util.concurrent.locks.LockSupport.parkNanos(LockSupport.java:269)&#10;        at java.base@21.0.8/java.util.concurrent.locks.AbstractQueuedSynchronizer$ConditionObject.awaitNanos(AbstractQueuedSynchronizer.java:1763)&#10;        at java.base@21.0.8/java.util.concurrent.LinkedBlockingQueue.poll(LinkedBlockingQueue.java:460)&#10;        at app//org.apache.hadoop.ipc.CallQueueManager.take(CallQueueManager.java:370)&#10;        at app//org.apache.hadoop.ipc.Server$Handler.run(Server.java:3165)&#10;&quot;IPC Server handler 6 on default port 15019&quot; daemon prio=5 tid=595 timed_waiting&#10;java.lang.Thread.State: TIMED_WAITING&#10;        at java.base@21.0.8/jdk.internal.misc.Unsafe.park(Native Method)&#10;        at java.base@21.0.8/java.util.concurrent.locks.LockSupport.parkNanos(LockSupport.java:269)&#10;        at java.base@21.0.8/java.util.concurrent.locks.AbstractQueuedSynchronizer$ConditionObject.awaitNanos(AbstractQueuedSynchronizer.java:1763)&#10;        at java.base@21.0.8/java.util.concurrent.LinkedBlockingQueue.poll(LinkedBlockingQueue.java:460)&#10;        at app//org.apache.hadoop.ipc.CallQueueManager.take(CallQueueManager.java:370)&#10;        at app//org.apache.hadoop.ipc.Server$Handler.run(Server.java:3165)&#10;&quot;IPC Server handler 14 on default port 15001&quot; daemon prio=5 tid=235 timed_waiting&#10;java.lang.Thread.State: TIMED_WAITING&#10;        at java.base@21.0.8/jdk.internal.misc.Unsafe.park(Native Method)&#10;        at java.base@21.0.8/java.util.concurrent.locks.LockSupport.parkNanos(LockSupport.java:269)&#10;        at java.base@21.0.8/java.util.concurrent.locks.AbstractQueuedSynchronizer$ConditionObject.awaitNanos(AbstractQueuedSynchronizer.java:1763)&#10;        at java.base@21.0.8/java.util.concurrent.LinkedBlockingQueue.poll(LinkedBlockingQueue.java:460)&#10;        at app//org.apache.hadoop.ipc.CallQueueManager.take(CallQueueManager.java:370)&#10;        at app//org.apache.hadoop.ipc.Server$Handler.run(Server.java:3165)&#10;&quot;IPC Server handler 13 on default port 15002&quot; daemon prio=5 tid=352 timed_waiting&#10;java.lang.Thread.State: TIMED_WAITING&#10;        at java.base@21.0.8/jdk.internal.misc.Unsafe.park(Native Method)&#10;        at java.base@21.0.8/java.util.concurrent.locks.LockSupport.parkNanos(LockSupport.java:269)&#10;        at java.base@21.0.8/java.util.concurrent.locks.AbstractQueuedSynchronizer$ConditionObject.awaitNanos(AbstractQueuedSynchronizer.java:1763)&#10;        at java.base@21.0.8/java.util.concurrent.LinkedBlockingQueue.poll(LinkedBlockingQueue.java:460)&#10;        at app//org.apache.hadoop.ipc.CallQueueManager.take(CallQueueManager.java:370)&#10;        at app//org.apache.hadoop.ipc.Server$Handler.run(Server.java:3165)&#10;&quot;IPC Server handler 70 on default port 15002&quot; daemon prio=5 tid=409 timed_waiting&#10;java.lang.Thread.State: TIMED_WAITING&#10;        at java.base@21.0.8/jdk.internal.misc.Unsafe.park(Native Method)&#10;        at java.base@21.0.8/java.util.concurrent.locks.LockSupport.parkNanos(LockSupport.java:269)&#10;        at java.base@21.0.8/java.util.concurrent.locks.AbstractQueuedSynchronizer$ConditionObject.awaitNanos(AbstractQueuedSynchronizer.java:1763)&#10;        at java.base@21.0.8/java.util.concurrent.LinkedBlockingQueue.poll(LinkedBlockingQueue.java:460)&#10;        at app//org.apache.hadoop.ipc.CallQueueManager.take(CallQueueManager.java:370)&#10;        at app//org.apache.hadoop.ipc.Server$Handler.run(Server.java:3165)&#10;&quot;Session-HouseKeeper-5a0d7d42-1&quot;  prio=5 tid=491 timed_waiting&#10;java.lang.Thread.State: TIMED_WAITING&#10;        at java.base@21.0.8/jdk.internal.misc.Unsafe.park(Native Method)&#10;        at java.base@21.0.8/java.util.concurrent.locks.LockSupport.parkNanos(LockSupport.java:269)&#10;        at java.base@21.0.8/java.util.concurrent.locks.AbstractQueuedSynchronizer$ConditionObject.awaitNanos(AbstractQueuedSynchronizer.java:1763)&#10;        at java.base@21.0.8/java.util.concurrent.ScheduledThreadPoolExecutor$DelayedWorkQueue.take(ScheduledThreadPoolExecutor.java:1182)&#10;        at java.base@21.0.8/java.util.concurrent.ScheduledThreadPoolExecutor$DelayedWorkQueue.take(ScheduledThreadPoolExecutor.java:899)&#10;        at java.base@21.0.8/java.util.concurrent.ThreadPoolExecutor.getTask(ThreadPoolExecutor.java:1070)&#10;        at java.base@21.0.8/java.util.concurrent.ThreadPoolExecutor.runWorker(ThreadPoolExecutor.java:1130)&#10;        at java.base@21.0.8/java.util.concurrent.ThreadPoolExecutor$Worker.run(ThreadPoolExecutor.java:642)&#10;        at java.base@21.0.8/java.lang.Thread.runWith(Thread.java:1596)&#10;        at java.base@21.0.8/java.lang.Thread.run(Thread.java:1583)&#10;&quot;IPC Server handler 3 on default port 15006&quot; daemon prio=5 tid=495 timed_waiting&#10;java.lang.Thread.State: TIMED_WAITING&#10;        at java.base@21.0.8/jdk.internal.misc.Unsafe.park(Native Method)&#10;        at java.base@21.0.8/java.util.concurrent.locks.LockSupport.parkNanos(LockSupport.java:269)&#10;        at java.base@21.0.8/java.util.concurrent.locks.AbstractQueuedSynchronizer$ConditionObject.awaitNanos(AbstractQueuedSynchronizer.java:1763)&#10;        at java.base@21.0.8/java.util.concurrent.LinkedBlockingQueue.poll(LinkedBlockingQueue.java:460)&#10;        at app//org.apache.hadoop.ipc.CallQueueManager.take(CallQueueManager.java:370)&#10;        at app//org.apache.hadoop.ipc.Server$Handler.run(Server.java:3165)&#10;&quot;IPC Server handler 13 on default port 15001&quot; daemon prio=5 tid=234 timed_waiting&#10;java.lang.Thread.State: TIMED_WAITING&#10;        at java.base@21.0.8/jdk.internal.misc.Unsafe.park(Native Method)&#10;        at java.base@21.0.8/java.util.concurrent.locks.LockSupport.parkNanos(LockSupport.java:269)&#10;        at java.base@21.0.8/java.util.concurrent.locks.AbstractQueuedSynchronizer$ConditionObject.awaitNanos(AbstractQueuedSynchronizer.java:1763)&#10;        at java.base@21.0.8/java.util.concurrent.LinkedBlockingQueue.poll(LinkedBlockingQueue.java:460)&#10;        at app//org.apache.hadoop.ipc.CallQueueManager.take(CallQueueManager.java:370)&#10;        at app//org.apache.hadoop.ipc.Server$Handler.run(Server.java:3165)&#10;&quot;IPC Server handler 76 on default port 15002&quot; daemon prio=5 tid=415 timed_waiting&#10;java.lang.Thread.State: TIMED_WAITING&#10;        at java.base@21.0.8/jdk.internal.misc.Unsafe.park(Native Method)&#10;        at java.base@21.0.8/java.util.concurrent.locks.LockSupport.parkNanos(LockSupport.java:269)&#10;        at java.base@21.0.8/java.util.concurrent.locks.AbstractQueuedSynchronizer$ConditionObject.awaitNanos(AbstractQueuedSynchronizer.java:1763)&#10;        at java.base@21.0.8/java.util.concurrent.LinkedBlockingQueue.poll(LinkedBlockingQueue.java:460)&#10;        at app//org.apache.hadoop.ipc.CallQueueManager.take(CallQueueManager.java:370)&#10;        at app//org.apache.hadoop.ipc.Server$Handler.run(Server.java:3165)&#10;&quot;IPC Server handler 82 on default port 15001&quot; daemon prio=5 tid=303 timed_waiting&#10;java.lang.Thread.State: TIMED_WAITING&#10;        at java.base@21.0.8/jdk.internal.misc.Unsafe.park(Native Method)&#10;        at java.base@21.0.8/java.util.concurrent.locks.LockSupport.parkNanos(LockSupport.java:269)&#10;        at java.base@21.0.8/java.util.concurrent.locks.AbstractQueuedSynchronizer$ConditionObject.awaitNanos(AbstractQueuedSynchronizer.java:1763)&#10;        at java.base@21.0.8/java.util.concurrent.LinkedBlockingQueue.poll(LinkedBlockingQueue.java:460)&#10;        at app//org.apache.hadoop.ipc.CallQueueManager.take(CallQueueManager.java:370)&#10;        at app//org.apache.hadoop.ipc.Server$Handler.run(Server.java:3165)&#10;&quot;IPC Server handler 0 on default port 15035&quot; daemon prio=5 tid=705 timed_waiting&#10;java.lang.Thread.State: TIMED_WAITING&#10;        at java.base@21.0.8/jdk.internal.misc.Unsafe.park(Native Method)&#10;        at java.base@21.0.8/java.util.concurrent.locks.LockSupport.parkNanos(LockSupport.java:269)&#10;        at java.base@21.0.8/java.util.concurrent.locks.AbstractQueuedSynchronizer$ConditionObject.awaitNanos(AbstractQueuedSynchronizer.java:1763)&#10;        at java.base@21.0.8/java.util.concurrent.LinkedBlockingQueue.poll(LinkedBlockingQueue.java:460)&#10;        at app//org.apache.hadoop.ipc.CallQueueManager.take(CallQueueManager.java:370)&#10;        at app//org.apache.hadoop.ipc.Server$Handler.run(Server.java:3165)&#10;&quot;IPC Server handler 76 on default port 15001&quot; daemon prio=5 tid=297 timed_waiting&#10;java.lang.Thread.State: TIMED_WAITING&#10;        at java.base@21.0.8/jdk.internal.misc.Unsafe.park(Native Method)&#10;        at java.base@21.0.8/java.util.concurrent.locks.LockSupport.parkNanos(LockSupport.java:269)&#10;        at java.base@21.0.8/java.util.concurrent.locks.AbstractQueuedSynchronizer$ConditionObject.awaitNanos(AbstractQueuedSynchronizer.java:1763)&#10;        at java.base@21.0.8/java.util.concurrent.LinkedBlockingQueue.poll(LinkedBlockingQueue.java:460)&#10;        at app//org.apache.hadoop.ipc.CallQueueManager.take(CallQueueManager.java:370)&#10;        at app//org.apache.hadoop.ipc.Server$Handler.run(Server.java:3165)&#10;&quot;IPC Server handler 94 on default port 15002&quot; daemon prio=5 tid=433 timed_waiting&#10;java.lang.Thread.State: TIMED_WAITING&#10;        at java.base@21.0.8/jdk.internal.misc.Unsafe.park(Native Method)&#10;        at java.base@21.0.8/java.util.concurrent.locks.LockSupport.parkNanos(LockSupport.java:269)&#10;        at java.base@21.0.8/java.util.concurrent.locks.AbstractQueuedSynchronizer$ConditionObject.awaitNanos(AbstractQueuedSynchronizer.java:1763)&#10;        at java.base@21.0.8/java.util.concurrent.LinkedBlockingQueue.poll(LinkedBlockingQueue.java:460)&#10;        at app//org.apache.hadoop.ipc.CallQueueManager.take(CallQueueManager.java:370)&#10;        at app//org.apache.hadoop.ipc.Server$Handler.run(Server.java:3165)&#10;&quot;18da7ee6-49f7-45ee-8090-861a49f32d36@group-01F21CBCA59D-LeaderStateImpl&quot; daemon prio=5 tid=995 timed_waiting&#10;java.lang.Thread.State: TIMED_WAITING&#10;        at java.base@21.0.8/jdk.internal.misc.Unsafe.park(Native Method)&#10;        at java.base@21.0.8/java.util.concurrent.locks.LockSupport.parkNanos(LockSupport.java:269)&#10;        at java.base@21.0.8/java.util.concurrent.locks.AbstractQueuedSynchronizer$ConditionObject.awaitNanos(AbstractQueuedSynchronizer.java:1763)&#10;        at java.base@21.0.8/java.util.concurrent.ArrayBlockingQueue.poll(ArrayBlockingQueue.java:435)&#10;        at app//org.apache.ratis.server.impl.LeaderStateImpl$EventQueue.poll(LeaderStateImpl.java:168)&#10;        at app//org.apache.ratis.server.impl.LeaderStateImpl$EventProcessor.run(LeaderStateImpl.java:761)&#10;&quot;IPC Server handler 7 on default port 15000&quot; daemon prio=5 tid=128 timed_waiting&#10;java.lang.Thread.State: TIMED_WAITING&#10;        at java.base@21.0.8/jdk.internal.misc.Unsafe.park(Native Method)&#10;        at java.base@21.0.8/java.util.concurrent.locks.LockSupport.parkNanos(LockSupport.java:269)&#10;        at java.base@21.0.8/java.util.concurrent.locks.AbstractQueuedSynchronizer$ConditionObject.awaitNanos(AbstractQueuedSynchronizer.java:1763)&#10;        at java.base@21.0.8/java.util.concurrent.LinkedBlockingQueue.poll(LinkedBlockingQueue.java:460)&#10;        at app//org.apache.hadoop.ipc.CallQueueManager.take(CallQueueManager.java:370)&#10;        at app//org.apache.hadoop.ipc.Server$Handler.run(Server.java:3165)&#10;&quot;Socket Reader #6 for port 15000&quot; daemon prio=5 tid=96 runnable&#10;java.lang.Thread.State: RUNNABLE&#10;        at java.base@21.0.8/sun.nio.ch.EPoll.wait(Native Method)&#10;        at java.base@21.0.8/sun.nio.ch.EPollSelectorImpl.doSelect(EPollSelectorImpl.java:121)&#10;        at java.base@21.0.8/sun.nio.ch.SelectorImpl.lockAndDoSelect(SelectorImpl.java:130)&#10;        at java.base@21.0.8/sun.nio.ch.SelectorImpl.select(SelectorImpl.java:147)&#10;        at app//org.apache.hadoop.ipc.Server$Listener$Reader.doRunLoop(Server.java:1497)&#10;        at app//org.apache.hadoop.ipc.Server$Listener$Reader.run(Server.java:1476)&#10;&quot;IPC Server handler 5 on default port 15001&quot; daemon prio=5 tid=226 timed_waiting&#10;java.lang.Thread.State: TIMED_WAITING&#10;        at java.base@21.0.8/jdk.internal.misc.Unsafe.park(Native Method)&#10;        at java.base@21.0.8/java.util.concurrent.locks.LockSupport.parkNanos(LockSupport.java:269)&#10;        at java.base@21.0.8/java.util.concurrent.locks.AbstractQueuedSynchronizer$ConditionObject.awaitNanos(AbstractQueuedSynchronizer.java:1763)&#10;        at java.base@21.0.8/java.util.concurrent.LinkedBlockingQueue.poll(LinkedBlockingQueue.java:460)&#10;        at app//org.apache.hadoop.ipc.CallQueueManager.take(CallQueueManager.java:370)&#10;        at app//org.apache.hadoop.ipc.Server$Handler.run(Server.java:3165)&#10;&quot;StaleRecoveringContainerScrubbingService#0&quot; daemon prio=5 tid=740 timed_waiting&#10;java.lang.Thread.State: TIMED_WAITING&#10;        at java.base@21.0.8/jdk.internal.misc.Unsafe.park(Native Method)&#10;        at java.base@21.0.8/java.util.concurrent.locks.LockSupport.parkNanos(LockSupport.java:269)&#10;        at java.base@21.0.8/java.util.concurrent.locks.AbstractQueuedSynchronizer$ConditionObject.awaitNanos(AbstractQueuedSynchronizer.java:1763)&#10;        at java.base@21.0.8/java.util.concurrent.ScheduledThreadPoolExecutor$DelayedWorkQueue.take(ScheduledThreadPoolExecutor.java:1182)&#10;        at java.base@21.0.8/java.util.concurrent.ScheduledThreadPoolExecutor$DelayedWorkQueue.take(ScheduledThreadPoolExecutor.java:899)&#10;        at java.base@21.0.8/java.util.concurrent.ThreadPoolExecutor.getTask(ThreadPoolExecutor.java:1070)&#10;        at java.base@21.0.8/java.util.concurrent.ThreadPoolExecutor.runWorker(ThreadPoolExecutor.java:1130)&#10;        at java.base@21.0.8/java.util.concurrent.ThreadPoolExecutor$Worker.run(ThreadPoolExecutor.java:642)&#10;        at java.base@21.0.8/java.lang.Thread.runWith(Thread.java:1596)&#10;        at java.base@21.0.8/java.lang.Thread.run(Thread.java:1583)&#10;&quot;IPC Server handler 30 on default port 15001&quot; daemon prio=5 tid=251 timed_waiting&#10;java.lang.Thread.State: TIMED_WAITING&#10;        at java.base@21.0.8/jdk.internal.misc.Unsafe.park(Native Method)&#10;        at java.base@21.0.8/java.util.concurrent.locks.LockSupport.parkNanos(LockSupport.java:269)&#10;        at java.base@21.0.8/java.util.concurrent.locks.AbstractQueuedSynchronizer$ConditionObject.awaitNanos(AbstractQueuedSynchronizer.java:1763)&#10;        at java.base@21.0.8/java.util.concurrent.LinkedBlockingQueue.poll(LinkedBlockingQueue.java:460)&#10;        at app//org.apache.hadoop.ipc.CallQueueManager.take(CallQueueManager.java:370)&#10;        at app//org.apache.hadoop.ipc.Server$Handler.run(Server.java:3165)&#10;&quot;IPC Server handler 15 on default port 15002&quot; daemon prio=5 tid=354 timed_waiting&#10;java.lang.Thread.State: TIMED_WAITING&#10;        at java.base@21.0.8/jdk.internal.misc.Unsafe.park(Native Method)&#10;        at java.base@21.0.8/java.util.concurrent.locks.LockSupport.parkNanos(LockSupport.java:269)&#10;        at java.base@21.0.8/java.util.concurrent.locks.AbstractQueuedSynchronizer$ConditionObject.awaitNanos(AbstractQueuedSynchronizer.java:1763)&#10;        at java.base@21.0.8/java.util.concurrent.LinkedBlockingQueue.poll(LinkedBlockingQueue.java:460)&#10;        at app//org.apache.hadoop.ipc.CallQueueManager.take(CallQueueManager.java:370)&#10;        at app//org.apache.hadoop.ipc.Server$Handler.run(Server.java:3165)&#10;&quot;IPC Server handler 81 on default port 15002&quot; daemon prio=5 tid=420 timed_waiting&#10;java.lang.Thread.State: TIMED_WAITING&#10;        at java.base@21.0.8/jdk.internal.misc.Unsafe.park(Native Method)&#10;        at java.base@21.0.8/java.util.concurrent.locks.LockSupport.parkNanos(LockSupport.java:269)&#10;        at java.base@21.0.8/java.util.concurrent.locks.AbstractQueuedSynchronizer$ConditionObject.awaitNanos(AbstractQueuedSynchronizer.java:1763)&#10;        at java.base@21.0.8/java.util.concurrent.LinkedBlockingQueue.poll(LinkedBlockingQueue.java:460)&#10;        at app//org.apache.hadoop.ipc.CallQueueManager.take(CallQueueManager.java:370)&#10;        at app//org.apache.hadoop.ipc.Server$Handler.run(Server.java:3165)&#10;&quot;Socket Reader #4 for port 15000&quot; daemon prio=5 tid=94 runnable&#10;java.lang.Thread.State: RUNNABLE&#10;        at java.base@21.0.8/sun.nio.ch.EPoll.wait(Native Method)&#10;        at java.base@21.0.8/sun.nio.ch.EPollSelectorImpl.doSelect(EPollSelectorImpl.java:121)&#10;        at java.base@21.0.8/sun.nio.ch.SelectorImpl.lockAndDoSelect(SelectorImpl.java:130)&#10;        at java.base@21.0.8/sun.nio.ch.SelectorImpl.select(SelectorImpl.java:147)&#10;        at app//org.apache.hadoop.ipc.Server$Listener$Reader.doRunLoop(Server.java:1497)&#10;        at app//org.apache.hadoop.ipc.Server$Listener$Reader.run(Server.java:1476)&#10;&quot;IPC Server handler 9 on default port 15000&quot; daemon prio=5 tid=130 timed_waiting&#10;java.lang.Thread.State: TIMED_WAITING&#10;        at java.base@21.0.8/jdk.internal.misc.Unsafe.park(Native Method)&#10;        at java.base@21.0.8/java.util.concurrent.locks.LockSupport.parkNanos(LockSupport.java:269)&#10;        at java.base@21.0.8/java.util.concurrent.locks.AbstractQueuedSynchronizer$ConditionObject.awaitNanos(AbstractQueuedSynchronizer.java:1763)&#10;        at java.base@21.0.8/java.util.concurrent.LinkedBlockingQueue.poll(LinkedBlockingQueue.java:460)&#10;        at app//org.apache.hadoop.ipc.CallQueueManager.take(CallQueueManager.java:370)&#10;        at app//org.apache.hadoop.ipc.Server$Handler.run(Server.java:3165)&#10;&quot;IPC Server handler 38 on default port 15002&quot; daemon prio=5 tid=377 timed_waiting&#10;java.lang.Thread.State: TIMED_WAITING&#10;        at java.base@21.0.8/jdk.internal.misc.Unsafe.park(Native Method)&#10;        at java.base@21.0.8/java.util.concurrent.locks.LockSupport.parkNanos(LockSupport.java:269)&#10;        at java.base@21.0.8/java.util.concurrent.locks.AbstractQueuedSynchronizer$ConditionObject.awaitNanos(AbstractQueuedSynchronizer.java:1763)&#10;        at java.base@21.0.8/java.util.concurrent.LinkedBlockingQueue.poll(LinkedBlockingQueue.java:460)&#10;        at app//org.apache.hadoop.ipc.CallQueueManager.take(CallQueueManager.java:370)&#10;        at app//org.apache.hadoop.ipc.Server$Handler.run(Server.java:3165)&#10;&quot;qtp887238034-670&quot; daemon prio=5 tid=670 timed_waiting&#10;java.lang.Thread.State: TIMED_WAITING&#10;        at java.base@21.0.8/jdk.internal.misc.Unsafe.park(Native Method)&#10;        at java.base@21.0.8/java.util.concurrent.locks.LockSupport.parkNanos(LockSupport.java:269)&#10;        at java.base@21.0.8/java.util.concurrent.locks.AbstractQueuedSynchronizer$ConditionObject.awaitNanos(AbstractQueuedSynchronizer.java:1763)&#10;        at app//org.eclipse.jetty.util.BlockingArrayQueue.poll(BlockingArrayQueue.java:382)&#10;        at app//org.eclipse.jetty.util.thread.QueuedThreadPool$Runner.idleJobPoll(QueuedThreadPool.java:974)&#10;        at app//org.eclipse.jetty.util.thread.QueuedThreadPool$Runner.run(QueuedThreadPool.java:1018)&#10;        at java.base@21.0.8/java.lang.Thread.runWith(Thread.java:1596)&#10;        at java.base@21.0.8/java.lang.Thread.run(Thread.java:1583)&#10;&quot;IPC Server handler 7 on default port 15035&quot; daemon prio=5 tid=712 timed_waiting&#10;java.lang.Thread.State: TIMED_WAITING&#10;        at java.base@21.0.8/jdk.internal.misc.Unsafe.park(Native Method)&#10;        at java.base@21.0.8/java.util.concurrent.locks.LockSupport.parkNanos(LockSupport.java:269)&#10;        at java.base@21.0.8/java.util.concurrent.locks.AbstractQueuedSynchronizer$ConditionObject.awaitNanos(AbstractQueuedSynchronizer.java:1763)&#10;        at java.base@21.0.8/java.util.concurrent.LinkedBlockingQueue.poll(LinkedBlockingQueue.java:460)&#10;        at app//org.apache.hadoop.ipc.CallQueueManager.take(CallQueueManager.java:370)&#10;        at app//org.apache.hadoop.ipc.Server$Handler.run(Server.java:3165)&#10;&quot;IPC Server handler 65 on default port 15002&quot; daemon prio=5 tid=404 timed_waiting&#10;java.lang.Thread.State: TIMED_WAITING&#10;        at java.base@21.0.8/jdk.internal.misc.Unsafe.park(Native Method)&#10;        at java.base@21.0.8/java.util.concurrent.locks.LockSupport.parkNanos(LockSupport.java:269)&#10;        at java.base@21.0.8/java.util.concurrent.locks.AbstractQueuedSynchronizer$ConditionObject.awaitNanos(AbstractQueuedSynchronizer.java:1763)&#10;        at java.base@21.0.8/java.util.concurrent.LinkedBlockingQueue.poll(LinkedBlockingQueue.java:460)&#10;        at app//org.apache.hadoop.ipc.CallQueueManager.take(CallQueueManager.java:370)&#10;        at app//org.apache.hadoop.ipc.Server$Handler.run(Server.java:3165)&#10;&quot;Socket Reader #10 for port 15019&quot; daemon prio=5 tid=585 runnable&#10;java.lang.Thread.State: RUNNABLE&#10;        at java.base@21.0.8/sun.nio.ch.EPoll.wait(Native Method)&#10;        at java.base@21.0.8/sun.nio.ch.EPollSelectorImpl.doSelect(EPollSelectorImpl.java:121)&#10;        at java.base@21.0.8/sun.nio.ch.SelectorImpl.lockAndDoSelect(SelectorImpl.java:130)&#10;        at java.base@21.0.8/sun.nio.ch.SelectorImpl.select(SelectorImpl.java:147)&#10;        at app//org.apache.hadoop.ipc.Server$Listener$Reader.doRunLoop(Server.java:1497)&#10;        at app//org.apache.hadoop.ipc.Server$Listener$Reader.run(Server.java:1476)&#10;&quot;qtp887238034-669&quot; daemon prio=5 tid=669 timed_waiting&#10;java.lang.Thread.State: TIMED_WAITING&#10;        at java.base@21.0.8/jdk.internal.misc.Unsafe.park(Native Method)&#10;        at java.base@21.0.8/java.util.concurrent.locks.LockSupport.parkNanos(LockSupport.java:269)&#10;        at java.base@21.0.8/java.util.concurrent.locks.AbstractQueuedSynchronizer$ConditionObject.awaitNanos(AbstractQueuedSynchronizer.java:1763)&#10;        at app//org.eclipse.jetty.util.BlockingArrayQueue.poll(BlockingArrayQueue.java:382)&#10;        at app//org.eclipse.jetty.util.thread.QueuedThreadPool$Runner.idleJobPoll(QueuedThreadPool.java:974)&#10;        at app//org.eclipse.jetty.util.thread.QueuedThreadPool$Runner.run(QueuedThreadPool.java:1018)&#10;        at java.base@21.0.8/java.lang.Thread.runWith(Thread.java:1596)&#10;        at java.base@21.0.8/java.lang.Thread.run(Thread.java:1583)&#10;&quot;Timer-0&quot;  prio=5 tid=468 timed_waiting&#10;java.lang.Thread.State: TIMED_WAITING&#10;        at java.base@21.0.8/java.lang.Object.wait0(Native Method)&#10;        at java.base@21.0.8/java.lang.Object.wait(Object.java:366)&#10;        at java.base@21.0.8/java.util.TimerThread.mainLoop(Timer.java:563)&#10;        at java.base@21.0.8/java.util.TimerThread.run(Timer.java:516)&#10;&quot;Socket Reader #10 for port 15002&quot; daemon prio=5 tid=72 runnable&#10;java.lang.Thread.State: RUNNABLE&#10;        at java.base@21.0.8/sun.nio.ch.EPoll.wait(Native Method)&#10;        at java.base@21.0.8/sun.nio.ch.EPollSelectorImpl.doSelect(EPollSelectorImpl.java:121)&#10;        at java.base@21.0.8/sun.nio.ch.SelectorImpl.lockAndDoSelect(SelectorImpl.java:130)&#10;        at java.base@21.0.8/sun.nio.ch.SelectorImpl.select(SelectorImpl.java:147)&#10;        at app//org.apache.hadoop.ipc.Server$Listener$Reader.doRunLoop(Server.java:1497)&#10;        at app//org.apache.hadoop.ipc.Server$Listener$Reader.run(Server.java:1476)&#10;&quot;IPC Server handler 1 on default port 15000&quot; daemon prio=5 tid=122 timed_waiting&#10;java.lang.Thread.State: TIMED_WAITING&#10;        at java.base@21.0.8/jdk.internal.misc.Unsafe.park(Native Method)&#10;        at java.base@21.0.8/java.util.concurrent.locks.LockSupport.parkNanos(LockSupport.java:269)&#10;        at java.base@21.0.8/java.util.concurrent.locks.AbstractQueuedSynchronizer$ConditionObject.awaitNanos(AbstractQueuedSynchronizer.java:1763)&#10;        at java.base@21.0.8/java.util.concurrent.LinkedBlockingQueue.poll(LinkedBlockingQueue.java:460)&#10;        at app//org.apache.hadoop.ipc.CallQueueManager.take(CallQueueManager.java:370)&#10;        at app//org.apache.hadoop.ipc.Server$Handler.run(Server.java:3165)&#10;&quot;IPC Server handler 3 on default port 15001&quot; daemon prio=5 tid=224 timed_waiting&#10;java.lang.Thread.State: TIMED_WAITING&#10;        at java.base@21.0.8/jdk.internal.misc.Unsafe.park(Native Method)&#10;        at java.base@21.0.8/java.util.concurrent.locks.LockSupport.parkNanos(LockSupport.java:269)&#10;        at java.base@21.0.8/java.util.concurrent.locks.AbstractQueuedSynchronizer$ConditionObject.awaitNanos(AbstractQueuedSynchronizer.java:1763)&#10;        at java.base@21.0.8/java.util.concurrent.LinkedBlockingQueue.poll(LinkedBlockingQueue.java:460)&#10;        at app//org.apache.hadoop.ipc.CallQueueManager.take(CallQueueManager.java:370)&#10;        at app//org.apache.hadoop.ipc.Server$Handler.run(Server.java:3165)&#10;&quot;FixedThreadPoolWithAffinityExecutor-7-0&quot; daemon prio=5 tid=111 timed_waiting&#10;java.lang.Thread.State: TIMED_WAITING&#10;        at java.base@21.0.8/jdk.internal.misc.Unsafe.park(Native Method)&#10;        at java.base@21.0.8/java.util.concurrent.locks.LockSupport.parkNanos(LockSupport.java:269)&#10;        at java.base@21.0.8/java.util.concurrent.locks.AbstractQueuedSynchronizer$ConditionObject.awaitNanos(AbstractQueuedSynchronizer.java:1763)&#10;        at java.base@21.0.8/java.util.concurrent.LinkedBlockingQueue.poll(LinkedBlockingQueue.java:460)&#10;        at app//org.apache.hadoop.hdds.scm.server.ContainerReportQueue.poll(ContainerReportQueue.java:269)&#10;        at app//org.apache.hadoop.hdds.scm.server.ContainerReportQueue.poll(ContainerReportQueue.java:42)&#10;        at app//org.apache.hadoop.hdds.server.events.FixedThreadPoolWithAffinityExecutor$ContainerReportProcessTask.run(FixedThreadPoolWithAffinityExecutor.java:228)&#10;        at java.base@21.0.8/java.util.concurrent.Executors$RunnableAdapter.call(Executors.java:572)&#10;        at java.base@21.0.8/java.util.concurrent.FutureTask.run(FutureTask.java:317)&#10;        at java.base@21.0.8/java.util.concurrent.ThreadPoolExecutor.runWorker(ThreadPoolExecutor.java:1144)&#10;        at java.base@21.0.8/java.util.concurrent.ThreadPoolExecutor$Worker.run(ThreadPoolExecutor.java:642)&#10;        at java.base@21.0.8/java.lang.Thread.runWith(Thread.java:1596)&#10;        at java.base@21.0.8/java.lang.Thread.run(Thread.java:1583)&#10;&quot;IPC Server handler 47 on default port 15002&quot; daemon prio=5 tid=386 timed_waiting&#10;java.lang.Thread.State: TIMED_WAITING&#10;        at java.base@21.0.8/jdk.internal.misc.Unsafe.park(Native Method)&#10;        at java.base@21.0.8/java.util.concurrent.locks.LockSupport.parkNanos(LockSupport.java:269)&#10;        at java.base@21.0.8/java.util.concurrent.locks.AbstractQueuedSynchronizer$ConditionObject.awaitNanos(AbstractQueuedSynchronizer.java:1763)&#10;        at java.base@21.0.8/java.util.concurrent.LinkedBlockingQueue.poll(LinkedBlockingQueue.java:460)&#10;        at app//org.apache.hadoop.ipc.CallQueueManager.take(CallQueueManager.java:370)&#10;        at app//org.apache.hadoop.ipc.Server$Handler.run(Server.java:3165)&#10;&quot;om1-DirectoryDeletingService#0&quot; daemon prio=5 tid=475 in Object.wait()&#10;java.lang.Thread.State: WAITING (on object monitor)&#10;        at java.base@21.0.8/jdk.internal.misc.Unsafe.park(Native Method)&#10;        at java.base@21.0.8/java.util.concurrent.locks.LockSupport.park(LockSupport.java:371)&#10;        at java.base@21.0.8/java.util.concurrent.locks.AbstractQueuedSynchronizer$ConditionNode.block(AbstractQueuedSynchronizer.java:519)&#10;        at java.base@21.0.8/java.util.concurrent.ForkJoinPool.unmanagedBlock(ForkJoinPool.java:3780)&#10;        at java.base@21.0.8/java.util.concurrent.ForkJoinPool.managedBlock(ForkJoinPool.java:3725)&#10;        at java.base@21.0.8/java.util.concurrent.locks.AbstractQueuedSynchronizer$ConditionObject.await(AbstractQueuedSynchronizer.java:1712)&#10;        at java.base@21.0.8/java.util.concurrent.ScheduledThreadPoolExecutor$DelayedWorkQueue.take(ScheduledThreadPoolExecutor.java:1177)&#10;        at java.base@21.0.8/java.util.concurrent.ScheduledThreadPoolExecutor$DelayedWorkQueue.take(ScheduledThreadPoolExecutor.java:899)&#10;        at java.base@21.0.8/java.util.concurrent.ThreadPoolExecutor.getTask(ThreadPoolExecutor.java:1070)&#10;        at java.base@21.0.8/java.util.concurrent.ThreadPoolExecutor.runWorker(ThreadPoolExecutor.java:1130)&#10;        at java.base@21.0.8/java.util.concurrent.ThreadPoolExecutor$Worker.run(ThreadPoolExecutor.java:642)&#10;        at java.base@21.0.8/java.lang.Thread.runWith(Thread.java:1596)&#10;        at java.base@21.0.8/java.lang.Thread.run(Thread.java:1583)&#10;&quot;qtp976208765-612&quot; daemon prio=5 tid=612 runnable&#10;java.lang.Thread.State: RUNNABLE&#10;        at java.base@21.0.8/sun.nio.ch.EPoll.wait(Native Method)&#10;        at java.base@21.0.8/sun.nio.ch.EPollSelectorImpl.doSelect(EPollSelectorImpl.java:121)&#10;        at java.base@21.0.8/sun.nio.ch.SelectorImpl.lockAndDoSelect(SelectorImpl.java:130)&#10;        at java.base@21.0.8/sun.nio.ch.SelectorImpl.select(SelectorImpl.java:147)&#10;        at app//org.eclipse.jetty.io.ManagedSelector.nioSelect(ManagedSelector.java:183)&#10;        at app//org.eclipse.jetty.io.ManagedSelector.select(ManagedSelector.java:190)&#10;        at app//org.eclipse.jetty.io.ManagedSelector$SelectorProducer.select(ManagedSelector.java:606)&#10;        at app//org.eclipse.jetty.io.ManagedSelector$SelectorProducer.produce(ManagedSelector.java:543)&#10;        at app//org.eclipse.jetty.util.thread.strategy.EatWhatYouKill.produceTask(EatWhatYouKill.java:362)&#10;        at app//org.eclipse.jetty.util.thread.strategy.EatWhatYouKill.doProduce(EatWhatYouKill.java:186)&#10;        at app//org.eclipse.jetty.util.thread.strategy.EatWhatYouKill.tryProduce(EatWhatYouKill.java:173)&#10;        at app//org.eclipse.jetty.util.thread.strategy.EatWhatYouKill.produce(EatWhatYouKill.java:137)&#10;        at app//org.eclipse.jetty.io.ManagedSelector$$Lambda/0x00007fd1ac6ed508.run(Unknown Source)&#10;        at app//org.eclipse.jetty.util.thread.QueuedThreadPool.runJob(QueuedThreadPool.java:883)&#10;        at app//org.eclipse.jetty.util.thread.QueuedThreadPool$Runner.run(QueuedThreadPool.java:1034)&#10;        at java.base@21.0.8/java.lang.Thread.runWith(Thread.java:1596)&#10;        at java.base@21.0.8/java.lang.Thread.run(Thread.java:1583)&#10;&quot;IPC Server handler 0 on default port 15006&quot; daemon prio=5 tid=492 timed_waiting&#10;java.lang.Thread.State: TIMED_WAITING&#10;        at java.base@21.0.8/jdk.internal.misc.Unsafe.park(Native Method)&#10;        at java.base@21.0.8/java.util.concurrent.locks.LockSupport.parkNanos(LockSupport.java:269)&#10;        at java.base@21.0.8/java.util.concurrent.locks.AbstractQueuedSynchronizer$ConditionObject.awaitNanos(AbstractQueuedSynchronizer.java:1763)&#10;        at java.base@21.0.8/java.util.concurrent.LinkedBlockingQueue.poll(LinkedBlockingQueue.java:460)&#10;        at app//org.apache.hadoop.ipc.CallQueueManager.take(CallQueueManager.java:370)&#10;        at app//org.apache.hadoop.ipc.Server$Handler.run(Server.java:3165)&#10;&quot;CompactionDagPruningService&quot; daemon prio=5 tid=440 timed_waiting&#10;java.lang.Thread.State: TIMED_WAITING&#10;        at java.base@21.0.8/jdk.internal.misc.Unsafe.park(Native Method)&#10;        at java.base@21.0.8/java.util.concurrent.locks.LockSupport.parkNanos(LockSupport.java:269)&#10;        at java.base@21.0.8/java.util.concurrent.locks.AbstractQueuedSynchronizer$ConditionObject.awaitNanos(AbstractQueuedSynchronizer.java:1763)&#10;        at java.base@21.0.8/java.util.concurrent.ScheduledThreadPoolExecutor$DelayedWorkQueue.take(ScheduledThreadPoolExecutor.java:1182)&#10;        at java.base@21.0.8/java.util.concurrent.ScheduledThreadPoolExecutor$DelayedWorkQueue.take(ScheduledThreadPoolExecutor.java:899)&#10;        at java.base@21.0.8/java.util.concurrent.ThreadPoolExecutor.getTask(ThreadPoolExecutor.java:1070)&#10;        at java.base@21.0.8/java.util.concurrent.ThreadPoolExecutor.runWorker(ThreadPoolExecutor.java:1130)&#10;        at java.base@21.0.8/java.util.concurrent.ThreadPoolExecutor$Worker.run(ThreadPoolExecutor.java:642)&#10;        at java.base@21.0.8/java.lang.Thread.runWith(Thread.java:1596)&#10;        at java.base@21.0.8/java.lang.Thread.run(Thread.java:1583)&#10;&quot;83932d67-4fdc-4fe4-8fe1-3df6c3f1844a-BlockDeletingService#1&quot; daemon prio=5 tid=741 in Object.wait()&#10;java.lang.Thread.State: WAITING (on object monitor)&#10;        at java.base@21.0.8/jdk.internal.misc.Unsafe.park(Native Method)&#10;        at java.base@21.0.8/java.util.concurrent.locks.LockSupport.park(LockSupport.java:371)&#10;        at java.base@21.0.8/java.util.concurrent.locks.AbstractQueuedSynchronizer$ConditionNode.block(AbstractQueuedSynchronizer.java:519)&#10;        at java.base@21.0.8/java.util.concurrent.ForkJoinPool.unmanagedBlock(ForkJoinPool.java:3780)&#10;        at java.base@21.0.8/java.util.concurrent.ForkJoinPool.managedBlock(ForkJoinPool.java:3725)&#10;        at java.base@21.0.8/java.util.concurrent.locks.AbstractQueuedSynchronizer$ConditionObject.await(AbstractQueuedSynchronizer.java:1712)&#10;        at java.base@21.0.8/java.util.concurrent.ScheduledThreadPoolExecutor$DelayedWorkQueue.take(ScheduledThreadPoolExecutor.java:1177)&#10;        at java.base@21.0.8/java.util.concurrent.ScheduledThreadPoolExecutor$DelayedWorkQueue.take(ScheduledThreadPoolExecutor.java:899)&#10;        at java.base@21.0.8/java.util.concurrent.ThreadPoolExecutor.getTask(ThreadPoolExecutor.java:1070)&#10;        at java.base@21.0.8/java.util.concurrent.ThreadPoolExecutor.runWorker(ThreadPoolExecutor.java:1130)&#10;        at java.base@21.0.8/java.util.concurrent.ThreadPoolExecutor$Worker.run(ThreadPoolExecutor.java:642)&#10;        at java.base@21.0.8/java.lang.Thread.runWith(Thread.java:1596)&#10;        at java.base@21.0.8/java.lang.Thread.run(Thread.java:1583)&#10;&quot;Socket Reader #9 for port 15000&quot; daemon prio=5 tid=99 runnable&#10;java.lang.Thread.State: RUNNABLE&#10;        at java.base@21.0.8/sun.nio.ch.EPoll.wait(Native Method)&#10;        at java.base@21.0.8/sun.nio.ch.EPollSelectorImpl.doSelect(EPollSelectorImpl.java:121)&#10;        at java.base@21.0.8/sun.nio.ch.SelectorImpl.lockAndDoSelect(SelectorImpl.java:130)&#10;        at java.base@21.0.8/sun.nio.ch.SelectorImpl.select(SelectorImpl.java:147)&#10;        at app//org.apache.hadoop.ipc.Server$Listener$Reader.doRunLoop(Server.java:1497)&#10;        at app//org.apache.hadoop.ipc.Server$Listener$Reader.run(Server.java:1476)&#10;&quot;grpc-default-executor-5&quot; daemon prio=5 tid=1039 timed_waiting&#10;java.lang.Thread.State: TIMED_WAITING&#10;        at java.base@21.0.8/jdk.internal.misc.Unsafe.park(Native Method)&#10;        at java.base@21.0.8/java.util.concurrent.locks.LockSupport.parkNanos(LockSupport.java:410)&#10;        at java.base@21.0.8/java.util.concurrent.LinkedTransferQueue$DualNode.await(LinkedTransferQueue.java:452)&#10;        at java.base@21.0.8/java.util.concurrent.SynchronousQueue$Transferer.xferLifo(SynchronousQueue.java:194)&#10;        at java.base@21.0.8/java.util.concurrent.SynchronousQueue.xfer(SynchronousQueue.java:235)&#10;        at java.base@21.0.8/java.util.concurrent.SynchronousQueue.poll(SynchronousQueue.java:338)&#10;        at java.base@21.0.8/java.util.concurrent.ThreadPoolExecutor.getTask(ThreadPoolExecutor.java:1069)&#10;        at java.base@21.0.8/java.util.concurrent.ThreadPoolExecutor.runWorker(ThreadPoolExecutor.java:1130)&#10;        at java.base@21.0.8/java.util.concurrent.ThreadPoolExecutor$Worker.run(ThreadPoolExecutor.java:642)&#10;        at java.base@21.0.8/java.lang.Thread.runWith(Thread.java:1596)&#10;        at java.base@21.0.8/java.lang.Thread.run(Thread.java:1583)&#10;&quot;IPC Server handler 7 on default port 15006&quot; daemon prio=5 tid=499 timed_waiting&#10;java.lang.Thread.State: TIMED_WAITING&#10;        at java.base@21.0.8/jdk.internal.misc.Unsafe.park(Native Method)&#10;        at java.base@21.0.8/java.util.concurrent.locks.LockSupport.parkNanos(LockSupport.java:269)&#10;        at java.base@21.0.8/java.util.concurrent.locks.AbstractQueuedSynchronizer$ConditionObject.awaitNanos(AbstractQueuedSynchronizer.java:1763)&#10;        at java.base@21.0.8/java.util.concurrent.LinkedBlockingQueue.poll(LinkedBlockingQueue.java:460)&#10;        at app//org.apache.hadoop.ipc.CallQueueManager.take(CallQueueManager.java:370)&#10;        at app//org.apache.hadoop.ipc.Server$Handler.run(Server.java:3165)&#10;&quot;IPC Server handler 7 on default port 15027&quot; daemon prio=5 tid=644 timed_waiting&#10;java.lang.Thread.State: TIMED_WAITING&#10;        at java.base@21.0.8/jdk.internal.misc.Unsafe.park(Native Method)&#10;        at java.base@21.0.8/java.util.concurrent.locks.LockSupport.parkNanos(LockSupport.java:269)&#10;        at java.base@21.0.8/java.util.concurrent.locks.AbstractQueuedSynchronizer$ConditionObject.awaitNanos(AbstractQueuedSynchronizer.java:1763)&#10;        at java.base@21.0.8/java.util.concurrent.LinkedBlockingQueue.poll(LinkedBlockingQueue.java:460)&#10;        at app//org.apache.hadoop.ipc.CallQueueManager.take(CallQueueManager.java:370)&#10;        at app//org.apache.hadoop.ipc.Server$Handler.run(Server.java:3165)&#10;&quot;timer2&quot; daemon prio=5 tid=988 timed_waiting&#10;java.lang.Thread.State: TIMED_WAITING&#10;        at java.base@21.0.8/java.lang.Object.wait0(Native Method)&#10;        at java.base@21.0.8/java.lang.Object.wait(Object.java:366)&#10;        at java.base@21.0.8/java.util.TimerThread.mainLoop(Timer.java:563)&#10;        at java.base@21.0.8/java.util.TimerThread.run(Timer.java:516)&#10;&quot;IPC Server handler 44 on default port 15001&quot; daemon prio=5 tid=265 timed_waiting&#10;java.lang.Thread.State: TIMED_WAITING&#10;        at java.base@21.0.8/jdk.internal.misc.Unsafe.park(Native Method)&#10;        at java.base@21.0.8/java.util.concurrent.locks.LockSupport.parkNanos(LockSupport.java:269)&#10;        at java.base@21.0.8/java.util.concurrent.locks.AbstractQueuedSynchronizer$ConditionObject.awaitNanos(AbstractQueuedSynchronizer.java:1763)&#10;        at java.base@21.0.8/java.util.concurrent.LinkedBlockingQueue.poll(LinkedBlockingQueue.java:460)&#10;        at app//org.apache.hadoop.ipc.CallQueueManager.take(CallQueueManager.java:370)&#10;        at app//org.apache.hadoop.ipc.Server$Handler.run(Server.java:3165)&#10;&quot;RatisPipelineUtilsThread-0&quot;  prio=5 tid=55 timed_waiting&#10;java.lang.Thread.State: TIMED_WAITING&#10;        at java.base@21.0.8/java.lang.Object.wait0(Native Method)&#10;        at java.base@21.0.8/java.lang.Object.wait(Object.java:366)&#10;        at app//org.apache.hadoop.hdds.scm.pipeline.BackgroundPipelineCreator.run(BackgroundPipelineCreator.java:181)&#10;        at app//org.apache.hadoop.hdds.scm.pipeline.BackgroundPipelineCreator$$Lambda/0x00007fd1ac507940.run(Unknown Source)&#10;        at java.base@21.0.8/java.lang.Thread.runWith(Thread.java:1596)&#10;        at java.base@21.0.8/java.lang.Thread.run(Thread.java:1583)&#10;&quot;IPC Server handler 90 on default port 15001&quot; daemon prio=5 tid=311 timed_waiting&#10;java.lang.Thread.State: TIMED_WAITING&#10;        at java.base@21.0.8/jdk.internal.misc.Unsafe.park(Native Method)&#10;        at java.base@21.0.8/java.util.concurrent.locks.LockSupport.parkNanos(LockSupport.java:269)&#10;        at java.base@21.0.8/java.util.concurrent.locks.AbstractQueuedSynchronizer$ConditionObject.awaitNanos(AbstractQueuedSynchronizer.java:1763)&#10;        at java.base@21.0.8/java.util.concurrent.LinkedBlockingQueue.poll(LinkedBlockingQueue.java:460)&#10;        at app//org.apache.hadoop.ipc.CallQueueManager.take(CallQueueManager.java:370)&#10;        at app//org.apache.hadoop.ipc.Server$Handler.run(Server.java:3165)&#10;&quot;Socket Reader #10 for port 15006&quot; daemon prio=5 tid=459 runnable&#10;java.lang.Thread.State: RUNNABLE&#10;        at java.base@21.0.8/sun.nio.ch.EPoll.wait(Native Method)&#10;        at java.base@21.0.8/sun.nio.ch.EPollSelectorImpl.doSelect(EPollSelectorImpl.java:121)&#10;        at java.base@21.0.8/sun.nio.ch.SelectorImpl.lockAndDoSelect(SelectorImpl.java:130)&#10;        at java.base@21.0.8/sun.nio.ch.SelectorImpl.select(SelectorImpl.java:147)&#10;        at app//org.apache.hadoop.ipc.Server$Listener$Reader.doRunLoop(Server.java:1497)&#10;        at app//org.apache.hadoop.ipc.Server$Listener$Reader.run(Server.java:1476)&#10;&quot;qtp976208765-616&quot; daemon prio=5 tid=616 timed_waiting&#10;java.lang.Thread.State: TIMED_WAITING&#10;        at java.base@21.0.8/jdk.internal.misc.Unsafe.park(Native Method)&#10;        at java.base@21.0.8/java.util.concurrent.locks.LockSupport.parkNanos(LockSupport.java:269)&#10;        at java.base@21.0.8/java.util.concurrent.locks.AbstractQueuedSynchronizer$ConditionObject.awaitNanos(AbstractQueuedSynchronizer.java:1763)&#10;        at app//org.eclipse.jetty.util.BlockingArrayQueue.poll(BlockingArrayQueue.java:382)&#10;        at app//org.eclipse.jetty.util.thread.QueuedThreadPool$Runner.idleJobPoll(QueuedThreadPool.java:974)&#10;        at app//org.eclipse.jetty.util.thread.QueuedThreadPool$Runner.run(QueuedThreadPool.java:1018)&#10;        at java.base@21.0.8/java.lang.Thread.runWith(Thread.java:1596)&#10;        at java.base@21.0.8/java.lang.Thread.run(Thread.java:1583)&#10;&quot;Socket Reader #2 for port 15043&quot; daemon prio=5 tid=763 runnable&#10;java.lang.Thread.State: RUNNABLE&#10;        at java.base@21.0.8/sun.nio.ch.EPoll.wait(Native Method)&#10;        at java.base@21.0.8/sun.nio.ch.EPollSelectorImpl.doSelect(EPollSelectorImpl.java:121)&#10;        at java.base@21.0.8/sun.nio.ch.SelectorImpl.lockAndDoSelect(SelectorImpl.java:130)&#10;        at java.base@21.0.8/sun.nio.ch.SelectorImpl.select(SelectorImpl.java:147)&#10;        at app//org.apache.hadoop.ipc.Server$Listener$Reader.doRunLoop(Server.java:1497)&#10;        at app//org.apache.hadoop.ipc.Server$Listener$Reader.run(Server.java:1476)&#10;&quot;IPC Server handler 13 on default port 15000&quot; daemon prio=5 tid=134 timed_waiting&#10;java.lang.Thread.State: TIMED_WAITING&#10;        at java.base@21.0.8/jdk.internal.misc.Unsafe.park(Native Method)&#10;        at java.base@21.0.8/java.util.concurrent.locks.LockSupport.parkNanos(LockSupport.java:269)&#10;        at java.base@21.0.8/java.util.concurrent.locks.AbstractQueuedSynchronizer$ConditionObject.awaitNanos(AbstractQueuedSynchronizer.java:1763)&#10;        at java.base@21.0.8/java.util.concurrent.LinkedBlockingQueue.poll(LinkedBlockingQueue.java:460)&#10;        at app//org.apache.hadoop.ipc.CallQueueManager.take(CallQueueManager.java:370)&#10;        at app//org.apache.hadoop.ipc.Server$Handler.run(Server.java:3165)&#10;&quot;IPC Server handler 2 on default port 15000&quot; daemon prio=5 tid=123 timed_waiting&#10;java.lang.Thread.State: TIMED_WAITING&#10;        at java.base@21.0.8/jdk.internal.misc.Unsafe.park(Native Method)&#10;        at java.base@21.0.8/java.util.concurrent.locks.LockSupport.parkNanos(LockSupport.java:269)&#10;        at java.base@21.0.8/java.util.concurrent.locks.AbstractQueuedSynchronizer$ConditionObject.awaitNanos(AbstractQueuedSynchronizer.java:1763)&#10;        at java.base@21.0.8/java.util.concurrent.LinkedBlockingQueue.poll(LinkedBlockingQueue.java:460)&#10;        at app//org.apache.hadoop.ipc.CallQueueManager.take(CallQueueManager.java:370)&#10;        at app//org.apache.hadoop.ipc.Server$Handler.run(Server.java:3165)&#10;&quot;om1@group-C5BA1605619E-SegmentedRaftLogWorker&quot; daemon prio=5 tid=464 timed_waiting&#10;java.lang.Thread.State: TIMED_WAITING&#10;        at java.base@21.0.8/jdk.internal.misc.Unsafe.park(Native Method)&#10;        at java.base@21.0.8/java.util.concurrent.locks.LockSupport.parkNanos(LockSupport.java:269)&#10;        at java.base@21.0.8/java.util.concurrent.locks.AbstractQueuedSynchronizer$ConditionObject.awaitNanos(AbstractQueuedSynchronizer.java:1763)&#10;        at app//org.apache.ratis.util.DataBlockingQueue.poll(DataBlockingQueue.java:148)&#10;        at app//org.apache.ratis.server.raftlog.segmented.SegmentedRaftLogWorker.run(SegmentedRaftLogWorker.java:309)&#10;        at app//org.apache.ratis.server.raftlog.segmented.SegmentedRaftLogWorker$$Lambda/0x00007fd1ac39e8e0.run(Unknown Source)&#10;        at java.base@21.0.8/java.util.concurrent.Executors$RunnableAdapter.call(Executors.java:572)&#10;        at java.base@21.0.8/java.util.concurrent.FutureTask.run(FutureTask.java:317)&#10;        at java.base@21.0.8/java.util.concurrent.ThreadPoolExecutor.runWorker(ThreadPoolExecutor.java:1144)&#10;        at java.base@21.0.8/java.util.concurrent.ThreadPoolExecutor$Worker.run(ThreadPoolExecutor.java:642)&#10;        at java.base@21.0.8/java.lang.Thread.runWith(Thread.java:1596)&#10;        at java.base@21.0.8/java.lang.Thread.run(Thread.java:1583)&#10;&quot;25d9f169-1c9e-47c6-a2a2-d20fb3c5fda2-BlockDeletingService#0&quot; daemon prio=5 tid=825 timed_waiting&#10;java.lang.Thread.State: TIMED_WAITING&#10;        at java.base@21.0.8/jdk.internal.misc.Unsafe.park(Native Method)&#10;        at java.base@21.0.8/java.util.concurrent.locks.LockSupport.parkNanos(LockSupport.java:269)&#10;        at java.base@21.0.8/java.util.concurrent.locks.AbstractQueuedSynchronizer$ConditionObject.awaitNanos(AbstractQueuedSynchronizer.java:1763)&#10;        at java.base@21.0.8/java.util.concurrent.ScheduledThreadPoolExecutor$DelayedWorkQueue.take(ScheduledThreadPoolExecutor.java:1182)&#10;        at java.base@21.0.8/java.util.concurrent.ScheduledThreadPoolExecutor$DelayedWorkQueue.take(ScheduledThreadPoolExecutor.java:899)&#10;        at java.base@21.0.8/java.util.concurrent.ThreadPoolExecutor.getTask(ThreadPoolExecutor.java:1070)&#10;        at java.base@21.0.8/java.util.concurrent.ThreadPoolExecutor.runWorker(ThreadPoolExecutor.java:1130)&#10;        at java.base@21.0.8/java.util.concurrent.ThreadPoolExecutor$Worker.run(ThreadPoolExecutor.java:642)&#10;        at java.base@21.0.8/java.lang.Thread.runWith(Thread.java:1596)&#10;        at java.base@21.0.8/java.lang.Thread.run(Thread.java:1583)&#10;&quot;Socket Reader #8 for port 15027&quot; daemon prio=5 tid=631 runnable&#10;java.lang.Thread.State: RUNNABLE&#10;        at java.base@21.0.8/sun.nio.ch.EPoll.wait(Native Method)&#10;        at java.base@21.0.8/sun.nio.ch.EPollSelectorImpl.doSelect(EPollSelectorImpl.java:121)&#10;        at java.base@21.0.8/sun.nio.ch.SelectorImpl.lockAndDoSelect(SelectorImpl.java:130)&#10;        at java.base@21.0.8/sun.nio.ch.SelectorImpl.select(SelectorImpl.java:147)&#10;        at app//org.apache.hadoop.ipc.Server$Listener$Reader.doRunLoop(Server.java:1497)&#10;        at app//org.apache.hadoop.ipc.Server$Listener$Reader.run(Server.java:1476)&#10;&quot;IPC Server handler 53 on default port 15001&quot; daemon prio=5 tid=274 timed_waiting&#10;java.lang.Thread.State: TIMED_WAITING&#10;        at java.base@21.0.8/jdk.internal.misc.Unsafe.park(Native Method)&#10;        at java.base@21.0.8/java.util.concurrent.locks.LockSupport.parkNanos(LockSupport.java:269)&#10;        at java.base@21.0.8/java.util.concurrent.locks.AbstractQueuedSynchronizer$ConditionObject.awaitNanos(AbstractQueuedSynchronizer.java:1763)&#10;        at java.base@21.0.8/java.util.concurrent.LinkedBlockingQueue.poll(LinkedBlockingQueue.java:460)&#10;        at app//org.apache.hadoop.ipc.CallQueueManager.take(CallQueueManager.java:370)&#10;        at app//org.apache.hadoop.ipc.Server$Handler.run(Server.java:3165)&#10;&quot;qtp1960486456-484&quot; daemon prio=5 tid=484 runnable&#10;java.lang.Thread.State: RUNNABLE&#10;        at java.base@21.0.8/sun.nio.ch.EPoll.wait(Native Method)&#10;        at java.base@21.0.8/sun.nio.ch.EPollSelectorImpl.doSelect(EPollSelectorImpl.java:121)&#10;        at java.base@21.0.8/sun.nio.ch.SelectorImpl.lockAndDoSelect(SelectorImpl.java:130)&#10;        at java.base@21.0.8/sun.nio.ch.SelectorImpl.select(SelectorImpl.java:147)&#10;        at app//org.eclipse.jetty.io.ManagedSelector.nioSelect(ManagedSelector.java:183)&#10;        at app//org.eclipse.jetty.io.ManagedSelector.select(ManagedSelector.java:190)&#10;        at app//org.eclipse.jetty.io.ManagedSelector$SelectorProducer.select(ManagedSelector.java:606)&#10;        at app//org.eclipse.jetty.io.ManagedSelector$SelectorProducer.produce(ManagedSelector.java:543)&#10;        at app//org.eclipse.jetty.util.thread.strategy.EatWhatYouKill.produceTask(EatWhatYouKill.java:362)&#10;        at app//org.eclipse.jetty.util.thread.strategy.EatWhatYouKill.doProduce(EatWhatYouKill.java:186)&#10;        at app//org.eclipse.jetty.util.thread.strategy.EatWhatYouKill.tryProduce(EatWhatYouKill.java:173)&#10;        at app//org.eclipse.jetty.util.thread.strategy.EatWhatYouKill.produce(EatWhatYouKill.java:137)&#10;        at app//org.eclipse.jetty.io.ManagedSelector$$Lambda/0x00007fd1ac6ed508.run(Unknown Source)&#10;        at app//org.eclipse.jetty.util.thread.QueuedThreadPool.runJob(QueuedThreadPool.java:883)&#10;        at app//org.eclipse.jetty.util.thread.QueuedThreadPool$Runner.run(QueuedThreadPool.java:1034)&#10;        at java.base@21.0.8/java.lang.Thread.runWith(Thread.java:1596)&#10;        at java.base@21.0.8/java.lang.Thread.run(Thread.java:1583)&#10;&quot;IPC Server handler 46 on default port 15002&quot; daemon prio=5 tid=385 timed_waiting&#10;java.lang.Thread.State: TIMED_WAITING&#10;        at java.base@21.0.8/jdk.internal.misc.Unsafe.park(Native Method)&#10;        at java.base@21.0.8/java.util.concurrent.locks.LockSupport.parkNanos(LockSupport.java:269)&#10;        at java.base@21.0.8/java.util.concurrent.locks.AbstractQueuedSynchronizer$ConditionObject.awaitNanos(AbstractQueuedSynchronizer.java:1763)&#10;        at java.base@21.0.8/java.util.concurrent.LinkedBlockingQueue.poll(LinkedBlockingQueue.java:460)&#10;        at app//org.apache.hadoop.ipc.CallQueueManager.take(CallQueueManager.java:370)&#10;        at app//org.apache.hadoop.ipc.Server$Handler.run(Server.java:3165)&#10;&quot;Socket Reader #10 for port 15001&quot; daemon prio=5 tid=86 runnable&#10;java.lang.Thread.State: RUNNABLE&#10;        at java.base@21.0.8/sun.nio.ch.EPoll.wait(Native Method)&#10;        at java.base@21.0.8/sun.nio.ch.EPollSelectorImpl.doSelect(EPollSelectorImpl.java:121)&#10;        at java.base@21.0.8/sun.nio.ch.SelectorImpl.lockAndDoSelect(SelectorImpl.java:130)&#10;        at java.base@21.0.8/sun.nio.ch.SelectorImpl.select(SelectorImpl.java:147)&#10;        at app//org.apache.hadoop.ipc.Server$Listener$Reader.doRunLoop(Server.java:1497)&#10;        at app//org.apache.hadoop.ipc.Server$Listener$Reader.run(Server.java:1476)&#10;&quot;IPC Server handler 71 on default port 15000&quot; daemon prio=5 tid=192 timed_waiting&#10;java.lang.Thread.State: TIMED_WAITING&#10;        at java.base@21.0.8/jdk.internal.misc.Unsafe.park(Native Method)&#10;        at java.base@21.0.8/java.util.concurrent.locks.LockSupport.parkNanos(LockSupport.java:269)&#10;        at java.base@21.0.8/java.util.concurrent.locks.AbstractQueuedSynchronizer$ConditionObject.awaitNanos(AbstractQueuedSynchronizer.java:1763)&#10;        at java.base@21.0.8/java.util.concurrent.LinkedBlockingQueue.poll(LinkedBlockingQueue.java:460)&#10;        at app//org.apache.hadoop.ipc.CallQueueManager.take(CallQueueManager.java:370)&#10;        at app//org.apache.hadoop.ipc.Server$Handler.run(Server.java:3165)&#10;&quot;qtp1507617108-326-acceptor-0@7c23ac06-ServerConnector@6e15e514{HTTP/1.1, (http/1.1)}{0.0.0.0:15003}&quot; daemon prio=3 tid=326 runnable&#10;java.lang.Thread.State: RUNNABLE&#10;        at java.base@21.0.8/sun.nio.ch.Net.accept(Native Method)&#10;        at java.base@21.0.8/sun.nio.ch.ServerSocketChannelImpl.implAccept(ServerSocketChannelImpl.java:433)&#10;        at java.base@21.0.8/sun.nio.ch.ServerSocketChannelImpl.accept(ServerSocketChannelImpl.java:399)&#10;        at app//org.eclipse.jetty.server.ServerConnector.accept(ServerConnector.java:388)&#10;        at app//org.eclipse.jetty.server.AbstractConnector$Acceptor.run(AbstractConnector.java:704)&#10;        at app//org.eclipse.jetty.util.thread.QueuedThreadPool.runJob(QueuedThreadPool.java:883)&#10;        at app//org.eclipse.jetty.util.thread.QueuedThreadPool$Runner.run(QueuedThreadPool.java:1034)&#10;        at java.base@21.0.8/java.lang.Thread.runWith(Thread.java:1596)&#10;        at java.base@21.0.8/java.lang.Thread.run(Thread.java:1583)&#10;&quot;IPC Server handler 60 on default port 15001&quot; daemon prio=5 tid=281 timed_waiting&#10;java.lang.Thread.State: TIMED_WAITING&#10;        at java.base@21.0.8/jdk.internal.misc.Unsafe.park(Native Method)&#10;        at java.base@21.0.8/java.util.concurrent.locks.LockSupport.parkNanos(LockSupport.java:269)&#10;        at java.base@21.0.8/java.util.concurrent.locks.AbstractQueuedSynchronizer$ConditionObject.awaitNanos(AbstractQueuedSynchronizer.java:1763)&#10;        at java.base@21.0.8/java.util.concurrent.LinkedBlockingQueue.poll(LinkedBlockingQueue.java:460)&#10;        at app//org.apache.hadoop.ipc.CallQueueManager.take(CallQueueManager.java:370)&#10;        at app//org.apache.hadoop.ipc.Server$Handler.run(Server.java:3165)&#10;&quot;IPC Server handler 1 on default port 15027&quot; daemon prio=5 tid=638 timed_waiting&#10;java.lang.Thread.State: TIMED_WAITING&#10;        at java.base@21.0.8/jdk.internal.misc.Unsafe.park(Native Method)&#10;        at java.base@21.0.8/java.util.concurrent.locks.LockSupport.parkNanos(LockSupport.java:269)&#10;        at java.base@21.0.8/java.util.concurrent.locks.AbstractQueuedSynchronizer$ConditionObject.awaitNanos(AbstractQueuedSynchronizer.java:1763)&#10;        at java.base@21.0.8/java.util.concurrent.LinkedBlockingQueue.poll(LinkedBlockingQueue.java:460)&#10;        at app//org.apache.hadoop.ipc.CallQueueManager.take(CallQueueManager.java:370)&#10;        at app//org.apache.hadoop.ipc.Server$Handler.run(Server.java:3165)&#10;&quot;UnderReplicatedProcessor&quot; daemon prio=5 tid=59 timed_waiting&#10;java.lang.Thread.State: TIMED_WAITING&#10;        at java.base@21.0.8/java.lang.Object.wait0(Native Method)&#10;        at java.base@21.0.8/java.lang.Object.wait(Object.java:366)&#10;        at app//org.apache.hadoop.hdds.scm.container.replication.UnhealthyReplicationProcessor.run(UnhealthyReplicationProcessor.java:172)&#10;        at java.base@21.0.8/java.lang.Thread.runWith(Thread.java:1596)&#10;        at java.base@21.0.8/java.lang.Thread.run(Thread.java:1583)&#10;&quot;18da7ee6-49f7-45ee-8090-861a49f32d36@group-F78CC9DDB469-LeaderStateImpl&quot; daemon prio=5 tid=1083 timed_waiting&#10;java.lang.Thread.State: TIMED_WAITING&#10;        at java.base@21.0.8/jdk.internal.misc.Unsafe.park(Native Method)&#10;        at java.base@21.0.8/java.util.concurrent.locks.LockSupport.parkNanos(LockSupport.java:269)&#10;        at java.base@21.0.8/java.util.concurrent.locks.AbstractQueuedSynchronizer$ConditionObject.awaitNanos(AbstractQueuedSynchronizer.java:1763)&#10;        at java.base@21.0.8/java.util.concurrent.ArrayBlockingQueue.poll(ArrayBlockingQueue.java:435)&#10;        at app//org.apache.ratis.server.impl.LeaderStateImpl$EventQueue.poll(LeaderStateImpl.java:168)&#10;        at app//org.apache.ratis.server.impl.LeaderStateImpl$EventProcessor.run(LeaderStateImpl.java:761)&#10;&quot;Socket Reader #3 for port 15002&quot; daemon prio=5 tid=65 runnable&#10;java.lang.Thread.State: RUNNABLE&#10;        at java.base@21.0.8/sun.nio.ch.EPoll.wait(Native Method)&#10;        at java.base@21.0.8/sun.nio.ch.EPollSelectorImpl.doSelect(EPollSelectorImpl.java:121)&#10;        at java.base@21.0.8/sun.nio.ch.SelectorImpl.lockAndDoSelect(SelectorImpl.java:130)&#10;        at java.base@21.0.8/sun.nio.ch.SelectorImpl.select(SelectorImpl.java:147)&#10;        at app//org.apache.hadoop.ipc.Server$Listener$Reader.doRunLoop(Server.java:1497)&#10;        at app//org.apache.hadoop.ipc.Server$Listener$Reader.run(Server.java:1476)&#10;&quot;25d9f169-1c9e-47c6-a2a2-d20fb3c5fda2-DatanodeReportManager-1&quot; daemon prio=5 tid=717 in Object.wait()&#10;java.lang.Thread.State: WAITING (on object monitor)&#10;        at java.base@21.0.8/jdk.internal.misc.Unsafe.park(Native Method)&#10;        at java.base@21.0.8/java.util.concurrent.locks.LockSupport.park(LockSupport.java:371)&#10;        at java.base@21.0.8/java.util.concurrent.locks.AbstractQueuedSynchronizer$ConditionNode.block(AbstractQueuedSynchronizer.java:519)&#10;        at java.base@21.0.8/java.util.concurrent.ForkJoinPool.unmanagedBlock(ForkJoinPool.java:3780)&#10;        at java.base@21.0.8/java.util.concurrent.ForkJoinPool.managedBlock(ForkJoinPool.java:3725)&#10;        at java.base@21.0.8/java.util.concurrent.locks.AbstractQueuedSynchronizer$ConditionObject.await(AbstractQueuedSynchronizer.java:1712)&#10;        at java.base@21.0.8/java.util.concurrent.ScheduledThreadPoolExecutor$DelayedWorkQueue.take(ScheduledThreadPoolExecutor.java:1177)&#10;        at java.base@21.0.8/java.util.concurrent.ScheduledThreadPoolExecutor$DelayedWorkQueue.take(ScheduledThreadPoolExecutor.java:899)&#10;        at java.base@21.0.8/java.util.concurrent.ThreadPoolExecutor.getTask(ThreadPoolExecutor.java:1070)&#10;        at java.base@21.0.8/java.util.concurrent.ThreadPoolExecutor.runWorker(ThreadPoolExecutor.java:1130)&#10;        at java.base@21.0.8/java.util.concurrent.ThreadPoolExecutor$Worker.run(ThreadPoolExecutor.java:642)&#10;        at java.base@21.0.8/java.lang.Thread.runWith(Thread.java:1596)&#10;        at java.base@21.0.8/java.lang.Thread.run(Thread.java:1583)&#10;&quot;IPC Server handler 67 on default port 15002&quot; daemon prio=5 tid=406 timed_waiting&#10;java.lang.Thread.State: TIMED_WAITING&#10;        at java.base@21.0.8/jdk.internal.misc.Unsafe.park(Native Method)&#10;        at java.base@21.0.8/java.util.concurrent.locks.LockSupport.parkNanos(LockSupport.java:269)&#10;        at java.base@21.0.8/java.util.concurrent.locks.AbstractQueuedSynchronizer$ConditionObject.awaitNanos(AbstractQueuedSynchronizer.java:1763)&#10;        at java.base@21.0.8/java.util.concurrent.LinkedBlockingQueue.poll(LinkedBlockingQueue.java:460)&#10;        at app//org.apache.hadoop.ipc.CallQueueManager.take(CallQueueManager.java:370)&#10;        at app//org.apache.hadoop.ipc.Server$Handler.run(Server.java:3165)&#10;&quot;EventQueue-DatanodeCommandQueueUpdatedForDatanodeCommandCountUpdatedHandler&quot; daemon prio=5 tid=830 in Object.wait()&#10;java.lang.Thread.State: WAITING (on object monitor)&#10;        at java.base@21.0.8/jdk.internal.misc.Unsafe.park(Native Method)&#10;        at java.base@21.0.8/java.util.concurrent.locks.LockSupport.park(LockSupport.java:371)&#10;        at java.base@21.0.8/java.util.concurrent.locks.AbstractQueuedSynchronizer$ConditionNode.block(AbstractQueuedSynchronizer.java:519)&#10;        at java.base@21.0.8/java.util.concurrent.ForkJoinPool.unmanagedBlock(ForkJoinPool.java:3780)&#10;        at java.base@21.0.8/java.util.concurrent.ForkJoinPool.managedBlock(ForkJoinPool.java:3725)&#10;        at java.base@21.0.8/java.util.concurrent.locks.AbstractQueuedSynchronizer$ConditionObject.await(AbstractQueuedSynchronizer.java:1712)&#10;        at java.base@21.0.8/java.util.concurrent.LinkedBlockingQueue.take(LinkedBlockingQueue.java:435)&#10;        at java.base@21.0.8/java.util.concurrent.ThreadPoolExecutor.getTask(ThreadPoolExecutor.java:1070)&#10;        at java.base@21.0.8/java.util.concurrent.ThreadPoolExecutor.runWorker(ThreadPoolExecutor.java:1130)&#10;        at java.base@21.0.8/java.util.concurrent.ThreadPoolExecutor$Worker.run(ThreadPoolExecutor.java:642)&#10;        at java.base@21.0.8/java.lang.Thread.runWith(Thread.java:1596)&#10;        at java.base@21.0.8/java.lang.Thread.run(Thread.java:1583)&#10;&quot;25d9f169-1c9e-47c6-a2a2-d20fb3c5fda2-ChunkWriter-0-0&quot; daemon prio=5 tid=819 in Object.wait()&#10;java.lang.Thread.State: WAITING (on object monitor)&#10;        at java.base@21.0.8/jdk.internal.misc.Unsafe.park(Native Method)&#10;        at java.base@21.0.8/java.util.concurrent.locks.LockSupport.park(LockSupport.java:371)&#10;        at java.base@21.0.8/java.util.concurrent.locks.AbstractQueuedSynchronizer$ConditionNode.block(AbstractQueuedSynchronizer.java:519)&#10;        at java.base@21.0.8/java.util.concurrent.ForkJoinPool.unmanagedBlock(ForkJoinPool.java:3780)&#10;        at java.base@21.0.8/java.util.concurrent.ForkJoinPool.managedBlock(ForkJoinPool.java:3725)&#10;        at java.base@21.0.8/java.util.concurrent.locks.AbstractQueuedSynchronizer$ConditionObject.await(AbstractQueuedSynchronizer.java:1712)&#10;        at java.base@21.0.8/java.util.concurrent.LinkedBlockingDeque.takeFirst(LinkedBlockingDeque.java:485)&#10;        at java.base@21.0.8/java.util.concurrent.LinkedBlockingDeque.take(LinkedBlockingDeque.java:673)&#10;        at java.base@21.0.8/java.util.concurrent.ThreadPoolExecutor.getTask(ThreadPoolExecutor.java:1070)&#10;        at java.base@21.0.8/java.util.concurrent.ThreadPoolExecutor.runWorker(ThreadPoolExecutor.java:1130)&#10;        at java.base@21.0.8/java.util.concurrent.ThreadPoolExecutor$Worker.run(ThreadPoolExecutor.java:642)&#10;        at java.base@21.0.8/java.lang.Thread.runWith(Thread.java:1596)&#10;        at java.base@21.0.8/java.lang.Thread.run(Thread.java:1583)&#10;&quot;IPC Server handler 68 on default port 15002&quot; daemon prio=5 tid=407 timed_waiting&#10;java.lang.Thread.State: TIMED_WAITING&#10;        at java.base@21.0.8/jdk.internal.misc.Unsafe.park(Native Method)&#10;        at java.base@21.0.8/java.util.concurrent.locks.LockSupport.parkNanos(LockSupport.java:269)&#10;        at java.base@21.0.8/java.util.concurrent.locks.AbstractQueuedSynchronizer$ConditionObject.awaitNanos(AbstractQueuedSynchronizer.java:1763)&#10;        at java.base@21.0.8/java.util.concurrent.LinkedBlockingQueue.poll(LinkedBlockingQueue.java:460)&#10;        at app//org.apache.hadoop.ipc.CallQueueManager.take(CallQueueManager.java:370)&#10;        at app//org.apache.hadoop.ipc.Server$Handler.run(Server.java:3165)&#10;&quot;qtp1507617108-330&quot; daemon prio=5 tid=330 timed_waiting&#10;java.lang.Thread.State: TIMED_WAITING&#10;        at java.base@21.0.8/jdk.internal.misc.Unsafe.park(Native Method)&#10;        at java.base@21.0.8/java.util.concurrent.locks.LockSupport.parkNanos(LockSupport.java:269)&#10;        at java.base@21.0.8/java.util.concurrent.locks.AbstractQueuedSynchronizer$ConditionObject.awaitNanos(AbstractQueuedSynchronizer.java:1763)&#10;        at app//org.eclipse.jetty.util.BlockingArrayQueue.poll(BlockingArrayQueue.java:382)&#10;        at app//org.eclipse.jetty.util.thread.QueuedThreadPool$Runner.idleJobPoll(QueuedThreadPool.java:974)&#10;        at app//org.eclipse.jetty.util.thread.QueuedThreadPool$Runner.run(QueuedThreadPool.java:1018)&#10;        at java.base@21.0.8/java.lang.Thread.runWith(Thread.java:1596)&#10;        at java.base@21.0.8/java.lang.Thread.run(Thread.java:1583)&#10;&quot;surefire-process-checker&quot; daemon prio=5 tid=26 timed_waiting&#10;java.lang.Thread.State: TIMED_WAITING&#10;        at java.base@21.0.8/jdk.internal.misc.Unsafe.park(Native Method)&#10;        at java.base@21.0.8/java.util.concurrent.locks.LockSupport.parkNanos(LockSupport.java:269)&#10;        at java.base@21.0.8/java.util.concurrent.locks.AbstractQueuedSynchronizer$ConditionObject.awaitNanos(AbstractQueuedSynchronizer.java:1763)&#10;        at java.base@21.0.8/java.util.concurrent.ScheduledThreadPoolExecutor$DelayedWorkQueue.take(ScheduledThreadPoolExecutor.java:1182)&#10;        at java.base@21.0.8/java.util.concurrent.ScheduledThreadPoolExecutor$DelayedWorkQueue.take(ScheduledThreadPoolExecutor.java:899)&#10;        at java.base@21.0.8/java.util.concurrent.ThreadPoolExecutor.getTask(ThreadPoolExecutor.java:1070)&#10;        at java.base@21.0.8/java.util.concurrent.ThreadPoolExecutor.runWorker(ThreadPoolExecutor.java:1130)&#10;        at java.base@21.0.8/java.util.concurrent.ThreadPoolExecutor$Worker.run(ThreadPoolExecutor.java:642)&#10;        at java.base@21.0.8/java.lang.Thread.runWith(Thread.java:1596)&#10;        at java.base@21.0.8/java.lang.Thread.run(Thread.java:1583)&#10;&quot;Socket Reader #8 for port 15019&quot; daemon prio=5 tid=583 runnable&#10;java.lang.Thread.State: RUNNABLE&#10;        at java.base@21.0.8/sun.nio.ch.EPoll.wait(Native Method)&#10;        at java.base@21.0.8/sun.nio.ch.EPollSelectorImpl.doSelect(EPollSelectorImpl.java:121)&#10;        at java.base@21.0.8/sun.nio.ch.SelectorImpl.lockAndDoSelect(SelectorImpl.java:130)&#10;        at java.base@21.0.8/sun.nio.ch.SelectorImpl.select(SelectorImpl.java:147)&#10;        at app//org.apache.hadoop.ipc.Server$Listener$Reader.doRunLoop(Server.java:1497)&#10;        at app//org.apache.hadoop.ipc.Server$Listener$Reader.run(Server.java:1476)&#10;&quot;07f651f6-8f87-47bb-8f69-34e194401a37-client-thread1&quot;  prio=5 tid=810 timed_waiting&#10;java.lang.Thread.State: TIMED_WAITING&#10;        at java.base@21.0.8/jdk.internal.misc.Unsafe.park(Native Method)&#10;        at java.base@21.0.8/java.util.concurrent.locks.LockSupport.parkNanos(LockSupport.java:410)&#10;        at java.base@21.0.8/java.util.concurrent.LinkedTransferQueue$DualNode.await(LinkedTransferQueue.java:452)&#10;        at java.base@21.0.8/java.util.concurrent.SynchronousQueue$Transferer.xferLifo(SynchronousQueue.java:194)&#10;        at java.base@21.0.8/java.util.concurrent.SynchronousQueue.xfer(SynchronousQueue.java:235)&#10;        at java.base@21.0.8/java.util.concurrent.SynchronousQueue.poll(SynchronousQueue.java:338)&#10;        at java.base@21.0.8/java.util.concurrent.ThreadPoolExecutor.getTask(ThreadPoolExecutor.java:1069)&#10;        at java.base@21.0.8/java.util.concurrent.ThreadPoolExecutor.runWorker(ThreadPoolExecutor.java:1130)&#10;        at java.base@21.0.8/java.util.concurrent.ThreadPoolExecutor$Worker.run(ThreadPoolExecutor.java:642)&#10;        at java.base@21.0.8/java.lang.Thread.runWith(Thread.java:1596)&#10;        at java.base@21.0.8/java.lang.Thread.run(Thread.java:1583)&#10;&quot;ContainerMetadataScanner&quot; daemon prio=5 tid=797 timed_waiting&#10;java.lang.Thread.State: TIMED_WAITING&#10;        at java.base@21.0.8/java.lang.Thread.sleep0(Native Method)&#10;        at java.base@21.0.8/java.lang.Thread.sleep(Thread.java:509)&#10;        at app//org.apache.hadoop.ozone.container.ozoneimpl.AbstractBackgroundContainerScanner.handleRemainingSleep(AbstractBackgroundContainerScanner.java:133)&#10;        at app//org.apache.hadoop.ozone.container.ozoneimpl.AbstractBackgroundContainerScanner.runIteration(AbstractBackgroundContainerScanner.java:100)&#10;        at app//org.apache.hadoop.ozone.container.ozoneimpl.AbstractBackgroundContainerScanner.run(AbstractBackgroundContainerScanner.java:59)&#10;        at java.base@21.0.8/java.lang.Thread.runWith(Thread.java:1596)&#10;        at java.base@21.0.8/java.lang.Thread.run(Thread.java:1583)&#10;&quot;qtp862219833-572&quot; daemon prio=5 tid=572 timed_waiting&#10;java.lang.Thread.State: TIMED_WAITING&#10;        at java.base@21.0.8/jdk.internal.misc.Unsafe.park(Native Method)&#10;        at java.base@21.0.8/java.util.concurrent.locks.LockSupport.parkNanos(LockSupport.java:269)&#10;        at java.base@21.0.8/java.util.concurrent.locks.AbstractQueuedSynchronizer$ConditionObject.awaitNanos(AbstractQueuedSynchronizer.java:1763)&#10;        at app//org.eclipse.jetty.util.BlockingArrayQueue.poll(BlockingArrayQueue.java:382)&#10;        at app//org.eclipse.jetty.util.thread.QueuedThreadPool$Runner.idleJobPoll(QueuedThreadPool.java:974)&#10;        at app//org.eclipse.jetty.util.thread.QueuedThreadPool$Runner.run(QueuedThreadPool.java:1018)&#10;        at java.base@21.0.8/java.lang.Thread.runWith(Thread.java:1596)&#10;        at java.base@21.0.8/java.lang.Thread.run(Thread.java:1583)&#10;&quot;IPC Server handler 71 on default port 15002&quot; daemon prio=5 tid=410 timed_waiting&#10;java.lang.Thread.State: TIMED_WAITING&#10;        at java.base@21.0.8/jdk.internal.misc.Unsafe.park(Native Method)&#10;        at java.base@21.0.8/java.util.concurrent.locks.LockSupport.parkNanos(LockSupport.java:269)&#10;        at java.base@21.0.8/java.util.concurrent.locks.AbstractQueuedSynchronizer$ConditionObject.awaitNanos(AbstractQueuedSynchronizer.java:1763)&#10;        at java.base@21.0.8/java.util.concurrent.LinkedBlockingQueue.poll(LinkedBlockingQueue.java:460)&#10;        at app//org.apache.hadoop.ipc.CallQueueManager.take(CallQueueManager.java:370)&#10;        at app//org.apache.hadoop.ipc.Server$Handler.run(Server.java:3165)&#10;&quot;IPC Server handler 99 on default port 15000&quot; daemon prio=5 tid=220 timed_waiting&#10;java.lang.Thread.State: TIMED_WAITING&#10;        at java.base@21.0.8/jdk.internal.misc.Unsafe.park(Native Method)&#10;        at java.base@21.0.8/java.util.concurrent.locks.LockSupport.parkNanos(LockSupport.java:269)&#10;        at java.base@21.0.8/java.util.concurrent.locks.AbstractQueuedSynchronizer$ConditionObject.awaitNanos(AbstractQueuedSynchronizer.java:1763)&#10;        at java.base@21.0.8/java.util.concurrent.LinkedBlockingQueue.poll(LinkedBlockingQueue.java:460)&#10;        at app//org.apache.hadoop.ipc.CallQueueManager.take(CallQueueManager.java:370)&#10;        at app//org.apache.hadoop.ipc.Server$Handler.run(Server.java:3165)&#10;&quot;qtp862219833-567&quot; daemon prio=5 tid=567 runnable&#10;java.lang.Thread.State: RUNNABLE&#10;        at java.base@21.0.8/sun.nio.ch.EPoll.wait(Native Method)&#10;        at java.base@21.0.8/sun.nio.ch.EPollSelectorImpl.doSelect(EPollSelectorImpl.java:121)&#10;        at java.base@21.0.8/sun.nio.ch.SelectorImpl.lockAndDoSelect(SelectorImpl.java:130)&#10;        at java.base@21.0.8/sun.nio.ch.SelectorImpl.select(SelectorImpl.java:147)&#10;        at app//org.eclipse.jetty.io.ManagedSelector.nioSelect(ManagedSelector.java:183)&#10;        at app//org.eclipse.jetty.io.ManagedSelector.select(ManagedSelector.java:190)&#10;        at app//org.eclipse.jetty.io.ManagedSelector$SelectorProducer.select(ManagedSelector.java:606)&#10;        at app//org.eclipse.jetty.io.ManagedSelector$SelectorProducer.produce(ManagedSelector.java:543)&#10;        at app//org.eclipse.jetty.util.thread.strategy.EatWhatYouKill.produceTask(EatWhatYouKill.java:362)&#10;        at app//org.eclipse.jetty.util.thread.strategy.EatWhatYouKill.doProduce(EatWhatYouKill.java:186)&#10;        at app//org.eclipse.jetty.util.thread.strategy.EatWhatYouKill.tryProduce(EatWhatYouKill.java:173)&#10;        at app//org.eclipse.jetty.util.thread.strategy.EatWhatYouKill.produce(EatWhatYouKill.java:137)&#10;        at app//org.eclipse.jetty.io.ManagedSelector$$Lambda/0x00007fd1ac6ed508.run(Unknown Source)&#10;        at app//org.eclipse.jetty.util.thread.QueuedThreadPool.runJob(QueuedThreadPool.java:883)&#10;        at app//org.eclipse.jetty.util.thread.QueuedThreadPool$Runner.run(QueuedThreadPool.java:1034)&#10;        at java.base@21.0.8/java.lang.Thread.runWith(Thread.java:1596)&#10;        at java.base@21.0.8/java.lang.Thread.run(Thread.java:1583)&#10;&quot;IPC Server handler 11 on default port 15000&quot; daemon prio=5 tid=132 timed_waiting&#10;java.lang.Thread.State: TIMED_WAITING&#10;        at java.base@21.0.8/jdk.internal.misc.Unsafe.park(Native Method)&#10;        at java.base@21.0.8/java.util.concurrent.locks.LockSupport.parkNanos(LockSupport.java:269)&#10;        at java.base@21.0.8/java.util.concurrent.locks.AbstractQueuedSynchronizer$ConditionObject.awaitNanos(AbstractQueuedSynchronizer.java:1763)&#10;        at java.base@21.0.8/java.util.concurrent.LinkedBlockingQueue.poll(LinkedBlockingQueue.java:460)&#10;        at app//org.apache.hadoop.ipc.CallQueueManager.take(CallQueueManager.java:370)&#10;        at app//org.apache.hadoop.ipc.Server$Handler.run(Server.java:3165)&#10;&quot;IPC Server handler 92 on default port 15001&quot; daemon prio=5 tid=313 timed_waiting&#10;java.lang.Thread.State: TIMED_WAITING&#10;        at java.base@21.0.8/jdk.internal.misc.Unsafe.park(Native Method)&#10;        at java.base@21.0.8/java.util.concurrent.locks.LockSupport.parkNanos(LockSupport.java:269)&#10;        at java.base@21.0.8/java.util.concurrent.locks.AbstractQueuedSynchronizer$ConditionObject.awaitNanos(AbstractQueuedSynchronizer.java:1763)&#10;        at java.base@21.0.8/java.util.concurrent.LinkedBlockingQueue.poll(LinkedBlockingQueue.java:460)&#10;        at app//org.apache.hadoop.ipc.CallQueueManager.take(CallQueueManager.java:370)&#10;        at app//org.apache.hadoop.ipc.Server$Handler.run(Server.java:3165)&#10;&quot;Socket Reader #9 for port 15019&quot; daemon prio=5 tid=584 runnable&#10;java.lang.Thread.State: RUNNABLE&#10;        at java.base@21.0.8/sun.nio.ch.EPoll.wait(Native Method)&#10;        at java.base@21.0.8/sun.nio.ch.EPollSelectorImpl.doSelect(EPollSelectorImpl.java:121)&#10;        at java.base@21.0.8/sun.nio.ch.SelectorImpl.lockAndDoSelect(SelectorImpl.java:130)&#10;        at java.base@21.0.8/sun.nio.ch.SelectorImpl.select(SelectorImpl.java:147)&#10;        at app//org.apache.hadoop.ipc.Server$Listener$Reader.doRunLoop(Server.java:1497)&#10;        at app//org.apache.hadoop.ipc.Server$Listener$Reader.run(Server.java:1476)&#10;&quot;IPC Server handler 36 on default port 15001&quot; daemon prio=5 tid=257 timed_waiting&#10;java.lang.Thread.State: TIMED_WAITING&#10;        at java.base@21.0.8/jdk.internal.misc.Unsafe.park(Native Method)&#10;        at java.base@21.0.8/java.util.concurrent.locks.LockSupport.parkNanos(LockSupport.java:269)&#10;        at java.base@21.0.8/java.util.concurrent.locks.AbstractQueuedSynchronizer$ConditionObject.awaitNanos(AbstractQueuedSynchronizer.java:1763)&#10;        at java.base@21.0.8/java.util.concurrent.LinkedBlockingQueue.poll(LinkedBlockingQueue.java:460)&#10;        at app//org.apache.hadoop.ipc.CallQueueManager.take(CallQueueManager.java:370)&#10;        at app//org.apache.hadoop.ipc.Server$Handler.run(Server.java:3165)&#10;&quot;IPC Server handler 98 on default port 15000&quot; daemon prio=5 tid=219 timed_waiting&#10;java.lang.Thread.State: TIMED_WAITING&#10;        at java.base@21.0.8/jdk.internal.misc.Unsafe.park(Native Method)&#10;        at java.base@21.0.8/java.util.concurrent.locks.LockSupport.parkNanos(LockSupport.java:269)&#10;        at java.base@21.0.8/java.util.concurrent.locks.AbstractQueuedSynchronizer$ConditionObject.awaitNanos(AbstractQueuedSynchronizer.java:1763)&#10;        at java.base@21.0.8/java.util.concurrent.LinkedBlockingQueue.poll(LinkedBlockingQueue.java:460)&#10;        at app//org.apache.hadoop.ipc.CallQueueManager.take(CallQueueManager.java:370)&#10;        at app//org.apache.hadoop.ipc.Server$Handler.run(Server.java:3165)&#10;&quot;Socket Reader #5 for port 15027&quot; daemon prio=5 tid=628 runnable&#10;java.lang.Thread.State: RUNNABLE&#10;        at java.base@21.0.8/sun.nio.ch.EPoll.wait(Native Method)&#10;        at java.base@21.0.8/sun.nio.ch.EPollSelectorImpl.doSelect(EPollSelectorImpl.java:121)&#10;        at java.base@21.0.8/sun.nio.ch.SelectorImpl.lockAndDoSelect(SelectorImpl.java:130)&#10;        at java.base@21.0.8/sun.nio.ch.SelectorImpl.select(SelectorImpl.java:147)&#10;        at app//org.apache.hadoop.ipc.Server$Listener$Reader.doRunLoop(Server.java:1497)&#10;        at app//org.apache.hadoop.ipc.Server$Listener$Reader.run(Server.java:1476)&#10;&quot;IPC Server handler 40 on default port 15001&quot; daemon prio=5 tid=261 timed_waiting&#10;java.lang.Thread.State: TIMED_WAITING&#10;        at java.base@21.0.8/jdk.internal.misc.Unsafe.park(Native Method)&#10;        at java.base@21.0.8/java.util.concurrent.locks.LockSupport.parkNanos(LockSupport.java:269)&#10;        at java.base@21.0.8/java.util.concurrent.locks.AbstractQueuedSynchronizer$ConditionObject.awaitNanos(AbstractQueuedSynchronizer.java:1763)&#10;        at java.base@21.0.8/java.util.concurrent.LinkedBlockingQueue.poll(LinkedBlockingQueue.java:460)&#10;        at app//org.apache.hadoop.ipc.CallQueueManager.take(CallQueueManager.java:370)&#10;        at app//org.apache.hadoop.ipc.Server$Handler.run(Server.java:3165)&#10;&quot;IPC Server handler 27 on default port 15002&quot; daemon prio=5 tid=366 timed_waiting&#10;java.lang.Thread.State: TIMED_WAITING&#10;        at java.base@21.0.8/jdk.internal.misc.Unsafe.park(Native Method)&#10;        at java.base@21.0.8/java.util.concurrent.locks.LockSupport.parkNanos(LockSupport.java:269)&#10;        at java.base@21.0.8/java.util.concurrent.locks.AbstractQueuedSynchronizer$ConditionObject.awaitNanos(AbstractQueuedSynchronizer.java:1763)&#10;        at java.base@21.0.8/java.util.concurrent.LinkedBlockingQueue.poll(LinkedBlockingQueue.java:460)&#10;        at app//org.apache.hadoop.ipc.CallQueueManager.take(CallQueueManager.java:370)&#10;        at app//org.apache.hadoop.ipc.Server$Handler.run(Server.java:3165)&#10;&quot;IPC Server handler 93 on default port 15002&quot; daemon prio=5 tid=432 timed_waiting&#10;java.lang.Thread.State: TIMED_WAITING&#10;        at java.base@21.0.8/jdk.internal.misc.Unsafe.park(Native Method)&#10;        at java.base@21.0.8/java.util.concurrent.locks.LockSupport.parkNanos(LockSupport.java:269)&#10;        at java.base@21.0.8/java.util.concurrent.locks.AbstractQueuedSynchronizer$ConditionObject.awaitNanos(AbstractQueuedSynchronizer.java:1763)&#10;        at java.base@21.0.8/java.util.concurrent.LinkedBlockingQueue.poll(LinkedBlockingQueue.java:460)&#10;        at app//org.apache.hadoop.ipc.CallQueueManager.take(CallQueueManager.java:370)&#10;        at app//org.apache.hadoop.ipc.Server$Handler.run(Server.java:3165)&#10;&quot;Socket Reader #4 for port 15006&quot; daemon prio=5 tid=453 runnable&#10;java.lang.Thread.State: RUNNABLE&#10;        at java.base@21.0.8/sun.nio.ch.EPoll.wait(Native Method)&#10;        at java.base@21.0.8/sun.nio.ch.EPollSelectorImpl.doSelect(EPollSelectorImpl.java:121)&#10;        at java.base@21.0.8/sun.nio.ch.SelectorImpl.lockAndDoSelect(SelectorImpl.java:130)&#10;        at java.base@21.0.8/sun.nio.ch.SelectorImpl.select(SelectorImpl.java:147)&#10;        at app//org.apache.hadoop.ipc.Server$Listener$Reader.doRunLoop(Server.java:1497)&#10;        at app//org.apache.hadoop.ipc.Server$Listener$Reader.run(Server.java:1476)&#10;&quot;18da7ee6-49f7-45ee-8090-861a49f32d36-EndpointStateMachineTaskThread-/0.0.0.0:15002-0 &quot;  prio=5 tid=754 in Object.wait()&#10;java.lang.Thread.State: WAITING (on object monitor)&#10;        at java.base@21.0.8/jdk.internal.misc.Unsafe.park(Native Method)&#10;        at java.base@21.0.8/java.util.concurrent.locks.LockSupport.park(LockSupport.java:371)&#10;        at java.base@21.0.8/java.util.concurrent.locks.AbstractQueuedSynchronizer$ConditionNode.block(AbstractQueuedSynchronizer.java:519)&#10;        at java.base@21.0.8/java.util.concurrent.ForkJoinPool.unmanagedBlock(ForkJoinPool.java:3780)&#10;        at java.base@21.0.8/java.util.concurrent.ForkJoinPool.managedBlock(ForkJoinPool.java:3725)&#10;        at java.base@21.0.8/java.util.concurrent.locks.AbstractQueuedSynchronizer$ConditionObject.await(AbstractQueuedSynchronizer.java:1712)&#10;        at java.base@21.0.8/java.util.concurrent.LinkedBlockingQueue.take(LinkedBlockingQueue.java:435)&#10;        at java.base@21.0.8/java.util.concurrent.ThreadPoolExecutor.getTask(ThreadPoolExecutor.java:1070)&#10;        at java.base@21.0.8/java.util.concurrent.ThreadPoolExecutor.runWorker(ThreadPoolExecutor.java:1130)&#10;        at java.base@21.0.8/java.util.concurrent.ThreadPoolExecutor$Worker.run(ThreadPoolExecutor.java:642)&#10;        at java.base@21.0.8/java.lang.Thread.runWith(Thread.java:1596)&#10;        at java.base@21.0.8/java.lang.Thread.run(Thread.java:1583)&#10;&quot;IPC Server handler 10 on default port 15000&quot; daemon prio=5 tid=131 timed_waiting&#10;java.lang.Thread.State: TIMED_WAITING&#10;        at java.base@21.0.8/jdk.internal.misc.Unsafe.park(Native Method)&#10;        at java.base@21.0.8/java.util.concurrent.locks.LockSupport.parkNanos(LockSupport.java:269)&#10;        at java.base@21.0.8/java.util.concurrent.locks.AbstractQueuedSynchronizer$ConditionObject.awaitNanos(AbstractQueuedSynchronizer.java:1763)&#10;        at java.base@21.0.8/java.util.concurrent.LinkedBlockingQueue.poll(LinkedBlockingQueue.java:460)&#10;        at app//org.apache.hadoop.ipc.CallQueueManager.take(CallQueueManager.java:370)&#10;        at app//org.apache.hadoop.ipc.Server$Handler.run(Server.java:3165)&#10;&quot;IPC Server handler 65 on default port 15000&quot; daemon prio=5 tid=186 timed_waiting&#10;java.lang.Thread.State: TIMED_WAITING&#10;        at java.base@21.0.8/jdk.internal.misc.Unsafe.park(Native Method)&#10;        at java.base@21.0.8/java.util.concurrent.locks.LockSupport.parkNanos(LockSupport.java:269)&#10;        at java.base@21.0.8/java.util.concurrent.locks.AbstractQueuedSynchronizer$ConditionObject.awaitNanos(AbstractQueuedSynchronizer.java:1763)&#10;        at java.base@21.0.8/java.util.concurrent.LinkedBlockingQueue.poll(LinkedBlockingQueue.java:460)&#10;        at app//org.apache.hadoop.ipc.CallQueueManager.take(CallQueueManager.java:370)&#10;        at app//org.apache.hadoop.ipc.Server$Handler.run(Server.java:3165)&#10;&quot;grpc-default-executor-0&quot; daemon prio=5 tid=869 timed_waiting&#10;java.lang.Thread.State: TIMED_WAITING&#10;        at java.base@21.0.8/jdk.internal.misc.Unsafe.park(Native Method)&#10;        at java.base@21.0.8/java.util.concurrent.locks.LockSupport.parkNanos(LockSupport.java:410)&#10;        at java.base@21.0.8/java.util.concurrent.LinkedTransferQueue$DualNode.await(LinkedTransferQueue.java:452)&#10;        at java.base@21.0.8/java.util.concurrent.SynchronousQueue$Transferer.xferLifo(SynchronousQueue.java:194)&#10;        at java.base@21.0.8/java.util.concurrent.SynchronousQueue.xfer(SynchronousQueue.java:235)&#10;        at java.base@21.0.8/java.util.concurrent.SynchronousQueue.poll(SynchronousQueue.java:338)&#10;        at java.base@21.0.8/java.util.concurrent.ThreadPoolExecutor.getTask(ThreadPoolExecutor.java:1069)&#10;        at java.base@21.0.8/java.util.concurrent.ThreadPoolExecutor.runWorker(ThreadPoolExecutor.java:1130)&#10;        at java.base@21.0.8/java.util.concurrent.ThreadPoolExecutor$Worker.run(ThreadPoolExecutor.java:642)&#10;        at java.base@21.0.8/java.lang.Thread.runWith(Thread.java:1596)&#10;        at java.base@21.0.8/java.lang.Thread.run(Thread.java:1583)&#10;&quot;IPC Server handler 34 on default port 15002&quot; daemon prio=5 tid=373 timed_waiting&#10;java.lang.Thread.State: TIMED_WAITING&#10;        at java.base@21.0.8/jdk.internal.misc.Unsafe.park(Native Method)&#10;        at java.base@21.0.8/java.util.concurrent.locks.LockSupport.parkNanos(LockSupport.java:269)&#10;        at java.base@21.0.8/java.util.concurrent.locks.AbstractQueuedSynchronizer$ConditionObject.awaitNanos(AbstractQueuedSynchronizer.java:1763)&#10;        at java.base@21.0.8/java.util.concurrent.LinkedBlockingQueue.poll(LinkedBlockingQueue.java:460)&#10;        at app//org.apache.hadoop.ipc.CallQueueManager.take(CallQueueManager.java:370)&#10;        at app//org.apache.hadoop.ipc.Server$Handler.run(Server.java:3165)&#10;&quot;d3e19d45-0b2b-4921-9b28-39a5e9747ac8-ChunkWriter-1-0&quot; daemon prio=5 tid=841 in Object.wait()&#10;java.lang.Thread.State: WAITING (on object monitor)&#10;        at java.base@21.0.8/jdk.internal.misc.Unsafe.park(Native Method)&#10;        at java.base@21.0.8/java.util.concurrent.locks.LockSupport.park(LockSupport.java:371)&#10;        at java.base@21.0.8/java.util.concurrent.locks.AbstractQueuedSynchronizer$ConditionNode.block(AbstractQueuedSynchronizer.java:519)&#10;        at java.base@21.0.8/java.util.concurrent.ForkJoinPool.unmanagedBlock(ForkJoinPool.java:3780)&#10;        at java.base@21.0.8/java.util.concurrent.ForkJoinPool.managedBlock(ForkJoinPool.java:3725)&#10;        at java.base@21.0.8/java.util.concurrent.locks.AbstractQueuedSynchronizer$ConditionObject.await(AbstractQueuedSynchronizer.java:1712)&#10;        at java.base@21.0.8/java.util.concurrent.LinkedBlockingDeque.takeFirst(LinkedBlockingDeque.java:485)&#10;        at java.base@21.0.8/java.util.concurrent.LinkedBlockingDeque.take(LinkedBlockingDeque.java:673)&#10;        at java.base@21.0.8/java.util.concurrent.ThreadPoolExecutor.getTask(ThreadPoolExecutor.java:1070)&#10;        at java.base@21.0.8/java.util.concurrent.ThreadPoolExecutor.runWorker(ThreadPoolExecutor.java:1130)&#10;        at java.base@21.0.8/java.util.concurrent.ThreadPoolExecutor$Worker.run(ThreadPoolExecutor.java:642)&#10;        at java.base@21.0.8/java.lang.Thread.runWith(Thread.java:1596)&#10;        at java.base@21.0.8/java.lang.Thread.run(Thread.java:1583)&#10;&quot;Socket Reader #7 for port 15001&quot; daemon prio=5 tid=83 runnable&#10;java.lang.Thread.State: RUNNABLE&#10;        at java.base@21.0.8/sun.nio.ch.EPoll.wait(Native Method)&#10;        at java.base@21.0.8/sun.nio.ch.EPollSelectorImpl.doSelect(EPollSelectorImpl.java:121)&#10;        at java.base@21.0.8/sun.nio.ch.SelectorImpl.lockAndDoSelect(SelectorImpl.java:130)&#10;        at java.base@21.0.8/sun.nio.ch.SelectorImpl.select(SelectorImpl.java:147)&#10;        at app//org.apache.hadoop.ipc.Server$Listener$Reader.doRunLoop(Server.java:1497)&#10;        at app//org.apache.hadoop.ipc.Server$Listener$Reader.run(Server.java:1476)&#10;&quot;IPC Server handler 61 on default port 15002&quot; daemon prio=5 tid=400 timed_waiting&#10;java.lang.Thread.State: TIMED_WAITING&#10;        at java.base@21.0.8/jdk.internal.misc.Unsafe.park(Native Method)&#10;        at java.base@21.0.8/java.util.concurrent.locks.LockSupport.parkNanos(LockSupport.java:269)&#10;        at java.base@21.0.8/java.util.concurrent.locks.AbstractQueuedSynchronizer$ConditionObject.awaitNanos(AbstractQueuedSynchronizer.java:1763)&#10;        at java.base@21.0.8/java.util.concurrent.LinkedBlockingQueue.poll(LinkedBlockingQueue.java:460)&#10;        at app//org.apache.hadoop.ipc.CallQueueManager.take(CallQueueManager.java:370)&#10;        at app//org.apache.hadoop.ipc.Server$Handler.run(Server.java:3165)&#10;&quot;83932d67-4fdc-4fe4-8fe1-3df6c3f1844a-DataNodeDiskCheckerThread-0&quot; daemon prio=5 tid=726 timed_waiting&#10;java.lang.Thread.State: TIMED_WAITING&#10;        at java.base@21.0.8/jdk.internal.misc.Unsafe.park(Native Method)&#10;        at java.base@21.0.8/java.util.concurrent.locks.LockSupport.parkNanos(LockSupport.java:410)&#10;        at java.base@21.0.8/java.util.concurrent.LinkedTransferQueue$DualNode.await(LinkedTransferQueue.java:452)&#10;        at java.base@21.0.8/java.util.concurrent.SynchronousQueue$Transferer.xferLifo(SynchronousQueue.java:194)&#10;        at java.base@21.0.8/java.util.concurrent.SynchronousQueue.xfer(SynchronousQueue.java:235)&#10;        at java.base@21.0.8/java.util.concurrent.SynchronousQueue.poll(SynchronousQueue.java:338)&#10;        at java.base@21.0.8/java.util.concurrent.ThreadPoolExecutor.getTask(ThreadPoolExecutor.java:1069)&#10;        at java.base@21.0.8/java.util.concurrent.ThreadPoolExecutor.runWorker(ThreadPoolExecutor.java:1130)&#10;        at java.base@21.0.8/java.util.concurrent.ThreadPoolExecutor$Worker.run(ThreadPoolExecutor.java:642)&#10;        at java.base@21.0.8/java.lang.Thread.runWith(Thread.java:1596)&#10;        at java.base@21.0.8/java.lang.Thread.run(Thread.java:1583)&#10;&quot;18da7ee6-49f7-45ee-8090-861a49f32d36-DatanodeStateMachineTaskThread-0&quot;  prio=5 tid=653 in Object.wait()&#10;java.lang.Thread.State: WAITING (on object monitor)&#10;        at java.base@21.0.8/jdk.internal.misc.Unsafe.park(Native Method)&#10;        at java.base@21.0.8/java.util.concurrent.locks.LockSupport.park(LockSupport.java:371)&#10;        at java.base@21.0.8/java.util.concurrent.locks.AbstractQueuedSynchronizer$ConditionNode.block(AbstractQueuedSynchronizer.java:519)&#10;        at java.base@21.0.8/java.util.concurrent.ForkJoinPool.unmanagedBlock(ForkJoinPool.java:3780)&#10;        at java.base@21.0.8/java.util.concurrent.ForkJoinPool.managedBlock(ForkJoinPool.java:3725)&#10;        at java.base@21.0.8/java.util.concurrent.locks.AbstractQueuedSynchronizer$ConditionObject.await(AbstractQueuedSynchronizer.java:1712)&#10;        at java.base@21.0.8/java.util.concurrent.LinkedBlockingQueue.take(LinkedBlockingQueue.java:435)&#10;        at java.base@21.0.8/java.util.concurrent.ThreadPoolExecutor.getTask(ThreadPoolExecutor.java:1070)&#10;        at java.base@21.0.8/java.util.concurrent.ThreadPoolExecutor.runWorker(ThreadPoolExecutor.java:1130)&#10;        at java.base@21.0.8/java.util.concurrent.ThreadPoolExecutor$Worker.run(ThreadPoolExecutor.java:642)&#10;        at java.base@21.0.8/java.lang.Thread.runWith(Thread.java:1596)&#10;        at java.base@21.0.8/java.lang.Thread.run(Thread.java:1583)&#10;&quot;18da7ee6-49f7-45ee-8090-861a49f32d36-DataNodeDiskCheckerThread-1&quot; daemon prio=5 tid=794 timed_waiting&#10;java.lang.Thread.State: TIMED_WAITING&#10;        at java.base@21.0.8/jdk.internal.misc.Unsafe.park(Native Method)&#10;        at java.base@21.0.8/java.util.concurrent.locks.LockSupport.parkNanos(LockSupport.java:410)&#10;        at java.base@21.0.8/java.util.concurrent.LinkedTransferQueue$DualNode.await(LinkedTransferQueue.java:452)&#10;        at java.base@21.0.8/java.util.concurrent.SynchronousQueue$Transferer.xferLifo(SynchronousQueue.java:194)&#10;        at java.base@21.0.8/java.util.concurrent.SynchronousQueue.xfer(SynchronousQueue.java:235)&#10;        at java.base@21.0.8/java.util.concurrent.SynchronousQueue.poll(SynchronousQueue.java:338)&#10;        at java.base@21.0.8/java.util.concurrent.ThreadPoolExecutor.getTask(ThreadPoolExecutor.java:1069)&#10;        at java.base@21.0.8/java.util.concurrent.ThreadPoolExecutor.runWorker(ThreadPoolExecutor.java:1130)&#10;        at java.base@21.0.8/java.util.concurrent.ThreadPoolExecutor$Worker.run(ThreadPoolExecutor.java:642)&#10;        at java.base@21.0.8/java.lang.Thread.runWith(Thread.java:1596)&#10;        at java.base@21.0.8/java.lang.Thread.run(Thread.java:1583)&#10;&quot;IPC Server handler 80 on default port 15001&quot; daemon prio=5 tid=301 timed_waiting&#10;java.lang.Thread.State: TIMED_WAITING&#10;        at java.base@21.0.8/jdk.internal.misc.Unsafe.park(Native Method)&#10;        at java.base@21.0.8/java.util.concurrent.locks.LockSupport.parkNanos(LockSupport.java:269)&#10;        at java.base@21.0.8/java.util.concurrent.locks.AbstractQueuedSynchronizer$ConditionObject.awaitNanos(AbstractQueuedSynchronizer.java:1763)&#10;        at java.base@21.0.8/java.util.concurrent.LinkedBlockingQueue.poll(LinkedBlockingQueue.java:460)&#10;        at app//org.apache.hadoop.ipc.CallQueueManager.take(CallQueueManager.java:370)&#10;        at app//org.apache.hadoop.ipc.Server$Handler.run(Server.java:3165)&#10;&quot;IPC Parameter Sending Thread for 0.0.0.0/0.0.0.0:15002&quot; daemon prio=5 tid=659 timed_waiting&#10;java.lang.Thread.State: TIMED_WAITING&#10;        at java.base@21.0.8/jdk.internal.misc.Unsafe.park(Native Method)&#10;        at java.base@21.0.8/java.util.concurrent.locks.LockSupport.parkNanos(LockSupport.java:410)&#10;        at java.base@21.0.8/java.util.concurrent.LinkedTransferQueue$DualNode.await(LinkedTransferQueue.java:452)&#10;        at java.base@21.0.8/java.util.concurrent.LinkedTransferQueue.xfer(LinkedTransferQueue.java:613)&#10;        at java.base@21.0.8/java.util.concurrent.SynchronousQueue.xfer(SynchronousQueue.java:235)&#10;        at java.base@21.0.8/java.util.concurrent.SynchronousQueue.poll(SynchronousQueue.java:338)&#10;        at app//org.apache.hadoop.ipc.Client$Connection$RpcRequestSender.run(Client.java:1121)&#10;        at java.base@21.0.8/java.lang.Thread.runWith(Thread.java:1596)&#10;        at java.base@21.0.8/java.lang.Thread.run(Thread.java:1583)&#10;&quot;18da7ee6-49f7-45ee-8090-861a49f32d36-ClosePipelineCommandHandlerThread-0&quot;  prio=5 tid=1087 in Object.wait()&#10;java.lang.Thread.State: WAITING (on object monitor)&#10;        at java.base@21.0.8/jdk.internal.misc.Unsafe.park(Native Method)&#10;        at java.base@21.0.8/java.util.concurrent.locks.LockSupport.park(LockSupport.java:371)&#10;        at java.base@21.0.8/java.util.concurrent.locks.AbstractQueuedSynchronizer$ConditionNode.block(AbstractQueuedSynchronizer.java:519)&#10;        at java.base@21.0.8/java.util.concurrent.ForkJoinPool.unmanagedBlock(ForkJoinPool.java:3780)&#10;        at java.base@21.0.8/java.util.concurrent.ForkJoinPool.managedBlock(ForkJoinPool.java:3725)&#10;        at java.base@21.0.8/java.util.concurrent.locks.AbstractQueuedSynchronizer$ConditionObject.await(AbstractQueuedSynchronizer.java:1712)&#10;        at java.base@21.0.8/java.util.concurrent.LinkedBlockingQueue.take(LinkedBlockingQueue.java:435)&#10;        at java.base@21.0.8/java.util.concurrent.ThreadPoolExecutor.getTask(ThreadPoolExecutor.java:1070)&#10;        at java.base@21.0.8/java.util.concurrent.ThreadPoolExecutor.runWorker(ThreadPoolExecutor.java:1130)&#10;        at java.base@21.0.8/java.util.concurrent.ThreadPoolExecutor$Worker.run(ThreadPoolExecutor.java:642)&#10;        at java.base@21.0.8/java.lang.Thread.runWith(Thread.java:1596)&#10;        at java.base@21.0.8/java.lang.Thread.run(Thread.java:1583)&#10;&quot;pool-96-thread-1&quot; daemon prio=5 tid=727 timed_waiting&#10;java.lang.Thread.State: TIMED_WAITING&#10;        at java.base@21.0.8/jdk.internal.misc.Unsafe.park(Native Method)&#10;        at java.base@21.0.8/java.util.concurrent.locks.LockSupport.parkNanos(LockSupport.java:269)&#10;        at java.base@21.0.8/java.util.concurrent.locks.AbstractQueuedSynchronizer$ConditionObject.awaitNanos(AbstractQueuedSynchronizer.java:1763)&#10;        at java.base@21.0.8/java.util.concurrent.ScheduledThreadPoolExecutor$DelayedWorkQueue.take(ScheduledThreadPoolExecutor.java:1182)&#10;        at java.base@21.0.8/java.util.concurrent.ScheduledThreadPoolExecutor$DelayedWorkQueue.take(ScheduledThreadPoolExecutor.java:899)&#10;        at java.base@21.0.8/java.util.concurrent.ThreadPoolExecutor.getTask(ThreadPoolExecutor.java:1070)&#10;        at java.base@21.0.8/java.util.concurrent.ThreadPoolExecutor.runWorker(ThreadPoolExecutor.java:1130)&#10;        at java.base@21.0.8/java.util.concurrent.ThreadPoolExecutor$Worker.run(ThreadPoolExecutor.java:642)&#10;        at java.base@21.0.8/java.lang.Thread.runWith(Thread.java:1596)&#10;        at java.base@21.0.8/java.lang.Thread.run(Thread.java:1583)&#10;&quot;d3e19d45-0b2b-4921-9b28-39a5e9747ac8-DatanodeStateMachineTaskThread-1&quot;  prio=5 tid=832 in Object.wait()&#10;java.lang.Thread.State: WAITING (on object monitor)&#10;        at java.base@21.0.8/jdk.internal.misc.Unsafe.park(Native Method)&#10;        at java.base@21.0.8/java.util.concurrent.locks.LockSupport.park(LockSupport.java:371)&#10;        at java.base@21.0.8/java.util.concurrent.locks.AbstractQueuedSynchronizer$ConditionNode.block(AbstractQueuedSynchronizer.java:519)&#10;        at java.base@21.0.8/java.util.concurrent.ForkJoinPool.unmanagedBlock(ForkJoinPool.java:3780)&#10;        at java.base@21.0.8/java.util.concurrent.ForkJoinPool.managedBlock(ForkJoinPool.java:3725)&#10;        at java.base@21.0.8/java.util.concurrent.locks.AbstractQueuedSynchronizer$ConditionObject.await(AbstractQueuedSynchronizer.java:1712)&#10;        at java.base@21.0.8/java.util.concurrent.LinkedBlockingQueue.take(LinkedBlockingQueue.java:435)&#10;        at java.base@21.0.8/java.util.concurrent.ThreadPoolExecutor.getTask(ThreadPoolExecutor.java:1070)&#10;        at java.base@21.0.8/java.util.concurrent.ThreadPoolExecutor.runWorker(ThreadPoolExecutor.java:1130)&#10;        at java.base@21.0.8/java.util.concurrent.ThreadPoolExecutor$Worker.run(ThreadPoolExecutor.java:642)&#10;        at java.base@21.0.8/java.lang.Thread.runWith(Thread.java:1596)&#10;        at java.base@21.0.8/java.lang.Thread.run(Thread.java:1583)&#10;&quot;IPC Server handler 99 on default port 15001&quot; daemon prio=5 tid=320 timed_waiting&#10;java.lang.Thread.State: TIMED_WAITING&#10;        at java.base@21.0.8/jdk.internal.misc.Unsafe.park(Native Method)&#10;        at java.base@21.0.8/java.util.concurrent.locks.LockSupport.parkNanos(LockSupport.java:269)&#10;        at java.base@21.0.8/java.util.concurrent.locks.AbstractQueuedSynchronizer$ConditionObject.awaitNanos(AbstractQueuedSynchronizer.java:1763)&#10;        at java.base@21.0.8/java.util.concurrent.LinkedBlockingQueue.poll(LinkedBlockingQueue.java:460)&#10;        at app//org.apache.hadoop.ipc.CallQueueManager.take(CallQueueManager.java:370)&#10;        at app//org.apache.hadoop.ipc.Server$Handler.run(Server.java:3165)&#10;&quot;IPC Server listener on 15035&quot; daemon prio=5 tid=689 runnable&#10;java.lang.Thread.State: RUNNABLE&#10;        at java.base@21.0.8/sun.nio.ch.EPoll.wait(Native Method)&#10;        at java.base@21.0.8/sun.nio.ch.EPollSelectorImpl.doSelect(EPollSelectorImpl.java:121)&#10;        at java.base@21.0.8/sun.nio.ch.SelectorImpl.lockAndDoSelect(SelectorImpl.java:130)&#10;        at java.base@21.0.8/sun.nio.ch.SelectorImpl.select(SelectorImpl.java:147)&#10;        at app//org.apache.hadoop.ipc.Server$Listener.run(Server.java:1559)&#10;&quot;timer5&quot; daemon prio=5 tid=1028 timed_waiting&#10;java.lang.Thread.State: TIMED_WAITING&#10;        at java.base@21.0.8/java.lang.Object.wait0(Native Method)&#10;        at java.base@21.0.8/java.lang.Object.wait(Object.java:366)&#10;        at java.base@21.0.8/java.util.TimerThread.mainLoop(Timer.java:563)&#10;        at java.base@21.0.8/java.util.TimerThread.run(Timer.java:516)&#10;&quot;IPC Server handler 29 on default port 15001&quot; daemon prio=5 tid=250 timed_waiting&#10;java.lang.Thread.State: TIMED_WAITING&#10;        at java.base@21.0.8/jdk.internal.misc.Unsafe.park(Native Method)&#10;        at java.base@21.0.8/java.util.concurrent.locks.LockSupport.parkNanos(LockSupport.java:269)&#10;        at java.base@21.0.8/java.util.concurrent.locks.AbstractQueuedSynchronizer$ConditionObject.awaitNanos(AbstractQueuedSynchronizer.java:1763)&#10;        at java.base@21.0.8/java.util.concurrent.LinkedBlockingQueue.poll(LinkedBlockingQueue.java:460)&#10;        at app//org.apache.hadoop.ipc.CallQueueManager.take(CallQueueManager.java:370)&#10;        at app//org.apache.hadoop.ipc.Server$Handler.run(Server.java:3165)&#10;&quot;IPC Server handler 51 on default port 15001&quot; daemon prio=5 tid=272 timed_waiting&#10;java.lang.Thread.State: TIMED_WAITING&#10;        at java.base@21.0.8/jdk.internal.misc.Unsafe.park(Native Method)&#10;        at java.base@21.0.8/java.util.concurrent.locks.LockSupport.parkNanos(LockSupport.java:269)&#10;        at java.base@21.0.8/java.util.concurrent.locks.AbstractQueuedSynchronizer$ConditionObject.awaitNanos(AbstractQueuedSynchronizer.java:1763)&#10;        at java.base@21.0.8/java.util.concurrent.LinkedBlockingQueue.poll(LinkedBlockingQueue.java:460)&#10;        at app//org.apache.hadoop.ipc.CallQueueManager.take(CallQueueManager.java:370)&#10;        at app//org.apache.hadoop.ipc.Server$Handler.run(Server.java:3165)&#10;&quot;IPC Server handler 4 on default port 15027&quot; daemon prio=5 tid=641 timed_waiting&#10;java.lang.Thread.State: TIMED_WAITING&#10;        at java.base@21.0.8/jdk.internal.misc.Unsafe.park(Native Method)&#10;        at java.base@21.0.8/java.util.concurrent.locks.LockSupport.parkNanos(LockSupport.java:269)&#10;        at java.base@21.0.8/java.util.concurrent.locks.AbstractQueuedSynchronizer$ConditionObject.awaitNanos(AbstractQueuedSynchronizer.java:1763)&#10;        at java.base@21.0.8/java.util.concurrent.LinkedBlockingQueue.poll(LinkedBlockingQueue.java:460)&#10;        at app//org.apache.hadoop.ipc.CallQueueManager.take(CallQueueManager.java:370)&#10;        at app//org.apache.hadoop.ipc.Server$Handler.run(Server.java:3165)&#10;&quot;d3e19d45-0b2b-4921-9b28-39a5e9747ac8-ChunkWriter-0-0&quot; daemon prio=5 tid=840 in Object.wait()&#10;java.lang.Thread.State: WAITING (on object monitor)&#10;        at java.base@21.0.8/jdk.internal.misc.Unsafe.park(Native Method)&#10;        at java.base@21.0.8/java.util.concurrent.locks.LockSupport.park(LockSupport.java:371)&#10;        at java.base@21.0.8/java.util.concurrent.locks.AbstractQueuedSynchronizer$ConditionNode.block(AbstractQueuedSynchronizer.java:519)&#10;        at java.base@21.0.8/java.util.concurrent.ForkJoinPool.unmanagedBlock(ForkJoinPool.java:3780)&#10;        at java.base@21.0.8/java.util.concurrent.ForkJoinPool.managedBlock(ForkJoinPool.java:3725)&#10;        at java.base@21.0.8/java.util.concurrent.locks.AbstractQueuedSynchronizer$ConditionObject.await(AbstractQueuedSynchronizer.java:1712)&#10;        at java.base@21.0.8/java.util.concurrent.LinkedBlockingDeque.takeFirst(LinkedBlockingDeque.java:485)&#10;        at java.base@21.0.8/java.util.concurrent.LinkedBlockingDeque.take(LinkedBlockingDeque.java:673)&#10;        at java.base@21.0.8/java.util.concurrent.ThreadPoolExecutor.getTask(ThreadPoolExecutor.java:1070)&#10;        at java.base@21.0.8/java.util.concurrent.ThreadPoolExecutor.runWorker(ThreadPoolExecutor.java:1130)&#10;        at java.base@21.0.8/java.util.concurrent.ThreadPoolExecutor$Worker.run(ThreadPoolExecutor.java:642)&#10;        at java.base@21.0.8/java.lang.Thread.runWith(Thread.java:1596)&#10;        at java.base@21.0.8/java.lang.Thread.run(Thread.java:1583)&#10;&quot;Socket Reader #1 for port 15006&quot; daemon prio=5 tid=450 runnable&#10;java.lang.Thread.State: RUNNABLE&#10;        at java.base@21.0.8/sun.nio.ch.EPoll.wait(Native Method)&#10;        at java.base@21.0.8/sun.nio.ch.EPollSelectorImpl.doSelect(EPollSelectorImpl.java:121)&#10;        at java.base@21.0.8/sun.nio.ch.SelectorImpl.lockAndDoSelect(SelectorImpl.java:130)&#10;        at java.base@21.0.8/sun.nio.ch.SelectorImpl.select(SelectorImpl.java:147)&#10;        at app//org.apache.hadoop.ipc.Server$Listener$Reader.doRunLoop(Server.java:1497)&#10;        at app//org.apache.hadoop.ipc.Server$Listener$Reader.run(Server.java:1476)&#10;&quot;qtp99667716-745&quot; daemon prio=5 tid=745 runnable&#10;java.lang.Thread.State: RUNNABLE&#10;        at java.base@21.0.8/sun.nio.ch.EPoll.wait(Native Method)&#10;        at java.base@21.0.8/sun.nio.ch.EPollSelectorImpl.doSelect(EPollSelectorImpl.java:121)&#10;        at java.base@21.0.8/sun.nio.ch.SelectorImpl.lockAndDoSelect(SelectorImpl.java:130)&#10;        at java.base@21.0.8/sun.nio.ch.SelectorImpl.select(SelectorImpl.java:147)&#10;        at app//org.eclipse.jetty.io.ManagedSelector.nioSelect(ManagedSelector.java:183)&#10;        at app//org.eclipse.jetty.io.ManagedSelector.select(ManagedSelector.java:190)&#10;        at app//org.eclipse.jetty.io.ManagedSelector$SelectorProducer.select(ManagedSelector.java:606)&#10;        at app//org.eclipse.jetty.io.ManagedSelector$SelectorProducer.produce(ManagedSelector.java:543)&#10;        at app//org.eclipse.jetty.util.thread.strategy.EatWhatYouKill.produceTask(EatWhatYouKill.java:362)&#10;        at app//org.eclipse.jetty.util.thread.strategy.EatWhatYouKill.doProduce(EatWhatYouKill.java:186)&#10;        at app//org.eclipse.jetty.util.thread.strategy.EatWhatYouKill.tryProduce(EatWhatYouKill.java:173)&#10;        at app//org.eclipse.jetty.util.thread.strategy.EatWhatYouKill.produce(EatWhatYouKill.java:137)&#10;        at app//org.eclipse.jetty.io.ManagedSelector$$Lambda/0x00007fd1ac6ed508.run(Unknown Source)&#10;        at app//org.eclipse.jetty.util.thread.QueuedThreadPool.runJob(QueuedThreadPool.java:883)&#10;        at app//org.eclipse.jetty.util.thread.QueuedThreadPool$Runner.run(QueuedThreadPool.java:1034)&#10;        at java.base@21.0.8/java.lang.Thread.runWith(Thread.java:1596)&#10;        at java.base@21.0.8/java.lang.Thread.run(Thread.java:1583)&#10;&quot;Socket Reader #7 for port 15043&quot; daemon prio=5 tid=769 runnable&#10;java.lang.Thread.State: RUNNABLE&#10;        at java.base@21.0.8/sun.nio.ch.EPoll.wait(Native Method)&#10;        at java.base@21.0.8/sun.nio.ch.EPollSelectorImpl.doSelect(EPollSelectorImpl.java:121)&#10;        at java.base@21.0.8/sun.nio.ch.SelectorImpl.lockAndDoSelect(SelectorImpl.java:130)&#10;        at java.base@21.0.8/sun.nio.ch.SelectorImpl.select(SelectorImpl.java:147)&#10;        at app//org.apache.hadoop.ipc.Server$Listener$Reader.doRunLoop(Server.java:1497)&#10;        at app//org.apache.hadoop.ipc.Server$Listener$Reader.run(Server.java:1476)&#10;&quot;grpc-default-executor-3&quot; daemon prio=5 tid=989 timed_waiting&#10;java.lang.Thread.State: TIMED_WAITING&#10;        at java.base@21.0.8/jdk.internal.misc.Unsafe.park(Native Method)&#10;        at java.base@21.0.8/java.util.concurrent.locks.LockSupport.parkNanos(LockSupport.java:410)&#10;        at java.base@21.0.8/java.util.concurrent.LinkedTransferQueue$DualNode.await(LinkedTransferQueue.java:452)&#10;        at java.base@21.0.8/java.util.concurrent.SynchronousQueue$Transferer.xferLifo(SynchronousQueue.java:194)&#10;        at java.base@21.0.8/java.util.concurrent.SynchronousQueue.xfer(SynchronousQueue.java:235)&#10;        at java.base@21.0.8/java.util.concurrent.SynchronousQueue.poll(SynchronousQueue.java:338)&#10;        at java.base@21.0.8/java.util.concurrent.ThreadPoolExecutor.getTask(ThreadPoolExecutor.java:1069)&#10;        at java.base@21.0.8/java.util.concurrent.ThreadPoolExecutor.runWorker(ThreadPoolExecutor.java:1130)&#10;        at java.base@21.0.8/java.util.concurrent.ThreadPoolExecutor$Worker.run(ThreadPoolExecutor.java:642)&#10;        at java.base@21.0.8/java.lang.Thread.runWith(Thread.java:1596)&#10;        at java.base@21.0.8/java.lang.Thread.run(Thread.java:1583)&#10;&quot;Hadoop-Metrics-Updater-0&quot; daemon prio=5 tid=775 timed_waiting&#10;java.lang.Thread.State: TIMED_WAITING&#10;        at java.base@21.0.8/jdk.internal.misc.Unsafe.park(Native Method)&#10;        at java.base@21.0.8/java.util.concurrent.locks.LockSupport.parkNanos(LockSupport.java:269)&#10;        at java.base@21.0.8/java.util.concurrent.locks.AbstractQueuedSynchronizer$ConditionObject.awaitNanos(AbstractQueuedSynchronizer.java:1763)&#10;        at java.base@21.0.8/java.util.concurrent.ScheduledThreadPoolExecutor$DelayedWorkQueue.take(ScheduledThreadPoolExecutor.java:1182)&#10;        at java.base@21.0.8/java.util.concurrent.ScheduledThreadPoolExecutor$DelayedWorkQueue.take(ScheduledThreadPoolExecutor.java:899)&#10;        at java.base@21.0.8/java.util.concurrent.ThreadPoolExecutor.getTask(ThreadPoolExecutor.java:1070)&#10;        at java.base@21.0.8/java.util.concurrent.ThreadPoolExecutor.runWorker(ThreadPoolExecutor.java:1130)&#10;        at java.base@21.0.8/java.util.concurrent.ThreadPoolExecutor$Worker.run(ThreadPoolExecutor.java:642)&#10;        at java.base@21.0.8/java.lang.Thread.runWith(Thread.java:1596)&#10;        at java.base@21.0.8/java.lang.Thread.run(Thread.java:1583)&#10;&quot;IPC Server handler 21 on default port 15000&quot; daemon prio=5 tid=142 timed_waiting&#10;java.lang.Thread.State: TIMED_WAITING&#10;        at java.base@21.0.8/jdk.internal.misc.Unsafe.park(Native Method)&#10;        at java.base@21.0.8/java.util.concurrent.locks.LockSupport.parkNanos(LockSupport.java:269)&#10;        at java.base@21.0.8/java.util.concurrent.locks.AbstractQueuedSynchronizer$ConditionObject.awaitNanos(AbstractQueuedSynchronizer.java:1763)&#10;        at java.base@21.0.8/java.util.concurrent.LinkedBlockingQueue.poll(LinkedBlockingQueue.java:460)&#10;        at app//org.apache.hadoop.ipc.CallQueueManager.take(CallQueueManager.java:370)&#10;        at app//org.apache.hadoop.ipc.Server$Handler.run(Server.java:3165)&#10;&quot;IPC Server handler 45 on default port 15001&quot; daemon prio=5 tid=266 timed_waiting&#10;java.lang.Thread.State: TIMED_WAITING&#10;        at java.base@21.0.8/jdk.internal.misc.Unsafe.park(Native Method)&#10;        at java.base@21.0.8/java.util.concurrent.locks.LockSupport.parkNanos(LockSupport.java:269)&#10;        at java.base@21.0.8/java.util.concurrent.locks.AbstractQueuedSynchronizer$ConditionObject.awaitNanos(AbstractQueuedSynchronizer.java:1763)&#10;        at java.base@21.0.8/java.util.concurrent.LinkedBlockingQueue.poll(LinkedBlockingQueue.java:460)&#10;        at app//org.apache.hadoop.ipc.CallQueueManager.take(CallQueueManager.java:370)&#10;        at app//org.apache.hadoop.ipc.Server$Handler.run(Server.java:3165)&#10;&quot;IPC Server handler 2 on default port 15035&quot; daemon prio=5 tid=707 timed_waiting&#10;java.lang.Thread.State: TIMED_WAITING&#10;        at java.base@21.0.8/jdk.internal.misc.Unsafe.park(Native Method)&#10;        at java.base@21.0.8/java.util.concurrent.locks.LockSupport.parkNanos(LockSupport.java:269)&#10;        at java.base@21.0.8/java.util.concurrent.locks.AbstractQueuedSynchronizer$ConditionObject.awaitNanos(AbstractQueuedSynchronizer.java:1763)&#10;        at java.base@21.0.8/java.util.concurrent.LinkedBlockingQueue.poll(LinkedBlockingQueue.java:460)&#10;        at app//org.apache.hadoop.ipc.CallQueueManager.take(CallQueueManager.java:370)&#10;        at app//org.apache.hadoop.ipc.Server$Handler.run(Server.java:3165)&#10;&quot;IPC Server handler 4 on default port 15006&quot; daemon prio=5 tid=496 timed_waiting&#10;java.lang.Thread.State: TIMED_WAITING&#10;        at java.base@21.0.8/jdk.internal.misc.Unsafe.park(Native Method)&#10;        at java.base@21.0.8/java.util.concurrent.locks.LockSupport.parkNanos(LockSupport.java:269)&#10;        at java.base@21.0.8/java.util.concurrent.locks.AbstractQueuedSynchronizer$ConditionObject.awaitNanos(AbstractQueuedSynchronizer.java:1763)&#10;        at java.base@21.0.8/java.util.concurrent.LinkedBlockingQueue.poll(LinkedBlockingQueue.java:460)&#10;        at app//org.apache.hadoop.ipc.CallQueueManager.take(CallQueueManager.java:370)&#10;        at app//org.apache.hadoop.ipc.Server$Handler.run(Server.java:3165)&#10;&quot;18da7ee6-49f7-45ee-8090-861a49f32d36@group-01F21CBCA59D-cacheEviction-AwaitToRun&quot; daemon prio=5 tid=906 in Object.wait()&#10;java.lang.Thread.State: WAITING (on object monitor)&#10;        at java.base@21.0.8/jdk.internal.misc.Unsafe.park(Native Method)&#10;        at java.base@21.0.8/java.util.concurrent.locks.LockSupport.park(LockSupport.java:371)&#10;        at java.base@21.0.8/java.util.concurrent.locks.AbstractQueuedSynchronizer$ConditionNode.block(AbstractQueuedSynchronizer.java:519)&#10;        at java.base@21.0.8/java.util.concurrent.ForkJoinPool.unmanagedBlock(ForkJoinPool.java:3780)&#10;        at java.base@21.0.8/java.util.concurrent.ForkJoinPool.managedBlock(ForkJoinPool.java:3725)&#10;        at java.base@21.0.8/java.util.concurrent.locks.AbstractQueuedSynchronizer$ConditionObject.await(AbstractQueuedSynchronizer.java:1712)&#10;        at app//org.apache.ratis.util.AwaitForSignal.await(AwaitForSignal.java:48)&#10;        at app//org.apache.ratis.util.AwaitToRun$RunnableImpl.run(AwaitToRun.java:47)&#10;        at java.base@21.0.8/java.lang.Thread.runWith(Thread.java:1596)&#10;        at java.base@21.0.8/java.lang.Thread.run(Thread.java:1583)&#10;&quot;IPC Server handler 2 on default port 15002&quot; daemon prio=5 tid=341 timed_waiting&#10;java.lang.Thread.State: TIMED_WAITING&#10;        at java.base@21.0.8/jdk.internal.misc.Unsafe.park(Native Method)&#10;        at java.base@21.0.8/java.util.concurrent.locks.LockSupport.parkNanos(LockSupport.java:269)&#10;        at java.base@21.0.8/java.util.concurrent.locks.AbstractQueuedSynchronizer$ConditionObject.awaitNanos(AbstractQueuedSynchronizer.java:1763)&#10;        at java.base@21.0.8/java.util.concurrent.LinkedBlockingQueue.poll(LinkedBlockingQueue.java:460)&#10;        at app//org.apache.hadoop.ipc.CallQueueManager.take(CallQueueManager.java:370)&#10;        at app//org.apache.hadoop.ipc.Server$Handler.run(Server.java:3165)&#10;&quot;IPC Server handler 77 on default port 15001&quot; daemon prio=5 tid=298 timed_waiting&#10;java.lang.Thread.State: TIMED_WAITING&#10;        at java.base@21.0.8/jdk.internal.misc.Unsafe.park(Native Method)&#10;        at java.base@21.0.8/java.util.concurrent.locks.LockSupport.parkNanos(LockSupport.java:269)&#10;        at java.base@21.0.8/java.util.concurrent.locks.AbstractQueuedSynchronizer$ConditionObject.awaitNanos(AbstractQueuedSynchronizer.java:1763)&#10;        at java.base@21.0.8/java.util.concurrent.LinkedBlockingQueue.poll(LinkedBlockingQueue.java:460)&#10;        at app//org.apache.hadoop.ipc.CallQueueManager.take(CallQueueManager.java:370)&#10;        at app//org.apache.hadoop.ipc.Server$Handler.run(Server.java:3165)&#10;&quot;om1-KeyDeletingService#1&quot; daemon prio=5 tid=473 timed_waiting&#10;java.lang.Thread.State: TIMED_WAITING&#10;        at java.base@21.0.8/jdk.internal.misc.Unsafe.park(Native Method)&#10;        at java.base@21.0.8/java.util.concurrent.locks.LockSupport.parkNanos(LockSupport.java:269)&#10;        at java.base@21.0.8/java.util.concurrent.locks.AbstractQueuedSynchronizer$ConditionObject.awaitNanos(AbstractQueuedSynchronizer.java:1763)&#10;        at java.base@21.0.8/java.util.concurrent.ScheduledThreadPoolExecutor$DelayedWorkQueue.take(ScheduledThreadPoolExecutor.java:1182)&#10;        at java.base@21.0.8/java.util.concurrent.ScheduledThreadPoolExecutor$DelayedWorkQueue.take(ScheduledThreadPoolExecutor.java:899)&#10;        at java.base@21.0.8/java.util.concurrent.ThreadPoolExecutor.getTask(ThreadPoolExecutor.java:1070)&#10;        at java.base@21.0.8/java.util.concurrent.ThreadPoolExecutor.runWorker(ThreadPoolExecutor.java:1130)&#10;        at java.base@21.0.8/java.util.concurrent.ThreadPoolExecutor$Worker.run(ThreadPoolExecutor.java:642)&#10;        at java.base@21.0.8/java.lang.Thread.runWith(Thread.java:1596)&#10;        at java.base@21.0.8/java.lang.Thread.run(Thread.java:1583)&#10;&quot;Socket Reader #3 for port 15000&quot; daemon prio=5 tid=93 runnable&#10;java.lang.Thread.State: RUNNABLE&#10;        at java.base@21.0.8/sun.nio.ch.EPoll.wait(Native Method)&#10;        at java.base@21.0.8/sun.nio.ch.EPollSelectorImpl.doSelect(EPollSelectorImpl.java:121)&#10;        at java.base@21.0.8/sun.nio.ch.SelectorImpl.lockAndDoSelect(SelectorImpl.java:130)&#10;        at java.base@21.0.8/sun.nio.ch.SelectorImpl.select(SelectorImpl.java:147)&#10;        at app//org.apache.hadoop.ipc.Server$Listener$Reader.doRunLoop(Server.java:1497)&#10;        at app//org.apache.hadoop.ipc.Server$Listener$Reader.run(Server.java:1476)&#10;&quot;IPC Server handler 52 on default port 15000&quot; daemon prio=5 tid=173 timed_waiting&#10;java.lang.Thread.State: TIMED_WAITING&#10;        at java.base@21.0.8/jdk.internal.misc.Unsafe.park(Native Method)&#10;        at java.base@21.0.8/java.util.concurrent.locks.LockSupport.parkNanos(LockSupport.java:269)&#10;        at java.base@21.0.8/java.util.concurrent.locks.AbstractQueuedSynchronizer$ConditionObject.awaitNanos(AbstractQueuedSynchronizer.java:1763)&#10;        at java.base@21.0.8/java.util.concurrent.LinkedBlockingQueue.poll(LinkedBlockingQueue.java:460)&#10;        at app//org.apache.hadoop.ipc.CallQueueManager.take(CallQueueManager.java:370)&#10;        at app//org.apache.hadoop.ipc.Server$Handler.run(Server.java:3165)&#10;&quot;IPC Server handler 22 on default port 15001&quot; daemon prio=5 tid=243 timed_waiting&#10;java.lang.Thread.State: TIMED_WAITING&#10;        at java.base@21.0.8/jdk.internal.misc.Unsafe.park(Native Method)&#10;        at java.base@21.0.8/java.util.concurrent.locks.LockSupport.parkNanos(LockSupport.java:269)&#10;        at java.base@21.0.8/java.util.concurrent.locks.AbstractQueuedSynchronizer$ConditionObject.awaitNanos(AbstractQueuedSynchronizer.java:1763)&#10;        at java.base@21.0.8/java.util.concurrent.LinkedBlockingQueue.poll(LinkedBlockingQueue.java:460)&#10;        at app//org.apache.hadoop.ipc.CallQueueManager.take(CallQueueManager.java:370)&#10;        at app//org.apache.hadoop.ipc.Server$Handler.run(Server.java:3165)&#10;&quot;FixedThreadPoolWithAffinityExecutor-0-0&quot; daemon prio=5 tid=104 timed_waiting&#10;java.lang.Thread.State: TIMED_WAITING&#10;        at java.base@21.0.8/jdk.internal.misc.Unsafe.park(Native Method)&#10;        at java.base@21.0.8/java.util.concurrent.locks.LockSupport.parkNanos(LockSupport.java:269)&#10;        at java.base@21.0.8/java.util.concurrent.locks.AbstractQueuedSynchronizer$ConditionObject.awaitNanos(AbstractQueuedSynchronizer.java:1763)&#10;        at java.base@21.0.8/java.util.concurrent.LinkedBlockingQueue.poll(LinkedBlockingQueue.java:460)&#10;        at app//org.apache.hadoop.hdds.scm.server.ContainerReportQueue.poll(ContainerReportQueue.java:269)&#10;        at app//org.apache.hadoop.hdds.scm.server.ContainerReportQueue.poll(ContainerReportQueue.java:42)&#10;        at app//org.apache.hadoop.hdds.server.events.FixedThreadPoolWithAffinityExecutor$ContainerReportProcessTask.run(FixedThreadPoolWithAffinityExecutor.java:228)&#10;        at java.base@21.0.8/java.util.concurrent.Executors$RunnableAdapter.call(Executors.java:572)&#10;        at java.base@21.0.8/java.util.concurrent.FutureTask.run(FutureTask.java:317)&#10;        at java.base@21.0.8/java.util.concurrent.ThreadPoolExecutor.runWorker(ThreadPoolExecutor.java:1144)&#10;        at java.base@21.0.8/java.util.concurrent.ThreadPoolExecutor$Worker.run(ThreadPoolExecutor.java:642)&#10;        at java.base@21.0.8/java.lang.Thread.runWith(Thread.java:1596)&#10;        at java.base@21.0.8/java.lang.Thread.run(Thread.java:1583)&#10;&quot;IPC Server handler 24 on default port 15001&quot; daemon prio=5 tid=245 timed_waiting&#10;java.lang.Thread.State: TIMED_WAITING&#10;        at java.base@21.0.8/jdk.internal.misc.Unsafe.park(Native Method)&#10;        at java.base@21.0.8/java.util.concurrent.locks.LockSupport.parkNanos(LockSupport.java:269)&#10;        at java.base@21.0.8/java.util.concurrent.locks.AbstractQueuedSynchronizer$ConditionObject.awaitNanos(AbstractQueuedSynchronizer.java:1763)&#10;        at java.base@21.0.8/java.util.concurrent.LinkedBlockingQueue.poll(LinkedBlockingQueue.java:460)&#10;        at app//org.apache.hadoop.ipc.CallQueueManager.take(CallQueueManager.java:370)&#10;        at app//org.apache.hadoop.ipc.Server$Handler.run(Server.java:3165)&#10;&quot;IPC Server handler 4 on default port 15002&quot; daemon prio=5 tid=343 timed_waiting&#10;java.lang.Thread.State: TIMED_WAITING&#10;        at java.base@21.0.8/jdk.internal.misc.Unsafe.park(Native Method)&#10;        at java.base@21.0.8/java.util.concurrent.locks.LockSupport.parkNanos(LockSupport.java:269)&#10;        at java.base@21.0.8/java.util.concurrent.locks.AbstractQueuedSynchronizer$ConditionObject.awaitNanos(AbstractQueuedSynchronizer.java:1763)&#10;        at java.base@21.0.8/java.util.concurrent.LinkedBlockingQueue.poll(LinkedBlockingQueue.java:460)&#10;        at app//org.apache.hadoop.ipc.CallQueueManager.take(CallQueueManager.java:370)&#10;        at app//org.apache.hadoop.ipc.Server$Handler.run(Server.java:3165)&#10;&quot;IPC Server handler 97 on default port 15002&quot; daemon prio=5 tid=436 timed_waiting&#10;java.lang.Thread.State: TIMED_WAITING&#10;        at java.base@21.0.8/jdk.internal.misc.Unsafe.park(Native Method)&#10;        at java.base@21.0.8/java.util.concurrent.locks.LockSupport.parkNanos(LockSupport.java:269)&#10;        at java.base@21.0.8/java.util.concurrent.locks.AbstractQueuedSynchronizer$ConditionObject.awaitNanos(AbstractQueuedSynchronizer.java:1763)&#10;        at java.base@21.0.8/java.util.concurrent.LinkedBlockingQueue.poll(LinkedBlockingQueue.java:460)&#10;        at app//org.apache.hadoop.ipc.CallQueueManager.take(CallQueueManager.java:370)&#10;        at app//org.apache.hadoop.ipc.Server$Handler.run(Server.java:3165)&#10;&quot;om1-OpenKeyCleanupService#0&quot; daemon prio=5 tid=476 timed_waiting&#10;java.lang.Thread.State: TIMED_WAITING&#10;        at java.base@21.0.8/jdk.internal.misc.Unsafe.park(Native Method)&#10;        at java.base@21.0.8/java.util.concurrent.locks.LockSupport.parkNanos(LockSupport.java:269)&#10;        at java.base@21.0.8/java.util.concurrent.locks.AbstractQueuedSynchronizer$ConditionObject.awaitNanos(AbstractQueuedSynchronizer.java:1763)&#10;        at java.base@21.0.8/java.util.concurrent.ScheduledThreadPoolExecutor$DelayedWorkQueue.take(ScheduledThreadPoolExecutor.java:1182)&#10;        at java.base@21.0.8/java.util.concurrent.ScheduledThreadPoolExecutor$DelayedWorkQueue.take(ScheduledThreadPoolExecutor.java:899)&#10;        at java.base@21.0.8/java.util.concurrent.ThreadPoolExecutor.getTask(ThreadPoolExecutor.java:1070)&#10;        at java.base@21.0.8/java.util.concurrent.ThreadPoolExecutor.runWorker(ThreadPoolExecutor.java:1130)&#10;        at java.base@21.0.8/java.util.concurrent.ThreadPoolExecutor$Worker.run(ThreadPoolExecutor.java:642)&#10;        at java.base@21.0.8/java.lang.Thread.runWith(Thread.java:1596)&#10;        at java.base@21.0.8/java.lang.Thread.run(Thread.java:1583)&#10;&quot;grpc-default-executor-4&quot; daemon prio=5 tid=1038 timed_waiting&#10;java.lang.Thread.State: TIMED_WAITING&#10;        at java.base@21.0.8/jdk.internal.misc.Unsafe.park(Native Method)&#10;        at java.base@21.0.8/java.util.concurrent.locks.LockSupport.parkNanos(LockSupport.java:410)&#10;        at java.base@21.0.8/java.util.concurrent.LinkedTransferQueue$DualNode.await(LinkedTransferQueue.java:452)&#10;        at java.base@21.0.8/java.util.concurrent.SynchronousQueue$Transferer.xferLifo(SynchronousQueue.java:194)&#10;        at java.base@21.0.8/java.util.concurrent.SynchronousQueue.xfer(SynchronousQueue.java:235)&#10;        at java.base@21.0.8/java.util.concurrent.SynchronousQueue.poll(SynchronousQueue.java:338)&#10;        at java.base@21.0.8/java.util.concurrent.ThreadPoolExecutor.getTask(ThreadPoolExecutor.java:1069)&#10;        at java.base@21.0.8/java.util.concurrent.ThreadPoolExecutor.runWorker(ThreadPoolExecutor.java:1130)&#10;        at java.base@21.0.8/java.util.concurrent.ThreadPoolExecutor$Worker.run(ThreadPoolExecutor.java:642)&#10;        at java.base@21.0.8/java.lang.Thread.runWith(Thread.java:1596)&#10;        at java.base@21.0.8/java.lang.Thread.run(Thread.java:1583)&#10;&quot;18da7ee6-49f7-45ee-8090-861a49f32d36@group-01F21CBCA59D-StateMachineUpdater&quot; daemon prio=5 tid=916 timed_waiting&#10;java.lang.Thread.State: TIMED_WAITING&#10;        at java.base@21.0.8/jdk.internal.misc.Unsafe.park(Native Method)&#10;        at java.base@21.0.8/java.util.concurrent.locks.LockSupport.parkNanos(LockSupport.java:269)&#10;        at java.base@21.0.8/java.util.concurrent.locks.AbstractQueuedSynchronizer$ConditionObject.await(AbstractQueuedSynchronizer.java:1852)&#10;        at app//org.apache.ratis.util.AwaitForSignal.await(AwaitForSignal.java:65)&#10;        at app//org.apache.ratis.server.impl.StateMachineUpdater.waitForCommit(StateMachineUpdater.java:222)&#10;        at app//org.apache.ratis.server.impl.StateMachineUpdater.run(StateMachineUpdater.java:187)&#10;        at java.base@21.0.8/java.lang.Thread.runWith(Thread.java:1596)&#10;        at java.base@21.0.8/java.lang.Thread.run(Thread.java:1583)&#10;&quot;IPC Server handler 89 on default port 15001&quot; daemon prio=5 tid=310 timed_waiting&#10;java.lang.Thread.State: TIMED_WAITING&#10;        at java.base@21.0.8/jdk.internal.misc.Unsafe.park(Native Method)&#10;        at java.base@21.0.8/java.util.concurrent.locks.LockSupport.parkNanos(LockSupport.java:269)&#10;        at java.base@21.0.8/java.util.concurrent.locks.AbstractQueuedSynchronizer$ConditionObject.awaitNanos(AbstractQueuedSynchronizer.java:1763)&#10;        at java.base@21.0.8/java.util.concurrent.LinkedBlockingQueue.poll(LinkedBlockingQueue.java:460)&#10;        at app//org.apache.hadoop.ipc.CallQueueManager.take(CallQueueManager.java:370)&#10;        at app//org.apache.hadoop.ipc.Server$Handler.run(Server.java:3165)&#10;&quot;Socket Reader #5 for port 15002&quot; daemon prio=5 tid=67 runnable&#10;java.lang.Thread.State: RUNNABLE&#10;        at java.base@21.0.8/sun.nio.ch.EPoll.wait(Native Method)&#10;        at java.base@21.0.8/sun.nio.ch.EPollSelectorImpl.doSelect(EPollSelectorImpl.java:121)&#10;        at java.base@21.0.8/sun.nio.ch.SelectorImpl.lockAndDoSelect(SelectorImpl.java:130)&#10;        at java.base@21.0.8/sun.nio.ch.SelectorImpl.select(SelectorImpl.java:147)&#10;        at app//org.apache.hadoop.ipc.Server$Listener$Reader.doRunLoop(Server.java:1497)&#10;        at app//org.apache.hadoop.ipc.Server$Listener$Reader.run(Server.java:1476)&#10;&quot;IPC Server handler 26 on default port 15000&quot; daemon prio=5 tid=147 timed_waiting&#10;java.lang.Thread.State: TIMED_WAITING&#10;        at java.base@21.0.8/jdk.internal.misc.Unsafe.park(Native Method)&#10;        at java.base@21.0.8/java.util.concurrent.locks.LockSupport.parkNanos(LockSupport.java:269)&#10;        at java.base@21.0.8/java.util.concurrent.locks.AbstractQueuedSynchronizer$ConditionObject.awaitNanos(AbstractQueuedSynchronizer.java:1763)&#10;        at java.base@21.0.8/java.util.concurrent.LinkedBlockingQueue.poll(LinkedBlockingQueue.java:460)&#10;        at app//org.apache.hadoop.ipc.CallQueueManager.take(CallQueueManager.java:370)&#10;        at app//org.apache.hadoop.ipc.Server$Handler.run(Server.java:3165)&#10;&quot;Socket Reader #5 for port 15001&quot; daemon prio=5 tid=81 runnable&#10;java.lang.Thread.State: RUNNABLE&#10;        at java.base@21.0.8/sun.nio.ch.EPoll.wait(Native Method)&#10;        at java.base@21.0.8/sun.nio.ch.EPollSelectorImpl.doSelect(EPollSelectorImpl.java:121)&#10;        at java.base@21.0.8/sun.nio.ch.SelectorImpl.lockAndDoSelect(SelectorImpl.java:130)&#10;        at java.base@21.0.8/sun.nio.ch.SelectorImpl.select(SelectorImpl.java:147)&#10;        at app//org.apache.hadoop.ipc.Server$Listener$Reader.doRunLoop(Server.java:1497)&#10;        at app//org.apache.hadoop.ipc.Server$Listener$Reader.run(Server.java:1476)&#10;&quot;IPC Server handler 53 on default port 15000&quot; daemon prio=5 tid=174 timed_waiting&#10;java.lang.Thread.State: TIMED_WAITING&#10;        at java.base@21.0.8/jdk.internal.misc.Unsafe.park(Native Method)&#10;        at java.base@21.0.8/java.util.concurrent.locks.LockSupport.parkNanos(LockSupport.java:269)&#10;        at java.base@21.0.8/java.util.concurrent.locks.AbstractQueuedSynchronizer$ConditionObject.awaitNanos(AbstractQueuedSynchronizer.java:1763)&#10;        at java.base@21.0.8/java.util.concurrent.LinkedBlockingQueue.poll(LinkedBlockingQueue.java:460)&#10;        at app//org.apache.hadoop.ipc.CallQueueManager.take(CallQueueManager.java:370)&#10;        at app//org.apache.hadoop.ipc.Server$Handler.run(Server.java:3165)&#10;&quot;Timer for &apos;StorageContainerManager&apos; metrics system&quot; daemon prio=5 tid=120 timed_waiting&#10;java.lang.Thread.State: TIMED_WAITING&#10;        at java.base@21.0.8/java.lang.Object.wait0(Native Method)&#10;        at java.base@21.0.8/java.lang.Object.wait(Object.java:366)&#10;        at java.base@21.0.8/java.util.TimerThread.mainLoop(Timer.java:563)&#10;        at java.base@21.0.8/java.util.TimerThread.run(Timer.java:516)&#10;&quot;qtp99667716-750&quot; daemon prio=5 tid=750 timed_waiting&#10;java.lang.Thread.State: TIMED_WAITING&#10;        at java.base@21.0.8/jdk.internal.misc.Unsafe.park(Native Method)&#10;        at java.base@21.0.8/java.util.concurrent.locks.LockSupport.parkNanos(LockSupport.java:269)&#10;        at java.base@21.0.8/java.util.concurrent.locks.AbstractQueuedSynchronizer$ConditionObject.awaitNanos(AbstractQueuedSynchronizer.java:1763)&#10;        at app//org.eclipse.jetty.util.BlockingArrayQueue.poll(BlockingArrayQueue.java:382)&#10;        at app//org.eclipse.jetty.util.thread.QueuedThreadPool$Runner.idleJobPoll(QueuedThreadPool.java:974)&#10;        at app//org.eclipse.jetty.util.thread.QueuedThreadPool$Runner.run(QueuedThreadPool.java:1018)&#10;        at java.base@21.0.8/java.lang.Thread.runWith(Thread.java:1596)&#10;        at java.base@21.0.8/java.lang.Thread.run(Thread.java:1583)&#10;&quot;IPC Server handler 1 on default port 15001&quot; daemon prio=5 tid=222 timed_waiting&#10;java.lang.Thread.State: TIMED_WAITING&#10;        at java.base@21.0.8/jdk.internal.misc.Unsafe.park(Native Method)&#10;        at java.base@21.0.8/java.util.concurrent.locks.LockSupport.parkNanos(LockSupport.java:269)&#10;        at java.base@21.0.8/java.util.concurrent.locks.AbstractQueuedSynchronizer$ConditionObject.awaitNanos(AbstractQueuedSynchronizer.java:1763)&#10;        at java.base@21.0.8/java.util.concurrent.LinkedBlockingQueue.poll(LinkedBlockingQueue.java:460)&#10;        at app//org.apache.hadoop.ipc.CallQueueManager.take(CallQueueManager.java:370)&#10;        at app//org.apache.hadoop.ipc.Server$Handler.run(Server.java:3165)&#10;&quot;IPC Server handler 27 on default port 15000&quot; daemon prio=5 tid=148 timed_waiting&#10;java.lang.Thread.State: TIMED_WAITING&#10;        at java.base@21.0.8/jdk.internal.misc.Unsafe.park(Native Method)&#10;        at java.base@21.0.8/java.util.concurrent.locks.LockSupport.parkNanos(LockSupport.java:269)&#10;        at java.base@21.0.8/java.util.concurrent.locks.AbstractQueuedSynchronizer$ConditionObject.awaitNanos(AbstractQueuedSynchronizer.java:1763)&#10;        at java.base@21.0.8/java.util.concurrent.LinkedBlockingQueue.poll(LinkedBlockingQueue.java:460)&#10;        at app//org.apache.hadoop.ipc.CallQueueManager.take(CallQueueManager.java:370)&#10;        at app//org.apache.hadoop.ipc.Server$Handler.run(Server.java:3165)&#10;&quot;IPC Server handler 75 on default port 15002&quot; daemon prio=5 tid=414 timed_waiting&#10;java.lang.Thread.State: TIMED_WAITING&#10;        at java.base@21.0.8/jdk.internal.misc.Unsafe.park(Native Method)&#10;        at java.base@21.0.8/java.util.concurrent.locks.LockSupport.parkNanos(LockSupport.java:269)&#10;        at java.base@21.0.8/java.util.concurrent.locks.AbstractQueuedSynchronizer$ConditionObject.awaitNanos(AbstractQueuedSynchronizer.java:1763)&#10;        at java.base@21.0.8/java.util.concurrent.LinkedBlockingQueue.poll(LinkedBlockingQueue.java:460)&#10;        at app//org.apache.hadoop.ipc.CallQueueManager.take(CallQueueManager.java:370)&#10;        at app//org.apache.hadoop.ipc.Server$Handler.run(Server.java:3165)&#10;&quot;IPC Server handler 55 on default port 15001&quot; daemon prio=5 tid=276 timed_waiting&#10;java.lang.Thread.State: TIMED_WAITING&#10;        at java.base@21.0.8/jdk.internal.misc.Unsafe.park(Native Method)&#10;        at java.base@21.0.8/java.util.concurrent.locks.LockSupport.parkNanos(LockSupport.java:269)&#10;        at java.base@21.0.8/java.util.concurrent.locks.AbstractQueuedSynchronizer$ConditionObject.awaitNanos(AbstractQueuedSynchronizer.java:1763)&#10;        at java.base@21.0.8/java.util.concurrent.LinkedBlockingQueue.poll(LinkedBlockingQueue.java:460)&#10;        at app//org.apache.hadoop.ipc.CallQueueManager.take(CallQueueManager.java:370)&#10;        at app//org.apache.hadoop.ipc.Server$Handler.run(Server.java:3165)&#10;&quot;Hadoop-Metrics-Updater-0&quot; daemon prio=5 tid=636 timed_waiting&#10;java.lang.Thread.State: TIMED_WAITING&#10;        at java.base@21.0.8/jdk.internal.misc.Unsafe.park(Native Method)&#10;        at java.base@21.0.8/java.util.concurrent.locks.LockSupport.parkNanos(LockSupport.java:269)&#10;        at java.base@21.0.8/java.util.concurrent.locks.AbstractQueuedSynchronizer$ConditionObject.awaitNanos(AbstractQueuedSynchronizer.java:1763)&#10;        at java.base@21.0.8/java.util.concurrent.ScheduledThreadPoolExecutor$DelayedWorkQueue.take(ScheduledThreadPoolExecutor.java:1182)&#10;        at java.base@21.0.8/java.util.concurrent.ScheduledThreadPoolExecutor$DelayedWorkQueue.take(ScheduledThreadPoolExecutor.java:899)&#10;        at java.base@21.0.8/java.util.concurrent.ThreadPoolExecutor.getTask(ThreadPoolExecutor.java:1070)&#10;        at java.base@21.0.8/java.util.concurrent.ThreadPoolExecutor.runWorker(ThreadPoolExecutor.java:1130)&#10;        at java.base@21.0.8/java.util.concurrent.ThreadPoolExecutor$Worker.run(ThreadPoolExecutor.java:642)&#10;        at java.base@21.0.8/java.lang.Thread.runWith(Thread.java:1596)&#10;        at java.base@21.0.8/java.lang.Thread.run(Thread.java:1583)&#10;&quot;IPC Server handler 81 on default port 15000&quot; daemon prio=5 tid=202 timed_waiting&#10;java.lang.Thread.State: TIMED_WAITING&#10;        at java.base@21.0.8/jdk.internal.misc.Unsafe.park(Native Method)&#10;        at java.base@21.0.8/java.util.concurrent.locks.LockSupport.parkNanos(LockSupport.java:269)&#10;        at java.base@21.0.8/java.util.concurrent.locks.AbstractQueuedSynchronizer$ConditionObject.awaitNanos(AbstractQueuedSynchronizer.java:1763)&#10;        at java.base@21.0.8/java.util.concurrent.LinkedBlockingQueue.poll(LinkedBlockingQueue.java:460)&#10;        at app//org.apache.hadoop.ipc.CallQueueManager.take(CallQueueManager.java:370)&#10;        at app//org.apache.hadoop.ipc.Server$Handler.run(Server.java:3165)&#10;&quot;07f651f6-8f87-47bb-8f69-34e194401a37@group-1629492F36A3-StateMachineUpdater&quot; daemon prio=5 tid=117 timed_waiting&#10;java.lang.Thread.State: TIMED_WAITING&#10;        at java.base@21.0.8/jdk.internal.misc.Unsafe.park(Native Method)&#10;        at java.base@21.0.8/java.util.concurrent.locks.LockSupport.parkNanos(LockSupport.java:269)&#10;        at java.base@21.0.8/java.util.concurrent.locks.AbstractQueuedSynchronizer$ConditionObject.await(AbstractQueuedSynchronizer.java:1852)&#10;        at app//org.apache.ratis.util.AwaitForSignal.await(AwaitForSignal.java:65)&#10;        at app//org.apache.ratis.server.impl.StateMachineUpdater.waitForCommit(StateMachineUpdater.java:222)&#10;        at app//org.apache.ratis.server.impl.StateMachineUpdater.run(StateMachineUpdater.java:187)&#10;        at java.base@21.0.8/java.lang.Thread.runWith(Thread.java:1596)&#10;        at java.base@21.0.8/java.lang.Thread.run(Thread.java:1583)&#10;&quot;EventQueue-OpenPipelineForHealthyPipelineSafeModeRule&quot; daemon prio=5 tid=854 in Object.wait()&#10;java.lang.Thread.State: WAITING (on object monitor)&#10;        at java.base@21.0.8/jdk.internal.misc.Unsafe.park(Native Method)&#10;        at java.base@21.0.8/java.util.concurrent.locks.LockSupport.park(LockSupport.java:371)&#10;        at java.base@21.0.8/java.util.concurrent.locks.AbstractQueuedSynchronizer$ConditionNode.block(AbstractQueuedSynchronizer.java:519)&#10;        at java.base@21.0.8/java.util.concurrent.ForkJoinPool.unmanagedBlock(ForkJoinPool.java:3780)&#10;        at java.base@21.0.8/java.util.concurrent.ForkJoinPool.managedBlock(ForkJoinPool.java:3725)&#10;        at java.base@21.0.8/java.util.concurrent.locks.AbstractQueuedSynchronizer$ConditionObject.await(AbstractQueuedSynchronizer.java:1712)&#10;        at java.base@21.0.8/java.util.concurrent.LinkedBlockingQueue.take(LinkedBlockingQueue.java:435)&#10;        at java.base@21.0.8/java.util.concurrent.ThreadPoolExecutor.getTask(ThreadPoolExecutor.java:1070)&#10;        at java.base@21.0.8/java.util.concurrent.ThreadPoolExecutor.runWorker(ThreadPoolExecutor.java:1130)&#10;        at java.base@21.0.8/java.util.concurrent.ThreadPoolExecutor$Worker.run(ThreadPoolExecutor.java:642)&#10;        at java.base@21.0.8/java.lang.Thread.runWith(Thread.java:1596)&#10;        at java.base@21.0.8/java.lang.Thread.run(Thread.java:1583)&#10;&quot;Socket Reader #2 for port 15000&quot; daemon prio=5 tid=92 runnable&#10;java.lang.Thread.State: RUNNABLE&#10;        at java.base@21.0.8/sun.nio.ch.EPoll.wait(Native Method)&#10;        at java.base@21.0.8/sun.nio.ch.EPollSelectorImpl.doSelect(EPollSelectorImpl.java:121)&#10;        at java.base@21.0.8/sun.nio.ch.SelectorImpl.lockAndDoSelect(SelectorImpl.java:130)&#10;        at java.base@21.0.8/sun.nio.ch.SelectorImpl.select(SelectorImpl.java:147)&#10;        at app//org.apache.hadoop.ipc.Server$Listener$Reader.doRunLoop(Server.java:1497)&#10;        at app//org.apache.hadoop.ipc.Server$Listener$Reader.run(Server.java:1476)&#10;&quot;IPC Server handler 38 on default port 15000&quot; daemon prio=5 tid=159 timed_waiting&#10;java.lang.Thread.State: TIMED_WAITING&#10;        at java.base@21.0.8/jdk.internal.misc.Unsafe.park(Native Method)&#10;        at java.base@21.0.8/java.util.concurrent.locks.LockSupport.parkNanos(LockSupport.java:269)&#10;        at java.base@21.0.8/java.util.concurrent.locks.AbstractQueuedSynchronizer$ConditionObject.awaitNanos(AbstractQueuedSynchronizer.java:1763)&#10;        at java.base@21.0.8/java.util.concurrent.LinkedBlockingQueue.poll(LinkedBlockingQueue.java:460)&#10;        at app//org.apache.hadoop.ipc.CallQueueManager.take(CallQueueManager.java:370)&#10;        at app//org.apache.hadoop.ipc.Server$Handler.run(Server.java:3165)&#10;&quot;IPC Server handler 62 on default port 15002&quot; daemon prio=5 tid=401 timed_waiting&#10;java.lang.Thread.State: TIMED_WAITING&#10;        at java.base@21.0.8/jdk.internal.misc.Unsafe.park(Native Method)&#10;        at java.base@21.0.8/java.util.concurrent.locks.LockSupport.parkNanos(LockSupport.java:269)&#10;        at java.base@21.0.8/java.util.concurrent.locks.AbstractQueuedSynchronizer$ConditionObject.awaitNanos(AbstractQueuedSynchronizer.java:1763)&#10;        at java.base@21.0.8/java.util.concurrent.LinkedBlockingQueue.poll(LinkedBlockingQueue.java:460)&#10;        at app//org.apache.hadoop.ipc.CallQueueManager.take(CallQueueManager.java:370)&#10;        at app//org.apache.hadoop.ipc.Server$Handler.run(Server.java:3165)&#10;&quot;Session-HouseKeeper-53a4b12-1&quot;  prio=5 tid=332 timed_waiting&#10;java.lang.Thread.State: TIMED_WAITING&#10;        at java.base@21.0.8/jdk.internal.misc.Unsafe.park(Native Method)&#10;        at java.base@21.0.8/java.util.concurrent.locks.LockSupport.parkNanos(LockSupport.java:269)&#10;        at java.base@21.0.8/java.util.concurrent.locks.AbstractQueuedSynchronizer$ConditionObject.awaitNanos(AbstractQueuedSynchronizer.java:1763)&#10;        at java.base@21.0.8/java.util.concurrent.ScheduledThreadPoolExecutor$DelayedWorkQueue.take(ScheduledThreadPoolExecutor.java:1182)&#10;        at java.base@21.0.8/java.util.concurrent.ScheduledThreadPoolExecutor$DelayedWorkQueue.take(ScheduledThreadPoolExecutor.java:899)&#10;        at java.base@21.0.8/java.util.concurrent.ThreadPoolExecutor.getTask(ThreadPoolExecutor.java:1070)&#10;        at java.base@21.0.8/java.util.concurrent.ThreadPoolExecutor.runWorker(ThreadPoolExecutor.java:1130)&#10;        at java.base@21.0.8/java.util.concurrent.ThreadPoolExecutor$Worker.run(ThreadPoolExecutor.java:642)&#10;        at java.base@21.0.8/java.lang.Thread.runWith(Thread.java:1596)&#10;        at java.base@21.0.8/java.lang.Thread.run(Thread.java:1583)&#10;&quot;qtp99667716-746-acceptor-0@68c159bd-ServerConnector@7bad02d0{HTTP/1.1, (http/1.1)}{0.0.0.0:15042}&quot; daemon prio=3 tid=746 runnable&#10;java.lang.Thread.State: RUNNABLE&#10;        at java.base@21.0.8/sun.nio.ch.Net.accept(Native Method)&#10;        at java.base@21.0.8/sun.nio.ch.ServerSocketChannelImpl.implAccept(ServerSocketChannelImpl.java:433)&#10;        at java.base@21.0.8/sun.nio.ch.ServerSocketChannelImpl.accept(ServerSocketChannelImpl.java:399)&#10;        at app//org.eclipse.jetty.server.ServerConnector.accept(ServerConnector.java:388)&#10;        at app//org.eclipse.jetty.server.AbstractConnector$Acceptor.run(AbstractConnector.java:704)&#10;        at app//org.eclipse.jetty.util.thread.QueuedThreadPool.runJob(QueuedThreadPool.java:883)&#10;        at app//org.eclipse.jetty.util.thread.QueuedThreadPool$Runner.run(QueuedThreadPool.java:1034)&#10;        at java.base@21.0.8/java.lang.Thread.runWith(Thread.java:1596)&#10;        at java.base@21.0.8/java.lang.Thread.run(Thread.java:1583)&#10;&quot;IPC Server handler 3 on default port 15000&quot; daemon prio=5 tid=124 timed_waiting&#10;java.lang.Thread.State: TIMED_WAITING&#10;        at java.base@21.0.8/jdk.internal.misc.Unsafe.park(Native Method)&#10;        at java.base@21.0.8/java.util.concurrent.locks.LockSupport.parkNanos(LockSupport.java:269)&#10;        at java.base@21.0.8/java.util.concurrent.locks.AbstractQueuedSynchronizer$ConditionObject.awaitNanos(AbstractQueuedSynchronizer.java:1763)&#10;        at java.base@21.0.8/java.util.concurrent.LinkedBlockingQueue.poll(LinkedBlockingQueue.java:460)&#10;        at app//org.apache.hadoop.ipc.CallQueueManager.take(CallQueueManager.java:370)&#10;        at app//org.apache.hadoop.ipc.Server$Handler.run(Server.java:3165)&#10;&quot;IPC Server handler 41 on default port 15002&quot; daemon prio=5 tid=380 timed_waiting&#10;java.lang.Thread.State: TIMED_WAITING&#10;        at java.base@21.0.8/jdk.internal.misc.Unsafe.park(Native Method)&#10;        at java.base@21.0.8/java.util.concurrent.locks.LockSupport.parkNanos(LockSupport.java:269)&#10;        at java.base@21.0.8/java.util.concurrent.locks.AbstractQueuedSynchronizer$ConditionObject.awaitNanos(AbstractQueuedSynchronizer.java:1763)&#10;        at java.base@21.0.8/java.util.concurrent.LinkedBlockingQueue.poll(LinkedBlockingQueue.java:460)&#10;        at app//org.apache.hadoop.ipc.CallQueueManager.take(CallQueueManager.java:370)&#10;        at app//org.apache.hadoop.ipc.Server$Handler.run(Server.java:3165)&#10;&quot;om1@group-C5BA1605619E-cacheEviction-AwaitToRun&quot; daemon prio=5 tid=463 in Object.wait()&#10;java.lang.Thread.State: WAITING (on object monitor)&#10;        at java.base@21.0.8/jdk.internal.misc.Unsafe.park(Native Method)&#10;        at java.base@21.0.8/java.util.concurrent.locks.LockSupport.park(LockSupport.java:371)&#10;        at java.base@21.0.8/java.util.concurrent.locks.AbstractQueuedSynchronizer$ConditionNode.block(AbstractQueuedSynchronizer.java:519)&#10;        at java.base@21.0.8/java.util.concurrent.ForkJoinPool.unmanagedBlock(ForkJoinPool.java:3780)&#10;        at java.base@21.0.8/java.util.concurrent.ForkJoinPool.managedBlock(ForkJoinPool.java:3725)&#10;        at java.base@21.0.8/java.util.concurrent.locks.AbstractQueuedSynchronizer$ConditionObject.await(AbstractQueuedSynchronizer.java:1712)&#10;        at app//org.apache.ratis.util.AwaitForSignal.await(AwaitForSignal.java:48)&#10;        at app//org.apache.ratis.util.AwaitToRun$RunnableImpl.run(AwaitToRun.java:47)&#10;        at java.base@21.0.8/java.lang.Thread.runWith(Thread.java:1596)&#10;        at java.base@21.0.8/java.lang.Thread.run(Thread.java:1583)&#10;&quot;Socket Reader #8 for port 15035&quot; daemon prio=5 tid=697 runnable&#10;java.lang.Thread.State: RUNNABLE&#10;        at java.base@21.0.8/sun.nio.ch.EPoll.wait(Native Method)&#10;        at java.base@21.0.8/sun.nio.ch.EPollSelectorImpl.doSelect(EPollSelectorImpl.java:121)&#10;        at java.base@21.0.8/sun.nio.ch.SelectorImpl.lockAndDoSelect(SelectorImpl.java:130)&#10;        at java.base@21.0.8/sun.nio.ch.SelectorImpl.select(SelectorImpl.java:147)&#10;        at app//org.apache.hadoop.ipc.Server$Listener$Reader.doRunLoop(Server.java:1497)&#10;        at app//org.apache.hadoop.ipc.Server$Listener$Reader.run(Server.java:1476)&#10;&quot;IPC Server handler 69 on default port 15001&quot; daemon prio=5 tid=290 timed_waiting&#10;java.lang.Thread.State: TIMED_WAITING&#10;        at java.base@21.0.8/jdk.internal.misc.Unsafe.park(Native Method)&#10;        at java.base@21.0.8/java.util.concurrent.locks.LockSupport.parkNanos(LockSupport.java:269)&#10;        at java.base@21.0.8/java.util.concurrent.locks.AbstractQueuedSynchronizer$ConditionObject.awaitNanos(AbstractQueuedSynchronizer.java:1763)&#10;        at java.base@21.0.8/java.util.concurrent.LinkedBlockingQueue.poll(LinkedBlockingQueue.java:460)&#10;        at app//org.apache.hadoop.ipc.CallQueueManager.take(CallQueueManager.java:370)&#10;        at app//org.apache.hadoop.ipc.Server$Handler.run(Server.java:3165)&#10;&quot;Socket Reader #6 for port 15019&quot; daemon prio=5 tid=581 runnable&#10;java.lang.Thread.State: RUNNABLE&#10;        at java.base@21.0.8/sun.nio.ch.EPoll.wait(Native Method)&#10;        at java.base@21.0.8/sun.nio.ch.EPollSelectorImpl.doSelect(EPollSelectorImpl.java:121)&#10;        at java.base@21.0.8/sun.nio.ch.SelectorImpl.lockAndDoSelect(SelectorImpl.java:130)&#10;        at java.base@21.0.8/sun.nio.ch.SelectorImpl.select(SelectorImpl.java:147)&#10;        at app//org.apache.hadoop.ipc.Server$Listener$Reader.doRunLoop(Server.java:1497)&#10;        at app//org.apache.hadoop.ipc.Server$Listener$Reader.run(Server.java:1476)&#10;&quot;IPC Server handler 66 on default port 15001&quot; daemon prio=5 tid=287 timed_waiting&#10;java.lang.Thread.State: TIMED_WAITING&#10;        at java.base@21.0.8/jdk.internal.misc.Unsafe.park(Native Method)&#10;        at java.base@21.0.8/java.util.concurrent.locks.LockSupport.parkNanos(LockSupport.java:269)&#10;        at java.base@21.0.8/java.util.concurrent.locks.AbstractQueuedSynchronizer$ConditionObject.awaitNanos(AbstractQueuedSynchronizer.java:1763)&#10;        at java.base@21.0.8/java.util.concurrent.LinkedBlockingQueue.poll(LinkedBlockingQueue.java:460)&#10;        at app//org.apache.hadoop.ipc.CallQueueManager.take(CallQueueManager.java:370)&#10;        at app//org.apache.hadoop.ipc.Server$Handler.run(Server.java:3165)&#10;&quot;Socket Reader #10 for port 15035&quot; daemon prio=5 tid=699 runnable&#10;java.lang.Thread.State: RUNNABLE&#10;        at java.base@21.0.8/sun.nio.ch.EPoll.wait(Native Method)&#10;        at java.base@21.0.8/sun.nio.ch.EPollSelectorImpl.doSelect(EPollSelectorImpl.java:121)&#10;        at java.base@21.0.8/sun.nio.ch.SelectorImpl.lockAndDoSelect(SelectorImpl.java:130)&#10;        at java.base@21.0.8/sun.nio.ch.SelectorImpl.select(SelectorImpl.java:147)&#10;        at app//org.apache.hadoop.ipc.Server$Listener$Reader.doRunLoop(Server.java:1497)&#10;        at app//org.apache.hadoop.ipc.Server$Listener$Reader.run(Server.java:1476)&#10;&quot;Socket Reader #10 for port 15043&quot; daemon prio=5 tid=772 runnable&#10;java.lang.Thread.State: RUNNABLE&#10;        at java.base@21.0.8/sun.nio.ch.EPoll.wait(Native Method)&#10;        at java.base@21.0.8/sun.nio.ch.EPollSelectorImpl.doSelect(EPollSelectorImpl.java:121)&#10;        at java.base@21.0.8/sun.nio.ch.SelectorImpl.lockAndDoSelect(SelectorImpl.java:130)&#10;        at java.base@21.0.8/sun.nio.ch.SelectorImpl.select(SelectorImpl.java:147)&#10;        at app//org.apache.hadoop.ipc.Server$Listener$Reader.doRunLoop(Server.java:1497)&#10;        at app//org.apache.hadoop.ipc.Server$Listener$Reader.run(Server.java:1476)&#10;&quot;IPC Server handler 32 on default port 15002&quot; daemon prio=5 tid=371 timed_waiting&#10;java.lang.Thread.State: TIMED_WAITING&#10;        at java.base@21.0.8/jdk.internal.misc.Unsafe.park(Native Method)&#10;        at java.base@21.0.8/java.util.concurrent.locks.LockSupport.parkNanos(LockSupport.java:269)&#10;        at java.base@21.0.8/java.util.concurrent.locks.AbstractQueuedSynchronizer$ConditionObject.awaitNanos(AbstractQueuedSynchronizer.java:1763)&#10;        at java.base@21.0.8/java.util.concurrent.LinkedBlockingQueue.poll(LinkedBlockingQueue.java:460)&#10;        at app//org.apache.hadoop.ipc.CallQueueManager.take(CallQueueManager.java:370)&#10;        at app//org.apache.hadoop.ipc.Server$Handler.run(Server.java:3165)&#10;&quot;IPC Server handler 18 on default port 15006&quot; daemon prio=5 tid=510 timed_waiting&#10;java.lang.Thread.State: TIMED_WAITING&#10;        at java.base@21.0.8/jdk.internal.misc.Unsafe.park(Native Method)&#10;        at java.base@21.0.8/java.util.concurrent.locks.LockSupport.parkNanos(LockSupport.java:269)&#10;        at java.base@21.0.8/java.util.concurrent.locks.AbstractQueuedSynchronizer$ConditionObject.awaitNanos(AbstractQueuedSynchronizer.java:1763)&#10;        at java.base@21.0.8/java.util.concurrent.LinkedBlockingQueue.poll(LinkedBlockingQueue.java:460)&#10;        at app//org.apache.hadoop.ipc.CallQueueManager.take(CallQueueManager.java:370)&#10;        at app//org.apache.hadoop.ipc.Server$Handler.run(Server.java:3165)&#10;&quot;IPC Server handler 54 on default port 15000&quot; daemon prio=5 tid=175 timed_waiting&#10;java.lang.Thread.State: TIMED_WAITING&#10;        at java.base@21.0.8/jdk.internal.misc.Unsafe.park(Native Method)&#10;        at java.base@21.0.8/java.util.concurrent.locks.LockSupport.parkNanos(LockSupport.java:269)&#10;        at java.base@21.0.8/java.util.concurrent.locks.AbstractQueuedSynchronizer$ConditionObject.awaitNanos(AbstractQueuedSynchronizer.java:1763)&#10;        at java.base@21.0.8/java.util.concurrent.LinkedBlockingQueue.poll(LinkedBlockingQueue.java:460)&#10;        at app//org.apache.hadoop.ipc.CallQueueManager.take(CallQueueManager.java:370)&#10;        at app//org.apache.hadoop.ipc.Server$Handler.run(Server.java:3165)&#10;&quot;IPC Server handler 95 on default port 15000&quot; daemon prio=5 tid=216 timed_waiting&#10;java.lang.Thread.State: TIMED_WAITING&#10;        at java.base@21.0.8/jdk.internal.misc.Unsafe.park(Native Method)&#10;        at java.base@21.0.8/java.util.concurrent.locks.LockSupport.parkNanos(LockSupport.java:269)&#10;        at java.base@21.0.8/java.util.concurrent.locks.AbstractQueuedSynchronizer$ConditionObject.awaitNanos(AbstractQueuedSynchronizer.java:1763)&#10;        at java.base@21.0.8/java.util.concurrent.LinkedBlockingQueue.poll(LinkedBlockingQueue.java:460)&#10;        at app//org.apache.hadoop.ipc.CallQueueManager.take(CallQueueManager.java:370)&#10;        at app//org.apache.hadoop.ipc.Server$Handler.run(Server.java:3165)&#10;&quot;IPC Server handler 14 on default port 15002&quot; daemon prio=5 tid=353 timed_waiting&#10;java.lang.Thread.State: TIMED_WAITING&#10;        at java.base@21.0.8/jdk.internal.misc.Unsafe.park(Native Method)&#10;        at java.base@21.0.8/java.util.concurrent.locks.LockSupport.parkNanos(LockSupport.java:269)&#10;        at java.base@21.0.8/java.util.concurrent.locks.AbstractQueuedSynchronizer$ConditionObject.awaitNanos(AbstractQueuedSynchronizer.java:1763)&#10;        at java.base@21.0.8/java.util.concurrent.LinkedBlockingQueue.poll(LinkedBlockingQueue.java:460)&#10;        at app//org.apache.hadoop.ipc.CallQueueManager.take(CallQueueManager.java:370)&#10;        at app//org.apache.hadoop.ipc.Server$Handler.run(Server.java:3165)&#10;&quot;d3e19d45-0b2b-4921-9b28-39a5e9747ac8-RocksDBCompactionThread-0&quot;  prio=5 tid=723 timed_waiting&#10;java.lang.Thread.State: TIMED_WAITING&#10;        at java.base@21.0.8/jdk.internal.misc.Unsafe.park(Native Method)&#10;        at java.base@21.0.8/java.util.concurrent.locks.LockSupport.parkNanos(LockSupport.java:269)&#10;        at java.base@21.0.8/java.util.concurrent.locks.AbstractQueuedSynchronizer$ConditionObject.awaitNanos(AbstractQueuedSynchronizer.java:1763)&#10;        at java.base@21.0.8/java.util.concurrent.ScheduledThreadPoolExecutor$DelayedWorkQueue.take(ScheduledThreadPoolExecutor.java:1182)&#10;        at java.base@21.0.8/java.util.concurrent.ScheduledThreadPoolExecutor$DelayedWorkQueue.take(ScheduledThreadPoolExecutor.java:899)&#10;        at java.base@21.0.8/java.util.concurrent.ThreadPoolExecutor.getTask(ThreadPoolExecutor.java:1070)&#10;        at java.base@21.0.8/java.util.concurrent.ThreadPoolExecutor.runWorker(ThreadPoolExecutor.java:1130)&#10;        at java.base@21.0.8/java.util.concurrent.ThreadPoolExecutor$Worker.run(ThreadPoolExecutor.java:642)&#10;        at java.base@21.0.8/java.lang.Thread.runWith(Thread.java:1596)&#10;        at java.base@21.0.8/java.lang.Thread.run(Thread.java:1583)&#10;&quot;25d9f169-1c9e-47c6-a2a2-d20fb3c5fda2-DatanodeStateMachineDaemonThread&quot; daemon prio=10 tid=715 timed_waiting&#10;java.lang.Thread.State: TIMED_WAITING&#10;        at java.base@21.0.8/java.lang.Thread.sleep0(Native Method)&#10;        at java.base@21.0.8/java.lang.Thread.sleep(Thread.java:509)&#10;        at app//org.apache.hadoop.ozone.container.common.statemachine.DatanodeStateMachine.startStateMachineThread(DatanodeStateMachine.java:384)&#10;        at app//org.apache.hadoop.ozone.container.common.statemachine.DatanodeStateMachine.lambda$startDaemon$1(DatanodeStateMachine.java:571)&#10;        at app//org.apache.hadoop.ozone.container.common.statemachine.DatanodeStateMachine$$Lambda/0x00007fd1ac883180.run(Unknown Source)&#10;        at java.base@21.0.8/java.lang.Thread.runWith(Thread.java:1596)&#10;        at java.base@21.0.8/java.lang.Thread.run(Thread.java:1583)&#10;&quot;IPC Server handler 81 on default port 15001&quot; daemon prio=5 tid=302 timed_waiting&#10;java.lang.Thread.State: TIMED_WAITING&#10;        at java.base@21.0.8/jdk.internal.misc.Unsafe.park(Native Method)&#10;        at java.base@21.0.8/java.util.concurrent.locks.LockSupport.parkNanos(LockSupport.java:269)&#10;        at java.base@21.0.8/java.util.concurrent.locks.AbstractQueuedSynchronizer$ConditionObject.awaitNanos(AbstractQueuedSynchronizer.java:1763)&#10;        at java.base@21.0.8/java.util.concurrent.LinkedBlockingQueue.poll(LinkedBlockingQueue.java:460)&#10;        at app//org.apache.hadoop.ipc.CallQueueManager.take(CallQueueManager.java:370)&#10;        at app//org.apache.hadoop.ipc.Server$Handler.run(Server.java:3165)&#10;&quot;qtp99667716-749&quot; daemon prio=5 tid=749 timed_waiting&#10;java.lang.Thread.State: TIMED_WAITING&#10;        at java.base@21.0.8/jdk.internal.misc.Unsafe.park(Native Method)&#10;        at java.base@21.0.8/java.util.concurrent.locks.LockSupport.parkNanos(LockSupport.java:269)&#10;        at java.base@21.0.8/java.util.concurrent.locks.AbstractQueuedSynchronizer$ConditionObject.awaitNanos(AbstractQueuedSynchronizer.java:1763)&#10;        at app//org.eclipse.jetty.util.BlockingArrayQueue.poll(BlockingArrayQueue.java:382)&#10;        at app//org.eclipse.jetty.util.thread.QueuedThreadPool$Runner.idleJobPoll(QueuedThreadPool.java:974)&#10;        at app//org.eclipse.jetty.util.thread.QueuedThreadPool$Runner.run(QueuedThreadPool.java:1018)&#10;        at java.base@21.0.8/java.lang.Thread.runWith(Thread.java:1596)&#10;        at java.base@21.0.8/java.lang.Thread.run(Thread.java:1583)&#10;&quot;IPC Server handler 23 on default port 15000&quot; daemon prio=5 tid=144 timed_waiting&#10;java.lang.Thread.State: TIMED_WAITING&#10;        at java.base@21.0.8/jdk.internal.misc.Unsafe.park(Native Method)&#10;        at java.base@21.0.8/java.util.concurrent.locks.LockSupport.parkNanos(LockSupport.java:269)&#10;        at java.base@21.0.8/java.util.concurrent.locks.AbstractQueuedSynchronizer$ConditionObject.awaitNanos(AbstractQueuedSynchronizer.java:1763)&#10;        at java.base@21.0.8/java.util.concurrent.LinkedBlockingQueue.poll(LinkedBlockingQueue.java:460)&#10;        at app//org.apache.hadoop.ipc.CallQueueManager.take(CallQueueManager.java:370)&#10;        at app//org.apache.hadoop.ipc.Server$Handler.run(Server.java:3165)&#10;&quot;IPC Server handler 58 on default port 15002&quot; daemon prio=5 tid=397 timed_waiting&#10;java.lang.Thread.State: TIMED_WAITING&#10;        at java.base@21.0.8/jdk.internal.misc.Unsafe.park(Native Method)&#10;        at java.base@21.0.8/java.util.concurrent.locks.LockSupport.parkNanos(LockSupport.java:269)&#10;        at java.base@21.0.8/java.util.concurrent.locks.AbstractQueuedSynchronizer$ConditionObject.awaitNanos(AbstractQueuedSynchronizer.java:1763)&#10;        at java.base@21.0.8/java.util.concurrent.LinkedBlockingQueue.poll(LinkedBlockingQueue.java:460)&#10;        at app//org.apache.hadoop.ipc.CallQueueManager.take(CallQueueManager.java:370)&#10;        at app//org.apache.hadoop.ipc.Server$Handler.run(Server.java:3165)&#10;&quot;JvmPauseMonitor6&quot; daemon prio=5 tid=823 timed_waiting&#10;java.lang.Thread.State: TIMED_WAITING&#10;        at java.base@21.0.8/java.lang.Thread.sleep0(Native Method)&#10;        at java.base@21.0.8/java.lang.Thread.sleep(Thread.java:558)&#10;        at java.base@21.0.8/java.util.concurrent.TimeUnit.sleep(TimeUnit.java:446)&#10;        at app//org.apache.ratis.util.TimeDuration.sleep(TimeDuration.java:353)&#10;        at app//org.apache.ratis.util.TimeDuration.sleep(TimeDuration.java:338)&#10;        at app//org.apache.ratis.util.JvmPauseMonitor.detectPause(JvmPauseMonitor.java:160)&#10;        at app//org.apache.ratis.util.JvmPauseMonitor.run(JvmPauseMonitor.java:149)&#10;        at app//org.apache.ratis.util.JvmPauseMonitor$$Lambda/0x00007fd1ac3b8ac8.run(Unknown Source)&#10;        at java.base@21.0.8/java.lang.Thread.runWith(Thread.java:1596)&#10;        at java.base@21.0.8/java.lang.Thread.run(Thread.java:1583)&#10;&quot;IPC Server handler 48 on default port 15000&quot; daemon prio=5 tid=169 timed_waiting&#10;java.lang.Thread.State: TIMED_WAITING&#10;        at java.base@21.0.8/jdk.internal.misc.Unsafe.park(Native Method)&#10;        at java.base@21.0.8/java.util.concurrent.locks.LockSupport.parkNanos(LockSupport.java:269)&#10;        at java.base@21.0.8/java.util.concurrent.locks.AbstractQueuedSynchronizer$ConditionObject.awaitNanos(AbstractQueuedSynchronizer.java:1763)&#10;        at java.base@21.0.8/java.util.concurrent.LinkedBlockingQueue.poll(LinkedBlockingQueue.java:460)&#10;        at app//org.apache.hadoop.ipc.CallQueueManager.take(CallQueueManager.java:370)&#10;        at app//org.apache.hadoop.ipc.Server$Handler.run(Server.java:3165)&#10;&quot;IPC Server handler 2 on default port 15006&quot; daemon prio=5 tid=494 timed_waiting&#10;java.lang.Thread.State: TIMED_WAITING&#10;        at java.base@21.0.8/jdk.internal.misc.Unsafe.park(Native Method)&#10;        at java.base@21.0.8/java.util.concurrent.locks.LockSupport.parkNanos(LockSupport.java:269)&#10;        at java.base@21.0.8/java.util.concurrent.locks.AbstractQueuedSynchronizer$ConditionObject.awaitNanos(AbstractQueuedSynchronizer.java:1763)&#10;        at java.base@21.0.8/java.util.concurrent.LinkedBlockingQueue.poll(LinkedBlockingQueue.java:460)&#10;        at app//org.apache.hadoop.ipc.CallQueueManager.take(CallQueueManager.java:370)&#10;        at app//org.apache.hadoop.ipc.Server$Handler.run(Server.java:3165)&#10;&quot;OverReplicatedProcessor&quot; daemon prio=5 tid=60 timed_waiting&#10;java.lang.Thread.State: TIMED_WAITING&#10;        at java.base@21.0.8/java.lang.Object.wait0(Native Method)&#10;        at java.base@21.0.8/java.lang.Object.wait(Object.java:366)&#10;        at app//org.apache.hadoop.hdds.scm.container.replication.UnhealthyReplicationProcessor.run(UnhealthyReplicationProcessor.java:172)&#10;        at java.base@21.0.8/java.lang.Thread.runWith(Thread.java:1596)&#10;        at java.base@21.0.8/java.lang.Thread.run(Thread.java:1583)&#10;&quot;IPC Server handler 28 on default port 15000&quot; daemon prio=5 tid=149 timed_waiting&#10;java.lang.Thread.State: TIMED_WAITING&#10;        at java.base@21.0.8/jdk.internal.misc.Unsafe.park(Native Method)&#10;        at java.base@21.0.8/java.util.concurrent.locks.LockSupport.parkNanos(LockSupport.java:269)&#10;        at java.base@21.0.8/java.util.concurrent.locks.AbstractQueuedSynchronizer$ConditionObject.awaitNanos(AbstractQueuedSynchronizer.java:1763)&#10;        at java.base@21.0.8/java.util.concurrent.LinkedBlockingQueue.poll(LinkedBlockingQueue.java:460)&#10;        at app//org.apache.hadoop.ipc.CallQueueManager.take(CallQueueManager.java:370)&#10;        at app//org.apache.hadoop.ipc.Server$Handler.run(Server.java:3165)&#10;&quot;IPC Server handler 47 on default port 15001&quot; daemon prio=5 tid=268 timed_waiting&#10;java.lang.Thread.State: TIMED_WAITING&#10;        at java.base@21.0.8/jdk.internal.misc.Unsafe.park(Native Method)&#10;        at java.base@21.0.8/java.util.concurrent.locks.LockSupport.parkNanos(LockSupport.java:269)&#10;        at java.base@21.0.8/java.util.concurrent.locks.AbstractQueuedSynchronizer$ConditionObject.awaitNanos(AbstractQueuedSynchronizer.java:1763)&#10;        at java.base@21.0.8/java.util.concurrent.LinkedBlockingQueue.poll(LinkedBlockingQueue.java:460)&#10;        at app//org.apache.hadoop.ipc.CallQueueManager.take(CallQueueManager.java:370)&#10;        at app//org.apache.hadoop.ipc.Server$Handler.run(Server.java:3165)&#10;&quot;07f651f6-8f87-47bb-8f69-34e194401a37-groupManagement&quot; daemon prio=5 tid=53 in Object.wait()&#10;java.lang.Thread.State: WAITING (on object monitor)&#10;        at java.base@21.0.8/jdk.internal.misc.Unsafe.park(Native Method)&#10;        at java.base@21.0.8/java.util.concurrent.locks.LockSupport.park(LockSupport.java:371)&#10;        at java.base@21.0.8/java.util.concurrent.locks.AbstractQueuedSynchronizer$ConditionNode.block(AbstractQueuedSynchronizer.java:519)&#10;        at java.base@21.0.8/java.util.concurrent.ForkJoinPool.unmanagedBlock(ForkJoinPool.java:3780)&#10;        at java.base@21.0.8/java.util.concurrent.ForkJoinPool.managedBlock(ForkJoinPool.java:3725)&#10;        at java.base@21.0.8/java.util.concurrent.locks.AbstractQueuedSynchronizer$ConditionObject.await(AbstractQueuedSynchronizer.java:1712)&#10;        at java.base@21.0.8/java.util.concurrent.LinkedBlockingQueue.take(LinkedBlockingQueue.java:435)&#10;        at java.base@21.0.8/java.util.concurrent.ThreadPoolExecutor.getTask(ThreadPoolExecutor.java:1070)&#10;        at java.base@21.0.8/java.util.concurrent.ThreadPoolExecutor.runWorker(ThreadPoolExecutor.java:1130)&#10;        at java.base@21.0.8/java.util.concurrent.ThreadPoolExecutor$Worker.run(ThreadPoolExecutor.java:642)&#10;        at java.base@21.0.8/java.lang.Thread.runWith(Thread.java:1596)&#10;        at java.base@21.0.8/java.lang.Thread.run(Thread.java:1583)&#10;&quot;Socket Reader #8 for port 15000&quot; daemon prio=5 tid=98 runnable&#10;java.lang.Thread.State: RUNNABLE&#10;        at java.base@21.0.8/sun.nio.ch.EPoll.wait(Native Method)&#10;        at java.base@21.0.8/sun.nio.ch.EPollSelectorImpl.doSelect(EPollSelectorImpl.java:121)&#10;        at java.base@21.0.8/sun.nio.ch.SelectorImpl.lockAndDoSelect(SelectorImpl.java:130)&#10;        at java.base@21.0.8/sun.nio.ch.SelectorImpl.select(SelectorImpl.java:147)&#10;        at app//org.apache.hadoop.ipc.Server$Listener$Reader.doRunLoop(Server.java:1497)&#10;        at app//org.apache.hadoop.ipc.Server$Listener$Reader.run(Server.java:1476)&#10;&quot;IPC Server handler 58 on default port 15000&quot; daemon prio=5 tid=179 timed_waiting&#10;java.lang.Thread.State: TIMED_WAITING&#10;        at java.base@21.0.8/jdk.internal.misc.Unsafe.park(Native Method)&#10;        at java.base@21.0.8/java.util.concurrent.locks.LockSupport.parkNanos(LockSupport.java:269)&#10;        at java.base@21.0.8/java.util.concurrent.locks.AbstractQueuedSynchronizer$ConditionObject.awaitNanos(AbstractQueuedSynchronizer.java:1763)&#10;        at java.base@21.0.8/java.util.concurrent.LinkedBlockingQueue.poll(LinkedBlockingQueue.java:460)&#10;        at app//org.apache.hadoop.ipc.CallQueueManager.take(CallQueueManager.java:370)&#10;        at app//org.apache.hadoop.ipc.Server$Handler.run(Server.java:3165)&#10;&quot;IPC Server handler 1 on default port 15043&quot; daemon prio=5 tid=779 timed_waiting&#10;java.lang.Thread.State: TIMED_WAITING&#10;        at java.base@21.0.8/jdk.internal.misc.Unsafe.park(Native Method)&#10;        at java.base@21.0.8/java.util.concurrent.locks.LockSupport.parkNanos(LockSupport.java:269)&#10;        at java.base@21.0.8/java.util.concurrent.locks.AbstractQueuedSynchronizer$ConditionObject.awaitNanos(AbstractQueuedSynchronizer.java:1763)&#10;        at java.base@21.0.8/java.util.concurrent.LinkedBlockingQueue.poll(LinkedBlockingQueue.java:460)&#10;        at app//org.apache.hadoop.ipc.CallQueueManager.take(CallQueueManager.java:370)&#10;        at app//org.apache.hadoop.ipc.Server$Handler.run(Server.java:3165)&#10;&quot;d3e19d45-0b2b-4921-9b28-39a5e9747ac8-CommandProcessorThread&quot; daemon prio=5 tid=796 timed_waiting&#10;java.lang.Thread.State: TIMED_WAITING&#10;        at java.base@21.0.8/java.lang.Thread.sleep0(Native Method)&#10;        at java.base@21.0.8/java.lang.Thread.sleep(Thread.java:509)&#10;        at app//org.apache.hadoop.ozone.container.common.statemachine.DatanodeStateMachine.lambda$initCommandHandlerThread$4(DatanodeStateMachine.java:698)&#10;        at app//org.apache.hadoop.ozone.container.common.statemachine.DatanodeStateMachine$$Lambda/0x00007fd1ac884310.run(Unknown Source)&#10;        at java.base@21.0.8/java.lang.Thread.runWith(Thread.java:1596)&#10;        at java.base@21.0.8/java.lang.Thread.run(Thread.java:1583)&#10;&quot;18da7ee6-49f7-45ee-8090-861a49f32d36-DatanodeStateMachineDaemonThread&quot; daemon prio=10 tid=647 timed_waiting&#10;java.lang.Thread.State: TIMED_WAITING&#10;        at java.base@21.0.8/java.lang.Thread.sleep0(Native Method)&#10;        at java.base@21.0.8/java.lang.Thread.sleep(Thread.java:509)&#10;        at app//org.apache.hadoop.ozone.container.common.statemachine.DatanodeStateMachine.startStateMachineThread(DatanodeStateMachine.java:384)&#10;        at app//org.apache.hadoop.ozone.container.common.statemachine.DatanodeStateMachine.lambda$startDaemon$1(DatanodeStateMachine.java:571)&#10;        at app//org.apache.hadoop.ozone.container.common.statemachine.DatanodeStateMachine$$Lambda/0x00007fd1ac883180.run(Unknown Source)&#10;        at java.base@21.0.8/java.lang.Thread.runWith(Thread.java:1596)&#10;        at java.base@21.0.8/java.lang.Thread.run(Thread.java:1583)&#10;&quot;EventQueue-NewNodeForNewNodeHandler&quot; daemon prio=5 tid=755 in Object.wait()&#10;java.lang.Thread.State: WAITING (on object monitor)&#10;        at java.base@21.0.8/jdk.internal.misc.Unsafe.park(Native Method)&#10;        at java.base@21.0.8/java.util.concurrent.locks.LockSupport.park(LockSupport.java:371)&#10;        at java.base@21.0.8/java.util.concurrent.locks.AbstractQueuedSynchronizer$ConditionNode.block(AbstractQueuedSynchronizer.java:519)&#10;        at java.base@21.0.8/java.util.concurrent.ForkJoinPool.unmanagedBlock(ForkJoinPool.java:3780)&#10;        at java.base@21.0.8/java.util.concurrent.ForkJoinPool.managedBlock(ForkJoinPool.java:3725)&#10;        at java.base@21.0.8/java.util.concurrent.locks.AbstractQueuedSynchronizer$ConditionObject.await(AbstractQueuedSynchronizer.java:1712)&#10;        at java.base@21.0.8/java.util.concurrent.LinkedBlockingQueue.take(LinkedBlockingQueue.java:435)&#10;        at java.base@21.0.8/java.util.concurrent.ThreadPoolExecutor.getTask(ThreadPoolExecutor.java:1070)&#10;        at java.base@21.0.8/java.util.concurrent.ThreadPoolExecutor.runWorker(ThreadPoolExecutor.java:1130)&#10;        at java.base@21.0.8/java.util.concurrent.ThreadPoolExecutor$Worker.run(ThreadPoolExecutor.java:642)&#10;        at java.base@21.0.8/java.lang.Thread.runWith(Thread.java:1596)&#10;        at java.base@21.0.8/java.lang.Thread.run(Thread.java:1583)&#10;&quot;Socket Reader #10 for port 15027&quot; daemon prio=5 tid=633 runnable&#10;java.lang.Thread.State: RUNNABLE&#10;        at java.base@21.0.8/sun.nio.ch.EPoll.wait(Native Method)&#10;        at java.base@21.0.8/sun.nio.ch.EPollSelectorImpl.doSelect(EPollSelectorImpl.java:121)&#10;        at java.base@21.0.8/sun.nio.ch.SelectorImpl.lockAndDoSelect(SelectorImpl.java:130)&#10;        at java.base@21.0.8/sun.nio.ch.SelectorImpl.select(SelectorImpl.java:147)&#10;        at app//org.apache.hadoop.ipc.Server$Listener$Reader.doRunLoop(Server.java:1497)&#10;        at app//org.apache.hadoop.ipc.Server$Listener$Reader.run(Server.java:1476)&#10;&quot;Socket Reader #8 for port 15002&quot; daemon prio=5 tid=70 runnable&#10;java.lang.Thread.State: RUNNABLE&#10;        at java.base@21.0.8/sun.nio.ch.EPoll.wait(Native Method)&#10;        at java.base@21.0.8/sun.nio.ch.EPollSelectorImpl.doSelect(EPollSelectorImpl.java:121)&#10;        at java.base@21.0.8/sun.nio.ch.SelectorImpl.lockAndDoSelect(SelectorImpl.java:130)&#10;        at java.base@21.0.8/sun.nio.ch.SelectorImpl.select(SelectorImpl.java:147)&#10;        at app//org.apache.hadoop.ipc.Server$Listener$Reader.doRunLoop(Server.java:1497)&#10;        at app//org.apache.hadoop.ipc.Server$Listener$Reader.run(Server.java:1476)&#10;&quot;IPC Server handler 16 on default port 15006&quot; daemon prio=5 tid=508 timed_waiting&#10;java.lang.Thread.State: TIMED_WAITING&#10;        at java.base@21.0.8/jdk.internal.misc.Unsafe.park(Native Method)&#10;        at java.base@21.0.8/java.util.concurrent.locks.LockSupport.parkNanos(LockSupport.java:269)&#10;        at java.base@21.0.8/java.util.concurrent.locks.AbstractQueuedSynchronizer$ConditionObject.awaitNanos(AbstractQueuedSynchronizer.java:1763)&#10;        at java.base@21.0.8/java.util.concurrent.LinkedBlockingQueue.poll(LinkedBlockingQueue.java:460)&#10;        at app//org.apache.hadoop.ipc.CallQueueManager.take(CallQueueManager.java:370)&#10;        at app//org.apache.hadoop.ipc.Server$Handler.run(Server.java:3165)&#10;&quot;18da7ee6-49f7-45ee-8090-861a49f32d36-DatanodeStateMachineTaskThread-1&quot;  prio=5 tid=753 in Object.wait()&#10;java.lang.Thread.State: WAITING (on object monitor)&#10;        at java.base@21.0.8/jdk.internal.misc.Unsafe.park(Native Method)&#10;        at java.base@21.0.8/java.util.concurrent.locks.LockSupport.park(LockSupport.java:371)&#10;        at java.base@21.0.8/java.util.concurrent.locks.AbstractQueuedSynchronizer$ConditionNode.block(AbstractQueuedSynchronizer.java:519)&#10;        at java.base@21.0.8/java.util.concurrent.ForkJoinPool.unmanagedBlock(ForkJoinPool.java:3780)&#10;        at java.base@21.0.8/java.util.concurrent.ForkJoinPool.managedBlock(ForkJoinPool.java:3725)&#10;        at java.base@21.0.8/java.util.concurrent.locks.AbstractQueuedSynchronizer$ConditionObject.await(AbstractQueuedSynchronizer.java:1712)&#10;        at java.base@21.0.8/java.util.concurrent.LinkedBlockingQueue.take(LinkedBlockingQueue.java:435)&#10;        at java.base@21.0.8/java.util.concurrent.ThreadPoolExecutor.getTask(ThreadPoolExecutor.java:1070)&#10;        at java.base@21.0.8/java.util.concurrent.ThreadPoolExecutor.runWorker(ThreadPoolExecutor.java:1130)&#10;        at java.base@21.0.8/java.util.concurrent.ThreadPoolExecutor$Worker.run(ThreadPoolExecutor.java:642)&#10;        at java.base@21.0.8/java.lang.Thread.runWith(Thread.java:1596)&#10;        at java.base@21.0.8/java.lang.Thread.run(Thread.java:1583)&#10;&quot;d3e19d45-0b2b-4921-9b28-39a5e9747ac8-BlockDeletingService#0&quot; daemon prio=5 tid=846 in Object.wait()&#10;java.lang.Thread.State: WAITING (on object monitor)&#10;        at java.base@21.0.8/jdk.internal.misc.Unsafe.park(Native Method)&#10;        at java.base@21.0.8/java.util.concurrent.locks.LockSupport.park(LockSupport.java:371)&#10;        at java.base@21.0.8/java.util.concurrent.locks.AbstractQueuedSynchronizer$ConditionNode.block(AbstractQueuedSynchronizer.java:519)&#10;        at java.base@21.0.8/java.util.concurrent.ForkJoinPool.unmanagedBlock(ForkJoinPool.java:3780)&#10;        at java.base@21.0.8/java.util.concurrent.ForkJoinPool.managedBlock(ForkJoinPool.java:3725)&#10;        at java.base@21.0.8/java.util.concurrent.locks.AbstractQueuedSynchronizer$ConditionObject.await(AbstractQueuedSynchronizer.java:1712)&#10;        at java.base@21.0.8/java.util.concurrent.ScheduledThreadPoolExecutor$DelayedWorkQueue.take(ScheduledThreadPoolExecutor.java:1177)&#10;        at java.base@21.0.8/java.util.concurrent.ScheduledThreadPoolExecutor$DelayedWorkQueue.take(ScheduledThreadPoolExecutor.java:899)&#10;        at java.base@21.0.8/java.util.concurrent.ThreadPoolExecutor.getTask(ThreadPoolExecutor.java:1070)&#10;        at java.base@21.0.8/java.util.concurrent.ThreadPoolExecutor.runWorker(ThreadPoolExecutor.java:1130)&#10;        at java.base@21.0.8/java.util.concurrent.ThreadPoolExecutor$Worker.run(ThreadPoolExecutor.java:642)&#10;        at java.base@21.0.8/java.lang.Thread.runWith(Thread.java:1596)&#10;        at java.base@21.0.8/java.lang.Thread.run(Thread.java:1583)&#10;&quot;IPC Server handler 52 on default port 15002&quot; daemon prio=5 tid=391 timed_waiting&#10;java.lang.Thread.State: TIMED_WAITING&#10;        at java.base@21.0.8/jdk.internal.misc.Unsafe.park(Native Method)&#10;        at java.base@21.0.8/java.util.concurrent.locks.LockSupport.parkNanos(LockSupport.java:269)&#10;        at java.base@21.0.8/java.util.concurrent.locks.AbstractQueuedSynchronizer$ConditionObject.awaitNanos(AbstractQueuedSynchronizer.java:1763)&#10;        at java.base@21.0.8/java.util.concurrent.LinkedBlockingQueue.poll(LinkedBlockingQueue.java:460)&#10;        at app//org.apache.hadoop.ipc.CallQueueManager.take(CallQueueManager.java:370)&#10;        at app//org.apache.hadoop.ipc.Server$Handler.run(Server.java:3165)&#10;&quot;EventQueue-ReplicationManagerNotifyForReplicationManagerEventHandler&quot; daemon prio=5 tid=1037 in Object.wait()&#10;java.lang.Thread.State: WAITING (on object monitor)&#10;        at java.base@21.0.8/jdk.internal.misc.Unsafe.park(Native Method)&#10;        at java.base@21.0.8/java.util.concurrent.locks.LockSupport.park(LockSupport.java:371)&#10;        at java.base@21.0.8/java.util.concurrent.locks.AbstractQueuedSynchronizer$ConditionNode.block(AbstractQueuedSynchronizer.java:519)&#10;        at java.base@21.0.8/java.util.concurrent.ForkJoinPool.unmanagedBlock(ForkJoinPool.java:3780)&#10;        at java.base@21.0.8/java.util.concurrent.ForkJoinPool.managedBlock(ForkJoinPool.java:3725)&#10;        at java.base@21.0.8/java.util.concurrent.locks.AbstractQueuedSynchronizer$ConditionObject.await(AbstractQueuedSynchronizer.java:1712)&#10;        at java.base@21.0.8/java.util.concurrent.LinkedBlockingQueue.take(LinkedBlockingQueue.java:435)&#10;        at java.base@21.0.8/java.util.concurrent.ThreadPoolExecutor.getTask(ThreadPoolExecutor.java:1070)&#10;        at java.base@21.0.8/java.util.concurrent.ThreadPoolExecutor.runWorker(ThreadPoolExecutor.java:1130)&#10;        at java.base@21.0.8/java.util.concurrent.ThreadPoolExecutor$Worker.run(ThreadPoolExecutor.java:642)&#10;        at java.base@21.0.8/java.lang.Thread.runWith(Thread.java:1596)&#10;        at java.base@21.0.8/java.lang.Thread.run(Thread.java:1583)&#10;&quot;IPC Server handler 31 on default port 15002&quot; daemon prio=5 tid=370 timed_waiting&#10;java.lang.Thread.State: TIMED_WAITING&#10;        at java.base@21.0.8/jdk.internal.misc.Unsafe.park(Native Method)&#10;        at java.base@21.0.8/java.util.concurrent.locks.LockSupport.parkNanos(LockSupport.java:269)&#10;        at java.base@21.0.8/java.util.concurrent.locks.AbstractQueuedSynchronizer$ConditionObject.awaitNanos(AbstractQueuedSynchronizer.java:1763)&#10;        at java.base@21.0.8/java.util.concurrent.LinkedBlockingQueue.poll(LinkedBlockingQueue.java:460)&#10;        at app//org.apache.hadoop.ipc.CallQueueManager.take(CallQueueManager.java:370)&#10;        at app//org.apache.hadoop.ipc.Server$Handler.run(Server.java:3165)&#10;&quot;IPC Server handler 4 on default port 15019&quot; daemon prio=5 tid=593 timed_waiting&#10;java.lang.Thread.State: TIMED_WAITING&#10;        at java.base@21.0.8/jdk.internal.misc.Unsafe.park(Native Method)&#10;        at java.base@21.0.8/java.util.concurrent.locks.LockSupport.parkNanos(LockSupport.java:269)&#10;        at java.base@21.0.8/java.util.concurrent.locks.AbstractQueuedSynchronizer$ConditionObject.awaitNanos(AbstractQueuedSynchronizer.java:1763)&#10;        at java.base@21.0.8/java.util.concurrent.LinkedBlockingQueue.poll(LinkedBlockingQueue.java:460)&#10;        at app//org.apache.hadoop.ipc.CallQueueManager.take(CallQueueManager.java:370)&#10;        at app//org.apache.hadoop.ipc.Server$Handler.run(Server.java:3165)&#10;&quot;EventQueue-PipelineReportForPipelineReportHandler&quot; daemon prio=5 tid=760 in Object.wait()&#10;java.lang.Thread.State: WAITING (on object monitor)&#10;        at java.base@21.0.8/jdk.internal.misc.Unsafe.park(Native Method)&#10;        at java.base@21.0.8/java.util.concurrent.locks.LockSupport.park(LockSupport.java:371)&#10;        at java.base@21.0.8/java.util.concurrent.locks.AbstractQueuedSynchronizer$ConditionNode.block(AbstractQueuedSynchronizer.java:519)&#10;        at java.base@21.0.8/java.util.concurrent.ForkJoinPool.unmanagedBlock(ForkJoinPool.java:3780)&#10;        at java.base@21.0.8/java.util.concurrent.ForkJoinPool.managedBlock(ForkJoinPool.java:3725)&#10;        at java.base@21.0.8/java.util.concurrent.locks.AbstractQueuedSynchronizer$ConditionObject.await(AbstractQueuedSynchronizer.java:1712)&#10;        at java.base@21.0.8/java.util.concurrent.LinkedBlockingQueue.take(LinkedBlockingQueue.java:435)&#10;        at java.base@21.0.8/java.util.concurrent.ThreadPoolExecutor.getTask(ThreadPoolExecutor.java:1070)&#10;        at java.base@21.0.8/java.util.concurrent.ThreadPoolExecutor.runWorker(ThreadPoolExecutor.java:1130)&#10;        at java.base@21.0.8/java.util.concurrent.ThreadPoolExecutor$Worker.run(ThreadPoolExecutor.java:642)&#10;        at java.base@21.0.8/java.lang.Thread.runWith(Thread.java:1596)&#10;        at java.base@21.0.8/java.lang.Thread.run(Thread.java:1583)&#10;&quot;Socket Reader #6 for port 15006&quot; daemon prio=5 tid=455 runnable&#10;java.lang.Thread.State: RUNNABLE&#10;        at java.base@21.0.8/sun.nio.ch.EPoll.wait(Native Method)&#10;        at java.base@21.0.8/sun.nio.ch.EPollSelectorImpl.doSelect(EPollSelectorImpl.java:121)&#10;        at java.base@21.0.8/sun.nio.ch.SelectorImpl.lockAndDoSelect(SelectorImpl.java:130)&#10;        at java.base@21.0.8/sun.nio.ch.SelectorImpl.select(SelectorImpl.java:147)&#10;        at app//org.apache.hadoop.ipc.Server$Listener$Reader.doRunLoop(Server.java:1497)&#10;        at app//org.apache.hadoop.ipc.Server$Listener$Reader.run(Server.java:1476)&#10;&quot;IPC Server handler 46 on default port 15001&quot; daemon prio=5 tid=267 timed_waiting&#10;java.lang.Thread.State: TIMED_WAITING&#10;        at java.base@21.0.8/jdk.internal.misc.Unsafe.park(Native Method)&#10;        at java.base@21.0.8/java.util.concurrent.locks.LockSupport.parkNanos(LockSupport.java:269)&#10;        at java.base@21.0.8/java.util.concurrent.locks.AbstractQueuedSynchronizer$ConditionObject.awaitNanos(AbstractQueuedSynchronizer.java:1763)&#10;        at java.base@21.0.8/java.util.concurrent.LinkedBlockingQueue.poll(LinkedBlockingQueue.java:460)&#10;        at app//org.apache.hadoop.ipc.CallQueueManager.take(CallQueueManager.java:370)&#10;        at app//org.apache.hadoop.ipc.Server$Handler.run(Server.java:3165)&#10;&quot;IPC Server handler 1 on default port 15006&quot; daemon prio=5 tid=493 timed_waiting&#10;java.lang.Thread.State: TIMED_WAITING&#10;        at java.base@21.0.8/jdk.internal.misc.Unsafe.park(Native Method)&#10;        at java.base@21.0.8/java.util.concurrent.locks.LockSupport.parkNanos(LockSupport.java:269)&#10;        at java.base@21.0.8/java.util.concurrent.locks.AbstractQueuedSynchronizer$ConditionObject.awaitNanos(AbstractQueuedSynchronizer.java:1763)&#10;        at java.base@21.0.8/java.util.concurrent.LinkedBlockingQueue.poll(LinkedBlockingQueue.java:460)&#10;        at app//org.apache.hadoop.ipc.CallQueueManager.take(CallQueueManager.java:370)&#10;        at app//org.apache.hadoop.ipc.Server$Handler.run(Server.java:3165)&#10;&quot;d3e19d45-0b2b-4921-9b28-39a5e9747ac8-impl-thread1&quot; daemon prio=5 tid=730 timed_waiting&#10;java.lang.Thread.State: TIMED_WAITING&#10;        at java.base@21.0.8/jdk.internal.misc.Unsafe.park(Native Method)&#10;        at java.base@21.0.8/java.util.concurrent.locks.LockSupport.parkNanos(LockSupport.java:410)&#10;        at java.base@21.0.8/java.util.concurrent.LinkedTransferQueue$DualNode.await(LinkedTransferQueue.java:452)&#10;        at java.base@21.0.8/java.util.concurrent.SynchronousQueue$Transferer.xferLifo(SynchronousQueue.java:194)&#10;        at java.base@21.0.8/java.util.concurrent.SynchronousQueue.xfer(SynchronousQueue.java:235)&#10;        at java.base@21.0.8/java.util.concurrent.SynchronousQueue.poll(SynchronousQueue.java:338)&#10;        at java.base@21.0.8/java.util.concurrent.ThreadPoolExecutor.getTask(ThreadPoolExecutor.java:1069)&#10;        at java.base@21.0.8/java.util.concurrent.ThreadPoolExecutor.runWorker(ThreadPoolExecutor.java:1130)&#10;        at java.base@21.0.8/java.util.concurrent.ThreadPoolExecutor$Worker.run(ThreadPoolExecutor.java:642)&#10;        at java.base@21.0.8/java.lang.Thread.runWith(Thread.java:1596)&#10;        at java.base@21.0.8/java.lang.Thread.run(Thread.java:1583)&#10;&quot;IPC Server handler 90 on default port 15002&quot; daemon prio=5 tid=429 timed_waiting&#10;java.lang.Thread.State: TIMED_WAITING&#10;        at java.base@21.0.8/jdk.internal.misc.Unsafe.park(Native Method)&#10;        at java.base@21.0.8/java.util.concurrent.locks.LockSupport.parkNanos(LockSupport.java:269)&#10;        at java.base@21.0.8/java.util.concurrent.locks.AbstractQueuedSynchronizer$ConditionObject.awaitNanos(AbstractQueuedSynchronizer.java:1763)&#10;        at java.base@21.0.8/java.util.concurrent.LinkedBlockingQueue.poll(LinkedBlockingQueue.java:460)&#10;        at app//org.apache.hadoop.ipc.CallQueueManager.take(CallQueueManager.java:370)&#10;        at app//org.apache.hadoop.ipc.Server$Handler.run(Server.java:3165)&#10;&quot;18da7ee6-49f7-45ee-8090-861a49f32d36-DatanodeReportManager-3&quot; daemon prio=5 tid=651 timed_waiting&#10;java.lang.Thread.State: TIMED_WAITING&#10;        at java.base@21.0.8/jdk.internal.misc.Unsafe.park(Native Method)&#10;        at java.base@21.0.8/java.util.concurrent.locks.LockSupport.parkNanos(LockSupport.java:269)&#10;        at java.base@21.0.8/java.util.concurrent.locks.AbstractQueuedSynchronizer$ConditionObject.awaitNanos(AbstractQueuedSynchronizer.java:1763)&#10;        at java.base@21.0.8/java.util.concurrent.ScheduledThreadPoolExecutor$DelayedWorkQueue.take(ScheduledThreadPoolExecutor.java:1182)&#10;        at java.base@21.0.8/java.util.concurrent.ScheduledThreadPoolExecutor$DelayedWorkQueue.take(ScheduledThreadPoolExecutor.java:899)&#10;        at java.base@21.0.8/java.util.concurrent.ThreadPoolExecutor.getTask(ThreadPoolExecutor.java:1070)&#10;        at java.base@21.0.8/java.util.concurrent.ThreadPoolExecutor.runWorker(ThreadPoolExecutor.java:1130)&#10;        at java.base@21.0.8/java.util.concurrent.ThreadPoolExecutor$Worker.run(ThreadPoolExecutor.java:642)&#10;        at java.base@21.0.8/java.lang.Thread.runWith(Thread.java:1596)&#10;        at java.base@21.0.8/java.lang.Thread.run(Thread.java:1583)&#10;&quot;IPC Server idle connection scanner for port 15035&quot; daemon prio=5 tid=700 timed_waiting&#10;java.lang.Thread.State: TIMED_WAITING&#10;        at java.base@21.0.8/java.lang.Object.wait0(Native Method)&#10;        at java.base@21.0.8/java.lang.Object.wait(Object.java:366)&#10;        at java.base@21.0.8/java.util.TimerThread.mainLoop(Timer.java:563)&#10;        at java.base@21.0.8/java.util.TimerThread.run(Timer.java:516)&#10;&quot;Socket Reader #9 for port 15006&quot; daemon prio=5 tid=458 runnable&#10;java.lang.Thread.State: RUNNABLE&#10;        at java.base@21.0.8/sun.nio.ch.EPoll.wait(Native Method)&#10;        at java.base@21.0.8/sun.nio.ch.EPollSelectorImpl.doSelect(EPollSelectorImpl.java:121)&#10;        at java.base@21.0.8/sun.nio.ch.SelectorImpl.lockAndDoSelect(SelectorImpl.java:130)&#10;        at java.base@21.0.8/sun.nio.ch.SelectorImpl.select(SelectorImpl.java:147)&#10;        at app//org.apache.hadoop.ipc.Server$Listener$Reader.doRunLoop(Server.java:1497)&#10;        at app//org.apache.hadoop.ipc.Server$Listener$Reader.run(Server.java:1476)&#10;&quot;25d9f169-1c9e-47c6-a2a2-d20fb3c5fda2-groupManagement&quot;  prio=5 tid=961 in Object.wait()&#10;java.lang.Thread.State: WAITING (on object monitor)&#10;        at java.base@21.0.8/jdk.internal.misc.Unsafe.park(Native Method)&#10;        at java.base@21.0.8/java.util.concurrent.locks.LockSupport.park(LockSupport.java:371)&#10;        at java.base@21.0.8/java.util.concurrent.locks.AbstractQueuedSynchronizer$ConditionNode.block(AbstractQueuedSynchronizer.java:519)&#10;        at java.base@21.0.8/java.util.concurrent.ForkJoinPool.unmanagedBlock(ForkJoinPool.java:3780)&#10;        at java.base@21.0.8/java.util.concurrent.ForkJoinPool.managedBlock(ForkJoinPool.java:3725)&#10;        at java.base@21.0.8/java.util.concurrent.locks.AbstractQueuedSynchronizer$ConditionObject.await(AbstractQueuedSynchronizer.java:1712)&#10;        at java.base@21.0.8/java.util.concurrent.LinkedBlockingQueue.take(LinkedBlockingQueue.java:435)&#10;        at java.base@21.0.8/java.util.concurrent.ThreadPoolExecutor.getTask(ThreadPoolExecutor.java:1070)&#10;        at java.base@21.0.8/java.util.concurrent.ThreadPoolExecutor.runWorker(ThreadPoolExecutor.java:1130)&#10;        at java.base@21.0.8/java.util.concurrent.ThreadPoolExecutor$Worker.run(ThreadPoolExecutor.java:642)&#10;        at java.base@21.0.8/java.lang.Thread.runWith(Thread.java:1596)&#10;        at java.base@21.0.8/java.lang.Thread.run(Thread.java:1583)&#10;&quot;qtp887238034-667&quot; daemon prio=5 tid=667 timed_waiting&#10;java.lang.Thread.State: TIMED_WAITING&#10;        at java.base@21.0.8/jdk.internal.misc.Unsafe.park(Native Method)&#10;        at java.base@21.0.8/java.util.concurrent.locks.LockSupport.parkNanos(LockSupport.java:269)&#10;        at java.base@21.0.8/java.util.concurrent.locks.AbstractQueuedSynchronizer$ConditionObject.awaitNanos(AbstractQueuedSynchronizer.java:1763)&#10;        at app//org.eclipse.jetty.util.BlockingArrayQueue.poll(BlockingArrayQueue.java:382)&#10;        at app//org.eclipse.jetty.util.thread.QueuedThreadPool$Runner.idleJobPoll(QueuedThreadPool.java:974)&#10;        at app//org.eclipse.jetty.util.thread.QueuedThreadPool$Runner.run(QueuedThreadPool.java:1018)&#10;        at java.base@21.0.8/java.lang.Thread.runWith(Thread.java:1596)&#10;        at java.base@21.0.8/java.lang.Thread.run(Thread.java:1583)&#10;&quot;MutableQuantiles-0&quot; daemon prio=5 tid=513 timed_waiting&#10;java.lang.Thread.State: TIMED_WAITING&#10;        at java.base@21.0.8/jdk.internal.misc.Unsafe.park(Native Method)&#10;        at java.base@21.0.8/java.util.concurrent.locks.LockSupport.parkNanos(LockSupport.java:269)&#10;        at java.base@21.0.8/java.util.concurrent.locks.AbstractQueuedSynchronizer$ConditionObject.awaitNanos(AbstractQueuedSynchronizer.java:1763)&#10;        at java.base@21.0.8/java.util.concurrent.ScheduledThreadPoolExecutor$DelayedWorkQueue.take(ScheduledThreadPoolExecutor.java:1182)&#10;        at java.base@21.0.8/java.util.concurrent.ScheduledThreadPoolExecutor$DelayedWorkQueue.take(ScheduledThreadPoolExecutor.java:899)&#10;        at java.base@21.0.8/java.util.concurrent.ThreadPoolExecutor.getTask(ThreadPoolExecutor.java:1070)&#10;        at java.base@21.0.8/java.util.concurrent.ThreadPoolExecutor.runWorker(ThreadPoolExecutor.java:1130)&#10;        at java.base@21.0.8/java.util.concurrent.ThreadPoolExecutor$Worker.run(ThreadPoolExecutor.java:642)&#10;        at java.base@21.0.8/java.lang.Thread.runWith(Thread.java:1596)&#10;        at java.base@21.0.8/java.lang.Thread.run(Thread.java:1583)&#10;&quot;18da7ee6-49f7-45ee-8090-861a49f32d36-DataNodeDiskCheckerThread-0&quot; daemon prio=5 tid=780 timed_waiting&#10;java.lang.Thread.State: TIMED_WAITING&#10;        at java.base@21.0.8/jdk.internal.misc.Unsafe.park(Native Method)&#10;        at java.base@21.0.8/java.util.concurrent.locks.LockSupport.parkNanos(LockSupport.java:410)&#10;        at java.base@21.0.8/java.util.concurrent.LinkedTransferQueue$DualNode.await(LinkedTransferQueue.java:452)&#10;        at java.base@21.0.8/java.util.concurrent.SynchronousQueue$Transferer.xferLifo(SynchronousQueue.java:194)&#10;        at java.base@21.0.8/java.util.concurrent.SynchronousQueue.xfer(SynchronousQueue.java:235)&#10;        at java.base@21.0.8/java.util.concurrent.SynchronousQueue.poll(SynchronousQueue.java:338)&#10;        at java.base@21.0.8/java.util.concurrent.ThreadPoolExecutor.getTask(ThreadPoolExecutor.java:1069)&#10;        at java.base@21.0.8/java.util.concurrent.ThreadPoolExecutor.runWorker(ThreadPoolExecutor.java:1130)&#10;        at java.base@21.0.8/java.util.concurrent.ThreadPoolExecutor$Worker.run(ThreadPoolExecutor.java:642)&#10;        at java.base@21.0.8/java.lang.Thread.runWith(Thread.java:1596)&#10;        at java.base@21.0.8/java.lang.Thread.run(Thread.java:1583)&#10;&quot;ContainerMetadataScanner&quot; daemon prio=5 tid=817 timed_waiting&#10;java.lang.Thread.State: TIMED_WAITING&#10;        at java.base@21.0.8/java.lang.Thread.sleep0(Native Method)&#10;        at java.base@21.0.8/java.lang.Thread.sleep(Thread.java:509)&#10;        at app//org.apache.hadoop.ozone.container.ozoneimpl.AbstractBackgroundContainerScanner.handleRemainingSleep(AbstractBackgroundContainerScanner.java:133)&#10;        at app//org.apache.hadoop.ozone.container.ozoneimpl.AbstractBackgroundContainerScanner.runIteration(AbstractBackgroundContainerScanner.java:100)&#10;        at app//org.apache.hadoop.ozone.container.ozoneimpl.AbstractBackgroundContainerScanner.run(AbstractBackgroundContainerScanner.java:59)&#10;        at java.base@21.0.8/java.lang.Thread.runWith(Thread.java:1596)&#10;        at java.base@21.0.8/java.lang.Thread.run(Thread.java:1583)&#10;&quot;FixedThreadPoolWithAffinityExecutor-1-0&quot; daemon prio=5 tid=105 timed_waiting&#10;java.lang.Thread.State: TIMED_WAITING&#10;        at java.base@21.0.8/jdk.internal.misc.Unsafe.park(Native Method)&#10;        at java.base@21.0.8/java.util.concurrent.locks.LockSupport.parkNanos(LockSupport.java:269)&#10;        at java.base@21.0.8/java.util.concurrent.locks.AbstractQueuedSynchronizer$ConditionObject.awaitNanos(AbstractQueuedSynchronizer.java:1763)&#10;        at java.base@21.0.8/java.util.concurrent.LinkedBlockingQueue.poll(LinkedBlockingQueue.java:460)&#10;        at app//org.apache.hadoop.hdds.scm.server.ContainerReportQueue.poll(ContainerReportQueue.java:269)&#10;        at app//org.apache.hadoop.hdds.scm.server.ContainerReportQueue.poll(ContainerReportQueue.java:42)&#10;        at app//org.apache.hadoop.hdds.server.events.FixedThreadPoolWithAffinityExecutor$ContainerReportProcessTask.run(FixedThreadPoolWithAffinityExecutor.java:228)&#10;        at java.base@21.0.8/java.util.concurrent.Executors$RunnableAdapter.call(Executors.java:572)&#10;        at java.base@21.0.8/java.util.concurrent.FutureTask.run(FutureTask.java:317)&#10;        at java.base@21.0.8/java.util.concurrent.ThreadPoolExecutor.runWorker(ThreadPoolExecutor.java:1144)&#10;        at java.base@21.0.8/java.util.concurrent.ThreadPoolExecutor$Worker.run(ThreadPoolExecutor.java:642)&#10;        at java.base@21.0.8/java.lang.Thread.runWith(Thread.java:1596)&#10;        at java.base@21.0.8/java.lang.Thread.run(Thread.java:1583)&#10;&quot;EventQueue-DeadNodeForDeadNodeHandler&quot; daemon prio=5 tid=1036 in Object.wait()&#10;java.lang.Thread.State: WAITING (on object monitor)&#10;        at java.base@21.0.8/jdk.internal.misc.Unsafe.park(Native Method)&#10;        at java.base@21.0.8/java.util.concurrent.locks.LockSupport.park(LockSupport.java:371)&#10;        at java.base@21.0.8/java.util.concurrent.locks.AbstractQueuedSynchronizer$ConditionNode.block(AbstractQueuedSynchronizer.java:519)&#10;        at java.base@21.0.8/java.util.concurrent.ForkJoinPool.unmanagedBlock(ForkJoinPool.java:3780)&#10;        at java.base@21.0.8/java.util.concurrent.ForkJoinPool.managedBlock(ForkJoinPool.java:3725)&#10;        at java.base@21.0.8/java.util.concurrent.locks.AbstractQueuedSynchronizer$ConditionObject.await(AbstractQueuedSynchronizer.java:1712)&#10;        at java.base@21.0.8/java.util.concurrent.LinkedBlockingQueue.take(LinkedBlockingQueue.java:435)&#10;        at java.base@21.0.8/java.util.concurrent.ThreadPoolExecutor.getTask(ThreadPoolExecutor.java:1070)&#10;        at java.base@21.0.8/java.util.concurrent.ThreadPoolExecutor.runWorker(ThreadPoolExecutor.java:1130)&#10;        at java.base@21.0.8/java.util.concurrent.ThreadPoolExecutor$Worker.run(ThreadPoolExecutor.java:642)&#10;        at java.base@21.0.8/java.lang.Thread.runWith(Thread.java:1596)&#10;        at java.base@21.0.8/java.lang.Thread.run(Thread.java:1583)&#10;&quot;25d9f169-1c9e-47c6-a2a2-d20fb3c5fda2-ChunkWriter-1-0&quot; daemon prio=5 tid=820 in Object.wait()&#10;java.lang.Thread.State: WAITING (on object monitor)&#10;        at java.base@21.0.8/jdk.internal.misc.Unsafe.park(Native Method)&#10;        at java.base@21.0.8/java.util.concurrent.locks.LockSupport.park(LockSupport.java:371)&#10;        at java.base@21.0.8/java.util.concurrent.locks.AbstractQueuedSynchronizer$ConditionNode.block(AbstractQueuedSynchronizer.java:519)&#10;        at java.base@21.0.8/java.util.concurrent.ForkJoinPool.unmanagedBlock(ForkJoinPool.java:3780)&#10;        at java.base@21.0.8/java.util.concurrent.ForkJoinPool.managedBlock(ForkJoinPool.java:3725)&#10;        at java.base@21.0.8/java.util.concurrent.locks.AbstractQueuedSynchronizer$ConditionObject.await(AbstractQueuedSynchronizer.java:1712)&#10;        at java.base@21.0.8/java.util.concurrent.LinkedBlockingDeque.takeFirst(LinkedBlockingDeque.java:485)&#10;        at java.base@21.0.8/java.util.concurrent.LinkedBlockingDeque.take(LinkedBlockingDeque.java:673)&#10;        at java.base@21.0.8/java.util.concurrent.ThreadPoolExecutor.getTask(ThreadPoolExecutor.java:1070)&#10;        at java.base@21.0.8/java.util.concurrent.ThreadPoolExecutor.runWorker(ThreadPoolExecutor.java:1130)&#10;        at java.base@21.0.8/java.util.concurrent.ThreadPoolExecutor$Worker.run(ThreadPoolExecutor.java:642)&#10;        at java.base@21.0.8/java.lang.Thread.runWith(Thread.java:1596)&#10;        at java.base@21.0.8/java.lang.Thread.run(Thread.java:1583)&#10;&quot;Socket Reader #9 for port 15002&quot; daemon prio=5 tid=71 runnable&#10;java.lang.Thread.State: RUNNABLE&#10;        at java.base@21.0.8/sun.nio.ch.EPoll.wait(Native Method)&#10;        at java.base@21.0.8/sun.nio.ch.EPollSelectorImpl.doSelect(EPollSelectorImpl.java:121)&#10;        at java.base@21.0.8/sun.nio.ch.SelectorImpl.lockAndDoSelect(SelectorImpl.java:130)&#10;        at java.base@21.0.8/sun.nio.ch.SelectorImpl.select(SelectorImpl.java:147)&#10;        at app//org.apache.hadoop.ipc.Server$Listener$Reader.doRunLoop(Server.java:1497)&#10;        at app//org.apache.hadoop.ipc.Server$Listener$Reader.run(Server.java:1476)&#10;&quot;IPC Server handler 7 on default port 15019&quot; daemon prio=5 tid=596 timed_waiting&#10;java.lang.Thread.State: TIMED_WAITING&#10;        at java.base@21.0.8/jdk.internal.misc.Unsafe.park(Native Method)&#10;        at java.base@21.0.8/java.util.concurrent.locks.LockSupport.parkNanos(LockSupport.java:269)&#10;        at java.base@21.0.8/java.util.concurrent.locks.AbstractQueuedSynchronizer$ConditionObject.awaitNanos(AbstractQueuedSynchronizer.java:1763)&#10;        at java.base@21.0.8/java.util.concurrent.LinkedBlockingQueue.poll(LinkedBlockingQueue.java:460)&#10;        at app//org.apache.hadoop.ipc.CallQueueManager.take(CallQueueManager.java:370)&#10;        at app//org.apache.hadoop.ipc.Server$Handler.run(Server.java:3165)&#10;&quot;IPC Server handler 94 on default port 15001&quot; daemon prio=5 tid=315 timed_waiting&#10;java.lang.Thread.State: TIMED_WAITING&#10;        at java.base@21.0.8/jdk.internal.misc.Unsafe.park(Native Method)&#10;        at java.base@21.0.8/java.util.concurrent.locks.LockSupport.parkNanos(LockSupport.java:269)&#10;        at java.base@21.0.8/java.util.concurrent.locks.AbstractQueuedSynchronizer$ConditionObject.awaitNanos(AbstractQueuedSynchronizer.java:1763)&#10;        at java.base@21.0.8/java.util.concurrent.LinkedBlockingQueue.poll(LinkedBlockingQueue.java:460)&#10;        at app//org.apache.hadoop.ipc.CallQueueManager.take(CallQueueManager.java:370)&#10;        at app//org.apache.hadoop.ipc.Server$Handler.run(Server.java:3165)&#10;&quot;d3e19d45-0b2b-4921-9b28-39a5e9747ac8@group-3551B3BB1E56-SegmentedRaftLogWorker&quot;  prio=5 tid=865 timed_waiting&#10;java.lang.Thread.State: TIMED_WAITING&#10;        at java.base@21.0.8/jdk.internal.misc.Unsafe.park(Native Method)&#10;        at java.base@21.0.8/java.util.concurrent.locks.LockSupport.parkNanos(LockSupport.java:269)&#10;        at java.base@21.0.8/java.util.concurrent.locks.AbstractQueuedSynchronizer$ConditionObject.awaitNanos(AbstractQueuedSynchronizer.java:1763)&#10;        at app//org.apache.ratis.util.DataBlockingQueue.poll(DataBlockingQueue.java:148)&#10;        at app//org.apache.ratis.server.raftlog.segmented.SegmentedRaftLogWorker.run(SegmentedRaftLogWorker.java:309)&#10;        at app//org.apache.ratis.server.raftlog.segmented.SegmentedRaftLogWorker$$Lambda/0x00007fd1ac39e8e0.run(Unknown Source)&#10;        at java.base@21.0.8/java.util.concurrent.Executors$RunnableAdapter.call(Executors.java:572)&#10;        at java.base@21.0.8/java.util.concurrent.FutureTask.run(FutureTask.java:317)&#10;        at java.base@21.0.8/java.util.concurrent.ThreadPoolExecutor.runWorker(ThreadPoolExecutor.java:1144)&#10;        at java.base@21.0.8/java.util.concurrent.ThreadPoolExecutor$Worker.run(ThreadPoolExecutor.java:642)&#10;        at java.base@21.0.8/java.lang.Thread.runWith(Thread.java:1596)&#10;        at java.base@21.0.8/java.lang.Thread.run(Thread.java:1583)&#10;&quot;IPC Server handler 70 on default port 15000&quot; daemon prio=5 tid=191 timed_waiting&#10;java.lang.Thread.State: TIMED_WAITING&#10;        at java.base@21.0.8/jdk.internal.misc.Unsafe.park(Native Method)&#10;        at java.base@21.0.8/java.util.concurrent.locks.LockSupport.parkNanos(LockSupport.java:269)&#10;        at java.base@21.0.8/java.util.concurrent.locks.AbstractQueuedSynchronizer$ConditionObject.awaitNanos(AbstractQueuedSynchronizer.java:1763)&#10;        at java.base@21.0.8/java.util.concurrent.LinkedBlockingQueue.poll(LinkedBlockingQueue.java:460)&#10;        at app//org.apache.hadoop.ipc.CallQueueManager.take(CallQueueManager.java:370)&#10;        at app//org.apache.hadoop.ipc.Server$Handler.run(Server.java:3165)&#10;&quot;IPC Server handler 72 on default port 15000&quot; daemon prio=5 tid=193 timed_waiting&#10;java.lang.Thread.State: TIMED_WAITING&#10;        at java.base@21.0.8/jdk.internal.misc.Unsafe.park(Native Method)&#10;        at java.base@21.0.8/java.util.concurrent.locks.LockSupport.parkNanos(LockSupport.java:269)&#10;        at java.base@21.0.8/java.util.concurrent.locks.AbstractQueuedSynchronizer$ConditionObject.awaitNanos(AbstractQueuedSynchronizer.java:1763)&#10;        at java.base@21.0.8/java.util.concurrent.LinkedBlockingQueue.poll(LinkedBlockingQueue.java:460)&#10;        at app//org.apache.hadoop.ipc.CallQueueManager.take(CallQueueManager.java:370)&#10;        at app//org.apache.hadoop.ipc.Server$Handler.run(Server.java:3165)&#10;&quot;83932d67-4fdc-4fe4-8fe1-3df6c3f1844a@group-C5B96A071F98-LeaderStateImpl&quot; daemon prio=5 tid=981 timed_waiting&#10;java.lang.Thread.State: TIMED_WAITING&#10;        at java.base@21.0.8/jdk.internal.misc.Unsafe.park(Native Method)&#10;        at java.base@21.0.8/java.util.concurrent.locks.LockSupport.parkNanos(LockSupport.java:269)&#10;        at java.base@21.0.8/java.util.concurrent.locks.AbstractQueuedSynchronizer$ConditionObject.awaitNanos(AbstractQueuedSynchronizer.java:1763)&#10;        at java.base@21.0.8/java.util.concurrent.ArrayBlockingQueue.poll(ArrayBlockingQueue.java:435)&#10;        at app//org.apache.ratis.server.impl.LeaderStateImpl$EventQueue.poll(LeaderStateImpl.java:168)&#10;        at app//org.apache.ratis.server.impl.LeaderStateImpl$EventProcessor.run(LeaderStateImpl.java:761)&#10;&quot;IPC Server handler 20 on default port 15002&quot; daemon prio=5 tid=359 timed_waiting&#10;java.lang.Thread.State: TIMED_WAITING&#10;        at java.base@21.0.8/jdk.internal.misc.Unsafe.park(Native Method)&#10;        at java.base@21.0.8/java.util.concurrent.locks.LockSupport.parkNanos(LockSupport.java:269)&#10;        at java.base@21.0.8/java.util.concurrent.locks.AbstractQueuedSynchronizer$ConditionObject.awaitNanos(AbstractQueuedSynchronizer.java:1763)&#10;        at java.base@21.0.8/java.util.concurrent.LinkedBlockingQueue.poll(LinkedBlockingQueue.java:460)&#10;        at app//org.apache.hadoop.ipc.CallQueueManager.take(CallQueueManager.java:370)&#10;        at app//org.apache.hadoop.ipc.Server$Handler.run(Server.java:3165)&#10;&quot;IPC Server handler 12 on default port 15006&quot; daemon prio=5 tid=504 timed_waiting&#10;java.lang.Thread.State: TIMED_WAITING&#10;        at java.base@21.0.8/jdk.internal.misc.Unsafe.park(Native Method)&#10;        at java.base@21.0.8/java.util.concurrent.locks.LockSupport.parkNanos(LockSupport.java:269)&#10;        at java.base@21.0.8/java.util.concurrent.locks.AbstractQueuedSynchronizer$ConditionObject.awaitNanos(AbstractQueuedSynchronizer.java:1763)&#10;        at java.base@21.0.8/java.util.concurrent.LinkedBlockingQueue.poll(LinkedBlockingQueue.java:460)&#10;        at app//org.apache.hadoop.ipc.CallQueueManager.take(CallQueueManager.java:370)&#10;        at app//org.apache.hadoop.ipc.Server$Handler.run(Server.java:3165)&#10;&quot;qtp1507617108-324&quot; daemon prio=5 tid=324 runnable&#10;java.lang.Thread.State: RUNNABLE&#10;        at java.base@21.0.8/sun.nio.ch.EPoll.wait(Native Method)&#10;        at java.base@21.0.8/sun.nio.ch.EPollSelectorImpl.doSelect(EPollSelectorImpl.java:121)&#10;        at java.base@21.0.8/sun.nio.ch.SelectorImpl.lockAndDoSelect(SelectorImpl.java:130)&#10;        at java.base@21.0.8/sun.nio.ch.SelectorImpl.select(SelectorImpl.java:147)&#10;        at app//org.eclipse.jetty.io.ManagedSelector.nioSelect(ManagedSelector.java:183)&#10;        at app//org.eclipse.jetty.io.ManagedSelector.select(ManagedSelector.java:190)&#10;        at app//org.eclipse.jetty.io.ManagedSelector$SelectorProducer.select(ManagedSelector.java:606)&#10;        at app//org.eclipse.jetty.io.ManagedSelector$SelectorProducer.produce(ManagedSelector.java:543)&#10;        at app//org.eclipse.jetty.util.thread.strategy.EatWhatYouKill.produceTask(EatWhatYouKill.java:362)&#10;        at app//org.eclipse.jetty.util.thread.strategy.EatWhatYouKill.doProduce(EatWhatYouKill.java:186)&#10;        at app//org.eclipse.jetty.util.thread.strategy.EatWhatYouKill.tryProduce(EatWhatYouKill.java:173)&#10;        at app//org.eclipse.jetty.util.thread.strategy.EatWhatYouKill.produce(EatWhatYouKill.java:137)&#10;        at app//org.eclipse.jetty.io.ManagedSelector$$Lambda/0x00007fd1ac6ed508.run(Unknown Source)&#10;        at app//org.eclipse.jetty.util.thread.QueuedThreadPool.runJob(QueuedThreadPool.java:883)&#10;        at app//org.eclipse.jetty.util.thread.QueuedThreadPool$Runner.run(QueuedThreadPool.java:1034)&#10;        at java.base@21.0.8/java.lang.Thread.runWith(Thread.java:1596)&#10;        at java.base@21.0.8/java.lang.Thread.run(Thread.java:1583)&#10;&quot;IPC Server handler 51 on default port 15002&quot; daemon prio=5 tid=390 timed_waiting&#10;java.lang.Thread.State: TIMED_WAITING&#10;        at java.base@21.0.8/jdk.internal.misc.Unsafe.park(Native Method)&#10;        at java.base@21.0.8/java.util.concurrent.locks.LockSupport.parkNanos(LockSupport.java:269)&#10;        at java.base@21.0.8/java.util.concurrent.locks.AbstractQueuedSynchronizer$ConditionObject.awaitNanos(AbstractQueuedSynchronizer.java:1763)&#10;        at java.base@21.0.8/java.util.concurrent.LinkedBlockingQueue.poll(LinkedBlockingQueue.java:460)&#10;        at app//org.apache.hadoop.ipc.CallQueueManager.take(CallQueueManager.java:370)&#10;        at app//org.apache.hadoop.ipc.Server$Handler.run(Server.java:3165)&#10;&quot;qtp862219833-569&quot; daemon prio=5 tid=569 timed_waiting&#10;java.lang.Thread.State: TIMED_WAITING&#10;        at java.base@21.0.8/jdk.internal.misc.Unsafe.park(Native Method)&#10;        at java.base@21.0.8/java.util.concurrent.locks.LockSupport.parkNanos(LockSupport.java:269)&#10;        at java.base@21.0.8/java.util.concurrent.locks.AbstractQueuedSynchronizer$ConditionObject.awaitNanos(AbstractQueuedSynchronizer.java:1763)&#10;        at app//org.eclipse.jetty.util.BlockingArrayQueue.poll(BlockingArrayQueue.java:382)&#10;        at app//org.eclipse.jetty.util.thread.QueuedThreadPool$Runner.idleJobPoll(QueuedThreadPool.java:974)&#10;        at app//org.eclipse.jetty.util.thread.QueuedThreadPool$Runner.run(QueuedThreadPool.java:1018)&#10;        at java.base@21.0.8/java.lang.Thread.runWith(Thread.java:1596)&#10;        at java.base@21.0.8/java.lang.Thread.run(Thread.java:1583)&#10;&quot;qtp862219833-570&quot; daemon prio=5 tid=570 timed_waiting&#10;java.lang.Thread.State: TIMED_WAITING&#10;        at java.base@21.0.8/jdk.internal.misc.Unsafe.park(Native Method)&#10;        at java.base@21.0.8/java.util.concurrent.locks.LockSupport.parkNanos(LockSupport.java:269)&#10;        at java.base@21.0.8/java.util.concurrent.locks.AbstractQueuedSynchronizer$ConditionObject.awaitNanos(AbstractQueuedSynchronizer.java:1763)&#10;        at app//org.eclipse.jetty.util.BlockingArrayQueue.poll(BlockingArrayQueue.java:382)&#10;        at app//org.eclipse.jetty.util.thread.QueuedThreadPool$Runner.idleJobPoll(QueuedThreadPool.java:974)&#10;        at app//org.eclipse.jetty.util.thread.QueuedThreadPool$Runner.run(QueuedThreadPool.java:1018)&#10;        at java.base@21.0.8/java.lang.Thread.runWith(Thread.java:1596)&#10;        at java.base@21.0.8/java.lang.Thread.run(Thread.java:1583)&#10;&quot;IPC Server handler 17 on default port 15000&quot; daemon prio=5 tid=138 timed_waiting&#10;java.lang.Thread.State: TIMED_WAITING&#10;        at java.base@21.0.8/jdk.internal.misc.Unsafe.park(Native Method)&#10;        at java.base@21.0.8/java.util.concurrent.locks.LockSupport.parkNanos(LockSupport.java:269)&#10;        at java.base@21.0.8/java.util.concurrent.locks.AbstractQueuedSynchronizer$ConditionObject.awaitNanos(AbstractQueuedSynchronizer.java:1763)&#10;        at java.base@21.0.8/java.util.concurrent.LinkedBlockingQueue.poll(LinkedBlockingQueue.java:460)&#10;        at app//org.apache.hadoop.ipc.CallQueueManager.take(CallQueueManager.java:370)&#10;        at app//org.apache.hadoop.ipc.Server$Handler.run(Server.java:3165)&#10;&quot;IPC Server handler 50 on default port 15000&quot; daemon prio=5 tid=171 timed_waiting&#10;java.lang.Thread.State: TIMED_WAITING&#10;        at java.base@21.0.8/jdk.internal.misc.Unsafe.park(Native Method)&#10;        at java.base@21.0.8/java.util.concurrent.locks.LockSupport.parkNanos(LockSupport.java:269)&#10;        at java.base@21.0.8/java.util.concurrent.locks.AbstractQueuedSynchronizer$ConditionObject.awaitNanos(AbstractQueuedSynchronizer.java:1763)&#10;        at java.base@21.0.8/java.util.concurrent.LinkedBlockingQueue.poll(LinkedBlockingQueue.java:460)&#10;        at app//org.apache.hadoop.ipc.CallQueueManager.take(CallQueueManager.java:370)&#10;        at app//org.apache.hadoop.ipc.Server$Handler.run(Server.java:3165)&#10;&quot;IPC Server handler 91 on default port 15002&quot; daemon prio=5 tid=430 timed_waiting&#10;java.lang.Thread.State: TIMED_WAITING&#10;        at java.base@21.0.8/jdk.internal.misc.Unsafe.park(Native Method)&#10;        at java.base@21.0.8/java.util.concurrent.locks.LockSupport.parkNanos(LockSupport.java:269)&#10;        at java.base@21.0.8/java.util.concurrent.locks.AbstractQueuedSynchronizer$ConditionObject.awaitNanos(AbstractQueuedSynchronizer.java:1763)&#10;        at java.base@21.0.8/java.util.concurrent.LinkedBlockingQueue.poll(LinkedBlockingQueue.java:460)&#10;        at app//org.apache.hadoop.ipc.CallQueueManager.take(CallQueueManager.java:370)&#10;        at app//org.apache.hadoop.ipc.Server$Handler.run(Server.java:3165)&#10;&quot;IPC Server listener on 15006&quot; daemon prio=5 tid=449 runnable&#10;java.lang.Thread.State: RUNNABLE&#10;        at java.base@21.0.8/sun.nio.ch.EPoll.wait(Native Method)&#10;        at java.base@21.0.8/sun.nio.ch.EPollSelectorImpl.doSelect(EPollSelectorImpl.java:121)&#10;        at java.base@21.0.8/sun.nio.ch.SelectorImpl.lockAndDoSelect(SelectorImpl.java:130)&#10;        at java.base@21.0.8/sun.nio.ch.SelectorImpl.select(SelectorImpl.java:147)&#10;        at app//org.apache.hadoop.ipc.Server$Listener.run(Server.java:1559)&#10;&quot;18da7ee6-49f7-45ee-8090-861a49f32d36-NettyServerStreamRpc-bossGroup--thread1&quot; daemon prio=5 tid=608 runnable&#10;java.lang.Thread.State: RUNNABLE&#10;        at app//org.apache.ratis.thirdparty.io.netty.channel.epoll.Native.epollWait(Native Method)&#10;        at app//org.apache.ratis.thirdparty.io.netty.channel.epoll.Native.epollWait(Native.java:220)&#10;        at app//org.apache.ratis.thirdparty.io.netty.channel.epoll.Native.epollWait(Native.java:213)&#10;        at app//org.apache.ratis.thirdparty.io.netty.channel.epoll.EpollEventLoop.epollWaitNoTimerChange(EpollEventLoop.java:308)&#10;        at app//org.apache.ratis.thirdparty.io.netty.channel.epoll.EpollEventLoop.run(EpollEventLoop.java:365)&#10;        at app//org.apache.ratis.thirdparty.io.netty.util.concurrent.SingleThreadEventExecutor$4.run(SingleThreadEventExecutor.java:998)&#10;        at app//org.apache.ratis.thirdparty.io.netty.util.internal.ThreadExecutorMap$2.run(ThreadExecutorMap.java:74)&#10;        at java.base@21.0.8/java.lang.Thread.runWith(Thread.java:1596)&#10;        at java.base@21.0.8/java.lang.Thread.run(Thread.java:1583)&#10;&quot;Socket Reader #3 for port 15006&quot; daemon prio=5 tid=452 runnable&#10;java.lang.Thread.State: RUNNABLE&#10;        at java.base@21.0.8/sun.nio.ch.EPoll.wait(Native Method)&#10;        at java.base@21.0.8/sun.nio.ch.EPollSelectorImpl.doSelect(EPollSelectorImpl.java:121)&#10;        at java.base@21.0.8/sun.nio.ch.SelectorImpl.lockAndDoSelect(SelectorImpl.java:130)&#10;        at java.base@21.0.8/sun.nio.ch.SelectorImpl.select(SelectorImpl.java:147)&#10;        at app//org.apache.hadoop.ipc.Server$Listener$Reader.doRunLoop(Server.java:1497)&#10;        at app//org.apache.hadoop.ipc.Server$Listener$Reader.run(Server.java:1476)&#10;&quot;Socket Reader #8 for port 15006&quot; daemon prio=5 tid=457 runnable&#10;java.lang.Thread.State: RUNNABLE&#10;        at java.base@21.0.8/sun.nio.ch.EPoll.wait(Native Method)&#10;        at java.base@21.0.8/sun.nio.ch.EPollSelectorImpl.doSelect(EPollSelectorImpl.java:121)&#10;        at java.base@21.0.8/sun.nio.ch.SelectorImpl.lockAndDoSelect(SelectorImpl.java:130)&#10;        at java.base@21.0.8/sun.nio.ch.SelectorImpl.select(SelectorImpl.java:147)&#10;        at app//org.apache.hadoop.ipc.Server$Listener$Reader.doRunLoop(Server.java:1497)&#10;        at app//org.apache.hadoop.ipc.Server$Listener$Reader.run(Server.java:1476)&#10;&quot;StaleRecoveringContainerScrubbingService#0&quot; daemon prio=5 tid=807 timed_waiting&#10;java.lang.Thread.State: TIMED_WAITING&#10;        at java.base@21.0.8/jdk.internal.misc.Unsafe.park(Native Method)&#10;        at java.base@21.0.8/java.util.concurrent.locks.LockSupport.parkNanos(LockSupport.java:269)&#10;        at java.base@21.0.8/java.util.concurrent.locks.AbstractQueuedSynchronizer$ConditionObject.awaitNanos(AbstractQueuedSynchronizer.java:1763)&#10;        at java.base@21.0.8/java.util.concurrent.ScheduledThreadPoolExecutor$DelayedWorkQueue.take(ScheduledThreadPoolExecutor.java:1182)&#10;        at java.base@21.0.8/java.util.concurrent.ScheduledThreadPoolExecutor$DelayedWorkQueue.take(ScheduledThreadPoolExecutor.java:899)&#10;        at java.base@21.0.8/java.util.concurrent.ThreadPoolExecutor.getTask(ThreadPoolExecutor.java:1070)&#10;        at java.base@21.0.8/java.util.concurrent.ThreadPoolExecutor.runWorker(ThreadPoolExecutor.java:1130)&#10;        at java.base@21.0.8/java.util.concurrent.ThreadPoolExecutor$Worker.run(ThreadPoolExecutor.java:642)&#10;        at java.base@21.0.8/java.lang.Thread.runWith(Thread.java:1596)&#10;        at java.base@21.0.8/java.lang.Thread.run(Thread.java:1583)&#10;&quot;IPC Server handler 74 on default port 15002&quot; daemon prio=5 tid=413 timed_waiting&#10;java.lang.Thread.State: TIMED_WAITING&#10;        at java.base@21.0.8/jdk.internal.misc.Unsafe.park(Native Method)&#10;        at java.base@21.0.8/java.util.concurrent.locks.LockSupport.parkNanos(LockSupport.java:269)&#10;        at java.base@21.0.8/java.util.concurrent.locks.AbstractQueuedSynchronizer$ConditionObject.awaitNanos(AbstractQueuedSynchronizer.java:1763)&#10;        at java.base@21.0.8/java.util.concurrent.LinkedBlockingQueue.poll(LinkedBlockingQueue.java:460)&#10;        at app//org.apache.hadoop.ipc.CallQueueManager.take(CallQueueManager.java:370)&#10;        at app//org.apache.hadoop.ipc.Server$Handler.run(Server.java:3165)&#10;&quot;qtp99667716-751&quot; daemon prio=5 tid=751 timed_waiting&#10;java.lang.Thread.State: TIMED_WAITING&#10;        at java.base@21.0.8/jdk.internal.misc.Unsafe.park(Native Method)&#10;        at java.base@21.0.8/java.util.concurrent.locks.LockSupport.parkNanos(LockSupport.java:269)&#10;        at java.base@21.0.8/java.util.concurrent.locks.AbstractQueuedSynchronizer$ConditionObject.awaitNanos(AbstractQueuedSynchronizer.java:1763)&#10;        at app//org.eclipse.jetty.util.BlockingArrayQueue.poll(BlockingArrayQueue.java:382)&#10;        at app//org.eclipse.jetty.util.thread.QueuedThreadPool$Runner.idleJobPoll(QueuedThreadPool.java:974)&#10;        at app//org.eclipse.jetty.util.thread.QueuedThreadPool$Runner.run(QueuedThreadPool.java:1018)&#10;        at java.base@21.0.8/java.lang.Thread.runWith(Thread.java:1596)&#10;        at java.base@21.0.8/java.lang.Thread.run(Thread.java:1583)&#10;&quot;IPC Server handler 69 on default port 15002&quot; daemon prio=5 tid=408 timed_waiting&#10;java.lang.Thread.State: TIMED_WAITING&#10;        at java.base@21.0.8/jdk.internal.misc.Unsafe.park(Native Method)&#10;        at java.base@21.0.8/java.util.concurrent.locks.LockSupport.parkNanos(LockSupport.java:269)&#10;        at java.base@21.0.8/java.util.concurrent.locks.AbstractQueuedSynchronizer$ConditionObject.awaitNanos(AbstractQueuedSynchronizer.java:1763)&#10;        at java.base@21.0.8/java.util.concurrent.LinkedBlockingQueue.poll(LinkedBlockingQueue.java:460)&#10;        at app//org.apache.hadoop.ipc.CallQueueManager.take(CallQueueManager.java:370)&#10;        at app//org.apache.hadoop.ipc.Server$Handler.run(Server.java:3165)&#10;&quot;IPC Server handler 5 on default port 15019&quot; daemon prio=5 tid=594 timed_waiting&#10;java.lang.Thread.State: TIMED_WAITING&#10;        at java.base@21.0.8/jdk.internal.misc.Unsafe.park(Native Method)&#10;        at java.base@21.0.8/java.util.concurrent.locks.LockSupport.parkNanos(LockSupport.java:269)&#10;        at java.base@21.0.8/java.util.concurrent.locks.AbstractQueuedSynchronizer$ConditionObject.awaitNanos(AbstractQueuedSynchronizer.java:1763)&#10;        at java.base@21.0.8/java.util.concurrent.LinkedBlockingQueue.poll(LinkedBlockingQueue.java:460)&#10;        at app//org.apache.hadoop.ipc.CallQueueManager.take(CallQueueManager.java:370)&#10;        at app//org.apache.hadoop.ipc.Server$Handler.run(Server.java:3165)&#10;&quot;83932d67-4fdc-4fe4-8fe1-3df6c3f1844a-PeriodicHDDSVolumeChecker&quot; daemon prio=5 tid=725 timed_waiting&#10;java.lang.Thread.State: TIMED_WAITING&#10;        at java.base@21.0.8/jdk.internal.misc.Unsafe.park(Native Method)&#10;        at java.base@21.0.8/java.util.concurrent.locks.LockSupport.parkNanos(LockSupport.java:269)&#10;        at java.base@21.0.8/java.util.concurrent.locks.AbstractQueuedSynchronizer$ConditionObject.awaitNanos(AbstractQueuedSynchronizer.java:1763)&#10;        at java.base@21.0.8/java.util.concurrent.ScheduledThreadPoolExecutor$DelayedWorkQueue.take(ScheduledThreadPoolExecutor.java:1182)&#10;        at java.base@21.0.8/java.util.concurrent.ScheduledThreadPoolExecutor$DelayedWorkQueue.take(ScheduledThreadPoolExecutor.java:899)&#10;        at java.base@21.0.8/java.util.concurrent.ThreadPoolExecutor.getTask(ThreadPoolExecutor.java:1070)&#10;        at java.base@21.0.8/java.util.concurrent.ThreadPoolExecutor.runWorker(ThreadPoolExecutor.java:1130)&#10;        at java.base@21.0.8/java.util.concurrent.ThreadPoolExecutor$Worker.run(ThreadPoolExecutor.java:642)&#10;        at java.base@21.0.8/java.lang.Thread.runWith(Thread.java:1596)&#10;        at java.base@21.0.8/java.lang.Thread.run(Thread.java:1583)&#10;&quot;IPC Server handler 27 on default port 15001&quot; daemon prio=5 tid=248 timed_waiting&#10;java.lang.Thread.State: TIMED_WAITING&#10;        at java.base@21.0.8/jdk.internal.misc.Unsafe.park(Native Method)&#10;        at java.base@21.0.8/java.util.concurrent.locks.LockSupport.parkNanos(LockSupport.java:269)&#10;        at java.base@21.0.8/java.util.concurrent.locks.AbstractQueuedSynchronizer$ConditionObject.awaitNanos(AbstractQueuedSynchronizer.java:1763)&#10;        at java.base@21.0.8/java.util.concurrent.LinkedBlockingQueue.poll(LinkedBlockingQueue.java:460)&#10;        at app//org.apache.hadoop.ipc.CallQueueManager.take(CallQueueManager.java:370)&#10;        at app//org.apache.hadoop.ipc.Server$Handler.run(Server.java:3165)&#10;&quot;NetworkTopologyPoller&quot; daemon prio=5 tid=471 timed_waiting&#10;java.lang.Thread.State: TIMED_WAITING&#10;        at java.base@21.0.8/jdk.internal.misc.Unsafe.park(Native Method)&#10;        at java.base@21.0.8/java.util.concurrent.locks.LockSupport.parkNanos(LockSupport.java:269)&#10;        at java.base@21.0.8/java.util.concurrent.locks.AbstractQueuedSynchronizer$ConditionObject.awaitNanos(AbstractQueuedSynchronizer.java:1763)&#10;        at java.base@21.0.8/java.util.concurrent.ScheduledThreadPoolExecutor$DelayedWorkQueue.take(ScheduledThreadPoolExecutor.java:1182)&#10;        at java.base@21.0.8/java.util.concurrent.ScheduledThreadPoolExecutor$DelayedWorkQueue.take(ScheduledThreadPoolExecutor.java:899)&#10;        at java.base@21.0.8/java.util.concurrent.ThreadPoolExecutor.getTask(ThreadPoolExecutor.java:1070)&#10;        at java.base@21.0.8/java.util.concurrent.ThreadPoolExecutor.runWorker(ThreadPoolExecutor.java:1130)&#10;        at java.base@21.0.8/java.util.concurrent.ThreadPoolExecutor$Worker.run(ThreadPoolExecutor.java:642)&#10;        at java.base@21.0.8/java.lang.Thread.runWith(Thread.java:1596)&#10;        at java.base@21.0.8/java.lang.Thread.run(Thread.java:1583)&#10;&quot;FixedThreadPoolWithAffinityExecutor-4-0&quot; daemon prio=5 tid=108 timed_waiting&#10;java.lang.Thread.State: TIMED_WAITING&#10;        at java.base@21.0.8/jdk.internal.misc.Unsafe.park(Native Method)&#10;        at java.base@21.0.8/java.util.concurrent.locks.LockSupport.parkNanos(LockSupport.java:269)&#10;        at java.base@21.0.8/java.util.concurrent.locks.AbstractQueuedSynchronizer$ConditionObject.awaitNanos(AbstractQueuedSynchronizer.java:1763)&#10;        at java.base@21.0.8/java.util.concurrent.LinkedBlockingQueue.poll(LinkedBlockingQueue.java:460)&#10;        at app//org.apache.hadoop.hdds.scm.server.ContainerReportQueue.poll(ContainerReportQueue.java:269)&#10;        at app//org.apache.hadoop.hdds.scm.server.ContainerReportQueue.poll(ContainerReportQueue.java:42)&#10;        at app//org.apache.hadoop.hdds.server.events.FixedThreadPoolWithAffinityExecutor$ContainerReportProcessTask.run(FixedThreadPoolWithAffinityExecutor.java:228)&#10;        at java.base@21.0.8/java.util.concurrent.Executors$RunnableAdapter.call(Executors.java:572)&#10;        at java.base@21.0.8/java.util.concurrent.FutureTask.run(FutureTask.java:317)&#10;        at java.base@21.0.8/java.util.concurrent.ThreadPoolExecutor.runWorker(ThreadPoolExecutor.java:1144)&#10;        at java.base@21.0.8/java.util.concurrent.ThreadPoolExecutor$Worker.run(ThreadPoolExecutor.java:642)&#10;        at java.base@21.0.8/java.lang.Thread.runWith(Thread.java:1596)&#10;        at java.base@21.0.8/java.lang.Thread.run(Thread.java:1583)&#10;&quot;IPC Server handler 58 on default port 15001&quot; daemon prio=5 tid=279 timed_waiting&#10;java.lang.Thread.State: TIMED_WAITING&#10;        at java.base@21.0.8/jdk.internal.misc.Unsafe.park(Native Method)&#10;        at java.base@21.0.8/java.util.concurrent.locks.LockSupport.parkNanos(LockSupport.java:269)&#10;        at java.base@21.0.8/java.util.concurrent.locks.AbstractQueuedSynchronizer$ConditionObject.awaitNanos(AbstractQueuedSynchronizer.java:1763)&#10;        at java.base@21.0.8/java.util.concurrent.LinkedBlockingQueue.poll(LinkedBlockingQueue.java:460)&#10;        at app//org.apache.hadoop.ipc.CallQueueManager.take(CallQueueManager.java:370)&#10;        at app//org.apache.hadoop.ipc.Server$Handler.run(Server.java:3165)&#10;&quot;qtp976208765-618&quot; daemon prio=5 tid=618 timed_waiting&#10;java.lang.Thread.State: TIMED_WAITING&#10;        at java.base@21.0.8/jdk.internal.misc.Unsafe.park(Native Method)&#10;        at java.base@21.0.8/java.util.concurrent.locks.LockSupport.parkNanos(LockSupport.java:269)&#10;        at java.base@21.0.8/java.util.concurrent.locks.AbstractQueuedSynchronizer$ConditionObject.awaitNanos(AbstractQueuedSynchronizer.java:1763)&#10;        at app//org.eclipse.jetty.util.BlockingArrayQueue.poll(BlockingArrayQueue.java:382)&#10;        at app//org.eclipse.jetty.util.thread.QueuedThreadPool$Runner.idleJobPoll(QueuedThreadPool.java:974)&#10;        at app//org.eclipse.jetty.util.thread.QueuedThreadPool$Runner.run(QueuedThreadPool.java:1018)&#10;        at java.base@21.0.8/java.lang.Thread.runWith(Thread.java:1596)&#10;        at java.base@21.0.8/java.lang.Thread.run(Thread.java:1583)&#10;&quot;qtp1960486456-486&quot; daemon prio=5 tid=486 timed_waiting&#10;java.lang.Thread.State: TIMED_WAITING&#10;        at java.base@21.0.8/jdk.internal.misc.Unsafe.park(Native Method)&#10;        at java.base@21.0.8/java.util.concurrent.locks.LockSupport.parkNanos(LockSupport.java:269)&#10;        at java.base@21.0.8/java.util.concurrent.locks.AbstractQueuedSynchronizer$ConditionObject.awaitNanos(AbstractQueuedSynchronizer.java:1763)&#10;        at app//org.eclipse.jetty.util.BlockingArrayQueue.poll(BlockingArrayQueue.java:382)&#10;        at app//org.eclipse.jetty.util.thread.QueuedThreadPool$Runner.idleJobPoll(QueuedThreadPool.java:974)&#10;        at app//org.eclipse.jetty.util.thread.QueuedThreadPool$Runner.run(QueuedThreadPool.java:1018)&#10;        at java.base@21.0.8/java.lang.Thread.runWith(Thread.java:1596)&#10;        at java.base@21.0.8/java.lang.Thread.run(Thread.java:1583)&#10;&quot;18da7ee6-49f7-45ee-8090-861a49f32d36-CreatePipelineCommandHandlerThread-0&quot;  prio=5 tid=899 in Object.wait()&#10;java.lang.Thread.State: WAITING (on object monitor)&#10;        at java.base@21.0.8/jdk.internal.misc.Unsafe.park(Native Method)&#10;        at java.base@21.0.8/java.util.concurrent.locks.LockSupport.park(LockSupport.java:371)&#10;        at java.base@21.0.8/java.util.concurrent.locks.AbstractQueuedSynchronizer$ConditionNode.block(AbstractQueuedSynchronizer.java:519)&#10;        at java.base@21.0.8/java.util.concurrent.ForkJoinPool.unmanagedBlock(ForkJoinPool.java:3780)&#10;        at java.base@21.0.8/java.util.concurrent.ForkJoinPool.managedBlock(ForkJoinPool.java:3725)&#10;        at java.base@21.0.8/java.util.concurrent.locks.AbstractQueuedSynchronizer$ConditionObject.await(AbstractQueuedSynchronizer.java:1712)&#10;        at java.base@21.0.8/java.util.concurrent.LinkedBlockingQueue.take(LinkedBlockingQueue.java:435)&#10;        at java.base@21.0.8/java.util.concurrent.ThreadPoolExecutor.getTask(ThreadPoolExecutor.java:1070)&#10;        at java.base@21.0.8/java.util.concurrent.ThreadPoolExecutor.runWorker(ThreadPoolExecutor.java:1130)&#10;        at java.base@21.0.8/java.util.concurrent.ThreadPoolExecutor$Worker.run(ThreadPoolExecutor.java:642)&#10;        at java.base@21.0.8/java.lang.Thread.runWith(Thread.java:1596)&#10;        at java.base@21.0.8/java.lang.Thread.run(Thread.java:1583)&#10;&quot;timer0&quot; daemon prio=5 tid=1032 timed_waiting&#10;java.lang.Thread.State: TIMED_WAITING&#10;        at java.base@21.0.8/java.lang.Object.wait0(Native Method)&#10;        at java.base@21.0.8/java.lang.Object.wait(Object.java:366)&#10;        at java.base@21.0.8/java.util.TimerThread.mainLoop(Timer.java:563)&#10;        at java.base@21.0.8/java.util.TimerThread.run(Timer.java:516)&#10;&quot;d3e19d45-0b2b-4921-9b28-39a5e9747ac8-CreatePipelineCommandHandlerThread-0&quot;  prio=5 tid=858 in Object.wait()&#10;java.lang.Thread.State: WAITING (on object monitor)&#10;        at java.base@21.0.8/jdk.internal.misc.Unsafe.park(Native Method)&#10;        at java.base@21.0.8/java.util.concurrent.locks.LockSupport.park(LockSupport.java:371)&#10;        at java.base@21.0.8/java.util.concurrent.locks.AbstractQueuedSynchronizer$ConditionNode.block(AbstractQueuedSynchronizer.java:519)&#10;        at java.base@21.0.8/java.util.concurrent.ForkJoinPool.unmanagedBlock(ForkJoinPool.java:3780)&#10;        at java.base@21.0.8/java.util.concurrent.ForkJoinPool.managedBlock(ForkJoinPool.java:3725)&#10;        at java.base@21.0.8/java.util.concurrent.locks.AbstractQueuedSynchronizer$ConditionObject.await(AbstractQueuedSynchronizer.java:1712)&#10;        at java.base@21.0.8/java.util.concurrent.LinkedBlockingQueue.take(LinkedBlockingQueue.java:435)&#10;        at java.base@21.0.8/java.util.concurrent.ThreadPoolExecutor.getTask(ThreadPoolExecutor.java:1070)&#10;        at java.base@21.0.8/java.util.concurrent.ThreadPoolExecutor.runWorker(ThreadPoolExecutor.java:1130)&#10;        at java.base@21.0.8/java.util.concurrent.ThreadPoolExecutor$Worker.run(ThreadPoolExecutor.java:642)&#10;        at java.base@21.0.8/java.lang.Thread.runWith(Thread.java:1596)&#10;        at java.base@21.0.8/java.lang.Thread.run(Thread.java:1583)&#10;&quot;IPC Server listener on 15002&quot; daemon prio=5 tid=62 runnable&#10;java.lang.Thread.State: RUNNABLE&#10;        at java.base@21.0.8/sun.nio.ch.EPoll.wait(Native Method)&#10;        at java.base@21.0.8/sun.nio.ch.EPollSelectorImpl.doSelect(EPollSelectorImpl.java:121)&#10;        at java.base@21.0.8/sun.nio.ch.SelectorImpl.lockAndDoSelect(SelectorImpl.java:130)&#10;        at java.base@21.0.8/sun.nio.ch.SelectorImpl.select(SelectorImpl.java:147)&#10;        at app//org.apache.hadoop.ipc.Server$Listener.run(Server.java:1559)&#10;&quot;om1-SstFilteringService#0&quot; daemon prio=5 tid=477 timed_waiting&#10;java.lang.Thread.State: TIMED_WAITING&#10;        at java.base@21.0.8/jdk.internal.misc.Unsafe.park(Native Method)&#10;        at java.base@21.0.8/java.util.concurrent.locks.LockSupport.parkNanos(LockSupport.java:269)&#10;        at java.base@21.0.8/java.util.concurrent.locks.AbstractQueuedSynchronizer$ConditionObject.awaitNanos(AbstractQueuedSynchronizer.java:1763)&#10;        at java.base@21.0.8/java.util.concurrent.ScheduledThreadPoolExecutor$DelayedWorkQueue.take(ScheduledThreadPoolExecutor.java:1182)&#10;        at java.base@21.0.8/java.util.concurrent.ScheduledThreadPoolExecutor$DelayedWorkQueue.take(ScheduledThreadPoolExecutor.java:899)&#10;        at java.base@21.0.8/java.util.concurrent.ThreadPoolExecutor.getTask(ThreadPoolExecutor.java:1070)&#10;        at java.base@21.0.8/java.util.concurrent.ThreadPoolExecutor.runWorker(ThreadPoolExecutor.java:1130)&#10;        at java.base@21.0.8/java.util.concurrent.ThreadPoolExecutor$Worker.run(ThreadPoolExecutor.java:642)&#10;        at java.base@21.0.8/java.lang.Thread.runWith(Thread.java:1596)&#10;        at java.base@21.0.8/java.lang.Thread.run(Thread.java:1583)&#10;&quot;qtp1507617108-325&quot; daemon prio=5 tid=325 runnable&#10;java.lang.Thread.State: RUNNABLE&#10;        at java.base@21.0.8/sun.nio.ch.EPoll.wait(Native Method)&#10;        at java.base@21.0.8/sun.nio.ch.EPollSelectorImpl.doSelect(EPollSelectorImpl.java:121)&#10;        at java.base@21.0.8/sun.nio.ch.SelectorImpl.lockAndDoSelect(SelectorImpl.java:130)&#10;        at java.base@21.0.8/sun.nio.ch.SelectorImpl.select(SelectorImpl.java:147)&#10;        at app//org.eclipse.jetty.io.ManagedSelector.nioSelect(ManagedSelector.java:183)&#10;        at app//org.eclipse.jetty.io.ManagedSelector.select(ManagedSelector.java:190)&#10;        at app//org.eclipse.jetty.io.ManagedSelector$SelectorProducer.select(ManagedSelector.java:606)&#10;        at app//org.eclipse.jetty.io.ManagedSelector$SelectorProducer.produce(ManagedSelector.java:543)&#10;        at app//org.eclipse.jetty.util.thread.strategy.EatWhatYouKill.produceTask(EatWhatYouKill.java:362)&#10;        at app//org.eclipse.jetty.util.thread.strategy.EatWhatYouKill.doProduce(EatWhatYouKill.java:186)&#10;        at app//org.eclipse.jetty.util.thread.strategy.EatWhatYouKill.tryProduce(EatWhatYouKill.java:173)&#10;        at app//org.eclipse.jetty.util.thread.strategy.EatWhatYouKill.produce(EatWhatYouKill.java:137)&#10;        at app//org.eclipse.jetty.io.ManagedSelector$$Lambda/0x00007fd1ac6ed508.run(Unknown Source)&#10;        at app//org.eclipse.jetty.util.thread.QueuedThreadPool.runJob(QueuedThreadPool.java:883)&#10;        at app//org.eclipse.jetty.util.thread.QueuedThreadPool$Runner.run(QueuedThreadPool.java:1034)&#10;        at java.base@21.0.8/java.lang.Thread.runWith(Thread.java:1596)&#10;        at java.base@21.0.8/java.lang.Thread.run(Thread.java:1583)&#10;&quot;IPC Server Responder&quot; daemon prio=5 tid=461 runnable&#10;java.lang.Thread.State: RUNNABLE&#10;        at java.base@21.0.8/sun.nio.ch.EPoll.wait(Native Method)&#10;        at java.base@21.0.8/sun.nio.ch.EPollSelectorImpl.doSelect(EPollSelectorImpl.java:121)&#10;        at java.base@21.0.8/sun.nio.ch.SelectorImpl.lockAndDoSelect(SelectorImpl.java:130)&#10;        at java.base@21.0.8/sun.nio.ch.SelectorImpl.select(SelectorImpl.java:142)&#10;        at app//org.apache.hadoop.ipc.Server$Responder.doRunLoop(Server.java:1733)&#10;        at app//org.apache.hadoop.ipc.Server$Responder.run(Server.java:1716)&#10;&quot;Socket Reader #6 for port 15001&quot; daemon prio=5 tid=82 runnable&#10;java.lang.Thread.State: RUNNABLE&#10;        at java.base@21.0.8/sun.nio.ch.EPoll.wait(Native Method)&#10;        at java.base@21.0.8/sun.nio.ch.EPollSelectorImpl.doSelect(EPollSelectorImpl.java:121)&#10;        at java.base@21.0.8/sun.nio.ch.SelectorImpl.lockAndDoSelect(SelectorImpl.java:130)&#10;        at java.base@21.0.8/sun.nio.ch.SelectorImpl.select(SelectorImpl.java:147)&#10;        at app//org.apache.hadoop.ipc.Server$Listener$Reader.doRunLoop(Server.java:1497)&#10;        at app//org.apache.hadoop.ipc.Server$Listener$Reader.run(Server.java:1476)&#10;&quot;IPC Server handler 59 on default port 15001&quot; daemon prio=5 tid=280 timed_waiting&#10;java.lang.Thread.State: TIMED_WAITING&#10;        at java.base@21.0.8/jdk.internal.misc.Unsafe.park(Native Method)&#10;        at java.base@21.0.8/java.util.concurrent.locks.LockSupport.parkNanos(LockSupport.java:269)&#10;        at java.base@21.0.8/java.util.concurrent.locks.AbstractQueuedSynchronizer$ConditionObject.awaitNanos(AbstractQueuedSynchronizer.java:1763)&#10;        at java.base@21.0.8/java.util.concurrent.LinkedBlockingQueue.poll(LinkedBlockingQueue.java:460)&#10;        at app//org.apache.hadoop.ipc.CallQueueManager.take(CallQueueManager.java:370)&#10;        at app//org.apache.hadoop.ipc.Server$Handler.run(Server.java:3165)&#10;&quot;qtp1960486456-490&quot; daemon prio=5 tid=490 timed_waiting&#10;java.lang.Thread.State: TIMED_WAITING&#10;        at java.base@21.0.8/jdk.internal.misc.Unsafe.park(Native Method)&#10;        at java.base@21.0.8/java.util.concurrent.locks.LockSupport.parkNanos(LockSupport.java:269)&#10;        at java.base@21.0.8/java.util.concurrent.locks.AbstractQueuedSynchronizer$ConditionObject.awaitNanos(AbstractQueuedSynchronizer.java:1763)&#10;        at app//org.eclipse.jetty.util.BlockingArrayQueue.poll(BlockingArrayQueue.java:382)&#10;        at app//org.eclipse.jetty.util.thread.QueuedThreadPool$Runner.idleJobPoll(QueuedThreadPool.java:974)&#10;        at app//org.eclipse.jetty.util.thread.QueuedThreadPool$Runner.run(QueuedThreadPool.java:1018)&#10;        at java.base@21.0.8/java.lang.Thread.runWith(Thread.java:1596)&#10;        at java.base@21.0.8/java.lang.Thread.run(Thread.java:1583)&#10;&quot;qtp887238034-671&quot; daemon prio=5 tid=671 timed_waiting&#10;java.lang.Thread.State: TIMED_WAITING&#10;        at java.base@21.0.8/jdk.internal.misc.Unsafe.park(Native Method)&#10;        at java.base@21.0.8/java.util.concurrent.locks.LockSupport.parkNanos(LockSupport.java:269)&#10;        at java.base@21.0.8/java.util.concurrent.locks.AbstractQueuedSynchronizer$ConditionObject.awaitNanos(AbstractQueuedSynchronizer.java:1763)&#10;        at app//org.eclipse.jetty.util.BlockingArrayQueue.poll(BlockingArrayQueue.java:382)&#10;        at app//org.eclipse.jetty.util.thread.QueuedThreadPool$Runner.idleJobPoll(QueuedThreadPool.java:974)&#10;        at app//org.eclipse.jetty.util.thread.QueuedThreadPool$Runner.run(QueuedThreadPool.java:1018)&#10;        at java.base@21.0.8/java.lang.Thread.runWith(Thread.java:1596)&#10;        at java.base@21.0.8/java.lang.Thread.run(Thread.java:1583)&#10;&quot;IPC Server handler 26 on default port 15001&quot; daemon prio=5 tid=247 timed_waiting&#10;java.lang.Thread.State: TIMED_WAITING&#10;        at java.base@21.0.8/jdk.internal.misc.Unsafe.park(Native Method)&#10;        at java.base@21.0.8/java.util.concurrent.locks.LockSupport.parkNanos(LockSupport.java:269)&#10;        at java.base@21.0.8/java.util.concurrent.locks.AbstractQueuedSynchronizer$ConditionObject.awaitNanos(AbstractQueuedSynchronizer.java:1763)&#10;        at java.base@21.0.8/java.util.concurrent.LinkedBlockingQueue.poll(LinkedBlockingQueue.java:460)&#10;        at app//org.apache.hadoop.ipc.CallQueueManager.take(CallQueueManager.java:370)&#10;        at app//org.apache.hadoop.ipc.Server$Handler.run(Server.java:3165)&#10;&quot;StaleRecoveringContainerScrubbingService#1&quot; daemon prio=5 tid=809 in Object.wait()&#10;java.lang.Thread.State: WAITING (on object monitor)&#10;        at java.base@21.0.8/jdk.internal.misc.Unsafe.park(Native Method)&#10;        at java.base@21.0.8/java.util.concurrent.locks.LockSupport.park(LockSupport.java:371)&#10;        at java.base@21.0.8/java.util.concurrent.locks.AbstractQueuedSynchronizer$ConditionNode.block(AbstractQueuedSynchronizer.java:519)&#10;        at java.base@21.0.8/java.util.concurrent.ForkJoinPool.unmanagedBlock(ForkJoinPool.java:3780)&#10;        at java.base@21.0.8/java.util.concurrent.ForkJoinPool.managedBlock(ForkJoinPool.java:3725)&#10;        at java.base@21.0.8/java.util.concurrent.locks.AbstractQueuedSynchronizer$ConditionObject.await(AbstractQueuedSynchronizer.java:1712)&#10;        at java.base@21.0.8/java.util.concurrent.ScheduledThreadPoolExecutor$DelayedWorkQueue.take(ScheduledThreadPoolExecutor.java:1177)&#10;        at java.base@21.0.8/java.util.concurrent.ScheduledThreadPoolExecutor$DelayedWorkQueue.take(ScheduledThreadPoolExecutor.java:899)&#10;        at java.base@21.0.8/java.util.concurrent.ThreadPoolExecutor.getTask(ThreadPoolExecutor.java:1070)&#10;        at java.base@21.0.8/java.util.concurrent.ThreadPoolExecutor.runWorker(ThreadPoolExecutor.java:1130)&#10;        at java.base@21.0.8/java.util.concurrent.ThreadPoolExecutor$Worker.run(ThreadPoolExecutor.java:642)&#10;        at java.base@21.0.8/java.lang.Thread.runWith(Thread.java:1596)&#10;        at java.base@21.0.8/java.lang.Thread.run(Thread.java:1583)&#10;&quot;pool-181-thread-1&quot; daemon prio=5 tid=837 timed_waiting&#10;java.lang.Thread.State: TIMED_WAITING&#10;        at java.base@21.0.8/jdk.internal.misc.Unsafe.park(Native Method)&#10;        at java.base@21.0.8/java.util.concurrent.locks.LockSupport.parkNanos(LockSupport.java:269)&#10;        at java.base@21.0.8/java.util.concurrent.locks.AbstractQueuedSynchronizer$ConditionObject.awaitNanos(AbstractQueuedSynchronizer.java:1763)&#10;        at java.base@21.0.8/java.util.concurrent.ScheduledThreadPoolExecutor$DelayedWorkQueue.take(ScheduledThreadPoolExecutor.java:1182)&#10;        at java.base@21.0.8/java.util.concurrent.ScheduledThreadPoolExecutor$DelayedWorkQueue.take(ScheduledThreadPoolExecutor.java:899)&#10;        at java.base@21.0.8/java.util.concurrent.ThreadPoolExecutor.getTask(ThreadPoolExecutor.java:1070)&#10;        at java.base@21.0.8/java.util.concurrent.ThreadPoolExecutor.runWorker(ThreadPoolExecutor.java:1130)&#10;        at java.base@21.0.8/java.util.concurrent.ThreadPoolExecutor$Worker.run(ThreadPoolExecutor.java:642)&#10;        at java.base@21.0.8/java.lang.Thread.runWith(Thread.java:1596)&#10;        at java.base@21.0.8/java.lang.Thread.run(Thread.java:1583)&#10;&quot;25d9f169-1c9e-47c6-a2a2-d20fb3c5fda2-ChunkReader-ELG-0&quot; daemon prio=5 tid=824 runnable&#10;java.lang.Thread.State: RUNNABLE&#10;        at app//org.apache.ratis.thirdparty.io.netty.channel.epoll.Native.epollWait(Native Method)&#10;        at app//org.apache.ratis.thirdparty.io.netty.channel.epoll.Native.epollWait(Native.java:220)&#10;        at app//org.apache.ratis.thirdparty.io.netty.channel.epoll.Native.epollWait(Native.java:213)&#10;        at app//org.apache.ratis.thirdparty.io.netty.channel.epoll.EpollEventLoop.epollWaitNoTimerChange(EpollEventLoop.java:308)&#10;        at app//org.apache.ratis.thirdparty.io.netty.channel.epoll.EpollEventLoop.run(EpollEventLoop.java:365)&#10;        at app//org.apache.ratis.thirdparty.io.netty.util.concurrent.SingleThreadEventExecutor$4.run(SingleThreadEventExecutor.java:998)&#10;        at app//org.apache.ratis.thirdparty.io.netty.util.internal.ThreadExecutorMap$2.run(ThreadExecutorMap.java:74)&#10;        at java.base@21.0.8/java.lang.Thread.runWith(Thread.java:1596)&#10;        at java.base@21.0.8/java.lang.Thread.run(Thread.java:1583)&#10;&quot;IPC Server handler 15 on default port 15001&quot; daemon prio=5 tid=236 timed_waiting&#10;java.lang.Thread.State: TIMED_WAITING&#10;        at java.base@21.0.8/jdk.internal.misc.Unsafe.park(Native Method)&#10;        at java.base@21.0.8/java.util.concurrent.locks.LockSupport.parkNanos(LockSupport.java:269)&#10;        at java.base@21.0.8/java.util.concurrent.locks.AbstractQueuedSynchronizer$ConditionObject.awaitNanos(AbstractQueuedSynchronizer.java:1763)&#10;        at java.base@21.0.8/java.util.concurrent.LinkedBlockingQueue.poll(LinkedBlockingQueue.java:460)&#10;        at app//org.apache.hadoop.ipc.CallQueueManager.take(CallQueueManager.java:370)&#10;        at app//org.apache.hadoop.ipc.Server$Handler.run(Server.java:3165)&#10;&quot;IPC Server handler 2 on default port 15019&quot; daemon prio=5 tid=591 timed_waiting&#10;java.lang.Thread.State: TIMED_WAITING&#10;        at java.base@21.0.8/jdk.internal.misc.Unsafe.park(Native Method)&#10;        at java.base@21.0.8/java.util.concurrent.locks.LockSupport.parkNanos(LockSupport.java:269)&#10;        at java.base@21.0.8/java.util.concurrent.locks.AbstractQueuedSynchronizer$ConditionObject.awaitNanos(AbstractQueuedSynchronizer.java:1763)&#10;        at java.base@21.0.8/java.util.concurrent.LinkedBlockingQueue.poll(LinkedBlockingQueue.java:460)&#10;        at app//org.apache.hadoop.ipc.CallQueueManager.take(CallQueueManager.java:370)&#10;        at app//org.apache.hadoop.ipc.Server$Handler.run(Server.java:3165)&#10;&quot;IPC Server handler 2 on default port 15043&quot; daemon prio=5 tid=782 timed_waiting&#10;java.lang.Thread.State: TIMED_WAITING&#10;        at java.base@21.0.8/jdk.internal.misc.Unsafe.park(Native Method)&#10;        at java.base@21.0.8/java.util.concurrent.locks.LockSupport.parkNanos(LockSupport.java:269)&#10;        at java.base@21.0.8/java.util.concurrent.locks.AbstractQueuedSynchronizer$ConditionObject.awaitNanos(AbstractQueuedSynchronizer.java:1763)&#10;        at java.base@21.0.8/java.util.concurrent.LinkedBlockingQueue.poll(LinkedBlockingQueue.java:460)&#10;        at app//org.apache.hadoop.ipc.CallQueueManager.take(CallQueueManager.java:370)&#10;        at app//org.apache.hadoop.ipc.Server$Handler.run(Server.java:3165)&#10;&quot;IPC Server handler 8 on default port 15019&quot; daemon prio=5 tid=597 timed_waiting&#10;java.lang.Thread.State: TIMED_WAITING&#10;        at java.base@21.0.8/jdk.internal.misc.Unsafe.park(Native Method)&#10;        at java.base@21.0.8/java.util.concurrent.locks.LockSupport.parkNanos(LockSupport.java:269)&#10;        at java.base@21.0.8/java.util.concurrent.locks.AbstractQueuedSynchronizer$ConditionObject.awaitNanos(AbstractQueuedSynchronizer.java:1763)&#10;        at java.base@21.0.8/java.util.concurrent.LinkedBlockingQueue.poll(LinkedBlockingQueue.java:460)&#10;        at app//org.apache.hadoop.ipc.CallQueueManager.take(CallQueueManager.java:370)&#10;        at app//org.apache.hadoop.ipc.Server$Handler.run(Server.java:3165)&#10;&quot;volumeTable_FullTableCache-Cleanup-0&quot; daemon prio=5 tid=441 timed_waiting&#10;java.lang.Thread.State: TIMED_WAITING&#10;        at java.base@21.0.8/jdk.internal.misc.Unsafe.park(Native Method)&#10;        at java.base@21.0.8/java.util.concurrent.locks.LockSupport.parkNanos(LockSupport.java:269)&#10;        at java.base@21.0.8/java.util.concurrent.locks.AbstractQueuedSynchronizer$ConditionObject.awaitNanos(AbstractQueuedSynchronizer.java:1763)&#10;        at java.base@21.0.8/java.util.concurrent.ScheduledThreadPoolExecutor$DelayedWorkQueue.take(ScheduledThreadPoolExecutor.java:1182)&#10;        at java.base@21.0.8/java.util.concurrent.ScheduledThreadPoolExecutor$DelayedWorkQueue.take(ScheduledThreadPoolExecutor.java:899)&#10;        at java.base@21.0.8/java.util.concurrent.ThreadPoolExecutor.getTask(ThreadPoolExecutor.java:1070)&#10;        at java.base@21.0.8/java.util.concurrent.ThreadPoolExecutor.runWorker(ThreadPoolExecutor.java:1130)&#10;        at java.base@21.0.8/java.util.concurrent.ThreadPoolExecutor$Worker.run(ThreadPoolExecutor.java:642)&#10;        at java.base@21.0.8/java.lang.Thread.runWith(Thread.java:1596)&#10;        at java.base@21.0.8/java.lang.Thread.run(Thread.java:1583)&#10;&quot;IPC Server handler 32 on default port 15001&quot; daemon prio=5 tid=253 timed_waiting&#10;java.lang.Thread.State: TIMED_WAITING&#10;        at java.base@21.0.8/jdk.internal.misc.Unsafe.park(Native Method)&#10;        at java.base@21.0.8/java.util.concurrent.locks.LockSupport.parkNanos(LockSupport.java:269)&#10;        at java.base@21.0.8/java.util.concurrent.locks.AbstractQueuedSynchronizer$ConditionObject.awaitNanos(AbstractQueuedSynchronizer.java:1763)&#10;        at java.base@21.0.8/java.util.concurrent.LinkedBlockingQueue.poll(LinkedBlockingQueue.java:460)&#10;        at app//org.apache.hadoop.ipc.CallQueueManager.take(CallQueueManager.java:370)&#10;        at app//org.apache.hadoop.ipc.Server$Handler.run(Server.java:3165)&#10;&quot;25d9f169-1c9e-47c6-a2a2-d20fb3c5fda2@group-F536DCC524F8-cacheEviction-AwaitToRun&quot; daemon prio=5 tid=962 in Object.wait()&#10;java.lang.Thread.State: WAITING (on object monitor)&#10;        at java.base@21.0.8/jdk.internal.misc.Unsafe.park(Native Method)&#10;        at java.base@21.0.8/java.util.concurrent.locks.LockSupport.park(LockSupport.java:371)&#10;        at java.base@21.0.8/java.util.concurrent.locks.AbstractQueuedSynchronizer$ConditionNode.block(AbstractQueuedSynchronizer.java:519)&#10;        at java.base@21.0.8/java.util.concurrent.ForkJoinPool.unmanagedBlock(ForkJoinPool.java:3780)&#10;        at java.base@21.0.8/java.util.concurrent.ForkJoinPool.managedBlock(ForkJoinPool.java:3725)&#10;        at java.base@21.0.8/java.util.concurrent.locks.AbstractQueuedSynchronizer$ConditionObject.await(AbstractQueuedSynchronizer.java:1712)&#10;        at app//org.apache.ratis.util.AwaitForSignal.await(AwaitForSignal.java:48)&#10;        at app//org.apache.ratis.util.AwaitToRun$RunnableImpl.run(AwaitToRun.java:47)&#10;        at java.base@21.0.8/java.lang.Thread.runWith(Thread.java:1596)&#10;        at java.base@21.0.8/java.lang.Thread.run(Thread.java:1583)&#10;&quot;d3e19d45-0b2b-4921-9b28-39a5e9747ac8-DatanodeReportManager-3&quot; daemon prio=5 tid=795 in Object.wait()&#10;java.lang.Thread.State: WAITING (on object monitor)&#10;        at java.base@21.0.8/jdk.internal.misc.Unsafe.park(Native Method)&#10;        at java.base@21.0.8/java.util.concurrent.locks.LockSupport.park(LockSupport.java:371)&#10;        at java.base@21.0.8/java.util.concurrent.locks.AbstractQueuedSynchronizer$ConditionNode.block(AbstractQueuedSynchronizer.java:519)&#10;        at java.base@21.0.8/java.util.concurrent.ForkJoinPool.unmanagedBlock(ForkJoinPool.java:3780)&#10;        at java.base@21.0.8/java.util.concurrent.ForkJoinPool.managedBlock(ForkJoinPool.java:3725)&#10;        at java.base@21.0.8/java.util.concurrent.locks.AbstractQueuedSynchronizer$ConditionObject.await(AbstractQueuedSynchronizer.java:1712)&#10;        at java.base@21.0.8/java.util.concurrent.ScheduledThreadPoolExecutor$DelayedWorkQueue.take(ScheduledThreadPoolExecutor.java:1177)&#10;        at java.base@21.0.8/java.util.concurrent.ScheduledThreadPoolExecutor$DelayedWorkQueue.take(ScheduledThreadPoolExecutor.java:899)&#10;        at java.base@21.0.8/java.util.concurrent.ThreadPoolExecutor.getTask(ThreadPoolExecutor.java:1070)&#10;        at java.base@21.0.8/java.util.concurrent.ThreadPoolExecutor.runWorker(ThreadPoolExecutor.java:1130)&#10;        at java.base@21.0.8/java.util.concurrent.ThreadPoolExecutor$Worker.run(ThreadPoolExecutor.java:642)&#10;        at java.base@21.0.8/java.lang.Thread.runWith(Thread.java:1596)&#10;        at java.base@21.0.8/java.lang.Thread.run(Thread.java:1583)&#10;&quot;IPC Server handler 68 on default port 15001&quot; daemon prio=5 tid=289 timed_waiting&#10;java.lang.Thread.State: TIMED_WAITING&#10;        at java.base@21.0.8/jdk.internal.misc.Unsafe.park(Native Method)&#10;        at java.base@21.0.8/java.util.concurrent.locks.LockSupport.parkNanos(LockSupport.java:269)&#10;        at java.base@21.0.8/java.util.concurrent.locks.AbstractQueuedSynchronizer$ConditionObject.awaitNanos(AbstractQueuedSynchronizer.java:1763)&#10;        at java.base@21.0.8/java.util.concurrent.LinkedBlockingQueue.poll(LinkedBlockingQueue.java:460)&#10;        at app//org.apache.hadoop.ipc.CallQueueManager.take(CallQueueManager.java:370)&#10;        at app//org.apache.hadoop.ipc.Server$Handler.run(Server.java:3165)&#10;&quot;Socket Reader #1 for port 15035&quot; daemon prio=5 tid=690 runnable&#10;java.lang.Thread.State: RUNNABLE&#10;        at java.base@21.0.8/sun.nio.ch.EPoll.wait(Native Method)&#10;        at java.base@21.0.8/sun.nio.ch.EPollSelectorImpl.doSelect(EPollSelectorImpl.java:121)&#10;        at java.base@21.0.8/sun.nio.ch.SelectorImpl.lockAndDoSelect(SelectorImpl.java:130)&#10;        at java.base@21.0.8/sun.nio.ch.SelectorImpl.select(SelectorImpl.java:147)&#10;        at app//org.apache.hadoop.ipc.Server$Listener$Reader.doRunLoop(Server.java:1497)&#10;        at app//org.apache.hadoop.ipc.Server$Listener$Reader.run(Server.java:1476)&#10;&quot;IPC Server handler 88 on default port 15002&quot; daemon prio=5 tid=427 timed_waiting&#10;java.lang.Thread.State: TIMED_WAITING&#10;        at java.base@21.0.8/jdk.internal.misc.Unsafe.park(Native Method)&#10;        at java.base@21.0.8/java.util.concurrent.locks.LockSupport.parkNanos(LockSupport.java:269)&#10;        at java.base@21.0.8/java.util.concurrent.locks.AbstractQueuedSynchronizer$ConditionObject.awaitNanos(AbstractQueuedSynchronizer.java:1763)&#10;        at java.base@21.0.8/java.util.concurrent.LinkedBlockingQueue.poll(LinkedBlockingQueue.java:460)&#10;        at app//org.apache.hadoop.ipc.CallQueueManager.take(CallQueueManager.java:370)&#10;        at app//org.apache.hadoop.ipc.Server$Handler.run(Server.java:3165)&#10;&quot;Socket Reader #10 for port 15000&quot; daemon prio=5 tid=100 runnable&#10;java.lang.Thread.State: RUNNABLE&#10;        at java.base@21.0.8/sun.nio.ch.EPoll.wait(Native Method)&#10;        at java.base@21.0.8/sun.nio.ch.EPollSelectorImpl.doSelect(EPollSelectorImpl.java:121)&#10;        at java.base@21.0.8/sun.nio.ch.SelectorImpl.lockAndDoSelect(SelectorImpl.java:130)&#10;        at java.base@21.0.8/sun.nio.ch.SelectorImpl.select(SelectorImpl.java:147)&#10;        at app//org.apache.hadoop.ipc.Server$Listener$Reader.doRunLoop(Server.java:1497)&#10;        at app//org.apache.hadoop.ipc.Server$Listener$Reader.run(Server.java:1476)&#10;&quot;25d9f169-1c9e-47c6-a2a2-d20fb3c5fda2@group-F536DCC524F8-LeaderStateImpl&quot; daemon prio=5 tid=1034 timed_waiting&#10;java.lang.Thread.State: TIMED_WAITING&#10;        at java.base@21.0.8/jdk.internal.misc.Unsafe.park(Native Method)&#10;        at java.base@21.0.8/java.util.concurrent.locks.LockSupport.parkNanos(LockSupport.java:269)&#10;        at java.base@21.0.8/java.util.concurrent.locks.AbstractQueuedSynchronizer$ConditionObject.awaitNanos(AbstractQueuedSynchronizer.java:1763)&#10;        at java.base@21.0.8/java.util.concurrent.ArrayBlockingQueue.poll(ArrayBlockingQueue.java:435)&#10;        at app//org.apache.ratis.server.impl.LeaderStateImpl$EventQueue.poll(LeaderStateImpl.java:168)&#10;        at app//org.apache.ratis.server.impl.LeaderStateImpl$EventProcessor.run(LeaderStateImpl.java:761)&#10;&quot;IPC Server handler 78 on default port 15000&quot; daemon prio=5 tid=199 timed_waiting&#10;java.lang.Thread.State: TIMED_WAITING&#10;        at java.base@21.0.8/jdk.internal.misc.Unsafe.park(Native Method)&#10;        at java.base@21.0.8/java.util.concurrent.locks.LockSupport.parkNanos(LockSupport.java:269)&#10;        at java.base@21.0.8/java.util.concurrent.locks.AbstractQueuedSynchronizer$ConditionObject.awaitNanos(AbstractQueuedSynchronizer.java:1763)&#10;        at java.base@21.0.8/java.util.concurrent.LinkedBlockingQueue.poll(LinkedBlockingQueue.java:460)&#10;        at app//org.apache.hadoop.ipc.CallQueueManager.take(CallQueueManager.java:370)&#10;        at app//org.apache.hadoop.ipc.Server$Handler.run(Server.java:3165)&#10;&quot;Socket Reader #1 for port 15002&quot; daemon prio=5 tid=63 runnable&#10;java.lang.Thread.State: RUNNABLE&#10;        at java.base@21.0.8/sun.nio.ch.EPoll.wait(Native Method)&#10;        at java.base@21.0.8/sun.nio.ch.EPollSelectorImpl.doSelect(EPollSelectorImpl.java:121)&#10;        at java.base@21.0.8/sun.nio.ch.SelectorImpl.lockAndDoSelect(SelectorImpl.java:130)&#10;        at java.base@21.0.8/sun.nio.ch.SelectorImpl.select(SelectorImpl.java:147)&#10;        at app//org.apache.hadoop.ipc.Server$Listener$Reader.doRunLoop(Server.java:1497)&#10;        at app//org.apache.hadoop.ipc.Server$Listener$Reader.run(Server.java:1476)&#10;&quot;IPC Server handler 3 on default port 15043&quot; daemon prio=5 tid=783 timed_waiting&#10;java.lang.Thread.State: TIMED_WAITING&#10;        at java.base@21.0.8/jdk.internal.misc.Unsafe.park(Native Method)&#10;        at java.base@21.0.8/java.util.concurrent.locks.LockSupport.parkNanos(LockSupport.java:269)&#10;        at java.base@21.0.8/java.util.concurrent.locks.AbstractQueuedSynchronizer$ConditionObject.awaitNanos(AbstractQueuedSynchronizer.java:1763)&#10;        at java.base@21.0.8/java.util.concurrent.LinkedBlockingQueue.poll(LinkedBlockingQueue.java:460)&#10;        at app//org.apache.hadoop.ipc.CallQueueManager.take(CallQueueManager.java:370)&#10;        at app//org.apache.hadoop.ipc.Server$Handler.run(Server.java:3165)&#10;&quot;IPC Server handler 9 on default port 15027&quot; daemon prio=5 tid=646 timed_waiting&#10;java.lang.Thread.State: TIMED_WAITING&#10;        at java.base@21.0.8/jdk.internal.misc.Unsafe.park(Native Method)&#10;        at java.base@21.0.8/java.util.concurrent.locks.LockSupport.parkNanos(LockSupport.java:269)&#10;        at java.base@21.0.8/java.util.concurrent.locks.AbstractQueuedSynchronizer$ConditionObject.awaitNanos(AbstractQueuedSynchronizer.java:1763)&#10;        at java.base@21.0.8/java.util.concurrent.LinkedBlockingQueue.poll(LinkedBlockingQueue.java:460)&#10;        at app//org.apache.hadoop.ipc.CallQueueManager.take(CallQueueManager.java:370)&#10;        at app//org.apache.hadoop.ipc.Server$Handler.run(Server.java:3165)&#10;&quot;IPC Server handler 8 on default port 15001&quot; daemon prio=5 tid=229 timed_waiting&#10;java.lang.Thread.State: TIMED_WAITING&#10;        at java.base@21.0.8/jdk.internal.misc.Unsafe.park(Native Method)&#10;        at java.base@21.0.8/java.util.concurrent.locks.LockSupport.parkNanos(LockSupport.java:269)&#10;        at java.base@21.0.8/java.util.concurrent.locks.AbstractQueuedSynchronizer$ConditionObject.awaitNanos(AbstractQueuedSynchronizer.java:1763)&#10;        at java.base@21.0.8/java.util.concurrent.LinkedBlockingQueue.poll(LinkedBlockingQueue.java:460)&#10;        at app//org.apache.hadoop.ipc.CallQueueManager.take(CallQueueManager.java:370)&#10;        at app//org.apache.hadoop.ipc.Server$Handler.run(Server.java:3165)&#10;&quot;qtp887238034-666&quot; daemon prio=5 tid=666 runnable&#10;java.lang.Thread.State: RUNNABLE&#10;        at java.base@21.0.8/sun.nio.ch.EPoll.wait(Native Method)&#10;        at java.base@21.0.8/sun.nio.ch.EPollSelectorImpl.doSelect(EPollSelectorImpl.java:121)&#10;        at java.base@21.0.8/sun.nio.ch.SelectorImpl.lockAndDoSelect(SelectorImpl.java:130)&#10;        at java.base@21.0.8/sun.nio.ch.SelectorImpl.select(SelectorImpl.java:147)&#10;        at app//org.eclipse.jetty.io.ManagedSelector.nioSelect(ManagedSelector.java:183)&#10;        at app//org.eclipse.jetty.io.ManagedSelector.select(ManagedSelector.java:190)&#10;        at app//org.eclipse.jetty.io.ManagedSelector$SelectorProducer.select(ManagedSelector.java:606)&#10;        at app//org.eclipse.jetty.io.ManagedSelector$SelectorProducer.produce(ManagedSelector.java:543)&#10;        at app//org.eclipse.jetty.util.thread.strategy.EatWhatYouKill.produceTask(EatWhatYouKill.java:362)&#10;        at app//org.eclipse.jetty.util.thread.strategy.EatWhatYouKill.doProduce(EatWhatYouKill.java:186)&#10;        at app//org.eclipse.jetty.util.thread.strategy.EatWhatYouKill.tryProduce(EatWhatYouKill.java:173)&#10;        at app//org.eclipse.jetty.util.thread.strategy.EatWhatYouKill.produce(EatWhatYouKill.java:137)&#10;        at app//org.eclipse.jetty.io.ManagedSelector$$Lambda/0x00007fd1ac6ed508.run(Unknown Source)&#10;        at app//org.eclipse.jetty.util.thread.QueuedThreadPool.runJob(QueuedThreadPool.java:883)&#10;        at app//org.eclipse.jetty.util.thread.QueuedThreadPool$Runner.run(QueuedThreadPool.java:1034)&#10;        at java.base@21.0.8/java.lang.Thread.runWith(Thread.java:1596)&#10;        at java.base@21.0.8/java.lang.Thread.run(Thread.java:1583)&#10;&quot;qtp976208765-613&quot; daemon prio=5 tid=613 runnable&#10;java.lang.Thread.State: RUNNABLE&#10;        at java.base@21.0.8/sun.nio.ch.EPoll.wait(Native Method)&#10;        at java.base@21.0.8/sun.nio.ch.EPollSelectorImpl.doSelect(EPollSelectorImpl.java:121)&#10;        at java.base@21.0.8/sun.nio.ch.SelectorImpl.lockAndDoSelect(SelectorImpl.java:130)&#10;        at java.base@21.0.8/sun.nio.ch.SelectorImpl.select(SelectorImpl.java:147)&#10;        at app//org.eclipse.jetty.io.ManagedSelector.nioSelect(ManagedSelector.java:183)&#10;        at app//org.eclipse.jetty.io.ManagedSelector.select(ManagedSelector.java:190)&#10;        at app//org.eclipse.jetty.io.ManagedSelector$SelectorProducer.select(ManagedSelector.java:606)&#10;        at app//org.eclipse.jetty.io.ManagedSelector$SelectorProducer.produce(ManagedSelector.java:543)&#10;        at app//org.eclipse.jetty.util.thread.strategy.EatWhatYouKill.produceTask(EatWhatYouKill.java:362)&#10;        at app//org.eclipse.jetty.util.thread.strategy.EatWhatYouKill.doProduce(EatWhatYouKill.java:186)&#10;        at app//org.eclipse.jetty.util.thread.strategy.EatWhatYouKill.tryProduce(EatWhatYouKill.java:173)&#10;        at app//org.eclipse.jetty.util.thread.strategy.EatWhatYouKill.produce(EatWhatYouKill.java:137)&#10;        at app//org.eclipse.jetty.io.ManagedSelector$$Lambda/0x00007fd1ac6ed508.run(Unknown Source)&#10;        at app//org.eclipse.jetty.util.thread.QueuedThreadPool.runJob(QueuedThreadPool.java:883)&#10;        at app//org.eclipse.jetty.util.thread.QueuedThreadPool$Runner.run(QueuedThreadPool.java:1034)&#10;        at java.base@21.0.8/java.lang.Thread.runWith(Thread.java:1596)&#10;        at java.base@21.0.8/java.lang.Thread.run(Thread.java:1583)&#10;&quot;IPC Server handler 5 on default port 15000&quot; daemon prio=5 tid=126 timed_waiting&#10;java.lang.Thread.State: TIMED_WAITING&#10;        at java.base@21.0.8/jdk.internal.misc.Unsafe.park(Native Method)&#10;        at java.base@21.0.8/java.util.concurrent.locks.LockSupport.parkNanos(LockSupport.java:269)&#10;        at java.base@21.0.8/java.util.concurrent.locks.AbstractQueuedSynchronizer$ConditionObject.awaitNanos(AbstractQueuedSynchronizer.java:1763)&#10;        at java.base@21.0.8/java.util.concurrent.LinkedBlockingQueue.poll(LinkedBlockingQueue.java:460)&#10;        at app//org.apache.hadoop.ipc.CallQueueManager.take(CallQueueManager.java:370)&#10;        at app//org.apache.hadoop.ipc.Server$Handler.run(Server.java:3165)&#10;&quot;pool-116-thread-1&quot;  prio=5 tid=565 timed_waiting&#10;java.lang.Thread.State: TIMED_WAITING&#10;        at java.base@21.0.8/jdk.internal.misc.Unsafe.park(Native Method)&#10;        at java.base@21.0.8/java.util.concurrent.locks.LockSupport.parkNanos(LockSupport.java:269)&#10;        at java.base@21.0.8/java.util.concurrent.locks.AbstractQueuedSynchronizer$ConditionObject.awaitNanos(AbstractQueuedSynchronizer.java:1763)&#10;        at java.base@21.0.8/java.util.concurrent.ScheduledThreadPoolExecutor$DelayedWorkQueue.take(ScheduledThreadPoolExecutor.java:1182)&#10;        at java.base@21.0.8/java.util.concurrent.ScheduledThreadPoolExecutor$DelayedWorkQueue.take(ScheduledThreadPoolExecutor.java:899)&#10;        at java.base@21.0.8/java.util.concurrent.ThreadPoolExecutor.getTask(ThreadPoolExecutor.java:1070)&#10;        at java.base@21.0.8/java.util.concurrent.ThreadPoolExecutor.runWorker(ThreadPoolExecutor.java:1130)&#10;        at java.base@21.0.8/java.util.concurrent.ThreadPoolExecutor$Worker.run(ThreadPoolExecutor.java:642)&#10;        at java.base@21.0.8/java.lang.Thread.runWith(Thread.java:1596)&#10;        at java.base@21.0.8/java.lang.Thread.run(Thread.java:1583)&#10;&quot;18da7ee6-49f7-45ee-8090-861a49f32d36-ChunkReader-ELG-0&quot; daemon prio=5 tid=805 runnable&#10;java.lang.Thread.State: RUNNABLE&#10;        at app//org.apache.ratis.thirdparty.io.netty.channel.epoll.Native.epollWait(Native Method)&#10;        at app//org.apache.ratis.thirdparty.io.netty.channel.epoll.Native.epollWait(Native.java:220)&#10;        at app//org.apache.ratis.thirdparty.io.netty.channel.epoll.Native.epollWait(Native.java:213)&#10;        at app//org.apache.ratis.thirdparty.io.netty.channel.epoll.EpollEventLoop.epollWaitNoTimerChange(EpollEventLoop.java:308)&#10;        at app//org.apache.ratis.thirdparty.io.netty.channel.epoll.EpollEventLoop.run(EpollEventLoop.java:365)&#10;        at app//org.apache.ratis.thirdparty.io.netty.util.concurrent.SingleThreadEventExecutor$4.run(SingleThreadEventExecutor.java:998)&#10;        at app//org.apache.ratis.thirdparty.io.netty.util.internal.ThreadExecutorMap$2.run(ThreadExecutorMap.java:74)&#10;        at java.base@21.0.8/java.lang.Thread.runWith(Thread.java:1596)&#10;        at java.base@21.0.8/java.lang.Thread.run(Thread.java:1583)&#10;&quot;IPC Server handler 70 on default port 15001&quot; daemon prio=5 tid=291 timed_waiting&#10;java.lang.Thread.State: TIMED_WAITING&#10;        at java.base@21.0.8/jdk.internal.misc.Unsafe.park(Native Method)&#10;        at java.base@21.0.8/java.util.concurrent.locks.LockSupport.parkNanos(LockSupport.java:269)&#10;        at java.base@21.0.8/java.util.concurrent.locks.AbstractQueuedSynchronizer$ConditionObject.awaitNanos(AbstractQueuedSynchronizer.java:1763)&#10;        at java.base@21.0.8/java.util.concurrent.LinkedBlockingQueue.poll(LinkedBlockingQueue.java:460)&#10;        at app//org.apache.hadoop.ipc.CallQueueManager.take(CallQueueManager.java:370)&#10;        at app//org.apache.hadoop.ipc.Server$Handler.run(Server.java:3165)&#10;&quot;IPC Server handler 69 on default port 15000&quot; daemon prio=5 tid=190 timed_waiting&#10;java.lang.Thread.State: TIMED_WAITING&#10;        at java.base@21.0.8/jdk.internal.misc.Unsafe.park(Native Method)&#10;        at java.base@21.0.8/java.util.concurrent.locks.LockSupport.parkNanos(LockSupport.java:269)&#10;        at java.base@21.0.8/java.util.concurrent.locks.AbstractQueuedSynchronizer$ConditionObject.awaitNanos(AbstractQueuedSynchronizer.java:1763)&#10;        at java.base@21.0.8/java.util.concurrent.LinkedBlockingQueue.poll(LinkedBlockingQueue.java:460)&#10;        at app//org.apache.hadoop.ipc.CallQueueManager.take(CallQueueManager.java:370)&#10;        at app//org.apache.hadoop.ipc.Server$Handler.run(Server.java:3165)&#10;&quot;IPC Server handler 9 on default port 15019&quot; daemon prio=5 tid=598 timed_waiting&#10;java.lang.Thread.State: TIMED_WAITING&#10;        at java.base@21.0.8/jdk.internal.misc.Unsafe.park(Native Method)&#10;        at java.base@21.0.8/java.util.concurrent.locks.LockSupport.parkNanos(LockSupport.java:269)&#10;        at java.base@21.0.8/java.util.concurrent.locks.AbstractQueuedSynchronizer$ConditionObject.awaitNanos(AbstractQueuedSynchronizer.java:1763)&#10;        at java.base@21.0.8/java.util.concurrent.LinkedBlockingQueue.poll(LinkedBlockingQueue.java:460)&#10;        at app//org.apache.hadoop.ipc.CallQueueManager.take(CallQueueManager.java:370)&#10;        at app//org.apache.hadoop.ipc.Server$Handler.run(Server.java:3165)&#10;&quot;IPC Server handler 43 on default port 15001&quot; daemon prio=5 tid=264 timed_waiting&#10;java.lang.Thread.State: TIMED_WAITING&#10;        at java.base@21.0.8/jdk.internal.misc.Unsafe.park(Native Method)&#10;        at java.base@21.0.8/java.util.concurrent.locks.LockSupport.parkNanos(LockSupport.java:269)&#10;        at java.base@21.0.8/java.util.concurrent.locks.AbstractQueuedSynchronizer$ConditionObject.awaitNanos(AbstractQueuedSynchronizer.java:1763)&#10;        at java.base@21.0.8/java.util.concurrent.LinkedBlockingQueue.poll(LinkedBlockingQueue.java:460)&#10;        at app//org.apache.hadoop.ipc.CallQueueManager.take(CallQueueManager.java:370)&#10;        at app//org.apache.hadoop.ipc.Server$Handler.run(Server.java:3165)&#10;&quot;IPC Client (483109940) connection to 0.0.0.0/0.0.0.0:15002 from runner&quot; daemon prio=5 tid=658 timed_waiting&#10;java.lang.Thread.State: TIMED_WAITING&#10;        at java.base@21.0.8/java.lang.Object.wait0(Native Method)&#10;        at java.base@21.0.8/java.lang.Object.wait(Object.java:366)&#10;        at app//org.apache.hadoop.ipc.Client$Connection.waitForWork(Client.java:1042)&#10;        at app//org.apache.hadoop.ipc.Client$Connection.run(Client.java:1093)&#10;&quot;25d9f169-1c9e-47c6-a2a2-d20fb3c5fda2@group-F536DCC524F8-StateMachineUpdater&quot; daemon prio=5 tid=965 timed_waiting&#10;java.lang.Thread.State: TIMED_WAITING&#10;        at java.base@21.0.8/jdk.internal.misc.Unsafe.park(Native Method)&#10;        at java.base@21.0.8/java.util.concurrent.locks.LockSupport.parkNanos(LockSupport.java:269)&#10;        at java.base@21.0.8/java.util.concurrent.locks.AbstractQueuedSynchronizer$ConditionObject.await(AbstractQueuedSynchronizer.java:1852)&#10;        at app//org.apache.ratis.util.AwaitForSignal.await(AwaitForSignal.java:65)&#10;        at app//org.apache.ratis.server.impl.StateMachineUpdater.waitForCommit(StateMachineUpdater.java:222)&#10;        at app//org.apache.ratis.server.impl.StateMachineUpdater.run(StateMachineUpdater.java:187)&#10;        at java.base@21.0.8/java.lang.Thread.runWith(Thread.java:1596)&#10;        at java.base@21.0.8/java.lang.Thread.run(Thread.java:1583)&#10;&quot;25d9f169-1c9e-47c6-a2a2-d20fb3c5fda2-BlockDeletingService#1&quot; daemon prio=5 tid=827 in Object.wait()&#10;java.lang.Thread.State: WAITING (on object monitor)&#10;        at java.base@21.0.8/jdk.internal.misc.Unsafe.park(Native Method)&#10;        at java.base@21.0.8/java.util.concurrent.locks.LockSupport.park(LockSupport.java:371)&#10;        at java.base@21.0.8/java.util.concurrent.locks.AbstractQueuedSynchronizer$ConditionNode.block(AbstractQueuedSynchronizer.java:519)&#10;        at java.base@21.0.8/java.util.concurrent.ForkJoinPool.unmanagedBlock(ForkJoinPool.java:3780)&#10;        at java.base@21.0.8/java.util.concurrent.ForkJoinPool.managedBlock(ForkJoinPool.java:3725)&#10;        at java.base@21.0.8/java.util.concurrent.locks.AbstractQueuedSynchronizer$ConditionObject.await(AbstractQueuedSynchronizer.java:1712)&#10;        at java.base@21.0.8/java.util.concurrent.ScheduledThreadPoolExecutor$DelayedWorkQueue.take(ScheduledThreadPoolExecutor.java:1177)&#10;        at java.base@21.0.8/java.util.concurrent.ScheduledThreadPoolExecutor$DelayedWorkQueue.take(ScheduledThreadPoolExecutor.java:899)&#10;        at java.base@21.0.8/java.util.concurrent.ThreadPoolExecutor.getTask(ThreadPoolExecutor.java:1070)&#10;        at java.base@21.0.8/java.util.concurrent.ThreadPoolExecutor.runWorker(ThreadPoolExecutor.java:1130)&#10;        at java.base@21.0.8/java.util.concurrent.ThreadPoolExecutor$Worker.run(ThreadPoolExecutor.java:642)&#10;        at java.base@21.0.8/java.lang.Thread.runWith(Thread.java:1596)&#10;        at java.base@21.0.8/java.lang.Thread.run(Thread.java:1583)&#10;&quot;IPC Server handler 18 on default port 15000&quot; daemon prio=5 tid=139 timed_waiting&#10;java.lang.Thread.State: TIMED_WAITING&#10;        at java.base@21.0.8/jdk.internal.misc.Unsafe.park(Native Method)&#10;        at java.base@21.0.8/java.util.concurrent.locks.LockSupport.parkNanos(LockSupport.java:269)&#10;        at java.base@21.0.8/java.util.concurrent.locks.AbstractQueuedSynchronizer$ConditionObject.awaitNanos(AbstractQueuedSynchronizer.java:1763)&#10;        at java.base@21.0.8/java.util.concurrent.LinkedBlockingQueue.poll(LinkedBlockingQueue.java:460)&#10;        at app//org.apache.hadoop.ipc.CallQueueManager.take(CallQueueManager.java:370)&#10;        at app//org.apache.hadoop.ipc.Server$Handler.run(Server.java:3165)&#10;&quot;18da7ee6-49f7-45ee-8090-861a49f32d36-ChunkWriter-0-0&quot; daemon prio=5 tid=800 in Object.wait()&#10;java.lang.Thread.State: WAITING (on object monitor)&#10;        at java.base@21.0.8/jdk.internal.misc.Unsafe.park(Native Method)&#10;        at java.base@21.0.8/java.util.concurrent.locks.LockSupport.park(LockSupport.java:371)&#10;        at java.base@21.0.8/java.util.concurrent.locks.AbstractQueuedSynchronizer$ConditionNode.block(AbstractQueuedSynchronizer.java:519)&#10;        at java.base@21.0.8/java.util.concurrent.ForkJoinPool.unmanagedBlock(ForkJoinPool.java:3780)&#10;        at java.base@21.0.8/java.util.concurrent.ForkJoinPool.managedBlock(ForkJoinPool.java:3725)&#10;        at java.base@21.0.8/java.util.concurrent.locks.AbstractQueuedSynchronizer$ConditionObject.await(AbstractQueuedSynchronizer.java:1712)&#10;        at java.base@21.0.8/java.util.concurrent.LinkedBlockingDeque.takeFirst(LinkedBlockingDeque.java:485)&#10;        at java.base@21.0.8/java.util.concurrent.LinkedBlockingDeque.take(LinkedBlockingDeque.java:673)&#10;        at java.base@21.0.8/java.util.concurrent.ThreadPoolExecutor.getTask(ThreadPoolExecutor.java:1070)&#10;        at java.base@21.0.8/java.util.concurrent.ThreadPoolExecutor.runWorker(ThreadPoolExecutor.java:1130)&#10;        at java.base@21.0.8/java.util.concurrent.ThreadPoolExecutor$Worker.run(ThreadPoolExecutor.java:642)&#10;        at java.base@21.0.8/java.lang.Thread.runWith(Thread.java:1596)&#10;        at java.base@21.0.8/java.lang.Thread.run(Thread.java:1583)&#10;&quot;ContainerMetadataScanner&quot; daemon prio=5 tid=838 timed_waiting&#10;java.lang.Thread.State: TIMED_WAITING&#10;        at java.base@21.0.8/java.lang.Thread.sleep0(Native Method)&#10;        at java.base@21.0.8/java.lang.Thread.sleep(Thread.java:509)&#10;        at app//org.apache.hadoop.ozone.container.ozoneimpl.AbstractBackgroundContainerScanner.handleRemainingSleep(AbstractBackgroundContainerScanner.java:133)&#10;        at app//org.apache.hadoop.ozone.container.ozoneimpl.AbstractBackgroundContainerScanner.runIteration(AbstractBackgroundContainerScanner.java:100)&#10;        at app//org.apache.hadoop.ozone.container.ozoneimpl.AbstractBackgroundContainerScanner.run(AbstractBackgroundContainerScanner.java:59)&#10;        at java.base@21.0.8/java.lang.Thread.runWith(Thread.java:1596)&#10;        at java.base@21.0.8/java.lang.Thread.run(Thread.java:1583)&#10;&quot;IPC Server handler 29 on default port 15000&quot; daemon prio=5 tid=150 timed_waiting&#10;java.lang.Thread.State: TIMED_WAITING&#10;        at java.base@21.0.8/jdk.internal.misc.Unsafe.park(Native Method)&#10;        at java.base@21.0.8/java.util.concurrent.locks.LockSupport.parkNanos(LockSupport.java:269)&#10;        at java.base@21.0.8/java.util.concurrent.locks.AbstractQueuedSynchronizer$ConditionObject.awaitNanos(AbstractQueuedSynchronizer.java:1763)&#10;        at java.base@21.0.8/java.util.concurrent.LinkedBlockingQueue.poll(LinkedBlockingQueue.java:460)&#10;        at app//org.apache.hadoop.ipc.CallQueueManager.take(CallQueueManager.java:370)&#10;        at app//org.apache.hadoop.ipc.Server$Handler.run(Server.java:3165)&#10;&quot;Socket Reader #3 for port 15019&quot; daemon prio=5 tid=578 runnable&#10;java.lang.Thread.State: RUNNABLE&#10;        at java.base@21.0.8/sun.nio.ch.EPoll.wait(Native Method)&#10;        at java.base@21.0.8/sun.nio.ch.EPollSelectorImpl.doSelect(EPollSelectorImpl.java:121)&#10;        at java.base@21.0.8/sun.nio.ch.SelectorImpl.lockAndDoSelect(SelectorImpl.java:130)&#10;        at java.base@21.0.8/sun.nio.ch.SelectorImpl.select(SelectorImpl.java:147)&#10;        at app//org.apache.hadoop.ipc.Server$Listener$Reader.doRunLoop(Server.java:1497)&#10;        at app//org.apache.hadoop.ipc.Server$Listener$Reader.run(Server.java:1476)&#10;&quot;Socket Reader #6 for port 15002&quot; daemon prio=5 tid=68 runnable&#10;java.lang.Thread.State: RUNNABLE&#10;        at java.base@21.0.8/sun.nio.ch.EPoll.wait(Native Method)&#10;        at java.base@21.0.8/sun.nio.ch.EPollSelectorImpl.doSelect(EPollSelectorImpl.java:121)&#10;        at java.base@21.0.8/sun.nio.ch.SelectorImpl.lockAndDoSelect(SelectorImpl.java:130)&#10;        at java.base@21.0.8/sun.nio.ch.SelectorImpl.select(SelectorImpl.java:147)&#10;        at app//org.apache.hadoop.ipc.Server$Listener$Reader.doRunLoop(Server.java:1497)&#10;        at app//org.apache.hadoop.ipc.Server$Listener$Reader.run(Server.java:1476)&#10;&quot;Socket Reader #9 for port 15001&quot; daemon prio=5 tid=85 runnable&#10;java.lang.Thread.State: RUNNABLE&#10;        at java.base@21.0.8/sun.nio.ch.EPoll.wait(Native Method)&#10;        at java.base@21.0.8/sun.nio.ch.EPollSelectorImpl.doSelect(EPollSelectorImpl.java:121)&#10;        at java.base@21.0.8/sun.nio.ch.SelectorImpl.lockAndDoSelect(SelectorImpl.java:130)&#10;        at java.base@21.0.8/sun.nio.ch.SelectorImpl.select(SelectorImpl.java:147)&#10;        at app//org.apache.hadoop.ipc.Server$Listener$Reader.doRunLoop(Server.java:1497)&#10;        at app//org.apache.hadoop.ipc.Server$Listener$Reader.run(Server.java:1476)&#10;&quot;SCMHeartbeatProcessor-0&quot; daemon prio=5 tid=54 timed_waiting&#10;java.lang.Thread.State: TIMED_WAITING&#10;        at java.base@21.0.8/jdk.internal.misc.Unsafe.park(Native Method)&#10;        at java.base@21.0.8/java.util.concurrent.locks.LockSupport.parkNanos(LockSupport.java:269)&#10;        at java.base@21.0.8/java.util.concurrent.locks.AbstractQueuedSynchronizer$ConditionObject.awaitNanos(AbstractQueuedSynchronizer.java:1763)&#10;        at java.base@21.0.8/java.util.concurrent.ScheduledThreadPoolExecutor$DelayedWorkQueue.take(ScheduledThreadPoolExecutor.java:1182)&#10;        at java.base@21.0.8/java.util.concurrent.ScheduledThreadPoolExecutor$DelayedWorkQueue.take(ScheduledThreadPoolExecutor.java:899)&#10;        at java.base@21.0.8/java.util.concurrent.ThreadPoolExecutor.getTask(ThreadPoolExecutor.java:1070)&#10;        at java.base@21.0.8/java.util.concurrent.ThreadPoolExecutor.runWorker(ThreadPoolExecutor.java:1130)&#10;        at java.base@21.0.8/java.util.concurrent.ThreadPoolExecutor$Worker.run(ThreadPoolExecutor.java:642)&#10;        at java.base@21.0.8/java.lang.Thread.runWith(Thread.java:1596)&#10;        at java.base@21.0.8/java.lang.Thread.run(Thread.java:1583)&#10;&quot;FixedThreadPoolWithAffinityExecutor-6-0&quot; daemon prio=5 tid=110 timed_waiting&#10;java.lang.Thread.State: TIMED_WAITING&#10;        at java.base@21.0.8/jdk.internal.misc.Unsafe.park(Native Method)&#10;        at java.base@21.0.8/java.util.concurrent.locks.LockSupport.parkNanos(LockSupport.java:269)&#10;        at java.base@21.0.8/java.util.concurrent.locks.AbstractQueuedSynchronizer$ConditionObject.awaitNanos(AbstractQueuedSynchronizer.java:1763)&#10;        at java.base@21.0.8/java.util.concurrent.LinkedBlockingQueue.poll(LinkedBlockingQueue.java:460)&#10;        at app//org.apache.hadoop.hdds.scm.server.ContainerReportQueue.poll(ContainerReportQueue.java:269)&#10;        at app//org.apache.hadoop.hdds.scm.server.ContainerReportQueue.poll(ContainerReportQueue.java:42)&#10;        at app//org.apache.hadoop.hdds.server.events.FixedThreadPoolWithAffinityExecutor$ContainerReportProcessTask.run(FixedThreadPoolWithAffinityExecutor.java:228)&#10;        at java.base@21.0.8/java.util.concurrent.Executors$RunnableAdapter.call(Executors.java:572)&#10;        at java.base@21.0.8/java.util.concurrent.FutureTask.run(FutureTask.java:317)&#10;        at java.base@21.0.8/java.util.concurrent.ThreadPoolExecutor.runWorker(ThreadPoolExecutor.java:1144)&#10;        at java.base@21.0.8/java.util.concurrent.ThreadPoolExecutor$Worker.run(ThreadPoolExecutor.java:642)&#10;        at java.base@21.0.8/java.lang.Thread.runWith(Thread.java:1596)&#10;        at java.base@21.0.8/java.lang.Thread.run(Thread.java:1583)&#10;&quot;IPC Client (483109940) connection to 0.0.0.0/0.0.0.0:15000 from runner&quot; daemon prio=5 tid=1013 timed_waiting&#10;java.lang.Thread.State: TIMED_WAITING&#10;        at java.base@21.0.8/java.lang.Object.wait0(Native Method)&#10;        at java.base@21.0.8/java.lang.Object.wait(Object.java:366)&#10;        at app//org.apache.hadoop.ipc.Client$Connection.waitForWork(Client.java:1042)&#10;        at app//org.apache.hadoop.ipc.Client$Connection.run(Client.java:1093)&#10;&quot;IPC Server handler 18 on default port 15001&quot; daemon prio=5 tid=239 timed_waiting&#10;java.lang.Thread.State: TIMED_WAITING&#10;        at java.base@21.0.8/jdk.internal.misc.Unsafe.park(Native Method)&#10;        at java.base@21.0.8/java.util.concurrent.locks.LockSupport.parkNanos(LockSupport.java:269)&#10;        at java.base@21.0.8/java.util.concurrent.locks.AbstractQueuedSynchronizer$ConditionObject.awaitNanos(AbstractQueuedSynchronizer.java:1763)&#10;        at java.base@21.0.8/java.util.concurrent.LinkedBlockingQueue.poll(LinkedBlockingQueue.java:460)&#10;        at app//org.apache.hadoop.ipc.CallQueueManager.take(CallQueueManager.java:370)&#10;        at app//org.apache.hadoop.ipc.Server$Handler.run(Server.java:3165)&#10;&quot;IPC Server handler 16 on default port 15001&quot; daemon prio=5 tid=237 timed_waiting&#10;java.lang.Thread.State: TIMED_WAITING&#10;        at java.base@21.0.8/jdk.internal.misc.Unsafe.park(Native Method)&#10;        at java.base@21.0.8/java.util.concurrent.locks.LockSupport.parkNanos(LockSupport.java:269)&#10;        at java.base@21.0.8/java.util.concurrent.locks.AbstractQueuedSynchronizer$ConditionObject.awaitNanos(AbstractQueuedSynchronizer.java:1763)&#10;        at java.base@21.0.8/java.util.concurrent.LinkedBlockingQueue.poll(LinkedBlockingQueue.java:460)&#10;        at app//org.apache.hadoop.ipc.CallQueueManager.take(CallQueueManager.java:370)&#10;        at app//org.apache.hadoop.ipc.Server$Handler.run(Server.java:3165)&#10;&quot;25d9f169-1c9e-47c6-a2a2-d20fb3c5fda2-ChunkWriter-2-0&quot; daemon prio=5 tid=821 in Object.wait()&#10;java.lang.Thread.State: WAITING (on object monitor)&#10;        at java.base@21.0.8/jdk.internal.misc.Unsafe.park(Native Method)&#10;        at java.base@21.0.8/java.util.concurrent.locks.LockSupport.park(LockSupport.java:371)&#10;        at java.base@21.0.8/java.util.concurrent.locks.AbstractQueuedSynchronizer$ConditionNode.block(AbstractQueuedSynchronizer.java:519)&#10;        at java.base@21.0.8/java.util.concurrent.ForkJoinPool.unmanagedBlock(ForkJoinPool.java:3780)&#10;        at java.base@21.0.8/java.util.concurrent.ForkJoinPool.managedBlock(ForkJoinPool.java:3725)&#10;        at java.base@21.0.8/java.util.concurrent.locks.AbstractQueuedSynchronizer$ConditionObject.await(AbstractQueuedSynchronizer.java:1712)&#10;        at java.base@21.0.8/java.util.concurrent.LinkedBlockingDeque.takeFirst(LinkedBlockingDeque.java:485)&#10;        at java.base@21.0.8/java.util.concurrent.LinkedBlockingDeque.take(LinkedBlockingDeque.java:673)&#10;        at java.base@21.0.8/java.util.concurrent.ThreadPoolExecutor.getTask(ThreadPoolExecutor.java:1070)&#10;        at java.base@21.0.8/java.util.concurrent.ThreadPoolExecutor.runWorker(ThreadPoolExecutor.java:1130)&#10;        at java.base@21.0.8/java.util.concurrent.ThreadPoolExecutor$Worker.run(ThreadPoolExecutor.java:642)&#10;        at java.base@21.0.8/java.lang.Thread.runWith(Thread.java:1596)&#10;        at java.base@21.0.8/java.lang.Thread.run(Thread.java:1583)&#10;&quot;EventQueue-ContainerRegistrationReportForECContainerSafeModeRule&quot; daemon prio=5 tid=756 in Object.wait()&#10;java.lang.Thread.State: WAITING (on object monitor)&#10;        at java.base@21.0.8/jdk.internal.misc.Unsafe.park(Native Method)&#10;        at java.base@21.0.8/java.util.concurrent.locks.LockSupport.park(LockSupport.java:371)&#10;        at java.base@21.0.8/java.util.concurrent.locks.AbstractQueuedSynchronizer$ConditionNode.block(AbstractQueuedSynchronizer.java:519)&#10;        at java.base@21.0.8/java.util.concurrent.ForkJoinPool.unmanagedBlock(ForkJoinPool.java:3780)&#10;        at java.base@21.0.8/java.util.concurrent.ForkJoinPool.managedBlock(ForkJoinPool.java:3725)&#10;        at java.base@21.0.8/java.util.concurrent.locks.AbstractQueuedSynchronizer$ConditionObject.await(AbstractQueuedSynchronizer.java:1712)&#10;        at java.base@21.0.8/java.util.concurrent.LinkedBlockingQueue.take(LinkedBlockingQueue.java:435)&#10;        at java.base@21.0.8/java.util.concurrent.ThreadPoolExecutor.getTask(ThreadPoolExecutor.java:1070)&#10;        at java.base@21.0.8/java.util.concurrent.ThreadPoolExecutor.runWorker(ThreadPoolExecutor.java:1130)&#10;        at java.base@21.0.8/java.util.concurrent.ThreadPoolExecutor$Worker.run(ThreadPoolExecutor.java:642)&#10;        at java.base@21.0.8/java.lang.Thread.runWith(Thread.java:1596)&#10;        at java.base@21.0.8/java.lang.Thread.run(Thread.java:1583)&#10;&quot;IPC Server handler 12 on default port 15002&quot; daemon prio=5 tid=351 timed_waiting&#10;java.lang.Thread.State: TIMED_WAITING&#10;        at java.base@21.0.8/jdk.internal.misc.Unsafe.park(Native Method)&#10;        at java.base@21.0.8/java.util.concurrent.locks.LockSupport.parkNanos(LockSupport.java:269)&#10;        at java.base@21.0.8/java.util.concurrent.locks.AbstractQueuedSynchronizer$ConditionObject.awaitNanos(AbstractQueuedSynchronizer.java:1763)&#10;        at java.base@21.0.8/java.util.concurrent.LinkedBlockingQueue.poll(LinkedBlockingQueue.java:460)&#10;        at app//org.apache.hadoop.ipc.CallQueueManager.take(CallQueueManager.java:370)&#10;        at app//org.apache.hadoop.ipc.Server$Handler.run(Server.java:3165)&#10;&quot;Socket Reader #3 for port 15043&quot; daemon prio=5 tid=764 runnable&#10;java.lang.Thread.State: RUNNABLE&#10;        at java.base@21.0.8/sun.nio.ch.EPoll.wait(Native Method)&#10;        at java.base@21.0.8/sun.nio.ch.EPollSelectorImpl.doSelect(EPollSelectorImpl.java:121)&#10;        at java.base@21.0.8/sun.nio.ch.SelectorImpl.lockAndDoSelect(SelectorImpl.java:130)&#10;        at java.base@21.0.8/sun.nio.ch.SelectorImpl.select(SelectorImpl.java:147)&#10;        at app//org.apache.hadoop.ipc.Server$Listener$Reader.doRunLoop(Server.java:1497)&#10;        at app//org.apache.hadoop.ipc.Server$Listener$Reader.run(Server.java:1476)&#10;&quot;07f651f6-8f87-47bb-8f69-34e194401a37@group-1629492F36A3-cacheEviction-AwaitToRun&quot; daemon prio=5 tid=114 in Object.wait()&#10;java.lang.Thread.State: WAITING (on object monitor)&#10;        at java.base@21.0.8/jdk.internal.misc.Unsafe.park(Native Method)&#10;        at java.base@21.0.8/java.util.concurrent.locks.LockSupport.park(LockSupport.java:371)&#10;        at java.base@21.0.8/java.util.concurrent.locks.AbstractQueuedSynchronizer$ConditionNode.block(AbstractQueuedSynchronizer.java:519)&#10;        at java.base@21.0.8/java.util.concurrent.ForkJoinPool.unmanagedBlock(ForkJoinPool.java:3780)&#10;        at java.base@21.0.8/java.util.concurrent.ForkJoinPool.managedBlock(ForkJoinPool.java:3725)&#10;        at java.base@21.0.8/java.util.concurrent.locks.AbstractQueuedSynchronizer$ConditionObject.await(AbstractQueuedSynchronizer.java:1712)&#10;        at app//org.apache.ratis.util.AwaitForSignal.await(AwaitForSignal.java:48)&#10;        at app//org.apache.ratis.util.AwaitToRun$RunnableImpl.run(AwaitToRun.java:47)&#10;        at java.base@21.0.8/java.lang.Thread.runWith(Thread.java:1596)&#10;        at java.base@21.0.8/java.lang.Thread.run(Thread.java:1583)&#10;&quot;Socket Reader #7 for port 15002&quot; daemon prio=5 tid=69 runnable&#10;java.lang.Thread.State: RUNNABLE&#10;        at java.base@21.0.8/sun.nio.ch.EPoll.wait(Native Method)&#10;        at java.base@21.0.8/sun.nio.ch.EPollSelectorImpl.doSelect(EPollSelectorImpl.java:121)&#10;        at java.base@21.0.8/sun.nio.ch.SelectorImpl.lockAndDoSelect(SelectorImpl.java:130)&#10;        at java.base@21.0.8/sun.nio.ch.SelectorImpl.select(SelectorImpl.java:147)&#10;        at app//org.apache.hadoop.ipc.Server$Listener$Reader.doRunLoop(Server.java:1497)&#10;        at app//org.apache.hadoop.ipc.Server$Listener$Reader.run(Server.java:1476)&#10;&quot;d3e19d45-0b2b-4921-9b28-39a5e9747ac8@group-3551B3BB1E56-LeaderStateImpl&quot; daemon prio=5 tid=973 timed_waiting&#10;java.lang.Thread.State: TIMED_WAITING&#10;        at java.base@21.0.8/jdk.internal.misc.Unsafe.park(Native Method)&#10;        at java.base@21.0.8/java.util.concurrent.locks.LockSupport.parkNanos(LockSupport.java:269)&#10;        at java.base@21.0.8/java.util.concurrent.locks.AbstractQueuedSynchronizer$ConditionObject.awaitNanos(AbstractQueuedSynchronizer.java:1763)&#10;        at java.base@21.0.8/java.util.concurrent.ArrayBlockingQueue.poll(ArrayBlockingQueue.java:435)&#10;        at app//org.apache.ratis.server.impl.LeaderStateImpl$EventQueue.poll(LeaderStateImpl.java:168)&#10;        at app//org.apache.ratis.server.impl.LeaderStateImpl$EventProcessor.run(LeaderStateImpl.java:761)&#10;&quot;qtp99667716-747&quot; daemon prio=5 tid=747 timed_waiting&#10;java.lang.Thread.State: TIMED_WAITING&#10;        at java.base@21.0.8/jdk.internal.misc.Unsafe.park(Native Method)&#10;        at java.base@21.0.8/java.util.concurrent.locks.LockSupport.parkNanos(LockSupport.java:269)&#10;        at java.base@21.0.8/java.util.concurrent.locks.AbstractQueuedSynchronizer$ConditionObject.awaitNanos(AbstractQueuedSynchronizer.java:1763)&#10;        at app//org.eclipse.jetty.util.BlockingArrayQueue.poll(BlockingArrayQueue.java:382)&#10;        at app//org.eclipse.jetty.util.thread.QueuedThreadPool$Runner.idleJobPoll(QueuedThreadPool.java:974)&#10;        at app//org.eclipse.jetty.util.thread.QueuedThreadPool$Runner.run(QueuedThreadPool.java:1018)&#10;        at java.base@21.0.8/java.lang.Thread.runWith(Thread.java:1596)&#10;        at java.base@21.0.8/java.lang.Thread.run(Thread.java:1583)&#10;&quot;IPC Server handler 4 on default port 15035&quot; daemon prio=5 tid=709 timed_waiting&#10;java.lang.Thread.State: TIMED_WAITING&#10;        at java.base@21.0.8/jdk.internal.misc.Unsafe.park(Native Method)&#10;        at java.base@21.0.8/java.util.concurrent.locks.LockSupport.parkNanos(LockSupport.java:269)&#10;        at java.base@21.0.8/java.util.concurrent.locks.AbstractQueuedSynchronizer$ConditionObject.awaitNanos(AbstractQueuedSynchronizer.java:1763)&#10;        at java.base@21.0.8/java.util.concurrent.LinkedBlockingQueue.poll(LinkedBlockingQueue.java:460)&#10;        at app//org.apache.hadoop.ipc.CallQueueManager.take(CallQueueManager.java:370)&#10;        at app//org.apache.hadoop.ipc.Server$Handler.run(Server.java:3165)&#10;&quot;IPC Server handler 9 on default port 15043&quot; daemon prio=5 tid=789 timed_waiting&#10;java.lang.Thread.State: TIMED_WAITING&#10;        at java.base@21.0.8/jdk.internal.misc.Unsafe.park(Native Method)&#10;        at java.base@21.0.8/java.util.concurrent.locks.LockSupport.parkNanos(LockSupport.java:269)&#10;        at java.base@21.0.8/java.util.concurrent.locks.AbstractQueuedSynchronizer$ConditionObject.awaitNanos(AbstractQueuedSynchronizer.java:1763)&#10;        at java.base@21.0.8/java.util.concurrent.LinkedBlockingQueue.poll(LinkedBlockingQueue.java:460)&#10;        at app//org.apache.hadoop.ipc.CallQueueManager.take(CallQueueManager.java:370)&#10;        at app//org.apache.hadoop.ipc.Server$Handler.run(Server.java:3165)&#10;&quot;07f651f6-8f87-47bb-8f69-34e194401a37-impl-thread1&quot; daemon prio=5 tid=52 timed_waiting&#10;java.lang.Thread.State: TIMED_WAITING&#10;        at java.base@21.0.8/jdk.internal.misc.Unsafe.park(Native Method)&#10;        at java.base@21.0.8/java.util.concurrent.locks.LockSupport.parkNanos(LockSupport.java:410)&#10;        at java.base@21.0.8/java.util.concurrent.LinkedTransferQueue$DualNode.await(LinkedTransferQueue.java:452)&#10;        at java.base@21.0.8/java.util.concurrent.SynchronousQueue$Transferer.xferLifo(SynchronousQueue.java:194)&#10;        at java.base@21.0.8/java.util.concurrent.SynchronousQueue.xfer(SynchronousQueue.java:235)&#10;        at java.base@21.0.8/java.util.concurrent.SynchronousQueue.poll(SynchronousQueue.java:338)&#10;        at java.base@21.0.8/java.util.concurrent.ThreadPoolExecutor.getTask(ThreadPoolExecutor.java:1069)&#10;        at java.base@21.0.8/java.util.concurrent.ThreadPoolExecutor.runWorker(ThreadPoolExecutor.java:1130)&#10;        at java.base@21.0.8/java.util.concurrent.ThreadPoolExecutor$Worker.run(ThreadPoolExecutor.java:642)&#10;        at java.base@21.0.8/java.lang.Thread.runWith(Thread.java:1596)&#10;        at java.base@21.0.8/java.lang.Thread.run(Thread.java:1583)&#10;&quot;IPC Server handler 12 on default port 15000&quot; daemon prio=5 tid=133 timed_waiting&#10;java.lang.Thread.State: TIMED_WAITING&#10;        at java.base@21.0.8/jdk.internal.misc.Unsafe.park(Native Method)&#10;        at java.base@21.0.8/java.util.concurrent.locks.LockSupport.parkNanos(LockSupport.java:269)&#10;        at java.base@21.0.8/java.util.concurrent.locks.AbstractQueuedSynchronizer$ConditionObject.awaitNanos(AbstractQueuedSynchronizer.java:1763)&#10;        at java.base@21.0.8/java.util.concurrent.LinkedBlockingQueue.poll(LinkedBlockingQueue.java:460)&#10;        at app//org.apache.hadoop.ipc.CallQueueManager.take(CallQueueManager.java:370)&#10;        at app//org.apache.hadoop.ipc.Server$Handler.run(Server.java:3165)&#10;&quot;18da7ee6-49f7-45ee-8090-861a49f32d36-CommandProcessorThread&quot; daemon prio=5 tid=652 timed_waiting&#10;java.lang.Thread.State: TIMED_WAITING&#10;        at java.base@21.0.8/java.lang.Thread.sleep0(Native Method)&#10;        at java.base@21.0.8/java.lang.Thread.sleep(Thread.java:509)&#10;        at app//org.apache.hadoop.ozone.container.common.statemachine.DatanodeStateMachine.lambda$initCommandHandlerThread$4(DatanodeStateMachine.java:698)&#10;        at app//org.apache.hadoop.ozone.container.common.statemachine.DatanodeStateMachine$$Lambda/0x00007fd1ac884310.run(Unknown Source)&#10;        at java.base@21.0.8/java.lang.Thread.runWith(Thread.java:1596)&#10;        at java.base@21.0.8/java.lang.Thread.run(Thread.java:1583)&#10;&quot;FixedThreadPoolWithAffinityExecutor-9-0&quot; daemon prio=5 tid=113 timed_waiting&#10;java.lang.Thread.State: TIMED_WAITING&#10;        at java.base@21.0.8/jdk.internal.misc.Unsafe.park(Native Method)&#10;        at java.base@21.0.8/java.util.concurrent.locks.LockSupport.parkNanos(LockSupport.java:269)&#10;        at java.base@21.0.8/java.util.concurrent.locks.AbstractQueuedSynchronizer$ConditionObject.awaitNanos(AbstractQueuedSynchronizer.java:1763)&#10;        at java.base@21.0.8/java.util.concurrent.LinkedBlockingQueue.poll(LinkedBlockingQueue.java:460)&#10;        at app//org.apache.hadoop.hdds.scm.server.ContainerReportQueue.poll(ContainerReportQueue.java:269)&#10;        at app//org.apache.hadoop.hdds.scm.server.ContainerReportQueue.poll(ContainerReportQueue.java:42)&#10;        at app//org.apache.hadoop.hdds.server.events.FixedThreadPoolWithAffinityExecutor$ContainerReportProcessTask.run(FixedThreadPoolWithAffinityExecutor.java:228)&#10;        at java.base@21.0.8/java.util.concurrent.Executors$RunnableAdapter.call(Executors.java:572)&#10;        at java.base@21.0.8/java.util.concurrent.FutureTask.run(FutureTask.java:317)&#10;        at java.base@21.0.8/java.util.concurrent.ThreadPoolExecutor.runWorker(ThreadPoolExecutor.java:1144)&#10;        at java.base@21.0.8/java.util.concurrent.ThreadPoolExecutor$Worker.run(ThreadPoolExecutor.java:642)&#10;        at java.base@21.0.8/java.lang.Thread.runWith(Thread.java:1596)&#10;        at java.base@21.0.8/java.lang.Thread.run(Thread.java:1583)&#10;&quot;grpc-default-executor-2&quot; daemon prio=5 tid=986 timed_waiting&#10;java.lang.Thread.State: TIMED_WAITING&#10;        at java.base@21.0.8/jdk.internal.misc.Unsafe.park(Native Method)&#10;        at java.base@21.0.8/java.util.concurrent.locks.LockSupport.parkNanos(LockSupport.java:410)&#10;        at java.base@21.0.8/java.util.concurrent.LinkedTransferQueue$DualNode.await(LinkedTransferQueue.java:452)&#10;        at java.base@21.0.8/java.util.concurrent.SynchronousQueue$Transferer.xferLifo(SynchronousQueue.java:194)&#10;        at java.base@21.0.8/java.util.concurrent.SynchronousQueue.xfer(SynchronousQueue.java:235)&#10;        at java.base@21.0.8/java.util.concurrent.SynchronousQueue.poll(SynchronousQueue.java:338)&#10;        at java.base@21.0.8/java.util.concurrent.ThreadPoolExecutor.getTask(ThreadPoolExecutor.java:1069)&#10;        at java.base@21.0.8/java.util.concurrent.ThreadPoolExecutor.runWorker(ThreadPoolExecutor.java:1130)&#10;        at java.base@21.0.8/java.util.concurrent.ThreadPoolExecutor$Worker.run(ThreadPoolExecutor.java:642)&#10;        at java.base@21.0.8/java.lang.Thread.runWith(Thread.java:1596)&#10;        at java.base@21.0.8/java.lang.Thread.run(Thread.java:1583)&#10;&quot;d3e19d45-0b2b-4921-9b28-39a5e9747ac8-NettyServerStreamRpc-bossGroup--thread1&quot; daemon prio=5 tid=729 runnable&#10;java.lang.Thread.State: RUNNABLE&#10;        at app//org.apache.ratis.thirdparty.io.netty.channel.epoll.Native.epollWait(Native Method)&#10;        at app//org.apache.ratis.thirdparty.io.netty.channel.epoll.Native.epollWait(Native.java:220)&#10;        at app//org.apache.ratis.thirdparty.io.netty.channel.epoll.Native.epollWait(Native.java:213)&#10;        at app//org.apache.ratis.thirdparty.io.netty.channel.epoll.EpollEventLoop.epollWaitNoTimerChange(EpollEventLoop.java:308)&#10;        at app//org.apache.ratis.thirdparty.io.netty.channel.epoll.EpollEventLoop.run(EpollEventLoop.java:365)&#10;        at app//org.apache.ratis.thirdparty.io.netty.util.concurrent.SingleThreadEventExecutor$4.run(SingleThreadEventExecutor.java:998)&#10;        at app//org.apache.ratis.thirdparty.io.netty.util.internal.ThreadExecutorMap$2.run(ThreadExecutorMap.java:74)&#10;        at java.base@21.0.8/java.lang.Thread.runWith(Thread.java:1596)&#10;        at java.base@21.0.8/java.lang.Thread.run(Thread.java:1583)&#10;&quot;pool-208-thread-1&quot;  prio=5 tid=743 timed_waiting&#10;java.lang.Thread.State: TIMED_WAITING&#10;        at java.base@21.0.8/jdk.internal.misc.Unsafe.park(Native Method)&#10;        at java.base@21.0.8/java.util.concurrent.locks.LockSupport.parkNanos(LockSupport.java:269)&#10;        at java.base@21.0.8/java.util.concurrent.locks.AbstractQueuedSynchronizer$ConditionObject.awaitNanos(AbstractQueuedSynchronizer.java:1763)&#10;        at java.base@21.0.8/java.util.concurrent.ScheduledThreadPoolExecutor$DelayedWorkQueue.take(ScheduledThreadPoolExecutor.java:1182)&#10;        at java.base@21.0.8/java.util.concurrent.ScheduledThreadPoolExecutor$DelayedWorkQueue.take(ScheduledThreadPoolExecutor.java:899)&#10;        at java.base@21.0.8/java.util.concurrent.ThreadPoolExecutor.getTask(ThreadPoolExecutor.java:1070)&#10;        at java.base@21.0.8/java.util.concurrent.ThreadPoolExecutor.runWorker(ThreadPoolExecutor.java:1130)&#10;        at java.base@21.0.8/java.util.concurrent.ThreadPoolExecutor$Worker.run(ThreadPoolExecutor.java:642)&#10;        at java.base@21.0.8/java.lang.Thread.runWith(Thread.java:1596)&#10;        at java.base@21.0.8/java.lang.Thread.run(Thread.java:1583)&#10;&quot;IPC Server handler 15 on default port 15006&quot; daemon prio=5 tid=507 timed_waiting&#10;java.lang.Thread.State: TIMED_WAITING&#10;        at java.base@21.0.8/jdk.internal.misc.Unsafe.park(Native Method)&#10;        at java.base@21.0.8/java.util.concurrent.locks.LockSupport.parkNanos(LockSupport.java:269)&#10;        at java.base@21.0.8/java.util.concurrent.locks.AbstractQueuedSynchronizer$ConditionObject.awaitNanos(AbstractQueuedSynchronizer.java:1763)&#10;        at java.base@21.0.8/java.util.concurrent.LinkedBlockingQueue.poll(LinkedBlockingQueue.java:460)&#10;        at app//org.apache.hadoop.ipc.CallQueueManager.take(CallQueueManager.java:370)&#10;        at app//org.apache.hadoop.ipc.Server$Handler.run(Server.java:3165)&#10;&quot;IPC Server handler 63 on default port 15000&quot; daemon prio=5 tid=184 timed_waiting&#10;java.lang.Thread.State: TIMED_WAITING&#10;        at java.base@21.0.8/jdk.internal.misc.Unsafe.park(Native Method)&#10;        at java.base@21.0.8/java.util.concurrent.locks.LockSupport.parkNanos(LockSupport.java:269)&#10;        at java.base@21.0.8/java.util.concurrent.locks.AbstractQueuedSynchronizer$ConditionObject.awaitNanos(AbstractQueuedSynchronizer.java:1763)&#10;        at java.base@21.0.8/java.util.concurrent.LinkedBlockingQueue.poll(LinkedBlockingQueue.java:460)&#10;        at app//org.apache.hadoop.ipc.CallQueueManager.take(CallQueueManager.java:370)&#10;        at app//org.apache.hadoop.ipc.Server$Handler.run(Server.java:3165)&#10;&quot;IPC Server handler 33 on default port 15002&quot; daemon prio=5 tid=372 timed_waiting&#10;java.lang.Thread.State: TIMED_WAITING&#10;        at java.base@21.0.8/jdk.internal.misc.Unsafe.park(Native Method)&#10;        at java.base@21.0.8/java.util.concurrent.locks.LockSupport.parkNanos(LockSupport.java:269)&#10;        at java.base@21.0.8/java.util.concurrent.locks.AbstractQueuedSynchronizer$ConditionObject.awaitNanos(AbstractQueuedSynchronizer.java:1763)&#10;        at java.base@21.0.8/java.util.concurrent.LinkedBlockingQueue.poll(LinkedBlockingQueue.java:460)&#10;        at app//org.apache.hadoop.ipc.CallQueueManager.take(CallQueueManager.java:370)&#10;        at app//org.apache.hadoop.ipc.Server$Handler.run(Server.java:3165)&#10;&#10;" type="java.util.concurrent.TimeoutException"><![CDATA[java.util.concurrent.TimeoutException: 
Timed out waiting for condition. Thread diagnostics:
Timestamp: 2025-09-27 09:19:57,943

"IPC Server handler 73 on default port 15002" daemon prio=5 tid=412 timed_waiting
java.lang.Thread.State: TIMED_WAITING
        at java.base@21.0.8/jdk.internal.misc.Unsafe.park(Native Method)
        at java.base@21.0.8/java.util.concurrent.locks.LockSupport.parkNanos(LockSupport.java:269)
        at java.base@21.0.8/java.util.concurrent.locks.AbstractQueuedSynchronizer$ConditionObject.awaitNanos(AbstractQueuedSynchronizer.java:1763)
        at java.base@21.0.8/java.util.concurrent.LinkedBlockingQueue.poll(LinkedBlockingQueue.java:460)
        at app//org.apache.hadoop.ipc.CallQueueManager.take(CallQueueManager.java:370)
        at app//org.apache.hadoop.ipc.Server$Handler.run(Server.java:3165)
"18da7ee6-49f7-45ee-8090-861a49f32d36-RocksDBCompactionThread-0"  prio=5 tid=607 timed_waiting
java.lang.Thread.State: TIMED_WAITING
        at java.base@21.0.8/jdk.internal.misc.Unsafe.park(Native Method)
        at java.base@21.0.8/java.util.concurrent.locks.LockSupport.parkNanos(LockSupport.java:269)
        at java.base@21.0.8/java.util.concurrent.locks.AbstractQueuedSynchronizer$ConditionObject.awaitNanos(AbstractQueuedSynchronizer.java:1763)
        at java.base@21.0.8/java.util.concurrent.ScheduledThreadPoolExecutor$DelayedWorkQueue.take(ScheduledThreadPoolExecutor.java:1182)
        at java.base@21.0.8/java.util.concurrent.ScheduledThreadPoolExecutor$DelayedWorkQueue.take(ScheduledThreadPoolExecutor.java:899)
        at java.base@21.0.8/java.util.concurrent.ThreadPoolExecutor.getTask(ThreadPoolExecutor.java:1070)
        at java.base@21.0.8/java.util.concurrent.ThreadPoolExecutor.runWorker(ThreadPoolExecutor.java:1130)
        at java.base@21.0.8/java.util.concurrent.ThreadPoolExecutor$Worker.run(ThreadPoolExecutor.java:642)
        at java.base@21.0.8/java.lang.Thread.runWith(Thread.java:1596)
        at java.base@21.0.8/java.lang.Thread.run(Thread.java:1583)
"qtp99667716-748" daemon prio=5 tid=748 timed_waiting
java.lang.Thread.State: TIMED_WAITING
        at java.base@21.0.8/jdk.internal.misc.Unsafe.park(Native Method)
        at java.base@21.0.8/java.util.concurrent.locks.LockSupport.parkNanos(LockSupport.java:269)
        at java.base@21.0.8/java.util.concurrent.locks.AbstractQueuedSynchronizer$ConditionObject.awaitNanos(AbstractQueuedSynchronizer.java:1763)
        at app//org.eclipse.jetty.util.BlockingArrayQueue.poll(BlockingArrayQueue.java:382)
        at app//org.eclipse.jetty.util.thread.QueuedThreadPool$Runner.idleJobPoll(QueuedThreadPool.java:974)
        at app//org.eclipse.jetty.util.thread.QueuedThreadPool$Runner.run(QueuedThreadPool.java:1018)
        at java.base@21.0.8/java.lang.Thread.runWith(Thread.java:1596)
        at java.base@21.0.8/java.lang.Thread.run(Thread.java:1583)
"IPC Server handler 56 on default port 15000" daemon prio=5 tid=177 timed_waiting
java.lang.Thread.State: TIMED_WAITING
        at java.base@21.0.8/jdk.internal.misc.Unsafe.park(Native Method)
        at java.base@21.0.8/java.util.concurrent.locks.LockSupport.parkNanos(LockSupport.java:269)
        at java.base@21.0.8/java.util.concurrent.locks.AbstractQueuedSynchronizer$ConditionObject.awaitNanos(AbstractQueuedSynchronizer.java:1763)
        at java.base@21.0.8/java.util.concurrent.LinkedBlockingQueue.poll(LinkedBlockingQueue.java:460)
        at app//org.apache.hadoop.ipc.CallQueueManager.take(CallQueueManager.java:370)
        at app//org.apache.hadoop.ipc.Server$Handler.run(Server.java:3165)
"18da7ee6-49f7-45ee-8090-861a49f32d36-ChunkWriter-3-0" daemon prio=5 tid=803 in Object.wait()
java.lang.Thread.State: WAITING (on object monitor)
        at java.base@21.0.8/jdk.internal.misc.Unsafe.park(Native Method)
        at java.base@21.0.8/java.util.concurrent.locks.LockSupport.park(LockSupport.java:371)
        at java.base@21.0.8/java.util.concurrent.locks.AbstractQueuedSynchronizer$ConditionNode.block(AbstractQueuedSynchronizer.java:519)
        at java.base@21.0.8/java.util.concurrent.ForkJoinPool.unmanagedBlock(ForkJoinPool.java:3780)
        at java.base@21.0.8/java.util.concurrent.ForkJoinPool.managedBlock(ForkJoinPool.java:3725)
        at java.base@21.0.8/java.util.concurrent.locks.AbstractQueuedSynchronizer$ConditionObject.await(AbstractQueuedSynchronizer.java:1712)
        at java.base@21.0.8/java.util.concurrent.LinkedBlockingDeque.takeFirst(LinkedBlockingDeque.java:485)
        at java.base@21.0.8/java.util.concurrent.LinkedBlockingDeque.take(LinkedBlockingDeque.java:673)
        at java.base@21.0.8/java.util.concurrent.ThreadPoolExecutor.getTask(ThreadPoolExecutor.java:1070)
        at java.base@21.0.8/java.util.concurrent.ThreadPoolExecutor.runWorker(ThreadPoolExecutor.java:1130)
        at java.base@21.0.8/java.util.concurrent.ThreadPoolExecutor$Worker.run(ThreadPoolExecutor.java:642)
        at java.base@21.0.8/java.lang.Thread.runWith(Thread.java:1596)
        at java.base@21.0.8/java.lang.Thread.run(Thread.java:1583)
"qtp976208765-617" daemon prio=5 tid=617 timed_waiting
java.lang.Thread.State: TIMED_WAITING
        at java.base@21.0.8/jdk.internal.misc.Unsafe.park(Native Method)
        at java.base@21.0.8/java.util.concurrent.locks.LockSupport.parkNanos(LockSupport.java:269)
        at java.base@21.0.8/java.util.concurrent.locks.AbstractQueuedSynchronizer$ConditionObject.awaitNanos(AbstractQueuedSynchronizer.java:1763)
        at app//org.eclipse.jetty.util.BlockingArrayQueue.poll(BlockingArrayQueue.java:382)
        at app//org.eclipse.jetty.util.thread.QueuedThreadPool$Runner.idleJobPoll(QueuedThreadPool.java:974)
        at app//org.eclipse.jetty.util.thread.QueuedThreadPool$Runner.run(QueuedThreadPool.java:1018)
        at java.base@21.0.8/java.lang.Thread.runWith(Thread.java:1596)
        at java.base@21.0.8/java.lang.Thread.run(Thread.java:1583)
"25d9f169-1c9e-47c6-a2a2-d20fb3c5fda2-EndpointStateMachineTaskThread-/0.0.0.0:15002-0 "  prio=5 tid=812 in Object.wait()
java.lang.Thread.State: WAITING (on object monitor)
        at java.base@21.0.8/jdk.internal.misc.Unsafe.park(Native Method)
        at java.base@21.0.8/java.util.concurrent.locks.LockSupport.park(LockSupport.java:371)
        at java.base@21.0.8/java.util.concurrent.locks.AbstractQueuedSynchronizer$ConditionNode.block(AbstractQueuedSynchronizer.java:519)
        at java.base@21.0.8/java.util.concurrent.ForkJoinPool.unmanagedBlock(ForkJoinPool.java:3780)
        at java.base@21.0.8/java.util.concurrent.ForkJoinPool.managedBlock(ForkJoinPool.java:3725)
        at java.base@21.0.8/java.util.concurrent.locks.AbstractQueuedSynchronizer$ConditionObject.await(AbstractQueuedSynchronizer.java:1712)
        at java.base@21.0.8/java.util.concurrent.LinkedBlockingQueue.take(LinkedBlockingQueue.java:435)
        at java.base@21.0.8/java.util.concurrent.ThreadPoolExecutor.getTask(ThreadPoolExecutor.java:1070)
        at java.base@21.0.8/java.util.concurrent.ThreadPoolExecutor.runWorker(ThreadPoolExecutor.java:1130)
        at java.base@21.0.8/java.util.concurrent.ThreadPoolExecutor$Worker.run(ThreadPoolExecutor.java:642)
        at java.base@21.0.8/java.lang.Thread.runWith(Thread.java:1596)
        at java.base@21.0.8/java.lang.Thread.run(Thread.java:1583)
"IPC Server handler 96 on default port 15002" daemon prio=5 tid=435 timed_waiting
java.lang.Thread.State: TIMED_WAITING
        at java.base@21.0.8/jdk.internal.misc.Unsafe.park(Native Method)
        at java.base@21.0.8/java.util.concurrent.locks.LockSupport.parkNanos(LockSupport.java:269)
        at java.base@21.0.8/java.util.concurrent.locks.AbstractQueuedSynchronizer$ConditionObject.awaitNanos(AbstractQueuedSynchronizer.java:1763)
        at java.base@21.0.8/java.util.concurrent.LinkedBlockingQueue.poll(LinkedBlockingQueue.java:460)
        at app//org.apache.hadoop.ipc.CallQueueManager.take(CallQueueManager.java:370)
        at app//org.apache.hadoop.ipc.Server$Handler.run(Server.java:3165)
"25d9f169-1c9e-47c6-a2a2-d20fb3c5fda2-DatanodeReportManager-2" daemon prio=5 tid=718 in Object.wait()
java.lang.Thread.State: WAITING (on object monitor)
        at java.base@21.0.8/jdk.internal.misc.Unsafe.park(Native Method)
        at java.base@21.0.8/java.util.concurrent.locks.LockSupport.park(LockSupport.java:371)
        at java.base@21.0.8/java.util.concurrent.locks.AbstractQueuedSynchronizer$ConditionNode.block(AbstractQueuedSynchronizer.java:519)
        at java.base@21.0.8/java.util.concurrent.ForkJoinPool.unmanagedBlock(ForkJoinPool.java:3780)
        at java.base@21.0.8/java.util.concurrent.ForkJoinPool.managedBlock(ForkJoinPool.java:3725)
        at java.base@21.0.8/java.util.concurrent.locks.AbstractQueuedSynchronizer$ConditionObject.await(AbstractQueuedSynchronizer.java:1712)
        at java.base@21.0.8/java.util.concurrent.ScheduledThreadPoolExecutor$DelayedWorkQueue.take(ScheduledThreadPoolExecutor.java:1177)
        at java.base@21.0.8/java.util.concurrent.ScheduledThreadPoolExecutor$DelayedWorkQueue.take(ScheduledThreadPoolExecutor.java:899)
        at java.base@21.0.8/java.util.concurrent.ThreadPoolExecutor.getTask(ThreadPoolExecutor.java:1070)
        at java.base@21.0.8/java.util.concurrent.ThreadPoolExecutor.runWorker(ThreadPoolExecutor.java:1130)
        at java.base@21.0.8/java.util.concurrent.ThreadPoolExecutor$Worker.run(ThreadPoolExecutor.java:642)
        at java.base@21.0.8/java.lang.Thread.runWith(Thread.java:1596)
        at java.base@21.0.8/java.lang.Thread.run(Thread.java:1583)
"d3e19d45-0b2b-4921-9b28-39a5e9747ac8-ChunkWriter-2-0" daemon prio=5 tid=842 in Object.wait()
java.lang.Thread.State: WAITING (on object monitor)
        at java.base@21.0.8/jdk.internal.misc.Unsafe.park(Native Method)
        at java.base@21.0.8/java.util.concurrent.locks.LockSupport.park(LockSupport.java:371)
        at java.base@21.0.8/java.util.concurrent.locks.AbstractQueuedSynchronizer$ConditionNode.block(AbstractQueuedSynchronizer.java:519)
        at java.base@21.0.8/java.util.concurrent.ForkJoinPool.unmanagedBlock(ForkJoinPool.java:3780)
        at java.base@21.0.8/java.util.concurrent.ForkJoinPool.managedBlock(ForkJoinPool.java:3725)
        at java.base@21.0.8/java.util.concurrent.locks.AbstractQueuedSynchronizer$ConditionObject.await(AbstractQueuedSynchronizer.java:1712)
        at java.base@21.0.8/java.util.concurrent.LinkedBlockingDeque.takeFirst(LinkedBlockingDeque.java:485)
        at java.base@21.0.8/java.util.concurrent.LinkedBlockingDeque.take(LinkedBlockingDeque.java:673)
        at java.base@21.0.8/java.util.concurrent.ThreadPoolExecutor.getTask(ThreadPoolExecutor.java:1070)
        at java.base@21.0.8/java.util.concurrent.ThreadPoolExecutor.runWorker(ThreadPoolExecutor.java:1130)
        at java.base@21.0.8/java.util.concurrent.ThreadPoolExecutor$Worker.run(ThreadPoolExecutor.java:642)
        at java.base@21.0.8/java.lang.Thread.runWith(Thread.java:1596)
        at java.base@21.0.8/java.lang.Thread.run(Thread.java:1583)
"IPC Server handler 21 on default port 15001" daemon prio=5 tid=242 timed_waiting
java.lang.Thread.State: TIMED_WAITING
        at java.base@21.0.8/jdk.internal.misc.Unsafe.park(Native Method)
        at java.base@21.0.8/java.util.concurrent.locks.LockSupport.parkNanos(LockSupport.java:269)
        at java.base@21.0.8/java.util.concurrent.locks.AbstractQueuedSynchronizer$ConditionObject.awaitNanos(AbstractQueuedSynchronizer.java:1763)
        at java.base@21.0.8/java.util.concurrent.LinkedBlockingQueue.poll(LinkedBlockingQueue.java:460)
        at app//org.apache.hadoop.ipc.CallQueueManager.take(CallQueueManager.java:370)
        at app//org.apache.hadoop.ipc.Server$Handler.run(Server.java:3165)
"IPC Server idle connection scanner for port 15006" daemon prio=5 tid=460 timed_waiting
java.lang.Thread.State: TIMED_WAITING
        at java.base@21.0.8/java.lang.Object.wait0(Native Method)
        at java.base@21.0.8/java.lang.Object.wait(Object.java:366)
        at java.base@21.0.8/java.util.TimerThread.mainLoop(Timer.java:563)
        at java.base@21.0.8/java.util.TimerThread.run(Timer.java:516)
"d3e19d45-0b2b-4921-9b28-39a5e9747ac8-EndpointStateMachineTaskThread-/0.0.0.0:15002-0 "  prio=5 tid=833 in Object.wait()
java.lang.Thread.State: WAITING (on object monitor)
        at java.base@21.0.8/jdk.internal.misc.Unsafe.park(Native Method)
        at java.base@21.0.8/java.util.concurrent.locks.LockSupport.park(LockSupport.java:371)
        at java.base@21.0.8/java.util.concurrent.locks.AbstractQueuedSynchronizer$ConditionNode.block(AbstractQueuedSynchronizer.java:519)
        at java.base@21.0.8/java.util.concurrent.ForkJoinPool.unmanagedBlock(ForkJoinPool.java:3780)
        at java.base@21.0.8/java.util.concurrent.ForkJoinPool.managedBlock(ForkJoinPool.java:3725)
        at java.base@21.0.8/java.util.concurrent.locks.AbstractQueuedSynchronizer$ConditionObject.await(AbstractQueuedSynchronizer.java:1712)
        at java.base@21.0.8/java.util.concurrent.LinkedBlockingQueue.take(LinkedBlockingQueue.java:435)
        at java.base@21.0.8/java.util.concurrent.ThreadPoolExecutor.getTask(ThreadPoolExecutor.java:1070)
        at java.base@21.0.8/java.util.concurrent.ThreadPoolExecutor.runWorker(ThreadPoolExecutor.java:1130)
        at java.base@21.0.8/java.util.concurrent.ThreadPoolExecutor$Worker.run(ThreadPoolExecutor.java:642)
        at java.base@21.0.8/java.lang.Thread.runWith(Thread.java:1596)
        at java.base@21.0.8/java.lang.Thread.run(Thread.java:1583)
"IPC Server handler 67 on default port 15001" daemon prio=5 tid=288 timed_waiting
java.lang.Thread.State: TIMED_WAITING
        at java.base@21.0.8/jdk.internal.misc.Unsafe.park(Native Method)
        at java.base@21.0.8/java.util.concurrent.locks.LockSupport.parkNanos(LockSupport.java:269)
        at java.base@21.0.8/java.util.concurrent.locks.AbstractQueuedSynchronizer$ConditionObject.awaitNanos(AbstractQueuedSynchronizer.java:1763)
        at java.base@21.0.8/java.util.concurrent.LinkedBlockingQueue.poll(LinkedBlockingQueue.java:460)
        at app//org.apache.hadoop.ipc.CallQueueManager.take(CallQueueManager.java:370)
        at app//org.apache.hadoop.ipc.Server$Handler.run(Server.java:3165)
"timer3" daemon prio=5 tid=992 timed_waiting
java.lang.Thread.State: TIMED_WAITING
        at java.base@21.0.8/java.lang.Object.wait0(Native Method)
        at java.base@21.0.8/java.lang.Object.wait(Object.java:366)
        at java.base@21.0.8/java.util.TimerThread.mainLoop(Timer.java:563)
        at java.base@21.0.8/java.util.TimerThread.run(Timer.java:516)
"Socket Reader #8 for port 15043" daemon prio=5 tid=770 runnable
java.lang.Thread.State: RUNNABLE
        at java.base@21.0.8/sun.nio.ch.EPoll.wait(Native Method)
        at java.base@21.0.8/sun.nio.ch.EPollSelectorImpl.doSelect(EPollSelectorImpl.java:121)
        at java.base@21.0.8/sun.nio.ch.SelectorImpl.lockAndDoSelect(SelectorImpl.java:130)
        at java.base@21.0.8/sun.nio.ch.SelectorImpl.select(SelectorImpl.java:147)
        at app//org.apache.hadoop.ipc.Server$Listener$Reader.doRunLoop(Server.java:1497)
        at app//org.apache.hadoop.ipc.Server$Listener$Reader.run(Server.java:1476)
"Socket Reader #7 for port 15019" daemon prio=5 tid=582 runnable
java.lang.Thread.State: RUNNABLE
        at java.base@21.0.8/sun.nio.ch.EPoll.wait(Native Method)
        at java.base@21.0.8/sun.nio.ch.EPollSelectorImpl.doSelect(EPollSelectorImpl.java:121)
        at java.base@21.0.8/sun.nio.ch.SelectorImpl.lockAndDoSelect(SelectorImpl.java:130)
        at java.base@21.0.8/sun.nio.ch.SelectorImpl.select(SelectorImpl.java:147)
        at app//org.apache.hadoop.ipc.Server$Listener$Reader.doRunLoop(Server.java:1497)
        at app//org.apache.hadoop.ipc.Server$Listener$Reader.run(Server.java:1476)
"IPC Server idle connection scanner for port 15001" daemon prio=5 tid=87 timed_waiting
java.lang.Thread.State: TIMED_WAITING
        at java.base@21.0.8/java.lang.Object.wait0(Native Method)
        at java.base@21.0.8/java.lang.Object.wait(Object.java:366)
        at java.base@21.0.8/java.util.TimerThread.mainLoop(Timer.java:563)
        at java.base@21.0.8/java.util.TimerThread.run(Timer.java:516)
"IPC Server idle connection scanner for port 15000" daemon prio=5 tid=101 timed_waiting
java.lang.Thread.State: TIMED_WAITING
        at java.base@21.0.8/java.lang.Object.wait0(Native Method)
        at java.base@21.0.8/java.lang.Object.wait(Object.java:366)
        at java.base@21.0.8/java.util.TimerThread.mainLoop(Timer.java:563)
        at java.base@21.0.8/java.util.TimerThread.run(Timer.java:516)
"IPC Server listener on 15043" daemon prio=5 tid=761 runnable
java.lang.Thread.State: RUNNABLE
        at java.base@21.0.8/sun.nio.ch.EPoll.wait(Native Method)
        at java.base@21.0.8/sun.nio.ch.EPollSelectorImpl.doSelect(EPollSelectorImpl.java:121)
        at java.base@21.0.8/sun.nio.ch.SelectorImpl.lockAndDoSelect(SelectorImpl.java:130)
        at java.base@21.0.8/sun.nio.ch.SelectorImpl.select(SelectorImpl.java:147)
        at app//org.apache.hadoop.ipc.Server$Listener.run(Server.java:1559)
"IPC Server handler 10 on default port 15002" daemon prio=5 tid=349 timed_waiting
java.lang.Thread.State: TIMED_WAITING
        at java.base@21.0.8/jdk.internal.misc.Unsafe.park(Native Method)
        at java.base@21.0.8/java.util.concurrent.locks.LockSupport.parkNanos(LockSupport.java:269)
        at java.base@21.0.8/java.util.concurrent.locks.AbstractQueuedSynchronizer$ConditionObject.awaitNanos(AbstractQueuedSynchronizer.java:1763)
        at java.base@21.0.8/java.util.concurrent.LinkedBlockingQueue.poll(LinkedBlockingQueue.java:460)
        at app//org.apache.hadoop.ipc.CallQueueManager.take(CallQueueManager.java:370)
        at app//org.apache.hadoop.ipc.Server$Handler.run(Server.java:3165)
"IPC Server handler 11 on default port 15006" daemon prio=5 tid=503 timed_waiting
java.lang.Thread.State: TIMED_WAITING
        at java.base@21.0.8/jdk.internal.misc.Unsafe.park(Native Method)
        at java.base@21.0.8/java.util.concurrent.locks.LockSupport.parkNanos(LockSupport.java:269)
        at java.base@21.0.8/java.util.concurrent.locks.AbstractQueuedSynchronizer$ConditionObject.awaitNanos(AbstractQueuedSynchronizer.java:1763)
        at java.base@21.0.8/java.util.concurrent.LinkedBlockingQueue.poll(LinkedBlockingQueue.java:460)
        at app//org.apache.hadoop.ipc.CallQueueManager.take(CallQueueManager.java:370)
        at app//org.apache.hadoop.ipc.Server$Handler.run(Server.java:3165)
"IPC Server handler 3 on default port 15002" daemon prio=5 tid=342 timed_waiting
java.lang.Thread.State: TIMED_WAITING
        at java.base@21.0.8/jdk.internal.misc.Unsafe.park(Native Method)
        at java.base@21.0.8/java.util.concurrent.locks.LockSupport.parkNanos(LockSupport.java:269)
        at java.base@21.0.8/java.util.concurrent.locks.AbstractQueuedSynchronizer$ConditionObject.awaitNanos(AbstractQueuedSynchronizer.java:1763)
        at java.base@21.0.8/java.util.concurrent.LinkedBlockingQueue.poll(LinkedBlockingQueue.java:460)
        at app//org.apache.hadoop.ipc.CallQueueManager.take(CallQueueManager.java:370)
        at app//org.apache.hadoop.ipc.Server$Handler.run(Server.java:3165)
"IPC Server handler 63 on default port 15002" daemon prio=5 tid=402 timed_waiting
java.lang.Thread.State: TIMED_WAITING
        at java.base@21.0.8/jdk.internal.misc.Unsafe.park(Native Method)
        at java.base@21.0.8/java.util.concurrent.locks.LockSupport.parkNanos(LockSupport.java:269)
        at java.base@21.0.8/java.util.concurrent.locks.AbstractQueuedSynchronizer$ConditionObject.awaitNanos(AbstractQueuedSynchronizer.java:1763)
        at java.base@21.0.8/java.util.concurrent.LinkedBlockingQueue.poll(LinkedBlockingQueue.java:460)
        at app//org.apache.hadoop.ipc.CallQueueManager.take(CallQueueManager.java:370)
        at app//org.apache.hadoop.ipc.Server$Handler.run(Server.java:3165)
"IPC Server handler 57 on default port 15002" daemon prio=5 tid=396 timed_waiting
java.lang.Thread.State: TIMED_WAITING
        at java.base@21.0.8/jdk.internal.misc.Unsafe.park(Native Method)
        at java.base@21.0.8/java.util.concurrent.locks.LockSupport.parkNanos(LockSupport.java:269)
        at java.base@21.0.8/java.util.concurrent.locks.AbstractQueuedSynchronizer$ConditionObject.awaitNanos(AbstractQueuedSynchronizer.java:1763)
        at java.base@21.0.8/java.util.concurrent.LinkedBlockingQueue.poll(LinkedBlockingQueue.java:460)
        at app//org.apache.hadoop.ipc.CallQueueManager.take(CallQueueManager.java:370)
        at app//org.apache.hadoop.ipc.Server$Handler.run(Server.java:3165)
"pool-142-thread-1"  prio=5 tid=611 timed_waiting
java.lang.Thread.State: TIMED_WAITING
        at java.base@21.0.8/jdk.internal.misc.Unsafe.park(Native Method)
        at java.base@21.0.8/java.util.concurrent.locks.LockSupport.parkNanos(LockSupport.java:269)
        at java.base@21.0.8/java.util.concurrent.locks.AbstractQueuedSynchronizer$ConditionObject.awaitNanos(AbstractQueuedSynchronizer.java:1763)
        at java.base@21.0.8/java.util.concurrent.ScheduledThreadPoolExecutor$DelayedWorkQueue.take(ScheduledThreadPoolExecutor.java:1182)
        at java.base@21.0.8/java.util.concurrent.ScheduledThreadPoolExecutor$DelayedWorkQueue.take(ScheduledThreadPoolExecutor.java:899)
        at java.base@21.0.8/java.util.concurrent.ThreadPoolExecutor.getTask(ThreadPoolExecutor.java:1070)
        at java.base@21.0.8/java.util.concurrent.ThreadPoolExecutor.runWorker(ThreadPoolExecutor.java:1130)
        at java.base@21.0.8/java.util.concurrent.ThreadPoolExecutor$Worker.run(ThreadPoolExecutor.java:642)
        at java.base@21.0.8/java.lang.Thread.runWith(Thread.java:1596)
        at java.base@21.0.8/java.lang.Thread.run(Thread.java:1583)
"IPC Server handler 14 on default port 15000" daemon prio=5 tid=135 timed_waiting
java.lang.Thread.State: TIMED_WAITING
        at java.base@21.0.8/jdk.internal.misc.Unsafe.park(Native Method)
        at java.base@21.0.8/java.util.concurrent.locks.LockSupport.parkNanos(LockSupport.java:269)
        at java.base@21.0.8/java.util.concurrent.locks.AbstractQueuedSynchronizer$ConditionObject.awaitNanos(AbstractQueuedSynchronizer.java:1763)
        at java.base@21.0.8/java.util.concurrent.LinkedBlockingQueue.poll(LinkedBlockingQueue.java:460)
        at app//org.apache.hadoop.ipc.CallQueueManager.take(CallQueueManager.java:370)
        at app//org.apache.hadoop.ipc.Server$Handler.run(Server.java:3165)
"Session-HouseKeeper-1e5704e3-1"  prio=5 tid=620 timed_waiting
java.lang.Thread.State: TIMED_WAITING
        at java.base@21.0.8/jdk.internal.misc.Unsafe.park(Native Method)
        at java.base@21.0.8/java.util.concurrent.locks.LockSupport.parkNanos(LockSupport.java:269)
        at java.base@21.0.8/java.util.concurrent.locks.AbstractQueuedSynchronizer$ConditionObject.awaitNanos(AbstractQueuedSynchronizer.java:1763)
        at java.base@21.0.8/java.util.concurrent.ScheduledThreadPoolExecutor$DelayedWorkQueue.take(ScheduledThreadPoolExecutor.java:1182)
        at java.base@21.0.8/java.util.concurrent.ScheduledThreadPoolExecutor$DelayedWorkQueue.take(ScheduledThreadPoolExecutor.java:899)
        at java.base@21.0.8/java.util.concurrent.ThreadPoolExecutor.getTask(ThreadPoolExecutor.java:1070)
        at java.base@21.0.8/java.util.concurrent.ThreadPoolExecutor.runWorker(ThreadPoolExecutor.java:1130)
        at java.base@21.0.8/java.util.concurrent.ThreadPoolExecutor$Worker.run(ThreadPoolExecutor.java:642)
        at java.base@21.0.8/java.lang.Thread.runWith(Thread.java:1596)
        at java.base@21.0.8/java.lang.Thread.run(Thread.java:1583)
"IPC Server handler 57 on default port 15001" daemon prio=5 tid=278 timed_waiting
java.lang.Thread.State: TIMED_WAITING
        at java.base@21.0.8/jdk.internal.misc.Unsafe.park(Native Method)
        at java.base@21.0.8/java.util.concurrent.locks.LockSupport.parkNanos(LockSupport.java:269)
        at java.base@21.0.8/java.util.concurrent.locks.AbstractQueuedSynchronizer$ConditionObject.awaitNanos(AbstractQueuedSynchronizer.java:1763)
        at java.base@21.0.8/java.util.concurrent.LinkedBlockingQueue.poll(LinkedBlockingQueue.java:460)
        at app//org.apache.hadoop.ipc.CallQueueManager.take(CallQueueManager.java:370)
        at app//org.apache.hadoop.ipc.Server$Handler.run(Server.java:3165)
"IPC Server handler 84 on default port 15000" daemon prio=5 tid=205 timed_waiting
java.lang.Thread.State: TIMED_WAITING
        at java.base@21.0.8/jdk.internal.misc.Unsafe.park(Native Method)
        at java.base@21.0.8/java.util.concurrent.locks.LockSupport.parkNanos(LockSupport.java:269)
        at java.base@21.0.8/java.util.concurrent.locks.AbstractQueuedSynchronizer$ConditionObject.awaitNanos(AbstractQueuedSynchronizer.java:1763)
        at java.base@21.0.8/java.util.concurrent.LinkedBlockingQueue.poll(LinkedBlockingQueue.java:460)
        at app//org.apache.hadoop.ipc.CallQueueManager.take(CallQueueManager.java:370)
        at app//org.apache.hadoop.ipc.Server$Handler.run(Server.java:3165)
"Socket Reader #2 for port 15006" daemon prio=5 tid=451 runnable
java.lang.Thread.State: RUNNABLE
        at java.base@21.0.8/sun.nio.ch.EPoll.wait(Native Method)
        at java.base@21.0.8/sun.nio.ch.EPollSelectorImpl.doSelect(EPollSelectorImpl.java:121)
        at java.base@21.0.8/sun.nio.ch.SelectorImpl.lockAndDoSelect(SelectorImpl.java:130)
        at java.base@21.0.8/sun.nio.ch.SelectorImpl.select(SelectorImpl.java:147)
        at app//org.apache.hadoop.ipc.Server$Listener$Reader.doRunLoop(Server.java:1497)
        at app//org.apache.hadoop.ipc.Server$Listener$Reader.run(Server.java:1476)
"Socket Reader #3 for port 15001" daemon prio=5 tid=79 runnable
java.lang.Thread.State: RUNNABLE
        at java.base@21.0.8/sun.nio.ch.EPoll.wait(Native Method)
        at java.base@21.0.8/sun.nio.ch.EPollSelectorImpl.doSelect(EPollSelectorImpl.java:121)
        at java.base@21.0.8/sun.nio.ch.SelectorImpl.lockAndDoSelect(SelectorImpl.java:130)
        at java.base@21.0.8/sun.nio.ch.SelectorImpl.select(SelectorImpl.java:147)
        at app//org.apache.hadoop.ipc.Server$Listener$Reader.doRunLoop(Server.java:1497)
        at app//org.apache.hadoop.ipc.Server$Listener$Reader.run(Server.java:1476)
"IPC Server handler 25 on default port 15001" daemon prio=5 tid=246 timed_waiting
java.lang.Thread.State: TIMED_WAITING
        at java.base@21.0.8/jdk.internal.misc.Unsafe.park(Native Method)
        at java.base@21.0.8/java.util.concurrent.locks.LockSupport.parkNanos(LockSupport.java:269)
        at java.base@21.0.8/java.util.concurrent.locks.AbstractQueuedSynchronizer$ConditionObject.awaitNanos(AbstractQueuedSynchronizer.java:1763)
        at java.base@21.0.8/java.util.concurrent.LinkedBlockingQueue.poll(LinkedBlockingQueue.java:460)
        at app//org.apache.hadoop.ipc.CallQueueManager.take(CallQueueManager.java:370)
        at app//org.apache.hadoop.ipc.Server$Handler.run(Server.java:3165)
"IPC Server handler 43 on default port 15002" daemon prio=5 tid=382 timed_waiting
java.lang.Thread.State: TIMED_WAITING
        at java.base@21.0.8/jdk.internal.misc.Unsafe.park(Native Method)
        at java.base@21.0.8/java.util.concurrent.locks.LockSupport.parkNanos(LockSupport.java:269)
        at java.base@21.0.8/java.util.concurrent.locks.AbstractQueuedSynchronizer$ConditionObject.awaitNanos(AbstractQueuedSynchronizer.java:1763)
        at java.base@21.0.8/java.util.concurrent.LinkedBlockingQueue.poll(LinkedBlockingQueue.java:460)
        at app//org.apache.hadoop.ipc.CallQueueManager.take(CallQueueManager.java:370)
        at app//org.apache.hadoop.ipc.Server$Handler.run(Server.java:3165)
"IPC Server handler 76 on default port 15000" daemon prio=5 tid=197 timed_waiting
java.lang.Thread.State: TIMED_WAITING
        at java.base@21.0.8/jdk.internal.misc.Unsafe.park(Native Method)
        at java.base@21.0.8/java.util.concurrent.locks.LockSupport.parkNanos(LockSupport.java:269)
        at java.base@21.0.8/java.util.concurrent.locks.AbstractQueuedSynchronizer$ConditionObject.awaitNanos(AbstractQueuedSynchronizer.java:1763)
        at java.base@21.0.8/java.util.concurrent.LinkedBlockingQueue.poll(LinkedBlockingQueue.java:460)
        at app//org.apache.hadoop.ipc.CallQueueManager.take(CallQueueManager.java:370)
        at app//org.apache.hadoop.ipc.Server$Handler.run(Server.java:3165)
"IPC Server handler 21 on default port 15002" daemon prio=5 tid=360 timed_waiting
java.lang.Thread.State: TIMED_WAITING
        at java.base@21.0.8/jdk.internal.misc.Unsafe.park(Native Method)
        at java.base@21.0.8/java.util.concurrent.locks.LockSupport.parkNanos(LockSupport.java:269)
        at java.base@21.0.8/java.util.concurrent.locks.AbstractQueuedSynchronizer$ConditionObject.awaitNanos(AbstractQueuedSynchronizer.java:1763)
        at java.base@21.0.8/java.util.concurrent.LinkedBlockingQueue.poll(LinkedBlockingQueue.java:460)
        at app//org.apache.hadoop.ipc.CallQueueManager.take(CallQueueManager.java:370)
        at app//org.apache.hadoop.ipc.Server$Handler.run(Server.java:3165)
"IPC Server handler 37 on default port 15002" daemon prio=5 tid=376 timed_waiting
java.lang.Thread.State: TIMED_WAITING
        at java.base@21.0.8/jdk.internal.misc.Unsafe.park(Native Method)
        at java.base@21.0.8/java.util.concurrent.locks.LockSupport.parkNanos(LockSupport.java:269)
        at java.base@21.0.8/java.util.concurrent.locks.AbstractQueuedSynchronizer$ConditionObject.awaitNanos(AbstractQueuedSynchronizer.java:1763)
        at java.base@21.0.8/java.util.concurrent.LinkedBlockingQueue.poll(LinkedBlockingQueue.java:460)
        at app//org.apache.hadoop.ipc.CallQueueManager.take(CallQueueManager.java:370)
        at app//org.apache.hadoop.ipc.Server$Handler.run(Server.java:3165)
"ForkJoinPool-1-worker-3" daemon prio=5 tid=37 in Object.wait()
java.lang.Thread.State: WAITING (on object monitor)
        at java.base@21.0.8/jdk.internal.misc.Unsafe.park(Native Method)
        at java.base@21.0.8/java.util.concurrent.locks.LockSupport.park(LockSupport.java:371)
        at java.base@21.0.8/java.util.concurrent.ForkJoinPool.awaitWork(ForkJoinPool.java:1893)
        at java.base@21.0.8/java.util.concurrent.ForkJoinPool.runWorker(ForkJoinPool.java:1809)
        at java.base@21.0.8/java.util.concurrent.ForkJoinWorkerThread.run(ForkJoinWorkerThread.java:188)
"Session-HouseKeeper-27df68a4-1"  prio=5 tid=574 timed_waiting
java.lang.Thread.State: TIMED_WAITING
        at java.base@21.0.8/jdk.internal.misc.Unsafe.park(Native Method)
        at java.base@21.0.8/java.util.concurrent.locks.LockSupport.parkNanos(LockSupport.java:269)
        at java.base@21.0.8/java.util.concurrent.locks.AbstractQueuedSynchronizer$ConditionObject.awaitNanos(AbstractQueuedSynchronizer.java:1763)
        at java.base@21.0.8/java.util.concurrent.ScheduledThreadPoolExecutor$DelayedWorkQueue.take(ScheduledThreadPoolExecutor.java:1182)
        at java.base@21.0.8/java.util.concurrent.ScheduledThreadPoolExecutor$DelayedWorkQueue.take(ScheduledThreadPoolExecutor.java:899)
        at java.base@21.0.8/java.util.concurrent.ThreadPoolExecutor.getTask(ThreadPoolExecutor.java:1070)
        at java.base@21.0.8/java.util.concurrent.ThreadPoolExecutor.runWorker(ThreadPoolExecutor.java:1130)
        at java.base@21.0.8/java.util.concurrent.ThreadPoolExecutor$Worker.run(ThreadPoolExecutor.java:642)
        at java.base@21.0.8/java.lang.Thread.runWith(Thread.java:1596)
        at java.base@21.0.8/java.lang.Thread.run(Thread.java:1583)
"IPC Server handler 0 on default port 15019" daemon prio=5 tid=589 timed_waiting
java.lang.Thread.State: TIMED_WAITING
        at java.base@21.0.8/jdk.internal.misc.Unsafe.park(Native Method)
        at java.base@21.0.8/java.util.concurrent.locks.LockSupport.parkNanos(LockSupport.java:269)
        at java.base@21.0.8/java.util.concurrent.locks.AbstractQueuedSynchronizer$ConditionObject.awaitNanos(AbstractQueuedSynchronizer.java:1763)
        at java.base@21.0.8/java.util.concurrent.LinkedBlockingQueue.poll(LinkedBlockingQueue.java:460)
        at app//org.apache.hadoop.ipc.CallQueueManager.take(CallQueueManager.java:370)
        at app//org.apache.hadoop.ipc.Server$Handler.run(Server.java:3165)
"IPC Server handler 39 on default port 15001" daemon prio=5 tid=260 timed_waiting
java.lang.Thread.State: TIMED_WAITING
        at java.base@21.0.8/jdk.internal.misc.Unsafe.park(Native Method)
        at java.base@21.0.8/java.util.concurrent.locks.LockSupport.parkNanos(LockSupport.java:269)
        at java.base@21.0.8/java.util.concurrent.locks.AbstractQueuedSynchronizer$ConditionObject.awaitNanos(AbstractQueuedSynchronizer.java:1763)
        at java.base@21.0.8/java.util.concurrent.LinkedBlockingQueue.poll(LinkedBlockingQueue.java:460)
        at app//org.apache.hadoop.ipc.CallQueueManager.take(CallQueueManager.java:370)
        at app//org.apache.hadoop.ipc.Server$Handler.run(Server.java:3165)
"IPC Server handler 54 on default port 15002" daemon prio=5 tid=393 timed_waiting
java.lang.Thread.State: TIMED_WAITING
        at java.base@21.0.8/jdk.internal.misc.Unsafe.park(Native Method)
        at java.base@21.0.8/java.util.concurrent.locks.LockSupport.parkNanos(LockSupport.java:269)
        at java.base@21.0.8/java.util.concurrent.locks.AbstractQueuedSynchronizer$ConditionObject.awaitNanos(AbstractQueuedSynchronizer.java:1763)
        at java.base@21.0.8/java.util.concurrent.LinkedBlockingQueue.poll(LinkedBlockingQueue.java:460)
        at app//org.apache.hadoop.ipc.CallQueueManager.take(CallQueueManager.java:370)
        at app//org.apache.hadoop.ipc.Server$Handler.run(Server.java:3165)
"FixedThreadPoolWithAffinityExecutor-8-0" daemon prio=5 tid=112 timed_waiting
java.lang.Thread.State: TIMED_WAITING
        at java.base@21.0.8/jdk.internal.misc.Unsafe.park(Native Method)
        at java.base@21.0.8/java.util.concurrent.locks.LockSupport.parkNanos(LockSupport.java:269)
        at java.base@21.0.8/java.util.concurrent.locks.AbstractQueuedSynchronizer$ConditionObject.awaitNanos(AbstractQueuedSynchronizer.java:1763)
        at java.base@21.0.8/java.util.concurrent.LinkedBlockingQueue.poll(LinkedBlockingQueue.java:460)
        at app//org.apache.hadoop.hdds.scm.server.ContainerReportQueue.poll(ContainerReportQueue.java:269)
        at app//org.apache.hadoop.hdds.scm.server.ContainerReportQueue.poll(ContainerReportQueue.java:42)
        at app//org.apache.hadoop.hdds.server.events.FixedThreadPoolWithAffinityExecutor$ContainerReportProcessTask.run(FixedThreadPoolWithAffinityExecutor.java:228)
        at java.base@21.0.8/java.util.concurrent.Executors$RunnableAdapter.call(Executors.java:572)
        at java.base@21.0.8/java.util.concurrent.FutureTask.run(FutureTask.java:317)
        at java.base@21.0.8/java.util.concurrent.ThreadPoolExecutor.runWorker(ThreadPoolExecutor.java:1144)
        at java.base@21.0.8/java.util.concurrent.ThreadPoolExecutor$Worker.run(ThreadPoolExecutor.java:642)
        at java.base@21.0.8/java.lang.Thread.runWith(Thread.java:1596)
        at java.base@21.0.8/java.lang.Thread.run(Thread.java:1583)
"IPC Server handler 64 on default port 15002" daemon prio=5 tid=403 timed_waiting
java.lang.Thread.State: TIMED_WAITING
        at java.base@21.0.8/jdk.internal.misc.Unsafe.park(Native Method)
        at java.base@21.0.8/java.util.concurrent.locks.LockSupport.parkNanos(LockSupport.java:269)
        at java.base@21.0.8/java.util.concurrent.locks.AbstractQueuedSynchronizer$ConditionObject.awaitNanos(AbstractQueuedSynchronizer.java:1763)
        at java.base@21.0.8/java.util.concurrent.LinkedBlockingQueue.poll(LinkedBlockingQueue.java:460)
        at app//org.apache.hadoop.ipc.CallQueueManager.take(CallQueueManager.java:370)
        at app//org.apache.hadoop.ipc.Server$Handler.run(Server.java:3165)
"qtp862219833-571" daemon prio=5 tid=571 timed_waiting
java.lang.Thread.State: TIMED_WAITING
        at java.base@21.0.8/jdk.internal.misc.Unsafe.park(Native Method)
        at java.base@21.0.8/java.util.concurrent.locks.LockSupport.parkNanos(LockSupport.java:269)
        at java.base@21.0.8/java.util.concurrent.locks.AbstractQueuedSynchronizer$ConditionObject.awaitNanos(AbstractQueuedSynchronizer.java:1763)
        at app//org.eclipse.jetty.util.BlockingArrayQueue.poll(BlockingArrayQueue.java:382)
        at app//org.eclipse.jetty.util.thread.QueuedThreadPool$Runner.idleJobPoll(QueuedThreadPool.java:974)
        at app//org.eclipse.jetty.util.thread.QueuedThreadPool$Runner.run(QueuedThreadPool.java:1018)
        at java.base@21.0.8/java.lang.Thread.runWith(Thread.java:1596)
        at java.base@21.0.8/java.lang.Thread.run(Thread.java:1583)
"IPC Server Responder" daemon prio=5 tid=587 runnable
java.lang.Thread.State: RUNNABLE
        at java.base@21.0.8/sun.nio.ch.EPoll.wait(Native Method)
        at java.base@21.0.8/sun.nio.ch.EPollSelectorImpl.doSelect(EPollSelectorImpl.java:121)
        at java.base@21.0.8/sun.nio.ch.SelectorImpl.lockAndDoSelect(SelectorImpl.java:130)
        at java.base@21.0.8/sun.nio.ch.SelectorImpl.select(SelectorImpl.java:142)
        at app//org.apache.hadoop.ipc.Server$Responder.doRunLoop(Server.java:1733)
        at app//org.apache.hadoop.ipc.Server$Responder.run(Server.java:1716)
"IPC Server handler 80 on default port 15000" daemon prio=5 tid=201 timed_waiting
java.lang.Thread.State: TIMED_WAITING
        at java.base@21.0.8/jdk.internal.misc.Unsafe.park(Native Method)
        at java.base@21.0.8/java.util.concurrent.locks.LockSupport.parkNanos(LockSupport.java:269)
        at java.base@21.0.8/java.util.concurrent.locks.AbstractQueuedSynchronizer$ConditionObject.awaitNanos(AbstractQueuedSynchronizer.java:1763)
        at java.base@21.0.8/java.util.concurrent.LinkedBlockingQueue.poll(LinkedBlockingQueue.java:460)
        at app//org.apache.hadoop.ipc.CallQueueManager.take(CallQueueManager.java:370)
        at app//org.apache.hadoop.ipc.Server$Handler.run(Server.java:3165)
"JvmPauseMonitor5" daemon prio=5 tid=804 timed_waiting
java.lang.Thread.State: TIMED_WAITING
        at java.base@21.0.8/java.lang.Thread.sleep0(Native Method)
        at java.base@21.0.8/java.lang.Thread.sleep(Thread.java:558)
        at java.base@21.0.8/java.util.concurrent.TimeUnit.sleep(TimeUnit.java:446)
        at app//org.apache.ratis.util.TimeDuration.sleep(TimeDuration.java:353)
        at app//org.apache.ratis.util.TimeDuration.sleep(TimeDuration.java:338)
        at app//org.apache.ratis.util.JvmPauseMonitor.detectPause(JvmPauseMonitor.java:160)
        at app//org.apache.ratis.util.JvmPauseMonitor.run(JvmPauseMonitor.java:149)
        at app//org.apache.ratis.util.JvmPauseMonitor$$Lambda/0x00007fd1ac3b8ac8.run(Unknown Source)
        at java.base@21.0.8/java.lang.Thread.runWith(Thread.java:1596)
        at java.base@21.0.8/java.lang.Thread.run(Thread.java:1583)
"IPC Server handler 29 on default port 15002" daemon prio=5 tid=368 timed_waiting
java.lang.Thread.State: TIMED_WAITING
        at java.base@21.0.8/jdk.internal.misc.Unsafe.park(Native Method)
        at java.base@21.0.8/java.util.concurrent.locks.LockSupport.parkNanos(LockSupport.java:269)
        at java.base@21.0.8/java.util.concurrent.locks.AbstractQueuedSynchronizer$ConditionObject.awaitNanos(AbstractQueuedSynchronizer.java:1763)
        at java.base@21.0.8/java.util.concurrent.LinkedBlockingQueue.poll(LinkedBlockingQueue.java:460)
        at app//org.apache.hadoop.ipc.CallQueueManager.take(CallQueueManager.java:370)
        at app//org.apache.hadoop.ipc.Server$Handler.run(Server.java:3165)
"IPC Server handler 40 on default port 15002" daemon prio=5 tid=379 timed_waiting
java.lang.Thread.State: TIMED_WAITING
        at java.base@21.0.8/jdk.internal.misc.Unsafe.park(Native Method)
        at java.base@21.0.8/java.util.concurrent.locks.LockSupport.parkNanos(LockSupport.java:269)
        at java.base@21.0.8/java.util.concurrent.locks.AbstractQueuedSynchronizer$ConditionObject.awaitNanos(AbstractQueuedSynchronizer.java:1763)
        at java.base@21.0.8/java.util.concurrent.LinkedBlockingQueue.poll(LinkedBlockingQueue.java:460)
        at app//org.apache.hadoop.ipc.CallQueueManager.take(CallQueueManager.java:370)
        at app//org.apache.hadoop.ipc.Server$Handler.run(Server.java:3165)
"IPC Server handler 18 on default port 15002" daemon prio=5 tid=357 timed_waiting
java.lang.Thread.State: TIMED_WAITING
        at java.base@21.0.8/jdk.internal.misc.Unsafe.park(Native Method)
        at java.base@21.0.8/java.util.concurrent.locks.LockSupport.parkNanos(LockSupport.java:269)
        at java.base@21.0.8/java.util.concurrent.locks.AbstractQueuedSynchronizer$ConditionObject.awaitNanos(AbstractQueuedSynchronizer.java:1763)
        at java.base@21.0.8/java.util.concurrent.LinkedBlockingQueue.poll(LinkedBlockingQueue.java:460)
        at app//org.apache.hadoop.ipc.CallQueueManager.take(CallQueueManager.java:370)
        at app//org.apache.hadoop.ipc.Server$Handler.run(Server.java:3165)
"IPC Server handler 79 on default port 15002" daemon prio=5 tid=418 timed_waiting
java.lang.Thread.State: TIMED_WAITING
        at java.base@21.0.8/jdk.internal.misc.Unsafe.park(Native Method)
        at java.base@21.0.8/java.util.concurrent.locks.LockSupport.parkNanos(LockSupport.java:269)
        at java.base@21.0.8/java.util.concurrent.locks.AbstractQueuedSynchronizer$ConditionObject.awaitNanos(AbstractQueuedSynchronizer.java:1763)
        at java.base@21.0.8/java.util.concurrent.LinkedBlockingQueue.poll(LinkedBlockingQueue.java:460)
        at app//org.apache.hadoop.ipc.CallQueueManager.take(CallQueueManager.java:370)
        at app//org.apache.hadoop.ipc.Server$Handler.run(Server.java:3165)
"qtp1507617108-328" daemon prio=5 tid=328 timed_waiting
java.lang.Thread.State: TIMED_WAITING
        at java.base@21.0.8/jdk.internal.misc.Unsafe.park(Native Method)
        at java.base@21.0.8/java.util.concurrent.locks.LockSupport.parkNanos(LockSupport.java:269)
        at java.base@21.0.8/java.util.concurrent.locks.AbstractQueuedSynchronizer$ConditionObject.awaitNanos(AbstractQueuedSynchronizer.java:1763)
        at app//org.eclipse.jetty.util.BlockingArrayQueue.poll(BlockingArrayQueue.java:382)
        at app//org.eclipse.jetty.util.thread.QueuedThreadPool$Runner.idleJobPoll(QueuedThreadPool.java:974)
        at app//org.eclipse.jetty.util.thread.QueuedThreadPool$Runner.run(QueuedThreadPool.java:1018)
        at java.base@21.0.8/java.lang.Thread.runWith(Thread.java:1596)
        at java.base@21.0.8/java.lang.Thread.run(Thread.java:1583)
"pool-168-thread-1"  prio=5 tid=663 timed_waiting
java.lang.Thread.State: TIMED_WAITING
        at java.base@21.0.8/jdk.internal.misc.Unsafe.park(Native Method)
        at java.base@21.0.8/java.util.concurrent.locks.LockSupport.parkNanos(LockSupport.java:269)
        at java.base@21.0.8/java.util.concurrent.locks.AbstractQueuedSynchronizer$ConditionObject.awaitNanos(AbstractQueuedSynchronizer.java:1763)
        at java.base@21.0.8/java.util.concurrent.ScheduledThreadPoolExecutor$DelayedWorkQueue.take(ScheduledThreadPoolExecutor.java:1182)
        at java.base@21.0.8/java.util.concurrent.ScheduledThreadPoolExecutor$DelayedWorkQueue.take(ScheduledThreadPoolExecutor.java:899)
        at java.base@21.0.8/java.util.concurrent.ThreadPoolExecutor.getTask(ThreadPoolExecutor.java:1070)
        at java.base@21.0.8/java.util.concurrent.ThreadPoolExecutor.runWorker(ThreadPoolExecutor.java:1130)
        at java.base@21.0.8/java.util.concurrent.ThreadPoolExecutor$Worker.run(ThreadPoolExecutor.java:642)
        at java.base@21.0.8/java.lang.Thread.runWith(Thread.java:1596)
        at java.base@21.0.8/java.lang.Thread.run(Thread.java:1583)
"IPC Server handler 49 on default port 15001" daemon prio=5 tid=270 timed_waiting
java.lang.Thread.State: TIMED_WAITING
        at java.base@21.0.8/jdk.internal.misc.Unsafe.park(Native Method)
        at java.base@21.0.8/java.util.concurrent.locks.LockSupport.parkNanos(LockSupport.java:269)
        at java.base@21.0.8/java.util.concurrent.locks.AbstractQueuedSynchronizer$ConditionObject.awaitNanos(AbstractQueuedSynchronizer.java:1763)
        at java.base@21.0.8/java.util.concurrent.LinkedBlockingQueue.poll(LinkedBlockingQueue.java:460)
        at app//org.apache.hadoop.ipc.CallQueueManager.take(CallQueueManager.java:370)
        at app//org.apache.hadoop.ipc.Server$Handler.run(Server.java:3165)
"Socket Reader #2 for port 15019" daemon prio=5 tid=577 runnable
java.lang.Thread.State: RUNNABLE
        at java.base@21.0.8/sun.nio.ch.EPoll.wait(Native Method)
        at java.base@21.0.8/sun.nio.ch.EPollSelectorImpl.doSelect(EPollSelectorImpl.java:121)
        at java.base@21.0.8/sun.nio.ch.SelectorImpl.lockAndDoSelect(SelectorImpl.java:130)
        at java.base@21.0.8/sun.nio.ch.SelectorImpl.select(SelectorImpl.java:147)
        at app//org.apache.hadoop.ipc.Server$Listener$Reader.doRunLoop(Server.java:1497)
        at app//org.apache.hadoop.ipc.Server$Listener$Reader.run(Server.java:1476)
"18da7ee6-49f7-45ee-8090-861a49f32d36-ChunkWriter-2-0" daemon prio=5 tid=802 in Object.wait()
java.lang.Thread.State: WAITING (on object monitor)
        at java.base@21.0.8/jdk.internal.misc.Unsafe.park(Native Method)
        at java.base@21.0.8/java.util.concurrent.locks.LockSupport.park(LockSupport.java:371)
        at java.base@21.0.8/java.util.concurrent.locks.AbstractQueuedSynchronizer$ConditionNode.block(AbstractQueuedSynchronizer.java:519)
        at java.base@21.0.8/java.util.concurrent.ForkJoinPool.unmanagedBlock(ForkJoinPool.java:3780)
        at java.base@21.0.8/java.util.concurrent.ForkJoinPool.managedBlock(ForkJoinPool.java:3725)
        at java.base@21.0.8/java.util.concurrent.locks.AbstractQueuedSynchronizer$ConditionObject.await(AbstractQueuedSynchronizer.java:1712)
        at java.base@21.0.8/java.util.concurrent.LinkedBlockingDeque.takeFirst(LinkedBlockingDeque.java:485)
        at java.base@21.0.8/java.util.concurrent.LinkedBlockingDeque.take(LinkedBlockingDeque.java:673)
        at java.base@21.0.8/java.util.concurrent.ThreadPoolExecutor.getTask(ThreadPoolExecutor.java:1070)
        at java.base@21.0.8/java.util.concurrent.ThreadPoolExecutor.runWorker(ThreadPoolExecutor.java:1130)
        at java.base@21.0.8/java.util.concurrent.ThreadPoolExecutor$Worker.run(ThreadPoolExecutor.java:642)
        at java.base@21.0.8/java.lang.Thread.runWith(Thread.java:1596)
        at java.base@21.0.8/java.lang.Thread.run(Thread.java:1583)
"grpc-default-worker-ELG-3-1" daemon prio=5 tid=868 runnable
java.lang.Thread.State: RUNNABLE
        at app//org.apache.ratis.thirdparty.io.netty.channel.epoll.Native.epollWait0(Native Method)
        at app//org.apache.ratis.thirdparty.io.netty.channel.epoll.Native.epollWait(Native.java:193)
        at app//org.apache.ratis.thirdparty.io.netty.channel.epoll.EpollEventLoop.epollWait(EpollEventLoop.java:304)
        at app//org.apache.ratis.thirdparty.io.netty.channel.epoll.EpollEventLoop.run(EpollEventLoop.java:368)
        at app//org.apache.ratis.thirdparty.io.netty.util.concurrent.SingleThreadEventExecutor$4.run(SingleThreadEventExecutor.java:998)
        at app//org.apache.ratis.thirdparty.io.netty.util.internal.ThreadExecutorMap$2.run(ThreadExecutorMap.java:74)
        at app//org.apache.ratis.thirdparty.io.netty.util.concurrent.FastThreadLocalRunnable.run(FastThreadLocalRunnable.java:30)
        at java.base@21.0.8/java.lang.Thread.runWith(Thread.java:1596)
        at java.base@21.0.8/java.lang.Thread.run(Thread.java:1583)
"IPC Server handler 62 on default port 15001" daemon prio=5 tid=283 timed_waiting
java.lang.Thread.State: TIMED_WAITING
        at java.base@21.0.8/jdk.internal.misc.Unsafe.park(Native Method)
        at java.base@21.0.8/java.util.concurrent.locks.LockSupport.parkNanos(LockSupport.java:269)
        at java.base@21.0.8/java.util.concurrent.locks.AbstractQueuedSynchronizer$ConditionObject.awaitNanos(AbstractQueuedSynchronizer.java:1763)
        at java.base@21.0.8/java.util.concurrent.LinkedBlockingQueue.poll(LinkedBlockingQueue.java:460)
        at app//org.apache.hadoop.ipc.CallQueueManager.take(CallQueueManager.java:370)
        at app//org.apache.hadoop.ipc.Server$Handler.run(Server.java:3165)
"IPC Server handler 6 on default port 15006" daemon prio=5 tid=498 timed_waiting
java.lang.Thread.State: TIMED_WAITING
        at java.base@21.0.8/jdk.internal.misc.Unsafe.park(Native Method)
        at java.base@21.0.8/java.util.concurrent.locks.LockSupport.parkNanos(LockSupport.java:269)
        at java.base@21.0.8/java.util.concurrent.locks.AbstractQueuedSynchronizer$ConditionObject.awaitNanos(AbstractQueuedSynchronizer.java:1763)
        at java.base@21.0.8/java.util.concurrent.LinkedBlockingQueue.poll(LinkedBlockingQueue.java:460)
        at app//org.apache.hadoop.ipc.CallQueueManager.take(CallQueueManager.java:370)
        at app//org.apache.hadoop.ipc.Server$Handler.run(Server.java:3165)
"ContainerDataScanner(/home/runner/work/ozone/ozone/hadoop-ozone/integration-test/target/test-dir/MiniOzoneClusterImpl-871b4ddd-f672-4be1-b73a-1629492f36a3/ozone-metadata/datanode-4/data-0/hdds)" daemon prio=5 tid=818 timed_waiting
java.lang.Thread.State: TIMED_WAITING
        at java.base@21.0.8/java.lang.Thread.sleep0(Native Method)
        at java.base@21.0.8/java.lang.Thread.sleep(Thread.java:509)
        at app//org.apache.hadoop.ozone.container.ozoneimpl.AbstractBackgroundContainerScanner.handleRemainingSleep(AbstractBackgroundContainerScanner.java:133)
        at app//org.apache.hadoop.ozone.container.ozoneimpl.AbstractBackgroundContainerScanner.runIteration(AbstractBackgroundContainerScanner.java:100)
        at app//org.apache.hadoop.ozone.container.ozoneimpl.AbstractBackgroundContainerScanner.run(AbstractBackgroundContainerScanner.java:59)
        at java.base@21.0.8/java.lang.Thread.runWith(Thread.java:1596)
        at java.base@21.0.8/java.lang.Thread.run(Thread.java:1583)
"IPC Server handler 92 on default port 15002" daemon prio=5 tid=431 timed_waiting
java.lang.Thread.State: TIMED_WAITING
        at java.base@21.0.8/jdk.internal.misc.Unsafe.park(Native Method)
        at java.base@21.0.8/java.util.concurrent.locks.LockSupport.parkNanos(LockSupport.java:269)
        at java.base@21.0.8/java.util.concurrent.locks.AbstractQueuedSynchronizer$ConditionObject.awaitNanos(AbstractQueuedSynchronizer.java:1763)
        at java.base@21.0.8/java.util.concurrent.LinkedBlockingQueue.poll(LinkedBlockingQueue.java:460)
        at app//org.apache.hadoop.ipc.CallQueueManager.take(CallQueueManager.java:370)
        at app//org.apache.hadoop.ipc.Server$Handler.run(Server.java:3165)
"25d9f169-1c9e-47c6-a2a2-d20fb3c5fda2-DatanodeStateMachineTaskThread-1"  prio=5 tid=811 in Object.wait()
java.lang.Thread.State: WAITING (on object monitor)
        at java.base@21.0.8/jdk.internal.misc.Unsafe.park(Native Method)
        at java.base@21.0.8/java.util.concurrent.locks.LockSupport.park(LockSupport.java:371)
        at java.base@21.0.8/java.util.concurrent.locks.AbstractQueuedSynchronizer$ConditionNode.block(AbstractQueuedSynchronizer.java:519)
        at java.base@21.0.8/java.util.concurrent.ForkJoinPool.unmanagedBlock(ForkJoinPool.java:3780)
        at java.base@21.0.8/java.util.concurrent.ForkJoinPool.managedBlock(ForkJoinPool.java:3725)
        at java.base@21.0.8/java.util.concurrent.locks.AbstractQueuedSynchronizer$ConditionObject.await(AbstractQueuedSynchronizer.java:1712)
        at java.base@21.0.8/java.util.concurrent.LinkedBlockingQueue.take(LinkedBlockingQueue.java:435)
        at java.base@21.0.8/java.util.concurrent.ThreadPoolExecutor.getTask(ThreadPoolExecutor.java:1070)
        at java.base@21.0.8/java.util.concurrent.ThreadPoolExecutor.runWorker(ThreadPoolExecutor.java:1130)
        at java.base@21.0.8/java.util.concurrent.ThreadPoolExecutor$Worker.run(ThreadPoolExecutor.java:642)
        at java.base@21.0.8/java.lang.Thread.runWith(Thread.java:1596)
        at java.base@21.0.8/java.lang.Thread.run(Thread.java:1583)
"IPC Parameter Sending Thread for 0.0.0.0/0.0.0.0:15000" daemon prio=5 tid=1014 timed_waiting
java.lang.Thread.State: TIMED_WAITING
        at java.base@21.0.8/jdk.internal.misc.Unsafe.park(Native Method)
        at java.base@21.0.8/java.util.concurrent.locks.LockSupport.parkNanos(LockSupport.java:410)
        at java.base@21.0.8/java.util.concurrent.LinkedTransferQueue$DualNode.await(LinkedTransferQueue.java:452)
        at java.base@21.0.8/java.util.concurrent.LinkedTransferQueue.xfer(LinkedTransferQueue.java:613)
        at java.base@21.0.8/java.util.concurrent.SynchronousQueue.xfer(SynchronousQueue.java:235)
        at java.base@21.0.8/java.util.concurrent.SynchronousQueue.poll(SynchronousQueue.java:338)
        at app//org.apache.hadoop.ipc.Client$Connection$RpcRequestSender.run(Client.java:1121)
        at java.base@21.0.8/java.lang.Thread.runWith(Thread.java:1596)
        at java.base@21.0.8/java.lang.Thread.run(Thread.java:1583)
"IPC Server handler 97 on default port 15000" daemon prio=5 tid=218 timed_waiting
java.lang.Thread.State: TIMED_WAITING
        at java.base@21.0.8/jdk.internal.misc.Unsafe.park(Native Method)
        at java.base@21.0.8/java.util.concurrent.locks.LockSupport.parkNanos(LockSupport.java:269)
        at java.base@21.0.8/java.util.concurrent.locks.AbstractQueuedSynchronizer$ConditionObject.awaitNanos(AbstractQueuedSynchronizer.java:1763)
        at java.base@21.0.8/java.util.concurrent.LinkedBlockingQueue.poll(LinkedBlockingQueue.java:460)
        at app//org.apache.hadoop.ipc.CallQueueManager.take(CallQueueManager.java:370)
        at app//org.apache.hadoop.ipc.Server$Handler.run(Server.java:3165)
"IPC Server Responder" daemon prio=5 tid=703 runnable
java.lang.Thread.State: RUNNABLE
        at java.base@21.0.8/sun.nio.ch.EPoll.wait(Native Method)
        at java.base@21.0.8/sun.nio.ch.EPollSelectorImpl.doSelect(EPollSelectorImpl.java:121)
        at java.base@21.0.8/sun.nio.ch.SelectorImpl.lockAndDoSelect(SelectorImpl.java:130)
        at java.base@21.0.8/sun.nio.ch.SelectorImpl.select(SelectorImpl.java:142)
        at app//org.apache.hadoop.ipc.Server$Responder.doRunLoop(Server.java:1733)
        at app//org.apache.hadoop.ipc.Server$Responder.run(Server.java:1716)
"Notification Thread" daemon prio=9 tid=22 runnable
java.lang.Thread.State: RUNNABLE
"surefire-forkedjvm-command-thread" daemon prio=5 tid=25 runnable
java.lang.Thread.State: RUNNABLE
        at java.base@21.0.8/java.io.FileInputStream.readBytes(Native Method)
        at java.base@21.0.8/java.io.FileInputStream.read(FileInputStream.java:287)
        at java.base@21.0.8/java.io.BufferedInputStream.read1(BufferedInputStream.java:345)
        at java.base@21.0.8/java.io.BufferedInputStream.implRead(BufferedInputStream.java:420)
        at java.base@21.0.8/java.io.BufferedInputStream.read(BufferedInputStream.java:399)
        at java.base@21.0.8/java.io.BufferedInputStream.fill(BufferedInputStream.java:291)
        at java.base@21.0.8/java.io.BufferedInputStream.read1(BufferedInputStream.java:347)
        at java.base@21.0.8/java.io.BufferedInputStream.implRead(BufferedInputStream.java:420)
        at java.base@21.0.8/java.io.BufferedInputStream.read(BufferedInputStream.java:399)
        at app//org.apache.maven.surefire.api.util.internal.Channels$3.readImpl(Channels.java:169)
        at app//org.apache.maven.surefire.api.util.internal.AbstractNoninterruptibleReadableChannel.read(AbstractNoninterruptibleReadableChannel.java:50)
        at app//org.apache.maven.surefire.api.stream.AbstractStreamDecoder.read(AbstractStreamDecoder.java:430)
        at app//org.apache.maven.surefire.api.stream.AbstractStreamDecoder.read(AbstractStreamDecoder.java:419)
        at app//org.apache.maven.surefire.api.stream.AbstractStreamDecoder.readMessageType(AbstractStreamDecoder.java:116)
        at app//org.apache.maven.surefire.booter.stream.CommandDecoder.decode(CommandDecoder.java:77)
        at app//org.apache.maven.surefire.booter.spi.CommandChannelDecoder.decode(CommandChannelDecoder.java:60)
        at app//org.apache.maven.surefire.booter.CommandReader$CommandRunnable.run(CommandReader.java:290)
        at java.base@21.0.8/java.lang.Thread.runWith(Thread.java:1596)
        at java.base@21.0.8/java.lang.Thread.run(Thread.java:1583)
"IPC Server handler 9 on default port 15002" daemon prio=5 tid=348 timed_waiting
java.lang.Thread.State: TIMED_WAITING
        at java.base@21.0.8/jdk.internal.misc.Unsafe.park(Native Method)
        at java.base@21.0.8/java.util.concurrent.locks.LockSupport.parkNanos(LockSupport.java:269)
        at java.base@21.0.8/java.util.concurrent.locks.AbstractQueuedSynchronizer$ConditionObject.awaitNanos(AbstractQueuedSynchronizer.java:1763)
        at java.base@21.0.8/java.util.concurrent.LinkedBlockingQueue.poll(LinkedBlockingQueue.java:460)
        at app//org.apache.hadoop.ipc.CallQueueManager.take(CallQueueManager.java:370)
        at app//org.apache.hadoop.ipc.Server$Handler.run(Server.java:3165)
"IPC Server handler 85 on default port 15001" daemon prio=5 tid=306 timed_waiting
java.lang.Thread.State: TIMED_WAITING
        at java.base@21.0.8/jdk.internal.misc.Unsafe.park(Native Method)
        at java.base@21.0.8/java.util.concurrent.locks.LockSupport.parkNanos(LockSupport.java:269)
        at java.base@21.0.8/java.util.concurrent.locks.AbstractQueuedSynchronizer$ConditionObject.awaitNanos(AbstractQueuedSynchronizer.java:1763)
        at java.base@21.0.8/java.util.concurrent.LinkedBlockingQueue.poll(LinkedBlockingQueue.java:460)
        at app//org.apache.hadoop.ipc.CallQueueManager.take(CallQueueManager.java:370)
        at app//org.apache.hadoop.ipc.Server$Handler.run(Server.java:3165)
"IPC Server handler 5 on default port 15043" daemon prio=5 tid=785 timed_waiting
java.lang.Thread.State: TIMED_WAITING
        at java.base@21.0.8/jdk.internal.misc.Unsafe.park(Native Method)
        at java.base@21.0.8/java.util.concurrent.locks.LockSupport.parkNanos(LockSupport.java:269)
        at java.base@21.0.8/java.util.concurrent.locks.AbstractQueuedSynchronizer$ConditionObject.awaitNanos(AbstractQueuedSynchronizer.java:1763)
        at java.base@21.0.8/java.util.concurrent.LinkedBlockingQueue.poll(LinkedBlockingQueue.java:460)
        at app//org.apache.hadoop.ipc.CallQueueManager.take(CallQueueManager.java:370)
        at app//org.apache.hadoop.ipc.Server$Handler.run(Server.java:3165)
"25d9f169-1c9e-47c6-a2a2-d20fb3c5fda2-DatanodeReportManager-3" daemon prio=5 tid=719 timed_waiting
java.lang.Thread.State: TIMED_WAITING
        at java.base@21.0.8/jdk.internal.misc.Unsafe.park(Native Method)
        at java.base@21.0.8/java.util.concurrent.locks.LockSupport.parkNanos(LockSupport.java:269)
        at java.base@21.0.8/java.util.concurrent.locks.AbstractQueuedSynchronizer$ConditionObject.awaitNanos(AbstractQueuedSynchronizer.java:1763)
        at java.base@21.0.8/java.util.concurrent.ScheduledThreadPoolExecutor$DelayedWorkQueue.take(ScheduledThreadPoolExecutor.java:1182)
        at java.base@21.0.8/java.util.concurrent.ScheduledThreadPoolExecutor$DelayedWorkQueue.take(ScheduledThreadPoolExecutor.java:899)
        at java.base@21.0.8/java.util.concurrent.ThreadPoolExecutor.getTask(ThreadPoolExecutor.java:1070)
        at java.base@21.0.8/java.util.concurrent.ThreadPoolExecutor.runWorker(ThreadPoolExecutor.java:1130)
        at java.base@21.0.8/java.util.concurrent.ThreadPoolExecutor$Worker.run(ThreadPoolExecutor.java:642)
        at java.base@21.0.8/java.lang.Thread.runWith(Thread.java:1596)
        at java.base@21.0.8/java.lang.Thread.run(Thread.java:1583)
"07f651f6-8f87-47bb-8f69-34e194401a37@group-1629492F36A3-LeaderStateImpl" daemon prio=5 tid=337 timed_waiting
java.lang.Thread.State: TIMED_WAITING
        at java.base@21.0.8/jdk.internal.misc.Unsafe.park(Native Method)
        at java.base@21.0.8/java.util.concurrent.locks.LockSupport.parkNanos(LockSupport.java:269)
        at java.base@21.0.8/java.util.concurrent.locks.AbstractQueuedSynchronizer$ConditionObject.awaitNanos(AbstractQueuedSynchronizer.java:1763)
        at java.base@21.0.8/java.util.concurrent.ArrayBlockingQueue.poll(ArrayBlockingQueue.java:435)
        at app//org.apache.ratis.server.impl.LeaderStateImpl$EventQueue.poll(LeaderStateImpl.java:168)
        at app//org.apache.ratis.server.impl.LeaderStateImpl$EventProcessor.run(LeaderStateImpl.java:761)
"IPC Server handler 66 on default port 15002" daemon prio=5 tid=405 timed_waiting
java.lang.Thread.State: TIMED_WAITING
        at java.base@21.0.8/jdk.internal.misc.Unsafe.park(Native Method)
        at java.base@21.0.8/java.util.concurrent.locks.LockSupport.parkNanos(LockSupport.java:269)
        at java.base@21.0.8/java.util.concurrent.locks.AbstractQueuedSynchronizer$ConditionObject.awaitNanos(AbstractQueuedSynchronizer.java:1763)
        at java.base@21.0.8/java.util.concurrent.LinkedBlockingQueue.poll(LinkedBlockingQueue.java:460)
        at app//org.apache.hadoop.ipc.CallQueueManager.take(CallQueueManager.java:370)
        at app//org.apache.hadoop.ipc.Server$Handler.run(Server.java:3165)
"qtp976208765-619" daemon prio=5 tid=619 timed_waiting
java.lang.Thread.State: TIMED_WAITING
        at java.base@21.0.8/jdk.internal.misc.Unsafe.park(Native Method)
        at java.base@21.0.8/java.util.concurrent.locks.LockSupport.parkNanos(LockSupport.java:269)
        at java.base@21.0.8/java.util.concurrent.locks.AbstractQueuedSynchronizer$ConditionObject.awaitNanos(AbstractQueuedSynchronizer.java:1763)
        at app//org.eclipse.jetty.util.BlockingArrayQueue.poll(BlockingArrayQueue.java:382)
        at app//org.eclipse.jetty.util.thread.QueuedThreadPool$Runner.idleJobPoll(QueuedThreadPool.java:974)
        at app//org.eclipse.jetty.util.thread.QueuedThreadPool$Runner.run(QueuedThreadPool.java:1018)
        at java.base@21.0.8/java.lang.Thread.runWith(Thread.java:1596)
        at java.base@21.0.8/java.lang.Thread.run(Thread.java:1583)
"IPC Server handler 24 on default port 15000" daemon prio=5 tid=145 timed_waiting
java.lang.Thread.State: TIMED_WAITING
        at java.base@21.0.8/jdk.internal.misc.Unsafe.park(Native Method)
        at java.base@21.0.8/java.util.concurrent.locks.LockSupport.parkNanos(LockSupport.java:269)
        at java.base@21.0.8/java.util.concurrent.locks.AbstractQueuedSynchronizer$ConditionObject.awaitNanos(AbstractQueuedSynchronizer.java:1763)
        at java.base@21.0.8/java.util.concurrent.LinkedBlockingQueue.poll(LinkedBlockingQueue.java:460)
        at app//org.apache.hadoop.ipc.CallQueueManager.take(CallQueueManager.java:370)
        at app//org.apache.hadoop.ipc.Server$Handler.run(Server.java:3165)
"IPC Server handler 59 on default port 15002" daemon prio=5 tid=398 timed_waiting
java.lang.Thread.State: TIMED_WAITING
        at java.base@21.0.8/jdk.internal.misc.Unsafe.park(Native Method)
        at java.base@21.0.8/java.util.concurrent.locks.LockSupport.parkNanos(LockSupport.java:269)
        at java.base@21.0.8/java.util.concurrent.locks.AbstractQueuedSynchronizer$ConditionObject.awaitNanos(AbstractQueuedSynchronizer.java:1763)
        at java.base@21.0.8/java.util.concurrent.LinkedBlockingQueue.poll(LinkedBlockingQueue.java:460)
        at app//org.apache.hadoop.ipc.CallQueueManager.take(CallQueueManager.java:370)
        at app//org.apache.hadoop.ipc.Server$Handler.run(Server.java:3165)
"Socket Reader #8 for port 15001" daemon prio=5 tid=84 runnable
java.lang.Thread.State: RUNNABLE
        at java.base@21.0.8/sun.nio.ch.EPoll.wait(Native Method)
        at java.base@21.0.8/sun.nio.ch.EPollSelectorImpl.doSelect(EPollSelectorImpl.java:121)
        at java.base@21.0.8/sun.nio.ch.SelectorImpl.lockAndDoSelect(SelectorImpl.java:130)
        at java.base@21.0.8/sun.nio.ch.SelectorImpl.select(SelectorImpl.java:147)
        at app//org.apache.hadoop.ipc.Server$Listener$Reader.doRunLoop(Server.java:1497)
        at app//org.apache.hadoop.ipc.Server$Listener$Reader.run(Server.java:1476)
"EventQueue-NodeRegistrationContainerReportForDataNodeSafeModeRule" daemon prio=5 tid=758 in Object.wait()
java.lang.Thread.State: WAITING (on object monitor)
        at java.base@21.0.8/jdk.internal.misc.Unsafe.park(Native Method)
        at java.base@21.0.8/java.util.concurrent.locks.LockSupport.park(LockSupport.java:371)
        at java.base@21.0.8/java.util.concurrent.locks.AbstractQueuedSynchronizer$ConditionNode.block(AbstractQueuedSynchronizer.java:519)
        at java.base@21.0.8/java.util.concurrent.ForkJoinPool.unmanagedBlock(ForkJoinPool.java:3780)
        at java.base@21.0.8/java.util.concurrent.ForkJoinPool.managedBlock(ForkJoinPool.java:3725)
        at java.base@21.0.8/java.util.concurrent.locks.AbstractQueuedSynchronizer$ConditionObject.await(AbstractQueuedSynchronizer.java:1712)
        at java.base@21.0.8/java.util.concurrent.LinkedBlockingQueue.take(LinkedBlockingQueue.java:435)
        at java.base@21.0.8/java.util.concurrent.ThreadPoolExecutor.getTask(ThreadPoolExecutor.java:1070)
        at java.base@21.0.8/java.util.concurrent.ThreadPoolExecutor.runWorker(ThreadPoolExecutor.java:1130)
        at java.base@21.0.8/java.util.concurrent.ThreadPoolExecutor$Worker.run(ThreadPoolExecutor.java:642)
        at java.base@21.0.8/java.lang.Thread.runWith(Thread.java:1596)
        at java.base@21.0.8/java.lang.Thread.run(Thread.java:1583)
"EventQueue-DatanodeCommandForSCMNodeManager"  prio=5 tid=767 in Object.wait()
java.lang.Thread.State: WAITING (on object monitor)
        at java.base@21.0.8/jdk.internal.misc.Unsafe.park(Native Method)
        at java.base@21.0.8/java.util.concurrent.locks.LockSupport.park(LockSupport.java:371)
        at java.base@21.0.8/java.util.concurrent.locks.AbstractQueuedSynchronizer$ConditionNode.block(AbstractQueuedSynchronizer.java:519)
        at java.base@21.0.8/java.util.concurrent.ForkJoinPool.unmanagedBlock(ForkJoinPool.java:3780)
        at java.base@21.0.8/java.util.concurrent.ForkJoinPool.managedBlock(ForkJoinPool.java:3725)
        at java.base@21.0.8/java.util.concurrent.locks.AbstractQueuedSynchronizer$ConditionObject.await(AbstractQueuedSynchronizer.java:1712)
        at java.base@21.0.8/java.util.concurrent.LinkedBlockingQueue.take(LinkedBlockingQueue.java:435)
        at java.base@21.0.8/java.util.concurrent.ThreadPoolExecutor.getTask(ThreadPoolExecutor.java:1070)
        at java.base@21.0.8/java.util.concurrent.ThreadPoolExecutor.runWorker(ThreadPoolExecutor.java:1130)
        at java.base@21.0.8/java.util.concurrent.ThreadPoolExecutor$Worker.run(ThreadPoolExecutor.java:642)
        at java.base@21.0.8/java.lang.Thread.runWith(Thread.java:1596)
        at java.base@21.0.8/java.lang.Thread.run(Thread.java:1583)
"IPC Server handler 20 on default port 15000" daemon prio=5 tid=141 timed_waiting
java.lang.Thread.State: TIMED_WAITING
        at java.base@21.0.8/jdk.internal.misc.Unsafe.park(Native Method)
        at java.base@21.0.8/java.util.concurrent.locks.LockSupport.parkNanos(LockSupport.java:269)
        at java.base@21.0.8/java.util.concurrent.locks.AbstractQueuedSynchronizer$ConditionObject.awaitNanos(AbstractQueuedSynchronizer.java:1763)
        at java.base@21.0.8/java.util.concurrent.LinkedBlockingQueue.poll(LinkedBlockingQueue.java:460)
        at app//org.apache.hadoop.ipc.CallQueueManager.take(CallQueueManager.java:370)
        at app//org.apache.hadoop.ipc.Server$Handler.run(Server.java:3165)
"IPC Server handler 0 on default port 15002" daemon prio=5 tid=339 timed_waiting
java.lang.Thread.State: TIMED_WAITING
        at java.base@21.0.8/jdk.internal.misc.Unsafe.park(Native Method)
        at java.base@21.0.8/java.util.concurrent.locks.LockSupport.parkNanos(LockSupport.java:269)
        at java.base@21.0.8/java.util.concurrent.locks.AbstractQueuedSynchronizer$ConditionObject.awaitNanos(AbstractQueuedSynchronizer.java:1763)
        at java.base@21.0.8/java.util.concurrent.LinkedBlockingQueue.poll(LinkedBlockingQueue.java:460)
        at app//org.apache.hadoop.ipc.CallQueueManager.take(CallQueueManager.java:370)
        at app//org.apache.hadoop.ipc.Server$Handler.run(Server.java:3165)
"IPC Server handler 50 on default port 15002" daemon prio=5 tid=389 timed_waiting
java.lang.Thread.State: TIMED_WAITING
        at java.base@21.0.8/jdk.internal.misc.Unsafe.park(Native Method)
        at java.base@21.0.8/java.util.concurrent.locks.LockSupport.parkNanos(LockSupport.java:269)
        at java.base@21.0.8/java.util.concurrent.locks.AbstractQueuedSynchronizer$ConditionObject.awaitNanos(AbstractQueuedSynchronizer.java:1763)
        at java.base@21.0.8/java.util.concurrent.LinkedBlockingQueue.poll(LinkedBlockingQueue.java:460)
        at app//org.apache.hadoop.ipc.CallQueueManager.take(CallQueueManager.java:370)
        at app//org.apache.hadoop.ipc.Server$Handler.run(Server.java:3165)
"Hadoop-Metrics-Updater-0" daemon prio=5 tid=103 timed_waiting
java.lang.Thread.State: TIMED_WAITING
        at java.base@21.0.8/jdk.internal.misc.Unsafe.park(Native Method)
        at java.base@21.0.8/java.util.concurrent.locks.LockSupport.parkNanos(LockSupport.java:269)
        at java.base@21.0.8/java.util.concurrent.locks.AbstractQueuedSynchronizer$ConditionObject.awaitNanos(AbstractQueuedSynchronizer.java:1763)
        at java.base@21.0.8/java.util.concurrent.ScheduledThreadPoolExecutor$DelayedWorkQueue.take(ScheduledThreadPoolExecutor.java:1182)
        at java.base@21.0.8/java.util.concurrent.ScheduledThreadPoolExecutor$DelayedWorkQueue.take(ScheduledThreadPoolExecutor.java:899)
        at java.base@21.0.8/java.util.concurrent.ThreadPoolExecutor.getTask(ThreadPoolExecutor.java:1070)
        at java.base@21.0.8/java.util.concurrent.ThreadPoolExecutor.runWorker(ThreadPoolExecutor.java:1130)
        at java.base@21.0.8/java.util.concurrent.ThreadPoolExecutor$Worker.run(ThreadPoolExecutor.java:642)
        at java.base@21.0.8/java.lang.Thread.runWith(Thread.java:1596)
        at java.base@21.0.8/java.lang.Thread.run(Thread.java:1583)
"SCMBlockDeletingService#0" daemon prio=5 tid=321 timed_waiting
java.lang.Thread.State: TIMED_WAITING
        at java.base@21.0.8/jdk.internal.misc.Unsafe.park(Native Method)
        at java.base@21.0.8/java.util.concurrent.locks.LockSupport.parkNanos(LockSupport.java:269)
        at java.base@21.0.8/java.util.concurrent.locks.AbstractQueuedSynchronizer$ConditionObject.awaitNanos(AbstractQueuedSynchronizer.java:1763)
        at java.base@21.0.8/java.util.concurrent.ScheduledThreadPoolExecutor$DelayedWorkQueue.take(ScheduledThreadPoolExecutor.java:1182)
        at java.base@21.0.8/java.util.concurrent.ScheduledThreadPoolExecutor$DelayedWorkQueue.take(ScheduledThreadPoolExecutor.java:899)
        at java.base@21.0.8/java.util.concurrent.ThreadPoolExecutor.getTask(ThreadPoolExecutor.java:1070)
        at java.base@21.0.8/java.util.concurrent.ThreadPoolExecutor.runWorker(ThreadPoolExecutor.java:1130)
        at java.base@21.0.8/java.util.concurrent.ThreadPoolExecutor$Worker.run(ThreadPoolExecutor.java:642)
        at java.base@21.0.8/java.lang.Thread.runWith(Thread.java:1596)
        at java.base@21.0.8/java.lang.Thread.run(Thread.java:1583)
"IPC Server handler 64 on default port 15001" daemon prio=5 tid=285 timed_waiting
java.lang.Thread.State: TIMED_WAITING
        at java.base@21.0.8/jdk.internal.misc.Unsafe.park(Native Method)
        at java.base@21.0.8/java.util.concurrent.locks.LockSupport.parkNanos(LockSupport.java:269)
        at java.base@21.0.8/java.util.concurrent.locks.AbstractQueuedSynchronizer$ConditionObject.awaitNanos(AbstractQueuedSynchronizer.java:1763)
        at java.base@21.0.8/java.util.concurrent.LinkedBlockingQueue.poll(LinkedBlockingQueue.java:460)
        at app//org.apache.hadoop.ipc.CallQueueManager.take(CallQueueManager.java:370)
        at app//org.apache.hadoop.ipc.Server$Handler.run(Server.java:3165)
"IPC Server handler 15 on default port 15000" daemon prio=5 tid=136 timed_waiting
java.lang.Thread.State: TIMED_WAITING
        at java.base@21.0.8/jdk.internal.misc.Unsafe.park(Native Method)
        at java.base@21.0.8/java.util.concurrent.locks.LockSupport.parkNanos(LockSupport.java:269)
        at java.base@21.0.8/java.util.concurrent.locks.AbstractQueuedSynchronizer$ConditionObject.awaitNanos(AbstractQueuedSynchronizer.java:1763)
        at java.base@21.0.8/java.util.concurrent.LinkedBlockingQueue.poll(LinkedBlockingQueue.java:460)
        at app//org.apache.hadoop.ipc.CallQueueManager.take(CallQueueManager.java:370)
        at app//org.apache.hadoop.ipc.Server$Handler.run(Server.java:3165)
"IPC Server handler 66 on default port 15000" daemon prio=5 tid=187 timed_waiting
java.lang.Thread.State: TIMED_WAITING
        at java.base@21.0.8/jdk.internal.misc.Unsafe.park(Native Method)
        at java.base@21.0.8/java.util.concurrent.locks.LockSupport.parkNanos(LockSupport.java:269)
        at java.base@21.0.8/java.util.concurrent.locks.AbstractQueuedSynchronizer$ConditionObject.awaitNanos(AbstractQueuedSynchronizer.java:1763)
        at java.base@21.0.8/java.util.concurrent.LinkedBlockingQueue.poll(LinkedBlockingQueue.java:460)
        at app//org.apache.hadoop.ipc.CallQueueManager.take(CallQueueManager.java:370)
        at app//org.apache.hadoop.ipc.Server$Handler.run(Server.java:3165)
"25d9f169-1c9e-47c6-a2a2-d20fb3c5fda2-DatanodeReportManager-0" daemon prio=5 tid=716 in Object.wait()
java.lang.Thread.State: WAITING (on object monitor)
        at java.base@21.0.8/jdk.internal.misc.Unsafe.park(Native Method)
        at java.base@21.0.8/java.util.concurrent.locks.LockSupport.park(LockSupport.java:371)
        at java.base@21.0.8/java.util.concurrent.locks.AbstractQueuedSynchronizer$ConditionNode.block(AbstractQueuedSynchronizer.java:519)
        at java.base@21.0.8/java.util.concurrent.ForkJoinPool.unmanagedBlock(ForkJoinPool.java:3780)
        at java.base@21.0.8/java.util.concurrent.ForkJoinPool.managedBlock(ForkJoinPool.java:3725)
        at java.base@21.0.8/java.util.concurrent.locks.AbstractQueuedSynchronizer$ConditionObject.await(AbstractQueuedSynchronizer.java:1712)
        at java.base@21.0.8/java.util.concurrent.ScheduledThreadPoolExecutor$DelayedWorkQueue.take(ScheduledThreadPoolExecutor.java:1177)
        at java.base@21.0.8/java.util.concurrent.ScheduledThreadPoolExecutor$DelayedWorkQueue.take(ScheduledThreadPoolExecutor.java:899)
        at java.base@21.0.8/java.util.concurrent.ThreadPoolExecutor.getTask(ThreadPoolExecutor.java:1070)
        at java.base@21.0.8/java.util.concurrent.ThreadPoolExecutor.runWorker(ThreadPoolExecutor.java:1130)
        at java.base@21.0.8/java.util.concurrent.ThreadPoolExecutor$Worker.run(ThreadPoolExecutor.java:642)
        at java.base@21.0.8/java.lang.Thread.runWith(Thread.java:1596)
        at java.base@21.0.8/java.lang.Thread.run(Thread.java:1583)
"JvmPauseMonitor2" daemon prio=5 tid=467 timed_waiting
java.lang.Thread.State: TIMED_WAITING
        at java.base@21.0.8/java.lang.Thread.sleep0(Native Method)
        at java.base@21.0.8/java.lang.Thread.sleep(Thread.java:558)
        at java.base@21.0.8/java.util.concurrent.TimeUnit.sleep(TimeUnit.java:446)
        at app//org.apache.ratis.util.TimeDuration.sleep(TimeDuration.java:353)
        at app//org.apache.ratis.util.TimeDuration.sleep(TimeDuration.java:338)
        at app//org.apache.ratis.util.JvmPauseMonitor.detectPause(JvmPauseMonitor.java:160)
        at app//org.apache.ratis.util.JvmPauseMonitor.run(JvmPauseMonitor.java:149)
        at app//org.apache.ratis.util.JvmPauseMonitor$$Lambda/0x00007fd1ac3b8ac8.run(Unknown Source)
        at java.base@21.0.8/java.lang.Thread.runWith(Thread.java:1596)
        at java.base@21.0.8/java.lang.Thread.run(Thread.java:1583)
"IPC Server handler 35 on default port 15001" daemon prio=5 tid=256 timed_waiting
java.lang.Thread.State: TIMED_WAITING
        at java.base@21.0.8/jdk.internal.misc.Unsafe.park(Native Method)
        at java.base@21.0.8/java.util.concurrent.locks.LockSupport.parkNanos(LockSupport.java:269)
        at java.base@21.0.8/java.util.concurrent.locks.AbstractQueuedSynchronizer$ConditionObject.awaitNanos(AbstractQueuedSynchronizer.java:1763)
        at java.base@21.0.8/java.util.concurrent.LinkedBlockingQueue.poll(LinkedBlockingQueue.java:460)
        at app//org.apache.hadoop.ipc.CallQueueManager.take(CallQueueManager.java:370)
        at app//org.apache.hadoop.ipc.Server$Handler.run(Server.java:3165)
"Socket Reader #6 for port 15043" daemon prio=5 tid=768 runnable
java.lang.Thread.State: RUNNABLE
        at java.base@21.0.8/sun.nio.ch.EPoll.wait(Native Method)
        at java.base@21.0.8/sun.nio.ch.EPollSelectorImpl.doSelect(EPollSelectorImpl.java:121)
        at java.base@21.0.8/sun.nio.ch.SelectorImpl.lockAndDoSelect(SelectorImpl.java:130)
        at java.base@21.0.8/sun.nio.ch.SelectorImpl.select(SelectorImpl.java:147)
        at app//org.apache.hadoop.ipc.Server$Listener$Reader.doRunLoop(Server.java:1497)
        at app//org.apache.hadoop.ipc.Server$Listener$Reader.run(Server.java:1476)
"IPC Server handler 17 on default port 15002" daemon prio=5 tid=356 timed_waiting
java.lang.Thread.State: TIMED_WAITING
        at java.base@21.0.8/jdk.internal.misc.Unsafe.park(Native Method)
        at java.base@21.0.8/java.util.concurrent.locks.LockSupport.parkNanos(LockSupport.java:269)
        at java.base@21.0.8/java.util.concurrent.locks.AbstractQueuedSynchronizer$ConditionObject.awaitNanos(AbstractQueuedSynchronizer.java:1763)
        at java.base@21.0.8/java.util.concurrent.LinkedBlockingQueue.poll(LinkedBlockingQueue.java:460)
        at app//org.apache.hadoop.ipc.CallQueueManager.take(CallQueueManager.java:370)
        at app//org.apache.hadoop.ipc.Server$Handler.run(Server.java:3165)
"IPC Server handler 24 on default port 15002" daemon prio=5 tid=363 timed_waiting
java.lang.Thread.State: TIMED_WAITING
        at java.base@21.0.8/jdk.internal.misc.Unsafe.park(Native Method)
        at java.base@21.0.8/java.util.concurrent.locks.LockSupport.parkNanos(LockSupport.java:269)
        at java.base@21.0.8/java.util.concurrent.locks.AbstractQueuedSynchronizer$ConditionObject.awaitNanos(AbstractQueuedSynchronizer.java:1763)
        at java.base@21.0.8/java.util.concurrent.LinkedBlockingQueue.poll(LinkedBlockingQueue.java:460)
        at app//org.apache.hadoop.ipc.CallQueueManager.take(CallQueueManager.java:370)
        at app//org.apache.hadoop.ipc.Server$Handler.run(Server.java:3165)
"IPC Server handler 60 on default port 15002" daemon prio=5 tid=399 timed_waiting
java.lang.Thread.State: TIMED_WAITING
        at java.base@21.0.8/jdk.internal.misc.Unsafe.park(Native Method)
        at java.base@21.0.8/java.util.concurrent.locks.LockSupport.parkNanos(LockSupport.java:269)
        at java.base@21.0.8/java.util.concurrent.locks.AbstractQueuedSynchronizer$ConditionObject.awaitNanos(AbstractQueuedSynchronizer.java:1763)
        at java.base@21.0.8/java.util.concurrent.LinkedBlockingQueue.poll(LinkedBlockingQueue.java:460)
        at app//org.apache.hadoop.ipc.CallQueueManager.take(CallQueueManager.java:370)
        at app//org.apache.hadoop.ipc.Server$Handler.run(Server.java:3165)
"18da7ee6-49f7-45ee-8090-861a49f32d36-BlockDeletingService#1" daemon prio=5 tid=808 in Object.wait()
java.lang.Thread.State: WAITING (on object monitor)
        at java.base@21.0.8/jdk.internal.misc.Unsafe.park(Native Method)
        at java.base@21.0.8/java.util.concurrent.locks.LockSupport.park(LockSupport.java:371)
        at java.base@21.0.8/java.util.concurrent.locks.AbstractQueuedSynchronizer$ConditionNode.block(AbstractQueuedSynchronizer.java:519)
        at java.base@21.0.8/java.util.concurrent.ForkJoinPool.unmanagedBlock(ForkJoinPool.java:3780)
        at java.base@21.0.8/java.util.concurrent.ForkJoinPool.managedBlock(ForkJoinPool.java:3725)
        at java.base@21.0.8/java.util.concurrent.locks.AbstractQueuedSynchronizer$ConditionObject.await(AbstractQueuedSynchronizer.java:1712)
        at java.base@21.0.8/java.util.concurrent.ScheduledThreadPoolExecutor$DelayedWorkQueue.take(ScheduledThreadPoolExecutor.java:1177)
        at java.base@21.0.8/java.util.concurrent.ScheduledThreadPoolExecutor$DelayedWorkQueue.take(ScheduledThreadPoolExecutor.java:899)
        at java.base@21.0.8/java.util.concurrent.ThreadPoolExecutor.getTask(ThreadPoolExecutor.java:1070)
        at java.base@21.0.8/java.util.concurrent.ThreadPoolExecutor.runWorker(ThreadPoolExecutor.java:1130)
        at java.base@21.0.8/java.util.concurrent.ThreadPoolExecutor$Worker.run(ThreadPoolExecutor.java:642)
        at java.base@21.0.8/java.lang.Thread.runWith(Thread.java:1596)
        at java.base@21.0.8/java.lang.Thread.run(Thread.java:1583)
"timer1" daemon prio=5 tid=987 timed_waiting
java.lang.Thread.State: TIMED_WAITING
        at java.base@21.0.8/java.lang.Object.wait0(Native Method)
        at java.base@21.0.8/java.lang.Object.wait(Object.java:366)
        at java.base@21.0.8/java.util.TimerThread.mainLoop(Timer.java:563)
        at java.base@21.0.8/java.util.TimerThread.run(Timer.java:516)
"IPC Server handler 19 on default port 15001" daemon prio=5 tid=240 timed_waiting
java.lang.Thread.State: TIMED_WAITING
        at java.base@21.0.8/jdk.internal.misc.Unsafe.park(Native Method)
        at java.base@21.0.8/java.util.concurrent.locks.LockSupport.parkNanos(LockSupport.java:269)
        at java.base@21.0.8/java.util.concurrent.locks.AbstractQueuedSynchronizer$ConditionObject.awaitNanos(AbstractQueuedSynchronizer.java:1763)
        at java.base@21.0.8/java.util.concurrent.LinkedBlockingQueue.poll(LinkedBlockingQueue.java:460)
        at app//org.apache.hadoop.ipc.CallQueueManager.take(CallQueueManager.java:370)
        at app//org.apache.hadoop.ipc.Server$Handler.run(Server.java:3165)
"EventQueue-NodeReportForNodeReportHandler" daemon prio=5 tid=831 in Object.wait()
java.lang.Thread.State: WAITING (on object monitor)
        at java.base@21.0.8/jdk.internal.misc.Unsafe.park(Native Method)
        at java.base@21.0.8/java.util.concurrent.locks.LockSupport.park(LockSupport.java:371)
        at java.base@21.0.8/java.util.concurrent.locks.AbstractQueuedSynchronizer$ConditionNode.block(AbstractQueuedSynchronizer.java:519)
        at java.base@21.0.8/java.util.concurrent.ForkJoinPool.unmanagedBlock(ForkJoinPool.java:3780)
        at java.base@21.0.8/java.util.concurrent.ForkJoinPool.managedBlock(ForkJoinPool.java:3725)
        at java.base@21.0.8/java.util.concurrent.locks.AbstractQueuedSynchronizer$ConditionObject.await(AbstractQueuedSynchronizer.java:1712)
        at java.base@21.0.8/java.util.concurrent.LinkedBlockingQueue.take(LinkedBlockingQueue.java:435)
        at java.base@21.0.8/java.util.concurrent.ThreadPoolExecutor.getTask(ThreadPoolExecutor.java:1070)
        at java.base@21.0.8/java.util.concurrent.ThreadPoolExecutor.runWorker(ThreadPoolExecutor.java:1130)
        at java.base@21.0.8/java.util.concurrent.ThreadPoolExecutor$Worker.run(ThreadPoolExecutor.java:642)
        at java.base@21.0.8/java.lang.Thread.runWith(Thread.java:1596)
        at java.base@21.0.8/java.lang.Thread.run(Thread.java:1583)
"FixedThreadPoolWithAffinityExecutor-5-0" daemon prio=5 tid=109 timed_waiting
java.lang.Thread.State: TIMED_WAITING
        at java.base@21.0.8/jdk.internal.misc.Unsafe.park(Native Method)
        at java.base@21.0.8/java.util.concurrent.locks.LockSupport.parkNanos(LockSupport.java:269)
        at java.base@21.0.8/java.util.concurrent.locks.AbstractQueuedSynchronizer$ConditionObject.awaitNanos(AbstractQueuedSynchronizer.java:1763)
        at java.base@21.0.8/java.util.concurrent.LinkedBlockingQueue.poll(LinkedBlockingQueue.java:460)
        at app//org.apache.hadoop.hdds.scm.server.ContainerReportQueue.poll(ContainerReportQueue.java:269)
        at app//org.apache.hadoop.hdds.scm.server.ContainerReportQueue.poll(ContainerReportQueue.java:42)
        at app//org.apache.hadoop.hdds.server.events.FixedThreadPoolWithAffinityExecutor$ContainerReportProcessTask.run(FixedThreadPoolWithAffinityExecutor.java:228)
        at java.base@21.0.8/java.util.concurrent.Executors$RunnableAdapter.call(Executors.java:572)
        at java.base@21.0.8/java.util.concurrent.FutureTask.run(FutureTask.java:317)
        at java.base@21.0.8/java.util.concurrent.ThreadPoolExecutor.runWorker(ThreadPoolExecutor.java:1144)
        at java.base@21.0.8/java.util.concurrent.ThreadPoolExecutor$Worker.run(ThreadPoolExecutor.java:642)
        at java.base@21.0.8/java.lang.Thread.runWith(Thread.java:1596)
        at java.base@21.0.8/java.lang.Thread.run(Thread.java:1583)
"Socket Reader #4 for port 15002" daemon prio=5 tid=66 runnable
java.lang.Thread.State: RUNNABLE
        at java.base@21.0.8/sun.nio.ch.EPoll.wait(Native Method)
        at java.base@21.0.8/sun.nio.ch.EPollSelectorImpl.doSelect(EPollSelectorImpl.java:121)
        at java.base@21.0.8/sun.nio.ch.SelectorImpl.lockAndDoSelect(SelectorImpl.java:130)
        at java.base@21.0.8/sun.nio.ch.SelectorImpl.select(SelectorImpl.java:147)
        at app//org.apache.hadoop.ipc.Server$Listener$Reader.doRunLoop(Server.java:1497)
        at app//org.apache.hadoop.ipc.Server$Listener$Reader.run(Server.java:1476)
"d3e19d45-0b2b-4921-9b28-39a5e9747ac8-BlockDeletingService#1" daemon prio=5 tid=847 timed_waiting
java.lang.Thread.State: TIMED_WAITING
        at java.base@21.0.8/jdk.internal.misc.Unsafe.park(Native Method)
        at java.base@21.0.8/java.util.concurrent.locks.LockSupport.parkNanos(LockSupport.java:269)
        at java.base@21.0.8/java.util.concurrent.locks.AbstractQueuedSynchronizer$ConditionObject.awaitNanos(AbstractQueuedSynchronizer.java:1763)
        at java.base@21.0.8/java.util.concurrent.ScheduledThreadPoolExecutor$DelayedWorkQueue.take(ScheduledThreadPoolExecutor.java:1182)
        at java.base@21.0.8/java.util.concurrent.ScheduledThreadPoolExecutor$DelayedWorkQueue.take(ScheduledThreadPoolExecutor.java:899)
        at java.base@21.0.8/java.util.concurrent.ThreadPoolExecutor.getTask(ThreadPoolExecutor.java:1070)
        at java.base@21.0.8/java.util.concurrent.ThreadPoolExecutor.runWorker(ThreadPoolExecutor.java:1130)
        at java.base@21.0.8/java.util.concurrent.ThreadPoolExecutor$Worker.run(ThreadPoolExecutor.java:642)
        at java.base@21.0.8/java.lang.Thread.runWith(Thread.java:1596)
        at java.base@21.0.8/java.lang.Thread.run(Thread.java:1583)
"07f651f6-8f87-47bb-8f69-34e194401a37@group-1629492F36A3-SegmentedRaftLogWorker" daemon prio=5 tid=115 timed_waiting
java.lang.Thread.State: TIMED_WAITING
        at java.base@21.0.8/jdk.internal.misc.Unsafe.park(Native Method)
        at java.base@21.0.8/java.util.concurrent.locks.LockSupport.parkNanos(LockSupport.java:269)
        at java.base@21.0.8/java.util.concurrent.locks.AbstractQueuedSynchronizer$ConditionObject.awaitNanos(AbstractQueuedSynchronizer.java:1763)
        at app//org.apache.ratis.util.DataBlockingQueue.poll(DataBlockingQueue.java:148)
        at app//org.apache.ratis.server.raftlog.segmented.SegmentedRaftLogWorker.run(SegmentedRaftLogWorker.java:309)
        at app//org.apache.ratis.server.raftlog.segmented.SegmentedRaftLogWorker$$Lambda/0x00007fd1ac39e8e0.run(Unknown Source)
        at java.base@21.0.8/java.util.concurrent.Executors$RunnableAdapter.call(Executors.java:572)
        at java.base@21.0.8/java.util.concurrent.FutureTask.run(FutureTask.java:317)
        at java.base@21.0.8/java.util.concurrent.ThreadPoolExecutor.runWorker(ThreadPoolExecutor.java:1144)
        at java.base@21.0.8/java.util.concurrent.ThreadPoolExecutor$Worker.run(ThreadPoolExecutor.java:642)
        at java.base@21.0.8/java.lang.Thread.runWith(Thread.java:1596)
        at java.base@21.0.8/java.lang.Thread.run(Thread.java:1583)
"IPC Server handler 16 on default port 15000" daemon prio=5 tid=137 timed_waiting
java.lang.Thread.State: TIMED_WAITING
        at java.base@21.0.8/jdk.internal.misc.Unsafe.park(Native Method)
        at java.base@21.0.8/java.util.concurrent.locks.LockSupport.parkNanos(LockSupport.java:269)
        at java.base@21.0.8/java.util.concurrent.locks.AbstractQueuedSynchronizer$ConditionObject.awaitNanos(AbstractQueuedSynchronizer.java:1763)
        at java.base@21.0.8/java.util.concurrent.LinkedBlockingQueue.poll(LinkedBlockingQueue.java:460)
        at app//org.apache.hadoop.ipc.CallQueueManager.take(CallQueueManager.java:370)
        at app//org.apache.hadoop.ipc.Server$Handler.run(Server.java:3165)
"IPC Server handler 8 on default port 15027" daemon prio=5 tid=645 timed_waiting
java.lang.Thread.State: TIMED_WAITING
        at java.base@21.0.8/jdk.internal.misc.Unsafe.park(Native Method)
        at java.base@21.0.8/java.util.concurrent.locks.LockSupport.parkNanos(LockSupport.java:269)
        at java.base@21.0.8/java.util.concurrent.locks.AbstractQueuedSynchronizer$ConditionObject.awaitNanos(AbstractQueuedSynchronizer.java:1763)
        at java.base@21.0.8/java.util.concurrent.LinkedBlockingQueue.poll(LinkedBlockingQueue.java:460)
        at app//org.apache.hadoop.ipc.CallQueueManager.take(CallQueueManager.java:370)
        at app//org.apache.hadoop.ipc.Server$Handler.run(Server.java:3165)
"25d9f169-1c9e-47c6-a2a2-d20fb3c5fda2-ChunkWriter-3-0" daemon prio=5 tid=822 in Object.wait()
java.lang.Thread.State: WAITING (on object monitor)
        at java.base@21.0.8/jdk.internal.misc.Unsafe.park(Native Method)
        at java.base@21.0.8/java.util.concurrent.locks.LockSupport.park(LockSupport.java:371)
        at java.base@21.0.8/java.util.concurrent.locks.AbstractQueuedSynchronizer$ConditionNode.block(AbstractQueuedSynchronizer.java:519)
        at java.base@21.0.8/java.util.concurrent.ForkJoinPool.unmanagedBlock(ForkJoinPool.java:3780)
        at java.base@21.0.8/java.util.concurrent.ForkJoinPool.managedBlock(ForkJoinPool.java:3725)
        at java.base@21.0.8/java.util.concurrent.locks.AbstractQueuedSynchronizer$ConditionObject.await(AbstractQueuedSynchronizer.java:1712)
        at java.base@21.0.8/java.util.concurrent.LinkedBlockingDeque.takeFirst(LinkedBlockingDeque.java:485)
        at java.base@21.0.8/java.util.concurrent.LinkedBlockingDeque.take(LinkedBlockingDeque.java:673)
        at java.base@21.0.8/java.util.concurrent.ThreadPoolExecutor.getTask(ThreadPoolExecutor.java:1070)
        at java.base@21.0.8/java.util.concurrent.ThreadPoolExecutor.runWorker(ThreadPoolExecutor.java:1130)
        at java.base@21.0.8/java.util.concurrent.ThreadPoolExecutor$Worker.run(ThreadPoolExecutor.java:642)
        at java.base@21.0.8/java.lang.Thread.runWith(Thread.java:1596)
        at java.base@21.0.8/java.lang.Thread.run(Thread.java:1583)
"Socket Reader #2 for port 15002" daemon prio=5 tid=64 runnable
java.lang.Thread.State: RUNNABLE
        at java.base@21.0.8/sun.nio.ch.EPoll.wait(Native Method)
        at java.base@21.0.8/sun.nio.ch.EPollSelectorImpl.doSelect(EPollSelectorImpl.java:121)
        at java.base@21.0.8/sun.nio.ch.SelectorImpl.lockAndDoSelect(SelectorImpl.java:130)
        at java.base@21.0.8/sun.nio.ch.SelectorImpl.select(SelectorImpl.java:147)
        at app//org.apache.hadoop.ipc.Server$Listener$Reader.doRunLoop(Server.java:1497)
        at app//org.apache.hadoop.ipc.Server$Listener$Reader.run(Server.java:1476)
"18da7ee6-49f7-45ee-8090-861a49f32d36@group-5F01EAE184E2-LeaderStateImpl" daemon prio=5 tid=1025 timed_waiting
java.lang.Thread.State: TIMED_WAITING
        at java.base@21.0.8/jdk.internal.misc.Unsafe.park(Native Method)
        at java.base@21.0.8/java.util.concurrent.locks.LockSupport.parkNanos(LockSupport.java:269)
        at java.base@21.0.8/java.util.concurrent.locks.AbstractQueuedSynchronizer$ConditionObject.awaitNanos(AbstractQueuedSynchronizer.java:1763)
        at java.base@21.0.8/java.util.concurrent.ArrayBlockingQueue.poll(ArrayBlockingQueue.java:435)
        at app//org.apache.ratis.server.impl.LeaderStateImpl$EventQueue.poll(LeaderStateImpl.java:168)
        at app//org.apache.ratis.server.impl.LeaderStateImpl$EventProcessor.run(LeaderStateImpl.java:761)
"IPC Server handler 75 on default port 15000" daemon prio=5 tid=196 timed_waiting
java.lang.Thread.State: TIMED_WAITING
        at java.base@21.0.8/jdk.internal.misc.Unsafe.park(Native Method)
        at java.base@21.0.8/java.util.concurrent.locks.LockSupport.parkNanos(LockSupport.java:269)
        at java.base@21.0.8/java.util.concurrent.locks.AbstractQueuedSynchronizer$ConditionObject.awaitNanos(AbstractQueuedSynchronizer.java:1763)
        at java.base@21.0.8/java.util.concurrent.LinkedBlockingQueue.poll(LinkedBlockingQueue.java:460)
        at app//org.apache.hadoop.ipc.CallQueueManager.take(CallQueueManager.java:370)
        at app//org.apache.hadoop.ipc.Server$Handler.run(Server.java:3165)
"IPC Server handler 89 on default port 15002" daemon prio=5 tid=428 timed_waiting
java.lang.Thread.State: TIMED_WAITING
        at java.base@21.0.8/jdk.internal.misc.Unsafe.park(Native Method)
        at java.base@21.0.8/java.util.concurrent.locks.LockSupport.parkNanos(LockSupport.java:269)
        at java.base@21.0.8/java.util.concurrent.locks.AbstractQueuedSynchronizer$ConditionObject.awaitNanos(AbstractQueuedSynchronizer.java:1763)
        at java.base@21.0.8/java.util.concurrent.LinkedBlockingQueue.poll(LinkedBlockingQueue.java:460)
        at app//org.apache.hadoop.ipc.CallQueueManager.take(CallQueueManager.java:370)
        at app//org.apache.hadoop.ipc.Server$Handler.run(Server.java:3165)
"IPC Server handler 35 on default port 15000" daemon prio=5 tid=156 timed_waiting
java.lang.Thread.State: TIMED_WAITING
        at java.base@21.0.8/jdk.internal.misc.Unsafe.park(Native Method)
        at java.base@21.0.8/java.util.concurrent.locks.LockSupport.parkNanos(LockSupport.java:269)
        at java.base@21.0.8/java.util.concurrent.locks.AbstractQueuedSynchronizer$ConditionObject.awaitNanos(AbstractQueuedSynchronizer.java:1763)
        at java.base@21.0.8/java.util.concurrent.LinkedBlockingQueue.poll(LinkedBlockingQueue.java:460)
        at app//org.apache.hadoop.ipc.CallQueueManager.take(CallQueueManager.java:370)
        at app//org.apache.hadoop.ipc.Server$Handler.run(Server.java:3165)
"IPC Server handler 87 on default port 15002" daemon prio=5 tid=426 timed_waiting
java.lang.Thread.State: TIMED_WAITING
        at java.base@21.0.8/jdk.internal.misc.Unsafe.park(Native Method)
        at java.base@21.0.8/java.util.concurrent.locks.LockSupport.parkNanos(LockSupport.java:269)
        at java.base@21.0.8/java.util.concurrent.locks.AbstractQueuedSynchronizer$ConditionObject.awaitNanos(AbstractQueuedSynchronizer.java:1763)
        at java.base@21.0.8/java.util.concurrent.LinkedBlockingQueue.poll(LinkedBlockingQueue.java:460)
        at app//org.apache.hadoop.ipc.CallQueueManager.take(CallQueueManager.java:370)
        at app//org.apache.hadoop.ipc.Server$Handler.run(Server.java:3165)
"prometheus" daemon prio=5 tid=333 in Object.wait()
java.lang.Thread.State: WAITING (on object monitor)
        at java.base@21.0.8/java.lang.Object.wait0(Native Method)
        at java.base@21.0.8/java.lang.Object.wait(Object.java:366)
        at java.base@21.0.8/java.lang.Object.wait(Object.java:339)
        at app//org.apache.hadoop.metrics2.impl.SinkQueue.waitForData(SinkQueue.java:114)
        at app//org.apache.hadoop.metrics2.impl.SinkQueue.consumeAll(SinkQueue.java:83)
        at app//org.apache.hadoop.metrics2.impl.MetricsSinkAdapter.publishMetricsFromQueue(MetricsSinkAdapter.java:135)
        at app//org.apache.hadoop.metrics2.impl.MetricsSinkAdapter$1.run(MetricsSinkAdapter.java:89)
"org.apache.hadoop.ozone.container.common.statemachine.commandhandler.DeleteBlocksCommandHandler$DeleteCmdWorker@56e8eecf" daemon prio=5 tid=610 timed_waiting
java.lang.Thread.State: TIMED_WAITING
        at java.base@21.0.8/java.lang.Thread.sleep0(Native Method)
        at java.base@21.0.8/java.lang.Thread.sleep(Thread.java:509)
        at app//org.apache.hadoop.ozone.container.common.statemachine.commandhandler.DeleteBlocksCommandHandler$DeleteCmdWorker.run(DeleteBlocksCommandHandler.java:260)
        at java.base@21.0.8/java.lang.Thread.runWith(Thread.java:1596)
        at java.base@21.0.8/java.lang.Thread.run(Thread.java:1583)
"qtp1960486456-483" daemon prio=5 tid=483 runnable
java.lang.Thread.State: RUNNABLE
        at java.base@21.0.8/sun.nio.ch.EPoll.wait(Native Method)
        at java.base@21.0.8/sun.nio.ch.EPollSelectorImpl.doSelect(EPollSelectorImpl.java:121)
        at java.base@21.0.8/sun.nio.ch.SelectorImpl.lockAndDoSelect(SelectorImpl.java:130)
        at java.base@21.0.8/sun.nio.ch.SelectorImpl.select(SelectorImpl.java:147)
        at app//org.eclipse.jetty.io.ManagedSelector.nioSelect(ManagedSelector.java:183)
        at app//org.eclipse.jetty.io.ManagedSelector.select(ManagedSelector.java:190)
        at app//org.eclipse.jetty.io.ManagedSelector$SelectorProducer.select(ManagedSelector.java:606)
        at app//org.eclipse.jetty.io.ManagedSelector$SelectorProducer.produce(ManagedSelector.java:543)
        at app//org.eclipse.jetty.util.thread.strategy.EatWhatYouKill.produceTask(EatWhatYouKill.java:362)
        at app//org.eclipse.jetty.util.thread.strategy.EatWhatYouKill.doProduce(EatWhatYouKill.java:186)
        at app//org.eclipse.jetty.util.thread.strategy.EatWhatYouKill.tryProduce(EatWhatYouKill.java:173)
        at app//org.eclipse.jetty.util.thread.strategy.EatWhatYouKill.produce(EatWhatYouKill.java:137)
        at app//org.eclipse.jetty.io.ManagedSelector$$Lambda/0x00007fd1ac6ed508.run(Unknown Source)
        at app//org.eclipse.jetty.util.thread.QueuedThreadPool.runJob(QueuedThreadPool.java:883)
        at app//org.eclipse.jetty.util.thread.QueuedThreadPool$Runner.run(QueuedThreadPool.java:1034)
        at java.base@21.0.8/java.lang.Thread.runWith(Thread.java:1596)
        at java.base@21.0.8/java.lang.Thread.run(Thread.java:1583)
"IPC Server handler 39 on default port 15000" daemon prio=5 tid=160 timed_waiting
java.lang.Thread.State: TIMED_WAITING
        at java.base@21.0.8/jdk.internal.misc.Unsafe.park(Native Method)
        at java.base@21.0.8/java.util.concurrent.locks.LockSupport.parkNanos(LockSupport.java:269)
        at java.base@21.0.8/java.util.concurrent.locks.AbstractQueuedSynchronizer$ConditionObject.awaitNanos(AbstractQueuedSynchronizer.java:1763)
        at java.base@21.0.8/java.util.concurrent.LinkedBlockingQueue.poll(LinkedBlockingQueue.java:460)
        at app//org.apache.hadoop.ipc.CallQueueManager.take(CallQueueManager.java:370)
        at app//org.apache.hadoop.ipc.Server$Handler.run(Server.java:3165)
"grpc-default-worker-ELG-3-4" daemon prio=5 tid=878 runnable
java.lang.Thread.State: RUNNABLE
        at app//org.apache.ratis.thirdparty.io.netty.channel.epoll.Native.epollWait0(Native Method)
        at app//org.apache.ratis.thirdparty.io.netty.channel.epoll.Native.epollWait(Native.java:193)
        at app//org.apache.ratis.thirdparty.io.netty.channel.epoll.EpollEventLoop.epollWait(EpollEventLoop.java:304)
        at app//org.apache.ratis.thirdparty.io.netty.channel.epoll.EpollEventLoop.run(EpollEventLoop.java:368)
        at app//org.apache.ratis.thirdparty.io.netty.util.concurrent.SingleThreadEventExecutor$4.run(SingleThreadEventExecutor.java:998)
        at app//org.apache.ratis.thirdparty.io.netty.util.internal.ThreadExecutorMap$2.run(ThreadExecutorMap.java:74)
        at app//org.apache.ratis.thirdparty.io.netty.util.concurrent.FastThreadLocalRunnable.run(FastThreadLocalRunnable.java:30)
        at java.base@21.0.8/java.lang.Thread.runWith(Thread.java:1596)
        at java.base@21.0.8/java.lang.Thread.run(Thread.java:1583)
"IPC Server handler 71 on default port 15001" daemon prio=5 tid=292 timed_waiting
java.lang.Thread.State: TIMED_WAITING
        at java.base@21.0.8/jdk.internal.misc.Unsafe.park(Native Method)
        at java.base@21.0.8/java.util.concurrent.locks.LockSupport.parkNanos(LockSupport.java:269)
        at java.base@21.0.8/java.util.concurrent.locks.AbstractQueuedSynchronizer$ConditionObject.awaitNanos(AbstractQueuedSynchronizer.java:1763)
        at java.base@21.0.8/java.util.concurrent.LinkedBlockingQueue.poll(LinkedBlockingQueue.java:460)
        at app//org.apache.hadoop.ipc.CallQueueManager.take(CallQueueManager.java:370)
        at app//org.apache.hadoop.ipc.Server$Handler.run(Server.java:3165)
"18da7ee6-49f7-45ee-8090-861a49f32d36@group-01F21CBCA59D-SegmentedRaftLogWorker" daemon prio=5 tid=913 timed_waiting
java.lang.Thread.State: TIMED_WAITING
        at java.base@21.0.8/jdk.internal.misc.Unsafe.park(Native Method)
        at java.base@21.0.8/java.util.concurrent.locks.LockSupport.parkNanos(LockSupport.java:269)
        at java.base@21.0.8/java.util.concurrent.locks.AbstractQueuedSynchronizer$ConditionObject.awaitNanos(AbstractQueuedSynchronizer.java:1763)
        at app//org.apache.ratis.util.DataBlockingQueue.poll(DataBlockingQueue.java:148)
        at app//org.apache.ratis.server.raftlog.segmented.SegmentedRaftLogWorker.run(SegmentedRaftLogWorker.java:309)
        at app//org.apache.ratis.server.raftlog.segmented.SegmentedRaftLogWorker$$Lambda/0x00007fd1ac39e8e0.run(Unknown Source)
        at java.base@21.0.8/java.util.concurrent.Executors$RunnableAdapter.call(Executors.java:572)
        at java.base@21.0.8/java.util.concurrent.FutureTask.run(FutureTask.java:317)
        at java.base@21.0.8/java.util.concurrent.ThreadPoolExecutor.runWorker(ThreadPoolExecutor.java:1144)
        at java.base@21.0.8/java.util.concurrent.ThreadPoolExecutor$Worker.run(ThreadPoolExecutor.java:642)
        at java.base@21.0.8/java.lang.Thread.runWith(Thread.java:1596)
        at java.base@21.0.8/java.lang.Thread.run(Thread.java:1583)
"IPC Server handler 37 on default port 15000" daemon prio=5 tid=158 timed_waiting
java.lang.Thread.State: TIMED_WAITING
        at java.base@21.0.8/jdk.internal.misc.Unsafe.park(Native Method)
        at java.base@21.0.8/java.util.concurrent.locks.LockSupport.parkNanos(LockSupport.java:269)
        at java.base@21.0.8/java.util.concurrent.locks.AbstractQueuedSynchronizer$ConditionObject.awaitNanos(AbstractQueuedSynchronizer.java:1763)
        at java.base@21.0.8/java.util.concurrent.LinkedBlockingQueue.poll(LinkedBlockingQueue.java:460)
        at app//org.apache.hadoop.ipc.CallQueueManager.take(CallQueueManager.java:370)
        at app//org.apache.hadoop.ipc.Server$Handler.run(Server.java:3165)
"18da7ee6-49f7-45ee-8090-861a49f32d36-DatanodeReportManager-1" daemon prio=5 tid=649 in Object.wait()
java.lang.Thread.State: WAITING (on object monitor)
        at java.base@21.0.8/jdk.internal.misc.Unsafe.park(Native Method)
        at java.base@21.0.8/java.util.concurrent.locks.LockSupport.park(LockSupport.java:371)
        at java.base@21.0.8/java.util.concurrent.locks.AbstractQueuedSynchronizer$ConditionNode.block(AbstractQueuedSynchronizer.java:519)
        at java.base@21.0.8/java.util.concurrent.ForkJoinPool.unmanagedBlock(ForkJoinPool.java:3780)
        at java.base@21.0.8/java.util.concurrent.ForkJoinPool.managedBlock(ForkJoinPool.java:3725)
        at java.base@21.0.8/java.util.concurrent.locks.AbstractQueuedSynchronizer$ConditionObject.await(AbstractQueuedSynchronizer.java:1712)
        at java.base@21.0.8/java.util.concurrent.ScheduledThreadPoolExecutor$DelayedWorkQueue.take(ScheduledThreadPoolExecutor.java:1177)
        at java.base@21.0.8/java.util.concurrent.ScheduledThreadPoolExecutor$DelayedWorkQueue.take(ScheduledThreadPoolExecutor.java:899)
        at java.base@21.0.8/java.util.concurrent.ThreadPoolExecutor.getTask(ThreadPoolExecutor.java:1070)
        at java.base@21.0.8/java.util.concurrent.ThreadPoolExecutor.runWorker(ThreadPoolExecutor.java:1130)
        at java.base@21.0.8/java.util.concurrent.ThreadPoolExecutor$Worker.run(ThreadPoolExecutor.java:642)
        at java.base@21.0.8/java.lang.Thread.runWith(Thread.java:1596)
        at java.base@21.0.8/java.lang.Thread.run(Thread.java:1583)
"IPC Server handler 91 on default port 15000" daemon prio=5 tid=212 timed_waiting
java.lang.Thread.State: TIMED_WAITING
        at java.base@21.0.8/jdk.internal.misc.Unsafe.park(Native Method)
        at java.base@21.0.8/java.util.concurrent.locks.LockSupport.parkNanos(LockSupport.java:269)
        at java.base@21.0.8/java.util.concurrent.locks.AbstractQueuedSynchronizer$ConditionObject.awaitNanos(AbstractQueuedSynchronizer.java:1763)
        at java.base@21.0.8/java.util.concurrent.LinkedBlockingQueue.poll(LinkedBlockingQueue.java:460)
        at app//org.apache.hadoop.ipc.CallQueueManager.take(CallQueueManager.java:370)
        at app//org.apache.hadoop.ipc.Server$Handler.run(Server.java:3165)
"gradle-enterprise-test-client-gradle-enterprise-test-listener"  prio=5 tid=31 in Object.wait()
java.lang.Thread.State: WAITING (on object monitor)
        at java.base@21.0.8/jdk.internal.misc.Unsafe.park(Native Method)
        at java.base@21.0.8/java.util.concurrent.locks.LockSupport.park(LockSupport.java:371)
        at java.base@21.0.8/java.util.concurrent.locks.AbstractQueuedSynchronizer$ConditionNode.block(AbstractQueuedSynchronizer.java:519)
        at java.base@21.0.8/java.util.concurrent.ForkJoinPool.unmanagedBlock(ForkJoinPool.java:3780)
        at java.base@21.0.8/java.util.concurrent.ForkJoinPool.managedBlock(ForkJoinPool.java:3725)
        at java.base@21.0.8/java.util.concurrent.locks.AbstractQueuedSynchronizer$ConditionObject.await(AbstractQueuedSynchronizer.java:1712)
        at java.base@21.0.8/java.util.concurrent.ArrayBlockingQueue.take(ArrayBlockingQueue.java:420)
        at app//com.gradle.maven.scan.extension.test.listener.obfuscated.k.a.a(SourceFile:130)
        at app//com.gradle.maven.scan.extension.test.listener.obfuscated.k.a.b(SourceFile:93)
        at app//com.gradle.maven.scan.extension.test.listener.obfuscated.k.a$$Lambda/0x00007fd1ac13a548.run(Unknown Source)
        at java.base@21.0.8/java.util.concurrent.Executors$RunnableAdapter.call(Executors.java:572)
        at java.base@21.0.8/java.util.concurrent.FutureTask.run(FutureTask.java:317)
        at java.base@21.0.8/java.util.concurrent.ThreadPoolExecutor.runWorker(ThreadPoolExecutor.java:1144)
        at java.base@21.0.8/java.util.concurrent.ThreadPoolExecutor$Worker.run(ThreadPoolExecutor.java:642)
        at java.base@21.0.8/java.lang.Thread.runWith(Thread.java:1596)
        at java.base@21.0.8/java.lang.Thread.run(Thread.java:1583)
"25d9f169-1c9e-47c6-a2a2-d20fb3c5fda2-DatanodeStateMachineTaskThread-0"  prio=5 tid=721 in Object.wait()
java.lang.Thread.State: WAITING (on object monitor)
        at java.base@21.0.8/jdk.internal.misc.Unsafe.park(Native Method)
        at java.base@21.0.8/java.util.concurrent.locks.LockSupport.park(LockSupport.java:371)
        at java.base@21.0.8/java.util.concurrent.locks.AbstractQueuedSynchronizer$ConditionNode.block(AbstractQueuedSynchronizer.java:519)
        at java.base@21.0.8/java.util.concurrent.ForkJoinPool.unmanagedBlock(ForkJoinPool.java:3780)
        at java.base@21.0.8/java.util.concurrent.ForkJoinPool.managedBlock(ForkJoinPool.java:3725)
        at java.base@21.0.8/java.util.concurrent.locks.AbstractQueuedSynchronizer$ConditionObject.await(AbstractQueuedSynchronizer.java:1712)
        at java.base@21.0.8/java.util.concurrent.LinkedBlockingQueue.take(LinkedBlockingQueue.java:435)
        at java.base@21.0.8/java.util.concurrent.ThreadPoolExecutor.getTask(ThreadPoolExecutor.java:1070)
        at java.base@21.0.8/java.util.concurrent.ThreadPoolExecutor.runWorker(ThreadPoolExecutor.java:1130)
        at java.base@21.0.8/java.util.concurrent.ThreadPoolExecutor$Worker.run(ThreadPoolExecutor.java:642)
        at java.base@21.0.8/java.lang.Thread.runWith(Thread.java:1596)
        at java.base@21.0.8/java.lang.Thread.run(Thread.java:1583)
"qtp1507617108-327" daemon prio=5 tid=327 timed_waiting
java.lang.Thread.State: TIMED_WAITING
        at java.base@21.0.8/jdk.internal.misc.Unsafe.park(Native Method)
        at java.base@21.0.8/java.util.concurrent.locks.LockSupport.parkNanos(LockSupport.java:269)
        at java.base@21.0.8/java.util.concurrent.locks.AbstractQueuedSynchronizer$ConditionObject.awaitNanos(AbstractQueuedSynchronizer.java:1763)
        at app//org.eclipse.jetty.util.BlockingArrayQueue.poll(BlockingArrayQueue.java:382)
        at app//org.eclipse.jetty.util.thread.QueuedThreadPool$Runner.idleJobPoll(QueuedThreadPool.java:974)
        at app//org.eclipse.jetty.util.thread.QueuedThreadPool$Runner.run(QueuedThreadPool.java:1018)
        at java.base@21.0.8/java.lang.Thread.runWith(Thread.java:1596)
        at java.base@21.0.8/java.lang.Thread.run(Thread.java:1583)
"IPC Server listener on 15019" daemon prio=5 tid=575 runnable
java.lang.Thread.State: RUNNABLE
        at java.base@21.0.8/sun.nio.ch.EPoll.wait(Native Method)
        at java.base@21.0.8/sun.nio.ch.EPollSelectorImpl.doSelect(EPollSelectorImpl.java:121)
        at java.base@21.0.8/sun.nio.ch.SelectorImpl.lockAndDoSelect(SelectorImpl.java:130)
        at java.base@21.0.8/sun.nio.ch.SelectorImpl.select(SelectorImpl.java:147)
        at app//org.apache.hadoop.ipc.Server$Listener.run(Server.java:1559)
"IPC Server handler 88 on default port 15001" daemon prio=5 tid=309 timed_waiting
java.lang.Thread.State: TIMED_WAITING
        at java.base@21.0.8/jdk.internal.misc.Unsafe.park(Native Method)
        at java.base@21.0.8/java.util.concurrent.locks.LockSupport.parkNanos(LockSupport.java:269)
        at java.base@21.0.8/java.util.concurrent.locks.AbstractQueuedSynchronizer$ConditionObject.awaitNanos(AbstractQueuedSynchronizer.java:1763)
        at java.base@21.0.8/java.util.concurrent.LinkedBlockingQueue.poll(LinkedBlockingQueue.java:460)
        at app//org.apache.hadoop.ipc.CallQueueManager.take(CallQueueManager.java:370)
        at app//org.apache.hadoop.ipc.Server$Handler.run(Server.java:3165)
"IPC Server handler 39 on default port 15002" daemon prio=5 tid=378 timed_waiting
java.lang.Thread.State: TIMED_WAITING
        at java.base@21.0.8/jdk.internal.misc.Unsafe.park(Native Method)
        at java.base@21.0.8/java.util.concurrent.locks.LockSupport.parkNanos(LockSupport.java:269)
        at java.base@21.0.8/java.util.concurrent.locks.AbstractQueuedSynchronizer$ConditionObject.awaitNanos(AbstractQueuedSynchronizer.java:1763)
        at java.base@21.0.8/java.util.concurrent.LinkedBlockingQueue.poll(LinkedBlockingQueue.java:460)
        at app//org.apache.hadoop.ipc.CallQueueManager.take(CallQueueManager.java:370)
        at app//org.apache.hadoop.ipc.Server$Handler.run(Server.java:3165)
"ForkJoinPool.commonPool-worker-1" daemon prio=5 tid=514 in Object.wait()
java.lang.Thread.State: WAITING (on object monitor)
        at java.base@21.0.8/jdk.internal.misc.Unsafe.park(Native Method)
        at java.base@21.0.8/java.util.concurrent.locks.LockSupport.park(LockSupport.java:371)
        at java.base@21.0.8/java.util.concurrent.ForkJoinPool.awaitWork(ForkJoinPool.java:1893)
        at java.base@21.0.8/java.util.concurrent.ForkJoinPool.runWorker(ForkJoinPool.java:1809)
        at java.base@21.0.8/java.util.concurrent.ForkJoinWorkerThread.run(ForkJoinWorkerThread.java:188)
"om1-KeyDeletingService#0" daemon prio=5 tid=472 in Object.wait()
java.lang.Thread.State: WAITING (on object monitor)
        at java.base@21.0.8/jdk.internal.misc.Unsafe.park(Native Method)
        at java.base@21.0.8/java.util.concurrent.locks.LockSupport.park(LockSupport.java:371)
        at java.base@21.0.8/java.util.concurrent.locks.AbstractQueuedSynchronizer$ConditionNode.block(AbstractQueuedSynchronizer.java:519)
        at java.base@21.0.8/java.util.concurrent.ForkJoinPool.unmanagedBlock(ForkJoinPool.java:3780)
        at java.base@21.0.8/java.util.concurrent.ForkJoinPool.managedBlock(ForkJoinPool.java:3725)
        at java.base@21.0.8/java.util.concurrent.locks.AbstractQueuedSynchronizer$ConditionObject.await(AbstractQueuedSynchronizer.java:1712)
        at java.base@21.0.8/java.util.concurrent.ScheduledThreadPoolExecutor$DelayedWorkQueue.take(ScheduledThreadPoolExecutor.java:1177)
        at java.base@21.0.8/java.util.concurrent.ScheduledThreadPoolExecutor$DelayedWorkQueue.take(ScheduledThreadPoolExecutor.java:899)
        at java.base@21.0.8/java.util.concurrent.ThreadPoolExecutor.getTask(ThreadPoolExecutor.java:1070)
        at java.base@21.0.8/java.util.concurrent.ThreadPoolExecutor.runWorker(ThreadPoolExecutor.java:1130)
        at java.base@21.0.8/java.util.concurrent.ThreadPoolExecutor$Worker.run(ThreadPoolExecutor.java:642)
        at java.base@21.0.8/java.lang.Thread.runWith(Thread.java:1596)
        at java.base@21.0.8/java.lang.Thread.run(Thread.java:1583)
"IPC Server handler 8 on default port 15035" daemon prio=5 tid=713 timed_waiting
java.lang.Thread.State: TIMED_WAITING
        at java.base@21.0.8/jdk.internal.misc.Unsafe.park(Native Method)
        at java.base@21.0.8/java.util.concurrent.locks.LockSupport.parkNanos(LockSupport.java:269)
        at java.base@21.0.8/java.util.concurrent.locks.AbstractQueuedSynchronizer$ConditionObject.awaitNanos(AbstractQueuedSynchronizer.java:1763)
        at java.base@21.0.8/java.util.concurrent.LinkedBlockingQueue.poll(LinkedBlockingQueue.java:460)
        at app//org.apache.hadoop.ipc.CallQueueManager.take(CallQueueManager.java:370)
        at app//org.apache.hadoop.ipc.Server$Handler.run(Server.java:3165)
"IPC Server handler 48 on default port 15001" daemon prio=5 tid=269 timed_waiting
java.lang.Thread.State: TIMED_WAITING
        at java.base@21.0.8/jdk.internal.misc.Unsafe.park(Native Method)
        at java.base@21.0.8/java.util.concurrent.locks.LockSupport.parkNanos(LockSupport.java:269)
        at java.base@21.0.8/java.util.concurrent.locks.AbstractQueuedSynchronizer$ConditionObject.awaitNanos(AbstractQueuedSynchronizer.java:1763)
        at java.base@21.0.8/java.util.concurrent.LinkedBlockingQueue.poll(LinkedBlockingQueue.java:460)
        at app//org.apache.hadoop.ipc.CallQueueManager.take(CallQueueManager.java:370)
        at app//org.apache.hadoop.ipc.Server$Handler.run(Server.java:3165)
"IPC Server handler 55 on default port 15000" daemon prio=5 tid=176 timed_waiting
java.lang.Thread.State: TIMED_WAITING
        at java.base@21.0.8/jdk.internal.misc.Unsafe.park(Native Method)
        at java.base@21.0.8/java.util.concurrent.locks.LockSupport.parkNanos(LockSupport.java:269)
        at java.base@21.0.8/java.util.concurrent.locks.AbstractQueuedSynchronizer$ConditionObject.awaitNanos(AbstractQueuedSynchronizer.java:1763)
        at java.base@21.0.8/java.util.concurrent.LinkedBlockingQueue.poll(LinkedBlockingQueue.java:460)
        at app//org.apache.hadoop.ipc.CallQueueManager.take(CallQueueManager.java:370)
        at app//org.apache.hadoop.ipc.Server$Handler.run(Server.java:3165)
"IPC Server handler 49 on default port 15000" daemon prio=5 tid=170 timed_waiting
java.lang.Thread.State: TIMED_WAITING
        at java.base@21.0.8/jdk.internal.misc.Unsafe.park(Native Method)
        at java.base@21.0.8/java.util.concurrent.locks.LockSupport.parkNanos(LockSupport.java:269)
        at java.base@21.0.8/java.util.concurrent.locks.AbstractQueuedSynchronizer$ConditionObject.awaitNanos(AbstractQueuedSynchronizer.java:1763)
        at java.base@21.0.8/java.util.concurrent.LinkedBlockingQueue.poll(LinkedBlockingQueue.java:460)
        at app//org.apache.hadoop.ipc.CallQueueManager.take(CallQueueManager.java:370)
        at app//org.apache.hadoop.ipc.Server$Handler.run(Server.java:3165)
"IPC Server handler 86 on default port 15002" daemon prio=5 tid=425 timed_waiting
java.lang.Thread.State: TIMED_WAITING
        at java.base@21.0.8/jdk.internal.misc.Unsafe.park(Native Method)
        at java.base@21.0.8/java.util.concurrent.locks.LockSupport.parkNanos(LockSupport.java:269)
        at java.base@21.0.8/java.util.concurrent.locks.AbstractQueuedSynchronizer$ConditionObject.awaitNanos(AbstractQueuedSynchronizer.java:1763)
        at java.base@21.0.8/java.util.concurrent.LinkedBlockingQueue.poll(LinkedBlockingQueue.java:460)
        at app//org.apache.hadoop.ipc.CallQueueManager.take(CallQueueManager.java:370)
        at app//org.apache.hadoop.ipc.Server$Handler.run(Server.java:3165)
"IPC Server listener on 15000" daemon prio=5 tid=90 runnable
java.lang.Thread.State: RUNNABLE
        at java.base@21.0.8/sun.nio.ch.EPoll.wait(Native Method)
        at java.base@21.0.8/sun.nio.ch.EPollSelectorImpl.doSelect(EPollSelectorImpl.java:121)
        at java.base@21.0.8/sun.nio.ch.SelectorImpl.lockAndDoSelect(SelectorImpl.java:130)
        at java.base@21.0.8/sun.nio.ch.SelectorImpl.select(SelectorImpl.java:147)
        at app//org.apache.hadoop.ipc.Server$Listener.run(Server.java:1559)
"IPC Server handler 4 on default port 15000" daemon prio=5 tid=125 timed_waiting
java.lang.Thread.State: TIMED_WAITING
        at java.base@21.0.8/jdk.internal.misc.Unsafe.park(Native Method)
        at java.base@21.0.8/java.util.concurrent.locks.LockSupport.parkNanos(LockSupport.java:269)
        at java.base@21.0.8/java.util.concurrent.locks.AbstractQueuedSynchronizer$ConditionObject.awaitNanos(AbstractQueuedSynchronizer.java:1763)
        at java.base@21.0.8/java.util.concurrent.LinkedBlockingQueue.poll(LinkedBlockingQueue.java:460)
        at app//org.apache.hadoop.ipc.CallQueueManager.take(CallQueueManager.java:370)
        at app//org.apache.hadoop.ipc.Server$Handler.run(Server.java:3165)
"IPC Server handler 3 on default port 15035" daemon prio=5 tid=708 timed_waiting
java.lang.Thread.State: TIMED_WAITING
        at java.base@21.0.8/jdk.internal.misc.Unsafe.park(Native Method)
        at java.base@21.0.8/java.util.concurrent.locks.LockSupport.parkNanos(LockSupport.java:269)
        at java.base@21.0.8/java.util.concurrent.locks.AbstractQueuedSynchronizer$ConditionObject.awaitNanos(AbstractQueuedSynchronizer.java:1763)
        at java.base@21.0.8/java.util.concurrent.LinkedBlockingQueue.poll(LinkedBlockingQueue.java:460)
        at app//org.apache.hadoop.ipc.CallQueueManager.take(CallQueueManager.java:370)
        at app//org.apache.hadoop.ipc.Server$Handler.run(Server.java:3165)
"IPC Server handler 4 on default port 15043" daemon prio=5 tid=784 timed_waiting
java.lang.Thread.State: TIMED_WAITING
        at java.base@21.0.8/jdk.internal.misc.Unsafe.park(Native Method)
        at java.base@21.0.8/java.util.concurrent.locks.LockSupport.parkNanos(LockSupport.java:269)
        at java.base@21.0.8/java.util.concurrent.locks.AbstractQueuedSynchronizer$ConditionObject.awaitNanos(AbstractQueuedSynchronizer.java:1763)
        at java.base@21.0.8/java.util.concurrent.LinkedBlockingQueue.poll(LinkedBlockingQueue.java:460)
        at app//org.apache.hadoop.ipc.CallQueueManager.take(CallQueueManager.java:370)
        at app//org.apache.hadoop.ipc.Server$Handler.run(Server.java:3165)
"om1-SnapshotDiffCleanupService#0" daemon prio=5 tid=444 timed_waiting
java.lang.Thread.State: TIMED_WAITING
        at java.base@21.0.8/jdk.internal.misc.Unsafe.park(Native Method)
        at java.base@21.0.8/java.util.concurrent.locks.LockSupport.parkNanos(LockSupport.java:269)
        at java.base@21.0.8/java.util.concurrent.locks.AbstractQueuedSynchronizer$ConditionObject.awaitNanos(AbstractQueuedSynchronizer.java:1763)
        at java.base@21.0.8/java.util.concurrent.ScheduledThreadPoolExecutor$DelayedWorkQueue.take(ScheduledThreadPoolExecutor.java:1182)
        at java.base@21.0.8/java.util.concurrent.ScheduledThreadPoolExecutor$DelayedWorkQueue.take(ScheduledThreadPoolExecutor.java:899)
        at java.base@21.0.8/java.util.concurrent.ThreadPoolExecutor.getTask(ThreadPoolExecutor.java:1070)
        at java.base@21.0.8/java.util.concurrent.ThreadPoolExecutor.runWorker(ThreadPoolExecutor.java:1130)
        at java.base@21.0.8/java.util.concurrent.ThreadPoolExecutor$Worker.run(ThreadPoolExecutor.java:642)
        at java.base@21.0.8/java.lang.Thread.runWith(Thread.java:1596)
        at java.base@21.0.8/java.lang.Thread.run(Thread.java:1583)
"IPC Server handler 10 on default port 15006" daemon prio=5 tid=502 timed_waiting
java.lang.Thread.State: TIMED_WAITING
        at java.base@21.0.8/jdk.internal.misc.Unsafe.park(Native Method)
        at java.base@21.0.8/java.util.concurrent.locks.LockSupport.parkNanos(LockSupport.java:269)
        at java.base@21.0.8/java.util.concurrent.locks.AbstractQueuedSynchronizer$ConditionObject.awaitNanos(AbstractQueuedSynchronizer.java:1763)
        at java.base@21.0.8/java.util.concurrent.LinkedBlockingQueue.poll(LinkedBlockingQueue.java:460)
        at app//org.apache.hadoop.ipc.CallQueueManager.take(CallQueueManager.java:370)
        at app//org.apache.hadoop.ipc.Server$Handler.run(Server.java:3165)
"IPC Server handler 54 on default port 15001" daemon prio=5 tid=275 timed_waiting
java.lang.Thread.State: TIMED_WAITING
        at java.base@21.0.8/jdk.internal.misc.Unsafe.park(Native Method)
        at java.base@21.0.8/java.util.concurrent.locks.LockSupport.parkNanos(LockSupport.java:269)
        at java.base@21.0.8/java.util.concurrent.locks.AbstractQueuedSynchronizer$ConditionObject.awaitNanos(AbstractQueuedSynchronizer.java:1763)
        at java.base@21.0.8/java.util.concurrent.LinkedBlockingQueue.poll(LinkedBlockingQueue.java:460)
        at app//org.apache.hadoop.ipc.CallQueueManager.take(CallQueueManager.java:370)
        at app//org.apache.hadoop.ipc.Server$Handler.run(Server.java:3165)
"d3e19d45-0b2b-4921-9b28-39a5e9747ac8-ChunkReader-ELG-0" daemon prio=5 tid=845 runnable
java.lang.Thread.State: RUNNABLE
        at app//org.apache.ratis.thirdparty.io.netty.channel.epoll.Native.epollWait(Native Method)
        at app//org.apache.ratis.thirdparty.io.netty.channel.epoll.Native.epollWait(Native.java:220)
        at app//org.apache.ratis.thirdparty.io.netty.channel.epoll.Native.epollWait(Native.java:213)
        at app//org.apache.ratis.thirdparty.io.netty.channel.epoll.EpollEventLoop.epollWaitNoTimerChange(EpollEventLoop.java:308)
        at app//org.apache.ratis.thirdparty.io.netty.channel.epoll.EpollEventLoop.run(EpollEventLoop.java:365)
        at app//org.apache.ratis.thirdparty.io.netty.util.concurrent.SingleThreadEventExecutor$4.run(SingleThreadEventExecutor.java:998)
        at app//org.apache.ratis.thirdparty.io.netty.util.internal.ThreadExecutorMap$2.run(ThreadExecutorMap.java:74)
        at java.base@21.0.8/java.lang.Thread.runWith(Thread.java:1596)
        at java.base@21.0.8/java.lang.Thread.run(Thread.java:1583)
"IPC Server handler 35 on default port 15002" daemon prio=5 tid=374 timed_waiting
java.lang.Thread.State: TIMED_WAITING
        at java.base@21.0.8/jdk.internal.misc.Unsafe.park(Native Method)
        at java.base@21.0.8/java.util.concurrent.locks.LockSupport.parkNanos(LockSupport.java:269)
        at java.base@21.0.8/java.util.concurrent.locks.AbstractQueuedSynchronizer$ConditionObject.awaitNanos(AbstractQueuedSynchronizer.java:1763)
        at java.base@21.0.8/java.util.concurrent.LinkedBlockingQueue.poll(LinkedBlockingQueue.java:460)
        at app//org.apache.hadoop.ipc.CallQueueManager.take(CallQueueManager.java:370)
        at app//org.apache.hadoop.ipc.Server$Handler.run(Server.java:3165)
"IPC Server handler 72 on default port 15002" daemon prio=5 tid=411 timed_waiting
java.lang.Thread.State: TIMED_WAITING
        at java.base@21.0.8/jdk.internal.misc.Unsafe.park(Native Method)
        at java.base@21.0.8/java.util.concurrent.locks.LockSupport.parkNanos(LockSupport.java:269)
        at java.base@21.0.8/java.util.concurrent.locks.AbstractQueuedSynchronizer$ConditionObject.awaitNanos(AbstractQueuedSynchronizer.java:1763)
        at java.base@21.0.8/java.util.concurrent.LinkedBlockingQueue.poll(LinkedBlockingQueue.java:460)
        at app//org.apache.hadoop.ipc.CallQueueManager.take(CallQueueManager.java:370)
        at app//org.apache.hadoop.ipc.Server$Handler.run(Server.java:3165)
"IPC Server handler 83 on default port 15000" daemon prio=5 tid=204 timed_waiting
java.lang.Thread.State: TIMED_WAITING
        at java.base@21.0.8/jdk.internal.misc.Unsafe.park(Native Method)
        at java.base@21.0.8/java.util.concurrent.locks.LockSupport.parkNanos(LockSupport.java:269)
        at java.base@21.0.8/java.util.concurrent.locks.AbstractQueuedSynchronizer$ConditionObject.awaitNanos(AbstractQueuedSynchronizer.java:1763)
        at java.base@21.0.8/java.util.concurrent.LinkedBlockingQueue.poll(LinkedBlockingQueue.java:460)
        at app//org.apache.hadoop.ipc.CallQueueManager.take(CallQueueManager.java:370)
        at app//org.apache.hadoop.ipc.Server$Handler.run(Server.java:3165)
"IPC Server handler 30 on default port 15002" daemon prio=5 tid=369 timed_waiting
java.lang.Thread.State: TIMED_WAITING
        at java.base@21.0.8/jdk.internal.misc.Unsafe.park(Native Method)
        at java.base@21.0.8/java.util.concurrent.locks.LockSupport.parkNanos(LockSupport.java:269)
        at java.base@21.0.8/java.util.concurrent.locks.AbstractQueuedSynchronizer$ConditionObject.awaitNanos(AbstractQueuedSynchronizer.java:1763)
        at java.base@21.0.8/java.util.concurrent.LinkedBlockingQueue.poll(LinkedBlockingQueue.java:460)
        at app//org.apache.hadoop.ipc.CallQueueManager.take(CallQueueManager.java:370)
        at app//org.apache.hadoop.ipc.Server$Handler.run(Server.java:3165)
"om1-OMDoubleBufferFlushThread" daemon prio=5 tid=446 timed_waiting
java.lang.Thread.State: TIMED_WAITING
        at java.base@21.0.8/java.lang.Object.wait0(Native Method)
        at java.base@21.0.8/java.lang.Object.wait(Object.java:366)
        at app//org.apache.hadoop.ozone.om.ratis.OzoneManagerDoubleBuffer.canFlush(OzoneManagerDoubleBuffer.java:547)
        at app//org.apache.hadoop.ozone.om.ratis.OzoneManagerDoubleBuffer.flushTransactions(OzoneManagerDoubleBuffer.java:279)
        at app//org.apache.hadoop.ozone.om.ratis.OzoneManagerDoubleBuffer$$Lambda/0x00007fd1ac7c7ca0.run(Unknown Source)
        at java.base@21.0.8/java.lang.Thread.runWith(Thread.java:1596)
        at java.base@21.0.8/java.lang.Thread.run(Thread.java:1583)
"25d9f169-1c9e-47c6-a2a2-d20fb3c5fda2-PeriodicHDDSVolumeChecker" daemon prio=5 tid=814 timed_waiting
java.lang.Thread.State: TIMED_WAITING
        at java.base@21.0.8/jdk.internal.misc.Unsafe.park(Native Method)
        at java.base@21.0.8/java.util.concurrent.locks.LockSupport.parkNanos(LockSupport.java:269)
        at java.base@21.0.8/java.util.concurrent.locks.AbstractQueuedSynchronizer$ConditionObject.awaitNanos(AbstractQueuedSynchronizer.java:1763)
        at java.base@21.0.8/java.util.concurrent.ScheduledThreadPoolExecutor$DelayedWorkQueue.take(ScheduledThreadPoolExecutor.java:1182)
        at java.base@21.0.8/java.util.concurrent.ScheduledThreadPoolExecutor$DelayedWorkQueue.take(ScheduledThreadPoolExecutor.java:899)
        at java.base@21.0.8/java.util.concurrent.ThreadPoolExecutor.getTask(ThreadPoolExecutor.java:1070)
        at java.base@21.0.8/java.util.concurrent.ThreadPoolExecutor.runWorker(ThreadPoolExecutor.java:1130)
        at java.base@21.0.8/java.util.concurrent.ThreadPoolExecutor$Worker.run(ThreadPoolExecutor.java:642)
        at java.base@21.0.8/java.lang.Thread.runWith(Thread.java:1596)
        at java.base@21.0.8/java.lang.Thread.run(Thread.java:1583)
"IPC Server handler 93 on default port 15001" daemon prio=5 tid=314 timed_waiting
java.lang.Thread.State: TIMED_WAITING
        at java.base@21.0.8/jdk.internal.misc.Unsafe.park(Native Method)
        at java.base@21.0.8/java.util.concurrent.locks.LockSupport.parkNanos(LockSupport.java:269)
        at java.base@21.0.8/java.util.concurrent.locks.AbstractQueuedSynchronizer$ConditionObject.awaitNanos(AbstractQueuedSynchronizer.java:1763)
        at java.base@21.0.8/java.util.concurrent.LinkedBlockingQueue.poll(LinkedBlockingQueue.java:460)
        at app//org.apache.hadoop.ipc.CallQueueManager.take(CallQueueManager.java:370)
        at app//org.apache.hadoop.ipc.Server$Handler.run(Server.java:3165)
"Socket Reader #4 for port 15043" daemon prio=5 tid=765 runnable
java.lang.Thread.State: RUNNABLE
        at java.base@21.0.8/sun.nio.ch.EPoll.wait(Native Method)
        at java.base@21.0.8/sun.nio.ch.EPollSelectorImpl.doSelect(EPollSelectorImpl.java:121)
        at java.base@21.0.8/sun.nio.ch.SelectorImpl.lockAndDoSelect(SelectorImpl.java:130)
        at java.base@21.0.8/sun.nio.ch.SelectorImpl.select(SelectorImpl.java:147)
        at app//org.apache.hadoop.ipc.Server$Listener$Reader.doRunLoop(Server.java:1497)
        at app//org.apache.hadoop.ipc.Server$Listener$Reader.run(Server.java:1476)
"IPC Server handler 65 on default port 15001" daemon prio=5 tid=286 timed_waiting
java.lang.Thread.State: TIMED_WAITING
        at java.base@21.0.8/jdk.internal.misc.Unsafe.park(Native Method)
        at java.base@21.0.8/java.util.concurrent.locks.LockSupport.parkNanos(LockSupport.java:269)
        at java.base@21.0.8/java.util.concurrent.locks.AbstractQueuedSynchronizer$ConditionObject.awaitNanos(AbstractQueuedSynchronizer.java:1763)
        at java.base@21.0.8/java.util.concurrent.LinkedBlockingQueue.poll(LinkedBlockingQueue.java:460)
        at app//org.apache.hadoop.ipc.CallQueueManager.take(CallQueueManager.java:370)
        at app//org.apache.hadoop.ipc.Server$Handler.run(Server.java:3165)
"IPC Server handler 64 on default port 15000" daemon prio=5 tid=185 timed_waiting
java.lang.Thread.State: TIMED_WAITING
        at java.base@21.0.8/jdk.internal.misc.Unsafe.park(Native Method)
        at java.base@21.0.8/java.util.concurrent.locks.LockSupport.parkNanos(LockSupport.java:269)
        at java.base@21.0.8/java.util.concurrent.locks.AbstractQueuedSynchronizer$ConditionObject.awaitNanos(AbstractQueuedSynchronizer.java:1763)
        at java.base@21.0.8/java.util.concurrent.LinkedBlockingQueue.poll(LinkedBlockingQueue.java:460)
        at app//org.apache.hadoop.ipc.CallQueueManager.take(CallQueueManager.java:370)
        at app//org.apache.hadoop.ipc.Server$Handler.run(Server.java:3165)
"Session-HouseKeeper-7e99c50f-1"  prio=5 tid=672 timed_waiting
java.lang.Thread.State: TIMED_WAITING
        at java.base@21.0.8/jdk.internal.misc.Unsafe.park(Native Method)
        at java.base@21.0.8/java.util.concurrent.locks.LockSupport.parkNanos(LockSupport.java:269)
        at java.base@21.0.8/java.util.concurrent.locks.AbstractQueuedSynchronizer$ConditionObject.awaitNanos(AbstractQueuedSynchronizer.java:1763)
        at java.base@21.0.8/java.util.concurrent.ScheduledThreadPoolExecutor$DelayedWorkQueue.take(ScheduledThreadPoolExecutor.java:1182)
        at java.base@21.0.8/java.util.concurrent.ScheduledThreadPoolExecutor$DelayedWorkQueue.take(ScheduledThreadPoolExecutor.java:899)
        at java.base@21.0.8/java.util.concurrent.ThreadPoolExecutor.getTask(ThreadPoolExecutor.java:1070)
        at java.base@21.0.8/java.util.concurrent.ThreadPoolExecutor.runWorker(ThreadPoolExecutor.java:1130)
        at java.base@21.0.8/java.util.concurrent.ThreadPoolExecutor$Worker.run(ThreadPoolExecutor.java:642)
        at java.base@21.0.8/java.lang.Thread.runWith(Thread.java:1596)
        at java.base@21.0.8/java.lang.Thread.run(Thread.java:1583)
"Hadoop-Metrics-Updater-0" daemon prio=5 tid=75 timed_waiting
java.lang.Thread.State: TIMED_WAITING
        at java.base@21.0.8/jdk.internal.misc.Unsafe.park(Native Method)
        at java.base@21.0.8/java.util.concurrent.locks.LockSupport.parkNanos(LockSupport.java:269)
        at java.base@21.0.8/java.util.concurrent.locks.AbstractQueuedSynchronizer$ConditionObject.awaitNanos(AbstractQueuedSynchronizer.java:1763)
        at java.base@21.0.8/java.util.concurrent.ScheduledThreadPoolExecutor$DelayedWorkQueue.take(ScheduledThreadPoolExecutor.java:1182)
        at java.base@21.0.8/java.util.concurrent.ScheduledThreadPoolExecutor$DelayedWorkQueue.take(ScheduledThreadPoolExecutor.java:899)
        at java.base@21.0.8/java.util.concurrent.ThreadPoolExecutor.getTask(ThreadPoolExecutor.java:1070)
        at java.base@21.0.8/java.util.concurrent.ThreadPoolExecutor.runWorker(ThreadPoolExecutor.java:1130)
        at java.base@21.0.8/java.util.concurrent.ThreadPoolExecutor$Worker.run(ThreadPoolExecutor.java:642)
        at java.base@21.0.8/java.lang.Thread.runWith(Thread.java:1596)
        at java.base@21.0.8/java.lang.Thread.run(Thread.java:1583)
"IPC Server handler 42 on default port 15000" daemon prio=5 tid=163 timed_waiting
java.lang.Thread.State: TIMED_WAITING
        at java.base@21.0.8/jdk.internal.misc.Unsafe.park(Native Method)
        at java.base@21.0.8/java.util.concurrent.locks.LockSupport.parkNanos(LockSupport.java:269)
        at java.base@21.0.8/java.util.concurrent.locks.AbstractQueuedSynchronizer$ConditionObject.awaitNanos(AbstractQueuedSynchronizer.java:1763)
        at java.base@21.0.8/java.util.concurrent.LinkedBlockingQueue.poll(LinkedBlockingQueue.java:460)
        at app//org.apache.hadoop.ipc.CallQueueManager.take(CallQueueManager.java:370)
        at app//org.apache.hadoop.ipc.Server$Handler.run(Server.java:3165)
"Socket Reader #7 for port 15027" daemon prio=5 tid=630 runnable
java.lang.Thread.State: RUNNABLE
        at java.base@21.0.8/sun.nio.ch.EPoll.wait(Native Method)
        at java.base@21.0.8/sun.nio.ch.EPollSelectorImpl.doSelect(EPollSelectorImpl.java:121)
        at java.base@21.0.8/sun.nio.ch.SelectorImpl.lockAndDoSelect(SelectorImpl.java:130)
        at java.base@21.0.8/sun.nio.ch.SelectorImpl.select(SelectorImpl.java:147)
        at app//org.apache.hadoop.ipc.Server$Listener$Reader.doRunLoop(Server.java:1497)
        at app//org.apache.hadoop.ipc.Server$Listener$Reader.run(Server.java:1476)
"IPC Server handler 6 on default port 15001" daemon prio=5 tid=227 timed_waiting
java.lang.Thread.State: TIMED_WAITING
        at java.base@21.0.8/jdk.internal.misc.Unsafe.park(Native Method)
        at java.base@21.0.8/java.util.concurrent.locks.LockSupport.parkNanos(LockSupport.java:269)
        at java.base@21.0.8/java.util.concurrent.locks.AbstractQueuedSynchronizer$ConditionObject.awaitNanos(AbstractQueuedSynchronizer.java:1763)
        at java.base@21.0.8/java.util.concurrent.LinkedBlockingQueue.poll(LinkedBlockingQueue.java:460)
        at app//org.apache.hadoop.ipc.CallQueueManager.take(CallQueueManager.java:370)
        at app//org.apache.hadoop.ipc.Server$Handler.run(Server.java:3165)
"83932d67-4fdc-4fe4-8fe1-3df6c3f1844a-ChunkReader-ELG-0" daemon prio=5 tid=738 timed_waiting
java.lang.Thread.State: TIMED_WAITING
        at java.base@21.0.8/java.lang.Thread.sleep0(Native Method)
        at java.base@21.0.8/java.lang.Thread.sleep(Thread.java:509)
        at app//org.apache.ratis.thirdparty.io.netty.util.concurrent.SingleThreadEventExecutor.confirmShutdown(SingleThreadEventExecutor.java:790)
        at app//org.apache.ratis.thirdparty.io.netty.channel.epoll.EpollEventLoop.run(EpollEventLoop.java:423)
        at app//org.apache.ratis.thirdparty.io.netty.util.concurrent.SingleThreadEventExecutor$4.run(SingleThreadEventExecutor.java:998)
        at app//org.apache.ratis.thirdparty.io.netty.util.internal.ThreadExecutorMap$2.run(ThreadExecutorMap.java:74)
        at java.base@21.0.8/java.lang.Thread.runWith(Thread.java:1596)
        at java.base@21.0.8/java.lang.Thread.run(Thread.java:1583)
"25d9f169-1c9e-47c6-a2a2-d20fb3c5fda2-CreatePipelineCommandHandlerThread-0"  prio=5 tid=960 in Object.wait()
java.lang.Thread.State: WAITING (on object monitor)
        at java.base@21.0.8/jdk.internal.misc.Unsafe.park(Native Method)
        at java.base@21.0.8/java.util.concurrent.locks.LockSupport.park(LockSupport.java:371)
        at java.base@21.0.8/java.util.concurrent.locks.AbstractQueuedSynchronizer$ConditionNode.block(AbstractQueuedSynchronizer.java:519)
        at java.base@21.0.8/java.util.concurrent.ForkJoinPool.unmanagedBlock(ForkJoinPool.java:3780)
        at java.base@21.0.8/java.util.concurrent.ForkJoinPool.managedBlock(ForkJoinPool.java:3725)
        at java.base@21.0.8/java.util.concurrent.locks.AbstractQueuedSynchronizer$ConditionObject.await(AbstractQueuedSynchronizer.java:1712)
        at java.base@21.0.8/java.util.concurrent.LinkedBlockingQueue.take(LinkedBlockingQueue.java:435)
        at java.base@21.0.8/java.util.concurrent.ThreadPoolExecutor.getTask(ThreadPoolExecutor.java:1070)
        at java.base@21.0.8/java.util.concurrent.ThreadPoolExecutor.runWorker(ThreadPoolExecutor.java:1130)
        at java.base@21.0.8/java.util.concurrent.ThreadPoolExecutor$Worker.run(ThreadPoolExecutor.java:642)
        at java.base@21.0.8/java.lang.Thread.runWith(Thread.java:1596)
        at java.base@21.0.8/java.lang.Thread.run(Thread.java:1583)
"IPC Server handler 31 on default port 15001" daemon prio=5 tid=252 timed_waiting
java.lang.Thread.State: TIMED_WAITING
        at java.base@21.0.8/jdk.internal.misc.Unsafe.park(Native Method)
        at java.base@21.0.8/java.util.concurrent.locks.LockSupport.parkNanos(LockSupport.java:269)
        at java.base@21.0.8/java.util.concurrent.locks.AbstractQueuedSynchronizer$ConditionObject.awaitNanos(AbstractQueuedSynchronizer.java:1763)
        at java.base@21.0.8/java.util.concurrent.LinkedBlockingQueue.poll(LinkedBlockingQueue.java:460)
        at app//org.apache.hadoop.ipc.CallQueueManager.take(CallQueueManager.java:370)
        at app//org.apache.hadoop.ipc.Server$Handler.run(Server.java:3165)
"qtp1960486456-487" daemon prio=5 tid=487 timed_waiting
java.lang.Thread.State: TIMED_WAITING
        at java.base@21.0.8/jdk.internal.misc.Unsafe.park(Native Method)
        at java.base@21.0.8/java.util.concurrent.locks.LockSupport.parkNanos(LockSupport.java:269)
        at java.base@21.0.8/java.util.concurrent.locks.AbstractQueuedSynchronizer$ConditionObject.awaitNanos(AbstractQueuedSynchronizer.java:1763)
        at app//org.eclipse.jetty.util.BlockingArrayQueue.poll(BlockingArrayQueue.java:382)
        at app//org.eclipse.jetty.util.thread.QueuedThreadPool$Runner.idleJobPoll(QueuedThreadPool.java:974)
        at app//org.eclipse.jetty.util.thread.QueuedThreadPool$Runner.run(QueuedThreadPool.java:1018)
        at java.base@21.0.8/java.lang.Thread.runWith(Thread.java:1596)
        at java.base@21.0.8/java.lang.Thread.run(Thread.java:1583)
"om1-DirectoryDeletingService#2" daemon prio=5 tid=479 in Object.wait()
java.lang.Thread.State: WAITING (on object monitor)
        at java.base@21.0.8/jdk.internal.misc.Unsafe.park(Native Method)
        at java.base@21.0.8/java.util.concurrent.locks.LockSupport.park(LockSupport.java:371)
        at java.base@21.0.8/java.util.concurrent.locks.AbstractQueuedSynchronizer$ConditionNode.block(AbstractQueuedSynchronizer.java:519)
        at java.base@21.0.8/java.util.concurrent.ForkJoinPool.unmanagedBlock(ForkJoinPool.java:3780)
        at java.base@21.0.8/java.util.concurrent.ForkJoinPool.managedBlock(ForkJoinPool.java:3725)
        at java.base@21.0.8/java.util.concurrent.locks.AbstractQueuedSynchronizer$ConditionObject.await(AbstractQueuedSynchronizer.java:1712)
        at java.base@21.0.8/java.util.concurrent.ScheduledThreadPoolExecutor$DelayedWorkQueue.take(ScheduledThreadPoolExecutor.java:1177)
        at java.base@21.0.8/java.util.concurrent.ScheduledThreadPoolExecutor$DelayedWorkQueue.take(ScheduledThreadPoolExecutor.java:899)
        at java.base@21.0.8/java.util.concurrent.ThreadPoolExecutor.getTask(ThreadPoolExecutor.java:1070)
        at java.base@21.0.8/java.util.concurrent.ThreadPoolExecutor.runWorker(ThreadPoolExecutor.java:1130)
        at java.base@21.0.8/java.util.concurrent.ThreadPoolExecutor$Worker.run(ThreadPoolExecutor.java:642)
        at java.base@21.0.8/java.lang.Thread.runWith(Thread.java:1596)
        at java.base@21.0.8/java.lang.Thread.run(Thread.java:1583)
"om1-MultipartUploadCleanupService#0" daemon prio=5 tid=481 timed_waiting
java.lang.Thread.State: TIMED_WAITING
        at java.base@21.0.8/jdk.internal.misc.Unsafe.park(Native Method)
        at java.base@21.0.8/java.util.concurrent.locks.LockSupport.parkNanos(LockSupport.java:269)
        at java.base@21.0.8/java.util.concurrent.locks.AbstractQueuedSynchronizer$ConditionObject.awaitNanos(AbstractQueuedSynchronizer.java:1763)
        at java.base@21.0.8/java.util.concurrent.ScheduledThreadPoolExecutor$DelayedWorkQueue.take(ScheduledThreadPoolExecutor.java:1182)
        at java.base@21.0.8/java.util.concurrent.ScheduledThreadPoolExecutor$DelayedWorkQueue.take(ScheduledThreadPoolExecutor.java:899)
        at java.base@21.0.8/java.util.concurrent.ThreadPoolExecutor.getTask(ThreadPoolExecutor.java:1070)
        at java.base@21.0.8/java.util.concurrent.ThreadPoolExecutor.runWorker(ThreadPoolExecutor.java:1130)
        at java.base@21.0.8/java.util.concurrent.ThreadPoolExecutor$Worker.run(ThreadPoolExecutor.java:642)
        at java.base@21.0.8/java.lang.Thread.runWith(Thread.java:1596)
        at java.base@21.0.8/java.lang.Thread.run(Thread.java:1583)
"LeaseManager#LeaseMonitor" daemon prio=5 tid=322 timed_waiting
java.lang.Thread.State: TIMED_WAITING
        at java.base@21.0.8/jdk.internal.misc.Unsafe.park(Native Method)
        at java.base@21.0.8/java.util.concurrent.locks.LockSupport.parkNanos(LockSupport.java:269)
        at java.base@21.0.8/java.util.concurrent.locks.AbstractQueuedSynchronizer.acquire(AbstractQueuedSynchronizer.java:756)
        at java.base@21.0.8/java.util.concurrent.locks.AbstractQueuedSynchronizer.tryAcquireSharedNanos(AbstractQueuedSynchronizer.java:1126)
        at java.base@21.0.8/java.util.concurrent.Semaphore.tryAcquire(Semaphore.java:415)
        at app//org.apache.hadoop.ozone.lease.LeaseManager$LeaseMonitor.run(LeaseManager.java:283)
        at java.base@21.0.8/java.lang.Thread.runWith(Thread.java:1596)
        at java.base@21.0.8/java.lang.Thread.run(Thread.java:1583)
"Common-Cleaner" daemon prio=8 tid=17 timed_waiting
java.lang.Thread.State: TIMED_WAITING
        at java.base@21.0.8/jdk.internal.misc.Unsafe.park(Native Method)
        at java.base@21.0.8/java.util.concurrent.locks.LockSupport.parkNanos(LockSupport.java:269)
        at java.base@21.0.8/java.util.concurrent.locks.AbstractQueuedSynchronizer$ConditionObject.await(AbstractQueuedSynchronizer.java:1852)
        at java.base@21.0.8/java.lang.ref.ReferenceQueue.await(ReferenceQueue.java:71)
        at java.base@21.0.8/java.lang.ref.ReferenceQueue.remove0(ReferenceQueue.java:143)
        at java.base@21.0.8/java.lang.ref.ReferenceQueue.remove(ReferenceQueue.java:218)
        at java.base@21.0.8/jdk.internal.ref.CleanerImpl.run(CleanerImpl.java:140)
        at java.base@21.0.8/java.lang.Thread.runWith(Thread.java:1596)
        at java.base@21.0.8/java.lang.Thread.run(Thread.java:1583)
        at java.base@21.0.8/jdk.internal.misc.InnocuousThread.run(InnocuousThread.java:186)
"d3e19d45-0b2b-4921-9b28-39a5e9747ac8@group-3551B3BB1E56-StateMachineUpdater" daemon prio=5 tid=867 timed_waiting
java.lang.Thread.State: TIMED_WAITING
        at java.base@21.0.8/jdk.internal.misc.Unsafe.park(Native Method)
        at java.base@21.0.8/java.util.concurrent.locks.LockSupport.parkNanos(LockSupport.java:269)
        at java.base@21.0.8/java.util.concurrent.locks.AbstractQueuedSynchronizer$ConditionObject.await(AbstractQueuedSynchronizer.java:1852)
        at app//org.apache.ratis.util.AwaitForSignal.await(AwaitForSignal.java:65)
        at app//org.apache.ratis.server.impl.StateMachineUpdater.waitForCommit(StateMachineUpdater.java:222)
        at app//org.apache.ratis.server.impl.StateMachineUpdater.run(StateMachineUpdater.java:187)
        at java.base@21.0.8/java.lang.Thread.runWith(Thread.java:1596)
        at java.base@21.0.8/java.lang.Thread.run(Thread.java:1583)
"timer4" daemon prio=5 tid=993 timed_waiting
java.lang.Thread.State: TIMED_WAITING
        at java.base@21.0.8/java.lang.Object.wait0(Native Method)
        at java.base@21.0.8/java.lang.Object.wait(Object.java:366)
        at java.base@21.0.8/java.util.TimerThread.mainLoop(Timer.java:563)
        at java.base@21.0.8/java.util.TimerThread.run(Timer.java:516)
"IPC Server handler 25 on default port 15002" daemon prio=5 tid=364 timed_waiting
java.lang.Thread.State: TIMED_WAITING
        at java.base@21.0.8/jdk.internal.misc.Unsafe.park(Native Method)
        at java.base@21.0.8/java.util.concurrent.locks.LockSupport.parkNanos(LockSupport.java:269)
        at java.base@21.0.8/java.util.concurrent.locks.AbstractQueuedSynchronizer$ConditionObject.awaitNanos(AbstractQueuedSynchronizer.java:1763)
        at java.base@21.0.8/java.util.concurrent.LinkedBlockingQueue.poll(LinkedBlockingQueue.java:460)
        at app//org.apache.hadoop.ipc.CallQueueManager.take(CallQueueManager.java:370)
        at app//org.apache.hadoop.ipc.Server$Handler.run(Server.java:3165)
"ForkJoinPool.commonPool-worker-2" daemon prio=5 tid=829 timed_waiting
java.lang.Thread.State: TIMED_WAITING
        at java.base@21.0.8/jdk.internal.misc.Unsafe.park(Native Method)
        at java.base@21.0.8/java.util.concurrent.locks.LockSupport.parkUntil(LockSupport.java:449)
        at java.base@21.0.8/java.util.concurrent.ForkJoinPool.awaitWork(ForkJoinPool.java:1891)
        at java.base@21.0.8/java.util.concurrent.ForkJoinPool.runWorker(ForkJoinPool.java:1809)
        at java.base@21.0.8/java.util.concurrent.ForkJoinWorkerThread.run(ForkJoinWorkerThread.java:188)
"StaleRecoveringContainerScrubbingService#0" daemon prio=5 tid=826 timed_waiting
java.lang.Thread.State: TIMED_WAITING
        at java.base@21.0.8/jdk.internal.misc.Unsafe.park(Native Method)
        at java.base@21.0.8/java.util.concurrent.locks.LockSupport.parkNanos(LockSupport.java:269)
        at java.base@21.0.8/java.util.concurrent.locks.AbstractQueuedSynchronizer$ConditionObject.awaitNanos(AbstractQueuedSynchronizer.java:1763)
        at java.base@21.0.8/java.util.concurrent.ScheduledThreadPoolExecutor$DelayedWorkQueue.take(ScheduledThreadPoolExecutor.java:1182)
        at java.base@21.0.8/java.util.concurrent.ScheduledThreadPoolExecutor$DelayedWorkQueue.take(ScheduledThreadPoolExecutor.java:899)
        at java.base@21.0.8/java.util.concurrent.ThreadPoolExecutor.getTask(ThreadPoolExecutor.java:1070)
        at java.base@21.0.8/java.util.concurrent.ThreadPoolExecutor.runWorker(ThreadPoolExecutor.java:1130)
        at java.base@21.0.8/java.util.concurrent.ThreadPoolExecutor$Worker.run(ThreadPoolExecutor.java:642)
        at java.base@21.0.8/java.lang.Thread.runWith(Thread.java:1596)
        at java.base@21.0.8/java.lang.Thread.run(Thread.java:1583)
"junit-jupiter-timeout-watcher" daemon prio=10 tid=34 timed_waiting
java.lang.Thread.State: TIMED_WAITING
        at java.base@21.0.8/jdk.internal.misc.Unsafe.park(Native Method)
        at java.base@21.0.8/java.util.concurrent.locks.LockSupport.parkNanos(LockSupport.java:269)
        at java.base@21.0.8/java.util.concurrent.locks.AbstractQueuedSynchronizer$ConditionObject.awaitNanos(AbstractQueuedSynchronizer.java:1763)
        at java.base@21.0.8/java.util.concurrent.ScheduledThreadPoolExecutor$DelayedWorkQueue.take(ScheduledThreadPoolExecutor.java:1182)
        at java.base@21.0.8/java.util.concurrent.ScheduledThreadPoolExecutor$DelayedWorkQueue.take(ScheduledThreadPoolExecutor.java:899)
        at java.base@21.0.8/java.util.concurrent.ThreadPoolExecutor.getTask(ThreadPoolExecutor.java:1070)
        at java.base@21.0.8/java.util.concurrent.ThreadPoolExecutor.runWorker(ThreadPoolExecutor.java:1130)
        at java.base@21.0.8/java.util.concurrent.ThreadPoolExecutor$Worker.run(ThreadPoolExecutor.java:642)
        at java.base@21.0.8/java.lang.Thread.runWith(Thread.java:1596)
        at java.base@21.0.8/java.lang.Thread.run(Thread.java:1583)
"IPC Server handler 37 on default port 15001" daemon prio=5 tid=258 timed_waiting
java.lang.Thread.State: TIMED_WAITING
        at java.base@21.0.8/jdk.internal.misc.Unsafe.park(Native Method)
        at java.base@21.0.8/java.util.concurrent.locks.LockSupport.parkNanos(LockSupport.java:269)
        at java.base@21.0.8/java.util.concurrent.locks.AbstractQueuedSynchronizer$ConditionObject.awaitNanos(AbstractQueuedSynchronizer.java:1763)
        at java.base@21.0.8/java.util.concurrent.LinkedBlockingQueue.poll(LinkedBlockingQueue.java:460)
        at app//org.apache.hadoop.ipc.CallQueueManager.take(CallQueueManager.java:370)
        at app//org.apache.hadoop.ipc.Server$Handler.run(Server.java:3165)
"IPC Server handler 83 on default port 15001" daemon prio=5 tid=304 timed_waiting
java.lang.Thread.State: TIMED_WAITING
        at java.base@21.0.8/jdk.internal.misc.Unsafe.park(Native Method)
        at java.base@21.0.8/java.util.concurrent.locks.LockSupport.parkNanos(LockSupport.java:269)
        at java.base@21.0.8/java.util.concurrent.locks.AbstractQueuedSynchronizer$ConditionObject.awaitNanos(AbstractQueuedSynchronizer.java:1763)
        at java.base@21.0.8/java.util.concurrent.LinkedBlockingQueue.poll(LinkedBlockingQueue.java:460)
        at app//org.apache.hadoop.ipc.CallQueueManager.take(CallQueueManager.java:370)
        at app//org.apache.hadoop.ipc.Server$Handler.run(Server.java:3165)
"IPC Server handler 11 on default port 15001" daemon prio=5 tid=232 timed_waiting
java.lang.Thread.State: TIMED_WAITING
        at java.base@21.0.8/jdk.internal.misc.Unsafe.park(Native Method)
        at java.base@21.0.8/java.util.concurrent.locks.LockSupport.parkNanos(LockSupport.java:269)
        at java.base@21.0.8/java.util.concurrent.locks.AbstractQueuedSynchronizer$ConditionObject.awaitNanos(AbstractQueuedSynchronizer.java:1763)
        at java.base@21.0.8/java.util.concurrent.LinkedBlockingQueue.poll(LinkedBlockingQueue.java:460)
        at app//org.apache.hadoop.ipc.CallQueueManager.take(CallQueueManager.java:370)
        at app//org.apache.hadoop.ipc.Server$Handler.run(Server.java:3165)
"25d9f169-1c9e-47c6-a2a2-d20fb3c5fda2-NettyServerStreamRpc-bossGroup--thread1" daemon prio=5 tid=660 runnable
java.lang.Thread.State: RUNNABLE
        at app//org.apache.ratis.thirdparty.io.netty.channel.epoll.Native.epollWait(Native Method)
        at app//org.apache.ratis.thirdparty.io.netty.channel.epoll.Native.epollWait(Native.java:220)
        at app//org.apache.ratis.thirdparty.io.netty.channel.epoll.Native.epollWait(Native.java:213)
        at app//org.apache.ratis.thirdparty.io.netty.channel.epoll.EpollEventLoop.epollWaitNoTimerChange(EpollEventLoop.java:308)
        at app//org.apache.ratis.thirdparty.io.netty.channel.epoll.EpollEventLoop.run(EpollEventLoop.java:365)
        at app//org.apache.ratis.thirdparty.io.netty.util.concurrent.SingleThreadEventExecutor$4.run(SingleThreadEventExecutor.java:998)
        at app//org.apache.ratis.thirdparty.io.netty.util.internal.ThreadExecutorMap$2.run(ThreadExecutorMap.java:74)
        at java.base@21.0.8/java.lang.Thread.runWith(Thread.java:1596)
        at java.base@21.0.8/java.lang.Thread.run(Thread.java:1583)
"StaleRecoveringContainerScrubbingService#1" daemon prio=5 tid=742 in Object.wait()
java.lang.Thread.State: WAITING (on object monitor)
        at java.base@21.0.8/jdk.internal.misc.Unsafe.park(Native Method)
        at java.base@21.0.8/java.util.concurrent.locks.LockSupport.park(LockSupport.java:371)
        at java.base@21.0.8/java.util.concurrent.locks.AbstractQueuedSynchronizer$ConditionNode.block(AbstractQueuedSynchronizer.java:519)
        at java.base@21.0.8/java.util.concurrent.ForkJoinPool.unmanagedBlock(ForkJoinPool.java:3780)
        at java.base@21.0.8/java.util.concurrent.ForkJoinPool.managedBlock(ForkJoinPool.java:3725)
        at java.base@21.0.8/java.util.concurrent.locks.AbstractQueuedSynchronizer$ConditionObject.await(AbstractQueuedSynchronizer.java:1712)
        at java.base@21.0.8/java.util.concurrent.ScheduledThreadPoolExecutor$DelayedWorkQueue.take(ScheduledThreadPoolExecutor.java:1177)
        at java.base@21.0.8/java.util.concurrent.ScheduledThreadPoolExecutor$DelayedWorkQueue.take(ScheduledThreadPoolExecutor.java:899)
        at java.base@21.0.8/java.util.concurrent.ThreadPoolExecutor.getTask(ThreadPoolExecutor.java:1070)
        at java.base@21.0.8/java.util.concurrent.ThreadPoolExecutor.runWorker(ThreadPoolExecutor.java:1130)
        at java.base@21.0.8/java.util.concurrent.ThreadPoolExecutor$Worker.run(ThreadPoolExecutor.java:642)
        at java.base@21.0.8/java.lang.Thread.runWith(Thread.java:1596)
        at java.base@21.0.8/java.lang.Thread.run(Thread.java:1583)
"Socket Reader #2 for port 15001" daemon prio=5 tid=78 runnable
java.lang.Thread.State: RUNNABLE
        at java.base@21.0.8/sun.nio.ch.EPoll.wait(Native Method)
        at java.base@21.0.8/sun.nio.ch.EPollSelectorImpl.doSelect(EPollSelectorImpl.java:121)
        at java.base@21.0.8/sun.nio.ch.SelectorImpl.lockAndDoSelect(SelectorImpl.java:130)
        at java.base@21.0.8/sun.nio.ch.SelectorImpl.select(SelectorImpl.java:147)
        at app//org.apache.hadoop.ipc.Server$Listener$Reader.doRunLoop(Server.java:1497)
        at app//org.apache.hadoop.ipc.Server$Listener$Reader.run(Server.java:1476)
"IPC Server handler 59 on default port 15000" daemon prio=5 tid=180 timed_waiting
java.lang.Thread.State: TIMED_WAITING
        at java.base@21.0.8/jdk.internal.misc.Unsafe.park(Native Method)
        at java.base@21.0.8/java.util.concurrent.locks.LockSupport.parkNanos(LockSupport.java:269)
        at java.base@21.0.8/java.util.concurrent.locks.AbstractQueuedSynchronizer$ConditionObject.awaitNanos(AbstractQueuedSynchronizer.java:1763)
        at java.base@21.0.8/java.util.concurrent.LinkedBlockingQueue.poll(LinkedBlockingQueue.java:460)
        at app//org.apache.hadoop.ipc.CallQueueManager.take(CallQueueManager.java:370)
        at app//org.apache.hadoop.ipc.Server$Handler.run(Server.java:3165)
"Socket Reader #7 for port 15006" daemon prio=5 tid=456 runnable
java.lang.Thread.State: RUNNABLE
        at java.base@21.0.8/sun.nio.ch.EPoll.wait(Native Method)
        at java.base@21.0.8/sun.nio.ch.EPollSelectorImpl.doSelect(EPollSelectorImpl.java:121)
        at java.base@21.0.8/sun.nio.ch.SelectorImpl.lockAndDoSelect(SelectorImpl.java:130)
        at java.base@21.0.8/sun.nio.ch.SelectorImpl.select(SelectorImpl.java:147)
        at app//org.apache.hadoop.ipc.Server$Listener$Reader.doRunLoop(Server.java:1497)
        at app//org.apache.hadoop.ipc.Server$Listener$Reader.run(Server.java:1476)
"IPC Server handler 44 on default port 15000" daemon prio=5 tid=165 timed_waiting
java.lang.Thread.State: TIMED_WAITING
        at java.base@21.0.8/jdk.internal.misc.Unsafe.park(Native Method)
        at java.base@21.0.8/java.util.concurrent.locks.LockSupport.parkNanos(LockSupport.java:269)
        at java.base@21.0.8/java.util.concurrent.locks.AbstractQueuedSynchronizer$ConditionObject.awaitNanos(AbstractQueuedSynchronizer.java:1763)
        at java.base@21.0.8/java.util.concurrent.LinkedBlockingQueue.poll(LinkedBlockingQueue.java:460)
        at app//org.apache.hadoop.ipc.CallQueueManager.take(CallQueueManager.java:370)
        at app//org.apache.hadoop.ipc.Server$Handler.run(Server.java:3165)
"IPC Server handler 34 on default port 15001" daemon prio=5 tid=255 timed_waiting
java.lang.Thread.State: TIMED_WAITING
        at java.base@21.0.8/jdk.internal.misc.Unsafe.park(Native Method)
        at java.base@21.0.8/java.util.concurrent.locks.LockSupport.parkNanos(LockSupport.java:269)
        at java.base@21.0.8/java.util.concurrent.locks.AbstractQueuedSynchronizer$ConditionObject.awaitNanos(AbstractQueuedSynchronizer.java:1763)
        at java.base@21.0.8/java.util.concurrent.LinkedBlockingQueue.poll(LinkedBlockingQueue.java:460)
        at app//org.apache.hadoop.ipc.CallQueueManager.take(CallQueueManager.java:370)
        at app//org.apache.hadoop.ipc.Server$Handler.run(Server.java:3165)
"IPC Server handler 30 on default port 15000" daemon prio=5 tid=151 timed_waiting
java.lang.Thread.State: TIMED_WAITING
        at java.base@21.0.8/jdk.internal.misc.Unsafe.park(Native Method)
        at java.base@21.0.8/java.util.concurrent.locks.LockSupport.parkNanos(LockSupport.java:269)
        at java.base@21.0.8/java.util.concurrent.locks.AbstractQueuedSynchronizer$ConditionObject.awaitNanos(AbstractQueuedSynchronizer.java:1763)
        at java.base@21.0.8/java.util.concurrent.LinkedBlockingQueue.poll(LinkedBlockingQueue.java:460)
        at app//org.apache.hadoop.ipc.CallQueueManager.take(CallQueueManager.java:370)
        at app//org.apache.hadoop.ipc.Server$Handler.run(Server.java:3165)
"IPC Server handler 56 on default port 15001" daemon prio=5 tid=277 timed_waiting
java.lang.Thread.State: TIMED_WAITING
        at java.base@21.0.8/jdk.internal.misc.Unsafe.park(Native Method)
        at java.base@21.0.8/java.util.concurrent.locks.LockSupport.parkNanos(LockSupport.java:269)
        at java.base@21.0.8/java.util.concurrent.locks.AbstractQueuedSynchronizer$ConditionObject.awaitNanos(AbstractQueuedSynchronizer.java:1763)
        at java.base@21.0.8/java.util.concurrent.LinkedBlockingQueue.poll(LinkedBlockingQueue.java:460)
        at app//org.apache.hadoop.ipc.CallQueueManager.take(CallQueueManager.java:370)
        at app//org.apache.hadoop.ipc.Server$Handler.run(Server.java:3165)
"IPC Server handler 45 on default port 15002" daemon prio=5 tid=384 timed_waiting
java.lang.Thread.State: TIMED_WAITING
        at java.base@21.0.8/jdk.internal.misc.Unsafe.park(Native Method)
        at java.base@21.0.8/java.util.concurrent.locks.LockSupport.parkNanos(LockSupport.java:269)
        at java.base@21.0.8/java.util.concurrent.locks.AbstractQueuedSynchronizer$ConditionObject.awaitNanos(AbstractQueuedSynchronizer.java:1763)
        at java.base@21.0.8/java.util.concurrent.LinkedBlockingQueue.poll(LinkedBlockingQueue.java:460)
        at app//org.apache.hadoop.ipc.CallQueueManager.take(CallQueueManager.java:370)
        at app//org.apache.hadoop.ipc.Server$Handler.run(Server.java:3165)
"IPC Server handler 96 on default port 15000" daemon prio=5 tid=217 timed_waiting
java.lang.Thread.State: TIMED_WAITING
        at java.base@21.0.8/jdk.internal.misc.Unsafe.park(Native Method)
        at java.base@21.0.8/java.util.concurrent.locks.LockSupport.parkNanos(LockSupport.java:269)
        at java.base@21.0.8/java.util.concurrent.locks.AbstractQueuedSynchronizer$ConditionObject.awaitNanos(AbstractQueuedSynchronizer.java:1763)
        at java.base@21.0.8/java.util.concurrent.LinkedBlockingQueue.poll(LinkedBlockingQueue.java:460)
        at app//org.apache.hadoop.ipc.CallQueueManager.take(CallQueueManager.java:370)
        at app//org.apache.hadoop.ipc.Server$Handler.run(Server.java:3165)
"pool-247-thread-1"  prio=5 tid=999 in Object.wait()
java.lang.Thread.State: WAITING (on object monitor)
        at java.base@21.0.8/java.lang.Object.wait0(Native Method)
        at java.base@21.0.8/java.lang.Object.wait(Object.java:366)
        at java.base@21.0.8/java.lang.Object.wait(Object.java:339)
        at app//org.apache.ratis.thirdparty.io.netty.util.concurrent.DefaultPromise.await(DefaultPromise.java:254)
        at app//org.apache.ratis.thirdparty.io.netty.util.concurrent.DefaultPromise.sync(DefaultPromise.java:405)
        at app//org.apache.ratis.thirdparty.io.netty.util.concurrent.DefaultPromise.sync(DefaultPromise.java:35)
        at app//org.apache.hadoop.ozone.container.common.transport.server.XceiverServerGrpc.stop(XceiverServerGrpc.java:208)
        at app//org.apache.hadoop.ozone.container.ozoneimpl.OzoneContainer.stop(OzoneContainer.java:553)
        at app//org.apache.hadoop.ozone.container.common.statemachine.DatanodeStateMachine.close(DatanodeStateMachine.java:463)
        at app//org.apache.hadoop.ozone.container.common.statemachine.DatanodeStateMachine.stopDaemon(DatanodeStateMachine.java:653)
        at app//org.apache.hadoop.ozone.HddsDatanodeService.stop(HddsDatanodeService.java:552)
        at app//org.apache.hadoop.ozone.MiniOzoneClusterImpl.stopDatanode(MiniOzoneClusterImpl.java:451)
        at app//org.apache.hadoop.ozone.MiniOzoneClusterImpl.shutdownHddsDatanode(MiniOzoneClusterImpl.java:357)
        at app//org.apache.hadoop.hdds.scm.node.TestQueryNode.lambda$testStaleNodesCount$0(TestQueryNode.java:84)
        at app//org.apache.hadoop.hdds.scm.node.TestQueryNode$$Lambda/0x00007fd1ac9daca8.run(Unknown Source)
        at java.base@21.0.8/java.util.concurrent.ThreadPoolExecutor.runWorker(ThreadPoolExecutor.java:1144)
        at java.base@21.0.8/java.util.concurrent.ThreadPoolExecutor$Worker.run(ThreadPoolExecutor.java:642)
        at java.base@21.0.8/java.lang.Thread.runWith(Thread.java:1596)
        at java.base@21.0.8/java.lang.Thread.run(Thread.java:1583)
"Socket Reader #3 for port 15027" daemon prio=5 tid=626 runnable
java.lang.Thread.State: RUNNABLE
        at java.base@21.0.8/sun.nio.ch.EPoll.wait(Native Method)
        at java.base@21.0.8/sun.nio.ch.EPollSelectorImpl.doSelect(EPollSelectorImpl.java:121)
        at java.base@21.0.8/sun.nio.ch.SelectorImpl.lockAndDoSelect(SelectorImpl.java:130)
        at java.base@21.0.8/sun.nio.ch.SelectorImpl.select(SelectorImpl.java:147)
        at app//org.apache.hadoop.ipc.Server$Listener$Reader.doRunLoop(Server.java:1497)
        at app//org.apache.hadoop.ipc.Server$Listener$Reader.run(Server.java:1476)
"qtp1960486456-489" daemon prio=5 tid=489 timed_waiting
java.lang.Thread.State: TIMED_WAITING
        at java.base@21.0.8/jdk.internal.misc.Unsafe.park(Native Method)
        at java.base@21.0.8/java.util.concurrent.locks.LockSupport.parkNanos(LockSupport.java:269)
        at java.base@21.0.8/java.util.concurrent.locks.AbstractQueuedSynchronizer$ConditionObject.awaitNanos(AbstractQueuedSynchronizer.java:1763)
        at app//org.eclipse.jetty.util.BlockingArrayQueue.poll(BlockingArrayQueue.java:382)
        at app//org.eclipse.jetty.util.thread.QueuedThreadPool$Runner.idleJobPoll(QueuedThreadPool.java:974)
        at app//org.eclipse.jetty.util.thread.QueuedThreadPool$Runner.run(QueuedThreadPool.java:1018)
        at java.base@21.0.8/java.lang.Thread.runWith(Thread.java:1596)
        at java.base@21.0.8/java.lang.Thread.run(Thread.java:1583)
"EventQueue-ContainerRegistrationReportForRatisContainerSafeModeRule" daemon prio=5 tid=757 in Object.wait()
java.lang.Thread.State: WAITING (on object monitor)
        at java.base@21.0.8/jdk.internal.misc.Unsafe.park(Native Method)
        at java.base@21.0.8/java.util.concurrent.locks.LockSupport.park(LockSupport.java:371)
        at java.base@21.0.8/java.util.concurrent.locks.AbstractQueuedSynchronizer$ConditionNode.block(AbstractQueuedSynchronizer.java:519)
        at java.base@21.0.8/java.util.concurrent.ForkJoinPool.unmanagedBlock(ForkJoinPool.java:3780)
        at java.base@21.0.8/java.util.concurrent.ForkJoinPool.managedBlock(ForkJoinPool.java:3725)
        at java.base@21.0.8/java.util.concurrent.locks.AbstractQueuedSynchronizer$ConditionObject.await(AbstractQueuedSynchronizer.java:1712)
        at java.base@21.0.8/java.util.concurrent.LinkedBlockingQueue.take(LinkedBlockingQueue.java:435)
        at java.base@21.0.8/java.util.concurrent.ThreadPoolExecutor.getTask(ThreadPoolExecutor.java:1070)
        at java.base@21.0.8/java.util.concurrent.ThreadPoolExecutor.runWorker(ThreadPoolExecutor.java:1130)
        at java.base@21.0.8/java.util.concurrent.ThreadPoolExecutor$Worker.run(ThreadPoolExecutor.java:642)
        at java.base@21.0.8/java.lang.Thread.runWith(Thread.java:1596)
        at java.base@21.0.8/java.lang.Thread.run(Thread.java:1583)
"Socket Reader #9 for port 15043" daemon prio=5 tid=771 runnable
java.lang.Thread.State: RUNNABLE
        at java.base@21.0.8/sun.nio.ch.EPoll.wait(Native Method)
        at java.base@21.0.8/sun.nio.ch.EPollSelectorImpl.doSelect(EPollSelectorImpl.java:121)
        at java.base@21.0.8/sun.nio.ch.SelectorImpl.lockAndDoSelect(SelectorImpl.java:130)
        at java.base@21.0.8/sun.nio.ch.SelectorImpl.select(SelectorImpl.java:147)
        at app//org.apache.hadoop.ipc.Server$Listener$Reader.doRunLoop(Server.java:1497)
        at app//org.apache.hadoop.ipc.Server$Listener$Reader.run(Server.java:1476)
"IPC Server handler 83 on default port 15002" daemon prio=5 tid=422 timed_waiting
java.lang.Thread.State: TIMED_WAITING
        at java.base@21.0.8/jdk.internal.misc.Unsafe.park(Native Method)
        at java.base@21.0.8/java.util.concurrent.locks.LockSupport.parkNanos(LockSupport.java:269)
        at java.base@21.0.8/java.util.concurrent.locks.AbstractQueuedSynchronizer$ConditionObject.awaitNanos(AbstractQueuedSynchronizer.java:1763)
        at java.base@21.0.8/java.util.concurrent.LinkedBlockingQueue.poll(LinkedBlockingQueue.java:460)
        at app//org.apache.hadoop.ipc.CallQueueManager.take(CallQueueManager.java:370)
        at app//org.apache.hadoop.ipc.Server$Handler.run(Server.java:3165)
"JvmPauseMonitor7" daemon prio=5 tid=844 timed_waiting
java.lang.Thread.State: TIMED_WAITING
        at java.base@21.0.8/java.lang.Thread.sleep0(Native Method)
        at java.base@21.0.8/java.lang.Thread.sleep(Thread.java:558)
        at java.base@21.0.8/java.util.concurrent.TimeUnit.sleep(TimeUnit.java:446)
        at app//org.apache.ratis.util.TimeDuration.sleep(TimeDuration.java:353)
        at app//org.apache.ratis.util.TimeDuration.sleep(TimeDuration.java:338)
        at app//org.apache.ratis.util.JvmPauseMonitor.detectPause(JvmPauseMonitor.java:160)
        at app//org.apache.ratis.util.JvmPauseMonitor.run(JvmPauseMonitor.java:149)
        at app//org.apache.ratis.util.JvmPauseMonitor$$Lambda/0x00007fd1ac3b8ac8.run(Unknown Source)
        at java.base@21.0.8/java.lang.Thread.runWith(Thread.java:1596)
        at java.base@21.0.8/java.lang.Thread.run(Thread.java:1583)
"IPC Server handler 34 on default port 15000" daemon prio=5 tid=155 timed_waiting
java.lang.Thread.State: TIMED_WAITING
        at java.base@21.0.8/jdk.internal.misc.Unsafe.park(Native Method)
        at java.base@21.0.8/java.util.concurrent.locks.LockSupport.parkNanos(LockSupport.java:269)
        at java.base@21.0.8/java.util.concurrent.locks.AbstractQueuedSynchronizer$ConditionObject.awaitNanos(AbstractQueuedSynchronizer.java:1763)
        at java.base@21.0.8/java.util.concurrent.LinkedBlockingQueue.poll(LinkedBlockingQueue.java:460)
        at app//org.apache.hadoop.ipc.CallQueueManager.take(CallQueueManager.java:370)
        at app//org.apache.hadoop.ipc.Server$Handler.run(Server.java:3165)
"grpc-default-executor-1" daemon prio=5 tid=883 timed_waiting
java.lang.Thread.State: TIMED_WAITING
        at java.base@21.0.8/jdk.internal.misc.Unsafe.park(Native Method)
        at java.base@21.0.8/java.util.concurrent.locks.LockSupport.parkNanos(LockSupport.java:410)
        at java.base@21.0.8/java.util.concurrent.LinkedTransferQueue$DualNode.await(LinkedTransferQueue.java:452)
        at java.base@21.0.8/java.util.concurrent.SynchronousQueue$Transferer.xferLifo(SynchronousQueue.java:194)
        at java.base@21.0.8/java.util.concurrent.SynchronousQueue.xfer(SynchronousQueue.java:235)
        at java.base@21.0.8/java.util.concurrent.SynchronousQueue.poll(SynchronousQueue.java:338)
        at java.base@21.0.8/java.util.concurrent.ThreadPoolExecutor.getTask(ThreadPoolExecutor.java:1069)
        at java.base@21.0.8/java.util.concurrent.ThreadPoolExecutor.runWorker(ThreadPoolExecutor.java:1130)
        at java.base@21.0.8/java.util.concurrent.ThreadPoolExecutor$Worker.run(ThreadPoolExecutor.java:642)
        at java.base@21.0.8/java.lang.Thread.runWith(Thread.java:1596)
        at java.base@21.0.8/java.lang.Thread.run(Thread.java:1583)
"DatanodeAdminManager-0" daemon prio=5 tid=61 timed_waiting
java.lang.Thread.State: TIMED_WAITING
        at java.base@21.0.8/jdk.internal.misc.Unsafe.park(Native Method)
        at java.base@21.0.8/java.util.concurrent.locks.LockSupport.parkNanos(LockSupport.java:269)
        at java.base@21.0.8/java.util.concurrent.locks.AbstractQueuedSynchronizer$ConditionObject.awaitNanos(AbstractQueuedSynchronizer.java:1763)
        at java.base@21.0.8/java.util.concurrent.ScheduledThreadPoolExecutor$DelayedWorkQueue.take(ScheduledThreadPoolExecutor.java:1182)
        at java.base@21.0.8/java.util.concurrent.ScheduledThreadPoolExecutor$DelayedWorkQueue.take(ScheduledThreadPoolExecutor.java:899)
        at java.base@21.0.8/java.util.concurrent.ThreadPoolExecutor.getTask(ThreadPoolExecutor.java:1070)
        at java.base@21.0.8/java.util.concurrent.ThreadPoolExecutor.runWorker(ThreadPoolExecutor.java:1130)
        at java.base@21.0.8/java.util.concurrent.ThreadPoolExecutor$Worker.run(ThreadPoolExecutor.java:642)
        at java.base@21.0.8/java.lang.Thread.runWith(Thread.java:1596)
        at java.base@21.0.8/java.lang.Thread.run(Thread.java:1583)
"IPC Server handler 97 on default port 15001" daemon prio=5 tid=318 timed_waiting
java.lang.Thread.State: TIMED_WAITING
        at java.base@21.0.8/jdk.internal.misc.Unsafe.park(Native Method)
        at java.base@21.0.8/java.util.concurrent.locks.LockSupport.parkNanos(LockSupport.java:269)
        at java.base@21.0.8/java.util.concurrent.locks.AbstractQueuedSynchronizer$ConditionObject.awaitNanos(AbstractQueuedSynchronizer.java:1763)
        at java.base@21.0.8/java.util.concurrent.LinkedBlockingQueue.poll(LinkedBlockingQueue.java:460)
        at app//org.apache.hadoop.ipc.CallQueueManager.take(CallQueueManager.java:370)
        at app//org.apache.hadoop.ipc.Server$Handler.run(Server.java:3165)
"25d9f169-1c9e-47c6-a2a2-d20fb3c5fda2-impl-thread1" daemon prio=5 tid=661 timed_waiting
java.lang.Thread.State: TIMED_WAITING
        at java.base@21.0.8/jdk.internal.misc.Unsafe.park(Native Method)
        at java.base@21.0.8/java.util.concurrent.locks.LockSupport.parkNanos(LockSupport.java:410)
        at java.base@21.0.8/java.util.concurrent.LinkedTransferQueue$DualNode.await(LinkedTransferQueue.java:452)
        at java.base@21.0.8/java.util.concurrent.SynchronousQueue$Transferer.xferLifo(SynchronousQueue.java:194)
        at java.base@21.0.8/java.util.concurrent.SynchronousQueue.xfer(SynchronousQueue.java:235)
        at java.base@21.0.8/java.util.concurrent.SynchronousQueue.poll(SynchronousQueue.java:338)
        at java.base@21.0.8/java.util.concurrent.ThreadPoolExecutor.getTask(ThreadPoolExecutor.java:1069)
        at java.base@21.0.8/java.util.concurrent.ThreadPoolExecutor.runWorker(ThreadPoolExecutor.java:1130)
        at java.base@21.0.8/java.util.concurrent.ThreadPoolExecutor$Worker.run(ThreadPoolExecutor.java:642)
        at java.base@21.0.8/java.lang.Thread.runWith(Thread.java:1596)
        at java.base@21.0.8/java.lang.Thread.run(Thread.java:1583)
"IPC Server handler 0 on default port 15043" daemon prio=5 tid=778 timed_waiting
java.lang.Thread.State: TIMED_WAITING
        at java.base@21.0.8/jdk.internal.misc.Unsafe.park(Native Method)
        at java.base@21.0.8/java.util.concurrent.locks.LockSupport.parkNanos(LockSupport.java:269)
        at java.base@21.0.8/java.util.concurrent.locks.AbstractQueuedSynchronizer$ConditionObject.awaitNanos(AbstractQueuedSynchronizer.java:1763)
        at java.base@21.0.8/java.util.concurrent.LinkedBlockingQueue.poll(LinkedBlockingQueue.java:460)
        at app//org.apache.hadoop.ipc.CallQueueManager.take(CallQueueManager.java:370)
        at app//org.apache.hadoop.ipc.Server$Handler.run(Server.java:3165)
"IPC Server handler 22 on default port 15002" daemon prio=5 tid=361 timed_waiting
java.lang.Thread.State: TIMED_WAITING
        at java.base@21.0.8/jdk.internal.misc.Unsafe.park(Native Method)
        at java.base@21.0.8/java.util.concurrent.locks.LockSupport.parkNanos(LockSupport.java:269)
        at java.base@21.0.8/java.util.concurrent.locks.AbstractQueuedSynchronizer$ConditionObject.awaitNanos(AbstractQueuedSynchronizer.java:1763)
        at java.base@21.0.8/java.util.concurrent.LinkedBlockingQueue.poll(LinkedBlockingQueue.java:460)
        at app//org.apache.hadoop.ipc.CallQueueManager.take(CallQueueManager.java:370)
        at app//org.apache.hadoop.ipc.Server$Handler.run(Server.java:3165)
"grpc-default-worker-ELG-3-2" daemon prio=5 tid=870 runnable
java.lang.Thread.State: RUNNABLE
        at app//org.apache.ratis.thirdparty.io.netty.channel.epoll.Native.epollWait0(Native Method)
        at app//org.apache.ratis.thirdparty.io.netty.channel.epoll.Native.epollWait(Native.java:193)
        at app//org.apache.ratis.thirdparty.io.netty.channel.epoll.EpollEventLoop.epollWait(EpollEventLoop.java:304)
        at app//org.apache.ratis.thirdparty.io.netty.channel.epoll.EpollEventLoop.run(EpollEventLoop.java:368)
        at app//org.apache.ratis.thirdparty.io.netty.util.concurrent.SingleThreadEventExecutor$4.run(SingleThreadEventExecutor.java:998)
        at app//org.apache.ratis.thirdparty.io.netty.util.internal.ThreadExecutorMap$2.run(ThreadExecutorMap.java:74)
        at app//org.apache.ratis.thirdparty.io.netty.util.concurrent.FastThreadLocalRunnable.run(FastThreadLocalRunnable.java:30)
        at java.base@21.0.8/java.lang.Thread.runWith(Thread.java:1596)
        at java.base@21.0.8/java.lang.Thread.run(Thread.java:1583)
"surefire-forkedjvm-ping-30s" daemon prio=5 tid=27 timed_waiting
java.lang.Thread.State: TIMED_WAITING
        at java.base@21.0.8/jdk.internal.misc.Unsafe.park(Native Method)
        at java.base@21.0.8/java.util.concurrent.locks.LockSupport.parkNanos(LockSupport.java:269)
        at java.base@21.0.8/java.util.concurrent.locks.AbstractQueuedSynchronizer$ConditionObject.awaitNanos(AbstractQueuedSynchronizer.java:1763)
        at java.base@21.0.8/java.util.concurrent.ScheduledThreadPoolExecutor$DelayedWorkQueue.take(ScheduledThreadPoolExecutor.java:1182)
        at java.base@21.0.8/java.util.concurrent.ScheduledThreadPoolExecutor$DelayedWorkQueue.take(ScheduledThreadPoolExecutor.java:899)
        at java.base@21.0.8/java.util.concurrent.ThreadPoolExecutor.getTask(ThreadPoolExecutor.java:1070)
        at java.base@21.0.8/java.util.concurrent.ThreadPoolExecutor.runWorker(ThreadPoolExecutor.java:1130)
        at java.base@21.0.8/java.util.concurrent.ThreadPoolExecutor$Worker.run(ThreadPoolExecutor.java:642)
        at java.base@21.0.8/java.lang.Thread.runWith(Thread.java:1596)
        at java.base@21.0.8/java.lang.Thread.run(Thread.java:1583)
"IPC Server handler 73 on default port 15000" daemon prio=5 tid=194 timed_waiting
java.lang.Thread.State: TIMED_WAITING
        at java.base@21.0.8/jdk.internal.misc.Unsafe.park(Native Method)
        at java.base@21.0.8/java.util.concurrent.locks.LockSupport.parkNanos(LockSupport.java:269)
        at java.base@21.0.8/java.util.concurrent.locks.AbstractQueuedSynchronizer$ConditionObject.awaitNanos(AbstractQueuedSynchronizer.java:1763)
        at java.base@21.0.8/java.util.concurrent.LinkedBlockingQueue.poll(LinkedBlockingQueue.java:460)
        at app//org.apache.hadoop.ipc.CallQueueManager.take(CallQueueManager.java:370)
        at app//org.apache.hadoop.ipc.Server$Handler.run(Server.java:3165)
"IPC Server handler 87 on default port 15000" daemon prio=5 tid=208 timed_waiting
java.lang.Thread.State: TIMED_WAITING
        at java.base@21.0.8/jdk.internal.misc.Unsafe.park(Native Method)
        at java.base@21.0.8/java.util.concurrent.locks.LockSupport.parkNanos(LockSupport.java:269)
        at java.base@21.0.8/java.util.concurrent.locks.AbstractQueuedSynchronizer$ConditionObject.awaitNanos(AbstractQueuedSynchronizer.java:1763)
        at java.base@21.0.8/java.util.concurrent.LinkedBlockingQueue.poll(LinkedBlockingQueue.java:460)
        at app//org.apache.hadoop.ipc.CallQueueManager.take(CallQueueManager.java:370)
        at app//org.apache.hadoop.ipc.Server$Handler.run(Server.java:3165)
"IPC Server handler 47 on default port 15000" daemon prio=5 tid=168 timed_waiting
java.lang.Thread.State: TIMED_WAITING
        at java.base@21.0.8/jdk.internal.misc.Unsafe.park(Native Method)
        at java.base@21.0.8/java.util.concurrent.locks.LockSupport.parkNanos(LockSupport.java:269)
        at java.base@21.0.8/java.util.concurrent.locks.AbstractQueuedSynchronizer$ConditionObject.awaitNanos(AbstractQueuedSynchronizer.java:1763)
        at java.base@21.0.8/java.util.concurrent.LinkedBlockingQueue.poll(LinkedBlockingQueue.java:460)
        at app//org.apache.hadoop.ipc.CallQueueManager.take(CallQueueManager.java:370)
        at app//org.apache.hadoop.ipc.Server$Handler.run(Server.java:3165)
"IPC Server handler 84 on default port 15001" daemon prio=5 tid=305 timed_waiting
java.lang.Thread.State: TIMED_WAITING
        at java.base@21.0.8/jdk.internal.misc.Unsafe.park(Native Method)
        at java.base@21.0.8/java.util.concurrent.locks.LockSupport.parkNanos(LockSupport.java:269)
        at java.base@21.0.8/java.util.concurrent.locks.AbstractQueuedSynchronizer$ConditionObject.awaitNanos(AbstractQueuedSynchronizer.java:1763)
        at java.base@21.0.8/java.util.concurrent.LinkedBlockingQueue.poll(LinkedBlockingQueue.java:460)
        at app//org.apache.hadoop.ipc.CallQueueManager.take(CallQueueManager.java:370)
        at app//org.apache.hadoop.ipc.Server$Handler.run(Server.java:3165)
"qtp1507617108-329" daemon prio=5 tid=329 timed_waiting
java.lang.Thread.State: TIMED_WAITING
        at java.base@21.0.8/jdk.internal.misc.Unsafe.park(Native Method)
        at java.base@21.0.8/java.util.concurrent.locks.LockSupport.parkNanos(LockSupport.java:269)
        at java.base@21.0.8/java.util.concurrent.locks.AbstractQueuedSynchronizer$ConditionObject.awaitNanos(AbstractQueuedSynchronizer.java:1763)
        at app//org.eclipse.jetty.util.BlockingArrayQueue.poll(BlockingArrayQueue.java:382)
        at app//org.eclipse.jetty.util.thread.QueuedThreadPool$Runner.idleJobPoll(QueuedThreadPool.java:974)
        at app//org.eclipse.jetty.util.thread.QueuedThreadPool$Runner.run(QueuedThreadPool.java:1018)
        at java.base@21.0.8/java.lang.Thread.runWith(Thread.java:1596)
        at java.base@21.0.8/java.lang.Thread.run(Thread.java:1583)
"IPC Server handler 42 on default port 15002" daemon prio=5 tid=381 timed_waiting
java.lang.Thread.State: TIMED_WAITING
        at java.base@21.0.8/jdk.internal.misc.Unsafe.park(Native Method)
        at java.base@21.0.8/java.util.concurrent.locks.LockSupport.parkNanos(LockSupport.java:269)
        at java.base@21.0.8/java.util.concurrent.locks.AbstractQueuedSynchronizer$ConditionObject.awaitNanos(AbstractQueuedSynchronizer.java:1763)
        at java.base@21.0.8/java.util.concurrent.LinkedBlockingQueue.poll(LinkedBlockingQueue.java:460)
        at app//org.apache.hadoop.ipc.CallQueueManager.take(CallQueueManager.java:370)
        at app//org.apache.hadoop.ipc.Server$Handler.run(Server.java:3165)
"IPC Server idle connection scanner for port 15002" daemon prio=5 tid=73 timed_waiting
java.lang.Thread.State: TIMED_WAITING
        at java.base@21.0.8/java.lang.Object.wait0(Native Method)
        at java.base@21.0.8/java.lang.Object.wait(Object.java:366)
        at java.base@21.0.8/java.util.TimerThread.mainLoop(Timer.java:563)
        at java.base@21.0.8/java.util.TimerThread.run(Timer.java:516)
"IPC Server handler 11 on default port 15002" daemon prio=5 tid=350 timed_waiting
java.lang.Thread.State: TIMED_WAITING
        at java.base@21.0.8/jdk.internal.misc.Unsafe.park(Native Method)
        at java.base@21.0.8/java.util.concurrent.locks.LockSupport.parkNanos(LockSupport.java:269)
        at java.base@21.0.8/java.util.concurrent.locks.AbstractQueuedSynchronizer$ConditionObject.awaitNanos(AbstractQueuedSynchronizer.java:1763)
        at java.base@21.0.8/java.util.concurrent.LinkedBlockingQueue.poll(LinkedBlockingQueue.java:460)
        at app//org.apache.hadoop.ipc.CallQueueManager.take(CallQueueManager.java:370)
        at app//org.apache.hadoop.ipc.Server$Handler.run(Server.java:3165)
"grpc-shared-destroyer-0" daemon prio=5 tid=49 in Object.wait()
java.lang.Thread.State: WAITING (on object monitor)
        at java.base@21.0.8/jdk.internal.misc.Unsafe.park(Native Method)
        at java.base@21.0.8/java.util.concurrent.locks.LockSupport.park(LockSupport.java:371)
        at java.base@21.0.8/java.util.concurrent.locks.AbstractQueuedSynchronizer$ConditionNode.block(AbstractQueuedSynchronizer.java:519)
        at java.base@21.0.8/java.util.concurrent.ForkJoinPool.unmanagedBlock(ForkJoinPool.java:3780)
        at java.base@21.0.8/java.util.concurrent.ForkJoinPool.managedBlock(ForkJoinPool.java:3725)
        at java.base@21.0.8/java.util.concurrent.locks.AbstractQueuedSynchronizer$ConditionObject.await(AbstractQueuedSynchronizer.java:1712)
        at java.base@21.0.8/java.util.concurrent.ScheduledThreadPoolExecutor$DelayedWorkQueue.take(ScheduledThreadPoolExecutor.java:1170)
        at java.base@21.0.8/java.util.concurrent.ScheduledThreadPoolExecutor$DelayedWorkQueue.take(ScheduledThreadPoolExecutor.java:899)
        at java.base@21.0.8/java.util.concurrent.ThreadPoolExecutor.getTask(ThreadPoolExecutor.java:1070)
        at java.base@21.0.8/java.util.concurrent.ThreadPoolExecutor.runWorker(ThreadPoolExecutor.java:1130)
        at java.base@21.0.8/java.util.concurrent.ThreadPoolExecutor$Worker.run(ThreadPoolExecutor.java:642)
        at java.base@21.0.8/java.lang.Thread.runWith(Thread.java:1596)
        at java.base@21.0.8/java.lang.Thread.run(Thread.java:1583)
"IPC Server handler 8 on default port 15000" daemon prio=5 tid=129 timed_waiting
java.lang.Thread.State: TIMED_WAITING
        at java.base@21.0.8/jdk.internal.misc.Unsafe.park(Native Method)
        at java.base@21.0.8/java.util.concurrent.locks.LockSupport.parkNanos(LockSupport.java:269)
        at java.base@21.0.8/java.util.concurrent.locks.AbstractQueuedSynchronizer$ConditionObject.awaitNanos(AbstractQueuedSynchronizer.java:1763)
        at java.base@21.0.8/java.util.concurrent.LinkedBlockingQueue.poll(LinkedBlockingQueue.java:460)
        at app//org.apache.hadoop.ipc.CallQueueManager.take(CallQueueManager.java:370)
        at app//org.apache.hadoop.ipc.Server$Handler.run(Server.java:3165)
"d3e19d45-0b2b-4921-9b28-39a5e9747ac8-groupManagement"  prio=5 tid=860 in Object.wait()
java.lang.Thread.State: WAITING (on object monitor)
        at java.base@21.0.8/jdk.internal.misc.Unsafe.park(Native Method)
        at java.base@21.0.8/java.util.concurrent.locks.LockSupport.park(LockSupport.java:371)
        at java.base@21.0.8/java.util.concurrent.locks.AbstractQueuedSynchronizer$ConditionNode.block(AbstractQueuedSynchronizer.java:519)
        at java.base@21.0.8/java.util.concurrent.ForkJoinPool.unmanagedBlock(ForkJoinPool.java:3780)
        at java.base@21.0.8/java.util.concurrent.ForkJoinPool.managedBlock(ForkJoinPool.java:3725)
        at java.base@21.0.8/java.util.concurrent.locks.AbstractQueuedSynchronizer$ConditionObject.await(AbstractQueuedSynchronizer.java:1712)
        at java.base@21.0.8/java.util.concurrent.LinkedBlockingQueue.take(LinkedBlockingQueue.java:435)
        at java.base@21.0.8/java.util.concurrent.ThreadPoolExecutor.getTask(ThreadPoolExecutor.java:1070)
        at java.base@21.0.8/java.util.concurrent.ThreadPoolExecutor.runWorker(ThreadPoolExecutor.java:1130)
        at java.base@21.0.8/java.util.concurrent.ThreadPoolExecutor$Worker.run(ThreadPoolExecutor.java:642)
        at java.base@21.0.8/java.lang.Thread.runWith(Thread.java:1596)
        at java.base@21.0.8/java.lang.Thread.run(Thread.java:1583)
"IPC Server handler 74 on default port 15000" daemon prio=5 tid=195 timed_waiting
java.lang.Thread.State: TIMED_WAITING
        at java.base@21.0.8/jdk.internal.misc.Unsafe.park(Native Method)
        at java.base@21.0.8/java.util.concurrent.locks.LockSupport.parkNanos(LockSupport.java:269)
        at java.base@21.0.8/java.util.concurrent.locks.AbstractQueuedSynchronizer$ConditionObject.awaitNanos(AbstractQueuedSynchronizer.java:1763)
        at java.base@21.0.8/java.util.concurrent.LinkedBlockingQueue.poll(LinkedBlockingQueue.java:460)
        at app//org.apache.hadoop.ipc.CallQueueManager.take(CallQueueManager.java:370)
        at app//org.apache.hadoop.ipc.Server$Handler.run(Server.java:3165)
"IPC Server handler 84 on default port 15002" daemon prio=5 tid=423 timed_waiting
java.lang.Thread.State: TIMED_WAITING
        at java.base@21.0.8/jdk.internal.misc.Unsafe.park(Native Method)
        at java.base@21.0.8/java.util.concurrent.locks.LockSupport.parkNanos(LockSupport.java:269)
        at java.base@21.0.8/java.util.concurrent.locks.AbstractQueuedSynchronizer$ConditionObject.awaitNanos(AbstractQueuedSynchronizer.java:1763)
        at java.base@21.0.8/java.util.concurrent.LinkedBlockingQueue.poll(LinkedBlockingQueue.java:460)
        at app//org.apache.hadoop.ipc.CallQueueManager.take(CallQueueManager.java:370)
        at app//org.apache.hadoop.ipc.Server$Handler.run(Server.java:3165)
"IPC Server handler 5 on default port 15006" daemon prio=5 tid=497 timed_waiting
java.lang.Thread.State: TIMED_WAITING
        at java.base@21.0.8/jdk.internal.misc.Unsafe.park(Native Method)
        at java.base@21.0.8/java.util.concurrent.locks.LockSupport.parkNanos(LockSupport.java:269)
        at java.base@21.0.8/java.util.concurrent.locks.AbstractQueuedSynchronizer$ConditionObject.awaitNanos(AbstractQueuedSynchronizer.java:1763)
        at java.base@21.0.8/java.util.concurrent.LinkedBlockingQueue.poll(LinkedBlockingQueue.java:460)
        at app//org.apache.hadoop.ipc.CallQueueManager.take(CallQueueManager.java:370)
        at app//org.apache.hadoop.ipc.Server$Handler.run(Server.java:3165)
"IPC Server handler 7 on default port 15043" daemon prio=5 tid=787 timed_waiting
java.lang.Thread.State: TIMED_WAITING
        at java.base@21.0.8/jdk.internal.misc.Unsafe.park(Native Method)
        at java.base@21.0.8/java.util.concurrent.locks.LockSupport.parkNanos(LockSupport.java:269)
        at java.base@21.0.8/java.util.concurrent.locks.AbstractQueuedSynchronizer$ConditionObject.awaitNanos(AbstractQueuedSynchronizer.java:1763)
        at java.base@21.0.8/java.util.concurrent.LinkedBlockingQueue.poll(LinkedBlockingQueue.java:460)
        at app//org.apache.hadoop.ipc.CallQueueManager.take(CallQueueManager.java:370)
        at app//org.apache.hadoop.ipc.Server$Handler.run(Server.java:3165)
"d3e19d45-0b2b-4921-9b28-39a5e9747ac8-DatanodeReportManager-2" daemon prio=5 tid=793 in Object.wait()
java.lang.Thread.State: WAITING (on object monitor)
        at java.base@21.0.8/jdk.internal.misc.Unsafe.park(Native Method)
        at java.base@21.0.8/java.util.concurrent.locks.LockSupport.park(LockSupport.java:371)
        at java.base@21.0.8/java.util.concurrent.locks.AbstractQueuedSynchronizer$ConditionNode.block(AbstractQueuedSynchronizer.java:519)
        at java.base@21.0.8/java.util.concurrent.ForkJoinPool.unmanagedBlock(ForkJoinPool.java:3780)
        at java.base@21.0.8/java.util.concurrent.ForkJoinPool.managedBlock(ForkJoinPool.java:3725)
        at java.base@21.0.8/java.util.concurrent.locks.AbstractQueuedSynchronizer$ConditionObject.await(AbstractQueuedSynchronizer.java:1712)
        at java.base@21.0.8/java.util.concurrent.ScheduledThreadPoolExecutor$DelayedWorkQueue.take(ScheduledThreadPoolExecutor.java:1177)
        at java.base@21.0.8/java.util.concurrent.ScheduledThreadPoolExecutor$DelayedWorkQueue.take(ScheduledThreadPoolExecutor.java:899)
        at java.base@21.0.8/java.util.concurrent.ThreadPoolExecutor.getTask(ThreadPoolExecutor.java:1070)
        at java.base@21.0.8/java.util.concurrent.ThreadPoolExecutor.runWorker(ThreadPoolExecutor.java:1130)
        at java.base@21.0.8/java.util.concurrent.ThreadPoolExecutor$Worker.run(ThreadPoolExecutor.java:642)
        at java.base@21.0.8/java.lang.Thread.runWith(Thread.java:1596)
        at java.base@21.0.8/java.lang.Thread.run(Thread.java:1583)
"ContainerDataScanner(/home/runner/work/ozone/ozone/hadoop-ozone/integration-test/target/test-dir/MiniOzoneClusterImpl-871b4ddd-f672-4be1-b73a-1629492f36a3/ozone-metadata/datanode-5/data-0/hdds)" daemon prio=5 tid=839 timed_waiting
java.lang.Thread.State: TIMED_WAITING
        at java.base@21.0.8/java.lang.Thread.sleep0(Native Method)
        at java.base@21.0.8/java.lang.Thread.sleep(Thread.java:509)
        at app//org.apache.hadoop.ozone.container.ozoneimpl.AbstractBackgroundContainerScanner.handleRemainingSleep(AbstractBackgroundContainerScanner.java:133)
        at app//org.apache.hadoop.ozone.container.ozoneimpl.AbstractBackgroundContainerScanner.runIteration(AbstractBackgroundContainerScanner.java:100)
        at app//org.apache.hadoop.ozone.container.ozoneimpl.AbstractBackgroundContainerScanner.run(AbstractBackgroundContainerScanner.java:59)
        at java.base@21.0.8/java.lang.Thread.runWith(Thread.java:1596)
        at java.base@21.0.8/java.lang.Thread.run(Thread.java:1583)
"IPC Server handler 75 on default port 15001" daemon prio=5 tid=296 timed_waiting
java.lang.Thread.State: TIMED_WAITING
        at java.base@21.0.8/jdk.internal.misc.Unsafe.park(Native Method)
        at java.base@21.0.8/java.util.concurrent.locks.LockSupport.parkNanos(LockSupport.java:269)
        at java.base@21.0.8/java.util.concurrent.locks.AbstractQueuedSynchronizer$ConditionObject.awaitNanos(AbstractQueuedSynchronizer.java:1763)
        at java.base@21.0.8/java.util.concurrent.LinkedBlockingQueue.poll(LinkedBlockingQueue.java:460)
        at app//org.apache.hadoop.ipc.CallQueueManager.take(CallQueueManager.java:370)
        at app//org.apache.hadoop.ipc.Server$Handler.run(Server.java:3165)
"IPC Server handler 62 on default port 15000" daemon prio=5 tid=183 timed_waiting
java.lang.Thread.State: TIMED_WAITING
        at java.base@21.0.8/jdk.internal.misc.Unsafe.park(Native Method)
        at java.base@21.0.8/java.util.concurrent.locks.LockSupport.parkNanos(LockSupport.java:269)
        at java.base@21.0.8/java.util.concurrent.locks.AbstractQueuedSynchronizer$ConditionObject.awaitNanos(AbstractQueuedSynchronizer.java:1763)
        at java.base@21.0.8/java.util.concurrent.LinkedBlockingQueue.poll(LinkedBlockingQueue.java:460)
        at app//org.apache.hadoop.ipc.CallQueueManager.take(CallQueueManager.java:370)
        at app//org.apache.hadoop.ipc.Server$Handler.run(Server.java:3165)
"IPC Server handler 72 on default port 15001" daemon prio=5 tid=293 timed_waiting
java.lang.Thread.State: TIMED_WAITING
        at java.base@21.0.8/jdk.internal.misc.Unsafe.park(Native Method)
        at java.base@21.0.8/java.util.concurrent.locks.LockSupport.parkNanos(LockSupport.java:269)
        at java.base@21.0.8/java.util.concurrent.locks.AbstractQueuedSynchronizer$ConditionObject.awaitNanos(AbstractQueuedSynchronizer.java:1763)
        at java.base@21.0.8/java.util.concurrent.LinkedBlockingQueue.poll(LinkedBlockingQueue.java:460)
        at app//org.apache.hadoop.ipc.CallQueueManager.take(CallQueueManager.java:370)
        at app//org.apache.hadoop.ipc.Server$Handler.run(Server.java:3165)
"IPC Server handler 74 on default port 15001" daemon prio=5 tid=295 timed_waiting
java.lang.Thread.State: TIMED_WAITING
        at java.base@21.0.8/jdk.internal.misc.Unsafe.park(Native Method)
        at java.base@21.0.8/java.util.concurrent.locks.LockSupport.parkNanos(LockSupport.java:269)
        at java.base@21.0.8/java.util.concurrent.locks.AbstractQueuedSynchronizer$ConditionObject.awaitNanos(AbstractQueuedSynchronizer.java:1763)
        at java.base@21.0.8/java.util.concurrent.LinkedBlockingQueue.poll(LinkedBlockingQueue.java:460)
        at app//org.apache.hadoop.ipc.CallQueueManager.take(CallQueueManager.java:370)
        at app//org.apache.hadoop.ipc.Server$Handler.run(Server.java:3165)
"BackgroundPipelineScrubber" daemon prio=5 tid=56 timed_waiting
java.lang.Thread.State: TIMED_WAITING
        at java.base@21.0.8/java.lang.Object.wait0(Native Method)
        at java.base@21.0.8/java.lang.Object.wait(Object.java:366)
        at app//org.apache.hadoop.hdds.scm.ha.BackgroundSCMService.run(BackgroundSCMService.java:106)
        at app//org.apache.hadoop.hdds.scm.ha.BackgroundSCMService$$Lambda/0x00007fd1ac502480.run(Unknown Source)
        at java.base@21.0.8/java.lang.Thread.runWith(Thread.java:1596)
        at java.base@21.0.8/java.lang.Thread.run(Thread.java:1583)
"Finalizer" daemon prio=8 tid=10 in Object.wait()
java.lang.Thread.State: WAITING (on object monitor)
        at java.base@21.0.8/java.lang.Object.wait0(Native Method)
        at java.base@21.0.8/java.lang.Object.wait(Object.java:366)
        at java.base@21.0.8/java.lang.Object.wait(Object.java:339)
        at java.base@21.0.8/java.lang.ref.NativeReferenceQueue.await(NativeReferenceQueue.java:48)
        at java.base@21.0.8/java.lang.ref.ReferenceQueue.remove0(ReferenceQueue.java:158)
        at java.base@21.0.8/java.lang.ref.NativeReferenceQueue.remove(NativeReferenceQueue.java:89)
        at java.base@21.0.8/java.lang.ref.Finalizer$FinalizerThread.run(Finalizer.java:173)
"IPC Server handler 6 on default port 15035" daemon prio=5 tid=711 timed_waiting
java.lang.Thread.State: TIMED_WAITING
        at java.base@21.0.8/jdk.internal.misc.Unsafe.park(Native Method)
        at java.base@21.0.8/java.util.concurrent.locks.LockSupport.parkNanos(LockSupport.java:269)
        at java.base@21.0.8/java.util.concurrent.locks.AbstractQueuedSynchronizer$ConditionObject.awaitNanos(AbstractQueuedSynchronizer.java:1763)
        at java.base@21.0.8/java.util.concurrent.LinkedBlockingQueue.poll(LinkedBlockingQueue.java:460)
        at app//org.apache.hadoop.ipc.CallQueueManager.take(CallQueueManager.java:370)
        at app//org.apache.hadoop.ipc.Server$Handler.run(Server.java:3165)
"ForkJoinPool-1-worker-4" daemon prio=5 tid=38 in Object.wait()
java.lang.Thread.State: WAITING (on object monitor)
        at java.base@21.0.8/jdk.internal.misc.Unsafe.park(Native Method)
        at java.base@21.0.8/java.util.concurrent.locks.LockSupport.park(LockSupport.java:371)
        at java.base@21.0.8/java.util.concurrent.ForkJoinPool.awaitWork(ForkJoinPool.java:1893)
        at java.base@21.0.8/java.util.concurrent.ForkJoinPool.runWorker(ForkJoinPool.java:1809)
        at java.base@21.0.8/java.util.concurrent.ForkJoinWorkerThread.run(ForkJoinWorkerThread.java:188)
"pool-36-thread-1"  prio=5 tid=323 timed_waiting
java.lang.Thread.State: TIMED_WAITING
        at java.base@21.0.8/jdk.internal.misc.Unsafe.park(Native Method)
        at java.base@21.0.8/java.util.concurrent.locks.LockSupport.parkNanos(LockSupport.java:269)
        at java.base@21.0.8/java.util.concurrent.locks.AbstractQueuedSynchronizer$ConditionObject.awaitNanos(AbstractQueuedSynchronizer.java:1763)
        at java.base@21.0.8/java.util.concurrent.ScheduledThreadPoolExecutor$DelayedWorkQueue.take(ScheduledThreadPoolExecutor.java:1182)
        at java.base@21.0.8/java.util.concurrent.ScheduledThreadPoolExecutor$DelayedWorkQueue.take(ScheduledThreadPoolExecutor.java:899)
        at java.base@21.0.8/java.util.concurrent.ThreadPoolExecutor.getTask(ThreadPoolExecutor.java:1070)
        at java.base@21.0.8/java.util.concurrent.ThreadPoolExecutor.runWorker(ThreadPoolExecutor.java:1130)
        at java.base@21.0.8/java.util.concurrent.ThreadPoolExecutor$Worker.run(ThreadPoolExecutor.java:642)
        at java.base@21.0.8/java.lang.Thread.runWith(Thread.java:1596)
        at java.base@21.0.8/java.lang.Thread.run(Thread.java:1583)
"IPC Server handler 43 on default port 15000" daemon prio=5 tid=164 timed_waiting
java.lang.Thread.State: TIMED_WAITING
        at java.base@21.0.8/jdk.internal.misc.Unsafe.park(Native Method)
        at java.base@21.0.8/java.util.concurrent.locks.LockSupport.parkNanos(LockSupport.java:269)
        at java.base@21.0.8/java.util.concurrent.locks.AbstractQueuedSynchronizer$ConditionObject.awaitNanos(AbstractQueuedSynchronizer.java:1763)
        at java.base@21.0.8/java.util.concurrent.LinkedBlockingQueue.poll(LinkedBlockingQueue.java:460)
        at app//org.apache.hadoop.ipc.CallQueueManager.take(CallQueueManager.java:370)
        at app//org.apache.hadoop.ipc.Server$Handler.run(Server.java:3165)
"IPC Server handler 14 on default port 15006" daemon prio=5 tid=506 timed_waiting
java.lang.Thread.State: TIMED_WAITING
        at java.base@21.0.8/jdk.internal.misc.Unsafe.park(Native Method)
        at java.base@21.0.8/java.util.concurrent.locks.LockSupport.parkNanos(LockSupport.java:269)
        at java.base@21.0.8/java.util.concurrent.locks.AbstractQueuedSynchronizer$ConditionObject.awaitNanos(AbstractQueuedSynchronizer.java:1763)
        at java.base@21.0.8/java.util.concurrent.LinkedBlockingQueue.poll(LinkedBlockingQueue.java:460)
        at app//org.apache.hadoop.ipc.CallQueueManager.take(CallQueueManager.java:370)
        at app//org.apache.hadoop.ipc.Server$Handler.run(Server.java:3165)
"StaleRecoveringContainerScrubbingService#1" daemon prio=5 tid=828 in Object.wait()
java.lang.Thread.State: WAITING (on object monitor)
        at java.base@21.0.8/jdk.internal.misc.Unsafe.park(Native Method)
        at java.base@21.0.8/java.util.concurrent.locks.LockSupport.park(LockSupport.java:371)
        at java.base@21.0.8/java.util.concurrent.locks.AbstractQueuedSynchronizer$ConditionNode.block(AbstractQueuedSynchronizer.java:519)
        at java.base@21.0.8/java.util.concurrent.ForkJoinPool.unmanagedBlock(ForkJoinPool.java:3780)
        at java.base@21.0.8/java.util.concurrent.ForkJoinPool.managedBlock(ForkJoinPool.java:3725)
        at java.base@21.0.8/java.util.concurrent.locks.AbstractQueuedSynchronizer$ConditionObject.await(AbstractQueuedSynchronizer.java:1712)
        at java.base@21.0.8/java.util.concurrent.ScheduledThreadPoolExecutor$DelayedWorkQueue.take(ScheduledThreadPoolExecutor.java:1177)
        at java.base@21.0.8/java.util.concurrent.ScheduledThreadPoolExecutor$DelayedWorkQueue.take(ScheduledThreadPoolExecutor.java:899)
        at java.base@21.0.8/java.util.concurrent.ThreadPoolExecutor.getTask(ThreadPoolExecutor.java:1070)
        at java.base@21.0.8/java.util.concurrent.ThreadPoolExecutor.runWorker(ThreadPoolExecutor.java:1130)
        at java.base@21.0.8/java.util.concurrent.ThreadPoolExecutor$Worker.run(ThreadPoolExecutor.java:642)
        at java.base@21.0.8/java.lang.Thread.runWith(Thread.java:1596)
        at java.base@21.0.8/java.lang.Thread.run(Thread.java:1583)
"process reaper" daemon prio=10 tid=29 timed_waiting
java.lang.Thread.State: TIMED_WAITING
        at java.base@21.0.8/jdk.internal.misc.Unsafe.park(Native Method)
        at java.base@21.0.8/java.util.concurrent.locks.LockSupport.parkNanos(LockSupport.java:410)
        at java.base@21.0.8/java.util.concurrent.LinkedTransferQueue$DualNode.await(LinkedTransferQueue.java:452)
        at java.base@21.0.8/java.util.concurrent.SynchronousQueue$Transferer.xferLifo(SynchronousQueue.java:194)
        at java.base@21.0.8/java.util.concurrent.SynchronousQueue.xfer(SynchronousQueue.java:235)
        at java.base@21.0.8/java.util.concurrent.SynchronousQueue.poll(SynchronousQueue.java:338)
        at java.base@21.0.8/java.util.concurrent.ThreadPoolExecutor.getTask(ThreadPoolExecutor.java:1069)
        at java.base@21.0.8/java.util.concurrent.ThreadPoolExecutor.runWorker(ThreadPoolExecutor.java:1130)
        at java.base@21.0.8/java.util.concurrent.ThreadPoolExecutor$Worker.run(ThreadPoolExecutor.java:642)
        at java.base@21.0.8/java.lang.Thread.runWith(Thread.java:1596)
        at java.base@21.0.8/java.lang.Thread.run(Thread.java:1583)
        at java.base@21.0.8/jdk.internal.misc.InnocuousThread.run(InnocuousThread.java:186)
"IPC Server handler 49 on default port 15002" daemon prio=5 tid=388 timed_waiting
java.lang.Thread.State: TIMED_WAITING
        at java.base@21.0.8/jdk.internal.misc.Unsafe.park(Native Method)
        at java.base@21.0.8/java.util.concurrent.locks.LockSupport.parkNanos(LockSupport.java:269)
        at java.base@21.0.8/java.util.concurrent.locks.AbstractQueuedSynchronizer$ConditionObject.awaitNanos(AbstractQueuedSynchronizer.java:1763)
        at java.base@21.0.8/java.util.concurrent.LinkedBlockingQueue.poll(LinkedBlockingQueue.java:460)
        at app//org.apache.hadoop.ipc.CallQueueManager.take(CallQueueManager.java:370)
        at app//org.apache.hadoop.ipc.Server$Handler.run(Server.java:3165)
"IPC Server handler 41 on default port 15001" daemon prio=5 tid=262 timed_waiting
java.lang.Thread.State: TIMED_WAITING
        at java.base@21.0.8/jdk.internal.misc.Unsafe.park(Native Method)
        at java.base@21.0.8/java.util.concurrent.locks.LockSupport.parkNanos(LockSupport.java:269)
        at java.base@21.0.8/java.util.concurrent.locks.AbstractQueuedSynchronizer$ConditionObject.awaitNanos(AbstractQueuedSynchronizer.java:1763)
        at java.base@21.0.8/java.util.concurrent.LinkedBlockingQueue.poll(LinkedBlockingQueue.java:460)
        at app//org.apache.hadoop.ipc.CallQueueManager.take(CallQueueManager.java:370)
        at app//org.apache.hadoop.ipc.Server$Handler.run(Server.java:3165)
"org.apache.hadoop.ozone.container.common.statemachine.commandhandler.DeleteBlocksCommandHandler$DeleteCmdWorker@4a176e11" daemon prio=5 tid=662 timed_waiting
java.lang.Thread.State: TIMED_WAITING
        at java.base@21.0.8/java.lang.Thread.sleep0(Native Method)
        at java.base@21.0.8/java.lang.Thread.sleep(Thread.java:509)
        at app//org.apache.hadoop.ozone.container.common.statemachine.commandhandler.DeleteBlocksCommandHandler$DeleteCmdWorker.run(DeleteBlocksCommandHandler.java:260)
        at java.base@21.0.8/java.lang.Thread.runWith(Thread.java:1596)
        at java.base@21.0.8/java.lang.Thread.run(Thread.java:1583)
"Socket Reader #5 for port 15019" daemon prio=5 tid=580 runnable
java.lang.Thread.State: RUNNABLE
        at java.base@21.0.8/sun.nio.ch.EPoll.wait(Native Method)
        at java.base@21.0.8/sun.nio.ch.EPollSelectorImpl.doSelect(EPollSelectorImpl.java:121)
        at java.base@21.0.8/sun.nio.ch.SelectorImpl.lockAndDoSelect(SelectorImpl.java:130)
        at java.base@21.0.8/sun.nio.ch.SelectorImpl.select(SelectorImpl.java:147)
        at app//org.apache.hadoop.ipc.Server$Listener$Reader.doRunLoop(Server.java:1497)
        at app//org.apache.hadoop.ipc.Server$Listener$Reader.run(Server.java:1476)
"IPC Server handler 73 on default port 15001" daemon prio=5 tid=294 timed_waiting
java.lang.Thread.State: TIMED_WAITING
        at java.base@21.0.8/jdk.internal.misc.Unsafe.park(Native Method)
        at java.base@21.0.8/java.util.concurrent.locks.LockSupport.parkNanos(LockSupport.java:269)
        at java.base@21.0.8/java.util.concurrent.locks.AbstractQueuedSynchronizer$ConditionObject.awaitNanos(AbstractQueuedSynchronizer.java:1763)
        at java.base@21.0.8/java.util.concurrent.LinkedBlockingQueue.poll(LinkedBlockingQueue.java:460)
        at app//org.apache.hadoop.ipc.CallQueueManager.take(CallQueueManager.java:370)
        at app//org.apache.hadoop.ipc.Server$Handler.run(Server.java:3165)
"pool-122-thread-1" daemon prio=5 tid=781 timed_waiting
java.lang.Thread.State: TIMED_WAITING
        at java.base@21.0.8/jdk.internal.misc.Unsafe.park(Native Method)
        at java.base@21.0.8/java.util.concurrent.locks.LockSupport.parkNanos(LockSupport.java:269)
        at java.base@21.0.8/java.util.concurrent.locks.AbstractQueuedSynchronizer$ConditionObject.awaitNanos(AbstractQueuedSynchronizer.java:1763)
        at java.base@21.0.8/java.util.concurrent.ScheduledThreadPoolExecutor$DelayedWorkQueue.take(ScheduledThreadPoolExecutor.java:1182)
        at java.base@21.0.8/java.util.concurrent.ScheduledThreadPoolExecutor$DelayedWorkQueue.take(ScheduledThreadPoolExecutor.java:899)
        at java.base@21.0.8/java.util.concurrent.ThreadPoolExecutor.getTask(ThreadPoolExecutor.java:1070)
        at java.base@21.0.8/java.util.concurrent.ThreadPoolExecutor.runWorker(ThreadPoolExecutor.java:1130)
        at java.base@21.0.8/java.util.concurrent.ThreadPoolExecutor$Worker.run(ThreadPoolExecutor.java:642)
        at java.base@21.0.8/java.lang.Thread.runWith(Thread.java:1596)
        at java.base@21.0.8/java.lang.Thread.run(Thread.java:1583)
"IPC Server handler 40 on default port 15000" daemon prio=5 tid=161 timed_waiting
java.lang.Thread.State: TIMED_WAITING
        at java.base@21.0.8/jdk.internal.misc.Unsafe.park(Native Method)
        at java.base@21.0.8/java.util.concurrent.locks.LockSupport.parkNanos(LockSupport.java:269)
        at java.base@21.0.8/java.util.concurrent.locks.AbstractQueuedSynchronizer$ConditionObject.awaitNanos(AbstractQueuedSynchronizer.java:1763)
        at java.base@21.0.8/java.util.concurrent.LinkedBlockingQueue.poll(LinkedBlockingQueue.java:460)
        at app//org.apache.hadoop.ipc.CallQueueManager.take(CallQueueManager.java:370)
        at app//org.apache.hadoop.ipc.Server$Handler.run(Server.java:3165)
"IPC Server handler 82 on default port 15000" daemon prio=5 tid=203 timed_waiting
java.lang.Thread.State: TIMED_WAITING
        at java.base@21.0.8/jdk.internal.misc.Unsafe.park(Native Method)
        at java.base@21.0.8/java.util.concurrent.locks.LockSupport.parkNanos(LockSupport.java:269)
        at java.base@21.0.8/java.util.concurrent.locks.AbstractQueuedSynchronizer$ConditionObject.awaitNanos(AbstractQueuedSynchronizer.java:1763)
        at java.base@21.0.8/java.util.concurrent.LinkedBlockingQueue.poll(LinkedBlockingQueue.java:460)
        at app//org.apache.hadoop.ipc.CallQueueManager.take(CallQueueManager.java:370)
        at app//org.apache.hadoop.ipc.Server$Handler.run(Server.java:3165)
"Socket Reader #1 for port 15019" daemon prio=5 tid=576 runnable
java.lang.Thread.State: RUNNABLE
        at java.base@21.0.8/sun.nio.ch.EPoll.wait(Native Method)
        at java.base@21.0.8/sun.nio.ch.EPollSelectorImpl.doSelect(EPollSelectorImpl.java:121)
        at java.base@21.0.8/sun.nio.ch.SelectorImpl.lockAndDoSelect(SelectorImpl.java:130)
        at java.base@21.0.8/sun.nio.ch.SelectorImpl.select(SelectorImpl.java:147)
        at app//org.apache.hadoop.ipc.Server$Listener$Reader.doRunLoop(Server.java:1497)
        at app//org.apache.hadoop.ipc.Server$Listener$Reader.run(Server.java:1476)
"IPC Server handler 2 on default port 15027" daemon prio=5 tid=639 timed_waiting
java.lang.Thread.State: TIMED_WAITING
        at java.base@21.0.8/jdk.internal.misc.Unsafe.park(Native Method)
        at java.base@21.0.8/java.util.concurrent.locks.LockSupport.parkNanos(LockSupport.java:269)
        at java.base@21.0.8/java.util.concurrent.locks.AbstractQueuedSynchronizer$ConditionObject.awaitNanos(AbstractQueuedSynchronizer.java:1763)
        at java.base@21.0.8/java.util.concurrent.LinkedBlockingQueue.poll(LinkedBlockingQueue.java:460)
        at app//org.apache.hadoop.ipc.CallQueueManager.take(CallQueueManager.java:370)
        at app//org.apache.hadoop.ipc.Server$Handler.run(Server.java:3165)
"qtp976208765-614-acceptor-0@66612a63-ServerConnector@2ae34c61{HTTP/1.1, (http/1.1)}{0.0.0.0:15026}" daemon prio=3 tid=614 runnable
java.lang.Thread.State: RUNNABLE
        at java.base@21.0.8/sun.nio.ch.Net.accept(Native Method)
        at java.base@21.0.8/sun.nio.ch.ServerSocketChannelImpl.implAccept(ServerSocketChannelImpl.java:433)
        at java.base@21.0.8/sun.nio.ch.ServerSocketChannelImpl.accept(ServerSocketChannelImpl.java:399)
        at app//org.eclipse.jetty.server.ServerConnector.accept(ServerConnector.java:388)
        at app//org.eclipse.jetty.server.AbstractConnector$Acceptor.run(AbstractConnector.java:704)
        at app//org.eclipse.jetty.util.thread.QueuedThreadPool.runJob(QueuedThreadPool.java:883)
        at app//org.eclipse.jetty.util.thread.QueuedThreadPool$Runner.run(QueuedThreadPool.java:1034)
        at java.base@21.0.8/java.lang.Thread.runWith(Thread.java:1596)
        at java.base@21.0.8/java.lang.Thread.run(Thread.java:1583)
"Socket Reader #2 for port 15027" daemon prio=5 tid=625 runnable
java.lang.Thread.State: RUNNABLE
        at java.base@21.0.8/sun.nio.ch.EPoll.wait(Native Method)
        at java.base@21.0.8/sun.nio.ch.EPollSelectorImpl.doSelect(EPollSelectorImpl.java:121)
        at java.base@21.0.8/sun.nio.ch.SelectorImpl.lockAndDoSelect(SelectorImpl.java:130)
        at java.base@21.0.8/sun.nio.ch.SelectorImpl.select(SelectorImpl.java:147)
        at app//org.apache.hadoop.ipc.Server$Listener$Reader.doRunLoop(Server.java:1497)
        at app//org.apache.hadoop.ipc.Server$Listener$Reader.run(Server.java:1476)
"IPC Server Responder" daemon prio=5 tid=774 runnable
java.lang.Thread.State: RUNNABLE
        at java.base@21.0.8/sun.nio.ch.EPoll.wait(Native Method)
        at java.base@21.0.8/sun.nio.ch.EPollSelectorImpl.doSelect(EPollSelectorImpl.java:121)
        at java.base@21.0.8/sun.nio.ch.SelectorImpl.lockAndDoSelect(SelectorImpl.java:130)
        at java.base@21.0.8/sun.nio.ch.SelectorImpl.select(SelectorImpl.java:142)
        at app//org.apache.hadoop.ipc.Server$Responder.doRunLoop(Server.java:1733)
        at app//org.apache.hadoop.ipc.Server$Responder.run(Server.java:1716)
"25d9f169-1c9e-47c6-a2a2-d20fb3c5fda2-CommandProcessorThread" daemon prio=5 tid=720 timed_waiting
java.lang.Thread.State: TIMED_WAITING
        at java.base@21.0.8/java.lang.Thread.sleep0(Native Method)
        at java.base@21.0.8/java.lang.Thread.sleep(Thread.java:509)
        at app//org.apache.hadoop.ozone.container.common.statemachine.DatanodeStateMachine.lambda$initCommandHandlerThread$4(DatanodeStateMachine.java:698)
        at app//org.apache.hadoop.ozone.container.common.statemachine.DatanodeStateMachine$$Lambda/0x00007fd1ac884310.run(Unknown Source)
        at java.base@21.0.8/java.lang.Thread.runWith(Thread.java:1596)
        at java.base@21.0.8/java.lang.Thread.run(Thread.java:1583)
"EventQueue-PipelineReportForOneReplicaPipelineSafeModeRule" daemon prio=5 tid=759 in Object.wait()
java.lang.Thread.State: WAITING (on object monitor)
        at java.base@21.0.8/jdk.internal.misc.Unsafe.park(Native Method)
        at java.base@21.0.8/java.util.concurrent.locks.LockSupport.park(LockSupport.java:371)
        at java.base@21.0.8/java.util.concurrent.locks.AbstractQueuedSynchronizer$ConditionNode.block(AbstractQueuedSynchronizer.java:519)
        at java.base@21.0.8/java.util.concurrent.ForkJoinPool.unmanagedBlock(ForkJoinPool.java:3780)
        at java.base@21.0.8/java.util.concurrent.ForkJoinPool.managedBlock(ForkJoinPool.java:3725)
        at java.base@21.0.8/java.util.concurrent.locks.AbstractQueuedSynchronizer$ConditionObject.await(AbstractQueuedSynchronizer.java:1712)
        at java.base@21.0.8/java.util.concurrent.LinkedBlockingQueue.take(LinkedBlockingQueue.java:435)
        at java.base@21.0.8/java.util.concurrent.ThreadPoolExecutor.getTask(ThreadPoolExecutor.java:1070)
        at java.base@21.0.8/java.util.concurrent.ThreadPoolExecutor.runWorker(ThreadPoolExecutor.java:1130)
        at java.base@21.0.8/java.util.concurrent.ThreadPoolExecutor$Worker.run(ThreadPoolExecutor.java:642)
        at java.base@21.0.8/java.lang.Thread.runWith(Thread.java:1596)
        at java.base@21.0.8/java.lang.Thread.run(Thread.java:1583)
"IPC Server handler 46 on default port 15000" daemon prio=5 tid=167 timed_waiting
java.lang.Thread.State: TIMED_WAITING
        at java.base@21.0.8/jdk.internal.misc.Unsafe.park(Native Method)
        at java.base@21.0.8/java.util.concurrent.locks.LockSupport.parkNanos(LockSupport.java:269)
        at java.base@21.0.8/java.util.concurrent.locks.AbstractQueuedSynchronizer$ConditionObject.awaitNanos(AbstractQueuedSynchronizer.java:1763)
        at java.base@21.0.8/java.util.concurrent.LinkedBlockingQueue.poll(LinkedBlockingQueue.java:460)
        at app//org.apache.hadoop.ipc.CallQueueManager.take(CallQueueManager.java:370)
        at app//org.apache.hadoop.ipc.Server$Handler.run(Server.java:3165)
"IPC Server handler 94 on default port 15000" daemon prio=5 tid=215 timed_waiting
java.lang.Thread.State: TIMED_WAITING
        at java.base@21.0.8/jdk.internal.misc.Unsafe.park(Native Method)
        at java.base@21.0.8/java.util.concurrent.locks.LockSupport.parkNanos(LockSupport.java:269)
        at java.base@21.0.8/java.util.concurrent.locks.AbstractQueuedSynchronizer$ConditionObject.awaitNanos(AbstractQueuedSynchronizer.java:1763)
        at java.base@21.0.8/java.util.concurrent.LinkedBlockingQueue.poll(LinkedBlockingQueue.java:460)
        at app//org.apache.hadoop.ipc.CallQueueManager.take(CallQueueManager.java:370)
        at app//org.apache.hadoop.ipc.Server$Handler.run(Server.java:3165)
"IPC Server handler 60 on default port 15000" daemon prio=5 tid=181 timed_waiting
java.lang.Thread.State: TIMED_WAITING
        at java.base@21.0.8/jdk.internal.misc.Unsafe.park(Native Method)
        at java.base@21.0.8/java.util.concurrent.locks.LockSupport.parkNanos(LockSupport.java:269)
        at java.base@21.0.8/java.util.concurrent.locks.AbstractQueuedSynchronizer$ConditionObject.awaitNanos(AbstractQueuedSynchronizer.java:1763)
        at java.base@21.0.8/java.util.concurrent.LinkedBlockingQueue.poll(LinkedBlockingQueue.java:460)
        at app//org.apache.hadoop.ipc.CallQueueManager.take(CallQueueManager.java:370)
        at app//org.apache.hadoop.ipc.Server$Handler.run(Server.java:3165)
"IPC Server handler 56 on default port 15002" daemon prio=5 tid=395 timed_waiting
java.lang.Thread.State: TIMED_WAITING
        at java.base@21.0.8/jdk.internal.misc.Unsafe.park(Native Method)
        at java.base@21.0.8/java.util.concurrent.locks.LockSupport.parkNanos(LockSupport.java:269)
        at java.base@21.0.8/java.util.concurrent.locks.AbstractQueuedSynchronizer$ConditionObject.awaitNanos(AbstractQueuedSynchronizer.java:1763)
        at java.base@21.0.8/java.util.concurrent.LinkedBlockingQueue.poll(LinkedBlockingQueue.java:460)
        at app//org.apache.hadoop.ipc.CallQueueManager.take(CallQueueManager.java:370)
        at app//org.apache.hadoop.ipc.Server$Handler.run(Server.java:3165)
"IPC Server handler 61 on default port 15001" daemon prio=5 tid=282 timed_waiting
java.lang.Thread.State: TIMED_WAITING
        at java.base@21.0.8/jdk.internal.misc.Unsafe.park(Native Method)
        at java.base@21.0.8/java.util.concurrent.locks.LockSupport.parkNanos(LockSupport.java:269)
        at java.base@21.0.8/java.util.concurrent.locks.AbstractQueuedSynchronizer$ConditionObject.awaitNanos(AbstractQueuedSynchronizer.java:1763)
        at java.base@21.0.8/java.util.concurrent.LinkedBlockingQueue.poll(LinkedBlockingQueue.java:460)
        at app//org.apache.hadoop.ipc.CallQueueManager.take(CallQueueManager.java:370)
        at app//org.apache.hadoop.ipc.Server$Handler.run(Server.java:3165)
"IPC Server handler 77 on default port 15002" daemon prio=5 tid=416 timed_waiting
java.lang.Thread.State: TIMED_WAITING
        at java.base@21.0.8/jdk.internal.misc.Unsafe.park(Native Method)
        at java.base@21.0.8/java.util.concurrent.locks.LockSupport.parkNanos(LockSupport.java:269)
        at java.base@21.0.8/java.util.concurrent.locks.AbstractQueuedSynchronizer$ConditionObject.awaitNanos(AbstractQueuedSynchronizer.java:1763)
        at java.base@21.0.8/java.util.concurrent.LinkedBlockingQueue.poll(LinkedBlockingQueue.java:460)
        at app//org.apache.hadoop.ipc.CallQueueManager.take(CallQueueManager.java:370)
        at app//org.apache.hadoop.ipc.Server$Handler.run(Server.java:3165)
"IPC Server handler 85 on default port 15000" daemon prio=5 tid=206 timed_waiting
java.lang.Thread.State: TIMED_WAITING
        at java.base@21.0.8/jdk.internal.misc.Unsafe.park(Native Method)
        at java.base@21.0.8/java.util.concurrent.locks.LockSupport.parkNanos(LockSupport.java:269)
        at java.base@21.0.8/java.util.concurrent.locks.AbstractQueuedSynchronizer$ConditionObject.awaitNanos(AbstractQueuedSynchronizer.java:1763)
        at java.base@21.0.8/java.util.concurrent.LinkedBlockingQueue.poll(LinkedBlockingQueue.java:460)
        at app//org.apache.hadoop.ipc.CallQueueManager.take(CallQueueManager.java:370)
        at app//org.apache.hadoop.ipc.Server$Handler.run(Server.java:3165)
"IPC Server handler 96 on default port 15001" daemon prio=5 tid=317 timed_waiting
java.lang.Thread.State: TIMED_WAITING
        at java.base@21.0.8/jdk.internal.misc.Unsafe.park(Native Method)
        at java.base@21.0.8/java.util.concurrent.locks.LockSupport.parkNanos(LockSupport.java:269)
        at java.base@21.0.8/java.util.concurrent.locks.AbstractQueuedSynchronizer$ConditionObject.awaitNanos(AbstractQueuedSynchronizer.java:1763)
        at java.base@21.0.8/java.util.concurrent.LinkedBlockingQueue.poll(LinkedBlockingQueue.java:460)
        at app//org.apache.hadoop.ipc.CallQueueManager.take(CallQueueManager.java:370)
        at app//org.apache.hadoop.ipc.Server$Handler.run(Server.java:3165)
"IPC Server handler 41 on default port 15000" daemon prio=5 tid=162 timed_waiting
java.lang.Thread.State: TIMED_WAITING
        at java.base@21.0.8/jdk.internal.misc.Unsafe.park(Native Method)
        at java.base@21.0.8/java.util.concurrent.locks.LockSupport.parkNanos(LockSupport.java:269)
        at java.base@21.0.8/java.util.concurrent.locks.AbstractQueuedSynchronizer$ConditionObject.awaitNanos(AbstractQueuedSynchronizer.java:1763)
        at java.base@21.0.8/java.util.concurrent.LinkedBlockingQueue.poll(LinkedBlockingQueue.java:460)
        at app//org.apache.hadoop.ipc.CallQueueManager.take(CallQueueManager.java:370)
        at app//org.apache.hadoop.ipc.Server$Handler.run(Server.java:3165)
"d3e19d45-0b2b-4921-9b28-39a5e9747ac8@group-3551B3BB1E56-cacheEviction-AwaitToRun" daemon prio=5 tid=864 in Object.wait()
java.lang.Thread.State: WAITING (on object monitor)
        at java.base@21.0.8/jdk.internal.misc.Unsafe.park(Native Method)
        at java.base@21.0.8/java.util.concurrent.locks.LockSupport.park(LockSupport.java:371)
        at java.base@21.0.8/java.util.concurrent.locks.AbstractQueuedSynchronizer$ConditionNode.block(AbstractQueuedSynchronizer.java:519)
        at java.base@21.0.8/java.util.concurrent.ForkJoinPool.unmanagedBlock(ForkJoinPool.java:3780)
        at java.base@21.0.8/java.util.concurrent.ForkJoinPool.managedBlock(ForkJoinPool.java:3725)
        at java.base@21.0.8/java.util.concurrent.locks.AbstractQueuedSynchronizer$ConditionObject.await(AbstractQueuedSynchronizer.java:1712)
        at app//org.apache.ratis.util.AwaitForSignal.await(AwaitForSignal.java:48)
        at app//org.apache.ratis.util.AwaitToRun$RunnableImpl.run(AwaitToRun.java:47)
        at java.base@21.0.8/java.lang.Thread.runWith(Thread.java:1596)
        at java.base@21.0.8/java.lang.Thread.run(Thread.java:1583)
"IPC Server handler 38 on default port 15001" daemon prio=5 tid=259 timed_waiting
java.lang.Thread.State: TIMED_WAITING
        at java.base@21.0.8/jdk.internal.misc.Unsafe.park(Native Method)
        at java.base@21.0.8/java.util.concurrent.locks.LockSupport.parkNanos(LockSupport.java:269)
        at java.base@21.0.8/java.util.concurrent.locks.AbstractQueuedSynchronizer$ConditionObject.awaitNanos(AbstractQueuedSynchronizer.java:1763)
        at java.base@21.0.8/java.util.concurrent.LinkedBlockingQueue.poll(LinkedBlockingQueue.java:460)
        at app//org.apache.hadoop.ipc.CallQueueManager.take(CallQueueManager.java:370)
        at app//org.apache.hadoop.ipc.Server$Handler.run(Server.java:3165)
"StaleRecoveringContainerScrubbingService#0" daemon prio=5 tid=848 timed_waiting
java.lang.Thread.State: TIMED_WAITING
        at java.base@21.0.8/jdk.internal.misc.Unsafe.park(Native Method)
        at java.base@21.0.8/java.util.concurrent.locks.LockSupport.parkNanos(LockSupport.java:269)
        at java.base@21.0.8/java.util.concurrent.locks.AbstractQueuedSynchronizer$ConditionObject.awaitNanos(AbstractQueuedSynchronizer.java:1763)
        at java.base@21.0.8/java.util.concurrent.ScheduledThreadPoolExecutor$DelayedWorkQueue.take(ScheduledThreadPoolExecutor.java:1182)
        at java.base@21.0.8/java.util.concurrent.ScheduledThreadPoolExecutor$DelayedWorkQueue.take(ScheduledThreadPoolExecutor.java:899)
        at java.base@21.0.8/java.util.concurrent.ThreadPoolExecutor.getTask(ThreadPoolExecutor.java:1070)
        at java.base@21.0.8/java.util.concurrent.ThreadPoolExecutor.runWorker(ThreadPoolExecutor.java:1130)
        at java.base@21.0.8/java.util.concurrent.ThreadPoolExecutor$Worker.run(ThreadPoolExecutor.java:642)
        at java.base@21.0.8/java.lang.Thread.runWith(Thread.java:1596)
        at java.base@21.0.8/java.lang.Thread.run(Thread.java:1583)
"IPC Server handler 36 on default port 15000" daemon prio=5 tid=157 timed_waiting
java.lang.Thread.State: TIMED_WAITING
        at java.base@21.0.8/jdk.internal.misc.Unsafe.park(Native Method)
        at java.base@21.0.8/java.util.concurrent.locks.LockSupport.parkNanos(LockSupport.java:269)
        at java.base@21.0.8/java.util.concurrent.locks.AbstractQueuedSynchronizer$ConditionObject.awaitNanos(AbstractQueuedSynchronizer.java:1763)
        at java.base@21.0.8/java.util.concurrent.LinkedBlockingQueue.poll(LinkedBlockingQueue.java:460)
        at app//org.apache.hadoop.ipc.CallQueueManager.take(CallQueueManager.java:370)
        at app//org.apache.hadoop.ipc.Server$Handler.run(Server.java:3165)
"IPC Server handler 61 on default port 15000" daemon prio=5 tid=182 timed_waiting
java.lang.Thread.State: TIMED_WAITING
        at java.base@21.0.8/jdk.internal.misc.Unsafe.park(Native Method)
        at java.base@21.0.8/java.util.concurrent.locks.LockSupport.parkNanos(LockSupport.java:269)
        at java.base@21.0.8/java.util.concurrent.locks.AbstractQueuedSynchronizer$ConditionObject.awaitNanos(AbstractQueuedSynchronizer.java:1763)
        at java.base@21.0.8/java.util.concurrent.LinkedBlockingQueue.poll(LinkedBlockingQueue.java:460)
        at app//org.apache.hadoop.ipc.CallQueueManager.take(CallQueueManager.java:370)
        at app//org.apache.hadoop.ipc.Server$Handler.run(Server.java:3165)
"IPC Server handler 95 on default port 15002" daemon prio=5 tid=434 timed_waiting
java.lang.Thread.State: TIMED_WAITING
        at java.base@21.0.8/jdk.internal.misc.Unsafe.park(Native Method)
        at java.base@21.0.8/java.util.concurrent.locks.LockSupport.parkNanos(LockSupport.java:269)
        at java.base@21.0.8/java.util.concurrent.locks.AbstractQueuedSynchronizer$ConditionObject.awaitNanos(AbstractQueuedSynchronizer.java:1763)
        at java.base@21.0.8/java.util.concurrent.LinkedBlockingQueue.poll(LinkedBlockingQueue.java:460)
        at app//org.apache.hadoop.ipc.CallQueueManager.take(CallQueueManager.java:370)
        at app//org.apache.hadoop.ipc.Server$Handler.run(Server.java:3165)
"Hadoop-Metrics-Updater-0" daemon prio=5 tid=89 timed_waiting
java.lang.Thread.State: TIMED_WAITING
        at java.base@21.0.8/jdk.internal.misc.Unsafe.park(Native Method)
        at java.base@21.0.8/java.util.concurrent.locks.LockSupport.parkNanos(LockSupport.java:269)
        at java.base@21.0.8/java.util.concurrent.locks.AbstractQueuedSynchronizer$ConditionObject.awaitNanos(AbstractQueuedSynchronizer.java:1763)
        at java.base@21.0.8/java.util.concurrent.ScheduledThreadPoolExecutor$DelayedWorkQueue.take(ScheduledThreadPoolExecutor.java:1182)
        at java.base@21.0.8/java.util.concurrent.ScheduledThreadPoolExecutor$DelayedWorkQueue.take(ScheduledThreadPoolExecutor.java:899)
        at java.base@21.0.8/java.util.concurrent.ThreadPoolExecutor.getTask(ThreadPoolExecutor.java:1070)
        at java.base@21.0.8/java.util.concurrent.ThreadPoolExecutor.runWorker(ThreadPoolExecutor.java:1130)
        at java.base@21.0.8/java.util.concurrent.ThreadPoolExecutor$Worker.run(ThreadPoolExecutor.java:642)
        at java.base@21.0.8/java.lang.Thread.runWith(Thread.java:1596)
        at java.base@21.0.8/java.lang.Thread.run(Thread.java:1583)
"Socket Reader #9 for port 15027" daemon prio=5 tid=632 runnable
java.lang.Thread.State: RUNNABLE
        at java.base@21.0.8/sun.nio.ch.EPoll.wait(Native Method)
        at java.base@21.0.8/sun.nio.ch.EPollSelectorImpl.doSelect(EPollSelectorImpl.java:121)
        at java.base@21.0.8/sun.nio.ch.SelectorImpl.lockAndDoSelect(SelectorImpl.java:130)
        at java.base@21.0.8/sun.nio.ch.SelectorImpl.select(SelectorImpl.java:147)
        at app//org.apache.hadoop.ipc.Server$Listener$Reader.doRunLoop(Server.java:1497)
        at app//org.apache.hadoop.ipc.Server$Listener$Reader.run(Server.java:1476)
"IPC Server handler 90 on default port 15000" daemon prio=5 tid=211 timed_waiting
java.lang.Thread.State: TIMED_WAITING
        at java.base@21.0.8/jdk.internal.misc.Unsafe.park(Native Method)
        at java.base@21.0.8/java.util.concurrent.locks.LockSupport.parkNanos(LockSupport.java:269)
        at java.base@21.0.8/java.util.concurrent.locks.AbstractQueuedSynchronizer$ConditionObject.awaitNanos(AbstractQueuedSynchronizer.java:1763)
        at java.base@21.0.8/java.util.concurrent.LinkedBlockingQueue.poll(LinkedBlockingQueue.java:460)
        at app//org.apache.hadoop.ipc.CallQueueManager.take(CallQueueManager.java:370)
        at app//org.apache.hadoop.ipc.Server$Handler.run(Server.java:3165)
"StaleRecoveringContainerScrubbingService#1" daemon prio=5 tid=849 in Object.wait()
java.lang.Thread.State: WAITING (on object monitor)
        at java.base@21.0.8/jdk.internal.misc.Unsafe.park(Native Method)
        at java.base@21.0.8/java.util.concurrent.locks.LockSupport.park(LockSupport.java:371)
        at java.base@21.0.8/java.util.concurrent.locks.AbstractQueuedSynchronizer$ConditionNode.block(AbstractQueuedSynchronizer.java:519)
        at java.base@21.0.8/java.util.concurrent.ForkJoinPool.unmanagedBlock(ForkJoinPool.java:3780)
        at java.base@21.0.8/java.util.concurrent.ForkJoinPool.managedBlock(ForkJoinPool.java:3725)
        at java.base@21.0.8/java.util.concurrent.locks.AbstractQueuedSynchronizer$ConditionObject.await(AbstractQueuedSynchronizer.java:1712)
        at java.base@21.0.8/java.util.concurrent.ScheduledThreadPoolExecutor$DelayedWorkQueue.take(ScheduledThreadPoolExecutor.java:1177)
        at java.base@21.0.8/java.util.concurrent.ScheduledThreadPoolExecutor$DelayedWorkQueue.take(ScheduledThreadPoolExecutor.java:899)
        at java.base@21.0.8/java.util.concurrent.ThreadPoolExecutor.getTask(ThreadPoolExecutor.java:1070)
        at java.base@21.0.8/java.util.concurrent.ThreadPoolExecutor.runWorker(ThreadPoolExecutor.java:1130)
        at java.base@21.0.8/java.util.concurrent.ThreadPoolExecutor$Worker.run(ThreadPoolExecutor.java:642)
        at java.base@21.0.8/java.lang.Thread.runWith(Thread.java:1596)
        at java.base@21.0.8/java.lang.Thread.run(Thread.java:1583)
"Socket Reader #1 for port 15027" daemon prio=5 tid=624 runnable
java.lang.Thread.State: RUNNABLE
        at java.base@21.0.8/sun.nio.ch.EPoll.wait(Native Method)
        at java.base@21.0.8/sun.nio.ch.EPollSelectorImpl.doSelect(EPollSelectorImpl.java:121)
        at java.base@21.0.8/sun.nio.ch.SelectorImpl.lockAndDoSelect(SelectorImpl.java:130)
        at java.base@21.0.8/sun.nio.ch.SelectorImpl.select(SelectorImpl.java:147)
        at app//org.apache.hadoop.ipc.Server$Listener$Reader.doRunLoop(Server.java:1497)
        at app//org.apache.hadoop.ipc.Server$Listener$Reader.run(Server.java:1476)
"Socket Reader #9 for port 15035" daemon prio=5 tid=698 runnable
java.lang.Thread.State: RUNNABLE
        at java.base@21.0.8/sun.nio.ch.EPoll.wait(Native Method)
        at java.base@21.0.8/sun.nio.ch.EPollSelectorImpl.doSelect(EPollSelectorImpl.java:121)
        at java.base@21.0.8/sun.nio.ch.SelectorImpl.lockAndDoSelect(SelectorImpl.java:130)
        at java.base@21.0.8/sun.nio.ch.SelectorImpl.select(SelectorImpl.java:147)
        at app//org.apache.hadoop.ipc.Server$Listener$Reader.doRunLoop(Server.java:1497)
        at app//org.apache.hadoop.ipc.Server$Listener$Reader.run(Server.java:1476)
"Socket Reader #4 for port 15035" daemon prio=5 tid=693 runnable
java.lang.Thread.State: RUNNABLE
        at java.base@21.0.8/sun.nio.ch.EPoll.wait(Native Method)
        at java.base@21.0.8/sun.nio.ch.EPollSelectorImpl.doSelect(EPollSelectorImpl.java:121)
        at java.base@21.0.8/sun.nio.ch.SelectorImpl.lockAndDoSelect(SelectorImpl.java:130)
        at java.base@21.0.8/sun.nio.ch.SelectorImpl.select(SelectorImpl.java:147)
        at app//org.apache.hadoop.ipc.Server$Listener$Reader.doRunLoop(Server.java:1497)
        at app//org.apache.hadoop.ipc.Server$Listener$Reader.run(Server.java:1476)
"IPC Server handler 6 on default port 15043" daemon prio=5 tid=786 timed_waiting
java.lang.Thread.State: TIMED_WAITING
        at java.base@21.0.8/jdk.internal.misc.Unsafe.park(Native Method)
        at java.base@21.0.8/java.util.concurrent.locks.LockSupport.parkNanos(LockSupport.java:269)
        at java.base@21.0.8/java.util.concurrent.locks.AbstractQueuedSynchronizer$ConditionObject.awaitNanos(AbstractQueuedSynchronizer.java:1763)
        at java.base@21.0.8/java.util.concurrent.LinkedBlockingQueue.poll(LinkedBlockingQueue.java:460)
        at app//org.apache.hadoop.ipc.CallQueueManager.take(CallQueueManager.java:370)
        at app//org.apache.hadoop.ipc.Server$Handler.run(Server.java:3165)
"Socket Reader #4 for port 15019" daemon prio=5 tid=579 runnable
java.lang.Thread.State: RUNNABLE
        at java.base@21.0.8/sun.nio.ch.EPoll.wait(Native Method)
        at java.base@21.0.8/sun.nio.ch.EPollSelectorImpl.doSelect(EPollSelectorImpl.java:121)
        at java.base@21.0.8/sun.nio.ch.SelectorImpl.lockAndDoSelect(SelectorImpl.java:130)
        at java.base@21.0.8/sun.nio.ch.SelectorImpl.select(SelectorImpl.java:147)
        at app//org.apache.hadoop.ipc.Server$Listener$Reader.doRunLoop(Server.java:1497)
        at app//org.apache.hadoop.ipc.Server$Listener$Reader.run(Server.java:1476)
"25d9f169-1c9e-47c6-a2a2-d20fb3c5fda2-DataNodeDiskCheckerThread-0" daemon prio=5 tid=815 timed_waiting
java.lang.Thread.State: TIMED_WAITING
        at java.base@21.0.8/jdk.internal.misc.Unsafe.park(Native Method)
        at java.base@21.0.8/java.util.concurrent.locks.LockSupport.parkNanos(LockSupport.java:410)
        at java.base@21.0.8/java.util.concurrent.LinkedTransferQueue$DualNode.await(LinkedTransferQueue.java:452)
        at java.base@21.0.8/java.util.concurrent.SynchronousQueue$Transferer.xferLifo(SynchronousQueue.java:194)
        at java.base@21.0.8/java.util.concurrent.SynchronousQueue.xfer(SynchronousQueue.java:235)
        at java.base@21.0.8/java.util.concurrent.SynchronousQueue.poll(SynchronousQueue.java:338)
        at java.base@21.0.8/java.util.concurrent.ThreadPoolExecutor.getTask(ThreadPoolExecutor.java:1069)
        at java.base@21.0.8/java.util.concurrent.ThreadPoolExecutor.runWorker(ThreadPoolExecutor.java:1130)
        at java.base@21.0.8/java.util.concurrent.ThreadPoolExecutor$Worker.run(ThreadPoolExecutor.java:642)
        at java.base@21.0.8/java.lang.Thread.runWith(Thread.java:1596)
        at java.base@21.0.8/java.lang.Thread.run(Thread.java:1583)
"IPC Server handler 36 on default port 15002" daemon prio=5 tid=375 timed_waiting
java.lang.Thread.State: TIMED_WAITING
        at java.base@21.0.8/jdk.internal.misc.Unsafe.park(Native Method)
        at java.base@21.0.8/java.util.concurrent.locks.LockSupport.parkNanos(LockSupport.java:269)
        at java.base@21.0.8/java.util.concurrent.locks.AbstractQueuedSynchronizer$ConditionObject.awaitNanos(AbstractQueuedSynchronizer.java:1763)
        at java.base@21.0.8/java.util.concurrent.LinkedBlockingQueue.poll(LinkedBlockingQueue.java:460)
        at app//org.apache.hadoop.ipc.CallQueueManager.take(CallQueueManager.java:370)
        at app//org.apache.hadoop.ipc.Server$Handler.run(Server.java:3165)
"Socket Reader #7 for port 15035" daemon prio=5 tid=696 runnable
java.lang.Thread.State: RUNNABLE
        at java.base@21.0.8/sun.nio.ch.EPoll.wait(Native Method)
        at java.base@21.0.8/sun.nio.ch.EPollSelectorImpl.doSelect(EPollSelectorImpl.java:121)
        at java.base@21.0.8/sun.nio.ch.SelectorImpl.lockAndDoSelect(SelectorImpl.java:130)
        at java.base@21.0.8/sun.nio.ch.SelectorImpl.select(SelectorImpl.java:147)
        at app//org.apache.hadoop.ipc.Server$Listener$Reader.doRunLoop(Server.java:1497)
        at app//org.apache.hadoop.ipc.Server$Listener$Reader.run(Server.java:1476)
"pool-66-thread-1"  prio=5 tid=482 timed_waiting
java.lang.Thread.State: TIMED_WAITING
        at java.base@21.0.8/jdk.internal.misc.Unsafe.park(Native Method)
        at java.base@21.0.8/java.util.concurrent.locks.LockSupport.parkNanos(LockSupport.java:269)
        at java.base@21.0.8/java.util.concurrent.locks.AbstractQueuedSynchronizer$ConditionObject.awaitNanos(AbstractQueuedSynchronizer.java:1763)
        at java.base@21.0.8/java.util.concurrent.ScheduledThreadPoolExecutor$DelayedWorkQueue.take(ScheduledThreadPoolExecutor.java:1182)
        at java.base@21.0.8/java.util.concurrent.ScheduledThreadPoolExecutor$DelayedWorkQueue.take(ScheduledThreadPoolExecutor.java:899)
        at java.base@21.0.8/java.util.concurrent.ThreadPoolExecutor.getTask(ThreadPoolExecutor.java:1070)
        at java.base@21.0.8/java.util.concurrent.ThreadPoolExecutor.runWorker(ThreadPoolExecutor.java:1130)
        at java.base@21.0.8/java.util.concurrent.ThreadPoolExecutor$Worker.run(ThreadPoolExecutor.java:642)
        at java.base@21.0.8/java.lang.Thread.runWith(Thread.java:1596)
        at java.base@21.0.8/java.lang.Thread.run(Thread.java:1583)
"IPC Server handler 31 on default port 15000" daemon prio=5 tid=152 timed_waiting
java.lang.Thread.State: TIMED_WAITING
        at java.base@21.0.8/jdk.internal.misc.Unsafe.park(Native Method)
        at java.base@21.0.8/java.util.concurrent.locks.LockSupport.parkNanos(LockSupport.java:269)
        at java.base@21.0.8/java.util.concurrent.locks.AbstractQueuedSynchronizer$ConditionObject.awaitNanos(AbstractQueuedSynchronizer.java:1763)
        at java.base@21.0.8/java.util.concurrent.LinkedBlockingQueue.poll(LinkedBlockingQueue.java:460)
        at app//org.apache.hadoop.ipc.CallQueueManager.take(CallQueueManager.java:370)
        at app//org.apache.hadoop.ipc.Server$Handler.run(Server.java:3165)
"Hadoop-Metrics-Updater-0" daemon prio=5 tid=704 timed_waiting
java.lang.Thread.State: TIMED_WAITING
        at java.base@21.0.8/jdk.internal.misc.Unsafe.park(Native Method)
        at java.base@21.0.8/java.util.concurrent.locks.LockSupport.parkNanos(LockSupport.java:269)
        at java.base@21.0.8/java.util.concurrent.locks.AbstractQueuedSynchronizer$ConditionObject.awaitNanos(AbstractQueuedSynchronizer.java:1763)
        at java.base@21.0.8/java.util.concurrent.ScheduledThreadPoolExecutor$DelayedWorkQueue.take(ScheduledThreadPoolExecutor.java:1182)
        at java.base@21.0.8/java.util.concurrent.ScheduledThreadPoolExecutor$DelayedWorkQueue.take(ScheduledThreadPoolExecutor.java:899)
        at java.base@21.0.8/java.util.concurrent.ThreadPoolExecutor.getTask(ThreadPoolExecutor.java:1070)
        at java.base@21.0.8/java.util.concurrent.ThreadPoolExecutor.runWorker(ThreadPoolExecutor.java:1130)
        at java.base@21.0.8/java.util.concurrent.ThreadPoolExecutor$Worker.run(ThreadPoolExecutor.java:642)
        at java.base@21.0.8/java.lang.Thread.runWith(Thread.java:1596)
        at java.base@21.0.8/java.lang.Thread.run(Thread.java:1583)
"IPC Server handler 5 on default port 15035" daemon prio=5 tid=710 timed_waiting
java.lang.Thread.State: TIMED_WAITING
        at java.base@21.0.8/jdk.internal.misc.Unsafe.park(Native Method)
        at java.base@21.0.8/java.util.concurrent.locks.LockSupport.parkNanos(LockSupport.java:269)
        at java.base@21.0.8/java.util.concurrent.locks.AbstractQueuedSynchronizer$ConditionObject.awaitNanos(AbstractQueuedSynchronizer.java:1763)
        at java.base@21.0.8/java.util.concurrent.LinkedBlockingQueue.poll(LinkedBlockingQueue.java:460)
        at app//org.apache.hadoop.ipc.CallQueueManager.take(CallQueueManager.java:370)
        at app//org.apache.hadoop.ipc.Server$Handler.run(Server.java:3165)
"18da7ee6-49f7-45ee-8090-861a49f32d36-DatanodeReportManager-0" daemon prio=5 tid=648 in Object.wait()
java.lang.Thread.State: WAITING (on object monitor)
        at java.base@21.0.8/jdk.internal.misc.Unsafe.park(Native Method)
        at java.base@21.0.8/java.util.concurrent.locks.LockSupport.park(LockSupport.java:371)
        at java.base@21.0.8/java.util.concurrent.locks.AbstractQueuedSynchronizer$ConditionNode.block(AbstractQueuedSynchronizer.java:519)
        at java.base@21.0.8/java.util.concurrent.ForkJoinPool.unmanagedBlock(ForkJoinPool.java:3780)
        at java.base@21.0.8/java.util.concurrent.ForkJoinPool.managedBlock(ForkJoinPool.java:3725)
        at java.base@21.0.8/java.util.concurrent.locks.AbstractQueuedSynchronizer$ConditionObject.await(AbstractQueuedSynchronizer.java:1712)
        at java.base@21.0.8/java.util.concurrent.ScheduledThreadPoolExecutor$DelayedWorkQueue.take(ScheduledThreadPoolExecutor.java:1177)
        at java.base@21.0.8/java.util.concurrent.ScheduledThreadPoolExecutor$DelayedWorkQueue.take(ScheduledThreadPoolExecutor.java:899)
        at java.base@21.0.8/java.util.concurrent.ThreadPoolExecutor.getTask(ThreadPoolExecutor.java:1070)
        at java.base@21.0.8/java.util.concurrent.ThreadPoolExecutor.runWorker(ThreadPoolExecutor.java:1130)
        at java.base@21.0.8/java.util.concurrent.ThreadPoolExecutor$Worker.run(ThreadPoolExecutor.java:642)
        at java.base@21.0.8/java.lang.Thread.runWith(Thread.java:1596)
        at java.base@21.0.8/java.lang.Thread.run(Thread.java:1583)
"Socket Reader #6 for port 15035" daemon prio=5 tid=695 runnable
java.lang.Thread.State: RUNNABLE
        at java.base@21.0.8/sun.nio.ch.EPoll.wait(Native Method)
        at java.base@21.0.8/sun.nio.ch.EPollSelectorImpl.doSelect(EPollSelectorImpl.java:121)
        at java.base@21.0.8/sun.nio.ch.SelectorImpl.lockAndDoSelect(SelectorImpl.java:130)
        at java.base@21.0.8/sun.nio.ch.SelectorImpl.select(SelectorImpl.java:147)
        at app//org.apache.hadoop.ipc.Server$Listener$Reader.doRunLoop(Server.java:1497)
        at app//org.apache.hadoop.ipc.Server$Listener$Reader.run(Server.java:1476)
"IPC Server handler 99 on default port 15002" daemon prio=5 tid=438 timed_waiting
java.lang.Thread.State: TIMED_WAITING
        at java.base@21.0.8/jdk.internal.misc.Unsafe.park(Native Method)
        at java.base@21.0.8/java.util.concurrent.locks.LockSupport.parkNanos(LockSupport.java:269)
        at java.base@21.0.8/java.util.concurrent.locks.AbstractQueuedSynchronizer$ConditionObject.awaitNanos(AbstractQueuedSynchronizer.java:1763)
        at java.base@21.0.8/java.util.concurrent.LinkedBlockingQueue.poll(LinkedBlockingQueue.java:460)
        at app//org.apache.hadoop.ipc.CallQueueManager.take(CallQueueManager.java:370)
        at app//org.apache.hadoop.ipc.Server$Handler.run(Server.java:3165)
"IPC Server handler 86 on default port 15000" daemon prio=5 tid=207 timed_waiting
java.lang.Thread.State: TIMED_WAITING
        at java.base@21.0.8/jdk.internal.misc.Unsafe.park(Native Method)
        at java.base@21.0.8/java.util.concurrent.locks.LockSupport.parkNanos(LockSupport.java:269)
        at java.base@21.0.8/java.util.concurrent.locks.AbstractQueuedSynchronizer$ConditionObject.awaitNanos(AbstractQueuedSynchronizer.java:1763)
        at java.base@21.0.8/java.util.concurrent.LinkedBlockingQueue.poll(LinkedBlockingQueue.java:460)
        at app//org.apache.hadoop.ipc.CallQueueManager.take(CallQueueManager.java:370)
        at app//org.apache.hadoop.ipc.Server$Handler.run(Server.java:3165)
"IPC Server handler 48 on default port 15002" daemon prio=5 tid=387 timed_waiting
java.lang.Thread.State: TIMED_WAITING
        at java.base@21.0.8/jdk.internal.misc.Unsafe.park(Native Method)
        at java.base@21.0.8/java.util.concurrent.locks.LockSupport.parkNanos(LockSupport.java:269)
        at java.base@21.0.8/java.util.concurrent.locks.AbstractQueuedSynchronizer$ConditionObject.awaitNanos(AbstractQueuedSynchronizer.java:1763)
        at java.base@21.0.8/java.util.concurrent.LinkedBlockingQueue.poll(LinkedBlockingQueue.java:460)
        at app//org.apache.hadoop.ipc.CallQueueManager.take(CallQueueManager.java:370)
        at app//org.apache.hadoop.ipc.Server$Handler.run(Server.java:3165)
"Hadoop-Metrics-Updater-0" daemon prio=5 tid=462 timed_waiting
java.lang.Thread.State: TIMED_WAITING
        at java.base@21.0.8/jdk.internal.misc.Unsafe.park(Native Method)
        at java.base@21.0.8/java.util.concurrent.locks.LockSupport.parkNanos(LockSupport.java:269)
        at java.base@21.0.8/java.util.concurrent.locks.AbstractQueuedSynchronizer$ConditionObject.awaitNanos(AbstractQueuedSynchronizer.java:1763)
        at java.base@21.0.8/java.util.concurrent.ScheduledThreadPoolExecutor$DelayedWorkQueue.take(ScheduledThreadPoolExecutor.java:1182)
        at java.base@21.0.8/java.util.concurrent.ScheduledThreadPoolExecutor$DelayedWorkQueue.take(ScheduledThreadPoolExecutor.java:899)
        at java.base@21.0.8/java.util.concurrent.ThreadPoolExecutor.getTask(ThreadPoolExecutor.java:1070)
        at java.base@21.0.8/java.util.concurrent.ThreadPoolExecutor.runWorker(ThreadPoolExecutor.java:1130)
        at java.base@21.0.8/java.util.concurrent.ThreadPoolExecutor$Worker.run(ThreadPoolExecutor.java:642)
        at java.base@21.0.8/java.lang.Thread.runWith(Thread.java:1596)
        at java.base@21.0.8/java.lang.Thread.run(Thread.java:1583)
"IPC Server handler 9 on default port 15006" daemon prio=5 tid=501 timed_waiting
java.lang.Thread.State: TIMED_WAITING
        at java.base@21.0.8/jdk.internal.misc.Unsafe.park(Native Method)
        at java.base@21.0.8/java.util.concurrent.locks.LockSupport.parkNanos(LockSupport.java:269)
        at java.base@21.0.8/java.util.concurrent.locks.AbstractQueuedSynchronizer$ConditionObject.awaitNanos(AbstractQueuedSynchronizer.java:1763)
        at java.base@21.0.8/java.util.concurrent.LinkedBlockingQueue.poll(LinkedBlockingQueue.java:460)
        at app//org.apache.hadoop.ipc.CallQueueManager.take(CallQueueManager.java:370)
        at app//org.apache.hadoop.ipc.Server$Handler.run(Server.java:3165)
"IPC Server handler 10 on default port 15001" daemon prio=5 tid=231 timed_waiting
java.lang.Thread.State: TIMED_WAITING
        at java.base@21.0.8/jdk.internal.misc.Unsafe.park(Native Method)
        at java.base@21.0.8/java.util.concurrent.locks.LockSupport.parkNanos(LockSupport.java:269)
        at java.base@21.0.8/java.util.concurrent.locks.AbstractQueuedSynchronizer$ConditionObject.awaitNanos(AbstractQueuedSynchronizer.java:1763)
        at java.base@21.0.8/java.util.concurrent.LinkedBlockingQueue.poll(LinkedBlockingQueue.java:460)
        at app//org.apache.hadoop.ipc.CallQueueManager.take(CallQueueManager.java:370)
        at app//org.apache.hadoop.ipc.Server$Handler.run(Server.java:3165)
"d3e19d45-0b2b-4921-9b28-39a5e9747ac8-DatanodeStateMachineTaskThread-0"  prio=5 tid=798 in Object.wait()
java.lang.Thread.State: WAITING (on object monitor)
        at java.base@21.0.8/jdk.internal.misc.Unsafe.park(Native Method)
        at java.base@21.0.8/java.util.concurrent.locks.LockSupport.park(LockSupport.java:371)
        at java.base@21.0.8/java.util.concurrent.locks.AbstractQueuedSynchronizer$ConditionNode.block(AbstractQueuedSynchronizer.java:519)
        at java.base@21.0.8/java.util.concurrent.ForkJoinPool.unmanagedBlock(ForkJoinPool.java:3780)
        at java.base@21.0.8/java.util.concurrent.ForkJoinPool.managedBlock(ForkJoinPool.java:3725)
        at java.base@21.0.8/java.util.concurrent.locks.AbstractQueuedSynchronizer$ConditionObject.await(AbstractQueuedSynchronizer.java:1712)
        at java.base@21.0.8/java.util.concurrent.LinkedBlockingQueue.take(LinkedBlockingQueue.java:435)
        at java.base@21.0.8/java.util.concurrent.ThreadPoolExecutor.getTask(ThreadPoolExecutor.java:1070)
        at java.base@21.0.8/java.util.concurrent.ThreadPoolExecutor.runWorker(ThreadPoolExecutor.java:1130)
        at java.base@21.0.8/java.util.concurrent.ThreadPoolExecutor$Worker.run(ThreadPoolExecutor.java:642)
        at java.base@21.0.8/java.lang.Thread.runWith(Thread.java:1596)
        at java.base@21.0.8/java.lang.Thread.run(Thread.java:1583)
"IPC Server handler 25 on default port 15000" daemon prio=5 tid=146 timed_waiting
java.lang.Thread.State: TIMED_WAITING
        at java.base@21.0.8/jdk.internal.misc.Unsafe.park(Native Method)
        at java.base@21.0.8/java.util.concurrent.locks.LockSupport.parkNanos(LockSupport.java:269)
        at java.base@21.0.8/java.util.concurrent.locks.AbstractQueuedSynchronizer$ConditionObject.awaitNanos(AbstractQueuedSynchronizer.java:1763)
        at java.base@21.0.8/java.util.concurrent.LinkedBlockingQueue.poll(LinkedBlockingQueue.java:460)
        at app//org.apache.hadoop.ipc.CallQueueManager.take(CallQueueManager.java:370)
        at app//org.apache.hadoop.ipc.Server$Handler.run(Server.java:3165)
"qtp862219833-566" daemon prio=5 tid=566 runnable
java.lang.Thread.State: RUNNABLE
        at java.base@21.0.8/sun.nio.ch.EPoll.wait(Native Method)
        at java.base@21.0.8/sun.nio.ch.EPollSelectorImpl.doSelect(EPollSelectorImpl.java:121)
        at java.base@21.0.8/sun.nio.ch.SelectorImpl.lockAndDoSelect(SelectorImpl.java:130)
        at java.base@21.0.8/sun.nio.ch.SelectorImpl.select(SelectorImpl.java:147)
        at app//org.eclipse.jetty.io.ManagedSelector.nioSelect(ManagedSelector.java:183)
        at app//org.eclipse.jetty.io.ManagedSelector.select(ManagedSelector.java:190)
        at app//org.eclipse.jetty.io.ManagedSelector$SelectorProducer.select(ManagedSelector.java:606)
        at app//org.eclipse.jetty.io.ManagedSelector$SelectorProducer.produce(ManagedSelector.java:543)
        at app//org.eclipse.jetty.util.thread.strategy.EatWhatYouKill.produceTask(EatWhatYouKill.java:362)
        at app//org.eclipse.jetty.util.thread.strategy.EatWhatYouKill.doProduce(EatWhatYouKill.java:186)
        at app//org.eclipse.jetty.util.thread.strategy.EatWhatYouKill.tryProduce(EatWhatYouKill.java:173)
        at app//org.eclipse.jetty.util.thread.strategy.EatWhatYouKill.produce(EatWhatYouKill.java:137)
        at app//org.eclipse.jetty.io.ManagedSelector$$Lambda/0x00007fd1ac6ed508.run(Unknown Source)
        at app//org.eclipse.jetty.util.thread.QueuedThreadPool.runJob(QueuedThreadPool.java:883)
        at app//org.eclipse.jetty.util.thread.QueuedThreadPool$Runner.run(QueuedThreadPool.java:1034)
        at java.base@21.0.8/java.lang.Thread.runWith(Thread.java:1596)
        at java.base@21.0.8/java.lang.Thread.run(Thread.java:1583)
"ExpiredContainerReplicaOpScrubber" daemon prio=5 tid=57 timed_waiting
java.lang.Thread.State: TIMED_WAITING
        at java.base@21.0.8/java.lang.Object.wait0(Native Method)
        at java.base@21.0.8/java.lang.Object.wait(Object.java:366)
        at app//org.apache.hadoop.hdds.scm.ha.BackgroundSCMService.run(BackgroundSCMService.java:106)
        at app//org.apache.hadoop.hdds.scm.ha.BackgroundSCMService$$Lambda/0x00007fd1ac502480.run(Unknown Source)
        at java.base@21.0.8/java.lang.Thread.runWith(Thread.java:1596)
        at java.base@21.0.8/java.lang.Thread.run(Thread.java:1583)
"IPC Server handler 57 on default port 15000" daemon prio=5 tid=178 timed_waiting
java.lang.Thread.State: TIMED_WAITING
        at java.base@21.0.8/jdk.internal.misc.Unsafe.park(Native Method)
        at java.base@21.0.8/java.util.concurrent.locks.LockSupport.parkNanos(LockSupport.java:269)
        at java.base@21.0.8/java.util.concurrent.locks.AbstractQueuedSynchronizer$ConditionObject.awaitNanos(AbstractQueuedSynchronizer.java:1763)
        at java.base@21.0.8/java.util.concurrent.LinkedBlockingQueue.poll(LinkedBlockingQueue.java:460)
        at app//org.apache.hadoop.ipc.CallQueueManager.take(CallQueueManager.java:370)
        at app//org.apache.hadoop.ipc.Server$Handler.run(Server.java:3165)
"83932d67-4fdc-4fe4-8fe1-3df6c3f1844a-RocksDBCompactionThread-0"  prio=5 tid=561 timed_waiting
java.lang.Thread.State: TIMED_WAITING
        at java.base@21.0.8/jdk.internal.misc.Unsafe.park(Native Method)
        at java.base@21.0.8/java.util.concurrent.locks.LockSupport.parkNanos(LockSupport.java:269)
        at java.base@21.0.8/java.util.concurrent.locks.AbstractQueuedSynchronizer$ConditionObject.awaitNanos(AbstractQueuedSynchronizer.java:1763)
        at java.base@21.0.8/java.util.concurrent.ScheduledThreadPoolExecutor$DelayedWorkQueue.take(ScheduledThreadPoolExecutor.java:1182)
        at java.base@21.0.8/java.util.concurrent.ScheduledThreadPoolExecutor$DelayedWorkQueue.take(ScheduledThreadPoolExecutor.java:899)
        at java.base@21.0.8/java.util.concurrent.ThreadPoolExecutor.getTask(ThreadPoolExecutor.java:1070)
        at java.base@21.0.8/java.util.concurrent.ThreadPoolExecutor.runWorker(ThreadPoolExecutor.java:1130)
        at java.base@21.0.8/java.util.concurrent.ThreadPoolExecutor$Worker.run(ThreadPoolExecutor.java:642)
        at java.base@21.0.8/java.lang.Thread.runWith(Thread.java:1596)
        at java.base@21.0.8/java.lang.Thread.run(Thread.java:1583)
"IPC Server handler 85 on default port 15002" daemon prio=5 tid=424 timed_waiting
java.lang.Thread.State: TIMED_WAITING
        at java.base@21.0.8/jdk.internal.misc.Unsafe.park(Native Method)
        at java.base@21.0.8/java.util.concurrent.locks.LockSupport.parkNanos(LockSupport.java:269)
        at java.base@21.0.8/java.util.concurrent.locks.AbstractQueuedSynchronizer$ConditionObject.awaitNanos(AbstractQueuedSynchronizer.java:1763)
        at java.base@21.0.8/java.util.concurrent.LinkedBlockingQueue.poll(LinkedBlockingQueue.java:460)
        at app//org.apache.hadoop.ipc.CallQueueManager.take(CallQueueManager.java:370)
        at app//org.apache.hadoop.ipc.Server$Handler.run(Server.java:3165)
"IPC Server handler 3 on default port 15027" daemon prio=5 tid=640 timed_waiting
java.lang.Thread.State: TIMED_WAITING
        at java.base@21.0.8/jdk.internal.misc.Unsafe.park(Native Method)
        at java.base@21.0.8/java.util.concurrent.locks.LockSupport.parkNanos(LockSupport.java:269)
        at java.base@21.0.8/java.util.concurrent.locks.AbstractQueuedSynchronizer$ConditionObject.awaitNanos(AbstractQueuedSynchronizer.java:1763)
        at java.base@21.0.8/java.util.concurrent.LinkedBlockingQueue.poll(LinkedBlockingQueue.java:460)
        at app//org.apache.hadoop.ipc.CallQueueManager.take(CallQueueManager.java:370)
        at app//org.apache.hadoop.ipc.Server$Handler.run(Server.java:3165)
"IPC Server handler 28 on default port 15002" daemon prio=5 tid=367 timed_waiting
java.lang.Thread.State: TIMED_WAITING
        at java.base@21.0.8/jdk.internal.misc.Unsafe.park(Native Method)
        at java.base@21.0.8/java.util.concurrent.locks.LockSupport.parkNanos(LockSupport.java:269)
        at java.base@21.0.8/java.util.concurrent.locks.AbstractQueuedSynchronizer$ConditionObject.awaitNanos(AbstractQueuedSynchronizer.java:1763)
        at java.base@21.0.8/java.util.concurrent.LinkedBlockingQueue.poll(LinkedBlockingQueue.java:460)
        at app//org.apache.hadoop.ipc.CallQueueManager.take(CallQueueManager.java:370)
        at app//org.apache.hadoop.ipc.Server$Handler.run(Server.java:3165)
"bucketTable_FullTableCache-Cleanup-0" daemon prio=5 tid=442 timed_waiting
java.lang.Thread.State: TIMED_WAITING
        at java.base@21.0.8/jdk.internal.misc.Unsafe.park(Native Method)
        at java.base@21.0.8/java.util.concurrent.locks.LockSupport.parkNanos(LockSupport.java:269)
        at java.base@21.0.8/java.util.concurrent.locks.AbstractQueuedSynchronizer$ConditionObject.awaitNanos(AbstractQueuedSynchronizer.java:1763)
        at java.base@21.0.8/java.util.concurrent.ScheduledThreadPoolExecutor$DelayedWorkQueue.take(ScheduledThreadPoolExecutor.java:1182)
        at java.base@21.0.8/java.util.concurrent.ScheduledThreadPoolExecutor$DelayedWorkQueue.take(ScheduledThreadPoolExecutor.java:899)
        at java.base@21.0.8/java.util.concurrent.ThreadPoolExecutor.getTask(ThreadPoolExecutor.java:1070)
        at java.base@21.0.8/java.util.concurrent.ThreadPoolExecutor.runWorker(ThreadPoolExecutor.java:1130)
        at java.base@21.0.8/java.util.concurrent.ThreadPoolExecutor$Worker.run(ThreadPoolExecutor.java:642)
        at java.base@21.0.8/java.lang.Thread.runWith(Thread.java:1596)
        at java.base@21.0.8/java.lang.Thread.run(Thread.java:1583)
"IPC Server handler 87 on default port 15001" daemon prio=5 tid=308 timed_waiting
java.lang.Thread.State: TIMED_WAITING
        at java.base@21.0.8/jdk.internal.misc.Unsafe.park(Native Method)
        at java.base@21.0.8/java.util.concurrent.locks.LockSupport.parkNanos(LockSupport.java:269)
        at java.base@21.0.8/java.util.concurrent.locks.AbstractQueuedSynchronizer$ConditionObject.awaitNanos(AbstractQueuedSynchronizer.java:1763)
        at java.base@21.0.8/java.util.concurrent.LinkedBlockingQueue.poll(LinkedBlockingQueue.java:460)
        at app//org.apache.hadoop.ipc.CallQueueManager.take(CallQueueManager.java:370)
        at app//org.apache.hadoop.ipc.Server$Handler.run(Server.java:3165)
"Socket Reader #5 for port 15006" daemon prio=5 tid=454 runnable
java.lang.Thread.State: RUNNABLE
        at java.base@21.0.8/sun.nio.ch.EPoll.wait(Native Method)
        at java.base@21.0.8/sun.nio.ch.EPollSelectorImpl.doSelect(EPollSelectorImpl.java:121)
        at java.base@21.0.8/sun.nio.ch.SelectorImpl.lockAndDoSelect(SelectorImpl.java:130)
        at java.base@21.0.8/sun.nio.ch.SelectorImpl.select(SelectorImpl.java:147)
        at app//org.apache.hadoop.ipc.Server$Listener$Reader.doRunLoop(Server.java:1497)
        at app//org.apache.hadoop.ipc.Server$Listener$Reader.run(Server.java:1476)
"Hadoop-Metrics-Updater-0" daemon prio=5 tid=588 timed_waiting
java.lang.Thread.State: TIMED_WAITING
        at java.base@21.0.8/jdk.internal.misc.Unsafe.park(Native Method)
        at java.base@21.0.8/java.util.concurrent.locks.LockSupport.parkNanos(LockSupport.java:269)
        at java.base@21.0.8/java.util.concurrent.locks.AbstractQueuedSynchronizer$ConditionObject.awaitNanos(AbstractQueuedSynchronizer.java:1763)
        at java.base@21.0.8/java.util.concurrent.ScheduledThreadPoolExecutor$DelayedWorkQueue.take(ScheduledThreadPoolExecutor.java:1182)
        at java.base@21.0.8/java.util.concurrent.ScheduledThreadPoolExecutor$DelayedWorkQueue.take(ScheduledThreadPoolExecutor.java:899)
        at java.base@21.0.8/java.util.concurrent.ThreadPoolExecutor.getTask(ThreadPoolExecutor.java:1070)
        at java.base@21.0.8/java.util.concurrent.ThreadPoolExecutor.runWorker(ThreadPoolExecutor.java:1130)
        at java.base@21.0.8/java.util.concurrent.ThreadPoolExecutor$Worker.run(ThreadPoolExecutor.java:642)
        at java.base@21.0.8/java.lang.Thread.runWith(Thread.java:1596)
        at java.base@21.0.8/java.lang.Thread.run(Thread.java:1583)
"Session-HouseKeeper-585f7ca2-1"  prio=5 tid=752 timed_waiting
java.lang.Thread.State: TIMED_WAITING
        at java.base@21.0.8/jdk.internal.misc.Unsafe.park(Native Method)
        at java.base@21.0.8/java.util.concurrent.locks.LockSupport.parkNanos(LockSupport.java:269)
        at java.base@21.0.8/java.util.concurrent.locks.AbstractQueuedSynchronizer$ConditionObject.awaitNanos(AbstractQueuedSynchronizer.java:1763)
        at java.base@21.0.8/java.util.concurrent.ScheduledThreadPoolExecutor$DelayedWorkQueue.take(ScheduledThreadPoolExecutor.java:1182)
        at java.base@21.0.8/java.util.concurrent.ScheduledThreadPoolExecutor$DelayedWorkQueue.take(ScheduledThreadPoolExecutor.java:899)
        at java.base@21.0.8/java.util.concurrent.ThreadPoolExecutor.getTask(ThreadPoolExecutor.java:1070)
        at java.base@21.0.8/java.util.concurrent.ThreadPoolExecutor.runWorker(ThreadPoolExecutor.java:1130)
        at java.base@21.0.8/java.util.concurrent.ThreadPoolExecutor$Worker.run(ThreadPoolExecutor.java:642)
        at java.base@21.0.8/java.lang.Thread.runWith(Thread.java:1596)
        at java.base@21.0.8/java.lang.Thread.run(Thread.java:1583)
"IPC Server idle connection scanner for port 15019" daemon prio=5 tid=586 timed_waiting
java.lang.Thread.State: TIMED_WAITING
        at java.base@21.0.8/java.lang.Object.wait0(Native Method)
        at java.base@21.0.8/java.lang.Object.wait(Object.java:366)
        at java.base@21.0.8/java.util.TimerThread.mainLoop(Timer.java:563)
        at java.base@21.0.8/java.util.TimerThread.run(Timer.java:516)
"25d9f169-1c9e-47c6-a2a2-d20fb3c5fda2-RocksDBCompactionThread-0"  prio=5 tid=656 timed_waiting
java.lang.Thread.State: TIMED_WAITING
        at java.base@21.0.8/jdk.internal.misc.Unsafe.park(Native Method)
        at java.base@21.0.8/java.util.concurrent.locks.LockSupport.parkNanos(LockSupport.java:269)
        at java.base@21.0.8/java.util.concurrent.locks.AbstractQueuedSynchronizer$ConditionObject.awaitNanos(AbstractQueuedSynchronizer.java:1763)
        at java.base@21.0.8/java.util.concurrent.ScheduledThreadPoolExecutor$DelayedWorkQueue.take(ScheduledThreadPoolExecutor.java:1182)
        at java.base@21.0.8/java.util.concurrent.ScheduledThreadPoolExecutor$DelayedWorkQueue.take(ScheduledThreadPoolExecutor.java:899)
        at java.base@21.0.8/java.util.concurrent.ThreadPoolExecutor.getTask(ThreadPoolExecutor.java:1070)
        at java.base@21.0.8/java.util.concurrent.ThreadPoolExecutor.runWorker(ThreadPoolExecutor.java:1130)
        at java.base@21.0.8/java.util.concurrent.ThreadPoolExecutor$Worker.run(ThreadPoolExecutor.java:642)
        at java.base@21.0.8/java.lang.Thread.runWith(Thread.java:1596)
        at java.base@21.0.8/java.lang.Thread.run(Thread.java:1583)
"ReplicationMonitor" daemon prio=5 tid=58 timed_waiting
java.lang.Thread.State: TIMED_WAITING
        at java.base@21.0.8/java.lang.Object.wait0(Native Method)
        at java.base@21.0.8/java.lang.Object.wait(Object.java:366)
        at app//org.apache.hadoop.hdds.scm.container.replication.ReplicationManager.run(ReplicationManager.java:934)
        at app//org.apache.hadoop.hdds.scm.container.replication.ReplicationManager$$Lambda/0x00007fd1ac5271e0.run(Unknown Source)
        at java.base@21.0.8/java.lang.Thread.runWith(Thread.java:1596)
        at java.base@21.0.8/java.lang.Thread.run(Thread.java:1583)
"IPC Server handler 98 on default port 15002" daemon prio=5 tid=437 timed_waiting
java.lang.Thread.State: TIMED_WAITING
        at java.base@21.0.8/jdk.internal.misc.Unsafe.park(Native Method)
        at java.base@21.0.8/java.util.concurrent.locks.LockSupport.parkNanos(LockSupport.java:269)
        at java.base@21.0.8/java.util.concurrent.locks.AbstractQueuedSynchronizer$ConditionObject.awaitNanos(AbstractQueuedSynchronizer.java:1763)
        at java.base@21.0.8/java.util.concurrent.LinkedBlockingQueue.poll(LinkedBlockingQueue.java:460)
        at app//org.apache.hadoop.ipc.CallQueueManager.take(CallQueueManager.java:370)
        at app//org.apache.hadoop.ipc.Server$Handler.run(Server.java:3165)
"d3e19d45-0b2b-4921-9b28-39a5e9747ac8-DatanodeReportManager-0" daemon prio=5 tid=791 in Object.wait()
java.lang.Thread.State: WAITING (on object monitor)
        at java.base@21.0.8/jdk.internal.misc.Unsafe.park(Native Method)
        at java.base@21.0.8/java.util.concurrent.locks.LockSupport.park(LockSupport.java:371)
        at java.base@21.0.8/java.util.concurrent.locks.AbstractQueuedSynchronizer$ConditionNode.block(AbstractQueuedSynchronizer.java:519)
        at java.base@21.0.8/java.util.concurrent.ForkJoinPool.unmanagedBlock(ForkJoinPool.java:3780)
        at java.base@21.0.8/java.util.concurrent.ForkJoinPool.managedBlock(ForkJoinPool.java:3725)
        at java.base@21.0.8/java.util.concurrent.locks.AbstractQueuedSynchronizer$ConditionObject.await(AbstractQueuedSynchronizer.java:1712)
        at java.base@21.0.8/java.util.concurrent.ScheduledThreadPoolExecutor$DelayedWorkQueue.take(ScheduledThreadPoolExecutor.java:1177)
        at java.base@21.0.8/java.util.concurrent.ScheduledThreadPoolExecutor$DelayedWorkQueue.take(ScheduledThreadPoolExecutor.java:899)
        at java.base@21.0.8/java.util.concurrent.ThreadPoolExecutor.getTask(ThreadPoolExecutor.java:1070)
        at java.base@21.0.8/java.util.concurrent.ThreadPoolExecutor.runWorker(ThreadPoolExecutor.java:1130)
        at java.base@21.0.8/java.util.concurrent.ThreadPoolExecutor$Worker.run(ThreadPoolExecutor.java:642)
        at java.base@21.0.8/java.lang.Thread.runWith(Thread.java:1596)
        at java.base@21.0.8/java.lang.Thread.run(Thread.java:1583)
"IPC Server handler 78 on default port 15002" daemon prio=5 tid=417 timed_waiting
java.lang.Thread.State: TIMED_WAITING
        at java.base@21.0.8/jdk.internal.misc.Unsafe.park(Native Method)
        at java.base@21.0.8/java.util.concurrent.locks.LockSupport.parkNanos(LockSupport.java:269)
        at java.base@21.0.8/java.util.concurrent.locks.AbstractQueuedSynchronizer$ConditionObject.awaitNanos(AbstractQueuedSynchronizer.java:1763)
        at java.base@21.0.8/java.util.concurrent.LinkedBlockingQueue.poll(LinkedBlockingQueue.java:460)
        at app//org.apache.hadoop.ipc.CallQueueManager.take(CallQueueManager.java:370)
        at app//org.apache.hadoop.ipc.Server$Handler.run(Server.java:3165)
"om1-SnapshotDeletingService#0" daemon prio=5 tid=480 timed_waiting
java.lang.Thread.State: TIMED_WAITING
        at java.base@21.0.8/jdk.internal.misc.Unsafe.park(Native Method)
        at java.base@21.0.8/java.util.concurrent.locks.LockSupport.parkNanos(LockSupport.java:269)
        at java.base@21.0.8/java.util.concurrent.locks.AbstractQueuedSynchronizer$ConditionObject.awaitNanos(AbstractQueuedSynchronizer.java:1763)
        at java.base@21.0.8/java.util.concurrent.ScheduledThreadPoolExecutor$DelayedWorkQueue.take(ScheduledThreadPoolExecutor.java:1182)
        at java.base@21.0.8/java.util.concurrent.ScheduledThreadPoolExecutor$DelayedWorkQueue.take(ScheduledThreadPoolExecutor.java:899)
        at java.base@21.0.8/java.util.concurrent.ThreadPoolExecutor.getTask(ThreadPoolExecutor.java:1070)
        at java.base@21.0.8/java.util.concurrent.ThreadPoolExecutor.runWorker(ThreadPoolExecutor.java:1130)
        at java.base@21.0.8/java.util.concurrent.ThreadPoolExecutor$Worker.run(ThreadPoolExecutor.java:642)
        at java.base@21.0.8/java.lang.Thread.runWith(Thread.java:1596)
        at java.base@21.0.8/java.lang.Thread.run(Thread.java:1583)
"IPC Server idle connection scanner for port 15043" daemon prio=5 tid=773 timed_waiting
java.lang.Thread.State: TIMED_WAITING
        at java.base@21.0.8/java.lang.Object.wait0(Native Method)
        at java.base@21.0.8/java.lang.Object.wait(Object.java:366)
        at java.base@21.0.8/java.util.TimerThread.mainLoop(Timer.java:563)
        at java.base@21.0.8/java.util.TimerThread.run(Timer.java:516)
"ForkJoinPool.commonPool-worker-3" daemon prio=5 tid=850 in Object.wait()
java.lang.Thread.State: WAITING (on object monitor)
        at java.base@21.0.8/jdk.internal.misc.Unsafe.park(Native Method)
        at java.base@21.0.8/java.util.concurrent.locks.LockSupport.park(LockSupport.java:371)
        at java.base@21.0.8/java.util.concurrent.ForkJoinPool.awaitWork(ForkJoinPool.java:1893)
        at java.base@21.0.8/java.util.concurrent.ForkJoinPool.runWorker(ForkJoinPool.java:1809)
        at java.base@21.0.8/java.util.concurrent.ForkJoinWorkerThread.run(ForkJoinWorkerThread.java:188)
"qtp976208765-615" daemon prio=5 tid=615 timed_waiting
java.lang.Thread.State: TIMED_WAITING
        at java.base@21.0.8/jdk.internal.misc.Unsafe.park(Native Method)
        at java.base@21.0.8/java.util.concurrent.locks.LockSupport.parkNanos(LockSupport.java:269)
        at java.base@21.0.8/java.util.concurrent.locks.AbstractQueuedSynchronizer$ConditionObject.awaitNanos(AbstractQueuedSynchronizer.java:1763)
        at app//org.eclipse.jetty.util.BlockingArrayQueue.poll(BlockingArrayQueue.java:382)
        at app//org.eclipse.jetty.util.thread.QueuedThreadPool$Runner.idleJobPoll(QueuedThreadPool.java:974)
        at app//org.eclipse.jetty.util.thread.QueuedThreadPool$Runner.run(QueuedThreadPool.java:1018)
        at java.base@21.0.8/java.lang.Thread.runWith(Thread.java:1596)
        at java.base@21.0.8/java.lang.Thread.run(Thread.java:1583)
"qtp887238034-665" daemon prio=5 tid=665 runnable
java.lang.Thread.State: RUNNABLE
        at java.base@21.0.8/sun.nio.ch.EPoll.wait(Native Method)
        at java.base@21.0.8/sun.nio.ch.EPollSelectorImpl.doSelect(EPollSelectorImpl.java:121)
        at java.base@21.0.8/sun.nio.ch.SelectorImpl.lockAndDoSelect(SelectorImpl.java:130)
        at java.base@21.0.8/sun.nio.ch.SelectorImpl.select(SelectorImpl.java:147)
        at app//org.eclipse.jetty.io.ManagedSelector.nioSelect(ManagedSelector.java:183)
        at app//org.eclipse.jetty.io.ManagedSelector.select(ManagedSelector.java:190)
        at app//org.eclipse.jetty.io.ManagedSelector$SelectorProducer.select(ManagedSelector.java:606)
        at app//org.eclipse.jetty.io.ManagedSelector$SelectorProducer.produce(ManagedSelector.java:543)
        at app//org.eclipse.jetty.util.thread.strategy.EatWhatYouKill.produceTask(EatWhatYouKill.java:362)
        at app//org.eclipse.jetty.util.thread.strategy.EatWhatYouKill.doProduce(EatWhatYouKill.java:186)
        at app//org.eclipse.jetty.util.thread.strategy.EatWhatYouKill.tryProduce(EatWhatYouKill.java:173)
        at app//org.eclipse.jetty.util.thread.strategy.EatWhatYouKill.produce(EatWhatYouKill.java:137)
        at app//org.eclipse.jetty.io.ManagedSelector$$Lambda/0x00007fd1ac6ed508.run(Unknown Source)
        at app//org.eclipse.jetty.util.thread.QueuedThreadPool.runJob(QueuedThreadPool.java:883)
        at app//org.eclipse.jetty.util.thread.QueuedThreadPool$Runner.run(QueuedThreadPool.java:1034)
        at java.base@21.0.8/java.lang.Thread.runWith(Thread.java:1596)
        at java.base@21.0.8/java.lang.Thread.run(Thread.java:1583)
"ForkJoinPool-1-worker-2" daemon prio=5 tid=36 timed_waiting
java.lang.Thread.State: TIMED_WAITING
        at java.base@21.0.8/jdk.internal.misc.Unsafe.park(Native Method)
        at java.base@21.0.8/java.util.concurrent.locks.LockSupport.parkUntil(LockSupport.java:449)
        at java.base@21.0.8/java.util.concurrent.ForkJoinPool.awaitWork(ForkJoinPool.java:1891)
        at java.base@21.0.8/java.util.concurrent.ForkJoinPool.runWorker(ForkJoinPool.java:1809)
        at java.base@21.0.8/java.util.concurrent.ForkJoinWorkerThread.run(ForkJoinWorkerThread.java:188)
"IPC Server handler 19 on default port 15002" daemon prio=5 tid=358 timed_waiting
java.lang.Thread.State: TIMED_WAITING
        at java.base@21.0.8/jdk.internal.misc.Unsafe.park(Native Method)
        at java.base@21.0.8/java.util.concurrent.locks.LockSupport.parkNanos(LockSupport.java:269)
        at java.base@21.0.8/java.util.concurrent.locks.AbstractQueuedSynchronizer$ConditionObject.awaitNanos(AbstractQueuedSynchronizer.java:1763)
        at java.base@21.0.8/java.util.concurrent.LinkedBlockingQueue.poll(LinkedBlockingQueue.java:460)
        at app//org.apache.hadoop.ipc.CallQueueManager.take(CallQueueManager.java:370)
        at app//org.apache.hadoop.ipc.Server$Handler.run(Server.java:3165)
"18da7ee6-49f7-45ee-8090-861a49f32d36-impl-thread1" daemon prio=5 tid=609 timed_waiting
java.lang.Thread.State: TIMED_WAITING
        at java.base@21.0.8/jdk.internal.misc.Unsafe.park(Native Method)
        at java.base@21.0.8/java.util.concurrent.locks.LockSupport.parkNanos(LockSupport.java:410)
        at java.base@21.0.8/java.util.concurrent.LinkedTransferQueue$DualNode.await(LinkedTransferQueue.java:452)
        at java.base@21.0.8/java.util.concurrent.SynchronousQueue$Transferer.xferLifo(SynchronousQueue.java:194)
        at java.base@21.0.8/java.util.concurrent.SynchronousQueue.xfer(SynchronousQueue.java:235)
        at java.base@21.0.8/java.util.concurrent.SynchronousQueue.poll(SynchronousQueue.java:338)
        at java.base@21.0.8/java.util.concurrent.ThreadPoolExecutor.getTask(ThreadPoolExecutor.java:1069)
        at java.base@21.0.8/java.util.concurrent.ThreadPoolExecutor.runWorker(ThreadPoolExecutor.java:1130)
        at java.base@21.0.8/java.util.concurrent.ThreadPoolExecutor$Worker.run(ThreadPoolExecutor.java:642)
        at java.base@21.0.8/java.lang.Thread.runWith(Thread.java:1596)
        at java.base@21.0.8/java.lang.Thread.run(Thread.java:1583)
"Socket Reader #1 for port 15001" daemon prio=5 tid=77 runnable
java.lang.Thread.State: RUNNABLE
        at java.base@21.0.8/sun.nio.ch.EPoll.wait(Native Method)
        at java.base@21.0.8/sun.nio.ch.EPollSelectorImpl.doSelect(EPollSelectorImpl.java:121)
        at java.base@21.0.8/sun.nio.ch.SelectorImpl.lockAndDoSelect(SelectorImpl.java:130)
        at java.base@21.0.8/sun.nio.ch.SelectorImpl.select(SelectorImpl.java:147)
        at app//org.apache.hadoop.ipc.Server$Listener$Reader.doRunLoop(Server.java:1497)
        at app//org.apache.hadoop.ipc.Server$Listener$Reader.run(Server.java:1476)
"ContainerDataScanner(/home/runner/work/ozone/ozone/hadoop-ozone/integration-test/target/test-dir/MiniOzoneClusterImpl-871b4ddd-f672-4be1-b73a-1629492f36a3/ozone-metadata/datanode-3/data-0/hdds)" daemon prio=5 tid=799 timed_waiting
java.lang.Thread.State: TIMED_WAITING
        at java.base@21.0.8/java.lang.Thread.sleep0(Native Method)
        at java.base@21.0.8/java.lang.Thread.sleep(Thread.java:509)
        at app//org.apache.hadoop.ozone.container.ozoneimpl.AbstractBackgroundContainerScanner.handleRemainingSleep(AbstractBackgroundContainerScanner.java:133)
        at app//org.apache.hadoop.ozone.container.ozoneimpl.AbstractBackgroundContainerScanner.runIteration(AbstractBackgroundContainerScanner.java:100)
        at app//org.apache.hadoop.ozone.container.ozoneimpl.AbstractBackgroundContainerScanner.run(AbstractBackgroundContainerScanner.java:59)
        at java.base@21.0.8/java.lang.Thread.runWith(Thread.java:1596)
        at java.base@21.0.8/java.lang.Thread.run(Thread.java:1583)
"18da7ee6-49f7-45ee-8090-861a49f32d36-PeriodicHDDSVolumeChecker" daemon prio=5 tid=777 timed_waiting
java.lang.Thread.State: TIMED_WAITING
        at java.base@21.0.8/jdk.internal.misc.Unsafe.park(Native Method)
        at java.base@21.0.8/java.util.concurrent.locks.LockSupport.parkNanos(LockSupport.java:269)
        at java.base@21.0.8/java.util.concurrent.locks.AbstractQueuedSynchronizer$ConditionObject.awaitNanos(AbstractQueuedSynchronizer.java:1763)
        at java.base@21.0.8/java.util.concurrent.ScheduledThreadPoolExecutor$DelayedWorkQueue.take(ScheduledThreadPoolExecutor.java:1182)
        at java.base@21.0.8/java.util.concurrent.ScheduledThreadPoolExecutor$DelayedWorkQueue.take(ScheduledThreadPoolExecutor.java:899)
        at java.base@21.0.8/java.util.concurrent.ThreadPoolExecutor.getTask(ThreadPoolExecutor.java:1070)
        at java.base@21.0.8/java.util.concurrent.ThreadPoolExecutor.runWorker(ThreadPoolExecutor.java:1130)
        at java.base@21.0.8/java.util.concurrent.ThreadPoolExecutor$Worker.run(ThreadPoolExecutor.java:642)
        at java.base@21.0.8/java.lang.Thread.runWith(Thread.java:1596)
        at java.base@21.0.8/java.lang.Thread.run(Thread.java:1583)
"qtp1960486456-488" daemon prio=5 tid=488 timed_waiting
java.lang.Thread.State: TIMED_WAITING
        at java.base@21.0.8/jdk.internal.misc.Unsafe.park(Native Method)
        at java.base@21.0.8/java.util.concurrent.locks.LockSupport.parkNanos(LockSupport.java:269)
        at java.base@21.0.8/java.util.concurrent.locks.AbstractQueuedSynchronizer$ConditionObject.awaitNanos(AbstractQueuedSynchronizer.java:1763)
        at app//org.eclipse.jetty.util.BlockingArrayQueue.poll(BlockingArrayQueue.java:382)
        at app//org.eclipse.jetty.util.thread.QueuedThreadPool$Runner.idleJobPoll(QueuedThreadPool.java:974)
        at app//org.eclipse.jetty.util.thread.QueuedThreadPool$Runner.run(QueuedThreadPool.java:1018)
        at java.base@21.0.8/java.lang.Thread.runWith(Thread.java:1596)
        at java.base@21.0.8/java.lang.Thread.run(Thread.java:1583)
"IPC Server handler 19 on default port 15000" daemon prio=5 tid=140 timed_waiting
java.lang.Thread.State: TIMED_WAITING
        at java.base@21.0.8/jdk.internal.misc.Unsafe.park(Native Method)
        at java.base@21.0.8/java.util.concurrent.locks.LockSupport.parkNanos(LockSupport.java:269)
        at java.base@21.0.8/java.util.concurrent.locks.AbstractQueuedSynchronizer$ConditionObject.awaitNanos(AbstractQueuedSynchronizer.java:1763)
        at java.base@21.0.8/java.util.concurrent.LinkedBlockingQueue.poll(LinkedBlockingQueue.java:460)
        at app//org.apache.hadoop.ipc.CallQueueManager.take(CallQueueManager.java:370)
        at app//org.apache.hadoop.ipc.Server$Handler.run(Server.java:3165)
"IPC Server handler 16 on default port 15002" daemon prio=5 tid=355 timed_waiting
java.lang.Thread.State: TIMED_WAITING
        at java.base@21.0.8/jdk.internal.misc.Unsafe.park(Native Method)
        at java.base@21.0.8/java.util.concurrent.locks.LockSupport.parkNanos(LockSupport.java:269)
        at java.base@21.0.8/java.util.concurrent.locks.AbstractQueuedSynchronizer$ConditionObject.awaitNanos(AbstractQueuedSynchronizer.java:1763)
        at java.base@21.0.8/java.util.concurrent.LinkedBlockingQueue.poll(LinkedBlockingQueue.java:460)
        at app//org.apache.hadoop.ipc.CallQueueManager.take(CallQueueManager.java:370)
        at app//org.apache.hadoop.ipc.Server$Handler.run(Server.java:3165)
"d3e19d45-0b2b-4921-9b28-39a5e9747ac8-DatanodeReportManager-1" daemon prio=5 tid=792 timed_waiting
java.lang.Thread.State: TIMED_WAITING
        at java.base@21.0.8/jdk.internal.misc.Unsafe.park(Native Method)
        at java.base@21.0.8/java.util.concurrent.locks.LockSupport.parkNanos(LockSupport.java:269)
        at java.base@21.0.8/java.util.concurrent.locks.AbstractQueuedSynchronizer$ConditionObject.awaitNanos(AbstractQueuedSynchronizer.java:1763)
        at java.base@21.0.8/java.util.concurrent.ScheduledThreadPoolExecutor$DelayedWorkQueue.take(ScheduledThreadPoolExecutor.java:1182)
        at java.base@21.0.8/java.util.concurrent.ScheduledThreadPoolExecutor$DelayedWorkQueue.take(ScheduledThreadPoolExecutor.java:899)
        at java.base@21.0.8/java.util.concurrent.ThreadPoolExecutor.getTask(ThreadPoolExecutor.java:1070)
        at java.base@21.0.8/java.util.concurrent.ThreadPoolExecutor.runWorker(ThreadPoolExecutor.java:1130)
        at java.base@21.0.8/java.util.concurrent.ThreadPoolExecutor$Worker.run(ThreadPoolExecutor.java:642)
        at java.base@21.0.8/java.lang.Thread.runWith(Thread.java:1596)
        at java.base@21.0.8/java.lang.Thread.run(Thread.java:1583)
"IPC Server handler 0 on default port 15000" daemon prio=5 tid=121 timed_waiting
java.lang.Thread.State: TIMED_WAITING
        at java.base@21.0.8/jdk.internal.misc.Unsafe.park(Native Method)
        at java.base@21.0.8/java.util.concurrent.locks.LockSupport.parkNanos(LockSupport.java:269)
        at java.base@21.0.8/java.util.concurrent.locks.AbstractQueuedSynchronizer$ConditionObject.awaitNanos(AbstractQueuedSynchronizer.java:1763)
        at java.base@21.0.8/java.util.concurrent.LinkedBlockingQueue.poll(LinkedBlockingQueue.java:460)
        at app//org.apache.hadoop.ipc.CallQueueManager.take(CallQueueManager.java:370)
        at app//org.apache.hadoop.ipc.Server$Handler.run(Server.java:3165)
"qtp862219833-573" daemon prio=5 tid=573 timed_waiting
java.lang.Thread.State: TIMED_WAITING
        at java.base@21.0.8/jdk.internal.misc.Unsafe.park(Native Method)
        at java.base@21.0.8/java.util.concurrent.locks.LockSupport.parkNanos(LockSupport.java:269)
        at java.base@21.0.8/java.util.concurrent.locks.AbstractQueuedSynchronizer$ConditionObject.awaitNanos(AbstractQueuedSynchronizer.java:1763)
        at app//org.eclipse.jetty.util.BlockingArrayQueue.poll(BlockingArrayQueue.java:382)
        at app//org.eclipse.jetty.util.thread.QueuedThreadPool$Runner.idleJobPoll(QueuedThreadPool.java:974)
        at app//org.eclipse.jetty.util.thread.QueuedThreadPool$Runner.run(QueuedThreadPool.java:1018)
        at java.base@21.0.8/java.lang.Thread.runWith(Thread.java:1596)
        at java.base@21.0.8/java.lang.Thread.run(Thread.java:1583)
"EventQueue-StaleNodeForStaleNodeHandler" daemon prio=5 tid=1035 in Object.wait()
java.lang.Thread.State: WAITING (on object monitor)
        at java.base@21.0.8/jdk.internal.misc.Unsafe.park(Native Method)
        at java.base@21.0.8/java.util.concurrent.locks.LockSupport.park(LockSupport.java:371)
        at java.base@21.0.8/java.util.concurrent.locks.AbstractQueuedSynchronizer$ConditionNode.block(AbstractQueuedSynchronizer.java:519)
        at java.base@21.0.8/java.util.concurrent.ForkJoinPool.unmanagedBlock(ForkJoinPool.java:3780)
        at java.base@21.0.8/java.util.concurrent.ForkJoinPool.managedBlock(ForkJoinPool.java:3725)
        at java.base@21.0.8/java.util.concurrent.locks.AbstractQueuedSynchronizer$ConditionObject.await(AbstractQueuedSynchronizer.java:1712)
        at java.base@21.0.8/java.util.concurrent.LinkedBlockingQueue.take(LinkedBlockingQueue.java:435)
        at java.base@21.0.8/java.util.concurrent.ThreadPoolExecutor.getTask(ThreadPoolExecutor.java:1070)
        at java.base@21.0.8/java.util.concurrent.ThreadPoolExecutor.runWorker(ThreadPoolExecutor.java:1130)
        at java.base@21.0.8/java.util.concurrent.ThreadPoolExecutor$Worker.run(ThreadPoolExecutor.java:642)
        at java.base@21.0.8/java.lang.Thread.runWith(Thread.java:1596)
        at java.base@21.0.8/java.lang.Thread.run(Thread.java:1583)
"IPC Server handler 68 on default port 15000" daemon prio=5 tid=189 timed_waiting
java.lang.Thread.State: TIMED_WAITING
        at java.base@21.0.8/jdk.internal.misc.Unsafe.park(Native Method)
        at java.base@21.0.8/java.util.concurrent.locks.LockSupport.parkNanos(LockSupport.java:269)
        at java.base@21.0.8/java.util.concurrent.locks.AbstractQueuedSynchronizer$ConditionObject.awaitNanos(AbstractQueuedSynchronizer.java:1763)
        at java.base@21.0.8/java.util.concurrent.LinkedBlockingQueue.poll(LinkedBlockingQueue.java:460)
        at app//org.apache.hadoop.ipc.CallQueueManager.take(CallQueueManager.java:370)
        at app//org.apache.hadoop.ipc.Server$Handler.run(Server.java:3165)
"qtp1507617108-331" daemon prio=5 tid=331 timed_waiting
java.lang.Thread.State: TIMED_WAITING
        at java.base@21.0.8/jdk.internal.misc.Unsafe.park(Native Method)
        at java.base@21.0.8/java.util.concurrent.locks.LockSupport.parkNanos(LockSupport.java:269)
        at java.base@21.0.8/java.util.concurrent.locks.AbstractQueuedSynchronizer$ConditionObject.awaitNanos(AbstractQueuedSynchronizer.java:1763)
        at app//org.eclipse.jetty.util.BlockingArrayQueue.poll(BlockingArrayQueue.java:382)
        at app//org.eclipse.jetty.util.thread.QueuedThreadPool$Runner.idleJobPoll(QueuedThreadPool.java:974)
        at app//org.eclipse.jetty.util.thread.QueuedThreadPool$Runner.run(QueuedThreadPool.java:1018)
        at java.base@21.0.8/java.lang.Thread.runWith(Thread.java:1596)
        at java.base@21.0.8/java.lang.Thread.run(Thread.java:1583)
"om1-DirectoryDeletingService#1" daemon prio=5 tid=478 timed_waiting
java.lang.Thread.State: TIMED_WAITING
        at java.base@21.0.8/jdk.internal.misc.Unsafe.park(Native Method)
        at java.base@21.0.8/java.util.concurrent.locks.LockSupport.parkNanos(LockSupport.java:269)
        at java.base@21.0.8/java.util.concurrent.locks.AbstractQueuedSynchronizer$ConditionObject.awaitNanos(AbstractQueuedSynchronizer.java:1763)
        at java.base@21.0.8/java.util.concurrent.ScheduledThreadPoolExecutor$DelayedWorkQueue.take(ScheduledThreadPoolExecutor.java:1182)
        at java.base@21.0.8/java.util.concurrent.ScheduledThreadPoolExecutor$DelayedWorkQueue.take(ScheduledThreadPoolExecutor.java:899)
        at java.base@21.0.8/java.util.concurrent.ThreadPoolExecutor.getTask(ThreadPoolExecutor.java:1070)
        at java.base@21.0.8/java.util.concurrent.ThreadPoolExecutor.runWorker(ThreadPoolExecutor.java:1130)
        at java.base@21.0.8/java.util.concurrent.ThreadPoolExecutor$Worker.run(ThreadPoolExecutor.java:642)
        at java.base@21.0.8/java.lang.Thread.runWith(Thread.java:1596)
        at java.base@21.0.8/java.lang.Thread.run(Thread.java:1583)
"IPC Server handler 2 on default port 15001" daemon prio=5 tid=223 timed_waiting
java.lang.Thread.State: TIMED_WAITING
        at java.base@21.0.8/jdk.internal.misc.Unsafe.park(Native Method)
        at java.base@21.0.8/java.util.concurrent.locks.LockSupport.parkNanos(LockSupport.java:269)
        at java.base@21.0.8/java.util.concurrent.locks.AbstractQueuedSynchronizer$ConditionObject.awaitNanos(AbstractQueuedSynchronizer.java:1763)
        at java.base@21.0.8/java.util.concurrent.LinkedBlockingQueue.poll(LinkedBlockingQueue.java:460)
        at app//org.apache.hadoop.ipc.CallQueueManager.take(CallQueueManager.java:370)
        at app//org.apache.hadoop.ipc.Server$Handler.run(Server.java:3165)
"SCMHATransactionMonitor" daemon prio=5 tid=119 timed_waiting
java.lang.Thread.State: TIMED_WAITING
        at java.base@21.0.8/java.lang.Object.wait0(Native Method)
        at java.base@21.0.8/java.lang.Object.wait(Object.java:366)
        at app//org.apache.hadoop.hdds.scm.ha.BackgroundSCMService.run(BackgroundSCMService.java:106)
        at app//org.apache.hadoop.hdds.scm.ha.BackgroundSCMService$$Lambda/0x00007fd1ac502480.run(Unknown Source)
        at java.base@21.0.8/java.lang.Thread.runWith(Thread.java:1596)
        at java.base@21.0.8/java.lang.Thread.run(Thread.java:1583)
"IPC Server handler 6 on default port 15027" daemon prio=5 tid=643 timed_waiting
java.lang.Thread.State: TIMED_WAITING
        at java.base@21.0.8/jdk.internal.misc.Unsafe.park(Native Method)
        at java.base@21.0.8/java.util.concurrent.locks.LockSupport.parkNanos(LockSupport.java:269)
        at java.base@21.0.8/java.util.concurrent.locks.AbstractQueuedSynchronizer$ConditionObject.awaitNanos(AbstractQueuedSynchronizer.java:1763)
        at java.base@21.0.8/java.util.concurrent.LinkedBlockingQueue.poll(LinkedBlockingQueue.java:460)
        at app//org.apache.hadoop.ipc.CallQueueManager.take(CallQueueManager.java:370)
        at app//org.apache.hadoop.ipc.Server$Handler.run(Server.java:3165)
"25d9f169-1c9e-47c6-a2a2-d20fb3c5fda2@group-F536DCC524F8-SegmentedRaftLogWorker"  prio=5 tid=963 timed_waiting
java.lang.Thread.State: TIMED_WAITING
        at java.base@21.0.8/jdk.internal.misc.Unsafe.park(Native Method)
        at java.base@21.0.8/java.util.concurrent.locks.LockSupport.parkNanos(LockSupport.java:269)
        at java.base@21.0.8/java.util.concurrent.locks.AbstractQueuedSynchronizer$ConditionObject.awaitNanos(AbstractQueuedSynchronizer.java:1763)
        at app//org.apache.ratis.util.DataBlockingQueue.poll(DataBlockingQueue.java:148)
        at app//org.apache.ratis.server.raftlog.segmented.SegmentedRaftLogWorker.run(SegmentedRaftLogWorker.java:309)
        at app//org.apache.ratis.server.raftlog.segmented.SegmentedRaftLogWorker$$Lambda/0x00007fd1ac39e8e0.run(Unknown Source)
        at java.base@21.0.8/java.util.concurrent.Executors$RunnableAdapter.call(Executors.java:572)
        at java.base@21.0.8/java.util.concurrent.FutureTask.run(FutureTask.java:317)
        at java.base@21.0.8/java.util.concurrent.ThreadPoolExecutor.runWorker(ThreadPoolExecutor.java:1144)
        at java.base@21.0.8/java.util.concurrent.ThreadPoolExecutor$Worker.run(ThreadPoolExecutor.java:642)
        at java.base@21.0.8/java.lang.Thread.runWith(Thread.java:1596)
        at java.base@21.0.8/java.lang.Thread.run(Thread.java:1583)
"IPC Server handler 19 on default port 15006" daemon prio=5 tid=511 timed_waiting
java.lang.Thread.State: TIMED_WAITING
        at java.base@21.0.8/jdk.internal.misc.Unsafe.park(Native Method)
        at java.base@21.0.8/java.util.concurrent.locks.LockSupport.parkNanos(LockSupport.java:269)
        at java.base@21.0.8/java.util.concurrent.locks.AbstractQueuedSynchronizer$ConditionObject.awaitNanos(AbstractQueuedSynchronizer.java:1763)
        at java.base@21.0.8/java.util.concurrent.LinkedBlockingQueue.poll(LinkedBlockingQueue.java:460)
        at app//org.apache.hadoop.ipc.CallQueueManager.take(CallQueueManager.java:370)
        at app//org.apache.hadoop.ipc.Server$Handler.run(Server.java:3165)
"grpc-default-boss-ELG-1-1" daemon prio=5 tid=45 runnable
java.lang.Thread.State: RUNNABLE
        at app//org.apache.ratis.thirdparty.io.netty.channel.epoll.Native.epollWait(Native Method)
        at app//org.apache.ratis.thirdparty.io.netty.channel.epoll.Native.epollWait(Native.java:220)
        at app//org.apache.ratis.thirdparty.io.netty.channel.epoll.Native.epollWait(Native.java:213)
        at app//org.apache.ratis.thirdparty.io.netty.channel.epoll.EpollEventLoop.epollWaitNoTimerChange(EpollEventLoop.java:308)
        at app//org.apache.ratis.thirdparty.io.netty.channel.epoll.EpollEventLoop.run(EpollEventLoop.java:365)
        at app//org.apache.ratis.thirdparty.io.netty.util.concurrent.SingleThreadEventExecutor$4.run(SingleThreadEventExecutor.java:998)
        at app//org.apache.ratis.thirdparty.io.netty.util.internal.ThreadExecutorMap$2.run(ThreadExecutorMap.java:74)
        at app//org.apache.ratis.thirdparty.io.netty.util.concurrent.FastThreadLocalRunnable.run(FastThreadLocalRunnable.java:30)
        at java.base@21.0.8/java.lang.Thread.runWith(Thread.java:1596)
        at java.base@21.0.8/java.lang.Thread.run(Thread.java:1583)
"Socket Reader #5 for port 15000" daemon prio=5 tid=95 runnable
java.lang.Thread.State: RUNNABLE
        at java.base@21.0.8/sun.nio.ch.EPoll.wait(Native Method)
        at java.base@21.0.8/sun.nio.ch.EPollSelectorImpl.doSelect(EPollSelectorImpl.java:121)
        at java.base@21.0.8/sun.nio.ch.SelectorImpl.lockAndDoSelect(SelectorImpl.java:130)
        at java.base@21.0.8/sun.nio.ch.SelectorImpl.select(SelectorImpl.java:147)
        at app//org.apache.hadoop.ipc.Server$Listener$Reader.doRunLoop(Server.java:1497)
        at app//org.apache.hadoop.ipc.Server$Listener$Reader.run(Server.java:1476)
"IPC Server handler 5 on default port 15027" daemon prio=5 tid=642 timed_waiting
java.lang.Thread.State: TIMED_WAITING
        at java.base@21.0.8/jdk.internal.misc.Unsafe.park(Native Method)
        at java.base@21.0.8/java.util.concurrent.locks.LockSupport.parkNanos(LockSupport.java:269)
        at java.base@21.0.8/java.util.concurrent.locks.AbstractQueuedSynchronizer$ConditionObject.awaitNanos(AbstractQueuedSynchronizer.java:1763)
        at java.base@21.0.8/java.util.concurrent.LinkedBlockingQueue.poll(LinkedBlockingQueue.java:460)
        at app//org.apache.hadoop.ipc.CallQueueManager.take(CallQueueManager.java:370)
        at app//org.apache.hadoop.ipc.Server$Handler.run(Server.java:3165)
"Socket Reader #7 for port 15000" daemon prio=5 tid=97 runnable
java.lang.Thread.State: RUNNABLE
        at java.base@21.0.8/sun.nio.ch.EPoll.wait(Native Method)
        at java.base@21.0.8/sun.nio.ch.EPollSelectorImpl.doSelect(EPollSelectorImpl.java:121)
        at java.base@21.0.8/sun.nio.ch.SelectorImpl.lockAndDoSelect(SelectorImpl.java:130)
        at java.base@21.0.8/sun.nio.ch.SelectorImpl.select(SelectorImpl.java:147)
        at app//org.apache.hadoop.ipc.Server$Listener$Reader.doRunLoop(Server.java:1497)
        at app//org.apache.hadoop.ipc.Server$Listener$Reader.run(Server.java:1476)
"qtp862219833-568-acceptor-0@275212b4-ServerConnector@7e769a6c{HTTP/1.1, (http/1.1)}{0.0.0.0:15018}" daemon prio=3 tid=568 runnable
java.lang.Thread.State: RUNNABLE
        at java.base@21.0.8/sun.nio.ch.Net.accept(Native Method)
        at java.base@21.0.8/sun.nio.ch.ServerSocketChannelImpl.implAccept(ServerSocketChannelImpl.java:433)
        at java.base@21.0.8/sun.nio.ch.ServerSocketChannelImpl.accept(ServerSocketChannelImpl.java:399)
        at app//org.eclipse.jetty.server.ServerConnector.accept(ServerConnector.java:388)
        at app//org.eclipse.jetty.server.AbstractConnector$Acceptor.run(AbstractConnector.java:704)
        at app//org.eclipse.jetty.util.thread.QueuedThreadPool.runJob(QueuedThreadPool.java:883)
        at app//org.eclipse.jetty.util.thread.QueuedThreadPool$Runner.run(QueuedThreadPool.java:1034)
        at java.base@21.0.8/java.lang.Thread.runWith(Thread.java:1596)
        at java.base@21.0.8/java.lang.Thread.run(Thread.java:1583)
"IPC Server handler 79 on default port 15000" daemon prio=5 tid=200 timed_waiting
java.lang.Thread.State: TIMED_WAITING
        at java.base@21.0.8/jdk.internal.misc.Unsafe.park(Native Method)
        at java.base@21.0.8/java.util.concurrent.locks.LockSupport.parkNanos(LockSupport.java:269)
        at java.base@21.0.8/java.util.concurrent.locks.AbstractQueuedSynchronizer$ConditionObject.awaitNanos(AbstractQueuedSynchronizer.java:1763)
        at java.base@21.0.8/java.util.concurrent.LinkedBlockingQueue.poll(LinkedBlockingQueue.java:460)
        at app//org.apache.hadoop.ipc.CallQueueManager.take(CallQueueManager.java:370)
        at app//org.apache.hadoop.ipc.Server$Handler.run(Server.java:3165)
"pool-148-thread-1" daemon prio=5 tid=816 timed_waiting
java.lang.Thread.State: TIMED_WAITING
        at java.base@21.0.8/jdk.internal.misc.Unsafe.park(Native Method)
        at java.base@21.0.8/java.util.concurrent.locks.LockSupport.parkNanos(LockSupport.java:269)
        at java.base@21.0.8/java.util.concurrent.locks.AbstractQueuedSynchronizer$ConditionObject.awaitNanos(AbstractQueuedSynchronizer.java:1763)
        at java.base@21.0.8/java.util.concurrent.ScheduledThreadPoolExecutor$DelayedWorkQueue.take(ScheduledThreadPoolExecutor.java:1182)
        at java.base@21.0.8/java.util.concurrent.ScheduledThreadPoolExecutor$DelayedWorkQueue.take(ScheduledThreadPoolExecutor.java:899)
        at java.base@21.0.8/java.util.concurrent.ThreadPoolExecutor.getTask(ThreadPoolExecutor.java:1070)
        at java.base@21.0.8/java.util.concurrent.ThreadPoolExecutor.runWorker(ThreadPoolExecutor.java:1130)
        at java.base@21.0.8/java.util.concurrent.ThreadPoolExecutor$Worker.run(ThreadPoolExecutor.java:642)
        at java.base@21.0.8/java.lang.Thread.runWith(Thread.java:1596)
        at java.base@21.0.8/java.lang.Thread.run(Thread.java:1583)
"IPC Server handler 13 on default port 15006" daemon prio=5 tid=505 timed_waiting
java.lang.Thread.State: TIMED_WAITING
        at java.base@21.0.8/jdk.internal.misc.Unsafe.park(Native Method)
        at java.base@21.0.8/java.util.concurrent.locks.LockSupport.parkNanos(LockSupport.java:269)
        at java.base@21.0.8/java.util.concurrent.locks.AbstractQueuedSynchronizer$ConditionObject.awaitNanos(AbstractQueuedSynchronizer.java:1763)
        at java.base@21.0.8/java.util.concurrent.LinkedBlockingQueue.poll(LinkedBlockingQueue.java:460)
        at app//org.apache.hadoop.ipc.CallQueueManager.take(CallQueueManager.java:370)
        at app//org.apache.hadoop.ipc.Server$Handler.run(Server.java:3165)
"timer7" daemon prio=5 tid=1030 timed_waiting
java.lang.Thread.State: TIMED_WAITING
        at java.base@21.0.8/java.lang.Object.wait0(Native Method)
        at java.base@21.0.8/java.lang.Object.wait(Object.java:366)
        at java.base@21.0.8/java.util.TimerThread.mainLoop(Timer.java:563)
        at java.base@21.0.8/java.util.TimerThread.run(Timer.java:516)
"IPC Server handler 92 on default port 15000" daemon prio=5 tid=213 timed_waiting
java.lang.Thread.State: TIMED_WAITING
        at java.base@21.0.8/jdk.internal.misc.Unsafe.park(Native Method)
        at java.base@21.0.8/java.util.concurrent.locks.LockSupport.parkNanos(LockSupport.java:269)
        at java.base@21.0.8/java.util.concurrent.locks.AbstractQueuedSynchronizer$ConditionObject.awaitNanos(AbstractQueuedSynchronizer.java:1763)
        at java.base@21.0.8/java.util.concurrent.LinkedBlockingQueue.poll(LinkedBlockingQueue.java:460)
        at app//org.apache.hadoop.ipc.CallQueueManager.take(CallQueueManager.java:370)
        at app//org.apache.hadoop.ipc.Server$Handler.run(Server.java:3165)
"IPC Server handler 17 on default port 15006" daemon prio=5 tid=509 timed_waiting
java.lang.Thread.State: TIMED_WAITING
        at java.base@21.0.8/jdk.internal.misc.Unsafe.park(Native Method)
        at java.base@21.0.8/java.util.concurrent.locks.LockSupport.parkNanos(LockSupport.java:269)
        at java.base@21.0.8/java.util.concurrent.locks.AbstractQueuedSynchronizer$ConditionObject.awaitNanos(AbstractQueuedSynchronizer.java:1763)
        at java.base@21.0.8/java.util.concurrent.LinkedBlockingQueue.poll(LinkedBlockingQueue.java:460)
        at app//org.apache.hadoop.ipc.CallQueueManager.take(CallQueueManager.java:370)
        at app//org.apache.hadoop.ipc.Server$Handler.run(Server.java:3165)
"LeakDetector-ManagedRocksObject0" daemon prio=5 tid=51 in Object.wait()
java.lang.Thread.State: WAITING (on object monitor)
        at java.base@21.0.8/jdk.internal.misc.Unsafe.park(Native Method)
        at java.base@21.0.8/java.util.concurrent.locks.LockSupport.park(LockSupport.java:371)
        at java.base@21.0.8/java.util.concurrent.locks.AbstractQueuedSynchronizer$ConditionNode.block(AbstractQueuedSynchronizer.java:519)
        at java.base@21.0.8/java.util.concurrent.ForkJoinPool.unmanagedBlock(ForkJoinPool.java:3780)
        at java.base@21.0.8/java.util.concurrent.ForkJoinPool.managedBlock(ForkJoinPool.java:3725)
        at java.base@21.0.8/java.util.concurrent.locks.AbstractQueuedSynchronizer$ConditionObject.await(AbstractQueuedSynchronizer.java:1712)
        at java.base@21.0.8/java.lang.ref.ReferenceQueue.await(ReferenceQueue.java:67)
        at java.base@21.0.8/java.lang.ref.ReferenceQueue.remove0(ReferenceQueue.java:158)
        at java.base@21.0.8/java.lang.ref.ReferenceQueue.remove(ReferenceQueue.java:234)
        at app//org.apache.hadoop.hdds.utils.LeakDetector.run(LeakDetector.java:79)
        at app//org.apache.hadoop.hdds.utils.LeakDetector$$Lambda/0x00007fd1ac4990b8.run(Unknown Source)
        at java.base@21.0.8/java.lang.Thread.runWith(Thread.java:1596)
        at java.base@21.0.8/java.lang.Thread.run(Thread.java:1583)
"IPC Server handler 1 on default port 15035" daemon prio=5 tid=706 timed_waiting
java.lang.Thread.State: TIMED_WAITING
        at java.base@21.0.8/jdk.internal.misc.Unsafe.park(Native Method)
        at java.base@21.0.8/java.util.concurrent.locks.LockSupport.parkNanos(LockSupport.java:269)
        at java.base@21.0.8/java.util.concurrent.locks.AbstractQueuedSynchronizer$ConditionObject.awaitNanos(AbstractQueuedSynchronizer.java:1763)
        at java.base@21.0.8/java.util.concurrent.LinkedBlockingQueue.poll(LinkedBlockingQueue.java:460)
        at app//org.apache.hadoop.ipc.CallQueueManager.take(CallQueueManager.java:370)
        at app//org.apache.hadoop.ipc.Server$Handler.run(Server.java:3165)
"Socket Reader #4 for port 15027" daemon prio=5 tid=627 runnable
java.lang.Thread.State: RUNNABLE
        at java.base@21.0.8/sun.nio.ch.EPoll.wait(Native Method)
        at java.base@21.0.8/sun.nio.ch.EPollSelectorImpl.doSelect(EPollSelectorImpl.java:121)
        at java.base@21.0.8/sun.nio.ch.SelectorImpl.lockAndDoSelect(SelectorImpl.java:130)
        at java.base@21.0.8/sun.nio.ch.SelectorImpl.select(SelectorImpl.java:147)
        at app//org.apache.hadoop.ipc.Server$Listener$Reader.doRunLoop(Server.java:1497)
        at app//org.apache.hadoop.ipc.Server$Listener$Reader.run(Server.java:1476)
"JvmPauseMonitor1" daemon prio=5 tid=118 timed_waiting
java.lang.Thread.State: TIMED_WAITING
        at java.base@21.0.8/java.lang.Thread.sleep0(Native Method)
        at java.base@21.0.8/java.lang.Thread.sleep(Thread.java:558)
        at java.base@21.0.8/java.util.concurrent.TimeUnit.sleep(TimeUnit.java:446)
        at app//org.apache.ratis.util.TimeDuration.sleep(TimeDuration.java:353)
        at app//org.apache.ratis.util.TimeDuration.sleep(TimeDuration.java:338)
        at app//org.apache.ratis.util.JvmPauseMonitor.detectPause(JvmPauseMonitor.java:160)
        at app//org.apache.ratis.util.JvmPauseMonitor.run(JvmPauseMonitor.java:149)
        at app//org.apache.ratis.util.JvmPauseMonitor$$Lambda/0x00007fd1ac3b8ac8.run(Unknown Source)
        at java.base@21.0.8/java.lang.Thread.runWith(Thread.java:1596)
        at java.base@21.0.8/java.lang.Thread.run(Thread.java:1583)
"IPC Server handler 33 on default port 15001" daemon prio=5 tid=254 timed_waiting
java.lang.Thread.State: TIMED_WAITING
        at java.base@21.0.8/jdk.internal.misc.Unsafe.park(Native Method)
        at java.base@21.0.8/java.util.concurrent.locks.LockSupport.parkNanos(LockSupport.java:269)
        at java.base@21.0.8/java.util.concurrent.locks.AbstractQueuedSynchronizer$ConditionObject.awaitNanos(AbstractQueuedSynchronizer.java:1763)
        at java.base@21.0.8/java.util.concurrent.LinkedBlockingQueue.poll(LinkedBlockingQueue.java:460)
        at app//org.apache.hadoop.ipc.CallQueueManager.take(CallQueueManager.java:370)
        at app//org.apache.hadoop.ipc.Server$Handler.run(Server.java:3165)
"IPC Server listener on 15027" daemon prio=5 tid=623 runnable
java.lang.Thread.State: RUNNABLE
        at java.base@21.0.8/sun.nio.ch.EPoll.wait(Native Method)
        at java.base@21.0.8/sun.nio.ch.EPollSelectorImpl.doSelect(EPollSelectorImpl.java:121)
        at java.base@21.0.8/sun.nio.ch.SelectorImpl.lockAndDoSelect(SelectorImpl.java:130)
        at java.base@21.0.8/sun.nio.ch.SelectorImpl.select(SelectorImpl.java:147)
        at app//org.apache.hadoop.ipc.Server$Listener.run(Server.java:1559)
"org.apache.hadoop.ozone.container.common.statemachine.commandhandler.DeleteBlocksCommandHandler$DeleteCmdWorker@6766644d" daemon prio=5 tid=564 timed_waiting
java.lang.Thread.State: TIMED_WAITING
        at java.base@21.0.8/java.lang.Thread.sleep0(Native Method)
        at java.base@21.0.8/java.lang.Thread.sleep(Thread.java:509)
        at app//org.apache.hadoop.ozone.container.common.statemachine.commandhandler.DeleteBlocksCommandHandler$DeleteCmdWorker.run(DeleteBlocksCommandHandler.java:260)
        at java.base@21.0.8/java.lang.Thread.runWith(Thread.java:1596)
        at java.base@21.0.8/java.lang.Thread.run(Thread.java:1583)
"org.apache.hadoop.ozone.container.common.statemachine.commandhandler.DeleteBlocksCommandHandler$DeleteCmdWorker@4b3238d2" daemon prio=5 tid=737 timed_waiting
java.lang.Thread.State: TIMED_WAITING
        at java.base@21.0.8/java.lang.Thread.sleep0(Native Method)
        at java.base@21.0.8/java.lang.Thread.sleep(Thread.java:509)
        at app//org.apache.hadoop.ozone.container.common.statemachine.commandhandler.DeleteBlocksCommandHandler$DeleteCmdWorker.run(DeleteBlocksCommandHandler.java:260)
        at java.base@21.0.8/java.lang.Thread.runWith(Thread.java:1596)
        at java.base@21.0.8/java.lang.Thread.run(Thread.java:1583)
"IPC Server handler 51 on default port 15000" daemon prio=5 tid=172 timed_waiting
java.lang.Thread.State: TIMED_WAITING
        at java.base@21.0.8/jdk.internal.misc.Unsafe.park(Native Method)
        at java.base@21.0.8/java.util.concurrent.locks.LockSupport.parkNanos(LockSupport.java:269)
        at java.base@21.0.8/java.util.concurrent.locks.AbstractQueuedSynchronizer$ConditionObject.awaitNanos(AbstractQueuedSynchronizer.java:1763)
        at java.base@21.0.8/java.util.concurrent.LinkedBlockingQueue.poll(LinkedBlockingQueue.java:460)
        at app//org.apache.hadoop.ipc.CallQueueManager.take(CallQueueManager.java:370)
        at app//org.apache.hadoop.ipc.Server$Handler.run(Server.java:3165)
"Socket Reader #2 for port 15035" daemon prio=5 tid=691 runnable
java.lang.Thread.State: RUNNABLE
        at java.base@21.0.8/sun.nio.ch.EPoll.wait(Native Method)
        at java.base@21.0.8/sun.nio.ch.EPollSelectorImpl.doSelect(EPollSelectorImpl.java:121)
        at java.base@21.0.8/sun.nio.ch.SelectorImpl.lockAndDoSelect(SelectorImpl.java:130)
        at java.base@21.0.8/sun.nio.ch.SelectorImpl.select(SelectorImpl.java:147)
        at app//org.apache.hadoop.ipc.Server$Listener$Reader.doRunLoop(Server.java:1497)
        at app//org.apache.hadoop.ipc.Server$Listener$Reader.run(Server.java:1476)
"18da7ee6-49f7-45ee-8090-861a49f32d36-ChunkWriter-1-0" daemon prio=5 tid=801 in Object.wait()
java.lang.Thread.State: WAITING (on object monitor)
        at java.base@21.0.8/jdk.internal.misc.Unsafe.park(Native Method)
        at java.base@21.0.8/java.util.concurrent.locks.LockSupport.park(LockSupport.java:371)
        at java.base@21.0.8/java.util.concurrent.locks.AbstractQueuedSynchronizer$ConditionNode.block(AbstractQueuedSynchronizer.java:519)
        at java.base@21.0.8/java.util.concurrent.ForkJoinPool.unmanagedBlock(ForkJoinPool.java:3780)
        at java.base@21.0.8/java.util.concurrent.ForkJoinPool.managedBlock(ForkJoinPool.java:3725)
        at java.base@21.0.8/java.util.concurrent.locks.AbstractQueuedSynchronizer$ConditionObject.await(AbstractQueuedSynchronizer.java:1712)
        at java.base@21.0.8/java.util.concurrent.LinkedBlockingDeque.takeFirst(LinkedBlockingDeque.java:485)
        at java.base@21.0.8/java.util.concurrent.LinkedBlockingDeque.take(LinkedBlockingDeque.java:673)
        at java.base@21.0.8/java.util.concurrent.ThreadPoolExecutor.getTask(ThreadPoolExecutor.java:1070)
        at java.base@21.0.8/java.util.concurrent.ThreadPoolExecutor.runWorker(ThreadPoolExecutor.java:1130)
        at java.base@21.0.8/java.util.concurrent.ThreadPoolExecutor$Worker.run(ThreadPoolExecutor.java:642)
        at java.base@21.0.8/java.lang.Thread.runWith(Thread.java:1596)
        at java.base@21.0.8/java.lang.Thread.run(Thread.java:1583)
"Socket Reader #5 for port 15043" daemon prio=5 tid=766 runnable
java.lang.Thread.State: RUNNABLE
        at java.base@21.0.8/sun.nio.ch.EPoll.wait(Native Method)
        at java.base@21.0.8/sun.nio.ch.EPollSelectorImpl.doSelect(EPollSelectorImpl.java:121)
        at java.base@21.0.8/sun.nio.ch.SelectorImpl.lockAndDoSelect(SelectorImpl.java:130)
        at java.base@21.0.8/sun.nio.ch.SelectorImpl.select(SelectorImpl.java:147)
        at app//org.apache.hadoop.ipc.Server$Listener$Reader.doRunLoop(Server.java:1497)
        at app//org.apache.hadoop.ipc.Server$Listener$Reader.run(Server.java:1476)
"qtp1960486456-485-acceptor-0@599f7c82-ServerConnector@30dc545c{HTTP/1.1, (http/1.1)}{0.0.0.0:15007}" daemon prio=3 tid=485 runnable
java.lang.Thread.State: RUNNABLE
        at java.base@21.0.8/sun.nio.ch.Net.accept(Native Method)
        at java.base@21.0.8/sun.nio.ch.ServerSocketChannelImpl.implAccept(ServerSocketChannelImpl.java:433)
        at java.base@21.0.8/sun.nio.ch.ServerSocketChannelImpl.accept(ServerSocketChannelImpl.java:399)
        at app//org.eclipse.jetty.server.ServerConnector.accept(ServerConnector.java:388)
        at app//org.eclipse.jetty.server.AbstractConnector$Acceptor.run(AbstractConnector.java:704)
        at app//org.eclipse.jetty.util.thread.QueuedThreadPool.runJob(QueuedThreadPool.java:883)
        at app//org.eclipse.jetty.util.thread.QueuedThreadPool$Runner.run(QueuedThreadPool.java:1034)
        at java.base@21.0.8/java.lang.Thread.runWith(Thread.java:1596)
        at java.base@21.0.8/java.lang.Thread.run(Thread.java:1583)
"IPC Server handler 50 on default port 15001" daemon prio=5 tid=271 timed_waiting
java.lang.Thread.State: TIMED_WAITING
        at java.base@21.0.8/jdk.internal.misc.Unsafe.park(Native Method)
        at java.base@21.0.8/java.util.concurrent.locks.LockSupport.parkNanos(LockSupport.java:269)
        at java.base@21.0.8/java.util.concurrent.locks.AbstractQueuedSynchronizer$ConditionObject.awaitNanos(AbstractQueuedSynchronizer.java:1763)
        at java.base@21.0.8/java.util.concurrent.LinkedBlockingQueue.poll(LinkedBlockingQueue.java:460)
        at app//org.apache.hadoop.ipc.CallQueueManager.take(CallQueueManager.java:370)
        at app//org.apache.hadoop.ipc.Server$Handler.run(Server.java:3165)
"om1@group-C5BA1605619E-StateMachineUpdater" daemon prio=5 tid=466 timed_waiting
java.lang.Thread.State: TIMED_WAITING
        at java.base@21.0.8/jdk.internal.misc.Unsafe.park(Native Method)
        at java.base@21.0.8/java.util.concurrent.locks.LockSupport.parkNanos(LockSupport.java:269)
        at java.base@21.0.8/java.util.concurrent.locks.AbstractQueuedSynchronizer$ConditionObject.await(AbstractQueuedSynchronizer.java:1852)
        at app//org.apache.ratis.util.AwaitForSignal.await(AwaitForSignal.java:65)
        at app//org.apache.ratis.server.impl.StateMachineUpdater.waitForCommit(StateMachineUpdater.java:222)
        at app//org.apache.ratis.server.impl.StateMachineUpdater.run(StateMachineUpdater.java:187)
        at java.base@21.0.8/java.lang.Thread.runWith(Thread.java:1596)
        at java.base@21.0.8/java.lang.Thread.run(Thread.java:1583)
"IPC Server handler 77 on default port 15000" daemon prio=5 tid=198 timed_waiting
java.lang.Thread.State: TIMED_WAITING
        at java.base@21.0.8/jdk.internal.misc.Unsafe.park(Native Method)
        at java.base@21.0.8/java.util.concurrent.locks.LockSupport.parkNanos(LockSupport.java:269)
        at java.base@21.0.8/java.util.concurrent.locks.AbstractQueuedSynchronizer$ConditionObject.awaitNanos(AbstractQueuedSynchronizer.java:1763)
        at java.base@21.0.8/java.util.concurrent.LinkedBlockingQueue.poll(LinkedBlockingQueue.java:460)
        at app//org.apache.hadoop.ipc.CallQueueManager.take(CallQueueManager.java:370)
        at app//org.apache.hadoop.ipc.Server$Handler.run(Server.java:3165)
"om1-KeyDeletingService#2" daemon prio=5 tid=474 in Object.wait()
java.lang.Thread.State: WAITING (on object monitor)
        at java.base@21.0.8/jdk.internal.misc.Unsafe.park(Native Method)
        at java.base@21.0.8/java.util.concurrent.locks.LockSupport.park(LockSupport.java:371)
        at java.base@21.0.8/java.util.concurrent.locks.AbstractQueuedSynchronizer$ConditionNode.block(AbstractQueuedSynchronizer.java:519)
        at java.base@21.0.8/java.util.concurrent.ForkJoinPool.unmanagedBlock(ForkJoinPool.java:3780)
        at java.base@21.0.8/java.util.concurrent.ForkJoinPool.managedBlock(ForkJoinPool.java:3725)
        at java.base@21.0.8/java.util.concurrent.locks.AbstractQueuedSynchronizer$ConditionObject.await(AbstractQueuedSynchronizer.java:1712)
        at java.base@21.0.8/java.util.concurrent.ScheduledThreadPoolExecutor$DelayedWorkQueue.take(ScheduledThreadPoolExecutor.java:1177)
        at java.base@21.0.8/java.util.concurrent.ScheduledThreadPoolExecutor$DelayedWorkQueue.take(ScheduledThreadPoolExecutor.java:899)
        at java.base@21.0.8/java.util.concurrent.ThreadPoolExecutor.getTask(ThreadPoolExecutor.java:1070)
        at java.base@21.0.8/java.util.concurrent.ThreadPoolExecutor.runWorker(ThreadPoolExecutor.java:1130)
        at java.base@21.0.8/java.util.concurrent.ThreadPoolExecutor$Worker.run(ThreadPoolExecutor.java:642)
        at java.base@21.0.8/java.lang.Thread.runWith(Thread.java:1596)
        at java.base@21.0.8/java.lang.Thread.run(Thread.java:1583)
"IPC Server handler 7 on default port 15001" daemon prio=5 tid=228 timed_waiting
java.lang.Thread.State: TIMED_WAITING
        at java.base@21.0.8/jdk.internal.misc.Unsafe.park(Native Method)
        at java.base@21.0.8/java.util.concurrent.locks.LockSupport.parkNanos(LockSupport.java:269)
        at java.base@21.0.8/java.util.concurrent.locks.AbstractQueuedSynchronizer$ConditionObject.awaitNanos(AbstractQueuedSynchronizer.java:1763)
        at java.base@21.0.8/java.util.concurrent.LinkedBlockingQueue.poll(LinkedBlockingQueue.java:460)
        at app//org.apache.hadoop.ipc.CallQueueManager.take(CallQueueManager.java:370)
        at app//org.apache.hadoop.ipc.Server$Handler.run(Server.java:3165)
"IPC Server Responder" daemon prio=5 tid=74 runnable
java.lang.Thread.State: RUNNABLE
        at java.base@21.0.8/sun.nio.ch.EPoll.wait(Native Method)
        at java.base@21.0.8/sun.nio.ch.EPollSelectorImpl.doSelect(EPollSelectorImpl.java:121)
        at java.base@21.0.8/sun.nio.ch.SelectorImpl.lockAndDoSelect(SelectorImpl.java:130)
        at java.base@21.0.8/sun.nio.ch.SelectorImpl.select(SelectorImpl.java:142)
        at app//org.apache.hadoop.ipc.Server$Responder.doRunLoop(Server.java:1733)
        at app//org.apache.hadoop.ipc.Server$Responder.run(Server.java:1716)
"18da7ee6-49f7-45ee-8090-861a49f32d36-DatanodeReportManager-2" daemon prio=5 tid=650 in Object.wait()
java.lang.Thread.State: WAITING (on object monitor)
        at java.base@21.0.8/jdk.internal.misc.Unsafe.park(Native Method)
        at java.base@21.0.8/java.util.concurrent.locks.LockSupport.park(LockSupport.java:371)
        at java.base@21.0.8/java.util.concurrent.locks.AbstractQueuedSynchronizer$ConditionNode.block(AbstractQueuedSynchronizer.java:519)
        at java.base@21.0.8/java.util.concurrent.ForkJoinPool.unmanagedBlock(ForkJoinPool.java:3780)
        at java.base@21.0.8/java.util.concurrent.ForkJoinPool.managedBlock(ForkJoinPool.java:3725)
        at java.base@21.0.8/java.util.concurrent.locks.AbstractQueuedSynchronizer$ConditionObject.await(AbstractQueuedSynchronizer.java:1712)
        at java.base@21.0.8/java.util.concurrent.ScheduledThreadPoolExecutor$DelayedWorkQueue.take(ScheduledThreadPoolExecutor.java:1177)
        at java.base@21.0.8/java.util.concurrent.ScheduledThreadPoolExecutor$DelayedWorkQueue.take(ScheduledThreadPoolExecutor.java:899)
        at java.base@21.0.8/java.util.concurrent.ThreadPoolExecutor.getTask(ThreadPoolExecutor.java:1070)
        at java.base@21.0.8/java.util.concurrent.ThreadPoolExecutor.runWorker(ThreadPoolExecutor.java:1130)
        at java.base@21.0.8/java.util.concurrent.ThreadPoolExecutor$Worker.run(ThreadPoolExecutor.java:642)
        at java.base@21.0.8/java.lang.Thread.runWith(Thread.java:1596)
        at java.base@21.0.8/java.lang.Thread.run(Thread.java:1583)
"Socket Reader #5 for port 15035" daemon prio=5 tid=694 runnable
java.lang.Thread.State: RUNNABLE
        at java.base@21.0.8/sun.nio.ch.EPoll.wait(Native Method)
        at java.base@21.0.8/sun.nio.ch.EPollSelectorImpl.doSelect(EPollSelectorImpl.java:121)
        at java.base@21.0.8/sun.nio.ch.SelectorImpl.lockAndDoSelect(SelectorImpl.java:130)
        at java.base@21.0.8/sun.nio.ch.SelectorImpl.select(SelectorImpl.java:147)
        at app//org.apache.hadoop.ipc.Server$Listener$Reader.doRunLoop(Server.java:1497)
        at app//org.apache.hadoop.ipc.Server$Listener$Reader.run(Server.java:1476)
"IPC Server handler 8 on default port 15043" daemon prio=5 tid=788 timed_waiting
java.lang.Thread.State: TIMED_WAITING
        at java.base@21.0.8/jdk.internal.misc.Unsafe.park(Native Method)
        at java.base@21.0.8/java.util.concurrent.locks.LockSupport.parkNanos(LockSupport.java:269)
        at java.base@21.0.8/java.util.concurrent.locks.AbstractQueuedSynchronizer$ConditionObject.awaitNanos(AbstractQueuedSynchronizer.java:1763)
        at java.base@21.0.8/java.util.concurrent.LinkedBlockingQueue.poll(LinkedBlockingQueue.java:460)
        at app//org.apache.hadoop.ipc.CallQueueManager.take(CallQueueManager.java:370)
        at app//org.apache.hadoop.ipc.Server$Handler.run(Server.java:3165)
"main"  prio=5 tid=1 in Object.wait()
java.lang.Thread.State: WAITING (on object monitor)
        at java.base@21.0.8/jdk.internal.misc.Unsafe.park(Native Method)
        at java.base@21.0.8/java.util.concurrent.locks.LockSupport.park(LockSupport.java:371)
        at java.base@21.0.8/java.util.concurrent.ForkJoinTask.awaitDone(ForkJoinTask.java:461)
        at java.base@21.0.8/java.util.concurrent.ForkJoinTask.get(ForkJoinTask.java:991)
        at app//org.junit.platform.engine.support.hierarchical.HierarchicalTestEngine.execute(HierarchicalTestEngine.java:54)
        at app//org.junit.platform.launcher.core.EngineExecutionOrchestrator.executeEngine(EngineExecutionOrchestrator.java:230)
        at app//org.junit.platform.launcher.core.EngineExecutionOrchestrator.failOrExecuteEngine(EngineExecutionOrchestrator.java:204)
        at app//org.junit.platform.launcher.core.EngineExecutionOrchestrator.execute(EngineExecutionOrchestrator.java:172)
        at app//org.junit.platform.launcher.core.EngineExecutionOrchestrator.execute(EngineExecutionOrchestrator.java:101)
        at app//org.junit.platform.launcher.core.EngineExecutionOrchestrator.lambda$execute$0(EngineExecutionOrchestrator.java:64)
        at app//org.junit.platform.launcher.core.EngineExecutionOrchestrator$$Lambda/0x00007fd1ac12eb10.accept(Unknown Source)
        at app//org.junit.platform.launcher.core.EngineExecutionOrchestrator.withInterceptedStreams(EngineExecutionOrchestrator.java:150)
        at app//org.junit.platform.launcher.core.EngineExecutionOrchestrator.execute(EngineExecutionOrchestrator.java:63)
        at app//org.junit.platform.launcher.core.DefaultLauncher.execute(DefaultLauncher.java:109)
        at app//org.junit.platform.launcher.core.DefaultLauncher.execute(DefaultLauncher.java:91)
        at app//org.junit.platform.launcher.core.DelegatingLauncher.execute(DelegatingLauncher.java:47)
        at app//org.junit.platform.launcher.core.InterceptingLauncher.lambda$execute$1(InterceptingLauncher.java:39)
        at app//org.junit.platform.launcher.core.InterceptingLauncher$$Lambda/0x00007fd1ac099470.proceed(Unknown Source)
        at app//org.junit.platform.launcher.core.ClasspathAlignmentCheckingLauncherInterceptor.intercept(ClasspathAlignmentCheckingLauncherInterceptor.java:25)
        at app//org.junit.platform.launcher.core.InterceptingLauncher.execute(InterceptingLauncher.java:38)
        at app//org.junit.platform.launcher.core.DelegatingLauncher.execute(DelegatingLauncher.java:47)
        at app//org.apache.maven.surefire.junitplatform.LazyLauncher.execute(LazyLauncher.java:56)
        at app//org.apache.maven.surefire.junitplatform.JUnitPlatformProvider.execute(JUnitPlatformProvider.java:184)
        at app//org.apache.maven.surefire.junitplatform.JUnitPlatformProvider.invokeAllTests(JUnitPlatformProvider.java:148)
        at app//org.apache.maven.surefire.junitplatform.JUnitPlatformProvider.invoke(JUnitPlatformProvider.java:120)
        at app//org.apache.maven.surefire.booter.ForkedBooter.runSuitesInProcess(ForkedBooter.java:385)
        at app//org.apache.maven.surefire.booter.ForkedBooter.execute(ForkedBooter.java:162)
        at app//org.apache.maven.surefire.booter.ForkedBooter.run(ForkedBooter.java:507)
        at app//org.apache.maven.surefire.booter.ForkedBooter.main(ForkedBooter.java:495)
"Socket Reader #6 for port 15027" daemon prio=5 tid=629 runnable
java.lang.Thread.State: RUNNABLE
        at java.base@21.0.8/sun.nio.ch.EPoll.wait(Native Method)
        at java.base@21.0.8/sun.nio.ch.EPollSelectorImpl.doSelect(EPollSelectorImpl.java:121)
        at java.base@21.0.8/sun.nio.ch.SelectorImpl.lockAndDoSelect(SelectorImpl.java:130)
        at java.base@21.0.8/sun.nio.ch.SelectorImpl.select(SelectorImpl.java:147)
        at app//org.apache.hadoop.ipc.Server$Listener$Reader.doRunLoop(Server.java:1497)
        at app//org.apache.hadoop.ipc.Server$Listener$Reader.run(Server.java:1476)
"FixedThreadPoolWithAffinityExecutor-2-0" daemon prio=5 tid=106 timed_waiting
java.lang.Thread.State: TIMED_WAITING
        at java.base@21.0.8/jdk.internal.misc.Unsafe.park(Native Method)
        at java.base@21.0.8/java.util.concurrent.locks.LockSupport.parkNanos(LockSupport.java:269)
        at java.base@21.0.8/java.util.concurrent.locks.AbstractQueuedSynchronizer$ConditionObject.awaitNanos(AbstractQueuedSynchronizer.java:1763)
        at java.base@21.0.8/java.util.concurrent.LinkedBlockingQueue.poll(LinkedBlockingQueue.java:460)
        at app//org.apache.hadoop.hdds.scm.server.ContainerReportQueue.poll(ContainerReportQueue.java:269)
        at app//org.apache.hadoop.hdds.scm.server.ContainerReportQueue.poll(ContainerReportQueue.java:42)
        at app//org.apache.hadoop.hdds.server.events.FixedThreadPoolWithAffinityExecutor$ContainerReportProcessTask.run(FixedThreadPoolWithAffinityExecutor.java:228)
        at java.base@21.0.8/java.util.concurrent.Executors$RunnableAdapter.call(Executors.java:572)
        at java.base@21.0.8/java.util.concurrent.FutureTask.run(FutureTask.java:317)
        at java.base@21.0.8/java.util.concurrent.ThreadPoolExecutor.runWorker(ThreadPoolExecutor.java:1144)
        at java.base@21.0.8/java.util.concurrent.ThreadPoolExecutor$Worker.run(ThreadPoolExecutor.java:642)
        at java.base@21.0.8/java.lang.Thread.runWith(Thread.java:1596)
        at java.base@21.0.8/java.lang.Thread.run(Thread.java:1583)
"IPC Server handler 28 on default port 15001" daemon prio=5 tid=249 timed_waiting
java.lang.Thread.State: TIMED_WAITING
        at java.base@21.0.8/jdk.internal.misc.Unsafe.park(Native Method)
        at java.base@21.0.8/java.util.concurrent.locks.LockSupport.parkNanos(LockSupport.java:269)
        at java.base@21.0.8/java.util.concurrent.locks.AbstractQueuedSynchronizer$ConditionObject.awaitNanos(AbstractQueuedSynchronizer.java:1763)
        at java.base@21.0.8/java.util.concurrent.LinkedBlockingQueue.poll(LinkedBlockingQueue.java:460)
        at app//org.apache.hadoop.ipc.CallQueueManager.take(CallQueueManager.java:370)
        at app//org.apache.hadoop.ipc.Server$Handler.run(Server.java:3165)
"SnapshotCacheCleanupService" daemon prio=5 tid=443 timed_waiting
java.lang.Thread.State: TIMED_WAITING
        at java.base@21.0.8/jdk.internal.misc.Unsafe.park(Native Method)
        at java.base@21.0.8/java.util.concurrent.locks.LockSupport.parkNanos(LockSupport.java:269)
        at java.base@21.0.8/java.util.concurrent.locks.AbstractQueuedSynchronizer$ConditionObject.awaitNanos(AbstractQueuedSynchronizer.java:1763)
        at java.base@21.0.8/java.util.concurrent.ScheduledThreadPoolExecutor$DelayedWorkQueue.take(ScheduledThreadPoolExecutor.java:1182)
        at java.base@21.0.8/java.util.concurrent.ScheduledThreadPoolExecutor$DelayedWorkQueue.take(ScheduledThreadPoolExecutor.java:899)
        at java.base@21.0.8/java.util.concurrent.ThreadPoolExecutor.getTask(ThreadPoolExecutor.java:1070)
        at java.base@21.0.8/java.util.concurrent.ThreadPoolExecutor.runWorker(ThreadPoolExecutor.java:1130)
        at java.base@21.0.8/java.util.concurrent.ThreadPoolExecutor$Worker.run(ThreadPoolExecutor.java:642)
        at java.base@21.0.8/java.lang.Thread.runWith(Thread.java:1596)
        at java.base@21.0.8/java.lang.Thread.run(Thread.java:1583)
"IPC Server handler 26 on default port 15002" daemon prio=5 tid=365 timed_waiting
java.lang.Thread.State: TIMED_WAITING
        at java.base@21.0.8/jdk.internal.misc.Unsafe.park(Native Method)
        at java.base@21.0.8/java.util.concurrent.locks.LockSupport.parkNanos(LockSupport.java:269)
        at java.base@21.0.8/java.util.concurrent.locks.AbstractQueuedSynchronizer$ConditionObject.awaitNanos(AbstractQueuedSynchronizer.java:1763)
        at java.base@21.0.8/java.util.concurrent.LinkedBlockingQueue.poll(LinkedBlockingQueue.java:460)
        at app//org.apache.hadoop.ipc.CallQueueManager.take(CallQueueManager.java:370)
        at app//org.apache.hadoop.ipc.Server$Handler.run(Server.java:3165)
"grpc-default-worker-ELG-3-3" daemon prio=5 tid=871 runnable
java.lang.Thread.State: RUNNABLE
        at app//org.apache.ratis.thirdparty.io.netty.channel.epoll.Native.epollWait0(Native Method)
        at app//org.apache.ratis.thirdparty.io.netty.channel.epoll.Native.epollWait(Native.java:193)
        at app//org.apache.ratis.thirdparty.io.netty.channel.epoll.EpollEventLoop.epollWait(EpollEventLoop.java:304)
        at app//org.apache.ratis.thirdparty.io.netty.channel.epoll.EpollEventLoop.run(EpollEventLoop.java:368)
        at app//org.apache.ratis.thirdparty.io.netty.util.concurrent.SingleThreadEventExecutor$4.run(SingleThreadEventExecutor.java:998)
        at app//org.apache.ratis.thirdparty.io.netty.util.internal.ThreadExecutorMap$2.run(ThreadExecutorMap.java:74)
        at app//org.apache.ratis.thirdparty.io.netty.util.concurrent.FastThreadLocalRunnable.run(FastThreadLocalRunnable.java:30)
        at java.base@21.0.8/java.lang.Thread.runWith(Thread.java:1596)
        at java.base@21.0.8/java.lang.Thread.run(Thread.java:1583)
"IPC Server listener on 15001" daemon prio=5 tid=76 runnable
java.lang.Thread.State: RUNNABLE
        at java.base@21.0.8/sun.nio.ch.EPoll.wait(Native Method)
        at java.base@21.0.8/sun.nio.ch.EPollSelectorImpl.doSelect(EPollSelectorImpl.java:121)
        at java.base@21.0.8/sun.nio.ch.SelectorImpl.lockAndDoSelect(SelectorImpl.java:130)
        at java.base@21.0.8/sun.nio.ch.SelectorImpl.select(SelectorImpl.java:147)
        at app//org.apache.hadoop.ipc.Server$Listener.run(Server.java:1559)
"IPC Server handler 78 on default port 15001" daemon prio=5 tid=299 timed_waiting
java.lang.Thread.State: TIMED_WAITING
        at java.base@21.0.8/jdk.internal.misc.Unsafe.park(Native Method)
        at java.base@21.0.8/java.util.concurrent.locks.LockSupport.parkNanos(LockSupport.java:269)
        at java.base@21.0.8/java.util.concurrent.locks.AbstractQueuedSynchronizer$ConditionObject.awaitNanos(AbstractQueuedSynchronizer.java:1763)
        at java.base@21.0.8/java.util.concurrent.LinkedBlockingQueue.poll(LinkedBlockingQueue.java:460)
        at app//org.apache.hadoop.ipc.CallQueueManager.take(CallQueueManager.java:370)
        at app//org.apache.hadoop.ipc.Server$Handler.run(Server.java:3165)
"IPC Server handler 82 on default port 15002" daemon prio=5 tid=421 timed_waiting
java.lang.Thread.State: TIMED_WAITING
        at java.base@21.0.8/jdk.internal.misc.Unsafe.park(Native Method)
        at java.base@21.0.8/java.util.concurrent.locks.LockSupport.parkNanos(LockSupport.java:269)
        at java.base@21.0.8/java.util.concurrent.locks.AbstractQueuedSynchronizer$ConditionObject.awaitNanos(AbstractQueuedSynchronizer.java:1763)
        at java.base@21.0.8/java.util.concurrent.LinkedBlockingQueue.poll(LinkedBlockingQueue.java:460)
        at app//org.apache.hadoop.ipc.CallQueueManager.take(CallQueueManager.java:370)
        at app//org.apache.hadoop.ipc.Server$Handler.run(Server.java:3165)
"IPC Server handler 0 on default port 15001" daemon prio=5 tid=221 timed_waiting
java.lang.Thread.State: TIMED_WAITING
        at java.base@21.0.8/jdk.internal.misc.Unsafe.park(Native Method)
        at java.base@21.0.8/java.util.concurrent.locks.LockSupport.parkNanos(LockSupport.java:269)
        at java.base@21.0.8/java.util.concurrent.locks.AbstractQueuedSynchronizer$ConditionObject.awaitNanos(AbstractQueuedSynchronizer.java:1763)
        at java.base@21.0.8/java.util.concurrent.LinkedBlockingQueue.poll(LinkedBlockingQueue.java:460)
        at app//org.apache.hadoop.ipc.CallQueueManager.take(CallQueueManager.java:370)
        at app//org.apache.hadoop.ipc.Server$Handler.run(Server.java:3165)
"IPC Server handler 6 on default port 15002" daemon prio=5 tid=345 timed_waiting
java.lang.Thread.State: TIMED_WAITING
        at java.base@21.0.8/jdk.internal.misc.Unsafe.park(Native Method)
        at java.base@21.0.8/java.util.concurrent.locks.LockSupport.parkNanos(LockSupport.java:269)
        at java.base@21.0.8/java.util.concurrent.locks.AbstractQueuedSynchronizer$ConditionObject.awaitNanos(AbstractQueuedSynchronizer.java:1763)
        at java.base@21.0.8/java.util.concurrent.LinkedBlockingQueue.poll(LinkedBlockingQueue.java:460)
        at app//org.apache.hadoop.ipc.CallQueueManager.take(CallQueueManager.java:370)
        at app//org.apache.hadoop.ipc.Server$Handler.run(Server.java:3165)
"surefire-forkedjvm-stream-flusher" daemon prio=5 tid=23 timed_waiting
java.lang.Thread.State: TIMED_WAITING
        at java.base@21.0.8/jdk.internal.misc.Unsafe.park(Native Method)
        at java.base@21.0.8/java.util.concurrent.locks.LockSupport.parkNanos(LockSupport.java:269)
        at java.base@21.0.8/java.util.concurrent.locks.AbstractQueuedSynchronizer$ConditionObject.awaitNanos(AbstractQueuedSynchronizer.java:1763)
        at java.base@21.0.8/java.util.concurrent.ScheduledThreadPoolExecutor$DelayedWorkQueue.take(ScheduledThreadPoolExecutor.java:1182)
        at java.base@21.0.8/java.util.concurrent.ScheduledThreadPoolExecutor$DelayedWorkQueue.take(ScheduledThreadPoolExecutor.java:899)
        at java.base@21.0.8/java.util.concurrent.ThreadPoolExecutor.getTask(ThreadPoolExecutor.java:1070)
        at java.base@21.0.8/java.util.concurrent.ThreadPoolExecutor.runWorker(ThreadPoolExecutor.java:1130)
        at java.base@21.0.8/java.util.concurrent.ThreadPoolExecutor$Worker.run(ThreadPoolExecutor.java:642)
        at java.base@21.0.8/java.lang.Thread.runWith(Thread.java:1596)
        at java.base@21.0.8/java.lang.Thread.run(Thread.java:1583)
"18da7ee6-49f7-45ee-8090-861a49f32d36-groupManagement" daemon prio=5 tid=884 in Object.wait()
java.lang.Thread.State: WAITING (on object monitor)
        at java.base@21.0.8/jdk.internal.misc.Unsafe.park(Native Method)
        at java.base@21.0.8/java.util.concurrent.locks.LockSupport.park(LockSupport.java:371)
        at java.base@21.0.8/java.util.concurrent.locks.AbstractQueuedSynchronizer$ConditionNode.block(AbstractQueuedSynchronizer.java:519)
        at java.base@21.0.8/java.util.concurrent.ForkJoinPool.unmanagedBlock(ForkJoinPool.java:3780)
        at java.base@21.0.8/java.util.concurrent.ForkJoinPool.managedBlock(ForkJoinPool.java:3725)
        at java.base@21.0.8/java.util.concurrent.locks.AbstractQueuedSynchronizer$ConditionObject.await(AbstractQueuedSynchronizer.java:1712)
        at java.base@21.0.8/java.util.concurrent.LinkedBlockingQueue.take(LinkedBlockingQueue.java:435)
        at java.base@21.0.8/java.util.concurrent.ThreadPoolExecutor.getTask(ThreadPoolExecutor.java:1070)
        at java.base@21.0.8/java.util.concurrent.ThreadPoolExecutor.runWorker(ThreadPoolExecutor.java:1130)
        at java.base@21.0.8/java.util.concurrent.ThreadPoolExecutor$Worker.run(ThreadPoolExecutor.java:642)
        at java.base@21.0.8/java.lang.Thread.runWith(Thread.java:1596)
        at java.base@21.0.8/java.lang.Thread.run(Thread.java:1583)
"IPC Server handler 52 on default port 15001" daemon prio=5 tid=273 timed_waiting
java.lang.Thread.State: TIMED_WAITING
        at java.base@21.0.8/jdk.internal.misc.Unsafe.park(Native Method)
        at java.base@21.0.8/java.util.concurrent.locks.LockSupport.parkNanos(LockSupport.java:269)
        at java.base@21.0.8/java.util.concurrent.locks.AbstractQueuedSynchronizer$ConditionObject.awaitNanos(AbstractQueuedSynchronizer.java:1763)
        at java.base@21.0.8/java.util.concurrent.LinkedBlockingQueue.poll(LinkedBlockingQueue.java:460)
        at app//org.apache.hadoop.ipc.CallQueueManager.take(CallQueueManager.java:370)
        at app//org.apache.hadoop.ipc.Server$Handler.run(Server.java:3165)
"IPC Server handler 98 on default port 15001" daemon prio=5 tid=319 timed_waiting
java.lang.Thread.State: TIMED_WAITING
        at java.base@21.0.8/jdk.internal.misc.Unsafe.park(Native Method)
        at java.base@21.0.8/java.util.concurrent.locks.LockSupport.parkNanos(LockSupport.java:269)
        at java.base@21.0.8/java.util.concurrent.locks.AbstractQueuedSynchronizer$ConditionObject.awaitNanos(AbstractQueuedSynchronizer.java:1763)
        at java.base@21.0.8/java.util.concurrent.LinkedBlockingQueue.poll(LinkedBlockingQueue.java:460)
        at app//org.apache.hadoop.ipc.CallQueueManager.take(CallQueueManager.java:370)
        at app//org.apache.hadoop.ipc.Server$Handler.run(Server.java:3165)
"om1-groupManagement" daemon prio=5 tid=448 in Object.wait()
java.lang.Thread.State: WAITING (on object monitor)
        at java.base@21.0.8/jdk.internal.misc.Unsafe.park(Native Method)
        at java.base@21.0.8/java.util.concurrent.locks.LockSupport.park(LockSupport.java:371)
        at java.base@21.0.8/java.util.concurrent.locks.AbstractQueuedSynchronizer$ConditionNode.block(AbstractQueuedSynchronizer.java:519)
        at java.base@21.0.8/java.util.concurrent.ForkJoinPool.unmanagedBlock(ForkJoinPool.java:3780)
        at java.base@21.0.8/java.util.concurrent.ForkJoinPool.managedBlock(ForkJoinPool.java:3725)
        at java.base@21.0.8/java.util.concurrent.locks.AbstractQueuedSynchronizer$ConditionObject.await(AbstractQueuedSynchronizer.java:1712)
        at java.base@21.0.8/java.util.concurrent.LinkedBlockingQueue.take(LinkedBlockingQueue.java:435)
        at java.base@21.0.8/java.util.concurrent.ThreadPoolExecutor.getTask(ThreadPoolExecutor.java:1070)
        at java.base@21.0.8/java.util.concurrent.ThreadPoolExecutor.runWorker(ThreadPoolExecutor.java:1130)
        at java.base@21.0.8/java.util.concurrent.ThreadPoolExecutor$Worker.run(ThreadPoolExecutor.java:642)
        at java.base@21.0.8/java.lang.Thread.runWith(Thread.java:1596)
        at java.base@21.0.8/java.lang.Thread.run(Thread.java:1583)
"qtp887238034-664-acceptor-0@5bf32d8d-ServerConnector@3ff728e6{HTTP/1.1, (http/1.1)}{0.0.0.0:15034}" daemon prio=3 tid=664 runnable
java.lang.Thread.State: RUNNABLE
        at java.base@21.0.8/sun.nio.ch.Net.accept(Native Method)
        at java.base@21.0.8/sun.nio.ch.ServerSocketChannelImpl.implAccept(ServerSocketChannelImpl.java:433)
        at java.base@21.0.8/sun.nio.ch.ServerSocketChannelImpl.accept(ServerSocketChannelImpl.java:399)
        at app//org.eclipse.jetty.server.ServerConnector.accept(ServerConnector.java:388)
        at app//org.eclipse.jetty.server.AbstractConnector$Acceptor.run(AbstractConnector.java:704)
        at app//org.eclipse.jetty.util.thread.QueuedThreadPool.runJob(QueuedThreadPool.java:883)
        at app//org.eclipse.jetty.util.thread.QueuedThreadPool$Runner.run(QueuedThreadPool.java:1034)
        at java.base@21.0.8/java.lang.Thread.runWith(Thread.java:1596)
        at java.base@21.0.8/java.lang.Thread.run(Thread.java:1583)
"timer6" daemon prio=5 tid=1029 timed_waiting
java.lang.Thread.State: TIMED_WAITING
        at java.base@21.0.8/java.lang.Object.wait0(Native Method)
        at java.base@21.0.8/java.lang.Object.wait(Object.java:366)
        at java.base@21.0.8/java.util.TimerThread.mainLoop(Timer.java:563)
        at java.base@21.0.8/java.util.TimerThread.run(Timer.java:516)
"Signal Dispatcher" daemon prio=9 tid=11 runnable
java.lang.Thread.State: RUNNABLE
"IPC Server handler 9 on default port 15001" daemon prio=5 tid=230 timed_waiting
java.lang.Thread.State: TIMED_WAITING
        at java.base@21.0.8/jdk.internal.misc.Unsafe.park(Native Method)
        at java.base@21.0.8/java.util.concurrent.locks.LockSupport.parkNanos(LockSupport.java:269)
        at java.base@21.0.8/java.util.concurrent.locks.AbstractQueuedSynchronizer$ConditionObject.awaitNanos(AbstractQueuedSynchronizer.java:1763)
        at java.base@21.0.8/java.util.concurrent.LinkedBlockingQueue.poll(LinkedBlockingQueue.java:460)
        at app//org.apache.hadoop.ipc.CallQueueManager.take(CallQueueManager.java:370)
        at app//org.apache.hadoop.ipc.Server$Handler.run(Server.java:3165)
"IPC Server handler 17 on default port 15001" daemon prio=5 tid=238 timed_waiting
java.lang.Thread.State: TIMED_WAITING
        at java.base@21.0.8/jdk.internal.misc.Unsafe.park(Native Method)
        at java.base@21.0.8/java.util.concurrent.locks.LockSupport.parkNanos(LockSupport.java:269)
        at java.base@21.0.8/java.util.concurrent.locks.AbstractQueuedSynchronizer$ConditionObject.awaitNanos(AbstractQueuedSynchronizer.java:1763)
        at java.base@21.0.8/java.util.concurrent.LinkedBlockingQueue.poll(LinkedBlockingQueue.java:460)
        at app//org.apache.hadoop.ipc.CallQueueManager.take(CallQueueManager.java:370)
        at app//org.apache.hadoop.ipc.Server$Handler.run(Server.java:3165)
"IPC Server handler 33 on default port 15000" daemon prio=5 tid=154 timed_waiting
java.lang.Thread.State: TIMED_WAITING
        at java.base@21.0.8/jdk.internal.misc.Unsafe.park(Native Method)
        at java.base@21.0.8/java.util.concurrent.locks.LockSupport.parkNanos(LockSupport.java:269)
        at java.base@21.0.8/java.util.concurrent.locks.AbstractQueuedSynchronizer$ConditionObject.awaitNanos(AbstractQueuedSynchronizer.java:1763)
        at java.base@21.0.8/java.util.concurrent.LinkedBlockingQueue.poll(LinkedBlockingQueue.java:460)
        at app//org.apache.hadoop.ipc.CallQueueManager.take(CallQueueManager.java:370)
        at app//org.apache.hadoop.ipc.Server$Handler.run(Server.java:3165)
"IPC Server handler 89 on default port 15000" daemon prio=5 tid=210 timed_waiting
java.lang.Thread.State: TIMED_WAITING
        at java.base@21.0.8/jdk.internal.misc.Unsafe.park(Native Method)
        at java.base@21.0.8/java.util.concurrent.locks.LockSupport.parkNanos(LockSupport.java:269)
        at java.base@21.0.8/java.util.concurrent.locks.AbstractQueuedSynchronizer$ConditionObject.awaitNanos(AbstractQueuedSynchronizer.java:1763)
        at java.base@21.0.8/java.util.concurrent.LinkedBlockingQueue.poll(LinkedBlockingQueue.java:460)
        at app//org.apache.hadoop.ipc.CallQueueManager.take(CallQueueManager.java:370)
        at app//org.apache.hadoop.ipc.Server$Handler.run(Server.java:3165)
"IPC Server handler 42 on default port 15001" daemon prio=5 tid=263 timed_waiting
java.lang.Thread.State: TIMED_WAITING
        at java.base@21.0.8/jdk.internal.misc.Unsafe.park(Native Method)
        at java.base@21.0.8/java.util.concurrent.locks.LockSupport.parkNanos(LockSupport.java:269)
        at java.base@21.0.8/java.util.concurrent.locks.AbstractQueuedSynchronizer$ConditionObject.awaitNanos(AbstractQueuedSynchronizer.java:1763)
        at java.base@21.0.8/java.util.concurrent.LinkedBlockingQueue.poll(LinkedBlockingQueue.java:460)
        at app//org.apache.hadoop.ipc.CallQueueManager.take(CallQueueManager.java:370)
        at app//org.apache.hadoop.ipc.Server$Handler.run(Server.java:3165)
"IPC Server handler 8 on default port 15006" daemon prio=5 tid=500 timed_waiting
java.lang.Thread.State: TIMED_WAITING
        at java.base@21.0.8/jdk.internal.misc.Unsafe.park(Native Method)
        at java.base@21.0.8/java.util.concurrent.locks.LockSupport.parkNanos(LockSupport.java:269)
        at java.base@21.0.8/java.util.concurrent.locks.AbstractQueuedSynchronizer$ConditionObject.awaitNanos(AbstractQueuedSynchronizer.java:1763)
        at java.base@21.0.8/java.util.concurrent.LinkedBlockingQueue.poll(LinkedBlockingQueue.java:460)
        at app//org.apache.hadoop.ipc.CallQueueManager.take(CallQueueManager.java:370)
        at app//org.apache.hadoop.ipc.Server$Handler.run(Server.java:3165)
"Reference Handler" daemon prio=10 tid=9 runnable
java.lang.Thread.State: RUNNABLE
        at java.base@21.0.8/java.lang.ref.Reference.waitForReferencePendingList(Native Method)
        at java.base@21.0.8/java.lang.ref.Reference.processPendingReferences(Reference.java:246)
        at java.base@21.0.8/java.lang.ref.Reference$ReferenceHandler.run(Reference.java:208)
"IPC Server Responder" daemon prio=5 tid=102 runnable
java.lang.Thread.State: RUNNABLE
        at java.base@21.0.8/sun.nio.ch.EPoll.wait(Native Method)
        at java.base@21.0.8/sun.nio.ch.EPollSelectorImpl.doSelect(EPollSelectorImpl.java:121)
        at java.base@21.0.8/sun.nio.ch.SelectorImpl.lockAndDoSelect(SelectorImpl.java:130)
        at java.base@21.0.8/sun.nio.ch.SelectorImpl.select(SelectorImpl.java:142)
        at app//org.apache.hadoop.ipc.Server$Responder.doRunLoop(Server.java:1733)
        at app//org.apache.hadoop.ipc.Server$Responder.run(Server.java:1716)
"83932d67-4fdc-4fe4-8fe1-3df6c3f1844a@group-844398C9211A-LeaderStateImpl" daemon prio=5 tid=984 timed_waiting
java.lang.Thread.State: TIMED_WAITING
        at java.base@21.0.8/jdk.internal.misc.Unsafe.park(Native Method)
        at java.base@21.0.8/java.util.concurrent.locks.LockSupport.parkNanos(LockSupport.java:269)
        at java.base@21.0.8/java.util.concurrent.locks.AbstractQueuedSynchronizer$ConditionObject.awaitNanos(AbstractQueuedSynchronizer.java:1763)
        at java.base@21.0.8/java.util.concurrent.ArrayBlockingQueue.poll(ArrayBlockingQueue.java:435)
        at app//org.apache.ratis.server.impl.LeaderStateImpl$EventQueue.poll(LeaderStateImpl.java:168)
        at app//org.apache.ratis.server.impl.LeaderStateImpl$EventProcessor.run(LeaderStateImpl.java:761)
"IPC Server handler 95 on default port 15001" daemon prio=5 tid=316 timed_waiting
java.lang.Thread.State: TIMED_WAITING
        at java.base@21.0.8/jdk.internal.misc.Unsafe.park(Native Method)
        at java.base@21.0.8/java.util.concurrent.locks.LockSupport.parkNanos(LockSupport.java:269)
        at java.base@21.0.8/java.util.concurrent.locks.AbstractQueuedSynchronizer$ConditionObject.awaitNanos(AbstractQueuedSynchronizer.java:1763)
        at java.base@21.0.8/java.util.concurrent.LinkedBlockingQueue.poll(LinkedBlockingQueue.java:460)
        at app//org.apache.hadoop.ipc.CallQueueManager.take(CallQueueManager.java:370)
        at app//org.apache.hadoop.ipc.Server$Handler.run(Server.java:3165)
"IPC Server idle connection scanner for port 15027" daemon prio=5 tid=634 timed_waiting
java.lang.Thread.State: TIMED_WAITING
        at java.base@21.0.8/java.lang.Object.wait0(Native Method)
        at java.base@21.0.8/java.lang.Object.wait(Object.java:366)
        at java.base@21.0.8/java.util.TimerThread.mainLoop(Timer.java:563)
        at java.base@21.0.8/java.util.TimerThread.run(Timer.java:516)
"IPC Server handler 93 on default port 15000" daemon prio=5 tid=214 timed_waiting
java.lang.Thread.State: TIMED_WAITING
        at java.base@21.0.8/jdk.internal.misc.Unsafe.park(Native Method)
        at java.base@21.0.8/java.util.concurrent.locks.LockSupport.parkNanos(LockSupport.java:269)
        at java.base@21.0.8/java.util.concurrent.locks.AbstractQueuedSynchronizer$ConditionObject.awaitNanos(AbstractQueuedSynchronizer.java:1763)
        at java.base@21.0.8/java.util.concurrent.LinkedBlockingQueue.poll(LinkedBlockingQueue.java:460)
        at app//org.apache.hadoop.ipc.CallQueueManager.take(CallQueueManager.java:370)
        at app//org.apache.hadoop.ipc.Server$Handler.run(Server.java:3165)
"IPC Server handler 63 on default port 15001" daemon prio=5 tid=284 timed_waiting
java.lang.Thread.State: TIMED_WAITING
        at java.base@21.0.8/jdk.internal.misc.Unsafe.park(Native Method)
        at java.base@21.0.8/java.util.concurrent.locks.LockSupport.parkNanos(LockSupport.java:269)
        at java.base@21.0.8/java.util.concurrent.locks.AbstractQueuedSynchronizer$ConditionObject.awaitNanos(AbstractQueuedSynchronizer.java:1763)
        at java.base@21.0.8/java.util.concurrent.LinkedBlockingQueue.poll(LinkedBlockingQueue.java:460)
        at app//org.apache.hadoop.ipc.CallQueueManager.take(CallQueueManager.java:370)
        at app//org.apache.hadoop.ipc.Server$Handler.run(Server.java:3165)
"IPC Server handler 79 on default port 15001" daemon prio=5 tid=300 timed_waiting
java.lang.Thread.State: TIMED_WAITING
        at java.base@21.0.8/jdk.internal.misc.Unsafe.park(Native Method)
        at java.base@21.0.8/java.util.concurrent.locks.LockSupport.parkNanos(LockSupport.java:269)
        at java.base@21.0.8/java.util.concurrent.locks.AbstractQueuedSynchronizer$ConditionObject.awaitNanos(AbstractQueuedSynchronizer.java:1763)
        at java.base@21.0.8/java.util.concurrent.LinkedBlockingQueue.poll(LinkedBlockingQueue.java:460)
        at app//org.apache.hadoop.ipc.CallQueueManager.take(CallQueueManager.java:370)
        at app//org.apache.hadoop.ipc.Server$Handler.run(Server.java:3165)
"IPC Server Responder" daemon prio=5 tid=88 runnable
java.lang.Thread.State: RUNNABLE
        at java.base@21.0.8/sun.nio.ch.EPoll.wait(Native Method)
        at java.base@21.0.8/sun.nio.ch.EPollSelectorImpl.doSelect(EPollSelectorImpl.java:121)
        at java.base@21.0.8/sun.nio.ch.SelectorImpl.lockAndDoSelect(SelectorImpl.java:130)
        at java.base@21.0.8/sun.nio.ch.SelectorImpl.select(SelectorImpl.java:142)
        at app//org.apache.hadoop.ipc.Server$Responder.doRunLoop(Server.java:1733)
        at app//org.apache.hadoop.ipc.Server$Responder.run(Server.java:1716)
"IPC Server handler 91 on default port 15001" daemon prio=5 tid=312 timed_waiting
java.lang.Thread.State: TIMED_WAITING
        at java.base@21.0.8/jdk.internal.misc.Unsafe.park(Native Method)
        at java.base@21.0.8/java.util.concurrent.locks.LockSupport.parkNanos(LockSupport.java:269)
        at java.base@21.0.8/java.util.concurrent.locks.AbstractQueuedSynchronizer$ConditionObject.awaitNanos(AbstractQueuedSynchronizer.java:1763)
        at java.base@21.0.8/java.util.concurrent.LinkedBlockingQueue.poll(LinkedBlockingQueue.java:460)
        at app//org.apache.hadoop.ipc.CallQueueManager.take(CallQueueManager.java:370)
        at app//org.apache.hadoop.ipc.Server$Handler.run(Server.java:3165)
"IPC Server handler 44 on default port 15002" daemon prio=5 tid=383 timed_waiting
java.lang.Thread.State: TIMED_WAITING
        at java.base@21.0.8/jdk.internal.misc.Unsafe.park(Native Method)
        at java.base@21.0.8/java.util.concurrent.locks.LockSupport.parkNanos(LockSupport.java:269)
        at java.base@21.0.8/java.util.concurrent.locks.AbstractQueuedSynchronizer$ConditionObject.awaitNanos(AbstractQueuedSynchronizer.java:1763)
        at java.base@21.0.8/java.util.concurrent.LinkedBlockingQueue.poll(LinkedBlockingQueue.java:460)
        at app//org.apache.hadoop.ipc.CallQueueManager.take(CallQueueManager.java:370)
        at app//org.apache.hadoop.ipc.Server$Handler.run(Server.java:3165)
"d3e19d45-0b2b-4921-9b28-39a5e9747ac8-DatanodeStateMachineDaemonThread" daemon prio=10 tid=790 timed_waiting
java.lang.Thread.State: TIMED_WAITING
        at java.base@21.0.8/java.lang.Thread.sleep0(Native Method)
        at java.base@21.0.8/java.lang.Thread.sleep(Thread.java:509)
        at app//org.apache.hadoop.ozone.container.common.statemachine.DatanodeStateMachine.startStateMachineThread(DatanodeStateMachine.java:384)
        at app//org.apache.hadoop.ozone.container.common.statemachine.DatanodeStateMachine.lambda$startDaemon$1(DatanodeStateMachine.java:571)
        at app//org.apache.hadoop.ozone.container.common.statemachine.DatanodeStateMachine$$Lambda/0x00007fd1ac883180.run(Unknown Source)
        at java.base@21.0.8/java.lang.Thread.runWith(Thread.java:1596)
        at java.base@21.0.8/java.lang.Thread.run(Thread.java:1583)
"IPC Server handler 20 on default port 15001" daemon prio=5 tid=241 timed_waiting
java.lang.Thread.State: TIMED_WAITING
        at java.base@21.0.8/jdk.internal.misc.Unsafe.park(Native Method)
        at java.base@21.0.8/java.util.concurrent.locks.LockSupport.parkNanos(LockSupport.java:269)
        at java.base@21.0.8/java.util.concurrent.locks.AbstractQueuedSynchronizer$ConditionObject.awaitNanos(AbstractQueuedSynchronizer.java:1763)
        at java.base@21.0.8/java.util.concurrent.LinkedBlockingQueue.poll(LinkedBlockingQueue.java:460)
        at app//org.apache.hadoop.ipc.CallQueueManager.take(CallQueueManager.java:370)
        at app//org.apache.hadoop.ipc.Server$Handler.run(Server.java:3165)
"IPC Server handler 7 on default port 15002" daemon prio=5 tid=346 timed_waiting
java.lang.Thread.State: TIMED_WAITING
        at java.base@21.0.8/jdk.internal.misc.Unsafe.park(Native Method)
        at java.base@21.0.8/java.util.concurrent.locks.LockSupport.parkNanos(LockSupport.java:269)
        at java.base@21.0.8/java.util.concurrent.locks.AbstractQueuedSynchronizer$ConditionObject.awaitNanos(AbstractQueuedSynchronizer.java:1763)
        at java.base@21.0.8/java.util.concurrent.LinkedBlockingQueue.poll(LinkedBlockingQueue.java:460)
        at app//org.apache.hadoop.ipc.CallQueueManager.take(CallQueueManager.java:370)
        at app//org.apache.hadoop.ipc.Server$Handler.run(Server.java:3165)
"IPC Server handler 22 on default port 15000" daemon prio=5 tid=143 timed_waiting
java.lang.Thread.State: TIMED_WAITING
        at java.base@21.0.8/jdk.internal.misc.Unsafe.park(Native Method)
        at java.base@21.0.8/java.util.concurrent.locks.LockSupport.parkNanos(LockSupport.java:269)
        at java.base@21.0.8/java.util.concurrent.locks.AbstractQueuedSynchronizer$ConditionObject.awaitNanos(AbstractQueuedSynchronizer.java:1763)
        at java.base@21.0.8/java.util.concurrent.LinkedBlockingQueue.poll(LinkedBlockingQueue.java:460)
        at app//org.apache.hadoop.ipc.CallQueueManager.take(CallQueueManager.java:370)
        at app//org.apache.hadoop.ipc.Server$Handler.run(Server.java:3165)
"IPC Server handler 9 on default port 15035" daemon prio=5 tid=714 timed_waiting
java.lang.Thread.State: TIMED_WAITING
        at java.base@21.0.8/jdk.internal.misc.Unsafe.park(Native Method)
        at java.base@21.0.8/java.util.concurrent.locks.LockSupport.parkNanos(LockSupport.java:269)
        at java.base@21.0.8/java.util.concurrent.locks.AbstractQueuedSynchronizer$ConditionObject.awaitNanos(AbstractQueuedSynchronizer.java:1763)
        at java.base@21.0.8/java.util.concurrent.LinkedBlockingQueue.poll(LinkedBlockingQueue.java:460)
        at app//org.apache.hadoop.ipc.CallQueueManager.take(CallQueueManager.java:370)
        at app//org.apache.hadoop.ipc.Server$Handler.run(Server.java:3165)
"FixedThreadPoolWithAffinityExecutor-3-0" daemon prio=5 tid=107 timed_waiting
java.lang.Thread.State: TIMED_WAITING
        at java.base@21.0.8/jdk.internal.misc.Unsafe.park(Native Method)
        at java.base@21.0.8/java.util.concurrent.locks.LockSupport.parkNanos(LockSupport.java:269)
        at java.base@21.0.8/java.util.concurrent.locks.AbstractQueuedSynchronizer$ConditionObject.awaitNanos(AbstractQueuedSynchronizer.java:1763)
        at java.base@21.0.8/java.util.concurrent.LinkedBlockingQueue.poll(LinkedBlockingQueue.java:460)
        at app//org.apache.hadoop.hdds.scm.server.ContainerReportQueue.poll(ContainerReportQueue.java:269)
        at app//org.apache.hadoop.hdds.scm.server.ContainerReportQueue.poll(ContainerReportQueue.java:42)
        at app//org.apache.hadoop.hdds.server.events.FixedThreadPoolWithAffinityExecutor$ContainerReportProcessTask.run(FixedThreadPoolWithAffinityExecutor.java:228)
        at java.base@21.0.8/java.util.concurrent.Executors$RunnableAdapter.call(Executors.java:572)
        at java.base@21.0.8/java.util.concurrent.FutureTask.run(FutureTask.java:317)
        at java.base@21.0.8/java.util.concurrent.ThreadPoolExecutor.runWorker(ThreadPoolExecutor.java:1144)
        at java.base@21.0.8/java.util.concurrent.ThreadPoolExecutor$Worker.run(ThreadPoolExecutor.java:642)
        at java.base@21.0.8/java.lang.Thread.runWith(Thread.java:1596)
        at java.base@21.0.8/java.lang.Thread.run(Thread.java:1583)
"IPC Server handler 88 on default port 15000" daemon prio=5 tid=209 timed_waiting
java.lang.Thread.State: TIMED_WAITING
        at java.base@21.0.8/jdk.internal.misc.Unsafe.park(Native Method)
        at java.base@21.0.8/java.util.concurrent.locks.LockSupport.parkNanos(LockSupport.java:269)
        at java.base@21.0.8/java.util.concurrent.locks.AbstractQueuedSynchronizer$ConditionObject.awaitNanos(AbstractQueuedSynchronizer.java:1763)
        at java.base@21.0.8/java.util.concurrent.LinkedBlockingQueue.poll(LinkedBlockingQueue.java:460)
        at app//org.apache.hadoop.ipc.CallQueueManager.take(CallQueueManager.java:370)
        at app//org.apache.hadoop.ipc.Server$Handler.run(Server.java:3165)
"IPC Server handler 80 on default port 15002" daemon prio=5 tid=419 timed_waiting
java.lang.Thread.State: TIMED_WAITING
        at java.base@21.0.8/jdk.internal.misc.Unsafe.park(Native Method)
        at java.base@21.0.8/java.util.concurrent.locks.LockSupport.parkNanos(LockSupport.java:269)
        at java.base@21.0.8/java.util.concurrent.locks.AbstractQueuedSynchronizer$ConditionObject.awaitNanos(AbstractQueuedSynchronizer.java:1763)
        at java.base@21.0.8/java.util.concurrent.LinkedBlockingQueue.poll(LinkedBlockingQueue.java:460)
        at app//org.apache.hadoop.ipc.CallQueueManager.take(CallQueueManager.java:370)
        at app//org.apache.hadoop.ipc.Server$Handler.run(Server.java:3165)
"IPC Server handler 5 on default port 15002" daemon prio=5 tid=344 timed_waiting
java.lang.Thread.State: TIMED_WAITING
        at java.base@21.0.8/jdk.internal.misc.Unsafe.park(Native Method)
        at java.base@21.0.8/java.util.concurrent.locks.LockSupport.parkNanos(LockSupport.java:269)
        at java.base@21.0.8/java.util.concurrent.locks.AbstractQueuedSynchronizer$ConditionObject.awaitNanos(AbstractQueuedSynchronizer.java:1763)
        at java.base@21.0.8/java.util.concurrent.LinkedBlockingQueue.poll(LinkedBlockingQueue.java:460)
        at app//org.apache.hadoop.ipc.CallQueueManager.take(CallQueueManager.java:370)
        at app//org.apache.hadoop.ipc.Server$Handler.run(Server.java:3165)
"d3e19d45-0b2b-4921-9b28-39a5e9747ac8-DataNodeDiskCheckerThread-0" daemon prio=5 tid=836 timed_waiting
java.lang.Thread.State: TIMED_WAITING
        at java.base@21.0.8/jdk.internal.misc.Unsafe.park(Native Method)
        at java.base@21.0.8/java.util.concurrent.locks.LockSupport.parkNanos(LockSupport.java:410)
        at java.base@21.0.8/java.util.concurrent.LinkedTransferQueue$DualNode.await(LinkedTransferQueue.java:452)
        at java.base@21.0.8/java.util.concurrent.SynchronousQueue$Transferer.xferLifo(SynchronousQueue.java:194)
        at java.base@21.0.8/java.util.concurrent.SynchronousQueue.xfer(SynchronousQueue.java:235)
        at java.base@21.0.8/java.util.concurrent.SynchronousQueue.poll(SynchronousQueue.java:338)
        at java.base@21.0.8/java.util.concurrent.ThreadPoolExecutor.getTask(ThreadPoolExecutor.java:1069)
        at java.base@21.0.8/java.util.concurrent.ThreadPoolExecutor.runWorker(ThreadPoolExecutor.java:1130)
        at java.base@21.0.8/java.util.concurrent.ThreadPoolExecutor$Worker.run(ThreadPoolExecutor.java:642)
        at java.base@21.0.8/java.lang.Thread.runWith(Thread.java:1596)
        at java.base@21.0.8/java.lang.Thread.run(Thread.java:1583)
"IPC Server handler 8 on default port 15002" daemon prio=5 tid=347 timed_waiting
java.lang.Thread.State: TIMED_WAITING
        at java.base@21.0.8/jdk.internal.misc.Unsafe.park(Native Method)
        at java.base@21.0.8/java.util.concurrent.locks.LockSupport.parkNanos(LockSupport.java:269)
        at java.base@21.0.8/java.util.concurrent.locks.AbstractQueuedSynchronizer$ConditionObject.awaitNanos(AbstractQueuedSynchronizer.java:1763)
        at java.base@21.0.8/java.util.concurrent.LinkedBlockingQueue.poll(LinkedBlockingQueue.java:460)
        at app//org.apache.hadoop.ipc.CallQueueManager.take(CallQueueManager.java:370)
        at app//org.apache.hadoop.ipc.Server$Handler.run(Server.java:3165)
"ForkJoinPool-1-worker-1" daemon prio=5 tid=33 runnable
java.lang.Thread.State: RUNNABLE
        at java.base@21.0.8/java.lang.Thread.dumpThreads(Native Method)
        at java.base@21.0.8/java.lang.Thread.getAllStackTraces(Thread.java:2522)
        at app//org.apache.ozone.test.TimedOutTestsListener.buildThreadDump(TimedOutTestsListener.java:81)
        at app//org.apache.ozone.test.TimedOutTestsListener.buildThreadDiagnosticString(TimedOutTestsListener.java:67)
        at app//org.apache.ozone.test.GenericTestUtils.waitFor(GenericTestUtils.java:116)
        at app//org.apache.hadoop.hdds.scm.node.TestQueryNode.testStaleNodesCount(TestQueryNode.java:86)
        at java.base@21.0.8/java.lang.invoke.LambdaForm$DMH/0x00007fd1ac15c400.invokeVirtual(LambdaForm$DMH)
        at java.base@21.0.8/java.lang.invoke.LambdaForm$MH/0x00007fd1ac178800.invoke(LambdaForm$MH)
        at java.base@21.0.8/java.lang.invoke.Invokers$Holder.invokeExact_MT(Invokers$Holder)
        at java.base@21.0.8/jdk.internal.reflect.DirectMethodHandleAccessor.invokeImpl(DirectMethodHandleAccessor.java:153)
        at java.base@21.0.8/jdk.internal.reflect.DirectMethodHandleAccessor.invoke(DirectMethodHandleAccessor.java:103)
        at java.base@21.0.8/java.lang.reflect.Method.invoke(Method.java:580)
        at app//org.junit.platform.commons.util.ReflectionUtils.invokeMethod(ReflectionUtils.java:787)
        at app//org.junit.platform.commons.support.ReflectionSupport.invokeMethod(ReflectionSupport.java:478)
        at app//org.junit.jupiter.engine.execution.MethodInvocation.proceed(MethodInvocation.java:60)
        at app//org.junit.jupiter.engine.execution.InvocationInterceptorChain$ValidatingInvocation.proceed(InvocationInterceptorChain.java:131)
        at app//org.junit.jupiter.engine.extension.SameThreadTimeoutInvocation.proceed(SameThreadTimeoutInvocation.java:49)
        at app//org.junit.jupiter.engine.extension.TimeoutExtension.intercept(TimeoutExtension.java:161)
        at app//org.junit.jupiter.engine.extension.TimeoutExtension.interceptTestableMethod(TimeoutExtension.java:152)
        at app//org.junit.jupiter.engine.extension.TimeoutExtension.interceptTestMethod(TimeoutExtension.java:91)
        at app//org.junit.jupiter.engine.descriptor.TestMethodTestDescriptor$$Lambda/0x00007fd1ac116f20.apply(Unknown Source)
        at app//org.junit.jupiter.engine.execution.InterceptingExecutableInvoker$ReflectiveInterceptorCall.lambda$ofVoidMethod$0(InterceptingExecutableInvoker.java:112)
        at app//org.junit.jupiter.engine.execution.InterceptingExecutableInvoker$ReflectiveInterceptorCall$$Lambda/0x00007fd1ac117340.apply(Unknown Source)
        at app//org.junit.jupiter.engine.execution.InterceptingExecutableInvoker.lambda$invoke$0(InterceptingExecutableInvoker.java:94)
        at app//org.junit.jupiter.engine.execution.InterceptingExecutableInvoker$$Lambda/0x00007fd1ac17e188.apply(Unknown Source)
        at app//org.junit.jupiter.engine.execution.InvocationInterceptorChain$InterceptedInvocation.proceed(InvocationInterceptorChain.java:106)
        at app//org.junit.jupiter.engine.execution.InvocationInterceptorChain.proceed(InvocationInterceptorChain.java:64)
        at app//org.junit.jupiter.engine.execution.InvocationInterceptorChain.chainAndInvoke(InvocationInterceptorChain.java:45)
        at app//org.junit.jupiter.engine.execution.InvocationInterceptorChain.invoke(InvocationInterceptorChain.java:37)
        at app//org.junit.jupiter.engine.execution.InterceptingExecutableInvoker.invoke(InterceptingExecutableInvoker.java:93)
        at app//org.junit.jupiter.engine.execution.InterceptingExecutableInvoker.invoke(InterceptingExecutableInvoker.java:87)
        at app//org.junit.jupiter.engine.descriptor.TestMethodTestDescriptor.lambda$invokeTestMethod$4(TestMethodTestDescriptor.java:221)
        at app//org.junit.jupiter.engine.descriptor.TestMethodTestDescriptor$$Lambda/0x00007fd1ac9da198.execute(Unknown Source)
        at app//org.junit.platform.engine.support.hierarchical.ThrowableCollector.execute(ThrowableCollector.java:73)
        at app//org.junit.jupiter.engine.descriptor.TestMethodTestDescriptor.invokeTestMethod(TestMethodTestDescriptor.java:217)
        at app//org.junit.jupiter.engine.descriptor.TestMethodTestDescriptor.execute(TestMethodTestDescriptor.java:159)
        at app//org.junit.jupiter.engine.descriptor.TestMethodTestDescriptor.execute(TestMethodTestDescriptor.java:70)
        at app//org.junit.platform.engine.support.hierarchical.NodeTestTask.lambda$executeRecursively$6(NodeTestTask.java:157)
        at app//org.junit.platform.engine.support.hierarchical.NodeTestTask$$Lambda/0x00007fd1ac165358.execute(Unknown Source)
        at app//org.junit.platform.engine.support.hierarchical.ThrowableCollector.execute(ThrowableCollector.java:73)
        at app//org.junit.platform.engine.support.hierarchical.NodeTestTask.lambda$executeRecursively$8(NodeTestTask.java:147)
        at app//org.junit.platform.engine.support.hierarchical.NodeTestTask$$Lambda/0x00007fd1ac165130.invoke(Unknown Source)
        at app//org.junit.platform.engine.support.hierarchical.Node.around(Node.java:137)
        at app//org.junit.platform.engine.support.hierarchical.NodeTestTask.lambda$executeRecursively$9(NodeTestTask.java:145)
        at app//org.junit.platform.engine.support.hierarchical.NodeTestTask$$Lambda/0x00007fd1ac164d08.execute(Unknown Source)
        at app//org.junit.platform.engine.support.hierarchical.ThrowableCollector.execute(ThrowableCollector.java:73)
        at app//org.junit.platform.engine.support.hierarchical.NodeTestTask.executeRecursively(NodeTestTask.java:144)
        at app//org.junit.platform.engine.support.hierarchical.NodeTestTask.execute(NodeTestTask.java:101)
        at app//org.junit.platform.engine.support.hierarchical.ForkJoinPoolHierarchicalTestExecutorService$ExclusiveTask.exec(ForkJoinPoolHierarchicalTestExecutorService.java:274)
        at app//org.junit.platform.engine.support.hierarchical.ForkJoinPoolHierarchicalTestExecutorService$ExclusiveTask.execSync(ForkJoinPoolHierarchicalTestExecutorService.java:247)
        at app//org.junit.platform.engine.support.hierarchical.ForkJoinPoolHierarchicalTestExecutorService.invokeAll(ForkJoinPoolHierarchicalTestExecutorService.java:159)
        at app//org.junit.platform.engine.support.hierarchical.NodeTestTask.lambda$executeRecursively$6(NodeTestTask.java:161)
        at app//org.junit.platform.engine.support.hierarchical.NodeTestTask$$Lambda/0x00007fd1ac165358.execute(Unknown Source)
        at app//org.junit.platform.engine.support.hierarchical.ThrowableCollector.execute(ThrowableCollector.java:73)
        at app//org.junit.platform.engine.support.hierarchical.NodeTestTask.lambda$executeRecursively$8(NodeTestTask.java:147)
        at app//org.junit.platform.engine.support.hierarchical.NodeTestTask$$Lambda/0x00007fd1ac165130.invoke(Unknown Source)
        at app//org.junit.platform.engine.support.hierarchical.Node.around(Node.java:137)
        at app//org.junit.platform.engine.support.hierarchical.NodeTestTask.lambda$executeRecursively$9(NodeTestTask.java:145)
        at app//org.junit.platform.engine.support.hierarchical.NodeTestTask$$Lambda/0x00007fd1ac164d08.execute(Unknown Source)
        at app//org.junit.platform.engine.support.hierarchical.ThrowableCollector.execute(ThrowableCollector.java:73)
        at app//org.junit.platform.engine.support.hierarchical.NodeTestTask.executeRecursively(NodeTestTask.java:144)
        at app//org.junit.platform.engine.support.hierarchical.NodeTestTask.execute(NodeTestTask.java:101)
        at app//org.junit.platform.engine.support.hierarchical.ForkJoinPoolHierarchicalTestExecutorService$ExclusiveTask.exec(ForkJoinPoolHierarchicalTestExecutorService.java:274)
        at app//org.junit.platform.engine.support.hierarchical.ForkJoinPoolHierarchicalTestExecutorService$ExclusiveTask.execSync(ForkJoinPoolHierarchicalTestExecutorService.java:247)
        at app//org.junit.platform.engine.support.hierarchical.ForkJoinPoolHierarchicalTestExecutorService.invokeAll(ForkJoinPoolHierarchicalTestExecutorService.java:159)
        at app//org.junit.platform.engine.support.hierarchical.NodeTestTask.lambda$executeRecursively$6(NodeTestTask.java:161)
        at app//org.junit.platform.engine.support.hierarchical.NodeTestTask$$Lambda/0x00007fd1ac165358.execute(Unknown Source)
        at app//org.junit.platform.engine.support.hierarchical.ThrowableCollector.execute(ThrowableCollector.java:73)
        at app//org.junit.platform.engine.support.hierarchical.NodeTestTask.lambda$executeRecursively$8(NodeTestTask.java:147)
        at app//org.junit.platform.engine.support.hierarchical.NodeTestTask$$Lambda/0x00007fd1ac165130.invoke(Unknown Source)
        at app//org.junit.platform.engine.support.hierarchical.Node.around(Node.java:137)
        at app//org.junit.platform.engine.support.hierarchical.NodeTestTask.lambda$executeRecursively$9(NodeTestTask.java:145)
        at app//org.junit.platform.engine.support.hierarchical.NodeTestTask$$Lambda/0x00007fd1ac164d08.execute(Unknown Source)
        at app//org.junit.platform.engine.support.hierarchical.ThrowableCollector.execute(ThrowableCollector.java:73)
        at app//org.junit.platform.engine.support.hierarchical.NodeTestTask.executeRecursively(NodeTestTask.java:144)
        at app//org.junit.platform.engine.support.hierarchical.NodeTestTask.execute(NodeTestTask.java:101)
        at app//org.junit.platform.engine.support.hierarchical.ForkJoinPoolHierarchicalTestExecutorService$ExclusiveTask.exec(ForkJoinPoolHierarchicalTestExecutorService.java:274)
        at java.base@21.0.8/java.util.concurrent.ForkJoinTask.doExec(ForkJoinTask.java:387)
        at java.base@21.0.8/java.util.concurrent.ForkJoinPool$WorkQueue.topLevelExec(ForkJoinPool.java:1312)
        at java.base@21.0.8/java.util.concurrent.ForkJoinPool.scan(ForkJoinPool.java:1843)
        at java.base@21.0.8/java.util.concurrent.ForkJoinPool.runWorker(ForkJoinPool.java:1808)
        at java.base@21.0.8/java.util.concurrent.ForkJoinWorkerThread.run(ForkJoinWorkerThread.java:188)
"d3e19d45-0b2b-4921-9b28-39a5e9747ac8-ChunkWriter-3-0" daemon prio=5 tid=843 in Object.wait()
java.lang.Thread.State: WAITING (on object monitor)
        at java.base@21.0.8/jdk.internal.misc.Unsafe.park(Native Method)
        at java.base@21.0.8/java.util.concurrent.locks.LockSupport.park(LockSupport.java:371)
        at java.base@21.0.8/java.util.concurrent.locks.AbstractQueuedSynchronizer$ConditionNode.block(AbstractQueuedSynchronizer.java:519)
        at java.base@21.0.8/java.util.concurrent.ForkJoinPool.unmanagedBlock(ForkJoinPool.java:3780)
        at java.base@21.0.8/java.util.concurrent.ForkJoinPool.managedBlock(ForkJoinPool.java:3725)
        at java.base@21.0.8/java.util.concurrent.locks.AbstractQueuedSynchronizer$ConditionObject.await(AbstractQueuedSynchronizer.java:1712)
        at java.base@21.0.8/java.util.concurrent.LinkedBlockingDeque.takeFirst(LinkedBlockingDeque.java:485)
        at java.base@21.0.8/java.util.concurrent.LinkedBlockingDeque.take(LinkedBlockingDeque.java:673)
        at java.base@21.0.8/java.util.concurrent.ThreadPoolExecutor.getTask(ThreadPoolExecutor.java:1070)
        at java.base@21.0.8/java.util.concurrent.ThreadPoolExecutor.runWorker(ThreadPoolExecutor.java:1130)
        at java.base@21.0.8/java.util.concurrent.ThreadPoolExecutor$Worker.run(ThreadPoolExecutor.java:642)
        at java.base@21.0.8/java.lang.Thread.runWith(Thread.java:1596)
        at java.base@21.0.8/java.lang.Thread.run(Thread.java:1583)
"IPC Server handler 0 on default port 15027" daemon prio=5 tid=637 timed_waiting
java.lang.Thread.State: TIMED_WAITING
        at java.base@21.0.8/jdk.internal.misc.Unsafe.park(Native Method)
        at java.base@21.0.8/java.util.concurrent.locks.LockSupport.parkNanos(LockSupport.java:269)
        at java.base@21.0.8/java.util.concurrent.locks.AbstractQueuedSynchronizer$ConditionObject.awaitNanos(AbstractQueuedSynchronizer.java:1763)
        at java.base@21.0.8/java.util.concurrent.LinkedBlockingQueue.poll(LinkedBlockingQueue.java:460)
        at app//org.apache.hadoop.ipc.CallQueueManager.take(CallQueueManager.java:370)
        at app//org.apache.hadoop.ipc.Server$Handler.run(Server.java:3165)
"IPC Server handler 23 on default port 15001" daemon prio=5 tid=244 timed_waiting
java.lang.Thread.State: TIMED_WAITING
        at java.base@21.0.8/jdk.internal.misc.Unsafe.park(Native Method)
        at java.base@21.0.8/java.util.concurrent.locks.LockSupport.parkNanos(LockSupport.java:269)
        at java.base@21.0.8/java.util.concurrent.locks.AbstractQueuedSynchronizer$ConditionObject.awaitNanos(AbstractQueuedSynchronizer.java:1763)
        at java.base@21.0.8/java.util.concurrent.LinkedBlockingQueue.poll(LinkedBlockingQueue.java:460)
        at app//org.apache.hadoop.ipc.CallQueueManager.take(CallQueueManager.java:370)
        at app//org.apache.hadoop.ipc.Server$Handler.run(Server.java:3165)
"om1@group-C5BA1605619E-LeaderStateImpl" daemon prio=5 tid=622 timed_waiting
java.lang.Thread.State: TIMED_WAITING
        at java.base@21.0.8/jdk.internal.misc.Unsafe.park(Native Method)
        at java.base@21.0.8/java.util.concurrent.locks.LockSupport.parkNanos(LockSupport.java:269)
        at java.base@21.0.8/java.util.concurrent.locks.AbstractQueuedSynchronizer$ConditionObject.awaitNanos(AbstractQueuedSynchronizer.java:1763)
        at java.base@21.0.8/java.util.concurrent.ArrayBlockingQueue.poll(ArrayBlockingQueue.java:435)
        at app//org.apache.ratis.server.impl.LeaderStateImpl$EventQueue.poll(LeaderStateImpl.java:168)
        at app//org.apache.ratis.server.impl.LeaderStateImpl$EventProcessor.run(LeaderStateImpl.java:761)
"IPC Server Responder" daemon prio=5 tid=635 runnable
java.lang.Thread.State: RUNNABLE
        at java.base@21.0.8/sun.nio.ch.EPoll.wait(Native Method)
        at java.base@21.0.8/sun.nio.ch.EPollSelectorImpl.doSelect(EPollSelectorImpl.java:121)
        at java.base@21.0.8/sun.nio.ch.SelectorImpl.lockAndDoSelect(SelectorImpl.java:130)
        at java.base@21.0.8/sun.nio.ch.SelectorImpl.select(SelectorImpl.java:142)
        at app//org.apache.hadoop.ipc.Server$Responder.doRunLoop(Server.java:1733)
        at app//org.apache.hadoop.ipc.Server$Responder.run(Server.java:1716)
"IPC Server handler 6 on default port 15000" daemon prio=5 tid=127 timed_waiting
java.lang.Thread.State: TIMED_WAITING
        at java.base@21.0.8/jdk.internal.misc.Unsafe.park(Native Method)
        at java.base@21.0.8/java.util.concurrent.locks.LockSupport.parkNanos(LockSupport.java:269)
        at java.base@21.0.8/java.util.concurrent.locks.AbstractQueuedSynchronizer$ConditionObject.awaitNanos(AbstractQueuedSynchronizer.java:1763)
        at java.base@21.0.8/java.util.concurrent.LinkedBlockingQueue.poll(LinkedBlockingQueue.java:460)
        at app//org.apache.hadoop.ipc.CallQueueManager.take(CallQueueManager.java:370)
        at app//org.apache.hadoop.ipc.Server$Handler.run(Server.java:3165)
"d3e19d45-0b2b-4921-9b28-39a5e9747ac8-PeriodicHDDSVolumeChecker" daemon prio=5 tid=835 timed_waiting
java.lang.Thread.State: TIMED_WAITING
        at java.base@21.0.8/jdk.internal.misc.Unsafe.park(Native Method)
        at java.base@21.0.8/java.util.concurrent.locks.LockSupport.parkNanos(LockSupport.java:269)
        at java.base@21.0.8/java.util.concurrent.locks.AbstractQueuedSynchronizer$ConditionObject.awaitNanos(AbstractQueuedSynchronizer.java:1763)
        at java.base@21.0.8/java.util.concurrent.ScheduledThreadPoolExecutor$DelayedWorkQueue.take(ScheduledThreadPoolExecutor.java:1182)
        at java.base@21.0.8/java.util.concurrent.ScheduledThreadPoolExecutor$DelayedWorkQueue.take(ScheduledThreadPoolExecutor.java:899)
        at java.base@21.0.8/java.util.concurrent.ThreadPoolExecutor.getTask(ThreadPoolExecutor.java:1070)
        at java.base@21.0.8/java.util.concurrent.ThreadPoolExecutor.runWorker(ThreadPoolExecutor.java:1130)
        at java.base@21.0.8/java.util.concurrent.ThreadPoolExecutor$Worker.run(ThreadPoolExecutor.java:642)
        at java.base@21.0.8/java.lang.Thread.runWith(Thread.java:1596)
        at java.base@21.0.8/java.lang.Thread.run(Thread.java:1583)
"IPC Server handler 55 on default port 15002" daemon prio=5 tid=394 timed_waiting
java.lang.Thread.State: TIMED_WAITING
        at java.base@21.0.8/jdk.internal.misc.Unsafe.park(Native Method)
        at java.base@21.0.8/java.util.concurrent.locks.LockSupport.parkNanos(LockSupport.java:269)
        at java.base@21.0.8/java.util.concurrent.locks.AbstractQueuedSynchronizer$ConditionObject.awaitNanos(AbstractQueuedSynchronizer.java:1763)
        at java.base@21.0.8/java.util.concurrent.LinkedBlockingQueue.poll(LinkedBlockingQueue.java:460)
        at app//org.apache.hadoop.ipc.CallQueueManager.take(CallQueueManager.java:370)
        at app//org.apache.hadoop.ipc.Server$Handler.run(Server.java:3165)
"18da7ee6-49f7-45ee-8090-861a49f32d36-BlockDeletingService#0" daemon prio=5 tid=806 timed_waiting
java.lang.Thread.State: TIMED_WAITING
        at java.base@21.0.8/jdk.internal.misc.Unsafe.park(Native Method)
        at java.base@21.0.8/java.util.concurrent.locks.LockSupport.parkNanos(LockSupport.java:269)
        at java.base@21.0.8/java.util.concurrent.locks.AbstractQueuedSynchronizer$ConditionObject.awaitNanos(AbstractQueuedSynchronizer.java:1763)
        at java.base@21.0.8/java.util.concurrent.ScheduledThreadPoolExecutor$DelayedWorkQueue.take(ScheduledThreadPoolExecutor.java:1182)
        at java.base@21.0.8/java.util.concurrent.ScheduledThreadPoolExecutor$DelayedWorkQueue.take(ScheduledThreadPoolExecutor.java:899)
        at java.base@21.0.8/java.util.concurrent.ThreadPoolExecutor.getTask(ThreadPoolExecutor.java:1070)
        at java.base@21.0.8/java.util.concurrent.ThreadPoolExecutor.runWorker(ThreadPoolExecutor.java:1130)
        at java.base@21.0.8/java.util.concurrent.ThreadPoolExecutor$Worker.run(ThreadPoolExecutor.java:642)
        at java.base@21.0.8/java.lang.Thread.runWith(Thread.java:1596)
        at java.base@21.0.8/java.lang.Thread.run(Thread.java:1583)
"IPC Server handler 1 on default port 15002" daemon prio=5 tid=340 timed_waiting
java.lang.Thread.State: TIMED_WAITING
        at java.base@21.0.8/jdk.internal.misc.Unsafe.park(Native Method)
        at java.base@21.0.8/java.util.concurrent.locks.LockSupport.parkNanos(LockSupport.java:269)
        at java.base@21.0.8/java.util.concurrent.locks.AbstractQueuedSynchronizer$ConditionObject.awaitNanos(AbstractQueuedSynchronizer.java:1763)
        at java.base@21.0.8/java.util.concurrent.LinkedBlockingQueue.poll(LinkedBlockingQueue.java:460)
        at app//org.apache.hadoop.ipc.CallQueueManager.take(CallQueueManager.java:370)
        at app//org.apache.hadoop.ipc.Server$Handler.run(Server.java:3165)
"qtp99667716-744" daemon prio=5 tid=744 runnable
java.lang.Thread.State: RUNNABLE
        at java.base@21.0.8/sun.nio.ch.EPoll.wait(Native Method)
        at java.base@21.0.8/sun.nio.ch.EPollSelectorImpl.doSelect(EPollSelectorImpl.java:121)
        at java.base@21.0.8/sun.nio.ch.SelectorImpl.lockAndDoSelect(SelectorImpl.java:130)
        at java.base@21.0.8/sun.nio.ch.SelectorImpl.select(SelectorImpl.java:147)
        at app//org.eclipse.jetty.io.ManagedSelector.nioSelect(ManagedSelector.java:183)
        at app//org.eclipse.jetty.io.ManagedSelector.select(ManagedSelector.java:190)
        at app//org.eclipse.jetty.io.ManagedSelector$SelectorProducer.select(ManagedSelector.java:606)
        at app//org.eclipse.jetty.io.ManagedSelector$SelectorProducer.produce(ManagedSelector.java:543)
        at app//org.eclipse.jetty.util.thread.strategy.EatWhatYouKill.produceTask(EatWhatYouKill.java:362)
        at app//org.eclipse.jetty.util.thread.strategy.EatWhatYouKill.doProduce(EatWhatYouKill.java:186)
        at app//org.eclipse.jetty.util.thread.strategy.EatWhatYouKill.tryProduce(EatWhatYouKill.java:173)
        at app//org.eclipse.jetty.util.thread.strategy.EatWhatYouKill.produce(EatWhatYouKill.java:137)
        at app//org.eclipse.jetty.io.ManagedSelector$$Lambda/0x00007fd1ac6ed508.run(Unknown Source)
        at app//org.eclipse.jetty.util.thread.QueuedThreadPool.runJob(QueuedThreadPool.java:883)
        at app//org.eclipse.jetty.util.thread.QueuedThreadPool$Runner.run(QueuedThreadPool.java:1034)
        at java.base@21.0.8/java.lang.Thread.runWith(Thread.java:1596)
        at java.base@21.0.8/java.lang.Thread.run(Thread.java:1583)
"IPC Server handler 3 on default port 15019" daemon prio=5 tid=592 timed_waiting
java.lang.Thread.State: TIMED_WAITING
        at java.base@21.0.8/jdk.internal.misc.Unsafe.park(Native Method)
        at java.base@21.0.8/java.util.concurrent.locks.LockSupport.parkNanos(LockSupport.java:269)
        at java.base@21.0.8/java.util.concurrent.locks.AbstractQueuedSynchronizer$ConditionObject.awaitNanos(AbstractQueuedSynchronizer.java:1763)
        at java.base@21.0.8/java.util.concurrent.LinkedBlockingQueue.poll(LinkedBlockingQueue.java:460)
        at app//org.apache.hadoop.ipc.CallQueueManager.take(CallQueueManager.java:370)
        at app//org.apache.hadoop.ipc.Server$Handler.run(Server.java:3165)
"IPC Server handler 67 on default port 15000" daemon prio=5 tid=188 timed_waiting
java.lang.Thread.State: TIMED_WAITING
        at java.base@21.0.8/jdk.internal.misc.Unsafe.park(Native Method)
        at java.base@21.0.8/java.util.concurrent.locks.LockSupport.parkNanos(LockSupport.java:269)
        at java.base@21.0.8/java.util.concurrent.locks.AbstractQueuedSynchronizer$ConditionObject.awaitNanos(AbstractQueuedSynchronizer.java:1763)
        at java.base@21.0.8/java.util.concurrent.LinkedBlockingQueue.poll(LinkedBlockingQueue.java:460)
        at app//org.apache.hadoop.ipc.CallQueueManager.take(CallQueueManager.java:370)
        at app//org.apache.hadoop.ipc.Server$Handler.run(Server.java:3165)
"IPC Server handler 4 on default port 15001" daemon prio=5 tid=225 timed_waiting
java.lang.Thread.State: TIMED_WAITING
        at java.base@21.0.8/jdk.internal.misc.Unsafe.park(Native Method)
        at java.base@21.0.8/java.util.concurrent.locks.LockSupport.parkNanos(LockSupport.java:269)
        at java.base@21.0.8/java.util.concurrent.locks.AbstractQueuedSynchronizer$ConditionObject.awaitNanos(AbstractQueuedSynchronizer.java:1763)
        at java.base@21.0.8/java.util.concurrent.LinkedBlockingQueue.poll(LinkedBlockingQueue.java:460)
        at app//org.apache.hadoop.ipc.CallQueueManager.take(CallQueueManager.java:370)
        at app//org.apache.hadoop.ipc.Server$Handler.run(Server.java:3165)
"om1-impl-thread1" daemon prio=5 tid=447 timed_waiting
java.lang.Thread.State: TIMED_WAITING
        at java.base@21.0.8/jdk.internal.misc.Unsafe.park(Native Method)
        at java.base@21.0.8/java.util.concurrent.locks.LockSupport.parkNanos(LockSupport.java:410)
        at java.base@21.0.8/java.util.concurrent.LinkedTransferQueue$DualNode.await(LinkedTransferQueue.java:452)
        at java.base@21.0.8/java.util.concurrent.SynchronousQueue$Transferer.xferLifo(SynchronousQueue.java:194)
        at java.base@21.0.8/java.util.concurrent.SynchronousQueue.xfer(SynchronousQueue.java:235)
        at java.base@21.0.8/java.util.concurrent.SynchronousQueue.poll(SynchronousQueue.java:338)
        at java.base@21.0.8/java.util.concurrent.ThreadPoolExecutor.getTask(ThreadPoolExecutor.java:1069)
        at java.base@21.0.8/java.util.concurrent.ThreadPoolExecutor.runWorker(ThreadPoolExecutor.java:1130)
        at java.base@21.0.8/java.util.concurrent.ThreadPoolExecutor$Worker.run(ThreadPoolExecutor.java:642)
        at java.base@21.0.8/java.lang.Thread.runWith(Thread.java:1596)
        at java.base@21.0.8/java.lang.Thread.run(Thread.java:1583)
"IPC Server handler 45 on default port 15000" daemon prio=5 tid=166 timed_waiting
java.lang.Thread.State: TIMED_WAITING
        at java.base@21.0.8/jdk.internal.misc.Unsafe.park(Native Method)
        at java.base@21.0.8/java.util.concurrent.locks.LockSupport.parkNanos(LockSupport.java:269)
        at java.base@21.0.8/java.util.concurrent.locks.AbstractQueuedSynchronizer$ConditionObject.awaitNanos(AbstractQueuedSynchronizer.java:1763)
        at java.base@21.0.8/java.util.concurrent.LinkedBlockingQueue.poll(LinkedBlockingQueue.java:460)
        at app//org.apache.hadoop.ipc.CallQueueManager.take(CallQueueManager.java:370)
        at app//org.apache.hadoop.ipc.Server$Handler.run(Server.java:3165)
"IPC Server handler 86 on default port 15001" daemon prio=5 tid=307 timed_waiting
java.lang.Thread.State: TIMED_WAITING
        at java.base@21.0.8/jdk.internal.misc.Unsafe.park(Native Method)
        at java.base@21.0.8/java.util.concurrent.locks.LockSupport.parkNanos(LockSupport.java:269)
        at java.base@21.0.8/java.util.concurrent.locks.AbstractQueuedSynchronizer$ConditionObject.awaitNanos(AbstractQueuedSynchronizer.java:1763)
        at java.base@21.0.8/java.util.concurrent.LinkedBlockingQueue.poll(LinkedBlockingQueue.java:460)
        at app//org.apache.hadoop.ipc.CallQueueManager.take(CallQueueManager.java:370)
        at app//org.apache.hadoop.ipc.Server$Handler.run(Server.java:3165)
"IPC Server handler 53 on default port 15002" daemon prio=5 tid=392 timed_waiting
java.lang.Thread.State: TIMED_WAITING
        at java.base@21.0.8/jdk.internal.misc.Unsafe.park(Native Method)
        at java.base@21.0.8/java.util.concurrent.locks.LockSupport.parkNanos(LockSupport.java:269)
        at java.base@21.0.8/java.util.concurrent.locks.AbstractQueuedSynchronizer$ConditionObject.awaitNanos(AbstractQueuedSynchronizer.java:1763)
        at java.base@21.0.8/java.util.concurrent.LinkedBlockingQueue.poll(LinkedBlockingQueue.java:460)
        at app//org.apache.hadoop.ipc.CallQueueManager.take(CallQueueManager.java:370)
        at app//org.apache.hadoop.ipc.Server$Handler.run(Server.java:3165)
"IPC Server handler 1 on default port 15019" daemon prio=5 tid=590 timed_waiting
java.lang.Thread.State: TIMED_WAITING
        at java.base@21.0.8/jdk.internal.misc.Unsafe.park(Native Method)
        at java.base@21.0.8/java.util.concurrent.locks.LockSupport.parkNanos(LockSupport.java:269)
        at java.base@21.0.8/java.util.concurrent.locks.AbstractQueuedSynchronizer$ConditionObject.awaitNanos(AbstractQueuedSynchronizer.java:1763)
        at java.base@21.0.8/java.util.concurrent.LinkedBlockingQueue.poll(LinkedBlockingQueue.java:460)
        at app//org.apache.hadoop.ipc.CallQueueManager.take(CallQueueManager.java:370)
        at app//org.apache.hadoop.ipc.Server$Handler.run(Server.java:3165)
"Socket Reader #4 for port 15001" daemon prio=5 tid=80 runnable
java.lang.Thread.State: RUNNABLE
        at java.base@21.0.8/sun.nio.ch.EPoll.wait(Native Method)
        at java.base@21.0.8/sun.nio.ch.EPollSelectorImpl.doSelect(EPollSelectorImpl.java:121)
        at java.base@21.0.8/sun.nio.ch.SelectorImpl.lockAndDoSelect(SelectorImpl.java:130)
        at java.base@21.0.8/sun.nio.ch.SelectorImpl.select(SelectorImpl.java:147)
        at app//org.apache.hadoop.ipc.Server$Listener$Reader.doRunLoop(Server.java:1497)
        at app//org.apache.hadoop.ipc.Server$Listener$Reader.run(Server.java:1476)
"IPC Server handler 32 on default port 15000" daemon prio=5 tid=153 timed_waiting
java.lang.Thread.State: TIMED_WAITING
        at java.base@21.0.8/jdk.internal.misc.Unsafe.park(Native Method)
        at java.base@21.0.8/java.util.concurrent.locks.LockSupport.parkNanos(LockSupport.java:269)
        at java.base@21.0.8/java.util.concurrent.locks.AbstractQueuedSynchronizer$ConditionObject.awaitNanos(AbstractQueuedSynchronizer.java:1763)
        at java.base@21.0.8/java.util.concurrent.LinkedBlockingQueue.poll(LinkedBlockingQueue.java:460)
        at app//org.apache.hadoop.ipc.CallQueueManager.take(CallQueueManager.java:370)
        at app//org.apache.hadoop.ipc.Server$Handler.run(Server.java:3165)
"qtp887238034-668" daemon prio=5 tid=668 timed_waiting
java.lang.Thread.State: TIMED_WAITING
        at java.base@21.0.8/jdk.internal.misc.Unsafe.park(Native Method)
        at java.base@21.0.8/java.util.concurrent.locks.LockSupport.parkNanos(LockSupport.java:269)
        at java.base@21.0.8/java.util.concurrent.locks.AbstractQueuedSynchronizer$ConditionObject.awaitNanos(AbstractQueuedSynchronizer.java:1763)
        at app//org.eclipse.jetty.util.BlockingArrayQueue.poll(BlockingArrayQueue.java:382)
        at app//org.eclipse.jetty.util.thread.QueuedThreadPool$Runner.idleJobPoll(QueuedThreadPool.java:974)
        at app//org.eclipse.jetty.util.thread.QueuedThreadPool$Runner.run(QueuedThreadPool.java:1018)
        at java.base@21.0.8/java.lang.Thread.runWith(Thread.java:1596)
        at java.base@21.0.8/java.lang.Thread.run(Thread.java:1583)
"Socket Reader #1 for port 15043" daemon prio=5 tid=762 runnable
java.lang.Thread.State: RUNNABLE
        at java.base@21.0.8/sun.nio.ch.EPoll.wait(Native Method)
        at java.base@21.0.8/sun.nio.ch.EPollSelectorImpl.doSelect(EPollSelectorImpl.java:121)
        at java.base@21.0.8/sun.nio.ch.SelectorImpl.lockAndDoSelect(SelectorImpl.java:130)
        at java.base@21.0.8/sun.nio.ch.SelectorImpl.select(SelectorImpl.java:147)
        at app//org.apache.hadoop.ipc.Server$Listener$Reader.doRunLoop(Server.java:1497)
        at app//org.apache.hadoop.ipc.Server$Listener$Reader.run(Server.java:1476)
"Socket Reader #1 for port 15000" daemon prio=5 tid=91 runnable
java.lang.Thread.State: RUNNABLE
        at java.base@21.0.8/sun.nio.ch.EPoll.wait(Native Method)
        at java.base@21.0.8/sun.nio.ch.EPollSelectorImpl.doSelect(EPollSelectorImpl.java:121)
        at java.base@21.0.8/sun.nio.ch.SelectorImpl.lockAndDoSelect(SelectorImpl.java:130)
        at java.base@21.0.8/sun.nio.ch.SelectorImpl.select(SelectorImpl.java:147)
        at app//org.apache.hadoop.ipc.Server$Listener$Reader.doRunLoop(Server.java:1497)
        at app//org.apache.hadoop.ipc.Server$Listener$Reader.run(Server.java:1476)
"Socket Reader #3 for port 15035" daemon prio=5 tid=692 runnable
java.lang.Thread.State: RUNNABLE
        at java.base@21.0.8/sun.nio.ch.EPoll.wait(Native Method)
        at java.base@21.0.8/sun.nio.ch.EPollSelectorImpl.doSelect(EPollSelectorImpl.java:121)
        at java.base@21.0.8/sun.nio.ch.SelectorImpl.lockAndDoSelect(SelectorImpl.java:130)
        at java.base@21.0.8/sun.nio.ch.SelectorImpl.select(SelectorImpl.java:147)
        at app//org.apache.hadoop.ipc.Server$Listener$Reader.doRunLoop(Server.java:1497)
        at app//org.apache.hadoop.ipc.Server$Listener$Reader.run(Server.java:1476)
"83932d67-4fdc-4fe4-8fe1-3df6c3f1844a-BlockDeletingService#0" daemon prio=5 tid=739 timed_waiting
java.lang.Thread.State: TIMED_WAITING
        at java.base@21.0.8/jdk.internal.misc.Unsafe.park(Native Method)
        at java.base@21.0.8/java.util.concurrent.locks.LockSupport.parkNanos(LockSupport.java:269)
        at java.base@21.0.8/java.util.concurrent.locks.AbstractQueuedSynchronizer$ConditionObject.awaitNanos(AbstractQueuedSynchronizer.java:1763)
        at java.base@21.0.8/java.util.concurrent.ScheduledThreadPoolExecutor$DelayedWorkQueue.take(ScheduledThreadPoolExecutor.java:1182)
        at java.base@21.0.8/java.util.concurrent.ScheduledThreadPoolExecutor$DelayedWorkQueue.take(ScheduledThreadPoolExecutor.java:899)
        at java.base@21.0.8/java.util.concurrent.ThreadPoolExecutor.getTask(ThreadPoolExecutor.java:1070)
        at java.base@21.0.8/java.util.concurrent.ThreadPoolExecutor.runWorker(ThreadPoolExecutor.java:1130)
        at java.base@21.0.8/java.util.concurrent.ThreadPoolExecutor$Worker.run(ThreadPoolExecutor.java:642)
        at java.base@21.0.8/java.lang.Thread.runWith(Thread.java:1596)
        at java.base@21.0.8/java.lang.Thread.run(Thread.java:1583)
"IPC Server handler 12 on default port 15001" daemon prio=5 tid=233 timed_waiting
java.lang.Thread.State: TIMED_WAITING
        at java.base@21.0.8/jdk.internal.misc.Unsafe.park(Native Method)
        at java.base@21.0.8/java.util.concurrent.locks.LockSupport.parkNanos(LockSupport.java:269)
        at java.base@21.0.8/java.util.concurrent.locks.AbstractQueuedSynchronizer$ConditionObject.awaitNanos(AbstractQueuedSynchronizer.java:1763)
        at java.base@21.0.8/java.util.concurrent.LinkedBlockingQueue.poll(LinkedBlockingQueue.java:460)
        at app//org.apache.hadoop.ipc.CallQueueManager.take(CallQueueManager.java:370)
        at app//org.apache.hadoop.ipc.Server$Handler.run(Server.java:3165)
"IPC Server handler 23 on default port 15002" daemon prio=5 tid=362 timed_waiting
java.lang.Thread.State: TIMED_WAITING
        at java.base@21.0.8/jdk.internal.misc.Unsafe.park(Native Method)
        at java.base@21.0.8/java.util.concurrent.locks.LockSupport.parkNanos(LockSupport.java:269)
        at java.base@21.0.8/java.util.concurrent.locks.AbstractQueuedSynchronizer$ConditionObject.awaitNanos(AbstractQueuedSynchronizer.java:1763)
        at java.base@21.0.8/java.util.concurrent.LinkedBlockingQueue.poll(LinkedBlockingQueue.java:460)
        at app//org.apache.hadoop.ipc.CallQueueManager.take(CallQueueManager.java:370)
        at app//org.apache.hadoop.ipc.Server$Handler.run(Server.java:3165)
"IPC Server handler 6 on default port 15019" daemon prio=5 tid=595 timed_waiting
java.lang.Thread.State: TIMED_WAITING
        at java.base@21.0.8/jdk.internal.misc.Unsafe.park(Native Method)
        at java.base@21.0.8/java.util.concurrent.locks.LockSupport.parkNanos(LockSupport.java:269)
        at java.base@21.0.8/java.util.concurrent.locks.AbstractQueuedSynchronizer$ConditionObject.awaitNanos(AbstractQueuedSynchronizer.java:1763)
        at java.base@21.0.8/java.util.concurrent.LinkedBlockingQueue.poll(LinkedBlockingQueue.java:460)
        at app//org.apache.hadoop.ipc.CallQueueManager.take(CallQueueManager.java:370)
        at app//org.apache.hadoop.ipc.Server$Handler.run(Server.java:3165)
"IPC Server handler 14 on default port 15001" daemon prio=5 tid=235 timed_waiting
java.lang.Thread.State: TIMED_WAITING
        at java.base@21.0.8/jdk.internal.misc.Unsafe.park(Native Method)
        at java.base@21.0.8/java.util.concurrent.locks.LockSupport.parkNanos(LockSupport.java:269)
        at java.base@21.0.8/java.util.concurrent.locks.AbstractQueuedSynchronizer$ConditionObject.awaitNanos(AbstractQueuedSynchronizer.java:1763)
        at java.base@21.0.8/java.util.concurrent.LinkedBlockingQueue.poll(LinkedBlockingQueue.java:460)
        at app//org.apache.hadoop.ipc.CallQueueManager.take(CallQueueManager.java:370)
        at app//org.apache.hadoop.ipc.Server$Handler.run(Server.java:3165)
"IPC Server handler 13 on default port 15002" daemon prio=5 tid=352 timed_waiting
java.lang.Thread.State: TIMED_WAITING
        at java.base@21.0.8/jdk.internal.misc.Unsafe.park(Native Method)
        at java.base@21.0.8/java.util.concurrent.locks.LockSupport.parkNanos(LockSupport.java:269)
        at java.base@21.0.8/java.util.concurrent.locks.AbstractQueuedSynchronizer$ConditionObject.awaitNanos(AbstractQueuedSynchronizer.java:1763)
        at java.base@21.0.8/java.util.concurrent.LinkedBlockingQueue.poll(LinkedBlockingQueue.java:460)
        at app//org.apache.hadoop.ipc.CallQueueManager.take(CallQueueManager.java:370)
        at app//org.apache.hadoop.ipc.Server$Handler.run(Server.java:3165)
"IPC Server handler 70 on default port 15002" daemon prio=5 tid=409 timed_waiting
java.lang.Thread.State: TIMED_WAITING
        at java.base@21.0.8/jdk.internal.misc.Unsafe.park(Native Method)
        at java.base@21.0.8/java.util.concurrent.locks.LockSupport.parkNanos(LockSupport.java:269)
        at java.base@21.0.8/java.util.concurrent.locks.AbstractQueuedSynchronizer$ConditionObject.awaitNanos(AbstractQueuedSynchronizer.java:1763)
        at java.base@21.0.8/java.util.concurrent.LinkedBlockingQueue.poll(LinkedBlockingQueue.java:460)
        at app//org.apache.hadoop.ipc.CallQueueManager.take(CallQueueManager.java:370)
        at app//org.apache.hadoop.ipc.Server$Handler.run(Server.java:3165)
"Session-HouseKeeper-5a0d7d42-1"  prio=5 tid=491 timed_waiting
java.lang.Thread.State: TIMED_WAITING
        at java.base@21.0.8/jdk.internal.misc.Unsafe.park(Native Method)
        at java.base@21.0.8/java.util.concurrent.locks.LockSupport.parkNanos(LockSupport.java:269)
        at java.base@21.0.8/java.util.concurrent.locks.AbstractQueuedSynchronizer$ConditionObject.awaitNanos(AbstractQueuedSynchronizer.java:1763)
        at java.base@21.0.8/java.util.concurrent.ScheduledThreadPoolExecutor$DelayedWorkQueue.take(ScheduledThreadPoolExecutor.java:1182)
        at java.base@21.0.8/java.util.concurrent.ScheduledThreadPoolExecutor$DelayedWorkQueue.take(ScheduledThreadPoolExecutor.java:899)
        at java.base@21.0.8/java.util.concurrent.ThreadPoolExecutor.getTask(ThreadPoolExecutor.java:1070)
        at java.base@21.0.8/java.util.concurrent.ThreadPoolExecutor.runWorker(ThreadPoolExecutor.java:1130)
        at java.base@21.0.8/java.util.concurrent.ThreadPoolExecutor$Worker.run(ThreadPoolExecutor.java:642)
        at java.base@21.0.8/java.lang.Thread.runWith(Thread.java:1596)
        at java.base@21.0.8/java.lang.Thread.run(Thread.java:1583)
"IPC Server handler 3 on default port 15006" daemon prio=5 tid=495 timed_waiting
java.lang.Thread.State: TIMED_WAITING
        at java.base@21.0.8/jdk.internal.misc.Unsafe.park(Native Method)
        at java.base@21.0.8/java.util.concurrent.locks.LockSupport.parkNanos(LockSupport.java:269)
        at java.base@21.0.8/java.util.concurrent.locks.AbstractQueuedSynchronizer$ConditionObject.awaitNanos(AbstractQueuedSynchronizer.java:1763)
        at java.base@21.0.8/java.util.concurrent.LinkedBlockingQueue.poll(LinkedBlockingQueue.java:460)
        at app//org.apache.hadoop.ipc.CallQueueManager.take(CallQueueManager.java:370)
        at app//org.apache.hadoop.ipc.Server$Handler.run(Server.java:3165)
"IPC Server handler 13 on default port 15001" daemon prio=5 tid=234 timed_waiting
java.lang.Thread.State: TIMED_WAITING
        at java.base@21.0.8/jdk.internal.misc.Unsafe.park(Native Method)
        at java.base@21.0.8/java.util.concurrent.locks.LockSupport.parkNanos(LockSupport.java:269)
        at java.base@21.0.8/java.util.concurrent.locks.AbstractQueuedSynchronizer$ConditionObject.awaitNanos(AbstractQueuedSynchronizer.java:1763)
        at java.base@21.0.8/java.util.concurrent.LinkedBlockingQueue.poll(LinkedBlockingQueue.java:460)
        at app//org.apache.hadoop.ipc.CallQueueManager.take(CallQueueManager.java:370)
        at app//org.apache.hadoop.ipc.Server$Handler.run(Server.java:3165)
"IPC Server handler 76 on default port 15002" daemon prio=5 tid=415 timed_waiting
java.lang.Thread.State: TIMED_WAITING
        at java.base@21.0.8/jdk.internal.misc.Unsafe.park(Native Method)
        at java.base@21.0.8/java.util.concurrent.locks.LockSupport.parkNanos(LockSupport.java:269)
        at java.base@21.0.8/java.util.concurrent.locks.AbstractQueuedSynchronizer$ConditionObject.awaitNanos(AbstractQueuedSynchronizer.java:1763)
        at java.base@21.0.8/java.util.concurrent.LinkedBlockingQueue.poll(LinkedBlockingQueue.java:460)
        at app//org.apache.hadoop.ipc.CallQueueManager.take(CallQueueManager.java:370)
        at app//org.apache.hadoop.ipc.Server$Handler.run(Server.java:3165)
"IPC Server handler 82 on default port 15001" daemon prio=5 tid=303 timed_waiting
java.lang.Thread.State: TIMED_WAITING
        at java.base@21.0.8/jdk.internal.misc.Unsafe.park(Native Method)
        at java.base@21.0.8/java.util.concurrent.locks.LockSupport.parkNanos(LockSupport.java:269)
        at java.base@21.0.8/java.util.concurrent.locks.AbstractQueuedSynchronizer$ConditionObject.awaitNanos(AbstractQueuedSynchronizer.java:1763)
        at java.base@21.0.8/java.util.concurrent.LinkedBlockingQueue.poll(LinkedBlockingQueue.java:460)
        at app//org.apache.hadoop.ipc.CallQueueManager.take(CallQueueManager.java:370)
        at app//org.apache.hadoop.ipc.Server$Handler.run(Server.java:3165)
"IPC Server handler 0 on default port 15035" daemon prio=5 tid=705 timed_waiting
java.lang.Thread.State: TIMED_WAITING
        at java.base@21.0.8/jdk.internal.misc.Unsafe.park(Native Method)
        at java.base@21.0.8/java.util.concurrent.locks.LockSupport.parkNanos(LockSupport.java:269)
        at java.base@21.0.8/java.util.concurrent.locks.AbstractQueuedSynchronizer$ConditionObject.awaitNanos(AbstractQueuedSynchronizer.java:1763)
        at java.base@21.0.8/java.util.concurrent.LinkedBlockingQueue.poll(LinkedBlockingQueue.java:460)
        at app//org.apache.hadoop.ipc.CallQueueManager.take(CallQueueManager.java:370)
        at app//org.apache.hadoop.ipc.Server$Handler.run(Server.java:3165)
"IPC Server handler 76 on default port 15001" daemon prio=5 tid=297 timed_waiting
java.lang.Thread.State: TIMED_WAITING
        at java.base@21.0.8/jdk.internal.misc.Unsafe.park(Native Method)
        at java.base@21.0.8/java.util.concurrent.locks.LockSupport.parkNanos(LockSupport.java:269)
        at java.base@21.0.8/java.util.concurrent.locks.AbstractQueuedSynchronizer$ConditionObject.awaitNanos(AbstractQueuedSynchronizer.java:1763)
        at java.base@21.0.8/java.util.concurrent.LinkedBlockingQueue.poll(LinkedBlockingQueue.java:460)
        at app//org.apache.hadoop.ipc.CallQueueManager.take(CallQueueManager.java:370)
        at app//org.apache.hadoop.ipc.Server$Handler.run(Server.java:3165)
"IPC Server handler 94 on default port 15002" daemon prio=5 tid=433 timed_waiting
java.lang.Thread.State: TIMED_WAITING
        at java.base@21.0.8/jdk.internal.misc.Unsafe.park(Native Method)
        at java.base@21.0.8/java.util.concurrent.locks.LockSupport.parkNanos(LockSupport.java:269)
        at java.base@21.0.8/java.util.concurrent.locks.AbstractQueuedSynchronizer$ConditionObject.awaitNanos(AbstractQueuedSynchronizer.java:1763)
        at java.base@21.0.8/java.util.concurrent.LinkedBlockingQueue.poll(LinkedBlockingQueue.java:460)
        at app//org.apache.hadoop.ipc.CallQueueManager.take(CallQueueManager.java:370)
        at app//org.apache.hadoop.ipc.Server$Handler.run(Server.java:3165)
"18da7ee6-49f7-45ee-8090-861a49f32d36@group-01F21CBCA59D-LeaderStateImpl" daemon prio=5 tid=995 timed_waiting
java.lang.Thread.State: TIMED_WAITING
        at java.base@21.0.8/jdk.internal.misc.Unsafe.park(Native Method)
        at java.base@21.0.8/java.util.concurrent.locks.LockSupport.parkNanos(LockSupport.java:269)
        at java.base@21.0.8/java.util.concurrent.locks.AbstractQueuedSynchronizer$ConditionObject.awaitNanos(AbstractQueuedSynchronizer.java:1763)
        at java.base@21.0.8/java.util.concurrent.ArrayBlockingQueue.poll(ArrayBlockingQueue.java:435)
        at app//org.apache.ratis.server.impl.LeaderStateImpl$EventQueue.poll(LeaderStateImpl.java:168)
        at app//org.apache.ratis.server.impl.LeaderStateImpl$EventProcessor.run(LeaderStateImpl.java:761)
"IPC Server handler 7 on default port 15000" daemon prio=5 tid=128 timed_waiting
java.lang.Thread.State: TIMED_WAITING
        at java.base@21.0.8/jdk.internal.misc.Unsafe.park(Native Method)
        at java.base@21.0.8/java.util.concurrent.locks.LockSupport.parkNanos(LockSupport.java:269)
        at java.base@21.0.8/java.util.concurrent.locks.AbstractQueuedSynchronizer$ConditionObject.awaitNanos(AbstractQueuedSynchronizer.java:1763)
        at java.base@21.0.8/java.util.concurrent.LinkedBlockingQueue.poll(LinkedBlockingQueue.java:460)
        at app//org.apache.hadoop.ipc.CallQueueManager.take(CallQueueManager.java:370)
        at app//org.apache.hadoop.ipc.Server$Handler.run(Server.java:3165)
"Socket Reader #6 for port 15000" daemon prio=5 tid=96 runnable
java.lang.Thread.State: RUNNABLE
        at java.base@21.0.8/sun.nio.ch.EPoll.wait(Native Method)
        at java.base@21.0.8/sun.nio.ch.EPollSelectorImpl.doSelect(EPollSelectorImpl.java:121)
        at java.base@21.0.8/sun.nio.ch.SelectorImpl.lockAndDoSelect(SelectorImpl.java:130)
        at java.base@21.0.8/sun.nio.ch.SelectorImpl.select(SelectorImpl.java:147)
        at app//org.apache.hadoop.ipc.Server$Listener$Reader.doRunLoop(Server.java:1497)
        at app//org.apache.hadoop.ipc.Server$Listener$Reader.run(Server.java:1476)
"IPC Server handler 5 on default port 15001" daemon prio=5 tid=226 timed_waiting
java.lang.Thread.State: TIMED_WAITING
        at java.base@21.0.8/jdk.internal.misc.Unsafe.park(Native Method)
        at java.base@21.0.8/java.util.concurrent.locks.LockSupport.parkNanos(LockSupport.java:269)
        at java.base@21.0.8/java.util.concurrent.locks.AbstractQueuedSynchronizer$ConditionObject.awaitNanos(AbstractQueuedSynchronizer.java:1763)
        at java.base@21.0.8/java.util.concurrent.LinkedBlockingQueue.poll(LinkedBlockingQueue.java:460)
        at app//org.apache.hadoop.ipc.CallQueueManager.take(CallQueueManager.java:370)
        at app//org.apache.hadoop.ipc.Server$Handler.run(Server.java:3165)
"StaleRecoveringContainerScrubbingService#0" daemon prio=5 tid=740 timed_waiting
java.lang.Thread.State: TIMED_WAITING
        at java.base@21.0.8/jdk.internal.misc.Unsafe.park(Native Method)
        at java.base@21.0.8/java.util.concurrent.locks.LockSupport.parkNanos(LockSupport.java:269)
        at java.base@21.0.8/java.util.concurrent.locks.AbstractQueuedSynchronizer$ConditionObject.awaitNanos(AbstractQueuedSynchronizer.java:1763)
        at java.base@21.0.8/java.util.concurrent.ScheduledThreadPoolExecutor$DelayedWorkQueue.take(ScheduledThreadPoolExecutor.java:1182)
        at java.base@21.0.8/java.util.concurrent.ScheduledThreadPoolExecutor$DelayedWorkQueue.take(ScheduledThreadPoolExecutor.java:899)
        at java.base@21.0.8/java.util.concurrent.ThreadPoolExecutor.getTask(ThreadPoolExecutor.java:1070)
        at java.base@21.0.8/java.util.concurrent.ThreadPoolExecutor.runWorker(ThreadPoolExecutor.java:1130)
        at java.base@21.0.8/java.util.concurrent.ThreadPoolExecutor$Worker.run(ThreadPoolExecutor.java:642)
        at java.base@21.0.8/java.lang.Thread.runWith(Thread.java:1596)
        at java.base@21.0.8/java.lang.Thread.run(Thread.java:1583)
"IPC Server handler 30 on default port 15001" daemon prio=5 tid=251 timed_waiting
java.lang.Thread.State: TIMED_WAITING
        at java.base@21.0.8/jdk.internal.misc.Unsafe.park(Native Method)
        at java.base@21.0.8/java.util.concurrent.locks.LockSupport.parkNanos(LockSupport.java:269)
        at java.base@21.0.8/java.util.concurrent.locks.AbstractQueuedSynchronizer$ConditionObject.awaitNanos(AbstractQueuedSynchronizer.java:1763)
        at java.base@21.0.8/java.util.concurrent.LinkedBlockingQueue.poll(LinkedBlockingQueue.java:460)
        at app//org.apache.hadoop.ipc.CallQueueManager.take(CallQueueManager.java:370)
        at app//org.apache.hadoop.ipc.Server$Handler.run(Server.java:3165)
"IPC Server handler 15 on default port 15002" daemon prio=5 tid=354 timed_waiting
java.lang.Thread.State: TIMED_WAITING
        at java.base@21.0.8/jdk.internal.misc.Unsafe.park(Native Method)
        at java.base@21.0.8/java.util.concurrent.locks.LockSupport.parkNanos(LockSupport.java:269)
        at java.base@21.0.8/java.util.concurrent.locks.AbstractQueuedSynchronizer$ConditionObject.awaitNanos(AbstractQueuedSynchronizer.java:1763)
        at java.base@21.0.8/java.util.concurrent.LinkedBlockingQueue.poll(LinkedBlockingQueue.java:460)
        at app//org.apache.hadoop.ipc.CallQueueManager.take(CallQueueManager.java:370)
        at app//org.apache.hadoop.ipc.Server$Handler.run(Server.java:3165)
"IPC Server handler 81 on default port 15002" daemon prio=5 tid=420 timed_waiting
java.lang.Thread.State: TIMED_WAITING
        at java.base@21.0.8/jdk.internal.misc.Unsafe.park(Native Method)
        at java.base@21.0.8/java.util.concurrent.locks.LockSupport.parkNanos(LockSupport.java:269)
        at java.base@21.0.8/java.util.concurrent.locks.AbstractQueuedSynchronizer$ConditionObject.awaitNanos(AbstractQueuedSynchronizer.java:1763)
        at java.base@21.0.8/java.util.concurrent.LinkedBlockingQueue.poll(LinkedBlockingQueue.java:460)
        at app//org.apache.hadoop.ipc.CallQueueManager.take(CallQueueManager.java:370)
        at app//org.apache.hadoop.ipc.Server$Handler.run(Server.java:3165)
"Socket Reader #4 for port 15000" daemon prio=5 tid=94 runnable
java.lang.Thread.State: RUNNABLE
        at java.base@21.0.8/sun.nio.ch.EPoll.wait(Native Method)
        at java.base@21.0.8/sun.nio.ch.EPollSelectorImpl.doSelect(EPollSelectorImpl.java:121)
        at java.base@21.0.8/sun.nio.ch.SelectorImpl.lockAndDoSelect(SelectorImpl.java:130)
        at java.base@21.0.8/sun.nio.ch.SelectorImpl.select(SelectorImpl.java:147)
        at app//org.apache.hadoop.ipc.Server$Listener$Reader.doRunLoop(Server.java:1497)
        at app//org.apache.hadoop.ipc.Server$Listener$Reader.run(Server.java:1476)
"IPC Server handler 9 on default port 15000" daemon prio=5 tid=130 timed_waiting
java.lang.Thread.State: TIMED_WAITING
        at java.base@21.0.8/jdk.internal.misc.Unsafe.park(Native Method)
        at java.base@21.0.8/java.util.concurrent.locks.LockSupport.parkNanos(LockSupport.java:269)
        at java.base@21.0.8/java.util.concurrent.locks.AbstractQueuedSynchronizer$ConditionObject.awaitNanos(AbstractQueuedSynchronizer.java:1763)
        at java.base@21.0.8/java.util.concurrent.LinkedBlockingQueue.poll(LinkedBlockingQueue.java:460)
        at app//org.apache.hadoop.ipc.CallQueueManager.take(CallQueueManager.java:370)
        at app//org.apache.hadoop.ipc.Server$Handler.run(Server.java:3165)
"IPC Server handler 38 on default port 15002" daemon prio=5 tid=377 timed_waiting
java.lang.Thread.State: TIMED_WAITING
        at java.base@21.0.8/jdk.internal.misc.Unsafe.park(Native Method)
        at java.base@21.0.8/java.util.concurrent.locks.LockSupport.parkNanos(LockSupport.java:269)
        at java.base@21.0.8/java.util.concurrent.locks.AbstractQueuedSynchronizer$ConditionObject.awaitNanos(AbstractQueuedSynchronizer.java:1763)
        at java.base@21.0.8/java.util.concurrent.LinkedBlockingQueue.poll(LinkedBlockingQueue.java:460)
        at app//org.apache.hadoop.ipc.CallQueueManager.take(CallQueueManager.java:370)
        at app//org.apache.hadoop.ipc.Server$Handler.run(Server.java:3165)
"qtp887238034-670" daemon prio=5 tid=670 timed_waiting
java.lang.Thread.State: TIMED_WAITING
        at java.base@21.0.8/jdk.internal.misc.Unsafe.park(Native Method)
        at java.base@21.0.8/java.util.concurrent.locks.LockSupport.parkNanos(LockSupport.java:269)
        at java.base@21.0.8/java.util.concurrent.locks.AbstractQueuedSynchronizer$ConditionObject.awaitNanos(AbstractQueuedSynchronizer.java:1763)
        at app//org.eclipse.jetty.util.BlockingArrayQueue.poll(BlockingArrayQueue.java:382)
        at app//org.eclipse.jetty.util.thread.QueuedThreadPool$Runner.idleJobPoll(QueuedThreadPool.java:974)
        at app//org.eclipse.jetty.util.thread.QueuedThreadPool$Runner.run(QueuedThreadPool.java:1018)
        at java.base@21.0.8/java.lang.Thread.runWith(Thread.java:1596)
        at java.base@21.0.8/java.lang.Thread.run(Thread.java:1583)
"IPC Server handler 7 on default port 15035" daemon prio=5 tid=712 timed_waiting
java.lang.Thread.State: TIMED_WAITING
        at java.base@21.0.8/jdk.internal.misc.Unsafe.park(Native Method)
        at java.base@21.0.8/java.util.concurrent.locks.LockSupport.parkNanos(LockSupport.java:269)
        at java.base@21.0.8/java.util.concurrent.locks.AbstractQueuedSynchronizer$ConditionObject.awaitNanos(AbstractQueuedSynchronizer.java:1763)
        at java.base@21.0.8/java.util.concurrent.LinkedBlockingQueue.poll(LinkedBlockingQueue.java:460)
        at app//org.apache.hadoop.ipc.CallQueueManager.take(CallQueueManager.java:370)
        at app//org.apache.hadoop.ipc.Server$Handler.run(Server.java:3165)
"IPC Server handler 65 on default port 15002" daemon prio=5 tid=404 timed_waiting
java.lang.Thread.State: TIMED_WAITING
        at java.base@21.0.8/jdk.internal.misc.Unsafe.park(Native Method)
        at java.base@21.0.8/java.util.concurrent.locks.LockSupport.parkNanos(LockSupport.java:269)
        at java.base@21.0.8/java.util.concurrent.locks.AbstractQueuedSynchronizer$ConditionObject.awaitNanos(AbstractQueuedSynchronizer.java:1763)
        at java.base@21.0.8/java.util.concurrent.LinkedBlockingQueue.poll(LinkedBlockingQueue.java:460)
        at app//org.apache.hadoop.ipc.CallQueueManager.take(CallQueueManager.java:370)
        at app//org.apache.hadoop.ipc.Server$Handler.run(Server.java:3165)
"Socket Reader #10 for port 15019" daemon prio=5 tid=585 runnable
java.lang.Thread.State: RUNNABLE
        at java.base@21.0.8/sun.nio.ch.EPoll.wait(Native Method)
        at java.base@21.0.8/sun.nio.ch.EPollSelectorImpl.doSelect(EPollSelectorImpl.java:121)
        at java.base@21.0.8/sun.nio.ch.SelectorImpl.lockAndDoSelect(SelectorImpl.java:130)
        at java.base@21.0.8/sun.nio.ch.SelectorImpl.select(SelectorImpl.java:147)
        at app//org.apache.hadoop.ipc.Server$Listener$Reader.doRunLoop(Server.java:1497)
        at app//org.apache.hadoop.ipc.Server$Listener$Reader.run(Server.java:1476)
"qtp887238034-669" daemon prio=5 tid=669 timed_waiting
java.lang.Thread.State: TIMED_WAITING
        at java.base@21.0.8/jdk.internal.misc.Unsafe.park(Native Method)
        at java.base@21.0.8/java.util.concurrent.locks.LockSupport.parkNanos(LockSupport.java:269)
        at java.base@21.0.8/java.util.concurrent.locks.AbstractQueuedSynchronizer$ConditionObject.awaitNanos(AbstractQueuedSynchronizer.java:1763)
        at app//org.eclipse.jetty.util.BlockingArrayQueue.poll(BlockingArrayQueue.java:382)
        at app//org.eclipse.jetty.util.thread.QueuedThreadPool$Runner.idleJobPoll(QueuedThreadPool.java:974)
        at app//org.eclipse.jetty.util.thread.QueuedThreadPool$Runner.run(QueuedThreadPool.java:1018)
        at java.base@21.0.8/java.lang.Thread.runWith(Thread.java:1596)
        at java.base@21.0.8/java.lang.Thread.run(Thread.java:1583)
"Timer-0"  prio=5 tid=468 timed_waiting
java.lang.Thread.State: TIMED_WAITING
        at java.base@21.0.8/java.lang.Object.wait0(Native Method)
        at java.base@21.0.8/java.lang.Object.wait(Object.java:366)
        at java.base@21.0.8/java.util.TimerThread.mainLoop(Timer.java:563)
        at java.base@21.0.8/java.util.TimerThread.run(Timer.java:516)
"Socket Reader #10 for port 15002" daemon prio=5 tid=72 runnable
java.lang.Thread.State: RUNNABLE
        at java.base@21.0.8/sun.nio.ch.EPoll.wait(Native Method)
        at java.base@21.0.8/sun.nio.ch.EPollSelectorImpl.doSelect(EPollSelectorImpl.java:121)
        at java.base@21.0.8/sun.nio.ch.SelectorImpl.lockAndDoSelect(SelectorImpl.java:130)
        at java.base@21.0.8/sun.nio.ch.SelectorImpl.select(SelectorImpl.java:147)
        at app//org.apache.hadoop.ipc.Server$Listener$Reader.doRunLoop(Server.java:1497)
        at app//org.apache.hadoop.ipc.Server$Listener$Reader.run(Server.java:1476)
"IPC Server handler 1 on default port 15000" daemon prio=5 tid=122 timed_waiting
java.lang.Thread.State: TIMED_WAITING
        at java.base@21.0.8/jdk.internal.misc.Unsafe.park(Native Method)
        at java.base@21.0.8/java.util.concurrent.locks.LockSupport.parkNanos(LockSupport.java:269)
        at java.base@21.0.8/java.util.concurrent.locks.AbstractQueuedSynchronizer$ConditionObject.awaitNanos(AbstractQueuedSynchronizer.java:1763)
        at java.base@21.0.8/java.util.concurrent.LinkedBlockingQueue.poll(LinkedBlockingQueue.java:460)
        at app//org.apache.hadoop.ipc.CallQueueManager.take(CallQueueManager.java:370)
        at app//org.apache.hadoop.ipc.Server$Handler.run(Server.java:3165)
"IPC Server handler 3 on default port 15001" daemon prio=5 tid=224 timed_waiting
java.lang.Thread.State: TIMED_WAITING
        at java.base@21.0.8/jdk.internal.misc.Unsafe.park(Native Method)
        at java.base@21.0.8/java.util.concurrent.locks.LockSupport.parkNanos(LockSupport.java:269)
        at java.base@21.0.8/java.util.concurrent.locks.AbstractQueuedSynchronizer$ConditionObject.awaitNanos(AbstractQueuedSynchronizer.java:1763)
        at java.base@21.0.8/java.util.concurrent.LinkedBlockingQueue.poll(LinkedBlockingQueue.java:460)
        at app//org.apache.hadoop.ipc.CallQueueManager.take(CallQueueManager.java:370)
        at app//org.apache.hadoop.ipc.Server$Handler.run(Server.java:3165)
"FixedThreadPoolWithAffinityExecutor-7-0" daemon prio=5 tid=111 timed_waiting
java.lang.Thread.State: TIMED_WAITING
        at java.base@21.0.8/jdk.internal.misc.Unsafe.park(Native Method)
        at java.base@21.0.8/java.util.concurrent.locks.LockSupport.parkNanos(LockSupport.java:269)
        at java.base@21.0.8/java.util.concurrent.locks.AbstractQueuedSynchronizer$ConditionObject.awaitNanos(AbstractQueuedSynchronizer.java:1763)
        at java.base@21.0.8/java.util.concurrent.LinkedBlockingQueue.poll(LinkedBlockingQueue.java:460)
        at app//org.apache.hadoop.hdds.scm.server.ContainerReportQueue.poll(ContainerReportQueue.java:269)
        at app//org.apache.hadoop.hdds.scm.server.ContainerReportQueue.poll(ContainerReportQueue.java:42)
        at app//org.apache.hadoop.hdds.server.events.FixedThreadPoolWithAffinityExecutor$ContainerReportProcessTask.run(FixedThreadPoolWithAffinityExecutor.java:228)
        at java.base@21.0.8/java.util.concurrent.Executors$RunnableAdapter.call(Executors.java:572)
        at java.base@21.0.8/java.util.concurrent.FutureTask.run(FutureTask.java:317)
        at java.base@21.0.8/java.util.concurrent.ThreadPoolExecutor.runWorker(ThreadPoolExecutor.java:1144)
        at java.base@21.0.8/java.util.concurrent.ThreadPoolExecutor$Worker.run(ThreadPoolExecutor.java:642)
        at java.base@21.0.8/java.lang.Thread.runWith(Thread.java:1596)
        at java.base@21.0.8/java.lang.Thread.run(Thread.java:1583)
"IPC Server handler 47 on default port 15002" daemon prio=5 tid=386 timed_waiting
java.lang.Thread.State: TIMED_WAITING
        at java.base@21.0.8/jdk.internal.misc.Unsafe.park(Native Method)
        at java.base@21.0.8/java.util.concurrent.locks.LockSupport.parkNanos(LockSupport.java:269)
        at java.base@21.0.8/java.util.concurrent.locks.AbstractQueuedSynchronizer$ConditionObject.awaitNanos(AbstractQueuedSynchronizer.java:1763)
        at java.base@21.0.8/java.util.concurrent.LinkedBlockingQueue.poll(LinkedBlockingQueue.java:460)
        at app//org.apache.hadoop.ipc.CallQueueManager.take(CallQueueManager.java:370)
        at app//org.apache.hadoop.ipc.Server$Handler.run(Server.java:3165)
"om1-DirectoryDeletingService#0" daemon prio=5 tid=475 in Object.wait()
java.lang.Thread.State: WAITING (on object monitor)
        at java.base@21.0.8/jdk.internal.misc.Unsafe.park(Native Method)
        at java.base@21.0.8/java.util.concurrent.locks.LockSupport.park(LockSupport.java:371)
        at java.base@21.0.8/java.util.concurrent.locks.AbstractQueuedSynchronizer$ConditionNode.block(AbstractQueuedSynchronizer.java:519)
        at java.base@21.0.8/java.util.concurrent.ForkJoinPool.unmanagedBlock(ForkJoinPool.java:3780)
        at java.base@21.0.8/java.util.concurrent.ForkJoinPool.managedBlock(ForkJoinPool.java:3725)
        at java.base@21.0.8/java.util.concurrent.locks.AbstractQueuedSynchronizer$ConditionObject.await(AbstractQueuedSynchronizer.java:1712)
        at java.base@21.0.8/java.util.concurrent.ScheduledThreadPoolExecutor$DelayedWorkQueue.take(ScheduledThreadPoolExecutor.java:1177)
        at java.base@21.0.8/java.util.concurrent.ScheduledThreadPoolExecutor$DelayedWorkQueue.take(ScheduledThreadPoolExecutor.java:899)
        at java.base@21.0.8/java.util.concurrent.ThreadPoolExecutor.getTask(ThreadPoolExecutor.java:1070)
        at java.base@21.0.8/java.util.concurrent.ThreadPoolExecutor.runWorker(ThreadPoolExecutor.java:1130)
        at java.base@21.0.8/java.util.concurrent.ThreadPoolExecutor$Worker.run(ThreadPoolExecutor.java:642)
        at java.base@21.0.8/java.lang.Thread.runWith(Thread.java:1596)
        at java.base@21.0.8/java.lang.Thread.run(Thread.java:1583)
"qtp976208765-612" daemon prio=5 tid=612 runnable
java.lang.Thread.State: RUNNABLE
        at java.base@21.0.8/sun.nio.ch.EPoll.wait(Native Method)
        at java.base@21.0.8/sun.nio.ch.EPollSelectorImpl.doSelect(EPollSelectorImpl.java:121)
        at java.base@21.0.8/sun.nio.ch.SelectorImpl.lockAndDoSelect(SelectorImpl.java:130)
        at java.base@21.0.8/sun.nio.ch.SelectorImpl.select(SelectorImpl.java:147)
        at app//org.eclipse.jetty.io.ManagedSelector.nioSelect(ManagedSelector.java:183)
        at app//org.eclipse.jetty.io.ManagedSelector.select(ManagedSelector.java:190)
        at app//org.eclipse.jetty.io.ManagedSelector$SelectorProducer.select(ManagedSelector.java:606)
        at app//org.eclipse.jetty.io.ManagedSelector$SelectorProducer.produce(ManagedSelector.java:543)
        at app//org.eclipse.jetty.util.thread.strategy.EatWhatYouKill.produceTask(EatWhatYouKill.java:362)
        at app//org.eclipse.jetty.util.thread.strategy.EatWhatYouKill.doProduce(EatWhatYouKill.java:186)
        at app//org.eclipse.jetty.util.thread.strategy.EatWhatYouKill.tryProduce(EatWhatYouKill.java:173)
        at app//org.eclipse.jetty.util.thread.strategy.EatWhatYouKill.produce(EatWhatYouKill.java:137)
        at app//org.eclipse.jetty.io.ManagedSelector$$Lambda/0x00007fd1ac6ed508.run(Unknown Source)
        at app//org.eclipse.jetty.util.thread.QueuedThreadPool.runJob(QueuedThreadPool.java:883)
        at app//org.eclipse.jetty.util.thread.QueuedThreadPool$Runner.run(QueuedThreadPool.java:1034)
        at java.base@21.0.8/java.lang.Thread.runWith(Thread.java:1596)
        at java.base@21.0.8/java.lang.Thread.run(Thread.java:1583)
"IPC Server handler 0 on default port 15006" daemon prio=5 tid=492 timed_waiting
java.lang.Thread.State: TIMED_WAITING
        at java.base@21.0.8/jdk.internal.misc.Unsafe.park(Native Method)
        at java.base@21.0.8/java.util.concurrent.locks.LockSupport.parkNanos(LockSupport.java:269)
        at java.base@21.0.8/java.util.concurrent.locks.AbstractQueuedSynchronizer$ConditionObject.awaitNanos(AbstractQueuedSynchronizer.java:1763)
        at java.base@21.0.8/java.util.concurrent.LinkedBlockingQueue.poll(LinkedBlockingQueue.java:460)
        at app//org.apache.hadoop.ipc.CallQueueManager.take(CallQueueManager.java:370)
        at app//org.apache.hadoop.ipc.Server$Handler.run(Server.java:3165)
"CompactionDagPruningService" daemon prio=5 tid=440 timed_waiting
java.lang.Thread.State: TIMED_WAITING
        at java.base@21.0.8/jdk.internal.misc.Unsafe.park(Native Method)
        at java.base@21.0.8/java.util.concurrent.locks.LockSupport.parkNanos(LockSupport.java:269)
        at java.base@21.0.8/java.util.concurrent.locks.AbstractQueuedSynchronizer$ConditionObject.awaitNanos(AbstractQueuedSynchronizer.java:1763)
        at java.base@21.0.8/java.util.concurrent.ScheduledThreadPoolExecutor$DelayedWorkQueue.take(ScheduledThreadPoolExecutor.java:1182)
        at java.base@21.0.8/java.util.concurrent.ScheduledThreadPoolExecutor$DelayedWorkQueue.take(ScheduledThreadPoolExecutor.java:899)
        at java.base@21.0.8/java.util.concurrent.ThreadPoolExecutor.getTask(ThreadPoolExecutor.java:1070)
        at java.base@21.0.8/java.util.concurrent.ThreadPoolExecutor.runWorker(ThreadPoolExecutor.java:1130)
        at java.base@21.0.8/java.util.concurrent.ThreadPoolExecutor$Worker.run(ThreadPoolExecutor.java:642)
        at java.base@21.0.8/java.lang.Thread.runWith(Thread.java:1596)
        at java.base@21.0.8/java.lang.Thread.run(Thread.java:1583)
"83932d67-4fdc-4fe4-8fe1-3df6c3f1844a-BlockDeletingService#1" daemon prio=5 tid=741 in Object.wait()
java.lang.Thread.State: WAITING (on object monitor)
        at java.base@21.0.8/jdk.internal.misc.Unsafe.park(Native Method)
        at java.base@21.0.8/java.util.concurrent.locks.LockSupport.park(LockSupport.java:371)
        at java.base@21.0.8/java.util.concurrent.locks.AbstractQueuedSynchronizer$ConditionNode.block(AbstractQueuedSynchronizer.java:519)
        at java.base@21.0.8/java.util.concurrent.ForkJoinPool.unmanagedBlock(ForkJoinPool.java:3780)
        at java.base@21.0.8/java.util.concurrent.ForkJoinPool.managedBlock(ForkJoinPool.java:3725)
        at java.base@21.0.8/java.util.concurrent.locks.AbstractQueuedSynchronizer$ConditionObject.await(AbstractQueuedSynchronizer.java:1712)
        at java.base@21.0.8/java.util.concurrent.ScheduledThreadPoolExecutor$DelayedWorkQueue.take(ScheduledThreadPoolExecutor.java:1177)
        at java.base@21.0.8/java.util.concurrent.ScheduledThreadPoolExecutor$DelayedWorkQueue.take(ScheduledThreadPoolExecutor.java:899)
        at java.base@21.0.8/java.util.concurrent.ThreadPoolExecutor.getTask(ThreadPoolExecutor.java:1070)
        at java.base@21.0.8/java.util.concurrent.ThreadPoolExecutor.runWorker(ThreadPoolExecutor.java:1130)
        at java.base@21.0.8/java.util.concurrent.ThreadPoolExecutor$Worker.run(ThreadPoolExecutor.java:642)
        at java.base@21.0.8/java.lang.Thread.runWith(Thread.java:1596)
        at java.base@21.0.8/java.lang.Thread.run(Thread.java:1583)
"Socket Reader #9 for port 15000" daemon prio=5 tid=99 runnable
java.lang.Thread.State: RUNNABLE
        at java.base@21.0.8/sun.nio.ch.EPoll.wait(Native Method)
        at java.base@21.0.8/sun.nio.ch.EPollSelectorImpl.doSelect(EPollSelectorImpl.java:121)
        at java.base@21.0.8/sun.nio.ch.SelectorImpl.lockAndDoSelect(SelectorImpl.java:130)
        at java.base@21.0.8/sun.nio.ch.SelectorImpl.select(SelectorImpl.java:147)
        at app//org.apache.hadoop.ipc.Server$Listener$Reader.doRunLoop(Server.java:1497)
        at app//org.apache.hadoop.ipc.Server$Listener$Reader.run(Server.java:1476)
"grpc-default-executor-5" daemon prio=5 tid=1039 timed_waiting
java.lang.Thread.State: TIMED_WAITING
        at java.base@21.0.8/jdk.internal.misc.Unsafe.park(Native Method)
        at java.base@21.0.8/java.util.concurrent.locks.LockSupport.parkNanos(LockSupport.java:410)
        at java.base@21.0.8/java.util.concurrent.LinkedTransferQueue$DualNode.await(LinkedTransferQueue.java:452)
        at java.base@21.0.8/java.util.concurrent.SynchronousQueue$Transferer.xferLifo(SynchronousQueue.java:194)
        at java.base@21.0.8/java.util.concurrent.SynchronousQueue.xfer(SynchronousQueue.java:235)
        at java.base@21.0.8/java.util.concurrent.SynchronousQueue.poll(SynchronousQueue.java:338)
        at java.base@21.0.8/java.util.concurrent.ThreadPoolExecutor.getTask(ThreadPoolExecutor.java:1069)
        at java.base@21.0.8/java.util.concurrent.ThreadPoolExecutor.runWorker(ThreadPoolExecutor.java:1130)
        at java.base@21.0.8/java.util.concurrent.ThreadPoolExecutor$Worker.run(ThreadPoolExecutor.java:642)
        at java.base@21.0.8/java.lang.Thread.runWith(Thread.java:1596)
        at java.base@21.0.8/java.lang.Thread.run(Thread.java:1583)
"IPC Server handler 7 on default port 15006" daemon prio=5 tid=499 timed_waiting
java.lang.Thread.State: TIMED_WAITING
        at java.base@21.0.8/jdk.internal.misc.Unsafe.park(Native Method)
        at java.base@21.0.8/java.util.concurrent.locks.LockSupport.parkNanos(LockSupport.java:269)
        at java.base@21.0.8/java.util.concurrent.locks.AbstractQueuedSynchronizer$ConditionObject.awaitNanos(AbstractQueuedSynchronizer.java:1763)
        at java.base@21.0.8/java.util.concurrent.LinkedBlockingQueue.poll(LinkedBlockingQueue.java:460)
        at app//org.apache.hadoop.ipc.CallQueueManager.take(CallQueueManager.java:370)
        at app//org.apache.hadoop.ipc.Server$Handler.run(Server.java:3165)
"IPC Server handler 7 on default port 15027" daemon prio=5 tid=644 timed_waiting
java.lang.Thread.State: TIMED_WAITING
        at java.base@21.0.8/jdk.internal.misc.Unsafe.park(Native Method)
        at java.base@21.0.8/java.util.concurrent.locks.LockSupport.parkNanos(LockSupport.java:269)
        at java.base@21.0.8/java.util.concurrent.locks.AbstractQueuedSynchronizer$ConditionObject.awaitNanos(AbstractQueuedSynchronizer.java:1763)
        at java.base@21.0.8/java.util.concurrent.LinkedBlockingQueue.poll(LinkedBlockingQueue.java:460)
        at app//org.apache.hadoop.ipc.CallQueueManager.take(CallQueueManager.java:370)
        at app//org.apache.hadoop.ipc.Server$Handler.run(Server.java:3165)
"timer2" daemon prio=5 tid=988 timed_waiting
java.lang.Thread.State: TIMED_WAITING
        at java.base@21.0.8/java.lang.Object.wait0(Native Method)
        at java.base@21.0.8/java.lang.Object.wait(Object.java:366)
        at java.base@21.0.8/java.util.TimerThread.mainLoop(Timer.java:563)
        at java.base@21.0.8/java.util.TimerThread.run(Timer.java:516)
"IPC Server handler 44 on default port 15001" daemon prio=5 tid=265 timed_waiting
java.lang.Thread.State: TIMED_WAITING
        at java.base@21.0.8/jdk.internal.misc.Unsafe.park(Native Method)
        at java.base@21.0.8/java.util.concurrent.locks.LockSupport.parkNanos(LockSupport.java:269)
        at java.base@21.0.8/java.util.concurrent.locks.AbstractQueuedSynchronizer$ConditionObject.awaitNanos(AbstractQueuedSynchronizer.java:1763)
        at java.base@21.0.8/java.util.concurrent.LinkedBlockingQueue.poll(LinkedBlockingQueue.java:460)
        at app//org.apache.hadoop.ipc.CallQueueManager.take(CallQueueManager.java:370)
        at app//org.apache.hadoop.ipc.Server$Handler.run(Server.java:3165)
"RatisPipelineUtilsThread-0"  prio=5 tid=55 timed_waiting
java.lang.Thread.State: TIMED_WAITING
        at java.base@21.0.8/java.lang.Object.wait0(Native Method)
        at java.base@21.0.8/java.lang.Object.wait(Object.java:366)
        at app//org.apache.hadoop.hdds.scm.pipeline.BackgroundPipelineCreator.run(BackgroundPipelineCreator.java:181)
        at app//org.apache.hadoop.hdds.scm.pipeline.BackgroundPipelineCreator$$Lambda/0x00007fd1ac507940.run(Unknown Source)
        at java.base@21.0.8/java.lang.Thread.runWith(Thread.java:1596)
        at java.base@21.0.8/java.lang.Thread.run(Thread.java:1583)
"IPC Server handler 90 on default port 15001" daemon prio=5 tid=311 timed_waiting
java.lang.Thread.State: TIMED_WAITING
        at java.base@21.0.8/jdk.internal.misc.Unsafe.park(Native Method)
        at java.base@21.0.8/java.util.concurrent.locks.LockSupport.parkNanos(LockSupport.java:269)
        at java.base@21.0.8/java.util.concurrent.locks.AbstractQueuedSynchronizer$ConditionObject.awaitNanos(AbstractQueuedSynchronizer.java:1763)
        at java.base@21.0.8/java.util.concurrent.LinkedBlockingQueue.poll(LinkedBlockingQueue.java:460)
        at app//org.apache.hadoop.ipc.CallQueueManager.take(CallQueueManager.java:370)
        at app//org.apache.hadoop.ipc.Server$Handler.run(Server.java:3165)
"Socket Reader #10 for port 15006" daemon prio=5 tid=459 runnable
java.lang.Thread.State: RUNNABLE
        at java.base@21.0.8/sun.nio.ch.EPoll.wait(Native Method)
        at java.base@21.0.8/sun.nio.ch.EPollSelectorImpl.doSelect(EPollSelectorImpl.java:121)
        at java.base@21.0.8/sun.nio.ch.SelectorImpl.lockAndDoSelect(SelectorImpl.java:130)
        at java.base@21.0.8/sun.nio.ch.SelectorImpl.select(SelectorImpl.java:147)
        at app//org.apache.hadoop.ipc.Server$Listener$Reader.doRunLoop(Server.java:1497)
        at app//org.apache.hadoop.ipc.Server$Listener$Reader.run(Server.java:1476)
"qtp976208765-616" daemon prio=5 tid=616 timed_waiting
java.lang.Thread.State: TIMED_WAITING
        at java.base@21.0.8/jdk.internal.misc.Unsafe.park(Native Method)
        at java.base@21.0.8/java.util.concurrent.locks.LockSupport.parkNanos(LockSupport.java:269)
        at java.base@21.0.8/java.util.concurrent.locks.AbstractQueuedSynchronizer$ConditionObject.awaitNanos(AbstractQueuedSynchronizer.java:1763)
        at app//org.eclipse.jetty.util.BlockingArrayQueue.poll(BlockingArrayQueue.java:382)
        at app//org.eclipse.jetty.util.thread.QueuedThreadPool$Runner.idleJobPoll(QueuedThreadPool.java:974)
        at app//org.eclipse.jetty.util.thread.QueuedThreadPool$Runner.run(QueuedThreadPool.java:1018)
        at java.base@21.0.8/java.lang.Thread.runWith(Thread.java:1596)
        at java.base@21.0.8/java.lang.Thread.run(Thread.java:1583)
"Socket Reader #2 for port 15043" daemon prio=5 tid=763 runnable
java.lang.Thread.State: RUNNABLE
        at java.base@21.0.8/sun.nio.ch.EPoll.wait(Native Method)
        at java.base@21.0.8/sun.nio.ch.EPollSelectorImpl.doSelect(EPollSelectorImpl.java:121)
        at java.base@21.0.8/sun.nio.ch.SelectorImpl.lockAndDoSelect(SelectorImpl.java:130)
        at java.base@21.0.8/sun.nio.ch.SelectorImpl.select(SelectorImpl.java:147)
        at app//org.apache.hadoop.ipc.Server$Listener$Reader.doRunLoop(Server.java:1497)
        at app//org.apache.hadoop.ipc.Server$Listener$Reader.run(Server.java:1476)
"IPC Server handler 13 on default port 15000" daemon prio=5 tid=134 timed_waiting
java.lang.Thread.State: TIMED_WAITING
        at java.base@21.0.8/jdk.internal.misc.Unsafe.park(Native Method)
        at java.base@21.0.8/java.util.concurrent.locks.LockSupport.parkNanos(LockSupport.java:269)
        at java.base@21.0.8/java.util.concurrent.locks.AbstractQueuedSynchronizer$ConditionObject.awaitNanos(AbstractQueuedSynchronizer.java:1763)
        at java.base@21.0.8/java.util.concurrent.LinkedBlockingQueue.poll(LinkedBlockingQueue.java:460)
        at app//org.apache.hadoop.ipc.CallQueueManager.take(CallQueueManager.java:370)
        at app//org.apache.hadoop.ipc.Server$Handler.run(Server.java:3165)
"IPC Server handler 2 on default port 15000" daemon prio=5 tid=123 timed_waiting
java.lang.Thread.State: TIMED_WAITING
        at java.base@21.0.8/jdk.internal.misc.Unsafe.park(Native Method)
        at java.base@21.0.8/java.util.concurrent.locks.LockSupport.parkNanos(LockSupport.java:269)
        at java.base@21.0.8/java.util.concurrent.locks.AbstractQueuedSynchronizer$ConditionObject.awaitNanos(AbstractQueuedSynchronizer.java:1763)
        at java.base@21.0.8/java.util.concurrent.LinkedBlockingQueue.poll(LinkedBlockingQueue.java:460)
        at app//org.apache.hadoop.ipc.CallQueueManager.take(CallQueueManager.java:370)
        at app//org.apache.hadoop.ipc.Server$Handler.run(Server.java:3165)
"om1@group-C5BA1605619E-SegmentedRaftLogWorker" daemon prio=5 tid=464 timed_waiting
java.lang.Thread.State: TIMED_WAITING
        at java.base@21.0.8/jdk.internal.misc.Unsafe.park(Native Method)
        at java.base@21.0.8/java.util.concurrent.locks.LockSupport.parkNanos(LockSupport.java:269)
        at java.base@21.0.8/java.util.concurrent.locks.AbstractQueuedSynchronizer$ConditionObject.awaitNanos(AbstractQueuedSynchronizer.java:1763)
        at app//org.apache.ratis.util.DataBlockingQueue.poll(DataBlockingQueue.java:148)
        at app//org.apache.ratis.server.raftlog.segmented.SegmentedRaftLogWorker.run(SegmentedRaftLogWorker.java:309)
        at app//org.apache.ratis.server.raftlog.segmented.SegmentedRaftLogWorker$$Lambda/0x00007fd1ac39e8e0.run(Unknown Source)
        at java.base@21.0.8/java.util.concurrent.Executors$RunnableAdapter.call(Executors.java:572)
        at java.base@21.0.8/java.util.concurrent.FutureTask.run(FutureTask.java:317)
        at java.base@21.0.8/java.util.concurrent.ThreadPoolExecutor.runWorker(ThreadPoolExecutor.java:1144)
        at java.base@21.0.8/java.util.concurrent.ThreadPoolExecutor$Worker.run(ThreadPoolExecutor.java:642)
        at java.base@21.0.8/java.lang.Thread.runWith(Thread.java:1596)
        at java.base@21.0.8/java.lang.Thread.run(Thread.java:1583)
"25d9f169-1c9e-47c6-a2a2-d20fb3c5fda2-BlockDeletingService#0" daemon prio=5 tid=825 timed_waiting
java.lang.Thread.State: TIMED_WAITING
        at java.base@21.0.8/jdk.internal.misc.Unsafe.park(Native Method)
        at java.base@21.0.8/java.util.concurrent.locks.LockSupport.parkNanos(LockSupport.java:269)
        at java.base@21.0.8/java.util.concurrent.locks.AbstractQueuedSynchronizer$ConditionObject.awaitNanos(AbstractQueuedSynchronizer.java:1763)
        at java.base@21.0.8/java.util.concurrent.ScheduledThreadPoolExecutor$DelayedWorkQueue.take(ScheduledThreadPoolExecutor.java:1182)
        at java.base@21.0.8/java.util.concurrent.ScheduledThreadPoolExecutor$DelayedWorkQueue.take(ScheduledThreadPoolExecutor.java:899)
        at java.base@21.0.8/java.util.concurrent.ThreadPoolExecutor.getTask(ThreadPoolExecutor.java:1070)
        at java.base@21.0.8/java.util.concurrent.ThreadPoolExecutor.runWorker(ThreadPoolExecutor.java:1130)
        at java.base@21.0.8/java.util.concurrent.ThreadPoolExecutor$Worker.run(ThreadPoolExecutor.java:642)
        at java.base@21.0.8/java.lang.Thread.runWith(Thread.java:1596)
        at java.base@21.0.8/java.lang.Thread.run(Thread.java:1583)
"Socket Reader #8 for port 15027" daemon prio=5 tid=631 runnable
java.lang.Thread.State: RUNNABLE
        at java.base@21.0.8/sun.nio.ch.EPoll.wait(Native Method)
        at java.base@21.0.8/sun.nio.ch.EPollSelectorImpl.doSelect(EPollSelectorImpl.java:121)
        at java.base@21.0.8/sun.nio.ch.SelectorImpl.lockAndDoSelect(SelectorImpl.java:130)
        at java.base@21.0.8/sun.nio.ch.SelectorImpl.select(SelectorImpl.java:147)
        at app//org.apache.hadoop.ipc.Server$Listener$Reader.doRunLoop(Server.java:1497)
        at app//org.apache.hadoop.ipc.Server$Listener$Reader.run(Server.java:1476)
"IPC Server handler 53 on default port 15001" daemon prio=5 tid=274 timed_waiting
java.lang.Thread.State: TIMED_WAITING
        at java.base@21.0.8/jdk.internal.misc.Unsafe.park(Native Method)
        at java.base@21.0.8/java.util.concurrent.locks.LockSupport.parkNanos(LockSupport.java:269)
        at java.base@21.0.8/java.util.concurrent.locks.AbstractQueuedSynchronizer$ConditionObject.awaitNanos(AbstractQueuedSynchronizer.java:1763)
        at java.base@21.0.8/java.util.concurrent.LinkedBlockingQueue.poll(LinkedBlockingQueue.java:460)
        at app//org.apache.hadoop.ipc.CallQueueManager.take(CallQueueManager.java:370)
        at app//org.apache.hadoop.ipc.Server$Handler.run(Server.java:3165)
"qtp1960486456-484" daemon prio=5 tid=484 runnable
java.lang.Thread.State: RUNNABLE
        at java.base@21.0.8/sun.nio.ch.EPoll.wait(Native Method)
        at java.base@21.0.8/sun.nio.ch.EPollSelectorImpl.doSelect(EPollSelectorImpl.java:121)
        at java.base@21.0.8/sun.nio.ch.SelectorImpl.lockAndDoSelect(SelectorImpl.java:130)
        at java.base@21.0.8/sun.nio.ch.SelectorImpl.select(SelectorImpl.java:147)
        at app//org.eclipse.jetty.io.ManagedSelector.nioSelect(ManagedSelector.java:183)
        at app//org.eclipse.jetty.io.ManagedSelector.select(ManagedSelector.java:190)
        at app//org.eclipse.jetty.io.ManagedSelector$SelectorProducer.select(ManagedSelector.java:606)
        at app//org.eclipse.jetty.io.ManagedSelector$SelectorProducer.produce(ManagedSelector.java:543)
        at app//org.eclipse.jetty.util.thread.strategy.EatWhatYouKill.produceTask(EatWhatYouKill.java:362)
        at app//org.eclipse.jetty.util.thread.strategy.EatWhatYouKill.doProduce(EatWhatYouKill.java:186)
        at app//org.eclipse.jetty.util.thread.strategy.EatWhatYouKill.tryProduce(EatWhatYouKill.java:173)
        at app//org.eclipse.jetty.util.thread.strategy.EatWhatYouKill.produce(EatWhatYouKill.java:137)
        at app//org.eclipse.jetty.io.ManagedSelector$$Lambda/0x00007fd1ac6ed508.run(Unknown Source)
        at app//org.eclipse.jetty.util.thread.QueuedThreadPool.runJob(QueuedThreadPool.java:883)
        at app//org.eclipse.jetty.util.thread.QueuedThreadPool$Runner.run(QueuedThreadPool.java:1034)
        at java.base@21.0.8/java.lang.Thread.runWith(Thread.java:1596)
        at java.base@21.0.8/java.lang.Thread.run(Thread.java:1583)
"IPC Server handler 46 on default port 15002" daemon prio=5 tid=385 timed_waiting
java.lang.Thread.State: TIMED_WAITING
        at java.base@21.0.8/jdk.internal.misc.Unsafe.park(Native Method)
        at java.base@21.0.8/java.util.concurrent.locks.LockSupport.parkNanos(LockSupport.java:269)
        at java.base@21.0.8/java.util.concurrent.locks.AbstractQueuedSynchronizer$ConditionObject.awaitNanos(AbstractQueuedSynchronizer.java:1763)
        at java.base@21.0.8/java.util.concurrent.LinkedBlockingQueue.poll(LinkedBlockingQueue.java:460)
        at app//org.apache.hadoop.ipc.CallQueueManager.take(CallQueueManager.java:370)
        at app//org.apache.hadoop.ipc.Server$Handler.run(Server.java:3165)
"Socket Reader #10 for port 15001" daemon prio=5 tid=86 runnable
java.lang.Thread.State: RUNNABLE
        at java.base@21.0.8/sun.nio.ch.EPoll.wait(Native Method)
        at java.base@21.0.8/sun.nio.ch.EPollSelectorImpl.doSelect(EPollSelectorImpl.java:121)
        at java.base@21.0.8/sun.nio.ch.SelectorImpl.lockAndDoSelect(SelectorImpl.java:130)
        at java.base@21.0.8/sun.nio.ch.SelectorImpl.select(SelectorImpl.java:147)
        at app//org.apache.hadoop.ipc.Server$Listener$Reader.doRunLoop(Server.java:1497)
        at app//org.apache.hadoop.ipc.Server$Listener$Reader.run(Server.java:1476)
"IPC Server handler 71 on default port 15000" daemon prio=5 tid=192 timed_waiting
java.lang.Thread.State: TIMED_WAITING
        at java.base@21.0.8/jdk.internal.misc.Unsafe.park(Native Method)
        at java.base@21.0.8/java.util.concurrent.locks.LockSupport.parkNanos(LockSupport.java:269)
        at java.base@21.0.8/java.util.concurrent.locks.AbstractQueuedSynchronizer$ConditionObject.awaitNanos(AbstractQueuedSynchronizer.java:1763)
        at java.base@21.0.8/java.util.concurrent.LinkedBlockingQueue.poll(LinkedBlockingQueue.java:460)
        at app//org.apache.hadoop.ipc.CallQueueManager.take(CallQueueManager.java:370)
        at app//org.apache.hadoop.ipc.Server$Handler.run(Server.java:3165)
"qtp1507617108-326-acceptor-0@7c23ac06-ServerConnector@6e15e514{HTTP/1.1, (http/1.1)}{0.0.0.0:15003}" daemon prio=3 tid=326 runnable
java.lang.Thread.State: RUNNABLE
        at java.base@21.0.8/sun.nio.ch.Net.accept(Native Method)
        at java.base@21.0.8/sun.nio.ch.ServerSocketChannelImpl.implAccept(ServerSocketChannelImpl.java:433)
        at java.base@21.0.8/sun.nio.ch.ServerSocketChannelImpl.accept(ServerSocketChannelImpl.java:399)
        at app//org.eclipse.jetty.server.ServerConnector.accept(ServerConnector.java:388)
        at app//org.eclipse.jetty.server.AbstractConnector$Acceptor.run(AbstractConnector.java:704)
        at app//org.eclipse.jetty.util.thread.QueuedThreadPool.runJob(QueuedThreadPool.java:883)
        at app//org.eclipse.jetty.util.thread.QueuedThreadPool$Runner.run(QueuedThreadPool.java:1034)
        at java.base@21.0.8/java.lang.Thread.runWith(Thread.java:1596)
        at java.base@21.0.8/java.lang.Thread.run(Thread.java:1583)
"IPC Server handler 60 on default port 15001" daemon prio=5 tid=281 timed_waiting
java.lang.Thread.State: TIMED_WAITING
        at java.base@21.0.8/jdk.internal.misc.Unsafe.park(Native Method)
        at java.base@21.0.8/java.util.concurrent.locks.LockSupport.parkNanos(LockSupport.java:269)
        at java.base@21.0.8/java.util.concurrent.locks.AbstractQueuedSynchronizer$ConditionObject.awaitNanos(AbstractQueuedSynchronizer.java:1763)
        at java.base@21.0.8/java.util.concurrent.LinkedBlockingQueue.poll(LinkedBlockingQueue.java:460)
        at app//org.apache.hadoop.ipc.CallQueueManager.take(CallQueueManager.java:370)
        at app//org.apache.hadoop.ipc.Server$Handler.run(Server.java:3165)
"IPC Server handler 1 on default port 15027" daemon prio=5 tid=638 timed_waiting
java.lang.Thread.State: TIMED_WAITING
        at java.base@21.0.8/jdk.internal.misc.Unsafe.park(Native Method)
        at java.base@21.0.8/java.util.concurrent.locks.LockSupport.parkNanos(LockSupport.java:269)
        at java.base@21.0.8/java.util.concurrent.locks.AbstractQueuedSynchronizer$ConditionObject.awaitNanos(AbstractQueuedSynchronizer.java:1763)
        at java.base@21.0.8/java.util.concurrent.LinkedBlockingQueue.poll(LinkedBlockingQueue.java:460)
        at app//org.apache.hadoop.ipc.CallQueueManager.take(CallQueueManager.java:370)
        at app//org.apache.hadoop.ipc.Server$Handler.run(Server.java:3165)
"UnderReplicatedProcessor" daemon prio=5 tid=59 timed_waiting
java.lang.Thread.State: TIMED_WAITING
        at java.base@21.0.8/java.lang.Object.wait0(Native Method)
        at java.base@21.0.8/java.lang.Object.wait(Object.java:366)
        at app//org.apache.hadoop.hdds.scm.container.replication.UnhealthyReplicationProcessor.run(UnhealthyReplicationProcessor.java:172)
        at java.base@21.0.8/java.lang.Thread.runWith(Thread.java:1596)
        at java.base@21.0.8/java.lang.Thread.run(Thread.java:1583)
"18da7ee6-49f7-45ee-8090-861a49f32d36@group-F78CC9DDB469-LeaderStateImpl" daemon prio=5 tid=1083 timed_waiting
java.lang.Thread.State: TIMED_WAITING
        at java.base@21.0.8/jdk.internal.misc.Unsafe.park(Native Method)
        at java.base@21.0.8/java.util.concurrent.locks.LockSupport.parkNanos(LockSupport.java:269)
        at java.base@21.0.8/java.util.concurrent.locks.AbstractQueuedSynchronizer$ConditionObject.awaitNanos(AbstractQueuedSynchronizer.java:1763)
        at java.base@21.0.8/java.util.concurrent.ArrayBlockingQueue.poll(ArrayBlockingQueue.java:435)
        at app//org.apache.ratis.server.impl.LeaderStateImpl$EventQueue.poll(LeaderStateImpl.java:168)
        at app//org.apache.ratis.server.impl.LeaderStateImpl$EventProcessor.run(LeaderStateImpl.java:761)
"Socket Reader #3 for port 15002" daemon prio=5 tid=65 runnable
java.lang.Thread.State: RUNNABLE
        at java.base@21.0.8/sun.nio.ch.EPoll.wait(Native Method)
        at java.base@21.0.8/sun.nio.ch.EPollSelectorImpl.doSelect(EPollSelectorImpl.java:121)
        at java.base@21.0.8/sun.nio.ch.SelectorImpl.lockAndDoSelect(SelectorImpl.java:130)
        at java.base@21.0.8/sun.nio.ch.SelectorImpl.select(SelectorImpl.java:147)
        at app//org.apache.hadoop.ipc.Server$Listener$Reader.doRunLoop(Server.java:1497)
        at app//org.apache.hadoop.ipc.Server$Listener$Reader.run(Server.java:1476)
"25d9f169-1c9e-47c6-a2a2-d20fb3c5fda2-DatanodeReportManager-1" daemon prio=5 tid=717 in Object.wait()
java.lang.Thread.State: WAITING (on object monitor)
        at java.base@21.0.8/jdk.internal.misc.Unsafe.park(Native Method)
        at java.base@21.0.8/java.util.concurrent.locks.LockSupport.park(LockSupport.java:371)
        at java.base@21.0.8/java.util.concurrent.locks.AbstractQueuedSynchronizer$ConditionNode.block(AbstractQueuedSynchronizer.java:519)
        at java.base@21.0.8/java.util.concurrent.ForkJoinPool.unmanagedBlock(ForkJoinPool.java:3780)
        at java.base@21.0.8/java.util.concurrent.ForkJoinPool.managedBlock(ForkJoinPool.java:3725)
        at java.base@21.0.8/java.util.concurrent.locks.AbstractQueuedSynchronizer$ConditionObject.await(AbstractQueuedSynchronizer.java:1712)
        at java.base@21.0.8/java.util.concurrent.ScheduledThreadPoolExecutor$DelayedWorkQueue.take(ScheduledThreadPoolExecutor.java:1177)
        at java.base@21.0.8/java.util.concurrent.ScheduledThreadPoolExecutor$DelayedWorkQueue.take(ScheduledThreadPoolExecutor.java:899)
        at java.base@21.0.8/java.util.concurrent.ThreadPoolExecutor.getTask(ThreadPoolExecutor.java:1070)
        at java.base@21.0.8/java.util.concurrent.ThreadPoolExecutor.runWorker(ThreadPoolExecutor.java:1130)
        at java.base@21.0.8/java.util.concurrent.ThreadPoolExecutor$Worker.run(ThreadPoolExecutor.java:642)
        at java.base@21.0.8/java.lang.Thread.runWith(Thread.java:1596)
        at java.base@21.0.8/java.lang.Thread.run(Thread.java:1583)
"IPC Server handler 67 on default port 15002" daemon prio=5 tid=406 timed_waiting
java.lang.Thread.State: TIMED_WAITING
        at java.base@21.0.8/jdk.internal.misc.Unsafe.park(Native Method)
        at java.base@21.0.8/java.util.concurrent.locks.LockSupport.parkNanos(LockSupport.java:269)
        at java.base@21.0.8/java.util.concurrent.locks.AbstractQueuedSynchronizer$ConditionObject.awaitNanos(AbstractQueuedSynchronizer.java:1763)
        at java.base@21.0.8/java.util.concurrent.LinkedBlockingQueue.poll(LinkedBlockingQueue.java:460)
        at app//org.apache.hadoop.ipc.CallQueueManager.take(CallQueueManager.java:370)
        at app//org.apache.hadoop.ipc.Server$Handler.run(Server.java:3165)
"EventQueue-DatanodeCommandQueueUpdatedForDatanodeCommandCountUpdatedHandler" daemon prio=5 tid=830 in Object.wait()
java.lang.Thread.State: WAITING (on object monitor)
        at java.base@21.0.8/jdk.internal.misc.Unsafe.park(Native Method)
        at java.base@21.0.8/java.util.concurrent.locks.LockSupport.park(LockSupport.java:371)
        at java.base@21.0.8/java.util.concurrent.locks.AbstractQueuedSynchronizer$ConditionNode.block(AbstractQueuedSynchronizer.java:519)
        at java.base@21.0.8/java.util.concurrent.ForkJoinPool.unmanagedBlock(ForkJoinPool.java:3780)
        at java.base@21.0.8/java.util.concurrent.ForkJoinPool.managedBlock(ForkJoinPool.java:3725)
        at java.base@21.0.8/java.util.concurrent.locks.AbstractQueuedSynchronizer$ConditionObject.await(AbstractQueuedSynchronizer.java:1712)
        at java.base@21.0.8/java.util.concurrent.LinkedBlockingQueue.take(LinkedBlockingQueue.java:435)
        at java.base@21.0.8/java.util.concurrent.ThreadPoolExecutor.getTask(ThreadPoolExecutor.java:1070)
        at java.base@21.0.8/java.util.concurrent.ThreadPoolExecutor.runWorker(ThreadPoolExecutor.java:1130)
        at java.base@21.0.8/java.util.concurrent.ThreadPoolExecutor$Worker.run(ThreadPoolExecutor.java:642)
        at java.base@21.0.8/java.lang.Thread.runWith(Thread.java:1596)
        at java.base@21.0.8/java.lang.Thread.run(Thread.java:1583)
"25d9f169-1c9e-47c6-a2a2-d20fb3c5fda2-ChunkWriter-0-0" daemon prio=5 tid=819 in Object.wait()
java.lang.Thread.State: WAITING (on object monitor)
        at java.base@21.0.8/jdk.internal.misc.Unsafe.park(Native Method)
        at java.base@21.0.8/java.util.concurrent.locks.LockSupport.park(LockSupport.java:371)
        at java.base@21.0.8/java.util.concurrent.locks.AbstractQueuedSynchronizer$ConditionNode.block(AbstractQueuedSynchronizer.java:519)
        at java.base@21.0.8/java.util.concurrent.ForkJoinPool.unmanagedBlock(ForkJoinPool.java:3780)
        at java.base@21.0.8/java.util.concurrent.ForkJoinPool.managedBlock(ForkJoinPool.java:3725)
        at java.base@21.0.8/java.util.concurrent.locks.AbstractQueuedSynchronizer$ConditionObject.await(AbstractQueuedSynchronizer.java:1712)
        at java.base@21.0.8/java.util.concurrent.LinkedBlockingDeque.takeFirst(LinkedBlockingDeque.java:485)
        at java.base@21.0.8/java.util.concurrent.LinkedBlockingDeque.take(LinkedBlockingDeque.java:673)
        at java.base@21.0.8/java.util.concurrent.ThreadPoolExecutor.getTask(ThreadPoolExecutor.java:1070)
        at java.base@21.0.8/java.util.concurrent.ThreadPoolExecutor.runWorker(ThreadPoolExecutor.java:1130)
        at java.base@21.0.8/java.util.concurrent.ThreadPoolExecutor$Worker.run(ThreadPoolExecutor.java:642)
        at java.base@21.0.8/java.lang.Thread.runWith(Thread.java:1596)
        at java.base@21.0.8/java.lang.Thread.run(Thread.java:1583)
"IPC Server handler 68 on default port 15002" daemon prio=5 tid=407 timed_waiting
java.lang.Thread.State: TIMED_WAITING
        at java.base@21.0.8/jdk.internal.misc.Unsafe.park(Native Method)
        at java.base@21.0.8/java.util.concurrent.locks.LockSupport.parkNanos(LockSupport.java:269)
        at java.base@21.0.8/java.util.concurrent.locks.AbstractQueuedSynchronizer$ConditionObject.awaitNanos(AbstractQueuedSynchronizer.java:1763)
        at java.base@21.0.8/java.util.concurrent.LinkedBlockingQueue.poll(LinkedBlockingQueue.java:460)
        at app//org.apache.hadoop.ipc.CallQueueManager.take(CallQueueManager.java:370)
        at app//org.apache.hadoop.ipc.Server$Handler.run(Server.java:3165)
"qtp1507617108-330" daemon prio=5 tid=330 timed_waiting
java.lang.Thread.State: TIMED_WAITING
        at java.base@21.0.8/jdk.internal.misc.Unsafe.park(Native Method)
        at java.base@21.0.8/java.util.concurrent.locks.LockSupport.parkNanos(LockSupport.java:269)
        at java.base@21.0.8/java.util.concurrent.locks.AbstractQueuedSynchronizer$ConditionObject.awaitNanos(AbstractQueuedSynchronizer.java:1763)
        at app//org.eclipse.jetty.util.BlockingArrayQueue.poll(BlockingArrayQueue.java:382)
        at app//org.eclipse.jetty.util.thread.QueuedThreadPool$Runner.idleJobPoll(QueuedThreadPool.java:974)
        at app//org.eclipse.jetty.util.thread.QueuedThreadPool$Runner.run(QueuedThreadPool.java:1018)
        at java.base@21.0.8/java.lang.Thread.runWith(Thread.java:1596)
        at java.base@21.0.8/java.lang.Thread.run(Thread.java:1583)
"surefire-process-checker" daemon prio=5 tid=26 timed_waiting
java.lang.Thread.State: TIMED_WAITING
        at java.base@21.0.8/jdk.internal.misc.Unsafe.park(Native Method)
        at java.base@21.0.8/java.util.concurrent.locks.LockSupport.parkNanos(LockSupport.java:269)
        at java.base@21.0.8/java.util.concurrent.locks.AbstractQueuedSynchronizer$ConditionObject.awaitNanos(AbstractQueuedSynchronizer.java:1763)
        at java.base@21.0.8/java.util.concurrent.ScheduledThreadPoolExecutor$DelayedWorkQueue.take(ScheduledThreadPoolExecutor.java:1182)
        at java.base@21.0.8/java.util.concurrent.ScheduledThreadPoolExecutor$DelayedWorkQueue.take(ScheduledThreadPoolExecutor.java:899)
        at java.base@21.0.8/java.util.concurrent.ThreadPoolExecutor.getTask(ThreadPoolExecutor.java:1070)
        at java.base@21.0.8/java.util.concurrent.ThreadPoolExecutor.runWorker(ThreadPoolExecutor.java:1130)
        at java.base@21.0.8/java.util.concurrent.ThreadPoolExecutor$Worker.run(ThreadPoolExecutor.java:642)
        at java.base@21.0.8/java.lang.Thread.runWith(Thread.java:1596)
        at java.base@21.0.8/java.lang.Thread.run(Thread.java:1583)
"Socket Reader #8 for port 15019" daemon prio=5 tid=583 runnable
java.lang.Thread.State: RUNNABLE
        at java.base@21.0.8/sun.nio.ch.EPoll.wait(Native Method)
        at java.base@21.0.8/sun.nio.ch.EPollSelectorImpl.doSelect(EPollSelectorImpl.java:121)
        at java.base@21.0.8/sun.nio.ch.SelectorImpl.lockAndDoSelect(SelectorImpl.java:130)
        at java.base@21.0.8/sun.nio.ch.SelectorImpl.select(SelectorImpl.java:147)
        at app//org.apache.hadoop.ipc.Server$Listener$Reader.doRunLoop(Server.java:1497)
        at app//org.apache.hadoop.ipc.Server$Listener$Reader.run(Server.java:1476)
"07f651f6-8f87-47bb-8f69-34e194401a37-client-thread1"  prio=5 tid=810 timed_waiting
java.lang.Thread.State: TIMED_WAITING
        at java.base@21.0.8/jdk.internal.misc.Unsafe.park(Native Method)
        at java.base@21.0.8/java.util.concurrent.locks.LockSupport.parkNanos(LockSupport.java:410)
        at java.base@21.0.8/java.util.concurrent.LinkedTransferQueue$DualNode.await(LinkedTransferQueue.java:452)
        at java.base@21.0.8/java.util.concurrent.SynchronousQueue$Transferer.xferLifo(SynchronousQueue.java:194)
        at java.base@21.0.8/java.util.concurrent.SynchronousQueue.xfer(SynchronousQueue.java:235)
        at java.base@21.0.8/java.util.concurrent.SynchronousQueue.poll(SynchronousQueue.java:338)
        at java.base@21.0.8/java.util.concurrent.ThreadPoolExecutor.getTask(ThreadPoolExecutor.java:1069)
        at java.base@21.0.8/java.util.concurrent.ThreadPoolExecutor.runWorker(ThreadPoolExecutor.java:1130)
        at java.base@21.0.8/java.util.concurrent.ThreadPoolExecutor$Worker.run(ThreadPoolExecutor.java:642)
        at java.base@21.0.8/java.lang.Thread.runWith(Thread.java:1596)
        at java.base@21.0.8/java.lang.Thread.run(Thread.java:1583)
"ContainerMetadataScanner" daemon prio=5 tid=797 timed_waiting
java.lang.Thread.State: TIMED_WAITING
        at java.base@21.0.8/java.lang.Thread.sleep0(Native Method)
        at java.base@21.0.8/java.lang.Thread.sleep(Thread.java:509)
        at app//org.apache.hadoop.ozone.container.ozoneimpl.AbstractBackgroundContainerScanner.handleRemainingSleep(AbstractBackgroundContainerScanner.java:133)
        at app//org.apache.hadoop.ozone.container.ozoneimpl.AbstractBackgroundContainerScanner.runIteration(AbstractBackgroundContainerScanner.java:100)
        at app//org.apache.hadoop.ozone.container.ozoneimpl.AbstractBackgroundContainerScanner.run(AbstractBackgroundContainerScanner.java:59)
        at java.base@21.0.8/java.lang.Thread.runWith(Thread.java:1596)
        at java.base@21.0.8/java.lang.Thread.run(Thread.java:1583)
"qtp862219833-572" daemon prio=5 tid=572 timed_waiting
java.lang.Thread.State: TIMED_WAITING
        at java.base@21.0.8/jdk.internal.misc.Unsafe.park(Native Method)
        at java.base@21.0.8/java.util.concurrent.locks.LockSupport.parkNanos(LockSupport.java:269)
        at java.base@21.0.8/java.util.concurrent.locks.AbstractQueuedSynchronizer$ConditionObject.awaitNanos(AbstractQueuedSynchronizer.java:1763)
        at app//org.eclipse.jetty.util.BlockingArrayQueue.poll(BlockingArrayQueue.java:382)
        at app//org.eclipse.jetty.util.thread.QueuedThreadPool$Runner.idleJobPoll(QueuedThreadPool.java:974)
        at app//org.eclipse.jetty.util.thread.QueuedThreadPool$Runner.run(QueuedThreadPool.java:1018)
        at java.base@21.0.8/java.lang.Thread.runWith(Thread.java:1596)
        at java.base@21.0.8/java.lang.Thread.run(Thread.java:1583)
"IPC Server handler 71 on default port 15002" daemon prio=5 tid=410 timed_waiting
java.lang.Thread.State: TIMED_WAITING
        at java.base@21.0.8/jdk.internal.misc.Unsafe.park(Native Method)
        at java.base@21.0.8/java.util.concurrent.locks.LockSupport.parkNanos(LockSupport.java:269)
        at java.base@21.0.8/java.util.concurrent.locks.AbstractQueuedSynchronizer$ConditionObject.awaitNanos(AbstractQueuedSynchronizer.java:1763)
        at java.base@21.0.8/java.util.concurrent.LinkedBlockingQueue.poll(LinkedBlockingQueue.java:460)
        at app//org.apache.hadoop.ipc.CallQueueManager.take(CallQueueManager.java:370)
        at app//org.apache.hadoop.ipc.Server$Handler.run(Server.java:3165)
"IPC Server handler 99 on default port 15000" daemon prio=5 tid=220 timed_waiting
java.lang.Thread.State: TIMED_WAITING
        at java.base@21.0.8/jdk.internal.misc.Unsafe.park(Native Method)
        at java.base@21.0.8/java.util.concurrent.locks.LockSupport.parkNanos(LockSupport.java:269)
        at java.base@21.0.8/java.util.concurrent.locks.AbstractQueuedSynchronizer$ConditionObject.awaitNanos(AbstractQueuedSynchronizer.java:1763)
        at java.base@21.0.8/java.util.concurrent.LinkedBlockingQueue.poll(LinkedBlockingQueue.java:460)
        at app//org.apache.hadoop.ipc.CallQueueManager.take(CallQueueManager.java:370)
        at app//org.apache.hadoop.ipc.Server$Handler.run(Server.java:3165)
"qtp862219833-567" daemon prio=5 tid=567 runnable
java.lang.Thread.State: RUNNABLE
        at java.base@21.0.8/sun.nio.ch.EPoll.wait(Native Method)
        at java.base@21.0.8/sun.nio.ch.EPollSelectorImpl.doSelect(EPollSelectorImpl.java:121)
        at java.base@21.0.8/sun.nio.ch.SelectorImpl.lockAndDoSelect(SelectorImpl.java:130)
        at java.base@21.0.8/sun.nio.ch.SelectorImpl.select(SelectorImpl.java:147)
        at app//org.eclipse.jetty.io.ManagedSelector.nioSelect(ManagedSelector.java:183)
        at app//org.eclipse.jetty.io.ManagedSelector.select(ManagedSelector.java:190)
        at app//org.eclipse.jetty.io.ManagedSelector$SelectorProducer.select(ManagedSelector.java:606)
        at app//org.eclipse.jetty.io.ManagedSelector$SelectorProducer.produce(ManagedSelector.java:543)
        at app//org.eclipse.jetty.util.thread.strategy.EatWhatYouKill.produceTask(EatWhatYouKill.java:362)
        at app//org.eclipse.jetty.util.thread.strategy.EatWhatYouKill.doProduce(EatWhatYouKill.java:186)
        at app//org.eclipse.jetty.util.thread.strategy.EatWhatYouKill.tryProduce(EatWhatYouKill.java:173)
        at app//org.eclipse.jetty.util.thread.strategy.EatWhatYouKill.produce(EatWhatYouKill.java:137)
        at app//org.eclipse.jetty.io.ManagedSelector$$Lambda/0x00007fd1ac6ed508.run(Unknown Source)
        at app//org.eclipse.jetty.util.thread.QueuedThreadPool.runJob(QueuedThreadPool.java:883)
        at app//org.eclipse.jetty.util.thread.QueuedThreadPool$Runner.run(QueuedThreadPool.java:1034)
        at java.base@21.0.8/java.lang.Thread.runWith(Thread.java:1596)
        at java.base@21.0.8/java.lang.Thread.run(Thread.java:1583)
"IPC Server handler 11 on default port 15000" daemon prio=5 tid=132 timed_waiting
java.lang.Thread.State: TIMED_WAITING
        at java.base@21.0.8/jdk.internal.misc.Unsafe.park(Native Method)
        at java.base@21.0.8/java.util.concurrent.locks.LockSupport.parkNanos(LockSupport.java:269)
        at java.base@21.0.8/java.util.concurrent.locks.AbstractQueuedSynchronizer$ConditionObject.awaitNanos(AbstractQueuedSynchronizer.java:1763)
        at java.base@21.0.8/java.util.concurrent.LinkedBlockingQueue.poll(LinkedBlockingQueue.java:460)
        at app//org.apache.hadoop.ipc.CallQueueManager.take(CallQueueManager.java:370)
        at app//org.apache.hadoop.ipc.Server$Handler.run(Server.java:3165)
"IPC Server handler 92 on default port 15001" daemon prio=5 tid=313 timed_waiting
java.lang.Thread.State: TIMED_WAITING
        at java.base@21.0.8/jdk.internal.misc.Unsafe.park(Native Method)
        at java.base@21.0.8/java.util.concurrent.locks.LockSupport.parkNanos(LockSupport.java:269)
        at java.base@21.0.8/java.util.concurrent.locks.AbstractQueuedSynchronizer$ConditionObject.awaitNanos(AbstractQueuedSynchronizer.java:1763)
        at java.base@21.0.8/java.util.concurrent.LinkedBlockingQueue.poll(LinkedBlockingQueue.java:460)
        at app//org.apache.hadoop.ipc.CallQueueManager.take(CallQueueManager.java:370)
        at app//org.apache.hadoop.ipc.Server$Handler.run(Server.java:3165)
"Socket Reader #9 for port 15019" daemon prio=5 tid=584 runnable
java.lang.Thread.State: RUNNABLE
        at java.base@21.0.8/sun.nio.ch.EPoll.wait(Native Method)
        at java.base@21.0.8/sun.nio.ch.EPollSelectorImpl.doSelect(EPollSelectorImpl.java:121)
        at java.base@21.0.8/sun.nio.ch.SelectorImpl.lockAndDoSelect(SelectorImpl.java:130)
        at java.base@21.0.8/sun.nio.ch.SelectorImpl.select(SelectorImpl.java:147)
        at app//org.apache.hadoop.ipc.Server$Listener$Reader.doRunLoop(Server.java:1497)
        at app//org.apache.hadoop.ipc.Server$Listener$Reader.run(Server.java:1476)
"IPC Server handler 36 on default port 15001" daemon prio=5 tid=257 timed_waiting
java.lang.Thread.State: TIMED_WAITING
        at java.base@21.0.8/jdk.internal.misc.Unsafe.park(Native Method)
        at java.base@21.0.8/java.util.concurrent.locks.LockSupport.parkNanos(LockSupport.java:269)
        at java.base@21.0.8/java.util.concurrent.locks.AbstractQueuedSynchronizer$ConditionObject.awaitNanos(AbstractQueuedSynchronizer.java:1763)
        at java.base@21.0.8/java.util.concurrent.LinkedBlockingQueue.poll(LinkedBlockingQueue.java:460)
        at app//org.apache.hadoop.ipc.CallQueueManager.take(CallQueueManager.java:370)
        at app//org.apache.hadoop.ipc.Server$Handler.run(Server.java:3165)
"IPC Server handler 98 on default port 15000" daemon prio=5 tid=219 timed_waiting
java.lang.Thread.State: TIMED_WAITING
        at java.base@21.0.8/jdk.internal.misc.Unsafe.park(Native Method)
        at java.base@21.0.8/java.util.concurrent.locks.LockSupport.parkNanos(LockSupport.java:269)
        at java.base@21.0.8/java.util.concurrent.locks.AbstractQueuedSynchronizer$ConditionObject.awaitNanos(AbstractQueuedSynchronizer.java:1763)
        at java.base@21.0.8/java.util.concurrent.LinkedBlockingQueue.poll(LinkedBlockingQueue.java:460)
        at app//org.apache.hadoop.ipc.CallQueueManager.take(CallQueueManager.java:370)
        at app//org.apache.hadoop.ipc.Server$Handler.run(Server.java:3165)
"Socket Reader #5 for port 15027" daemon prio=5 tid=628 runnable
java.lang.Thread.State: RUNNABLE
        at java.base@21.0.8/sun.nio.ch.EPoll.wait(Native Method)
        at java.base@21.0.8/sun.nio.ch.EPollSelectorImpl.doSelect(EPollSelectorImpl.java:121)
        at java.base@21.0.8/sun.nio.ch.SelectorImpl.lockAndDoSelect(SelectorImpl.java:130)
        at java.base@21.0.8/sun.nio.ch.SelectorImpl.select(SelectorImpl.java:147)
        at app//org.apache.hadoop.ipc.Server$Listener$Reader.doRunLoop(Server.java:1497)
        at app//org.apache.hadoop.ipc.Server$Listener$Reader.run(Server.java:1476)
"IPC Server handler 40 on default port 15001" daemon prio=5 tid=261 timed_waiting
java.lang.Thread.State: TIMED_WAITING
        at java.base@21.0.8/jdk.internal.misc.Unsafe.park(Native Method)
        at java.base@21.0.8/java.util.concurrent.locks.LockSupport.parkNanos(LockSupport.java:269)
        at java.base@21.0.8/java.util.concurrent.locks.AbstractQueuedSynchronizer$ConditionObject.awaitNanos(AbstractQueuedSynchronizer.java:1763)
        at java.base@21.0.8/java.util.concurrent.LinkedBlockingQueue.poll(LinkedBlockingQueue.java:460)
        at app//org.apache.hadoop.ipc.CallQueueManager.take(CallQueueManager.java:370)
        at app//org.apache.hadoop.ipc.Server$Handler.run(Server.java:3165)
"IPC Server handler 27 on default port 15002" daemon prio=5 tid=366 timed_waiting
java.lang.Thread.State: TIMED_WAITING
        at java.base@21.0.8/jdk.internal.misc.Unsafe.park(Native Method)
        at java.base@21.0.8/java.util.concurrent.locks.LockSupport.parkNanos(LockSupport.java:269)
        at java.base@21.0.8/java.util.concurrent.locks.AbstractQueuedSynchronizer$ConditionObject.awaitNanos(AbstractQueuedSynchronizer.java:1763)
        at java.base@21.0.8/java.util.concurrent.LinkedBlockingQueue.poll(LinkedBlockingQueue.java:460)
        at app//org.apache.hadoop.ipc.CallQueueManager.take(CallQueueManager.java:370)
        at app//org.apache.hadoop.ipc.Server$Handler.run(Server.java:3165)
"IPC Server handler 93 on default port 15002" daemon prio=5 tid=432 timed_waiting
java.lang.Thread.State: TIMED_WAITING
        at java.base@21.0.8/jdk.internal.misc.Unsafe.park(Native Method)
        at java.base@21.0.8/java.util.concurrent.locks.LockSupport.parkNanos(LockSupport.java:269)
        at java.base@21.0.8/java.util.concurrent.locks.AbstractQueuedSynchronizer$ConditionObject.awaitNanos(AbstractQueuedSynchronizer.java:1763)
        at java.base@21.0.8/java.util.concurrent.LinkedBlockingQueue.poll(LinkedBlockingQueue.java:460)
        at app//org.apache.hadoop.ipc.CallQueueManager.take(CallQueueManager.java:370)
        at app//org.apache.hadoop.ipc.Server$Handler.run(Server.java:3165)
"Socket Reader #4 for port 15006" daemon prio=5 tid=453 runnable
java.lang.Thread.State: RUNNABLE
        at java.base@21.0.8/sun.nio.ch.EPoll.wait(Native Method)
        at java.base@21.0.8/sun.nio.ch.EPollSelectorImpl.doSelect(EPollSelectorImpl.java:121)
        at java.base@21.0.8/sun.nio.ch.SelectorImpl.lockAndDoSelect(SelectorImpl.java:130)
        at java.base@21.0.8/sun.nio.ch.SelectorImpl.select(SelectorImpl.java:147)
        at app//org.apache.hadoop.ipc.Server$Listener$Reader.doRunLoop(Server.java:1497)
        at app//org.apache.hadoop.ipc.Server$Listener$Reader.run(Server.java:1476)
"18da7ee6-49f7-45ee-8090-861a49f32d36-EndpointStateMachineTaskThread-/0.0.0.0:15002-0 "  prio=5 tid=754 in Object.wait()
java.lang.Thread.State: WAITING (on object monitor)
        at java.base@21.0.8/jdk.internal.misc.Unsafe.park(Native Method)
        at java.base@21.0.8/java.util.concurrent.locks.LockSupport.park(LockSupport.java:371)
        at java.base@21.0.8/java.util.concurrent.locks.AbstractQueuedSynchronizer$ConditionNode.block(AbstractQueuedSynchronizer.java:519)
        at java.base@21.0.8/java.util.concurrent.ForkJoinPool.unmanagedBlock(ForkJoinPool.java:3780)
        at java.base@21.0.8/java.util.concurrent.ForkJoinPool.managedBlock(ForkJoinPool.java:3725)
        at java.base@21.0.8/java.util.concurrent.locks.AbstractQueuedSynchronizer$ConditionObject.await(AbstractQueuedSynchronizer.java:1712)
        at java.base@21.0.8/java.util.concurrent.LinkedBlockingQueue.take(LinkedBlockingQueue.java:435)
        at java.base@21.0.8/java.util.concurrent.ThreadPoolExecutor.getTask(ThreadPoolExecutor.java:1070)
        at java.base@21.0.8/java.util.concurrent.ThreadPoolExecutor.runWorker(ThreadPoolExecutor.java:1130)
        at java.base@21.0.8/java.util.concurrent.ThreadPoolExecutor$Worker.run(ThreadPoolExecutor.java:642)
        at java.base@21.0.8/java.lang.Thread.runWith(Thread.java:1596)
        at java.base@21.0.8/java.lang.Thread.run(Thread.java:1583)
"IPC Server handler 10 on default port 15000" daemon prio=5 tid=131 timed_waiting
java.lang.Thread.State: TIMED_WAITING
        at java.base@21.0.8/jdk.internal.misc.Unsafe.park(Native Method)
        at java.base@21.0.8/java.util.concurrent.locks.LockSupport.parkNanos(LockSupport.java:269)
        at java.base@21.0.8/java.util.concurrent.locks.AbstractQueuedSynchronizer$ConditionObject.awaitNanos(AbstractQueuedSynchronizer.java:1763)
        at java.base@21.0.8/java.util.concurrent.LinkedBlockingQueue.poll(LinkedBlockingQueue.java:460)
        at app//org.apache.hadoop.ipc.CallQueueManager.take(CallQueueManager.java:370)
        at app//org.apache.hadoop.ipc.Server$Handler.run(Server.java:3165)
"IPC Server handler 65 on default port 15000" daemon prio=5 tid=186 timed_waiting
java.lang.Thread.State: TIMED_WAITING
        at java.base@21.0.8/jdk.internal.misc.Unsafe.park(Native Method)
        at java.base@21.0.8/java.util.concurrent.locks.LockSupport.parkNanos(LockSupport.java:269)
        at java.base@21.0.8/java.util.concurrent.locks.AbstractQueuedSynchronizer$ConditionObject.awaitNanos(AbstractQueuedSynchronizer.java:1763)
        at java.base@21.0.8/java.util.concurrent.LinkedBlockingQueue.poll(LinkedBlockingQueue.java:460)
        at app//org.apache.hadoop.ipc.CallQueueManager.take(CallQueueManager.java:370)
        at app//org.apache.hadoop.ipc.Server$Handler.run(Server.java:3165)
"grpc-default-executor-0" daemon prio=5 tid=869 timed_waiting
java.lang.Thread.State: TIMED_WAITING
        at java.base@21.0.8/jdk.internal.misc.Unsafe.park(Native Method)
        at java.base@21.0.8/java.util.concurrent.locks.LockSupport.parkNanos(LockSupport.java:410)
        at java.base@21.0.8/java.util.concurrent.LinkedTransferQueue$DualNode.await(LinkedTransferQueue.java:452)
        at java.base@21.0.8/java.util.concurrent.SynchronousQueue$Transferer.xferLifo(SynchronousQueue.java:194)
        at java.base@21.0.8/java.util.concurrent.SynchronousQueue.xfer(SynchronousQueue.java:235)
        at java.base@21.0.8/java.util.concurrent.SynchronousQueue.poll(SynchronousQueue.java:338)
        at java.base@21.0.8/java.util.concurrent.ThreadPoolExecutor.getTask(ThreadPoolExecutor.java:1069)
        at java.base@21.0.8/java.util.concurrent.ThreadPoolExecutor.runWorker(ThreadPoolExecutor.java:1130)
        at java.base@21.0.8/java.util.concurrent.ThreadPoolExecutor$Worker.run(ThreadPoolExecutor.java:642)
        at java.base@21.0.8/java.lang.Thread.runWith(Thread.java:1596)
        at java.base@21.0.8/java.lang.Thread.run(Thread.java:1583)
"IPC Server handler 34 on default port 15002" daemon prio=5 tid=373 timed_waiting
java.lang.Thread.State: TIMED_WAITING
        at java.base@21.0.8/jdk.internal.misc.Unsafe.park(Native Method)
        at java.base@21.0.8/java.util.concurrent.locks.LockSupport.parkNanos(LockSupport.java:269)
        at java.base@21.0.8/java.util.concurrent.locks.AbstractQueuedSynchronizer$ConditionObject.awaitNanos(AbstractQueuedSynchronizer.java:1763)
        at java.base@21.0.8/java.util.concurrent.LinkedBlockingQueue.poll(LinkedBlockingQueue.java:460)
        at app//org.apache.hadoop.ipc.CallQueueManager.take(CallQueueManager.java:370)
        at app//org.apache.hadoop.ipc.Server$Handler.run(Server.java:3165)
"d3e19d45-0b2b-4921-9b28-39a5e9747ac8-ChunkWriter-1-0" daemon prio=5 tid=841 in Object.wait()
java.lang.Thread.State: WAITING (on object monitor)
        at java.base@21.0.8/jdk.internal.misc.Unsafe.park(Native Method)
        at java.base@21.0.8/java.util.concurrent.locks.LockSupport.park(LockSupport.java:371)
        at java.base@21.0.8/java.util.concurrent.locks.AbstractQueuedSynchronizer$ConditionNode.block(AbstractQueuedSynchronizer.java:519)
        at java.base@21.0.8/java.util.concurrent.ForkJoinPool.unmanagedBlock(ForkJoinPool.java:3780)
        at java.base@21.0.8/java.util.concurrent.ForkJoinPool.managedBlock(ForkJoinPool.java:3725)
        at java.base@21.0.8/java.util.concurrent.locks.AbstractQueuedSynchronizer$ConditionObject.await(AbstractQueuedSynchronizer.java:1712)
        at java.base@21.0.8/java.util.concurrent.LinkedBlockingDeque.takeFirst(LinkedBlockingDeque.java:485)
        at java.base@21.0.8/java.util.concurrent.LinkedBlockingDeque.take(LinkedBlockingDeque.java:673)
        at java.base@21.0.8/java.util.concurrent.ThreadPoolExecutor.getTask(ThreadPoolExecutor.java:1070)
        at java.base@21.0.8/java.util.concurrent.ThreadPoolExecutor.runWorker(ThreadPoolExecutor.java:1130)
        at java.base@21.0.8/java.util.concurrent.ThreadPoolExecutor$Worker.run(ThreadPoolExecutor.java:642)
        at java.base@21.0.8/java.lang.Thread.runWith(Thread.java:1596)
        at java.base@21.0.8/java.lang.Thread.run(Thread.java:1583)
"Socket Reader #7 for port 15001" daemon prio=5 tid=83 runnable
java.lang.Thread.State: RUNNABLE
        at java.base@21.0.8/sun.nio.ch.EPoll.wait(Native Method)
        at java.base@21.0.8/sun.nio.ch.EPollSelectorImpl.doSelect(EPollSelectorImpl.java:121)
        at java.base@21.0.8/sun.nio.ch.SelectorImpl.lockAndDoSelect(SelectorImpl.java:130)
        at java.base@21.0.8/sun.nio.ch.SelectorImpl.select(SelectorImpl.java:147)
        at app//org.apache.hadoop.ipc.Server$Listener$Reader.doRunLoop(Server.java:1497)
        at app//org.apache.hadoop.ipc.Server$Listener$Reader.run(Server.java:1476)
"IPC Server handler 61 on default port 15002" daemon prio=5 tid=400 timed_waiting
java.lang.Thread.State: TIMED_WAITING
        at java.base@21.0.8/jdk.internal.misc.Unsafe.park(Native Method)
        at java.base@21.0.8/java.util.concurrent.locks.LockSupport.parkNanos(LockSupport.java:269)
        at java.base@21.0.8/java.util.concurrent.locks.AbstractQueuedSynchronizer$ConditionObject.awaitNanos(AbstractQueuedSynchronizer.java:1763)
        at java.base@21.0.8/java.util.concurrent.LinkedBlockingQueue.poll(LinkedBlockingQueue.java:460)
        at app//org.apache.hadoop.ipc.CallQueueManager.take(CallQueueManager.java:370)
        at app//org.apache.hadoop.ipc.Server$Handler.run(Server.java:3165)
"83932d67-4fdc-4fe4-8fe1-3df6c3f1844a-DataNodeDiskCheckerThread-0" daemon prio=5 tid=726 timed_waiting
java.lang.Thread.State: TIMED_WAITING
        at java.base@21.0.8/jdk.internal.misc.Unsafe.park(Native Method)
        at java.base@21.0.8/java.util.concurrent.locks.LockSupport.parkNanos(LockSupport.java:410)
        at java.base@21.0.8/java.util.concurrent.LinkedTransferQueue$DualNode.await(LinkedTransferQueue.java:452)
        at java.base@21.0.8/java.util.concurrent.SynchronousQueue$Transferer.xferLifo(SynchronousQueue.java:194)
        at java.base@21.0.8/java.util.concurrent.SynchronousQueue.xfer(SynchronousQueue.java:235)
        at java.base@21.0.8/java.util.concurrent.SynchronousQueue.poll(SynchronousQueue.java:338)
        at java.base@21.0.8/java.util.concurrent.ThreadPoolExecutor.getTask(ThreadPoolExecutor.java:1069)
        at java.base@21.0.8/java.util.concurrent.ThreadPoolExecutor.runWorker(ThreadPoolExecutor.java:1130)
        at java.base@21.0.8/java.util.concurrent.ThreadPoolExecutor$Worker.run(ThreadPoolExecutor.java:642)
        at java.base@21.0.8/java.lang.Thread.runWith(Thread.java:1596)
        at java.base@21.0.8/java.lang.Thread.run(Thread.java:1583)
"18da7ee6-49f7-45ee-8090-861a49f32d36-DatanodeStateMachineTaskThread-0"  prio=5 tid=653 in Object.wait()
java.lang.Thread.State: WAITING (on object monitor)
        at java.base@21.0.8/jdk.internal.misc.Unsafe.park(Native Method)
        at java.base@21.0.8/java.util.concurrent.locks.LockSupport.park(LockSupport.java:371)
        at java.base@21.0.8/java.util.concurrent.locks.AbstractQueuedSynchronizer$ConditionNode.block(AbstractQueuedSynchronizer.java:519)
        at java.base@21.0.8/java.util.concurrent.ForkJoinPool.unmanagedBlock(ForkJoinPool.java:3780)
        at java.base@21.0.8/java.util.concurrent.ForkJoinPool.managedBlock(ForkJoinPool.java:3725)
        at java.base@21.0.8/java.util.concurrent.locks.AbstractQueuedSynchronizer$ConditionObject.await(AbstractQueuedSynchronizer.java:1712)
        at java.base@21.0.8/java.util.concurrent.LinkedBlockingQueue.take(LinkedBlockingQueue.java:435)
        at java.base@21.0.8/java.util.concurrent.ThreadPoolExecutor.getTask(ThreadPoolExecutor.java:1070)
        at java.base@21.0.8/java.util.concurrent.ThreadPoolExecutor.runWorker(ThreadPoolExecutor.java:1130)
        at java.base@21.0.8/java.util.concurrent.ThreadPoolExecutor$Worker.run(ThreadPoolExecutor.java:642)
        at java.base@21.0.8/java.lang.Thread.runWith(Thread.java:1596)
        at java.base@21.0.8/java.lang.Thread.run(Thread.java:1583)
"18da7ee6-49f7-45ee-8090-861a49f32d36-DataNodeDiskCheckerThread-1" daemon prio=5 tid=794 timed_waiting
java.lang.Thread.State: TIMED_WAITING
        at java.base@21.0.8/jdk.internal.misc.Unsafe.park(Native Method)
        at java.base@21.0.8/java.util.concurrent.locks.LockSupport.parkNanos(LockSupport.java:410)
        at java.base@21.0.8/java.util.concurrent.LinkedTransferQueue$DualNode.await(LinkedTransferQueue.java:452)
        at java.base@21.0.8/java.util.concurrent.SynchronousQueue$Transferer.xferLifo(SynchronousQueue.java:194)
        at java.base@21.0.8/java.util.concurrent.SynchronousQueue.xfer(SynchronousQueue.java:235)
        at java.base@21.0.8/java.util.concurrent.SynchronousQueue.poll(SynchronousQueue.java:338)
        at java.base@21.0.8/java.util.concurrent.ThreadPoolExecutor.getTask(ThreadPoolExecutor.java:1069)
        at java.base@21.0.8/java.util.concurrent.ThreadPoolExecutor.runWorker(ThreadPoolExecutor.java:1130)
        at java.base@21.0.8/java.util.concurrent.ThreadPoolExecutor$Worker.run(ThreadPoolExecutor.java:642)
        at java.base@21.0.8/java.lang.Thread.runWith(Thread.java:1596)
        at java.base@21.0.8/java.lang.Thread.run(Thread.java:1583)
"IPC Server handler 80 on default port 15001" daemon prio=5 tid=301 timed_waiting
java.lang.Thread.State: TIMED_WAITING
        at java.base@21.0.8/jdk.internal.misc.Unsafe.park(Native Method)
        at java.base@21.0.8/java.util.concurrent.locks.LockSupport.parkNanos(LockSupport.java:269)
        at java.base@21.0.8/java.util.concurrent.locks.AbstractQueuedSynchronizer$ConditionObject.awaitNanos(AbstractQueuedSynchronizer.java:1763)
        at java.base@21.0.8/java.util.concurrent.LinkedBlockingQueue.poll(LinkedBlockingQueue.java:460)
        at app//org.apache.hadoop.ipc.CallQueueManager.take(CallQueueManager.java:370)
        at app//org.apache.hadoop.ipc.Server$Handler.run(Server.java:3165)
"IPC Parameter Sending Thread for 0.0.0.0/0.0.0.0:15002" daemon prio=5 tid=659 timed_waiting
java.lang.Thread.State: TIMED_WAITING
        at java.base@21.0.8/jdk.internal.misc.Unsafe.park(Native Method)
        at java.base@21.0.8/java.util.concurrent.locks.LockSupport.parkNanos(LockSupport.java:410)
        at java.base@21.0.8/java.util.concurrent.LinkedTransferQueue$DualNode.await(LinkedTransferQueue.java:452)
        at java.base@21.0.8/java.util.concurrent.LinkedTransferQueue.xfer(LinkedTransferQueue.java:613)
        at java.base@21.0.8/java.util.concurrent.SynchronousQueue.xfer(SynchronousQueue.java:235)
        at java.base@21.0.8/java.util.concurrent.SynchronousQueue.poll(SynchronousQueue.java:338)
        at app//org.apache.hadoop.ipc.Client$Connection$RpcRequestSender.run(Client.java:1121)
        at java.base@21.0.8/java.lang.Thread.runWith(Thread.java:1596)
        at java.base@21.0.8/java.lang.Thread.run(Thread.java:1583)
"18da7ee6-49f7-45ee-8090-861a49f32d36-ClosePipelineCommandHandlerThread-0"  prio=5 tid=1087 in Object.wait()
java.lang.Thread.State: WAITING (on object monitor)
        at java.base@21.0.8/jdk.internal.misc.Unsafe.park(Native Method)
        at java.base@21.0.8/java.util.concurrent.locks.LockSupport.park(LockSupport.java:371)
        at java.base@21.0.8/java.util.concurrent.locks.AbstractQueuedSynchronizer$ConditionNode.block(AbstractQueuedSynchronizer.java:519)
        at java.base@21.0.8/java.util.concurrent.ForkJoinPool.unmanagedBlock(ForkJoinPool.java:3780)
        at java.base@21.0.8/java.util.concurrent.ForkJoinPool.managedBlock(ForkJoinPool.java:3725)
        at java.base@21.0.8/java.util.concurrent.locks.AbstractQueuedSynchronizer$ConditionObject.await(AbstractQueuedSynchronizer.java:1712)
        at java.base@21.0.8/java.util.concurrent.LinkedBlockingQueue.take(LinkedBlockingQueue.java:435)
        at java.base@21.0.8/java.util.concurrent.ThreadPoolExecutor.getTask(ThreadPoolExecutor.java:1070)
        at java.base@21.0.8/java.util.concurrent.ThreadPoolExecutor.runWorker(ThreadPoolExecutor.java:1130)
        at java.base@21.0.8/java.util.concurrent.ThreadPoolExecutor$Worker.run(ThreadPoolExecutor.java:642)
        at java.base@21.0.8/java.lang.Thread.runWith(Thread.java:1596)
        at java.base@21.0.8/java.lang.Thread.run(Thread.java:1583)
"pool-96-thread-1" daemon prio=5 tid=727 timed_waiting
java.lang.Thread.State: TIMED_WAITING
        at java.base@21.0.8/jdk.internal.misc.Unsafe.park(Native Method)
        at java.base@21.0.8/java.util.concurrent.locks.LockSupport.parkNanos(LockSupport.java:269)
        at java.base@21.0.8/java.util.concurrent.locks.AbstractQueuedSynchronizer$ConditionObject.awaitNanos(AbstractQueuedSynchronizer.java:1763)
        at java.base@21.0.8/java.util.concurrent.ScheduledThreadPoolExecutor$DelayedWorkQueue.take(ScheduledThreadPoolExecutor.java:1182)
        at java.base@21.0.8/java.util.concurrent.ScheduledThreadPoolExecutor$DelayedWorkQueue.take(ScheduledThreadPoolExecutor.java:899)
        at java.base@21.0.8/java.util.concurrent.ThreadPoolExecutor.getTask(ThreadPoolExecutor.java:1070)
        at java.base@21.0.8/java.util.concurrent.ThreadPoolExecutor.runWorker(ThreadPoolExecutor.java:1130)
        at java.base@21.0.8/java.util.concurrent.ThreadPoolExecutor$Worker.run(ThreadPoolExecutor.java:642)
        at java.base@21.0.8/java.lang.Thread.runWith(Thread.java:1596)
        at java.base@21.0.8/java.lang.Thread.run(Thread.java:1583)
"d3e19d45-0b2b-4921-9b28-39a5e9747ac8-DatanodeStateMachineTaskThread-1"  prio=5 tid=832 in Object.wait()
java.lang.Thread.State: WAITING (on object monitor)
        at java.base@21.0.8/jdk.internal.misc.Unsafe.park(Native Method)
        at java.base@21.0.8/java.util.concurrent.locks.LockSupport.park(LockSupport.java:371)
        at java.base@21.0.8/java.util.concurrent.locks.AbstractQueuedSynchronizer$ConditionNode.block(AbstractQueuedSynchronizer.java:519)
        at java.base@21.0.8/java.util.concurrent.ForkJoinPool.unmanagedBlock(ForkJoinPool.java:3780)
        at java.base@21.0.8/java.util.concurrent.ForkJoinPool.managedBlock(ForkJoinPool.java:3725)
        at java.base@21.0.8/java.util.concurrent.locks.AbstractQueuedSynchronizer$ConditionObject.await(AbstractQueuedSynchronizer.java:1712)
        at java.base@21.0.8/java.util.concurrent.LinkedBlockingQueue.take(LinkedBlockingQueue.java:435)
        at java.base@21.0.8/java.util.concurrent.ThreadPoolExecutor.getTask(ThreadPoolExecutor.java:1070)
        at java.base@21.0.8/java.util.concurrent.ThreadPoolExecutor.runWorker(ThreadPoolExecutor.java:1130)
        at java.base@21.0.8/java.util.concurrent.ThreadPoolExecutor$Worker.run(ThreadPoolExecutor.java:642)
        at java.base@21.0.8/java.lang.Thread.runWith(Thread.java:1596)
        at java.base@21.0.8/java.lang.Thread.run(Thread.java:1583)
"IPC Server handler 99 on default port 15001" daemon prio=5 tid=320 timed_waiting
java.lang.Thread.State: TIMED_WAITING
        at java.base@21.0.8/jdk.internal.misc.Unsafe.park(Native Method)
        at java.base@21.0.8/java.util.concurrent.locks.LockSupport.parkNanos(LockSupport.java:269)
        at java.base@21.0.8/java.util.concurrent.locks.AbstractQueuedSynchronizer$ConditionObject.awaitNanos(AbstractQueuedSynchronizer.java:1763)
        at java.base@21.0.8/java.util.concurrent.LinkedBlockingQueue.poll(LinkedBlockingQueue.java:460)
        at app//org.apache.hadoop.ipc.CallQueueManager.take(CallQueueManager.java:370)
        at app//org.apache.hadoop.ipc.Server$Handler.run(Server.java:3165)
"IPC Server listener on 15035" daemon prio=5 tid=689 runnable
java.lang.Thread.State: RUNNABLE
        at java.base@21.0.8/sun.nio.ch.EPoll.wait(Native Method)
        at java.base@21.0.8/sun.nio.ch.EPollSelectorImpl.doSelect(EPollSelectorImpl.java:121)
        at java.base@21.0.8/sun.nio.ch.SelectorImpl.lockAndDoSelect(SelectorImpl.java:130)
        at java.base@21.0.8/sun.nio.ch.SelectorImpl.select(SelectorImpl.java:147)
        at app//org.apache.hadoop.ipc.Server$Listener.run(Server.java:1559)
"timer5" daemon prio=5 tid=1028 timed_waiting
java.lang.Thread.State: TIMED_WAITING
        at java.base@21.0.8/java.lang.Object.wait0(Native Method)
        at java.base@21.0.8/java.lang.Object.wait(Object.java:366)
        at java.base@21.0.8/java.util.TimerThread.mainLoop(Timer.java:563)
        at java.base@21.0.8/java.util.TimerThread.run(Timer.java:516)
"IPC Server handler 29 on default port 15001" daemon prio=5 tid=250 timed_waiting
java.lang.Thread.State: TIMED_WAITING
        at java.base@21.0.8/jdk.internal.misc.Unsafe.park(Native Method)
        at java.base@21.0.8/java.util.concurrent.locks.LockSupport.parkNanos(LockSupport.java:269)
        at java.base@21.0.8/java.util.concurrent.locks.AbstractQueuedSynchronizer$ConditionObject.awaitNanos(AbstractQueuedSynchronizer.java:1763)
        at java.base@21.0.8/java.util.concurrent.LinkedBlockingQueue.poll(LinkedBlockingQueue.java:460)
        at app//org.apache.hadoop.ipc.CallQueueManager.take(CallQueueManager.java:370)
        at app//org.apache.hadoop.ipc.Server$Handler.run(Server.java:3165)
"IPC Server handler 51 on default port 15001" daemon prio=5 tid=272 timed_waiting
java.lang.Thread.State: TIMED_WAITING
        at java.base@21.0.8/jdk.internal.misc.Unsafe.park(Native Method)
        at java.base@21.0.8/java.util.concurrent.locks.LockSupport.parkNanos(LockSupport.java:269)
        at java.base@21.0.8/java.util.concurrent.locks.AbstractQueuedSynchronizer$ConditionObject.awaitNanos(AbstractQueuedSynchronizer.java:1763)
        at java.base@21.0.8/java.util.concurrent.LinkedBlockingQueue.poll(LinkedBlockingQueue.java:460)
        at app//org.apache.hadoop.ipc.CallQueueManager.take(CallQueueManager.java:370)
        at app//org.apache.hadoop.ipc.Server$Handler.run(Server.java:3165)
"IPC Server handler 4 on default port 15027" daemon prio=5 tid=641 timed_waiting
java.lang.Thread.State: TIMED_WAITING
        at java.base@21.0.8/jdk.internal.misc.Unsafe.park(Native Method)
        at java.base@21.0.8/java.util.concurrent.locks.LockSupport.parkNanos(LockSupport.java:269)
        at java.base@21.0.8/java.util.concurrent.locks.AbstractQueuedSynchronizer$ConditionObject.awaitNanos(AbstractQueuedSynchronizer.java:1763)
        at java.base@21.0.8/java.util.concurrent.LinkedBlockingQueue.poll(LinkedBlockingQueue.java:460)
        at app//org.apache.hadoop.ipc.CallQueueManager.take(CallQueueManager.java:370)
        at app//org.apache.hadoop.ipc.Server$Handler.run(Server.java:3165)
"d3e19d45-0b2b-4921-9b28-39a5e9747ac8-ChunkWriter-0-0" daemon prio=5 tid=840 in Object.wait()
java.lang.Thread.State: WAITING (on object monitor)
        at java.base@21.0.8/jdk.internal.misc.Unsafe.park(Native Method)
        at java.base@21.0.8/java.util.concurrent.locks.LockSupport.park(LockSupport.java:371)
        at java.base@21.0.8/java.util.concurrent.locks.AbstractQueuedSynchronizer$ConditionNode.block(AbstractQueuedSynchronizer.java:519)
        at java.base@21.0.8/java.util.concurrent.ForkJoinPool.unmanagedBlock(ForkJoinPool.java:3780)
        at java.base@21.0.8/java.util.concurrent.ForkJoinPool.managedBlock(ForkJoinPool.java:3725)
        at java.base@21.0.8/java.util.concurrent.locks.AbstractQueuedSynchronizer$ConditionObject.await(AbstractQueuedSynchronizer.java:1712)
        at java.base@21.0.8/java.util.concurrent.LinkedBlockingDeque.takeFirst(LinkedBlockingDeque.java:485)
        at java.base@21.0.8/java.util.concurrent.LinkedBlockingDeque.take(LinkedBlockingDeque.java:673)
        at java.base@21.0.8/java.util.concurrent.ThreadPoolExecutor.getTask(ThreadPoolExecutor.java:1070)
        at java.base@21.0.8/java.util.concurrent.ThreadPoolExecutor.runWorker(ThreadPoolExecutor.java:1130)
        at java.base@21.0.8/java.util.concurrent.ThreadPoolExecutor$Worker.run(ThreadPoolExecutor.java:642)
        at java.base@21.0.8/java.lang.Thread.runWith(Thread.java:1596)
        at java.base@21.0.8/java.lang.Thread.run(Thread.java:1583)
"Socket Reader #1 for port 15006" daemon prio=5 tid=450 runnable
java.lang.Thread.State: RUNNABLE
        at java.base@21.0.8/sun.nio.ch.EPoll.wait(Native Method)
        at java.base@21.0.8/sun.nio.ch.EPollSelectorImpl.doSelect(EPollSelectorImpl.java:121)
        at java.base@21.0.8/sun.nio.ch.SelectorImpl.lockAndDoSelect(SelectorImpl.java:130)
        at java.base@21.0.8/sun.nio.ch.SelectorImpl.select(SelectorImpl.java:147)
        at app//org.apache.hadoop.ipc.Server$Listener$Reader.doRunLoop(Server.java:1497)
        at app//org.apache.hadoop.ipc.Server$Listener$Reader.run(Server.java:1476)
"qtp99667716-745" daemon prio=5 tid=745 runnable
java.lang.Thread.State: RUNNABLE
        at java.base@21.0.8/sun.nio.ch.EPoll.wait(Native Method)
        at java.base@21.0.8/sun.nio.ch.EPollSelectorImpl.doSelect(EPollSelectorImpl.java:121)
        at java.base@21.0.8/sun.nio.ch.SelectorImpl.lockAndDoSelect(SelectorImpl.java:130)
        at java.base@21.0.8/sun.nio.ch.SelectorImpl.select(SelectorImpl.java:147)
        at app//org.eclipse.jetty.io.ManagedSelector.nioSelect(ManagedSelector.java:183)
        at app//org.eclipse.jetty.io.ManagedSelector.select(ManagedSelector.java:190)
        at app//org.eclipse.jetty.io.ManagedSelector$SelectorProducer.select(ManagedSelector.java:606)
        at app//org.eclipse.jetty.io.ManagedSelector$SelectorProducer.produce(ManagedSelector.java:543)
        at app//org.eclipse.jetty.util.thread.strategy.EatWhatYouKill.produceTask(EatWhatYouKill.java:362)
        at app//org.eclipse.jetty.util.thread.strategy.EatWhatYouKill.doProduce(EatWhatYouKill.java:186)
        at app//org.eclipse.jetty.util.thread.strategy.EatWhatYouKill.tryProduce(EatWhatYouKill.java:173)
        at app//org.eclipse.jetty.util.thread.strategy.EatWhatYouKill.produce(EatWhatYouKill.java:137)
        at app//org.eclipse.jetty.io.ManagedSelector$$Lambda/0x00007fd1ac6ed508.run(Unknown Source)
        at app//org.eclipse.jetty.util.thread.QueuedThreadPool.runJob(QueuedThreadPool.java:883)
        at app//org.eclipse.jetty.util.thread.QueuedThreadPool$Runner.run(QueuedThreadPool.java:1034)
        at java.base@21.0.8/java.lang.Thread.runWith(Thread.java:1596)
        at java.base@21.0.8/java.lang.Thread.run(Thread.java:1583)
"Socket Reader #7 for port 15043" daemon prio=5 tid=769 runnable
java.lang.Thread.State: RUNNABLE
        at java.base@21.0.8/sun.nio.ch.EPoll.wait(Native Method)
        at java.base@21.0.8/sun.nio.ch.EPollSelectorImpl.doSelect(EPollSelectorImpl.java:121)
        at java.base@21.0.8/sun.nio.ch.SelectorImpl.lockAndDoSelect(SelectorImpl.java:130)
        at java.base@21.0.8/sun.nio.ch.SelectorImpl.select(SelectorImpl.java:147)
        at app//org.apache.hadoop.ipc.Server$Listener$Reader.doRunLoop(Server.java:1497)
        at app//org.apache.hadoop.ipc.Server$Listener$Reader.run(Server.java:1476)
"grpc-default-executor-3" daemon prio=5 tid=989 timed_waiting
java.lang.Thread.State: TIMED_WAITING
        at java.base@21.0.8/jdk.internal.misc.Unsafe.park(Native Method)
        at java.base@21.0.8/java.util.concurrent.locks.LockSupport.parkNanos(LockSupport.java:410)
        at java.base@21.0.8/java.util.concurrent.LinkedTransferQueue$DualNode.await(LinkedTransferQueue.java:452)
        at java.base@21.0.8/java.util.concurrent.SynchronousQueue$Transferer.xferLifo(SynchronousQueue.java:194)
        at java.base@21.0.8/java.util.concurrent.SynchronousQueue.xfer(SynchronousQueue.java:235)
        at java.base@21.0.8/java.util.concurrent.SynchronousQueue.poll(SynchronousQueue.java:338)
        at java.base@21.0.8/java.util.concurrent.ThreadPoolExecutor.getTask(ThreadPoolExecutor.java:1069)
        at java.base@21.0.8/java.util.concurrent.ThreadPoolExecutor.runWorker(ThreadPoolExecutor.java:1130)
        at java.base@21.0.8/java.util.concurrent.ThreadPoolExecutor$Worker.run(ThreadPoolExecutor.java:642)
        at java.base@21.0.8/java.lang.Thread.runWith(Thread.java:1596)
        at java.base@21.0.8/java.lang.Thread.run(Thread.java:1583)
"Hadoop-Metrics-Updater-0" daemon prio=5 tid=775 timed_waiting
java.lang.Thread.State: TIMED_WAITING
        at java.base@21.0.8/jdk.internal.misc.Unsafe.park(Native Method)
        at java.base@21.0.8/java.util.concurrent.locks.LockSupport.parkNanos(LockSupport.java:269)
        at java.base@21.0.8/java.util.concurrent.locks.AbstractQueuedSynchronizer$ConditionObject.awaitNanos(AbstractQueuedSynchronizer.java:1763)
        at java.base@21.0.8/java.util.concurrent.ScheduledThreadPoolExecutor$DelayedWorkQueue.take(ScheduledThreadPoolExecutor.java:1182)
        at java.base@21.0.8/java.util.concurrent.ScheduledThreadPoolExecutor$DelayedWorkQueue.take(ScheduledThreadPoolExecutor.java:899)
        at java.base@21.0.8/java.util.concurrent.ThreadPoolExecutor.getTask(ThreadPoolExecutor.java:1070)
        at java.base@21.0.8/java.util.concurrent.ThreadPoolExecutor.runWorker(ThreadPoolExecutor.java:1130)
        at java.base@21.0.8/java.util.concurrent.ThreadPoolExecutor$Worker.run(ThreadPoolExecutor.java:642)
        at java.base@21.0.8/java.lang.Thread.runWith(Thread.java:1596)
        at java.base@21.0.8/java.lang.Thread.run(Thread.java:1583)
"IPC Server handler 21 on default port 15000" daemon prio=5 tid=142 timed_waiting
java.lang.Thread.State: TIMED_WAITING
        at java.base@21.0.8/jdk.internal.misc.Unsafe.park(Native Method)
        at java.base@21.0.8/java.util.concurrent.locks.LockSupport.parkNanos(LockSupport.java:269)
        at java.base@21.0.8/java.util.concurrent.locks.AbstractQueuedSynchronizer$ConditionObject.awaitNanos(AbstractQueuedSynchronizer.java:1763)
        at java.base@21.0.8/java.util.concurrent.LinkedBlockingQueue.poll(LinkedBlockingQueue.java:460)
        at app//org.apache.hadoop.ipc.CallQueueManager.take(CallQueueManager.java:370)
        at app//org.apache.hadoop.ipc.Server$Handler.run(Server.java:3165)
"IPC Server handler 45 on default port 15001" daemon prio=5 tid=266 timed_waiting
java.lang.Thread.State: TIMED_WAITING
        at java.base@21.0.8/jdk.internal.misc.Unsafe.park(Native Method)
        at java.base@21.0.8/java.util.concurrent.locks.LockSupport.parkNanos(LockSupport.java:269)
        at java.base@21.0.8/java.util.concurrent.locks.AbstractQueuedSynchronizer$ConditionObject.awaitNanos(AbstractQueuedSynchronizer.java:1763)
        at java.base@21.0.8/java.util.concurrent.LinkedBlockingQueue.poll(LinkedBlockingQueue.java:460)
        at app//org.apache.hadoop.ipc.CallQueueManager.take(CallQueueManager.java:370)
        at app//org.apache.hadoop.ipc.Server$Handler.run(Server.java:3165)
"IPC Server handler 2 on default port 15035" daemon prio=5 tid=707 timed_waiting
java.lang.Thread.State: TIMED_WAITING
        at java.base@21.0.8/jdk.internal.misc.Unsafe.park(Native Method)
        at java.base@21.0.8/java.util.concurrent.locks.LockSupport.parkNanos(LockSupport.java:269)
        at java.base@21.0.8/java.util.concurrent.locks.AbstractQueuedSynchronizer$ConditionObject.awaitNanos(AbstractQueuedSynchronizer.java:1763)
        at java.base@21.0.8/java.util.concurrent.LinkedBlockingQueue.poll(LinkedBlockingQueue.java:460)
        at app//org.apache.hadoop.ipc.CallQueueManager.take(CallQueueManager.java:370)
        at app//org.apache.hadoop.ipc.Server$Handler.run(Server.java:3165)
"IPC Server handler 4 on default port 15006" daemon prio=5 tid=496 timed_waiting
java.lang.Thread.State: TIMED_WAITING
        at java.base@21.0.8/jdk.internal.misc.Unsafe.park(Native Method)
        at java.base@21.0.8/java.util.concurrent.locks.LockSupport.parkNanos(LockSupport.java:269)
        at java.base@21.0.8/java.util.concurrent.locks.AbstractQueuedSynchronizer$ConditionObject.awaitNanos(AbstractQueuedSynchronizer.java:1763)
        at java.base@21.0.8/java.util.concurrent.LinkedBlockingQueue.poll(LinkedBlockingQueue.java:460)
        at app//org.apache.hadoop.ipc.CallQueueManager.take(CallQueueManager.java:370)
        at app//org.apache.hadoop.ipc.Server$Handler.run(Server.java:3165)
"18da7ee6-49f7-45ee-8090-861a49f32d36@group-01F21CBCA59D-cacheEviction-AwaitToRun" daemon prio=5 tid=906 in Object.wait()
java.lang.Thread.State: WAITING (on object monitor)
        at java.base@21.0.8/jdk.internal.misc.Unsafe.park(Native Method)
        at java.base@21.0.8/java.util.concurrent.locks.LockSupport.park(LockSupport.java:371)
        at java.base@21.0.8/java.util.concurrent.locks.AbstractQueuedSynchronizer$ConditionNode.block(AbstractQueuedSynchronizer.java:519)
        at java.base@21.0.8/java.util.concurrent.ForkJoinPool.unmanagedBlock(ForkJoinPool.java:3780)
        at java.base@21.0.8/java.util.concurrent.ForkJoinPool.managedBlock(ForkJoinPool.java:3725)
        at java.base@21.0.8/java.util.concurrent.locks.AbstractQueuedSynchronizer$ConditionObject.await(AbstractQueuedSynchronizer.java:1712)
        at app//org.apache.ratis.util.AwaitForSignal.await(AwaitForSignal.java:48)
        at app//org.apache.ratis.util.AwaitToRun$RunnableImpl.run(AwaitToRun.java:47)
        at java.base@21.0.8/java.lang.Thread.runWith(Thread.java:1596)
        at java.base@21.0.8/java.lang.Thread.run(Thread.java:1583)
"IPC Server handler 2 on default port 15002" daemon prio=5 tid=341 timed_waiting
java.lang.Thread.State: TIMED_WAITING
        at java.base@21.0.8/jdk.internal.misc.Unsafe.park(Native Method)
        at java.base@21.0.8/java.util.concurrent.locks.LockSupport.parkNanos(LockSupport.java:269)
        at java.base@21.0.8/java.util.concurrent.locks.AbstractQueuedSynchronizer$ConditionObject.awaitNanos(AbstractQueuedSynchronizer.java:1763)
        at java.base@21.0.8/java.util.concurrent.LinkedBlockingQueue.poll(LinkedBlockingQueue.java:460)
        at app//org.apache.hadoop.ipc.CallQueueManager.take(CallQueueManager.java:370)
        at app//org.apache.hadoop.ipc.Server$Handler.run(Server.java:3165)
"IPC Server handler 77 on default port 15001" daemon prio=5 tid=298 timed_waiting
java.lang.Thread.State: TIMED_WAITING
        at java.base@21.0.8/jdk.internal.misc.Unsafe.park(Native Method)
        at java.base@21.0.8/java.util.concurrent.locks.LockSupport.parkNanos(LockSupport.java:269)
        at java.base@21.0.8/java.util.concurrent.locks.AbstractQueuedSynchronizer$ConditionObject.awaitNanos(AbstractQueuedSynchronizer.java:1763)
        at java.base@21.0.8/java.util.concurrent.LinkedBlockingQueue.poll(LinkedBlockingQueue.java:460)
        at app//org.apache.hadoop.ipc.CallQueueManager.take(CallQueueManager.java:370)
        at app//org.apache.hadoop.ipc.Server$Handler.run(Server.java:3165)
"om1-KeyDeletingService#1" daemon prio=5 tid=473 timed_waiting
java.lang.Thread.State: TIMED_WAITING
        at java.base@21.0.8/jdk.internal.misc.Unsafe.park(Native Method)
        at java.base@21.0.8/java.util.concurrent.locks.LockSupport.parkNanos(LockSupport.java:269)
        at java.base@21.0.8/java.util.concurrent.locks.AbstractQueuedSynchronizer$ConditionObject.awaitNanos(AbstractQueuedSynchronizer.java:1763)
        at java.base@21.0.8/java.util.concurrent.ScheduledThreadPoolExecutor$DelayedWorkQueue.take(ScheduledThreadPoolExecutor.java:1182)
        at java.base@21.0.8/java.util.concurrent.ScheduledThreadPoolExecutor$DelayedWorkQueue.take(ScheduledThreadPoolExecutor.java:899)
        at java.base@21.0.8/java.util.concurrent.ThreadPoolExecutor.getTask(ThreadPoolExecutor.java:1070)
        at java.base@21.0.8/java.util.concurrent.ThreadPoolExecutor.runWorker(ThreadPoolExecutor.java:1130)
        at java.base@21.0.8/java.util.concurrent.ThreadPoolExecutor$Worker.run(ThreadPoolExecutor.java:642)
        at java.base@21.0.8/java.lang.Thread.runWith(Thread.java:1596)
        at java.base@21.0.8/java.lang.Thread.run(Thread.java:1583)
"Socket Reader #3 for port 15000" daemon prio=5 tid=93 runnable
java.lang.Thread.State: RUNNABLE
        at java.base@21.0.8/sun.nio.ch.EPoll.wait(Native Method)
        at java.base@21.0.8/sun.nio.ch.EPollSelectorImpl.doSelect(EPollSelectorImpl.java:121)
        at java.base@21.0.8/sun.nio.ch.SelectorImpl.lockAndDoSelect(SelectorImpl.java:130)
        at java.base@21.0.8/sun.nio.ch.SelectorImpl.select(SelectorImpl.java:147)
        at app//org.apache.hadoop.ipc.Server$Listener$Reader.doRunLoop(Server.java:1497)
        at app//org.apache.hadoop.ipc.Server$Listener$Reader.run(Server.java:1476)
"IPC Server handler 52 on default port 15000" daemon prio=5 tid=173 timed_waiting
java.lang.Thread.State: TIMED_WAITING
        at java.base@21.0.8/jdk.internal.misc.Unsafe.park(Native Method)
        at java.base@21.0.8/java.util.concurrent.locks.LockSupport.parkNanos(LockSupport.java:269)
        at java.base@21.0.8/java.util.concurrent.locks.AbstractQueuedSynchronizer$ConditionObject.awaitNanos(AbstractQueuedSynchronizer.java:1763)
        at java.base@21.0.8/java.util.concurrent.LinkedBlockingQueue.poll(LinkedBlockingQueue.java:460)
        at app//org.apache.hadoop.ipc.CallQueueManager.take(CallQueueManager.java:370)
        at app//org.apache.hadoop.ipc.Server$Handler.run(Server.java:3165)
"IPC Server handler 22 on default port 15001" daemon prio=5 tid=243 timed_waiting
java.lang.Thread.State: TIMED_WAITING
        at java.base@21.0.8/jdk.internal.misc.Unsafe.park(Native Method)
        at java.base@21.0.8/java.util.concurrent.locks.LockSupport.parkNanos(LockSupport.java:269)
        at java.base@21.0.8/java.util.concurrent.locks.AbstractQueuedSynchronizer$ConditionObject.awaitNanos(AbstractQueuedSynchronizer.java:1763)
        at java.base@21.0.8/java.util.concurrent.LinkedBlockingQueue.poll(LinkedBlockingQueue.java:460)
        at app//org.apache.hadoop.ipc.CallQueueManager.take(CallQueueManager.java:370)
        at app//org.apache.hadoop.ipc.Server$Handler.run(Server.java:3165)
"FixedThreadPoolWithAffinityExecutor-0-0" daemon prio=5 tid=104 timed_waiting
java.lang.Thread.State: TIMED_WAITING
        at java.base@21.0.8/jdk.internal.misc.Unsafe.park(Native Method)
        at java.base@21.0.8/java.util.concurrent.locks.LockSupport.parkNanos(LockSupport.java:269)
        at java.base@21.0.8/java.util.concurrent.locks.AbstractQueuedSynchronizer$ConditionObject.awaitNanos(AbstractQueuedSynchronizer.java:1763)
        at java.base@21.0.8/java.util.concurrent.LinkedBlockingQueue.poll(LinkedBlockingQueue.java:460)
        at app//org.apache.hadoop.hdds.scm.server.ContainerReportQueue.poll(ContainerReportQueue.java:269)
        at app//org.apache.hadoop.hdds.scm.server.ContainerReportQueue.poll(ContainerReportQueue.java:42)
        at app//org.apache.hadoop.hdds.server.events.FixedThreadPoolWithAffinityExecutor$ContainerReportProcessTask.run(FixedThreadPoolWithAffinityExecutor.java:228)
        at java.base@21.0.8/java.util.concurrent.Executors$RunnableAdapter.call(Executors.java:572)
        at java.base@21.0.8/java.util.concurrent.FutureTask.run(FutureTask.java:317)
        at java.base@21.0.8/java.util.concurrent.ThreadPoolExecutor.runWorker(ThreadPoolExecutor.java:1144)
        at java.base@21.0.8/java.util.concurrent.ThreadPoolExecutor$Worker.run(ThreadPoolExecutor.java:642)
        at java.base@21.0.8/java.lang.Thread.runWith(Thread.java:1596)
        at java.base@21.0.8/java.lang.Thread.run(Thread.java:1583)
"IPC Server handler 24 on default port 15001" daemon prio=5 tid=245 timed_waiting
java.lang.Thread.State: TIMED_WAITING
        at java.base@21.0.8/jdk.internal.misc.Unsafe.park(Native Method)
        at java.base@21.0.8/java.util.concurrent.locks.LockSupport.parkNanos(LockSupport.java:269)
        at java.base@21.0.8/java.util.concurrent.locks.AbstractQueuedSynchronizer$ConditionObject.awaitNanos(AbstractQueuedSynchronizer.java:1763)
        at java.base@21.0.8/java.util.concurrent.LinkedBlockingQueue.poll(LinkedBlockingQueue.java:460)
        at app//org.apache.hadoop.ipc.CallQueueManager.take(CallQueueManager.java:370)
        at app//org.apache.hadoop.ipc.Server$Handler.run(Server.java:3165)
"IPC Server handler 4 on default port 15002" daemon prio=5 tid=343 timed_waiting
java.lang.Thread.State: TIMED_WAITING
        at java.base@21.0.8/jdk.internal.misc.Unsafe.park(Native Method)
        at java.base@21.0.8/java.util.concurrent.locks.LockSupport.parkNanos(LockSupport.java:269)
        at java.base@21.0.8/java.util.concurrent.locks.AbstractQueuedSynchronizer$ConditionObject.awaitNanos(AbstractQueuedSynchronizer.java:1763)
        at java.base@21.0.8/java.util.concurrent.LinkedBlockingQueue.poll(LinkedBlockingQueue.java:460)
        at app//org.apache.hadoop.ipc.CallQueueManager.take(CallQueueManager.java:370)
        at app//org.apache.hadoop.ipc.Server$Handler.run(Server.java:3165)
"IPC Server handler 97 on default port 15002" daemon prio=5 tid=436 timed_waiting
java.lang.Thread.State: TIMED_WAITING
        at java.base@21.0.8/jdk.internal.misc.Unsafe.park(Native Method)
        at java.base@21.0.8/java.util.concurrent.locks.LockSupport.parkNanos(LockSupport.java:269)
        at java.base@21.0.8/java.util.concurrent.locks.AbstractQueuedSynchronizer$ConditionObject.awaitNanos(AbstractQueuedSynchronizer.java:1763)
        at java.base@21.0.8/java.util.concurrent.LinkedBlockingQueue.poll(LinkedBlockingQueue.java:460)
        at app//org.apache.hadoop.ipc.CallQueueManager.take(CallQueueManager.java:370)
        at app//org.apache.hadoop.ipc.Server$Handler.run(Server.java:3165)
"om1-OpenKeyCleanupService#0" daemon prio=5 tid=476 timed_waiting
java.lang.Thread.State: TIMED_WAITING
        at java.base@21.0.8/jdk.internal.misc.Unsafe.park(Native Method)
        at java.base@21.0.8/java.util.concurrent.locks.LockSupport.parkNanos(LockSupport.java:269)
        at java.base@21.0.8/java.util.concurrent.locks.AbstractQueuedSynchronizer$ConditionObject.awaitNanos(AbstractQueuedSynchronizer.java:1763)
        at java.base@21.0.8/java.util.concurrent.ScheduledThreadPoolExecutor$DelayedWorkQueue.take(ScheduledThreadPoolExecutor.java:1182)
        at java.base@21.0.8/java.util.concurrent.ScheduledThreadPoolExecutor$DelayedWorkQueue.take(ScheduledThreadPoolExecutor.java:899)
        at java.base@21.0.8/java.util.concurrent.ThreadPoolExecutor.getTask(ThreadPoolExecutor.java:1070)
        at java.base@21.0.8/java.util.concurrent.ThreadPoolExecutor.runWorker(ThreadPoolExecutor.java:1130)
        at java.base@21.0.8/java.util.concurrent.ThreadPoolExecutor$Worker.run(ThreadPoolExecutor.java:642)
        at java.base@21.0.8/java.lang.Thread.runWith(Thread.java:1596)
        at java.base@21.0.8/java.lang.Thread.run(Thread.java:1583)
"grpc-default-executor-4" daemon prio=5 tid=1038 timed_waiting
java.lang.Thread.State: TIMED_WAITING
        at java.base@21.0.8/jdk.internal.misc.Unsafe.park(Native Method)
        at java.base@21.0.8/java.util.concurrent.locks.LockSupport.parkNanos(LockSupport.java:410)
        at java.base@21.0.8/java.util.concurrent.LinkedTransferQueue$DualNode.await(LinkedTransferQueue.java:452)
        at java.base@21.0.8/java.util.concurrent.SynchronousQueue$Transferer.xferLifo(SynchronousQueue.java:194)
        at java.base@21.0.8/java.util.concurrent.SynchronousQueue.xfer(SynchronousQueue.java:235)
        at java.base@21.0.8/java.util.concurrent.SynchronousQueue.poll(SynchronousQueue.java:338)
        at java.base@21.0.8/java.util.concurrent.ThreadPoolExecutor.getTask(ThreadPoolExecutor.java:1069)
        at java.base@21.0.8/java.util.concurrent.ThreadPoolExecutor.runWorker(ThreadPoolExecutor.java:1130)
        at java.base@21.0.8/java.util.concurrent.ThreadPoolExecutor$Worker.run(ThreadPoolExecutor.java:642)
        at java.base@21.0.8/java.lang.Thread.runWith(Thread.java:1596)
        at java.base@21.0.8/java.lang.Thread.run(Thread.java:1583)
"18da7ee6-49f7-45ee-8090-861a49f32d36@group-01F21CBCA59D-StateMachineUpdater" daemon prio=5 tid=916 timed_waiting
java.lang.Thread.State: TIMED_WAITING
        at java.base@21.0.8/jdk.internal.misc.Unsafe.park(Native Method)
        at java.base@21.0.8/java.util.concurrent.locks.LockSupport.parkNanos(LockSupport.java:269)
        at java.base@21.0.8/java.util.concurrent.locks.AbstractQueuedSynchronizer$ConditionObject.await(AbstractQueuedSynchronizer.java:1852)
        at app//org.apache.ratis.util.AwaitForSignal.await(AwaitForSignal.java:65)
        at app//org.apache.ratis.server.impl.StateMachineUpdater.waitForCommit(StateMachineUpdater.java:222)
        at app//org.apache.ratis.server.impl.StateMachineUpdater.run(StateMachineUpdater.java:187)
        at java.base@21.0.8/java.lang.Thread.runWith(Thread.java:1596)
        at java.base@21.0.8/java.lang.Thread.run(Thread.java:1583)
"IPC Server handler 89 on default port 15001" daemon prio=5 tid=310 timed_waiting
java.lang.Thread.State: TIMED_WAITING
        at java.base@21.0.8/jdk.internal.misc.Unsafe.park(Native Method)
        at java.base@21.0.8/java.util.concurrent.locks.LockSupport.parkNanos(LockSupport.java:269)
        at java.base@21.0.8/java.util.concurrent.locks.AbstractQueuedSynchronizer$ConditionObject.awaitNanos(AbstractQueuedSynchronizer.java:1763)
        at java.base@21.0.8/java.util.concurrent.LinkedBlockingQueue.poll(LinkedBlockingQueue.java:460)
        at app//org.apache.hadoop.ipc.CallQueueManager.take(CallQueueManager.java:370)
        at app//org.apache.hadoop.ipc.Server$Handler.run(Server.java:3165)
"Socket Reader #5 for port 15002" daemon prio=5 tid=67 runnable
java.lang.Thread.State: RUNNABLE
        at java.base@21.0.8/sun.nio.ch.EPoll.wait(Native Method)
        at java.base@21.0.8/sun.nio.ch.EPollSelectorImpl.doSelect(EPollSelectorImpl.java:121)
        at java.base@21.0.8/sun.nio.ch.SelectorImpl.lockAndDoSelect(SelectorImpl.java:130)
        at java.base@21.0.8/sun.nio.ch.SelectorImpl.select(SelectorImpl.java:147)
        at app//org.apache.hadoop.ipc.Server$Listener$Reader.doRunLoop(Server.java:1497)
        at app//org.apache.hadoop.ipc.Server$Listener$Reader.run(Server.java:1476)
"IPC Server handler 26 on default port 15000" daemon prio=5 tid=147 timed_waiting
java.lang.Thread.State: TIMED_WAITING
        at java.base@21.0.8/jdk.internal.misc.Unsafe.park(Native Method)
        at java.base@21.0.8/java.util.concurrent.locks.LockSupport.parkNanos(LockSupport.java:269)
        at java.base@21.0.8/java.util.concurrent.locks.AbstractQueuedSynchronizer$ConditionObject.awaitNanos(AbstractQueuedSynchronizer.java:1763)
        at java.base@21.0.8/java.util.concurrent.LinkedBlockingQueue.poll(LinkedBlockingQueue.java:460)
        at app//org.apache.hadoop.ipc.CallQueueManager.take(CallQueueManager.java:370)
        at app//org.apache.hadoop.ipc.Server$Handler.run(Server.java:3165)
"Socket Reader #5 for port 15001" daemon prio=5 tid=81 runnable
java.lang.Thread.State: RUNNABLE
        at java.base@21.0.8/sun.nio.ch.EPoll.wait(Native Method)
        at java.base@21.0.8/sun.nio.ch.EPollSelectorImpl.doSelect(EPollSelectorImpl.java:121)
        at java.base@21.0.8/sun.nio.ch.SelectorImpl.lockAndDoSelect(SelectorImpl.java:130)
        at java.base@21.0.8/sun.nio.ch.SelectorImpl.select(SelectorImpl.java:147)
        at app//org.apache.hadoop.ipc.Server$Listener$Reader.doRunLoop(Server.java:1497)
        at app//org.apache.hadoop.ipc.Server$Listener$Reader.run(Server.java:1476)
"IPC Server handler 53 on default port 15000" daemon prio=5 tid=174 timed_waiting
java.lang.Thread.State: TIMED_WAITING
        at java.base@21.0.8/jdk.internal.misc.Unsafe.park(Native Method)
        at java.base@21.0.8/java.util.concurrent.locks.LockSupport.parkNanos(LockSupport.java:269)
        at java.base@21.0.8/java.util.concurrent.locks.AbstractQueuedSynchronizer$ConditionObject.awaitNanos(AbstractQueuedSynchronizer.java:1763)
        at java.base@21.0.8/java.util.concurrent.LinkedBlockingQueue.poll(LinkedBlockingQueue.java:460)
        at app//org.apache.hadoop.ipc.CallQueueManager.take(CallQueueManager.java:370)
        at app//org.apache.hadoop.ipc.Server$Handler.run(Server.java:3165)
"Timer for 'StorageContainerManager' metrics system" daemon prio=5 tid=120 timed_waiting
java.lang.Thread.State: TIMED_WAITING
        at java.base@21.0.8/java.lang.Object.wait0(Native Method)
        at java.base@21.0.8/java.lang.Object.wait(Object.java:366)
        at java.base@21.0.8/java.util.TimerThread.mainLoop(Timer.java:563)
        at java.base@21.0.8/java.util.TimerThread.run(Timer.java:516)
"qtp99667716-750" daemon prio=5 tid=750 timed_waiting
java.lang.Thread.State: TIMED_WAITING
        at java.base@21.0.8/jdk.internal.misc.Unsafe.park(Native Method)
        at java.base@21.0.8/java.util.concurrent.locks.LockSupport.parkNanos(LockSupport.java:269)
        at java.base@21.0.8/java.util.concurrent.locks.AbstractQueuedSynchronizer$ConditionObject.awaitNanos(AbstractQueuedSynchronizer.java:1763)
        at app//org.eclipse.jetty.util.BlockingArrayQueue.poll(BlockingArrayQueue.java:382)
        at app//org.eclipse.jetty.util.thread.QueuedThreadPool$Runner.idleJobPoll(QueuedThreadPool.java:974)
        at app//org.eclipse.jetty.util.thread.QueuedThreadPool$Runner.run(QueuedThreadPool.java:1018)
        at java.base@21.0.8/java.lang.Thread.runWith(Thread.java:1596)
        at java.base@21.0.8/java.lang.Thread.run(Thread.java:1583)
"IPC Server handler 1 on default port 15001" daemon prio=5 tid=222 timed_waiting
java.lang.Thread.State: TIMED_WAITING
        at java.base@21.0.8/jdk.internal.misc.Unsafe.park(Native Method)
        at java.base@21.0.8/java.util.concurrent.locks.LockSupport.parkNanos(LockSupport.java:269)
        at java.base@21.0.8/java.util.concurrent.locks.AbstractQueuedSynchronizer$ConditionObject.awaitNanos(AbstractQueuedSynchronizer.java:1763)
        at java.base@21.0.8/java.util.concurrent.LinkedBlockingQueue.poll(LinkedBlockingQueue.java:460)
        at app//org.apache.hadoop.ipc.CallQueueManager.take(CallQueueManager.java:370)
        at app//org.apache.hadoop.ipc.Server$Handler.run(Server.java:3165)
"IPC Server handler 27 on default port 15000" daemon prio=5 tid=148 timed_waiting
java.lang.Thread.State: TIMED_WAITING
        at java.base@21.0.8/jdk.internal.misc.Unsafe.park(Native Method)
        at java.base@21.0.8/java.util.concurrent.locks.LockSupport.parkNanos(LockSupport.java:269)
        at java.base@21.0.8/java.util.concurrent.locks.AbstractQueuedSynchronizer$ConditionObject.awaitNanos(AbstractQueuedSynchronizer.java:1763)
        at java.base@21.0.8/java.util.concurrent.LinkedBlockingQueue.poll(LinkedBlockingQueue.java:460)
        at app//org.apache.hadoop.ipc.CallQueueManager.take(CallQueueManager.java:370)
        at app//org.apache.hadoop.ipc.Server$Handler.run(Server.java:3165)
"IPC Server handler 75 on default port 15002" daemon prio=5 tid=414 timed_waiting
java.lang.Thread.State: TIMED_WAITING
        at java.base@21.0.8/jdk.internal.misc.Unsafe.park(Native Method)
        at java.base@21.0.8/java.util.concurrent.locks.LockSupport.parkNanos(LockSupport.java:269)
        at java.base@21.0.8/java.util.concurrent.locks.AbstractQueuedSynchronizer$ConditionObject.awaitNanos(AbstractQueuedSynchronizer.java:1763)
        at java.base@21.0.8/java.util.concurrent.LinkedBlockingQueue.poll(LinkedBlockingQueue.java:460)
        at app//org.apache.hadoop.ipc.CallQueueManager.take(CallQueueManager.java:370)
        at app//org.apache.hadoop.ipc.Server$Handler.run(Server.java:3165)
"IPC Server handler 55 on default port 15001" daemon prio=5 tid=276 timed_waiting
java.lang.Thread.State: TIMED_WAITING
        at java.base@21.0.8/jdk.internal.misc.Unsafe.park(Native Method)
        at java.base@21.0.8/java.util.concurrent.locks.LockSupport.parkNanos(LockSupport.java:269)
        at java.base@21.0.8/java.util.concurrent.locks.AbstractQueuedSynchronizer$ConditionObject.awaitNanos(AbstractQueuedSynchronizer.java:1763)
        at java.base@21.0.8/java.util.concurrent.LinkedBlockingQueue.poll(LinkedBlockingQueue.java:460)
        at app//org.apache.hadoop.ipc.CallQueueManager.take(CallQueueManager.java:370)
        at app//org.apache.hadoop.ipc.Server$Handler.run(Server.java:3165)
"Hadoop-Metrics-Updater-0" daemon prio=5 tid=636 timed_waiting
java.lang.Thread.State: TIMED_WAITING
        at java.base@21.0.8/jdk.internal.misc.Unsafe.park(Native Method)
        at java.base@21.0.8/java.util.concurrent.locks.LockSupport.parkNanos(LockSupport.java:269)
        at java.base@21.0.8/java.util.concurrent.locks.AbstractQueuedSynchronizer$ConditionObject.awaitNanos(AbstractQueuedSynchronizer.java:1763)
        at java.base@21.0.8/java.util.concurrent.ScheduledThreadPoolExecutor$DelayedWorkQueue.take(ScheduledThreadPoolExecutor.java:1182)
        at java.base@21.0.8/java.util.concurrent.ScheduledThreadPoolExecutor$DelayedWorkQueue.take(ScheduledThreadPoolExecutor.java:899)
        at java.base@21.0.8/java.util.concurrent.ThreadPoolExecutor.getTask(ThreadPoolExecutor.java:1070)
        at java.base@21.0.8/java.util.concurrent.ThreadPoolExecutor.runWorker(ThreadPoolExecutor.java:1130)
        at java.base@21.0.8/java.util.concurrent.ThreadPoolExecutor$Worker.run(ThreadPoolExecutor.java:642)
        at java.base@21.0.8/java.lang.Thread.runWith(Thread.java:1596)
        at java.base@21.0.8/java.lang.Thread.run(Thread.java:1583)
"IPC Server handler 81 on default port 15000" daemon prio=5 tid=202 timed_waiting
java.lang.Thread.State: TIMED_WAITING
        at java.base@21.0.8/jdk.internal.misc.Unsafe.park(Native Method)
        at java.base@21.0.8/java.util.concurrent.locks.LockSupport.parkNanos(LockSupport.java:269)
        at java.base@21.0.8/java.util.concurrent.locks.AbstractQueuedSynchronizer$ConditionObject.awaitNanos(AbstractQueuedSynchronizer.java:1763)
        at java.base@21.0.8/java.util.concurrent.LinkedBlockingQueue.poll(LinkedBlockingQueue.java:460)
        at app//org.apache.hadoop.ipc.CallQueueManager.take(CallQueueManager.java:370)
        at app//org.apache.hadoop.ipc.Server$Handler.run(Server.java:3165)
"07f651f6-8f87-47bb-8f69-34e194401a37@group-1629492F36A3-StateMachineUpdater" daemon prio=5 tid=117 timed_waiting
java.lang.Thread.State: TIMED_WAITING
        at java.base@21.0.8/jdk.internal.misc.Unsafe.park(Native Method)
        at java.base@21.0.8/java.util.concurrent.locks.LockSupport.parkNanos(LockSupport.java:269)
        at java.base@21.0.8/java.util.concurrent.locks.AbstractQueuedSynchronizer$ConditionObject.await(AbstractQueuedSynchronizer.java:1852)
        at app//org.apache.ratis.util.AwaitForSignal.await(AwaitForSignal.java:65)
        at app//org.apache.ratis.server.impl.StateMachineUpdater.waitForCommit(StateMachineUpdater.java:222)
        at app//org.apache.ratis.server.impl.StateMachineUpdater.run(StateMachineUpdater.java:187)
        at java.base@21.0.8/java.lang.Thread.runWith(Thread.java:1596)
        at java.base@21.0.8/java.lang.Thread.run(Thread.java:1583)
"EventQueue-OpenPipelineForHealthyPipelineSafeModeRule" daemon prio=5 tid=854 in Object.wait()
java.lang.Thread.State: WAITING (on object monitor)
        at java.base@21.0.8/jdk.internal.misc.Unsafe.park(Native Method)
        at java.base@21.0.8/java.util.concurrent.locks.LockSupport.park(LockSupport.java:371)
        at java.base@21.0.8/java.util.concurrent.locks.AbstractQueuedSynchronizer$ConditionNode.block(AbstractQueuedSynchronizer.java:519)
        at java.base@21.0.8/java.util.concurrent.ForkJoinPool.unmanagedBlock(ForkJoinPool.java:3780)
        at java.base@21.0.8/java.util.concurrent.ForkJoinPool.managedBlock(ForkJoinPool.java:3725)
        at java.base@21.0.8/java.util.concurrent.locks.AbstractQueuedSynchronizer$ConditionObject.await(AbstractQueuedSynchronizer.java:1712)
        at java.base@21.0.8/java.util.concurrent.LinkedBlockingQueue.take(LinkedBlockingQueue.java:435)
        at java.base@21.0.8/java.util.concurrent.ThreadPoolExecutor.getTask(ThreadPoolExecutor.java:1070)
        at java.base@21.0.8/java.util.concurrent.ThreadPoolExecutor.runWorker(ThreadPoolExecutor.java:1130)
        at java.base@21.0.8/java.util.concurrent.ThreadPoolExecutor$Worker.run(ThreadPoolExecutor.java:642)
        at java.base@21.0.8/java.lang.Thread.runWith(Thread.java:1596)
        at java.base@21.0.8/java.lang.Thread.run(Thread.java:1583)
"Socket Reader #2 for port 15000" daemon prio=5 tid=92 runnable
java.lang.Thread.State: RUNNABLE
        at java.base@21.0.8/sun.nio.ch.EPoll.wait(Native Method)
        at java.base@21.0.8/sun.nio.ch.EPollSelectorImpl.doSelect(EPollSelectorImpl.java:121)
        at java.base@21.0.8/sun.nio.ch.SelectorImpl.lockAndDoSelect(SelectorImpl.java:130)
        at java.base@21.0.8/sun.nio.ch.SelectorImpl.select(SelectorImpl.java:147)
        at app//org.apache.hadoop.ipc.Server$Listener$Reader.doRunLoop(Server.java:1497)
        at app//org.apache.hadoop.ipc.Server$Listener$Reader.run(Server.java:1476)
"IPC Server handler 38 on default port 15000" daemon prio=5 tid=159 timed_waiting
java.lang.Thread.State: TIMED_WAITING
        at java.base@21.0.8/jdk.internal.misc.Unsafe.park(Native Method)
        at java.base@21.0.8/java.util.concurrent.locks.LockSupport.parkNanos(LockSupport.java:269)
        at java.base@21.0.8/java.util.concurrent.locks.AbstractQueuedSynchronizer$ConditionObject.awaitNanos(AbstractQueuedSynchronizer.java:1763)
        at java.base@21.0.8/java.util.concurrent.LinkedBlockingQueue.poll(LinkedBlockingQueue.java:460)
        at app//org.apache.hadoop.ipc.CallQueueManager.take(CallQueueManager.java:370)
        at app//org.apache.hadoop.ipc.Server$Handler.run(Server.java:3165)
"IPC Server handler 62 on default port 15002" daemon prio=5 tid=401 timed_waiting
java.lang.Thread.State: TIMED_WAITING
        at java.base@21.0.8/jdk.internal.misc.Unsafe.park(Native Method)
        at java.base@21.0.8/java.util.concurrent.locks.LockSupport.parkNanos(LockSupport.java:269)
        at java.base@21.0.8/java.util.concurrent.locks.AbstractQueuedSynchronizer$ConditionObject.awaitNanos(AbstractQueuedSynchronizer.java:1763)
        at java.base@21.0.8/java.util.concurrent.LinkedBlockingQueue.poll(LinkedBlockingQueue.java:460)
        at app//org.apache.hadoop.ipc.CallQueueManager.take(CallQueueManager.java:370)
        at app//org.apache.hadoop.ipc.Server$Handler.run(Server.java:3165)
"Session-HouseKeeper-53a4b12-1"  prio=5 tid=332 timed_waiting
java.lang.Thread.State: TIMED_WAITING
        at java.base@21.0.8/jdk.internal.misc.Unsafe.park(Native Method)
        at java.base@21.0.8/java.util.concurrent.locks.LockSupport.parkNanos(LockSupport.java:269)
        at java.base@21.0.8/java.util.concurrent.locks.AbstractQueuedSynchronizer$ConditionObject.awaitNanos(AbstractQueuedSynchronizer.java:1763)
        at java.base@21.0.8/java.util.concurrent.ScheduledThreadPoolExecutor$DelayedWorkQueue.take(ScheduledThreadPoolExecutor.java:1182)
        at java.base@21.0.8/java.util.concurrent.ScheduledThreadPoolExecutor$DelayedWorkQueue.take(ScheduledThreadPoolExecutor.java:899)
        at java.base@21.0.8/java.util.concurrent.ThreadPoolExecutor.getTask(ThreadPoolExecutor.java:1070)
        at java.base@21.0.8/java.util.concurrent.ThreadPoolExecutor.runWorker(ThreadPoolExecutor.java:1130)
        at java.base@21.0.8/java.util.concurrent.ThreadPoolExecutor$Worker.run(ThreadPoolExecutor.java:642)
        at java.base@21.0.8/java.lang.Thread.runWith(Thread.java:1596)
        at java.base@21.0.8/java.lang.Thread.run(Thread.java:1583)
"qtp99667716-746-acceptor-0@68c159bd-ServerConnector@7bad02d0{HTTP/1.1, (http/1.1)}{0.0.0.0:15042}" daemon prio=3 tid=746 runnable
java.lang.Thread.State: RUNNABLE
        at java.base@21.0.8/sun.nio.ch.Net.accept(Native Method)
        at java.base@21.0.8/sun.nio.ch.ServerSocketChannelImpl.implAccept(ServerSocketChannelImpl.java:433)
        at java.base@21.0.8/sun.nio.ch.ServerSocketChannelImpl.accept(ServerSocketChannelImpl.java:399)
        at app//org.eclipse.jetty.server.ServerConnector.accept(ServerConnector.java:388)
        at app//org.eclipse.jetty.server.AbstractConnector$Acceptor.run(AbstractConnector.java:704)
        at app//org.eclipse.jetty.util.thread.QueuedThreadPool.runJob(QueuedThreadPool.java:883)
        at app//org.eclipse.jetty.util.thread.QueuedThreadPool$Runner.run(QueuedThreadPool.java:1034)
        at java.base@21.0.8/java.lang.Thread.runWith(Thread.java:1596)
        at java.base@21.0.8/java.lang.Thread.run(Thread.java:1583)
"IPC Server handler 3 on default port 15000" daemon prio=5 tid=124 timed_waiting
java.lang.Thread.State: TIMED_WAITING
        at java.base@21.0.8/jdk.internal.misc.Unsafe.park(Native Method)
        at java.base@21.0.8/java.util.concurrent.locks.LockSupport.parkNanos(LockSupport.java:269)
        at java.base@21.0.8/java.util.concurrent.locks.AbstractQueuedSynchronizer$ConditionObject.awaitNanos(AbstractQueuedSynchronizer.java:1763)
        at java.base@21.0.8/java.util.concurrent.LinkedBlockingQueue.poll(LinkedBlockingQueue.java:460)
        at app//org.apache.hadoop.ipc.CallQueueManager.take(CallQueueManager.java:370)
        at app//org.apache.hadoop.ipc.Server$Handler.run(Server.java:3165)
"IPC Server handler 41 on default port 15002" daemon prio=5 tid=380 timed_waiting
java.lang.Thread.State: TIMED_WAITING
        at java.base@21.0.8/jdk.internal.misc.Unsafe.park(Native Method)
        at java.base@21.0.8/java.util.concurrent.locks.LockSupport.parkNanos(LockSupport.java:269)
        at java.base@21.0.8/java.util.concurrent.locks.AbstractQueuedSynchronizer$ConditionObject.awaitNanos(AbstractQueuedSynchronizer.java:1763)
        at java.base@21.0.8/java.util.concurrent.LinkedBlockingQueue.poll(LinkedBlockingQueue.java:460)
        at app//org.apache.hadoop.ipc.CallQueueManager.take(CallQueueManager.java:370)
        at app//org.apache.hadoop.ipc.Server$Handler.run(Server.java:3165)
"om1@group-C5BA1605619E-cacheEviction-AwaitToRun" daemon prio=5 tid=463 in Object.wait()
java.lang.Thread.State: WAITING (on object monitor)
        at java.base@21.0.8/jdk.internal.misc.Unsafe.park(Native Method)
        at java.base@21.0.8/java.util.concurrent.locks.LockSupport.park(LockSupport.java:371)
        at java.base@21.0.8/java.util.concurrent.locks.AbstractQueuedSynchronizer$ConditionNode.block(AbstractQueuedSynchronizer.java:519)
        at java.base@21.0.8/java.util.concurrent.ForkJoinPool.unmanagedBlock(ForkJoinPool.java:3780)
        at java.base@21.0.8/java.util.concurrent.ForkJoinPool.managedBlock(ForkJoinPool.java:3725)
        at java.base@21.0.8/java.util.concurrent.locks.AbstractQueuedSynchronizer$ConditionObject.await(AbstractQueuedSynchronizer.java:1712)
        at app//org.apache.ratis.util.AwaitForSignal.await(AwaitForSignal.java:48)
        at app//org.apache.ratis.util.AwaitToRun$RunnableImpl.run(AwaitToRun.java:47)
        at java.base@21.0.8/java.lang.Thread.runWith(Thread.java:1596)
        at java.base@21.0.8/java.lang.Thread.run(Thread.java:1583)
"Socket Reader #8 for port 15035" daemon prio=5 tid=697 runnable
java.lang.Thread.State: RUNNABLE
        at java.base@21.0.8/sun.nio.ch.EPoll.wait(Native Method)
        at java.base@21.0.8/sun.nio.ch.EPollSelectorImpl.doSelect(EPollSelectorImpl.java:121)
        at java.base@21.0.8/sun.nio.ch.SelectorImpl.lockAndDoSelect(SelectorImpl.java:130)
        at java.base@21.0.8/sun.nio.ch.SelectorImpl.select(SelectorImpl.java:147)
        at app//org.apache.hadoop.ipc.Server$Listener$Reader.doRunLoop(Server.java:1497)
        at app//org.apache.hadoop.ipc.Server$Listener$Reader.run(Server.java:1476)
"IPC Server handler 69 on default port 15001" daemon prio=5 tid=290 timed_waiting
java.lang.Thread.State: TIMED_WAITING
        at java.base@21.0.8/jdk.internal.misc.Unsafe.park(Native Method)
        at java.base@21.0.8/java.util.concurrent.locks.LockSupport.parkNanos(LockSupport.java:269)
        at java.base@21.0.8/java.util.concurrent.locks.AbstractQueuedSynchronizer$ConditionObject.awaitNanos(AbstractQueuedSynchronizer.java:1763)
        at java.base@21.0.8/java.util.concurrent.LinkedBlockingQueue.poll(LinkedBlockingQueue.java:460)
        at app//org.apache.hadoop.ipc.CallQueueManager.take(CallQueueManager.java:370)
        at app//org.apache.hadoop.ipc.Server$Handler.run(Server.java:3165)
"Socket Reader #6 for port 15019" daemon prio=5 tid=581 runnable
java.lang.Thread.State: RUNNABLE
        at java.base@21.0.8/sun.nio.ch.EPoll.wait(Native Method)
        at java.base@21.0.8/sun.nio.ch.EPollSelectorImpl.doSelect(EPollSelectorImpl.java:121)
        at java.base@21.0.8/sun.nio.ch.SelectorImpl.lockAndDoSelect(SelectorImpl.java:130)
        at java.base@21.0.8/sun.nio.ch.SelectorImpl.select(SelectorImpl.java:147)
        at app//org.apache.hadoop.ipc.Server$Listener$Reader.doRunLoop(Server.java:1497)
        at app//org.apache.hadoop.ipc.Server$Listener$Reader.run(Server.java:1476)
"IPC Server handler 66 on default port 15001" daemon prio=5 tid=287 timed_waiting
java.lang.Thread.State: TIMED_WAITING
        at java.base@21.0.8/jdk.internal.misc.Unsafe.park(Native Method)
        at java.base@21.0.8/java.util.concurrent.locks.LockSupport.parkNanos(LockSupport.java:269)
        at java.base@21.0.8/java.util.concurrent.locks.AbstractQueuedSynchronizer$ConditionObject.awaitNanos(AbstractQueuedSynchronizer.java:1763)
        at java.base@21.0.8/java.util.concurrent.LinkedBlockingQueue.poll(LinkedBlockingQueue.java:460)
        at app//org.apache.hadoop.ipc.CallQueueManager.take(CallQueueManager.java:370)
        at app//org.apache.hadoop.ipc.Server$Handler.run(Server.java:3165)
"Socket Reader #10 for port 15035" daemon prio=5 tid=699 runnable
java.lang.Thread.State: RUNNABLE
        at java.base@21.0.8/sun.nio.ch.EPoll.wait(Native Method)
        at java.base@21.0.8/sun.nio.ch.EPollSelectorImpl.doSelect(EPollSelectorImpl.java:121)
        at java.base@21.0.8/sun.nio.ch.SelectorImpl.lockAndDoSelect(SelectorImpl.java:130)
        at java.base@21.0.8/sun.nio.ch.SelectorImpl.select(SelectorImpl.java:147)
        at app//org.apache.hadoop.ipc.Server$Listener$Reader.doRunLoop(Server.java:1497)
        at app//org.apache.hadoop.ipc.Server$Listener$Reader.run(Server.java:1476)
"Socket Reader #10 for port 15043" daemon prio=5 tid=772 runnable
java.lang.Thread.State: RUNNABLE
        at java.base@21.0.8/sun.nio.ch.EPoll.wait(Native Method)
        at java.base@21.0.8/sun.nio.ch.EPollSelectorImpl.doSelect(EPollSelectorImpl.java:121)
        at java.base@21.0.8/sun.nio.ch.SelectorImpl.lockAndDoSelect(SelectorImpl.java:130)
        at java.base@21.0.8/sun.nio.ch.SelectorImpl.select(SelectorImpl.java:147)
        at app//org.apache.hadoop.ipc.Server$Listener$Reader.doRunLoop(Server.java:1497)
        at app//org.apache.hadoop.ipc.Server$Listener$Reader.run(Server.java:1476)
"IPC Server handler 32 on default port 15002" daemon prio=5 tid=371 timed_waiting
java.lang.Thread.State: TIMED_WAITING
        at java.base@21.0.8/jdk.internal.misc.Unsafe.park(Native Method)
        at java.base@21.0.8/java.util.concurrent.locks.LockSupport.parkNanos(LockSupport.java:269)
        at java.base@21.0.8/java.util.concurrent.locks.AbstractQueuedSynchronizer$ConditionObject.awaitNanos(AbstractQueuedSynchronizer.java:1763)
        at java.base@21.0.8/java.util.concurrent.LinkedBlockingQueue.poll(LinkedBlockingQueue.java:460)
        at app//org.apache.hadoop.ipc.CallQueueManager.take(CallQueueManager.java:370)
        at app//org.apache.hadoop.ipc.Server$Handler.run(Server.java:3165)
"IPC Server handler 18 on default port 15006" daemon prio=5 tid=510 timed_waiting
java.lang.Thread.State: TIMED_WAITING
        at java.base@21.0.8/jdk.internal.misc.Unsafe.park(Native Method)
        at java.base@21.0.8/java.util.concurrent.locks.LockSupport.parkNanos(LockSupport.java:269)
        at java.base@21.0.8/java.util.concurrent.locks.AbstractQueuedSynchronizer$ConditionObject.awaitNanos(AbstractQueuedSynchronizer.java:1763)
        at java.base@21.0.8/java.util.concurrent.LinkedBlockingQueue.poll(LinkedBlockingQueue.java:460)
        at app//org.apache.hadoop.ipc.CallQueueManager.take(CallQueueManager.java:370)
        at app//org.apache.hadoop.ipc.Server$Handler.run(Server.java:3165)
"IPC Server handler 54 on default port 15000" daemon prio=5 tid=175 timed_waiting
java.lang.Thread.State: TIMED_WAITING
        at java.base@21.0.8/jdk.internal.misc.Unsafe.park(Native Method)
        at java.base@21.0.8/java.util.concurrent.locks.LockSupport.parkNanos(LockSupport.java:269)
        at java.base@21.0.8/java.util.concurrent.locks.AbstractQueuedSynchronizer$ConditionObject.awaitNanos(AbstractQueuedSynchronizer.java:1763)
        at java.base@21.0.8/java.util.concurrent.LinkedBlockingQueue.poll(LinkedBlockingQueue.java:460)
        at app//org.apache.hadoop.ipc.CallQueueManager.take(CallQueueManager.java:370)
        at app//org.apache.hadoop.ipc.Server$Handler.run(Server.java:3165)
"IPC Server handler 95 on default port 15000" daemon prio=5 tid=216 timed_waiting
java.lang.Thread.State: TIMED_WAITING
        at java.base@21.0.8/jdk.internal.misc.Unsafe.park(Native Method)
        at java.base@21.0.8/java.util.concurrent.locks.LockSupport.parkNanos(LockSupport.java:269)
        at java.base@21.0.8/java.util.concurrent.locks.AbstractQueuedSynchronizer$ConditionObject.awaitNanos(AbstractQueuedSynchronizer.java:1763)
        at java.base@21.0.8/java.util.concurrent.LinkedBlockingQueue.poll(LinkedBlockingQueue.java:460)
        at app//org.apache.hadoop.ipc.CallQueueManager.take(CallQueueManager.java:370)
        at app//org.apache.hadoop.ipc.Server$Handler.run(Server.java:3165)
"IPC Server handler 14 on default port 15002" daemon prio=5 tid=353 timed_waiting
java.lang.Thread.State: TIMED_WAITING
        at java.base@21.0.8/jdk.internal.misc.Unsafe.park(Native Method)
        at java.base@21.0.8/java.util.concurrent.locks.LockSupport.parkNanos(LockSupport.java:269)
        at java.base@21.0.8/java.util.concurrent.locks.AbstractQueuedSynchronizer$ConditionObject.awaitNanos(AbstractQueuedSynchronizer.java:1763)
        at java.base@21.0.8/java.util.concurrent.LinkedBlockingQueue.poll(LinkedBlockingQueue.java:460)
        at app//org.apache.hadoop.ipc.CallQueueManager.take(CallQueueManager.java:370)
        at app//org.apache.hadoop.ipc.Server$Handler.run(Server.java:3165)
"d3e19d45-0b2b-4921-9b28-39a5e9747ac8-RocksDBCompactionThread-0"  prio=5 tid=723 timed_waiting
java.lang.Thread.State: TIMED_WAITING
        at java.base@21.0.8/jdk.internal.misc.Unsafe.park(Native Method)
        at java.base@21.0.8/java.util.concurrent.locks.LockSupport.parkNanos(LockSupport.java:269)
        at java.base@21.0.8/java.util.concurrent.locks.AbstractQueuedSynchronizer$ConditionObject.awaitNanos(AbstractQueuedSynchronizer.java:1763)
        at java.base@21.0.8/java.util.concurrent.ScheduledThreadPoolExecutor$DelayedWorkQueue.take(ScheduledThreadPoolExecutor.java:1182)
        at java.base@21.0.8/java.util.concurrent.ScheduledThreadPoolExecutor$DelayedWorkQueue.take(ScheduledThreadPoolExecutor.java:899)
        at java.base@21.0.8/java.util.concurrent.ThreadPoolExecutor.getTask(ThreadPoolExecutor.java:1070)
        at java.base@21.0.8/java.util.concurrent.ThreadPoolExecutor.runWorker(ThreadPoolExecutor.java:1130)
        at java.base@21.0.8/java.util.concurrent.ThreadPoolExecutor$Worker.run(ThreadPoolExecutor.java:642)
        at java.base@21.0.8/java.lang.Thread.runWith(Thread.java:1596)
        at java.base@21.0.8/java.lang.Thread.run(Thread.java:1583)
"25d9f169-1c9e-47c6-a2a2-d20fb3c5fda2-DatanodeStateMachineDaemonThread" daemon prio=10 tid=715 timed_waiting
java.lang.Thread.State: TIMED_WAITING
        at java.base@21.0.8/java.lang.Thread.sleep0(Native Method)
        at java.base@21.0.8/java.lang.Thread.sleep(Thread.java:509)
        at app//org.apache.hadoop.ozone.container.common.statemachine.DatanodeStateMachine.startStateMachineThread(DatanodeStateMachine.java:384)
        at app//org.apache.hadoop.ozone.container.common.statemachine.DatanodeStateMachine.lambda$startDaemon$1(DatanodeStateMachine.java:571)
        at app//org.apache.hadoop.ozone.container.common.statemachine.DatanodeStateMachine$$Lambda/0x00007fd1ac883180.run(Unknown Source)
        at java.base@21.0.8/java.lang.Thread.runWith(Thread.java:1596)
        at java.base@21.0.8/java.lang.Thread.run(Thread.java:1583)
"IPC Server handler 81 on default port 15001" daemon prio=5 tid=302 timed_waiting
java.lang.Thread.State: TIMED_WAITING
        at java.base@21.0.8/jdk.internal.misc.Unsafe.park(Native Method)
        at java.base@21.0.8/java.util.concurrent.locks.LockSupport.parkNanos(LockSupport.java:269)
        at java.base@21.0.8/java.util.concurrent.locks.AbstractQueuedSynchronizer$ConditionObject.awaitNanos(AbstractQueuedSynchronizer.java:1763)
        at java.base@21.0.8/java.util.concurrent.LinkedBlockingQueue.poll(LinkedBlockingQueue.java:460)
        at app//org.apache.hadoop.ipc.CallQueueManager.take(CallQueueManager.java:370)
        at app//org.apache.hadoop.ipc.Server$Handler.run(Server.java:3165)
"qtp99667716-749" daemon prio=5 tid=749 timed_waiting
java.lang.Thread.State: TIMED_WAITING
        at java.base@21.0.8/jdk.internal.misc.Unsafe.park(Native Method)
        at java.base@21.0.8/java.util.concurrent.locks.LockSupport.parkNanos(LockSupport.java:269)
        at java.base@21.0.8/java.util.concurrent.locks.AbstractQueuedSynchronizer$ConditionObject.awaitNanos(AbstractQueuedSynchronizer.java:1763)
        at app//org.eclipse.jetty.util.BlockingArrayQueue.poll(BlockingArrayQueue.java:382)
        at app//org.eclipse.jetty.util.thread.QueuedThreadPool$Runner.idleJobPoll(QueuedThreadPool.java:974)
        at app//org.eclipse.jetty.util.thread.QueuedThreadPool$Runner.run(QueuedThreadPool.java:1018)
        at java.base@21.0.8/java.lang.Thread.runWith(Thread.java:1596)
        at java.base@21.0.8/java.lang.Thread.run(Thread.java:1583)
"IPC Server handler 23 on default port 15000" daemon prio=5 tid=144 timed_waiting
java.lang.Thread.State: TIMED_WAITING
        at java.base@21.0.8/jdk.internal.misc.Unsafe.park(Native Method)
        at java.base@21.0.8/java.util.concurrent.locks.LockSupport.parkNanos(LockSupport.java:269)
        at java.base@21.0.8/java.util.concurrent.locks.AbstractQueuedSynchronizer$ConditionObject.awaitNanos(AbstractQueuedSynchronizer.java:1763)
        at java.base@21.0.8/java.util.concurrent.LinkedBlockingQueue.poll(LinkedBlockingQueue.java:460)
        at app//org.apache.hadoop.ipc.CallQueueManager.take(CallQueueManager.java:370)
        at app//org.apache.hadoop.ipc.Server$Handler.run(Server.java:3165)
"IPC Server handler 58 on default port 15002" daemon prio=5 tid=397 timed_waiting
java.lang.Thread.State: TIMED_WAITING
        at java.base@21.0.8/jdk.internal.misc.Unsafe.park(Native Method)
        at java.base@21.0.8/java.util.concurrent.locks.LockSupport.parkNanos(LockSupport.java:269)
        at java.base@21.0.8/java.util.concurrent.locks.AbstractQueuedSynchronizer$ConditionObject.awaitNanos(AbstractQueuedSynchronizer.java:1763)
        at java.base@21.0.8/java.util.concurrent.LinkedBlockingQueue.poll(LinkedBlockingQueue.java:460)
        at app//org.apache.hadoop.ipc.CallQueueManager.take(CallQueueManager.java:370)
        at app//org.apache.hadoop.ipc.Server$Handler.run(Server.java:3165)
"JvmPauseMonitor6" daemon prio=5 tid=823 timed_waiting
java.lang.Thread.State: TIMED_WAITING
        at java.base@21.0.8/java.lang.Thread.sleep0(Native Method)
        at java.base@21.0.8/java.lang.Thread.sleep(Thread.java:558)
        at java.base@21.0.8/java.util.concurrent.TimeUnit.sleep(TimeUnit.java:446)
        at app//org.apache.ratis.util.TimeDuration.sleep(TimeDuration.java:353)
        at app//org.apache.ratis.util.TimeDuration.sleep(TimeDuration.java:338)
        at app//org.apache.ratis.util.JvmPauseMonitor.detectPause(JvmPauseMonitor.java:160)
        at app//org.apache.ratis.util.JvmPauseMonitor.run(JvmPauseMonitor.java:149)
        at app//org.apache.ratis.util.JvmPauseMonitor$$Lambda/0x00007fd1ac3b8ac8.run(Unknown Source)
        at java.base@21.0.8/java.lang.Thread.runWith(Thread.java:1596)
        at java.base@21.0.8/java.lang.Thread.run(Thread.java:1583)
"IPC Server handler 48 on default port 15000" daemon prio=5 tid=169 timed_waiting
java.lang.Thread.State: TIMED_WAITING
        at java.base@21.0.8/jdk.internal.misc.Unsafe.park(Native Method)
        at java.base@21.0.8/java.util.concurrent.locks.LockSupport.parkNanos(LockSupport.java:269)
        at java.base@21.0.8/java.util.concurrent.locks.AbstractQueuedSynchronizer$ConditionObject.awaitNanos(AbstractQueuedSynchronizer.java:1763)
        at java.base@21.0.8/java.util.concurrent.LinkedBlockingQueue.poll(LinkedBlockingQueue.java:460)
        at app//org.apache.hadoop.ipc.CallQueueManager.take(CallQueueManager.java:370)
        at app//org.apache.hadoop.ipc.Server$Handler.run(Server.java:3165)
"IPC Server handler 2 on default port 15006" daemon prio=5 tid=494 timed_waiting
java.lang.Thread.State: TIMED_WAITING
        at java.base@21.0.8/jdk.internal.misc.Unsafe.park(Native Method)
        at java.base@21.0.8/java.util.concurrent.locks.LockSupport.parkNanos(LockSupport.java:269)
        at java.base@21.0.8/java.util.concurrent.locks.AbstractQueuedSynchronizer$ConditionObject.awaitNanos(AbstractQueuedSynchronizer.java:1763)
        at java.base@21.0.8/java.util.concurrent.LinkedBlockingQueue.poll(LinkedBlockingQueue.java:460)
        at app//org.apache.hadoop.ipc.CallQueueManager.take(CallQueueManager.java:370)
        at app//org.apache.hadoop.ipc.Server$Handler.run(Server.java:3165)
"OverReplicatedProcessor" daemon prio=5 tid=60 timed_waiting
java.lang.Thread.State: TIMED_WAITING
        at java.base@21.0.8/java.lang.Object.wait0(Native Method)
        at java.base@21.0.8/java.lang.Object.wait(Object.java:366)
        at app//org.apache.hadoop.hdds.scm.container.replication.UnhealthyReplicationProcessor.run(UnhealthyReplicationProcessor.java:172)
        at java.base@21.0.8/java.lang.Thread.runWith(Thread.java:1596)
        at java.base@21.0.8/java.lang.Thread.run(Thread.java:1583)
"IPC Server handler 28 on default port 15000" daemon prio=5 tid=149 timed_waiting
java.lang.Thread.State: TIMED_WAITING
        at java.base@21.0.8/jdk.internal.misc.Unsafe.park(Native Method)
        at java.base@21.0.8/java.util.concurrent.locks.LockSupport.parkNanos(LockSupport.java:269)
        at java.base@21.0.8/java.util.concurrent.locks.AbstractQueuedSynchronizer$ConditionObject.awaitNanos(AbstractQueuedSynchronizer.java:1763)
        at java.base@21.0.8/java.util.concurrent.LinkedBlockingQueue.poll(LinkedBlockingQueue.java:460)
        at app//org.apache.hadoop.ipc.CallQueueManager.take(CallQueueManager.java:370)
        at app//org.apache.hadoop.ipc.Server$Handler.run(Server.java:3165)
"IPC Server handler 47 on default port 15001" daemon prio=5 tid=268 timed_waiting
java.lang.Thread.State: TIMED_WAITING
        at java.base@21.0.8/jdk.internal.misc.Unsafe.park(Native Method)
        at java.base@21.0.8/java.util.concurrent.locks.LockSupport.parkNanos(LockSupport.java:269)
        at java.base@21.0.8/java.util.concurrent.locks.AbstractQueuedSynchronizer$ConditionObject.awaitNanos(AbstractQueuedSynchronizer.java:1763)
        at java.base@21.0.8/java.util.concurrent.LinkedBlockingQueue.poll(LinkedBlockingQueue.java:460)
        at app//org.apache.hadoop.ipc.CallQueueManager.take(CallQueueManager.java:370)
        at app//org.apache.hadoop.ipc.Server$Handler.run(Server.java:3165)
"07f651f6-8f87-47bb-8f69-34e194401a37-groupManagement" daemon prio=5 tid=53 in Object.wait()
java.lang.Thread.State: WAITING (on object monitor)
        at java.base@21.0.8/jdk.internal.misc.Unsafe.park(Native Method)
        at java.base@21.0.8/java.util.concurrent.locks.LockSupport.park(LockSupport.java:371)
        at java.base@21.0.8/java.util.concurrent.locks.AbstractQueuedSynchronizer$ConditionNode.block(AbstractQueuedSynchronizer.java:519)
        at java.base@21.0.8/java.util.concurrent.ForkJoinPool.unmanagedBlock(ForkJoinPool.java:3780)
        at java.base@21.0.8/java.util.concurrent.ForkJoinPool.managedBlock(ForkJoinPool.java:3725)
        at java.base@21.0.8/java.util.concurrent.locks.AbstractQueuedSynchronizer$ConditionObject.await(AbstractQueuedSynchronizer.java:1712)
        at java.base@21.0.8/java.util.concurrent.LinkedBlockingQueue.take(LinkedBlockingQueue.java:435)
        at java.base@21.0.8/java.util.concurrent.ThreadPoolExecutor.getTask(ThreadPoolExecutor.java:1070)
        at java.base@21.0.8/java.util.concurrent.ThreadPoolExecutor.runWorker(ThreadPoolExecutor.java:1130)
        at java.base@21.0.8/java.util.concurrent.ThreadPoolExecutor$Worker.run(ThreadPoolExecutor.java:642)
        at java.base@21.0.8/java.lang.Thread.runWith(Thread.java:1596)
        at java.base@21.0.8/java.lang.Thread.run(Thread.java:1583)
"Socket Reader #8 for port 15000" daemon prio=5 tid=98 runnable
java.lang.Thread.State: RUNNABLE
        at java.base@21.0.8/sun.nio.ch.EPoll.wait(Native Method)
        at java.base@21.0.8/sun.nio.ch.EPollSelectorImpl.doSelect(EPollSelectorImpl.java:121)
        at java.base@21.0.8/sun.nio.ch.SelectorImpl.lockAndDoSelect(SelectorImpl.java:130)
        at java.base@21.0.8/sun.nio.ch.SelectorImpl.select(SelectorImpl.java:147)
        at app//org.apache.hadoop.ipc.Server$Listener$Reader.doRunLoop(Server.java:1497)
        at app//org.apache.hadoop.ipc.Server$Listener$Reader.run(Server.java:1476)
"IPC Server handler 58 on default port 15000" daemon prio=5 tid=179 timed_waiting
java.lang.Thread.State: TIMED_WAITING
        at java.base@21.0.8/jdk.internal.misc.Unsafe.park(Native Method)
        at java.base@21.0.8/java.util.concurrent.locks.LockSupport.parkNanos(LockSupport.java:269)
        at java.base@21.0.8/java.util.concurrent.locks.AbstractQueuedSynchronizer$ConditionObject.awaitNanos(AbstractQueuedSynchronizer.java:1763)
        at java.base@21.0.8/java.util.concurrent.LinkedBlockingQueue.poll(LinkedBlockingQueue.java:460)
        at app//org.apache.hadoop.ipc.CallQueueManager.take(CallQueueManager.java:370)
        at app//org.apache.hadoop.ipc.Server$Handler.run(Server.java:3165)
"IPC Server handler 1 on default port 15043" daemon prio=5 tid=779 timed_waiting
java.lang.Thread.State: TIMED_WAITING
        at java.base@21.0.8/jdk.internal.misc.Unsafe.park(Native Method)
        at java.base@21.0.8/java.util.concurrent.locks.LockSupport.parkNanos(LockSupport.java:269)
        at java.base@21.0.8/java.util.concurrent.locks.AbstractQueuedSynchronizer$ConditionObject.awaitNanos(AbstractQueuedSynchronizer.java:1763)
        at java.base@21.0.8/java.util.concurrent.LinkedBlockingQueue.poll(LinkedBlockingQueue.java:460)
        at app//org.apache.hadoop.ipc.CallQueueManager.take(CallQueueManager.java:370)
        at app//org.apache.hadoop.ipc.Server$Handler.run(Server.java:3165)
"d3e19d45-0b2b-4921-9b28-39a5e9747ac8-CommandProcessorThread" daemon prio=5 tid=796 timed_waiting
java.lang.Thread.State: TIMED_WAITING
        at java.base@21.0.8/java.lang.Thread.sleep0(Native Method)
        at java.base@21.0.8/java.lang.Thread.sleep(Thread.java:509)
        at app//org.apache.hadoop.ozone.container.common.statemachine.DatanodeStateMachine.lambda$initCommandHandlerThread$4(DatanodeStateMachine.java:698)
        at app//org.apache.hadoop.ozone.container.common.statemachine.DatanodeStateMachine$$Lambda/0x00007fd1ac884310.run(Unknown Source)
        at java.base@21.0.8/java.lang.Thread.runWith(Thread.java:1596)
        at java.base@21.0.8/java.lang.Thread.run(Thread.java:1583)
"18da7ee6-49f7-45ee-8090-861a49f32d36-DatanodeStateMachineDaemonThread" daemon prio=10 tid=647 timed_waiting
java.lang.Thread.State: TIMED_WAITING
        at java.base@21.0.8/java.lang.Thread.sleep0(Native Method)
        at java.base@21.0.8/java.lang.Thread.sleep(Thread.java:509)
        at app//org.apache.hadoop.ozone.container.common.statemachine.DatanodeStateMachine.startStateMachineThread(DatanodeStateMachine.java:384)
        at app//org.apache.hadoop.ozone.container.common.statemachine.DatanodeStateMachine.lambda$startDaemon$1(DatanodeStateMachine.java:571)
        at app//org.apache.hadoop.ozone.container.common.statemachine.DatanodeStateMachine$$Lambda/0x00007fd1ac883180.run(Unknown Source)
        at java.base@21.0.8/java.lang.Thread.runWith(Thread.java:1596)
        at java.base@21.0.8/java.lang.Thread.run(Thread.java:1583)
"EventQueue-NewNodeForNewNodeHandler" daemon prio=5 tid=755 in Object.wait()
java.lang.Thread.State: WAITING (on object monitor)
        at java.base@21.0.8/jdk.internal.misc.Unsafe.park(Native Method)
        at java.base@21.0.8/java.util.concurrent.locks.LockSupport.park(LockSupport.java:371)
        at java.base@21.0.8/java.util.concurrent.locks.AbstractQueuedSynchronizer$ConditionNode.block(AbstractQueuedSynchronizer.java:519)
        at java.base@21.0.8/java.util.concurrent.ForkJoinPool.unmanagedBlock(ForkJoinPool.java:3780)
        at java.base@21.0.8/java.util.concurrent.ForkJoinPool.managedBlock(ForkJoinPool.java:3725)
        at java.base@21.0.8/java.util.concurrent.locks.AbstractQueuedSynchronizer$ConditionObject.await(AbstractQueuedSynchronizer.java:1712)
        at java.base@21.0.8/java.util.concurrent.LinkedBlockingQueue.take(LinkedBlockingQueue.java:435)
        at java.base@21.0.8/java.util.concurrent.ThreadPoolExecutor.getTask(ThreadPoolExecutor.java:1070)
        at java.base@21.0.8/java.util.concurrent.ThreadPoolExecutor.runWorker(ThreadPoolExecutor.java:1130)
        at java.base@21.0.8/java.util.concurrent.ThreadPoolExecutor$Worker.run(ThreadPoolExecutor.java:642)
        at java.base@21.0.8/java.lang.Thread.runWith(Thread.java:1596)
        at java.base@21.0.8/java.lang.Thread.run(Thread.java:1583)
"Socket Reader #10 for port 15027" daemon prio=5 tid=633 runnable
java.lang.Thread.State: RUNNABLE
        at java.base@21.0.8/sun.nio.ch.EPoll.wait(Native Method)
        at java.base@21.0.8/sun.nio.ch.EPollSelectorImpl.doSelect(EPollSelectorImpl.java:121)
        at java.base@21.0.8/sun.nio.ch.SelectorImpl.lockAndDoSelect(SelectorImpl.java:130)
        at java.base@21.0.8/sun.nio.ch.SelectorImpl.select(SelectorImpl.java:147)
        at app//org.apache.hadoop.ipc.Server$Listener$Reader.doRunLoop(Server.java:1497)
        at app//org.apache.hadoop.ipc.Server$Listener$Reader.run(Server.java:1476)
"Socket Reader #8 for port 15002" daemon prio=5 tid=70 runnable
java.lang.Thread.State: RUNNABLE
        at java.base@21.0.8/sun.nio.ch.EPoll.wait(Native Method)
        at java.base@21.0.8/sun.nio.ch.EPollSelectorImpl.doSelect(EPollSelectorImpl.java:121)
        at java.base@21.0.8/sun.nio.ch.SelectorImpl.lockAndDoSelect(SelectorImpl.java:130)
        at java.base@21.0.8/sun.nio.ch.SelectorImpl.select(SelectorImpl.java:147)
        at app//org.apache.hadoop.ipc.Server$Listener$Reader.doRunLoop(Server.java:1497)
        at app//org.apache.hadoop.ipc.Server$Listener$Reader.run(Server.java:1476)
"IPC Server handler 16 on default port 15006" daemon prio=5 tid=508 timed_waiting
java.lang.Thread.State: TIMED_WAITING
        at java.base@21.0.8/jdk.internal.misc.Unsafe.park(Native Method)
        at java.base@21.0.8/java.util.concurrent.locks.LockSupport.parkNanos(LockSupport.java:269)
        at java.base@21.0.8/java.util.concurrent.locks.AbstractQueuedSynchronizer$ConditionObject.awaitNanos(AbstractQueuedSynchronizer.java:1763)
        at java.base@21.0.8/java.util.concurrent.LinkedBlockingQueue.poll(LinkedBlockingQueue.java:460)
        at app//org.apache.hadoop.ipc.CallQueueManager.take(CallQueueManager.java:370)
        at app//org.apache.hadoop.ipc.Server$Handler.run(Server.java:3165)
"18da7ee6-49f7-45ee-8090-861a49f32d36-DatanodeStateMachineTaskThread-1"  prio=5 tid=753 in Object.wait()
java.lang.Thread.State: WAITING (on object monitor)
        at java.base@21.0.8/jdk.internal.misc.Unsafe.park(Native Method)
        at java.base@21.0.8/java.util.concurrent.locks.LockSupport.park(LockSupport.java:371)
        at java.base@21.0.8/java.util.concurrent.locks.AbstractQueuedSynchronizer$ConditionNode.block(AbstractQueuedSynchronizer.java:519)
        at java.base@21.0.8/java.util.concurrent.ForkJoinPool.unmanagedBlock(ForkJoinPool.java:3780)
        at java.base@21.0.8/java.util.concurrent.ForkJoinPool.managedBlock(ForkJoinPool.java:3725)
        at java.base@21.0.8/java.util.concurrent.locks.AbstractQueuedSynchronizer$ConditionObject.await(AbstractQueuedSynchronizer.java:1712)
        at java.base@21.0.8/java.util.concurrent.LinkedBlockingQueue.take(LinkedBlockingQueue.java:435)
        at java.base@21.0.8/java.util.concurrent.ThreadPoolExecutor.getTask(ThreadPoolExecutor.java:1070)
        at java.base@21.0.8/java.util.concurrent.ThreadPoolExecutor.runWorker(ThreadPoolExecutor.java:1130)
        at java.base@21.0.8/java.util.concurrent.ThreadPoolExecutor$Worker.run(ThreadPoolExecutor.java:642)
        at java.base@21.0.8/java.lang.Thread.runWith(Thread.java:1596)
        at java.base@21.0.8/java.lang.Thread.run(Thread.java:1583)
"d3e19d45-0b2b-4921-9b28-39a5e9747ac8-BlockDeletingService#0" daemon prio=5 tid=846 in Object.wait()
java.lang.Thread.State: WAITING (on object monitor)
        at java.base@21.0.8/jdk.internal.misc.Unsafe.park(Native Method)
        at java.base@21.0.8/java.util.concurrent.locks.LockSupport.park(LockSupport.java:371)
        at java.base@21.0.8/java.util.concurrent.locks.AbstractQueuedSynchronizer$ConditionNode.block(AbstractQueuedSynchronizer.java:519)
        at java.base@21.0.8/java.util.concurrent.ForkJoinPool.unmanagedBlock(ForkJoinPool.java:3780)
        at java.base@21.0.8/java.util.concurrent.ForkJoinPool.managedBlock(ForkJoinPool.java:3725)
        at java.base@21.0.8/java.util.concurrent.locks.AbstractQueuedSynchronizer$ConditionObject.await(AbstractQueuedSynchronizer.java:1712)
        at java.base@21.0.8/java.util.concurrent.ScheduledThreadPoolExecutor$DelayedWorkQueue.take(ScheduledThreadPoolExecutor.java:1177)
        at java.base@21.0.8/java.util.concurrent.ScheduledThreadPoolExecutor$DelayedWorkQueue.take(ScheduledThreadPoolExecutor.java:899)
        at java.base@21.0.8/java.util.concurrent.ThreadPoolExecutor.getTask(ThreadPoolExecutor.java:1070)
        at java.base@21.0.8/java.util.concurrent.ThreadPoolExecutor.runWorker(ThreadPoolExecutor.java:1130)
        at java.base@21.0.8/java.util.concurrent.ThreadPoolExecutor$Worker.run(ThreadPoolExecutor.java:642)
        at java.base@21.0.8/java.lang.Thread.runWith(Thread.java:1596)
        at java.base@21.0.8/java.lang.Thread.run(Thread.java:1583)
"IPC Server handler 52 on default port 15002" daemon prio=5 tid=391 timed_waiting
java.lang.Thread.State: TIMED_WAITING
        at java.base@21.0.8/jdk.internal.misc.Unsafe.park(Native Method)
        at java.base@21.0.8/java.util.concurrent.locks.LockSupport.parkNanos(LockSupport.java:269)
        at java.base@21.0.8/java.util.concurrent.locks.AbstractQueuedSynchronizer$ConditionObject.awaitNanos(AbstractQueuedSynchronizer.java:1763)
        at java.base@21.0.8/java.util.concurrent.LinkedBlockingQueue.poll(LinkedBlockingQueue.java:460)
        at app//org.apache.hadoop.ipc.CallQueueManager.take(CallQueueManager.java:370)
        at app//org.apache.hadoop.ipc.Server$Handler.run(Server.java:3165)
"EventQueue-ReplicationManagerNotifyForReplicationManagerEventHandler" daemon prio=5 tid=1037 in Object.wait()
java.lang.Thread.State: WAITING (on object monitor)
        at java.base@21.0.8/jdk.internal.misc.Unsafe.park(Native Method)
        at java.base@21.0.8/java.util.concurrent.locks.LockSupport.park(LockSupport.java:371)
        at java.base@21.0.8/java.util.concurrent.locks.AbstractQueuedSynchronizer$ConditionNode.block(AbstractQueuedSynchronizer.java:519)
        at java.base@21.0.8/java.util.concurrent.ForkJoinPool.unmanagedBlock(ForkJoinPool.java:3780)
        at java.base@21.0.8/java.util.concurrent.ForkJoinPool.managedBlock(ForkJoinPool.java:3725)
        at java.base@21.0.8/java.util.concurrent.locks.AbstractQueuedSynchronizer$ConditionObject.await(AbstractQueuedSynchronizer.java:1712)
        at java.base@21.0.8/java.util.concurrent.LinkedBlockingQueue.take(LinkedBlockingQueue.java:435)
        at java.base@21.0.8/java.util.concurrent.ThreadPoolExecutor.getTask(ThreadPoolExecutor.java:1070)
        at java.base@21.0.8/java.util.concurrent.ThreadPoolExecutor.runWorker(ThreadPoolExecutor.java:1130)
        at java.base@21.0.8/java.util.concurrent.ThreadPoolExecutor$Worker.run(ThreadPoolExecutor.java:642)
        at java.base@21.0.8/java.lang.Thread.runWith(Thread.java:1596)
        at java.base@21.0.8/java.lang.Thread.run(Thread.java:1583)
"IPC Server handler 31 on default port 15002" daemon prio=5 tid=370 timed_waiting
java.lang.Thread.State: TIMED_WAITING
        at java.base@21.0.8/jdk.internal.misc.Unsafe.park(Native Method)
        at java.base@21.0.8/java.util.concurrent.locks.LockSupport.parkNanos(LockSupport.java:269)
        at java.base@21.0.8/java.util.concurrent.locks.AbstractQueuedSynchronizer$ConditionObject.awaitNanos(AbstractQueuedSynchronizer.java:1763)
        at java.base@21.0.8/java.util.concurrent.LinkedBlockingQueue.poll(LinkedBlockingQueue.java:460)
        at app//org.apache.hadoop.ipc.CallQueueManager.take(CallQueueManager.java:370)
        at app//org.apache.hadoop.ipc.Server$Handler.run(Server.java:3165)
"IPC Server handler 4 on default port 15019" daemon prio=5 tid=593 timed_waiting
java.lang.Thread.State: TIMED_WAITING
        at java.base@21.0.8/jdk.internal.misc.Unsafe.park(Native Method)
        at java.base@21.0.8/java.util.concurrent.locks.LockSupport.parkNanos(LockSupport.java:269)
        at java.base@21.0.8/java.util.concurrent.locks.AbstractQueuedSynchronizer$ConditionObject.awaitNanos(AbstractQueuedSynchronizer.java:1763)
        at java.base@21.0.8/java.util.concurrent.LinkedBlockingQueue.poll(LinkedBlockingQueue.java:460)
        at app//org.apache.hadoop.ipc.CallQueueManager.take(CallQueueManager.java:370)
        at app//org.apache.hadoop.ipc.Server$Handler.run(Server.java:3165)
"EventQueue-PipelineReportForPipelineReportHandler" daemon prio=5 tid=760 in Object.wait()
java.lang.Thread.State: WAITING (on object monitor)
        at java.base@21.0.8/jdk.internal.misc.Unsafe.park(Native Method)
        at java.base@21.0.8/java.util.concurrent.locks.LockSupport.park(LockSupport.java:371)
        at java.base@21.0.8/java.util.concurrent.locks.AbstractQueuedSynchronizer$ConditionNode.block(AbstractQueuedSynchronizer.java:519)
        at java.base@21.0.8/java.util.concurrent.ForkJoinPool.unmanagedBlock(ForkJoinPool.java:3780)
        at java.base@21.0.8/java.util.concurrent.ForkJoinPool.managedBlock(ForkJoinPool.java:3725)
        at java.base@21.0.8/java.util.concurrent.locks.AbstractQueuedSynchronizer$ConditionObject.await(AbstractQueuedSynchronizer.java:1712)
        at java.base@21.0.8/java.util.concurrent.LinkedBlockingQueue.take(LinkedBlockingQueue.java:435)
        at java.base@21.0.8/java.util.concurrent.ThreadPoolExecutor.getTask(ThreadPoolExecutor.java:1070)
        at java.base@21.0.8/java.util.concurrent.ThreadPoolExecutor.runWorker(ThreadPoolExecutor.java:1130)
        at java.base@21.0.8/java.util.concurrent.ThreadPoolExecutor$Worker.run(ThreadPoolExecutor.java:642)
        at java.base@21.0.8/java.lang.Thread.runWith(Thread.java:1596)
        at java.base@21.0.8/java.lang.Thread.run(Thread.java:1583)
"Socket Reader #6 for port 15006" daemon prio=5 tid=455 runnable
java.lang.Thread.State: RUNNABLE
        at java.base@21.0.8/sun.nio.ch.EPoll.wait(Native Method)
        at java.base@21.0.8/sun.nio.ch.EPollSelectorImpl.doSelect(EPollSelectorImpl.java:121)
        at java.base@21.0.8/sun.nio.ch.SelectorImpl.lockAndDoSelect(SelectorImpl.java:130)
        at java.base@21.0.8/sun.nio.ch.SelectorImpl.select(SelectorImpl.java:147)
        at app//org.apache.hadoop.ipc.Server$Listener$Reader.doRunLoop(Server.java:1497)
        at app//org.apache.hadoop.ipc.Server$Listener$Reader.run(Server.java:1476)
"IPC Server handler 46 on default port 15001" daemon prio=5 tid=267 timed_waiting
java.lang.Thread.State: TIMED_WAITING
        at java.base@21.0.8/jdk.internal.misc.Unsafe.park(Native Method)
        at java.base@21.0.8/java.util.concurrent.locks.LockSupport.parkNanos(LockSupport.java:269)
        at java.base@21.0.8/java.util.concurrent.locks.AbstractQueuedSynchronizer$ConditionObject.awaitNanos(AbstractQueuedSynchronizer.java:1763)
        at java.base@21.0.8/java.util.concurrent.LinkedBlockingQueue.poll(LinkedBlockingQueue.java:460)
        at app//org.apache.hadoop.ipc.CallQueueManager.take(CallQueueManager.java:370)
        at app//org.apache.hadoop.ipc.Server$Handler.run(Server.java:3165)
"IPC Server handler 1 on default port 15006" daemon prio=5 tid=493 timed_waiting
java.lang.Thread.State: TIMED_WAITING
        at java.base@21.0.8/jdk.internal.misc.Unsafe.park(Native Method)
        at java.base@21.0.8/java.util.concurrent.locks.LockSupport.parkNanos(LockSupport.java:269)
        at java.base@21.0.8/java.util.concurrent.locks.AbstractQueuedSynchronizer$ConditionObject.awaitNanos(AbstractQueuedSynchronizer.java:1763)
        at java.base@21.0.8/java.util.concurrent.LinkedBlockingQueue.poll(LinkedBlockingQueue.java:460)
        at app//org.apache.hadoop.ipc.CallQueueManager.take(CallQueueManager.java:370)
        at app//org.apache.hadoop.ipc.Server$Handler.run(Server.java:3165)
"d3e19d45-0b2b-4921-9b28-39a5e9747ac8-impl-thread1" daemon prio=5 tid=730 timed_waiting
java.lang.Thread.State: TIMED_WAITING
        at java.base@21.0.8/jdk.internal.misc.Unsafe.park(Native Method)
        at java.base@21.0.8/java.util.concurrent.locks.LockSupport.parkNanos(LockSupport.java:410)
        at java.base@21.0.8/java.util.concurrent.LinkedTransferQueue$DualNode.await(LinkedTransferQueue.java:452)
        at java.base@21.0.8/java.util.concurrent.SynchronousQueue$Transferer.xferLifo(SynchronousQueue.java:194)
        at java.base@21.0.8/java.util.concurrent.SynchronousQueue.xfer(SynchronousQueue.java:235)
        at java.base@21.0.8/java.util.concurrent.SynchronousQueue.poll(SynchronousQueue.java:338)
        at java.base@21.0.8/java.util.concurrent.ThreadPoolExecutor.getTask(ThreadPoolExecutor.java:1069)
        at java.base@21.0.8/java.util.concurrent.ThreadPoolExecutor.runWorker(ThreadPoolExecutor.java:1130)
        at java.base@21.0.8/java.util.concurrent.ThreadPoolExecutor$Worker.run(ThreadPoolExecutor.java:642)
        at java.base@21.0.8/java.lang.Thread.runWith(Thread.java:1596)
        at java.base@21.0.8/java.lang.Thread.run(Thread.java:1583)
"IPC Server handler 90 on default port 15002" daemon prio=5 tid=429 timed_waiting
java.lang.Thread.State: TIMED_WAITING
        at java.base@21.0.8/jdk.internal.misc.Unsafe.park(Native Method)
        at java.base@21.0.8/java.util.concurrent.locks.LockSupport.parkNanos(LockSupport.java:269)
        at java.base@21.0.8/java.util.concurrent.locks.AbstractQueuedSynchronizer$ConditionObject.awaitNanos(AbstractQueuedSynchronizer.java:1763)
        at java.base@21.0.8/java.util.concurrent.LinkedBlockingQueue.poll(LinkedBlockingQueue.java:460)
        at app//org.apache.hadoop.ipc.CallQueueManager.take(CallQueueManager.java:370)
        at app//org.apache.hadoop.ipc.Server$Handler.run(Server.java:3165)
"18da7ee6-49f7-45ee-8090-861a49f32d36-DatanodeReportManager-3" daemon prio=5 tid=651 timed_waiting
java.lang.Thread.State: TIMED_WAITING
        at java.base@21.0.8/jdk.internal.misc.Unsafe.park(Native Method)
        at java.base@21.0.8/java.util.concurrent.locks.LockSupport.parkNanos(LockSupport.java:269)
        at java.base@21.0.8/java.util.concurrent.locks.AbstractQueuedSynchronizer$ConditionObject.awaitNanos(AbstractQueuedSynchronizer.java:1763)
        at java.base@21.0.8/java.util.concurrent.ScheduledThreadPoolExecutor$DelayedWorkQueue.take(ScheduledThreadPoolExecutor.java:1182)
        at java.base@21.0.8/java.util.concurrent.ScheduledThreadPoolExecutor$DelayedWorkQueue.take(ScheduledThreadPoolExecutor.java:899)
        at java.base@21.0.8/java.util.concurrent.ThreadPoolExecutor.getTask(ThreadPoolExecutor.java:1070)
        at java.base@21.0.8/java.util.concurrent.ThreadPoolExecutor.runWorker(ThreadPoolExecutor.java:1130)
        at java.base@21.0.8/java.util.concurrent.ThreadPoolExecutor$Worker.run(ThreadPoolExecutor.java:642)
        at java.base@21.0.8/java.lang.Thread.runWith(Thread.java:1596)
        at java.base@21.0.8/java.lang.Thread.run(Thread.java:1583)
"IPC Server idle connection scanner for port 15035" daemon prio=5 tid=700 timed_waiting
java.lang.Thread.State: TIMED_WAITING
        at java.base@21.0.8/java.lang.Object.wait0(Native Method)
        at java.base@21.0.8/java.lang.Object.wait(Object.java:366)
        at java.base@21.0.8/java.util.TimerThread.mainLoop(Timer.java:563)
        at java.base@21.0.8/java.util.TimerThread.run(Timer.java:516)
"Socket Reader #9 for port 15006" daemon prio=5 tid=458 runnable
java.lang.Thread.State: RUNNABLE
        at java.base@21.0.8/sun.nio.ch.EPoll.wait(Native Method)
        at java.base@21.0.8/sun.nio.ch.EPollSelectorImpl.doSelect(EPollSelectorImpl.java:121)
        at java.base@21.0.8/sun.nio.ch.SelectorImpl.lockAndDoSelect(SelectorImpl.java:130)
        at java.base@21.0.8/sun.nio.ch.SelectorImpl.select(SelectorImpl.java:147)
        at app//org.apache.hadoop.ipc.Server$Listener$Reader.doRunLoop(Server.java:1497)
        at app//org.apache.hadoop.ipc.Server$Listener$Reader.run(Server.java:1476)
"25d9f169-1c9e-47c6-a2a2-d20fb3c5fda2-groupManagement"  prio=5 tid=961 in Object.wait()
java.lang.Thread.State: WAITING (on object monitor)
        at java.base@21.0.8/jdk.internal.misc.Unsafe.park(Native Method)
        at java.base@21.0.8/java.util.concurrent.locks.LockSupport.park(LockSupport.java:371)
        at java.base@21.0.8/java.util.concurrent.locks.AbstractQueuedSynchronizer$ConditionNode.block(AbstractQueuedSynchronizer.java:519)
        at java.base@21.0.8/java.util.concurrent.ForkJoinPool.unmanagedBlock(ForkJoinPool.java:3780)
        at java.base@21.0.8/java.util.concurrent.ForkJoinPool.managedBlock(ForkJoinPool.java:3725)
        at java.base@21.0.8/java.util.concurrent.locks.AbstractQueuedSynchronizer$ConditionObject.await(AbstractQueuedSynchronizer.java:1712)
        at java.base@21.0.8/java.util.concurrent.LinkedBlockingQueue.take(LinkedBlockingQueue.java:435)
        at java.base@21.0.8/java.util.concurrent.ThreadPoolExecutor.getTask(ThreadPoolExecutor.java:1070)
        at java.base@21.0.8/java.util.concurrent.ThreadPoolExecutor.runWorker(ThreadPoolExecutor.java:1130)
        at java.base@21.0.8/java.util.concurrent.ThreadPoolExecutor$Worker.run(ThreadPoolExecutor.java:642)
        at java.base@21.0.8/java.lang.Thread.runWith(Thread.java:1596)
        at java.base@21.0.8/java.lang.Thread.run(Thread.java:1583)
"qtp887238034-667" daemon prio=5 tid=667 timed_waiting
java.lang.Thread.State: TIMED_WAITING
        at java.base@21.0.8/jdk.internal.misc.Unsafe.park(Native Method)
        at java.base@21.0.8/java.util.concurrent.locks.LockSupport.parkNanos(LockSupport.java:269)
        at java.base@21.0.8/java.util.concurrent.locks.AbstractQueuedSynchronizer$ConditionObject.awaitNanos(AbstractQueuedSynchronizer.java:1763)
        at app//org.eclipse.jetty.util.BlockingArrayQueue.poll(BlockingArrayQueue.java:382)
        at app//org.eclipse.jetty.util.thread.QueuedThreadPool$Runner.idleJobPoll(QueuedThreadPool.java:974)
        at app//org.eclipse.jetty.util.thread.QueuedThreadPool$Runner.run(QueuedThreadPool.java:1018)
        at java.base@21.0.8/java.lang.Thread.runWith(Thread.java:1596)
        at java.base@21.0.8/java.lang.Thread.run(Thread.java:1583)
"MutableQuantiles-0" daemon prio=5 tid=513 timed_waiting
java.lang.Thread.State: TIMED_WAITING
        at java.base@21.0.8/jdk.internal.misc.Unsafe.park(Native Method)
        at java.base@21.0.8/java.util.concurrent.locks.LockSupport.parkNanos(LockSupport.java:269)
        at java.base@21.0.8/java.util.concurrent.locks.AbstractQueuedSynchronizer$ConditionObject.awaitNanos(AbstractQueuedSynchronizer.java:1763)
        at java.base@21.0.8/java.util.concurrent.ScheduledThreadPoolExecutor$DelayedWorkQueue.take(ScheduledThreadPoolExecutor.java:1182)
        at java.base@21.0.8/java.util.concurrent.ScheduledThreadPoolExecutor$DelayedWorkQueue.take(ScheduledThreadPoolExecutor.java:899)
        at java.base@21.0.8/java.util.concurrent.ThreadPoolExecutor.getTask(ThreadPoolExecutor.java:1070)
        at java.base@21.0.8/java.util.concurrent.ThreadPoolExecutor.runWorker(ThreadPoolExecutor.java:1130)
        at java.base@21.0.8/java.util.concurrent.ThreadPoolExecutor$Worker.run(ThreadPoolExecutor.java:642)
        at java.base@21.0.8/java.lang.Thread.runWith(Thread.java:1596)
        at java.base@21.0.8/java.lang.Thread.run(Thread.java:1583)
"18da7ee6-49f7-45ee-8090-861a49f32d36-DataNodeDiskCheckerThread-0" daemon prio=5 tid=780 timed_waiting
java.lang.Thread.State: TIMED_WAITING
        at java.base@21.0.8/jdk.internal.misc.Unsafe.park(Native Method)
        at java.base@21.0.8/java.util.concurrent.locks.LockSupport.parkNanos(LockSupport.java:410)
        at java.base@21.0.8/java.util.concurrent.LinkedTransferQueue$DualNode.await(LinkedTransferQueue.java:452)
        at java.base@21.0.8/java.util.concurrent.SynchronousQueue$Transferer.xferLifo(SynchronousQueue.java:194)
        at java.base@21.0.8/java.util.concurrent.SynchronousQueue.xfer(SynchronousQueue.java:235)
        at java.base@21.0.8/java.util.concurrent.SynchronousQueue.poll(SynchronousQueue.java:338)
        at java.base@21.0.8/java.util.concurrent.ThreadPoolExecutor.getTask(ThreadPoolExecutor.java:1069)
        at java.base@21.0.8/java.util.concurrent.ThreadPoolExecutor.runWorker(ThreadPoolExecutor.java:1130)
        at java.base@21.0.8/java.util.concurrent.ThreadPoolExecutor$Worker.run(ThreadPoolExecutor.java:642)
        at java.base@21.0.8/java.lang.Thread.runWith(Thread.java:1596)
        at java.base@21.0.8/java.lang.Thread.run(Thread.java:1583)
"ContainerMetadataScanner" daemon prio=5 tid=817 timed_waiting
java.lang.Thread.State: TIMED_WAITING
        at java.base@21.0.8/java.lang.Thread.sleep0(Native Method)
        at java.base@21.0.8/java.lang.Thread.sleep(Thread.java:509)
        at app//org.apache.hadoop.ozone.container.ozoneimpl.AbstractBackgroundContainerScanner.handleRemainingSleep(AbstractBackgroundContainerScanner.java:133)
        at app//org.apache.hadoop.ozone.container.ozoneimpl.AbstractBackgroundContainerScanner.runIteration(AbstractBackgroundContainerScanner.java:100)
        at app//org.apache.hadoop.ozone.container.ozoneimpl.AbstractBackgroundContainerScanner.run(AbstractBackgroundContainerScanner.java:59)
        at java.base@21.0.8/java.lang.Thread.runWith(Thread.java:1596)
        at java.base@21.0.8/java.lang.Thread.run(Thread.java:1583)
"FixedThreadPoolWithAffinityExecutor-1-0" daemon prio=5 tid=105 timed_waiting
java.lang.Thread.State: TIMED_WAITING
        at java.base@21.0.8/jdk.internal.misc.Unsafe.park(Native Method)
        at java.base@21.0.8/java.util.concurrent.locks.LockSupport.parkNanos(LockSupport.java:269)
        at java.base@21.0.8/java.util.concurrent.locks.AbstractQueuedSynchronizer$ConditionObject.awaitNanos(AbstractQueuedSynchronizer.java:1763)
        at java.base@21.0.8/java.util.concurrent.LinkedBlockingQueue.poll(LinkedBlockingQueue.java:460)
        at app//org.apache.hadoop.hdds.scm.server.ContainerReportQueue.poll(ContainerReportQueue.java:269)
        at app//org.apache.hadoop.hdds.scm.server.ContainerReportQueue.poll(ContainerReportQueue.java:42)
        at app//org.apache.hadoop.hdds.server.events.FixedThreadPoolWithAffinityExecutor$ContainerReportProcessTask.run(FixedThreadPoolWithAffinityExecutor.java:228)
        at java.base@21.0.8/java.util.concurrent.Executors$RunnableAdapter.call(Executors.java:572)
        at java.base@21.0.8/java.util.concurrent.FutureTask.run(FutureTask.java:317)
        at java.base@21.0.8/java.util.concurrent.ThreadPoolExecutor.runWorker(ThreadPoolExecutor.java:1144)
        at java.base@21.0.8/java.util.concurrent.ThreadPoolExecutor$Worker.run(ThreadPoolExecutor.java:642)
        at java.base@21.0.8/java.lang.Thread.runWith(Thread.java:1596)
        at java.base@21.0.8/java.lang.Thread.run(Thread.java:1583)
"EventQueue-DeadNodeForDeadNodeHandler" daemon prio=5 tid=1036 in Object.wait()
java.lang.Thread.State: WAITING (on object monitor)
        at java.base@21.0.8/jdk.internal.misc.Unsafe.park(Native Method)
        at java.base@21.0.8/java.util.concurrent.locks.LockSupport.park(LockSupport.java:371)
        at java.base@21.0.8/java.util.concurrent.locks.AbstractQueuedSynchronizer$ConditionNode.block(AbstractQueuedSynchronizer.java:519)
        at java.base@21.0.8/java.util.concurrent.ForkJoinPool.unmanagedBlock(ForkJoinPool.java:3780)
        at java.base@21.0.8/java.util.concurrent.ForkJoinPool.managedBlock(ForkJoinPool.java:3725)
        at java.base@21.0.8/java.util.concurrent.locks.AbstractQueuedSynchronizer$ConditionObject.await(AbstractQueuedSynchronizer.java:1712)
        at java.base@21.0.8/java.util.concurrent.LinkedBlockingQueue.take(LinkedBlockingQueue.java:435)
        at java.base@21.0.8/java.util.concurrent.ThreadPoolExecutor.getTask(ThreadPoolExecutor.java:1070)
        at java.base@21.0.8/java.util.concurrent.ThreadPoolExecutor.runWorker(ThreadPoolExecutor.java:1130)
        at java.base@21.0.8/java.util.concurrent.ThreadPoolExecutor$Worker.run(ThreadPoolExecutor.java:642)
        at java.base@21.0.8/java.lang.Thread.runWith(Thread.java:1596)
        at java.base@21.0.8/java.lang.Thread.run(Thread.java:1583)
"25d9f169-1c9e-47c6-a2a2-d20fb3c5fda2-ChunkWriter-1-0" daemon prio=5 tid=820 in Object.wait()
java.lang.Thread.State: WAITING (on object monitor)
        at java.base@21.0.8/jdk.internal.misc.Unsafe.park(Native Method)
        at java.base@21.0.8/java.util.concurrent.locks.LockSupport.park(LockSupport.java:371)
        at java.base@21.0.8/java.util.concurrent.locks.AbstractQueuedSynchronizer$ConditionNode.block(AbstractQueuedSynchronizer.java:519)
        at java.base@21.0.8/java.util.concurrent.ForkJoinPool.unmanagedBlock(ForkJoinPool.java:3780)
        at java.base@21.0.8/java.util.concurrent.ForkJoinPool.managedBlock(ForkJoinPool.java:3725)
        at java.base@21.0.8/java.util.concurrent.locks.AbstractQueuedSynchronizer$ConditionObject.await(AbstractQueuedSynchronizer.java:1712)
        at java.base@21.0.8/java.util.concurrent.LinkedBlockingDeque.takeFirst(LinkedBlockingDeque.java:485)
        at java.base@21.0.8/java.util.concurrent.LinkedBlockingDeque.take(LinkedBlockingDeque.java:673)
        at java.base@21.0.8/java.util.concurrent.ThreadPoolExecutor.getTask(ThreadPoolExecutor.java:1070)
        at java.base@21.0.8/java.util.concurrent.ThreadPoolExecutor.runWorker(ThreadPoolExecutor.java:1130)
        at java.base@21.0.8/java.util.concurrent.ThreadPoolExecutor$Worker.run(ThreadPoolExecutor.java:642)
        at java.base@21.0.8/java.lang.Thread.runWith(Thread.java:1596)
        at java.base@21.0.8/java.lang.Thread.run(Thread.java:1583)
"Socket Reader #9 for port 15002" daemon prio=5 tid=71 runnable
java.lang.Thread.State: RUNNABLE
        at java.base@21.0.8/sun.nio.ch.EPoll.wait(Native Method)
        at java.base@21.0.8/sun.nio.ch.EPollSelectorImpl.doSelect(EPollSelectorImpl.java:121)
        at java.base@21.0.8/sun.nio.ch.SelectorImpl.lockAndDoSelect(SelectorImpl.java:130)
        at java.base@21.0.8/sun.nio.ch.SelectorImpl.select(SelectorImpl.java:147)
        at app//org.apache.hadoop.ipc.Server$Listener$Reader.doRunLoop(Server.java:1497)
        at app//org.apache.hadoop.ipc.Server$Listener$Reader.run(Server.java:1476)
"IPC Server handler 7 on default port 15019" daemon prio=5 tid=596 timed_waiting
java.lang.Thread.State: TIMED_WAITING
        at java.base@21.0.8/jdk.internal.misc.Unsafe.park(Native Method)
        at java.base@21.0.8/java.util.concurrent.locks.LockSupport.parkNanos(LockSupport.java:269)
        at java.base@21.0.8/java.util.concurrent.locks.AbstractQueuedSynchronizer$ConditionObject.awaitNanos(AbstractQueuedSynchronizer.java:1763)
        at java.base@21.0.8/java.util.concurrent.LinkedBlockingQueue.poll(LinkedBlockingQueue.java:460)
        at app//org.apache.hadoop.ipc.CallQueueManager.take(CallQueueManager.java:370)
        at app//org.apache.hadoop.ipc.Server$Handler.run(Server.java:3165)
"IPC Server handler 94 on default port 15001" daemon prio=5 tid=315 timed_waiting
java.lang.Thread.State: TIMED_WAITING
        at java.base@21.0.8/jdk.internal.misc.Unsafe.park(Native Method)
        at java.base@21.0.8/java.util.concurrent.locks.LockSupport.parkNanos(LockSupport.java:269)
        at java.base@21.0.8/java.util.concurrent.locks.AbstractQueuedSynchronizer$ConditionObject.awaitNanos(AbstractQueuedSynchronizer.java:1763)
        at java.base@21.0.8/java.util.concurrent.LinkedBlockingQueue.poll(LinkedBlockingQueue.java:460)
        at app//org.apache.hadoop.ipc.CallQueueManager.take(CallQueueManager.java:370)
        at app//org.apache.hadoop.ipc.Server$Handler.run(Server.java:3165)
"d3e19d45-0b2b-4921-9b28-39a5e9747ac8@group-3551B3BB1E56-SegmentedRaftLogWorker"  prio=5 tid=865 timed_waiting
java.lang.Thread.State: TIMED_WAITING
        at java.base@21.0.8/jdk.internal.misc.Unsafe.park(Native Method)
        at java.base@21.0.8/java.util.concurrent.locks.LockSupport.parkNanos(LockSupport.java:269)
        at java.base@21.0.8/java.util.concurrent.locks.AbstractQueuedSynchronizer$ConditionObject.awaitNanos(AbstractQueuedSynchronizer.java:1763)
        at app//org.apache.ratis.util.DataBlockingQueue.poll(DataBlockingQueue.java:148)
        at app//org.apache.ratis.server.raftlog.segmented.SegmentedRaftLogWorker.run(SegmentedRaftLogWorker.java:309)
        at app//org.apache.ratis.server.raftlog.segmented.SegmentedRaftLogWorker$$Lambda/0x00007fd1ac39e8e0.run(Unknown Source)
        at java.base@21.0.8/java.util.concurrent.Executors$RunnableAdapter.call(Executors.java:572)
        at java.base@21.0.8/java.util.concurrent.FutureTask.run(FutureTask.java:317)
        at java.base@21.0.8/java.util.concurrent.ThreadPoolExecutor.runWorker(ThreadPoolExecutor.java:1144)
        at java.base@21.0.8/java.util.concurrent.ThreadPoolExecutor$Worker.run(ThreadPoolExecutor.java:642)
        at java.base@21.0.8/java.lang.Thread.runWith(Thread.java:1596)
        at java.base@21.0.8/java.lang.Thread.run(Thread.java:1583)
"IPC Server handler 70 on default port 15000" daemon prio=5 tid=191 timed_waiting
java.lang.Thread.State: TIMED_WAITING
        at java.base@21.0.8/jdk.internal.misc.Unsafe.park(Native Method)
        at java.base@21.0.8/java.util.concurrent.locks.LockSupport.parkNanos(LockSupport.java:269)
        at java.base@21.0.8/java.util.concurrent.locks.AbstractQueuedSynchronizer$ConditionObject.awaitNanos(AbstractQueuedSynchronizer.java:1763)
        at java.base@21.0.8/java.util.concurrent.LinkedBlockingQueue.poll(LinkedBlockingQueue.java:460)
        at app//org.apache.hadoop.ipc.CallQueueManager.take(CallQueueManager.java:370)
        at app//org.apache.hadoop.ipc.Server$Handler.run(Server.java:3165)
"IPC Server handler 72 on default port 15000" daemon prio=5 tid=193 timed_waiting
java.lang.Thread.State: TIMED_WAITING
        at java.base@21.0.8/jdk.internal.misc.Unsafe.park(Native Method)
        at java.base@21.0.8/java.util.concurrent.locks.LockSupport.parkNanos(LockSupport.java:269)
        at java.base@21.0.8/java.util.concurrent.locks.AbstractQueuedSynchronizer$ConditionObject.awaitNanos(AbstractQueuedSynchronizer.java:1763)
        at java.base@21.0.8/java.util.concurrent.LinkedBlockingQueue.poll(LinkedBlockingQueue.java:460)
        at app//org.apache.hadoop.ipc.CallQueueManager.take(CallQueueManager.java:370)
        at app//org.apache.hadoop.ipc.Server$Handler.run(Server.java:3165)
"83932d67-4fdc-4fe4-8fe1-3df6c3f1844a@group-C5B96A071F98-LeaderStateImpl" daemon prio=5 tid=981 timed_waiting
java.lang.Thread.State: TIMED_WAITING
        at java.base@21.0.8/jdk.internal.misc.Unsafe.park(Native Method)
        at java.base@21.0.8/java.util.concurrent.locks.LockSupport.parkNanos(LockSupport.java:269)
        at java.base@21.0.8/java.util.concurrent.locks.AbstractQueuedSynchronizer$ConditionObject.awaitNanos(AbstractQueuedSynchronizer.java:1763)
        at java.base@21.0.8/java.util.concurrent.ArrayBlockingQueue.poll(ArrayBlockingQueue.java:435)
        at app//org.apache.ratis.server.impl.LeaderStateImpl$EventQueue.poll(LeaderStateImpl.java:168)
        at app//org.apache.ratis.server.impl.LeaderStateImpl$EventProcessor.run(LeaderStateImpl.java:761)
"IPC Server handler 20 on default port 15002" daemon prio=5 tid=359 timed_waiting
java.lang.Thread.State: TIMED_WAITING
        at java.base@21.0.8/jdk.internal.misc.Unsafe.park(Native Method)
        at java.base@21.0.8/java.util.concurrent.locks.LockSupport.parkNanos(LockSupport.java:269)
        at java.base@21.0.8/java.util.concurrent.locks.AbstractQueuedSynchronizer$ConditionObject.awaitNanos(AbstractQueuedSynchronizer.java:1763)
        at java.base@21.0.8/java.util.concurrent.LinkedBlockingQueue.poll(LinkedBlockingQueue.java:460)
        at app//org.apache.hadoop.ipc.CallQueueManager.take(CallQueueManager.java:370)
        at app//org.apache.hadoop.ipc.Server$Handler.run(Server.java:3165)
"IPC Server handler 12 on default port 15006" daemon prio=5 tid=504 timed_waiting
java.lang.Thread.State: TIMED_WAITING
        at java.base@21.0.8/jdk.internal.misc.Unsafe.park(Native Method)
        at java.base@21.0.8/java.util.concurrent.locks.LockSupport.parkNanos(LockSupport.java:269)
        at java.base@21.0.8/java.util.concurrent.locks.AbstractQueuedSynchronizer$ConditionObject.awaitNanos(AbstractQueuedSynchronizer.java:1763)
        at java.base@21.0.8/java.util.concurrent.LinkedBlockingQueue.poll(LinkedBlockingQueue.java:460)
        at app//org.apache.hadoop.ipc.CallQueueManager.take(CallQueueManager.java:370)
        at app//org.apache.hadoop.ipc.Server$Handler.run(Server.java:3165)
"qtp1507617108-324" daemon prio=5 tid=324 runnable
java.lang.Thread.State: RUNNABLE
        at java.base@21.0.8/sun.nio.ch.EPoll.wait(Native Method)
        at java.base@21.0.8/sun.nio.ch.EPollSelectorImpl.doSelect(EPollSelectorImpl.java:121)
        at java.base@21.0.8/sun.nio.ch.SelectorImpl.lockAndDoSelect(SelectorImpl.java:130)
        at java.base@21.0.8/sun.nio.ch.SelectorImpl.select(SelectorImpl.java:147)
        at app//org.eclipse.jetty.io.ManagedSelector.nioSelect(ManagedSelector.java:183)
        at app//org.eclipse.jetty.io.ManagedSelector.select(ManagedSelector.java:190)
        at app//org.eclipse.jetty.io.ManagedSelector$SelectorProducer.select(ManagedSelector.java:606)
        at app//org.eclipse.jetty.io.ManagedSelector$SelectorProducer.produce(ManagedSelector.java:543)
        at app//org.eclipse.jetty.util.thread.strategy.EatWhatYouKill.produceTask(EatWhatYouKill.java:362)
        at app//org.eclipse.jetty.util.thread.strategy.EatWhatYouKill.doProduce(EatWhatYouKill.java:186)
        at app//org.eclipse.jetty.util.thread.strategy.EatWhatYouKill.tryProduce(EatWhatYouKill.java:173)
        at app//org.eclipse.jetty.util.thread.strategy.EatWhatYouKill.produce(EatWhatYouKill.java:137)
        at app//org.eclipse.jetty.io.ManagedSelector$$Lambda/0x00007fd1ac6ed508.run(Unknown Source)
        at app//org.eclipse.jetty.util.thread.QueuedThreadPool.runJob(QueuedThreadPool.java:883)
        at app//org.eclipse.jetty.util.thread.QueuedThreadPool$Runner.run(QueuedThreadPool.java:1034)
        at java.base@21.0.8/java.lang.Thread.runWith(Thread.java:1596)
        at java.base@21.0.8/java.lang.Thread.run(Thread.java:1583)
"IPC Server handler 51 on default port 15002" daemon prio=5 tid=390 timed_waiting
java.lang.Thread.State: TIMED_WAITING
        at java.base@21.0.8/jdk.internal.misc.Unsafe.park(Native Method)
        at java.base@21.0.8/java.util.concurrent.locks.LockSupport.parkNanos(LockSupport.java:269)
        at java.base@21.0.8/java.util.concurrent.locks.AbstractQueuedSynchronizer$ConditionObject.awaitNanos(AbstractQueuedSynchronizer.java:1763)
        at java.base@21.0.8/java.util.concurrent.LinkedBlockingQueue.poll(LinkedBlockingQueue.java:460)
        at app//org.apache.hadoop.ipc.CallQueueManager.take(CallQueueManager.java:370)
        at app//org.apache.hadoop.ipc.Server$Handler.run(Server.java:3165)
"qtp862219833-569" daemon prio=5 tid=569 timed_waiting
java.lang.Thread.State: TIMED_WAITING
        at java.base@21.0.8/jdk.internal.misc.Unsafe.park(Native Method)
        at java.base@21.0.8/java.util.concurrent.locks.LockSupport.parkNanos(LockSupport.java:269)
        at java.base@21.0.8/java.util.concurrent.locks.AbstractQueuedSynchronizer$ConditionObject.awaitNanos(AbstractQueuedSynchronizer.java:1763)
        at app//org.eclipse.jetty.util.BlockingArrayQueue.poll(BlockingArrayQueue.java:382)
        at app//org.eclipse.jetty.util.thread.QueuedThreadPool$Runner.idleJobPoll(QueuedThreadPool.java:974)
        at app//org.eclipse.jetty.util.thread.QueuedThreadPool$Runner.run(QueuedThreadPool.java:1018)
        at java.base@21.0.8/java.lang.Thread.runWith(Thread.java:1596)
        at java.base@21.0.8/java.lang.Thread.run(Thread.java:1583)
"qtp862219833-570" daemon prio=5 tid=570 timed_waiting
java.lang.Thread.State: TIMED_WAITING
        at java.base@21.0.8/jdk.internal.misc.Unsafe.park(Native Method)
        at java.base@21.0.8/java.util.concurrent.locks.LockSupport.parkNanos(LockSupport.java:269)
        at java.base@21.0.8/java.util.concurrent.locks.AbstractQueuedSynchronizer$ConditionObject.awaitNanos(AbstractQueuedSynchronizer.java:1763)
        at app//org.eclipse.jetty.util.BlockingArrayQueue.poll(BlockingArrayQueue.java:382)
        at app//org.eclipse.jetty.util.thread.QueuedThreadPool$Runner.idleJobPoll(QueuedThreadPool.java:974)
        at app//org.eclipse.jetty.util.thread.QueuedThreadPool$Runner.run(QueuedThreadPool.java:1018)
        at java.base@21.0.8/java.lang.Thread.runWith(Thread.java:1596)
        at java.base@21.0.8/java.lang.Thread.run(Thread.java:1583)
"IPC Server handler 17 on default port 15000" daemon prio=5 tid=138 timed_waiting
java.lang.Thread.State: TIMED_WAITING
        at java.base@21.0.8/jdk.internal.misc.Unsafe.park(Native Method)
        at java.base@21.0.8/java.util.concurrent.locks.LockSupport.parkNanos(LockSupport.java:269)
        at java.base@21.0.8/java.util.concurrent.locks.AbstractQueuedSynchronizer$ConditionObject.awaitNanos(AbstractQueuedSynchronizer.java:1763)
        at java.base@21.0.8/java.util.concurrent.LinkedBlockingQueue.poll(LinkedBlockingQueue.java:460)
        at app//org.apache.hadoop.ipc.CallQueueManager.take(CallQueueManager.java:370)
        at app//org.apache.hadoop.ipc.Server$Handler.run(Server.java:3165)
"IPC Server handler 50 on default port 15000" daemon prio=5 tid=171 timed_waiting
java.lang.Thread.State: TIMED_WAITING
        at java.base@21.0.8/jdk.internal.misc.Unsafe.park(Native Method)
        at java.base@21.0.8/java.util.concurrent.locks.LockSupport.parkNanos(LockSupport.java:269)
        at java.base@21.0.8/java.util.concurrent.locks.AbstractQueuedSynchronizer$ConditionObject.awaitNanos(AbstractQueuedSynchronizer.java:1763)
        at java.base@21.0.8/java.util.concurrent.LinkedBlockingQueue.poll(LinkedBlockingQueue.java:460)
        at app//org.apache.hadoop.ipc.CallQueueManager.take(CallQueueManager.java:370)
        at app//org.apache.hadoop.ipc.Server$Handler.run(Server.java:3165)
"IPC Server handler 91 on default port 15002" daemon prio=5 tid=430 timed_waiting
java.lang.Thread.State: TIMED_WAITING
        at java.base@21.0.8/jdk.internal.misc.Unsafe.park(Native Method)
        at java.base@21.0.8/java.util.concurrent.locks.LockSupport.parkNanos(LockSupport.java:269)
        at java.base@21.0.8/java.util.concurrent.locks.AbstractQueuedSynchronizer$ConditionObject.awaitNanos(AbstractQueuedSynchronizer.java:1763)
        at java.base@21.0.8/java.util.concurrent.LinkedBlockingQueue.poll(LinkedBlockingQueue.java:460)
        at app//org.apache.hadoop.ipc.CallQueueManager.take(CallQueueManager.java:370)
        at app//org.apache.hadoop.ipc.Server$Handler.run(Server.java:3165)
"IPC Server listener on 15006" daemon prio=5 tid=449 runnable
java.lang.Thread.State: RUNNABLE
        at java.base@21.0.8/sun.nio.ch.EPoll.wait(Native Method)
        at java.base@21.0.8/sun.nio.ch.EPollSelectorImpl.doSelect(EPollSelectorImpl.java:121)
        at java.base@21.0.8/sun.nio.ch.SelectorImpl.lockAndDoSelect(SelectorImpl.java:130)
        at java.base@21.0.8/sun.nio.ch.SelectorImpl.select(SelectorImpl.java:147)
        at app//org.apache.hadoop.ipc.Server$Listener.run(Server.java:1559)
"18da7ee6-49f7-45ee-8090-861a49f32d36-NettyServerStreamRpc-bossGroup--thread1" daemon prio=5 tid=608 runnable
java.lang.Thread.State: RUNNABLE
        at app//org.apache.ratis.thirdparty.io.netty.channel.epoll.Native.epollWait(Native Method)
        at app//org.apache.ratis.thirdparty.io.netty.channel.epoll.Native.epollWait(Native.java:220)
        at app//org.apache.ratis.thirdparty.io.netty.channel.epoll.Native.epollWait(Native.java:213)
        at app//org.apache.ratis.thirdparty.io.netty.channel.epoll.EpollEventLoop.epollWaitNoTimerChange(EpollEventLoop.java:308)
        at app//org.apache.ratis.thirdparty.io.netty.channel.epoll.EpollEventLoop.run(EpollEventLoop.java:365)
        at app//org.apache.ratis.thirdparty.io.netty.util.concurrent.SingleThreadEventExecutor$4.run(SingleThreadEventExecutor.java:998)
        at app//org.apache.ratis.thirdparty.io.netty.util.internal.ThreadExecutorMap$2.run(ThreadExecutorMap.java:74)
        at java.base@21.0.8/java.lang.Thread.runWith(Thread.java:1596)
        at java.base@21.0.8/java.lang.Thread.run(Thread.java:1583)
"Socket Reader #3 for port 15006" daemon prio=5 tid=452 runnable
java.lang.Thread.State: RUNNABLE
        at java.base@21.0.8/sun.nio.ch.EPoll.wait(Native Method)
        at java.base@21.0.8/sun.nio.ch.EPollSelectorImpl.doSelect(EPollSelectorImpl.java:121)
        at java.base@21.0.8/sun.nio.ch.SelectorImpl.lockAndDoSelect(SelectorImpl.java:130)
        at java.base@21.0.8/sun.nio.ch.SelectorImpl.select(SelectorImpl.java:147)
        at app//org.apache.hadoop.ipc.Server$Listener$Reader.doRunLoop(Server.java:1497)
        at app//org.apache.hadoop.ipc.Server$Listener$Reader.run(Server.java:1476)
"Socket Reader #8 for port 15006" daemon prio=5 tid=457 runnable
java.lang.Thread.State: RUNNABLE
        at java.base@21.0.8/sun.nio.ch.EPoll.wait(Native Method)
        at java.base@21.0.8/sun.nio.ch.EPollSelectorImpl.doSelect(EPollSelectorImpl.java:121)
        at java.base@21.0.8/sun.nio.ch.SelectorImpl.lockAndDoSelect(SelectorImpl.java:130)
        at java.base@21.0.8/sun.nio.ch.SelectorImpl.select(SelectorImpl.java:147)
        at app//org.apache.hadoop.ipc.Server$Listener$Reader.doRunLoop(Server.java:1497)
        at app//org.apache.hadoop.ipc.Server$Listener$Reader.run(Server.java:1476)
"StaleRecoveringContainerScrubbingService#0" daemon prio=5 tid=807 timed_waiting
java.lang.Thread.State: TIMED_WAITING
        at java.base@21.0.8/jdk.internal.misc.Unsafe.park(Native Method)
        at java.base@21.0.8/java.util.concurrent.locks.LockSupport.parkNanos(LockSupport.java:269)
        at java.base@21.0.8/java.util.concurrent.locks.AbstractQueuedSynchronizer$ConditionObject.awaitNanos(AbstractQueuedSynchronizer.java:1763)
        at java.base@21.0.8/java.util.concurrent.ScheduledThreadPoolExecutor$DelayedWorkQueue.take(ScheduledThreadPoolExecutor.java:1182)
        at java.base@21.0.8/java.util.concurrent.ScheduledThreadPoolExecutor$DelayedWorkQueue.take(ScheduledThreadPoolExecutor.java:899)
        at java.base@21.0.8/java.util.concurrent.ThreadPoolExecutor.getTask(ThreadPoolExecutor.java:1070)
        at java.base@21.0.8/java.util.concurrent.ThreadPoolExecutor.runWorker(ThreadPoolExecutor.java:1130)
        at java.base@21.0.8/java.util.concurrent.ThreadPoolExecutor$Worker.run(ThreadPoolExecutor.java:642)
        at java.base@21.0.8/java.lang.Thread.runWith(Thread.java:1596)
        at java.base@21.0.8/java.lang.Thread.run(Thread.java:1583)
"IPC Server handler 74 on default port 15002" daemon prio=5 tid=413 timed_waiting
java.lang.Thread.State: TIMED_WAITING
        at java.base@21.0.8/jdk.internal.misc.Unsafe.park(Native Method)
        at java.base@21.0.8/java.util.concurrent.locks.LockSupport.parkNanos(LockSupport.java:269)
        at java.base@21.0.8/java.util.concurrent.locks.AbstractQueuedSynchronizer$ConditionObject.awaitNanos(AbstractQueuedSynchronizer.java:1763)
        at java.base@21.0.8/java.util.concurrent.LinkedBlockingQueue.poll(LinkedBlockingQueue.java:460)
        at app//org.apache.hadoop.ipc.CallQueueManager.take(CallQueueManager.java:370)
        at app//org.apache.hadoop.ipc.Server$Handler.run(Server.java:3165)
"qtp99667716-751" daemon prio=5 tid=751 timed_waiting
java.lang.Thread.State: TIMED_WAITING
        at java.base@21.0.8/jdk.internal.misc.Unsafe.park(Native Method)
        at java.base@21.0.8/java.util.concurrent.locks.LockSupport.parkNanos(LockSupport.java:269)
        at java.base@21.0.8/java.util.concurrent.locks.AbstractQueuedSynchronizer$ConditionObject.awaitNanos(AbstractQueuedSynchronizer.java:1763)
        at app//org.eclipse.jetty.util.BlockingArrayQueue.poll(BlockingArrayQueue.java:382)
        at app//org.eclipse.jetty.util.thread.QueuedThreadPool$Runner.idleJobPoll(QueuedThreadPool.java:974)
        at app//org.eclipse.jetty.util.thread.QueuedThreadPool$Runner.run(QueuedThreadPool.java:1018)
        at java.base@21.0.8/java.lang.Thread.runWith(Thread.java:1596)
        at java.base@21.0.8/java.lang.Thread.run(Thread.java:1583)
"IPC Server handler 69 on default port 15002" daemon prio=5 tid=408 timed_waiting
java.lang.Thread.State: TIMED_WAITING
        at java.base@21.0.8/jdk.internal.misc.Unsafe.park(Native Method)
        at java.base@21.0.8/java.util.concurrent.locks.LockSupport.parkNanos(LockSupport.java:269)
        at java.base@21.0.8/java.util.concurrent.locks.AbstractQueuedSynchronizer$ConditionObject.awaitNanos(AbstractQueuedSynchronizer.java:1763)
        at java.base@21.0.8/java.util.concurrent.LinkedBlockingQueue.poll(LinkedBlockingQueue.java:460)
        at app//org.apache.hadoop.ipc.CallQueueManager.take(CallQueueManager.java:370)
        at app//org.apache.hadoop.ipc.Server$Handler.run(Server.java:3165)
"IPC Server handler 5 on default port 15019" daemon prio=5 tid=594 timed_waiting
java.lang.Thread.State: TIMED_WAITING
        at java.base@21.0.8/jdk.internal.misc.Unsafe.park(Native Method)
        at java.base@21.0.8/java.util.concurrent.locks.LockSupport.parkNanos(LockSupport.java:269)
        at java.base@21.0.8/java.util.concurrent.locks.AbstractQueuedSynchronizer$ConditionObject.awaitNanos(AbstractQueuedSynchronizer.java:1763)
        at java.base@21.0.8/java.util.concurrent.LinkedBlockingQueue.poll(LinkedBlockingQueue.java:460)
        at app//org.apache.hadoop.ipc.CallQueueManager.take(CallQueueManager.java:370)
        at app//org.apache.hadoop.ipc.Server$Handler.run(Server.java:3165)
"83932d67-4fdc-4fe4-8fe1-3df6c3f1844a-PeriodicHDDSVolumeChecker" daemon prio=5 tid=725 timed_waiting
java.lang.Thread.State: TIMED_WAITING
        at java.base@21.0.8/jdk.internal.misc.Unsafe.park(Native Method)
        at java.base@21.0.8/java.util.concurrent.locks.LockSupport.parkNanos(LockSupport.java:269)
        at java.base@21.0.8/java.util.concurrent.locks.AbstractQueuedSynchronizer$ConditionObject.awaitNanos(AbstractQueuedSynchronizer.java:1763)
        at java.base@21.0.8/java.util.concurrent.ScheduledThreadPoolExecutor$DelayedWorkQueue.take(ScheduledThreadPoolExecutor.java:1182)
        at java.base@21.0.8/java.util.concurrent.ScheduledThreadPoolExecutor$DelayedWorkQueue.take(ScheduledThreadPoolExecutor.java:899)
        at java.base@21.0.8/java.util.concurrent.ThreadPoolExecutor.getTask(ThreadPoolExecutor.java:1070)
        at java.base@21.0.8/java.util.concurrent.ThreadPoolExecutor.runWorker(ThreadPoolExecutor.java:1130)
        at java.base@21.0.8/java.util.concurrent.ThreadPoolExecutor$Worker.run(ThreadPoolExecutor.java:642)
        at java.base@21.0.8/java.lang.Thread.runWith(Thread.java:1596)
        at java.base@21.0.8/java.lang.Thread.run(Thread.java:1583)
"IPC Server handler 27 on default port 15001" daemon prio=5 tid=248 timed_waiting
java.lang.Thread.State: TIMED_WAITING
        at java.base@21.0.8/jdk.internal.misc.Unsafe.park(Native Method)
        at java.base@21.0.8/java.util.concurrent.locks.LockSupport.parkNanos(LockSupport.java:269)
        at java.base@21.0.8/java.util.concurrent.locks.AbstractQueuedSynchronizer$ConditionObject.awaitNanos(AbstractQueuedSynchronizer.java:1763)
        at java.base@21.0.8/java.util.concurrent.LinkedBlockingQueue.poll(LinkedBlockingQueue.java:460)
        at app//org.apache.hadoop.ipc.CallQueueManager.take(CallQueueManager.java:370)
        at app//org.apache.hadoop.ipc.Server$Handler.run(Server.java:3165)
"NetworkTopologyPoller" daemon prio=5 tid=471 timed_waiting
java.lang.Thread.State: TIMED_WAITING
        at java.base@21.0.8/jdk.internal.misc.Unsafe.park(Native Method)
        at java.base@21.0.8/java.util.concurrent.locks.LockSupport.parkNanos(LockSupport.java:269)
        at java.base@21.0.8/java.util.concurrent.locks.AbstractQueuedSynchronizer$ConditionObject.awaitNanos(AbstractQueuedSynchronizer.java:1763)
        at java.base@21.0.8/java.util.concurrent.ScheduledThreadPoolExecutor$DelayedWorkQueue.take(ScheduledThreadPoolExecutor.java:1182)
        at java.base@21.0.8/java.util.concurrent.ScheduledThreadPoolExecutor$DelayedWorkQueue.take(ScheduledThreadPoolExecutor.java:899)
        at java.base@21.0.8/java.util.concurrent.ThreadPoolExecutor.getTask(ThreadPoolExecutor.java:1070)
        at java.base@21.0.8/java.util.concurrent.ThreadPoolExecutor.runWorker(ThreadPoolExecutor.java:1130)
        at java.base@21.0.8/java.util.concurrent.ThreadPoolExecutor$Worker.run(ThreadPoolExecutor.java:642)
        at java.base@21.0.8/java.lang.Thread.runWith(Thread.java:1596)
        at java.base@21.0.8/java.lang.Thread.run(Thread.java:1583)
"FixedThreadPoolWithAffinityExecutor-4-0" daemon prio=5 tid=108 timed_waiting
java.lang.Thread.State: TIMED_WAITING
        at java.base@21.0.8/jdk.internal.misc.Unsafe.park(Native Method)
        at java.base@21.0.8/java.util.concurrent.locks.LockSupport.parkNanos(LockSupport.java:269)
        at java.base@21.0.8/java.util.concurrent.locks.AbstractQueuedSynchronizer$ConditionObject.awaitNanos(AbstractQueuedSynchronizer.java:1763)
        at java.base@21.0.8/java.util.concurrent.LinkedBlockingQueue.poll(LinkedBlockingQueue.java:460)
        at app//org.apache.hadoop.hdds.scm.server.ContainerReportQueue.poll(ContainerReportQueue.java:269)
        at app//org.apache.hadoop.hdds.scm.server.ContainerReportQueue.poll(ContainerReportQueue.java:42)
        at app//org.apache.hadoop.hdds.server.events.FixedThreadPoolWithAffinityExecutor$ContainerReportProcessTask.run(FixedThreadPoolWithAffinityExecutor.java:228)
        at java.base@21.0.8/java.util.concurrent.Executors$RunnableAdapter.call(Executors.java:572)
        at java.base@21.0.8/java.util.concurrent.FutureTask.run(FutureTask.java:317)
        at java.base@21.0.8/java.util.concurrent.ThreadPoolExecutor.runWorker(ThreadPoolExecutor.java:1144)
        at java.base@21.0.8/java.util.concurrent.ThreadPoolExecutor$Worker.run(ThreadPoolExecutor.java:642)
        at java.base@21.0.8/java.lang.Thread.runWith(Thread.java:1596)
        at java.base@21.0.8/java.lang.Thread.run(Thread.java:1583)
"IPC Server handler 58 on default port 15001" daemon prio=5 tid=279 timed_waiting
java.lang.Thread.State: TIMED_WAITING
        at java.base@21.0.8/jdk.internal.misc.Unsafe.park(Native Method)
        at java.base@21.0.8/java.util.concurrent.locks.LockSupport.parkNanos(LockSupport.java:269)
        at java.base@21.0.8/java.util.concurrent.locks.AbstractQueuedSynchronizer$ConditionObject.awaitNanos(AbstractQueuedSynchronizer.java:1763)
        at java.base@21.0.8/java.util.concurrent.LinkedBlockingQueue.poll(LinkedBlockingQueue.java:460)
        at app//org.apache.hadoop.ipc.CallQueueManager.take(CallQueueManager.java:370)
        at app//org.apache.hadoop.ipc.Server$Handler.run(Server.java:3165)
"qtp976208765-618" daemon prio=5 tid=618 timed_waiting
java.lang.Thread.State: TIMED_WAITING
        at java.base@21.0.8/jdk.internal.misc.Unsafe.park(Native Method)
        at java.base@21.0.8/java.util.concurrent.locks.LockSupport.parkNanos(LockSupport.java:269)
        at java.base@21.0.8/java.util.concurrent.locks.AbstractQueuedSynchronizer$ConditionObject.awaitNanos(AbstractQueuedSynchronizer.java:1763)
        at app//org.eclipse.jetty.util.BlockingArrayQueue.poll(BlockingArrayQueue.java:382)
        at app//org.eclipse.jetty.util.thread.QueuedThreadPool$Runner.idleJobPoll(QueuedThreadPool.java:974)
        at app//org.eclipse.jetty.util.thread.QueuedThreadPool$Runner.run(QueuedThreadPool.java:1018)
        at java.base@21.0.8/java.lang.Thread.runWith(Thread.java:1596)
        at java.base@21.0.8/java.lang.Thread.run(Thread.java:1583)
"qtp1960486456-486" daemon prio=5 tid=486 timed_waiting
java.lang.Thread.State: TIMED_WAITING
        at java.base@21.0.8/jdk.internal.misc.Unsafe.park(Native Method)
        at java.base@21.0.8/java.util.concurrent.locks.LockSupport.parkNanos(LockSupport.java:269)
        at java.base@21.0.8/java.util.concurrent.locks.AbstractQueuedSynchronizer$ConditionObject.awaitNanos(AbstractQueuedSynchronizer.java:1763)
        at app//org.eclipse.jetty.util.BlockingArrayQueue.poll(BlockingArrayQueue.java:382)
        at app//org.eclipse.jetty.util.thread.QueuedThreadPool$Runner.idleJobPoll(QueuedThreadPool.java:974)
        at app//org.eclipse.jetty.util.thread.QueuedThreadPool$Runner.run(QueuedThreadPool.java:1018)
        at java.base@21.0.8/java.lang.Thread.runWith(Thread.java:1596)
        at java.base@21.0.8/java.lang.Thread.run(Thread.java:1583)
"18da7ee6-49f7-45ee-8090-861a49f32d36-CreatePipelineCommandHandlerThread-0"  prio=5 tid=899 in Object.wait()
java.lang.Thread.State: WAITING (on object monitor)
        at java.base@21.0.8/jdk.internal.misc.Unsafe.park(Native Method)
        at java.base@21.0.8/java.util.concurrent.locks.LockSupport.park(LockSupport.java:371)
        at java.base@21.0.8/java.util.concurrent.locks.AbstractQueuedSynchronizer$ConditionNode.block(AbstractQueuedSynchronizer.java:519)
        at java.base@21.0.8/java.util.concurrent.ForkJoinPool.unmanagedBlock(ForkJoinPool.java:3780)
        at java.base@21.0.8/java.util.concurrent.ForkJoinPool.managedBlock(ForkJoinPool.java:3725)
        at java.base@21.0.8/java.util.concurrent.locks.AbstractQueuedSynchronizer$ConditionObject.await(AbstractQueuedSynchronizer.java:1712)
        at java.base@21.0.8/java.util.concurrent.LinkedBlockingQueue.take(LinkedBlockingQueue.java:435)
        at java.base@21.0.8/java.util.concurrent.ThreadPoolExecutor.getTask(ThreadPoolExecutor.java:1070)
        at java.base@21.0.8/java.util.concurrent.ThreadPoolExecutor.runWorker(ThreadPoolExecutor.java:1130)
        at java.base@21.0.8/java.util.concurrent.ThreadPoolExecutor$Worker.run(ThreadPoolExecutor.java:642)
        at java.base@21.0.8/java.lang.Thread.runWith(Thread.java:1596)
        at java.base@21.0.8/java.lang.Thread.run(Thread.java:1583)
"timer0" daemon prio=5 tid=1032 timed_waiting
java.lang.Thread.State: TIMED_WAITING
        at java.base@21.0.8/java.lang.Object.wait0(Native Method)
        at java.base@21.0.8/java.lang.Object.wait(Object.java:366)
        at java.base@21.0.8/java.util.TimerThread.mainLoop(Timer.java:563)
        at java.base@21.0.8/java.util.TimerThread.run(Timer.java:516)
"d3e19d45-0b2b-4921-9b28-39a5e9747ac8-CreatePipelineCommandHandlerThread-0"  prio=5 tid=858 in Object.wait()
java.lang.Thread.State: WAITING (on object monitor)
        at java.base@21.0.8/jdk.internal.misc.Unsafe.park(Native Method)
        at java.base@21.0.8/java.util.concurrent.locks.LockSupport.park(LockSupport.java:371)
        at java.base@21.0.8/java.util.concurrent.locks.AbstractQueuedSynchronizer$ConditionNode.block(AbstractQueuedSynchronizer.java:519)
        at java.base@21.0.8/java.util.concurrent.ForkJoinPool.unmanagedBlock(ForkJoinPool.java:3780)
        at java.base@21.0.8/java.util.concurrent.ForkJoinPool.managedBlock(ForkJoinPool.java:3725)
        at java.base@21.0.8/java.util.concurrent.locks.AbstractQueuedSynchronizer$ConditionObject.await(AbstractQueuedSynchronizer.java:1712)
        at java.base@21.0.8/java.util.concurrent.LinkedBlockingQueue.take(LinkedBlockingQueue.java:435)
        at java.base@21.0.8/java.util.concurrent.ThreadPoolExecutor.getTask(ThreadPoolExecutor.java:1070)
        at java.base@21.0.8/java.util.concurrent.ThreadPoolExecutor.runWorker(ThreadPoolExecutor.java:1130)
        at java.base@21.0.8/java.util.concurrent.ThreadPoolExecutor$Worker.run(ThreadPoolExecutor.java:642)
        at java.base@21.0.8/java.lang.Thread.runWith(Thread.java:1596)
        at java.base@21.0.8/java.lang.Thread.run(Thread.java:1583)
"IPC Server listener on 15002" daemon prio=5 tid=62 runnable
java.lang.Thread.State: RUNNABLE
        at java.base@21.0.8/sun.nio.ch.EPoll.wait(Native Method)
        at java.base@21.0.8/sun.nio.ch.EPollSelectorImpl.doSelect(EPollSelectorImpl.java:121)
        at java.base@21.0.8/sun.nio.ch.SelectorImpl.lockAndDoSelect(SelectorImpl.java:130)
        at java.base@21.0.8/sun.nio.ch.SelectorImpl.select(SelectorImpl.java:147)
        at app//org.apache.hadoop.ipc.Server$Listener.run(Server.java:1559)
"om1-SstFilteringService#0" daemon prio=5 tid=477 timed_waiting
java.lang.Thread.State: TIMED_WAITING
        at java.base@21.0.8/jdk.internal.misc.Unsafe.park(Native Method)
        at java.base@21.0.8/java.util.concurrent.locks.LockSupport.parkNanos(LockSupport.java:269)
        at java.base@21.0.8/java.util.concurrent.locks.AbstractQueuedSynchronizer$ConditionObject.awaitNanos(AbstractQueuedSynchronizer.java:1763)
        at java.base@21.0.8/java.util.concurrent.ScheduledThreadPoolExecutor$DelayedWorkQueue.take(ScheduledThreadPoolExecutor.java:1182)
        at java.base@21.0.8/java.util.concurrent.ScheduledThreadPoolExecutor$DelayedWorkQueue.take(ScheduledThreadPoolExecutor.java:899)
        at java.base@21.0.8/java.util.concurrent.ThreadPoolExecutor.getTask(ThreadPoolExecutor.java:1070)
        at java.base@21.0.8/java.util.concurrent.ThreadPoolExecutor.runWorker(ThreadPoolExecutor.java:1130)
        at java.base@21.0.8/java.util.concurrent.ThreadPoolExecutor$Worker.run(ThreadPoolExecutor.java:642)
        at java.base@21.0.8/java.lang.Thread.runWith(Thread.java:1596)
        at java.base@21.0.8/java.lang.Thread.run(Thread.java:1583)
"qtp1507617108-325" daemon prio=5 tid=325 runnable
java.lang.Thread.State: RUNNABLE
        at java.base@21.0.8/sun.nio.ch.EPoll.wait(Native Method)
        at java.base@21.0.8/sun.nio.ch.EPollSelectorImpl.doSelect(EPollSelectorImpl.java:121)
        at java.base@21.0.8/sun.nio.ch.SelectorImpl.lockAndDoSelect(SelectorImpl.java:130)
        at java.base@21.0.8/sun.nio.ch.SelectorImpl.select(SelectorImpl.java:147)
        at app//org.eclipse.jetty.io.ManagedSelector.nioSelect(ManagedSelector.java:183)
        at app//org.eclipse.jetty.io.ManagedSelector.select(ManagedSelector.java:190)
        at app//org.eclipse.jetty.io.ManagedSelector$SelectorProducer.select(ManagedSelector.java:606)
        at app//org.eclipse.jetty.io.ManagedSelector$SelectorProducer.produce(ManagedSelector.java:543)
        at app//org.eclipse.jetty.util.thread.strategy.EatWhatYouKill.produceTask(EatWhatYouKill.java:362)
        at app//org.eclipse.jetty.util.thread.strategy.EatWhatYouKill.doProduce(EatWhatYouKill.java:186)
        at app//org.eclipse.jetty.util.thread.strategy.EatWhatYouKill.tryProduce(EatWhatYouKill.java:173)
        at app//org.eclipse.jetty.util.thread.strategy.EatWhatYouKill.produce(EatWhatYouKill.java:137)
        at app//org.eclipse.jetty.io.ManagedSelector$$Lambda/0x00007fd1ac6ed508.run(Unknown Source)
        at app//org.eclipse.jetty.util.thread.QueuedThreadPool.runJob(QueuedThreadPool.java:883)
        at app//org.eclipse.jetty.util.thread.QueuedThreadPool$Runner.run(QueuedThreadPool.java:1034)
        at java.base@21.0.8/java.lang.Thread.runWith(Thread.java:1596)
        at java.base@21.0.8/java.lang.Thread.run(Thread.java:1583)
"IPC Server Responder" daemon prio=5 tid=461 runnable
java.lang.Thread.State: RUNNABLE
        at java.base@21.0.8/sun.nio.ch.EPoll.wait(Native Method)
        at java.base@21.0.8/sun.nio.ch.EPollSelectorImpl.doSelect(EPollSelectorImpl.java:121)
        at java.base@21.0.8/sun.nio.ch.SelectorImpl.lockAndDoSelect(SelectorImpl.java:130)
        at java.base@21.0.8/sun.nio.ch.SelectorImpl.select(SelectorImpl.java:142)
        at app//org.apache.hadoop.ipc.Server$Responder.doRunLoop(Server.java:1733)
        at app//org.apache.hadoop.ipc.Server$Responder.run(Server.java:1716)
"Socket Reader #6 for port 15001" daemon prio=5 tid=82 runnable
java.lang.Thread.State: RUNNABLE
        at java.base@21.0.8/sun.nio.ch.EPoll.wait(Native Method)
        at java.base@21.0.8/sun.nio.ch.EPollSelectorImpl.doSelect(EPollSelectorImpl.java:121)
        at java.base@21.0.8/sun.nio.ch.SelectorImpl.lockAndDoSelect(SelectorImpl.java:130)
        at java.base@21.0.8/sun.nio.ch.SelectorImpl.select(SelectorImpl.java:147)
        at app//org.apache.hadoop.ipc.Server$Listener$Reader.doRunLoop(Server.java:1497)
        at app//org.apache.hadoop.ipc.Server$Listener$Reader.run(Server.java:1476)
"IPC Server handler 59 on default port 15001" daemon prio=5 tid=280 timed_waiting
java.lang.Thread.State: TIMED_WAITING
        at java.base@21.0.8/jdk.internal.misc.Unsafe.park(Native Method)
        at java.base@21.0.8/java.util.concurrent.locks.LockSupport.parkNanos(LockSupport.java:269)
        at java.base@21.0.8/java.util.concurrent.locks.AbstractQueuedSynchronizer$ConditionObject.awaitNanos(AbstractQueuedSynchronizer.java:1763)
        at java.base@21.0.8/java.util.concurrent.LinkedBlockingQueue.poll(LinkedBlockingQueue.java:460)
        at app//org.apache.hadoop.ipc.CallQueueManager.take(CallQueueManager.java:370)
        at app//org.apache.hadoop.ipc.Server$Handler.run(Server.java:3165)
"qtp1960486456-490" daemon prio=5 tid=490 timed_waiting
java.lang.Thread.State: TIMED_WAITING
        at java.base@21.0.8/jdk.internal.misc.Unsafe.park(Native Method)
        at java.base@21.0.8/java.util.concurrent.locks.LockSupport.parkNanos(LockSupport.java:269)
        at java.base@21.0.8/java.util.concurrent.locks.AbstractQueuedSynchronizer$ConditionObject.awaitNanos(AbstractQueuedSynchronizer.java:1763)
        at app//org.eclipse.jetty.util.BlockingArrayQueue.poll(BlockingArrayQueue.java:382)
        at app//org.eclipse.jetty.util.thread.QueuedThreadPool$Runner.idleJobPoll(QueuedThreadPool.java:974)
        at app//org.eclipse.jetty.util.thread.QueuedThreadPool$Runner.run(QueuedThreadPool.java:1018)
        at java.base@21.0.8/java.lang.Thread.runWith(Thread.java:1596)
        at java.base@21.0.8/java.lang.Thread.run(Thread.java:1583)
"qtp887238034-671" daemon prio=5 tid=671 timed_waiting
java.lang.Thread.State: TIMED_WAITING
        at java.base@21.0.8/jdk.internal.misc.Unsafe.park(Native Method)
        at java.base@21.0.8/java.util.concurrent.locks.LockSupport.parkNanos(LockSupport.java:269)
        at java.base@21.0.8/java.util.concurrent.locks.AbstractQueuedSynchronizer$ConditionObject.awaitNanos(AbstractQueuedSynchronizer.java:1763)
        at app//org.eclipse.jetty.util.BlockingArrayQueue.poll(BlockingArrayQueue.java:382)
        at app//org.eclipse.jetty.util.thread.QueuedThreadPool$Runner.idleJobPoll(QueuedThreadPool.java:974)
        at app//org.eclipse.jetty.util.thread.QueuedThreadPool$Runner.run(QueuedThreadPool.java:1018)
        at java.base@21.0.8/java.lang.Thread.runWith(Thread.java:1596)
        at java.base@21.0.8/java.lang.Thread.run(Thread.java:1583)
"IPC Server handler 26 on default port 15001" daemon prio=5 tid=247 timed_waiting
java.lang.Thread.State: TIMED_WAITING
        at java.base@21.0.8/jdk.internal.misc.Unsafe.park(Native Method)
        at java.base@21.0.8/java.util.concurrent.locks.LockSupport.parkNanos(LockSupport.java:269)
        at java.base@21.0.8/java.util.concurrent.locks.AbstractQueuedSynchronizer$ConditionObject.awaitNanos(AbstractQueuedSynchronizer.java:1763)
        at java.base@21.0.8/java.util.concurrent.LinkedBlockingQueue.poll(LinkedBlockingQueue.java:460)
        at app//org.apache.hadoop.ipc.CallQueueManager.take(CallQueueManager.java:370)
        at app//org.apache.hadoop.ipc.Server$Handler.run(Server.java:3165)
"StaleRecoveringContainerScrubbingService#1" daemon prio=5 tid=809 in Object.wait()
java.lang.Thread.State: WAITING (on object monitor)
        at java.base@21.0.8/jdk.internal.misc.Unsafe.park(Native Method)
        at java.base@21.0.8/java.util.concurrent.locks.LockSupport.park(LockSupport.java:371)
        at java.base@21.0.8/java.util.concurrent.locks.AbstractQueuedSynchronizer$ConditionNode.block(AbstractQueuedSynchronizer.java:519)
        at java.base@21.0.8/java.util.concurrent.ForkJoinPool.unmanagedBlock(ForkJoinPool.java:3780)
        at java.base@21.0.8/java.util.concurrent.ForkJoinPool.managedBlock(ForkJoinPool.java:3725)
        at java.base@21.0.8/java.util.concurrent.locks.AbstractQueuedSynchronizer$ConditionObject.await(AbstractQueuedSynchronizer.java:1712)
        at java.base@21.0.8/java.util.concurrent.ScheduledThreadPoolExecutor$DelayedWorkQueue.take(ScheduledThreadPoolExecutor.java:1177)
        at java.base@21.0.8/java.util.concurrent.ScheduledThreadPoolExecutor$DelayedWorkQueue.take(ScheduledThreadPoolExecutor.java:899)
        at java.base@21.0.8/java.util.concurrent.ThreadPoolExecutor.getTask(ThreadPoolExecutor.java:1070)
        at java.base@21.0.8/java.util.concurrent.ThreadPoolExecutor.runWorker(ThreadPoolExecutor.java:1130)
        at java.base@21.0.8/java.util.concurrent.ThreadPoolExecutor$Worker.run(ThreadPoolExecutor.java:642)
        at java.base@21.0.8/java.lang.Thread.runWith(Thread.java:1596)
        at java.base@21.0.8/java.lang.Thread.run(Thread.java:1583)
"pool-181-thread-1" daemon prio=5 tid=837 timed_waiting
java.lang.Thread.State: TIMED_WAITING
        at java.base@21.0.8/jdk.internal.misc.Unsafe.park(Native Method)
        at java.base@21.0.8/java.util.concurrent.locks.LockSupport.parkNanos(LockSupport.java:269)
        at java.base@21.0.8/java.util.concurrent.locks.AbstractQueuedSynchronizer$ConditionObject.awaitNanos(AbstractQueuedSynchronizer.java:1763)
        at java.base@21.0.8/java.util.concurrent.ScheduledThreadPoolExecutor$DelayedWorkQueue.take(ScheduledThreadPoolExecutor.java:1182)
        at java.base@21.0.8/java.util.concurrent.ScheduledThreadPoolExecutor$DelayedWorkQueue.take(ScheduledThreadPoolExecutor.java:899)
        at java.base@21.0.8/java.util.concurrent.ThreadPoolExecutor.getTask(ThreadPoolExecutor.java:1070)
        at java.base@21.0.8/java.util.concurrent.ThreadPoolExecutor.runWorker(ThreadPoolExecutor.java:1130)
        at java.base@21.0.8/java.util.concurrent.ThreadPoolExecutor$Worker.run(ThreadPoolExecutor.java:642)
        at java.base@21.0.8/java.lang.Thread.runWith(Thread.java:1596)
        at java.base@21.0.8/java.lang.Thread.run(Thread.java:1583)
"25d9f169-1c9e-47c6-a2a2-d20fb3c5fda2-ChunkReader-ELG-0" daemon prio=5 tid=824 runnable
java.lang.Thread.State: RUNNABLE
        at app//org.apache.ratis.thirdparty.io.netty.channel.epoll.Native.epollWait(Native Method)
        at app//org.apache.ratis.thirdparty.io.netty.channel.epoll.Native.epollWait(Native.java:220)
        at app//org.apache.ratis.thirdparty.io.netty.channel.epoll.Native.epollWait(Native.java:213)
        at app//org.apache.ratis.thirdparty.io.netty.channel.epoll.EpollEventLoop.epollWaitNoTimerChange(EpollEventLoop.java:308)
        at app//org.apache.ratis.thirdparty.io.netty.channel.epoll.EpollEventLoop.run(EpollEventLoop.java:365)
        at app//org.apache.ratis.thirdparty.io.netty.util.concurrent.SingleThreadEventExecutor$4.run(SingleThreadEventExecutor.java:998)
        at app//org.apache.ratis.thirdparty.io.netty.util.internal.ThreadExecutorMap$2.run(ThreadExecutorMap.java:74)
        at java.base@21.0.8/java.lang.Thread.runWith(Thread.java:1596)
        at java.base@21.0.8/java.lang.Thread.run(Thread.java:1583)
"IPC Server handler 15 on default port 15001" daemon prio=5 tid=236 timed_waiting
java.lang.Thread.State: TIMED_WAITING
        at java.base@21.0.8/jdk.internal.misc.Unsafe.park(Native Method)
        at java.base@21.0.8/java.util.concurrent.locks.LockSupport.parkNanos(LockSupport.java:269)
        at java.base@21.0.8/java.util.concurrent.locks.AbstractQueuedSynchronizer$ConditionObject.awaitNanos(AbstractQueuedSynchronizer.java:1763)
        at java.base@21.0.8/java.util.concurrent.LinkedBlockingQueue.poll(LinkedBlockingQueue.java:460)
        at app//org.apache.hadoop.ipc.CallQueueManager.take(CallQueueManager.java:370)
        at app//org.apache.hadoop.ipc.Server$Handler.run(Server.java:3165)
"IPC Server handler 2 on default port 15019" daemon prio=5 tid=591 timed_waiting
java.lang.Thread.State: TIMED_WAITING
        at java.base@21.0.8/jdk.internal.misc.Unsafe.park(Native Method)
        at java.base@21.0.8/java.util.concurrent.locks.LockSupport.parkNanos(LockSupport.java:269)
        at java.base@21.0.8/java.util.concurrent.locks.AbstractQueuedSynchronizer$ConditionObject.awaitNanos(AbstractQueuedSynchronizer.java:1763)
        at java.base@21.0.8/java.util.concurrent.LinkedBlockingQueue.poll(LinkedBlockingQueue.java:460)
        at app//org.apache.hadoop.ipc.CallQueueManager.take(CallQueueManager.java:370)
        at app//org.apache.hadoop.ipc.Server$Handler.run(Server.java:3165)
"IPC Server handler 2 on default port 15043" daemon prio=5 tid=782 timed_waiting
java.lang.Thread.State: TIMED_WAITING
        at java.base@21.0.8/jdk.internal.misc.Unsafe.park(Native Method)
        at java.base@21.0.8/java.util.concurrent.locks.LockSupport.parkNanos(LockSupport.java:269)
        at java.base@21.0.8/java.util.concurrent.locks.AbstractQueuedSynchronizer$ConditionObject.awaitNanos(AbstractQueuedSynchronizer.java:1763)
        at java.base@21.0.8/java.util.concurrent.LinkedBlockingQueue.poll(LinkedBlockingQueue.java:460)
        at app//org.apache.hadoop.ipc.CallQueueManager.take(CallQueueManager.java:370)
        at app//org.apache.hadoop.ipc.Server$Handler.run(Server.java:3165)
"IPC Server handler 8 on default port 15019" daemon prio=5 tid=597 timed_waiting
java.lang.Thread.State: TIMED_WAITING
        at java.base@21.0.8/jdk.internal.misc.Unsafe.park(Native Method)
        at java.base@21.0.8/java.util.concurrent.locks.LockSupport.parkNanos(LockSupport.java:269)
        at java.base@21.0.8/java.util.concurrent.locks.AbstractQueuedSynchronizer$ConditionObject.awaitNanos(AbstractQueuedSynchronizer.java:1763)
        at java.base@21.0.8/java.util.concurrent.LinkedBlockingQueue.poll(LinkedBlockingQueue.java:460)
        at app//org.apache.hadoop.ipc.CallQueueManager.take(CallQueueManager.java:370)
        at app//org.apache.hadoop.ipc.Server$Handler.run(Server.java:3165)
"volumeTable_FullTableCache-Cleanup-0" daemon prio=5 tid=441 timed_waiting
java.lang.Thread.State: TIMED_WAITING
        at java.base@21.0.8/jdk.internal.misc.Unsafe.park(Native Method)
        at java.base@21.0.8/java.util.concurrent.locks.LockSupport.parkNanos(LockSupport.java:269)
        at java.base@21.0.8/java.util.concurrent.locks.AbstractQueuedSynchronizer$ConditionObject.awaitNanos(AbstractQueuedSynchronizer.java:1763)
        at java.base@21.0.8/java.util.concurrent.ScheduledThreadPoolExecutor$DelayedWorkQueue.take(ScheduledThreadPoolExecutor.java:1182)
        at java.base@21.0.8/java.util.concurrent.ScheduledThreadPoolExecutor$DelayedWorkQueue.take(ScheduledThreadPoolExecutor.java:899)
        at java.base@21.0.8/java.util.concurrent.ThreadPoolExecutor.getTask(ThreadPoolExecutor.java:1070)
        at java.base@21.0.8/java.util.concurrent.ThreadPoolExecutor.runWorker(ThreadPoolExecutor.java:1130)
        at java.base@21.0.8/java.util.concurrent.ThreadPoolExecutor$Worker.run(ThreadPoolExecutor.java:642)
        at java.base@21.0.8/java.lang.Thread.runWith(Thread.java:1596)
        at java.base@21.0.8/java.lang.Thread.run(Thread.java:1583)
"IPC Server handler 32 on default port 15001" daemon prio=5 tid=253 timed_waiting
java.lang.Thread.State: TIMED_WAITING
        at java.base@21.0.8/jdk.internal.misc.Unsafe.park(Native Method)
        at java.base@21.0.8/java.util.concurrent.locks.LockSupport.parkNanos(LockSupport.java:269)
        at java.base@21.0.8/java.util.concurrent.locks.AbstractQueuedSynchronizer$ConditionObject.awaitNanos(AbstractQueuedSynchronizer.java:1763)
        at java.base@21.0.8/java.util.concurrent.LinkedBlockingQueue.poll(LinkedBlockingQueue.java:460)
        at app//org.apache.hadoop.ipc.CallQueueManager.take(CallQueueManager.java:370)
        at app//org.apache.hadoop.ipc.Server$Handler.run(Server.java:3165)
"25d9f169-1c9e-47c6-a2a2-d20fb3c5fda2@group-F536DCC524F8-cacheEviction-AwaitToRun" daemon prio=5 tid=962 in Object.wait()
java.lang.Thread.State: WAITING (on object monitor)
        at java.base@21.0.8/jdk.internal.misc.Unsafe.park(Native Method)
        at java.base@21.0.8/java.util.concurrent.locks.LockSupport.park(LockSupport.java:371)
        at java.base@21.0.8/java.util.concurrent.locks.AbstractQueuedSynchronizer$ConditionNode.block(AbstractQueuedSynchronizer.java:519)
        at java.base@21.0.8/java.util.concurrent.ForkJoinPool.unmanagedBlock(ForkJoinPool.java:3780)
        at java.base@21.0.8/java.util.concurrent.ForkJoinPool.managedBlock(ForkJoinPool.java:3725)
        at java.base@21.0.8/java.util.concurrent.locks.AbstractQueuedSynchronizer$ConditionObject.await(AbstractQueuedSynchronizer.java:1712)
        at app//org.apache.ratis.util.AwaitForSignal.await(AwaitForSignal.java:48)
        at app//org.apache.ratis.util.AwaitToRun$RunnableImpl.run(AwaitToRun.java:47)
        at java.base@21.0.8/java.lang.Thread.runWith(Thread.java:1596)
        at java.base@21.0.8/java.lang.Thread.run(Thread.java:1583)
"d3e19d45-0b2b-4921-9b28-39a5e9747ac8-DatanodeReportManager-3" daemon prio=5 tid=795 in Object.wait()
java.lang.Thread.State: WAITING (on object monitor)
        at java.base@21.0.8/jdk.internal.misc.Unsafe.park(Native Method)
        at java.base@21.0.8/java.util.concurrent.locks.LockSupport.park(LockSupport.java:371)
        at java.base@21.0.8/java.util.concurrent.locks.AbstractQueuedSynchronizer$ConditionNode.block(AbstractQueuedSynchronizer.java:519)
        at java.base@21.0.8/java.util.concurrent.ForkJoinPool.unmanagedBlock(ForkJoinPool.java:3780)
        at java.base@21.0.8/java.util.concurrent.ForkJoinPool.managedBlock(ForkJoinPool.java:3725)
        at java.base@21.0.8/java.util.concurrent.locks.AbstractQueuedSynchronizer$ConditionObject.await(AbstractQueuedSynchronizer.java:1712)
        at java.base@21.0.8/java.util.concurrent.ScheduledThreadPoolExecutor$DelayedWorkQueue.take(ScheduledThreadPoolExecutor.java:1177)
        at java.base@21.0.8/java.util.concurrent.ScheduledThreadPoolExecutor$DelayedWorkQueue.take(ScheduledThreadPoolExecutor.java:899)
        at java.base@21.0.8/java.util.concurrent.ThreadPoolExecutor.getTask(ThreadPoolExecutor.java:1070)
        at java.base@21.0.8/java.util.concurrent.ThreadPoolExecutor.runWorker(ThreadPoolExecutor.java:1130)
        at java.base@21.0.8/java.util.concurrent.ThreadPoolExecutor$Worker.run(ThreadPoolExecutor.java:642)
        at java.base@21.0.8/java.lang.Thread.runWith(Thread.java:1596)
        at java.base@21.0.8/java.lang.Thread.run(Thread.java:1583)
"IPC Server handler 68 on default port 15001" daemon prio=5 tid=289 timed_waiting
java.lang.Thread.State: TIMED_WAITING
        at java.base@21.0.8/jdk.internal.misc.Unsafe.park(Native Method)
        at java.base@21.0.8/java.util.concurrent.locks.LockSupport.parkNanos(LockSupport.java:269)
        at java.base@21.0.8/java.util.concurrent.locks.AbstractQueuedSynchronizer$ConditionObject.awaitNanos(AbstractQueuedSynchronizer.java:1763)
        at java.base@21.0.8/java.util.concurrent.LinkedBlockingQueue.poll(LinkedBlockingQueue.java:460)
        at app//org.apache.hadoop.ipc.CallQueueManager.take(CallQueueManager.java:370)
        at app//org.apache.hadoop.ipc.Server$Handler.run(Server.java:3165)
"Socket Reader #1 for port 15035" daemon prio=5 tid=690 runnable
java.lang.Thread.State: RUNNABLE
        at java.base@21.0.8/sun.nio.ch.EPoll.wait(Native Method)
        at java.base@21.0.8/sun.nio.ch.EPollSelectorImpl.doSelect(EPollSelectorImpl.java:121)
        at java.base@21.0.8/sun.nio.ch.SelectorImpl.lockAndDoSelect(SelectorImpl.java:130)
        at java.base@21.0.8/sun.nio.ch.SelectorImpl.select(SelectorImpl.java:147)
        at app//org.apache.hadoop.ipc.Server$Listener$Reader.doRunLoop(Server.java:1497)
        at app//org.apache.hadoop.ipc.Server$Listener$Reader.run(Server.java:1476)
"IPC Server handler 88 on default port 15002" daemon prio=5 tid=427 timed_waiting
java.lang.Thread.State: TIMED_WAITING
        at java.base@21.0.8/jdk.internal.misc.Unsafe.park(Native Method)
        at java.base@21.0.8/java.util.concurrent.locks.LockSupport.parkNanos(LockSupport.java:269)
        at java.base@21.0.8/java.util.concurrent.locks.AbstractQueuedSynchronizer$ConditionObject.awaitNanos(AbstractQueuedSynchronizer.java:1763)
        at java.base@21.0.8/java.util.concurrent.LinkedBlockingQueue.poll(LinkedBlockingQueue.java:460)
        at app//org.apache.hadoop.ipc.CallQueueManager.take(CallQueueManager.java:370)
        at app//org.apache.hadoop.ipc.Server$Handler.run(Server.java:3165)
"Socket Reader #10 for port 15000" daemon prio=5 tid=100 runnable
java.lang.Thread.State: RUNNABLE
        at java.base@21.0.8/sun.nio.ch.EPoll.wait(Native Method)
        at java.base@21.0.8/sun.nio.ch.EPollSelectorImpl.doSelect(EPollSelectorImpl.java:121)
        at java.base@21.0.8/sun.nio.ch.SelectorImpl.lockAndDoSelect(SelectorImpl.java:130)
        at java.base@21.0.8/sun.nio.ch.SelectorImpl.select(SelectorImpl.java:147)
        at app//org.apache.hadoop.ipc.Server$Listener$Reader.doRunLoop(Server.java:1497)
        at app//org.apache.hadoop.ipc.Server$Listener$Reader.run(Server.java:1476)
"25d9f169-1c9e-47c6-a2a2-d20fb3c5fda2@group-F536DCC524F8-LeaderStateImpl" daemon prio=5 tid=1034 timed_waiting
java.lang.Thread.State: TIMED_WAITING
        at java.base@21.0.8/jdk.internal.misc.Unsafe.park(Native Method)
        at java.base@21.0.8/java.util.concurrent.locks.LockSupport.parkNanos(LockSupport.java:269)
        at java.base@21.0.8/java.util.concurrent.locks.AbstractQueuedSynchronizer$ConditionObject.awaitNanos(AbstractQueuedSynchronizer.java:1763)
        at java.base@21.0.8/java.util.concurrent.ArrayBlockingQueue.poll(ArrayBlockingQueue.java:435)
        at app//org.apache.ratis.server.impl.LeaderStateImpl$EventQueue.poll(LeaderStateImpl.java:168)
        at app//org.apache.ratis.server.impl.LeaderStateImpl$EventProcessor.run(LeaderStateImpl.java:761)
"IPC Server handler 78 on default port 15000" daemon prio=5 tid=199 timed_waiting
java.lang.Thread.State: TIMED_WAITING
        at java.base@21.0.8/jdk.internal.misc.Unsafe.park(Native Method)
        at java.base@21.0.8/java.util.concurrent.locks.LockSupport.parkNanos(LockSupport.java:269)
        at java.base@21.0.8/java.util.concurrent.locks.AbstractQueuedSynchronizer$ConditionObject.awaitNanos(AbstractQueuedSynchronizer.java:1763)
        at java.base@21.0.8/java.util.concurrent.LinkedBlockingQueue.poll(LinkedBlockingQueue.java:460)
        at app//org.apache.hadoop.ipc.CallQueueManager.take(CallQueueManager.java:370)
        at app//org.apache.hadoop.ipc.Server$Handler.run(Server.java:3165)
"Socket Reader #1 for port 15002" daemon prio=5 tid=63 runnable
java.lang.Thread.State: RUNNABLE
        at java.base@21.0.8/sun.nio.ch.EPoll.wait(Native Method)
        at java.base@21.0.8/sun.nio.ch.EPollSelectorImpl.doSelect(EPollSelectorImpl.java:121)
        at java.base@21.0.8/sun.nio.ch.SelectorImpl.lockAndDoSelect(SelectorImpl.java:130)
        at java.base@21.0.8/sun.nio.ch.SelectorImpl.select(SelectorImpl.java:147)
        at app//org.apache.hadoop.ipc.Server$Listener$Reader.doRunLoop(Server.java:1497)
        at app//org.apache.hadoop.ipc.Server$Listener$Reader.run(Server.java:1476)
"IPC Server handler 3 on default port 15043" daemon prio=5 tid=783 timed_waiting
java.lang.Thread.State: TIMED_WAITING
        at java.base@21.0.8/jdk.internal.misc.Unsafe.park(Native Method)
        at java.base@21.0.8/java.util.concurrent.locks.LockSupport.parkNanos(LockSupport.java:269)
        at java.base@21.0.8/java.util.concurrent.locks.AbstractQueuedSynchronizer$ConditionObject.awaitNanos(AbstractQueuedSynchronizer.java:1763)
        at java.base@21.0.8/java.util.concurrent.LinkedBlockingQueue.poll(LinkedBlockingQueue.java:460)
        at app//org.apache.hadoop.ipc.CallQueueManager.take(CallQueueManager.java:370)
        at app//org.apache.hadoop.ipc.Server$Handler.run(Server.java:3165)
"IPC Server handler 9 on default port 15027" daemon prio=5 tid=646 timed_waiting
java.lang.Thread.State: TIMED_WAITING
        at java.base@21.0.8/jdk.internal.misc.Unsafe.park(Native Method)
        at java.base@21.0.8/java.util.concurrent.locks.LockSupport.parkNanos(LockSupport.java:269)
        at java.base@21.0.8/java.util.concurrent.locks.AbstractQueuedSynchronizer$ConditionObject.awaitNanos(AbstractQueuedSynchronizer.java:1763)
        at java.base@21.0.8/java.util.concurrent.LinkedBlockingQueue.poll(LinkedBlockingQueue.java:460)
        at app//org.apache.hadoop.ipc.CallQueueManager.take(CallQueueManager.java:370)
        at app//org.apache.hadoop.ipc.Server$Handler.run(Server.java:3165)
"IPC Server handler 8 on default port 15001" daemon prio=5 tid=229 timed_waiting
java.lang.Thread.State: TIMED_WAITING
        at java.base@21.0.8/jdk.internal.misc.Unsafe.park(Native Method)
        at java.base@21.0.8/java.util.concurrent.locks.LockSupport.parkNanos(LockSupport.java:269)
        at java.base@21.0.8/java.util.concurrent.locks.AbstractQueuedSynchronizer$ConditionObject.awaitNanos(AbstractQueuedSynchronizer.java:1763)
        at java.base@21.0.8/java.util.concurrent.LinkedBlockingQueue.poll(LinkedBlockingQueue.java:460)
        at app//org.apache.hadoop.ipc.CallQueueManager.take(CallQueueManager.java:370)
        at app//org.apache.hadoop.ipc.Server$Handler.run(Server.java:3165)
"qtp887238034-666" daemon prio=5 tid=666 runnable
java.lang.Thread.State: RUNNABLE
        at java.base@21.0.8/sun.nio.ch.EPoll.wait(Native Method)
        at java.base@21.0.8/sun.nio.ch.EPollSelectorImpl.doSelect(EPollSelectorImpl.java:121)
        at java.base@21.0.8/sun.nio.ch.SelectorImpl.lockAndDoSelect(SelectorImpl.java:130)
        at java.base@21.0.8/sun.nio.ch.SelectorImpl.select(SelectorImpl.java:147)
        at app//org.eclipse.jetty.io.ManagedSelector.nioSelect(ManagedSelector.java:183)
        at app//org.eclipse.jetty.io.ManagedSelector.select(ManagedSelector.java:190)
        at app//org.eclipse.jetty.io.ManagedSelector$SelectorProducer.select(ManagedSelector.java:606)
        at app//org.eclipse.jetty.io.ManagedSelector$SelectorProducer.produce(ManagedSelector.java:543)
        at app//org.eclipse.jetty.util.thread.strategy.EatWhatYouKill.produceTask(EatWhatYouKill.java:362)
        at app//org.eclipse.jetty.util.thread.strategy.EatWhatYouKill.doProduce(EatWhatYouKill.java:186)
        at app//org.eclipse.jetty.util.thread.strategy.EatWhatYouKill.tryProduce(EatWhatYouKill.java:173)
        at app//org.eclipse.jetty.util.thread.strategy.EatWhatYouKill.produce(EatWhatYouKill.java:137)
        at app//org.eclipse.jetty.io.ManagedSelector$$Lambda/0x00007fd1ac6ed508.run(Unknown Source)
        at app//org.eclipse.jetty.util.thread.QueuedThreadPool.runJob(QueuedThreadPool.java:883)
        at app//org.eclipse.jetty.util.thread.QueuedThreadPool$Runner.run(QueuedThreadPool.java:1034)
        at java.base@21.0.8/java.lang.Thread.runWith(Thread.java:1596)
        at java.base@21.0.8/java.lang.Thread.run(Thread.java:1583)
"qtp976208765-613" daemon prio=5 tid=613 runnable
java.lang.Thread.State: RUNNABLE
        at java.base@21.0.8/sun.nio.ch.EPoll.wait(Native Method)
        at java.base@21.0.8/sun.nio.ch.EPollSelectorImpl.doSelect(EPollSelectorImpl.java:121)
        at java.base@21.0.8/sun.nio.ch.SelectorImpl.lockAndDoSelect(SelectorImpl.java:130)
        at java.base@21.0.8/sun.nio.ch.SelectorImpl.select(SelectorImpl.java:147)
        at app//org.eclipse.jetty.io.ManagedSelector.nioSelect(ManagedSelector.java:183)
        at app//org.eclipse.jetty.io.ManagedSelector.select(ManagedSelector.java:190)
        at app//org.eclipse.jetty.io.ManagedSelector$SelectorProducer.select(ManagedSelector.java:606)
        at app//org.eclipse.jetty.io.ManagedSelector$SelectorProducer.produce(ManagedSelector.java:543)
        at app//org.eclipse.jetty.util.thread.strategy.EatWhatYouKill.produceTask(EatWhatYouKill.java:362)
        at app//org.eclipse.jetty.util.thread.strategy.EatWhatYouKill.doProduce(EatWhatYouKill.java:186)
        at app//org.eclipse.jetty.util.thread.strategy.EatWhatYouKill.tryProduce(EatWhatYouKill.java:173)
        at app//org.eclipse.jetty.util.thread.strategy.EatWhatYouKill.produce(EatWhatYouKill.java:137)
        at app//org.eclipse.jetty.io.ManagedSelector$$Lambda/0x00007fd1ac6ed508.run(Unknown Source)
        at app//org.eclipse.jetty.util.thread.QueuedThreadPool.runJob(QueuedThreadPool.java:883)
        at app//org.eclipse.jetty.util.thread.QueuedThreadPool$Runner.run(QueuedThreadPool.java:1034)
        at java.base@21.0.8/java.lang.Thread.runWith(Thread.java:1596)
        at java.base@21.0.8/java.lang.Thread.run(Thread.java:1583)
"IPC Server handler 5 on default port 15000" daemon prio=5 tid=126 timed_waiting
java.lang.Thread.State: TIMED_WAITING
        at java.base@21.0.8/jdk.internal.misc.Unsafe.park(Native Method)
        at java.base@21.0.8/java.util.concurrent.locks.LockSupport.parkNanos(LockSupport.java:269)
        at java.base@21.0.8/java.util.concurrent.locks.AbstractQueuedSynchronizer$ConditionObject.awaitNanos(AbstractQueuedSynchronizer.java:1763)
        at java.base@21.0.8/java.util.concurrent.LinkedBlockingQueue.poll(LinkedBlockingQueue.java:460)
        at app//org.apache.hadoop.ipc.CallQueueManager.take(CallQueueManager.java:370)
        at app//org.apache.hadoop.ipc.Server$Handler.run(Server.java:3165)
"pool-116-thread-1"  prio=5 tid=565 timed_waiting
java.lang.Thread.State: TIMED_WAITING
        at java.base@21.0.8/jdk.internal.misc.Unsafe.park(Native Method)
        at java.base@21.0.8/java.util.concurrent.locks.LockSupport.parkNanos(LockSupport.java:269)
        at java.base@21.0.8/java.util.concurrent.locks.AbstractQueuedSynchronizer$ConditionObject.awaitNanos(AbstractQueuedSynchronizer.java:1763)
        at java.base@21.0.8/java.util.concurrent.ScheduledThreadPoolExecutor$DelayedWorkQueue.take(ScheduledThreadPoolExecutor.java:1182)
        at java.base@21.0.8/java.util.concurrent.ScheduledThreadPoolExecutor$DelayedWorkQueue.take(ScheduledThreadPoolExecutor.java:899)
        at java.base@21.0.8/java.util.concurrent.ThreadPoolExecutor.getTask(ThreadPoolExecutor.java:1070)
        at java.base@21.0.8/java.util.concurrent.ThreadPoolExecutor.runWorker(ThreadPoolExecutor.java:1130)
        at java.base@21.0.8/java.util.concurrent.ThreadPoolExecutor$Worker.run(ThreadPoolExecutor.java:642)
        at java.base@21.0.8/java.lang.Thread.runWith(Thread.java:1596)
        at java.base@21.0.8/java.lang.Thread.run(Thread.java:1583)
"18da7ee6-49f7-45ee-8090-861a49f32d36-ChunkReader-ELG-0" daemon prio=5 tid=805 runnable
java.lang.Thread.State: RUNNABLE
        at app//org.apache.ratis.thirdparty.io.netty.channel.epoll.Native.epollWait(Native Method)
        at app//org.apache.ratis.thirdparty.io.netty.channel.epoll.Native.epollWait(Native.java:220)
        at app//org.apache.ratis.thirdparty.io.netty.channel.epoll.Native.epollWait(Native.java:213)
        at app//org.apache.ratis.thirdparty.io.netty.channel.epoll.EpollEventLoop.epollWaitNoTimerChange(EpollEventLoop.java:308)
        at app//org.apache.ratis.thirdparty.io.netty.channel.epoll.EpollEventLoop.run(EpollEventLoop.java:365)
        at app//org.apache.ratis.thirdparty.io.netty.util.concurrent.SingleThreadEventExecutor$4.run(SingleThreadEventExecutor.java:998)
        at app//org.apache.ratis.thirdparty.io.netty.util.internal.ThreadExecutorMap$2.run(ThreadExecutorMap.java:74)
        at java.base@21.0.8/java.lang.Thread.runWith(Thread.java:1596)
        at java.base@21.0.8/java.lang.Thread.run(Thread.java:1583)
"IPC Server handler 70 on default port 15001" daemon prio=5 tid=291 timed_waiting
java.lang.Thread.State: TIMED_WAITING
        at java.base@21.0.8/jdk.internal.misc.Unsafe.park(Native Method)
        at java.base@21.0.8/java.util.concurrent.locks.LockSupport.parkNanos(LockSupport.java:269)
        at java.base@21.0.8/java.util.concurrent.locks.AbstractQueuedSynchronizer$ConditionObject.awaitNanos(AbstractQueuedSynchronizer.java:1763)
        at java.base@21.0.8/java.util.concurrent.LinkedBlockingQueue.poll(LinkedBlockingQueue.java:460)
        at app//org.apache.hadoop.ipc.CallQueueManager.take(CallQueueManager.java:370)
        at app//org.apache.hadoop.ipc.Server$Handler.run(Server.java:3165)
"IPC Server handler 69 on default port 15000" daemon prio=5 tid=190 timed_waiting
java.lang.Thread.State: TIMED_WAITING
        at java.base@21.0.8/jdk.internal.misc.Unsafe.park(Native Method)
        at java.base@21.0.8/java.util.concurrent.locks.LockSupport.parkNanos(LockSupport.java:269)
        at java.base@21.0.8/java.util.concurrent.locks.AbstractQueuedSynchronizer$ConditionObject.awaitNanos(AbstractQueuedSynchronizer.java:1763)
        at java.base@21.0.8/java.util.concurrent.LinkedBlockingQueue.poll(LinkedBlockingQueue.java:460)
        at app//org.apache.hadoop.ipc.CallQueueManager.take(CallQueueManager.java:370)
        at app//org.apache.hadoop.ipc.Server$Handler.run(Server.java:3165)
"IPC Server handler 9 on default port 15019" daemon prio=5 tid=598 timed_waiting
java.lang.Thread.State: TIMED_WAITING
        at java.base@21.0.8/jdk.internal.misc.Unsafe.park(Native Method)
        at java.base@21.0.8/java.util.concurrent.locks.LockSupport.parkNanos(LockSupport.java:269)
        at java.base@21.0.8/java.util.concurrent.locks.AbstractQueuedSynchronizer$ConditionObject.awaitNanos(AbstractQueuedSynchronizer.java:1763)
        at java.base@21.0.8/java.util.concurrent.LinkedBlockingQueue.poll(LinkedBlockingQueue.java:460)
        at app//org.apache.hadoop.ipc.CallQueueManager.take(CallQueueManager.java:370)
        at app//org.apache.hadoop.ipc.Server$Handler.run(Server.java:3165)
"IPC Server handler 43 on default port 15001" daemon prio=5 tid=264 timed_waiting
java.lang.Thread.State: TIMED_WAITING
        at java.base@21.0.8/jdk.internal.misc.Unsafe.park(Native Method)
        at java.base@21.0.8/java.util.concurrent.locks.LockSupport.parkNanos(LockSupport.java:269)
        at java.base@21.0.8/java.util.concurrent.locks.AbstractQueuedSynchronizer$ConditionObject.awaitNanos(AbstractQueuedSynchronizer.java:1763)
        at java.base@21.0.8/java.util.concurrent.LinkedBlockingQueue.poll(LinkedBlockingQueue.java:460)
        at app//org.apache.hadoop.ipc.CallQueueManager.take(CallQueueManager.java:370)
        at app//org.apache.hadoop.ipc.Server$Handler.run(Server.java:3165)
"IPC Client (483109940) connection to 0.0.0.0/0.0.0.0:15002 from runner" daemon prio=5 tid=658 timed_waiting
java.lang.Thread.State: TIMED_WAITING
        at java.base@21.0.8/java.lang.Object.wait0(Native Method)
        at java.base@21.0.8/java.lang.Object.wait(Object.java:366)
        at app//org.apache.hadoop.ipc.Client$Connection.waitForWork(Client.java:1042)
        at app//org.apache.hadoop.ipc.Client$Connection.run(Client.java:1093)
"25d9f169-1c9e-47c6-a2a2-d20fb3c5fda2@group-F536DCC524F8-StateMachineUpdater" daemon prio=5 tid=965 timed_waiting
java.lang.Thread.State: TIMED_WAITING
        at java.base@21.0.8/jdk.internal.misc.Unsafe.park(Native Method)
        at java.base@21.0.8/java.util.concurrent.locks.LockSupport.parkNanos(LockSupport.java:269)
        at java.base@21.0.8/java.util.concurrent.locks.AbstractQueuedSynchronizer$ConditionObject.await(AbstractQueuedSynchronizer.java:1852)
        at app//org.apache.ratis.util.AwaitForSignal.await(AwaitForSignal.java:65)
        at app//org.apache.ratis.server.impl.StateMachineUpdater.waitForCommit(StateMachineUpdater.java:222)
        at app//org.apache.ratis.server.impl.StateMachineUpdater.run(StateMachineUpdater.java:187)
        at java.base@21.0.8/java.lang.Thread.runWith(Thread.java:1596)
        at java.base@21.0.8/java.lang.Thread.run(Thread.java:1583)
"25d9f169-1c9e-47c6-a2a2-d20fb3c5fda2-BlockDeletingService#1" daemon prio=5 tid=827 in Object.wait()
java.lang.Thread.State: WAITING (on object monitor)
        at java.base@21.0.8/jdk.internal.misc.Unsafe.park(Native Method)
        at java.base@21.0.8/java.util.concurrent.locks.LockSupport.park(LockSupport.java:371)
        at java.base@21.0.8/java.util.concurrent.locks.AbstractQueuedSynchronizer$ConditionNode.block(AbstractQueuedSynchronizer.java:519)
        at java.base@21.0.8/java.util.concurrent.ForkJoinPool.unmanagedBlock(ForkJoinPool.java:3780)
        at java.base@21.0.8/java.util.concurrent.ForkJoinPool.managedBlock(ForkJoinPool.java:3725)
        at java.base@21.0.8/java.util.concurrent.locks.AbstractQueuedSynchronizer$ConditionObject.await(AbstractQueuedSynchronizer.java:1712)
        at java.base@21.0.8/java.util.concurrent.ScheduledThreadPoolExecutor$DelayedWorkQueue.take(ScheduledThreadPoolExecutor.java:1177)
        at java.base@21.0.8/java.util.concurrent.ScheduledThreadPoolExecutor$DelayedWorkQueue.take(ScheduledThreadPoolExecutor.java:899)
        at java.base@21.0.8/java.util.concurrent.ThreadPoolExecutor.getTask(ThreadPoolExecutor.java:1070)
        at java.base@21.0.8/java.util.concurrent.ThreadPoolExecutor.runWorker(ThreadPoolExecutor.java:1130)
        at java.base@21.0.8/java.util.concurrent.ThreadPoolExecutor$Worker.run(ThreadPoolExecutor.java:642)
        at java.base@21.0.8/java.lang.Thread.runWith(Thread.java:1596)
        at java.base@21.0.8/java.lang.Thread.run(Thread.java:1583)
"IPC Server handler 18 on default port 15000" daemon prio=5 tid=139 timed_waiting
java.lang.Thread.State: TIMED_WAITING
        at java.base@21.0.8/jdk.internal.misc.Unsafe.park(Native Method)
        at java.base@21.0.8/java.util.concurrent.locks.LockSupport.parkNanos(LockSupport.java:269)
        at java.base@21.0.8/java.util.concurrent.locks.AbstractQueuedSynchronizer$ConditionObject.awaitNanos(AbstractQueuedSynchronizer.java:1763)
        at java.base@21.0.8/java.util.concurrent.LinkedBlockingQueue.poll(LinkedBlockingQueue.java:460)
        at app//org.apache.hadoop.ipc.CallQueueManager.take(CallQueueManager.java:370)
        at app//org.apache.hadoop.ipc.Server$Handler.run(Server.java:3165)
"18da7ee6-49f7-45ee-8090-861a49f32d36-ChunkWriter-0-0" daemon prio=5 tid=800 in Object.wait()
java.lang.Thread.State: WAITING (on object monitor)
        at java.base@21.0.8/jdk.internal.misc.Unsafe.park(Native Method)
        at java.base@21.0.8/java.util.concurrent.locks.LockSupport.park(LockSupport.java:371)
        at java.base@21.0.8/java.util.concurrent.locks.AbstractQueuedSynchronizer$ConditionNode.block(AbstractQueuedSynchronizer.java:519)
        at java.base@21.0.8/java.util.concurrent.ForkJoinPool.unmanagedBlock(ForkJoinPool.java:3780)
        at java.base@21.0.8/java.util.concurrent.ForkJoinPool.managedBlock(ForkJoinPool.java:3725)
        at java.base@21.0.8/java.util.concurrent.locks.AbstractQueuedSynchronizer$ConditionObject.await(AbstractQueuedSynchronizer.java:1712)
        at java.base@21.0.8/java.util.concurrent.LinkedBlockingDeque.takeFirst(LinkedBlockingDeque.java:485)
        at java.base@21.0.8/java.util.concurrent.LinkedBlockingDeque.take(LinkedBlockingDeque.java:673)
        at java.base@21.0.8/java.util.concurrent.ThreadPoolExecutor.getTask(ThreadPoolExecutor.java:1070)
        at java.base@21.0.8/java.util.concurrent.ThreadPoolExecutor.runWorker(ThreadPoolExecutor.java:1130)
        at java.base@21.0.8/java.util.concurrent.ThreadPoolExecutor$Worker.run(ThreadPoolExecutor.java:642)
        at java.base@21.0.8/java.lang.Thread.runWith(Thread.java:1596)
        at java.base@21.0.8/java.lang.Thread.run(Thread.java:1583)
"ContainerMetadataScanner" daemon prio=5 tid=838 timed_waiting
java.lang.Thread.State: TIMED_WAITING
        at java.base@21.0.8/java.lang.Thread.sleep0(Native Method)
        at java.base@21.0.8/java.lang.Thread.sleep(Thread.java:509)
        at app//org.apache.hadoop.ozone.container.ozoneimpl.AbstractBackgroundContainerScanner.handleRemainingSleep(AbstractBackgroundContainerScanner.java:133)
        at app//org.apache.hadoop.ozone.container.ozoneimpl.AbstractBackgroundContainerScanner.runIteration(AbstractBackgroundContainerScanner.java:100)
        at app//org.apache.hadoop.ozone.container.ozoneimpl.AbstractBackgroundContainerScanner.run(AbstractBackgroundContainerScanner.java:59)
        at java.base@21.0.8/java.lang.Thread.runWith(Thread.java:1596)
        at java.base@21.0.8/java.lang.Thread.run(Thread.java:1583)
"IPC Server handler 29 on default port 15000" daemon prio=5 tid=150 timed_waiting
java.lang.Thread.State: TIMED_WAITING
        at java.base@21.0.8/jdk.internal.misc.Unsafe.park(Native Method)
        at java.base@21.0.8/java.util.concurrent.locks.LockSupport.parkNanos(LockSupport.java:269)
        at java.base@21.0.8/java.util.concurrent.locks.AbstractQueuedSynchronizer$ConditionObject.awaitNanos(AbstractQueuedSynchronizer.java:1763)
        at java.base@21.0.8/java.util.concurrent.LinkedBlockingQueue.poll(LinkedBlockingQueue.java:460)
        at app//org.apache.hadoop.ipc.CallQueueManager.take(CallQueueManager.java:370)
        at app//org.apache.hadoop.ipc.Server$Handler.run(Server.java:3165)
"Socket Reader #3 for port 15019" daemon prio=5 tid=578 runnable
java.lang.Thread.State: RUNNABLE
        at java.base@21.0.8/sun.nio.ch.EPoll.wait(Native Method)
        at java.base@21.0.8/sun.nio.ch.EPollSelectorImpl.doSelect(EPollSelectorImpl.java:121)
        at java.base@21.0.8/sun.nio.ch.SelectorImpl.lockAndDoSelect(SelectorImpl.java:130)
        at java.base@21.0.8/sun.nio.ch.SelectorImpl.select(SelectorImpl.java:147)
        at app//org.apache.hadoop.ipc.Server$Listener$Reader.doRunLoop(Server.java:1497)
        at app//org.apache.hadoop.ipc.Server$Listener$Reader.run(Server.java:1476)
"Socket Reader #6 for port 15002" daemon prio=5 tid=68 runnable
java.lang.Thread.State: RUNNABLE
        at java.base@21.0.8/sun.nio.ch.EPoll.wait(Native Method)
        at java.base@21.0.8/sun.nio.ch.EPollSelectorImpl.doSelect(EPollSelectorImpl.java:121)
        at java.base@21.0.8/sun.nio.ch.SelectorImpl.lockAndDoSelect(SelectorImpl.java:130)
        at java.base@21.0.8/sun.nio.ch.SelectorImpl.select(SelectorImpl.java:147)
        at app//org.apache.hadoop.ipc.Server$Listener$Reader.doRunLoop(Server.java:1497)
        at app//org.apache.hadoop.ipc.Server$Listener$Reader.run(Server.java:1476)
"Socket Reader #9 for port 15001" daemon prio=5 tid=85 runnable
java.lang.Thread.State: RUNNABLE
        at java.base@21.0.8/sun.nio.ch.EPoll.wait(Native Method)
        at java.base@21.0.8/sun.nio.ch.EPollSelectorImpl.doSelect(EPollSelectorImpl.java:121)
        at java.base@21.0.8/sun.nio.ch.SelectorImpl.lockAndDoSelect(SelectorImpl.java:130)
        at java.base@21.0.8/sun.nio.ch.SelectorImpl.select(SelectorImpl.java:147)
        at app//org.apache.hadoop.ipc.Server$Listener$Reader.doRunLoop(Server.java:1497)
        at app//org.apache.hadoop.ipc.Server$Listener$Reader.run(Server.java:1476)
"SCMHeartbeatProcessor-0" daemon prio=5 tid=54 timed_waiting
java.lang.Thread.State: TIMED_WAITING
        at java.base@21.0.8/jdk.internal.misc.Unsafe.park(Native Method)
        at java.base@21.0.8/java.util.concurrent.locks.LockSupport.parkNanos(LockSupport.java:269)
        at java.base@21.0.8/java.util.concurrent.locks.AbstractQueuedSynchronizer$ConditionObject.awaitNanos(AbstractQueuedSynchronizer.java:1763)
        at java.base@21.0.8/java.util.concurrent.ScheduledThreadPoolExecutor$DelayedWorkQueue.take(ScheduledThreadPoolExecutor.java:1182)
        at java.base@21.0.8/java.util.concurrent.ScheduledThreadPoolExecutor$DelayedWorkQueue.take(ScheduledThreadPoolExecutor.java:899)
        at java.base@21.0.8/java.util.concurrent.ThreadPoolExecutor.getTask(ThreadPoolExecutor.java:1070)
        at java.base@21.0.8/java.util.concurrent.ThreadPoolExecutor.runWorker(ThreadPoolExecutor.java:1130)
        at java.base@21.0.8/java.util.concurrent.ThreadPoolExecutor$Worker.run(ThreadPoolExecutor.java:642)
        at java.base@21.0.8/java.lang.Thread.runWith(Thread.java:1596)
        at java.base@21.0.8/java.lang.Thread.run(Thread.java:1583)
"FixedThreadPoolWithAffinityExecutor-6-0" daemon prio=5 tid=110 timed_waiting
java.lang.Thread.State: TIMED_WAITING
        at java.base@21.0.8/jdk.internal.misc.Unsafe.park(Native Method)
        at java.base@21.0.8/java.util.concurrent.locks.LockSupport.parkNanos(LockSupport.java:269)
        at java.base@21.0.8/java.util.concurrent.locks.AbstractQueuedSynchronizer$ConditionObject.awaitNanos(AbstractQueuedSynchronizer.java:1763)
        at java.base@21.0.8/java.util.concurrent.LinkedBlockingQueue.poll(LinkedBlockingQueue.java:460)
        at app//org.apache.hadoop.hdds.scm.server.ContainerReportQueue.poll(ContainerReportQueue.java:269)
        at app//org.apache.hadoop.hdds.scm.server.ContainerReportQueue.poll(ContainerReportQueue.java:42)
        at app//org.apache.hadoop.hdds.server.events.FixedThreadPoolWithAffinityExecutor$ContainerReportProcessTask.run(FixedThreadPoolWithAffinityExecutor.java:228)
        at java.base@21.0.8/java.util.concurrent.Executors$RunnableAdapter.call(Executors.java:572)
        at java.base@21.0.8/java.util.concurrent.FutureTask.run(FutureTask.java:317)
        at java.base@21.0.8/java.util.concurrent.ThreadPoolExecutor.runWorker(ThreadPoolExecutor.java:1144)
        at java.base@21.0.8/java.util.concurrent.ThreadPoolExecutor$Worker.run(ThreadPoolExecutor.java:642)
        at java.base@21.0.8/java.lang.Thread.runWith(Thread.java:1596)
        at java.base@21.0.8/java.lang.Thread.run(Thread.java:1583)
"IPC Client (483109940) connection to 0.0.0.0/0.0.0.0:15000 from runner" daemon prio=5 tid=1013 timed_waiting
java.lang.Thread.State: TIMED_WAITING
        at java.base@21.0.8/java.lang.Object.wait0(Native Method)
        at java.base@21.0.8/java.lang.Object.wait(Object.java:366)
        at app//org.apache.hadoop.ipc.Client$Connection.waitForWork(Client.java:1042)
        at app//org.apache.hadoop.ipc.Client$Connection.run(Client.java:1093)
"IPC Server handler 18 on default port 15001" daemon prio=5 tid=239 timed_waiting
java.lang.Thread.State: TIMED_WAITING
        at java.base@21.0.8/jdk.internal.misc.Unsafe.park(Native Method)
        at java.base@21.0.8/java.util.concurrent.locks.LockSupport.parkNanos(LockSupport.java:269)
        at java.base@21.0.8/java.util.concurrent.locks.AbstractQueuedSynchronizer$ConditionObject.awaitNanos(AbstractQueuedSynchronizer.java:1763)
        at java.base@21.0.8/java.util.concurrent.LinkedBlockingQueue.poll(LinkedBlockingQueue.java:460)
        at app//org.apache.hadoop.ipc.CallQueueManager.take(CallQueueManager.java:370)
        at app//org.apache.hadoop.ipc.Server$Handler.run(Server.java:3165)
"IPC Server handler 16 on default port 15001" daemon prio=5 tid=237 timed_waiting
java.lang.Thread.State: TIMED_WAITING
        at java.base@21.0.8/jdk.internal.misc.Unsafe.park(Native Method)
        at java.base@21.0.8/java.util.concurrent.locks.LockSupport.parkNanos(LockSupport.java:269)
        at java.base@21.0.8/java.util.concurrent.locks.AbstractQueuedSynchronizer$ConditionObject.awaitNanos(AbstractQueuedSynchronizer.java:1763)
        at java.base@21.0.8/java.util.concurrent.LinkedBlockingQueue.poll(LinkedBlockingQueue.java:460)
        at app//org.apache.hadoop.ipc.CallQueueManager.take(CallQueueManager.java:370)
        at app//org.apache.hadoop.ipc.Server$Handler.run(Server.java:3165)
"25d9f169-1c9e-47c6-a2a2-d20fb3c5fda2-ChunkWriter-2-0" daemon prio=5 tid=821 in Object.wait()
java.lang.Thread.State: WAITING (on object monitor)
        at java.base@21.0.8/jdk.internal.misc.Unsafe.park(Native Method)
        at java.base@21.0.8/java.util.concurrent.locks.LockSupport.park(LockSupport.java:371)
        at java.base@21.0.8/java.util.concurrent.locks.AbstractQueuedSynchronizer$ConditionNode.block(AbstractQueuedSynchronizer.java:519)
        at java.base@21.0.8/java.util.concurrent.ForkJoinPool.unmanagedBlock(ForkJoinPool.java:3780)
        at java.base@21.0.8/java.util.concurrent.ForkJoinPool.managedBlock(ForkJoinPool.java:3725)
        at java.base@21.0.8/java.util.concurrent.locks.AbstractQueuedSynchronizer$ConditionObject.await(AbstractQueuedSynchronizer.java:1712)
        at java.base@21.0.8/java.util.concurrent.LinkedBlockingDeque.takeFirst(LinkedBlockingDeque.java:485)
        at java.base@21.0.8/java.util.concurrent.LinkedBlockingDeque.take(LinkedBlockingDeque.java:673)
        at java.base@21.0.8/java.util.concurrent.ThreadPoolExecutor.getTask(ThreadPoolExecutor.java:1070)
        at java.base@21.0.8/java.util.concurrent.ThreadPoolExecutor.runWorker(ThreadPoolExecutor.java:1130)
        at java.base@21.0.8/java.util.concurrent.ThreadPoolExecutor$Worker.run(ThreadPoolExecutor.java:642)
        at java.base@21.0.8/java.lang.Thread.runWith(Thread.java:1596)
        at java.base@21.0.8/java.lang.Thread.run(Thread.java:1583)
"EventQueue-ContainerRegistrationReportForECContainerSafeModeRule" daemon prio=5 tid=756 in Object.wait()
java.lang.Thread.State: WAITING (on object monitor)
        at java.base@21.0.8/jdk.internal.misc.Unsafe.park(Native Method)
        at java.base@21.0.8/java.util.concurrent.locks.LockSupport.park(LockSupport.java:371)
        at java.base@21.0.8/java.util.concurrent.locks.AbstractQueuedSynchronizer$ConditionNode.block(AbstractQueuedSynchronizer.java:519)
        at java.base@21.0.8/java.util.concurrent.ForkJoinPool.unmanagedBlock(ForkJoinPool.java:3780)
        at java.base@21.0.8/java.util.concurrent.ForkJoinPool.managedBlock(ForkJoinPool.java:3725)
        at java.base@21.0.8/java.util.concurrent.locks.AbstractQueuedSynchronizer$ConditionObject.await(AbstractQueuedSynchronizer.java:1712)
        at java.base@21.0.8/java.util.concurrent.LinkedBlockingQueue.take(LinkedBlockingQueue.java:435)
        at java.base@21.0.8/java.util.concurrent.ThreadPoolExecutor.getTask(ThreadPoolExecutor.java:1070)
        at java.base@21.0.8/java.util.concurrent.ThreadPoolExecutor.runWorker(ThreadPoolExecutor.java:1130)
        at java.base@21.0.8/java.util.concurrent.ThreadPoolExecutor$Worker.run(ThreadPoolExecutor.java:642)
        at java.base@21.0.8/java.lang.Thread.runWith(Thread.java:1596)
        at java.base@21.0.8/java.lang.Thread.run(Thread.java:1583)
"IPC Server handler 12 on default port 15002" daemon prio=5 tid=351 timed_waiting
java.lang.Thread.State: TIMED_WAITING
        at java.base@21.0.8/jdk.internal.misc.Unsafe.park(Native Method)
        at java.base@21.0.8/java.util.concurrent.locks.LockSupport.parkNanos(LockSupport.java:269)
        at java.base@21.0.8/java.util.concurrent.locks.AbstractQueuedSynchronizer$ConditionObject.awaitNanos(AbstractQueuedSynchronizer.java:1763)
        at java.base@21.0.8/java.util.concurrent.LinkedBlockingQueue.poll(LinkedBlockingQueue.java:460)
        at app//org.apache.hadoop.ipc.CallQueueManager.take(CallQueueManager.java:370)
        at app//org.apache.hadoop.ipc.Server$Handler.run(Server.java:3165)
"Socket Reader #3 for port 15043" daemon prio=5 tid=764 runnable
java.lang.Thread.State: RUNNABLE
        at java.base@21.0.8/sun.nio.ch.EPoll.wait(Native Method)
        at java.base@21.0.8/sun.nio.ch.EPollSelectorImpl.doSelect(EPollSelectorImpl.java:121)
        at java.base@21.0.8/sun.nio.ch.SelectorImpl.lockAndDoSelect(SelectorImpl.java:130)
        at java.base@21.0.8/sun.nio.ch.SelectorImpl.select(SelectorImpl.java:147)
        at app//org.apache.hadoop.ipc.Server$Listener$Reader.doRunLoop(Server.java:1497)
        at app//org.apache.hadoop.ipc.Server$Listener$Reader.run(Server.java:1476)
"07f651f6-8f87-47bb-8f69-34e194401a37@group-1629492F36A3-cacheEviction-AwaitToRun" daemon prio=5 tid=114 in Object.wait()
java.lang.Thread.State: WAITING (on object monitor)
        at java.base@21.0.8/jdk.internal.misc.Unsafe.park(Native Method)
        at java.base@21.0.8/java.util.concurrent.locks.LockSupport.park(LockSupport.java:371)
        at java.base@21.0.8/java.util.concurrent.locks.AbstractQueuedSynchronizer$ConditionNode.block(AbstractQueuedSynchronizer.java:519)
        at java.base@21.0.8/java.util.concurrent.ForkJoinPool.unmanagedBlock(ForkJoinPool.java:3780)
        at java.base@21.0.8/java.util.concurrent.ForkJoinPool.managedBlock(ForkJoinPool.java:3725)
        at java.base@21.0.8/java.util.concurrent.locks.AbstractQueuedSynchronizer$ConditionObject.await(AbstractQueuedSynchronizer.java:1712)
        at app//org.apache.ratis.util.AwaitForSignal.await(AwaitForSignal.java:48)
        at app//org.apache.ratis.util.AwaitToRun$RunnableImpl.run(AwaitToRun.java:47)
        at java.base@21.0.8/java.lang.Thread.runWith(Thread.java:1596)
        at java.base@21.0.8/java.lang.Thread.run(Thread.java:1583)
"Socket Reader #7 for port 15002" daemon prio=5 tid=69 runnable
java.lang.Thread.State: RUNNABLE
        at java.base@21.0.8/sun.nio.ch.EPoll.wait(Native Method)
        at java.base@21.0.8/sun.nio.ch.EPollSelectorImpl.doSelect(EPollSelectorImpl.java:121)
        at java.base@21.0.8/sun.nio.ch.SelectorImpl.lockAndDoSelect(SelectorImpl.java:130)
        at java.base@21.0.8/sun.nio.ch.SelectorImpl.select(SelectorImpl.java:147)
        at app//org.apache.hadoop.ipc.Server$Listener$Reader.doRunLoop(Server.java:1497)
        at app//org.apache.hadoop.ipc.Server$Listener$Reader.run(Server.java:1476)
"d3e19d45-0b2b-4921-9b28-39a5e9747ac8@group-3551B3BB1E56-LeaderStateImpl" daemon prio=5 tid=973 timed_waiting
java.lang.Thread.State: TIMED_WAITING
        at java.base@21.0.8/jdk.internal.misc.Unsafe.park(Native Method)
        at java.base@21.0.8/java.util.concurrent.locks.LockSupport.parkNanos(LockSupport.java:269)
        at java.base@21.0.8/java.util.concurrent.locks.AbstractQueuedSynchronizer$ConditionObject.awaitNanos(AbstractQueuedSynchronizer.java:1763)
        at java.base@21.0.8/java.util.concurrent.ArrayBlockingQueue.poll(ArrayBlockingQueue.java:435)
        at app//org.apache.ratis.server.impl.LeaderStateImpl$EventQueue.poll(LeaderStateImpl.java:168)
        at app//org.apache.ratis.server.impl.LeaderStateImpl$EventProcessor.run(LeaderStateImpl.java:761)
"qtp99667716-747" daemon prio=5 tid=747 timed_waiting
java.lang.Thread.State: TIMED_WAITING
        at java.base@21.0.8/jdk.internal.misc.Unsafe.park(Native Method)
        at java.base@21.0.8/java.util.concurrent.locks.LockSupport.parkNanos(LockSupport.java:269)
        at java.base@21.0.8/java.util.concurrent.locks.AbstractQueuedSynchronizer$ConditionObject.awaitNanos(AbstractQueuedSynchronizer.java:1763)
        at app//org.eclipse.jetty.util.BlockingArrayQueue.poll(BlockingArrayQueue.java:382)
        at app//org.eclipse.jetty.util.thread.QueuedThreadPool$Runner.idleJobPoll(QueuedThreadPool.java:974)
        at app//org.eclipse.jetty.util.thread.QueuedThreadPool$Runner.run(QueuedThreadPool.java:1018)
        at java.base@21.0.8/java.lang.Thread.runWith(Thread.java:1596)
        at java.base@21.0.8/java.lang.Thread.run(Thread.java:1583)
"IPC Server handler 4 on default port 15035" daemon prio=5 tid=709 timed_waiting
java.lang.Thread.State: TIMED_WAITING
        at java.base@21.0.8/jdk.internal.misc.Unsafe.park(Native Method)
        at java.base@21.0.8/java.util.concurrent.locks.LockSupport.parkNanos(LockSupport.java:269)
        at java.base@21.0.8/java.util.concurrent.locks.AbstractQueuedSynchronizer$ConditionObject.awaitNanos(AbstractQueuedSynchronizer.java:1763)
        at java.base@21.0.8/java.util.concurrent.LinkedBlockingQueue.poll(LinkedBlockingQueue.java:460)
        at app//org.apache.hadoop.ipc.CallQueueManager.take(CallQueueManager.java:370)
        at app//org.apache.hadoop.ipc.Server$Handler.run(Server.java:3165)
"IPC Server handler 9 on default port 15043" daemon prio=5 tid=789 timed_waiting
java.lang.Thread.State: TIMED_WAITING
        at java.base@21.0.8/jdk.internal.misc.Unsafe.park(Native Method)
        at java.base@21.0.8/java.util.concurrent.locks.LockSupport.parkNanos(LockSupport.java:269)
        at java.base@21.0.8/java.util.concurrent.locks.AbstractQueuedSynchronizer$ConditionObject.awaitNanos(AbstractQueuedSynchronizer.java:1763)
        at java.base@21.0.8/java.util.concurrent.LinkedBlockingQueue.poll(LinkedBlockingQueue.java:460)
        at app//org.apache.hadoop.ipc.CallQueueManager.take(CallQueueManager.java:370)
        at app//org.apache.hadoop.ipc.Server$Handler.run(Server.java:3165)
"07f651f6-8f87-47bb-8f69-34e194401a37-impl-thread1" daemon prio=5 tid=52 timed_waiting
java.lang.Thread.State: TIMED_WAITING
        at java.base@21.0.8/jdk.internal.misc.Unsafe.park(Native Method)
        at java.base@21.0.8/java.util.concurrent.locks.LockSupport.parkNanos(LockSupport.java:410)
        at java.base@21.0.8/java.util.concurrent.LinkedTransferQueue$DualNode.await(LinkedTransferQueue.java:452)
        at java.base@21.0.8/java.util.concurrent.SynchronousQueue$Transferer.xferLifo(SynchronousQueue.java:194)
        at java.base@21.0.8/java.util.concurrent.SynchronousQueue.xfer(SynchronousQueue.java:235)
        at java.base@21.0.8/java.util.concurrent.SynchronousQueue.poll(SynchronousQueue.java:338)
        at java.base@21.0.8/java.util.concurrent.ThreadPoolExecutor.getTask(ThreadPoolExecutor.java:1069)
        at java.base@21.0.8/java.util.concurrent.ThreadPoolExecutor.runWorker(ThreadPoolExecutor.java:1130)
        at java.base@21.0.8/java.util.concurrent.ThreadPoolExecutor$Worker.run(ThreadPoolExecutor.java:642)
        at java.base@21.0.8/java.lang.Thread.runWith(Thread.java:1596)
        at java.base@21.0.8/java.lang.Thread.run(Thread.java:1583)
"IPC Server handler 12 on default port 15000" daemon prio=5 tid=133 timed_waiting
java.lang.Thread.State: TIMED_WAITING
        at java.base@21.0.8/jdk.internal.misc.Unsafe.park(Native Method)
        at java.base@21.0.8/java.util.concurrent.locks.LockSupport.parkNanos(LockSupport.java:269)
        at java.base@21.0.8/java.util.concurrent.locks.AbstractQueuedSynchronizer$ConditionObject.awaitNanos(AbstractQueuedSynchronizer.java:1763)
        at java.base@21.0.8/java.util.concurrent.LinkedBlockingQueue.poll(LinkedBlockingQueue.java:460)
        at app//org.apache.hadoop.ipc.CallQueueManager.take(CallQueueManager.java:370)
        at app//org.apache.hadoop.ipc.Server$Handler.run(Server.java:3165)
"18da7ee6-49f7-45ee-8090-861a49f32d36-CommandProcessorThread" daemon prio=5 tid=652 timed_waiting
java.lang.Thread.State: TIMED_WAITING
        at java.base@21.0.8/java.lang.Thread.sleep0(Native Method)
        at java.base@21.0.8/java.lang.Thread.sleep(Thread.java:509)
        at app//org.apache.hadoop.ozone.container.common.statemachine.DatanodeStateMachine.lambda$initCommandHandlerThread$4(DatanodeStateMachine.java:698)
        at app//org.apache.hadoop.ozone.container.common.statemachine.DatanodeStateMachine$$Lambda/0x00007fd1ac884310.run(Unknown Source)
        at java.base@21.0.8/java.lang.Thread.runWith(Thread.java:1596)
        at java.base@21.0.8/java.lang.Thread.run(Thread.java:1583)
"FixedThreadPoolWithAffinityExecutor-9-0" daemon prio=5 tid=113 timed_waiting
java.lang.Thread.State: TIMED_WAITING
        at java.base@21.0.8/jdk.internal.misc.Unsafe.park(Native Method)
        at java.base@21.0.8/java.util.concurrent.locks.LockSupport.parkNanos(LockSupport.java:269)
        at java.base@21.0.8/java.util.concurrent.locks.AbstractQueuedSynchronizer$ConditionObject.awaitNanos(AbstractQueuedSynchronizer.java:1763)
        at java.base@21.0.8/java.util.concurrent.LinkedBlockingQueue.poll(LinkedBlockingQueue.java:460)
        at app//org.apache.hadoop.hdds.scm.server.ContainerReportQueue.poll(ContainerReportQueue.java:269)
        at app//org.apache.hadoop.hdds.scm.server.ContainerReportQueue.poll(ContainerReportQueue.java:42)
        at app//org.apache.hadoop.hdds.server.events.FixedThreadPoolWithAffinityExecutor$ContainerReportProcessTask.run(FixedThreadPoolWithAffinityExecutor.java:228)
        at java.base@21.0.8/java.util.concurrent.Executors$RunnableAdapter.call(Executors.java:572)
        at java.base@21.0.8/java.util.concurrent.FutureTask.run(FutureTask.java:317)
        at java.base@21.0.8/java.util.concurrent.ThreadPoolExecutor.runWorker(ThreadPoolExecutor.java:1144)
        at java.base@21.0.8/java.util.concurrent.ThreadPoolExecutor$Worker.run(ThreadPoolExecutor.java:642)
        at java.base@21.0.8/java.lang.Thread.runWith(Thread.java:1596)
        at java.base@21.0.8/java.lang.Thread.run(Thread.java:1583)
"grpc-default-executor-2" daemon prio=5 tid=986 timed_waiting
java.lang.Thread.State: TIMED_WAITING
        at java.base@21.0.8/jdk.internal.misc.Unsafe.park(Native Method)
        at java.base@21.0.8/java.util.concurrent.locks.LockSupport.parkNanos(LockSupport.java:410)
        at java.base@21.0.8/java.util.concurrent.LinkedTransferQueue$DualNode.await(LinkedTransferQueue.java:452)
        at java.base@21.0.8/java.util.concurrent.SynchronousQueue$Transferer.xferLifo(SynchronousQueue.java:194)
        at java.base@21.0.8/java.util.concurrent.SynchronousQueue.xfer(SynchronousQueue.java:235)
        at java.base@21.0.8/java.util.concurrent.SynchronousQueue.poll(SynchronousQueue.java:338)
        at java.base@21.0.8/java.util.concurrent.ThreadPoolExecutor.getTask(ThreadPoolExecutor.java:1069)
        at java.base@21.0.8/java.util.concurrent.ThreadPoolExecutor.runWorker(ThreadPoolExecutor.java:1130)
        at java.base@21.0.8/java.util.concurrent.ThreadPoolExecutor$Worker.run(ThreadPoolExecutor.java:642)
        at java.base@21.0.8/java.lang.Thread.runWith(Thread.java:1596)
        at java.base@21.0.8/java.lang.Thread.run(Thread.java:1583)
"d3e19d45-0b2b-4921-9b28-39a5e9747ac8-NettyServerStreamRpc-bossGroup--thread1" daemon prio=5 tid=729 runnable
java.lang.Thread.State: RUNNABLE
        at app//org.apache.ratis.thirdparty.io.netty.channel.epoll.Native.epollWait(Native Method)
        at app//org.apache.ratis.thirdparty.io.netty.channel.epoll.Native.epollWait(Native.java:220)
        at app//org.apache.ratis.thirdparty.io.netty.channel.epoll.Native.epollWait(Native.java:213)
        at app//org.apache.ratis.thirdparty.io.netty.channel.epoll.EpollEventLoop.epollWaitNoTimerChange(EpollEventLoop.java:308)
        at app//org.apache.ratis.thirdparty.io.netty.channel.epoll.EpollEventLoop.run(EpollEventLoop.java:365)
        at app//org.apache.ratis.thirdparty.io.netty.util.concurrent.SingleThreadEventExecutor$4.run(SingleThreadEventExecutor.java:998)
        at app//org.apache.ratis.thirdparty.io.netty.util.internal.ThreadExecutorMap$2.run(ThreadExecutorMap.java:74)
        at java.base@21.0.8/java.lang.Thread.runWith(Thread.java:1596)
        at java.base@21.0.8/java.lang.Thread.run(Thread.java:1583)
"pool-208-thread-1"  prio=5 tid=743 timed_waiting
java.lang.Thread.State: TIMED_WAITING
        at java.base@21.0.8/jdk.internal.misc.Unsafe.park(Native Method)
        at java.base@21.0.8/java.util.concurrent.locks.LockSupport.parkNanos(LockSupport.java:269)
        at java.base@21.0.8/java.util.concurrent.locks.AbstractQueuedSynchronizer$ConditionObject.awaitNanos(AbstractQueuedSynchronizer.java:1763)
        at java.base@21.0.8/java.util.concurrent.ScheduledThreadPoolExecutor$DelayedWorkQueue.take(ScheduledThreadPoolExecutor.java:1182)
        at java.base@21.0.8/java.util.concurrent.ScheduledThreadPoolExecutor$DelayedWorkQueue.take(ScheduledThreadPoolExecutor.java:899)
        at java.base@21.0.8/java.util.concurrent.ThreadPoolExecutor.getTask(ThreadPoolExecutor.java:1070)
        at java.base@21.0.8/java.util.concurrent.ThreadPoolExecutor.runWorker(ThreadPoolExecutor.java:1130)
        at java.base@21.0.8/java.util.concurrent.ThreadPoolExecutor$Worker.run(ThreadPoolExecutor.java:642)
        at java.base@21.0.8/java.lang.Thread.runWith(Thread.java:1596)
        at java.base@21.0.8/java.lang.Thread.run(Thread.java:1583)
"IPC Server handler 15 on default port 15006" daemon prio=5 tid=507 timed_waiting
java.lang.Thread.State: TIMED_WAITING
        at java.base@21.0.8/jdk.internal.misc.Unsafe.park(Native Method)
        at java.base@21.0.8/java.util.concurrent.locks.LockSupport.parkNanos(LockSupport.java:269)
        at java.base@21.0.8/java.util.concurrent.locks.AbstractQueuedSynchronizer$ConditionObject.awaitNanos(AbstractQueuedSynchronizer.java:1763)
        at java.base@21.0.8/java.util.concurrent.LinkedBlockingQueue.poll(LinkedBlockingQueue.java:460)
        at app//org.apache.hadoop.ipc.CallQueueManager.take(CallQueueManager.java:370)
        at app//org.apache.hadoop.ipc.Server$Handler.run(Server.java:3165)
"IPC Server handler 63 on default port 15000" daemon prio=5 tid=184 timed_waiting
java.lang.Thread.State: TIMED_WAITING
        at java.base@21.0.8/jdk.internal.misc.Unsafe.park(Native Method)
        at java.base@21.0.8/java.util.concurrent.locks.LockSupport.parkNanos(LockSupport.java:269)
        at java.base@21.0.8/java.util.concurrent.locks.AbstractQueuedSynchronizer$ConditionObject.awaitNanos(AbstractQueuedSynchronizer.java:1763)
        at java.base@21.0.8/java.util.concurrent.LinkedBlockingQueue.poll(LinkedBlockingQueue.java:460)
        at app//org.apache.hadoop.ipc.CallQueueManager.take(CallQueueManager.java:370)
        at app//org.apache.hadoop.ipc.Server$Handler.run(Server.java:3165)
"IPC Server handler 33 on default port 15002" daemon prio=5 tid=372 timed_waiting
java.lang.Thread.State: TIMED_WAITING
        at java.base@21.0.8/jdk.internal.misc.Unsafe.park(Native Method)
        at java.base@21.0.8/java.util.concurrent.locks.LockSupport.parkNanos(LockSupport.java:269)
        at java.base@21.0.8/java.util.concurrent.locks.AbstractQueuedSynchronizer$ConditionObject.awaitNanos(AbstractQueuedSynchronizer.java:1763)
        at java.base@21.0.8/java.util.concurrent.LinkedBlockingQueue.poll(LinkedBlockingQueue.java:460)
        at app//org.apache.hadoop.ipc.CallQueueManager.take(CallQueueManager.java:370)
        at app//org.apache.hadoop.ipc.Server$Handler.run(Server.java:3165)


	at org.apache.ozone.test.GenericTestUtils.waitFor(GenericTestUtils.java:116)
	at org.apache.hadoop.hdds.scm.node.TestQueryNode.testStaleNodesCount(TestQueryNode.java:86)
	at java.base/java.lang.reflect.Method.invoke(Method.java:580)
	at java.base/java.util.concurrent.ForkJoinTask.doExec(ForkJoinTask.java:387)
	at java.base/java.util.concurrent.ForkJoinPool$WorkQueue.topLevelExec(ForkJoinPool.java:1312)
	at java.base/java.util.concurrent.ForkJoinPool.scan(ForkJoinPool.java:1843)
	at java.base/java.util.concurrent.ForkJoinPool.runWorker(ForkJoinPool.java:1808)
	at java.base/java.util.concurrent.ForkJoinWorkerThread.run(ForkJoinWorkerThread.java:188)
]]></error>
    <system-out><![CDATA[2025-09-27 09:19:32,821 [ForkJoinPool-1-worker-1] INFO  reflections.Reflections (Reflections.java:scan(219)) - Reflections took 170 ms to scan 7 urls, producing 168 keys and 381 values
2025-09-27 09:19:32,972 [ForkJoinPool-1-worker-1] INFO  ha.SCMHANodeDetails (SCMHANodeDetails.java:loadSCMHAConfig(162)) - ServiceID for StorageContainerManager is null
2025-09-27 09:19:32,973 [ForkJoinPool-1-worker-1] INFO  ha.SCMHANodeDetails (SCMHANodeDetails.java:loadSCMHAConfig(166)) - ozone.scm.default.service.id is not defined, falling back to ozone.scm.service.ids to find serviceID for StorageContainerManager if it is HA enabled cluster
2025-09-27 09:19:33,131 [ForkJoinPool-1-worker-1] INFO  server.RaftServerConfigKeys (ConfUtils.java:logGet(62)) - raft.server.log.appender.buffer.byte-limit = 4194304 (custom)
2025-09-27 09:19:33,154 [ForkJoinPool-1-worker-1] INFO  server.RaftServer (ConfUtils.java:logGet(62)) - raft.rpc.type = GRPC (default)
2025-09-27 09:19:33,209 [ForkJoinPool-1-worker-1] INFO  grpc.GrpcConfigKeys (ConfUtils.java:logFallback(69)) - raft.grpc.admin.host = null (fallback to raft.grpc.server.host)
2025-09-27 09:19:33,210 [ForkJoinPool-1-worker-1] INFO  grpc.GrpcConfigKeys (ConfUtils.java:logFallback(69)) - raft.grpc.admin.port = 15004 (fallback to raft.grpc.server.port)
2025-09-27 09:19:33,210 [ForkJoinPool-1-worker-1] INFO  grpc.GrpcConfigKeys (ConfUtils.java:logFallback(69)) - raft.grpc.client.host = null (fallback to raft.grpc.server.host)
2025-09-27 09:19:33,210 [ForkJoinPool-1-worker-1] INFO  grpc.GrpcConfigKeys (ConfUtils.java:logFallback(69)) - raft.grpc.client.port = 15004 (fallback to raft.grpc.server.port)
2025-09-27 09:19:33,211 [ForkJoinPool-1-worker-1] INFO  grpc.GrpcConfigKeys (ConfUtils.java:logGet(62)) - raft.grpc.server.port = 15004 (custom)
2025-09-27 09:19:33,211 [ForkJoinPool-1-worker-1] INFO  server.GrpcServicesImpl (ConfUtils.java:logGet(62)) - raft.grpc.message.size.max = 5242880 (custom)
2025-09-27 09:19:33,212 [ForkJoinPool-1-worker-1] INFO  server.GrpcServicesImpl (ConfUtils.java:logGet(62)) - raft.grpc.flow.control.window = 1MB (=1048576) (default)
2025-09-27 09:19:33,212 [ForkJoinPool-1-worker-1] INFO  server.RaftServerConfigKeys (ConfUtils.java:logGet(62)) - raft.server.rpc.request.timeout = 30000ms (custom)
2025-09-27 09:19:33,216 [ForkJoinPool-1-worker-1] INFO  grpc.GrpcConfigKeys (ConfUtils.java:logGet(62)) - raft.grpc.server.heartbeat.channel = true (default)
2025-09-27 09:19:33,216 [ForkJoinPool-1-worker-1] INFO  server.RaftServerConfigKeys (ConfUtils.java:logGet(62)) - raft.server.log.appender.buffer.byte-limit = 4194304 (custom)
2025-09-27 09:19:33,218 [ForkJoinPool-1-worker-1] INFO  grpc.GrpcConfigKeys (ConfUtils.java:logGet(62)) - raft.grpc.server.async.request.thread.pool.cached = true (default)
2025-09-27 09:19:33,219 [ForkJoinPool-1-worker-1] INFO  grpc.GrpcConfigKeys (ConfUtils.java:logGet(62)) - raft.grpc.server.async.request.thread.pool.size = 32 (default)
2025-09-27 09:19:33,378 [ForkJoinPool-1-worker-1] INFO  impl.DataStreamServerImpl (ConfUtils.java:logGet(62)) - raft.datastream.type = DISABLED (default)
2025-09-27 09:19:33,380 [ForkJoinPool-1-worker-1] INFO  server.RaftServerConfigKeys (ConfUtils.java:logGet(62)) - raft.server.sleep.deviation.threshold = 300ms (default)
2025-09-27 09:19:33,380 [ForkJoinPool-1-worker-1] INFO  server.RaftServerConfigKeys (ConfUtils.java:logGet(62)) - raft.server.close.threshold = 60s (default)
2025-09-27 09:19:33,381 [ForkJoinPool-1-worker-1] INFO  server.RaftServerConfigKeys (ConfUtils.java:logGet(62)) - raft.server.leaderelection.leader.step-down.wait-time = 10s (default)
2025-09-27 09:19:33,384 [ForkJoinPool-1-worker-1] INFO  server.RaftServerConfigKeys (ConfUtils.java:logGet(62)) - raft.server.storage.dir = [/home/runner/work/ozone/ozone/hadoop-ozone/integration-test/target/test-dir/MiniOzoneClusterImpl-871b4ddd-f672-4be1-b73a-1629492f36a3/scm/ratis] (custom)
2025-09-27 09:19:33,385 [ForkJoinPool-1-worker-1] INFO  server.RaftServerConfigKeys (ConfUtils.java:logGet(62)) - raft.server.threadpool.proxy.cached = true (default)
2025-09-27 09:19:33,385 [ForkJoinPool-1-worker-1] INFO  server.RaftServerConfigKeys (ConfUtils.java:logGet(62)) - raft.server.threadpool.proxy.size = 0 (default)
2025-09-27 09:19:33,391 [ForkJoinPool-1-worker-1] INFO  server.RaftServer (RaftServerProxy.java:addNew(105)) - 07f651f6-8f87-47bb-8f69-34e194401a37: addNew group-1629492F36A3:[07f651f6-8f87-47bb-8f69-34e194401a37|localhost:15004] returns group-1629492F36A3:java.util.concurrent.CompletableFuture@226e1d40[Not completed]
2025-09-27 09:19:33,406 [07f651f6-8f87-47bb-8f69-34e194401a37-groupManagement] INFO  server.RaftServer$Division (RaftServerImpl.java:<init>(268)) - 07f651f6-8f87-47bb-8f69-34e194401a37: new RaftServerImpl for group-1629492F36A3:[07f651f6-8f87-47bb-8f69-34e194401a37|localhost:15004] with SCMStateMachine:uninitialized
2025-09-27 09:19:33,408 [07f651f6-8f87-47bb-8f69-34e194401a37-groupManagement] INFO  server.RaftServerConfigKeys (ConfUtils.java:logGet(62)) - raft.server.rpc.timeout.min = 5000ms (custom)
2025-09-27 09:19:33,408 [07f651f6-8f87-47bb-8f69-34e194401a37-groupManagement] INFO  server.RaftServerConfigKeys (ConfUtils.java:logGet(62)) - raft.server.rpc.timeout.max = 5200ms (custom)
2025-09-27 09:19:33,408 [07f651f6-8f87-47bb-8f69-34e194401a37-groupManagement] INFO  server.RaftServerConfigKeys (ConfUtils.java:logGet(62)) - raft.server.rpc.sleep.time = 25ms (default)
2025-09-27 09:19:33,409 [07f651f6-8f87-47bb-8f69-34e194401a37-groupManagement] INFO  server.RaftServerConfigKeys (ConfUtils.java:logGet(62)) - raft.server.rpc.slowness.timeout = 120000ms (custom)
2025-09-27 09:19:33,410 [07f651f6-8f87-47bb-8f69-34e194401a37-groupManagement] INFO  server.RaftServerConfigKeys (ConfUtils.java:logGet(62)) - raft.server.leaderelection.member.majority-add = false (default)
2025-09-27 09:19:33,415 [07f651f6-8f87-47bb-8f69-34e194401a37-groupManagement] INFO  server.RaftServer$Division (ServerState.java:<init>(114)) - 07f651f6-8f87-47bb-8f69-34e194401a37@group-1629492F36A3: ConfigurationManager, init=conf: {index: -1, cur=peers:[07f651f6-8f87-47bb-8f69-34e194401a37|localhost:15004]|listeners:[], old=null}, confs=<EMPTY_MAP>
2025-09-27 09:19:33,420 [07f651f6-8f87-47bb-8f69-34e194401a37-groupManagement] INFO  server.RaftServerConfigKeys (ConfUtils.java:logGet(62)) - raft.server.notification.no-leader.timeout = 60s (default)
2025-09-27 09:19:33,422 [07f651f6-8f87-47bb-8f69-34e194401a37-groupManagement] INFO  server.RaftServerConfigKeys (ConfUtils.java:logGet(62)) - raft.server.read.timeout = 10s (default)
2025-09-27 09:19:33,426 [07f651f6-8f87-47bb-8f69-34e194401a37-groupManagement] INFO  server.RaftServerConfigKeys (ConfUtils.java:logGet(62)) - raft.server.retrycache.expirytime = 60000ms (default)
2025-09-27 09:19:33,426 [07f651f6-8f87-47bb-8f69-34e194401a37-groupManagement] INFO  server.RaftServerConfigKeys (ConfUtils.java:logGet(62)) - raft.server.retrycache.statistics.expirytime = 100ms (default)
2025-09-27 09:19:33,443 [07f651f6-8f87-47bb-8f69-34e194401a37-groupManagement] INFO  server.RaftServerConfigKeys (ConfUtils.java:logGet(62)) - raft.server.read.option = DEFAULT (default)
2025-09-27 09:19:33,444 [07f651f6-8f87-47bb-8f69-34e194401a37-groupManagement] INFO  server.RaftServerConfigKeys (ConfUtils.java:logGet(62)) - raft.server.read.read-after-write-consistent.write-index-cache.expiry-time = 60s (default)
2025-09-27 09:19:33,586 [07f651f6-8f87-47bb-8f69-34e194401a37-groupManagement] INFO  server.RaftServerConfigKeys (ConfUtils.java:logGet(62)) - raft.server.log.appender.install.snapshot.enabled = false (custom)
2025-09-27 09:19:33,586 [07f651f6-8f87-47bb-8f69-34e194401a37-groupManagement] INFO  server.RaftServerConfigKeys (ConfUtils.java:logGet(62)) - raft.server.threadpool.server.cached = true (default)
2025-09-27 09:19:33,587 [07f651f6-8f87-47bb-8f69-34e194401a37-groupManagement] INFO  server.RaftServerConfigKeys (ConfUtils.java:logGet(62)) - raft.server.threadpool.server.size = 0 (default)
2025-09-27 09:19:33,587 [07f651f6-8f87-47bb-8f69-34e194401a37-groupManagement] INFO  server.RaftServerConfigKeys (ConfUtils.java:logGet(62)) - raft.server.threadpool.client.cached = true (default)
2025-09-27 09:19:33,588 [07f651f6-8f87-47bb-8f69-34e194401a37-groupManagement] INFO  server.RaftServerConfigKeys (ConfUtils.java:logGet(62)) - raft.server.threadpool.client.size = 0 (default)
2025-09-27 09:19:33,592 [07f651f6-8f87-47bb-8f69-34e194401a37-impl-thread1] INFO  server.RaftServerConfigKeys (ConfUtils.java:logGet(62)) - raft.server.storage.free-space.min = 0MB (=0) (default)
2025-09-27 09:19:33,593 [07f651f6-8f87-47bb-8f69-34e194401a37-impl-thread1] INFO  server.RaftServerConfigKeys (ConfUtils.java:logGet(62)) - raft.server.log.corruption.policy = EXCEPTION (default)
2025-09-27 09:19:33,601 [07f651f6-8f87-47bb-8f69-34e194401a37-impl-thread1] INFO  storage.RaftStorageDirectory (RaftStorageDirectoryImpl.java:analyzeStorage(138)) - The storage directory /home/runner/work/ozone/ozone/hadoop-ozone/integration-test/target/test-dir/MiniOzoneClusterImpl-871b4ddd-f672-4be1-b73a-1629492f36a3/scm/ratis/871b4ddd-f672-4be1-b73a-1629492f36a3 does not exist. Creating ...
2025-09-27 09:19:33,604 [07f651f6-8f87-47bb-8f69-34e194401a37-impl-thread1] INFO  storage.RaftStorageDirectory (RaftStorageDirectoryImpl.java:tryLock(229)) - Lock on /home/runner/work/ozone/ozone/hadoop-ozone/integration-test/target/test-dir/MiniOzoneClusterImpl-871b4ddd-f672-4be1-b73a-1629492f36a3/scm/ratis/871b4ddd-f672-4be1-b73a-1629492f36a3/in_use.lock acquired by nodename 126253@localhost
2025-09-27 09:19:33,607 [07f651f6-8f87-47bb-8f69-34e194401a37-impl-thread1] INFO  storage.RaftStorage (RaftStorageImpl.java:format(98)) - Storage directory /home/runner/work/ozone/ozone/hadoop-ozone/integration-test/target/test-dir/MiniOzoneClusterImpl-871b4ddd-f672-4be1-b73a-1629492f36a3/scm/ratis/871b4ddd-f672-4be1-b73a-1629492f36a3 has been successfully formatted.
2025-09-27 09:19:33,609 [07f651f6-8f87-47bb-8f69-34e194401a37-impl-thread1] INFO  ha.SCMStateMachine (SCMStateMachine.java:lambda$initialize$0(135)) - 07f651f6-8f87-47bb-8f69-34e194401a37: initialize group-1629492F36A3
2025-09-27 09:19:33,610 [07f651f6-8f87-47bb-8f69-34e194401a37-impl-thread1] INFO  server.RaftServerConfigKeys (ConfUtils.java:logGet(62)) - raft.server.log.use.memory = false (default)
2025-09-27 09:19:33,616 [07f651f6-8f87-47bb-8f69-34e194401a37-impl-thread1] INFO  server.RaftServerConfigKeys (ConfUtils.java:logGet(62)) - raft.server.log.purge.gap = 1000000 (custom)
2025-09-27 09:19:33,617 [07f651f6-8f87-47bb-8f69-34e194401a37-impl-thread1] INFO  server.RaftServerConfigKeys (ConfUtils.java:logGet(62)) - raft.server.log.appender.buffer.byte-limit = 4194304 (custom)
2025-09-27 09:19:33,618 [07f651f6-8f87-47bb-8f69-34e194401a37-impl-thread1] INFO  server.RaftServerConfigKeys (ConfUtils.java:logGet(62)) - raft.server.log.statemachine.data.read.timeout = 1000ms (default)
2025-09-27 09:19:33,618 [07f651f6-8f87-47bb-8f69-34e194401a37-impl-thread1] INFO  server.RaftServerConfigKeys (ConfUtils.java:logGet(62)) - raft.server.log.purge.preservation.log.num = 0 (default)
2025-09-27 09:19:33,622 [07f651f6-8f87-47bb-8f69-34e194401a37-impl-thread1] INFO  server.RaftServerConfigKeys (ConfUtils.java:logGet(62)) - raft.server.log.segment.size.max = 67108864 (custom)
2025-09-27 09:19:33,626 [07f651f6-8f87-47bb-8f69-34e194401a37-impl-thread1] INFO  server.RaftServerConfigKeys (ConfUtils.java:logGet(62)) - raft.server.log.segment.cache.num.max = 2 (custom)
2025-09-27 09:19:33,626 [07f651f6-8f87-47bb-8f69-34e194401a37-impl-thread1] INFO  server.RaftServerConfigKeys (ConfUtils.java:logGet(62)) - raft.server.log.segment.cache.size.max = 200MB (=209715200) (default)
2025-09-27 09:19:33,626 [07f651f6-8f87-47bb-8f69-34e194401a37-impl-thread1] INFO  server.RaftServerConfigKeys (ConfUtils.java:logGet(62)) - raft.server.log.appender.buffer.byte-limit = 4194304 (custom)
2025-09-27 09:19:33,629 [07f651f6-8f87-47bb-8f69-34e194401a37-impl-thread1] INFO  util.AwaitToRun (AwaitToRun.java:start(81)) - Thread[#41,07f651f6-8f87-47bb-8f69-34e194401a37@group-1629492F36A3-cacheEviction-AwaitToRun,5,main] started
2025-09-27 09:19:33,633 [07f651f6-8f87-47bb-8f69-34e194401a37-impl-thread1] INFO  segmented.SegmentedRaftLogWorker (SegmentedRaftLogWorker.java:<init>(190)) - new 07f651f6-8f87-47bb-8f69-34e194401a37@group-1629492F36A3-SegmentedRaftLogWorker for RaftStorageImpl:Storage Directory /home/runner/work/ozone/ozone/hadoop-ozone/integration-test/target/test-dir/MiniOzoneClusterImpl-871b4ddd-f672-4be1-b73a-1629492f36a3/scm/ratis/871b4ddd-f672-4be1-b73a-1629492f36a3
2025-09-27 09:19:33,633 [07f651f6-8f87-47bb-8f69-34e194401a37-impl-thread1] INFO  server.RaftServerConfigKeys (ConfUtils.java:logGet(62)) - raft.server.log.queue.byte-limit = 64MB (=67108864) (default)
2025-09-27 09:19:33,633 [07f651f6-8f87-47bb-8f69-34e194401a37-impl-thread1] INFO  server.RaftServerConfigKeys (ConfUtils.java:logGet(62)) - raft.server.log.queue.element-limit = 4096 (default)
2025-09-27 09:19:33,635 [07f651f6-8f87-47bb-8f69-34e194401a37-impl-thread1] INFO  server.RaftServerConfigKeys (ConfUtils.java:logGet(62)) - raft.server.log.segment.size.max = 67108864 (custom)
2025-09-27 09:19:33,635 [07f651f6-8f87-47bb-8f69-34e194401a37-impl-thread1] INFO  server.RaftServerConfigKeys (ConfUtils.java:logGet(62)) - raft.server.log.preallocated.size = 4194304 (custom)
2025-09-27 09:19:33,636 [07f651f6-8f87-47bb-8f69-34e194401a37-impl-thread1] INFO  server.RaftServerConfigKeys (ConfUtils.java:logGet(62)) - raft.server.log.force.sync.num = 128 (default)
2025-09-27 09:19:33,637 [07f651f6-8f87-47bb-8f69-34e194401a37-impl-thread1] INFO  server.RaftServerConfigKeys (ConfUtils.java:logGet(62)) - raft.server.log.statemachine.data.sync = true (default)
2025-09-27 09:19:33,637 [07f651f6-8f87-47bb-8f69-34e194401a37-impl-thread1] INFO  server.RaftServerConfigKeys (ConfUtils.java:logGet(62)) - raft.server.log.statemachine.data.sync.timeout = 10s (default)
2025-09-27 09:19:33,637 [07f651f6-8f87-47bb-8f69-34e194401a37-impl-thread1] INFO  server.RaftServerConfigKeys (ConfUtils.java:logGet(62)) - raft.server.log.statemachine.data.sync.timeout.retry = -1 (default)
2025-09-27 09:19:33,639 [07f651f6-8f87-47bb-8f69-34e194401a37-impl-thread1] INFO  server.RaftServerConfigKeys (ConfUtils.java:logGet(62)) - raft.server.log.write.buffer.size = 4194312 (custom)
2025-09-27 09:19:33,640 [07f651f6-8f87-47bb-8f69-34e194401a37-impl-thread1] INFO  server.RaftServerConfigKeys (ConfUtils.java:logGet(62)) - raft.server.log.appender.buffer.byte-limit = 4194304 (custom)
2025-09-27 09:19:33,641 [07f651f6-8f87-47bb-8f69-34e194401a37-impl-thread1] INFO  server.RaftServerConfigKeys (ConfUtils.java:logGet(62)) - raft.server.log.unsafe-flush.enabled = false (default)
2025-09-27 09:19:33,641 [07f651f6-8f87-47bb-8f69-34e194401a37-impl-thread1] INFO  server.RaftServerConfigKeys (ConfUtils.java:logGet(62)) - raft.server.log.async-flush.enabled = false (default)
2025-09-27 09:19:33,641 [07f651f6-8f87-47bb-8f69-34e194401a37-impl-thread1] INFO  server.RaftServerConfigKeys (ConfUtils.java:logGet(62)) - raft.server.log.statemachine.data.caching.enabled = false (default)
2025-09-27 09:19:33,646 [07f651f6-8f87-47bb-8f69-34e194401a37-impl-thread1] INFO  segmented.SegmentedRaftLogWorker (SegmentedRaftLogWorker.java:lambda$new$0(141)) - 07f651f6-8f87-47bb-8f69-34e194401a37@group-1629492F36A3-SegmentedRaftLogWorker: flushIndex: setUnconditionally 0 -> -1
2025-09-27 09:19:33,646 [07f651f6-8f87-47bb-8f69-34e194401a37-impl-thread1] INFO  segmented.SegmentedRaftLogWorker (SegmentedRaftLogWorker.java:lambda$new$0(141)) - 07f651f6-8f87-47bb-8f69-34e194401a37@group-1629492F36A3-SegmentedRaftLogWorker: safeCacheEvictIndex: setUnconditionally 0 -> -1
2025-09-27 09:19:33,647 [07f651f6-8f87-47bb-8f69-34e194401a37-impl-thread1] INFO  server.RaftServer$Division (RaftServerImpl.java:start(405)) - 07f651f6-8f87-47bb-8f69-34e194401a37@group-1629492F36A3: start as a follower, conf=conf: {index: -1, cur=peers:[07f651f6-8f87-47bb-8f69-34e194401a37|localhost:15004]|listeners:[], old=null}
2025-09-27 09:19:33,647 [07f651f6-8f87-47bb-8f69-34e194401a37-impl-thread1] INFO  server.RaftServer$Division (RaftServerImpl.java:setRole(392)) - 07f651f6-8f87-47bb-8f69-34e194401a37@group-1629492F36A3: changes role from      null to FOLLOWER at term 0 for startAsFollower
2025-09-27 09:19:33,648 [07f651f6-8f87-47bb-8f69-34e194401a37-impl-thread1] INFO  impl.RoleInfo (RoleInfo.java:updateAndGet(148)) - 07f651f6-8f87-47bb-8f69-34e194401a37: start 07f651f6-8f87-47bb-8f69-34e194401a37@group-1629492F36A3-FollowerState
2025-09-27 09:19:33,649 [07f651f6-8f87-47bb-8f69-34e194401a37@group-1629492F36A3-FollowerState] INFO  server.RaftServerConfigKeys (ConfUtils.java:logGet(62)) - raft.server.rpc.first-election.timeout.min = 1000ms (custom)
2025-09-27 09:19:33,649 [07f651f6-8f87-47bb-8f69-34e194401a37@group-1629492F36A3-FollowerState] INFO  server.RaftServerConfigKeys (ConfUtils.java:logGet(62)) - raft.server.rpc.first-election.timeout.max = 1200ms (custom)
2025-09-27 09:19:33,650 [07f651f6-8f87-47bb-8f69-34e194401a37-impl-thread1] INFO  util.JmxRegister (JmxRegister.java:tryRegister(44)) - Successfully registered JMX Bean with object name Ratis:service=RaftServer,group=group-1629492F36A3,id=07f651f6-8f87-47bb-8f69-34e194401a37
2025-09-27 09:19:33,650 [07f651f6-8f87-47bb-8f69-34e194401a37-impl-thread1] INFO  util.JmxRegister (JmxRegister.java:register(58)) - register mxBean class org.apache.ratis.server.impl.RaftServerJmxAdapter as Ratis:service=RaftServer,group=group-1629492F36A3,id=07f651f6-8f87-47bb-8f69-34e194401a37
2025-09-27 09:19:33,652 [07f651f6-8f87-47bb-8f69-34e194401a37-impl-thread1] INFO  server.RaftServerConfigKeys (ConfUtils.java:logGet(62)) - raft.server.snapshot.trigger-when-stop.enabled = true (default)
2025-09-27 09:19:33,652 [07f651f6-8f87-47bb-8f69-34e194401a37-impl-thread1] INFO  server.RaftServerConfigKeys (ConfUtils.java:logGet(62)) - raft.server.snapshot.trigger-when-remove.enabled = true (default)
2025-09-27 09:19:33,652 [07f651f6-8f87-47bb-8f69-34e194401a37-impl-thread1] INFO  server.RaftServerConfigKeys (ConfUtils.java:logGet(62)) - raft.server.snapshot.auto.trigger.enabled = true (custom)
2025-09-27 09:19:33,653 [07f651f6-8f87-47bb-8f69-34e194401a37-impl-thread1] INFO  server.RaftServerConfigKeys (ConfUtils.java:logGet(62)) - raft.server.snapshot.auto.trigger.threshold = 1000 (custom)
2025-09-27 09:19:33,653 [07f651f6-8f87-47bb-8f69-34e194401a37-impl-thread1] INFO  server.RaftServerConfigKeys (ConfUtils.java:logGet(62)) - raft.server.snapshot.retention.file.num = -1 (default)
2025-09-27 09:19:33,654 [07f651f6-8f87-47bb-8f69-34e194401a37-impl-thread1] INFO  server.RaftServerConfigKeys (ConfUtils.java:logGet(62)) - raft.server.log.purge.upto.snapshot.index = false (default)
2025-09-27 09:19:33,656 [07f651f6-8f87-47bb-8f69-34e194401a37-impl-thread1] INFO  server.RaftServer$Division (RaftServerImpl.java:start(419)) - 07f651f6-8f87-47bb-8f69-34e194401a37@group-1629492F36A3: Successfully started.
2025-09-27 09:19:33,656 [ForkJoinPool-1-worker-1] INFO  server.RaftServer (RaftServerProxy.java:startImpl(412)) - 07f651f6-8f87-47bb-8f69-34e194401a37: start RPC server
2025-09-27 09:19:33,688 [ForkJoinPool-1-worker-1] INFO  server.GrpcServicesImpl (GrpcServicesImpl.java:startImpl(346)) - 07f651f6-8f87-47bb-8f69-34e194401a37: GrpcServicesImpl started, listening on 15004
2025-09-27 09:19:33,689 [JvmPauseMonitor0] INFO  util.JvmPauseMonitor (JvmPauseMonitor.java:run(146)) - JvmPauseMonitor-07f651f6-8f87-47bb-8f69-34e194401a37: Started
2025-09-27 09:19:34,790 [07f651f6-8f87-47bb-8f69-34e194401a37@group-1629492F36A3-FollowerState] INFO  impl.FollowerState (FollowerState.java:runImpl(161)) - 07f651f6-8f87-47bb-8f69-34e194401a37@group-1629492F36A3-FollowerState: change to CANDIDATE, lastRpcElapsedTime:1141229952ns, electionTimeout:1139ms
2025-09-27 09:19:34,790 [07f651f6-8f87-47bb-8f69-34e194401a37@group-1629492F36A3-FollowerState] INFO  impl.RoleInfo (RoleInfo.java:shutdownFollowerState(121)) - 07f651f6-8f87-47bb-8f69-34e194401a37: shutdown 07f651f6-8f87-47bb-8f69-34e194401a37@group-1629492F36A3-FollowerState
2025-09-27 09:19:34,790 [07f651f6-8f87-47bb-8f69-34e194401a37@group-1629492F36A3-FollowerState] INFO  server.RaftServer$Division (RaftServerImpl.java:setRole(392)) - 07f651f6-8f87-47bb-8f69-34e194401a37@group-1629492F36A3: changes role from  FOLLOWER to CANDIDATE at term 0 for changeToCandidate
2025-09-27 09:19:34,792 [07f651f6-8f87-47bb-8f69-34e194401a37@group-1629492F36A3-FollowerState] INFO  server.RaftServerConfigKeys (ConfUtils.java:logGet(62)) - raft.server.leaderelection.pre-vote = true (default)
2025-09-27 09:19:34,793 [07f651f6-8f87-47bb-8f69-34e194401a37@group-1629492F36A3-FollowerState] INFO  impl.RoleInfo (RoleInfo.java:updateAndGet(148)) - 07f651f6-8f87-47bb-8f69-34e194401a37: start 07f651f6-8f87-47bb-8f69-34e194401a37@group-1629492F36A3-LeaderElection1
2025-09-27 09:19:34,795 [07f651f6-8f87-47bb-8f69-34e194401a37@group-1629492F36A3-LeaderElection1] INFO  impl.LeaderElection (LeaderElection.java:askForVotes(448)) - 07f651f6-8f87-47bb-8f69-34e194401a37@group-1629492F36A3-LeaderElection1 PRE_VOTE round 0: submit vote requests at term 0 for conf: {index: -1, cur=peers:[07f651f6-8f87-47bb-8f69-34e194401a37|localhost:15004]|listeners:[], old=null}
2025-09-27 09:19:34,796 [07f651f6-8f87-47bb-8f69-34e194401a37@group-1629492F36A3-LeaderElection1] INFO  impl.LeaderElection (LeaderElection.java:askForVotes(450)) - 07f651f6-8f87-47bb-8f69-34e194401a37@group-1629492F36A3-LeaderElection1 PRE_VOTE round 0: result PASSED (term=0)
2025-09-27 09:19:34,798 [07f651f6-8f87-47bb-8f69-34e194401a37@group-1629492F36A3-LeaderElection1] INFO  impl.LeaderElection (LeaderElection.java:askForVotes(448)) - 07f651f6-8f87-47bb-8f69-34e194401a37@group-1629492F36A3-LeaderElection1 ELECTION round 0: submit vote requests at term 1 for conf: {index: -1, cur=peers:[07f651f6-8f87-47bb-8f69-34e194401a37|localhost:15004]|listeners:[], old=null}
2025-09-27 09:19:34,798 [07f651f6-8f87-47bb-8f69-34e194401a37@group-1629492F36A3-LeaderElection1] INFO  impl.LeaderElection (LeaderElection.java:askForVotes(450)) - 07f651f6-8f87-47bb-8f69-34e194401a37@group-1629492F36A3-LeaderElection1 ELECTION round 0: result PASSED (term=1)
2025-09-27 09:19:34,798 [07f651f6-8f87-47bb-8f69-34e194401a37@group-1629492F36A3-LeaderElection1] INFO  impl.RoleInfo (RoleInfo.java:shutdownLeaderElection(141)) - 07f651f6-8f87-47bb-8f69-34e194401a37: shutdown 07f651f6-8f87-47bb-8f69-34e194401a37@group-1629492F36A3-LeaderElection1
2025-09-27 09:19:34,799 [07f651f6-8f87-47bb-8f69-34e194401a37@group-1629492F36A3-LeaderElection1] INFO  server.RaftServer$Division (RaftServerImpl.java:setRole(392)) - 07f651f6-8f87-47bb-8f69-34e194401a37@group-1629492F36A3: changes role from CANDIDATE to LEADER at term 1 for changeToLeader
2025-09-27 09:19:34,803 [07f651f6-8f87-47bb-8f69-34e194401a37@group-1629492F36A3-LeaderElection1] INFO  server.RaftServerConfigKeys (ConfUtils.java:logGet(62)) - raft.server.staging.catchup.gap = 1000 (default)
2025-09-27 09:19:34,803 [07f651f6-8f87-47bb-8f69-34e194401a37@group-1629492F36A3-LeaderElection1] INFO  server.RaftServerConfigKeys (ConfUtils.java:logFallback(69)) - raft.server.staging.timeout = 15600ms (fallback to raft.server.rpc.timeout.max)
2025-09-27 09:19:34,806 [07f651f6-8f87-47bb-8f69-34e194401a37@group-1629492F36A3-LeaderElection1] INFO  server.RaftServerConfigKeys (ConfUtils.java:logGet(62)) - raft.server.write.element-limit = 4096 (default)
2025-09-27 09:19:34,806 [07f651f6-8f87-47bb-8f69-34e194401a37@group-1629492F36A3-LeaderElection1] INFO  server.RaftServerConfigKeys (ConfUtils.java:logGet(62)) - raft.server.write.byte-limit = 64MB (=67108864) (default)
2025-09-27 09:19:34,809 [07f651f6-8f87-47bb-8f69-34e194401a37@group-1629492F36A3-LeaderElection1] INFO  server.RaftServerConfigKeys (ConfUtils.java:logGet(62)) - raft.server.watch.timeout = 10s (default)
2025-09-27 09:19:34,809 [07f651f6-8f87-47bb-8f69-34e194401a37@group-1629492F36A3-LeaderElection1] INFO  server.RaftServerConfigKeys (ConfUtils.java:logGet(62)) - raft.server.watch.timeout.denomination = 1s (default)
2025-09-27 09:19:34,810 [07f651f6-8f87-47bb-8f69-34e194401a37@group-1629492F36A3-LeaderElection1] INFO  server.RaftServerConfigKeys (ConfUtils.java:logGet(62)) - raft.server.watch.element-limit = 65536 (default)
2025-09-27 09:19:34,815 [07f651f6-8f87-47bb-8f69-34e194401a37@group-1629492F36A3-LeaderElection1] INFO  server.RaftServerConfigKeys (ConfUtils.java:logGet(62)) - raft.server.read.leader.lease.enabled = false (default)
2025-09-27 09:19:34,817 [07f651f6-8f87-47bb-8f69-34e194401a37@group-1629492F36A3-LeaderElection1] INFO  server.RaftServerConfigKeys (ConfUtils.java:logGet(62)) - raft.server.read.leader.lease.timeout.ratio = 0.9 (default)
2025-09-27 09:19:34,817 [07f651f6-8f87-47bb-8f69-34e194401a37@group-1629492F36A3-LeaderElection1] INFO  server.RaftServerConfigKeys (ConfUtils.java:logGet(62)) - raft.server.log.log-metadata.enabled = false (custom)
2025-09-27 09:19:34,818 [07f651f6-8f87-47bb-8f69-34e194401a37@group-1629492F36A3-LeaderElection1] INFO  server.RaftServerConfigKeys (ConfUtils.java:logGet(62)) - raft.server.write.follower.gap.ratio.max = -1.0 (default)
2025-09-27 09:19:34,819 [07f651f6-8f87-47bb-8f69-34e194401a37@group-1629492F36A3-LeaderElection1] INFO  impl.RoleInfo (RoleInfo.java:updateAndGet(148)) - 07f651f6-8f87-47bb-8f69-34e194401a37: start 07f651f6-8f87-47bb-8f69-34e194401a37@group-1629492F36A3-LeaderStateImpl
2025-09-27 09:19:34,819 [07f651f6-8f87-47bb-8f69-34e194401a37@group-1629492F36A3-LeaderElection1] INFO  server.RaftServer$Division (RaftServerImpl.java:setFirstElection(576)) - 07f651f6-8f87-47bb-8f69-34e194401a37@group-1629492F36A3: set firstElectionSinceStartup to false for becomeLeader
2025-09-27 09:19:34,819 [07f651f6-8f87-47bb-8f69-34e194401a37@group-1629492F36A3-LeaderElection1] INFO  server.RaftServer$Division (ServerState.java:setLeader(272)) - 07f651f6-8f87-47bb-8f69-34e194401a37@group-1629492F36A3: change Leader from null to 07f651f6-8f87-47bb-8f69-34e194401a37 at term 1 for becomeLeader, leader elected after 1399ms
2025-09-27 09:19:34,837 [07f651f6-8f87-47bb-8f69-34e194401a37@group-1629492F36A3-LeaderElection1] INFO  segmented.SegmentedRaftLogWorker (SegmentedRaftLogWorker.java:startLogSegment(440)) - 07f651f6-8f87-47bb-8f69-34e194401a37@group-1629492F36A3-SegmentedRaftLogWorker: Starting segment from index:0
2025-09-27 09:19:34,852 [07f651f6-8f87-47bb-8f69-34e194401a37@group-1629492F36A3-LeaderElection1] INFO  server.RaftServer$Division (ServerState.java:setRaftConf(386)) - 07f651f6-8f87-47bb-8f69-34e194401a37@group-1629492F36A3: set configuration conf: {index: 0, cur=peers:[07f651f6-8f87-47bb-8f69-34e194401a37|localhost:15004]|listeners:[], old=null}
2025-09-27 09:19:34,875 [07f651f6-8f87-47bb-8f69-34e194401a37@group-1629492F36A3-SegmentedRaftLogWorker] INFO  segmented.BufferedWriteChannel (BufferedWriteChannel.java:open(61)) - open log_inprogress_0 at position 0
2025-09-27 09:19:34,883 [07f651f6-8f87-47bb-8f69-34e194401a37@group-1629492F36A3-SegmentedRaftLogWorker] INFO  segmented.SegmentedRaftLogWorker (SegmentedRaftLogWorker.java:execute(647)) - 07f651f6-8f87-47bb-8f69-34e194401a37@group-1629492F36A3-SegmentedRaftLogWorker: created new log segment /home/runner/work/ozone/ozone/hadoop-ozone/integration-test/target/test-dir/MiniOzoneClusterImpl-871b4ddd-f672-4be1-b73a-1629492f36a3/scm/ratis/871b4ddd-f672-4be1-b73a-1629492f36a3/current/log_inprogress_0
2025-09-27 09:19:34,894 [07f651f6-8f87-47bb-8f69-34e194401a37@group-1629492F36A3-StateMachineUpdater] INFO  server.RaftServer$Division (LeaderStateImpl.java:checkStartIndex(309)) - Leader 07f651f6-8f87-47bb-8f69-34e194401a37@group-1629492F36A3-LeaderStateImpl is ready since appliedIndex == startIndex == 0
2025-09-27 09:19:35,690 [ForkJoinPool-1-worker-1] INFO  server.RaftServer (RaftServerProxy.java:lambda$close$9(422)) - 07f651f6-8f87-47bb-8f69-34e194401a37: close
2025-09-27 09:19:35,691 [ForkJoinPool-1-worker-1] INFO  server.GrpcServicesImpl (GrpcServicesImpl.java:closeImpl(355)) - 07f651f6-8f87-47bb-8f69-34e194401a37: shutdown server GrpcServerProtocolService now
2025-09-27 09:19:35,691 [07f651f6-8f87-47bb-8f69-34e194401a37-impl-thread1] INFO  server.RaftServer$Division (RaftServerImpl.java:lambda$close$1(527)) - 07f651f6-8f87-47bb-8f69-34e194401a37@group-1629492F36A3: shutdown
2025-09-27 09:19:35,692 [07f651f6-8f87-47bb-8f69-34e194401a37-impl-thread1] INFO  util.JmxRegister (JmxRegister.java:unregister(74)) - Successfully un-registered JMX Bean with object name Ratis:service=RaftServer,group=group-1629492F36A3,id=07f651f6-8f87-47bb-8f69-34e194401a37
2025-09-27 09:19:35,692 [07f651f6-8f87-47bb-8f69-34e194401a37-impl-thread1] INFO  impl.RoleInfo (RoleInfo.java:shutdownLeaderState(103)) - 07f651f6-8f87-47bb-8f69-34e194401a37: shutdown 07f651f6-8f87-47bb-8f69-34e194401a37@group-1629492F36A3-LeaderStateImpl
2025-09-27 09:19:35,696 [07f651f6-8f87-47bb-8f69-34e194401a37-impl-thread1] INFO  impl.PendingRequests (PendingRequests.java:sendNotLeaderResponses(287)) - 07f651f6-8f87-47bb-8f69-34e194401a37@group-1629492F36A3-PendingRequests: sendNotLeaderResponses
2025-09-27 09:19:35,698 [ForkJoinPool-1-worker-1] INFO  server.GrpcServicesImpl (GrpcServicesImpl.java:closeImpl(364)) - 07f651f6-8f87-47bb-8f69-34e194401a37: shutdown server GrpcServerProtocolService successfully
2025-09-27 09:19:35,699 [07f651f6-8f87-47bb-8f69-34e194401a37-impl-thread1] INFO  impl.StateMachineUpdater (StateMachineUpdater.java:stopAndJoin(163)) - 07f651f6-8f87-47bb-8f69-34e194401a37@group-1629492F36A3-StateMachineUpdater: set stopIndex = 0
2025-09-27 09:19:35,699 [07f651f6-8f87-47bb-8f69-34e194401a37@group-1629492F36A3-StateMachineUpdater] INFO  impl.StateMachineUpdater (StateMachineUpdater.java:takeSnapshot(307)) - 07f651f6-8f87-47bb-8f69-34e194401a37@group-1629492F36A3-StateMachineUpdater: Took a snapshot at index 0
2025-09-27 09:19:35,699 [07f651f6-8f87-47bb-8f69-34e194401a37@group-1629492F36A3-StateMachineUpdater] INFO  impl.StateMachineUpdater (StateMachineUpdater.java:lambda$new$0(101)) - 07f651f6-8f87-47bb-8f69-34e194401a37@group-1629492F36A3-StateMachineUpdater: snapshotIndex: updateIncreasingly -1 -> 0
2025-09-27 09:19:35,701 [07f651f6-8f87-47bb-8f69-34e194401a37@group-1629492F36A3-StateMachineUpdater] INFO  impl.StateMachineUpdater (StateMachineUpdater.java:stop(140)) - 07f651f6-8f87-47bb-8f69-34e194401a37@group-1629492F36A3-StateMachineUpdater: closing SCMStateMachine, lastApplied=(t:1, i:0)
2025-09-27 09:19:35,702 [07f651f6-8f87-47bb-8f69-34e194401a37@group-1629492F36A3-cacheEviction-AwaitToRun] INFO  util.AwaitToRun (AwaitToRun.java:run(49)) - 07f651f6-8f87-47bb-8f69-34e194401a37@group-1629492F36A3-cacheEviction-AwaitToRun-AwaitForSignal is interrupted
2025-09-27 09:19:35,889 [07f651f6-8f87-47bb-8f69-34e194401a37-impl-thread1] INFO  segmented.SegmentedRaftLogWorker (SegmentedRaftLogWorker.java:close(254)) - 07f651f6-8f87-47bb-8f69-34e194401a37@group-1629492F36A3-SegmentedRaftLogWorker close()
2025-09-27 09:19:35,895 [JvmPauseMonitor0] INFO  util.JvmPauseMonitor (JvmPauseMonitor.java:run(152)) - JvmPauseMonitor-07f651f6-8f87-47bb-8f69-34e194401a37: Stopped
2025-09-27 09:19:35,934 [ForkJoinPool-1-worker-1] INFO  ha.SCMHANodeDetails (SCMHANodeDetails.java:loadSCMHAConfig(162)) - ServiceID for StorageContainerManager is null
2025-09-27 09:19:35,934 [ForkJoinPool-1-worker-1] INFO  ha.SCMHANodeDetails (SCMHANodeDetails.java:loadSCMHAConfig(166)) - ozone.scm.default.service.id is not defined, falling back to ozone.scm.service.ids to find serviceID for StorageContainerManager if it is HA enabled cluster
2025-09-27 09:19:36,543 [ForkJoinPool-1-worker-1] INFO  net.NodeSchemaLoader (NodeSchemaLoader.java:loadSchemaFromFile(128)) - Loading schema from [jar:file:/home/runner/work/ozone/ozone/hadoop-hdds/common/target/hdds-common-2.1.0-SNAPSHOT.jar!/network-topology-default.xml]
2025-09-27 09:19:36,544 [ForkJoinPool-1-worker-1] INFO  net.NodeSchemaLoader (NodeSchemaLoader.java:loadSchema(175)) - Loading network topology layer schema file
2025-09-27 09:19:36,632 [ForkJoinPool-1-worker-1] INFO  ha.SCMRatisServerImpl (SCMRatisServerImpl.java:<init>(100)) - starting Raft server for scm:07f651f6-8f87-47bb-8f69-34e194401a37
2025-09-27 09:19:36,635 [ForkJoinPool-1-worker-1] INFO  server.RaftServerConfigKeys (ConfUtils.java:logGet(62)) - raft.server.log.appender.buffer.byte-limit = 4194304 (custom)
2025-09-27 09:19:36,637 [ForkJoinPool-1-worker-1] INFO  grpc.GrpcConfigKeys (ConfUtils.java:logFallback(69)) - raft.grpc.admin.host = null (fallback to raft.grpc.server.host)
2025-09-27 09:19:36,638 [ForkJoinPool-1-worker-1] INFO  grpc.GrpcConfigKeys (ConfUtils.java:logFallback(69)) - raft.grpc.admin.port = 15004 (fallback to raft.grpc.server.port)
2025-09-27 09:19:36,638 [ForkJoinPool-1-worker-1] INFO  grpc.GrpcConfigKeys (ConfUtils.java:logFallback(69)) - raft.grpc.client.host = null (fallback to raft.grpc.server.host)
2025-09-27 09:19:36,638 [ForkJoinPool-1-worker-1] INFO  grpc.GrpcConfigKeys (ConfUtils.java:logFallback(69)) - raft.grpc.client.port = 15004 (fallback to raft.grpc.server.port)
2025-09-27 09:19:36,638 [ForkJoinPool-1-worker-1] INFO  server.GrpcServicesImpl (ConfUtils.java:logGet(62)) - raft.grpc.message.size.max = 5242880 (custom)
2025-09-27 09:19:36,639 [ForkJoinPool-1-worker-1] INFO  server.RaftServerConfigKeys (ConfUtils.java:logGet(62)) - raft.server.log.appender.buffer.byte-limit = 4194304 (custom)
2025-09-27 09:19:36,641 [07f651f6-8f87-47bb-8f69-34e194401a37-impl-thread1] INFO  server.RaftServer (RaftServerProxy.java:initGroupDir(270)) - 07f651f6-8f87-47bb-8f69-34e194401a37: found a subdirectory /home/runner/work/ozone/ozone/hadoop-ozone/integration-test/target/test-dir/MiniOzoneClusterImpl-871b4ddd-f672-4be1-b73a-1629492f36a3/scm/ratis/871b4ddd-f672-4be1-b73a-1629492f36a3
2025-09-27 09:19:36,641 [ForkJoinPool-1-worker-1] INFO  server.RaftServer (RaftServerProxy.java:addNew(105)) - 07f651f6-8f87-47bb-8f69-34e194401a37: addNew group-1629492F36A3:[] returns group-1629492F36A3:java.util.concurrent.CompletableFuture@49bf1307[Not completed]
2025-09-27 09:19:36,644 [07f651f6-8f87-47bb-8f69-34e194401a37-groupManagement] INFO  server.RaftServer$Division (RaftServerImpl.java:<init>(268)) - 07f651f6-8f87-47bb-8f69-34e194401a37: new RaftServerImpl for group-1629492F36A3:[] with SCMStateMachine:uninitialized
2025-09-27 09:19:36,644 [07f651f6-8f87-47bb-8f69-34e194401a37-groupManagement] INFO  server.RaftServer$Division (ServerState.java:<init>(114)) - 07f651f6-8f87-47bb-8f69-34e194401a37@group-1629492F36A3: ConfigurationManager, init=conf: {index: -1, cur=peers:[]|listeners:[], old=null}, confs=<EMPTY_MAP>
2025-09-27 09:19:36,653 [ForkJoinPool-1-worker-1] INFO  ha.SCMSnapshotProvider (SCMSnapshotProvider.java:<init>(61)) - Initializing SCM Snapshot Provider
2025-09-27 09:19:36,673 [ForkJoinPool-1-worker-1] INFO  upgrade.AbstractLayoutVersionManager (AbstractLayoutVersionManager.java:init(80)) - Initializing Layout version manager with metadata layout = WITNESSED_CONTAINER_DB_PROTO_VALUE (version = 9), software layout = WITNESSED_CONTAINER_DB_PROTO_VALUE (version = 9)
2025-09-27 09:19:36,697 [ForkJoinPool-1-worker-1] INFO  ha.SequenceIdGenerator (SequenceIdGenerator.java:upgradeToSequenceId(353)) - upgrade localId to 115816896921600000
2025-09-27 09:19:36,699 [ForkJoinPool-1-worker-1] INFO  ha.SequenceIdGenerator (SequenceIdGenerator.java:upgradeToSequenceId(363)) - upgrade delTxnId to 0
2025-09-27 09:19:36,704 [ForkJoinPool-1-worker-1] INFO  ha.SequenceIdGenerator (SequenceIdGenerator.java:upgradeToSequenceId(379)) - upgrade containerId to 0
2025-09-27 09:19:36,706 [ForkJoinPool-1-worker-1] INFO  ha.SequenceIdGenerator (SequenceIdGenerator.java:upgradeToCertificateSequenceId(414)) - upgrade CertificateId to 2
2025-09-27 09:19:36,708 [ForkJoinPool-1-worker-1] INFO  ha.SequenceIdGenerator (SequenceIdGenerator.java:<init>(231)) - Init the HA SequenceIdGenerator.
2025-09-27 09:19:36,750 [ForkJoinPool-1-worker-1] INFO  node.SCMNodeManager (SCMNodeManager.java:<init>(180)) - Entering startup safe mode.
2025-09-27 09:19:36,760 [ForkJoinPool-1-worker-1] INFO  algorithms.ContainerPlacementPolicyFactory (ContainerPlacementPolicyFactory.java:getPolicyInternal(83)) - Create container placement policy of type org.apache.hadoop.hdds.scm.container.placement.algorithms.SCMContainerPlacementRackAware
2025-09-27 09:19:36,764 [ForkJoinPool-1-worker-1] INFO  algorithms.ContainerPlacementPolicyFactory (ContainerPlacementPolicyFactory.java:getPolicyInternal(83)) - Create container placement policy of type org.apache.hadoop.hdds.scm.container.placement.algorithms.SCMContainerPlacementRackScatter
2025-09-27 09:19:36,771 [ForkJoinPool-1-worker-1] INFO  pipeline.PipelineStateManagerImpl (PipelineStateManagerImpl.java:initialize(75)) - No pipeline exists in current db
2025-09-27 09:19:36,783 [ForkJoinPool-1-worker-1] INFO  algorithms.LeaderChoosePolicyFactory (LeaderChoosePolicyFactory.java:getPolicy(55)) - Create leader choose policy of type org.apache.hadoop.hdds.scm.pipeline.leader.choose.algorithms.MinLeaderCountChoosePolicy
2025-09-27 09:19:36,783 [ForkJoinPool-1-worker-1] INFO  algorithms.ContainerPlacementPolicyFactory (ContainerPlacementPolicyFactory.java:getPolicyInternal(83)) - Create container placement policy of type org.apache.hadoop.hdds.scm.container.placement.algorithms.SCMContainerPlacementRackScatter
2025-09-27 09:19:36,789 [ForkJoinPool-1-worker-1] INFO  ha.SCMServiceManager (SCMServiceManager.java:register(42)) - Registering service BackgroundPipelineCreator.
2025-09-27 09:19:36,790 [ForkJoinPool-1-worker-1] INFO  pipeline.BackgroundPipelineCreator (BackgroundPipelineCreator.java:start(126)) - Starting RatisPipelineUtilsThread.
2025-09-27 09:19:36,792 [ForkJoinPool-1-worker-1] INFO  BackgroundPipelineScrubber (BackgroundSCMService.java:start(64)) - Starting BackgroundPipelineScrubber Service.
2025-09-27 09:19:36,792 [ForkJoinPool-1-worker-1] INFO  ha.SCMServiceManager (SCMServiceManager.java:register(42)) - Registering service BackgroundPipelineScrubber.
2025-09-27 09:19:36,801 [ForkJoinPool-1-worker-1] INFO  ExpiredContainerReplicaOpScrubber (BackgroundSCMService.java:start(64)) - Starting ExpiredContainerReplicaOpScrubber Service.
2025-09-27 09:19:36,802 [ForkJoinPool-1-worker-1] INFO  ha.SCMServiceManager (SCMServiceManager.java:register(42)) - Registering service ExpiredContainerReplicaOpScrubber.
2025-09-27 09:19:36,824 [ForkJoinPool-1-worker-1] INFO  algorithms.PipelineChoosePolicyFactory (PipelineChoosePolicyFactory.java:createPipelineChoosePolicyFromClass(78)) - Create pipeline choose policy of type org.apache.hadoop.hdds.scm.pipeline.choose.algorithms.RandomPipelineChoosePolicy
2025-09-27 09:19:36,824 [ForkJoinPool-1-worker-1] INFO  algorithms.PipelineChoosePolicyFactory (PipelineChoosePolicyFactory.java:createPipelineChoosePolicyFromClass(78)) - Create pipeline choose policy of type org.apache.hadoop.hdds.scm.pipeline.choose.algorithms.RandomPipelineChoosePolicy
2025-09-27 09:19:36,851 [ForkJoinPool-1-worker-1] INFO  ha.SCMServiceManager (SCMServiceManager.java:register(42)) - Registering service SCMBlockDeletingService.
2025-09-27 09:19:36,893 [ForkJoinPool-1-worker-1] INFO  replication.ReplicationManager (ReplicationManager.java:start(287)) - Starting Replication Monitor Thread.
2025-09-27 09:19:36,894 [ForkJoinPool-1-worker-1] INFO  ha.SCMServiceManager (SCMServiceManager.java:register(42)) - Registering service ReplicationManager.
2025-09-27 09:19:36,902 [ForkJoinPool-1-worker-1] INFO  safemode.RatisContainerSafeModeRule (RatisContainerSafeModeRule.java:initializeRule(160)) - Refreshed Containers with one replica threshold count 0.
2025-09-27 09:19:36,903 [ForkJoinPool-1-worker-1] INFO  safemode.ECContainerSafeModeRule (ECContainerSafeModeRule.java:initializeRule(204)) - Refreshed Containers with ec n replica threshold count 0.
2025-09-27 09:19:36,907 [ForkJoinPool-1-worker-1] INFO  safemode.HealthyPipelineSafeModeRule (HealthyPipelineSafeModeRule.java:initializeRule(232)) - Total pipeline count is 0, healthy pipeline threshold count is 1
2025-09-27 09:19:36,909 [ForkJoinPool-1-worker-1] INFO  safemode.OneReplicaPipelineSafeModeRule (OneReplicaPipelineSafeModeRule.java:initializeRule(190)) - Total pipeline count is 0, pipeline's with at least one datanode reported threshold count is 0
2025-09-27 09:19:36,972 [ForkJoinPool-1-worker-1] INFO  server.StorageContainerManager (StorageContainerManager.java:<init>(432)) - SCM start with adminUsers: [admin, runner]
2025-09-27 09:19:37,171 [ForkJoinPool-1-worker-1] INFO  audit.AuditLogger (AuditLogger.java:refreshDebugCmdSet(133)) - Refresh DebugCmdSet for SCMAudit to [].
2025-09-27 09:19:37,187 [ForkJoinPool-1-worker-1] INFO  ipc.CallQueueManager (CallQueueManager.java:<init>(93)) - Using callQueue: class java.util.concurrent.LinkedBlockingQueue, queueCapacity: 10000, scheduler: class org.apache.hadoop.ipc.DefaultRpcScheduler, ipcBackoff: false, ipcFailOver: false.
2025-09-27 09:19:37,206 [ForkJoinPool-1-worker-1] INFO  ipc.Server (Server.java:<init>(1438)) - Listener at 0.0.0.0:15002
2025-09-27 09:19:37,208 [Socket Reader #1 for port 15002] INFO  ipc.Server (Server.java:run(1474)) - Starting Socket Reader #1 for port 15002
2025-09-27 09:19:37,208 [Socket Reader #2 for port 15002] INFO  ipc.Server (Server.java:run(1474)) - Starting Socket Reader #2 for port 15002
2025-09-27 09:19:37,209 [Socket Reader #3 for port 15002] INFO  ipc.Server (Server.java:run(1474)) - Starting Socket Reader #3 for port 15002
2025-09-27 09:19:37,209 [Socket Reader #4 for port 15002] INFO  ipc.Server (Server.java:run(1474)) - Starting Socket Reader #4 for port 15002
2025-09-27 09:19:37,210 [Socket Reader #5 for port 15002] INFO  ipc.Server (Server.java:run(1474)) - Starting Socket Reader #5 for port 15002
2025-09-27 09:19:37,211 [Socket Reader #7 for port 15002] INFO  ipc.Server (Server.java:run(1474)) - Starting Socket Reader #7 for port 15002
2025-09-27 09:19:37,211 [Socket Reader #8 for port 15002] INFO  ipc.Server (Server.java:run(1474)) - Starting Socket Reader #8 for port 15002
2025-09-27 09:19:37,211 [Socket Reader #6 for port 15002] INFO  ipc.Server (Server.java:run(1474)) - Starting Socket Reader #6 for port 15002
2025-09-27 09:19:37,212 [Socket Reader #9 for port 15002] INFO  ipc.Server (Server.java:run(1474)) - Starting Socket Reader #9 for port 15002
2025-09-27 09:19:37,212 [Socket Reader #10 for port 15002] INFO  ipc.Server (Server.java:run(1474)) - Starting Socket Reader #10 for port 15002
2025-09-27 09:19:37,244 [ForkJoinPool-1-worker-1] INFO  audit.AuditLogger (AuditLogger.java:refreshDebugCmdSet(133)) - Refresh DebugCmdSet for SCMAudit to [].
2025-09-27 09:19:37,248 [ForkJoinPool-1-worker-1] INFO  ipc.CallQueueManager (CallQueueManager.java:<init>(93)) - Using callQueue: class java.util.concurrent.LinkedBlockingQueue, queueCapacity: 10000, scheduler: class org.apache.hadoop.ipc.DefaultRpcScheduler, ipcBackoff: false, ipcFailOver: false.
2025-09-27 09:19:37,249 [ForkJoinPool-1-worker-1] INFO  ipc.Server (Server.java:<init>(1438)) - Listener at 0.0.0.0:15001
2025-09-27 09:19:37,250 [Socket Reader #1 for port 15001] INFO  ipc.Server (Server.java:run(1474)) - Starting Socket Reader #1 for port 15001
2025-09-27 09:19:37,251 [Socket Reader #2 for port 15001] INFO  ipc.Server (Server.java:run(1474)) - Starting Socket Reader #2 for port 15001
2025-09-27 09:19:37,251 [Socket Reader #3 for port 15001] INFO  ipc.Server (Server.java:run(1474)) - Starting Socket Reader #3 for port 15001
2025-09-27 09:19:37,252 [Socket Reader #4 for port 15001] INFO  ipc.Server (Server.java:run(1474)) - Starting Socket Reader #4 for port 15001
2025-09-27 09:19:37,253 [Socket Reader #5 for port 15001] INFO  ipc.Server (Server.java:run(1474)) - Starting Socket Reader #5 for port 15001
2025-09-27 09:19:37,253 [Socket Reader #6 for port 15001] INFO  ipc.Server (Server.java:run(1474)) - Starting Socket Reader #6 for port 15001
2025-09-27 09:19:37,253 [Socket Reader #7 for port 15001] INFO  ipc.Server (Server.java:run(1474)) - Starting Socket Reader #7 for port 15001
2025-09-27 09:19:37,254 [Socket Reader #8 for port 15001] INFO  ipc.Server (Server.java:run(1474)) - Starting Socket Reader #8 for port 15001
2025-09-27 09:19:37,254 [Socket Reader #9 for port 15001] INFO  ipc.Server (Server.java:run(1474)) - Starting Socket Reader #9 for port 15001
2025-09-27 09:19:37,254 [Socket Reader #10 for port 15001] INFO  ipc.Server (Server.java:run(1474)) - Starting Socket Reader #10 for port 15001
2025-09-27 09:19:37,279 [ForkJoinPool-1-worker-1] INFO  audit.AuditLogger (AuditLogger.java:refreshDebugCmdSet(133)) - Refresh DebugCmdSet for SCMAudit to [].
2025-09-27 09:19:37,286 [ForkJoinPool-1-worker-1] INFO  ipc.CallQueueManager (CallQueueManager.java:<init>(93)) - Using callQueue: class java.util.concurrent.LinkedBlockingQueue, queueCapacity: 10000, scheduler: class org.apache.hadoop.ipc.DefaultRpcScheduler, ipcBackoff: false, ipcFailOver: false.
2025-09-27 09:19:37,287 [ForkJoinPool-1-worker-1] INFO  ipc.Server (Server.java:<init>(1438)) - Listener at 0.0.0.0:15000
2025-09-27 09:19:37,287 [Socket Reader #1 for port 15000] INFO  ipc.Server (Server.java:run(1474)) - Starting Socket Reader #1 for port 15000
2025-09-27 09:19:37,287 [Socket Reader #2 for port 15000] INFO  ipc.Server (Server.java:run(1474)) - Starting Socket Reader #2 for port 15000
2025-09-27 09:19:37,288 [Socket Reader #3 for port 15000] INFO  ipc.Server (Server.java:run(1474)) - Starting Socket Reader #3 for port 15000
2025-09-27 09:19:37,288 [Socket Reader #4 for port 15000] INFO  ipc.Server (Server.java:run(1474)) - Starting Socket Reader #4 for port 15000
2025-09-27 09:19:37,289 [Socket Reader #5 for port 15000] INFO  ipc.Server (Server.java:run(1474)) - Starting Socket Reader #5 for port 15000
2025-09-27 09:19:37,290 [Socket Reader #6 for port 15000] INFO  ipc.Server (Server.java:run(1474)) - Starting Socket Reader #6 for port 15000
2025-09-27 09:19:37,290 [Socket Reader #7 for port 15000] INFO  ipc.Server (Server.java:run(1474)) - Starting Socket Reader #7 for port 15000
2025-09-27 09:19:37,291 [Socket Reader #8 for port 15000] INFO  ipc.Server (Server.java:run(1474)) - Starting Socket Reader #8 for port 15000
2025-09-27 09:19:37,291 [Socket Reader #9 for port 15000] INFO  ipc.Server (Server.java:run(1474)) - Starting Socket Reader #9 for port 15000
2025-09-27 09:19:37,291 [Socket Reader #10 for port 15000] INFO  ipc.Server (Server.java:run(1474)) - Starting Socket Reader #10 for port 15000
2025-09-27 09:19:37,351 [ForkJoinPool-1-worker-1] INFO  ha.SCMServiceManager (SCMServiceManager.java:register(42)) - Registering service ContainerBalancer.
2025-09-27 09:19:37,351 [ForkJoinPool-1-worker-1] INFO  ha.SCMContext (SCMContext.java:updateSafeModeStatus(224)) - Update SafeModeStatus from SafeModeStatus{safeModeStatus=true, preCheckPassed=false} to SafeModeStatus{safeModeStatus=true, preCheckPassed=false}.
2025-09-27 09:19:37,360 [ForkJoinPool-1-worker-1] INFO  server.StorageContainerManager (StorageContainerManager.java:start(1515)) - StorageContainerLocationProtocol RPC server is listening at /0.0.0.0:15000
2025-09-27 09:19:37,361 [ForkJoinPool-1-worker-1] INFO  ha.SCMRatisServerImpl (SCMRatisServerImpl.java:start(203)) - starting ratis server 0.0.0.0:15004
2025-09-27 09:19:37,362 [07f651f6-8f87-47bb-8f69-34e194401a37-impl-thread1] INFO  storage.RaftStorageDirectory (RaftStorageDirectoryImpl.java:tryLock(229)) - Lock on /home/runner/work/ozone/ozone/hadoop-ozone/integration-test/target/test-dir/MiniOzoneClusterImpl-871b4ddd-f672-4be1-b73a-1629492f36a3/scm/ratis/871b4ddd-f672-4be1-b73a-1629492f36a3/in_use.lock acquired by nodename 126253@localhost
2025-09-27 09:19:37,364 [07f651f6-8f87-47bb-8f69-34e194401a37-impl-thread1] INFO  storage.RaftStorage (RaftStorageImpl.java:analyzeAndRecoverStorage(118)) - Read RaftStorageMetadata{term=1, votedFor=07f651f6-8f87-47bb-8f69-34e194401a37} from /home/runner/work/ozone/ozone/hadoop-ozone/integration-test/target/test-dir/MiniOzoneClusterImpl-871b4ddd-f672-4be1-b73a-1629492f36a3/scm/ratis/871b4ddd-f672-4be1-b73a-1629492f36a3/current/raft-meta
2025-09-27 09:19:37,366 [07f651f6-8f87-47bb-8f69-34e194401a37-impl-thread1] INFO  server.RaftServer$Division (ServerState.java:setRaftConf(386)) - 07f651f6-8f87-47bb-8f69-34e194401a37@group-1629492F36A3: set configuration conf: {index: 0, cur=peers:[07f651f6-8f87-47bb-8f69-34e194401a37|localhost:15004]|listeners:[], old=null}
2025-09-27 09:19:37,367 [07f651f6-8f87-47bb-8f69-34e194401a37-impl-thread1] INFO  ha.SCMStateMachine (SCMStateMachine.java:lambda$initialize$0(135)) - 07f651f6-8f87-47bb-8f69-34e194401a37: initialize group-1629492F36A3
2025-09-27 09:19:37,367 [07f651f6-8f87-47bb-8f69-34e194401a37-impl-thread1] INFO  server.RaftServerConfigKeys (ConfUtils.java:logGet(62)) - raft.server.log.appender.buffer.byte-limit = 4194304 (custom)
2025-09-27 09:19:37,370 [07f651f6-8f87-47bb-8f69-34e194401a37-impl-thread1] INFO  server.RaftServerConfigKeys (ConfUtils.java:logGet(62)) - raft.server.log.segment.size.max = 67108864 (custom)
2025-09-27 09:19:37,370 [07f651f6-8f87-47bb-8f69-34e194401a37-impl-thread1] INFO  server.RaftServerConfigKeys (ConfUtils.java:logGet(62)) - raft.server.log.appender.buffer.byte-limit = 4194304 (custom)
2025-09-27 09:19:37,371 [07f651f6-8f87-47bb-8f69-34e194401a37-impl-thread1] INFO  util.AwaitToRun (AwaitToRun.java:start(81)) - Thread[#114,07f651f6-8f87-47bb-8f69-34e194401a37@group-1629492F36A3-cacheEviction-AwaitToRun,5,main] started
2025-09-27 09:19:37,372 [07f651f6-8f87-47bb-8f69-34e194401a37-impl-thread1] INFO  segmented.SegmentedRaftLogWorker (SegmentedRaftLogWorker.java:<init>(190)) - new 07f651f6-8f87-47bb-8f69-34e194401a37@group-1629492F36A3-SegmentedRaftLogWorker for RaftStorageImpl:Storage Directory /home/runner/work/ozone/ozone/hadoop-ozone/integration-test/target/test-dir/MiniOzoneClusterImpl-871b4ddd-f672-4be1-b73a-1629492f36a3/scm/ratis/871b4ddd-f672-4be1-b73a-1629492f36a3
2025-09-27 09:19:37,372 [07f651f6-8f87-47bb-8f69-34e194401a37-impl-thread1] INFO  server.RaftServerConfigKeys (ConfUtils.java:logGet(62)) - raft.server.log.segment.size.max = 67108864 (custom)
2025-09-27 09:19:37,372 [07f651f6-8f87-47bb-8f69-34e194401a37-impl-thread1] INFO  server.RaftServerConfigKeys (ConfUtils.java:logGet(62)) - raft.server.log.preallocated.size = 4194304 (custom)
2025-09-27 09:19:37,372 [07f651f6-8f87-47bb-8f69-34e194401a37-impl-thread1] INFO  server.RaftServerConfigKeys (ConfUtils.java:logGet(62)) - raft.server.log.write.buffer.size = 4194312 (custom)
2025-09-27 09:19:37,374 [07f651f6-8f87-47bb-8f69-34e194401a37-impl-thread1] INFO  server.RaftServerConfigKeys (ConfUtils.java:logGet(62)) - raft.server.log.appender.buffer.byte-limit = 4194304 (custom)
2025-09-27 09:19:37,379 [07f651f6-8f87-47bb-8f69-34e194401a37-impl-thread1] INFO  server.RaftServer$Division (ServerState.java:setRaftConf(386)) - 07f651f6-8f87-47bb-8f69-34e194401a37@group-1629492F36A3: set configuration conf: {index: 0, cur=peers:[07f651f6-8f87-47bb-8f69-34e194401a37|localhost:15004]|listeners:[], old=null}
2025-09-27 09:19:37,380 [07f651f6-8f87-47bb-8f69-34e194401a37-impl-thread1] INFO  segmented.LogSegment (LogSegment.java:loadSegment(171)) - Successfully read 1 entries from segment file /home/runner/work/ozone/ozone/hadoop-ozone/integration-test/target/test-dir/MiniOzoneClusterImpl-871b4ddd-f672-4be1-b73a-1629492f36a3/scm/ratis/871b4ddd-f672-4be1-b73a-1629492f36a3/current/log_inprogress_0
2025-09-27 09:19:37,380 [07f651f6-8f87-47bb-8f69-34e194401a37-impl-thread1] INFO  segmented.SegmentedRaftLogWorker (SegmentedRaftLogWorker.java:lambda$new$0(141)) - 07f651f6-8f87-47bb-8f69-34e194401a37@group-1629492F36A3-SegmentedRaftLogWorker: safeCacheEvictIndex: setUnconditionally 0 -> -1
2025-09-27 09:19:37,380 [07f651f6-8f87-47bb-8f69-34e194401a37-impl-thread1] INFO  segmented.BufferedWriteChannel (BufferedWriteChannel.java:open(61)) - open log_inprogress_0 (append) at position 76
2025-09-27 09:19:37,381 [07f651f6-8f87-47bb-8f69-34e194401a37-impl-thread1] INFO  server.RaftServer$Division (RaftServerImpl.java:start(405)) - 07f651f6-8f87-47bb-8f69-34e194401a37@group-1629492F36A3: start as a follower, conf=conf: {index: 0, cur=peers:[07f651f6-8f87-47bb-8f69-34e194401a37|localhost:15004]|listeners:[], old=null}
2025-09-27 09:19:37,381 [07f651f6-8f87-47bb-8f69-34e194401a37-impl-thread1] INFO  server.RaftServer$Division (RaftServerImpl.java:setRole(392)) - 07f651f6-8f87-47bb-8f69-34e194401a37@group-1629492F36A3: changes role from      null to FOLLOWER at term 1 for startAsFollower
2025-09-27 09:19:37,381 [07f651f6-8f87-47bb-8f69-34e194401a37-impl-thread1] INFO  impl.RoleInfo (RoleInfo.java:updateAndGet(148)) - 07f651f6-8f87-47bb-8f69-34e194401a37: start 07f651f6-8f87-47bb-8f69-34e194401a37@group-1629492F36A3-FollowerState
2025-09-27 09:19:37,382 [07f651f6-8f87-47bb-8f69-34e194401a37-impl-thread1] INFO  util.JmxRegister (JmxRegister.java:tryRegister(44)) - Successfully registered JMX Bean with object name Ratis:service=RaftServer,group=group-1629492F36A3,id=07f651f6-8f87-47bb-8f69-34e194401a37
2025-09-27 09:19:37,383 [07f651f6-8f87-47bb-8f69-34e194401a37-impl-thread1] INFO  util.JmxRegister (JmxRegister.java:register(58)) - register mxBean class org.apache.ratis.server.impl.RaftServerJmxAdapter as Ratis:service=RaftServer,group=group-1629492F36A3,id=07f651f6-8f87-47bb-8f69-34e194401a37
2025-09-27 09:19:37,384 [07f651f6-8f87-47bb-8f69-34e194401a37-impl-thread1] INFO  server.RaftServer$Division (RaftServerImpl.java:start(419)) - 07f651f6-8f87-47bb-8f69-34e194401a37@group-1629492F36A3: Successfully started.
2025-09-27 09:19:37,384 [ForkJoinPool-1-worker-1] INFO  server.RaftServer (RaftServerProxy.java:startImpl(412)) - 07f651f6-8f87-47bb-8f69-34e194401a37: start RPC server
2025-09-27 09:19:37,385 [ForkJoinPool-1-worker-1] INFO  server.GrpcServicesImpl (GrpcServicesImpl.java:startImpl(346)) - 07f651f6-8f87-47bb-8f69-34e194401a37: GrpcServicesImpl started, listening on 15004
2025-09-27 09:19:37,386 [JvmPauseMonitor1] INFO  util.JvmPauseMonitor (JvmPauseMonitor.java:run(146)) - JvmPauseMonitor-07f651f6-8f87-47bb-8f69-34e194401a37: Started
2025-09-27 09:19:37,392 [ForkJoinPool-1-worker-1] INFO  ha.SCMHAManagerImpl (SCMHAManagerImpl.java:start(131)) -  scm role is FOLLOWER peers [07f651f6-8f87-47bb-8f69-34e194401a37|localhost:15004]
2025-09-27 09:19:37,392 [ForkJoinPool-1-worker-1] INFO  ha.InterSCMGrpcService (InterSCMGrpcProtocolService.java:start(98)) - Starting SCM Grpc Service at port 15005
2025-09-27 09:19:37,394 [ForkJoinPool-1-worker-1] INFO  SCMHATransactionMonitor (BackgroundSCMService.java:start(64)) - Starting SCMHATransactionMonitor Service.
2025-09-27 09:19:37,394 [ForkJoinPool-1-worker-1] INFO  ha.SCMServiceManager (SCMServiceManager.java:register(42)) - Registering service SCMHATransactionMonitor.
2025-09-27 09:19:37,395 [ForkJoinPool-1-worker-1] INFO  SCMHATransactionMonitor (BackgroundSCMService.java:start(61)) - SCMHATransactionMonitor Service is already running, skip start.
2025-09-27 09:19:37,427 [ForkJoinPool-1-worker-1] WARN  impl.MetricsConfig (MetricsConfig.java:loadFirst(138)) - Cannot locate configuration: tried hadoop-metrics2-storagecontainermanager.properties,hadoop-metrics2.properties
2025-09-27 09:19:37,434 [ForkJoinPool-1-worker-1] INFO  impl.MetricsSystemImpl (MetricsSystemImpl.java:startTimer(378)) - Scheduled Metric snapshot period at 10 second(s).
2025-09-27 09:19:37,435 [ForkJoinPool-1-worker-1] INFO  impl.MetricsSystemImpl (MetricsSystemImpl.java:start(191)) - StorageContainerManager metrics system started
2025-09-27 09:19:37,547 [ForkJoinPool-1-worker-1] INFO  server.SCMClientProtocolServer (SCMClientProtocolServer.java:start(208)) - RPC server for Client  is listening at /0.0.0.0:15000
2025-09-27 09:19:37,548 [IPC Server Responder] INFO  ipc.Server (Server.java:run(1713)) - IPC Server Responder: starting
2025-09-27 09:19:37,549 [IPC Server listener on 15000] INFO  ipc.Server (Server.java:run(1553)) - IPC Server listener on 15000: starting
2025-09-27 09:19:37,565 [ForkJoinPool-1-worker-1] INFO  server.StorageContainerManager (StorageContainerManager.java:start(1528)) - ScmBlockLocationProtocol RPC server is listening at /0.0.0.0:15001
2025-09-27 09:19:37,566 [ForkJoinPool-1-worker-1] INFO  server.SCMBlockProtocolServer (SCMBlockProtocolServer.java:start(166)) - RPC server for Block Protocol is listening at /0.0.0.0:15001
2025-09-27 09:19:37,566 [IPC Server Responder] INFO  ipc.Server (Server.java:run(1713)) - IPC Server Responder: starting
2025-09-27 09:19:37,566 [IPC Server listener on 15001] INFO  ipc.Server (Server.java:run(1553)) - IPC Server listener on 15001: starting
2025-09-27 09:19:37,594 [ForkJoinPool-1-worker-1] INFO  utils.BackgroundService (BackgroundService.java:start(119)) - Starting service SCMBlockDeletingService with interval 60000 milliseconds
2025-09-27 09:19:37,608 [ForkJoinPool-1-worker-1] INFO  http.BaseHttpServer (BaseHttpServer.java:newHttpServer2BuilderForOzone(227)) - Starting Web-server for scm at: http://0.0.0.0:15003
2025-09-27 09:19:37,609 [ForkJoinPool-1-worker-1] INFO  http.BaseHttpServer (BaseHttpServer.java:<init>(105)) - Hadoop Security Enabled: false Ozone Security Enabled: false Ozone HTTP Security Enabled: false 
2025-09-27 09:19:37,629 [ForkJoinPool-1-worker-1] INFO  util.log (Log.java:initialized(170)) - Logging initialized @6155ms to org.eclipse.jetty.util.log.Slf4jLog
2025-09-27 09:19:37,703 [ForkJoinPool-1-worker-1] WARN  server.AuthenticationFilter (AuthenticationFilter.java:constructSecretProvider(240)) - Unable to initialize FileSignerSecretProvider, falling back to use random secrets. Reason: Could not read signature secret file: /home/runner/hadoop-http-auth-signature-secret
2025-09-27 09:19:37,725 [ForkJoinPool-1-worker-1] INFO  http.HttpServer2 (HttpServer2.java:addGlobalFilter(1041)) - Added global filter 'safety' (class=org.apache.hadoop.hdds.server.http.HttpServer2$QuotingInputFilter)
2025-09-27 09:19:37,728 [ForkJoinPool-1-worker-1] INFO  http.HttpServer2 (HttpServer2.java:addFilter(1017)) - Added filter static_user_filter (class=org.apache.hadoop.http.lib.StaticUserWebFilter$StaticUserFilter) to context scm
2025-09-27 09:19:37,729 [ForkJoinPool-1-worker-1] INFO  http.HttpServer2 (HttpServer2.java:addFilter(1025)) - Added filter static_user_filter (class=org.apache.hadoop.http.lib.StaticUserWebFilter$StaticUserFilter) to context static
2025-09-27 09:19:37,729 [ForkJoinPool-1-worker-1] INFO  http.HttpServer2 (HttpServer2.java:addFilter(1025)) - Added filter static_user_filter (class=org.apache.hadoop.http.lib.StaticUserWebFilter$StaticUserFilter) to context logs
2025-09-27 09:19:37,755 [ForkJoinPool-1-worker-1] INFO  http.BaseHttpServer (BaseHttpServer.java:<init>(193)) - HTTP server of scm uses base directory /home/runner/work/ozone/ozone/hadoop-ozone/integration-test/target/test-dir/MiniOzoneClusterImpl-871b4ddd-f672-4be1-b73a-1629492f36a3/scm/ozone-metadata/webserver
2025-09-27 09:19:37,756 [ForkJoinPool-1-worker-1] INFO  http.HttpServer2 (HttpServer2.java:bindListener(1241)) - Jetty bound to port 15003
2025-09-27 09:19:37,757 [ForkJoinPool-1-worker-1] INFO  server.Server (Server.java:doStart(375)) - jetty-9.4.58.v20250814; built: 2025-08-14T02:28:49.637Z; git: 8f1440587e9e4ae7db3d74cf205643f3d707148d; jvm 21.0.8+9-LTS
2025-09-27 09:19:37,780 [ForkJoinPool-1-worker-1] INFO  server.session (DefaultSessionIdManager.java:doStart(334)) - DefaultSessionIdManager workerName=node0
2025-09-27 09:19:37,780 [ForkJoinPool-1-worker-1] INFO  server.session (DefaultSessionIdManager.java:doStart(339)) - No SessionScavenger set, using defaults
2025-09-27 09:19:37,781 [ForkJoinPool-1-worker-1] INFO  server.session (HouseKeeper.java:startScavenging(132)) - node0 Scavenging every 600000ms
2025-09-27 09:19:37,789 [ForkJoinPool-1-worker-1] INFO  handler.ContextHandler (ContextHandler.java:doStart(921)) - Started o.e.j.s.ServletContextHandler@5d18d8a2{logs,/logs,file:///home/runner/work/ozone/ozone/hadoop-ozone/integration-test/target/log,AVAILABLE}
2025-09-27 09:19:37,790 [ForkJoinPool-1-worker-1] INFO  handler.ContextHandler (ContextHandler.java:doStart(921)) - Started o.e.j.s.ServletContextHandler@fece545{static,/static,file:///home/runner/work/ozone/ozone/hadoop-ozone/integration-test/target/test-classes/webapps/static,AVAILABLE}
2025-09-27 09:19:37,825 [ForkJoinPool-1-worker-1] INFO  handler.ContextHandler (ContextHandler.java:doStart(921)) - Started o.e.j.w.WebAppContext@51801195{scm,/,file:///home/runner/work/ozone/ozone/hadoop-ozone/integration-test/target/test-classes/webapps/scm/,AVAILABLE}{file:/home/runner/work/ozone/ozone/hadoop-ozone/integration-test/target/test-classes/webapps/scm}
2025-09-27 09:19:37,830 [ForkJoinPool-1-worker-1] INFO  server.AbstractConnector (AbstractConnector.java:doStart(333)) - Started ServerConnector@6e15e514{HTTP/1.1, (http/1.1)}{0.0.0.0:15003}
2025-09-27 09:19:37,831 [ForkJoinPool-1-worker-1] INFO  server.Server (Server.java:doStart(415)) - Started @6357ms
2025-09-27 09:19:37,833 [ForkJoinPool-1-worker-1] INFO  impl.MetricsSinkAdapter (MetricsSinkAdapter.java:start(204)) - Sink prometheus started
2025-09-27 09:19:37,833 [ForkJoinPool-1-worker-1] INFO  impl.MetricsSystemImpl (MetricsSystemImpl.java:registerSink(305)) - Registered sink prometheus
2025-09-27 09:19:37,833 [ForkJoinPool-1-worker-1] INFO  http.BaseHttpServer (BaseHttpServer.java:updateConnectorAddress(357)) - HTTP server of scm listening at http://localhost:15003
2025-09-27 09:19:37,912 [ForkJoinPool-1-worker-1] INFO  audit.AuditLogger (AuditLogger.java:refreshDebugCmdSet(133)) - Refresh DebugCmdSet for OMAudit to [].
2025-09-27 09:19:37,933 [ForkJoinPool-1-worker-1] INFO  audit.AuditLogger (AuditLogger.java:refreshDebugCmdSet(133)) - Refresh DebugCmdSet for OMSystemAudit to [].
2025-09-27 09:19:37,981 [ForkJoinPool-1-worker-1] INFO  ha.OMHANodeDetails (OMHANodeDetails.java:loadOMHAConfig(114)) - ozone.om.internal.service.id is not defined, falling back to ozone.om.service.ids to find serviceID for OzoneManager if it is HA enabled cluster
2025-09-27 09:19:37,984 [ForkJoinPool-1-worker-1] INFO  ha.OMHANodeDetails (OMHANodeDetails.java:loadOMHAConfig(228)) - Configuration does not have ozone.om.address set. Falling back to the default OM address /127.0.0.1:15006
2025-09-27 09:19:37,985 [ForkJoinPool-1-worker-1] INFO  ha.OMHANodeDetails (OMHANodeDetails.java:getOMNodeDetailsForNonHA(262)) - OM Service ID is not set. Setting it to the default ID: omServiceIdDefault
2025-09-27 09:19:37,985 [ForkJoinPool-1-worker-1] INFO  ha.OMHANodeDetails (OMHANodeDetails.java:getOMNodeDetailsForNonHA(269)) - OM Node ID is not set. Setting it to the default ID: om1
2025-09-27 09:19:38,002 [ForkJoinPool-1-worker-1] INFO  upgrade.AbstractLayoutVersionManager (AbstractLayoutVersionManager.java:init(80)) - Initializing Layout version manager with metadata layout = DELEGATION_TOKEN_SYMMETRIC_SIGN (version = 8), software layout = DELEGATION_TOKEN_SYMMETRIC_SIGN (version = 8)
2025-09-27 09:19:38,127 [ForkJoinPool-1-worker-1] INFO  reflections.Reflections (Reflections.java:scan(219)) - Reflections took 122 ms to scan 2 urls, producing 217 keys and 636 values
2025-09-27 09:19:38,131 [ForkJoinPool-1-worker-1] INFO  upgrade.OMLayoutVersionManager (OMLayoutVersionManager.java:lambda$0(110)) - Skipping Upgrade Action QuotaRepairUpgradeAction since it has been finalized.
2025-09-27 09:19:38,133 [ForkJoinPool-1-worker-1] INFO  upgrade.OMLayoutVersionManager (OMLayoutVersionManager.java:lambda$0(110)) - Skipping Upgrade Action MockOmUpgradeAction since it has been finalized.
2025-09-27 09:19:38,140 [ForkJoinPool-1-worker-1] INFO  om.OzoneManager (OzoneManager.java:setReplicationFromConfig(4650)) - Set default replication in OM: RATIS/3 -> RATIS/THREE
2025-09-27 09:19:38,145 [ForkJoinPool-1-worker-1] INFO  proxy.SCMContainerLocationFailoverProxyProvider (SCMFailoverProxyProviderBase.java:<init>(120)) - Created fail-over proxy for protocol StorageContainerLocationProtocolPB with 1 nodes: [nodeId=scmNodeId,nodeAddress=/0.0.0.0:15000]
2025-09-27 09:19:38,185 [ForkJoinPool-1-worker-1] INFO  proxy.SCMBlockLocationFailoverProxyProvider (SCMFailoverProxyProviderBase.java:<init>(120)) - Created fail-over proxy for protocol ScmBlockLocationProtocolPB with 1 nodes: [nodeId=scmNodeId,nodeAddress=/0.0.0.0:15001]
2025-09-27 09:19:38,200 [ForkJoinPool-1-worker-1] INFO  proxy.SCMBlockLocationFailoverProxyProvider (SCMFailoverProxyProviderBase.java:<init>(120)) - Created fail-over proxy for protocol ScmBlockLocationProtocolPB with 1 nodes: [nodeId=scmNodeId,nodeAddress=/0.0.0.0:15001]
2025-09-27 09:19:38,401 [07f651f6-8f87-47bb-8f69-34e194401a37@group-1629492F36A3-FollowerState] INFO  impl.FollowerState (FollowerState.java:runImpl(161)) - 07f651f6-8f87-47bb-8f69-34e194401a37@group-1629492F36A3-FollowerState: change to CANDIDATE, lastRpcElapsedTime:1020009508ns, electionTimeout:1019ms
2025-09-27 09:19:38,401 [07f651f6-8f87-47bb-8f69-34e194401a37@group-1629492F36A3-FollowerState] INFO  impl.RoleInfo (RoleInfo.java:shutdownFollowerState(121)) - 07f651f6-8f87-47bb-8f69-34e194401a37: shutdown 07f651f6-8f87-47bb-8f69-34e194401a37@group-1629492F36A3-FollowerState
2025-09-27 09:19:38,402 [07f651f6-8f87-47bb-8f69-34e194401a37@group-1629492F36A3-FollowerState] INFO  server.RaftServer$Division (RaftServerImpl.java:setRole(392)) - 07f651f6-8f87-47bb-8f69-34e194401a37@group-1629492F36A3: changes role from  FOLLOWER to CANDIDATE at term 1 for changeToCandidate
2025-09-27 09:19:38,402 [07f651f6-8f87-47bb-8f69-34e194401a37@group-1629492F36A3-FollowerState] INFO  impl.RoleInfo (RoleInfo.java:updateAndGet(148)) - 07f651f6-8f87-47bb-8f69-34e194401a37: start 07f651f6-8f87-47bb-8f69-34e194401a37@group-1629492F36A3-LeaderElection2
2025-09-27 09:19:38,402 [07f651f6-8f87-47bb-8f69-34e194401a37@group-1629492F36A3-LeaderElection2] INFO  impl.LeaderElection (LeaderElection.java:askForVotes(448)) - 07f651f6-8f87-47bb-8f69-34e194401a37@group-1629492F36A3-LeaderElection2 PRE_VOTE round 0: submit vote requests at term 1 for conf: {index: 0, cur=peers:[07f651f6-8f87-47bb-8f69-34e194401a37|localhost:15004]|listeners:[], old=null}
2025-09-27 09:19:38,403 [07f651f6-8f87-47bb-8f69-34e194401a37@group-1629492F36A3-LeaderElection2] INFO  impl.LeaderElection (LeaderElection.java:askForVotes(450)) - 07f651f6-8f87-47bb-8f69-34e194401a37@group-1629492F36A3-LeaderElection2 PRE_VOTE round 0: result PASSED (term=1)
2025-09-27 09:19:38,404 [07f651f6-8f87-47bb-8f69-34e194401a37@group-1629492F36A3-LeaderElection2] INFO  impl.LeaderElection (LeaderElection.java:askForVotes(448)) - 07f651f6-8f87-47bb-8f69-34e194401a37@group-1629492F36A3-LeaderElection2 ELECTION round 0: submit vote requests at term 2 for conf: {index: 0, cur=peers:[07f651f6-8f87-47bb-8f69-34e194401a37|localhost:15004]|listeners:[], old=null}
2025-09-27 09:19:38,405 [07f651f6-8f87-47bb-8f69-34e194401a37@group-1629492F36A3-LeaderElection2] INFO  impl.LeaderElection (LeaderElection.java:askForVotes(450)) - 07f651f6-8f87-47bb-8f69-34e194401a37@group-1629492F36A3-LeaderElection2 ELECTION round 0: result PASSED (term=2)
2025-09-27 09:19:38,405 [07f651f6-8f87-47bb-8f69-34e194401a37@group-1629492F36A3-LeaderElection2] INFO  impl.RoleInfo (RoleInfo.java:shutdownLeaderElection(141)) - 07f651f6-8f87-47bb-8f69-34e194401a37: shutdown 07f651f6-8f87-47bb-8f69-34e194401a37@group-1629492F36A3-LeaderElection2
2025-09-27 09:19:38,405 [07f651f6-8f87-47bb-8f69-34e194401a37@group-1629492F36A3-LeaderElection2] INFO  server.RaftServer$Division (RaftServerImpl.java:setRole(392)) - 07f651f6-8f87-47bb-8f69-34e194401a37@group-1629492F36A3: changes role from CANDIDATE to LEADER at term 2 for changeToLeader
2025-09-27 09:19:38,405 [07f651f6-8f87-47bb-8f69-34e194401a37@group-1629492F36A3-LeaderElection2] INFO  server.RaftServerConfigKeys (ConfUtils.java:logFallback(69)) - raft.server.staging.timeout = 15600ms (fallback to raft.server.rpc.timeout.max)
2025-09-27 09:19:38,407 [07f651f6-8f87-47bb-8f69-34e194401a37@group-1629492F36A3-LeaderElection2] INFO  impl.RoleInfo (RoleInfo.java:updateAndGet(148)) - 07f651f6-8f87-47bb-8f69-34e194401a37: start 07f651f6-8f87-47bb-8f69-34e194401a37@group-1629492F36A3-LeaderStateImpl
2025-09-27 09:19:38,407 [07f651f6-8f87-47bb-8f69-34e194401a37@group-1629492F36A3-LeaderElection2] INFO  server.RaftServer$Division (RaftServerImpl.java:setFirstElection(576)) - 07f651f6-8f87-47bb-8f69-34e194401a37@group-1629492F36A3: set firstElectionSinceStartup to false for becomeLeader
2025-09-27 09:19:38,407 [07f651f6-8f87-47bb-8f69-34e194401a37@group-1629492F36A3-LeaderElection2] INFO  ha.SCMStateMachine (SCMStateMachine.java:notifyLeaderChanged(293)) - current SCM becomes leader of term 2.
2025-09-27 09:19:38,407 [07f651f6-8f87-47bb-8f69-34e194401a37@group-1629492F36A3-LeaderElection2] INFO  ha.SCMContext (SCMContext.java:updateLeaderAndTerm(95)) - update <isLeader,term> from <false,0> to <true,2>
2025-09-27 09:19:38,409 [07f651f6-8f87-47bb-8f69-34e194401a37@group-1629492F36A3-LeaderElection2] INFO  server.RaftServer$Division (ServerState.java:setLeader(272)) - 07f651f6-8f87-47bb-8f69-34e194401a37@group-1629492F36A3: change Leader from null to 07f651f6-8f87-47bb-8f69-34e194401a37 at term 2 for becomeLeader, leader elected after 1762ms
2025-09-27 09:19:38,409 [07f651f6-8f87-47bb-8f69-34e194401a37@group-1629492F36A3-LeaderElection2] INFO  segmented.SegmentedRaftLogWorker (SegmentedRaftLogWorker.java:rollLogSegment(445)) - 07f651f6-8f87-47bb-8f69-34e194401a37@group-1629492F36A3-SegmentedRaftLogWorker: Rolling segment log-0_0 to index:0
2025-09-27 09:19:38,410 [07f651f6-8f87-47bb-8f69-34e194401a37@group-1629492F36A3-LeaderElection2] INFO  server.RaftServer$Division (ServerState.java:setRaftConf(386)) - 07f651f6-8f87-47bb-8f69-34e194401a37@group-1629492F36A3: set configuration conf: {index: 1, cur=peers:[07f651f6-8f87-47bb-8f69-34e194401a37|localhost:15004]|listeners:[], old=null}
2025-09-27 09:19:38,411 [07f651f6-8f87-47bb-8f69-34e194401a37@group-1629492F36A3-SegmentedRaftLogWorker] INFO  segmented.SegmentedRaftLogWorker (SegmentedRaftLogWorker.java:execute(604)) - 07f651f6-8f87-47bb-8f69-34e194401a37@group-1629492F36A3-SegmentedRaftLogWorker: Rolled log segment from /home/runner/work/ozone/ozone/hadoop-ozone/integration-test/target/test-dir/MiniOzoneClusterImpl-871b4ddd-f672-4be1-b73a-1629492f36a3/scm/ratis/871b4ddd-f672-4be1-b73a-1629492f36a3/current/log_inprogress_0 to /home/runner/work/ozone/ozone/hadoop-ozone/integration-test/target/test-dir/MiniOzoneClusterImpl-871b4ddd-f672-4be1-b73a-1629492f36a3/scm/ratis/871b4ddd-f672-4be1-b73a-1629492f36a3/current/log_0-0
2025-09-27 09:19:38,413 [07f651f6-8f87-47bb-8f69-34e194401a37@group-1629492F36A3-SegmentedRaftLogWorker] INFO  segmented.BufferedWriteChannel (BufferedWriteChannel.java:open(61)) - open log_inprogress_1 at position 0
2025-09-27 09:19:38,419 [07f651f6-8f87-47bb-8f69-34e194401a37@group-1629492F36A3-SegmentedRaftLogWorker] INFO  segmented.SegmentedRaftLogWorker (SegmentedRaftLogWorker.java:execute(647)) - 07f651f6-8f87-47bb-8f69-34e194401a37@group-1629492F36A3-SegmentedRaftLogWorker: created new log segment /home/runner/work/ozone/ozone/hadoop-ozone/integration-test/target/test-dir/MiniOzoneClusterImpl-871b4ddd-f672-4be1-b73a-1629492f36a3/scm/ratis/871b4ddd-f672-4be1-b73a-1629492f36a3/current/log_inprogress_1
2025-09-27 09:19:38,423 [07f651f6-8f87-47bb-8f69-34e194401a37@group-1629492F36A3-StateMachineUpdater] INFO  server.RaftServer$Division (LeaderStateImpl.java:checkStartIndex(309)) - Leader 07f651f6-8f87-47bb-8f69-34e194401a37@group-1629492F36A3-LeaderStateImpl is ready since appliedIndex == startIndex == 1
2025-09-27 09:19:38,423 [07f651f6-8f87-47bb-8f69-34e194401a37@group-1629492F36A3-StateMachineUpdater] INFO  ha.SCMContext (SCMContext.java:setLeaderReady(122)) - update <isLeaderReady> from <false> to <true>
2025-09-27 09:19:38,424 [07f651f6-8f87-47bb-8f69-34e194401a37@group-1629492F36A3-StateMachineUpdater] INFO  pipeline.BackgroundPipelineCreator (BackgroundPipelineCreator.java:notifyStatusChanged(268)) - Service BackgroundPipelineCreator transitions to RUNNING.
2025-09-27 09:19:38,425 [07f651f6-8f87-47bb-8f69-34e194401a37@group-1629492F36A3-StateMachineUpdater] INFO  safemode.RatisContainerSafeModeRule (RatisContainerSafeModeRule.java:initializeRule(160)) - Refreshed Containers with one replica threshold count 0.
2025-09-27 09:19:38,425 [07f651f6-8f87-47bb-8f69-34e194401a37@group-1629492F36A3-StateMachineUpdater] INFO  safemode.HealthyPipelineSafeModeRule (HealthyPipelineSafeModeRule.java:initializeRule(228)) - Refreshed total pipeline count is 0, healthy pipeline threshold count is 1
2025-09-27 09:19:38,425 [07f651f6-8f87-47bb-8f69-34e194401a37@group-1629492F36A3-StateMachineUpdater] INFO  safemode.ECContainerSafeModeRule (ECContainerSafeModeRule.java:initializeRule(204)) - Refreshed Containers with ec n replica threshold count 0.
2025-09-27 09:19:38,425 [07f651f6-8f87-47bb-8f69-34e194401a37@group-1629492F36A3-StateMachineUpdater] INFO  safemode.OneReplicaPipelineSafeModeRule (OneReplicaPipelineSafeModeRule.java:initializeRule(186)) - Refreshed Total pipeline count is 0, pipeline's with at least one datanode reported threshold count is 0
2025-09-27 09:19:38,425 [07f651f6-8f87-47bb-8f69-34e194401a37@group-1629492F36A3-StateMachineUpdater] INFO  server.SCMDatanodeProtocolServer (SCMDatanodeProtocolServer.java:start(195)) - ScmDatanodeProtocol RPC server for DataNodes is listening at /0.0.0.0:15002
2025-09-27 09:19:38,426 [IPC Server Responder] INFO  ipc.Server (Server.java:run(1713)) - IPC Server Responder: starting
2025-09-27 09:19:38,427 [IPC Server listener on 15002] INFO  ipc.Server (Server.java:run(1553)) - IPC Server listener on 15002: starting
2025-09-27 09:19:40,415 [ForkJoinPool-1-worker-1] INFO  om.OzoneManager (OzoneManager.java:<init>(683)) - OM start with adminUsers: [admin, runner]
2025-09-27 09:19:40,515 [ForkJoinPool-1-worker-1] INFO  utils.NativeLibraryLoader (NativeLibraryLoader.java:loadLibrary(120)) - Loading Library: ozone_rocksdb_tools
2025-09-27 09:19:40,792 [ForkJoinPool-1-worker-1] INFO  om.OzoneManager (OzoneManager.java:instantiateServices(927)) - S3 Multi-Tenancy is disabled
2025-09-27 09:19:40,813 [ForkJoinPool-1-worker-1] INFO  acl.OzoneAuthorizerFactory (OzoneAuthorizerFactory.java:create(69)) - om1: Authorizer for OM is class org.apache.hadoop.ozone.security.acl.OzoneAccessAuthorizer
2025-09-27 09:19:40,832 [ForkJoinPool-1-worker-1] INFO  om.OmSnapshotManager (OmSnapshotManager.java:<init>(203)) - Ozone filesystem snapshot feature is enabled.
2025-09-27 09:19:40,880 [ForkJoinPool-1-worker-1] INFO  utils.BackgroundService (BackgroundService.java:start(119)) - Starting service SnapshotDiffCleanupService with interval 60000 milliseconds
2025-09-27 09:19:40,925 [ForkJoinPool-1-worker-1] INFO  om.OzoneManager (OzoneManager.java:addS3GVolumeToDB(4708)) - Created Volume s3v With Owner runner required for S3Gateway operations.
2025-09-27 09:19:40,983 [ForkJoinPool-1-worker-1] WARN  dropwizard3.Dm3MetricRegistriesImpl (Dm3MetricRegistriesImpl.java:addReporterRegistration(114)) - New reporters are added after registries were created. Some metrics will be missing from the reporter. Please add reporter before adding any new registry.
2025-09-27 09:19:40,983 [ForkJoinPool-1-worker-1] WARN  dropwizard3.Dm3MetricRegistriesImpl (Dm3MetricRegistriesImpl.java:addReporterRegistration(114)) - New reporters are added after registries were created. Some metrics will be missing from the reporter. Please add reporter before adding any new registry.
2025-09-27 09:19:40,985 [ForkJoinPool-1-worker-1] INFO  server.RaftServerConfigKeys (ConfUtils.java:logGet(62)) - raft.server.log.appender.buffer.byte-limit = 4194304 (custom)
2025-09-27 09:19:40,987 [ForkJoinPool-1-worker-1] INFO  ratis.OzoneManagerRatisServer (OzoneManagerRatisServer.java:<init>(169)) - Instantiating OM Ratis server with groupID: omServiceIdDefault and peers: localhost:15009
2025-09-27 09:19:40,992 [ForkJoinPool-1-worker-1] INFO  ratis.OzoneManagerStateMachine (OzoneManagerStateMachine.java:loadSnapshotInfoFromDB(628)) - TransactionInfo not found in OM DB.
2025-09-27 09:19:41,026 [ForkJoinPool-1-worker-1] INFO  grpc.GrpcConfigKeys (ConfUtils.java:logFallback(69)) - raft.grpc.admin.host = null (fallback to raft.grpc.server.host)
2025-09-27 09:19:41,027 [ForkJoinPool-1-worker-1] INFO  grpc.GrpcConfigKeys (ConfUtils.java:logFallback(69)) - raft.grpc.admin.port = 15009 (fallback to raft.grpc.server.port)
2025-09-27 09:19:41,027 [ForkJoinPool-1-worker-1] INFO  grpc.GrpcConfigKeys (ConfUtils.java:logFallback(69)) - raft.grpc.client.host = null (fallback to raft.grpc.server.host)
2025-09-27 09:19:41,028 [ForkJoinPool-1-worker-1] INFO  grpc.GrpcConfigKeys (ConfUtils.java:logFallback(69)) - raft.grpc.client.port = 15009 (fallback to raft.grpc.server.port)
2025-09-27 09:19:41,028 [ForkJoinPool-1-worker-1] INFO  grpc.GrpcConfigKeys (ConfUtils.java:logGet(62)) - raft.grpc.server.port = 15009 (custom)
2025-09-27 09:19:41,028 [ForkJoinPool-1-worker-1] INFO  server.GrpcServicesImpl (ConfUtils.java:logGet(62)) - raft.grpc.message.size.max = 5242880 (custom)
2025-09-27 09:19:41,028 [ForkJoinPool-1-worker-1] INFO  server.RaftServerConfigKeys (ConfUtils.java:logGet(62)) - raft.server.rpc.request.timeout = 3000ms (default)
2025-09-27 09:19:41,028 [ForkJoinPool-1-worker-1] INFO  server.RaftServerConfigKeys (ConfUtils.java:logGet(62)) - raft.server.log.appender.buffer.byte-limit = 4194304 (custom)
2025-09-27 09:19:41,029 [ForkJoinPool-1-worker-1] INFO  server.RaftServerConfigKeys (ConfUtils.java:logGet(62)) - raft.server.storage.dir = [/home/runner/work/ozone/ozone/hadoop-ozone/integration-test/target/test-dir/MiniOzoneClusterImpl-871b4ddd-f672-4be1-b73a-1629492f36a3/om/ratis] (custom)
2025-09-27 09:19:41,030 [ForkJoinPool-1-worker-1] INFO  server.RaftServer (RaftServerProxy.java:addNew(105)) - om1: addNew group-C5BA1605619E:[om1|localhost:15009] returns group-C5BA1605619E:java.util.concurrent.CompletableFuture@7935294d[Not completed]
2025-09-27 09:19:41,031 [om1-groupManagement] INFO  server.RaftServer$Division (RaftServerImpl.java:<init>(268)) - om1: new RaftServerImpl for group-C5BA1605619E:[om1|localhost:15009] with OzoneManagerStateMachine:uninitialized
2025-09-27 09:19:41,031 [om1-groupManagement] INFO  server.RaftServerConfigKeys (ConfUtils.java:logGet(62)) - raft.server.rpc.timeout.min = 1s (custom)
2025-09-27 09:19:41,031 [om1-groupManagement] INFO  server.RaftServerConfigKeys (ConfUtils.java:logGet(62)) - raft.server.rpc.timeout.max = 1200ms (custom)
2025-09-27 09:19:41,031 [om1-groupManagement] INFO  server.RaftServer$Division (ServerState.java:<init>(114)) - om1@group-C5BA1605619E: ConfigurationManager, init=conf: {index: -1, cur=peers:[om1|localhost:15009]|listeners:[], old=null}, confs=<EMPTY_MAP>
2025-09-27 09:19:41,032 [om1-groupManagement] INFO  server.RaftServerConfigKeys (ConfUtils.java:logGet(62)) - raft.server.notification.no-leader.timeout = 120s (custom)
2025-09-27 09:19:41,031 [ForkJoinPool-1-worker-1] INFO  om.OzoneManager (OzoneManager.java:initializeRatisServer(2338)) - OzoneManager Ratis server initialized at port 15009
2025-09-27 09:19:41,032 [om1-groupManagement] INFO  server.RaftServerConfigKeys (ConfUtils.java:logGet(62)) - raft.server.retrycache.expirytime = 300s (custom)
2025-09-27 09:19:41,042 [ForkJoinPool-1-worker-1] INFO  om.OzoneManager (OzoneManager.java:getRpcServer(1390)) - Creating RPC Server
2025-09-27 09:19:41,783 [ForkJoinPool-1-worker-1] INFO  reflections.Reflections (Reflections.java:scan(219)) - Reflections took 695 ms to scan 25 urls, producing 62 keys and 7935 values
2025-09-27 09:19:41,924 [ForkJoinPool-1-worker-1] INFO  ipc.CallQueueManager (CallQueueManager.java:<init>(93)) - Using callQueue: class java.util.concurrent.LinkedBlockingQueue, queueCapacity: 2000, scheduler: class org.apache.hadoop.ipc.DefaultRpcScheduler, ipcBackoff: false, ipcFailOver: false.
2025-09-27 09:19:41,924 [ForkJoinPool-1-worker-1] INFO  ipc.Server (Server.java:<init>(1438)) - Listener at 127.0.0.1:15006
2025-09-27 09:19:41,925 [Socket Reader #1 for port 15006] INFO  ipc.Server (Server.java:run(1474)) - Starting Socket Reader #1 for port 15006
2025-09-27 09:19:41,925 [Socket Reader #2 for port 15006] INFO  ipc.Server (Server.java:run(1474)) - Starting Socket Reader #2 for port 15006
2025-09-27 09:19:41,926 [Socket Reader #3 for port 15006] INFO  ipc.Server (Server.java:run(1474)) - Starting Socket Reader #3 for port 15006
2025-09-27 09:19:41,926 [Socket Reader #4 for port 15006] INFO  ipc.Server (Server.java:run(1474)) - Starting Socket Reader #4 for port 15006
2025-09-27 09:19:41,926 [Socket Reader #5 for port 15006] INFO  ipc.Server (Server.java:run(1474)) - Starting Socket Reader #5 for port 15006
2025-09-27 09:19:41,927 [Socket Reader #6 for port 15006] INFO  ipc.Server (Server.java:run(1474)) - Starting Socket Reader #6 for port 15006
2025-09-27 09:19:41,927 [Socket Reader #7 for port 15006] INFO  ipc.Server (Server.java:run(1474)) - Starting Socket Reader #7 for port 15006
2025-09-27 09:19:41,928 [Socket Reader #8 for port 15006] INFO  ipc.Server (Server.java:run(1474)) - Starting Socket Reader #8 for port 15006
2025-09-27 09:19:41,928 [Socket Reader #9 for port 15006] INFO  ipc.Server (Server.java:run(1474)) - Starting Socket Reader #9 for port 15006
2025-09-27 09:19:41,929 [Socket Reader #10 for port 15006] INFO  ipc.Server (Server.java:run(1474)) - Starting Socket Reader #10 for port 15006
2025-09-27 09:19:41,961 [ForkJoinPool-1-worker-1] INFO  impl.MetricsSystemImpl (MetricsSystemImpl.java:init(158)) - OzoneManager metrics system started (again)
2025-09-27 09:19:41,986 [ForkJoinPool-1-worker-1] INFO  om.OzoneManager (OzoneManager.java:start(1822)) - OzoneManager RPC server is listening at localhost/127.0.0.1:15006
2025-09-27 09:19:41,987 [ForkJoinPool-1-worker-1] INFO  ratis.OzoneManagerRatisServer (OzoneManagerRatisServer.java:start(673)) - Starting OzoneManagerRatisServer om1 at port 15009
2025-09-27 09:19:41,987 [om1-impl-thread1] INFO  storage.RaftStorageDirectory (RaftStorageDirectoryImpl.java:analyzeStorage(138)) - The storage directory /home/runner/work/ozone/ozone/hadoop-ozone/integration-test/target/test-dir/MiniOzoneClusterImpl-871b4ddd-f672-4be1-b73a-1629492f36a3/om/ratis/bf265839-605b-3f16-9796-c5ba1605619e does not exist. Creating ...
2025-09-27 09:19:41,989 [om1-impl-thread1] INFO  storage.RaftStorageDirectory (RaftStorageDirectoryImpl.java:tryLock(229)) - Lock on /home/runner/work/ozone/ozone/hadoop-ozone/integration-test/target/test-dir/MiniOzoneClusterImpl-871b4ddd-f672-4be1-b73a-1629492f36a3/om/ratis/bf265839-605b-3f16-9796-c5ba1605619e/in_use.lock acquired by nodename 126253@localhost
2025-09-27 09:19:41,990 [om1-impl-thread1] INFO  storage.RaftStorage (RaftStorageImpl.java:format(98)) - Storage directory /home/runner/work/ozone/ozone/hadoop-ozone/integration-test/target/test-dir/MiniOzoneClusterImpl-871b4ddd-f672-4be1-b73a-1629492f36a3/om/ratis/bf265839-605b-3f16-9796-c5ba1605619e has been successfully formatted.
2025-09-27 09:19:41,991 [om1-impl-thread1] INFO  ratis.OzoneManagerStateMachine (OzoneManagerStateMachine.java:lambda$0(138)) - om1: initialize group-C5BA1605619E with <INITIAL_VALUE>
2025-09-27 09:19:41,991 [om1-impl-thread1] INFO  server.RaftServerConfigKeys (ConfUtils.java:logGet(62)) - raft.server.log.appender.buffer.byte-limit = 4194304 (custom)
2025-09-27 09:19:41,994 [om1-impl-thread1] INFO  server.RaftServerConfigKeys (ConfUtils.java:logGet(62)) - raft.server.log.segment.size.max = 67108864 (custom)
2025-09-27 09:19:41,995 [om1-impl-thread1] INFO  server.RaftServerConfigKeys (ConfUtils.java:logGet(62)) - raft.server.log.appender.buffer.byte-limit = 4194304 (custom)
2025-09-27 09:19:41,995 [om1-impl-thread1] INFO  util.AwaitToRun (AwaitToRun.java:start(81)) - Thread[#463,om1@group-C5BA1605619E-cacheEviction-AwaitToRun,5,main] started
2025-09-27 09:19:41,995 [om1-impl-thread1] INFO  segmented.SegmentedRaftLogWorker (SegmentedRaftLogWorker.java:<init>(190)) - new om1@group-C5BA1605619E-SegmentedRaftLogWorker for RaftStorageImpl:Storage Directory /home/runner/work/ozone/ozone/hadoop-ozone/integration-test/target/test-dir/MiniOzoneClusterImpl-871b4ddd-f672-4be1-b73a-1629492f36a3/om/ratis/bf265839-605b-3f16-9796-c5ba1605619e
2025-09-27 09:19:41,995 [om1-impl-thread1] INFO  server.RaftServerConfigKeys (ConfUtils.java:logGet(62)) - raft.server.log.segment.size.max = 67108864 (custom)
2025-09-27 09:19:41,995 [om1-impl-thread1] INFO  server.RaftServerConfigKeys (ConfUtils.java:logGet(62)) - raft.server.log.preallocated.size = 4194304 (custom)
2025-09-27 09:19:41,996 [om1-impl-thread1] INFO  server.RaftServerConfigKeys (ConfUtils.java:logGet(62)) - raft.server.log.write.buffer.size = 4194312 (custom)
2025-09-27 09:19:41,996 [om1-impl-thread1] INFO  server.RaftServerConfigKeys (ConfUtils.java:logGet(62)) - raft.server.log.appender.buffer.byte-limit = 4194304 (custom)
2025-09-27 09:19:41,996 [om1-impl-thread1] INFO  segmented.SegmentedRaftLogWorker (SegmentedRaftLogWorker.java:lambda$new$0(141)) - om1@group-C5BA1605619E-SegmentedRaftLogWorker: flushIndex: setUnconditionally 0 -> -1
2025-09-27 09:19:41,997 [om1-impl-thread1] INFO  segmented.SegmentedRaftLogWorker (SegmentedRaftLogWorker.java:lambda$new$0(141)) - om1@group-C5BA1605619E-SegmentedRaftLogWorker: safeCacheEvictIndex: setUnconditionally 0 -> -1
2025-09-27 09:19:41,997 [om1-impl-thread1] INFO  server.RaftServer$Division (RaftServerImpl.java:start(405)) - om1@group-C5BA1605619E: start as a follower, conf=conf: {index: -1, cur=peers:[om1|localhost:15009]|listeners:[], old=null}
2025-09-27 09:19:41,997 [om1-impl-thread1] INFO  server.RaftServer$Division (RaftServerImpl.java:setRole(392)) - om1@group-C5BA1605619E: changes role from      null to FOLLOWER at term 0 for startAsFollower
2025-09-27 09:19:41,997 [om1-impl-thread1] INFO  impl.RoleInfo (RoleInfo.java:updateAndGet(148)) - om1: start om1@group-C5BA1605619E-FollowerState
2025-09-27 09:19:41,998 [om1@group-C5BA1605619E-FollowerState] INFO  server.RaftServerConfigKeys (ConfUtils.java:logFallback(69)) - raft.server.rpc.first-election.timeout.min = 1s (fallback to raft.server.rpc.timeout.min)
2025-09-27 09:19:41,998 [om1@group-C5BA1605619E-FollowerState] INFO  server.RaftServerConfigKeys (ConfUtils.java:logFallback(69)) - raft.server.rpc.first-election.timeout.max = 1200ms (fallback to raft.server.rpc.timeout.max)
2025-09-27 09:19:41,998 [om1-impl-thread1] INFO  util.JmxRegister (JmxRegister.java:tryRegister(44)) - Successfully registered JMX Bean with object name Ratis:service=RaftServer,group=group-C5BA1605619E,id=om1
2025-09-27 09:19:41,998 [om1-impl-thread1] INFO  util.JmxRegister (JmxRegister.java:register(58)) - register mxBean class org.apache.ratis.server.impl.RaftServerJmxAdapter as Ratis:service=RaftServer,group=group-C5BA1605619E,id=om1
2025-09-27 09:19:41,998 [om1-impl-thread1] INFO  server.RaftServerConfigKeys (ConfUtils.java:logGet(62)) - raft.server.snapshot.auto.trigger.threshold = 400000 (default)
2025-09-27 09:19:41,999 [om1-impl-thread1] INFO  server.RaftServerConfigKeys (ConfUtils.java:logGet(62)) - raft.server.log.purge.upto.snapshot.index = true (custom)
2025-09-27 09:19:42,000 [om1-impl-thread1] INFO  server.RaftServer$Division (RaftServerImpl.java:start(419)) - om1@group-C5BA1605619E: Successfully started.
2025-09-27 09:19:42,000 [ForkJoinPool-1-worker-1] INFO  server.RaftServer (RaftServerProxy.java:startImpl(412)) - om1: start RPC server
2025-09-27 09:19:42,001 [ForkJoinPool-1-worker-1] INFO  server.GrpcServicesImpl (GrpcServicesImpl.java:startImpl(346)) - om1: GrpcServicesImpl started, listening on 15009
2025-09-27 09:19:42,002 [JvmPauseMonitor2] INFO  util.JvmPauseMonitor (JvmPauseMonitor.java:run(146)) - JvmPauseMonitor-om1: Started
2025-09-27 09:19:42,002 [ForkJoinPool-1-worker-1] INFO  om.OzoneManager (OzoneManager.java:start(1837)) - Version File has different layout version (8) than OM DB (null). That is expected if this OM has never been finalized to a newer layout version.
2025-09-27 09:19:42,018 [ForkJoinPool-1-worker-1] INFO  client.ScmTopologyClient (ScmTopologyClient.java:start(70)) - Initial network topology fetched from SCM: /.
2025-09-27 09:19:42,018 [ForkJoinPool-1-worker-1] INFO  net.NodeSchemaLoader (NodeSchemaLoader.java:loadSchemaFromFile(128)) - Loading schema from [jar:file:/home/runner/work/ozone/ozone/hadoop-hdds/common/target/hdds-common-2.1.0-SNAPSHOT.jar!/network-topology-default.xml]
2025-09-27 09:19:42,019 [ForkJoinPool-1-worker-1] INFO  net.NodeSchemaLoader (NodeSchemaLoader.java:loadSchema(175)) - Loading network topology layer schema file
2025-09-27 09:19:42,027 [ForkJoinPool-1-worker-1] INFO  utils.BackgroundService (BackgroundService.java:start(119)) - Starting service KeyDeletingService with interval 60000 milliseconds
2025-09-27 09:19:42,031 [ForkJoinPool-1-worker-1] INFO  utils.BackgroundService (BackgroundService.java:start(119)) - Starting service DirectoryDeletingService with interval 120000 milliseconds
2025-09-27 09:19:42,032 [ForkJoinPool-1-worker-1] INFO  utils.BackgroundService (BackgroundService.java:start(119)) - Starting service OpenKeyCleanupService with interval 86400000 milliseconds
2025-09-27 09:19:42,034 [ForkJoinPool-1-worker-1] INFO  utils.BackgroundService (BackgroundService.java:start(119)) - Starting service SstFilteringService with interval 60000 milliseconds
2025-09-27 09:19:42,038 [ForkJoinPool-1-worker-1] INFO  utils.BackgroundService (BackgroundService.java:start(119)) - Starting service SnapshotDeletingService with interval 30000 milliseconds
2025-09-27 09:19:42,039 [ForkJoinPool-1-worker-1] INFO  utils.BackgroundService (BackgroundService.java:start(119)) - Starting service MultipartUploadCleanupService with interval 86400000 milliseconds
2025-09-27 09:19:42,042 [ForkJoinPool-1-worker-1] INFO  http.BaseHttpServer (BaseHttpServer.java:newHttpServer2BuilderForOzone(227)) - Starting Web-server for ozoneManager at: http://0.0.0.0:15007
2025-09-27 09:19:42,043 [ForkJoinPool-1-worker-1] INFO  http.BaseHttpServer (BaseHttpServer.java:<init>(105)) - Hadoop Security Enabled: false Ozone Security Enabled: false Ozone HTTP Security Enabled: false 
2025-09-27 09:19:42,045 [ForkJoinPool-1-worker-1] WARN  server.AuthenticationFilter (AuthenticationFilter.java:constructSecretProvider(240)) - Unable to initialize FileSignerSecretProvider, falling back to use random secrets. Reason: Could not read signature secret file: /home/runner/hadoop-http-auth-signature-secret
2025-09-27 09:19:42,051 [ForkJoinPool-1-worker-1] INFO  http.HttpServer2 (HttpServer2.java:addGlobalFilter(1041)) - Added global filter 'safety' (class=org.apache.hadoop.hdds.server.http.HttpServer2$QuotingInputFilter)
2025-09-27 09:19:42,055 [ForkJoinPool-1-worker-1] INFO  http.HttpServer2 (HttpServer2.java:addFilter(1017)) - Added filter static_user_filter (class=org.apache.hadoop.http.lib.StaticUserWebFilter$StaticUserFilter) to context ozoneManager
2025-09-27 09:19:42,055 [ForkJoinPool-1-worker-1] INFO  http.HttpServer2 (HttpServer2.java:addFilter(1025)) - Added filter static_user_filter (class=org.apache.hadoop.http.lib.StaticUserWebFilter$StaticUserFilter) to context logs
2025-09-27 09:19:42,055 [ForkJoinPool-1-worker-1] INFO  http.HttpServer2 (HttpServer2.java:addFilter(1025)) - Added filter static_user_filter (class=org.apache.hadoop.http.lib.StaticUserWebFilter$StaticUserFilter) to context static
2025-09-27 09:19:42,057 [ForkJoinPool-1-worker-1] INFO  http.BaseHttpServer (BaseHttpServer.java:<init>(193)) - HTTP server of ozoneManager uses base directory /home/runner/work/ozone/ozone/hadoop-ozone/integration-test/target/test-dir/MiniOzoneClusterImpl-871b4ddd-f672-4be1-b73a-1629492f36a3/scm/ozone-metadata/webserver
2025-09-27 09:19:42,063 [ForkJoinPool-1-worker-1] INFO  http.HttpServer2 (HttpServer2.java:bindListener(1241)) - Jetty bound to port 15007
2025-09-27 09:19:42,063 [ForkJoinPool-1-worker-1] INFO  server.Server (Server.java:doStart(375)) - jetty-9.4.58.v20250814; built: 2025-08-14T02:28:49.637Z; git: 8f1440587e9e4ae7db3d74cf205643f3d707148d; jvm 21.0.8+9-LTS
2025-09-27 09:19:42,068 [ForkJoinPool-1-worker-1] INFO  server.session (DefaultSessionIdManager.java:doStart(334)) - DefaultSessionIdManager workerName=node0
2025-09-27 09:19:42,068 [ForkJoinPool-1-worker-1] INFO  server.session (DefaultSessionIdManager.java:doStart(339)) - No SessionScavenger set, using defaults
2025-09-27 09:19:42,068 [ForkJoinPool-1-worker-1] INFO  server.session (HouseKeeper.java:startScavenging(132)) - node0 Scavenging every 660000ms
2025-09-27 09:19:42,070 [ForkJoinPool-1-worker-1] INFO  handler.ContextHandler (ContextHandler.java:doStart(921)) - Started o.e.j.s.ServletContextHandler@5fb676b{logs,/logs,file:///home/runner/work/ozone/ozone/hadoop-ozone/integration-test/target/log,AVAILABLE}
2025-09-27 09:19:42,070 [ForkJoinPool-1-worker-1] INFO  handler.ContextHandler (ContextHandler.java:doStart(921)) - Started o.e.j.s.ServletContextHandler@2c114837{static,/static,file:///home/runner/work/ozone/ozone/hadoop-ozone/integration-test/target/test-classes/webapps/static,AVAILABLE}
2025-09-27 09:19:42,080 [ForkJoinPool-1-worker-1] INFO  handler.ContextHandler (ContextHandler.java:doStart(921)) - Started o.e.j.w.WebAppContext@4734b6ee{ozoneManager,/,file:///home/runner/work/ozone/ozone/hadoop-ozone/integration-test/target/test-classes/webapps/ozoneManager/,AVAILABLE}{file:/home/runner/work/ozone/ozone/hadoop-ozone/integration-test/target/test-classes/webapps/ozoneManager}
2025-09-27 09:19:42,081 [ForkJoinPool-1-worker-1] INFO  server.AbstractConnector (AbstractConnector.java:doStart(333)) - Started ServerConnector@30dc545c{HTTP/1.1, (http/1.1)}{0.0.0.0:15007}
2025-09-27 09:19:42,081 [ForkJoinPool-1-worker-1] INFO  server.Server (Server.java:doStart(415)) - Started @10607ms
2025-09-27 09:19:42,081 [ForkJoinPool-1-worker-1] WARN  impl.MetricsSystemImpl (MetricsSystemImpl.java:register(279)) - Sink prometheus already exists!
2025-09-27 09:19:42,081 [ForkJoinPool-1-worker-1] INFO  http.BaseHttpServer (BaseHttpServer.java:updateConnectorAddress(357)) - HTTP server of ozoneManager listening at http://localhost:15007
2025-09-27 09:19:42,082 [IPC Server Responder] INFO  ipc.Server (Server.java:run(1713)) - IPC Server Responder: starting
2025-09-27 09:19:42,082 [IPC Server listener on 15006] INFO  ipc.Server (Server.java:run(1553)) - IPC Server listener on 15006: starting
2025-09-27 09:19:42,084 [ForkJoinPool-1-worker-1] INFO  om.OzoneManager (OzoneManager.java:startTrashEmptier(2292)) - Trash Interval set to 0. Files deleted won't move to trash
2025-09-27 09:19:42,099 [ForkJoinPool-1-worker-1] INFO  db.CodecBuffer (CodecBuffer.java:set(85)) - Successfully set constructor to LeakDetector::newCodecBuffer: org.apache.hadoop.hdds.utils.db.CodecBuffer$$Lambda/0x00007fd1ac81c7f8@1469673b
2025-09-27 09:19:42,176 [ForkJoinPool-1-worker-1] WARN  dropwizard3.Dm3MetricRegistriesImpl (Dm3MetricRegistriesImpl.java:addReporterRegistration(114)) - New reporters are added after registries were created. Some metrics will be missing from the reporter. Please add reporter before adding any new registry.
2025-09-27 09:19:42,177 [ForkJoinPool-1-worker-1] WARN  dropwizard3.Dm3MetricRegistriesImpl (Dm3MetricRegistriesImpl.java:addReporterRegistration(114)) - New reporters are added after registries were created. Some metrics will be missing from the reporter. Please add reporter before adding any new registry.
2025-09-27 09:19:42,177 [ForkJoinPool-1-worker-1] INFO  impl.MetricsSystemImpl (MetricsSystemImpl.java:init(158)) - HddsDatanode metrics system started (again)
2025-09-27 09:19:42,206 [ForkJoinPool-1-worker-1] INFO  protocol.DatanodeDetails (DatanodeDetails.java:validateDatanodeIpAddress(199)) - Updating IP address of datanode c792898a-1981-4e29-8158-41294c472b61(localhost/null) to 127.0.0.1
2025-09-27 09:19:42,207 [ForkJoinPool-1-worker-1] INFO  ozone.HddsDatanodeService (HddsDatanodeService.java:start(236)) - HddsDatanodeService c792898a-1981-4e29-8158-41294c472b61(localhost/127.0.0.1)
2025-09-27 09:19:42,214 [ForkJoinPool-1-worker-1] INFO  upgrade.AbstractLayoutVersionManager (AbstractLayoutVersionManager.java:init(80)) - Initializing Layout version manager with metadata layout = WITNESSED_CONTAINER_DB_PROTO_VALUE (version = 9), software layout = WITNESSED_CONTAINER_DB_PROTO_VALUE (version = 9)
2025-09-27 09:19:42,216 [ForkJoinPool-1-worker-1] INFO  statemachine.DatanodeStateMachine (DatanodeStateMachine.java:getEndPointTaskThreadPoolSize(321)) - Datanode State Machine Task Thread Pool size 2
2025-09-27 09:19:42,273 [ForkJoinPool-1-worker-1] INFO  volume.HddsVolume (HddsVolume.java:<init>(162)) - HddsVolume: { id=DS-387a38cd-fd99-45a8-ae97-9f3f63159912 dir=/home/runner/work/ozone/ozone/hadoop-ozone/integration-test/target/test-dir/MiniOzoneClusterImpl-871b4ddd-f672-4be1-b73a-1629492f36a3/ozone-metadata/datanode-1/data-0/hdds type=DISK capacity=9222449699674390527 used=0 available=9222449699674390527 minFree=9222450130714624 committed=0 }
2025-09-27 09:19:42,274 [ForkJoinPool-1-worker-1] INFO  volume.MutableVolumeSet (MutableVolumeSet.java:initializeVolumeSet(175)) - Added Volume : /home/runner/work/ozone/ozone/hadoop-ozone/integration-test/target/test-dir/MiniOzoneClusterImpl-871b4ddd-f672-4be1-b73a-1629492f36a3/ozone-metadata/datanode-1/data-0/hdds to VolumeSet
2025-09-27 09:19:42,278 [ForkJoinPool-1-worker-1] INFO  volume.MutableVolumeSet (MutableVolumeSet.java:initializeVolumeSet(175)) - Added Volume : /home/runner/work/ozone/ozone/hadoop-ozone/integration-test/target/test-dir/MiniOzoneClusterImpl-871b4ddd-f672-4be1-b73a-1629492f36a3/ozone-metadata/datanode-1/ratis to VolumeSet
2025-09-27 09:19:42,282 [ForkJoinPool-1-worker-1] INFO  ozoneimpl.OzoneContainer (HddsVolumeUtil.java:loadAllHddsVolumeDbStore(102)) - Load 1 volumes DbStore cost: 0ms
2025-09-27 09:19:42,287 [ForkJoinPool-1-worker-1] WARN  db.DBStoreBuilder (DBStoreBuilder.java:getDBDirPath(158)) - ozone.scm.datanode.id.dir is not configured. We recommend adding this setting. Falling back to ozone.metadata.dirs instead.
2025-09-27 09:19:42,290 [ForkJoinPool-1-worker-1] WARN  db.DBStoreBuilder (DBStoreBuilder.java:getDBDirPath(158)) - ozone.scm.datanode.id.dir is not configured. We recommend adding this setting. Falling back to ozone.metadata.dirs instead.
2025-09-27 09:19:42,339 [ForkJoinPool-1-worker-1] INFO  impl.FilePerChunkStrategy (FilePerChunkStrategy.java:<init>(79)) - ozone.chunk.read.mapped.buffer.max.count is load with 0
2025-09-27 09:19:42,341 [ForkJoinPool-1-worker-1] INFO  impl.FilePerBlockStrategy (FilePerBlockStrategy.java:<init>(88)) - ozone.chunk.read.mapped.buffer.max.count is load with 0
2025-09-27 09:19:42,376 [ForkJoinPool-1-worker-1] INFO  audit.AuditLogger (AuditLogger.java:refreshDebugCmdSet(133)) - Refresh DebugCmdSet for DNAudit to [].
2025-09-27 09:19:42,393 [ForkJoinPool-1-worker-1] INFO  server.RaftServerConfigKeys (ConfUtils.java:logGet(62)) - raft.server.log.appender.buffer.byte-limit = 33554432 (custom)
2025-09-27 09:19:42,404 [ForkJoinPool-1-worker-1] INFO  grpc.GrpcConfigKeys (ConfUtils.java:logFallback(69)) - raft.grpc.admin.host = null (fallback to raft.grpc.server.host)
2025-09-27 09:19:42,405 [ForkJoinPool-1-worker-1] INFO  grpc.GrpcConfigKeys (ConfUtils.java:logGet(62)) - raft.grpc.admin.port = 15014 (custom)
2025-09-27 09:19:42,405 [ForkJoinPool-1-worker-1] INFO  grpc.GrpcConfigKeys (ConfUtils.java:logFallback(69)) - raft.grpc.client.host = null (fallback to raft.grpc.server.host)
2025-09-27 09:19:42,405 [ForkJoinPool-1-worker-1] INFO  grpc.GrpcConfigKeys (ConfUtils.java:logGet(62)) - raft.grpc.client.port = 15013 (custom)
2025-09-27 09:19:42,405 [ForkJoinPool-1-worker-1] INFO  grpc.GrpcConfigKeys (ConfUtils.java:logGet(62)) - raft.grpc.server.port = 15015 (custom)
2025-09-27 09:19:42,405 [ForkJoinPool-1-worker-1] INFO  server.GrpcServicesImpl (ConfUtils.java:logGet(62)) - raft.grpc.message.size.max = 34603008 (custom)
2025-09-27 09:19:42,405 [ForkJoinPool-1-worker-1] INFO  server.GrpcServicesImpl (ConfUtils.java:logGet(62)) - raft.grpc.flow.control.window = 5MB (=5242880) (custom)
2025-09-27 09:19:42,405 [ForkJoinPool-1-worker-1] INFO  server.RaftServerConfigKeys (ConfUtils.java:logGet(62)) - raft.server.rpc.request.timeout = 60s (custom)
2025-09-27 09:19:42,406 [ForkJoinPool-1-worker-1] INFO  server.RaftServerConfigKeys (ConfUtils.java:logGet(62)) - raft.server.log.appender.buffer.byte-limit = 33554432 (custom)
2025-09-27 09:19:42,407 [ForkJoinPool-1-worker-1] INFO  impl.DataStreamServerImpl (ConfUtils.java:logGet(62)) - raft.datastream.type = NETTY (custom)
2025-09-27 09:19:42,417 [ForkJoinPool-1-worker-1] INFO  server.RaftServerConfigKeys (ConfUtils.java:logGet(62)) - raft.server.data-stream.async.request.thread.pool.cached = false (default)
2025-09-27 09:19:42,418 [ForkJoinPool-1-worker-1] INFO  server.RaftServerConfigKeys (ConfUtils.java:logGet(62)) - raft.server.data-stream.async.request.thread.pool.size = 20 (custom)
2025-09-27 09:19:42,418 [ForkJoinPool-1-worker-1] INFO  server.RaftServerConfigKeys (ConfUtils.java:logGet(62)) - raft.server.data-stream.async.write.thread.pool.size = 16 (default)
2025-09-27 09:19:42,420 [ForkJoinPool-1-worker-1] INFO  netty.NettyConfigKeys$DataStream (ConfUtils.java:logGet(62)) - raft.netty.dataStream.server.channel.inactive.grace-period = 10min (default)
2025-09-27 09:19:42,421 [ForkJoinPool-1-worker-1] INFO  server.RaftServerConfigKeys (ConfUtils.java:logGet(62)) - raft.server.data-stream.client.pool.size = 10 (default)
2025-09-27 09:19:42,422 [ForkJoinPool-1-worker-1] INFO  netty.NettyConfigKeys$DataStream (ConfUtils.java:logGet(62)) - raft.netty.dataStream.server.use-epoll = true (default)
2025-09-27 09:19:42,422 [ForkJoinPool-1-worker-1] INFO  netty.NettyConfigKeys$DataStream (ConfUtils.java:logGet(62)) - raft.netty.dataStream.server.boss-group.size = 0 (default)
2025-09-27 09:19:42,423 [ForkJoinPool-1-worker-1] INFO  netty.NettyUtils (NettyUtils.java:newEventLoopGroup(74)) - Create EpollEventLoopGroup for c792898a-1981-4e29-8158-41294c472b61-NettyServerStreamRpc-bossGroup; Thread size is 0.
2025-09-27 09:19:42,424 [ForkJoinPool-1-worker-1] INFO  netty.NettyConfigKeys$DataStream (ConfUtils.java:logGet(62)) - raft.netty.dataStream.server.worker-group.size = 0 (default)
2025-09-27 09:19:42,424 [ForkJoinPool-1-worker-1] INFO  netty.NettyUtils (NettyUtils.java:newEventLoopGroup(74)) - Create EpollEventLoopGroup for c792898a-1981-4e29-8158-41294c472b61-NettyServerStreamRpc-workerGroup; Thread size is 0.
2025-09-27 09:19:42,426 [ForkJoinPool-1-worker-1] INFO  netty.NettyConfigKeys$DataStream (ConfUtils.java:logGet(62)) - raft.netty.dataStream.port = 15016 (custom)
2025-09-27 09:19:42,429 [ForkJoinPool-1-worker-1] INFO  server.RaftServerConfigKeys (ConfUtils.java:logGet(62)) - raft.server.storage.dir = [/home/runner/work/ozone/ozone/hadoop-ozone/integration-test/target/test-dir/MiniOzoneClusterImpl-871b4ddd-f672-4be1-b73a-1629492f36a3/ozone-metadata/datanode-1/ratis] (custom)
2025-09-27 09:19:42,430 [c792898a-1981-4e29-8158-41294c472b61-impl-thread1] INFO  server.RaftServer (RaftServerProxy.java:initGroupDir(270)) - c792898a-1981-4e29-8158-41294c472b61: found a subdirectory /home/runner/work/ozone/ozone/hadoop-ozone/integration-test/target/test-dir/MiniOzoneClusterImpl-871b4ddd-f672-4be1-b73a-1629492f36a3/ozone-metadata/datanode-1/ratis/tmp
2025-09-27 09:19:42,430 [c792898a-1981-4e29-8158-41294c472b61-impl-thread1] INFO  server.RaftServer (RaftServerProxy.java:initGroupDir(275)) - c792898a-1981-4e29-8158-41294c472b61: The directory /home/runner/work/ozone/ozone/hadoop-ozone/integration-test/target/test-dir/MiniOzoneClusterImpl-871b4ddd-f672-4be1-b73a-1629492f36a3/ozone-metadata/datanode-1/ratis/tmp is not a group directory; ignoring it. 
2025-09-27 09:19:42,445 [ForkJoinPool-1-worker-1] INFO  replication.ReplicationServer (ReplicationServer.java:<init>(84)) - Initializing replication server with thread count = 10 queue length = 4096
2025-09-27 09:19:42,455 [c792898a-1981-4e29-8158-41294c472b61-NettyServerStreamRpc-bossGroup--thread1] INFO  logging.LoggingHandler (AbstractInternalLogger.java:log(148)) - [id: 0x777a9f85] REGISTERED
2025-09-27 09:19:42,456 [c792898a-1981-4e29-8158-41294c472b61-NettyServerStreamRpc-bossGroup--thread1] INFO  logging.LoggingHandler (AbstractInternalLogger.java:log(148)) - [id: 0x777a9f85] BIND: 0.0.0.0/0.0.0.0:15016
2025-09-27 09:19:42,456 [c792898a-1981-4e29-8158-41294c472b61-NettyServerStreamRpc-bossGroup--thread1] INFO  logging.LoggingHandler (AbstractInternalLogger.java:log(148)) - [id: 0x777a9f85, L:/0.0.0.0:15016] ACTIVE
2025-09-27 09:19:42,470 [ForkJoinPool-1-worker-1] INFO  server.XceiverServerGrpc (XceiverServerGrpc.java:<init>(129)) - GrpcServer channel type EpollServerSocketChannel
2025-09-27 09:19:42,497 [ForkJoinPool-1-worker-1] INFO  lib.Interns (Interns.java:removeEldestEntry(50)) - Metrics intern cache overflow at 2011 for MetricsSystem={MetricsSystem=MetricsInfoImpl{name=MetricsSystem, description=MetricsSystem}, MetricsSystem record=MetricsInfoImpl{name=MetricsSystem, description=MetricsSystem record}}
2025-09-27 09:19:42,502 [ForkJoinPool-1-worker-1] INFO  replication.ReplicationSupervisor (ReplicationSupervisor.java:build(169)) - Initializing replication supervisor with thread count = 10
2025-09-27 09:19:42,503 [ForkJoinPool-1-worker-1] INFO  replication.ReplicationSupervisor (ReplicationSupervisor.java:nodeStateUpdated(358)) - Node state updated to IN_SERVICE, scaling executor pool size to 10
2025-09-27 09:19:42,554 [ForkJoinPool-1-worker-1] INFO  http.BaseHttpServer (BaseHttpServer.java:newHttpServer2BuilderForOzone(227)) - Starting Web-server for hddsDatanode at: http://0.0.0.0:15010
2025-09-27 09:19:42,554 [ForkJoinPool-1-worker-1] INFO  http.BaseHttpServer (BaseHttpServer.java:<init>(105)) - Hadoop Security Enabled: false Ozone Security Enabled: false Ozone HTTP Security Enabled: false 
2025-09-27 09:19:42,556 [ForkJoinPool-1-worker-1] WARN  server.AuthenticationFilter (AuthenticationFilter.java:constructSecretProvider(240)) - Unable to initialize FileSignerSecretProvider, falling back to use random secrets. Reason: Could not read signature secret file: /home/runner/hadoop-http-auth-signature-secret
2025-09-27 09:19:42,559 [ForkJoinPool-1-worker-1] INFO  http.HttpServer2 (HttpServer2.java:addGlobalFilter(1041)) - Added global filter 'safety' (class=org.apache.hadoop.hdds.server.http.HttpServer2$QuotingInputFilter)
2025-09-27 09:19:42,561 [ForkJoinPool-1-worker-1] INFO  http.HttpServer2 (HttpServer2.java:addFilter(1017)) - Added filter static_user_filter (class=org.apache.hadoop.http.lib.StaticUserWebFilter$StaticUserFilter) to context hddsDatanode
2025-09-27 09:19:42,562 [ForkJoinPool-1-worker-1] INFO  http.HttpServer2 (HttpServer2.java:addFilter(1025)) - Added filter static_user_filter (class=org.apache.hadoop.http.lib.StaticUserWebFilter$StaticUserFilter) to context static
2025-09-27 09:19:42,562 [ForkJoinPool-1-worker-1] INFO  http.HttpServer2 (HttpServer2.java:addFilter(1025)) - Added filter static_user_filter (class=org.apache.hadoop.http.lib.StaticUserWebFilter$StaticUserFilter) to context logs
2025-09-27 09:19:42,563 [ForkJoinPool-1-worker-1] INFO  http.BaseHttpServer (BaseHttpServer.java:<init>(193)) - HTTP server of hddsDatanode uses base directory /home/runner/work/ozone/ozone/hadoop-ozone/integration-test/target/test-dir/MiniOzoneClusterImpl-871b4ddd-f672-4be1-b73a-1629492f36a3/scm/ozone-metadata/webserver
2025-09-27 09:19:42,563 [ForkJoinPool-1-worker-1] INFO  http.HttpServer2 (HttpServer2.java:bindListener(1241)) - Jetty bound to port 15010
2025-09-27 09:19:42,563 [ForkJoinPool-1-worker-1] INFO  server.Server (Server.java:doStart(375)) - jetty-9.4.58.v20250814; built: 2025-08-14T02:28:49.637Z; git: 8f1440587e9e4ae7db3d74cf205643f3d707148d; jvm 21.0.8+9-LTS
2025-09-27 09:19:42,565 [ForkJoinPool-1-worker-1] INFO  server.session (DefaultSessionIdManager.java:doStart(334)) - DefaultSessionIdManager workerName=node0
2025-09-27 09:19:42,565 [ForkJoinPool-1-worker-1] INFO  server.session (DefaultSessionIdManager.java:doStart(339)) - No SessionScavenger set, using defaults
2025-09-27 09:19:42,566 [ForkJoinPool-1-worker-1] INFO  server.session (HouseKeeper.java:startScavenging(132)) - node0 Scavenging every 660000ms
2025-09-27 09:19:42,566 [ForkJoinPool-1-worker-1] INFO  handler.ContextHandler (ContextHandler.java:doStart(921)) - Started o.e.j.s.ServletContextHandler@50bb4193{logs,/logs,file:///home/runner/work/ozone/ozone/hadoop-ozone/integration-test/target/log,AVAILABLE}
2025-09-27 09:19:42,567 [ForkJoinPool-1-worker-1] INFO  handler.ContextHandler (ContextHandler.java:doStart(921)) - Started o.e.j.s.ServletContextHandler@53fb805d{static,/static,jar:file:/home/runner/work/ozone/ozone/hadoop-hdds/container-service/target/hdds-container-service-2.1.0-SNAPSHOT.jar!/webapps/static,AVAILABLE}
2025-09-27 09:19:42,743 [ForkJoinPool-1-worker-1] INFO  handler.ContextHandler (ContextHandler.java:doStart(921)) - Started o.e.j.w.WebAppContext@1ca51bbe{hddsDatanode,/,file:///home/runner/work/ozone/ozone/hadoop-ozone/integration-test/target/test-dir/MiniOzoneClusterImpl-871b4ddd-f672-4be1-b73a-1629492f36a3/scm/ozone-metadata/webserver/jetty-0_0_0_0-15010-hdds-container-service-2_1_0-SNAPSHOT_jar-_-any-10972986762530417884/webapp/,AVAILABLE}{jar:file:/home/runner/work/ozone/ozone/hadoop-hdds/container-service/target/hdds-container-service-2.1.0-SNAPSHOT.jar!/webapps/hddsDatanode}
2025-09-27 09:19:42,744 [ForkJoinPool-1-worker-1] INFO  server.AbstractConnector (AbstractConnector.java:doStart(333)) - Started ServerConnector@1def3e7d{HTTP/1.1, (http/1.1)}{0.0.0.0:15010}
2025-09-27 09:19:42,744 [ForkJoinPool-1-worker-1] INFO  server.Server (Server.java:doStart(415)) - Started @11270ms
2025-09-27 09:19:42,745 [ForkJoinPool-1-worker-1] WARN  impl.MetricsSystemImpl (MetricsSystemImpl.java:register(279)) - Sink prometheus already exists!
2025-09-27 09:19:42,745 [ForkJoinPool-1-worker-1] INFO  http.BaseHttpServer (BaseHttpServer.java:updateConnectorAddress(357)) - HTTP server of hddsDatanode listening at http://localhost:15010
2025-09-27 09:19:42,747 [ForkJoinPool-1-worker-1] INFO  ipc.CallQueueManager (CallQueueManager.java:<init>(93)) - Using callQueue: class java.util.concurrent.LinkedBlockingQueue, queueCapacity: 1000, scheduler: class org.apache.hadoop.ipc.DefaultRpcScheduler, ipcBackoff: false, ipcFailOver: false.
2025-09-27 09:19:42,748 [ForkJoinPool-1-worker-1] INFO  ipc.Server (Server.java:<init>(1438)) - Listener at 0.0.0.0:15011
2025-09-27 09:19:42,748 [Socket Reader #1 for port 15011] INFO  ipc.Server (Server.java:run(1474)) - Starting Socket Reader #1 for port 15011
2025-09-27 09:19:42,749 [Socket Reader #2 for port 15011] INFO  ipc.Server (Server.java:run(1474)) - Starting Socket Reader #2 for port 15011
2025-09-27 09:19:42,750 [Socket Reader #3 for port 15011] INFO  ipc.Server (Server.java:run(1474)) - Starting Socket Reader #3 for port 15011
2025-09-27 09:19:42,750 [Socket Reader #4 for port 15011] INFO  ipc.Server (Server.java:run(1474)) - Starting Socket Reader #4 for port 15011
2025-09-27 09:19:42,751 [Socket Reader #5 for port 15011] INFO  ipc.Server (Server.java:run(1474)) - Starting Socket Reader #5 for port 15011
2025-09-27 09:19:42,751 [Socket Reader #6 for port 15011] INFO  ipc.Server (Server.java:run(1474)) - Starting Socket Reader #6 for port 15011
2025-09-27 09:19:42,752 [Socket Reader #7 for port 15011] INFO  ipc.Server (Server.java:run(1474)) - Starting Socket Reader #7 for port 15011
2025-09-27 09:19:42,752 [Socket Reader #8 for port 15011] INFO  ipc.Server (Server.java:run(1474)) - Starting Socket Reader #8 for port 15011
2025-09-27 09:19:42,752 [Socket Reader #9 for port 15011] INFO  ipc.Server (Server.java:run(1474)) - Starting Socket Reader #9 for port 15011
2025-09-27 09:19:42,753 [Socket Reader #10 for port 15011] INFO  ipc.Server (Server.java:run(1474)) - Starting Socket Reader #10 for port 15011
2025-09-27 09:19:42,756 [ForkJoinPool-1-worker-1] INFO  ozone.HddsDatanodeService (HddsDatanodeService.java:start(333)) - Datanode start with admins: [admin, runner]
2025-09-27 09:19:42,756 [ForkJoinPool-1-worker-1] INFO  ozone.HddsDatanodeClientProtocolServer (HddsDatanodeClientProtocolServer.java:start(76)) - RPC server for Client /0.0.0.0:15011
2025-09-27 09:19:42,756 [IPC Server Responder] INFO  ipc.Server (Server.java:run(1713)) - IPC Server Responder: starting
2025-09-27 09:19:42,757 [IPC Server listener on 15011] INFO  ipc.Server (Server.java:run(1553)) - IPC Server listener on 15011: starting
2025-09-27 09:19:42,759 [ForkJoinPool-1-worker-1] WARN  dropwizard3.Dm3MetricRegistriesImpl (Dm3MetricRegistriesImpl.java:addReporterRegistration(114)) - New reporters are added after registries were created. Some metrics will be missing from the reporter. Please add reporter before adding any new registry.
2025-09-27 09:19:42,759 [ForkJoinPool-1-worker-1] WARN  dropwizard3.Dm3MetricRegistriesImpl (Dm3MetricRegistriesImpl.java:addReporterRegistration(114)) - New reporters are added after registries were created. Some metrics will be missing from the reporter. Please add reporter before adding any new registry.
2025-09-27 09:19:42,759 [ForkJoinPool-1-worker-1] INFO  impl.MetricsSystemImpl (MetricsSystemImpl.java:init(158)) - HddsDatanode metrics system started (again)
2025-09-27 09:19:42,764 [c792898a-1981-4e29-8158-41294c472b61-DatanodeStateMachineDaemonThread] INFO  statemachine.DatanodeStateMachine (DatanodeStateMachine.java:startStateMachineThread(363)) - Ozone container server started.
2025-09-27 09:19:42,784 [ForkJoinPool-1-worker-1] INFO  protocol.DatanodeDetails (DatanodeDetails.java:validateDatanodeIpAddress(199)) - Updating IP address of datanode 83932d67-4fdc-4fe4-8fe1-3df6c3f1844a(localhost/null) to 127.0.0.1
2025-09-27 09:19:42,784 [ForkJoinPool-1-worker-1] INFO  ozone.HddsDatanodeService (HddsDatanodeService.java:start(236)) - HddsDatanodeService 83932d67-4fdc-4fe4-8fe1-3df6c3f1844a(localhost/127.0.0.1)
2025-09-27 09:19:42,790 [ForkJoinPool-1-worker-1] INFO  upgrade.AbstractLayoutVersionManager (AbstractLayoutVersionManager.java:init(80)) - Initializing Layout version manager with metadata layout = WITNESSED_CONTAINER_DB_PROTO_VALUE (version = 9), software layout = WITNESSED_CONTAINER_DB_PROTO_VALUE (version = 9)
2025-09-27 09:19:42,791 [ForkJoinPool-1-worker-1] INFO  statemachine.DatanodeStateMachine (DatanodeStateMachine.java:getEndPointTaskThreadPoolSize(321)) - Datanode State Machine Task Thread Pool size 2
2025-09-27 09:19:42,799 [ForkJoinPool-1-worker-1] INFO  volume.HddsVolume (HddsVolume.java:<init>(162)) - HddsVolume: { id=DS-75ee269d-e093-44f4-9fc2-0cc094b92350 dir=/home/runner/work/ozone/ozone/hadoop-ozone/integration-test/target/test-dir/MiniOzoneClusterImpl-871b4ddd-f672-4be1-b73a-1629492f36a3/ozone-metadata/datanode-2/data-0/hdds type=DISK capacity=9222449699674390527 used=0 available=9222449699674390527 minFree=9222450130714624 committed=0 }
2025-09-27 09:19:42,799 [ForkJoinPool-1-worker-1] INFO  volume.MutableVolumeSet (MutableVolumeSet.java:initializeVolumeSet(175)) - Added Volume : /home/runner/work/ozone/ozone/hadoop-ozone/integration-test/target/test-dir/MiniOzoneClusterImpl-871b4ddd-f672-4be1-b73a-1629492f36a3/ozone-metadata/datanode-2/data-0/hdds to VolumeSet
2025-09-27 09:19:42,803 [ForkJoinPool-1-worker-1] INFO  volume.MutableVolumeSet (MutableVolumeSet.java:initializeVolumeSet(175)) - Added Volume : /home/runner/work/ozone/ozone/hadoop-ozone/integration-test/target/test-dir/MiniOzoneClusterImpl-871b4ddd-f672-4be1-b73a-1629492f36a3/ozone-metadata/datanode-2/ratis to VolumeSet
2025-09-27 09:19:42,805 [ForkJoinPool-1-worker-1] INFO  ozoneimpl.OzoneContainer (HddsVolumeUtil.java:loadAllHddsVolumeDbStore(102)) - Load 1 volumes DbStore cost: 0ms
2025-09-27 09:19:42,805 [ForkJoinPool-1-worker-1] WARN  db.DBStoreBuilder (DBStoreBuilder.java:getDBDirPath(158)) - ozone.scm.datanode.id.dir is not configured. We recommend adding this setting. Falling back to ozone.metadata.dirs instead.
2025-09-27 09:19:42,806 [ForkJoinPool-1-worker-1] WARN  db.DBStoreBuilder (DBStoreBuilder.java:getDBDirPath(158)) - ozone.scm.datanode.id.dir is not configured. We recommend adding this setting. Falling back to ozone.metadata.dirs instead.
2025-09-27 09:19:42,823 [ForkJoinPool-1-worker-1] INFO  impl.FilePerChunkStrategy (FilePerChunkStrategy.java:<init>(79)) - ozone.chunk.read.mapped.buffer.max.count is load with 0
2025-09-27 09:19:42,823 [ForkJoinPool-1-worker-1] INFO  impl.FilePerBlockStrategy (FilePerBlockStrategy.java:<init>(88)) - ozone.chunk.read.mapped.buffer.max.count is load with 0
2025-09-27 09:19:42,825 [ForkJoinPool-1-worker-1] INFO  server.RaftServerConfigKeys (ConfUtils.java:logGet(62)) - raft.server.log.appender.buffer.byte-limit = 33554432 (custom)
2025-09-27 09:19:42,825 [c792898a-1981-4e29-8158-41294c472b61-DatanodeStateMachineTaskThread-0] INFO  datanode.InitDatanodeState (InitDatanodeState.java:persistContainerDatanodeDetails(139)) - DatanodeDetails is persisted to /home/runner/work/ozone/ozone/hadoop-ozone/integration-test/target/test-dir/MiniOzoneClusterImpl-871b4ddd-f672-4be1-b73a-1629492f36a3/ozone-metadata/datanode-1/ozone-metadata/datanode.id
2025-09-27 09:19:42,826 [ForkJoinPool-1-worker-1] INFO  grpc.GrpcConfigKeys (ConfUtils.java:logFallback(69)) - raft.grpc.admin.host = null (fallback to raft.grpc.server.host)
2025-09-27 09:19:42,827 [ForkJoinPool-1-worker-1] INFO  grpc.GrpcConfigKeys (ConfUtils.java:logGet(62)) - raft.grpc.admin.port = 15022 (custom)
2025-09-27 09:19:42,827 [ForkJoinPool-1-worker-1] INFO  grpc.GrpcConfigKeys (ConfUtils.java:logFallback(69)) - raft.grpc.client.host = null (fallback to raft.grpc.server.host)
2025-09-27 09:19:42,827 [ForkJoinPool-1-worker-1] INFO  grpc.GrpcConfigKeys (ConfUtils.java:logGet(62)) - raft.grpc.client.port = 15021 (custom)
2025-09-27 09:19:42,827 [ForkJoinPool-1-worker-1] INFO  grpc.GrpcConfigKeys (ConfUtils.java:logGet(62)) - raft.grpc.server.port = 15023 (custom)
2025-09-27 09:19:42,827 [ForkJoinPool-1-worker-1] INFO  server.GrpcServicesImpl (ConfUtils.java:logGet(62)) - raft.grpc.message.size.max = 34603008 (custom)
2025-09-27 09:19:42,827 [ForkJoinPool-1-worker-1] INFO  server.GrpcServicesImpl (ConfUtils.java:logGet(62)) - raft.grpc.flow.control.window = 5MB (=5242880) (custom)
2025-09-27 09:19:42,828 [ForkJoinPool-1-worker-1] INFO  server.RaftServerConfigKeys (ConfUtils.java:logGet(62)) - raft.server.log.appender.buffer.byte-limit = 33554432 (custom)
2025-09-27 09:19:42,830 [ForkJoinPool-1-worker-1] INFO  netty.NettyUtils (NettyUtils.java:newEventLoopGroup(74)) - Create EpollEventLoopGroup for 83932d67-4fdc-4fe4-8fe1-3df6c3f1844a-NettyServerStreamRpc-bossGroup; Thread size is 0.
2025-09-27 09:19:42,830 [ForkJoinPool-1-worker-1] INFO  netty.NettyUtils (NettyUtils.java:newEventLoopGroup(74)) - Create EpollEventLoopGroup for 83932d67-4fdc-4fe4-8fe1-3df6c3f1844a-NettyServerStreamRpc-workerGroup; Thread size is 0.
2025-09-27 09:19:42,831 [ForkJoinPool-1-worker-1] INFO  netty.NettyConfigKeys$DataStream (ConfUtils.java:logGet(62)) - raft.netty.dataStream.port = 15024 (custom)
2025-09-27 09:19:42,831 [ForkJoinPool-1-worker-1] INFO  server.RaftServerConfigKeys (ConfUtils.java:logGet(62)) - raft.server.storage.dir = [/home/runner/work/ozone/ozone/hadoop-ozone/integration-test/target/test-dir/MiniOzoneClusterImpl-871b4ddd-f672-4be1-b73a-1629492f36a3/ozone-metadata/datanode-2/ratis] (custom)
2025-09-27 09:19:42,831 [83932d67-4fdc-4fe4-8fe1-3df6c3f1844a-NettyServerStreamRpc-bossGroup--thread1] INFO  logging.LoggingHandler (AbstractInternalLogger.java:log(148)) - [id: 0x790a7a3c] REGISTERED
2025-09-27 09:19:42,832 [83932d67-4fdc-4fe4-8fe1-3df6c3f1844a-NettyServerStreamRpc-bossGroup--thread1] INFO  logging.LoggingHandler (AbstractInternalLogger.java:log(148)) - [id: 0x790a7a3c] BIND: 0.0.0.0/0.0.0.0:15024
2025-09-27 09:19:42,832 [83932d67-4fdc-4fe4-8fe1-3df6c3f1844a-NettyServerStreamRpc-bossGroup--thread1] INFO  logging.LoggingHandler (AbstractInternalLogger.java:log(148)) - [id: 0x790a7a3c, L:/0.0.0.0:15024] ACTIVE
2025-09-27 09:19:42,832 [83932d67-4fdc-4fe4-8fe1-3df6c3f1844a-impl-thread1] INFO  server.RaftServer (RaftServerProxy.java:initGroupDir(270)) - 83932d67-4fdc-4fe4-8fe1-3df6c3f1844a: found a subdirectory /home/runner/work/ozone/ozone/hadoop-ozone/integration-test/target/test-dir/MiniOzoneClusterImpl-871b4ddd-f672-4be1-b73a-1629492f36a3/ozone-metadata/datanode-2/ratis/tmp
2025-09-27 09:19:42,832 [83932d67-4fdc-4fe4-8fe1-3df6c3f1844a-impl-thread1] INFO  server.RaftServer (RaftServerProxy.java:initGroupDir(275)) - 83932d67-4fdc-4fe4-8fe1-3df6c3f1844a: The directory /home/runner/work/ozone/ozone/hadoop-ozone/integration-test/target/test-dir/MiniOzoneClusterImpl-871b4ddd-f672-4be1-b73a-1629492f36a3/ozone-metadata/datanode-2/ratis/tmp is not a group directory; ignoring it. 
2025-09-27 09:19:42,832 [ForkJoinPool-1-worker-1] INFO  replication.ReplicationServer (ReplicationServer.java:<init>(84)) - Initializing replication server with thread count = 10 queue length = 4096
2025-09-27 09:19:42,834 [ForkJoinPool-1-worker-1] INFO  server.XceiverServerGrpc (XceiverServerGrpc.java:<init>(129)) - GrpcServer channel type EpollServerSocketChannel
2025-09-27 09:19:42,837 [ForkJoinPool-1-worker-1] INFO  replication.ReplicationSupervisor (ReplicationSupervisor.java:build(169)) - Initializing replication supervisor with thread count = 10
2025-09-27 09:19:42,837 [ForkJoinPool-1-worker-1] INFO  replication.ReplicationSupervisor (ReplicationSupervisor.java:nodeStateUpdated(358)) - Node state updated to IN_SERVICE, scaling executor pool size to 10
2025-09-27 09:19:42,841 [ForkJoinPool-1-worker-1] INFO  http.BaseHttpServer (BaseHttpServer.java:newHttpServer2BuilderForOzone(227)) - Starting Web-server for hddsDatanode at: http://0.0.0.0:15018
2025-09-27 09:19:42,841 [ForkJoinPool-1-worker-1] INFO  http.BaseHttpServer (BaseHttpServer.java:<init>(105)) - Hadoop Security Enabled: false Ozone Security Enabled: false Ozone HTTP Security Enabled: false 
2025-09-27 09:19:42,843 [ForkJoinPool-1-worker-1] WARN  server.AuthenticationFilter (AuthenticationFilter.java:constructSecretProvider(240)) - Unable to initialize FileSignerSecretProvider, falling back to use random secrets. Reason: Could not read signature secret file: /home/runner/hadoop-http-auth-signature-secret
2025-09-27 09:19:42,845 [ForkJoinPool-1-worker-1] INFO  http.HttpServer2 (HttpServer2.java:addGlobalFilter(1041)) - Added global filter 'safety' (class=org.apache.hadoop.hdds.server.http.HttpServer2$QuotingInputFilter)
2025-09-27 09:19:42,847 [ForkJoinPool-1-worker-1] INFO  http.HttpServer2 (HttpServer2.java:addFilter(1017)) - Added filter static_user_filter (class=org.apache.hadoop.http.lib.StaticUserWebFilter$StaticUserFilter) to context hddsDatanode
2025-09-27 09:19:42,847 [ForkJoinPool-1-worker-1] INFO  http.HttpServer2 (HttpServer2.java:addFilter(1025)) - Added filter static_user_filter (class=org.apache.hadoop.http.lib.StaticUserWebFilter$StaticUserFilter) to context logs
2025-09-27 09:19:42,847 [ForkJoinPool-1-worker-1] INFO  http.HttpServer2 (HttpServer2.java:addFilter(1025)) - Added filter static_user_filter (class=org.apache.hadoop.http.lib.StaticUserWebFilter$StaticUserFilter) to context static
2025-09-27 09:19:42,848 [ForkJoinPool-1-worker-1] INFO  http.BaseHttpServer (BaseHttpServer.java:<init>(193)) - HTTP server of hddsDatanode uses base directory /home/runner/work/ozone/ozone/hadoop-ozone/integration-test/target/test-dir/MiniOzoneClusterImpl-871b4ddd-f672-4be1-b73a-1629492f36a3/scm/ozone-metadata/webserver
2025-09-27 09:19:42,848 [ForkJoinPool-1-worker-1] INFO  http.HttpServer2 (HttpServer2.java:bindListener(1241)) - Jetty bound to port 15018
2025-09-27 09:19:42,848 [ForkJoinPool-1-worker-1] INFO  server.Server (Server.java:doStart(375)) - jetty-9.4.58.v20250814; built: 2025-08-14T02:28:49.637Z; git: 8f1440587e9e4ae7db3d74cf205643f3d707148d; jvm 21.0.8+9-LTS
2025-09-27 09:19:42,850 [ForkJoinPool-1-worker-1] INFO  server.session (DefaultSessionIdManager.java:doStart(334)) - DefaultSessionIdManager workerName=node0
2025-09-27 09:19:42,850 [ForkJoinPool-1-worker-1] INFO  server.session (DefaultSessionIdManager.java:doStart(339)) - No SessionScavenger set, using defaults
2025-09-27 09:19:42,851 [ForkJoinPool-1-worker-1] INFO  server.session (HouseKeeper.java:startScavenging(132)) - node0 Scavenging every 600000ms
2025-09-27 09:19:42,851 [ForkJoinPool-1-worker-1] INFO  handler.ContextHandler (ContextHandler.java:doStart(921)) - Started o.e.j.s.ServletContextHandler@79d891e9{logs,/logs,file:///home/runner/work/ozone/ozone/hadoop-ozone/integration-test/target/log,AVAILABLE}
2025-09-27 09:19:42,852 [ForkJoinPool-1-worker-1] INFO  handler.ContextHandler (ContextHandler.java:doStart(921)) - Started o.e.j.s.ServletContextHandler@723aafe4{static,/static,jar:file:/home/runner/work/ozone/ozone/hadoop-hdds/container-service/target/hdds-container-service-2.1.0-SNAPSHOT.jar!/webapps/static,AVAILABLE}
2025-09-27 09:19:43,006 [ForkJoinPool-1-worker-1] INFO  handler.ContextHandler (ContextHandler.java:doStart(921)) - Started o.e.j.w.WebAppContext@627fccab{hddsDatanode,/,file:///home/runner/work/ozone/ozone/hadoop-ozone/integration-test/target/test-dir/MiniOzoneClusterImpl-871b4ddd-f672-4be1-b73a-1629492f36a3/scm/ozone-metadata/webserver/jetty-0_0_0_0-15018-hdds-container-service-2_1_0-SNAPSHOT_jar-_-any-15250960687224998325/webapp/,AVAILABLE}{jar:file:/home/runner/work/ozone/ozone/hadoop-hdds/container-service/target/hdds-container-service-2.1.0-SNAPSHOT.jar!/webapps/hddsDatanode}
2025-09-27 09:19:43,007 [ForkJoinPool-1-worker-1] INFO  server.AbstractConnector (AbstractConnector.java:doStart(333)) - Started ServerConnector@7e769a6c{HTTP/1.1, (http/1.1)}{0.0.0.0:15018}
2025-09-27 09:19:43,007 [ForkJoinPool-1-worker-1] INFO  server.Server (Server.java:doStart(415)) - Started @11533ms
2025-09-27 09:19:43,007 [ForkJoinPool-1-worker-1] WARN  impl.MetricsSystemImpl (MetricsSystemImpl.java:register(279)) - Sink prometheus already exists!
2025-09-27 09:19:43,007 [ForkJoinPool-1-worker-1] INFO  http.BaseHttpServer (BaseHttpServer.java:updateConnectorAddress(357)) - HTTP server of hddsDatanode listening at http://localhost:15018
2025-09-27 09:19:43,008 [ForkJoinPool-1-worker-1] INFO  ipc.CallQueueManager (CallQueueManager.java:<init>(93)) - Using callQueue: class java.util.concurrent.LinkedBlockingQueue, queueCapacity: 1000, scheduler: class org.apache.hadoop.ipc.DefaultRpcScheduler, ipcBackoff: false, ipcFailOver: false.
2025-09-27 09:19:43,008 [ForkJoinPool-1-worker-1] INFO  ipc.Server (Server.java:<init>(1438)) - Listener at 0.0.0.0:15019
2025-09-27 09:19:43,008 [Socket Reader #1 for port 15019] INFO  ipc.Server (Server.java:run(1474)) - Starting Socket Reader #1 for port 15019
2025-09-27 09:19:43,009 [Socket Reader #2 for port 15019] INFO  ipc.Server (Server.java:run(1474)) - Starting Socket Reader #2 for port 15019
2025-09-27 09:19:43,009 [Socket Reader #3 for port 15019] INFO  ipc.Server (Server.java:run(1474)) - Starting Socket Reader #3 for port 15019
2025-09-27 09:19:43,009 [Socket Reader #4 for port 15019] INFO  ipc.Server (Server.java:run(1474)) - Starting Socket Reader #4 for port 15019
2025-09-27 09:19:43,009 [Socket Reader #5 for port 15019] INFO  ipc.Server (Server.java:run(1474)) - Starting Socket Reader #5 for port 15019
2025-09-27 09:19:43,009 [Socket Reader #6 for port 15019] INFO  ipc.Server (Server.java:run(1474)) - Starting Socket Reader #6 for port 15019
2025-09-27 09:19:43,009 [Socket Reader #7 for port 15019] INFO  ipc.Server (Server.java:run(1474)) - Starting Socket Reader #7 for port 15019
2025-09-27 09:19:43,010 [Socket Reader #8 for port 15019] INFO  ipc.Server (Server.java:run(1474)) - Starting Socket Reader #8 for port 15019
2025-09-27 09:19:43,010 [Socket Reader #9 for port 15019] INFO  ipc.Server (Server.java:run(1474)) - Starting Socket Reader #9 for port 15019
2025-09-27 09:19:43,010 [Socket Reader #10 for port 15019] INFO  ipc.Server (Server.java:run(1474)) - Starting Socket Reader #10 for port 15019
2025-09-27 09:19:43,012 [ForkJoinPool-1-worker-1] INFO  ozone.HddsDatanodeService (HddsDatanodeService.java:start(333)) - Datanode start with admins: [admin, runner]
2025-09-27 09:19:43,012 [ForkJoinPool-1-worker-1] INFO  ozone.HddsDatanodeClientProtocolServer (HddsDatanodeClientProtocolServer.java:start(76)) - RPC server for Client /0.0.0.0:15019
2025-09-27 09:19:43,013 [IPC Server Responder] INFO  ipc.Server (Server.java:run(1713)) - IPC Server Responder: starting
2025-09-27 09:19:43,013 [IPC Server listener on 15019] INFO  ipc.Server (Server.java:run(1553)) - IPC Server listener on 15019: starting
2025-09-27 09:19:43,014 [ForkJoinPool-1-worker-1] WARN  dropwizard3.Dm3MetricRegistriesImpl (Dm3MetricRegistriesImpl.java:addReporterRegistration(114)) - New reporters are added after registries were created. Some metrics will be missing from the reporter. Please add reporter before adding any new registry.
2025-09-27 09:19:43,014 [ForkJoinPool-1-worker-1] WARN  dropwizard3.Dm3MetricRegistriesImpl (Dm3MetricRegistriesImpl.java:addReporterRegistration(114)) - New reporters are added after registries were created. Some metrics will be missing from the reporter. Please add reporter before adding any new registry.
2025-09-27 09:19:43,014 [ForkJoinPool-1-worker-1] INFO  impl.MetricsSystemImpl (MetricsSystemImpl.java:init(158)) - HddsDatanode metrics system started (again)
2025-09-27 09:19:43,015 [83932d67-4fdc-4fe4-8fe1-3df6c3f1844a-DatanodeStateMachineDaemonThread] INFO  statemachine.DatanodeStateMachine (DatanodeStateMachine.java:startStateMachineThread(363)) - Ozone container server started.
2025-09-27 09:19:43,020 [83932d67-4fdc-4fe4-8fe1-3df6c3f1844a-DatanodeStateMachineTaskThread-0] INFO  datanode.InitDatanodeState (InitDatanodeState.java:persistContainerDatanodeDetails(139)) - DatanodeDetails is persisted to /home/runner/work/ozone/ozone/hadoop-ozone/integration-test/target/test-dir/MiniOzoneClusterImpl-871b4ddd-f672-4be1-b73a-1629492f36a3/ozone-metadata/datanode-2/ozone-metadata/datanode.id
2025-09-27 09:19:43,031 [ForkJoinPool-1-worker-1] INFO  protocol.DatanodeDetails (DatanodeDetails.java:validateDatanodeIpAddress(199)) - Updating IP address of datanode 18da7ee6-49f7-45ee-8090-861a49f32d36(localhost/null) to 127.0.0.1
2025-09-27 09:19:43,031 [ForkJoinPool-1-worker-1] INFO  ozone.HddsDatanodeService (HddsDatanodeService.java:start(236)) - HddsDatanodeService 18da7ee6-49f7-45ee-8090-861a49f32d36(localhost/127.0.0.1)
2025-09-27 09:19:43,033 [ForkJoinPool-1-worker-1] INFO  upgrade.AbstractLayoutVersionManager (AbstractLayoutVersionManager.java:init(80)) - Initializing Layout version manager with metadata layout = WITNESSED_CONTAINER_DB_PROTO_VALUE (version = 9), software layout = WITNESSED_CONTAINER_DB_PROTO_VALUE (version = 9)
2025-09-27 09:19:43,034 [ForkJoinPool-1-worker-1] INFO  statemachine.DatanodeStateMachine (DatanodeStateMachine.java:getEndPointTaskThreadPoolSize(321)) - Datanode State Machine Task Thread Pool size 2
2025-09-27 09:19:43,037 [ForkJoinPool-1-worker-1] INFO  volume.HddsVolume (HddsVolume.java:<init>(162)) - HddsVolume: { id=DS-983a2996-6b65-4590-99e6-9295be49b734 dir=/home/runner/work/ozone/ozone/hadoop-ozone/integration-test/target/test-dir/MiniOzoneClusterImpl-871b4ddd-f672-4be1-b73a-1629492f36a3/ozone-metadata/datanode-3/data-0/hdds type=DISK capacity=9222449699674390527 used=0 available=9222449699674390527 minFree=9222450130714624 committed=0 }
2025-09-27 09:19:43,037 [ForkJoinPool-1-worker-1] INFO  volume.MutableVolumeSet (MutableVolumeSet.java:initializeVolumeSet(175)) - Added Volume : /home/runner/work/ozone/ozone/hadoop-ozone/integration-test/target/test-dir/MiniOzoneClusterImpl-871b4ddd-f672-4be1-b73a-1629492f36a3/ozone-metadata/datanode-3/data-0/hdds to VolumeSet
2025-09-27 09:19:43,038 [ForkJoinPool-1-worker-1] INFO  volume.MutableVolumeSet (MutableVolumeSet.java:initializeVolumeSet(175)) - Added Volume : /home/runner/work/ozone/ozone/hadoop-ozone/integration-test/target/test-dir/MiniOzoneClusterImpl-871b4ddd-f672-4be1-b73a-1629492f36a3/ozone-metadata/datanode-3/ratis to VolumeSet
2025-09-27 09:19:43,039 [ForkJoinPool-1-worker-1] INFO  ozoneimpl.OzoneContainer (HddsVolumeUtil.java:loadAllHddsVolumeDbStore(102)) - Load 1 volumes DbStore cost: 0ms
2025-09-27 09:19:43,040 [ForkJoinPool-1-worker-1] WARN  db.DBStoreBuilder (DBStoreBuilder.java:getDBDirPath(158)) - ozone.scm.datanode.id.dir is not configured. We recommend adding this setting. Falling back to ozone.metadata.dirs instead.
2025-09-27 09:19:43,040 [ForkJoinPool-1-worker-1] WARN  db.DBStoreBuilder (DBStoreBuilder.java:getDBDirPath(158)) - ozone.scm.datanode.id.dir is not configured. We recommend adding this setting. Falling back to ozone.metadata.dirs instead.
2025-09-27 09:19:43,052 [ForkJoinPool-1-worker-1] INFO  impl.FilePerChunkStrategy (FilePerChunkStrategy.java:<init>(79)) - ozone.chunk.read.mapped.buffer.max.count is load with 0
2025-09-27 09:19:43,052 [ForkJoinPool-1-worker-1] INFO  impl.FilePerBlockStrategy (FilePerBlockStrategy.java:<init>(88)) - ozone.chunk.read.mapped.buffer.max.count is load with 0
2025-09-27 09:19:43,053 [ForkJoinPool-1-worker-1] INFO  server.RaftServerConfigKeys (ConfUtils.java:logGet(62)) - raft.server.log.appender.buffer.byte-limit = 33554432 (custom)
2025-09-27 09:19:43,055 [ForkJoinPool-1-worker-1] INFO  grpc.GrpcConfigKeys (ConfUtils.java:logFallback(69)) - raft.grpc.admin.host = null (fallback to raft.grpc.server.host)
2025-09-27 09:19:43,055 [ForkJoinPool-1-worker-1] INFO  grpc.GrpcConfigKeys (ConfUtils.java:logGet(62)) - raft.grpc.admin.port = 15030 (custom)
2025-09-27 09:19:43,055 [ForkJoinPool-1-worker-1] INFO  grpc.GrpcConfigKeys (ConfUtils.java:logFallback(69)) - raft.grpc.client.host = null (fallback to raft.grpc.server.host)
2025-09-27 09:19:43,055 [ForkJoinPool-1-worker-1] INFO  grpc.GrpcConfigKeys (ConfUtils.java:logGet(62)) - raft.grpc.client.port = 15029 (custom)
2025-09-27 09:19:43,055 [ForkJoinPool-1-worker-1] INFO  grpc.GrpcConfigKeys (ConfUtils.java:logGet(62)) - raft.grpc.server.port = 15031 (custom)
2025-09-27 09:19:43,056 [ForkJoinPool-1-worker-1] INFO  server.GrpcServicesImpl (ConfUtils.java:logGet(62)) - raft.grpc.message.size.max = 34603008 (custom)
2025-09-27 09:19:43,056 [ForkJoinPool-1-worker-1] INFO  server.GrpcServicesImpl (ConfUtils.java:logGet(62)) - raft.grpc.flow.control.window = 5MB (=5242880) (custom)
2025-09-27 09:19:43,056 [ForkJoinPool-1-worker-1] INFO  server.RaftServerConfigKeys (ConfUtils.java:logGet(62)) - raft.server.log.appender.buffer.byte-limit = 33554432 (custom)
2025-09-27 09:19:43,058 [ForkJoinPool-1-worker-1] INFO  netty.NettyUtils (NettyUtils.java:newEventLoopGroup(74)) - Create EpollEventLoopGroup for 18da7ee6-49f7-45ee-8090-861a49f32d36-NettyServerStreamRpc-bossGroup; Thread size is 0.
2025-09-27 09:19:43,059 [ForkJoinPool-1-worker-1] INFO  netty.NettyUtils (NettyUtils.java:newEventLoopGroup(74)) - Create EpollEventLoopGroup for 18da7ee6-49f7-45ee-8090-861a49f32d36-NettyServerStreamRpc-workerGroup; Thread size is 0.
2025-09-27 09:19:43,059 [ForkJoinPool-1-worker-1] INFO  netty.NettyConfigKeys$DataStream (ConfUtils.java:logGet(62)) - raft.netty.dataStream.port = 15032 (custom)
2025-09-27 09:19:43,060 [ForkJoinPool-1-worker-1] INFO  server.RaftServerConfigKeys (ConfUtils.java:logGet(62)) - raft.server.storage.dir = [/home/runner/work/ozone/ozone/hadoop-ozone/integration-test/target/test-dir/MiniOzoneClusterImpl-871b4ddd-f672-4be1-b73a-1629492f36a3/ozone-metadata/datanode-3/ratis] (custom)
2025-09-27 09:19:43,060 [18da7ee6-49f7-45ee-8090-861a49f32d36-NettyServerStreamRpc-bossGroup--thread1] INFO  logging.LoggingHandler (AbstractInternalLogger.java:log(148)) - [id: 0x12eddf56] REGISTERED
2025-09-27 09:19:43,060 [18da7ee6-49f7-45ee-8090-861a49f32d36-NettyServerStreamRpc-bossGroup--thread1] INFO  logging.LoggingHandler (AbstractInternalLogger.java:log(148)) - [id: 0x12eddf56] BIND: 0.0.0.0/0.0.0.0:15032
2025-09-27 09:19:43,061 [18da7ee6-49f7-45ee-8090-861a49f32d36-NettyServerStreamRpc-bossGroup--thread1] INFO  logging.LoggingHandler (AbstractInternalLogger.java:log(148)) - [id: 0x12eddf56, L:/0.0.0.0:15032] ACTIVE
2025-09-27 09:19:43,061 [18da7ee6-49f7-45ee-8090-861a49f32d36-impl-thread1] INFO  server.RaftServer (RaftServerProxy.java:initGroupDir(270)) - 18da7ee6-49f7-45ee-8090-861a49f32d36: found a subdirectory /home/runner/work/ozone/ozone/hadoop-ozone/integration-test/target/test-dir/MiniOzoneClusterImpl-871b4ddd-f672-4be1-b73a-1629492f36a3/ozone-metadata/datanode-3/ratis/tmp
2025-09-27 09:19:43,061 [18da7ee6-49f7-45ee-8090-861a49f32d36-impl-thread1] INFO  server.RaftServer (RaftServerProxy.java:initGroupDir(275)) - 18da7ee6-49f7-45ee-8090-861a49f32d36: The directory /home/runner/work/ozone/ozone/hadoop-ozone/integration-test/target/test-dir/MiniOzoneClusterImpl-871b4ddd-f672-4be1-b73a-1629492f36a3/ozone-metadata/datanode-3/ratis/tmp is not a group directory; ignoring it. 
2025-09-27 09:19:43,061 [ForkJoinPool-1-worker-1] INFO  replication.ReplicationServer (ReplicationServer.java:<init>(84)) - Initializing replication server with thread count = 10 queue length = 4096
2025-09-27 09:19:43,063 [ForkJoinPool-1-worker-1] INFO  server.XceiverServerGrpc (XceiverServerGrpc.java:<init>(129)) - GrpcServer channel type EpollServerSocketChannel
2025-09-27 09:19:43,064 [ForkJoinPool-1-worker-1] INFO  replication.ReplicationSupervisor (ReplicationSupervisor.java:build(169)) - Initializing replication supervisor with thread count = 10
2025-09-27 09:19:43,064 [ForkJoinPool-1-worker-1] INFO  replication.ReplicationSupervisor (ReplicationSupervisor.java:nodeStateUpdated(358)) - Node state updated to IN_SERVICE, scaling executor pool size to 10
2025-09-27 09:19:43,068 [ForkJoinPool-1-worker-1] INFO  http.BaseHttpServer (BaseHttpServer.java:newHttpServer2BuilderForOzone(227)) - Starting Web-server for hddsDatanode at: http://0.0.0.0:15026
2025-09-27 09:19:43,068 [ForkJoinPool-1-worker-1] INFO  http.BaseHttpServer (BaseHttpServer.java:<init>(105)) - Hadoop Security Enabled: false Ozone Security Enabled: false Ozone HTTP Security Enabled: false 
2025-09-27 09:19:43,069 [ForkJoinPool-1-worker-1] WARN  server.AuthenticationFilter (AuthenticationFilter.java:constructSecretProvider(240)) - Unable to initialize FileSignerSecretProvider, falling back to use random secrets. Reason: Could not read signature secret file: /home/runner/hadoop-http-auth-signature-secret
2025-09-27 09:19:43,072 [ForkJoinPool-1-worker-1] INFO  http.HttpServer2 (HttpServer2.java:addGlobalFilter(1041)) - Added global filter 'safety' (class=org.apache.hadoop.hdds.server.http.HttpServer2$QuotingInputFilter)
2025-09-27 09:19:43,074 [ForkJoinPool-1-worker-1] INFO  http.HttpServer2 (HttpServer2.java:addFilter(1017)) - Added filter static_user_filter (class=org.apache.hadoop.http.lib.StaticUserWebFilter$StaticUserFilter) to context hddsDatanode
2025-09-27 09:19:43,074 [ForkJoinPool-1-worker-1] INFO  http.HttpServer2 (HttpServer2.java:addFilter(1025)) - Added filter static_user_filter (class=org.apache.hadoop.http.lib.StaticUserWebFilter$StaticUserFilter) to context static
2025-09-27 09:19:43,074 [ForkJoinPool-1-worker-1] INFO  http.HttpServer2 (HttpServer2.java:addFilter(1025)) - Added filter static_user_filter (class=org.apache.hadoop.http.lib.StaticUserWebFilter$StaticUserFilter) to context logs
2025-09-27 09:19:43,075 [ForkJoinPool-1-worker-1] INFO  http.BaseHttpServer (BaseHttpServer.java:<init>(193)) - HTTP server of hddsDatanode uses base directory /home/runner/work/ozone/ozone/hadoop-ozone/integration-test/target/test-dir/MiniOzoneClusterImpl-871b4ddd-f672-4be1-b73a-1629492f36a3/scm/ozone-metadata/webserver
2025-09-27 09:19:43,075 [ForkJoinPool-1-worker-1] INFO  http.HttpServer2 (HttpServer2.java:bindListener(1241)) - Jetty bound to port 15026
2025-09-27 09:19:43,075 [ForkJoinPool-1-worker-1] INFO  server.Server (Server.java:doStart(375)) - jetty-9.4.58.v20250814; built: 2025-08-14T02:28:49.637Z; git: 8f1440587e9e4ae7db3d74cf205643f3d707148d; jvm 21.0.8+9-LTS
2025-09-27 09:19:43,077 [ForkJoinPool-1-worker-1] INFO  server.session (DefaultSessionIdManager.java:doStart(334)) - DefaultSessionIdManager workerName=node0
2025-09-27 09:19:43,077 [ForkJoinPool-1-worker-1] INFO  server.session (DefaultSessionIdManager.java:doStart(339)) - No SessionScavenger set, using defaults
2025-09-27 09:19:43,077 [ForkJoinPool-1-worker-1] INFO  server.session (HouseKeeper.java:startScavenging(132)) - node0 Scavenging every 600000ms
2025-09-27 09:19:43,078 [ForkJoinPool-1-worker-1] INFO  handler.ContextHandler (ContextHandler.java:doStart(921)) - Started o.e.j.s.ServletContextHandler@2944d2e2{logs,/logs,file:///home/runner/work/ozone/ozone/hadoop-ozone/integration-test/target/log,AVAILABLE}
2025-09-27 09:19:43,079 [ForkJoinPool-1-worker-1] INFO  handler.ContextHandler (ContextHandler.java:doStart(921)) - Started o.e.j.s.ServletContextHandler@6073feb1{static,/static,jar:file:/home/runner/work/ozone/ozone/hadoop-hdds/container-service/target/hdds-container-service-2.1.0-SNAPSHOT.jar!/webapps/static,AVAILABLE}
2025-09-27 09:19:43,114 [om1@group-C5BA1605619E-FollowerState] INFO  impl.FollowerState (FollowerState.java:runImpl(161)) - om1@group-C5BA1605619E-FollowerState: change to CANDIDATE, lastRpcElapsedTime:1116737812ns, electionTimeout:1116ms
2025-09-27 09:19:43,114 [om1@group-C5BA1605619E-FollowerState] INFO  impl.RoleInfo (RoleInfo.java:shutdownFollowerState(121)) - om1: shutdown om1@group-C5BA1605619E-FollowerState
2025-09-27 09:19:43,115 [om1@group-C5BA1605619E-FollowerState] INFO  server.RaftServer$Division (RaftServerImpl.java:setRole(392)) - om1@group-C5BA1605619E: changes role from  FOLLOWER to CANDIDATE at term 0 for changeToCandidate
2025-09-27 09:19:43,115 [om1@group-C5BA1605619E-FollowerState] INFO  impl.RoleInfo (RoleInfo.java:updateAndGet(148)) - om1: start om1@group-C5BA1605619E-LeaderElection3
2025-09-27 09:19:43,116 [om1@group-C5BA1605619E-LeaderElection3] INFO  impl.LeaderElection (LeaderElection.java:askForVotes(448)) - om1@group-C5BA1605619E-LeaderElection3 PRE_VOTE round 0: submit vote requests at term 0 for conf: {index: -1, cur=peers:[om1|localhost:15009]|listeners:[], old=null}
2025-09-27 09:19:43,116 [om1@group-C5BA1605619E-LeaderElection3] INFO  impl.LeaderElection (LeaderElection.java:askForVotes(450)) - om1@group-C5BA1605619E-LeaderElection3 PRE_VOTE round 0: result PASSED (term=0)
2025-09-27 09:19:43,118 [om1@group-C5BA1605619E-LeaderElection3] INFO  impl.LeaderElection (LeaderElection.java:askForVotes(448)) - om1@group-C5BA1605619E-LeaderElection3 ELECTION round 0: submit vote requests at term 1 for conf: {index: -1, cur=peers:[om1|localhost:15009]|listeners:[], old=null}
2025-09-27 09:19:43,118 [om1@group-C5BA1605619E-LeaderElection3] INFO  impl.LeaderElection (LeaderElection.java:askForVotes(450)) - om1@group-C5BA1605619E-LeaderElection3 ELECTION round 0: result PASSED (term=1)
2025-09-27 09:19:43,118 [om1@group-C5BA1605619E-LeaderElection3] INFO  impl.RoleInfo (RoleInfo.java:shutdownLeaderElection(141)) - om1: shutdown om1@group-C5BA1605619E-LeaderElection3
2025-09-27 09:19:43,118 [om1@group-C5BA1605619E-LeaderElection3] INFO  server.RaftServer$Division (RaftServerImpl.java:setRole(392)) - om1@group-C5BA1605619E: changes role from CANDIDATE to LEADER at term 1 for changeToLeader
2025-09-27 09:19:43,118 [om1@group-C5BA1605619E-LeaderElection3] INFO  server.RaftServerConfigKeys (ConfUtils.java:logFallback(69)) - raft.server.staging.timeout = 3600ms (fallback to raft.server.rpc.timeout.max)
2025-09-27 09:19:43,119 [om1@group-C5BA1605619E-LeaderElection3] INFO  server.RaftServerConfigKeys (ConfUtils.java:logGet(62)) - raft.server.write.byte-limit = 67108864 (custom)
2025-09-27 09:19:43,120 [om1@group-C5BA1605619E-LeaderElection3] INFO  impl.RoleInfo (RoleInfo.java:updateAndGet(148)) - om1: start om1@group-C5BA1605619E-LeaderStateImpl
2025-09-27 09:19:43,120 [om1@group-C5BA1605619E-LeaderElection3] INFO  server.RaftServer$Division (RaftServerImpl.java:setFirstElection(576)) - om1@group-C5BA1605619E: set firstElectionSinceStartup to false for becomeLeader
2025-09-27 09:19:43,123 [om1@group-C5BA1605619E-LeaderElection3] INFO  ratis.OzoneManagerStateMachine (OzoneManagerStateMachine.java:notifyLeaderChanged(174)) - om1@group-C5BA1605619E: leader changed to om1
2025-09-27 09:19:43,123 [om1@group-C5BA1605619E-LeaderElection3] INFO  server.RaftServer$Division (ServerState.java:setLeader(272)) - om1@group-C5BA1605619E: change Leader from null to om1 at term 1 for becomeLeader, leader elected after 2088ms
2025-09-27 09:19:43,124 [om1@group-C5BA1605619E-LeaderElection3] INFO  segmented.SegmentedRaftLogWorker (SegmentedRaftLogWorker.java:startLogSegment(440)) - om1@group-C5BA1605619E-SegmentedRaftLogWorker: Starting segment from index:0
2025-09-27 09:19:43,125 [om1@group-C5BA1605619E-LeaderElection3] INFO  server.RaftServer$Division (ServerState.java:setRaftConf(386)) - om1@group-C5BA1605619E: set configuration conf: {index: 0, cur=peers:[om1|localhost:15009]|listeners:[], old=null}
2025-09-27 09:19:43,125 [om1@group-C5BA1605619E-SegmentedRaftLogWorker] INFO  segmented.BufferedWriteChannel (BufferedWriteChannel.java:open(61)) - open log_inprogress_0 at position 0
2025-09-27 09:19:43,132 [om1@group-C5BA1605619E-SegmentedRaftLogWorker] INFO  segmented.SegmentedRaftLogWorker (SegmentedRaftLogWorker.java:execute(647)) - om1@group-C5BA1605619E-SegmentedRaftLogWorker: created new log segment /home/runner/work/ozone/ozone/hadoop-ozone/integration-test/target/test-dir/MiniOzoneClusterImpl-871b4ddd-f672-4be1-b73a-1629492f36a3/om/ratis/bf265839-605b-3f16-9796-c5ba1605619e/current/log_inprogress_0
2025-09-27 09:19:43,134 [om1@group-C5BA1605619E-StateMachineUpdater] INFO  ratis.OzoneManagerStateMachine (OzoneManagerStateMachine.java:notifyConfigurationChanged(243)) - notifyConfigurationChanged from Ratis: term=1, index=0, New Peer list: om1(localhost:15009), New Listener list
2025-09-27 09:19:43,135 [om1@group-C5BA1605619E-StateMachineUpdater] INFO  server.RaftServer$Division (LeaderStateImpl.java:checkStartIndex(309)) - Leader om1@group-C5BA1605619E-LeaderStateImpl is ready since appliedIndex == startIndex == 0
2025-09-27 09:19:43,230 [ForkJoinPool-1-worker-1] INFO  handler.ContextHandler (ContextHandler.java:doStart(921)) - Started o.e.j.w.WebAppContext@7adaf61b{hddsDatanode,/,file:///home/runner/work/ozone/ozone/hadoop-ozone/integration-test/target/test-dir/MiniOzoneClusterImpl-871b4ddd-f672-4be1-b73a-1629492f36a3/scm/ozone-metadata/webserver/jetty-0_0_0_0-15026-hdds-container-service-2_1_0-SNAPSHOT_jar-_-any-12970499613398628477/webapp/,AVAILABLE}{jar:file:/home/runner/work/ozone/ozone/hadoop-hdds/container-service/target/hdds-container-service-2.1.0-SNAPSHOT.jar!/webapps/hddsDatanode}
2025-09-27 09:19:43,230 [ForkJoinPool-1-worker-1] INFO  server.AbstractConnector (AbstractConnector.java:doStart(333)) - Started ServerConnector@2ae34c61{HTTP/1.1, (http/1.1)}{0.0.0.0:15026}
2025-09-27 09:19:43,231 [ForkJoinPool-1-worker-1] INFO  server.Server (Server.java:doStart(415)) - Started @11756ms
2025-09-27 09:19:43,231 [ForkJoinPool-1-worker-1] WARN  impl.MetricsSystemImpl (MetricsSystemImpl.java:register(279)) - Sink prometheus already exists!
2025-09-27 09:19:43,231 [ForkJoinPool-1-worker-1] INFO  http.BaseHttpServer (BaseHttpServer.java:updateConnectorAddress(357)) - HTTP server of hddsDatanode listening at http://localhost:15026
2025-09-27 09:19:43,231 [ForkJoinPool-1-worker-1] INFO  ipc.CallQueueManager (CallQueueManager.java:<init>(93)) - Using callQueue: class java.util.concurrent.LinkedBlockingQueue, queueCapacity: 1000, scheduler: class org.apache.hadoop.ipc.DefaultRpcScheduler, ipcBackoff: false, ipcFailOver: false.
2025-09-27 09:19:43,232 [ForkJoinPool-1-worker-1] INFO  ipc.Server (Server.java:<init>(1438)) - Listener at 0.0.0.0:15027
2025-09-27 09:19:43,232 [Socket Reader #1 for port 15027] INFO  ipc.Server (Server.java:run(1474)) - Starting Socket Reader #1 for port 15027
2025-09-27 09:19:43,232 [Socket Reader #2 for port 15027] INFO  ipc.Server (Server.java:run(1474)) - Starting Socket Reader #2 for port 15027
2025-09-27 09:19:43,232 [Socket Reader #3 for port 15027] INFO  ipc.Server (Server.java:run(1474)) - Starting Socket Reader #3 for port 15027
2025-09-27 09:19:43,233 [Socket Reader #4 for port 15027] INFO  ipc.Server (Server.java:run(1474)) - Starting Socket Reader #4 for port 15027
2025-09-27 09:19:43,233 [Socket Reader #5 for port 15027] INFO  ipc.Server (Server.java:run(1474)) - Starting Socket Reader #5 for port 15027
2025-09-27 09:19:43,233 [Socket Reader #6 for port 15027] INFO  ipc.Server (Server.java:run(1474)) - Starting Socket Reader #6 for port 15027
2025-09-27 09:19:43,233 [Socket Reader #7 for port 15027] INFO  ipc.Server (Server.java:run(1474)) - Starting Socket Reader #7 for port 15027
2025-09-27 09:19:43,233 [Socket Reader #8 for port 15027] INFO  ipc.Server (Server.java:run(1474)) - Starting Socket Reader #8 for port 15027
2025-09-27 09:19:43,233 [Socket Reader #9 for port 15027] INFO  ipc.Server (Server.java:run(1474)) - Starting Socket Reader #9 for port 15027
2025-09-27 09:19:43,234 [Socket Reader #10 for port 15027] INFO  ipc.Server (Server.java:run(1474)) - Starting Socket Reader #10 for port 15027
2025-09-27 09:19:43,236 [ForkJoinPool-1-worker-1] INFO  ozone.HddsDatanodeService (HddsDatanodeService.java:start(333)) - Datanode start with admins: [admin, runner]
2025-09-27 09:19:43,236 [ForkJoinPool-1-worker-1] INFO  ozone.HddsDatanodeClientProtocolServer (HddsDatanodeClientProtocolServer.java:start(76)) - RPC server for Client /0.0.0.0:15027
2025-09-27 09:19:43,237 [IPC Server Responder] INFO  ipc.Server (Server.java:run(1713)) - IPC Server Responder: starting
2025-09-27 09:19:43,237 [IPC Server listener on 15027] INFO  ipc.Server (Server.java:run(1553)) - IPC Server listener on 15027: starting
2025-09-27 09:19:43,239 [ForkJoinPool-1-worker-1] WARN  dropwizard3.Dm3MetricRegistriesImpl (Dm3MetricRegistriesImpl.java:addReporterRegistration(114)) - New reporters are added after registries were created. Some metrics will be missing from the reporter. Please add reporter before adding any new registry.
2025-09-27 09:19:43,239 [ForkJoinPool-1-worker-1] WARN  dropwizard3.Dm3MetricRegistriesImpl (Dm3MetricRegistriesImpl.java:addReporterRegistration(114)) - New reporters are added after registries were created. Some metrics will be missing from the reporter. Please add reporter before adding any new registry.
2025-09-27 09:19:43,239 [ForkJoinPool-1-worker-1] INFO  impl.MetricsSystemImpl (MetricsSystemImpl.java:init(158)) - HddsDatanode metrics system started (again)
2025-09-27 09:19:43,240 [18da7ee6-49f7-45ee-8090-861a49f32d36-DatanodeStateMachineDaemonThread] INFO  statemachine.DatanodeStateMachine (DatanodeStateMachine.java:startStateMachineThread(363)) - Ozone container server started.
2025-09-27 09:19:43,246 [18da7ee6-49f7-45ee-8090-861a49f32d36-DatanodeStateMachineTaskThread-0] INFO  datanode.InitDatanodeState (InitDatanodeState.java:persistContainerDatanodeDetails(139)) - DatanodeDetails is persisted to /home/runner/work/ozone/ozone/hadoop-ozone/integration-test/target/test-dir/MiniOzoneClusterImpl-871b4ddd-f672-4be1-b73a-1629492f36a3/ozone-metadata/datanode-3/ozone-metadata/datanode.id
2025-09-27 09:19:43,256 [ForkJoinPool-1-worker-1] INFO  protocol.DatanodeDetails (DatanodeDetails.java:validateDatanodeIpAddress(199)) - Updating IP address of datanode 25d9f169-1c9e-47c6-a2a2-d20fb3c5fda2(localhost/null) to 127.0.0.1
2025-09-27 09:19:43,257 [ForkJoinPool-1-worker-1] INFO  ozone.HddsDatanodeService (HddsDatanodeService.java:start(236)) - HddsDatanodeService 25d9f169-1c9e-47c6-a2a2-d20fb3c5fda2(localhost/127.0.0.1)
2025-09-27 09:19:43,259 [ForkJoinPool-1-worker-1] INFO  upgrade.AbstractLayoutVersionManager (AbstractLayoutVersionManager.java:init(80)) - Initializing Layout version manager with metadata layout = WITNESSED_CONTAINER_DB_PROTO_VALUE (version = 9), software layout = WITNESSED_CONTAINER_DB_PROTO_VALUE (version = 9)
2025-09-27 09:19:43,260 [ForkJoinPool-1-worker-1] INFO  statemachine.DatanodeStateMachine (DatanodeStateMachine.java:getEndPointTaskThreadPoolSize(321)) - Datanode State Machine Task Thread Pool size 2
2025-09-27 09:19:43,264 [ForkJoinPool-1-worker-1] INFO  volume.HddsVolume (HddsVolume.java:<init>(162)) - HddsVolume: { id=DS-0bd13de5-5645-4f8e-abd9-d337bb765fac dir=/home/runner/work/ozone/ozone/hadoop-ozone/integration-test/target/test-dir/MiniOzoneClusterImpl-871b4ddd-f672-4be1-b73a-1629492f36a3/ozone-metadata/datanode-4/data-0/hdds type=DISK capacity=9222449699674390527 used=0 available=9222449699674390527 minFree=9222450130714624 committed=0 }
2025-09-27 09:19:43,264 [ForkJoinPool-1-worker-1] INFO  volume.MutableVolumeSet (MutableVolumeSet.java:initializeVolumeSet(175)) - Added Volume : /home/runner/work/ozone/ozone/hadoop-ozone/integration-test/target/test-dir/MiniOzoneClusterImpl-871b4ddd-f672-4be1-b73a-1629492f36a3/ozone-metadata/datanode-4/data-0/hdds to VolumeSet
2025-09-27 09:19:43,267 [ForkJoinPool-1-worker-1] INFO  volume.MutableVolumeSet (MutableVolumeSet.java:initializeVolumeSet(175)) - Added Volume : /home/runner/work/ozone/ozone/hadoop-ozone/integration-test/target/test-dir/MiniOzoneClusterImpl-871b4ddd-f672-4be1-b73a-1629492f36a3/ozone-metadata/datanode-4/ratis to VolumeSet
2025-09-27 09:19:43,268 [ForkJoinPool-1-worker-1] INFO  ozoneimpl.OzoneContainer (HddsVolumeUtil.java:loadAllHddsVolumeDbStore(102)) - Load 1 volumes DbStore cost: 0ms
2025-09-27 09:19:43,268 [ForkJoinPool-1-worker-1] WARN  db.DBStoreBuilder (DBStoreBuilder.java:getDBDirPath(158)) - ozone.scm.datanode.id.dir is not configured. We recommend adding this setting. Falling back to ozone.metadata.dirs instead.
2025-09-27 09:19:43,269 [ForkJoinPool-1-worker-1] WARN  db.DBStoreBuilder (DBStoreBuilder.java:getDBDirPath(158)) - ozone.scm.datanode.id.dir is not configured. We recommend adding this setting. Falling back to ozone.metadata.dirs instead.
2025-09-27 09:19:43,284 [ForkJoinPool-1-worker-1] INFO  impl.FilePerChunkStrategy (FilePerChunkStrategy.java:<init>(79)) - ozone.chunk.read.mapped.buffer.max.count is load with 0
2025-09-27 09:19:43,284 [ForkJoinPool-1-worker-1] INFO  impl.FilePerBlockStrategy (FilePerBlockStrategy.java:<init>(88)) - ozone.chunk.read.mapped.buffer.max.count is load with 0
2025-09-27 09:19:43,286 [ForkJoinPool-1-worker-1] INFO  server.RaftServerConfigKeys (ConfUtils.java:logGet(62)) - raft.server.log.appender.buffer.byte-limit = 33554432 (custom)
2025-09-27 09:19:43,288 [ForkJoinPool-1-worker-1] INFO  grpc.GrpcConfigKeys (ConfUtils.java:logFallback(69)) - raft.grpc.admin.host = null (fallback to raft.grpc.server.host)
2025-09-27 09:19:43,288 [ForkJoinPool-1-worker-1] INFO  grpc.GrpcConfigKeys (ConfUtils.java:logGet(62)) - raft.grpc.admin.port = 15038 (custom)
2025-09-27 09:19:43,288 [ForkJoinPool-1-worker-1] INFO  grpc.GrpcConfigKeys (ConfUtils.java:logFallback(69)) - raft.grpc.client.host = null (fallback to raft.grpc.server.host)
2025-09-27 09:19:43,288 [ForkJoinPool-1-worker-1] INFO  grpc.GrpcConfigKeys (ConfUtils.java:logGet(62)) - raft.grpc.client.port = 15037 (custom)
2025-09-27 09:19:43,288 [ForkJoinPool-1-worker-1] INFO  grpc.GrpcConfigKeys (ConfUtils.java:logGet(62)) - raft.grpc.server.port = 15039 (custom)
2025-09-27 09:19:43,288 [ForkJoinPool-1-worker-1] INFO  server.GrpcServicesImpl (ConfUtils.java:logGet(62)) - raft.grpc.message.size.max = 34603008 (custom)
2025-09-27 09:19:43,289 [ForkJoinPool-1-worker-1] INFO  server.GrpcServicesImpl (ConfUtils.java:logGet(62)) - raft.grpc.flow.control.window = 5MB (=5242880) (custom)
2025-09-27 09:19:43,289 [ForkJoinPool-1-worker-1] INFO  server.RaftServerConfigKeys (ConfUtils.java:logGet(62)) - raft.server.log.appender.buffer.byte-limit = 33554432 (custom)
2025-09-27 09:19:43,293 [ForkJoinPool-1-worker-1] INFO  netty.NettyUtils (NettyUtils.java:newEventLoopGroup(74)) - Create EpollEventLoopGroup for 25d9f169-1c9e-47c6-a2a2-d20fb3c5fda2-NettyServerStreamRpc-bossGroup; Thread size is 0.
2025-09-27 09:19:43,294 [ForkJoinPool-1-worker-1] INFO  netty.NettyUtils (NettyUtils.java:newEventLoopGroup(74)) - Create EpollEventLoopGroup for 25d9f169-1c9e-47c6-a2a2-d20fb3c5fda2-NettyServerStreamRpc-workerGroup; Thread size is 0.
2025-09-27 09:19:43,295 [ForkJoinPool-1-worker-1] INFO  netty.NettyConfigKeys$DataStream (ConfUtils.java:logGet(62)) - raft.netty.dataStream.port = 15040 (custom)
2025-09-27 09:19:43,297 [ForkJoinPool-1-worker-1] INFO  server.RaftServerConfigKeys (ConfUtils.java:logGet(62)) - raft.server.storage.dir = [/home/runner/work/ozone/ozone/hadoop-ozone/integration-test/target/test-dir/MiniOzoneClusterImpl-871b4ddd-f672-4be1-b73a-1629492f36a3/ozone-metadata/datanode-4/ratis] (custom)
2025-09-27 09:19:43,298 [25d9f169-1c9e-47c6-a2a2-d20fb3c5fda2-impl-thread1] INFO  server.RaftServer (RaftServerProxy.java:initGroupDir(270)) - 25d9f169-1c9e-47c6-a2a2-d20fb3c5fda2: found a subdirectory /home/runner/work/ozone/ozone/hadoop-ozone/integration-test/target/test-dir/MiniOzoneClusterImpl-871b4ddd-f672-4be1-b73a-1629492f36a3/ozone-metadata/datanode-4/ratis/tmp
2025-09-27 09:19:43,298 [25d9f169-1c9e-47c6-a2a2-d20fb3c5fda2-NettyServerStreamRpc-bossGroup--thread1] INFO  logging.LoggingHandler (AbstractInternalLogger.java:log(148)) - [id: 0x600bf23d] REGISTERED
2025-09-27 09:19:43,299 [25d9f169-1c9e-47c6-a2a2-d20fb3c5fda2-impl-thread1] INFO  server.RaftServer (RaftServerProxy.java:initGroupDir(275)) - 25d9f169-1c9e-47c6-a2a2-d20fb3c5fda2: The directory /home/runner/work/ozone/ozone/hadoop-ozone/integration-test/target/test-dir/MiniOzoneClusterImpl-871b4ddd-f672-4be1-b73a-1629492f36a3/ozone-metadata/datanode-4/ratis/tmp is not a group directory; ignoring it. 
2025-09-27 09:19:43,299 [25d9f169-1c9e-47c6-a2a2-d20fb3c5fda2-NettyServerStreamRpc-bossGroup--thread1] INFO  logging.LoggingHandler (AbstractInternalLogger.java:log(148)) - [id: 0x600bf23d] BIND: 0.0.0.0/0.0.0.0:15040
2025-09-27 09:19:43,299 [25d9f169-1c9e-47c6-a2a2-d20fb3c5fda2-NettyServerStreamRpc-bossGroup--thread1] INFO  logging.LoggingHandler (AbstractInternalLogger.java:log(148)) - [id: 0x600bf23d, L:/0.0.0.0:15040] ACTIVE
2025-09-27 09:19:43,300 [ForkJoinPool-1-worker-1] INFO  replication.ReplicationServer (ReplicationServer.java:<init>(84)) - Initializing replication server with thread count = 10 queue length = 4096
2025-09-27 09:19:43,302 [ForkJoinPool-1-worker-1] INFO  server.XceiverServerGrpc (XceiverServerGrpc.java:<init>(129)) - GrpcServer channel type EpollServerSocketChannel
2025-09-27 09:19:43,305 [ForkJoinPool-1-worker-1] INFO  replication.ReplicationSupervisor (ReplicationSupervisor.java:build(169)) - Initializing replication supervisor with thread count = 10
2025-09-27 09:19:43,306 [ForkJoinPool-1-worker-1] INFO  replication.ReplicationSupervisor (ReplicationSupervisor.java:nodeStateUpdated(358)) - Node state updated to IN_SERVICE, scaling executor pool size to 10
2025-09-27 09:19:43,312 [ForkJoinPool-1-worker-1] INFO  http.BaseHttpServer (BaseHttpServer.java:newHttpServer2BuilderForOzone(227)) - Starting Web-server for hddsDatanode at: http://0.0.0.0:15034
2025-09-27 09:19:43,312 [ForkJoinPool-1-worker-1] INFO  http.BaseHttpServer (BaseHttpServer.java:<init>(105)) - Hadoop Security Enabled: false Ozone Security Enabled: false Ozone HTTP Security Enabled: false 
2025-09-27 09:19:43,315 [ForkJoinPool-1-worker-1] WARN  server.AuthenticationFilter (AuthenticationFilter.java:constructSecretProvider(240)) - Unable to initialize FileSignerSecretProvider, falling back to use random secrets. Reason: Could not read signature secret file: /home/runner/hadoop-http-auth-signature-secret
2025-09-27 09:19:43,318 [ForkJoinPool-1-worker-1] INFO  http.HttpServer2 (HttpServer2.java:addGlobalFilter(1041)) - Added global filter 'safety' (class=org.apache.hadoop.hdds.server.http.HttpServer2$QuotingInputFilter)
2025-09-27 09:19:43,321 [ForkJoinPool-1-worker-1] INFO  http.HttpServer2 (HttpServer2.java:addFilter(1017)) - Added filter static_user_filter (class=org.apache.hadoop.http.lib.StaticUserWebFilter$StaticUserFilter) to context hddsDatanode
2025-09-27 09:19:43,322 [ForkJoinPool-1-worker-1] INFO  http.HttpServer2 (HttpServer2.java:addFilter(1025)) - Added filter static_user_filter (class=org.apache.hadoop.http.lib.StaticUserWebFilter$StaticUserFilter) to context static
2025-09-27 09:19:43,322 [ForkJoinPool-1-worker-1] INFO  http.HttpServer2 (HttpServer2.java:addFilter(1025)) - Added filter static_user_filter (class=org.apache.hadoop.http.lib.StaticUserWebFilter$StaticUserFilter) to context logs
2025-09-27 09:19:43,324 [ForkJoinPool-1-worker-1] INFO  http.BaseHttpServer (BaseHttpServer.java:<init>(193)) - HTTP server of hddsDatanode uses base directory /home/runner/work/ozone/ozone/hadoop-ozone/integration-test/target/test-dir/MiniOzoneClusterImpl-871b4ddd-f672-4be1-b73a-1629492f36a3/scm/ozone-metadata/webserver
2025-09-27 09:19:43,325 [ForkJoinPool-1-worker-1] INFO  http.HttpServer2 (HttpServer2.java:bindListener(1241)) - Jetty bound to port 15034
2025-09-27 09:19:43,325 [ForkJoinPool-1-worker-1] INFO  server.Server (Server.java:doStart(375)) - jetty-9.4.58.v20250814; built: 2025-08-14T02:28:49.637Z; git: 8f1440587e9e4ae7db3d74cf205643f3d707148d; jvm 21.0.8+9-LTS
2025-09-27 09:19:43,328 [ForkJoinPool-1-worker-1] INFO  server.session (DefaultSessionIdManager.java:doStart(334)) - DefaultSessionIdManager workerName=node0
2025-09-27 09:19:43,328 [ForkJoinPool-1-worker-1] INFO  server.session (DefaultSessionIdManager.java:doStart(339)) - No SessionScavenger set, using defaults
2025-09-27 09:19:43,328 [ForkJoinPool-1-worker-1] INFO  server.session (HouseKeeper.java:startScavenging(132)) - node0 Scavenging every 660000ms
2025-09-27 09:19:43,330 [ForkJoinPool-1-worker-1] INFO  handler.ContextHandler (ContextHandler.java:doStart(921)) - Started o.e.j.s.ServletContextHandler@547077fe{logs,/logs,file:///home/runner/work/ozone/ozone/hadoop-ozone/integration-test/target/log,AVAILABLE}
2025-09-27 09:19:43,330 [ForkJoinPool-1-worker-1] INFO  handler.ContextHandler (ContextHandler.java:doStart(921)) - Started o.e.j.s.ServletContextHandler@595e6f6c{static,/static,jar:file:/home/runner/work/ozone/ozone/hadoop-hdds/container-service/target/hdds-container-service-2.1.0-SNAPSHOT.jar!/webapps/static,AVAILABLE}
2025-09-27 09:19:43,397 [c792898a-1981-4e29-8158-41294c472b61-EndpointStateMachineTaskThread-/0.0.0.0:15002-0 ] INFO  utils.DatanodeStoreCache (DatanodeStoreCache.java:addDB(70)) - Added db /home/runner/work/ozone/ozone/hadoop-ozone/integration-test/target/test-dir/MiniOzoneClusterImpl-871b4ddd-f672-4be1-b73a-1629492f36a3/ozone-metadata/datanode-1/data-0/hdds/871b4ddd-f672-4be1-b73a-1629492f36a3/DS-fcf56c94-fe42-4682-9086-0e4c16550f46/container.db to cache
2025-09-27 09:19:43,398 [c792898a-1981-4e29-8158-41294c472b61-EndpointStateMachineTaskThread-/0.0.0.0:15002-0 ] INFO  volume.HddsVolume (HddsVolume.java:createDbStore(576)) - SchemaV3 db is created and loaded at /home/runner/work/ozone/ozone/hadoop-ozone/integration-test/target/test-dir/MiniOzoneClusterImpl-871b4ddd-f672-4be1-b73a-1629492f36a3/ozone-metadata/datanode-1/data-0/hdds/871b4ddd-f672-4be1-b73a-1629492f36a3/DS-fcf56c94-fe42-4682-9086-0e4c16550f46/container.db for volume DS-fcf56c94-fe42-4682-9086-0e4c16550f46
2025-09-27 09:19:43,406 [c792898a-1981-4e29-8158-41294c472b61-ContainerReader-0] INFO  ozoneimpl.ContainerReader (ContainerReader.java:readVolume(147)) - Start to verify containers on volume /home/runner/work/ozone/ozone/hadoop-ozone/integration-test/target/test-dir/MiniOzoneClusterImpl-871b4ddd-f672-4be1-b73a-1629492f36a3/ozone-metadata/datanode-1/data-0/hdds
2025-09-27 09:19:43,406 [c792898a-1981-4e29-8158-41294c472b61-ContainerReader-0] INFO  ozoneimpl.ContainerReader (ContainerReader.java:readVolume(177)) - Finish verifying containers on volume /home/runner/work/ozone/ozone/hadoop-ozone/integration-test/target/test-dir/MiniOzoneClusterImpl-871b4ddd-f672-4be1-b73a-1629492f36a3/ozone-metadata/datanode-1/data-0/hdds
2025-09-27 09:19:43,407 [c792898a-1981-4e29-8158-41294c472b61-EndpointStateMachineTaskThread-/0.0.0.0:15002-0 ] INFO  ozoneimpl.OzoneContainer (OzoneContainer.java:buildContainerSet(370)) - Build ContainerSet costs 0s
2025-09-27 09:19:43,408 [c792898a-1981-4e29-8158-41294c472b61-EndpointStateMachineTaskThread-/0.0.0.0:15002-0 ] INFO  volume.ThrottledAsyncChecker (ThrottledAsyncChecker.java:schedule(138)) - Scheduling a check for /home/runner/work/ozone/ozone/hadoop-ozone/integration-test/target/test-dir/MiniOzoneClusterImpl-871b4ddd-f672-4be1-b73a-1629492f36a3/ozone-metadata/datanode-1/data-0/hdds
2025-09-27 09:19:43,412 [c792898a-1981-4e29-8158-41294c472b61-EndpointStateMachineTaskThread-/0.0.0.0:15002-0 ] INFO  volume.StorageVolumeChecker (StorageVolumeChecker.java:checkAllVolumes(231)) - Scheduled health check for volume /home/runner/work/ozone/ozone/hadoop-ozone/integration-test/target/test-dir/MiniOzoneClusterImpl-871b4ddd-f672-4be1-b73a-1629492f36a3/ozone-metadata/datanode-1/data-0/hdds
2025-09-27 09:19:43,418 [c792898a-1981-4e29-8158-41294c472b61-EndpointStateMachineTaskThread-/0.0.0.0:15002-0 ] INFO  volume.ThrottledAsyncChecker (ThrottledAsyncChecker.java:schedule(138)) - Scheduling a check for /home/runner/work/ozone/ozone/hadoop-ozone/integration-test/target/test-dir/MiniOzoneClusterImpl-871b4ddd-f672-4be1-b73a-1629492f36a3/ozone-metadata/datanode-1/ratis
2025-09-27 09:19:43,419 [c792898a-1981-4e29-8158-41294c472b61-EndpointStateMachineTaskThread-/0.0.0.0:15002-0 ] INFO  volume.StorageVolumeChecker (StorageVolumeChecker.java:checkAllVolumes(231)) - Scheduled health check for volume /home/runner/work/ozone/ozone/hadoop-ozone/integration-test/target/test-dir/MiniOzoneClusterImpl-871b4ddd-f672-4be1-b73a-1629492f36a3/ozone-metadata/datanode-1/ratis
2025-09-27 09:19:43,420 [c792898a-1981-4e29-8158-41294c472b61-EndpointStateMachineTaskThread-/0.0.0.0:15002-0 ] INFO  ozoneimpl.OzoneContainer (OzoneContainer.java:start(525)) - Attempting to start container services.
2025-09-27 09:19:43,424 [ContainerMetadataScanner] INFO  ozoneimpl.AbstractBackgroundContainerScanner (AbstractBackgroundContainerScanner.java:runIteration(89)) - Completed an iteration in 0 minutes. Number of iterations (since the data-node restart) : 1, Number of containers scanned in this iteration : 0, Number of unhealthy containers found in this iteration : 0
2025-09-27 09:19:43,426 [ContainerDataScanner(/home/runner/work/ozone/ozone/hadoop-ozone/integration-test/target/test-dir/MiniOzoneClusterImpl-871b4ddd-f672-4be1-b73a-1629492f36a3/ozone-metadata/datanode-1/data-0/hdds)] INFO  ozoneimpl.AbstractBackgroundContainerScanner (AbstractBackgroundContainerScanner.java:runIteration(89)) - Completed an iteration in 0 minutes. Number of iterations (since the data-node restart) : 1, Number of containers scanned in this iteration : 0, Number of unhealthy containers found in this iteration : 0
2025-09-27 09:19:43,427 [c792898a-1981-4e29-8158-41294c472b61-EndpointStateMachineTaskThread-/0.0.0.0:15002-0 ] INFO  replication.ReplicationServer (ReplicationServer.java:start(137)) - ReplicationServer is started using port 15017
2025-09-27 09:19:43,428 [c792898a-1981-4e29-8158-41294c472b61-EndpointStateMachineTaskThread-/0.0.0.0:15002-0 ] INFO  ratis.XceiverServerRatis (XceiverServerRatis.java:start(559)) - Starting XceiverServerRatis(c792898a-1981-4e29-8158-41294c472b61)
2025-09-27 09:19:43,429 [c792898a-1981-4e29-8158-41294c472b61-EndpointStateMachineTaskThread-/0.0.0.0:15002-0 ] INFO  server.RaftServer (RaftServerProxy.java:startImpl(412)) - c792898a-1981-4e29-8158-41294c472b61: start RPC server
2025-09-27 09:19:43,429 [c792898a-1981-4e29-8158-41294c472b61-EndpointStateMachineTaskThread-/0.0.0.0:15002-0 ] INFO  server.GrpcServicesImpl (GrpcServicesImpl.java:startImpl(346)) - c792898a-1981-4e29-8158-41294c472b61: GrpcServicesImpl started, listening on 15013
2025-09-27 09:19:43,430 [c792898a-1981-4e29-8158-41294c472b61-EndpointStateMachineTaskThread-/0.0.0.0:15002-0 ] INFO  server.GrpcServicesImpl (GrpcServicesImpl.java:startImpl(346)) - c792898a-1981-4e29-8158-41294c472b61: GrpcServicesImpl started, listening on 15015
2025-09-27 09:19:43,430 [c792898a-1981-4e29-8158-41294c472b61-EndpointStateMachineTaskThread-/0.0.0.0:15002-0 ] INFO  server.GrpcServicesImpl (GrpcServicesImpl.java:startImpl(346)) - c792898a-1981-4e29-8158-41294c472b61: GrpcServicesImpl started, listening on 15014
2025-09-27 09:19:43,431 [c792898a-1981-4e29-8158-41294c472b61-EndpointStateMachineTaskThread-/0.0.0.0:15002-0 ] INFO  ratis.XceiverServerRatis (XceiverServerRatis.java:getRealPort(586)) - XceiverServerRatis(c792898a-1981-4e29-8158-41294c472b61) is started using port RATIS=15013
2025-09-27 09:19:43,431 [JvmPauseMonitor3] INFO  util.JvmPauseMonitor (JvmPauseMonitor.java:run(146)) - JvmPauseMonitor-c792898a-1981-4e29-8158-41294c472b61: Started
2025-09-27 09:19:43,431 [c792898a-1981-4e29-8158-41294c472b61-EndpointStateMachineTaskThread-/0.0.0.0:15002-0 ] INFO  ratis.XceiverServerRatis (XceiverServerRatis.java:getRealPort(586)) - XceiverServerRatis(c792898a-1981-4e29-8158-41294c472b61) is started using port RATIS_ADMIN=15014
2025-09-27 09:19:43,432 [c792898a-1981-4e29-8158-41294c472b61-EndpointStateMachineTaskThread-/0.0.0.0:15002-0 ] INFO  ratis.XceiverServerRatis (XceiverServerRatis.java:getRealPort(586)) - XceiverServerRatis(c792898a-1981-4e29-8158-41294c472b61) is started using port RATIS_SERVER=15015
2025-09-27 09:19:43,432 [c792898a-1981-4e29-8158-41294c472b61-EndpointStateMachineTaskThread-/0.0.0.0:15002-0 ] INFO  ratis.XceiverServerRatis (XceiverServerRatis.java:getRealPort(586)) - XceiverServerRatis(c792898a-1981-4e29-8158-41294c472b61) is started using port RATIS_DATASTREAM=15016
2025-09-27 09:19:43,433 [c792898a-1981-4e29-8158-41294c472b61-EndpointStateMachineTaskThread-/0.0.0.0:15002-0 ] INFO  utils.BackgroundService (BackgroundService.java:start(119)) - Starting service BlockDeletingService with interval 60000 milliseconds
2025-09-27 09:19:43,434 [c792898a-1981-4e29-8158-41294c472b61-EndpointStateMachineTaskThread-/0.0.0.0:15002-0 ] INFO  utils.BackgroundService (BackgroundService.java:start(119)) - Starting service StaleRecoveringContainerScrubbingService with interval 60000 milliseconds
2025-09-27 09:19:43,511 [ForkJoinPool-1-worker-1] INFO  handler.ContextHandler (ContextHandler.java:doStart(921)) - Started o.e.j.w.WebAppContext@6ff0b66d{hddsDatanode,/,file:///home/runner/work/ozone/ozone/hadoop-ozone/integration-test/target/test-dir/MiniOzoneClusterImpl-871b4ddd-f672-4be1-b73a-1629492f36a3/scm/ozone-metadata/webserver/jetty-0_0_0_0-15034-hdds-container-service-2_1_0-SNAPSHOT_jar-_-any-659534013597704368/webapp/,AVAILABLE}{jar:file:/home/runner/work/ozone/ozone/hadoop-hdds/container-service/target/hdds-container-service-2.1.0-SNAPSHOT.jar!/webapps/hddsDatanode}
2025-09-27 09:19:43,512 [ForkJoinPool-1-worker-1] INFO  server.AbstractConnector (AbstractConnector.java:doStart(333)) - Started ServerConnector@3ff728e6{HTTP/1.1, (http/1.1)}{0.0.0.0:15034}
2025-09-27 09:19:43,512 [ForkJoinPool-1-worker-1] INFO  server.Server (Server.java:doStart(415)) - Started @12038ms
2025-09-27 09:19:43,512 [ForkJoinPool-1-worker-1] WARN  impl.MetricsSystemImpl (MetricsSystemImpl.java:register(279)) - Sink prometheus already exists!
2025-09-27 09:19:43,512 [ForkJoinPool-1-worker-1] INFO  http.BaseHttpServer (BaseHttpServer.java:updateConnectorAddress(357)) - HTTP server of hddsDatanode listening at http://localhost:15034
2025-09-27 09:19:43,513 [ForkJoinPool-1-worker-1] INFO  ipc.CallQueueManager (CallQueueManager.java:<init>(93)) - Using callQueue: class java.util.concurrent.LinkedBlockingQueue, queueCapacity: 1000, scheduler: class org.apache.hadoop.ipc.DefaultRpcScheduler, ipcBackoff: false, ipcFailOver: false.
2025-09-27 09:19:43,513 [ForkJoinPool-1-worker-1] INFO  ipc.Server (Server.java:<init>(1438)) - Listener at 0.0.0.0:15035
2025-09-27 09:19:43,513 [Socket Reader #1 for port 15035] INFO  ipc.Server (Server.java:run(1474)) - Starting Socket Reader #1 for port 15035
2025-09-27 09:19:43,514 [Socket Reader #2 for port 15035] INFO  ipc.Server (Server.java:run(1474)) - Starting Socket Reader #2 for port 15035
2025-09-27 09:19:43,514 [Socket Reader #3 for port 15035] INFO  ipc.Server (Server.java:run(1474)) - Starting Socket Reader #3 for port 15035
2025-09-27 09:19:43,514 [Socket Reader #4 for port 15035] INFO  ipc.Server (Server.java:run(1474)) - Starting Socket Reader #4 for port 15035
2025-09-27 09:19:43,514 [Socket Reader #5 for port 15035] INFO  ipc.Server (Server.java:run(1474)) - Starting Socket Reader #5 for port 15035
2025-09-27 09:19:43,514 [Socket Reader #6 for port 15035] INFO  ipc.Server (Server.java:run(1474)) - Starting Socket Reader #6 for port 15035
2025-09-27 09:19:43,515 [Socket Reader #7 for port 15035] INFO  ipc.Server (Server.java:run(1474)) - Starting Socket Reader #7 for port 15035
2025-09-27 09:19:43,515 [Socket Reader #8 for port 15035] INFO  ipc.Server (Server.java:run(1474)) - Starting Socket Reader #8 for port 15035
2025-09-27 09:19:43,515 [Socket Reader #9 for port 15035] INFO  ipc.Server (Server.java:run(1474)) - Starting Socket Reader #9 for port 15035
2025-09-27 09:19:43,515 [Socket Reader #10 for port 15035] INFO  ipc.Server (Server.java:run(1474)) - Starting Socket Reader #10 for port 15035
2025-09-27 09:19:43,517 [ForkJoinPool-1-worker-1] INFO  ozone.HddsDatanodeService (HddsDatanodeService.java:start(333)) - Datanode start with admins: [admin, runner]
2025-09-27 09:19:43,517 [ForkJoinPool-1-worker-1] INFO  ozone.HddsDatanodeClientProtocolServer (HddsDatanodeClientProtocolServer.java:start(76)) - RPC server for Client /0.0.0.0:15035
2025-09-27 09:19:43,518 [IPC Server Responder] INFO  ipc.Server (Server.java:run(1713)) - IPC Server Responder: starting
2025-09-27 09:19:43,518 [IPC Server listener on 15035] INFO  ipc.Server (Server.java:run(1553)) - IPC Server listener on 15035: starting
2025-09-27 09:19:43,520 [ForkJoinPool-1-worker-1] WARN  dropwizard3.Dm3MetricRegistriesImpl (Dm3MetricRegistriesImpl.java:addReporterRegistration(114)) - New reporters are added after registries were created. Some metrics will be missing from the reporter. Please add reporter before adding any new registry.
2025-09-27 09:19:43,520 [ForkJoinPool-1-worker-1] WARN  dropwizard3.Dm3MetricRegistriesImpl (Dm3MetricRegistriesImpl.java:addReporterRegistration(114)) - New reporters are added after registries were created. Some metrics will be missing from the reporter. Please add reporter before adding any new registry.
2025-09-27 09:19:43,521 [ForkJoinPool-1-worker-1] INFO  impl.MetricsSystemImpl (MetricsSystemImpl.java:init(158)) - HddsDatanode metrics system started (again)
2025-09-27 09:19:43,523 [25d9f169-1c9e-47c6-a2a2-d20fb3c5fda2-DatanodeStateMachineDaemonThread] INFO  statemachine.DatanodeStateMachine (DatanodeStateMachine.java:startStateMachineThread(363)) - Ozone container server started.
2025-09-27 09:19:43,532 [25d9f169-1c9e-47c6-a2a2-d20fb3c5fda2-DatanodeStateMachineTaskThread-0] INFO  datanode.InitDatanodeState (InitDatanodeState.java:persistContainerDatanodeDetails(139)) - DatanodeDetails is persisted to /home/runner/work/ozone/ozone/hadoop-ozone/integration-test/target/test-dir/MiniOzoneClusterImpl-871b4ddd-f672-4be1-b73a-1629492f36a3/ozone-metadata/datanode-4/ozone-metadata/datanode.id
2025-09-27 09:19:43,544 [ForkJoinPool-1-worker-1] INFO  protocol.DatanodeDetails (DatanodeDetails.java:validateDatanodeIpAddress(199)) - Updating IP address of datanode d3e19d45-0b2b-4921-9b28-39a5e9747ac8(localhost/null) to 127.0.0.1
2025-09-27 09:19:43,544 [ForkJoinPool-1-worker-1] INFO  ozone.HddsDatanodeService (HddsDatanodeService.java:start(236)) - HddsDatanodeService d3e19d45-0b2b-4921-9b28-39a5e9747ac8(localhost/127.0.0.1)
2025-09-27 09:19:43,547 [ForkJoinPool-1-worker-1] INFO  upgrade.AbstractLayoutVersionManager (AbstractLayoutVersionManager.java:init(80)) - Initializing Layout version manager with metadata layout = WITNESSED_CONTAINER_DB_PROTO_VALUE (version = 9), software layout = WITNESSED_CONTAINER_DB_PROTO_VALUE (version = 9)
2025-09-27 09:19:43,547 [ForkJoinPool-1-worker-1] INFO  statemachine.DatanodeStateMachine (DatanodeStateMachine.java:getEndPointTaskThreadPoolSize(321)) - Datanode State Machine Task Thread Pool size 2
2025-09-27 09:19:43,551 [ForkJoinPool-1-worker-1] INFO  volume.HddsVolume (HddsVolume.java:<init>(162)) - HddsVolume: { id=DS-c638cdbc-b06e-4db7-b61f-35cad0a6b637 dir=/home/runner/work/ozone/ozone/hadoop-ozone/integration-test/target/test-dir/MiniOzoneClusterImpl-871b4ddd-f672-4be1-b73a-1629492f36a3/ozone-metadata/datanode-5/data-0/hdds type=DISK capacity=9222449699674390527 used=0 available=9222449699674390527 minFree=9222450130714624 committed=0 }
2025-09-27 09:19:43,552 [ForkJoinPool-1-worker-1] INFO  volume.MutableVolumeSet (MutableVolumeSet.java:initializeVolumeSet(175)) - Added Volume : /home/runner/work/ozone/ozone/hadoop-ozone/integration-test/target/test-dir/MiniOzoneClusterImpl-871b4ddd-f672-4be1-b73a-1629492f36a3/ozone-metadata/datanode-5/data-0/hdds to VolumeSet
2025-09-27 09:19:43,553 [ForkJoinPool-1-worker-1] INFO  volume.MutableVolumeSet (MutableVolumeSet.java:initializeVolumeSet(175)) - Added Volume : /home/runner/work/ozone/ozone/hadoop-ozone/integration-test/target/test-dir/MiniOzoneClusterImpl-871b4ddd-f672-4be1-b73a-1629492f36a3/ozone-metadata/datanode-5/ratis to VolumeSet
2025-09-27 09:19:43,554 [ForkJoinPool-1-worker-1] INFO  ozoneimpl.OzoneContainer (HddsVolumeUtil.java:loadAllHddsVolumeDbStore(102)) - Load 1 volumes DbStore cost: 0ms
2025-09-27 09:19:43,554 [ForkJoinPool-1-worker-1] WARN  db.DBStoreBuilder (DBStoreBuilder.java:getDBDirPath(158)) - ozone.scm.datanode.id.dir is not configured. We recommend adding this setting. Falling back to ozone.metadata.dirs instead.
2025-09-27 09:19:43,555 [ForkJoinPool-1-worker-1] WARN  db.DBStoreBuilder (DBStoreBuilder.java:getDBDirPath(158)) - ozone.scm.datanode.id.dir is not configured. We recommend adding this setting. Falling back to ozone.metadata.dirs instead.
2025-09-27 09:19:43,570 [83932d67-4fdc-4fe4-8fe1-3df6c3f1844a-EndpointStateMachineTaskThread-/0.0.0.0:15002-0 ] INFO  utils.DatanodeStoreCache (DatanodeStoreCache.java:addDB(70)) - Added db /home/runner/work/ozone/ozone/hadoop-ozone/integration-test/target/test-dir/MiniOzoneClusterImpl-871b4ddd-f672-4be1-b73a-1629492f36a3/ozone-metadata/datanode-2/data-0/hdds/871b4ddd-f672-4be1-b73a-1629492f36a3/DS-87da36f0-b236-497a-b24b-37e08580f9c0/container.db to cache
2025-09-27 09:19:43,570 [83932d67-4fdc-4fe4-8fe1-3df6c3f1844a-EndpointStateMachineTaskThread-/0.0.0.0:15002-0 ] INFO  volume.HddsVolume (HddsVolume.java:createDbStore(576)) - SchemaV3 db is created and loaded at /home/runner/work/ozone/ozone/hadoop-ozone/integration-test/target/test-dir/MiniOzoneClusterImpl-871b4ddd-f672-4be1-b73a-1629492f36a3/ozone-metadata/datanode-2/data-0/hdds/871b4ddd-f672-4be1-b73a-1629492f36a3/DS-87da36f0-b236-497a-b24b-37e08580f9c0/container.db for volume DS-87da36f0-b236-497a-b24b-37e08580f9c0
2025-09-27 09:19:43,574 [83932d67-4fdc-4fe4-8fe1-3df6c3f1844a-ContainerReader-0] INFO  ozoneimpl.ContainerReader (ContainerReader.java:readVolume(147)) - Start to verify containers on volume /home/runner/work/ozone/ozone/hadoop-ozone/integration-test/target/test-dir/MiniOzoneClusterImpl-871b4ddd-f672-4be1-b73a-1629492f36a3/ozone-metadata/datanode-2/data-0/hdds
2025-09-27 09:19:43,575 [83932d67-4fdc-4fe4-8fe1-3df6c3f1844a-ContainerReader-0] INFO  ozoneimpl.ContainerReader (ContainerReader.java:readVolume(177)) - Finish verifying containers on volume /home/runner/work/ozone/ozone/hadoop-ozone/integration-test/target/test-dir/MiniOzoneClusterImpl-871b4ddd-f672-4be1-b73a-1629492f36a3/ozone-metadata/datanode-2/data-0/hdds
2025-09-27 09:19:43,575 [83932d67-4fdc-4fe4-8fe1-3df6c3f1844a-EndpointStateMachineTaskThread-/0.0.0.0:15002-0 ] INFO  ozoneimpl.OzoneContainer (OzoneContainer.java:buildContainerSet(370)) - Build ContainerSet costs 0s
2025-09-27 09:19:43,575 [ForkJoinPool-1-worker-1] INFO  impl.FilePerChunkStrategy (FilePerChunkStrategy.java:<init>(79)) - ozone.chunk.read.mapped.buffer.max.count is load with 0
2025-09-27 09:19:43,576 [ForkJoinPool-1-worker-1] INFO  impl.FilePerBlockStrategy (FilePerBlockStrategy.java:<init>(88)) - ozone.chunk.read.mapped.buffer.max.count is load with 0
2025-09-27 09:19:43,577 [83932d67-4fdc-4fe4-8fe1-3df6c3f1844a-EndpointStateMachineTaskThread-/0.0.0.0:15002-0 ] INFO  volume.ThrottledAsyncChecker (ThrottledAsyncChecker.java:schedule(138)) - Scheduling a check for /home/runner/work/ozone/ozone/hadoop-ozone/integration-test/target/test-dir/MiniOzoneClusterImpl-871b4ddd-f672-4be1-b73a-1629492f36a3/ozone-metadata/datanode-2/data-0/hdds
2025-09-27 09:19:43,577 [ForkJoinPool-1-worker-1] INFO  server.RaftServerConfigKeys (ConfUtils.java:logGet(62)) - raft.server.log.appender.buffer.byte-limit = 33554432 (custom)
2025-09-27 09:19:43,578 [83932d67-4fdc-4fe4-8fe1-3df6c3f1844a-EndpointStateMachineTaskThread-/0.0.0.0:15002-0 ] INFO  volume.StorageVolumeChecker (StorageVolumeChecker.java:checkAllVolumes(231)) - Scheduled health check for volume /home/runner/work/ozone/ozone/hadoop-ozone/integration-test/target/test-dir/MiniOzoneClusterImpl-871b4ddd-f672-4be1-b73a-1629492f36a3/ozone-metadata/datanode-2/data-0/hdds
2025-09-27 09:19:43,579 [ForkJoinPool-1-worker-1] INFO  grpc.GrpcConfigKeys (ConfUtils.java:logFallback(69)) - raft.grpc.admin.host = null (fallback to raft.grpc.server.host)
2025-09-27 09:19:43,579 [ForkJoinPool-1-worker-1] INFO  grpc.GrpcConfigKeys (ConfUtils.java:logGet(62)) - raft.grpc.admin.port = 15046 (custom)
2025-09-27 09:19:43,579 [ForkJoinPool-1-worker-1] INFO  grpc.GrpcConfigKeys (ConfUtils.java:logFallback(69)) - raft.grpc.client.host = null (fallback to raft.grpc.server.host)
2025-09-27 09:19:43,579 [ForkJoinPool-1-worker-1] INFO  grpc.GrpcConfigKeys (ConfUtils.java:logGet(62)) - raft.grpc.client.port = 15045 (custom)
2025-09-27 09:19:43,580 [ForkJoinPool-1-worker-1] INFO  grpc.GrpcConfigKeys (ConfUtils.java:logGet(62)) - raft.grpc.server.port = 15047 (custom)
2025-09-27 09:19:43,580 [ForkJoinPool-1-worker-1] INFO  server.GrpcServicesImpl (ConfUtils.java:logGet(62)) - raft.grpc.message.size.max = 34603008 (custom)
2025-09-27 09:19:43,580 [ForkJoinPool-1-worker-1] INFO  server.GrpcServicesImpl (ConfUtils.java:logGet(62)) - raft.grpc.flow.control.window = 5MB (=5242880) (custom)
2025-09-27 09:19:43,580 [ForkJoinPool-1-worker-1] INFO  server.RaftServerConfigKeys (ConfUtils.java:logGet(62)) - raft.server.log.appender.buffer.byte-limit = 33554432 (custom)
2025-09-27 09:19:43,583 [83932d67-4fdc-4fe4-8fe1-3df6c3f1844a-EndpointStateMachineTaskThread-/0.0.0.0:15002-0 ] INFO  volume.ThrottledAsyncChecker (ThrottledAsyncChecker.java:schedule(138)) - Scheduling a check for /home/runner/work/ozone/ozone/hadoop-ozone/integration-test/target/test-dir/MiniOzoneClusterImpl-871b4ddd-f672-4be1-b73a-1629492f36a3/ozone-metadata/datanode-2/ratis
2025-09-27 09:19:43,583 [83932d67-4fdc-4fe4-8fe1-3df6c3f1844a-EndpointStateMachineTaskThread-/0.0.0.0:15002-0 ] INFO  volume.StorageVolumeChecker (StorageVolumeChecker.java:checkAllVolumes(231)) - Scheduled health check for volume /home/runner/work/ozone/ozone/hadoop-ozone/integration-test/target/test-dir/MiniOzoneClusterImpl-871b4ddd-f672-4be1-b73a-1629492f36a3/ozone-metadata/datanode-2/ratis
2025-09-27 09:19:43,584 [ForkJoinPool-1-worker-1] INFO  netty.NettyUtils (NettyUtils.java:newEventLoopGroup(74)) - Create EpollEventLoopGroup for d3e19d45-0b2b-4921-9b28-39a5e9747ac8-NettyServerStreamRpc-bossGroup; Thread size is 0.
2025-09-27 09:19:43,585 [ForkJoinPool-1-worker-1] INFO  netty.NettyUtils (NettyUtils.java:newEventLoopGroup(74)) - Create EpollEventLoopGroup for d3e19d45-0b2b-4921-9b28-39a5e9747ac8-NettyServerStreamRpc-workerGroup; Thread size is 0.
2025-09-27 09:19:43,586 [83932d67-4fdc-4fe4-8fe1-3df6c3f1844a-EndpointStateMachineTaskThread-/0.0.0.0:15002-0 ] INFO  ozoneimpl.OzoneContainer (OzoneContainer.java:start(525)) - Attempting to start container services.
2025-09-27 09:19:43,586 [ForkJoinPool-1-worker-1] INFO  netty.NettyConfigKeys$DataStream (ConfUtils.java:logGet(62)) - raft.netty.dataStream.port = 15048 (custom)
2025-09-27 09:19:43,589 [ForkJoinPool-1-worker-1] INFO  server.RaftServerConfigKeys (ConfUtils.java:logGet(62)) - raft.server.storage.dir = [/home/runner/work/ozone/ozone/hadoop-ozone/integration-test/target/test-dir/MiniOzoneClusterImpl-871b4ddd-f672-4be1-b73a-1629492f36a3/ozone-metadata/datanode-5/ratis] (custom)
2025-09-27 09:19:43,589 [d3e19d45-0b2b-4921-9b28-39a5e9747ac8-NettyServerStreamRpc-bossGroup--thread1] INFO  logging.LoggingHandler (AbstractInternalLogger.java:log(148)) - [id: 0x7718f162] REGISTERED
2025-09-27 09:19:43,590 [d3e19d45-0b2b-4921-9b28-39a5e9747ac8-NettyServerStreamRpc-bossGroup--thread1] INFO  logging.LoggingHandler (AbstractInternalLogger.java:log(148)) - [id: 0x7718f162] BIND: 0.0.0.0/0.0.0.0:15048
2025-09-27 09:19:43,590 [d3e19d45-0b2b-4921-9b28-39a5e9747ac8-NettyServerStreamRpc-bossGroup--thread1] INFO  logging.LoggingHandler (AbstractInternalLogger.java:log(148)) - [id: 0x7718f162, L:/0.0.0.0:15048] ACTIVE
2025-09-27 09:19:43,591 [d3e19d45-0b2b-4921-9b28-39a5e9747ac8-impl-thread1] INFO  server.RaftServer (RaftServerProxy.java:initGroupDir(270)) - d3e19d45-0b2b-4921-9b28-39a5e9747ac8: found a subdirectory /home/runner/work/ozone/ozone/hadoop-ozone/integration-test/target/test-dir/MiniOzoneClusterImpl-871b4ddd-f672-4be1-b73a-1629492f36a3/ozone-metadata/datanode-5/ratis/tmp
2025-09-27 09:19:43,592 [d3e19d45-0b2b-4921-9b28-39a5e9747ac8-impl-thread1] INFO  server.RaftServer (RaftServerProxy.java:initGroupDir(275)) - d3e19d45-0b2b-4921-9b28-39a5e9747ac8: The directory /home/runner/work/ozone/ozone/hadoop-ozone/integration-test/target/test-dir/MiniOzoneClusterImpl-871b4ddd-f672-4be1-b73a-1629492f36a3/ozone-metadata/datanode-5/ratis/tmp is not a group directory; ignoring it. 
2025-09-27 09:19:43,593 [ContainerMetadataScanner] INFO  ozoneimpl.AbstractBackgroundContainerScanner (AbstractBackgroundContainerScanner.java:runIteration(89)) - Completed an iteration in 0 minutes. Number of iterations (since the data-node restart) : 1, Number of containers scanned in this iteration : 0, Number of unhealthy containers found in this iteration : 0
2025-09-27 09:19:43,593 [ForkJoinPool-1-worker-1] INFO  replication.ReplicationServer (ReplicationServer.java:<init>(84)) - Initializing replication server with thread count = 10 queue length = 4096
2025-09-27 09:19:43,594 [ContainerDataScanner(/home/runner/work/ozone/ozone/hadoop-ozone/integration-test/target/test-dir/MiniOzoneClusterImpl-871b4ddd-f672-4be1-b73a-1629492f36a3/ozone-metadata/datanode-2/data-0/hdds)] INFO  ozoneimpl.AbstractBackgroundContainerScanner (AbstractBackgroundContainerScanner.java:runIteration(89)) - Completed an iteration in 0 minutes. Number of iterations (since the data-node restart) : 1, Number of containers scanned in this iteration : 0, Number of unhealthy containers found in this iteration : 0
2025-09-27 09:19:43,595 [ForkJoinPool-1-worker-1] INFO  server.XceiverServerGrpc (XceiverServerGrpc.java:<init>(129)) - GrpcServer channel type EpollServerSocketChannel
2025-09-27 09:19:43,596 [83932d67-4fdc-4fe4-8fe1-3df6c3f1844a-EndpointStateMachineTaskThread-/0.0.0.0:15002-0 ] INFO  replication.ReplicationServer (ReplicationServer.java:start(137)) - ReplicationServer is started using port 15025
2025-09-27 09:19:43,598 [ForkJoinPool-1-worker-1] INFO  replication.ReplicationSupervisor (ReplicationSupervisor.java:build(169)) - Initializing replication supervisor with thread count = 10
2025-09-27 09:19:43,598 [ForkJoinPool-1-worker-1] INFO  replication.ReplicationSupervisor (ReplicationSupervisor.java:nodeStateUpdated(358)) - Node state updated to IN_SERVICE, scaling executor pool size to 10
2025-09-27 09:19:43,598 [83932d67-4fdc-4fe4-8fe1-3df6c3f1844a-EndpointStateMachineTaskThread-/0.0.0.0:15002-0 ] INFO  ratis.XceiverServerRatis (XceiverServerRatis.java:start(559)) - Starting XceiverServerRatis(83932d67-4fdc-4fe4-8fe1-3df6c3f1844a)
2025-09-27 09:19:43,600 [83932d67-4fdc-4fe4-8fe1-3df6c3f1844a-EndpointStateMachineTaskThread-/0.0.0.0:15002-0 ] INFO  server.RaftServer (RaftServerProxy.java:startImpl(412)) - 83932d67-4fdc-4fe4-8fe1-3df6c3f1844a: start RPC server
2025-09-27 09:19:43,601 [83932d67-4fdc-4fe4-8fe1-3df6c3f1844a-EndpointStateMachineTaskThread-/0.0.0.0:15002-0 ] INFO  server.GrpcServicesImpl (GrpcServicesImpl.java:startImpl(346)) - 83932d67-4fdc-4fe4-8fe1-3df6c3f1844a: GrpcServicesImpl started, listening on 15021
2025-09-27 09:19:43,601 [83932d67-4fdc-4fe4-8fe1-3df6c3f1844a-EndpointStateMachineTaskThread-/0.0.0.0:15002-0 ] INFO  server.GrpcServicesImpl (GrpcServicesImpl.java:startImpl(346)) - 83932d67-4fdc-4fe4-8fe1-3df6c3f1844a: GrpcServicesImpl started, listening on 15023
2025-09-27 09:19:43,602 [83932d67-4fdc-4fe4-8fe1-3df6c3f1844a-EndpointStateMachineTaskThread-/0.0.0.0:15002-0 ] INFO  server.GrpcServicesImpl (GrpcServicesImpl.java:startImpl(346)) - 83932d67-4fdc-4fe4-8fe1-3df6c3f1844a: GrpcServicesImpl started, listening on 15022
2025-09-27 09:19:43,606 [ForkJoinPool-1-worker-1] INFO  http.BaseHttpServer (BaseHttpServer.java:newHttpServer2BuilderForOzone(227)) - Starting Web-server for hddsDatanode at: http://0.0.0.0:15042
2025-09-27 09:19:43,606 [ForkJoinPool-1-worker-1] INFO  http.BaseHttpServer (BaseHttpServer.java:<init>(105)) - Hadoop Security Enabled: false Ozone Security Enabled: false Ozone HTTP Security Enabled: false 
2025-09-27 09:19:43,606 [83932d67-4fdc-4fe4-8fe1-3df6c3f1844a-EndpointStateMachineTaskThread-/0.0.0.0:15002-0 ] INFO  ratis.XceiverServerRatis (XceiverServerRatis.java:getRealPort(586)) - XceiverServerRatis(83932d67-4fdc-4fe4-8fe1-3df6c3f1844a) is started using port RATIS=15021
2025-09-27 09:19:43,606 [83932d67-4fdc-4fe4-8fe1-3df6c3f1844a-EndpointStateMachineTaskThread-/0.0.0.0:15002-0 ] INFO  ratis.XceiverServerRatis (XceiverServerRatis.java:getRealPort(586)) - XceiverServerRatis(83932d67-4fdc-4fe4-8fe1-3df6c3f1844a) is started using port RATIS_ADMIN=15022
2025-09-27 09:19:43,606 [83932d67-4fdc-4fe4-8fe1-3df6c3f1844a-EndpointStateMachineTaskThread-/0.0.0.0:15002-0 ] INFO  ratis.XceiverServerRatis (XceiverServerRatis.java:getRealPort(586)) - XceiverServerRatis(83932d67-4fdc-4fe4-8fe1-3df6c3f1844a) is started using port RATIS_SERVER=15023
2025-09-27 09:19:43,606 [83932d67-4fdc-4fe4-8fe1-3df6c3f1844a-EndpointStateMachineTaskThread-/0.0.0.0:15002-0 ] INFO  ratis.XceiverServerRatis (XceiverServerRatis.java:getRealPort(586)) - XceiverServerRatis(83932d67-4fdc-4fe4-8fe1-3df6c3f1844a) is started using port RATIS_DATASTREAM=15024
2025-09-27 09:19:43,606 [JvmPauseMonitor4] INFO  util.JvmPauseMonitor (JvmPauseMonitor.java:run(146)) - JvmPauseMonitor-83932d67-4fdc-4fe4-8fe1-3df6c3f1844a: Started
2025-09-27 09:19:43,607 [83932d67-4fdc-4fe4-8fe1-3df6c3f1844a-EndpointStateMachineTaskThread-/0.0.0.0:15002-0 ] INFO  utils.BackgroundService (BackgroundService.java:start(119)) - Starting service BlockDeletingService with interval 60000 milliseconds
2025-09-27 09:19:43,608 [83932d67-4fdc-4fe4-8fe1-3df6c3f1844a-EndpointStateMachineTaskThread-/0.0.0.0:15002-0 ] INFO  utils.BackgroundService (BackgroundService.java:start(119)) - Starting service StaleRecoveringContainerScrubbingService with interval 60000 milliseconds
2025-09-27 09:19:43,615 [ForkJoinPool-1-worker-1] WARN  server.AuthenticationFilter (AuthenticationFilter.java:constructSecretProvider(240)) - Unable to initialize FileSignerSecretProvider, falling back to use random secrets. Reason: Could not read signature secret file: /home/runner/hadoop-http-auth-signature-secret
2025-09-27 09:19:43,623 [ForkJoinPool-1-worker-1] INFO  http.HttpServer2 (HttpServer2.java:addGlobalFilter(1041)) - Added global filter 'safety' (class=org.apache.hadoop.hdds.server.http.HttpServer2$QuotingInputFilter)
2025-09-27 09:19:43,627 [ForkJoinPool-1-worker-1] INFO  http.HttpServer2 (HttpServer2.java:addFilter(1017)) - Added filter static_user_filter (class=org.apache.hadoop.http.lib.StaticUserWebFilter$StaticUserFilter) to context hddsDatanode
2025-09-27 09:19:43,627 [ForkJoinPool-1-worker-1] INFO  http.HttpServer2 (HttpServer2.java:addFilter(1025)) - Added filter static_user_filter (class=org.apache.hadoop.http.lib.StaticUserWebFilter$StaticUserFilter) to context logs
2025-09-27 09:19:43,627 [ForkJoinPool-1-worker-1] INFO  http.HttpServer2 (HttpServer2.java:addFilter(1025)) - Added filter static_user_filter (class=org.apache.hadoop.http.lib.StaticUserWebFilter$StaticUserFilter) to context static
2025-09-27 09:19:43,628 [ForkJoinPool-1-worker-1] INFO  http.BaseHttpServer (BaseHttpServer.java:<init>(193)) - HTTP server of hddsDatanode uses base directory /home/runner/work/ozone/ozone/hadoop-ozone/integration-test/target/test-dir/MiniOzoneClusterImpl-871b4ddd-f672-4be1-b73a-1629492f36a3/scm/ozone-metadata/webserver
2025-09-27 09:19:43,629 [ForkJoinPool-1-worker-1] INFO  http.HttpServer2 (HttpServer2.java:bindListener(1241)) - Jetty bound to port 15042
2025-09-27 09:19:43,629 [ForkJoinPool-1-worker-1] INFO  server.Server (Server.java:doStart(375)) - jetty-9.4.58.v20250814; built: 2025-08-14T02:28:49.637Z; git: 8f1440587e9e4ae7db3d74cf205643f3d707148d; jvm 21.0.8+9-LTS
2025-09-27 09:19:43,631 [ForkJoinPool-1-worker-1] INFO  server.session (DefaultSessionIdManager.java:doStart(334)) - DefaultSessionIdManager workerName=node0
2025-09-27 09:19:43,631 [ForkJoinPool-1-worker-1] INFO  server.session (DefaultSessionIdManager.java:doStart(339)) - No SessionScavenger set, using defaults
2025-09-27 09:19:43,631 [ForkJoinPool-1-worker-1] INFO  server.session (HouseKeeper.java:startScavenging(132)) - node0 Scavenging every 600000ms
2025-09-27 09:19:43,632 [ForkJoinPool-1-worker-1] INFO  handler.ContextHandler (ContextHandler.java:doStart(921)) - Started o.e.j.s.ServletContextHandler@4ca05f88{logs,/logs,file:///home/runner/work/ozone/ozone/hadoop-ozone/integration-test/target/log,AVAILABLE}
2025-09-27 09:19:43,632 [ForkJoinPool-1-worker-1] INFO  handler.ContextHandler (ContextHandler.java:doStart(921)) - Started o.e.j.s.ServletContextHandler@6906d91f{static,/static,jar:file:/home/runner/work/ozone/ozone/hadoop-hdds/container-service/target/hdds-container-service-2.1.0-SNAPSHOT.jar!/webapps/static,AVAILABLE}
2025-09-27 09:19:43,792 [IPC Server handler 0 on default port 15002] INFO  net.NetworkTopologyImpl (NetworkTopologyImpl.java:add(133)) - Added a new node: /default-rack/c792898a-1981-4e29-8158-41294c472b61
2025-09-27 09:19:43,797 [IPC Server handler 0 on default port 15002] INFO  node.SCMNodeManager (SCMNodeManager.java:register(423)) - Registered datanode: c792898a-1981-4e29-8158-41294c472b61{ip: 127.0.0.1, host: localhost, ports: [HTTP=15010, CLIENT_RPC=15011, REPLICATION=15017, RATIS=15013, RATIS_ADMIN=15014, RATIS_SERVER=15015, RATIS_DATASTREAM=15016, STANDALONE=15012], networkLocation: /default-rack, certSerialId: null, persistedOpState: null, persistedOpStateExpiryEpochSec: 0}
2025-09-27 09:19:43,799 [EventQueue-NewNodeForNewNodeHandler] INFO  pipeline.BackgroundPipelineCreator (BackgroundPipelineCreator.java:notifyEventTriggered(290)) - trigger a one-shot run on RatisPipelineUtilsThread.
2025-09-27 09:19:43,800 [ForkJoinPool-1-worker-1] INFO  handler.ContextHandler (ContextHandler.java:doStart(921)) - Started o.e.j.w.WebAppContext@28850f44{hddsDatanode,/,file:///home/runner/work/ozone/ozone/hadoop-ozone/integration-test/target/test-dir/MiniOzoneClusterImpl-871b4ddd-f672-4be1-b73a-1629492f36a3/scm/ozone-metadata/webserver/jetty-0_0_0_0-15042-hdds-container-service-2_1_0-SNAPSHOT_jar-_-any-3046491294780878494/webapp/,AVAILABLE}{jar:file:/home/runner/work/ozone/ozone/hadoop-hdds/container-service/target/hdds-container-service-2.1.0-SNAPSHOT.jar!/webapps/hddsDatanode}
2025-09-27 09:19:43,802 [EventQueue-ContainerRegistrationReportForECContainerSafeModeRule] INFO  safemode.SCMSafeModeManager (SCMSafeModeManager.java:validateSafeModeExitRules(138)) - ECContainerSafeModeRule rule is successfully validated
2025-09-27 09:19:43,802 [EventQueue-ContainerRegistrationReportForRatisContainerSafeModeRule] INFO  safemode.SCMSafeModeManager (SCMSafeModeManager.java:validateSafeModeExitRules(138)) - RatisContainerSafeModeRule rule is successfully validated
2025-09-27 09:19:43,803 [EventQueue-NodeRegistrationContainerReportForDataNodeSafeModeRule] INFO  safemode.SCMSafeModeManager (DataNodeSafeModeRule.java:process(80)) - SCM in safe mode. 1 DataNodes registered, 3 required.
2025-09-27 09:19:43,803 [EventQueue-PipelineReportForOneReplicaPipelineSafeModeRule] INFO  safemode.SCMSafeModeManager (SCMSafeModeManager.java:validateSafeModeExitRules(138)) - AtleastOneDatanodeReportedRule rule is successfully validated
2025-09-27 09:19:43,804 [ForkJoinPool-1-worker-1] INFO  server.AbstractConnector (AbstractConnector.java:doStart(333)) - Started ServerConnector@7bad02d0{HTTP/1.1, (http/1.1)}{0.0.0.0:15042}
2025-09-27 09:19:43,804 [ForkJoinPool-1-worker-1] INFO  server.Server (Server.java:doStart(415)) - Started @12330ms
2025-09-27 09:19:43,804 [ForkJoinPool-1-worker-1] WARN  impl.MetricsSystemImpl (MetricsSystemImpl.java:register(279)) - Sink prometheus already exists!
2025-09-27 09:19:43,805 [ForkJoinPool-1-worker-1] INFO  http.BaseHttpServer (BaseHttpServer.java:updateConnectorAddress(357)) - HTTP server of hddsDatanode listening at http://localhost:15042
2025-09-27 09:19:43,806 [ForkJoinPool-1-worker-1] INFO  ipc.CallQueueManager (CallQueueManager.java:<init>(93)) - Using callQueue: class java.util.concurrent.LinkedBlockingQueue, queueCapacity: 1000, scheduler: class org.apache.hadoop.ipc.DefaultRpcScheduler, ipcBackoff: false, ipcFailOver: false.
2025-09-27 09:19:43,806 [ForkJoinPool-1-worker-1] INFO  ipc.Server (Server.java:<init>(1438)) - Listener at 0.0.0.0:15043
2025-09-27 09:19:43,807 [Socket Reader #1 for port 15043] INFO  ipc.Server (Server.java:run(1474)) - Starting Socket Reader #1 for port 15043
2025-09-27 09:19:43,808 [Socket Reader #2 for port 15043] INFO  ipc.Server (Server.java:run(1474)) - Starting Socket Reader #2 for port 15043
2025-09-27 09:19:43,808 [Socket Reader #3 for port 15043] INFO  ipc.Server (Server.java:run(1474)) - Starting Socket Reader #3 for port 15043
2025-09-27 09:19:43,809 [Socket Reader #4 for port 15043] INFO  ipc.Server (Server.java:run(1474)) - Starting Socket Reader #4 for port 15043
2025-09-27 09:19:43,810 [RatisPipelineUtilsThread-0] INFO  pipeline.RatisPipelineProvider (RatisPipelineProvider.java:lambda$create$0(208)) - Sending CreatePipelineCommand for pipeline:Pipeline-90af7168-9b80-4e23-8c64-a7a68f768d7f to datanode:c792898a-1981-4e29-8158-41294c472b61(localhost/127.0.0.1)
2025-09-27 09:19:43,811 [Socket Reader #6 for port 15043] INFO  ipc.Server (Server.java:run(1474)) - Starting Socket Reader #6 for port 15043
2025-09-27 09:19:43,811 [Socket Reader #5 for port 15043] INFO  ipc.Server (Server.java:run(1474)) - Starting Socket Reader #5 for port 15043
2025-09-27 09:19:43,812 [Socket Reader #7 for port 15043] INFO  ipc.Server (Server.java:run(1474)) - Starting Socket Reader #7 for port 15043
2025-09-27 09:19:43,812 [Socket Reader #8 for port 15043] INFO  ipc.Server (Server.java:run(1474)) - Starting Socket Reader #8 for port 15043
2025-09-27 09:19:43,813 [18da7ee6-49f7-45ee-8090-861a49f32d36-EndpointStateMachineTaskThread-/0.0.0.0:15002-0 ] INFO  utils.DatanodeStoreCache (DatanodeStoreCache.java:addDB(70)) - Added db /home/runner/work/ozone/ozone/hadoop-ozone/integration-test/target/test-dir/MiniOzoneClusterImpl-871b4ddd-f672-4be1-b73a-1629492f36a3/ozone-metadata/datanode-3/data-0/hdds/871b4ddd-f672-4be1-b73a-1629492f36a3/DS-925521e0-9fa7-4811-a5d2-a45ad9207c43/container.db to cache
2025-09-27 09:19:43,813 [Socket Reader #9 for port 15043] INFO  ipc.Server (Server.java:run(1474)) - Starting Socket Reader #9 for port 15043
2025-09-27 09:19:43,815 [Socket Reader #10 for port 15043] INFO  ipc.Server (Server.java:run(1474)) - Starting Socket Reader #10 for port 15043
2025-09-27 09:19:43,815 [18da7ee6-49f7-45ee-8090-861a49f32d36-EndpointStateMachineTaskThread-/0.0.0.0:15002-0 ] INFO  volume.HddsVolume (HddsVolume.java:createDbStore(576)) - SchemaV3 db is created and loaded at /home/runner/work/ozone/ozone/hadoop-ozone/integration-test/target/test-dir/MiniOzoneClusterImpl-871b4ddd-f672-4be1-b73a-1629492f36a3/ozone-metadata/datanode-3/data-0/hdds/871b4ddd-f672-4be1-b73a-1629492f36a3/DS-925521e0-9fa7-4811-a5d2-a45ad9207c43/container.db for volume DS-925521e0-9fa7-4811-a5d2-a45ad9207c43
2025-09-27 09:19:43,820 [ForkJoinPool-1-worker-1] INFO  ozone.HddsDatanodeService (HddsDatanodeService.java:start(333)) - Datanode start with admins: [admin, runner]
2025-09-27 09:19:43,820 [ForkJoinPool-1-worker-1] INFO  ozone.HddsDatanodeClientProtocolServer (HddsDatanodeClientProtocolServer.java:start(76)) - RPC server for Client /0.0.0.0:15043
2025-09-27 09:19:43,820 [18da7ee6-49f7-45ee-8090-861a49f32d36-ContainerReader-0] INFO  ozoneimpl.ContainerReader (ContainerReader.java:readVolume(147)) - Start to verify containers on volume /home/runner/work/ozone/ozone/hadoop-ozone/integration-test/target/test-dir/MiniOzoneClusterImpl-871b4ddd-f672-4be1-b73a-1629492f36a3/ozone-metadata/datanode-3/data-0/hdds
2025-09-27 09:19:43,820 [18da7ee6-49f7-45ee-8090-861a49f32d36-ContainerReader-0] INFO  ozoneimpl.ContainerReader (ContainerReader.java:readVolume(177)) - Finish verifying containers on volume /home/runner/work/ozone/ozone/hadoop-ozone/integration-test/target/test-dir/MiniOzoneClusterImpl-871b4ddd-f672-4be1-b73a-1629492f36a3/ozone-metadata/datanode-3/data-0/hdds
2025-09-27 09:19:43,820 [18da7ee6-49f7-45ee-8090-861a49f32d36-EndpointStateMachineTaskThread-/0.0.0.0:15002-0 ] INFO  ozoneimpl.OzoneContainer (OzoneContainer.java:buildContainerSet(370)) - Build ContainerSet costs 0s
2025-09-27 09:19:43,821 [IPC Server Responder] INFO  ipc.Server (Server.java:run(1713)) - IPC Server Responder: starting
2025-09-27 09:19:43,822 [IPC Server listener on 15043] INFO  ipc.Server (Server.java:run(1553)) - IPC Server listener on 15043: starting
2025-09-27 09:19:43,826 [18da7ee6-49f7-45ee-8090-861a49f32d36-EndpointStateMachineTaskThread-/0.0.0.0:15002-0 ] INFO  volume.ThrottledAsyncChecker (ThrottledAsyncChecker.java:schedule(138)) - Scheduling a check for /home/runner/work/ozone/ozone/hadoop-ozone/integration-test/target/test-dir/MiniOzoneClusterImpl-871b4ddd-f672-4be1-b73a-1629492f36a3/ozone-metadata/datanode-3/data-0/hdds
2025-09-27 09:19:43,827 [18da7ee6-49f7-45ee-8090-861a49f32d36-EndpointStateMachineTaskThread-/0.0.0.0:15002-0 ] INFO  volume.StorageVolumeChecker (StorageVolumeChecker.java:checkAllVolumes(231)) - Scheduled health check for volume /home/runner/work/ozone/ozone/hadoop-ozone/integration-test/target/test-dir/MiniOzoneClusterImpl-871b4ddd-f672-4be1-b73a-1629492f36a3/ozone-metadata/datanode-3/data-0/hdds
2025-09-27 09:19:43,836 [18da7ee6-49f7-45ee-8090-861a49f32d36-EndpointStateMachineTaskThread-/0.0.0.0:15002-0 ] INFO  volume.ThrottledAsyncChecker (ThrottledAsyncChecker.java:schedule(138)) - Scheduling a check for /home/runner/work/ozone/ozone/hadoop-ozone/integration-test/target/test-dir/MiniOzoneClusterImpl-871b4ddd-f672-4be1-b73a-1629492f36a3/ozone-metadata/datanode-3/ratis
2025-09-27 09:19:43,837 [18da7ee6-49f7-45ee-8090-861a49f32d36-EndpointStateMachineTaskThread-/0.0.0.0:15002-0 ] INFO  volume.StorageVolumeChecker (StorageVolumeChecker.java:checkAllVolumes(231)) - Scheduled health check for volume /home/runner/work/ozone/ozone/hadoop-ozone/integration-test/target/test-dir/MiniOzoneClusterImpl-871b4ddd-f672-4be1-b73a-1629492f36a3/ozone-metadata/datanode-3/ratis
2025-09-27 09:19:43,840 [18da7ee6-49f7-45ee-8090-861a49f32d36-EndpointStateMachineTaskThread-/0.0.0.0:15002-0 ] INFO  ozoneimpl.OzoneContainer (OzoneContainer.java:start(525)) - Attempting to start container services.
2025-09-27 09:19:43,841 [ForkJoinPool-1-worker-1] INFO  ozone.MiniOzoneClusterImpl (MiniOzoneClusterImpl.java:lambda$waitForClusterToBeReady$0(181)) - Waiting for nodes to be ready. Got 1 of 5 DN Heartbeats.
2025-09-27 09:19:43,841 [ForkJoinPool-1-worker-1] INFO  ozone.MiniOzoneClusterImpl (MiniOzoneClusterImpl.java:lambda$waitForClusterToBeReady$0(184)) - Waiting for cluster to exit safe mode
2025-09-27 09:19:43,841 [ForkJoinPool-1-worker-1] INFO  ozone.MiniOzoneClusterImpl (MiniOzoneClusterImpl.java:lambda$waitForClusterToBeReady$0(186)) - SCM became leader
2025-09-27 09:19:43,841 [d3e19d45-0b2b-4921-9b28-39a5e9747ac8-DatanodeStateMachineDaemonThread] INFO  statemachine.DatanodeStateMachine (DatanodeStateMachine.java:startStateMachineThread(363)) - Ozone container server started.
2025-09-27 09:19:43,847 [ContainerMetadataScanner] INFO  ozoneimpl.AbstractBackgroundContainerScanner (AbstractBackgroundContainerScanner.java:runIteration(89)) - Completed an iteration in 0 minutes. Number of iterations (since the data-node restart) : 1, Number of containers scanned in this iteration : 0, Number of unhealthy containers found in this iteration : 0
2025-09-27 09:19:43,849 [ContainerDataScanner(/home/runner/work/ozone/ozone/hadoop-ozone/integration-test/target/test-dir/MiniOzoneClusterImpl-871b4ddd-f672-4be1-b73a-1629492f36a3/ozone-metadata/datanode-3/data-0/hdds)] INFO  ozoneimpl.AbstractBackgroundContainerScanner (AbstractBackgroundContainerScanner.java:runIteration(89)) - Completed an iteration in 0 minutes. Number of iterations (since the data-node restart) : 1, Number of containers scanned in this iteration : 0, Number of unhealthy containers found in this iteration : 0
2025-09-27 09:19:43,850 [18da7ee6-49f7-45ee-8090-861a49f32d36-EndpointStateMachineTaskThread-/0.0.0.0:15002-0 ] INFO  replication.ReplicationServer (ReplicationServer.java:start(137)) - ReplicationServer is started using port 15033
2025-09-27 09:19:43,850 [18da7ee6-49f7-45ee-8090-861a49f32d36-EndpointStateMachineTaskThread-/0.0.0.0:15002-0 ] INFO  ratis.XceiverServerRatis (XceiverServerRatis.java:start(559)) - Starting XceiverServerRatis(18da7ee6-49f7-45ee-8090-861a49f32d36)
2025-09-27 09:19:43,853 [d3e19d45-0b2b-4921-9b28-39a5e9747ac8-DatanodeStateMachineTaskThread-0] INFO  datanode.InitDatanodeState (InitDatanodeState.java:persistContainerDatanodeDetails(139)) - DatanodeDetails is persisted to /home/runner/work/ozone/ozone/hadoop-ozone/integration-test/target/test-dir/MiniOzoneClusterImpl-871b4ddd-f672-4be1-b73a-1629492f36a3/ozone-metadata/datanode-5/ozone-metadata/datanode.id
2025-09-27 09:19:43,854 [18da7ee6-49f7-45ee-8090-861a49f32d36-EndpointStateMachineTaskThread-/0.0.0.0:15002-0 ] INFO  server.RaftServer (RaftServerProxy.java:startImpl(412)) - 18da7ee6-49f7-45ee-8090-861a49f32d36: start RPC server
2025-09-27 09:19:43,855 [18da7ee6-49f7-45ee-8090-861a49f32d36-EndpointStateMachineTaskThread-/0.0.0.0:15002-0 ] INFO  server.GrpcServicesImpl (GrpcServicesImpl.java:startImpl(346)) - 18da7ee6-49f7-45ee-8090-861a49f32d36: GrpcServicesImpl started, listening on 15029
2025-09-27 09:19:43,856 [18da7ee6-49f7-45ee-8090-861a49f32d36-EndpointStateMachineTaskThread-/0.0.0.0:15002-0 ] INFO  server.GrpcServicesImpl (GrpcServicesImpl.java:startImpl(346)) - 18da7ee6-49f7-45ee-8090-861a49f32d36: GrpcServicesImpl started, listening on 15031
2025-09-27 09:19:43,858 [18da7ee6-49f7-45ee-8090-861a49f32d36-EndpointStateMachineTaskThread-/0.0.0.0:15002-0 ] INFO  server.GrpcServicesImpl (GrpcServicesImpl.java:startImpl(346)) - 18da7ee6-49f7-45ee-8090-861a49f32d36: GrpcServicesImpl started, listening on 15030
2025-09-27 09:19:43,859 [18da7ee6-49f7-45ee-8090-861a49f32d36-EndpointStateMachineTaskThread-/0.0.0.0:15002-0 ] INFO  ratis.XceiverServerRatis (XceiverServerRatis.java:getRealPort(586)) - XceiverServerRatis(18da7ee6-49f7-45ee-8090-861a49f32d36) is started using port RATIS=15029
2025-09-27 09:19:43,859 [JvmPauseMonitor5] INFO  util.JvmPauseMonitor (JvmPauseMonitor.java:run(146)) - JvmPauseMonitor-18da7ee6-49f7-45ee-8090-861a49f32d36: Started
2025-09-27 09:19:43,859 [18da7ee6-49f7-45ee-8090-861a49f32d36-EndpointStateMachineTaskThread-/0.0.0.0:15002-0 ] INFO  ratis.XceiverServerRatis (XceiverServerRatis.java:getRealPort(586)) - XceiverServerRatis(18da7ee6-49f7-45ee-8090-861a49f32d36) is started using port RATIS_ADMIN=15030
2025-09-27 09:19:43,859 [18da7ee6-49f7-45ee-8090-861a49f32d36-EndpointStateMachineTaskThread-/0.0.0.0:15002-0 ] INFO  ratis.XceiverServerRatis (XceiverServerRatis.java:getRealPort(586)) - XceiverServerRatis(18da7ee6-49f7-45ee-8090-861a49f32d36) is started using port RATIS_SERVER=15031
2025-09-27 09:19:43,859 [18da7ee6-49f7-45ee-8090-861a49f32d36-EndpointStateMachineTaskThread-/0.0.0.0:15002-0 ] INFO  ratis.XceiverServerRatis (XceiverServerRatis.java:getRealPort(586)) - XceiverServerRatis(18da7ee6-49f7-45ee-8090-861a49f32d36) is started using port RATIS_DATASTREAM=15032
2025-09-27 09:19:43,861 [18da7ee6-49f7-45ee-8090-861a49f32d36-EndpointStateMachineTaskThread-/0.0.0.0:15002-0 ] INFO  utils.BackgroundService (BackgroundService.java:start(119)) - Starting service BlockDeletingService with interval 60000 milliseconds
2025-09-27 09:19:43,863 [18da7ee6-49f7-45ee-8090-861a49f32d36-EndpointStateMachineTaskThread-/0.0.0.0:15002-0 ] INFO  utils.BackgroundService (BackgroundService.java:start(119)) - Starting service StaleRecoveringContainerScrubbingService with interval 60000 milliseconds
2025-09-27 09:19:43,902 [07f651f6-8f87-47bb-8f69-34e194401a37@group-1629492F36A3-StateMachineUpdater] INFO  safemode.SCMSafeModeManager (SCMSafeModeManager.java:validateSafeModeExitRules(138)) - RatisContainerSafeModeRule rule is successfully validated
2025-09-27 09:19:43,903 [07f651f6-8f87-47bb-8f69-34e194401a37@group-1629492F36A3-StateMachineUpdater] INFO  safemode.HealthyPipelineSafeModeRule (HealthyPipelineSafeModeRule.java:initializeRule(228)) - Refreshed total pipeline count is 0, healthy pipeline threshold count is 1
2025-09-27 09:19:43,903 [07f651f6-8f87-47bb-8f69-34e194401a37@group-1629492F36A3-StateMachineUpdater] INFO  safemode.SCMSafeModeManager (SCMSafeModeManager.java:validateSafeModeExitRules(138)) - ECContainerSafeModeRule rule is successfully validated
2025-09-27 09:19:43,904 [07f651f6-8f87-47bb-8f69-34e194401a37@group-1629492F36A3-StateMachineUpdater] INFO  safemode.SCMSafeModeManager (SCMSafeModeManager.java:validateSafeModeExitRules(138)) - AtleastOneDatanodeReportedRule rule is successfully validated
2025-09-27 09:19:43,908 [RatisPipelineUtilsThread-0] INFO  pipeline.BackgroundPipelineCreator (BackgroundPipelineCreator.java:createPipelines(246)) - Created new pipeline Pipeline{ Id: 90af7168-9b80-4e23-8c64-a7a68f768d7f, Nodes: [ {c792898a-1981-4e29-8158-41294c472b61(localhost/127.0.0.1), ReplicaIndex: 0},], ReplicationConfig: RATIS/ONE, State:ALLOCATED, leaderId:, CreationTimestamp2025-09-27T09:19:43.809317185Z[Etc/UTC]}
2025-09-27 09:19:44,017 [IPC Server handler 4 on default port 15002] INFO  net.NetworkTopologyImpl (NetworkTopologyImpl.java:add(133)) - Added a new node: /default-rack/83932d67-4fdc-4fe4-8fe1-3df6c3f1844a
2025-09-27 09:19:44,018 [IPC Server handler 4 on default port 15002] INFO  node.SCMNodeManager (SCMNodeManager.java:register(423)) - Registered datanode: 83932d67-4fdc-4fe4-8fe1-3df6c3f1844a{ip: 127.0.0.1, host: localhost, ports: [HTTP=15018, CLIENT_RPC=15019, REPLICATION=15025, RATIS=15021, RATIS_ADMIN=15022, RATIS_SERVER=15023, RATIS_DATASTREAM=15024, STANDALONE=15020], networkLocation: /default-rack, certSerialId: null, persistedOpState: null, persistedOpStateExpiryEpochSec: 0}
2025-09-27 09:19:44,018 [EventQueue-PipelineReportForOneReplicaPipelineSafeModeRule] INFO  safemode.SCMSafeModeManager (SCMSafeModeManager.java:validateSafeModeExitRules(138)) - AtleastOneDatanodeReportedRule rule is successfully validated
2025-09-27 09:19:44,019 [EventQueue-NewNodeForNewNodeHandler] INFO  pipeline.BackgroundPipelineCreator (BackgroundPipelineCreator.java:notifyEventTriggered(290)) - trigger a one-shot run on RatisPipelineUtilsThread.
2025-09-27 09:19:44,019 [EventQueue-NodeRegistrationContainerReportForDataNodeSafeModeRule] INFO  safemode.SCMSafeModeManager (DataNodeSafeModeRule.java:process(80)) - SCM in safe mode. 2 DataNodes registered, 3 required.
2025-09-27 09:19:44,019 [RatisPipelineUtilsThread-0] INFO  pipeline.RatisPipelineProvider (RatisPipelineProvider.java:lambda$create$0(208)) - Sending CreatePipelineCommand for pipeline:Pipeline-d591271a-4e99-47ef-a757-844398c9211a to datanode:83932d67-4fdc-4fe4-8fe1-3df6c3f1844a(localhost/127.0.0.1)
2025-09-27 09:19:44,019 [EventQueue-ContainerRegistrationReportForRatisContainerSafeModeRule] INFO  safemode.SCMSafeModeManager (SCMSafeModeManager.java:validateSafeModeExitRules(138)) - RatisContainerSafeModeRule rule is successfully validated
2025-09-27 09:19:44,019 [EventQueue-ContainerRegistrationReportForECContainerSafeModeRule] INFO  safemode.SCMSafeModeManager (SCMSafeModeManager.java:validateSafeModeExitRules(138)) - ECContainerSafeModeRule rule is successfully validated
2025-09-27 09:19:44,022 [07f651f6-8f87-47bb-8f69-34e194401a37@group-1629492F36A3-StateMachineUpdater] INFO  safemode.SCMSafeModeManager (SCMSafeModeManager.java:validateSafeModeExitRules(138)) - RatisContainerSafeModeRule rule is successfully validated
2025-09-27 09:19:44,022 [07f651f6-8f87-47bb-8f69-34e194401a37@group-1629492F36A3-StateMachineUpdater] INFO  safemode.HealthyPipelineSafeModeRule (HealthyPipelineSafeModeRule.java:initializeRule(228)) - Refreshed total pipeline count is 0, healthy pipeline threshold count is 1
2025-09-27 09:19:44,022 [07f651f6-8f87-47bb-8f69-34e194401a37@group-1629492F36A3-StateMachineUpdater] INFO  safemode.SCMSafeModeManager (SCMSafeModeManager.java:validateSafeModeExitRules(138)) - ECContainerSafeModeRule rule is successfully validated
2025-09-27 09:19:44,022 [07f651f6-8f87-47bb-8f69-34e194401a37@group-1629492F36A3-StateMachineUpdater] INFO  safemode.SCMSafeModeManager (SCMSafeModeManager.java:validateSafeModeExitRules(138)) - AtleastOneDatanodeReportedRule rule is successfully validated
2025-09-27 09:19:44,023 [RatisPipelineUtilsThread-0] INFO  pipeline.BackgroundPipelineCreator (BackgroundPipelineCreator.java:createPipelines(246)) - Created new pipeline Pipeline{ Id: d591271a-4e99-47ef-a757-844398c9211a, Nodes: [ {83932d67-4fdc-4fe4-8fe1-3df6c3f1844a(localhost/127.0.0.1), ReplicaIndex: 0},], ReplicationConfig: RATIS/ONE, State:ALLOCATED, leaderId:, CreationTimestamp2025-09-27T09:19:44.019601226Z[Etc/UTC]}
2025-09-27 09:19:44,066 [25d9f169-1c9e-47c6-a2a2-d20fb3c5fda2-EndpointStateMachineTaskThread-/0.0.0.0:15002-0 ] INFO  utils.DatanodeStoreCache (DatanodeStoreCache.java:addDB(70)) - Added db /home/runner/work/ozone/ozone/hadoop-ozone/integration-test/target/test-dir/MiniOzoneClusterImpl-871b4ddd-f672-4be1-b73a-1629492f36a3/ozone-metadata/datanode-4/data-0/hdds/871b4ddd-f672-4be1-b73a-1629492f36a3/DS-499424a7-f530-45a2-8617-47f83db5a171/container.db to cache
2025-09-27 09:19:44,066 [25d9f169-1c9e-47c6-a2a2-d20fb3c5fda2-EndpointStateMachineTaskThread-/0.0.0.0:15002-0 ] INFO  volume.HddsVolume (HddsVolume.java:createDbStore(576)) - SchemaV3 db is created and loaded at /home/runner/work/ozone/ozone/hadoop-ozone/integration-test/target/test-dir/MiniOzoneClusterImpl-871b4ddd-f672-4be1-b73a-1629492f36a3/ozone-metadata/datanode-4/data-0/hdds/871b4ddd-f672-4be1-b73a-1629492f36a3/DS-499424a7-f530-45a2-8617-47f83db5a171/container.db for volume DS-499424a7-f530-45a2-8617-47f83db5a171
2025-09-27 09:19:44,070 [25d9f169-1c9e-47c6-a2a2-d20fb3c5fda2-ContainerReader-0] INFO  ozoneimpl.ContainerReader (ContainerReader.java:readVolume(147)) - Start to verify containers on volume /home/runner/work/ozone/ozone/hadoop-ozone/integration-test/target/test-dir/MiniOzoneClusterImpl-871b4ddd-f672-4be1-b73a-1629492f36a3/ozone-metadata/datanode-4/data-0/hdds
2025-09-27 09:19:44,071 [25d9f169-1c9e-47c6-a2a2-d20fb3c5fda2-ContainerReader-0] INFO  ozoneimpl.ContainerReader (ContainerReader.java:readVolume(177)) - Finish verifying containers on volume /home/runner/work/ozone/ozone/hadoop-ozone/integration-test/target/test-dir/MiniOzoneClusterImpl-871b4ddd-f672-4be1-b73a-1629492f36a3/ozone-metadata/datanode-4/data-0/hdds
2025-09-27 09:19:44,071 [25d9f169-1c9e-47c6-a2a2-d20fb3c5fda2-EndpointStateMachineTaskThread-/0.0.0.0:15002-0 ] INFO  ozoneimpl.OzoneContainer (OzoneContainer.java:buildContainerSet(370)) - Build ContainerSet costs 0s
2025-09-27 09:19:44,071 [25d9f169-1c9e-47c6-a2a2-d20fb3c5fda2-EndpointStateMachineTaskThread-/0.0.0.0:15002-0 ] INFO  volume.ThrottledAsyncChecker (ThrottledAsyncChecker.java:schedule(138)) - Scheduling a check for /home/runner/work/ozone/ozone/hadoop-ozone/integration-test/target/test-dir/MiniOzoneClusterImpl-871b4ddd-f672-4be1-b73a-1629492f36a3/ozone-metadata/datanode-4/data-0/hdds
2025-09-27 09:19:44,072 [25d9f169-1c9e-47c6-a2a2-d20fb3c5fda2-EndpointStateMachineTaskThread-/0.0.0.0:15002-0 ] INFO  volume.StorageVolumeChecker (StorageVolumeChecker.java:checkAllVolumes(231)) - Scheduled health check for volume /home/runner/work/ozone/ozone/hadoop-ozone/integration-test/target/test-dir/MiniOzoneClusterImpl-871b4ddd-f672-4be1-b73a-1629492f36a3/ozone-metadata/datanode-4/data-0/hdds
2025-09-27 09:19:44,077 [25d9f169-1c9e-47c6-a2a2-d20fb3c5fda2-EndpointStateMachineTaskThread-/0.0.0.0:15002-0 ] INFO  volume.ThrottledAsyncChecker (ThrottledAsyncChecker.java:schedule(138)) - Scheduling a check for /home/runner/work/ozone/ozone/hadoop-ozone/integration-test/target/test-dir/MiniOzoneClusterImpl-871b4ddd-f672-4be1-b73a-1629492f36a3/ozone-metadata/datanode-4/ratis
2025-09-27 09:19:44,078 [25d9f169-1c9e-47c6-a2a2-d20fb3c5fda2-EndpointStateMachineTaskThread-/0.0.0.0:15002-0 ] INFO  volume.StorageVolumeChecker (StorageVolumeChecker.java:checkAllVolumes(231)) - Scheduled health check for volume /home/runner/work/ozone/ozone/hadoop-ozone/integration-test/target/test-dir/MiniOzoneClusterImpl-871b4ddd-f672-4be1-b73a-1629492f36a3/ozone-metadata/datanode-4/ratis
2025-09-27 09:19:44,079 [25d9f169-1c9e-47c6-a2a2-d20fb3c5fda2-EndpointStateMachineTaskThread-/0.0.0.0:15002-0 ] INFO  ozoneimpl.OzoneContainer (OzoneContainer.java:start(525)) - Attempting to start container services.
2025-09-27 09:19:44,081 [ContainerMetadataScanner] INFO  ozoneimpl.AbstractBackgroundContainerScanner (AbstractBackgroundContainerScanner.java:runIteration(89)) - Completed an iteration in 0 minutes. Number of iterations (since the data-node restart) : 1, Number of containers scanned in this iteration : 0, Number of unhealthy containers found in this iteration : 0
2025-09-27 09:19:44,081 [ContainerDataScanner(/home/runner/work/ozone/ozone/hadoop-ozone/integration-test/target/test-dir/MiniOzoneClusterImpl-871b4ddd-f672-4be1-b73a-1629492f36a3/ozone-metadata/datanode-4/data-0/hdds)] INFO  ozoneimpl.AbstractBackgroundContainerScanner (AbstractBackgroundContainerScanner.java:runIteration(89)) - Completed an iteration in 0 minutes. Number of iterations (since the data-node restart) : 1, Number of containers scanned in this iteration : 0, Number of unhealthy containers found in this iteration : 0
2025-09-27 09:19:44,082 [25d9f169-1c9e-47c6-a2a2-d20fb3c5fda2-EndpointStateMachineTaskThread-/0.0.0.0:15002-0 ] INFO  replication.ReplicationServer (ReplicationServer.java:start(137)) - ReplicationServer is started using port 15041
2025-09-27 09:19:44,082 [25d9f169-1c9e-47c6-a2a2-d20fb3c5fda2-EndpointStateMachineTaskThread-/0.0.0.0:15002-0 ] INFO  ratis.XceiverServerRatis (XceiverServerRatis.java:start(559)) - Starting XceiverServerRatis(25d9f169-1c9e-47c6-a2a2-d20fb3c5fda2)
2025-09-27 09:19:44,083 [25d9f169-1c9e-47c6-a2a2-d20fb3c5fda2-EndpointStateMachineTaskThread-/0.0.0.0:15002-0 ] INFO  server.RaftServer (RaftServerProxy.java:startImpl(412)) - 25d9f169-1c9e-47c6-a2a2-d20fb3c5fda2: start RPC server
2025-09-27 09:19:44,084 [25d9f169-1c9e-47c6-a2a2-d20fb3c5fda2-EndpointStateMachineTaskThread-/0.0.0.0:15002-0 ] INFO  server.GrpcServicesImpl (GrpcServicesImpl.java:startImpl(346)) - 25d9f169-1c9e-47c6-a2a2-d20fb3c5fda2: GrpcServicesImpl started, listening on 15037
2025-09-27 09:19:44,085 [25d9f169-1c9e-47c6-a2a2-d20fb3c5fda2-EndpointStateMachineTaskThread-/0.0.0.0:15002-0 ] INFO  server.GrpcServicesImpl (GrpcServicesImpl.java:startImpl(346)) - 25d9f169-1c9e-47c6-a2a2-d20fb3c5fda2: GrpcServicesImpl started, listening on 15039
2025-09-27 09:19:44,086 [25d9f169-1c9e-47c6-a2a2-d20fb3c5fda2-EndpointStateMachineTaskThread-/0.0.0.0:15002-0 ] INFO  server.GrpcServicesImpl (GrpcServicesImpl.java:startImpl(346)) - 25d9f169-1c9e-47c6-a2a2-d20fb3c5fda2: GrpcServicesImpl started, listening on 15038
2025-09-27 09:19:44,086 [25d9f169-1c9e-47c6-a2a2-d20fb3c5fda2-EndpointStateMachineTaskThread-/0.0.0.0:15002-0 ] INFO  ratis.XceiverServerRatis (XceiverServerRatis.java:getRealPort(586)) - XceiverServerRatis(25d9f169-1c9e-47c6-a2a2-d20fb3c5fda2) is started using port RATIS=15037
2025-09-27 09:19:44,086 [25d9f169-1c9e-47c6-a2a2-d20fb3c5fda2-EndpointStateMachineTaskThread-/0.0.0.0:15002-0 ] INFO  ratis.XceiverServerRatis (XceiverServerRatis.java:getRealPort(586)) - XceiverServerRatis(25d9f169-1c9e-47c6-a2a2-d20fb3c5fda2) is started using port RATIS_ADMIN=15038
2025-09-27 09:19:44,086 [25d9f169-1c9e-47c6-a2a2-d20fb3c5fda2-EndpointStateMachineTaskThread-/0.0.0.0:15002-0 ] INFO  ratis.XceiverServerRatis (XceiverServerRatis.java:getRealPort(586)) - XceiverServerRatis(25d9f169-1c9e-47c6-a2a2-d20fb3c5fda2) is started using port RATIS_SERVER=15039
2025-09-27 09:19:44,086 [25d9f169-1c9e-47c6-a2a2-d20fb3c5fda2-EndpointStateMachineTaskThread-/0.0.0.0:15002-0 ] INFO  ratis.XceiverServerRatis (XceiverServerRatis.java:getRealPort(586)) - XceiverServerRatis(25d9f169-1c9e-47c6-a2a2-d20fb3c5fda2) is started using port RATIS_DATASTREAM=15040
2025-09-27 09:19:44,087 [JvmPauseMonitor6] INFO  util.JvmPauseMonitor (JvmPauseMonitor.java:run(146)) - JvmPauseMonitor-25d9f169-1c9e-47c6-a2a2-d20fb3c5fda2: Started
2025-09-27 09:19:44,090 [25d9f169-1c9e-47c6-a2a2-d20fb3c5fda2-EndpointStateMachineTaskThread-/0.0.0.0:15002-0 ] INFO  utils.BackgroundService (BackgroundService.java:start(119)) - Starting service BlockDeletingService with interval 60000 milliseconds
2025-09-27 09:19:44,091 [25d9f169-1c9e-47c6-a2a2-d20fb3c5fda2-EndpointStateMachineTaskThread-/0.0.0.0:15002-0 ] INFO  utils.BackgroundService (BackgroundService.java:start(119)) - Starting service StaleRecoveringContainerScrubbingService with interval 60000 milliseconds
2025-09-27 09:19:44,242 [IPC Server handler 10 on default port 15002] INFO  net.NetworkTopologyImpl (NetworkTopologyImpl.java:add(133)) - Added a new node: /default-rack/18da7ee6-49f7-45ee-8090-861a49f32d36
2025-09-27 09:19:44,242 [IPC Server handler 10 on default port 15002] INFO  node.SCMNodeManager (SCMNodeManager.java:register(423)) - Registered datanode: 18da7ee6-49f7-45ee-8090-861a49f32d36{ip: 127.0.0.1, host: localhost, ports: [HTTP=15026, CLIENT_RPC=15027, REPLICATION=15033, RATIS=15029, RATIS_ADMIN=15030, RATIS_SERVER=15031, RATIS_DATASTREAM=15032, STANDALONE=15028], networkLocation: /default-rack, certSerialId: null, persistedOpState: null, persistedOpStateExpiryEpochSec: 0}
2025-09-27 09:19:44,243 [EventQueue-PipelineReportForOneReplicaPipelineSafeModeRule] INFO  safemode.SCMSafeModeManager (SCMSafeModeManager.java:validateSafeModeExitRules(138)) - AtleastOneDatanodeReportedRule rule is successfully validated
2025-09-27 09:19:44,243 [EventQueue-ContainerRegistrationReportForECContainerSafeModeRule] INFO  safemode.SCMSafeModeManager (SCMSafeModeManager.java:validateSafeModeExitRules(138)) - ECContainerSafeModeRule rule is successfully validated
2025-09-27 09:19:44,243 [EventQueue-ContainerRegistrationReportForRatisContainerSafeModeRule] INFO  safemode.SCMSafeModeManager (SCMSafeModeManager.java:validateSafeModeExitRules(138)) - RatisContainerSafeModeRule rule is successfully validated
2025-09-27 09:19:44,243 [EventQueue-NodeRegistrationContainerReportForDataNodeSafeModeRule] INFO  safemode.SCMSafeModeManager (DataNodeSafeModeRule.java:process(80)) - SCM in safe mode. 3 DataNodes registered, 3 required.
2025-09-27 09:19:44,243 [EventQueue-NodeRegistrationContainerReportForDataNodeSafeModeRule] INFO  safemode.SCMSafeModeManager (SCMSafeModeManager.java:validateSafeModeExitRules(138)) - DataNodeSafeModeRule rule is successfully validated
2025-09-27 09:19:44,243 [EventQueue-NewNodeForNewNodeHandler] INFO  pipeline.BackgroundPipelineCreator (BackgroundPipelineCreator.java:notifyEventTriggered(290)) - trigger a one-shot run on RatisPipelineUtilsThread.
2025-09-27 09:19:44,243 [EventQueue-NodeRegistrationContainerReportForDataNodeSafeModeRule] INFO  safemode.SCMSafeModeManager (SCMSafeModeManager.java:validateSafeModeExitRules(151)) - All SCM safe mode pre check rules have passed
2025-09-27 09:19:44,243 [EventQueue-NodeRegistrationContainerReportForDataNodeSafeModeRule] INFO  ha.SCMContext (SCMContext.java:updateSafeModeStatus(224)) - Update SafeModeStatus from SafeModeStatus{safeModeStatus=true, preCheckPassed=false} to SafeModeStatus{safeModeStatus=true, preCheckPassed=true}.
2025-09-27 09:19:44,244 [EventQueue-NodeRegistrationContainerReportForDataNodeSafeModeRule] INFO  pipeline.BackgroundPipelineCreator (BackgroundPipelineCreator.java:notifyEventTriggered(290)) - trigger a one-shot run on RatisPipelineUtilsThread.
2025-09-27 09:19:44,244 [RatisPipelineUtilsThread-0] INFO  pipeline.RatisPipelineProvider (RatisPipelineProvider.java:lambda$create$0(208)) - Sending CreatePipelineCommand for pipeline:Pipeline-d8f8602c-31a3-42e6-a45e-01f21cbca59d to datanode:18da7ee6-49f7-45ee-8090-861a49f32d36(localhost/127.0.0.1)
2025-09-27 09:19:44,247 [07f651f6-8f87-47bb-8f69-34e194401a37@group-1629492F36A3-StateMachineUpdater] INFO  safemode.SCMSafeModeManager (SCMSafeModeManager.java:validateSafeModeExitRules(138)) - DataNodeSafeModeRule rule is successfully validated
2025-09-27 09:19:44,247 [07f651f6-8f87-47bb-8f69-34e194401a37@group-1629492F36A3-StateMachineUpdater] INFO  safemode.SCMSafeModeManager (SCMSafeModeManager.java:validateSafeModeExitRules(138)) - RatisContainerSafeModeRule rule is successfully validated
2025-09-27 09:19:44,247 [07f651f6-8f87-47bb-8f69-34e194401a37@group-1629492F36A3-StateMachineUpdater] INFO  safemode.HealthyPipelineSafeModeRule (HealthyPipelineSafeModeRule.java:initializeRule(228)) - Refreshed total pipeline count is 0, healthy pipeline threshold count is 1
2025-09-27 09:19:44,247 [07f651f6-8f87-47bb-8f69-34e194401a37@group-1629492F36A3-StateMachineUpdater] INFO  safemode.SCMSafeModeManager (SCMSafeModeManager.java:validateSafeModeExitRules(138)) - ECContainerSafeModeRule rule is successfully validated
2025-09-27 09:19:44,247 [07f651f6-8f87-47bb-8f69-34e194401a37@group-1629492F36A3-StateMachineUpdater] INFO  safemode.SCMSafeModeManager (SCMSafeModeManager.java:validateSafeModeExitRules(138)) - AtleastOneDatanodeReportedRule rule is successfully validated
2025-09-27 09:19:44,248 [RatisPipelineUtilsThread-0] INFO  pipeline.BackgroundPipelineCreator (BackgroundPipelineCreator.java:createPipelines(246)) - Created new pipeline Pipeline{ Id: d8f8602c-31a3-42e6-a45e-01f21cbca59d, Nodes: [ {18da7ee6-49f7-45ee-8090-861a49f32d36(localhost/127.0.0.1), ReplicaIndex: 0},], ReplicationConfig: RATIS/ONE, State:ALLOCATED, leaderId:, CreationTimestamp2025-09-27T09:19:44.244696505Z[Etc/UTC]}
2025-09-27 09:19:44,251 [RatisPipelineUtilsThread-0] INFO  pipeline.RatisPipelineProvider (RatisPipelineProvider.java:lambda$create$0(208)) - Sending CreatePipelineCommand for pipeline:Pipeline-166034bd-8cb8-4e48-85d0-c5b96a071f98 to datanode:18da7ee6-49f7-45ee-8090-861a49f32d36(localhost/127.0.0.1)
2025-09-27 09:19:44,251 [RatisPipelineUtilsThread-0] INFO  pipeline.RatisPipelineProvider (RatisPipelineProvider.java:lambda$create$0(208)) - Sending CreatePipelineCommand for pipeline:Pipeline-166034bd-8cb8-4e48-85d0-c5b96a071f98 to datanode:c792898a-1981-4e29-8158-41294c472b61(localhost/127.0.0.1)
2025-09-27 09:19:44,251 [RatisPipelineUtilsThread-0] INFO  pipeline.RatisPipelineProvider (RatisPipelineProvider.java:lambda$create$0(208)) - Sending CreatePipelineCommand for pipeline:Pipeline-166034bd-8cb8-4e48-85d0-c5b96a071f98 to datanode:83932d67-4fdc-4fe4-8fe1-3df6c3f1844a(localhost/127.0.0.1)
2025-09-27 09:19:44,254 [07f651f6-8f87-47bb-8f69-34e194401a37@group-1629492F36A3-StateMachineUpdater] INFO  safemode.SCMSafeModeManager (SCMSafeModeManager.java:validateSafeModeExitRules(138)) - DataNodeSafeModeRule rule is successfully validated
2025-09-27 09:19:44,254 [07f651f6-8f87-47bb-8f69-34e194401a37@group-1629492F36A3-StateMachineUpdater] INFO  safemode.SCMSafeModeManager (SCMSafeModeManager.java:validateSafeModeExitRules(138)) - RatisContainerSafeModeRule rule is successfully validated
2025-09-27 09:19:44,254 [07f651f6-8f87-47bb-8f69-34e194401a37@group-1629492F36A3-StateMachineUpdater] INFO  safemode.HealthyPipelineSafeModeRule (HealthyPipelineSafeModeRule.java:initializeRule(228)) - Refreshed total pipeline count is 0, healthy pipeline threshold count is 1
2025-09-27 09:19:44,254 [07f651f6-8f87-47bb-8f69-34e194401a37@group-1629492F36A3-StateMachineUpdater] INFO  safemode.SCMSafeModeManager (SCMSafeModeManager.java:validateSafeModeExitRules(138)) - ECContainerSafeModeRule rule is successfully validated
2025-09-27 09:19:44,254 [07f651f6-8f87-47bb-8f69-34e194401a37@group-1629492F36A3-StateMachineUpdater] INFO  safemode.SCMSafeModeManager (SCMSafeModeManager.java:validateSafeModeExitRules(138)) - AtleastOneDatanodeReportedRule rule is successfully validated
2025-09-27 09:19:44,254 [RatisPipelineUtilsThread-0] INFO  pipeline.BackgroundPipelineCreator (BackgroundPipelineCreator.java:createPipelines(246)) - Created new pipeline Pipeline{ Id: 166034bd-8cb8-4e48-85d0-c5b96a071f98, Nodes: [ {18da7ee6-49f7-45ee-8090-861a49f32d36(localhost/127.0.0.1), ReplicaIndex: 0}, {c792898a-1981-4e29-8158-41294c472b61(localhost/127.0.0.1), ReplicaIndex: 0}, {83932d67-4fdc-4fe4-8fe1-3df6c3f1844a(localhost/127.0.0.1), ReplicaIndex: 0},], ReplicationConfig: RATIS/THREE, State:ALLOCATED, leaderId:, CreationTimestamp2025-09-27T09:19:44.251078617Z[Etc/UTC]}
2025-09-27 09:19:44,255 [RatisPipelineUtilsThread-0] INFO  pipeline.RatisPipelineProvider (RatisPipelineProvider.java:lambda$create$0(208)) - Sending CreatePipelineCommand for pipeline:Pipeline-72238b95-a3bd-4b17-94ed-f78cc9ddb469 to datanode:83932d67-4fdc-4fe4-8fe1-3df6c3f1844a(localhost/127.0.0.1)
2025-09-27 09:19:44,256 [RatisPipelineUtilsThread-0] INFO  pipeline.RatisPipelineProvider (RatisPipelineProvider.java:lambda$create$0(208)) - Sending CreatePipelineCommand for pipeline:Pipeline-72238b95-a3bd-4b17-94ed-f78cc9ddb469 to datanode:18da7ee6-49f7-45ee-8090-861a49f32d36(localhost/127.0.0.1)
2025-09-27 09:19:44,256 [RatisPipelineUtilsThread-0] INFO  pipeline.RatisPipelineProvider (RatisPipelineProvider.java:lambda$create$0(208)) - Sending CreatePipelineCommand for pipeline:Pipeline-72238b95-a3bd-4b17-94ed-f78cc9ddb469 to datanode:c792898a-1981-4e29-8158-41294c472b61(localhost/127.0.0.1)
2025-09-27 09:19:44,259 [07f651f6-8f87-47bb-8f69-34e194401a37@group-1629492F36A3-StateMachineUpdater] INFO  safemode.SCMSafeModeManager (SCMSafeModeManager.java:validateSafeModeExitRules(138)) - DataNodeSafeModeRule rule is successfully validated
2025-09-27 09:19:44,259 [07f651f6-8f87-47bb-8f69-34e194401a37@group-1629492F36A3-StateMachineUpdater] INFO  safemode.SCMSafeModeManager (SCMSafeModeManager.java:validateSafeModeExitRules(138)) - RatisContainerSafeModeRule rule is successfully validated
2025-09-27 09:19:44,259 [07f651f6-8f87-47bb-8f69-34e194401a37@group-1629492F36A3-StateMachineUpdater] INFO  safemode.HealthyPipelineSafeModeRule (HealthyPipelineSafeModeRule.java:initializeRule(228)) - Refreshed total pipeline count is 0, healthy pipeline threshold count is 1
2025-09-27 09:19:44,259 [07f651f6-8f87-47bb-8f69-34e194401a37@group-1629492F36A3-StateMachineUpdater] INFO  safemode.SCMSafeModeManager (SCMSafeModeManager.java:validateSafeModeExitRules(138)) - ECContainerSafeModeRule rule is successfully validated
2025-09-27 09:19:44,259 [07f651f6-8f87-47bb-8f69-34e194401a37@group-1629492F36A3-StateMachineUpdater] INFO  safemode.SCMSafeModeManager (SCMSafeModeManager.java:validateSafeModeExitRules(138)) - AtleastOneDatanodeReportedRule rule is successfully validated
2025-09-27 09:19:44,260 [RatisPipelineUtilsThread-0] INFO  pipeline.PipelineManagerImpl (PipelineManagerImpl.java:recordMetricsForPipeline(922)) - Pipeline-72238b95-a3bd-4b17-94ed-f78cc9ddb469 and Pipeline-166034bd-8cb8-4e48-85d0-c5b96a071f98 have exactly the same set of datanodes: [83932d67-4fdc-4fe4-8fe1-3df6c3f1844a(localhost/127.0.0.1), 18da7ee6-49f7-45ee-8090-861a49f32d36(localhost/127.0.0.1), c792898a-1981-4e29-8158-41294c472b61(localhost/127.0.0.1)]
2025-09-27 09:19:44,260 [RatisPipelineUtilsThread-0] INFO  pipeline.BackgroundPipelineCreator (BackgroundPipelineCreator.java:createPipelines(246)) - Created new pipeline Pipeline{ Id: 72238b95-a3bd-4b17-94ed-f78cc9ddb469, Nodes: [ {83932d67-4fdc-4fe4-8fe1-3df6c3f1844a(localhost/127.0.0.1), ReplicaIndex: 0}, {18da7ee6-49f7-45ee-8090-861a49f32d36(localhost/127.0.0.1), ReplicaIndex: 0}, {c792898a-1981-4e29-8158-41294c472b61(localhost/127.0.0.1), ReplicaIndex: 0},], ReplicationConfig: RATIS/THREE, State:ALLOCATED, leaderId:, CreationTimestamp2025-09-27T09:19:44.255923946Z[Etc/UTC]}
2025-09-27 09:19:44,260 [RatisPipelineUtilsThread-0] INFO  pipeline.RatisPipelineProvider (RatisPipelineProvider.java:lambda$create$0(208)) - Sending CreatePipelineCommand for pipeline:Pipeline-59202f93-fb69-4c18-9e9a-5f01eae184e2 to datanode:c792898a-1981-4e29-8158-41294c472b61(localhost/127.0.0.1)
2025-09-27 09:19:44,260 [RatisPipelineUtilsThread-0] INFO  pipeline.RatisPipelineProvider (RatisPipelineProvider.java:lambda$create$0(208)) - Sending CreatePipelineCommand for pipeline:Pipeline-59202f93-fb69-4c18-9e9a-5f01eae184e2 to datanode:18da7ee6-49f7-45ee-8090-861a49f32d36(localhost/127.0.0.1)
2025-09-27 09:19:44,260 [RatisPipelineUtilsThread-0] INFO  pipeline.RatisPipelineProvider (RatisPipelineProvider.java:lambda$create$0(208)) - Sending CreatePipelineCommand for pipeline:Pipeline-59202f93-fb69-4c18-9e9a-5f01eae184e2 to datanode:83932d67-4fdc-4fe4-8fe1-3df6c3f1844a(localhost/127.0.0.1)
2025-09-27 09:19:44,264 [07f651f6-8f87-47bb-8f69-34e194401a37@group-1629492F36A3-StateMachineUpdater] INFO  safemode.SCMSafeModeManager (SCMSafeModeManager.java:validateSafeModeExitRules(138)) - DataNodeSafeModeRule rule is successfully validated
2025-09-27 09:19:44,264 [07f651f6-8f87-47bb-8f69-34e194401a37@group-1629492F36A3-StateMachineUpdater] INFO  safemode.SCMSafeModeManager (SCMSafeModeManager.java:validateSafeModeExitRules(138)) - RatisContainerSafeModeRule rule is successfully validated
2025-09-27 09:19:44,264 [07f651f6-8f87-47bb-8f69-34e194401a37@group-1629492F36A3-StateMachineUpdater] INFO  safemode.HealthyPipelineSafeModeRule (HealthyPipelineSafeModeRule.java:initializeRule(228)) - Refreshed total pipeline count is 0, healthy pipeline threshold count is 1
2025-09-27 09:19:44,264 [07f651f6-8f87-47bb-8f69-34e194401a37@group-1629492F36A3-StateMachineUpdater] INFO  safemode.SCMSafeModeManager (SCMSafeModeManager.java:validateSafeModeExitRules(138)) - ECContainerSafeModeRule rule is successfully validated
2025-09-27 09:19:44,264 [07f651f6-8f87-47bb-8f69-34e194401a37@group-1629492F36A3-StateMachineUpdater] INFO  safemode.SCMSafeModeManager (SCMSafeModeManager.java:validateSafeModeExitRules(138)) - AtleastOneDatanodeReportedRule rule is successfully validated
2025-09-27 09:19:44,265 [RatisPipelineUtilsThread-0] INFO  pipeline.PipelineManagerImpl (PipelineManagerImpl.java:recordMetricsForPipeline(922)) - Pipeline-59202f93-fb69-4c18-9e9a-5f01eae184e2 and Pipeline-72238b95-a3bd-4b17-94ed-f78cc9ddb469 have exactly the same set of datanodes: [c792898a-1981-4e29-8158-41294c472b61(localhost/127.0.0.1), 18da7ee6-49f7-45ee-8090-861a49f32d36(localhost/127.0.0.1), 83932d67-4fdc-4fe4-8fe1-3df6c3f1844a(localhost/127.0.0.1)]
2025-09-27 09:19:44,265 [RatisPipelineUtilsThread-0] INFO  pipeline.PipelineManagerImpl (PipelineManagerImpl.java:recordMetricsForPipeline(922)) - Pipeline-59202f93-fb69-4c18-9e9a-5f01eae184e2 and Pipeline-166034bd-8cb8-4e48-85d0-c5b96a071f98 have exactly the same set of datanodes: [c792898a-1981-4e29-8158-41294c472b61(localhost/127.0.0.1), 18da7ee6-49f7-45ee-8090-861a49f32d36(localhost/127.0.0.1), 83932d67-4fdc-4fe4-8fe1-3df6c3f1844a(localhost/127.0.0.1)]
2025-09-27 09:19:44,265 [RatisPipelineUtilsThread-0] INFO  pipeline.BackgroundPipelineCreator (BackgroundPipelineCreator.java:createPipelines(246)) - Created new pipeline Pipeline{ Id: 59202f93-fb69-4c18-9e9a-5f01eae184e2, Nodes: [ {c792898a-1981-4e29-8158-41294c472b61(localhost/127.0.0.1), ReplicaIndex: 0}, {18da7ee6-49f7-45ee-8090-861a49f32d36(localhost/127.0.0.1), ReplicaIndex: 0}, {83932d67-4fdc-4fe4-8fe1-3df6c3f1844a(localhost/127.0.0.1), ReplicaIndex: 0},], ReplicationConfig: RATIS/THREE, State:ALLOCATED, leaderId:, CreationTimestamp2025-09-27T09:19:44.260781265Z[Etc/UTC]}
2025-09-27 09:19:44,284 [EventQueue-PipelineReportForOneReplicaPipelineSafeModeRule] INFO  safemode.SCMSafeModeManager (SCMSafeModeManager.java:validateSafeModeExitRules(138)) - AtleastOneDatanodeReportedRule rule is successfully validated
2025-09-27 09:19:44,374 [d3e19d45-0b2b-4921-9b28-39a5e9747ac8-EndpointStateMachineTaskThread-/0.0.0.0:15002-0 ] INFO  utils.DatanodeStoreCache (DatanodeStoreCache.java:addDB(70)) - Added db /home/runner/work/ozone/ozone/hadoop-ozone/integration-test/target/test-dir/MiniOzoneClusterImpl-871b4ddd-f672-4be1-b73a-1629492f36a3/ozone-metadata/datanode-5/data-0/hdds/871b4ddd-f672-4be1-b73a-1629492f36a3/DS-7c5296ac-e05a-4079-84e3-446642ac84cc/container.db to cache
2025-09-27 09:19:44,374 [d3e19d45-0b2b-4921-9b28-39a5e9747ac8-EndpointStateMachineTaskThread-/0.0.0.0:15002-0 ] INFO  volume.HddsVolume (HddsVolume.java:createDbStore(576)) - SchemaV3 db is created and loaded at /home/runner/work/ozone/ozone/hadoop-ozone/integration-test/target/test-dir/MiniOzoneClusterImpl-871b4ddd-f672-4be1-b73a-1629492f36a3/ozone-metadata/datanode-5/data-0/hdds/871b4ddd-f672-4be1-b73a-1629492f36a3/DS-7c5296ac-e05a-4079-84e3-446642ac84cc/container.db for volume DS-7c5296ac-e05a-4079-84e3-446642ac84cc
2025-09-27 09:19:44,377 [d3e19d45-0b2b-4921-9b28-39a5e9747ac8-ContainerReader-0] INFO  ozoneimpl.ContainerReader (ContainerReader.java:readVolume(147)) - Start to verify containers on volume /home/runner/work/ozone/ozone/hadoop-ozone/integration-test/target/test-dir/MiniOzoneClusterImpl-871b4ddd-f672-4be1-b73a-1629492f36a3/ozone-metadata/datanode-5/data-0/hdds
2025-09-27 09:19:44,377 [d3e19d45-0b2b-4921-9b28-39a5e9747ac8-ContainerReader-0] INFO  ozoneimpl.ContainerReader (ContainerReader.java:readVolume(177)) - Finish verifying containers on volume /home/runner/work/ozone/ozone/hadoop-ozone/integration-test/target/test-dir/MiniOzoneClusterImpl-871b4ddd-f672-4be1-b73a-1629492f36a3/ozone-metadata/datanode-5/data-0/hdds
2025-09-27 09:19:44,377 [d3e19d45-0b2b-4921-9b28-39a5e9747ac8-EndpointStateMachineTaskThread-/0.0.0.0:15002-0 ] INFO  ozoneimpl.OzoneContainer (OzoneContainer.java:buildContainerSet(370)) - Build ContainerSet costs 0s
2025-09-27 09:19:44,377 [d3e19d45-0b2b-4921-9b28-39a5e9747ac8-EndpointStateMachineTaskThread-/0.0.0.0:15002-0 ] INFO  volume.ThrottledAsyncChecker (ThrottledAsyncChecker.java:schedule(138)) - Scheduling a check for /home/runner/work/ozone/ozone/hadoop-ozone/integration-test/target/test-dir/MiniOzoneClusterImpl-871b4ddd-f672-4be1-b73a-1629492f36a3/ozone-metadata/datanode-5/data-0/hdds
2025-09-27 09:19:44,377 [d3e19d45-0b2b-4921-9b28-39a5e9747ac8-EndpointStateMachineTaskThread-/0.0.0.0:15002-0 ] INFO  volume.StorageVolumeChecker (StorageVolumeChecker.java:checkAllVolumes(231)) - Scheduled health check for volume /home/runner/work/ozone/ozone/hadoop-ozone/integration-test/target/test-dir/MiniOzoneClusterImpl-871b4ddd-f672-4be1-b73a-1629492f36a3/ozone-metadata/datanode-5/data-0/hdds
2025-09-27 09:19:44,381 [d3e19d45-0b2b-4921-9b28-39a5e9747ac8-EndpointStateMachineTaskThread-/0.0.0.0:15002-0 ] INFO  volume.ThrottledAsyncChecker (ThrottledAsyncChecker.java:schedule(138)) - Scheduling a check for /home/runner/work/ozone/ozone/hadoop-ozone/integration-test/target/test-dir/MiniOzoneClusterImpl-871b4ddd-f672-4be1-b73a-1629492f36a3/ozone-metadata/datanode-5/ratis
2025-09-27 09:19:44,381 [d3e19d45-0b2b-4921-9b28-39a5e9747ac8-EndpointStateMachineTaskThread-/0.0.0.0:15002-0 ] INFO  volume.StorageVolumeChecker (StorageVolumeChecker.java:checkAllVolumes(231)) - Scheduled health check for volume /home/runner/work/ozone/ozone/hadoop-ozone/integration-test/target/test-dir/MiniOzoneClusterImpl-871b4ddd-f672-4be1-b73a-1629492f36a3/ozone-metadata/datanode-5/ratis
2025-09-27 09:19:44,382 [d3e19d45-0b2b-4921-9b28-39a5e9747ac8-EndpointStateMachineTaskThread-/0.0.0.0:15002-0 ] INFO  ozoneimpl.OzoneContainer (OzoneContainer.java:start(525)) - Attempting to start container services.
2025-09-27 09:19:44,382 [ContainerMetadataScanner] INFO  ozoneimpl.AbstractBackgroundContainerScanner (AbstractBackgroundContainerScanner.java:runIteration(89)) - Completed an iteration in 0 minutes. Number of iterations (since the data-node restart) : 1, Number of containers scanned in this iteration : 0, Number of unhealthy containers found in this iteration : 0
2025-09-27 09:19:44,383 [ContainerDataScanner(/home/runner/work/ozone/ozone/hadoop-ozone/integration-test/target/test-dir/MiniOzoneClusterImpl-871b4ddd-f672-4be1-b73a-1629492f36a3/ozone-metadata/datanode-5/data-0/hdds)] INFO  ozoneimpl.AbstractBackgroundContainerScanner (AbstractBackgroundContainerScanner.java:runIteration(89)) - Completed an iteration in 0 minutes. Number of iterations (since the data-node restart) : 1, Number of containers scanned in this iteration : 0, Number of unhealthy containers found in this iteration : 0
2025-09-27 09:19:44,383 [d3e19d45-0b2b-4921-9b28-39a5e9747ac8-EndpointStateMachineTaskThread-/0.0.0.0:15002-0 ] INFO  replication.ReplicationServer (ReplicationServer.java:start(137)) - ReplicationServer is started using port 15049
2025-09-27 09:19:44,384 [d3e19d45-0b2b-4921-9b28-39a5e9747ac8-EndpointStateMachineTaskThread-/0.0.0.0:15002-0 ] INFO  ratis.XceiverServerRatis (XceiverServerRatis.java:start(559)) - Starting XceiverServerRatis(d3e19d45-0b2b-4921-9b28-39a5e9747ac8)
2025-09-27 09:19:44,384 [d3e19d45-0b2b-4921-9b28-39a5e9747ac8-EndpointStateMachineTaskThread-/0.0.0.0:15002-0 ] INFO  server.RaftServer (RaftServerProxy.java:startImpl(412)) - d3e19d45-0b2b-4921-9b28-39a5e9747ac8: start RPC server
2025-09-27 09:19:44,385 [d3e19d45-0b2b-4921-9b28-39a5e9747ac8-EndpointStateMachineTaskThread-/0.0.0.0:15002-0 ] INFO  server.GrpcServicesImpl (GrpcServicesImpl.java:startImpl(346)) - d3e19d45-0b2b-4921-9b28-39a5e9747ac8: GrpcServicesImpl started, listening on 15045
2025-09-27 09:19:44,385 [d3e19d45-0b2b-4921-9b28-39a5e9747ac8-EndpointStateMachineTaskThread-/0.0.0.0:15002-0 ] INFO  server.GrpcServicesImpl (GrpcServicesImpl.java:startImpl(346)) - d3e19d45-0b2b-4921-9b28-39a5e9747ac8: GrpcServicesImpl started, listening on 15047
2025-09-27 09:19:44,386 [d3e19d45-0b2b-4921-9b28-39a5e9747ac8-EndpointStateMachineTaskThread-/0.0.0.0:15002-0 ] INFO  server.GrpcServicesImpl (GrpcServicesImpl.java:startImpl(346)) - d3e19d45-0b2b-4921-9b28-39a5e9747ac8: GrpcServicesImpl started, listening on 15046
2025-09-27 09:19:44,386 [d3e19d45-0b2b-4921-9b28-39a5e9747ac8-EndpointStateMachineTaskThread-/0.0.0.0:15002-0 ] INFO  ratis.XceiverServerRatis (XceiverServerRatis.java:getRealPort(586)) - XceiverServerRatis(d3e19d45-0b2b-4921-9b28-39a5e9747ac8) is started using port RATIS=15045
2025-09-27 09:19:44,386 [d3e19d45-0b2b-4921-9b28-39a5e9747ac8-EndpointStateMachineTaskThread-/0.0.0.0:15002-0 ] INFO  ratis.XceiverServerRatis (XceiverServerRatis.java:getRealPort(586)) - XceiverServerRatis(d3e19d45-0b2b-4921-9b28-39a5e9747ac8) is started using port RATIS_ADMIN=15046
2025-09-27 09:19:44,386 [d3e19d45-0b2b-4921-9b28-39a5e9747ac8-EndpointStateMachineTaskThread-/0.0.0.0:15002-0 ] INFO  ratis.XceiverServerRatis (XceiverServerRatis.java:getRealPort(586)) - XceiverServerRatis(d3e19d45-0b2b-4921-9b28-39a5e9747ac8) is started using port RATIS_SERVER=15047
2025-09-27 09:19:44,386 [d3e19d45-0b2b-4921-9b28-39a5e9747ac8-EndpointStateMachineTaskThread-/0.0.0.0:15002-0 ] INFO  ratis.XceiverServerRatis (XceiverServerRatis.java:getRealPort(586)) - XceiverServerRatis(d3e19d45-0b2b-4921-9b28-39a5e9747ac8) is started using port RATIS_DATASTREAM=15048
2025-09-27 09:19:44,386 [JvmPauseMonitor7] INFO  util.JvmPauseMonitor (JvmPauseMonitor.java:run(146)) - JvmPauseMonitor-d3e19d45-0b2b-4921-9b28-39a5e9747ac8: Started
2025-09-27 09:19:44,387 [d3e19d45-0b2b-4921-9b28-39a5e9747ac8-EndpointStateMachineTaskThread-/0.0.0.0:15002-0 ] INFO  utils.BackgroundService (BackgroundService.java:start(119)) - Starting service BlockDeletingService with interval 60000 milliseconds
2025-09-27 09:19:44,387 [d3e19d45-0b2b-4921-9b28-39a5e9747ac8-EndpointStateMachineTaskThread-/0.0.0.0:15002-0 ] INFO  utils.BackgroundService (BackgroundService.java:start(119)) - Starting service StaleRecoveringContainerScrubbingService with interval 60000 milliseconds
2025-09-27 09:19:44,517 [EventQueue-PipelineReportForOneReplicaPipelineSafeModeRule] INFO  safemode.SCMSafeModeManager (SCMSafeModeManager.java:validateSafeModeExitRules(138)) - AtleastOneDatanodeReportedRule rule is successfully validated
2025-09-27 09:19:44,525 [IPC Server handler 6 on default port 15002] INFO  net.NetworkTopologyImpl (NetworkTopologyImpl.java:add(133)) - Added a new node: /default-rack/25d9f169-1c9e-47c6-a2a2-d20fb3c5fda2
2025-09-27 09:19:44,525 [IPC Server handler 6 on default port 15002] INFO  node.SCMNodeManager (SCMNodeManager.java:register(423)) - Registered datanode: 25d9f169-1c9e-47c6-a2a2-d20fb3c5fda2{ip: 127.0.0.1, host: localhost, ports: [HTTP=15034, CLIENT_RPC=15035, REPLICATION=15041, RATIS=15037, RATIS_ADMIN=15038, RATIS_SERVER=15039, RATIS_DATASTREAM=15040, STANDALONE=15036], networkLocation: /default-rack, certSerialId: null, persistedOpState: null, persistedOpStateExpiryEpochSec: 0}
2025-09-27 09:19:44,525 [EventQueue-PipelineReportForOneReplicaPipelineSafeModeRule] INFO  safemode.SCMSafeModeManager (SCMSafeModeManager.java:validateSafeModeExitRules(138)) - AtleastOneDatanodeReportedRule rule is successfully validated
2025-09-27 09:19:44,525 [EventQueue-ContainerRegistrationReportForRatisContainerSafeModeRule] INFO  safemode.SCMSafeModeManager (SCMSafeModeManager.java:validateSafeModeExitRules(138)) - RatisContainerSafeModeRule rule is successfully validated
2025-09-27 09:19:44,525 [EventQueue-ContainerRegistrationReportForECContainerSafeModeRule] INFO  safemode.SCMSafeModeManager (SCMSafeModeManager.java:validateSafeModeExitRules(138)) - ECContainerSafeModeRule rule is successfully validated
2025-09-27 09:19:44,526 [EventQueue-NewNodeForNewNodeHandler] INFO  pipeline.BackgroundPipelineCreator (BackgroundPipelineCreator.java:notifyEventTriggered(290)) - trigger a one-shot run on RatisPipelineUtilsThread.
2025-09-27 09:19:44,526 [EventQueue-NodeRegistrationContainerReportForDataNodeSafeModeRule] INFO  safemode.SCMSafeModeManager (SCMSafeModeManager.java:validateSafeModeExitRules(138)) - DataNodeSafeModeRule rule is successfully validated
2025-09-27 09:19:44,527 [RatisPipelineUtilsThread-0] INFO  pipeline.RatisPipelineProvider (RatisPipelineProvider.java:lambda$create$0(208)) - Sending CreatePipelineCommand for pipeline:Pipeline-28bb5338-7828-4c83-b5fb-f536dcc524f8 to datanode:25d9f169-1c9e-47c6-a2a2-d20fb3c5fda2(localhost/127.0.0.1)
2025-09-27 09:19:44,530 [07f651f6-8f87-47bb-8f69-34e194401a37@group-1629492F36A3-StateMachineUpdater] INFO  safemode.SCMSafeModeManager (SCMSafeModeManager.java:validateSafeModeExitRules(138)) - DataNodeSafeModeRule rule is successfully validated
2025-09-27 09:19:44,530 [07f651f6-8f87-47bb-8f69-34e194401a37@group-1629492F36A3-StateMachineUpdater] INFO  safemode.SCMSafeModeManager (SCMSafeModeManager.java:validateSafeModeExitRules(138)) - RatisContainerSafeModeRule rule is successfully validated
2025-09-27 09:19:44,530 [07f651f6-8f87-47bb-8f69-34e194401a37@group-1629492F36A3-StateMachineUpdater] INFO  safemode.HealthyPipelineSafeModeRule (HealthyPipelineSafeModeRule.java:initializeRule(228)) - Refreshed total pipeline count is 0, healthy pipeline threshold count is 1
2025-09-27 09:19:44,530 [07f651f6-8f87-47bb-8f69-34e194401a37@group-1629492F36A3-StateMachineUpdater] INFO  safemode.SCMSafeModeManager (SCMSafeModeManager.java:validateSafeModeExitRules(138)) - ECContainerSafeModeRule rule is successfully validated
2025-09-27 09:19:44,530 [07f651f6-8f87-47bb-8f69-34e194401a37@group-1629492F36A3-StateMachineUpdater] INFO  safemode.SCMSafeModeManager (SCMSafeModeManager.java:validateSafeModeExitRules(138)) - AtleastOneDatanodeReportedRule rule is successfully validated
2025-09-27 09:19:44,530 [RatisPipelineUtilsThread-0] INFO  pipeline.BackgroundPipelineCreator (BackgroundPipelineCreator.java:createPipelines(246)) - Created new pipeline Pipeline{ Id: 28bb5338-7828-4c83-b5fb-f536dcc524f8, Nodes: [ {25d9f169-1c9e-47c6-a2a2-d20fb3c5fda2(localhost/127.0.0.1), ReplicaIndex: 0},], ReplicationConfig: RATIS/ONE, State:ALLOCATED, leaderId:, CreationTimestamp2025-09-27T09:19:44.527467480Z[Etc/UTC]}
2025-09-27 09:19:44,743 [EventQueue-PipelineReportForOneReplicaPipelineSafeModeRule] INFO  safemode.SCMSafeModeManager (SCMSafeModeManager.java:validateSafeModeExitRules(138)) - AtleastOneDatanodeReportedRule rule is successfully validated
2025-09-27 09:19:44,842 [ForkJoinPool-1-worker-1] INFO  ozone.MiniOzoneClusterImpl (MiniOzoneClusterImpl.java:lambda$waitForClusterToBeReady$0(181)) - Waiting for nodes to be ready. Got 4 of 5 DN Heartbeats.
2025-09-27 09:19:44,842 [ForkJoinPool-1-worker-1] INFO  ozone.MiniOzoneClusterImpl (MiniOzoneClusterImpl.java:lambda$waitForClusterToBeReady$0(184)) - Waiting for cluster to exit safe mode
2025-09-27 09:19:44,842 [ForkJoinPool-1-worker-1] INFO  ozone.MiniOzoneClusterImpl (MiniOzoneClusterImpl.java:lambda$waitForClusterToBeReady$0(186)) - SCM became leader
2025-09-27 09:19:44,846 [IPC Server handler 4 on default port 15002] INFO  net.NetworkTopologyImpl (NetworkTopologyImpl.java:add(133)) - Added a new node: /default-rack/d3e19d45-0b2b-4921-9b28-39a5e9747ac8
2025-09-27 09:19:44,846 [IPC Server handler 4 on default port 15002] INFO  node.SCMNodeManager (SCMNodeManager.java:register(423)) - Registered datanode: d3e19d45-0b2b-4921-9b28-39a5e9747ac8{ip: 127.0.0.1, host: localhost, ports: [HTTP=15042, CLIENT_RPC=15043, REPLICATION=15049, RATIS=15045, RATIS_ADMIN=15046, RATIS_SERVER=15047, RATIS_DATASTREAM=15048, STANDALONE=15044], networkLocation: /default-rack, certSerialId: null, persistedOpState: null, persistedOpStateExpiryEpochSec: 0}
2025-09-27 09:19:44,846 [EventQueue-NodeRegistrationContainerReportForDataNodeSafeModeRule] INFO  safemode.SCMSafeModeManager (SCMSafeModeManager.java:validateSafeModeExitRules(138)) - DataNodeSafeModeRule rule is successfully validated
2025-09-27 09:19:44,846 [EventQueue-PipelineReportForOneReplicaPipelineSafeModeRule] INFO  safemode.SCMSafeModeManager (SCMSafeModeManager.java:validateSafeModeExitRules(138)) - AtleastOneDatanodeReportedRule rule is successfully validated
2025-09-27 09:19:44,846 [EventQueue-NewNodeForNewNodeHandler] INFO  pipeline.BackgroundPipelineCreator (BackgroundPipelineCreator.java:notifyEventTriggered(290)) - trigger a one-shot run on RatisPipelineUtilsThread.
2025-09-27 09:19:44,847 [EventQueue-ContainerRegistrationReportForRatisContainerSafeModeRule] INFO  safemode.SCMSafeModeManager (SCMSafeModeManager.java:validateSafeModeExitRules(138)) - RatisContainerSafeModeRule rule is successfully validated
2025-09-27 09:19:44,847 [EventQueue-ContainerRegistrationReportForECContainerSafeModeRule] INFO  safemode.SCMSafeModeManager (SCMSafeModeManager.java:validateSafeModeExitRules(138)) - ECContainerSafeModeRule rule is successfully validated
2025-09-27 09:19:44,847 [RatisPipelineUtilsThread-0] INFO  pipeline.RatisPipelineProvider (RatisPipelineProvider.java:lambda$create$0(208)) - Sending CreatePipelineCommand for pipeline:Pipeline-92a64d2e-52fa-43d6-8844-3551b3bb1e56 to datanode:d3e19d45-0b2b-4921-9b28-39a5e9747ac8(localhost/127.0.0.1)
2025-09-27 09:19:44,850 [07f651f6-8f87-47bb-8f69-34e194401a37@group-1629492F36A3-StateMachineUpdater] INFO  safemode.SCMSafeModeManager (SCMSafeModeManager.java:validateSafeModeExitRules(138)) - DataNodeSafeModeRule rule is successfully validated
2025-09-27 09:19:44,850 [07f651f6-8f87-47bb-8f69-34e194401a37@group-1629492F36A3-StateMachineUpdater] INFO  safemode.SCMSafeModeManager (SCMSafeModeManager.java:validateSafeModeExitRules(138)) - RatisContainerSafeModeRule rule is successfully validated
2025-09-27 09:19:44,850 [07f651f6-8f87-47bb-8f69-34e194401a37@group-1629492F36A3-StateMachineUpdater] INFO  safemode.HealthyPipelineSafeModeRule (HealthyPipelineSafeModeRule.java:initializeRule(228)) - Refreshed total pipeline count is 0, healthy pipeline threshold count is 1
2025-09-27 09:19:44,850 [07f651f6-8f87-47bb-8f69-34e194401a37@group-1629492F36A3-StateMachineUpdater] INFO  safemode.SCMSafeModeManager (SCMSafeModeManager.java:validateSafeModeExitRules(138)) - ECContainerSafeModeRule rule is successfully validated
2025-09-27 09:19:44,850 [07f651f6-8f87-47bb-8f69-34e194401a37@group-1629492F36A3-StateMachineUpdater] INFO  safemode.SCMSafeModeManager (SCMSafeModeManager.java:validateSafeModeExitRules(138)) - AtleastOneDatanodeReportedRule rule is successfully validated
2025-09-27 09:19:44,850 [RatisPipelineUtilsThread-0] INFO  pipeline.BackgroundPipelineCreator (BackgroundPipelineCreator.java:createPipelines(246)) - Created new pipeline Pipeline{ Id: 92a64d2e-52fa-43d6-8844-3551b3bb1e56, Nodes: [ {d3e19d45-0b2b-4921-9b28-39a5e9747ac8(localhost/127.0.0.1), ReplicaIndex: 0},], ReplicationConfig: RATIS/ONE, State:ALLOCATED, leaderId:, CreationTimestamp2025-09-27T09:19:44.847674670Z[Etc/UTC]}
2025-09-27 09:19:45,268 [EventQueue-PipelineReportForOneReplicaPipelineSafeModeRule] INFO  safemode.SCMSafeModeManager (SCMSafeModeManager.java:validateSafeModeExitRules(138)) - AtleastOneDatanodeReportedRule rule is successfully validated
2025-09-27 09:19:45,346 [EventQueue-PipelineReportForOneReplicaPipelineSafeModeRule] INFO  safemode.SCMSafeModeManager (SCMSafeModeManager.java:validateSafeModeExitRules(138)) - AtleastOneDatanodeReportedRule rule is successfully validated
2025-09-27 09:19:45,742 [EventQueue-PipelineReportForOneReplicaPipelineSafeModeRule] INFO  safemode.SCMSafeModeManager (SCMSafeModeManager.java:validateSafeModeExitRules(138)) - AtleastOneDatanodeReportedRule rule is successfully validated
2025-09-27 09:19:45,842 [ForkJoinPool-1-worker-1] INFO  ozone.MiniOzoneClusterImpl (MiniOzoneClusterImpl.java:lambda$waitForClusterToBeReady$0(181)) - Nodes are ready. Got 5 of 5 DN Heartbeats.
2025-09-27 09:19:45,842 [ForkJoinPool-1-worker-1] INFO  ozone.MiniOzoneClusterImpl (MiniOzoneClusterImpl.java:lambda$waitForClusterToBeReady$0(184)) - Waiting for cluster to exit safe mode
2025-09-27 09:19:45,842 [ForkJoinPool-1-worker-1] INFO  ozone.MiniOzoneClusterImpl (MiniOzoneClusterImpl.java:lambda$waitForClusterToBeReady$0(186)) - SCM became leader
2025-09-27 09:19:46,025 [EventQueue-PipelineReportForOneReplicaPipelineSafeModeRule] INFO  safemode.SCMSafeModeManager (SCMSafeModeManager.java:validateSafeModeExitRules(138)) - AtleastOneDatanodeReportedRule rule is successfully validated
2025-09-27 09:19:46,268 [EventQueue-PipelineReportForOneReplicaPipelineSafeModeRule] INFO  safemode.SCMSafeModeManager (SCMSafeModeManager.java:validateSafeModeExitRules(138)) - AtleastOneDatanodeReportedRule rule is successfully validated
2025-09-27 09:19:46,286 [c792898a-1981-4e29-8158-41294c472b61-CreatePipelineCommandHandlerThread-0] INFO  server.RaftServer (RaftServerProxy.java:addNew(105)) - c792898a-1981-4e29-8158-41294c472b61: addNew group-A7A68F768D7F:[c792898a-1981-4e29-8158-41294c472b61|127.0.0.1:15015] returns group-A7A68F768D7F:java.util.concurrent.CompletableFuture@6128c704[Not completed]
2025-09-27 09:19:46,291 [c792898a-1981-4e29-8158-41294c472b61-groupManagement] INFO  server.RaftServer$Division (RaftServerImpl.java:<init>(268)) - c792898a-1981-4e29-8158-41294c472b61: new RaftServerImpl for group-A7A68F768D7F:[c792898a-1981-4e29-8158-41294c472b61|127.0.0.1:15015] with ContainerStateMachine:uninitialized
2025-09-27 09:19:46,292 [c792898a-1981-4e29-8158-41294c472b61-groupManagement] INFO  server.RaftServerConfigKeys (ConfUtils.java:logGet(62)) - raft.server.rpc.timeout.min = 5s (custom)
2025-09-27 09:19:46,292 [c792898a-1981-4e29-8158-41294c472b61-groupManagement] INFO  server.RaftServerConfigKeys (ConfUtils.java:logGet(62)) - raft.server.rpc.timeout.max = 5200ms (custom)
2025-09-27 09:19:46,292 [c792898a-1981-4e29-8158-41294c472b61-groupManagement] INFO  server.RaftServerConfigKeys (ConfUtils.java:logGet(62)) - raft.server.rpc.slowness.timeout = 300s (custom)
2025-09-27 09:19:46,292 [c792898a-1981-4e29-8158-41294c472b61-groupManagement] INFO  server.RaftServer$Division (ServerState.java:<init>(114)) - c792898a-1981-4e29-8158-41294c472b61@group-A7A68F768D7F: ConfigurationManager, init=conf: {index: -1, cur=peers:[c792898a-1981-4e29-8158-41294c472b61|127.0.0.1:15015]|listeners:[], old=null}, confs=<EMPTY_MAP>
2025-09-27 09:19:46,292 [c792898a-1981-4e29-8158-41294c472b61-groupManagement] INFO  server.RaftServerConfigKeys (ConfUtils.java:logGet(62)) - raft.server.notification.no-leader.timeout = 300s (custom)
2025-09-27 09:19:46,292 [c792898a-1981-4e29-8158-41294c472b61-groupManagement] INFO  server.RaftServerConfigKeys (ConfUtils.java:logGet(62)) - raft.server.retrycache.expirytime = 600000ms (custom)
2025-09-27 09:19:46,299 [c792898a-1981-4e29-8158-41294c472b61-groupManagement] INFO  server.RaftServerConfigKeys (ConfUtils.java:logGet(62)) - raft.server.storage.dir = [/home/runner/work/ozone/ozone/hadoop-ozone/integration-test/target/test-dir/MiniOzoneClusterImpl-871b4ddd-f672-4be1-b73a-1629492f36a3/ozone-metadata/datanode-1/ratis] (custom)
2025-09-27 09:19:46,299 [c792898a-1981-4e29-8158-41294c472b61-groupManagement] INFO  storage.RaftStorageDirectory (RaftStorageDirectoryImpl.java:analyzeStorage(138)) - The storage directory /home/runner/work/ozone/ozone/hadoop-ozone/integration-test/target/test-dir/MiniOzoneClusterImpl-871b4ddd-f672-4be1-b73a-1629492f36a3/ozone-metadata/datanode-1/ratis/90af7168-9b80-4e23-8c64-a7a68f768d7f does not exist. Creating ...
2025-09-27 09:19:46,300 [c792898a-1981-4e29-8158-41294c472b61-groupManagement] INFO  storage.RaftStorageDirectory (RaftStorageDirectoryImpl.java:tryLock(229)) - Lock on /home/runner/work/ozone/ozone/hadoop-ozone/integration-test/target/test-dir/MiniOzoneClusterImpl-871b4ddd-f672-4be1-b73a-1629492f36a3/ozone-metadata/datanode-1/ratis/90af7168-9b80-4e23-8c64-a7a68f768d7f/in_use.lock acquired by nodename 126253@localhost
2025-09-27 09:19:46,302 [c792898a-1981-4e29-8158-41294c472b61-groupManagement] INFO  storage.RaftStorage (RaftStorageImpl.java:format(98)) - Storage directory /home/runner/work/ozone/ozone/hadoop-ozone/integration-test/target/test-dir/MiniOzoneClusterImpl-871b4ddd-f672-4be1-b73a-1629492f36a3/ozone-metadata/datanode-1/ratis/90af7168-9b80-4e23-8c64-a7a68f768d7f has been successfully formatted.
2025-09-27 09:19:46,303 [c792898a-1981-4e29-8158-41294c472b61-groupManagement] INFO  ratis.ContainerStateMachine (ContainerStateMachine.java:initialize(339)) - c792898a-1981-4e29-8158-41294c472b61: initialize group-A7A68F768D7F
2025-09-27 09:19:46,303 [c792898a-1981-4e29-8158-41294c472b61-groupManagement] INFO  ratis.ContainerStateMachine (ContainerStateMachine.java:loadSnapshot(347)) - group-A7A68F768D7F: The snapshot info is null. Setting the last applied index to:<INITIAL_VALUE>
2025-09-27 09:19:46,303 [c792898a-1981-4e29-8158-41294c472b61-groupManagement] INFO  server.RaftServerConfigKeys (ConfUtils.java:logGet(62)) - raft.server.log.appender.buffer.byte-limit = 33554432 (custom)
2025-09-27 09:19:46,305 [EventQueue-PipelineReportForOneReplicaPipelineSafeModeRule] INFO  safemode.SCMSafeModeManager (SCMSafeModeManager.java:validateSafeModeExitRules(138)) - AtleastOneDatanodeReportedRule rule is successfully validated
2025-09-27 09:19:46,307 [c792898a-1981-4e29-8158-41294c472b61-groupManagement] INFO  server.RaftServerConfigKeys (ConfUtils.java:logGet(62)) - raft.server.log.segment.size.max = 67108864 (custom)
2025-09-27 09:19:46,307 [c792898a-1981-4e29-8158-41294c472b61-groupManagement] INFO  server.RaftServerConfigKeys (ConfUtils.java:logGet(62)) - raft.server.log.appender.buffer.byte-limit = 33554432 (custom)
2025-09-27 09:19:46,308 [c792898a-1981-4e29-8158-41294c472b61-groupManagement] INFO  util.AwaitToRun (AwaitToRun.java:start(81)) - Thread[#853,c792898a-1981-4e29-8158-41294c472b61@group-A7A68F768D7F-cacheEviction-AwaitToRun,5,main] started
2025-09-27 09:19:46,308 [c792898a-1981-4e29-8158-41294c472b61-groupManagement] INFO  segmented.SegmentedRaftLogWorker (SegmentedRaftLogWorker.java:<init>(190)) - new c792898a-1981-4e29-8158-41294c472b61@group-A7A68F768D7F-SegmentedRaftLogWorker for RaftStorageImpl:Storage Directory /home/runner/work/ozone/ozone/hadoop-ozone/integration-test/target/test-dir/MiniOzoneClusterImpl-871b4ddd-f672-4be1-b73a-1629492f36a3/ozone-metadata/datanode-1/ratis/90af7168-9b80-4e23-8c64-a7a68f768d7f
2025-09-27 09:19:46,308 [c792898a-1981-4e29-8158-41294c472b61-groupManagement] INFO  server.RaftServerConfigKeys (ConfUtils.java:logGet(62)) - raft.server.log.queue.byte-limit = 4294967296 (custom)
2025-09-27 09:19:46,308 [c792898a-1981-4e29-8158-41294c472b61-groupManagement] INFO  server.RaftServerConfigKeys (ConfUtils.java:logGet(62)) - raft.server.log.queue.element-limit = 1024 (custom)
2025-09-27 09:19:46,308 [c792898a-1981-4e29-8158-41294c472b61-groupManagement] INFO  server.RaftServerConfigKeys (ConfUtils.java:logGet(62)) - raft.server.log.segment.size.max = 67108864 (custom)
2025-09-27 09:19:46,308 [c792898a-1981-4e29-8158-41294c472b61-groupManagement] INFO  server.RaftServerConfigKeys (ConfUtils.java:logGet(62)) - raft.server.log.preallocated.size = 4194304 (custom)
2025-09-27 09:19:46,308 [c792898a-1981-4e29-8158-41294c472b61-groupManagement] INFO  server.RaftServerConfigKeys (ConfUtils.java:logGet(62)) - raft.server.log.statemachine.data.sync.timeout.retry = 30 (custom)
2025-09-27 09:19:46,309 [c792898a-1981-4e29-8158-41294c472b61-groupManagement] INFO  server.RaftServerConfigKeys (ConfUtils.java:logGet(62)) - raft.server.log.write.buffer.size = 33554440 (custom)
2025-09-27 09:19:46,312 [07f651f6-8f87-47bb-8f69-34e194401a37@group-1629492F36A3-StateMachineUpdater] INFO  safemode.SCMSafeModeManager (SCMSafeModeManager.java:validateSafeModeExitRules(138)) - DataNodeSafeModeRule rule is successfully validated
2025-09-27 09:19:46,312 [07f651f6-8f87-47bb-8f69-34e194401a37@group-1629492F36A3-StateMachineUpdater] INFO  safemode.SCMSafeModeManager (SCMSafeModeManager.java:validateSafeModeExitRules(138)) - RatisContainerSafeModeRule rule is successfully validated
2025-09-27 09:19:46,312 [07f651f6-8f87-47bb-8f69-34e194401a37@group-1629492F36A3-StateMachineUpdater] INFO  safemode.HealthyPipelineSafeModeRule (HealthyPipelineSafeModeRule.java:initializeRule(228)) - Refreshed total pipeline count is 0, healthy pipeline threshold count is 1
2025-09-27 09:19:46,313 [07f651f6-8f87-47bb-8f69-34e194401a37@group-1629492F36A3-StateMachineUpdater] INFO  safemode.SCMSafeModeManager (SCMSafeModeManager.java:validateSafeModeExitRules(138)) - ECContainerSafeModeRule rule is successfully validated
2025-09-27 09:19:46,313 [07f651f6-8f87-47bb-8f69-34e194401a37@group-1629492F36A3-StateMachineUpdater] INFO  safemode.SCMSafeModeManager (SCMSafeModeManager.java:validateSafeModeExitRules(138)) - AtleastOneDatanodeReportedRule rule is successfully validated
2025-09-27 09:19:46,314 [EventQueue-PipelineReportForPipelineReportHandler] INFO  pipeline.PipelineReportHandler (PipelineReportHandler.java:processPipelineReport(132)) - Opened pipeline Pipeline-90af7168-9b80-4e23-8c64-a7a68f768d7f
2025-09-27 09:19:46,315 [c792898a-1981-4e29-8158-41294c472b61-groupManagement] INFO  server.RaftServerConfigKeys (ConfUtils.java:logGet(62)) - raft.server.log.appender.buffer.byte-limit = 33554432 (custom)
2025-09-27 09:19:46,315 [c792898a-1981-4e29-8158-41294c472b61-groupManagement] INFO  server.RaftServerConfigKeys (ConfUtils.java:logGet(62)) - raft.server.log.statemachine.data.caching.enabled = true (custom)
2025-09-27 09:19:46,316 [c792898a-1981-4e29-8158-41294c472b61-groupManagement] INFO  segmented.SegmentedRaftLogWorker (SegmentedRaftLogWorker.java:lambda$new$0(141)) - c792898a-1981-4e29-8158-41294c472b61@group-A7A68F768D7F-SegmentedRaftLogWorker: flushIndex: setUnconditionally 0 -> -1
2025-09-27 09:19:46,316 [c792898a-1981-4e29-8158-41294c472b61-groupManagement] INFO  segmented.SegmentedRaftLogWorker (SegmentedRaftLogWorker.java:lambda$new$0(141)) - c792898a-1981-4e29-8158-41294c472b61@group-A7A68F768D7F-SegmentedRaftLogWorker: safeCacheEvictIndex: setUnconditionally 0 -> -1
2025-09-27 09:19:46,316 [c792898a-1981-4e29-8158-41294c472b61-groupManagement] INFO  server.RaftServer$Division (RaftServerImpl.java:start(405)) - c792898a-1981-4e29-8158-41294c472b61@group-A7A68F768D7F: start as a follower, conf=conf: {index: -1, cur=peers:[c792898a-1981-4e29-8158-41294c472b61|127.0.0.1:15015]|listeners:[], old=null}
2025-09-27 09:19:46,316 [c792898a-1981-4e29-8158-41294c472b61-groupManagement] INFO  server.RaftServer$Division (RaftServerImpl.java:setRole(392)) - c792898a-1981-4e29-8158-41294c472b61@group-A7A68F768D7F: changes role from      null to FOLLOWER at term 0 for startAsFollower
2025-09-27 09:19:46,316 [c792898a-1981-4e29-8158-41294c472b61-groupManagement] INFO  impl.RoleInfo (RoleInfo.java:updateAndGet(148)) - c792898a-1981-4e29-8158-41294c472b61: start c792898a-1981-4e29-8158-41294c472b61@group-A7A68F768D7F-FollowerState
2025-09-27 09:19:46,316 [c792898a-1981-4e29-8158-41294c472b61-groupManagement] INFO  util.JmxRegister (JmxRegister.java:tryRegister(44)) - Successfully registered JMX Bean with object name Ratis:service=RaftServer,group=group-A7A68F768D7F,id=c792898a-1981-4e29-8158-41294c472b61
2025-09-27 09:19:46,316 [c792898a-1981-4e29-8158-41294c472b61-groupManagement] INFO  util.JmxRegister (JmxRegister.java:register(58)) - register mxBean class org.apache.ratis.server.impl.RaftServerJmxAdapter as Ratis:service=RaftServer,group=group-A7A68F768D7F,id=c792898a-1981-4e29-8158-41294c472b61
2025-09-27 09:19:46,317 [c792898a-1981-4e29-8158-41294c472b61-groupManagement] INFO  server.RaftServerConfigKeys (ConfUtils.java:logGet(62)) - raft.server.snapshot.auto.trigger.threshold = 100000 (custom)
2025-09-27 09:19:46,317 [c792898a-1981-4e29-8158-41294c472b61-groupManagement] INFO  server.RaftServerConfigKeys (ConfUtils.java:logGet(62)) - raft.server.snapshot.retention.file.num = 5 (custom)
2025-09-27 09:19:46,317 [c792898a-1981-4e29-8158-41294c472b61-groupManagement] INFO  server.RaftServerConfigKeys (ConfUtils.java:logGet(62)) - raft.server.log.purge.upto.snapshot.index = false (default)
2025-09-27 09:19:46,318 [c792898a-1981-4e29-8158-41294c472b61-groupManagement] INFO  server.RaftServer$Division (RaftServerImpl.java:start(419)) - c792898a-1981-4e29-8158-41294c472b61@group-A7A68F768D7F: Successfully started.
2025-09-27 09:19:46,319 [c792898a-1981-4e29-8158-41294c472b61-CreatePipelineCommandHandlerThread-0] INFO  ratis.XceiverServerRatis (XceiverServerRatis.java:addGroup(839)) - Created group Pipeline-90af7168-9b80-4e23-8c64-a7a68f768d7f
2025-09-27 09:19:46,319 [c792898a-1981-4e29-8158-41294c472b61-CreatePipelineCommandHandlerThread-0] INFO  commandhandler.CreatePipelineCommandHandler (CreatePipelineCommandHandler.java:lambda$handle$2(141)) - Created Pipeline RATIS ONE Pipeline-90af7168-9b80-4e23-8c64-a7a68f768d7f.
2025-09-27 09:19:46,320 [c792898a-1981-4e29-8158-41294c472b61-CreatePipelineCommandHandlerThread-0] INFO  server.RaftServer (RaftServerProxy.java:addNew(105)) - c792898a-1981-4e29-8158-41294c472b61: addNew group-C5B96A071F98:[83932d67-4fdc-4fe4-8fe1-3df6c3f1844a|127.0.0.1:15023, 18da7ee6-49f7-45ee-8090-861a49f32d36|127.0.0.1:15031, c792898a-1981-4e29-8158-41294c472b61|127.0.0.1:15015] returns group-C5B96A071F98:java.util.concurrent.CompletableFuture@53ff9776[Not completed]
2025-09-27 09:19:46,322 [c792898a-1981-4e29-8158-41294c472b61-groupManagement] INFO  server.RaftServer$Division (RaftServerImpl.java:<init>(268)) - c792898a-1981-4e29-8158-41294c472b61: new RaftServerImpl for group-C5B96A071F98:[83932d67-4fdc-4fe4-8fe1-3df6c3f1844a|127.0.0.1:15023, 18da7ee6-49f7-45ee-8090-861a49f32d36|127.0.0.1:15031, c792898a-1981-4e29-8158-41294c472b61|127.0.0.1:15015] with ContainerStateMachine:uninitialized
2025-09-27 09:19:46,322 [c792898a-1981-4e29-8158-41294c472b61-groupManagement] INFO  server.RaftServer$Division (ServerState.java:<init>(114)) - c792898a-1981-4e29-8158-41294c472b61@group-C5B96A071F98: ConfigurationManager, init=conf: {index: -1, cur=peers:[83932d67-4fdc-4fe4-8fe1-3df6c3f1844a|127.0.0.1:15023, 18da7ee6-49f7-45ee-8090-861a49f32d36|127.0.0.1:15031, c792898a-1981-4e29-8158-41294c472b61|127.0.0.1:15015]|listeners:[], old=null}, confs=<EMPTY_MAP>
2025-09-27 09:19:46,337 [c792898a-1981-4e29-8158-41294c472b61-groupManagement] INFO  storage.RaftStorageDirectory (RaftStorageDirectoryImpl.java:analyzeStorage(138)) - The storage directory /home/runner/work/ozone/ozone/hadoop-ozone/integration-test/target/test-dir/MiniOzoneClusterImpl-871b4ddd-f672-4be1-b73a-1629492f36a3/ozone-metadata/datanode-1/ratis/166034bd-8cb8-4e48-85d0-c5b96a071f98 does not exist. Creating ...
2025-09-27 09:19:46,339 [c792898a-1981-4e29-8158-41294c472b61-groupManagement] INFO  storage.RaftStorageDirectory (RaftStorageDirectoryImpl.java:tryLock(229)) - Lock on /home/runner/work/ozone/ozone/hadoop-ozone/integration-test/target/test-dir/MiniOzoneClusterImpl-871b4ddd-f672-4be1-b73a-1629492f36a3/ozone-metadata/datanode-1/ratis/166034bd-8cb8-4e48-85d0-c5b96a071f98/in_use.lock acquired by nodename 126253@localhost
2025-09-27 09:19:46,340 [c792898a-1981-4e29-8158-41294c472b61-groupManagement] INFO  storage.RaftStorage (RaftStorageImpl.java:format(98)) - Storage directory /home/runner/work/ozone/ozone/hadoop-ozone/integration-test/target/test-dir/MiniOzoneClusterImpl-871b4ddd-f672-4be1-b73a-1629492f36a3/ozone-metadata/datanode-1/ratis/166034bd-8cb8-4e48-85d0-c5b96a071f98 has been successfully formatted.
2025-09-27 09:19:46,340 [c792898a-1981-4e29-8158-41294c472b61-groupManagement] INFO  ratis.ContainerStateMachine (ContainerStateMachine.java:initialize(339)) - c792898a-1981-4e29-8158-41294c472b61: initialize group-C5B96A071F98
2025-09-27 09:19:46,341 [c792898a-1981-4e29-8158-41294c472b61-groupManagement] INFO  ratis.ContainerStateMachine (ContainerStateMachine.java:loadSnapshot(347)) - group-C5B96A071F98: The snapshot info is null. Setting the last applied index to:<INITIAL_VALUE>
2025-09-27 09:19:46,341 [c792898a-1981-4e29-8158-41294c472b61-groupManagement] INFO  server.RaftServerConfigKeys (ConfUtils.java:logGet(62)) - raft.server.log.appender.buffer.byte-limit = 33554432 (custom)
2025-09-27 09:19:46,343 [EventQueue-PipelineReportForOneReplicaPipelineSafeModeRule] INFO  safemode.SCMSafeModeManager (SCMSafeModeManager.java:validateSafeModeExitRules(138)) - AtleastOneDatanodeReportedRule rule is successfully validated
2025-09-27 09:19:46,344 [c792898a-1981-4e29-8158-41294c472b61-groupManagement] INFO  server.RaftServerConfigKeys (ConfUtils.java:logGet(62)) - raft.server.log.segment.size.max = 67108864 (custom)
2025-09-27 09:19:46,344 [c792898a-1981-4e29-8158-41294c472b61-groupManagement] INFO  server.RaftServerConfigKeys (ConfUtils.java:logGet(62)) - raft.server.log.appender.buffer.byte-limit = 33554432 (custom)
2025-09-27 09:19:46,345 [c792898a-1981-4e29-8158-41294c472b61-groupManagement] INFO  util.AwaitToRun (AwaitToRun.java:start(81)) - Thread[#859,c792898a-1981-4e29-8158-41294c472b61@group-C5B96A071F98-cacheEviction-AwaitToRun,5,main] started
2025-09-27 09:19:46,345 [c792898a-1981-4e29-8158-41294c472b61-groupManagement] INFO  segmented.SegmentedRaftLogWorker (SegmentedRaftLogWorker.java:<init>(190)) - new c792898a-1981-4e29-8158-41294c472b61@group-C5B96A071F98-SegmentedRaftLogWorker for RaftStorageImpl:Storage Directory /home/runner/work/ozone/ozone/hadoop-ozone/integration-test/target/test-dir/MiniOzoneClusterImpl-871b4ddd-f672-4be1-b73a-1629492f36a3/ozone-metadata/datanode-1/ratis/166034bd-8cb8-4e48-85d0-c5b96a071f98
2025-09-27 09:19:46,345 [c792898a-1981-4e29-8158-41294c472b61-groupManagement] INFO  server.RaftServerConfigKeys (ConfUtils.java:logGet(62)) - raft.server.log.queue.byte-limit = 4294967296 (custom)
2025-09-27 09:19:46,345 [c792898a-1981-4e29-8158-41294c472b61-groupManagement] INFO  server.RaftServerConfigKeys (ConfUtils.java:logGet(62)) - raft.server.log.segment.size.max = 67108864 (custom)
2025-09-27 09:19:46,345 [c792898a-1981-4e29-8158-41294c472b61-groupManagement] INFO  server.RaftServerConfigKeys (ConfUtils.java:logGet(62)) - raft.server.log.preallocated.size = 4194304 (custom)
2025-09-27 09:19:46,346 [c792898a-1981-4e29-8158-41294c472b61-groupManagement] INFO  server.RaftServerConfigKeys (ConfUtils.java:logGet(62)) - raft.server.log.write.buffer.size = 33554440 (custom)
2025-09-27 09:19:46,347 [d3e19d45-0b2b-4921-9b28-39a5e9747ac8-CreatePipelineCommandHandlerThread-0] INFO  server.RaftServer (RaftServerProxy.java:addNew(105)) - d3e19d45-0b2b-4921-9b28-39a5e9747ac8: addNew group-3551B3BB1E56:[d3e19d45-0b2b-4921-9b28-39a5e9747ac8|127.0.0.1:15047] returns group-3551B3BB1E56:java.util.concurrent.CompletableFuture@b8fc5cf[Not completed]
2025-09-27 09:19:46,349 [d3e19d45-0b2b-4921-9b28-39a5e9747ac8-groupManagement] INFO  server.RaftServer$Division (RaftServerImpl.java:<init>(268)) - d3e19d45-0b2b-4921-9b28-39a5e9747ac8: new RaftServerImpl for group-3551B3BB1E56:[d3e19d45-0b2b-4921-9b28-39a5e9747ac8|127.0.0.1:15047] with ContainerStateMachine:uninitialized
2025-09-27 09:19:46,349 [d3e19d45-0b2b-4921-9b28-39a5e9747ac8-groupManagement] INFO  server.RaftServer$Division (ServerState.java:<init>(114)) - d3e19d45-0b2b-4921-9b28-39a5e9747ac8@group-3551B3BB1E56: ConfigurationManager, init=conf: {index: -1, cur=peers:[d3e19d45-0b2b-4921-9b28-39a5e9747ac8|127.0.0.1:15047]|listeners:[], old=null}, confs=<EMPTY_MAP>
2025-09-27 09:19:46,355 [c792898a-1981-4e29-8158-41294c472b61-groupManagement] INFO  server.RaftServerConfigKeys (ConfUtils.java:logGet(62)) - raft.server.log.appender.buffer.byte-limit = 33554432 (custom)
2025-09-27 09:19:46,356 [c792898a-1981-4e29-8158-41294c472b61-groupManagement] INFO  segmented.SegmentedRaftLogWorker (SegmentedRaftLogWorker.java:lambda$new$0(141)) - c792898a-1981-4e29-8158-41294c472b61@group-C5B96A071F98-SegmentedRaftLogWorker: flushIndex: setUnconditionally 0 -> -1
2025-09-27 09:19:46,356 [c792898a-1981-4e29-8158-41294c472b61-groupManagement] INFO  segmented.SegmentedRaftLogWorker (SegmentedRaftLogWorker.java:lambda$new$0(141)) - c792898a-1981-4e29-8158-41294c472b61@group-C5B96A071F98-SegmentedRaftLogWorker: safeCacheEvictIndex: setUnconditionally 0 -> -1
2025-09-27 09:19:46,357 [c792898a-1981-4e29-8158-41294c472b61-groupManagement] INFO  server.RaftServer$Division (RaftServerImpl.java:start(405)) - c792898a-1981-4e29-8158-41294c472b61@group-C5B96A071F98: start as a follower, conf=conf: {index: -1, cur=peers:[83932d67-4fdc-4fe4-8fe1-3df6c3f1844a|127.0.0.1:15023, 18da7ee6-49f7-45ee-8090-861a49f32d36|127.0.0.1:15031, c792898a-1981-4e29-8158-41294c472b61|127.0.0.1:15015]|listeners:[], old=null}
2025-09-27 09:19:46,358 [c792898a-1981-4e29-8158-41294c472b61-groupManagement] INFO  server.RaftServer$Division (RaftServerImpl.java:setRole(392)) - c792898a-1981-4e29-8158-41294c472b61@group-C5B96A071F98: changes role from      null to FOLLOWER at term 0 for startAsFollower
2025-09-27 09:19:46,358 [c792898a-1981-4e29-8158-41294c472b61-groupManagement] INFO  impl.RoleInfo (RoleInfo.java:updateAndGet(148)) - c792898a-1981-4e29-8158-41294c472b61: start c792898a-1981-4e29-8158-41294c472b61@group-C5B96A071F98-FollowerState
2025-09-27 09:19:46,359 [d3e19d45-0b2b-4921-9b28-39a5e9747ac8-groupManagement] INFO  server.RaftServerConfigKeys (ConfUtils.java:logGet(62)) - raft.server.storage.dir = [/home/runner/work/ozone/ozone/hadoop-ozone/integration-test/target/test-dir/MiniOzoneClusterImpl-871b4ddd-f672-4be1-b73a-1629492f36a3/ozone-metadata/datanode-5/ratis] (custom)
2025-09-27 09:19:46,359 [d3e19d45-0b2b-4921-9b28-39a5e9747ac8-groupManagement] INFO  storage.RaftStorageDirectory (RaftStorageDirectoryImpl.java:analyzeStorage(138)) - The storage directory /home/runner/work/ozone/ozone/hadoop-ozone/integration-test/target/test-dir/MiniOzoneClusterImpl-871b4ddd-f672-4be1-b73a-1629492f36a3/ozone-metadata/datanode-5/ratis/92a64d2e-52fa-43d6-8844-3551b3bb1e56 does not exist. Creating ...
2025-09-27 09:19:46,359 [c792898a-1981-4e29-8158-41294c472b61-groupManagement] INFO  util.JmxRegister (JmxRegister.java:tryRegister(44)) - Successfully registered JMX Bean with object name Ratis:service=RaftServer,group=group-C5B96A071F98,id=c792898a-1981-4e29-8158-41294c472b61
2025-09-27 09:19:46,360 [c792898a-1981-4e29-8158-41294c472b61-groupManagement] INFO  util.JmxRegister (JmxRegister.java:register(58)) - register mxBean class org.apache.ratis.server.impl.RaftServerJmxAdapter as Ratis:service=RaftServer,group=group-C5B96A071F98,id=c792898a-1981-4e29-8158-41294c472b61
2025-09-27 09:19:46,360 [d3e19d45-0b2b-4921-9b28-39a5e9747ac8-groupManagement] INFO  storage.RaftStorageDirectory (RaftStorageDirectoryImpl.java:tryLock(229)) - Lock on /home/runner/work/ozone/ozone/hadoop-ozone/integration-test/target/test-dir/MiniOzoneClusterImpl-871b4ddd-f672-4be1-b73a-1629492f36a3/ozone-metadata/datanode-5/ratis/92a64d2e-52fa-43d6-8844-3551b3bb1e56/in_use.lock acquired by nodename 126253@localhost
2025-09-27 09:19:46,361 [c792898a-1981-4e29-8158-41294c472b61-groupManagement] INFO  server.RaftServer$Division (RaftServerImpl.java:start(419)) - c792898a-1981-4e29-8158-41294c472b61@group-C5B96A071F98: Successfully started.
2025-09-27 09:19:46,362 [c792898a-1981-4e29-8158-41294c472b61-CreatePipelineCommandHandlerThread-0] INFO  ratis.XceiverServerRatis (XceiverServerRatis.java:addGroup(839)) - Created group Pipeline-166034bd-8cb8-4e48-85d0-c5b96a071f98
2025-09-27 09:19:46,362 [d3e19d45-0b2b-4921-9b28-39a5e9747ac8-groupManagement] INFO  storage.RaftStorage (RaftStorageImpl.java:format(98)) - Storage directory /home/runner/work/ozone/ozone/hadoop-ozone/integration-test/target/test-dir/MiniOzoneClusterImpl-871b4ddd-f672-4be1-b73a-1629492f36a3/ozone-metadata/datanode-5/ratis/92a64d2e-52fa-43d6-8844-3551b3bb1e56 has been successfully formatted.
2025-09-27 09:19:46,363 [d3e19d45-0b2b-4921-9b28-39a5e9747ac8-groupManagement] INFO  ratis.ContainerStateMachine (ContainerStateMachine.java:initialize(339)) - d3e19d45-0b2b-4921-9b28-39a5e9747ac8: initialize group-3551B3BB1E56
2025-09-27 09:19:46,363 [d3e19d45-0b2b-4921-9b28-39a5e9747ac8-groupManagement] INFO  ratis.ContainerStateMachine (ContainerStateMachine.java:loadSnapshot(347)) - group-3551B3BB1E56: The snapshot info is null. Setting the last applied index to:<INITIAL_VALUE>
2025-09-27 09:19:46,363 [d3e19d45-0b2b-4921-9b28-39a5e9747ac8-groupManagement] INFO  server.RaftServerConfigKeys (ConfUtils.java:logGet(62)) - raft.server.log.appender.buffer.byte-limit = 33554432 (custom)
2025-09-27 09:19:46,366 [d3e19d45-0b2b-4921-9b28-39a5e9747ac8-groupManagement] INFO  server.RaftServerConfigKeys (ConfUtils.java:logGet(62)) - raft.server.log.segment.size.max = 67108864 (custom)
2025-09-27 09:19:46,367 [d3e19d45-0b2b-4921-9b28-39a5e9747ac8-groupManagement] INFO  server.RaftServerConfigKeys (ConfUtils.java:logGet(62)) - raft.server.log.appender.buffer.byte-limit = 33554432 (custom)
2025-09-27 09:19:46,368 [d3e19d45-0b2b-4921-9b28-39a5e9747ac8-groupManagement] INFO  util.AwaitToRun (AwaitToRun.java:start(81)) - Thread[#864,d3e19d45-0b2b-4921-9b28-39a5e9747ac8@group-3551B3BB1E56-cacheEviction-AwaitToRun,5,main] started
2025-09-27 09:19:46,368 [d3e19d45-0b2b-4921-9b28-39a5e9747ac8-groupManagement] INFO  segmented.SegmentedRaftLogWorker (SegmentedRaftLogWorker.java:<init>(190)) - new d3e19d45-0b2b-4921-9b28-39a5e9747ac8@group-3551B3BB1E56-SegmentedRaftLogWorker for RaftStorageImpl:Storage Directory /home/runner/work/ozone/ozone/hadoop-ozone/integration-test/target/test-dir/MiniOzoneClusterImpl-871b4ddd-f672-4be1-b73a-1629492f36a3/ozone-metadata/datanode-5/ratis/92a64d2e-52fa-43d6-8844-3551b3bb1e56
2025-09-27 09:19:46,368 [d3e19d45-0b2b-4921-9b28-39a5e9747ac8-groupManagement] INFO  server.RaftServerConfigKeys (ConfUtils.java:logGet(62)) - raft.server.log.queue.byte-limit = 4294967296 (custom)
2025-09-27 09:19:46,368 [d3e19d45-0b2b-4921-9b28-39a5e9747ac8-groupManagement] INFO  server.RaftServerConfigKeys (ConfUtils.java:logGet(62)) - raft.server.log.segment.size.max = 67108864 (custom)
2025-09-27 09:19:46,368 [d3e19d45-0b2b-4921-9b28-39a5e9747ac8-groupManagement] INFO  server.RaftServerConfigKeys (ConfUtils.java:logGet(62)) - raft.server.log.preallocated.size = 4194304 (custom)
2025-09-27 09:19:46,369 [EventQueue-PipelineReportForOneReplicaPipelineSafeModeRule] INFO  safemode.SCMSafeModeManager (SCMSafeModeManager.java:validateSafeModeExitRules(138)) - AtleastOneDatanodeReportedRule rule is successfully validated
2025-09-27 09:19:46,369 [d3e19d45-0b2b-4921-9b28-39a5e9747ac8-groupManagement] INFO  server.RaftServerConfigKeys (ConfUtils.java:logGet(62)) - raft.server.log.write.buffer.size = 33554440 (custom)
2025-09-27 09:19:46,372 [07f651f6-8f87-47bb-8f69-34e194401a37@group-1629492F36A3-StateMachineUpdater] INFO  safemode.SCMSafeModeManager (SCMSafeModeManager.java:validateSafeModeExitRules(138)) - DataNodeSafeModeRule rule is successfully validated
2025-09-27 09:19:46,372 [07f651f6-8f87-47bb-8f69-34e194401a37@group-1629492F36A3-StateMachineUpdater] INFO  safemode.SCMSafeModeManager (SCMSafeModeManager.java:validateSafeModeExitRules(138)) - RatisContainerSafeModeRule rule is successfully validated
2025-09-27 09:19:46,372 [07f651f6-8f87-47bb-8f69-34e194401a37@group-1629492F36A3-StateMachineUpdater] INFO  safemode.HealthyPipelineSafeModeRule (HealthyPipelineSafeModeRule.java:initializeRule(228)) - Refreshed total pipeline count is 0, healthy pipeline threshold count is 1
2025-09-27 09:19:46,372 [07f651f6-8f87-47bb-8f69-34e194401a37@group-1629492F36A3-StateMachineUpdater] INFO  safemode.SCMSafeModeManager (SCMSafeModeManager.java:validateSafeModeExitRules(138)) - ECContainerSafeModeRule rule is successfully validated
2025-09-27 09:19:46,372 [07f651f6-8f87-47bb-8f69-34e194401a37@group-1629492F36A3-StateMachineUpdater] INFO  safemode.SCMSafeModeManager (SCMSafeModeManager.java:validateSafeModeExitRules(138)) - AtleastOneDatanodeReportedRule rule is successfully validated
2025-09-27 09:19:46,373 [EventQueue-PipelineReportForPipelineReportHandler] INFO  pipeline.PipelineReportHandler (PipelineReportHandler.java:processPipelineReport(132)) - Opened pipeline Pipeline-92a64d2e-52fa-43d6-8844-3551b3bb1e56
2025-09-27 09:19:46,375 [d3e19d45-0b2b-4921-9b28-39a5e9747ac8-groupManagement] INFO  server.RaftServerConfigKeys (ConfUtils.java:logGet(62)) - raft.server.log.appender.buffer.byte-limit = 33554432 (custom)
2025-09-27 09:19:46,375 [d3e19d45-0b2b-4921-9b28-39a5e9747ac8-groupManagement] INFO  segmented.SegmentedRaftLogWorker (SegmentedRaftLogWorker.java:lambda$new$0(141)) - d3e19d45-0b2b-4921-9b28-39a5e9747ac8@group-3551B3BB1E56-SegmentedRaftLogWorker: flushIndex: setUnconditionally 0 -> -1
2025-09-27 09:19:46,375 [d3e19d45-0b2b-4921-9b28-39a5e9747ac8-groupManagement] INFO  segmented.SegmentedRaftLogWorker (SegmentedRaftLogWorker.java:lambda$new$0(141)) - d3e19d45-0b2b-4921-9b28-39a5e9747ac8@group-3551B3BB1E56-SegmentedRaftLogWorker: safeCacheEvictIndex: setUnconditionally 0 -> -1
2025-09-27 09:19:46,376 [d3e19d45-0b2b-4921-9b28-39a5e9747ac8-groupManagement] INFO  server.RaftServer$Division (RaftServerImpl.java:start(405)) - d3e19d45-0b2b-4921-9b28-39a5e9747ac8@group-3551B3BB1E56: start as a follower, conf=conf: {index: -1, cur=peers:[d3e19d45-0b2b-4921-9b28-39a5e9747ac8|127.0.0.1:15047]|listeners:[], old=null}
2025-09-27 09:19:46,376 [d3e19d45-0b2b-4921-9b28-39a5e9747ac8-groupManagement] INFO  server.RaftServer$Division (RaftServerImpl.java:setRole(392)) - d3e19d45-0b2b-4921-9b28-39a5e9747ac8@group-3551B3BB1E56: changes role from      null to FOLLOWER at term 0 for startAsFollower
2025-09-27 09:19:46,376 [d3e19d45-0b2b-4921-9b28-39a5e9747ac8-groupManagement] INFO  impl.RoleInfo (RoleInfo.java:updateAndGet(148)) - d3e19d45-0b2b-4921-9b28-39a5e9747ac8: start d3e19d45-0b2b-4921-9b28-39a5e9747ac8@group-3551B3BB1E56-FollowerState
2025-09-27 09:19:46,376 [d3e19d45-0b2b-4921-9b28-39a5e9747ac8-groupManagement] INFO  util.JmxRegister (JmxRegister.java:tryRegister(44)) - Successfully registered JMX Bean with object name Ratis:service=RaftServer,group=group-3551B3BB1E56,id=d3e19d45-0b2b-4921-9b28-39a5e9747ac8
2025-09-27 09:19:46,376 [d3e19d45-0b2b-4921-9b28-39a5e9747ac8-groupManagement] INFO  util.JmxRegister (JmxRegister.java:register(58)) - register mxBean class org.apache.ratis.server.impl.RaftServerJmxAdapter as Ratis:service=RaftServer,group=group-3551B3BB1E56,id=d3e19d45-0b2b-4921-9b28-39a5e9747ac8
2025-09-27 09:19:46,378 [d3e19d45-0b2b-4921-9b28-39a5e9747ac8-groupManagement] INFO  server.RaftServer$Division (RaftServerImpl.java:start(419)) - d3e19d45-0b2b-4921-9b28-39a5e9747ac8@group-3551B3BB1E56: Successfully started.
2025-09-27 09:19:46,378 [d3e19d45-0b2b-4921-9b28-39a5e9747ac8-CreatePipelineCommandHandlerThread-0] INFO  ratis.XceiverServerRatis (XceiverServerRatis.java:addGroup(839)) - Created group Pipeline-92a64d2e-52fa-43d6-8844-3551b3bb1e56
2025-09-27 09:19:46,378 [d3e19d45-0b2b-4921-9b28-39a5e9747ac8-CreatePipelineCommandHandlerThread-0] INFO  commandhandler.CreatePipelineCommandHandler (CreatePipelineCommandHandler.java:lambda$handle$2(141)) - Created Pipeline RATIS ONE Pipeline-92a64d2e-52fa-43d6-8844-3551b3bb1e56.
2025-09-27 09:19:46,517 [83932d67-4fdc-4fe4-8fe1-3df6c3f1844a-CreatePipelineCommandHandlerThread-0] INFO  server.RaftServer (RaftServerProxy.java:addNew(105)) - 83932d67-4fdc-4fe4-8fe1-3df6c3f1844a: addNew group-844398C9211A:[83932d67-4fdc-4fe4-8fe1-3df6c3f1844a|127.0.0.1:15023] returns group-844398C9211A:java.util.concurrent.CompletableFuture@13c404f7[Not completed]
2025-09-27 09:19:46,521 [EventQueue-PipelineReportForOneReplicaPipelineSafeModeRule] INFO  safemode.SCMSafeModeManager (SCMSafeModeManager.java:validateSafeModeExitRules(138)) - AtleastOneDatanodeReportedRule rule is successfully validated
2025-09-27 09:19:46,521 [83932d67-4fdc-4fe4-8fe1-3df6c3f1844a-groupManagement] INFO  server.RaftServer$Division (RaftServerImpl.java:<init>(268)) - 83932d67-4fdc-4fe4-8fe1-3df6c3f1844a: new RaftServerImpl for group-844398C9211A:[83932d67-4fdc-4fe4-8fe1-3df6c3f1844a|127.0.0.1:15023] with ContainerStateMachine:uninitialized
2025-09-27 09:19:46,521 [83932d67-4fdc-4fe4-8fe1-3df6c3f1844a-groupManagement] INFO  server.RaftServer$Division (ServerState.java:<init>(114)) - 83932d67-4fdc-4fe4-8fe1-3df6c3f1844a@group-844398C9211A: ConfigurationManager, init=conf: {index: -1, cur=peers:[83932d67-4fdc-4fe4-8fe1-3df6c3f1844a|127.0.0.1:15023]|listeners:[], old=null}, confs=<EMPTY_MAP>
2025-09-27 09:19:46,527 [83932d67-4fdc-4fe4-8fe1-3df6c3f1844a-groupManagement] INFO  server.RaftServerConfigKeys (ConfUtils.java:logGet(62)) - raft.server.storage.dir = [/home/runner/work/ozone/ozone/hadoop-ozone/integration-test/target/test-dir/MiniOzoneClusterImpl-871b4ddd-f672-4be1-b73a-1629492f36a3/ozone-metadata/datanode-2/ratis] (custom)
2025-09-27 09:19:46,527 [83932d67-4fdc-4fe4-8fe1-3df6c3f1844a-groupManagement] INFO  storage.RaftStorageDirectory (RaftStorageDirectoryImpl.java:analyzeStorage(138)) - The storage directory /home/runner/work/ozone/ozone/hadoop-ozone/integration-test/target/test-dir/MiniOzoneClusterImpl-871b4ddd-f672-4be1-b73a-1629492f36a3/ozone-metadata/datanode-2/ratis/d591271a-4e99-47ef-a757-844398c9211a does not exist. Creating ...
2025-09-27 09:19:46,528 [83932d67-4fdc-4fe4-8fe1-3df6c3f1844a-groupManagement] INFO  storage.RaftStorageDirectory (RaftStorageDirectoryImpl.java:tryLock(229)) - Lock on /home/runner/work/ozone/ozone/hadoop-ozone/integration-test/target/test-dir/MiniOzoneClusterImpl-871b4ddd-f672-4be1-b73a-1629492f36a3/ozone-metadata/datanode-2/ratis/d591271a-4e99-47ef-a757-844398c9211a/in_use.lock acquired by nodename 126253@localhost
2025-09-27 09:19:46,530 [83932d67-4fdc-4fe4-8fe1-3df6c3f1844a-groupManagement] INFO  storage.RaftStorage (RaftStorageImpl.java:format(98)) - Storage directory /home/runner/work/ozone/ozone/hadoop-ozone/integration-test/target/test-dir/MiniOzoneClusterImpl-871b4ddd-f672-4be1-b73a-1629492f36a3/ozone-metadata/datanode-2/ratis/d591271a-4e99-47ef-a757-844398c9211a has been successfully formatted.
2025-09-27 09:19:46,531 [83932d67-4fdc-4fe4-8fe1-3df6c3f1844a-groupManagement] INFO  ratis.ContainerStateMachine (ContainerStateMachine.java:initialize(339)) - 83932d67-4fdc-4fe4-8fe1-3df6c3f1844a: initialize group-844398C9211A
2025-09-27 09:19:46,531 [83932d67-4fdc-4fe4-8fe1-3df6c3f1844a-groupManagement] INFO  ratis.ContainerStateMachine (ContainerStateMachine.java:loadSnapshot(347)) - group-844398C9211A: The snapshot info is null. Setting the last applied index to:<INITIAL_VALUE>
2025-09-27 09:19:46,531 [83932d67-4fdc-4fe4-8fe1-3df6c3f1844a-groupManagement] INFO  server.RaftServerConfigKeys (ConfUtils.java:logGet(62)) - raft.server.log.appender.buffer.byte-limit = 33554432 (custom)
2025-09-27 09:19:46,532 [EventQueue-PipelineReportForOneReplicaPipelineSafeModeRule] INFO  safemode.SCMSafeModeManager (SCMSafeModeManager.java:validateSafeModeExitRules(138)) - AtleastOneDatanodeReportedRule rule is successfully validated
2025-09-27 09:19:46,534 [83932d67-4fdc-4fe4-8fe1-3df6c3f1844a-groupManagement] INFO  server.RaftServerConfigKeys (ConfUtils.java:logGet(62)) - raft.server.log.segment.size.max = 67108864 (custom)
2025-09-27 09:19:46,534 [83932d67-4fdc-4fe4-8fe1-3df6c3f1844a-groupManagement] INFO  server.RaftServerConfigKeys (ConfUtils.java:logGet(62)) - raft.server.log.appender.buffer.byte-limit = 33554432 (custom)
2025-09-27 09:19:46,535 [83932d67-4fdc-4fe4-8fe1-3df6c3f1844a-groupManagement] INFO  util.AwaitToRun (AwaitToRun.java:start(81)) - Thread[#874,83932d67-4fdc-4fe4-8fe1-3df6c3f1844a@group-844398C9211A-cacheEviction-AwaitToRun,5,main] started
2025-09-27 09:19:46,535 [83932d67-4fdc-4fe4-8fe1-3df6c3f1844a-groupManagement] INFO  segmented.SegmentedRaftLogWorker (SegmentedRaftLogWorker.java:<init>(190)) - new 83932d67-4fdc-4fe4-8fe1-3df6c3f1844a@group-844398C9211A-SegmentedRaftLogWorker for RaftStorageImpl:Storage Directory /home/runner/work/ozone/ozone/hadoop-ozone/integration-test/target/test-dir/MiniOzoneClusterImpl-871b4ddd-f672-4be1-b73a-1629492f36a3/ozone-metadata/datanode-2/ratis/d591271a-4e99-47ef-a757-844398c9211a
2025-09-27 09:19:46,536 [83932d67-4fdc-4fe4-8fe1-3df6c3f1844a-groupManagement] INFO  server.RaftServerConfigKeys (ConfUtils.java:logGet(62)) - raft.server.log.queue.byte-limit = 4294967296 (custom)
2025-09-27 09:19:46,537 [83932d67-4fdc-4fe4-8fe1-3df6c3f1844a-groupManagement] INFO  server.RaftServerConfigKeys (ConfUtils.java:logGet(62)) - raft.server.log.segment.size.max = 67108864 (custom)
2025-09-27 09:19:46,537 [83932d67-4fdc-4fe4-8fe1-3df6c3f1844a-groupManagement] INFO  server.RaftServerConfigKeys (ConfUtils.java:logGet(62)) - raft.server.log.preallocated.size = 4194304 (custom)
2025-09-27 09:19:46,537 [83932d67-4fdc-4fe4-8fe1-3df6c3f1844a-groupManagement] INFO  server.RaftServerConfigKeys (ConfUtils.java:logGet(62)) - raft.server.log.write.buffer.size = 33554440 (custom)
2025-09-27 09:19:46,536 [07f651f6-8f87-47bb-8f69-34e194401a37@group-1629492F36A3-StateMachineUpdater] INFO  safemode.SCMSafeModeManager (SCMSafeModeManager.java:validateSafeModeExitRules(138)) - DataNodeSafeModeRule rule is successfully validated
2025-09-27 09:19:46,537 [07f651f6-8f87-47bb-8f69-34e194401a37@group-1629492F36A3-StateMachineUpdater] INFO  safemode.SCMSafeModeManager (SCMSafeModeManager.java:validateSafeModeExitRules(138)) - RatisContainerSafeModeRule rule is successfully validated
2025-09-27 09:19:46,538 [07f651f6-8f87-47bb-8f69-34e194401a37@group-1629492F36A3-StateMachineUpdater] INFO  safemode.HealthyPipelineSafeModeRule (HealthyPipelineSafeModeRule.java:initializeRule(228)) - Refreshed total pipeline count is 0, healthy pipeline threshold count is 1
2025-09-27 09:19:46,538 [07f651f6-8f87-47bb-8f69-34e194401a37@group-1629492F36A3-StateMachineUpdater] INFO  safemode.SCMSafeModeManager (SCMSafeModeManager.java:validateSafeModeExitRules(138)) - ECContainerSafeModeRule rule is successfully validated
2025-09-27 09:19:46,538 [07f651f6-8f87-47bb-8f69-34e194401a37@group-1629492F36A3-StateMachineUpdater] INFO  safemode.SCMSafeModeManager (SCMSafeModeManager.java:validateSafeModeExitRules(138)) - AtleastOneDatanodeReportedRule rule is successfully validated
2025-09-27 09:19:46,539 [EventQueue-PipelineReportForPipelineReportHandler] INFO  pipeline.PipelineReportHandler (PipelineReportHandler.java:processPipelineReport(132)) - Opened pipeline Pipeline-d591271a-4e99-47ef-a757-844398c9211a
2025-09-27 09:19:46,543 [83932d67-4fdc-4fe4-8fe1-3df6c3f1844a-groupManagement] INFO  server.RaftServerConfigKeys (ConfUtils.java:logGet(62)) - raft.server.log.appender.buffer.byte-limit = 33554432 (custom)
2025-09-27 09:19:46,544 [83932d67-4fdc-4fe4-8fe1-3df6c3f1844a-groupManagement] INFO  segmented.SegmentedRaftLogWorker (SegmentedRaftLogWorker.java:lambda$new$0(141)) - 83932d67-4fdc-4fe4-8fe1-3df6c3f1844a@group-844398C9211A-SegmentedRaftLogWorker: flushIndex: setUnconditionally 0 -> -1
2025-09-27 09:19:46,544 [83932d67-4fdc-4fe4-8fe1-3df6c3f1844a-groupManagement] INFO  segmented.SegmentedRaftLogWorker (SegmentedRaftLogWorker.java:lambda$new$0(141)) - 83932d67-4fdc-4fe4-8fe1-3df6c3f1844a@group-844398C9211A-SegmentedRaftLogWorker: safeCacheEvictIndex: setUnconditionally 0 -> -1
2025-09-27 09:19:46,545 [83932d67-4fdc-4fe4-8fe1-3df6c3f1844a-groupManagement] INFO  server.RaftServer$Division (RaftServerImpl.java:start(405)) - 83932d67-4fdc-4fe4-8fe1-3df6c3f1844a@group-844398C9211A: start as a follower, conf=conf: {index: -1, cur=peers:[83932d67-4fdc-4fe4-8fe1-3df6c3f1844a|127.0.0.1:15023]|listeners:[], old=null}
2025-09-27 09:19:46,545 [83932d67-4fdc-4fe4-8fe1-3df6c3f1844a-groupManagement] INFO  server.RaftServer$Division (RaftServerImpl.java:setRole(392)) - 83932d67-4fdc-4fe4-8fe1-3df6c3f1844a@group-844398C9211A: changes role from      null to FOLLOWER at term 0 for startAsFollower
2025-09-27 09:19:46,546 [83932d67-4fdc-4fe4-8fe1-3df6c3f1844a-groupManagement] INFO  impl.RoleInfo (RoleInfo.java:updateAndGet(148)) - 83932d67-4fdc-4fe4-8fe1-3df6c3f1844a: start 83932d67-4fdc-4fe4-8fe1-3df6c3f1844a@group-844398C9211A-FollowerState
2025-09-27 09:19:46,547 [83932d67-4fdc-4fe4-8fe1-3df6c3f1844a-groupManagement] INFO  util.JmxRegister (JmxRegister.java:tryRegister(44)) - Successfully registered JMX Bean with object name Ratis:service=RaftServer,group=group-844398C9211A,id=83932d67-4fdc-4fe4-8fe1-3df6c3f1844a
2025-09-27 09:19:46,547 [83932d67-4fdc-4fe4-8fe1-3df6c3f1844a-groupManagement] INFO  util.JmxRegister (JmxRegister.java:register(58)) - register mxBean class org.apache.ratis.server.impl.RaftServerJmxAdapter as Ratis:service=RaftServer,group=group-844398C9211A,id=83932d67-4fdc-4fe4-8fe1-3df6c3f1844a
2025-09-27 09:19:46,548 [83932d67-4fdc-4fe4-8fe1-3df6c3f1844a-groupManagement] INFO  server.RaftServer$Division (RaftServerImpl.java:start(419)) - 83932d67-4fdc-4fe4-8fe1-3df6c3f1844a@group-844398C9211A: Successfully started.
2025-09-27 09:19:46,549 [83932d67-4fdc-4fe4-8fe1-3df6c3f1844a-CreatePipelineCommandHandlerThread-0] INFO  ratis.XceiverServerRatis (XceiverServerRatis.java:addGroup(839)) - Created group Pipeline-d591271a-4e99-47ef-a757-844398c9211a
2025-09-27 09:19:46,549 [83932d67-4fdc-4fe4-8fe1-3df6c3f1844a-CreatePipelineCommandHandlerThread-0] INFO  commandhandler.CreatePipelineCommandHandler (CreatePipelineCommandHandler.java:lambda$handle$2(141)) - Created Pipeline RATIS ONE Pipeline-d591271a-4e99-47ef-a757-844398c9211a.
2025-09-27 09:19:46,549 [83932d67-4fdc-4fe4-8fe1-3df6c3f1844a-CreatePipelineCommandHandlerThread-0] INFO  server.RaftServer (RaftServerProxy.java:addNew(105)) - 83932d67-4fdc-4fe4-8fe1-3df6c3f1844a: addNew group-C5B96A071F98:[83932d67-4fdc-4fe4-8fe1-3df6c3f1844a|127.0.0.1:15023, 18da7ee6-49f7-45ee-8090-861a49f32d36|127.0.0.1:15031, c792898a-1981-4e29-8158-41294c472b61|127.0.0.1:15015] returns group-C5B96A071F98:java.util.concurrent.CompletableFuture@38885287[Not completed]
2025-09-27 09:19:46,551 [83932d67-4fdc-4fe4-8fe1-3df6c3f1844a-groupManagement] INFO  server.RaftServer$Division (RaftServerImpl.java:<init>(268)) - 83932d67-4fdc-4fe4-8fe1-3df6c3f1844a: new RaftServerImpl for group-C5B96A071F98:[83932d67-4fdc-4fe4-8fe1-3df6c3f1844a|127.0.0.1:15023, 18da7ee6-49f7-45ee-8090-861a49f32d36|127.0.0.1:15031, c792898a-1981-4e29-8158-41294c472b61|127.0.0.1:15015] with ContainerStateMachine:uninitialized
2025-09-27 09:19:46,552 [83932d67-4fdc-4fe4-8fe1-3df6c3f1844a-groupManagement] INFO  server.RaftServer$Division (ServerState.java:<init>(114)) - 83932d67-4fdc-4fe4-8fe1-3df6c3f1844a@group-C5B96A071F98: ConfigurationManager, init=conf: {index: -1, cur=peers:[83932d67-4fdc-4fe4-8fe1-3df6c3f1844a|127.0.0.1:15023, 18da7ee6-49f7-45ee-8090-861a49f32d36|127.0.0.1:15031, c792898a-1981-4e29-8158-41294c472b61|127.0.0.1:15015]|listeners:[], old=null}, confs=<EMPTY_MAP>
2025-09-27 09:19:46,559 [83932d67-4fdc-4fe4-8fe1-3df6c3f1844a-groupManagement] INFO  storage.RaftStorageDirectory (RaftStorageDirectoryImpl.java:analyzeStorage(138)) - The storage directory /home/runner/work/ozone/ozone/hadoop-ozone/integration-test/target/test-dir/MiniOzoneClusterImpl-871b4ddd-f672-4be1-b73a-1629492f36a3/ozone-metadata/datanode-2/ratis/166034bd-8cb8-4e48-85d0-c5b96a071f98 does not exist. Creating ...
2025-09-27 09:19:46,562 [83932d67-4fdc-4fe4-8fe1-3df6c3f1844a-groupManagement] INFO  storage.RaftStorageDirectory (RaftStorageDirectoryImpl.java:tryLock(229)) - Lock on /home/runner/work/ozone/ozone/hadoop-ozone/integration-test/target/test-dir/MiniOzoneClusterImpl-871b4ddd-f672-4be1-b73a-1629492f36a3/ozone-metadata/datanode-2/ratis/166034bd-8cb8-4e48-85d0-c5b96a071f98/in_use.lock acquired by nodename 126253@localhost
2025-09-27 09:19:46,564 [83932d67-4fdc-4fe4-8fe1-3df6c3f1844a-groupManagement] INFO  storage.RaftStorage (RaftStorageImpl.java:format(98)) - Storage directory /home/runner/work/ozone/ozone/hadoop-ozone/integration-test/target/test-dir/MiniOzoneClusterImpl-871b4ddd-f672-4be1-b73a-1629492f36a3/ozone-metadata/datanode-2/ratis/166034bd-8cb8-4e48-85d0-c5b96a071f98 has been successfully formatted.
2025-09-27 09:19:46,564 [83932d67-4fdc-4fe4-8fe1-3df6c3f1844a-groupManagement] INFO  ratis.ContainerStateMachine (ContainerStateMachine.java:initialize(339)) - 83932d67-4fdc-4fe4-8fe1-3df6c3f1844a: initialize group-C5B96A071F98
2025-09-27 09:19:46,564 [83932d67-4fdc-4fe4-8fe1-3df6c3f1844a-groupManagement] INFO  ratis.ContainerStateMachine (ContainerStateMachine.java:loadSnapshot(347)) - group-C5B96A071F98: The snapshot info is null. Setting the last applied index to:<INITIAL_VALUE>
2025-09-27 09:19:46,564 [83932d67-4fdc-4fe4-8fe1-3df6c3f1844a-groupManagement] INFO  server.RaftServerConfigKeys (ConfUtils.java:logGet(62)) - raft.server.log.appender.buffer.byte-limit = 33554432 (custom)
2025-09-27 09:19:46,568 [83932d67-4fdc-4fe4-8fe1-3df6c3f1844a-groupManagement] INFO  server.RaftServerConfigKeys (ConfUtils.java:logGet(62)) - raft.server.log.segment.size.max = 67108864 (custom)
2025-09-27 09:19:46,569 [EventQueue-PipelineReportForOneReplicaPipelineSafeModeRule] INFO  safemode.SCMSafeModeManager (SCMSafeModeManager.java:validateSafeModeExitRules(138)) - AtleastOneDatanodeReportedRule rule is successfully validated
2025-09-27 09:19:46,569 [83932d67-4fdc-4fe4-8fe1-3df6c3f1844a-groupManagement] INFO  server.RaftServerConfigKeys (ConfUtils.java:logGet(62)) - raft.server.log.appender.buffer.byte-limit = 33554432 (custom)
2025-09-27 09:19:46,571 [83932d67-4fdc-4fe4-8fe1-3df6c3f1844a-groupManagement] INFO  util.AwaitToRun (AwaitToRun.java:start(81)) - Thread[#879,83932d67-4fdc-4fe4-8fe1-3df6c3f1844a@group-C5B96A071F98-cacheEviction-AwaitToRun,5,main] started
2025-09-27 09:19:46,571 [83932d67-4fdc-4fe4-8fe1-3df6c3f1844a-groupManagement] INFO  segmented.SegmentedRaftLogWorker (SegmentedRaftLogWorker.java:<init>(190)) - new 83932d67-4fdc-4fe4-8fe1-3df6c3f1844a@group-C5B96A071F98-SegmentedRaftLogWorker for RaftStorageImpl:Storage Directory /home/runner/work/ozone/ozone/hadoop-ozone/integration-test/target/test-dir/MiniOzoneClusterImpl-871b4ddd-f672-4be1-b73a-1629492f36a3/ozone-metadata/datanode-2/ratis/166034bd-8cb8-4e48-85d0-c5b96a071f98
2025-09-27 09:19:46,572 [83932d67-4fdc-4fe4-8fe1-3df6c3f1844a-groupManagement] INFO  server.RaftServerConfigKeys (ConfUtils.java:logGet(62)) - raft.server.log.queue.byte-limit = 4294967296 (custom)
2025-09-27 09:19:46,572 [83932d67-4fdc-4fe4-8fe1-3df6c3f1844a-groupManagement] INFO  server.RaftServerConfigKeys (ConfUtils.java:logGet(62)) - raft.server.log.segment.size.max = 67108864 (custom)
2025-09-27 09:19:46,572 [83932d67-4fdc-4fe4-8fe1-3df6c3f1844a-groupManagement] INFO  server.RaftServerConfigKeys (ConfUtils.java:logGet(62)) - raft.server.log.preallocated.size = 4194304 (custom)
2025-09-27 09:19:46,572 [83932d67-4fdc-4fe4-8fe1-3df6c3f1844a-groupManagement] INFO  server.RaftServerConfigKeys (ConfUtils.java:logGet(62)) - raft.server.log.write.buffer.size = 33554440 (custom)
2025-09-27 09:19:46,586 [83932d67-4fdc-4fe4-8fe1-3df6c3f1844a-groupManagement] INFO  server.RaftServerConfigKeys (ConfUtils.java:logGet(62)) - raft.server.log.appender.buffer.byte-limit = 33554432 (custom)
2025-09-27 09:19:46,586 [83932d67-4fdc-4fe4-8fe1-3df6c3f1844a-groupManagement] INFO  segmented.SegmentedRaftLogWorker (SegmentedRaftLogWorker.java:lambda$new$0(141)) - 83932d67-4fdc-4fe4-8fe1-3df6c3f1844a@group-C5B96A071F98-SegmentedRaftLogWorker: flushIndex: setUnconditionally 0 -> -1
2025-09-27 09:19:46,587 [83932d67-4fdc-4fe4-8fe1-3df6c3f1844a-groupManagement] INFO  segmented.SegmentedRaftLogWorker (SegmentedRaftLogWorker.java:lambda$new$0(141)) - 83932d67-4fdc-4fe4-8fe1-3df6c3f1844a@group-C5B96A071F98-SegmentedRaftLogWorker: safeCacheEvictIndex: setUnconditionally 0 -> -1
2025-09-27 09:19:46,587 [83932d67-4fdc-4fe4-8fe1-3df6c3f1844a-groupManagement] INFO  server.RaftServer$Division (RaftServerImpl.java:start(405)) - 83932d67-4fdc-4fe4-8fe1-3df6c3f1844a@group-C5B96A071F98: start as a follower, conf=conf: {index: -1, cur=peers:[83932d67-4fdc-4fe4-8fe1-3df6c3f1844a|127.0.0.1:15023, 18da7ee6-49f7-45ee-8090-861a49f32d36|127.0.0.1:15031, c792898a-1981-4e29-8158-41294c472b61|127.0.0.1:15015]|listeners:[], old=null}
2025-09-27 09:19:46,588 [83932d67-4fdc-4fe4-8fe1-3df6c3f1844a-groupManagement] INFO  server.RaftServer$Division (RaftServerImpl.java:setRole(392)) - 83932d67-4fdc-4fe4-8fe1-3df6c3f1844a@group-C5B96A071F98: changes role from      null to FOLLOWER at term 0 for startAsFollower
2025-09-27 09:19:46,588 [83932d67-4fdc-4fe4-8fe1-3df6c3f1844a-groupManagement] INFO  impl.RoleInfo (RoleInfo.java:updateAndGet(148)) - 83932d67-4fdc-4fe4-8fe1-3df6c3f1844a: start 83932d67-4fdc-4fe4-8fe1-3df6c3f1844a@group-C5B96A071F98-FollowerState
2025-09-27 09:19:46,589 [83932d67-4fdc-4fe4-8fe1-3df6c3f1844a-groupManagement] INFO  util.JmxRegister (JmxRegister.java:tryRegister(44)) - Successfully registered JMX Bean with object name Ratis:service=RaftServer,group=group-C5B96A071F98,id=83932d67-4fdc-4fe4-8fe1-3df6c3f1844a
2025-09-27 09:19:46,589 [83932d67-4fdc-4fe4-8fe1-3df6c3f1844a-groupManagement] INFO  util.JmxRegister (JmxRegister.java:register(58)) - register mxBean class org.apache.ratis.server.impl.RaftServerJmxAdapter as Ratis:service=RaftServer,group=group-C5B96A071F98,id=83932d67-4fdc-4fe4-8fe1-3df6c3f1844a
2025-09-27 09:19:46,591 [83932d67-4fdc-4fe4-8fe1-3df6c3f1844a-groupManagement] INFO  server.RaftServer$Division (RaftServerImpl.java:start(419)) - 83932d67-4fdc-4fe4-8fe1-3df6c3f1844a@group-C5B96A071F98: Successfully started.
2025-09-27 09:19:46,592 [83932d67-4fdc-4fe4-8fe1-3df6c3f1844a-CreatePipelineCommandHandlerThread-0] INFO  ratis.XceiverServerRatis (XceiverServerRatis.java:addGroup(839)) - Created group Pipeline-166034bd-8cb8-4e48-85d0-c5b96a071f98
2025-09-27 09:19:46,654 [grpc-default-executor-1] INFO  server.RaftServer (RaftServerProxy.java:addNew(105)) - 18da7ee6-49f7-45ee-8090-861a49f32d36: addNew group-C5B96A071F98:[83932d67-4fdc-4fe4-8fe1-3df6c3f1844a|127.0.0.1:15023, 18da7ee6-49f7-45ee-8090-861a49f32d36|127.0.0.1:15031, c792898a-1981-4e29-8158-41294c472b61|127.0.0.1:15015] returns group-C5B96A071F98:java.util.concurrent.CompletableFuture@6e09892a[Not completed]
2025-09-27 09:19:46,655 [grpc-default-executor-0] WARN  server.GrpcAdminProtocolService (GrpcAdminProtocolService.java:lambda$groupManagement$1(53)) - Failed groupManagement: GROUPADD, GroupManagementRequest:client-FEC32A2CE566->18da7ee6-49f7-45ee-8090-861a49f32d36@group-C5B96A071F98, cid=1, seq=null, RW, null, Add:group-C5B96A071F98:[83932d67-4fdc-4fe4-8fe1-3df6c3f1844a|127.0.0.1:15023, 18da7ee6-49f7-45ee-8090-861a49f32d36|127.0.0.1:15031, c792898a-1981-4e29-8158-41294c472b61|127.0.0.1:15015]
java.util.concurrent.CompletionException: org.apache.ratis.protocol.exceptions.AlreadyExistsException: 18da7ee6-49f7-45ee-8090-861a49f32d36: Failed to add group-C5B96A071F98:[83932d67-4fdc-4fe4-8fe1-3df6c3f1844a|127.0.0.1:15023, 18da7ee6-49f7-45ee-8090-861a49f32d36|127.0.0.1:15031, c792898a-1981-4e29-8158-41294c472b61|127.0.0.1:15015] since the group already exists in the map.
	at java.base/java.util.concurrent.CompletableFuture.encodeThrowable(CompletableFuture.java:332)
	at java.base/java.util.concurrent.CompletableFuture.uniApplyNow(CompletableFuture.java:674)
	at java.base/java.util.concurrent.CompletableFuture.uniApplyStage(CompletableFuture.java:662)
	at java.base/java.util.concurrent.CompletableFuture.thenApplyAsync(CompletableFuture.java:2210)
	at org.apache.ratis.server.impl.RaftServerProxy.groupAddAsync(RaftServerProxy.java:513)
	at org.apache.ratis.server.impl.RaftServerProxy.groupManagementAsync(RaftServerProxy.java:495)
	at org.apache.ratis.grpc.server.GrpcAdminProtocolService.lambda$groupManagement$0(GrpcAdminProtocolService.java:51)
	at org.apache.ratis.grpc.GrpcUtil.asyncCall(GrpcUtil.java:172)
	at org.apache.ratis.grpc.server.GrpcAdminProtocolService.groupManagement(GrpcAdminProtocolService.java:51)
	at org.apache.ratis.proto.grpc.AdminProtocolServiceGrpc$MethodHandlers.invoke(AdminProtocolServiceGrpc.java:701)
	at org.apache.ratis.thirdparty.io.grpc.stub.ServerCalls$UnaryServerCallHandler$UnaryServerCallListener.onHalfClose(ServerCalls.java:182)
	at org.apache.ratis.thirdparty.io.grpc.internal.ServerCallImpl$ServerStreamListenerImpl.halfClosed(ServerCallImpl.java:356)
	at org.apache.ratis.thirdparty.io.grpc.internal.ServerImpl$JumpToApplicationThreadServerStreamListener$1HalfClosed.runInContext(ServerImpl.java:861)
	at org.apache.ratis.thirdparty.io.grpc.internal.ContextRunnable.run(ContextRunnable.java:37)
	at org.apache.ratis.thirdparty.io.grpc.internal.SerializingExecutor.run(SerializingExecutor.java:133)
	at java.base/java.util.concurrent.ThreadPoolExecutor.runWorker(ThreadPoolExecutor.java:1144)
	at java.base/java.util.concurrent.ThreadPoolExecutor$Worker.run(ThreadPoolExecutor.java:642)
	at java.base/java.lang.Thread.run(Thread.java:1583)
Caused by: org.apache.ratis.protocol.exceptions.AlreadyExistsException: 18da7ee6-49f7-45ee-8090-861a49f32d36: Failed to add group-C5B96A071F98:[83932d67-4fdc-4fe4-8fe1-3df6c3f1844a|127.0.0.1:15023, 18da7ee6-49f7-45ee-8090-861a49f32d36|127.0.0.1:15031, c792898a-1981-4e29-8158-41294c472b61|127.0.0.1:15015] since the group already exists in the map.
	at org.apache.ratis.server.impl.RaftServerProxy$ImplMap.addNew(RaftServerProxy.java:99)
	at org.apache.ratis.server.impl.RaftServerProxy.groupAddAsync(RaftServerProxy.java:512)
	... 13 more
2025-09-27 09:19:46,656 [18da7ee6-49f7-45ee-8090-861a49f32d36-groupManagement] INFO  server.RaftServer$Division (RaftServerImpl.java:<init>(268)) - 18da7ee6-49f7-45ee-8090-861a49f32d36: new RaftServerImpl for group-C5B96A071F98:[83932d67-4fdc-4fe4-8fe1-3df6c3f1844a|127.0.0.1:15023, 18da7ee6-49f7-45ee-8090-861a49f32d36|127.0.0.1:15031, c792898a-1981-4e29-8158-41294c472b61|127.0.0.1:15015] with ContainerStateMachine:uninitialized
2025-09-27 09:19:46,657 [18da7ee6-49f7-45ee-8090-861a49f32d36-groupManagement] INFO  server.RaftServer$Division (ServerState.java:<init>(114)) - 18da7ee6-49f7-45ee-8090-861a49f32d36@group-C5B96A071F98: ConfigurationManager, init=conf: {index: -1, cur=peers:[83932d67-4fdc-4fe4-8fe1-3df6c3f1844a|127.0.0.1:15023, 18da7ee6-49f7-45ee-8090-861a49f32d36|127.0.0.1:15031, c792898a-1981-4e29-8158-41294c472b61|127.0.0.1:15015]|listeners:[], old=null}, confs=<EMPTY_MAP>
2025-09-27 09:19:46,663 [18da7ee6-49f7-45ee-8090-861a49f32d36-groupManagement] INFO  server.RaftServerConfigKeys (ConfUtils.java:logGet(62)) - raft.server.storage.dir = [/home/runner/work/ozone/ozone/hadoop-ozone/integration-test/target/test-dir/MiniOzoneClusterImpl-871b4ddd-f672-4be1-b73a-1629492f36a3/ozone-metadata/datanode-3/ratis] (custom)
2025-09-27 09:19:46,663 [18da7ee6-49f7-45ee-8090-861a49f32d36-groupManagement] INFO  storage.RaftStorageDirectory (RaftStorageDirectoryImpl.java:analyzeStorage(138)) - The storage directory /home/runner/work/ozone/ozone/hadoop-ozone/integration-test/target/test-dir/MiniOzoneClusterImpl-871b4ddd-f672-4be1-b73a-1629492f36a3/ozone-metadata/datanode-3/ratis/166034bd-8cb8-4e48-85d0-c5b96a071f98 does not exist. Creating ...
2025-09-27 09:19:46,665 [18da7ee6-49f7-45ee-8090-861a49f32d36-groupManagement] INFO  storage.RaftStorageDirectory (RaftStorageDirectoryImpl.java:tryLock(229)) - Lock on /home/runner/work/ozone/ozone/hadoop-ozone/integration-test/target/test-dir/MiniOzoneClusterImpl-871b4ddd-f672-4be1-b73a-1629492f36a3/ozone-metadata/datanode-3/ratis/166034bd-8cb8-4e48-85d0-c5b96a071f98/in_use.lock acquired by nodename 126253@localhost
2025-09-27 09:19:46,666 [18da7ee6-49f7-45ee-8090-861a49f32d36-groupManagement] INFO  storage.RaftStorage (RaftStorageImpl.java:format(98)) - Storage directory /home/runner/work/ozone/ozone/hadoop-ozone/integration-test/target/test-dir/MiniOzoneClusterImpl-871b4ddd-f672-4be1-b73a-1629492f36a3/ozone-metadata/datanode-3/ratis/166034bd-8cb8-4e48-85d0-c5b96a071f98 has been successfully formatted.
2025-09-27 09:19:46,667 [18da7ee6-49f7-45ee-8090-861a49f32d36-groupManagement] INFO  ratis.ContainerStateMachine (ContainerStateMachine.java:initialize(339)) - 18da7ee6-49f7-45ee-8090-861a49f32d36: initialize group-C5B96A071F98
2025-09-27 09:19:46,667 [18da7ee6-49f7-45ee-8090-861a49f32d36-groupManagement] INFO  ratis.ContainerStateMachine (ContainerStateMachine.java:loadSnapshot(347)) - group-C5B96A071F98: The snapshot info is null. Setting the last applied index to:<INITIAL_VALUE>
2025-09-27 09:19:46,667 [18da7ee6-49f7-45ee-8090-861a49f32d36-groupManagement] INFO  server.RaftServerConfigKeys (ConfUtils.java:logGet(62)) - raft.server.log.appender.buffer.byte-limit = 33554432 (custom)
2025-09-27 09:19:46,672 [EventQueue-PipelineReportForOneReplicaPipelineSafeModeRule] INFO  safemode.SCMSafeModeManager (SCMSafeModeManager.java:validateSafeModeExitRules(138)) - AtleastOneDatanodeReportedRule rule is successfully validated
2025-09-27 09:19:46,673 [18da7ee6-49f7-45ee-8090-861a49f32d36-groupManagement] INFO  server.RaftServerConfigKeys (ConfUtils.java:logGet(62)) - raft.server.log.segment.size.max = 67108864 (custom)
2025-09-27 09:19:46,674 [18da7ee6-49f7-45ee-8090-861a49f32d36-groupManagement] INFO  server.RaftServerConfigKeys (ConfUtils.java:logGet(62)) - raft.server.log.appender.buffer.byte-limit = 33554432 (custom)
2025-09-27 09:19:46,675 [18da7ee6-49f7-45ee-8090-861a49f32d36-groupManagement] INFO  util.AwaitToRun (AwaitToRun.java:start(81)) - Thread[#885,18da7ee6-49f7-45ee-8090-861a49f32d36@group-C5B96A071F98-cacheEviction-AwaitToRun,5,main] started
2025-09-27 09:19:46,675 [18da7ee6-49f7-45ee-8090-861a49f32d36-groupManagement] INFO  segmented.SegmentedRaftLogWorker (SegmentedRaftLogWorker.java:<init>(190)) - new 18da7ee6-49f7-45ee-8090-861a49f32d36@group-C5B96A071F98-SegmentedRaftLogWorker for RaftStorageImpl:Storage Directory /home/runner/work/ozone/ozone/hadoop-ozone/integration-test/target/test-dir/MiniOzoneClusterImpl-871b4ddd-f672-4be1-b73a-1629492f36a3/ozone-metadata/datanode-3/ratis/166034bd-8cb8-4e48-85d0-c5b96a071f98
2025-09-27 09:19:46,675 [18da7ee6-49f7-45ee-8090-861a49f32d36-groupManagement] INFO  server.RaftServerConfigKeys (ConfUtils.java:logGet(62)) - raft.server.log.queue.byte-limit = 4294967296 (custom)
2025-09-27 09:19:46,676 [18da7ee6-49f7-45ee-8090-861a49f32d36-groupManagement] INFO  server.RaftServerConfigKeys (ConfUtils.java:logGet(62)) - raft.server.log.segment.size.max = 67108864 (custom)
2025-09-27 09:19:46,676 [18da7ee6-49f7-45ee-8090-861a49f32d36-groupManagement] INFO  server.RaftServerConfigKeys (ConfUtils.java:logGet(62)) - raft.server.log.preallocated.size = 4194304 (custom)
2025-09-27 09:19:46,677 [18da7ee6-49f7-45ee-8090-861a49f32d36-groupManagement] INFO  server.RaftServerConfigKeys (ConfUtils.java:logGet(62)) - raft.server.log.write.buffer.size = 33554440 (custom)
2025-09-27 09:19:46,684 [18da7ee6-49f7-45ee-8090-861a49f32d36-groupManagement] INFO  server.RaftServerConfigKeys (ConfUtils.java:logGet(62)) - raft.server.log.appender.buffer.byte-limit = 33554432 (custom)
2025-09-27 09:19:46,684 [18da7ee6-49f7-45ee-8090-861a49f32d36-groupManagement] INFO  segmented.SegmentedRaftLogWorker (SegmentedRaftLogWorker.java:lambda$new$0(141)) - 18da7ee6-49f7-45ee-8090-861a49f32d36@group-C5B96A071F98-SegmentedRaftLogWorker: flushIndex: setUnconditionally 0 -> -1
2025-09-27 09:19:46,685 [18da7ee6-49f7-45ee-8090-861a49f32d36-groupManagement] INFO  segmented.SegmentedRaftLogWorker (SegmentedRaftLogWorker.java:lambda$new$0(141)) - 18da7ee6-49f7-45ee-8090-861a49f32d36@group-C5B96A071F98-SegmentedRaftLogWorker: safeCacheEvictIndex: setUnconditionally 0 -> -1
2025-09-27 09:19:46,686 [18da7ee6-49f7-45ee-8090-861a49f32d36-groupManagement] INFO  server.RaftServer$Division (RaftServerImpl.java:start(405)) - 18da7ee6-49f7-45ee-8090-861a49f32d36@group-C5B96A071F98: start as a follower, conf=conf: {index: -1, cur=peers:[83932d67-4fdc-4fe4-8fe1-3df6c3f1844a|127.0.0.1:15023, 18da7ee6-49f7-45ee-8090-861a49f32d36|127.0.0.1:15031, c792898a-1981-4e29-8158-41294c472b61|127.0.0.1:15015]|listeners:[], old=null}
2025-09-27 09:19:46,686 [18da7ee6-49f7-45ee-8090-861a49f32d36-groupManagement] INFO  server.RaftServer$Division (RaftServerImpl.java:setRole(392)) - 18da7ee6-49f7-45ee-8090-861a49f32d36@group-C5B96A071F98: changes role from      null to FOLLOWER at term 0 for startAsFollower
2025-09-27 09:19:46,687 [18da7ee6-49f7-45ee-8090-861a49f32d36-groupManagement] INFO  impl.RoleInfo (RoleInfo.java:updateAndGet(148)) - 18da7ee6-49f7-45ee-8090-861a49f32d36: start 18da7ee6-49f7-45ee-8090-861a49f32d36@group-C5B96A071F98-FollowerState
2025-09-27 09:19:46,687 [18da7ee6-49f7-45ee-8090-861a49f32d36-groupManagement] INFO  util.JmxRegister (JmxRegister.java:tryRegister(44)) - Successfully registered JMX Bean with object name Ratis:service=RaftServer,group=group-C5B96A071F98,id=18da7ee6-49f7-45ee-8090-861a49f32d36
2025-09-27 09:19:46,688 [18da7ee6-49f7-45ee-8090-861a49f32d36-groupManagement] INFO  util.JmxRegister (JmxRegister.java:register(58)) - register mxBean class org.apache.ratis.server.impl.RaftServerJmxAdapter as Ratis:service=RaftServer,group=group-C5B96A071F98,id=18da7ee6-49f7-45ee-8090-861a49f32d36
2025-09-27 09:19:46,689 [18da7ee6-49f7-45ee-8090-861a49f32d36-groupManagement] INFO  server.RaftServer$Division (RaftServerImpl.java:start(419)) - 18da7ee6-49f7-45ee-8090-861a49f32d36@group-C5B96A071F98: Successfully started.
2025-09-27 09:19:46,714 [grpc-default-executor-1] WARN  server.GrpcAdminProtocolService (GrpcAdminProtocolService.java:lambda$groupManagement$1(53)) - Failed groupManagement: GROUPADD, GroupManagementRequest:client-99BC02244F1D->83932d67-4fdc-4fe4-8fe1-3df6c3f1844a@group-C5B96A071F98, cid=3, seq=null, RW, null, Add:group-C5B96A071F98:[83932d67-4fdc-4fe4-8fe1-3df6c3f1844a|127.0.0.1:15023, 18da7ee6-49f7-45ee-8090-861a49f32d36|127.0.0.1:15031, c792898a-1981-4e29-8158-41294c472b61|127.0.0.1:15015]
java.util.concurrent.CompletionException: org.apache.ratis.protocol.exceptions.AlreadyExistsException: 83932d67-4fdc-4fe4-8fe1-3df6c3f1844a: Failed to add group-C5B96A071F98:[83932d67-4fdc-4fe4-8fe1-3df6c3f1844a|127.0.0.1:15023, 18da7ee6-49f7-45ee-8090-861a49f32d36|127.0.0.1:15031, c792898a-1981-4e29-8158-41294c472b61|127.0.0.1:15015] since the group already exists in the map.
	at java.base/java.util.concurrent.CompletableFuture.encodeThrowable(CompletableFuture.java:332)
	at java.base/java.util.concurrent.CompletableFuture.uniApplyNow(CompletableFuture.java:674)
	at java.base/java.util.concurrent.CompletableFuture.uniApplyStage(CompletableFuture.java:662)
	at java.base/java.util.concurrent.CompletableFuture.thenApplyAsync(CompletableFuture.java:2210)
	at org.apache.ratis.server.impl.RaftServerProxy.groupAddAsync(RaftServerProxy.java:513)
	at org.apache.ratis.server.impl.RaftServerProxy.groupManagementAsync(RaftServerProxy.java:495)
	at org.apache.ratis.grpc.server.GrpcAdminProtocolService.lambda$groupManagement$0(GrpcAdminProtocolService.java:51)
	at org.apache.ratis.grpc.GrpcUtil.asyncCall(GrpcUtil.java:172)
	at org.apache.ratis.grpc.server.GrpcAdminProtocolService.groupManagement(GrpcAdminProtocolService.java:51)
	at org.apache.ratis.proto.grpc.AdminProtocolServiceGrpc$MethodHandlers.invoke(AdminProtocolServiceGrpc.java:701)
	at org.apache.ratis.thirdparty.io.grpc.stub.ServerCalls$UnaryServerCallHandler$UnaryServerCallListener.onHalfClose(ServerCalls.java:182)
	at org.apache.ratis.thirdparty.io.grpc.internal.ServerCallImpl$ServerStreamListenerImpl.halfClosed(ServerCallImpl.java:356)
	at org.apache.ratis.thirdparty.io.grpc.internal.ServerImpl$JumpToApplicationThreadServerStreamListener$1HalfClosed.runInContext(ServerImpl.java:861)
	at org.apache.ratis.thirdparty.io.grpc.internal.ContextRunnable.run(ContextRunnable.java:37)
	at org.apache.ratis.thirdparty.io.grpc.internal.SerializingExecutor.run(SerializingExecutor.java:133)
	at java.base/java.util.concurrent.ThreadPoolExecutor.runWorker(ThreadPoolExecutor.java:1144)
	at java.base/java.util.concurrent.ThreadPoolExecutor$Worker.run(ThreadPoolExecutor.java:642)
	at java.base/java.lang.Thread.run(Thread.java:1583)
Caused by: org.apache.ratis.protocol.exceptions.AlreadyExistsException: 83932d67-4fdc-4fe4-8fe1-3df6c3f1844a: Failed to add group-C5B96A071F98:[83932d67-4fdc-4fe4-8fe1-3df6c3f1844a|127.0.0.1:15023, 18da7ee6-49f7-45ee-8090-861a49f32d36|127.0.0.1:15031, c792898a-1981-4e29-8158-41294c472b61|127.0.0.1:15015] since the group already exists in the map.
	at org.apache.ratis.server.impl.RaftServerProxy$ImplMap.addNew(RaftServerProxy.java:99)
	at org.apache.ratis.server.impl.RaftServerProxy.groupAddAsync(RaftServerProxy.java:512)
	... 13 more
2025-09-27 09:19:46,724 [c792898a-1981-4e29-8158-41294c472b61-CreatePipelineCommandHandlerThread-0] INFO  commandhandler.CreatePipelineCommandHandler (CreatePipelineCommandHandler.java:lambda$handle$2(141)) - Created Pipeline RATIS THREE Pipeline-166034bd-8cb8-4e48-85d0-c5b96a071f98.
2025-09-27 09:19:46,725 [c792898a-1981-4e29-8158-41294c472b61-CreatePipelineCommandHandlerThread-0] INFO  server.RaftServer (RaftServerProxy.java:addNew(105)) - c792898a-1981-4e29-8158-41294c472b61: addNew group-F78CC9DDB469:[83932d67-4fdc-4fe4-8fe1-3df6c3f1844a|127.0.0.1:15023, 18da7ee6-49f7-45ee-8090-861a49f32d36|127.0.0.1:15031, c792898a-1981-4e29-8158-41294c472b61|127.0.0.1:15015] returns group-F78CC9DDB469:java.util.concurrent.CompletableFuture@7bf2cf1c[Not completed]
2025-09-27 09:19:46,727 [c792898a-1981-4e29-8158-41294c472b61-groupManagement] INFO  server.RaftServer$Division (RaftServerImpl.java:<init>(268)) - c792898a-1981-4e29-8158-41294c472b61: new RaftServerImpl for group-F78CC9DDB469:[83932d67-4fdc-4fe4-8fe1-3df6c3f1844a|127.0.0.1:15023, 18da7ee6-49f7-45ee-8090-861a49f32d36|127.0.0.1:15031, c792898a-1981-4e29-8158-41294c472b61|127.0.0.1:15015] with ContainerStateMachine:uninitialized
2025-09-27 09:19:46,727 [c792898a-1981-4e29-8158-41294c472b61-groupManagement] INFO  server.RaftServer$Division (ServerState.java:<init>(114)) - c792898a-1981-4e29-8158-41294c472b61@group-F78CC9DDB469: ConfigurationManager, init=conf: {index: -1, cur=peers:[83932d67-4fdc-4fe4-8fe1-3df6c3f1844a|127.0.0.1:15023, 18da7ee6-49f7-45ee-8090-861a49f32d36|127.0.0.1:15031, c792898a-1981-4e29-8158-41294c472b61|127.0.0.1:15015]|listeners:[], old=null}, confs=<EMPTY_MAP>
2025-09-27 09:19:46,732 [grpc-default-executor-1] WARN  server.GrpcAdminProtocolService (GrpcAdminProtocolService.java:lambda$groupManagement$1(53)) - Failed groupManagement: GROUPADD, GroupManagementRequest:client-D3DC450FAEFD->c792898a-1981-4e29-8158-41294c472b61@group-C5B96A071F98, cid=4, seq=null, RW, null, Add:group-C5B96A071F98:[83932d67-4fdc-4fe4-8fe1-3df6c3f1844a|127.0.0.1:15023, 18da7ee6-49f7-45ee-8090-861a49f32d36|127.0.0.1:15031, c792898a-1981-4e29-8158-41294c472b61|127.0.0.1:15015]
java.util.concurrent.CompletionException: org.apache.ratis.protocol.exceptions.AlreadyExistsException: c792898a-1981-4e29-8158-41294c472b61: Failed to add group-C5B96A071F98:[83932d67-4fdc-4fe4-8fe1-3df6c3f1844a|127.0.0.1:15023, 18da7ee6-49f7-45ee-8090-861a49f32d36|127.0.0.1:15031, c792898a-1981-4e29-8158-41294c472b61|127.0.0.1:15015] since the group already exists in the map.
	at java.base/java.util.concurrent.CompletableFuture.encodeThrowable(CompletableFuture.java:332)
	at java.base/java.util.concurrent.CompletableFuture.uniApplyNow(CompletableFuture.java:674)
	at java.base/java.util.concurrent.CompletableFuture.uniApplyStage(CompletableFuture.java:662)
	at java.base/java.util.concurrent.CompletableFuture.thenApplyAsync(CompletableFuture.java:2210)
	at org.apache.ratis.server.impl.RaftServerProxy.groupAddAsync(RaftServerProxy.java:513)
	at org.apache.ratis.server.impl.RaftServerProxy.groupManagementAsync(RaftServerProxy.java:495)
	at org.apache.ratis.grpc.server.GrpcAdminProtocolService.lambda$groupManagement$0(GrpcAdminProtocolService.java:51)
	at org.apache.ratis.grpc.GrpcUtil.asyncCall(GrpcUtil.java:172)
	at org.apache.ratis.grpc.server.GrpcAdminProtocolService.groupManagement(GrpcAdminProtocolService.java:51)
	at org.apache.ratis.proto.grpc.AdminProtocolServiceGrpc$MethodHandlers.invoke(AdminProtocolServiceGrpc.java:701)
	at org.apache.ratis.thirdparty.io.grpc.stub.ServerCalls$UnaryServerCallHandler$UnaryServerCallListener.onHalfClose(ServerCalls.java:182)
	at org.apache.ratis.thirdparty.io.grpc.internal.ServerCallImpl$ServerStreamListenerImpl.halfClosed(ServerCallImpl.java:356)
	at org.apache.ratis.thirdparty.io.grpc.internal.ServerImpl$JumpToApplicationThreadServerStreamListener$1HalfClosed.runInContext(ServerImpl.java:861)
	at org.apache.ratis.thirdparty.io.grpc.internal.ContextRunnable.run(ContextRunnable.java:37)
	at org.apache.ratis.thirdparty.io.grpc.internal.SerializingExecutor.run(SerializingExecutor.java:133)
	at java.base/java.util.concurrent.ThreadPoolExecutor.runWorker(ThreadPoolExecutor.java:1144)
	at java.base/java.util.concurrent.ThreadPoolExecutor$Worker.run(ThreadPoolExecutor.java:642)
	at java.base/java.lang.Thread.run(Thread.java:1583)
Caused by: org.apache.ratis.protocol.exceptions.AlreadyExistsException: c792898a-1981-4e29-8158-41294c472b61: Failed to add group-C5B96A071F98:[83932d67-4fdc-4fe4-8fe1-3df6c3f1844a|127.0.0.1:15023, 18da7ee6-49f7-45ee-8090-861a49f32d36|127.0.0.1:15031, c792898a-1981-4e29-8158-41294c472b61|127.0.0.1:15015] since the group already exists in the map.
	at org.apache.ratis.server.impl.RaftServerProxy$ImplMap.addNew(RaftServerProxy.java:99)
	at org.apache.ratis.server.impl.RaftServerProxy.groupAddAsync(RaftServerProxy.java:512)
	... 13 more
2025-09-27 09:19:46,732 [c792898a-1981-4e29-8158-41294c472b61-groupManagement] INFO  server.RaftServerConfigKeys (ConfUtils.java:logGet(62)) - raft.server.storage.dir = [/home/runner/work/ozone/ozone/hadoop-ozone/integration-test/target/test-dir/MiniOzoneClusterImpl-871b4ddd-f672-4be1-b73a-1629492f36a3/ozone-metadata/datanode-1/ratis] (custom)
2025-09-27 09:19:46,734 [c792898a-1981-4e29-8158-41294c472b61-groupManagement] INFO  storage.RaftStorageDirectory (RaftStorageDirectoryImpl.java:analyzeStorage(138)) - The storage directory /home/runner/work/ozone/ozone/hadoop-ozone/integration-test/target/test-dir/MiniOzoneClusterImpl-871b4ddd-f672-4be1-b73a-1629492f36a3/ozone-metadata/datanode-1/ratis/72238b95-a3bd-4b17-94ed-f78cc9ddb469 does not exist. Creating ...
2025-09-27 09:19:46,736 [c792898a-1981-4e29-8158-41294c472b61-groupManagement] INFO  storage.RaftStorageDirectory (RaftStorageDirectoryImpl.java:tryLock(229)) - Lock on /home/runner/work/ozone/ozone/hadoop-ozone/integration-test/target/test-dir/MiniOzoneClusterImpl-871b4ddd-f672-4be1-b73a-1629492f36a3/ozone-metadata/datanode-1/ratis/72238b95-a3bd-4b17-94ed-f78cc9ddb469/in_use.lock acquired by nodename 126253@localhost
2025-09-27 09:19:46,739 [c792898a-1981-4e29-8158-41294c472b61-groupManagement] INFO  storage.RaftStorage (RaftStorageImpl.java:format(98)) - Storage directory /home/runner/work/ozone/ozone/hadoop-ozone/integration-test/target/test-dir/MiniOzoneClusterImpl-871b4ddd-f672-4be1-b73a-1629492f36a3/ozone-metadata/datanode-1/ratis/72238b95-a3bd-4b17-94ed-f78cc9ddb469 has been successfully formatted.
2025-09-27 09:19:46,739 [c792898a-1981-4e29-8158-41294c472b61-groupManagement] INFO  ratis.ContainerStateMachine (ContainerStateMachine.java:initialize(339)) - c792898a-1981-4e29-8158-41294c472b61: initialize group-F78CC9DDB469
2025-09-27 09:19:46,739 [c792898a-1981-4e29-8158-41294c472b61-groupManagement] INFO  ratis.ContainerStateMachine (ContainerStateMachine.java:loadSnapshot(347)) - group-F78CC9DDB469: The snapshot info is null. Setting the last applied index to:<INITIAL_VALUE>
2025-09-27 09:19:46,740 [c792898a-1981-4e29-8158-41294c472b61-groupManagement] INFO  server.RaftServerConfigKeys (ConfUtils.java:logGet(62)) - raft.server.log.appender.buffer.byte-limit = 33554432 (custom)
2025-09-27 09:19:46,743 [EventQueue-PipelineReportForOneReplicaPipelineSafeModeRule] INFO  safemode.SCMSafeModeManager (SCMSafeModeManager.java:validateSafeModeExitRules(138)) - AtleastOneDatanodeReportedRule rule is successfully validated
2025-09-27 09:19:46,744 [c792898a-1981-4e29-8158-41294c472b61-groupManagement] INFO  server.RaftServerConfigKeys (ConfUtils.java:logGet(62)) - raft.server.log.segment.size.max = 67108864 (custom)
2025-09-27 09:19:46,744 [18da7ee6-49f7-45ee-8090-861a49f32d36-CreatePipelineCommandHandlerThread-0] INFO  server.RaftServer (RaftServerProxy.java:addNew(105)) - 18da7ee6-49f7-45ee-8090-861a49f32d36: addNew group-01F21CBCA59D:[18da7ee6-49f7-45ee-8090-861a49f32d36|127.0.0.1:15031] returns group-01F21CBCA59D:java.util.concurrent.CompletableFuture@d9a7911[Not completed]
2025-09-27 09:19:46,745 [c792898a-1981-4e29-8158-41294c472b61-groupManagement] INFO  server.RaftServerConfigKeys (ConfUtils.java:logGet(62)) - raft.server.log.appender.buffer.byte-limit = 33554432 (custom)
2025-09-27 09:19:46,746 [c792898a-1981-4e29-8158-41294c472b61-groupManagement] INFO  util.AwaitToRun (AwaitToRun.java:start(81)) - Thread[#902,c792898a-1981-4e29-8158-41294c472b61@group-F78CC9DDB469-cacheEviction-AwaitToRun,5,main] started
2025-09-27 09:19:46,746 [c792898a-1981-4e29-8158-41294c472b61-groupManagement] INFO  segmented.SegmentedRaftLogWorker (SegmentedRaftLogWorker.java:<init>(190)) - new c792898a-1981-4e29-8158-41294c472b61@group-F78CC9DDB469-SegmentedRaftLogWorker for RaftStorageImpl:Storage Directory /home/runner/work/ozone/ozone/hadoop-ozone/integration-test/target/test-dir/MiniOzoneClusterImpl-871b4ddd-f672-4be1-b73a-1629492f36a3/ozone-metadata/datanode-1/ratis/72238b95-a3bd-4b17-94ed-f78cc9ddb469
2025-09-27 09:19:46,746 [c792898a-1981-4e29-8158-41294c472b61-groupManagement] INFO  server.RaftServerConfigKeys (ConfUtils.java:logGet(62)) - raft.server.log.queue.byte-limit = 4294967296 (custom)
2025-09-27 09:19:46,746 [c792898a-1981-4e29-8158-41294c472b61-groupManagement] INFO  server.RaftServerConfigKeys (ConfUtils.java:logGet(62)) - raft.server.log.segment.size.max = 67108864 (custom)
2025-09-27 09:19:46,746 [c792898a-1981-4e29-8158-41294c472b61-groupManagement] INFO  server.RaftServerConfigKeys (ConfUtils.java:logGet(62)) - raft.server.log.preallocated.size = 4194304 (custom)
2025-09-27 09:19:46,746 [83932d67-4fdc-4fe4-8fe1-3df6c3f1844a-CreatePipelineCommandHandlerThread-0] INFO  commandhandler.CreatePipelineCommandHandler (CreatePipelineCommandHandler.java:lambda$handle$2(141)) - Created Pipeline RATIS THREE Pipeline-166034bd-8cb8-4e48-85d0-c5b96a071f98.
2025-09-27 09:19:46,746 [83932d67-4fdc-4fe4-8fe1-3df6c3f1844a-CreatePipelineCommandHandlerThread-0] INFO  server.RaftServer (RaftServerProxy.java:addNew(105)) - 83932d67-4fdc-4fe4-8fe1-3df6c3f1844a: addNew group-F78CC9DDB469:[83932d67-4fdc-4fe4-8fe1-3df6c3f1844a|127.0.0.1:15023, 18da7ee6-49f7-45ee-8090-861a49f32d36|127.0.0.1:15031, c792898a-1981-4e29-8158-41294c472b61|127.0.0.1:15015] returns group-F78CC9DDB469:java.util.concurrent.CompletableFuture@1d2b8415[Not completed]
2025-09-27 09:19:46,746 [c792898a-1981-4e29-8158-41294c472b61-groupManagement] INFO  server.RaftServerConfigKeys (ConfUtils.java:logGet(62)) - raft.server.log.write.buffer.size = 33554440 (custom)
2025-09-27 09:19:46,747 [18da7ee6-49f7-45ee-8090-861a49f32d36-groupManagement] INFO  server.RaftServer$Division (RaftServerImpl.java:<init>(268)) - 18da7ee6-49f7-45ee-8090-861a49f32d36: new RaftServerImpl for group-01F21CBCA59D:[18da7ee6-49f7-45ee-8090-861a49f32d36|127.0.0.1:15031] with ContainerStateMachine:uninitialized
2025-09-27 09:19:46,747 [18da7ee6-49f7-45ee-8090-861a49f32d36-groupManagement] INFO  server.RaftServer$Division (ServerState.java:<init>(114)) - 18da7ee6-49f7-45ee-8090-861a49f32d36@group-01F21CBCA59D: ConfigurationManager, init=conf: {index: -1, cur=peers:[18da7ee6-49f7-45ee-8090-861a49f32d36|127.0.0.1:15031]|listeners:[], old=null}, confs=<EMPTY_MAP>
2025-09-27 09:19:46,750 [83932d67-4fdc-4fe4-8fe1-3df6c3f1844a-groupManagement] INFO  server.RaftServer$Division (RaftServerImpl.java:<init>(268)) - 83932d67-4fdc-4fe4-8fe1-3df6c3f1844a: new RaftServerImpl for group-F78CC9DDB469:[83932d67-4fdc-4fe4-8fe1-3df6c3f1844a|127.0.0.1:15023, 18da7ee6-49f7-45ee-8090-861a49f32d36|127.0.0.1:15031, c792898a-1981-4e29-8158-41294c472b61|127.0.0.1:15015] with ContainerStateMachine:uninitialized
2025-09-27 09:19:46,750 [83932d67-4fdc-4fe4-8fe1-3df6c3f1844a-groupManagement] INFO  server.RaftServer$Division (ServerState.java:<init>(114)) - 83932d67-4fdc-4fe4-8fe1-3df6c3f1844a@group-F78CC9DDB469: ConfigurationManager, init=conf: {index: -1, cur=peers:[83932d67-4fdc-4fe4-8fe1-3df6c3f1844a|127.0.0.1:15023, 18da7ee6-49f7-45ee-8090-861a49f32d36|127.0.0.1:15031, c792898a-1981-4e29-8158-41294c472b61|127.0.0.1:15015]|listeners:[], old=null}, confs=<EMPTY_MAP>
2025-09-27 09:19:46,753 [c792898a-1981-4e29-8158-41294c472b61-groupManagement] INFO  server.RaftServerConfigKeys (ConfUtils.java:logGet(62)) - raft.server.log.appender.buffer.byte-limit = 33554432 (custom)
2025-09-27 09:19:46,754 [c792898a-1981-4e29-8158-41294c472b61-groupManagement] INFO  segmented.SegmentedRaftLogWorker (SegmentedRaftLogWorker.java:lambda$new$0(141)) - c792898a-1981-4e29-8158-41294c472b61@group-F78CC9DDB469-SegmentedRaftLogWorker: flushIndex: setUnconditionally 0 -> -1
2025-09-27 09:19:46,754 [c792898a-1981-4e29-8158-41294c472b61-groupManagement] INFO  segmented.SegmentedRaftLogWorker (SegmentedRaftLogWorker.java:lambda$new$0(141)) - c792898a-1981-4e29-8158-41294c472b61@group-F78CC9DDB469-SegmentedRaftLogWorker: safeCacheEvictIndex: setUnconditionally 0 -> -1
2025-09-27 09:19:46,754 [c792898a-1981-4e29-8158-41294c472b61-groupManagement] INFO  server.RaftServer$Division (RaftServerImpl.java:start(405)) - c792898a-1981-4e29-8158-41294c472b61@group-F78CC9DDB469: start as a follower, conf=conf: {index: -1, cur=peers:[83932d67-4fdc-4fe4-8fe1-3df6c3f1844a|127.0.0.1:15023, 18da7ee6-49f7-45ee-8090-861a49f32d36|127.0.0.1:15031, c792898a-1981-4e29-8158-41294c472b61|127.0.0.1:15015]|listeners:[], old=null}
2025-09-27 09:19:46,754 [c792898a-1981-4e29-8158-41294c472b61-groupManagement] INFO  server.RaftServer$Division (RaftServerImpl.java:setRole(392)) - c792898a-1981-4e29-8158-41294c472b61@group-F78CC9DDB469: changes role from      null to FOLLOWER at term 0 for startAsFollower
2025-09-27 09:19:46,754 [c792898a-1981-4e29-8158-41294c472b61-groupManagement] INFO  impl.RoleInfo (RoleInfo.java:updateAndGet(148)) - c792898a-1981-4e29-8158-41294c472b61: start c792898a-1981-4e29-8158-41294c472b61@group-F78CC9DDB469-FollowerState
2025-09-27 09:19:46,755 [c792898a-1981-4e29-8158-41294c472b61-groupManagement] INFO  util.JmxRegister (JmxRegister.java:tryRegister(44)) - Successfully registered JMX Bean with object name Ratis:service=RaftServer,group=group-F78CC9DDB469,id=c792898a-1981-4e29-8158-41294c472b61
2025-09-27 09:19:46,755 [c792898a-1981-4e29-8158-41294c472b61-groupManagement] INFO  util.JmxRegister (JmxRegister.java:register(58)) - register mxBean class org.apache.ratis.server.impl.RaftServerJmxAdapter as Ratis:service=RaftServer,group=group-F78CC9DDB469,id=c792898a-1981-4e29-8158-41294c472b61
2025-09-27 09:19:46,757 [c792898a-1981-4e29-8158-41294c472b61-groupManagement] INFO  server.RaftServer$Division (RaftServerImpl.java:start(419)) - c792898a-1981-4e29-8158-41294c472b61@group-F78CC9DDB469: Successfully started.
2025-09-27 09:19:46,758 [c792898a-1981-4e29-8158-41294c472b61-CreatePipelineCommandHandlerThread-0] INFO  ratis.XceiverServerRatis (XceiverServerRatis.java:addGroup(839)) - Created group Pipeline-72238b95-a3bd-4b17-94ed-f78cc9ddb469
2025-09-27 09:19:46,765 [18da7ee6-49f7-45ee-8090-861a49f32d36-groupManagement] INFO  server.RaftServerConfigKeys (ConfUtils.java:logGet(62)) - raft.server.storage.dir = [/home/runner/work/ozone/ozone/hadoop-ozone/integration-test/target/test-dir/MiniOzoneClusterImpl-871b4ddd-f672-4be1-b73a-1629492f36a3/ozone-metadata/datanode-3/ratis] (custom)
2025-09-27 09:19:46,767 [83932d67-4fdc-4fe4-8fe1-3df6c3f1844a-groupManagement] INFO  server.RaftServerConfigKeys (ConfUtils.java:logGet(62)) - raft.server.storage.dir = [/home/runner/work/ozone/ozone/hadoop-ozone/integration-test/target/test-dir/MiniOzoneClusterImpl-871b4ddd-f672-4be1-b73a-1629492f36a3/ozone-metadata/datanode-2/ratis] (custom)
2025-09-27 09:19:46,767 [83932d67-4fdc-4fe4-8fe1-3df6c3f1844a-groupManagement] INFO  storage.RaftStorageDirectory (RaftStorageDirectoryImpl.java:analyzeStorage(138)) - The storage directory /home/runner/work/ozone/ozone/hadoop-ozone/integration-test/target/test-dir/MiniOzoneClusterImpl-871b4ddd-f672-4be1-b73a-1629492f36a3/ozone-metadata/datanode-2/ratis/72238b95-a3bd-4b17-94ed-f78cc9ddb469 does not exist. Creating ...
2025-09-27 09:19:46,768 [18da7ee6-49f7-45ee-8090-861a49f32d36-groupManagement] INFO  storage.RaftStorageDirectory (RaftStorageDirectoryImpl.java:analyzeStorage(138)) - The storage directory /home/runner/work/ozone/ozone/hadoop-ozone/integration-test/target/test-dir/MiniOzoneClusterImpl-871b4ddd-f672-4be1-b73a-1629492f36a3/ozone-metadata/datanode-3/ratis/d8f8602c-31a3-42e6-a45e-01f21cbca59d does not exist. Creating ...
2025-09-27 09:19:46,769 [83932d67-4fdc-4fe4-8fe1-3df6c3f1844a-groupManagement] INFO  storage.RaftStorageDirectory (RaftStorageDirectoryImpl.java:tryLock(229)) - Lock on /home/runner/work/ozone/ozone/hadoop-ozone/integration-test/target/test-dir/MiniOzoneClusterImpl-871b4ddd-f672-4be1-b73a-1629492f36a3/ozone-metadata/datanode-2/ratis/72238b95-a3bd-4b17-94ed-f78cc9ddb469/in_use.lock acquired by nodename 126253@localhost
2025-09-27 09:19:46,769 [18da7ee6-49f7-45ee-8090-861a49f32d36-groupManagement] INFO  storage.RaftStorageDirectory (RaftStorageDirectoryImpl.java:tryLock(229)) - Lock on /home/runner/work/ozone/ozone/hadoop-ozone/integration-test/target/test-dir/MiniOzoneClusterImpl-871b4ddd-f672-4be1-b73a-1629492f36a3/ozone-metadata/datanode-3/ratis/d8f8602c-31a3-42e6-a45e-01f21cbca59d/in_use.lock acquired by nodename 126253@localhost
2025-09-27 09:19:46,770 [83932d67-4fdc-4fe4-8fe1-3df6c3f1844a-groupManagement] INFO  storage.RaftStorage (RaftStorageImpl.java:format(98)) - Storage directory /home/runner/work/ozone/ozone/hadoop-ozone/integration-test/target/test-dir/MiniOzoneClusterImpl-871b4ddd-f672-4be1-b73a-1629492f36a3/ozone-metadata/datanode-2/ratis/72238b95-a3bd-4b17-94ed-f78cc9ddb469 has been successfully formatted.
2025-09-27 09:19:46,771 [18da7ee6-49f7-45ee-8090-861a49f32d36-groupManagement] INFO  storage.RaftStorage (RaftStorageImpl.java:format(98)) - Storage directory /home/runner/work/ozone/ozone/hadoop-ozone/integration-test/target/test-dir/MiniOzoneClusterImpl-871b4ddd-f672-4be1-b73a-1629492f36a3/ozone-metadata/datanode-3/ratis/d8f8602c-31a3-42e6-a45e-01f21cbca59d has been successfully formatted.
2025-09-27 09:19:46,771 [grpc-default-executor-1] WARN  server.GrpcAdminProtocolService (GrpcAdminProtocolService.java:lambda$groupManagement$1(53)) - Failed groupManagement: GROUPADD, GroupManagementRequest:client-51B33F34453B->83932d67-4fdc-4fe4-8fe1-3df6c3f1844a@group-F78CC9DDB469, cid=5, seq=null, RW, null, Add:group-F78CC9DDB469:[83932d67-4fdc-4fe4-8fe1-3df6c3f1844a|127.0.0.1:15023, 18da7ee6-49f7-45ee-8090-861a49f32d36|127.0.0.1:15031, c792898a-1981-4e29-8158-41294c472b61|127.0.0.1:15015]
java.util.concurrent.CompletionException: org.apache.ratis.protocol.exceptions.AlreadyExistsException: 83932d67-4fdc-4fe4-8fe1-3df6c3f1844a: Failed to add group-F78CC9DDB469:[83932d67-4fdc-4fe4-8fe1-3df6c3f1844a|127.0.0.1:15023, 18da7ee6-49f7-45ee-8090-861a49f32d36|127.0.0.1:15031, c792898a-1981-4e29-8158-41294c472b61|127.0.0.1:15015] since the group already exists in the map.
	at java.base/java.util.concurrent.CompletableFuture.encodeThrowable(CompletableFuture.java:332)
	at java.base/java.util.concurrent.CompletableFuture.uniApplyNow(CompletableFuture.java:674)
	at java.base/java.util.concurrent.CompletableFuture.uniApplyStage(CompletableFuture.java:662)
	at java.base/java.util.concurrent.CompletableFuture.thenApplyAsync(CompletableFuture.java:2210)
	at org.apache.ratis.server.impl.RaftServerProxy.groupAddAsync(RaftServerProxy.java:513)
	at org.apache.ratis.server.impl.RaftServerProxy.groupManagementAsync(RaftServerProxy.java:495)
	at org.apache.ratis.grpc.server.GrpcAdminProtocolService.lambda$groupManagement$0(GrpcAdminProtocolService.java:51)
	at org.apache.ratis.grpc.GrpcUtil.asyncCall(GrpcUtil.java:172)
	at org.apache.ratis.grpc.server.GrpcAdminProtocolService.groupManagement(GrpcAdminProtocolService.java:51)
	at org.apache.ratis.proto.grpc.AdminProtocolServiceGrpc$MethodHandlers.invoke(AdminProtocolServiceGrpc.java:701)
	at org.apache.ratis.thirdparty.io.grpc.stub.ServerCalls$UnaryServerCallHandler$UnaryServerCallListener.onHalfClose(ServerCalls.java:182)
	at org.apache.ratis.thirdparty.io.grpc.internal.ServerCallImpl$ServerStreamListenerImpl.halfClosed(ServerCallImpl.java:356)
	at org.apache.ratis.thirdparty.io.grpc.internal.ServerImpl$JumpToApplicationThreadServerStreamListener$1HalfClosed.runInContext(ServerImpl.java:861)
	at org.apache.ratis.thirdparty.io.grpc.internal.ContextRunnable.run(ContextRunnable.java:37)
	at org.apache.ratis.thirdparty.io.grpc.internal.SerializingExecutor.run(SerializingExecutor.java:133)
	at java.base/java.util.concurrent.ThreadPoolExecutor.runWorker(ThreadPoolExecutor.java:1144)
	at java.base/java.util.concurrent.ThreadPoolExecutor$Worker.run(ThreadPoolExecutor.java:642)
	at java.base/java.lang.Thread.run(Thread.java:1583)
Caused by: org.apache.ratis.protocol.exceptions.AlreadyExistsException: 83932d67-4fdc-4fe4-8fe1-3df6c3f1844a: Failed to add group-F78CC9DDB469:[83932d67-4fdc-4fe4-8fe1-3df6c3f1844a|127.0.0.1:15023, 18da7ee6-49f7-45ee-8090-861a49f32d36|127.0.0.1:15031, c792898a-1981-4e29-8158-41294c472b61|127.0.0.1:15015] since the group already exists in the map.
	at org.apache.ratis.server.impl.RaftServerProxy$ImplMap.addNew(RaftServerProxy.java:99)
	at org.apache.ratis.server.impl.RaftServerProxy.groupAddAsync(RaftServerProxy.java:512)
	... 13 more
2025-09-27 09:19:46,771 [83932d67-4fdc-4fe4-8fe1-3df6c3f1844a-groupManagement] INFO  ratis.ContainerStateMachine (ContainerStateMachine.java:initialize(339)) - 83932d67-4fdc-4fe4-8fe1-3df6c3f1844a: initialize group-F78CC9DDB469
2025-09-27 09:19:46,772 [83932d67-4fdc-4fe4-8fe1-3df6c3f1844a-groupManagement] INFO  ratis.ContainerStateMachine (ContainerStateMachine.java:loadSnapshot(347)) - group-F78CC9DDB469: The snapshot info is null. Setting the last applied index to:<INITIAL_VALUE>
2025-09-27 09:19:46,773 [83932d67-4fdc-4fe4-8fe1-3df6c3f1844a-groupManagement] INFO  server.RaftServerConfigKeys (ConfUtils.java:logGet(62)) - raft.server.log.appender.buffer.byte-limit = 33554432 (custom)
2025-09-27 09:19:46,771 [18da7ee6-49f7-45ee-8090-861a49f32d36-groupManagement] INFO  ratis.ContainerStateMachine (ContainerStateMachine.java:initialize(339)) - 18da7ee6-49f7-45ee-8090-861a49f32d36: initialize group-01F21CBCA59D
2025-09-27 09:19:46,773 [18da7ee6-49f7-45ee-8090-861a49f32d36-groupManagement] INFO  ratis.ContainerStateMachine (ContainerStateMachine.java:loadSnapshot(347)) - group-01F21CBCA59D: The snapshot info is null. Setting the last applied index to:<INITIAL_VALUE>
2025-09-27 09:19:46,773 [18da7ee6-49f7-45ee-8090-861a49f32d36-groupManagement] INFO  server.RaftServerConfigKeys (ConfUtils.java:logGet(62)) - raft.server.log.appender.buffer.byte-limit = 33554432 (custom)
2025-09-27 09:19:46,776 [EventQueue-PipelineReportForOneReplicaPipelineSafeModeRule] INFO  safemode.SCMSafeModeManager (SCMSafeModeManager.java:validateSafeModeExitRules(138)) - AtleastOneDatanodeReportedRule rule is successfully validated
2025-09-27 09:19:46,778 [EventQueue-PipelineReportForOneReplicaPipelineSafeModeRule] INFO  safemode.SCMSafeModeManager (SCMSafeModeManager.java:validateSafeModeExitRules(138)) - AtleastOneDatanodeReportedRule rule is successfully validated
2025-09-27 09:19:46,782 [18da7ee6-49f7-45ee-8090-861a49f32d36-groupManagement] INFO  server.RaftServerConfigKeys (ConfUtils.java:logGet(62)) - raft.server.log.segment.size.max = 67108864 (custom)
2025-09-27 09:19:46,782 [18da7ee6-49f7-45ee-8090-861a49f32d36-groupManagement] INFO  server.RaftServerConfigKeys (ConfUtils.java:logGet(62)) - raft.server.log.appender.buffer.byte-limit = 33554432 (custom)
2025-09-27 09:19:46,785 [18da7ee6-49f7-45ee-8090-861a49f32d36-groupManagement] INFO  util.AwaitToRun (AwaitToRun.java:start(81)) - Thread[#906,18da7ee6-49f7-45ee-8090-861a49f32d36@group-01F21CBCA59D-cacheEviction-AwaitToRun,5,main] started
2025-09-27 09:19:46,785 [18da7ee6-49f7-45ee-8090-861a49f32d36-groupManagement] INFO  segmented.SegmentedRaftLogWorker (SegmentedRaftLogWorker.java:<init>(190)) - new 18da7ee6-49f7-45ee-8090-861a49f32d36@group-01F21CBCA59D-SegmentedRaftLogWorker for RaftStorageImpl:Storage Directory /home/runner/work/ozone/ozone/hadoop-ozone/integration-test/target/test-dir/MiniOzoneClusterImpl-871b4ddd-f672-4be1-b73a-1629492f36a3/ozone-metadata/datanode-3/ratis/d8f8602c-31a3-42e6-a45e-01f21cbca59d
2025-09-27 09:19:46,785 [18da7ee6-49f7-45ee-8090-861a49f32d36-groupManagement] INFO  server.RaftServerConfigKeys (ConfUtils.java:logGet(62)) - raft.server.log.queue.byte-limit = 4294967296 (custom)
2025-09-27 09:19:46,785 [18da7ee6-49f7-45ee-8090-861a49f32d36-groupManagement] INFO  server.RaftServerConfigKeys (ConfUtils.java:logGet(62)) - raft.server.log.segment.size.max = 67108864 (custom)
2025-09-27 09:19:46,786 [18da7ee6-49f7-45ee-8090-861a49f32d36-groupManagement] INFO  server.RaftServerConfigKeys (ConfUtils.java:logGet(62)) - raft.server.log.preallocated.size = 4194304 (custom)
2025-09-27 09:19:46,786 [83932d67-4fdc-4fe4-8fe1-3df6c3f1844a-groupManagement] INFO  server.RaftServerConfigKeys (ConfUtils.java:logGet(62)) - raft.server.log.segment.size.max = 67108864 (custom)
2025-09-27 09:19:46,786 [83932d67-4fdc-4fe4-8fe1-3df6c3f1844a-groupManagement] INFO  server.RaftServerConfigKeys (ConfUtils.java:logGet(62)) - raft.server.log.appender.buffer.byte-limit = 33554432 (custom)
2025-09-27 09:19:46,787 [18da7ee6-49f7-45ee-8090-861a49f32d36-groupManagement] INFO  server.RaftServerConfigKeys (ConfUtils.java:logGet(62)) - raft.server.log.write.buffer.size = 33554440 (custom)
2025-09-27 09:19:46,787 [83932d67-4fdc-4fe4-8fe1-3df6c3f1844a-groupManagement] INFO  util.AwaitToRun (AwaitToRun.java:start(81)) - Thread[#908,83932d67-4fdc-4fe4-8fe1-3df6c3f1844a@group-F78CC9DDB469-cacheEviction-AwaitToRun,5,main] started
2025-09-27 09:19:46,788 [83932d67-4fdc-4fe4-8fe1-3df6c3f1844a-groupManagement] INFO  segmented.SegmentedRaftLogWorker (SegmentedRaftLogWorker.java:<init>(190)) - new 83932d67-4fdc-4fe4-8fe1-3df6c3f1844a@group-F78CC9DDB469-SegmentedRaftLogWorker for RaftStorageImpl:Storage Directory /home/runner/work/ozone/ozone/hadoop-ozone/integration-test/target/test-dir/MiniOzoneClusterImpl-871b4ddd-f672-4be1-b73a-1629492f36a3/ozone-metadata/datanode-2/ratis/72238b95-a3bd-4b17-94ed-f78cc9ddb469
2025-09-27 09:19:46,788 [83932d67-4fdc-4fe4-8fe1-3df6c3f1844a-groupManagement] INFO  server.RaftServerConfigKeys (ConfUtils.java:logGet(62)) - raft.server.log.queue.byte-limit = 4294967296 (custom)
2025-09-27 09:19:46,788 [83932d67-4fdc-4fe4-8fe1-3df6c3f1844a-groupManagement] INFO  server.RaftServerConfigKeys (ConfUtils.java:logGet(62)) - raft.server.log.segment.size.max = 67108864 (custom)
2025-09-27 09:19:46,788 [07f651f6-8f87-47bb-8f69-34e194401a37@group-1629492F36A3-StateMachineUpdater] INFO  safemode.SCMSafeModeManager (SCMSafeModeManager.java:validateSafeModeExitRules(138)) - DataNodeSafeModeRule rule is successfully validated
2025-09-27 09:19:46,788 [07f651f6-8f87-47bb-8f69-34e194401a37@group-1629492F36A3-StateMachineUpdater] INFO  safemode.SCMSafeModeManager (SCMSafeModeManager.java:validateSafeModeExitRules(138)) - RatisContainerSafeModeRule rule is successfully validated
2025-09-27 09:19:46,788 [07f651f6-8f87-47bb-8f69-34e194401a37@group-1629492F36A3-StateMachineUpdater] INFO  safemode.HealthyPipelineSafeModeRule (HealthyPipelineSafeModeRule.java:initializeRule(228)) - Refreshed total pipeline count is 0, healthy pipeline threshold count is 1
2025-09-27 09:19:46,788 [83932d67-4fdc-4fe4-8fe1-3df6c3f1844a-groupManagement] INFO  server.RaftServerConfigKeys (ConfUtils.java:logGet(62)) - raft.server.log.preallocated.size = 4194304 (custom)
2025-09-27 09:19:46,789 [83932d67-4fdc-4fe4-8fe1-3df6c3f1844a-groupManagement] INFO  server.RaftServerConfigKeys (ConfUtils.java:logGet(62)) - raft.server.log.write.buffer.size = 33554440 (custom)
2025-09-27 09:19:46,789 [07f651f6-8f87-47bb-8f69-34e194401a37@group-1629492F36A3-StateMachineUpdater] INFO  safemode.SCMSafeModeManager (SCMSafeModeManager.java:validateSafeModeExitRules(138)) - ECContainerSafeModeRule rule is successfully validated
2025-09-27 09:19:46,791 [07f651f6-8f87-47bb-8f69-34e194401a37@group-1629492F36A3-StateMachineUpdater] INFO  safemode.SCMSafeModeManager (SCMSafeModeManager.java:validateSafeModeExitRules(138)) - AtleastOneDatanodeReportedRule rule is successfully validated
2025-09-27 09:19:46,795 [EventQueue-PipelineReportForPipelineReportHandler] INFO  pipeline.PipelineReportHandler (PipelineReportHandler.java:processPipelineReport(132)) - Opened pipeline Pipeline-d8f8602c-31a3-42e6-a45e-01f21cbca59d
2025-09-27 09:19:46,797 [83932d67-4fdc-4fe4-8fe1-3df6c3f1844a-groupManagement] INFO  server.RaftServerConfigKeys (ConfUtils.java:logGet(62)) - raft.server.log.appender.buffer.byte-limit = 33554432 (custom)
2025-09-27 09:19:46,797 [83932d67-4fdc-4fe4-8fe1-3df6c3f1844a-groupManagement] INFO  segmented.SegmentedRaftLogWorker (SegmentedRaftLogWorker.java:lambda$new$0(141)) - 83932d67-4fdc-4fe4-8fe1-3df6c3f1844a@group-F78CC9DDB469-SegmentedRaftLogWorker: flushIndex: setUnconditionally 0 -> -1
2025-09-27 09:19:46,797 [83932d67-4fdc-4fe4-8fe1-3df6c3f1844a-groupManagement] INFO  segmented.SegmentedRaftLogWorker (SegmentedRaftLogWorker.java:lambda$new$0(141)) - 83932d67-4fdc-4fe4-8fe1-3df6c3f1844a@group-F78CC9DDB469-SegmentedRaftLogWorker: safeCacheEvictIndex: setUnconditionally 0 -> -1
2025-09-27 09:19:46,798 [83932d67-4fdc-4fe4-8fe1-3df6c3f1844a-groupManagement] INFO  server.RaftServer$Division (RaftServerImpl.java:start(405)) - 83932d67-4fdc-4fe4-8fe1-3df6c3f1844a@group-F78CC9DDB469: start as a follower, conf=conf: {index: -1, cur=peers:[83932d67-4fdc-4fe4-8fe1-3df6c3f1844a|127.0.0.1:15023, 18da7ee6-49f7-45ee-8090-861a49f32d36|127.0.0.1:15031, c792898a-1981-4e29-8158-41294c472b61|127.0.0.1:15015]|listeners:[], old=null}
2025-09-27 09:19:46,796 [18da7ee6-49f7-45ee-8090-861a49f32d36-groupManagement] INFO  server.RaftServerConfigKeys (ConfUtils.java:logGet(62)) - raft.server.log.appender.buffer.byte-limit = 33554432 (custom)
2025-09-27 09:19:46,798 [83932d67-4fdc-4fe4-8fe1-3df6c3f1844a-groupManagement] INFO  server.RaftServer$Division (RaftServerImpl.java:setRole(392)) - 83932d67-4fdc-4fe4-8fe1-3df6c3f1844a@group-F78CC9DDB469: changes role from      null to FOLLOWER at term 0 for startAsFollower
2025-09-27 09:19:46,798 [18da7ee6-49f7-45ee-8090-861a49f32d36-groupManagement] INFO  segmented.SegmentedRaftLogWorker (SegmentedRaftLogWorker.java:lambda$new$0(141)) - 18da7ee6-49f7-45ee-8090-861a49f32d36@group-01F21CBCA59D-SegmentedRaftLogWorker: flushIndex: setUnconditionally 0 -> -1
2025-09-27 09:19:46,798 [18da7ee6-49f7-45ee-8090-861a49f32d36-groupManagement] INFO  segmented.SegmentedRaftLogWorker (SegmentedRaftLogWorker.java:lambda$new$0(141)) - 18da7ee6-49f7-45ee-8090-861a49f32d36@group-01F21CBCA59D-SegmentedRaftLogWorker: safeCacheEvictIndex: setUnconditionally 0 -> -1
2025-09-27 09:19:46,798 [83932d67-4fdc-4fe4-8fe1-3df6c3f1844a-groupManagement] INFO  impl.RoleInfo (RoleInfo.java:updateAndGet(148)) - 83932d67-4fdc-4fe4-8fe1-3df6c3f1844a: start 83932d67-4fdc-4fe4-8fe1-3df6c3f1844a@group-F78CC9DDB469-FollowerState
2025-09-27 09:19:46,798 [18da7ee6-49f7-45ee-8090-861a49f32d36-groupManagement] INFO  server.RaftServer$Division (RaftServerImpl.java:start(405)) - 18da7ee6-49f7-45ee-8090-861a49f32d36@group-01F21CBCA59D: start as a follower, conf=conf: {index: -1, cur=peers:[18da7ee6-49f7-45ee-8090-861a49f32d36|127.0.0.1:15031]|listeners:[], old=null}
2025-09-27 09:19:46,798 [18da7ee6-49f7-45ee-8090-861a49f32d36-groupManagement] INFO  server.RaftServer$Division (RaftServerImpl.java:setRole(392)) - 18da7ee6-49f7-45ee-8090-861a49f32d36@group-01F21CBCA59D: changes role from      null to FOLLOWER at term 0 for startAsFollower
2025-09-27 09:19:46,798 [18da7ee6-49f7-45ee-8090-861a49f32d36-groupManagement] INFO  impl.RoleInfo (RoleInfo.java:updateAndGet(148)) - 18da7ee6-49f7-45ee-8090-861a49f32d36: start 18da7ee6-49f7-45ee-8090-861a49f32d36@group-01F21CBCA59D-FollowerState
2025-09-27 09:19:46,798 [83932d67-4fdc-4fe4-8fe1-3df6c3f1844a-groupManagement] INFO  util.JmxRegister (JmxRegister.java:tryRegister(44)) - Successfully registered JMX Bean with object name Ratis:service=RaftServer,group=group-F78CC9DDB469,id=83932d67-4fdc-4fe4-8fe1-3df6c3f1844a
2025-09-27 09:19:46,798 [83932d67-4fdc-4fe4-8fe1-3df6c3f1844a-groupManagement] INFO  util.JmxRegister (JmxRegister.java:register(58)) - register mxBean class org.apache.ratis.server.impl.RaftServerJmxAdapter as Ratis:service=RaftServer,group=group-F78CC9DDB469,id=83932d67-4fdc-4fe4-8fe1-3df6c3f1844a
2025-09-27 09:19:46,799 [18da7ee6-49f7-45ee-8090-861a49f32d36-groupManagement] INFO  util.JmxRegister (JmxRegister.java:tryRegister(44)) - Successfully registered JMX Bean with object name Ratis:service=RaftServer,group=group-01F21CBCA59D,id=18da7ee6-49f7-45ee-8090-861a49f32d36
2025-09-27 09:19:46,799 [18da7ee6-49f7-45ee-8090-861a49f32d36-groupManagement] INFO  util.JmxRegister (JmxRegister.java:register(58)) - register mxBean class org.apache.ratis.server.impl.RaftServerJmxAdapter as Ratis:service=RaftServer,group=group-01F21CBCA59D,id=18da7ee6-49f7-45ee-8090-861a49f32d36
2025-09-27 09:19:46,801 [18da7ee6-49f7-45ee-8090-861a49f32d36-groupManagement] INFO  server.RaftServer$Division (RaftServerImpl.java:start(419)) - 18da7ee6-49f7-45ee-8090-861a49f32d36@group-01F21CBCA59D: Successfully started.
2025-09-27 09:19:46,801 [18da7ee6-49f7-45ee-8090-861a49f32d36-CreatePipelineCommandHandlerThread-0] INFO  ratis.XceiverServerRatis (XceiverServerRatis.java:addGroup(839)) - Created group Pipeline-d8f8602c-31a3-42e6-a45e-01f21cbca59d
2025-09-27 09:19:46,802 [18da7ee6-49f7-45ee-8090-861a49f32d36-CreatePipelineCommandHandlerThread-0] INFO  commandhandler.CreatePipelineCommandHandler (CreatePipelineCommandHandler.java:lambda$handle$2(141)) - Created Pipeline RATIS ONE Pipeline-d8f8602c-31a3-42e6-a45e-01f21cbca59d.
2025-09-27 09:19:46,801 [83932d67-4fdc-4fe4-8fe1-3df6c3f1844a-groupManagement] INFO  server.RaftServer$Division (RaftServerImpl.java:start(419)) - 83932d67-4fdc-4fe4-8fe1-3df6c3f1844a@group-F78CC9DDB469: Successfully started.
2025-09-27 09:19:46,802 [18da7ee6-49f7-45ee-8090-861a49f32d36-CreatePipelineCommandHandlerThread-0] INFO  server.RaftServer (RaftServerProxy.java:addNew(105)) - 18da7ee6-49f7-45ee-8090-861a49f32d36: addNew group-F78CC9DDB469:[83932d67-4fdc-4fe4-8fe1-3df6c3f1844a|127.0.0.1:15023, 18da7ee6-49f7-45ee-8090-861a49f32d36|127.0.0.1:15031, c792898a-1981-4e29-8158-41294c472b61|127.0.0.1:15015] returns group-F78CC9DDB469:java.util.concurrent.CompletableFuture@35d96d2[Not completed]
2025-09-27 09:19:46,802 [83932d67-4fdc-4fe4-8fe1-3df6c3f1844a-CreatePipelineCommandHandlerThread-0] INFO  ratis.XceiverServerRatis (XceiverServerRatis.java:addGroup(839)) - Created group Pipeline-72238b95-a3bd-4b17-94ed-f78cc9ddb469
2025-09-27 09:19:46,804 [18da7ee6-49f7-45ee-8090-861a49f32d36-groupManagement] INFO  server.RaftServer$Division (RaftServerImpl.java:<init>(268)) - 18da7ee6-49f7-45ee-8090-861a49f32d36: new RaftServerImpl for group-F78CC9DDB469:[83932d67-4fdc-4fe4-8fe1-3df6c3f1844a|127.0.0.1:15023, 18da7ee6-49f7-45ee-8090-861a49f32d36|127.0.0.1:15031, c792898a-1981-4e29-8158-41294c472b61|127.0.0.1:15015] with ContainerStateMachine:uninitialized
2025-09-27 09:19:46,804 [18da7ee6-49f7-45ee-8090-861a49f32d36-groupManagement] INFO  server.RaftServer$Division (ServerState.java:<init>(114)) - 18da7ee6-49f7-45ee-8090-861a49f32d36@group-F78CC9DDB469: ConfigurationManager, init=conf: {index: -1, cur=peers:[83932d67-4fdc-4fe4-8fe1-3df6c3f1844a|127.0.0.1:15023, 18da7ee6-49f7-45ee-8090-861a49f32d36|127.0.0.1:15031, c792898a-1981-4e29-8158-41294c472b61|127.0.0.1:15015]|listeners:[], old=null}, confs=<EMPTY_MAP>
2025-09-27 09:19:46,810 [18da7ee6-49f7-45ee-8090-861a49f32d36-groupManagement] INFO  server.RaftServerConfigKeys (ConfUtils.java:logGet(62)) - raft.server.storage.dir = [/home/runner/work/ozone/ozone/hadoop-ozone/integration-test/target/test-dir/MiniOzoneClusterImpl-871b4ddd-f672-4be1-b73a-1629492f36a3/ozone-metadata/datanode-3/ratis] (custom)
2025-09-27 09:19:46,810 [18da7ee6-49f7-45ee-8090-861a49f32d36-groupManagement] INFO  storage.RaftStorageDirectory (RaftStorageDirectoryImpl.java:analyzeStorage(138)) - The storage directory /home/runner/work/ozone/ozone/hadoop-ozone/integration-test/target/test-dir/MiniOzoneClusterImpl-871b4ddd-f672-4be1-b73a-1629492f36a3/ozone-metadata/datanode-3/ratis/72238b95-a3bd-4b17-94ed-f78cc9ddb469 does not exist. Creating ...
2025-09-27 09:19:46,812 [18da7ee6-49f7-45ee-8090-861a49f32d36-groupManagement] INFO  storage.RaftStorageDirectory (RaftStorageDirectoryImpl.java:tryLock(229)) - Lock on /home/runner/work/ozone/ozone/hadoop-ozone/integration-test/target/test-dir/MiniOzoneClusterImpl-871b4ddd-f672-4be1-b73a-1629492f36a3/ozone-metadata/datanode-3/ratis/72238b95-a3bd-4b17-94ed-f78cc9ddb469/in_use.lock acquired by nodename 126253@localhost
2025-09-27 09:19:46,813 [grpc-default-executor-1] WARN  server.GrpcAdminProtocolService (GrpcAdminProtocolService.java:lambda$groupManagement$1(53)) - Failed groupManagement: GROUPADD, GroupManagementRequest:client-99917B1DC8B0->18da7ee6-49f7-45ee-8090-861a49f32d36@group-F78CC9DDB469, cid=7, seq=null, RW, null, Add:group-F78CC9DDB469:[83932d67-4fdc-4fe4-8fe1-3df6c3f1844a|127.0.0.1:15023, 18da7ee6-49f7-45ee-8090-861a49f32d36|127.0.0.1:15031, c792898a-1981-4e29-8158-41294c472b61|127.0.0.1:15015]
java.util.concurrent.CompletionException: org.apache.ratis.protocol.exceptions.AlreadyExistsException: 18da7ee6-49f7-45ee-8090-861a49f32d36: Failed to add group-F78CC9DDB469:[83932d67-4fdc-4fe4-8fe1-3df6c3f1844a|127.0.0.1:15023, 18da7ee6-49f7-45ee-8090-861a49f32d36|127.0.0.1:15031, c792898a-1981-4e29-8158-41294c472b61|127.0.0.1:15015] since the group already exists in the map.
	at java.base/java.util.concurrent.CompletableFuture.encodeThrowable(CompletableFuture.java:332)
	at java.base/java.util.concurrent.CompletableFuture.uniApplyNow(CompletableFuture.java:674)
	at java.base/java.util.concurrent.CompletableFuture.uniApplyStage(CompletableFuture.java:662)
	at java.base/java.util.concurrent.CompletableFuture.thenApplyAsync(CompletableFuture.java:2210)
	at org.apache.ratis.server.impl.RaftServerProxy.groupAddAsync(RaftServerProxy.java:513)
	at org.apache.ratis.server.impl.RaftServerProxy.groupManagementAsync(RaftServerProxy.java:495)
	at org.apache.ratis.grpc.server.GrpcAdminProtocolService.lambda$groupManagement$0(GrpcAdminProtocolService.java:51)
	at org.apache.ratis.grpc.GrpcUtil.asyncCall(GrpcUtil.java:172)
	at org.apache.ratis.grpc.server.GrpcAdminProtocolService.groupManagement(GrpcAdminProtocolService.java:51)
	at org.apache.ratis.proto.grpc.AdminProtocolServiceGrpc$MethodHandlers.invoke(AdminProtocolServiceGrpc.java:701)
	at org.apache.ratis.thirdparty.io.grpc.stub.ServerCalls$UnaryServerCallHandler$UnaryServerCallListener.onHalfClose(ServerCalls.java:182)
	at org.apache.ratis.thirdparty.io.grpc.internal.ServerCallImpl$ServerStreamListenerImpl.halfClosed(ServerCallImpl.java:356)
	at org.apache.ratis.thirdparty.io.grpc.internal.ServerImpl$JumpToApplicationThreadServerStreamListener$1HalfClosed.runInContext(ServerImpl.java:861)
	at org.apache.ratis.thirdparty.io.grpc.internal.ContextRunnable.run(ContextRunnable.java:37)
	at org.apache.ratis.thirdparty.io.grpc.internal.SerializingExecutor.run(SerializingExecutor.java:133)
	at java.base/java.util.concurrent.ThreadPoolExecutor.runWorker(ThreadPoolExecutor.java:1144)
	at java.base/java.util.concurrent.ThreadPoolExecutor$Worker.run(ThreadPoolExecutor.java:642)
	at java.base/java.lang.Thread.run(Thread.java:1583)
Caused by: org.apache.ratis.protocol.exceptions.AlreadyExistsException: 18da7ee6-49f7-45ee-8090-861a49f32d36: Failed to add group-F78CC9DDB469:[83932d67-4fdc-4fe4-8fe1-3df6c3f1844a|127.0.0.1:15023, 18da7ee6-49f7-45ee-8090-861a49f32d36|127.0.0.1:15031, c792898a-1981-4e29-8158-41294c472b61|127.0.0.1:15015] since the group already exists in the map.
	at org.apache.ratis.server.impl.RaftServerProxy$ImplMap.addNew(RaftServerProxy.java:99)
	at org.apache.ratis.server.impl.RaftServerProxy.groupAddAsync(RaftServerProxy.java:512)
	... 13 more
2025-09-27 09:19:46,815 [18da7ee6-49f7-45ee-8090-861a49f32d36-groupManagement] INFO  storage.RaftStorage (RaftStorageImpl.java:format(98)) - Storage directory /home/runner/work/ozone/ozone/hadoop-ozone/integration-test/target/test-dir/MiniOzoneClusterImpl-871b4ddd-f672-4be1-b73a-1629492f36a3/ozone-metadata/datanode-3/ratis/72238b95-a3bd-4b17-94ed-f78cc9ddb469 has been successfully formatted.
2025-09-27 09:19:46,815 [18da7ee6-49f7-45ee-8090-861a49f32d36-groupManagement] INFO  ratis.ContainerStateMachine (ContainerStateMachine.java:initialize(339)) - 18da7ee6-49f7-45ee-8090-861a49f32d36: initialize group-F78CC9DDB469
2025-09-27 09:19:46,816 [18da7ee6-49f7-45ee-8090-861a49f32d36-groupManagement] INFO  ratis.ContainerStateMachine (ContainerStateMachine.java:loadSnapshot(347)) - group-F78CC9DDB469: The snapshot info is null. Setting the last applied index to:<INITIAL_VALUE>
2025-09-27 09:19:46,816 [18da7ee6-49f7-45ee-8090-861a49f32d36-groupManagement] INFO  server.RaftServerConfigKeys (ConfUtils.java:logGet(62)) - raft.server.log.appender.buffer.byte-limit = 33554432 (custom)
2025-09-27 09:19:46,818 [grpc-default-executor-1] WARN  server.GrpcAdminProtocolService (GrpcAdminProtocolService.java:lambda$groupManagement$1(53)) - Failed groupManagement: GROUPADD, GroupManagementRequest:client-A35FC71BFD18->18da7ee6-49f7-45ee-8090-861a49f32d36@group-F78CC9DDB469, cid=6, seq=null, RW, null, Add:group-F78CC9DDB469:[83932d67-4fdc-4fe4-8fe1-3df6c3f1844a|127.0.0.1:15023, 18da7ee6-49f7-45ee-8090-861a49f32d36|127.0.0.1:15031, c792898a-1981-4e29-8158-41294c472b61|127.0.0.1:15015]
java.util.concurrent.CompletionException: org.apache.ratis.protocol.exceptions.AlreadyExistsException: 18da7ee6-49f7-45ee-8090-861a49f32d36: Failed to add group-F78CC9DDB469:[83932d67-4fdc-4fe4-8fe1-3df6c3f1844a|127.0.0.1:15023, 18da7ee6-49f7-45ee-8090-861a49f32d36|127.0.0.1:15031, c792898a-1981-4e29-8158-41294c472b61|127.0.0.1:15015] since the group already exists in the map.
	at java.base/java.util.concurrent.CompletableFuture.encodeThrowable(CompletableFuture.java:332)
	at java.base/java.util.concurrent.CompletableFuture.uniApplyNow(CompletableFuture.java:674)
	at java.base/java.util.concurrent.CompletableFuture.uniApplyStage(CompletableFuture.java:662)
	at java.base/java.util.concurrent.CompletableFuture.thenApplyAsync(CompletableFuture.java:2210)
	at org.apache.ratis.server.impl.RaftServerProxy.groupAddAsync(RaftServerProxy.java:513)
	at org.apache.ratis.server.impl.RaftServerProxy.groupManagementAsync(RaftServerProxy.java:495)
	at org.apache.ratis.grpc.server.GrpcAdminProtocolService.lambda$groupManagement$0(GrpcAdminProtocolService.java:51)
	at org.apache.ratis.grpc.GrpcUtil.asyncCall(GrpcUtil.java:172)
	at org.apache.ratis.grpc.server.GrpcAdminProtocolService.groupManagement(GrpcAdminProtocolService.java:51)
	at org.apache.ratis.proto.grpc.AdminProtocolServiceGrpc$MethodHandlers.invoke(AdminProtocolServiceGrpc.java:701)
	at org.apache.ratis.thirdparty.io.grpc.stub.ServerCalls$UnaryServerCallHandler$UnaryServerCallListener.onHalfClose(ServerCalls.java:182)
	at org.apache.ratis.thirdparty.io.grpc.internal.ServerCallImpl$ServerStreamListenerImpl.halfClosed(ServerCallImpl.java:356)
	at org.apache.ratis.thirdparty.io.grpc.internal.ServerImpl$JumpToApplicationThreadServerStreamListener$1HalfClosed.runInContext(ServerImpl.java:861)
	at org.apache.ratis.thirdparty.io.grpc.internal.ContextRunnable.run(ContextRunnable.java:37)
	at org.apache.ratis.thirdparty.io.grpc.internal.SerializingExecutor.run(SerializingExecutor.java:133)
	at java.base/java.util.concurrent.ThreadPoolExecutor.runWorker(ThreadPoolExecutor.java:1144)
	at java.base/java.util.concurrent.ThreadPoolExecutor$Worker.run(ThreadPoolExecutor.java:642)
	at java.base/java.lang.Thread.run(Thread.java:1583)
Caused by: org.apache.ratis.protocol.exceptions.AlreadyExistsException: 18da7ee6-49f7-45ee-8090-861a49f32d36: Failed to add group-F78CC9DDB469:[83932d67-4fdc-4fe4-8fe1-3df6c3f1844a|127.0.0.1:15023, 18da7ee6-49f7-45ee-8090-861a49f32d36|127.0.0.1:15031, c792898a-1981-4e29-8158-41294c472b61|127.0.0.1:15015] since the group already exists in the map.
	at org.apache.ratis.server.impl.RaftServerProxy$ImplMap.addNew(RaftServerProxy.java:99)
	at org.apache.ratis.server.impl.RaftServerProxy.groupAddAsync(RaftServerProxy.java:512)
	... 13 more
2025-09-27 09:19:46,822 [EventQueue-PipelineReportForOneReplicaPipelineSafeModeRule] INFO  safemode.SCMSafeModeManager (SCMSafeModeManager.java:validateSafeModeExitRules(138)) - AtleastOneDatanodeReportedRule rule is successfully validated
2025-09-27 09:19:46,823 [18da7ee6-49f7-45ee-8090-861a49f32d36-groupManagement] INFO  server.RaftServerConfigKeys (ConfUtils.java:logGet(62)) - raft.server.log.segment.size.max = 67108864 (custom)
2025-09-27 09:19:46,823 [18da7ee6-49f7-45ee-8090-861a49f32d36-groupManagement] INFO  server.RaftServerConfigKeys (ConfUtils.java:logGet(62)) - raft.server.log.appender.buffer.byte-limit = 33554432 (custom)
2025-09-27 09:19:46,824 [18da7ee6-49f7-45ee-8090-861a49f32d36-groupManagement] INFO  util.AwaitToRun (AwaitToRun.java:start(81)) - Thread[#917,18da7ee6-49f7-45ee-8090-861a49f32d36@group-F78CC9DDB469-cacheEviction-AwaitToRun,5,main] started
2025-09-27 09:19:46,824 [18da7ee6-49f7-45ee-8090-861a49f32d36-groupManagement] INFO  segmented.SegmentedRaftLogWorker (SegmentedRaftLogWorker.java:<init>(190)) - new 18da7ee6-49f7-45ee-8090-861a49f32d36@group-F78CC9DDB469-SegmentedRaftLogWorker for RaftStorageImpl:Storage Directory /home/runner/work/ozone/ozone/hadoop-ozone/integration-test/target/test-dir/MiniOzoneClusterImpl-871b4ddd-f672-4be1-b73a-1629492f36a3/ozone-metadata/datanode-3/ratis/72238b95-a3bd-4b17-94ed-f78cc9ddb469
2025-09-27 09:19:46,824 [18da7ee6-49f7-45ee-8090-861a49f32d36-groupManagement] INFO  server.RaftServerConfigKeys (ConfUtils.java:logGet(62)) - raft.server.log.queue.byte-limit = 4294967296 (custom)
2025-09-27 09:19:46,825 [18da7ee6-49f7-45ee-8090-861a49f32d36-groupManagement] INFO  server.RaftServerConfigKeys (ConfUtils.java:logGet(62)) - raft.server.log.segment.size.max = 67108864 (custom)
2025-09-27 09:19:46,825 [18da7ee6-49f7-45ee-8090-861a49f32d36-groupManagement] INFO  server.RaftServerConfigKeys (ConfUtils.java:logGet(62)) - raft.server.log.preallocated.size = 4194304 (custom)
2025-09-27 09:19:46,826 [18da7ee6-49f7-45ee-8090-861a49f32d36-groupManagement] INFO  server.RaftServerConfigKeys (ConfUtils.java:logGet(62)) - raft.server.log.write.buffer.size = 33554440 (custom)
2025-09-27 09:19:46,832 [c792898a-1981-4e29-8158-41294c472b61-CreatePipelineCommandHandlerThread-0] INFO  commandhandler.CreatePipelineCommandHandler (CreatePipelineCommandHandler.java:lambda$handle$2(141)) - Created Pipeline RATIS THREE Pipeline-72238b95-a3bd-4b17-94ed-f78cc9ddb469.
2025-09-27 09:19:46,834 [c792898a-1981-4e29-8158-41294c472b61-CreatePipelineCommandHandlerThread-0] INFO  server.RaftServer (RaftServerProxy.java:addNew(105)) - c792898a-1981-4e29-8158-41294c472b61: addNew group-5F01EAE184E2:[83932d67-4fdc-4fe4-8fe1-3df6c3f1844a|127.0.0.1:15023, 18da7ee6-49f7-45ee-8090-861a49f32d36|127.0.0.1:15031, c792898a-1981-4e29-8158-41294c472b61|127.0.0.1:15015] returns group-5F01EAE184E2:java.util.concurrent.CompletableFuture@178ff554[Not completed]
2025-09-27 09:19:46,838 [18da7ee6-49f7-45ee-8090-861a49f32d36-groupManagement] INFO  server.RaftServerConfigKeys (ConfUtils.java:logGet(62)) - raft.server.log.appender.buffer.byte-limit = 33554432 (custom)
2025-09-27 09:19:46,838 [18da7ee6-49f7-45ee-8090-861a49f32d36-groupManagement] INFO  segmented.SegmentedRaftLogWorker (SegmentedRaftLogWorker.java:lambda$new$0(141)) - 18da7ee6-49f7-45ee-8090-861a49f32d36@group-F78CC9DDB469-SegmentedRaftLogWorker: flushIndex: setUnconditionally 0 -> -1
2025-09-27 09:19:46,838 [18da7ee6-49f7-45ee-8090-861a49f32d36-groupManagement] INFO  segmented.SegmentedRaftLogWorker (SegmentedRaftLogWorker.java:lambda$new$0(141)) - 18da7ee6-49f7-45ee-8090-861a49f32d36@group-F78CC9DDB469-SegmentedRaftLogWorker: safeCacheEvictIndex: setUnconditionally 0 -> -1
2025-09-27 09:19:46,839 [c792898a-1981-4e29-8158-41294c472b61-groupManagement] INFO  server.RaftServer$Division (RaftServerImpl.java:<init>(268)) - c792898a-1981-4e29-8158-41294c472b61: new RaftServerImpl for group-5F01EAE184E2:[83932d67-4fdc-4fe4-8fe1-3df6c3f1844a|127.0.0.1:15023, 18da7ee6-49f7-45ee-8090-861a49f32d36|127.0.0.1:15031, c792898a-1981-4e29-8158-41294c472b61|127.0.0.1:15015] with ContainerStateMachine:uninitialized
2025-09-27 09:19:46,839 [18da7ee6-49f7-45ee-8090-861a49f32d36-groupManagement] INFO  server.RaftServer$Division (RaftServerImpl.java:start(405)) - 18da7ee6-49f7-45ee-8090-861a49f32d36@group-F78CC9DDB469: start as a follower, conf=conf: {index: -1, cur=peers:[83932d67-4fdc-4fe4-8fe1-3df6c3f1844a|127.0.0.1:15023, 18da7ee6-49f7-45ee-8090-861a49f32d36|127.0.0.1:15031, c792898a-1981-4e29-8158-41294c472b61|127.0.0.1:15015]|listeners:[], old=null}
2025-09-27 09:19:46,839 [18da7ee6-49f7-45ee-8090-861a49f32d36-groupManagement] INFO  server.RaftServer$Division (RaftServerImpl.java:setRole(392)) - 18da7ee6-49f7-45ee-8090-861a49f32d36@group-F78CC9DDB469: changes role from      null to FOLLOWER at term 0 for startAsFollower
2025-09-27 09:19:46,839 [18da7ee6-49f7-45ee-8090-861a49f32d36-groupManagement] INFO  impl.RoleInfo (RoleInfo.java:updateAndGet(148)) - 18da7ee6-49f7-45ee-8090-861a49f32d36: start 18da7ee6-49f7-45ee-8090-861a49f32d36@group-F78CC9DDB469-FollowerState
2025-09-27 09:19:46,839 [c792898a-1981-4e29-8158-41294c472b61-groupManagement] INFO  server.RaftServer$Division (ServerState.java:<init>(114)) - c792898a-1981-4e29-8158-41294c472b61@group-5F01EAE184E2: ConfigurationManager, init=conf: {index: -1, cur=peers:[83932d67-4fdc-4fe4-8fe1-3df6c3f1844a|127.0.0.1:15023, 18da7ee6-49f7-45ee-8090-861a49f32d36|127.0.0.1:15031, c792898a-1981-4e29-8158-41294c472b61|127.0.0.1:15015]|listeners:[], old=null}, confs=<EMPTY_MAP>
2025-09-27 09:19:46,840 [18da7ee6-49f7-45ee-8090-861a49f32d36-groupManagement] INFO  util.JmxRegister (JmxRegister.java:tryRegister(44)) - Successfully registered JMX Bean with object name Ratis:service=RaftServer,group=group-F78CC9DDB469,id=18da7ee6-49f7-45ee-8090-861a49f32d36
2025-09-27 09:19:46,840 [18da7ee6-49f7-45ee-8090-861a49f32d36-groupManagement] INFO  util.JmxRegister (JmxRegister.java:register(58)) - register mxBean class org.apache.ratis.server.impl.RaftServerJmxAdapter as Ratis:service=RaftServer,group=group-F78CC9DDB469,id=18da7ee6-49f7-45ee-8090-861a49f32d36
2025-09-27 09:19:46,843 [ForkJoinPool-1-worker-1] INFO  ozone.MiniOzoneClusterImpl (MiniOzoneClusterImpl.java:lambda$waitForClusterToBeReady$0(181)) - Nodes are ready. Got 5 of 5 DN Heartbeats.
2025-09-27 09:19:46,843 [ForkJoinPool-1-worker-1] INFO  ozone.MiniOzoneClusterImpl (MiniOzoneClusterImpl.java:lambda$waitForClusterToBeReady$0(184)) - Waiting for cluster to exit safe mode
2025-09-27 09:19:46,844 [ForkJoinPool-1-worker-1] INFO  ozone.MiniOzoneClusterImpl (MiniOzoneClusterImpl.java:lambda$waitForClusterToBeReady$0(186)) - SCM became leader
2025-09-27 09:19:46,843 [18da7ee6-49f7-45ee-8090-861a49f32d36-groupManagement] INFO  server.RaftServer$Division (RaftServerImpl.java:start(419)) - 18da7ee6-49f7-45ee-8090-861a49f32d36@group-F78CC9DDB469: Successfully started.
2025-09-27 09:19:46,844 [18da7ee6-49f7-45ee-8090-861a49f32d36-CreatePipelineCommandHandlerThread-0] INFO  ratis.XceiverServerRatis (XceiverServerRatis.java:addGroup(839)) - Created group Pipeline-72238b95-a3bd-4b17-94ed-f78cc9ddb469
2025-09-27 09:19:46,845 [grpc-default-executor-1] WARN  server.GrpcAdminProtocolService (GrpcAdminProtocolService.java:lambda$groupManagement$1(53)) - Failed groupManagement: GROUPADD, GroupManagementRequest:client-69BB9ACCAE03->c792898a-1981-4e29-8158-41294c472b61@group-F78CC9DDB469, cid=8, seq=null, RW, null, Add:group-F78CC9DDB469:[83932d67-4fdc-4fe4-8fe1-3df6c3f1844a|127.0.0.1:15023, 18da7ee6-49f7-45ee-8090-861a49f32d36|127.0.0.1:15031, c792898a-1981-4e29-8158-41294c472b61|127.0.0.1:15015]
java.util.concurrent.CompletionException: org.apache.ratis.protocol.exceptions.AlreadyExistsException: c792898a-1981-4e29-8158-41294c472b61: Failed to add group-F78CC9DDB469:[83932d67-4fdc-4fe4-8fe1-3df6c3f1844a|127.0.0.1:15023, 18da7ee6-49f7-45ee-8090-861a49f32d36|127.0.0.1:15031, c792898a-1981-4e29-8158-41294c472b61|127.0.0.1:15015] since the group already exists in the map.
	at java.base/java.util.concurrent.CompletableFuture.encodeThrowable(CompletableFuture.java:332)
	at java.base/java.util.concurrent.CompletableFuture.uniApplyNow(CompletableFuture.java:674)
	at java.base/java.util.concurrent.CompletableFuture.uniApplyStage(CompletableFuture.java:662)
	at java.base/java.util.concurrent.CompletableFuture.thenApplyAsync(CompletableFuture.java:2210)
	at org.apache.ratis.server.impl.RaftServerProxy.groupAddAsync(RaftServerProxy.java:513)
	at org.apache.ratis.server.impl.RaftServerProxy.groupManagementAsync(RaftServerProxy.java:495)
	at org.apache.ratis.grpc.server.GrpcAdminProtocolService.lambda$groupManagement$0(GrpcAdminProtocolService.java:51)
	at org.apache.ratis.grpc.GrpcUtil.asyncCall(GrpcUtil.java:172)
	at org.apache.ratis.grpc.server.GrpcAdminProtocolService.groupManagement(GrpcAdminProtocolService.java:51)
	at org.apache.ratis.proto.grpc.AdminProtocolServiceGrpc$MethodHandlers.invoke(AdminProtocolServiceGrpc.java:701)
	at org.apache.ratis.thirdparty.io.grpc.stub.ServerCalls$UnaryServerCallHandler$UnaryServerCallListener.onHalfClose(ServerCalls.java:182)
	at org.apache.ratis.thirdparty.io.grpc.internal.ServerCallImpl$ServerStreamListenerImpl.halfClosed(ServerCallImpl.java:356)
	at org.apache.ratis.thirdparty.io.grpc.internal.ServerImpl$JumpToApplicationThreadServerStreamListener$1HalfClosed.runInContext(ServerImpl.java:861)
	at org.apache.ratis.thirdparty.io.grpc.internal.ContextRunnable.run(ContextRunnable.java:37)
	at org.apache.ratis.thirdparty.io.grpc.internal.SerializingExecutor.run(SerializingExecutor.java:133)
	at java.base/java.util.concurrent.ThreadPoolExecutor.runWorker(ThreadPoolExecutor.java:1144)
	at java.base/java.util.concurrent.ThreadPoolExecutor$Worker.run(ThreadPoolExecutor.java:642)
	at java.base/java.lang.Thread.run(Thread.java:1583)
Caused by: org.apache.ratis.protocol.exceptions.AlreadyExistsException: c792898a-1981-4e29-8158-41294c472b61: Failed to add group-F78CC9DDB469:[83932d67-4fdc-4fe4-8fe1-3df6c3f1844a|127.0.0.1:15023, 18da7ee6-49f7-45ee-8090-861a49f32d36|127.0.0.1:15031, c792898a-1981-4e29-8158-41294c472b61|127.0.0.1:15015] since the group already exists in the map.
	at org.apache.ratis.server.impl.RaftServerProxy$ImplMap.addNew(RaftServerProxy.java:99)
	at org.apache.ratis.server.impl.RaftServerProxy.groupAddAsync(RaftServerProxy.java:512)
	... 13 more
2025-09-27 09:19:46,845 [c792898a-1981-4e29-8158-41294c472b61-groupManagement] INFO  server.RaftServerConfigKeys (ConfUtils.java:logGet(62)) - raft.server.storage.dir = [/home/runner/work/ozone/ozone/hadoop-ozone/integration-test/target/test-dir/MiniOzoneClusterImpl-871b4ddd-f672-4be1-b73a-1629492f36a3/ozone-metadata/datanode-1/ratis] (custom)
2025-09-27 09:19:46,846 [c792898a-1981-4e29-8158-41294c472b61-groupManagement] INFO  storage.RaftStorageDirectory (RaftStorageDirectoryImpl.java:analyzeStorage(138)) - The storage directory /home/runner/work/ozone/ozone/hadoop-ozone/integration-test/target/test-dir/MiniOzoneClusterImpl-871b4ddd-f672-4be1-b73a-1629492f36a3/ozone-metadata/datanode-1/ratis/59202f93-fb69-4c18-9e9a-5f01eae184e2 does not exist. Creating ...
2025-09-27 09:19:46,847 [c792898a-1981-4e29-8158-41294c472b61-groupManagement] INFO  storage.RaftStorageDirectory (RaftStorageDirectoryImpl.java:tryLock(229)) - Lock on /home/runner/work/ozone/ozone/hadoop-ozone/integration-test/target/test-dir/MiniOzoneClusterImpl-871b4ddd-f672-4be1-b73a-1629492f36a3/ozone-metadata/datanode-1/ratis/59202f93-fb69-4c18-9e9a-5f01eae184e2/in_use.lock acquired by nodename 126253@localhost
2025-09-27 09:19:46,850 [c792898a-1981-4e29-8158-41294c472b61-groupManagement] INFO  storage.RaftStorage (RaftStorageImpl.java:format(98)) - Storage directory /home/runner/work/ozone/ozone/hadoop-ozone/integration-test/target/test-dir/MiniOzoneClusterImpl-871b4ddd-f672-4be1-b73a-1629492f36a3/ozone-metadata/datanode-1/ratis/59202f93-fb69-4c18-9e9a-5f01eae184e2 has been successfully formatted.
2025-09-27 09:19:46,850 [c792898a-1981-4e29-8158-41294c472b61-groupManagement] INFO  ratis.ContainerStateMachine (ContainerStateMachine.java:initialize(339)) - c792898a-1981-4e29-8158-41294c472b61: initialize group-5F01EAE184E2
2025-09-27 09:19:46,850 [c792898a-1981-4e29-8158-41294c472b61-groupManagement] INFO  ratis.ContainerStateMachine (ContainerStateMachine.java:loadSnapshot(347)) - group-5F01EAE184E2: The snapshot info is null. Setting the last applied index to:<INITIAL_VALUE>
2025-09-27 09:19:46,851 [c792898a-1981-4e29-8158-41294c472b61-groupManagement] INFO  server.RaftServerConfigKeys (ConfUtils.java:logGet(62)) - raft.server.log.appender.buffer.byte-limit = 33554432 (custom)
2025-09-27 09:19:46,853 [c792898a-1981-4e29-8158-41294c472b61-groupManagement] INFO  server.RaftServerConfigKeys (ConfUtils.java:logGet(62)) - raft.server.log.segment.size.max = 67108864 (custom)
2025-09-27 09:19:46,854 [c792898a-1981-4e29-8158-41294c472b61-groupManagement] INFO  server.RaftServerConfigKeys (ConfUtils.java:logGet(62)) - raft.server.log.appender.buffer.byte-limit = 33554432 (custom)
2025-09-27 09:19:46,856 [c792898a-1981-4e29-8158-41294c472b61-groupManagement] INFO  util.AwaitToRun (AwaitToRun.java:start(81)) - Thread[#928,c792898a-1981-4e29-8158-41294c472b61@group-5F01EAE184E2-cacheEviction-AwaitToRun,5,main] started
2025-09-27 09:19:46,857 [c792898a-1981-4e29-8158-41294c472b61-groupManagement] INFO  segmented.SegmentedRaftLogWorker (SegmentedRaftLogWorker.java:<init>(190)) - new c792898a-1981-4e29-8158-41294c472b61@group-5F01EAE184E2-SegmentedRaftLogWorker for RaftStorageImpl:Storage Directory /home/runner/work/ozone/ozone/hadoop-ozone/integration-test/target/test-dir/MiniOzoneClusterImpl-871b4ddd-f672-4be1-b73a-1629492f36a3/ozone-metadata/datanode-1/ratis/59202f93-fb69-4c18-9e9a-5f01eae184e2
2025-09-27 09:19:46,857 [c792898a-1981-4e29-8158-41294c472b61-groupManagement] INFO  server.RaftServerConfigKeys (ConfUtils.java:logGet(62)) - raft.server.log.queue.byte-limit = 4294967296 (custom)
2025-09-27 09:19:46,857 [EventQueue-PipelineReportForOneReplicaPipelineSafeModeRule] INFO  safemode.SCMSafeModeManager (SCMSafeModeManager.java:validateSafeModeExitRules(138)) - AtleastOneDatanodeReportedRule rule is successfully validated
2025-09-27 09:19:46,857 [c792898a-1981-4e29-8158-41294c472b61-groupManagement] INFO  server.RaftServerConfigKeys (ConfUtils.java:logGet(62)) - raft.server.log.segment.size.max = 67108864 (custom)
2025-09-27 09:19:46,858 [c792898a-1981-4e29-8158-41294c472b61-groupManagement] INFO  server.RaftServerConfigKeys (ConfUtils.java:logGet(62)) - raft.server.log.preallocated.size = 4194304 (custom)
2025-09-27 09:19:46,859 [c792898a-1981-4e29-8158-41294c472b61-groupManagement] INFO  server.RaftServerConfigKeys (ConfUtils.java:logGet(62)) - raft.server.log.write.buffer.size = 33554440 (custom)
2025-09-27 09:19:46,862 [grpc-default-executor-1] WARN  server.GrpcAdminProtocolService (GrpcAdminProtocolService.java:lambda$groupManagement$1(53)) - Failed groupManagement: GROUPADD, GroupManagementRequest:client-88F8FBDDEF92->83932d67-4fdc-4fe4-8fe1-3df6c3f1844a@group-F78CC9DDB469, cid=9, seq=null, RW, null, Add:group-F78CC9DDB469:[83932d67-4fdc-4fe4-8fe1-3df6c3f1844a|127.0.0.1:15023, 18da7ee6-49f7-45ee-8090-861a49f32d36|127.0.0.1:15031, c792898a-1981-4e29-8158-41294c472b61|127.0.0.1:15015]
java.util.concurrent.CompletionException: org.apache.ratis.protocol.exceptions.AlreadyExistsException: 83932d67-4fdc-4fe4-8fe1-3df6c3f1844a: Failed to add group-F78CC9DDB469:[83932d67-4fdc-4fe4-8fe1-3df6c3f1844a|127.0.0.1:15023, 18da7ee6-49f7-45ee-8090-861a49f32d36|127.0.0.1:15031, c792898a-1981-4e29-8158-41294c472b61|127.0.0.1:15015] since the group already exists in the map.
	at java.base/java.util.concurrent.CompletableFuture.encodeThrowable(CompletableFuture.java:332)
	at java.base/java.util.concurrent.CompletableFuture.uniApplyNow(CompletableFuture.java:674)
	at java.base/java.util.concurrent.CompletableFuture.uniApplyStage(CompletableFuture.java:662)
	at java.base/java.util.concurrent.CompletableFuture.thenApplyAsync(CompletableFuture.java:2210)
	at org.apache.ratis.server.impl.RaftServerProxy.groupAddAsync(RaftServerProxy.java:513)
	at org.apache.ratis.server.impl.RaftServerProxy.groupManagementAsync(RaftServerProxy.java:495)
	at org.apache.ratis.grpc.server.GrpcAdminProtocolService.lambda$groupManagement$0(GrpcAdminProtocolService.java:51)
	at org.apache.ratis.grpc.GrpcUtil.asyncCall(GrpcUtil.java:172)
	at org.apache.ratis.grpc.server.GrpcAdminProtocolService.groupManagement(GrpcAdminProtocolService.java:51)
	at org.apache.ratis.proto.grpc.AdminProtocolServiceGrpc$MethodHandlers.invoke(AdminProtocolServiceGrpc.java:701)
	at org.apache.ratis.thirdparty.io.grpc.stub.ServerCalls$UnaryServerCallHandler$UnaryServerCallListener.onHalfClose(ServerCalls.java:182)
	at org.apache.ratis.thirdparty.io.grpc.internal.ServerCallImpl$ServerStreamListenerImpl.halfClosed(ServerCallImpl.java:356)
	at org.apache.ratis.thirdparty.io.grpc.internal.ServerImpl$JumpToApplicationThreadServerStreamListener$1HalfClosed.runInContext(ServerImpl.java:861)
	at org.apache.ratis.thirdparty.io.grpc.internal.ContextRunnable.run(ContextRunnable.java:37)
	at org.apache.ratis.thirdparty.io.grpc.internal.SerializingExecutor.run(SerializingExecutor.java:133)
	at java.base/java.util.concurrent.ThreadPoolExecutor.runWorker(ThreadPoolExecutor.java:1144)
	at java.base/java.util.concurrent.ThreadPoolExecutor$Worker.run(ThreadPoolExecutor.java:642)
	at java.base/java.lang.Thread.run(Thread.java:1583)
Caused by: org.apache.ratis.protocol.exceptions.AlreadyExistsException: 83932d67-4fdc-4fe4-8fe1-3df6c3f1844a: Failed to add group-F78CC9DDB469:[83932d67-4fdc-4fe4-8fe1-3df6c3f1844a|127.0.0.1:15023, 18da7ee6-49f7-45ee-8090-861a49f32d36|127.0.0.1:15031, c792898a-1981-4e29-8158-41294c472b61|127.0.0.1:15015] since the group already exists in the map.
	at org.apache.ratis.server.impl.RaftServerProxy$ImplMap.addNew(RaftServerProxy.java:99)
	at org.apache.ratis.server.impl.RaftServerProxy.groupAddAsync(RaftServerProxy.java:512)
	... 13 more
2025-09-27 09:19:46,863 [83932d67-4fdc-4fe4-8fe1-3df6c3f1844a-CreatePipelineCommandHandlerThread-0] INFO  commandhandler.CreatePipelineCommandHandler (CreatePipelineCommandHandler.java:lambda$handle$2(141)) - Created Pipeline RATIS THREE Pipeline-72238b95-a3bd-4b17-94ed-f78cc9ddb469.
2025-09-27 09:19:46,864 [83932d67-4fdc-4fe4-8fe1-3df6c3f1844a-CreatePipelineCommandHandlerThread-0] INFO  server.RaftServer (RaftServerProxy.java:addNew(105)) - 83932d67-4fdc-4fe4-8fe1-3df6c3f1844a: addNew group-5F01EAE184E2:[83932d67-4fdc-4fe4-8fe1-3df6c3f1844a|127.0.0.1:15023, 18da7ee6-49f7-45ee-8090-861a49f32d36|127.0.0.1:15031, c792898a-1981-4e29-8158-41294c472b61|127.0.0.1:15015] returns group-5F01EAE184E2:java.util.concurrent.CompletableFuture@16809431[Not completed]
2025-09-27 09:19:46,866 [c792898a-1981-4e29-8158-41294c472b61-groupManagement] INFO  server.RaftServerConfigKeys (ConfUtils.java:logGet(62)) - raft.server.log.appender.buffer.byte-limit = 33554432 (custom)
2025-09-27 09:19:46,866 [c792898a-1981-4e29-8158-41294c472b61-groupManagement] INFO  segmented.SegmentedRaftLogWorker (SegmentedRaftLogWorker.java:lambda$new$0(141)) - c792898a-1981-4e29-8158-41294c472b61@group-5F01EAE184E2-SegmentedRaftLogWorker: flushIndex: setUnconditionally 0 -> -1
2025-09-27 09:19:46,867 [c792898a-1981-4e29-8158-41294c472b61-groupManagement] INFO  segmented.SegmentedRaftLogWorker (SegmentedRaftLogWorker.java:lambda$new$0(141)) - c792898a-1981-4e29-8158-41294c472b61@group-5F01EAE184E2-SegmentedRaftLogWorker: safeCacheEvictIndex: setUnconditionally 0 -> -1
2025-09-27 09:19:46,868 [83932d67-4fdc-4fe4-8fe1-3df6c3f1844a-groupManagement] INFO  server.RaftServer$Division (RaftServerImpl.java:<init>(268)) - 83932d67-4fdc-4fe4-8fe1-3df6c3f1844a: new RaftServerImpl for group-5F01EAE184E2:[83932d67-4fdc-4fe4-8fe1-3df6c3f1844a|127.0.0.1:15023, 18da7ee6-49f7-45ee-8090-861a49f32d36|127.0.0.1:15031, c792898a-1981-4e29-8158-41294c472b61|127.0.0.1:15015] with ContainerStateMachine:uninitialized
2025-09-27 09:19:46,868 [c792898a-1981-4e29-8158-41294c472b61-groupManagement] INFO  server.RaftServer$Division (RaftServerImpl.java:start(405)) - c792898a-1981-4e29-8158-41294c472b61@group-5F01EAE184E2: start as a follower, conf=conf: {index: -1, cur=peers:[83932d67-4fdc-4fe4-8fe1-3df6c3f1844a|127.0.0.1:15023, 18da7ee6-49f7-45ee-8090-861a49f32d36|127.0.0.1:15031, c792898a-1981-4e29-8158-41294c472b61|127.0.0.1:15015]|listeners:[], old=null}
2025-09-27 09:19:46,868 [c792898a-1981-4e29-8158-41294c472b61-groupManagement] INFO  server.RaftServer$Division (RaftServerImpl.java:setRole(392)) - c792898a-1981-4e29-8158-41294c472b61@group-5F01EAE184E2: changes role from      null to FOLLOWER at term 0 for startAsFollower
2025-09-27 09:19:46,868 [c792898a-1981-4e29-8158-41294c472b61-groupManagement] INFO  impl.RoleInfo (RoleInfo.java:updateAndGet(148)) - c792898a-1981-4e29-8158-41294c472b61: start c792898a-1981-4e29-8158-41294c472b61@group-5F01EAE184E2-FollowerState
2025-09-27 09:19:46,869 [c792898a-1981-4e29-8158-41294c472b61-groupManagement] INFO  util.JmxRegister (JmxRegister.java:tryRegister(44)) - Successfully registered JMX Bean with object name Ratis:service=RaftServer,group=group-5F01EAE184E2,id=c792898a-1981-4e29-8158-41294c472b61
2025-09-27 09:19:46,869 [c792898a-1981-4e29-8158-41294c472b61-groupManagement] INFO  util.JmxRegister (JmxRegister.java:register(58)) - register mxBean class org.apache.ratis.server.impl.RaftServerJmxAdapter as Ratis:service=RaftServer,group=group-5F01EAE184E2,id=c792898a-1981-4e29-8158-41294c472b61
2025-09-27 09:19:46,869 [83932d67-4fdc-4fe4-8fe1-3df6c3f1844a-groupManagement] INFO  server.RaftServer$Division (ServerState.java:<init>(114)) - 83932d67-4fdc-4fe4-8fe1-3df6c3f1844a@group-5F01EAE184E2: ConfigurationManager, init=conf: {index: -1, cur=peers:[83932d67-4fdc-4fe4-8fe1-3df6c3f1844a|127.0.0.1:15023, 18da7ee6-49f7-45ee-8090-861a49f32d36|127.0.0.1:15031, c792898a-1981-4e29-8158-41294c472b61|127.0.0.1:15015]|listeners:[], old=null}, confs=<EMPTY_MAP>
2025-09-27 09:19:46,871 [c792898a-1981-4e29-8158-41294c472b61-groupManagement] INFO  server.RaftServer$Division (RaftServerImpl.java:start(419)) - c792898a-1981-4e29-8158-41294c472b61@group-5F01EAE184E2: Successfully started.
2025-09-27 09:19:46,871 [c792898a-1981-4e29-8158-41294c472b61-CreatePipelineCommandHandlerThread-0] INFO  ratis.XceiverServerRatis (XceiverServerRatis.java:addGroup(839)) - Created group Pipeline-59202f93-fb69-4c18-9e9a-5f01eae184e2
2025-09-27 09:19:46,878 [83932d67-4fdc-4fe4-8fe1-3df6c3f1844a-groupManagement] INFO  server.RaftServerConfigKeys (ConfUtils.java:logGet(62)) - raft.server.storage.dir = [/home/runner/work/ozone/ozone/hadoop-ozone/integration-test/target/test-dir/MiniOzoneClusterImpl-871b4ddd-f672-4be1-b73a-1629492f36a3/ozone-metadata/datanode-2/ratis] (custom)
2025-09-27 09:19:46,880 [83932d67-4fdc-4fe4-8fe1-3df6c3f1844a-groupManagement] INFO  storage.RaftStorageDirectory (RaftStorageDirectoryImpl.java:analyzeStorage(138)) - The storage directory /home/runner/work/ozone/ozone/hadoop-ozone/integration-test/target/test-dir/MiniOzoneClusterImpl-871b4ddd-f672-4be1-b73a-1629492f36a3/ozone-metadata/datanode-2/ratis/59202f93-fb69-4c18-9e9a-5f01eae184e2 does not exist. Creating ...
2025-09-27 09:19:46,883 [83932d67-4fdc-4fe4-8fe1-3df6c3f1844a-groupManagement] INFO  storage.RaftStorageDirectory (RaftStorageDirectoryImpl.java:tryLock(229)) - Lock on /home/runner/work/ozone/ozone/hadoop-ozone/integration-test/target/test-dir/MiniOzoneClusterImpl-871b4ddd-f672-4be1-b73a-1629492f36a3/ozone-metadata/datanode-2/ratis/59202f93-fb69-4c18-9e9a-5f01eae184e2/in_use.lock acquired by nodename 126253@localhost
2025-09-27 09:19:46,883 [grpc-default-executor-1] WARN  server.GrpcAdminProtocolService (GrpcAdminProtocolService.java:lambda$groupManagement$1(53)) - Failed groupManagement: GROUPADD, GroupManagementRequest:client-BA6FC52A723A->c792898a-1981-4e29-8158-41294c472b61@group-F78CC9DDB469, cid=11, seq=null, RW, null, Add:group-F78CC9DDB469:[83932d67-4fdc-4fe4-8fe1-3df6c3f1844a|127.0.0.1:15023, 18da7ee6-49f7-45ee-8090-861a49f32d36|127.0.0.1:15031, c792898a-1981-4e29-8158-41294c472b61|127.0.0.1:15015]
java.util.concurrent.CompletionException: org.apache.ratis.protocol.exceptions.AlreadyExistsException: c792898a-1981-4e29-8158-41294c472b61: Failed to add group-F78CC9DDB469:[83932d67-4fdc-4fe4-8fe1-3df6c3f1844a|127.0.0.1:15023, 18da7ee6-49f7-45ee-8090-861a49f32d36|127.0.0.1:15031, c792898a-1981-4e29-8158-41294c472b61|127.0.0.1:15015] since the group already exists in the map.
	at java.base/java.util.concurrent.CompletableFuture.encodeThrowable(CompletableFuture.java:332)
	at java.base/java.util.concurrent.CompletableFuture.uniApplyNow(CompletableFuture.java:674)
	at java.base/java.util.concurrent.CompletableFuture.uniApplyStage(CompletableFuture.java:662)
	at java.base/java.util.concurrent.CompletableFuture.thenApplyAsync(CompletableFuture.java:2210)
	at org.apache.ratis.server.impl.RaftServerProxy.groupAddAsync(RaftServerProxy.java:513)
	at org.apache.ratis.server.impl.RaftServerProxy.groupManagementAsync(RaftServerProxy.java:495)
	at org.apache.ratis.grpc.server.GrpcAdminProtocolService.lambda$groupManagement$0(GrpcAdminProtocolService.java:51)
	at org.apache.ratis.grpc.GrpcUtil.asyncCall(GrpcUtil.java:172)
	at org.apache.ratis.grpc.server.GrpcAdminProtocolService.groupManagement(GrpcAdminProtocolService.java:51)
	at org.apache.ratis.proto.grpc.AdminProtocolServiceGrpc$MethodHandlers.invoke(AdminProtocolServiceGrpc.java:701)
	at org.apache.ratis.thirdparty.io.grpc.stub.ServerCalls$UnaryServerCallHandler$UnaryServerCallListener.onHalfClose(ServerCalls.java:182)
	at org.apache.ratis.thirdparty.io.grpc.internal.ServerCallImpl$ServerStreamListenerImpl.halfClosed(ServerCallImpl.java:356)
	at org.apache.ratis.thirdparty.io.grpc.internal.ServerImpl$JumpToApplicationThreadServerStreamListener$1HalfClosed.runInContext(ServerImpl.java:861)
	at org.apache.ratis.thirdparty.io.grpc.internal.ContextRunnable.run(ContextRunnable.java:37)
	at org.apache.ratis.thirdparty.io.grpc.internal.SerializingExecutor.run(SerializingExecutor.java:133)
	at java.base/java.util.concurrent.ThreadPoolExecutor.runWorker(ThreadPoolExecutor.java:1144)
	at java.base/java.util.concurrent.ThreadPoolExecutor$Worker.run(ThreadPoolExecutor.java:642)
	at java.base/java.lang.Thread.run(Thread.java:1583)
Caused by: org.apache.ratis.protocol.exceptions.AlreadyExistsException: c792898a-1981-4e29-8158-41294c472b61: Failed to add group-F78CC9DDB469:[83932d67-4fdc-4fe4-8fe1-3df6c3f1844a|127.0.0.1:15023, 18da7ee6-49f7-45ee-8090-861a49f32d36|127.0.0.1:15031, c792898a-1981-4e29-8158-41294c472b61|127.0.0.1:15015] since the group already exists in the map.
	at org.apache.ratis.server.impl.RaftServerProxy$ImplMap.addNew(RaftServerProxy.java:99)
	at org.apache.ratis.server.impl.RaftServerProxy.groupAddAsync(RaftServerProxy.java:512)
	... 13 more
2025-09-27 09:19:46,886 [83932d67-4fdc-4fe4-8fe1-3df6c3f1844a-groupManagement] INFO  storage.RaftStorage (RaftStorageImpl.java:format(98)) - Storage directory /home/runner/work/ozone/ozone/hadoop-ozone/integration-test/target/test-dir/MiniOzoneClusterImpl-871b4ddd-f672-4be1-b73a-1629492f36a3/ozone-metadata/datanode-2/ratis/59202f93-fb69-4c18-9e9a-5f01eae184e2 has been successfully formatted.
2025-09-27 09:19:46,887 [83932d67-4fdc-4fe4-8fe1-3df6c3f1844a-groupManagement] INFO  ratis.ContainerStateMachine (ContainerStateMachine.java:initialize(339)) - 83932d67-4fdc-4fe4-8fe1-3df6c3f1844a: initialize group-5F01EAE184E2
2025-09-27 09:19:46,887 [83932d67-4fdc-4fe4-8fe1-3df6c3f1844a-groupManagement] INFO  ratis.ContainerStateMachine (ContainerStateMachine.java:loadSnapshot(347)) - group-5F01EAE184E2: The snapshot info is null. Setting the last applied index to:<INITIAL_VALUE>
2025-09-27 09:19:46,887 [83932d67-4fdc-4fe4-8fe1-3df6c3f1844a-groupManagement] INFO  server.RaftServerConfigKeys (ConfUtils.java:logGet(62)) - raft.server.log.appender.buffer.byte-limit = 33554432 (custom)
2025-09-27 09:19:46,889 [grpc-default-executor-1] INFO  server.RaftServer (RaftServerProxy.java:addNew(105)) - 18da7ee6-49f7-45ee-8090-861a49f32d36: addNew group-5F01EAE184E2:[83932d67-4fdc-4fe4-8fe1-3df6c3f1844a|127.0.0.1:15023, 18da7ee6-49f7-45ee-8090-861a49f32d36|127.0.0.1:15031, c792898a-1981-4e29-8158-41294c472b61|127.0.0.1:15015] returns group-5F01EAE184E2:java.util.concurrent.CompletableFuture@6224577d[Not completed]
2025-09-27 09:19:46,889 [EventQueue-PipelineReportForOneReplicaPipelineSafeModeRule] INFO  safemode.SCMSafeModeManager (SCMSafeModeManager.java:validateSafeModeExitRules(138)) - AtleastOneDatanodeReportedRule rule is successfully validated
2025-09-27 09:19:46,891 [18da7ee6-49f7-45ee-8090-861a49f32d36-groupManagement] INFO  server.RaftServer$Division (RaftServerImpl.java:<init>(268)) - 18da7ee6-49f7-45ee-8090-861a49f32d36: new RaftServerImpl for group-5F01EAE184E2:[83932d67-4fdc-4fe4-8fe1-3df6c3f1844a|127.0.0.1:15023, 18da7ee6-49f7-45ee-8090-861a49f32d36|127.0.0.1:15031, c792898a-1981-4e29-8158-41294c472b61|127.0.0.1:15015] with ContainerStateMachine:uninitialized
2025-09-27 09:19:46,892 [18da7ee6-49f7-45ee-8090-861a49f32d36-groupManagement] INFO  server.RaftServer$Division (ServerState.java:<init>(114)) - 18da7ee6-49f7-45ee-8090-861a49f32d36@group-5F01EAE184E2: ConfigurationManager, init=conf: {index: -1, cur=peers:[83932d67-4fdc-4fe4-8fe1-3df6c3f1844a|127.0.0.1:15023, 18da7ee6-49f7-45ee-8090-861a49f32d36|127.0.0.1:15031, c792898a-1981-4e29-8158-41294c472b61|127.0.0.1:15015]|listeners:[], old=null}, confs=<EMPTY_MAP>
2025-09-27 09:19:46,893 [83932d67-4fdc-4fe4-8fe1-3df6c3f1844a-groupManagement] INFO  server.RaftServerConfigKeys (ConfUtils.java:logGet(62)) - raft.server.log.segment.size.max = 67108864 (custom)
2025-09-27 09:19:46,893 [83932d67-4fdc-4fe4-8fe1-3df6c3f1844a-groupManagement] INFO  server.RaftServerConfigKeys (ConfUtils.java:logGet(62)) - raft.server.log.appender.buffer.byte-limit = 33554432 (custom)
2025-09-27 09:19:46,896 [83932d67-4fdc-4fe4-8fe1-3df6c3f1844a-groupManagement] INFO  util.AwaitToRun (AwaitToRun.java:start(81)) - Thread[#937,83932d67-4fdc-4fe4-8fe1-3df6c3f1844a@group-5F01EAE184E2-cacheEviction-AwaitToRun,5,main] started
2025-09-27 09:19:46,896 [83932d67-4fdc-4fe4-8fe1-3df6c3f1844a-groupManagement] INFO  segmented.SegmentedRaftLogWorker (SegmentedRaftLogWorker.java:<init>(190)) - new 83932d67-4fdc-4fe4-8fe1-3df6c3f1844a@group-5F01EAE184E2-SegmentedRaftLogWorker for RaftStorageImpl:Storage Directory /home/runner/work/ozone/ozone/hadoop-ozone/integration-test/target/test-dir/MiniOzoneClusterImpl-871b4ddd-f672-4be1-b73a-1629492f36a3/ozone-metadata/datanode-2/ratis/59202f93-fb69-4c18-9e9a-5f01eae184e2
2025-09-27 09:19:46,896 [83932d67-4fdc-4fe4-8fe1-3df6c3f1844a-groupManagement] INFO  server.RaftServerConfigKeys (ConfUtils.java:logGet(62)) - raft.server.log.queue.byte-limit = 4294967296 (custom)
2025-09-27 09:19:46,896 [83932d67-4fdc-4fe4-8fe1-3df6c3f1844a-groupManagement] INFO  server.RaftServerConfigKeys (ConfUtils.java:logGet(62)) - raft.server.log.segment.size.max = 67108864 (custom)
2025-09-27 09:19:46,896 [83932d67-4fdc-4fe4-8fe1-3df6c3f1844a-groupManagement] INFO  server.RaftServerConfigKeys (ConfUtils.java:logGet(62)) - raft.server.log.preallocated.size = 4194304 (custom)
2025-09-27 09:19:46,897 [83932d67-4fdc-4fe4-8fe1-3df6c3f1844a-groupManagement] INFO  server.RaftServerConfigKeys (ConfUtils.java:logGet(62)) - raft.server.log.write.buffer.size = 33554440 (custom)
2025-09-27 09:19:46,903 [18da7ee6-49f7-45ee-8090-861a49f32d36-CreatePipelineCommandHandlerThread-0] INFO  commandhandler.CreatePipelineCommandHandler (CreatePipelineCommandHandler.java:lambda$handle$2(141)) - Created Pipeline RATIS THREE Pipeline-72238b95-a3bd-4b17-94ed-f78cc9ddb469.
2025-09-27 09:19:46,904 [18da7ee6-49f7-45ee-8090-861a49f32d36-groupManagement] INFO  server.RaftServerConfigKeys (ConfUtils.java:logGet(62)) - raft.server.storage.dir = [/home/runner/work/ozone/ozone/hadoop-ozone/integration-test/target/test-dir/MiniOzoneClusterImpl-871b4ddd-f672-4be1-b73a-1629492f36a3/ozone-metadata/datanode-3/ratis] (custom)
2025-09-27 09:19:46,905 [18da7ee6-49f7-45ee-8090-861a49f32d36-groupManagement] INFO  storage.RaftStorageDirectory (RaftStorageDirectoryImpl.java:analyzeStorage(138)) - The storage directory /home/runner/work/ozone/ozone/hadoop-ozone/integration-test/target/test-dir/MiniOzoneClusterImpl-871b4ddd-f672-4be1-b73a-1629492f36a3/ozone-metadata/datanode-3/ratis/59202f93-fb69-4c18-9e9a-5f01eae184e2 does not exist. Creating ...
2025-09-27 09:19:46,907 [18da7ee6-49f7-45ee-8090-861a49f32d36-groupManagement] INFO  storage.RaftStorageDirectory (RaftStorageDirectoryImpl.java:tryLock(229)) - Lock on /home/runner/work/ozone/ozone/hadoop-ozone/integration-test/target/test-dir/MiniOzoneClusterImpl-871b4ddd-f672-4be1-b73a-1629492f36a3/ozone-metadata/datanode-3/ratis/59202f93-fb69-4c18-9e9a-5f01eae184e2/in_use.lock acquired by nodename 126253@localhost
2025-09-27 09:19:46,907 [83932d67-4fdc-4fe4-8fe1-3df6c3f1844a-groupManagement] INFO  server.RaftServerConfigKeys (ConfUtils.java:logGet(62)) - raft.server.log.appender.buffer.byte-limit = 33554432 (custom)
2025-09-27 09:19:46,908 [83932d67-4fdc-4fe4-8fe1-3df6c3f1844a-groupManagement] INFO  segmented.SegmentedRaftLogWorker (SegmentedRaftLogWorker.java:lambda$new$0(141)) - 83932d67-4fdc-4fe4-8fe1-3df6c3f1844a@group-5F01EAE184E2-SegmentedRaftLogWorker: flushIndex: setUnconditionally 0 -> -1
2025-09-27 09:19:46,908 [83932d67-4fdc-4fe4-8fe1-3df6c3f1844a-groupManagement] INFO  segmented.SegmentedRaftLogWorker (SegmentedRaftLogWorker.java:lambda$new$0(141)) - 83932d67-4fdc-4fe4-8fe1-3df6c3f1844a@group-5F01EAE184E2-SegmentedRaftLogWorker: safeCacheEvictIndex: setUnconditionally 0 -> -1
2025-09-27 09:19:46,908 [18da7ee6-49f7-45ee-8090-861a49f32d36-groupManagement] INFO  storage.RaftStorage (RaftStorageImpl.java:format(98)) - Storage directory /home/runner/work/ozone/ozone/hadoop-ozone/integration-test/target/test-dir/MiniOzoneClusterImpl-871b4ddd-f672-4be1-b73a-1629492f36a3/ozone-metadata/datanode-3/ratis/59202f93-fb69-4c18-9e9a-5f01eae184e2 has been successfully formatted.
2025-09-27 09:19:46,909 [83932d67-4fdc-4fe4-8fe1-3df6c3f1844a-groupManagement] INFO  server.RaftServer$Division (RaftServerImpl.java:start(405)) - 83932d67-4fdc-4fe4-8fe1-3df6c3f1844a@group-5F01EAE184E2: start as a follower, conf=conf: {index: -1, cur=peers:[83932d67-4fdc-4fe4-8fe1-3df6c3f1844a|127.0.0.1:15023, 18da7ee6-49f7-45ee-8090-861a49f32d36|127.0.0.1:15031, c792898a-1981-4e29-8158-41294c472b61|127.0.0.1:15015]|listeners:[], old=null}
2025-09-27 09:19:46,909 [83932d67-4fdc-4fe4-8fe1-3df6c3f1844a-groupManagement] INFO  server.RaftServer$Division (RaftServerImpl.java:setRole(392)) - 83932d67-4fdc-4fe4-8fe1-3df6c3f1844a@group-5F01EAE184E2: changes role from      null to FOLLOWER at term 0 for startAsFollower
2025-09-27 09:19:46,910 [83932d67-4fdc-4fe4-8fe1-3df6c3f1844a-groupManagement] INFO  impl.RoleInfo (RoleInfo.java:updateAndGet(148)) - 83932d67-4fdc-4fe4-8fe1-3df6c3f1844a: start 83932d67-4fdc-4fe4-8fe1-3df6c3f1844a@group-5F01EAE184E2-FollowerState
2025-09-27 09:19:46,910 [18da7ee6-49f7-45ee-8090-861a49f32d36-groupManagement] INFO  ratis.ContainerStateMachine (ContainerStateMachine.java:initialize(339)) - 18da7ee6-49f7-45ee-8090-861a49f32d36: initialize group-5F01EAE184E2
2025-09-27 09:19:46,910 [18da7ee6-49f7-45ee-8090-861a49f32d36-groupManagement] INFO  ratis.ContainerStateMachine (ContainerStateMachine.java:loadSnapshot(347)) - group-5F01EAE184E2: The snapshot info is null. Setting the last applied index to:<INITIAL_VALUE>
2025-09-27 09:19:46,910 [18da7ee6-49f7-45ee-8090-861a49f32d36-groupManagement] INFO  server.RaftServerConfigKeys (ConfUtils.java:logGet(62)) - raft.server.log.appender.buffer.byte-limit = 33554432 (custom)
2025-09-27 09:19:46,911 [83932d67-4fdc-4fe4-8fe1-3df6c3f1844a-groupManagement] INFO  util.JmxRegister (JmxRegister.java:tryRegister(44)) - Successfully registered JMX Bean with object name Ratis:service=RaftServer,group=group-5F01EAE184E2,id=83932d67-4fdc-4fe4-8fe1-3df6c3f1844a
2025-09-27 09:19:46,911 [83932d67-4fdc-4fe4-8fe1-3df6c3f1844a-groupManagement] INFO  util.JmxRegister (JmxRegister.java:register(58)) - register mxBean class org.apache.ratis.server.impl.RaftServerJmxAdapter as Ratis:service=RaftServer,group=group-5F01EAE184E2,id=83932d67-4fdc-4fe4-8fe1-3df6c3f1844a
2025-09-27 09:19:46,913 [83932d67-4fdc-4fe4-8fe1-3df6c3f1844a-groupManagement] INFO  server.RaftServer$Division (RaftServerImpl.java:start(419)) - 83932d67-4fdc-4fe4-8fe1-3df6c3f1844a@group-5F01EAE184E2: Successfully started.
2025-09-27 09:19:46,913 [83932d67-4fdc-4fe4-8fe1-3df6c3f1844a-CreatePipelineCommandHandlerThread-0] INFO  ratis.XceiverServerRatis (XceiverServerRatis.java:addGroup(839)) - Created group Pipeline-59202f93-fb69-4c18-9e9a-5f01eae184e2
2025-09-27 09:19:46,913 [EventQueue-PipelineReportForOneReplicaPipelineSafeModeRule] INFO  safemode.SCMSafeModeManager (SCMSafeModeManager.java:validateSafeModeExitRules(138)) - AtleastOneDatanodeReportedRule rule is successfully validated
2025-09-27 09:19:46,914 [18da7ee6-49f7-45ee-8090-861a49f32d36-groupManagement] INFO  server.RaftServerConfigKeys (ConfUtils.java:logGet(62)) - raft.server.log.segment.size.max = 67108864 (custom)
2025-09-27 09:19:46,915 [18da7ee6-49f7-45ee-8090-861a49f32d36-groupManagement] INFO  server.RaftServerConfigKeys (ConfUtils.java:logGet(62)) - raft.server.log.appender.buffer.byte-limit = 33554432 (custom)
2025-09-27 09:19:46,915 [18da7ee6-49f7-45ee-8090-861a49f32d36-groupManagement] INFO  util.AwaitToRun (AwaitToRun.java:start(81)) - Thread[#944,18da7ee6-49f7-45ee-8090-861a49f32d36@group-5F01EAE184E2-cacheEviction-AwaitToRun,5,main] started
2025-09-27 09:19:46,915 [18da7ee6-49f7-45ee-8090-861a49f32d36-groupManagement] INFO  segmented.SegmentedRaftLogWorker (SegmentedRaftLogWorker.java:<init>(190)) - new 18da7ee6-49f7-45ee-8090-861a49f32d36@group-5F01EAE184E2-SegmentedRaftLogWorker for RaftStorageImpl:Storage Directory /home/runner/work/ozone/ozone/hadoop-ozone/integration-test/target/test-dir/MiniOzoneClusterImpl-871b4ddd-f672-4be1-b73a-1629492f36a3/ozone-metadata/datanode-3/ratis/59202f93-fb69-4c18-9e9a-5f01eae184e2
2025-09-27 09:19:46,915 [18da7ee6-49f7-45ee-8090-861a49f32d36-groupManagement] INFO  server.RaftServerConfigKeys (ConfUtils.java:logGet(62)) - raft.server.log.queue.byte-limit = 4294967296 (custom)
2025-09-27 09:19:46,915 [18da7ee6-49f7-45ee-8090-861a49f32d36-groupManagement] INFO  server.RaftServerConfigKeys (ConfUtils.java:logGet(62)) - raft.server.log.segment.size.max = 67108864 (custom)
2025-09-27 09:19:46,915 [18da7ee6-49f7-45ee-8090-861a49f32d36-groupManagement] INFO  server.RaftServerConfigKeys (ConfUtils.java:logGet(62)) - raft.server.log.preallocated.size = 4194304 (custom)
2025-09-27 09:19:46,916 [18da7ee6-49f7-45ee-8090-861a49f32d36-groupManagement] INFO  server.RaftServerConfigKeys (ConfUtils.java:logGet(62)) - raft.server.log.write.buffer.size = 33554440 (custom)
2025-09-27 09:19:46,922 [18da7ee6-49f7-45ee-8090-861a49f32d36-groupManagement] INFO  server.RaftServerConfigKeys (ConfUtils.java:logGet(62)) - raft.server.log.appender.buffer.byte-limit = 33554432 (custom)
2025-09-27 09:19:46,923 [18da7ee6-49f7-45ee-8090-861a49f32d36-groupManagement] INFO  segmented.SegmentedRaftLogWorker (SegmentedRaftLogWorker.java:lambda$new$0(141)) - 18da7ee6-49f7-45ee-8090-861a49f32d36@group-5F01EAE184E2-SegmentedRaftLogWorker: flushIndex: setUnconditionally 0 -> -1
2025-09-27 09:19:46,923 [18da7ee6-49f7-45ee-8090-861a49f32d36-groupManagement] INFO  segmented.SegmentedRaftLogWorker (SegmentedRaftLogWorker.java:lambda$new$0(141)) - 18da7ee6-49f7-45ee-8090-861a49f32d36@group-5F01EAE184E2-SegmentedRaftLogWorker: safeCacheEvictIndex: setUnconditionally 0 -> -1
2025-09-27 09:19:46,924 [18da7ee6-49f7-45ee-8090-861a49f32d36-groupManagement] INFO  server.RaftServer$Division (RaftServerImpl.java:start(405)) - 18da7ee6-49f7-45ee-8090-861a49f32d36@group-5F01EAE184E2: start as a follower, conf=conf: {index: -1, cur=peers:[83932d67-4fdc-4fe4-8fe1-3df6c3f1844a|127.0.0.1:15023, 18da7ee6-49f7-45ee-8090-861a49f32d36|127.0.0.1:15031, c792898a-1981-4e29-8158-41294c472b61|127.0.0.1:15015]|listeners:[], old=null}
2025-09-27 09:19:46,925 [18da7ee6-49f7-45ee-8090-861a49f32d36-groupManagement] INFO  server.RaftServer$Division (RaftServerImpl.java:setRole(392)) - 18da7ee6-49f7-45ee-8090-861a49f32d36@group-5F01EAE184E2: changes role from      null to FOLLOWER at term 0 for startAsFollower
2025-09-27 09:19:46,925 [18da7ee6-49f7-45ee-8090-861a49f32d36-groupManagement] INFO  impl.RoleInfo (RoleInfo.java:updateAndGet(148)) - 18da7ee6-49f7-45ee-8090-861a49f32d36: start 18da7ee6-49f7-45ee-8090-861a49f32d36@group-5F01EAE184E2-FollowerState
2025-09-27 09:19:46,926 [18da7ee6-49f7-45ee-8090-861a49f32d36-groupManagement] INFO  util.JmxRegister (JmxRegister.java:tryRegister(44)) - Successfully registered JMX Bean with object name Ratis:service=RaftServer,group=group-5F01EAE184E2,id=18da7ee6-49f7-45ee-8090-861a49f32d36
2025-09-27 09:19:46,926 [18da7ee6-49f7-45ee-8090-861a49f32d36-groupManagement] INFO  util.JmxRegister (JmxRegister.java:register(58)) - register mxBean class org.apache.ratis.server.impl.RaftServerJmxAdapter as Ratis:service=RaftServer,group=group-5F01EAE184E2,id=18da7ee6-49f7-45ee-8090-861a49f32d36
2025-09-27 09:19:46,930 [grpc-default-executor-1] WARN  server.GrpcAdminProtocolService (GrpcAdminProtocolService.java:lambda$groupManagement$1(53)) - Failed groupManagement: GROUPADD, GroupManagementRequest:client-03F744E229B7->c792898a-1981-4e29-8158-41294c472b61@group-5F01EAE184E2, cid=12, seq=null, RW, null, Add:group-5F01EAE184E2:[83932d67-4fdc-4fe4-8fe1-3df6c3f1844a|127.0.0.1:15023, 18da7ee6-49f7-45ee-8090-861a49f32d36|127.0.0.1:15031, c792898a-1981-4e29-8158-41294c472b61|127.0.0.1:15015]
java.util.concurrent.CompletionException: org.apache.ratis.protocol.exceptions.AlreadyExistsException: c792898a-1981-4e29-8158-41294c472b61: Failed to add group-5F01EAE184E2:[83932d67-4fdc-4fe4-8fe1-3df6c3f1844a|127.0.0.1:15023, 18da7ee6-49f7-45ee-8090-861a49f32d36|127.0.0.1:15031, c792898a-1981-4e29-8158-41294c472b61|127.0.0.1:15015] since the group already exists in the map.
	at java.base/java.util.concurrent.CompletableFuture.encodeThrowable(CompletableFuture.java:332)
	at java.base/java.util.concurrent.CompletableFuture.uniApplyNow(CompletableFuture.java:674)
	at java.base/java.util.concurrent.CompletableFuture.uniApplyStage(CompletableFuture.java:662)
	at java.base/java.util.concurrent.CompletableFuture.thenApplyAsync(CompletableFuture.java:2210)
	at org.apache.ratis.server.impl.RaftServerProxy.groupAddAsync(RaftServerProxy.java:513)
	at org.apache.ratis.server.impl.RaftServerProxy.groupManagementAsync(RaftServerProxy.java:495)
	at org.apache.ratis.grpc.server.GrpcAdminProtocolService.lambda$groupManagement$0(GrpcAdminProtocolService.java:51)
	at org.apache.ratis.grpc.GrpcUtil.asyncCall(GrpcUtil.java:172)
	at org.apache.ratis.grpc.server.GrpcAdminProtocolService.groupManagement(GrpcAdminProtocolService.java:51)
	at org.apache.ratis.proto.grpc.AdminProtocolServiceGrpc$MethodHandlers.invoke(AdminProtocolServiceGrpc.java:701)
	at org.apache.ratis.thirdparty.io.grpc.stub.ServerCalls$UnaryServerCallHandler$UnaryServerCallListener.onHalfClose(ServerCalls.java:182)
	at org.apache.ratis.thirdparty.io.grpc.internal.ServerCallImpl$ServerStreamListenerImpl.halfClosed(ServerCallImpl.java:356)
	at org.apache.ratis.thirdparty.io.grpc.internal.ServerImpl$JumpToApplicationThreadServerStreamListener$1HalfClosed.runInContext(ServerImpl.java:861)
	at org.apache.ratis.thirdparty.io.grpc.internal.ContextRunnable.run(ContextRunnable.java:37)
	at org.apache.ratis.thirdparty.io.grpc.internal.SerializingExecutor.run(SerializingExecutor.java:133)
	at java.base/java.util.concurrent.ThreadPoolExecutor.runWorker(ThreadPoolExecutor.java:1144)
	at java.base/java.util.concurrent.ThreadPoolExecutor$Worker.run(ThreadPoolExecutor.java:642)
	at java.base/java.lang.Thread.run(Thread.java:1583)
Caused by: org.apache.ratis.protocol.exceptions.AlreadyExistsException: c792898a-1981-4e29-8158-41294c472b61: Failed to add group-5F01EAE184E2:[83932d67-4fdc-4fe4-8fe1-3df6c3f1844a|127.0.0.1:15023, 18da7ee6-49f7-45ee-8090-861a49f32d36|127.0.0.1:15031, c792898a-1981-4e29-8158-41294c472b61|127.0.0.1:15015] since the group already exists in the map.
	at org.apache.ratis.server.impl.RaftServerProxy$ImplMap.addNew(RaftServerProxy.java:99)
	at org.apache.ratis.server.impl.RaftServerProxy.groupAddAsync(RaftServerProxy.java:512)
	... 13 more
2025-09-27 09:19:46,930 [18da7ee6-49f7-45ee-8090-861a49f32d36-groupManagement] INFO  server.RaftServer$Division (RaftServerImpl.java:start(419)) - 18da7ee6-49f7-45ee-8090-861a49f32d36@group-5F01EAE184E2: Successfully started.
2025-09-27 09:19:46,949 [grpc-default-executor-0] WARN  server.GrpcAdminProtocolService (GrpcAdminProtocolService.java:lambda$groupManagement$1(53)) - Failed groupManagement: GROUPADD, GroupManagementRequest:client-10AC2B212C54->83932d67-4fdc-4fe4-8fe1-3df6c3f1844a@group-5F01EAE184E2, cid=14, seq=null, RW, null, Add:group-5F01EAE184E2:[83932d67-4fdc-4fe4-8fe1-3df6c3f1844a|127.0.0.1:15023, 18da7ee6-49f7-45ee-8090-861a49f32d36|127.0.0.1:15031, c792898a-1981-4e29-8158-41294c472b61|127.0.0.1:15015]
java.util.concurrent.CompletionException: org.apache.ratis.protocol.exceptions.AlreadyExistsException: 83932d67-4fdc-4fe4-8fe1-3df6c3f1844a: Failed to add group-5F01EAE184E2:[83932d67-4fdc-4fe4-8fe1-3df6c3f1844a|127.0.0.1:15023, 18da7ee6-49f7-45ee-8090-861a49f32d36|127.0.0.1:15031, c792898a-1981-4e29-8158-41294c472b61|127.0.0.1:15015] since the group already exists in the map.
	at java.base/java.util.concurrent.CompletableFuture.encodeThrowable(CompletableFuture.java:332)
	at java.base/java.util.concurrent.CompletableFuture.uniApplyNow(CompletableFuture.java:674)
	at java.base/java.util.concurrent.CompletableFuture.uniApplyStage(CompletableFuture.java:662)
	at java.base/java.util.concurrent.CompletableFuture.thenApplyAsync(CompletableFuture.java:2210)
	at org.apache.ratis.server.impl.RaftServerProxy.groupAddAsync(RaftServerProxy.java:513)
	at org.apache.ratis.server.impl.RaftServerProxy.groupManagementAsync(RaftServerProxy.java:495)
	at org.apache.ratis.grpc.server.GrpcAdminProtocolService.lambda$groupManagement$0(GrpcAdminProtocolService.java:51)
	at org.apache.ratis.grpc.GrpcUtil.asyncCall(GrpcUtil.java:172)
	at org.apache.ratis.grpc.server.GrpcAdminProtocolService.groupManagement(GrpcAdminProtocolService.java:51)
	at org.apache.ratis.proto.grpc.AdminProtocolServiceGrpc$MethodHandlers.invoke(AdminProtocolServiceGrpc.java:701)
	at org.apache.ratis.thirdparty.io.grpc.stub.ServerCalls$UnaryServerCallHandler$UnaryServerCallListener.onHalfClose(ServerCalls.java:182)
	at org.apache.ratis.thirdparty.io.grpc.internal.ServerCallImpl$ServerStreamListenerImpl.halfClosed(ServerCallImpl.java:356)
	at org.apache.ratis.thirdparty.io.grpc.internal.ServerImpl$JumpToApplicationThreadServerStreamListener$1HalfClosed.runInContext(ServerImpl.java:861)
	at org.apache.ratis.thirdparty.io.grpc.internal.ContextRunnable.run(ContextRunnable.java:37)
	at org.apache.ratis.thirdparty.io.grpc.internal.SerializingExecutor.run(SerializingExecutor.java:133)
	at java.base/java.util.concurrent.ThreadPoolExecutor.runWorker(ThreadPoolExecutor.java:1144)
	at java.base/java.util.concurrent.ThreadPoolExecutor$Worker.run(ThreadPoolExecutor.java:642)
	at java.base/java.lang.Thread.run(Thread.java:1583)
Caused by: org.apache.ratis.protocol.exceptions.AlreadyExistsException: 83932d67-4fdc-4fe4-8fe1-3df6c3f1844a: Failed to add group-5F01EAE184E2:[83932d67-4fdc-4fe4-8fe1-3df6c3f1844a|127.0.0.1:15023, 18da7ee6-49f7-45ee-8090-861a49f32d36|127.0.0.1:15031, c792898a-1981-4e29-8158-41294c472b61|127.0.0.1:15015] since the group already exists in the map.
	at org.apache.ratis.server.impl.RaftServerProxy$ImplMap.addNew(RaftServerProxy.java:99)
	at org.apache.ratis.server.impl.RaftServerProxy.groupAddAsync(RaftServerProxy.java:512)
	... 13 more
2025-09-27 09:19:46,950 [grpc-default-executor-1] WARN  server.GrpcAdminProtocolService (GrpcAdminProtocolService.java:lambda$groupManagement$1(53)) - Failed groupManagement: GROUPADD, GroupManagementRequest:client-2D1D063F2D62->18da7ee6-49f7-45ee-8090-861a49f32d36@group-5F01EAE184E2, cid=13, seq=null, RW, null, Add:group-5F01EAE184E2:[83932d67-4fdc-4fe4-8fe1-3df6c3f1844a|127.0.0.1:15023, 18da7ee6-49f7-45ee-8090-861a49f32d36|127.0.0.1:15031, c792898a-1981-4e29-8158-41294c472b61|127.0.0.1:15015]
java.util.concurrent.CompletionException: org.apache.ratis.protocol.exceptions.AlreadyExistsException: 18da7ee6-49f7-45ee-8090-861a49f32d36: Failed to add group-5F01EAE184E2:[83932d67-4fdc-4fe4-8fe1-3df6c3f1844a|127.0.0.1:15023, 18da7ee6-49f7-45ee-8090-861a49f32d36|127.0.0.1:15031, c792898a-1981-4e29-8158-41294c472b61|127.0.0.1:15015] since the group already exists in the map.
	at java.base/java.util.concurrent.CompletableFuture.encodeThrowable(CompletableFuture.java:332)
	at java.base/java.util.concurrent.CompletableFuture.uniApplyNow(CompletableFuture.java:674)
	at java.base/java.util.concurrent.CompletableFuture.uniApplyStage(CompletableFuture.java:662)
	at java.base/java.util.concurrent.CompletableFuture.thenApplyAsync(CompletableFuture.java:2210)
	at org.apache.ratis.server.impl.RaftServerProxy.groupAddAsync(RaftServerProxy.java:513)
	at org.apache.ratis.server.impl.RaftServerProxy.groupManagementAsync(RaftServerProxy.java:495)
	at org.apache.ratis.grpc.server.GrpcAdminProtocolService.lambda$groupManagement$0(GrpcAdminProtocolService.java:51)
	at org.apache.ratis.grpc.GrpcUtil.asyncCall(GrpcUtil.java:172)
	at org.apache.ratis.grpc.server.GrpcAdminProtocolService.groupManagement(GrpcAdminProtocolService.java:51)
	at org.apache.ratis.proto.grpc.AdminProtocolServiceGrpc$MethodHandlers.invoke(AdminProtocolServiceGrpc.java:701)
	at org.apache.ratis.thirdparty.io.grpc.stub.ServerCalls$UnaryServerCallHandler$UnaryServerCallListener.onHalfClose(ServerCalls.java:182)
	at org.apache.ratis.thirdparty.io.grpc.internal.ServerCallImpl$ServerStreamListenerImpl.halfClosed(ServerCallImpl.java:356)
	at org.apache.ratis.thirdparty.io.grpc.internal.ServerImpl$JumpToApplicationThreadServerStreamListener$1HalfClosed.runInContext(ServerImpl.java:861)
	at org.apache.ratis.thirdparty.io.grpc.internal.ContextRunnable.run(ContextRunnable.java:37)
	at org.apache.ratis.thirdparty.io.grpc.internal.SerializingExecutor.run(SerializingExecutor.java:133)
	at java.base/java.util.concurrent.ThreadPoolExecutor.runWorker(ThreadPoolExecutor.java:1144)
	at java.base/java.util.concurrent.ThreadPoolExecutor$Worker.run(ThreadPoolExecutor.java:642)
	at java.base/java.lang.Thread.run(Thread.java:1583)
Caused by: org.apache.ratis.protocol.exceptions.AlreadyExistsException: 18da7ee6-49f7-45ee-8090-861a49f32d36: Failed to add group-5F01EAE184E2:[83932d67-4fdc-4fe4-8fe1-3df6c3f1844a|127.0.0.1:15023, 18da7ee6-49f7-45ee-8090-861a49f32d36|127.0.0.1:15031, c792898a-1981-4e29-8158-41294c472b61|127.0.0.1:15015] since the group already exists in the map.
	at org.apache.ratis.server.impl.RaftServerProxy$ImplMap.addNew(RaftServerProxy.java:99)
	at org.apache.ratis.server.impl.RaftServerProxy.groupAddAsync(RaftServerProxy.java:512)
	... 13 more
2025-09-27 09:19:46,959 [c792898a-1981-4e29-8158-41294c472b61-CreatePipelineCommandHandlerThread-0] INFO  commandhandler.CreatePipelineCommandHandler (CreatePipelineCommandHandler.java:lambda$handle$2(141)) - Created Pipeline RATIS THREE Pipeline-59202f93-fb69-4c18-9e9a-5f01eae184e2.
2025-09-27 09:19:46,959 [83932d67-4fdc-4fe4-8fe1-3df6c3f1844a-CreatePipelineCommandHandlerThread-0] INFO  commandhandler.CreatePipelineCommandHandler (CreatePipelineCommandHandler.java:lambda$handle$2(141)) - Created Pipeline RATIS THREE Pipeline-59202f93-fb69-4c18-9e9a-5f01eae184e2.
2025-09-27 09:19:47,024 [25d9f169-1c9e-47c6-a2a2-d20fb3c5fda2-CreatePipelineCommandHandlerThread-0] INFO  server.RaftServer (RaftServerProxy.java:addNew(105)) - 25d9f169-1c9e-47c6-a2a2-d20fb3c5fda2: addNew group-F536DCC524F8:[25d9f169-1c9e-47c6-a2a2-d20fb3c5fda2|127.0.0.1:15039] returns group-F536DCC524F8:java.util.concurrent.CompletableFuture@5b840bdf[Not completed]
2025-09-27 09:19:47,025 [EventQueue-PipelineReportForOneReplicaPipelineSafeModeRule] INFO  safemode.SCMSafeModeManager (SCMSafeModeManager.java:validateSafeModeExitRules(138)) - AtleastOneDatanodeReportedRule rule is successfully validated
2025-09-27 09:19:47,027 [25d9f169-1c9e-47c6-a2a2-d20fb3c5fda2-groupManagement] INFO  server.RaftServer$Division (RaftServerImpl.java:<init>(268)) - 25d9f169-1c9e-47c6-a2a2-d20fb3c5fda2: new RaftServerImpl for group-F536DCC524F8:[25d9f169-1c9e-47c6-a2a2-d20fb3c5fda2|127.0.0.1:15039] with ContainerStateMachine:uninitialized
2025-09-27 09:19:47,027 [25d9f169-1c9e-47c6-a2a2-d20fb3c5fda2-groupManagement] INFO  server.RaftServer$Division (ServerState.java:<init>(114)) - 25d9f169-1c9e-47c6-a2a2-d20fb3c5fda2@group-F536DCC524F8: ConfigurationManager, init=conf: {index: -1, cur=peers:[25d9f169-1c9e-47c6-a2a2-d20fb3c5fda2|127.0.0.1:15039]|listeners:[], old=null}, confs=<EMPTY_MAP>
2025-09-27 09:19:47,032 [25d9f169-1c9e-47c6-a2a2-d20fb3c5fda2-groupManagement] INFO  server.RaftServerConfigKeys (ConfUtils.java:logGet(62)) - raft.server.storage.dir = [/home/runner/work/ozone/ozone/hadoop-ozone/integration-test/target/test-dir/MiniOzoneClusterImpl-871b4ddd-f672-4be1-b73a-1629492f36a3/ozone-metadata/datanode-4/ratis] (custom)
2025-09-27 09:19:47,032 [25d9f169-1c9e-47c6-a2a2-d20fb3c5fda2-groupManagement] INFO  storage.RaftStorageDirectory (RaftStorageDirectoryImpl.java:analyzeStorage(138)) - The storage directory /home/runner/work/ozone/ozone/hadoop-ozone/integration-test/target/test-dir/MiniOzoneClusterImpl-871b4ddd-f672-4be1-b73a-1629492f36a3/ozone-metadata/datanode-4/ratis/28bb5338-7828-4c83-b5fb-f536dcc524f8 does not exist. Creating ...
2025-09-27 09:19:47,034 [25d9f169-1c9e-47c6-a2a2-d20fb3c5fda2-groupManagement] INFO  storage.RaftStorageDirectory (RaftStorageDirectoryImpl.java:tryLock(229)) - Lock on /home/runner/work/ozone/ozone/hadoop-ozone/integration-test/target/test-dir/MiniOzoneClusterImpl-871b4ddd-f672-4be1-b73a-1629492f36a3/ozone-metadata/datanode-4/ratis/28bb5338-7828-4c83-b5fb-f536dcc524f8/in_use.lock acquired by nodename 126253@localhost
2025-09-27 09:19:47,035 [25d9f169-1c9e-47c6-a2a2-d20fb3c5fda2-groupManagement] INFO  storage.RaftStorage (RaftStorageImpl.java:format(98)) - Storage directory /home/runner/work/ozone/ozone/hadoop-ozone/integration-test/target/test-dir/MiniOzoneClusterImpl-871b4ddd-f672-4be1-b73a-1629492f36a3/ozone-metadata/datanode-4/ratis/28bb5338-7828-4c83-b5fb-f536dcc524f8 has been successfully formatted.
2025-09-27 09:19:47,036 [25d9f169-1c9e-47c6-a2a2-d20fb3c5fda2-groupManagement] INFO  ratis.ContainerStateMachine (ContainerStateMachine.java:initialize(339)) - 25d9f169-1c9e-47c6-a2a2-d20fb3c5fda2: initialize group-F536DCC524F8
2025-09-27 09:19:47,036 [25d9f169-1c9e-47c6-a2a2-d20fb3c5fda2-groupManagement] INFO  ratis.ContainerStateMachine (ContainerStateMachine.java:loadSnapshot(347)) - group-F536DCC524F8: The snapshot info is null. Setting the last applied index to:<INITIAL_VALUE>
2025-09-27 09:19:47,036 [25d9f169-1c9e-47c6-a2a2-d20fb3c5fda2-groupManagement] INFO  server.RaftServerConfigKeys (ConfUtils.java:logGet(62)) - raft.server.log.appender.buffer.byte-limit = 33554432 (custom)
2025-09-27 09:19:47,038 [EventQueue-PipelineReportForOneReplicaPipelineSafeModeRule] INFO  safemode.SCMSafeModeManager (SCMSafeModeManager.java:validateSafeModeExitRules(138)) - AtleastOneDatanodeReportedRule rule is successfully validated
2025-09-27 09:19:47,039 [25d9f169-1c9e-47c6-a2a2-d20fb3c5fda2-groupManagement] INFO  server.RaftServerConfigKeys (ConfUtils.java:logGet(62)) - raft.server.log.segment.size.max = 67108864 (custom)
2025-09-27 09:19:47,039 [25d9f169-1c9e-47c6-a2a2-d20fb3c5fda2-groupManagement] INFO  server.RaftServerConfigKeys (ConfUtils.java:logGet(62)) - raft.server.log.appender.buffer.byte-limit = 33554432 (custom)
2025-09-27 09:19:47,040 [25d9f169-1c9e-47c6-a2a2-d20fb3c5fda2-groupManagement] INFO  util.AwaitToRun (AwaitToRun.java:start(81)) - Thread[#962,25d9f169-1c9e-47c6-a2a2-d20fb3c5fda2@group-F536DCC524F8-cacheEviction-AwaitToRun,5,main] started
2025-09-27 09:19:47,040 [25d9f169-1c9e-47c6-a2a2-d20fb3c5fda2-groupManagement] INFO  segmented.SegmentedRaftLogWorker (SegmentedRaftLogWorker.java:<init>(190)) - new 25d9f169-1c9e-47c6-a2a2-d20fb3c5fda2@group-F536DCC524F8-SegmentedRaftLogWorker for RaftStorageImpl:Storage Directory /home/runner/work/ozone/ozone/hadoop-ozone/integration-test/target/test-dir/MiniOzoneClusterImpl-871b4ddd-f672-4be1-b73a-1629492f36a3/ozone-metadata/datanode-4/ratis/28bb5338-7828-4c83-b5fb-f536dcc524f8
2025-09-27 09:19:47,040 [25d9f169-1c9e-47c6-a2a2-d20fb3c5fda2-groupManagement] INFO  server.RaftServerConfigKeys (ConfUtils.java:logGet(62)) - raft.server.log.queue.byte-limit = 4294967296 (custom)
2025-09-27 09:19:47,040 [25d9f169-1c9e-47c6-a2a2-d20fb3c5fda2-groupManagement] INFO  server.RaftServerConfigKeys (ConfUtils.java:logGet(62)) - raft.server.log.segment.size.max = 67108864 (custom)
2025-09-27 09:19:47,041 [25d9f169-1c9e-47c6-a2a2-d20fb3c5fda2-groupManagement] INFO  server.RaftServerConfigKeys (ConfUtils.java:logGet(62)) - raft.server.log.preallocated.size = 4194304 (custom)
2025-09-27 09:19:47,041 [25d9f169-1c9e-47c6-a2a2-d20fb3c5fda2-groupManagement] INFO  server.RaftServerConfigKeys (ConfUtils.java:logGet(62)) - raft.server.log.write.buffer.size = 33554440 (custom)
2025-09-27 09:19:47,042 [07f651f6-8f87-47bb-8f69-34e194401a37@group-1629492F36A3-StateMachineUpdater] INFO  safemode.SCMSafeModeManager (SCMSafeModeManager.java:validateSafeModeExitRules(138)) - DataNodeSafeModeRule rule is successfully validated
2025-09-27 09:19:47,043 [07f651f6-8f87-47bb-8f69-34e194401a37@group-1629492F36A3-StateMachineUpdater] INFO  safemode.SCMSafeModeManager (SCMSafeModeManager.java:validateSafeModeExitRules(138)) - RatisContainerSafeModeRule rule is successfully validated
2025-09-27 09:19:47,043 [07f651f6-8f87-47bb-8f69-34e194401a37@group-1629492F36A3-StateMachineUpdater] INFO  safemode.HealthyPipelineSafeModeRule (HealthyPipelineSafeModeRule.java:initializeRule(228)) - Refreshed total pipeline count is 0, healthy pipeline threshold count is 1
2025-09-27 09:19:47,043 [07f651f6-8f87-47bb-8f69-34e194401a37@group-1629492F36A3-StateMachineUpdater] INFO  safemode.SCMSafeModeManager (SCMSafeModeManager.java:validateSafeModeExitRules(138)) - ECContainerSafeModeRule rule is successfully validated
2025-09-27 09:19:47,043 [07f651f6-8f87-47bb-8f69-34e194401a37@group-1629492F36A3-StateMachineUpdater] INFO  safemode.SCMSafeModeManager (SCMSafeModeManager.java:validateSafeModeExitRules(138)) - AtleastOneDatanodeReportedRule rule is successfully validated
2025-09-27 09:19:47,043 [EventQueue-PipelineReportForPipelineReportHandler] INFO  pipeline.PipelineReportHandler (PipelineReportHandler.java:processPipelineReport(132)) - Opened pipeline Pipeline-28bb5338-7828-4c83-b5fb-f536dcc524f8
2025-09-27 09:19:47,047 [25d9f169-1c9e-47c6-a2a2-d20fb3c5fda2-groupManagement] INFO  server.RaftServerConfigKeys (ConfUtils.java:logGet(62)) - raft.server.log.appender.buffer.byte-limit = 33554432 (custom)
2025-09-27 09:19:47,047 [25d9f169-1c9e-47c6-a2a2-d20fb3c5fda2-groupManagement] INFO  segmented.SegmentedRaftLogWorker (SegmentedRaftLogWorker.java:lambda$new$0(141)) - 25d9f169-1c9e-47c6-a2a2-d20fb3c5fda2@group-F536DCC524F8-SegmentedRaftLogWorker: flushIndex: setUnconditionally 0 -> -1
2025-09-27 09:19:47,047 [25d9f169-1c9e-47c6-a2a2-d20fb3c5fda2-groupManagement] INFO  segmented.SegmentedRaftLogWorker (SegmentedRaftLogWorker.java:lambda$new$0(141)) - 25d9f169-1c9e-47c6-a2a2-d20fb3c5fda2@group-F536DCC524F8-SegmentedRaftLogWorker: safeCacheEvictIndex: setUnconditionally 0 -> -1
2025-09-27 09:19:47,048 [25d9f169-1c9e-47c6-a2a2-d20fb3c5fda2-groupManagement] INFO  server.RaftServer$Division (RaftServerImpl.java:start(405)) - 25d9f169-1c9e-47c6-a2a2-d20fb3c5fda2@group-F536DCC524F8: start as a follower, conf=conf: {index: -1, cur=peers:[25d9f169-1c9e-47c6-a2a2-d20fb3c5fda2|127.0.0.1:15039]|listeners:[], old=null}
2025-09-27 09:19:47,048 [25d9f169-1c9e-47c6-a2a2-d20fb3c5fda2-groupManagement] INFO  server.RaftServer$Division (RaftServerImpl.java:setRole(392)) - 25d9f169-1c9e-47c6-a2a2-d20fb3c5fda2@group-F536DCC524F8: changes role from      null to FOLLOWER at term 0 for startAsFollower
2025-09-27 09:19:47,048 [25d9f169-1c9e-47c6-a2a2-d20fb3c5fda2-groupManagement] INFO  impl.RoleInfo (RoleInfo.java:updateAndGet(148)) - 25d9f169-1c9e-47c6-a2a2-d20fb3c5fda2: start 25d9f169-1c9e-47c6-a2a2-d20fb3c5fda2@group-F536DCC524F8-FollowerState
2025-09-27 09:19:47,048 [25d9f169-1c9e-47c6-a2a2-d20fb3c5fda2-groupManagement] INFO  util.JmxRegister (JmxRegister.java:tryRegister(44)) - Successfully registered JMX Bean with object name Ratis:service=RaftServer,group=group-F536DCC524F8,id=25d9f169-1c9e-47c6-a2a2-d20fb3c5fda2
2025-09-27 09:19:47,048 [25d9f169-1c9e-47c6-a2a2-d20fb3c5fda2-groupManagement] INFO  util.JmxRegister (JmxRegister.java:register(58)) - register mxBean class org.apache.ratis.server.impl.RaftServerJmxAdapter as Ratis:service=RaftServer,group=group-F536DCC524F8,id=25d9f169-1c9e-47c6-a2a2-d20fb3c5fda2
2025-09-27 09:19:47,049 [25d9f169-1c9e-47c6-a2a2-d20fb3c5fda2-groupManagement] INFO  server.RaftServer$Division (RaftServerImpl.java:start(419)) - 25d9f169-1c9e-47c6-a2a2-d20fb3c5fda2@group-F536DCC524F8: Successfully started.
2025-09-27 09:19:47,050 [25d9f169-1c9e-47c6-a2a2-d20fb3c5fda2-CreatePipelineCommandHandlerThread-0] INFO  ratis.XceiverServerRatis (XceiverServerRatis.java:addGroup(839)) - Created group Pipeline-28bb5338-7828-4c83-b5fb-f536dcc524f8
2025-09-27 09:19:47,050 [25d9f169-1c9e-47c6-a2a2-d20fb3c5fda2-CreatePipelineCommandHandlerThread-0] INFO  commandhandler.CreatePipelineCommandHandler (CreatePipelineCommandHandler.java:lambda$handle$2(141)) - Created Pipeline RATIS ONE Pipeline-28bb5338-7828-4c83-b5fb-f536dcc524f8.
2025-09-27 09:19:47,367 [EventQueue-PipelineReportForOneReplicaPipelineSafeModeRule] INFO  safemode.SCMSafeModeManager (SCMSafeModeManager.java:validateSafeModeExitRules(138)) - AtleastOneDatanodeReportedRule rule is successfully validated
2025-09-27 09:19:47,441 [c792898a-1981-4e29-8158-41294c472b61@group-C5B96A071F98-FollowerState] INFO  impl.FollowerState (FollowerState.java:runImpl(161)) - c792898a-1981-4e29-8158-41294c472b61@group-C5B96A071F98-FollowerState: change to CANDIDATE, lastRpcElapsedTime:1083475655ns, electionTimeout:1082ms
2025-09-27 09:19:47,441 [c792898a-1981-4e29-8158-41294c472b61@group-C5B96A071F98-FollowerState] INFO  impl.RoleInfo (RoleInfo.java:shutdownFollowerState(121)) - c792898a-1981-4e29-8158-41294c472b61: shutdown c792898a-1981-4e29-8158-41294c472b61@group-C5B96A071F98-FollowerState
2025-09-27 09:19:47,442 [c792898a-1981-4e29-8158-41294c472b61@group-C5B96A071F98-FollowerState] INFO  server.RaftServer$Division (RaftServerImpl.java:setRole(392)) - c792898a-1981-4e29-8158-41294c472b61@group-C5B96A071F98: changes role from  FOLLOWER to CANDIDATE at term 0 for changeToCandidate
2025-09-27 09:19:47,442 [c792898a-1981-4e29-8158-41294c472b61@group-C5B96A071F98-FollowerState] INFO  impl.RoleInfo (RoleInfo.java:updateAndGet(148)) - c792898a-1981-4e29-8158-41294c472b61: start c792898a-1981-4e29-8158-41294c472b61@group-C5B96A071F98-LeaderElection4
2025-09-27 09:19:47,442 [c792898a-1981-4e29-8158-41294c472b61@group-C5B96A071F98-LeaderElection4] INFO  impl.LeaderElection (LeaderElection.java:askForVotes(448)) - c792898a-1981-4e29-8158-41294c472b61@group-C5B96A071F98-LeaderElection4 PRE_VOTE round 0: submit vote requests at term 0 for conf: {index: -1, cur=peers:[83932d67-4fdc-4fe4-8fe1-3df6c3f1844a|127.0.0.1:15023, 18da7ee6-49f7-45ee-8090-861a49f32d36|127.0.0.1:15031, c792898a-1981-4e29-8158-41294c472b61|127.0.0.1:15015]|listeners:[], old=null}
2025-09-27 09:19:47,446 [c792898a-1981-4e29-8158-41294c472b61@group-C5B96A071F98-LeaderElection4-1] INFO  server.GrpcServerProtocolClient (GrpcServerProtocolClient.java:<init>(65)) - Build channel for 83932d67-4fdc-4fe4-8fe1-3df6c3f1844a|127.0.0.1:15023
2025-09-27 09:19:47,446 [c792898a-1981-4e29-8158-41294c472b61@group-C5B96A071F98-LeaderElection4-2] INFO  server.GrpcServerProtocolClient (GrpcServerProtocolClient.java:<init>(65)) - Build channel for 18da7ee6-49f7-45ee-8090-861a49f32d36|127.0.0.1:15031
2025-09-27 09:19:47,454 [grpc-default-executor-0] INFO  server.RaftServer$Division (RaftServerImpl.java:requestVote(1421)) - 83932d67-4fdc-4fe4-8fe1-3df6c3f1844a@group-C5B96A071F98: receive requestVote(PRE_VOTE, c792898a-1981-4e29-8158-41294c472b61, group-C5B96A071F98, 0, <PROTO_DEFAULT>)
2025-09-27 09:19:47,456 [grpc-default-executor-0] INFO  impl.VoteContext (VoteContext.java:log(49)) - 83932d67-4fdc-4fe4-8fe1-3df6c3f1844a@group-C5B96A071F98-FOLLOWER: reject PRE_VOTE from c792898a-1981-4e29-8158-41294c472b61: our priority 1 > candidate's priority 0
2025-09-27 09:19:47,457 [grpc-default-executor-1] INFO  server.RaftServer$Division (RaftServerImpl.java:requestVote(1421)) - 18da7ee6-49f7-45ee-8090-861a49f32d36@group-C5B96A071F98: receive requestVote(PRE_VOTE, c792898a-1981-4e29-8158-41294c472b61, group-C5B96A071F98, 0, <PROTO_DEFAULT>)
2025-09-27 09:19:47,457 [grpc-default-executor-1] INFO  impl.VoteContext (VoteContext.java:log(49)) - 18da7ee6-49f7-45ee-8090-861a49f32d36@group-C5B96A071F98-FOLLOWER: accept PRE_VOTE from c792898a-1981-4e29-8158-41294c472b61: our priority 0 <= candidate's priority 0
2025-09-27 09:19:47,458 [grpc-default-executor-0] INFO  server.RaftServer$Division (RaftServerImpl.java:requestVote(1455)) - 83932d67-4fdc-4fe4-8fe1-3df6c3f1844a@group-C5B96A071F98 replies to PRE_VOTE vote request: c792898a-1981-4e29-8158-41294c472b61<-83932d67-4fdc-4fe4-8fe1-3df6c3f1844a#0:FAIL-t0-last:<INITIAL_VALUE>. Peer's state: 83932d67-4fdc-4fe4-8fe1-3df6c3f1844a@group-C5B96A071F98:t0, leader=null, voted=, raftlog=Memoized:83932d67-4fdc-4fe4-8fe1-3df6c3f1844a@group-C5B96A071F98-SegmentedRaftLog:OPENED:c-1:lastnull, conf=conf: {index: -1, cur=peers:[83932d67-4fdc-4fe4-8fe1-3df6c3f1844a|127.0.0.1:15023, 18da7ee6-49f7-45ee-8090-861a49f32d36|127.0.0.1:15031, c792898a-1981-4e29-8158-41294c472b61|127.0.0.1:15015]|listeners:[], old=null}
2025-09-27 09:19:47,459 [grpc-default-executor-1] INFO  server.RaftServer$Division (RaftServerImpl.java:requestVote(1455)) - 18da7ee6-49f7-45ee-8090-861a49f32d36@group-C5B96A071F98 replies to PRE_VOTE vote request: c792898a-1981-4e29-8158-41294c472b61<-18da7ee6-49f7-45ee-8090-861a49f32d36#0:OK-t0-last:<INITIAL_VALUE>. Peer's state: 18da7ee6-49f7-45ee-8090-861a49f32d36@group-C5B96A071F98:t0, leader=null, voted=, raftlog=Memoized:18da7ee6-49f7-45ee-8090-861a49f32d36@group-C5B96A071F98-SegmentedRaftLog:OPENED:c-1:lastnull, conf=conf: {index: -1, cur=peers:[83932d67-4fdc-4fe4-8fe1-3df6c3f1844a|127.0.0.1:15023, 18da7ee6-49f7-45ee-8090-861a49f32d36|127.0.0.1:15031, c792898a-1981-4e29-8158-41294c472b61|127.0.0.1:15015]|listeners:[], old=null}
2025-09-27 09:19:47,461 [c792898a-1981-4e29-8158-41294c472b61@group-C5B96A071F98-LeaderElection4] INFO  impl.LeaderElection (LeaderElection.java:logAndReturn(206)) - c792898a-1981-4e29-8158-41294c472b61@group-C5B96A071F98-LeaderElection4: PRE_VOTE REJECTED received 1 response(s) and 0 exception(s):
2025-09-27 09:19:47,461 [c792898a-1981-4e29-8158-41294c472b61@group-C5B96A071F98-LeaderElection4] INFO  impl.LeaderElection (LeaderElection.java:logAndReturn(210)) -   Response 0: c792898a-1981-4e29-8158-41294c472b61<-83932d67-4fdc-4fe4-8fe1-3df6c3f1844a#0:FAIL-t0-last:<INITIAL_VALUE>
2025-09-27 09:19:47,462 [c792898a-1981-4e29-8158-41294c472b61@group-C5B96A071F98-LeaderElection4] INFO  impl.LeaderElection (LeaderElection.java:askForVotes(450)) - c792898a-1981-4e29-8158-41294c472b61@group-C5B96A071F98-LeaderElection4 PRE_VOTE round 0: result REJECTED
2025-09-27 09:19:47,462 [c792898a-1981-4e29-8158-41294c472b61@group-C5B96A071F98-LeaderElection4] INFO  server.RaftServer$Division (RaftServerImpl.java:setRole(392)) - c792898a-1981-4e29-8158-41294c472b61@group-C5B96A071F98: changes role from CANDIDATE to FOLLOWER at term 0 for REJECTED
2025-09-27 09:19:47,462 [c792898a-1981-4e29-8158-41294c472b61@group-C5B96A071F98-LeaderElection4] INFO  impl.RoleInfo (RoleInfo.java:shutdownLeaderElection(141)) - c792898a-1981-4e29-8158-41294c472b61: shutdown c792898a-1981-4e29-8158-41294c472b61@group-C5B96A071F98-LeaderElection4
2025-09-27 09:19:47,463 [c792898a-1981-4e29-8158-41294c472b61@group-A7A68F768D7F-FollowerState] INFO  impl.FollowerState (FollowerState.java:runImpl(161)) - c792898a-1981-4e29-8158-41294c472b61@group-A7A68F768D7F-FollowerState: change to CANDIDATE, lastRpcElapsedTime:1146988043ns, electionTimeout:1146ms
2025-09-27 09:19:47,463 [c792898a-1981-4e29-8158-41294c472b61@group-A7A68F768D7F-FollowerState] INFO  impl.RoleInfo (RoleInfo.java:shutdownFollowerState(121)) - c792898a-1981-4e29-8158-41294c472b61: shutdown c792898a-1981-4e29-8158-41294c472b61@group-A7A68F768D7F-FollowerState
2025-09-27 09:19:47,463 [c792898a-1981-4e29-8158-41294c472b61@group-A7A68F768D7F-FollowerState] INFO  server.RaftServer$Division (RaftServerImpl.java:setRole(392)) - c792898a-1981-4e29-8158-41294c472b61@group-A7A68F768D7F: changes role from  FOLLOWER to CANDIDATE at term 0 for changeToCandidate
2025-09-27 09:19:47,463 [c792898a-1981-4e29-8158-41294c472b61@group-C5B96A071F98-LeaderElection4] INFO  impl.RoleInfo (RoleInfo.java:updateAndGet(148)) - c792898a-1981-4e29-8158-41294c472b61: start c792898a-1981-4e29-8158-41294c472b61@group-C5B96A071F98-FollowerState
2025-09-27 09:19:47,464 [c792898a-1981-4e29-8158-41294c472b61@group-A7A68F768D7F-FollowerState] INFO  impl.RoleInfo (RoleInfo.java:updateAndGet(148)) - c792898a-1981-4e29-8158-41294c472b61: start c792898a-1981-4e29-8158-41294c472b61@group-A7A68F768D7F-LeaderElection5
2025-09-27 09:19:47,467 [c792898a-1981-4e29-8158-41294c472b61@group-C5B96A071F98-LeaderElection4] INFO  server.RaftServer$Division (RaftServerImpl.java:setFirstElection(576)) - c792898a-1981-4e29-8158-41294c472b61@group-C5B96A071F98: set firstElectionSinceStartup to false for REJECTED
2025-09-27 09:19:47,467 [c792898a-1981-4e29-8158-41294c472b61@group-A7A68F768D7F-LeaderElection5] INFO  impl.LeaderElection (LeaderElection.java:askForVotes(448)) - c792898a-1981-4e29-8158-41294c472b61@group-A7A68F768D7F-LeaderElection5 PRE_VOTE round 0: submit vote requests at term 0 for conf: {index: -1, cur=peers:[c792898a-1981-4e29-8158-41294c472b61|127.0.0.1:15015]|listeners:[], old=null}
2025-09-27 09:19:47,468 [c792898a-1981-4e29-8158-41294c472b61@group-A7A68F768D7F-LeaderElection5] INFO  impl.LeaderElection (LeaderElection.java:askForVotes(450)) - c792898a-1981-4e29-8158-41294c472b61@group-A7A68F768D7F-LeaderElection5 PRE_VOTE round 0: result PASSED (term=0)
2025-09-27 09:19:47,472 [c792898a-1981-4e29-8158-41294c472b61@group-A7A68F768D7F-LeaderElection5] INFO  impl.LeaderElection (LeaderElection.java:askForVotes(448)) - c792898a-1981-4e29-8158-41294c472b61@group-A7A68F768D7F-LeaderElection5 ELECTION round 0: submit vote requests at term 1 for conf: {index: -1, cur=peers:[c792898a-1981-4e29-8158-41294c472b61|127.0.0.1:15015]|listeners:[], old=null}
2025-09-27 09:19:47,472 [c792898a-1981-4e29-8158-41294c472b61@group-A7A68F768D7F-LeaderElection5] INFO  impl.LeaderElection (LeaderElection.java:askForVotes(450)) - c792898a-1981-4e29-8158-41294c472b61@group-A7A68F768D7F-LeaderElection5 ELECTION round 0: result PASSED (term=1)
2025-09-27 09:19:47,472 [c792898a-1981-4e29-8158-41294c472b61@group-A7A68F768D7F-LeaderElection5] INFO  impl.RoleInfo (RoleInfo.java:shutdownLeaderElection(141)) - c792898a-1981-4e29-8158-41294c472b61: shutdown c792898a-1981-4e29-8158-41294c472b61@group-A7A68F768D7F-LeaderElection5
2025-09-27 09:19:47,472 [c792898a-1981-4e29-8158-41294c472b61@group-A7A68F768D7F-LeaderElection5] INFO  server.RaftServer$Division (RaftServerImpl.java:setRole(392)) - c792898a-1981-4e29-8158-41294c472b61@group-A7A68F768D7F: changes role from CANDIDATE to LEADER at term 1 for changeToLeader
2025-09-27 09:19:47,472 [c792898a-1981-4e29-8158-41294c472b61@group-A7A68F768D7F-LeaderElection5] INFO  server.RaftServerConfigKeys (ConfUtils.java:logFallback(69)) - raft.server.staging.timeout = 15600ms (fallback to raft.server.rpc.timeout.max)
2025-09-27 09:19:47,472 [c792898a-1981-4e29-8158-41294c472b61@group-A7A68F768D7F-LeaderElection5] INFO  server.RaftServerConfigKeys (ConfUtils.java:logGet(62)) - raft.server.write.element-limit = 1024 (custom)
2025-09-27 09:19:47,473 [c792898a-1981-4e29-8158-41294c472b61@group-A7A68F768D7F-LeaderElection5] INFO  server.RaftServerConfigKeys (ConfUtils.java:logGet(62)) - raft.server.write.byte-limit = 1024 M (=1073741824) (custom)
2025-09-27 09:19:47,473 [c792898a-1981-4e29-8158-41294c472b61@group-A7A68F768D7F-LeaderElection5] INFO  server.RaftServerConfigKeys (ConfUtils.java:logGet(62)) - raft.server.watch.timeout = 30s (custom)
2025-09-27 09:19:47,474 [c792898a-1981-4e29-8158-41294c472b61@group-A7A68F768D7F-LeaderElection5] INFO  server.RaftServerConfigKeys (ConfUtils.java:logGet(62)) - raft.server.log.log-metadata.enabled = true (default)
2025-09-27 09:19:47,474 [c792898a-1981-4e29-8158-41294c472b61@group-A7A68F768D7F-LeaderElection5] INFO  impl.RoleInfo (RoleInfo.java:updateAndGet(148)) - c792898a-1981-4e29-8158-41294c472b61: start c792898a-1981-4e29-8158-41294c472b61@group-A7A68F768D7F-LeaderStateImpl
2025-09-27 09:19:47,474 [c792898a-1981-4e29-8158-41294c472b61@group-A7A68F768D7F-LeaderElection5] INFO  server.RaftServer$Division (RaftServerImpl.java:setFirstElection(576)) - c792898a-1981-4e29-8158-41294c472b61@group-A7A68F768D7F: set firstElectionSinceStartup to false for becomeLeader
2025-09-27 09:19:47,474 [c792898a-1981-4e29-8158-41294c472b61@group-A7A68F768D7F-LeaderElection5] INFO  ratis.XceiverServerRatis (XceiverServerRatis.java:handleLeaderChangedNotification(940)) - Leader change notification received for group: group-A7A68F768D7F with new leaderId: c792898a-1981-4e29-8158-41294c472b61
2025-09-27 09:19:47,476 [c792898a-1981-4e29-8158-41294c472b61@group-A7A68F768D7F-LeaderElection5] INFO  server.RaftServer$Division (ServerState.java:setLeader(272)) - c792898a-1981-4e29-8158-41294c472b61@group-A7A68F768D7F: change Leader from null to c792898a-1981-4e29-8158-41294c472b61 at term 1 for becomeLeader, leader elected after 1181ms
2025-09-27 09:19:47,476 [c792898a-1981-4e29-8158-41294c472b61@group-A7A68F768D7F-LeaderElection5] INFO  segmented.SegmentedRaftLogWorker (SegmentedRaftLogWorker.java:startLogSegment(440)) - c792898a-1981-4e29-8158-41294c472b61@group-A7A68F768D7F-SegmentedRaftLogWorker: Starting segment from index:0
2025-09-27 09:19:47,476 [c792898a-1981-4e29-8158-41294c472b61@group-A7A68F768D7F-LeaderElection5] INFO  server.RaftServer$Division (ServerState.java:setRaftConf(386)) - c792898a-1981-4e29-8158-41294c472b61@group-A7A68F768D7F: set configuration conf: {index: 0, cur=peers:[c792898a-1981-4e29-8158-41294c472b61|127.0.0.1:15015]|listeners:[], old=null}
2025-09-27 09:19:47,477 [c792898a-1981-4e29-8158-41294c472b61@group-A7A68F768D7F-SegmentedRaftLogWorker] INFO  segmented.BufferedWriteChannel (BufferedWriteChannel.java:open(61)) - open log_inprogress_0 at position 0
2025-09-27 09:19:47,481 [EventQueue-PipelineReportForOneReplicaPipelineSafeModeRule] INFO  safemode.SCMSafeModeManager (SCMSafeModeManager.java:validateSafeModeExitRules(138)) - AtleastOneDatanodeReportedRule rule is successfully validated
2025-09-27 09:19:47,485 [c792898a-1981-4e29-8158-41294c472b61@group-A7A68F768D7F-SegmentedRaftLogWorker] INFO  segmented.SegmentedRaftLogWorker (SegmentedRaftLogWorker.java:execute(647)) - c792898a-1981-4e29-8158-41294c472b61@group-A7A68F768D7F-SegmentedRaftLogWorker: created new log segment /home/runner/work/ozone/ozone/hadoop-ozone/integration-test/target/test-dir/MiniOzoneClusterImpl-871b4ddd-f672-4be1-b73a-1629492f36a3/ozone-metadata/datanode-1/ratis/90af7168-9b80-4e23-8c64-a7a68f768d7f/current/log_inprogress_0
2025-09-27 09:19:47,490 [c792898a-1981-4e29-8158-41294c472b61@group-A7A68F768D7F-StateMachineUpdater] INFO  server.RaftServer$Division (LeaderStateImpl.java:checkStartIndex(309)) - Leader c792898a-1981-4e29-8158-41294c472b61@group-A7A68F768D7F-LeaderStateImpl is ready since appliedIndex == startIndex == 0
2025-09-27 09:19:47,521 [d3e19d45-0b2b-4921-9b28-39a5e9747ac8@group-3551B3BB1E56-FollowerState] INFO  impl.FollowerState (FollowerState.java:runImpl(161)) - d3e19d45-0b2b-4921-9b28-39a5e9747ac8@group-3551B3BB1E56-FollowerState: change to CANDIDATE, lastRpcElapsedTime:1145469811ns, electionTimeout:1145ms
2025-09-27 09:19:47,521 [d3e19d45-0b2b-4921-9b28-39a5e9747ac8@group-3551B3BB1E56-FollowerState] INFO  impl.RoleInfo (RoleInfo.java:shutdownFollowerState(121)) - d3e19d45-0b2b-4921-9b28-39a5e9747ac8: shutdown d3e19d45-0b2b-4921-9b28-39a5e9747ac8@group-3551B3BB1E56-FollowerState
2025-09-27 09:19:47,522 [d3e19d45-0b2b-4921-9b28-39a5e9747ac8@group-3551B3BB1E56-FollowerState] INFO  server.RaftServer$Division (RaftServerImpl.java:setRole(392)) - d3e19d45-0b2b-4921-9b28-39a5e9747ac8@group-3551B3BB1E56: changes role from  FOLLOWER to CANDIDATE at term 0 for changeToCandidate
2025-09-27 09:19:47,522 [d3e19d45-0b2b-4921-9b28-39a5e9747ac8@group-3551B3BB1E56-FollowerState] INFO  impl.RoleInfo (RoleInfo.java:updateAndGet(148)) - d3e19d45-0b2b-4921-9b28-39a5e9747ac8: start d3e19d45-0b2b-4921-9b28-39a5e9747ac8@group-3551B3BB1E56-LeaderElection6
2025-09-27 09:19:47,524 [d3e19d45-0b2b-4921-9b28-39a5e9747ac8@group-3551B3BB1E56-LeaderElection6] INFO  impl.LeaderElection (LeaderElection.java:askForVotes(448)) - d3e19d45-0b2b-4921-9b28-39a5e9747ac8@group-3551B3BB1E56-LeaderElection6 PRE_VOTE round 0: submit vote requests at term 0 for conf: {index: -1, cur=peers:[d3e19d45-0b2b-4921-9b28-39a5e9747ac8|127.0.0.1:15047]|listeners:[], old=null}
2025-09-27 09:19:47,524 [d3e19d45-0b2b-4921-9b28-39a5e9747ac8@group-3551B3BB1E56-LeaderElection6] INFO  impl.LeaderElection (LeaderElection.java:askForVotes(450)) - d3e19d45-0b2b-4921-9b28-39a5e9747ac8@group-3551B3BB1E56-LeaderElection6 PRE_VOTE round 0: result PASSED (term=0)
2025-09-27 09:19:47,526 [d3e19d45-0b2b-4921-9b28-39a5e9747ac8@group-3551B3BB1E56-LeaderElection6] INFO  impl.LeaderElection (LeaderElection.java:askForVotes(448)) - d3e19d45-0b2b-4921-9b28-39a5e9747ac8@group-3551B3BB1E56-LeaderElection6 ELECTION round 0: submit vote requests at term 1 for conf: {index: -1, cur=peers:[d3e19d45-0b2b-4921-9b28-39a5e9747ac8|127.0.0.1:15047]|listeners:[], old=null}
2025-09-27 09:19:47,526 [d3e19d45-0b2b-4921-9b28-39a5e9747ac8@group-3551B3BB1E56-LeaderElection6] INFO  impl.LeaderElection (LeaderElection.java:askForVotes(450)) - d3e19d45-0b2b-4921-9b28-39a5e9747ac8@group-3551B3BB1E56-LeaderElection6 ELECTION round 0: result PASSED (term=1)
2025-09-27 09:19:47,526 [d3e19d45-0b2b-4921-9b28-39a5e9747ac8@group-3551B3BB1E56-LeaderElection6] INFO  impl.RoleInfo (RoleInfo.java:shutdownLeaderElection(141)) - d3e19d45-0b2b-4921-9b28-39a5e9747ac8: shutdown d3e19d45-0b2b-4921-9b28-39a5e9747ac8@group-3551B3BB1E56-LeaderElection6
2025-09-27 09:19:47,527 [d3e19d45-0b2b-4921-9b28-39a5e9747ac8@group-3551B3BB1E56-LeaderElection6] INFO  server.RaftServer$Division (RaftServerImpl.java:setRole(392)) - d3e19d45-0b2b-4921-9b28-39a5e9747ac8@group-3551B3BB1E56: changes role from CANDIDATE to LEADER at term 1 for changeToLeader
2025-09-27 09:19:47,527 [d3e19d45-0b2b-4921-9b28-39a5e9747ac8@group-3551B3BB1E56-LeaderElection6] INFO  server.RaftServerConfigKeys (ConfUtils.java:logFallback(69)) - raft.server.staging.timeout = 15600ms (fallback to raft.server.rpc.timeout.max)
2025-09-27 09:19:47,530 [d3e19d45-0b2b-4921-9b28-39a5e9747ac8@group-3551B3BB1E56-LeaderElection6] INFO  server.RaftServerConfigKeys (ConfUtils.java:logGet(62)) - raft.server.write.byte-limit = 1024 M (=1073741824) (custom)
2025-09-27 09:19:47,531 [d3e19d45-0b2b-4921-9b28-39a5e9747ac8@group-3551B3BB1E56-LeaderElection6] INFO  impl.RoleInfo (RoleInfo.java:updateAndGet(148)) - d3e19d45-0b2b-4921-9b28-39a5e9747ac8: start d3e19d45-0b2b-4921-9b28-39a5e9747ac8@group-3551B3BB1E56-LeaderStateImpl
2025-09-27 09:19:47,531 [d3e19d45-0b2b-4921-9b28-39a5e9747ac8@group-3551B3BB1E56-LeaderElection6] INFO  server.RaftServer$Division (RaftServerImpl.java:setFirstElection(576)) - d3e19d45-0b2b-4921-9b28-39a5e9747ac8@group-3551B3BB1E56: set firstElectionSinceStartup to false for becomeLeader
2025-09-27 09:19:47,531 [d3e19d45-0b2b-4921-9b28-39a5e9747ac8@group-3551B3BB1E56-LeaderElection6] INFO  ratis.XceiverServerRatis (XceiverServerRatis.java:handleLeaderChangedNotification(940)) - Leader change notification received for group: group-3551B3BB1E56 with new leaderId: d3e19d45-0b2b-4921-9b28-39a5e9747ac8
2025-09-27 09:19:47,531 [d3e19d45-0b2b-4921-9b28-39a5e9747ac8@group-3551B3BB1E56-LeaderElection6] INFO  server.RaftServer$Division (ServerState.java:setLeader(272)) - d3e19d45-0b2b-4921-9b28-39a5e9747ac8@group-3551B3BB1E56: change Leader from null to d3e19d45-0b2b-4921-9b28-39a5e9747ac8 at term 1 for becomeLeader, leader elected after 1181ms
2025-09-27 09:19:47,531 [d3e19d45-0b2b-4921-9b28-39a5e9747ac8@group-3551B3BB1E56-LeaderElection6] INFO  segmented.SegmentedRaftLogWorker (SegmentedRaftLogWorker.java:startLogSegment(440)) - d3e19d45-0b2b-4921-9b28-39a5e9747ac8@group-3551B3BB1E56-SegmentedRaftLogWorker: Starting segment from index:0
2025-09-27 09:19:47,532 [d3e19d45-0b2b-4921-9b28-39a5e9747ac8@group-3551B3BB1E56-SegmentedRaftLogWorker] INFO  segmented.BufferedWriteChannel (BufferedWriteChannel.java:open(61)) - open log_inprogress_0 at position 0
2025-09-27 09:19:47,534 [d3e19d45-0b2b-4921-9b28-39a5e9747ac8@group-3551B3BB1E56-LeaderElection6] INFO  server.RaftServer$Division (ServerState.java:setRaftConf(386)) - d3e19d45-0b2b-4921-9b28-39a5e9747ac8@group-3551B3BB1E56: set configuration conf: {index: 0, cur=peers:[d3e19d45-0b2b-4921-9b28-39a5e9747ac8|127.0.0.1:15047]|listeners:[], old=null}
2025-09-27 09:19:47,535 [EventQueue-PipelineReportForOneReplicaPipelineSafeModeRule] INFO  safemode.SCMSafeModeManager (SCMSafeModeManager.java:validateSafeModeExitRules(138)) - AtleastOneDatanodeReportedRule rule is successfully validated
2025-09-27 09:19:47,543 [d3e19d45-0b2b-4921-9b28-39a5e9747ac8@group-3551B3BB1E56-SegmentedRaftLogWorker] INFO  segmented.SegmentedRaftLogWorker (SegmentedRaftLogWorker.java:execute(647)) - d3e19d45-0b2b-4921-9b28-39a5e9747ac8@group-3551B3BB1E56-SegmentedRaftLogWorker: created new log segment /home/runner/work/ozone/ozone/hadoop-ozone/integration-test/target/test-dir/MiniOzoneClusterImpl-871b4ddd-f672-4be1-b73a-1629492f36a3/ozone-metadata/datanode-5/ratis/92a64d2e-52fa-43d6-8844-3551b3bb1e56/current/log_inprogress_0
2025-09-27 09:19:47,545 [d3e19d45-0b2b-4921-9b28-39a5e9747ac8@group-3551B3BB1E56-StateMachineUpdater] INFO  server.RaftServer$Division (LeaderStateImpl.java:checkStartIndex(309)) - Leader d3e19d45-0b2b-4921-9b28-39a5e9747ac8@group-3551B3BB1E56-LeaderStateImpl is ready since appliedIndex == startIndex == 0
2025-09-27 09:19:47,598 [83932d67-4fdc-4fe4-8fe1-3df6c3f1844a@group-C5B96A071F98-FollowerState] INFO  impl.FollowerState (FollowerState.java:runImpl(161)) - 83932d67-4fdc-4fe4-8fe1-3df6c3f1844a@group-C5B96A071F98-FollowerState: change to CANDIDATE, lastRpcElapsedTime:1009555848ns, electionTimeout:1008ms
2025-09-27 09:19:47,598 [83932d67-4fdc-4fe4-8fe1-3df6c3f1844a@group-C5B96A071F98-FollowerState] INFO  impl.RoleInfo (RoleInfo.java:shutdownFollowerState(121)) - 83932d67-4fdc-4fe4-8fe1-3df6c3f1844a: shutdown 83932d67-4fdc-4fe4-8fe1-3df6c3f1844a@group-C5B96A071F98-FollowerState
2025-09-27 09:19:47,598 [83932d67-4fdc-4fe4-8fe1-3df6c3f1844a@group-C5B96A071F98-FollowerState] INFO  server.RaftServer$Division (RaftServerImpl.java:setRole(392)) - 83932d67-4fdc-4fe4-8fe1-3df6c3f1844a@group-C5B96A071F98: changes role from  FOLLOWER to CANDIDATE at term 0 for changeToCandidate
2025-09-27 09:19:47,598 [83932d67-4fdc-4fe4-8fe1-3df6c3f1844a@group-C5B96A071F98-FollowerState] INFO  impl.RoleInfo (RoleInfo.java:updateAndGet(148)) - 83932d67-4fdc-4fe4-8fe1-3df6c3f1844a: start 83932d67-4fdc-4fe4-8fe1-3df6c3f1844a@group-C5B96A071F98-LeaderElection7
2025-09-27 09:19:47,599 [83932d67-4fdc-4fe4-8fe1-3df6c3f1844a@group-C5B96A071F98-LeaderElection7] INFO  impl.LeaderElection (LeaderElection.java:askForVotes(448)) - 83932d67-4fdc-4fe4-8fe1-3df6c3f1844a@group-C5B96A071F98-LeaderElection7 PRE_VOTE round 0: submit vote requests at term 0 for conf: {index: -1, cur=peers:[83932d67-4fdc-4fe4-8fe1-3df6c3f1844a|127.0.0.1:15023, 18da7ee6-49f7-45ee-8090-861a49f32d36|127.0.0.1:15031, c792898a-1981-4e29-8158-41294c472b61|127.0.0.1:15015]|listeners:[], old=null}
2025-09-27 09:19:47,600 [83932d67-4fdc-4fe4-8fe1-3df6c3f1844a@group-C5B96A071F98-LeaderElection7-1] INFO  server.GrpcServerProtocolClient (GrpcServerProtocolClient.java:<init>(65)) - Build channel for 18da7ee6-49f7-45ee-8090-861a49f32d36|127.0.0.1:15031
2025-09-27 09:19:47,601 [83932d67-4fdc-4fe4-8fe1-3df6c3f1844a@group-C5B96A071F98-LeaderElection7-2] INFO  server.GrpcServerProtocolClient (GrpcServerProtocolClient.java:<init>(65)) - Build channel for c792898a-1981-4e29-8158-41294c472b61|127.0.0.1:15015
2025-09-27 09:19:47,609 [grpc-default-executor-1] INFO  server.RaftServer$Division (RaftServerImpl.java:requestVote(1421)) - 18da7ee6-49f7-45ee-8090-861a49f32d36@group-C5B96A071F98: receive requestVote(PRE_VOTE, 83932d67-4fdc-4fe4-8fe1-3df6c3f1844a, group-C5B96A071F98, 0, <PROTO_DEFAULT>)
2025-09-27 09:19:47,609 [grpc-default-executor-1] INFO  impl.VoteContext (VoteContext.java:log(49)) - 18da7ee6-49f7-45ee-8090-861a49f32d36@group-C5B96A071F98-FOLLOWER: accept PRE_VOTE from 83932d67-4fdc-4fe4-8fe1-3df6c3f1844a: our priority 0 <= candidate's priority 1
2025-09-27 09:19:47,609 [grpc-default-executor-1] INFO  server.RaftServer$Division (RaftServerImpl.java:requestVote(1455)) - 18da7ee6-49f7-45ee-8090-861a49f32d36@group-C5B96A071F98 replies to PRE_VOTE vote request: 83932d67-4fdc-4fe4-8fe1-3df6c3f1844a<-18da7ee6-49f7-45ee-8090-861a49f32d36#0:OK-t0-last:<INITIAL_VALUE>. Peer's state: 18da7ee6-49f7-45ee-8090-861a49f32d36@group-C5B96A071F98:t0, leader=null, voted=, raftlog=Memoized:18da7ee6-49f7-45ee-8090-861a49f32d36@group-C5B96A071F98-SegmentedRaftLog:OPENED:c-1:lastnull, conf=conf: {index: -1, cur=peers:[83932d67-4fdc-4fe4-8fe1-3df6c3f1844a|127.0.0.1:15023, 18da7ee6-49f7-45ee-8090-861a49f32d36|127.0.0.1:15031, c792898a-1981-4e29-8158-41294c472b61|127.0.0.1:15015]|listeners:[], old=null}
2025-09-27 09:19:47,610 [grpc-default-executor-0] INFO  server.RaftServer$Division (RaftServerImpl.java:requestVote(1421)) - c792898a-1981-4e29-8158-41294c472b61@group-C5B96A071F98: receive requestVote(PRE_VOTE, 83932d67-4fdc-4fe4-8fe1-3df6c3f1844a, group-C5B96A071F98, 0, <PROTO_DEFAULT>)
2025-09-27 09:19:47,611 [grpc-default-executor-0] INFO  impl.VoteContext (VoteContext.java:log(49)) - c792898a-1981-4e29-8158-41294c472b61@group-C5B96A071F98-FOLLOWER: accept PRE_VOTE from 83932d67-4fdc-4fe4-8fe1-3df6c3f1844a: our priority 0 <= candidate's priority 1
2025-09-27 09:19:47,611 [grpc-default-executor-0] INFO  server.RaftServer$Division (RaftServerImpl.java:requestVote(1455)) - c792898a-1981-4e29-8158-41294c472b61@group-C5B96A071F98 replies to PRE_VOTE vote request: 83932d67-4fdc-4fe4-8fe1-3df6c3f1844a<-c792898a-1981-4e29-8158-41294c472b61#0:OK-t0-last:<INITIAL_VALUE>. Peer's state: c792898a-1981-4e29-8158-41294c472b61@group-C5B96A071F98:t0, leader=null, voted=, raftlog=Memoized:c792898a-1981-4e29-8158-41294c472b61@group-C5B96A071F98-SegmentedRaftLog:OPENED:c-1:lastnull, conf=conf: {index: -1, cur=peers:[83932d67-4fdc-4fe4-8fe1-3df6c3f1844a|127.0.0.1:15023, 18da7ee6-49f7-45ee-8090-861a49f32d36|127.0.0.1:15031, c792898a-1981-4e29-8158-41294c472b61|127.0.0.1:15015]|listeners:[], old=null}
2025-09-27 09:19:47,611 [83932d67-4fdc-4fe4-8fe1-3df6c3f1844a@group-C5B96A071F98-LeaderElection7] INFO  impl.LeaderElection (LeaderElection.java:logAndReturn(206)) - 83932d67-4fdc-4fe4-8fe1-3df6c3f1844a@group-C5B96A071F98-LeaderElection7: PRE_VOTE PASSED received 1 response(s) and 0 exception(s):
2025-09-27 09:19:47,612 [83932d67-4fdc-4fe4-8fe1-3df6c3f1844a@group-C5B96A071F98-LeaderElection7] INFO  impl.LeaderElection (LeaderElection.java:logAndReturn(210)) -   Response 0: 83932d67-4fdc-4fe4-8fe1-3df6c3f1844a<-18da7ee6-49f7-45ee-8090-861a49f32d36#0:OK-t0-last:<INITIAL_VALUE>
2025-09-27 09:19:47,612 [83932d67-4fdc-4fe4-8fe1-3df6c3f1844a@group-C5B96A071F98-LeaderElection7] INFO  impl.LeaderElection (LeaderElection.java:askForVotes(450)) - 83932d67-4fdc-4fe4-8fe1-3df6c3f1844a@group-C5B96A071F98-LeaderElection7 PRE_VOTE round 0: result PASSED
2025-09-27 09:19:47,614 [83932d67-4fdc-4fe4-8fe1-3df6c3f1844a@group-C5B96A071F98-LeaderElection7] INFO  impl.LeaderElection (LeaderElection.java:askForVotes(448)) - 83932d67-4fdc-4fe4-8fe1-3df6c3f1844a@group-C5B96A071F98-LeaderElection7 ELECTION round 0: submit vote requests at term 1 for conf: {index: -1, cur=peers:[83932d67-4fdc-4fe4-8fe1-3df6c3f1844a|127.0.0.1:15023, 18da7ee6-49f7-45ee-8090-861a49f32d36|127.0.0.1:15031, c792898a-1981-4e29-8158-41294c472b61|127.0.0.1:15015]|listeners:[], old=null}
2025-09-27 09:19:47,617 [grpc-default-executor-0] INFO  server.RaftServer$Division (RaftServerImpl.java:requestVote(1421)) - 18da7ee6-49f7-45ee-8090-861a49f32d36@group-C5B96A071F98: receive requestVote(ELECTION, 83932d67-4fdc-4fe4-8fe1-3df6c3f1844a, group-C5B96A071F98, 1, <PROTO_DEFAULT>)
2025-09-27 09:19:47,617 [grpc-default-executor-1] INFO  server.RaftServer$Division (RaftServerImpl.java:requestVote(1421)) - c792898a-1981-4e29-8158-41294c472b61@group-C5B96A071F98: receive requestVote(ELECTION, 83932d67-4fdc-4fe4-8fe1-3df6c3f1844a, group-C5B96A071F98, 1, <PROTO_DEFAULT>)
2025-09-27 09:19:47,618 [grpc-default-executor-1] INFO  impl.VoteContext (VoteContext.java:log(49)) - c792898a-1981-4e29-8158-41294c472b61@group-C5B96A071F98-FOLLOWER: accept ELECTION from 83932d67-4fdc-4fe4-8fe1-3df6c3f1844a: our priority 0 <= candidate's priority 1
2025-09-27 09:19:47,618 [grpc-default-executor-1] INFO  server.RaftServer$Division (RaftServerImpl.java:setRole(392)) - c792898a-1981-4e29-8158-41294c472b61@group-C5B96A071F98: changes role from  FOLLOWER to FOLLOWER at term 0 for candidate:83932d67-4fdc-4fe4-8fe1-3df6c3f1844a
2025-09-27 09:19:47,618 [grpc-default-executor-1] INFO  impl.RoleInfo (RoleInfo.java:shutdownFollowerState(121)) - c792898a-1981-4e29-8158-41294c472b61: shutdown c792898a-1981-4e29-8158-41294c472b61@group-C5B96A071F98-FollowerState
2025-09-27 09:19:47,618 [c792898a-1981-4e29-8158-41294c472b61@group-C5B96A071F98-FollowerState] INFO  impl.FollowerState (FollowerState.java:runImpl(170)) - c792898a-1981-4e29-8158-41294c472b61@group-C5B96A071F98-FollowerState was interrupted
2025-09-27 09:19:47,618 [grpc-default-executor-1] INFO  impl.RoleInfo (RoleInfo.java:updateAndGet(148)) - c792898a-1981-4e29-8158-41294c472b61: start c792898a-1981-4e29-8158-41294c472b61@group-C5B96A071F98-FollowerState
2025-09-27 09:19:47,618 [grpc-default-executor-0] INFO  impl.VoteContext (VoteContext.java:log(49)) - 18da7ee6-49f7-45ee-8090-861a49f32d36@group-C5B96A071F98-FOLLOWER: accept ELECTION from 83932d67-4fdc-4fe4-8fe1-3df6c3f1844a: our priority 0 <= candidate's priority 1
2025-09-27 09:19:47,619 [grpc-default-executor-0] INFO  server.RaftServer$Division (RaftServerImpl.java:setRole(392)) - 18da7ee6-49f7-45ee-8090-861a49f32d36@group-C5B96A071F98: changes role from  FOLLOWER to FOLLOWER at term 0 for candidate:83932d67-4fdc-4fe4-8fe1-3df6c3f1844a
2025-09-27 09:19:47,619 [grpc-default-executor-0] INFO  impl.RoleInfo (RoleInfo.java:shutdownFollowerState(121)) - 18da7ee6-49f7-45ee-8090-861a49f32d36: shutdown 18da7ee6-49f7-45ee-8090-861a49f32d36@group-C5B96A071F98-FollowerState
2025-09-27 09:19:47,619 [grpc-default-executor-0] INFO  impl.RoleInfo (RoleInfo.java:updateAndGet(148)) - 18da7ee6-49f7-45ee-8090-861a49f32d36: start 18da7ee6-49f7-45ee-8090-861a49f32d36@group-C5B96A071F98-FollowerState
2025-09-27 09:19:47,619 [18da7ee6-49f7-45ee-8090-861a49f32d36@group-C5B96A071F98-FollowerState] INFO  impl.FollowerState (FollowerState.java:runImpl(170)) - 18da7ee6-49f7-45ee-8090-861a49f32d36@group-C5B96A071F98-FollowerState was interrupted
2025-09-27 09:19:47,619 [grpc-default-executor-0] INFO  server.RaftServer$Division (RaftServerImpl.java:setFirstElection(576)) - 18da7ee6-49f7-45ee-8090-861a49f32d36@group-C5B96A071F98: set firstElectionSinceStartup to false for candidate:83932d67-4fdc-4fe4-8fe1-3df6c3f1844a
2025-09-27 09:19:47,620 [grpc-default-executor-1] INFO  server.RaftServer$Division (RaftServerImpl.java:requestVote(1455)) - c792898a-1981-4e29-8158-41294c472b61@group-C5B96A071F98 replies to ELECTION vote request: 83932d67-4fdc-4fe4-8fe1-3df6c3f1844a<-c792898a-1981-4e29-8158-41294c472b61#0:OK-t1-last:<INITIAL_VALUE>. Peer's state: c792898a-1981-4e29-8158-41294c472b61@group-C5B96A071F98:t1, leader=null, voted=83932d67-4fdc-4fe4-8fe1-3df6c3f1844a, raftlog=Memoized:c792898a-1981-4e29-8158-41294c472b61@group-C5B96A071F98-SegmentedRaftLog:OPENED:c-1:lastnull, conf=conf: {index: -1, cur=peers:[83932d67-4fdc-4fe4-8fe1-3df6c3f1844a|127.0.0.1:15023, 18da7ee6-49f7-45ee-8090-861a49f32d36|127.0.0.1:15031, c792898a-1981-4e29-8158-41294c472b61|127.0.0.1:15015]|listeners:[], old=null}
2025-09-27 09:19:47,620 [grpc-default-executor-0] INFO  server.RaftServer$Division (RaftServerImpl.java:requestVote(1455)) - 18da7ee6-49f7-45ee-8090-861a49f32d36@group-C5B96A071F98 replies to ELECTION vote request: 83932d67-4fdc-4fe4-8fe1-3df6c3f1844a<-18da7ee6-49f7-45ee-8090-861a49f32d36#0:OK-t1-last:<INITIAL_VALUE>. Peer's state: 18da7ee6-49f7-45ee-8090-861a49f32d36@group-C5B96A071F98:t1, leader=null, voted=83932d67-4fdc-4fe4-8fe1-3df6c3f1844a, raftlog=Memoized:18da7ee6-49f7-45ee-8090-861a49f32d36@group-C5B96A071F98-SegmentedRaftLog:OPENED:c-1:lastnull, conf=conf: {index: -1, cur=peers:[83932d67-4fdc-4fe4-8fe1-3df6c3f1844a|127.0.0.1:15023, 18da7ee6-49f7-45ee-8090-861a49f32d36|127.0.0.1:15031, c792898a-1981-4e29-8158-41294c472b61|127.0.0.1:15015]|listeners:[], old=null}
2025-09-27 09:19:47,622 [83932d67-4fdc-4fe4-8fe1-3df6c3f1844a@group-C5B96A071F98-LeaderElection7] INFO  impl.LeaderElection (LeaderElection.java:logAndReturn(206)) - 83932d67-4fdc-4fe4-8fe1-3df6c3f1844a@group-C5B96A071F98-LeaderElection7: ELECTION PASSED received 1 response(s) and 0 exception(s):
2025-09-27 09:19:47,622 [83932d67-4fdc-4fe4-8fe1-3df6c3f1844a@group-C5B96A071F98-LeaderElection7] INFO  impl.LeaderElection (LeaderElection.java:logAndReturn(210)) -   Response 0: 83932d67-4fdc-4fe4-8fe1-3df6c3f1844a<-c792898a-1981-4e29-8158-41294c472b61#0:OK-t1-last:<INITIAL_VALUE>
2025-09-27 09:19:47,622 [83932d67-4fdc-4fe4-8fe1-3df6c3f1844a@group-C5B96A071F98-LeaderElection7] INFO  impl.LeaderElection (LeaderElection.java:askForVotes(450)) - 83932d67-4fdc-4fe4-8fe1-3df6c3f1844a@group-C5B96A071F98-LeaderElection7 ELECTION round 0: result PASSED
2025-09-27 09:19:47,622 [83932d67-4fdc-4fe4-8fe1-3df6c3f1844a@group-C5B96A071F98-LeaderElection7] INFO  impl.RoleInfo (RoleInfo.java:shutdownLeaderElection(141)) - 83932d67-4fdc-4fe4-8fe1-3df6c3f1844a: shutdown 83932d67-4fdc-4fe4-8fe1-3df6c3f1844a@group-C5B96A071F98-LeaderElection7
2025-09-27 09:19:47,622 [83932d67-4fdc-4fe4-8fe1-3df6c3f1844a@group-C5B96A071F98-LeaderElection7] INFO  server.RaftServer$Division (RaftServerImpl.java:setRole(392)) - 83932d67-4fdc-4fe4-8fe1-3df6c3f1844a@group-C5B96A071F98: changes role from CANDIDATE to LEADER at term 1 for changeToLeader
2025-09-27 09:19:47,622 [83932d67-4fdc-4fe4-8fe1-3df6c3f1844a@group-C5B96A071F98-LeaderElection7] INFO  server.RaftServerConfigKeys (ConfUtils.java:logFallback(69)) - raft.server.staging.timeout = 15600ms (fallback to raft.server.rpc.timeout.max)
2025-09-27 09:19:47,623 [83932d67-4fdc-4fe4-8fe1-3df6c3f1844a@group-C5B96A071F98-LeaderElection7] INFO  server.RaftServerConfigKeys (ConfUtils.java:logGet(62)) - raft.server.write.byte-limit = 1024 M (=1073741824) (custom)
2025-09-27 09:19:47,630 [83932d67-4fdc-4fe4-8fe1-3df6c3f1844a@group-C5B96A071F98-LeaderElection7] INFO  server.RaftServerConfigKeys (ConfUtils.java:logGet(62)) - raft.server.log.appender.snapshot.chunk.size.max = 16MB (=16777216) (default)
2025-09-27 09:19:47,630 [83932d67-4fdc-4fe4-8fe1-3df6c3f1844a@group-C5B96A071F98-LeaderElection7] INFO  server.RaftServerConfigKeys (ConfUtils.java:logGet(62)) - raft.server.log.appender.buffer.byte-limit = 33554432 (custom)
2025-09-27 09:19:47,630 [83932d67-4fdc-4fe4-8fe1-3df6c3f1844a@group-C5B96A071F98-LeaderElection7] INFO  server.RaftServerConfigKeys (ConfUtils.java:logGet(62)) - raft.server.log.appender.buffer.element-limit = 1024 (custom)
2025-09-27 09:19:47,630 [83932d67-4fdc-4fe4-8fe1-3df6c3f1844a@group-844398C9211A-FollowerState] INFO  impl.FollowerState (FollowerState.java:runImpl(161)) - 83932d67-4fdc-4fe4-8fe1-3df6c3f1844a@group-844398C9211A-FollowerState: change to CANDIDATE, lastRpcElapsedTime:1084667269ns, electionTimeout:1083ms
2025-09-27 09:19:47,630 [83932d67-4fdc-4fe4-8fe1-3df6c3f1844a@group-844398C9211A-FollowerState] INFO  impl.RoleInfo (RoleInfo.java:shutdownFollowerState(121)) - 83932d67-4fdc-4fe4-8fe1-3df6c3f1844a: shutdown 83932d67-4fdc-4fe4-8fe1-3df6c3f1844a@group-844398C9211A-FollowerState
2025-09-27 09:19:47,630 [83932d67-4fdc-4fe4-8fe1-3df6c3f1844a@group-844398C9211A-FollowerState] INFO  server.RaftServer$Division (RaftServerImpl.java:setRole(392)) - 83932d67-4fdc-4fe4-8fe1-3df6c3f1844a@group-844398C9211A: changes role from  FOLLOWER to CANDIDATE at term 0 for changeToCandidate
2025-09-27 09:19:47,630 [83932d67-4fdc-4fe4-8fe1-3df6c3f1844a@group-844398C9211A-FollowerState] INFO  impl.RoleInfo (RoleInfo.java:updateAndGet(148)) - 83932d67-4fdc-4fe4-8fe1-3df6c3f1844a: start 83932d67-4fdc-4fe4-8fe1-3df6c3f1844a@group-844398C9211A-LeaderElection8
2025-09-27 09:19:47,631 [83932d67-4fdc-4fe4-8fe1-3df6c3f1844a@group-844398C9211A-LeaderElection8] INFO  impl.LeaderElection (LeaderElection.java:askForVotes(448)) - 83932d67-4fdc-4fe4-8fe1-3df6c3f1844a@group-844398C9211A-LeaderElection8 PRE_VOTE round 0: submit vote requests at term 0 for conf: {index: -1, cur=peers:[83932d67-4fdc-4fe4-8fe1-3df6c3f1844a|127.0.0.1:15023]|listeners:[], old=null}
2025-09-27 09:19:47,631 [83932d67-4fdc-4fe4-8fe1-3df6c3f1844a@group-844398C9211A-LeaderElection8] INFO  impl.LeaderElection (LeaderElection.java:askForVotes(450)) - 83932d67-4fdc-4fe4-8fe1-3df6c3f1844a@group-844398C9211A-LeaderElection8 PRE_VOTE round 0: result PASSED (term=0)
2025-09-27 09:19:47,632 [83932d67-4fdc-4fe4-8fe1-3df6c3f1844a@group-C5B96A071F98-LeaderElection7] INFO  server.RaftServerConfigKeys (ConfUtils.java:logGet(62)) - raft.server.log.appender.wait-time.min = 0μs (custom)
2025-09-27 09:19:47,633 [83932d67-4fdc-4fe4-8fe1-3df6c3f1844a@group-844398C9211A-LeaderElection8] INFO  impl.LeaderElection (LeaderElection.java:askForVotes(448)) - 83932d67-4fdc-4fe4-8fe1-3df6c3f1844a@group-844398C9211A-LeaderElection8 ELECTION round 0: submit vote requests at term 1 for conf: {index: -1, cur=peers:[83932d67-4fdc-4fe4-8fe1-3df6c3f1844a|127.0.0.1:15023]|listeners:[], old=null}
2025-09-27 09:19:47,633 [83932d67-4fdc-4fe4-8fe1-3df6c3f1844a@group-844398C9211A-LeaderElection8] INFO  impl.LeaderElection (LeaderElection.java:askForVotes(450)) - 83932d67-4fdc-4fe4-8fe1-3df6c3f1844a@group-844398C9211A-LeaderElection8 ELECTION round 0: result PASSED (term=1)
2025-09-27 09:19:47,633 [83932d67-4fdc-4fe4-8fe1-3df6c3f1844a@group-844398C9211A-LeaderElection8] INFO  impl.RoleInfo (RoleInfo.java:shutdownLeaderElection(141)) - 83932d67-4fdc-4fe4-8fe1-3df6c3f1844a: shutdown 83932d67-4fdc-4fe4-8fe1-3df6c3f1844a@group-844398C9211A-LeaderElection8
2025-09-27 09:19:47,633 [83932d67-4fdc-4fe4-8fe1-3df6c3f1844a@group-844398C9211A-LeaderElection8] INFO  server.RaftServer$Division (RaftServerImpl.java:setRole(392)) - 83932d67-4fdc-4fe4-8fe1-3df6c3f1844a@group-844398C9211A: changes role from CANDIDATE to LEADER at term 1 for changeToLeader
2025-09-27 09:19:47,633 [83932d67-4fdc-4fe4-8fe1-3df6c3f1844a@group-844398C9211A-LeaderElection8] INFO  server.RaftServerConfigKeys (ConfUtils.java:logFallback(69)) - raft.server.staging.timeout = 15600ms (fallback to raft.server.rpc.timeout.max)
2025-09-27 09:19:47,634 [83932d67-4fdc-4fe4-8fe1-3df6c3f1844a@group-844398C9211A-LeaderElection8] INFO  server.RaftServerConfigKeys (ConfUtils.java:logGet(62)) - raft.server.write.byte-limit = 1024 M (=1073741824) (custom)
2025-09-27 09:19:47,633 [83932d67-4fdc-4fe4-8fe1-3df6c3f1844a@group-C5B96A071F98-LeaderElection7] INFO  grpc.GrpcConfigKeys (ConfUtils.java:logGet(62)) - raft.grpc.server.leader.outstanding.appends.max = 8 (default)
2025-09-27 09:19:47,634 [83932d67-4fdc-4fe4-8fe1-3df6c3f1844a@group-C5B96A071F98-LeaderElection7] INFO  grpc.GrpcConfigKeys (ConfUtils.java:logGet(62)) - raft.grpc.server.install_snapshot.request.element-limit = 8 (default)
2025-09-27 09:19:47,634 [83932d67-4fdc-4fe4-8fe1-3df6c3f1844a@group-C5B96A071F98-LeaderElection7] INFO  grpc.GrpcConfigKeys (ConfUtils.java:logGet(62)) - raft.grpc.server.install_snapshot.request.timeout = 3000ms (default)
2025-09-27 09:19:47,634 [83932d67-4fdc-4fe4-8fe1-3df6c3f1844a@group-C5B96A071F98-LeaderElection7] INFO  grpc.GrpcConfigKeys (ConfUtils.java:logGet(62)) - raft.grpc.server.log-message.batch.duration = 5s (default)
2025-09-27 09:19:47,635 [83932d67-4fdc-4fe4-8fe1-3df6c3f1844a@group-844398C9211A-LeaderElection8] INFO  impl.RoleInfo (RoleInfo.java:updateAndGet(148)) - 83932d67-4fdc-4fe4-8fe1-3df6c3f1844a: start 83932d67-4fdc-4fe4-8fe1-3df6c3f1844a@group-844398C9211A-LeaderStateImpl
2025-09-27 09:19:47,635 [83932d67-4fdc-4fe4-8fe1-3df6c3f1844a@group-844398C9211A-LeaderElection8] INFO  server.RaftServer$Division (RaftServerImpl.java:setFirstElection(576)) - 83932d67-4fdc-4fe4-8fe1-3df6c3f1844a@group-844398C9211A: set firstElectionSinceStartup to false for becomeLeader
2025-09-27 09:19:47,635 [83932d67-4fdc-4fe4-8fe1-3df6c3f1844a@group-844398C9211A-LeaderElection8] INFO  ratis.XceiverServerRatis (XceiverServerRatis.java:handleLeaderChangedNotification(940)) - Leader change notification received for group: group-844398C9211A with new leaderId: 83932d67-4fdc-4fe4-8fe1-3df6c3f1844a
2025-09-27 09:19:47,637 [83932d67-4fdc-4fe4-8fe1-3df6c3f1844a@group-C5B96A071F98-LeaderElection7] INFO  server.RaftServerConfigKeys (ConfUtils.java:logGet(62)) - raft.server.log.appender.buffer.byte-limit = 33554432 (custom)
2025-09-27 09:19:47,637 [83932d67-4fdc-4fe4-8fe1-3df6c3f1844a@group-844398C9211A-LeaderElection8] INFO  server.RaftServer$Division (ServerState.java:setLeader(272)) - 83932d67-4fdc-4fe4-8fe1-3df6c3f1844a@group-844398C9211A: change Leader from null to 83932d67-4fdc-4fe4-8fe1-3df6c3f1844a at term 1 for becomeLeader, leader elected after 1113ms
2025-09-27 09:19:47,637 [83932d67-4fdc-4fe4-8fe1-3df6c3f1844a@group-844398C9211A-LeaderElection8] INFO  segmented.SegmentedRaftLogWorker (SegmentedRaftLogWorker.java:startLogSegment(440)) - 83932d67-4fdc-4fe4-8fe1-3df6c3f1844a@group-844398C9211A-SegmentedRaftLogWorker: Starting segment from index:0
2025-09-27 09:19:47,638 [83932d67-4fdc-4fe4-8fe1-3df6c3f1844a@group-844398C9211A-LeaderElection8] INFO  server.RaftServer$Division (ServerState.java:setRaftConf(386)) - 83932d67-4fdc-4fe4-8fe1-3df6c3f1844a@group-844398C9211A: set configuration conf: {index: 0, cur=peers:[83932d67-4fdc-4fe4-8fe1-3df6c3f1844a|127.0.0.1:15023]|listeners:[], old=null}
2025-09-27 09:19:47,639 [EventQueue-PipelineReportForOneReplicaPipelineSafeModeRule] INFO  safemode.SCMSafeModeManager (SCMSafeModeManager.java:validateSafeModeExitRules(138)) - AtleastOneDatanodeReportedRule rule is successfully validated
2025-09-27 09:19:47,638 [83932d67-4fdc-4fe4-8fe1-3df6c3f1844a@group-844398C9211A-SegmentedRaftLogWorker] INFO  segmented.BufferedWriteChannel (BufferedWriteChannel.java:open(61)) - open log_inprogress_0 at position 0
2025-09-27 09:19:47,642 [83932d67-4fdc-4fe4-8fe1-3df6c3f1844a@group-C5B96A071F98-LeaderElection7] INFO  impl.RoleInfo (RoleInfo.java:updateAndGet(148)) - 83932d67-4fdc-4fe4-8fe1-3df6c3f1844a: start 83932d67-4fdc-4fe4-8fe1-3df6c3f1844a@group-C5B96A071F98-LeaderStateImpl
2025-09-27 09:19:47,642 [83932d67-4fdc-4fe4-8fe1-3df6c3f1844a@group-C5B96A071F98-LeaderElection7] INFO  server.RaftServer$Division (RaftServerImpl.java:setFirstElection(576)) - 83932d67-4fdc-4fe4-8fe1-3df6c3f1844a@group-C5B96A071F98: set firstElectionSinceStartup to false for becomeLeader
2025-09-27 09:19:47,642 [83932d67-4fdc-4fe4-8fe1-3df6c3f1844a@group-C5B96A071F98-LeaderElection7] INFO  ratis.XceiverServerRatis (XceiverServerRatis.java:handleLeaderChangedNotification(940)) - Leader change notification received for group: group-C5B96A071F98 with new leaderId: 83932d67-4fdc-4fe4-8fe1-3df6c3f1844a
2025-09-27 09:19:47,643 [83932d67-4fdc-4fe4-8fe1-3df6c3f1844a@group-C5B96A071F98-LeaderElection7] INFO  server.RaftServer$Division (ServerState.java:setLeader(272)) - 83932d67-4fdc-4fe4-8fe1-3df6c3f1844a@group-C5B96A071F98: change Leader from null to 83932d67-4fdc-4fe4-8fe1-3df6c3f1844a at term 1 for becomeLeader, leader elected after 1090ms
2025-09-27 09:19:47,643 [83932d67-4fdc-4fe4-8fe1-3df6c3f1844a@group-C5B96A071F98-LeaderElection7] INFO  segmented.SegmentedRaftLogWorker (SegmentedRaftLogWorker.java:startLogSegment(440)) - 83932d67-4fdc-4fe4-8fe1-3df6c3f1844a@group-C5B96A071F98-SegmentedRaftLogWorker: Starting segment from index:0
2025-09-27 09:19:47,643 [83932d67-4fdc-4fe4-8fe1-3df6c3f1844a@group-C5B96A071F98-SegmentedRaftLogWorker] INFO  segmented.BufferedWriteChannel (BufferedWriteChannel.java:open(61)) - open log_inprogress_0 at position 0
2025-09-27 09:19:47,645 [EventQueue-PipelineReportForOneReplicaPipelineSafeModeRule] INFO  safemode.SCMSafeModeManager (SCMSafeModeManager.java:validateSafeModeExitRules(138)) - AtleastOneDatanodeReportedRule rule is successfully validated
2025-09-27 09:19:47,648 [83932d67-4fdc-4fe4-8fe1-3df6c3f1844a@group-C5B96A071F98-LeaderElection7] INFO  server.RaftServer$Division (ServerState.java:setRaftConf(386)) - 83932d67-4fdc-4fe4-8fe1-3df6c3f1844a@group-C5B96A071F98: set configuration conf: {index: 0, cur=peers:[83932d67-4fdc-4fe4-8fe1-3df6c3f1844a|127.0.0.1:15023, 18da7ee6-49f7-45ee-8090-861a49f32d36|127.0.0.1:15031, c792898a-1981-4e29-8158-41294c472b61|127.0.0.1:15015]|listeners:[], old=null}
2025-09-27 09:19:47,649 [07f651f6-8f87-47bb-8f69-34e194401a37@group-1629492F36A3-StateMachineUpdater] INFO  safemode.SCMSafeModeManager (SCMSafeModeManager.java:validateSafeModeExitRules(138)) - DataNodeSafeModeRule rule is successfully validated
2025-09-27 09:19:47,649 [07f651f6-8f87-47bb-8f69-34e194401a37@group-1629492F36A3-StateMachineUpdater] INFO  safemode.SCMSafeModeManager (SCMSafeModeManager.java:validateSafeModeExitRules(138)) - RatisContainerSafeModeRule rule is successfully validated
2025-09-27 09:19:47,650 [07f651f6-8f87-47bb-8f69-34e194401a37@group-1629492F36A3-StateMachineUpdater] INFO  safemode.HealthyPipelineSafeModeRule (HealthyPipelineSafeModeRule.java:initializeRule(228)) - Refreshed total pipeline count is 1, healthy pipeline threshold count is 1
2025-09-27 09:19:47,650 [07f651f6-8f87-47bb-8f69-34e194401a37@group-1629492F36A3-StateMachineUpdater] INFO  safemode.SCMSafeModeManager (SCMSafeModeManager.java:validateSafeModeExitRules(138)) - ECContainerSafeModeRule rule is successfully validated
2025-09-27 09:19:47,650 [07f651f6-8f87-47bb-8f69-34e194401a37@group-1629492F36A3-StateMachineUpdater] INFO  safemode.SCMSafeModeManager (SCMSafeModeManager.java:validateSafeModeExitRules(138)) - AtleastOneDatanodeReportedRule rule is successfully validated
2025-09-27 09:19:47,650 [EventQueue-PipelineReportForPipelineReportHandler] INFO  pipeline.PipelineReportHandler (PipelineReportHandler.java:processPipelineReport(132)) - Opened pipeline Pipeline-166034bd-8cb8-4e48-85d0-c5b96a071f98
2025-09-27 09:19:47,650 [EventQueue-OpenPipelineForHealthyPipelineSafeModeRule] INFO  safemode.SCMSafeModeManager (HealthyPipelineSafeModeRule.java:process(196)) - SCM in safe mode. Healthy pipelines reported count is 1, required healthy pipeline reported count is 1
2025-09-27 09:19:47,650 [EventQueue-OpenPipelineForHealthyPipelineSafeModeRule] INFO  safemode.SCMSafeModeManager (SCMSafeModeManager.java:validateSafeModeExitRules(138)) - HealthyPipelineSafeModeRule rule is successfully validated
2025-09-27 09:19:47,650 [EventQueue-OpenPipelineForHealthyPipelineSafeModeRule] INFO  safemode.SCMSafeModeManager (SCMSafeModeManager.java:validateSafeModeExitRules(158)) - ScmSafeModeManager, all rules are successfully validated
2025-09-27 09:19:47,651 [EventQueue-OpenPipelineForHealthyPipelineSafeModeRule] INFO  safemode.SCMSafeModeManager (SCMSafeModeManager.java:validateSafeModeExitRules(159)) - SCM exiting safe mode.
2025-09-27 09:19:47,651 [EventQueue-OpenPipelineForHealthyPipelineSafeModeRule] INFO  ha.SCMContext (SCMContext.java:updateSafeModeStatus(224)) - Update SafeModeStatus from SafeModeStatus{safeModeStatus=true, preCheckPassed=true} to SafeModeStatus{safeModeStatus=false, preCheckPassed=true}.
2025-09-27 09:19:47,651 [EventQueue-OpenPipelineForHealthyPipelineSafeModeRule] INFO  BackgroundPipelineScrubber (BackgroundSCMService.java:notifyStatusChanged(78)) - Service BackgroundPipelineScrubber transitions to RUNNING.
2025-09-27 09:19:47,651 [EventQueue-OpenPipelineForHealthyPipelineSafeModeRule] INFO  ExpiredContainerReplicaOpScrubber (BackgroundSCMService.java:notifyStatusChanged(78)) - Service ExpiredContainerReplicaOpScrubber transitions to RUNNING.
2025-09-27 09:19:47,651 [EventQueue-OpenPipelineForHealthyPipelineSafeModeRule] INFO  block.SCMBlockDeletingService (SCMBlockDeletingService.java:notifyStatusChanged(265)) - notifyStatusChanged:RUNNING
2025-09-27 09:19:47,651 [EventQueue-OpenPipelineForHealthyPipelineSafeModeRule] INFO  replication.ReplicationManager (ReplicationManager.java:notifyStatusChanged(1389)) - Service ReplicationManager transitions to RUNNING.
2025-09-27 09:19:47,652 [83932d67-4fdc-4fe4-8fe1-3df6c3f1844a@group-844398C9211A-SegmentedRaftLogWorker] INFO  segmented.SegmentedRaftLogWorker (SegmentedRaftLogWorker.java:execute(647)) - 83932d67-4fdc-4fe4-8fe1-3df6c3f1844a@group-844398C9211A-SegmentedRaftLogWorker: created new log segment /home/runner/work/ozone/ozone/hadoop-ozone/integration-test/target/test-dir/MiniOzoneClusterImpl-871b4ddd-f672-4be1-b73a-1629492f36a3/ozone-metadata/datanode-2/ratis/d591271a-4e99-47ef-a757-844398c9211a/current/log_inprogress_0
2025-09-27 09:19:47,655 [83932d67-4fdc-4fe4-8fe1-3df6c3f1844a@group-C5B96A071F98-SegmentedRaftLogWorker] INFO  segmented.SegmentedRaftLogWorker (SegmentedRaftLogWorker.java:execute(647)) - 83932d67-4fdc-4fe4-8fe1-3df6c3f1844a@group-C5B96A071F98-SegmentedRaftLogWorker: created new log segment /home/runner/work/ozone/ozone/hadoop-ozone/integration-test/target/test-dir/MiniOzoneClusterImpl-871b4ddd-f672-4be1-b73a-1629492f36a3/ozone-metadata/datanode-2/ratis/166034bd-8cb8-4e48-85d0-c5b96a071f98/current/log_inprogress_0
2025-09-27 09:19:47,655 [83932d67-4fdc-4fe4-8fe1-3df6c3f1844a@group-844398C9211A-StateMachineUpdater] INFO  server.RaftServer$Division (LeaderStateImpl.java:checkStartIndex(309)) - Leader 83932d67-4fdc-4fe4-8fe1-3df6c3f1844a@group-844398C9211A-LeaderStateImpl is ready since appliedIndex == startIndex == 0
2025-09-27 09:19:47,659 [EventQueue-OpenPipelineForHealthyPipelineSafeModeRule] WARN  balancer.ContainerBalancer (ContainerBalancer.java:shouldRun(136)) - Could not find persisted configuration for ContainerBalancer when checking if ContainerBalancer should run. ContainerBalancer should not run now.
2025-09-27 09:19:47,659 [EventQueue-OpenPipelineForHealthyPipelineSafeModeRule] INFO  SCMHATransactionMonitor (BackgroundSCMService.java:notifyStatusChanged(78)) - Service SCMHATransactionMonitor transitions to RUNNING.
2025-09-27 09:19:47,669 [grpc-default-executor-1] INFO  ratis.XceiverServerRatis (XceiverServerRatis.java:handleLeaderChangedNotification(940)) - Leader change notification received for group: group-C5B96A071F98 with new leaderId: 83932d67-4fdc-4fe4-8fe1-3df6c3f1844a
2025-09-27 09:19:47,669 [grpc-default-executor-1] INFO  server.RaftServer$Division (ServerState.java:setLeader(272)) - 18da7ee6-49f7-45ee-8090-861a49f32d36@group-C5B96A071F98: change Leader from null to 83932d67-4fdc-4fe4-8fe1-3df6c3f1844a at term 1 for appendEntries, leader elected after 1011ms
2025-09-27 09:19:47,669 [grpc-default-executor-3] INFO  ratis.XceiverServerRatis (XceiverServerRatis.java:handleLeaderChangedNotification(940)) - Leader change notification received for group: group-C5B96A071F98 with new leaderId: 83932d67-4fdc-4fe4-8fe1-3df6c3f1844a
2025-09-27 09:19:47,670 [grpc-default-executor-3] INFO  server.RaftServer$Division (ServerState.java:setLeader(272)) - c792898a-1981-4e29-8158-41294c472b61@group-C5B96A071F98: change Leader from null to 83932d67-4fdc-4fe4-8fe1-3df6c3f1844a at term 1 for appendEntries, leader elected after 1338ms
2025-09-27 09:19:47,677 [grpc-default-executor-1] INFO  server.RaftServer$Division (ServerState.java:setRaftConf(386)) - 18da7ee6-49f7-45ee-8090-861a49f32d36@group-C5B96A071F98: set configuration conf: {index: 0, cur=peers:[83932d67-4fdc-4fe4-8fe1-3df6c3f1844a|127.0.0.1:15023, 18da7ee6-49f7-45ee-8090-861a49f32d36|127.0.0.1:15031, c792898a-1981-4e29-8158-41294c472b61|127.0.0.1:15015]|listeners:[], old=null}
2025-09-27 09:19:47,680 [grpc-default-executor-1] INFO  segmented.SegmentedRaftLogWorker (SegmentedRaftLogWorker.java:startLogSegment(440)) - 18da7ee6-49f7-45ee-8090-861a49f32d36@group-C5B96A071F98-SegmentedRaftLogWorker: Starting segment from index:0
2025-09-27 09:19:47,681 [18da7ee6-49f7-45ee-8090-861a49f32d36@group-C5B96A071F98-SegmentedRaftLogWorker] INFO  segmented.BufferedWriteChannel (BufferedWriteChannel.java:open(61)) - open log_inprogress_0 at position 0
2025-09-27 09:19:47,681 [grpc-default-executor-3] INFO  server.RaftServer$Division (ServerState.java:setRaftConf(386)) - c792898a-1981-4e29-8158-41294c472b61@group-C5B96A071F98: set configuration conf: {index: 0, cur=peers:[83932d67-4fdc-4fe4-8fe1-3df6c3f1844a|127.0.0.1:15023, 18da7ee6-49f7-45ee-8090-861a49f32d36|127.0.0.1:15031, c792898a-1981-4e29-8158-41294c472b61|127.0.0.1:15015]|listeners:[], old=null}
2025-09-27 09:19:47,682 [grpc-default-executor-3] INFO  segmented.SegmentedRaftLogWorker (SegmentedRaftLogWorker.java:startLogSegment(440)) - c792898a-1981-4e29-8158-41294c472b61@group-C5B96A071F98-SegmentedRaftLogWorker: Starting segment from index:0
2025-09-27 09:19:47,683 [c792898a-1981-4e29-8158-41294c472b61@group-C5B96A071F98-SegmentedRaftLogWorker] INFO  segmented.BufferedWriteChannel (BufferedWriteChannel.java:open(61)) - open log_inprogress_0 at position 0
2025-09-27 09:19:47,692 [18da7ee6-49f7-45ee-8090-861a49f32d36@group-C5B96A071F98-SegmentedRaftLogWorker] INFO  segmented.SegmentedRaftLogWorker (SegmentedRaftLogWorker.java:execute(647)) - 18da7ee6-49f7-45ee-8090-861a49f32d36@group-C5B96A071F98-SegmentedRaftLogWorker: created new log segment /home/runner/work/ozone/ozone/hadoop-ozone/integration-test/target/test-dir/MiniOzoneClusterImpl-871b4ddd-f672-4be1-b73a-1629492f36a3/ozone-metadata/datanode-3/ratis/166034bd-8cb8-4e48-85d0-c5b96a071f98/current/log_inprogress_0
2025-09-27 09:19:47,693 [c792898a-1981-4e29-8158-41294c472b61@group-C5B96A071F98-SegmentedRaftLogWorker] INFO  segmented.SegmentedRaftLogWorker (SegmentedRaftLogWorker.java:execute(647)) - c792898a-1981-4e29-8158-41294c472b61@group-C5B96A071F98-SegmentedRaftLogWorker: created new log segment /home/runner/work/ozone/ozone/hadoop-ozone/integration-test/target/test-dir/MiniOzoneClusterImpl-871b4ddd-f672-4be1-b73a-1629492f36a3/ozone-metadata/datanode-1/ratis/166034bd-8cb8-4e48-85d0-c5b96a071f98/current/log_inprogress_0
2025-09-27 09:19:47,697 [83932d67-4fdc-4fe4-8fe1-3df6c3f1844a@group-C5B96A071F98-StateMachineUpdater] INFO  server.RaftServer$Division (LeaderStateImpl.java:checkStartIndex(309)) - Leader 83932d67-4fdc-4fe4-8fe1-3df6c3f1844a@group-C5B96A071F98-LeaderStateImpl is ready since appliedIndex == startIndex == 0
2025-09-27 09:19:47,810 [18da7ee6-49f7-45ee-8090-861a49f32d36@group-01F21CBCA59D-FollowerState] INFO  impl.FollowerState (FollowerState.java:runImpl(161)) - 18da7ee6-49f7-45ee-8090-861a49f32d36@group-01F21CBCA59D-FollowerState: change to CANDIDATE, lastRpcElapsedTime:1011472635ns, electionTimeout:1011ms
2025-09-27 09:19:47,810 [18da7ee6-49f7-45ee-8090-861a49f32d36@group-01F21CBCA59D-FollowerState] INFO  impl.RoleInfo (RoleInfo.java:shutdownFollowerState(121)) - 18da7ee6-49f7-45ee-8090-861a49f32d36: shutdown 18da7ee6-49f7-45ee-8090-861a49f32d36@group-01F21CBCA59D-FollowerState
2025-09-27 09:19:47,810 [18da7ee6-49f7-45ee-8090-861a49f32d36@group-01F21CBCA59D-FollowerState] INFO  server.RaftServer$Division (RaftServerImpl.java:setRole(392)) - 18da7ee6-49f7-45ee-8090-861a49f32d36@group-01F21CBCA59D: changes role from  FOLLOWER to CANDIDATE at term 0 for changeToCandidate
2025-09-27 09:19:47,810 [18da7ee6-49f7-45ee-8090-861a49f32d36@group-01F21CBCA59D-FollowerState] INFO  impl.RoleInfo (RoleInfo.java:updateAndGet(148)) - 18da7ee6-49f7-45ee-8090-861a49f32d36: start 18da7ee6-49f7-45ee-8090-861a49f32d36@group-01F21CBCA59D-LeaderElection9
2025-09-27 09:19:47,811 [18da7ee6-49f7-45ee-8090-861a49f32d36@group-01F21CBCA59D-LeaderElection9] INFO  impl.LeaderElection (LeaderElection.java:askForVotes(448)) - 18da7ee6-49f7-45ee-8090-861a49f32d36@group-01F21CBCA59D-LeaderElection9 PRE_VOTE round 0: submit vote requests at term 0 for conf: {index: -1, cur=peers:[18da7ee6-49f7-45ee-8090-861a49f32d36|127.0.0.1:15031]|listeners:[], old=null}
2025-09-27 09:19:47,811 [18da7ee6-49f7-45ee-8090-861a49f32d36@group-01F21CBCA59D-LeaderElection9] INFO  impl.LeaderElection (LeaderElection.java:askForVotes(450)) - 18da7ee6-49f7-45ee-8090-861a49f32d36@group-01F21CBCA59D-LeaderElection9 PRE_VOTE round 0: result PASSED (term=0)
2025-09-27 09:19:47,812 [18da7ee6-49f7-45ee-8090-861a49f32d36@group-01F21CBCA59D-LeaderElection9] INFO  impl.LeaderElection (LeaderElection.java:askForVotes(448)) - 18da7ee6-49f7-45ee-8090-861a49f32d36@group-01F21CBCA59D-LeaderElection9 ELECTION round 0: submit vote requests at term 1 for conf: {index: -1, cur=peers:[18da7ee6-49f7-45ee-8090-861a49f32d36|127.0.0.1:15031]|listeners:[], old=null}
2025-09-27 09:19:47,812 [18da7ee6-49f7-45ee-8090-861a49f32d36@group-01F21CBCA59D-LeaderElection9] INFO  impl.LeaderElection (LeaderElection.java:askForVotes(450)) - 18da7ee6-49f7-45ee-8090-861a49f32d36@group-01F21CBCA59D-LeaderElection9 ELECTION round 0: result PASSED (term=1)
2025-09-27 09:19:47,812 [18da7ee6-49f7-45ee-8090-861a49f32d36@group-01F21CBCA59D-LeaderElection9] INFO  impl.RoleInfo (RoleInfo.java:shutdownLeaderElection(141)) - 18da7ee6-49f7-45ee-8090-861a49f32d36: shutdown 18da7ee6-49f7-45ee-8090-861a49f32d36@group-01F21CBCA59D-LeaderElection9
2025-09-27 09:19:47,813 [18da7ee6-49f7-45ee-8090-861a49f32d36@group-01F21CBCA59D-LeaderElection9] INFO  server.RaftServer$Division (RaftServerImpl.java:setRole(392)) - 18da7ee6-49f7-45ee-8090-861a49f32d36@group-01F21CBCA59D: changes role from CANDIDATE to LEADER at term 1 for changeToLeader
2025-09-27 09:19:47,813 [18da7ee6-49f7-45ee-8090-861a49f32d36@group-01F21CBCA59D-LeaderElection9] INFO  server.RaftServerConfigKeys (ConfUtils.java:logFallback(69)) - raft.server.staging.timeout = 15600ms (fallback to raft.server.rpc.timeout.max)
2025-09-27 09:19:47,813 [18da7ee6-49f7-45ee-8090-861a49f32d36@group-01F21CBCA59D-LeaderElection9] INFO  server.RaftServerConfigKeys (ConfUtils.java:logGet(62)) - raft.server.write.byte-limit = 1024 M (=1073741824) (custom)
2025-09-27 09:19:47,814 [18da7ee6-49f7-45ee-8090-861a49f32d36@group-01F21CBCA59D-LeaderElection9] INFO  impl.RoleInfo (RoleInfo.java:updateAndGet(148)) - 18da7ee6-49f7-45ee-8090-861a49f32d36: start 18da7ee6-49f7-45ee-8090-861a49f32d36@group-01F21CBCA59D-LeaderStateImpl
2025-09-27 09:19:47,814 [18da7ee6-49f7-45ee-8090-861a49f32d36@group-01F21CBCA59D-LeaderElection9] INFO  server.RaftServer$Division (RaftServerImpl.java:setFirstElection(576)) - 18da7ee6-49f7-45ee-8090-861a49f32d36@group-01F21CBCA59D: set firstElectionSinceStartup to false for becomeLeader
2025-09-27 09:19:47,814 [18da7ee6-49f7-45ee-8090-861a49f32d36@group-01F21CBCA59D-LeaderElection9] INFO  ratis.XceiverServerRatis (XceiverServerRatis.java:handleLeaderChangedNotification(940)) - Leader change notification received for group: group-01F21CBCA59D with new leaderId: 18da7ee6-49f7-45ee-8090-861a49f32d36
2025-09-27 09:19:47,816 [18da7ee6-49f7-45ee-8090-861a49f32d36@group-01F21CBCA59D-LeaderElection9] INFO  server.RaftServer$Division (ServerState.java:setLeader(272)) - 18da7ee6-49f7-45ee-8090-861a49f32d36@group-01F21CBCA59D: change Leader from null to 18da7ee6-49f7-45ee-8090-861a49f32d36 at term 1 for becomeLeader, leader elected after 1067ms
2025-09-27 09:19:47,816 [18da7ee6-49f7-45ee-8090-861a49f32d36@group-01F21CBCA59D-LeaderElection9] INFO  segmented.SegmentedRaftLogWorker (SegmentedRaftLogWorker.java:startLogSegment(440)) - 18da7ee6-49f7-45ee-8090-861a49f32d36@group-01F21CBCA59D-SegmentedRaftLogWorker: Starting segment from index:0
2025-09-27 09:19:47,817 [18da7ee6-49f7-45ee-8090-861a49f32d36@group-01F21CBCA59D-LeaderElection9] INFO  server.RaftServer$Division (ServerState.java:setRaftConf(386)) - 18da7ee6-49f7-45ee-8090-861a49f32d36@group-01F21CBCA59D: set configuration conf: {index: 0, cur=peers:[18da7ee6-49f7-45ee-8090-861a49f32d36|127.0.0.1:15031]|listeners:[], old=null}
2025-09-27 09:19:47,817 [18da7ee6-49f7-45ee-8090-861a49f32d36@group-01F21CBCA59D-SegmentedRaftLogWorker] INFO  segmented.BufferedWriteChannel (BufferedWriteChannel.java:open(61)) - open log_inprogress_0 at position 0
2025-09-27 09:19:47,824 [18da7ee6-49f7-45ee-8090-861a49f32d36@group-01F21CBCA59D-SegmentedRaftLogWorker] INFO  segmented.SegmentedRaftLogWorker (SegmentedRaftLogWorker.java:execute(647)) - 18da7ee6-49f7-45ee-8090-861a49f32d36@group-01F21CBCA59D-SegmentedRaftLogWorker: created new log segment /home/runner/work/ozone/ozone/hadoop-ozone/integration-test/target/test-dir/MiniOzoneClusterImpl-871b4ddd-f672-4be1-b73a-1629492f36a3/ozone-metadata/datanode-3/ratis/d8f8602c-31a3-42e6-a45e-01f21cbca59d/current/log_inprogress_0
2025-09-27 09:19:47,826 [18da7ee6-49f7-45ee-8090-861a49f32d36@group-01F21CBCA59D-StateMachineUpdater] INFO  server.RaftServer$Division (LeaderStateImpl.java:checkStartIndex(309)) - Leader 18da7ee6-49f7-45ee-8090-861a49f32d36@group-01F21CBCA59D-LeaderStateImpl is ready since appliedIndex == startIndex == 0
2025-09-27 09:19:47,844 [ForkJoinPool-1-worker-1] INFO  ozone.MiniOzoneClusterImpl (MiniOzoneClusterImpl.java:lambda$waitForClusterToBeReady$0(181)) - Nodes are ready. Got 5 of 5 DN Heartbeats.
2025-09-27 09:19:47,844 [ForkJoinPool-1-worker-1] INFO  ozone.MiniOzoneClusterImpl (MiniOzoneClusterImpl.java:lambda$waitForClusterToBeReady$0(184)) - Cluster exits safe mode
2025-09-27 09:19:47,844 [ForkJoinPool-1-worker-1] INFO  ozone.MiniOzoneClusterImpl (MiniOzoneClusterImpl.java:lambda$waitForClusterToBeReady$0(186)) - SCM became leader
2025-09-27 09:19:47,845 [ForkJoinPool-1-worker-1] INFO  proxy.SCMContainerLocationFailoverProxyProvider (SCMFailoverProxyProviderBase.java:<init>(120)) - Created fail-over proxy for protocol StorageContainerLocationProtocolPB with 1 nodes: [nodeId=scmNodeId,nodeAddress=/0.0.0.0:15000]
2025-09-27 09:19:47,847 [c792898a-1981-4e29-8158-41294c472b61@group-F78CC9DDB469-FollowerState] INFO  impl.FollowerState (FollowerState.java:runImpl(161)) - c792898a-1981-4e29-8158-41294c472b61@group-F78CC9DDB469-FollowerState: change to CANDIDATE, lastRpcElapsedTime:1092512772ns, electionTimeout:1092ms
2025-09-27 09:19:47,847 [c792898a-1981-4e29-8158-41294c472b61@group-F78CC9DDB469-FollowerState] INFO  impl.RoleInfo (RoleInfo.java:shutdownFollowerState(121)) - c792898a-1981-4e29-8158-41294c472b61: shutdown c792898a-1981-4e29-8158-41294c472b61@group-F78CC9DDB469-FollowerState
2025-09-27 09:19:47,847 [c792898a-1981-4e29-8158-41294c472b61@group-F78CC9DDB469-FollowerState] INFO  server.RaftServer$Division (RaftServerImpl.java:setRole(392)) - c792898a-1981-4e29-8158-41294c472b61@group-F78CC9DDB469: changes role from  FOLLOWER to CANDIDATE at term 0 for changeToCandidate
2025-09-27 09:19:47,847 [c792898a-1981-4e29-8158-41294c472b61@group-F78CC9DDB469-FollowerState] INFO  impl.RoleInfo (RoleInfo.java:updateAndGet(148)) - c792898a-1981-4e29-8158-41294c472b61: start c792898a-1981-4e29-8158-41294c472b61@group-F78CC9DDB469-LeaderElection10
2025-09-27 09:19:47,847 [ForkJoinPool-1-worker-1] INFO  proxy.SecretKeyProtocolFailoverProxyProvider (SCMFailoverProxyProviderBase.java:<init>(120)) - Created fail-over proxy for protocol SecretKeyProtocolScmPB with 1 nodes: [nodeId=scmNodeId,nodeAddress=/0.0.0.0:9961]
2025-09-27 09:19:47,848 [c792898a-1981-4e29-8158-41294c472b61@group-F78CC9DDB469-LeaderElection10] INFO  impl.LeaderElection (LeaderElection.java:askForVotes(448)) - c792898a-1981-4e29-8158-41294c472b61@group-F78CC9DDB469-LeaderElection10 PRE_VOTE round 0: submit vote requests at term 0 for conf: {index: -1, cur=peers:[83932d67-4fdc-4fe4-8fe1-3df6c3f1844a|127.0.0.1:15023, 18da7ee6-49f7-45ee-8090-861a49f32d36|127.0.0.1:15031, c792898a-1981-4e29-8158-41294c472b61|127.0.0.1:15015]|listeners:[], old=null}
2025-09-27 09:19:47,851 [grpc-default-executor-0] INFO  server.RaftServer$Division (RaftServerImpl.java:requestVote(1421)) - 83932d67-4fdc-4fe4-8fe1-3df6c3f1844a@group-F78CC9DDB469: receive requestVote(PRE_VOTE, c792898a-1981-4e29-8158-41294c472b61, group-F78CC9DDB469, 0, <PROTO_DEFAULT>)
2025-09-27 09:19:47,852 [grpc-default-executor-0] INFO  impl.VoteContext (VoteContext.java:log(49)) - 83932d67-4fdc-4fe4-8fe1-3df6c3f1844a@group-F78CC9DDB469-FOLLOWER: accept PRE_VOTE from c792898a-1981-4e29-8158-41294c472b61: our priority 0 <= candidate's priority 1
2025-09-27 09:19:47,852 [grpc-default-executor-0] INFO  server.RaftServer$Division (RaftServerImpl.java:requestVote(1455)) - 83932d67-4fdc-4fe4-8fe1-3df6c3f1844a@group-F78CC9DDB469 replies to PRE_VOTE vote request: c792898a-1981-4e29-8158-41294c472b61<-83932d67-4fdc-4fe4-8fe1-3df6c3f1844a#0:OK-t0-last:<INITIAL_VALUE>. Peer's state: 83932d67-4fdc-4fe4-8fe1-3df6c3f1844a@group-F78CC9DDB469:t0, leader=null, voted=, raftlog=Memoized:83932d67-4fdc-4fe4-8fe1-3df6c3f1844a@group-F78CC9DDB469-SegmentedRaftLog:OPENED:c-1:lastnull, conf=conf: {index: -1, cur=peers:[83932d67-4fdc-4fe4-8fe1-3df6c3f1844a|127.0.0.1:15023, 18da7ee6-49f7-45ee-8090-861a49f32d36|127.0.0.1:15031, c792898a-1981-4e29-8158-41294c472b61|127.0.0.1:15015]|listeners:[], old=null}
2025-09-27 09:19:47,853 [grpc-default-executor-2] INFO  server.RaftServer$Division (RaftServerImpl.java:requestVote(1421)) - 18da7ee6-49f7-45ee-8090-861a49f32d36@group-F78CC9DDB469: receive requestVote(PRE_VOTE, c792898a-1981-4e29-8158-41294c472b61, group-F78CC9DDB469, 0, <PROTO_DEFAULT>)
2025-09-27 09:19:47,853 [grpc-default-executor-2] INFO  impl.VoteContext (VoteContext.java:log(49)) - 18da7ee6-49f7-45ee-8090-861a49f32d36@group-F78CC9DDB469-FOLLOWER: accept PRE_VOTE from c792898a-1981-4e29-8158-41294c472b61: our priority 0 <= candidate's priority 1
2025-09-27 09:19:47,853 [grpc-default-executor-2] INFO  server.RaftServer$Division (RaftServerImpl.java:requestVote(1455)) - 18da7ee6-49f7-45ee-8090-861a49f32d36@group-F78CC9DDB469 replies to PRE_VOTE vote request: c792898a-1981-4e29-8158-41294c472b61<-18da7ee6-49f7-45ee-8090-861a49f32d36#0:OK-t0-last:<INITIAL_VALUE>. Peer's state: 18da7ee6-49f7-45ee-8090-861a49f32d36@group-F78CC9DDB469:t0, leader=null, voted=, raftlog=Memoized:18da7ee6-49f7-45ee-8090-861a49f32d36@group-F78CC9DDB469-SegmentedRaftLog:OPENED:c-1:lastnull, conf=conf: {index: -1, cur=peers:[83932d67-4fdc-4fe4-8fe1-3df6c3f1844a|127.0.0.1:15023, 18da7ee6-49f7-45ee-8090-861a49f32d36|127.0.0.1:15031, c792898a-1981-4e29-8158-41294c472b61|127.0.0.1:15015]|listeners:[], old=null}
2025-09-27 09:19:47,853 [c792898a-1981-4e29-8158-41294c472b61@group-F78CC9DDB469-LeaderElection10] INFO  impl.LeaderElection (LeaderElection.java:logAndReturn(206)) - c792898a-1981-4e29-8158-41294c472b61@group-F78CC9DDB469-LeaderElection10: PRE_VOTE PASSED received 1 response(s) and 0 exception(s):
2025-09-27 09:19:47,853 [c792898a-1981-4e29-8158-41294c472b61@group-F78CC9DDB469-LeaderElection10] INFO  impl.LeaderElection (LeaderElection.java:logAndReturn(210)) -   Response 0: c792898a-1981-4e29-8158-41294c472b61<-83932d67-4fdc-4fe4-8fe1-3df6c3f1844a#0:OK-t0-last:<INITIAL_VALUE>
2025-09-27 09:19:47,854 [c792898a-1981-4e29-8158-41294c472b61@group-F78CC9DDB469-LeaderElection10] INFO  impl.LeaderElection (LeaderElection.java:askForVotes(450)) - c792898a-1981-4e29-8158-41294c472b61@group-F78CC9DDB469-LeaderElection10 PRE_VOTE round 0: result PASSED
2025-09-27 09:19:47,856 [c792898a-1981-4e29-8158-41294c472b61@group-F78CC9DDB469-LeaderElection10] INFO  impl.LeaderElection (LeaderElection.java:askForVotes(448)) - c792898a-1981-4e29-8158-41294c472b61@group-F78CC9DDB469-LeaderElection10 ELECTION round 0: submit vote requests at term 1 for conf: {index: -1, cur=peers:[83932d67-4fdc-4fe4-8fe1-3df6c3f1844a|127.0.0.1:15023, 18da7ee6-49f7-45ee-8090-861a49f32d36|127.0.0.1:15031, c792898a-1981-4e29-8158-41294c472b61|127.0.0.1:15015]|listeners:[], old=null}
2025-09-27 09:19:47,857 [pool-247-thread-1] INFO  ozoneimpl.OzoneContainer (OzoneContainer.java:stop(549)) - Attempting to stop container services.
2025-09-27 09:19:47,858 [ContainerMetadataScanner] WARN  ozoneimpl.AbstractBackgroundContainerScanner (AbstractBackgroundContainerScanner.java:handleRemainingSleep(136)) - Background container scan was interrupted.
2025-09-27 09:19:47,858 [ContainerMetadataScanner] INFO  ozoneimpl.AbstractBackgroundContainerScanner (AbstractBackgroundContainerScanner.java:run(63)) - org.apache.hadoop.ozone.container.ozoneimpl.BackgroundContainerMetadataScanner@71ca66b6 exiting.
2025-09-27 09:19:47,859 [pool-247-thread-1] INFO  ozoneimpl.BackgroundContainerDataScanner (BackgroundContainerDataScanner.java:shutdown(87)) - ContainerDataScanner(/home/runner/work/ozone/ozone/hadoop-ozone/integration-test/target/test-dir/MiniOzoneClusterImpl-871b4ddd-f672-4be1-b73a-1629492f36a3/ozone-metadata/datanode-1/data-0/hdds) is shutting down. 
2025-09-27 09:19:47,859 [ContainerDataScanner(/home/runner/work/ozone/ozone/hadoop-ozone/integration-test/target/test-dir/MiniOzoneClusterImpl-871b4ddd-f672-4be1-b73a-1629492f36a3/ozone-metadata/datanode-1/data-0/hdds)] WARN  ozoneimpl.AbstractBackgroundContainerScanner (AbstractBackgroundContainerScanner.java:handleRemainingSleep(136)) - Background container scan was interrupted.
2025-09-27 09:19:47,861 [ContainerDataScanner(/home/runner/work/ozone/ozone/hadoop-ozone/integration-test/target/test-dir/MiniOzoneClusterImpl-871b4ddd-f672-4be1-b73a-1629492f36a3/ozone-metadata/datanode-1/data-0/hdds)] INFO  ozoneimpl.AbstractBackgroundContainerScanner (AbstractBackgroundContainerScanner.java:run(63)) - ContainerDataScanner(/home/runner/work/ozone/ozone/hadoop-ozone/integration-test/target/test-dir/MiniOzoneClusterImpl-871b4ddd-f672-4be1-b73a-1629492f36a3/ozone-metadata/datanode-1/data-0/hdds, DS-fcf56c94-fe42-4682-9086-0e4c16550f46) exiting.
2025-09-27 09:19:47,861 [grpc-default-executor-0] INFO  server.RaftServer$Division (RaftServerImpl.java:requestVote(1421)) - 18da7ee6-49f7-45ee-8090-861a49f32d36@group-F78CC9DDB469: receive requestVote(ELECTION, c792898a-1981-4e29-8158-41294c472b61, group-F78CC9DDB469, 1, <PROTO_DEFAULT>)
2025-09-27 09:19:47,859 [grpc-default-executor-2] INFO  server.RaftServer$Division (RaftServerImpl.java:requestVote(1421)) - 83932d67-4fdc-4fe4-8fe1-3df6c3f1844a@group-F78CC9DDB469: receive requestVote(ELECTION, c792898a-1981-4e29-8158-41294c472b61, group-F78CC9DDB469, 1, <PROTO_DEFAULT>)
2025-09-27 09:19:47,862 [grpc-default-executor-0] INFO  impl.VoteContext (VoteContext.java:log(49)) - 18da7ee6-49f7-45ee-8090-861a49f32d36@group-F78CC9DDB469-FOLLOWER: accept ELECTION from c792898a-1981-4e29-8158-41294c472b61: our priority 0 <= candidate's priority 1
2025-09-27 09:19:47,862 [grpc-default-executor-0] INFO  server.RaftServer$Division (RaftServerImpl.java:setRole(392)) - 18da7ee6-49f7-45ee-8090-861a49f32d36@group-F78CC9DDB469: changes role from  FOLLOWER to FOLLOWER at term 0 for candidate:c792898a-1981-4e29-8158-41294c472b61
2025-09-27 09:19:47,863 [grpc-default-executor-0] INFO  impl.RoleInfo (RoleInfo.java:shutdownFollowerState(121)) - 18da7ee6-49f7-45ee-8090-861a49f32d36: shutdown 18da7ee6-49f7-45ee-8090-861a49f32d36@group-F78CC9DDB469-FollowerState
2025-09-27 09:19:47,863 [grpc-default-executor-0] INFO  impl.RoleInfo (RoleInfo.java:updateAndGet(148)) - 18da7ee6-49f7-45ee-8090-861a49f32d36: start 18da7ee6-49f7-45ee-8090-861a49f32d36@group-F78CC9DDB469-FollowerState
2025-09-27 09:19:47,864 [grpc-default-executor-0] INFO  server.RaftServer$Division (RaftServerImpl.java:setFirstElection(576)) - 18da7ee6-49f7-45ee-8090-861a49f32d36@group-F78CC9DDB469: set firstElectionSinceStartup to false for candidate:c792898a-1981-4e29-8158-41294c472b61
2025-09-27 09:19:47,861 [pool-247-thread-1] INFO  ozoneimpl.OnDemandContainerScanner (OnDemandContainerScanner.java:shutdown(141)) - On-demand container scanner is shutting down.
2025-09-27 09:19:47,863 [18da7ee6-49f7-45ee-8090-861a49f32d36@group-F78CC9DDB469-FollowerState] INFO  impl.FollowerState (FollowerState.java:runImpl(170)) - 18da7ee6-49f7-45ee-8090-861a49f32d36@group-F78CC9DDB469-FollowerState was interrupted
2025-09-27 09:19:47,867 [grpc-default-executor-0] INFO  server.RaftServer$Division (RaftServerImpl.java:requestVote(1455)) - 18da7ee6-49f7-45ee-8090-861a49f32d36@group-F78CC9DDB469 replies to ELECTION vote request: c792898a-1981-4e29-8158-41294c472b61<-18da7ee6-49f7-45ee-8090-861a49f32d36#0:OK-t1-last:<INITIAL_VALUE>. Peer's state: 18da7ee6-49f7-45ee-8090-861a49f32d36@group-F78CC9DDB469:t1, leader=null, voted=c792898a-1981-4e29-8158-41294c472b61, raftlog=Memoized:18da7ee6-49f7-45ee-8090-861a49f32d36@group-F78CC9DDB469-SegmentedRaftLog:OPENED:c-1:lastnull, conf=conf: {index: -1, cur=peers:[83932d67-4fdc-4fe4-8fe1-3df6c3f1844a|127.0.0.1:15023, 18da7ee6-49f7-45ee-8090-861a49f32d36|127.0.0.1:15031, c792898a-1981-4e29-8158-41294c472b61|127.0.0.1:15015]|listeners:[], old=null}
2025-09-27 09:19:47,863 [grpc-default-executor-2] INFO  impl.VoteContext (VoteContext.java:log(49)) - 83932d67-4fdc-4fe4-8fe1-3df6c3f1844a@group-F78CC9DDB469-FOLLOWER: accept ELECTION from c792898a-1981-4e29-8158-41294c472b61: our priority 0 <= candidate's priority 1
2025-09-27 09:19:47,868 [grpc-default-executor-2] INFO  server.RaftServer$Division (RaftServerImpl.java:setRole(392)) - 83932d67-4fdc-4fe4-8fe1-3df6c3f1844a@group-F78CC9DDB469: changes role from  FOLLOWER to FOLLOWER at term 0 for candidate:c792898a-1981-4e29-8158-41294c472b61
2025-09-27 09:19:47,868 [grpc-default-executor-2] INFO  impl.RoleInfo (RoleInfo.java:shutdownFollowerState(121)) - 83932d67-4fdc-4fe4-8fe1-3df6c3f1844a: shutdown 83932d67-4fdc-4fe4-8fe1-3df6c3f1844a@group-F78CC9DDB469-FollowerState
2025-09-27 09:19:47,869 [grpc-default-executor-2] INFO  impl.RoleInfo (RoleInfo.java:updateAndGet(148)) - 83932d67-4fdc-4fe4-8fe1-3df6c3f1844a: start 83932d67-4fdc-4fe4-8fe1-3df6c3f1844a@group-F78CC9DDB469-FollowerState
2025-09-27 09:19:47,869 [83932d67-4fdc-4fe4-8fe1-3df6c3f1844a@group-F78CC9DDB469-FollowerState] INFO  impl.FollowerState (FollowerState.java:runImpl(170)) - 83932d67-4fdc-4fe4-8fe1-3df6c3f1844a@group-F78CC9DDB469-FollowerState was interrupted
2025-09-27 09:19:47,869 [c792898a-1981-4e29-8158-41294c472b61@group-F78CC9DDB469-LeaderElection10] INFO  impl.LeaderElection (LeaderElection.java:logAndReturn(206)) - c792898a-1981-4e29-8158-41294c472b61@group-F78CC9DDB469-LeaderElection10: ELECTION PASSED received 1 response(s) and 0 exception(s):
2025-09-27 09:19:47,869 [c792898a-1981-4e29-8158-41294c472b61@group-F78CC9DDB469-LeaderElection10] INFO  impl.LeaderElection (LeaderElection.java:logAndReturn(210)) -   Response 0: c792898a-1981-4e29-8158-41294c472b61<-18da7ee6-49f7-45ee-8090-861a49f32d36#0:OK-t1-last:<INITIAL_VALUE>
2025-09-27 09:19:47,869 [c792898a-1981-4e29-8158-41294c472b61@group-F78CC9DDB469-LeaderElection10] INFO  impl.LeaderElection (LeaderElection.java:askForVotes(450)) - c792898a-1981-4e29-8158-41294c472b61@group-F78CC9DDB469-LeaderElection10 ELECTION round 0: result PASSED
2025-09-27 09:19:47,869 [c792898a-1981-4e29-8158-41294c472b61@group-F78CC9DDB469-LeaderElection10] INFO  impl.RoleInfo (RoleInfo.java:shutdownLeaderElection(141)) - c792898a-1981-4e29-8158-41294c472b61: shutdown c792898a-1981-4e29-8158-41294c472b61@group-F78CC9DDB469-LeaderElection10
2025-09-27 09:19:47,869 [c792898a-1981-4e29-8158-41294c472b61@group-F78CC9DDB469-LeaderElection10] INFO  server.RaftServer$Division (RaftServerImpl.java:setRole(392)) - c792898a-1981-4e29-8158-41294c472b61@group-F78CC9DDB469: changes role from CANDIDATE to LEADER at term 1 for changeToLeader
2025-09-27 09:19:47,869 [c792898a-1981-4e29-8158-41294c472b61@group-F78CC9DDB469-LeaderElection10] INFO  server.RaftServerConfigKeys (ConfUtils.java:logFallback(69)) - raft.server.staging.timeout = 15600ms (fallback to raft.server.rpc.timeout.max)
2025-09-27 09:19:47,870 [c792898a-1981-4e29-8158-41294c472b61@group-F78CC9DDB469-LeaderElection10] INFO  server.RaftServerConfigKeys (ConfUtils.java:logGet(62)) - raft.server.write.byte-limit = 1024 M (=1073741824) (custom)
2025-09-27 09:19:47,871 [c792898a-1981-4e29-8158-41294c472b61@group-F78CC9DDB469-LeaderElection10] INFO  server.RaftServerConfigKeys (ConfUtils.java:logGet(62)) - raft.server.log.appender.buffer.byte-limit = 33554432 (custom)
2025-09-27 09:19:47,872 [grpc-default-executor-2] INFO  server.RaftServer$Division (RaftServerImpl.java:setFirstElection(576)) - 83932d67-4fdc-4fe4-8fe1-3df6c3f1844a@group-F78CC9DDB469: set firstElectionSinceStartup to false for candidate:c792898a-1981-4e29-8158-41294c472b61
2025-09-27 09:19:47,875 [grpc-default-executor-2] INFO  server.RaftServer$Division (RaftServerImpl.java:requestVote(1455)) - 83932d67-4fdc-4fe4-8fe1-3df6c3f1844a@group-F78CC9DDB469 replies to ELECTION vote request: c792898a-1981-4e29-8158-41294c472b61<-83932d67-4fdc-4fe4-8fe1-3df6c3f1844a#0:OK-t1-last:<INITIAL_VALUE>. Peer's state: 83932d67-4fdc-4fe4-8fe1-3df6c3f1844a@group-F78CC9DDB469:t1, leader=null, voted=c792898a-1981-4e29-8158-41294c472b61, raftlog=Memoized:83932d67-4fdc-4fe4-8fe1-3df6c3f1844a@group-F78CC9DDB469-SegmentedRaftLog:OPENED:c-1:lastnull, conf=conf: {index: -1, cur=peers:[83932d67-4fdc-4fe4-8fe1-3df6c3f1844a|127.0.0.1:15023, 18da7ee6-49f7-45ee-8090-861a49f32d36|127.0.0.1:15031, c792898a-1981-4e29-8158-41294c472b61|127.0.0.1:15015]|listeners:[], old=null}
2025-09-27 09:19:47,875 [c792898a-1981-4e29-8158-41294c472b61@group-F78CC9DDB469-LeaderElection10] INFO  server.RaftServerConfigKeys (ConfUtils.java:logGet(62)) - raft.server.log.appender.buffer.byte-limit = 33554432 (custom)
2025-09-27 09:19:47,876 [c792898a-1981-4e29-8158-41294c472b61@group-F78CC9DDB469-LeaderElection10] INFO  impl.RoleInfo (RoleInfo.java:updateAndGet(148)) - c792898a-1981-4e29-8158-41294c472b61: start c792898a-1981-4e29-8158-41294c472b61@group-F78CC9DDB469-LeaderStateImpl
2025-09-27 09:19:47,876 [c792898a-1981-4e29-8158-41294c472b61@group-F78CC9DDB469-LeaderElection10] INFO  server.RaftServer$Division (RaftServerImpl.java:setFirstElection(576)) - c792898a-1981-4e29-8158-41294c472b61@group-F78CC9DDB469: set firstElectionSinceStartup to false for becomeLeader
2025-09-27 09:19:47,876 [c792898a-1981-4e29-8158-41294c472b61@group-F78CC9DDB469-LeaderElection10] INFO  ratis.XceiverServerRatis (XceiverServerRatis.java:handleLeaderChangedNotification(940)) - Leader change notification received for group: group-F78CC9DDB469 with new leaderId: c792898a-1981-4e29-8158-41294c472b61
2025-09-27 09:19:47,876 [c792898a-1981-4e29-8158-41294c472b61@group-F78CC9DDB469-LeaderElection10] INFO  server.RaftServer$Division (ServerState.java:setLeader(272)) - c792898a-1981-4e29-8158-41294c472b61@group-F78CC9DDB469: change Leader from null to c792898a-1981-4e29-8158-41294c472b61 at term 1 for becomeLeader, leader elected after 1148ms
2025-09-27 09:19:47,876 [c792898a-1981-4e29-8158-41294c472b61@group-F78CC9DDB469-LeaderElection10] INFO  segmented.SegmentedRaftLogWorker (SegmentedRaftLogWorker.java:startLogSegment(440)) - c792898a-1981-4e29-8158-41294c472b61@group-F78CC9DDB469-SegmentedRaftLogWorker: Starting segment from index:0
2025-09-27 09:19:47,877 [c792898a-1981-4e29-8158-41294c472b61@group-F78CC9DDB469-LeaderElection10] INFO  server.RaftServer$Division (ServerState.java:setRaftConf(386)) - c792898a-1981-4e29-8158-41294c472b61@group-F78CC9DDB469: set configuration conf: {index: 0, cur=peers:[83932d67-4fdc-4fe4-8fe1-3df6c3f1844a|127.0.0.1:15023, 18da7ee6-49f7-45ee-8090-861a49f32d36|127.0.0.1:15031, c792898a-1981-4e29-8158-41294c472b61|127.0.0.1:15015]|listeners:[], old=null}
2025-09-27 09:19:47,877 [pool-247-thread-1] INFO  ratis.XceiverServerRatis (XceiverServerRatis.java:stop(594)) - Closing XceiverServerRatis(c792898a-1981-4e29-8158-41294c472b61)
2025-09-27 09:19:47,877 [pool-247-thread-1] INFO  server.RaftServer (RaftServerProxy.java:lambda$close$9(422)) - c792898a-1981-4e29-8158-41294c472b61: close
2025-09-27 09:19:47,877 [c792898a-1981-4e29-8158-41294c472b61@group-F78CC9DDB469-SegmentedRaftLogWorker] INFO  segmented.BufferedWriteChannel (BufferedWriteChannel.java:open(61)) - open log_inprogress_0 at position 0
2025-09-27 09:19:47,882 [c792898a-1981-4e29-8158-41294c472b61-impl-thread2] INFO  server.RaftServer$Division (RaftServerImpl.java:lambda$close$1(527)) - c792898a-1981-4e29-8158-41294c472b61@group-5F01EAE184E2: shutdown
2025-09-27 09:19:47,882 [c792898a-1981-4e29-8158-41294c472b61-impl-thread2] INFO  util.JmxRegister (JmxRegister.java:unregister(74)) - Successfully un-registered JMX Bean with object name Ratis:service=RaftServer,group=group-5F01EAE184E2,id=c792898a-1981-4e29-8158-41294c472b61
2025-09-27 09:19:47,882 [c792898a-1981-4e29-8158-41294c472b61-impl-thread2] INFO  impl.RoleInfo (RoleInfo.java:shutdownFollowerState(121)) - c792898a-1981-4e29-8158-41294c472b61: shutdown c792898a-1981-4e29-8158-41294c472b61@group-5F01EAE184E2-FollowerState
2025-09-27 09:19:47,882 [c792898a-1981-4e29-8158-41294c472b61-impl-thread2] INFO  impl.StateMachineUpdater (StateMachineUpdater.java:stopAndJoin(163)) - c792898a-1981-4e29-8158-41294c472b61@group-5F01EAE184E2-StateMachineUpdater: set stopIndex = -1
2025-09-27 09:19:47,882 [c792898a-1981-4e29-8158-41294c472b61-impl-thread1] INFO  server.RaftServer$Division (RaftServerImpl.java:lambda$close$1(527)) - c792898a-1981-4e29-8158-41294c472b61@group-F78CC9DDB469: shutdown
2025-09-27 09:19:47,883 [c792898a-1981-4e29-8158-41294c472b61-impl-thread1] INFO  util.JmxRegister (JmxRegister.java:unregister(74)) - Successfully un-registered JMX Bean with object name Ratis:service=RaftServer,group=group-F78CC9DDB469,id=c792898a-1981-4e29-8158-41294c472b61
2025-09-27 09:19:47,883 [c792898a-1981-4e29-8158-41294c472b61-impl-thread1] INFO  impl.RoleInfo (RoleInfo.java:shutdownLeaderState(103)) - c792898a-1981-4e29-8158-41294c472b61: shutdown c792898a-1981-4e29-8158-41294c472b61@group-F78CC9DDB469-LeaderStateImpl
2025-09-27 09:19:47,883 [c792898a-1981-4e29-8158-41294c472b61-impl-thread1] INFO  impl.PendingRequests (PendingRequests.java:sendNotLeaderResponses(287)) - c792898a-1981-4e29-8158-41294c472b61@group-F78CC9DDB469-PendingRequests: sendNotLeaderResponses
2025-09-27 09:19:47,883 [c792898a-1981-4e29-8158-41294c472b61@group-5F01EAE184E2-FollowerState] INFO  impl.FollowerState (FollowerState.java:runImpl(170)) - c792898a-1981-4e29-8158-41294c472b61@group-5F01EAE184E2-FollowerState was interrupted
2025-09-27 09:19:47,883 [c792898a-1981-4e29-8158-41294c472b61-impl-thread3] INFO  server.RaftServer$Division (RaftServerImpl.java:lambda$close$1(527)) - c792898a-1981-4e29-8158-41294c472b61@group-C5B96A071F98: shutdown
2025-09-27 09:19:47,884 [c792898a-1981-4e29-8158-41294c472b61@group-F78CC9DDB469->18da7ee6-49f7-45ee-8090-861a49f32d36-GrpcLogAppender-LogAppenderDaemon] INFO  leader.LogAppenderDaemon (LogAppenderDaemon.java:run(87)) - c792898a-1981-4e29-8158-41294c472b61@group-F78CC9DDB469->18da7ee6-49f7-45ee-8090-861a49f32d36-GrpcLogAppender-LogAppenderDaemon I/O was interrupted: java.io.InterruptedIOException: Interrupted appendLog, heartbeat? true
2025-09-27 09:19:47,883 [c792898a-1981-4e29-8158-41294c472b61@group-5F01EAE184E2-StateMachineUpdater] INFO  impl.StateMachineUpdater (StateMachineUpdater.java:stop(140)) - c792898a-1981-4e29-8158-41294c472b61@group-5F01EAE184E2-StateMachineUpdater: closing ContainerStateMachine, lastApplied=<INITIAL_VALUE>
2025-09-27 09:19:47,884 [c792898a-1981-4e29-8158-41294c472b61-impl-thread3] INFO  util.JmxRegister (JmxRegister.java:unregister(74)) - Successfully un-registered JMX Bean with object name Ratis:service=RaftServer,group=group-C5B96A071F98,id=c792898a-1981-4e29-8158-41294c472b61
2025-09-27 09:19:47,886 [c792898a-1981-4e29-8158-41294c472b61-impl-thread3] INFO  impl.RoleInfo (RoleInfo.java:shutdownFollowerState(121)) - c792898a-1981-4e29-8158-41294c472b61: shutdown c792898a-1981-4e29-8158-41294c472b61@group-C5B96A071F98-FollowerState
2025-09-27 09:19:47,886 [c792898a-1981-4e29-8158-41294c472b61-impl-thread3] INFO  impl.StateMachineUpdater (StateMachineUpdater.java:stopAndJoin(163)) - c792898a-1981-4e29-8158-41294c472b61@group-C5B96A071F98-StateMachineUpdater: set stopIndex = -1
2025-09-27 09:19:47,883 [c792898a-1981-4e29-8158-41294c472b61@group-F78CC9DDB469->83932d67-4fdc-4fe4-8fe1-3df6c3f1844a-GrpcLogAppender-LogAppenderDaemon] INFO  leader.LogAppenderDaemon (LogAppenderDaemon.java:run(87)) - c792898a-1981-4e29-8158-41294c472b61@group-F78CC9DDB469->83932d67-4fdc-4fe4-8fe1-3df6c3f1844a-GrpcLogAppender-LogAppenderDaemon I/O was interrupted: java.io.InterruptedIOException: Interrupted appendLog, heartbeat? true
2025-09-27 09:19:47,887 [c792898a-1981-4e29-8158-41294c472b61-impl-thread1] INFO  impl.StateMachineUpdater (StateMachineUpdater.java:stopAndJoin(163)) - c792898a-1981-4e29-8158-41294c472b61@group-F78CC9DDB469-StateMachineUpdater: set stopIndex = -1
2025-09-27 09:19:47,887 [c792898a-1981-4e29-8158-41294c472b61@group-F78CC9DDB469-StateMachineUpdater] INFO  impl.StateMachineUpdater (StateMachineUpdater.java:stop(140)) - c792898a-1981-4e29-8158-41294c472b61@group-F78CC9DDB469-StateMachineUpdater: closing ContainerStateMachine, lastApplied=<INITIAL_VALUE>
2025-09-27 09:19:47,888 [c792898a-1981-4e29-8158-41294c472b61@group-F78CC9DDB469-cacheEviction-AwaitToRun] INFO  util.AwaitToRun (AwaitToRun.java:run(49)) - c792898a-1981-4e29-8158-41294c472b61@group-F78CC9DDB469-cacheEviction-AwaitToRun-AwaitForSignal is interrupted
2025-09-27 09:19:47,888 [pool-247-thread-1] INFO  server.GrpcServicesImpl (GrpcServicesImpl.java:closeImpl(355)) - c792898a-1981-4e29-8158-41294c472b61: shutdown server org.apache.ratis.grpc.server.GrpcClientProtocolService now
2025-09-27 09:19:47,889 [c792898a-1981-4e29-8158-41294c472b61-impl-thread4] INFO  server.RaftServer$Division (RaftServerImpl.java:lambda$close$1(527)) - c792898a-1981-4e29-8158-41294c472b61@group-A7A68F768D7F: shutdown
2025-09-27 09:19:47,889 [c792898a-1981-4e29-8158-41294c472b61-impl-thread4] INFO  util.JmxRegister (JmxRegister.java:unregister(74)) - Successfully un-registered JMX Bean with object name Ratis:service=RaftServer,group=group-A7A68F768D7F,id=c792898a-1981-4e29-8158-41294c472b61
2025-09-27 09:19:47,889 [c792898a-1981-4e29-8158-41294c472b61-impl-thread4] INFO  impl.RoleInfo (RoleInfo.java:shutdownLeaderState(103)) - c792898a-1981-4e29-8158-41294c472b61: shutdown c792898a-1981-4e29-8158-41294c472b61@group-A7A68F768D7F-LeaderStateImpl
2025-09-27 09:19:47,889 [c792898a-1981-4e29-8158-41294c472b61-impl-thread4] INFO  impl.PendingRequests (PendingRequests.java:sendNotLeaderResponses(287)) - c792898a-1981-4e29-8158-41294c472b61@group-A7A68F768D7F-PendingRequests: sendNotLeaderResponses
2025-09-27 09:19:47,889 [c792898a-1981-4e29-8158-41294c472b61@group-C5B96A071F98-StateMachineUpdater] INFO  impl.StateMachineUpdater (StateMachineUpdater.java:stop(140)) - c792898a-1981-4e29-8158-41294c472b61@group-C5B96A071F98-StateMachineUpdater: closing ContainerStateMachine, lastApplied=<INITIAL_VALUE>
2025-09-27 09:19:47,890 [c792898a-1981-4e29-8158-41294c472b61@group-5F01EAE184E2-cacheEviction-AwaitToRun] INFO  util.AwaitToRun (AwaitToRun.java:run(49)) - c792898a-1981-4e29-8158-41294c472b61@group-5F01EAE184E2-cacheEviction-AwaitToRun-AwaitForSignal is interrupted
2025-09-27 09:19:47,890 [c792898a-1981-4e29-8158-41294c472b61-impl-thread4] INFO  impl.StateMachineUpdater (StateMachineUpdater.java:stopAndJoin(163)) - c792898a-1981-4e29-8158-41294c472b61@group-A7A68F768D7F-StateMachineUpdater: set stopIndex = 0
2025-09-27 09:19:47,891 [c792898a-1981-4e29-8158-41294c472b61@group-A7A68F768D7F-StateMachineUpdater] INFO  ratis.ContainerStateMachine (ContainerStateMachine.java:takeSnapshot(427)) - group-A7A68F768D7F: Taking a snapshot at:(t:1, i:0) file /home/runner/work/ozone/ozone/hadoop-ozone/integration-test/target/test-dir/MiniOzoneClusterImpl-871b4ddd-f672-4be1-b73a-1629492f36a3/ozone-metadata/datanode-1/ratis/90af7168-9b80-4e23-8c64-a7a68f768d7f/sm/snapshot.1_0
2025-09-27 09:19:47,891 [c792898a-1981-4e29-8158-41294c472b61@group-C5B96A071F98-FollowerState] INFO  impl.FollowerState (FollowerState.java:runImpl(170)) - c792898a-1981-4e29-8158-41294c472b61@group-C5B96A071F98-FollowerState was interrupted
2025-09-27 09:19:47,892 [c792898a-1981-4e29-8158-41294c472b61@group-C5B96A071F98-cacheEviction-AwaitToRun] INFO  util.AwaitToRun (AwaitToRun.java:run(49)) - c792898a-1981-4e29-8158-41294c472b61@group-C5B96A071F98-cacheEviction-AwaitToRun-AwaitForSignal is interrupted
2025-09-27 09:19:47,892 [Thread-716] INFO  server.GrpcServerProtocolClient (GrpcServerProtocolClient.java:close(105)) - 83932d67-4fdc-4fe4-8fe1-3df6c3f1844a Close channels
2025-09-27 09:19:47,893 [Thread-717] INFO  server.GrpcServerProtocolClient (GrpcServerProtocolClient.java:close(105)) - 18da7ee6-49f7-45ee-8090-861a49f32d36 Close channels
2025-09-27 09:19:47,895 [c792898a-1981-4e29-8158-41294c472b61@group-F78CC9DDB469-SegmentedRaftLogWorker] INFO  segmented.SegmentedRaftLogWorker (SegmentedRaftLogWorker.java:execute(647)) - c792898a-1981-4e29-8158-41294c472b61@group-F78CC9DDB469-SegmentedRaftLogWorker: created new log segment /home/runner/work/ozone/ozone/hadoop-ozone/integration-test/target/test-dir/MiniOzoneClusterImpl-871b4ddd-f672-4be1-b73a-1629492f36a3/ozone-metadata/datanode-1/ratis/72238b95-a3bd-4b17-94ed-f78cc9ddb469/current/log_inprogress_0
2025-09-27 09:19:47,897 [c792898a-1981-4e29-8158-41294c472b61-impl-thread1] INFO  segmented.SegmentedRaftLogWorker (SegmentedRaftLogWorker.java:close(254)) - c792898a-1981-4e29-8158-41294c472b61@group-F78CC9DDB469-SegmentedRaftLogWorker close()
2025-09-27 09:19:47,897 [c792898a-1981-4e29-8158-41294c472b61-impl-thread1] INFO  ratis.ContainerStateMachine (ContainerStateMachine.java:notifyServerShutdown(1038)) - group-F78CC9DDB469 is closed by HddsDatanodeService
2025-09-27 09:19:47,984 [18da7ee6-49f7-45ee-8090-861a49f32d36@group-5F01EAE184E2-FollowerState] INFO  impl.FollowerState (FollowerState.java:runImpl(161)) - 18da7ee6-49f7-45ee-8090-861a49f32d36@group-5F01EAE184E2-FollowerState: change to CANDIDATE, lastRpcElapsedTime:1058874473ns, electionTimeout:1058ms
2025-09-27 09:19:47,984 [83932d67-4fdc-4fe4-8fe1-3df6c3f1844a@group-5F01EAE184E2-FollowerState] INFO  impl.FollowerState (FollowerState.java:runImpl(161)) - 83932d67-4fdc-4fe4-8fe1-3df6c3f1844a@group-5F01EAE184E2-FollowerState: change to CANDIDATE, lastRpcElapsedTime:1074481638ns, electionTimeout:1073ms
2025-09-27 09:19:47,984 [83932d67-4fdc-4fe4-8fe1-3df6c3f1844a@group-5F01EAE184E2-FollowerState] INFO  impl.RoleInfo (RoleInfo.java:shutdownFollowerState(121)) - 83932d67-4fdc-4fe4-8fe1-3df6c3f1844a: shutdown 83932d67-4fdc-4fe4-8fe1-3df6c3f1844a@group-5F01EAE184E2-FollowerState
2025-09-27 09:19:47,985 [83932d67-4fdc-4fe4-8fe1-3df6c3f1844a@group-5F01EAE184E2-FollowerState] INFO  server.RaftServer$Division (RaftServerImpl.java:setRole(392)) - 83932d67-4fdc-4fe4-8fe1-3df6c3f1844a@group-5F01EAE184E2: changes role from  FOLLOWER to CANDIDATE at term 0 for changeToCandidate
2025-09-27 09:19:47,985 [83932d67-4fdc-4fe4-8fe1-3df6c3f1844a@group-5F01EAE184E2-FollowerState] INFO  impl.RoleInfo (RoleInfo.java:updateAndGet(148)) - 83932d67-4fdc-4fe4-8fe1-3df6c3f1844a: start 83932d67-4fdc-4fe4-8fe1-3df6c3f1844a@group-5F01EAE184E2-LeaderElection11
2025-09-27 09:19:47,984 [18da7ee6-49f7-45ee-8090-861a49f32d36@group-5F01EAE184E2-FollowerState] INFO  impl.RoleInfo (RoleInfo.java:shutdownFollowerState(121)) - 18da7ee6-49f7-45ee-8090-861a49f32d36: shutdown 18da7ee6-49f7-45ee-8090-861a49f32d36@group-5F01EAE184E2-FollowerState
2025-09-27 09:19:47,987 [18da7ee6-49f7-45ee-8090-861a49f32d36@group-5F01EAE184E2-FollowerState] INFO  server.RaftServer$Division (RaftServerImpl.java:setRole(392)) - 18da7ee6-49f7-45ee-8090-861a49f32d36@group-5F01EAE184E2: changes role from  FOLLOWER to CANDIDATE at term 0 for changeToCandidate
2025-09-27 09:19:47,987 [18da7ee6-49f7-45ee-8090-861a49f32d36@group-5F01EAE184E2-FollowerState] INFO  impl.RoleInfo (RoleInfo.java:updateAndGet(148)) - 18da7ee6-49f7-45ee-8090-861a49f32d36: start 18da7ee6-49f7-45ee-8090-861a49f32d36@group-5F01EAE184E2-LeaderElection12
2025-09-27 09:19:47,987 [83932d67-4fdc-4fe4-8fe1-3df6c3f1844a@group-5F01EAE184E2-LeaderElection11] INFO  impl.LeaderElection (LeaderElection.java:askForVotes(448)) - 83932d67-4fdc-4fe4-8fe1-3df6c3f1844a@group-5F01EAE184E2-LeaderElection11 PRE_VOTE round 0: submit vote requests at term 0 for conf: {index: -1, cur=peers:[83932d67-4fdc-4fe4-8fe1-3df6c3f1844a|127.0.0.1:15023, 18da7ee6-49f7-45ee-8090-861a49f32d36|127.0.0.1:15031, c792898a-1981-4e29-8158-41294c472b61|127.0.0.1:15015]|listeners:[], old=null}
2025-09-27 09:19:47,988 [18da7ee6-49f7-45ee-8090-861a49f32d36@group-5F01EAE184E2-LeaderElection12] INFO  impl.LeaderElection (LeaderElection.java:askForVotes(448)) - 18da7ee6-49f7-45ee-8090-861a49f32d36@group-5F01EAE184E2-LeaderElection12 PRE_VOTE round 0: submit vote requests at term 0 for conf: {index: -1, cur=peers:[83932d67-4fdc-4fe4-8fe1-3df6c3f1844a|127.0.0.1:15023, 18da7ee6-49f7-45ee-8090-861a49f32d36|127.0.0.1:15031, c792898a-1981-4e29-8158-41294c472b61|127.0.0.1:15015]|listeners:[], old=null}
2025-09-27 09:19:47,988 [18da7ee6-49f7-45ee-8090-861a49f32d36@group-5F01EAE184E2-LeaderElection12-1] INFO  server.GrpcServerProtocolClient (GrpcServerProtocolClient.java:<init>(65)) - Build channel for 83932d67-4fdc-4fe4-8fe1-3df6c3f1844a|127.0.0.1:15023
2025-09-27 09:19:47,990 [18da7ee6-49f7-45ee-8090-861a49f32d36@group-5F01EAE184E2-LeaderElection12-2] INFO  server.GrpcServerProtocolClient (GrpcServerProtocolClient.java:<init>(65)) - Build channel for c792898a-1981-4e29-8158-41294c472b61|127.0.0.1:15015
2025-09-27 09:19:47,996 [c792898a-1981-4e29-8158-41294c472b61@group-A7A68F768D7F-StateMachineUpdater] INFO  ratis.ContainerStateMachine (ContainerStateMachine.java:takeSnapshot(436)) - group-A7A68F768D7F: Finished taking a snapshot at:(t:1, i:0) file:/home/runner/work/ozone/ozone/hadoop-ozone/integration-test/target/test-dir/MiniOzoneClusterImpl-871b4ddd-f672-4be1-b73a-1629492f36a3/ozone-metadata/datanode-1/ratis/90af7168-9b80-4e23-8c64-a7a68f768d7f/sm/snapshot.1_0 took: 105 ms
2025-09-27 09:19:47,998 [c792898a-1981-4e29-8158-41294c472b61@group-A7A68F768D7F-StateMachineUpdater] INFO  impl.StateMachineUpdater (StateMachineUpdater.java:takeSnapshot(307)) - c792898a-1981-4e29-8158-41294c472b61@group-A7A68F768D7F-StateMachineUpdater: Took a snapshot at index 0
2025-09-27 09:19:47,998 [c792898a-1981-4e29-8158-41294c472b61@group-A7A68F768D7F-StateMachineUpdater] INFO  impl.StateMachineUpdater (StateMachineUpdater.java:lambda$new$0(101)) - c792898a-1981-4e29-8158-41294c472b61@group-A7A68F768D7F-StateMachineUpdater: snapshotIndex: updateIncreasingly -1 -> 0
2025-09-27 09:19:47,998 [c792898a-1981-4e29-8158-41294c472b61@group-A7A68F768D7F-StateMachineUpdater] INFO  impl.StateMachineUpdater (StateMachineUpdater.java:stop(140)) - c792898a-1981-4e29-8158-41294c472b61@group-A7A68F768D7F-StateMachineUpdater: closing ContainerStateMachine, lastApplied=(t:1, i:0)
2025-09-27 09:19:47,999 [c792898a-1981-4e29-8158-41294c472b61@group-A7A68F768D7F-cacheEviction-AwaitToRun] INFO  util.AwaitToRun (AwaitToRun.java:run(49)) - c792898a-1981-4e29-8158-41294c472b61@group-A7A68F768D7F-cacheEviction-AwaitToRun-AwaitForSignal is interrupted
2025-09-27 09:19:48,001 [grpc-default-executor-2] INFO  server.RaftServer$Division (RaftServerImpl.java:requestVote(1421)) - 18da7ee6-49f7-45ee-8090-861a49f32d36@group-5F01EAE184E2: receive requestVote(PRE_VOTE, 83932d67-4fdc-4fe4-8fe1-3df6c3f1844a, group-5F01EAE184E2, 0, <PROTO_DEFAULT>)
2025-09-27 09:19:48,001 [grpc-default-executor-2] INFO  impl.VoteContext (VoteContext.java:log(49)) - 18da7ee6-49f7-45ee-8090-861a49f32d36@group-5F01EAE184E2-CANDIDATE: reject PRE_VOTE from 83932d67-4fdc-4fe4-8fe1-3df6c3f1844a: our priority 1 > candidate's priority 0
2025-09-27 09:19:48,001 [grpc-default-executor-2] INFO  server.RaftServer$Division (RaftServerImpl.java:requestVote(1455)) - 18da7ee6-49f7-45ee-8090-861a49f32d36@group-5F01EAE184E2 replies to PRE_VOTE vote request: 83932d67-4fdc-4fe4-8fe1-3df6c3f1844a<-18da7ee6-49f7-45ee-8090-861a49f32d36#0:FAIL-t0-last:<INITIAL_VALUE>. Peer's state: 18da7ee6-49f7-45ee-8090-861a49f32d36@group-5F01EAE184E2:t0, leader=null, voted=, raftlog=Memoized:18da7ee6-49f7-45ee-8090-861a49f32d36@group-5F01EAE184E2-SegmentedRaftLog:OPENED:c-1:lastnull, conf=conf: {index: -1, cur=peers:[83932d67-4fdc-4fe4-8fe1-3df6c3f1844a|127.0.0.1:15023, 18da7ee6-49f7-45ee-8090-861a49f32d36|127.0.0.1:15031, c792898a-1981-4e29-8158-41294c472b61|127.0.0.1:15015]|listeners:[], old=null}
2025-09-27 09:19:48,003 [83932d67-4fdc-4fe4-8fe1-3df6c3f1844a@group-5F01EAE184E2-LeaderElection11] INFO  impl.LeaderElection (LeaderElection.java:logAndReturn(206)) - 83932d67-4fdc-4fe4-8fe1-3df6c3f1844a@group-5F01EAE184E2-LeaderElection11: PRE_VOTE REJECTED received 1 response(s) and 0 exception(s):
2025-09-27 09:19:48,003 [83932d67-4fdc-4fe4-8fe1-3df6c3f1844a@group-5F01EAE184E2-LeaderElection11] INFO  impl.LeaderElection (LeaderElection.java:logAndReturn(210)) -   Response 0: 83932d67-4fdc-4fe4-8fe1-3df6c3f1844a<-18da7ee6-49f7-45ee-8090-861a49f32d36#0:FAIL-t0-last:<INITIAL_VALUE>
2025-09-27 09:19:48,003 [83932d67-4fdc-4fe4-8fe1-3df6c3f1844a@group-5F01EAE184E2-LeaderElection11] INFO  impl.LeaderElection (LeaderElection.java:askForVotes(450)) - 83932d67-4fdc-4fe4-8fe1-3df6c3f1844a@group-5F01EAE184E2-LeaderElection11 PRE_VOTE round 0: result REJECTED
2025-09-27 09:19:48,003 [83932d67-4fdc-4fe4-8fe1-3df6c3f1844a@group-5F01EAE184E2-LeaderElection11] INFO  server.RaftServer$Division (RaftServerImpl.java:setRole(392)) - 83932d67-4fdc-4fe4-8fe1-3df6c3f1844a@group-5F01EAE184E2: changes role from CANDIDATE to FOLLOWER at term 0 for REJECTED
2025-09-27 09:19:48,003 [83932d67-4fdc-4fe4-8fe1-3df6c3f1844a@group-5F01EAE184E2-LeaderElection11] INFO  impl.RoleInfo (RoleInfo.java:shutdownLeaderElection(141)) - 83932d67-4fdc-4fe4-8fe1-3df6c3f1844a: shutdown 83932d67-4fdc-4fe4-8fe1-3df6c3f1844a@group-5F01EAE184E2-LeaderElection11
2025-09-27 09:19:48,003 [83932d67-4fdc-4fe4-8fe1-3df6c3f1844a@group-5F01EAE184E2-LeaderElection11] INFO  impl.RoleInfo (RoleInfo.java:updateAndGet(148)) - 83932d67-4fdc-4fe4-8fe1-3df6c3f1844a: start 83932d67-4fdc-4fe4-8fe1-3df6c3f1844a@group-5F01EAE184E2-FollowerState
2025-09-27 09:19:48,004 [grpc-default-executor-0] INFO  server.RaftServer$Division (RaftServerImpl.java:requestVote(1421)) - c792898a-1981-4e29-8158-41294c472b61@group-5F01EAE184E2: receive requestVote(PRE_VOTE, 18da7ee6-49f7-45ee-8090-861a49f32d36, group-5F01EAE184E2, 0, <PROTO_DEFAULT>)
2025-09-27 09:19:48,004 [grpc-default-executor-0] WARN  server.GrpcServerProtocolService (LogUtils.java:warn(127)) - c792898a-1981-4e29-8158-41294c472b61: Failed requestVote 18da7ee6-49f7-45ee-8090-861a49f32d36->c792898a-1981-4e29-8158-41294c472b61#0: org.apache.ratis.protocol.exceptions.ServerNotReadyException: c792898a-1981-4e29-8158-41294c472b61@group-5F01EAE184E2 is not in [RUNNING]: current state is CLOSING
2025-09-27 09:19:48,004 [83932d67-4fdc-4fe4-8fe1-3df6c3f1844a@group-5F01EAE184E2-LeaderElection11] INFO  server.RaftServer$Division (RaftServerImpl.java:setFirstElection(576)) - 83932d67-4fdc-4fe4-8fe1-3df6c3f1844a@group-5F01EAE184E2: set firstElectionSinceStartup to false for REJECTED
2025-09-27 09:19:48,005 [grpc-default-executor-3] INFO  server.RaftServer$Division (RaftServerImpl.java:requestVote(1421)) - 83932d67-4fdc-4fe4-8fe1-3df6c3f1844a@group-5F01EAE184E2: receive requestVote(PRE_VOTE, 18da7ee6-49f7-45ee-8090-861a49f32d36, group-5F01EAE184E2, 0, <PROTO_DEFAULT>)
2025-09-27 09:19:48,006 [grpc-default-executor-3] INFO  impl.VoteContext (VoteContext.java:log(49)) - 83932d67-4fdc-4fe4-8fe1-3df6c3f1844a@group-5F01EAE184E2-FOLLOWER: accept PRE_VOTE from 18da7ee6-49f7-45ee-8090-861a49f32d36: our priority 0 <= candidate's priority 1
2025-09-27 09:19:48,006 [grpc-default-executor-3] INFO  server.RaftServer$Division (RaftServerImpl.java:requestVote(1455)) - 83932d67-4fdc-4fe4-8fe1-3df6c3f1844a@group-5F01EAE184E2 replies to PRE_VOTE vote request: 18da7ee6-49f7-45ee-8090-861a49f32d36<-83932d67-4fdc-4fe4-8fe1-3df6c3f1844a#0:OK-t0-last:<INITIAL_VALUE>. Peer's state: 83932d67-4fdc-4fe4-8fe1-3df6c3f1844a@group-5F01EAE184E2:t0, leader=null, voted=, raftlog=Memoized:83932d67-4fdc-4fe4-8fe1-3df6c3f1844a@group-5F01EAE184E2-SegmentedRaftLog:OPENED:c-1:lastnull, conf=conf: {index: -1, cur=peers:[83932d67-4fdc-4fe4-8fe1-3df6c3f1844a|127.0.0.1:15023, 18da7ee6-49f7-45ee-8090-861a49f32d36|127.0.0.1:15031, c792898a-1981-4e29-8158-41294c472b61|127.0.0.1:15015]|listeners:[], old=null}
2025-09-27 09:19:48,005 [grpc-default-executor-1] INFO  server.RaftServer$Division (RaftServerImpl.java:requestVote(1421)) - c792898a-1981-4e29-8158-41294c472b61@group-5F01EAE184E2: receive requestVote(PRE_VOTE, 83932d67-4fdc-4fe4-8fe1-3df6c3f1844a, group-5F01EAE184E2, 0, <PROTO_DEFAULT>)
2025-09-27 09:19:48,006 [grpc-default-executor-1] WARN  server.GrpcServerProtocolService (LogUtils.java:warn(127)) - c792898a-1981-4e29-8158-41294c472b61: Failed requestVote 83932d67-4fdc-4fe4-8fe1-3df6c3f1844a->c792898a-1981-4e29-8158-41294c472b61#0: org.apache.ratis.protocol.exceptions.ServerNotReadyException: c792898a-1981-4e29-8158-41294c472b61@group-5F01EAE184E2 is not in [RUNNING]: current state is CLOSING
2025-09-27 09:19:48,011 [18da7ee6-49f7-45ee-8090-861a49f32d36@group-5F01EAE184E2-LeaderElection12] INFO  impl.LeaderElection (LeaderElection.java:logAndReturn(206)) - 18da7ee6-49f7-45ee-8090-861a49f32d36@group-5F01EAE184E2-LeaderElection12: PRE_VOTE PASSED received 1 response(s) and 0 exception(s):
2025-09-27 09:19:48,012 [18da7ee6-49f7-45ee-8090-861a49f32d36@group-5F01EAE184E2-LeaderElection12] INFO  impl.LeaderElection (LeaderElection.java:logAndReturn(210)) -   Response 0: 18da7ee6-49f7-45ee-8090-861a49f32d36<-83932d67-4fdc-4fe4-8fe1-3df6c3f1844a#0:OK-t0-last:<INITIAL_VALUE>
2025-09-27 09:19:48,012 [18da7ee6-49f7-45ee-8090-861a49f32d36@group-5F01EAE184E2-LeaderElection12] INFO  impl.LeaderElection (LeaderElection.java:askForVotes(450)) - 18da7ee6-49f7-45ee-8090-861a49f32d36@group-5F01EAE184E2-LeaderElection12 PRE_VOTE round 0: result PASSED
2025-09-27 09:19:48,014 [18da7ee6-49f7-45ee-8090-861a49f32d36@group-5F01EAE184E2-LeaderElection12] INFO  impl.LeaderElection (LeaderElection.java:askForVotes(448)) - 18da7ee6-49f7-45ee-8090-861a49f32d36@group-5F01EAE184E2-LeaderElection12 ELECTION round 0: submit vote requests at term 1 for conf: {index: -1, cur=peers:[83932d67-4fdc-4fe4-8fe1-3df6c3f1844a|127.0.0.1:15023, 18da7ee6-49f7-45ee-8090-861a49f32d36|127.0.0.1:15031, c792898a-1981-4e29-8158-41294c472b61|127.0.0.1:15015]|listeners:[], old=null}
2025-09-27 09:19:48,018 [grpc-default-executor-1] INFO  server.RaftServer$Division (RaftServerImpl.java:requestVote(1421)) - 83932d67-4fdc-4fe4-8fe1-3df6c3f1844a@group-5F01EAE184E2: receive requestVote(ELECTION, 18da7ee6-49f7-45ee-8090-861a49f32d36, group-5F01EAE184E2, 1, <PROTO_DEFAULT>)
2025-09-27 09:19:48,018 [grpc-default-executor-0] INFO  server.RaftServer$Division (RaftServerImpl.java:requestVote(1421)) - c792898a-1981-4e29-8158-41294c472b61@group-5F01EAE184E2: receive requestVote(ELECTION, 18da7ee6-49f7-45ee-8090-861a49f32d36, group-5F01EAE184E2, 1, <PROTO_DEFAULT>)
2025-09-27 09:19:48,018 [grpc-default-executor-0] WARN  server.GrpcServerProtocolService (LogUtils.java:warn(127)) - c792898a-1981-4e29-8158-41294c472b61: Failed requestVote 18da7ee6-49f7-45ee-8090-861a49f32d36->c792898a-1981-4e29-8158-41294c472b61#0: org.apache.ratis.protocol.exceptions.ServerNotReadyException: c792898a-1981-4e29-8158-41294c472b61@group-5F01EAE184E2 is not in [RUNNING]: current state is CLOSING
2025-09-27 09:19:48,018 [grpc-default-executor-1] INFO  impl.VoteContext (VoteContext.java:log(49)) - 83932d67-4fdc-4fe4-8fe1-3df6c3f1844a@group-5F01EAE184E2-FOLLOWER: accept ELECTION from 18da7ee6-49f7-45ee-8090-861a49f32d36: our priority 0 <= candidate's priority 1
2025-09-27 09:19:48,018 [grpc-default-executor-1] INFO  server.RaftServer$Division (RaftServerImpl.java:setRole(392)) - 83932d67-4fdc-4fe4-8fe1-3df6c3f1844a@group-5F01EAE184E2: changes role from  FOLLOWER to FOLLOWER at term 0 for candidate:18da7ee6-49f7-45ee-8090-861a49f32d36
2025-09-27 09:19:48,018 [grpc-default-executor-1] INFO  impl.RoleInfo (RoleInfo.java:shutdownFollowerState(121)) - 83932d67-4fdc-4fe4-8fe1-3df6c3f1844a: shutdown 83932d67-4fdc-4fe4-8fe1-3df6c3f1844a@group-5F01EAE184E2-FollowerState
2025-09-27 09:19:48,019 [83932d67-4fdc-4fe4-8fe1-3df6c3f1844a@group-5F01EAE184E2-FollowerState] INFO  impl.FollowerState (FollowerState.java:runImpl(170)) - 83932d67-4fdc-4fe4-8fe1-3df6c3f1844a@group-5F01EAE184E2-FollowerState was interrupted
2025-09-27 09:19:48,019 [grpc-default-executor-1] INFO  impl.RoleInfo (RoleInfo.java:updateAndGet(148)) - 83932d67-4fdc-4fe4-8fe1-3df6c3f1844a: start 83932d67-4fdc-4fe4-8fe1-3df6c3f1844a@group-5F01EAE184E2-FollowerState
2025-09-27 09:19:48,023 [grpc-default-executor-1] INFO  server.RaftServer$Division (RaftServerImpl.java:requestVote(1455)) - 83932d67-4fdc-4fe4-8fe1-3df6c3f1844a@group-5F01EAE184E2 replies to ELECTION vote request: 18da7ee6-49f7-45ee-8090-861a49f32d36<-83932d67-4fdc-4fe4-8fe1-3df6c3f1844a#0:OK-t1-last:<INITIAL_VALUE>. Peer's state: 83932d67-4fdc-4fe4-8fe1-3df6c3f1844a@group-5F01EAE184E2:t1, leader=null, voted=18da7ee6-49f7-45ee-8090-861a49f32d36, raftlog=Memoized:83932d67-4fdc-4fe4-8fe1-3df6c3f1844a@group-5F01EAE184E2-SegmentedRaftLog:OPENED:c-1:lastnull, conf=conf: {index: -1, cur=peers:[83932d67-4fdc-4fe4-8fe1-3df6c3f1844a|127.0.0.1:15023, 18da7ee6-49f7-45ee-8090-861a49f32d36|127.0.0.1:15031, c792898a-1981-4e29-8158-41294c472b61|127.0.0.1:15015]|listeners:[], old=null}
2025-09-27 09:19:48,023 [18da7ee6-49f7-45ee-8090-861a49f32d36@group-5F01EAE184E2-LeaderElection12] INFO  impl.LeaderElection (LogUtils.java:infoOrTrace(142)) - 18da7ee6-49f7-45ee-8090-861a49f32d36@group-5F01EAE184E2-LeaderElection12 got exception when requesting votes: java.util.concurrent.ExecutionException: org.apache.ratis.thirdparty.io.grpc.StatusRuntimeException: INTERNAL: c792898a-1981-4e29-8158-41294c472b61@group-5F01EAE184E2 is not in [RUNNING]: current state is CLOSING
2025-09-27 09:19:48,024 [18da7ee6-49f7-45ee-8090-861a49f32d36@group-5F01EAE184E2-LeaderElection12] INFO  impl.LeaderElection (LeaderElection.java:logAndReturn(206)) - 18da7ee6-49f7-45ee-8090-861a49f32d36@group-5F01EAE184E2-LeaderElection12: ELECTION PASSED received 1 response(s) and 1 exception(s):
2025-09-27 09:19:48,024 [18da7ee6-49f7-45ee-8090-861a49f32d36@group-5F01EAE184E2-LeaderElection12] INFO  impl.LeaderElection (LeaderElection.java:logAndReturn(210)) -   Response 0: 18da7ee6-49f7-45ee-8090-861a49f32d36<-83932d67-4fdc-4fe4-8fe1-3df6c3f1844a#0:OK-t1-last:<INITIAL_VALUE>
2025-09-27 09:19:48,024 [18da7ee6-49f7-45ee-8090-861a49f32d36@group-5F01EAE184E2-LeaderElection12] INFO  impl.LeaderElection (LogUtils.java:infoOrTrace(142)) -   Exception 1: java.util.concurrent.ExecutionException: org.apache.ratis.thirdparty.io.grpc.StatusRuntimeException: INTERNAL: c792898a-1981-4e29-8158-41294c472b61@group-5F01EAE184E2 is not in [RUNNING]: current state is CLOSING
2025-09-27 09:19:48,024 [18da7ee6-49f7-45ee-8090-861a49f32d36@group-5F01EAE184E2-LeaderElection12] INFO  impl.LeaderElection (LeaderElection.java:askForVotes(450)) - 18da7ee6-49f7-45ee-8090-861a49f32d36@group-5F01EAE184E2-LeaderElection12 ELECTION round 0: result PASSED
2025-09-27 09:19:48,024 [18da7ee6-49f7-45ee-8090-861a49f32d36@group-5F01EAE184E2-LeaderElection12] INFO  impl.RoleInfo (RoleInfo.java:shutdownLeaderElection(141)) - 18da7ee6-49f7-45ee-8090-861a49f32d36: shutdown 18da7ee6-49f7-45ee-8090-861a49f32d36@group-5F01EAE184E2-LeaderElection12
2025-09-27 09:19:48,025 [18da7ee6-49f7-45ee-8090-861a49f32d36@group-5F01EAE184E2-LeaderElection12] INFO  server.RaftServer$Division (RaftServerImpl.java:setRole(392)) - 18da7ee6-49f7-45ee-8090-861a49f32d36@group-5F01EAE184E2: changes role from CANDIDATE to LEADER at term 1 for changeToLeader
2025-09-27 09:19:48,025 [18da7ee6-49f7-45ee-8090-861a49f32d36@group-5F01EAE184E2-LeaderElection12] INFO  server.RaftServerConfigKeys (ConfUtils.java:logFallback(69)) - raft.server.staging.timeout = 15600ms (fallback to raft.server.rpc.timeout.max)
2025-09-27 09:19:48,025 [18da7ee6-49f7-45ee-8090-861a49f32d36@group-5F01EAE184E2-LeaderElection12] INFO  server.RaftServerConfigKeys (ConfUtils.java:logGet(62)) - raft.server.write.byte-limit = 1024 M (=1073741824) (custom)
2025-09-27 09:19:48,026 [18da7ee6-49f7-45ee-8090-861a49f32d36@group-5F01EAE184E2-LeaderElection12] INFO  server.RaftServerConfigKeys (ConfUtils.java:logGet(62)) - raft.server.log.appender.buffer.byte-limit = 33554432 (custom)
2025-09-27 09:19:48,028 [18da7ee6-49f7-45ee-8090-861a49f32d36@group-5F01EAE184E2-LeaderElection12] INFO  server.RaftServerConfigKeys (ConfUtils.java:logGet(62)) - raft.server.log.appender.buffer.byte-limit = 33554432 (custom)
2025-09-27 09:19:48,028 [18da7ee6-49f7-45ee-8090-861a49f32d36@group-5F01EAE184E2-LeaderElection12] INFO  impl.RoleInfo (RoleInfo.java:updateAndGet(148)) - 18da7ee6-49f7-45ee-8090-861a49f32d36: start 18da7ee6-49f7-45ee-8090-861a49f32d36@group-5F01EAE184E2-LeaderStateImpl
2025-09-27 09:19:48,029 [18da7ee6-49f7-45ee-8090-861a49f32d36@group-5F01EAE184E2-LeaderElection12] INFO  server.RaftServer$Division (RaftServerImpl.java:setFirstElection(576)) - 18da7ee6-49f7-45ee-8090-861a49f32d36@group-5F01EAE184E2: set firstElectionSinceStartup to false for becomeLeader
2025-09-27 09:19:48,029 [18da7ee6-49f7-45ee-8090-861a49f32d36@group-5F01EAE184E2-LeaderElection12] INFO  ratis.XceiverServerRatis (XceiverServerRatis.java:handleLeaderChangedNotification(940)) - Leader change notification received for group: group-5F01EAE184E2 with new leaderId: 18da7ee6-49f7-45ee-8090-861a49f32d36
2025-09-27 09:19:48,030 [18da7ee6-49f7-45ee-8090-861a49f32d36@group-5F01EAE184E2-LeaderElection12] INFO  server.RaftServer$Division (ServerState.java:setLeader(272)) - 18da7ee6-49f7-45ee-8090-861a49f32d36@group-5F01EAE184E2: change Leader from null to 18da7ee6-49f7-45ee-8090-861a49f32d36 at term 1 for becomeLeader, leader elected after 1137ms
2025-09-27 09:19:48,031 [18da7ee6-49f7-45ee-8090-861a49f32d36@group-5F01EAE184E2-LeaderElection12] INFO  segmented.SegmentedRaftLogWorker (SegmentedRaftLogWorker.java:startLogSegment(440)) - 18da7ee6-49f7-45ee-8090-861a49f32d36@group-5F01EAE184E2-SegmentedRaftLogWorker: Starting segment from index:0
2025-09-27 09:19:48,032 [18da7ee6-49f7-45ee-8090-861a49f32d36@group-5F01EAE184E2-SegmentedRaftLogWorker] INFO  segmented.BufferedWriteChannel (BufferedWriteChannel.java:open(61)) - open log_inprogress_0 at position 0
2025-09-27 09:19:48,036 [18da7ee6-49f7-45ee-8090-861a49f32d36@group-5F01EAE184E2-LeaderElection12] INFO  server.RaftServer$Division (ServerState.java:setRaftConf(386)) - 18da7ee6-49f7-45ee-8090-861a49f32d36@group-5F01EAE184E2: set configuration conf: {index: 0, cur=peers:[83932d67-4fdc-4fe4-8fe1-3df6c3f1844a|127.0.0.1:15023, 18da7ee6-49f7-45ee-8090-861a49f32d36|127.0.0.1:15031, c792898a-1981-4e29-8158-41294c472b61|127.0.0.1:15015]|listeners:[], old=null}
2025-09-27 09:19:48,038 [EventQueue-PipelineReportForPipelineReportHandler] INFO  pipeline.PipelineReportHandler (PipelineReportHandler.java:processPipelineReport(132)) - Opened pipeline Pipeline-59202f93-fb69-4c18-9e9a-5f01eae184e2
2025-09-27 09:19:48,044 [18da7ee6-49f7-45ee-8090-861a49f32d36@group-5F01EAE184E2-SegmentedRaftLogWorker] INFO  segmented.SegmentedRaftLogWorker (SegmentedRaftLogWorker.java:execute(647)) - 18da7ee6-49f7-45ee-8090-861a49f32d36@group-5F01EAE184E2-SegmentedRaftLogWorker: created new log segment /home/runner/work/ozone/ozone/hadoop-ozone/integration-test/target/test-dir/MiniOzoneClusterImpl-871b4ddd-f672-4be1-b73a-1629492f36a3/ozone-metadata/datanode-3/ratis/59202f93-fb69-4c18-9e9a-5f01eae184e2/current/log_inprogress_0
2025-09-27 09:19:48,046 [grpc-default-executor-1] INFO  ratis.XceiverServerRatis (XceiverServerRatis.java:handleLeaderChangedNotification(940)) - Leader change notification received for group: group-5F01EAE184E2 with new leaderId: 18da7ee6-49f7-45ee-8090-861a49f32d36
2025-09-27 09:19:48,046 [grpc-default-executor-1] INFO  server.RaftServer$Division (ServerState.java:setLeader(272)) - 83932d67-4fdc-4fe4-8fe1-3df6c3f1844a@group-5F01EAE184E2: change Leader from null to 18da7ee6-49f7-45ee-8090-861a49f32d36 at term 1 for appendEntries, leader elected after 1177ms
2025-09-27 09:19:48,048 [grpc-default-executor-1] INFO  server.RaftServer$Division (ServerState.java:setRaftConf(386)) - 83932d67-4fdc-4fe4-8fe1-3df6c3f1844a@group-5F01EAE184E2: set configuration conf: {index: 0, cur=peers:[83932d67-4fdc-4fe4-8fe1-3df6c3f1844a|127.0.0.1:15023, 18da7ee6-49f7-45ee-8090-861a49f32d36|127.0.0.1:15031, c792898a-1981-4e29-8158-41294c472b61|127.0.0.1:15015]|listeners:[], old=null}
2025-09-27 09:19:48,048 [grpc-default-executor-1] INFO  segmented.SegmentedRaftLogWorker (SegmentedRaftLogWorker.java:startLogSegment(440)) - 83932d67-4fdc-4fe4-8fe1-3df6c3f1844a@group-5F01EAE184E2-SegmentedRaftLogWorker: Starting segment from index:0
2025-09-27 09:19:48,051 [83932d67-4fdc-4fe4-8fe1-3df6c3f1844a@group-5F01EAE184E2-SegmentedRaftLogWorker] INFO  segmented.BufferedWriteChannel (BufferedWriteChannel.java:open(61)) - open log_inprogress_0 at position 0
2025-09-27 09:19:48,053 [grpc-default-executor-1] ERROR server.RaftServer$Division (RaftServerImpl.java:appendEntriesAsync(1495)) - c792898a-1981-4e29-8158-41294c472b61@group-5F01EAE184E2: Failed appendEntries* 18da7ee6-49f7-45ee-8090-861a49f32d36->c792898a-1981-4e29-8158-41294c472b61#0-t1,previous=<PROTO_DEFAULT>,leaderCommit=-1,initializing? false,HEARTBEAT
org.apache.ratis.protocol.exceptions.ServerNotReadyException: c792898a-1981-4e29-8158-41294c472b61@group-5F01EAE184E2 is not in [STARTING, RUNNING]: current state is CLOSING
	at org.apache.ratis.server.impl.RaftServerImpl.lambda$assertLifeCycleState$7(RaftServerImpl.java:809)
	at org.apache.ratis.util.LifeCycle.assertCurrentState(LifeCycle.java:260)
	at org.apache.ratis.server.impl.RaftServerImpl.assertLifeCycleState(RaftServerImpl.java:808)
	at org.apache.ratis.server.impl.RaftServerImpl.appendEntriesAsync(RaftServerImpl.java:1486)
	at org.apache.ratis.server.impl.RaftServerProxy.lambda$null$28(RaftServerProxy.java:652)
	at org.apache.ratis.util.JavaUtils.callAsUnchecked(JavaUtils.java:118)
	at org.apache.ratis.server.impl.RaftServerProxy.lambda$appendEntriesAsync$29(RaftServerProxy.java:651)
	at java.base/java.util.concurrent.CompletableFuture.uniComposeStage(CompletableFuture.java:1187)
	at java.base/java.util.concurrent.CompletableFuture.thenCompose(CompletableFuture.java:2341)
	at org.apache.ratis.server.impl.RaftServerProxy.appendEntriesAsync(RaftServerProxy.java:651)
	at org.apache.ratis.grpc.server.GrpcServerProtocolService$1.process(GrpcServerProtocolService.java:245)
	at org.apache.ratis.grpc.server.GrpcServerProtocolService$1.process(GrpcServerProtocolService.java:242)
	at org.apache.ratis.grpc.server.GrpcServerProtocolService$ServerRequestStreamObserver.onNext(GrpcServerProtocolService.java:137)
	at org.apache.ratis.thirdparty.io.grpc.stub.ServerCalls$StreamingServerCallHandler$StreamingServerCallListener.onMessage(ServerCalls.java:262)
	at org.apache.ratis.thirdparty.io.grpc.internal.ServerCallImpl$ServerStreamListenerImpl.messagesAvailableInternal(ServerCallImpl.java:334)
	at org.apache.ratis.thirdparty.io.grpc.internal.ServerCallImpl$ServerStreamListenerImpl.messagesAvailable(ServerCallImpl.java:319)
	at org.apache.ratis.thirdparty.io.grpc.internal.ServerImpl$JumpToApplicationThreadServerStreamListener$1MessagesAvailable.runInContext(ServerImpl.java:834)
	at org.apache.ratis.thirdparty.io.grpc.internal.ContextRunnable.run(ContextRunnable.java:37)
	at org.apache.ratis.thirdparty.io.grpc.internal.SerializingExecutor.run(SerializingExecutor.java:133)
	at java.base/java.util.concurrent.ThreadPoolExecutor.runWorker(ThreadPoolExecutor.java:1144)
	at java.base/java.util.concurrent.ThreadPoolExecutor$Worker.run(ThreadPoolExecutor.java:642)
	at java.base/java.lang.Thread.run(Thread.java:1583)
2025-09-27 09:19:48,064 [83932d67-4fdc-4fe4-8fe1-3df6c3f1844a@group-5F01EAE184E2-SegmentedRaftLogWorker] INFO  segmented.SegmentedRaftLogWorker (SegmentedRaftLogWorker.java:execute(647)) - 83932d67-4fdc-4fe4-8fe1-3df6c3f1844a@group-5F01EAE184E2-SegmentedRaftLogWorker: created new log segment /home/runner/work/ozone/ozone/hadoop-ozone/integration-test/target/test-dir/MiniOzoneClusterImpl-871b4ddd-f672-4be1-b73a-1629492f36a3/ozone-metadata/datanode-2/ratis/59202f93-fb69-4c18-9e9a-5f01eae184e2/current/log_inprogress_0
2025-09-27 09:19:48,071 [18da7ee6-49f7-45ee-8090-861a49f32d36@group-5F01EAE184E2-StateMachineUpdater] INFO  server.RaftServer$Division (LeaderStateImpl.java:checkStartIndex(309)) - Leader 18da7ee6-49f7-45ee-8090-861a49f32d36@group-5F01EAE184E2-LeaderStateImpl is ready since appliedIndex == startIndex == 0
2025-09-27 09:19:48,072 [grpc-default-executor-3] ERROR server.RaftServer$Division (RaftServerImpl.java:appendEntriesAsync(1495)) - c792898a-1981-4e29-8158-41294c472b61@group-5F01EAE184E2: Failed appendEntries* 18da7ee6-49f7-45ee-8090-861a49f32d36->c792898a-1981-4e29-8158-41294c472b61#2-t1,previous=<PROTO_DEFAULT>,leaderCommit=0,initializing? false,HEARTBEAT
org.apache.ratis.protocol.exceptions.ServerNotReadyException: c792898a-1981-4e29-8158-41294c472b61@group-5F01EAE184E2 is not in [STARTING, RUNNING]: current state is CLOSING
	at org.apache.ratis.server.impl.RaftServerImpl.lambda$assertLifeCycleState$7(RaftServerImpl.java:809)
	at org.apache.ratis.util.LifeCycle.assertCurrentState(LifeCycle.java:260)
	at org.apache.ratis.server.impl.RaftServerImpl.assertLifeCycleState(RaftServerImpl.java:808)
	at org.apache.ratis.server.impl.RaftServerImpl.appendEntriesAsync(RaftServerImpl.java:1486)
	at org.apache.ratis.server.impl.RaftServerProxy.lambda$null$28(RaftServerProxy.java:652)
	at org.apache.ratis.util.JavaUtils.callAsUnchecked(JavaUtils.java:118)
	at org.apache.ratis.server.impl.RaftServerProxy.lambda$appendEntriesAsync$29(RaftServerProxy.java:651)
	at java.base/java.util.concurrent.CompletableFuture.uniComposeStage(CompletableFuture.java:1187)
	at java.base/java.util.concurrent.CompletableFuture.thenCompose(CompletableFuture.java:2341)
	at org.apache.ratis.server.impl.RaftServerProxy.appendEntriesAsync(RaftServerProxy.java:651)
	at org.apache.ratis.grpc.server.GrpcServerProtocolService$1.process(GrpcServerProtocolService.java:245)
	at org.apache.ratis.grpc.server.GrpcServerProtocolService$1.process(GrpcServerProtocolService.java:242)
	at org.apache.ratis.grpc.server.GrpcServerProtocolService$ServerRequestStreamObserver.onNext(GrpcServerProtocolService.java:137)
	at org.apache.ratis.thirdparty.io.grpc.stub.ServerCalls$StreamingServerCallHandler$StreamingServerCallListener.onMessage(ServerCalls.java:262)
	at org.apache.ratis.thirdparty.io.grpc.internal.ServerCallImpl$ServerStreamListenerImpl.messagesAvailableInternal(ServerCallImpl.java:334)
	at org.apache.ratis.thirdparty.io.grpc.internal.ServerCallImpl$ServerStreamListenerImpl.messagesAvailable(ServerCallImpl.java:319)
	at org.apache.ratis.thirdparty.io.grpc.internal.ServerImpl$JumpToApplicationThreadServerStreamListener$1MessagesAvailable.runInContext(ServerImpl.java:834)
	at org.apache.ratis.thirdparty.io.grpc.internal.ContextRunnable.run(ContextRunnable.java:37)
	at org.apache.ratis.thirdparty.io.grpc.internal.SerializingExecutor.run(SerializingExecutor.java:133)
	at java.base/java.util.concurrent.ThreadPoolExecutor.runWorker(ThreadPoolExecutor.java:1144)
	at java.base/java.util.concurrent.ThreadPoolExecutor$Worker.run(ThreadPoolExecutor.java:642)
	at java.base/java.lang.Thread.run(Thread.java:1583)
2025-09-27 09:19:48,075 [grpc-default-executor-0] ERROR server.RaftServer$Division (RaftServerImpl.java:appendEntriesAsync(1495)) - c792898a-1981-4e29-8158-41294c472b61@group-5F01EAE184E2: Failed appendEntries* 18da7ee6-49f7-45ee-8090-861a49f32d36->c792898a-1981-4e29-8158-41294c472b61#1-t1,previous=<PROTO_DEFAULT>,leaderCommit=-1,initializing? false,entries: size=1, first=(t:1, i:0), CONFIGURATIONENTRY(current:id:"83932d67-4fdc-4fe4-8fe1-3df6c3f1844a"address:"127.0.0.1:15023"dataStreamAddress:"127.0.0.1:15024"clientAddress:"127.0.0.1:15021"adminAddress:"127.0.0.1:15022"startupRole:FOLLOWER, id:"18da7ee6-49f7-45ee-8090-861a49f32d36"address:"127.0.0.1:15031"priority:1dataStreamAddress:"127.0.0.1:15032"clientAddress:"127.0.0.1:15029"adminAddress:"127.0.0.1:15030"startupRole:FOLLOWER, id:"c792898a-1981-4e29-8158-41294c472b61"address:"127.0.0.1:15015"dataStreamAddress:"127.0.0.1:15016"clientAddress:"127.0.0.1:15013"adminAddress:"127.0.0.1:15014"startupRole:FOLLOWER, old:)
org.apache.ratis.protocol.exceptions.ServerNotReadyException: c792898a-1981-4e29-8158-41294c472b61@group-5F01EAE184E2 is not in [STARTING, RUNNING]: current state is CLOSING
	at org.apache.ratis.server.impl.RaftServerImpl.lambda$assertLifeCycleState$7(RaftServerImpl.java:809)
	at org.apache.ratis.util.LifeCycle.assertCurrentState(LifeCycle.java:260)
	at org.apache.ratis.server.impl.RaftServerImpl.assertLifeCycleState(RaftServerImpl.java:808)
	at org.apache.ratis.server.impl.RaftServerImpl.appendEntriesAsync(RaftServerImpl.java:1486)
	at org.apache.ratis.server.impl.RaftServerProxy.lambda$null$28(RaftServerProxy.java:652)
	at org.apache.ratis.util.JavaUtils.callAsUnchecked(JavaUtils.java:118)
	at org.apache.ratis.server.impl.RaftServerProxy.lambda$appendEntriesAsync$29(RaftServerProxy.java:651)
	at java.base/java.util.concurrent.CompletableFuture.uniComposeStage(CompletableFuture.java:1187)
	at java.base/java.util.concurrent.CompletableFuture.thenCompose(CompletableFuture.java:2341)
	at org.apache.ratis.server.impl.RaftServerProxy.appendEntriesAsync(RaftServerProxy.java:651)
	at org.apache.ratis.grpc.server.GrpcServerProtocolService$1.process(GrpcServerProtocolService.java:245)
	at org.apache.ratis.grpc.server.GrpcServerProtocolService$1.process(GrpcServerProtocolService.java:242)
	at org.apache.ratis.grpc.server.GrpcServerProtocolService$ServerRequestStreamObserver.onNext(GrpcServerProtocolService.java:150)
	at org.apache.ratis.thirdparty.io.grpc.stub.ServerCalls$StreamingServerCallHandler$StreamingServerCallListener.onMessage(ServerCalls.java:262)
	at org.apache.ratis.thirdparty.io.grpc.internal.ServerCallImpl$ServerStreamListenerImpl.messagesAvailableInternal(ServerCallImpl.java:334)
	at org.apache.ratis.thirdparty.io.grpc.internal.ServerCallImpl$ServerStreamListenerImpl.messagesAvailable(ServerCallImpl.java:319)
	at org.apache.ratis.thirdparty.io.grpc.internal.ServerImpl$JumpToApplicationThreadServerStreamListener$1MessagesAvailable.runInContext(ServerImpl.java:834)
	at org.apache.ratis.thirdparty.io.grpc.internal.ContextRunnable.run(ContextRunnable.java:37)
	at org.apache.ratis.thirdparty.io.grpc.internal.SerializingExecutor.run(SerializingExecutor.java:133)
	at java.base/java.util.concurrent.ThreadPoolExecutor.runWorker(ThreadPoolExecutor.java:1144)
	at java.base/java.util.concurrent.ThreadPoolExecutor$Worker.run(ThreadPoolExecutor.java:642)
	at java.base/java.lang.Thread.run(Thread.java:1583)
2025-09-27 09:19:48,077 [grpc-default-executor-0] WARN  server.GrpcServerProtocolService (LogUtils.java:warn(129)) - c792898a-1981-4e29-8158-41294c472b61: Failed APPEND_ENTRIES request 18da7ee6-49f7-45ee-8090-861a49f32d36->c792898a-1981-4e29-8158-41294c472b61#1-t1,previous=<PROTO_DEFAULT>,leaderCommit=-1,initializing? false,entries: size=1, first=(t:1, i:0), CONFIGURATIONENTRY(current:id:"83932d67-4fdc-4fe4-8fe1-3df6c3f1844a"address:"127.0.0.1:15023"dataStreamAddress:"127.0.0.1:15024"clientAddress:"127.0.0.1:15021"adminAddress:"127.0.0.1:15022"startupRole:FOLLOWER, id:"18da7ee6-49f7-45ee-8090-861a49f32d36"address:"127.0.0.1:15031"priority:1dataStreamAddress:"127.0.0.1:15032"clientAddress:"127.0.0.1:15029"adminAddress:"127.0.0.1:15030"startupRole:FOLLOWER, id:"c792898a-1981-4e29-8158-41294c472b61"address:"127.0.0.1:15015"dataStreamAddress:"127.0.0.1:15016"clientAddress:"127.0.0.1:15013"adminAddress:"127.0.0.1:15014"startupRole:FOLLOWER, old:)
java.util.concurrent.CompletionException: org.apache.ratis.protocol.exceptions.ServerNotReadyException: c792898a-1981-4e29-8158-41294c472b61@group-5F01EAE184E2 is not in [STARTING, RUNNING]: current state is CLOSING
	at org.apache.ratis.util.JavaUtils.callAsUnchecked(JavaUtils.java:122)
	at org.apache.ratis.server.impl.RaftServerProxy.lambda$appendEntriesAsync$29(RaftServerProxy.java:651)
	at java.base/java.util.concurrent.CompletableFuture.uniComposeStage(CompletableFuture.java:1187)
	at java.base/java.util.concurrent.CompletableFuture.thenCompose(CompletableFuture.java:2341)
	at org.apache.ratis.server.impl.RaftServerProxy.appendEntriesAsync(RaftServerProxy.java:651)
	at org.apache.ratis.grpc.server.GrpcServerProtocolService$1.process(GrpcServerProtocolService.java:245)
	at org.apache.ratis.grpc.server.GrpcServerProtocolService$1.process(GrpcServerProtocolService.java:242)
	at org.apache.ratis.grpc.server.GrpcServerProtocolService$ServerRequestStreamObserver.onNext(GrpcServerProtocolService.java:150)
	at org.apache.ratis.thirdparty.io.grpc.stub.ServerCalls$StreamingServerCallHandler$StreamingServerCallListener.onMessage(ServerCalls.java:262)
	at org.apache.ratis.thirdparty.io.grpc.internal.ServerCallImpl$ServerStreamListenerImpl.messagesAvailableInternal(ServerCallImpl.java:334)
	at org.apache.ratis.thirdparty.io.grpc.internal.ServerCallImpl$ServerStreamListenerImpl.messagesAvailable(ServerCallImpl.java:319)
	at org.apache.ratis.thirdparty.io.grpc.internal.ServerImpl$JumpToApplicationThreadServerStreamListener$1MessagesAvailable.runInContext(ServerImpl.java:834)
	at org.apache.ratis.thirdparty.io.grpc.internal.ContextRunnable.run(ContextRunnable.java:37)
	at org.apache.ratis.thirdparty.io.grpc.internal.SerializingExecutor.run(SerializingExecutor.java:133)
	at java.base/java.util.concurrent.ThreadPoolExecutor.runWorker(ThreadPoolExecutor.java:1144)
	at java.base/java.util.concurrent.ThreadPoolExecutor$Worker.run(ThreadPoolExecutor.java:642)
	at java.base/java.lang.Thread.run(Thread.java:1583)
Caused by: org.apache.ratis.protocol.exceptions.ServerNotReadyException: c792898a-1981-4e29-8158-41294c472b61@group-5F01EAE184E2 is not in [STARTING, RUNNING]: current state is CLOSING
	at org.apache.ratis.server.impl.RaftServerImpl.lambda$assertLifeCycleState$7(RaftServerImpl.java:809)
	at org.apache.ratis.util.LifeCycle.assertCurrentState(LifeCycle.java:260)
	at org.apache.ratis.server.impl.RaftServerImpl.assertLifeCycleState(RaftServerImpl.java:808)
	at org.apache.ratis.server.impl.RaftServerImpl.appendEntriesAsync(RaftServerImpl.java:1486)
	at org.apache.ratis.server.impl.RaftServerProxy.lambda$null$28(RaftServerProxy.java:652)
	at org.apache.ratis.util.JavaUtils.callAsUnchecked(JavaUtils.java:118)
	... 16 more
2025-09-27 09:19:48,085 [grpc-default-executor-0] WARN  server.GrpcLogAppender (LogUtils.java:warn(127)) - 18da7ee6-49f7-45ee-8090-861a49f32d36@group-5F01EAE184E2->c792898a-1981-4e29-8158-41294c472b61-AppendLogResponseHandler: Failed appendEntries: org.apache.ratis.protocol.exceptions.ServerNotReadyException: c792898a-1981-4e29-8158-41294c472b61@group-5F01EAE184E2 is not in [STARTING, RUNNING]: current state is CLOSING
2025-09-27 09:19:48,087 [grpc-default-executor-0] INFO  leader.LogAppender (LogAppenderBase.java:lambda$getNextIndexForError$0(215)) - Decrease nextIndex to 0
2025-09-27 09:19:48,088 [grpc-default-executor-0] INFO  leader.LogAppender (LogAppenderBase.java:lambda$getNextIndexForError$0(215)) - Decrease nextIndex to 0
2025-09-27 09:19:48,088 [grpc-default-executor-0] INFO  leader.FollowerInfo (FollowerInfoImpl.java:info(70)) - 18da7ee6-49f7-45ee-8090-861a49f32d36@group-5F01EAE184E2->c792898a-1981-4e29-8158-41294c472b61: computeNextIndex nextIndex: updateUnconditionally 1 -> 0
2025-09-27 09:19:48,158 [25d9f169-1c9e-47c6-a2a2-d20fb3c5fda2@group-F536DCC524F8-FollowerState] INFO  impl.FollowerState (FollowerState.java:runImpl(161)) - 25d9f169-1c9e-47c6-a2a2-d20fb3c5fda2@group-F536DCC524F8-FollowerState: change to CANDIDATE, lastRpcElapsedTime:1110384724ns, electionTimeout:1110ms
2025-09-27 09:19:48,159 [25d9f169-1c9e-47c6-a2a2-d20fb3c5fda2@group-F536DCC524F8-FollowerState] INFO  impl.RoleInfo (RoleInfo.java:shutdownFollowerState(121)) - 25d9f169-1c9e-47c6-a2a2-d20fb3c5fda2: shutdown 25d9f169-1c9e-47c6-a2a2-d20fb3c5fda2@group-F536DCC524F8-FollowerState
2025-09-27 09:19:48,159 [25d9f169-1c9e-47c6-a2a2-d20fb3c5fda2@group-F536DCC524F8-FollowerState] INFO  server.RaftServer$Division (RaftServerImpl.java:setRole(392)) - 25d9f169-1c9e-47c6-a2a2-d20fb3c5fda2@group-F536DCC524F8: changes role from  FOLLOWER to CANDIDATE at term 0 for changeToCandidate
2025-09-27 09:19:48,159 [25d9f169-1c9e-47c6-a2a2-d20fb3c5fda2@group-F536DCC524F8-FollowerState] INFO  impl.RoleInfo (RoleInfo.java:updateAndGet(148)) - 25d9f169-1c9e-47c6-a2a2-d20fb3c5fda2: start 25d9f169-1c9e-47c6-a2a2-d20fb3c5fda2@group-F536DCC524F8-LeaderElection13
2025-09-27 09:19:48,160 [25d9f169-1c9e-47c6-a2a2-d20fb3c5fda2@group-F536DCC524F8-LeaderElection13] INFO  impl.LeaderElection (LeaderElection.java:askForVotes(448)) - 25d9f169-1c9e-47c6-a2a2-d20fb3c5fda2@group-F536DCC524F8-LeaderElection13 PRE_VOTE round 0: submit vote requests at term 0 for conf: {index: -1, cur=peers:[25d9f169-1c9e-47c6-a2a2-d20fb3c5fda2|127.0.0.1:15039]|listeners:[], old=null}
2025-09-27 09:19:48,160 [25d9f169-1c9e-47c6-a2a2-d20fb3c5fda2@group-F536DCC524F8-LeaderElection13] INFO  impl.LeaderElection (LeaderElection.java:askForVotes(450)) - 25d9f169-1c9e-47c6-a2a2-d20fb3c5fda2@group-F536DCC524F8-LeaderElection13 PRE_VOTE round 0: result PASSED (term=0)
2025-09-27 09:19:48,161 [25d9f169-1c9e-47c6-a2a2-d20fb3c5fda2@group-F536DCC524F8-LeaderElection13] INFO  impl.LeaderElection (LeaderElection.java:askForVotes(448)) - 25d9f169-1c9e-47c6-a2a2-d20fb3c5fda2@group-F536DCC524F8-LeaderElection13 ELECTION round 0: submit vote requests at term 1 for conf: {index: -1, cur=peers:[25d9f169-1c9e-47c6-a2a2-d20fb3c5fda2|127.0.0.1:15039]|listeners:[], old=null}
2025-09-27 09:19:48,161 [25d9f169-1c9e-47c6-a2a2-d20fb3c5fda2@group-F536DCC524F8-LeaderElection13] INFO  impl.LeaderElection (LeaderElection.java:askForVotes(450)) - 25d9f169-1c9e-47c6-a2a2-d20fb3c5fda2@group-F536DCC524F8-LeaderElection13 ELECTION round 0: result PASSED (term=1)
2025-09-27 09:19:48,161 [25d9f169-1c9e-47c6-a2a2-d20fb3c5fda2@group-F536DCC524F8-LeaderElection13] INFO  impl.RoleInfo (RoleInfo.java:shutdownLeaderElection(141)) - 25d9f169-1c9e-47c6-a2a2-d20fb3c5fda2: shutdown 25d9f169-1c9e-47c6-a2a2-d20fb3c5fda2@group-F536DCC524F8-LeaderElection13
2025-09-27 09:19:48,161 [25d9f169-1c9e-47c6-a2a2-d20fb3c5fda2@group-F536DCC524F8-LeaderElection13] INFO  server.RaftServer$Division (RaftServerImpl.java:setRole(392)) - 25d9f169-1c9e-47c6-a2a2-d20fb3c5fda2@group-F536DCC524F8: changes role from CANDIDATE to LEADER at term 1 for changeToLeader
2025-09-27 09:19:48,161 [25d9f169-1c9e-47c6-a2a2-d20fb3c5fda2@group-F536DCC524F8-LeaderElection13] INFO  server.RaftServerConfigKeys (ConfUtils.java:logFallback(69)) - raft.server.staging.timeout = 15600ms (fallback to raft.server.rpc.timeout.max)
2025-09-27 09:19:48,161 [25d9f169-1c9e-47c6-a2a2-d20fb3c5fda2@group-F536DCC524F8-LeaderElection13] INFO  server.RaftServerConfigKeys (ConfUtils.java:logGet(62)) - raft.server.write.byte-limit = 1024 M (=1073741824) (custom)
2025-09-27 09:19:48,162 [25d9f169-1c9e-47c6-a2a2-d20fb3c5fda2@group-F536DCC524F8-LeaderElection13] INFO  impl.RoleInfo (RoleInfo.java:updateAndGet(148)) - 25d9f169-1c9e-47c6-a2a2-d20fb3c5fda2: start 25d9f169-1c9e-47c6-a2a2-d20fb3c5fda2@group-F536DCC524F8-LeaderStateImpl
2025-09-27 09:19:48,162 [25d9f169-1c9e-47c6-a2a2-d20fb3c5fda2@group-F536DCC524F8-LeaderElection13] INFO  server.RaftServer$Division (RaftServerImpl.java:setFirstElection(576)) - 25d9f169-1c9e-47c6-a2a2-d20fb3c5fda2@group-F536DCC524F8: set firstElectionSinceStartup to false for becomeLeader
2025-09-27 09:19:48,162 [25d9f169-1c9e-47c6-a2a2-d20fb3c5fda2@group-F536DCC524F8-LeaderElection13] INFO  ratis.XceiverServerRatis (XceiverServerRatis.java:handleLeaderChangedNotification(940)) - Leader change notification received for group: group-F536DCC524F8 with new leaderId: 25d9f169-1c9e-47c6-a2a2-d20fb3c5fda2
2025-09-27 09:19:48,163 [25d9f169-1c9e-47c6-a2a2-d20fb3c5fda2@group-F536DCC524F8-LeaderElection13] INFO  server.RaftServer$Division (ServerState.java:setLeader(272)) - 25d9f169-1c9e-47c6-a2a2-d20fb3c5fda2@group-F536DCC524F8: change Leader from null to 25d9f169-1c9e-47c6-a2a2-d20fb3c5fda2 at term 1 for becomeLeader, leader elected after 1135ms
2025-09-27 09:19:48,163 [25d9f169-1c9e-47c6-a2a2-d20fb3c5fda2@group-F536DCC524F8-LeaderElection13] INFO  segmented.SegmentedRaftLogWorker (SegmentedRaftLogWorker.java:startLogSegment(440)) - 25d9f169-1c9e-47c6-a2a2-d20fb3c5fda2@group-F536DCC524F8-SegmentedRaftLogWorker: Starting segment from index:0
2025-09-27 09:19:48,164 [25d9f169-1c9e-47c6-a2a2-d20fb3c5fda2@group-F536DCC524F8-SegmentedRaftLogWorker] INFO  segmented.BufferedWriteChannel (BufferedWriteChannel.java:open(61)) - open log_inprogress_0 at position 0
2025-09-27 09:19:48,166 [25d9f169-1c9e-47c6-a2a2-d20fb3c5fda2@group-F536DCC524F8-LeaderElection13] INFO  server.RaftServer$Division (ServerState.java:setRaftConf(386)) - 25d9f169-1c9e-47c6-a2a2-d20fb3c5fda2@group-F536DCC524F8: set configuration conf: {index: 0, cur=peers:[25d9f169-1c9e-47c6-a2a2-d20fb3c5fda2|127.0.0.1:15039]|listeners:[], old=null}
2025-09-27 09:19:48,171 [25d9f169-1c9e-47c6-a2a2-d20fb3c5fda2@group-F536DCC524F8-SegmentedRaftLogWorker] INFO  segmented.SegmentedRaftLogWorker (SegmentedRaftLogWorker.java:execute(647)) - 25d9f169-1c9e-47c6-a2a2-d20fb3c5fda2@group-F536DCC524F8-SegmentedRaftLogWorker: created new log segment /home/runner/work/ozone/ozone/hadoop-ozone/integration-test/target/test-dir/MiniOzoneClusterImpl-871b4ddd-f672-4be1-b73a-1629492f36a3/ozone-metadata/datanode-4/ratis/28bb5338-7828-4c83-b5fb-f536dcc524f8/current/log_inprogress_0
2025-09-27 09:19:48,174 [25d9f169-1c9e-47c6-a2a2-d20fb3c5fda2@group-F536DCC524F8-StateMachineUpdater] INFO  server.RaftServer$Division (LeaderStateImpl.java:checkStartIndex(309)) - Leader 25d9f169-1c9e-47c6-a2a2-d20fb3c5fda2@group-F536DCC524F8-LeaderStateImpl is ready since appliedIndex == startIndex == 0
2025-09-27 09:19:48,488 [c792898a-1981-4e29-8158-41294c472b61-impl-thread4] INFO  segmented.SegmentedRaftLogWorker (SegmentedRaftLogWorker.java:close(254)) - c792898a-1981-4e29-8158-41294c472b61@group-A7A68F768D7F-SegmentedRaftLogWorker close()
2025-09-27 09:19:48,489 [c792898a-1981-4e29-8158-41294c472b61-impl-thread4] INFO  ratis.ContainerStateMachine (ContainerStateMachine.java:notifyServerShutdown(1038)) - group-A7A68F768D7F is closed by HddsDatanodeService
2025-09-27 09:19:48,695 [c792898a-1981-4e29-8158-41294c472b61-impl-thread3] INFO  segmented.SegmentedRaftLogWorker (SegmentedRaftLogWorker.java:close(254)) - c792898a-1981-4e29-8158-41294c472b61@group-C5B96A071F98-SegmentedRaftLogWorker close()
2025-09-27 09:19:48,697 [c792898a-1981-4e29-8158-41294c472b61-impl-thread3] INFO  ratis.ContainerStateMachine (ContainerStateMachine.java:notifyServerShutdown(1038)) - group-C5B96A071F98 is closed by HddsDatanodeService
2025-09-27 09:19:48,869 [c792898a-1981-4e29-8158-41294c472b61-impl-thread2] INFO  segmented.SegmentedRaftLogWorker (SegmentedRaftLogWorker.java:close(254)) - c792898a-1981-4e29-8158-41294c472b61@group-5F01EAE184E2-SegmentedRaftLogWorker close()
2025-09-27 09:19:48,870 [c792898a-1981-4e29-8158-41294c472b61-impl-thread2] INFO  ratis.ContainerStateMachine (ContainerStateMachine.java:notifyServerShutdown(1038)) - group-5F01EAE184E2 is closed by HddsDatanodeService
2025-09-27 09:19:49,323 [grpc-default-executor-0] ERROR server.RaftServer$Division (RaftServerImpl.java:appendEntriesAsync(1495)) - c792898a-1981-4e29-8158-41294c472b61@group-5F01EAE184E2: Failed appendEntries* 18da7ee6-49f7-45ee-8090-861a49f32d36->c792898a-1981-4e29-8158-41294c472b61#3-t1,previous=<PROTO_DEFAULT>,leaderCommit=0,initializing? false,HEARTBEAT
org.apache.ratis.protocol.exceptions.ServerNotReadyException: c792898a-1981-4e29-8158-41294c472b61@group-5F01EAE184E2 is not in [STARTING, RUNNING]: current state is CLOSED
	at org.apache.ratis.server.impl.RaftServerImpl.lambda$assertLifeCycleState$7(RaftServerImpl.java:809)
	at org.apache.ratis.util.LifeCycle.assertCurrentState(LifeCycle.java:260)
	at org.apache.ratis.server.impl.RaftServerImpl.assertLifeCycleState(RaftServerImpl.java:808)
	at org.apache.ratis.server.impl.RaftServerImpl.appendEntriesAsync(RaftServerImpl.java:1486)
	at org.apache.ratis.server.impl.RaftServerProxy.lambda$null$28(RaftServerProxy.java:652)
	at org.apache.ratis.util.JavaUtils.callAsUnchecked(JavaUtils.java:118)
	at org.apache.ratis.server.impl.RaftServerProxy.lambda$appendEntriesAsync$29(RaftServerProxy.java:651)
	at java.base/java.util.concurrent.CompletableFuture.uniComposeStage(CompletableFuture.java:1187)
	at java.base/java.util.concurrent.CompletableFuture.thenCompose(CompletableFuture.java:2341)
	at org.apache.ratis.server.impl.RaftServerProxy.appendEntriesAsync(RaftServerProxy.java:651)
	at org.apache.ratis.grpc.server.GrpcServerProtocolService$1.process(GrpcServerProtocolService.java:245)
	at org.apache.ratis.grpc.server.GrpcServerProtocolService$1.process(GrpcServerProtocolService.java:242)
	at org.apache.ratis.grpc.server.GrpcServerProtocolService$ServerRequestStreamObserver.onNext(GrpcServerProtocolService.java:137)
	at org.apache.ratis.thirdparty.io.grpc.stub.ServerCalls$StreamingServerCallHandler$StreamingServerCallListener.onMessage(ServerCalls.java:262)
	at org.apache.ratis.thirdparty.io.grpc.internal.ServerCallImpl$ServerStreamListenerImpl.messagesAvailableInternal(ServerCallImpl.java:334)
	at org.apache.ratis.thirdparty.io.grpc.internal.ServerCallImpl$ServerStreamListenerImpl.messagesAvailable(ServerCallImpl.java:319)
	at org.apache.ratis.thirdparty.io.grpc.internal.ServerImpl$JumpToApplicationThreadServerStreamListener$1MessagesAvailable.runInContext(ServerImpl.java:834)
	at org.apache.ratis.thirdparty.io.grpc.internal.ContextRunnable.run(ContextRunnable.java:37)
	at org.apache.ratis.thirdparty.io.grpc.internal.SerializingExecutor.run(SerializingExecutor.java:133)
	at java.base/java.util.concurrent.ThreadPoolExecutor.runWorker(ThreadPoolExecutor.java:1144)
	at java.base/java.util.concurrent.ThreadPoolExecutor$Worker.run(ThreadPoolExecutor.java:642)
	at java.base/java.lang.Thread.run(Thread.java:1583)
2025-09-27 09:19:49,325 [grpc-default-executor-0] ERROR server.RaftServer$Division (RaftServerImpl.java:appendEntriesAsync(1495)) - c792898a-1981-4e29-8158-41294c472b61@group-5F01EAE184E2: Failed appendEntries* 18da7ee6-49f7-45ee-8090-861a49f32d36->c792898a-1981-4e29-8158-41294c472b61#4-t1,previous=<PROTO_DEFAULT>,leaderCommit=0,initializing? false,entries: size=1, first=(t:1, i:0), CONFIGURATIONENTRY(current:id:"83932d67-4fdc-4fe4-8fe1-3df6c3f1844a"address:"127.0.0.1:15023"dataStreamAddress:"127.0.0.1:15024"clientAddress:"127.0.0.1:15021"adminAddress:"127.0.0.1:15022"startupRole:FOLLOWER, id:"18da7ee6-49f7-45ee-8090-861a49f32d36"address:"127.0.0.1:15031"priority:1dataStreamAddress:"127.0.0.1:15032"clientAddress:"127.0.0.1:15029"adminAddress:"127.0.0.1:15030"startupRole:FOLLOWER, id:"c792898a-1981-4e29-8158-41294c472b61"address:"127.0.0.1:15015"dataStreamAddress:"127.0.0.1:15016"clientAddress:"127.0.0.1:15013"adminAddress:"127.0.0.1:15014"startupRole:FOLLOWER, old:)
org.apache.ratis.protocol.exceptions.ServerNotReadyException: c792898a-1981-4e29-8158-41294c472b61@group-5F01EAE184E2 is not in [STARTING, RUNNING]: current state is CLOSED
	at org.apache.ratis.server.impl.RaftServerImpl.lambda$assertLifeCycleState$7(RaftServerImpl.java:809)
	at org.apache.ratis.util.LifeCycle.assertCurrentState(LifeCycle.java:260)
	at org.apache.ratis.server.impl.RaftServerImpl.assertLifeCycleState(RaftServerImpl.java:808)
	at org.apache.ratis.server.impl.RaftServerImpl.appendEntriesAsync(RaftServerImpl.java:1486)
	at org.apache.ratis.server.impl.RaftServerProxy.lambda$null$28(RaftServerProxy.java:652)
	at org.apache.ratis.util.JavaUtils.callAsUnchecked(JavaUtils.java:118)
	at org.apache.ratis.server.impl.RaftServerProxy.lambda$appendEntriesAsync$29(RaftServerProxy.java:651)
	at java.base/java.util.concurrent.CompletableFuture.uniComposeStage(CompletableFuture.java:1187)
	at java.base/java.util.concurrent.CompletableFuture.thenCompose(CompletableFuture.java:2341)
	at org.apache.ratis.server.impl.RaftServerProxy.appendEntriesAsync(RaftServerProxy.java:651)
	at org.apache.ratis.grpc.server.GrpcServerProtocolService$1.process(GrpcServerProtocolService.java:245)
	at org.apache.ratis.grpc.server.GrpcServerProtocolService$1.process(GrpcServerProtocolService.java:242)
	at org.apache.ratis.grpc.server.GrpcServerProtocolService$ServerRequestStreamObserver.onNext(GrpcServerProtocolService.java:150)
	at org.apache.ratis.thirdparty.io.grpc.stub.ServerCalls$StreamingServerCallHandler$StreamingServerCallListener.onMessage(ServerCalls.java:262)
	at org.apache.ratis.thirdparty.io.grpc.internal.ServerCallImpl$ServerStreamListenerImpl.messagesAvailableInternal(ServerCallImpl.java:334)
	at org.apache.ratis.thirdparty.io.grpc.internal.ServerCallImpl$ServerStreamListenerImpl.messagesAvailable(ServerCallImpl.java:319)
	at org.apache.ratis.thirdparty.io.grpc.internal.ServerImpl$JumpToApplicationThreadServerStreamListener$1MessagesAvailable.runInContext(ServerImpl.java:834)
	at org.apache.ratis.thirdparty.io.grpc.internal.ContextRunnable.run(ContextRunnable.java:37)
	at org.apache.ratis.thirdparty.io.grpc.internal.SerializingExecutor.run(SerializingExecutor.java:133)
	at java.base/java.util.concurrent.ThreadPoolExecutor.runWorker(ThreadPoolExecutor.java:1144)
	at java.base/java.util.concurrent.ThreadPoolExecutor$Worker.run(ThreadPoolExecutor.java:642)
	at java.base/java.lang.Thread.run(Thread.java:1583)
2025-09-27 09:19:49,326 [grpc-default-executor-0] WARN  server.GrpcServerProtocolService (LogUtils.java:warn(129)) - c792898a-1981-4e29-8158-41294c472b61: Failed APPEND_ENTRIES request 18da7ee6-49f7-45ee-8090-861a49f32d36->c792898a-1981-4e29-8158-41294c472b61#4-t1,previous=<PROTO_DEFAULT>,leaderCommit=0,initializing? false,entries: size=1, first=(t:1, i:0), CONFIGURATIONENTRY(current:id:"83932d67-4fdc-4fe4-8fe1-3df6c3f1844a"address:"127.0.0.1:15023"dataStreamAddress:"127.0.0.1:15024"clientAddress:"127.0.0.1:15021"adminAddress:"127.0.0.1:15022"startupRole:FOLLOWER, id:"18da7ee6-49f7-45ee-8090-861a49f32d36"address:"127.0.0.1:15031"priority:1dataStreamAddress:"127.0.0.1:15032"clientAddress:"127.0.0.1:15029"adminAddress:"127.0.0.1:15030"startupRole:FOLLOWER, id:"c792898a-1981-4e29-8158-41294c472b61"address:"127.0.0.1:15015"dataStreamAddress:"127.0.0.1:15016"clientAddress:"127.0.0.1:15013"adminAddress:"127.0.0.1:15014"startupRole:FOLLOWER, old:)
java.util.concurrent.CompletionException: org.apache.ratis.protocol.exceptions.ServerNotReadyException: c792898a-1981-4e29-8158-41294c472b61@group-5F01EAE184E2 is not in [STARTING, RUNNING]: current state is CLOSED
	at org.apache.ratis.util.JavaUtils.callAsUnchecked(JavaUtils.java:122)
	at org.apache.ratis.server.impl.RaftServerProxy.lambda$appendEntriesAsync$29(RaftServerProxy.java:651)
	at java.base/java.util.concurrent.CompletableFuture.uniComposeStage(CompletableFuture.java:1187)
	at java.base/java.util.concurrent.CompletableFuture.thenCompose(CompletableFuture.java:2341)
	at org.apache.ratis.server.impl.RaftServerProxy.appendEntriesAsync(RaftServerProxy.java:651)
	at org.apache.ratis.grpc.server.GrpcServerProtocolService$1.process(GrpcServerProtocolService.java:245)
	at org.apache.ratis.grpc.server.GrpcServerProtocolService$1.process(GrpcServerProtocolService.java:242)
	at org.apache.ratis.grpc.server.GrpcServerProtocolService$ServerRequestStreamObserver.onNext(GrpcServerProtocolService.java:150)
	at org.apache.ratis.thirdparty.io.grpc.stub.ServerCalls$StreamingServerCallHandler$StreamingServerCallListener.onMessage(ServerCalls.java:262)
	at org.apache.ratis.thirdparty.io.grpc.internal.ServerCallImpl$ServerStreamListenerImpl.messagesAvailableInternal(ServerCallImpl.java:334)
	at org.apache.ratis.thirdparty.io.grpc.internal.ServerCallImpl$ServerStreamListenerImpl.messagesAvailable(ServerCallImpl.java:319)
	at org.apache.ratis.thirdparty.io.grpc.internal.ServerImpl$JumpToApplicationThreadServerStreamListener$1MessagesAvailable.runInContext(ServerImpl.java:834)
	at org.apache.ratis.thirdparty.io.grpc.internal.ContextRunnable.run(ContextRunnable.java:37)
	at org.apache.ratis.thirdparty.io.grpc.internal.SerializingExecutor.run(SerializingExecutor.java:133)
	at java.base/java.util.concurrent.ThreadPoolExecutor.runWorker(ThreadPoolExecutor.java:1144)
	at java.base/java.util.concurrent.ThreadPoolExecutor$Worker.run(ThreadPoolExecutor.java:642)
	at java.base/java.lang.Thread.run(Thread.java:1583)
Caused by: org.apache.ratis.protocol.exceptions.ServerNotReadyException: c792898a-1981-4e29-8158-41294c472b61@group-5F01EAE184E2 is not in [STARTING, RUNNING]: current state is CLOSED
	at org.apache.ratis.server.impl.RaftServerImpl.lambda$assertLifeCycleState$7(RaftServerImpl.java:809)
	at org.apache.ratis.util.LifeCycle.assertCurrentState(LifeCycle.java:260)
	at org.apache.ratis.server.impl.RaftServerImpl.assertLifeCycleState(RaftServerImpl.java:808)
	at org.apache.ratis.server.impl.RaftServerImpl.appendEntriesAsync(RaftServerImpl.java:1486)
	at org.apache.ratis.server.impl.RaftServerProxy.lambda$null$28(RaftServerProxy.java:652)
	at org.apache.ratis.util.JavaUtils.callAsUnchecked(JavaUtils.java:118)
	... 16 more
2025-09-27 09:19:49,328 [grpc-default-executor-0] INFO  leader.LogAppender (LogAppenderBase.java:lambda$getNextIndexForError$0(215)) - Decrease nextIndex to 0
2025-09-27 09:19:49,329 [grpc-default-executor-0] INFO  leader.LogAppender (LogAppenderBase.java:lambda$getNextIndexForError$0(215)) - Decrease nextIndex to 0
2025-09-27 09:19:49,329 [grpc-default-executor-0] INFO  leader.FollowerInfo (FollowerInfoImpl.java:info(70)) - 18da7ee6-49f7-45ee-8090-861a49f32d36@group-5F01EAE184E2->c792898a-1981-4e29-8158-41294c472b61: computeNextIndex nextIndex: updateUnconditionally 1 -> 0
2025-09-27 09:19:50,198 [grpc-default-executor-3] ERROR server.RaftServer$Division (RaftServerImpl.java:appendEntriesAsync(1495)) - c792898a-1981-4e29-8158-41294c472b61@group-C5B96A071F98: Failed appendEntries* 83932d67-4fdc-4fe4-8fe1-3df6c3f1844a->c792898a-1981-4e29-8158-41294c472b61#3-t1,previous=(t:1, i:0),leaderCommit=0,initializing? false,HEARTBEAT
org.apache.ratis.protocol.exceptions.ServerNotReadyException: c792898a-1981-4e29-8158-41294c472b61@group-C5B96A071F98 is not in [STARTING, RUNNING]: current state is CLOSED
	at org.apache.ratis.server.impl.RaftServerImpl.lambda$assertLifeCycleState$7(RaftServerImpl.java:809)
	at org.apache.ratis.util.LifeCycle.assertCurrentState(LifeCycle.java:260)
	at org.apache.ratis.server.impl.RaftServerImpl.assertLifeCycleState(RaftServerImpl.java:808)
	at org.apache.ratis.server.impl.RaftServerImpl.appendEntriesAsync(RaftServerImpl.java:1486)
	at org.apache.ratis.server.impl.RaftServerProxy.lambda$null$28(RaftServerProxy.java:652)
	at org.apache.ratis.util.JavaUtils.callAsUnchecked(JavaUtils.java:118)
	at org.apache.ratis.server.impl.RaftServerProxy.lambda$appendEntriesAsync$29(RaftServerProxy.java:651)
	at java.base/java.util.concurrent.CompletableFuture.uniComposeStage(CompletableFuture.java:1187)
	at java.base/java.util.concurrent.CompletableFuture.thenCompose(CompletableFuture.java:2341)
	at org.apache.ratis.server.impl.RaftServerProxy.appendEntriesAsync(RaftServerProxy.java:651)
	at org.apache.ratis.grpc.server.GrpcServerProtocolService$1.process(GrpcServerProtocolService.java:245)
	at org.apache.ratis.grpc.server.GrpcServerProtocolService$1.process(GrpcServerProtocolService.java:242)
	at org.apache.ratis.grpc.server.GrpcServerProtocolService$ServerRequestStreamObserver.onNext(GrpcServerProtocolService.java:137)
	at org.apache.ratis.thirdparty.io.grpc.stub.ServerCalls$StreamingServerCallHandler$StreamingServerCallListener.onMessage(ServerCalls.java:262)
	at org.apache.ratis.thirdparty.io.grpc.internal.ServerCallImpl$ServerStreamListenerImpl.messagesAvailableInternal(ServerCallImpl.java:334)
	at org.apache.ratis.thirdparty.io.grpc.internal.ServerCallImpl$ServerStreamListenerImpl.messagesAvailable(ServerCallImpl.java:319)
	at org.apache.ratis.thirdparty.io.grpc.internal.ServerImpl$JumpToApplicationThreadServerStreamListener$1MessagesAvailable.runInContext(ServerImpl.java:834)
	at org.apache.ratis.thirdparty.io.grpc.internal.ContextRunnable.run(ContextRunnable.java:37)
	at org.apache.ratis.thirdparty.io.grpc.internal.SerializingExecutor.run(SerializingExecutor.java:133)
	at java.base/java.util.concurrent.ThreadPoolExecutor.runWorker(ThreadPoolExecutor.java:1144)
	at java.base/java.util.concurrent.ThreadPoolExecutor$Worker.run(ThreadPoolExecutor.java:642)
	at java.base/java.lang.Thread.run(Thread.java:1583)
2025-09-27 09:19:50,490 [EventQueue-StaleNodeForStaleNodeHandler] INFO  node.StaleNodeHandler (StaleNodeHandler.java:onMessage(51)) - Datanode c792898a-1981-4e29-8158-41294c472b61(localhost/127.0.0.1) moved to stale state. Finalizing its pipelines [Pipeline-72238b95-a3bd-4b17-94ed-f78cc9ddb469, Pipeline-59202f93-fb69-4c18-9e9a-5f01eae184e2, Pipeline-166034bd-8cb8-4e48-85d0-c5b96a071f98, Pipeline-90af7168-9b80-4e23-8c64-a7a68f768d7f]
2025-09-27 09:19:50,494 [EventQueue-StaleNodeForStaleNodeHandler] INFO  pipeline.PipelineManagerImpl (PipelineManagerImpl.java:closePipeline(511)) - Pipeline Pipeline-72238b95-a3bd-4b17-94ed-f78cc9ddb469 moved to CLOSED state
2025-09-27 09:19:50,496 [EventQueue-StaleNodeForStaleNodeHandler] INFO  pipeline.PipelineManagerImpl (PipelineManagerImpl.java:closePipeline(511)) - Pipeline Pipeline-59202f93-fb69-4c18-9e9a-5f01eae184e2 moved to CLOSED state
2025-09-27 09:19:50,498 [EventQueue-StaleNodeForStaleNodeHandler] INFO  pipeline.PipelineManagerImpl (PipelineManagerImpl.java:closePipeline(511)) - Pipeline Pipeline-166034bd-8cb8-4e48-85d0-c5b96a071f98 moved to CLOSED state
2025-09-27 09:19:50,500 [EventQueue-StaleNodeForStaleNodeHandler] INFO  pipeline.PipelineManagerImpl (PipelineManagerImpl.java:closePipeline(511)) - Pipeline Pipeline-90af7168-9b80-4e23-8c64-a7a68f768d7f moved to CLOSED state
2025-09-27 09:19:50,574 [grpc-default-executor-3] ERROR server.RaftServer$Division (RaftServerImpl.java:appendEntriesAsync(1495)) - c792898a-1981-4e29-8158-41294c472b61@group-5F01EAE184E2: Failed appendEntries* 18da7ee6-49f7-45ee-8090-861a49f32d36->c792898a-1981-4e29-8158-41294c472b61#5-t1,previous=<PROTO_DEFAULT>,leaderCommit=0,initializing? false,entries: size=1, first=(t:1, i:0), CONFIGURATIONENTRY(current:id:"83932d67-4fdc-4fe4-8fe1-3df6c3f1844a"address:"127.0.0.1:15023"dataStreamAddress:"127.0.0.1:15024"clientAddress:"127.0.0.1:15021"adminAddress:"127.0.0.1:15022"startupRole:FOLLOWER, id:"18da7ee6-49f7-45ee-8090-861a49f32d36"address:"127.0.0.1:15031"priority:1dataStreamAddress:"127.0.0.1:15032"clientAddress:"127.0.0.1:15029"adminAddress:"127.0.0.1:15030"startupRole:FOLLOWER, id:"c792898a-1981-4e29-8158-41294c472b61"address:"127.0.0.1:15015"dataStreamAddress:"127.0.0.1:15016"clientAddress:"127.0.0.1:15013"adminAddress:"127.0.0.1:15014"startupRole:FOLLOWER, old:)
org.apache.ratis.protocol.exceptions.ServerNotReadyException: c792898a-1981-4e29-8158-41294c472b61@group-5F01EAE184E2 is not in [STARTING, RUNNING]: current state is CLOSED
	at org.apache.ratis.server.impl.RaftServerImpl.lambda$assertLifeCycleState$7(RaftServerImpl.java:809)
	at org.apache.ratis.util.LifeCycle.assertCurrentState(LifeCycle.java:260)
	at org.apache.ratis.server.impl.RaftServerImpl.assertLifeCycleState(RaftServerImpl.java:808)
	at org.apache.ratis.server.impl.RaftServerImpl.appendEntriesAsync(RaftServerImpl.java:1486)
	at org.apache.ratis.server.impl.RaftServerProxy.lambda$null$28(RaftServerProxy.java:652)
	at org.apache.ratis.util.JavaUtils.callAsUnchecked(JavaUtils.java:118)
	at org.apache.ratis.server.impl.RaftServerProxy.lambda$appendEntriesAsync$29(RaftServerProxy.java:651)
	at java.base/java.util.concurrent.CompletableFuture.uniComposeStage(CompletableFuture.java:1187)
	at java.base/java.util.concurrent.CompletableFuture.thenCompose(CompletableFuture.java:2341)
	at org.apache.ratis.server.impl.RaftServerProxy.appendEntriesAsync(RaftServerProxy.java:651)
	at org.apache.ratis.grpc.server.GrpcServerProtocolService$1.process(GrpcServerProtocolService.java:245)
	at org.apache.ratis.grpc.server.GrpcServerProtocolService$1.process(GrpcServerProtocolService.java:242)
	at org.apache.ratis.grpc.server.GrpcServerProtocolService$ServerRequestStreamObserver.onNext(GrpcServerProtocolService.java:150)
	at org.apache.ratis.thirdparty.io.grpc.stub.ServerCalls$StreamingServerCallHandler$StreamingServerCallListener.onMessage(ServerCalls.java:262)
	at org.apache.ratis.thirdparty.io.grpc.internal.ServerCallImpl$ServerStreamListenerImpl.messagesAvailableInternal(ServerCallImpl.java:334)
	at org.apache.ratis.thirdparty.io.grpc.internal.ServerCallImpl$ServerStreamListenerImpl.messagesAvailable(ServerCallImpl.java:319)
	at org.apache.ratis.thirdparty.io.grpc.internal.ServerImpl$JumpToApplicationThreadServerStreamListener$1MessagesAvailable.runInContext(ServerImpl.java:834)
	at org.apache.ratis.thirdparty.io.grpc.internal.ContextRunnable.run(ContextRunnable.java:37)
	at org.apache.ratis.thirdparty.io.grpc.internal.SerializingExecutor.run(SerializingExecutor.java:133)
	at java.base/java.util.concurrent.ThreadPoolExecutor.runWorker(ThreadPoolExecutor.java:1144)
	at java.base/java.util.concurrent.ThreadPoolExecutor$Worker.run(ThreadPoolExecutor.java:642)
	at java.base/java.lang.Thread.run(Thread.java:1583)
2025-09-27 09:19:50,574 [grpc-default-executor-3] WARN  server.GrpcServerProtocolService (LogUtils.java:warn(129)) - c792898a-1981-4e29-8158-41294c472b61: Failed APPEND_ENTRIES request 18da7ee6-49f7-45ee-8090-861a49f32d36->c792898a-1981-4e29-8158-41294c472b61#5-t1,previous=<PROTO_DEFAULT>,leaderCommit=0,initializing? false,entries: size=1, first=(t:1, i:0), CONFIGURATIONENTRY(current:id:"83932d67-4fdc-4fe4-8fe1-3df6c3f1844a"address:"127.0.0.1:15023"dataStreamAddress:"127.0.0.1:15024"clientAddress:"127.0.0.1:15021"adminAddress:"127.0.0.1:15022"startupRole:FOLLOWER, id:"18da7ee6-49f7-45ee-8090-861a49f32d36"address:"127.0.0.1:15031"priority:1dataStreamAddress:"127.0.0.1:15032"clientAddress:"127.0.0.1:15029"adminAddress:"127.0.0.1:15030"startupRole:FOLLOWER, id:"c792898a-1981-4e29-8158-41294c472b61"address:"127.0.0.1:15015"dataStreamAddress:"127.0.0.1:15016"clientAddress:"127.0.0.1:15013"adminAddress:"127.0.0.1:15014"startupRole:FOLLOWER, old:)
java.util.concurrent.CompletionException: org.apache.ratis.protocol.exceptions.ServerNotReadyException: c792898a-1981-4e29-8158-41294c472b61@group-5F01EAE184E2 is not in [STARTING, RUNNING]: current state is CLOSED
	at org.apache.ratis.util.JavaUtils.callAsUnchecked(JavaUtils.java:122)
	at org.apache.ratis.server.impl.RaftServerProxy.lambda$appendEntriesAsync$29(RaftServerProxy.java:651)
	at java.base/java.util.concurrent.CompletableFuture.uniComposeStage(CompletableFuture.java:1187)
	at java.base/java.util.concurrent.CompletableFuture.thenCompose(CompletableFuture.java:2341)
	at org.apache.ratis.server.impl.RaftServerProxy.appendEntriesAsync(RaftServerProxy.java:651)
	at org.apache.ratis.grpc.server.GrpcServerProtocolService$1.process(GrpcServerProtocolService.java:245)
	at org.apache.ratis.grpc.server.GrpcServerProtocolService$1.process(GrpcServerProtocolService.java:242)
	at org.apache.ratis.grpc.server.GrpcServerProtocolService$ServerRequestStreamObserver.onNext(GrpcServerProtocolService.java:150)
	at org.apache.ratis.thirdparty.io.grpc.stub.ServerCalls$StreamingServerCallHandler$StreamingServerCallListener.onMessage(ServerCalls.java:262)
	at org.apache.ratis.thirdparty.io.grpc.internal.ServerCallImpl$ServerStreamListenerImpl.messagesAvailableInternal(ServerCallImpl.java:334)
	at org.apache.ratis.thirdparty.io.grpc.internal.ServerCallImpl$ServerStreamListenerImpl.messagesAvailable(ServerCallImpl.java:319)
	at org.apache.ratis.thirdparty.io.grpc.internal.ServerImpl$JumpToApplicationThreadServerStreamListener$1MessagesAvailable.runInContext(ServerImpl.java:834)
	at org.apache.ratis.thirdparty.io.grpc.internal.ContextRunnable.run(ContextRunnable.java:37)
	at org.apache.ratis.thirdparty.io.grpc.internal.SerializingExecutor.run(SerializingExecutor.java:133)
	at java.base/java.util.concurrent.ThreadPoolExecutor.runWorker(ThreadPoolExecutor.java:1144)
	at java.base/java.util.concurrent.ThreadPoolExecutor$Worker.run(ThreadPoolExecutor.java:642)
	at java.base/java.lang.Thread.run(Thread.java:1583)
Caused by: org.apache.ratis.protocol.exceptions.ServerNotReadyException: c792898a-1981-4e29-8158-41294c472b61@group-5F01EAE184E2 is not in [STARTING, RUNNING]: current state is CLOSED
	at org.apache.ratis.server.impl.RaftServerImpl.lambda$assertLifeCycleState$7(RaftServerImpl.java:809)
	at org.apache.ratis.util.LifeCycle.assertCurrentState(LifeCycle.java:260)
	at org.apache.ratis.server.impl.RaftServerImpl.assertLifeCycleState(RaftServerImpl.java:808)
	at org.apache.ratis.server.impl.RaftServerImpl.appendEntriesAsync(RaftServerImpl.java:1486)
	at org.apache.ratis.server.impl.RaftServerProxy.lambda$null$28(RaftServerProxy.java:652)
	at org.apache.ratis.util.JavaUtils.callAsUnchecked(JavaUtils.java:118)
	... 16 more
2025-09-27 09:19:50,575 [grpc-default-executor-0] ERROR server.RaftServer$Division (RaftServerImpl.java:appendEntriesAsync(1495)) - c792898a-1981-4e29-8158-41294c472b61@group-5F01EAE184E2: Failed appendEntries* 18da7ee6-49f7-45ee-8090-861a49f32d36->c792898a-1981-4e29-8158-41294c472b61#6-t1,previous=<PROTO_DEFAULT>,leaderCommit=0,initializing? false,HEARTBEAT
org.apache.ratis.protocol.exceptions.ServerNotReadyException: c792898a-1981-4e29-8158-41294c472b61@group-5F01EAE184E2 is not in [STARTING, RUNNING]: current state is CLOSED
	at org.apache.ratis.server.impl.RaftServerImpl.lambda$assertLifeCycleState$7(RaftServerImpl.java:809)
	at org.apache.ratis.util.LifeCycle.assertCurrentState(LifeCycle.java:260)
	at org.apache.ratis.server.impl.RaftServerImpl.assertLifeCycleState(RaftServerImpl.java:808)
	at org.apache.ratis.server.impl.RaftServerImpl.appendEntriesAsync(RaftServerImpl.java:1486)
	at org.apache.ratis.server.impl.RaftServerProxy.lambda$null$28(RaftServerProxy.java:652)
	at org.apache.ratis.util.JavaUtils.callAsUnchecked(JavaUtils.java:118)
	at org.apache.ratis.server.impl.RaftServerProxy.lambda$appendEntriesAsync$29(RaftServerProxy.java:651)
	at java.base/java.util.concurrent.CompletableFuture.uniComposeStage(CompletableFuture.java:1187)
	at java.base/java.util.concurrent.CompletableFuture.thenCompose(CompletableFuture.java:2341)
	at org.apache.ratis.server.impl.RaftServerProxy.appendEntriesAsync(RaftServerProxy.java:651)
	at org.apache.ratis.grpc.server.GrpcServerProtocolService$1.process(GrpcServerProtocolService.java:245)
	at org.apache.ratis.grpc.server.GrpcServerProtocolService$1.process(GrpcServerProtocolService.java:242)
	at org.apache.ratis.grpc.server.GrpcServerProtocolService$ServerRequestStreamObserver.onNext(GrpcServerProtocolService.java:137)
	at org.apache.ratis.thirdparty.io.grpc.stub.ServerCalls$StreamingServerCallHandler$StreamingServerCallListener.onMessage(ServerCalls.java:262)
	at org.apache.ratis.thirdparty.io.grpc.internal.ServerCallImpl$ServerStreamListenerImpl.messagesAvailableInternal(ServerCallImpl.java:334)
	at org.apache.ratis.thirdparty.io.grpc.internal.ServerCallImpl$ServerStreamListenerImpl.messagesAvailable(ServerCallImpl.java:319)
	at org.apache.ratis.thirdparty.io.grpc.internal.ServerImpl$JumpToApplicationThreadServerStreamListener$1MessagesAvailable.runInContext(ServerImpl.java:834)
	at org.apache.ratis.thirdparty.io.grpc.internal.ContextRunnable.run(ContextRunnable.java:37)
	at org.apache.ratis.thirdparty.io.grpc.internal.SerializingExecutor.run(SerializingExecutor.java:133)
	at java.base/java.util.concurrent.ThreadPoolExecutor.runWorker(ThreadPoolExecutor.java:1144)
	at java.base/java.util.concurrent.ThreadPoolExecutor$Worker.run(ThreadPoolExecutor.java:642)
	at java.base/java.lang.Thread.run(Thread.java:1583)
2025-09-27 09:19:50,577 [grpc-default-executor-3] INFO  leader.LogAppender (LogAppenderBase.java:lambda$getNextIndexForError$0(215)) - Decrease nextIndex to 0
2025-09-27 09:19:50,577 [grpc-default-executor-3] INFO  leader.LogAppender (LogAppenderBase.java:lambda$getNextIndexForError$0(215)) - Decrease nextIndex to 0
2025-09-27 09:19:50,577 [grpc-default-executor-3] INFO  leader.FollowerInfo (FollowerInfoImpl.java:info(70)) - 18da7ee6-49f7-45ee-8090-861a49f32d36@group-5F01EAE184E2->c792898a-1981-4e29-8158-41294c472b61: computeNextIndex nextIndex: updateUnconditionally 1 -> 0
2025-09-27 09:19:50,893 [Thread-716] WARN  grpc.GrpcUtil (GrpcUtil.java:shutdownManagedChannel(226)) - Timed out gracefully shutting down connection: ManagedChannelOrphanWrapper{delegate=ManagedChannelImpl{logId=190, target=127.0.0.1:15023}}. 
2025-09-27 09:19:50,894 [Thread-717] WARN  grpc.GrpcUtil (GrpcUtil.java:shutdownManagedChannel(226)) - Timed out gracefully shutting down connection: ManagedChannelOrphanWrapper{delegate=ManagedChannelImpl{logId=192, target=127.0.0.1:15031}}. 
2025-09-27 09:19:50,895 [grpc-default-executor-3] INFO  server.GrpcLogAppender (GrpcLogAppender.java:onError(545)) - c792898a-1981-4e29-8158-41294c472b61@group-F78CC9DDB469->83932d67-4fdc-4fe4-8fe1-3df6c3f1844a-GrpcLogAppender is already stopped
2025-09-27 09:19:50,895 [grpc-default-executor-0] INFO  server.GrpcLogAppender (GrpcLogAppender.java:onError(545)) - c792898a-1981-4e29-8158-41294c472b61@group-F78CC9DDB469->18da7ee6-49f7-45ee-8090-861a49f32d36-GrpcLogAppender is already stopped
2025-09-27 09:19:50,897 [grpc-default-executor-3] WARN  server.GrpcServerProtocolService (LogUtils.java:warn(127)) - 83932d67-4fdc-4fe4-8fe1-3df6c3f1844a: APPEND_ENTRIES onError, lastRequest: null: org.apache.ratis.thirdparty.io.grpc.StatusRuntimeException: CANCELLED: client cancelled
2025-09-27 09:19:50,897 [grpc-default-executor-2] WARN  server.GrpcServerProtocolService (LogUtils.java:warn(127)) - 18da7ee6-49f7-45ee-8090-861a49f32d36: APPEND_ENTRIES onError, lastRequest: null: org.apache.ratis.thirdparty.io.grpc.StatusRuntimeException: CANCELLED: client cancelled
2025-09-27 09:19:51,450 [grpc-default-executor-2] ERROR server.RaftServer$Division (RaftServerImpl.java:appendEntriesAsync(1495)) - c792898a-1981-4e29-8158-41294c472b61@group-C5B96A071F98: Failed appendEntries* 83932d67-4fdc-4fe4-8fe1-3df6c3f1844a->c792898a-1981-4e29-8158-41294c472b61#5-t1,previous=(t:1, i:0),leaderCommit=0,initializing? false,HEARTBEAT
org.apache.ratis.protocol.exceptions.ServerNotReadyException: c792898a-1981-4e29-8158-41294c472b61@group-C5B96A071F98 is not in [STARTING, RUNNING]: current state is CLOSED
	at org.apache.ratis.server.impl.RaftServerImpl.lambda$assertLifeCycleState$7(RaftServerImpl.java:809)
	at org.apache.ratis.util.LifeCycle.assertCurrentState(LifeCycle.java:260)
	at org.apache.ratis.server.impl.RaftServerImpl.assertLifeCycleState(RaftServerImpl.java:808)
	at org.apache.ratis.server.impl.RaftServerImpl.appendEntriesAsync(RaftServerImpl.java:1486)
	at org.apache.ratis.server.impl.RaftServerProxy.lambda$null$28(RaftServerProxy.java:652)
	at org.apache.ratis.util.JavaUtils.callAsUnchecked(JavaUtils.java:118)
	at org.apache.ratis.server.impl.RaftServerProxy.lambda$appendEntriesAsync$29(RaftServerProxy.java:651)
	at java.base/java.util.concurrent.CompletableFuture.uniComposeStage(CompletableFuture.java:1187)
	at java.base/java.util.concurrent.CompletableFuture.thenCompose(CompletableFuture.java:2341)
	at org.apache.ratis.server.impl.RaftServerProxy.appendEntriesAsync(RaftServerProxy.java:651)
	at org.apache.ratis.grpc.server.GrpcServerProtocolService$1.process(GrpcServerProtocolService.java:245)
	at org.apache.ratis.grpc.server.GrpcServerProtocolService$1.process(GrpcServerProtocolService.java:242)
	at org.apache.ratis.grpc.server.GrpcServerProtocolService$ServerRequestStreamObserver.onNext(GrpcServerProtocolService.java:137)
	at org.apache.ratis.thirdparty.io.grpc.stub.ServerCalls$StreamingServerCallHandler$StreamingServerCallListener.onMessage(ServerCalls.java:262)
	at org.apache.ratis.thirdparty.io.grpc.internal.ServerCallImpl$ServerStreamListenerImpl.messagesAvailableInternal(ServerCallImpl.java:334)
	at org.apache.ratis.thirdparty.io.grpc.internal.ServerCallImpl$ServerStreamListenerImpl.messagesAvailable(ServerCallImpl.java:319)
	at org.apache.ratis.thirdparty.io.grpc.internal.ServerImpl$JumpToApplicationThreadServerStreamListener$1MessagesAvailable.runInContext(ServerImpl.java:834)
	at org.apache.ratis.thirdparty.io.grpc.internal.ContextRunnable.run(ContextRunnable.java:37)
	at org.apache.ratis.thirdparty.io.grpc.internal.SerializingExecutor.run(SerializingExecutor.java:133)
	at java.base/java.util.concurrent.ThreadPoolExecutor.runWorker(ThreadPoolExecutor.java:1144)
	at java.base/java.util.concurrent.ThreadPoolExecutor$Worker.run(ThreadPoolExecutor.java:642)
	at java.base/java.lang.Thread.run(Thread.java:1583)
2025-09-27 09:19:51,827 [grpc-default-executor-2] ERROR server.RaftServer$Division (RaftServerImpl.java:appendEntriesAsync(1495)) - c792898a-1981-4e29-8158-41294c472b61@group-5F01EAE184E2: Failed appendEntries* 18da7ee6-49f7-45ee-8090-861a49f32d36->c792898a-1981-4e29-8158-41294c472b61#7-t1,previous=<PROTO_DEFAULT>,leaderCommit=0,initializing? false,HEARTBEAT
org.apache.ratis.protocol.exceptions.ServerNotReadyException: c792898a-1981-4e29-8158-41294c472b61@group-5F01EAE184E2 is not in [STARTING, RUNNING]: current state is CLOSED
	at org.apache.ratis.server.impl.RaftServerImpl.lambda$assertLifeCycleState$7(RaftServerImpl.java:809)
	at org.apache.ratis.util.LifeCycle.assertCurrentState(LifeCycle.java:260)
	at org.apache.ratis.server.impl.RaftServerImpl.assertLifeCycleState(RaftServerImpl.java:808)
	at org.apache.ratis.server.impl.RaftServerImpl.appendEntriesAsync(RaftServerImpl.java:1486)
	at org.apache.ratis.server.impl.RaftServerProxy.lambda$null$28(RaftServerProxy.java:652)
	at org.apache.ratis.util.JavaUtils.callAsUnchecked(JavaUtils.java:118)
	at org.apache.ratis.server.impl.RaftServerProxy.lambda$appendEntriesAsync$29(RaftServerProxy.java:651)
	at java.base/java.util.concurrent.CompletableFuture.uniComposeStage(CompletableFuture.java:1187)
	at java.base/java.util.concurrent.CompletableFuture.thenCompose(CompletableFuture.java:2341)
	at org.apache.ratis.server.impl.RaftServerProxy.appendEntriesAsync(RaftServerProxy.java:651)
	at org.apache.ratis.grpc.server.GrpcServerProtocolService$1.process(GrpcServerProtocolService.java:245)
	at org.apache.ratis.grpc.server.GrpcServerProtocolService$1.process(GrpcServerProtocolService.java:242)
	at org.apache.ratis.grpc.server.GrpcServerProtocolService$ServerRequestStreamObserver.onNext(GrpcServerProtocolService.java:137)
	at org.apache.ratis.thirdparty.io.grpc.stub.ServerCalls$StreamingServerCallHandler$StreamingServerCallListener.onMessage(ServerCalls.java:262)
	at org.apache.ratis.thirdparty.io.grpc.internal.ServerCallImpl$ServerStreamListenerImpl.messagesAvailableInternal(ServerCallImpl.java:334)
	at org.apache.ratis.thirdparty.io.grpc.internal.ServerCallImpl$ServerStreamListenerImpl.messagesAvailable(ServerCallImpl.java:319)
	at org.apache.ratis.thirdparty.io.grpc.internal.ServerImpl$JumpToApplicationThreadServerStreamListener$1MessagesAvailable.runInContext(ServerImpl.java:834)
	at org.apache.ratis.thirdparty.io.grpc.internal.ContextRunnable.run(ContextRunnable.java:37)
	at org.apache.ratis.thirdparty.io.grpc.internal.SerializingExecutor.run(SerializingExecutor.java:133)
	at java.base/java.util.concurrent.ThreadPoolExecutor.runWorker(ThreadPoolExecutor.java:1144)
	at java.base/java.util.concurrent.ThreadPoolExecutor$Worker.run(ThreadPoolExecutor.java:642)
	at java.base/java.lang.Thread.run(Thread.java:1583)
2025-09-27 09:19:51,829 [grpc-default-executor-2] ERROR server.RaftServer$Division (RaftServerImpl.java:appendEntriesAsync(1495)) - c792898a-1981-4e29-8158-41294c472b61@group-5F01EAE184E2: Failed appendEntries* 18da7ee6-49f7-45ee-8090-861a49f32d36->c792898a-1981-4e29-8158-41294c472b61#8-t1,previous=<PROTO_DEFAULT>,leaderCommit=0,initializing? false,entries: size=1, first=(t:1, i:0), CONFIGURATIONENTRY(current:id:"83932d67-4fdc-4fe4-8fe1-3df6c3f1844a"address:"127.0.0.1:15023"dataStreamAddress:"127.0.0.1:15024"clientAddress:"127.0.0.1:15021"adminAddress:"127.0.0.1:15022"startupRole:FOLLOWER, id:"18da7ee6-49f7-45ee-8090-861a49f32d36"address:"127.0.0.1:15031"priority:1dataStreamAddress:"127.0.0.1:15032"clientAddress:"127.0.0.1:15029"adminAddress:"127.0.0.1:15030"startupRole:FOLLOWER, id:"c792898a-1981-4e29-8158-41294c472b61"address:"127.0.0.1:15015"dataStreamAddress:"127.0.0.1:15016"clientAddress:"127.0.0.1:15013"adminAddress:"127.0.0.1:15014"startupRole:FOLLOWER, old:)
org.apache.ratis.protocol.exceptions.ServerNotReadyException: c792898a-1981-4e29-8158-41294c472b61@group-5F01EAE184E2 is not in [STARTING, RUNNING]: current state is CLOSED
	at org.apache.ratis.server.impl.RaftServerImpl.lambda$assertLifeCycleState$7(RaftServerImpl.java:809)
	at org.apache.ratis.util.LifeCycle.assertCurrentState(LifeCycle.java:260)
	at org.apache.ratis.server.impl.RaftServerImpl.assertLifeCycleState(RaftServerImpl.java:808)
	at org.apache.ratis.server.impl.RaftServerImpl.appendEntriesAsync(RaftServerImpl.java:1486)
	at org.apache.ratis.server.impl.RaftServerProxy.lambda$null$28(RaftServerProxy.java:652)
	at org.apache.ratis.util.JavaUtils.callAsUnchecked(JavaUtils.java:118)
	at org.apache.ratis.server.impl.RaftServerProxy.lambda$appendEntriesAsync$29(RaftServerProxy.java:651)
	at java.base/java.util.concurrent.CompletableFuture.uniComposeStage(CompletableFuture.java:1187)
	at java.base/java.util.concurrent.CompletableFuture.thenCompose(CompletableFuture.java:2341)
	at org.apache.ratis.server.impl.RaftServerProxy.appendEntriesAsync(RaftServerProxy.java:651)
	at org.apache.ratis.grpc.server.GrpcServerProtocolService$1.process(GrpcServerProtocolService.java:245)
	at org.apache.ratis.grpc.server.GrpcServerProtocolService$1.process(GrpcServerProtocolService.java:242)
	at org.apache.ratis.grpc.server.GrpcServerProtocolService$ServerRequestStreamObserver.onNext(GrpcServerProtocolService.java:150)
	at org.apache.ratis.thirdparty.io.grpc.stub.ServerCalls$StreamingServerCallHandler$StreamingServerCallListener.onMessage(ServerCalls.java:262)
	at org.apache.ratis.thirdparty.io.grpc.internal.ServerCallImpl$ServerStreamListenerImpl.messagesAvailableInternal(ServerCallImpl.java:334)
	at org.apache.ratis.thirdparty.io.grpc.internal.ServerCallImpl$ServerStreamListenerImpl.messagesAvailable(ServerCallImpl.java:319)
	at org.apache.ratis.thirdparty.io.grpc.internal.ServerImpl$JumpToApplicationThreadServerStreamListener$1MessagesAvailable.runInContext(ServerImpl.java:834)
	at org.apache.ratis.thirdparty.io.grpc.internal.ContextRunnable.run(ContextRunnable.java:37)
	at org.apache.ratis.thirdparty.io.grpc.internal.SerializingExecutor.run(SerializingExecutor.java:133)
	at java.base/java.util.concurrent.ThreadPoolExecutor.runWorker(ThreadPoolExecutor.java:1144)
	at java.base/java.util.concurrent.ThreadPoolExecutor$Worker.run(ThreadPoolExecutor.java:642)
	at java.base/java.lang.Thread.run(Thread.java:1583)
2025-09-27 09:19:51,830 [grpc-default-executor-2] WARN  server.GrpcServerProtocolService (LogUtils.java:warn(129)) - c792898a-1981-4e29-8158-41294c472b61: Failed APPEND_ENTRIES request 18da7ee6-49f7-45ee-8090-861a49f32d36->c792898a-1981-4e29-8158-41294c472b61#8-t1,previous=<PROTO_DEFAULT>,leaderCommit=0,initializing? false,entries: size=1, first=(t:1, i:0), CONFIGURATIONENTRY(current:id:"83932d67-4fdc-4fe4-8fe1-3df6c3f1844a"address:"127.0.0.1:15023"dataStreamAddress:"127.0.0.1:15024"clientAddress:"127.0.0.1:15021"adminAddress:"127.0.0.1:15022"startupRole:FOLLOWER, id:"18da7ee6-49f7-45ee-8090-861a49f32d36"address:"127.0.0.1:15031"priority:1dataStreamAddress:"127.0.0.1:15032"clientAddress:"127.0.0.1:15029"adminAddress:"127.0.0.1:15030"startupRole:FOLLOWER, id:"c792898a-1981-4e29-8158-41294c472b61"address:"127.0.0.1:15015"dataStreamAddress:"127.0.0.1:15016"clientAddress:"127.0.0.1:15013"adminAddress:"127.0.0.1:15014"startupRole:FOLLOWER, old:)
java.util.concurrent.CompletionException: org.apache.ratis.protocol.exceptions.ServerNotReadyException: c792898a-1981-4e29-8158-41294c472b61@group-5F01EAE184E2 is not in [STARTING, RUNNING]: current state is CLOSED
	at org.apache.ratis.util.JavaUtils.callAsUnchecked(JavaUtils.java:122)
	at org.apache.ratis.server.impl.RaftServerProxy.lambda$appendEntriesAsync$29(RaftServerProxy.java:651)
	at java.base/java.util.concurrent.CompletableFuture.uniComposeStage(CompletableFuture.java:1187)
	at java.base/java.util.concurrent.CompletableFuture.thenCompose(CompletableFuture.java:2341)
	at org.apache.ratis.server.impl.RaftServerProxy.appendEntriesAsync(RaftServerProxy.java:651)
	at org.apache.ratis.grpc.server.GrpcServerProtocolService$1.process(GrpcServerProtocolService.java:245)
	at org.apache.ratis.grpc.server.GrpcServerProtocolService$1.process(GrpcServerProtocolService.java:242)
	at org.apache.ratis.grpc.server.GrpcServerProtocolService$ServerRequestStreamObserver.onNext(GrpcServerProtocolService.java:150)
	at org.apache.ratis.thirdparty.io.grpc.stub.ServerCalls$StreamingServerCallHandler$StreamingServerCallListener.onMessage(ServerCalls.java:262)
	at org.apache.ratis.thirdparty.io.grpc.internal.ServerCallImpl$ServerStreamListenerImpl.messagesAvailableInternal(ServerCallImpl.java:334)
	at org.apache.ratis.thirdparty.io.grpc.internal.ServerCallImpl$ServerStreamListenerImpl.messagesAvailable(ServerCallImpl.java:319)
	at org.apache.ratis.thirdparty.io.grpc.internal.ServerImpl$JumpToApplicationThreadServerStreamListener$1MessagesAvailable.runInContext(ServerImpl.java:834)
	at org.apache.ratis.thirdparty.io.grpc.internal.ContextRunnable.run(ContextRunnable.java:37)
	at org.apache.ratis.thirdparty.io.grpc.internal.SerializingExecutor.run(SerializingExecutor.java:133)
	at java.base/java.util.concurrent.ThreadPoolExecutor.runWorker(ThreadPoolExecutor.java:1144)
	at java.base/java.util.concurrent.ThreadPoolExecutor$Worker.run(ThreadPoolExecutor.java:642)
	at java.base/java.lang.Thread.run(Thread.java:1583)
Caused by: org.apache.ratis.protocol.exceptions.ServerNotReadyException: c792898a-1981-4e29-8158-41294c472b61@group-5F01EAE184E2 is not in [STARTING, RUNNING]: current state is CLOSED
	at org.apache.ratis.server.impl.RaftServerImpl.lambda$assertLifeCycleState$7(RaftServerImpl.java:809)
	at org.apache.ratis.util.LifeCycle.assertCurrentState(LifeCycle.java:260)
	at org.apache.ratis.server.impl.RaftServerImpl.assertLifeCycleState(RaftServerImpl.java:808)
	at org.apache.ratis.server.impl.RaftServerImpl.appendEntriesAsync(RaftServerImpl.java:1486)
	at org.apache.ratis.server.impl.RaftServerProxy.lambda$null$28(RaftServerProxy.java:652)
	at org.apache.ratis.util.JavaUtils.callAsUnchecked(JavaUtils.java:118)
	... 16 more
2025-09-27 09:19:51,832 [grpc-default-executor-2] INFO  leader.LogAppender (LogAppenderBase.java:lambda$getNextIndexForError$0(215)) - Decrease nextIndex to 0
2025-09-27 09:19:51,833 [grpc-default-executor-2] INFO  leader.LogAppender (LogAppenderBase.java:lambda$getNextIndexForError$0(215)) - Decrease nextIndex to 0
2025-09-27 09:19:51,833 [grpc-default-executor-2] INFO  leader.FollowerInfo (FollowerInfoImpl.java:info(70)) - 18da7ee6-49f7-45ee-8090-861a49f32d36@group-5F01EAE184E2->c792898a-1981-4e29-8158-41294c472b61: computeNextIndex nextIndex: updateUnconditionally 1 -> 0
2025-09-27 09:19:52,701 [grpc-default-executor-2] ERROR server.RaftServer$Division (RaftServerImpl.java:appendEntriesAsync(1495)) - c792898a-1981-4e29-8158-41294c472b61@group-C5B96A071F98: Failed appendEntries* 83932d67-4fdc-4fe4-8fe1-3df6c3f1844a->c792898a-1981-4e29-8158-41294c472b61#6-t1,previous=(t:1, i:0),leaderCommit=0,initializing? false,HEARTBEAT
org.apache.ratis.protocol.exceptions.ServerNotReadyException: c792898a-1981-4e29-8158-41294c472b61@group-C5B96A071F98 is not in [STARTING, RUNNING]: current state is CLOSED
	at org.apache.ratis.server.impl.RaftServerImpl.lambda$assertLifeCycleState$7(RaftServerImpl.java:809)
	at org.apache.ratis.util.LifeCycle.assertCurrentState(LifeCycle.java:260)
	at org.apache.ratis.server.impl.RaftServerImpl.assertLifeCycleState(RaftServerImpl.java:808)
	at org.apache.ratis.server.impl.RaftServerImpl.appendEntriesAsync(RaftServerImpl.java:1486)
	at org.apache.ratis.server.impl.RaftServerProxy.lambda$null$28(RaftServerProxy.java:652)
	at org.apache.ratis.util.JavaUtils.callAsUnchecked(JavaUtils.java:118)
	at org.apache.ratis.server.impl.RaftServerProxy.lambda$appendEntriesAsync$29(RaftServerProxy.java:651)
	at java.base/java.util.concurrent.CompletableFuture.uniComposeStage(CompletableFuture.java:1187)
	at java.base/java.util.concurrent.CompletableFuture.thenCompose(CompletableFuture.java:2341)
	at org.apache.ratis.server.impl.RaftServerProxy.appendEntriesAsync(RaftServerProxy.java:651)
	at org.apache.ratis.grpc.server.GrpcServerProtocolService$1.process(GrpcServerProtocolService.java:245)
	at org.apache.ratis.grpc.server.GrpcServerProtocolService$1.process(GrpcServerProtocolService.java:242)
	at org.apache.ratis.grpc.server.GrpcServerProtocolService$ServerRequestStreamObserver.onNext(GrpcServerProtocolService.java:137)
	at org.apache.ratis.thirdparty.io.grpc.stub.ServerCalls$StreamingServerCallHandler$StreamingServerCallListener.onMessage(ServerCalls.java:262)
	at org.apache.ratis.thirdparty.io.grpc.internal.ServerCallImpl$ServerStreamListenerImpl.messagesAvailableInternal(ServerCallImpl.java:334)
	at org.apache.ratis.thirdparty.io.grpc.internal.ServerCallImpl$ServerStreamListenerImpl.messagesAvailable(ServerCallImpl.java:319)
	at org.apache.ratis.thirdparty.io.grpc.internal.ServerImpl$JumpToApplicationThreadServerStreamListener$1MessagesAvailable.runInContext(ServerImpl.java:834)
	at org.apache.ratis.thirdparty.io.grpc.internal.ContextRunnable.run(ContextRunnable.java:37)
	at org.apache.ratis.thirdparty.io.grpc.internal.SerializingExecutor.run(SerializingExecutor.java:133)
	at java.base/java.util.concurrent.ThreadPoolExecutor.runWorker(ThreadPoolExecutor.java:1144)
	at java.base/java.util.concurrent.ThreadPoolExecutor$Worker.run(ThreadPoolExecutor.java:642)
	at java.base/java.lang.Thread.run(Thread.java:1583)
2025-09-27 09:19:53,079 [grpc-default-executor-2] ERROR server.RaftServer$Division (RaftServerImpl.java:appendEntriesAsync(1495)) - c792898a-1981-4e29-8158-41294c472b61@group-5F01EAE184E2: Failed appendEntries* 18da7ee6-49f7-45ee-8090-861a49f32d36->c792898a-1981-4e29-8158-41294c472b61#9-t1,previous=<PROTO_DEFAULT>,leaderCommit=0,initializing? false,HEARTBEAT
org.apache.ratis.protocol.exceptions.ServerNotReadyException: c792898a-1981-4e29-8158-41294c472b61@group-5F01EAE184E2 is not in [STARTING, RUNNING]: current state is CLOSED
	at org.apache.ratis.server.impl.RaftServerImpl.lambda$assertLifeCycleState$7(RaftServerImpl.java:809)
	at org.apache.ratis.util.LifeCycle.assertCurrentState(LifeCycle.java:260)
	at org.apache.ratis.server.impl.RaftServerImpl.assertLifeCycleState(RaftServerImpl.java:808)
	at org.apache.ratis.server.impl.RaftServerImpl.appendEntriesAsync(RaftServerImpl.java:1486)
	at org.apache.ratis.server.impl.RaftServerProxy.lambda$null$28(RaftServerProxy.java:652)
	at org.apache.ratis.util.JavaUtils.callAsUnchecked(JavaUtils.java:118)
	at org.apache.ratis.server.impl.RaftServerProxy.lambda$appendEntriesAsync$29(RaftServerProxy.java:651)
	at java.base/java.util.concurrent.CompletableFuture.uniComposeStage(CompletableFuture.java:1187)
	at java.base/java.util.concurrent.CompletableFuture.thenCompose(CompletableFuture.java:2341)
	at org.apache.ratis.server.impl.RaftServerProxy.appendEntriesAsync(RaftServerProxy.java:651)
	at org.apache.ratis.grpc.server.GrpcServerProtocolService$1.process(GrpcServerProtocolService.java:245)
	at org.apache.ratis.grpc.server.GrpcServerProtocolService$1.process(GrpcServerProtocolService.java:242)
	at org.apache.ratis.grpc.server.GrpcServerProtocolService$ServerRequestStreamObserver.onNext(GrpcServerProtocolService.java:137)
	at org.apache.ratis.thirdparty.io.grpc.stub.ServerCalls$StreamingServerCallHandler$StreamingServerCallListener.onMessage(ServerCalls.java:262)
	at org.apache.ratis.thirdparty.io.grpc.internal.ServerCallImpl$ServerStreamListenerImpl.messagesAvailableInternal(ServerCallImpl.java:334)
	at org.apache.ratis.thirdparty.io.grpc.internal.ServerCallImpl$ServerStreamListenerImpl.messagesAvailable(ServerCallImpl.java:319)
	at org.apache.ratis.thirdparty.io.grpc.internal.ServerImpl$JumpToApplicationThreadServerStreamListener$1MessagesAvailable.runInContext(ServerImpl.java:834)
	at org.apache.ratis.thirdparty.io.grpc.internal.ContextRunnable.run(ContextRunnable.java:37)
	at org.apache.ratis.thirdparty.io.grpc.internal.SerializingExecutor.run(SerializingExecutor.java:133)
	at java.base/java.util.concurrent.ThreadPoolExecutor.runWorker(ThreadPoolExecutor.java:1144)
	at java.base/java.util.concurrent.ThreadPoolExecutor$Worker.run(ThreadPoolExecutor.java:642)
	at java.base/java.lang.Thread.run(Thread.java:1583)
2025-09-27 09:19:53,080 [grpc-default-executor-3] ERROR server.RaftServer$Division (RaftServerImpl.java:appendEntriesAsync(1495)) - c792898a-1981-4e29-8158-41294c472b61@group-5F01EAE184E2: Failed appendEntries* 18da7ee6-49f7-45ee-8090-861a49f32d36->c792898a-1981-4e29-8158-41294c472b61#10-t1,previous=<PROTO_DEFAULT>,leaderCommit=0,initializing? false,entries: size=1, first=(t:1, i:0), CONFIGURATIONENTRY(current:id:"83932d67-4fdc-4fe4-8fe1-3df6c3f1844a"address:"127.0.0.1:15023"dataStreamAddress:"127.0.0.1:15024"clientAddress:"127.0.0.1:15021"adminAddress:"127.0.0.1:15022"startupRole:FOLLOWER, id:"18da7ee6-49f7-45ee-8090-861a49f32d36"address:"127.0.0.1:15031"priority:1dataStreamAddress:"127.0.0.1:15032"clientAddress:"127.0.0.1:15029"adminAddress:"127.0.0.1:15030"startupRole:FOLLOWER, id:"c792898a-1981-4e29-8158-41294c472b61"address:"127.0.0.1:15015"dataStreamAddress:"127.0.0.1:15016"clientAddress:"127.0.0.1:15013"adminAddress:"127.0.0.1:15014"startupRole:FOLLOWER, old:)
org.apache.ratis.protocol.exceptions.ServerNotReadyException: c792898a-1981-4e29-8158-41294c472b61@group-5F01EAE184E2 is not in [STARTING, RUNNING]: current state is CLOSED
	at org.apache.ratis.server.impl.RaftServerImpl.lambda$assertLifeCycleState$7(RaftServerImpl.java:809)
	at org.apache.ratis.util.LifeCycle.assertCurrentState(LifeCycle.java:260)
	at org.apache.ratis.server.impl.RaftServerImpl.assertLifeCycleState(RaftServerImpl.java:808)
	at org.apache.ratis.server.impl.RaftServerImpl.appendEntriesAsync(RaftServerImpl.java:1486)
	at org.apache.ratis.server.impl.RaftServerProxy.lambda$null$28(RaftServerProxy.java:652)
	at org.apache.ratis.util.JavaUtils.callAsUnchecked(JavaUtils.java:118)
	at org.apache.ratis.server.impl.RaftServerProxy.lambda$appendEntriesAsync$29(RaftServerProxy.java:651)
	at java.base/java.util.concurrent.CompletableFuture.uniComposeStage(CompletableFuture.java:1187)
	at java.base/java.util.concurrent.CompletableFuture.thenCompose(CompletableFuture.java:2341)
	at org.apache.ratis.server.impl.RaftServerProxy.appendEntriesAsync(RaftServerProxy.java:651)
	at org.apache.ratis.grpc.server.GrpcServerProtocolService$1.process(GrpcServerProtocolService.java:245)
	at org.apache.ratis.grpc.server.GrpcServerProtocolService$1.process(GrpcServerProtocolService.java:242)
	at org.apache.ratis.grpc.server.GrpcServerProtocolService$ServerRequestStreamObserver.onNext(GrpcServerProtocolService.java:150)
	at org.apache.ratis.thirdparty.io.grpc.stub.ServerCalls$StreamingServerCallHandler$StreamingServerCallListener.onMessage(ServerCalls.java:262)
	at org.apache.ratis.thirdparty.io.grpc.internal.ServerCallImpl$ServerStreamListenerImpl.messagesAvailableInternal(ServerCallImpl.java:334)
	at org.apache.ratis.thirdparty.io.grpc.internal.ServerCallImpl$ServerStreamListenerImpl.messagesAvailable(ServerCallImpl.java:319)
	at org.apache.ratis.thirdparty.io.grpc.internal.ServerImpl$JumpToApplicationThreadServerStreamListener$1MessagesAvailable.runInContext(ServerImpl.java:834)
	at org.apache.ratis.thirdparty.io.grpc.internal.ContextRunnable.run(ContextRunnable.java:37)
	at org.apache.ratis.thirdparty.io.grpc.internal.SerializingExecutor.run(SerializingExecutor.java:133)
	at java.base/java.util.concurrent.ThreadPoolExecutor.runWorker(ThreadPoolExecutor.java:1144)
	at java.base/java.util.concurrent.ThreadPoolExecutor$Worker.run(ThreadPoolExecutor.java:642)
	at java.base/java.lang.Thread.run(Thread.java:1583)
2025-09-27 09:19:53,081 [grpc-default-executor-3] WARN  server.GrpcServerProtocolService (LogUtils.java:warn(129)) - c792898a-1981-4e29-8158-41294c472b61: Failed APPEND_ENTRIES request 18da7ee6-49f7-45ee-8090-861a49f32d36->c792898a-1981-4e29-8158-41294c472b61#10-t1,previous=<PROTO_DEFAULT>,leaderCommit=0,initializing? false,entries: size=1, first=(t:1, i:0), CONFIGURATIONENTRY(current:id:"83932d67-4fdc-4fe4-8fe1-3df6c3f1844a"address:"127.0.0.1:15023"dataStreamAddress:"127.0.0.1:15024"clientAddress:"127.0.0.1:15021"adminAddress:"127.0.0.1:15022"startupRole:FOLLOWER, id:"18da7ee6-49f7-45ee-8090-861a49f32d36"address:"127.0.0.1:15031"priority:1dataStreamAddress:"127.0.0.1:15032"clientAddress:"127.0.0.1:15029"adminAddress:"127.0.0.1:15030"startupRole:FOLLOWER, id:"c792898a-1981-4e29-8158-41294c472b61"address:"127.0.0.1:15015"dataStreamAddress:"127.0.0.1:15016"clientAddress:"127.0.0.1:15013"adminAddress:"127.0.0.1:15014"startupRole:FOLLOWER, old:)
java.util.concurrent.CompletionException: org.apache.ratis.protocol.exceptions.ServerNotReadyException: c792898a-1981-4e29-8158-41294c472b61@group-5F01EAE184E2 is not in [STARTING, RUNNING]: current state is CLOSED
	at org.apache.ratis.util.JavaUtils.callAsUnchecked(JavaUtils.java:122)
	at org.apache.ratis.server.impl.RaftServerProxy.lambda$appendEntriesAsync$29(RaftServerProxy.java:651)
	at java.base/java.util.concurrent.CompletableFuture.uniComposeStage(CompletableFuture.java:1187)
	at java.base/java.util.concurrent.CompletableFuture.thenCompose(CompletableFuture.java:2341)
	at org.apache.ratis.server.impl.RaftServerProxy.appendEntriesAsync(RaftServerProxy.java:651)
	at org.apache.ratis.grpc.server.GrpcServerProtocolService$1.process(GrpcServerProtocolService.java:245)
	at org.apache.ratis.grpc.server.GrpcServerProtocolService$1.process(GrpcServerProtocolService.java:242)
	at org.apache.ratis.grpc.server.GrpcServerProtocolService$ServerRequestStreamObserver.onNext(GrpcServerProtocolService.java:150)
	at org.apache.ratis.thirdparty.io.grpc.stub.ServerCalls$StreamingServerCallHandler$StreamingServerCallListener.onMessage(ServerCalls.java:262)
	at org.apache.ratis.thirdparty.io.grpc.internal.ServerCallImpl$ServerStreamListenerImpl.messagesAvailableInternal(ServerCallImpl.java:334)
	at org.apache.ratis.thirdparty.io.grpc.internal.ServerCallImpl$ServerStreamListenerImpl.messagesAvailable(ServerCallImpl.java:319)
	at org.apache.ratis.thirdparty.io.grpc.internal.ServerImpl$JumpToApplicationThreadServerStreamListener$1MessagesAvailable.runInContext(ServerImpl.java:834)
	at org.apache.ratis.thirdparty.io.grpc.internal.ContextRunnable.run(ContextRunnable.java:37)
	at org.apache.ratis.thirdparty.io.grpc.internal.SerializingExecutor.run(SerializingExecutor.java:133)
	at java.base/java.util.concurrent.ThreadPoolExecutor.runWorker(ThreadPoolExecutor.java:1144)
	at java.base/java.util.concurrent.ThreadPoolExecutor$Worker.run(ThreadPoolExecutor.java:642)
	at java.base/java.lang.Thread.run(Thread.java:1583)
Caused by: org.apache.ratis.protocol.exceptions.ServerNotReadyException: c792898a-1981-4e29-8158-41294c472b61@group-5F01EAE184E2 is not in [STARTING, RUNNING]: current state is CLOSED
	at org.apache.ratis.server.impl.RaftServerImpl.lambda$assertLifeCycleState$7(RaftServerImpl.java:809)
	at org.apache.ratis.util.LifeCycle.assertCurrentState(LifeCycle.java:260)
	at org.apache.ratis.server.impl.RaftServerImpl.assertLifeCycleState(RaftServerImpl.java:808)
	at org.apache.ratis.server.impl.RaftServerImpl.appendEntriesAsync(RaftServerImpl.java:1486)
	at org.apache.ratis.server.impl.RaftServerProxy.lambda$null$28(RaftServerProxy.java:652)
	at org.apache.ratis.util.JavaUtils.callAsUnchecked(JavaUtils.java:118)
	... 16 more
2025-09-27 09:19:53,083 [grpc-default-executor-3] INFO  leader.LogAppender (LogAppenderBase.java:lambda$getNextIndexForError$0(215)) - Decrease nextIndex to 0
2025-09-27 09:19:53,083 [grpc-default-executor-3] INFO  leader.LogAppender (LogAppenderBase.java:lambda$getNextIndexForError$0(215)) - Decrease nextIndex to 0
2025-09-27 09:19:53,083 [grpc-default-executor-3] INFO  leader.FollowerInfo (FollowerInfoImpl.java:info(70)) - 18da7ee6-49f7-45ee-8090-861a49f32d36@group-5F01EAE184E2->c792898a-1981-4e29-8158-41294c472b61: computeNextIndex nextIndex: updateUnconditionally 1 -> 0
2025-09-27 09:19:53,087 [timer2] WARN  server.GrpcLogAppender (LogUtils.java:warn(127)) - 18da7ee6-49f7-45ee-8090-861a49f32d36@group-5F01EAE184E2->c792898a-1981-4e29-8158-41294c472b61-AppendLogResponseHandler: Failed appendEntries (Repeated 5 times in the last 5.003s): org.apache.ratis.protocol.exceptions.ServerNotReadyException: c792898a-1981-4e29-8158-41294c472b61@group-5F01EAE184E2 is not in [STARTING, RUNNING]: current state is CLOSED
2025-09-27 09:19:53,495 [EventQueue-DeadNodeForDeadNodeHandler] INFO  node.DeadNodeHandler (DeadNodeHandler.java:onMessage(91)) - A dead datanode is detected. c792898a-1981-4e29-8158-41294c472b61(localhost/127.0.0.1)
2025-09-27 09:19:53,498 [EventQueue-DeadNodeForDeadNodeHandler] INFO  pipeline.RatisPipelineProvider (RatisPipelineProvider.java:lambda$close$4(273)) - Send pipeline:Pipeline-72238b95-a3bd-4b17-94ed-f78cc9ddb469 close command to datanode 83932d67-4fdc-4fe4-8fe1-3df6c3f1844a
2025-09-27 09:19:53,498 [EventQueue-DeadNodeForDeadNodeHandler] INFO  pipeline.RatisPipelineProvider (RatisPipelineProvider.java:lambda$close$4(273)) - Send pipeline:Pipeline-72238b95-a3bd-4b17-94ed-f78cc9ddb469 close command to datanode 18da7ee6-49f7-45ee-8090-861a49f32d36
2025-09-27 09:19:53,498 [EventQueue-DeadNodeForDeadNodeHandler] INFO  pipeline.RatisPipelineProvider (RatisPipelineProvider.java:lambda$close$4(273)) - Send pipeline:Pipeline-72238b95-a3bd-4b17-94ed-f78cc9ddb469 close command to datanode c792898a-1981-4e29-8158-41294c472b61
2025-09-27 09:19:53,499 [EventQueue-DeadNodeForDeadNodeHandler] INFO  pipeline.PipelineManagerImpl (PipelineManagerImpl.java:removePipeline(464)) - Pipeline Pipeline{ Id: 72238b95-a3bd-4b17-94ed-f78cc9ddb469, Nodes: [ {83932d67-4fdc-4fe4-8fe1-3df6c3f1844a(localhost/127.0.0.1), ReplicaIndex: 0}, {18da7ee6-49f7-45ee-8090-861a49f32d36(localhost/127.0.0.1), ReplicaIndex: 0}, {c792898a-1981-4e29-8158-41294c472b61(localhost/127.0.0.1), ReplicaIndex: 0},], ReplicationConfig: RATIS/THREE, State:CLOSED, leaderId:, CreationTimestamp2025-09-27T09:19:44.255Z[Etc/UTC]} removed.
2025-09-27 09:19:53,500 [EventQueue-DeadNodeForDeadNodeHandler] INFO  pipeline.RatisPipelineProvider (RatisPipelineProvider.java:lambda$close$4(273)) - Send pipeline:Pipeline-59202f93-fb69-4c18-9e9a-5f01eae184e2 close command to datanode c792898a-1981-4e29-8158-41294c472b61
2025-09-27 09:19:53,500 [EventQueue-DeadNodeForDeadNodeHandler] INFO  pipeline.RatisPipelineProvider (RatisPipelineProvider.java:lambda$close$4(273)) - Send pipeline:Pipeline-59202f93-fb69-4c18-9e9a-5f01eae184e2 close command to datanode 18da7ee6-49f7-45ee-8090-861a49f32d36
2025-09-27 09:19:53,500 [EventQueue-DeadNodeForDeadNodeHandler] INFO  pipeline.RatisPipelineProvider (RatisPipelineProvider.java:lambda$close$4(273)) - Send pipeline:Pipeline-59202f93-fb69-4c18-9e9a-5f01eae184e2 close command to datanode 83932d67-4fdc-4fe4-8fe1-3df6c3f1844a
2025-09-27 09:19:53,500 [EventQueue-DeadNodeForDeadNodeHandler] INFO  pipeline.PipelineManagerImpl (PipelineManagerImpl.java:removePipeline(464)) - Pipeline Pipeline{ Id: 59202f93-fb69-4c18-9e9a-5f01eae184e2, Nodes: [ {c792898a-1981-4e29-8158-41294c472b61(localhost/127.0.0.1), ReplicaIndex: 0}, {18da7ee6-49f7-45ee-8090-861a49f32d36(localhost/127.0.0.1), ReplicaIndex: 0}, {83932d67-4fdc-4fe4-8fe1-3df6c3f1844a(localhost/127.0.0.1), ReplicaIndex: 0},], ReplicationConfig: RATIS/THREE, State:CLOSED, leaderId:18da7ee6-49f7-45ee-8090-861a49f32d36, CreationTimestamp2025-09-27T09:19:44.260Z[Etc/UTC]} removed.
2025-09-27 09:19:53,502 [EventQueue-DeadNodeForDeadNodeHandler] INFO  pipeline.RatisPipelineProvider (RatisPipelineProvider.java:lambda$close$4(273)) - Send pipeline:Pipeline-166034bd-8cb8-4e48-85d0-c5b96a071f98 close command to datanode 18da7ee6-49f7-45ee-8090-861a49f32d36
2025-09-27 09:19:53,502 [EventQueue-DeadNodeForDeadNodeHandler] INFO  pipeline.RatisPipelineProvider (RatisPipelineProvider.java:lambda$close$4(273)) - Send pipeline:Pipeline-166034bd-8cb8-4e48-85d0-c5b96a071f98 close command to datanode c792898a-1981-4e29-8158-41294c472b61
2025-09-27 09:19:53,502 [EventQueue-DeadNodeForDeadNodeHandler] INFO  pipeline.RatisPipelineProvider (RatisPipelineProvider.java:lambda$close$4(273)) - Send pipeline:Pipeline-166034bd-8cb8-4e48-85d0-c5b96a071f98 close command to datanode 83932d67-4fdc-4fe4-8fe1-3df6c3f1844a
2025-09-27 09:19:53,502 [EventQueue-DeadNodeForDeadNodeHandler] INFO  pipeline.PipelineManagerImpl (PipelineManagerImpl.java:removePipeline(464)) - Pipeline Pipeline{ Id: 166034bd-8cb8-4e48-85d0-c5b96a071f98, Nodes: [ {18da7ee6-49f7-45ee-8090-861a49f32d36(localhost/127.0.0.1), ReplicaIndex: 0}, {c792898a-1981-4e29-8158-41294c472b61(localhost/127.0.0.1), ReplicaIndex: 0}, {83932d67-4fdc-4fe4-8fe1-3df6c3f1844a(localhost/127.0.0.1), ReplicaIndex: 0},], ReplicationConfig: RATIS/THREE, State:CLOSED, leaderId:83932d67-4fdc-4fe4-8fe1-3df6c3f1844a, CreationTimestamp2025-09-27T09:19:44.251Z[Etc/UTC]} removed.
2025-09-27 09:19:53,503 [EventQueue-DeadNodeForDeadNodeHandler] INFO  pipeline.RatisPipelineProvider (RatisPipelineProvider.java:lambda$close$4(273)) - Send pipeline:Pipeline-90af7168-9b80-4e23-8c64-a7a68f768d7f close command to datanode c792898a-1981-4e29-8158-41294c472b61
2025-09-27 09:19:53,503 [EventQueue-DeadNodeForDeadNodeHandler] INFO  pipeline.PipelineManagerImpl (PipelineManagerImpl.java:removePipeline(464)) - Pipeline Pipeline{ Id: 90af7168-9b80-4e23-8c64-a7a68f768d7f, Nodes: [ {c792898a-1981-4e29-8158-41294c472b61(localhost/127.0.0.1), ReplicaIndex: 0},], ReplicationConfig: RATIS/ONE, State:CLOSED, leaderId:c792898a-1981-4e29-8158-41294c472b61, CreationTimestamp2025-09-27T09:19:43.809Z[Etc/UTC]} removed.
2025-09-27 09:19:53,504 [EventQueue-DeadNodeForDeadNodeHandler] INFO  node.DeadNodeHandler (DeadNodeHandler.java:onMessage(113)) - Clearing command queue of size 4 for DN c792898a-1981-4e29-8158-41294c472b61(localhost/127.0.0.1)
2025-09-27 09:19:53,504 [EventQueue-DeadNodeForDeadNodeHandler] INFO  net.NetworkTopologyImpl (NetworkTopologyImpl.java:remove(211)) - Removed a node: /default-rack/c792898a-1981-4e29-8158-41294c472b61
2025-09-27 09:19:53,506 [ReplicationMonitor] INFO  replication.ReplicationManager (ReplicationManager.java:processAll(384)) - Replication Monitor Thread took 2 milliseconds for processing 0 containers.
2025-09-27 09:19:53,897 [Thread-717] WARN  grpc.GrpcUtil (GrpcUtil.java:shutdownManagedChannel(226)) - Timed out gracefully shutting down connection: ManagedChannelOrphanWrapper{delegate=ManagedChannelImpl{logId=188, target=127.0.0.1:15031}}. 
2025-09-27 09:19:53,897 [Thread-716] WARN  grpc.GrpcUtil (GrpcUtil.java:shutdownManagedChannel(226)) - Timed out gracefully shutting down connection: ManagedChannelOrphanWrapper{delegate=ManagedChannelImpl{logId=186, target=127.0.0.1:15023}}. 
2025-09-27 09:19:53,897 [grpc-default-executor-3] INFO  server.GrpcLogAppender (GrpcLogAppender.java:onError(545)) - c792898a-1981-4e29-8158-41294c472b61@group-F78CC9DDB469->18da7ee6-49f7-45ee-8090-861a49f32d36-GrpcLogAppender is already stopped
2025-09-27 09:19:53,897 [grpc-default-executor-2] INFO  server.GrpcLogAppender (GrpcLogAppender.java:onError(545)) - c792898a-1981-4e29-8158-41294c472b61@group-F78CC9DDB469->83932d67-4fdc-4fe4-8fe1-3df6c3f1844a-GrpcLogAppender is already stopped
2025-09-27 09:19:53,898 [grpc-default-executor-0] WARN  server.GrpcServerProtocolService (LogUtils.java:warn(127)) - 83932d67-4fdc-4fe4-8fe1-3df6c3f1844a: APPEND_ENTRIES onError, lastRequest: null: org.apache.ratis.thirdparty.io.grpc.StatusRuntimeException: CANCELLED: client cancelled
2025-09-27 09:19:53,898 [grpc-default-executor-0] WARN  server.GrpcServerProtocolService (LogUtils.java:warn(127)) - 18da7ee6-49f7-45ee-8090-861a49f32d36: APPEND_ENTRIES onError, lastRequest: null: org.apache.ratis.thirdparty.io.grpc.StatusRuntimeException: CANCELLED: client cancelled
2025-09-27 09:19:53,898 [pool-247-thread-1] INFO  server.GrpcServicesImpl (GrpcServicesImpl.java:closeImpl(364)) - c792898a-1981-4e29-8158-41294c472b61: shutdown server org.apache.ratis.grpc.server.GrpcClientProtocolService successfully
2025-09-27 09:19:53,899 [pool-247-thread-1] INFO  server.GrpcServicesImpl (GrpcServicesImpl.java:closeImpl(355)) - c792898a-1981-4e29-8158-41294c472b61: shutdown server GrpcServerProtocolService now
2025-09-27 09:19:53,902 [grpc-default-executor-0] WARN  server.GrpcServerProtocolService (LogUtils.java:warn(127)) - c792898a-1981-4e29-8158-41294c472b61: APPEND_ENTRIES onError, lastRequest: 83932d67-4fdc-4fe4-8fe1-3df6c3f1844a->c792898a-1981-4e29-8158-41294c472b61#1-t1,previous=<PROTO_DEFAULT>,leaderCommit=-1,initializing? false,entries: size=1, first=(t:1, i:0), CONFIGURATIONENTRY(current:id:"83932d67-4fdc-4fe4-8fe1-3df6c3f1844a"address:"127.0.0.1:15023"priority:1dataStreamAddress:"127.0.0.1:15024"clientAddress:"127.0.0.1:15021"adminAddress:"127.0.0.1:15022"startupRole:FOLLOWER, id:"18da7ee6-49f7-45ee-8090-861a49f32d36"address:"127.0.0.1:15031"dataStreamAddress:"127.0.0.1:15032"clientAddress:"127.0.0.1:15029"adminAddress:"127.0.0.1:15030"startupRole:FOLLOWER, id:"c792898a-1981-4e29-8158-41294c472b61"address:"127.0.0.1:15015"dataStreamAddress:"127.0.0.1:15016"clientAddress:"127.0.0.1:15013"adminAddress:"127.0.0.1:15014"startupRole:FOLLOWER, old:): org.apache.ratis.thirdparty.io.grpc.StatusRuntimeException: CANCELLED: client cancelled
2025-09-27 09:19:53,903 [grpc-default-executor-2] WARN  server.GrpcServerProtocolService (LogUtils.java:warn(127)) - c792898a-1981-4e29-8158-41294c472b61: APPEND_ENTRIES onError, lastRequest: null: org.apache.ratis.thirdparty.io.grpc.StatusRuntimeException: CANCELLED: client cancelled
2025-09-27 09:19:53,903 [grpc-default-executor-4] WARN  server.GrpcServerProtocolService (LogUtils.java:warn(127)) - c792898a-1981-4e29-8158-41294c472b61: APPEND_ENTRIES onError, lastRequest: null: org.apache.ratis.thirdparty.io.grpc.StatusRuntimeException: CANCELLED: client cancelled
2025-09-27 09:19:53,903 [grpc-default-executor-1] WARN  server.GrpcServerProtocolService (LogUtils.java:warn(127)) - c792898a-1981-4e29-8158-41294c472b61: APPEND_ENTRIES onError, lastRequest: null: org.apache.ratis.thirdparty.io.grpc.StatusRuntimeException: CANCELLED: client cancelled
2025-09-27 09:19:53,903 [grpc-default-executor-1] WARN  server.GrpcServerProtocolService (LogUtils.java:warn(127)) - c792898a-1981-4e29-8158-41294c472b61: APPEND_ENTRIES onError, lastRequest: null: org.apache.ratis.thirdparty.io.grpc.StatusRuntimeException: CANCELLED: client cancelled
2025-09-27 09:19:53,904 [grpc-default-executor-5] WARN  server.GrpcServerProtocolService (LogUtils.java:warn(127)) - c792898a-1981-4e29-8158-41294c472b61: APPEND_ENTRIES onError, lastRequest: null: org.apache.ratis.thirdparty.io.grpc.StatusRuntimeException: CANCELLED: client cancelled
2025-09-27 09:19:53,904 [grpc-default-executor-1] WARN  server.GrpcLogAppender (LogUtils.java:warn(127)) - 83932d67-4fdc-4fe4-8fe1-3df6c3f1844a@group-C5B96A071F98->c792898a-1981-4e29-8158-41294c472b61-AppendLogResponseHandler: Failed appendEntries: org.apache.ratis.thirdparty.io.grpc.StatusRuntimeException: CANCELLED: RST_STREAM closed stream. HTTP/2 error code: CANCEL
2025-09-27 09:19:53,904 [pool-247-thread-1] INFO  server.GrpcServicesImpl (GrpcServicesImpl.java:closeImpl(364)) - c792898a-1981-4e29-8158-41294c472b61: shutdown server GrpcServerProtocolService successfully
2025-09-27 09:19:53,904 [pool-247-thread-1] INFO  server.GrpcServicesImpl (GrpcServicesImpl.java:closeImpl(355)) - c792898a-1981-4e29-8158-41294c472b61: shutdown server org.apache.ratis.grpc.server.GrpcAdminProtocolService now
2025-09-27 09:19:53,905 [grpc-default-executor-0] WARN  server.GrpcServerProtocolService (LogUtils.java:warn(127)) - c792898a-1981-4e29-8158-41294c472b61: APPEND_ENTRIES onError, lastRequest: null: org.apache.ratis.thirdparty.io.grpc.StatusRuntimeException: CANCELLED: client cancelled
2025-09-27 09:19:53,905 [pool-247-thread-1] INFO  server.GrpcServicesImpl (GrpcServicesImpl.java:closeImpl(364)) - c792898a-1981-4e29-8158-41294c472b61: shutdown server org.apache.ratis.grpc.server.GrpcAdminProtocolService successfully
2025-09-27 09:19:53,906 [grpc-default-executor-1] WARN  server.GrpcLogAppender (GrpcLogAppender.java:lambda$resetClient$1(228)) - 83932d67-4fdc-4fe4-8fe1-3df6c3f1844a@group-C5B96A071F98->c792898a-1981-4e29-8158-41294c472b61-GrpcLogAppender: Follower failed (request=null, errorCount=1); keep nextIndex (1) unchanged and retry.
2025-09-27 09:19:53,906 [grpc-default-executor-2] WARN  server.GrpcLogAppender (LogUtils.java:warn(127)) - 18da7ee6-49f7-45ee-8090-861a49f32d36@group-5F01EAE184E2->c792898a-1981-4e29-8158-41294c472b61-AppendLogResponseHandler: Failed appendEntries: org.apache.ratis.thirdparty.io.grpc.StatusRuntimeException: CANCELLED: RST_STREAM closed stream. HTTP/2 error code: CANCEL
2025-09-27 09:19:53,906 [grpc-default-executor-2] WARN  server.GrpcLogAppender (GrpcLogAppender.java:lambda$resetClient$1(228)) - 18da7ee6-49f7-45ee-8090-861a49f32d36@group-5F01EAE184E2->c792898a-1981-4e29-8158-41294c472b61-GrpcLogAppender: Follower failed (request=null, errorCount=6); keep nextIndex (0) unchanged and retry.
2025-09-27 09:19:53,911 [c792898a-1981-4e29-8158-41294c472b61-NettyServerStreamRpc-bossGroup--thread1] INFO  logging.LoggingHandler (AbstractInternalLogger.java:log(148)) - [id: 0x777a9f85, L:/0.0.0.0:15016] CLOSE
2025-09-27 09:19:53,911 [c792898a-1981-4e29-8158-41294c472b61-NettyServerStreamRpc-bossGroup--thread1] INFO  logging.LoggingHandler (AbstractInternalLogger.java:log(148)) - [id: 0x777a9f85, L:/0.0.0.0:15016] INACTIVE
2025-09-27 09:19:53,911 [c792898a-1981-4e29-8158-41294c472b61-NettyServerStreamRpc-bossGroup--thread1] INFO  logging.LoggingHandler (AbstractInternalLogger.java:log(148)) - [id: 0x777a9f85, L:/0.0.0.0:15016] UNREGISTERED
2025-09-27 09:19:53,918 [JvmPauseMonitor3] INFO  util.JvmPauseMonitor (JvmPauseMonitor.java:run(152)) - JvmPauseMonitor-c792898a-1981-4e29-8158-41294c472b61: Stopped
2025-09-27 09:19:53,932 [18da7ee6-49f7-45ee-8090-861a49f32d36@group-F78CC9DDB469-FollowerState] INFO  impl.FollowerState (FollowerState.java:runImpl(161)) - 18da7ee6-49f7-45ee-8090-861a49f32d36@group-F78CC9DDB469-FollowerState: change to CANDIDATE, lastRpcElapsedTime:6065675816ns, electionTimeout:5047ms
2025-09-27 09:19:53,933 [18da7ee6-49f7-45ee-8090-861a49f32d36@group-F78CC9DDB469-FollowerState] INFO  impl.RoleInfo (RoleInfo.java:shutdownFollowerState(121)) - 18da7ee6-49f7-45ee-8090-861a49f32d36: shutdown 18da7ee6-49f7-45ee-8090-861a49f32d36@group-F78CC9DDB469-FollowerState
2025-09-27 09:19:53,933 [18da7ee6-49f7-45ee-8090-861a49f32d36@group-F78CC9DDB469-FollowerState] INFO  server.RaftServer$Division (RaftServerImpl.java:setRole(392)) - 18da7ee6-49f7-45ee-8090-861a49f32d36@group-F78CC9DDB469: changes role from  FOLLOWER to CANDIDATE at term 1 for changeToCandidate
2025-09-27 09:19:53,933 [18da7ee6-49f7-45ee-8090-861a49f32d36@group-F78CC9DDB469-FollowerState] INFO  impl.RoleInfo (RoleInfo.java:updateAndGet(148)) - 18da7ee6-49f7-45ee-8090-861a49f32d36: start 18da7ee6-49f7-45ee-8090-861a49f32d36@group-F78CC9DDB469-LeaderElection14
2025-09-27 09:19:53,933 [18da7ee6-49f7-45ee-8090-861a49f32d36@group-F78CC9DDB469-LeaderElection14] INFO  impl.LeaderElection (LeaderElection.java:askForVotes(448)) - 18da7ee6-49f7-45ee-8090-861a49f32d36@group-F78CC9DDB469-LeaderElection14 PRE_VOTE round 0: submit vote requests at term 1 for conf: {index: -1, cur=peers:[83932d67-4fdc-4fe4-8fe1-3df6c3f1844a|127.0.0.1:15023, 18da7ee6-49f7-45ee-8090-861a49f32d36|127.0.0.1:15031, c792898a-1981-4e29-8158-41294c472b61|127.0.0.1:15015]|listeners:[], old=null}
2025-09-27 09:19:53,936 [grpc-default-executor-1] INFO  server.RaftServer$Division (RaftServerImpl.java:requestVote(1421)) - 83932d67-4fdc-4fe4-8fe1-3df6c3f1844a@group-F78CC9DDB469: receive requestVote(PRE_VOTE, 18da7ee6-49f7-45ee-8090-861a49f32d36, group-F78CC9DDB469, 1, <PROTO_DEFAULT>)
2025-09-27 09:19:53,936 [grpc-default-executor-1] INFO  impl.VoteContext (VoteContext.java:log(49)) - 83932d67-4fdc-4fe4-8fe1-3df6c3f1844a@group-F78CC9DDB469-FOLLOWER: accept PRE_VOTE from 18da7ee6-49f7-45ee-8090-861a49f32d36: our priority 0 <= candidate's priority 0
2025-09-27 09:19:53,936 [grpc-default-executor-1] INFO  server.RaftServer$Division (RaftServerImpl.java:requestVote(1455)) - 83932d67-4fdc-4fe4-8fe1-3df6c3f1844a@group-F78CC9DDB469 replies to PRE_VOTE vote request: 18da7ee6-49f7-45ee-8090-861a49f32d36<-83932d67-4fdc-4fe4-8fe1-3df6c3f1844a#0:OK-t1-last:<INITIAL_VALUE>. Peer's state: 83932d67-4fdc-4fe4-8fe1-3df6c3f1844a@group-F78CC9DDB469:t1, leader=null, voted=c792898a-1981-4e29-8158-41294c472b61, raftlog=Memoized:83932d67-4fdc-4fe4-8fe1-3df6c3f1844a@group-F78CC9DDB469-SegmentedRaftLog:OPENED:c-1:lastnull, conf=conf: {index: -1, cur=peers:[83932d67-4fdc-4fe4-8fe1-3df6c3f1844a|127.0.0.1:15023, 18da7ee6-49f7-45ee-8090-861a49f32d36|127.0.0.1:15031, c792898a-1981-4e29-8158-41294c472b61|127.0.0.1:15015]|listeners:[], old=null}
2025-09-27 09:19:53,939 [18da7ee6-49f7-45ee-8090-861a49f32d36@group-F78CC9DDB469-LeaderElection14] INFO  impl.LeaderElection (LogUtils.java:infoOrTrace(142)) - 18da7ee6-49f7-45ee-8090-861a49f32d36@group-F78CC9DDB469-LeaderElection14 got exception when requesting votes: java.util.concurrent.ExecutionException: org.apache.ratis.thirdparty.io.grpc.StatusRuntimeException: UNAVAILABLE: io exception
2025-09-27 09:19:53,940 [18da7ee6-49f7-45ee-8090-861a49f32d36@group-F78CC9DDB469-LeaderElection14] INFO  impl.LeaderElection (LeaderElection.java:logAndReturn(206)) - 18da7ee6-49f7-45ee-8090-861a49f32d36@group-F78CC9DDB469-LeaderElection14: PRE_VOTE PASSED received 1 response(s) and 1 exception(s):
2025-09-27 09:19:53,940 [18da7ee6-49f7-45ee-8090-861a49f32d36@group-F78CC9DDB469-LeaderElection14] INFO  impl.LeaderElection (LeaderElection.java:logAndReturn(210)) -   Response 0: 18da7ee6-49f7-45ee-8090-861a49f32d36<-83932d67-4fdc-4fe4-8fe1-3df6c3f1844a#0:OK-t1-last:<INITIAL_VALUE>
2025-09-27 09:19:53,940 [18da7ee6-49f7-45ee-8090-861a49f32d36@group-F78CC9DDB469-LeaderElection14] INFO  impl.LeaderElection (LogUtils.java:infoOrTrace(142)) -   Exception 1: java.util.concurrent.ExecutionException: org.apache.ratis.thirdparty.io.grpc.StatusRuntimeException: UNAVAILABLE: io exception
2025-09-27 09:19:53,940 [18da7ee6-49f7-45ee-8090-861a49f32d36@group-F78CC9DDB469-LeaderElection14] INFO  impl.LeaderElection (LeaderElection.java:askForVotes(450)) - 18da7ee6-49f7-45ee-8090-861a49f32d36@group-F78CC9DDB469-LeaderElection14 PRE_VOTE round 0: result PASSED
2025-09-27 09:19:53,941 [18da7ee6-49f7-45ee-8090-861a49f32d36@group-F78CC9DDB469-LeaderElection14] INFO  impl.LeaderElection (LeaderElection.java:askForVotes(448)) - 18da7ee6-49f7-45ee-8090-861a49f32d36@group-F78CC9DDB469-LeaderElection14 ELECTION round 0: submit vote requests at term 2 for conf: {index: -1, cur=peers:[83932d67-4fdc-4fe4-8fe1-3df6c3f1844a|127.0.0.1:15023, 18da7ee6-49f7-45ee-8090-861a49f32d36|127.0.0.1:15031, c792898a-1981-4e29-8158-41294c472b61|127.0.0.1:15015]|listeners:[], old=null}
2025-09-27 09:19:53,942 [18da7ee6-49f7-45ee-8090-861a49f32d36@group-F78CC9DDB469-LeaderElection14] INFO  impl.LeaderElection (LogUtils.java:infoOrTrace(142)) - 18da7ee6-49f7-45ee-8090-861a49f32d36@group-F78CC9DDB469-LeaderElection14 got exception when requesting votes: java.util.concurrent.ExecutionException: org.apache.ratis.thirdparty.io.grpc.StatusRuntimeException: UNAVAILABLE: io exception
2025-09-27 09:19:53,943 [grpc-default-executor-1] INFO  server.RaftServer$Division (RaftServerImpl.java:requestVote(1421)) - 83932d67-4fdc-4fe4-8fe1-3df6c3f1844a@group-F78CC9DDB469: receive requestVote(ELECTION, 18da7ee6-49f7-45ee-8090-861a49f32d36, group-F78CC9DDB469, 2, <PROTO_DEFAULT>)
2025-09-27 09:19:53,943 [grpc-default-executor-1] INFO  impl.VoteContext (VoteContext.java:log(49)) - 83932d67-4fdc-4fe4-8fe1-3df6c3f1844a@group-F78CC9DDB469-FOLLOWER: accept ELECTION from 18da7ee6-49f7-45ee-8090-861a49f32d36: our priority 0 <= candidate's priority 0
2025-09-27 09:19:53,943 [grpc-default-executor-1] INFO  server.RaftServer$Division (RaftServerImpl.java:setRole(392)) - 83932d67-4fdc-4fe4-8fe1-3df6c3f1844a@group-F78CC9DDB469: changes role from  FOLLOWER to FOLLOWER at term 1 for candidate:18da7ee6-49f7-45ee-8090-861a49f32d36
2025-09-27 09:19:53,943 [grpc-default-executor-1] INFO  impl.RoleInfo (RoleInfo.java:shutdownFollowerState(121)) - 83932d67-4fdc-4fe4-8fe1-3df6c3f1844a: shutdown 83932d67-4fdc-4fe4-8fe1-3df6c3f1844a@group-F78CC9DDB469-FollowerState
2025-09-27 09:19:53,944 [grpc-default-executor-1] INFO  impl.RoleInfo (RoleInfo.java:updateAndGet(148)) - 83932d67-4fdc-4fe4-8fe1-3df6c3f1844a: start 83932d67-4fdc-4fe4-8fe1-3df6c3f1844a@group-F78CC9DDB469-FollowerState
2025-09-27 09:19:53,944 [83932d67-4fdc-4fe4-8fe1-3df6c3f1844a@group-F78CC9DDB469-FollowerState] INFO  impl.FollowerState (FollowerState.java:runImpl(170)) - 83932d67-4fdc-4fe4-8fe1-3df6c3f1844a@group-F78CC9DDB469-FollowerState was interrupted
2025-09-27 09:19:53,945 [grpc-default-executor-1] INFO  server.RaftServer$Division (RaftServerImpl.java:requestVote(1455)) - 83932d67-4fdc-4fe4-8fe1-3df6c3f1844a@group-F78CC9DDB469 replies to ELECTION vote request: 18da7ee6-49f7-45ee-8090-861a49f32d36<-83932d67-4fdc-4fe4-8fe1-3df6c3f1844a#0:OK-t2-last:<INITIAL_VALUE>. Peer's state: 83932d67-4fdc-4fe4-8fe1-3df6c3f1844a@group-F78CC9DDB469:t2, leader=null, voted=18da7ee6-49f7-45ee-8090-861a49f32d36, raftlog=Memoized:83932d67-4fdc-4fe4-8fe1-3df6c3f1844a@group-F78CC9DDB469-SegmentedRaftLog:OPENED:c-1:lastnull, conf=conf: {index: -1, cur=peers:[83932d67-4fdc-4fe4-8fe1-3df6c3f1844a|127.0.0.1:15023, 18da7ee6-49f7-45ee-8090-861a49f32d36|127.0.0.1:15031, c792898a-1981-4e29-8158-41294c472b61|127.0.0.1:15015]|listeners:[], old=null}
2025-09-27 09:19:53,946 [18da7ee6-49f7-45ee-8090-861a49f32d36@group-F78CC9DDB469-LeaderElection14] INFO  impl.LeaderElection (LeaderElection.java:logAndReturn(206)) - 18da7ee6-49f7-45ee-8090-861a49f32d36@group-F78CC9DDB469-LeaderElection14: ELECTION PASSED received 1 response(s) and 1 exception(s):
2025-09-27 09:19:53,946 [18da7ee6-49f7-45ee-8090-861a49f32d36@group-F78CC9DDB469-LeaderElection14] INFO  impl.LeaderElection (LeaderElection.java:logAndReturn(210)) -   Response 0: 18da7ee6-49f7-45ee-8090-861a49f32d36<-83932d67-4fdc-4fe4-8fe1-3df6c3f1844a#0:OK-t2-last:<INITIAL_VALUE>
2025-09-27 09:19:53,946 [18da7ee6-49f7-45ee-8090-861a49f32d36@group-F78CC9DDB469-LeaderElection14] INFO  impl.LeaderElection (LogUtils.java:infoOrTrace(142)) -   Exception 1: java.util.concurrent.ExecutionException: org.apache.ratis.thirdparty.io.grpc.StatusRuntimeException: UNAVAILABLE: io exception
2025-09-27 09:19:53,946 [18da7ee6-49f7-45ee-8090-861a49f32d36@group-F78CC9DDB469-LeaderElection14] INFO  impl.LeaderElection (LeaderElection.java:askForVotes(450)) - 18da7ee6-49f7-45ee-8090-861a49f32d36@group-F78CC9DDB469-LeaderElection14 ELECTION round 0: result PASSED
2025-09-27 09:19:53,947 [18da7ee6-49f7-45ee-8090-861a49f32d36@group-F78CC9DDB469-LeaderElection14] INFO  impl.RoleInfo (RoleInfo.java:shutdownLeaderElection(141)) - 18da7ee6-49f7-45ee-8090-861a49f32d36: shutdown 18da7ee6-49f7-45ee-8090-861a49f32d36@group-F78CC9DDB469-LeaderElection14
2025-09-27 09:19:53,947 [18da7ee6-49f7-45ee-8090-861a49f32d36@group-F78CC9DDB469-LeaderElection14] INFO  server.RaftServer$Division (RaftServerImpl.java:setRole(392)) - 18da7ee6-49f7-45ee-8090-861a49f32d36@group-F78CC9DDB469: changes role from CANDIDATE to LEADER at term 2 for changeToLeader
2025-09-27 09:19:53,947 [18da7ee6-49f7-45ee-8090-861a49f32d36@group-F78CC9DDB469-LeaderElection14] INFO  server.RaftServerConfigKeys (ConfUtils.java:logFallback(69)) - raft.server.staging.timeout = 15600ms (fallback to raft.server.rpc.timeout.max)
2025-09-27 09:19:53,947 [18da7ee6-49f7-45ee-8090-861a49f32d36@group-F78CC9DDB469-LeaderElection14] INFO  server.RaftServerConfigKeys (ConfUtils.java:logGet(62)) - raft.server.write.byte-limit = 1024 M (=1073741824) (custom)
2025-09-27 09:19:53,948 [18da7ee6-49f7-45ee-8090-861a49f32d36@group-F78CC9DDB469-LeaderElection14] INFO  server.RaftServerConfigKeys (ConfUtils.java:logGet(62)) - raft.server.log.appender.buffer.byte-limit = 33554432 (custom)
2025-09-27 09:19:53,949 [18da7ee6-49f7-45ee-8090-861a49f32d36@group-F78CC9DDB469-LeaderElection14] INFO  server.RaftServerConfigKeys (ConfUtils.java:logGet(62)) - raft.server.log.appender.buffer.byte-limit = 33554432 (custom)
2025-09-27 09:19:53,950 [18da7ee6-49f7-45ee-8090-861a49f32d36@group-F78CC9DDB469-LeaderElection14] INFO  impl.RoleInfo (RoleInfo.java:updateAndGet(148)) - 18da7ee6-49f7-45ee-8090-861a49f32d36: start 18da7ee6-49f7-45ee-8090-861a49f32d36@group-F78CC9DDB469-LeaderStateImpl
2025-09-27 09:19:53,950 [18da7ee6-49f7-45ee-8090-861a49f32d36@group-F78CC9DDB469-LeaderElection14] INFO  ratis.XceiverServerRatis (XceiverServerRatis.java:handleLeaderChangedNotification(940)) - Leader change notification received for group: group-F78CC9DDB469 with new leaderId: 18da7ee6-49f7-45ee-8090-861a49f32d36
2025-09-27 09:19:53,950 [18da7ee6-49f7-45ee-8090-861a49f32d36@group-F78CC9DDB469-LeaderElection14] INFO  server.RaftServer$Division (ServerState.java:setLeader(272)) - 18da7ee6-49f7-45ee-8090-861a49f32d36@group-F78CC9DDB469: change Leader from null to 18da7ee6-49f7-45ee-8090-861a49f32d36 at term 2 for becomeLeader, leader elected after 7145ms
2025-09-27 09:19:53,950 [18da7ee6-49f7-45ee-8090-861a49f32d36@group-F78CC9DDB469-LeaderElection14] INFO  segmented.SegmentedRaftLogWorker (SegmentedRaftLogWorker.java:startLogSegment(440)) - 18da7ee6-49f7-45ee-8090-861a49f32d36@group-F78CC9DDB469-SegmentedRaftLogWorker: Starting segment from index:0
2025-09-27 09:19:53,951 [18da7ee6-49f7-45ee-8090-861a49f32d36@group-F78CC9DDB469-LeaderElection14] INFO  server.RaftServer$Division (ServerState.java:setRaftConf(386)) - 18da7ee6-49f7-45ee-8090-861a49f32d36@group-F78CC9DDB469: set configuration conf: {index: 0, cur=peers:[83932d67-4fdc-4fe4-8fe1-3df6c3f1844a|127.0.0.1:15023, 18da7ee6-49f7-45ee-8090-861a49f32d36|127.0.0.1:15031, c792898a-1981-4e29-8158-41294c472b61|127.0.0.1:15015]|listeners:[], old=null}
2025-09-27 09:19:53,951 [18da7ee6-49f7-45ee-8090-861a49f32d36@group-F78CC9DDB469-SegmentedRaftLogWorker] INFO  segmented.BufferedWriteChannel (BufferedWriteChannel.java:open(61)) - open log_inprogress_0 at position 0
2025-09-27 09:19:53,955 [grpc-default-executor-1] WARN  server.GrpcLogAppender (LogUtils.java:warn(127)) - 18da7ee6-49f7-45ee-8090-861a49f32d36@group-F78CC9DDB469->c792898a-1981-4e29-8158-41294c472b61-AppendLogResponseHandler: Failed appendEntries: org.apache.ratis.thirdparty.io.grpc.StatusRuntimeException: UNAVAILABLE: io exception
  Caused by: org.apache.ratis.thirdparty.io.netty.channel.AbstractChannel$AnnotatedConnectException: finishConnect(..) failed: Connection refused: /127.0.0.1:15015
  Caused by: java.net.ConnectException: finishConnect(..) failed: Connection refused
2025-09-27 09:19:53,955 [EventQueue-PipelineReportForPipelineReportHandler] INFO  pipeline.PipelineReportHandler (PipelineReportHandler.java:handlePipelineNotFoundException(96)) - Pipeline Pipeline-72238b95-a3bd-4b17-94ed-f78cc9ddb469, reported by datanode 18da7ee6-49f7-45ee-8090-861a49f32d36(localhost/127.0.0.1) is not found.
2025-09-27 09:19:53,955 [EventQueue-PipelineReportForPipelineReportHandler] INFO  pipeline.PipelineReportHandler (PipelineReportHandler.java:handlePipelineNotFoundException(96)) - Pipeline Pipeline-59202f93-fb69-4c18-9e9a-5f01eae184e2, reported by datanode 18da7ee6-49f7-45ee-8090-861a49f32d36(localhost/127.0.0.1) is not found.
2025-09-27 09:19:53,955 [EventQueue-PipelineReportForPipelineReportHandler] INFO  pipeline.PipelineReportHandler (PipelineReportHandler.java:handlePipelineNotFoundException(96)) - Pipeline Pipeline-166034bd-8cb8-4e48-85d0-c5b96a071f98, reported by datanode 18da7ee6-49f7-45ee-8090-861a49f32d36(localhost/127.0.0.1) is not found.
2025-09-27 09:19:53,958 [grpc-default-executor-3] INFO  ratis.XceiverServerRatis (XceiverServerRatis.java:handleLeaderChangedNotification(940)) - Leader change notification received for group: group-F78CC9DDB469 with new leaderId: 18da7ee6-49f7-45ee-8090-861a49f32d36
2025-09-27 09:19:53,958 [grpc-default-executor-3] INFO  server.RaftServer$Division (ServerState.java:setLeader(272)) - 83932d67-4fdc-4fe4-8fe1-3df6c3f1844a@group-F78CC9DDB469: change Leader from null to 18da7ee6-49f7-45ee-8090-861a49f32d36 at term 2 for appendEntries, leader elected after 7207ms
2025-09-27 09:19:53,960 [grpc-default-executor-5] INFO  server.RaftServer$Division (ServerState.java:setRaftConf(386)) - 83932d67-4fdc-4fe4-8fe1-3df6c3f1844a@group-F78CC9DDB469: set configuration conf: {index: 0, cur=peers:[83932d67-4fdc-4fe4-8fe1-3df6c3f1844a|127.0.0.1:15023, 18da7ee6-49f7-45ee-8090-861a49f32d36|127.0.0.1:15031, c792898a-1981-4e29-8158-41294c472b61|127.0.0.1:15015]|listeners:[], old=null}
2025-09-27 09:19:53,961 [grpc-default-executor-5] INFO  segmented.SegmentedRaftLogWorker (SegmentedRaftLogWorker.java:startLogSegment(440)) - 83932d67-4fdc-4fe4-8fe1-3df6c3f1844a@group-F78CC9DDB469-SegmentedRaftLogWorker: Starting segment from index:0
2025-09-27 09:19:53,962 [83932d67-4fdc-4fe4-8fe1-3df6c3f1844a@group-F78CC9DDB469-SegmentedRaftLogWorker] INFO  segmented.BufferedWriteChannel (BufferedWriteChannel.java:open(61)) - open log_inprogress_0 at position 0
2025-09-27 09:19:53,963 [18da7ee6-49f7-45ee-8090-861a49f32d36@group-F78CC9DDB469-SegmentedRaftLogWorker] INFO  segmented.SegmentedRaftLogWorker (SegmentedRaftLogWorker.java:execute(647)) - 18da7ee6-49f7-45ee-8090-861a49f32d36@group-F78CC9DDB469-SegmentedRaftLogWorker: created new log segment /home/runner/work/ozone/ozone/hadoop-ozone/integration-test/target/test-dir/MiniOzoneClusterImpl-871b4ddd-f672-4be1-b73a-1629492f36a3/ozone-metadata/datanode-3/ratis/72238b95-a3bd-4b17-94ed-f78cc9ddb469/current/log_inprogress_0
2025-09-27 09:19:53,970 [83932d67-4fdc-4fe4-8fe1-3df6c3f1844a@group-F78CC9DDB469-SegmentedRaftLogWorker] INFO  segmented.SegmentedRaftLogWorker (SegmentedRaftLogWorker.java:execute(647)) - 83932d67-4fdc-4fe4-8fe1-3df6c3f1844a@group-F78CC9DDB469-SegmentedRaftLogWorker: created new log segment /home/runner/work/ozone/ozone/hadoop-ozone/integration-test/target/test-dir/MiniOzoneClusterImpl-871b4ddd-f672-4be1-b73a-1629492f36a3/ozone-metadata/datanode-2/ratis/72238b95-a3bd-4b17-94ed-f78cc9ddb469/current/log_inprogress_0
2025-09-27 09:19:53,973 [18da7ee6-49f7-45ee-8090-861a49f32d36@group-F78CC9DDB469-StateMachineUpdater] INFO  server.RaftServer$Division (LeaderStateImpl.java:checkStartIndex(309)) - Leader 18da7ee6-49f7-45ee-8090-861a49f32d36@group-F78CC9DDB469-LeaderStateImpl is ready since appliedIndex == startIndex == 0
2025-09-27 09:19:54,044 [grpc-default-executor-0] INFO  server.RaftServer (RaftServerProxy.java:remove(116)) - 83932d67-4fdc-4fe4-8fe1-3df6c3f1844a: remove  FOLLOWER (RUNNING): 83932d67-4fdc-4fe4-8fe1-3df6c3f1844a@group-F78CC9DDB469:t2, leader=18da7ee6-49f7-45ee-8090-861a49f32d36, voted=18da7ee6-49f7-45ee-8090-861a49f32d36, raftlog=Memoized:83932d67-4fdc-4fe4-8fe1-3df6c3f1844a@group-F78CC9DDB469-SegmentedRaftLog:OPENED:c-1:last(t:2, i:0), conf=conf: {index: 0, cur=peers:[83932d67-4fdc-4fe4-8fe1-3df6c3f1844a|127.0.0.1:15023, 18da7ee6-49f7-45ee-8090-861a49f32d36|127.0.0.1:15031, c792898a-1981-4e29-8158-41294c472b61|127.0.0.1:15015]|listeners:[], old=null}
2025-09-27 09:19:54,045 [grpc-default-executor-0] INFO  server.RaftServer$Division (RaftServerImpl.java:lambda$close$1(527)) - 83932d67-4fdc-4fe4-8fe1-3df6c3f1844a@group-F78CC9DDB469: shutdown
2025-09-27 09:19:54,045 [grpc-default-executor-0] INFO  util.JmxRegister (JmxRegister.java:unregister(74)) - Successfully un-registered JMX Bean with object name Ratis:service=RaftServer,group=group-F78CC9DDB469,id=83932d67-4fdc-4fe4-8fe1-3df6c3f1844a
2025-09-27 09:19:54,045 [grpc-default-executor-0] INFO  impl.RoleInfo (RoleInfo.java:shutdownFollowerState(121)) - 83932d67-4fdc-4fe4-8fe1-3df6c3f1844a: shutdown 83932d67-4fdc-4fe4-8fe1-3df6c3f1844a@group-F78CC9DDB469-FollowerState
2025-09-27 09:19:54,045 [83932d67-4fdc-4fe4-8fe1-3df6c3f1844a@group-F78CC9DDB469-FollowerState] INFO  impl.FollowerState (FollowerState.java:runImpl(170)) - 83932d67-4fdc-4fe4-8fe1-3df6c3f1844a@group-F78CC9DDB469-FollowerState was interrupted
2025-09-27 09:19:54,046 [grpc-default-executor-0] INFO  impl.StateMachineUpdater (StateMachineUpdater.java:stopAndJoin(163)) - 83932d67-4fdc-4fe4-8fe1-3df6c3f1844a@group-F78CC9DDB469-StateMachineUpdater: set stopIndex = -1
2025-09-27 09:19:54,046 [83932d67-4fdc-4fe4-8fe1-3df6c3f1844a@group-F78CC9DDB469-StateMachineUpdater] INFO  impl.StateMachineUpdater (StateMachineUpdater.java:stop(140)) - 83932d67-4fdc-4fe4-8fe1-3df6c3f1844a@group-F78CC9DDB469-StateMachineUpdater: closing ContainerStateMachine, lastApplied=<INITIAL_VALUE>
2025-09-27 09:19:54,047 [83932d67-4fdc-4fe4-8fe1-3df6c3f1844a@group-F78CC9DDB469-cacheEviction-AwaitToRun] INFO  util.AwaitToRun (AwaitToRun.java:run(49)) - 83932d67-4fdc-4fe4-8fe1-3df6c3f1844a@group-F78CC9DDB469-cacheEviction-AwaitToRun-AwaitForSignal is interrupted
2025-09-27 09:19:54,644 [EventQueue-PipelineReportForPipelineReportHandler] INFO  pipeline.PipelineReportHandler (PipelineReportHandler.java:handlePipelineNotFoundException(96)) - Pipeline Pipeline-59202f93-fb69-4c18-9e9a-5f01eae184e2, reported by datanode 83932d67-4fdc-4fe4-8fe1-3df6c3f1844a(localhost/127.0.0.1) is not found.
2025-09-27 09:19:54,644 [EventQueue-PipelineReportForPipelineReportHandler] INFO  pipeline.PipelineReportHandler (PipelineReportHandler.java:handlePipelineNotFoundException(96)) - Pipeline Pipeline-166034bd-8cb8-4e48-85d0-c5b96a071f98, reported by datanode 83932d67-4fdc-4fe4-8fe1-3df6c3f1844a(localhost/127.0.0.1) is not found.
2025-09-27 09:19:54,952 [EventQueue-PipelineReportForPipelineReportHandler] INFO  pipeline.PipelineReportHandler (PipelineReportHandler.java:handlePipelineNotFoundException(96)) - Pipeline Pipeline-72238b95-a3bd-4b17-94ed-f78cc9ddb469, reported by datanode 18da7ee6-49f7-45ee-8090-861a49f32d36(localhost/127.0.0.1) is not found.
2025-09-27 09:19:54,952 [EventQueue-PipelineReportForPipelineReportHandler] INFO  pipeline.PipelineReportHandler (PipelineReportHandler.java:handlePipelineNotFoundException(96)) - Pipeline Pipeline-59202f93-fb69-4c18-9e9a-5f01eae184e2, reported by datanode 18da7ee6-49f7-45ee-8090-861a49f32d36(localhost/127.0.0.1) is not found.
2025-09-27 09:19:54,952 [EventQueue-PipelineReportForPipelineReportHandler] INFO  pipeline.PipelineReportHandler (PipelineReportHandler.java:handlePipelineNotFoundException(96)) - Pipeline Pipeline-166034bd-8cb8-4e48-85d0-c5b96a071f98, reported by datanode 18da7ee6-49f7-45ee-8090-861a49f32d36(localhost/127.0.0.1) is not found.
2025-09-27 09:19:54,972 [grpc-default-executor-0] INFO  segmented.SegmentedRaftLogWorker (SegmentedRaftLogWorker.java:close(254)) - 83932d67-4fdc-4fe4-8fe1-3df6c3f1844a@group-F78CC9DDB469-SegmentedRaftLogWorker close()
2025-09-27 09:19:54,974 [grpc-default-executor-0] INFO  server.RaftServer$Division (RaftServerImpl.java:groupRemove(497)) - 83932d67-4fdc-4fe4-8fe1-3df6c3f1844a@group-F78CC9DDB469: Succeed to remove RaftStorageDirectory Storage Directory /home/runner/work/ozone/ozone/hadoop-ozone/integration-test/target/test-dir/MiniOzoneClusterImpl-871b4ddd-f672-4be1-b73a-1629492f36a3/ozone-metadata/datanode-2/ratis/72238b95-a3bd-4b17-94ed-f78cc9ddb469
2025-09-27 09:19:54,983 [18da7ee6-49f7-45ee-8090-861a49f32d36-ClosePipelineCommandHandlerThread-0] WARN  commandhandler.ClosePipelineCommandHandler (ClosePipelineCommandHandler.java:lambda$handle$1(158)) - Failed to remove group group-F78CC9DDB469 of pipeline Pipeline-72238b95-a3bd-4b17-94ed-f78cc9ddb469 on peer c792898a-1981-4e29-8158-41294c472b61
java.io.IOException: org.apache.ratis.thirdparty.io.grpc.StatusRuntimeException: UNAVAILABLE: io exception
	at org.apache.ratis.grpc.GrpcUtil.unwrapException(GrpcUtil.java:99)
	at org.apache.ratis.grpc.client.GrpcClientProtocolClient.blockingCall(GrpcClientProtocolClient.java:226)
	at org.apache.ratis.grpc.client.GrpcClientProtocolClient.groupAdd(GrpcClientProtocolClient.java:173)
	at org.apache.ratis.grpc.client.GrpcClientRpc.sendRequest(GrpcClientRpc.java:98)
	at org.apache.ratis.client.impl.BlockingImpl.sendRequest(BlockingImpl.java:147)
	at org.apache.ratis.client.impl.BlockingImpl.sendRequestWithRetry(BlockingImpl.java:109)
	at org.apache.ratis.client.impl.GroupManagementImpl.remove(GroupManagementImpl.java:61)
	at org.apache.hadoop.ozone.container.common.statemachine.commandhandler.ClosePipelineCommandHandler.lambda$handle$1(ClosePipelineCommandHandler.java:150)
	at java.base/java.util.stream.ForEachOps$ForEachOp$OfRef.accept(ForEachOps.java:184)
	at java.base/java.util.stream.ReferencePipeline$2$1.accept(ReferencePipeline.java:179)
	at java.base/java.util.HashMap$ValueSpliterator.forEachRemaining(HashMap.java:1787)
	at java.base/java.util.stream.AbstractPipeline.copyInto(AbstractPipeline.java:509)
	at java.base/java.util.stream.AbstractPipeline.wrapAndCopyInto(AbstractPipeline.java:499)
	at java.base/java.util.stream.ForEachOps$ForEachOp.evaluateSequential(ForEachOps.java:151)
	at java.base/java.util.stream.ForEachOps$ForEachOp$OfRef.evaluateSequential(ForEachOps.java:174)
	at java.base/java.util.stream.AbstractPipeline.evaluate(AbstractPipeline.java:234)
	at java.base/java.util.stream.ReferencePipeline.forEach(ReferencePipeline.java:596)
	at org.apache.hadoop.ozone.container.common.statemachine.commandhandler.ClosePipelineCommandHandler.lambda$handle$2(ClosePipelineCommandHandler.java:147)
	at java.base/java.util.concurrent.CompletableFuture$AsyncRun.run(CompletableFuture.java:1804)
	at java.base/java.util.concurrent.ThreadPoolExecutor.runWorker(ThreadPoolExecutor.java:1144)
	at java.base/java.util.concurrent.ThreadPoolExecutor$Worker.run(ThreadPoolExecutor.java:642)
	at java.base/java.lang.Thread.run(Thread.java:1583)
Caused by: org.apache.ratis.thirdparty.io.grpc.StatusRuntimeException: UNAVAILABLE: io exception
	at org.apache.ratis.thirdparty.io.grpc.stub.ClientCalls.toStatusRuntimeException(ClientCalls.java:351)
	at org.apache.ratis.thirdparty.io.grpc.stub.ClientCalls.getUnchecked(ClientCalls.java:332)
	at org.apache.ratis.thirdparty.io.grpc.stub.ClientCalls.blockingUnaryCall(ClientCalls.java:174)
	at org.apache.ratis.proto.grpc.AdminProtocolServiceGrpc$AdminProtocolServiceBlockingStub.groupManagement(AdminProtocolServiceGrpc.java:555)
	at org.apache.ratis.grpc.client.GrpcClientProtocolClient.lambda$groupAdd$6(GrpcClientProtocolClient.java:175)
	at org.apache.ratis.grpc.client.GrpcClientProtocolClient.blockingCall(GrpcClientProtocolClient.java:224)
	... 20 more
Caused by: org.apache.ratis.thirdparty.io.netty.channel.AbstractChannel$AnnotatedConnectException: finishConnect(..) failed: Connection refused: /127.0.0.1:15014
Caused by: java.net.ConnectException: finishConnect(..) failed: Connection refused
	at org.apache.ratis.thirdparty.io.netty.channel.unix.Errors.newConnectException0(Errors.java:166)
	at org.apache.ratis.thirdparty.io.netty.channel.unix.Errors.handleConnectErrno(Errors.java:131)
	at org.apache.ratis.thirdparty.io.netty.channel.unix.Socket.finishConnect(Socket.java:359)
	at org.apache.ratis.thirdparty.io.netty.channel.epoll.AbstractEpollChannel$AbstractEpollUnsafe.doFinishConnect(AbstractEpollChannel.java:715)
	at org.apache.ratis.thirdparty.io.netty.channel.epoll.AbstractEpollChannel$AbstractEpollUnsafe.finishConnect(AbstractEpollChannel.java:692)
	at org.apache.ratis.thirdparty.io.netty.channel.epoll.AbstractEpollChannel$AbstractEpollUnsafe.epollOutReady(AbstractEpollChannel.java:567)
	at org.apache.ratis.thirdparty.io.netty.channel.epoll.EpollEventLoop.processReady(EpollEventLoop.java:491)
	at org.apache.ratis.thirdparty.io.netty.channel.epoll.EpollEventLoop.run(EpollEventLoop.java:399)
	at org.apache.ratis.thirdparty.io.netty.util.concurrent.SingleThreadEventExecutor$4.run(SingleThreadEventExecutor.java:998)
	at org.apache.ratis.thirdparty.io.netty.util.internal.ThreadExecutorMap$2.run(ThreadExecutorMap.java:74)
	at org.apache.ratis.thirdparty.io.netty.util.concurrent.FastThreadLocalRunnable.run(FastThreadLocalRunnable.java:30)
	at java.base/java.lang.Thread.run(Thread.java:1583)
2025-09-27 09:19:54,984 [18da7ee6-49f7-45ee-8090-861a49f32d36-ClosePipelineCommandHandlerThread-0] INFO  server.RaftServer (RaftServerProxy.java:remove(116)) - 18da7ee6-49f7-45ee-8090-861a49f32d36: remove    LEADER (RUNNING): 18da7ee6-49f7-45ee-8090-861a49f32d36@group-F78CC9DDB469:t2, leader=18da7ee6-49f7-45ee-8090-861a49f32d36, voted=18da7ee6-49f7-45ee-8090-861a49f32d36, raftlog=Memoized:18da7ee6-49f7-45ee-8090-861a49f32d36@group-F78CC9DDB469-SegmentedRaftLog:OPENED:c0:last(t:2, i:0), conf=conf: {index: 0, cur=peers:[83932d67-4fdc-4fe4-8fe1-3df6c3f1844a|127.0.0.1:15023, 18da7ee6-49f7-45ee-8090-861a49f32d36|127.0.0.1:15031, c792898a-1981-4e29-8158-41294c472b61|127.0.0.1:15015]|listeners:[], old=null}
2025-09-27 09:19:54,984 [18da7ee6-49f7-45ee-8090-861a49f32d36-ClosePipelineCommandHandlerThread-0] INFO  server.RaftServer$Division (RaftServerImpl.java:lambda$close$1(527)) - 18da7ee6-49f7-45ee-8090-861a49f32d36@group-F78CC9DDB469: shutdown
2025-09-27 09:19:54,984 [18da7ee6-49f7-45ee-8090-861a49f32d36-ClosePipelineCommandHandlerThread-0] INFO  util.JmxRegister (JmxRegister.java:unregister(74)) - Successfully un-registered JMX Bean with object name Ratis:service=RaftServer,group=group-F78CC9DDB469,id=18da7ee6-49f7-45ee-8090-861a49f32d36
2025-09-27 09:19:54,984 [18da7ee6-49f7-45ee-8090-861a49f32d36-ClosePipelineCommandHandlerThread-0] INFO  impl.RoleInfo (RoleInfo.java:shutdownLeaderState(103)) - 18da7ee6-49f7-45ee-8090-861a49f32d36: shutdown 18da7ee6-49f7-45ee-8090-861a49f32d36@group-F78CC9DDB469-LeaderStateImpl
2025-09-27 09:19:54,984 [18da7ee6-49f7-45ee-8090-861a49f32d36-ClosePipelineCommandHandlerThread-0] INFO  impl.PendingRequests (PendingRequests.java:sendNotLeaderResponses(287)) - 18da7ee6-49f7-45ee-8090-861a49f32d36@group-F78CC9DDB469-PendingRequests: sendNotLeaderResponses
2025-09-27 09:19:54,985 [18da7ee6-49f7-45ee-8090-861a49f32d36@group-F78CC9DDB469->c792898a-1981-4e29-8158-41294c472b61-GrpcLogAppender-LogAppenderDaemon] WARN  server.GrpcLogAppender (GrpcLogAppender.java:mayWait(300)) - 18da7ee6-49f7-45ee-8090-861a49f32d36@group-F78CC9DDB469->c792898a-1981-4e29-8158-41294c472b61-GrpcLogAppender: Wait interrupted by java.lang.InterruptedException
2025-09-27 09:19:54,984 [18da7ee6-49f7-45ee-8090-861a49f32d36@group-F78CC9DDB469->83932d67-4fdc-4fe4-8fe1-3df6c3f1844a-GrpcLogAppender-LogAppenderDaemon] WARN  server.GrpcLogAppender (GrpcLogAppender.java:mayWait(300)) - 18da7ee6-49f7-45ee-8090-861a49f32d36@group-F78CC9DDB469->83932d67-4fdc-4fe4-8fe1-3df6c3f1844a-GrpcLogAppender: Wait interrupted by java.lang.InterruptedException
2025-09-27 09:19:54,986 [18da7ee6-49f7-45ee-8090-861a49f32d36-ClosePipelineCommandHandlerThread-0] INFO  impl.StateMachineUpdater (StateMachineUpdater.java:stopAndJoin(163)) - 18da7ee6-49f7-45ee-8090-861a49f32d36@group-F78CC9DDB469-StateMachineUpdater: set stopIndex = 0
2025-09-27 09:19:54,986 [18da7ee6-49f7-45ee-8090-861a49f32d36@group-F78CC9DDB469-StateMachineUpdater] INFO  ratis.ContainerStateMachine (ContainerStateMachine.java:takeSnapshot(427)) - group-F78CC9DDB469: Taking a snapshot at:(t:2, i:0) file /home/runner/work/ozone/ozone/hadoop-ozone/integration-test/target/test-dir/MiniOzoneClusterImpl-871b4ddd-f672-4be1-b73a-1629492f36a3/ozone-metadata/datanode-3/ratis/72238b95-a3bd-4b17-94ed-f78cc9ddb469/sm/snapshot.2_0
2025-09-27 09:19:54,987 [grpc-default-executor-0] INFO  server.GrpcServerProtocolService (GrpcServerProtocolService.java:lambda$onCompleted$6(171)) - 83932d67-4fdc-4fe4-8fe1-3df6c3f1844a: Completed APPEND_ENTRIES, lastRequest: 18da7ee6-49f7-45ee-8090-861a49f32d36->83932d67-4fdc-4fe4-8fe1-3df6c3f1844a#1-t2,previous=<PROTO_DEFAULT>,leaderCommit=-1,initializing? false,entries: size=1, first=(t:2, i:0), CONFIGURATIONENTRY(current:id:"83932d67-4fdc-4fe4-8fe1-3df6c3f1844a"address:"127.0.0.1:15023"dataStreamAddress:"127.0.0.1:15024"clientAddress:"127.0.0.1:15021"adminAddress:"127.0.0.1:15022"startupRole:FOLLOWER, id:"18da7ee6-49f7-45ee-8090-861a49f32d36"address:"127.0.0.1:15031"dataStreamAddress:"127.0.0.1:15032"clientAddress:"127.0.0.1:15029"adminAddress:"127.0.0.1:15030"startupRole:FOLLOWER, id:"c792898a-1981-4e29-8158-41294c472b61"address:"127.0.0.1:15015"priority:1dataStreamAddress:"127.0.0.1:15016"clientAddress:"127.0.0.1:15013"adminAddress:"127.0.0.1:15014"startupRole:FOLLOWER, old:) 
2025-09-27 09:19:54,988 [grpc-default-executor-1] INFO  server.GrpcLogAppender (GrpcLogAppender.java:onCompleted(558)) - 18da7ee6-49f7-45ee-8090-861a49f32d36@group-F78CC9DDB469->83932d67-4fdc-4fe4-8fe1-3df6c3f1844a-AppendLogResponseHandler: follower responses appendEntries COMPLETED
2025-09-27 09:19:54,989 [18da7ee6-49f7-45ee-8090-861a49f32d36@group-F78CC9DDB469-StateMachineUpdater] INFO  ratis.ContainerStateMachine (ContainerStateMachine.java:takeSnapshot(436)) - group-F78CC9DDB469: Finished taking a snapshot at:(t:2, i:0) file:/home/runner/work/ozone/ozone/hadoop-ozone/integration-test/target/test-dir/MiniOzoneClusterImpl-871b4ddd-f672-4be1-b73a-1629492f36a3/ozone-metadata/datanode-3/ratis/72238b95-a3bd-4b17-94ed-f78cc9ddb469/sm/snapshot.2_0 took: 2 ms
2025-09-27 09:19:54,989 [18da7ee6-49f7-45ee-8090-861a49f32d36@group-F78CC9DDB469-StateMachineUpdater] INFO  impl.StateMachineUpdater (StateMachineUpdater.java:takeSnapshot(307)) - 18da7ee6-49f7-45ee-8090-861a49f32d36@group-F78CC9DDB469-StateMachineUpdater: Took a snapshot at index 0
2025-09-27 09:19:54,989 [18da7ee6-49f7-45ee-8090-861a49f32d36@group-F78CC9DDB469-StateMachineUpdater] INFO  impl.StateMachineUpdater (StateMachineUpdater.java:lambda$new$0(101)) - 18da7ee6-49f7-45ee-8090-861a49f32d36@group-F78CC9DDB469-StateMachineUpdater: snapshotIndex: updateIncreasingly -1 -> 0
2025-09-27 09:19:54,989 [18da7ee6-49f7-45ee-8090-861a49f32d36@group-F78CC9DDB469-StateMachineUpdater] INFO  impl.StateMachineUpdater (StateMachineUpdater.java:stop(140)) - 18da7ee6-49f7-45ee-8090-861a49f32d36@group-F78CC9DDB469-StateMachineUpdater: closing ContainerStateMachine, lastApplied=(t:2, i:0)
2025-09-27 09:19:54,990 [18da7ee6-49f7-45ee-8090-861a49f32d36@group-F78CC9DDB469-cacheEviction-AwaitToRun] INFO  util.AwaitToRun (AwaitToRun.java:run(49)) - 18da7ee6-49f7-45ee-8090-861a49f32d36@group-F78CC9DDB469-cacheEviction-AwaitToRun-AwaitForSignal is interrupted
2025-09-27 09:19:54,990 [grpc-default-executor-2] INFO  server.GrpcServerProtocolService (GrpcServerProtocolService.java:lambda$null$7(175)) - 83932d67-4fdc-4fe4-8fe1-3df6c3f1844a: Completed APPEND_ENTRIES, lastReply: serverReply {
  requestorId: "18da7ee6-49f7-45ee-8090-861a49f32d36"
  replyId: "83932d67-4fdc-4fe4-8fe1-3df6c3f1844a"
  raftGroupId {
    id: "r#\213\225\243\275K\027\224\355\367\214\311\335\264i"
  }
  success: true
}
term: 2
followerCommit: 18446744073709551615
matchIndex: 18446744073709551615
isHearbeat: true
 
2025-09-27 09:19:54,990 [grpc-default-executor-1] INFO  server.GrpcLogAppender (GrpcLogAppender.java:onCompleted(558)) - 18da7ee6-49f7-45ee-8090-861a49f32d36@group-F78CC9DDB469->83932d67-4fdc-4fe4-8fe1-3df6c3f1844a-AppendLogResponseHandler: follower responses appendEntries COMPLETED
2025-09-27 09:19:55,649 [grpc-default-executor-2] INFO  server.RaftServer (RaftServerProxy.java:remove(116)) - 18da7ee6-49f7-45ee-8090-861a49f32d36: remove    LEADER (RUNNING): 18da7ee6-49f7-45ee-8090-861a49f32d36@group-5F01EAE184E2:t1, leader=18da7ee6-49f7-45ee-8090-861a49f32d36, voted=18da7ee6-49f7-45ee-8090-861a49f32d36, raftlog=Memoized:18da7ee6-49f7-45ee-8090-861a49f32d36@group-5F01EAE184E2-SegmentedRaftLog:OPENED:c0:last(t:1, i:0), conf=conf: {index: 0, cur=peers:[83932d67-4fdc-4fe4-8fe1-3df6c3f1844a|127.0.0.1:15023, 18da7ee6-49f7-45ee-8090-861a49f32d36|127.0.0.1:15031, c792898a-1981-4e29-8158-41294c472b61|127.0.0.1:15015]|listeners:[], old=null}
2025-09-27 09:19:55,649 [grpc-default-executor-2] INFO  server.RaftServer$Division (RaftServerImpl.java:lambda$close$1(527)) - 18da7ee6-49f7-45ee-8090-861a49f32d36@group-5F01EAE184E2: shutdown
2025-09-27 09:19:55,649 [grpc-default-executor-2] INFO  util.JmxRegister (JmxRegister.java:unregister(74)) - Successfully un-registered JMX Bean with object name Ratis:service=RaftServer,group=group-5F01EAE184E2,id=18da7ee6-49f7-45ee-8090-861a49f32d36
2025-09-27 09:19:55,649 [grpc-default-executor-2] INFO  impl.RoleInfo (RoleInfo.java:shutdownLeaderState(103)) - 18da7ee6-49f7-45ee-8090-861a49f32d36: shutdown 18da7ee6-49f7-45ee-8090-861a49f32d36@group-5F01EAE184E2-LeaderStateImpl
2025-09-27 09:19:55,649 [18da7ee6-49f7-45ee-8090-861a49f32d36@group-5F01EAE184E2->c792898a-1981-4e29-8158-41294c472b61-GrpcLogAppender-LogAppenderDaemon] WARN  server.GrpcLogAppender (GrpcLogAppender.java:mayWait(300)) - 18da7ee6-49f7-45ee-8090-861a49f32d36@group-5F01EAE184E2->c792898a-1981-4e29-8158-41294c472b61-GrpcLogAppender: Wait interrupted by java.lang.InterruptedException
2025-09-27 09:19:55,649 [grpc-default-executor-2] INFO  impl.PendingRequests (PendingRequests.java:sendNotLeaderResponses(287)) - 18da7ee6-49f7-45ee-8090-861a49f32d36@group-5F01EAE184E2-PendingRequests: sendNotLeaderResponses
2025-09-27 09:19:55,649 [18da7ee6-49f7-45ee-8090-861a49f32d36@group-5F01EAE184E2->83932d67-4fdc-4fe4-8fe1-3df6c3f1844a-GrpcLogAppender-LogAppenderDaemon] WARN  server.GrpcLogAppender (GrpcLogAppender.java:mayWait(300)) - 18da7ee6-49f7-45ee-8090-861a49f32d36@group-5F01EAE184E2->83932d67-4fdc-4fe4-8fe1-3df6c3f1844a-GrpcLogAppender: Wait interrupted by java.lang.InterruptedException
2025-09-27 09:19:55,651 [grpc-default-executor-1] INFO  server.GrpcLogAppender (GrpcLogAppender.java:onCompleted(558)) - 18da7ee6-49f7-45ee-8090-861a49f32d36@group-5F01EAE184E2->83932d67-4fdc-4fe4-8fe1-3df6c3f1844a-AppendLogResponseHandler: follower responses appendEntries COMPLETED
2025-09-27 09:19:55,652 [grpc-default-executor-2] INFO  impl.StateMachineUpdater (StateMachineUpdater.java:stopAndJoin(163)) - 18da7ee6-49f7-45ee-8090-861a49f32d36@group-5F01EAE184E2-StateMachineUpdater: set stopIndex = 0
2025-09-27 09:19:55,652 [grpc-default-executor-1] INFO  server.GrpcLogAppender (GrpcLogAppender.java:onCompleted(558)) - 18da7ee6-49f7-45ee-8090-861a49f32d36@group-5F01EAE184E2->83932d67-4fdc-4fe4-8fe1-3df6c3f1844a-AppendLogResponseHandler: follower responses appendEntries COMPLETED
2025-09-27 09:19:55,652 [18da7ee6-49f7-45ee-8090-861a49f32d36@group-5F01EAE184E2-StateMachineUpdater] INFO  ratis.ContainerStateMachine (ContainerStateMachine.java:takeSnapshot(427)) - group-5F01EAE184E2: Taking a snapshot at:(t:1, i:0) file /home/runner/work/ozone/ozone/hadoop-ozone/integration-test/target/test-dir/MiniOzoneClusterImpl-871b4ddd-f672-4be1-b73a-1629492f36a3/ozone-metadata/datanode-3/ratis/59202f93-fb69-4c18-9e9a-5f01eae184e2/sm/snapshot.1_0
2025-09-27 09:19:55,652 [18da7ee6-49f7-45ee-8090-861a49f32d36@group-5F01EAE184E2-StateMachineUpdater] INFO  ratis.ContainerStateMachine (ContainerStateMachine.java:takeSnapshot(436)) - group-5F01EAE184E2: Finished taking a snapshot at:(t:1, i:0) file:/home/runner/work/ozone/ozone/hadoop-ozone/integration-test/target/test-dir/MiniOzoneClusterImpl-871b4ddd-f672-4be1-b73a-1629492f36a3/ozone-metadata/datanode-3/ratis/59202f93-fb69-4c18-9e9a-5f01eae184e2/sm/snapshot.1_0 took: 1 ms
2025-09-27 09:19:55,653 [18da7ee6-49f7-45ee-8090-861a49f32d36@group-5F01EAE184E2-StateMachineUpdater] INFO  impl.StateMachineUpdater (StateMachineUpdater.java:takeSnapshot(307)) - 18da7ee6-49f7-45ee-8090-861a49f32d36@group-5F01EAE184E2-StateMachineUpdater: Took a snapshot at index 0
2025-09-27 09:19:55,653 [18da7ee6-49f7-45ee-8090-861a49f32d36@group-5F01EAE184E2-StateMachineUpdater] INFO  impl.StateMachineUpdater (StateMachineUpdater.java:lambda$new$0(101)) - 18da7ee6-49f7-45ee-8090-861a49f32d36@group-5F01EAE184E2-StateMachineUpdater: snapshotIndex: updateIncreasingly -1 -> 0
2025-09-27 09:19:55,653 [18da7ee6-49f7-45ee-8090-861a49f32d36@group-5F01EAE184E2-StateMachineUpdater] INFO  impl.StateMachineUpdater (StateMachineUpdater.java:stop(140)) - 18da7ee6-49f7-45ee-8090-861a49f32d36@group-5F01EAE184E2-StateMachineUpdater: closing ContainerStateMachine, lastApplied=(t:1, i:0)
2025-09-27 09:19:55,653 [18da7ee6-49f7-45ee-8090-861a49f32d36@group-5F01EAE184E2-cacheEviction-AwaitToRun] INFO  util.AwaitToRun (AwaitToRun.java:run(49)) - 18da7ee6-49f7-45ee-8090-861a49f32d36@group-5F01EAE184E2-cacheEviction-AwaitToRun-AwaitForSignal is interrupted
2025-09-27 09:19:55,929 [pool-247-thread-1] INFO  utils.DatanodeStoreCache (DatanodeStoreCache.java:shutdownCache(110)) - Skip clearing cache in mini cluster mode. Entries left: [/home/runner/work/ozone/ozone/hadoop-ozone/integration-test/target/test-dir/MiniOzoneClusterImpl-871b4ddd-f672-4be1-b73a-1629492f36a3/ozone-metadata/datanode-1/data-0/hdds/871b4ddd-f672-4be1-b73a-1629492f36a3/DS-fcf56c94-fe42-4682-9086-0e4c16550f46/container.db, /home/runner/work/ozone/ozone/hadoop-ozone/integration-test/target/test-dir/MiniOzoneClusterImpl-871b4ddd-f672-4be1-b73a-1629492f36a3/ozone-metadata/datanode-2/data-0/hdds/871b4ddd-f672-4be1-b73a-1629492f36a3/DS-87da36f0-b236-497a-b24b-37e08580f9c0/container.db, /home/runner/work/ozone/ozone/hadoop-ozone/integration-test/target/test-dir/MiniOzoneClusterImpl-871b4ddd-f672-4be1-b73a-1629492f36a3/ozone-metadata/datanode-3/data-0/hdds/871b4ddd-f672-4be1-b73a-1629492f36a3/DS-925521e0-9fa7-4811-a5d2-a45ad9207c43/container.db, /home/runner/work/ozone/ozone/hadoop-ozone/integration-test/target/test-dir/MiniOzoneClusterImpl-871b4ddd-f672-4be1-b73a-1629492f36a3/ozone-metadata/datanode-4/data-0/hdds/871b4ddd-f672-4be1-b73a-1629492f36a3/DS-499424a7-f530-45a2-8617-47f83db5a171/container.db, /home/runner/work/ozone/ozone/hadoop-ozone/integration-test/target/test-dir/MiniOzoneClusterImpl-871b4ddd-f672-4be1-b73a-1629492f36a3/ozone-metadata/datanode-5/data-0/hdds/871b4ddd-f672-4be1-b73a-1629492f36a3/DS-7c5296ac-e05a-4079-84e3-446642ac84cc/container.db]
2025-09-27 09:19:55,932 [pool-247-thread-1] INFO  utils.DatanodeStoreCache (DatanodeStoreCache.java:removeDB(104)) - Removed db /home/runner/work/ozone/ozone/hadoop-ozone/integration-test/target/test-dir/MiniOzoneClusterImpl-871b4ddd-f672-4be1-b73a-1629492f36a3/ozone-metadata/datanode-1/data-0/hdds/871b4ddd-f672-4be1-b73a-1629492f36a3/DS-fcf56c94-fe42-4682-9086-0e4c16550f46/container.db from cache
2025-09-27 09:19:55,932 [pool-247-thread-1] INFO  volume.HddsVolume (HddsVolume.java:closeDbStore(609)) - SchemaV3 db is stopped at /home/runner/work/ozone/ozone/hadoop-ozone/integration-test/target/test-dir/MiniOzoneClusterImpl-871b4ddd-f672-4be1-b73a-1629492f36a3/ozone-metadata/datanode-1/data-0/hdds/871b4ddd-f672-4be1-b73a-1629492f36a3/DS-fcf56c94-fe42-4682-9086-0e4c16550f46/container.db for volume DS-fcf56c94-fe42-4682-9086-0e4c16550f46
2025-09-27 09:19:55,932 [pool-247-thread-1] INFO  utils.BackgroundService (BackgroundService.java:shutdown(195)) - Shutting down service BlockDeletingService
2025-09-27 09:19:55,933 [pool-247-thread-1] INFO  utils.BackgroundService (BackgroundService.java:shutdown(195)) - Shutting down service StaleRecoveringContainerScrubbingService
2025-09-27 09:19:55,934 [pool-247-thread-1] INFO  statemachine.DatanodeStateMachine (DatanodeStateMachine.java:stopDaemon(654)) - Ozone container server stopped.
2025-09-27 09:19:55,949 [pool-247-thread-1] INFO  handler.ContextHandler (ContextHandler.java:doStop(1159)) - Stopped o.e.j.w.WebAppContext@1ca51bbe{hddsDatanode,/,null,STOPPED}{jar:file:/home/runner/work/ozone/ozone/hadoop-hdds/container-service/target/hdds-container-service-2.1.0-SNAPSHOT.jar!/webapps/hddsDatanode}
2025-09-27 09:19:55,951 [pool-247-thread-1] INFO  server.AbstractConnector (AbstractConnector.java:doStop(383)) - Stopped ServerConnector@1def3e7d{HTTP/1.1, (http/1.1)}{0.0.0.0:15010}
2025-09-27 09:19:55,951 [pool-247-thread-1] INFO  server.session (HouseKeeper.java:stopScavenging(149)) - node0 Stopped scavenging
2025-09-27 09:19:55,951 [pool-247-thread-1] INFO  handler.ContextHandler (ContextHandler.java:doStop(1159)) - Stopped o.e.j.s.ServletContextHandler@53fb805d{static,/static,jar:file:/home/runner/work/ozone/ozone/hadoop-hdds/container-service/target/hdds-container-service-2.1.0-SNAPSHOT.jar!/webapps/static,STOPPED}
2025-09-27 09:19:55,952 [pool-247-thread-1] INFO  handler.ContextHandler (ContextHandler.java:doStop(1159)) - Stopped o.e.j.s.ServletContextHandler@50bb4193{logs,/logs,file:///home/runner/work/ozone/ozone/hadoop-ozone/integration-test/target/log,STOPPED}
2025-09-27 09:19:55,953 [EventQueue-PipelineReportForPipelineReportHandler] INFO  pipeline.PipelineReportHandler (PipelineReportHandler.java:handlePipelineNotFoundException(96)) - Pipeline Pipeline-59202f93-fb69-4c18-9e9a-5f01eae184e2, reported by datanode 18da7ee6-49f7-45ee-8090-861a49f32d36(localhost/127.0.0.1) is not found.
2025-09-27 09:19:55,953 [EventQueue-PipelineReportForPipelineReportHandler] INFO  pipeline.PipelineReportHandler (PipelineReportHandler.java:handlePipelineNotFoundException(96)) - Pipeline Pipeline-166034bd-8cb8-4e48-85d0-c5b96a071f98, reported by datanode 18da7ee6-49f7-45ee-8090-861a49f32d36(localhost/127.0.0.1) is not found.
2025-09-27 09:19:55,954 [pool-247-thread-1] INFO  ozone.HddsDatanodeClientProtocolServer (HddsDatanodeClientProtocolServer.java:stop(82)) - Stopping the RPC server for Client Protocol
2025-09-27 09:19:55,954 [pool-247-thread-1] INFO  ipc.Server (Server.java:stop(3697)) - Stopping server on 15011
2025-09-27 09:19:55,956 [IPC Server listener on 15011] INFO  ipc.Server (Server.java:run(1585)) - Stopping IPC Server listener on 15011
2025-09-27 09:19:55,956 [IPC Server Responder] INFO  ipc.Server (Server.java:run(1718)) - Stopping IPC Server Responder
2025-09-27 09:19:55,967 [18da7ee6-49f7-45ee-8090-861a49f32d36-ClosePipelineCommandHandlerThread-0] INFO  segmented.SegmentedRaftLogWorker (SegmentedRaftLogWorker.java:close(254)) - 18da7ee6-49f7-45ee-8090-861a49f32d36@group-F78CC9DDB469-SegmentedRaftLogWorker close()
2025-09-27 09:19:55,967 [18da7ee6-49f7-45ee-8090-861a49f32d36-ClosePipelineCommandHandlerThread-0] INFO  server.RaftServer$Division (RaftServerImpl.java:groupRemove(497)) - 18da7ee6-49f7-45ee-8090-861a49f32d36@group-F78CC9DDB469: Succeed to remove RaftStorageDirectory Storage Directory /home/runner/work/ozone/ozone/hadoop-ozone/integration-test/target/test-dir/MiniOzoneClusterImpl-871b4ddd-f672-4be1-b73a-1629492f36a3/ozone-metadata/datanode-3/ratis/72238b95-a3bd-4b17-94ed-f78cc9ddb469
2025-09-27 09:19:55,967 [18da7ee6-49f7-45ee-8090-861a49f32d36-ClosePipelineCommandHandlerThread-0] INFO  commandhandler.ClosePipelineCommandHandler (ClosePipelineCommandHandler.java:lambda$handle$2(166)) - Close Pipeline Pipeline-72238b95-a3bd-4b17-94ed-f78cc9ddb469 command on datanode 18da7ee6-49f7-45ee-8090-861a49f32d36(localhost/127.0.0.1).
2025-09-27 09:19:55,973 [grpc-default-executor-1] INFO  server.RaftServer (RaftServerProxy.java:remove(116)) - 83932d67-4fdc-4fe4-8fe1-3df6c3f1844a: remove    LEADER (RUNNING): 83932d67-4fdc-4fe4-8fe1-3df6c3f1844a@group-C5B96A071F98:t1, leader=83932d67-4fdc-4fe4-8fe1-3df6c3f1844a, voted=83932d67-4fdc-4fe4-8fe1-3df6c3f1844a, raftlog=Memoized:83932d67-4fdc-4fe4-8fe1-3df6c3f1844a@group-C5B96A071F98-SegmentedRaftLog:OPENED:c0:last(t:1, i:0), conf=conf: {index: 0, cur=peers:[83932d67-4fdc-4fe4-8fe1-3df6c3f1844a|127.0.0.1:15023, 18da7ee6-49f7-45ee-8090-861a49f32d36|127.0.0.1:15031, c792898a-1981-4e29-8158-41294c472b61|127.0.0.1:15015]|listeners:[], old=null}
2025-09-27 09:19:55,973 [grpc-default-executor-1] INFO  server.RaftServer$Division (RaftServerImpl.java:lambda$close$1(527)) - 83932d67-4fdc-4fe4-8fe1-3df6c3f1844a@group-C5B96A071F98: shutdown
2025-09-27 09:19:55,973 [grpc-default-executor-1] INFO  util.JmxRegister (JmxRegister.java:unregister(74)) - Successfully un-registered JMX Bean with object name Ratis:service=RaftServer,group=group-C5B96A071F98,id=83932d67-4fdc-4fe4-8fe1-3df6c3f1844a
2025-09-27 09:19:55,973 [grpc-default-executor-1] INFO  impl.RoleInfo (RoleInfo.java:shutdownLeaderState(103)) - 83932d67-4fdc-4fe4-8fe1-3df6c3f1844a: shutdown 83932d67-4fdc-4fe4-8fe1-3df6c3f1844a@group-C5B96A071F98-LeaderStateImpl
2025-09-27 09:19:55,973 [grpc-default-executor-1] INFO  impl.PendingRequests (PendingRequests.java:sendNotLeaderResponses(287)) - 83932d67-4fdc-4fe4-8fe1-3df6c3f1844a@group-C5B96A071F98-PendingRequests: sendNotLeaderResponses
2025-09-27 09:19:55,974 [83932d67-4fdc-4fe4-8fe1-3df6c3f1844a@group-C5B96A071F98->18da7ee6-49f7-45ee-8090-861a49f32d36-GrpcLogAppender-LogAppenderDaemon] WARN  server.GrpcLogAppender (GrpcLogAppender.java:mayWait(300)) - 83932d67-4fdc-4fe4-8fe1-3df6c3f1844a@group-C5B96A071F98->18da7ee6-49f7-45ee-8090-861a49f32d36-GrpcLogAppender: Wait interrupted by java.lang.InterruptedException
2025-09-27 09:19:55,974 [83932d67-4fdc-4fe4-8fe1-3df6c3f1844a@group-C5B96A071F98->c792898a-1981-4e29-8158-41294c472b61-GrpcLogAppender-LogAppenderDaemon] WARN  server.GrpcLogAppender (GrpcLogAppender.java:mayWait(300)) - 83932d67-4fdc-4fe4-8fe1-3df6c3f1844a@group-C5B96A071F98->c792898a-1981-4e29-8158-41294c472b61-GrpcLogAppender: Wait interrupted by java.lang.InterruptedException
2025-09-27 09:19:55,975 [grpc-default-executor-1] INFO  impl.StateMachineUpdater (StateMachineUpdater.java:stopAndJoin(163)) - 83932d67-4fdc-4fe4-8fe1-3df6c3f1844a@group-C5B96A071F98-StateMachineUpdater: set stopIndex = 0
2025-09-27 09:19:55,975 [grpc-default-executor-5] INFO  server.GrpcServerProtocolService (GrpcServerProtocolService.java:lambda$null$7(175)) - 18da7ee6-49f7-45ee-8090-861a49f32d36: Completed APPEND_ENTRIES, lastReply: null 
2025-09-27 09:19:55,975 [grpc-default-executor-0] INFO  server.GrpcServerProtocolService (GrpcServerProtocolService.java:lambda$onCompleted$6(171)) - 18da7ee6-49f7-45ee-8090-861a49f32d36: Completed APPEND_ENTRIES, lastRequest: null 
2025-09-27 09:19:55,975 [83932d67-4fdc-4fe4-8fe1-3df6c3f1844a@group-C5B96A071F98-StateMachineUpdater] INFO  ratis.ContainerStateMachine (ContainerStateMachine.java:takeSnapshot(427)) - group-C5B96A071F98: Taking a snapshot at:(t:1, i:0) file /home/runner/work/ozone/ozone/hadoop-ozone/integration-test/target/test-dir/MiniOzoneClusterImpl-871b4ddd-f672-4be1-b73a-1629492f36a3/ozone-metadata/datanode-2/ratis/166034bd-8cb8-4e48-85d0-c5b96a071f98/sm/snapshot.1_0
2025-09-27 09:19:55,976 [grpc-default-executor-3] INFO  server.GrpcLogAppender (GrpcLogAppender.java:onCompleted(558)) - 83932d67-4fdc-4fe4-8fe1-3df6c3f1844a@group-C5B96A071F98->18da7ee6-49f7-45ee-8090-861a49f32d36-AppendLogResponseHandler: follower responses appendEntries COMPLETED
2025-09-27 09:19:55,976 [grpc-default-executor-5] INFO  server.GrpcLogAppender (GrpcLogAppender.java:onCompleted(558)) - 83932d67-4fdc-4fe4-8fe1-3df6c3f1844a@group-C5B96A071F98->18da7ee6-49f7-45ee-8090-861a49f32d36-AppendLogResponseHandler: follower responses appendEntries COMPLETED
2025-09-27 09:19:55,978 [83932d67-4fdc-4fe4-8fe1-3df6c3f1844a@group-C5B96A071F98-StateMachineUpdater] INFO  ratis.ContainerStateMachine (ContainerStateMachine.java:takeSnapshot(436)) - group-C5B96A071F98: Finished taking a snapshot at:(t:1, i:0) file:/home/runner/work/ozone/ozone/hadoop-ozone/integration-test/target/test-dir/MiniOzoneClusterImpl-871b4ddd-f672-4be1-b73a-1629492f36a3/ozone-metadata/datanode-2/ratis/166034bd-8cb8-4e48-85d0-c5b96a071f98/sm/snapshot.1_0 took: 2 ms
2025-09-27 09:19:55,978 [83932d67-4fdc-4fe4-8fe1-3df6c3f1844a@group-C5B96A071F98-StateMachineUpdater] INFO  impl.StateMachineUpdater (StateMachineUpdater.java:takeSnapshot(307)) - 83932d67-4fdc-4fe4-8fe1-3df6c3f1844a@group-C5B96A071F98-StateMachineUpdater: Took a snapshot at index 0
2025-09-27 09:19:55,978 [83932d67-4fdc-4fe4-8fe1-3df6c3f1844a@group-C5B96A071F98-StateMachineUpdater] INFO  impl.StateMachineUpdater (StateMachineUpdater.java:lambda$new$0(101)) - 83932d67-4fdc-4fe4-8fe1-3df6c3f1844a@group-C5B96A071F98-StateMachineUpdater: snapshotIndex: updateIncreasingly -1 -> 0
2025-09-27 09:19:55,978 [83932d67-4fdc-4fe4-8fe1-3df6c3f1844a@group-C5B96A071F98-StateMachineUpdater] INFO  impl.StateMachineUpdater (StateMachineUpdater.java:stop(140)) - 83932d67-4fdc-4fe4-8fe1-3df6c3f1844a@group-C5B96A071F98-StateMachineUpdater: closing ContainerStateMachine, lastApplied=(t:1, i:0)
2025-09-27 09:19:55,979 [83932d67-4fdc-4fe4-8fe1-3df6c3f1844a@group-C5B96A071F98-cacheEviction-AwaitToRun] INFO  util.AwaitToRun (AwaitToRun.java:run(49)) - 83932d67-4fdc-4fe4-8fe1-3df6c3f1844a@group-C5B96A071F98-cacheEviction-AwaitToRun-AwaitForSignal is interrupted
2025-09-27 09:19:56,047 [grpc-default-executor-2] INFO  segmented.SegmentedRaftLogWorker (SegmentedRaftLogWorker.java:close(254)) - 18da7ee6-49f7-45ee-8090-861a49f32d36@group-5F01EAE184E2-SegmentedRaftLogWorker close()
2025-09-27 09:19:56,048 [grpc-default-executor-2] INFO  server.RaftServer$Division (RaftServerImpl.java:groupRemove(497)) - 18da7ee6-49f7-45ee-8090-861a49f32d36@group-5F01EAE184E2: Succeed to remove RaftStorageDirectory Storage Directory /home/runner/work/ozone/ozone/hadoop-ozone/integration-test/target/test-dir/MiniOzoneClusterImpl-871b4ddd-f672-4be1-b73a-1629492f36a3/ozone-metadata/datanode-3/ratis/59202f93-fb69-4c18-9e9a-5f01eae184e2
2025-09-27 09:19:56,054 [83932d67-4fdc-4fe4-8fe1-3df6c3f1844a-ClosePipelineCommandHandlerThread-0] WARN  commandhandler.ClosePipelineCommandHandler (ClosePipelineCommandHandler.java:lambda$handle$1(158)) - Failed to remove group group-5F01EAE184E2 of pipeline Pipeline-59202f93-fb69-4c18-9e9a-5f01eae184e2 on peer c792898a-1981-4e29-8158-41294c472b61
java.io.IOException: org.apache.ratis.thirdparty.io.grpc.StatusRuntimeException: UNAVAILABLE: io exception
	at org.apache.ratis.grpc.GrpcUtil.unwrapException(GrpcUtil.java:99)
	at org.apache.ratis.grpc.client.GrpcClientProtocolClient.blockingCall(GrpcClientProtocolClient.java:226)
	at org.apache.ratis.grpc.client.GrpcClientProtocolClient.groupAdd(GrpcClientProtocolClient.java:173)
	at org.apache.ratis.grpc.client.GrpcClientRpc.sendRequest(GrpcClientRpc.java:98)
	at org.apache.ratis.client.impl.BlockingImpl.sendRequest(BlockingImpl.java:147)
	at org.apache.ratis.client.impl.BlockingImpl.sendRequestWithRetry(BlockingImpl.java:109)
	at org.apache.ratis.client.impl.GroupManagementImpl.remove(GroupManagementImpl.java:61)
	at org.apache.hadoop.ozone.container.common.statemachine.commandhandler.ClosePipelineCommandHandler.lambda$handle$1(ClosePipelineCommandHandler.java:150)
	at java.base/java.util.stream.ForEachOps$ForEachOp$OfRef.accept(ForEachOps.java:184)
	at java.base/java.util.stream.ReferencePipeline$2$1.accept(ReferencePipeline.java:179)
	at java.base/java.util.HashMap$ValueSpliterator.forEachRemaining(HashMap.java:1787)
	at java.base/java.util.stream.AbstractPipeline.copyInto(AbstractPipeline.java:509)
	at java.base/java.util.stream.AbstractPipeline.wrapAndCopyInto(AbstractPipeline.java:499)
	at java.base/java.util.stream.ForEachOps$ForEachOp.evaluateSequential(ForEachOps.java:151)
	at java.base/java.util.stream.ForEachOps$ForEachOp$OfRef.evaluateSequential(ForEachOps.java:174)
	at java.base/java.util.stream.AbstractPipeline.evaluate(AbstractPipeline.java:234)
	at java.base/java.util.stream.ReferencePipeline.forEach(ReferencePipeline.java:596)
	at org.apache.hadoop.ozone.container.common.statemachine.commandhandler.ClosePipelineCommandHandler.lambda$handle$2(ClosePipelineCommandHandler.java:147)
	at java.base/java.util.concurrent.CompletableFuture$AsyncRun.run(CompletableFuture.java:1804)
	at java.base/java.util.concurrent.ThreadPoolExecutor.runWorker(ThreadPoolExecutor.java:1144)
	at java.base/java.util.concurrent.ThreadPoolExecutor$Worker.run(ThreadPoolExecutor.java:642)
	at java.base/java.lang.Thread.run(Thread.java:1583)
Caused by: org.apache.ratis.thirdparty.io.grpc.StatusRuntimeException: UNAVAILABLE: io exception
	at org.apache.ratis.thirdparty.io.grpc.stub.ClientCalls.toStatusRuntimeException(ClientCalls.java:351)
	at org.apache.ratis.thirdparty.io.grpc.stub.ClientCalls.getUnchecked(ClientCalls.java:332)
	at org.apache.ratis.thirdparty.io.grpc.stub.ClientCalls.blockingUnaryCall(ClientCalls.java:174)
	at org.apache.ratis.proto.grpc.AdminProtocolServiceGrpc$AdminProtocolServiceBlockingStub.groupManagement(AdminProtocolServiceGrpc.java:555)
	at org.apache.ratis.grpc.client.GrpcClientProtocolClient.lambda$groupAdd$6(GrpcClientProtocolClient.java:175)
	at org.apache.ratis.grpc.client.GrpcClientProtocolClient.blockingCall(GrpcClientProtocolClient.java:224)
	... 20 more
Caused by: org.apache.ratis.thirdparty.io.netty.channel.AbstractChannel$AnnotatedConnectException: finishConnect(..) failed: Connection refused: /127.0.0.1:15014
Caused by: java.net.ConnectException: finishConnect(..) failed: Connection refused
	at org.apache.ratis.thirdparty.io.netty.channel.unix.Errors.newConnectException0(Errors.java:166)
	at org.apache.ratis.thirdparty.io.netty.channel.unix.Errors.handleConnectErrno(Errors.java:131)
	at org.apache.ratis.thirdparty.io.netty.channel.unix.Socket.finishConnect(Socket.java:359)
	at org.apache.ratis.thirdparty.io.netty.channel.epoll.AbstractEpollChannel$AbstractEpollUnsafe.doFinishConnect(AbstractEpollChannel.java:715)
	at org.apache.ratis.thirdparty.io.netty.channel.epoll.AbstractEpollChannel$AbstractEpollUnsafe.finishConnect(AbstractEpollChannel.java:692)
	at org.apache.ratis.thirdparty.io.netty.channel.epoll.AbstractEpollChannel$AbstractEpollUnsafe.epollOutReady(AbstractEpollChannel.java:567)
	at org.apache.ratis.thirdparty.io.netty.channel.epoll.EpollEventLoop.processReady(EpollEventLoop.java:491)
	at org.apache.ratis.thirdparty.io.netty.channel.epoll.EpollEventLoop.run(EpollEventLoop.java:399)
	at org.apache.ratis.thirdparty.io.netty.util.concurrent.SingleThreadEventExecutor$4.run(SingleThreadEventExecutor.java:998)
	at org.apache.ratis.thirdparty.io.netty.util.internal.ThreadExecutorMap$2.run(ThreadExecutorMap.java:74)
	at org.apache.ratis.thirdparty.io.netty.util.concurrent.FastThreadLocalRunnable.run(FastThreadLocalRunnable.java:30)
	at java.base/java.lang.Thread.run(Thread.java:1583)
2025-09-27 09:19:56,055 [83932d67-4fdc-4fe4-8fe1-3df6c3f1844a-ClosePipelineCommandHandlerThread-0] INFO  server.RaftServer (RaftServerProxy.java:remove(116)) - 83932d67-4fdc-4fe4-8fe1-3df6c3f1844a: remove  FOLLOWER (RUNNING): 83932d67-4fdc-4fe4-8fe1-3df6c3f1844a@group-5F01EAE184E2:t1, leader=18da7ee6-49f7-45ee-8090-861a49f32d36, voted=18da7ee6-49f7-45ee-8090-861a49f32d36, raftlog=Memoized:83932d67-4fdc-4fe4-8fe1-3df6c3f1844a@group-5F01EAE184E2-SegmentedRaftLog:OPENED:c0:last(t:1, i:0), conf=conf: {index: 0, cur=peers:[83932d67-4fdc-4fe4-8fe1-3df6c3f1844a|127.0.0.1:15023, 18da7ee6-49f7-45ee-8090-861a49f32d36|127.0.0.1:15031, c792898a-1981-4e29-8158-41294c472b61|127.0.0.1:15015]|listeners:[], old=null}
2025-09-27 09:19:56,055 [83932d67-4fdc-4fe4-8fe1-3df6c3f1844a-ClosePipelineCommandHandlerThread-0] INFO  server.RaftServer$Division (RaftServerImpl.java:lambda$close$1(527)) - 83932d67-4fdc-4fe4-8fe1-3df6c3f1844a@group-5F01EAE184E2: shutdown
2025-09-27 09:19:56,055 [83932d67-4fdc-4fe4-8fe1-3df6c3f1844a-ClosePipelineCommandHandlerThread-0] INFO  util.JmxRegister (JmxRegister.java:unregister(74)) - Successfully un-registered JMX Bean with object name Ratis:service=RaftServer,group=group-5F01EAE184E2,id=83932d67-4fdc-4fe4-8fe1-3df6c3f1844a
2025-09-27 09:19:56,055 [83932d67-4fdc-4fe4-8fe1-3df6c3f1844a-ClosePipelineCommandHandlerThread-0] INFO  impl.RoleInfo (RoleInfo.java:shutdownFollowerState(121)) - 83932d67-4fdc-4fe4-8fe1-3df6c3f1844a: shutdown 83932d67-4fdc-4fe4-8fe1-3df6c3f1844a@group-5F01EAE184E2-FollowerState
2025-09-27 09:19:56,055 [83932d67-4fdc-4fe4-8fe1-3df6c3f1844a-ClosePipelineCommandHandlerThread-0] INFO  impl.StateMachineUpdater (StateMachineUpdater.java:stopAndJoin(163)) - 83932d67-4fdc-4fe4-8fe1-3df6c3f1844a@group-5F01EAE184E2-StateMachineUpdater: set stopIndex = 0
2025-09-27 09:19:56,055 [83932d67-4fdc-4fe4-8fe1-3df6c3f1844a@group-5F01EAE184E2-StateMachineUpdater] INFO  ratis.ContainerStateMachine (ContainerStateMachine.java:takeSnapshot(427)) - group-5F01EAE184E2: Taking a snapshot at:(t:1, i:0) file /home/runner/work/ozone/ozone/hadoop-ozone/integration-test/target/test-dir/MiniOzoneClusterImpl-871b4ddd-f672-4be1-b73a-1629492f36a3/ozone-metadata/datanode-2/ratis/59202f93-fb69-4c18-9e9a-5f01eae184e2/sm/snapshot.1_0
2025-09-27 09:19:56,055 [83932d67-4fdc-4fe4-8fe1-3df6c3f1844a@group-5F01EAE184E2-FollowerState] INFO  impl.FollowerState (FollowerState.java:runImpl(170)) - 83932d67-4fdc-4fe4-8fe1-3df6c3f1844a@group-5F01EAE184E2-FollowerState was interrupted
2025-09-27 09:19:56,056 [83932d67-4fdc-4fe4-8fe1-3df6c3f1844a@group-5F01EAE184E2-StateMachineUpdater] INFO  ratis.ContainerStateMachine (ContainerStateMachine.java:takeSnapshot(436)) - group-5F01EAE184E2: Finished taking a snapshot at:(t:1, i:0) file:/home/runner/work/ozone/ozone/hadoop-ozone/integration-test/target/test-dir/MiniOzoneClusterImpl-871b4ddd-f672-4be1-b73a-1629492f36a3/ozone-metadata/datanode-2/ratis/59202f93-fb69-4c18-9e9a-5f01eae184e2/sm/snapshot.1_0 took: 1 ms
2025-09-27 09:19:56,056 [83932d67-4fdc-4fe4-8fe1-3df6c3f1844a@group-5F01EAE184E2-StateMachineUpdater] INFO  impl.StateMachineUpdater (StateMachineUpdater.java:takeSnapshot(307)) - 83932d67-4fdc-4fe4-8fe1-3df6c3f1844a@group-5F01EAE184E2-StateMachineUpdater: Took a snapshot at index 0
2025-09-27 09:19:56,056 [83932d67-4fdc-4fe4-8fe1-3df6c3f1844a@group-5F01EAE184E2-StateMachineUpdater] INFO  impl.StateMachineUpdater (StateMachineUpdater.java:lambda$new$0(101)) - 83932d67-4fdc-4fe4-8fe1-3df6c3f1844a@group-5F01EAE184E2-StateMachineUpdater: snapshotIndex: updateIncreasingly -1 -> 0
2025-09-27 09:19:56,056 [83932d67-4fdc-4fe4-8fe1-3df6c3f1844a@group-5F01EAE184E2-StateMachineUpdater] INFO  impl.StateMachineUpdater (StateMachineUpdater.java:stop(140)) - 83932d67-4fdc-4fe4-8fe1-3df6c3f1844a@group-5F01EAE184E2-StateMachineUpdater: closing ContainerStateMachine, lastApplied=(t:1, i:0)
2025-09-27 09:19:56,057 [83932d67-4fdc-4fe4-8fe1-3df6c3f1844a@group-5F01EAE184E2-cacheEviction-AwaitToRun] INFO  util.AwaitToRun (AwaitToRun.java:run(49)) - 83932d67-4fdc-4fe4-8fe1-3df6c3f1844a@group-5F01EAE184E2-cacheEviction-AwaitToRun-AwaitForSignal is interrupted
2025-09-27 09:19:56,068 [83932d67-4fdc-4fe4-8fe1-3df6c3f1844a-ClosePipelineCommandHandlerThread-0] INFO  segmented.SegmentedRaftLogWorker (SegmentedRaftLogWorker.java:close(254)) - 83932d67-4fdc-4fe4-8fe1-3df6c3f1844a@group-5F01EAE184E2-SegmentedRaftLogWorker close()
2025-09-27 09:19:56,068 [83932d67-4fdc-4fe4-8fe1-3df6c3f1844a-ClosePipelineCommandHandlerThread-0] INFO  server.RaftServer$Division (RaftServerImpl.java:groupRemove(497)) - 83932d67-4fdc-4fe4-8fe1-3df6c3f1844a@group-5F01EAE184E2: Succeed to remove RaftStorageDirectory Storage Directory /home/runner/work/ozone/ozone/hadoop-ozone/integration-test/target/test-dir/MiniOzoneClusterImpl-871b4ddd-f672-4be1-b73a-1629492f36a3/ozone-metadata/datanode-2/ratis/59202f93-fb69-4c18-9e9a-5f01eae184e2
2025-09-27 09:19:56,068 [83932d67-4fdc-4fe4-8fe1-3df6c3f1844a-ClosePipelineCommandHandlerThread-0] INFO  commandhandler.ClosePipelineCommandHandler (ClosePipelineCommandHandler.java:lambda$handle$2(166)) - Close Pipeline Pipeline-59202f93-fb69-4c18-9e9a-5f01eae184e2 command on datanode 83932d67-4fdc-4fe4-8fe1-3df6c3f1844a(localhost/127.0.0.1).
2025-09-27 09:19:56,069 [pool-247-thread-1] INFO  ozoneimpl.OzoneContainer (OzoneContainer.java:stop(549)) - Attempting to stop container services.
2025-09-27 09:19:56,069 [ContainerMetadataScanner] WARN  ozoneimpl.AbstractBackgroundContainerScanner (AbstractBackgroundContainerScanner.java:handleRemainingSleep(136)) - Background container scan was interrupted.
2025-09-27 09:19:56,069 [ContainerMetadataScanner] INFO  ozoneimpl.AbstractBackgroundContainerScanner (AbstractBackgroundContainerScanner.java:run(63)) - org.apache.hadoop.ozone.container.ozoneimpl.BackgroundContainerMetadataScanner@2dc34ff6 exiting.
2025-09-27 09:19:56,069 [pool-247-thread-1] INFO  ozoneimpl.BackgroundContainerDataScanner (BackgroundContainerDataScanner.java:shutdown(87)) - ContainerDataScanner(/home/runner/work/ozone/ozone/hadoop-ozone/integration-test/target/test-dir/MiniOzoneClusterImpl-871b4ddd-f672-4be1-b73a-1629492f36a3/ozone-metadata/datanode-2/data-0/hdds) is shutting down. 
2025-09-27 09:19:56,069 [ContainerDataScanner(/home/runner/work/ozone/ozone/hadoop-ozone/integration-test/target/test-dir/MiniOzoneClusterImpl-871b4ddd-f672-4be1-b73a-1629492f36a3/ozone-metadata/datanode-2/data-0/hdds)] WARN  ozoneimpl.AbstractBackgroundContainerScanner (AbstractBackgroundContainerScanner.java:handleRemainingSleep(136)) - Background container scan was interrupted.
2025-09-27 09:19:56,069 [ContainerDataScanner(/home/runner/work/ozone/ozone/hadoop-ozone/integration-test/target/test-dir/MiniOzoneClusterImpl-871b4ddd-f672-4be1-b73a-1629492f36a3/ozone-metadata/datanode-2/data-0/hdds)] INFO  ozoneimpl.AbstractBackgroundContainerScanner (AbstractBackgroundContainerScanner.java:run(63)) - ContainerDataScanner(/home/runner/work/ozone/ozone/hadoop-ozone/integration-test/target/test-dir/MiniOzoneClusterImpl-871b4ddd-f672-4be1-b73a-1629492f36a3/ozone-metadata/datanode-2/data-0/hdds, DS-87da36f0-b236-497a-b24b-37e08580f9c0) exiting.
2025-09-27 09:19:56,069 [pool-247-thread-1] INFO  ozoneimpl.OnDemandContainerScanner (OnDemandContainerScanner.java:shutdown(141)) - On-demand container scanner is shutting down.
2025-09-27 09:19:56,070 [pool-247-thread-1] INFO  ratis.XceiverServerRatis (XceiverServerRatis.java:stop(594)) - Closing XceiverServerRatis(83932d67-4fdc-4fe4-8fe1-3df6c3f1844a)
2025-09-27 09:19:56,070 [pool-247-thread-1] INFO  server.RaftServer (RaftServerProxy.java:lambda$close$9(422)) - 83932d67-4fdc-4fe4-8fe1-3df6c3f1844a: close
2025-09-27 09:19:56,070 [pool-247-thread-1] INFO  server.GrpcServicesImpl (GrpcServicesImpl.java:closeImpl(355)) - 83932d67-4fdc-4fe4-8fe1-3df6c3f1844a: shutdown server org.apache.ratis.grpc.server.GrpcClientProtocolService now
2025-09-27 09:19:56,070 [83932d67-4fdc-4fe4-8fe1-3df6c3f1844a-impl-thread1] INFO  server.RaftServer$Division (RaftServerImpl.java:lambda$close$1(527)) - 83932d67-4fdc-4fe4-8fe1-3df6c3f1844a@group-844398C9211A: shutdown
2025-09-27 09:19:56,070 [83932d67-4fdc-4fe4-8fe1-3df6c3f1844a-impl-thread1] INFO  util.JmxRegister (JmxRegister.java:unregister(74)) - Successfully un-registered JMX Bean with object name Ratis:service=RaftServer,group=group-844398C9211A,id=83932d67-4fdc-4fe4-8fe1-3df6c3f1844a
2025-09-27 09:19:56,070 [83932d67-4fdc-4fe4-8fe1-3df6c3f1844a-impl-thread1] INFO  impl.RoleInfo (RoleInfo.java:shutdownLeaderState(103)) - 83932d67-4fdc-4fe4-8fe1-3df6c3f1844a: shutdown 83932d67-4fdc-4fe4-8fe1-3df6c3f1844a@group-844398C9211A-LeaderStateImpl
2025-09-27 09:19:56,070 [83932d67-4fdc-4fe4-8fe1-3df6c3f1844a-impl-thread1] INFO  impl.PendingRequests (PendingRequests.java:sendNotLeaderResponses(287)) - 83932d67-4fdc-4fe4-8fe1-3df6c3f1844a@group-844398C9211A-PendingRequests: sendNotLeaderResponses
2025-09-27 09:19:56,071 [Thread-793] INFO  server.GrpcServerProtocolClient (GrpcServerProtocolClient.java:close(105)) - 18da7ee6-49f7-45ee-8090-861a49f32d36 Close channels
2025-09-27 09:19:56,071 [Thread-794] INFO  server.GrpcServerProtocolClient (GrpcServerProtocolClient.java:close(105)) - c792898a-1981-4e29-8158-41294c472b61 Close channels
2025-09-27 09:19:56,072 [83932d67-4fdc-4fe4-8fe1-3df6c3f1844a-impl-thread1] INFO  impl.StateMachineUpdater (StateMachineUpdater.java:stopAndJoin(163)) - 83932d67-4fdc-4fe4-8fe1-3df6c3f1844a@group-844398C9211A-StateMachineUpdater: set stopIndex = 0
2025-09-27 09:19:56,072 [pool-247-thread-1] INFO  server.GrpcServicesImpl (GrpcServicesImpl.java:closeImpl(364)) - 83932d67-4fdc-4fe4-8fe1-3df6c3f1844a: shutdown server org.apache.ratis.grpc.server.GrpcClientProtocolService successfully
2025-09-27 09:19:56,072 [pool-247-thread-1] INFO  server.GrpcServicesImpl (GrpcServicesImpl.java:closeImpl(355)) - 83932d67-4fdc-4fe4-8fe1-3df6c3f1844a: shutdown server GrpcServerProtocolService now
2025-09-27 09:19:56,072 [83932d67-4fdc-4fe4-8fe1-3df6c3f1844a@group-844398C9211A-StateMachineUpdater] INFO  ratis.ContainerStateMachine (ContainerStateMachine.java:takeSnapshot(427)) - group-844398C9211A: Taking a snapshot at:(t:1, i:0) file /home/runner/work/ozone/ozone/hadoop-ozone/integration-test/target/test-dir/MiniOzoneClusterImpl-871b4ddd-f672-4be1-b73a-1629492f36a3/ozone-metadata/datanode-2/ratis/d591271a-4e99-47ef-a757-844398c9211a/sm/snapshot.1_0
2025-09-27 09:19:56,073 [pool-247-thread-1] INFO  server.GrpcServicesImpl (GrpcServicesImpl.java:closeImpl(364)) - 83932d67-4fdc-4fe4-8fe1-3df6c3f1844a: shutdown server GrpcServerProtocolService successfully
2025-09-27 09:19:56,073 [pool-247-thread-1] INFO  server.GrpcServicesImpl (GrpcServicesImpl.java:closeImpl(355)) - 83932d67-4fdc-4fe4-8fe1-3df6c3f1844a: shutdown server org.apache.ratis.grpc.server.GrpcAdminProtocolService now
2025-09-27 09:19:56,073 [83932d67-4fdc-4fe4-8fe1-3df6c3f1844a@group-844398C9211A-StateMachineUpdater] INFO  ratis.ContainerStateMachine (ContainerStateMachine.java:takeSnapshot(436)) - group-844398C9211A: Finished taking a snapshot at:(t:1, i:0) file:/home/runner/work/ozone/ozone/hadoop-ozone/integration-test/target/test-dir/MiniOzoneClusterImpl-871b4ddd-f672-4be1-b73a-1629492f36a3/ozone-metadata/datanode-2/ratis/d591271a-4e99-47ef-a757-844398c9211a/sm/snapshot.1_0 took: 1 ms
2025-09-27 09:19:56,074 [83932d67-4fdc-4fe4-8fe1-3df6c3f1844a@group-844398C9211A-StateMachineUpdater] INFO  impl.StateMachineUpdater (StateMachineUpdater.java:takeSnapshot(307)) - 83932d67-4fdc-4fe4-8fe1-3df6c3f1844a@group-844398C9211A-StateMachineUpdater: Took a snapshot at index 0
2025-09-27 09:19:56,074 [83932d67-4fdc-4fe4-8fe1-3df6c3f1844a@group-844398C9211A-StateMachineUpdater] INFO  impl.StateMachineUpdater (StateMachineUpdater.java:lambda$new$0(101)) - 83932d67-4fdc-4fe4-8fe1-3df6c3f1844a@group-844398C9211A-StateMachineUpdater: snapshotIndex: updateIncreasingly -1 -> 0
2025-09-27 09:19:56,074 [83932d67-4fdc-4fe4-8fe1-3df6c3f1844a@group-844398C9211A-StateMachineUpdater] INFO  impl.StateMachineUpdater (StateMachineUpdater.java:stop(140)) - 83932d67-4fdc-4fe4-8fe1-3df6c3f1844a@group-844398C9211A-StateMachineUpdater: closing ContainerStateMachine, lastApplied=(t:1, i:0)
2025-09-27 09:19:56,074 [83932d67-4fdc-4fe4-8fe1-3df6c3f1844a@group-844398C9211A-cacheEviction-AwaitToRun] INFO  util.AwaitToRun (AwaitToRun.java:run(49)) - 83932d67-4fdc-4fe4-8fe1-3df6c3f1844a@group-844398C9211A-cacheEviction-AwaitToRun-AwaitForSignal is interrupted
2025-09-27 09:19:56,075 [pool-247-thread-1] INFO  server.GrpcServicesImpl (GrpcServicesImpl.java:closeImpl(364)) - 83932d67-4fdc-4fe4-8fe1-3df6c3f1844a: shutdown server org.apache.ratis.grpc.server.GrpcAdminProtocolService successfully
2025-09-27 09:19:56,076 [18da7ee6-49f7-45ee-8090-861a49f32d36-ClosePipelineCommandHandlerThread-0] WARN  commandhandler.ClosePipelineCommandHandler (ClosePipelineCommandHandler.java:lambda$handle$1(158)) - Failed to remove group group-C5B96A071F98 of pipeline Pipeline-166034bd-8cb8-4e48-85d0-c5b96a071f98 on peer 83932d67-4fdc-4fe4-8fe1-3df6c3f1844a
java.io.IOException: org.apache.ratis.thirdparty.io.grpc.StatusRuntimeException: CANCELLED: RST_STREAM closed stream. HTTP/2 error code: CANCEL
	at org.apache.ratis.grpc.GrpcUtil.unwrapException(GrpcUtil.java:99)
	at org.apache.ratis.grpc.client.GrpcClientProtocolClient.blockingCall(GrpcClientProtocolClient.java:226)
	at org.apache.ratis.grpc.client.GrpcClientProtocolClient.groupAdd(GrpcClientProtocolClient.java:173)
	at org.apache.ratis.grpc.client.GrpcClientRpc.sendRequest(GrpcClientRpc.java:98)
	at org.apache.ratis.client.impl.BlockingImpl.sendRequest(BlockingImpl.java:147)
	at org.apache.ratis.client.impl.BlockingImpl.sendRequestWithRetry(BlockingImpl.java:109)
	at org.apache.ratis.client.impl.GroupManagementImpl.remove(GroupManagementImpl.java:61)
	at org.apache.hadoop.ozone.container.common.statemachine.commandhandler.ClosePipelineCommandHandler.lambda$handle$1(ClosePipelineCommandHandler.java:150)
	at java.base/java.util.stream.ForEachOps$ForEachOp$OfRef.accept(ForEachOps.java:184)
	at java.base/java.util.stream.ReferencePipeline$2$1.accept(ReferencePipeline.java:179)
	at java.base/java.util.HashMap$ValueSpliterator.forEachRemaining(HashMap.java:1787)
	at java.base/java.util.stream.AbstractPipeline.copyInto(AbstractPipeline.java:509)
	at java.base/java.util.stream.AbstractPipeline.wrapAndCopyInto(AbstractPipeline.java:499)
	at java.base/java.util.stream.ForEachOps$ForEachOp.evaluateSequential(ForEachOps.java:151)
	at java.base/java.util.stream.ForEachOps$ForEachOp$OfRef.evaluateSequential(ForEachOps.java:174)
	at java.base/java.util.stream.AbstractPipeline.evaluate(AbstractPipeline.java:234)
	at java.base/java.util.stream.ReferencePipeline.forEach(ReferencePipeline.java:596)
	at org.apache.hadoop.ozone.container.common.statemachine.commandhandler.ClosePipelineCommandHandler.lambda$handle$2(ClosePipelineCommandHandler.java:147)
	at java.base/java.util.concurrent.CompletableFuture$AsyncRun.run(CompletableFuture.java:1804)
	at java.base/java.util.concurrent.ThreadPoolExecutor.runWorker(ThreadPoolExecutor.java:1144)
	at java.base/java.util.concurrent.ThreadPoolExecutor$Worker.run(ThreadPoolExecutor.java:642)
	at java.base/java.lang.Thread.run(Thread.java:1583)
Caused by: org.apache.ratis.thirdparty.io.grpc.StatusRuntimeException: CANCELLED: RST_STREAM closed stream. HTTP/2 error code: CANCEL
	at org.apache.ratis.thirdparty.io.grpc.stub.ClientCalls.toStatusRuntimeException(ClientCalls.java:351)
	at org.apache.ratis.thirdparty.io.grpc.stub.ClientCalls.getUnchecked(ClientCalls.java:332)
	at org.apache.ratis.thirdparty.io.grpc.stub.ClientCalls.blockingUnaryCall(ClientCalls.java:174)
	at org.apache.ratis.proto.grpc.AdminProtocolServiceGrpc$AdminProtocolServiceBlockingStub.groupManagement(AdminProtocolServiceGrpc.java:555)
	at org.apache.ratis.grpc.client.GrpcClientProtocolClient.lambda$groupAdd$6(GrpcClientProtocolClient.java:175)
	at org.apache.ratis.grpc.client.GrpcClientProtocolClient.blockingCall(GrpcClientProtocolClient.java:224)
	... 20 more
2025-09-27 09:19:56,080 [83932d67-4fdc-4fe4-8fe1-3df6c3f1844a-NettyServerStreamRpc-bossGroup--thread1] INFO  logging.LoggingHandler (AbstractInternalLogger.java:log(148)) - [id: 0x790a7a3c, L:/0.0.0.0:15024] CLOSE
2025-09-27 09:19:56,080 [83932d67-4fdc-4fe4-8fe1-3df6c3f1844a-NettyServerStreamRpc-bossGroup--thread1] INFO  logging.LoggingHandler (AbstractInternalLogger.java:log(148)) - [id: 0x790a7a3c, L:/0.0.0.0:15024] INACTIVE
2025-09-27 09:19:56,080 [83932d67-4fdc-4fe4-8fe1-3df6c3f1844a-NettyServerStreamRpc-bossGroup--thread1] INFO  logging.LoggingHandler (AbstractInternalLogger.java:log(148)) - [id: 0x790a7a3c, L:/0.0.0.0:15024] UNREGISTERED
2025-09-27 09:19:56,082 [18da7ee6-49f7-45ee-8090-861a49f32d36-ClosePipelineCommandHandlerThread-0] WARN  commandhandler.ClosePipelineCommandHandler (ClosePipelineCommandHandler.java:lambda$handle$1(158)) - Failed to remove group group-C5B96A071F98 of pipeline Pipeline-166034bd-8cb8-4e48-85d0-c5b96a071f98 on peer c792898a-1981-4e29-8158-41294c472b61
java.io.IOException: org.apache.ratis.thirdparty.io.grpc.StatusRuntimeException: UNAVAILABLE: io exception
	at org.apache.ratis.grpc.GrpcUtil.unwrapException(GrpcUtil.java:99)
	at org.apache.ratis.grpc.client.GrpcClientProtocolClient.blockingCall(GrpcClientProtocolClient.java:226)
	at org.apache.ratis.grpc.client.GrpcClientProtocolClient.groupAdd(GrpcClientProtocolClient.java:173)
	at org.apache.ratis.grpc.client.GrpcClientRpc.sendRequest(GrpcClientRpc.java:98)
	at org.apache.ratis.client.impl.BlockingImpl.sendRequest(BlockingImpl.java:147)
	at org.apache.ratis.client.impl.BlockingImpl.sendRequestWithRetry(BlockingImpl.java:109)
	at org.apache.ratis.client.impl.GroupManagementImpl.remove(GroupManagementImpl.java:61)
	at org.apache.hadoop.ozone.container.common.statemachine.commandhandler.ClosePipelineCommandHandler.lambda$handle$1(ClosePipelineCommandHandler.java:150)
	at java.base/java.util.stream.ForEachOps$ForEachOp$OfRef.accept(ForEachOps.java:184)
	at java.base/java.util.stream.ReferencePipeline$2$1.accept(ReferencePipeline.java:179)
	at java.base/java.util.HashMap$ValueSpliterator.forEachRemaining(HashMap.java:1787)
	at java.base/java.util.stream.AbstractPipeline.copyInto(AbstractPipeline.java:509)
	at java.base/java.util.stream.AbstractPipeline.wrapAndCopyInto(AbstractPipeline.java:499)
	at java.base/java.util.stream.ForEachOps$ForEachOp.evaluateSequential(ForEachOps.java:151)
	at java.base/java.util.stream.ForEachOps$ForEachOp$OfRef.evaluateSequential(ForEachOps.java:174)
	at java.base/java.util.stream.AbstractPipeline.evaluate(AbstractPipeline.java:234)
	at java.base/java.util.stream.ReferencePipeline.forEach(ReferencePipeline.java:596)
	at org.apache.hadoop.ozone.container.common.statemachine.commandhandler.ClosePipelineCommandHandler.lambda$handle$2(ClosePipelineCommandHandler.java:147)
	at java.base/java.util.concurrent.CompletableFuture$AsyncRun.run(CompletableFuture.java:1804)
	at java.base/java.util.concurrent.ThreadPoolExecutor.runWorker(ThreadPoolExecutor.java:1144)
	at java.base/java.util.concurrent.ThreadPoolExecutor$Worker.run(ThreadPoolExecutor.java:642)
	at java.base/java.lang.Thread.run(Thread.java:1583)
Caused by: org.apache.ratis.thirdparty.io.grpc.StatusRuntimeException: UNAVAILABLE: io exception
	at org.apache.ratis.thirdparty.io.grpc.stub.ClientCalls.toStatusRuntimeException(ClientCalls.java:351)
	at org.apache.ratis.thirdparty.io.grpc.stub.ClientCalls.getUnchecked(ClientCalls.java:332)
	at org.apache.ratis.thirdparty.io.grpc.stub.ClientCalls.blockingUnaryCall(ClientCalls.java:174)
	at org.apache.ratis.proto.grpc.AdminProtocolServiceGrpc$AdminProtocolServiceBlockingStub.groupManagement(AdminProtocolServiceGrpc.java:555)
	at org.apache.ratis.grpc.client.GrpcClientProtocolClient.lambda$groupAdd$6(GrpcClientProtocolClient.java:175)
	at org.apache.ratis.grpc.client.GrpcClientProtocolClient.blockingCall(GrpcClientProtocolClient.java:224)
	... 20 more
Caused by: org.apache.ratis.thirdparty.io.netty.channel.AbstractChannel$AnnotatedConnectException: finishConnect(..) failed: Connection refused: /127.0.0.1:15014
Caused by: java.net.ConnectException: finishConnect(..) failed: Connection refused
	at org.apache.ratis.thirdparty.io.netty.channel.unix.Errors.newConnectException0(Errors.java:166)
	at org.apache.ratis.thirdparty.io.netty.channel.unix.Errors.handleConnectErrno(Errors.java:131)
	at org.apache.ratis.thirdparty.io.netty.channel.unix.Socket.finishConnect(Socket.java:359)
	at org.apache.ratis.thirdparty.io.netty.channel.epoll.AbstractEpollChannel$AbstractEpollUnsafe.doFinishConnect(AbstractEpollChannel.java:715)
	at org.apache.ratis.thirdparty.io.netty.channel.epoll.AbstractEpollChannel$AbstractEpollUnsafe.finishConnect(AbstractEpollChannel.java:692)
	at org.apache.ratis.thirdparty.io.netty.channel.epoll.AbstractEpollChannel$AbstractEpollUnsafe.epollOutReady(AbstractEpollChannel.java:567)
	at org.apache.ratis.thirdparty.io.netty.channel.epoll.EpollEventLoop.processReady(EpollEventLoop.java:491)
	at org.apache.ratis.thirdparty.io.netty.channel.epoll.EpollEventLoop.run(EpollEventLoop.java:399)
	at org.apache.ratis.thirdparty.io.netty.util.concurrent.SingleThreadEventExecutor$4.run(SingleThreadEventExecutor.java:998)
	at org.apache.ratis.thirdparty.io.netty.util.internal.ThreadExecutorMap$2.run(ThreadExecutorMap.java:74)
	at org.apache.ratis.thirdparty.io.netty.util.concurrent.FastThreadLocalRunnable.run(FastThreadLocalRunnable.java:30)
	at java.base/java.lang.Thread.run(Thread.java:1583)
2025-09-27 09:19:56,083 [18da7ee6-49f7-45ee-8090-861a49f32d36-ClosePipelineCommandHandlerThread-0] INFO  server.RaftServer (RaftServerProxy.java:remove(116)) - 18da7ee6-49f7-45ee-8090-861a49f32d36: remove  FOLLOWER (RUNNING): 18da7ee6-49f7-45ee-8090-861a49f32d36@group-C5B96A071F98:t1, leader=83932d67-4fdc-4fe4-8fe1-3df6c3f1844a, voted=83932d67-4fdc-4fe4-8fe1-3df6c3f1844a, raftlog=Memoized:18da7ee6-49f7-45ee-8090-861a49f32d36@group-C5B96A071F98-SegmentedRaftLog:OPENED:c0:last(t:1, i:0), conf=conf: {index: 0, cur=peers:[83932d67-4fdc-4fe4-8fe1-3df6c3f1844a|127.0.0.1:15023, 18da7ee6-49f7-45ee-8090-861a49f32d36|127.0.0.1:15031, c792898a-1981-4e29-8158-41294c472b61|127.0.0.1:15015]|listeners:[], old=null}
2025-09-27 09:19:56,083 [18da7ee6-49f7-45ee-8090-861a49f32d36-ClosePipelineCommandHandlerThread-0] INFO  server.RaftServer$Division (RaftServerImpl.java:lambda$close$1(527)) - 18da7ee6-49f7-45ee-8090-861a49f32d36@group-C5B96A071F98: shutdown
2025-09-27 09:19:56,083 [18da7ee6-49f7-45ee-8090-861a49f32d36-ClosePipelineCommandHandlerThread-0] INFO  util.JmxRegister (JmxRegister.java:unregister(74)) - Successfully un-registered JMX Bean with object name Ratis:service=RaftServer,group=group-C5B96A071F98,id=18da7ee6-49f7-45ee-8090-861a49f32d36
2025-09-27 09:19:56,083 [18da7ee6-49f7-45ee-8090-861a49f32d36-ClosePipelineCommandHandlerThread-0] INFO  impl.RoleInfo (RoleInfo.java:shutdownFollowerState(121)) - 18da7ee6-49f7-45ee-8090-861a49f32d36: shutdown 18da7ee6-49f7-45ee-8090-861a49f32d36@group-C5B96A071F98-FollowerState
2025-09-27 09:19:56,083 [18da7ee6-49f7-45ee-8090-861a49f32d36-ClosePipelineCommandHandlerThread-0] INFO  impl.StateMachineUpdater (StateMachineUpdater.java:stopAndJoin(163)) - 18da7ee6-49f7-45ee-8090-861a49f32d36@group-C5B96A071F98-StateMachineUpdater: set stopIndex = 0
2025-09-27 09:19:56,084 [18da7ee6-49f7-45ee-8090-861a49f32d36@group-C5B96A071F98-FollowerState] INFO  impl.FollowerState (FollowerState.java:runImpl(170)) - 18da7ee6-49f7-45ee-8090-861a49f32d36@group-C5B96A071F98-FollowerState was interrupted
2025-09-27 09:19:56,084 [18da7ee6-49f7-45ee-8090-861a49f32d36@group-C5B96A071F98-StateMachineUpdater] INFO  ratis.ContainerStateMachine (ContainerStateMachine.java:takeSnapshot(427)) - group-C5B96A071F98: Taking a snapshot at:(t:1, i:0) file /home/runner/work/ozone/ozone/hadoop-ozone/integration-test/target/test-dir/MiniOzoneClusterImpl-871b4ddd-f672-4be1-b73a-1629492f36a3/ozone-metadata/datanode-3/ratis/166034bd-8cb8-4e48-85d0-c5b96a071f98/sm/snapshot.1_0
2025-09-27 09:19:56,085 [18da7ee6-49f7-45ee-8090-861a49f32d36@group-C5B96A071F98-StateMachineUpdater] INFO  ratis.ContainerStateMachine (ContainerStateMachine.java:takeSnapshot(436)) - group-C5B96A071F98: Finished taking a snapshot at:(t:1, i:0) file:/home/runner/work/ozone/ozone/hadoop-ozone/integration-test/target/test-dir/MiniOzoneClusterImpl-871b4ddd-f672-4be1-b73a-1629492f36a3/ozone-metadata/datanode-3/ratis/166034bd-8cb8-4e48-85d0-c5b96a071f98/sm/snapshot.1_0 took: 1 ms
2025-09-27 09:19:56,085 [18da7ee6-49f7-45ee-8090-861a49f32d36@group-C5B96A071F98-StateMachineUpdater] INFO  impl.StateMachineUpdater (StateMachineUpdater.java:takeSnapshot(307)) - 18da7ee6-49f7-45ee-8090-861a49f32d36@group-C5B96A071F98-StateMachineUpdater: Took a snapshot at index 0
2025-09-27 09:19:56,085 [18da7ee6-49f7-45ee-8090-861a49f32d36@group-C5B96A071F98-StateMachineUpdater] INFO  impl.StateMachineUpdater (StateMachineUpdater.java:lambda$new$0(101)) - 18da7ee6-49f7-45ee-8090-861a49f32d36@group-C5B96A071F98-StateMachineUpdater: snapshotIndex: updateIncreasingly -1 -> 0
2025-09-27 09:19:56,086 [18da7ee6-49f7-45ee-8090-861a49f32d36@group-C5B96A071F98-StateMachineUpdater] INFO  impl.StateMachineUpdater (StateMachineUpdater.java:stop(140)) - 18da7ee6-49f7-45ee-8090-861a49f32d36@group-C5B96A071F98-StateMachineUpdater: closing ContainerStateMachine, lastApplied=(t:1, i:0)
2025-09-27 09:19:56,086 [18da7ee6-49f7-45ee-8090-861a49f32d36@group-C5B96A071F98-cacheEviction-AwaitToRun] INFO  util.AwaitToRun (AwaitToRun.java:run(49)) - 18da7ee6-49f7-45ee-8090-861a49f32d36@group-C5B96A071F98-cacheEviction-AwaitToRun-AwaitForSignal is interrupted
2025-09-27 09:19:56,655 [83932d67-4fdc-4fe4-8fe1-3df6c3f1844a-impl-thread1] INFO  segmented.SegmentedRaftLogWorker (SegmentedRaftLogWorker.java:close(254)) - 83932d67-4fdc-4fe4-8fe1-3df6c3f1844a@group-844398C9211A-SegmentedRaftLogWorker close()
2025-09-27 09:19:56,655 [83932d67-4fdc-4fe4-8fe1-3df6c3f1844a-impl-thread1] INFO  ratis.ContainerStateMachine (ContainerStateMachine.java:notifyServerShutdown(1038)) - group-844398C9211A is closed by HddsDatanodeService
2025-09-27 09:19:56,655 [JvmPauseMonitor4] INFO  util.JvmPauseMonitor (JvmPauseMonitor.java:run(152)) - JvmPauseMonitor-83932d67-4fdc-4fe4-8fe1-3df6c3f1844a: Stopped
2025-09-27 09:19:56,658 [grpc-default-executor-1] INFO  segmented.SegmentedRaftLogWorker (SegmentedRaftLogWorker.java:close(254)) - 83932d67-4fdc-4fe4-8fe1-3df6c3f1844a@group-C5B96A071F98-SegmentedRaftLogWorker close()
2025-09-27 09:19:56,659 [grpc-default-executor-1] INFO  server.RaftServer$Division (RaftServerImpl.java:groupRemove(497)) - 83932d67-4fdc-4fe4-8fe1-3df6c3f1844a@group-C5B96A071F98: Succeed to remove RaftStorageDirectory Storage Directory /home/runner/work/ozone/ozone/hadoop-ozone/integration-test/target/test-dir/MiniOzoneClusterImpl-871b4ddd-f672-4be1-b73a-1629492f36a3/ozone-metadata/datanode-2/ratis/166034bd-8cb8-4e48-85d0-c5b96a071f98
2025-09-27 09:19:56,696 [18da7ee6-49f7-45ee-8090-861a49f32d36-ClosePipelineCommandHandlerThread-0] INFO  segmented.SegmentedRaftLogWorker (SegmentedRaftLogWorker.java:close(254)) - 18da7ee6-49f7-45ee-8090-861a49f32d36@group-C5B96A071F98-SegmentedRaftLogWorker close()
2025-09-27 09:19:56,697 [18da7ee6-49f7-45ee-8090-861a49f32d36-ClosePipelineCommandHandlerThread-0] INFO  server.RaftServer$Division (RaftServerImpl.java:groupRemove(497)) - 18da7ee6-49f7-45ee-8090-861a49f32d36@group-C5B96A071F98: Succeed to remove RaftStorageDirectory Storage Directory /home/runner/work/ozone/ozone/hadoop-ozone/integration-test/target/test-dir/MiniOzoneClusterImpl-871b4ddd-f672-4be1-b73a-1629492f36a3/ozone-metadata/datanode-3/ratis/166034bd-8cb8-4e48-85d0-c5b96a071f98
2025-09-27 09:19:56,697 [18da7ee6-49f7-45ee-8090-861a49f32d36-ClosePipelineCommandHandlerThread-0] INFO  commandhandler.ClosePipelineCommandHandler (ClosePipelineCommandHandler.java:lambda$handle$2(166)) - Close Pipeline Pipeline-166034bd-8cb8-4e48-85d0-c5b96a071f98 command on datanode 18da7ee6-49f7-45ee-8090-861a49f32d36(localhost/127.0.0.1).
2025-09-27 09:19:57,959 [ForkJoinPool-1-worker-1] INFO  ozone.MiniOzoneClusterImpl (MiniOzoneClusterImpl.java:shutdown(373)) - Shutting down the Mini Ozone Cluster
2025-09-27 09:19:57,960 [ForkJoinPool-1-worker-1] INFO  db.CodecTestUtil (CodecTestUtil.java:gc(50)) - gc 0
2025-09-27 09:19:58,121 [ForkJoinPool-1-worker-1] INFO  ozone.MiniOzoneClusterImpl (MiniOzoneClusterImpl.java:stop(389)) - Stopping the Mini Ozone Cluster
2025-09-27 09:19:58,121 [ForkJoinPool-1-worker-1] INFO  om.OzoneManager (OzoneManager.java:stop(2382)) - om1[localhost:15006]: Stopping Ozone Manager
2025-09-27 09:19:58,121 [ForkJoinPool-1-worker-1] INFO  ipc.Server (Server.java:stop(3697)) - Stopping server on 15006
2025-09-27 09:19:58,123 [IPC Server listener on 15006] INFO  ipc.Server (Server.java:run(1585)) - Stopping IPC Server listener on 15006
2025-09-27 09:19:58,123 [IPC Server Responder] INFO  ipc.Server (Server.java:run(1718)) - Stopping IPC Server Responder
2025-09-27 09:19:58,124 [ForkJoinPool-1-worker-1] INFO  ratis.OzoneManagerRatisServer (OzoneManagerRatisServer.java:stop(679)) - Stopping org.apache.hadoop.ozone.om.ratis.OzoneManagerRatisServer@6575d1e0 at port 15009
2025-09-27 09:19:58,124 [ForkJoinPool-1-worker-1] INFO  server.RaftServer (RaftServerProxy.java:lambda$close$9(422)) - om1: close
2025-09-27 09:19:58,125 [ForkJoinPool-1-worker-1] INFO  server.GrpcServicesImpl (GrpcServicesImpl.java:closeImpl(355)) - om1: shutdown server GrpcServerProtocolService now
2025-09-27 09:19:58,125 [om1-impl-thread1] INFO  server.RaftServer$Division (RaftServerImpl.java:lambda$close$1(527)) - om1@group-C5BA1605619E: shutdown
2025-09-27 09:19:58,125 [om1-impl-thread1] INFO  util.JmxRegister (JmxRegister.java:unregister(74)) - Successfully un-registered JMX Bean with object name Ratis:service=RaftServer,group=group-C5BA1605619E,id=om1
2025-09-27 09:19:58,125 [om1-impl-thread1] INFO  impl.RoleInfo (RoleInfo.java:shutdownLeaderState(103)) - om1: shutdown om1@group-C5BA1605619E-LeaderStateImpl
2025-09-27 09:19:58,126 [om1-impl-thread1] INFO  impl.PendingRequests (PendingRequests.java:sendNotLeaderResponses(287)) - om1@group-C5BA1605619E-PendingRequests: sendNotLeaderResponses
2025-09-27 09:19:58,126 [ForkJoinPool-1-worker-1] INFO  server.GrpcServicesImpl (GrpcServicesImpl.java:closeImpl(364)) - om1: shutdown server GrpcServerProtocolService successfully
2025-09-27 09:19:58,126 [om1-impl-thread1] INFO  impl.StateMachineUpdater (StateMachineUpdater.java:stopAndJoin(163)) - om1@group-C5BA1605619E-StateMachineUpdater: set stopIndex = 0
2025-09-27 09:19:58,145 [om1@group-C5BA1605619E-StateMachineUpdater] INFO  ratis.OzoneManagerStateMachine (OzoneManagerStateMachine.java:takeSnapshotImpl(525)) - om1: taking snapshot. applied = (t:1, i:0), skipped = -1, notified = (t:1, i:0), current snapshot index = (t:1, i:0), took 19 ms
2025-09-27 09:19:58,146 [om1@group-C5BA1605619E-StateMachineUpdater] INFO  impl.StateMachineUpdater (StateMachineUpdater.java:takeSnapshot(307)) - om1@group-C5BA1605619E-StateMachineUpdater: Took a snapshot at index 0
2025-09-27 09:19:58,146 [om1@group-C5BA1605619E-StateMachineUpdater] INFO  impl.StateMachineUpdater (StateMachineUpdater.java:lambda$new$0(101)) - om1@group-C5BA1605619E-StateMachineUpdater: snapshotIndex: updateIncreasingly -1 -> 0
2025-09-27 09:19:58,146 [om1@group-C5BA1605619E-StateMachineUpdater] INFO  impl.StateMachineUpdater (StateMachineUpdater.java:stop(140)) - om1@group-C5BA1605619E-StateMachineUpdater: closing OzoneManagerStateMachine, lastApplied=(t:1, i:0)
2025-09-27 09:19:58,146 [om1@group-C5BA1605619E-StateMachineUpdater] INFO  ratis.OzoneManagerStateMachine (OzoneManagerStateMachine.java:close(565)) - Stopping OzoneManagerStateMachine:om1:group-C5BA1605619E.
2025-09-27 09:19:58,146 [om1@group-C5BA1605619E-StateMachineUpdater] INFO  ratis.OzoneManagerDoubleBuffer (OzoneManagerDoubleBuffer.java:stopDaemon(499)) - Stopping OMDoubleBuffer flush thread
2025-09-27 09:19:58,146 [om1-OMDoubleBufferFlushThread] INFO  ratis.OzoneManagerDoubleBuffer (OzoneManagerDoubleBuffer.java:canFlush(558)) - OMDoubleBuffer flush thread om1-OMDoubleBufferFlushThread is interrupted and will exit.
2025-09-27 09:19:58,147 [om1@group-C5BA1605619E-cacheEviction-AwaitToRun] INFO  util.AwaitToRun (AwaitToRun.java:run(49)) - om1@group-C5BA1605619E-cacheEviction-AwaitToRun-AwaitForSignal is interrupted
2025-09-27 09:19:58,659 [pool-247-thread-1] INFO  utils.DatanodeStoreCache (DatanodeStoreCache.java:shutdownCache(110)) - Skip clearing cache in mini cluster mode. Entries left: [/home/runner/work/ozone/ozone/hadoop-ozone/integration-test/target/test-dir/MiniOzoneClusterImpl-871b4ddd-f672-4be1-b73a-1629492f36a3/ozone-metadata/datanode-2/data-0/hdds/871b4ddd-f672-4be1-b73a-1629492f36a3/DS-87da36f0-b236-497a-b24b-37e08580f9c0/container.db, /home/runner/work/ozone/ozone/hadoop-ozone/integration-test/target/test-dir/MiniOzoneClusterImpl-871b4ddd-f672-4be1-b73a-1629492f36a3/ozone-metadata/datanode-3/data-0/hdds/871b4ddd-f672-4be1-b73a-1629492f36a3/DS-925521e0-9fa7-4811-a5d2-a45ad9207c43/container.db, /home/runner/work/ozone/ozone/hadoop-ozone/integration-test/target/test-dir/MiniOzoneClusterImpl-871b4ddd-f672-4be1-b73a-1629492f36a3/ozone-metadata/datanode-4/data-0/hdds/871b4ddd-f672-4be1-b73a-1629492f36a3/DS-499424a7-f530-45a2-8617-47f83db5a171/container.db, /home/runner/work/ozone/ozone/hadoop-ozone/integration-test/target/test-dir/MiniOzoneClusterImpl-871b4ddd-f672-4be1-b73a-1629492f36a3/ozone-metadata/datanode-5/data-0/hdds/871b4ddd-f672-4be1-b73a-1629492f36a3/DS-7c5296ac-e05a-4079-84e3-446642ac84cc/container.db]
2025-09-27 09:19:58,660 [pool-247-thread-1] INFO  utils.DatanodeStoreCache (DatanodeStoreCache.java:removeDB(104)) - Removed db /home/runner/work/ozone/ozone/hadoop-ozone/integration-test/target/test-dir/MiniOzoneClusterImpl-871b4ddd-f672-4be1-b73a-1629492f36a3/ozone-metadata/datanode-2/data-0/hdds/871b4ddd-f672-4be1-b73a-1629492f36a3/DS-87da36f0-b236-497a-b24b-37e08580f9c0/container.db from cache
2025-09-27 09:19:58,660 [pool-247-thread-1] INFO  volume.HddsVolume (HddsVolume.java:closeDbStore(609)) - SchemaV3 db is stopped at /home/runner/work/ozone/ozone/hadoop-ozone/integration-test/target/test-dir/MiniOzoneClusterImpl-871b4ddd-f672-4be1-b73a-1629492f36a3/ozone-metadata/datanode-2/data-0/hdds/871b4ddd-f672-4be1-b73a-1629492f36a3/DS-87da36f0-b236-497a-b24b-37e08580f9c0/container.db for volume DS-87da36f0-b236-497a-b24b-37e08580f9c0
2025-09-27 09:19:58,660 [pool-247-thread-1] INFO  utils.BackgroundService (BackgroundService.java:shutdown(195)) - Shutting down service BlockDeletingService
2025-09-27 09:19:58,661 [pool-247-thread-1] INFO  utils.BackgroundService (BackgroundService.java:shutdown(195)) - Shutting down service StaleRecoveringContainerScrubbingService
2025-09-27 09:19:58,662 [pool-247-thread-1] INFO  statemachine.DatanodeStateMachine (DatanodeStateMachine.java:stopDaemon(654)) - Ozone container server stopped.
2025-09-27 09:19:58,675 [pool-247-thread-1] INFO  handler.ContextHandler (ContextHandler.java:doStop(1159)) - Stopped o.e.j.w.WebAppContext@627fccab{hddsDatanode,/,null,STOPPED}{jar:file:/home/runner/work/ozone/ozone/hadoop-hdds/container-service/target/hdds-container-service-2.1.0-SNAPSHOT.jar!/webapps/hddsDatanode}
2025-09-27 09:19:58,676 [pool-247-thread-1] INFO  server.AbstractConnector (AbstractConnector.java:doStop(383)) - Stopped ServerConnector@7e769a6c{HTTP/1.1, (http/1.1)}{0.0.0.0:15018}
2025-09-27 09:19:58,676 [pool-247-thread-1] INFO  server.session (HouseKeeper.java:stopScavenging(149)) - node0 Stopped scavenging
2025-09-27 09:19:58,676 [pool-247-thread-1] INFO  handler.ContextHandler (ContextHandler.java:doStop(1159)) - Stopped o.e.j.s.ServletContextHandler@723aafe4{static,/static,jar:file:/home/runner/work/ozone/ozone/hadoop-hdds/container-service/target/hdds-container-service-2.1.0-SNAPSHOT.jar!/webapps/static,STOPPED}
2025-09-27 09:19:58,676 [pool-247-thread-1] INFO  handler.ContextHandler (ContextHandler.java:doStop(1159)) - Stopped o.e.j.s.ServletContextHandler@79d891e9{logs,/logs,file:///home/runner/work/ozone/ozone/hadoop-ozone/integration-test/target/log,STOPPED}
2025-09-27 09:19:58,677 [pool-247-thread-1] INFO  ozone.HddsDatanodeClientProtocolServer (HddsDatanodeClientProtocolServer.java:stop(82)) - Stopping the RPC server for Client Protocol
2025-09-27 09:19:58,677 [pool-247-thread-1] INFO  ipc.Server (Server.java:stop(3697)) - Stopping server on 15019
2025-09-27 09:19:58,679 [IPC Server listener on 15019] INFO  ipc.Server (Server.java:run(1585)) - Stopping IPC Server listener on 15019
2025-09-27 09:19:58,679 [IPC Server Responder] INFO  ipc.Server (Server.java:run(1718)) - Stopping IPC Server Responder
2025-09-27 09:19:58,721 [EventQueue-StaleNodeForStaleNodeHandler] INFO  node.StaleNodeHandler (StaleNodeHandler.java:onMessage(51)) - Datanode 83932d67-4fdc-4fe4-8fe1-3df6c3f1844a(localhost/127.0.0.1) moved to stale state. Finalizing its pipelines [Pipeline-d591271a-4e99-47ef-a757-844398c9211a]
2025-09-27 09:19:58,725 [EventQueue-StaleNodeForStaleNodeHandler] INFO  pipeline.PipelineManagerImpl (PipelineManagerImpl.java:closePipeline(511)) - Pipeline Pipeline-d591271a-4e99-47ef-a757-844398c9211a moved to CLOSED state
2025-09-27 09:19:58,904 [timer1] WARN  server.GrpcLogAppender (LogUtils.java:warn(127)) - 83932d67-4fdc-4fe4-8fe1-3df6c3f1844a@group-C5B96A071F98->c792898a-1981-4e29-8158-41294c472b61-AppendLogResponseHandler: Failed appendEntries (Repeated 6 times in the last 5.000s): org.apache.ratis.thirdparty.io.grpc.StatusRuntimeException: UNAVAILABLE: io exception
  Caused by: org.apache.ratis.thirdparty.io.netty.channel.AbstractChannel$AnnotatedConnectException: finishConnect(..) failed: Connection refused: /127.0.0.1:15015
  Caused by: java.net.ConnectException: finishConnect(..) failed: Connection refused
2025-09-27 09:19:58,906 [timer2] WARN  server.GrpcLogAppender (GrpcLogAppender.java:lambda$resetClient$1(228)) - 83932d67-4fdc-4fe4-8fe1-3df6c3f1844a@group-C5B96A071F98->c792898a-1981-4e29-8158-41294c472b61-GrpcLogAppender: Follower failed (request=null, errorCount=6); keep nextIndex (1) unchanged and retry. (Repeated 9 times in the last 5.000s)
2025-09-27 09:19:58,907 [timer4] WARN  server.GrpcLogAppender (GrpcLogAppender.java:lambda$resetClient$1(228)) - 18da7ee6-49f7-45ee-8090-861a49f32d36@group-5F01EAE184E2->c792898a-1981-4e29-8158-41294c472b61-GrpcLogAppender: Follower failed (request=null, errorCount=12); keep nextIndex (0) unchanged and retry. (Repeated 8 times in the last 5.000s)
2025-09-27 09:19:58,907 [timer3] WARN  server.GrpcLogAppender (LogUtils.java:warn(127)) - 18da7ee6-49f7-45ee-8090-861a49f32d36@group-5F01EAE184E2->c792898a-1981-4e29-8158-41294c472b61-AppendLogResponseHandler: Failed appendEntries (Repeated 7 times in the last 5.000s): org.apache.ratis.thirdparty.io.grpc.StatusRuntimeException: UNAVAILABLE: io exception
  Caused by: org.apache.ratis.thirdparty.io.netty.channel.AbstractChannel$AnnotatedConnectException: finishConnect(..) failed: Connection refused: /127.0.0.1:15015
  Caused by: java.net.ConnectException: finishConnect(..) failed: Connection refused
2025-09-27 09:19:58,956 [timer5] WARN  server.GrpcLogAppender (LogUtils.java:warn(127)) - 18da7ee6-49f7-45ee-8090-861a49f32d36@group-F78CC9DDB469->c792898a-1981-4e29-8158-41294c472b61-AppendLogResponseHandler: Failed appendEntries (Repeated 4 times in the last 5.000s): org.apache.ratis.thirdparty.io.grpc.StatusRuntimeException: UNAVAILABLE: io exception
  Caused by: org.apache.ratis.thirdparty.io.netty.channel.AbstractChannel$AnnotatedConnectException: finishConnect(..) failed: Connection refused: /127.0.0.1:15015
  Caused by: java.net.ConnectException: finishConnect(..) failed: Connection refused
2025-09-27 09:19:59,135 [om1-impl-thread1] INFO  segmented.SegmentedRaftLogWorker (SegmentedRaftLogWorker.java:close(254)) - om1@group-C5BA1605619E-SegmentedRaftLogWorker close()
2025-09-27 09:19:59,135 [JvmPauseMonitor2] INFO  util.JvmPauseMonitor (JvmPauseMonitor.java:run(152)) - JvmPauseMonitor-om1: Stopped
2025-09-27 09:19:59,136 [ForkJoinPool-1-worker-1] INFO  utils.BackgroundService (BackgroundService.java:shutdown(195)) - Shutting down service KeyDeletingService
2025-09-27 09:19:59,136 [ForkJoinPool-1-worker-1] INFO  utils.BackgroundService (BackgroundService.java:shutdown(195)) - Shutting down service DirectoryDeletingService
2025-09-27 09:19:59,137 [ForkJoinPool-1-worker-1] INFO  utils.BackgroundService (BackgroundService.java:shutdown(195)) - Shutting down service OpenKeyCleanupService
2025-09-27 09:19:59,137 [ForkJoinPool-1-worker-1] INFO  utils.BackgroundService (BackgroundService.java:shutdown(195)) - Shutting down service SstFilteringService
2025-09-27 09:19:59,138 [ForkJoinPool-1-worker-1] INFO  utils.BackgroundService (BackgroundService.java:shutdown(195)) - Shutting down service SnapshotDeletingService
2025-09-27 09:19:59,138 [ForkJoinPool-1-worker-1] INFO  utils.BackgroundService (BackgroundService.java:shutdown(195)) - Shutting down service MultipartUploadCleanupService
2025-09-27 09:19:59,139 [ForkJoinPool-1-worker-1] INFO  handler.ContextHandler (ContextHandler.java:doStop(1159)) - Stopped o.e.j.w.WebAppContext@4734b6ee{ozoneManager,/,null,STOPPED}{file:/home/runner/work/ozone/ozone/hadoop-ozone/integration-test/target/test-classes/webapps/ozoneManager}
2025-09-27 09:19:59,140 [ForkJoinPool-1-worker-1] INFO  server.AbstractConnector (AbstractConnector.java:doStop(383)) - Stopped ServerConnector@30dc545c{HTTP/1.1, (http/1.1)}{0.0.0.0:15007}
2025-09-27 09:19:59,140 [ForkJoinPool-1-worker-1] INFO  server.session (HouseKeeper.java:stopScavenging(149)) - node0 Stopped scavenging
2025-09-27 09:19:59,140 [ForkJoinPool-1-worker-1] INFO  handler.ContextHandler (ContextHandler.java:doStop(1159)) - Stopped o.e.j.s.ServletContextHandler@2c114837{static,/static,file:///home/runner/work/ozone/ozone/hadoop-ozone/integration-test/target/test-classes/webapps/static,STOPPED}
2025-09-27 09:19:59,141 [ForkJoinPool-1-worker-1] INFO  handler.ContextHandler (ContextHandler.java:doStop(1159)) - Stopped o.e.j.s.ServletContextHandler@5fb676b{logs,/logs,file:///home/runner/work/ozone/ozone/hadoop-ozone/integration-test/target/log,STOPPED}
2025-09-27 09:19:59,141 [ForkJoinPool-1-worker-1] INFO  rocksdiff.RocksDBCheckpointDiffer (RocksDBCheckpointDiffer.java:close(340)) - Shutting down CompactionDagPruningService.
2025-09-27 09:19:59,144 [ForkJoinPool-1-worker-1] INFO  snapshot.SnapshotDiffManager (SnapshotDiffManager.java:closeExecutorService(1734)) - Shutting down executorService: 'SnapDiffExecutor'
2025-09-27 09:19:59,144 [ForkJoinPool-1-worker-1] INFO  utils.BackgroundService (BackgroundService.java:shutdown(195)) - Shutting down service SnapshotDiffCleanupService
2025-09-27 09:19:59,146 [ForkJoinPool-1-worker-1] INFO  ozone.MiniOzoneClusterImpl (MiniOzoneClusterImpl.java:stopDatanodes(443)) - Stopping the HddsDatanodes
2025-09-27 09:19:59,147 [ForkJoinPool-1-worker-3] INFO  ozoneimpl.OzoneContainer (OzoneContainer.java:stop(549)) - Attempting to stop container services.
2025-09-27 09:19:59,147 [ContainerMetadataScanner] WARN  ozoneimpl.AbstractBackgroundContainerScanner (AbstractBackgroundContainerScanner.java:handleRemainingSleep(136)) - Background container scan was interrupted.
2025-09-27 09:19:59,147 [ContainerMetadataScanner] INFO  ozoneimpl.AbstractBackgroundContainerScanner (AbstractBackgroundContainerScanner.java:run(63)) - org.apache.hadoop.ozone.container.ozoneimpl.BackgroundContainerMetadataScanner@3d91f308 exiting.
2025-09-27 09:19:59,148 [ForkJoinPool-1-worker-3] INFO  ozoneimpl.BackgroundContainerDataScanner (BackgroundContainerDataScanner.java:shutdown(87)) - ContainerDataScanner(/home/runner/work/ozone/ozone/hadoop-ozone/integration-test/target/test-dir/MiniOzoneClusterImpl-871b4ddd-f672-4be1-b73a-1629492f36a3/ozone-metadata/datanode-5/data-0/hdds) is shutting down. 
2025-09-27 09:19:59,148 [ForkJoinPool-1-worker-2] INFO  ozoneimpl.OzoneContainer (OzoneContainer.java:stop(549)) - Attempting to stop container services.
2025-09-27 09:19:59,148 [ForkJoinPool-1-worker-1] INFO  ozoneimpl.OzoneContainer (OzoneContainer.java:stop(549)) - Attempting to stop container services.
2025-09-27 09:19:59,149 [ContainerMetadataScanner] WARN  ozoneimpl.AbstractBackgroundContainerScanner (AbstractBackgroundContainerScanner.java:handleRemainingSleep(136)) - Background container scan was interrupted.
2025-09-27 09:19:59,149 [ContainerMetadataScanner] WARN  ozoneimpl.AbstractBackgroundContainerScanner (AbstractBackgroundContainerScanner.java:handleRemainingSleep(136)) - Background container scan was interrupted.
2025-09-27 09:19:59,149 [ContainerDataScanner(/home/runner/work/ozone/ozone/hadoop-ozone/integration-test/target/test-dir/MiniOzoneClusterImpl-871b4ddd-f672-4be1-b73a-1629492f36a3/ozone-metadata/datanode-5/data-0/hdds)] WARN  ozoneimpl.AbstractBackgroundContainerScanner (AbstractBackgroundContainerScanner.java:handleRemainingSleep(136)) - Background container scan was interrupted.
2025-09-27 09:19:59,149 [ContainerDataScanner(/home/runner/work/ozone/ozone/hadoop-ozone/integration-test/target/test-dir/MiniOzoneClusterImpl-871b4ddd-f672-4be1-b73a-1629492f36a3/ozone-metadata/datanode-5/data-0/hdds)] INFO  ozoneimpl.AbstractBackgroundContainerScanner (AbstractBackgroundContainerScanner.java:run(63)) - ContainerDataScanner(/home/runner/work/ozone/ozone/hadoop-ozone/integration-test/target/test-dir/MiniOzoneClusterImpl-871b4ddd-f672-4be1-b73a-1629492f36a3/ozone-metadata/datanode-5/data-0/hdds, DS-7c5296ac-e05a-4079-84e3-446642ac84cc) exiting.
2025-09-27 09:19:59,149 [ContainerMetadataScanner] INFO  ozoneimpl.AbstractBackgroundContainerScanner (AbstractBackgroundContainerScanner.java:run(63)) - org.apache.hadoop.ozone.container.ozoneimpl.BackgroundContainerMetadataScanner@62b0b307 exiting.
2025-09-27 09:19:59,149 [ContainerMetadataScanner] INFO  ozoneimpl.AbstractBackgroundContainerScanner (AbstractBackgroundContainerScanner.java:run(63)) - org.apache.hadoop.ozone.container.ozoneimpl.BackgroundContainerMetadataScanner@285adc44 exiting.
2025-09-27 09:19:59,149 [ForkJoinPool-1-worker-3] INFO  ozoneimpl.OnDemandContainerScanner (OnDemandContainerScanner.java:shutdown(141)) - On-demand container scanner is shutting down.
2025-09-27 09:19:59,149 [ForkJoinPool-1-worker-1] INFO  ozoneimpl.BackgroundContainerDataScanner (BackgroundContainerDataScanner.java:shutdown(87)) - ContainerDataScanner(/home/runner/work/ozone/ozone/hadoop-ozone/integration-test/target/test-dir/MiniOzoneClusterImpl-871b4ddd-f672-4be1-b73a-1629492f36a3/ozone-metadata/datanode-3/data-0/hdds) is shutting down. 
2025-09-27 09:19:59,149 [ContainerDataScanner(/home/runner/work/ozone/ozone/hadoop-ozone/integration-test/target/test-dir/MiniOzoneClusterImpl-871b4ddd-f672-4be1-b73a-1629492f36a3/ozone-metadata/datanode-3/data-0/hdds)] WARN  ozoneimpl.AbstractBackgroundContainerScanner (AbstractBackgroundContainerScanner.java:handleRemainingSleep(136)) - Background container scan was interrupted.
2025-09-27 09:19:59,150 [ContainerDataScanner(/home/runner/work/ozone/ozone/hadoop-ozone/integration-test/target/test-dir/MiniOzoneClusterImpl-871b4ddd-f672-4be1-b73a-1629492f36a3/ozone-metadata/datanode-3/data-0/hdds)] INFO  ozoneimpl.AbstractBackgroundContainerScanner (AbstractBackgroundContainerScanner.java:run(63)) - ContainerDataScanner(/home/runner/work/ozone/ozone/hadoop-ozone/integration-test/target/test-dir/MiniOzoneClusterImpl-871b4ddd-f672-4be1-b73a-1629492f36a3/ozone-metadata/datanode-3/data-0/hdds, DS-925521e0-9fa7-4811-a5d2-a45ad9207c43) exiting.
2025-09-27 09:19:59,149 [ForkJoinPool-1-worker-2] INFO  ozoneimpl.BackgroundContainerDataScanner (BackgroundContainerDataScanner.java:shutdown(87)) - ContainerDataScanner(/home/runner/work/ozone/ozone/hadoop-ozone/integration-test/target/test-dir/MiniOzoneClusterImpl-871b4ddd-f672-4be1-b73a-1629492f36a3/ozone-metadata/datanode-4/data-0/hdds) is shutting down. 
2025-09-27 09:19:59,150 [ForkJoinPool-1-worker-1] INFO  ozoneimpl.OnDemandContainerScanner (OnDemandContainerScanner.java:shutdown(141)) - On-demand container scanner is shutting down.
2025-09-27 09:19:59,150 [ContainerDataScanner(/home/runner/work/ozone/ozone/hadoop-ozone/integration-test/target/test-dir/MiniOzoneClusterImpl-871b4ddd-f672-4be1-b73a-1629492f36a3/ozone-metadata/datanode-4/data-0/hdds)] WARN  ozoneimpl.AbstractBackgroundContainerScanner (AbstractBackgroundContainerScanner.java:handleRemainingSleep(136)) - Background container scan was interrupted.
2025-09-27 09:19:59,150 [ContainerDataScanner(/home/runner/work/ozone/ozone/hadoop-ozone/integration-test/target/test-dir/MiniOzoneClusterImpl-871b4ddd-f672-4be1-b73a-1629492f36a3/ozone-metadata/datanode-4/data-0/hdds)] INFO  ozoneimpl.AbstractBackgroundContainerScanner (AbstractBackgroundContainerScanner.java:run(63)) - ContainerDataScanner(/home/runner/work/ozone/ozone/hadoop-ozone/integration-test/target/test-dir/MiniOzoneClusterImpl-871b4ddd-f672-4be1-b73a-1629492f36a3/ozone-metadata/datanode-4/data-0/hdds, DS-499424a7-f530-45a2-8617-47f83db5a171) exiting.
2025-09-27 09:19:59,150 [ForkJoinPool-1-worker-3] INFO  ratis.XceiverServerRatis (XceiverServerRatis.java:stop(594)) - Closing XceiverServerRatis(d3e19d45-0b2b-4921-9b28-39a5e9747ac8)
2025-09-27 09:19:59,150 [ForkJoinPool-1-worker-2] INFO  ozoneimpl.OnDemandContainerScanner (OnDemandContainerScanner.java:shutdown(141)) - On-demand container scanner is shutting down.
2025-09-27 09:19:59,150 [ForkJoinPool-1-worker-3] INFO  server.RaftServer (RaftServerProxy.java:lambda$close$9(422)) - d3e19d45-0b2b-4921-9b28-39a5e9747ac8: close
2025-09-27 09:19:59,151 [ForkJoinPool-1-worker-2] INFO  ratis.XceiverServerRatis (XceiverServerRatis.java:stop(594)) - Closing XceiverServerRatis(25d9f169-1c9e-47c6-a2a2-d20fb3c5fda2)
2025-09-27 09:19:59,151 [ForkJoinPool-1-worker-2] INFO  server.RaftServer (RaftServerProxy.java:lambda$close$9(422)) - 25d9f169-1c9e-47c6-a2a2-d20fb3c5fda2: close
2025-09-27 09:19:59,151 [ForkJoinPool-1-worker-1] INFO  ratis.XceiverServerRatis (XceiverServerRatis.java:stop(594)) - Closing XceiverServerRatis(18da7ee6-49f7-45ee-8090-861a49f32d36)
2025-09-27 09:19:59,151 [ForkJoinPool-1-worker-1] INFO  server.RaftServer (RaftServerProxy.java:lambda$close$9(422)) - 18da7ee6-49f7-45ee-8090-861a49f32d36: close
2025-09-27 09:19:59,151 [ForkJoinPool-1-worker-1] INFO  server.GrpcServicesImpl (GrpcServicesImpl.java:closeImpl(355)) - 18da7ee6-49f7-45ee-8090-861a49f32d36: shutdown server org.apache.ratis.grpc.server.GrpcClientProtocolService now
2025-09-27 09:19:59,152 [ForkJoinPool-1-worker-2] INFO  server.GrpcServicesImpl (GrpcServicesImpl.java:closeImpl(355)) - 25d9f169-1c9e-47c6-a2a2-d20fb3c5fda2: shutdown server org.apache.ratis.grpc.server.GrpcClientProtocolService now
2025-09-27 09:19:59,152 [25d9f169-1c9e-47c6-a2a2-d20fb3c5fda2-impl-thread1] INFO  server.RaftServer$Division (RaftServerImpl.java:lambda$close$1(527)) - 25d9f169-1c9e-47c6-a2a2-d20fb3c5fda2@group-F536DCC524F8: shutdown
2025-09-27 09:19:59,152 [25d9f169-1c9e-47c6-a2a2-d20fb3c5fda2-impl-thread1] INFO  util.JmxRegister (JmxRegister.java:unregister(74)) - Successfully un-registered JMX Bean with object name Ratis:service=RaftServer,group=group-F536DCC524F8,id=25d9f169-1c9e-47c6-a2a2-d20fb3c5fda2
2025-09-27 09:19:59,153 [25d9f169-1c9e-47c6-a2a2-d20fb3c5fda2-impl-thread1] INFO  impl.RoleInfo (RoleInfo.java:shutdownLeaderState(103)) - 25d9f169-1c9e-47c6-a2a2-d20fb3c5fda2: shutdown 25d9f169-1c9e-47c6-a2a2-d20fb3c5fda2@group-F536DCC524F8-LeaderStateImpl
2025-09-27 09:19:59,153 [25d9f169-1c9e-47c6-a2a2-d20fb3c5fda2-impl-thread1] INFO  impl.PendingRequests (PendingRequests.java:sendNotLeaderResponses(287)) - 25d9f169-1c9e-47c6-a2a2-d20fb3c5fda2@group-F536DCC524F8-PendingRequests: sendNotLeaderResponses
2025-09-27 09:19:59,152 [ForkJoinPool-1-worker-3] INFO  server.GrpcServicesImpl (GrpcServicesImpl.java:closeImpl(355)) - d3e19d45-0b2b-4921-9b28-39a5e9747ac8: shutdown server org.apache.ratis.grpc.server.GrpcClientProtocolService now
2025-09-27 09:19:59,153 [25d9f169-1c9e-47c6-a2a2-d20fb3c5fda2-impl-thread1] INFO  impl.StateMachineUpdater (StateMachineUpdater.java:stopAndJoin(163)) - 25d9f169-1c9e-47c6-a2a2-d20fb3c5fda2@group-F536DCC524F8-StateMachineUpdater: set stopIndex = 0
2025-09-27 09:19:59,152 [18da7ee6-49f7-45ee-8090-861a49f32d36-impl-thread1] INFO  server.RaftServer$Division (RaftServerImpl.java:lambda$close$1(527)) - 18da7ee6-49f7-45ee-8090-861a49f32d36@group-01F21CBCA59D: shutdown
2025-09-27 09:19:59,152 [d3e19d45-0b2b-4921-9b28-39a5e9747ac8-impl-thread1] INFO  server.RaftServer$Division (RaftServerImpl.java:lambda$close$1(527)) - d3e19d45-0b2b-4921-9b28-39a5e9747ac8@group-3551B3BB1E56: shutdown
2025-09-27 09:19:59,154 [d3e19d45-0b2b-4921-9b28-39a5e9747ac8-impl-thread1] INFO  util.JmxRegister (JmxRegister.java:unregister(74)) - Successfully un-registered JMX Bean with object name Ratis:service=RaftServer,group=group-3551B3BB1E56,id=d3e19d45-0b2b-4921-9b28-39a5e9747ac8
2025-09-27 09:19:59,154 [d3e19d45-0b2b-4921-9b28-39a5e9747ac8-impl-thread1] INFO  impl.RoleInfo (RoleInfo.java:shutdownLeaderState(103)) - d3e19d45-0b2b-4921-9b28-39a5e9747ac8: shutdown d3e19d45-0b2b-4921-9b28-39a5e9747ac8@group-3551B3BB1E56-LeaderStateImpl
2025-09-27 09:19:59,154 [d3e19d45-0b2b-4921-9b28-39a5e9747ac8-impl-thread1] INFO  impl.PendingRequests (PendingRequests.java:sendNotLeaderResponses(287)) - d3e19d45-0b2b-4921-9b28-39a5e9747ac8@group-3551B3BB1E56-PendingRequests: sendNotLeaderResponses
2025-09-27 09:19:59,154 [25d9f169-1c9e-47c6-a2a2-d20fb3c5fda2@group-F536DCC524F8-StateMachineUpdater] INFO  ratis.ContainerStateMachine (ContainerStateMachine.java:takeSnapshot(427)) - group-F536DCC524F8: Taking a snapshot at:(t:1, i:0) file /home/runner/work/ozone/ozone/hadoop-ozone/integration-test/target/test-dir/MiniOzoneClusterImpl-871b4ddd-f672-4be1-b73a-1629492f36a3/ozone-metadata/datanode-4/ratis/28bb5338-7828-4c83-b5fb-f536dcc524f8/sm/snapshot.1_0
2025-09-27 09:19:59,154 [18da7ee6-49f7-45ee-8090-861a49f32d36-impl-thread1] INFO  util.JmxRegister (JmxRegister.java:unregister(74)) - Successfully un-registered JMX Bean with object name Ratis:service=RaftServer,group=group-01F21CBCA59D,id=18da7ee6-49f7-45ee-8090-861a49f32d36
2025-09-27 09:19:59,154 [18da7ee6-49f7-45ee-8090-861a49f32d36-impl-thread1] INFO  impl.RoleInfo (RoleInfo.java:shutdownLeaderState(103)) - 18da7ee6-49f7-45ee-8090-861a49f32d36: shutdown 18da7ee6-49f7-45ee-8090-861a49f32d36@group-01F21CBCA59D-LeaderStateImpl
2025-09-27 09:19:59,154 [18da7ee6-49f7-45ee-8090-861a49f32d36-impl-thread1] INFO  impl.PendingRequests (PendingRequests.java:sendNotLeaderResponses(287)) - 18da7ee6-49f7-45ee-8090-861a49f32d36@group-01F21CBCA59D-PendingRequests: sendNotLeaderResponses
2025-09-27 09:19:59,155 [18da7ee6-49f7-45ee-8090-861a49f32d36-impl-thread1] INFO  impl.StateMachineUpdater (StateMachineUpdater.java:stopAndJoin(163)) - 18da7ee6-49f7-45ee-8090-861a49f32d36@group-01F21CBCA59D-StateMachineUpdater: set stopIndex = 0
2025-09-27 09:19:59,155 [18da7ee6-49f7-45ee-8090-861a49f32d36@group-01F21CBCA59D-StateMachineUpdater] INFO  ratis.ContainerStateMachine (ContainerStateMachine.java:takeSnapshot(427)) - group-01F21CBCA59D: Taking a snapshot at:(t:1, i:0) file /home/runner/work/ozone/ozone/hadoop-ozone/integration-test/target/test-dir/MiniOzoneClusterImpl-871b4ddd-f672-4be1-b73a-1629492f36a3/ozone-metadata/datanode-3/ratis/d8f8602c-31a3-42e6-a45e-01f21cbca59d/sm/snapshot.1_0
2025-09-27 09:19:59,156 [d3e19d45-0b2b-4921-9b28-39a5e9747ac8-impl-thread1] INFO  impl.StateMachineUpdater (StateMachineUpdater.java:stopAndJoin(163)) - d3e19d45-0b2b-4921-9b28-39a5e9747ac8@group-3551B3BB1E56-StateMachineUpdater: set stopIndex = 0
2025-09-27 09:19:59,156 [d3e19d45-0b2b-4921-9b28-39a5e9747ac8@group-3551B3BB1E56-StateMachineUpdater] INFO  ratis.ContainerStateMachine (ContainerStateMachine.java:takeSnapshot(427)) - group-3551B3BB1E56: Taking a snapshot at:(t:1, i:0) file /home/runner/work/ozone/ozone/hadoop-ozone/integration-test/target/test-dir/MiniOzoneClusterImpl-871b4ddd-f672-4be1-b73a-1629492f36a3/ozone-metadata/datanode-5/ratis/92a64d2e-52fa-43d6-8844-3551b3bb1e56/sm/snapshot.1_0
2025-09-27 09:19:59,156 [25d9f169-1c9e-47c6-a2a2-d20fb3c5fda2@group-F536DCC524F8-StateMachineUpdater] INFO  ratis.ContainerStateMachine (ContainerStateMachine.java:takeSnapshot(436)) - group-F536DCC524F8: Finished taking a snapshot at:(t:1, i:0) file:/home/runner/work/ozone/ozone/hadoop-ozone/integration-test/target/test-dir/MiniOzoneClusterImpl-871b4ddd-f672-4be1-b73a-1629492f36a3/ozone-metadata/datanode-4/ratis/28bb5338-7828-4c83-b5fb-f536dcc524f8/sm/snapshot.1_0 took: 2 ms
2025-09-27 09:19:59,157 [d3e19d45-0b2b-4921-9b28-39a5e9747ac8@group-3551B3BB1E56-StateMachineUpdater] INFO  ratis.ContainerStateMachine (ContainerStateMachine.java:takeSnapshot(436)) - group-3551B3BB1E56: Finished taking a snapshot at:(t:1, i:0) file:/home/runner/work/ozone/ozone/hadoop-ozone/integration-test/target/test-dir/MiniOzoneClusterImpl-871b4ddd-f672-4be1-b73a-1629492f36a3/ozone-metadata/datanode-5/ratis/92a64d2e-52fa-43d6-8844-3551b3bb1e56/sm/snapshot.1_0 took: 0 ms
2025-09-27 09:19:59,157 [18da7ee6-49f7-45ee-8090-861a49f32d36@group-01F21CBCA59D-StateMachineUpdater] INFO  ratis.ContainerStateMachine (ContainerStateMachine.java:takeSnapshot(436)) - group-01F21CBCA59D: Finished taking a snapshot at:(t:1, i:0) file:/home/runner/work/ozone/ozone/hadoop-ozone/integration-test/target/test-dir/MiniOzoneClusterImpl-871b4ddd-f672-4be1-b73a-1629492f36a3/ozone-metadata/datanode-3/ratis/d8f8602c-31a3-42e6-a45e-01f21cbca59d/sm/snapshot.1_0 took: 1 ms
2025-09-27 09:19:59,157 [d3e19d45-0b2b-4921-9b28-39a5e9747ac8@group-3551B3BB1E56-StateMachineUpdater] INFO  impl.StateMachineUpdater (StateMachineUpdater.java:takeSnapshot(307)) - d3e19d45-0b2b-4921-9b28-39a5e9747ac8@group-3551B3BB1E56-StateMachineUpdater: Took a snapshot at index 0
2025-09-27 09:19:59,157 [d3e19d45-0b2b-4921-9b28-39a5e9747ac8@group-3551B3BB1E56-StateMachineUpdater] INFO  impl.StateMachineUpdater (StateMachineUpdater.java:lambda$new$0(101)) - d3e19d45-0b2b-4921-9b28-39a5e9747ac8@group-3551B3BB1E56-StateMachineUpdater: snapshotIndex: updateIncreasingly -1 -> 0
2025-09-27 09:19:59,157 [25d9f169-1c9e-47c6-a2a2-d20fb3c5fda2@group-F536DCC524F8-StateMachineUpdater] INFO  impl.StateMachineUpdater (StateMachineUpdater.java:takeSnapshot(307)) - 25d9f169-1c9e-47c6-a2a2-d20fb3c5fda2@group-F536DCC524F8-StateMachineUpdater: Took a snapshot at index 0
2025-09-27 09:19:59,157 [25d9f169-1c9e-47c6-a2a2-d20fb3c5fda2@group-F536DCC524F8-StateMachineUpdater] INFO  impl.StateMachineUpdater (StateMachineUpdater.java:lambda$new$0(101)) - 25d9f169-1c9e-47c6-a2a2-d20fb3c5fda2@group-F536DCC524F8-StateMachineUpdater: snapshotIndex: updateIncreasingly -1 -> 0
2025-09-27 09:19:59,158 [25d9f169-1c9e-47c6-a2a2-d20fb3c5fda2@group-F536DCC524F8-StateMachineUpdater] INFO  impl.StateMachineUpdater (StateMachineUpdater.java:stop(140)) - 25d9f169-1c9e-47c6-a2a2-d20fb3c5fda2@group-F536DCC524F8-StateMachineUpdater: closing ContainerStateMachine, lastApplied=(t:1, i:0)
2025-09-27 09:19:59,157 [18da7ee6-49f7-45ee-8090-861a49f32d36@group-01F21CBCA59D-StateMachineUpdater] INFO  impl.StateMachineUpdater (StateMachineUpdater.java:takeSnapshot(307)) - 18da7ee6-49f7-45ee-8090-861a49f32d36@group-01F21CBCA59D-StateMachineUpdater: Took a snapshot at index 0
2025-09-27 09:19:59,158 [18da7ee6-49f7-45ee-8090-861a49f32d36@group-01F21CBCA59D-StateMachineUpdater] INFO  impl.StateMachineUpdater (StateMachineUpdater.java:lambda$new$0(101)) - 18da7ee6-49f7-45ee-8090-861a49f32d36@group-01F21CBCA59D-StateMachineUpdater: snapshotIndex: updateIncreasingly -1 -> 0
2025-09-27 09:19:59,158 [18da7ee6-49f7-45ee-8090-861a49f32d36@group-01F21CBCA59D-StateMachineUpdater] INFO  impl.StateMachineUpdater (StateMachineUpdater.java:stop(140)) - 18da7ee6-49f7-45ee-8090-861a49f32d36@group-01F21CBCA59D-StateMachineUpdater: closing ContainerStateMachine, lastApplied=(t:1, i:0)
2025-09-27 09:19:59,158 [d3e19d45-0b2b-4921-9b28-39a5e9747ac8@group-3551B3BB1E56-StateMachineUpdater] INFO  impl.StateMachineUpdater (StateMachineUpdater.java:stop(140)) - d3e19d45-0b2b-4921-9b28-39a5e9747ac8@group-3551B3BB1E56-StateMachineUpdater: closing ContainerStateMachine, lastApplied=(t:1, i:0)
2025-09-27 09:19:59,159 [18da7ee6-49f7-45ee-8090-861a49f32d36@group-01F21CBCA59D-cacheEviction-AwaitToRun] INFO  util.AwaitToRun (AwaitToRun.java:run(49)) - 18da7ee6-49f7-45ee-8090-861a49f32d36@group-01F21CBCA59D-cacheEviction-AwaitToRun-AwaitForSignal is interrupted
2025-09-27 09:19:59,159 [25d9f169-1c9e-47c6-a2a2-d20fb3c5fda2@group-F536DCC524F8-cacheEviction-AwaitToRun] INFO  util.AwaitToRun (AwaitToRun.java:run(49)) - 25d9f169-1c9e-47c6-a2a2-d20fb3c5fda2@group-F536DCC524F8-cacheEviction-AwaitToRun-AwaitForSignal is interrupted
2025-09-27 09:19:59,160 [d3e19d45-0b2b-4921-9b28-39a5e9747ac8@group-3551B3BB1E56-cacheEviction-AwaitToRun] INFO  util.AwaitToRun (AwaitToRun.java:run(49)) - d3e19d45-0b2b-4921-9b28-39a5e9747ac8@group-3551B3BB1E56-cacheEviction-AwaitToRun-AwaitForSignal is interrupted
2025-09-27 09:19:59,160 [Thread-870] INFO  server.GrpcServerProtocolClient (GrpcServerProtocolClient.java:close(105)) - 83932d67-4fdc-4fe4-8fe1-3df6c3f1844a Close channels
2025-09-27 09:19:59,162 [Thread-873] INFO  server.GrpcServerProtocolClient (GrpcServerProtocolClient.java:close(105)) - c792898a-1981-4e29-8158-41294c472b61 Close channels
2025-09-27 09:19:59,161 [ForkJoinPool-1-worker-3] INFO  server.GrpcServicesImpl (GrpcServicesImpl.java:closeImpl(364)) - d3e19d45-0b2b-4921-9b28-39a5e9747ac8: shutdown server org.apache.ratis.grpc.server.GrpcClientProtocolService successfully
2025-09-27 09:19:59,162 [ForkJoinPool-1-worker-3] INFO  server.GrpcServicesImpl (GrpcServicesImpl.java:closeImpl(355)) - d3e19d45-0b2b-4921-9b28-39a5e9747ac8: shutdown server GrpcServerProtocolService now
2025-09-27 09:19:59,160 [ForkJoinPool-1-worker-2] INFO  server.GrpcServicesImpl (GrpcServicesImpl.java:closeImpl(364)) - 25d9f169-1c9e-47c6-a2a2-d20fb3c5fda2: shutdown server org.apache.ratis.grpc.server.GrpcClientProtocolService successfully
2025-09-27 09:19:59,162 [ForkJoinPool-1-worker-2] INFO  server.GrpcServicesImpl (GrpcServicesImpl.java:closeImpl(355)) - 25d9f169-1c9e-47c6-a2a2-d20fb3c5fda2: shutdown server GrpcServerProtocolService now
2025-09-27 09:19:59,162 [ForkJoinPool-1-worker-1] INFO  server.GrpcServicesImpl (GrpcServicesImpl.java:closeImpl(364)) - 18da7ee6-49f7-45ee-8090-861a49f32d36: shutdown server org.apache.ratis.grpc.server.GrpcClientProtocolService successfully
2025-09-27 09:19:59,162 [ForkJoinPool-1-worker-1] INFO  server.GrpcServicesImpl (GrpcServicesImpl.java:closeImpl(355)) - 18da7ee6-49f7-45ee-8090-861a49f32d36: shutdown server GrpcServerProtocolService now
2025-09-27 09:19:59,163 [ForkJoinPool-1-worker-3] INFO  server.GrpcServicesImpl (GrpcServicesImpl.java:closeImpl(364)) - d3e19d45-0b2b-4921-9b28-39a5e9747ac8: shutdown server GrpcServerProtocolService successfully
2025-09-27 09:19:59,163 [ForkJoinPool-1-worker-3] INFO  server.GrpcServicesImpl (GrpcServicesImpl.java:closeImpl(355)) - d3e19d45-0b2b-4921-9b28-39a5e9747ac8: shutdown server org.apache.ratis.grpc.server.GrpcAdminProtocolService now
2025-09-27 09:19:59,163 [ForkJoinPool-1-worker-1] INFO  server.GrpcServicesImpl (GrpcServicesImpl.java:closeImpl(364)) - 18da7ee6-49f7-45ee-8090-861a49f32d36: shutdown server GrpcServerProtocolService successfully
2025-09-27 09:19:59,163 [ForkJoinPool-1-worker-1] INFO  server.GrpcServicesImpl (GrpcServicesImpl.java:closeImpl(355)) - 18da7ee6-49f7-45ee-8090-861a49f32d36: shutdown server org.apache.ratis.grpc.server.GrpcAdminProtocolService now
2025-09-27 09:19:59,163 [ForkJoinPool-1-worker-2] INFO  server.GrpcServicesImpl (GrpcServicesImpl.java:closeImpl(364)) - 25d9f169-1c9e-47c6-a2a2-d20fb3c5fda2: shutdown server GrpcServerProtocolService successfully
2025-09-27 09:19:59,163 [ForkJoinPool-1-worker-2] INFO  server.GrpcServicesImpl (GrpcServicesImpl.java:closeImpl(355)) - 25d9f169-1c9e-47c6-a2a2-d20fb3c5fda2: shutdown server org.apache.ratis.grpc.server.GrpcAdminProtocolService now
2025-09-27 09:19:59,163 [ForkJoinPool-1-worker-1] INFO  server.GrpcServicesImpl (GrpcServicesImpl.java:closeImpl(364)) - 18da7ee6-49f7-45ee-8090-861a49f32d36: shutdown server org.apache.ratis.grpc.server.GrpcAdminProtocolService successfully
2025-09-27 09:19:59,163 [ForkJoinPool-1-worker-3] INFO  server.GrpcServicesImpl (GrpcServicesImpl.java:closeImpl(364)) - d3e19d45-0b2b-4921-9b28-39a5e9747ac8: shutdown server org.apache.ratis.grpc.server.GrpcAdminProtocolService successfully
2025-09-27 09:19:59,163 [ForkJoinPool-1-worker-2] INFO  server.GrpcServicesImpl (GrpcServicesImpl.java:closeImpl(364)) - 25d9f169-1c9e-47c6-a2a2-d20fb3c5fda2: shutdown server org.apache.ratis.grpc.server.GrpcAdminProtocolService successfully
2025-09-27 09:19:59,164 [d3e19d45-0b2b-4921-9b28-39a5e9747ac8-NettyServerStreamRpc-bossGroup--thread1] INFO  logging.LoggingHandler (AbstractInternalLogger.java:log(148)) - [id: 0x7718f162, L:/0.0.0.0:15048] CLOSE
2025-09-27 09:19:59,164 [d3e19d45-0b2b-4921-9b28-39a5e9747ac8-NettyServerStreamRpc-bossGroup--thread1] INFO  logging.LoggingHandler (AbstractInternalLogger.java:log(148)) - [id: 0x7718f162, L:/0.0.0.0:15048] INACTIVE
2025-09-27 09:19:59,164 [d3e19d45-0b2b-4921-9b28-39a5e9747ac8-NettyServerStreamRpc-bossGroup--thread1] INFO  logging.LoggingHandler (AbstractInternalLogger.java:log(148)) - [id: 0x7718f162, L:/0.0.0.0:15048] UNREGISTERED
2025-09-27 09:19:59,165 [25d9f169-1c9e-47c6-a2a2-d20fb3c5fda2-NettyServerStreamRpc-bossGroup--thread1] INFO  logging.LoggingHandler (AbstractInternalLogger.java:log(148)) - [id: 0x600bf23d, L:/0.0.0.0:15040] CLOSE
2025-09-27 09:19:59,165 [25d9f169-1c9e-47c6-a2a2-d20fb3c5fda2-NettyServerStreamRpc-bossGroup--thread1] INFO  logging.LoggingHandler (AbstractInternalLogger.java:log(148)) - [id: 0x600bf23d, L:/0.0.0.0:15040] INACTIVE
2025-09-27 09:19:59,165 [25d9f169-1c9e-47c6-a2a2-d20fb3c5fda2-NettyServerStreamRpc-bossGroup--thread1] INFO  logging.LoggingHandler (AbstractInternalLogger.java:log(148)) - [id: 0x600bf23d, L:/0.0.0.0:15040] UNREGISTERED
2025-09-27 09:19:59,175 [25d9f169-1c9e-47c6-a2a2-d20fb3c5fda2-impl-thread1] INFO  segmented.SegmentedRaftLogWorker (SegmentedRaftLogWorker.java:close(254)) - 25d9f169-1c9e-47c6-a2a2-d20fb3c5fda2@group-F536DCC524F8-SegmentedRaftLogWorker close()
2025-09-27 09:19:59,176 [25d9f169-1c9e-47c6-a2a2-d20fb3c5fda2-impl-thread1] INFO  ratis.ContainerStateMachine (ContainerStateMachine.java:notifyServerShutdown(1038)) - group-F536DCC524F8 is closed by HddsDatanodeService
2025-09-27 09:19:59,178 [JvmPauseMonitor6] INFO  util.JvmPauseMonitor (JvmPauseMonitor.java:run(152)) - JvmPauseMonitor-25d9f169-1c9e-47c6-a2a2-d20fb3c5fda2: Stopped
2025-09-27 09:19:59,182 [18da7ee6-49f7-45ee-8090-861a49f32d36-NettyServerStreamRpc-bossGroup--thread1] INFO  logging.LoggingHandler (AbstractInternalLogger.java:log(148)) - [id: 0x12eddf56, L:/0.0.0.0:15032] CLOSE
2025-09-27 09:19:59,182 [18da7ee6-49f7-45ee-8090-861a49f32d36-NettyServerStreamRpc-bossGroup--thread1] INFO  logging.LoggingHandler (AbstractInternalLogger.java:log(148)) - [id: 0x12eddf56, L:/0.0.0.0:15032] INACTIVE
2025-09-27 09:19:59,182 [18da7ee6-49f7-45ee-8090-861a49f32d36-NettyServerStreamRpc-bossGroup--thread1] INFO  logging.LoggingHandler (AbstractInternalLogger.java:log(148)) - [id: 0x12eddf56, L:/0.0.0.0:15032] UNREGISTERED
2025-09-27 09:19:59,546 [d3e19d45-0b2b-4921-9b28-39a5e9747ac8-impl-thread1] INFO  segmented.SegmentedRaftLogWorker (SegmentedRaftLogWorker.java:close(254)) - d3e19d45-0b2b-4921-9b28-39a5e9747ac8@group-3551B3BB1E56-SegmentedRaftLogWorker close()
2025-09-27 09:19:59,546 [d3e19d45-0b2b-4921-9b28-39a5e9747ac8-impl-thread1] INFO  ratis.ContainerStateMachine (ContainerStateMachine.java:notifyServerShutdown(1038)) - group-3551B3BB1E56 is closed by HddsDatanodeService
2025-09-27 09:19:59,546 [JvmPauseMonitor7] INFO  util.JvmPauseMonitor (JvmPauseMonitor.java:run(152)) - JvmPauseMonitor-d3e19d45-0b2b-4921-9b28-39a5e9747ac8: Stopped
2025-09-27 09:19:59,827 [18da7ee6-49f7-45ee-8090-861a49f32d36-impl-thread1] INFO  segmented.SegmentedRaftLogWorker (SegmentedRaftLogWorker.java:close(254)) - 18da7ee6-49f7-45ee-8090-861a49f32d36@group-01F21CBCA59D-SegmentedRaftLogWorker close()
2025-09-27 09:19:59,828 [18da7ee6-49f7-45ee-8090-861a49f32d36-impl-thread1] INFO  ratis.ContainerStateMachine (ContainerStateMachine.java:notifyServerShutdown(1038)) - group-01F21CBCA59D is closed by HddsDatanodeService
2025-09-27 09:19:59,828 [JvmPauseMonitor5] INFO  util.JvmPauseMonitor (JvmPauseMonitor.java:run(152)) - JvmPauseMonitor-18da7ee6-49f7-45ee-8090-861a49f32d36: Stopped
2025-09-27 09:19:59,987 [timer4] INFO  server.GrpcServerProtocolService (GrpcServerProtocolService.java:lambda$onCompleted$6(171)) - 83932d67-4fdc-4fe4-8fe1-3df6c3f1844a: Completed APPEND_ENTRIES, lastRequest: null  (Repeated 4 times in the last 5.000s)
2025-09-27 09:19:59,990 [timer5] INFO  server.GrpcServerProtocolService (GrpcServerProtocolService.java:lambda$null$7(175)) - 83932d67-4fdc-4fe4-8fe1-3df6c3f1844a: Completed APPEND_ENTRIES, lastReply: serverReply {
  requestorId: "18da7ee6-49f7-45ee-8090-861a49f32d36"
  replyId: "83932d67-4fdc-4fe4-8fe1-3df6c3f1844a"
  raftGroupId {
    id: "Y /\223\373iL\030\236\232_\001\352\341\204\342"
  }
  callId: 5
  success: true
}
term: 1
nextIndex: 1
matchIndex: 18446744073709551615
isHearbeat: true
  (Repeated 4 times in the last 5.002s)
2025-09-27 09:20:00,976 [timer1] INFO  server.GrpcServerProtocolService (GrpcServerProtocolService.java:lambda$onCompleted$6(171)) - 18da7ee6-49f7-45ee-8090-861a49f32d36: Completed APPEND_ENTRIES, lastRequest: 83932d67-4fdc-4fe4-8fe1-3df6c3f1844a->18da7ee6-49f7-45ee-8090-861a49f32d36#1-t1,previous=<PROTO_DEFAULT>,leaderCommit=-1,initializing? false,entries: size=1, first=(t:1, i:0), CONFIGURATIONENTRY(current:id:"83932d67-4fdc-4fe4-8fe1-3df6c3f1844a"address:"127.0.0.1:15023"priority:1dataStreamAddress:"127.0.0.1:15024"clientAddress:"127.0.0.1:15021"adminAddress:"127.0.0.1:15022"startupRole:FOLLOWER, id:"18da7ee6-49f7-45ee-8090-861a49f32d36"address:"127.0.0.1:15031"dataStreamAddress:"127.0.0.1:15032"clientAddress:"127.0.0.1:15029"adminAddress:"127.0.0.1:15030"startupRole:FOLLOWER, id:"c792898a-1981-4e29-8158-41294c472b61"address:"127.0.0.1:15015"dataStreamAddress:"127.0.0.1:15016"clientAddress:"127.0.0.1:15013"adminAddress:"127.0.0.1:15014"startupRole:FOLLOWER, old:)  (Repeated 2 times in the last 5.000s)
2025-09-27 09:20:00,977 [timer2] INFO  server.GrpcServerProtocolService (GrpcServerProtocolService.java:lambda$null$7(175)) - 18da7ee6-49f7-45ee-8090-861a49f32d36: Completed APPEND_ENTRIES, lastReply: serverReply {
  requestorId: "83932d67-4fdc-4fe4-8fe1-3df6c3f1844a"
  replyId: "18da7ee6-49f7-45ee-8090-861a49f32d36"
  raftGroupId {
    id: "\026`4\275\214\270NH\205\320\305\271j\a\037\230"
  }
  callId: 5
  success: true
}
term: 1
nextIndex: 1
matchIndex: 18446744073709551615
isHearbeat: true
  (Repeated 2 times in the last 5.002s)
2025-09-27 09:20:01,180 [ForkJoinPool-1-worker-2] INFO  utils.DatanodeStoreCache (DatanodeStoreCache.java:shutdownCache(110)) - Skip clearing cache in mini cluster mode. Entries left: [/home/runner/work/ozone/ozone/hadoop-ozone/integration-test/target/test-dir/MiniOzoneClusterImpl-871b4ddd-f672-4be1-b73a-1629492f36a3/ozone-metadata/datanode-3/data-0/hdds/871b4ddd-f672-4be1-b73a-1629492f36a3/DS-925521e0-9fa7-4811-a5d2-a45ad9207c43/container.db, /home/runner/work/ozone/ozone/hadoop-ozone/integration-test/target/test-dir/MiniOzoneClusterImpl-871b4ddd-f672-4be1-b73a-1629492f36a3/ozone-metadata/datanode-4/data-0/hdds/871b4ddd-f672-4be1-b73a-1629492f36a3/DS-499424a7-f530-45a2-8617-47f83db5a171/container.db, /home/runner/work/ozone/ozone/hadoop-ozone/integration-test/target/test-dir/MiniOzoneClusterImpl-871b4ddd-f672-4be1-b73a-1629492f36a3/ozone-metadata/datanode-5/data-0/hdds/871b4ddd-f672-4be1-b73a-1629492f36a3/DS-7c5296ac-e05a-4079-84e3-446642ac84cc/container.db]
2025-09-27 09:20:01,181 [ForkJoinPool-1-worker-2] INFO  utils.DatanodeStoreCache (DatanodeStoreCache.java:removeDB(104)) - Removed db /home/runner/work/ozone/ozone/hadoop-ozone/integration-test/target/test-dir/MiniOzoneClusterImpl-871b4ddd-f672-4be1-b73a-1629492f36a3/ozone-metadata/datanode-4/data-0/hdds/871b4ddd-f672-4be1-b73a-1629492f36a3/DS-499424a7-f530-45a2-8617-47f83db5a171/container.db from cache
2025-09-27 09:20:01,182 [ForkJoinPool-1-worker-2] INFO  volume.HddsVolume (HddsVolume.java:closeDbStore(609)) - SchemaV3 db is stopped at /home/runner/work/ozone/ozone/hadoop-ozone/integration-test/target/test-dir/MiniOzoneClusterImpl-871b4ddd-f672-4be1-b73a-1629492f36a3/ozone-metadata/datanode-4/data-0/hdds/871b4ddd-f672-4be1-b73a-1629492f36a3/DS-499424a7-f530-45a2-8617-47f83db5a171/container.db for volume DS-499424a7-f530-45a2-8617-47f83db5a171
2025-09-27 09:20:01,182 [ForkJoinPool-1-worker-2] INFO  utils.BackgroundService (BackgroundService.java:shutdown(195)) - Shutting down service BlockDeletingService
2025-09-27 09:20:01,182 [ForkJoinPool-1-worker-2] INFO  utils.BackgroundService (BackgroundService.java:shutdown(195)) - Shutting down service StaleRecoveringContainerScrubbingService
2025-09-27 09:20:01,183 [ForkJoinPool-1-worker-2] INFO  statemachine.DatanodeStateMachine (DatanodeStateMachine.java:stopDaemon(654)) - Ozone container server stopped.
2025-09-27 09:20:01,196 [ForkJoinPool-1-worker-2] INFO  handler.ContextHandler (ContextHandler.java:doStop(1159)) - Stopped o.e.j.w.WebAppContext@6ff0b66d{hddsDatanode,/,null,STOPPED}{jar:file:/home/runner/work/ozone/ozone/hadoop-hdds/container-service/target/hdds-container-service-2.1.0-SNAPSHOT.jar!/webapps/hddsDatanode}
2025-09-27 09:20:01,197 [ForkJoinPool-1-worker-2] INFO  server.AbstractConnector (AbstractConnector.java:doStop(383)) - Stopped ServerConnector@3ff728e6{HTTP/1.1, (http/1.1)}{0.0.0.0:15034}
2025-09-27 09:20:01,197 [ForkJoinPool-1-worker-2] INFO  server.session (HouseKeeper.java:stopScavenging(149)) - node0 Stopped scavenging
2025-09-27 09:20:01,197 [ForkJoinPool-1-worker-2] INFO  handler.ContextHandler (ContextHandler.java:doStop(1159)) - Stopped o.e.j.s.ServletContextHandler@595e6f6c{static,/static,jar:file:/home/runner/work/ozone/ozone/hadoop-hdds/container-service/target/hdds-container-service-2.1.0-SNAPSHOT.jar!/webapps/static,STOPPED}
2025-09-27 09:20:01,197 [ForkJoinPool-1-worker-2] INFO  handler.ContextHandler (ContextHandler.java:doStop(1159)) - Stopped o.e.j.s.ServletContextHandler@547077fe{logs,/logs,file:///home/runner/work/ozone/ozone/hadoop-ozone/integration-test/target/log,STOPPED}
2025-09-27 09:20:01,198 [ForkJoinPool-1-worker-2] INFO  ozone.HddsDatanodeClientProtocolServer (HddsDatanodeClientProtocolServer.java:stop(82)) - Stopping the RPC server for Client Protocol
2025-09-27 09:20:01,198 [ForkJoinPool-1-worker-2] INFO  ipc.Server (Server.java:stop(3697)) - Stopping server on 15035
2025-09-27 09:20:01,200 [IPC Server listener on 15035] INFO  ipc.Server (Server.java:run(1585)) - Stopping IPC Server listener on 15035
2025-09-27 09:20:01,200 [IPC Server Responder] INFO  ipc.Server (Server.java:run(1718)) - Stopping IPC Server Responder
2025-09-27 09:20:01,224 [EventQueue-StaleNodeForStaleNodeHandler] INFO  node.StaleNodeHandler (StaleNodeHandler.java:onMessage(51)) - Datanode 25d9f169-1c9e-47c6-a2a2-d20fb3c5fda2(localhost/127.0.0.1) moved to stale state. Finalizing its pipelines [Pipeline-28bb5338-7828-4c83-b5fb-f536dcc524f8]
2025-09-27 09:20:01,226 [EventQueue-StaleNodeForStaleNodeHandler] INFO  pipeline.PipelineManagerImpl (PipelineManagerImpl.java:closePipeline(511)) - Pipeline Pipeline-28bb5338-7828-4c83-b5fb-f536dcc524f8 moved to CLOSED state
2025-09-27 09:20:01,549 [ForkJoinPool-1-worker-3] INFO  utils.DatanodeStoreCache (DatanodeStoreCache.java:shutdownCache(110)) - Skip clearing cache in mini cluster mode. Entries left: [/home/runner/work/ozone/ozone/hadoop-ozone/integration-test/target/test-dir/MiniOzoneClusterImpl-871b4ddd-f672-4be1-b73a-1629492f36a3/ozone-metadata/datanode-3/data-0/hdds/871b4ddd-f672-4be1-b73a-1629492f36a3/DS-925521e0-9fa7-4811-a5d2-a45ad9207c43/container.db, /home/runner/work/ozone/ozone/hadoop-ozone/integration-test/target/test-dir/MiniOzoneClusterImpl-871b4ddd-f672-4be1-b73a-1629492f36a3/ozone-metadata/datanode-5/data-0/hdds/871b4ddd-f672-4be1-b73a-1629492f36a3/DS-7c5296ac-e05a-4079-84e3-446642ac84cc/container.db]
2025-09-27 09:20:01,550 [ForkJoinPool-1-worker-3] INFO  utils.DatanodeStoreCache (DatanodeStoreCache.java:removeDB(104)) - Removed db /home/runner/work/ozone/ozone/hadoop-ozone/integration-test/target/test-dir/MiniOzoneClusterImpl-871b4ddd-f672-4be1-b73a-1629492f36a3/ozone-metadata/datanode-5/data-0/hdds/871b4ddd-f672-4be1-b73a-1629492f36a3/DS-7c5296ac-e05a-4079-84e3-446642ac84cc/container.db from cache
2025-09-27 09:20:01,550 [ForkJoinPool-1-worker-3] INFO  volume.HddsVolume (HddsVolume.java:closeDbStore(609)) - SchemaV3 db is stopped at /home/runner/work/ozone/ozone/hadoop-ozone/integration-test/target/test-dir/MiniOzoneClusterImpl-871b4ddd-f672-4be1-b73a-1629492f36a3/ozone-metadata/datanode-5/data-0/hdds/871b4ddd-f672-4be1-b73a-1629492f36a3/DS-7c5296ac-e05a-4079-84e3-446642ac84cc/container.db for volume DS-7c5296ac-e05a-4079-84e3-446642ac84cc
2025-09-27 09:20:01,550 [ForkJoinPool-1-worker-3] INFO  utils.BackgroundService (BackgroundService.java:shutdown(195)) - Shutting down service BlockDeletingService
2025-09-27 09:20:01,551 [ForkJoinPool-1-worker-3] INFO  utils.BackgroundService (BackgroundService.java:shutdown(195)) - Shutting down service StaleRecoveringContainerScrubbingService
2025-09-27 09:20:01,551 [ForkJoinPool-1-worker-3] INFO  statemachine.DatanodeStateMachine (DatanodeStateMachine.java:stopDaemon(654)) - Ozone container server stopped.
2025-09-27 09:20:01,565 [ForkJoinPool-1-worker-3] INFO  handler.ContextHandler (ContextHandler.java:doStop(1159)) - Stopped o.e.j.w.WebAppContext@28850f44{hddsDatanode,/,null,STOPPED}{jar:file:/home/runner/work/ozone/ozone/hadoop-hdds/container-service/target/hdds-container-service-2.1.0-SNAPSHOT.jar!/webapps/hddsDatanode}
2025-09-27 09:20:01,566 [ForkJoinPool-1-worker-3] INFO  server.AbstractConnector (AbstractConnector.java:doStop(383)) - Stopped ServerConnector@7bad02d0{HTTP/1.1, (http/1.1)}{0.0.0.0:15042}
2025-09-27 09:20:01,566 [ForkJoinPool-1-worker-3] INFO  server.session (HouseKeeper.java:stopScavenging(149)) - node0 Stopped scavenging
2025-09-27 09:20:01,566 [ForkJoinPool-1-worker-3] INFO  handler.ContextHandler (ContextHandler.java:doStop(1159)) - Stopped o.e.j.s.ServletContextHandler@6906d91f{static,/static,jar:file:/home/runner/work/ozone/ozone/hadoop-hdds/container-service/target/hdds-container-service-2.1.0-SNAPSHOT.jar!/webapps/static,STOPPED}
2025-09-27 09:20:01,566 [ForkJoinPool-1-worker-3] INFO  handler.ContextHandler (ContextHandler.java:doStop(1159)) - Stopped o.e.j.s.ServletContextHandler@4ca05f88{logs,/logs,file:///home/runner/work/ozone/ozone/hadoop-ozone/integration-test/target/log,STOPPED}
2025-09-27 09:20:01,567 [ForkJoinPool-1-worker-3] INFO  ozone.HddsDatanodeClientProtocolServer (HddsDatanodeClientProtocolServer.java:stop(82)) - Stopping the RPC server for Client Protocol
2025-09-27 09:20:01,567 [ForkJoinPool-1-worker-3] INFO  ipc.Server (Server.java:stop(3697)) - Stopping server on 15043
2025-09-27 09:20:01,568 [IPC Server listener on 15043] INFO  ipc.Server (Server.java:run(1585)) - Stopping IPC Server listener on 15043
2025-09-27 09:20:01,568 [IPC Server Responder] INFO  ipc.Server (Server.java:run(1718)) - Stopping IPC Server Responder
2025-09-27 09:20:01,625 [EventQueue-StaleNodeForStaleNodeHandler] INFO  node.StaleNodeHandler (StaleNodeHandler.java:onMessage(51)) - Datanode d3e19d45-0b2b-4921-9b28-39a5e9747ac8(localhost/127.0.0.1) moved to stale state. Finalizing its pipelines [Pipeline-92a64d2e-52fa-43d6-8844-3551b3bb1e56]
2025-09-27 09:20:01,627 [EventQueue-StaleNodeForStaleNodeHandler] INFO  pipeline.PipelineManagerImpl (PipelineManagerImpl.java:closePipeline(511)) - Pipeline Pipeline-92a64d2e-52fa-43d6-8844-3551b3bb1e56 moved to CLOSED state
2025-09-27 09:20:01,725 [EventQueue-DeadNodeForDeadNodeHandler] INFO  node.DeadNodeHandler (DeadNodeHandler.java:onMessage(91)) - A dead datanode is detected. 83932d67-4fdc-4fe4-8fe1-3df6c3f1844a(localhost/127.0.0.1)
2025-09-27 09:20:01,727 [EventQueue-DeadNodeForDeadNodeHandler] INFO  pipeline.RatisPipelineProvider (RatisPipelineProvider.java:lambda$close$4(273)) - Send pipeline:Pipeline-d591271a-4e99-47ef-a757-844398c9211a close command to datanode 83932d67-4fdc-4fe4-8fe1-3df6c3f1844a
2025-09-27 09:20:01,727 [EventQueue-DeadNodeForDeadNodeHandler] INFO  pipeline.PipelineManagerImpl (PipelineManagerImpl.java:removePipeline(464)) - Pipeline Pipeline{ Id: d591271a-4e99-47ef-a757-844398c9211a, Nodes: [ {83932d67-4fdc-4fe4-8fe1-3df6c3f1844a(localhost/127.0.0.1), ReplicaIndex: 0},], ReplicationConfig: RATIS/ONE, State:CLOSED, leaderId:83932d67-4fdc-4fe4-8fe1-3df6c3f1844a, CreationTimestamp2025-09-27T09:19:44.019Z[Etc/UTC]} removed.
2025-09-27 09:20:01,727 [EventQueue-DeadNodeForDeadNodeHandler] INFO  node.DeadNodeHandler (DeadNodeHandler.java:onMessage(113)) - Clearing command queue of size 1 for DN 83932d67-4fdc-4fe4-8fe1-3df6c3f1844a(localhost/127.0.0.1)
2025-09-27 09:20:01,727 [EventQueue-DeadNodeForDeadNodeHandler] INFO  net.NetworkTopologyImpl (NetworkTopologyImpl.java:remove(211)) - Removed a node: /default-rack/83932d67-4fdc-4fe4-8fe1-3df6c3f1844a
2025-09-27 09:20:01,727 [ReplicationMonitor] INFO  replication.ReplicationManager (ReplicationManager.java:processAll(384)) - Replication Monitor Thread took 0 milliseconds for processing 0 containers.
2025-09-27 09:20:01,831 [ForkJoinPool-1-worker-1] INFO  utils.DatanodeStoreCache (DatanodeStoreCache.java:shutdownCache(110)) - Skip clearing cache in mini cluster mode. Entries left: [/home/runner/work/ozone/ozone/hadoop-ozone/integration-test/target/test-dir/MiniOzoneClusterImpl-871b4ddd-f672-4be1-b73a-1629492f36a3/ozone-metadata/datanode-3/data-0/hdds/871b4ddd-f672-4be1-b73a-1629492f36a3/DS-925521e0-9fa7-4811-a5d2-a45ad9207c43/container.db]
2025-09-27 09:20:01,832 [ForkJoinPool-1-worker-1] INFO  utils.DatanodeStoreCache (DatanodeStoreCache.java:removeDB(104)) - Removed db /home/runner/work/ozone/ozone/hadoop-ozone/integration-test/target/test-dir/MiniOzoneClusterImpl-871b4ddd-f672-4be1-b73a-1629492f36a3/ozone-metadata/datanode-3/data-0/hdds/871b4ddd-f672-4be1-b73a-1629492f36a3/DS-925521e0-9fa7-4811-a5d2-a45ad9207c43/container.db from cache
2025-09-27 09:20:01,832 [ForkJoinPool-1-worker-1] INFO  volume.HddsVolume (HddsVolume.java:closeDbStore(609)) - SchemaV3 db is stopped at /home/runner/work/ozone/ozone/hadoop-ozone/integration-test/target/test-dir/MiniOzoneClusterImpl-871b4ddd-f672-4be1-b73a-1629492f36a3/ozone-metadata/datanode-3/data-0/hdds/871b4ddd-f672-4be1-b73a-1629492f36a3/DS-925521e0-9fa7-4811-a5d2-a45ad9207c43/container.db for volume DS-925521e0-9fa7-4811-a5d2-a45ad9207c43
2025-09-27 09:20:01,832 [ForkJoinPool-1-worker-1] INFO  utils.BackgroundService (BackgroundService.java:shutdown(195)) - Shutting down service BlockDeletingService
2025-09-27 09:20:01,833 [ForkJoinPool-1-worker-1] INFO  utils.BackgroundService (BackgroundService.java:shutdown(195)) - Shutting down service StaleRecoveringContainerScrubbingService
2025-09-27 09:20:01,833 [ForkJoinPool-1-worker-1] INFO  statemachine.DatanodeStateMachine (DatanodeStateMachine.java:stopDaemon(654)) - Ozone container server stopped.
2025-09-27 09:20:01,846 [ForkJoinPool-1-worker-1] INFO  handler.ContextHandler (ContextHandler.java:doStop(1159)) - Stopped o.e.j.w.WebAppContext@7adaf61b{hddsDatanode,/,null,STOPPED}{jar:file:/home/runner/work/ozone/ozone/hadoop-hdds/container-service/target/hdds-container-service-2.1.0-SNAPSHOT.jar!/webapps/hddsDatanode}
2025-09-27 09:20:01,847 [ForkJoinPool-1-worker-1] INFO  server.AbstractConnector (AbstractConnector.java:doStop(383)) - Stopped ServerConnector@2ae34c61{HTTP/1.1, (http/1.1)}{0.0.0.0:15026}
2025-09-27 09:20:01,847 [ForkJoinPool-1-worker-1] INFO  server.session (HouseKeeper.java:stopScavenging(149)) - node0 Stopped scavenging
2025-09-27 09:20:01,847 [ForkJoinPool-1-worker-1] INFO  handler.ContextHandler (ContextHandler.java:doStop(1159)) - Stopped o.e.j.s.ServletContextHandler@6073feb1{static,/static,jar:file:/home/runner/work/ozone/ozone/hadoop-hdds/container-service/target/hdds-container-service-2.1.0-SNAPSHOT.jar!/webapps/static,STOPPED}
2025-09-27 09:20:01,847 [ForkJoinPool-1-worker-1] INFO  handler.ContextHandler (ContextHandler.java:doStop(1159)) - Stopped o.e.j.s.ServletContextHandler@2944d2e2{logs,/logs,file:///home/runner/work/ozone/ozone/hadoop-ozone/integration-test/target/log,STOPPED}
2025-09-27 09:20:01,848 [ForkJoinPool-1-worker-1] INFO  ozone.HddsDatanodeClientProtocolServer (HddsDatanodeClientProtocolServer.java:stop(82)) - Stopping the RPC server for Client Protocol
2025-09-27 09:20:01,848 [ForkJoinPool-1-worker-1] INFO  ipc.Server (Server.java:stop(3697)) - Stopping server on 15027
2025-09-27 09:20:01,849 [IPC Server listener on 15027] INFO  ipc.Server (Server.java:run(1585)) - Stopping IPC Server listener on 15027
2025-09-27 09:20:01,849 [IPC Server Responder] INFO  ipc.Server (Server.java:run(1718)) - Stopping IPC Server Responder
2025-09-27 09:20:01,850 [ForkJoinPool-1-worker-1] INFO  ozone.MiniOzoneClusterImpl (MiniOzoneClusterImpl.java:stopSCM(458)) - Stopping the StorageContainerManager
2025-09-27 09:20:01,850 [ForkJoinPool-1-worker-1] INFO  server.StorageContainerManager (StorageContainerManager.java:stop(1616)) - Container Balancer is not running.
2025-09-27 09:20:01,850 [ForkJoinPool-1-worker-1] INFO  server.StorageContainerManager (StorageContainerManager.java:stopReplicationManager(1749)) - Stopping Replication Manager Service.
2025-09-27 09:20:01,850 [ForkJoinPool-1-worker-1] INFO  replication.ReplicationManager (ReplicationManager.java:stop(318)) - Stopping Replication Monitor Thread.
2025-09-27 09:20:01,850 [ForkJoinPool-1-worker-1] INFO  server.StorageContainerManager (StorageContainerManager.java:stop(1625)) - Stopping the Datanode Admin Monitor.
2025-09-27 09:20:01,850 [UnderReplicatedProcessor] WARN  replication.UnhealthyReplicationProcessor (UnhealthyReplicationProcessor.java:run(178)) - UnderReplicatedProcessor interrupted. Exiting...
2025-09-27 09:20:01,850 [ReplicationMonitor] INFO  replication.ReplicationManager (ReplicationManager.java:run(938)) - Replication Monitor Thread is stopped
2025-09-27 09:20:01,850 [OverReplicatedProcessor] WARN  replication.UnhealthyReplicationProcessor (UnhealthyReplicationProcessor.java:run(178)) - OverReplicatedProcessor interrupted. Exiting...
2025-09-27 09:20:01,850 [ForkJoinPool-1-worker-1] INFO  server.StorageContainerManager (StorageContainerManager.java:stop(1632)) - Stopping datanode service RPC server
2025-09-27 09:20:01,851 [ForkJoinPool-1-worker-1] INFO  server.SCMDatanodeProtocolServer (SCMDatanodeProtocolServer.java:stop(455)) - Stopping the RPC server for DataNodes
2025-09-27 09:20:01,851 [ForkJoinPool-1-worker-1] INFO  ipc.Server (Server.java:stop(3697)) - Stopping server on 15002
2025-09-27 09:20:01,853 [IPC Server listener on 15002] INFO  ipc.Server (Server.java:run(1585)) - Stopping IPC Server listener on 15002
2025-09-27 09:20:01,855 [IPC Server Responder] INFO  ipc.Server (Server.java:run(1718)) - Stopping IPC Server Responder
2025-09-27 09:20:01,925 [SCMHeartbeatProcessor-0] WARN  node.NodeStateManager (NodeStateManager.java:scheduleNextHealthCheck(913)) - Current Thread is interrupted, shutting down HB processing thread for Node Manager.
2025-09-27 09:20:01,925 [ForkJoinPool-1-worker-1] INFO  server.StorageContainerManager (StorageContainerManager.java:stop(1640)) - Stopping block service RPC server
2025-09-27 09:20:01,926 [ForkJoinPool-1-worker-1] INFO  server.SCMBlockProtocolServer (SCMBlockProtocolServer.java:stop(175)) - Stopping the RPC server for Block Protocol
2025-09-27 09:20:01,926 [ForkJoinPool-1-worker-1] INFO  ipc.Server (Server.java:stop(3697)) - Stopping server on 15001
2025-09-27 09:20:01,928 [IPC Server listener on 15001] INFO  ipc.Server (Server.java:run(1585)) - Stopping IPC Server listener on 15001
2025-09-27 09:20:01,929 [IPC Server Responder] INFO  ipc.Server (Server.java:run(1718)) - Stopping IPC Server Responder
2025-09-27 09:20:01,930 [ForkJoinPool-1-worker-1] INFO  server.StorageContainerManager (StorageContainerManager.java:stop(1647)) - Stopping the StorageContainerLocationProtocol RPC server
2025-09-27 09:20:01,930 [ForkJoinPool-1-worker-1] INFO  server.SCMClientProtocolServer (SCMClientProtocolServer.java:stop(217)) - Stopping the RPC server for Client Protocol
2025-09-27 09:20:01,930 [ForkJoinPool-1-worker-1] INFO  ipc.Server (Server.java:stop(3697)) - Stopping server on 15000
2025-09-27 09:20:01,933 [IPC Server listener on 15000] INFO  ipc.Server (Server.java:run(1585)) - Stopping IPC Server listener on 15000
2025-09-27 09:20:01,933 [ForkJoinPool-1-worker-1] INFO  server.StorageContainerManager (StorageContainerManager.java:stop(1654)) - Stopping Storage Container Manager HTTP server.
2025-09-27 09:20:01,933 [IPC Server Responder] INFO  ipc.Server (Server.java:run(1718)) - Stopping IPC Server Responder
2025-09-27 09:20:01,934 [ForkJoinPool-1-worker-1] INFO  handler.ContextHandler (ContextHandler.java:doStop(1159)) - Stopped o.e.j.w.WebAppContext@51801195{scm,/,null,STOPPED}{file:/home/runner/work/ozone/ozone/hadoop-ozone/integration-test/target/test-classes/webapps/scm}
2025-09-27 09:20:01,935 [ForkJoinPool-1-worker-1] INFO  server.AbstractConnector (AbstractConnector.java:doStop(383)) - Stopped ServerConnector@6e15e514{HTTP/1.1, (http/1.1)}{0.0.0.0:15003}
2025-09-27 09:20:01,935 [ForkJoinPool-1-worker-1] INFO  server.session (HouseKeeper.java:stopScavenging(149)) - node0 Stopped scavenging
2025-09-27 09:20:01,936 [ForkJoinPool-1-worker-1] INFO  handler.ContextHandler (ContextHandler.java:doStop(1159)) - Stopped o.e.j.s.ServletContextHandler@fece545{static,/static,file:///home/runner/work/ozone/ozone/hadoop-ozone/integration-test/target/test-classes/webapps/static,STOPPED}
2025-09-27 09:20:01,936 [ForkJoinPool-1-worker-1] INFO  handler.ContextHandler (ContextHandler.java:doStop(1159)) - Stopped o.e.j.s.ServletContextHandler@5d18d8a2{logs,/logs,file:///home/runner/work/ozone/ozone/hadoop-ozone/integration-test/target/log,STOPPED}
2025-09-27 09:20:01,937 [ForkJoinPool-1-worker-1] INFO  server.StorageContainerManager (StorageContainerManager.java:stop(1662)) - Stopping SCM LayoutVersionManager Service.
2025-09-27 09:20:01,937 [ForkJoinPool-1-worker-1] INFO  server.StorageContainerManager (StorageContainerManager.java:stop(1674)) - Stopping Block Manager Service.
2025-09-27 09:20:01,937 [ForkJoinPool-1-worker-1] INFO  utils.BackgroundService (BackgroundService.java:shutdown(195)) - Shutting down service SCMBlockDeletingService
2025-09-27 09:20:01,937 [ForkJoinPool-1-worker-1] INFO  utils.BackgroundService (BackgroundService.java:shutdown(195)) - Shutting down service SCMBlockDeletingService
2025-09-27 09:20:01,938 [ForkJoinPool-1-worker-1] INFO  server.StorageContainerManager (StorageContainerManager.java:stop(1699)) - Stopping SCM Event Queue.
2025-09-27 09:20:01,939 [ForkJoinPool-1-worker-1] INFO  server.StorageContainerManager (StorageContainerManager.java:stop(1706)) - Stopping SCM HA services.
2025-09-27 09:20:01,940 [ForkJoinPool-1-worker-1] INFO  ha.SCMRatisServerImpl (SCMRatisServerImpl.java:stop(266)) - stopping ratis server 0.0.0.0:15004
2025-09-27 09:20:01,940 [ForkJoinPool-1-worker-1] INFO  server.RaftServer (RaftServerProxy.java:lambda$close$9(422)) - 07f651f6-8f87-47bb-8f69-34e194401a37: close
2025-09-27 09:20:01,940 [ForkJoinPool-1-worker-1] INFO  server.GrpcServicesImpl (GrpcServicesImpl.java:closeImpl(355)) - 07f651f6-8f87-47bb-8f69-34e194401a37: shutdown server GrpcServerProtocolService now
2025-09-27 09:20:01,940 [07f651f6-8f87-47bb-8f69-34e194401a37-impl-thread1] INFO  server.RaftServer$Division (RaftServerImpl.java:lambda$close$1(527)) - 07f651f6-8f87-47bb-8f69-34e194401a37@group-1629492F36A3: shutdown
2025-09-27 09:20:01,941 [07f651f6-8f87-47bb-8f69-34e194401a37-impl-thread1] INFO  util.JmxRegister (JmxRegister.java:unregister(74)) - Successfully un-registered JMX Bean with object name Ratis:service=RaftServer,group=group-1629492F36A3,id=07f651f6-8f87-47bb-8f69-34e194401a37
2025-09-27 09:20:01,941 [07f651f6-8f87-47bb-8f69-34e194401a37-impl-thread1] INFO  impl.RoleInfo (RoleInfo.java:shutdownLeaderState(103)) - 07f651f6-8f87-47bb-8f69-34e194401a37: shutdown 07f651f6-8f87-47bb-8f69-34e194401a37@group-1629492F36A3-LeaderStateImpl
2025-09-27 09:20:01,941 [07f651f6-8f87-47bb-8f69-34e194401a37-impl-thread1] INFO  impl.PendingRequests (PendingRequests.java:sendNotLeaderResponses(287)) - 07f651f6-8f87-47bb-8f69-34e194401a37@group-1629492F36A3-PendingRequests: sendNotLeaderResponses
2025-09-27 09:20:01,941 [07f651f6-8f87-47bb-8f69-34e194401a37-impl-thread1] INFO  ha.SCMStateMachine (SCMStateMachine.java:notifyNotLeader(213)) - current leader SCM steps down.
2025-09-27 09:20:01,941 [07f651f6-8f87-47bb-8f69-34e194401a37-impl-thread1] INFO  ha.SCMContext (SCMContext.java:updateLeaderAndTerm(95)) - update <isLeader,term> from <true,2> to <false,0>
2025-09-27 09:20:01,941 [07f651f6-8f87-47bb-8f69-34e194401a37-impl-thread1] INFO  ha.SCMContext (SCMContext.java:updateLeaderAndTerm(101)) - update <isLeaderReady> from <true> to <false>
2025-09-27 09:20:01,941 [07f651f6-8f87-47bb-8f69-34e194401a37-impl-thread1] INFO  BackgroundPipelineScrubber (BackgroundSCMService.java:notifyStatusChanged(84)) - Service BackgroundPipelineScrubber transitions to PAUSING.
2025-09-27 09:20:01,941 [07f651f6-8f87-47bb-8f69-34e194401a37-impl-thread1] INFO  ExpiredContainerReplicaOpScrubber (BackgroundSCMService.java:notifyStatusChanged(84)) - Service ExpiredContainerReplicaOpScrubber transitions to PAUSING.
2025-09-27 09:20:01,941 [07f651f6-8f87-47bb-8f69-34e194401a37-impl-thread1] INFO  SCMHATransactionMonitor (BackgroundSCMService.java:notifyStatusChanged(84)) - Service SCMHATransactionMonitor transitions to PAUSING.
2025-09-27 09:20:01,942 [07f651f6-8f87-47bb-8f69-34e194401a37-impl-thread1] INFO  impl.StateMachineUpdater (StateMachineUpdater.java:stopAndJoin(163)) - 07f651f6-8f87-47bb-8f69-34e194401a37@group-1629492F36A3-StateMachineUpdater: set stopIndex = 28
2025-09-27 09:20:01,943 [07f651f6-8f87-47bb-8f69-34e194401a37@group-1629492F36A3-StateMachineUpdater] INFO  ha.SCMStateMachine (SCMStateMachine.java:takeSnapshot(332)) - Current Snapshot Index 28, takeSnapshot took 2 ms
2025-09-27 09:20:01,943 [07f651f6-8f87-47bb-8f69-34e194401a37@group-1629492F36A3-StateMachineUpdater] INFO  impl.StateMachineUpdater (StateMachineUpdater.java:takeSnapshot(307)) - 07f651f6-8f87-47bb-8f69-34e194401a37@group-1629492F36A3-StateMachineUpdater: Took a snapshot at index 28
2025-09-27 09:20:01,943 [07f651f6-8f87-47bb-8f69-34e194401a37@group-1629492F36A3-StateMachineUpdater] INFO  impl.StateMachineUpdater (StateMachineUpdater.java:lambda$new$0(101)) - 07f651f6-8f87-47bb-8f69-34e194401a37@group-1629492F36A3-StateMachineUpdater: snapshotIndex: updateIncreasingly -1 -> 28
2025-09-27 09:20:01,943 [07f651f6-8f87-47bb-8f69-34e194401a37@group-1629492F36A3-StateMachineUpdater] INFO  impl.StateMachineUpdater (StateMachineUpdater.java:stop(140)) - 07f651f6-8f87-47bb-8f69-34e194401a37@group-1629492F36A3-StateMachineUpdater: closing SCMStateMachine, lastApplied=(t:2, i:28)
2025-09-27 09:20:01,943 [07f651f6-8f87-47bb-8f69-34e194401a37@group-1629492F36A3-cacheEviction-AwaitToRun] INFO  util.AwaitToRun (AwaitToRun.java:run(49)) - 07f651f6-8f87-47bb-8f69-34e194401a37@group-1629492F36A3-cacheEviction-AwaitToRun-AwaitForSignal is interrupted
2025-09-27 09:20:01,951 [ForkJoinPool-1-worker-1] INFO  server.GrpcServicesImpl (GrpcServicesImpl.java:closeImpl(364)) - 07f651f6-8f87-47bb-8f69-34e194401a37: shutdown server GrpcServerProtocolService successfully
2025-09-27 09:20:02,727 [07f651f6-8f87-47bb-8f69-34e194401a37-impl-thread1] INFO  segmented.SegmentedRaftLogWorker (SegmentedRaftLogWorker.java:close(254)) - 07f651f6-8f87-47bb-8f69-34e194401a37@group-1629492F36A3-SegmentedRaftLogWorker close()
2025-09-27 09:20:02,728 [JvmPauseMonitor1] INFO  util.JvmPauseMonitor (JvmPauseMonitor.java:run(152)) - JvmPauseMonitor-07f651f6-8f87-47bb-8f69-34e194401a37: Stopped
2025-09-27 09:20:02,728 [ForkJoinPool-1-worker-1] INFO  SCMHATransactionMonitor (BackgroundSCMService.java:stop(127)) - Stopping SCMHATransactionMonitor Service.
2025-09-27 09:20:02,728 [SCMHATransactionMonitor] WARN  SCMHATransactionMonitor (BackgroundSCMService.java:run(111)) - SCMHATransactionMonitor is interrupted, exit
2025-09-27 09:20:02,728 [ForkJoinPool-1-worker-1] INFO  pipeline.BackgroundPipelineCreator (BackgroundPipelineCreator.java:stop(154)) - Stopping RatisPipelineUtilsThread.
2025-09-27 09:20:02,729 [RatisPipelineUtilsThread-0] WARN  pipeline.BackgroundPipelineCreator (BackgroundPipelineCreator.java:run(185)) - RatisPipelineUtilsThread is interrupted.
2025-09-27 09:20:02,729 [ForkJoinPool-1-worker-1] INFO  BackgroundPipelineScrubber (BackgroundSCMService.java:stop(127)) - Stopping BackgroundPipelineScrubber Service.
2025-09-27 09:20:02,729 [BackgroundPipelineScrubber] WARN  BackgroundPipelineScrubber (BackgroundSCMService.java:run(111)) - BackgroundPipelineScrubber is interrupted, exit
2025-09-27 09:20:02,730 [ForkJoinPool-1-worker-1] INFO  impl.MetricsSystemImpl (MetricsSystemImpl.java:stop(210)) - Stopping HddsDatanode metrics system...
2025-09-27 09:20:02,730 [prometheus] INFO  impl.MetricsSinkAdapter (MetricsSinkAdapter.java:publishMetricsFromQueue(141)) - prometheus thread interrupted.
2025-09-27 09:20:02,730 [ForkJoinPool-1-worker-1] INFO  impl.MetricsSystemImpl (MetricsSystemImpl.java:stop(216)) - HddsDatanode metrics system stopped.
2025-09-27 09:20:02,731 [ForkJoinPool-1-worker-1] WARN  pipeline.BackgroundPipelineCreator (BackgroundPipelineCreator.java:stop(150)) - RatisPipelineUtilsThread is not running, just ignore.
2025-09-27 09:20:02,731 [ForkJoinPool-1-worker-1] INFO  BackgroundPipelineScrubber (BackgroundSCMService.java:stop(122)) - BackgroundPipelineScrubber Service is not running, skip stop.
2025-09-27 09:20:02,731 [ForkJoinPool-1-worker-1] INFO  ExpiredContainerReplicaOpScrubber (BackgroundSCMService.java:stop(127)) - Stopping ExpiredContainerReplicaOpScrubber Service.
2025-09-27 09:20:02,731 [ExpiredContainerReplicaOpScrubber] WARN  ExpiredContainerReplicaOpScrubber (BackgroundSCMService.java:run(111)) - ExpiredContainerReplicaOpScrubber is interrupted, exit
2025-09-27 09:20:02,731 [ForkJoinPool-1-worker-1] INFO  utils.BackgroundService (BackgroundService.java:shutdown(195)) - Shutting down service SCMBlockDeletingService
2025-09-27 09:20:02,731 [ForkJoinPool-1-worker-1] INFO  replication.ReplicationManager (ReplicationManager.java:stop(325)) - Replication Monitor Thread is not running.
2025-09-27 09:20:02,731 [ForkJoinPool-1-worker-1] WARN  balancer.ContainerBalancer (ContainerBalancer.java:stop(362)) - Cannot stop Container Balancer because it's not running or stopping
2025-09-27 09:20:02,731 [ForkJoinPool-1-worker-1] INFO  SCMHATransactionMonitor (BackgroundSCMService.java:stop(122)) - SCMHATransactionMonitor Service is not running, skip stop.
2025-09-27 09:20:02,732 [ForkJoinPool-1-worker-1] INFO  server.StorageContainerManager (StorageContainerManager.java:stop(1740)) - Stopping SCM MetadataStore.
]]></system-out>
  </testcase>
</testsuite>