<?xml version="1.0" encoding="UTF-8"?>
<testsuite xmlns:xsi="http://www.w3.org/2001/XMLSchema-instance" xsi:noNamespaceSchemaLocation="https://maven.apache.org/surefire/maven-surefire-plugin/xsd/surefire-test-report-3.0.xsd" version="3.0" name="org.apache.hadoop.ozone.client.rpc.TestOzoneAtRestEncryption" time="74.593" tests="22" errors="1" skipped="0" failures="0">
  <properties>
    <property name="awt.toolkit" value="sun.awt.X11.XToolkit"/>
    <property name="log4j.configuration" value="kms-log4j.properties"/>
    <property name="java.specification.version" value="1.8"/>
    <property name="file.encoding.pkg" value="sun.io"/>
    <property name="sun.cpu.isalist" value=""/>
    <property name="sun.jnu.encoding" value="UTF-8"/>
    <property name="java.class.path" value="/home/runner/work/ozone/ozone/hadoop-ozone/integration-test/target/test-classes:/home/runner/work/ozone/ozone/hadoop-ozone/integration-test/target/classes:/home/runner/.m2/repository/org/apache/ozone/ozone-common/1.4.0-SNAPSHOT/ozone-common-1.4.0-SNAPSHOT.jar:/home/runner/.m2/repository/io/grpc/grpc-netty/1.51.1/grpc-netty-1.51.1.jar:/home/runner/.m2/repository/io/grpc/grpc-core/1.51.1/grpc-core-1.51.1.jar:/home/runner/.m2/repository/com/google/android/annotations/4.1.1.4/annotations-4.1.1.4.jar:/home/runner/.m2/repository/org/codehaus/mojo/animal-sniffer-annotations/1.21/animal-sniffer-annotations-1.21.jar:/home/runner/.m2/repository/com/google/errorprone/error_prone_annotations/2.2.0/error_prone_annotations-2.2.0.jar:/home/runner/.m2/repository/io/perfmark/perfmark-api/0.25.0/perfmark-api-0.25.0.jar:/home/runner/.m2/repository/io/netty/netty-codec-http2/4.1.86.Final/netty-codec-http2-4.1.86.Final.jar:/home/runner/.m2/repository/io/netty/netty-common/4.1.86.Final/netty-common-4.1.86.Final.jar:/home/runner/.m2/repository/io/netty/netty-buffer/4.1.86.Final/netty-buffer-4.1.86.Final.jar:/home/runner/.m2/repository/io/netty/netty-codec-http/4.1.86.Final/netty-codec-http-4.1.86.Final.jar:/home/runner/.m2/repository/io/netty/netty-handler-proxy/4.1.86.Final/netty-handler-proxy-4.1.86.Final.jar:/home/runner/.m2/repository/io/netty/netty-codec-socks/4.1.86.Final/netty-codec-socks-4.1.86.Final.jar:/home/runner/.m2/repository/io/netty/netty-tcnative-boringssl-static/2.0.54.Final/netty-tcnative-boringssl-static-2.0.54.Final.jar:/home/runner/.m2/repository/io/netty/netty-tcnative-classes/2.0.54.Final/netty-tcnative-classes-2.0.54.Final.jar:/home/runner/.m2/repository/io/netty/netty-tcnative-boringssl-static/2.0.54.Final/netty-tcnative-boringssl-static-2.0.54.Final-linux-x86_64.jar:/home/runner/.m2/repository/io/netty/netty-tcnative-boringssl-static/2.0.54.Final/netty-tcnative-boringssl-static-2.0.54.Final-linux-aarch_64.jar:/home/runner/.m2/repository/io/netty/netty-tcnative-boringssl-static/2.0.54.Final/netty-tcnative-boringssl-static-2.0.54.Final-osx-x86_64.jar:/home/runner/.m2/repository/io/netty/netty-tcnative-boringssl-static/2.0.54.Final/netty-tcnative-boringssl-static-2.0.54.Final-osx-aarch_64.jar:/home/runner/.m2/repository/io/netty/netty-tcnative-boringssl-static/2.0.54.Final/netty-tcnative-boringssl-static-2.0.54.Final-windows-x86_64.jar:/home/runner/.m2/repository/org/apache/commons/commons-compress/1.21/commons-compress-1.21.jar:/home/runner/.m2/repository/org/apache/ozone/hdds-common/1.4.0-SNAPSHOT/hdds-common-1.4.0-SNAPSHOT.jar:/home/runner/.m2/repository/org/apache/ozone/hdds-client/1.4.0-SNAPSHOT/hdds-client-1.4.0-SNAPSHOT.jar:/home/runner/.m2/repository/org/apache/ozone/ozone-interface-client/1.4.0-SNAPSHOT/ozone-interface-client-1.4.0-SNAPSHOT.jar:/home/runner/.m2/repository/org/apache/hadoop/hadoop-hdfs-client/3.3.5/hadoop-hdfs-client-3.3.5.jar:/home/runner/.m2/repository/com/squareup/okhttp3/okhttp/4.9.3/okhttp-4.9.3.jar:/home/runner/.m2/repository/com/squareup/okio/okio/2.8.0/okio-2.8.0.jar:/home/runner/.m2/repository/org/jetbrains/kotlin/kotlin-stdlib-common/1.6.21/kotlin-stdlib-common-1.6.21.jar:/home/runner/.m2/repository/org/apache/ozone/hdds-test-utils/1.4.0-SNAPSHOT/hdds-test-utils-1.4.0-SNAPSHOT.jar:/home/runner/.m2/repository/com/google/guava/guava/32.0.0-jre/guava-32.0.0-jre.jar:/home/runner/.m2/repository/com/google/guava/failureaccess/1.0.1/failureaccess-1.0.1.jar:/home/runner/.m2/repository/com/google/guava/listenablefuture/9999.0-empty-to-avoid-conflict-with-guava/listenablefuture-9999.0-empty-to-avoid-conflict-with-guava.jar:/home/runner/.m2/repository/com/google/code/findbugs/jsr305/3.0.0/jsr305-3.0.0.jar:/home/runner/.m2/repository/org/checkerframework/checker-qual/3.33.0/checker-qual-3.33.0.jar:/home/runner/.m2/repository/com/google/j2objc/j2objc-annotations/2.8/j2objc-annotations-2.8.jar:/home/runner/.m2/repository/commons-io/commons-io/2.11.0/commons-io-2.11.0.jar:/home/runner/.m2/repository/commons-logging/commons-logging/1.2/commons-logging-1.2.jar:/home/runner/.m2/repository/ch/qos/reload4j/reload4j/1.2.22/reload4j-1.2.22.jar:/home/runner/.m2/repository/org/slf4j/slf4j-api/1.7.36/slf4j-api-1.7.36.jar:/home/runner/.m2/repository/org/apache/ozone/hdds-server-scm/1.4.0-SNAPSHOT/hdds-server-scm-1.4.0-SNAPSHOT.jar:/home/runner/.m2/repository/org/apache/ozone/hdds-container-service/1.4.0-SNAPSHOT/hdds-container-service-1.4.0-SNAPSHOT.jar:/home/runner/.m2/repository/org/apache/ozone/hdds-hadoop-dependency-server/1.4.0-SNAPSHOT/hdds-hadoop-dependency-server-1.4.0-SNAPSHOT.jar:/home/runner/.m2/repository/org/apache/hadoop/hadoop-hdfs/3.3.5/hadoop-hdfs-3.3.5.jar:/home/runner/.m2/repository/commons-daemon/commons-daemon/1.0.13/commons-daemon-1.0.13.jar:/home/runner/.m2/repository/org/apache/ozone/hdds-server-framework/1.4.0-SNAPSHOT/hdds-server-framework-1.4.0-SNAPSHOT.jar:/home/runner/.m2/repository/io/dropwizard/metrics/metrics-core/3.2.4/metrics-core-3.2.4.jar:/home/runner/.m2/repository/org/apache/commons/commons-text/1.10.0/commons-text-1.10.0.jar:/home/runner/.m2/repository/org/bouncycastle/bcprov-jdk15on/1.67/bcprov-jdk15on-1.67.jar:/home/runner/.m2/repository/com/google/protobuf/protobuf-java/2.5.0/protobuf-java-2.5.0.jar:/home/runner/.m2/repository/org/apache/ozone/hdds-server-framework/1.4.0-SNAPSHOT/hdds-server-framework-1.4.0-SNAPSHOT-tests.jar:/home/runner/.m2/repository/org/apache/ozone/hdds-interface-server/1.4.0-SNAPSHOT/hdds-interface-server-1.4.0-SNAPSHOT.jar:/home/runner/.m2/repository/org/apache/ozone/hdds-interface-admin/1.4.0-SNAPSHOT/hdds-interface-admin-1.4.0-SNAPSHOT.jar:/home/runner/.m2/repository/org/apache/ozone/hdds-managed-rocksdb/1.4.0-SNAPSHOT/hdds-managed-rocksdb-1.4.0-SNAPSHOT.jar:/home/runner/.m2/repository/org/rocksdb/rocksdbjni/7.7.3/rocksdbjni-7.7.3.jar:/home/runner/.m2/repository/org/slf4j/slf4j-reload4j/1.7.36/slf4j-reload4j-1.7.36.jar:/home/runner/.m2/repository/org/apache/commons/commons-configuration2/2.1.1/commons-configuration2-2.1.1.jar:/home/runner/.m2/repository/commons-fileupload/commons-fileupload/1.5/commons-fileupload-1.5.jar:/home/runner/.m2/repository/org/apache/logging/log4j/log4j-core/2.17.1/log4j-core-2.17.1.jar:/home/runner/.m2/repository/com/lmax/disruptor/3.4.2/disruptor-3.4.2.jar:/home/runner/.m2/repository/org/eclipse/jetty/jetty-util/9.4.51.v20230217/jetty-util-9.4.51.v20230217.jar:/home/runner/.m2/repository/org/eclipse/jetty/jetty-server/9.4.51.v20230217/jetty-server-9.4.51.v20230217.jar:/home/runner/.m2/repository/org/eclipse/jetty/jetty-http/9.4.51.v20230217/jetty-http-9.4.51.v20230217.jar:/home/runner/.m2/repository/org/eclipse/jetty/jetty-io/9.4.51.v20230217/jetty-io-9.4.51.v20230217.jar:/home/runner/.m2/repository/org/eclipse/jetty/jetty-servlet/9.4.51.v20230217/jetty-servlet-9.4.51.v20230217.jar:/home/runner/.m2/repository/org/eclipse/jetty/jetty-security/9.4.51.v20230217/jetty-security-9.4.51.v20230217.jar:/home/runner/.m2/repository/org/eclipse/jetty/jetty-util-ajax/9.4.51.v20230217/jetty-util-ajax-9.4.51.v20230217.jar:/home/runner/.m2/repository/org/eclipse/jetty/jetty-webapp/9.4.51.v20230217/jetty-webapp-9.4.51.v20230217.jar:/home/runner/.m2/repository/org/eclipse/jetty/jetty-xml/9.4.51.v20230217/jetty-xml-9.4.51.v20230217.jar:/home/runner/.m2/repository/org/apache/ratis/ratis-server/2.5.1/ratis-server-2.5.1.jar:/home/runner/.m2/repository/org/apache/ratis/ratis-thirdparty-misc/1.0.4/ratis-thirdparty-misc-1.0.4.jar:/home/runner/.m2/repository/org/apache/ratis/ratis-proto/2.5.1/ratis-proto-2.5.1.jar:/home/runner/.m2/repository/org/apache/ratis/ratis-common/2.5.1/ratis-common-2.5.1.jar:/home/runner/.m2/repository/org/apache/ratis/ratis-client/2.5.1/ratis-client-2.5.1.jar:/home/runner/.m2/repository/org/apache/ratis/ratis-server-api/2.5.1/ratis-server-api-2.5.1.jar:/home/runner/.m2/repository/org/apache/ratis/ratis-metrics/2.5.1/ratis-metrics-2.5.1.jar:/home/runner/.m2/repository/io/prometheus/simpleclient_dropwizard/0.7.0/simpleclient_dropwizard-0.7.0.jar:/home/runner/.m2/repository/io/prometheus/simpleclient/0.7.0/simpleclient-0.7.0.jar:/home/runner/.m2/repository/io/prometheus/simpleclient_common/0.7.0/simpleclient_common-0.7.0.jar:/home/runner/.m2/repository/com/fasterxml/jackson/datatype/jackson-datatype-jsr310/2.13.4/jackson-datatype-jsr310-2.13.4.jar:/home/runner/.m2/repository/com/fasterxml/jackson/core/jackson-core/2.13.4/jackson-core-2.13.4.jar:/home/runner/.m2/repository/com/github/spotbugs/spotbugs-annotations/3.1.12/spotbugs-annotations-3.1.12.jar:/home/runner/.m2/repository/org/apache/ozone/rocksdb-checkpoint-differ/1.4.0-SNAPSHOT/rocksdb-checkpoint-differ-1.4.0-SNAPSHOT.jar:/home/runner/.m2/repository/org/awaitility/awaitility/4.2.0/awaitility-4.2.0.jar:/home/runner/.m2/repository/org/hamcrest/hamcrest/2.1/hamcrest-2.1.jar:/home/runner/.m2/repository/org/apache/ozone/ozone-manager/1.4.0-SNAPSHOT/ozone-manager-1.4.0-SNAPSHOT.jar:/home/runner/.m2/repository/org/aspectj/aspectjrt/1.9.7/aspectjrt-1.9.7.jar:/home/runner/.m2/repository/org/aspectj/aspectjweaver/1.9.7/aspectjweaver-1.9.7.jar:/home/runner/.m2/repository/org/apache/ozone/hdds-interface-client/1.4.0-SNAPSHOT/hdds-interface-client-1.4.0-SNAPSHOT.jar:/home/runner/.m2/repository/org/apache/hadoop/thirdparty/hadoop-shaded-protobuf_3_7/1.1.1/hadoop-shaded-protobuf_3_7-1.1.1.jar:/home/runner/.m2/repository/org/apache/ozone/ozone-interface-storage/1.4.0-SNAPSHOT/ozone-interface-storage-1.4.0-SNAPSHOT.jar:/home/runner/.m2/repository/org/reflections/reflections/0.9.11/reflections-0.9.11.jar:/home/runner/.m2/repository/com/sun/jersey/jersey-client/1.19/jersey-client-1.19.jar:/home/runner/.m2/repository/org/codehaus/jackson/jackson-core-asl/1.9.13/jackson-core-asl-1.9.13.jar:/home/runner/.m2/repository/org/codehaus/jackson/jackson-mapper-asl/1.9.13/jackson-mapper-asl-1.9.13.jar:/home/runner/.m2/repository/org/codehaus/jackson/jackson-jaxrs/1.9.13/jackson-jaxrs-1.9.13.jar:/home/runner/.m2/repository/org/apache/ranger/ranger-intg/2.3.0/ranger-intg-2.3.0.jar:/home/runner/.m2/repository/org/apache/ranger/ranger-plugins-common/2.3.0/ranger-plugins-common-2.3.0.jar:/home/runner/.m2/repository/commons-lang/commons-lang/2.6/commons-lang-2.6.jar:/home/runner/.m2/repository/org/apache/ranger/ranger-plugins-cred/2.3.0/ranger-plugins-cred-2.3.0.jar:/home/runner/.m2/repository/org/apache/ranger/ranger-plugins-audit/2.3.0/ranger-plugins-audit-2.3.0.jar:/home/runner/.m2/repository/org/eclipse/jetty/jetty-client/9.4.51.v20230217/jetty-client-9.4.51.v20230217.jar:/home/runner/.m2/repository/org/apache/httpcomponents/httpmime/4.5.6/httpmime-4.5.6.jar:/home/runner/.m2/repository/org/apache/httpcomponents/httpcore-nio/4.4.13/httpcore-nio-4.4.13.jar:/home/runner/.m2/repository/org/apache/httpcomponents/httpasyncclient/4.1.3/httpasyncclient-4.1.3.jar:/home/runner/.m2/repository/com/carrotsearch/hppc/0.8.0/hppc-0.8.0.jar:/home/runner/.m2/repository/org/apache/orc/orc-core/1.5.8/orc-core-1.5.8.jar:/home/runner/.m2/repository/net/java/dev/jna/jna/5.2.0/jna-5.2.0.jar:/home/runner/.m2/repository/net/java/dev/jna/jna-platform/5.2.0/jna-platform-5.2.0.jar:/home/runner/.m2/repository/com/kstruct/gethostname4j/0.0.2/gethostname4j-0.0.2.jar:/home/runner/.m2/repository/org/apache/ranger/ranger-plugin-classloader/2.3.0/ranger-plugin-classloader-2.3.0.jar:/home/runner/.m2/repository/org/apache/ozone/hdds-rocks-native/1.4.0-SNAPSHOT/hdds-rocks-native-1.4.0-SNAPSHOT.jar:/home/runner/.m2/repository/org/apache/hadoop/hadoop-minikdc/3.3.5/hadoop-minikdc-3.3.5.jar:/home/runner/.m2/repository/org/apache/kerby/kerb-simplekdc/1.0.1/kerb-simplekdc-1.0.1.jar:/home/runner/.m2/repository/org/apache/kerby/kerb-client/1.0.1/kerb-client-1.0.1.jar:/home/runner/.m2/repository/org/apache/kerby/kerby-config/1.0.1/kerby-config-1.0.1.jar:/home/runner/.m2/repository/org/apache/kerby/kerb-common/1.0.1/kerb-common-1.0.1.jar:/home/runner/.m2/repository/org/apache/kerby/kerb-crypto/1.0.1/kerb-crypto-1.0.1.jar:/home/runner/.m2/repository/org/apache/kerby/kerb-util/1.0.1/kerb-util-1.0.1.jar:/home/runner/.m2/repository/org/apache/kerby/token-provider/1.0.1/token-provider-1.0.1.jar:/home/runner/.m2/repository/org/apache/kerby/kerb-admin/1.0.1/kerb-admin-1.0.1.jar:/home/runner/.m2/repository/org/apache/kerby/kerb-server/1.0.1/kerb-server-1.0.1.jar:/home/runner/.m2/repository/org/apache/kerby/kerb-identity/1.0.1/kerb-identity-1.0.1.jar:/home/runner/.m2/repository/org/apache/kerby/kerby-xdr/1.0.1/kerby-xdr-1.0.1.jar:/home/runner/.m2/repository/org/apache/ozone/ozone-s3gateway/1.4.0-SNAPSHOT/ozone-s3gateway-1.4.0-SNAPSHOT.jar:/home/runner/.m2/repository/org/javassist/javassist/3.21.0-GA/javassist-3.21.0-GA.jar:/home/runner/.m2/repository/org/jboss/weld/servlet/weld-servlet-shaded/3.1.9.Final/weld-servlet-shaded-3.1.9.Final.jar:/home/runner/.m2/repository/org/glassfish/jersey/containers/jersey-container-servlet-core/2.34/jersey-container-servlet-core-2.34.jar:/home/runner/.m2/repository/org/glassfish/hk2/external/jakarta.inject/2.6.1/jakarta.inject-2.6.1.jar:/home/runner/.m2/repository/org/glassfish/jersey/core/jersey-common/2.34/jersey-common-2.34.jar:/home/runner/.m2/repository/jakarta/ws/rs/jakarta.ws.rs-api/2.1.6/jakarta.ws.rs-api-2.1.6.jar:/home/runner/.m2/repository/org/glassfish/jersey/ext/cdi/jersey-cdi1x/2.34/jersey-cdi1x-2.34.jar:/home/runner/.m2/repository/org/glassfish/jersey/inject/jersey-hk2/2.34/jersey-hk2-2.34.jar:/home/runner/.m2/repository/org/glassfish/hk2/hk2-locator/2.6.1/hk2-locator-2.6.1.jar:/home/runner/.m2/repository/org/glassfish/jersey/media/jersey-media-jaxb/2.34/jersey-media-jaxb-2.34.jar:/home/runner/.m2/repository/org/glassfish/hk2/osgi-resource-locator/1.0.3/osgi-resource-locator-1.0.3.jar:/home/runner/.m2/repository/org/glassfish/hk2/hk2-api/2.5.0/hk2-api-2.5.0.jar:/home/runner/.m2/repository/org/glassfish/hk2/hk2-utils/2.5.0/hk2-utils-2.5.0.jar:/home/runner/.m2/repository/org/glassfish/hk2/external/aopalliance-repackaged/2.5.0/aopalliance-repackaged-2.5.0.jar:/home/runner/.m2/repository/com/fasterxml/jackson/dataformat/jackson-dataformat-xml/2.13.4/jackson-dataformat-xml-2.13.4.jar:/home/runner/.m2/repository/org/codehaus/woodstox/stax2-api/4.2.1/stax2-api-4.2.1.jar:/home/runner/.m2/repository/com/fasterxml/woodstox/woodstox-core/5.4.0/woodstox-core-5.4.0.jar:/home/runner/.m2/repository/com/fasterxml/jackson/module/jackson-module-jaxb-annotations/2.13.4/jackson-module-jaxb-annotations-2.13.4.jar:/home/runner/.m2/repository/jakarta/xml/bind/jakarta.xml.bind-api/2.3.3/jakarta.xml.bind-api-2.3.3.jar:/home/runner/.m2/repository/jakarta/activation/jakarta.activation-api/1.2.2/jakarta.activation-api-1.2.2.jar:/home/runner/.m2/repository/javax/enterprise/cdi-api/2.0/cdi-api-2.0.jar:/home/runner/.m2/repository/javax/el/javax.el-api/3.0.0/javax.el-api-3.0.0.jar:/home/runner/.m2/repository/javax/interceptor/javax.interceptor-api/1.2/javax.interceptor-api-1.2.jar:/home/runner/.m2/repository/javax/inject/javax.inject/1/javax.inject-1.jar:/home/runner/.m2/repository/javax/xml/bind/jaxb-api/2.3.0/jaxb-api-2.3.0.jar:/home/runner/.m2/repository/org/glassfish/jaxb/jaxb-runtime/2.3.0.1/jaxb-runtime-2.3.0.1.jar:/home/runner/.m2/repository/org/glassfish/jaxb/jaxb-core/2.3.0.1/jaxb-core-2.3.0.1.jar:/home/runner/.m2/repository/org/glassfish/jaxb/txw2/2.3.0.1/txw2-2.3.0.1.jar:/home/runner/.m2/repository/com/sun/istack/istack-commons-runtime/3.0.5/istack-commons-runtime-3.0.5.jar:/home/runner/.m2/repository/org/jvnet/staxex/stax-ex/1.7.8/stax-ex-1.7.8.jar:/home/runner/.m2/repository/com/sun/xml/fastinfoset/FastInfoset/1.2.13/FastInfoset-1.2.13.jar:/home/runner/.m2/repository/javax/activation/activation/1.1.1/activation-1.1.1.jar:/home/runner/.m2/repository/io/grpc/grpc-protobuf/1.51.1/grpc-protobuf-1.51.1.jar:/home/runner/.m2/repository/com/google/api/grpc/proto-google-common-protos/2.9.0/proto-google-common-protos-2.9.0.jar:/home/runner/.m2/repository/io/grpc/grpc-protobuf-lite/1.51.1/grpc-protobuf-lite-1.51.1.jar:/home/runner/.m2/repository/io/grpc/grpc-stub/1.51.1/grpc-stub-1.51.1.jar:/home/runner/.m2/repository/io/netty/netty-transport/4.1.86.Final/netty-transport-4.1.86.Final.jar:/home/runner/.m2/repository/io/netty/netty-resolver/4.1.86.Final/netty-resolver-4.1.86.Final.jar:/home/runner/.m2/repository/org/apache/ozone/ozone-csi/1.4.0-SNAPSHOT/ozone-csi-1.4.0-SNAPSHOT.jar:/home/runner/.m2/repository/com/google/protobuf/protobuf-java-util/3.19.6/protobuf-java-util-3.19.6.jar:/home/runner/.m2/repository/com/google/code/gson/gson/2.9.0/gson-2.9.0.jar:/home/runner/.m2/repository/org/apache/ozone/hdds-config/1.4.0-SNAPSHOT/hdds-config-1.4.0-SNAPSHOT.jar:/home/runner/.m2/repository/io/netty/netty-transport-native-epoll/4.1.86.Final/netty-transport-native-epoll-4.1.86.Final-linux-x86_64.jar:/home/runner/.m2/repository/io/netty/netty-transport-classes-epoll/4.1.86.Final/netty-transport-classes-epoll-4.1.86.Final.jar:/home/runner/.m2/repository/io/netty/netty-transport-native-unix-common/4.1.86.Final/netty-transport-native-unix-common-4.1.86.Final.jar:/home/runner/.m2/repository/org/apache/ozone/ozone-recon/1.4.0-SNAPSHOT/ozone-recon-1.4.0-SNAPSHOT.jar:/home/runner/.m2/repository/org/apache/ozone/ozone-reconcodegen/1.4.0-SNAPSHOT/ozone-reconcodegen-1.4.0-SNAPSHOT.jar:/home/runner/.m2/repository/com/google/inject/guice/5.1.0/guice-5.1.0.jar:/home/runner/.m2/repository/aopalliance/aopalliance/1.0/aopalliance-1.0.jar:/home/runner/.m2/repository/com/google/inject/extensions/guice-assistedinject/5.1.0/guice-assistedinject-5.1.0.jar:/home/runner/.m2/repository/com/google/inject/extensions/guice-servlet/5.1.0/guice-servlet-5.1.0.jar:/home/runner/.m2/repository/org/glassfish/jersey/containers/jersey-container-servlet/2.34/jersey-container-servlet-2.34.jar:/home/runner/.m2/repository/org/glassfish/hk2/guice-bridge/2.5.0/guice-bridge-2.5.0.jar:/home/runner/.m2/repository/org/glassfish/jersey/core/jersey-server/2.34/jersey-server-2.34.jar:/home/runner/.m2/repository/org/glassfish/jersey/core/jersey-client/2.34/jersey-client-2.34.jar:/home/runner/.m2/repository/jakarta/annotation/jakarta.annotation-api/1.3.5/jakarta.annotation-api-1.3.5.jar:/home/runner/.m2/repository/jakarta/validation/jakarta.validation-api/2.0.2/jakarta.validation-api-2.0.2.jar:/home/runner/.m2/repository/org/glassfish/jersey/media/jersey-media-json-jackson/2.34/jersey-media-json-jackson-2.34.jar:/home/runner/.m2/repository/org/glassfish/jersey/ext/jersey-entity-filtering/2.34/jersey-entity-filtering-2.34.jar:/home/runner/.m2/repository/org/jooq/jooq/3.11.10/jooq-3.11.10.jar:/home/runner/.m2/repository/org/jooq/jooq-meta/3.11.10/jooq-meta-3.11.10.jar:/home/runner/.m2/repository/org/jooq/jooq-codegen/3.11.10/jooq-codegen-3.11.10.jar:/home/runner/.m2/repository/com/jolbox/bonecp/0.8.0.RELEASE/bonecp-0.8.0.RELEASE.jar:/home/runner/.m2/repository/org/apache/derby/derby/10.14.2.0/derby-10.14.2.0.jar:/home/runner/.m2/repository/org/xerial/sqlite-jdbc/3.41.2.2/sqlite-jdbc-3.41.2.2.jar:/home/runner/.m2/repository/org/springframework/spring-jdbc/5.3.27/spring-jdbc-5.3.27.jar:/home/runner/.m2/repository/org/springframework/spring-beans/5.3.27/spring-beans-5.3.27.jar:/home/runner/.m2/repository/org/springframework/spring-core/5.3.27/spring-core-5.3.27.jar:/home/runner/.m2/repository/org/springframework/spring-tx/5.3.27/spring-tx-5.3.27.jar:/home/runner/.m2/repository/org/apache/ozone/ozone-client/1.4.0-SNAPSHOT/ozone-client-1.4.0-SNAPSHOT.jar:/home/runner/.m2/repository/org/apache/ozone/hdds-erasurecode/1.4.0-SNAPSHOT/hdds-erasurecode-1.4.0-SNAPSHOT.jar:/home/runner/.m2/repository/org/apache/ozone/ozone-filesystem/1.4.0-SNAPSHOT/ozone-filesystem-1.4.0-SNAPSHOT.jar:/home/runner/.m2/repository/org/apache/ozone/ozone-filesystem-common/1.4.0-SNAPSHOT/ozone-filesystem-common-1.4.0-SNAPSHOT.jar:/home/runner/.m2/repository/org/apache/ozone/ozone-tools/1.4.0-SNAPSHOT/ozone-tools-1.4.0-SNAPSHOT.jar:/home/runner/.m2/repository/com/amazonaws/aws-java-sdk-core/1.12.261/aws-java-sdk-core-1.12.261.jar:/home/runner/.m2/repository/org/apache/httpcomponents/httpclient/4.5.13/httpclient-4.5.13.jar:/home/runner/.m2/repository/org/apache/httpcomponents/httpcore/4.4.13/httpcore-4.4.13.jar:/home/runner/.m2/repository/software/amazon/ion/ion-java/1.0.2/ion-java-1.0.2.jar:/home/runner/.m2/repository/com/fasterxml/jackson/dataformat/jackson-dataformat-cbor/2.13.4/jackson-dataformat-cbor-2.13.4.jar:/home/runner/.m2/repository/joda-time/joda-time/2.10.6/joda-time-2.10.6.jar:/home/runner/.m2/repository/com/amazonaws/aws-java-sdk-s3/1.12.261/aws-java-sdk-s3-1.12.261.jar:/home/runner/.m2/repository/com/amazonaws/aws-java-sdk-kms/1.12.261/aws-java-sdk-kms-1.12.261.jar:/home/runner/.m2/repository/com/amazonaws/jmespath-java/1.12.261/jmespath-java-1.12.261.jar:/home/runner/.m2/repository/org/kohsuke/metainf-services/metainf-services/1.8/metainf-services-1.8.jar:/home/runner/.m2/repository/org/apache/ozone/hdds-tools/1.4.0-SNAPSHOT/hdds-tools-1.4.0-SNAPSHOT.jar:/home/runner/.m2/repository/org/apache/ratis/ratis-tools/2.5.1/ratis-tools-2.5.1.jar:/home/runner/.m2/repository/commons-cli/commons-cli/1.2/commons-cli-1.2.jar:/home/runner/.m2/repository/org/apache/commons/commons-lang3/3.7/commons-lang3-3.7.jar:/home/runner/.m2/repository/org/apache/ozone/ozone-manager/1.4.0-SNAPSHOT/ozone-manager-1.4.0-SNAPSHOT-tests.jar:/home/runner/.m2/repository/org/apache/ozone/hdds-common/1.4.0-SNAPSHOT/hdds-common-1.4.0-SNAPSHOT-tests.jar:/home/runner/.m2/repository/org/apache/ozone/hdds-hadoop-dependency-client/1.4.0-SNAPSHOT/hdds-hadoop-dependency-client-1.4.0-SNAPSHOT.jar:/home/runner/.m2/repository/info/picocli/picocli/4.6.1/picocli-4.6.1.jar:/home/runner/.m2/repository/com/fasterxml/jackson/core/jackson-annotations/2.13.4/jackson-annotations-2.13.4.jar:/home/runner/.m2/repository/org/apache/ozone/hdds-annotation-processing/1.4.0-SNAPSHOT/hdds-annotation-processing-1.4.0-SNAPSHOT.jar:/home/runner/.m2/repository/javax/annotation/javax.annotation-api/1.2/javax.annotation-api-1.2.jar:/home/runner/.m2/repository/org/apache/ratis/ratis-netty/2.5.1/ratis-netty-2.5.1.jar:/home/runner/.m2/repository/org/apache/ratis/ratis-grpc/2.5.1/ratis-grpc-2.5.1.jar:/home/runner/.m2/repository/org/apache/logging/log4j/log4j-api/2.17.1/log4j-api-2.17.1.jar:/home/runner/.m2/repository/org/apache/commons/commons-pool2/2.6.0/commons-pool2-2.6.0.jar:/home/runner/.m2/repository/org/bouncycastle/bcpkix-jdk15on/1.67/bcpkix-jdk15on-1.67.jar:/home/runner/.m2/repository/commons-validator/commons-validator/1.6/commons-validator-1.6.jar:/home/runner/.m2/repository/commons-beanutils/commons-beanutils/1.9.4/commons-beanutils-1.9.4.jar:/home/runner/.m2/repository/commons-digester/commons-digester/1.8.1/commons-digester-1.8.1.jar:/home/runner/.m2/repository/commons-collections/commons-collections/3.2.2/commons-collections-3.2.2.jar:/home/runner/.m2/repository/io/jaegertracing/jaeger-client/1.6.0/jaeger-client-1.6.0.jar:/home/runner/.m2/repository/io/jaegertracing/jaeger-thrift/1.6.0/jaeger-thrift-1.6.0.jar:/home/runner/.m2/repository/org/apache/thrift/libthrift/0.14.1/libthrift-0.14.1.jar:/home/runner/.m2/repository/io/jaegertracing/jaeger-core/1.6.0/jaeger-core-1.6.0.jar:/home/runner/.m2/repository/io/jaegertracing/jaeger-tracerresolver/1.6.0/jaeger-tracerresolver-1.6.0.jar:/home/runner/.m2/repository/io/opentracing/contrib/opentracing-tracerresolver/0.1.8/opentracing-tracerresolver-0.1.8.jar:/home/runner/.m2/repository/org/jetbrains/kotlin/kotlin-stdlib/1.6.21/kotlin-stdlib-1.6.21.jar:/home/runner/.m2/repository/org/jetbrains/annotations/13.0/annotations-13.0.jar:/home/runner/.m2/repository/io/opentracing/opentracing-util/0.33.0/opentracing-util-0.33.0.jar:/home/runner/.m2/repository/io/opentracing/opentracing-api/0.33.0/opentracing-api-0.33.0.jar:/home/runner/.m2/repository/io/opentracing/opentracing-noop/0.33.0/opentracing-noop-0.33.0.jar:/home/runner/.m2/repository/org/yaml/snakeyaml/2.0/snakeyaml-2.0.jar:/home/runner/.m2/repository/io/grpc/grpc-api/1.51.1/grpc-api-1.51.1.jar:/home/runner/.m2/repository/io/grpc/grpc-context/1.51.1/grpc-context-1.51.1.jar:/home/runner/.m2/repository/junit/junit/4.13.1/junit-4.13.1.jar:/home/runner/.m2/repository/org/hamcrest/hamcrest-core/1.3/hamcrest-core-1.3.jar:/home/runner/.m2/repository/org/junit/jupiter/junit-jupiter-api/5.8.2/junit-jupiter-api-5.8.2.jar:/home/runner/.m2/repository/org/opentest4j/opentest4j/1.2.0/opentest4j-1.2.0.jar:/home/runner/.m2/repository/org/junit/platform/junit-platform-commons/1.8.2/junit-platform-commons-1.8.2.jar:/home/runner/.m2/repository/org/apiguardian/apiguardian-api/1.1.2/apiguardian-api-1.1.2.jar:/home/runner/.m2/repository/org/junit/jupiter/junit-jupiter-params/5.8.2/junit-jupiter-params-5.8.2.jar:/home/runner/.m2/repository/org/junit/jupiter/junit-jupiter-migrationsupport/5.8.2/junit-jupiter-migrationsupport-5.8.2.jar:/home/runner/.m2/repository/org/junit/jupiter/junit-jupiter-engine/5.8.2/junit-jupiter-engine-5.8.2.jar:/home/runner/.m2/repository/org/junit/platform/junit-platform-engine/1.8.2/junit-platform-engine-1.8.2.jar:/home/runner/.m2/repository/org/junit/vintage/junit-vintage-engine/5.8.2/junit-vintage-engine-5.8.2.jar:/home/runner/.m2/repository/org/junit/platform/junit-platform-launcher/1.8.2/junit-platform-launcher-1.8.2.jar:/home/runner/.m2/repository/org/mockito/mockito-core/3.5.9/mockito-core-3.5.9.jar:/home/runner/.m2/repository/net/bytebuddy/byte-buddy/1.10.13/byte-buddy-1.10.13.jar:/home/runner/.m2/repository/net/bytebuddy/byte-buddy-agent/1.10.13/byte-buddy-agent-1.10.13.jar:/home/runner/.m2/repository/org/objenesis/objenesis/1.0/objenesis-1.0.jar:/home/runner/.m2/repository/org/apache/hadoop/hadoop-kms/3.3.5/hadoop-kms-3.3.5.jar:/home/runner/.m2/repository/org/apache/hadoop/hadoop-auth/3.3.5/hadoop-auth-3.3.5.jar:/home/runner/.m2/repository/com/nimbusds/nimbus-jose-jwt/9.8.1/nimbus-jose-jwt-9.8.1.jar:/home/runner/.m2/repository/com/github/stephenc/jcip/jcip-annotations/1.0-1/jcip-annotations-1.0-1.jar:/home/runner/.m2/repository/net/minidev/json-smart/2.4.7/json-smart-2.4.7.jar:/home/runner/.m2/repository/net/minidev/accessors-smart/2.4.7/accessors-smart-2.4.7.jar:/home/runner/.m2/repository/org/ow2/asm/asm/5.0.4/asm-5.0.4.jar:/home/runner/.m2/repository/org/apache/zookeeper/zookeeper/3.5.6/zookeeper-3.5.6.jar:/home/runner/.m2/repository/org/apache/zookeeper/zookeeper-jute/3.5.6/zookeeper-jute-3.5.6.jar:/home/runner/.m2/repository/org/apache/yetus/audience-annotations/0.5.0/audience-annotations-0.5.0.jar:/home/runner/.m2/repository/org/apache/curator/curator-framework/4.2.0/curator-framework-4.2.0.jar:/home/runner/.m2/repository/org/apache/hadoop/thirdparty/hadoop-shaded-guava/1.1.1/hadoop-shaded-guava-1.1.1.jar:/home/runner/.m2/repository/com/sun/jersey/jersey-core/1.19/jersey-core-1.19.jar:/home/runner/.m2/repository/javax/ws/rs/jsr311-api/1.1.1/jsr311-api-1.1.1.jar:/home/runner/.m2/repository/com/sun/jersey/jersey-server/1.19/jersey-server-1.19.jar:/home/runner/.m2/repository/javax/servlet/javax.servlet-api/3.1.0/javax.servlet-api-3.1.0.jar:/home/runner/.m2/repository/org/apache/hadoop/hadoop-common/3.3.5/hadoop-common-3.3.5.jar:/home/runner/.m2/repository/org/apache/commons/commons-math3/3.1.1/commons-math3-3.1.1.jar:/home/runner/.m2/repository/commons-net/commons-net/3.9.0/commons-net-3.9.0.jar:/home/runner/.m2/repository/com/sun/jersey/jersey-servlet/1.19/jersey-servlet-1.19.jar:/home/runner/.m2/repository/com/github/pjfanning/jersey-json/1.20/jersey-json-1.20.jar:/home/runner/.m2/repository/org/codehaus/jettison/jettison/1.1/jettison-1.1.jar:/home/runner/.m2/repository/com/sun/xml/bind/jaxb-impl/2.2.3-1/jaxb-impl-2.2.3-1.jar:/home/runner/.m2/repository/com/google/re2j/re2j/1.1/re2j-1.1.jar:/home/runner/.m2/repository/com/jcraft/jsch/0.1.54/jsch-0.1.54.jar:/home/runner/.m2/repository/org/apache/curator/curator-client/4.2.0/curator-client-4.2.0.jar:/home/runner/.m2/repository/org/apache/curator/curator-recipes/4.2.0/curator-recipes-4.2.0.jar:/home/runner/.m2/repository/org/apache/kerby/kerb-core/1.0.1/kerb-core-1.0.1.jar:/home/runner/.m2/repository/org/apache/kerby/kerby-pkix/1.0.1/kerby-pkix-1.0.1.jar:/home/runner/.m2/repository/org/apache/kerby/kerby-asn1/1.0.1/kerby-asn1-1.0.1.jar:/home/runner/.m2/repository/org/apache/kerby/kerby-util/1.0.1/kerby-util-1.0.1.jar:/home/runner/.m2/repository/dnsjava/dnsjava/2.1.7/dnsjava-2.1.7.jar:/home/runner/.m2/repository/org/xerial/snappy/snappy-java/1.1.8.2/snappy-java-1.1.8.2.jar:/home/runner/.m2/repository/com/fasterxml/jackson/core/jackson-databind/2.13.4.2/jackson-databind-2.13.4.2.jar:/home/runner/.m2/repository/org/apache/hadoop/hadoop-kms/3.3.5/hadoop-kms-3.3.5-tests.jar:/home/runner/.m2/repository/org/apache/ozone/hdds-server-scm/1.4.0-SNAPSHOT/hdds-server-scm-1.4.0-SNAPSHOT-tests.jar:/home/runner/.m2/repository/org/apache/ozone/hdds-container-service/1.4.0-SNAPSHOT/hdds-container-service-1.4.0-SNAPSHOT-tests.jar:/home/runner/.m2/repository/com/github/luben/zstd-jni/1.5.2-5/zstd-jni-1.5.2-5.jar:/home/runner/.m2/repository/commons-codec/commons-codec/1.15/commons-codec-1.15.jar:/home/runner/.m2/repository/io/netty/netty-codec/4.1.86.Final/netty-codec-4.1.86.Final.jar:/home/runner/.m2/repository/io/netty/netty-handler/4.1.86.Final/netty-handler-4.1.86.Final.jar:/home/runner/.m2/repository/org/apache/ozone/hdds-hadoop-dependency-test/1.4.0-SNAPSHOT/hdds-hadoop-dependency-test-1.4.0-SNAPSHOT.jar:/home/runner/.m2/repository/org/apache/hadoop/hadoop-common/3.3.5/hadoop-common-3.3.5-tests.jar:/home/runner/.m2/repository/org/apache/hadoop/hadoop-hdfs/3.3.5/hadoop-hdfs-3.3.5-tests.jar:/home/runner/.m2/repository/org/assertj/assertj-core/3.12.2/assertj-core-3.12.2.jar:/home/runner/.m2/repository/org/apache/hadoop/hadoop-distcp/3.3.5/hadoop-distcp-3.3.5.jar:/home/runner/.m2/repository/org/apache/hadoop/hadoop-mapreduce-client-jobclient/3.3.5/hadoop-mapreduce-client-jobclient-3.3.5.jar:/home/runner/.m2/repository/org/apache/hadoop/hadoop-mapreduce-client-common/3.3.5/hadoop-mapreduce-client-common-3.3.5.jar:/home/runner/.m2/repository/org/apache/hadoop/hadoop-yarn-common/3.3.5/hadoop-yarn-common-3.3.5.jar:/home/runner/.m2/repository/org/apache/hadoop/hadoop-yarn-api/3.3.5/hadoop-yarn-api-3.3.5.jar:/home/runner/.m2/repository/com/sun/jersey/contribs/jersey-guice/1.19/jersey-guice-1.19.jar:/home/runner/.m2/repository/com/fasterxml/jackson/jaxrs/jackson-jaxrs-json-provider/2.13.4/jackson-jaxrs-json-provider-2.13.4.jar:/home/runner/.m2/repository/com/fasterxml/jackson/jaxrs/jackson-jaxrs-base/2.13.4/jackson-jaxrs-base-2.13.4.jar:/home/runner/.m2/repository/org/apache/hadoop/hadoop-yarn-client/3.3.5/hadoop-yarn-client-3.3.5.jar:/home/runner/.m2/repository/org/eclipse/jetty/websocket/websocket-client/9.4.48.v20220622/websocket-client-9.4.48.v20220622.jar:/home/runner/.m2/repository/org/eclipse/jetty/websocket/websocket-common/9.4.48.v20220622/websocket-common-9.4.48.v20220622.jar:/home/runner/.m2/repository/org/eclipse/jetty/websocket/websocket-api/9.4.48.v20220622/websocket-api-9.4.48.v20220622.jar:/home/runner/.m2/repository/org/jline/jline/3.9.0/jline-3.9.0.jar:/home/runner/.m2/repository/org/apache/hadoop/hadoop-mapreduce-client-core/3.3.5/hadoop-mapreduce-client-core-3.3.5.jar:/home/runner/.m2/repository/org/apache/avro/avro/1.7.7/avro-1.7.7.jar:/home/runner/.m2/repository/com/thoughtworks/paranamer/paranamer/2.3/paranamer-2.3.jar:/home/runner/.m2/repository/org/apache/hadoop/hadoop-annotations/3.3.5/hadoop-annotations-3.3.5.jar:/usr/lib/jvm/temurin-8-jdk-amd64/jre/../lib/tools.jar:/home/runner/.m2/repository/io/netty/netty/3.10.6.Final/netty-3.10.6.Final.jar:/home/runner/.m2/repository/org/apache/hadoop/hadoop-distcp/3.3.5/hadoop-distcp-3.3.5-tests.jar:/home/runner/.m2/repository/org/slf4j/jul-to-slf4j/1.7.36/jul-to-slf4j-1.7.36.jar:"/>
    <property name="java.vm.vendor" value="Temurin"/>
    <property name="sun.arch.data.model" value="64"/>
    <property name="jceks.key.serialFilter" value="java.lang.Enum;java.security.KeyRep;java.security.KeyRep$Type;javax.crypto.spec.SecretKeySpec;org.apache.hadoop.crypto.key.JavaKeyStoreProvider$KeyMetadata;!*"/>
    <property name="test.build.dir" value="/home/runner/work/ozone/ozone/hadoop-ozone/integration-test/target/test-dir"/>
    <property name="test.cache.data" value=""/>
    <property name="java.vendor.url" value="https://adoptium.net/"/>
    <property name="user.timezone" value="Etc/UTC"/>
    <property name="os.name" value="Linux"/>
    <property name="java.vm.specification.version" value="1.8"/>
    <property name="test.build.data" value="/home/runner/work/ozone/ozone/hadoop-ozone/integration-test/target/test-dir"/>
    <property name="sun.java.launcher" value="SUN_STANDARD"/>
    <property name="sun.boot.library.path" value="/usr/lib/jvm/temurin-8-jdk-amd64/jre/lib/amd64"/>
    <property name="sun.java.command" value="/home/runner/work/ozone/ozone/hadoop-ozone/integration-test/target/surefire/surefirebooter5104917823054770708.jar /home/runner/work/ozone/ozone/hadoop-ozone/integration-test/target/surefire 2023-06-23T14-53-13_935-jvmRun1 surefire2746378844352429718tmp surefire_145821757243367743969tmp"/>
    <property name="native.lib.tmp.dir" value="/tmp"/>
    <property name="surefire.test.class.path" value="/home/runner/work/ozone/ozone/hadoop-ozone/integration-test/target/test-classes:/home/runner/work/ozone/ozone/hadoop-ozone/integration-test/target/classes:/home/runner/.m2/repository/org/apache/ozone/ozone-common/1.4.0-SNAPSHOT/ozone-common-1.4.0-SNAPSHOT.jar:/home/runner/.m2/repository/io/grpc/grpc-netty/1.51.1/grpc-netty-1.51.1.jar:/home/runner/.m2/repository/io/grpc/grpc-core/1.51.1/grpc-core-1.51.1.jar:/home/runner/.m2/repository/com/google/android/annotations/4.1.1.4/annotations-4.1.1.4.jar:/home/runner/.m2/repository/org/codehaus/mojo/animal-sniffer-annotations/1.21/animal-sniffer-annotations-1.21.jar:/home/runner/.m2/repository/com/google/errorprone/error_prone_annotations/2.2.0/error_prone_annotations-2.2.0.jar:/home/runner/.m2/repository/io/perfmark/perfmark-api/0.25.0/perfmark-api-0.25.0.jar:/home/runner/.m2/repository/io/netty/netty-codec-http2/4.1.86.Final/netty-codec-http2-4.1.86.Final.jar:/home/runner/.m2/repository/io/netty/netty-common/4.1.86.Final/netty-common-4.1.86.Final.jar:/home/runner/.m2/repository/io/netty/netty-buffer/4.1.86.Final/netty-buffer-4.1.86.Final.jar:/home/runner/.m2/repository/io/netty/netty-codec-http/4.1.86.Final/netty-codec-http-4.1.86.Final.jar:/home/runner/.m2/repository/io/netty/netty-handler-proxy/4.1.86.Final/netty-handler-proxy-4.1.86.Final.jar:/home/runner/.m2/repository/io/netty/netty-codec-socks/4.1.86.Final/netty-codec-socks-4.1.86.Final.jar:/home/runner/.m2/repository/io/netty/netty-tcnative-boringssl-static/2.0.54.Final/netty-tcnative-boringssl-static-2.0.54.Final.jar:/home/runner/.m2/repository/io/netty/netty-tcnative-classes/2.0.54.Final/netty-tcnative-classes-2.0.54.Final.jar:/home/runner/.m2/repository/io/netty/netty-tcnative-boringssl-static/2.0.54.Final/netty-tcnative-boringssl-static-2.0.54.Final-linux-x86_64.jar:/home/runner/.m2/repository/io/netty/netty-tcnative-boringssl-static/2.0.54.Final/netty-tcnative-boringssl-static-2.0.54.Final-linux-aarch_64.jar:/home/runner/.m2/repository/io/netty/netty-tcnative-boringssl-static/2.0.54.Final/netty-tcnative-boringssl-static-2.0.54.Final-osx-x86_64.jar:/home/runner/.m2/repository/io/netty/netty-tcnative-boringssl-static/2.0.54.Final/netty-tcnative-boringssl-static-2.0.54.Final-osx-aarch_64.jar:/home/runner/.m2/repository/io/netty/netty-tcnative-boringssl-static/2.0.54.Final/netty-tcnative-boringssl-static-2.0.54.Final-windows-x86_64.jar:/home/runner/.m2/repository/org/apache/commons/commons-compress/1.21/commons-compress-1.21.jar:/home/runner/.m2/repository/org/apache/ozone/hdds-common/1.4.0-SNAPSHOT/hdds-common-1.4.0-SNAPSHOT.jar:/home/runner/.m2/repository/org/apache/ozone/hdds-client/1.4.0-SNAPSHOT/hdds-client-1.4.0-SNAPSHOT.jar:/home/runner/.m2/repository/org/apache/ozone/ozone-interface-client/1.4.0-SNAPSHOT/ozone-interface-client-1.4.0-SNAPSHOT.jar:/home/runner/.m2/repository/org/apache/hadoop/hadoop-hdfs-client/3.3.5/hadoop-hdfs-client-3.3.5.jar:/home/runner/.m2/repository/com/squareup/okhttp3/okhttp/4.9.3/okhttp-4.9.3.jar:/home/runner/.m2/repository/com/squareup/okio/okio/2.8.0/okio-2.8.0.jar:/home/runner/.m2/repository/org/jetbrains/kotlin/kotlin-stdlib-common/1.6.21/kotlin-stdlib-common-1.6.21.jar:/home/runner/.m2/repository/org/apache/ozone/hdds-test-utils/1.4.0-SNAPSHOT/hdds-test-utils-1.4.0-SNAPSHOT.jar:/home/runner/.m2/repository/com/google/guava/guava/32.0.0-jre/guava-32.0.0-jre.jar:/home/runner/.m2/repository/com/google/guava/failureaccess/1.0.1/failureaccess-1.0.1.jar:/home/runner/.m2/repository/com/google/guava/listenablefuture/9999.0-empty-to-avoid-conflict-with-guava/listenablefuture-9999.0-empty-to-avoid-conflict-with-guava.jar:/home/runner/.m2/repository/com/google/code/findbugs/jsr305/3.0.0/jsr305-3.0.0.jar:/home/runner/.m2/repository/org/checkerframework/checker-qual/3.33.0/checker-qual-3.33.0.jar:/home/runner/.m2/repository/com/google/j2objc/j2objc-annotations/2.8/j2objc-annotations-2.8.jar:/home/runner/.m2/repository/commons-io/commons-io/2.11.0/commons-io-2.11.0.jar:/home/runner/.m2/repository/commons-logging/commons-logging/1.2/commons-logging-1.2.jar:/home/runner/.m2/repository/ch/qos/reload4j/reload4j/1.2.22/reload4j-1.2.22.jar:/home/runner/.m2/repository/org/slf4j/slf4j-api/1.7.36/slf4j-api-1.7.36.jar:/home/runner/.m2/repository/org/apache/ozone/hdds-server-scm/1.4.0-SNAPSHOT/hdds-server-scm-1.4.0-SNAPSHOT.jar:/home/runner/.m2/repository/org/apache/ozone/hdds-container-service/1.4.0-SNAPSHOT/hdds-container-service-1.4.0-SNAPSHOT.jar:/home/runner/.m2/repository/org/apache/ozone/hdds-hadoop-dependency-server/1.4.0-SNAPSHOT/hdds-hadoop-dependency-server-1.4.0-SNAPSHOT.jar:/home/runner/.m2/repository/org/apache/hadoop/hadoop-hdfs/3.3.5/hadoop-hdfs-3.3.5.jar:/home/runner/.m2/repository/commons-daemon/commons-daemon/1.0.13/commons-daemon-1.0.13.jar:/home/runner/.m2/repository/org/apache/ozone/hdds-server-framework/1.4.0-SNAPSHOT/hdds-server-framework-1.4.0-SNAPSHOT.jar:/home/runner/.m2/repository/io/dropwizard/metrics/metrics-core/3.2.4/metrics-core-3.2.4.jar:/home/runner/.m2/repository/org/apache/commons/commons-text/1.10.0/commons-text-1.10.0.jar:/home/runner/.m2/repository/org/bouncycastle/bcprov-jdk15on/1.67/bcprov-jdk15on-1.67.jar:/home/runner/.m2/repository/com/google/protobuf/protobuf-java/2.5.0/protobuf-java-2.5.0.jar:/home/runner/.m2/repository/org/apache/ozone/hdds-server-framework/1.4.0-SNAPSHOT/hdds-server-framework-1.4.0-SNAPSHOT-tests.jar:/home/runner/.m2/repository/org/apache/ozone/hdds-interface-server/1.4.0-SNAPSHOT/hdds-interface-server-1.4.0-SNAPSHOT.jar:/home/runner/.m2/repository/org/apache/ozone/hdds-interface-admin/1.4.0-SNAPSHOT/hdds-interface-admin-1.4.0-SNAPSHOT.jar:/home/runner/.m2/repository/org/apache/ozone/hdds-managed-rocksdb/1.4.0-SNAPSHOT/hdds-managed-rocksdb-1.4.0-SNAPSHOT.jar:/home/runner/.m2/repository/org/rocksdb/rocksdbjni/7.7.3/rocksdbjni-7.7.3.jar:/home/runner/.m2/repository/org/slf4j/slf4j-reload4j/1.7.36/slf4j-reload4j-1.7.36.jar:/home/runner/.m2/repository/org/apache/commons/commons-configuration2/2.1.1/commons-configuration2-2.1.1.jar:/home/runner/.m2/repository/commons-fileupload/commons-fileupload/1.5/commons-fileupload-1.5.jar:/home/runner/.m2/repository/org/apache/logging/log4j/log4j-core/2.17.1/log4j-core-2.17.1.jar:/home/runner/.m2/repository/com/lmax/disruptor/3.4.2/disruptor-3.4.2.jar:/home/runner/.m2/repository/org/eclipse/jetty/jetty-util/9.4.51.v20230217/jetty-util-9.4.51.v20230217.jar:/home/runner/.m2/repository/org/eclipse/jetty/jetty-server/9.4.51.v20230217/jetty-server-9.4.51.v20230217.jar:/home/runner/.m2/repository/org/eclipse/jetty/jetty-http/9.4.51.v20230217/jetty-http-9.4.51.v20230217.jar:/home/runner/.m2/repository/org/eclipse/jetty/jetty-io/9.4.51.v20230217/jetty-io-9.4.51.v20230217.jar:/home/runner/.m2/repository/org/eclipse/jetty/jetty-servlet/9.4.51.v20230217/jetty-servlet-9.4.51.v20230217.jar:/home/runner/.m2/repository/org/eclipse/jetty/jetty-security/9.4.51.v20230217/jetty-security-9.4.51.v20230217.jar:/home/runner/.m2/repository/org/eclipse/jetty/jetty-util-ajax/9.4.51.v20230217/jetty-util-ajax-9.4.51.v20230217.jar:/home/runner/.m2/repository/org/eclipse/jetty/jetty-webapp/9.4.51.v20230217/jetty-webapp-9.4.51.v20230217.jar:/home/runner/.m2/repository/org/eclipse/jetty/jetty-xml/9.4.51.v20230217/jetty-xml-9.4.51.v20230217.jar:/home/runner/.m2/repository/org/apache/ratis/ratis-server/2.5.1/ratis-server-2.5.1.jar:/home/runner/.m2/repository/org/apache/ratis/ratis-thirdparty-misc/1.0.4/ratis-thirdparty-misc-1.0.4.jar:/home/runner/.m2/repository/org/apache/ratis/ratis-proto/2.5.1/ratis-proto-2.5.1.jar:/home/runner/.m2/repository/org/apache/ratis/ratis-common/2.5.1/ratis-common-2.5.1.jar:/home/runner/.m2/repository/org/apache/ratis/ratis-client/2.5.1/ratis-client-2.5.1.jar:/home/runner/.m2/repository/org/apache/ratis/ratis-server-api/2.5.1/ratis-server-api-2.5.1.jar:/home/runner/.m2/repository/org/apache/ratis/ratis-metrics/2.5.1/ratis-metrics-2.5.1.jar:/home/runner/.m2/repository/io/prometheus/simpleclient_dropwizard/0.7.0/simpleclient_dropwizard-0.7.0.jar:/home/runner/.m2/repository/io/prometheus/simpleclient/0.7.0/simpleclient-0.7.0.jar:/home/runner/.m2/repository/io/prometheus/simpleclient_common/0.7.0/simpleclient_common-0.7.0.jar:/home/runner/.m2/repository/com/fasterxml/jackson/datatype/jackson-datatype-jsr310/2.13.4/jackson-datatype-jsr310-2.13.4.jar:/home/runner/.m2/repository/com/fasterxml/jackson/core/jackson-core/2.13.4/jackson-core-2.13.4.jar:/home/runner/.m2/repository/com/github/spotbugs/spotbugs-annotations/3.1.12/spotbugs-annotations-3.1.12.jar:/home/runner/.m2/repository/org/apache/ozone/rocksdb-checkpoint-differ/1.4.0-SNAPSHOT/rocksdb-checkpoint-differ-1.4.0-SNAPSHOT.jar:/home/runner/.m2/repository/org/awaitility/awaitility/4.2.0/awaitility-4.2.0.jar:/home/runner/.m2/repository/org/hamcrest/hamcrest/2.1/hamcrest-2.1.jar:/home/runner/.m2/repository/org/apache/ozone/ozone-manager/1.4.0-SNAPSHOT/ozone-manager-1.4.0-SNAPSHOT.jar:/home/runner/.m2/repository/org/aspectj/aspectjrt/1.9.7/aspectjrt-1.9.7.jar:/home/runner/.m2/repository/org/aspectj/aspectjweaver/1.9.7/aspectjweaver-1.9.7.jar:/home/runner/.m2/repository/org/apache/ozone/hdds-interface-client/1.4.0-SNAPSHOT/hdds-interface-client-1.4.0-SNAPSHOT.jar:/home/runner/.m2/repository/org/apache/hadoop/thirdparty/hadoop-shaded-protobuf_3_7/1.1.1/hadoop-shaded-protobuf_3_7-1.1.1.jar:/home/runner/.m2/repository/org/apache/ozone/ozone-interface-storage/1.4.0-SNAPSHOT/ozone-interface-storage-1.4.0-SNAPSHOT.jar:/home/runner/.m2/repository/org/reflections/reflections/0.9.11/reflections-0.9.11.jar:/home/runner/.m2/repository/com/sun/jersey/jersey-client/1.19/jersey-client-1.19.jar:/home/runner/.m2/repository/org/codehaus/jackson/jackson-core-asl/1.9.13/jackson-core-asl-1.9.13.jar:/home/runner/.m2/repository/org/codehaus/jackson/jackson-mapper-asl/1.9.13/jackson-mapper-asl-1.9.13.jar:/home/runner/.m2/repository/org/codehaus/jackson/jackson-jaxrs/1.9.13/jackson-jaxrs-1.9.13.jar:/home/runner/.m2/repository/org/apache/ranger/ranger-intg/2.3.0/ranger-intg-2.3.0.jar:/home/runner/.m2/repository/org/apache/ranger/ranger-plugins-common/2.3.0/ranger-plugins-common-2.3.0.jar:/home/runner/.m2/repository/commons-lang/commons-lang/2.6/commons-lang-2.6.jar:/home/runner/.m2/repository/org/apache/ranger/ranger-plugins-cred/2.3.0/ranger-plugins-cred-2.3.0.jar:/home/runner/.m2/repository/org/apache/ranger/ranger-plugins-audit/2.3.0/ranger-plugins-audit-2.3.0.jar:/home/runner/.m2/repository/org/eclipse/jetty/jetty-client/9.4.51.v20230217/jetty-client-9.4.51.v20230217.jar:/home/runner/.m2/repository/org/apache/httpcomponents/httpmime/4.5.6/httpmime-4.5.6.jar:/home/runner/.m2/repository/org/apache/httpcomponents/httpcore-nio/4.4.13/httpcore-nio-4.4.13.jar:/home/runner/.m2/repository/org/apache/httpcomponents/httpasyncclient/4.1.3/httpasyncclient-4.1.3.jar:/home/runner/.m2/repository/com/carrotsearch/hppc/0.8.0/hppc-0.8.0.jar:/home/runner/.m2/repository/org/apache/orc/orc-core/1.5.8/orc-core-1.5.8.jar:/home/runner/.m2/repository/net/java/dev/jna/jna/5.2.0/jna-5.2.0.jar:/home/runner/.m2/repository/net/java/dev/jna/jna-platform/5.2.0/jna-platform-5.2.0.jar:/home/runner/.m2/repository/com/kstruct/gethostname4j/0.0.2/gethostname4j-0.0.2.jar:/home/runner/.m2/repository/org/apache/ranger/ranger-plugin-classloader/2.3.0/ranger-plugin-classloader-2.3.0.jar:/home/runner/.m2/repository/org/apache/ozone/hdds-rocks-native/1.4.0-SNAPSHOT/hdds-rocks-native-1.4.0-SNAPSHOT.jar:/home/runner/.m2/repository/org/apache/hadoop/hadoop-minikdc/3.3.5/hadoop-minikdc-3.3.5.jar:/home/runner/.m2/repository/org/apache/kerby/kerb-simplekdc/1.0.1/kerb-simplekdc-1.0.1.jar:/home/runner/.m2/repository/org/apache/kerby/kerb-client/1.0.1/kerb-client-1.0.1.jar:/home/runner/.m2/repository/org/apache/kerby/kerby-config/1.0.1/kerby-config-1.0.1.jar:/home/runner/.m2/repository/org/apache/kerby/kerb-common/1.0.1/kerb-common-1.0.1.jar:/home/runner/.m2/repository/org/apache/kerby/kerb-crypto/1.0.1/kerb-crypto-1.0.1.jar:/home/runner/.m2/repository/org/apache/kerby/kerb-util/1.0.1/kerb-util-1.0.1.jar:/home/runner/.m2/repository/org/apache/kerby/token-provider/1.0.1/token-provider-1.0.1.jar:/home/runner/.m2/repository/org/apache/kerby/kerb-admin/1.0.1/kerb-admin-1.0.1.jar:/home/runner/.m2/repository/org/apache/kerby/kerb-server/1.0.1/kerb-server-1.0.1.jar:/home/runner/.m2/repository/org/apache/kerby/kerb-identity/1.0.1/kerb-identity-1.0.1.jar:/home/runner/.m2/repository/org/apache/kerby/kerby-xdr/1.0.1/kerby-xdr-1.0.1.jar:/home/runner/.m2/repository/org/apache/ozone/ozone-s3gateway/1.4.0-SNAPSHOT/ozone-s3gateway-1.4.0-SNAPSHOT.jar:/home/runner/.m2/repository/org/javassist/javassist/3.21.0-GA/javassist-3.21.0-GA.jar:/home/runner/.m2/repository/org/jboss/weld/servlet/weld-servlet-shaded/3.1.9.Final/weld-servlet-shaded-3.1.9.Final.jar:/home/runner/.m2/repository/org/glassfish/jersey/containers/jersey-container-servlet-core/2.34/jersey-container-servlet-core-2.34.jar:/home/runner/.m2/repository/org/glassfish/hk2/external/jakarta.inject/2.6.1/jakarta.inject-2.6.1.jar:/home/runner/.m2/repository/org/glassfish/jersey/core/jersey-common/2.34/jersey-common-2.34.jar:/home/runner/.m2/repository/jakarta/ws/rs/jakarta.ws.rs-api/2.1.6/jakarta.ws.rs-api-2.1.6.jar:/home/runner/.m2/repository/org/glassfish/jersey/ext/cdi/jersey-cdi1x/2.34/jersey-cdi1x-2.34.jar:/home/runner/.m2/repository/org/glassfish/jersey/inject/jersey-hk2/2.34/jersey-hk2-2.34.jar:/home/runner/.m2/repository/org/glassfish/hk2/hk2-locator/2.6.1/hk2-locator-2.6.1.jar:/home/runner/.m2/repository/org/glassfish/jersey/media/jersey-media-jaxb/2.34/jersey-media-jaxb-2.34.jar:/home/runner/.m2/repository/org/glassfish/hk2/osgi-resource-locator/1.0.3/osgi-resource-locator-1.0.3.jar:/home/runner/.m2/repository/org/glassfish/hk2/hk2-api/2.5.0/hk2-api-2.5.0.jar:/home/runner/.m2/repository/org/glassfish/hk2/hk2-utils/2.5.0/hk2-utils-2.5.0.jar:/home/runner/.m2/repository/org/glassfish/hk2/external/aopalliance-repackaged/2.5.0/aopalliance-repackaged-2.5.0.jar:/home/runner/.m2/repository/com/fasterxml/jackson/dataformat/jackson-dataformat-xml/2.13.4/jackson-dataformat-xml-2.13.4.jar:/home/runner/.m2/repository/org/codehaus/woodstox/stax2-api/4.2.1/stax2-api-4.2.1.jar:/home/runner/.m2/repository/com/fasterxml/woodstox/woodstox-core/5.4.0/woodstox-core-5.4.0.jar:/home/runner/.m2/repository/com/fasterxml/jackson/module/jackson-module-jaxb-annotations/2.13.4/jackson-module-jaxb-annotations-2.13.4.jar:/home/runner/.m2/repository/jakarta/xml/bind/jakarta.xml.bind-api/2.3.3/jakarta.xml.bind-api-2.3.3.jar:/home/runner/.m2/repository/jakarta/activation/jakarta.activation-api/1.2.2/jakarta.activation-api-1.2.2.jar:/home/runner/.m2/repository/javax/enterprise/cdi-api/2.0/cdi-api-2.0.jar:/home/runner/.m2/repository/javax/el/javax.el-api/3.0.0/javax.el-api-3.0.0.jar:/home/runner/.m2/repository/javax/interceptor/javax.interceptor-api/1.2/javax.interceptor-api-1.2.jar:/home/runner/.m2/repository/javax/inject/javax.inject/1/javax.inject-1.jar:/home/runner/.m2/repository/javax/xml/bind/jaxb-api/2.3.0/jaxb-api-2.3.0.jar:/home/runner/.m2/repository/org/glassfish/jaxb/jaxb-runtime/2.3.0.1/jaxb-runtime-2.3.0.1.jar:/home/runner/.m2/repository/org/glassfish/jaxb/jaxb-core/2.3.0.1/jaxb-core-2.3.0.1.jar:/home/runner/.m2/repository/org/glassfish/jaxb/txw2/2.3.0.1/txw2-2.3.0.1.jar:/home/runner/.m2/repository/com/sun/istack/istack-commons-runtime/3.0.5/istack-commons-runtime-3.0.5.jar:/home/runner/.m2/repository/org/jvnet/staxex/stax-ex/1.7.8/stax-ex-1.7.8.jar:/home/runner/.m2/repository/com/sun/xml/fastinfoset/FastInfoset/1.2.13/FastInfoset-1.2.13.jar:/home/runner/.m2/repository/javax/activation/activation/1.1.1/activation-1.1.1.jar:/home/runner/.m2/repository/io/grpc/grpc-protobuf/1.51.1/grpc-protobuf-1.51.1.jar:/home/runner/.m2/repository/com/google/api/grpc/proto-google-common-protos/2.9.0/proto-google-common-protos-2.9.0.jar:/home/runner/.m2/repository/io/grpc/grpc-protobuf-lite/1.51.1/grpc-protobuf-lite-1.51.1.jar:/home/runner/.m2/repository/io/grpc/grpc-stub/1.51.1/grpc-stub-1.51.1.jar:/home/runner/.m2/repository/io/netty/netty-transport/4.1.86.Final/netty-transport-4.1.86.Final.jar:/home/runner/.m2/repository/io/netty/netty-resolver/4.1.86.Final/netty-resolver-4.1.86.Final.jar:/home/runner/.m2/repository/org/apache/ozone/ozone-csi/1.4.0-SNAPSHOT/ozone-csi-1.4.0-SNAPSHOT.jar:/home/runner/.m2/repository/com/google/protobuf/protobuf-java-util/3.19.6/protobuf-java-util-3.19.6.jar:/home/runner/.m2/repository/com/google/code/gson/gson/2.9.0/gson-2.9.0.jar:/home/runner/.m2/repository/org/apache/ozone/hdds-config/1.4.0-SNAPSHOT/hdds-config-1.4.0-SNAPSHOT.jar:/home/runner/.m2/repository/io/netty/netty-transport-native-epoll/4.1.86.Final/netty-transport-native-epoll-4.1.86.Final-linux-x86_64.jar:/home/runner/.m2/repository/io/netty/netty-transport-classes-epoll/4.1.86.Final/netty-transport-classes-epoll-4.1.86.Final.jar:/home/runner/.m2/repository/io/netty/netty-transport-native-unix-common/4.1.86.Final/netty-transport-native-unix-common-4.1.86.Final.jar:/home/runner/.m2/repository/org/apache/ozone/ozone-recon/1.4.0-SNAPSHOT/ozone-recon-1.4.0-SNAPSHOT.jar:/home/runner/.m2/repository/org/apache/ozone/ozone-reconcodegen/1.4.0-SNAPSHOT/ozone-reconcodegen-1.4.0-SNAPSHOT.jar:/home/runner/.m2/repository/com/google/inject/guice/5.1.0/guice-5.1.0.jar:/home/runner/.m2/repository/aopalliance/aopalliance/1.0/aopalliance-1.0.jar:/home/runner/.m2/repository/com/google/inject/extensions/guice-assistedinject/5.1.0/guice-assistedinject-5.1.0.jar:/home/runner/.m2/repository/com/google/inject/extensions/guice-servlet/5.1.0/guice-servlet-5.1.0.jar:/home/runner/.m2/repository/org/glassfish/jersey/containers/jersey-container-servlet/2.34/jersey-container-servlet-2.34.jar:/home/runner/.m2/repository/org/glassfish/hk2/guice-bridge/2.5.0/guice-bridge-2.5.0.jar:/home/runner/.m2/repository/org/glassfish/jersey/core/jersey-server/2.34/jersey-server-2.34.jar:/home/runner/.m2/repository/org/glassfish/jersey/core/jersey-client/2.34/jersey-client-2.34.jar:/home/runner/.m2/repository/jakarta/annotation/jakarta.annotation-api/1.3.5/jakarta.annotation-api-1.3.5.jar:/home/runner/.m2/repository/jakarta/validation/jakarta.validation-api/2.0.2/jakarta.validation-api-2.0.2.jar:/home/runner/.m2/repository/org/glassfish/jersey/media/jersey-media-json-jackson/2.34/jersey-media-json-jackson-2.34.jar:/home/runner/.m2/repository/org/glassfish/jersey/ext/jersey-entity-filtering/2.34/jersey-entity-filtering-2.34.jar:/home/runner/.m2/repository/org/jooq/jooq/3.11.10/jooq-3.11.10.jar:/home/runner/.m2/repository/org/jooq/jooq-meta/3.11.10/jooq-meta-3.11.10.jar:/home/runner/.m2/repository/org/jooq/jooq-codegen/3.11.10/jooq-codegen-3.11.10.jar:/home/runner/.m2/repository/com/jolbox/bonecp/0.8.0.RELEASE/bonecp-0.8.0.RELEASE.jar:/home/runner/.m2/repository/org/apache/derby/derby/10.14.2.0/derby-10.14.2.0.jar:/home/runner/.m2/repository/org/xerial/sqlite-jdbc/3.41.2.2/sqlite-jdbc-3.41.2.2.jar:/home/runner/.m2/repository/org/springframework/spring-jdbc/5.3.27/spring-jdbc-5.3.27.jar:/home/runner/.m2/repository/org/springframework/spring-beans/5.3.27/spring-beans-5.3.27.jar:/home/runner/.m2/repository/org/springframework/spring-core/5.3.27/spring-core-5.3.27.jar:/home/runner/.m2/repository/org/springframework/spring-tx/5.3.27/spring-tx-5.3.27.jar:/home/runner/.m2/repository/org/apache/ozone/ozone-client/1.4.0-SNAPSHOT/ozone-client-1.4.0-SNAPSHOT.jar:/home/runner/.m2/repository/org/apache/ozone/hdds-erasurecode/1.4.0-SNAPSHOT/hdds-erasurecode-1.4.0-SNAPSHOT.jar:/home/runner/.m2/repository/org/apache/ozone/ozone-filesystem/1.4.0-SNAPSHOT/ozone-filesystem-1.4.0-SNAPSHOT.jar:/home/runner/.m2/repository/org/apache/ozone/ozone-filesystem-common/1.4.0-SNAPSHOT/ozone-filesystem-common-1.4.0-SNAPSHOT.jar:/home/runner/.m2/repository/org/apache/ozone/ozone-tools/1.4.0-SNAPSHOT/ozone-tools-1.4.0-SNAPSHOT.jar:/home/runner/.m2/repository/com/amazonaws/aws-java-sdk-core/1.12.261/aws-java-sdk-core-1.12.261.jar:/home/runner/.m2/repository/org/apache/httpcomponents/httpclient/4.5.13/httpclient-4.5.13.jar:/home/runner/.m2/repository/org/apache/httpcomponents/httpcore/4.4.13/httpcore-4.4.13.jar:/home/runner/.m2/repository/software/amazon/ion/ion-java/1.0.2/ion-java-1.0.2.jar:/home/runner/.m2/repository/com/fasterxml/jackson/dataformat/jackson-dataformat-cbor/2.13.4/jackson-dataformat-cbor-2.13.4.jar:/home/runner/.m2/repository/joda-time/joda-time/2.10.6/joda-time-2.10.6.jar:/home/runner/.m2/repository/com/amazonaws/aws-java-sdk-s3/1.12.261/aws-java-sdk-s3-1.12.261.jar:/home/runner/.m2/repository/com/amazonaws/aws-java-sdk-kms/1.12.261/aws-java-sdk-kms-1.12.261.jar:/home/runner/.m2/repository/com/amazonaws/jmespath-java/1.12.261/jmespath-java-1.12.261.jar:/home/runner/.m2/repository/org/kohsuke/metainf-services/metainf-services/1.8/metainf-services-1.8.jar:/home/runner/.m2/repository/org/apache/ozone/hdds-tools/1.4.0-SNAPSHOT/hdds-tools-1.4.0-SNAPSHOT.jar:/home/runner/.m2/repository/org/apache/ratis/ratis-tools/2.5.1/ratis-tools-2.5.1.jar:/home/runner/.m2/repository/commons-cli/commons-cli/1.2/commons-cli-1.2.jar:/home/runner/.m2/repository/org/apache/commons/commons-lang3/3.7/commons-lang3-3.7.jar:/home/runner/.m2/repository/org/apache/ozone/ozone-manager/1.4.0-SNAPSHOT/ozone-manager-1.4.0-SNAPSHOT-tests.jar:/home/runner/.m2/repository/org/apache/ozone/hdds-common/1.4.0-SNAPSHOT/hdds-common-1.4.0-SNAPSHOT-tests.jar:/home/runner/.m2/repository/org/apache/ozone/hdds-hadoop-dependency-client/1.4.0-SNAPSHOT/hdds-hadoop-dependency-client-1.4.0-SNAPSHOT.jar:/home/runner/.m2/repository/info/picocli/picocli/4.6.1/picocli-4.6.1.jar:/home/runner/.m2/repository/com/fasterxml/jackson/core/jackson-annotations/2.13.4/jackson-annotations-2.13.4.jar:/home/runner/.m2/repository/org/apache/ozone/hdds-annotation-processing/1.4.0-SNAPSHOT/hdds-annotation-processing-1.4.0-SNAPSHOT.jar:/home/runner/.m2/repository/javax/annotation/javax.annotation-api/1.2/javax.annotation-api-1.2.jar:/home/runner/.m2/repository/org/apache/ratis/ratis-netty/2.5.1/ratis-netty-2.5.1.jar:/home/runner/.m2/repository/org/apache/ratis/ratis-grpc/2.5.1/ratis-grpc-2.5.1.jar:/home/runner/.m2/repository/org/apache/logging/log4j/log4j-api/2.17.1/log4j-api-2.17.1.jar:/home/runner/.m2/repository/org/apache/commons/commons-pool2/2.6.0/commons-pool2-2.6.0.jar:/home/runner/.m2/repository/org/bouncycastle/bcpkix-jdk15on/1.67/bcpkix-jdk15on-1.67.jar:/home/runner/.m2/repository/commons-validator/commons-validator/1.6/commons-validator-1.6.jar:/home/runner/.m2/repository/commons-beanutils/commons-beanutils/1.9.4/commons-beanutils-1.9.4.jar:/home/runner/.m2/repository/commons-digester/commons-digester/1.8.1/commons-digester-1.8.1.jar:/home/runner/.m2/repository/commons-collections/commons-collections/3.2.2/commons-collections-3.2.2.jar:/home/runner/.m2/repository/io/jaegertracing/jaeger-client/1.6.0/jaeger-client-1.6.0.jar:/home/runner/.m2/repository/io/jaegertracing/jaeger-thrift/1.6.0/jaeger-thrift-1.6.0.jar:/home/runner/.m2/repository/org/apache/thrift/libthrift/0.14.1/libthrift-0.14.1.jar:/home/runner/.m2/repository/io/jaegertracing/jaeger-core/1.6.0/jaeger-core-1.6.0.jar:/home/runner/.m2/repository/io/jaegertracing/jaeger-tracerresolver/1.6.0/jaeger-tracerresolver-1.6.0.jar:/home/runner/.m2/repository/io/opentracing/contrib/opentracing-tracerresolver/0.1.8/opentracing-tracerresolver-0.1.8.jar:/home/runner/.m2/repository/org/jetbrains/kotlin/kotlin-stdlib/1.6.21/kotlin-stdlib-1.6.21.jar:/home/runner/.m2/repository/org/jetbrains/annotations/13.0/annotations-13.0.jar:/home/runner/.m2/repository/io/opentracing/opentracing-util/0.33.0/opentracing-util-0.33.0.jar:/home/runner/.m2/repository/io/opentracing/opentracing-api/0.33.0/opentracing-api-0.33.0.jar:/home/runner/.m2/repository/io/opentracing/opentracing-noop/0.33.0/opentracing-noop-0.33.0.jar:/home/runner/.m2/repository/org/yaml/snakeyaml/2.0/snakeyaml-2.0.jar:/home/runner/.m2/repository/io/grpc/grpc-api/1.51.1/grpc-api-1.51.1.jar:/home/runner/.m2/repository/io/grpc/grpc-context/1.51.1/grpc-context-1.51.1.jar:/home/runner/.m2/repository/junit/junit/4.13.1/junit-4.13.1.jar:/home/runner/.m2/repository/org/hamcrest/hamcrest-core/1.3/hamcrest-core-1.3.jar:/home/runner/.m2/repository/org/junit/jupiter/junit-jupiter-api/5.8.2/junit-jupiter-api-5.8.2.jar:/home/runner/.m2/repository/org/opentest4j/opentest4j/1.2.0/opentest4j-1.2.0.jar:/home/runner/.m2/repository/org/junit/platform/junit-platform-commons/1.8.2/junit-platform-commons-1.8.2.jar:/home/runner/.m2/repository/org/apiguardian/apiguardian-api/1.1.2/apiguardian-api-1.1.2.jar:/home/runner/.m2/repository/org/junit/jupiter/junit-jupiter-params/5.8.2/junit-jupiter-params-5.8.2.jar:/home/runner/.m2/repository/org/junit/jupiter/junit-jupiter-migrationsupport/5.8.2/junit-jupiter-migrationsupport-5.8.2.jar:/home/runner/.m2/repository/org/junit/jupiter/junit-jupiter-engine/5.8.2/junit-jupiter-engine-5.8.2.jar:/home/runner/.m2/repository/org/junit/platform/junit-platform-engine/1.8.2/junit-platform-engine-1.8.2.jar:/home/runner/.m2/repository/org/junit/vintage/junit-vintage-engine/5.8.2/junit-vintage-engine-5.8.2.jar:/home/runner/.m2/repository/org/junit/platform/junit-platform-launcher/1.8.2/junit-platform-launcher-1.8.2.jar:/home/runner/.m2/repository/org/mockito/mockito-core/3.5.9/mockito-core-3.5.9.jar:/home/runner/.m2/repository/net/bytebuddy/byte-buddy/1.10.13/byte-buddy-1.10.13.jar:/home/runner/.m2/repository/net/bytebuddy/byte-buddy-agent/1.10.13/byte-buddy-agent-1.10.13.jar:/home/runner/.m2/repository/org/objenesis/objenesis/1.0/objenesis-1.0.jar:/home/runner/.m2/repository/org/apache/hadoop/hadoop-kms/3.3.5/hadoop-kms-3.3.5.jar:/home/runner/.m2/repository/org/apache/hadoop/hadoop-auth/3.3.5/hadoop-auth-3.3.5.jar:/home/runner/.m2/repository/com/nimbusds/nimbus-jose-jwt/9.8.1/nimbus-jose-jwt-9.8.1.jar:/home/runner/.m2/repository/com/github/stephenc/jcip/jcip-annotations/1.0-1/jcip-annotations-1.0-1.jar:/home/runner/.m2/repository/net/minidev/json-smart/2.4.7/json-smart-2.4.7.jar:/home/runner/.m2/repository/net/minidev/accessors-smart/2.4.7/accessors-smart-2.4.7.jar:/home/runner/.m2/repository/org/ow2/asm/asm/5.0.4/asm-5.0.4.jar:/home/runner/.m2/repository/org/apache/zookeeper/zookeeper/3.5.6/zookeeper-3.5.6.jar:/home/runner/.m2/repository/org/apache/zookeeper/zookeeper-jute/3.5.6/zookeeper-jute-3.5.6.jar:/home/runner/.m2/repository/org/apache/yetus/audience-annotations/0.5.0/audience-annotations-0.5.0.jar:/home/runner/.m2/repository/org/apache/curator/curator-framework/4.2.0/curator-framework-4.2.0.jar:/home/runner/.m2/repository/org/apache/hadoop/thirdparty/hadoop-shaded-guava/1.1.1/hadoop-shaded-guava-1.1.1.jar:/home/runner/.m2/repository/com/sun/jersey/jersey-core/1.19/jersey-core-1.19.jar:/home/runner/.m2/repository/javax/ws/rs/jsr311-api/1.1.1/jsr311-api-1.1.1.jar:/home/runner/.m2/repository/com/sun/jersey/jersey-server/1.19/jersey-server-1.19.jar:/home/runner/.m2/repository/javax/servlet/javax.servlet-api/3.1.0/javax.servlet-api-3.1.0.jar:/home/runner/.m2/repository/org/apache/hadoop/hadoop-common/3.3.5/hadoop-common-3.3.5.jar:/home/runner/.m2/repository/org/apache/commons/commons-math3/3.1.1/commons-math3-3.1.1.jar:/home/runner/.m2/repository/commons-net/commons-net/3.9.0/commons-net-3.9.0.jar:/home/runner/.m2/repository/com/sun/jersey/jersey-servlet/1.19/jersey-servlet-1.19.jar:/home/runner/.m2/repository/com/github/pjfanning/jersey-json/1.20/jersey-json-1.20.jar:/home/runner/.m2/repository/org/codehaus/jettison/jettison/1.1/jettison-1.1.jar:/home/runner/.m2/repository/com/sun/xml/bind/jaxb-impl/2.2.3-1/jaxb-impl-2.2.3-1.jar:/home/runner/.m2/repository/com/google/re2j/re2j/1.1/re2j-1.1.jar:/home/runner/.m2/repository/com/jcraft/jsch/0.1.54/jsch-0.1.54.jar:/home/runner/.m2/repository/org/apache/curator/curator-client/4.2.0/curator-client-4.2.0.jar:/home/runner/.m2/repository/org/apache/curator/curator-recipes/4.2.0/curator-recipes-4.2.0.jar:/home/runner/.m2/repository/org/apache/kerby/kerb-core/1.0.1/kerb-core-1.0.1.jar:/home/runner/.m2/repository/org/apache/kerby/kerby-pkix/1.0.1/kerby-pkix-1.0.1.jar:/home/runner/.m2/repository/org/apache/kerby/kerby-asn1/1.0.1/kerby-asn1-1.0.1.jar:/home/runner/.m2/repository/org/apache/kerby/kerby-util/1.0.1/kerby-util-1.0.1.jar:/home/runner/.m2/repository/dnsjava/dnsjava/2.1.7/dnsjava-2.1.7.jar:/home/runner/.m2/repository/org/xerial/snappy/snappy-java/1.1.8.2/snappy-java-1.1.8.2.jar:/home/runner/.m2/repository/com/fasterxml/jackson/core/jackson-databind/2.13.4.2/jackson-databind-2.13.4.2.jar:/home/runner/.m2/repository/org/apache/hadoop/hadoop-kms/3.3.5/hadoop-kms-3.3.5-tests.jar:/home/runner/.m2/repository/org/apache/ozone/hdds-server-scm/1.4.0-SNAPSHOT/hdds-server-scm-1.4.0-SNAPSHOT-tests.jar:/home/runner/.m2/repository/org/apache/ozone/hdds-container-service/1.4.0-SNAPSHOT/hdds-container-service-1.4.0-SNAPSHOT-tests.jar:/home/runner/.m2/repository/com/github/luben/zstd-jni/1.5.2-5/zstd-jni-1.5.2-5.jar:/home/runner/.m2/repository/commons-codec/commons-codec/1.15/commons-codec-1.15.jar:/home/runner/.m2/repository/io/netty/netty-codec/4.1.86.Final/netty-codec-4.1.86.Final.jar:/home/runner/.m2/repository/io/netty/netty-handler/4.1.86.Final/netty-handler-4.1.86.Final.jar:/home/runner/.m2/repository/org/apache/ozone/hdds-hadoop-dependency-test/1.4.0-SNAPSHOT/hdds-hadoop-dependency-test-1.4.0-SNAPSHOT.jar:/home/runner/.m2/repository/org/apache/hadoop/hadoop-common/3.3.5/hadoop-common-3.3.5-tests.jar:/home/runner/.m2/repository/org/apache/hadoop/hadoop-hdfs/3.3.5/hadoop-hdfs-3.3.5-tests.jar:/home/runner/.m2/repository/org/assertj/assertj-core/3.12.2/assertj-core-3.12.2.jar:/home/runner/.m2/repository/org/apache/hadoop/hadoop-distcp/3.3.5/hadoop-distcp-3.3.5.jar:/home/runner/.m2/repository/org/apache/hadoop/hadoop-mapreduce-client-jobclient/3.3.5/hadoop-mapreduce-client-jobclient-3.3.5.jar:/home/runner/.m2/repository/org/apache/hadoop/hadoop-mapreduce-client-common/3.3.5/hadoop-mapreduce-client-common-3.3.5.jar:/home/runner/.m2/repository/org/apache/hadoop/hadoop-yarn-common/3.3.5/hadoop-yarn-common-3.3.5.jar:/home/runner/.m2/repository/org/apache/hadoop/hadoop-yarn-api/3.3.5/hadoop-yarn-api-3.3.5.jar:/home/runner/.m2/repository/com/sun/jersey/contribs/jersey-guice/1.19/jersey-guice-1.19.jar:/home/runner/.m2/repository/com/fasterxml/jackson/jaxrs/jackson-jaxrs-json-provider/2.13.4/jackson-jaxrs-json-provider-2.13.4.jar:/home/runner/.m2/repository/com/fasterxml/jackson/jaxrs/jackson-jaxrs-base/2.13.4/jackson-jaxrs-base-2.13.4.jar:/home/runner/.m2/repository/org/apache/hadoop/hadoop-yarn-client/3.3.5/hadoop-yarn-client-3.3.5.jar:/home/runner/.m2/repository/org/eclipse/jetty/websocket/websocket-client/9.4.48.v20220622/websocket-client-9.4.48.v20220622.jar:/home/runner/.m2/repository/org/eclipse/jetty/websocket/websocket-common/9.4.48.v20220622/websocket-common-9.4.48.v20220622.jar:/home/runner/.m2/repository/org/eclipse/jetty/websocket/websocket-api/9.4.48.v20220622/websocket-api-9.4.48.v20220622.jar:/home/runner/.m2/repository/org/jline/jline/3.9.0/jline-3.9.0.jar:/home/runner/.m2/repository/org/apache/hadoop/hadoop-mapreduce-client-core/3.3.5/hadoop-mapreduce-client-core-3.3.5.jar:/home/runner/.m2/repository/org/apache/avro/avro/1.7.7/avro-1.7.7.jar:/home/runner/.m2/repository/com/thoughtworks/paranamer/paranamer/2.3/paranamer-2.3.jar:/home/runner/.m2/repository/org/apache/hadoop/hadoop-annotations/3.3.5/hadoop-annotations-3.3.5.jar:/usr/lib/jvm/temurin-8-jdk-amd64/jre/../lib/tools.jar:/home/runner/.m2/repository/io/netty/netty/3.10.6.Final/netty-3.10.6.Final.jar:/home/runner/.m2/repository/org/apache/hadoop/hadoop-distcp/3.3.5/hadoop-distcp-3.3.5-tests.jar:/home/runner/.m2/repository/org/slf4j/jul-to-slf4j/1.7.36/jul-to-slf4j-1.7.36.jar:"/>
    <property name="sun.cpu.endian" value="little"/>
    <property name="user.home" value="/home/runner"/>
    <property name="user.language" value="en"/>
    <property name="java.specification.vendor" value="Oracle Corporation"/>
    <property name="java.home" value="/usr/lib/jvm/temurin-8-jdk-amd64/jre"/>
    <property name="java.security.krb5.conf" value="/home/runner/work/ozone/ozone/hadoop-ozone/integration-test/target/test-classes/krb5.conf"/>
    <property name="file.separator" value="/"/>
    <property name="basedir" value="/home/runner/work/ozone/ozone/hadoop-ozone/integration-test"/>
    <property name="line.separator" value="&#10;"/>
    <property name="java.vm.specification.vendor" value="Oracle Corporation"/>
    <property name="java.specification.name" value="Java Platform API Specification"/>
    <property name="skip.installnpx" value="true"/>
    <property name="java.awt.graphicsenv" value="sun.awt.X11GraphicsEnvironment"/>
    <property name="surefire.real.class.path" value="/home/runner/work/ozone/ozone/hadoop-ozone/integration-test/target/surefire/surefirebooter5104917823054770708.jar:/home/runner/.m2/repository/org/jacoco/org.jacoco.agent/0.8.5/org.jacoco.agent-0.8.5-runtime.jar"/>
    <property name="sun.boot.class.path" value="/usr/lib/jvm/temurin-8-jdk-amd64/jre/lib/resources.jar:/usr/lib/jvm/temurin-8-jdk-amd64/jre/lib/rt.jar:/usr/lib/jvm/temurin-8-jdk-amd64/jre/lib/sunrsasign.jar:/usr/lib/jvm/temurin-8-jdk-amd64/jre/lib/jsse.jar:/usr/lib/jvm/temurin-8-jdk-amd64/jre/lib/jce.jar:/usr/lib/jvm/temurin-8-jdk-amd64/jre/lib/charsets.jar:/usr/lib/jvm/temurin-8-jdk-amd64/jre/lib/jfr.jar:/usr/lib/jvm/temurin-8-jdk-amd64/jre/classes"/>
    <property name="hadoop.log.dir" value="/home/runner/work/ozone/ozone/hadoop-ozone/integration-test/target/log"/>
    <property name="sun.management.compiler" value="HotSpot 64-Bit Tiered Compilers"/>
    <property name="java.runtime.version" value="1.8.0_372-b07"/>
    <property name="skip.npx" value="true"/>
    <property name="user.name" value="runner"/>
    <property name="java.net.preferIPv4Stack" value="true"/>
    <property name="path.separator" value=":"/>
    <property name="java.security.egd" value="file:///dev/urandom"/>
    <property name="os.version" value="5.15.0-1040-azure"/>
    <property name="java.endorsed.dirs" value="/usr/lib/jvm/temurin-8-jdk-amd64/jre/lib/endorsed"/>
    <property name="java.runtime.name" value="OpenJDK Runtime Environment"/>
    <property name="file.encoding" value="UTF-8"/>
    <property name="java.vm.name" value="OpenJDK 64-Bit Server VM"/>
    <property name="test.build.webapps" value=""/>
    <property name="log4j1.compatibility" value="true"/>
    <property name="localRepository" value="/home/runner/.m2/repository"/>
    <property name="jetty.git.hash" value="b45c405e4544384de066f814ed42ae3dceacdd49"/>
    <property name="java.vendor.url.bug" value="https://github.com/adoptium/adoptium-support/issues"/>
    <property name="require.test.libhadoop" value=""/>
    <property name="java.io.tmpdir" value="/tmp"/>
    <property name="java.version" value="1.8.0_372"/>
    <property name="user.dir" value="/home/runner/work/ozone/ozone/hadoop-ozone/integration-test"/>
    <property name="os.arch" value="amd64"/>
    <property name="test.build.classes" value="/home/runner/work/ozone/ozone/hadoop-ozone/integration-test/target/test-classes"/>
    <property name="java.vm.specification.name" value="Java Virtual Machine Specification"/>
    <property name="java.awt.printerjob" value="sun.print.PSPrinterJob"/>
    <property name="sun.os.patch.level" value="unknown"/>
    <property name="org.apache.ratis.thirdparty.io.netty.allocator.useCacheForAllThreads" value="false"/>
    <property name="hadoop.tmp.dir" value="/home/runner/work/ozone/ozone/hadoop-ozone/integration-test/target/tmp"/>
    <property name="java.library.path" value="/usr/java/packages/lib/amd64:/usr/lib64:/lib64:/lib:/usr/lib"/>
    <property name="java.vendor" value="Temurin"/>
    <property name="java.vm.info" value="mixed mode"/>
    <property name="java.vm.version" value="25.372-b07"/>
    <property name="java.specification.maintenance.version" value="4"/>
    <property name="sun.io.unicode.encoding" value="UnicodeLittle"/>
    <property name="java.ext.dirs" value="/usr/lib/jvm/temurin-8-jdk-amd64/jre/lib/ext:/usr/java/packages/lib/ext"/>
    <property name="java.class.version" value="52.0"/>
    <property name="kms.config.dir" value="/home/runner/work/ozone/ozone/hadoop-ozone/integration-test/target/test-dir/TestSecureOzoneRpcClient/36876991-ca17-4fd8-ac90-9a3655100246"/>
  </properties>
  <testcase name="testPutKeyWithEncryption" classname="TestOzoneAtRestEncryption" time="2.194">
    <system-out><![CDATA[2023-06-23 15:08:52,121 [main] INFO  util.log (Log.java:initialized(170)) - Logging initialized @1683ms to org.eclipse.jetty.util.log.Slf4jLog
2023-06-23 15:08:52,272 [main] INFO  http.HttpRequestLog (HttpRequestLog.java:getRequestLog(82)) - Http request log for http.requests.kms is not defined
2023-06-23 15:08:52,279 [main] INFO  http.HttpServer2 (HttpServer2.java:addGlobalFilter(1124)) - Added global filter 'safety' (class=org.apache.hadoop.http.HttpServer2$QuotingInputFilter)
2023-06-23 15:08:52,333 [main] INFO  http.HttpServer2 (HttpServer2.java:addFilter(1097)) - Added filter static_user_filter (class=org.apache.hadoop.http.lib.StaticUserWebFilter$StaticUserFilter) to context kms
2023-06-23 15:08:52,333 [main] INFO  http.HttpServer2 (HttpServer2.java:addFilter(1107)) - Added filter static_user_filter (class=org.apache.hadoop.http.lib.StaticUserWebFilter$StaticUserFilter) to context static
2023-06-23 15:08:52,333 [main] INFO  http.HttpServer2 (HttpServer2.java:addFilter(1107)) - Added filter static_user_filter (class=org.apache.hadoop.http.lib.StaticUserWebFilter$StaticUserFilter) to context logs
2023-06-23 15:08:52,364 [main] INFO  http.HttpServer2 (HttpServer2.java:bindListener(1357)) - Jetty bound to port 44467
2023-06-23 15:08:52,365 [main] INFO  server.Server (Server.java:doStart(375)) - jetty-9.4.51.v20230217; built: 2023-02-17T08:19:37.309Z; git: b45c405e4544384de066f814ed42ae3dceacdd49; jvm 1.8.0_372-b07
2023-06-23 15:08:52,386 [main] INFO  server.session (DefaultSessionIdManager.java:doStart(334)) - DefaultSessionIdManager workerName=node0
2023-06-23 15:08:52,386 [main] INFO  server.session (DefaultSessionIdManager.java:doStart(339)) - No SessionScavenger set, using defaults
2023-06-23 15:08:52,388 [main] INFO  server.session (HouseKeeper.java:startScavenging(132)) - node0 Scavenging every 600000ms
2023-06-23 15:08:52,399 [main] INFO  handler.ContextHandler (ContextHandler.java:doStart(921)) - Started o.e.j.s.ServletContextHandler@abff8b7{logs,/logs,file:///home/runner/work/ozone/ozone/hadoop-ozone/integration-test/target/log,AVAILABLE}
2023-06-23 15:08:52,400 [main] INFO  handler.ContextHandler (ContextHandler.java:doStart(921)) - Started o.e.j.s.ServletContextHandler@b0fc838{static,/static,jar:file:/home/runner/.m2/repository/org/apache/hadoop/hadoop-kms/3.3.5/hadoop-kms-3.3.5.jar!/webapps/static,AVAILABLE}
2023-06-23 15:08:52,491 [main] INFO  server.KMSWebApp (KMSWebApp.java:contextInitialized(94)) - -------------------------------------------------------------
2023-06-23 15:08:52,491 [main] INFO  server.KMSWebApp (KMSWebApp.java:contextInitialized(95)) -   Java runtime version : 1.8.0_372-b07
2023-06-23 15:08:52,491 [main] INFO  server.KMSWebApp (KMSWebApp.java:contextInitialized(97)) -   User: runner
2023-06-23 15:08:52,494 [main] INFO  server.KMSWebApp (KMSWebApp.java:contextInitialized(98)) -   KMS Hadoop Version: 3.3.5
2023-06-23 15:08:52,494 [main] INFO  server.KMSWebApp (KMSWebApp.java:contextInitialized(99)) - -------------------------------------------------------------
2023-06-23 15:08:52,502 [main] INFO  server.KMSACLs (KMSACLs.java:setKMSACLs(107)) - 'CREATE' ACL '*'
2023-06-23 15:08:52,502 [main] INFO  server.KMSACLs (KMSACLs.java:setKMSACLs(107)) - 'DELETE' ACL '*'
2023-06-23 15:08:52,502 [main] INFO  server.KMSACLs (KMSACLs.java:setKMSACLs(107)) - 'ROLLOVER' ACL '*'
2023-06-23 15:08:52,502 [main] INFO  server.KMSACLs (KMSACLs.java:setKMSACLs(107)) - 'GET' ACL '*'
2023-06-23 15:08:52,502 [main] INFO  server.KMSACLs (KMSACLs.java:setKMSACLs(107)) - 'GET_KEYS' ACL '*'
2023-06-23 15:08:52,502 [main] INFO  server.KMSACLs (KMSACLs.java:setKMSACLs(107)) - 'GET_METADATA' ACL '*'
2023-06-23 15:08:52,502 [main] INFO  server.KMSACLs (KMSACLs.java:setKMSACLs(107)) - 'SET_KEY_MATERIAL' ACL '*'
2023-06-23 15:08:52,503 [main] INFO  server.KMSACLs (KMSACLs.java:setKMSACLs(107)) - 'GENERATE_EEK' ACL '*'
2023-06-23 15:08:52,503 [main] INFO  server.KMSACLs (KMSACLs.java:setKMSACLs(107)) - 'DECRYPT_EEK' ACL '*'
2023-06-23 15:08:52,503 [main] INFO  server.KMSACLs (KMSACLs.java:parseAclsWithPrefix(185)) - default.key.acl. for KEY_OP 'READ' is set to '*'
2023-06-23 15:08:52,504 [main] INFO  server.KMSACLs (KMSACLs.java:parseAclsWithPrefix(185)) - default.key.acl. for KEY_OP 'MANAGEMENT' is set to '*'
2023-06-23 15:08:52,504 [main] INFO  server.KMSACLs (KMSACLs.java:parseAclsWithPrefix(185)) - default.key.acl. for KEY_OP 'GENERATE_EEK' is set to '*'
2023-06-23 15:08:52,504 [main] INFO  server.KMSACLs (KMSACLs.java:parseAclsWithPrefix(185)) - default.key.acl. for KEY_OP 'DECRYPT_EEK' is set to '*'
2023-06-23 15:08:52,557 [main] INFO  server.KMSAudit (KMSAudit.java:initializeAuditLoggers(157)) - Initializing audit logger class org.apache.hadoop.crypto.key.kms.server.SimpleKMSAuditLogger
2023-06-23 15:08:52,721 [main] INFO  server.KMSWebApp (KMSWebApp.java:contextInitialized(149)) - Initialized KeyProvider CachingKeyProvider: jceks://file@/home/runner/work/ozone/ozone/hadoop-ozone/integration-test/target/test-dir/TestSecureOzoneRpcClient/36876991-ca17-4fd8-ac90-9a3655100246/kms.keystore
2023-06-23 15:08:52,729 [main] INFO  server.KMSWebApp (KMSWebApp.java:contextInitialized(163)) - Initialized KeyProviderCryptoExtension org.apache.hadoop.crypto.key.kms.server.KeyAuthorizationKeyProvider: EagerKeyGeneratorKeyProviderCryptoExtension: KeyProviderCryptoExtension: CachingKeyProvider: jceks://file@/home/runner/work/ozone/ozone/hadoop-ozone/integration-test/target/test-dir/TestSecureOzoneRpcClient/36876991-ca17-4fd8-ac90-9a3655100246/kms.keystore
2023-06-23 15:08:52,729 [main] INFO  server.KMSWebApp (KMSWebApp.java:contextInitialized(168)) - Default key bitlength is 128
2023-06-23 15:08:52,729 [main] INFO  server.KMSWebApp (KMSWebApp.java:contextInitialized(169)) - KMS Started
2023-06-23 15:08:52,769 [main] INFO  delegation.AbstractDelegationTokenSecretManager (AbstractDelegationTokenSecretManager.java:updateCurrentKey(411)) - Updating the current master key for generating delegation tokens
2023-06-23 15:08:52,780 [Thread[Thread-14,5,main]] INFO  delegation.AbstractDelegationTokenSecretManager (AbstractDelegationTokenSecretManager.java:run(763)) - Starting expired delegation token remover thread, tokenRemoverScanInterval=60 min(s)
2023-06-23 15:08:52,780 [Thread[Thread-14,5,main]] INFO  delegation.AbstractDelegationTokenSecretManager (AbstractDelegationTokenSecretManager.java:updateCurrentKey(411)) - Updating the current master key for generating delegation tokens
2023-06-23 15:08:52,822 [main] INFO  core.PackagesResourceConfig (PackagesResourceConfig.java:init(101)) - Scanning for root resource and provider classes in the packages:
  org.apache.hadoop.crypto.key.kms.server
2023-06-23 15:08:52,873 [main] INFO  core.ScanningResourceConfig (ScanningResourceConfig.java:logClasses(153)) - Root resource classes found:
  class org.apache.hadoop.crypto.key.kms.server.KMS
2023-06-23 15:08:52,873 [main] INFO  core.ScanningResourceConfig (ScanningResourceConfig.java:logClasses(153)) - Provider classes found:
  class org.apache.hadoop.crypto.key.kms.server.KMSJSONWriter
  class org.apache.hadoop.crypto.key.kms.server.KMSExceptionsProvider
  class org.apache.hadoop.crypto.key.kms.server.KMSJSONReader
2023-06-23 15:08:53,001 [main] INFO  application.WebApplicationImpl (WebApplicationImpl.java:_initiate(815)) - Initiating Jersey application, version 'Jersey: 1.19 02/11/2015 03:25 AM'
2023-06-23 15:08:53,807 [main] INFO  handler.ContextHandler (ContextHandler.java:doStart(921)) - Started o.e.j.w.WebAppContext@47a4eee2{kms,/,file:///home/runner/work/ozone/ozone/hadoop-ozone/integration-test/target/tmp/kms/webapp/,AVAILABLE}{jar:file:/home/runner/.m2/repository/org/apache/hadoop/hadoop-kms/3.3.5/hadoop-kms-3.3.5.jar!/webapps/kms}
2023-06-23 15:08:53,817 [main] INFO  server.AbstractConnector (AbstractConnector.java:doStart(333)) - Started ServerConnector@70f822e{HTTP/1.1, (http/1.1)}{localhost:44467}
2023-06-23 15:08:53,817 [main] INFO  server.Server (Server.java:doStart(415)) - Started @3381ms
2023-06-23 15:08:53,884 [main] WARN  impl.MetricsConfig (MetricsConfig.java:loadFirst(136)) - Cannot locate configuration: tried hadoop-metrics2-kms.properties,hadoop-metrics2.properties
2023-06-23 15:08:53,953 [main] INFO  impl.MetricsSystemImpl (MetricsSystemImpl.java:startTimer(378)) - Scheduled Metric snapshot period at 10 second(s).
2023-06-23 15:08:53,953 [main] INFO  impl.MetricsSystemImpl (MetricsSystemImpl.java:start(191)) - KMS metrics system started
2023-06-23 15:08:53,986 [org.apache.hadoop.util.JvmPauseMonitor$Monitor@6d5f4900] INFO  util.JvmPauseMonitor (JvmPauseMonitor.java:run(188)) - Starting JVM pause monitor
2023-06-23 15:08:54,243 [main] INFO  audit.AuditLogger (AuditLogger.java:refreshDebugCmdSet(126)) - Refresh DebugCmdSet for OMAudit to [].
2023-06-23 15:08:55,520 [main] INFO  utils.SelfSignedCertificate (SelfSignedCertificate.java:generateCertificate(157)) - Certificate 1 is issued by CN=rootCA@localhost,OU=scm1,O=cluster1 to CN=rootCA@localhost,OU=scm1,O=cluster1, valid from Fri Jun 23 15:08:55 UTC 2023 to Mon Jul 31 15:08:55 UTC 2028
2023-06-23 15:08:55,660 [main] WARN  server.ServerUtils (ServerUtils.java:getScmDbDir(155)) - ozone.scm.db.dirs is not configured. We recommend adding this setting. Falling back to ozone.metadata.dirs instead.
2023-06-23 15:08:55,865 [main] INFO  reflections.Reflections (Reflections.java:scan(232)) - Reflections took 174 ms to scan 7 urls, producing 159 keys and 372 values 
2023-06-23 15:08:55,976 [main] WARN  server.ServerUtils (ServerUtils.java:getScmDbDir(155)) - ozone.scm.db.dirs is not configured. We recommend adding this setting. Falling back to ozone.metadata.dirs instead.
2023-06-23 15:08:55,979 [main] INFO  ha.SCMHANodeDetails (SCMHANodeDetails.java:loadSCMHAConfig(210)) - ServiceID for StorageContainerManager is null
2023-06-23 15:08:55,986 [main] WARN  ha.SCMHANodeDetails (SCMHANodeDetails.java:validateSCMHAConfig(183)) - Invalid config ozone.scm.ratis.enable. The config was not specified, but the default value true conflicts with the expected config value false. Falling back to the expected value. Current State of SCM: SCM is running in Non-HA without Ratis Ratis SCM -> Non Ratis SCM or Non HA SCM -> HA SCM is not supported
2023-06-23 15:08:55,986 [main] INFO  ha.SCMHANodeDetails (SCMHANodeDetails.java:loadSCMHAConfig(215)) - ozone.scm.default.service.id is not defined, falling back to ozone.scm.service.ids to find serviceID for StorageContainerManager if it is HA enabled cluster
2023-06-23 15:08:56,113 [main] WARN  utils.HAUtils (HAUtils.java:getMetaDir(339)) - ozone.scm.db.dirs is not configured. We recommend adding this setting. Falling back to ozone.metadata.dirs instead.
2023-06-23 15:08:56,262 [main] WARN  db.DBStoreBuilder (DBStoreBuilder.java:applyDBDefinition(166)) - ozone.scm.db.dirs is not configured. We recommend adding this setting. Falling back to ozone.metadata.dirs instead.
2023-06-23 15:08:56,500 [main] INFO  net.NodeSchemaLoader (NodeSchemaLoader.java:loadSchemaFromFile(129)) - Loading schema from [jar:file:/home/runner/.m2/repository/org/apache/ozone/hdds-common/1.4.0-SNAPSHOT/hdds-common-1.4.0-SNAPSHOT.jar!/network-topology-default.xml]
2023-06-23 15:08:56,502 [main] INFO  net.NodeSchemaLoader (NodeSchemaLoader.java:loadSchema(176)) - Loading network topology layer schema file
2023-06-23 15:08:56,532 [main] INFO  metrics.MetricRegistries (MetricRegistriesLoader.java:load(64)) - Loaded MetricRegistries class org.apache.ratis.metrics.impl.MetricRegistriesImpl
2023-06-23 15:08:56,549 [main] INFO  upgrade.AbstractLayoutVersionManager (AbstractLayoutVersionManager.java:init(83)) - Initializing Layout version manager with metadata layout = HADOOP_PRC_PORTS_IN_DATANODEDETAILS (version = 7), software layout = HADOOP_PRC_PORTS_IN_DATANODEDETAILS (version = 7)
2023-06-23 15:08:56,676 [main] INFO  ha.SequenceIdGenerator (SequenceIdGenerator.java:upgradeToSequenceId(349)) - upgrade localId to 111677748019200000
2023-06-23 15:08:56,678 [main] INFO  ha.SequenceIdGenerator (SequenceIdGenerator.java:upgradeToSequenceId(359)) - upgrade delTxnId to 0
2023-06-23 15:08:56,686 [main] INFO  ha.SequenceIdGenerator (SequenceIdGenerator.java:upgradeToSequenceId(376)) - upgrade containerId to 0
2023-06-23 15:08:56,688 [main] INFO  ha.SequenceIdGenerator (SequenceIdGenerator.java:<init>(220)) - Init the HA SequenceIdGenerator.
2023-06-23 15:08:56,738 [main] WARN  server.ServerUtils (ServerUtils.java:sanitizeUserArgs(80)) - ozone.scm.stale.node.interval value = 300000 is larger than max = 100000 based on the key value of ozone.scm.heartbeat.thread.interval, reset to the max value 100000.
2023-06-23 15:08:56,738 [main] WARN  server.ServerUtils (ServerUtils.java:sanitizeUserArgs(80)) - ozone.scm.stale.node.interval value = 300000 is larger than max = 100000 based on the key value of ozone.scm.heartbeat.thread.interval, reset to the max value 100000.
2023-06-23 15:08:56,742 [main] INFO  node.SCMNodeManager (SCMNodeManager.java:<init>(157)) - Entering startup safe mode.
2023-06-23 15:08:56,762 [main] INFO  algorithms.ContainerPlacementPolicyFactory (ContainerPlacementPolicyFactory.java:getPolicyInternal(86)) - Create container placement policy of type org.apache.hadoop.hdds.scm.container.placement.algorithms.SCMContainerPlacementRackAware
2023-06-23 15:08:56,766 [main] INFO  algorithms.ContainerPlacementPolicyFactory (ContainerPlacementPolicyFactory.java:getPolicyInternal(86)) - Create container placement policy of type org.apache.hadoop.hdds.scm.container.placement.algorithms.SCMContainerPlacementRackScatter
2023-06-23 15:08:56,776 [main] INFO  pipeline.PipelineStateManagerImpl (PipelineStateManagerImpl.java:initialize(78)) - No pipeline exists in current db
2023-06-23 15:08:56,788 [main] INFO  algorithms.LeaderChoosePolicyFactory (LeaderChoosePolicyFactory.java:getPolicy(57)) - Create leader choose policy of type org.apache.hadoop.hdds.scm.pipeline.leader.choose.algorithms.MinLeaderCountChoosePolicy
2023-06-23 15:08:56,788 [main] INFO  algorithms.ContainerPlacementPolicyFactory (ContainerPlacementPolicyFactory.java:getPolicyInternal(86)) - Create container placement policy of type org.apache.hadoop.hdds.scm.container.placement.algorithms.SCMContainerPlacementRackScatter
2023-06-23 15:08:56,796 [main] INFO  ha.SCMServiceManager (SCMServiceManager.java:register(42)) - Registering service BackgroundPipelineCreator.
2023-06-23 15:08:56,796 [main] INFO  pipeline.BackgroundPipelineCreator (BackgroundPipelineCreator.java:start(124)) - Starting RatisPipelineUtilsThread.
2023-06-23 15:08:56,798 [main] INFO  BackgroundPipelineScrubber (BackgroundSCMService.java:start(68)) - Starting BackgroundPipelineScrubber Service.
2023-06-23 15:08:56,799 [main] INFO  ha.SCMServiceManager (SCMServiceManager.java:register(42)) - Registering service BackgroundPipelineScrubber.
2023-06-23 15:08:56,805 [main] INFO  ExpiredContainerReplicaOpScrubber (BackgroundSCMService.java:start(68)) - Starting ExpiredContainerReplicaOpScrubber Service.
2023-06-23 15:08:56,806 [main] INFO  ha.SCMServiceManager (SCMServiceManager.java:register(42)) - Registering service ExpiredContainerReplicaOpScrubber.
2023-06-23 15:08:56,837 [main] INFO  algorithms.PipelineChoosePolicyFactory (PipelineChoosePolicyFactory.java:createPipelineChoosePolicyFromClass(73)) - Create pipeline choose policy of type org.apache.hadoop.hdds.scm.pipeline.choose.algorithms.RandomPipelineChoosePolicy
2023-06-23 15:08:56,857 [main] INFO  ha.SCMServiceManager (SCMServiceManager.java:register(42)) - Registering service SCMBlockDeletingService.
2023-06-23 15:08:56,913 [main] INFO  replication.ReplicationManager (ReplicationManager.java:start(286)) - Starting Replication Monitor Thread.
2023-06-23 15:08:56,922 [main] INFO  ha.SCMServiceManager (SCMServiceManager.java:register(42)) - Registering service ReplicationManager.
2023-06-23 15:08:56,927 [ReplicationMonitor] INFO  replication.ReplicationManager (ReplicationManager.java:processAll(361)) - Replication Manager is not ready to run until 3000ms after safemode exit
2023-06-23 15:08:56,932 [main] INFO  safemode.ContainerSafeModeRule (ContainerSafeModeRule.java:<init>(89)) - containers with one replica threshold count 0
2023-06-23 15:08:56,940 [main] INFO  safemode.HealthyPipelineSafeModeRule (HealthyPipelineSafeModeRule.java:initializeRule(169)) - Total pipeline count is 0, healthy pipeline threshold count is 1
2023-06-23 15:08:56,944 [main] INFO  safemode.OneReplicaPipelineSafeModeRule (OneReplicaPipelineSafeModeRule.java:initializeRule(180)) - Total pipeline count is 0, pipeline's with at least one datanode reported threshold count is 0
2023-06-23 15:08:56,957 [main] INFO  server.StorageContainerManager (StorageContainerManager.java:<init>(420)) - SCM start with adminUsers: [runner]
2023-06-23 15:08:56,983 [main] INFO  audit.AuditLogger (AuditLogger.java:refreshDebugCmdSet(126)) - Refresh DebugCmdSet for SCMAudit to [].
2023-06-23 15:08:57,013 [main] INFO  ipc.CallQueueManager (CallQueueManager.java:<init>(90)) - Using callQueue: class java.util.concurrent.LinkedBlockingQueue, queueCapacity: 2000, scheduler: class org.apache.hadoop.ipc.DefaultRpcScheduler, ipcBackoff: false.
2023-06-23 15:08:57,047 [Socket Reader #1 for port 15002] INFO  ipc.Server (Server.java:run(1319)) - Starting Socket Reader #1 for port 15002
2023-06-23 15:08:57,093 [Listener at 0.0.0.0/15002] INFO  hdds.HddsUtils (HddsUtils.java:preserveThreadName(848)) - Restoring thread name: main
2023-06-23 15:08:57,121 [main] INFO  audit.AuditLogger (AuditLogger.java:refreshDebugCmdSet(126)) - Refresh DebugCmdSet for SCMAudit to [].
2023-06-23 15:08:57,126 [main] INFO  ipc.CallQueueManager (CallQueueManager.java:<init>(90)) - Using callQueue: class java.util.concurrent.LinkedBlockingQueue, queueCapacity: 2000, scheduler: class org.apache.hadoop.ipc.DefaultRpcScheduler, ipcBackoff: false.
2023-06-23 15:08:57,127 [Socket Reader #1 for port 15001] INFO  ipc.Server (Server.java:run(1319)) - Starting Socket Reader #1 for port 15001
2023-06-23 15:08:57,131 [Listener at 0.0.0.0/15001] INFO  hdds.HddsUtils (HddsUtils.java:preserveThreadName(848)) - Restoring thread name: main
2023-06-23 15:08:57,157 [main] INFO  audit.AuditLogger (AuditLogger.java:refreshDebugCmdSet(126)) - Refresh DebugCmdSet for SCMAudit to [].
2023-06-23 15:08:57,167 [main] INFO  ipc.CallQueueManager (CallQueueManager.java:<init>(90)) - Using callQueue: class java.util.concurrent.LinkedBlockingQueue, queueCapacity: 2000, scheduler: class org.apache.hadoop.ipc.DefaultRpcScheduler, ipcBackoff: false.
2023-06-23 15:08:57,168 [Socket Reader #1 for port 15000] INFO  ipc.Server (Server.java:run(1319)) - Starting Socket Reader #1 for port 15000
2023-06-23 15:08:57,173 [Listener at 0.0.0.0/15000] INFO  hdds.HddsUtils (HddsUtils.java:preserveThreadName(848)) - Restoring thread name: main
2023-06-23 15:08:57,250 [main] INFO  ha.SCMServiceManager (SCMServiceManager.java:register(42)) - Registering service ContainerBalancer.
2023-06-23 15:08:57,250 [main] INFO  server.StorageContainerManager (StorageContainerManager.java:<init>(433)) - 
Container Balancer status:
Key                            Value
Running                        false
Container Balancer Configuration values:
Key                                                Value
Threshold                                          10
Max Datanodes to Involve per Iteration(percent)    20
Max Size to Move per Iteration                     500GB
Max Size Entering Target per Iteration             26GB
Max Size Leaving Source per Iteration              26GB

2023-06-23 15:08:57,250 [main] INFO  ha.SCMContext (SCMContext.java:updateSafeModeStatus(228)) - Update SafeModeStatus from SafeModeStatus{safeModeStatus=true, preCheckPassed=false} to SafeModeStatus{safeModeStatus=true, preCheckPassed=false}.
2023-06-23 15:08:57,253 [main] INFO  server.StorageContainerManager (StorageContainerManager.java:start(1487)) - StorageContainerLocationProtocol RPC server is listening at /0.0.0.0:15000
2023-06-23 15:08:57,253 [main] INFO  impl.MetricsSystemImpl (MetricsSystemImpl.java:init(158)) - StorageContainerManager metrics system started (again)
2023-06-23 15:08:57,286 [main] INFO  server.SCMClientProtocolServer (SCMClientProtocolServer.java:start(201)) - RPC server for Client  is listening at /0.0.0.0:15000
2023-06-23 15:08:57,286 [IPC Server Responder] INFO  ipc.Server (Server.java:run(1558)) - IPC Server Responder: starting
2023-06-23 15:08:57,293 [main] INFO  server.StorageContainerManager (StorageContainerManager.java:start(1500)) - ScmBlockLocationProtocol RPC server is listening at /0.0.0.0:15001
2023-06-23 15:08:57,296 [main] INFO  server.SCMBlockProtocolServer (SCMBlockProtocolServer.java:start(152)) - RPC server for Block Protocol is listening at /0.0.0.0:15001
2023-06-23 15:08:57,290 [IPC Server listener on 15000] INFO  ipc.Server (Server.java:run(1398)) - IPC Server listener on 15000: starting
2023-06-23 15:08:57,300 [IPC Server listener on 15001] INFO  ipc.Server (Server.java:run(1398)) - IPC Server listener on 15001: starting
2023-06-23 15:08:57,300 [IPC Server Responder] INFO  ipc.Server (Server.java:run(1558)) - IPC Server Responder: starting
2023-06-23 15:08:57,304 [main] INFO  server.SCMDatanodeProtocolServer (SCMDatanodeProtocolServer.java:start(193)) - ScmDatanodeProtocol RPC server for DataNodes is listening at /0.0.0.0:15002
2023-06-23 15:08:57,308 [IPC Server Responder] INFO  ipc.Server (Server.java:run(1558)) - IPC Server Responder: starting
2023-06-23 15:08:57,308 [IPC Server listener on 15002] INFO  ipc.Server (Server.java:run(1398)) - IPC Server listener on 15002: starting
2023-06-23 15:08:57,319 [JvmPauseMonitor0] INFO  util.JvmPauseMonitor (JvmPauseMonitor.java:run(103)) - JvmPauseMonitor-10847ee6-9a5e-496d-8ff9-b052da5722a1: Started
2023-06-23 15:08:57,332 [main] INFO  http.BaseHttpServer (BaseHttpServer.java:newHttpServer2BuilderForOzone(224)) - Starting Web-server for scm at: http://0.0.0.0:15003
2023-06-23 15:08:57,333 [main] INFO  http.BaseHttpServer (BaseHttpServer.java:<init>(111)) - Hadoop Security Enabled: false Ozone Security Enabled: false Ozone HTTP Security Enabled: false 
2023-06-23 15:08:57,348 [main] WARN  server.AuthenticationFilter (AuthenticationFilter.java:constructSecretProvider(240)) - Unable to initialize FileSignerSecretProvider, falling back to use random secrets. Reason: Could not read signature secret file: /home/runner/hadoop-http-auth-signature-secret
2023-06-23 15:08:57,351 [main] INFO  http.HttpRequestLog (HttpRequestLog.java:getRequestLog(86)) - Http request log for http.requests.scm is not defined
2023-06-23 15:08:57,355 [main] INFO  http.HttpServer2 (HttpServer2.java:addGlobalFilter(1031)) - Added global filter 'safety' (class=org.apache.hadoop.hdds.server.http.HttpServer2$QuotingInputFilter)
2023-06-23 15:08:57,356 [main] INFO  http.HttpServer2 (HttpServer2.java:addFilter(1007)) - Added filter static_user_filter (class=org.apache.hadoop.http.lib.StaticUserWebFilter$StaticUserFilter) to context scm
2023-06-23 15:08:57,357 [main] INFO  http.HttpServer2 (HttpServer2.java:addFilter(1015)) - Added filter static_user_filter (class=org.apache.hadoop.http.lib.StaticUserWebFilter$StaticUserFilter) to context static
2023-06-23 15:08:57,357 [main] INFO  http.HttpServer2 (HttpServer2.java:addFilter(1015)) - Added filter static_user_filter (class=org.apache.hadoop.http.lib.StaticUserWebFilter$StaticUserFilter) to context logs
2023-06-23 15:08:57,362 [main] INFO  http.BaseHttpServer (BaseHttpServer.java:<init>(190)) - HTTP server of scm uses base directory /home/runner/work/ozone/ozone/hadoop-ozone/integration-test/target/test-dir/MiniOzoneClusterImpl-741560ff-92e5-4b28-9778-2cf52193c8f3/ozone-meta/webserver
2023-06-23 15:08:57,363 [main] INFO  http.HttpServer2 (HttpServer2.java:bindListener(1250)) - Jetty bound to port 15003
2023-06-23 15:08:57,363 [main] INFO  server.Server (Server.java:doStart(375)) - jetty-9.4.51.v20230217; built: 2023-02-17T08:19:37.309Z; git: b45c405e4544384de066f814ed42ae3dceacdd49; jvm 1.8.0_372-b07
2023-06-23 15:08:57,394 [main] INFO  server.session (DefaultSessionIdManager.java:doStart(334)) - DefaultSessionIdManager workerName=node0
2023-06-23 15:08:57,394 [main] INFO  server.session (DefaultSessionIdManager.java:doStart(339)) - No SessionScavenger set, using defaults
2023-06-23 15:08:57,394 [main] INFO  server.session (HouseKeeper.java:startScavenging(132)) - node0 Scavenging every 660000ms
2023-06-23 15:08:57,396 [main] INFO  handler.ContextHandler (ContextHandler.java:doStart(921)) - Started o.e.j.s.ServletContextHandler@7d49ebf2{logs,/logs,file:///home/runner/work/ozone/ozone/hadoop-ozone/integration-test/target/log,AVAILABLE}
2023-06-23 15:08:57,397 [main] INFO  handler.ContextHandler (ContextHandler.java:doStart(921)) - Started o.e.j.s.ServletContextHandler@f0c6326{static,/static,file:///home/runner/work/ozone/ozone/hadoop-ozone/integration-test/target/test-classes/webapps/static,AVAILABLE}
2023-06-23 15:08:57,402 [main] INFO  handler.ContextHandler (ContextHandler.java:doStart(921)) - Started o.e.j.w.WebAppContext@3fc378f2{scm,/,file:///home/runner/work/ozone/ozone/hadoop-ozone/integration-test/target/test-classes/webapps/scm/,AVAILABLE}{file:/home/runner/work/ozone/ozone/hadoop-ozone/integration-test/target/test-classes/webapps/scm}
2023-06-23 15:08:57,404 [main] INFO  server.AbstractConnector (AbstractConnector.java:doStart(333)) - Started ServerConnector@72bb0640{HTTP/1.1, (http/1.1)}{0.0.0.0:15003}
2023-06-23 15:08:57,405 [main] INFO  server.Server (Server.java:doStart(415)) - Started @6968ms
2023-06-23 15:08:57,409 [main] INFO  impl.MetricsSinkAdapter (MetricsSinkAdapter.java:start(204)) - Sink prometheus started
2023-06-23 15:08:57,409 [main] INFO  impl.MetricsSystemImpl (MetricsSystemImpl.java:registerSink(305)) - Registered sink prometheus
2023-06-23 15:08:57,410 [main] INFO  http.BaseHttpServer (BaseHttpServer.java:updateConnectorAddress(344)) - HTTP server of scm listening at http://0.0.0.0:15003
2023-06-23 15:08:57,412 [main] WARN  server.ServerUtils (ServerUtils.java:getDBPath(311)) - ozone.om.db.dirs is not configured. We recommend adding this setting. Falling back to ozone.metadata.dirs instead.
2023-06-23 15:08:57,421 [main] INFO  ha.OMHANodeDetails (OMHANodeDetails.java:loadOMHAConfig(115)) - ozone.om.internal.service.id is not defined, falling back to ozone.om.service.ids to find serviceID for OzoneManager if it is HA enabled cluster
2023-06-23 15:08:57,425 [main] INFO  ha.OMHANodeDetails (OMHANodeDetails.java:loadOMHAConfig(226)) - Configuration does not have ozone.om.address set. Falling back to the default OM address /127.0.0.1:15004
2023-06-23 15:08:57,425 [main] INFO  ha.OMHANodeDetails (OMHANodeDetails.java:getOMNodeDetailsForNonHA(254)) - OM Service ID is not set. Setting it to the default ID: omServiceIdDefault
2023-06-23 15:08:57,425 [main] INFO  ha.OMHANodeDetails (OMHANodeDetails.java:getOMNodeDetailsForNonHA(261)) - OM Node ID is not set. Setting it to the default ID: om1
2023-06-23 15:08:57,429 [main] WARN  server.ServerUtils (ServerUtils.java:getDBPath(311)) - ozone.om.db.dirs is not configured. We recommend adding this setting. Falling back to ozone.metadata.dirs instead.
2023-06-23 15:08:57,432 [main] INFO  upgrade.AbstractLayoutVersionManager (AbstractLayoutVersionManager.java:init(83)) - Initializing Layout version manager with metadata layout = QUOTA (version = 6), software layout = QUOTA (version = 6)
2023-06-23 15:08:57,540 [main] INFO  reflections.Reflections (Reflections.java:scan(232)) - Reflections took 104 ms to scan 2 urls, producing 184 keys and 505 values [using 2 cores]
2023-06-23 15:08:57,545 [main] INFO  upgrade.OMLayoutVersionManager (OMLayoutVersionManager.java:lambda$0(115)) - Skipping Upgrade Action MockOmUpgradeAction since it has been finalized.
2023-06-23 15:08:57,545 [main] INFO  upgrade.OMLayoutVersionManager (OMLayoutVersionManager.java:lambda$0(115)) - Skipping Upgrade Action QuotaRepairUpgradeAction since it has been finalized.
2023-06-23 15:08:57,547 [main] WARN  server.ServerUtils (ServerUtils.java:getDBPath(311)) - ozone.om.db.dirs is not configured. We recommend adding this setting. Falling back to ozone.metadata.dirs instead.
2023-06-23 15:08:57,688 [main] INFO  proxy.SCMBlockLocationFailoverProxyProvider (SCMBlockLocationFailoverProxyProvider.java:<init>(114)) - Created block location fail-over proxy with 1 nodes: [nodeId=scmNodeId,nodeAddress=/0.0.0.0:15001]
2023-06-23 15:08:57,744 [main] INFO  om.OzoneManager (OzoneManager.java:<init>(654)) - OM start with adminUsers: [runner]
2023-06-23 15:08:57,757 [main] WARN  server.ServerUtils (ServerUtils.java:getDBPath(311)) - ozone.om.db.dirs is not configured. We recommend adding this setting. Falling back to ozone.metadata.dirs instead.
2023-06-23 15:08:57,784 [main] INFO  helpers.OmKeyInfo (OmKeyInfo.java:getCodec(71)) - OmKeyInfo.getCodec ignorePipeline = true
2023-06-23 15:08:58,235 [main] INFO  om.OzoneManager (OzoneManager.java:instantiateServices(783)) - S3 Multi-Tenancy is disabled
2023-06-23 15:08:58,246 [main] INFO  security.OzoneSecretStore (OzoneSecretStore.java:loadState(69)) - Loaded 0 tokens
2023-06-23 15:08:58,246 [main] INFO  security.OzoneDelegationTokenSecretManager (OzoneDelegationTokenSecretManager.java:loadTokenSecretState(530)) - Loading token state into token manager.
2023-06-23 15:08:58,268 [main] INFO  om.OmSnapshotManager (OmSnapshotManager.java:<init>(179)) - Ozone filesystem snapshot feature is enabled.
2023-06-23 15:08:58,276 [main] WARN  server.ServerUtils (ServerUtils.java:getDBPath(311)) - ozone.om.snapshot.diff.db.dir is not configured. We recommend adding this setting. Falling back to ozone.metadata.dirs instead.
2023-06-23 15:08:58,311 [main] INFO  utils.NativeLibraryLoader (NativeLibraryLoader.java:loadLibrary(105)) - Loading Library: ozone_rocksdb_tools
2023-06-23 15:08:58,312 [main] INFO  snapshot.SnapshotDiffManager (SnapshotDiffManager.java:closeExecutorService(1630)) - Shutting down executorService: 'SstDumpToolExecutor'
2023-06-23 15:08:58,377 [main] INFO  om.OzoneManager (OzoneManager.java:addS3GVolumeToDB(4258)) - Created Volume s3v With Owner runner required for S3Gateway operations.
2023-06-23 15:08:58,438 [main] WARN  server.ServerUtils (ServerUtils.java:getDefaultRatisDirectory(323)) - Storage directory for Ratis is not configured. It is a good idea to map this to an SSD disk. Falling back to ozone.metadata.dirs
2023-06-23 15:08:58,439 [main] WARN  utils.OzoneManagerRatisUtils (OzoneManagerRatisUtils.java:getOMRatisSnapshotDirectory(461)) - ozone.om.ratis.snapshot.dir is not configured. Falling back to ozone.metadata.dirs config
2023-06-23 15:08:58,452 [main] WARN  server.ServerUtils (ServerUtils.java:getDefaultRatisDirectory(323)) - Storage directory for Ratis is not configured. It is a good idea to map this to an SSD disk. Falling back to ozone.metadata.dirs
2023-06-23 15:08:58,477 [main] INFO  ratis.OzoneManagerRatisServer (OzoneManagerRatisServer.java:<init>(163)) - Instantiating OM Ratis server with groupID: omServiceIdDefault and peers: localhost:15007
2023-06-23 15:08:58,486 [main] INFO  ratis.OzoneManagerStateMachine (OzoneManagerStateMachine.java:loadSnapshotInfoFromDB(670)) - LastAppliedIndex is set from TransactionInfo from OM DB as (t:0, i:~)
2023-06-23 15:08:58,539 [main] INFO  server.RaftServer (ConfUtils.java:logGet(46)) - raft.rpc.type = GRPC (default)
2023-06-23 15:08:58,549 [main] INFO  grpc.GrpcConfigKeys (ConfUtils.java:logFallback(53)) - raft.grpc.admin.host = null (fallback to raft.grpc.server.host)
2023-06-23 15:08:58,550 [main] INFO  grpc.GrpcConfigKeys (ConfUtils.java:logFallback(53)) - raft.grpc.admin.port = 15007 (fallback to raft.grpc.server.port)
2023-06-23 15:08:58,550 [main] INFO  grpc.GrpcConfigKeys (ConfUtils.java:logFallback(53)) - raft.grpc.client.host = null (fallback to raft.grpc.server.host)
2023-06-23 15:08:58,551 [main] INFO  grpc.GrpcConfigKeys (ConfUtils.java:logFallback(53)) - raft.grpc.client.port = 15007 (fallback to raft.grpc.server.port)
2023-06-23 15:08:58,551 [main] INFO  grpc.GrpcConfigKeys (ConfUtils.java:logGet(46)) - raft.grpc.server.host = null (default)
2023-06-23 15:08:58,551 [main] INFO  grpc.GrpcConfigKeys (ConfUtils.java:logGet(46)) - raft.grpc.server.port = 15007 (custom)
2023-06-23 15:08:58,552 [main] INFO  server.GrpcService (ConfUtils.java:logGet(46)) - raft.grpc.message.size.max = 33554432 (custom)
2023-06-23 15:08:58,553 [main] INFO  server.RaftServerConfigKeys (ConfUtils.java:logGet(46)) - raft.server.log.appender.buffer.byte-limit = 33554432 (custom)
2023-06-23 15:08:58,554 [main] INFO  server.GrpcService (ConfUtils.java:logGet(46)) - raft.grpc.flow.control.window = 1MB (=1048576) (default)
2023-06-23 15:08:58,554 [main] INFO  server.RaftServerConfigKeys (ConfUtils.java:logGet(46)) - raft.server.rpc.request.timeout = 3000ms (default)
2023-06-23 15:08:58,566 [main] INFO  grpc.GrpcConfigKeys (ConfUtils.java:logGet(46)) - raft.grpc.server.heartbeat.channel = true (default)
2023-06-23 15:08:58,569 [main] INFO  grpc.GrpcConfigKeys (ConfUtils.java:logGet(46)) - raft.grpc.server.async.request.thread.pool.cached = true (default)
2023-06-23 15:08:58,569 [main] INFO  grpc.GrpcConfigKeys (ConfUtils.java:logGet(46)) - raft.grpc.server.async.request.thread.pool.size = 32 (default)
2023-06-23 15:08:58,775 [main] INFO  impl.DataStreamServerImpl (ConfUtils.java:logGet(46)) - raft.datastream.type = DISABLED (default)
2023-06-23 15:08:58,777 [main] INFO  server.RaftServerConfigKeys (ConfUtils.java:logGet(46)) - raft.server.threadpool.proxy.cached = true (default)
2023-06-23 15:08:58,778 [main] INFO  server.RaftServerConfigKeys (ConfUtils.java:logGet(46)) - raft.server.threadpool.proxy.size = 0 (default)
2023-06-23 15:08:58,778 [main] INFO  server.RaftServerConfigKeys (ConfUtils.java:logGet(46)) - raft.server.rpc.slowness.timeout = 120s (custom)
2023-06-23 15:08:58,778 [main] INFO  server.RaftServerConfigKeys (ConfUtils.java:logGet(46)) - raft.server.leaderelection.leader.step-down.wait-time = 10s (default)
2023-06-23 15:08:58,780 [main] INFO  server.RaftServerConfigKeys (ConfUtils.java:logGet(46)) - raft.server.storage.dir = [/home/runner/work/ozone/ozone/hadoop-ozone/integration-test/target/test-dir/MiniOzoneClusterImpl-741560ff-92e5-4b28-9778-2cf52193c8f3/ozone-meta/ratis] (custom)
2023-06-23 15:08:58,787 [main] INFO  server.RaftServer (RaftServerProxy.java:addNew(98)) - om1: addNew group-C5BA1605619E:[om1|rpc:localhost:15007|priority:0|startupRole:FOLLOWER] returns group-C5BA1605619E:java.util.concurrent.CompletableFuture@5ac59db0[Not completed]
2023-06-23 15:08:58,788 [main] INFO  om.OzoneManager (OzoneManager.java:initializeRatisServer(2128)) - OzoneManager Ratis server initialized at port 15007
2023-06-23 15:08:58,791 [main] INFO  om.OzoneManager (OzoneManager.java:getRpcServer(1176)) - Creating RPC Server
2023-06-23 15:08:58,819 [om1-groupManagement] INFO  server.RaftServer$Division (RaftServerImpl.java:<init>(198)) - om1: new RaftServerImpl for group-C5BA1605619E:[om1|rpc:localhost:15007|priority:0|startupRole:FOLLOWER] with OzoneManagerStateMachine:uninitialized
2023-06-23 15:08:58,822 [om1-groupManagement] INFO  server.RaftServerConfigKeys (ConfUtils.java:logGet(46)) - raft.server.rpc.timeout.min = 1s (custom)
2023-06-23 15:08:58,822 [om1-groupManagement] INFO  server.RaftServerConfigKeys (ConfUtils.java:logGet(46)) - raft.server.rpc.timeout.max = 1200ms (custom)
2023-06-23 15:08:58,822 [om1-groupManagement] INFO  server.RaftServerConfigKeys (ConfUtils.java:logGet(46)) - raft.server.rpc.sleep.time = 25ms (default)
2023-06-23 15:08:58,822 [om1-groupManagement] INFO  server.RaftServerConfigKeys (ConfUtils.java:logGet(46)) - raft.server.rpc.slowness.timeout = 120s (custom)
2023-06-23 15:08:58,822 [om1-groupManagement] INFO  server.RaftServerConfigKeys (ConfUtils.java:logGet(46)) - raft.server.leaderelection.leader.step-down.wait-time = 10s (default)
2023-06-23 15:08:58,822 [om1-groupManagement] INFO  server.RaftServerConfigKeys (ConfUtils.java:logGet(46)) - raft.server.sleep.deviation.threshold = 300ms (default)
2023-06-23 15:08:58,836 [om1-groupManagement] INFO  server.RaftServer$Division (ServerState.java:<init>(120)) - om1@group-C5BA1605619E: ConfigurationManager, init=-1: peers:[om1|rpc:localhost:15007|priority:0|startupRole:FOLLOWER]|listeners:[], old=null, confs=<EMPTY_MAP>
2023-06-23 15:08:58,836 [om1-groupManagement] INFO  server.RaftServerConfigKeys (ConfUtils.java:logGet(46)) - raft.server.storage.dir = [/home/runner/work/ozone/ozone/hadoop-ozone/integration-test/target/test-dir/MiniOzoneClusterImpl-741560ff-92e5-4b28-9778-2cf52193c8f3/ozone-meta/ratis] (custom)
2023-06-23 15:08:58,852 [om1-groupManagement] INFO  server.RaftServerConfigKeys (ConfUtils.java:logGet(46)) - raft.server.log.corruption.policy = EXCEPTION (default)
2023-06-23 15:08:58,853 [om1-groupManagement] INFO  server.RaftServerConfigKeys (ConfUtils.java:logGet(46)) - raft.server.storage.free-space.min = 0MB (=0) (default)
2023-06-23 15:08:58,866 [om1-groupManagement] INFO  server.RaftServerConfigKeys (ConfUtils.java:logGet(46)) - raft.server.notification.no-leader.timeout = 120s (custom)
2023-06-23 15:08:58,869 [om1-groupManagement] INFO  server.RaftServerConfigKeys (ConfUtils.java:logGet(46)) - raft.server.read.timeout = 10s (default)
2023-06-23 15:08:58,878 [om1-groupManagement] INFO  server.RaftServerConfigKeys (ConfUtils.java:logGet(46)) - raft.server.retrycache.expirytime = 300s (custom)
2023-06-23 15:08:58,878 [om1-groupManagement] INFO  server.RaftServerConfigKeys (ConfUtils.java:logGet(46)) - raft.server.retrycache.statistics.expirytime = 100μs (default)
2023-06-23 15:08:58,906 [om1-groupManagement] INFO  server.RaftServerConfigKeys (ConfUtils.java:logGet(46)) - raft.server.read.option = DEFAULT (default)
2023-06-23 15:08:58,960 [om1-groupManagement] INFO  server.RaftServerConfigKeys (ConfUtils.java:logGet(46)) - raft.server.rpc.request.timeout = 3000ms (default)
2023-06-23 15:08:58,978 [om1-groupManagement] INFO  server.RaftServerConfigKeys (ConfUtils.java:logGet(46)) - raft.server.log.appender.install.snapshot.enabled = false (custom)
2023-06-23 15:08:58,978 [om1-groupManagement] INFO  server.RaftServerConfigKeys (ConfUtils.java:logGet(46)) - raft.server.threadpool.server.cached = true (default)
2023-06-23 15:08:58,979 [om1-groupManagement] INFO  server.RaftServerConfigKeys (ConfUtils.java:logGet(46)) - raft.server.threadpool.server.size = 0 (default)
2023-06-23 15:08:58,979 [om1-groupManagement] INFO  server.RaftServerConfigKeys (ConfUtils.java:logGet(46)) - raft.server.threadpool.client.cached = true (default)
2023-06-23 15:08:58,979 [om1-groupManagement] INFO  server.RaftServerConfigKeys (ConfUtils.java:logGet(46)) - raft.server.threadpool.client.size = 0 (default)
2023-06-23 15:08:59,518 [main] INFO  reflections.Reflections (Reflections.java:scan(232)) - Reflections took 641 ms to scan 19 urls, producing 69 keys and 5437 values [using 2 cores]
2023-06-23 15:08:59,680 [main] INFO  ipc.CallQueueManager (CallQueueManager.java:<init>(90)) - Using callQueue: class java.util.concurrent.LinkedBlockingQueue, queueCapacity: 2000, scheduler: class org.apache.hadoop.ipc.DefaultRpcScheduler, ipcBackoff: false.
2023-06-23 15:08:59,687 [Socket Reader #1 for port 15004] INFO  ipc.Server (Server.java:run(1319)) - Starting Socket Reader #1 for port 15004
2023-06-23 15:08:59,699 [Listener at 127.0.0.1/15004] INFO  hdds.HddsUtils (HddsUtils.java:preserveThreadName(848)) - Restoring thread name: main
2023-06-23 15:08:59,722 [main] INFO  impl.MetricsSystemImpl (MetricsSystemImpl.java:init(158)) - OzoneManager metrics system started (again)
2023-06-23 15:08:59,746 [main] INFO  om.OzoneManager (OzoneManager.java:start(1606)) - OzoneManager RPC server is listening at localhost/127.0.0.1:15004
2023-06-23 15:08:59,746 [main] INFO  ratis.OzoneManagerRatisServer (OzoneManagerRatisServer.java:start(558)) - Starting OzoneManagerRatisServer om1 at port 15007
2023-06-23 15:08:59,749 [om1-impl-thread1] INFO  storage.RaftStorageDirectory (RaftStorageDirectoryImpl.java:analyzeStorage(137)) - The storage directory /home/runner/work/ozone/ozone/hadoop-ozone/integration-test/target/test-dir/MiniOzoneClusterImpl-741560ff-92e5-4b28-9778-2cf52193c8f3/ozone-meta/ratis/bf265839-605b-3f16-9796-c5ba1605619e does not exist. Creating ...
2023-06-23 15:08:59,753 [om1-impl-thread1] INFO  storage.RaftStorageDirectory (RaftStorageDirectoryImpl.java:tryLock(231)) - Lock on /home/runner/work/ozone/ozone/hadoop-ozone/integration-test/target/test-dir/MiniOzoneClusterImpl-741560ff-92e5-4b28-9778-2cf52193c8f3/ozone-meta/ratis/bf265839-605b-3f16-9796-c5ba1605619e/in_use.lock acquired by nodename 61630@fv-az424-541
2023-06-23 15:08:59,758 [om1-impl-thread1] INFO  storage.RaftStorage (RaftStorageImpl.java:format(96)) - Storage directory /home/runner/work/ozone/ozone/hadoop-ozone/integration-test/target/test-dir/MiniOzoneClusterImpl-741560ff-92e5-4b28-9778-2cf52193c8f3/ozone-meta/ratis/bf265839-605b-3f16-9796-c5ba1605619e has been successfully formatted.
2023-06-23 15:08:59,761 [om1-impl-thread1] INFO  server.RaftServerConfigKeys (ConfUtils.java:logGet(46)) - raft.server.log.use.memory = false (default)
2023-06-23 15:08:59,770 [om1-impl-thread1] INFO  server.RaftServerConfigKeys (ConfUtils.java:logGet(46)) - raft.server.log.purge.gap = 1000000 (custom)
2023-06-23 15:08:59,773 [om1-impl-thread1] INFO  server.RaftServerConfigKeys (ConfUtils.java:logGet(46)) - raft.server.log.appender.buffer.byte-limit = 33554432 (custom)
2023-06-23 15:08:59,775 [om1-impl-thread1] INFO  server.RaftServerConfigKeys (ConfUtils.java:logGet(46)) - raft.server.log.statemachine.data.read.timeout = 1000ms (default)
2023-06-23 15:08:59,777 [om1-impl-thread1] INFO  server.RaftServerConfigKeys (ConfUtils.java:logGet(46)) - raft.server.log.purge.preservation.log.num = 0 (default)
2023-06-23 15:08:59,779 [om1-impl-thread1] INFO  server.RaftServerConfigKeys (ConfUtils.java:logGet(46)) - raft.server.log.segment.size.max = 4194304 (custom)
2023-06-23 15:08:59,784 [om1-impl-thread1] INFO  server.RaftServerConfigKeys (ConfUtils.java:logGet(46)) - raft.server.log.segment.cache.num.max = 2 (custom)
2023-06-23 15:08:59,785 [om1-impl-thread1] INFO  server.RaftServerConfigKeys (ConfUtils.java:logGet(46)) - raft.server.log.segment.cache.size.max = 200MB (=209715200) (default)
2023-06-23 15:08:59,785 [om1-impl-thread1] INFO  server.RaftServerConfigKeys (ConfUtils.java:logGet(46)) - raft.server.log.appender.buffer.byte-limit = 33554432 (custom)
2023-06-23 15:08:59,790 [om1-impl-thread1] INFO  segmented.SegmentedRaftLogWorker (SegmentedRaftLogWorker.java:<init>(188)) - new om1@group-C5BA1605619E-SegmentedRaftLogWorker for RaftStorageImpl:Storage Directory /home/runner/work/ozone/ozone/hadoop-ozone/integration-test/target/test-dir/MiniOzoneClusterImpl-741560ff-92e5-4b28-9778-2cf52193c8f3/ozone-meta/ratis/bf265839-605b-3f16-9796-c5ba1605619e
2023-06-23 15:08:59,791 [om1-impl-thread1] INFO  server.RaftServerConfigKeys (ConfUtils.java:logGet(46)) - raft.server.log.queue.byte-limit = 64MB (=67108864) (default)
2023-06-23 15:08:59,791 [om1-impl-thread1] INFO  server.RaftServerConfigKeys (ConfUtils.java:logGet(46)) - raft.server.log.queue.element-limit = 4096 (default)
2023-06-23 15:08:59,792 [om1-impl-thread1] INFO  server.RaftServerConfigKeys (ConfUtils.java:logGet(46)) - raft.server.log.segment.size.max = 4194304 (custom)
2023-06-23 15:08:59,792 [om1-impl-thread1] INFO  server.RaftServerConfigKeys (ConfUtils.java:logGet(46)) - raft.server.log.preallocated.size = 4194304 (custom)
2023-06-23 15:08:59,793 [om1-impl-thread1] INFO  server.RaftServerConfigKeys (ConfUtils.java:logGet(46)) - raft.server.log.force.sync.num = 128 (default)
2023-06-23 15:08:59,794 [om1-impl-thread1] INFO  server.RaftServerConfigKeys (ConfUtils.java:logGet(46)) - raft.server.log.statemachine.data.sync = true (default)
2023-06-23 15:08:59,794 [om1-impl-thread1] INFO  server.RaftServerConfigKeys (ConfUtils.java:logGet(46)) - raft.server.log.statemachine.data.sync.timeout = 10s (default)
2023-06-23 15:08:59,794 [om1-impl-thread1] INFO  server.RaftServerConfigKeys (ConfUtils.java:logGet(46)) - raft.server.log.statemachine.data.sync.timeout.retry = -1 (default)
2023-06-23 15:08:59,804 [om1-impl-thread1] INFO  server.RaftServerConfigKeys (ConfUtils.java:logGet(46)) - raft.server.log.write.buffer.size = 64KB (=65536) (default)
2023-06-23 15:08:59,804 [om1-impl-thread1] INFO  server.RaftServerConfigKeys (ConfUtils.java:logGet(46)) - raft.server.log.appender.buffer.byte-limit = 33554432 (custom)
2023-06-23 15:08:59,816 [om1-impl-thread1] INFO  server.RaftServerConfigKeys (ConfUtils.java:logGet(46)) - raft.server.log.unsafe-flush.enabled = false (default)
2023-06-23 15:08:59,818 [om1-impl-thread1] INFO  server.RaftServerConfigKeys (ConfUtils.java:logGet(46)) - raft.server.log.async-flush.enabled = false (default)
2023-06-23 15:08:59,818 [om1-impl-thread1] INFO  server.RaftServerConfigKeys (ConfUtils.java:logGet(46)) - raft.server.log.statemachine.data.caching.enabled = false (default)
2023-06-23 15:08:59,825 [om1-impl-thread1] INFO  segmented.SegmentedRaftLogWorker (SegmentedRaftLogWorker.java:lambda$new$0(135)) - om1@group-C5BA1605619E-SegmentedRaftLogWorker: flushIndex: setUnconditionally 0 -> -1
2023-06-23 15:08:59,825 [om1-impl-thread1] INFO  segmented.SegmentedRaftLogWorker (SegmentedRaftLogWorker.java:lambda$new$0(135)) - om1@group-C5BA1605619E-SegmentedRaftLogWorker: safeCacheEvictIndex: setUnconditionally 0 -> -1
2023-06-23 15:08:59,827 [om1-impl-thread1] INFO  server.RaftServer$Division (RaftServerImpl.java:start(342)) - om1@group-C5BA1605619E: start as a follower, conf=-1: peers:[om1|rpc:localhost:15007|priority:0|startupRole:FOLLOWER]|listeners:[], old=null
2023-06-23 15:08:59,831 [om1-impl-thread1] INFO  server.RaftServer$Division (RaftServerImpl.java:setRole(329)) - om1@group-C5BA1605619E: changes role from      null to FOLLOWER at term 0 for startAsFollower
2023-06-23 15:08:59,834 [om1-impl-thread1] INFO  impl.RoleInfo (RoleInfo.java:updateAndGet(139)) - om1: start om1@group-C5BA1605619E-FollowerState
2023-06-23 15:08:59,837 [om1-impl-thread1] INFO  util.JmxRegister (JmxRegister.java:tryRegister(44)) - Successfully registered JMX Bean with object name Ratis:service=RaftServer,group=group-C5BA1605619E,id=om1
2023-06-23 15:08:59,839 [om1-impl-thread1] INFO  server.RaftServerConfigKeys (ConfUtils.java:logGet(46)) - raft.server.snapshot.auto.trigger.enabled = true (custom)
2023-06-23 15:08:59,839 [om1-impl-thread1] INFO  server.RaftServerConfigKeys (ConfUtils.java:logGet(46)) - raft.server.snapshot.auto.trigger.threshold = 400000 (default)
2023-06-23 15:08:59,840 [om1-impl-thread1] INFO  server.RaftServerConfigKeys (ConfUtils.java:logGet(46)) - raft.server.snapshot.retention.file.num = -1 (default)
2023-06-23 15:08:59,840 [om1-impl-thread1] INFO  server.RaftServerConfigKeys (ConfUtils.java:logGet(46)) - raft.server.log.purge.upto.snapshot.index = true (custom)
2023-06-23 15:08:59,839 [om1@group-C5BA1605619E-FollowerState] INFO  server.RaftServerConfigKeys (ConfUtils.java:logFallback(53)) - raft.server.rpc.first-election.timeout.min = 1s (fallback to raft.server.rpc.timeout.min)
2023-06-23 15:08:59,842 [om1@group-C5BA1605619E-FollowerState] INFO  server.RaftServerConfigKeys (ConfUtils.java:logFallback(53)) - raft.server.rpc.first-election.timeout.max = 1200ms (fallback to raft.server.rpc.timeout.max)
2023-06-23 15:08:59,843 [main] INFO  server.RaftServer (RaftServerProxy.java:startImpl(400)) - om1: start RPC server
2023-06-23 15:08:59,893 [main] INFO  server.GrpcService (GrpcService.java:startImpl(302)) - om1: GrpcService started, listening on 15007
2023-06-23 15:08:59,895 [main] INFO  om.OzoneManager (OzoneManager.java:start(1622)) - Version File has different layout version (6) than OM DB (null). That is expected if this OM has never been finalized to a newer layout version.
2023-06-23 15:08:59,896 [JvmPauseMonitor1] INFO  util.JvmPauseMonitor (JvmPauseMonitor.java:run(103)) - JvmPauseMonitor-om1: Started
2023-06-23 15:08:59,944 [main] INFO  http.BaseHttpServer (BaseHttpServer.java:newHttpServer2BuilderForOzone(224)) - Starting Web-server for ozoneManager at: http://0.0.0.0:15005
2023-06-23 15:08:59,945 [main] INFO  http.BaseHttpServer (BaseHttpServer.java:<init>(111)) - Hadoop Security Enabled: false Ozone Security Enabled: false Ozone HTTP Security Enabled: false 
2023-06-23 15:08:59,946 [main] WARN  server.AuthenticationFilter (AuthenticationFilter.java:constructSecretProvider(240)) - Unable to initialize FileSignerSecretProvider, falling back to use random secrets. Reason: Could not read signature secret file: /home/runner/hadoop-http-auth-signature-secret
2023-06-23 15:08:59,951 [main] INFO  http.HttpRequestLog (HttpRequestLog.java:getRequestLog(86)) - Http request log for http.requests.ozoneManager is not defined
2023-06-23 15:08:59,953 [main] INFO  http.HttpServer2 (HttpServer2.java:addGlobalFilter(1031)) - Added global filter 'safety' (class=org.apache.hadoop.hdds.server.http.HttpServer2$QuotingInputFilter)
2023-06-23 15:08:59,954 [main] INFO  http.HttpServer2 (HttpServer2.java:addFilter(1007)) - Added filter static_user_filter (class=org.apache.hadoop.http.lib.StaticUserWebFilter$StaticUserFilter) to context ozoneManager
2023-06-23 15:08:59,954 [main] INFO  http.HttpServer2 (HttpServer2.java:addFilter(1015)) - Added filter static_user_filter (class=org.apache.hadoop.http.lib.StaticUserWebFilter$StaticUserFilter) to context logs
2023-06-23 15:08:59,954 [main] INFO  http.HttpServer2 (HttpServer2.java:addFilter(1015)) - Added filter static_user_filter (class=org.apache.hadoop.http.lib.StaticUserWebFilter$StaticUserFilter) to context static
2023-06-23 15:08:59,955 [main] INFO  http.BaseHttpServer (BaseHttpServer.java:<init>(190)) - HTTP server of ozoneManager uses base directory /home/runner/work/ozone/ozone/hadoop-ozone/integration-test/target/test-dir/MiniOzoneClusterImpl-741560ff-92e5-4b28-9778-2cf52193c8f3/ozone-meta/webserver
2023-06-23 15:08:59,960 [main] INFO  http.HttpServer2 (HttpServer2.java:bindListener(1250)) - Jetty bound to port 15005
2023-06-23 15:08:59,960 [main] INFO  server.Server (Server.java:doStart(375)) - jetty-9.4.51.v20230217; built: 2023-02-17T08:19:37.309Z; git: b45c405e4544384de066f814ed42ae3dceacdd49; jvm 1.8.0_372-b07
2023-06-23 15:08:59,965 [main] INFO  server.session (DefaultSessionIdManager.java:doStart(334)) - DefaultSessionIdManager workerName=node0
2023-06-23 15:08:59,966 [main] INFO  server.session (DefaultSessionIdManager.java:doStart(339)) - No SessionScavenger set, using defaults
2023-06-23 15:08:59,966 [main] INFO  server.session (HouseKeeper.java:startScavenging(132)) - node0 Scavenging every 660000ms
2023-06-23 15:08:59,967 [main] INFO  handler.ContextHandler (ContextHandler.java:doStart(921)) - Started o.e.j.s.ServletContextHandler@3162d486{logs,/logs,file:///home/runner/work/ozone/ozone/hadoop-ozone/integration-test/target/log,AVAILABLE}
2023-06-23 15:08:59,967 [main] INFO  handler.ContextHandler (ContextHandler.java:doStart(921)) - Started o.e.j.s.ServletContextHandler@34243ccd{static,/static,file:///home/runner/work/ozone/ozone/hadoop-ozone/integration-test/target/test-classes/webapps/static,AVAILABLE}
2023-06-23 15:08:59,970 [main] INFO  handler.ContextHandler (ContextHandler.java:doStart(921)) - Started o.e.j.w.WebAppContext@c123d31{ozoneManager,/,file:///home/runner/work/ozone/ozone/hadoop-ozone/integration-test/target/test-classes/webapps/ozoneManager/,AVAILABLE}{file:/home/runner/work/ozone/ozone/hadoop-ozone/integration-test/target/test-classes/webapps/ozoneManager}
2023-06-23 15:08:59,973 [main] INFO  server.AbstractConnector (AbstractConnector.java:doStart(333)) - Started ServerConnector@31a57be9{HTTP/1.1, (http/1.1)}{0.0.0.0:15005}
2023-06-23 15:08:59,973 [main] INFO  server.Server (Server.java:doStart(415)) - Started @9537ms
2023-06-23 15:08:59,973 [main] WARN  impl.MetricsSystemImpl (MetricsSystemImpl.java:register(279)) - Sink prometheus already exists!
2023-06-23 15:08:59,974 [main] INFO  http.BaseHttpServer (BaseHttpServer.java:updateConnectorAddress(344)) - HTTP server of ozoneManager listening at http://0.0.0.0:15005
2023-06-23 15:08:59,975 [IPC Server Responder] INFO  ipc.Server (Server.java:run(1558)) - IPC Server Responder: starting
2023-06-23 15:08:59,979 [IPC Server listener on 15004] INFO  ipc.Server (Server.java:run(1398)) - IPC Server listener on 15004: starting
2023-06-23 15:08:59,982 [main] INFO  om.OzoneManager (OzoneManager.java:startTrashEmptier(2081)) - Trash Interval set to 0. Files deleted won't move to trash
2023-06-23 15:09:00,142 [main] WARN  impl.MetricRegistriesImpl (MetricRegistriesImpl.java:addReporterRegistration(111)) - New reporters are added after registries were created. Some metrics will be missing from the reporter. Please add reporter before adding any new registry.
2023-06-23 15:09:00,143 [main] WARN  impl.MetricRegistriesImpl (MetricRegistriesImpl.java:addReporterRegistration(111)) - New reporters are added after registries were created. Some metrics will be missing from the reporter. Please add reporter before adding any new registry.
2023-06-23 15:09:00,143 [main] INFO  impl.MetricsSystemImpl (MetricsSystemImpl.java:init(158)) - HddsDatanode metrics system started (again)
2023-06-23 15:09:00,326 [main] INFO  ozone.HddsDatanodeService (HddsDatanodeService.java:start(257)) - HddsDatanodeService host:fv-az424-541.i1gjr3zuz4qevjy1zin2gin2ih.gx.internal.cloudapp.net ip:10.1.0.34
2023-06-23 15:09:00,354 [main] INFO  upgrade.AbstractLayoutVersionManager (AbstractLayoutVersionManager.java:init(83)) - Initializing Layout version manager with metadata layout = HADOOP_PRC_PORTS_IN_DATANODEDETAILS (version = 7), software layout = HADOOP_PRC_PORTS_IN_DATANODEDETAILS (version = 7)
2023-06-23 15:09:00,356 [main] INFO  statemachine.DatanodeStateMachine (DatanodeStateMachine.java:getEndPointTaskThreadPoolSize(279)) - Datanode State Machine Task Thread Pool size 2
2023-06-23 15:09:00,465 [main] INFO  volume.HddsVolume (HddsVolume.java:<init>(130)) - Creating HddsVolume: /home/runner/work/ozone/ozone/hadoop-ozone/integration-test/target/test-dir/MiniOzoneClusterImpl-741560ff-92e5-4b28-9778-2cf52193c8f3/datanode-0/data-0/containers/hdds of storage type : DISK capacity : 9223372036854775807
2023-06-23 15:09:00,467 [main] INFO  volume.MutableVolumeSet (MutableVolumeSet.java:initializeVolumeSet(175)) - Added Volume : /home/runner/work/ozone/ozone/hadoop-ozone/integration-test/target/test-dir/MiniOzoneClusterImpl-741560ff-92e5-4b28-9778-2cf52193c8f3/datanode-0/data-0/containers/hdds to VolumeSet
2023-06-23 15:09:00,468 [main] INFO  volume.ThrottledAsyncChecker (ThrottledAsyncChecker.java:schedule(141)) - Scheduling a check for /home/runner/work/ozone/ozone/hadoop-ozone/integration-test/target/test-dir/MiniOzoneClusterImpl-741560ff-92e5-4b28-9778-2cf52193c8f3/datanode-0/data-0/containers/hdds
2023-06-23 15:09:00,483 [main] INFO  volume.StorageVolumeChecker (StorageVolumeChecker.java:checkAllVolumes(202)) - Scheduled health check for volume /home/runner/work/ozone/ozone/hadoop-ozone/integration-test/target/test-dir/MiniOzoneClusterImpl-741560ff-92e5-4b28-9778-2cf52193c8f3/datanode-0/data-0/containers/hdds
2023-06-23 15:09:00,500 [main] INFO  volume.MutableVolumeSet (MutableVolumeSet.java:initializeVolumeSet(175)) - Added Volume : /home/runner/work/ozone/ozone/hadoop-ozone/integration-test/target/test-dir/MiniOzoneClusterImpl-741560ff-92e5-4b28-9778-2cf52193c8f3/datanode-0/data/ratis to VolumeSet
2023-06-23 15:09:00,502 [main] INFO  volume.ThrottledAsyncChecker (ThrottledAsyncChecker.java:schedule(141)) - Scheduling a check for /home/runner/work/ozone/ozone/hadoop-ozone/integration-test/target/test-dir/MiniOzoneClusterImpl-741560ff-92e5-4b28-9778-2cf52193c8f3/datanode-0/data/ratis
2023-06-23 15:09:00,503 [main] INFO  volume.StorageVolumeChecker (StorageVolumeChecker.java:checkAllVolumes(202)) - Scheduled health check for volume /home/runner/work/ozone/ozone/hadoop-ozone/integration-test/target/test-dir/MiniOzoneClusterImpl-741560ff-92e5-4b28-9778-2cf52193c8f3/datanode-0/data/ratis
2023-06-23 15:09:00,535 [Thread-151] INFO  ozoneimpl.ContainerReader (ContainerReader.java:readVolume(175)) - Finish verifying containers on volume /home/runner/work/ozone/ozone/hadoop-ozone/integration-test/target/test-dir/MiniOzoneClusterImpl-741560ff-92e5-4b28-9778-2cf52193c8f3/datanode-0/data-0/containers/hdds
2023-06-23 15:09:00,536 [main] INFO  ozoneimpl.OzoneContainer (OzoneContainer.java:buildContainerSet(316)) - Build ContainerSet costs 0s
2023-06-23 15:09:00,589 [main] INFO  audit.AuditLogger (AuditLogger.java:refreshDebugCmdSet(126)) - Refresh DebugCmdSet for DNAudit to [].
2023-06-23 15:09:00,619 [main] INFO  server.RaftServer (ConfUtils.java:logGet(46)) - raft.rpc.type = GRPC (default)
2023-06-23 15:09:00,620 [main] INFO  grpc.GrpcConfigKeys (ConfUtils.java:logFallback(53)) - raft.grpc.admin.host = null (fallback to raft.grpc.server.host)
2023-06-23 15:09:00,620 [main] INFO  grpc.GrpcConfigKeys (ConfUtils.java:logGet(46)) - raft.grpc.admin.port = 15013 (custom)
2023-06-23 15:09:00,620 [main] INFO  grpc.GrpcConfigKeys (ConfUtils.java:logFallback(53)) - raft.grpc.client.host = null (fallback to raft.grpc.server.host)
2023-06-23 15:09:00,620 [main] INFO  grpc.GrpcConfigKeys (ConfUtils.java:logGet(46)) - raft.grpc.client.port = 15012 (custom)
2023-06-23 15:09:00,621 [main] INFO  grpc.GrpcConfigKeys (ConfUtils.java:logGet(46)) - raft.grpc.server.host = null (default)
2023-06-23 15:09:00,621 [main] INFO  grpc.GrpcConfigKeys (ConfUtils.java:logGet(46)) - raft.grpc.server.port = 15014 (custom)
2023-06-23 15:09:00,621 [main] INFO  server.GrpcService (ConfUtils.java:logGet(46)) - raft.grpc.message.size.max = 32MB (=33554432) (custom)
2023-06-23 15:09:00,621 [main] INFO  server.RaftServerConfigKeys (ConfUtils.java:logGet(46)) - raft.server.log.appender.buffer.byte-limit = 33554432 (custom)
2023-06-23 15:09:00,621 [main] INFO  server.GrpcService (ConfUtils.java:logGet(46)) - raft.grpc.flow.control.window = 5MB (=5242880) (custom)
2023-06-23 15:09:00,621 [main] INFO  server.RaftServerConfigKeys (ConfUtils.java:logGet(46)) - raft.server.rpc.request.timeout = 60s (custom)
2023-06-23 15:09:00,621 [main] INFO  grpc.GrpcConfigKeys (ConfUtils.java:logGet(46)) - raft.grpc.server.heartbeat.channel = true (default)
2023-06-23 15:09:00,622 [main] INFO  grpc.GrpcConfigKeys (ConfUtils.java:logGet(46)) - raft.grpc.server.async.request.thread.pool.cached = true (default)
2023-06-23 15:09:00,622 [main] INFO  grpc.GrpcConfigKeys (ConfUtils.java:logGet(46)) - raft.grpc.server.async.request.thread.pool.size = 32 (default)
2023-06-23 15:09:00,625 [main] INFO  impl.DataStreamServerImpl (ConfUtils.java:logGet(46)) - raft.datastream.type = NETTY (custom)
2023-06-23 15:09:00,634 [main] INFO  server.RaftServerConfigKeys (ConfUtils.java:logGet(46)) - raft.server.data-stream.async.request.thread.pool.cached = false (default)
2023-06-23 15:09:00,636 [main] INFO  server.RaftServerConfigKeys (ConfUtils.java:logGet(46)) - raft.server.data-stream.async.request.thread.pool.size = 20 (custom)
2023-06-23 15:09:00,636 [main] INFO  server.RaftServerConfigKeys (ConfUtils.java:logGet(46)) - raft.server.data-stream.async.write.thread.pool.size = 16 (default)
2023-06-23 15:09:00,637 [main] INFO  server.RaftServerConfigKeys (ConfUtils.java:logGet(46)) - raft.server.data-stream.client.pool.size = 10 (default)
2023-06-23 15:09:00,640 [main] INFO  netty.NettyConfigKeys$DataStream (ConfUtils.java:logGet(46)) - raft.netty.dataStream.server.use-epoll = false (default)
2023-06-23 15:09:00,640 [main] INFO  netty.NettyConfigKeys$DataStream (ConfUtils.java:logGet(46)) - raft.netty.dataStream.server.boss-group.size = 0 (default)
2023-06-23 15:09:00,650 [main] INFO  netty.NettyConfigKeys$DataStream (ConfUtils.java:logGet(46)) - raft.netty.dataStream.server.worker-group.size = 0 (default)
2023-06-23 15:09:00,651 [main] INFO  netty.NettyConfigKeys$DataStream (ConfUtils.java:logGet(46)) - raft.netty.dataStream.server.tls.conf = null (default)
2023-06-23 15:09:00,652 [main] INFO  netty.NettyConfigKeys$DataStream (ConfUtils.java:logGet(46)) - raft.netty.dataStream.host = null (default)
2023-06-23 15:09:00,654 [main] INFO  netty.NettyConfigKeys$DataStream (ConfUtils.java:logGet(46)) - raft.netty.dataStream.port = 15015 (custom)
2023-06-23 15:09:00,664 [main] INFO  server.RaftServerConfigKeys (ConfUtils.java:logGet(46)) - raft.server.threadpool.proxy.cached = true (default)
2023-06-23 15:09:00,664 [main] INFO  server.RaftServerConfigKeys (ConfUtils.java:logGet(46)) - raft.server.threadpool.proxy.size = 0 (default)
2023-06-23 15:09:00,664 [main] INFO  server.RaftServerConfigKeys (ConfUtils.java:logGet(46)) - raft.server.rpc.slowness.timeout = 300s (custom)
2023-06-23 15:09:00,664 [main] INFO  server.RaftServerConfigKeys (ConfUtils.java:logGet(46)) - raft.server.leaderelection.leader.step-down.wait-time = 10s (default)
2023-06-23 15:09:00,664 [main] INFO  server.RaftServerConfigKeys (ConfUtils.java:logGet(46)) - raft.server.storage.dir = [/home/runner/work/ozone/ozone/hadoop-ozone/integration-test/target/test-dir/MiniOzoneClusterImpl-741560ff-92e5-4b28-9778-2cf52193c8f3/datanode-0/data/ratis] (custom)
2023-06-23 15:09:00,676 [3d425f4c-b0a3-4337-aec0-a29136ea4685-NettyServerStreamRpc-bossGroup--thread1] INFO  logging.LoggingHandler (AbstractInternalLogger.java:log(148)) - [id: 0x625d713a] REGISTERED
2023-06-23 15:09:00,683 [3d425f4c-b0a3-4337-aec0-a29136ea4685-NettyServerStreamRpc-bossGroup--thread1] INFO  logging.LoggingHandler (AbstractInternalLogger.java:log(148)) - [id: 0x625d713a] BIND: 0.0.0.0/0.0.0.0:15015
2023-06-23 15:09:00,686 [3d425f4c-b0a3-4337-aec0-a29136ea4685-NettyServerStreamRpc-bossGroup--thread1] INFO  logging.LoggingHandler (AbstractInternalLogger.java:log(148)) - [id: 0x625d713a, L:/0:0:0:0:0:0:0:0:15015] ACTIVE
2023-06-23 15:09:00,712 [main] INFO  server.XceiverServerGrpc (XceiverServerGrpc.java:<init>(132)) - GrpcServer channel type EpollServerSocketChannel
2023-06-23 15:09:00,749 [main] INFO  replication.ReplicationSupervisor (ReplicationSupervisor.java:nodeStateUpdated(305)) - Node state updated to IN_SERVICE, scaling executor pool size to 10
2023-06-23 15:09:00,812 [main] INFO  http.BaseHttpServer (BaseHttpServer.java:newHttpServer2BuilderForOzone(224)) - Starting Web-server for hddsDatanode at: http://0.0.0.0:15009
2023-06-23 15:09:00,812 [main] INFO  http.BaseHttpServer (BaseHttpServer.java:<init>(111)) - Hadoop Security Enabled: false Ozone Security Enabled: false Ozone HTTP Security Enabled: false 
2023-06-23 15:09:00,814 [main] WARN  server.AuthenticationFilter (AuthenticationFilter.java:constructSecretProvider(240)) - Unable to initialize FileSignerSecretProvider, falling back to use random secrets. Reason: Could not read signature secret file: /home/runner/hadoop-http-auth-signature-secret
2023-06-23 15:09:00,814 [main] INFO  http.HttpRequestLog (HttpRequestLog.java:getRequestLog(86)) - Http request log for http.requests.hddsDatanode is not defined
2023-06-23 15:09:00,816 [main] INFO  http.HttpServer2 (HttpServer2.java:addGlobalFilter(1031)) - Added global filter 'safety' (class=org.apache.hadoop.hdds.server.http.HttpServer2$QuotingInputFilter)
2023-06-23 15:09:00,817 [main] INFO  http.HttpServer2 (HttpServer2.java:addFilter(1007)) - Added filter static_user_filter (class=org.apache.hadoop.http.lib.StaticUserWebFilter$StaticUserFilter) to context hddsDatanode
2023-06-23 15:09:00,817 [main] INFO  http.HttpServer2 (HttpServer2.java:addFilter(1015)) - Added filter static_user_filter (class=org.apache.hadoop.http.lib.StaticUserWebFilter$StaticUserFilter) to context static
2023-06-23 15:09:00,817 [main] INFO  http.HttpServer2 (HttpServer2.java:addFilter(1015)) - Added filter static_user_filter (class=org.apache.hadoop.http.lib.StaticUserWebFilter$StaticUserFilter) to context logs
2023-06-23 15:09:00,818 [main] INFO  http.BaseHttpServer (BaseHttpServer.java:<init>(190)) - HTTP server of hddsDatanode uses base directory /home/runner/work/ozone/ozone/hadoop-ozone/integration-test/target/test-dir/MiniOzoneClusterImpl-741560ff-92e5-4b28-9778-2cf52193c8f3/datanode-0/meta/webserver
2023-06-23 15:09:00,818 [main] INFO  http.HttpServer2 (HttpServer2.java:bindListener(1250)) - Jetty bound to port 15009
2023-06-23 15:09:00,819 [main] INFO  server.Server (Server.java:doStart(375)) - jetty-9.4.51.v20230217; built: 2023-02-17T08:19:37.309Z; git: b45c405e4544384de066f814ed42ae3dceacdd49; jvm 1.8.0_372-b07
2023-06-23 15:09:00,824 [main] INFO  server.session (DefaultSessionIdManager.java:doStart(334)) - DefaultSessionIdManager workerName=node0
2023-06-23 15:09:00,824 [main] INFO  server.session (DefaultSessionIdManager.java:doStart(339)) - No SessionScavenger set, using defaults
2023-06-23 15:09:00,824 [main] INFO  server.session (HouseKeeper.java:startScavenging(132)) - node0 Scavenging every 660000ms
2023-06-23 15:09:00,825 [main] INFO  handler.ContextHandler (ContextHandler.java:doStart(921)) - Started o.e.j.s.ServletContextHandler@58468259{logs,/logs,file:///home/runner/work/ozone/ozone/hadoop-ozone/integration-test/target/log,AVAILABLE}
2023-06-23 15:09:00,826 [main] INFO  handler.ContextHandler (ContextHandler.java:doStart(921)) - Started o.e.j.s.ServletContextHandler@79efee91{static,/static,jar:file:/home/runner/.m2/repository/org/apache/ozone/hdds-container-service/1.4.0-SNAPSHOT/hdds-container-service-1.4.0-SNAPSHOT.jar!/webapps/static,AVAILABLE}
2023-06-23 15:09:00,982 [om1@group-C5BA1605619E-FollowerState] INFO  impl.FollowerState (FollowerState.java:run(143)) - om1@group-C5BA1605619E-FollowerState: change to CANDIDATE, lastRpcElapsedTime:1148174266ns, electionTimeout:1138ms
2023-06-23 15:09:00,983 [om1@group-C5BA1605619E-FollowerState] INFO  impl.RoleInfo (RoleInfo.java:shutdownFollowerState(110)) - om1: shutdown om1@group-C5BA1605619E-FollowerState
2023-06-23 15:09:00,984 [om1@group-C5BA1605619E-FollowerState] INFO  server.RaftServer$Division (RaftServerImpl.java:setRole(329)) - om1@group-C5BA1605619E: changes role from  FOLLOWER to CANDIDATE at term 0 for changeToCandidate
2023-06-23 15:09:00,987 [om1@group-C5BA1605619E-FollowerState] INFO  server.RaftServerConfigKeys (ConfUtils.java:logGet(46)) - raft.server.leaderelection.pre-vote = true (default)
2023-06-23 15:09:00,987 [om1@group-C5BA1605619E-FollowerState] INFO  impl.RoleInfo (RoleInfo.java:updateAndGet(139)) - om1: start om1@group-C5BA1605619E-LeaderElection1
2023-06-23 15:09:00,996 [om1@group-C5BA1605619E-LeaderElection1] INFO  impl.LeaderElection (LeaderElection.java:askForVotes(321)) - om1@group-C5BA1605619E-LeaderElection1 PRE_VOTE round 0: submit vote requests at term 0 for -1: peers:[om1|rpc:localhost:15007|priority:0|startupRole:FOLLOWER]|listeners:[], old=null
2023-06-23 15:09:00,998 [om1@group-C5BA1605619E-LeaderElection1] INFO  impl.LeaderElection (LeaderElection.java:askForVotes(323)) - om1@group-C5BA1605619E-LeaderElection1 PRE_VOTE round 0: result PASSED (term=0)
2023-06-23 15:09:01,002 [om1@group-C5BA1605619E-LeaderElection1] INFO  impl.LeaderElection (LeaderElection.java:askForVotes(321)) - om1@group-C5BA1605619E-LeaderElection1 ELECTION round 0: submit vote requests at term 1 for -1: peers:[om1|rpc:localhost:15007|priority:0|startupRole:FOLLOWER]|listeners:[], old=null
2023-06-23 15:09:01,003 [om1@group-C5BA1605619E-LeaderElection1] INFO  impl.LeaderElection (LeaderElection.java:askForVotes(323)) - om1@group-C5BA1605619E-LeaderElection1 ELECTION round 0: result PASSED (term=1)
2023-06-23 15:09:01,003 [om1@group-C5BA1605619E-LeaderElection1] INFO  impl.RoleInfo (RoleInfo.java:shutdownLeaderElection(130)) - om1: shutdown om1@group-C5BA1605619E-LeaderElection1
2023-06-23 15:09:01,003 [om1@group-C5BA1605619E-LeaderElection1] INFO  server.RaftServer$Division (RaftServerImpl.java:setRole(329)) - om1@group-C5BA1605619E: changes role from CANDIDATE to LEADER at term 1 for changeToLeader
2023-06-23 15:09:01,005 [om1@group-C5BA1605619E-LeaderElection1] INFO  server.RaftServer$Division (ServerState.java:setLeader(317)) - om1@group-C5BA1605619E: change Leader from null to om1 at term 1 for becomeLeader, leader elected after 2137ms
2023-06-23 15:09:01,021 [om1@group-C5BA1605619E-LeaderElection1] INFO  server.RaftServerConfigKeys (ConfUtils.java:logGet(46)) - raft.server.staging.catchup.gap = 1000 (default)
2023-06-23 15:09:01,030 [om1@group-C5BA1605619E-LeaderElection1] INFO  server.RaftServerConfigKeys (ConfUtils.java:logGet(46)) - raft.server.write.element-limit = 4096 (default)
2023-06-23 15:09:01,032 [om1@group-C5BA1605619E-LeaderElection1] INFO  server.RaftServerConfigKeys (ConfUtils.java:logGet(46)) - raft.server.write.byte-limit = 64MB (=67108864) (default)
2023-06-23 15:09:01,039 [om1@group-C5BA1605619E-LeaderElection1] INFO  server.RaftServerConfigKeys (ConfUtils.java:logGet(46)) - raft.server.watch.timeout = 10s (default)
2023-06-23 15:09:01,040 [om1@group-C5BA1605619E-LeaderElection1] INFO  server.RaftServerConfigKeys (ConfUtils.java:logGet(46)) - raft.server.watch.timeout.denomination = 1s (default)
2023-06-23 15:09:01,041 [om1@group-C5BA1605619E-LeaderElection1] INFO  server.RaftServerConfigKeys (ConfUtils.java:logGet(46)) - raft.server.watch.element-limit = 65536 (default)
2023-06-23 15:09:01,050 [om1@group-C5BA1605619E-LeaderElection1] INFO  server.RaftServerConfigKeys (ConfUtils.java:logGet(46)) - raft.server.write.element-limit = 4096 (default)
2023-06-23 15:09:01,054 [om1@group-C5BA1605619E-LeaderElection1] INFO  server.RaftServerConfigKeys (ConfUtils.java:logGet(46)) - raft.server.write.follower.gap.ratio.max = -1.0 (default)
2023-06-23 15:09:01,058 [om1@group-C5BA1605619E-LeaderElection1] INFO  impl.RoleInfo (RoleInfo.java:updateAndGet(139)) - om1: start om1@group-C5BA1605619E-LeaderStateImpl
2023-06-23 15:09:01,079 [main] INFO  handler.ContextHandler (ContextHandler.java:doStart(921)) - Started o.e.j.w.WebAppContext@581df833{hddsDatanode,/,file:///home/runner/work/ozone/ozone/hadoop-ozone/integration-test/target/tmp/kms/webapp/,AVAILABLE}{jar:file:/home/runner/.m2/repository/org/apache/ozone/hdds-container-service/1.4.0-SNAPSHOT/hdds-container-service-1.4.0-SNAPSHOT.jar!/webapps/hddsDatanode}
2023-06-23 15:09:01,081 [main] INFO  server.AbstractConnector (AbstractConnector.java:doStart(333)) - Started ServerConnector@4cdc0f4f{HTTP/1.1, (http/1.1)}{0.0.0.0:15009}
2023-06-23 15:09:01,081 [main] INFO  server.Server (Server.java:doStart(415)) - Started @10645ms
2023-06-23 15:09:01,081 [main] WARN  impl.MetricsSystemImpl (MetricsSystemImpl.java:register(279)) - Sink prometheus already exists!
2023-06-23 15:09:01,082 [main] INFO  http.BaseHttpServer (BaseHttpServer.java:updateConnectorAddress(344)) - HTTP server of hddsDatanode listening at http://0.0.0.0:15009
2023-06-23 15:09:01,088 [main] INFO  ipc.CallQueueManager (CallQueueManager.java:<init>(90)) - Using callQueue: class java.util.concurrent.LinkedBlockingQueue, queueCapacity: 100, scheduler: class org.apache.hadoop.ipc.DefaultRpcScheduler, ipcBackoff: false.
2023-06-23 15:09:01,089 [Socket Reader #1 for port 15010] INFO  ipc.Server (Server.java:run(1319)) - Starting Socket Reader #1 for port 15010
2023-06-23 15:09:01,095 [Listener at 0.0.0.0/15010] INFO  hdds.HddsUtils (HddsUtils.java:preserveThreadName(848)) - Restoring thread name: main
2023-06-23 15:09:01,095 [main] INFO  ozone.HddsDatanodeService (HddsDatanodeService.java:start(335)) - Datanode start with admins: [runner]
2023-06-23 15:09:01,096 [main] INFO  ozone.HddsDatanodeClientProtocolServer (HddsDatanodeClientProtocolServer.java:start(72)) - RPC server for Client /0.0.0.0:15010
2023-06-23 15:09:01,100 [IPC Server listener on 15010] INFO  ipc.Server (Server.java:run(1398)) - IPC Server listener on 15010: starting
2023-06-23 15:09:01,100 [IPC Server Responder] INFO  ipc.Server (Server.java:run(1558)) - IPC Server Responder: starting
2023-06-23 15:09:01,104 [main] WARN  impl.MetricRegistriesImpl (MetricRegistriesImpl.java:addReporterRegistration(111)) - New reporters are added after registries were created. Some metrics will be missing from the reporter. Please add reporter before adding any new registry.
2023-06-23 15:09:01,104 [main] WARN  impl.MetricRegistriesImpl (MetricRegistriesImpl.java:addReporterRegistration(111)) - New reporters are added after registries were created. Some metrics will be missing from the reporter. Please add reporter before adding any new registry.
2023-06-23 15:09:01,105 [main] INFO  impl.MetricsSystemImpl (MetricsSystemImpl.java:init(158)) - HddsDatanode metrics system started (again)
2023-06-23 15:09:01,109 [Datanode State Machine Daemon Thread] INFO  statemachine.DatanodeStateMachine (DatanodeStateMachine.java:lambda$startDaemon$0(531)) - Ozone container server started.
2023-06-23 15:09:01,111 [om1@group-C5BA1605619E-LeaderElection1] INFO  segmented.SegmentedRaftLogWorker (SegmentedRaftLogWorker.java:startLogSegment(447)) - om1@group-C5BA1605619E-SegmentedRaftLogWorker: Starting segment from index:0
2023-06-23 15:09:01,129 [main] INFO  ozone.HddsDatanodeService (HddsDatanodeService.java:start(257)) - HddsDatanodeService host:fv-az424-541.i1gjr3zuz4qevjy1zin2gin2ih.gx.internal.cloudapp.net ip:10.1.0.34
2023-06-23 15:09:01,147 [main] INFO  upgrade.AbstractLayoutVersionManager (AbstractLayoutVersionManager.java:init(83)) - Initializing Layout version manager with metadata layout = HADOOP_PRC_PORTS_IN_DATANODEDETAILS (version = 7), software layout = HADOOP_PRC_PORTS_IN_DATANODEDETAILS (version = 7)
2023-06-23 15:09:01,147 [main] INFO  statemachine.DatanodeStateMachine (DatanodeStateMachine.java:getEndPointTaskThreadPoolSize(279)) - Datanode State Machine Task Thread Pool size 2
2023-06-23 15:09:01,150 [main] INFO  volume.HddsVolume (HddsVolume.java:<init>(130)) - Creating HddsVolume: /home/runner/work/ozone/ozone/hadoop-ozone/integration-test/target/test-dir/MiniOzoneClusterImpl-741560ff-92e5-4b28-9778-2cf52193c8f3/datanode-1/data-0/containers/hdds of storage type : DISK capacity : 9223372036854775807
2023-06-23 15:09:01,150 [main] INFO  volume.MutableVolumeSet (MutableVolumeSet.java:initializeVolumeSet(175)) - Added Volume : /home/runner/work/ozone/ozone/hadoop-ozone/integration-test/target/test-dir/MiniOzoneClusterImpl-741560ff-92e5-4b28-9778-2cf52193c8f3/datanode-1/data-0/containers/hdds to VolumeSet
2023-06-23 15:09:01,150 [main] INFO  volume.ThrottledAsyncChecker (ThrottledAsyncChecker.java:schedule(141)) - Scheduling a check for /home/runner/work/ozone/ozone/hadoop-ozone/integration-test/target/test-dir/MiniOzoneClusterImpl-741560ff-92e5-4b28-9778-2cf52193c8f3/datanode-1/data-0/containers/hdds
2023-06-23 15:09:01,151 [main] INFO  volume.StorageVolumeChecker (StorageVolumeChecker.java:checkAllVolumes(202)) - Scheduled health check for volume /home/runner/work/ozone/ozone/hadoop-ozone/integration-test/target/test-dir/MiniOzoneClusterImpl-741560ff-92e5-4b28-9778-2cf52193c8f3/datanode-1/data-0/containers/hdds
2023-06-23 15:09:01,185 [main] INFO  volume.MutableVolumeSet (MutableVolumeSet.java:initializeVolumeSet(175)) - Added Volume : /home/runner/work/ozone/ozone/hadoop-ozone/integration-test/target/test-dir/MiniOzoneClusterImpl-741560ff-92e5-4b28-9778-2cf52193c8f3/datanode-1/data/ratis to VolumeSet
2023-06-23 15:09:01,186 [main] INFO  volume.ThrottledAsyncChecker (ThrottledAsyncChecker.java:schedule(141)) - Scheduling a check for /home/runner/work/ozone/ozone/hadoop-ozone/integration-test/target/test-dir/MiniOzoneClusterImpl-741560ff-92e5-4b28-9778-2cf52193c8f3/datanode-1/data/ratis
2023-06-23 15:09:01,187 [main] INFO  volume.StorageVolumeChecker (StorageVolumeChecker.java:checkAllVolumes(202)) - Scheduled health check for volume /home/runner/work/ozone/ozone/hadoop-ozone/integration-test/target/test-dir/MiniOzoneClusterImpl-741560ff-92e5-4b28-9778-2cf52193c8f3/datanode-1/data/ratis
2023-06-23 15:09:01,224 [om1@group-C5BA1605619E-LeaderElection1] INFO  server.RaftServer$Division (ServerState.java:setRaftConf(434)) - om1@group-C5BA1605619E: set configuration 0: peers:[om1|rpc:localhost:15007|admin:|client:|dataStream:|priority:0|startupRole:FOLLOWER]|listeners:[], old=null
2023-06-23 15:09:01,237 [Thread-170] INFO  ozoneimpl.ContainerReader (ContainerReader.java:readVolume(175)) - Finish verifying containers on volume /home/runner/work/ozone/ozone/hadoop-ozone/integration-test/target/test-dir/MiniOzoneClusterImpl-741560ff-92e5-4b28-9778-2cf52193c8f3/datanode-1/data-0/containers/hdds
2023-06-23 15:09:01,241 [main] INFO  ozoneimpl.OzoneContainer (OzoneContainer.java:buildContainerSet(316)) - Build ContainerSet costs 0s
2023-06-23 15:09:01,245 [main] INFO  server.RaftServer (ConfUtils.java:logGet(46)) - raft.rpc.type = GRPC (default)
2023-06-23 15:09:01,246 [main] INFO  grpc.GrpcConfigKeys (ConfUtils.java:logFallback(53)) - raft.grpc.admin.host = null (fallback to raft.grpc.server.host)
2023-06-23 15:09:01,246 [main] INFO  grpc.GrpcConfigKeys (ConfUtils.java:logGet(46)) - raft.grpc.admin.port = 15022 (custom)
2023-06-23 15:09:01,246 [main] INFO  grpc.GrpcConfigKeys (ConfUtils.java:logFallback(53)) - raft.grpc.client.host = null (fallback to raft.grpc.server.host)
2023-06-23 15:09:01,246 [main] INFO  grpc.GrpcConfigKeys (ConfUtils.java:logGet(46)) - raft.grpc.client.port = 15021 (custom)
2023-06-23 15:09:01,246 [main] INFO  grpc.GrpcConfigKeys (ConfUtils.java:logGet(46)) - raft.grpc.server.host = null (default)
2023-06-23 15:09:01,247 [main] INFO  grpc.GrpcConfigKeys (ConfUtils.java:logGet(46)) - raft.grpc.server.port = 15023 (custom)
2023-06-23 15:09:01,248 [main] INFO  server.GrpcService (ConfUtils.java:logGet(46)) - raft.grpc.message.size.max = 32MB (=33554432) (custom)
2023-06-23 15:09:01,248 [main] INFO  server.RaftServerConfigKeys (ConfUtils.java:logGet(46)) - raft.server.log.appender.buffer.byte-limit = 33554432 (custom)
2023-06-23 15:09:01,248 [main] INFO  server.GrpcService (ConfUtils.java:logGet(46)) - raft.grpc.flow.control.window = 5MB (=5242880) (custom)
2023-06-23 15:09:01,248 [main] INFO  server.RaftServerConfigKeys (ConfUtils.java:logGet(46)) - raft.server.rpc.request.timeout = 60s (custom)
2023-06-23 15:09:01,248 [main] INFO  grpc.GrpcConfigKeys (ConfUtils.java:logGet(46)) - raft.grpc.server.heartbeat.channel = true (default)
2023-06-23 15:09:01,248 [main] INFO  grpc.GrpcConfigKeys (ConfUtils.java:logGet(46)) - raft.grpc.server.async.request.thread.pool.cached = true (default)
2023-06-23 15:09:01,248 [main] INFO  grpc.GrpcConfigKeys (ConfUtils.java:logGet(46)) - raft.grpc.server.async.request.thread.pool.size = 32 (default)
2023-06-23 15:09:01,254 [main] INFO  impl.DataStreamServerImpl (ConfUtils.java:logGet(46)) - raft.datastream.type = NETTY (custom)
2023-06-23 15:09:01,254 [main] INFO  server.RaftServerConfigKeys (ConfUtils.java:logGet(46)) - raft.server.data-stream.async.request.thread.pool.cached = false (default)
2023-06-23 15:09:01,255 [main] INFO  server.RaftServerConfigKeys (ConfUtils.java:logGet(46)) - raft.server.data-stream.async.request.thread.pool.size = 20 (custom)
2023-06-23 15:09:01,255 [main] INFO  server.RaftServerConfigKeys (ConfUtils.java:logGet(46)) - raft.server.data-stream.async.write.thread.pool.size = 16 (default)
2023-06-23 15:09:01,256 [main] INFO  server.RaftServerConfigKeys (ConfUtils.java:logGet(46)) - raft.server.data-stream.client.pool.size = 10 (default)
2023-06-23 15:09:01,256 [main] INFO  netty.NettyConfigKeys$DataStream (ConfUtils.java:logGet(46)) - raft.netty.dataStream.server.use-epoll = false (default)
2023-06-23 15:09:01,256 [main] INFO  netty.NettyConfigKeys$DataStream (ConfUtils.java:logGet(46)) - raft.netty.dataStream.server.boss-group.size = 0 (default)
2023-06-23 15:09:01,257 [main] INFO  netty.NettyConfigKeys$DataStream (ConfUtils.java:logGet(46)) - raft.netty.dataStream.server.worker-group.size = 0 (default)
2023-06-23 15:09:01,258 [main] INFO  netty.NettyConfigKeys$DataStream (ConfUtils.java:logGet(46)) - raft.netty.dataStream.server.tls.conf = null (default)
2023-06-23 15:09:01,258 [main] INFO  netty.NettyConfigKeys$DataStream (ConfUtils.java:logGet(46)) - raft.netty.dataStream.host = null (default)
2023-06-23 15:09:01,258 [main] INFO  netty.NettyConfigKeys$DataStream (ConfUtils.java:logGet(46)) - raft.netty.dataStream.port = 15024 (custom)
2023-06-23 15:09:01,263 [main] INFO  server.RaftServerConfigKeys (ConfUtils.java:logGet(46)) - raft.server.threadpool.proxy.cached = true (default)
2023-06-23 15:09:01,264 [main] INFO  server.RaftServerConfigKeys (ConfUtils.java:logGet(46)) - raft.server.threadpool.proxy.size = 0 (default)
2023-06-23 15:09:01,264 [main] INFO  server.RaftServerConfigKeys (ConfUtils.java:logGet(46)) - raft.server.rpc.slowness.timeout = 300s (custom)
2023-06-23 15:09:01,264 [main] INFO  server.RaftServerConfigKeys (ConfUtils.java:logGet(46)) - raft.server.leaderelection.leader.step-down.wait-time = 10s (default)
2023-06-23 15:09:01,264 [main] INFO  server.RaftServerConfigKeys (ConfUtils.java:logGet(46)) - raft.server.storage.dir = [/home/runner/work/ozone/ozone/hadoop-ozone/integration-test/target/test-dir/MiniOzoneClusterImpl-741560ff-92e5-4b28-9778-2cf52193c8f3/datanode-1/data/ratis] (custom)
2023-06-23 15:09:01,274 [af576844-0e82-4589-8eaa-8af09d83806e-NettyServerStreamRpc-bossGroup--thread1] INFO  logging.LoggingHandler (AbstractInternalLogger.java:log(148)) - [id: 0x329e5270] REGISTERED
2023-06-23 15:09:01,274 [af576844-0e82-4589-8eaa-8af09d83806e-NettyServerStreamRpc-bossGroup--thread1] INFO  logging.LoggingHandler (AbstractInternalLogger.java:log(148)) - [id: 0x329e5270] BIND: 0.0.0.0/0.0.0.0:15024
2023-06-23 15:09:01,274 [af576844-0e82-4589-8eaa-8af09d83806e-NettyServerStreamRpc-bossGroup--thread1] INFO  logging.LoggingHandler (AbstractInternalLogger.java:log(148)) - [id: 0x329e5270, L:/0:0:0:0:0:0:0:0:15024] ACTIVE
2023-06-23 15:09:01,277 [main] INFO  server.XceiverServerGrpc (XceiverServerGrpc.java:<init>(132)) - GrpcServer channel type EpollServerSocketChannel
2023-06-23 15:09:01,279 [main] INFO  replication.ReplicationSupervisor (ReplicationSupervisor.java:nodeStateUpdated(305)) - Node state updated to IN_SERVICE, scaling executor pool size to 10
2023-06-23 15:09:01,282 [main] INFO  http.BaseHttpServer (BaseHttpServer.java:newHttpServer2BuilderForOzone(224)) - Starting Web-server for hddsDatanode at: http://0.0.0.0:15018
2023-06-23 15:09:01,282 [main] INFO  http.BaseHttpServer (BaseHttpServer.java:<init>(111)) - Hadoop Security Enabled: false Ozone Security Enabled: false Ozone HTTP Security Enabled: false 
2023-06-23 15:09:01,284 [main] WARN  server.AuthenticationFilter (AuthenticationFilter.java:constructSecretProvider(240)) - Unable to initialize FileSignerSecretProvider, falling back to use random secrets. Reason: Could not read signature secret file: /home/runner/hadoop-http-auth-signature-secret
2023-06-23 15:09:01,285 [main] INFO  http.HttpRequestLog (HttpRequestLog.java:getRequestLog(86)) - Http request log for http.requests.hddsDatanode is not defined
2023-06-23 15:09:01,286 [main] INFO  http.HttpServer2 (HttpServer2.java:addGlobalFilter(1031)) - Added global filter 'safety' (class=org.apache.hadoop.hdds.server.http.HttpServer2$QuotingInputFilter)
2023-06-23 15:09:01,287 [main] INFO  http.HttpServer2 (HttpServer2.java:addFilter(1007)) - Added filter static_user_filter (class=org.apache.hadoop.http.lib.StaticUserWebFilter$StaticUserFilter) to context hddsDatanode
2023-06-23 15:09:01,287 [main] INFO  http.HttpServer2 (HttpServer2.java:addFilter(1015)) - Added filter static_user_filter (class=org.apache.hadoop.http.lib.StaticUserWebFilter$StaticUserFilter) to context logs
2023-06-23 15:09:01,287 [main] INFO  http.HttpServer2 (HttpServer2.java:addFilter(1015)) - Added filter static_user_filter (class=org.apache.hadoop.http.lib.StaticUserWebFilter$StaticUserFilter) to context static
2023-06-23 15:09:01,288 [main] INFO  http.BaseHttpServer (BaseHttpServer.java:<init>(190)) - HTTP server of hddsDatanode uses base directory /home/runner/work/ozone/ozone/hadoop-ozone/integration-test/target/test-dir/MiniOzoneClusterImpl-741560ff-92e5-4b28-9778-2cf52193c8f3/datanode-1/meta/webserver
2023-06-23 15:09:01,288 [main] INFO  http.HttpServer2 (HttpServer2.java:bindListener(1250)) - Jetty bound to port 15018
2023-06-23 15:09:01,288 [main] INFO  server.Server (Server.java:doStart(375)) - jetty-9.4.51.v20230217; built: 2023-02-17T08:19:37.309Z; git: b45c405e4544384de066f814ed42ae3dceacdd49; jvm 1.8.0_372-b07
2023-06-23 15:09:01,299 [main] INFO  server.session (DefaultSessionIdManager.java:doStart(334)) - DefaultSessionIdManager workerName=node0
2023-06-23 15:09:01,299 [main] INFO  server.session (DefaultSessionIdManager.java:doStart(339)) - No SessionScavenger set, using defaults
2023-06-23 15:09:01,300 [main] INFO  server.session (HouseKeeper.java:startScavenging(132)) - node0 Scavenging every 660000ms
2023-06-23 15:09:01,303 [main] INFO  handler.ContextHandler (ContextHandler.java:doStart(921)) - Started o.e.j.s.ServletContextHandler@64aa895e{logs,/logs,file:///home/runner/work/ozone/ozone/hadoop-ozone/integration-test/target/log,AVAILABLE}
2023-06-23 15:09:01,304 [main] INFO  handler.ContextHandler (ContextHandler.java:doStart(921)) - Started o.e.j.s.ServletContextHandler@297139df{static,/static,jar:file:/home/runner/.m2/repository/org/apache/ozone/hdds-container-service/1.4.0-SNAPSHOT/hdds-container-service-1.4.0-SNAPSHOT.jar!/webapps/static,AVAILABLE}
2023-06-23 15:09:01,406 [om1@group-C5BA1605619E-SegmentedRaftLogWorker] INFO  segmented.SegmentedRaftLogWorker (SegmentedRaftLogWorker.java:execute(651)) - om1@group-C5BA1605619E-SegmentedRaftLogWorker: created new log segment /home/runner/work/ozone/ozone/hadoop-ozone/integration-test/target/test-dir/MiniOzoneClusterImpl-741560ff-92e5-4b28-9778-2cf52193c8f3/ozone-meta/ratis/bf265839-605b-3f16-9796-c5ba1605619e/current/log_inprogress_0
2023-06-23 15:09:01,480 [Datanode State Machine Task Thread - 0] INFO  datanode.InitDatanodeState (InitDatanodeState.java:persistContainerDatanodeDetails(138)) - DatanodeDetails is persisted to /home/runner/work/ozone/ozone/hadoop-ozone/integration-test/target/test-dir/MiniOzoneClusterImpl-741560ff-92e5-4b28-9778-2cf52193c8f3/datanode-0/meta/datanode.id
2023-06-23 15:09:01,602 [om1@group-C5BA1605619E-StateMachineUpdater] INFO  ratis.OzoneManagerStateMachine (OzoneManagerStateMachine.java:notifyConfigurationChanged(201)) - Received Configuration change notification from Ratis. New Peer list:
[id: "om1"
address: "localhost:15007"
startupRole: FOLLOWER
]
2023-06-23 15:09:01,616 [main] INFO  handler.ContextHandler (ContextHandler.java:doStart(921)) - Started o.e.j.w.WebAppContext@110598e4{hddsDatanode,/,file:///home/runner/work/ozone/ozone/hadoop-ozone/integration-test/target/tmp/kms/webapp/,AVAILABLE}{jar:file:/home/runner/.m2/repository/org/apache/ozone/hdds-container-service/1.4.0-SNAPSHOT/hdds-container-service-1.4.0-SNAPSHOT.jar!/webapps/hddsDatanode}
2023-06-23 15:09:01,618 [main] INFO  server.AbstractConnector (AbstractConnector.java:doStart(333)) - Started ServerConnector@2a13034e{HTTP/1.1, (http/1.1)}{0.0.0.0:15018}
2023-06-23 15:09:01,618 [main] INFO  server.Server (Server.java:doStart(415)) - Started @11182ms
2023-06-23 15:09:01,618 [main] WARN  impl.MetricsSystemImpl (MetricsSystemImpl.java:register(279)) - Sink prometheus already exists!
2023-06-23 15:09:01,619 [main] INFO  http.BaseHttpServer (BaseHttpServer.java:updateConnectorAddress(344)) - HTTP server of hddsDatanode listening at http://0.0.0.0:15018
2023-06-23 15:09:01,619 [main] INFO  ipc.CallQueueManager (CallQueueManager.java:<init>(90)) - Using callQueue: class java.util.concurrent.LinkedBlockingQueue, queueCapacity: 100, scheduler: class org.apache.hadoop.ipc.DefaultRpcScheduler, ipcBackoff: false.
2023-06-23 15:09:01,620 [Socket Reader #1 for port 15019] INFO  ipc.Server (Server.java:run(1319)) - Starting Socket Reader #1 for port 15019
2023-06-23 15:09:01,624 [Listener at 0.0.0.0/15019] INFO  hdds.HddsUtils (HddsUtils.java:preserveThreadName(848)) - Restoring thread name: main
2023-06-23 15:09:01,624 [main] INFO  ozone.HddsDatanodeService (HddsDatanodeService.java:start(335)) - Datanode start with admins: [runner]
2023-06-23 15:09:01,624 [main] INFO  ozone.HddsDatanodeClientProtocolServer (HddsDatanodeClientProtocolServer.java:start(72)) - RPC server for Client /0.0.0.0:15019
2023-06-23 15:09:01,624 [IPC Server Responder] INFO  ipc.Server (Server.java:run(1558)) - IPC Server Responder: starting
2023-06-23 15:09:01,625 [IPC Server listener on 15019] INFO  ipc.Server (Server.java:run(1398)) - IPC Server listener on 15019: starting
2023-06-23 15:09:01,625 [main] WARN  impl.MetricRegistriesImpl (MetricRegistriesImpl.java:addReporterRegistration(111)) - New reporters are added after registries were created. Some metrics will be missing from the reporter. Please add reporter before adding any new registry.
2023-06-23 15:09:01,625 [main] WARN  impl.MetricRegistriesImpl (MetricRegistriesImpl.java:addReporterRegistration(111)) - New reporters are added after registries were created. Some metrics will be missing from the reporter. Please add reporter before adding any new registry.
2023-06-23 15:09:01,625 [main] INFO  impl.MetricsSystemImpl (MetricsSystemImpl.java:init(158)) - HddsDatanode metrics system started (again)
2023-06-23 15:09:01,630 [Datanode State Machine Daemon Thread] INFO  statemachine.DatanodeStateMachine (DatanodeStateMachine.java:lambda$startDaemon$0(531)) - Ozone container server started.
2023-06-23 15:09:01,639 [main] INFO  ozone.HddsDatanodeService (HddsDatanodeService.java:start(257)) - HddsDatanodeService host:fv-az424-541.i1gjr3zuz4qevjy1zin2gin2ih.gx.internal.cloudapp.net ip:10.1.0.34
2023-06-23 15:09:01,649 [Datanode State Machine Task Thread - 0] INFO  datanode.InitDatanodeState (InitDatanodeState.java:persistContainerDatanodeDetails(138)) - DatanodeDetails is persisted to /home/runner/work/ozone/ozone/hadoop-ozone/integration-test/target/test-dir/MiniOzoneClusterImpl-741560ff-92e5-4b28-9778-2cf52193c8f3/datanode-1/meta/datanode.id
2023-06-23 15:09:01,659 [main] INFO  upgrade.AbstractLayoutVersionManager (AbstractLayoutVersionManager.java:init(83)) - Initializing Layout version manager with metadata layout = HADOOP_PRC_PORTS_IN_DATANODEDETAILS (version = 7), software layout = HADOOP_PRC_PORTS_IN_DATANODEDETAILS (version = 7)
2023-06-23 15:09:01,659 [main] INFO  statemachine.DatanodeStateMachine (DatanodeStateMachine.java:getEndPointTaskThreadPoolSize(279)) - Datanode State Machine Task Thread Pool size 2
2023-06-23 15:09:01,661 [main] INFO  volume.HddsVolume (HddsVolume.java:<init>(130)) - Creating HddsVolume: /home/runner/work/ozone/ozone/hadoop-ozone/integration-test/target/test-dir/MiniOzoneClusterImpl-741560ff-92e5-4b28-9778-2cf52193c8f3/datanode-2/data-0/containers/hdds of storage type : DISK capacity : 9223372036854775807
2023-06-23 15:09:01,662 [main] INFO  volume.MutableVolumeSet (MutableVolumeSet.java:initializeVolumeSet(175)) - Added Volume : /home/runner/work/ozone/ozone/hadoop-ozone/integration-test/target/test-dir/MiniOzoneClusterImpl-741560ff-92e5-4b28-9778-2cf52193c8f3/datanode-2/data-0/containers/hdds to VolumeSet
2023-06-23 15:09:01,662 [main] INFO  volume.ThrottledAsyncChecker (ThrottledAsyncChecker.java:schedule(141)) - Scheduling a check for /home/runner/work/ozone/ozone/hadoop-ozone/integration-test/target/test-dir/MiniOzoneClusterImpl-741560ff-92e5-4b28-9778-2cf52193c8f3/datanode-2/data-0/containers/hdds
2023-06-23 15:09:01,663 [main] INFO  volume.StorageVolumeChecker (StorageVolumeChecker.java:checkAllVolumes(202)) - Scheduled health check for volume /home/runner/work/ozone/ozone/hadoop-ozone/integration-test/target/test-dir/MiniOzoneClusterImpl-741560ff-92e5-4b28-9778-2cf52193c8f3/datanode-2/data-0/containers/hdds
2023-06-23 15:09:01,675 [main] INFO  volume.MutableVolumeSet (MutableVolumeSet.java:initializeVolumeSet(175)) - Added Volume : /home/runner/work/ozone/ozone/hadoop-ozone/integration-test/target/test-dir/MiniOzoneClusterImpl-741560ff-92e5-4b28-9778-2cf52193c8f3/datanode-2/data/ratis to VolumeSet
2023-06-23 15:09:01,675 [main] INFO  volume.ThrottledAsyncChecker (ThrottledAsyncChecker.java:schedule(141)) - Scheduling a check for /home/runner/work/ozone/ozone/hadoop-ozone/integration-test/target/test-dir/MiniOzoneClusterImpl-741560ff-92e5-4b28-9778-2cf52193c8f3/datanode-2/data/ratis
2023-06-23 15:09:01,675 [main] INFO  volume.StorageVolumeChecker (StorageVolumeChecker.java:checkAllVolumes(202)) - Scheduled health check for volume /home/runner/work/ozone/ozone/hadoop-ozone/integration-test/target/test-dir/MiniOzoneClusterImpl-741560ff-92e5-4b28-9778-2cf52193c8f3/datanode-2/data/ratis
2023-06-23 15:09:01,687 [Thread-187] INFO  ozoneimpl.ContainerReader (ContainerReader.java:readVolume(175)) - Finish verifying containers on volume /home/runner/work/ozone/ozone/hadoop-ozone/integration-test/target/test-dir/MiniOzoneClusterImpl-741560ff-92e5-4b28-9778-2cf52193c8f3/datanode-2/data-0/containers/hdds
2023-06-23 15:09:01,687 [main] INFO  ozoneimpl.OzoneContainer (OzoneContainer.java:buildContainerSet(316)) - Build ContainerSet costs 0s
2023-06-23 15:09:01,690 [main] INFO  server.RaftServer (ConfUtils.java:logGet(46)) - raft.rpc.type = GRPC (default)
2023-06-23 15:09:01,691 [main] INFO  grpc.GrpcConfigKeys (ConfUtils.java:logFallback(53)) - raft.grpc.admin.host = null (fallback to raft.grpc.server.host)
2023-06-23 15:09:01,691 [main] INFO  grpc.GrpcConfigKeys (ConfUtils.java:logGet(46)) - raft.grpc.admin.port = 15031 (custom)
2023-06-23 15:09:01,691 [main] INFO  grpc.GrpcConfigKeys (ConfUtils.java:logFallback(53)) - raft.grpc.client.host = null (fallback to raft.grpc.server.host)
2023-06-23 15:09:01,691 [main] INFO  grpc.GrpcConfigKeys (ConfUtils.java:logGet(46)) - raft.grpc.client.port = 15030 (custom)
2023-06-23 15:09:01,691 [main] INFO  grpc.GrpcConfigKeys (ConfUtils.java:logGet(46)) - raft.grpc.server.host = null (default)
2023-06-23 15:09:01,691 [main] INFO  grpc.GrpcConfigKeys (ConfUtils.java:logGet(46)) - raft.grpc.server.port = 15032 (custom)
2023-06-23 15:09:01,691 [main] INFO  server.GrpcService (ConfUtils.java:logGet(46)) - raft.grpc.message.size.max = 32MB (=33554432) (custom)
2023-06-23 15:09:01,691 [main] INFO  server.RaftServerConfigKeys (ConfUtils.java:logGet(46)) - raft.server.log.appender.buffer.byte-limit = 33554432 (custom)
2023-06-23 15:09:01,691 [main] INFO  server.GrpcService (ConfUtils.java:logGet(46)) - raft.grpc.flow.control.window = 5MB (=5242880) (custom)
2023-06-23 15:09:01,692 [main] INFO  server.RaftServerConfigKeys (ConfUtils.java:logGet(46)) - raft.server.rpc.request.timeout = 60s (custom)
2023-06-23 15:09:01,692 [main] INFO  grpc.GrpcConfigKeys (ConfUtils.java:logGet(46)) - raft.grpc.server.heartbeat.channel = true (default)
2023-06-23 15:09:01,692 [main] INFO  grpc.GrpcConfigKeys (ConfUtils.java:logGet(46)) - raft.grpc.server.async.request.thread.pool.cached = true (default)
2023-06-23 15:09:01,692 [main] INFO  grpc.GrpcConfigKeys (ConfUtils.java:logGet(46)) - raft.grpc.server.async.request.thread.pool.size = 32 (default)
2023-06-23 15:09:01,694 [main] INFO  impl.DataStreamServerImpl (ConfUtils.java:logGet(46)) - raft.datastream.type = NETTY (custom)
2023-06-23 15:09:01,695 [main] INFO  server.RaftServerConfigKeys (ConfUtils.java:logGet(46)) - raft.server.data-stream.async.request.thread.pool.cached = false (default)
2023-06-23 15:09:01,695 [main] INFO  server.RaftServerConfigKeys (ConfUtils.java:logGet(46)) - raft.server.data-stream.async.request.thread.pool.size = 20 (custom)
2023-06-23 15:09:01,695 [main] INFO  server.RaftServerConfigKeys (ConfUtils.java:logGet(46)) - raft.server.data-stream.async.write.thread.pool.size = 16 (default)
2023-06-23 15:09:01,695 [main] INFO  server.RaftServerConfigKeys (ConfUtils.java:logGet(46)) - raft.server.data-stream.client.pool.size = 10 (default)
2023-06-23 15:09:01,695 [main] INFO  netty.NettyConfigKeys$DataStream (ConfUtils.java:logGet(46)) - raft.netty.dataStream.server.use-epoll = false (default)
2023-06-23 15:09:01,695 [main] INFO  netty.NettyConfigKeys$DataStream (ConfUtils.java:logGet(46)) - raft.netty.dataStream.server.boss-group.size = 0 (default)
2023-06-23 15:09:01,696 [main] INFO  netty.NettyConfigKeys$DataStream (ConfUtils.java:logGet(46)) - raft.netty.dataStream.server.worker-group.size = 0 (default)
2023-06-23 15:09:01,696 [main] INFO  netty.NettyConfigKeys$DataStream (ConfUtils.java:logGet(46)) - raft.netty.dataStream.server.tls.conf = null (default)
2023-06-23 15:09:01,696 [main] INFO  netty.NettyConfigKeys$DataStream (ConfUtils.java:logGet(46)) - raft.netty.dataStream.host = null (default)
2023-06-23 15:09:01,696 [main] INFO  netty.NettyConfigKeys$DataStream (ConfUtils.java:logGet(46)) - raft.netty.dataStream.port = 15033 (custom)
2023-06-23 15:09:01,697 [main] INFO  server.RaftServerConfigKeys (ConfUtils.java:logGet(46)) - raft.server.threadpool.proxy.cached = true (default)
2023-06-23 15:09:01,697 [main] INFO  server.RaftServerConfigKeys (ConfUtils.java:logGet(46)) - raft.server.threadpool.proxy.size = 0 (default)
2023-06-23 15:09:01,697 [main] INFO  server.RaftServerConfigKeys (ConfUtils.java:logGet(46)) - raft.server.rpc.slowness.timeout = 300s (custom)
2023-06-23 15:09:01,697 [main] INFO  server.RaftServerConfigKeys (ConfUtils.java:logGet(46)) - raft.server.leaderelection.leader.step-down.wait-time = 10s (default)
2023-06-23 15:09:01,697 [main] INFO  server.RaftServerConfigKeys (ConfUtils.java:logGet(46)) - raft.server.storage.dir = [/home/runner/work/ozone/ozone/hadoop-ozone/integration-test/target/test-dir/MiniOzoneClusterImpl-741560ff-92e5-4b28-9778-2cf52193c8f3/datanode-2/data/ratis] (custom)
2023-06-23 15:09:01,710 [3f4ddf09-9f08-4efc-95be-1efd9e09d1d3-NettyServerStreamRpc-bossGroup--thread1] INFO  logging.LoggingHandler (AbstractInternalLogger.java:log(148)) - [id: 0x2f8d8a3a] REGISTERED
2023-06-23 15:09:01,710 [3f4ddf09-9f08-4efc-95be-1efd9e09d1d3-NettyServerStreamRpc-bossGroup--thread1] INFO  logging.LoggingHandler (AbstractInternalLogger.java:log(148)) - [id: 0x2f8d8a3a] BIND: 0.0.0.0/0.0.0.0:15033
2023-06-23 15:09:01,711 [3f4ddf09-9f08-4efc-95be-1efd9e09d1d3-NettyServerStreamRpc-bossGroup--thread1] INFO  logging.LoggingHandler (AbstractInternalLogger.java:log(148)) - [id: 0x2f8d8a3a, L:/0:0:0:0:0:0:0:0:15033] ACTIVE
2023-06-23 15:09:01,713 [main] INFO  server.XceiverServerGrpc (XceiverServerGrpc.java:<init>(132)) - GrpcServer channel type EpollServerSocketChannel
2023-06-23 15:09:01,715 [main] INFO  replication.ReplicationSupervisor (ReplicationSupervisor.java:nodeStateUpdated(305)) - Node state updated to IN_SERVICE, scaling executor pool size to 10
2023-06-23 15:09:01,723 [main] INFO  http.BaseHttpServer (BaseHttpServer.java:newHttpServer2BuilderForOzone(224)) - Starting Web-server for hddsDatanode at: http://0.0.0.0:15027
2023-06-23 15:09:01,723 [main] INFO  http.BaseHttpServer (BaseHttpServer.java:<init>(111)) - Hadoop Security Enabled: false Ozone Security Enabled: false Ozone HTTP Security Enabled: false 
2023-06-23 15:09:01,725 [main] WARN  server.AuthenticationFilter (AuthenticationFilter.java:constructSecretProvider(240)) - Unable to initialize FileSignerSecretProvider, falling back to use random secrets. Reason: Could not read signature secret file: /home/runner/hadoop-http-auth-signature-secret
2023-06-23 15:09:01,726 [main] INFO  http.HttpRequestLog (HttpRequestLog.java:getRequestLog(86)) - Http request log for http.requests.hddsDatanode is not defined
2023-06-23 15:09:01,729 [main] INFO  http.HttpServer2 (HttpServer2.java:addGlobalFilter(1031)) - Added global filter 'safety' (class=org.apache.hadoop.hdds.server.http.HttpServer2$QuotingInputFilter)
2023-06-23 15:09:01,730 [main] INFO  http.HttpServer2 (HttpServer2.java:addFilter(1007)) - Added filter static_user_filter (class=org.apache.hadoop.http.lib.StaticUserWebFilter$StaticUserFilter) to context hddsDatanode
2023-06-23 15:09:01,730 [main] INFO  http.HttpServer2 (HttpServer2.java:addFilter(1015)) - Added filter static_user_filter (class=org.apache.hadoop.http.lib.StaticUserWebFilter$StaticUserFilter) to context static
2023-06-23 15:09:01,730 [main] INFO  http.HttpServer2 (HttpServer2.java:addFilter(1015)) - Added filter static_user_filter (class=org.apache.hadoop.http.lib.StaticUserWebFilter$StaticUserFilter) to context logs
2023-06-23 15:09:01,731 [main] INFO  http.BaseHttpServer (BaseHttpServer.java:<init>(190)) - HTTP server of hddsDatanode uses base directory /home/runner/work/ozone/ozone/hadoop-ozone/integration-test/target/test-dir/MiniOzoneClusterImpl-741560ff-92e5-4b28-9778-2cf52193c8f3/datanode-2/meta/webserver
2023-06-23 15:09:01,731 [main] INFO  http.HttpServer2 (HttpServer2.java:bindListener(1250)) - Jetty bound to port 15027
2023-06-23 15:09:01,731 [main] INFO  server.Server (Server.java:doStart(375)) - jetty-9.4.51.v20230217; built: 2023-02-17T08:19:37.309Z; git: b45c405e4544384de066f814ed42ae3dceacdd49; jvm 1.8.0_372-b07
2023-06-23 15:09:01,734 [main] INFO  server.session (DefaultSessionIdManager.java:doStart(334)) - DefaultSessionIdManager workerName=node0
2023-06-23 15:09:01,734 [main] INFO  server.session (DefaultSessionIdManager.java:doStart(339)) - No SessionScavenger set, using defaults
2023-06-23 15:09:01,734 [main] INFO  server.session (HouseKeeper.java:startScavenging(132)) - node0 Scavenging every 660000ms
2023-06-23 15:09:01,735 [main] INFO  handler.ContextHandler (ContextHandler.java:doStart(921)) - Started o.e.j.s.ServletContextHandler@bb2f1bf{logs,/logs,file:///home/runner/work/ozone/ozone/hadoop-ozone/integration-test/target/log,AVAILABLE}
2023-06-23 15:09:01,735 [main] INFO  handler.ContextHandler (ContextHandler.java:doStart(921)) - Started o.e.j.s.ServletContextHandler@2b704646{static,/static,jar:file:/home/runner/.m2/repository/org/apache/ozone/hdds-container-service/1.4.0-SNAPSHOT/hdds-container-service-1.4.0-SNAPSHOT.jar!/webapps/static,AVAILABLE}
2023-06-23 15:09:01,937 [main] INFO  handler.ContextHandler (ContextHandler.java:doStart(921)) - Started o.e.j.w.WebAppContext@477a2621{hddsDatanode,/,file:///home/runner/work/ozone/ozone/hadoop-ozone/integration-test/target/tmp/kms/webapp/,AVAILABLE}{jar:file:/home/runner/.m2/repository/org/apache/ozone/hdds-container-service/1.4.0-SNAPSHOT/hdds-container-service-1.4.0-SNAPSHOT.jar!/webapps/hddsDatanode}
2023-06-23 15:09:01,939 [main] INFO  server.AbstractConnector (AbstractConnector.java:doStart(333)) - Started ServerConnector@7f67d19a{HTTP/1.1, (http/1.1)}{0.0.0.0:15027}
2023-06-23 15:09:01,939 [main] INFO  server.Server (Server.java:doStart(415)) - Started @11502ms
2023-06-23 15:09:01,939 [main] WARN  impl.MetricsSystemImpl (MetricsSystemImpl.java:register(279)) - Sink prometheus already exists!
2023-06-23 15:09:01,940 [main] INFO  http.BaseHttpServer (BaseHttpServer.java:updateConnectorAddress(344)) - HTTP server of hddsDatanode listening at http://0.0.0.0:15027
2023-06-23 15:09:01,940 [main] INFO  ipc.CallQueueManager (CallQueueManager.java:<init>(90)) - Using callQueue: class java.util.concurrent.LinkedBlockingQueue, queueCapacity: 100, scheduler: class org.apache.hadoop.ipc.DefaultRpcScheduler, ipcBackoff: false.
2023-06-23 15:09:01,942 [Socket Reader #1 for port 15028] INFO  ipc.Server (Server.java:run(1319)) - Starting Socket Reader #1 for port 15028
2023-06-23 15:09:01,945 [Listener at 0.0.0.0/15028] INFO  hdds.HddsUtils (HddsUtils.java:preserveThreadName(848)) - Restoring thread name: main
2023-06-23 15:09:01,945 [main] INFO  ozone.HddsDatanodeService (HddsDatanodeService.java:start(335)) - Datanode start with admins: [runner]
2023-06-23 15:09:01,945 [main] INFO  ozone.HddsDatanodeClientProtocolServer (HddsDatanodeClientProtocolServer.java:start(72)) - RPC server for Client /0.0.0.0:15028
2023-06-23 15:09:01,945 [IPC Server Responder] INFO  ipc.Server (Server.java:run(1558)) - IPC Server Responder: starting
2023-06-23 15:09:01,947 [IPC Server listener on 15028] INFO  ipc.Server (Server.java:run(1398)) - IPC Server listener on 15028: starting
2023-06-23 15:09:01,952 [main] WARN  impl.MetricRegistriesImpl (MetricRegistriesImpl.java:addReporterRegistration(111)) - New reporters are added after registries were created. Some metrics will be missing from the reporter. Please add reporter before adding any new registry.
2023-06-23 15:09:01,952 [main] WARN  impl.MetricRegistriesImpl (MetricRegistriesImpl.java:addReporterRegistration(111)) - New reporters are added after registries were created. Some metrics will be missing from the reporter. Please add reporter before adding any new registry.
2023-06-23 15:09:01,952 [main] INFO  impl.MetricsSystemImpl (MetricsSystemImpl.java:init(158)) - HddsDatanode metrics system started (again)
2023-06-23 15:09:01,955 [Datanode State Machine Daemon Thread] INFO  statemachine.DatanodeStateMachine (DatanodeStateMachine.java:lambda$startDaemon$0(531)) - Ozone container server started.
2023-06-23 15:09:01,967 [Datanode State Machine Task Thread - 0] INFO  datanode.InitDatanodeState (InitDatanodeState.java:persistContainerDatanodeDetails(138)) - DatanodeDetails is persisted to /home/runner/work/ozone/ozone/hadoop-ozone/integration-test/target/test-dir/MiniOzoneClusterImpl-741560ff-92e5-4b28-9778-2cf52193c8f3/datanode-2/meta/datanode.id
2023-06-23 15:09:01,970 [main] INFO  ozone.HddsDatanodeService (HddsDatanodeService.java:start(257)) - HddsDatanodeService host:fv-az424-541.i1gjr3zuz4qevjy1zin2gin2ih.gx.internal.cloudapp.net ip:10.1.0.34
2023-06-23 15:09:01,989 [main] INFO  upgrade.AbstractLayoutVersionManager (AbstractLayoutVersionManager.java:init(83)) - Initializing Layout version manager with metadata layout = HADOOP_PRC_PORTS_IN_DATANODEDETAILS (version = 7), software layout = HADOOP_PRC_PORTS_IN_DATANODEDETAILS (version = 7)
2023-06-23 15:09:01,990 [main] INFO  statemachine.DatanodeStateMachine (DatanodeStateMachine.java:getEndPointTaskThreadPoolSize(279)) - Datanode State Machine Task Thread Pool size 2
2023-06-23 15:09:01,996 [main] INFO  volume.HddsVolume (HddsVolume.java:<init>(130)) - Creating HddsVolume: /home/runner/work/ozone/ozone/hadoop-ozone/integration-test/target/test-dir/MiniOzoneClusterImpl-741560ff-92e5-4b28-9778-2cf52193c8f3/datanode-3/data-0/containers/hdds of storage type : DISK capacity : 9223372036854775807
2023-06-23 15:09:01,996 [main] INFO  volume.MutableVolumeSet (MutableVolumeSet.java:initializeVolumeSet(175)) - Added Volume : /home/runner/work/ozone/ozone/hadoop-ozone/integration-test/target/test-dir/MiniOzoneClusterImpl-741560ff-92e5-4b28-9778-2cf52193c8f3/datanode-3/data-0/containers/hdds to VolumeSet
2023-06-23 15:09:01,996 [main] INFO  volume.ThrottledAsyncChecker (ThrottledAsyncChecker.java:schedule(141)) - Scheduling a check for /home/runner/work/ozone/ozone/hadoop-ozone/integration-test/target/test-dir/MiniOzoneClusterImpl-741560ff-92e5-4b28-9778-2cf52193c8f3/datanode-3/data-0/containers/hdds
2023-06-23 15:09:01,997 [main] INFO  volume.StorageVolumeChecker (StorageVolumeChecker.java:checkAllVolumes(202)) - Scheduled health check for volume /home/runner/work/ozone/ozone/hadoop-ozone/integration-test/target/test-dir/MiniOzoneClusterImpl-741560ff-92e5-4b28-9778-2cf52193c8f3/datanode-3/data-0/containers/hdds
2023-06-23 15:09:02,012 [main] INFO  volume.MutableVolumeSet (MutableVolumeSet.java:initializeVolumeSet(175)) - Added Volume : /home/runner/work/ozone/ozone/hadoop-ozone/integration-test/target/test-dir/MiniOzoneClusterImpl-741560ff-92e5-4b28-9778-2cf52193c8f3/datanode-3/data/ratis to VolumeSet
2023-06-23 15:09:02,012 [main] INFO  volume.ThrottledAsyncChecker (ThrottledAsyncChecker.java:schedule(141)) - Scheduling a check for /home/runner/work/ozone/ozone/hadoop-ozone/integration-test/target/test-dir/MiniOzoneClusterImpl-741560ff-92e5-4b28-9778-2cf52193c8f3/datanode-3/data/ratis
2023-06-23 15:09:02,013 [main] INFO  volume.StorageVolumeChecker (StorageVolumeChecker.java:checkAllVolumes(202)) - Scheduled health check for volume /home/runner/work/ozone/ozone/hadoop-ozone/integration-test/target/test-dir/MiniOzoneClusterImpl-741560ff-92e5-4b28-9778-2cf52193c8f3/datanode-3/data/ratis
2023-06-23 15:09:02,026 [Thread-204] INFO  ozoneimpl.ContainerReader (ContainerReader.java:readVolume(175)) - Finish verifying containers on volume /home/runner/work/ozone/ozone/hadoop-ozone/integration-test/target/test-dir/MiniOzoneClusterImpl-741560ff-92e5-4b28-9778-2cf52193c8f3/datanode-3/data-0/containers/hdds
2023-06-23 15:09:02,026 [main] INFO  ozoneimpl.OzoneContainer (OzoneContainer.java:buildContainerSet(316)) - Build ContainerSet costs 0s
2023-06-23 15:09:02,030 [main] INFO  server.RaftServer (ConfUtils.java:logGet(46)) - raft.rpc.type = GRPC (default)
2023-06-23 15:09:02,031 [main] INFO  grpc.GrpcConfigKeys (ConfUtils.java:logFallback(53)) - raft.grpc.admin.host = null (fallback to raft.grpc.server.host)
2023-06-23 15:09:02,031 [main] INFO  grpc.GrpcConfigKeys (ConfUtils.java:logGet(46)) - raft.grpc.admin.port = 15040 (custom)
2023-06-23 15:09:02,031 [main] INFO  grpc.GrpcConfigKeys (ConfUtils.java:logFallback(53)) - raft.grpc.client.host = null (fallback to raft.grpc.server.host)
2023-06-23 15:09:02,031 [main] INFO  grpc.GrpcConfigKeys (ConfUtils.java:logGet(46)) - raft.grpc.client.port = 15039 (custom)
2023-06-23 15:09:02,031 [main] INFO  grpc.GrpcConfigKeys (ConfUtils.java:logGet(46)) - raft.grpc.server.host = null (default)
2023-06-23 15:09:02,031 [main] INFO  grpc.GrpcConfigKeys (ConfUtils.java:logGet(46)) - raft.grpc.server.port = 15041 (custom)
2023-06-23 15:09:02,031 [main] INFO  server.GrpcService (ConfUtils.java:logGet(46)) - raft.grpc.message.size.max = 32MB (=33554432) (custom)
2023-06-23 15:09:02,031 [main] INFO  server.RaftServerConfigKeys (ConfUtils.java:logGet(46)) - raft.server.log.appender.buffer.byte-limit = 33554432 (custom)
2023-06-23 15:09:02,031 [main] INFO  server.GrpcService (ConfUtils.java:logGet(46)) - raft.grpc.flow.control.window = 5MB (=5242880) (custom)
2023-06-23 15:09:02,032 [main] INFO  server.RaftServerConfigKeys (ConfUtils.java:logGet(46)) - raft.server.rpc.request.timeout = 60s (custom)
2023-06-23 15:09:02,032 [main] INFO  grpc.GrpcConfigKeys (ConfUtils.java:logGet(46)) - raft.grpc.server.heartbeat.channel = true (default)
2023-06-23 15:09:02,032 [main] INFO  grpc.GrpcConfigKeys (ConfUtils.java:logGet(46)) - raft.grpc.server.async.request.thread.pool.cached = true (default)
2023-06-23 15:09:02,032 [main] INFO  grpc.GrpcConfigKeys (ConfUtils.java:logGet(46)) - raft.grpc.server.async.request.thread.pool.size = 32 (default)
2023-06-23 15:09:02,034 [main] INFO  impl.DataStreamServerImpl (ConfUtils.java:logGet(46)) - raft.datastream.type = NETTY (custom)
2023-06-23 15:09:02,034 [main] INFO  server.RaftServerConfigKeys (ConfUtils.java:logGet(46)) - raft.server.data-stream.async.request.thread.pool.cached = false (default)
2023-06-23 15:09:02,036 [main] INFO  server.RaftServerConfigKeys (ConfUtils.java:logGet(46)) - raft.server.data-stream.async.request.thread.pool.size = 20 (custom)
2023-06-23 15:09:02,036 [main] INFO  server.RaftServerConfigKeys (ConfUtils.java:logGet(46)) - raft.server.data-stream.async.write.thread.pool.size = 16 (default)
2023-06-23 15:09:02,036 [main] INFO  server.RaftServerConfigKeys (ConfUtils.java:logGet(46)) - raft.server.data-stream.client.pool.size = 10 (default)
2023-06-23 15:09:02,036 [main] INFO  netty.NettyConfigKeys$DataStream (ConfUtils.java:logGet(46)) - raft.netty.dataStream.server.use-epoll = false (default)
2023-06-23 15:09:02,036 [main] INFO  netty.NettyConfigKeys$DataStream (ConfUtils.java:logGet(46)) - raft.netty.dataStream.server.boss-group.size = 0 (default)
2023-06-23 15:09:02,036 [main] INFO  netty.NettyConfigKeys$DataStream (ConfUtils.java:logGet(46)) - raft.netty.dataStream.server.worker-group.size = 0 (default)
2023-06-23 15:09:02,037 [main] INFO  netty.NettyConfigKeys$DataStream (ConfUtils.java:logGet(46)) - raft.netty.dataStream.server.tls.conf = null (default)
2023-06-23 15:09:02,037 [main] INFO  netty.NettyConfigKeys$DataStream (ConfUtils.java:logGet(46)) - raft.netty.dataStream.host = null (default)
2023-06-23 15:09:02,037 [main] INFO  netty.NettyConfigKeys$DataStream (ConfUtils.java:logGet(46)) - raft.netty.dataStream.port = 15042 (custom)
2023-06-23 15:09:02,038 [main] INFO  server.RaftServerConfigKeys (ConfUtils.java:logGet(46)) - raft.server.threadpool.proxy.cached = true (default)
2023-06-23 15:09:02,040 [main] INFO  server.RaftServerConfigKeys (ConfUtils.java:logGet(46)) - raft.server.threadpool.proxy.size = 0 (default)
2023-06-23 15:09:02,040 [main] INFO  server.RaftServerConfigKeys (ConfUtils.java:logGet(46)) - raft.server.rpc.slowness.timeout = 300s (custom)
2023-06-23 15:09:02,040 [main] INFO  server.RaftServerConfigKeys (ConfUtils.java:logGet(46)) - raft.server.leaderelection.leader.step-down.wait-time = 10s (default)
2023-06-23 15:09:02,040 [main] INFO  server.RaftServerConfigKeys (ConfUtils.java:logGet(46)) - raft.server.storage.dir = [/home/runner/work/ozone/ozone/hadoop-ozone/integration-test/target/test-dir/MiniOzoneClusterImpl-741560ff-92e5-4b28-9778-2cf52193c8f3/datanode-3/data/ratis] (custom)
2023-06-23 15:09:02,041 [00be7989-d8c1-4a83-aaf0-c8ed794c287b-NettyServerStreamRpc-bossGroup--thread1] INFO  logging.LoggingHandler (AbstractInternalLogger.java:log(148)) - [id: 0x4de571dc] REGISTERED
2023-06-23 15:09:02,041 [00be7989-d8c1-4a83-aaf0-c8ed794c287b-NettyServerStreamRpc-bossGroup--thread1] INFO  logging.LoggingHandler (AbstractInternalLogger.java:log(148)) - [id: 0x4de571dc] BIND: 0.0.0.0/0.0.0.0:15042
2023-06-23 15:09:02,041 [00be7989-d8c1-4a83-aaf0-c8ed794c287b-NettyServerStreamRpc-bossGroup--thread1] INFO  logging.LoggingHandler (AbstractInternalLogger.java:log(148)) - [id: 0x4de571dc, L:/0:0:0:0:0:0:0:0:15042] ACTIVE
2023-06-23 15:09:02,042 [main] INFO  server.XceiverServerGrpc (XceiverServerGrpc.java:<init>(132)) - GrpcServer channel type EpollServerSocketChannel
2023-06-23 15:09:02,048 [main] INFO  replication.ReplicationSupervisor (ReplicationSupervisor.java:nodeStateUpdated(305)) - Node state updated to IN_SERVICE, scaling executor pool size to 10
2023-06-23 15:09:02,053 [main] INFO  http.BaseHttpServer (BaseHttpServer.java:newHttpServer2BuilderForOzone(224)) - Starting Web-server for hddsDatanode at: http://0.0.0.0:15036
2023-06-23 15:09:02,053 [main] INFO  http.BaseHttpServer (BaseHttpServer.java:<init>(111)) - Hadoop Security Enabled: false Ozone Security Enabled: false Ozone HTTP Security Enabled: false 
2023-06-23 15:09:02,057 [main] WARN  server.AuthenticationFilter (AuthenticationFilter.java:constructSecretProvider(240)) - Unable to initialize FileSignerSecretProvider, falling back to use random secrets. Reason: Could not read signature secret file: /home/runner/hadoop-http-auth-signature-secret
2023-06-23 15:09:02,057 [main] INFO  http.HttpRequestLog (HttpRequestLog.java:getRequestLog(86)) - Http request log for http.requests.hddsDatanode is not defined
2023-06-23 15:09:02,059 [main] INFO  http.HttpServer2 (HttpServer2.java:addGlobalFilter(1031)) - Added global filter 'safety' (class=org.apache.hadoop.hdds.server.http.HttpServer2$QuotingInputFilter)
2023-06-23 15:09:02,060 [main] INFO  http.HttpServer2 (HttpServer2.java:addFilter(1007)) - Added filter static_user_filter (class=org.apache.hadoop.http.lib.StaticUserWebFilter$StaticUserFilter) to context hddsDatanode
2023-06-23 15:09:02,061 [main] INFO  http.HttpServer2 (HttpServer2.java:addFilter(1015)) - Added filter static_user_filter (class=org.apache.hadoop.http.lib.StaticUserWebFilter$StaticUserFilter) to context logs
2023-06-23 15:09:02,061 [main] INFO  http.HttpServer2 (HttpServer2.java:addFilter(1015)) - Added filter static_user_filter (class=org.apache.hadoop.http.lib.StaticUserWebFilter$StaticUserFilter) to context static
2023-06-23 15:09:02,062 [main] INFO  http.BaseHttpServer (BaseHttpServer.java:<init>(190)) - HTTP server of hddsDatanode uses base directory /home/runner/work/ozone/ozone/hadoop-ozone/integration-test/target/test-dir/MiniOzoneClusterImpl-741560ff-92e5-4b28-9778-2cf52193c8f3/datanode-3/meta/webserver
2023-06-23 15:09:02,062 [main] INFO  http.HttpServer2 (HttpServer2.java:bindListener(1250)) - Jetty bound to port 15036
2023-06-23 15:09:02,063 [main] INFO  server.Server (Server.java:doStart(375)) - jetty-9.4.51.v20230217; built: 2023-02-17T08:19:37.309Z; git: b45c405e4544384de066f814ed42ae3dceacdd49; jvm 1.8.0_372-b07
2023-06-23 15:09:02,066 [main] INFO  server.session (DefaultSessionIdManager.java:doStart(334)) - DefaultSessionIdManager workerName=node0
2023-06-23 15:09:02,066 [main] INFO  server.session (DefaultSessionIdManager.java:doStart(339)) - No SessionScavenger set, using defaults
2023-06-23 15:09:02,066 [main] INFO  server.session (HouseKeeper.java:startScavenging(132)) - node0 Scavenging every 660000ms
2023-06-23 15:09:02,068 [main] INFO  handler.ContextHandler (ContextHandler.java:doStart(921)) - Started o.e.j.s.ServletContextHandler@25c9edf9{logs,/logs,file:///home/runner/work/ozone/ozone/hadoop-ozone/integration-test/target/log,AVAILABLE}
2023-06-23 15:09:02,068 [main] INFO  handler.ContextHandler (ContextHandler.java:doStart(921)) - Started o.e.j.s.ServletContextHandler@19d36342{static,/static,jar:file:/home/runner/.m2/repository/org/apache/ozone/hdds-container-service/1.4.0-SNAPSHOT/hdds-container-service-1.4.0-SNAPSHOT.jar!/webapps/static,AVAILABLE}
2023-06-23 15:09:02,279 [main] INFO  handler.ContextHandler (ContextHandler.java:doStart(921)) - Started o.e.j.w.WebAppContext@5fb27796{hddsDatanode,/,file:///home/runner/work/ozone/ozone/hadoop-ozone/integration-test/target/tmp/kms/webapp/,AVAILABLE}{jar:file:/home/runner/.m2/repository/org/apache/ozone/hdds-container-service/1.4.0-SNAPSHOT/hdds-container-service-1.4.0-SNAPSHOT.jar!/webapps/hddsDatanode}
2023-06-23 15:09:02,281 [main] INFO  server.AbstractConnector (AbstractConnector.java:doStart(333)) - Started ServerConnector@42d6568e{HTTP/1.1, (http/1.1)}{0.0.0.0:15036}
2023-06-23 15:09:02,281 [main] INFO  server.Server (Server.java:doStart(415)) - Started @11845ms
2023-06-23 15:09:02,282 [main] WARN  impl.MetricsSystemImpl (MetricsSystemImpl.java:register(279)) - Sink prometheus already exists!
2023-06-23 15:09:02,282 [main] INFO  http.BaseHttpServer (BaseHttpServer.java:updateConnectorAddress(344)) - HTTP server of hddsDatanode listening at http://0.0.0.0:15036
2023-06-23 15:09:02,283 [main] INFO  ipc.CallQueueManager (CallQueueManager.java:<init>(90)) - Using callQueue: class java.util.concurrent.LinkedBlockingQueue, queueCapacity: 100, scheduler: class org.apache.hadoop.ipc.DefaultRpcScheduler, ipcBackoff: false.
2023-06-23 15:09:02,283 [Socket Reader #1 for port 15037] INFO  ipc.Server (Server.java:run(1319)) - Starting Socket Reader #1 for port 15037
2023-06-23 15:09:02,289 [Listener at 0.0.0.0/15037] INFO  hdds.HddsUtils (HddsUtils.java:preserveThreadName(848)) - Restoring thread name: main
2023-06-23 15:09:02,289 [main] INFO  ozone.HddsDatanodeService (HddsDatanodeService.java:start(335)) - Datanode start with admins: [runner]
2023-06-23 15:09:02,289 [main] INFO  ozone.HddsDatanodeClientProtocolServer (HddsDatanodeClientProtocolServer.java:start(72)) - RPC server for Client /0.0.0.0:15037
2023-06-23 15:09:02,290 [IPC Server Responder] INFO  ipc.Server (Server.java:run(1558)) - IPC Server Responder: starting
2023-06-23 15:09:02,290 [IPC Server listener on 15037] INFO  ipc.Server (Server.java:run(1398)) - IPC Server listener on 15037: starting
2023-06-23 15:09:02,290 [main] WARN  impl.MetricRegistriesImpl (MetricRegistriesImpl.java:addReporterRegistration(111)) - New reporters are added after registries were created. Some metrics will be missing from the reporter. Please add reporter before adding any new registry.
2023-06-23 15:09:02,290 [main] WARN  impl.MetricRegistriesImpl (MetricRegistriesImpl.java:addReporterRegistration(111)) - New reporters are added after registries were created. Some metrics will be missing from the reporter. Please add reporter before adding any new registry.
2023-06-23 15:09:02,291 [main] INFO  impl.MetricsSystemImpl (MetricsSystemImpl.java:init(158)) - HddsDatanode metrics system started (again)
2023-06-23 15:09:02,294 [Datanode State Machine Daemon Thread] INFO  statemachine.DatanodeStateMachine (DatanodeStateMachine.java:lambda$startDaemon$0(531)) - Ozone container server started.
2023-06-23 15:09:02,323 [main] INFO  ozone.HddsDatanodeService (HddsDatanodeService.java:start(257)) - HddsDatanodeService host:fv-az424-541.i1gjr3zuz4qevjy1zin2gin2ih.gx.internal.cloudapp.net ip:10.1.0.34
2023-06-23 15:09:02,339 [Datanode State Machine Task Thread - 0] INFO  datanode.InitDatanodeState (InitDatanodeState.java:persistContainerDatanodeDetails(138)) - DatanodeDetails is persisted to /home/runner/work/ozone/ozone/hadoop-ozone/integration-test/target/test-dir/MiniOzoneClusterImpl-741560ff-92e5-4b28-9778-2cf52193c8f3/datanode-3/meta/datanode.id
2023-06-23 15:09:02,358 [main] INFO  upgrade.AbstractLayoutVersionManager (AbstractLayoutVersionManager.java:init(83)) - Initializing Layout version manager with metadata layout = HADOOP_PRC_PORTS_IN_DATANODEDETAILS (version = 7), software layout = HADOOP_PRC_PORTS_IN_DATANODEDETAILS (version = 7)
2023-06-23 15:09:02,358 [main] INFO  statemachine.DatanodeStateMachine (DatanodeStateMachine.java:getEndPointTaskThreadPoolSize(279)) - Datanode State Machine Task Thread Pool size 2
2023-06-23 15:09:02,371 [main] INFO  volume.HddsVolume (HddsVolume.java:<init>(130)) - Creating HddsVolume: /home/runner/work/ozone/ozone/hadoop-ozone/integration-test/target/test-dir/MiniOzoneClusterImpl-741560ff-92e5-4b28-9778-2cf52193c8f3/datanode-4/data-0/containers/hdds of storage type : DISK capacity : 9223372036854775807
2023-06-23 15:09:02,376 [main] INFO  volume.MutableVolumeSet (MutableVolumeSet.java:initializeVolumeSet(175)) - Added Volume : /home/runner/work/ozone/ozone/hadoop-ozone/integration-test/target/test-dir/MiniOzoneClusterImpl-741560ff-92e5-4b28-9778-2cf52193c8f3/datanode-4/data-0/containers/hdds to VolumeSet
2023-06-23 15:09:02,376 [main] INFO  volume.ThrottledAsyncChecker (ThrottledAsyncChecker.java:schedule(141)) - Scheduling a check for /home/runner/work/ozone/ozone/hadoop-ozone/integration-test/target/test-dir/MiniOzoneClusterImpl-741560ff-92e5-4b28-9778-2cf52193c8f3/datanode-4/data-0/containers/hdds
2023-06-23 15:09:02,379 [main] INFO  volume.StorageVolumeChecker (StorageVolumeChecker.java:checkAllVolumes(202)) - Scheduled health check for volume /home/runner/work/ozone/ozone/hadoop-ozone/integration-test/target/test-dir/MiniOzoneClusterImpl-741560ff-92e5-4b28-9778-2cf52193c8f3/datanode-4/data-0/containers/hdds
2023-06-23 15:09:02,401 [main] INFO  volume.MutableVolumeSet (MutableVolumeSet.java:initializeVolumeSet(175)) - Added Volume : /home/runner/work/ozone/ozone/hadoop-ozone/integration-test/target/test-dir/MiniOzoneClusterImpl-741560ff-92e5-4b28-9778-2cf52193c8f3/datanode-4/data/ratis to VolumeSet
2023-06-23 15:09:02,401 [main] INFO  volume.ThrottledAsyncChecker (ThrottledAsyncChecker.java:schedule(141)) - Scheduling a check for /home/runner/work/ozone/ozone/hadoop-ozone/integration-test/target/test-dir/MiniOzoneClusterImpl-741560ff-92e5-4b28-9778-2cf52193c8f3/datanode-4/data/ratis
2023-06-23 15:09:02,402 [main] INFO  volume.StorageVolumeChecker (StorageVolumeChecker.java:checkAllVolumes(202)) - Scheduled health check for volume /home/runner/work/ozone/ozone/hadoop-ozone/integration-test/target/test-dir/MiniOzoneClusterImpl-741560ff-92e5-4b28-9778-2cf52193c8f3/datanode-4/data/ratis
2023-06-23 15:09:02,420 [Thread-221] INFO  ozoneimpl.ContainerReader (ContainerReader.java:readVolume(175)) - Finish verifying containers on volume /home/runner/work/ozone/ozone/hadoop-ozone/integration-test/target/test-dir/MiniOzoneClusterImpl-741560ff-92e5-4b28-9778-2cf52193c8f3/datanode-4/data-0/containers/hdds
2023-06-23 15:09:02,421 [main] INFO  ozoneimpl.OzoneContainer (OzoneContainer.java:buildContainerSet(316)) - Build ContainerSet costs 0s
2023-06-23 15:09:02,427 [main] INFO  server.RaftServer (ConfUtils.java:logGet(46)) - raft.rpc.type = GRPC (default)
2023-06-23 15:09:02,427 [main] INFO  grpc.GrpcConfigKeys (ConfUtils.java:logFallback(53)) - raft.grpc.admin.host = null (fallback to raft.grpc.server.host)
2023-06-23 15:09:02,427 [main] INFO  grpc.GrpcConfigKeys (ConfUtils.java:logGet(46)) - raft.grpc.admin.port = 15049 (custom)
2023-06-23 15:09:02,428 [main] INFO  grpc.GrpcConfigKeys (ConfUtils.java:logFallback(53)) - raft.grpc.client.host = null (fallback to raft.grpc.server.host)
2023-06-23 15:09:02,428 [main] INFO  grpc.GrpcConfigKeys (ConfUtils.java:logGet(46)) - raft.grpc.client.port = 15048 (custom)
2023-06-23 15:09:02,428 [main] INFO  grpc.GrpcConfigKeys (ConfUtils.java:logGet(46)) - raft.grpc.server.host = null (default)
2023-06-23 15:09:02,428 [main] INFO  grpc.GrpcConfigKeys (ConfUtils.java:logGet(46)) - raft.grpc.server.port = 15050 (custom)
2023-06-23 15:09:02,428 [main] INFO  server.GrpcService (ConfUtils.java:logGet(46)) - raft.grpc.message.size.max = 32MB (=33554432) (custom)
2023-06-23 15:09:02,428 [main] INFO  server.RaftServerConfigKeys (ConfUtils.java:logGet(46)) - raft.server.log.appender.buffer.byte-limit = 33554432 (custom)
2023-06-23 15:09:02,428 [main] INFO  server.GrpcService (ConfUtils.java:logGet(46)) - raft.grpc.flow.control.window = 5MB (=5242880) (custom)
2023-06-23 15:09:02,428 [main] INFO  server.RaftServerConfigKeys (ConfUtils.java:logGet(46)) - raft.server.rpc.request.timeout = 60s (custom)
2023-06-23 15:09:02,428 [main] INFO  grpc.GrpcConfigKeys (ConfUtils.java:logGet(46)) - raft.grpc.server.heartbeat.channel = true (default)
2023-06-23 15:09:02,428 [main] INFO  grpc.GrpcConfigKeys (ConfUtils.java:logGet(46)) - raft.grpc.server.async.request.thread.pool.cached = true (default)
2023-06-23 15:09:02,429 [main] INFO  grpc.GrpcConfigKeys (ConfUtils.java:logGet(46)) - raft.grpc.server.async.request.thread.pool.size = 32 (default)
2023-06-23 15:09:02,431 [main] INFO  impl.DataStreamServerImpl (ConfUtils.java:logGet(46)) - raft.datastream.type = NETTY (custom)
2023-06-23 15:09:02,431 [main] INFO  server.RaftServerConfigKeys (ConfUtils.java:logGet(46)) - raft.server.data-stream.async.request.thread.pool.cached = false (default)
2023-06-23 15:09:02,431 [main] INFO  server.RaftServerConfigKeys (ConfUtils.java:logGet(46)) - raft.server.data-stream.async.request.thread.pool.size = 20 (custom)
2023-06-23 15:09:02,432 [main] INFO  server.RaftServerConfigKeys (ConfUtils.java:logGet(46)) - raft.server.data-stream.async.write.thread.pool.size = 16 (default)
2023-06-23 15:09:02,432 [main] INFO  server.RaftServerConfigKeys (ConfUtils.java:logGet(46)) - raft.server.data-stream.client.pool.size = 10 (default)
2023-06-23 15:09:02,432 [main] INFO  netty.NettyConfigKeys$DataStream (ConfUtils.java:logGet(46)) - raft.netty.dataStream.server.use-epoll = false (default)
2023-06-23 15:09:02,432 [main] INFO  netty.NettyConfigKeys$DataStream (ConfUtils.java:logGet(46)) - raft.netty.dataStream.server.boss-group.size = 0 (default)
2023-06-23 15:09:02,432 [main] INFO  netty.NettyConfigKeys$DataStream (ConfUtils.java:logGet(46)) - raft.netty.dataStream.server.worker-group.size = 0 (default)
2023-06-23 15:09:02,433 [main] INFO  netty.NettyConfigKeys$DataStream (ConfUtils.java:logGet(46)) - raft.netty.dataStream.server.tls.conf = null (default)
2023-06-23 15:09:02,433 [main] INFO  netty.NettyConfigKeys$DataStream (ConfUtils.java:logGet(46)) - raft.netty.dataStream.host = null (default)
2023-06-23 15:09:02,433 [main] INFO  netty.NettyConfigKeys$DataStream (ConfUtils.java:logGet(46)) - raft.netty.dataStream.port = 15051 (custom)
2023-06-23 15:09:02,434 [main] INFO  server.RaftServerConfigKeys (ConfUtils.java:logGet(46)) - raft.server.threadpool.proxy.cached = true (default)
2023-06-23 15:09:02,434 [main] INFO  server.RaftServerConfigKeys (ConfUtils.java:logGet(46)) - raft.server.threadpool.proxy.size = 0 (default)
2023-06-23 15:09:02,434 [main] INFO  server.RaftServerConfigKeys (ConfUtils.java:logGet(46)) - raft.server.rpc.slowness.timeout = 300s (custom)
2023-06-23 15:09:02,434 [main] INFO  server.RaftServerConfigKeys (ConfUtils.java:logGet(46)) - raft.server.leaderelection.leader.step-down.wait-time = 10s (default)
2023-06-23 15:09:02,434 [main] INFO  server.RaftServerConfigKeys (ConfUtils.java:logGet(46)) - raft.server.storage.dir = [/home/runner/work/ozone/ozone/hadoop-ozone/integration-test/target/test-dir/MiniOzoneClusterImpl-741560ff-92e5-4b28-9778-2cf52193c8f3/datanode-4/data/ratis] (custom)
2023-06-23 15:09:02,436 [aaefd232-7c4e-4e5c-bf06-1f2dae2e69ed-NettyServerStreamRpc-bossGroup--thread1] INFO  logging.LoggingHandler (AbstractInternalLogger.java:log(148)) - [id: 0xf2b1626c] REGISTERED
2023-06-23 15:09:02,438 [main] INFO  server.XceiverServerGrpc (XceiverServerGrpc.java:<init>(132)) - GrpcServer channel type EpollServerSocketChannel
2023-06-23 15:09:02,439 [main] INFO  replication.ReplicationSupervisor (ReplicationSupervisor.java:nodeStateUpdated(305)) - Node state updated to IN_SERVICE, scaling executor pool size to 10
2023-06-23 15:09:02,441 [aaefd232-7c4e-4e5c-bf06-1f2dae2e69ed-NettyServerStreamRpc-bossGroup--thread1] INFO  logging.LoggingHandler (AbstractInternalLogger.java:log(148)) - [id: 0xf2b1626c] BIND: 0.0.0.0/0.0.0.0:15051
2023-06-23 15:09:02,441 [aaefd232-7c4e-4e5c-bf06-1f2dae2e69ed-NettyServerStreamRpc-bossGroup--thread1] INFO  logging.LoggingHandler (AbstractInternalLogger.java:log(148)) - [id: 0xf2b1626c, L:/0:0:0:0:0:0:0:0:15051] ACTIVE
2023-06-23 15:09:02,442 [main] INFO  http.BaseHttpServer (BaseHttpServer.java:newHttpServer2BuilderForOzone(224)) - Starting Web-server for hddsDatanode at: http://0.0.0.0:15045
2023-06-23 15:09:02,442 [main] INFO  http.BaseHttpServer (BaseHttpServer.java:<init>(111)) - Hadoop Security Enabled: false Ozone Security Enabled: false Ozone HTTP Security Enabled: false 
2023-06-23 15:09:02,444 [main] WARN  server.AuthenticationFilter (AuthenticationFilter.java:constructSecretProvider(240)) - Unable to initialize FileSignerSecretProvider, falling back to use random secrets. Reason: Could not read signature secret file: /home/runner/hadoop-http-auth-signature-secret
2023-06-23 15:09:02,444 [main] INFO  http.HttpRequestLog (HttpRequestLog.java:getRequestLog(86)) - Http request log for http.requests.hddsDatanode is not defined
2023-06-23 15:09:02,446 [main] INFO  http.HttpServer2 (HttpServer2.java:addGlobalFilter(1031)) - Added global filter 'safety' (class=org.apache.hadoop.hdds.server.http.HttpServer2$QuotingInputFilter)
2023-06-23 15:09:02,447 [main] INFO  http.HttpServer2 (HttpServer2.java:addFilter(1007)) - Added filter static_user_filter (class=org.apache.hadoop.http.lib.StaticUserWebFilter$StaticUserFilter) to context hddsDatanode
2023-06-23 15:09:02,447 [main] INFO  http.HttpServer2 (HttpServer2.java:addFilter(1015)) - Added filter static_user_filter (class=org.apache.hadoop.http.lib.StaticUserWebFilter$StaticUserFilter) to context static
2023-06-23 15:09:02,447 [main] INFO  http.HttpServer2 (HttpServer2.java:addFilter(1015)) - Added filter static_user_filter (class=org.apache.hadoop.http.lib.StaticUserWebFilter$StaticUserFilter) to context logs
2023-06-23 15:09:02,447 [main] INFO  http.BaseHttpServer (BaseHttpServer.java:<init>(190)) - HTTP server of hddsDatanode uses base directory /home/runner/work/ozone/ozone/hadoop-ozone/integration-test/target/test-dir/MiniOzoneClusterImpl-741560ff-92e5-4b28-9778-2cf52193c8f3/datanode-4/meta/webserver
2023-06-23 15:09:02,448 [main] INFO  http.HttpServer2 (HttpServer2.java:bindListener(1250)) - Jetty bound to port 15045
2023-06-23 15:09:02,448 [main] INFO  server.Server (Server.java:doStart(375)) - jetty-9.4.51.v20230217; built: 2023-02-17T08:19:37.309Z; git: b45c405e4544384de066f814ed42ae3dceacdd49; jvm 1.8.0_372-b07
2023-06-23 15:09:02,449 [main] INFO  server.session (DefaultSessionIdManager.java:doStart(334)) - DefaultSessionIdManager workerName=node0
2023-06-23 15:09:02,449 [main] INFO  server.session (DefaultSessionIdManager.java:doStart(339)) - No SessionScavenger set, using defaults
2023-06-23 15:09:02,449 [main] INFO  server.session (HouseKeeper.java:startScavenging(132)) - node0 Scavenging every 600000ms
2023-06-23 15:09:02,450 [main] INFO  handler.ContextHandler (ContextHandler.java:doStart(921)) - Started o.e.j.s.ServletContextHandler@4df01ae3{logs,/logs,file:///home/runner/work/ozone/ozone/hadoop-ozone/integration-test/target/log,AVAILABLE}
2023-06-23 15:09:02,451 [main] INFO  handler.ContextHandler (ContextHandler.java:doStart(921)) - Started o.e.j.s.ServletContextHandler@5318b279{static,/static,jar:file:/home/runner/.m2/repository/org/apache/ozone/hdds-container-service/1.4.0-SNAPSHOT/hdds-container-service-1.4.0-SNAPSHOT.jar!/webapps/static,AVAILABLE}
2023-06-23 15:09:02,656 [main] INFO  handler.ContextHandler (ContextHandler.java:doStart(921)) - Started o.e.j.w.WebAppContext@3ea833e5{hddsDatanode,/,file:///home/runner/work/ozone/ozone/hadoop-ozone/integration-test/target/tmp/kms/webapp/,AVAILABLE}{jar:file:/home/runner/.m2/repository/org/apache/ozone/hdds-container-service/1.4.0-SNAPSHOT/hdds-container-service-1.4.0-SNAPSHOT.jar!/webapps/hddsDatanode}
2023-06-23 15:09:02,658 [main] INFO  server.AbstractConnector (AbstractConnector.java:doStart(333)) - Started ServerConnector@74147f3e{HTTP/1.1, (http/1.1)}{0.0.0.0:15045}
2023-06-23 15:09:02,658 [main] INFO  server.Server (Server.java:doStart(415)) - Started @12222ms
2023-06-23 15:09:02,658 [main] WARN  impl.MetricsSystemImpl (MetricsSystemImpl.java:register(279)) - Sink prometheus already exists!
2023-06-23 15:09:02,659 [main] INFO  http.BaseHttpServer (BaseHttpServer.java:updateConnectorAddress(344)) - HTTP server of hddsDatanode listening at http://0.0.0.0:15045
2023-06-23 15:09:02,659 [main] INFO  ipc.CallQueueManager (CallQueueManager.java:<init>(90)) - Using callQueue: class java.util.concurrent.LinkedBlockingQueue, queueCapacity: 100, scheduler: class org.apache.hadoop.ipc.DefaultRpcScheduler, ipcBackoff: false.
2023-06-23 15:09:02,660 [Socket Reader #1 for port 15046] INFO  ipc.Server (Server.java:run(1319)) - Starting Socket Reader #1 for port 15046
2023-06-23 15:09:02,662 [Listener at 0.0.0.0/15046] INFO  hdds.HddsUtils (HddsUtils.java:preserveThreadName(848)) - Restoring thread name: main
2023-06-23 15:09:02,662 [main] INFO  ozone.HddsDatanodeService (HddsDatanodeService.java:start(335)) - Datanode start with admins: [runner]
2023-06-23 15:09:02,662 [main] INFO  ozone.HddsDatanodeClientProtocolServer (HddsDatanodeClientProtocolServer.java:start(72)) - RPC server for Client /0.0.0.0:15046
2023-06-23 15:09:02,662 [IPC Server Responder] INFO  ipc.Server (Server.java:run(1558)) - IPC Server Responder: starting
2023-06-23 15:09:02,662 [IPC Server listener on 15046] INFO  ipc.Server (Server.java:run(1398)) - IPC Server listener on 15046: starting
2023-06-23 15:09:02,663 [main] WARN  impl.MetricRegistriesImpl (MetricRegistriesImpl.java:addReporterRegistration(111)) - New reporters are added after registries were created. Some metrics will be missing from the reporter. Please add reporter before adding any new registry.
2023-06-23 15:09:02,663 [main] WARN  impl.MetricRegistriesImpl (MetricRegistriesImpl.java:addReporterRegistration(111)) - New reporters are added after registries were created. Some metrics will be missing from the reporter. Please add reporter before adding any new registry.
2023-06-23 15:09:02,663 [main] INFO  impl.MetricsSystemImpl (MetricsSystemImpl.java:init(158)) - HddsDatanode metrics system started (again)
2023-06-23 15:09:02,671 [Datanode State Machine Daemon Thread] INFO  statemachine.DatanodeStateMachine (DatanodeStateMachine.java:lambda$startDaemon$0(531)) - Ozone container server started.
2023-06-23 15:09:02,683 [Datanode State Machine Task Thread - 0] INFO  datanode.InitDatanodeState (InitDatanodeState.java:persistContainerDatanodeDetails(138)) - DatanodeDetails is persisted to /home/runner/work/ozone/ozone/hadoop-ozone/integration-test/target/test-dir/MiniOzoneClusterImpl-741560ff-92e5-4b28-9778-2cf52193c8f3/datanode-4/meta/datanode.id
2023-06-23 15:09:02,686 [main] INFO  ozone.HddsDatanodeService (HddsDatanodeService.java:start(257)) - HddsDatanodeService host:fv-az424-541.i1gjr3zuz4qevjy1zin2gin2ih.gx.internal.cloudapp.net ip:10.1.0.34
2023-06-23 15:09:02,707 [main] INFO  upgrade.AbstractLayoutVersionManager (AbstractLayoutVersionManager.java:init(83)) - Initializing Layout version manager with metadata layout = HADOOP_PRC_PORTS_IN_DATANODEDETAILS (version = 7), software layout = HADOOP_PRC_PORTS_IN_DATANODEDETAILS (version = 7)
2023-06-23 15:09:02,708 [main] INFO  statemachine.DatanodeStateMachine (DatanodeStateMachine.java:getEndPointTaskThreadPoolSize(279)) - Datanode State Machine Task Thread Pool size 2
2023-06-23 15:09:02,714 [main] INFO  volume.HddsVolume (HddsVolume.java:<init>(130)) - Creating HddsVolume: /home/runner/work/ozone/ozone/hadoop-ozone/integration-test/target/test-dir/MiniOzoneClusterImpl-741560ff-92e5-4b28-9778-2cf52193c8f3/datanode-5/data-0/containers/hdds of storage type : DISK capacity : 9223372036854775807
2023-06-23 15:09:02,714 [main] INFO  volume.MutableVolumeSet (MutableVolumeSet.java:initializeVolumeSet(175)) - Added Volume : /home/runner/work/ozone/ozone/hadoop-ozone/integration-test/target/test-dir/MiniOzoneClusterImpl-741560ff-92e5-4b28-9778-2cf52193c8f3/datanode-5/data-0/containers/hdds to VolumeSet
2023-06-23 15:09:02,714 [main] INFO  volume.ThrottledAsyncChecker (ThrottledAsyncChecker.java:schedule(141)) - Scheduling a check for /home/runner/work/ozone/ozone/hadoop-ozone/integration-test/target/test-dir/MiniOzoneClusterImpl-741560ff-92e5-4b28-9778-2cf52193c8f3/datanode-5/data-0/containers/hdds
2023-06-23 15:09:02,717 [main] INFO  volume.StorageVolumeChecker (StorageVolumeChecker.java:checkAllVolumes(202)) - Scheduled health check for volume /home/runner/work/ozone/ozone/hadoop-ozone/integration-test/target/test-dir/MiniOzoneClusterImpl-741560ff-92e5-4b28-9778-2cf52193c8f3/datanode-5/data-0/containers/hdds
2023-06-23 15:09:02,729 [main] INFO  volume.MutableVolumeSet (MutableVolumeSet.java:initializeVolumeSet(175)) - Added Volume : /home/runner/work/ozone/ozone/hadoop-ozone/integration-test/target/test-dir/MiniOzoneClusterImpl-741560ff-92e5-4b28-9778-2cf52193c8f3/datanode-5/data/ratis to VolumeSet
2023-06-23 15:09:02,729 [main] INFO  volume.ThrottledAsyncChecker (ThrottledAsyncChecker.java:schedule(141)) - Scheduling a check for /home/runner/work/ozone/ozone/hadoop-ozone/integration-test/target/test-dir/MiniOzoneClusterImpl-741560ff-92e5-4b28-9778-2cf52193c8f3/datanode-5/data/ratis
2023-06-23 15:09:02,729 [main] INFO  volume.StorageVolumeChecker (StorageVolumeChecker.java:checkAllVolumes(202)) - Scheduled health check for volume /home/runner/work/ozone/ozone/hadoop-ozone/integration-test/target/test-dir/MiniOzoneClusterImpl-741560ff-92e5-4b28-9778-2cf52193c8f3/datanode-5/data/ratis
2023-06-23 15:09:02,740 [Thread-238] INFO  ozoneimpl.ContainerReader (ContainerReader.java:readVolume(175)) - Finish verifying containers on volume /home/runner/work/ozone/ozone/hadoop-ozone/integration-test/target/test-dir/MiniOzoneClusterImpl-741560ff-92e5-4b28-9778-2cf52193c8f3/datanode-5/data-0/containers/hdds
2023-06-23 15:09:02,740 [main] INFO  ozoneimpl.OzoneContainer (OzoneContainer.java:buildContainerSet(316)) - Build ContainerSet costs 0s
2023-06-23 15:09:02,743 [main] INFO  server.RaftServer (ConfUtils.java:logGet(46)) - raft.rpc.type = GRPC (default)
2023-06-23 15:09:02,743 [main] INFO  grpc.GrpcConfigKeys (ConfUtils.java:logFallback(53)) - raft.grpc.admin.host = null (fallback to raft.grpc.server.host)
2023-06-23 15:09:02,743 [main] INFO  grpc.GrpcConfigKeys (ConfUtils.java:logGet(46)) - raft.grpc.admin.port = 15058 (custom)
2023-06-23 15:09:02,743 [main] INFO  grpc.GrpcConfigKeys (ConfUtils.java:logFallback(53)) - raft.grpc.client.host = null (fallback to raft.grpc.server.host)
2023-06-23 15:09:02,743 [main] INFO  grpc.GrpcConfigKeys (ConfUtils.java:logGet(46)) - raft.grpc.client.port = 15057 (custom)
2023-06-23 15:09:02,743 [main] INFO  grpc.GrpcConfigKeys (ConfUtils.java:logGet(46)) - raft.grpc.server.host = null (default)
2023-06-23 15:09:02,743 [main] INFO  grpc.GrpcConfigKeys (ConfUtils.java:logGet(46)) - raft.grpc.server.port = 15059 (custom)
2023-06-23 15:09:02,744 [main] INFO  server.GrpcService (ConfUtils.java:logGet(46)) - raft.grpc.message.size.max = 32MB (=33554432) (custom)
2023-06-23 15:09:02,744 [main] INFO  server.RaftServerConfigKeys (ConfUtils.java:logGet(46)) - raft.server.log.appender.buffer.byte-limit = 33554432 (custom)
2023-06-23 15:09:02,744 [main] INFO  server.GrpcService (ConfUtils.java:logGet(46)) - raft.grpc.flow.control.window = 5MB (=5242880) (custom)
2023-06-23 15:09:02,744 [main] INFO  server.RaftServerConfigKeys (ConfUtils.java:logGet(46)) - raft.server.rpc.request.timeout = 60s (custom)
2023-06-23 15:09:02,744 [main] INFO  grpc.GrpcConfigKeys (ConfUtils.java:logGet(46)) - raft.grpc.server.heartbeat.channel = true (default)
2023-06-23 15:09:02,744 [main] INFO  grpc.GrpcConfigKeys (ConfUtils.java:logGet(46)) - raft.grpc.server.async.request.thread.pool.cached = true (default)
2023-06-23 15:09:02,744 [main] INFO  grpc.GrpcConfigKeys (ConfUtils.java:logGet(46)) - raft.grpc.server.async.request.thread.pool.size = 32 (default)
2023-06-23 15:09:02,746 [main] INFO  impl.DataStreamServerImpl (ConfUtils.java:logGet(46)) - raft.datastream.type = NETTY (custom)
2023-06-23 15:09:02,747 [main] INFO  server.RaftServerConfigKeys (ConfUtils.java:logGet(46)) - raft.server.data-stream.async.request.thread.pool.cached = false (default)
2023-06-23 15:09:02,747 [main] INFO  server.RaftServerConfigKeys (ConfUtils.java:logGet(46)) - raft.server.data-stream.async.request.thread.pool.size = 20 (custom)
2023-06-23 15:09:02,747 [main] INFO  server.RaftServerConfigKeys (ConfUtils.java:logGet(46)) - raft.server.data-stream.async.write.thread.pool.size = 16 (default)
2023-06-23 15:09:02,747 [main] INFO  server.RaftServerConfigKeys (ConfUtils.java:logGet(46)) - raft.server.data-stream.client.pool.size = 10 (default)
2023-06-23 15:09:02,747 [main] INFO  netty.NettyConfigKeys$DataStream (ConfUtils.java:logGet(46)) - raft.netty.dataStream.server.use-epoll = false (default)
2023-06-23 15:09:02,747 [main] INFO  netty.NettyConfigKeys$DataStream (ConfUtils.java:logGet(46)) - raft.netty.dataStream.server.boss-group.size = 0 (default)
2023-06-23 15:09:02,748 [main] INFO  netty.NettyConfigKeys$DataStream (ConfUtils.java:logGet(46)) - raft.netty.dataStream.server.worker-group.size = 0 (default)
2023-06-23 15:09:02,748 [main] INFO  netty.NettyConfigKeys$DataStream (ConfUtils.java:logGet(46)) - raft.netty.dataStream.server.tls.conf = null (default)
2023-06-23 15:09:02,748 [main] INFO  netty.NettyConfigKeys$DataStream (ConfUtils.java:logGet(46)) - raft.netty.dataStream.host = null (default)
2023-06-23 15:09:02,748 [main] INFO  netty.NettyConfigKeys$DataStream (ConfUtils.java:logGet(46)) - raft.netty.dataStream.port = 15060 (custom)
2023-06-23 15:09:02,749 [main] INFO  server.RaftServerConfigKeys (ConfUtils.java:logGet(46)) - raft.server.threadpool.proxy.cached = true (default)
2023-06-23 15:09:02,749 [main] INFO  server.RaftServerConfigKeys (ConfUtils.java:logGet(46)) - raft.server.threadpool.proxy.size = 0 (default)
2023-06-23 15:09:02,749 [main] INFO  server.RaftServerConfigKeys (ConfUtils.java:logGet(46)) - raft.server.rpc.slowness.timeout = 300s (custom)
2023-06-23 15:09:02,749 [main] INFO  server.RaftServerConfigKeys (ConfUtils.java:logGet(46)) - raft.server.leaderelection.leader.step-down.wait-time = 10s (default)
2023-06-23 15:09:02,749 [main] INFO  server.RaftServerConfigKeys (ConfUtils.java:logGet(46)) - raft.server.storage.dir = [/home/runner/work/ozone/ozone/hadoop-ozone/integration-test/target/test-dir/MiniOzoneClusterImpl-741560ff-92e5-4b28-9778-2cf52193c8f3/datanode-5/data/ratis] (custom)
2023-06-23 15:09:02,752 [09b3ab32-5fcb-422b-914e-2ec4890cee3e-NettyServerStreamRpc-bossGroup--thread1] INFO  logging.LoggingHandler (AbstractInternalLogger.java:log(148)) - [id: 0x6249a574] REGISTERED
2023-06-23 15:09:02,752 [09b3ab32-5fcb-422b-914e-2ec4890cee3e-NettyServerStreamRpc-bossGroup--thread1] INFO  logging.LoggingHandler (AbstractInternalLogger.java:log(148)) - [id: 0x6249a574] BIND: 0.0.0.0/0.0.0.0:15060
2023-06-23 15:09:02,752 [09b3ab32-5fcb-422b-914e-2ec4890cee3e-NettyServerStreamRpc-bossGroup--thread1] INFO  logging.LoggingHandler (AbstractInternalLogger.java:log(148)) - [id: 0x6249a574, L:/0:0:0:0:0:0:0:0:15060] ACTIVE
2023-06-23 15:09:02,754 [main] INFO  server.XceiverServerGrpc (XceiverServerGrpc.java:<init>(132)) - GrpcServer channel type EpollServerSocketChannel
2023-06-23 15:09:02,755 [main] INFO  replication.ReplicationSupervisor (ReplicationSupervisor.java:nodeStateUpdated(305)) - Node state updated to IN_SERVICE, scaling executor pool size to 10
2023-06-23 15:09:02,760 [main] INFO  http.BaseHttpServer (BaseHttpServer.java:newHttpServer2BuilderForOzone(224)) - Starting Web-server for hddsDatanode at: http://0.0.0.0:15054
2023-06-23 15:09:02,760 [main] INFO  http.BaseHttpServer (BaseHttpServer.java:<init>(111)) - Hadoop Security Enabled: false Ozone Security Enabled: false Ozone HTTP Security Enabled: false 
2023-06-23 15:09:02,761 [main] WARN  server.AuthenticationFilter (AuthenticationFilter.java:constructSecretProvider(240)) - Unable to initialize FileSignerSecretProvider, falling back to use random secrets. Reason: Could not read signature secret file: /home/runner/hadoop-http-auth-signature-secret
2023-06-23 15:09:02,762 [main] INFO  http.HttpRequestLog (HttpRequestLog.java:getRequestLog(86)) - Http request log for http.requests.hddsDatanode is not defined
2023-06-23 15:09:02,763 [main] INFO  http.HttpServer2 (HttpServer2.java:addGlobalFilter(1031)) - Added global filter 'safety' (class=org.apache.hadoop.hdds.server.http.HttpServer2$QuotingInputFilter)
2023-06-23 15:09:02,764 [main] INFO  http.HttpServer2 (HttpServer2.java:addFilter(1007)) - Added filter static_user_filter (class=org.apache.hadoop.http.lib.StaticUserWebFilter$StaticUserFilter) to context hddsDatanode
2023-06-23 15:09:02,764 [main] INFO  http.HttpServer2 (HttpServer2.java:addFilter(1015)) - Added filter static_user_filter (class=org.apache.hadoop.http.lib.StaticUserWebFilter$StaticUserFilter) to context logs
2023-06-23 15:09:02,764 [main] INFO  http.HttpServer2 (HttpServer2.java:addFilter(1015)) - Added filter static_user_filter (class=org.apache.hadoop.http.lib.StaticUserWebFilter$StaticUserFilter) to context static
2023-06-23 15:09:02,765 [main] INFO  http.BaseHttpServer (BaseHttpServer.java:<init>(190)) - HTTP server of hddsDatanode uses base directory /home/runner/work/ozone/ozone/hadoop-ozone/integration-test/target/test-dir/MiniOzoneClusterImpl-741560ff-92e5-4b28-9778-2cf52193c8f3/datanode-5/meta/webserver
2023-06-23 15:09:02,765 [main] INFO  http.HttpServer2 (HttpServer2.java:bindListener(1250)) - Jetty bound to port 15054
2023-06-23 15:09:02,765 [main] INFO  server.Server (Server.java:doStart(375)) - jetty-9.4.51.v20230217; built: 2023-02-17T08:19:37.309Z; git: b45c405e4544384de066f814ed42ae3dceacdd49; jvm 1.8.0_372-b07
2023-06-23 15:09:02,766 [main] INFO  server.session (DefaultSessionIdManager.java:doStart(334)) - DefaultSessionIdManager workerName=node0
2023-06-23 15:09:02,766 [main] INFO  server.session (DefaultSessionIdManager.java:doStart(339)) - No SessionScavenger set, using defaults
2023-06-23 15:09:02,767 [main] INFO  server.session (HouseKeeper.java:startScavenging(132)) - node0 Scavenging every 600000ms
2023-06-23 15:09:02,767 [main] INFO  handler.ContextHandler (ContextHandler.java:doStart(921)) - Started o.e.j.s.ServletContextHandler@6ffb2f39{logs,/logs,file:///home/runner/work/ozone/ozone/hadoop-ozone/integration-test/target/log,AVAILABLE}
2023-06-23 15:09:02,768 [main] INFO  handler.ContextHandler (ContextHandler.java:doStart(921)) - Started o.e.j.s.ServletContextHandler@45d952a1{static,/static,jar:file:/home/runner/.m2/repository/org/apache/ozone/hdds-container-service/1.4.0-SNAPSHOT/hdds-container-service-1.4.0-SNAPSHOT.jar!/webapps/static,AVAILABLE}
2023-06-23 15:09:02,968 [main] INFO  handler.ContextHandler (ContextHandler.java:doStart(921)) - Started o.e.j.w.WebAppContext@64d7a2d8{hddsDatanode,/,file:///home/runner/work/ozone/ozone/hadoop-ozone/integration-test/target/tmp/kms/webapp/,AVAILABLE}{jar:file:/home/runner/.m2/repository/org/apache/ozone/hdds-container-service/1.4.0-SNAPSHOT/hdds-container-service-1.4.0-SNAPSHOT.jar!/webapps/hddsDatanode}
2023-06-23 15:09:02,970 [main] INFO  server.AbstractConnector (AbstractConnector.java:doStart(333)) - Started ServerConnector@1a711314{HTTP/1.1, (http/1.1)}{0.0.0.0:15054}
2023-06-23 15:09:02,970 [main] INFO  server.Server (Server.java:doStart(415)) - Started @12534ms
2023-06-23 15:09:02,970 [main] WARN  impl.MetricsSystemImpl (MetricsSystemImpl.java:register(279)) - Sink prometheus already exists!
2023-06-23 15:09:02,971 [main] INFO  http.BaseHttpServer (BaseHttpServer.java:updateConnectorAddress(344)) - HTTP server of hddsDatanode listening at http://0.0.0.0:15054
2023-06-23 15:09:02,971 [main] INFO  ipc.CallQueueManager (CallQueueManager.java:<init>(90)) - Using callQueue: class java.util.concurrent.LinkedBlockingQueue, queueCapacity: 100, scheduler: class org.apache.hadoop.ipc.DefaultRpcScheduler, ipcBackoff: false.
2023-06-23 15:09:02,972 [Socket Reader #1 for port 15055] INFO  ipc.Server (Server.java:run(1319)) - Starting Socket Reader #1 for port 15055
2023-06-23 15:09:02,976 [Listener at 0.0.0.0/15055] INFO  hdds.HddsUtils (HddsUtils.java:preserveThreadName(848)) - Restoring thread name: main
2023-06-23 15:09:02,976 [main] INFO  ozone.HddsDatanodeService (HddsDatanodeService.java:start(335)) - Datanode start with admins: [runner]
2023-06-23 15:09:02,976 [main] INFO  ozone.HddsDatanodeClientProtocolServer (HddsDatanodeClientProtocolServer.java:start(72)) - RPC server for Client /0.0.0.0:15055
2023-06-23 15:09:02,976 [IPC Server Responder] INFO  ipc.Server (Server.java:run(1558)) - IPC Server Responder: starting
2023-06-23 15:09:02,977 [IPC Server listener on 15055] INFO  ipc.Server (Server.java:run(1398)) - IPC Server listener on 15055: starting
2023-06-23 15:09:02,978 [Datanode State Machine Daemon Thread] INFO  statemachine.DatanodeStateMachine (DatanodeStateMachine.java:lambda$startDaemon$0(531)) - Ozone container server started.
2023-06-23 15:09:02,978 [main] WARN  impl.MetricRegistriesImpl (MetricRegistriesImpl.java:addReporterRegistration(111)) - New reporters are added after registries were created. Some metrics will be missing from the reporter. Please add reporter before adding any new registry.
2023-06-23 15:09:02,979 [main] WARN  impl.MetricRegistriesImpl (MetricRegistriesImpl.java:addReporterRegistration(111)) - New reporters are added after registries were created. Some metrics will be missing from the reporter. Please add reporter before adding any new registry.
2023-06-23 15:09:02,979 [main] INFO  impl.MetricsSystemImpl (MetricsSystemImpl.java:init(158)) - HddsDatanode metrics system started (again)
2023-06-23 15:09:02,998 [main] INFO  ozone.HddsDatanodeService (HddsDatanodeService.java:start(257)) - HddsDatanodeService host:fv-az424-541.i1gjr3zuz4qevjy1zin2gin2ih.gx.internal.cloudapp.net ip:10.1.0.34
2023-06-23 15:09:03,005 [Datanode State Machine Task Thread - 0] INFO  datanode.InitDatanodeState (InitDatanodeState.java:persistContainerDatanodeDetails(138)) - DatanodeDetails is persisted to /home/runner/work/ozone/ozone/hadoop-ozone/integration-test/target/test-dir/MiniOzoneClusterImpl-741560ff-92e5-4b28-9778-2cf52193c8f3/datanode-5/meta/datanode.id
2023-06-23 15:09:03,020 [main] INFO  upgrade.AbstractLayoutVersionManager (AbstractLayoutVersionManager.java:init(83)) - Initializing Layout version manager with metadata layout = HADOOP_PRC_PORTS_IN_DATANODEDETAILS (version = 7), software layout = HADOOP_PRC_PORTS_IN_DATANODEDETAILS (version = 7)
2023-06-23 15:09:03,020 [main] INFO  statemachine.DatanodeStateMachine (DatanodeStateMachine.java:getEndPointTaskThreadPoolSize(279)) - Datanode State Machine Task Thread Pool size 2
2023-06-23 15:09:03,022 [main] INFO  volume.HddsVolume (HddsVolume.java:<init>(130)) - Creating HddsVolume: /home/runner/work/ozone/ozone/hadoop-ozone/integration-test/target/test-dir/MiniOzoneClusterImpl-741560ff-92e5-4b28-9778-2cf52193c8f3/datanode-6/data-0/containers/hdds of storage type : DISK capacity : 9223372036854775807
2023-06-23 15:09:03,027 [main] INFO  volume.MutableVolumeSet (MutableVolumeSet.java:initializeVolumeSet(175)) - Added Volume : /home/runner/work/ozone/ozone/hadoop-ozone/integration-test/target/test-dir/MiniOzoneClusterImpl-741560ff-92e5-4b28-9778-2cf52193c8f3/datanode-6/data-0/containers/hdds to VolumeSet
2023-06-23 15:09:03,027 [main] INFO  volume.ThrottledAsyncChecker (ThrottledAsyncChecker.java:schedule(141)) - Scheduling a check for /home/runner/work/ozone/ozone/hadoop-ozone/integration-test/target/test-dir/MiniOzoneClusterImpl-741560ff-92e5-4b28-9778-2cf52193c8f3/datanode-6/data-0/containers/hdds
2023-06-23 15:09:03,028 [main] INFO  volume.StorageVolumeChecker (StorageVolumeChecker.java:checkAllVolumes(202)) - Scheduled health check for volume /home/runner/work/ozone/ozone/hadoop-ozone/integration-test/target/test-dir/MiniOzoneClusterImpl-741560ff-92e5-4b28-9778-2cf52193c8f3/datanode-6/data-0/containers/hdds
2023-06-23 15:09:03,041 [main] INFO  volume.MutableVolumeSet (MutableVolumeSet.java:initializeVolumeSet(175)) - Added Volume : /home/runner/work/ozone/ozone/hadoop-ozone/integration-test/target/test-dir/MiniOzoneClusterImpl-741560ff-92e5-4b28-9778-2cf52193c8f3/datanode-6/data/ratis to VolumeSet
2023-06-23 15:09:03,041 [main] INFO  volume.ThrottledAsyncChecker (ThrottledAsyncChecker.java:schedule(141)) - Scheduling a check for /home/runner/work/ozone/ozone/hadoop-ozone/integration-test/target/test-dir/MiniOzoneClusterImpl-741560ff-92e5-4b28-9778-2cf52193c8f3/datanode-6/data/ratis
2023-06-23 15:09:03,042 [main] INFO  volume.StorageVolumeChecker (StorageVolumeChecker.java:checkAllVolumes(202)) - Scheduled health check for volume /home/runner/work/ozone/ozone/hadoop-ozone/integration-test/target/test-dir/MiniOzoneClusterImpl-741560ff-92e5-4b28-9778-2cf52193c8f3/datanode-6/data/ratis
2023-06-23 15:09:03,053 [Thread-255] INFO  ozoneimpl.ContainerReader (ContainerReader.java:readVolume(175)) - Finish verifying containers on volume /home/runner/work/ozone/ozone/hadoop-ozone/integration-test/target/test-dir/MiniOzoneClusterImpl-741560ff-92e5-4b28-9778-2cf52193c8f3/datanode-6/data-0/containers/hdds
2023-06-23 15:09:03,053 [main] INFO  ozoneimpl.OzoneContainer (OzoneContainer.java:buildContainerSet(316)) - Build ContainerSet costs 0s
2023-06-23 15:09:03,056 [main] INFO  server.RaftServer (ConfUtils.java:logGet(46)) - raft.rpc.type = GRPC (default)
2023-06-23 15:09:03,056 [main] INFO  grpc.GrpcConfigKeys (ConfUtils.java:logFallback(53)) - raft.grpc.admin.host = null (fallback to raft.grpc.server.host)
2023-06-23 15:09:03,057 [main] INFO  grpc.GrpcConfigKeys (ConfUtils.java:logGet(46)) - raft.grpc.admin.port = 15067 (custom)
2023-06-23 15:09:03,057 [main] INFO  grpc.GrpcConfigKeys (ConfUtils.java:logFallback(53)) - raft.grpc.client.host = null (fallback to raft.grpc.server.host)
2023-06-23 15:09:03,057 [main] INFO  grpc.GrpcConfigKeys (ConfUtils.java:logGet(46)) - raft.grpc.client.port = 15066 (custom)
2023-06-23 15:09:03,057 [main] INFO  grpc.GrpcConfigKeys (ConfUtils.java:logGet(46)) - raft.grpc.server.host = null (default)
2023-06-23 15:09:03,057 [main] INFO  grpc.GrpcConfigKeys (ConfUtils.java:logGet(46)) - raft.grpc.server.port = 15068 (custom)
2023-06-23 15:09:03,057 [main] INFO  server.GrpcService (ConfUtils.java:logGet(46)) - raft.grpc.message.size.max = 32MB (=33554432) (custom)
2023-06-23 15:09:03,057 [main] INFO  server.RaftServerConfigKeys (ConfUtils.java:logGet(46)) - raft.server.log.appender.buffer.byte-limit = 33554432 (custom)
2023-06-23 15:09:03,057 [main] INFO  server.GrpcService (ConfUtils.java:logGet(46)) - raft.grpc.flow.control.window = 5MB (=5242880) (custom)
2023-06-23 15:09:03,057 [main] INFO  server.RaftServerConfigKeys (ConfUtils.java:logGet(46)) - raft.server.rpc.request.timeout = 60s (custom)
2023-06-23 15:09:03,057 [main] INFO  grpc.GrpcConfigKeys (ConfUtils.java:logGet(46)) - raft.grpc.server.heartbeat.channel = true (default)
2023-06-23 15:09:03,057 [main] INFO  grpc.GrpcConfigKeys (ConfUtils.java:logGet(46)) - raft.grpc.server.async.request.thread.pool.cached = true (default)
2023-06-23 15:09:03,058 [main] INFO  grpc.GrpcConfigKeys (ConfUtils.java:logGet(46)) - raft.grpc.server.async.request.thread.pool.size = 32 (default)
2023-06-23 15:09:03,060 [main] INFO  impl.DataStreamServerImpl (ConfUtils.java:logGet(46)) - raft.datastream.type = NETTY (custom)
2023-06-23 15:09:03,060 [main] INFO  server.RaftServerConfigKeys (ConfUtils.java:logGet(46)) - raft.server.data-stream.async.request.thread.pool.cached = false (default)
2023-06-23 15:09:03,060 [main] INFO  server.RaftServerConfigKeys (ConfUtils.java:logGet(46)) - raft.server.data-stream.async.request.thread.pool.size = 20 (custom)
2023-06-23 15:09:03,060 [main] INFO  server.RaftServerConfigKeys (ConfUtils.java:logGet(46)) - raft.server.data-stream.async.write.thread.pool.size = 16 (default)
2023-06-23 15:09:03,060 [main] INFO  server.RaftServerConfigKeys (ConfUtils.java:logGet(46)) - raft.server.data-stream.client.pool.size = 10 (default)
2023-06-23 15:09:03,061 [main] INFO  netty.NettyConfigKeys$DataStream (ConfUtils.java:logGet(46)) - raft.netty.dataStream.server.use-epoll = false (default)
2023-06-23 15:09:03,061 [main] INFO  netty.NettyConfigKeys$DataStream (ConfUtils.java:logGet(46)) - raft.netty.dataStream.server.boss-group.size = 0 (default)
2023-06-23 15:09:03,061 [main] INFO  netty.NettyConfigKeys$DataStream (ConfUtils.java:logGet(46)) - raft.netty.dataStream.server.worker-group.size = 0 (default)
2023-06-23 15:09:03,061 [main] INFO  netty.NettyConfigKeys$DataStream (ConfUtils.java:logGet(46)) - raft.netty.dataStream.server.tls.conf = null (default)
2023-06-23 15:09:03,061 [main] INFO  netty.NettyConfigKeys$DataStream (ConfUtils.java:logGet(46)) - raft.netty.dataStream.host = null (default)
2023-06-23 15:09:03,062 [main] INFO  netty.NettyConfigKeys$DataStream (ConfUtils.java:logGet(46)) - raft.netty.dataStream.port = 15069 (custom)
2023-06-23 15:09:03,063 [main] INFO  server.RaftServerConfigKeys (ConfUtils.java:logGet(46)) - raft.server.threadpool.proxy.cached = true (default)
2023-06-23 15:09:03,064 [main] INFO  server.RaftServerConfigKeys (ConfUtils.java:logGet(46)) - raft.server.threadpool.proxy.size = 0 (default)
2023-06-23 15:09:03,064 [main] INFO  server.RaftServerConfigKeys (ConfUtils.java:logGet(46)) - raft.server.rpc.slowness.timeout = 300s (custom)
2023-06-23 15:09:03,064 [8f274f01-9fb1-4f6a-9095-80f32b07f498-NettyServerStreamRpc-bossGroup--thread1] INFO  logging.LoggingHandler (AbstractInternalLogger.java:log(148)) - [id: 0xdfda4ae2] REGISTERED
2023-06-23 15:09:03,065 [main] INFO  server.RaftServerConfigKeys (ConfUtils.java:logGet(46)) - raft.server.leaderelection.leader.step-down.wait-time = 10s (default)
2023-06-23 15:09:03,065 [main] INFO  server.RaftServerConfigKeys (ConfUtils.java:logGet(46)) - raft.server.storage.dir = [/home/runner/work/ozone/ozone/hadoop-ozone/integration-test/target/test-dir/MiniOzoneClusterImpl-741560ff-92e5-4b28-9778-2cf52193c8f3/datanode-6/data/ratis] (custom)
2023-06-23 15:09:03,066 [8f274f01-9fb1-4f6a-9095-80f32b07f498-NettyServerStreamRpc-bossGroup--thread1] INFO  logging.LoggingHandler (AbstractInternalLogger.java:log(148)) - [id: 0xdfda4ae2] BIND: 0.0.0.0/0.0.0.0:15069
2023-06-23 15:09:03,066 [8f274f01-9fb1-4f6a-9095-80f32b07f498-NettyServerStreamRpc-bossGroup--thread1] INFO  logging.LoggingHandler (AbstractInternalLogger.java:log(148)) - [id: 0xdfda4ae2, L:/0:0:0:0:0:0:0:0:15069] ACTIVE
2023-06-23 15:09:03,066 [main] INFO  server.XceiverServerGrpc (XceiverServerGrpc.java:<init>(132)) - GrpcServer channel type EpollServerSocketChannel
2023-06-23 15:09:03,070 [main] INFO  replication.ReplicationSupervisor (ReplicationSupervisor.java:nodeStateUpdated(305)) - Node state updated to IN_SERVICE, scaling executor pool size to 10
2023-06-23 15:09:03,073 [main] INFO  http.BaseHttpServer (BaseHttpServer.java:newHttpServer2BuilderForOzone(224)) - Starting Web-server for hddsDatanode at: http://0.0.0.0:15063
2023-06-23 15:09:03,073 [main] INFO  http.BaseHttpServer (BaseHttpServer.java:<init>(111)) - Hadoop Security Enabled: false Ozone Security Enabled: false Ozone HTTP Security Enabled: false 
2023-06-23 15:09:03,074 [main] WARN  server.AuthenticationFilter (AuthenticationFilter.java:constructSecretProvider(240)) - Unable to initialize FileSignerSecretProvider, falling back to use random secrets. Reason: Could not read signature secret file: /home/runner/hadoop-http-auth-signature-secret
2023-06-23 15:09:03,075 [main] INFO  http.HttpRequestLog (HttpRequestLog.java:getRequestLog(86)) - Http request log for http.requests.hddsDatanode is not defined
2023-06-23 15:09:03,076 [main] INFO  http.HttpServer2 (HttpServer2.java:addGlobalFilter(1031)) - Added global filter 'safety' (class=org.apache.hadoop.hdds.server.http.HttpServer2$QuotingInputFilter)
2023-06-23 15:09:03,077 [main] INFO  http.HttpServer2 (HttpServer2.java:addFilter(1007)) - Added filter static_user_filter (class=org.apache.hadoop.http.lib.StaticUserWebFilter$StaticUserFilter) to context hddsDatanode
2023-06-23 15:09:03,077 [main] INFO  http.HttpServer2 (HttpServer2.java:addFilter(1015)) - Added filter static_user_filter (class=org.apache.hadoop.http.lib.StaticUserWebFilter$StaticUserFilter) to context static
2023-06-23 15:09:03,077 [main] INFO  http.HttpServer2 (HttpServer2.java:addFilter(1015)) - Added filter static_user_filter (class=org.apache.hadoop.http.lib.StaticUserWebFilter$StaticUserFilter) to context logs
2023-06-23 15:09:03,077 [main] INFO  http.BaseHttpServer (BaseHttpServer.java:<init>(190)) - HTTP server of hddsDatanode uses base directory /home/runner/work/ozone/ozone/hadoop-ozone/integration-test/target/test-dir/MiniOzoneClusterImpl-741560ff-92e5-4b28-9778-2cf52193c8f3/datanode-6/meta/webserver
2023-06-23 15:09:03,078 [main] INFO  http.HttpServer2 (HttpServer2.java:bindListener(1250)) - Jetty bound to port 15063
2023-06-23 15:09:03,078 [main] INFO  server.Server (Server.java:doStart(375)) - jetty-9.4.51.v20230217; built: 2023-02-17T08:19:37.309Z; git: b45c405e4544384de066f814ed42ae3dceacdd49; jvm 1.8.0_372-b07
2023-06-23 15:09:03,084 [main] INFO  server.session (DefaultSessionIdManager.java:doStart(334)) - DefaultSessionIdManager workerName=node0
2023-06-23 15:09:03,085 [main] INFO  server.session (DefaultSessionIdManager.java:doStart(339)) - No SessionScavenger set, using defaults
2023-06-23 15:09:03,085 [main] INFO  server.session (HouseKeeper.java:startScavenging(132)) - node0 Scavenging every 600000ms
2023-06-23 15:09:03,085 [main] INFO  handler.ContextHandler (ContextHandler.java:doStart(921)) - Started o.e.j.s.ServletContextHandler@7382ccea{logs,/logs,file:///home/runner/work/ozone/ozone/hadoop-ozone/integration-test/target/log,AVAILABLE}
2023-06-23 15:09:03,086 [main] INFO  handler.ContextHandler (ContextHandler.java:doStart(921)) - Started o.e.j.s.ServletContextHandler@1221d181{static,/static,jar:file:/home/runner/.m2/repository/org/apache/ozone/hdds-container-service/1.4.0-SNAPSHOT/hdds-container-service-1.4.0-SNAPSHOT.jar!/webapps/static,AVAILABLE}
2023-06-23 15:09:03,392 [main] INFO  handler.ContextHandler (ContextHandler.java:doStart(921)) - Started o.e.j.w.WebAppContext@192baa3d{hddsDatanode,/,file:///home/runner/work/ozone/ozone/hadoop-ozone/integration-test/target/tmp/kms/webapp/,AVAILABLE}{jar:file:/home/runner/.m2/repository/org/apache/ozone/hdds-container-service/1.4.0-SNAPSHOT/hdds-container-service-1.4.0-SNAPSHOT.jar!/webapps/hddsDatanode}
2023-06-23 15:09:03,400 [EndpointStateMachine task thread for /0.0.0.0:15002 - 0 ] INFO  utils.DatanodeStoreCache (DatanodeStoreCache.java:addDB(66)) - Added db /home/runner/work/ozone/ozone/hadoop-ozone/integration-test/target/test-dir/MiniOzoneClusterImpl-741560ff-92e5-4b28-9778-2cf52193c8f3/datanode-0/data-0/containers/hdds/741560ff-92e5-4b28-9778-2cf52193c8f3/DS-884a61c2-a02c-4cd2-86c2-7136fbe2dda6/container.db to cache
2023-06-23 15:09:03,400 [EndpointStateMachine task thread for /0.0.0.0:15002 - 0 ] INFO  volume.HddsVolume (HddsVolume.java:createDbStore(350)) - SchemaV3 db is created and loaded at /home/runner/work/ozone/ozone/hadoop-ozone/integration-test/target/test-dir/MiniOzoneClusterImpl-741560ff-92e5-4b28-9778-2cf52193c8f3/datanode-0/data-0/containers/hdds/741560ff-92e5-4b28-9778-2cf52193c8f3/DS-884a61c2-a02c-4cd2-86c2-7136fbe2dda6/container.db for volume DS-884a61c2-a02c-4cd2-86c2-7136fbe2dda6
2023-06-23 15:09:03,401 [main] INFO  server.AbstractConnector (AbstractConnector.java:doStart(333)) - Started ServerConnector@2a5a2cbc{HTTP/1.1, (http/1.1)}{0.0.0.0:15063}
2023-06-23 15:09:03,401 [main] INFO  server.Server (Server.java:doStart(415)) - Started @12964ms
2023-06-23 15:09:03,401 [main] WARN  impl.MetricsSystemImpl (MetricsSystemImpl.java:register(279)) - Sink prometheus already exists!
2023-06-23 15:09:03,402 [main] INFO  http.BaseHttpServer (BaseHttpServer.java:updateConnectorAddress(344)) - HTTP server of hddsDatanode listening at http://0.0.0.0:15063
2023-06-23 15:09:03,402 [main] INFO  ipc.CallQueueManager (CallQueueManager.java:<init>(90)) - Using callQueue: class java.util.concurrent.LinkedBlockingQueue, queueCapacity: 100, scheduler: class org.apache.hadoop.ipc.DefaultRpcScheduler, ipcBackoff: false.
2023-06-23 15:09:03,403 [Socket Reader #1 for port 15064] INFO  ipc.Server (Server.java:run(1319)) - Starting Socket Reader #1 for port 15064
2023-06-23 15:09:03,411 [Listener at 0.0.0.0/15064] INFO  hdds.HddsUtils (HddsUtils.java:preserveThreadName(848)) - Restoring thread name: main
2023-06-23 15:09:03,415 [main] INFO  ozone.HddsDatanodeService (HddsDatanodeService.java:start(335)) - Datanode start with admins: [runner]
2023-06-23 15:09:03,416 [main] INFO  ozone.HddsDatanodeClientProtocolServer (HddsDatanodeClientProtocolServer.java:start(72)) - RPC server for Client /0.0.0.0:15064
2023-06-23 15:09:03,409 [EndpointStateMachine task thread for /0.0.0.0:15002 - 0 ] INFO  ozoneimpl.OzoneContainer (OzoneContainer.java:start(419)) - Attempting to start container services.
2023-06-23 15:09:03,416 [IPC Server Responder] INFO  ipc.Server (Server.java:run(1558)) - IPC Server Responder: starting
2023-06-23 15:09:03,417 [IPC Server listener on 15064] INFO  ipc.Server (Server.java:run(1398)) - IPC Server listener on 15064: starting
2023-06-23 15:09:03,419 [main] WARN  impl.MetricRegistriesImpl (MetricRegistriesImpl.java:addReporterRegistration(111)) - New reporters are added after registries were created. Some metrics will be missing from the reporter. Please add reporter before adding any new registry.
2023-06-23 15:09:03,419 [main] WARN  impl.MetricRegistriesImpl (MetricRegistriesImpl.java:addReporterRegistration(111)) - New reporters are added after registries were created. Some metrics will be missing from the reporter. Please add reporter before adding any new registry.
2023-06-23 15:09:03,419 [main] INFO  impl.MetricsSystemImpl (MetricsSystemImpl.java:init(158)) - HddsDatanode metrics system started (again)
2023-06-23 15:09:03,426 [Datanode State Machine Daemon Thread] INFO  statemachine.DatanodeStateMachine (DatanodeStateMachine.java:lambda$startDaemon$0(531)) - Ozone container server started.
2023-06-23 15:09:03,429 [EndpointStateMachine task thread for /0.0.0.0:15002 - 0 ] INFO  ozoneimpl.OzoneContainer (OzoneContainer.java:startContainerScrub(327)) - Scheduled background container scanners and the on-demand container scanner have been disabled.
2023-06-23 15:09:03,440 [EndpointStateMachine task thread for /0.0.0.0:15002 - 0 ] INFO  replication.ReplicationServer (ReplicationServer.java:start(128)) - ReplicationServer is started using port 15016
2023-06-23 15:09:03,440 [EndpointStateMachine task thread for /0.0.0.0:15002 - 0 ] INFO  ratis.XceiverServerRatis (XceiverServerRatis.java:start(517)) - Starting XceiverServerRatis 3d425f4c-b0a3-4337-aec0-a29136ea4685
2023-06-23 15:09:03,442 [main] INFO  ozone.HddsDatanodeService (HddsDatanodeService.java:start(257)) - HddsDatanodeService host:fv-az424-541.i1gjr3zuz4qevjy1zin2gin2ih.gx.internal.cloudapp.net ip:10.1.0.34
2023-06-23 15:09:03,446 [Datanode State Machine Task Thread - 0] INFO  datanode.InitDatanodeState (InitDatanodeState.java:persistContainerDatanodeDetails(138)) - DatanodeDetails is persisted to /home/runner/work/ozone/ozone/hadoop-ozone/integration-test/target/test-dir/MiniOzoneClusterImpl-741560ff-92e5-4b28-9778-2cf52193c8f3/datanode-6/meta/datanode.id
2023-06-23 15:09:03,455 [EndpointStateMachine task thread for /0.0.0.0:15002 - 0 ] INFO  server.RaftServer (RaftServerProxy.java:startImpl(400)) - 3d425f4c-b0a3-4337-aec0-a29136ea4685: start RPC server
2023-06-23 15:09:03,467 [EndpointStateMachine task thread for /0.0.0.0:15002 - 0 ] INFO  server.GrpcService (GrpcService.java:startImpl(302)) - 3d425f4c-b0a3-4337-aec0-a29136ea4685: GrpcService started, listening on 15012
2023-06-23 15:09:03,469 [EndpointStateMachine task thread for /0.0.0.0:15002 - 0 ] INFO  server.GrpcService (GrpcService.java:startImpl(302)) - 3d425f4c-b0a3-4337-aec0-a29136ea4685: GrpcService started, listening on 15014
2023-06-23 15:09:03,473 [EndpointStateMachine task thread for /0.0.0.0:15002 - 0 ] INFO  server.GrpcService (GrpcService.java:startImpl(302)) - 3d425f4c-b0a3-4337-aec0-a29136ea4685: GrpcService started, listening on 15013
2023-06-23 15:09:03,474 [EndpointStateMachine task thread for /0.0.0.0:15002 - 0 ] INFO  ratis.XceiverServerRatis (XceiverServerRatis.java:getRealPort(543)) - XceiverServerRatis 3d425f4c-b0a3-4337-aec0-a29136ea4685 is started using port 15012 for RATIS
2023-06-23 15:09:03,474 [EndpointStateMachine task thread for /0.0.0.0:15002 - 0 ] INFO  ratis.XceiverServerRatis (XceiverServerRatis.java:getRealPort(543)) - XceiverServerRatis 3d425f4c-b0a3-4337-aec0-a29136ea4685 is started using port 15013 for RATIS_ADMIN
2023-06-23 15:09:03,474 [EndpointStateMachine task thread for /0.0.0.0:15002 - 0 ] INFO  ratis.XceiverServerRatis (XceiverServerRatis.java:getRealPort(543)) - XceiverServerRatis 3d425f4c-b0a3-4337-aec0-a29136ea4685 is started using port 15014 for RATIS_SERVER
2023-06-23 15:09:03,474 [EndpointStateMachine task thread for /0.0.0.0:15002 - 0 ] INFO  ratis.XceiverServerRatis (XceiverServerRatis.java:getRealPort(543)) - XceiverServerRatis 3d425f4c-b0a3-4337-aec0-a29136ea4685 is started using port 15015 for RATIS_DATASTREAM
2023-06-23 15:09:03,475 [JvmPauseMonitor2] INFO  util.JvmPauseMonitor (JvmPauseMonitor.java:run(103)) - JvmPauseMonitor-3d425f4c-b0a3-4337-aec0-a29136ea4685: Started
2023-06-23 15:09:03,479 [main] INFO  upgrade.AbstractLayoutVersionManager (AbstractLayoutVersionManager.java:init(83)) - Initializing Layout version manager with metadata layout = HADOOP_PRC_PORTS_IN_DATANODEDETAILS (version = 7), software layout = HADOOP_PRC_PORTS_IN_DATANODEDETAILS (version = 7)
2023-06-23 15:09:03,479 [main] INFO  statemachine.DatanodeStateMachine (DatanodeStateMachine.java:getEndPointTaskThreadPoolSize(279)) - Datanode State Machine Task Thread Pool size 2
2023-06-23 15:09:03,488 [main] INFO  volume.HddsVolume (HddsVolume.java:<init>(130)) - Creating HddsVolume: /home/runner/work/ozone/ozone/hadoop-ozone/integration-test/target/test-dir/MiniOzoneClusterImpl-741560ff-92e5-4b28-9778-2cf52193c8f3/datanode-7/data-0/containers/hdds of storage type : DISK capacity : 9223372036854775807
2023-06-23 15:09:03,488 [main] INFO  volume.MutableVolumeSet (MutableVolumeSet.java:initializeVolumeSet(175)) - Added Volume : /home/runner/work/ozone/ozone/hadoop-ozone/integration-test/target/test-dir/MiniOzoneClusterImpl-741560ff-92e5-4b28-9778-2cf52193c8f3/datanode-7/data-0/containers/hdds to VolumeSet
2023-06-23 15:09:03,488 [main] INFO  volume.ThrottledAsyncChecker (ThrottledAsyncChecker.java:schedule(141)) - Scheduling a check for /home/runner/work/ozone/ozone/hadoop-ozone/integration-test/target/test-dir/MiniOzoneClusterImpl-741560ff-92e5-4b28-9778-2cf52193c8f3/datanode-7/data-0/containers/hdds
2023-06-23 15:09:03,489 [main] INFO  volume.StorageVolumeChecker (StorageVolumeChecker.java:checkAllVolumes(202)) - Scheduled health check for volume /home/runner/work/ozone/ozone/hadoop-ozone/integration-test/target/test-dir/MiniOzoneClusterImpl-741560ff-92e5-4b28-9778-2cf52193c8f3/datanode-7/data-0/containers/hdds
2023-06-23 15:09:03,493 [BlockDeletingService#0] INFO  interfaces.ContainerDeletionChoosingPolicyTemplate (ContainerDeletionChoosingPolicyTemplate.java:chooseContainerForBlockDeletion(83)) - Chosen 0/5000 blocks from 0 candidate containers.
2023-06-23 15:09:03,504 [main] INFO  volume.MutableVolumeSet (MutableVolumeSet.java:initializeVolumeSet(175)) - Added Volume : /home/runner/work/ozone/ozone/hadoop-ozone/integration-test/target/test-dir/MiniOzoneClusterImpl-741560ff-92e5-4b28-9778-2cf52193c8f3/datanode-7/data/ratis to VolumeSet
2023-06-23 15:09:03,504 [main] INFO  volume.ThrottledAsyncChecker (ThrottledAsyncChecker.java:schedule(141)) - Scheduling a check for /home/runner/work/ozone/ozone/hadoop-ozone/integration-test/target/test-dir/MiniOzoneClusterImpl-741560ff-92e5-4b28-9778-2cf52193c8f3/datanode-7/data/ratis
2023-06-23 15:09:03,505 [main] INFO  volume.StorageVolumeChecker (StorageVolumeChecker.java:checkAllVolumes(202)) - Scheduled health check for volume /home/runner/work/ozone/ozone/hadoop-ozone/integration-test/target/test-dir/MiniOzoneClusterImpl-741560ff-92e5-4b28-9778-2cf52193c8f3/datanode-7/data/ratis
2023-06-23 15:09:03,516 [Thread-278] INFO  ozoneimpl.ContainerReader (ContainerReader.java:readVolume(175)) - Finish verifying containers on volume /home/runner/work/ozone/ozone/hadoop-ozone/integration-test/target/test-dir/MiniOzoneClusterImpl-741560ff-92e5-4b28-9778-2cf52193c8f3/datanode-7/data-0/containers/hdds
2023-06-23 15:09:03,516 [main] INFO  ozoneimpl.OzoneContainer (OzoneContainer.java:buildContainerSet(316)) - Build ContainerSet costs 0s
2023-06-23 15:09:03,519 [main] INFO  server.RaftServer (ConfUtils.java:logGet(46)) - raft.rpc.type = GRPC (default)
2023-06-23 15:09:03,520 [main] INFO  grpc.GrpcConfigKeys (ConfUtils.java:logFallback(53)) - raft.grpc.admin.host = null (fallback to raft.grpc.server.host)
2023-06-23 15:09:03,520 [main] INFO  grpc.GrpcConfigKeys (ConfUtils.java:logGet(46)) - raft.grpc.admin.port = 15076 (custom)
2023-06-23 15:09:03,520 [main] INFO  grpc.GrpcConfigKeys (ConfUtils.java:logFallback(53)) - raft.grpc.client.host = null (fallback to raft.grpc.server.host)
2023-06-23 15:09:03,520 [main] INFO  grpc.GrpcConfigKeys (ConfUtils.java:logGet(46)) - raft.grpc.client.port = 15075 (custom)
2023-06-23 15:09:03,520 [main] INFO  grpc.GrpcConfigKeys (ConfUtils.java:logGet(46)) - raft.grpc.server.host = null (default)
2023-06-23 15:09:03,520 [main] INFO  grpc.GrpcConfigKeys (ConfUtils.java:logGet(46)) - raft.grpc.server.port = 15077 (custom)
2023-06-23 15:09:03,520 [main] INFO  server.GrpcService (ConfUtils.java:logGet(46)) - raft.grpc.message.size.max = 32MB (=33554432) (custom)
2023-06-23 15:09:03,520 [main] INFO  server.RaftServerConfigKeys (ConfUtils.java:logGet(46)) - raft.server.log.appender.buffer.byte-limit = 33554432 (custom)
2023-06-23 15:09:03,520 [main] INFO  server.GrpcService (ConfUtils.java:logGet(46)) - raft.grpc.flow.control.window = 5MB (=5242880) (custom)
2023-06-23 15:09:03,520 [main] INFO  server.RaftServerConfigKeys (ConfUtils.java:logGet(46)) - raft.server.rpc.request.timeout = 60s (custom)
2023-06-23 15:09:03,521 [main] INFO  grpc.GrpcConfigKeys (ConfUtils.java:logGet(46)) - raft.grpc.server.heartbeat.channel = true (default)
2023-06-23 15:09:03,521 [main] INFO  grpc.GrpcConfigKeys (ConfUtils.java:logGet(46)) - raft.grpc.server.async.request.thread.pool.cached = true (default)
2023-06-23 15:09:03,521 [main] INFO  grpc.GrpcConfigKeys (ConfUtils.java:logGet(46)) - raft.grpc.server.async.request.thread.pool.size = 32 (default)
2023-06-23 15:09:03,523 [main] INFO  impl.DataStreamServerImpl (ConfUtils.java:logGet(46)) - raft.datastream.type = NETTY (custom)
2023-06-23 15:09:03,523 [main] INFO  server.RaftServerConfigKeys (ConfUtils.java:logGet(46)) - raft.server.data-stream.async.request.thread.pool.cached = false (default)
2023-06-23 15:09:03,523 [main] INFO  server.RaftServerConfigKeys (ConfUtils.java:logGet(46)) - raft.server.data-stream.async.request.thread.pool.size = 20 (custom)
2023-06-23 15:09:03,523 [main] INFO  server.RaftServerConfigKeys (ConfUtils.java:logGet(46)) - raft.server.data-stream.async.write.thread.pool.size = 16 (default)
2023-06-23 15:09:03,523 [main] INFO  server.RaftServerConfigKeys (ConfUtils.java:logGet(46)) - raft.server.data-stream.client.pool.size = 10 (default)
2023-06-23 15:09:03,524 [main] INFO  netty.NettyConfigKeys$DataStream (ConfUtils.java:logGet(46)) - raft.netty.dataStream.server.use-epoll = false (default)
2023-06-23 15:09:03,524 [main] INFO  netty.NettyConfigKeys$DataStream (ConfUtils.java:logGet(46)) - raft.netty.dataStream.server.boss-group.size = 0 (default)
2023-06-23 15:09:03,524 [main] INFO  netty.NettyConfigKeys$DataStream (ConfUtils.java:logGet(46)) - raft.netty.dataStream.server.worker-group.size = 0 (default)
2023-06-23 15:09:03,524 [main] INFO  netty.NettyConfigKeys$DataStream (ConfUtils.java:logGet(46)) - raft.netty.dataStream.server.tls.conf = null (default)
2023-06-23 15:09:03,525 [main] INFO  netty.NettyConfigKeys$DataStream (ConfUtils.java:logGet(46)) - raft.netty.dataStream.host = null (default)
2023-06-23 15:09:03,525 [main] INFO  netty.NettyConfigKeys$DataStream (ConfUtils.java:logGet(46)) - raft.netty.dataStream.port = 15078 (custom)
2023-06-23 15:09:03,525 [main] INFO  server.RaftServerConfigKeys (ConfUtils.java:logGet(46)) - raft.server.threadpool.proxy.cached = true (default)
2023-06-23 15:09:03,525 [main] INFO  server.RaftServerConfigKeys (ConfUtils.java:logGet(46)) - raft.server.threadpool.proxy.size = 0 (default)
2023-06-23 15:09:03,525 [main] INFO  server.RaftServerConfigKeys (ConfUtils.java:logGet(46)) - raft.server.rpc.slowness.timeout = 300s (custom)
2023-06-23 15:09:03,525 [main] INFO  server.RaftServerConfigKeys (ConfUtils.java:logGet(46)) - raft.server.leaderelection.leader.step-down.wait-time = 10s (default)
2023-06-23 15:09:03,526 [main] INFO  server.RaftServerConfigKeys (ConfUtils.java:logGet(46)) - raft.server.storage.dir = [/home/runner/work/ozone/ozone/hadoop-ozone/integration-test/target/test-dir/MiniOzoneClusterImpl-741560ff-92e5-4b28-9778-2cf52193c8f3/datanode-7/data/ratis] (custom)
2023-06-23 15:09:03,530 [main] INFO  server.XceiverServerGrpc (XceiverServerGrpc.java:<init>(132)) - GrpcServer channel type EpollServerSocketChannel
2023-06-23 15:09:03,531 [9f5088ea-8577-40bb-8f98-2a64f0190639-NettyServerStreamRpc-bossGroup--thread1] INFO  logging.LoggingHandler (AbstractInternalLogger.java:log(148)) - [id: 0x5f61dc87] REGISTERED
2023-06-23 15:09:03,531 [9f5088ea-8577-40bb-8f98-2a64f0190639-NettyServerStreamRpc-bossGroup--thread1] INFO  logging.LoggingHandler (AbstractInternalLogger.java:log(148)) - [id: 0x5f61dc87] BIND: 0.0.0.0/0.0.0.0:15078
2023-06-23 15:09:03,531 [9f5088ea-8577-40bb-8f98-2a64f0190639-NettyServerStreamRpc-bossGroup--thread1] INFO  logging.LoggingHandler (AbstractInternalLogger.java:log(148)) - [id: 0x5f61dc87, L:/0:0:0:0:0:0:0:0:15078] ACTIVE
2023-06-23 15:09:03,532 [main] INFO  replication.ReplicationSupervisor (ReplicationSupervisor.java:nodeStateUpdated(305)) - Node state updated to IN_SERVICE, scaling executor pool size to 10
2023-06-23 15:09:03,534 [main] INFO  http.BaseHttpServer (BaseHttpServer.java:newHttpServer2BuilderForOzone(224)) - Starting Web-server for hddsDatanode at: http://0.0.0.0:15072
2023-06-23 15:09:03,534 [main] INFO  http.BaseHttpServer (BaseHttpServer.java:<init>(111)) - Hadoop Security Enabled: false Ozone Security Enabled: false Ozone HTTP Security Enabled: false 
2023-06-23 15:09:03,535 [main] WARN  server.AuthenticationFilter (AuthenticationFilter.java:constructSecretProvider(240)) - Unable to initialize FileSignerSecretProvider, falling back to use random secrets. Reason: Could not read signature secret file: /home/runner/hadoop-http-auth-signature-secret
2023-06-23 15:09:03,536 [main] INFO  http.HttpRequestLog (HttpRequestLog.java:getRequestLog(86)) - Http request log for http.requests.hddsDatanode is not defined
2023-06-23 15:09:03,537 [main] INFO  http.HttpServer2 (HttpServer2.java:addGlobalFilter(1031)) - Added global filter 'safety' (class=org.apache.hadoop.hdds.server.http.HttpServer2$QuotingInputFilter)
2023-06-23 15:09:03,538 [main] INFO  http.HttpServer2 (HttpServer2.java:addFilter(1007)) - Added filter static_user_filter (class=org.apache.hadoop.http.lib.StaticUserWebFilter$StaticUserFilter) to context hddsDatanode
2023-06-23 15:09:03,538 [main] INFO  http.HttpServer2 (HttpServer2.java:addFilter(1015)) - Added filter static_user_filter (class=org.apache.hadoop.http.lib.StaticUserWebFilter$StaticUserFilter) to context logs
2023-06-23 15:09:03,538 [main] INFO  http.HttpServer2 (HttpServer2.java:addFilter(1015)) - Added filter static_user_filter (class=org.apache.hadoop.http.lib.StaticUserWebFilter$StaticUserFilter) to context static
2023-06-23 15:09:03,539 [main] INFO  http.BaseHttpServer (BaseHttpServer.java:<init>(190)) - HTTP server of hddsDatanode uses base directory /home/runner/work/ozone/ozone/hadoop-ozone/integration-test/target/test-dir/MiniOzoneClusterImpl-741560ff-92e5-4b28-9778-2cf52193c8f3/datanode-7/meta/webserver
2023-06-23 15:09:03,540 [main] INFO  http.HttpServer2 (HttpServer2.java:bindListener(1250)) - Jetty bound to port 15072
2023-06-23 15:09:03,540 [main] INFO  server.Server (Server.java:doStart(375)) - jetty-9.4.51.v20230217; built: 2023-02-17T08:19:37.309Z; git: b45c405e4544384de066f814ed42ae3dceacdd49; jvm 1.8.0_372-b07
2023-06-23 15:09:03,541 [main] INFO  server.session (DefaultSessionIdManager.java:doStart(334)) - DefaultSessionIdManager workerName=node0
2023-06-23 15:09:03,541 [main] INFO  server.session (DefaultSessionIdManager.java:doStart(339)) - No SessionScavenger set, using defaults
2023-06-23 15:09:03,541 [main] INFO  server.session (HouseKeeper.java:startScavenging(132)) - node0 Scavenging every 600000ms
2023-06-23 15:09:03,542 [main] INFO  handler.ContextHandler (ContextHandler.java:doStart(921)) - Started o.e.j.s.ServletContextHandler@5c508c56{logs,/logs,file:///home/runner/work/ozone/ozone/hadoop-ozone/integration-test/target/log,AVAILABLE}
2023-06-23 15:09:03,542 [main] INFO  handler.ContextHandler (ContextHandler.java:doStart(921)) - Started o.e.j.s.ServletContextHandler@16b6b70e{static,/static,jar:file:/home/runner/.m2/repository/org/apache/ozone/hdds-container-service/1.4.0-SNAPSHOT/hdds-container-service-1.4.0-SNAPSHOT.jar!/webapps/static,AVAILABLE}
2023-06-23 15:09:03,672 [EndpointStateMachine task thread for /0.0.0.0:15002 - 0 ] INFO  utils.DatanodeStoreCache (DatanodeStoreCache.java:addDB(66)) - Added db /home/runner/work/ozone/ozone/hadoop-ozone/integration-test/target/test-dir/MiniOzoneClusterImpl-741560ff-92e5-4b28-9778-2cf52193c8f3/datanode-1/data-0/containers/hdds/741560ff-92e5-4b28-9778-2cf52193c8f3/DS-04c7bd4c-7d1e-423a-ab7e-eea6fef1d304/container.db to cache
2023-06-23 15:09:03,673 [EndpointStateMachine task thread for /0.0.0.0:15002 - 0 ] INFO  volume.HddsVolume (HddsVolume.java:createDbStore(350)) - SchemaV3 db is created and loaded at /home/runner/work/ozone/ozone/hadoop-ozone/integration-test/target/test-dir/MiniOzoneClusterImpl-741560ff-92e5-4b28-9778-2cf52193c8f3/datanode-1/data-0/containers/hdds/741560ff-92e5-4b28-9778-2cf52193c8f3/DS-04c7bd4c-7d1e-423a-ab7e-eea6fef1d304/container.db for volume DS-04c7bd4c-7d1e-423a-ab7e-eea6fef1d304
2023-06-23 15:09:03,674 [EndpointStateMachine task thread for /0.0.0.0:15002 - 0 ] INFO  ozoneimpl.OzoneContainer (OzoneContainer.java:start(419)) - Attempting to start container services.
2023-06-23 15:09:03,674 [EndpointStateMachine task thread for /0.0.0.0:15002 - 0 ] INFO  ozoneimpl.OzoneContainer (OzoneContainer.java:startContainerScrub(327)) - Scheduled background container scanners and the on-demand container scanner have been disabled.
2023-06-23 15:09:03,676 [EndpointStateMachine task thread for /0.0.0.0:15002 - 0 ] INFO  replication.ReplicationServer (ReplicationServer.java:start(128)) - ReplicationServer is started using port 15025
2023-06-23 15:09:03,676 [EndpointStateMachine task thread for /0.0.0.0:15002 - 0 ] INFO  ratis.XceiverServerRatis (XceiverServerRatis.java:start(517)) - Starting XceiverServerRatis af576844-0e82-4589-8eaa-8af09d83806e
2023-06-23 15:09:03,682 [EndpointStateMachine task thread for /0.0.0.0:15002 - 0 ] INFO  server.RaftServer (RaftServerProxy.java:startImpl(400)) - af576844-0e82-4589-8eaa-8af09d83806e: start RPC server
2023-06-23 15:09:03,684 [EndpointStateMachine task thread for /0.0.0.0:15002 - 0 ] INFO  server.GrpcService (GrpcService.java:startImpl(302)) - af576844-0e82-4589-8eaa-8af09d83806e: GrpcService started, listening on 15021
2023-06-23 15:09:03,688 [EndpointStateMachine task thread for /0.0.0.0:15002 - 0 ] INFO  server.GrpcService (GrpcService.java:startImpl(302)) - af576844-0e82-4589-8eaa-8af09d83806e: GrpcService started, listening on 15023
2023-06-23 15:09:03,691 [EndpointStateMachine task thread for /0.0.0.0:15002 - 0 ] INFO  server.GrpcService (GrpcService.java:startImpl(302)) - af576844-0e82-4589-8eaa-8af09d83806e: GrpcService started, listening on 15022
2023-06-23 15:09:03,692 [EndpointStateMachine task thread for /0.0.0.0:15002 - 0 ] INFO  ratis.XceiverServerRatis (XceiverServerRatis.java:getRealPort(543)) - XceiverServerRatis af576844-0e82-4589-8eaa-8af09d83806e is started using port 15021 for RATIS
2023-06-23 15:09:03,692 [JvmPauseMonitor3] INFO  util.JvmPauseMonitor (JvmPauseMonitor.java:run(103)) - JvmPauseMonitor-af576844-0e82-4589-8eaa-8af09d83806e: Started
2023-06-23 15:09:03,692 [EndpointStateMachine task thread for /0.0.0.0:15002 - 0 ] INFO  ratis.XceiverServerRatis (XceiverServerRatis.java:getRealPort(543)) - XceiverServerRatis af576844-0e82-4589-8eaa-8af09d83806e is started using port 15022 for RATIS_ADMIN
2023-06-23 15:09:03,692 [EndpointStateMachine task thread for /0.0.0.0:15002 - 0 ] INFO  ratis.XceiverServerRatis (XceiverServerRatis.java:getRealPort(543)) - XceiverServerRatis af576844-0e82-4589-8eaa-8af09d83806e is started using port 15023 for RATIS_SERVER
2023-06-23 15:09:03,692 [EndpointStateMachine task thread for /0.0.0.0:15002 - 0 ] INFO  ratis.XceiverServerRatis (XceiverServerRatis.java:getRealPort(543)) - XceiverServerRatis af576844-0e82-4589-8eaa-8af09d83806e is started using port 15024 for RATIS_DATASTREAM
2023-06-23 15:09:03,699 [BlockDeletingService#0] INFO  interfaces.ContainerDeletionChoosingPolicyTemplate (ContainerDeletionChoosingPolicyTemplate.java:chooseContainerForBlockDeletion(83)) - Chosen 0/5000 blocks from 0 candidate containers.
2023-06-23 15:09:03,777 [main] INFO  handler.ContextHandler (ContextHandler.java:doStart(921)) - Started o.e.j.w.WebAppContext@55f9f89c{hddsDatanode,/,file:///home/runner/work/ozone/ozone/hadoop-ozone/integration-test/target/tmp/kms/webapp/,AVAILABLE}{jar:file:/home/runner/.m2/repository/org/apache/ozone/hdds-container-service/1.4.0-SNAPSHOT/hdds-container-service-1.4.0-SNAPSHOT.jar!/webapps/hddsDatanode}
2023-06-23 15:09:03,778 [main] INFO  server.AbstractConnector (AbstractConnector.java:doStart(333)) - Started ServerConnector@70164894{HTTP/1.1, (http/1.1)}{0.0.0.0:15072}
2023-06-23 15:09:03,778 [main] INFO  server.Server (Server.java:doStart(415)) - Started @13342ms
2023-06-23 15:09:03,778 [main] WARN  impl.MetricsSystemImpl (MetricsSystemImpl.java:register(279)) - Sink prometheus already exists!
2023-06-23 15:09:03,780 [main] INFO  http.BaseHttpServer (BaseHttpServer.java:updateConnectorAddress(344)) - HTTP server of hddsDatanode listening at http://0.0.0.0:15072
2023-06-23 15:09:03,781 [main] INFO  ipc.CallQueueManager (CallQueueManager.java:<init>(90)) - Using callQueue: class java.util.concurrent.LinkedBlockingQueue, queueCapacity: 100, scheduler: class org.apache.hadoop.ipc.DefaultRpcScheduler, ipcBackoff: false.
2023-06-23 15:09:03,783 [Socket Reader #1 for port 15073] INFO  ipc.Server (Server.java:run(1319)) - Starting Socket Reader #1 for port 15073
2023-06-23 15:09:03,788 [Listener at 0.0.0.0/15073] INFO  hdds.HddsUtils (HddsUtils.java:preserveThreadName(848)) - Restoring thread name: main
2023-06-23 15:09:03,788 [main] INFO  ozone.HddsDatanodeService (HddsDatanodeService.java:start(335)) - Datanode start with admins: [runner]
2023-06-23 15:09:03,788 [main] INFO  ozone.HddsDatanodeClientProtocolServer (HddsDatanodeClientProtocolServer.java:start(72)) - RPC server for Client /0.0.0.0:15073
2023-06-23 15:09:03,789 [IPC Server Responder] INFO  ipc.Server (Server.java:run(1558)) - IPC Server Responder: starting
2023-06-23 15:09:03,789 [IPC Server listener on 15073] INFO  ipc.Server (Server.java:run(1398)) - IPC Server listener on 15073: starting
2023-06-23 15:09:03,789 [main] WARN  impl.MetricRegistriesImpl (MetricRegistriesImpl.java:addReporterRegistration(111)) - New reporters are added after registries were created. Some metrics will be missing from the reporter. Please add reporter before adding any new registry.
2023-06-23 15:09:03,790 [main] WARN  impl.MetricRegistriesImpl (MetricRegistriesImpl.java:addReporterRegistration(111)) - New reporters are added after registries were created. Some metrics will be missing from the reporter. Please add reporter before adding any new registry.
2023-06-23 15:09:03,790 [main] INFO  impl.MetricsSystemImpl (MetricsSystemImpl.java:init(158)) - HddsDatanode metrics system started (again)
2023-06-23 15:09:03,796 [Datanode State Machine Daemon Thread] INFO  statemachine.DatanodeStateMachine (DatanodeStateMachine.java:lambda$startDaemon$0(531)) - Ozone container server started.
2023-06-23 15:09:03,808 [main] INFO  ozone.HddsDatanodeService (HddsDatanodeService.java:start(257)) - HddsDatanodeService host:fv-az424-541.i1gjr3zuz4qevjy1zin2gin2ih.gx.internal.cloudapp.net ip:10.1.0.34
2023-06-23 15:09:03,817 [Datanode State Machine Task Thread - 0] INFO  datanode.InitDatanodeState (InitDatanodeState.java:persistContainerDatanodeDetails(138)) - DatanodeDetails is persisted to /home/runner/work/ozone/ozone/hadoop-ozone/integration-test/target/test-dir/MiniOzoneClusterImpl-741560ff-92e5-4b28-9778-2cf52193c8f3/datanode-7/meta/datanode.id
2023-06-23 15:09:03,826 [main] INFO  upgrade.AbstractLayoutVersionManager (AbstractLayoutVersionManager.java:init(83)) - Initializing Layout version manager with metadata layout = HADOOP_PRC_PORTS_IN_DATANODEDETAILS (version = 7), software layout = HADOOP_PRC_PORTS_IN_DATANODEDETAILS (version = 7)
2023-06-23 15:09:03,827 [main] INFO  statemachine.DatanodeStateMachine (DatanodeStateMachine.java:getEndPointTaskThreadPoolSize(279)) - Datanode State Machine Task Thread Pool size 2
2023-06-23 15:09:03,828 [main] INFO  volume.HddsVolume (HddsVolume.java:<init>(130)) - Creating HddsVolume: /home/runner/work/ozone/ozone/hadoop-ozone/integration-test/target/test-dir/MiniOzoneClusterImpl-741560ff-92e5-4b28-9778-2cf52193c8f3/datanode-8/data-0/containers/hdds of storage type : DISK capacity : 9223372036854775807
2023-06-23 15:09:03,829 [main] INFO  volume.MutableVolumeSet (MutableVolumeSet.java:initializeVolumeSet(175)) - Added Volume : /home/runner/work/ozone/ozone/hadoop-ozone/integration-test/target/test-dir/MiniOzoneClusterImpl-741560ff-92e5-4b28-9778-2cf52193c8f3/datanode-8/data-0/containers/hdds to VolumeSet
2023-06-23 15:09:03,829 [main] INFO  volume.ThrottledAsyncChecker (ThrottledAsyncChecker.java:schedule(141)) - Scheduling a check for /home/runner/work/ozone/ozone/hadoop-ozone/integration-test/target/test-dir/MiniOzoneClusterImpl-741560ff-92e5-4b28-9778-2cf52193c8f3/datanode-8/data-0/containers/hdds
2023-06-23 15:09:03,835 [main] INFO  volume.StorageVolumeChecker (StorageVolumeChecker.java:checkAllVolumes(202)) - Scheduled health check for volume /home/runner/work/ozone/ozone/hadoop-ozone/integration-test/target/test-dir/MiniOzoneClusterImpl-741560ff-92e5-4b28-9778-2cf52193c8f3/datanode-8/data-0/containers/hdds
2023-06-23 15:09:03,847 [main] INFO  volume.MutableVolumeSet (MutableVolumeSet.java:initializeVolumeSet(175)) - Added Volume : /home/runner/work/ozone/ozone/hadoop-ozone/integration-test/target/test-dir/MiniOzoneClusterImpl-741560ff-92e5-4b28-9778-2cf52193c8f3/datanode-8/data/ratis to VolumeSet
2023-06-23 15:09:03,847 [main] INFO  volume.ThrottledAsyncChecker (ThrottledAsyncChecker.java:schedule(141)) - Scheduling a check for /home/runner/work/ozone/ozone/hadoop-ozone/integration-test/target/test-dir/MiniOzoneClusterImpl-741560ff-92e5-4b28-9778-2cf52193c8f3/datanode-8/data/ratis
2023-06-23 15:09:03,848 [main] INFO  volume.StorageVolumeChecker (StorageVolumeChecker.java:checkAllVolumes(202)) - Scheduled health check for volume /home/runner/work/ozone/ozone/hadoop-ozone/integration-test/target/test-dir/MiniOzoneClusterImpl-741560ff-92e5-4b28-9778-2cf52193c8f3/datanode-8/data/ratis
2023-06-23 15:09:03,860 [Thread-300] INFO  ozoneimpl.ContainerReader (ContainerReader.java:readVolume(175)) - Finish verifying containers on volume /home/runner/work/ozone/ozone/hadoop-ozone/integration-test/target/test-dir/MiniOzoneClusterImpl-741560ff-92e5-4b28-9778-2cf52193c8f3/datanode-8/data-0/containers/hdds
2023-06-23 15:09:03,860 [main] INFO  ozoneimpl.OzoneContainer (OzoneContainer.java:buildContainerSet(316)) - Build ContainerSet costs 0s
2023-06-23 15:09:03,866 [main] INFO  server.RaftServer (ConfUtils.java:logGet(46)) - raft.rpc.type = GRPC (default)
2023-06-23 15:09:03,866 [main] INFO  grpc.GrpcConfigKeys (ConfUtils.java:logFallback(53)) - raft.grpc.admin.host = null (fallback to raft.grpc.server.host)
2023-06-23 15:09:03,866 [main] INFO  grpc.GrpcConfigKeys (ConfUtils.java:logGet(46)) - raft.grpc.admin.port = 15085 (custom)
2023-06-23 15:09:03,866 [main] INFO  grpc.GrpcConfigKeys (ConfUtils.java:logFallback(53)) - raft.grpc.client.host = null (fallback to raft.grpc.server.host)
2023-06-23 15:09:03,867 [main] INFO  grpc.GrpcConfigKeys (ConfUtils.java:logGet(46)) - raft.grpc.client.port = 15084 (custom)
2023-06-23 15:09:03,867 [main] INFO  grpc.GrpcConfigKeys (ConfUtils.java:logGet(46)) - raft.grpc.server.host = null (default)
2023-06-23 15:09:03,867 [main] INFO  grpc.GrpcConfigKeys (ConfUtils.java:logGet(46)) - raft.grpc.server.port = 15086 (custom)
2023-06-23 15:09:03,867 [main] INFO  server.GrpcService (ConfUtils.java:logGet(46)) - raft.grpc.message.size.max = 32MB (=33554432) (custom)
2023-06-23 15:09:03,867 [main] INFO  server.RaftServerConfigKeys (ConfUtils.java:logGet(46)) - raft.server.log.appender.buffer.byte-limit = 33554432 (custom)
2023-06-23 15:09:03,867 [main] INFO  server.GrpcService (ConfUtils.java:logGet(46)) - raft.grpc.flow.control.window = 5MB (=5242880) (custom)
2023-06-23 15:09:03,867 [main] INFO  server.RaftServerConfigKeys (ConfUtils.java:logGet(46)) - raft.server.rpc.request.timeout = 60s (custom)
2023-06-23 15:09:03,867 [main] INFO  grpc.GrpcConfigKeys (ConfUtils.java:logGet(46)) - raft.grpc.server.heartbeat.channel = true (default)
2023-06-23 15:09:03,867 [main] INFO  grpc.GrpcConfigKeys (ConfUtils.java:logGet(46)) - raft.grpc.server.async.request.thread.pool.cached = true (default)
2023-06-23 15:09:03,868 [main] INFO  grpc.GrpcConfigKeys (ConfUtils.java:logGet(46)) - raft.grpc.server.async.request.thread.pool.size = 32 (default)
2023-06-23 15:09:03,870 [main] INFO  impl.DataStreamServerImpl (ConfUtils.java:logGet(46)) - raft.datastream.type = NETTY (custom)
2023-06-23 15:09:03,871 [main] INFO  server.RaftServerConfigKeys (ConfUtils.java:logGet(46)) - raft.server.data-stream.async.request.thread.pool.cached = false (default)
2023-06-23 15:09:03,871 [main] INFO  server.RaftServerConfigKeys (ConfUtils.java:logGet(46)) - raft.server.data-stream.async.request.thread.pool.size = 20 (custom)
2023-06-23 15:09:03,871 [main] INFO  server.RaftServerConfigKeys (ConfUtils.java:logGet(46)) - raft.server.data-stream.async.write.thread.pool.size = 16 (default)
2023-06-23 15:09:03,872 [main] INFO  server.RaftServerConfigKeys (ConfUtils.java:logGet(46)) - raft.server.data-stream.client.pool.size = 10 (default)
2023-06-23 15:09:03,872 [main] INFO  netty.NettyConfigKeys$DataStream (ConfUtils.java:logGet(46)) - raft.netty.dataStream.server.use-epoll = false (default)
2023-06-23 15:09:03,872 [main] INFO  netty.NettyConfigKeys$DataStream (ConfUtils.java:logGet(46)) - raft.netty.dataStream.server.boss-group.size = 0 (default)
2023-06-23 15:09:03,873 [main] INFO  netty.NettyConfigKeys$DataStream (ConfUtils.java:logGet(46)) - raft.netty.dataStream.server.worker-group.size = 0 (default)
2023-06-23 15:09:03,874 [main] INFO  netty.NettyConfigKeys$DataStream (ConfUtils.java:logGet(46)) - raft.netty.dataStream.server.tls.conf = null (default)
2023-06-23 15:09:03,874 [main] INFO  netty.NettyConfigKeys$DataStream (ConfUtils.java:logGet(46)) - raft.netty.dataStream.host = null (default)
2023-06-23 15:09:03,874 [main] INFO  netty.NettyConfigKeys$DataStream (ConfUtils.java:logGet(46)) - raft.netty.dataStream.port = 15087 (custom)
2023-06-23 15:09:03,875 [main] INFO  server.RaftServerConfigKeys (ConfUtils.java:logGet(46)) - raft.server.threadpool.proxy.cached = true (default)
2023-06-23 15:09:03,880 [main] INFO  server.RaftServerConfigKeys (ConfUtils.java:logGet(46)) - raft.server.threadpool.proxy.size = 0 (default)
2023-06-23 15:09:03,880 [main] INFO  server.RaftServerConfigKeys (ConfUtils.java:logGet(46)) - raft.server.rpc.slowness.timeout = 300s (custom)
2023-06-23 15:09:03,880 [main] INFO  server.RaftServerConfigKeys (ConfUtils.java:logGet(46)) - raft.server.leaderelection.leader.step-down.wait-time = 10s (default)
2023-06-23 15:09:03,880 [main] INFO  server.RaftServerConfigKeys (ConfUtils.java:logGet(46)) - raft.server.storage.dir = [/home/runner/work/ozone/ozone/hadoop-ozone/integration-test/target/test-dir/MiniOzoneClusterImpl-741560ff-92e5-4b28-9778-2cf52193c8f3/datanode-8/data/ratis] (custom)
2023-06-23 15:09:03,887 [main] INFO  server.XceiverServerGrpc (XceiverServerGrpc.java:<init>(132)) - GrpcServer channel type EpollServerSocketChannel
2023-06-23 15:09:03,889 [main] INFO  replication.ReplicationSupervisor (ReplicationSupervisor.java:nodeStateUpdated(305)) - Node state updated to IN_SERVICE, scaling executor pool size to 10
2023-06-23 15:09:03,889 [1f6e8c2c-f646-4632-8e05-148bee690267-NettyServerStreamRpc-bossGroup--thread1] INFO  logging.LoggingHandler (AbstractInternalLogger.java:log(148)) - [id: 0x9d28eb19] REGISTERED
2023-06-23 15:09:03,890 [1f6e8c2c-f646-4632-8e05-148bee690267-NettyServerStreamRpc-bossGroup--thread1] INFO  logging.LoggingHandler (AbstractInternalLogger.java:log(148)) - [id: 0x9d28eb19] BIND: 0.0.0.0/0.0.0.0:15087
2023-06-23 15:09:03,890 [1f6e8c2c-f646-4632-8e05-148bee690267-NettyServerStreamRpc-bossGroup--thread1] INFO  logging.LoggingHandler (AbstractInternalLogger.java:log(148)) - [id: 0x9d28eb19, L:/0:0:0:0:0:0:0:0:15087] ACTIVE
2023-06-23 15:09:03,891 [main] INFO  http.BaseHttpServer (BaseHttpServer.java:newHttpServer2BuilderForOzone(224)) - Starting Web-server for hddsDatanode at: http://0.0.0.0:15081
2023-06-23 15:09:03,891 [main] INFO  http.BaseHttpServer (BaseHttpServer.java:<init>(111)) - Hadoop Security Enabled: false Ozone Security Enabled: false Ozone HTTP Security Enabled: false 
2023-06-23 15:09:03,893 [main] WARN  server.AuthenticationFilter (AuthenticationFilter.java:constructSecretProvider(240)) - Unable to initialize FileSignerSecretProvider, falling back to use random secrets. Reason: Could not read signature secret file: /home/runner/hadoop-http-auth-signature-secret
2023-06-23 15:09:03,893 [main] INFO  http.HttpRequestLog (HttpRequestLog.java:getRequestLog(86)) - Http request log for http.requests.hddsDatanode is not defined
2023-06-23 15:09:03,895 [main] INFO  http.HttpServer2 (HttpServer2.java:addGlobalFilter(1031)) - Added global filter 'safety' (class=org.apache.hadoop.hdds.server.http.HttpServer2$QuotingInputFilter)
2023-06-23 15:09:03,896 [main] INFO  http.HttpServer2 (HttpServer2.java:addFilter(1007)) - Added filter static_user_filter (class=org.apache.hadoop.http.lib.StaticUserWebFilter$StaticUserFilter) to context hddsDatanode
2023-06-23 15:09:03,896 [main] INFO  http.HttpServer2 (HttpServer2.java:addFilter(1015)) - Added filter static_user_filter (class=org.apache.hadoop.http.lib.StaticUserWebFilter$StaticUserFilter) to context logs
2023-06-23 15:09:03,905 [main] INFO  http.HttpServer2 (HttpServer2.java:addFilter(1015)) - Added filter static_user_filter (class=org.apache.hadoop.http.lib.StaticUserWebFilter$StaticUserFilter) to context static
2023-06-23 15:09:03,907 [main] INFO  http.BaseHttpServer (BaseHttpServer.java:<init>(190)) - HTTP server of hddsDatanode uses base directory /home/runner/work/ozone/ozone/hadoop-ozone/integration-test/target/test-dir/MiniOzoneClusterImpl-741560ff-92e5-4b28-9778-2cf52193c8f3/datanode-8/meta/webserver
2023-06-23 15:09:03,907 [main] INFO  http.HttpServer2 (HttpServer2.java:bindListener(1250)) - Jetty bound to port 15081
2023-06-23 15:09:03,908 [main] INFO  server.Server (Server.java:doStart(375)) - jetty-9.4.51.v20230217; built: 2023-02-17T08:19:37.309Z; git: b45c405e4544384de066f814ed42ae3dceacdd49; jvm 1.8.0_372-b07
2023-06-23 15:09:03,915 [main] INFO  server.session (DefaultSessionIdManager.java:doStart(334)) - DefaultSessionIdManager workerName=node0
2023-06-23 15:09:03,915 [main] INFO  server.session (DefaultSessionIdManager.java:doStart(339)) - No SessionScavenger set, using defaults
2023-06-23 15:09:03,915 [main] INFO  server.session (HouseKeeper.java:startScavenging(132)) - node0 Scavenging every 600000ms
2023-06-23 15:09:03,916 [main] INFO  handler.ContextHandler (ContextHandler.java:doStart(921)) - Started o.e.j.s.ServletContextHandler@1de614f7{logs,/logs,file:///home/runner/work/ozone/ozone/hadoop-ozone/integration-test/target/log,AVAILABLE}
2023-06-23 15:09:03,916 [main] INFO  handler.ContextHandler (ContextHandler.java:doStart(921)) - Started o.e.j.s.ServletContextHandler@47962a49{static,/static,jar:file:/home/runner/.m2/repository/org/apache/ozone/hdds-container-service/1.4.0-SNAPSHOT/hdds-container-service-1.4.0-SNAPSHOT.jar!/webapps/static,AVAILABLE}
2023-06-23 15:09:04,059 [EndpointStateMachine task thread for /0.0.0.0:15002 - 0 ] INFO  utils.DatanodeStoreCache (DatanodeStoreCache.java:addDB(66)) - Added db /home/runner/work/ozone/ozone/hadoop-ozone/integration-test/target/test-dir/MiniOzoneClusterImpl-741560ff-92e5-4b28-9778-2cf52193c8f3/datanode-2/data-0/containers/hdds/741560ff-92e5-4b28-9778-2cf52193c8f3/DS-46864382-bd7f-491e-9ed6-6e6ced9c8aad/container.db to cache
2023-06-23 15:09:04,059 [EndpointStateMachine task thread for /0.0.0.0:15002 - 0 ] INFO  volume.HddsVolume (HddsVolume.java:createDbStore(350)) - SchemaV3 db is created and loaded at /home/runner/work/ozone/ozone/hadoop-ozone/integration-test/target/test-dir/MiniOzoneClusterImpl-741560ff-92e5-4b28-9778-2cf52193c8f3/datanode-2/data-0/containers/hdds/741560ff-92e5-4b28-9778-2cf52193c8f3/DS-46864382-bd7f-491e-9ed6-6e6ced9c8aad/container.db for volume DS-46864382-bd7f-491e-9ed6-6e6ced9c8aad
2023-06-23 15:09:04,059 [EndpointStateMachine task thread for /0.0.0.0:15002 - 0 ] INFO  ozoneimpl.OzoneContainer (OzoneContainer.java:start(419)) - Attempting to start container services.
2023-06-23 15:09:04,059 [EndpointStateMachine task thread for /0.0.0.0:15002 - 0 ] INFO  ozoneimpl.OzoneContainer (OzoneContainer.java:startContainerScrub(327)) - Scheduled background container scanners and the on-demand container scanner have been disabled.
2023-06-23 15:09:04,080 [EndpointStateMachine task thread for /0.0.0.0:15002 - 0 ] INFO  replication.ReplicationServer (ReplicationServer.java:start(128)) - ReplicationServer is started using port 15034
2023-06-23 15:09:04,080 [EndpointStateMachine task thread for /0.0.0.0:15002 - 0 ] INFO  ratis.XceiverServerRatis (XceiverServerRatis.java:start(517)) - Starting XceiverServerRatis 3f4ddf09-9f08-4efc-95be-1efd9e09d1d3
2023-06-23 15:09:04,080 [EndpointStateMachine task thread for /0.0.0.0:15002 - 0 ] INFO  server.RaftServer (RaftServerProxy.java:startImpl(400)) - 3f4ddf09-9f08-4efc-95be-1efd9e09d1d3: start RPC server
2023-06-23 15:09:04,086 [EndpointStateMachine task thread for /0.0.0.0:15002 - 0 ] INFO  server.GrpcService (GrpcService.java:startImpl(302)) - 3f4ddf09-9f08-4efc-95be-1efd9e09d1d3: GrpcService started, listening on 15030
2023-06-23 15:09:04,092 [EndpointStateMachine task thread for /0.0.0.0:15002 - 0 ] INFO  server.GrpcService (GrpcService.java:startImpl(302)) - 3f4ddf09-9f08-4efc-95be-1efd9e09d1d3: GrpcService started, listening on 15032
2023-06-23 15:09:04,094 [EndpointStateMachine task thread for /0.0.0.0:15002 - 0 ] INFO  server.GrpcService (GrpcService.java:startImpl(302)) - 3f4ddf09-9f08-4efc-95be-1efd9e09d1d3: GrpcService started, listening on 15031
2023-06-23 15:09:04,100 [EndpointStateMachine task thread for /0.0.0.0:15002 - 0 ] INFO  ratis.XceiverServerRatis (XceiverServerRatis.java:getRealPort(543)) - XceiverServerRatis 3f4ddf09-9f08-4efc-95be-1efd9e09d1d3 is started using port 15030 for RATIS
2023-06-23 15:09:04,100 [EndpointStateMachine task thread for /0.0.0.0:15002 - 0 ] INFO  ratis.XceiverServerRatis (XceiverServerRatis.java:getRealPort(543)) - XceiverServerRatis 3f4ddf09-9f08-4efc-95be-1efd9e09d1d3 is started using port 15031 for RATIS_ADMIN
2023-06-23 15:09:04,100 [EndpointStateMachine task thread for /0.0.0.0:15002 - 0 ] INFO  ratis.XceiverServerRatis (XceiverServerRatis.java:getRealPort(543)) - XceiverServerRatis 3f4ddf09-9f08-4efc-95be-1efd9e09d1d3 is started using port 15032 for RATIS_SERVER
2023-06-23 15:09:04,100 [EndpointStateMachine task thread for /0.0.0.0:15002 - 0 ] INFO  ratis.XceiverServerRatis (XceiverServerRatis.java:getRealPort(543)) - XceiverServerRatis 3f4ddf09-9f08-4efc-95be-1efd9e09d1d3 is started using port 15033 for RATIS_DATASTREAM
2023-06-23 15:09:04,106 [JvmPauseMonitor4] INFO  util.JvmPauseMonitor (JvmPauseMonitor.java:run(103)) - JvmPauseMonitor-3f4ddf09-9f08-4efc-95be-1efd9e09d1d3: Started
2023-06-23 15:09:04,142 [BlockDeletingService#0] INFO  interfaces.ContainerDeletionChoosingPolicyTemplate (ContainerDeletionChoosingPolicyTemplate.java:chooseContainerForBlockDeletion(83)) - Chosen 0/5000 blocks from 0 candidate containers.
2023-06-23 15:09:04,275 [main] INFO  handler.ContextHandler (ContextHandler.java:doStart(921)) - Started o.e.j.w.WebAppContext@5eb23278{hddsDatanode,/,file:///home/runner/work/ozone/ozone/hadoop-ozone/integration-test/target/tmp/kms/webapp/,AVAILABLE}{jar:file:/home/runner/.m2/repository/org/apache/ozone/hdds-container-service/1.4.0-SNAPSHOT/hdds-container-service-1.4.0-SNAPSHOT.jar!/webapps/hddsDatanode}
2023-06-23 15:09:04,277 [main] INFO  server.AbstractConnector (AbstractConnector.java:doStart(333)) - Started ServerConnector@632c8bb9{HTTP/1.1, (http/1.1)}{0.0.0.0:15081}
2023-06-23 15:09:04,277 [main] INFO  server.Server (Server.java:doStart(415)) - Started @13841ms
2023-06-23 15:09:04,277 [main] WARN  impl.MetricsSystemImpl (MetricsSystemImpl.java:register(279)) - Sink prometheus already exists!
2023-06-23 15:09:04,279 [main] INFO  http.BaseHttpServer (BaseHttpServer.java:updateConnectorAddress(344)) - HTTP server of hddsDatanode listening at http://0.0.0.0:15081
2023-06-23 15:09:04,279 [main] INFO  ipc.CallQueueManager (CallQueueManager.java:<init>(90)) - Using callQueue: class java.util.concurrent.LinkedBlockingQueue, queueCapacity: 100, scheduler: class org.apache.hadoop.ipc.DefaultRpcScheduler, ipcBackoff: false.
2023-06-23 15:09:04,281 [Socket Reader #1 for port 15082] INFO  ipc.Server (Server.java:run(1319)) - Starting Socket Reader #1 for port 15082
2023-06-23 15:09:04,283 [Listener at 0.0.0.0/15082] INFO  hdds.HddsUtils (HddsUtils.java:preserveThreadName(848)) - Restoring thread name: main
2023-06-23 15:09:04,283 [main] INFO  ozone.HddsDatanodeService (HddsDatanodeService.java:start(335)) - Datanode start with admins: [runner]
2023-06-23 15:09:04,283 [main] INFO  ozone.HddsDatanodeClientProtocolServer (HddsDatanodeClientProtocolServer.java:start(72)) - RPC server for Client /0.0.0.0:15082
2023-06-23 15:09:04,285 [IPC Server Responder] INFO  ipc.Server (Server.java:run(1558)) - IPC Server Responder: starting
2023-06-23 15:09:04,285 [IPC Server listener on 15082] INFO  ipc.Server (Server.java:run(1398)) - IPC Server listener on 15082: starting
2023-06-23 15:09:04,285 [main] WARN  impl.MetricRegistriesImpl (MetricRegistriesImpl.java:addReporterRegistration(111)) - New reporters are added after registries were created. Some metrics will be missing from the reporter. Please add reporter before adding any new registry.
2023-06-23 15:09:04,285 [main] WARN  impl.MetricRegistriesImpl (MetricRegistriesImpl.java:addReporterRegistration(111)) - New reporters are added after registries were created. Some metrics will be missing from the reporter. Please add reporter before adding any new registry.
2023-06-23 15:09:04,285 [main] INFO  impl.MetricsSystemImpl (MetricsSystemImpl.java:init(158)) - HddsDatanode metrics system started (again)
2023-06-23 15:09:04,291 [Datanode State Machine Daemon Thread] INFO  statemachine.DatanodeStateMachine (DatanodeStateMachine.java:lambda$startDaemon$0(531)) - Ozone container server started.
2023-06-23 15:09:04,306 [Datanode State Machine Task Thread - 0] INFO  datanode.InitDatanodeState (InitDatanodeState.java:persistContainerDatanodeDetails(138)) - DatanodeDetails is persisted to /home/runner/work/ozone/ozone/hadoop-ozone/integration-test/target/test-dir/MiniOzoneClusterImpl-741560ff-92e5-4b28-9778-2cf52193c8f3/datanode-8/meta/datanode.id
2023-06-23 15:09:04,311 [main] INFO  ozone.HddsDatanodeService (HddsDatanodeService.java:start(257)) - HddsDatanodeService host:fv-az424-541.i1gjr3zuz4qevjy1zin2gin2ih.gx.internal.cloudapp.net ip:10.1.0.34
2023-06-23 15:09:04,343 [main] INFO  upgrade.AbstractLayoutVersionManager (AbstractLayoutVersionManager.java:init(83)) - Initializing Layout version manager with metadata layout = HADOOP_PRC_PORTS_IN_DATANODEDETAILS (version = 7), software layout = HADOOP_PRC_PORTS_IN_DATANODEDETAILS (version = 7)
2023-06-23 15:09:04,344 [main] INFO  statemachine.DatanodeStateMachine (DatanodeStateMachine.java:getEndPointTaskThreadPoolSize(279)) - Datanode State Machine Task Thread Pool size 2
2023-06-23 15:09:04,354 [EndpointStateMachine task thread for /0.0.0.0:15002 - 0 ] INFO  utils.DatanodeStoreCache (DatanodeStoreCache.java:addDB(66)) - Added db /home/runner/work/ozone/ozone/hadoop-ozone/integration-test/target/test-dir/MiniOzoneClusterImpl-741560ff-92e5-4b28-9778-2cf52193c8f3/datanode-3/data-0/containers/hdds/741560ff-92e5-4b28-9778-2cf52193c8f3/DS-35424488-52aa-4d6e-a5ff-e6e3fb5fecc8/container.db to cache
2023-06-23 15:09:04,354 [EndpointStateMachine task thread for /0.0.0.0:15002 - 0 ] INFO  volume.HddsVolume (HddsVolume.java:createDbStore(350)) - SchemaV3 db is created and loaded at /home/runner/work/ozone/ozone/hadoop-ozone/integration-test/target/test-dir/MiniOzoneClusterImpl-741560ff-92e5-4b28-9778-2cf52193c8f3/datanode-3/data-0/containers/hdds/741560ff-92e5-4b28-9778-2cf52193c8f3/DS-35424488-52aa-4d6e-a5ff-e6e3fb5fecc8/container.db for volume DS-35424488-52aa-4d6e-a5ff-e6e3fb5fecc8
2023-06-23 15:09:04,354 [EndpointStateMachine task thread for /0.0.0.0:15002 - 0 ] INFO  ozoneimpl.OzoneContainer (OzoneContainer.java:start(419)) - Attempting to start container services.
2023-06-23 15:09:04,354 [EndpointStateMachine task thread for /0.0.0.0:15002 - 0 ] INFO  ozoneimpl.OzoneContainer (OzoneContainer.java:startContainerScrub(327)) - Scheduled background container scanners and the on-demand container scanner have been disabled.
2023-06-23 15:09:04,354 [main] INFO  volume.HddsVolume (HddsVolume.java:<init>(130)) - Creating HddsVolume: /home/runner/work/ozone/ozone/hadoop-ozone/integration-test/target/test-dir/MiniOzoneClusterImpl-741560ff-92e5-4b28-9778-2cf52193c8f3/datanode-9/data-0/containers/hdds of storage type : DISK capacity : 9223372036854775807
2023-06-23 15:09:04,355 [main] INFO  volume.MutableVolumeSet (MutableVolumeSet.java:initializeVolumeSet(175)) - Added Volume : /home/runner/work/ozone/ozone/hadoop-ozone/integration-test/target/test-dir/MiniOzoneClusterImpl-741560ff-92e5-4b28-9778-2cf52193c8f3/datanode-9/data-0/containers/hdds to VolumeSet
2023-06-23 15:09:04,356 [main] INFO  volume.ThrottledAsyncChecker (ThrottledAsyncChecker.java:schedule(141)) - Scheduling a check for /home/runner/work/ozone/ozone/hadoop-ozone/integration-test/target/test-dir/MiniOzoneClusterImpl-741560ff-92e5-4b28-9778-2cf52193c8f3/datanode-9/data-0/containers/hdds
2023-06-23 15:09:04,359 [EndpointStateMachine task thread for /0.0.0.0:15002 - 0 ] INFO  replication.ReplicationServer (ReplicationServer.java:start(128)) - ReplicationServer is started using port 15043
2023-06-23 15:09:04,359 [EndpointStateMachine task thread for /0.0.0.0:15002 - 0 ] INFO  ratis.XceiverServerRatis (XceiverServerRatis.java:start(517)) - Starting XceiverServerRatis 00be7989-d8c1-4a83-aaf0-c8ed794c287b
2023-06-23 15:09:04,360 [EndpointStateMachine task thread for /0.0.0.0:15002 - 0 ] INFO  server.RaftServer (RaftServerProxy.java:startImpl(400)) - 00be7989-d8c1-4a83-aaf0-c8ed794c287b: start RPC server
2023-06-23 15:09:04,362 [main] INFO  volume.StorageVolumeChecker (StorageVolumeChecker.java:checkAllVolumes(202)) - Scheduled health check for volume /home/runner/work/ozone/ozone/hadoop-ozone/integration-test/target/test-dir/MiniOzoneClusterImpl-741560ff-92e5-4b28-9778-2cf52193c8f3/datanode-9/data-0/containers/hdds
2023-06-23 15:09:04,362 [EndpointStateMachine task thread for /0.0.0.0:15002 - 0 ] INFO  server.GrpcService (GrpcService.java:startImpl(302)) - 00be7989-d8c1-4a83-aaf0-c8ed794c287b: GrpcService started, listening on 15039
2023-06-23 15:09:04,365 [EndpointStateMachine task thread for /0.0.0.0:15002 - 0 ] INFO  server.GrpcService (GrpcService.java:startImpl(302)) - 00be7989-d8c1-4a83-aaf0-c8ed794c287b: GrpcService started, listening on 15041
2023-06-23 15:09:04,370 [EndpointStateMachine task thread for /0.0.0.0:15002 - 0 ] INFO  server.GrpcService (GrpcService.java:startImpl(302)) - 00be7989-d8c1-4a83-aaf0-c8ed794c287b: GrpcService started, listening on 15040
2023-06-23 15:09:04,371 [EndpointStateMachine task thread for /0.0.0.0:15002 - 0 ] INFO  ratis.XceiverServerRatis (XceiverServerRatis.java:getRealPort(543)) - XceiverServerRatis 00be7989-d8c1-4a83-aaf0-c8ed794c287b is started using port 15039 for RATIS
2023-06-23 15:09:04,371 [EndpointStateMachine task thread for /0.0.0.0:15002 - 0 ] INFO  ratis.XceiverServerRatis (XceiverServerRatis.java:getRealPort(543)) - XceiverServerRatis 00be7989-d8c1-4a83-aaf0-c8ed794c287b is started using port 15040 for RATIS_ADMIN
2023-06-23 15:09:04,371 [EndpointStateMachine task thread for /0.0.0.0:15002 - 0 ] INFO  ratis.XceiverServerRatis (XceiverServerRatis.java:getRealPort(543)) - XceiverServerRatis 00be7989-d8c1-4a83-aaf0-c8ed794c287b is started using port 15041 for RATIS_SERVER
2023-06-23 15:09:04,371 [EndpointStateMachine task thread for /0.0.0.0:15002 - 0 ] INFO  ratis.XceiverServerRatis (XceiverServerRatis.java:getRealPort(543)) - XceiverServerRatis 00be7989-d8c1-4a83-aaf0-c8ed794c287b is started using port 15042 for RATIS_DATASTREAM
2023-06-23 15:09:04,371 [JvmPauseMonitor5] INFO  util.JvmPauseMonitor (JvmPauseMonitor.java:run(103)) - JvmPauseMonitor-00be7989-d8c1-4a83-aaf0-c8ed794c287b: Started
2023-06-23 15:09:04,384 [BlockDeletingService#0] INFO  interfaces.ContainerDeletionChoosingPolicyTemplate (ContainerDeletionChoosingPolicyTemplate.java:chooseContainerForBlockDeletion(83)) - Chosen 0/5000 blocks from 0 candidate containers.
2023-06-23 15:09:04,391 [main] INFO  volume.MutableVolumeSet (MutableVolumeSet.java:initializeVolumeSet(175)) - Added Volume : /home/runner/work/ozone/ozone/hadoop-ozone/integration-test/target/test-dir/MiniOzoneClusterImpl-741560ff-92e5-4b28-9778-2cf52193c8f3/datanode-9/data/ratis to VolumeSet
2023-06-23 15:09:04,392 [main] INFO  volume.ThrottledAsyncChecker (ThrottledAsyncChecker.java:schedule(141)) - Scheduling a check for /home/runner/work/ozone/ozone/hadoop-ozone/integration-test/target/test-dir/MiniOzoneClusterImpl-741560ff-92e5-4b28-9778-2cf52193c8f3/datanode-9/data/ratis
2023-06-23 15:09:04,392 [main] INFO  volume.StorageVolumeChecker (StorageVolumeChecker.java:checkAllVolumes(202)) - Scheduled health check for volume /home/runner/work/ozone/ozone/hadoop-ozone/integration-test/target/test-dir/MiniOzoneClusterImpl-741560ff-92e5-4b28-9778-2cf52193c8f3/datanode-9/data/ratis
2023-06-23 15:09:04,406 [Thread-327] INFO  ozoneimpl.ContainerReader (ContainerReader.java:readVolume(175)) - Finish verifying containers on volume /home/runner/work/ozone/ozone/hadoop-ozone/integration-test/target/test-dir/MiniOzoneClusterImpl-741560ff-92e5-4b28-9778-2cf52193c8f3/datanode-9/data-0/containers/hdds
2023-06-23 15:09:04,406 [main] INFO  ozoneimpl.OzoneContainer (OzoneContainer.java:buildContainerSet(316)) - Build ContainerSet costs 0s
2023-06-23 15:09:04,411 [main] INFO  server.RaftServer (ConfUtils.java:logGet(46)) - raft.rpc.type = GRPC (default)
2023-06-23 15:09:04,411 [main] INFO  grpc.GrpcConfigKeys (ConfUtils.java:logFallback(53)) - raft.grpc.admin.host = null (fallback to raft.grpc.server.host)
2023-06-23 15:09:04,411 [main] INFO  grpc.GrpcConfigKeys (ConfUtils.java:logGet(46)) - raft.grpc.admin.port = 15094 (custom)
2023-06-23 15:09:04,411 [main] INFO  grpc.GrpcConfigKeys (ConfUtils.java:logFallback(53)) - raft.grpc.client.host = null (fallback to raft.grpc.server.host)
2023-06-23 15:09:04,411 [main] INFO  grpc.GrpcConfigKeys (ConfUtils.java:logGet(46)) - raft.grpc.client.port = 15093 (custom)
2023-06-23 15:09:04,412 [main] INFO  grpc.GrpcConfigKeys (ConfUtils.java:logGet(46)) - raft.grpc.server.host = null (default)
2023-06-23 15:09:04,412 [main] INFO  grpc.GrpcConfigKeys (ConfUtils.java:logGet(46)) - raft.grpc.server.port = 15095 (custom)
2023-06-23 15:09:04,412 [main] INFO  server.GrpcService (ConfUtils.java:logGet(46)) - raft.grpc.message.size.max = 32MB (=33554432) (custom)
2023-06-23 15:09:04,412 [main] INFO  server.RaftServerConfigKeys (ConfUtils.java:logGet(46)) - raft.server.log.appender.buffer.byte-limit = 33554432 (custom)
2023-06-23 15:09:04,412 [main] INFO  server.GrpcService (ConfUtils.java:logGet(46)) - raft.grpc.flow.control.window = 5MB (=5242880) (custom)
2023-06-23 15:09:04,412 [main] INFO  server.RaftServerConfigKeys (ConfUtils.java:logGet(46)) - raft.server.rpc.request.timeout = 60s (custom)
2023-06-23 15:09:04,412 [main] INFO  grpc.GrpcConfigKeys (ConfUtils.java:logGet(46)) - raft.grpc.server.heartbeat.channel = true (default)
2023-06-23 15:09:04,415 [main] INFO  grpc.GrpcConfigKeys (ConfUtils.java:logGet(46)) - raft.grpc.server.async.request.thread.pool.cached = true (default)
2023-06-23 15:09:04,416 [main] INFO  grpc.GrpcConfigKeys (ConfUtils.java:logGet(46)) - raft.grpc.server.async.request.thread.pool.size = 32 (default)
2023-06-23 15:09:04,419 [main] INFO  impl.DataStreamServerImpl (ConfUtils.java:logGet(46)) - raft.datastream.type = NETTY (custom)
2023-06-23 15:09:04,421 [main] INFO  server.RaftServerConfigKeys (ConfUtils.java:logGet(46)) - raft.server.data-stream.async.request.thread.pool.cached = false (default)
2023-06-23 15:09:04,421 [main] INFO  server.RaftServerConfigKeys (ConfUtils.java:logGet(46)) - raft.server.data-stream.async.request.thread.pool.size = 20 (custom)
2023-06-23 15:09:04,421 [main] INFO  server.RaftServerConfigKeys (ConfUtils.java:logGet(46)) - raft.server.data-stream.async.write.thread.pool.size = 16 (default)
2023-06-23 15:09:04,421 [main] INFO  server.RaftServerConfigKeys (ConfUtils.java:logGet(46)) - raft.server.data-stream.client.pool.size = 10 (default)
2023-06-23 15:09:04,421 [main] INFO  netty.NettyConfigKeys$DataStream (ConfUtils.java:logGet(46)) - raft.netty.dataStream.server.use-epoll = false (default)
2023-06-23 15:09:04,421 [main] INFO  netty.NettyConfigKeys$DataStream (ConfUtils.java:logGet(46)) - raft.netty.dataStream.server.boss-group.size = 0 (default)
2023-06-23 15:09:04,422 [main] INFO  netty.NettyConfigKeys$DataStream (ConfUtils.java:logGet(46)) - raft.netty.dataStream.server.worker-group.size = 0 (default)
2023-06-23 15:09:04,435 [main] INFO  netty.NettyConfigKeys$DataStream (ConfUtils.java:logGet(46)) - raft.netty.dataStream.server.tls.conf = null (default)
2023-06-23 15:09:04,435 [main] INFO  netty.NettyConfigKeys$DataStream (ConfUtils.java:logGet(46)) - raft.netty.dataStream.host = null (default)
2023-06-23 15:09:04,435 [main] INFO  netty.NettyConfigKeys$DataStream (ConfUtils.java:logGet(46)) - raft.netty.dataStream.port = 15096 (custom)
2023-06-23 15:09:04,436 [main] INFO  server.RaftServerConfigKeys (ConfUtils.java:logGet(46)) - raft.server.threadpool.proxy.cached = true (default)
2023-06-23 15:09:04,436 [main] INFO  server.RaftServerConfigKeys (ConfUtils.java:logGet(46)) - raft.server.threadpool.proxy.size = 0 (default)
2023-06-23 15:09:04,436 [main] INFO  server.RaftServerConfigKeys (ConfUtils.java:logGet(46)) - raft.server.rpc.slowness.timeout = 300s (custom)
2023-06-23 15:09:04,436 [main] INFO  server.RaftServerConfigKeys (ConfUtils.java:logGet(46)) - raft.server.leaderelection.leader.step-down.wait-time = 10s (default)
2023-06-23 15:09:04,436 [main] INFO  server.RaftServerConfigKeys (ConfUtils.java:logGet(46)) - raft.server.storage.dir = [/home/runner/work/ozone/ozone/hadoop-ozone/integration-test/target/test-dir/MiniOzoneClusterImpl-741560ff-92e5-4b28-9778-2cf52193c8f3/datanode-9/data/ratis] (custom)
2023-06-23 15:09:04,446 [main] INFO  server.XceiverServerGrpc (XceiverServerGrpc.java:<init>(132)) - GrpcServer channel type EpollServerSocketChannel
2023-06-23 15:09:04,449 [main] INFO  replication.ReplicationSupervisor (ReplicationSupervisor.java:nodeStateUpdated(305)) - Node state updated to IN_SERVICE, scaling executor pool size to 10
2023-06-23 15:09:04,455 [main] INFO  http.BaseHttpServer (BaseHttpServer.java:newHttpServer2BuilderForOzone(224)) - Starting Web-server for hddsDatanode at: http://0.0.0.0:15090
2023-06-23 15:09:04,455 [main] INFO  http.BaseHttpServer (BaseHttpServer.java:<init>(111)) - Hadoop Security Enabled: false Ozone Security Enabled: false Ozone HTTP Security Enabled: false 
2023-06-23 15:09:04,458 [main] WARN  server.AuthenticationFilter (AuthenticationFilter.java:constructSecretProvider(240)) - Unable to initialize FileSignerSecretProvider, falling back to use random secrets. Reason: Could not read signature secret file: /home/runner/hadoop-http-auth-signature-secret
2023-06-23 15:09:04,461 [0c086b78-a0d4-4988-bd20-4088328bd4ca-NettyServerStreamRpc-bossGroup--thread1] INFO  logging.LoggingHandler (AbstractInternalLogger.java:log(148)) - [id: 0xa2a2b666] REGISTERED
2023-06-23 15:09:04,461 [0c086b78-a0d4-4988-bd20-4088328bd4ca-NettyServerStreamRpc-bossGroup--thread1] INFO  logging.LoggingHandler (AbstractInternalLogger.java:log(148)) - [id: 0xa2a2b666] BIND: 0.0.0.0/0.0.0.0:15096
2023-06-23 15:09:04,461 [0c086b78-a0d4-4988-bd20-4088328bd4ca-NettyServerStreamRpc-bossGroup--thread1] INFO  logging.LoggingHandler (AbstractInternalLogger.java:log(148)) - [id: 0xa2a2b666, L:/0:0:0:0:0:0:0:0:15096] ACTIVE
2023-06-23 15:09:04,462 [main] INFO  http.HttpRequestLog (HttpRequestLog.java:getRequestLog(86)) - Http request log for http.requests.hddsDatanode is not defined
2023-06-23 15:09:04,463 [main] INFO  http.HttpServer2 (HttpServer2.java:addGlobalFilter(1031)) - Added global filter 'safety' (class=org.apache.hadoop.hdds.server.http.HttpServer2$QuotingInputFilter)
2023-06-23 15:09:04,465 [main] INFO  http.HttpServer2 (HttpServer2.java:addFilter(1007)) - Added filter static_user_filter (class=org.apache.hadoop.http.lib.StaticUserWebFilter$StaticUserFilter) to context hddsDatanode
2023-06-23 15:09:04,465 [main] INFO  http.HttpServer2 (HttpServer2.java:addFilter(1015)) - Added filter static_user_filter (class=org.apache.hadoop.http.lib.StaticUserWebFilter$StaticUserFilter) to context logs
2023-06-23 15:09:04,465 [main] INFO  http.HttpServer2 (HttpServer2.java:addFilter(1015)) - Added filter static_user_filter (class=org.apache.hadoop.http.lib.StaticUserWebFilter$StaticUserFilter) to context static
2023-06-23 15:09:04,466 [main] INFO  http.BaseHttpServer (BaseHttpServer.java:<init>(190)) - HTTP server of hddsDatanode uses base directory /home/runner/work/ozone/ozone/hadoop-ozone/integration-test/target/test-dir/MiniOzoneClusterImpl-741560ff-92e5-4b28-9778-2cf52193c8f3/datanode-9/meta/webserver
2023-06-23 15:09:04,466 [main] INFO  http.HttpServer2 (HttpServer2.java:bindListener(1250)) - Jetty bound to port 15090
2023-06-23 15:09:04,466 [main] INFO  server.Server (Server.java:doStart(375)) - jetty-9.4.51.v20230217; built: 2023-02-17T08:19:37.309Z; git: b45c405e4544384de066f814ed42ae3dceacdd49; jvm 1.8.0_372-b07
2023-06-23 15:09:04,469 [main] INFO  server.session (DefaultSessionIdManager.java:doStart(334)) - DefaultSessionIdManager workerName=node0
2023-06-23 15:09:04,469 [main] INFO  server.session (DefaultSessionIdManager.java:doStart(339)) - No SessionScavenger set, using defaults
2023-06-23 15:09:04,469 [main] INFO  server.session (HouseKeeper.java:startScavenging(132)) - node0 Scavenging every 600000ms
2023-06-23 15:09:04,470 [main] INFO  handler.ContextHandler (ContextHandler.java:doStart(921)) - Started o.e.j.s.ServletContextHandler@26aec38f{logs,/logs,file:///home/runner/work/ozone/ozone/hadoop-ozone/integration-test/target/log,AVAILABLE}
2023-06-23 15:09:04,471 [main] INFO  handler.ContextHandler (ContextHandler.java:doStart(921)) - Started o.e.j.s.ServletContextHandler@5c9caa3b{static,/static,jar:file:/home/runner/.m2/repository/org/apache/ozone/hdds-container-service/1.4.0-SNAPSHOT/hdds-container-service-1.4.0-SNAPSHOT.jar!/webapps/static,AVAILABLE}
2023-06-23 15:09:04,684 [main] INFO  handler.ContextHandler (ContextHandler.java:doStart(921)) - Started o.e.j.w.WebAppContext@418ceffa{hddsDatanode,/,file:///home/runner/work/ozone/ozone/hadoop-ozone/integration-test/target/tmp/kms/webapp/,AVAILABLE}{jar:file:/home/runner/.m2/repository/org/apache/ozone/hdds-container-service/1.4.0-SNAPSHOT/hdds-container-service-1.4.0-SNAPSHOT.jar!/webapps/hddsDatanode}
2023-06-23 15:09:04,686 [main] INFO  server.AbstractConnector (AbstractConnector.java:doStart(333)) - Started ServerConnector@1e2097b3{HTTP/1.1, (http/1.1)}{0.0.0.0:15090}
2023-06-23 15:09:04,686 [main] INFO  server.Server (Server.java:doStart(415)) - Started @14250ms
2023-06-23 15:09:04,686 [main] WARN  impl.MetricsSystemImpl (MetricsSystemImpl.java:register(279)) - Sink prometheus already exists!
2023-06-23 15:09:04,687 [main] INFO  http.BaseHttpServer (BaseHttpServer.java:updateConnectorAddress(344)) - HTTP server of hddsDatanode listening at http://0.0.0.0:15090
2023-06-23 15:09:04,687 [main] INFO  ipc.CallQueueManager (CallQueueManager.java:<init>(90)) - Using callQueue: class java.util.concurrent.LinkedBlockingQueue, queueCapacity: 100, scheduler: class org.apache.hadoop.ipc.DefaultRpcScheduler, ipcBackoff: false.
2023-06-23 15:09:04,690 [Listener at 0.0.0.0/15091] INFO  hdds.HddsUtils (HddsUtils.java:preserveThreadName(848)) - Restoring thread name: main
2023-06-23 15:09:04,690 [main] INFO  ozone.HddsDatanodeService (HddsDatanodeService.java:start(335)) - Datanode start with admins: [runner]
2023-06-23 15:09:04,690 [main] INFO  ozone.HddsDatanodeClientProtocolServer (HddsDatanodeClientProtocolServer.java:start(72)) - RPC server for Client /0.0.0.0:15091
2023-06-23 15:09:04,690 [Socket Reader #1 for port 15091] INFO  ipc.Server (Server.java:run(1319)) - Starting Socket Reader #1 for port 15091
2023-06-23 15:09:04,691 [IPC Server Responder] INFO  ipc.Server (Server.java:run(1558)) - IPC Server Responder: starting
2023-06-23 15:09:04,698 [IPC Server listener on 15091] INFO  ipc.Server (Server.java:run(1398)) - IPC Server listener on 15091: starting
2023-06-23 15:09:04,699 [main] INFO  om.OzoneManager (OzoneManager.java:startSecretManager(1076)) - Starting secret key client.
2023-06-23 15:09:04,699 [main] INFO  om.OzoneManager (OzoneManager.java:startSecretManager(1087)) - Starting OM delegation token secret manager
2023-06-23 15:09:04,700 [main] INFO  security.OzoneDelegationTokenSecretManager (OzoneSecretManager.java:updateCurrentKey(175)) - Updating current master key for generating tokens. Cert id 1831370645251
2023-06-23 15:09:04,702 [Thread[Thread-343,5,main]] INFO  security.OzoneDelegationTokenSecretManager (OzoneDelegationTokenSecretManager.java:run(636)) - Starting expired delegation token remover thread, tokenRemoverScanInterval=60 min(s)
2023-06-23 15:09:04,709 [Datanode State Machine Daemon Thread] INFO  statemachine.DatanodeStateMachine (DatanodeStateMachine.java:lambda$startDaemon$0(531)) - Ozone container server started.
2023-06-23 15:09:04,710 [main] INFO  ozone.MiniOzoneClusterImpl (MiniOzoneClusterImpl.java:lambda$waitForClusterToBeReady$0(224)) - Waiting for nodes to be ready. Got 0 of 10 DN Heartbeats.
2023-06-23 15:09:04,717 [main] INFO  ozone.MiniOzoneClusterImpl (MiniOzoneClusterImpl.java:lambda$waitForClusterToBeReady$0(227)) - Waiting for cluster to exit safe mode
2023-06-23 15:09:04,717 [main] INFO  ozone.MiniOzoneClusterImpl (MiniOzoneClusterImpl.java:lambda$waitForClusterToBeReady$0(229)) - SCM became leader
2023-06-23 15:09:04,729 [Datanode State Machine Task Thread - 0] INFO  datanode.InitDatanodeState (InitDatanodeState.java:persistContainerDatanodeDetails(138)) - DatanodeDetails is persisted to /home/runner/work/ozone/ozone/hadoop-ozone/integration-test/target/test-dir/MiniOzoneClusterImpl-741560ff-92e5-4b28-9778-2cf52193c8f3/datanode-9/meta/datanode.id
2023-06-23 15:09:04,735 [EndpointStateMachine task thread for /0.0.0.0:15002 - 0 ] INFO  utils.DatanodeStoreCache (DatanodeStoreCache.java:addDB(66)) - Added db /home/runner/work/ozone/ozone/hadoop-ozone/integration-test/target/test-dir/MiniOzoneClusterImpl-741560ff-92e5-4b28-9778-2cf52193c8f3/datanode-4/data-0/containers/hdds/741560ff-92e5-4b28-9778-2cf52193c8f3/DS-55ea4a33-ab53-40f5-b38b-e29a8bbf7b2c/container.db to cache
2023-06-23 15:09:04,735 [EndpointStateMachine task thread for /0.0.0.0:15002 - 0 ] INFO  volume.HddsVolume (HddsVolume.java:createDbStore(350)) - SchemaV3 db is created and loaded at /home/runner/work/ozone/ozone/hadoop-ozone/integration-test/target/test-dir/MiniOzoneClusterImpl-741560ff-92e5-4b28-9778-2cf52193c8f3/datanode-4/data-0/containers/hdds/741560ff-92e5-4b28-9778-2cf52193c8f3/DS-55ea4a33-ab53-40f5-b38b-e29a8bbf7b2c/container.db for volume DS-55ea4a33-ab53-40f5-b38b-e29a8bbf7b2c
2023-06-23 15:09:04,736 [EndpointStateMachine task thread for /0.0.0.0:15002 - 0 ] INFO  ozoneimpl.OzoneContainer (OzoneContainer.java:start(419)) - Attempting to start container services.
2023-06-23 15:09:04,736 [EndpointStateMachine task thread for /0.0.0.0:15002 - 0 ] INFO  ozoneimpl.OzoneContainer (OzoneContainer.java:startContainerScrub(327)) - Scheduled background container scanners and the on-demand container scanner have been disabled.
2023-06-23 15:09:04,737 [EndpointStateMachine task thread for /0.0.0.0:15002 - 0 ] INFO  replication.ReplicationServer (ReplicationServer.java:start(128)) - ReplicationServer is started using port 15052
2023-06-23 15:09:04,737 [EndpointStateMachine task thread for /0.0.0.0:15002 - 0 ] INFO  ratis.XceiverServerRatis (XceiverServerRatis.java:start(517)) - Starting XceiverServerRatis aaefd232-7c4e-4e5c-bf06-1f2dae2e69ed
2023-06-23 15:09:04,741 [EndpointStateMachine task thread for /0.0.0.0:15002 - 0 ] INFO  server.RaftServer (RaftServerProxy.java:startImpl(400)) - aaefd232-7c4e-4e5c-bf06-1f2dae2e69ed: start RPC server
2023-06-23 15:09:04,751 [EndpointStateMachine task thread for /0.0.0.0:15002 - 0 ] INFO  server.GrpcService (GrpcService.java:startImpl(302)) - aaefd232-7c4e-4e5c-bf06-1f2dae2e69ed: GrpcService started, listening on 15048
2023-06-23 15:09:04,752 [EndpointStateMachine task thread for /0.0.0.0:15002 - 0 ] INFO  server.GrpcService (GrpcService.java:startImpl(302)) - aaefd232-7c4e-4e5c-bf06-1f2dae2e69ed: GrpcService started, listening on 15050
2023-06-23 15:09:04,753 [EndpointStateMachine task thread for /0.0.0.0:15002 - 0 ] INFO  server.GrpcService (GrpcService.java:startImpl(302)) - aaefd232-7c4e-4e5c-bf06-1f2dae2e69ed: GrpcService started, listening on 15049
2023-06-23 15:09:04,757 [EndpointStateMachine task thread for /0.0.0.0:15002 - 0 ] INFO  ratis.XceiverServerRatis (XceiverServerRatis.java:getRealPort(543)) - XceiverServerRatis aaefd232-7c4e-4e5c-bf06-1f2dae2e69ed is started using port 15048 for RATIS
2023-06-23 15:09:04,757 [EndpointStateMachine task thread for /0.0.0.0:15002 - 0 ] INFO  ratis.XceiverServerRatis (XceiverServerRatis.java:getRealPort(543)) - XceiverServerRatis aaefd232-7c4e-4e5c-bf06-1f2dae2e69ed is started using port 15049 for RATIS_ADMIN
2023-06-23 15:09:04,757 [EndpointStateMachine task thread for /0.0.0.0:15002 - 0 ] INFO  ratis.XceiverServerRatis (XceiverServerRatis.java:getRealPort(543)) - XceiverServerRatis aaefd232-7c4e-4e5c-bf06-1f2dae2e69ed is started using port 15050 for RATIS_SERVER
2023-06-23 15:09:04,757 [EndpointStateMachine task thread for /0.0.0.0:15002 - 0 ] INFO  ratis.XceiverServerRatis (XceiverServerRatis.java:getRealPort(543)) - XceiverServerRatis aaefd232-7c4e-4e5c-bf06-1f2dae2e69ed is started using port 15051 for RATIS_DATASTREAM
2023-06-23 15:09:04,757 [JvmPauseMonitor6] INFO  util.JvmPauseMonitor (JvmPauseMonitor.java:run(103)) - JvmPauseMonitor-aaefd232-7c4e-4e5c-bf06-1f2dae2e69ed: Started
2023-06-23 15:09:04,761 [BlockDeletingService#0] INFO  interfaces.ContainerDeletionChoosingPolicyTemplate (ContainerDeletionChoosingPolicyTemplate.java:chooseContainerForBlockDeletion(83)) - Chosen 0/5000 blocks from 0 candidate containers.
2023-06-23 15:09:05,024 [EndpointStateMachine task thread for /0.0.0.0:15002 - 0 ] INFO  utils.DatanodeStoreCache (DatanodeStoreCache.java:addDB(66)) - Added db /home/runner/work/ozone/ozone/hadoop-ozone/integration-test/target/test-dir/MiniOzoneClusterImpl-741560ff-92e5-4b28-9778-2cf52193c8f3/datanode-5/data-0/containers/hdds/741560ff-92e5-4b28-9778-2cf52193c8f3/DS-e42bf1d5-2c03-4de4-b3d2-a7ed04b63e81/container.db to cache
2023-06-23 15:09:05,024 [EndpointStateMachine task thread for /0.0.0.0:15002 - 0 ] INFO  volume.HddsVolume (HddsVolume.java:createDbStore(350)) - SchemaV3 db is created and loaded at /home/runner/work/ozone/ozone/hadoop-ozone/integration-test/target/test-dir/MiniOzoneClusterImpl-741560ff-92e5-4b28-9778-2cf52193c8f3/datanode-5/data-0/containers/hdds/741560ff-92e5-4b28-9778-2cf52193c8f3/DS-e42bf1d5-2c03-4de4-b3d2-a7ed04b63e81/container.db for volume DS-e42bf1d5-2c03-4de4-b3d2-a7ed04b63e81
2023-06-23 15:09:05,025 [EndpointStateMachine task thread for /0.0.0.0:15002 - 0 ] INFO  ozoneimpl.OzoneContainer (OzoneContainer.java:start(419)) - Attempting to start container services.
2023-06-23 15:09:05,025 [EndpointStateMachine task thread for /0.0.0.0:15002 - 0 ] INFO  ozoneimpl.OzoneContainer (OzoneContainer.java:startContainerScrub(327)) - Scheduled background container scanners and the on-demand container scanner have been disabled.
2023-06-23 15:09:05,027 [EndpointStateMachine task thread for /0.0.0.0:15002 - 0 ] INFO  replication.ReplicationServer (ReplicationServer.java:start(128)) - ReplicationServer is started using port 15061
2023-06-23 15:09:05,027 [EndpointStateMachine task thread for /0.0.0.0:15002 - 0 ] INFO  ratis.XceiverServerRatis (XceiverServerRatis.java:start(517)) - Starting XceiverServerRatis 09b3ab32-5fcb-422b-914e-2ec4890cee3e
2023-06-23 15:09:05,028 [EndpointStateMachine task thread for /0.0.0.0:15002 - 0 ] INFO  server.RaftServer (RaftServerProxy.java:startImpl(400)) - 09b3ab32-5fcb-422b-914e-2ec4890cee3e: start RPC server
2023-06-23 15:09:05,029 [EndpointStateMachine task thread for /0.0.0.0:15002 - 0 ] INFO  server.GrpcService (GrpcService.java:startImpl(302)) - 09b3ab32-5fcb-422b-914e-2ec4890cee3e: GrpcService started, listening on 15057
2023-06-23 15:09:05,031 [EndpointStateMachine task thread for /0.0.0.0:15002 - 0 ] INFO  server.GrpcService (GrpcService.java:startImpl(302)) - 09b3ab32-5fcb-422b-914e-2ec4890cee3e: GrpcService started, listening on 15059
2023-06-23 15:09:05,032 [EndpointStateMachine task thread for /0.0.0.0:15002 - 0 ] INFO  server.GrpcService (GrpcService.java:startImpl(302)) - 09b3ab32-5fcb-422b-914e-2ec4890cee3e: GrpcService started, listening on 15058
2023-06-23 15:09:05,032 [EndpointStateMachine task thread for /0.0.0.0:15002 - 0 ] INFO  ratis.XceiverServerRatis (XceiverServerRatis.java:getRealPort(543)) - XceiverServerRatis 09b3ab32-5fcb-422b-914e-2ec4890cee3e is started using port 15057 for RATIS
2023-06-23 15:09:05,032 [JvmPauseMonitor7] INFO  util.JvmPauseMonitor (JvmPauseMonitor.java:run(103)) - JvmPauseMonitor-09b3ab32-5fcb-422b-914e-2ec4890cee3e: Started
2023-06-23 15:09:05,032 [EndpointStateMachine task thread for /0.0.0.0:15002 - 0 ] INFO  ratis.XceiverServerRatis (XceiverServerRatis.java:getRealPort(543)) - XceiverServerRatis 09b3ab32-5fcb-422b-914e-2ec4890cee3e is started using port 15058 for RATIS_ADMIN
2023-06-23 15:09:05,032 [EndpointStateMachine task thread for /0.0.0.0:15002 - 0 ] INFO  ratis.XceiverServerRatis (XceiverServerRatis.java:getRealPort(543)) - XceiverServerRatis 09b3ab32-5fcb-422b-914e-2ec4890cee3e is started using port 15059 for RATIS_SERVER
2023-06-23 15:09:05,032 [EndpointStateMachine task thread for /0.0.0.0:15002 - 0 ] INFO  ratis.XceiverServerRatis (XceiverServerRatis.java:getRealPort(543)) - XceiverServerRatis 09b3ab32-5fcb-422b-914e-2ec4890cee3e is started using port 15060 for RATIS_DATASTREAM
2023-06-23 15:09:05,034 [BlockDeletingService#0] INFO  interfaces.ContainerDeletionChoosingPolicyTemplate (ContainerDeletionChoosingPolicyTemplate.java:chooseContainerForBlockDeletion(83)) - Chosen 0/5000 blocks from 0 candidate containers.
2023-06-23 15:09:05,174 [IPC Server handler 4 on default port 15002] INFO  net.NetworkTopologyImpl (NetworkTopologyImpl.java:add(112)) - Added a new node: /default-rack/3d425f4c-b0a3-4337-aec0-a29136ea4685
2023-06-23 15:09:05,176 [IPC Server handler 4 on default port 15002] INFO  node.SCMNodeManager (SCMNodeManager.java:register(405)) - Registered Data node : 3d425f4c-b0a3-4337-aec0-a29136ea4685{ip: 10.1.0.34, host: fv-az424-541.i1gjr3zuz4qevjy1zin2gin2ih.gx.internal.cloudapp.net, ports: [HTTP=15009, CLIENT_RPC=15010, REPLICATION=15016, RATIS=15012, RATIS_ADMIN=15013, RATIS_SERVER=15014, RATIS_DATASTREAM=15015, STANDALONE=15011], networkLocation: /default-rack, certSerialId: null, persistedOpState: null, persistedOpStateExpiryEpochSec: 0}
2023-06-23 15:09:05,182 [EventQueue-NodeRegistrationContainerReportForContainerSafeModeRule] INFO  safemode.SCMSafeModeManager (SCMSafeModeManager.java:validateSafeModeExitRules(200)) - ContainerSafeModeRule rule is successfully validated
2023-06-23 15:09:05,182 [EventQueue-NodeRegistrationContainerReportForDataNodeSafeModeRule] INFO  safemode.SCMSafeModeManager (DataNodeSafeModeRule.java:process(71)) - SCM in safe mode. 1 DataNodes registered, 3 required.
2023-06-23 15:09:05,188 [EventQueue-NewNodeForNewNodeHandler] INFO  pipeline.BackgroundPipelineCreator (BackgroundPipelineCreator.java:notifyEventTriggered(276)) - trigger a one-shot run on RatisPipelineUtilsThread.
2023-06-23 15:09:05,191 [EventQueue-PipelineReportForOneReplicaPipelineSafeModeRule] INFO  safemode.SCMSafeModeManager (SCMSafeModeManager.java:validateSafeModeExitRules(200)) - AtleastOneDatanodeReportedRule rule is successfully validated
2023-06-23 15:09:05,195 [RatisPipelineUtilsThread - 0] INFO  pipeline.RatisPipelineProvider (RatisPipelineProvider.java:lambda$create$0(206)) - Sending CreatePipelineCommand for pipeline:PipelineID=1df6030e-1e9d-46cc-a2e8-a0561d40ed08 to datanode:3d425f4c-b0a3-4337-aec0-a29136ea4685
2023-06-23 15:09:05,205 [RatisPipelineUtilsThread - 0] INFO  pipeline.PipelineManagerImpl (PipelineManagerImpl.java:createPipeline(238)) - Created pipeline Pipeline[ Id: 1df6030e-1e9d-46cc-a2e8-a0561d40ed08, Nodes: 3d425f4c-b0a3-4337-aec0-a29136ea4685(fv-az424-541.i1gjr3zuz4qevjy1zin2gin2ih.gx.internal.cloudapp.net/10.1.0.34), ReplicationConfig: RATIS/ONE, State:ALLOCATED, leaderId:, CreationTimestamp2023-06-23T15:09:05.194Z[Etc/UTC]].
2023-06-23 15:09:05,474 [EndpointStateMachine task thread for /0.0.0.0:15002 - 0 ] INFO  utils.DatanodeStoreCache (DatanodeStoreCache.java:addDB(66)) - Added db /home/runner/work/ozone/ozone/hadoop-ozone/integration-test/target/test-dir/MiniOzoneClusterImpl-741560ff-92e5-4b28-9778-2cf52193c8f3/datanode-6/data-0/containers/hdds/741560ff-92e5-4b28-9778-2cf52193c8f3/DS-83665ead-a08a-49f0-9bec-d75e33a985d3/container.db to cache
2023-06-23 15:09:05,474 [EndpointStateMachine task thread for /0.0.0.0:15002 - 0 ] INFO  volume.HddsVolume (HddsVolume.java:createDbStore(350)) - SchemaV3 db is created and loaded at /home/runner/work/ozone/ozone/hadoop-ozone/integration-test/target/test-dir/MiniOzoneClusterImpl-741560ff-92e5-4b28-9778-2cf52193c8f3/datanode-6/data-0/containers/hdds/741560ff-92e5-4b28-9778-2cf52193c8f3/DS-83665ead-a08a-49f0-9bec-d75e33a985d3/container.db for volume DS-83665ead-a08a-49f0-9bec-d75e33a985d3
2023-06-23 15:09:05,475 [EndpointStateMachine task thread for /0.0.0.0:15002 - 0 ] INFO  ozoneimpl.OzoneContainer (OzoneContainer.java:start(419)) - Attempting to start container services.
2023-06-23 15:09:05,475 [EndpointStateMachine task thread for /0.0.0.0:15002 - 0 ] INFO  ozoneimpl.OzoneContainer (OzoneContainer.java:startContainerScrub(327)) - Scheduled background container scanners and the on-demand container scanner have been disabled.
2023-06-23 15:09:05,477 [EndpointStateMachine task thread for /0.0.0.0:15002 - 0 ] INFO  replication.ReplicationServer (ReplicationServer.java:start(128)) - ReplicationServer is started using port 15070
2023-06-23 15:09:05,477 [EndpointStateMachine task thread for /0.0.0.0:15002 - 0 ] INFO  ratis.XceiverServerRatis (XceiverServerRatis.java:start(517)) - Starting XceiverServerRatis 8f274f01-9fb1-4f6a-9095-80f32b07f498
2023-06-23 15:09:05,478 [EndpointStateMachine task thread for /0.0.0.0:15002 - 0 ] INFO  server.RaftServer (RaftServerProxy.java:startImpl(400)) - 8f274f01-9fb1-4f6a-9095-80f32b07f498: start RPC server
2023-06-23 15:09:05,480 [EndpointStateMachine task thread for /0.0.0.0:15002 - 0 ] INFO  server.GrpcService (GrpcService.java:startImpl(302)) - 8f274f01-9fb1-4f6a-9095-80f32b07f498: GrpcService started, listening on 15066
2023-06-23 15:09:05,481 [EndpointStateMachine task thread for /0.0.0.0:15002 - 0 ] INFO  server.GrpcService (GrpcService.java:startImpl(302)) - 8f274f01-9fb1-4f6a-9095-80f32b07f498: GrpcService started, listening on 15068
2023-06-23 15:09:05,483 [EndpointStateMachine task thread for /0.0.0.0:15002 - 0 ] INFO  server.GrpcService (GrpcService.java:startImpl(302)) - 8f274f01-9fb1-4f6a-9095-80f32b07f498: GrpcService started, listening on 15067
2023-06-23 15:09:05,483 [EndpointStateMachine task thread for /0.0.0.0:15002 - 0 ] INFO  ratis.XceiverServerRatis (XceiverServerRatis.java:getRealPort(543)) - XceiverServerRatis 8f274f01-9fb1-4f6a-9095-80f32b07f498 is started using port 15066 for RATIS
2023-06-23 15:09:05,484 [JvmPauseMonitor8] INFO  util.JvmPauseMonitor (JvmPauseMonitor.java:run(103)) - JvmPauseMonitor-8f274f01-9fb1-4f6a-9095-80f32b07f498: Started
2023-06-23 15:09:05,484 [EndpointStateMachine task thread for /0.0.0.0:15002 - 0 ] INFO  ratis.XceiverServerRatis (XceiverServerRatis.java:getRealPort(543)) - XceiverServerRatis 8f274f01-9fb1-4f6a-9095-80f32b07f498 is started using port 15067 for RATIS_ADMIN
2023-06-23 15:09:05,484 [EndpointStateMachine task thread for /0.0.0.0:15002 - 0 ] INFO  ratis.XceiverServerRatis (XceiverServerRatis.java:getRealPort(543)) - XceiverServerRatis 8f274f01-9fb1-4f6a-9095-80f32b07f498 is started using port 15068 for RATIS_SERVER
2023-06-23 15:09:05,484 [EndpointStateMachine task thread for /0.0.0.0:15002 - 0 ] INFO  ratis.XceiverServerRatis (XceiverServerRatis.java:getRealPort(543)) - XceiverServerRatis 8f274f01-9fb1-4f6a-9095-80f32b07f498 is started using port 15069 for RATIS_DATASTREAM
2023-06-23 15:09:05,486 [BlockDeletingService#0] INFO  interfaces.ContainerDeletionChoosingPolicyTemplate (ContainerDeletionChoosingPolicyTemplate.java:chooseContainerForBlockDeletion(83)) - Chosen 0/5000 blocks from 0 candidate containers.
2023-06-23 15:09:05,641 [IPC Server handler 0 on default port 15002] INFO  net.NetworkTopologyImpl (NetworkTopologyImpl.java:add(112)) - Added a new node: /default-rack/af576844-0e82-4589-8eaa-8af09d83806e
2023-06-23 15:09:05,642 [IPC Server handler 0 on default port 15002] INFO  node.SCMNodeManager (SCMNodeManager.java:register(405)) - Registered Data node : af576844-0e82-4589-8eaa-8af09d83806e{ip: 10.1.0.34, host: fv-az424-541.i1gjr3zuz4qevjy1zin2gin2ih.gx.internal.cloudapp.net, ports: [HTTP=15018, CLIENT_RPC=15019, REPLICATION=15025, RATIS=15021, RATIS_ADMIN=15022, RATIS_SERVER=15023, RATIS_DATASTREAM=15024, STANDALONE=15020], networkLocation: /default-rack, certSerialId: null, persistedOpState: null, persistedOpStateExpiryEpochSec: 0}
2023-06-23 15:09:05,644 [EventQueue-NodeRegistrationContainerReportForDataNodeSafeModeRule] INFO  safemode.SCMSafeModeManager (DataNodeSafeModeRule.java:process(71)) - SCM in safe mode. 2 DataNodes registered, 3 required.
2023-06-23 15:09:05,645 [EventQueue-NewNodeForNewNodeHandler] INFO  pipeline.BackgroundPipelineCreator (BackgroundPipelineCreator.java:notifyEventTriggered(276)) - trigger a one-shot run on RatisPipelineUtilsThread.
2023-06-23 15:09:05,647 [RatisPipelineUtilsThread - 0] INFO  pipeline.RatisPipelineProvider (RatisPipelineProvider.java:lambda$create$0(206)) - Sending CreatePipelineCommand for pipeline:PipelineID=ab2c0fd1-c0fd-4588-8e70-9ed8ea5fe56a to datanode:af576844-0e82-4589-8eaa-8af09d83806e
2023-06-23 15:09:05,648 [RatisPipelineUtilsThread - 0] INFO  pipeline.PipelineManagerImpl (PipelineManagerImpl.java:createPipeline(238)) - Created pipeline Pipeline[ Id: ab2c0fd1-c0fd-4588-8e70-9ed8ea5fe56a, Nodes: af576844-0e82-4589-8eaa-8af09d83806e(fv-az424-541.i1gjr3zuz4qevjy1zin2gin2ih.gx.internal.cloudapp.net/10.1.0.34), ReplicationConfig: RATIS/ONE, State:ALLOCATED, leaderId:, CreationTimestamp2023-06-23T15:09:05.647Z[Etc/UTC]].
2023-06-23 15:09:05,717 [main] INFO  ozone.MiniOzoneClusterImpl (MiniOzoneClusterImpl.java:lambda$waitForClusterToBeReady$0(224)) - Waiting for nodes to be ready. Got 2 of 10 DN Heartbeats.
2023-06-23 15:09:05,717 [main] INFO  ozone.MiniOzoneClusterImpl (MiniOzoneClusterImpl.java:lambda$waitForClusterToBeReady$0(227)) - Waiting for cluster to exit safe mode
2023-06-23 15:09:05,717 [main] INFO  ozone.MiniOzoneClusterImpl (MiniOzoneClusterImpl.java:lambda$waitForClusterToBeReady$0(229)) - SCM became leader
2023-06-23 15:09:05,842 [EndpointStateMachine task thread for /0.0.0.0:15002 - 0 ] INFO  utils.DatanodeStoreCache (DatanodeStoreCache.java:addDB(66)) - Added db /home/runner/work/ozone/ozone/hadoop-ozone/integration-test/target/test-dir/MiniOzoneClusterImpl-741560ff-92e5-4b28-9778-2cf52193c8f3/datanode-7/data-0/containers/hdds/741560ff-92e5-4b28-9778-2cf52193c8f3/DS-c6285d47-8ed4-4051-bc1f-096d2ded3751/container.db to cache
2023-06-23 15:09:05,842 [EndpointStateMachine task thread for /0.0.0.0:15002 - 0 ] INFO  volume.HddsVolume (HddsVolume.java:createDbStore(350)) - SchemaV3 db is created and loaded at /home/runner/work/ozone/ozone/hadoop-ozone/integration-test/target/test-dir/MiniOzoneClusterImpl-741560ff-92e5-4b28-9778-2cf52193c8f3/datanode-7/data-0/containers/hdds/741560ff-92e5-4b28-9778-2cf52193c8f3/DS-c6285d47-8ed4-4051-bc1f-096d2ded3751/container.db for volume DS-c6285d47-8ed4-4051-bc1f-096d2ded3751
2023-06-23 15:09:05,843 [EndpointStateMachine task thread for /0.0.0.0:15002 - 0 ] INFO  ozoneimpl.OzoneContainer (OzoneContainer.java:start(419)) - Attempting to start container services.
2023-06-23 15:09:05,843 [EndpointStateMachine task thread for /0.0.0.0:15002 - 0 ] INFO  ozoneimpl.OzoneContainer (OzoneContainer.java:startContainerScrub(327)) - Scheduled background container scanners and the on-demand container scanner have been disabled.
2023-06-23 15:09:05,845 [EndpointStateMachine task thread for /0.0.0.0:15002 - 0 ] INFO  replication.ReplicationServer (ReplicationServer.java:start(128)) - ReplicationServer is started using port 15079
2023-06-23 15:09:05,845 [EndpointStateMachine task thread for /0.0.0.0:15002 - 0 ] INFO  ratis.XceiverServerRatis (XceiverServerRatis.java:start(517)) - Starting XceiverServerRatis 9f5088ea-8577-40bb-8f98-2a64f0190639
2023-06-23 15:09:05,846 [EndpointStateMachine task thread for /0.0.0.0:15002 - 0 ] INFO  server.RaftServer (RaftServerProxy.java:startImpl(400)) - 9f5088ea-8577-40bb-8f98-2a64f0190639: start RPC server
2023-06-23 15:09:05,852 [EndpointStateMachine task thread for /0.0.0.0:15002 - 0 ] INFO  server.GrpcService (GrpcService.java:startImpl(302)) - 9f5088ea-8577-40bb-8f98-2a64f0190639: GrpcService started, listening on 15075
2023-06-23 15:09:05,853 [EndpointStateMachine task thread for /0.0.0.0:15002 - 0 ] INFO  server.GrpcService (GrpcService.java:startImpl(302)) - 9f5088ea-8577-40bb-8f98-2a64f0190639: GrpcService started, listening on 15077
2023-06-23 15:09:05,859 [EndpointStateMachine task thread for /0.0.0.0:15002 - 0 ] INFO  server.GrpcService (GrpcService.java:startImpl(302)) - 9f5088ea-8577-40bb-8f98-2a64f0190639: GrpcService started, listening on 15076
2023-06-23 15:09:05,859 [EndpointStateMachine task thread for /0.0.0.0:15002 - 0 ] INFO  ratis.XceiverServerRatis (XceiverServerRatis.java:getRealPort(543)) - XceiverServerRatis 9f5088ea-8577-40bb-8f98-2a64f0190639 is started using port 15075 for RATIS
2023-06-23 15:09:05,859 [EndpointStateMachine task thread for /0.0.0.0:15002 - 0 ] INFO  ratis.XceiverServerRatis (XceiverServerRatis.java:getRealPort(543)) - XceiverServerRatis 9f5088ea-8577-40bb-8f98-2a64f0190639 is started using port 15076 for RATIS_ADMIN
2023-06-23 15:09:05,859 [EndpointStateMachine task thread for /0.0.0.0:15002 - 0 ] INFO  ratis.XceiverServerRatis (XceiverServerRatis.java:getRealPort(543)) - XceiverServerRatis 9f5088ea-8577-40bb-8f98-2a64f0190639 is started using port 15077 for RATIS_SERVER
2023-06-23 15:09:05,859 [EndpointStateMachine task thread for /0.0.0.0:15002 - 0 ] INFO  ratis.XceiverServerRatis (XceiverServerRatis.java:getRealPort(543)) - XceiverServerRatis 9f5088ea-8577-40bb-8f98-2a64f0190639 is started using port 15078 for RATIS_DATASTREAM
2023-06-23 15:09:05,860 [JvmPauseMonitor9] INFO  util.JvmPauseMonitor (JvmPauseMonitor.java:run(103)) - JvmPauseMonitor-9f5088ea-8577-40bb-8f98-2a64f0190639: Started
2023-06-23 15:09:05,863 [BlockDeletingService#0] INFO  interfaces.ContainerDeletionChoosingPolicyTemplate (ContainerDeletionChoosingPolicyTemplate.java:chooseContainerForBlockDeletion(83)) - Chosen 0/5000 blocks from 0 candidate containers.
2023-06-23 15:09:05,967 [IPC Server handler 4 on default port 15002] INFO  net.NetworkTopologyImpl (NetworkTopologyImpl.java:add(112)) - Added a new node: /default-rack/3f4ddf09-9f08-4efc-95be-1efd9e09d1d3
2023-06-23 15:09:05,968 [IPC Server handler 4 on default port 15002] INFO  node.SCMNodeManager (SCMNodeManager.java:register(405)) - Registered Data node : 3f4ddf09-9f08-4efc-95be-1efd9e09d1d3{ip: 10.1.0.34, host: fv-az424-541.i1gjr3zuz4qevjy1zin2gin2ih.gx.internal.cloudapp.net, ports: [HTTP=15027, CLIENT_RPC=15028, REPLICATION=15034, RATIS=15030, RATIS_ADMIN=15031, RATIS_SERVER=15032, RATIS_DATASTREAM=15033, STANDALONE=15029], networkLocation: /default-rack, certSerialId: null, persistedOpState: null, persistedOpStateExpiryEpochSec: 0}
2023-06-23 15:09:05,968 [EventQueue-NewNodeForNewNodeHandler] INFO  pipeline.BackgroundPipelineCreator (BackgroundPipelineCreator.java:notifyEventTriggered(276)) - trigger a one-shot run on RatisPipelineUtilsThread.
2023-06-23 15:09:05,969 [EventQueue-NodeRegistrationContainerReportForDataNodeSafeModeRule] INFO  safemode.SCMSafeModeManager (DataNodeSafeModeRule.java:process(71)) - SCM in safe mode. 3 DataNodes registered, 3 required.
2023-06-23 15:09:05,975 [EventQueue-NodeRegistrationContainerReportForDataNodeSafeModeRule] INFO  safemode.SCMSafeModeManager (SCMSafeModeManager.java:validateSafeModeExitRules(200)) - DataNodeSafeModeRule rule is successfully validated
2023-06-23 15:09:05,975 [EventQueue-NodeRegistrationContainerReportForDataNodeSafeModeRule] INFO  safemode.SCMSafeModeManager (SCMSafeModeManager.java:completePreCheck(229)) - All SCM safe mode pre check rules have passed
2023-06-23 15:09:05,976 [EventQueue-NodeRegistrationContainerReportForDataNodeSafeModeRule] INFO  ha.SCMContext (SCMContext.java:updateSafeModeStatus(228)) - Update SafeModeStatus from SafeModeStatus{safeModeStatus=true, preCheckPassed=false} to SafeModeStatus{safeModeStatus=true, preCheckPassed=true}.
2023-06-23 15:09:05,969 [RatisPipelineUtilsThread - 0] INFO  pipeline.RatisPipelineProvider (RatisPipelineProvider.java:lambda$create$0(206)) - Sending CreatePipelineCommand for pipeline:PipelineID=707681f4-5a32-4885-ae30-9f7fc03f14ce to datanode:3f4ddf09-9f08-4efc-95be-1efd9e09d1d3
2023-06-23 15:09:05,981 [RatisPipelineUtilsThread - 0] INFO  pipeline.PipelineManagerImpl (PipelineManagerImpl.java:createPipeline(238)) - Created pipeline Pipeline[ Id: 707681f4-5a32-4885-ae30-9f7fc03f14ce, Nodes: 3f4ddf09-9f08-4efc-95be-1efd9e09d1d3(fv-az424-541.i1gjr3zuz4qevjy1zin2gin2ih.gx.internal.cloudapp.net/10.1.0.34), ReplicationConfig: RATIS/ONE, State:ALLOCATED, leaderId:, CreationTimestamp2023-06-23T15:09:05.969Z[Etc/UTC]].
2023-06-23 15:09:05,977 [EventQueue-NodeRegistrationContainerReportForDataNodeSafeModeRule] INFO  pipeline.BackgroundPipelineCreator (BackgroundPipelineCreator.java:notifyEventTriggered(276)) - trigger a one-shot run on RatisPipelineUtilsThread.
2023-06-23 15:09:06,004 [RatisPipelineUtilsThread - 0] INFO  pipeline.RatisPipelineProvider (RatisPipelineProvider.java:lambda$create$0(206)) - Sending CreatePipelineCommand for pipeline:PipelineID=d9bb541b-498b-4bc8-b210-a862192d7515 to datanode:af576844-0e82-4589-8eaa-8af09d83806e
2023-06-23 15:09:06,004 [RatisPipelineUtilsThread - 0] INFO  pipeline.RatisPipelineProvider (RatisPipelineProvider.java:lambda$create$0(206)) - Sending CreatePipelineCommand for pipeline:PipelineID=d9bb541b-498b-4bc8-b210-a862192d7515 to datanode:3d425f4c-b0a3-4337-aec0-a29136ea4685
2023-06-23 15:09:06,004 [RatisPipelineUtilsThread - 0] INFO  pipeline.RatisPipelineProvider (RatisPipelineProvider.java:lambda$create$0(206)) - Sending CreatePipelineCommand for pipeline:PipelineID=d9bb541b-498b-4bc8-b210-a862192d7515 to datanode:3f4ddf09-9f08-4efc-95be-1efd9e09d1d3
2023-06-23 15:09:06,007 [RatisPipelineUtilsThread - 0] INFO  pipeline.PipelineManagerImpl (PipelineManagerImpl.java:createPipeline(238)) - Created pipeline Pipeline[ Id: d9bb541b-498b-4bc8-b210-a862192d7515, Nodes: af576844-0e82-4589-8eaa-8af09d83806e(fv-az424-541.i1gjr3zuz4qevjy1zin2gin2ih.gx.internal.cloudapp.net/10.1.0.34)3d425f4c-b0a3-4337-aec0-a29136ea4685(fv-az424-541.i1gjr3zuz4qevjy1zin2gin2ih.gx.internal.cloudapp.net/10.1.0.34)3f4ddf09-9f08-4efc-95be-1efd9e09d1d3(fv-az424-541.i1gjr3zuz4qevjy1zin2gin2ih.gx.internal.cloudapp.net/10.1.0.34), ReplicationConfig: RATIS/THREE, State:ALLOCATED, leaderId:, CreationTimestamp2023-06-23T15:09:06.004Z[Etc/UTC]].
2023-06-23 15:09:06,010 [RatisPipelineUtilsThread - 0] INFO  pipeline.RatisPipelineProvider (RatisPipelineProvider.java:lambda$create$0(206)) - Sending CreatePipelineCommand for pipeline:PipelineID=7d113dd2-4bcf-450e-b2bd-35ab23f1eeb6 to datanode:af576844-0e82-4589-8eaa-8af09d83806e
2023-06-23 15:09:06,010 [RatisPipelineUtilsThread - 0] INFO  pipeline.RatisPipelineProvider (RatisPipelineProvider.java:lambda$create$0(206)) - Sending CreatePipelineCommand for pipeline:PipelineID=7d113dd2-4bcf-450e-b2bd-35ab23f1eeb6 to datanode:3d425f4c-b0a3-4337-aec0-a29136ea4685
2023-06-23 15:09:06,010 [RatisPipelineUtilsThread - 0] INFO  pipeline.RatisPipelineProvider (RatisPipelineProvider.java:lambda$create$0(206)) - Sending CreatePipelineCommand for pipeline:PipelineID=7d113dd2-4bcf-450e-b2bd-35ab23f1eeb6 to datanode:3f4ddf09-9f08-4efc-95be-1efd9e09d1d3
2023-06-23 15:09:06,015 [RatisPipelineUtilsThread - 0] INFO  pipeline.PipelineManagerImpl (PipelineManagerImpl.java:createPipeline(238)) - Created pipeline Pipeline[ Id: 7d113dd2-4bcf-450e-b2bd-35ab23f1eeb6, Nodes: af576844-0e82-4589-8eaa-8af09d83806e(fv-az424-541.i1gjr3zuz4qevjy1zin2gin2ih.gx.internal.cloudapp.net/10.1.0.34)3d425f4c-b0a3-4337-aec0-a29136ea4685(fv-az424-541.i1gjr3zuz4qevjy1zin2gin2ih.gx.internal.cloudapp.net/10.1.0.34)3f4ddf09-9f08-4efc-95be-1efd9e09d1d3(fv-az424-541.i1gjr3zuz4qevjy1zin2gin2ih.gx.internal.cloudapp.net/10.1.0.34), ReplicationConfig: RATIS/THREE, State:ALLOCATED, leaderId:, CreationTimestamp2023-06-23T15:09:06.010Z[Etc/UTC]].
2023-06-23 15:09:06,016 [RatisPipelineUtilsThread - 0] INFO  pipeline.PipelineManagerImpl (PipelineManagerImpl.java:recordMetricsForPipeline(842)) - Pipeline: PipelineID=7d113dd2-4bcf-450e-b2bd-35ab23f1eeb6 contains same datanodes as previous pipelines: PipelineID=d9bb541b-498b-4bc8-b210-a862192d7515 nodeIds: af576844-0e82-4589-8eaa-8af09d83806e, 3d425f4c-b0a3-4337-aec0-a29136ea4685, 3f4ddf09-9f08-4efc-95be-1efd9e09d1d3
2023-06-23 15:09:06,017 [RatisPipelineUtilsThread - 0] WARN  pipeline.PipelinePlacementPolicy (PipelinePlacementPolicy.java:filterViableNodes(166)) - Pipeline creation failed due to no sufficient healthy datanodes. Required 3. Found 0. Excluded 3.
2023-06-23 15:09:06,018 [RatisPipelineUtilsThread - 0] WARN  pipeline.PipelinePlacementPolicy (PipelinePlacementPolicy.java:filterViableNodes(166)) - Pipeline creation failed due to no sufficient healthy datanodes. Required 3. Found 0. Excluded 3.
2023-06-23 15:09:06,320 [IPC Server handler 19 on default port 15002] INFO  net.NetworkTopologyImpl (NetworkTopologyImpl.java:add(112)) - Added a new node: /default-rack/00be7989-d8c1-4a83-aaf0-c8ed794c287b
2023-06-23 15:09:06,321 [IPC Server handler 19 on default port 15002] INFO  node.SCMNodeManager (SCMNodeManager.java:register(405)) - Registered Data node : 00be7989-d8c1-4a83-aaf0-c8ed794c287b{ip: 10.1.0.34, host: fv-az424-541.i1gjr3zuz4qevjy1zin2gin2ih.gx.internal.cloudapp.net, ports: [HTTP=15036, CLIENT_RPC=15037, REPLICATION=15043, RATIS=15039, RATIS_ADMIN=15040, RATIS_SERVER=15041, RATIS_DATASTREAM=15042, STANDALONE=15038], networkLocation: /default-rack, certSerialId: null, persistedOpState: null, persistedOpStateExpiryEpochSec: 0}
2023-06-23 15:09:06,321 [EventQueue-NewNodeForNewNodeHandler] INFO  pipeline.BackgroundPipelineCreator (BackgroundPipelineCreator.java:notifyEventTriggered(276)) - trigger a one-shot run on RatisPipelineUtilsThread.
2023-06-23 15:09:06,322 [RatisPipelineUtilsThread - 0] INFO  pipeline.RatisPipelineProvider (RatisPipelineProvider.java:lambda$create$0(206)) - Sending CreatePipelineCommand for pipeline:PipelineID=aa49f103-d67f-4ad5-8fa1-016f13eaceb9 to datanode:00be7989-d8c1-4a83-aaf0-c8ed794c287b
2023-06-23 15:09:06,325 [RatisPipelineUtilsThread - 0] INFO  pipeline.PipelineManagerImpl (PipelineManagerImpl.java:createPipeline(238)) - Created pipeline Pipeline[ Id: aa49f103-d67f-4ad5-8fa1-016f13eaceb9, Nodes: 00be7989-d8c1-4a83-aaf0-c8ed794c287b(fv-az424-541.i1gjr3zuz4qevjy1zin2gin2ih.gx.internal.cloudapp.net/10.1.0.34), ReplicationConfig: RATIS/ONE, State:ALLOCATED, leaderId:, CreationTimestamp2023-06-23T15:09:06.322Z[Etc/UTC]].
2023-06-23 15:09:06,325 [RatisPipelineUtilsThread - 0] WARN  pipeline.PipelinePlacementPolicy (PipelinePlacementPolicy.java:filterViableNodes(166)) - Pipeline creation failed due to no sufficient healthy datanodes. Required 3. Found 1. Excluded 3.
2023-06-23 15:09:06,334 [EndpointStateMachine task thread for /0.0.0.0:15002 - 0 ] INFO  utils.DatanodeStoreCache (DatanodeStoreCache.java:addDB(66)) - Added db /home/runner/work/ozone/ozone/hadoop-ozone/integration-test/target/test-dir/MiniOzoneClusterImpl-741560ff-92e5-4b28-9778-2cf52193c8f3/datanode-8/data-0/containers/hdds/741560ff-92e5-4b28-9778-2cf52193c8f3/DS-7b47b009-334b-42eb-b4be-4bf2e26f824d/container.db to cache
2023-06-23 15:09:06,334 [EndpointStateMachine task thread for /0.0.0.0:15002 - 0 ] INFO  volume.HddsVolume (HddsVolume.java:createDbStore(350)) - SchemaV3 db is created and loaded at /home/runner/work/ozone/ozone/hadoop-ozone/integration-test/target/test-dir/MiniOzoneClusterImpl-741560ff-92e5-4b28-9778-2cf52193c8f3/datanode-8/data-0/containers/hdds/741560ff-92e5-4b28-9778-2cf52193c8f3/DS-7b47b009-334b-42eb-b4be-4bf2e26f824d/container.db for volume DS-7b47b009-334b-42eb-b4be-4bf2e26f824d
2023-06-23 15:09:06,335 [EndpointStateMachine task thread for /0.0.0.0:15002 - 0 ] INFO  ozoneimpl.OzoneContainer (OzoneContainer.java:start(419)) - Attempting to start container services.
2023-06-23 15:09:06,335 [EndpointStateMachine task thread for /0.0.0.0:15002 - 0 ] INFO  ozoneimpl.OzoneContainer (OzoneContainer.java:startContainerScrub(327)) - Scheduled background container scanners and the on-demand container scanner have been disabled.
2023-06-23 15:09:06,337 [EndpointStateMachine task thread for /0.0.0.0:15002 - 0 ] INFO  replication.ReplicationServer (ReplicationServer.java:start(128)) - ReplicationServer is started using port 15088
2023-06-23 15:09:06,337 [EndpointStateMachine task thread for /0.0.0.0:15002 - 0 ] INFO  ratis.XceiverServerRatis (XceiverServerRatis.java:start(517)) - Starting XceiverServerRatis 1f6e8c2c-f646-4632-8e05-148bee690267
2023-06-23 15:09:06,337 [EndpointStateMachine task thread for /0.0.0.0:15002 - 0 ] INFO  server.RaftServer (RaftServerProxy.java:startImpl(400)) - 1f6e8c2c-f646-4632-8e05-148bee690267: start RPC server
2023-06-23 15:09:06,347 [EndpointStateMachine task thread for /0.0.0.0:15002 - 0 ] INFO  server.GrpcService (GrpcService.java:startImpl(302)) - 1f6e8c2c-f646-4632-8e05-148bee690267: GrpcService started, listening on 15084
2023-06-23 15:09:06,348 [EndpointStateMachine task thread for /0.0.0.0:15002 - 0 ] INFO  server.GrpcService (GrpcService.java:startImpl(302)) - 1f6e8c2c-f646-4632-8e05-148bee690267: GrpcService started, listening on 15086
2023-06-23 15:09:06,348 [EndpointStateMachine task thread for /0.0.0.0:15002 - 0 ] INFO  server.GrpcService (GrpcService.java:startImpl(302)) - 1f6e8c2c-f646-4632-8e05-148bee690267: GrpcService started, listening on 15085
2023-06-23 15:09:06,349 [EndpointStateMachine task thread for /0.0.0.0:15002 - 0 ] INFO  ratis.XceiverServerRatis (XceiverServerRatis.java:getRealPort(543)) - XceiverServerRatis 1f6e8c2c-f646-4632-8e05-148bee690267 is started using port 15084 for RATIS
2023-06-23 15:09:06,349 [EndpointStateMachine task thread for /0.0.0.0:15002 - 0 ] INFO  ratis.XceiverServerRatis (XceiverServerRatis.java:getRealPort(543)) - XceiverServerRatis 1f6e8c2c-f646-4632-8e05-148bee690267 is started using port 15085 for RATIS_ADMIN
2023-06-23 15:09:06,349 [EndpointStateMachine task thread for /0.0.0.0:15002 - 0 ] INFO  ratis.XceiverServerRatis (XceiverServerRatis.java:getRealPort(543)) - XceiverServerRatis 1f6e8c2c-f646-4632-8e05-148bee690267 is started using port 15086 for RATIS_SERVER
2023-06-23 15:09:06,349 [EndpointStateMachine task thread for /0.0.0.0:15002 - 0 ] INFO  ratis.XceiverServerRatis (XceiverServerRatis.java:getRealPort(543)) - XceiverServerRatis 1f6e8c2c-f646-4632-8e05-148bee690267 is started using port 15087 for RATIS_DATASTREAM
2023-06-23 15:09:06,349 [JvmPauseMonitor10] INFO  util.JvmPauseMonitor (JvmPauseMonitor.java:run(103)) - JvmPauseMonitor-1f6e8c2c-f646-4632-8e05-148bee690267: Started
2023-06-23 15:09:06,351 [BlockDeletingService#0] INFO  interfaces.ContainerDeletionChoosingPolicyTemplate (ContainerDeletionChoosingPolicyTemplate.java:chooseContainerForBlockDeletion(83)) - Chosen 0/5000 blocks from 0 candidate containers.
2023-06-23 15:09:06,677 [IPC Server handler 1 on default port 15002] INFO  net.NetworkTopologyImpl (NetworkTopologyImpl.java:add(112)) - Added a new node: /default-rack/aaefd232-7c4e-4e5c-bf06-1f2dae2e69ed
2023-06-23 15:09:06,677 [IPC Server handler 1 on default port 15002] INFO  node.SCMNodeManager (SCMNodeManager.java:register(405)) - Registered Data node : aaefd232-7c4e-4e5c-bf06-1f2dae2e69ed{ip: 10.1.0.34, host: fv-az424-541.i1gjr3zuz4qevjy1zin2gin2ih.gx.internal.cloudapp.net, ports: [HTTP=15045, CLIENT_RPC=15046, REPLICATION=15052, RATIS=15048, RATIS_ADMIN=15049, RATIS_SERVER=15050, RATIS_DATASTREAM=15051, STANDALONE=15047], networkLocation: /default-rack, certSerialId: null, persistedOpState: null, persistedOpStateExpiryEpochSec: 0}
2023-06-23 15:09:06,678 [EventQueue-NewNodeForNewNodeHandler] INFO  pipeline.BackgroundPipelineCreator (BackgroundPipelineCreator.java:notifyEventTriggered(276)) - trigger a one-shot run on RatisPipelineUtilsThread.
2023-06-23 15:09:06,678 [RatisPipelineUtilsThread - 0] INFO  pipeline.RatisPipelineProvider (RatisPipelineProvider.java:lambda$create$0(206)) - Sending CreatePipelineCommand for pipeline:PipelineID=c27b3687-99cd-45c4-89cc-3f8223c2b45c to datanode:aaefd232-7c4e-4e5c-bf06-1f2dae2e69ed
2023-06-23 15:09:06,680 [RatisPipelineUtilsThread - 0] INFO  pipeline.PipelineManagerImpl (PipelineManagerImpl.java:createPipeline(238)) - Created pipeline Pipeline[ Id: c27b3687-99cd-45c4-89cc-3f8223c2b45c, Nodes: aaefd232-7c4e-4e5c-bf06-1f2dae2e69ed(fv-az424-541.i1gjr3zuz4qevjy1zin2gin2ih.gx.internal.cloudapp.net/10.1.0.34), ReplicationConfig: RATIS/ONE, State:ALLOCATED, leaderId:, CreationTimestamp2023-06-23T15:09:06.678Z[Etc/UTC]].
2023-06-23 15:09:06,681 [RatisPipelineUtilsThread - 0] WARN  pipeline.PipelinePlacementPolicy (PipelinePlacementPolicy.java:filterViableNodes(166)) - Pipeline creation failed due to no sufficient healthy datanodes. Required 3. Found 2. Excluded 3.
2023-06-23 15:09:06,718 [main] INFO  ozone.MiniOzoneClusterImpl (MiniOzoneClusterImpl.java:lambda$waitForClusterToBeReady$0(224)) - Waiting for nodes to be ready. Got 5 of 10 DN Heartbeats.
2023-06-23 15:09:06,718 [main] INFO  ozone.MiniOzoneClusterImpl (MiniOzoneClusterImpl.java:lambda$waitForClusterToBeReady$0(227)) - Waiting for cluster to exit safe mode
2023-06-23 15:09:06,718 [main] INFO  ozone.MiniOzoneClusterImpl (MiniOzoneClusterImpl.java:lambda$waitForClusterToBeReady$0(229)) - SCM became leader
2023-06-23 15:09:06,750 [EndpointStateMachine task thread for /0.0.0.0:15002 - 0 ] INFO  utils.DatanodeStoreCache (DatanodeStoreCache.java:addDB(66)) - Added db /home/runner/work/ozone/ozone/hadoop-ozone/integration-test/target/test-dir/MiniOzoneClusterImpl-741560ff-92e5-4b28-9778-2cf52193c8f3/datanode-9/data-0/containers/hdds/741560ff-92e5-4b28-9778-2cf52193c8f3/DS-f7c6e047-0b77-4f34-a071-6828e40e70bf/container.db to cache
2023-06-23 15:09:06,750 [EndpointStateMachine task thread for /0.0.0.0:15002 - 0 ] INFO  volume.HddsVolume (HddsVolume.java:createDbStore(350)) - SchemaV3 db is created and loaded at /home/runner/work/ozone/ozone/hadoop-ozone/integration-test/target/test-dir/MiniOzoneClusterImpl-741560ff-92e5-4b28-9778-2cf52193c8f3/datanode-9/data-0/containers/hdds/741560ff-92e5-4b28-9778-2cf52193c8f3/DS-f7c6e047-0b77-4f34-a071-6828e40e70bf/container.db for volume DS-f7c6e047-0b77-4f34-a071-6828e40e70bf
2023-06-23 15:09:06,750 [EndpointStateMachine task thread for /0.0.0.0:15002 - 0 ] INFO  ozoneimpl.OzoneContainer (OzoneContainer.java:start(419)) - Attempting to start container services.
2023-06-23 15:09:06,750 [EndpointStateMachine task thread for /0.0.0.0:15002 - 0 ] INFO  ozoneimpl.OzoneContainer (OzoneContainer.java:startContainerScrub(327)) - Scheduled background container scanners and the on-demand container scanner have been disabled.
2023-06-23 15:09:06,753 [EndpointStateMachine task thread for /0.0.0.0:15002 - 0 ] INFO  replication.ReplicationServer (ReplicationServer.java:start(128)) - ReplicationServer is started using port 15097
2023-06-23 15:09:06,753 [EndpointStateMachine task thread for /0.0.0.0:15002 - 0 ] INFO  ratis.XceiverServerRatis (XceiverServerRatis.java:start(517)) - Starting XceiverServerRatis 0c086b78-a0d4-4988-bd20-4088328bd4ca
2023-06-23 15:09:06,754 [EndpointStateMachine task thread for /0.0.0.0:15002 - 0 ] INFO  server.RaftServer (RaftServerProxy.java:startImpl(400)) - 0c086b78-a0d4-4988-bd20-4088328bd4ca: start RPC server
2023-06-23 15:09:06,755 [EndpointStateMachine task thread for /0.0.0.0:15002 - 0 ] INFO  server.GrpcService (GrpcService.java:startImpl(302)) - 0c086b78-a0d4-4988-bd20-4088328bd4ca: GrpcService started, listening on 15093
2023-06-23 15:09:06,757 [EndpointStateMachine task thread for /0.0.0.0:15002 - 0 ] INFO  server.GrpcService (GrpcService.java:startImpl(302)) - 0c086b78-a0d4-4988-bd20-4088328bd4ca: GrpcService started, listening on 15095
2023-06-23 15:09:06,757 [EndpointStateMachine task thread for /0.0.0.0:15002 - 0 ] INFO  server.GrpcService (GrpcService.java:startImpl(302)) - 0c086b78-a0d4-4988-bd20-4088328bd4ca: GrpcService started, listening on 15094
2023-06-23 15:09:06,758 [EndpointStateMachine task thread for /0.0.0.0:15002 - 0 ] INFO  ratis.XceiverServerRatis (XceiverServerRatis.java:getRealPort(543)) - XceiverServerRatis 0c086b78-a0d4-4988-bd20-4088328bd4ca is started using port 15093 for RATIS
2023-06-23 15:09:06,758 [EndpointStateMachine task thread for /0.0.0.0:15002 - 0 ] INFO  ratis.XceiverServerRatis (XceiverServerRatis.java:getRealPort(543)) - XceiverServerRatis 0c086b78-a0d4-4988-bd20-4088328bd4ca is started using port 15094 for RATIS_ADMIN
2023-06-23 15:09:06,758 [EndpointStateMachine task thread for /0.0.0.0:15002 - 0 ] INFO  ratis.XceiverServerRatis (XceiverServerRatis.java:getRealPort(543)) - XceiverServerRatis 0c086b78-a0d4-4988-bd20-4088328bd4ca is started using port 15095 for RATIS_SERVER
2023-06-23 15:09:06,758 [EndpointStateMachine task thread for /0.0.0.0:15002 - 0 ] INFO  ratis.XceiverServerRatis (XceiverServerRatis.java:getRealPort(543)) - XceiverServerRatis 0c086b78-a0d4-4988-bd20-4088328bd4ca is started using port 15096 for RATIS_DATASTREAM
2023-06-23 15:09:06,758 [JvmPauseMonitor11] INFO  util.JvmPauseMonitor (JvmPauseMonitor.java:run(103)) - JvmPauseMonitor-0c086b78-a0d4-4988-bd20-4088328bd4ca: Started
2023-06-23 15:09:06,759 [BlockDeletingService#0] INFO  interfaces.ContainerDeletionChoosingPolicyTemplate (ContainerDeletionChoosingPolicyTemplate.java:chooseContainerForBlockDeletion(83)) - Chosen 0/5000 blocks from 0 candidate containers.
2023-06-23 15:09:06,999 [IPC Server handler 3 on default port 15002] INFO  net.NetworkTopologyImpl (NetworkTopologyImpl.java:add(112)) - Added a new node: /default-rack/09b3ab32-5fcb-422b-914e-2ec4890cee3e
2023-06-23 15:09:06,999 [IPC Server handler 3 on default port 15002] INFO  node.SCMNodeManager (SCMNodeManager.java:register(405)) - Registered Data node : 09b3ab32-5fcb-422b-914e-2ec4890cee3e{ip: 10.1.0.34, host: fv-az424-541.i1gjr3zuz4qevjy1zin2gin2ih.gx.internal.cloudapp.net, ports: [HTTP=15054, CLIENT_RPC=15055, REPLICATION=15061, RATIS=15057, RATIS_ADMIN=15058, RATIS_SERVER=15059, RATIS_DATASTREAM=15060, STANDALONE=15056], networkLocation: /default-rack, certSerialId: null, persistedOpState: null, persistedOpStateExpiryEpochSec: 0}
2023-06-23 15:09:06,999 [EventQueue-NewNodeForNewNodeHandler] INFO  pipeline.BackgroundPipelineCreator (BackgroundPipelineCreator.java:notifyEventTriggered(276)) - trigger a one-shot run on RatisPipelineUtilsThread.
2023-06-23 15:09:07,000 [RatisPipelineUtilsThread - 0] INFO  pipeline.RatisPipelineProvider (RatisPipelineProvider.java:lambda$create$0(206)) - Sending CreatePipelineCommand for pipeline:PipelineID=02d69290-92f4-48ab-be1b-7f3030c1f5c4 to datanode:09b3ab32-5fcb-422b-914e-2ec4890cee3e
2023-06-23 15:09:07,002 [RatisPipelineUtilsThread - 0] INFO  pipeline.PipelineManagerImpl (PipelineManagerImpl.java:createPipeline(238)) - Created pipeline Pipeline[ Id: 02d69290-92f4-48ab-be1b-7f3030c1f5c4, Nodes: 09b3ab32-5fcb-422b-914e-2ec4890cee3e(fv-az424-541.i1gjr3zuz4qevjy1zin2gin2ih.gx.internal.cloudapp.net/10.1.0.34), ReplicationConfig: RATIS/ONE, State:ALLOCATED, leaderId:, CreationTimestamp2023-06-23T15:09:07Z[Etc/UTC]].
2023-06-23 15:09:07,003 [RatisPipelineUtilsThread - 0] INFO  pipeline.RatisPipelineProvider (RatisPipelineProvider.java:lambda$create$0(206)) - Sending CreatePipelineCommand for pipeline:PipelineID=7deec83e-52d7-49af-8d72-cab49b7b2d82 to datanode:09b3ab32-5fcb-422b-914e-2ec4890cee3e
2023-06-23 15:09:07,003 [RatisPipelineUtilsThread - 0] INFO  pipeline.RatisPipelineProvider (RatisPipelineProvider.java:lambda$create$0(206)) - Sending CreatePipelineCommand for pipeline:PipelineID=7deec83e-52d7-49af-8d72-cab49b7b2d82 to datanode:aaefd232-7c4e-4e5c-bf06-1f2dae2e69ed
2023-06-23 15:09:07,003 [RatisPipelineUtilsThread - 0] INFO  pipeline.RatisPipelineProvider (RatisPipelineProvider.java:lambda$create$0(206)) - Sending CreatePipelineCommand for pipeline:PipelineID=7deec83e-52d7-49af-8d72-cab49b7b2d82 to datanode:00be7989-d8c1-4a83-aaf0-c8ed794c287b
2023-06-23 15:09:07,004 [RatisPipelineUtilsThread - 0] INFO  pipeline.PipelineManagerImpl (PipelineManagerImpl.java:createPipeline(238)) - Created pipeline Pipeline[ Id: 7deec83e-52d7-49af-8d72-cab49b7b2d82, Nodes: 09b3ab32-5fcb-422b-914e-2ec4890cee3e(fv-az424-541.i1gjr3zuz4qevjy1zin2gin2ih.gx.internal.cloudapp.net/10.1.0.34)aaefd232-7c4e-4e5c-bf06-1f2dae2e69ed(fv-az424-541.i1gjr3zuz4qevjy1zin2gin2ih.gx.internal.cloudapp.net/10.1.0.34)00be7989-d8c1-4a83-aaf0-c8ed794c287b(fv-az424-541.i1gjr3zuz4qevjy1zin2gin2ih.gx.internal.cloudapp.net/10.1.0.34), ReplicationConfig: RATIS/THREE, State:ALLOCATED, leaderId:, CreationTimestamp2023-06-23T15:09:07.003Z[Etc/UTC]].
2023-06-23 15:09:07,005 [RatisPipelineUtilsThread - 0] INFO  pipeline.RatisPipelineProvider (RatisPipelineProvider.java:lambda$create$0(206)) - Sending CreatePipelineCommand for pipeline:PipelineID=69d671e8-1ffb-428d-a945-2203fc5028f8 to datanode:aaefd232-7c4e-4e5c-bf06-1f2dae2e69ed
2023-06-23 15:09:07,005 [RatisPipelineUtilsThread - 0] INFO  pipeline.RatisPipelineProvider (RatisPipelineProvider.java:lambda$create$0(206)) - Sending CreatePipelineCommand for pipeline:PipelineID=69d671e8-1ffb-428d-a945-2203fc5028f8 to datanode:09b3ab32-5fcb-422b-914e-2ec4890cee3e
2023-06-23 15:09:07,005 [RatisPipelineUtilsThread - 0] INFO  pipeline.RatisPipelineProvider (RatisPipelineProvider.java:lambda$create$0(206)) - Sending CreatePipelineCommand for pipeline:PipelineID=69d671e8-1ffb-428d-a945-2203fc5028f8 to datanode:00be7989-d8c1-4a83-aaf0-c8ed794c287b
2023-06-23 15:09:07,006 [RatisPipelineUtilsThread - 0] INFO  pipeline.PipelineManagerImpl (PipelineManagerImpl.java:createPipeline(238)) - Created pipeline Pipeline[ Id: 69d671e8-1ffb-428d-a945-2203fc5028f8, Nodes: aaefd232-7c4e-4e5c-bf06-1f2dae2e69ed(fv-az424-541.i1gjr3zuz4qevjy1zin2gin2ih.gx.internal.cloudapp.net/10.1.0.34)09b3ab32-5fcb-422b-914e-2ec4890cee3e(fv-az424-541.i1gjr3zuz4qevjy1zin2gin2ih.gx.internal.cloudapp.net/10.1.0.34)00be7989-d8c1-4a83-aaf0-c8ed794c287b(fv-az424-541.i1gjr3zuz4qevjy1zin2gin2ih.gx.internal.cloudapp.net/10.1.0.34), ReplicationConfig: RATIS/THREE, State:ALLOCATED, leaderId:, CreationTimestamp2023-06-23T15:09:07.005Z[Etc/UTC]].
2023-06-23 15:09:07,006 [RatisPipelineUtilsThread - 0] INFO  pipeline.PipelineManagerImpl (PipelineManagerImpl.java:recordMetricsForPipeline(842)) - Pipeline: PipelineID=69d671e8-1ffb-428d-a945-2203fc5028f8 contains same datanodes as previous pipelines: PipelineID=7deec83e-52d7-49af-8d72-cab49b7b2d82 nodeIds: aaefd232-7c4e-4e5c-bf06-1f2dae2e69ed, 09b3ab32-5fcb-422b-914e-2ec4890cee3e, 00be7989-d8c1-4a83-aaf0-c8ed794c287b
2023-06-23 15:09:07,007 [RatisPipelineUtilsThread - 0] WARN  pipeline.PipelinePlacementPolicy (PipelinePlacementPolicy.java:filterViableNodes(166)) - Pipeline creation failed due to no sufficient healthy datanodes. Required 3. Found 0. Excluded 6.
2023-06-23 15:09:07,447 [IPC Server handler 18 on default port 15002] INFO  net.NetworkTopologyImpl (NetworkTopologyImpl.java:add(112)) - Added a new node: /default-rack/8f274f01-9fb1-4f6a-9095-80f32b07f498
2023-06-23 15:09:07,448 [IPC Server handler 18 on default port 15002] INFO  node.SCMNodeManager (SCMNodeManager.java:register(405)) - Registered Data node : 8f274f01-9fb1-4f6a-9095-80f32b07f498{ip: 10.1.0.34, host: fv-az424-541.i1gjr3zuz4qevjy1zin2gin2ih.gx.internal.cloudapp.net, ports: [HTTP=15063, CLIENT_RPC=15064, REPLICATION=15070, RATIS=15066, RATIS_ADMIN=15067, RATIS_SERVER=15068, RATIS_DATASTREAM=15069, STANDALONE=15065], networkLocation: /default-rack, certSerialId: null, persistedOpState: null, persistedOpStateExpiryEpochSec: 0}
2023-06-23 15:09:07,448 [EventQueue-NewNodeForNewNodeHandler] INFO  pipeline.BackgroundPipelineCreator (BackgroundPipelineCreator.java:notifyEventTriggered(276)) - trigger a one-shot run on RatisPipelineUtilsThread.
2023-06-23 15:09:07,450 [RatisPipelineUtilsThread - 0] INFO  pipeline.RatisPipelineProvider (RatisPipelineProvider.java:lambda$create$0(206)) - Sending CreatePipelineCommand for pipeline:PipelineID=b8533810-7955-4564-b78a-80ad8e0ce213 to datanode:8f274f01-9fb1-4f6a-9095-80f32b07f498
2023-06-23 15:09:07,452 [RatisPipelineUtilsThread - 0] INFO  pipeline.PipelineManagerImpl (PipelineManagerImpl.java:createPipeline(238)) - Created pipeline Pipeline[ Id: b8533810-7955-4564-b78a-80ad8e0ce213, Nodes: 8f274f01-9fb1-4f6a-9095-80f32b07f498(fv-az424-541.i1gjr3zuz4qevjy1zin2gin2ih.gx.internal.cloudapp.net/10.1.0.34), ReplicationConfig: RATIS/ONE, State:ALLOCATED, leaderId:, CreationTimestamp2023-06-23T15:09:07.450Z[Etc/UTC]].
2023-06-23 15:09:07,452 [RatisPipelineUtilsThread - 0] WARN  pipeline.PipelinePlacementPolicy (PipelinePlacementPolicy.java:filterViableNodes(166)) - Pipeline creation failed due to no sufficient healthy datanodes. Required 3. Found 1. Excluded 6.
2023-06-23 15:09:07,718 [main] INFO  ozone.MiniOzoneClusterImpl (MiniOzoneClusterImpl.java:lambda$waitForClusterToBeReady$0(224)) - Waiting for nodes to be ready. Got 7 of 10 DN Heartbeats.
2023-06-23 15:09:07,718 [main] INFO  ozone.MiniOzoneClusterImpl (MiniOzoneClusterImpl.java:lambda$waitForClusterToBeReady$0(227)) - Waiting for cluster to exit safe mode
2023-06-23 15:09:07,719 [main] INFO  ozone.MiniOzoneClusterImpl (MiniOzoneClusterImpl.java:lambda$waitForClusterToBeReady$0(229)) - SCM became leader
2023-06-23 15:09:07,809 [IPC Server handler 3 on default port 15002] INFO  net.NetworkTopologyImpl (NetworkTopologyImpl.java:add(112)) - Added a new node: /default-rack/9f5088ea-8577-40bb-8f98-2a64f0190639
2023-06-23 15:09:07,809 [IPC Server handler 3 on default port 15002] INFO  node.SCMNodeManager (SCMNodeManager.java:register(405)) - Registered Data node : 9f5088ea-8577-40bb-8f98-2a64f0190639{ip: 10.1.0.34, host: fv-az424-541.i1gjr3zuz4qevjy1zin2gin2ih.gx.internal.cloudapp.net, ports: [HTTP=15072, CLIENT_RPC=15073, REPLICATION=15079, RATIS=15075, RATIS_ADMIN=15076, RATIS_SERVER=15077, RATIS_DATASTREAM=15078, STANDALONE=15074], networkLocation: /default-rack, certSerialId: null, persistedOpState: null, persistedOpStateExpiryEpochSec: 0}
2023-06-23 15:09:07,810 [EventQueue-NewNodeForNewNodeHandler] INFO  pipeline.BackgroundPipelineCreator (BackgroundPipelineCreator.java:notifyEventTriggered(276)) - trigger a one-shot run on RatisPipelineUtilsThread.
2023-06-23 15:09:07,810 [RatisPipelineUtilsThread - 0] INFO  pipeline.RatisPipelineProvider (RatisPipelineProvider.java:lambda$create$0(206)) - Sending CreatePipelineCommand for pipeline:PipelineID=bc2fe470-4ad2-4988-bd78-75d22e2c4cf5 to datanode:9f5088ea-8577-40bb-8f98-2a64f0190639
2023-06-23 15:09:07,812 [RatisPipelineUtilsThread - 0] INFO  pipeline.PipelineManagerImpl (PipelineManagerImpl.java:createPipeline(238)) - Created pipeline Pipeline[ Id: bc2fe470-4ad2-4988-bd78-75d22e2c4cf5, Nodes: 9f5088ea-8577-40bb-8f98-2a64f0190639(fv-az424-541.i1gjr3zuz4qevjy1zin2gin2ih.gx.internal.cloudapp.net/10.1.0.34), ReplicationConfig: RATIS/ONE, State:ALLOCATED, leaderId:, CreationTimestamp2023-06-23T15:09:07.810Z[Etc/UTC]].
2023-06-23 15:09:07,812 [RatisPipelineUtilsThread - 0] WARN  pipeline.PipelinePlacementPolicy (PipelinePlacementPolicy.java:filterViableNodes(166)) - Pipeline creation failed due to no sufficient healthy datanodes. Required 3. Found 2. Excluded 6.
2023-06-23 15:09:08,167 [PipelineCommandHandlerThread-0] INFO  server.RaftServer (RaftServerProxy.java:addNew(98)) - 3d425f4c-b0a3-4337-aec0-a29136ea4685: addNew group-A0561D40ED08:[3d425f4c-b0a3-4337-aec0-a29136ea4685|rpc:10.1.0.34:15014|admin:10.1.0.34:15013|client:10.1.0.34:15012|dataStream:10.1.0.34:15015|priority:1|startupRole:FOLLOWER] returns group-A0561D40ED08:java.util.concurrent.CompletableFuture@739add2a[Not completed]
2023-06-23 15:09:08,175 [3d425f4c-b0a3-4337-aec0-a29136ea4685-groupManagement] INFO  server.RaftServer$Division (RaftServerImpl.java:<init>(198)) - 3d425f4c-b0a3-4337-aec0-a29136ea4685: new RaftServerImpl for group-A0561D40ED08:[3d425f4c-b0a3-4337-aec0-a29136ea4685|rpc:10.1.0.34:15014|admin:10.1.0.34:15013|client:10.1.0.34:15012|dataStream:10.1.0.34:15015|priority:1|startupRole:FOLLOWER] with ContainerStateMachine:uninitialized
2023-06-23 15:09:08,176 [3d425f4c-b0a3-4337-aec0-a29136ea4685-groupManagement] INFO  server.RaftServerConfigKeys (ConfUtils.java:logGet(46)) - raft.server.rpc.timeout.min = 5s (custom)
2023-06-23 15:09:08,176 [3d425f4c-b0a3-4337-aec0-a29136ea4685-groupManagement] INFO  server.RaftServerConfigKeys (ConfUtils.java:logGet(46)) - raft.server.rpc.timeout.max = 5200ms (custom)
2023-06-23 15:09:08,176 [3d425f4c-b0a3-4337-aec0-a29136ea4685-groupManagement] INFO  server.RaftServerConfigKeys (ConfUtils.java:logGet(46)) - raft.server.rpc.sleep.time = 25ms (default)
2023-06-23 15:09:08,176 [3d425f4c-b0a3-4337-aec0-a29136ea4685-groupManagement] INFO  server.RaftServerConfigKeys (ConfUtils.java:logGet(46)) - raft.server.rpc.slowness.timeout = 300s (custom)
2023-06-23 15:09:08,176 [3d425f4c-b0a3-4337-aec0-a29136ea4685-groupManagement] INFO  server.RaftServerConfigKeys (ConfUtils.java:logGet(46)) - raft.server.leaderelection.leader.step-down.wait-time = 10s (default)
2023-06-23 15:09:08,176 [3d425f4c-b0a3-4337-aec0-a29136ea4685-groupManagement] INFO  server.RaftServerConfigKeys (ConfUtils.java:logGet(46)) - raft.server.sleep.deviation.threshold = 300ms (default)
2023-06-23 15:09:08,176 [3d425f4c-b0a3-4337-aec0-a29136ea4685-groupManagement] INFO  server.RaftServer$Division (ServerState.java:<init>(120)) - 3d425f4c-b0a3-4337-aec0-a29136ea4685@group-A0561D40ED08: ConfigurationManager, init=-1: peers:[3d425f4c-b0a3-4337-aec0-a29136ea4685|rpc:10.1.0.34:15014|admin:10.1.0.34:15013|client:10.1.0.34:15012|dataStream:10.1.0.34:15015|priority:1|startupRole:FOLLOWER]|listeners:[], old=null, confs=<EMPTY_MAP>
2023-06-23 15:09:08,176 [3d425f4c-b0a3-4337-aec0-a29136ea4685-groupManagement] INFO  server.RaftServerConfigKeys (ConfUtils.java:logGet(46)) - raft.server.storage.dir = [/home/runner/work/ozone/ozone/hadoop-ozone/integration-test/target/test-dir/MiniOzoneClusterImpl-741560ff-92e5-4b28-9778-2cf52193c8f3/datanode-0/data/ratis] (custom)
2023-06-23 15:09:08,176 [3d425f4c-b0a3-4337-aec0-a29136ea4685-groupManagement] INFO  server.RaftServerConfigKeys (ConfUtils.java:logGet(46)) - raft.server.log.corruption.policy = EXCEPTION (default)
2023-06-23 15:09:08,176 [3d425f4c-b0a3-4337-aec0-a29136ea4685-groupManagement] INFO  server.RaftServerConfigKeys (ConfUtils.java:logGet(46)) - raft.server.storage.free-space.min = 0MB (=0) (default)
2023-06-23 15:09:08,176 [3d425f4c-b0a3-4337-aec0-a29136ea4685-groupManagement] INFO  server.RaftServerConfigKeys (ConfUtils.java:logGet(46)) - raft.server.notification.no-leader.timeout = 300s (custom)
2023-06-23 15:09:08,177 [3d425f4c-b0a3-4337-aec0-a29136ea4685-groupManagement] INFO  server.RaftServerConfigKeys (ConfUtils.java:logGet(46)) - raft.server.read.timeout = 10s (default)
2023-06-23 15:09:08,177 [3d425f4c-b0a3-4337-aec0-a29136ea4685-groupManagement] INFO  server.RaftServerConfigKeys (ConfUtils.java:logGet(46)) - raft.server.retrycache.expirytime = 600000ms (custom)
2023-06-23 15:09:08,177 [3d425f4c-b0a3-4337-aec0-a29136ea4685-groupManagement] INFO  server.RaftServerConfigKeys (ConfUtils.java:logGet(46)) - raft.server.retrycache.statistics.expirytime = 100μs (default)
2023-06-23 15:09:08,177 [3d425f4c-b0a3-4337-aec0-a29136ea4685-groupManagement] INFO  server.RaftServerConfigKeys (ConfUtils.java:logGet(46)) - raft.server.read.option = DEFAULT (default)
2023-06-23 15:09:08,180 [3d425f4c-b0a3-4337-aec0-a29136ea4685-groupManagement] INFO  server.RaftServerConfigKeys (ConfUtils.java:logGet(46)) - raft.server.rpc.request.timeout = 60s (custom)
2023-06-23 15:09:08,180 [3d425f4c-b0a3-4337-aec0-a29136ea4685-groupManagement] INFO  server.RaftServerConfigKeys (ConfUtils.java:logGet(46)) - raft.server.log.appender.install.snapshot.enabled = false (custom)
2023-06-23 15:09:08,180 [3d425f4c-b0a3-4337-aec0-a29136ea4685-groupManagement] INFO  server.RaftServerConfigKeys (ConfUtils.java:logGet(46)) - raft.server.threadpool.server.cached = true (default)
2023-06-23 15:09:08,180 [3d425f4c-b0a3-4337-aec0-a29136ea4685-groupManagement] INFO  server.RaftServerConfigKeys (ConfUtils.java:logGet(46)) - raft.server.threadpool.server.size = 0 (default)
2023-06-23 15:09:08,180 [3d425f4c-b0a3-4337-aec0-a29136ea4685-groupManagement] INFO  server.RaftServerConfigKeys (ConfUtils.java:logGet(46)) - raft.server.threadpool.client.cached = true (default)
2023-06-23 15:09:08,180 [3d425f4c-b0a3-4337-aec0-a29136ea4685-groupManagement] INFO  server.RaftServerConfigKeys (ConfUtils.java:logGet(46)) - raft.server.threadpool.client.size = 0 (default)
2023-06-23 15:09:08,180 [3d425f4c-b0a3-4337-aec0-a29136ea4685-groupManagement] INFO  storage.RaftStorageDirectory (RaftStorageDirectoryImpl.java:analyzeStorage(137)) - The storage directory /home/runner/work/ozone/ozone/hadoop-ozone/integration-test/target/test-dir/MiniOzoneClusterImpl-741560ff-92e5-4b28-9778-2cf52193c8f3/datanode-0/data/ratis/1df6030e-1e9d-46cc-a2e8-a0561d40ed08 does not exist. Creating ...
2023-06-23 15:09:08,182 [3d425f4c-b0a3-4337-aec0-a29136ea4685-groupManagement] INFO  storage.RaftStorageDirectory (RaftStorageDirectoryImpl.java:tryLock(231)) - Lock on /home/runner/work/ozone/ozone/hadoop-ozone/integration-test/target/test-dir/MiniOzoneClusterImpl-741560ff-92e5-4b28-9778-2cf52193c8f3/datanode-0/data/ratis/1df6030e-1e9d-46cc-a2e8-a0561d40ed08/in_use.lock acquired by nodename 61630@fv-az424-541
2023-06-23 15:09:08,183 [3d425f4c-b0a3-4337-aec0-a29136ea4685-groupManagement] INFO  storage.RaftStorage (RaftStorageImpl.java:format(96)) - Storage directory /home/runner/work/ozone/ozone/hadoop-ozone/integration-test/target/test-dir/MiniOzoneClusterImpl-741560ff-92e5-4b28-9778-2cf52193c8f3/datanode-0/data/ratis/1df6030e-1e9d-46cc-a2e8-a0561d40ed08 has been successfully formatted.
2023-06-23 15:09:08,187 [3d425f4c-b0a3-4337-aec0-a29136ea4685-groupManagement] INFO  ratis.ContainerStateMachine (ContainerStateMachine.java:loadSnapshot(262)) - group-A0561D40ED08: The snapshot info is null. Setting the last applied indexto:(t:0, i:~)
2023-06-23 15:09:08,187 [3d425f4c-b0a3-4337-aec0-a29136ea4685-groupManagement] INFO  server.RaftServerConfigKeys (ConfUtils.java:logGet(46)) - raft.server.log.use.memory = false (default)
2023-06-23 15:09:08,187 [3d425f4c-b0a3-4337-aec0-a29136ea4685-groupManagement] INFO  server.RaftServerConfigKeys (ConfUtils.java:logGet(46)) - raft.server.log.purge.gap = 1000000 (custom)
2023-06-23 15:09:08,187 [3d425f4c-b0a3-4337-aec0-a29136ea4685-groupManagement] INFO  server.RaftServerConfigKeys (ConfUtils.java:logGet(46)) - raft.server.log.appender.buffer.byte-limit = 33554432 (custom)
2023-06-23 15:09:08,187 [3d425f4c-b0a3-4337-aec0-a29136ea4685-groupManagement] INFO  server.RaftServerConfigKeys (ConfUtils.java:logGet(46)) - raft.server.log.statemachine.data.read.timeout = 1000ms (default)
2023-06-23 15:09:08,187 [3d425f4c-b0a3-4337-aec0-a29136ea4685-groupManagement] INFO  server.RaftServerConfigKeys (ConfUtils.java:logGet(46)) - raft.server.log.purge.preservation.log.num = 0 (default)
2023-06-23 15:09:08,187 [3d425f4c-b0a3-4337-aec0-a29136ea4685-groupManagement] INFO  server.RaftServerConfigKeys (ConfUtils.java:logGet(46)) - raft.server.log.segment.size.max = 1048576 (custom)
2023-06-23 15:09:08,188 [3d425f4c-b0a3-4337-aec0-a29136ea4685-groupManagement] INFO  server.RaftServerConfigKeys (ConfUtils.java:logGet(46)) - raft.server.log.segment.cache.num.max = 2 (custom)
2023-06-23 15:09:08,188 [3d425f4c-b0a3-4337-aec0-a29136ea4685-groupManagement] INFO  server.RaftServerConfigKeys (ConfUtils.java:logGet(46)) - raft.server.log.segment.cache.size.max = 200MB (=209715200) (default)
2023-06-23 15:09:08,189 [3d425f4c-b0a3-4337-aec0-a29136ea4685-groupManagement] INFO  server.RaftServerConfigKeys (ConfUtils.java:logGet(46)) - raft.server.log.appender.buffer.byte-limit = 33554432 (custom)
2023-06-23 15:09:08,189 [3d425f4c-b0a3-4337-aec0-a29136ea4685-groupManagement] INFO  segmented.SegmentedRaftLogWorker (SegmentedRaftLogWorker.java:<init>(188)) - new 3d425f4c-b0a3-4337-aec0-a29136ea4685@group-A0561D40ED08-SegmentedRaftLogWorker for RaftStorageImpl:Storage Directory /home/runner/work/ozone/ozone/hadoop-ozone/integration-test/target/test-dir/MiniOzoneClusterImpl-741560ff-92e5-4b28-9778-2cf52193c8f3/datanode-0/data/ratis/1df6030e-1e9d-46cc-a2e8-a0561d40ed08
2023-06-23 15:09:08,189 [3d425f4c-b0a3-4337-aec0-a29136ea4685-groupManagement] INFO  server.RaftServerConfigKeys (ConfUtils.java:logGet(46)) - raft.server.log.queue.byte-limit = 4294967296 (custom)
2023-06-23 15:09:08,189 [3d425f4c-b0a3-4337-aec0-a29136ea4685-groupManagement] INFO  server.RaftServerConfigKeys (ConfUtils.java:logGet(46)) - raft.server.log.queue.element-limit = 1024 (custom)
2023-06-23 15:09:08,189 [3d425f4c-b0a3-4337-aec0-a29136ea4685-groupManagement] INFO  server.RaftServerConfigKeys (ConfUtils.java:logGet(46)) - raft.server.log.segment.size.max = 1048576 (custom)
2023-06-23 15:09:08,189 [3d425f4c-b0a3-4337-aec0-a29136ea4685-groupManagement] INFO  server.RaftServerConfigKeys (ConfUtils.java:logGet(46)) - raft.server.log.preallocated.size = 16384 (custom)
2023-06-23 15:09:08,189 [3d425f4c-b0a3-4337-aec0-a29136ea4685-groupManagement] INFO  server.RaftServerConfigKeys (ConfUtils.java:logGet(46)) - raft.server.log.force.sync.num = 128 (default)
2023-06-23 15:09:08,189 [3d425f4c-b0a3-4337-aec0-a29136ea4685-groupManagement] INFO  server.RaftServerConfigKeys (ConfUtils.java:logGet(46)) - raft.server.log.statemachine.data.sync = true (default)
2023-06-23 15:09:08,189 [3d425f4c-b0a3-4337-aec0-a29136ea4685-groupManagement] INFO  server.RaftServerConfigKeys (ConfUtils.java:logGet(46)) - raft.server.log.statemachine.data.sync.timeout = 10s (default)
2023-06-23 15:09:08,189 [3d425f4c-b0a3-4337-aec0-a29136ea4685-groupManagement] INFO  server.RaftServerConfigKeys (ConfUtils.java:logGet(46)) - raft.server.log.statemachine.data.sync.timeout.retry = -1 (default)
2023-06-23 15:09:08,191 [3d425f4c-b0a3-4337-aec0-a29136ea4685-groupManagement] INFO  server.RaftServerConfigKeys (ConfUtils.java:logGet(46)) - raft.server.log.write.buffer.size = 1048576 (custom)
2023-06-23 15:09:08,192 [3d425f4c-b0a3-4337-aec0-a29136ea4685-groupManagement] INFO  server.RaftServerConfigKeys (ConfUtils.java:logGet(46)) - raft.server.log.appender.buffer.byte-limit = 33554432 (custom)
2023-06-23 15:09:08,198 [3d425f4c-b0a3-4337-aec0-a29136ea4685-groupManagement] INFO  server.RaftServerConfigKeys (ConfUtils.java:logGet(46)) - raft.server.log.unsafe-flush.enabled = false (default)
2023-06-23 15:09:08,198 [3d425f4c-b0a3-4337-aec0-a29136ea4685-groupManagement] INFO  server.RaftServerConfigKeys (ConfUtils.java:logGet(46)) - raft.server.log.async-flush.enabled = false (default)
2023-06-23 15:09:08,199 [3d425f4c-b0a3-4337-aec0-a29136ea4685-groupManagement] INFO  server.RaftServerConfigKeys (ConfUtils.java:logGet(46)) - raft.server.log.statemachine.data.caching.enabled = true (custom)
2023-06-23 15:09:08,200 [3d425f4c-b0a3-4337-aec0-a29136ea4685-groupManagement] INFO  segmented.SegmentedRaftLogWorker (SegmentedRaftLogWorker.java:lambda$new$0(135)) - 3d425f4c-b0a3-4337-aec0-a29136ea4685@group-A0561D40ED08-SegmentedRaftLogWorker: flushIndex: setUnconditionally 0 -> -1
2023-06-23 15:09:08,200 [3d425f4c-b0a3-4337-aec0-a29136ea4685-groupManagement] INFO  segmented.SegmentedRaftLogWorker (SegmentedRaftLogWorker.java:lambda$new$0(135)) - 3d425f4c-b0a3-4337-aec0-a29136ea4685@group-A0561D40ED08-SegmentedRaftLogWorker: safeCacheEvictIndex: setUnconditionally 0 -> -1
2023-06-23 15:09:08,202 [3d425f4c-b0a3-4337-aec0-a29136ea4685-groupManagement] INFO  server.RaftServer$Division (RaftServerImpl.java:start(342)) - 3d425f4c-b0a3-4337-aec0-a29136ea4685@group-A0561D40ED08: start as a follower, conf=-1: peers:[3d425f4c-b0a3-4337-aec0-a29136ea4685|rpc:10.1.0.34:15014|admin:10.1.0.34:15013|client:10.1.0.34:15012|dataStream:10.1.0.34:15015|priority:1|startupRole:FOLLOWER]|listeners:[], old=null
2023-06-23 15:09:08,202 [3d425f4c-b0a3-4337-aec0-a29136ea4685-groupManagement] INFO  server.RaftServer$Division (RaftServerImpl.java:setRole(329)) - 3d425f4c-b0a3-4337-aec0-a29136ea4685@group-A0561D40ED08: changes role from      null to FOLLOWER at term 0 for startAsFollower
2023-06-23 15:09:08,202 [3d425f4c-b0a3-4337-aec0-a29136ea4685-groupManagement] INFO  impl.RoleInfo (RoleInfo.java:updateAndGet(139)) - 3d425f4c-b0a3-4337-aec0-a29136ea4685: start 3d425f4c-b0a3-4337-aec0-a29136ea4685@group-A0561D40ED08-FollowerState
2023-06-23 15:09:08,208 [3d425f4c-b0a3-4337-aec0-a29136ea4685-groupManagement] INFO  util.JmxRegister (JmxRegister.java:tryRegister(44)) - Successfully registered JMX Bean with object name Ratis:service=RaftServer,group=group-A0561D40ED08,id=3d425f4c-b0a3-4337-aec0-a29136ea4685
2023-06-23 15:09:08,208 [3d425f4c-b0a3-4337-aec0-a29136ea4685-groupManagement] INFO  server.RaftServerConfigKeys (ConfUtils.java:logGet(46)) - raft.server.snapshot.auto.trigger.enabled = true (custom)
2023-06-23 15:09:08,208 [3d425f4c-b0a3-4337-aec0-a29136ea4685-groupManagement] INFO  server.RaftServerConfigKeys (ConfUtils.java:logGet(46)) - raft.server.snapshot.auto.trigger.threshold = 10000 (custom)
2023-06-23 15:09:08,208 [3d425f4c-b0a3-4337-aec0-a29136ea4685-groupManagement] INFO  server.RaftServerConfigKeys (ConfUtils.java:logGet(46)) - raft.server.snapshot.retention.file.num = 5 (custom)
2023-06-23 15:09:08,208 [3d425f4c-b0a3-4337-aec0-a29136ea4685-groupManagement] INFO  server.RaftServerConfigKeys (ConfUtils.java:logGet(46)) - raft.server.log.purge.upto.snapshot.index = false (default)
2023-06-23 15:09:08,211 [EventQueue-PipelineReportForPipelineReportHandler] INFO  pipeline.PipelineManagerImpl (PipelineManagerImpl.java:openPipeline(381)) - Pipeline Pipeline[ Id: 1df6030e-1e9d-46cc-a2e8-a0561d40ed08, Nodes: 3d425f4c-b0a3-4337-aec0-a29136ea4685(fv-az424-541.i1gjr3zuz4qevjy1zin2gin2ih.gx.internal.cloudapp.net/10.1.0.34), ReplicationConfig: RATIS/ONE, State:ALLOCATED, leaderId:3d425f4c-b0a3-4337-aec0-a29136ea4685, CreationTimestamp2023-06-23T15:09:05.194Z[Etc/UTC]] moved to OPEN state
2023-06-23 15:09:08,216 [EventQueue-OpenPipelineForHealthyPipelineSafeModeRule] INFO  safemode.SCMSafeModeManager (HealthyPipelineSafeModeRule.java:process(137)) - SCM in safe mode. Healthy pipelines reported count is 0, required healthy pipeline reported count is 1
2023-06-23 15:09:08,219 [3d425f4c-b0a3-4337-aec0-a29136ea4685@group-A0561D40ED08-FollowerState] INFO  server.RaftServerConfigKeys (ConfUtils.java:logFallback(53)) - raft.server.rpc.first-election.timeout.min = 5s (fallback to raft.server.rpc.timeout.min)
2023-06-23 15:09:08,219 [3d425f4c-b0a3-4337-aec0-a29136ea4685@group-A0561D40ED08-FollowerState] INFO  server.RaftServerConfigKeys (ConfUtils.java:logFallback(53)) - raft.server.rpc.first-election.timeout.max = 5200ms (fallback to raft.server.rpc.timeout.max)
2023-06-23 15:09:08,221 [PipelineCommandHandlerThread-0] INFO  ratis.XceiverServerRatis (XceiverServerRatis.java:addGroup(804)) - Created group PipelineID=1df6030e-1e9d-46cc-a2e8-a0561d40ed08
2023-06-23 15:09:08,222 [PipelineCommandHandlerThread-0] INFO  commandhandler.CreatePipelineCommandHandler (CreatePipelineCommandHandler.java:lambda$handle$2(124)) - Created Pipeline RATIS ONE PipelineID=1df6030e-1e9d-46cc-a2e8-a0561d40ed08.
2023-06-23 15:09:08,222 [PipelineCommandHandlerThread-0] INFO  server.RaftServer (RaftServerProxy.java:addNew(98)) - 3d425f4c-b0a3-4337-aec0-a29136ea4685: addNew group-A862192D7515:[3f4ddf09-9f08-4efc-95be-1efd9e09d1d3|rpc:10.1.0.34:15032|admin:10.1.0.34:15031|client:10.1.0.34:15030|dataStream:10.1.0.34:15033|priority:0|startupRole:FOLLOWER, af576844-0e82-4589-8eaa-8af09d83806e|rpc:10.1.0.34:15023|admin:10.1.0.34:15022|client:10.1.0.34:15021|dataStream:10.1.0.34:15024|priority:0|startupRole:FOLLOWER, 3d425f4c-b0a3-4337-aec0-a29136ea4685|rpc:10.1.0.34:15014|admin:10.1.0.34:15013|client:10.1.0.34:15012|dataStream:10.1.0.34:15015|priority:1|startupRole:FOLLOWER] returns group-A862192D7515:java.util.concurrent.CompletableFuture@62c5dd4f[Not completed]
2023-06-23 15:09:08,223 [3d425f4c-b0a3-4337-aec0-a29136ea4685-groupManagement] INFO  server.RaftServer$Division (RaftServerImpl.java:<init>(198)) - 3d425f4c-b0a3-4337-aec0-a29136ea4685: new RaftServerImpl for group-A862192D7515:[3f4ddf09-9f08-4efc-95be-1efd9e09d1d3|rpc:10.1.0.34:15032|admin:10.1.0.34:15031|client:10.1.0.34:15030|dataStream:10.1.0.34:15033|priority:0|startupRole:FOLLOWER, af576844-0e82-4589-8eaa-8af09d83806e|rpc:10.1.0.34:15023|admin:10.1.0.34:15022|client:10.1.0.34:15021|dataStream:10.1.0.34:15024|priority:0|startupRole:FOLLOWER, 3d425f4c-b0a3-4337-aec0-a29136ea4685|rpc:10.1.0.34:15014|admin:10.1.0.34:15013|client:10.1.0.34:15012|dataStream:10.1.0.34:15015|priority:1|startupRole:FOLLOWER] with ContainerStateMachine:uninitialized
2023-06-23 15:09:08,223 [3d425f4c-b0a3-4337-aec0-a29136ea4685-groupManagement] INFO  server.RaftServerConfigKeys (ConfUtils.java:logGet(46)) - raft.server.rpc.timeout.min = 5s (custom)
2023-06-23 15:09:08,223 [3d425f4c-b0a3-4337-aec0-a29136ea4685-groupManagement] INFO  server.RaftServerConfigKeys (ConfUtils.java:logGet(46)) - raft.server.rpc.timeout.max = 5200ms (custom)
2023-06-23 15:09:08,223 [3d425f4c-b0a3-4337-aec0-a29136ea4685-groupManagement] INFO  server.RaftServerConfigKeys (ConfUtils.java:logGet(46)) - raft.server.rpc.sleep.time = 25ms (default)
2023-06-23 15:09:08,223 [3d425f4c-b0a3-4337-aec0-a29136ea4685-groupManagement] INFO  server.RaftServerConfigKeys (ConfUtils.java:logGet(46)) - raft.server.rpc.slowness.timeout = 300s (custom)
2023-06-23 15:09:08,223 [3d425f4c-b0a3-4337-aec0-a29136ea4685-groupManagement] INFO  server.RaftServerConfigKeys (ConfUtils.java:logGet(46)) - raft.server.leaderelection.leader.step-down.wait-time = 10s (default)
2023-06-23 15:09:08,224 [3d425f4c-b0a3-4337-aec0-a29136ea4685-groupManagement] INFO  server.RaftServerConfigKeys (ConfUtils.java:logGet(46)) - raft.server.sleep.deviation.threshold = 300ms (default)
2023-06-23 15:09:08,224 [3d425f4c-b0a3-4337-aec0-a29136ea4685-groupManagement] INFO  server.RaftServer$Division (ServerState.java:<init>(120)) - 3d425f4c-b0a3-4337-aec0-a29136ea4685@group-A862192D7515: ConfigurationManager, init=-1: peers:[3f4ddf09-9f08-4efc-95be-1efd9e09d1d3|rpc:10.1.0.34:15032|admin:10.1.0.34:15031|client:10.1.0.34:15030|dataStream:10.1.0.34:15033|priority:0|startupRole:FOLLOWER, af576844-0e82-4589-8eaa-8af09d83806e|rpc:10.1.0.34:15023|admin:10.1.0.34:15022|client:10.1.0.34:15021|dataStream:10.1.0.34:15024|priority:0|startupRole:FOLLOWER, 3d425f4c-b0a3-4337-aec0-a29136ea4685|rpc:10.1.0.34:15014|admin:10.1.0.34:15013|client:10.1.0.34:15012|dataStream:10.1.0.34:15015|priority:1|startupRole:FOLLOWER]|listeners:[], old=null, confs=<EMPTY_MAP>
2023-06-23 15:09:08,224 [3d425f4c-b0a3-4337-aec0-a29136ea4685-groupManagement] INFO  server.RaftServerConfigKeys (ConfUtils.java:logGet(46)) - raft.server.storage.dir = [/home/runner/work/ozone/ozone/hadoop-ozone/integration-test/target/test-dir/MiniOzoneClusterImpl-741560ff-92e5-4b28-9778-2cf52193c8f3/datanode-0/data/ratis] (custom)
2023-06-23 15:09:08,224 [3d425f4c-b0a3-4337-aec0-a29136ea4685-groupManagement] INFO  server.RaftServerConfigKeys (ConfUtils.java:logGet(46)) - raft.server.log.corruption.policy = EXCEPTION (default)
2023-06-23 15:09:08,224 [3d425f4c-b0a3-4337-aec0-a29136ea4685-groupManagement] INFO  server.RaftServerConfigKeys (ConfUtils.java:logGet(46)) - raft.server.storage.free-space.min = 0MB (=0) (default)
2023-06-23 15:09:08,224 [3d425f4c-b0a3-4337-aec0-a29136ea4685-groupManagement] INFO  server.RaftServerConfigKeys (ConfUtils.java:logGet(46)) - raft.server.notification.no-leader.timeout = 300s (custom)
2023-06-23 15:09:08,224 [3d425f4c-b0a3-4337-aec0-a29136ea4685-groupManagement] INFO  server.RaftServerConfigKeys (ConfUtils.java:logGet(46)) - raft.server.read.timeout = 10s (default)
2023-06-23 15:09:08,224 [3d425f4c-b0a3-4337-aec0-a29136ea4685-groupManagement] INFO  server.RaftServerConfigKeys (ConfUtils.java:logGet(46)) - raft.server.retrycache.expirytime = 600000ms (custom)
2023-06-23 15:09:08,224 [3d425f4c-b0a3-4337-aec0-a29136ea4685-groupManagement] INFO  server.RaftServerConfigKeys (ConfUtils.java:logGet(46)) - raft.server.retrycache.statistics.expirytime = 100μs (default)
2023-06-23 15:09:08,224 [3d425f4c-b0a3-4337-aec0-a29136ea4685-groupManagement] INFO  server.RaftServerConfigKeys (ConfUtils.java:logGet(46)) - raft.server.read.option = DEFAULT (default)
2023-06-23 15:09:08,227 [3d425f4c-b0a3-4337-aec0-a29136ea4685-groupManagement] INFO  server.RaftServerConfigKeys (ConfUtils.java:logGet(46)) - raft.server.rpc.request.timeout = 60s (custom)
2023-06-23 15:09:08,227 [3d425f4c-b0a3-4337-aec0-a29136ea4685-groupManagement] INFO  server.RaftServerConfigKeys (ConfUtils.java:logGet(46)) - raft.server.log.appender.install.snapshot.enabled = false (custom)
2023-06-23 15:09:08,227 [3d425f4c-b0a3-4337-aec0-a29136ea4685-groupManagement] INFO  server.RaftServerConfigKeys (ConfUtils.java:logGet(46)) - raft.server.threadpool.server.cached = true (default)
2023-06-23 15:09:08,227 [3d425f4c-b0a3-4337-aec0-a29136ea4685-groupManagement] INFO  server.RaftServerConfigKeys (ConfUtils.java:logGet(46)) - raft.server.threadpool.server.size = 0 (default)
2023-06-23 15:09:08,227 [3d425f4c-b0a3-4337-aec0-a29136ea4685-groupManagement] INFO  server.RaftServerConfigKeys (ConfUtils.java:logGet(46)) - raft.server.threadpool.client.cached = true (default)
2023-06-23 15:09:08,227 [3d425f4c-b0a3-4337-aec0-a29136ea4685-groupManagement] INFO  server.RaftServerConfigKeys (ConfUtils.java:logGet(46)) - raft.server.threadpool.client.size = 0 (default)
2023-06-23 15:09:08,227 [3d425f4c-b0a3-4337-aec0-a29136ea4685-groupManagement] INFO  storage.RaftStorageDirectory (RaftStorageDirectoryImpl.java:analyzeStorage(137)) - The storage directory /home/runner/work/ozone/ozone/hadoop-ozone/integration-test/target/test-dir/MiniOzoneClusterImpl-741560ff-92e5-4b28-9778-2cf52193c8f3/datanode-0/data/ratis/d9bb541b-498b-4bc8-b210-a862192d7515 does not exist. Creating ...
2023-06-23 15:09:08,230 [3d425f4c-b0a3-4337-aec0-a29136ea4685-groupManagement] INFO  storage.RaftStorageDirectory (RaftStorageDirectoryImpl.java:tryLock(231)) - Lock on /home/runner/work/ozone/ozone/hadoop-ozone/integration-test/target/test-dir/MiniOzoneClusterImpl-741560ff-92e5-4b28-9778-2cf52193c8f3/datanode-0/data/ratis/d9bb541b-498b-4bc8-b210-a862192d7515/in_use.lock acquired by nodename 61630@fv-az424-541
2023-06-23 15:09:08,232 [3d425f4c-b0a3-4337-aec0-a29136ea4685-groupManagement] INFO  storage.RaftStorage (RaftStorageImpl.java:format(96)) - Storage directory /home/runner/work/ozone/ozone/hadoop-ozone/integration-test/target/test-dir/MiniOzoneClusterImpl-741560ff-92e5-4b28-9778-2cf52193c8f3/datanode-0/data/ratis/d9bb541b-498b-4bc8-b210-a862192d7515 has been successfully formatted.
2023-06-23 15:09:08,234 [EventQueue-OpenPipelineForHealthyPipelineSafeModeRule] INFO  safemode.SCMSafeModeManager (HealthyPipelineSafeModeRule.java:process(137)) - SCM in safe mode. Healthy pipelines reported count is 0, required healthy pipeline reported count is 1
2023-06-23 15:09:08,235 [3d425f4c-b0a3-4337-aec0-a29136ea4685-groupManagement] INFO  ratis.ContainerStateMachine (ContainerStateMachine.java:loadSnapshot(262)) - group-A862192D7515: The snapshot info is null. Setting the last applied indexto:(t:0, i:~)
2023-06-23 15:09:08,235 [3d425f4c-b0a3-4337-aec0-a29136ea4685-groupManagement] INFO  server.RaftServerConfigKeys (ConfUtils.java:logGet(46)) - raft.server.log.use.memory = false (default)
2023-06-23 15:09:08,235 [3d425f4c-b0a3-4337-aec0-a29136ea4685-groupManagement] INFO  server.RaftServerConfigKeys (ConfUtils.java:logGet(46)) - raft.server.log.purge.gap = 1000000 (custom)
2023-06-23 15:09:08,236 [3d425f4c-b0a3-4337-aec0-a29136ea4685-groupManagement] INFO  server.RaftServerConfigKeys (ConfUtils.java:logGet(46)) - raft.server.log.appender.buffer.byte-limit = 33554432 (custom)
2023-06-23 15:09:08,236 [3d425f4c-b0a3-4337-aec0-a29136ea4685-groupManagement] INFO  server.RaftServerConfigKeys (ConfUtils.java:logGet(46)) - raft.server.log.statemachine.data.read.timeout = 1000ms (default)
2023-06-23 15:09:08,236 [3d425f4c-b0a3-4337-aec0-a29136ea4685-groupManagement] INFO  server.RaftServerConfigKeys (ConfUtils.java:logGet(46)) - raft.server.log.purge.preservation.log.num = 0 (default)
2023-06-23 15:09:08,236 [3d425f4c-b0a3-4337-aec0-a29136ea4685-groupManagement] INFO  server.RaftServerConfigKeys (ConfUtils.java:logGet(46)) - raft.server.log.segment.size.max = 1048576 (custom)
2023-06-23 15:09:08,237 [3d425f4c-b0a3-4337-aec0-a29136ea4685-groupManagement] INFO  server.RaftServerConfigKeys (ConfUtils.java:logGet(46)) - raft.server.log.segment.cache.num.max = 2 (custom)
2023-06-23 15:09:08,237 [3d425f4c-b0a3-4337-aec0-a29136ea4685-groupManagement] INFO  server.RaftServerConfigKeys (ConfUtils.java:logGet(46)) - raft.server.log.segment.cache.size.max = 200MB (=209715200) (default)
2023-06-23 15:09:08,237 [3d425f4c-b0a3-4337-aec0-a29136ea4685-groupManagement] INFO  server.RaftServerConfigKeys (ConfUtils.java:logGet(46)) - raft.server.log.appender.buffer.byte-limit = 33554432 (custom)
2023-06-23 15:09:08,237 [3d425f4c-b0a3-4337-aec0-a29136ea4685-groupManagement] INFO  segmented.SegmentedRaftLogWorker (SegmentedRaftLogWorker.java:<init>(188)) - new 3d425f4c-b0a3-4337-aec0-a29136ea4685@group-A862192D7515-SegmentedRaftLogWorker for RaftStorageImpl:Storage Directory /home/runner/work/ozone/ozone/hadoop-ozone/integration-test/target/test-dir/MiniOzoneClusterImpl-741560ff-92e5-4b28-9778-2cf52193c8f3/datanode-0/data/ratis/d9bb541b-498b-4bc8-b210-a862192d7515
2023-06-23 15:09:08,237 [3d425f4c-b0a3-4337-aec0-a29136ea4685-groupManagement] INFO  server.RaftServerConfigKeys (ConfUtils.java:logGet(46)) - raft.server.log.queue.byte-limit = 4294967296 (custom)
2023-06-23 15:09:08,237 [3d425f4c-b0a3-4337-aec0-a29136ea4685-groupManagement] INFO  server.RaftServerConfigKeys (ConfUtils.java:logGet(46)) - raft.server.log.queue.element-limit = 1024 (custom)
2023-06-23 15:09:08,237 [3d425f4c-b0a3-4337-aec0-a29136ea4685-groupManagement] INFO  server.RaftServerConfigKeys (ConfUtils.java:logGet(46)) - raft.server.log.segment.size.max = 1048576 (custom)
2023-06-23 15:09:08,237 [3d425f4c-b0a3-4337-aec0-a29136ea4685-groupManagement] INFO  server.RaftServerConfigKeys (ConfUtils.java:logGet(46)) - raft.server.log.preallocated.size = 16384 (custom)
2023-06-23 15:09:08,237 [3d425f4c-b0a3-4337-aec0-a29136ea4685-groupManagement] INFO  server.RaftServerConfigKeys (ConfUtils.java:logGet(46)) - raft.server.log.force.sync.num = 128 (default)
2023-06-23 15:09:08,237 [3d425f4c-b0a3-4337-aec0-a29136ea4685-groupManagement] INFO  server.RaftServerConfigKeys (ConfUtils.java:logGet(46)) - raft.server.log.statemachine.data.sync = true (default)
2023-06-23 15:09:08,237 [3d425f4c-b0a3-4337-aec0-a29136ea4685-groupManagement] INFO  server.RaftServerConfigKeys (ConfUtils.java:logGet(46)) - raft.server.log.statemachine.data.sync.timeout = 10s (default)
2023-06-23 15:09:08,237 [3d425f4c-b0a3-4337-aec0-a29136ea4685-groupManagement] INFO  server.RaftServerConfigKeys (ConfUtils.java:logGet(46)) - raft.server.log.statemachine.data.sync.timeout.retry = -1 (default)
2023-06-23 15:09:08,243 [3d425f4c-b0a3-4337-aec0-a29136ea4685-groupManagement] INFO  server.RaftServerConfigKeys (ConfUtils.java:logGet(46)) - raft.server.log.write.buffer.size = 1048576 (custom)
2023-06-23 15:09:08,244 [3d425f4c-b0a3-4337-aec0-a29136ea4685-groupManagement] INFO  server.RaftServerConfigKeys (ConfUtils.java:logGet(46)) - raft.server.log.appender.buffer.byte-limit = 33554432 (custom)
2023-06-23 15:09:08,252 [3d425f4c-b0a3-4337-aec0-a29136ea4685-groupManagement] INFO  server.RaftServerConfigKeys (ConfUtils.java:logGet(46)) - raft.server.log.unsafe-flush.enabled = false (default)
2023-06-23 15:09:08,252 [3d425f4c-b0a3-4337-aec0-a29136ea4685-groupManagement] INFO  server.RaftServerConfigKeys (ConfUtils.java:logGet(46)) - raft.server.log.async-flush.enabled = false (default)
2023-06-23 15:09:08,252 [3d425f4c-b0a3-4337-aec0-a29136ea4685-groupManagement] INFO  server.RaftServerConfigKeys (ConfUtils.java:logGet(46)) - raft.server.log.statemachine.data.caching.enabled = true (custom)
2023-06-23 15:09:08,252 [3d425f4c-b0a3-4337-aec0-a29136ea4685-groupManagement] INFO  segmented.SegmentedRaftLogWorker (SegmentedRaftLogWorker.java:lambda$new$0(135)) - 3d425f4c-b0a3-4337-aec0-a29136ea4685@group-A862192D7515-SegmentedRaftLogWorker: flushIndex: setUnconditionally 0 -> -1
2023-06-23 15:09:08,252 [3d425f4c-b0a3-4337-aec0-a29136ea4685-groupManagement] INFO  segmented.SegmentedRaftLogWorker (SegmentedRaftLogWorker.java:lambda$new$0(135)) - 3d425f4c-b0a3-4337-aec0-a29136ea4685@group-A862192D7515-SegmentedRaftLogWorker: safeCacheEvictIndex: setUnconditionally 0 -> -1
2023-06-23 15:09:08,252 [3d425f4c-b0a3-4337-aec0-a29136ea4685-groupManagement] INFO  server.RaftServer$Division (RaftServerImpl.java:start(342)) - 3d425f4c-b0a3-4337-aec0-a29136ea4685@group-A862192D7515: start as a follower, conf=-1: peers:[3f4ddf09-9f08-4efc-95be-1efd9e09d1d3|rpc:10.1.0.34:15032|admin:10.1.0.34:15031|client:10.1.0.34:15030|dataStream:10.1.0.34:15033|priority:0|startupRole:FOLLOWER, af576844-0e82-4589-8eaa-8af09d83806e|rpc:10.1.0.34:15023|admin:10.1.0.34:15022|client:10.1.0.34:15021|dataStream:10.1.0.34:15024|priority:0|startupRole:FOLLOWER, 3d425f4c-b0a3-4337-aec0-a29136ea4685|rpc:10.1.0.34:15014|admin:10.1.0.34:15013|client:10.1.0.34:15012|dataStream:10.1.0.34:15015|priority:1|startupRole:FOLLOWER]|listeners:[], old=null
2023-06-23 15:09:08,252 [3d425f4c-b0a3-4337-aec0-a29136ea4685-groupManagement] INFO  server.RaftServer$Division (RaftServerImpl.java:setRole(329)) - 3d425f4c-b0a3-4337-aec0-a29136ea4685@group-A862192D7515: changes role from      null to FOLLOWER at term 0 for startAsFollower
2023-06-23 15:09:08,252 [3d425f4c-b0a3-4337-aec0-a29136ea4685-groupManagement] INFO  impl.RoleInfo (RoleInfo.java:updateAndGet(139)) - 3d425f4c-b0a3-4337-aec0-a29136ea4685: start 3d425f4c-b0a3-4337-aec0-a29136ea4685@group-A862192D7515-FollowerState
2023-06-23 15:09:08,253 [3d425f4c-b0a3-4337-aec0-a29136ea4685-groupManagement] INFO  util.JmxRegister (JmxRegister.java:tryRegister(44)) - Successfully registered JMX Bean with object name Ratis:service=RaftServer,group=group-A862192D7515,id=3d425f4c-b0a3-4337-aec0-a29136ea4685
2023-06-23 15:09:08,253 [3d425f4c-b0a3-4337-aec0-a29136ea4685-groupManagement] INFO  server.RaftServerConfigKeys (ConfUtils.java:logGet(46)) - raft.server.snapshot.auto.trigger.enabled = true (custom)
2023-06-23 15:09:08,253 [3d425f4c-b0a3-4337-aec0-a29136ea4685-groupManagement] INFO  server.RaftServerConfigKeys (ConfUtils.java:logGet(46)) - raft.server.snapshot.auto.trigger.threshold = 10000 (custom)
2023-06-23 15:09:08,253 [3d425f4c-b0a3-4337-aec0-a29136ea4685-groupManagement] INFO  server.RaftServerConfigKeys (ConfUtils.java:logGet(46)) - raft.server.snapshot.retention.file.num = 5 (custom)
2023-06-23 15:09:08,253 [3d425f4c-b0a3-4337-aec0-a29136ea4685-groupManagement] INFO  server.RaftServerConfigKeys (ConfUtils.java:logGet(46)) - raft.server.log.purge.upto.snapshot.index = false (default)
2023-06-23 15:09:08,255 [3d425f4c-b0a3-4337-aec0-a29136ea4685@group-A862192D7515-FollowerState] INFO  server.RaftServerConfigKeys (ConfUtils.java:logFallback(53)) - raft.server.rpc.first-election.timeout.min = 5s (fallback to raft.server.rpc.timeout.min)
2023-06-23 15:09:08,266 [PipelineCommandHandlerThread-0] INFO  ratis.XceiverServerRatis (XceiverServerRatis.java:addGroup(804)) - Created group PipelineID=d9bb541b-498b-4bc8-b210-a862192d7515
2023-06-23 15:09:08,266 [3d425f4c-b0a3-4337-aec0-a29136ea4685@group-A862192D7515-FollowerState] INFO  server.RaftServerConfigKeys (ConfUtils.java:logFallback(53)) - raft.server.rpc.first-election.timeout.max = 5200ms (fallback to raft.server.rpc.timeout.max)
2023-06-23 15:09:08,296 [IPC Server handler 13 on default port 15002] INFO  net.NetworkTopologyImpl (NetworkTopologyImpl.java:add(112)) - Added a new node: /default-rack/1f6e8c2c-f646-4632-8e05-148bee690267
2023-06-23 15:09:08,296 [IPC Server handler 13 on default port 15002] INFO  node.SCMNodeManager (SCMNodeManager.java:register(405)) - Registered Data node : 1f6e8c2c-f646-4632-8e05-148bee690267{ip: 10.1.0.34, host: fv-az424-541.i1gjr3zuz4qevjy1zin2gin2ih.gx.internal.cloudapp.net, ports: [HTTP=15081, CLIENT_RPC=15082, REPLICATION=15088, RATIS=15084, RATIS_ADMIN=15085, RATIS_SERVER=15086, RATIS_DATASTREAM=15087, STANDALONE=15083], networkLocation: /default-rack, certSerialId: null, persistedOpState: null, persistedOpStateExpiryEpochSec: 0}
2023-06-23 15:09:08,297 [EventQueue-NewNodeForNewNodeHandler] INFO  pipeline.BackgroundPipelineCreator (BackgroundPipelineCreator.java:notifyEventTriggered(276)) - trigger a one-shot run on RatisPipelineUtilsThread.
2023-06-23 15:09:08,297 [RatisPipelineUtilsThread - 0] INFO  pipeline.RatisPipelineProvider (RatisPipelineProvider.java:lambda$create$0(206)) - Sending CreatePipelineCommand for pipeline:PipelineID=dc23dcf4-df37-4fd4-a09d-67173d03a824 to datanode:1f6e8c2c-f646-4632-8e05-148bee690267
2023-06-23 15:09:08,299 [RatisPipelineUtilsThread - 0] INFO  pipeline.PipelineManagerImpl (PipelineManagerImpl.java:createPipeline(238)) - Created pipeline Pipeline[ Id: dc23dcf4-df37-4fd4-a09d-67173d03a824, Nodes: 1f6e8c2c-f646-4632-8e05-148bee690267(fv-az424-541.i1gjr3zuz4qevjy1zin2gin2ih.gx.internal.cloudapp.net/10.1.0.34), ReplicationConfig: RATIS/ONE, State:ALLOCATED, leaderId:, CreationTimestamp2023-06-23T15:09:08.297Z[Etc/UTC]].
2023-06-23 15:09:08,300 [RatisPipelineUtilsThread - 0] INFO  pipeline.RatisPipelineProvider (RatisPipelineProvider.java:lambda$create$0(206)) - Sending CreatePipelineCommand for pipeline:PipelineID=5026fec4-7540-4970-aee9-9210922174f7 to datanode:8f274f01-9fb1-4f6a-9095-80f32b07f498
2023-06-23 15:09:08,300 [RatisPipelineUtilsThread - 0] INFO  pipeline.RatisPipelineProvider (RatisPipelineProvider.java:lambda$create$0(206)) - Sending CreatePipelineCommand for pipeline:PipelineID=5026fec4-7540-4970-aee9-9210922174f7 to datanode:1f6e8c2c-f646-4632-8e05-148bee690267
2023-06-23 15:09:08,300 [RatisPipelineUtilsThread - 0] INFO  pipeline.RatisPipelineProvider (RatisPipelineProvider.java:lambda$create$0(206)) - Sending CreatePipelineCommand for pipeline:PipelineID=5026fec4-7540-4970-aee9-9210922174f7 to datanode:9f5088ea-8577-40bb-8f98-2a64f0190639
2023-06-23 15:09:08,301 [RatisPipelineUtilsThread - 0] INFO  pipeline.PipelineManagerImpl (PipelineManagerImpl.java:createPipeline(238)) - Created pipeline Pipeline[ Id: 5026fec4-7540-4970-aee9-9210922174f7, Nodes: 8f274f01-9fb1-4f6a-9095-80f32b07f498(fv-az424-541.i1gjr3zuz4qevjy1zin2gin2ih.gx.internal.cloudapp.net/10.1.0.34)1f6e8c2c-f646-4632-8e05-148bee690267(fv-az424-541.i1gjr3zuz4qevjy1zin2gin2ih.gx.internal.cloudapp.net/10.1.0.34)9f5088ea-8577-40bb-8f98-2a64f0190639(fv-az424-541.i1gjr3zuz4qevjy1zin2gin2ih.gx.internal.cloudapp.net/10.1.0.34), ReplicationConfig: RATIS/THREE, State:ALLOCATED, leaderId:, CreationTimestamp2023-06-23T15:09:08.300Z[Etc/UTC]].
2023-06-23 15:09:08,302 [RatisPipelineUtilsThread - 0] INFO  pipeline.RatisPipelineProvider (RatisPipelineProvider.java:lambda$create$0(206)) - Sending CreatePipelineCommand for pipeline:PipelineID=d1e83715-fb40-4a84-ae1d-72c7d76482b5 to datanode:9f5088ea-8577-40bb-8f98-2a64f0190639
2023-06-23 15:09:08,302 [RatisPipelineUtilsThread - 0] INFO  pipeline.RatisPipelineProvider (RatisPipelineProvider.java:lambda$create$0(206)) - Sending CreatePipelineCommand for pipeline:PipelineID=d1e83715-fb40-4a84-ae1d-72c7d76482b5 to datanode:1f6e8c2c-f646-4632-8e05-148bee690267
2023-06-23 15:09:08,302 [RatisPipelineUtilsThread - 0] INFO  pipeline.RatisPipelineProvider (RatisPipelineProvider.java:lambda$create$0(206)) - Sending CreatePipelineCommand for pipeline:PipelineID=d1e83715-fb40-4a84-ae1d-72c7d76482b5 to datanode:8f274f01-9fb1-4f6a-9095-80f32b07f498
2023-06-23 15:09:08,303 [RatisPipelineUtilsThread - 0] INFO  pipeline.PipelineManagerImpl (PipelineManagerImpl.java:createPipeline(238)) - Created pipeline Pipeline[ Id: d1e83715-fb40-4a84-ae1d-72c7d76482b5, Nodes: 9f5088ea-8577-40bb-8f98-2a64f0190639(fv-az424-541.i1gjr3zuz4qevjy1zin2gin2ih.gx.internal.cloudapp.net/10.1.0.34)1f6e8c2c-f646-4632-8e05-148bee690267(fv-az424-541.i1gjr3zuz4qevjy1zin2gin2ih.gx.internal.cloudapp.net/10.1.0.34)8f274f01-9fb1-4f6a-9095-80f32b07f498(fv-az424-541.i1gjr3zuz4qevjy1zin2gin2ih.gx.internal.cloudapp.net/10.1.0.34), ReplicationConfig: RATIS/THREE, State:ALLOCATED, leaderId:, CreationTimestamp2023-06-23T15:09:08.302Z[Etc/UTC]].
2023-06-23 15:09:08,303 [RatisPipelineUtilsThread - 0] INFO  pipeline.PipelineManagerImpl (PipelineManagerImpl.java:recordMetricsForPipeline(842)) - Pipeline: PipelineID=d1e83715-fb40-4a84-ae1d-72c7d76482b5 contains same datanodes as previous pipelines: PipelineID=5026fec4-7540-4970-aee9-9210922174f7 nodeIds: 9f5088ea-8577-40bb-8f98-2a64f0190639, 1f6e8c2c-f646-4632-8e05-148bee690267, 8f274f01-9fb1-4f6a-9095-80f32b07f498
2023-06-23 15:09:08,304 [RatisPipelineUtilsThread - 0] WARN  pipeline.PipelinePlacementPolicy (PipelinePlacementPolicy.java:filterViableNodes(166)) - Pipeline creation failed due to no sufficient healthy datanodes. Required 3. Found 0. Excluded 9.
2023-06-23 15:09:08,646 [PipelineCommandHandlerThread-0] INFO  server.RaftServer (RaftServerProxy.java:addNew(98)) - af576844-0e82-4589-8eaa-8af09d83806e: addNew group-9ED8EA5FE56A:[af576844-0e82-4589-8eaa-8af09d83806e|rpc:10.1.0.34:15023|admin:10.1.0.34:15022|client:10.1.0.34:15021|dataStream:10.1.0.34:15024|priority:1|startupRole:FOLLOWER] returns group-9ED8EA5FE56A:java.util.concurrent.CompletableFuture@20157bd9[Not completed]
2023-06-23 15:09:08,661 [af576844-0e82-4589-8eaa-8af09d83806e-groupManagement] INFO  server.RaftServer$Division (RaftServerImpl.java:<init>(198)) - af576844-0e82-4589-8eaa-8af09d83806e: new RaftServerImpl for group-9ED8EA5FE56A:[af576844-0e82-4589-8eaa-8af09d83806e|rpc:10.1.0.34:15023|admin:10.1.0.34:15022|client:10.1.0.34:15021|dataStream:10.1.0.34:15024|priority:1|startupRole:FOLLOWER] with ContainerStateMachine:uninitialized
2023-06-23 15:09:08,661 [af576844-0e82-4589-8eaa-8af09d83806e-groupManagement] INFO  server.RaftServerConfigKeys (ConfUtils.java:logGet(46)) - raft.server.rpc.timeout.min = 5s (custom)
2023-06-23 15:09:08,661 [af576844-0e82-4589-8eaa-8af09d83806e-groupManagement] INFO  server.RaftServerConfigKeys (ConfUtils.java:logGet(46)) - raft.server.rpc.timeout.max = 5200ms (custom)
2023-06-23 15:09:08,661 [af576844-0e82-4589-8eaa-8af09d83806e-groupManagement] INFO  server.RaftServerConfigKeys (ConfUtils.java:logGet(46)) - raft.server.rpc.sleep.time = 25ms (default)
2023-06-23 15:09:08,661 [af576844-0e82-4589-8eaa-8af09d83806e-groupManagement] INFO  server.RaftServerConfigKeys (ConfUtils.java:logGet(46)) - raft.server.rpc.slowness.timeout = 300s (custom)
2023-06-23 15:09:08,661 [af576844-0e82-4589-8eaa-8af09d83806e-groupManagement] INFO  server.RaftServerConfigKeys (ConfUtils.java:logGet(46)) - raft.server.leaderelection.leader.step-down.wait-time = 10s (default)
2023-06-23 15:09:08,661 [af576844-0e82-4589-8eaa-8af09d83806e-groupManagement] INFO  server.RaftServerConfigKeys (ConfUtils.java:logGet(46)) - raft.server.sleep.deviation.threshold = 300ms (default)
2023-06-23 15:09:08,661 [af576844-0e82-4589-8eaa-8af09d83806e-groupManagement] INFO  server.RaftServer$Division (ServerState.java:<init>(120)) - af576844-0e82-4589-8eaa-8af09d83806e@group-9ED8EA5FE56A: ConfigurationManager, init=-1: peers:[af576844-0e82-4589-8eaa-8af09d83806e|rpc:10.1.0.34:15023|admin:10.1.0.34:15022|client:10.1.0.34:15021|dataStream:10.1.0.34:15024|priority:1|startupRole:FOLLOWER]|listeners:[], old=null, confs=<EMPTY_MAP>
2023-06-23 15:09:08,661 [af576844-0e82-4589-8eaa-8af09d83806e-groupManagement] INFO  server.RaftServerConfigKeys (ConfUtils.java:logGet(46)) - raft.server.storage.dir = [/home/runner/work/ozone/ozone/hadoop-ozone/integration-test/target/test-dir/MiniOzoneClusterImpl-741560ff-92e5-4b28-9778-2cf52193c8f3/datanode-1/data/ratis] (custom)
2023-06-23 15:09:08,662 [af576844-0e82-4589-8eaa-8af09d83806e-groupManagement] INFO  server.RaftServerConfigKeys (ConfUtils.java:logGet(46)) - raft.server.log.corruption.policy = EXCEPTION (default)
2023-06-23 15:09:08,662 [af576844-0e82-4589-8eaa-8af09d83806e-groupManagement] INFO  server.RaftServerConfigKeys (ConfUtils.java:logGet(46)) - raft.server.storage.free-space.min = 0MB (=0) (default)
2023-06-23 15:09:08,662 [af576844-0e82-4589-8eaa-8af09d83806e-groupManagement] INFO  server.RaftServerConfigKeys (ConfUtils.java:logGet(46)) - raft.server.notification.no-leader.timeout = 300s (custom)
2023-06-23 15:09:08,662 [af576844-0e82-4589-8eaa-8af09d83806e-groupManagement] INFO  server.RaftServerConfigKeys (ConfUtils.java:logGet(46)) - raft.server.read.timeout = 10s (default)
2023-06-23 15:09:08,662 [af576844-0e82-4589-8eaa-8af09d83806e-groupManagement] INFO  server.RaftServerConfigKeys (ConfUtils.java:logGet(46)) - raft.server.retrycache.expirytime = 600000ms (custom)
2023-06-23 15:09:08,662 [af576844-0e82-4589-8eaa-8af09d83806e-groupManagement] INFO  server.RaftServerConfigKeys (ConfUtils.java:logGet(46)) - raft.server.retrycache.statistics.expirytime = 100μs (default)
2023-06-23 15:09:08,662 [af576844-0e82-4589-8eaa-8af09d83806e-groupManagement] INFO  server.RaftServerConfigKeys (ConfUtils.java:logGet(46)) - raft.server.read.option = DEFAULT (default)
2023-06-23 15:09:08,672 [af576844-0e82-4589-8eaa-8af09d83806e-groupManagement] INFO  server.RaftServerConfigKeys (ConfUtils.java:logGet(46)) - raft.server.rpc.request.timeout = 60s (custom)
2023-06-23 15:09:08,672 [af576844-0e82-4589-8eaa-8af09d83806e-groupManagement] INFO  server.RaftServerConfigKeys (ConfUtils.java:logGet(46)) - raft.server.log.appender.install.snapshot.enabled = false (custom)
2023-06-23 15:09:08,672 [af576844-0e82-4589-8eaa-8af09d83806e-groupManagement] INFO  server.RaftServerConfigKeys (ConfUtils.java:logGet(46)) - raft.server.threadpool.server.cached = true (default)
2023-06-23 15:09:08,672 [af576844-0e82-4589-8eaa-8af09d83806e-groupManagement] INFO  server.RaftServerConfigKeys (ConfUtils.java:logGet(46)) - raft.server.threadpool.server.size = 0 (default)
2023-06-23 15:09:08,672 [af576844-0e82-4589-8eaa-8af09d83806e-groupManagement] INFO  server.RaftServerConfigKeys (ConfUtils.java:logGet(46)) - raft.server.threadpool.client.cached = true (default)
2023-06-23 15:09:08,672 [af576844-0e82-4589-8eaa-8af09d83806e-groupManagement] INFO  server.RaftServerConfigKeys (ConfUtils.java:logGet(46)) - raft.server.threadpool.client.size = 0 (default)
2023-06-23 15:09:08,672 [af576844-0e82-4589-8eaa-8af09d83806e-groupManagement] INFO  storage.RaftStorageDirectory (RaftStorageDirectoryImpl.java:analyzeStorage(137)) - The storage directory /home/runner/work/ozone/ozone/hadoop-ozone/integration-test/target/test-dir/MiniOzoneClusterImpl-741560ff-92e5-4b28-9778-2cf52193c8f3/datanode-1/data/ratis/ab2c0fd1-c0fd-4588-8e70-9ed8ea5fe56a does not exist. Creating ...
2023-06-23 15:09:08,685 [grpc-default-executor-0] INFO  server.RaftServer (RaftServerProxy.java:addNew(98)) - af576844-0e82-4589-8eaa-8af09d83806e: addNew group-A862192D7515:[3f4ddf09-9f08-4efc-95be-1efd9e09d1d3|rpc:10.1.0.34:15032|admin:10.1.0.34:15031|client:10.1.0.34:15030|dataStream:10.1.0.34:15033|priority:0|startupRole:FOLLOWER, af576844-0e82-4589-8eaa-8af09d83806e|rpc:10.1.0.34:15023|admin:10.1.0.34:15022|client:10.1.0.34:15021|dataStream:10.1.0.34:15024|priority:0|startupRole:FOLLOWER, 3d425f4c-b0a3-4337-aec0-a29136ea4685|rpc:10.1.0.34:15014|admin:10.1.0.34:15013|client:10.1.0.34:15012|dataStream:10.1.0.34:15015|priority:1|startupRole:FOLLOWER] returns group-A862192D7515:java.util.concurrent.CompletableFuture@515c650d[Not completed]
2023-06-23 15:09:08,687 [af576844-0e82-4589-8eaa-8af09d83806e-groupManagement] INFO  storage.RaftStorageDirectory (RaftStorageDirectoryImpl.java:tryLock(231)) - Lock on /home/runner/work/ozone/ozone/hadoop-ozone/integration-test/target/test-dir/MiniOzoneClusterImpl-741560ff-92e5-4b28-9778-2cf52193c8f3/datanode-1/data/ratis/ab2c0fd1-c0fd-4588-8e70-9ed8ea5fe56a/in_use.lock acquired by nodename 61630@fv-az424-541
2023-06-23 15:09:08,688 [af576844-0e82-4589-8eaa-8af09d83806e-groupManagement] INFO  storage.RaftStorage (RaftStorageImpl.java:format(96)) - Storage directory /home/runner/work/ozone/ozone/hadoop-ozone/integration-test/target/test-dir/MiniOzoneClusterImpl-741560ff-92e5-4b28-9778-2cf52193c8f3/datanode-1/data/ratis/ab2c0fd1-c0fd-4588-8e70-9ed8ea5fe56a has been successfully formatted.
2023-06-23 15:09:08,690 [af576844-0e82-4589-8eaa-8af09d83806e-groupManagement] INFO  ratis.ContainerStateMachine (ContainerStateMachine.java:loadSnapshot(262)) - group-9ED8EA5FE56A: The snapshot info is null. Setting the last applied indexto:(t:0, i:~)
2023-06-23 15:09:08,692 [af576844-0e82-4589-8eaa-8af09d83806e-groupManagement] INFO  server.RaftServerConfigKeys (ConfUtils.java:logGet(46)) - raft.server.log.use.memory = false (default)
2023-06-23 15:09:08,692 [af576844-0e82-4589-8eaa-8af09d83806e-groupManagement] INFO  server.RaftServerConfigKeys (ConfUtils.java:logGet(46)) - raft.server.log.purge.gap = 1000000 (custom)
2023-06-23 15:09:08,692 [af576844-0e82-4589-8eaa-8af09d83806e-groupManagement] INFO  server.RaftServerConfigKeys (ConfUtils.java:logGet(46)) - raft.server.log.appender.buffer.byte-limit = 33554432 (custom)
2023-06-23 15:09:08,693 [af576844-0e82-4589-8eaa-8af09d83806e-groupManagement] INFO  server.RaftServerConfigKeys (ConfUtils.java:logGet(46)) - raft.server.log.statemachine.data.read.timeout = 1000ms (default)
2023-06-23 15:09:08,693 [af576844-0e82-4589-8eaa-8af09d83806e-groupManagement] INFO  server.RaftServerConfigKeys (ConfUtils.java:logGet(46)) - raft.server.log.purge.preservation.log.num = 0 (default)
2023-06-23 15:09:08,693 [af576844-0e82-4589-8eaa-8af09d83806e-groupManagement] INFO  server.RaftServerConfigKeys (ConfUtils.java:logGet(46)) - raft.server.log.segment.size.max = 1048576 (custom)
2023-06-23 15:09:08,693 [af576844-0e82-4589-8eaa-8af09d83806e-groupManagement] INFO  server.RaftServerConfigKeys (ConfUtils.java:logGet(46)) - raft.server.log.segment.cache.num.max = 2 (custom)
2023-06-23 15:09:08,693 [af576844-0e82-4589-8eaa-8af09d83806e-groupManagement] INFO  server.RaftServerConfigKeys (ConfUtils.java:logGet(46)) - raft.server.log.segment.cache.size.max = 200MB (=209715200) (default)
2023-06-23 15:09:08,693 [af576844-0e82-4589-8eaa-8af09d83806e-groupManagement] INFO  server.RaftServerConfigKeys (ConfUtils.java:logGet(46)) - raft.server.log.appender.buffer.byte-limit = 33554432 (custom)
2023-06-23 15:09:08,694 [af576844-0e82-4589-8eaa-8af09d83806e-groupManagement] INFO  segmented.SegmentedRaftLogWorker (SegmentedRaftLogWorker.java:<init>(188)) - new af576844-0e82-4589-8eaa-8af09d83806e@group-9ED8EA5FE56A-SegmentedRaftLogWorker for RaftStorageImpl:Storage Directory /home/runner/work/ozone/ozone/hadoop-ozone/integration-test/target/test-dir/MiniOzoneClusterImpl-741560ff-92e5-4b28-9778-2cf52193c8f3/datanode-1/data/ratis/ab2c0fd1-c0fd-4588-8e70-9ed8ea5fe56a
2023-06-23 15:09:08,694 [af576844-0e82-4589-8eaa-8af09d83806e-groupManagement] INFO  server.RaftServerConfigKeys (ConfUtils.java:logGet(46)) - raft.server.log.queue.byte-limit = 4294967296 (custom)
2023-06-23 15:09:08,694 [af576844-0e82-4589-8eaa-8af09d83806e-groupManagement] INFO  server.RaftServerConfigKeys (ConfUtils.java:logGet(46)) - raft.server.log.queue.element-limit = 1024 (custom)
2023-06-23 15:09:08,694 [af576844-0e82-4589-8eaa-8af09d83806e-groupManagement] INFO  server.RaftServerConfigKeys (ConfUtils.java:logGet(46)) - raft.server.log.segment.size.max = 1048576 (custom)
2023-06-23 15:09:08,694 [af576844-0e82-4589-8eaa-8af09d83806e-groupManagement] INFO  server.RaftServerConfigKeys (ConfUtils.java:logGet(46)) - raft.server.log.preallocated.size = 16384 (custom)
2023-06-23 15:09:08,694 [af576844-0e82-4589-8eaa-8af09d83806e-groupManagement] INFO  server.RaftServerConfigKeys (ConfUtils.java:logGet(46)) - raft.server.log.force.sync.num = 128 (default)
2023-06-23 15:09:08,694 [af576844-0e82-4589-8eaa-8af09d83806e-groupManagement] INFO  server.RaftServerConfigKeys (ConfUtils.java:logGet(46)) - raft.server.log.statemachine.data.sync = true (default)
2023-06-23 15:09:08,694 [af576844-0e82-4589-8eaa-8af09d83806e-groupManagement] INFO  server.RaftServerConfigKeys (ConfUtils.java:logGet(46)) - raft.server.log.statemachine.data.sync.timeout = 10s (default)
2023-06-23 15:09:08,694 [af576844-0e82-4589-8eaa-8af09d83806e-groupManagement] INFO  server.RaftServerConfigKeys (ConfUtils.java:logGet(46)) - raft.server.log.statemachine.data.sync.timeout.retry = -1 (default)
2023-06-23 15:09:08,695 [af576844-0e82-4589-8eaa-8af09d83806e-groupManagement] INFO  server.RaftServerConfigKeys (ConfUtils.java:logGet(46)) - raft.server.log.write.buffer.size = 1048576 (custom)
2023-06-23 15:09:08,696 [EventQueue-PipelineReportForPipelineReportHandler] INFO  pipeline.PipelineManagerImpl (PipelineManagerImpl.java:openPipeline(381)) - Pipeline Pipeline[ Id: ab2c0fd1-c0fd-4588-8e70-9ed8ea5fe56a, Nodes: af576844-0e82-4589-8eaa-8af09d83806e(fv-az424-541.i1gjr3zuz4qevjy1zin2gin2ih.gx.internal.cloudapp.net/10.1.0.34), ReplicationConfig: RATIS/ONE, State:ALLOCATED, leaderId:af576844-0e82-4589-8eaa-8af09d83806e, CreationTimestamp2023-06-23T15:09:05.647Z[Etc/UTC]] moved to OPEN state
2023-06-23 15:09:08,696 [af576844-0e82-4589-8eaa-8af09d83806e-groupManagement] INFO  server.RaftServerConfigKeys (ConfUtils.java:logGet(46)) - raft.server.log.appender.buffer.byte-limit = 33554432 (custom)
2023-06-23 15:09:08,697 [EventQueue-OpenPipelineForHealthyPipelineSafeModeRule] INFO  safemode.SCMSafeModeManager (HealthyPipelineSafeModeRule.java:process(137)) - SCM in safe mode. Healthy pipelines reported count is 0, required healthy pipeline reported count is 1
2023-06-23 15:09:08,702 [af576844-0e82-4589-8eaa-8af09d83806e-groupManagement] INFO  server.RaftServerConfigKeys (ConfUtils.java:logGet(46)) - raft.server.log.unsafe-flush.enabled = false (default)
2023-06-23 15:09:08,702 [af576844-0e82-4589-8eaa-8af09d83806e-groupManagement] INFO  server.RaftServerConfigKeys (ConfUtils.java:logGet(46)) - raft.server.log.async-flush.enabled = false (default)
2023-06-23 15:09:08,702 [af576844-0e82-4589-8eaa-8af09d83806e-groupManagement] INFO  server.RaftServerConfigKeys (ConfUtils.java:logGet(46)) - raft.server.log.statemachine.data.caching.enabled = true (custom)
2023-06-23 15:09:08,702 [af576844-0e82-4589-8eaa-8af09d83806e-groupManagement] INFO  segmented.SegmentedRaftLogWorker (SegmentedRaftLogWorker.java:lambda$new$0(135)) - af576844-0e82-4589-8eaa-8af09d83806e@group-9ED8EA5FE56A-SegmentedRaftLogWorker: flushIndex: setUnconditionally 0 -> -1
2023-06-23 15:09:08,702 [af576844-0e82-4589-8eaa-8af09d83806e-groupManagement] INFO  segmented.SegmentedRaftLogWorker (SegmentedRaftLogWorker.java:lambda$new$0(135)) - af576844-0e82-4589-8eaa-8af09d83806e@group-9ED8EA5FE56A-SegmentedRaftLogWorker: safeCacheEvictIndex: setUnconditionally 0 -> -1
2023-06-23 15:09:08,702 [af576844-0e82-4589-8eaa-8af09d83806e-groupManagement] INFO  server.RaftServer$Division (RaftServerImpl.java:start(342)) - af576844-0e82-4589-8eaa-8af09d83806e@group-9ED8EA5FE56A: start as a follower, conf=-1: peers:[af576844-0e82-4589-8eaa-8af09d83806e|rpc:10.1.0.34:15023|admin:10.1.0.34:15022|client:10.1.0.34:15021|dataStream:10.1.0.34:15024|priority:1|startupRole:FOLLOWER]|listeners:[], old=null
2023-06-23 15:09:08,703 [af576844-0e82-4589-8eaa-8af09d83806e-groupManagement] INFO  server.RaftServer$Division (RaftServerImpl.java:setRole(329)) - af576844-0e82-4589-8eaa-8af09d83806e@group-9ED8EA5FE56A: changes role from      null to FOLLOWER at term 0 for startAsFollower
2023-06-23 15:09:08,703 [af576844-0e82-4589-8eaa-8af09d83806e-groupManagement] INFO  impl.RoleInfo (RoleInfo.java:updateAndGet(139)) - af576844-0e82-4589-8eaa-8af09d83806e: start af576844-0e82-4589-8eaa-8af09d83806e@group-9ED8EA5FE56A-FollowerState
2023-06-23 15:09:08,703 [af576844-0e82-4589-8eaa-8af09d83806e-groupManagement] INFO  util.JmxRegister (JmxRegister.java:tryRegister(44)) - Successfully registered JMX Bean with object name Ratis:service=RaftServer,group=group-9ED8EA5FE56A,id=af576844-0e82-4589-8eaa-8af09d83806e
2023-06-23 15:09:08,708 [af576844-0e82-4589-8eaa-8af09d83806e-groupManagement] INFO  server.RaftServerConfigKeys (ConfUtils.java:logGet(46)) - raft.server.snapshot.auto.trigger.enabled = true (custom)
2023-06-23 15:09:08,708 [af576844-0e82-4589-8eaa-8af09d83806e@group-9ED8EA5FE56A-FollowerState] INFO  server.RaftServerConfigKeys (ConfUtils.java:logFallback(53)) - raft.server.rpc.first-election.timeout.min = 5s (fallback to raft.server.rpc.timeout.min)
2023-06-23 15:09:08,708 [af576844-0e82-4589-8eaa-8af09d83806e-groupManagement] INFO  server.RaftServerConfigKeys (ConfUtils.java:logGet(46)) - raft.server.snapshot.auto.trigger.threshold = 10000 (custom)
2023-06-23 15:09:08,708 [af576844-0e82-4589-8eaa-8af09d83806e@group-9ED8EA5FE56A-FollowerState] INFO  server.RaftServerConfigKeys (ConfUtils.java:logFallback(53)) - raft.server.rpc.first-election.timeout.max = 5200ms (fallback to raft.server.rpc.timeout.max)
2023-06-23 15:09:08,708 [af576844-0e82-4589-8eaa-8af09d83806e-groupManagement] INFO  server.RaftServerConfigKeys (ConfUtils.java:logGet(46)) - raft.server.snapshot.retention.file.num = 5 (custom)
2023-06-23 15:09:08,708 [af576844-0e82-4589-8eaa-8af09d83806e-groupManagement] INFO  server.RaftServerConfigKeys (ConfUtils.java:logGet(46)) - raft.server.log.purge.upto.snapshot.index = false (default)
2023-06-23 15:09:08,710 [af576844-0e82-4589-8eaa-8af09d83806e-groupManagement] INFO  server.RaftServer$Division (RaftServerImpl.java:<init>(198)) - af576844-0e82-4589-8eaa-8af09d83806e: new RaftServerImpl for group-A862192D7515:[3f4ddf09-9f08-4efc-95be-1efd9e09d1d3|rpc:10.1.0.34:15032|admin:10.1.0.34:15031|client:10.1.0.34:15030|dataStream:10.1.0.34:15033|priority:0|startupRole:FOLLOWER, af576844-0e82-4589-8eaa-8af09d83806e|rpc:10.1.0.34:15023|admin:10.1.0.34:15022|client:10.1.0.34:15021|dataStream:10.1.0.34:15024|priority:0|startupRole:FOLLOWER, 3d425f4c-b0a3-4337-aec0-a29136ea4685|rpc:10.1.0.34:15014|admin:10.1.0.34:15013|client:10.1.0.34:15012|dataStream:10.1.0.34:15015|priority:1|startupRole:FOLLOWER] with ContainerStateMachine:uninitialized
2023-06-23 15:09:08,710 [af576844-0e82-4589-8eaa-8af09d83806e-groupManagement] INFO  server.RaftServerConfigKeys (ConfUtils.java:logGet(46)) - raft.server.rpc.timeout.min = 5s (custom)
2023-06-23 15:09:08,710 [af576844-0e82-4589-8eaa-8af09d83806e-groupManagement] INFO  server.RaftServerConfigKeys (ConfUtils.java:logGet(46)) - raft.server.rpc.timeout.max = 5200ms (custom)
2023-06-23 15:09:08,710 [af576844-0e82-4589-8eaa-8af09d83806e-groupManagement] INFO  server.RaftServerConfigKeys (ConfUtils.java:logGet(46)) - raft.server.rpc.sleep.time = 25ms (default)
2023-06-23 15:09:08,710 [af576844-0e82-4589-8eaa-8af09d83806e-groupManagement] INFO  server.RaftServerConfigKeys (ConfUtils.java:logGet(46)) - raft.server.rpc.slowness.timeout = 300s (custom)
2023-06-23 15:09:08,710 [af576844-0e82-4589-8eaa-8af09d83806e-groupManagement] INFO  server.RaftServerConfigKeys (ConfUtils.java:logGet(46)) - raft.server.leaderelection.leader.step-down.wait-time = 10s (default)
2023-06-23 15:09:08,710 [af576844-0e82-4589-8eaa-8af09d83806e-groupManagement] INFO  server.RaftServerConfigKeys (ConfUtils.java:logGet(46)) - raft.server.sleep.deviation.threshold = 300ms (default)
2023-06-23 15:09:08,711 [af576844-0e82-4589-8eaa-8af09d83806e-groupManagement] INFO  server.RaftServer$Division (ServerState.java:<init>(120)) - af576844-0e82-4589-8eaa-8af09d83806e@group-A862192D7515: ConfigurationManager, init=-1: peers:[3f4ddf09-9f08-4efc-95be-1efd9e09d1d3|rpc:10.1.0.34:15032|admin:10.1.0.34:15031|client:10.1.0.34:15030|dataStream:10.1.0.34:15033|priority:0|startupRole:FOLLOWER, af576844-0e82-4589-8eaa-8af09d83806e|rpc:10.1.0.34:15023|admin:10.1.0.34:15022|client:10.1.0.34:15021|dataStream:10.1.0.34:15024|priority:0|startupRole:FOLLOWER, 3d425f4c-b0a3-4337-aec0-a29136ea4685|rpc:10.1.0.34:15014|admin:10.1.0.34:15013|client:10.1.0.34:15012|dataStream:10.1.0.34:15015|priority:1|startupRole:FOLLOWER]|listeners:[], old=null, confs=<EMPTY_MAP>
2023-06-23 15:09:08,711 [af576844-0e82-4589-8eaa-8af09d83806e-groupManagement] INFO  server.RaftServerConfigKeys (ConfUtils.java:logGet(46)) - raft.server.storage.dir = [/home/runner/work/ozone/ozone/hadoop-ozone/integration-test/target/test-dir/MiniOzoneClusterImpl-741560ff-92e5-4b28-9778-2cf52193c8f3/datanode-1/data/ratis] (custom)
2023-06-23 15:09:08,711 [af576844-0e82-4589-8eaa-8af09d83806e-groupManagement] INFO  server.RaftServerConfigKeys (ConfUtils.java:logGet(46)) - raft.server.log.corruption.policy = EXCEPTION (default)
2023-06-23 15:09:08,711 [af576844-0e82-4589-8eaa-8af09d83806e-groupManagement] INFO  server.RaftServerConfigKeys (ConfUtils.java:logGet(46)) - raft.server.storage.free-space.min = 0MB (=0) (default)
2023-06-23 15:09:08,711 [af576844-0e82-4589-8eaa-8af09d83806e-groupManagement] INFO  server.RaftServerConfigKeys (ConfUtils.java:logGet(46)) - raft.server.notification.no-leader.timeout = 300s (custom)
2023-06-23 15:09:08,711 [PipelineCommandHandlerThread-0] INFO  ratis.XceiverServerRatis (XceiverServerRatis.java:addGroup(804)) - Created group PipelineID=ab2c0fd1-c0fd-4588-8e70-9ed8ea5fe56a
2023-06-23 15:09:08,711 [af576844-0e82-4589-8eaa-8af09d83806e-groupManagement] INFO  server.RaftServerConfigKeys (ConfUtils.java:logGet(46)) - raft.server.read.timeout = 10s (default)
2023-06-23 15:09:08,712 [af576844-0e82-4589-8eaa-8af09d83806e-groupManagement] INFO  server.RaftServerConfigKeys (ConfUtils.java:logGet(46)) - raft.server.retrycache.expirytime = 600000ms (custom)
2023-06-23 15:09:08,712 [af576844-0e82-4589-8eaa-8af09d83806e-groupManagement] INFO  server.RaftServerConfigKeys (ConfUtils.java:logGet(46)) - raft.server.retrycache.statistics.expirytime = 100μs (default)
2023-06-23 15:09:08,712 [af576844-0e82-4589-8eaa-8af09d83806e-groupManagement] INFO  server.RaftServerConfigKeys (ConfUtils.java:logGet(46)) - raft.server.read.option = DEFAULT (default)
2023-06-23 15:09:08,716 [af576844-0e82-4589-8eaa-8af09d83806e-groupManagement] INFO  server.RaftServerConfigKeys (ConfUtils.java:logGet(46)) - raft.server.rpc.request.timeout = 60s (custom)
2023-06-23 15:09:08,716 [af576844-0e82-4589-8eaa-8af09d83806e-groupManagement] INFO  server.RaftServerConfigKeys (ConfUtils.java:logGet(46)) - raft.server.log.appender.install.snapshot.enabled = false (custom)
2023-06-23 15:09:08,717 [af576844-0e82-4589-8eaa-8af09d83806e-groupManagement] INFO  server.RaftServerConfigKeys (ConfUtils.java:logGet(46)) - raft.server.threadpool.server.cached = true (default)
2023-06-23 15:09:08,717 [af576844-0e82-4589-8eaa-8af09d83806e-groupManagement] INFO  server.RaftServerConfigKeys (ConfUtils.java:logGet(46)) - raft.server.threadpool.server.size = 0 (default)
2023-06-23 15:09:08,717 [af576844-0e82-4589-8eaa-8af09d83806e-groupManagement] INFO  server.RaftServerConfigKeys (ConfUtils.java:logGet(46)) - raft.server.threadpool.client.cached = true (default)
2023-06-23 15:09:08,717 [af576844-0e82-4589-8eaa-8af09d83806e-groupManagement] INFO  server.RaftServerConfigKeys (ConfUtils.java:logGet(46)) - raft.server.threadpool.client.size = 0 (default)
2023-06-23 15:09:08,717 [af576844-0e82-4589-8eaa-8af09d83806e-groupManagement] INFO  storage.RaftStorageDirectory (RaftStorageDirectoryImpl.java:analyzeStorage(137)) - The storage directory /home/runner/work/ozone/ozone/hadoop-ozone/integration-test/target/test-dir/MiniOzoneClusterImpl-741560ff-92e5-4b28-9778-2cf52193c8f3/datanode-1/data/ratis/d9bb541b-498b-4bc8-b210-a862192d7515 does not exist. Creating ...
2023-06-23 15:09:08,712 [PipelineCommandHandlerThread-0] INFO  commandhandler.CreatePipelineCommandHandler (CreatePipelineCommandHandler.java:lambda$handle$2(124)) - Created Pipeline RATIS ONE PipelineID=ab2c0fd1-c0fd-4588-8e70-9ed8ea5fe56a.
2023-06-23 15:09:08,718 [af576844-0e82-4589-8eaa-8af09d83806e-groupManagement] INFO  storage.RaftStorageDirectory (RaftStorageDirectoryImpl.java:tryLock(231)) - Lock on /home/runner/work/ozone/ozone/hadoop-ozone/integration-test/target/test-dir/MiniOzoneClusterImpl-741560ff-92e5-4b28-9778-2cf52193c8f3/datanode-1/data/ratis/d9bb541b-498b-4bc8-b210-a862192d7515/in_use.lock acquired by nodename 61630@fv-az424-541
2023-06-23 15:09:08,719 [PipelineCommandHandlerThread-0] INFO  server.RaftServer (RaftServerProxy.java:addNew(98)) - af576844-0e82-4589-8eaa-8af09d83806e: addNew group-35AB23F1EEB6:[3f4ddf09-9f08-4efc-95be-1efd9e09d1d3|rpc:10.1.0.34:15032|admin:10.1.0.34:15031|client:10.1.0.34:15030|dataStream:10.1.0.34:15033|priority:1|startupRole:FOLLOWER, af576844-0e82-4589-8eaa-8af09d83806e|rpc:10.1.0.34:15023|admin:10.1.0.34:15022|client:10.1.0.34:15021|dataStream:10.1.0.34:15024|priority:0|startupRole:FOLLOWER, 3d425f4c-b0a3-4337-aec0-a29136ea4685|rpc:10.1.0.34:15014|admin:10.1.0.34:15013|client:10.1.0.34:15012|dataStream:10.1.0.34:15015|priority:0|startupRole:FOLLOWER] returns group-35AB23F1EEB6:java.util.concurrent.CompletableFuture@242aeb03[Not completed]
2023-06-23 15:09:08,719 [main] INFO  ozone.MiniOzoneClusterImpl (MiniOzoneClusterImpl.java:lambda$waitForClusterToBeReady$0(224)) - Waiting for nodes to be ready. Got 9 of 10 DN Heartbeats.
2023-06-23 15:09:08,719 [main] INFO  ozone.MiniOzoneClusterImpl (MiniOzoneClusterImpl.java:lambda$waitForClusterToBeReady$0(227)) - Waiting for cluster to exit safe mode
2023-06-23 15:09:08,719 [main] INFO  ozone.MiniOzoneClusterImpl (MiniOzoneClusterImpl.java:lambda$waitForClusterToBeReady$0(229)) - SCM became leader
2023-06-23 15:09:08,722 [IPC Server handler 5 on default port 15002] INFO  net.NetworkTopologyImpl (NetworkTopologyImpl.java:add(112)) - Added a new node: /default-rack/0c086b78-a0d4-4988-bd20-4088328bd4ca
2023-06-23 15:09:08,722 [IPC Server handler 5 on default port 15002] INFO  node.SCMNodeManager (SCMNodeManager.java:register(405)) - Registered Data node : 0c086b78-a0d4-4988-bd20-4088328bd4ca{ip: 10.1.0.34, host: fv-az424-541.i1gjr3zuz4qevjy1zin2gin2ih.gx.internal.cloudapp.net, ports: [HTTP=15090, CLIENT_RPC=15091, REPLICATION=15097, RATIS=15093, RATIS_ADMIN=15094, RATIS_SERVER=15095, RATIS_DATASTREAM=15096, STANDALONE=15092], networkLocation: /default-rack, certSerialId: null, persistedOpState: null, persistedOpStateExpiryEpochSec: 0}
2023-06-23 15:09:08,723 [EventQueue-NewNodeForNewNodeHandler] INFO  pipeline.BackgroundPipelineCreator (BackgroundPipelineCreator.java:notifyEventTriggered(276)) - trigger a one-shot run on RatisPipelineUtilsThread.
2023-06-23 15:09:08,723 [RatisPipelineUtilsThread - 0] INFO  pipeline.RatisPipelineProvider (RatisPipelineProvider.java:lambda$create$0(206)) - Sending CreatePipelineCommand for pipeline:PipelineID=2aac3252-6334-443d-bdb5-8c4737fadebd to datanode:0c086b78-a0d4-4988-bd20-4088328bd4ca
2023-06-23 15:09:08,725 [RatisPipelineUtilsThread - 0] INFO  pipeline.PipelineManagerImpl (PipelineManagerImpl.java:createPipeline(238)) - Created pipeline Pipeline[ Id: 2aac3252-6334-443d-bdb5-8c4737fadebd, Nodes: 0c086b78-a0d4-4988-bd20-4088328bd4ca(fv-az424-541.i1gjr3zuz4qevjy1zin2gin2ih.gx.internal.cloudapp.net/10.1.0.34), ReplicationConfig: RATIS/ONE, State:ALLOCATED, leaderId:, CreationTimestamp2023-06-23T15:09:08.723Z[Etc/UTC]].
2023-06-23 15:09:08,726 [RatisPipelineUtilsThread - 0] WARN  pipeline.PipelinePlacementPolicy (PipelinePlacementPolicy.java:filterViableNodes(166)) - Pipeline creation failed due to no sufficient healthy datanodes. Required 3. Found 1. Excluded 9.
2023-06-23 15:09:08,729 [af576844-0e82-4589-8eaa-8af09d83806e-groupManagement] INFO  storage.RaftStorage (RaftStorageImpl.java:format(96)) - Storage directory /home/runner/work/ozone/ozone/hadoop-ozone/integration-test/target/test-dir/MiniOzoneClusterImpl-741560ff-92e5-4b28-9778-2cf52193c8f3/datanode-1/data/ratis/d9bb541b-498b-4bc8-b210-a862192d7515 has been successfully formatted.
2023-06-23 15:09:08,730 [af576844-0e82-4589-8eaa-8af09d83806e-groupManagement] INFO  ratis.ContainerStateMachine (ContainerStateMachine.java:loadSnapshot(262)) - group-A862192D7515: The snapshot info is null. Setting the last applied indexto:(t:0, i:~)
2023-06-23 15:09:08,730 [af576844-0e82-4589-8eaa-8af09d83806e-groupManagement] INFO  server.RaftServerConfigKeys (ConfUtils.java:logGet(46)) - raft.server.log.use.memory = false (default)
2023-06-23 15:09:08,731 [af576844-0e82-4589-8eaa-8af09d83806e-groupManagement] INFO  server.RaftServerConfigKeys (ConfUtils.java:logGet(46)) - raft.server.log.purge.gap = 1000000 (custom)
2023-06-23 15:09:08,731 [af576844-0e82-4589-8eaa-8af09d83806e-groupManagement] INFO  server.RaftServerConfigKeys (ConfUtils.java:logGet(46)) - raft.server.log.appender.buffer.byte-limit = 33554432 (custom)
2023-06-23 15:09:08,731 [af576844-0e82-4589-8eaa-8af09d83806e-groupManagement] INFO  server.RaftServerConfigKeys (ConfUtils.java:logGet(46)) - raft.server.log.statemachine.data.read.timeout = 1000ms (default)
2023-06-23 15:09:08,731 [af576844-0e82-4589-8eaa-8af09d83806e-groupManagement] INFO  server.RaftServerConfigKeys (ConfUtils.java:logGet(46)) - raft.server.log.purge.preservation.log.num = 0 (default)
2023-06-23 15:09:08,731 [af576844-0e82-4589-8eaa-8af09d83806e-groupManagement] INFO  server.RaftServerConfigKeys (ConfUtils.java:logGet(46)) - raft.server.log.segment.size.max = 1048576 (custom)
2023-06-23 15:09:08,733 [EventQueue-OpenPipelineForHealthyPipelineSafeModeRule] INFO  safemode.SCMSafeModeManager (HealthyPipelineSafeModeRule.java:process(137)) - SCM in safe mode. Healthy pipelines reported count is 0, required healthy pipeline reported count is 1
2023-06-23 15:09:08,734 [af576844-0e82-4589-8eaa-8af09d83806e-groupManagement] INFO  server.RaftServerConfigKeys (ConfUtils.java:logGet(46)) - raft.server.log.segment.cache.num.max = 2 (custom)
2023-06-23 15:09:08,734 [af576844-0e82-4589-8eaa-8af09d83806e-groupManagement] INFO  server.RaftServerConfigKeys (ConfUtils.java:logGet(46)) - raft.server.log.segment.cache.size.max = 200MB (=209715200) (default)
2023-06-23 15:09:08,734 [af576844-0e82-4589-8eaa-8af09d83806e-groupManagement] INFO  server.RaftServerConfigKeys (ConfUtils.java:logGet(46)) - raft.server.log.appender.buffer.byte-limit = 33554432 (custom)
2023-06-23 15:09:08,734 [af576844-0e82-4589-8eaa-8af09d83806e-groupManagement] INFO  segmented.SegmentedRaftLogWorker (SegmentedRaftLogWorker.java:<init>(188)) - new af576844-0e82-4589-8eaa-8af09d83806e@group-A862192D7515-SegmentedRaftLogWorker for RaftStorageImpl:Storage Directory /home/runner/work/ozone/ozone/hadoop-ozone/integration-test/target/test-dir/MiniOzoneClusterImpl-741560ff-92e5-4b28-9778-2cf52193c8f3/datanode-1/data/ratis/d9bb541b-498b-4bc8-b210-a862192d7515
2023-06-23 15:09:08,734 [af576844-0e82-4589-8eaa-8af09d83806e-groupManagement] INFO  server.RaftServerConfigKeys (ConfUtils.java:logGet(46)) - raft.server.log.queue.byte-limit = 4294967296 (custom)
2023-06-23 15:09:08,734 [af576844-0e82-4589-8eaa-8af09d83806e-groupManagement] INFO  server.RaftServerConfigKeys (ConfUtils.java:logGet(46)) - raft.server.log.queue.element-limit = 1024 (custom)
2023-06-23 15:09:08,734 [af576844-0e82-4589-8eaa-8af09d83806e-groupManagement] INFO  server.RaftServerConfigKeys (ConfUtils.java:logGet(46)) - raft.server.log.segment.size.max = 1048576 (custom)
2023-06-23 15:09:08,734 [af576844-0e82-4589-8eaa-8af09d83806e-groupManagement] INFO  server.RaftServerConfigKeys (ConfUtils.java:logGet(46)) - raft.server.log.preallocated.size = 16384 (custom)
2023-06-23 15:09:08,734 [af576844-0e82-4589-8eaa-8af09d83806e-groupManagement] INFO  server.RaftServerConfigKeys (ConfUtils.java:logGet(46)) - raft.server.log.force.sync.num = 128 (default)
2023-06-23 15:09:08,734 [af576844-0e82-4589-8eaa-8af09d83806e-groupManagement] INFO  server.RaftServerConfigKeys (ConfUtils.java:logGet(46)) - raft.server.log.statemachine.data.sync = true (default)
2023-06-23 15:09:08,734 [af576844-0e82-4589-8eaa-8af09d83806e-groupManagement] INFO  server.RaftServerConfigKeys (ConfUtils.java:logGet(46)) - raft.server.log.statemachine.data.sync.timeout = 10s (default)
2023-06-23 15:09:08,734 [af576844-0e82-4589-8eaa-8af09d83806e-groupManagement] INFO  server.RaftServerConfigKeys (ConfUtils.java:logGet(46)) - raft.server.log.statemachine.data.sync.timeout.retry = -1 (default)
2023-06-23 15:09:08,736 [af576844-0e82-4589-8eaa-8af09d83806e-groupManagement] INFO  server.RaftServerConfigKeys (ConfUtils.java:logGet(46)) - raft.server.log.write.buffer.size = 1048576 (custom)
2023-06-23 15:09:08,737 [af576844-0e82-4589-8eaa-8af09d83806e-groupManagement] INFO  server.RaftServerConfigKeys (ConfUtils.java:logGet(46)) - raft.server.log.appender.buffer.byte-limit = 33554432 (custom)
2023-06-23 15:09:08,742 [af576844-0e82-4589-8eaa-8af09d83806e-groupManagement] INFO  server.RaftServerConfigKeys (ConfUtils.java:logGet(46)) - raft.server.log.unsafe-flush.enabled = false (default)
2023-06-23 15:09:08,742 [af576844-0e82-4589-8eaa-8af09d83806e-groupManagement] INFO  server.RaftServerConfigKeys (ConfUtils.java:logGet(46)) - raft.server.log.async-flush.enabled = false (default)
2023-06-23 15:09:08,742 [af576844-0e82-4589-8eaa-8af09d83806e-groupManagement] INFO  server.RaftServerConfigKeys (ConfUtils.java:logGet(46)) - raft.server.log.statemachine.data.caching.enabled = true (custom)
2023-06-23 15:09:08,742 [af576844-0e82-4589-8eaa-8af09d83806e-groupManagement] INFO  segmented.SegmentedRaftLogWorker (SegmentedRaftLogWorker.java:lambda$new$0(135)) - af576844-0e82-4589-8eaa-8af09d83806e@group-A862192D7515-SegmentedRaftLogWorker: flushIndex: setUnconditionally 0 -> -1
2023-06-23 15:09:08,742 [af576844-0e82-4589-8eaa-8af09d83806e-groupManagement] INFO  segmented.SegmentedRaftLogWorker (SegmentedRaftLogWorker.java:lambda$new$0(135)) - af576844-0e82-4589-8eaa-8af09d83806e@group-A862192D7515-SegmentedRaftLogWorker: safeCacheEvictIndex: setUnconditionally 0 -> -1
2023-06-23 15:09:08,747 [af576844-0e82-4589-8eaa-8af09d83806e-groupManagement] INFO  server.RaftServer$Division (RaftServerImpl.java:start(342)) - af576844-0e82-4589-8eaa-8af09d83806e@group-A862192D7515: start as a follower, conf=-1: peers:[3f4ddf09-9f08-4efc-95be-1efd9e09d1d3|rpc:10.1.0.34:15032|admin:10.1.0.34:15031|client:10.1.0.34:15030|dataStream:10.1.0.34:15033|priority:0|startupRole:FOLLOWER, af576844-0e82-4589-8eaa-8af09d83806e|rpc:10.1.0.34:15023|admin:10.1.0.34:15022|client:10.1.0.34:15021|dataStream:10.1.0.34:15024|priority:0|startupRole:FOLLOWER, 3d425f4c-b0a3-4337-aec0-a29136ea4685|rpc:10.1.0.34:15014|admin:10.1.0.34:15013|client:10.1.0.34:15012|dataStream:10.1.0.34:15015|priority:1|startupRole:FOLLOWER]|listeners:[], old=null
2023-06-23 15:09:08,747 [af576844-0e82-4589-8eaa-8af09d83806e-groupManagement] INFO  server.RaftServer$Division (RaftServerImpl.java:setRole(329)) - af576844-0e82-4589-8eaa-8af09d83806e@group-A862192D7515: changes role from      null to FOLLOWER at term 0 for startAsFollower
2023-06-23 15:09:08,747 [af576844-0e82-4589-8eaa-8af09d83806e-groupManagement] INFO  impl.RoleInfo (RoleInfo.java:updateAndGet(139)) - af576844-0e82-4589-8eaa-8af09d83806e: start af576844-0e82-4589-8eaa-8af09d83806e@group-A862192D7515-FollowerState
2023-06-23 15:09:08,750 [af576844-0e82-4589-8eaa-8af09d83806e-groupManagement] INFO  util.JmxRegister (JmxRegister.java:tryRegister(44)) - Successfully registered JMX Bean with object name Ratis:service=RaftServer,group=group-A862192D7515,id=af576844-0e82-4589-8eaa-8af09d83806e
2023-06-23 15:09:08,750 [af576844-0e82-4589-8eaa-8af09d83806e-groupManagement] INFO  server.RaftServerConfigKeys (ConfUtils.java:logGet(46)) - raft.server.snapshot.auto.trigger.enabled = true (custom)
2023-06-23 15:09:08,750 [af576844-0e82-4589-8eaa-8af09d83806e-groupManagement] INFO  server.RaftServerConfigKeys (ConfUtils.java:logGet(46)) - raft.server.snapshot.auto.trigger.threshold = 10000 (custom)
2023-06-23 15:09:08,750 [af576844-0e82-4589-8eaa-8af09d83806e-groupManagement] INFO  server.RaftServerConfigKeys (ConfUtils.java:logGet(46)) - raft.server.snapshot.retention.file.num = 5 (custom)
2023-06-23 15:09:08,750 [af576844-0e82-4589-8eaa-8af09d83806e-groupManagement] INFO  server.RaftServerConfigKeys (ConfUtils.java:logGet(46)) - raft.server.log.purge.upto.snapshot.index = false (default)
2023-06-23 15:09:08,751 [af576844-0e82-4589-8eaa-8af09d83806e@group-A862192D7515-FollowerState] INFO  server.RaftServerConfigKeys (ConfUtils.java:logFallback(53)) - raft.server.rpc.first-election.timeout.min = 5s (fallback to raft.server.rpc.timeout.min)
2023-06-23 15:09:08,754 [af576844-0e82-4589-8eaa-8af09d83806e@group-A862192D7515-FollowerState] INFO  server.RaftServerConfigKeys (ConfUtils.java:logFallback(53)) - raft.server.rpc.first-election.timeout.max = 5200ms (fallback to raft.server.rpc.timeout.max)
2023-06-23 15:09:08,756 [af576844-0e82-4589-8eaa-8af09d83806e-groupManagement] INFO  server.RaftServer$Division (RaftServerImpl.java:<init>(198)) - af576844-0e82-4589-8eaa-8af09d83806e: new RaftServerImpl for group-35AB23F1EEB6:[3f4ddf09-9f08-4efc-95be-1efd9e09d1d3|rpc:10.1.0.34:15032|admin:10.1.0.34:15031|client:10.1.0.34:15030|dataStream:10.1.0.34:15033|priority:1|startupRole:FOLLOWER, af576844-0e82-4589-8eaa-8af09d83806e|rpc:10.1.0.34:15023|admin:10.1.0.34:15022|client:10.1.0.34:15021|dataStream:10.1.0.34:15024|priority:0|startupRole:FOLLOWER, 3d425f4c-b0a3-4337-aec0-a29136ea4685|rpc:10.1.0.34:15014|admin:10.1.0.34:15013|client:10.1.0.34:15012|dataStream:10.1.0.34:15015|priority:0|startupRole:FOLLOWER] with ContainerStateMachine:uninitialized
2023-06-23 15:09:08,757 [af576844-0e82-4589-8eaa-8af09d83806e-groupManagement] INFO  server.RaftServerConfigKeys (ConfUtils.java:logGet(46)) - raft.server.rpc.timeout.min = 5s (custom)
2023-06-23 15:09:08,757 [af576844-0e82-4589-8eaa-8af09d83806e-groupManagement] INFO  server.RaftServerConfigKeys (ConfUtils.java:logGet(46)) - raft.server.rpc.timeout.max = 5200ms (custom)
2023-06-23 15:09:08,757 [af576844-0e82-4589-8eaa-8af09d83806e-groupManagement] INFO  server.RaftServerConfigKeys (ConfUtils.java:logGet(46)) - raft.server.rpc.sleep.time = 25ms (default)
2023-06-23 15:09:08,757 [af576844-0e82-4589-8eaa-8af09d83806e-groupManagement] INFO  server.RaftServerConfigKeys (ConfUtils.java:logGet(46)) - raft.server.rpc.slowness.timeout = 300s (custom)
2023-06-23 15:09:08,757 [af576844-0e82-4589-8eaa-8af09d83806e-groupManagement] INFO  server.RaftServerConfigKeys (ConfUtils.java:logGet(46)) - raft.server.leaderelection.leader.step-down.wait-time = 10s (default)
2023-06-23 15:09:08,758 [af576844-0e82-4589-8eaa-8af09d83806e-groupManagement] INFO  server.RaftServerConfigKeys (ConfUtils.java:logGet(46)) - raft.server.sleep.deviation.threshold = 300ms (default)
2023-06-23 15:09:08,758 [af576844-0e82-4589-8eaa-8af09d83806e-groupManagement] INFO  server.RaftServer$Division (ServerState.java:<init>(120)) - af576844-0e82-4589-8eaa-8af09d83806e@group-35AB23F1EEB6: ConfigurationManager, init=-1: peers:[3f4ddf09-9f08-4efc-95be-1efd9e09d1d3|rpc:10.1.0.34:15032|admin:10.1.0.34:15031|client:10.1.0.34:15030|dataStream:10.1.0.34:15033|priority:1|startupRole:FOLLOWER, af576844-0e82-4589-8eaa-8af09d83806e|rpc:10.1.0.34:15023|admin:10.1.0.34:15022|client:10.1.0.34:15021|dataStream:10.1.0.34:15024|priority:0|startupRole:FOLLOWER, 3d425f4c-b0a3-4337-aec0-a29136ea4685|rpc:10.1.0.34:15014|admin:10.1.0.34:15013|client:10.1.0.34:15012|dataStream:10.1.0.34:15015|priority:0|startupRole:FOLLOWER]|listeners:[], old=null, confs=<EMPTY_MAP>
2023-06-23 15:09:08,758 [af576844-0e82-4589-8eaa-8af09d83806e-groupManagement] INFO  server.RaftServerConfigKeys (ConfUtils.java:logGet(46)) - raft.server.storage.dir = [/home/runner/work/ozone/ozone/hadoop-ozone/integration-test/target/test-dir/MiniOzoneClusterImpl-741560ff-92e5-4b28-9778-2cf52193c8f3/datanode-1/data/ratis] (custom)
2023-06-23 15:09:08,758 [af576844-0e82-4589-8eaa-8af09d83806e-groupManagement] INFO  server.RaftServerConfigKeys (ConfUtils.java:logGet(46)) - raft.server.log.corruption.policy = EXCEPTION (default)
2023-06-23 15:09:08,758 [af576844-0e82-4589-8eaa-8af09d83806e-groupManagement] INFO  server.RaftServerConfigKeys (ConfUtils.java:logGet(46)) - raft.server.storage.free-space.min = 0MB (=0) (default)
2023-06-23 15:09:08,758 [af576844-0e82-4589-8eaa-8af09d83806e-groupManagement] INFO  server.RaftServerConfigKeys (ConfUtils.java:logGet(46)) - raft.server.notification.no-leader.timeout = 300s (custom)
2023-06-23 15:09:08,758 [af576844-0e82-4589-8eaa-8af09d83806e-groupManagement] INFO  server.RaftServerConfigKeys (ConfUtils.java:logGet(46)) - raft.server.read.timeout = 10s (default)
2023-06-23 15:09:08,758 [af576844-0e82-4589-8eaa-8af09d83806e-groupManagement] INFO  server.RaftServerConfigKeys (ConfUtils.java:logGet(46)) - raft.server.retrycache.expirytime = 600000ms (custom)
2023-06-23 15:09:08,759 [af576844-0e82-4589-8eaa-8af09d83806e-groupManagement] INFO  server.RaftServerConfigKeys (ConfUtils.java:logGet(46)) - raft.server.retrycache.statistics.expirytime = 100μs (default)
2023-06-23 15:09:08,759 [af576844-0e82-4589-8eaa-8af09d83806e-groupManagement] INFO  server.RaftServerConfigKeys (ConfUtils.java:logGet(46)) - raft.server.read.option = DEFAULT (default)
2023-06-23 15:09:08,761 [af576844-0e82-4589-8eaa-8af09d83806e-groupManagement] INFO  server.RaftServerConfigKeys (ConfUtils.java:logGet(46)) - raft.server.rpc.request.timeout = 60s (custom)
2023-06-23 15:09:08,761 [af576844-0e82-4589-8eaa-8af09d83806e-groupManagement] INFO  server.RaftServerConfigKeys (ConfUtils.java:logGet(46)) - raft.server.log.appender.install.snapshot.enabled = false (custom)
2023-06-23 15:09:08,761 [af576844-0e82-4589-8eaa-8af09d83806e-groupManagement] INFO  server.RaftServerConfigKeys (ConfUtils.java:logGet(46)) - raft.server.threadpool.server.cached = true (default)
2023-06-23 15:09:08,761 [af576844-0e82-4589-8eaa-8af09d83806e-groupManagement] INFO  server.RaftServerConfigKeys (ConfUtils.java:logGet(46)) - raft.server.threadpool.server.size = 0 (default)
2023-06-23 15:09:08,761 [af576844-0e82-4589-8eaa-8af09d83806e-groupManagement] INFO  server.RaftServerConfigKeys (ConfUtils.java:logGet(46)) - raft.server.threadpool.client.cached = true (default)
2023-06-23 15:09:08,762 [af576844-0e82-4589-8eaa-8af09d83806e-groupManagement] INFO  server.RaftServerConfigKeys (ConfUtils.java:logGet(46)) - raft.server.threadpool.client.size = 0 (default)
2023-06-23 15:09:08,762 [af576844-0e82-4589-8eaa-8af09d83806e-groupManagement] INFO  storage.RaftStorageDirectory (RaftStorageDirectoryImpl.java:analyzeStorage(137)) - The storage directory /home/runner/work/ozone/ozone/hadoop-ozone/integration-test/target/test-dir/MiniOzoneClusterImpl-741560ff-92e5-4b28-9778-2cf52193c8f3/datanode-1/data/ratis/7d113dd2-4bcf-450e-b2bd-35ab23f1eeb6 does not exist. Creating ...
2023-06-23 15:09:08,763 [af576844-0e82-4589-8eaa-8af09d83806e-groupManagement] INFO  storage.RaftStorageDirectory (RaftStorageDirectoryImpl.java:tryLock(231)) - Lock on /home/runner/work/ozone/ozone/hadoop-ozone/integration-test/target/test-dir/MiniOzoneClusterImpl-741560ff-92e5-4b28-9778-2cf52193c8f3/datanode-1/data/ratis/7d113dd2-4bcf-450e-b2bd-35ab23f1eeb6/in_use.lock acquired by nodename 61630@fv-az424-541
2023-06-23 15:09:08,764 [af576844-0e82-4589-8eaa-8af09d83806e-groupManagement] INFO  storage.RaftStorage (RaftStorageImpl.java:format(96)) - Storage directory /home/runner/work/ozone/ozone/hadoop-ozone/integration-test/target/test-dir/MiniOzoneClusterImpl-741560ff-92e5-4b28-9778-2cf52193c8f3/datanode-1/data/ratis/7d113dd2-4bcf-450e-b2bd-35ab23f1eeb6 has been successfully formatted.
2023-06-23 15:09:08,765 [af576844-0e82-4589-8eaa-8af09d83806e-groupManagement] INFO  ratis.ContainerStateMachine (ContainerStateMachine.java:loadSnapshot(262)) - group-35AB23F1EEB6: The snapshot info is null. Setting the last applied indexto:(t:0, i:~)
2023-06-23 15:09:08,765 [af576844-0e82-4589-8eaa-8af09d83806e-groupManagement] INFO  server.RaftServerConfigKeys (ConfUtils.java:logGet(46)) - raft.server.log.use.memory = false (default)
2023-06-23 15:09:08,775 [EventQueue-OpenPipelineForHealthyPipelineSafeModeRule] INFO  safemode.SCMSafeModeManager (HealthyPipelineSafeModeRule.java:process(137)) - SCM in safe mode. Healthy pipelines reported count is 0, required healthy pipeline reported count is 1
2023-06-23 15:09:08,776 [af576844-0e82-4589-8eaa-8af09d83806e-groupManagement] INFO  server.RaftServerConfigKeys (ConfUtils.java:logGet(46)) - raft.server.log.purge.gap = 1000000 (custom)
2023-06-23 15:09:08,778 [af576844-0e82-4589-8eaa-8af09d83806e-groupManagement] INFO  server.RaftServerConfigKeys (ConfUtils.java:logGet(46)) - raft.server.log.appender.buffer.byte-limit = 33554432 (custom)
2023-06-23 15:09:08,778 [af576844-0e82-4589-8eaa-8af09d83806e-groupManagement] INFO  server.RaftServerConfigKeys (ConfUtils.java:logGet(46)) - raft.server.log.statemachine.data.read.timeout = 1000ms (default)
2023-06-23 15:09:08,778 [af576844-0e82-4589-8eaa-8af09d83806e-groupManagement] INFO  server.RaftServerConfigKeys (ConfUtils.java:logGet(46)) - raft.server.log.purge.preservation.log.num = 0 (default)
2023-06-23 15:09:08,778 [af576844-0e82-4589-8eaa-8af09d83806e-groupManagement] INFO  server.RaftServerConfigKeys (ConfUtils.java:logGet(46)) - raft.server.log.segment.size.max = 1048576 (custom)
2023-06-23 15:09:08,779 [af576844-0e82-4589-8eaa-8af09d83806e-groupManagement] INFO  server.RaftServerConfigKeys (ConfUtils.java:logGet(46)) - raft.server.log.segment.cache.num.max = 2 (custom)
2023-06-23 15:09:08,779 [af576844-0e82-4589-8eaa-8af09d83806e-groupManagement] INFO  server.RaftServerConfigKeys (ConfUtils.java:logGet(46)) - raft.server.log.segment.cache.size.max = 200MB (=209715200) (default)
2023-06-23 15:09:08,779 [af576844-0e82-4589-8eaa-8af09d83806e-groupManagement] INFO  server.RaftServerConfigKeys (ConfUtils.java:logGet(46)) - raft.server.log.appender.buffer.byte-limit = 33554432 (custom)
2023-06-23 15:09:08,779 [af576844-0e82-4589-8eaa-8af09d83806e-groupManagement] INFO  segmented.SegmentedRaftLogWorker (SegmentedRaftLogWorker.java:<init>(188)) - new af576844-0e82-4589-8eaa-8af09d83806e@group-35AB23F1EEB6-SegmentedRaftLogWorker for RaftStorageImpl:Storage Directory /home/runner/work/ozone/ozone/hadoop-ozone/integration-test/target/test-dir/MiniOzoneClusterImpl-741560ff-92e5-4b28-9778-2cf52193c8f3/datanode-1/data/ratis/7d113dd2-4bcf-450e-b2bd-35ab23f1eeb6
2023-06-23 15:09:08,779 [af576844-0e82-4589-8eaa-8af09d83806e-groupManagement] INFO  server.RaftServerConfigKeys (ConfUtils.java:logGet(46)) - raft.server.log.queue.byte-limit = 4294967296 (custom)
2023-06-23 15:09:08,779 [af576844-0e82-4589-8eaa-8af09d83806e-groupManagement] INFO  server.RaftServerConfigKeys (ConfUtils.java:logGet(46)) - raft.server.log.queue.element-limit = 1024 (custom)
2023-06-23 15:09:08,779 [af576844-0e82-4589-8eaa-8af09d83806e-groupManagement] INFO  server.RaftServerConfigKeys (ConfUtils.java:logGet(46)) - raft.server.log.segment.size.max = 1048576 (custom)
2023-06-23 15:09:08,779 [af576844-0e82-4589-8eaa-8af09d83806e-groupManagement] INFO  server.RaftServerConfigKeys (ConfUtils.java:logGet(46)) - raft.server.log.preallocated.size = 16384 (custom)
2023-06-23 15:09:08,779 [af576844-0e82-4589-8eaa-8af09d83806e-groupManagement] INFO  server.RaftServerConfigKeys (ConfUtils.java:logGet(46)) - raft.server.log.force.sync.num = 128 (default)
2023-06-23 15:09:08,779 [af576844-0e82-4589-8eaa-8af09d83806e-groupManagement] INFO  server.RaftServerConfigKeys (ConfUtils.java:logGet(46)) - raft.server.log.statemachine.data.sync = true (default)
2023-06-23 15:09:08,779 [af576844-0e82-4589-8eaa-8af09d83806e-groupManagement] INFO  server.RaftServerConfigKeys (ConfUtils.java:logGet(46)) - raft.server.log.statemachine.data.sync.timeout = 10s (default)
2023-06-23 15:09:08,779 [af576844-0e82-4589-8eaa-8af09d83806e-groupManagement] INFO  server.RaftServerConfigKeys (ConfUtils.java:logGet(46)) - raft.server.log.statemachine.data.sync.timeout.retry = -1 (default)
2023-06-23 15:09:08,782 [af576844-0e82-4589-8eaa-8af09d83806e-groupManagement] INFO  server.RaftServerConfigKeys (ConfUtils.java:logGet(46)) - raft.server.log.write.buffer.size = 1048576 (custom)
2023-06-23 15:09:08,784 [af576844-0e82-4589-8eaa-8af09d83806e-groupManagement] INFO  server.RaftServerConfigKeys (ConfUtils.java:logGet(46)) - raft.server.log.appender.buffer.byte-limit = 33554432 (custom)
2023-06-23 15:09:08,800 [af576844-0e82-4589-8eaa-8af09d83806e-groupManagement] INFO  server.RaftServerConfigKeys (ConfUtils.java:logGet(46)) - raft.server.log.unsafe-flush.enabled = false (default)
2023-06-23 15:09:08,800 [af576844-0e82-4589-8eaa-8af09d83806e-groupManagement] INFO  server.RaftServerConfigKeys (ConfUtils.java:logGet(46)) - raft.server.log.async-flush.enabled = false (default)
2023-06-23 15:09:08,800 [af576844-0e82-4589-8eaa-8af09d83806e-groupManagement] INFO  server.RaftServerConfigKeys (ConfUtils.java:logGet(46)) - raft.server.log.statemachine.data.caching.enabled = true (custom)
2023-06-23 15:09:08,800 [af576844-0e82-4589-8eaa-8af09d83806e-groupManagement] INFO  segmented.SegmentedRaftLogWorker (SegmentedRaftLogWorker.java:lambda$new$0(135)) - af576844-0e82-4589-8eaa-8af09d83806e@group-35AB23F1EEB6-SegmentedRaftLogWorker: flushIndex: setUnconditionally 0 -> -1
2023-06-23 15:09:08,800 [af576844-0e82-4589-8eaa-8af09d83806e-groupManagement] INFO  segmented.SegmentedRaftLogWorker (SegmentedRaftLogWorker.java:lambda$new$0(135)) - af576844-0e82-4589-8eaa-8af09d83806e@group-35AB23F1EEB6-SegmentedRaftLogWorker: safeCacheEvictIndex: setUnconditionally 0 -> -1
2023-06-23 15:09:08,801 [af576844-0e82-4589-8eaa-8af09d83806e-groupManagement] INFO  server.RaftServer$Division (RaftServerImpl.java:start(342)) - af576844-0e82-4589-8eaa-8af09d83806e@group-35AB23F1EEB6: start as a follower, conf=-1: peers:[3f4ddf09-9f08-4efc-95be-1efd9e09d1d3|rpc:10.1.0.34:15032|admin:10.1.0.34:15031|client:10.1.0.34:15030|dataStream:10.1.0.34:15033|priority:1|startupRole:FOLLOWER, af576844-0e82-4589-8eaa-8af09d83806e|rpc:10.1.0.34:15023|admin:10.1.0.34:15022|client:10.1.0.34:15021|dataStream:10.1.0.34:15024|priority:0|startupRole:FOLLOWER, 3d425f4c-b0a3-4337-aec0-a29136ea4685|rpc:10.1.0.34:15014|admin:10.1.0.34:15013|client:10.1.0.34:15012|dataStream:10.1.0.34:15015|priority:0|startupRole:FOLLOWER]|listeners:[], old=null
2023-06-23 15:09:08,801 [af576844-0e82-4589-8eaa-8af09d83806e-groupManagement] INFO  server.RaftServer$Division (RaftServerImpl.java:setRole(329)) - af576844-0e82-4589-8eaa-8af09d83806e@group-35AB23F1EEB6: changes role from      null to FOLLOWER at term 0 for startAsFollower
2023-06-23 15:09:08,801 [af576844-0e82-4589-8eaa-8af09d83806e-groupManagement] INFO  impl.RoleInfo (RoleInfo.java:updateAndGet(139)) - af576844-0e82-4589-8eaa-8af09d83806e: start af576844-0e82-4589-8eaa-8af09d83806e@group-35AB23F1EEB6-FollowerState
2023-06-23 15:09:08,801 [af576844-0e82-4589-8eaa-8af09d83806e-groupManagement] INFO  util.JmxRegister (JmxRegister.java:tryRegister(44)) - Successfully registered JMX Bean with object name Ratis:service=RaftServer,group=group-35AB23F1EEB6,id=af576844-0e82-4589-8eaa-8af09d83806e
2023-06-23 15:09:08,801 [af576844-0e82-4589-8eaa-8af09d83806e-groupManagement] INFO  server.RaftServerConfigKeys (ConfUtils.java:logGet(46)) - raft.server.snapshot.auto.trigger.enabled = true (custom)
2023-06-23 15:09:08,801 [af576844-0e82-4589-8eaa-8af09d83806e-groupManagement] INFO  server.RaftServerConfigKeys (ConfUtils.java:logGet(46)) - raft.server.snapshot.auto.trigger.threshold = 10000 (custom)
2023-06-23 15:09:08,802 [af576844-0e82-4589-8eaa-8af09d83806e-groupManagement] INFO  server.RaftServerConfigKeys (ConfUtils.java:logGet(46)) - raft.server.snapshot.retention.file.num = 5 (custom)
2023-06-23 15:09:08,802 [af576844-0e82-4589-8eaa-8af09d83806e-groupManagement] INFO  server.RaftServerConfigKeys (ConfUtils.java:logGet(46)) - raft.server.log.purge.upto.snapshot.index = false (default)
2023-06-23 15:09:08,802 [af576844-0e82-4589-8eaa-8af09d83806e@group-35AB23F1EEB6-FollowerState] INFO  server.RaftServerConfigKeys (ConfUtils.java:logFallback(53)) - raft.server.rpc.first-election.timeout.min = 5s (fallback to raft.server.rpc.timeout.min)
2023-06-23 15:09:08,804 [af576844-0e82-4589-8eaa-8af09d83806e@group-35AB23F1EEB6-FollowerState] INFO  server.RaftServerConfigKeys (ConfUtils.java:logFallback(53)) - raft.server.rpc.first-election.timeout.max = 5200ms (fallback to raft.server.rpc.timeout.max)
2023-06-23 15:09:08,810 [PipelineCommandHandlerThread-0] INFO  ratis.XceiverServerRatis (XceiverServerRatis.java:addGroup(804)) - Created group PipelineID=7d113dd2-4bcf-450e-b2bd-35ab23f1eeb6
2023-06-23 15:09:08,836 [grpc-default-executor-0] INFO  server.RaftServer (RaftServerProxy.java:addNew(98)) - 3d425f4c-b0a3-4337-aec0-a29136ea4685: addNew group-35AB23F1EEB6:[3f4ddf09-9f08-4efc-95be-1efd9e09d1d3|rpc:10.1.0.34:15032|admin:10.1.0.34:15031|client:10.1.0.34:15030|dataStream:10.1.0.34:15033|priority:1|startupRole:FOLLOWER, af576844-0e82-4589-8eaa-8af09d83806e|rpc:10.1.0.34:15023|admin:10.1.0.34:15022|client:10.1.0.34:15021|dataStream:10.1.0.34:15024|priority:0|startupRole:FOLLOWER, 3d425f4c-b0a3-4337-aec0-a29136ea4685|rpc:10.1.0.34:15014|admin:10.1.0.34:15013|client:10.1.0.34:15012|dataStream:10.1.0.34:15015|priority:0|startupRole:FOLLOWER] returns group-35AB23F1EEB6:java.util.concurrent.CompletableFuture@6e4ea760[Not completed]
2023-06-23 15:09:08,838 [3d425f4c-b0a3-4337-aec0-a29136ea4685-groupManagement] INFO  server.RaftServer$Division (RaftServerImpl.java:<init>(198)) - 3d425f4c-b0a3-4337-aec0-a29136ea4685: new RaftServerImpl for group-35AB23F1EEB6:[3f4ddf09-9f08-4efc-95be-1efd9e09d1d3|rpc:10.1.0.34:15032|admin:10.1.0.34:15031|client:10.1.0.34:15030|dataStream:10.1.0.34:15033|priority:1|startupRole:FOLLOWER, af576844-0e82-4589-8eaa-8af09d83806e|rpc:10.1.0.34:15023|admin:10.1.0.34:15022|client:10.1.0.34:15021|dataStream:10.1.0.34:15024|priority:0|startupRole:FOLLOWER, 3d425f4c-b0a3-4337-aec0-a29136ea4685|rpc:10.1.0.34:15014|admin:10.1.0.34:15013|client:10.1.0.34:15012|dataStream:10.1.0.34:15015|priority:0|startupRole:FOLLOWER] with ContainerStateMachine:uninitialized
2023-06-23 15:09:08,838 [3d425f4c-b0a3-4337-aec0-a29136ea4685-groupManagement] INFO  server.RaftServerConfigKeys (ConfUtils.java:logGet(46)) - raft.server.rpc.timeout.min = 5s (custom)
2023-06-23 15:09:08,838 [3d425f4c-b0a3-4337-aec0-a29136ea4685-groupManagement] INFO  server.RaftServerConfigKeys (ConfUtils.java:logGet(46)) - raft.server.rpc.timeout.max = 5200ms (custom)
2023-06-23 15:09:08,838 [3d425f4c-b0a3-4337-aec0-a29136ea4685-groupManagement] INFO  server.RaftServerConfigKeys (ConfUtils.java:logGet(46)) - raft.server.rpc.sleep.time = 25ms (default)
2023-06-23 15:09:08,838 [3d425f4c-b0a3-4337-aec0-a29136ea4685-groupManagement] INFO  server.RaftServerConfigKeys (ConfUtils.java:logGet(46)) - raft.server.rpc.slowness.timeout = 300s (custom)
2023-06-23 15:09:08,838 [3d425f4c-b0a3-4337-aec0-a29136ea4685-groupManagement] INFO  server.RaftServerConfigKeys (ConfUtils.java:logGet(46)) - raft.server.leaderelection.leader.step-down.wait-time = 10s (default)
2023-06-23 15:09:08,838 [3d425f4c-b0a3-4337-aec0-a29136ea4685-groupManagement] INFO  server.RaftServerConfigKeys (ConfUtils.java:logGet(46)) - raft.server.sleep.deviation.threshold = 300ms (default)
2023-06-23 15:09:08,838 [3d425f4c-b0a3-4337-aec0-a29136ea4685-groupManagement] INFO  server.RaftServer$Division (ServerState.java:<init>(120)) - 3d425f4c-b0a3-4337-aec0-a29136ea4685@group-35AB23F1EEB6: ConfigurationManager, init=-1: peers:[3f4ddf09-9f08-4efc-95be-1efd9e09d1d3|rpc:10.1.0.34:15032|admin:10.1.0.34:15031|client:10.1.0.34:15030|dataStream:10.1.0.34:15033|priority:1|startupRole:FOLLOWER, af576844-0e82-4589-8eaa-8af09d83806e|rpc:10.1.0.34:15023|admin:10.1.0.34:15022|client:10.1.0.34:15021|dataStream:10.1.0.34:15024|priority:0|startupRole:FOLLOWER, 3d425f4c-b0a3-4337-aec0-a29136ea4685|rpc:10.1.0.34:15014|admin:10.1.0.34:15013|client:10.1.0.34:15012|dataStream:10.1.0.34:15015|priority:0|startupRole:FOLLOWER]|listeners:[], old=null, confs=<EMPTY_MAP>
2023-06-23 15:09:08,839 [3d425f4c-b0a3-4337-aec0-a29136ea4685-groupManagement] INFO  server.RaftServerConfigKeys (ConfUtils.java:logGet(46)) - raft.server.storage.dir = [/home/runner/work/ozone/ozone/hadoop-ozone/integration-test/target/test-dir/MiniOzoneClusterImpl-741560ff-92e5-4b28-9778-2cf52193c8f3/datanode-0/data/ratis] (custom)
2023-06-23 15:09:08,839 [3d425f4c-b0a3-4337-aec0-a29136ea4685-groupManagement] INFO  server.RaftServerConfigKeys (ConfUtils.java:logGet(46)) - raft.server.log.corruption.policy = EXCEPTION (default)
2023-06-23 15:09:08,839 [3d425f4c-b0a3-4337-aec0-a29136ea4685-groupManagement] INFO  server.RaftServerConfigKeys (ConfUtils.java:logGet(46)) - raft.server.storage.free-space.min = 0MB (=0) (default)
2023-06-23 15:09:08,839 [3d425f4c-b0a3-4337-aec0-a29136ea4685-groupManagement] INFO  server.RaftServerConfigKeys (ConfUtils.java:logGet(46)) - raft.server.notification.no-leader.timeout = 300s (custom)
2023-06-23 15:09:08,839 [3d425f4c-b0a3-4337-aec0-a29136ea4685-groupManagement] INFO  server.RaftServerConfigKeys (ConfUtils.java:logGet(46)) - raft.server.read.timeout = 10s (default)
2023-06-23 15:09:08,839 [3d425f4c-b0a3-4337-aec0-a29136ea4685-groupManagement] INFO  server.RaftServerConfigKeys (ConfUtils.java:logGet(46)) - raft.server.retrycache.expirytime = 600000ms (custom)
2023-06-23 15:09:08,839 [3d425f4c-b0a3-4337-aec0-a29136ea4685-groupManagement] INFO  server.RaftServerConfigKeys (ConfUtils.java:logGet(46)) - raft.server.retrycache.statistics.expirytime = 100μs (default)
2023-06-23 15:09:08,844 [3d425f4c-b0a3-4337-aec0-a29136ea4685-groupManagement] INFO  server.RaftServerConfigKeys (ConfUtils.java:logGet(46)) - raft.server.read.option = DEFAULT (default)
2023-06-23 15:09:08,845 [3d425f4c-b0a3-4337-aec0-a29136ea4685-groupManagement] INFO  server.RaftServerConfigKeys (ConfUtils.java:logGet(46)) - raft.server.rpc.request.timeout = 60s (custom)
2023-06-23 15:09:08,845 [3d425f4c-b0a3-4337-aec0-a29136ea4685-groupManagement] INFO  server.RaftServerConfigKeys (ConfUtils.java:logGet(46)) - raft.server.log.appender.install.snapshot.enabled = false (custom)
2023-06-23 15:09:08,845 [3d425f4c-b0a3-4337-aec0-a29136ea4685-groupManagement] INFO  server.RaftServerConfigKeys (ConfUtils.java:logGet(46)) - raft.server.threadpool.server.cached = true (default)
2023-06-23 15:09:08,845 [3d425f4c-b0a3-4337-aec0-a29136ea4685-groupManagement] INFO  server.RaftServerConfigKeys (ConfUtils.java:logGet(46)) - raft.server.threadpool.server.size = 0 (default)
2023-06-23 15:09:08,845 [3d425f4c-b0a3-4337-aec0-a29136ea4685-groupManagement] INFO  server.RaftServerConfigKeys (ConfUtils.java:logGet(46)) - raft.server.threadpool.client.cached = true (default)
2023-06-23 15:09:08,845 [3d425f4c-b0a3-4337-aec0-a29136ea4685-groupManagement] INFO  server.RaftServerConfigKeys (ConfUtils.java:logGet(46)) - raft.server.threadpool.client.size = 0 (default)
2023-06-23 15:09:08,845 [3d425f4c-b0a3-4337-aec0-a29136ea4685-groupManagement] INFO  storage.RaftStorageDirectory (RaftStorageDirectoryImpl.java:analyzeStorage(137)) - The storage directory /home/runner/work/ozone/ozone/hadoop-ozone/integration-test/target/test-dir/MiniOzoneClusterImpl-741560ff-92e5-4b28-9778-2cf52193c8f3/datanode-0/data/ratis/7d113dd2-4bcf-450e-b2bd-35ab23f1eeb6 does not exist. Creating ...
2023-06-23 15:09:08,847 [3d425f4c-b0a3-4337-aec0-a29136ea4685-groupManagement] INFO  storage.RaftStorageDirectory (RaftStorageDirectoryImpl.java:tryLock(231)) - Lock on /home/runner/work/ozone/ozone/hadoop-ozone/integration-test/target/test-dir/MiniOzoneClusterImpl-741560ff-92e5-4b28-9778-2cf52193c8f3/datanode-0/data/ratis/7d113dd2-4bcf-450e-b2bd-35ab23f1eeb6/in_use.lock acquired by nodename 61630@fv-az424-541
2023-06-23 15:09:08,850 [3d425f4c-b0a3-4337-aec0-a29136ea4685-groupManagement] INFO  storage.RaftStorage (RaftStorageImpl.java:format(96)) - Storage directory /home/runner/work/ozone/ozone/hadoop-ozone/integration-test/target/test-dir/MiniOzoneClusterImpl-741560ff-92e5-4b28-9778-2cf52193c8f3/datanode-0/data/ratis/7d113dd2-4bcf-450e-b2bd-35ab23f1eeb6 has been successfully formatted.
2023-06-23 15:09:08,850 [3d425f4c-b0a3-4337-aec0-a29136ea4685-groupManagement] INFO  ratis.ContainerStateMachine (ContainerStateMachine.java:loadSnapshot(262)) - group-35AB23F1EEB6: The snapshot info is null. Setting the last applied indexto:(t:0, i:~)
2023-06-23 15:09:08,850 [3d425f4c-b0a3-4337-aec0-a29136ea4685-groupManagement] INFO  server.RaftServerConfigKeys (ConfUtils.java:logGet(46)) - raft.server.log.use.memory = false (default)
2023-06-23 15:09:08,851 [3d425f4c-b0a3-4337-aec0-a29136ea4685-groupManagement] INFO  server.RaftServerConfigKeys (ConfUtils.java:logGet(46)) - raft.server.log.purge.gap = 1000000 (custom)
2023-06-23 15:09:08,851 [3d425f4c-b0a3-4337-aec0-a29136ea4685-groupManagement] INFO  server.RaftServerConfigKeys (ConfUtils.java:logGet(46)) - raft.server.log.appender.buffer.byte-limit = 33554432 (custom)
2023-06-23 15:09:08,851 [3d425f4c-b0a3-4337-aec0-a29136ea4685-groupManagement] INFO  server.RaftServerConfigKeys (ConfUtils.java:logGet(46)) - raft.server.log.statemachine.data.read.timeout = 1000ms (default)
2023-06-23 15:09:08,851 [3d425f4c-b0a3-4337-aec0-a29136ea4685-groupManagement] INFO  server.RaftServerConfigKeys (ConfUtils.java:logGet(46)) - raft.server.log.purge.preservation.log.num = 0 (default)
2023-06-23 15:09:08,855 [EventQueue-OpenPipelineForHealthyPipelineSafeModeRule] INFO  safemode.SCMSafeModeManager (HealthyPipelineSafeModeRule.java:process(137)) - SCM in safe mode. Healthy pipelines reported count is 0, required healthy pipeline reported count is 1
2023-06-23 15:09:08,856 [3d425f4c-b0a3-4337-aec0-a29136ea4685-groupManagement] INFO  server.RaftServerConfigKeys (ConfUtils.java:logGet(46)) - raft.server.log.segment.size.max = 1048576 (custom)
2023-06-23 15:09:08,858 [3d425f4c-b0a3-4337-aec0-a29136ea4685-groupManagement] INFO  server.RaftServerConfigKeys (ConfUtils.java:logGet(46)) - raft.server.log.segment.cache.num.max = 2 (custom)
2023-06-23 15:09:08,858 [3d425f4c-b0a3-4337-aec0-a29136ea4685-groupManagement] INFO  server.RaftServerConfigKeys (ConfUtils.java:logGet(46)) - raft.server.log.segment.cache.size.max = 200MB (=209715200) (default)
2023-06-23 15:09:08,858 [3d425f4c-b0a3-4337-aec0-a29136ea4685-groupManagement] INFO  server.RaftServerConfigKeys (ConfUtils.java:logGet(46)) - raft.server.log.appender.buffer.byte-limit = 33554432 (custom)
2023-06-23 15:09:08,858 [3d425f4c-b0a3-4337-aec0-a29136ea4685-groupManagement] INFO  segmented.SegmentedRaftLogWorker (SegmentedRaftLogWorker.java:<init>(188)) - new 3d425f4c-b0a3-4337-aec0-a29136ea4685@group-35AB23F1EEB6-SegmentedRaftLogWorker for RaftStorageImpl:Storage Directory /home/runner/work/ozone/ozone/hadoop-ozone/integration-test/target/test-dir/MiniOzoneClusterImpl-741560ff-92e5-4b28-9778-2cf52193c8f3/datanode-0/data/ratis/7d113dd2-4bcf-450e-b2bd-35ab23f1eeb6
2023-06-23 15:09:08,858 [3d425f4c-b0a3-4337-aec0-a29136ea4685-groupManagement] INFO  server.RaftServerConfigKeys (ConfUtils.java:logGet(46)) - raft.server.log.queue.byte-limit = 4294967296 (custom)
2023-06-23 15:09:08,858 [3d425f4c-b0a3-4337-aec0-a29136ea4685-groupManagement] INFO  server.RaftServerConfigKeys (ConfUtils.java:logGet(46)) - raft.server.log.queue.element-limit = 1024 (custom)
2023-06-23 15:09:08,859 [3d425f4c-b0a3-4337-aec0-a29136ea4685-groupManagement] INFO  server.RaftServerConfigKeys (ConfUtils.java:logGet(46)) - raft.server.log.segment.size.max = 1048576 (custom)
2023-06-23 15:09:08,859 [3d425f4c-b0a3-4337-aec0-a29136ea4685-groupManagement] INFO  server.RaftServerConfigKeys (ConfUtils.java:logGet(46)) - raft.server.log.preallocated.size = 16384 (custom)
2023-06-23 15:09:08,859 [3d425f4c-b0a3-4337-aec0-a29136ea4685-groupManagement] INFO  server.RaftServerConfigKeys (ConfUtils.java:logGet(46)) - raft.server.log.force.sync.num = 128 (default)
2023-06-23 15:09:08,860 [3d425f4c-b0a3-4337-aec0-a29136ea4685-groupManagement] INFO  server.RaftServerConfigKeys (ConfUtils.java:logGet(46)) - raft.server.log.statemachine.data.sync = true (default)
2023-06-23 15:09:08,860 [3d425f4c-b0a3-4337-aec0-a29136ea4685-groupManagement] INFO  server.RaftServerConfigKeys (ConfUtils.java:logGet(46)) - raft.server.log.statemachine.data.sync.timeout = 10s (default)
2023-06-23 15:09:08,860 [3d425f4c-b0a3-4337-aec0-a29136ea4685-groupManagement] INFO  server.RaftServerConfigKeys (ConfUtils.java:logGet(46)) - raft.server.log.statemachine.data.sync.timeout.retry = -1 (default)
2023-06-23 15:09:08,864 [3d425f4c-b0a3-4337-aec0-a29136ea4685-groupManagement] INFO  server.RaftServerConfigKeys (ConfUtils.java:logGet(46)) - raft.server.log.write.buffer.size = 1048576 (custom)
2023-06-23 15:09:08,865 [3d425f4c-b0a3-4337-aec0-a29136ea4685-groupManagement] INFO  server.RaftServerConfigKeys (ConfUtils.java:logGet(46)) - raft.server.log.appender.buffer.byte-limit = 33554432 (custom)
2023-06-23 15:09:08,880 [3d425f4c-b0a3-4337-aec0-a29136ea4685-groupManagement] INFO  server.RaftServerConfigKeys (ConfUtils.java:logGet(46)) - raft.server.log.unsafe-flush.enabled = false (default)
2023-06-23 15:09:08,885 [grpc-default-executor-0] INFO  server.RaftServer (RaftServerProxy.java:addNew(98)) - 3f4ddf09-9f08-4efc-95be-1efd9e09d1d3: addNew group-A862192D7515:[3f4ddf09-9f08-4efc-95be-1efd9e09d1d3|rpc:10.1.0.34:15032|admin:10.1.0.34:15031|client:10.1.0.34:15030|dataStream:10.1.0.34:15033|priority:0|startupRole:FOLLOWER, af576844-0e82-4589-8eaa-8af09d83806e|rpc:10.1.0.34:15023|admin:10.1.0.34:15022|client:10.1.0.34:15021|dataStream:10.1.0.34:15024|priority:0|startupRole:FOLLOWER, 3d425f4c-b0a3-4337-aec0-a29136ea4685|rpc:10.1.0.34:15014|admin:10.1.0.34:15013|client:10.1.0.34:15012|dataStream:10.1.0.34:15015|priority:1|startupRole:FOLLOWER] returns group-A862192D7515:java.util.concurrent.CompletableFuture@48187675[Not completed]
2023-06-23 15:09:08,886 [3d425f4c-b0a3-4337-aec0-a29136ea4685-groupManagement] INFO  server.RaftServerConfigKeys (ConfUtils.java:logGet(46)) - raft.server.log.async-flush.enabled = false (default)
2023-06-23 15:09:08,886 [3d425f4c-b0a3-4337-aec0-a29136ea4685-groupManagement] INFO  server.RaftServerConfigKeys (ConfUtils.java:logGet(46)) - raft.server.log.statemachine.data.caching.enabled = true (custom)
2023-06-23 15:09:08,886 [3d425f4c-b0a3-4337-aec0-a29136ea4685-groupManagement] INFO  segmented.SegmentedRaftLogWorker (SegmentedRaftLogWorker.java:lambda$new$0(135)) - 3d425f4c-b0a3-4337-aec0-a29136ea4685@group-35AB23F1EEB6-SegmentedRaftLogWorker: flushIndex: setUnconditionally 0 -> -1
2023-06-23 15:09:08,887 [3d425f4c-b0a3-4337-aec0-a29136ea4685-groupManagement] INFO  segmented.SegmentedRaftLogWorker (SegmentedRaftLogWorker.java:lambda$new$0(135)) - 3d425f4c-b0a3-4337-aec0-a29136ea4685@group-35AB23F1EEB6-SegmentedRaftLogWorker: safeCacheEvictIndex: setUnconditionally 0 -> -1
2023-06-23 15:09:08,887 [3d425f4c-b0a3-4337-aec0-a29136ea4685-groupManagement] INFO  server.RaftServer$Division (RaftServerImpl.java:start(342)) - 3d425f4c-b0a3-4337-aec0-a29136ea4685@group-35AB23F1EEB6: start as a follower, conf=-1: peers:[3f4ddf09-9f08-4efc-95be-1efd9e09d1d3|rpc:10.1.0.34:15032|admin:10.1.0.34:15031|client:10.1.0.34:15030|dataStream:10.1.0.34:15033|priority:1|startupRole:FOLLOWER, af576844-0e82-4589-8eaa-8af09d83806e|rpc:10.1.0.34:15023|admin:10.1.0.34:15022|client:10.1.0.34:15021|dataStream:10.1.0.34:15024|priority:0|startupRole:FOLLOWER, 3d425f4c-b0a3-4337-aec0-a29136ea4685|rpc:10.1.0.34:15014|admin:10.1.0.34:15013|client:10.1.0.34:15012|dataStream:10.1.0.34:15015|priority:0|startupRole:FOLLOWER]|listeners:[], old=null
2023-06-23 15:09:08,887 [3d425f4c-b0a3-4337-aec0-a29136ea4685-groupManagement] INFO  server.RaftServer$Division (RaftServerImpl.java:setRole(329)) - 3d425f4c-b0a3-4337-aec0-a29136ea4685@group-35AB23F1EEB6: changes role from      null to FOLLOWER at term 0 for startAsFollower
2023-06-23 15:09:08,887 [3d425f4c-b0a3-4337-aec0-a29136ea4685-groupManagement] INFO  impl.RoleInfo (RoleInfo.java:updateAndGet(139)) - 3d425f4c-b0a3-4337-aec0-a29136ea4685: start 3d425f4c-b0a3-4337-aec0-a29136ea4685@group-35AB23F1EEB6-FollowerState
2023-06-23 15:09:08,891 [3f4ddf09-9f08-4efc-95be-1efd9e09d1d3-groupManagement] INFO  server.RaftServer$Division (RaftServerImpl.java:<init>(198)) - 3f4ddf09-9f08-4efc-95be-1efd9e09d1d3: new RaftServerImpl for group-A862192D7515:[3f4ddf09-9f08-4efc-95be-1efd9e09d1d3|rpc:10.1.0.34:15032|admin:10.1.0.34:15031|client:10.1.0.34:15030|dataStream:10.1.0.34:15033|priority:0|startupRole:FOLLOWER, af576844-0e82-4589-8eaa-8af09d83806e|rpc:10.1.0.34:15023|admin:10.1.0.34:15022|client:10.1.0.34:15021|dataStream:10.1.0.34:15024|priority:0|startupRole:FOLLOWER, 3d425f4c-b0a3-4337-aec0-a29136ea4685|rpc:10.1.0.34:15014|admin:10.1.0.34:15013|client:10.1.0.34:15012|dataStream:10.1.0.34:15015|priority:1|startupRole:FOLLOWER] with ContainerStateMachine:uninitialized
2023-06-23 15:09:08,892 [3d425f4c-b0a3-4337-aec0-a29136ea4685-groupManagement] INFO  util.JmxRegister (JmxRegister.java:tryRegister(44)) - Successfully registered JMX Bean with object name Ratis:service=RaftServer,group=group-35AB23F1EEB6,id=3d425f4c-b0a3-4337-aec0-a29136ea4685
2023-06-23 15:09:08,892 [3d425f4c-b0a3-4337-aec0-a29136ea4685-groupManagement] INFO  server.RaftServerConfigKeys (ConfUtils.java:logGet(46)) - raft.server.snapshot.auto.trigger.enabled = true (custom)
2023-06-23 15:09:08,892 [3d425f4c-b0a3-4337-aec0-a29136ea4685-groupManagement] INFO  server.RaftServerConfigKeys (ConfUtils.java:logGet(46)) - raft.server.snapshot.auto.trigger.threshold = 10000 (custom)
2023-06-23 15:09:08,892 [3f4ddf09-9f08-4efc-95be-1efd9e09d1d3-groupManagement] INFO  server.RaftServerConfigKeys (ConfUtils.java:logGet(46)) - raft.server.rpc.timeout.min = 5s (custom)
2023-06-23 15:09:08,893 [3f4ddf09-9f08-4efc-95be-1efd9e09d1d3-groupManagement] INFO  server.RaftServerConfigKeys (ConfUtils.java:logGet(46)) - raft.server.rpc.timeout.max = 5200ms (custom)
2023-06-23 15:09:08,893 [3f4ddf09-9f08-4efc-95be-1efd9e09d1d3-groupManagement] INFO  server.RaftServerConfigKeys (ConfUtils.java:logGet(46)) - raft.server.rpc.sleep.time = 25ms (default)
2023-06-23 15:09:08,893 [3f4ddf09-9f08-4efc-95be-1efd9e09d1d3-groupManagement] INFO  server.RaftServerConfigKeys (ConfUtils.java:logGet(46)) - raft.server.rpc.slowness.timeout = 300s (custom)
2023-06-23 15:09:08,893 [3f4ddf09-9f08-4efc-95be-1efd9e09d1d3-groupManagement] INFO  server.RaftServerConfigKeys (ConfUtils.java:logGet(46)) - raft.server.leaderelection.leader.step-down.wait-time = 10s (default)
2023-06-23 15:09:08,893 [3f4ddf09-9f08-4efc-95be-1efd9e09d1d3-groupManagement] INFO  server.RaftServerConfigKeys (ConfUtils.java:logGet(46)) - raft.server.sleep.deviation.threshold = 300ms (default)
2023-06-23 15:09:08,893 [3f4ddf09-9f08-4efc-95be-1efd9e09d1d3-groupManagement] INFO  server.RaftServer$Division (ServerState.java:<init>(120)) - 3f4ddf09-9f08-4efc-95be-1efd9e09d1d3@group-A862192D7515: ConfigurationManager, init=-1: peers:[3f4ddf09-9f08-4efc-95be-1efd9e09d1d3|rpc:10.1.0.34:15032|admin:10.1.0.34:15031|client:10.1.0.34:15030|dataStream:10.1.0.34:15033|priority:0|startupRole:FOLLOWER, af576844-0e82-4589-8eaa-8af09d83806e|rpc:10.1.0.34:15023|admin:10.1.0.34:15022|client:10.1.0.34:15021|dataStream:10.1.0.34:15024|priority:0|startupRole:FOLLOWER, 3d425f4c-b0a3-4337-aec0-a29136ea4685|rpc:10.1.0.34:15014|admin:10.1.0.34:15013|client:10.1.0.34:15012|dataStream:10.1.0.34:15015|priority:1|startupRole:FOLLOWER]|listeners:[], old=null, confs=<EMPTY_MAP>
2023-06-23 15:09:08,893 [3f4ddf09-9f08-4efc-95be-1efd9e09d1d3-groupManagement] INFO  server.RaftServerConfigKeys (ConfUtils.java:logGet(46)) - raft.server.storage.dir = [/home/runner/work/ozone/ozone/hadoop-ozone/integration-test/target/test-dir/MiniOzoneClusterImpl-741560ff-92e5-4b28-9778-2cf52193c8f3/datanode-2/data/ratis] (custom)
2023-06-23 15:09:08,893 [3f4ddf09-9f08-4efc-95be-1efd9e09d1d3-groupManagement] INFO  server.RaftServerConfigKeys (ConfUtils.java:logGet(46)) - raft.server.log.corruption.policy = EXCEPTION (default)
2023-06-23 15:09:08,893 [3f4ddf09-9f08-4efc-95be-1efd9e09d1d3-groupManagement] INFO  server.RaftServerConfigKeys (ConfUtils.java:logGet(46)) - raft.server.storage.free-space.min = 0MB (=0) (default)
2023-06-23 15:09:08,894 [3f4ddf09-9f08-4efc-95be-1efd9e09d1d3-groupManagement] INFO  server.RaftServerConfigKeys (ConfUtils.java:logGet(46)) - raft.server.notification.no-leader.timeout = 300s (custom)
2023-06-23 15:09:08,894 [3f4ddf09-9f08-4efc-95be-1efd9e09d1d3-groupManagement] INFO  server.RaftServerConfigKeys (ConfUtils.java:logGet(46)) - raft.server.read.timeout = 10s (default)
2023-06-23 15:09:08,894 [3f4ddf09-9f08-4efc-95be-1efd9e09d1d3-groupManagement] INFO  server.RaftServerConfigKeys (ConfUtils.java:logGet(46)) - raft.server.retrycache.expirytime = 600000ms (custom)
2023-06-23 15:09:08,894 [3f4ddf09-9f08-4efc-95be-1efd9e09d1d3-groupManagement] INFO  server.RaftServerConfigKeys (ConfUtils.java:logGet(46)) - raft.server.retrycache.statistics.expirytime = 100μs (default)
2023-06-23 15:09:08,894 [3f4ddf09-9f08-4efc-95be-1efd9e09d1d3-groupManagement] INFO  server.RaftServerConfigKeys (ConfUtils.java:logGet(46)) - raft.server.read.option = DEFAULT (default)
2023-06-23 15:09:08,895 [3f4ddf09-9f08-4efc-95be-1efd9e09d1d3-groupManagement] INFO  server.RaftServerConfigKeys (ConfUtils.java:logGet(46)) - raft.server.rpc.request.timeout = 60s (custom)
2023-06-23 15:09:08,895 [3f4ddf09-9f08-4efc-95be-1efd9e09d1d3-groupManagement] INFO  server.RaftServerConfigKeys (ConfUtils.java:logGet(46)) - raft.server.log.appender.install.snapshot.enabled = false (custom)
2023-06-23 15:09:08,895 [3f4ddf09-9f08-4efc-95be-1efd9e09d1d3-groupManagement] INFO  server.RaftServerConfigKeys (ConfUtils.java:logGet(46)) - raft.server.threadpool.server.cached = true (default)
2023-06-23 15:09:08,895 [3f4ddf09-9f08-4efc-95be-1efd9e09d1d3-groupManagement] INFO  server.RaftServerConfigKeys (ConfUtils.java:logGet(46)) - raft.server.threadpool.server.size = 0 (default)
2023-06-23 15:09:08,895 [3f4ddf09-9f08-4efc-95be-1efd9e09d1d3-groupManagement] INFO  server.RaftServerConfigKeys (ConfUtils.java:logGet(46)) - raft.server.threadpool.client.cached = true (default)
2023-06-23 15:09:08,895 [3f4ddf09-9f08-4efc-95be-1efd9e09d1d3-groupManagement] INFO  server.RaftServerConfigKeys (ConfUtils.java:logGet(46)) - raft.server.threadpool.client.size = 0 (default)
2023-06-23 15:09:08,895 [3f4ddf09-9f08-4efc-95be-1efd9e09d1d3-groupManagement] INFO  storage.RaftStorageDirectory (RaftStorageDirectoryImpl.java:analyzeStorage(137)) - The storage directory /home/runner/work/ozone/ozone/hadoop-ozone/integration-test/target/test-dir/MiniOzoneClusterImpl-741560ff-92e5-4b28-9778-2cf52193c8f3/datanode-2/data/ratis/d9bb541b-498b-4bc8-b210-a862192d7515 does not exist. Creating ...
2023-06-23 15:09:08,896 [3f4ddf09-9f08-4efc-95be-1efd9e09d1d3-groupManagement] INFO  storage.RaftStorageDirectory (RaftStorageDirectoryImpl.java:tryLock(231)) - Lock on /home/runner/work/ozone/ozone/hadoop-ozone/integration-test/target/test-dir/MiniOzoneClusterImpl-741560ff-92e5-4b28-9778-2cf52193c8f3/datanode-2/data/ratis/d9bb541b-498b-4bc8-b210-a862192d7515/in_use.lock acquired by nodename 61630@fv-az424-541
2023-06-23 15:09:08,896 [3d425f4c-b0a3-4337-aec0-a29136ea4685-groupManagement] INFO  server.RaftServerConfigKeys (ConfUtils.java:logGet(46)) - raft.server.snapshot.retention.file.num = 5 (custom)
2023-06-23 15:09:08,900 [3d425f4c-b0a3-4337-aec0-a29136ea4685-groupManagement] INFO  server.RaftServerConfigKeys (ConfUtils.java:logGet(46)) - raft.server.log.purge.upto.snapshot.index = false (default)
2023-06-23 15:09:08,901 [3f4ddf09-9f08-4efc-95be-1efd9e09d1d3-groupManagement] INFO  storage.RaftStorage (RaftStorageImpl.java:format(96)) - Storage directory /home/runner/work/ozone/ozone/hadoop-ozone/integration-test/target/test-dir/MiniOzoneClusterImpl-741560ff-92e5-4b28-9778-2cf52193c8f3/datanode-2/data/ratis/d9bb541b-498b-4bc8-b210-a862192d7515 has been successfully formatted.
2023-06-23 15:09:08,902 [3d425f4c-b0a3-4337-aec0-a29136ea4685@group-35AB23F1EEB6-FollowerState] INFO  server.RaftServerConfigKeys (ConfUtils.java:logFallback(53)) - raft.server.rpc.first-election.timeout.min = 5s (fallback to raft.server.rpc.timeout.min)
2023-06-23 15:09:08,908 [3f4ddf09-9f08-4efc-95be-1efd9e09d1d3-groupManagement] INFO  ratis.ContainerStateMachine (ContainerStateMachine.java:loadSnapshot(262)) - group-A862192D7515: The snapshot info is null. Setting the last applied indexto:(t:0, i:~)
2023-06-23 15:09:08,911 [3f4ddf09-9f08-4efc-95be-1efd9e09d1d3-groupManagement] INFO  server.RaftServerConfigKeys (ConfUtils.java:logGet(46)) - raft.server.log.use.memory = false (default)
2023-06-23 15:09:08,911 [3f4ddf09-9f08-4efc-95be-1efd9e09d1d3-groupManagement] INFO  server.RaftServerConfigKeys (ConfUtils.java:logGet(46)) - raft.server.log.purge.gap = 1000000 (custom)
2023-06-23 15:09:08,911 [3f4ddf09-9f08-4efc-95be-1efd9e09d1d3-groupManagement] INFO  server.RaftServerConfigKeys (ConfUtils.java:logGet(46)) - raft.server.log.appender.buffer.byte-limit = 33554432 (custom)
2023-06-23 15:09:08,911 [3f4ddf09-9f08-4efc-95be-1efd9e09d1d3-groupManagement] INFO  server.RaftServerConfigKeys (ConfUtils.java:logGet(46)) - raft.server.log.statemachine.data.read.timeout = 1000ms (default)
2023-06-23 15:09:08,911 [3f4ddf09-9f08-4efc-95be-1efd9e09d1d3-groupManagement] INFO  server.RaftServerConfigKeys (ConfUtils.java:logGet(46)) - raft.server.log.purge.preservation.log.num = 0 (default)
2023-06-23 15:09:08,911 [3f4ddf09-9f08-4efc-95be-1efd9e09d1d3-groupManagement] INFO  server.RaftServerConfigKeys (ConfUtils.java:logGet(46)) - raft.server.log.segment.size.max = 1048576 (custom)
2023-06-23 15:09:08,912 [3f4ddf09-9f08-4efc-95be-1efd9e09d1d3-groupManagement] INFO  server.RaftServerConfigKeys (ConfUtils.java:logGet(46)) - raft.server.log.segment.cache.num.max = 2 (custom)
2023-06-23 15:09:08,912 [3f4ddf09-9f08-4efc-95be-1efd9e09d1d3-groupManagement] INFO  server.RaftServerConfigKeys (ConfUtils.java:logGet(46)) - raft.server.log.segment.cache.size.max = 200MB (=209715200) (default)
2023-06-23 15:09:08,912 [3f4ddf09-9f08-4efc-95be-1efd9e09d1d3-groupManagement] INFO  server.RaftServerConfigKeys (ConfUtils.java:logGet(46)) - raft.server.log.appender.buffer.byte-limit = 33554432 (custom)
2023-06-23 15:09:08,912 [3f4ddf09-9f08-4efc-95be-1efd9e09d1d3-groupManagement] INFO  segmented.SegmentedRaftLogWorker (SegmentedRaftLogWorker.java:<init>(188)) - new 3f4ddf09-9f08-4efc-95be-1efd9e09d1d3@group-A862192D7515-SegmentedRaftLogWorker for RaftStorageImpl:Storage Directory /home/runner/work/ozone/ozone/hadoop-ozone/integration-test/target/test-dir/MiniOzoneClusterImpl-741560ff-92e5-4b28-9778-2cf52193c8f3/datanode-2/data/ratis/d9bb541b-498b-4bc8-b210-a862192d7515
2023-06-23 15:09:08,912 [3f4ddf09-9f08-4efc-95be-1efd9e09d1d3-groupManagement] INFO  server.RaftServerConfigKeys (ConfUtils.java:logGet(46)) - raft.server.log.queue.byte-limit = 4294967296 (custom)
2023-06-23 15:09:08,912 [3f4ddf09-9f08-4efc-95be-1efd9e09d1d3-groupManagement] INFO  server.RaftServerConfigKeys (ConfUtils.java:logGet(46)) - raft.server.log.queue.element-limit = 1024 (custom)
2023-06-23 15:09:08,912 [3f4ddf09-9f08-4efc-95be-1efd9e09d1d3-groupManagement] INFO  server.RaftServerConfigKeys (ConfUtils.java:logGet(46)) - raft.server.log.segment.size.max = 1048576 (custom)
2023-06-23 15:09:08,912 [3f4ddf09-9f08-4efc-95be-1efd9e09d1d3-groupManagement] INFO  server.RaftServerConfigKeys (ConfUtils.java:logGet(46)) - raft.server.log.preallocated.size = 16384 (custom)
2023-06-23 15:09:08,912 [3f4ddf09-9f08-4efc-95be-1efd9e09d1d3-groupManagement] INFO  server.RaftServerConfigKeys (ConfUtils.java:logGet(46)) - raft.server.log.force.sync.num = 128 (default)
2023-06-23 15:09:08,912 [3f4ddf09-9f08-4efc-95be-1efd9e09d1d3-groupManagement] INFO  server.RaftServerConfigKeys (ConfUtils.java:logGet(46)) - raft.server.log.statemachine.data.sync = true (default)
2023-06-23 15:09:08,912 [3f4ddf09-9f08-4efc-95be-1efd9e09d1d3-groupManagement] INFO  server.RaftServerConfigKeys (ConfUtils.java:logGet(46)) - raft.server.log.statemachine.data.sync.timeout = 10s (default)
2023-06-23 15:09:08,912 [3f4ddf09-9f08-4efc-95be-1efd9e09d1d3-groupManagement] INFO  server.RaftServerConfigKeys (ConfUtils.java:logGet(46)) - raft.server.log.statemachine.data.sync.timeout.retry = -1 (default)
2023-06-23 15:09:08,913 [3f4ddf09-9f08-4efc-95be-1efd9e09d1d3-groupManagement] INFO  server.RaftServerConfigKeys (ConfUtils.java:logGet(46)) - raft.server.log.write.buffer.size = 1048576 (custom)
2023-06-23 15:09:08,914 [3f4ddf09-9f08-4efc-95be-1efd9e09d1d3-groupManagement] INFO  server.RaftServerConfigKeys (ConfUtils.java:logGet(46)) - raft.server.log.appender.buffer.byte-limit = 33554432 (custom)
2023-06-23 15:09:08,915 [3d425f4c-b0a3-4337-aec0-a29136ea4685@group-35AB23F1EEB6-FollowerState] INFO  server.RaftServerConfigKeys (ConfUtils.java:logFallback(53)) - raft.server.rpc.first-election.timeout.max = 5200ms (fallback to raft.server.rpc.timeout.max)
2023-06-23 15:09:08,926 [3f4ddf09-9f08-4efc-95be-1efd9e09d1d3-groupManagement] INFO  server.RaftServerConfigKeys (ConfUtils.java:logGet(46)) - raft.server.log.unsafe-flush.enabled = false (default)
2023-06-23 15:09:08,927 [3f4ddf09-9f08-4efc-95be-1efd9e09d1d3-groupManagement] INFO  server.RaftServerConfigKeys (ConfUtils.java:logGet(46)) - raft.server.log.async-flush.enabled = false (default)
2023-06-23 15:09:08,927 [3f4ddf09-9f08-4efc-95be-1efd9e09d1d3-groupManagement] INFO  server.RaftServerConfigKeys (ConfUtils.java:logGet(46)) - raft.server.log.statemachine.data.caching.enabled = true (custom)
2023-06-23 15:09:08,927 [3f4ddf09-9f08-4efc-95be-1efd9e09d1d3-groupManagement] INFO  segmented.SegmentedRaftLogWorker (SegmentedRaftLogWorker.java:lambda$new$0(135)) - 3f4ddf09-9f08-4efc-95be-1efd9e09d1d3@group-A862192D7515-SegmentedRaftLogWorker: flushIndex: setUnconditionally 0 -> -1
2023-06-23 15:09:08,927 [3f4ddf09-9f08-4efc-95be-1efd9e09d1d3-groupManagement] INFO  segmented.SegmentedRaftLogWorker (SegmentedRaftLogWorker.java:lambda$new$0(135)) - 3f4ddf09-9f08-4efc-95be-1efd9e09d1d3@group-A862192D7515-SegmentedRaftLogWorker: safeCacheEvictIndex: setUnconditionally 0 -> -1
2023-06-23 15:09:08,928 [3f4ddf09-9f08-4efc-95be-1efd9e09d1d3-groupManagement] INFO  server.RaftServer$Division (RaftServerImpl.java:start(342)) - 3f4ddf09-9f08-4efc-95be-1efd9e09d1d3@group-A862192D7515: start as a follower, conf=-1: peers:[3f4ddf09-9f08-4efc-95be-1efd9e09d1d3|rpc:10.1.0.34:15032|admin:10.1.0.34:15031|client:10.1.0.34:15030|dataStream:10.1.0.34:15033|priority:0|startupRole:FOLLOWER, af576844-0e82-4589-8eaa-8af09d83806e|rpc:10.1.0.34:15023|admin:10.1.0.34:15022|client:10.1.0.34:15021|dataStream:10.1.0.34:15024|priority:0|startupRole:FOLLOWER, 3d425f4c-b0a3-4337-aec0-a29136ea4685|rpc:10.1.0.34:15014|admin:10.1.0.34:15013|client:10.1.0.34:15012|dataStream:10.1.0.34:15015|priority:1|startupRole:FOLLOWER]|listeners:[], old=null
2023-06-23 15:09:08,928 [3f4ddf09-9f08-4efc-95be-1efd9e09d1d3-groupManagement] INFO  server.RaftServer$Division (RaftServerImpl.java:setRole(329)) - 3f4ddf09-9f08-4efc-95be-1efd9e09d1d3@group-A862192D7515: changes role from      null to FOLLOWER at term 0 for startAsFollower
2023-06-23 15:09:08,928 [3f4ddf09-9f08-4efc-95be-1efd9e09d1d3-groupManagement] INFO  impl.RoleInfo (RoleInfo.java:updateAndGet(139)) - 3f4ddf09-9f08-4efc-95be-1efd9e09d1d3: start 3f4ddf09-9f08-4efc-95be-1efd9e09d1d3@group-A862192D7515-FollowerState
2023-06-23 15:09:08,929 [3f4ddf09-9f08-4efc-95be-1efd9e09d1d3-groupManagement] INFO  util.JmxRegister (JmxRegister.java:tryRegister(44)) - Successfully registered JMX Bean with object name Ratis:service=RaftServer,group=group-A862192D7515,id=3f4ddf09-9f08-4efc-95be-1efd9e09d1d3
2023-06-23 15:09:08,929 [3f4ddf09-9f08-4efc-95be-1efd9e09d1d3@group-A862192D7515-FollowerState] INFO  server.RaftServerConfigKeys (ConfUtils.java:logFallback(53)) - raft.server.rpc.first-election.timeout.min = 5s (fallback to raft.server.rpc.timeout.min)
2023-06-23 15:09:08,929 [3f4ddf09-9f08-4efc-95be-1efd9e09d1d3-groupManagement] INFO  server.RaftServerConfigKeys (ConfUtils.java:logGet(46)) - raft.server.snapshot.auto.trigger.enabled = true (custom)
2023-06-23 15:09:08,936 [3f4ddf09-9f08-4efc-95be-1efd9e09d1d3-groupManagement] INFO  server.RaftServerConfigKeys (ConfUtils.java:logGet(46)) - raft.server.snapshot.auto.trigger.threshold = 10000 (custom)
2023-06-23 15:09:08,936 [3f4ddf09-9f08-4efc-95be-1efd9e09d1d3@group-A862192D7515-FollowerState] INFO  server.RaftServerConfigKeys (ConfUtils.java:logFallback(53)) - raft.server.rpc.first-election.timeout.max = 5200ms (fallback to raft.server.rpc.timeout.max)
2023-06-23 15:09:08,936 [3f4ddf09-9f08-4efc-95be-1efd9e09d1d3-groupManagement] INFO  server.RaftServerConfigKeys (ConfUtils.java:logGet(46)) - raft.server.snapshot.retention.file.num = 5 (custom)
2023-06-23 15:09:08,938 [3f4ddf09-9f08-4efc-95be-1efd9e09d1d3-groupManagement] INFO  server.RaftServerConfigKeys (ConfUtils.java:logGet(46)) - raft.server.log.purge.upto.snapshot.index = false (default)
2023-06-23 15:09:08,958 [grpc-default-executor-0] INFO  server.RaftServer (RaftServerProxy.java:addNew(98)) - 3f4ddf09-9f08-4efc-95be-1efd9e09d1d3: addNew group-35AB23F1EEB6:[3f4ddf09-9f08-4efc-95be-1efd9e09d1d3|rpc:10.1.0.34:15032|admin:10.1.0.34:15031|client:10.1.0.34:15030|dataStream:10.1.0.34:15033|priority:1|startupRole:FOLLOWER, af576844-0e82-4589-8eaa-8af09d83806e|rpc:10.1.0.34:15023|admin:10.1.0.34:15022|client:10.1.0.34:15021|dataStream:10.1.0.34:15024|priority:0|startupRole:FOLLOWER, 3d425f4c-b0a3-4337-aec0-a29136ea4685|rpc:10.1.0.34:15014|admin:10.1.0.34:15013|client:10.1.0.34:15012|dataStream:10.1.0.34:15015|priority:0|startupRole:FOLLOWER] returns group-35AB23F1EEB6:java.util.concurrent.CompletableFuture@191a5b9e[Not completed]
2023-06-23 15:09:08,960 [3f4ddf09-9f08-4efc-95be-1efd9e09d1d3-groupManagement] INFO  server.RaftServer$Division (RaftServerImpl.java:<init>(198)) - 3f4ddf09-9f08-4efc-95be-1efd9e09d1d3: new RaftServerImpl for group-35AB23F1EEB6:[3f4ddf09-9f08-4efc-95be-1efd9e09d1d3|rpc:10.1.0.34:15032|admin:10.1.0.34:15031|client:10.1.0.34:15030|dataStream:10.1.0.34:15033|priority:1|startupRole:FOLLOWER, af576844-0e82-4589-8eaa-8af09d83806e|rpc:10.1.0.34:15023|admin:10.1.0.34:15022|client:10.1.0.34:15021|dataStream:10.1.0.34:15024|priority:0|startupRole:FOLLOWER, 3d425f4c-b0a3-4337-aec0-a29136ea4685|rpc:10.1.0.34:15014|admin:10.1.0.34:15013|client:10.1.0.34:15012|dataStream:10.1.0.34:15015|priority:0|startupRole:FOLLOWER] with ContainerStateMachine:uninitialized
2023-06-23 15:09:08,960 [3f4ddf09-9f08-4efc-95be-1efd9e09d1d3-groupManagement] INFO  server.RaftServerConfigKeys (ConfUtils.java:logGet(46)) - raft.server.rpc.timeout.min = 5s (custom)
2023-06-23 15:09:08,960 [3f4ddf09-9f08-4efc-95be-1efd9e09d1d3-groupManagement] INFO  server.RaftServerConfigKeys (ConfUtils.java:logGet(46)) - raft.server.rpc.timeout.max = 5200ms (custom)
2023-06-23 15:09:08,960 [3f4ddf09-9f08-4efc-95be-1efd9e09d1d3-groupManagement] INFO  server.RaftServerConfigKeys (ConfUtils.java:logGet(46)) - raft.server.rpc.sleep.time = 25ms (default)
2023-06-23 15:09:08,960 [3f4ddf09-9f08-4efc-95be-1efd9e09d1d3-groupManagement] INFO  server.RaftServerConfigKeys (ConfUtils.java:logGet(46)) - raft.server.rpc.slowness.timeout = 300s (custom)
2023-06-23 15:09:08,960 [3f4ddf09-9f08-4efc-95be-1efd9e09d1d3-groupManagement] INFO  server.RaftServerConfigKeys (ConfUtils.java:logGet(46)) - raft.server.leaderelection.leader.step-down.wait-time = 10s (default)
2023-06-23 15:09:08,960 [3f4ddf09-9f08-4efc-95be-1efd9e09d1d3-groupManagement] INFO  server.RaftServerConfigKeys (ConfUtils.java:logGet(46)) - raft.server.sleep.deviation.threshold = 300ms (default)
2023-06-23 15:09:08,960 [3f4ddf09-9f08-4efc-95be-1efd9e09d1d3-groupManagement] INFO  server.RaftServer$Division (ServerState.java:<init>(120)) - 3f4ddf09-9f08-4efc-95be-1efd9e09d1d3@group-35AB23F1EEB6: ConfigurationManager, init=-1: peers:[3f4ddf09-9f08-4efc-95be-1efd9e09d1d3|rpc:10.1.0.34:15032|admin:10.1.0.34:15031|client:10.1.0.34:15030|dataStream:10.1.0.34:15033|priority:1|startupRole:FOLLOWER, af576844-0e82-4589-8eaa-8af09d83806e|rpc:10.1.0.34:15023|admin:10.1.0.34:15022|client:10.1.0.34:15021|dataStream:10.1.0.34:15024|priority:0|startupRole:FOLLOWER, 3d425f4c-b0a3-4337-aec0-a29136ea4685|rpc:10.1.0.34:15014|admin:10.1.0.34:15013|client:10.1.0.34:15012|dataStream:10.1.0.34:15015|priority:0|startupRole:FOLLOWER]|listeners:[], old=null, confs=<EMPTY_MAP>
2023-06-23 15:09:08,960 [3f4ddf09-9f08-4efc-95be-1efd9e09d1d3-groupManagement] INFO  server.RaftServerConfigKeys (ConfUtils.java:logGet(46)) - raft.server.storage.dir = [/home/runner/work/ozone/ozone/hadoop-ozone/integration-test/target/test-dir/MiniOzoneClusterImpl-741560ff-92e5-4b28-9778-2cf52193c8f3/datanode-2/data/ratis] (custom)
2023-06-23 15:09:08,960 [3f4ddf09-9f08-4efc-95be-1efd9e09d1d3-groupManagement] INFO  server.RaftServerConfigKeys (ConfUtils.java:logGet(46)) - raft.server.log.corruption.policy = EXCEPTION (default)
2023-06-23 15:09:08,960 [3f4ddf09-9f08-4efc-95be-1efd9e09d1d3-groupManagement] INFO  server.RaftServerConfigKeys (ConfUtils.java:logGet(46)) - raft.server.storage.free-space.min = 0MB (=0) (default)
2023-06-23 15:09:08,961 [3f4ddf09-9f08-4efc-95be-1efd9e09d1d3-groupManagement] INFO  server.RaftServerConfigKeys (ConfUtils.java:logGet(46)) - raft.server.notification.no-leader.timeout = 300s (custom)
2023-06-23 15:09:08,961 [3f4ddf09-9f08-4efc-95be-1efd9e09d1d3-groupManagement] INFO  server.RaftServerConfigKeys (ConfUtils.java:logGet(46)) - raft.server.read.timeout = 10s (default)
2023-06-23 15:09:08,961 [3f4ddf09-9f08-4efc-95be-1efd9e09d1d3-groupManagement] INFO  server.RaftServerConfigKeys (ConfUtils.java:logGet(46)) - raft.server.retrycache.expirytime = 600000ms (custom)
2023-06-23 15:09:08,961 [3f4ddf09-9f08-4efc-95be-1efd9e09d1d3-groupManagement] INFO  server.RaftServerConfigKeys (ConfUtils.java:logGet(46)) - raft.server.retrycache.statistics.expirytime = 100μs (default)
2023-06-23 15:09:08,961 [3f4ddf09-9f08-4efc-95be-1efd9e09d1d3-groupManagement] INFO  server.RaftServerConfigKeys (ConfUtils.java:logGet(46)) - raft.server.read.option = DEFAULT (default)
2023-06-23 15:09:08,962 [3f4ddf09-9f08-4efc-95be-1efd9e09d1d3-groupManagement] INFO  server.RaftServerConfigKeys (ConfUtils.java:logGet(46)) - raft.server.rpc.request.timeout = 60s (custom)
2023-06-23 15:09:08,962 [3f4ddf09-9f08-4efc-95be-1efd9e09d1d3-groupManagement] INFO  server.RaftServerConfigKeys (ConfUtils.java:logGet(46)) - raft.server.log.appender.install.snapshot.enabled = false (custom)
2023-06-23 15:09:08,962 [3f4ddf09-9f08-4efc-95be-1efd9e09d1d3-groupManagement] INFO  server.RaftServerConfigKeys (ConfUtils.java:logGet(46)) - raft.server.threadpool.server.cached = true (default)
2023-06-23 15:09:08,962 [3f4ddf09-9f08-4efc-95be-1efd9e09d1d3-groupManagement] INFO  server.RaftServerConfigKeys (ConfUtils.java:logGet(46)) - raft.server.threadpool.server.size = 0 (default)
2023-06-23 15:09:08,962 [3f4ddf09-9f08-4efc-95be-1efd9e09d1d3-groupManagement] INFO  server.RaftServerConfigKeys (ConfUtils.java:logGet(46)) - raft.server.threadpool.client.cached = true (default)
2023-06-23 15:09:08,962 [3f4ddf09-9f08-4efc-95be-1efd9e09d1d3-groupManagement] INFO  server.RaftServerConfigKeys (ConfUtils.java:logGet(46)) - raft.server.threadpool.client.size = 0 (default)
2023-06-23 15:09:08,962 [3f4ddf09-9f08-4efc-95be-1efd9e09d1d3-groupManagement] INFO  storage.RaftStorageDirectory (RaftStorageDirectoryImpl.java:analyzeStorage(137)) - The storage directory /home/runner/work/ozone/ozone/hadoop-ozone/integration-test/target/test-dir/MiniOzoneClusterImpl-741560ff-92e5-4b28-9778-2cf52193c8f3/datanode-2/data/ratis/7d113dd2-4bcf-450e-b2bd-35ab23f1eeb6 does not exist. Creating ...
2023-06-23 15:09:08,964 [PipelineCommandHandlerThread-0] INFO  commandhandler.CreatePipelineCommandHandler (CreatePipelineCommandHandler.java:lambda$handle$2(124)) - Created Pipeline RATIS THREE PipelineID=d9bb541b-498b-4bc8-b210-a862192d7515.
2023-06-23 15:09:08,965 [3f4ddf09-9f08-4efc-95be-1efd9e09d1d3-groupManagement] INFO  storage.RaftStorageDirectory (RaftStorageDirectoryImpl.java:tryLock(231)) - Lock on /home/runner/work/ozone/ozone/hadoop-ozone/integration-test/target/test-dir/MiniOzoneClusterImpl-741560ff-92e5-4b28-9778-2cf52193c8f3/datanode-2/data/ratis/7d113dd2-4bcf-450e-b2bd-35ab23f1eeb6/in_use.lock acquired by nodename 61630@fv-az424-541
2023-06-23 15:09:08,964 [PipelineCommandHandlerThread-0] INFO  server.RaftServer (RaftServerProxy.java:addNew(98)) - 3f4ddf09-9f08-4efc-95be-1efd9e09d1d3: addNew group-9F7FC03F14CE:[3f4ddf09-9f08-4efc-95be-1efd9e09d1d3|rpc:10.1.0.34:15032|admin:10.1.0.34:15031|client:10.1.0.34:15030|dataStream:10.1.0.34:15033|priority:1|startupRole:FOLLOWER] returns group-9F7FC03F14CE:java.util.concurrent.CompletableFuture@6b7be472[Not completed]
2023-06-23 15:09:08,968 [3f4ddf09-9f08-4efc-95be-1efd9e09d1d3-groupManagement] INFO  storage.RaftStorage (RaftStorageImpl.java:format(96)) - Storage directory /home/runner/work/ozone/ozone/hadoop-ozone/integration-test/target/test-dir/MiniOzoneClusterImpl-741560ff-92e5-4b28-9778-2cf52193c8f3/datanode-2/data/ratis/7d113dd2-4bcf-450e-b2bd-35ab23f1eeb6 has been successfully formatted.
2023-06-23 15:09:08,969 [3f4ddf09-9f08-4efc-95be-1efd9e09d1d3-groupManagement] INFO  ratis.ContainerStateMachine (ContainerStateMachine.java:loadSnapshot(262)) - group-35AB23F1EEB6: The snapshot info is null. Setting the last applied indexto:(t:0, i:~)
2023-06-23 15:09:08,969 [3f4ddf09-9f08-4efc-95be-1efd9e09d1d3-groupManagement] INFO  server.RaftServerConfigKeys (ConfUtils.java:logGet(46)) - raft.server.log.use.memory = false (default)
2023-06-23 15:09:08,969 [3f4ddf09-9f08-4efc-95be-1efd9e09d1d3-groupManagement] INFO  server.RaftServerConfigKeys (ConfUtils.java:logGet(46)) - raft.server.log.purge.gap = 1000000 (custom)
2023-06-23 15:09:08,969 [3f4ddf09-9f08-4efc-95be-1efd9e09d1d3-groupManagement] INFO  server.RaftServerConfigKeys (ConfUtils.java:logGet(46)) - raft.server.log.appender.buffer.byte-limit = 33554432 (custom)
2023-06-23 15:09:08,969 [3f4ddf09-9f08-4efc-95be-1efd9e09d1d3-groupManagement] INFO  server.RaftServerConfigKeys (ConfUtils.java:logGet(46)) - raft.server.log.statemachine.data.read.timeout = 1000ms (default)
2023-06-23 15:09:08,969 [3f4ddf09-9f08-4efc-95be-1efd9e09d1d3-groupManagement] INFO  server.RaftServerConfigKeys (ConfUtils.java:logGet(46)) - raft.server.log.purge.preservation.log.num = 0 (default)
2023-06-23 15:09:08,969 [3f4ddf09-9f08-4efc-95be-1efd9e09d1d3-groupManagement] INFO  server.RaftServerConfigKeys (ConfUtils.java:logGet(46)) - raft.server.log.segment.size.max = 1048576 (custom)
2023-06-23 15:09:08,970 [3f4ddf09-9f08-4efc-95be-1efd9e09d1d3-groupManagement] INFO  server.RaftServerConfigKeys (ConfUtils.java:logGet(46)) - raft.server.log.segment.cache.num.max = 2 (custom)
2023-06-23 15:09:08,970 [3f4ddf09-9f08-4efc-95be-1efd9e09d1d3-groupManagement] INFO  server.RaftServerConfigKeys (ConfUtils.java:logGet(46)) - raft.server.log.segment.cache.size.max = 200MB (=209715200) (default)
2023-06-23 15:09:08,970 [3f4ddf09-9f08-4efc-95be-1efd9e09d1d3-groupManagement] INFO  server.RaftServerConfigKeys (ConfUtils.java:logGet(46)) - raft.server.log.appender.buffer.byte-limit = 33554432 (custom)
2023-06-23 15:09:08,970 [3f4ddf09-9f08-4efc-95be-1efd9e09d1d3-groupManagement] INFO  segmented.SegmentedRaftLogWorker (SegmentedRaftLogWorker.java:<init>(188)) - new 3f4ddf09-9f08-4efc-95be-1efd9e09d1d3@group-35AB23F1EEB6-SegmentedRaftLogWorker for RaftStorageImpl:Storage Directory /home/runner/work/ozone/ozone/hadoop-ozone/integration-test/target/test-dir/MiniOzoneClusterImpl-741560ff-92e5-4b28-9778-2cf52193c8f3/datanode-2/data/ratis/7d113dd2-4bcf-450e-b2bd-35ab23f1eeb6
2023-06-23 15:09:08,970 [3f4ddf09-9f08-4efc-95be-1efd9e09d1d3-groupManagement] INFO  server.RaftServerConfigKeys (ConfUtils.java:logGet(46)) - raft.server.log.queue.byte-limit = 4294967296 (custom)
2023-06-23 15:09:08,970 [3f4ddf09-9f08-4efc-95be-1efd9e09d1d3-groupManagement] INFO  server.RaftServerConfigKeys (ConfUtils.java:logGet(46)) - raft.server.log.queue.element-limit = 1024 (custom)
2023-06-23 15:09:08,970 [3f4ddf09-9f08-4efc-95be-1efd9e09d1d3-groupManagement] INFO  server.RaftServerConfigKeys (ConfUtils.java:logGet(46)) - raft.server.log.segment.size.max = 1048576 (custom)
2023-06-23 15:09:08,970 [3f4ddf09-9f08-4efc-95be-1efd9e09d1d3-groupManagement] INFO  server.RaftServerConfigKeys (ConfUtils.java:logGet(46)) - raft.server.log.preallocated.size = 16384 (custom)
2023-06-23 15:09:08,970 [3f4ddf09-9f08-4efc-95be-1efd9e09d1d3-groupManagement] INFO  server.RaftServerConfigKeys (ConfUtils.java:logGet(46)) - raft.server.log.force.sync.num = 128 (default)
2023-06-23 15:09:08,970 [3f4ddf09-9f08-4efc-95be-1efd9e09d1d3-groupManagement] INFO  server.RaftServerConfigKeys (ConfUtils.java:logGet(46)) - raft.server.log.statemachine.data.sync = true (default)
2023-06-23 15:09:08,970 [3f4ddf09-9f08-4efc-95be-1efd9e09d1d3-groupManagement] INFO  server.RaftServerConfigKeys (ConfUtils.java:logGet(46)) - raft.server.log.statemachine.data.sync.timeout = 10s (default)
2023-06-23 15:09:08,970 [3f4ddf09-9f08-4efc-95be-1efd9e09d1d3-groupManagement] INFO  server.RaftServerConfigKeys (ConfUtils.java:logGet(46)) - raft.server.log.statemachine.data.sync.timeout.retry = -1 (default)
2023-06-23 15:09:08,974 [EventQueue-PipelineReportForPipelineReportHandler] INFO  pipeline.PipelineManagerImpl (PipelineManagerImpl.java:openPipeline(381)) - Pipeline Pipeline[ Id: 707681f4-5a32-4885-ae30-9f7fc03f14ce, Nodes: 3f4ddf09-9f08-4efc-95be-1efd9e09d1d3(fv-az424-541.i1gjr3zuz4qevjy1zin2gin2ih.gx.internal.cloudapp.net/10.1.0.34), ReplicationConfig: RATIS/ONE, State:ALLOCATED, leaderId:3f4ddf09-9f08-4efc-95be-1efd9e09d1d3, CreationTimestamp2023-06-23T15:09:05.969Z[Etc/UTC]] moved to OPEN state
2023-06-23 15:09:08,974 [EventQueue-OpenPipelineForHealthyPipelineSafeModeRule] INFO  safemode.SCMSafeModeManager (HealthyPipelineSafeModeRule.java:process(137)) - SCM in safe mode. Healthy pipelines reported count is 0, required healthy pipeline reported count is 1
2023-06-23 15:09:08,975 [3f4ddf09-9f08-4efc-95be-1efd9e09d1d3-groupManagement] INFO  server.RaftServerConfigKeys (ConfUtils.java:logGet(46)) - raft.server.log.write.buffer.size = 1048576 (custom)
2023-06-23 15:09:08,976 [3f4ddf09-9f08-4efc-95be-1efd9e09d1d3-groupManagement] INFO  server.RaftServerConfigKeys (ConfUtils.java:logGet(46)) - raft.server.log.appender.buffer.byte-limit = 33554432 (custom)
2023-06-23 15:09:08,986 [3f4ddf09-9f08-4efc-95be-1efd9e09d1d3-groupManagement] INFO  server.RaftServerConfigKeys (ConfUtils.java:logGet(46)) - raft.server.log.unsafe-flush.enabled = false (default)
2023-06-23 15:09:08,986 [3f4ddf09-9f08-4efc-95be-1efd9e09d1d3-groupManagement] INFO  server.RaftServerConfigKeys (ConfUtils.java:logGet(46)) - raft.server.log.async-flush.enabled = false (default)
2023-06-23 15:09:08,986 [3f4ddf09-9f08-4efc-95be-1efd9e09d1d3-groupManagement] INFO  server.RaftServerConfigKeys (ConfUtils.java:logGet(46)) - raft.server.log.statemachine.data.caching.enabled = true (custom)
2023-06-23 15:09:08,987 [3f4ddf09-9f08-4efc-95be-1efd9e09d1d3-groupManagement] INFO  segmented.SegmentedRaftLogWorker (SegmentedRaftLogWorker.java:lambda$new$0(135)) - 3f4ddf09-9f08-4efc-95be-1efd9e09d1d3@group-35AB23F1EEB6-SegmentedRaftLogWorker: flushIndex: setUnconditionally 0 -> -1
2023-06-23 15:09:08,987 [3f4ddf09-9f08-4efc-95be-1efd9e09d1d3-groupManagement] INFO  segmented.SegmentedRaftLogWorker (SegmentedRaftLogWorker.java:lambda$new$0(135)) - 3f4ddf09-9f08-4efc-95be-1efd9e09d1d3@group-35AB23F1EEB6-SegmentedRaftLogWorker: safeCacheEvictIndex: setUnconditionally 0 -> -1
2023-06-23 15:09:08,989 [3f4ddf09-9f08-4efc-95be-1efd9e09d1d3-groupManagement] INFO  server.RaftServer$Division (RaftServerImpl.java:start(342)) - 3f4ddf09-9f08-4efc-95be-1efd9e09d1d3@group-35AB23F1EEB6: start as a follower, conf=-1: peers:[3f4ddf09-9f08-4efc-95be-1efd9e09d1d3|rpc:10.1.0.34:15032|admin:10.1.0.34:15031|client:10.1.0.34:15030|dataStream:10.1.0.34:15033|priority:1|startupRole:FOLLOWER, af576844-0e82-4589-8eaa-8af09d83806e|rpc:10.1.0.34:15023|admin:10.1.0.34:15022|client:10.1.0.34:15021|dataStream:10.1.0.34:15024|priority:0|startupRole:FOLLOWER, 3d425f4c-b0a3-4337-aec0-a29136ea4685|rpc:10.1.0.34:15014|admin:10.1.0.34:15013|client:10.1.0.34:15012|dataStream:10.1.0.34:15015|priority:0|startupRole:FOLLOWER]|listeners:[], old=null
2023-06-23 15:09:08,989 [3f4ddf09-9f08-4efc-95be-1efd9e09d1d3-groupManagement] INFO  server.RaftServer$Division (RaftServerImpl.java:setRole(329)) - 3f4ddf09-9f08-4efc-95be-1efd9e09d1d3@group-35AB23F1EEB6: changes role from      null to FOLLOWER at term 0 for startAsFollower
2023-06-23 15:09:08,989 [3f4ddf09-9f08-4efc-95be-1efd9e09d1d3-groupManagement] INFO  impl.RoleInfo (RoleInfo.java:updateAndGet(139)) - 3f4ddf09-9f08-4efc-95be-1efd9e09d1d3: start 3f4ddf09-9f08-4efc-95be-1efd9e09d1d3@group-35AB23F1EEB6-FollowerState
2023-06-23 15:09:08,991 [3f4ddf09-9f08-4efc-95be-1efd9e09d1d3-groupManagement] INFO  util.JmxRegister (JmxRegister.java:tryRegister(44)) - Successfully registered JMX Bean with object name Ratis:service=RaftServer,group=group-35AB23F1EEB6,id=3f4ddf09-9f08-4efc-95be-1efd9e09d1d3
2023-06-23 15:09:08,991 [3f4ddf09-9f08-4efc-95be-1efd9e09d1d3-groupManagement] INFO  server.RaftServerConfigKeys (ConfUtils.java:logGet(46)) - raft.server.snapshot.auto.trigger.enabled = true (custom)
2023-06-23 15:09:08,991 [3f4ddf09-9f08-4efc-95be-1efd9e09d1d3-groupManagement] INFO  server.RaftServerConfigKeys (ConfUtils.java:logGet(46)) - raft.server.snapshot.auto.trigger.threshold = 10000 (custom)
2023-06-23 15:09:08,991 [3f4ddf09-9f08-4efc-95be-1efd9e09d1d3-groupManagement] INFO  server.RaftServerConfigKeys (ConfUtils.java:logGet(46)) - raft.server.snapshot.retention.file.num = 5 (custom)
2023-06-23 15:09:08,991 [3f4ddf09-9f08-4efc-95be-1efd9e09d1d3-groupManagement] INFO  server.RaftServerConfigKeys (ConfUtils.java:logGet(46)) - raft.server.log.purge.upto.snapshot.index = false (default)
2023-06-23 15:09:08,993 [3f4ddf09-9f08-4efc-95be-1efd9e09d1d3@group-35AB23F1EEB6-FollowerState] INFO  server.RaftServerConfigKeys (ConfUtils.java:logFallback(53)) - raft.server.rpc.first-election.timeout.min = 5s (fallback to raft.server.rpc.timeout.min)
2023-06-23 15:09:08,999 [3f4ddf09-9f08-4efc-95be-1efd9e09d1d3-groupManagement] INFO  server.RaftServer$Division (RaftServerImpl.java:<init>(198)) - 3f4ddf09-9f08-4efc-95be-1efd9e09d1d3: new RaftServerImpl for group-9F7FC03F14CE:[3f4ddf09-9f08-4efc-95be-1efd9e09d1d3|rpc:10.1.0.34:15032|admin:10.1.0.34:15031|client:10.1.0.34:15030|dataStream:10.1.0.34:15033|priority:1|startupRole:FOLLOWER] with ContainerStateMachine:uninitialized
2023-06-23 15:09:09,001 [3f4ddf09-9f08-4efc-95be-1efd9e09d1d3-groupManagement] INFO  server.RaftServerConfigKeys (ConfUtils.java:logGet(46)) - raft.server.rpc.timeout.min = 5s (custom)
2023-06-23 15:09:09,001 [3f4ddf09-9f08-4efc-95be-1efd9e09d1d3-groupManagement] INFO  server.RaftServerConfigKeys (ConfUtils.java:logGet(46)) - raft.server.rpc.timeout.max = 5200ms (custom)
2023-06-23 15:09:09,001 [3f4ddf09-9f08-4efc-95be-1efd9e09d1d3-groupManagement] INFO  server.RaftServerConfigKeys (ConfUtils.java:logGet(46)) - raft.server.rpc.sleep.time = 25ms (default)
2023-06-23 15:09:09,001 [3f4ddf09-9f08-4efc-95be-1efd9e09d1d3-groupManagement] INFO  server.RaftServerConfigKeys (ConfUtils.java:logGet(46)) - raft.server.rpc.slowness.timeout = 300s (custom)
2023-06-23 15:09:09,001 [3f4ddf09-9f08-4efc-95be-1efd9e09d1d3-groupManagement] INFO  server.RaftServerConfigKeys (ConfUtils.java:logGet(46)) - raft.server.leaderelection.leader.step-down.wait-time = 10s (default)
2023-06-23 15:09:09,001 [3f4ddf09-9f08-4efc-95be-1efd9e09d1d3-groupManagement] INFO  server.RaftServerConfigKeys (ConfUtils.java:logGet(46)) - raft.server.sleep.deviation.threshold = 300ms (default)
2023-06-23 15:09:09,001 [3f4ddf09-9f08-4efc-95be-1efd9e09d1d3-groupManagement] INFO  server.RaftServer$Division (ServerState.java:<init>(120)) - 3f4ddf09-9f08-4efc-95be-1efd9e09d1d3@group-9F7FC03F14CE: ConfigurationManager, init=-1: peers:[3f4ddf09-9f08-4efc-95be-1efd9e09d1d3|rpc:10.1.0.34:15032|admin:10.1.0.34:15031|client:10.1.0.34:15030|dataStream:10.1.0.34:15033|priority:1|startupRole:FOLLOWER]|listeners:[], old=null, confs=<EMPTY_MAP>
2023-06-23 15:09:09,002 [3f4ddf09-9f08-4efc-95be-1efd9e09d1d3-groupManagement] INFO  server.RaftServerConfigKeys (ConfUtils.java:logGet(46)) - raft.server.storage.dir = [/home/runner/work/ozone/ozone/hadoop-ozone/integration-test/target/test-dir/MiniOzoneClusterImpl-741560ff-92e5-4b28-9778-2cf52193c8f3/datanode-2/data/ratis] (custom)
2023-06-23 15:09:09,002 [3f4ddf09-9f08-4efc-95be-1efd9e09d1d3-groupManagement] INFO  server.RaftServerConfigKeys (ConfUtils.java:logGet(46)) - raft.server.log.corruption.policy = EXCEPTION (default)
2023-06-23 15:09:09,002 [3f4ddf09-9f08-4efc-95be-1efd9e09d1d3-groupManagement] INFO  server.RaftServerConfigKeys (ConfUtils.java:logGet(46)) - raft.server.storage.free-space.min = 0MB (=0) (default)
2023-06-23 15:09:09,002 [3f4ddf09-9f08-4efc-95be-1efd9e09d1d3-groupManagement] INFO  server.RaftServerConfigKeys (ConfUtils.java:logGet(46)) - raft.server.notification.no-leader.timeout = 300s (custom)
2023-06-23 15:09:09,002 [3f4ddf09-9f08-4efc-95be-1efd9e09d1d3-groupManagement] INFO  server.RaftServerConfigKeys (ConfUtils.java:logGet(46)) - raft.server.read.timeout = 10s (default)
2023-06-23 15:09:09,002 [3f4ddf09-9f08-4efc-95be-1efd9e09d1d3-groupManagement] INFO  server.RaftServerConfigKeys (ConfUtils.java:logGet(46)) - raft.server.retrycache.expirytime = 600000ms (custom)
2023-06-23 15:09:09,002 [3f4ddf09-9f08-4efc-95be-1efd9e09d1d3-groupManagement] INFO  server.RaftServerConfigKeys (ConfUtils.java:logGet(46)) - raft.server.retrycache.statistics.expirytime = 100μs (default)
2023-06-23 15:09:09,002 [3f4ddf09-9f08-4efc-95be-1efd9e09d1d3-groupManagement] INFO  server.RaftServerConfigKeys (ConfUtils.java:logGet(46)) - raft.server.read.option = DEFAULT (default)
2023-06-23 15:09:09,004 [3f4ddf09-9f08-4efc-95be-1efd9e09d1d3-groupManagement] INFO  server.RaftServerConfigKeys (ConfUtils.java:logGet(46)) - raft.server.rpc.request.timeout = 60s (custom)
2023-06-23 15:09:09,004 [3f4ddf09-9f08-4efc-95be-1efd9e09d1d3-groupManagement] INFO  server.RaftServerConfigKeys (ConfUtils.java:logGet(46)) - raft.server.log.appender.install.snapshot.enabled = false (custom)
2023-06-23 15:09:09,004 [3f4ddf09-9f08-4efc-95be-1efd9e09d1d3-groupManagement] INFO  server.RaftServerConfigKeys (ConfUtils.java:logGet(46)) - raft.server.threadpool.server.cached = true (default)
2023-06-23 15:09:09,004 [3f4ddf09-9f08-4efc-95be-1efd9e09d1d3-groupManagement] INFO  server.RaftServerConfigKeys (ConfUtils.java:logGet(46)) - raft.server.threadpool.server.size = 0 (default)
2023-06-23 15:09:09,004 [3f4ddf09-9f08-4efc-95be-1efd9e09d1d3-groupManagement] INFO  server.RaftServerConfigKeys (ConfUtils.java:logGet(46)) - raft.server.threadpool.client.cached = true (default)
2023-06-23 15:09:09,004 [3f4ddf09-9f08-4efc-95be-1efd9e09d1d3-groupManagement] INFO  server.RaftServerConfigKeys (ConfUtils.java:logGet(46)) - raft.server.threadpool.client.size = 0 (default)
2023-06-23 15:09:09,004 [3f4ddf09-9f08-4efc-95be-1efd9e09d1d3-groupManagement] INFO  storage.RaftStorageDirectory (RaftStorageDirectoryImpl.java:analyzeStorage(137)) - The storage directory /home/runner/work/ozone/ozone/hadoop-ozone/integration-test/target/test-dir/MiniOzoneClusterImpl-741560ff-92e5-4b28-9778-2cf52193c8f3/datanode-2/data/ratis/707681f4-5a32-4885-ae30-9f7fc03f14ce does not exist. Creating ...
2023-06-23 15:09:09,012 [3f4ddf09-9f08-4efc-95be-1efd9e09d1d3-groupManagement] INFO  storage.RaftStorageDirectory (RaftStorageDirectoryImpl.java:tryLock(231)) - Lock on /home/runner/work/ozone/ozone/hadoop-ozone/integration-test/target/test-dir/MiniOzoneClusterImpl-741560ff-92e5-4b28-9778-2cf52193c8f3/datanode-2/data/ratis/707681f4-5a32-4885-ae30-9f7fc03f14ce/in_use.lock acquired by nodename 61630@fv-az424-541
2023-06-23 15:09:09,012 [3f4ddf09-9f08-4efc-95be-1efd9e09d1d3@group-35AB23F1EEB6-FollowerState] INFO  server.RaftServerConfigKeys (ConfUtils.java:logFallback(53)) - raft.server.rpc.first-election.timeout.max = 5200ms (fallback to raft.server.rpc.timeout.max)
2023-06-23 15:09:09,017 [3f4ddf09-9f08-4efc-95be-1efd9e09d1d3-groupManagement] INFO  storage.RaftStorage (RaftStorageImpl.java:format(96)) - Storage directory /home/runner/work/ozone/ozone/hadoop-ozone/integration-test/target/test-dir/MiniOzoneClusterImpl-741560ff-92e5-4b28-9778-2cf52193c8f3/datanode-2/data/ratis/707681f4-5a32-4885-ae30-9f7fc03f14ce has been successfully formatted.
2023-06-23 15:09:09,027 [3f4ddf09-9f08-4efc-95be-1efd9e09d1d3-groupManagement] INFO  ratis.ContainerStateMachine (ContainerStateMachine.java:loadSnapshot(262)) - group-9F7FC03F14CE: The snapshot info is null. Setting the last applied indexto:(t:0, i:~)
2023-06-23 15:09:09,027 [3f4ddf09-9f08-4efc-95be-1efd9e09d1d3-groupManagement] INFO  server.RaftServerConfigKeys (ConfUtils.java:logGet(46)) - raft.server.log.use.memory = false (default)
2023-06-23 15:09:09,027 [3f4ddf09-9f08-4efc-95be-1efd9e09d1d3-groupManagement] INFO  server.RaftServerConfigKeys (ConfUtils.java:logGet(46)) - raft.server.log.purge.gap = 1000000 (custom)
2023-06-23 15:09:09,027 [3f4ddf09-9f08-4efc-95be-1efd9e09d1d3-groupManagement] INFO  server.RaftServerConfigKeys (ConfUtils.java:logGet(46)) - raft.server.log.appender.buffer.byte-limit = 33554432 (custom)
2023-06-23 15:09:09,027 [3f4ddf09-9f08-4efc-95be-1efd9e09d1d3-groupManagement] INFO  server.RaftServerConfigKeys (ConfUtils.java:logGet(46)) - raft.server.log.statemachine.data.read.timeout = 1000ms (default)
2023-06-23 15:09:09,027 [3f4ddf09-9f08-4efc-95be-1efd9e09d1d3-groupManagement] INFO  server.RaftServerConfigKeys (ConfUtils.java:logGet(46)) - raft.server.log.purge.preservation.log.num = 0 (default)
2023-06-23 15:09:09,027 [3f4ddf09-9f08-4efc-95be-1efd9e09d1d3-groupManagement] INFO  server.RaftServerConfigKeys (ConfUtils.java:logGet(46)) - raft.server.log.segment.size.max = 1048576 (custom)
2023-06-23 15:09:09,028 [3f4ddf09-9f08-4efc-95be-1efd9e09d1d3-groupManagement] INFO  server.RaftServerConfigKeys (ConfUtils.java:logGet(46)) - raft.server.log.segment.cache.num.max = 2 (custom)
2023-06-23 15:09:09,028 [3f4ddf09-9f08-4efc-95be-1efd9e09d1d3-groupManagement] INFO  server.RaftServerConfigKeys (ConfUtils.java:logGet(46)) - raft.server.log.segment.cache.size.max = 200MB (=209715200) (default)
2023-06-23 15:09:09,028 [3f4ddf09-9f08-4efc-95be-1efd9e09d1d3-groupManagement] INFO  server.RaftServerConfigKeys (ConfUtils.java:logGet(46)) - raft.server.log.appender.buffer.byte-limit = 33554432 (custom)
2023-06-23 15:09:09,028 [3f4ddf09-9f08-4efc-95be-1efd9e09d1d3-groupManagement] INFO  segmented.SegmentedRaftLogWorker (SegmentedRaftLogWorker.java:<init>(188)) - new 3f4ddf09-9f08-4efc-95be-1efd9e09d1d3@group-9F7FC03F14CE-SegmentedRaftLogWorker for RaftStorageImpl:Storage Directory /home/runner/work/ozone/ozone/hadoop-ozone/integration-test/target/test-dir/MiniOzoneClusterImpl-741560ff-92e5-4b28-9778-2cf52193c8f3/datanode-2/data/ratis/707681f4-5a32-4885-ae30-9f7fc03f14ce
2023-06-23 15:09:09,028 [3f4ddf09-9f08-4efc-95be-1efd9e09d1d3-groupManagement] INFO  server.RaftServerConfigKeys (ConfUtils.java:logGet(46)) - raft.server.log.queue.byte-limit = 4294967296 (custom)
2023-06-23 15:09:09,028 [3f4ddf09-9f08-4efc-95be-1efd9e09d1d3-groupManagement] INFO  server.RaftServerConfigKeys (ConfUtils.java:logGet(46)) - raft.server.log.queue.element-limit = 1024 (custom)
2023-06-23 15:09:09,028 [3f4ddf09-9f08-4efc-95be-1efd9e09d1d3-groupManagement] INFO  server.RaftServerConfigKeys (ConfUtils.java:logGet(46)) - raft.server.log.segment.size.max = 1048576 (custom)
2023-06-23 15:09:09,029 [3f4ddf09-9f08-4efc-95be-1efd9e09d1d3-groupManagement] INFO  server.RaftServerConfigKeys (ConfUtils.java:logGet(46)) - raft.server.log.preallocated.size = 16384 (custom)
2023-06-23 15:09:09,029 [3f4ddf09-9f08-4efc-95be-1efd9e09d1d3-groupManagement] INFO  server.RaftServerConfigKeys (ConfUtils.java:logGet(46)) - raft.server.log.force.sync.num = 128 (default)
2023-06-23 15:09:09,029 [3f4ddf09-9f08-4efc-95be-1efd9e09d1d3-groupManagement] INFO  server.RaftServerConfigKeys (ConfUtils.java:logGet(46)) - raft.server.log.statemachine.data.sync = true (default)
2023-06-23 15:09:09,029 [3f4ddf09-9f08-4efc-95be-1efd9e09d1d3-groupManagement] INFO  server.RaftServerConfigKeys (ConfUtils.java:logGet(46)) - raft.server.log.statemachine.data.sync.timeout = 10s (default)
2023-06-23 15:09:09,029 [3f4ddf09-9f08-4efc-95be-1efd9e09d1d3-groupManagement] INFO  server.RaftServerConfigKeys (ConfUtils.java:logGet(46)) - raft.server.log.statemachine.data.sync.timeout.retry = -1 (default)
2023-06-23 15:09:09,029 [3f4ddf09-9f08-4efc-95be-1efd9e09d1d3-groupManagement] INFO  server.RaftServerConfigKeys (ConfUtils.java:logGet(46)) - raft.server.log.write.buffer.size = 1048576 (custom)
2023-06-23 15:09:09,030 [3f4ddf09-9f08-4efc-95be-1efd9e09d1d3-groupManagement] INFO  server.RaftServerConfigKeys (ConfUtils.java:logGet(46)) - raft.server.log.appender.buffer.byte-limit = 33554432 (custom)
2023-06-23 15:09:09,042 [3f4ddf09-9f08-4efc-95be-1efd9e09d1d3-groupManagement] INFO  server.RaftServerConfigKeys (ConfUtils.java:logGet(46)) - raft.server.log.unsafe-flush.enabled = false (default)
2023-06-23 15:09:09,042 [3f4ddf09-9f08-4efc-95be-1efd9e09d1d3-groupManagement] INFO  server.RaftServerConfigKeys (ConfUtils.java:logGet(46)) - raft.server.log.async-flush.enabled = false (default)
2023-06-23 15:09:09,042 [3f4ddf09-9f08-4efc-95be-1efd9e09d1d3-groupManagement] INFO  server.RaftServerConfigKeys (ConfUtils.java:logGet(46)) - raft.server.log.statemachine.data.caching.enabled = true (custom)
2023-06-23 15:09:09,042 [3f4ddf09-9f08-4efc-95be-1efd9e09d1d3-groupManagement] INFO  segmented.SegmentedRaftLogWorker (SegmentedRaftLogWorker.java:lambda$new$0(135)) - 3f4ddf09-9f08-4efc-95be-1efd9e09d1d3@group-9F7FC03F14CE-SegmentedRaftLogWorker: flushIndex: setUnconditionally 0 -> -1
2023-06-23 15:09:09,043 [3f4ddf09-9f08-4efc-95be-1efd9e09d1d3-groupManagement] INFO  segmented.SegmentedRaftLogWorker (SegmentedRaftLogWorker.java:lambda$new$0(135)) - 3f4ddf09-9f08-4efc-95be-1efd9e09d1d3@group-9F7FC03F14CE-SegmentedRaftLogWorker: safeCacheEvictIndex: setUnconditionally 0 -> -1
2023-06-23 15:09:09,043 [3f4ddf09-9f08-4efc-95be-1efd9e09d1d3-groupManagement] INFO  server.RaftServer$Division (RaftServerImpl.java:start(342)) - 3f4ddf09-9f08-4efc-95be-1efd9e09d1d3@group-9F7FC03F14CE: start as a follower, conf=-1: peers:[3f4ddf09-9f08-4efc-95be-1efd9e09d1d3|rpc:10.1.0.34:15032|admin:10.1.0.34:15031|client:10.1.0.34:15030|dataStream:10.1.0.34:15033|priority:1|startupRole:FOLLOWER]|listeners:[], old=null
2023-06-23 15:09:09,043 [3f4ddf09-9f08-4efc-95be-1efd9e09d1d3-groupManagement] INFO  server.RaftServer$Division (RaftServerImpl.java:setRole(329)) - 3f4ddf09-9f08-4efc-95be-1efd9e09d1d3@group-9F7FC03F14CE: changes role from      null to FOLLOWER at term 0 for startAsFollower
2023-06-23 15:09:09,043 [3f4ddf09-9f08-4efc-95be-1efd9e09d1d3-groupManagement] INFO  impl.RoleInfo (RoleInfo.java:updateAndGet(139)) - 3f4ddf09-9f08-4efc-95be-1efd9e09d1d3: start 3f4ddf09-9f08-4efc-95be-1efd9e09d1d3@group-9F7FC03F14CE-FollowerState
2023-06-23 15:09:09,043 [3f4ddf09-9f08-4efc-95be-1efd9e09d1d3-groupManagement] INFO  util.JmxRegister (JmxRegister.java:tryRegister(44)) - Successfully registered JMX Bean with object name Ratis:service=RaftServer,group=group-9F7FC03F14CE,id=3f4ddf09-9f08-4efc-95be-1efd9e09d1d3
2023-06-23 15:09:09,043 [3f4ddf09-9f08-4efc-95be-1efd9e09d1d3-groupManagement] INFO  server.RaftServerConfigKeys (ConfUtils.java:logGet(46)) - raft.server.snapshot.auto.trigger.enabled = true (custom)
2023-06-23 15:09:09,043 [3f4ddf09-9f08-4efc-95be-1efd9e09d1d3-groupManagement] INFO  server.RaftServerConfigKeys (ConfUtils.java:logGet(46)) - raft.server.snapshot.auto.trigger.threshold = 10000 (custom)
2023-06-23 15:09:09,043 [3f4ddf09-9f08-4efc-95be-1efd9e09d1d3-groupManagement] INFO  server.RaftServerConfigKeys (ConfUtils.java:logGet(46)) - raft.server.snapshot.retention.file.num = 5 (custom)
2023-06-23 15:09:09,043 [3f4ddf09-9f08-4efc-95be-1efd9e09d1d3-groupManagement] INFO  server.RaftServerConfigKeys (ConfUtils.java:logGet(46)) - raft.server.log.purge.upto.snapshot.index = false (default)
2023-06-23 15:09:09,044 [3f4ddf09-9f08-4efc-95be-1efd9e09d1d3@group-9F7FC03F14CE-FollowerState] INFO  server.RaftServerConfigKeys (ConfUtils.java:logFallback(53)) - raft.server.rpc.first-election.timeout.min = 5s (fallback to raft.server.rpc.timeout.min)
2023-06-23 15:09:09,044 [3f4ddf09-9f08-4efc-95be-1efd9e09d1d3@group-9F7FC03F14CE-FollowerState] INFO  server.RaftServerConfigKeys (ConfUtils.java:logFallback(53)) - raft.server.rpc.first-election.timeout.max = 5200ms (fallback to raft.server.rpc.timeout.max)
2023-06-23 15:09:09,044 [EventQueue-OpenPipelineForHealthyPipelineSafeModeRule] INFO  safemode.SCMSafeModeManager (HealthyPipelineSafeModeRule.java:process(137)) - SCM in safe mode. Healthy pipelines reported count is 0, required healthy pipeline reported count is 1
2023-06-23 15:09:09,044 [PipelineCommandHandlerThread-0] INFO  ratis.XceiverServerRatis (XceiverServerRatis.java:addGroup(804)) - Created group PipelineID=707681f4-5a32-4885-ae30-9f7fc03f14ce
2023-06-23 15:09:09,044 [PipelineCommandHandlerThread-0] INFO  commandhandler.CreatePipelineCommandHandler (CreatePipelineCommandHandler.java:lambda$handle$2(124)) - Created Pipeline RATIS ONE PipelineID=707681f4-5a32-4885-ae30-9f7fc03f14ce.
2023-06-23 15:09:09,047 [PipelineCommandHandlerThread-0] INFO  commandhandler.CreatePipelineCommandHandler (CreatePipelineCommandHandler.java:lambda$handle$2(124)) - Created Pipeline RATIS THREE PipelineID=7d113dd2-4bcf-450e-b2bd-35ab23f1eeb6.
2023-06-23 15:09:09,319 [PipelineCommandHandlerThread-0] INFO  server.RaftServer (RaftServerProxy.java:addNew(98)) - 00be7989-d8c1-4a83-aaf0-c8ed794c287b: addNew group-016F13EACEB9:[00be7989-d8c1-4a83-aaf0-c8ed794c287b|rpc:10.1.0.34:15041|admin:10.1.0.34:15040|client:10.1.0.34:15039|dataStream:10.1.0.34:15042|priority:1|startupRole:FOLLOWER] returns group-016F13EACEB9:java.util.concurrent.CompletableFuture@154c0d75[Not completed]
2023-06-23 15:09:09,323 [00be7989-d8c1-4a83-aaf0-c8ed794c287b-groupManagement] INFO  server.RaftServer$Division (RaftServerImpl.java:<init>(198)) - 00be7989-d8c1-4a83-aaf0-c8ed794c287b: new RaftServerImpl for group-016F13EACEB9:[00be7989-d8c1-4a83-aaf0-c8ed794c287b|rpc:10.1.0.34:15041|admin:10.1.0.34:15040|client:10.1.0.34:15039|dataStream:10.1.0.34:15042|priority:1|startupRole:FOLLOWER] with ContainerStateMachine:uninitialized
2023-06-23 15:09:09,323 [00be7989-d8c1-4a83-aaf0-c8ed794c287b-groupManagement] INFO  server.RaftServerConfigKeys (ConfUtils.java:logGet(46)) - raft.server.rpc.timeout.min = 5s (custom)
2023-06-23 15:09:09,323 [00be7989-d8c1-4a83-aaf0-c8ed794c287b-groupManagement] INFO  server.RaftServerConfigKeys (ConfUtils.java:logGet(46)) - raft.server.rpc.timeout.max = 5200ms (custom)
2023-06-23 15:09:09,323 [00be7989-d8c1-4a83-aaf0-c8ed794c287b-groupManagement] INFO  server.RaftServerConfigKeys (ConfUtils.java:logGet(46)) - raft.server.rpc.sleep.time = 25ms (default)
2023-06-23 15:09:09,324 [00be7989-d8c1-4a83-aaf0-c8ed794c287b-groupManagement] INFO  server.RaftServerConfigKeys (ConfUtils.java:logGet(46)) - raft.server.rpc.slowness.timeout = 300s (custom)
2023-06-23 15:09:09,324 [00be7989-d8c1-4a83-aaf0-c8ed794c287b-groupManagement] INFO  server.RaftServerConfigKeys (ConfUtils.java:logGet(46)) - raft.server.leaderelection.leader.step-down.wait-time = 10s (default)
2023-06-23 15:09:09,324 [00be7989-d8c1-4a83-aaf0-c8ed794c287b-groupManagement] INFO  server.RaftServerConfigKeys (ConfUtils.java:logGet(46)) - raft.server.sleep.deviation.threshold = 300ms (default)
2023-06-23 15:09:09,324 [00be7989-d8c1-4a83-aaf0-c8ed794c287b-groupManagement] INFO  server.RaftServer$Division (ServerState.java:<init>(120)) - 00be7989-d8c1-4a83-aaf0-c8ed794c287b@group-016F13EACEB9: ConfigurationManager, init=-1: peers:[00be7989-d8c1-4a83-aaf0-c8ed794c287b|rpc:10.1.0.34:15041|admin:10.1.0.34:15040|client:10.1.0.34:15039|dataStream:10.1.0.34:15042|priority:1|startupRole:FOLLOWER]|listeners:[], old=null, confs=<EMPTY_MAP>
2023-06-23 15:09:09,324 [00be7989-d8c1-4a83-aaf0-c8ed794c287b-groupManagement] INFO  server.RaftServerConfigKeys (ConfUtils.java:logGet(46)) - raft.server.storage.dir = [/home/runner/work/ozone/ozone/hadoop-ozone/integration-test/target/test-dir/MiniOzoneClusterImpl-741560ff-92e5-4b28-9778-2cf52193c8f3/datanode-3/data/ratis] (custom)
2023-06-23 15:09:09,324 [00be7989-d8c1-4a83-aaf0-c8ed794c287b-groupManagement] INFO  server.RaftServerConfigKeys (ConfUtils.java:logGet(46)) - raft.server.log.corruption.policy = EXCEPTION (default)
2023-06-23 15:09:09,324 [00be7989-d8c1-4a83-aaf0-c8ed794c287b-groupManagement] INFO  server.RaftServerConfigKeys (ConfUtils.java:logGet(46)) - raft.server.storage.free-space.min = 0MB (=0) (default)
2023-06-23 15:09:09,324 [00be7989-d8c1-4a83-aaf0-c8ed794c287b-groupManagement] INFO  server.RaftServerConfigKeys (ConfUtils.java:logGet(46)) - raft.server.notification.no-leader.timeout = 300s (custom)
2023-06-23 15:09:09,324 [00be7989-d8c1-4a83-aaf0-c8ed794c287b-groupManagement] INFO  server.RaftServerConfigKeys (ConfUtils.java:logGet(46)) - raft.server.read.timeout = 10s (default)
2023-06-23 15:09:09,324 [00be7989-d8c1-4a83-aaf0-c8ed794c287b-groupManagement] INFO  server.RaftServerConfigKeys (ConfUtils.java:logGet(46)) - raft.server.retrycache.expirytime = 600000ms (custom)
2023-06-23 15:09:09,324 [00be7989-d8c1-4a83-aaf0-c8ed794c287b-groupManagement] INFO  server.RaftServerConfigKeys (ConfUtils.java:logGet(46)) - raft.server.retrycache.statistics.expirytime = 100μs (default)
2023-06-23 15:09:09,324 [00be7989-d8c1-4a83-aaf0-c8ed794c287b-groupManagement] INFO  server.RaftServerConfigKeys (ConfUtils.java:logGet(46)) - raft.server.read.option = DEFAULT (default)
2023-06-23 15:09:09,326 [00be7989-d8c1-4a83-aaf0-c8ed794c287b-groupManagement] INFO  server.RaftServerConfigKeys (ConfUtils.java:logGet(46)) - raft.server.rpc.request.timeout = 60s (custom)
2023-06-23 15:09:09,326 [00be7989-d8c1-4a83-aaf0-c8ed794c287b-groupManagement] INFO  server.RaftServerConfigKeys (ConfUtils.java:logGet(46)) - raft.server.log.appender.install.snapshot.enabled = false (custom)
2023-06-23 15:09:09,326 [00be7989-d8c1-4a83-aaf0-c8ed794c287b-groupManagement] INFO  server.RaftServerConfigKeys (ConfUtils.java:logGet(46)) - raft.server.threadpool.server.cached = true (default)
2023-06-23 15:09:09,326 [00be7989-d8c1-4a83-aaf0-c8ed794c287b-groupManagement] INFO  server.RaftServerConfigKeys (ConfUtils.java:logGet(46)) - raft.server.threadpool.server.size = 0 (default)
2023-06-23 15:09:09,326 [00be7989-d8c1-4a83-aaf0-c8ed794c287b-groupManagement] INFO  server.RaftServerConfigKeys (ConfUtils.java:logGet(46)) - raft.server.threadpool.client.cached = true (default)
2023-06-23 15:09:09,326 [00be7989-d8c1-4a83-aaf0-c8ed794c287b-groupManagement] INFO  server.RaftServerConfigKeys (ConfUtils.java:logGet(46)) - raft.server.threadpool.client.size = 0 (default)
2023-06-23 15:09:09,326 [00be7989-d8c1-4a83-aaf0-c8ed794c287b-groupManagement] INFO  storage.RaftStorageDirectory (RaftStorageDirectoryImpl.java:analyzeStorage(137)) - The storage directory /home/runner/work/ozone/ozone/hadoop-ozone/integration-test/target/test-dir/MiniOzoneClusterImpl-741560ff-92e5-4b28-9778-2cf52193c8f3/datanode-3/data/ratis/aa49f103-d67f-4ad5-8fa1-016f13eaceb9 does not exist. Creating ...
2023-06-23 15:09:09,327 [00be7989-d8c1-4a83-aaf0-c8ed794c287b-groupManagement] INFO  storage.RaftStorageDirectory (RaftStorageDirectoryImpl.java:tryLock(231)) - Lock on /home/runner/work/ozone/ozone/hadoop-ozone/integration-test/target/test-dir/MiniOzoneClusterImpl-741560ff-92e5-4b28-9778-2cf52193c8f3/datanode-3/data/ratis/aa49f103-d67f-4ad5-8fa1-016f13eaceb9/in_use.lock acquired by nodename 61630@fv-az424-541
2023-06-23 15:09:09,328 [00be7989-d8c1-4a83-aaf0-c8ed794c287b-groupManagement] INFO  storage.RaftStorage (RaftStorageImpl.java:format(96)) - Storage directory /home/runner/work/ozone/ozone/hadoop-ozone/integration-test/target/test-dir/MiniOzoneClusterImpl-741560ff-92e5-4b28-9778-2cf52193c8f3/datanode-3/data/ratis/aa49f103-d67f-4ad5-8fa1-016f13eaceb9 has been successfully formatted.
2023-06-23 15:09:09,329 [00be7989-d8c1-4a83-aaf0-c8ed794c287b-groupManagement] INFO  ratis.ContainerStateMachine (ContainerStateMachine.java:loadSnapshot(262)) - group-016F13EACEB9: The snapshot info is null. Setting the last applied indexto:(t:0, i:~)
2023-06-23 15:09:09,329 [00be7989-d8c1-4a83-aaf0-c8ed794c287b-groupManagement] INFO  server.RaftServerConfigKeys (ConfUtils.java:logGet(46)) - raft.server.log.use.memory = false (default)
2023-06-23 15:09:09,329 [00be7989-d8c1-4a83-aaf0-c8ed794c287b-groupManagement] INFO  server.RaftServerConfigKeys (ConfUtils.java:logGet(46)) - raft.server.log.purge.gap = 1000000 (custom)
2023-06-23 15:09:09,330 [00be7989-d8c1-4a83-aaf0-c8ed794c287b-groupManagement] INFO  server.RaftServerConfigKeys (ConfUtils.java:logGet(46)) - raft.server.log.appender.buffer.byte-limit = 33554432 (custom)
2023-06-23 15:09:09,330 [00be7989-d8c1-4a83-aaf0-c8ed794c287b-groupManagement] INFO  server.RaftServerConfigKeys (ConfUtils.java:logGet(46)) - raft.server.log.statemachine.data.read.timeout = 1000ms (default)
2023-06-23 15:09:09,330 [00be7989-d8c1-4a83-aaf0-c8ed794c287b-groupManagement] INFO  server.RaftServerConfigKeys (ConfUtils.java:logGet(46)) - raft.server.log.purge.preservation.log.num = 0 (default)
2023-06-23 15:09:09,330 [00be7989-d8c1-4a83-aaf0-c8ed794c287b-groupManagement] INFO  server.RaftServerConfigKeys (ConfUtils.java:logGet(46)) - raft.server.log.segment.size.max = 1048576 (custom)
2023-06-23 15:09:09,331 [00be7989-d8c1-4a83-aaf0-c8ed794c287b-groupManagement] INFO  server.RaftServerConfigKeys (ConfUtils.java:logGet(46)) - raft.server.log.segment.cache.num.max = 2 (custom)
2023-06-23 15:09:09,331 [00be7989-d8c1-4a83-aaf0-c8ed794c287b-groupManagement] INFO  server.RaftServerConfigKeys (ConfUtils.java:logGet(46)) - raft.server.log.segment.cache.size.max = 200MB (=209715200) (default)
2023-06-23 15:09:09,332 [00be7989-d8c1-4a83-aaf0-c8ed794c287b-groupManagement] INFO  server.RaftServerConfigKeys (ConfUtils.java:logGet(46)) - raft.server.log.appender.buffer.byte-limit = 33554432 (custom)
2023-06-23 15:09:09,332 [00be7989-d8c1-4a83-aaf0-c8ed794c287b-groupManagement] INFO  segmented.SegmentedRaftLogWorker (SegmentedRaftLogWorker.java:<init>(188)) - new 00be7989-d8c1-4a83-aaf0-c8ed794c287b@group-016F13EACEB9-SegmentedRaftLogWorker for RaftStorageImpl:Storage Directory /home/runner/work/ozone/ozone/hadoop-ozone/integration-test/target/test-dir/MiniOzoneClusterImpl-741560ff-92e5-4b28-9778-2cf52193c8f3/datanode-3/data/ratis/aa49f103-d67f-4ad5-8fa1-016f13eaceb9
2023-06-23 15:09:09,332 [00be7989-d8c1-4a83-aaf0-c8ed794c287b-groupManagement] INFO  server.RaftServerConfigKeys (ConfUtils.java:logGet(46)) - raft.server.log.queue.byte-limit = 4294967296 (custom)
2023-06-23 15:09:09,332 [00be7989-d8c1-4a83-aaf0-c8ed794c287b-groupManagement] INFO  server.RaftServerConfigKeys (ConfUtils.java:logGet(46)) - raft.server.log.queue.element-limit = 1024 (custom)
2023-06-23 15:09:09,332 [00be7989-d8c1-4a83-aaf0-c8ed794c287b-groupManagement] INFO  server.RaftServerConfigKeys (ConfUtils.java:logGet(46)) - raft.server.log.segment.size.max = 1048576 (custom)
2023-06-23 15:09:09,332 [00be7989-d8c1-4a83-aaf0-c8ed794c287b-groupManagement] INFO  server.RaftServerConfigKeys (ConfUtils.java:logGet(46)) - raft.server.log.preallocated.size = 16384 (custom)
2023-06-23 15:09:09,332 [00be7989-d8c1-4a83-aaf0-c8ed794c287b-groupManagement] INFO  server.RaftServerConfigKeys (ConfUtils.java:logGet(46)) - raft.server.log.force.sync.num = 128 (default)
2023-06-23 15:09:09,332 [00be7989-d8c1-4a83-aaf0-c8ed794c287b-groupManagement] INFO  server.RaftServerConfigKeys (ConfUtils.java:logGet(46)) - raft.server.log.statemachine.data.sync = true (default)
2023-06-23 15:09:09,332 [00be7989-d8c1-4a83-aaf0-c8ed794c287b-groupManagement] INFO  server.RaftServerConfigKeys (ConfUtils.java:logGet(46)) - raft.server.log.statemachine.data.sync.timeout = 10s (default)
2023-06-23 15:09:09,332 [00be7989-d8c1-4a83-aaf0-c8ed794c287b-groupManagement] INFO  server.RaftServerConfigKeys (ConfUtils.java:logGet(46)) - raft.server.log.statemachine.data.sync.timeout.retry = -1 (default)
2023-06-23 15:09:09,332 [EventQueue-PipelineReportForPipelineReportHandler] INFO  pipeline.PipelineManagerImpl (PipelineManagerImpl.java:openPipeline(381)) - Pipeline Pipeline[ Id: aa49f103-d67f-4ad5-8fa1-016f13eaceb9, Nodes: 00be7989-d8c1-4a83-aaf0-c8ed794c287b(fv-az424-541.i1gjr3zuz4qevjy1zin2gin2ih.gx.internal.cloudapp.net/10.1.0.34), ReplicationConfig: RATIS/ONE, State:ALLOCATED, leaderId:00be7989-d8c1-4a83-aaf0-c8ed794c287b, CreationTimestamp2023-06-23T15:09:06.322Z[Etc/UTC]] moved to OPEN state
2023-06-23 15:09:09,332 [EventQueue-OpenPipelineForHealthyPipelineSafeModeRule] INFO  safemode.SCMSafeModeManager (HealthyPipelineSafeModeRule.java:process(137)) - SCM in safe mode. Healthy pipelines reported count is 0, required healthy pipeline reported count is 1
2023-06-23 15:09:09,333 [00be7989-d8c1-4a83-aaf0-c8ed794c287b-groupManagement] INFO  server.RaftServerConfigKeys (ConfUtils.java:logGet(46)) - raft.server.log.write.buffer.size = 1048576 (custom)
2023-06-23 15:09:09,334 [00be7989-d8c1-4a83-aaf0-c8ed794c287b-groupManagement] INFO  server.RaftServerConfigKeys (ConfUtils.java:logGet(46)) - raft.server.log.appender.buffer.byte-limit = 33554432 (custom)
2023-06-23 15:09:09,345 [00be7989-d8c1-4a83-aaf0-c8ed794c287b-groupManagement] INFO  server.RaftServerConfigKeys (ConfUtils.java:logGet(46)) - raft.server.log.unsafe-flush.enabled = false (default)
2023-06-23 15:09:09,345 [00be7989-d8c1-4a83-aaf0-c8ed794c287b-groupManagement] INFO  server.RaftServerConfigKeys (ConfUtils.java:logGet(46)) - raft.server.log.async-flush.enabled = false (default)
2023-06-23 15:09:09,345 [00be7989-d8c1-4a83-aaf0-c8ed794c287b-groupManagement] INFO  server.RaftServerConfigKeys (ConfUtils.java:logGet(46)) - raft.server.log.statemachine.data.caching.enabled = true (custom)
2023-06-23 15:09:09,345 [00be7989-d8c1-4a83-aaf0-c8ed794c287b-groupManagement] INFO  segmented.SegmentedRaftLogWorker (SegmentedRaftLogWorker.java:lambda$new$0(135)) - 00be7989-d8c1-4a83-aaf0-c8ed794c287b@group-016F13EACEB9-SegmentedRaftLogWorker: flushIndex: setUnconditionally 0 -> -1
2023-06-23 15:09:09,345 [00be7989-d8c1-4a83-aaf0-c8ed794c287b-groupManagement] INFO  segmented.SegmentedRaftLogWorker (SegmentedRaftLogWorker.java:lambda$new$0(135)) - 00be7989-d8c1-4a83-aaf0-c8ed794c287b@group-016F13EACEB9-SegmentedRaftLogWorker: safeCacheEvictIndex: setUnconditionally 0 -> -1
2023-06-23 15:09:09,347 [00be7989-d8c1-4a83-aaf0-c8ed794c287b-groupManagement] INFO  server.RaftServer$Division (RaftServerImpl.java:start(342)) - 00be7989-d8c1-4a83-aaf0-c8ed794c287b@group-016F13EACEB9: start as a follower, conf=-1: peers:[00be7989-d8c1-4a83-aaf0-c8ed794c287b|rpc:10.1.0.34:15041|admin:10.1.0.34:15040|client:10.1.0.34:15039|dataStream:10.1.0.34:15042|priority:1|startupRole:FOLLOWER]|listeners:[], old=null
2023-06-23 15:09:09,347 [00be7989-d8c1-4a83-aaf0-c8ed794c287b-groupManagement] INFO  server.RaftServer$Division (RaftServerImpl.java:setRole(329)) - 00be7989-d8c1-4a83-aaf0-c8ed794c287b@group-016F13EACEB9: changes role from      null to FOLLOWER at term 0 for startAsFollower
2023-06-23 15:09:09,347 [00be7989-d8c1-4a83-aaf0-c8ed794c287b-groupManagement] INFO  impl.RoleInfo (RoleInfo.java:updateAndGet(139)) - 00be7989-d8c1-4a83-aaf0-c8ed794c287b: start 00be7989-d8c1-4a83-aaf0-c8ed794c287b@group-016F13EACEB9-FollowerState
2023-06-23 15:09:09,351 [00be7989-d8c1-4a83-aaf0-c8ed794c287b-groupManagement] INFO  util.JmxRegister (JmxRegister.java:tryRegister(44)) - Successfully registered JMX Bean with object name Ratis:service=RaftServer,group=group-016F13EACEB9,id=00be7989-d8c1-4a83-aaf0-c8ed794c287b
2023-06-23 15:09:09,351 [00be7989-d8c1-4a83-aaf0-c8ed794c287b-groupManagement] INFO  server.RaftServerConfigKeys (ConfUtils.java:logGet(46)) - raft.server.snapshot.auto.trigger.enabled = true (custom)
2023-06-23 15:09:09,351 [00be7989-d8c1-4a83-aaf0-c8ed794c287b-groupManagement] INFO  server.RaftServerConfigKeys (ConfUtils.java:logGet(46)) - raft.server.snapshot.auto.trigger.threshold = 10000 (custom)
2023-06-23 15:09:09,351 [00be7989-d8c1-4a83-aaf0-c8ed794c287b-groupManagement] INFO  server.RaftServerConfigKeys (ConfUtils.java:logGet(46)) - raft.server.snapshot.retention.file.num = 5 (custom)
2023-06-23 15:09:09,351 [00be7989-d8c1-4a83-aaf0-c8ed794c287b-groupManagement] INFO  server.RaftServerConfigKeys (ConfUtils.java:logGet(46)) - raft.server.log.purge.upto.snapshot.index = false (default)
2023-06-23 15:09:09,352 [00be7989-d8c1-4a83-aaf0-c8ed794c287b@group-016F13EACEB9-FollowerState] INFO  server.RaftServerConfigKeys (ConfUtils.java:logFallback(53)) - raft.server.rpc.first-election.timeout.min = 5s (fallback to raft.server.rpc.timeout.min)
2023-06-23 15:09:09,352 [00be7989-d8c1-4a83-aaf0-c8ed794c287b@group-016F13EACEB9-FollowerState] INFO  server.RaftServerConfigKeys (ConfUtils.java:logFallback(53)) - raft.server.rpc.first-election.timeout.max = 5200ms (fallback to raft.server.rpc.timeout.max)
2023-06-23 15:09:09,357 [PipelineCommandHandlerThread-0] INFO  ratis.XceiverServerRatis (XceiverServerRatis.java:addGroup(804)) - Created group PipelineID=aa49f103-d67f-4ad5-8fa1-016f13eaceb9
2023-06-23 15:09:09,357 [PipelineCommandHandlerThread-0] INFO  commandhandler.CreatePipelineCommandHandler (CreatePipelineCommandHandler.java:lambda$handle$2(124)) - Created Pipeline RATIS ONE PipelineID=aa49f103-d67f-4ad5-8fa1-016f13eaceb9.
2023-06-23 15:09:09,358 [PipelineCommandHandlerThread-0] INFO  server.RaftServer (RaftServerProxy.java:addNew(98)) - 00be7989-d8c1-4a83-aaf0-c8ed794c287b: addNew group-CAB49B7B2D82:[09b3ab32-5fcb-422b-914e-2ec4890cee3e|rpc:10.1.0.34:15059|admin:10.1.0.34:15058|client:10.1.0.34:15057|dataStream:10.1.0.34:15060|priority:0|startupRole:FOLLOWER, 00be7989-d8c1-4a83-aaf0-c8ed794c287b|rpc:10.1.0.34:15041|admin:10.1.0.34:15040|client:10.1.0.34:15039|dataStream:10.1.0.34:15042|priority:0|startupRole:FOLLOWER, aaefd232-7c4e-4e5c-bf06-1f2dae2e69ed|rpc:10.1.0.34:15050|admin:10.1.0.34:15049|client:10.1.0.34:15048|dataStream:10.1.0.34:15051|priority:1|startupRole:FOLLOWER] returns group-CAB49B7B2D82:java.util.concurrent.CompletableFuture@11739b04[Not completed]
2023-06-23 15:09:09,361 [00be7989-d8c1-4a83-aaf0-c8ed794c287b-groupManagement] INFO  server.RaftServer$Division (RaftServerImpl.java:<init>(198)) - 00be7989-d8c1-4a83-aaf0-c8ed794c287b: new RaftServerImpl for group-CAB49B7B2D82:[09b3ab32-5fcb-422b-914e-2ec4890cee3e|rpc:10.1.0.34:15059|admin:10.1.0.34:15058|client:10.1.0.34:15057|dataStream:10.1.0.34:15060|priority:0|startupRole:FOLLOWER, 00be7989-d8c1-4a83-aaf0-c8ed794c287b|rpc:10.1.0.34:15041|admin:10.1.0.34:15040|client:10.1.0.34:15039|dataStream:10.1.0.34:15042|priority:0|startupRole:FOLLOWER, aaefd232-7c4e-4e5c-bf06-1f2dae2e69ed|rpc:10.1.0.34:15050|admin:10.1.0.34:15049|client:10.1.0.34:15048|dataStream:10.1.0.34:15051|priority:1|startupRole:FOLLOWER] with ContainerStateMachine:uninitialized
2023-06-23 15:09:09,361 [00be7989-d8c1-4a83-aaf0-c8ed794c287b-groupManagement] INFO  server.RaftServerConfigKeys (ConfUtils.java:logGet(46)) - raft.server.rpc.timeout.min = 5s (custom)
2023-06-23 15:09:09,361 [00be7989-d8c1-4a83-aaf0-c8ed794c287b-groupManagement] INFO  server.RaftServerConfigKeys (ConfUtils.java:logGet(46)) - raft.server.rpc.timeout.max = 5200ms (custom)
2023-06-23 15:09:09,361 [00be7989-d8c1-4a83-aaf0-c8ed794c287b-groupManagement] INFO  server.RaftServerConfigKeys (ConfUtils.java:logGet(46)) - raft.server.rpc.sleep.time = 25ms (default)
2023-06-23 15:09:09,361 [00be7989-d8c1-4a83-aaf0-c8ed794c287b-groupManagement] INFO  server.RaftServerConfigKeys (ConfUtils.java:logGet(46)) - raft.server.rpc.slowness.timeout = 300s (custom)
2023-06-23 15:09:09,361 [00be7989-d8c1-4a83-aaf0-c8ed794c287b-groupManagement] INFO  server.RaftServerConfigKeys (ConfUtils.java:logGet(46)) - raft.server.leaderelection.leader.step-down.wait-time = 10s (default)
2023-06-23 15:09:09,361 [00be7989-d8c1-4a83-aaf0-c8ed794c287b-groupManagement] INFO  server.RaftServerConfigKeys (ConfUtils.java:logGet(46)) - raft.server.sleep.deviation.threshold = 300ms (default)
2023-06-23 15:09:09,361 [00be7989-d8c1-4a83-aaf0-c8ed794c287b-groupManagement] INFO  server.RaftServer$Division (ServerState.java:<init>(120)) - 00be7989-d8c1-4a83-aaf0-c8ed794c287b@group-CAB49B7B2D82: ConfigurationManager, init=-1: peers:[09b3ab32-5fcb-422b-914e-2ec4890cee3e|rpc:10.1.0.34:15059|admin:10.1.0.34:15058|client:10.1.0.34:15057|dataStream:10.1.0.34:15060|priority:0|startupRole:FOLLOWER, 00be7989-d8c1-4a83-aaf0-c8ed794c287b|rpc:10.1.0.34:15041|admin:10.1.0.34:15040|client:10.1.0.34:15039|dataStream:10.1.0.34:15042|priority:0|startupRole:FOLLOWER, aaefd232-7c4e-4e5c-bf06-1f2dae2e69ed|rpc:10.1.0.34:15050|admin:10.1.0.34:15049|client:10.1.0.34:15048|dataStream:10.1.0.34:15051|priority:1|startupRole:FOLLOWER]|listeners:[], old=null, confs=<EMPTY_MAP>
2023-06-23 15:09:09,361 [00be7989-d8c1-4a83-aaf0-c8ed794c287b-groupManagement] INFO  server.RaftServerConfigKeys (ConfUtils.java:logGet(46)) - raft.server.storage.dir = [/home/runner/work/ozone/ozone/hadoop-ozone/integration-test/target/test-dir/MiniOzoneClusterImpl-741560ff-92e5-4b28-9778-2cf52193c8f3/datanode-3/data/ratis] (custom)
2023-06-23 15:09:09,362 [00be7989-d8c1-4a83-aaf0-c8ed794c287b-groupManagement] INFO  server.RaftServerConfigKeys (ConfUtils.java:logGet(46)) - raft.server.log.corruption.policy = EXCEPTION (default)
2023-06-23 15:09:09,362 [00be7989-d8c1-4a83-aaf0-c8ed794c287b-groupManagement] INFO  server.RaftServerConfigKeys (ConfUtils.java:logGet(46)) - raft.server.storage.free-space.min = 0MB (=0) (default)
2023-06-23 15:09:09,362 [00be7989-d8c1-4a83-aaf0-c8ed794c287b-groupManagement] INFO  server.RaftServerConfigKeys (ConfUtils.java:logGet(46)) - raft.server.notification.no-leader.timeout = 300s (custom)
2023-06-23 15:09:09,362 [00be7989-d8c1-4a83-aaf0-c8ed794c287b-groupManagement] INFO  server.RaftServerConfigKeys (ConfUtils.java:logGet(46)) - raft.server.read.timeout = 10s (default)
2023-06-23 15:09:09,362 [00be7989-d8c1-4a83-aaf0-c8ed794c287b-groupManagement] INFO  server.RaftServerConfigKeys (ConfUtils.java:logGet(46)) - raft.server.retrycache.expirytime = 600000ms (custom)
2023-06-23 15:09:09,362 [00be7989-d8c1-4a83-aaf0-c8ed794c287b-groupManagement] INFO  server.RaftServerConfigKeys (ConfUtils.java:logGet(46)) - raft.server.retrycache.statistics.expirytime = 100μs (default)
2023-06-23 15:09:09,362 [00be7989-d8c1-4a83-aaf0-c8ed794c287b-groupManagement] INFO  server.RaftServerConfigKeys (ConfUtils.java:logGet(46)) - raft.server.read.option = DEFAULT (default)
2023-06-23 15:09:09,364 [00be7989-d8c1-4a83-aaf0-c8ed794c287b-groupManagement] INFO  server.RaftServerConfigKeys (ConfUtils.java:logGet(46)) - raft.server.rpc.request.timeout = 60s (custom)
2023-06-23 15:09:09,365 [00be7989-d8c1-4a83-aaf0-c8ed794c287b-groupManagement] INFO  server.RaftServerConfigKeys (ConfUtils.java:logGet(46)) - raft.server.log.appender.install.snapshot.enabled = false (custom)
2023-06-23 15:09:09,365 [00be7989-d8c1-4a83-aaf0-c8ed794c287b-groupManagement] INFO  server.RaftServerConfigKeys (ConfUtils.java:logGet(46)) - raft.server.threadpool.server.cached = true (default)
2023-06-23 15:09:09,365 [00be7989-d8c1-4a83-aaf0-c8ed794c287b-groupManagement] INFO  server.RaftServerConfigKeys (ConfUtils.java:logGet(46)) - raft.server.threadpool.server.size = 0 (default)
2023-06-23 15:09:09,365 [00be7989-d8c1-4a83-aaf0-c8ed794c287b-groupManagement] INFO  server.RaftServerConfigKeys (ConfUtils.java:logGet(46)) - raft.server.threadpool.client.cached = true (default)
2023-06-23 15:09:09,365 [00be7989-d8c1-4a83-aaf0-c8ed794c287b-groupManagement] INFO  server.RaftServerConfigKeys (ConfUtils.java:logGet(46)) - raft.server.threadpool.client.size = 0 (default)
2023-06-23 15:09:09,365 [00be7989-d8c1-4a83-aaf0-c8ed794c287b-groupManagement] INFO  storage.RaftStorageDirectory (RaftStorageDirectoryImpl.java:analyzeStorage(137)) - The storage directory /home/runner/work/ozone/ozone/hadoop-ozone/integration-test/target/test-dir/MiniOzoneClusterImpl-741560ff-92e5-4b28-9778-2cf52193c8f3/datanode-3/data/ratis/7deec83e-52d7-49af-8d72-cab49b7b2d82 does not exist. Creating ...
2023-06-23 15:09:09,367 [00be7989-d8c1-4a83-aaf0-c8ed794c287b-groupManagement] INFO  storage.RaftStorageDirectory (RaftStorageDirectoryImpl.java:tryLock(231)) - Lock on /home/runner/work/ozone/ozone/hadoop-ozone/integration-test/target/test-dir/MiniOzoneClusterImpl-741560ff-92e5-4b28-9778-2cf52193c8f3/datanode-3/data/ratis/7deec83e-52d7-49af-8d72-cab49b7b2d82/in_use.lock acquired by nodename 61630@fv-az424-541
2023-06-23 15:09:09,370 [00be7989-d8c1-4a83-aaf0-c8ed794c287b-groupManagement] INFO  storage.RaftStorage (RaftStorageImpl.java:format(96)) - Storage directory /home/runner/work/ozone/ozone/hadoop-ozone/integration-test/target/test-dir/MiniOzoneClusterImpl-741560ff-92e5-4b28-9778-2cf52193c8f3/datanode-3/data/ratis/7deec83e-52d7-49af-8d72-cab49b7b2d82 has been successfully formatted.
2023-06-23 15:09:09,377 [00be7989-d8c1-4a83-aaf0-c8ed794c287b-groupManagement] INFO  ratis.ContainerStateMachine (ContainerStateMachine.java:loadSnapshot(262)) - group-CAB49B7B2D82: The snapshot info is null. Setting the last applied indexto:(t:0, i:~)
2023-06-23 15:09:09,377 [00be7989-d8c1-4a83-aaf0-c8ed794c287b-groupManagement] INFO  server.RaftServerConfigKeys (ConfUtils.java:logGet(46)) - raft.server.log.use.memory = false (default)
2023-06-23 15:09:09,377 [00be7989-d8c1-4a83-aaf0-c8ed794c287b-groupManagement] INFO  server.RaftServerConfigKeys (ConfUtils.java:logGet(46)) - raft.server.log.purge.gap = 1000000 (custom)
2023-06-23 15:09:09,377 [00be7989-d8c1-4a83-aaf0-c8ed794c287b-groupManagement] INFO  server.RaftServerConfigKeys (ConfUtils.java:logGet(46)) - raft.server.log.appender.buffer.byte-limit = 33554432 (custom)
2023-06-23 15:09:09,377 [00be7989-d8c1-4a83-aaf0-c8ed794c287b-groupManagement] INFO  server.RaftServerConfigKeys (ConfUtils.java:logGet(46)) - raft.server.log.statemachine.data.read.timeout = 1000ms (default)
2023-06-23 15:09:09,377 [00be7989-d8c1-4a83-aaf0-c8ed794c287b-groupManagement] INFO  server.RaftServerConfigKeys (ConfUtils.java:logGet(46)) - raft.server.log.purge.preservation.log.num = 0 (default)
2023-06-23 15:09:09,377 [00be7989-d8c1-4a83-aaf0-c8ed794c287b-groupManagement] INFO  server.RaftServerConfigKeys (ConfUtils.java:logGet(46)) - raft.server.log.segment.size.max = 1048576 (custom)
2023-06-23 15:09:09,378 [EventQueue-OpenPipelineForHealthyPipelineSafeModeRule] INFO  safemode.SCMSafeModeManager (HealthyPipelineSafeModeRule.java:process(137)) - SCM in safe mode. Healthy pipelines reported count is 0, required healthy pipeline reported count is 1
2023-06-23 15:09:09,378 [00be7989-d8c1-4a83-aaf0-c8ed794c287b-groupManagement] INFO  server.RaftServerConfigKeys (ConfUtils.java:logGet(46)) - raft.server.log.segment.cache.num.max = 2 (custom)
2023-06-23 15:09:09,379 [00be7989-d8c1-4a83-aaf0-c8ed794c287b-groupManagement] INFO  server.RaftServerConfigKeys (ConfUtils.java:logGet(46)) - raft.server.log.segment.cache.size.max = 200MB (=209715200) (default)
2023-06-23 15:09:09,379 [00be7989-d8c1-4a83-aaf0-c8ed794c287b-groupManagement] INFO  server.RaftServerConfigKeys (ConfUtils.java:logGet(46)) - raft.server.log.appender.buffer.byte-limit = 33554432 (custom)
2023-06-23 15:09:09,379 [00be7989-d8c1-4a83-aaf0-c8ed794c287b-groupManagement] INFO  segmented.SegmentedRaftLogWorker (SegmentedRaftLogWorker.java:<init>(188)) - new 00be7989-d8c1-4a83-aaf0-c8ed794c287b@group-CAB49B7B2D82-SegmentedRaftLogWorker for RaftStorageImpl:Storage Directory /home/runner/work/ozone/ozone/hadoop-ozone/integration-test/target/test-dir/MiniOzoneClusterImpl-741560ff-92e5-4b28-9778-2cf52193c8f3/datanode-3/data/ratis/7deec83e-52d7-49af-8d72-cab49b7b2d82
2023-06-23 15:09:09,379 [00be7989-d8c1-4a83-aaf0-c8ed794c287b-groupManagement] INFO  server.RaftServerConfigKeys (ConfUtils.java:logGet(46)) - raft.server.log.queue.byte-limit = 4294967296 (custom)
2023-06-23 15:09:09,379 [00be7989-d8c1-4a83-aaf0-c8ed794c287b-groupManagement] INFO  server.RaftServerConfigKeys (ConfUtils.java:logGet(46)) - raft.server.log.queue.element-limit = 1024 (custom)
2023-06-23 15:09:09,379 [00be7989-d8c1-4a83-aaf0-c8ed794c287b-groupManagement] INFO  server.RaftServerConfigKeys (ConfUtils.java:logGet(46)) - raft.server.log.segment.size.max = 1048576 (custom)
2023-06-23 15:09:09,379 [00be7989-d8c1-4a83-aaf0-c8ed794c287b-groupManagement] INFO  server.RaftServerConfigKeys (ConfUtils.java:logGet(46)) - raft.server.log.preallocated.size = 16384 (custom)
2023-06-23 15:09:09,379 [00be7989-d8c1-4a83-aaf0-c8ed794c287b-groupManagement] INFO  server.RaftServerConfigKeys (ConfUtils.java:logGet(46)) - raft.server.log.force.sync.num = 128 (default)
2023-06-23 15:09:09,379 [00be7989-d8c1-4a83-aaf0-c8ed794c287b-groupManagement] INFO  server.RaftServerConfigKeys (ConfUtils.java:logGet(46)) - raft.server.log.statemachine.data.sync = true (default)
2023-06-23 15:09:09,379 [00be7989-d8c1-4a83-aaf0-c8ed794c287b-groupManagement] INFO  server.RaftServerConfigKeys (ConfUtils.java:logGet(46)) - raft.server.log.statemachine.data.sync.timeout = 10s (default)
2023-06-23 15:09:09,379 [00be7989-d8c1-4a83-aaf0-c8ed794c287b-groupManagement] INFO  server.RaftServerConfigKeys (ConfUtils.java:logGet(46)) - raft.server.log.statemachine.data.sync.timeout.retry = -1 (default)
2023-06-23 15:09:09,380 [00be7989-d8c1-4a83-aaf0-c8ed794c287b-groupManagement] INFO  server.RaftServerConfigKeys (ConfUtils.java:logGet(46)) - raft.server.log.write.buffer.size = 1048576 (custom)
2023-06-23 15:09:09,381 [00be7989-d8c1-4a83-aaf0-c8ed794c287b-groupManagement] INFO  server.RaftServerConfigKeys (ConfUtils.java:logGet(46)) - raft.server.log.appender.buffer.byte-limit = 33554432 (custom)
2023-06-23 15:09:09,390 [00be7989-d8c1-4a83-aaf0-c8ed794c287b-groupManagement] INFO  server.RaftServerConfigKeys (ConfUtils.java:logGet(46)) - raft.server.log.unsafe-flush.enabled = false (default)
2023-06-23 15:09:09,391 [00be7989-d8c1-4a83-aaf0-c8ed794c287b-groupManagement] INFO  server.RaftServerConfigKeys (ConfUtils.java:logGet(46)) - raft.server.log.async-flush.enabled = false (default)
2023-06-23 15:09:09,391 [00be7989-d8c1-4a83-aaf0-c8ed794c287b-groupManagement] INFO  server.RaftServerConfigKeys (ConfUtils.java:logGet(46)) - raft.server.log.statemachine.data.caching.enabled = true (custom)
2023-06-23 15:09:09,391 [00be7989-d8c1-4a83-aaf0-c8ed794c287b-groupManagement] INFO  segmented.SegmentedRaftLogWorker (SegmentedRaftLogWorker.java:lambda$new$0(135)) - 00be7989-d8c1-4a83-aaf0-c8ed794c287b@group-CAB49B7B2D82-SegmentedRaftLogWorker: flushIndex: setUnconditionally 0 -> -1
2023-06-23 15:09:09,391 [00be7989-d8c1-4a83-aaf0-c8ed794c287b-groupManagement] INFO  segmented.SegmentedRaftLogWorker (SegmentedRaftLogWorker.java:lambda$new$0(135)) - 00be7989-d8c1-4a83-aaf0-c8ed794c287b@group-CAB49B7B2D82-SegmentedRaftLogWorker: safeCacheEvictIndex: setUnconditionally 0 -> -1
2023-06-23 15:09:09,391 [00be7989-d8c1-4a83-aaf0-c8ed794c287b-groupManagement] INFO  server.RaftServer$Division (RaftServerImpl.java:start(342)) - 00be7989-d8c1-4a83-aaf0-c8ed794c287b@group-CAB49B7B2D82: start as a follower, conf=-1: peers:[09b3ab32-5fcb-422b-914e-2ec4890cee3e|rpc:10.1.0.34:15059|admin:10.1.0.34:15058|client:10.1.0.34:15057|dataStream:10.1.0.34:15060|priority:0|startupRole:FOLLOWER, 00be7989-d8c1-4a83-aaf0-c8ed794c287b|rpc:10.1.0.34:15041|admin:10.1.0.34:15040|client:10.1.0.34:15039|dataStream:10.1.0.34:15042|priority:0|startupRole:FOLLOWER, aaefd232-7c4e-4e5c-bf06-1f2dae2e69ed|rpc:10.1.0.34:15050|admin:10.1.0.34:15049|client:10.1.0.34:15048|dataStream:10.1.0.34:15051|priority:1|startupRole:FOLLOWER]|listeners:[], old=null
2023-06-23 15:09:09,391 [00be7989-d8c1-4a83-aaf0-c8ed794c287b-groupManagement] INFO  server.RaftServer$Division (RaftServerImpl.java:setRole(329)) - 00be7989-d8c1-4a83-aaf0-c8ed794c287b@group-CAB49B7B2D82: changes role from      null to FOLLOWER at term 0 for startAsFollower
2023-06-23 15:09:09,391 [00be7989-d8c1-4a83-aaf0-c8ed794c287b-groupManagement] INFO  impl.RoleInfo (RoleInfo.java:updateAndGet(139)) - 00be7989-d8c1-4a83-aaf0-c8ed794c287b: start 00be7989-d8c1-4a83-aaf0-c8ed794c287b@group-CAB49B7B2D82-FollowerState
2023-06-23 15:09:09,392 [00be7989-d8c1-4a83-aaf0-c8ed794c287b@group-CAB49B7B2D82-FollowerState] INFO  server.RaftServerConfigKeys (ConfUtils.java:logFallback(53)) - raft.server.rpc.first-election.timeout.min = 5s (fallback to raft.server.rpc.timeout.min)
2023-06-23 15:09:09,392 [00be7989-d8c1-4a83-aaf0-c8ed794c287b-groupManagement] INFO  util.JmxRegister (JmxRegister.java:tryRegister(44)) - Successfully registered JMX Bean with object name Ratis:service=RaftServer,group=group-CAB49B7B2D82,id=00be7989-d8c1-4a83-aaf0-c8ed794c287b
2023-06-23 15:09:09,393 [00be7989-d8c1-4a83-aaf0-c8ed794c287b@group-CAB49B7B2D82-FollowerState] INFO  server.RaftServerConfigKeys (ConfUtils.java:logFallback(53)) - raft.server.rpc.first-election.timeout.max = 5200ms (fallback to raft.server.rpc.timeout.max)
2023-06-23 15:09:09,393 [00be7989-d8c1-4a83-aaf0-c8ed794c287b-groupManagement] INFO  server.RaftServerConfigKeys (ConfUtils.java:logGet(46)) - raft.server.snapshot.auto.trigger.enabled = true (custom)
2023-06-23 15:09:09,393 [00be7989-d8c1-4a83-aaf0-c8ed794c287b-groupManagement] INFO  server.RaftServerConfigKeys (ConfUtils.java:logGet(46)) - raft.server.snapshot.auto.trigger.threshold = 10000 (custom)
2023-06-23 15:09:09,393 [00be7989-d8c1-4a83-aaf0-c8ed794c287b-groupManagement] INFO  server.RaftServerConfigKeys (ConfUtils.java:logGet(46)) - raft.server.snapshot.retention.file.num = 5 (custom)
2023-06-23 15:09:09,393 [00be7989-d8c1-4a83-aaf0-c8ed794c287b-groupManagement] INFO  server.RaftServerConfigKeys (ConfUtils.java:logGet(46)) - raft.server.log.purge.upto.snapshot.index = false (default)
2023-06-23 15:09:09,394 [PipelineCommandHandlerThread-0] INFO  ratis.XceiverServerRatis (XceiverServerRatis.java:addGroup(804)) - Created group PipelineID=7deec83e-52d7-49af-8d72-cab49b7b2d82
2023-06-23 15:09:09,417 [grpc-default-executor-0] INFO  server.RaftServer (RaftServerProxy.java:addNew(98)) - 09b3ab32-5fcb-422b-914e-2ec4890cee3e: addNew group-CAB49B7B2D82:[09b3ab32-5fcb-422b-914e-2ec4890cee3e|rpc:10.1.0.34:15059|admin:10.1.0.34:15058|client:10.1.0.34:15057|dataStream:10.1.0.34:15060|priority:0|startupRole:FOLLOWER, 00be7989-d8c1-4a83-aaf0-c8ed794c287b|rpc:10.1.0.34:15041|admin:10.1.0.34:15040|client:10.1.0.34:15039|dataStream:10.1.0.34:15042|priority:0|startupRole:FOLLOWER, aaefd232-7c4e-4e5c-bf06-1f2dae2e69ed|rpc:10.1.0.34:15050|admin:10.1.0.34:15049|client:10.1.0.34:15048|dataStream:10.1.0.34:15051|priority:1|startupRole:FOLLOWER] returns group-CAB49B7B2D82:java.util.concurrent.CompletableFuture@7bc46e77[Not completed]
2023-06-23 15:09:09,419 [09b3ab32-5fcb-422b-914e-2ec4890cee3e-groupManagement] INFO  server.RaftServer$Division (RaftServerImpl.java:<init>(198)) - 09b3ab32-5fcb-422b-914e-2ec4890cee3e: new RaftServerImpl for group-CAB49B7B2D82:[09b3ab32-5fcb-422b-914e-2ec4890cee3e|rpc:10.1.0.34:15059|admin:10.1.0.34:15058|client:10.1.0.34:15057|dataStream:10.1.0.34:15060|priority:0|startupRole:FOLLOWER, 00be7989-d8c1-4a83-aaf0-c8ed794c287b|rpc:10.1.0.34:15041|admin:10.1.0.34:15040|client:10.1.0.34:15039|dataStream:10.1.0.34:15042|priority:0|startupRole:FOLLOWER, aaefd232-7c4e-4e5c-bf06-1f2dae2e69ed|rpc:10.1.0.34:15050|admin:10.1.0.34:15049|client:10.1.0.34:15048|dataStream:10.1.0.34:15051|priority:1|startupRole:FOLLOWER] with ContainerStateMachine:uninitialized
2023-06-23 15:09:09,419 [09b3ab32-5fcb-422b-914e-2ec4890cee3e-groupManagement] INFO  server.RaftServerConfigKeys (ConfUtils.java:logGet(46)) - raft.server.rpc.timeout.min = 5s (custom)
2023-06-23 15:09:09,419 [09b3ab32-5fcb-422b-914e-2ec4890cee3e-groupManagement] INFO  server.RaftServerConfigKeys (ConfUtils.java:logGet(46)) - raft.server.rpc.timeout.max = 5200ms (custom)
2023-06-23 15:09:09,419 [09b3ab32-5fcb-422b-914e-2ec4890cee3e-groupManagement] INFO  server.RaftServerConfigKeys (ConfUtils.java:logGet(46)) - raft.server.rpc.sleep.time = 25ms (default)
2023-06-23 15:09:09,419 [09b3ab32-5fcb-422b-914e-2ec4890cee3e-groupManagement] INFO  server.RaftServerConfigKeys (ConfUtils.java:logGet(46)) - raft.server.rpc.slowness.timeout = 300s (custom)
2023-06-23 15:09:09,419 [09b3ab32-5fcb-422b-914e-2ec4890cee3e-groupManagement] INFO  server.RaftServerConfigKeys (ConfUtils.java:logGet(46)) - raft.server.leaderelection.leader.step-down.wait-time = 10s (default)
2023-06-23 15:09:09,419 [09b3ab32-5fcb-422b-914e-2ec4890cee3e-groupManagement] INFO  server.RaftServerConfigKeys (ConfUtils.java:logGet(46)) - raft.server.sleep.deviation.threshold = 300ms (default)
2023-06-23 15:09:09,419 [09b3ab32-5fcb-422b-914e-2ec4890cee3e-groupManagement] INFO  server.RaftServer$Division (ServerState.java:<init>(120)) - 09b3ab32-5fcb-422b-914e-2ec4890cee3e@group-CAB49B7B2D82: ConfigurationManager, init=-1: peers:[09b3ab32-5fcb-422b-914e-2ec4890cee3e|rpc:10.1.0.34:15059|admin:10.1.0.34:15058|client:10.1.0.34:15057|dataStream:10.1.0.34:15060|priority:0|startupRole:FOLLOWER, 00be7989-d8c1-4a83-aaf0-c8ed794c287b|rpc:10.1.0.34:15041|admin:10.1.0.34:15040|client:10.1.0.34:15039|dataStream:10.1.0.34:15042|priority:0|startupRole:FOLLOWER, aaefd232-7c4e-4e5c-bf06-1f2dae2e69ed|rpc:10.1.0.34:15050|admin:10.1.0.34:15049|client:10.1.0.34:15048|dataStream:10.1.0.34:15051|priority:1|startupRole:FOLLOWER]|listeners:[], old=null, confs=<EMPTY_MAP>
2023-06-23 15:09:09,420 [09b3ab32-5fcb-422b-914e-2ec4890cee3e-groupManagement] INFO  server.RaftServerConfigKeys (ConfUtils.java:logGet(46)) - raft.server.storage.dir = [/home/runner/work/ozone/ozone/hadoop-ozone/integration-test/target/test-dir/MiniOzoneClusterImpl-741560ff-92e5-4b28-9778-2cf52193c8f3/datanode-5/data/ratis] (custom)
2023-06-23 15:09:09,420 [09b3ab32-5fcb-422b-914e-2ec4890cee3e-groupManagement] INFO  server.RaftServerConfigKeys (ConfUtils.java:logGet(46)) - raft.server.log.corruption.policy = EXCEPTION (default)
2023-06-23 15:09:09,420 [09b3ab32-5fcb-422b-914e-2ec4890cee3e-groupManagement] INFO  server.RaftServerConfigKeys (ConfUtils.java:logGet(46)) - raft.server.storage.free-space.min = 0MB (=0) (default)
2023-06-23 15:09:09,420 [09b3ab32-5fcb-422b-914e-2ec4890cee3e-groupManagement] INFO  server.RaftServerConfigKeys (ConfUtils.java:logGet(46)) - raft.server.notification.no-leader.timeout = 300s (custom)
2023-06-23 15:09:09,424 [09b3ab32-5fcb-422b-914e-2ec4890cee3e-groupManagement] INFO  server.RaftServerConfigKeys (ConfUtils.java:logGet(46)) - raft.server.read.timeout = 10s (default)
2023-06-23 15:09:09,425 [09b3ab32-5fcb-422b-914e-2ec4890cee3e-groupManagement] INFO  server.RaftServerConfigKeys (ConfUtils.java:logGet(46)) - raft.server.retrycache.expirytime = 600000ms (custom)
2023-06-23 15:09:09,425 [09b3ab32-5fcb-422b-914e-2ec4890cee3e-groupManagement] INFO  server.RaftServerConfigKeys (ConfUtils.java:logGet(46)) - raft.server.retrycache.statistics.expirytime = 100μs (default)
2023-06-23 15:09:09,425 [09b3ab32-5fcb-422b-914e-2ec4890cee3e-groupManagement] INFO  server.RaftServerConfigKeys (ConfUtils.java:logGet(46)) - raft.server.read.option = DEFAULT (default)
2023-06-23 15:09:09,427 [09b3ab32-5fcb-422b-914e-2ec4890cee3e-groupManagement] INFO  server.RaftServerConfigKeys (ConfUtils.java:logGet(46)) - raft.server.rpc.request.timeout = 60s (custom)
2023-06-23 15:09:09,427 [09b3ab32-5fcb-422b-914e-2ec4890cee3e-groupManagement] INFO  server.RaftServerConfigKeys (ConfUtils.java:logGet(46)) - raft.server.log.appender.install.snapshot.enabled = false (custom)
2023-06-23 15:09:09,427 [09b3ab32-5fcb-422b-914e-2ec4890cee3e-groupManagement] INFO  server.RaftServerConfigKeys (ConfUtils.java:logGet(46)) - raft.server.threadpool.server.cached = true (default)
2023-06-23 15:09:09,428 [09b3ab32-5fcb-422b-914e-2ec4890cee3e-groupManagement] INFO  server.RaftServerConfigKeys (ConfUtils.java:logGet(46)) - raft.server.threadpool.server.size = 0 (default)
2023-06-23 15:09:09,428 [09b3ab32-5fcb-422b-914e-2ec4890cee3e-groupManagement] INFO  server.RaftServerConfigKeys (ConfUtils.java:logGet(46)) - raft.server.threadpool.client.cached = true (default)
2023-06-23 15:09:09,428 [09b3ab32-5fcb-422b-914e-2ec4890cee3e-groupManagement] INFO  server.RaftServerConfigKeys (ConfUtils.java:logGet(46)) - raft.server.threadpool.client.size = 0 (default)
2023-06-23 15:09:09,428 [09b3ab32-5fcb-422b-914e-2ec4890cee3e-groupManagement] INFO  storage.RaftStorageDirectory (RaftStorageDirectoryImpl.java:analyzeStorage(137)) - The storage directory /home/runner/work/ozone/ozone/hadoop-ozone/integration-test/target/test-dir/MiniOzoneClusterImpl-741560ff-92e5-4b28-9778-2cf52193c8f3/datanode-5/data/ratis/7deec83e-52d7-49af-8d72-cab49b7b2d82 does not exist. Creating ...
2023-06-23 15:09:09,429 [09b3ab32-5fcb-422b-914e-2ec4890cee3e-groupManagement] INFO  storage.RaftStorageDirectory (RaftStorageDirectoryImpl.java:tryLock(231)) - Lock on /home/runner/work/ozone/ozone/hadoop-ozone/integration-test/target/test-dir/MiniOzoneClusterImpl-741560ff-92e5-4b28-9778-2cf52193c8f3/datanode-5/data/ratis/7deec83e-52d7-49af-8d72-cab49b7b2d82/in_use.lock acquired by nodename 61630@fv-az424-541
2023-06-23 15:09:09,430 [09b3ab32-5fcb-422b-914e-2ec4890cee3e-groupManagement] INFO  storage.RaftStorage (RaftStorageImpl.java:format(96)) - Storage directory /home/runner/work/ozone/ozone/hadoop-ozone/integration-test/target/test-dir/MiniOzoneClusterImpl-741560ff-92e5-4b28-9778-2cf52193c8f3/datanode-5/data/ratis/7deec83e-52d7-49af-8d72-cab49b7b2d82 has been successfully formatted.
2023-06-23 15:09:09,431 [09b3ab32-5fcb-422b-914e-2ec4890cee3e-groupManagement] INFO  ratis.ContainerStateMachine (ContainerStateMachine.java:loadSnapshot(262)) - group-CAB49B7B2D82: The snapshot info is null. Setting the last applied indexto:(t:0, i:~)
2023-06-23 15:09:09,431 [09b3ab32-5fcb-422b-914e-2ec4890cee3e-groupManagement] INFO  server.RaftServerConfigKeys (ConfUtils.java:logGet(46)) - raft.server.log.use.memory = false (default)
2023-06-23 15:09:09,433 [09b3ab32-5fcb-422b-914e-2ec4890cee3e-groupManagement] INFO  server.RaftServerConfigKeys (ConfUtils.java:logGet(46)) - raft.server.log.purge.gap = 1000000 (custom)
2023-06-23 15:09:09,433 [09b3ab32-5fcb-422b-914e-2ec4890cee3e-groupManagement] INFO  server.RaftServerConfigKeys (ConfUtils.java:logGet(46)) - raft.server.log.appender.buffer.byte-limit = 33554432 (custom)
2023-06-23 15:09:09,433 [09b3ab32-5fcb-422b-914e-2ec4890cee3e-groupManagement] INFO  server.RaftServerConfigKeys (ConfUtils.java:logGet(46)) - raft.server.log.statemachine.data.read.timeout = 1000ms (default)
2023-06-23 15:09:09,433 [09b3ab32-5fcb-422b-914e-2ec4890cee3e-groupManagement] INFO  server.RaftServerConfigKeys (ConfUtils.java:logGet(46)) - raft.server.log.purge.preservation.log.num = 0 (default)
2023-06-23 15:09:09,433 [09b3ab32-5fcb-422b-914e-2ec4890cee3e-groupManagement] INFO  server.RaftServerConfigKeys (ConfUtils.java:logGet(46)) - raft.server.log.segment.size.max = 1048576 (custom)
2023-06-23 15:09:09,434 [09b3ab32-5fcb-422b-914e-2ec4890cee3e-groupManagement] INFO  server.RaftServerConfigKeys (ConfUtils.java:logGet(46)) - raft.server.log.segment.cache.num.max = 2 (custom)
2023-06-23 15:09:09,434 [09b3ab32-5fcb-422b-914e-2ec4890cee3e-groupManagement] INFO  server.RaftServerConfigKeys (ConfUtils.java:logGet(46)) - raft.server.log.segment.cache.size.max = 200MB (=209715200) (default)
2023-06-23 15:09:09,434 [09b3ab32-5fcb-422b-914e-2ec4890cee3e-groupManagement] INFO  server.RaftServerConfigKeys (ConfUtils.java:logGet(46)) - raft.server.log.appender.buffer.byte-limit = 33554432 (custom)
2023-06-23 15:09:09,434 [09b3ab32-5fcb-422b-914e-2ec4890cee3e-groupManagement] INFO  segmented.SegmentedRaftLogWorker (SegmentedRaftLogWorker.java:<init>(188)) - new 09b3ab32-5fcb-422b-914e-2ec4890cee3e@group-CAB49B7B2D82-SegmentedRaftLogWorker for RaftStorageImpl:Storage Directory /home/runner/work/ozone/ozone/hadoop-ozone/integration-test/target/test-dir/MiniOzoneClusterImpl-741560ff-92e5-4b28-9778-2cf52193c8f3/datanode-5/data/ratis/7deec83e-52d7-49af-8d72-cab49b7b2d82
2023-06-23 15:09:09,434 [09b3ab32-5fcb-422b-914e-2ec4890cee3e-groupManagement] INFO  server.RaftServerConfigKeys (ConfUtils.java:logGet(46)) - raft.server.log.queue.byte-limit = 4294967296 (custom)
2023-06-23 15:09:09,434 [09b3ab32-5fcb-422b-914e-2ec4890cee3e-groupManagement] INFO  server.RaftServerConfigKeys (ConfUtils.java:logGet(46)) - raft.server.log.queue.element-limit = 1024 (custom)
2023-06-23 15:09:09,434 [09b3ab32-5fcb-422b-914e-2ec4890cee3e-groupManagement] INFO  server.RaftServerConfigKeys (ConfUtils.java:logGet(46)) - raft.server.log.segment.size.max = 1048576 (custom)
2023-06-23 15:09:09,434 [09b3ab32-5fcb-422b-914e-2ec4890cee3e-groupManagement] INFO  server.RaftServerConfigKeys (ConfUtils.java:logGet(46)) - raft.server.log.preallocated.size = 16384 (custom)
2023-06-23 15:09:09,434 [09b3ab32-5fcb-422b-914e-2ec4890cee3e-groupManagement] INFO  server.RaftServerConfigKeys (ConfUtils.java:logGet(46)) - raft.server.log.force.sync.num = 128 (default)
2023-06-23 15:09:09,434 [09b3ab32-5fcb-422b-914e-2ec4890cee3e-groupManagement] INFO  server.RaftServerConfigKeys (ConfUtils.java:logGet(46)) - raft.server.log.statemachine.data.sync = true (default)
2023-06-23 15:09:09,434 [09b3ab32-5fcb-422b-914e-2ec4890cee3e-groupManagement] INFO  server.RaftServerConfigKeys (ConfUtils.java:logGet(46)) - raft.server.log.statemachine.data.sync.timeout = 10s (default)
2023-06-23 15:09:09,434 [09b3ab32-5fcb-422b-914e-2ec4890cee3e-groupManagement] INFO  server.RaftServerConfigKeys (ConfUtils.java:logGet(46)) - raft.server.log.statemachine.data.sync.timeout.retry = -1 (default)
2023-06-23 15:09:09,435 [09b3ab32-5fcb-422b-914e-2ec4890cee3e-groupManagement] INFO  server.RaftServerConfigKeys (ConfUtils.java:logGet(46)) - raft.server.log.write.buffer.size = 1048576 (custom)
2023-06-23 15:09:09,436 [09b3ab32-5fcb-422b-914e-2ec4890cee3e-groupManagement] INFO  server.RaftServerConfigKeys (ConfUtils.java:logGet(46)) - raft.server.log.appender.buffer.byte-limit = 33554432 (custom)
2023-06-23 15:09:09,449 [09b3ab32-5fcb-422b-914e-2ec4890cee3e-groupManagement] INFO  server.RaftServerConfigKeys (ConfUtils.java:logGet(46)) - raft.server.log.unsafe-flush.enabled = false (default)
2023-06-23 15:09:09,449 [09b3ab32-5fcb-422b-914e-2ec4890cee3e-groupManagement] INFO  server.RaftServerConfigKeys (ConfUtils.java:logGet(46)) - raft.server.log.async-flush.enabled = false (default)
2023-06-23 15:09:09,449 [09b3ab32-5fcb-422b-914e-2ec4890cee3e-groupManagement] INFO  server.RaftServerConfigKeys (ConfUtils.java:logGet(46)) - raft.server.log.statemachine.data.caching.enabled = true (custom)
2023-06-23 15:09:09,450 [09b3ab32-5fcb-422b-914e-2ec4890cee3e-groupManagement] INFO  segmented.SegmentedRaftLogWorker (SegmentedRaftLogWorker.java:lambda$new$0(135)) - 09b3ab32-5fcb-422b-914e-2ec4890cee3e@group-CAB49B7B2D82-SegmentedRaftLogWorker: flushIndex: setUnconditionally 0 -> -1
2023-06-23 15:09:09,450 [09b3ab32-5fcb-422b-914e-2ec4890cee3e-groupManagement] INFO  segmented.SegmentedRaftLogWorker (SegmentedRaftLogWorker.java:lambda$new$0(135)) - 09b3ab32-5fcb-422b-914e-2ec4890cee3e@group-CAB49B7B2D82-SegmentedRaftLogWorker: safeCacheEvictIndex: setUnconditionally 0 -> -1
2023-06-23 15:09:09,451 [09b3ab32-5fcb-422b-914e-2ec4890cee3e-groupManagement] INFO  server.RaftServer$Division (RaftServerImpl.java:start(342)) - 09b3ab32-5fcb-422b-914e-2ec4890cee3e@group-CAB49B7B2D82: start as a follower, conf=-1: peers:[09b3ab32-5fcb-422b-914e-2ec4890cee3e|rpc:10.1.0.34:15059|admin:10.1.0.34:15058|client:10.1.0.34:15057|dataStream:10.1.0.34:15060|priority:0|startupRole:FOLLOWER, 00be7989-d8c1-4a83-aaf0-c8ed794c287b|rpc:10.1.0.34:15041|admin:10.1.0.34:15040|client:10.1.0.34:15039|dataStream:10.1.0.34:15042|priority:0|startupRole:FOLLOWER, aaefd232-7c4e-4e5c-bf06-1f2dae2e69ed|rpc:10.1.0.34:15050|admin:10.1.0.34:15049|client:10.1.0.34:15048|dataStream:10.1.0.34:15051|priority:1|startupRole:FOLLOWER]|listeners:[], old=null
2023-06-23 15:09:09,451 [09b3ab32-5fcb-422b-914e-2ec4890cee3e-groupManagement] INFO  server.RaftServer$Division (RaftServerImpl.java:setRole(329)) - 09b3ab32-5fcb-422b-914e-2ec4890cee3e@group-CAB49B7B2D82: changes role from      null to FOLLOWER at term 0 for startAsFollower
2023-06-23 15:09:09,451 [09b3ab32-5fcb-422b-914e-2ec4890cee3e-groupManagement] INFO  impl.RoleInfo (RoleInfo.java:updateAndGet(139)) - 09b3ab32-5fcb-422b-914e-2ec4890cee3e: start 09b3ab32-5fcb-422b-914e-2ec4890cee3e@group-CAB49B7B2D82-FollowerState
2023-06-23 15:09:09,451 [09b3ab32-5fcb-422b-914e-2ec4890cee3e-groupManagement] INFO  util.JmxRegister (JmxRegister.java:tryRegister(44)) - Successfully registered JMX Bean with object name Ratis:service=RaftServer,group=group-CAB49B7B2D82,id=09b3ab32-5fcb-422b-914e-2ec4890cee3e
2023-06-23 15:09:09,452 [09b3ab32-5fcb-422b-914e-2ec4890cee3e-groupManagement] INFO  server.RaftServerConfigKeys (ConfUtils.java:logGet(46)) - raft.server.snapshot.auto.trigger.enabled = true (custom)
2023-06-23 15:09:09,452 [09b3ab32-5fcb-422b-914e-2ec4890cee3e-groupManagement] INFO  server.RaftServerConfigKeys (ConfUtils.java:logGet(46)) - raft.server.snapshot.auto.trigger.threshold = 10000 (custom)
2023-06-23 15:09:09,452 [09b3ab32-5fcb-422b-914e-2ec4890cee3e-groupManagement] INFO  server.RaftServerConfigKeys (ConfUtils.java:logGet(46)) - raft.server.snapshot.retention.file.num = 5 (custom)
2023-06-23 15:09:09,452 [09b3ab32-5fcb-422b-914e-2ec4890cee3e-groupManagement] INFO  server.RaftServerConfigKeys (ConfUtils.java:logGet(46)) - raft.server.log.purge.upto.snapshot.index = false (default)
2023-06-23 15:09:09,452 [09b3ab32-5fcb-422b-914e-2ec4890cee3e@group-CAB49B7B2D82-FollowerState] INFO  server.RaftServerConfigKeys (ConfUtils.java:logFallback(53)) - raft.server.rpc.first-election.timeout.min = 5s (fallback to raft.server.rpc.timeout.min)
2023-06-23 15:09:09,454 [09b3ab32-5fcb-422b-914e-2ec4890cee3e@group-CAB49B7B2D82-FollowerState] INFO  server.RaftServerConfigKeys (ConfUtils.java:logFallback(53)) - raft.server.rpc.first-election.timeout.max = 5200ms (fallback to raft.server.rpc.timeout.max)
2023-06-23 15:09:09,481 [grpc-default-executor-0] INFO  server.RaftServer (RaftServerProxy.java:addNew(98)) - aaefd232-7c4e-4e5c-bf06-1f2dae2e69ed: addNew group-CAB49B7B2D82:[09b3ab32-5fcb-422b-914e-2ec4890cee3e|rpc:10.1.0.34:15059|admin:10.1.0.34:15058|client:10.1.0.34:15057|dataStream:10.1.0.34:15060|priority:0|startupRole:FOLLOWER, 00be7989-d8c1-4a83-aaf0-c8ed794c287b|rpc:10.1.0.34:15041|admin:10.1.0.34:15040|client:10.1.0.34:15039|dataStream:10.1.0.34:15042|priority:0|startupRole:FOLLOWER, aaefd232-7c4e-4e5c-bf06-1f2dae2e69ed|rpc:10.1.0.34:15050|admin:10.1.0.34:15049|client:10.1.0.34:15048|dataStream:10.1.0.34:15051|priority:1|startupRole:FOLLOWER] returns group-CAB49B7B2D82:java.util.concurrent.CompletableFuture@7b3b6b7c[Not completed]
2023-06-23 15:09:09,484 [aaefd232-7c4e-4e5c-bf06-1f2dae2e69ed-groupManagement] INFO  server.RaftServer$Division (RaftServerImpl.java:<init>(198)) - aaefd232-7c4e-4e5c-bf06-1f2dae2e69ed: new RaftServerImpl for group-CAB49B7B2D82:[09b3ab32-5fcb-422b-914e-2ec4890cee3e|rpc:10.1.0.34:15059|admin:10.1.0.34:15058|client:10.1.0.34:15057|dataStream:10.1.0.34:15060|priority:0|startupRole:FOLLOWER, 00be7989-d8c1-4a83-aaf0-c8ed794c287b|rpc:10.1.0.34:15041|admin:10.1.0.34:15040|client:10.1.0.34:15039|dataStream:10.1.0.34:15042|priority:0|startupRole:FOLLOWER, aaefd232-7c4e-4e5c-bf06-1f2dae2e69ed|rpc:10.1.0.34:15050|admin:10.1.0.34:15049|client:10.1.0.34:15048|dataStream:10.1.0.34:15051|priority:1|startupRole:FOLLOWER] with ContainerStateMachine:uninitialized
2023-06-23 15:09:09,484 [aaefd232-7c4e-4e5c-bf06-1f2dae2e69ed-groupManagement] INFO  server.RaftServerConfigKeys (ConfUtils.java:logGet(46)) - raft.server.rpc.timeout.min = 5s (custom)
2023-06-23 15:09:09,484 [aaefd232-7c4e-4e5c-bf06-1f2dae2e69ed-groupManagement] INFO  server.RaftServerConfigKeys (ConfUtils.java:logGet(46)) - raft.server.rpc.timeout.max = 5200ms (custom)
2023-06-23 15:09:09,484 [aaefd232-7c4e-4e5c-bf06-1f2dae2e69ed-groupManagement] INFO  server.RaftServerConfigKeys (ConfUtils.java:logGet(46)) - raft.server.rpc.sleep.time = 25ms (default)
2023-06-23 15:09:09,485 [aaefd232-7c4e-4e5c-bf06-1f2dae2e69ed-groupManagement] INFO  server.RaftServerConfigKeys (ConfUtils.java:logGet(46)) - raft.server.rpc.slowness.timeout = 300s (custom)
2023-06-23 15:09:09,485 [aaefd232-7c4e-4e5c-bf06-1f2dae2e69ed-groupManagement] INFO  server.RaftServerConfigKeys (ConfUtils.java:logGet(46)) - raft.server.leaderelection.leader.step-down.wait-time = 10s (default)
2023-06-23 15:09:09,485 [aaefd232-7c4e-4e5c-bf06-1f2dae2e69ed-groupManagement] INFO  server.RaftServerConfigKeys (ConfUtils.java:logGet(46)) - raft.server.sleep.deviation.threshold = 300ms (default)
2023-06-23 15:09:09,485 [aaefd232-7c4e-4e5c-bf06-1f2dae2e69ed-groupManagement] INFO  server.RaftServer$Division (ServerState.java:<init>(120)) - aaefd232-7c4e-4e5c-bf06-1f2dae2e69ed@group-CAB49B7B2D82: ConfigurationManager, init=-1: peers:[09b3ab32-5fcb-422b-914e-2ec4890cee3e|rpc:10.1.0.34:15059|admin:10.1.0.34:15058|client:10.1.0.34:15057|dataStream:10.1.0.34:15060|priority:0|startupRole:FOLLOWER, 00be7989-d8c1-4a83-aaf0-c8ed794c287b|rpc:10.1.0.34:15041|admin:10.1.0.34:15040|client:10.1.0.34:15039|dataStream:10.1.0.34:15042|priority:0|startupRole:FOLLOWER, aaefd232-7c4e-4e5c-bf06-1f2dae2e69ed|rpc:10.1.0.34:15050|admin:10.1.0.34:15049|client:10.1.0.34:15048|dataStream:10.1.0.34:15051|priority:1|startupRole:FOLLOWER]|listeners:[], old=null, confs=<EMPTY_MAP>
2023-06-23 15:09:09,485 [aaefd232-7c4e-4e5c-bf06-1f2dae2e69ed-groupManagement] INFO  server.RaftServerConfigKeys (ConfUtils.java:logGet(46)) - raft.server.storage.dir = [/home/runner/work/ozone/ozone/hadoop-ozone/integration-test/target/test-dir/MiniOzoneClusterImpl-741560ff-92e5-4b28-9778-2cf52193c8f3/datanode-4/data/ratis] (custom)
2023-06-23 15:09:09,485 [aaefd232-7c4e-4e5c-bf06-1f2dae2e69ed-groupManagement] INFO  server.RaftServerConfigKeys (ConfUtils.java:logGet(46)) - raft.server.log.corruption.policy = EXCEPTION (default)
2023-06-23 15:09:09,485 [aaefd232-7c4e-4e5c-bf06-1f2dae2e69ed-groupManagement] INFO  server.RaftServerConfigKeys (ConfUtils.java:logGet(46)) - raft.server.storage.free-space.min = 0MB (=0) (default)
2023-06-23 15:09:09,485 [aaefd232-7c4e-4e5c-bf06-1f2dae2e69ed-groupManagement] INFO  server.RaftServerConfigKeys (ConfUtils.java:logGet(46)) - raft.server.notification.no-leader.timeout = 300s (custom)
2023-06-23 15:09:09,485 [aaefd232-7c4e-4e5c-bf06-1f2dae2e69ed-groupManagement] INFO  server.RaftServerConfigKeys (ConfUtils.java:logGet(46)) - raft.server.read.timeout = 10s (default)
2023-06-23 15:09:09,485 [aaefd232-7c4e-4e5c-bf06-1f2dae2e69ed-groupManagement] INFO  server.RaftServerConfigKeys (ConfUtils.java:logGet(46)) - raft.server.retrycache.expirytime = 600000ms (custom)
2023-06-23 15:09:09,485 [aaefd232-7c4e-4e5c-bf06-1f2dae2e69ed-groupManagement] INFO  server.RaftServerConfigKeys (ConfUtils.java:logGet(46)) - raft.server.retrycache.statistics.expirytime = 100μs (default)
2023-06-23 15:09:09,485 [aaefd232-7c4e-4e5c-bf06-1f2dae2e69ed-groupManagement] INFO  server.RaftServerConfigKeys (ConfUtils.java:logGet(46)) - raft.server.read.option = DEFAULT (default)
2023-06-23 15:09:09,486 [aaefd232-7c4e-4e5c-bf06-1f2dae2e69ed-groupManagement] INFO  server.RaftServerConfigKeys (ConfUtils.java:logGet(46)) - raft.server.rpc.request.timeout = 60s (custom)
2023-06-23 15:09:09,486 [aaefd232-7c4e-4e5c-bf06-1f2dae2e69ed-groupManagement] INFO  server.RaftServerConfigKeys (ConfUtils.java:logGet(46)) - raft.server.log.appender.install.snapshot.enabled = false (custom)
2023-06-23 15:09:09,487 [aaefd232-7c4e-4e5c-bf06-1f2dae2e69ed-groupManagement] INFO  server.RaftServerConfigKeys (ConfUtils.java:logGet(46)) - raft.server.threadpool.server.cached = true (default)
2023-06-23 15:09:09,487 [aaefd232-7c4e-4e5c-bf06-1f2dae2e69ed-groupManagement] INFO  server.RaftServerConfigKeys (ConfUtils.java:logGet(46)) - raft.server.threadpool.server.size = 0 (default)
2023-06-23 15:09:09,487 [aaefd232-7c4e-4e5c-bf06-1f2dae2e69ed-groupManagement] INFO  server.RaftServerConfigKeys (ConfUtils.java:logGet(46)) - raft.server.threadpool.client.cached = true (default)
2023-06-23 15:09:09,487 [aaefd232-7c4e-4e5c-bf06-1f2dae2e69ed-groupManagement] INFO  server.RaftServerConfigKeys (ConfUtils.java:logGet(46)) - raft.server.threadpool.client.size = 0 (default)
2023-06-23 15:09:09,487 [aaefd232-7c4e-4e5c-bf06-1f2dae2e69ed-groupManagement] INFO  storage.RaftStorageDirectory (RaftStorageDirectoryImpl.java:analyzeStorage(137)) - The storage directory /home/runner/work/ozone/ozone/hadoop-ozone/integration-test/target/test-dir/MiniOzoneClusterImpl-741560ff-92e5-4b28-9778-2cf52193c8f3/datanode-4/data/ratis/7deec83e-52d7-49af-8d72-cab49b7b2d82 does not exist. Creating ...
2023-06-23 15:09:09,488 [aaefd232-7c4e-4e5c-bf06-1f2dae2e69ed-groupManagement] INFO  storage.RaftStorageDirectory (RaftStorageDirectoryImpl.java:tryLock(231)) - Lock on /home/runner/work/ozone/ozone/hadoop-ozone/integration-test/target/test-dir/MiniOzoneClusterImpl-741560ff-92e5-4b28-9778-2cf52193c8f3/datanode-4/data/ratis/7deec83e-52d7-49af-8d72-cab49b7b2d82/in_use.lock acquired by nodename 61630@fv-az424-541
2023-06-23 15:09:09,489 [aaefd232-7c4e-4e5c-bf06-1f2dae2e69ed-groupManagement] INFO  storage.RaftStorage (RaftStorageImpl.java:format(96)) - Storage directory /home/runner/work/ozone/ozone/hadoop-ozone/integration-test/target/test-dir/MiniOzoneClusterImpl-741560ff-92e5-4b28-9778-2cf52193c8f3/datanode-4/data/ratis/7deec83e-52d7-49af-8d72-cab49b7b2d82 has been successfully formatted.
2023-06-23 15:09:09,490 [aaefd232-7c4e-4e5c-bf06-1f2dae2e69ed-groupManagement] INFO  ratis.ContainerStateMachine (ContainerStateMachine.java:loadSnapshot(262)) - group-CAB49B7B2D82: The snapshot info is null. Setting the last applied indexto:(t:0, i:~)
2023-06-23 15:09:09,490 [aaefd232-7c4e-4e5c-bf06-1f2dae2e69ed-groupManagement] INFO  server.RaftServerConfigKeys (ConfUtils.java:logGet(46)) - raft.server.log.use.memory = false (default)
2023-06-23 15:09:09,491 [aaefd232-7c4e-4e5c-bf06-1f2dae2e69ed-groupManagement] INFO  server.RaftServerConfigKeys (ConfUtils.java:logGet(46)) - raft.server.log.purge.gap = 1000000 (custom)
2023-06-23 15:09:09,491 [aaefd232-7c4e-4e5c-bf06-1f2dae2e69ed-groupManagement] INFO  server.RaftServerConfigKeys (ConfUtils.java:logGet(46)) - raft.server.log.appender.buffer.byte-limit = 33554432 (custom)
2023-06-23 15:09:09,491 [aaefd232-7c4e-4e5c-bf06-1f2dae2e69ed-groupManagement] INFO  server.RaftServerConfigKeys (ConfUtils.java:logGet(46)) - raft.server.log.statemachine.data.read.timeout = 1000ms (default)
2023-06-23 15:09:09,491 [aaefd232-7c4e-4e5c-bf06-1f2dae2e69ed-groupManagement] INFO  server.RaftServerConfigKeys (ConfUtils.java:logGet(46)) - raft.server.log.purge.preservation.log.num = 0 (default)
2023-06-23 15:09:09,491 [aaefd232-7c4e-4e5c-bf06-1f2dae2e69ed-groupManagement] INFO  server.RaftServerConfigKeys (ConfUtils.java:logGet(46)) - raft.server.log.segment.size.max = 1048576 (custom)
2023-06-23 15:09:09,792 [main] INFO  ozone.MiniOzoneClusterImpl (MiniOzoneClusterImpl.java:lambda$waitForClusterToBeReady$0(224)) - Nodes are ready. Got 10 of 10 DN Heartbeats.
2023-06-23 15:09:09,798 [main] INFO  ozone.MiniOzoneClusterImpl (MiniOzoneClusterImpl.java:lambda$waitForClusterToBeReady$0(227)) - Waiting for cluster to exit safe mode
2023-06-23 15:09:09,798 [main] INFO  ozone.MiniOzoneClusterImpl (MiniOzoneClusterImpl.java:lambda$waitForClusterToBeReady$0(229)) - SCM became leader
2023-06-23 15:09:09,798 [aaefd232-7c4e-4e5c-bf06-1f2dae2e69ed-groupManagement] INFO  server.RaftServerConfigKeys (ConfUtils.java:logGet(46)) - raft.server.log.segment.cache.num.max = 2 (custom)
2023-06-23 15:09:09,803 [aaefd232-7c4e-4e5c-bf06-1f2dae2e69ed-groupManagement] INFO  server.RaftServerConfigKeys (ConfUtils.java:logGet(46)) - raft.server.log.segment.cache.size.max = 200MB (=209715200) (default)
2023-06-23 15:09:09,803 [aaefd232-7c4e-4e5c-bf06-1f2dae2e69ed-groupManagement] INFO  server.RaftServerConfigKeys (ConfUtils.java:logGet(46)) - raft.server.log.appender.buffer.byte-limit = 33554432 (custom)
2023-06-23 15:09:09,803 [aaefd232-7c4e-4e5c-bf06-1f2dae2e69ed-groupManagement] INFO  segmented.SegmentedRaftLogWorker (SegmentedRaftLogWorker.java:<init>(188)) - new aaefd232-7c4e-4e5c-bf06-1f2dae2e69ed@group-CAB49B7B2D82-SegmentedRaftLogWorker for RaftStorageImpl:Storage Directory /home/runner/work/ozone/ozone/hadoop-ozone/integration-test/target/test-dir/MiniOzoneClusterImpl-741560ff-92e5-4b28-9778-2cf52193c8f3/datanode-4/data/ratis/7deec83e-52d7-49af-8d72-cab49b7b2d82
2023-06-23 15:09:09,803 [aaefd232-7c4e-4e5c-bf06-1f2dae2e69ed-groupManagement] INFO  server.RaftServerConfigKeys (ConfUtils.java:logGet(46)) - raft.server.log.queue.byte-limit = 4294967296 (custom)
2023-06-23 15:09:09,803 [aaefd232-7c4e-4e5c-bf06-1f2dae2e69ed-groupManagement] INFO  server.RaftServerConfigKeys (ConfUtils.java:logGet(46)) - raft.server.log.queue.element-limit = 1024 (custom)
2023-06-23 15:09:09,804 [aaefd232-7c4e-4e5c-bf06-1f2dae2e69ed-groupManagement] INFO  server.RaftServerConfigKeys (ConfUtils.java:logGet(46)) - raft.server.log.segment.size.max = 1048576 (custom)
2023-06-23 15:09:09,804 [aaefd232-7c4e-4e5c-bf06-1f2dae2e69ed-groupManagement] INFO  server.RaftServerConfigKeys (ConfUtils.java:logGet(46)) - raft.server.log.preallocated.size = 16384 (custom)
2023-06-23 15:09:09,804 [aaefd232-7c4e-4e5c-bf06-1f2dae2e69ed-groupManagement] INFO  server.RaftServerConfigKeys (ConfUtils.java:logGet(46)) - raft.server.log.force.sync.num = 128 (default)
2023-06-23 15:09:09,804 [aaefd232-7c4e-4e5c-bf06-1f2dae2e69ed-groupManagement] INFO  server.RaftServerConfigKeys (ConfUtils.java:logGet(46)) - raft.server.log.statemachine.data.sync = true (default)
2023-06-23 15:09:09,804 [aaefd232-7c4e-4e5c-bf06-1f2dae2e69ed-groupManagement] INFO  server.RaftServerConfigKeys (ConfUtils.java:logGet(46)) - raft.server.log.statemachine.data.sync.timeout = 10s (default)
2023-06-23 15:09:09,804 [aaefd232-7c4e-4e5c-bf06-1f2dae2e69ed-groupManagement] INFO  server.RaftServerConfigKeys (ConfUtils.java:logGet(46)) - raft.server.log.statemachine.data.sync.timeout.retry = -1 (default)
2023-06-23 15:09:09,805 [aaefd232-7c4e-4e5c-bf06-1f2dae2e69ed-groupManagement] INFO  server.RaftServerConfigKeys (ConfUtils.java:logGet(46)) - raft.server.log.write.buffer.size = 1048576 (custom)
2023-06-23 15:09:09,805 [aaefd232-7c4e-4e5c-bf06-1f2dae2e69ed-groupManagement] INFO  server.RaftServerConfigKeys (ConfUtils.java:logGet(46)) - raft.server.log.appender.buffer.byte-limit = 33554432 (custom)
2023-06-23 15:09:09,794 [JvmPauseMonitor7] WARN  util.JvmPauseMonitor (JvmPauseMonitor.java:detectPause(124)) - JvmPauseMonitor-09b3ab32-5fcb-422b-914e-2ec4890cee3e: Detected pause in JVM or host machine approximately 0.261s with 0.299s GC time.
GC pool 'PS MarkSweep' had collection(s): count=1 time=299ms
2023-06-23 15:09:09,794 [PipelineCommandHandlerThread-0] INFO  server.RaftServer (RaftServerProxy.java:addNew(98)) - aaefd232-7c4e-4e5c-bf06-1f2dae2e69ed: addNew group-3F8223C2B45C:[aaefd232-7c4e-4e5c-bf06-1f2dae2e69ed|rpc:10.1.0.34:15050|admin:10.1.0.34:15049|client:10.1.0.34:15048|dataStream:10.1.0.34:15051|priority:1|startupRole:FOLLOWER] returns group-3F8223C2B45C:java.util.concurrent.CompletableFuture@2b4356d5[Not completed]
2023-06-23 15:09:09,794 [JvmPauseMonitor4] WARN  util.JvmPauseMonitor (JvmPauseMonitor.java:detectPause(124)) - JvmPauseMonitor-3f4ddf09-9f08-4efc-95be-1efd9e09d1d3: Detected pause in JVM or host machine approximately 0.184s with 0.299s GC time.
GC pool 'PS MarkSweep' had collection(s): count=1 time=299ms
2023-06-23 15:09:09,827 [aaefd232-7c4e-4e5c-bf06-1f2dae2e69ed-groupManagement] INFO  server.RaftServerConfigKeys (ConfUtils.java:logGet(46)) - raft.server.log.unsafe-flush.enabled = false (default)
2023-06-23 15:09:09,827 [aaefd232-7c4e-4e5c-bf06-1f2dae2e69ed-groupManagement] INFO  server.RaftServerConfigKeys (ConfUtils.java:logGet(46)) - raft.server.log.async-flush.enabled = false (default)
2023-06-23 15:09:09,827 [aaefd232-7c4e-4e5c-bf06-1f2dae2e69ed-groupManagement] INFO  server.RaftServerConfigKeys (ConfUtils.java:logGet(46)) - raft.server.log.statemachine.data.caching.enabled = true (custom)
2023-06-23 15:09:09,827 [aaefd232-7c4e-4e5c-bf06-1f2dae2e69ed-groupManagement] INFO  segmented.SegmentedRaftLogWorker (SegmentedRaftLogWorker.java:lambda$new$0(135)) - aaefd232-7c4e-4e5c-bf06-1f2dae2e69ed@group-CAB49B7B2D82-SegmentedRaftLogWorker: flushIndex: setUnconditionally 0 -> -1
2023-06-23 15:09:09,827 [aaefd232-7c4e-4e5c-bf06-1f2dae2e69ed-groupManagement] INFO  segmented.SegmentedRaftLogWorker (SegmentedRaftLogWorker.java:lambda$new$0(135)) - aaefd232-7c4e-4e5c-bf06-1f2dae2e69ed@group-CAB49B7B2D82-SegmentedRaftLogWorker: safeCacheEvictIndex: setUnconditionally 0 -> -1
2023-06-23 15:09:09,831 [aaefd232-7c4e-4e5c-bf06-1f2dae2e69ed-groupManagement] INFO  server.RaftServer$Division (RaftServerImpl.java:start(342)) - aaefd232-7c4e-4e5c-bf06-1f2dae2e69ed@group-CAB49B7B2D82: start as a follower, conf=-1: peers:[09b3ab32-5fcb-422b-914e-2ec4890cee3e|rpc:10.1.0.34:15059|admin:10.1.0.34:15058|client:10.1.0.34:15057|dataStream:10.1.0.34:15060|priority:0|startupRole:FOLLOWER, 00be7989-d8c1-4a83-aaf0-c8ed794c287b|rpc:10.1.0.34:15041|admin:10.1.0.34:15040|client:10.1.0.34:15039|dataStream:10.1.0.34:15042|priority:0|startupRole:FOLLOWER, aaefd232-7c4e-4e5c-bf06-1f2dae2e69ed|rpc:10.1.0.34:15050|admin:10.1.0.34:15049|client:10.1.0.34:15048|dataStream:10.1.0.34:15051|priority:1|startupRole:FOLLOWER]|listeners:[], old=null
2023-06-23 15:09:09,831 [aaefd232-7c4e-4e5c-bf06-1f2dae2e69ed-groupManagement] INFO  server.RaftServer$Division (RaftServerImpl.java:setRole(329)) - aaefd232-7c4e-4e5c-bf06-1f2dae2e69ed@group-CAB49B7B2D82: changes role from      null to FOLLOWER at term 0 for startAsFollower
2023-06-23 15:09:09,831 [aaefd232-7c4e-4e5c-bf06-1f2dae2e69ed-groupManagement] INFO  impl.RoleInfo (RoleInfo.java:updateAndGet(139)) - aaefd232-7c4e-4e5c-bf06-1f2dae2e69ed: start aaefd232-7c4e-4e5c-bf06-1f2dae2e69ed@group-CAB49B7B2D82-FollowerState
2023-06-23 15:09:09,832 [aaefd232-7c4e-4e5c-bf06-1f2dae2e69ed-groupManagement] INFO  util.JmxRegister (JmxRegister.java:tryRegister(44)) - Successfully registered JMX Bean with object name Ratis:service=RaftServer,group=group-CAB49B7B2D82,id=aaefd232-7c4e-4e5c-bf06-1f2dae2e69ed
2023-06-23 15:09:09,832 [aaefd232-7c4e-4e5c-bf06-1f2dae2e69ed-groupManagement] INFO  server.RaftServerConfigKeys (ConfUtils.java:logGet(46)) - raft.server.snapshot.auto.trigger.enabled = true (custom)
2023-06-23 15:09:09,832 [aaefd232-7c4e-4e5c-bf06-1f2dae2e69ed-groupManagement] INFO  server.RaftServerConfigKeys (ConfUtils.java:logGet(46)) - raft.server.snapshot.auto.trigger.threshold = 10000 (custom)
2023-06-23 15:09:09,832 [aaefd232-7c4e-4e5c-bf06-1f2dae2e69ed-groupManagement] INFO  server.RaftServerConfigKeys (ConfUtils.java:logGet(46)) - raft.server.snapshot.retention.file.num = 5 (custom)
2023-06-23 15:09:09,832 [aaefd232-7c4e-4e5c-bf06-1f2dae2e69ed-groupManagement] INFO  server.RaftServerConfigKeys (ConfUtils.java:logGet(46)) - raft.server.log.purge.upto.snapshot.index = false (default)
2023-06-23 15:09:09,832 [aaefd232-7c4e-4e5c-bf06-1f2dae2e69ed@group-CAB49B7B2D82-FollowerState] INFO  server.RaftServerConfigKeys (ConfUtils.java:logFallback(53)) - raft.server.rpc.first-election.timeout.min = 5s (fallback to raft.server.rpc.timeout.min)
2023-06-23 15:09:09,836 [aaefd232-7c4e-4e5c-bf06-1f2dae2e69ed@group-CAB49B7B2D82-FollowerState] INFO  server.RaftServerConfigKeys (ConfUtils.java:logFallback(53)) - raft.server.rpc.first-election.timeout.max = 5200ms (fallback to raft.server.rpc.timeout.max)
2023-06-23 15:09:09,835 [aaefd232-7c4e-4e5c-bf06-1f2dae2e69ed-groupManagement] INFO  server.RaftServer$Division (RaftServerImpl.java:<init>(198)) - aaefd232-7c4e-4e5c-bf06-1f2dae2e69ed: new RaftServerImpl for group-3F8223C2B45C:[aaefd232-7c4e-4e5c-bf06-1f2dae2e69ed|rpc:10.1.0.34:15050|admin:10.1.0.34:15049|client:10.1.0.34:15048|dataStream:10.1.0.34:15051|priority:1|startupRole:FOLLOWER] with ContainerStateMachine:uninitialized
2023-06-23 15:09:09,836 [aaefd232-7c4e-4e5c-bf06-1f2dae2e69ed-groupManagement] INFO  server.RaftServerConfigKeys (ConfUtils.java:logGet(46)) - raft.server.rpc.timeout.min = 5s (custom)
2023-06-23 15:09:09,836 [aaefd232-7c4e-4e5c-bf06-1f2dae2e69ed-groupManagement] INFO  server.RaftServerConfigKeys (ConfUtils.java:logGet(46)) - raft.server.rpc.timeout.max = 5200ms (custom)
2023-06-23 15:09:09,836 [aaefd232-7c4e-4e5c-bf06-1f2dae2e69ed-groupManagement] INFO  server.RaftServerConfigKeys (ConfUtils.java:logGet(46)) - raft.server.rpc.sleep.time = 25ms (default)
2023-06-23 15:09:09,836 [aaefd232-7c4e-4e5c-bf06-1f2dae2e69ed-groupManagement] INFO  server.RaftServerConfigKeys (ConfUtils.java:logGet(46)) - raft.server.rpc.slowness.timeout = 300s (custom)
2023-06-23 15:09:09,836 [aaefd232-7c4e-4e5c-bf06-1f2dae2e69ed-groupManagement] INFO  server.RaftServerConfigKeys (ConfUtils.java:logGet(46)) - raft.server.leaderelection.leader.step-down.wait-time = 10s (default)
2023-06-23 15:09:09,836 [aaefd232-7c4e-4e5c-bf06-1f2dae2e69ed-groupManagement] INFO  server.RaftServerConfigKeys (ConfUtils.java:logGet(46)) - raft.server.sleep.deviation.threshold = 300ms (default)
2023-06-23 15:09:09,836 [aaefd232-7c4e-4e5c-bf06-1f2dae2e69ed-groupManagement] INFO  server.RaftServer$Division (ServerState.java:<init>(120)) - aaefd232-7c4e-4e5c-bf06-1f2dae2e69ed@group-3F8223C2B45C: ConfigurationManager, init=-1: peers:[aaefd232-7c4e-4e5c-bf06-1f2dae2e69ed|rpc:10.1.0.34:15050|admin:10.1.0.34:15049|client:10.1.0.34:15048|dataStream:10.1.0.34:15051|priority:1|startupRole:FOLLOWER]|listeners:[], old=null, confs=<EMPTY_MAP>
2023-06-23 15:09:09,836 [aaefd232-7c4e-4e5c-bf06-1f2dae2e69ed-groupManagement] INFO  server.RaftServerConfigKeys (ConfUtils.java:logGet(46)) - raft.server.storage.dir = [/home/runner/work/ozone/ozone/hadoop-ozone/integration-test/target/test-dir/MiniOzoneClusterImpl-741560ff-92e5-4b28-9778-2cf52193c8f3/datanode-4/data/ratis] (custom)
2023-06-23 15:09:09,836 [aaefd232-7c4e-4e5c-bf06-1f2dae2e69ed-groupManagement] INFO  server.RaftServerConfigKeys (ConfUtils.java:logGet(46)) - raft.server.log.corruption.policy = EXCEPTION (default)
2023-06-23 15:09:09,836 [aaefd232-7c4e-4e5c-bf06-1f2dae2e69ed-groupManagement] INFO  server.RaftServerConfigKeys (ConfUtils.java:logGet(46)) - raft.server.storage.free-space.min = 0MB (=0) (default)
2023-06-23 15:09:09,837 [aaefd232-7c4e-4e5c-bf06-1f2dae2e69ed-groupManagement] INFO  server.RaftServerConfigKeys (ConfUtils.java:logGet(46)) - raft.server.notification.no-leader.timeout = 300s (custom)
2023-06-23 15:09:09,837 [aaefd232-7c4e-4e5c-bf06-1f2dae2e69ed-groupManagement] INFO  server.RaftServerConfigKeys (ConfUtils.java:logGet(46)) - raft.server.read.timeout = 10s (default)
2023-06-23 15:09:09,837 [aaefd232-7c4e-4e5c-bf06-1f2dae2e69ed-groupManagement] INFO  server.RaftServerConfigKeys (ConfUtils.java:logGet(46)) - raft.server.retrycache.expirytime = 600000ms (custom)
2023-06-23 15:09:09,837 [aaefd232-7c4e-4e5c-bf06-1f2dae2e69ed-groupManagement] INFO  server.RaftServerConfigKeys (ConfUtils.java:logGet(46)) - raft.server.retrycache.statistics.expirytime = 100μs (default)
2023-06-23 15:09:09,837 [aaefd232-7c4e-4e5c-bf06-1f2dae2e69ed-groupManagement] INFO  server.RaftServerConfigKeys (ConfUtils.java:logGet(46)) - raft.server.read.option = DEFAULT (default)
2023-06-23 15:09:09,838 [aaefd232-7c4e-4e5c-bf06-1f2dae2e69ed-groupManagement] INFO  server.RaftServerConfigKeys (ConfUtils.java:logGet(46)) - raft.server.rpc.request.timeout = 60s (custom)
2023-06-23 15:09:09,838 [aaefd232-7c4e-4e5c-bf06-1f2dae2e69ed-groupManagement] INFO  server.RaftServerConfigKeys (ConfUtils.java:logGet(46)) - raft.server.log.appender.install.snapshot.enabled = false (custom)
2023-06-23 15:09:09,838 [aaefd232-7c4e-4e5c-bf06-1f2dae2e69ed-groupManagement] INFO  server.RaftServerConfigKeys (ConfUtils.java:logGet(46)) - raft.server.threadpool.server.cached = true (default)
2023-06-23 15:09:09,838 [aaefd232-7c4e-4e5c-bf06-1f2dae2e69ed-groupManagement] INFO  server.RaftServerConfigKeys (ConfUtils.java:logGet(46)) - raft.server.threadpool.server.size = 0 (default)
2023-06-23 15:09:09,838 [aaefd232-7c4e-4e5c-bf06-1f2dae2e69ed-groupManagement] INFO  server.RaftServerConfigKeys (ConfUtils.java:logGet(46)) - raft.server.threadpool.client.cached = true (default)
2023-06-23 15:09:09,838 [aaefd232-7c4e-4e5c-bf06-1f2dae2e69ed-groupManagement] INFO  server.RaftServerConfigKeys (ConfUtils.java:logGet(46)) - raft.server.threadpool.client.size = 0 (default)
2023-06-23 15:09:09,838 [aaefd232-7c4e-4e5c-bf06-1f2dae2e69ed-groupManagement] INFO  storage.RaftStorageDirectory (RaftStorageDirectoryImpl.java:analyzeStorage(137)) - The storage directory /home/runner/work/ozone/ozone/hadoop-ozone/integration-test/target/test-dir/MiniOzoneClusterImpl-741560ff-92e5-4b28-9778-2cf52193c8f3/datanode-4/data/ratis/c27b3687-99cd-45c4-89cc-3f8223c2b45c does not exist. Creating ...
2023-06-23 15:09:09,839 [aaefd232-7c4e-4e5c-bf06-1f2dae2e69ed-groupManagement] INFO  storage.RaftStorageDirectory (RaftStorageDirectoryImpl.java:tryLock(231)) - Lock on /home/runner/work/ozone/ozone/hadoop-ozone/integration-test/target/test-dir/MiniOzoneClusterImpl-741560ff-92e5-4b28-9778-2cf52193c8f3/datanode-4/data/ratis/c27b3687-99cd-45c4-89cc-3f8223c2b45c/in_use.lock acquired by nodename 61630@fv-az424-541
2023-06-23 15:09:09,844 [aaefd232-7c4e-4e5c-bf06-1f2dae2e69ed-groupManagement] INFO  storage.RaftStorage (RaftStorageImpl.java:format(96)) - Storage directory /home/runner/work/ozone/ozone/hadoop-ozone/integration-test/target/test-dir/MiniOzoneClusterImpl-741560ff-92e5-4b28-9778-2cf52193c8f3/datanode-4/data/ratis/c27b3687-99cd-45c4-89cc-3f8223c2b45c has been successfully formatted.
2023-06-23 15:09:09,847 [EventQueue-PipelineReportForPipelineReportHandler] INFO  pipeline.PipelineManagerImpl (PipelineManagerImpl.java:openPipeline(381)) - Pipeline Pipeline[ Id: c27b3687-99cd-45c4-89cc-3f8223c2b45c, Nodes: aaefd232-7c4e-4e5c-bf06-1f2dae2e69ed(fv-az424-541.i1gjr3zuz4qevjy1zin2gin2ih.gx.internal.cloudapp.net/10.1.0.34), ReplicationConfig: RATIS/ONE, State:ALLOCATED, leaderId:aaefd232-7c4e-4e5c-bf06-1f2dae2e69ed, CreationTimestamp2023-06-23T15:09:06.678Z[Etc/UTC]] moved to OPEN state
2023-06-23 15:09:09,847 [EventQueue-OpenPipelineForHealthyPipelineSafeModeRule] INFO  safemode.SCMSafeModeManager (HealthyPipelineSafeModeRule.java:process(137)) - SCM in safe mode. Healthy pipelines reported count is 0, required healthy pipeline reported count is 1
2023-06-23 15:09:09,847 [aaefd232-7c4e-4e5c-bf06-1f2dae2e69ed-groupManagement] INFO  ratis.ContainerStateMachine (ContainerStateMachine.java:loadSnapshot(262)) - group-3F8223C2B45C: The snapshot info is null. Setting the last applied indexto:(t:0, i:~)
2023-06-23 15:09:09,847 [aaefd232-7c4e-4e5c-bf06-1f2dae2e69ed-groupManagement] INFO  server.RaftServerConfigKeys (ConfUtils.java:logGet(46)) - raft.server.log.use.memory = false (default)
2023-06-23 15:09:09,847 [aaefd232-7c4e-4e5c-bf06-1f2dae2e69ed-groupManagement] INFO  server.RaftServerConfigKeys (ConfUtils.java:logGet(46)) - raft.server.log.purge.gap = 1000000 (custom)
2023-06-23 15:09:09,848 [aaefd232-7c4e-4e5c-bf06-1f2dae2e69ed-groupManagement] INFO  server.RaftServerConfigKeys (ConfUtils.java:logGet(46)) - raft.server.log.appender.buffer.byte-limit = 33554432 (custom)
2023-06-23 15:09:09,848 [aaefd232-7c4e-4e5c-bf06-1f2dae2e69ed-groupManagement] INFO  server.RaftServerConfigKeys (ConfUtils.java:logGet(46)) - raft.server.log.statemachine.data.read.timeout = 1000ms (default)
2023-06-23 15:09:09,848 [aaefd232-7c4e-4e5c-bf06-1f2dae2e69ed-groupManagement] INFO  server.RaftServerConfigKeys (ConfUtils.java:logGet(46)) - raft.server.log.purge.preservation.log.num = 0 (default)
2023-06-23 15:09:09,848 [aaefd232-7c4e-4e5c-bf06-1f2dae2e69ed-groupManagement] INFO  server.RaftServerConfigKeys (ConfUtils.java:logGet(46)) - raft.server.log.segment.size.max = 1048576 (custom)
2023-06-23 15:09:09,848 [aaefd232-7c4e-4e5c-bf06-1f2dae2e69ed-groupManagement] INFO  server.RaftServerConfigKeys (ConfUtils.java:logGet(46)) - raft.server.log.segment.cache.num.max = 2 (custom)
2023-06-23 15:09:09,848 [aaefd232-7c4e-4e5c-bf06-1f2dae2e69ed-groupManagement] INFO  server.RaftServerConfigKeys (ConfUtils.java:logGet(46)) - raft.server.log.segment.cache.size.max = 200MB (=209715200) (default)
2023-06-23 15:09:09,848 [aaefd232-7c4e-4e5c-bf06-1f2dae2e69ed-groupManagement] INFO  server.RaftServerConfigKeys (ConfUtils.java:logGet(46)) - raft.server.log.appender.buffer.byte-limit = 33554432 (custom)
2023-06-23 15:09:09,848 [aaefd232-7c4e-4e5c-bf06-1f2dae2e69ed-groupManagement] INFO  segmented.SegmentedRaftLogWorker (SegmentedRaftLogWorker.java:<init>(188)) - new aaefd232-7c4e-4e5c-bf06-1f2dae2e69ed@group-3F8223C2B45C-SegmentedRaftLogWorker for RaftStorageImpl:Storage Directory /home/runner/work/ozone/ozone/hadoop-ozone/integration-test/target/test-dir/MiniOzoneClusterImpl-741560ff-92e5-4b28-9778-2cf52193c8f3/datanode-4/data/ratis/c27b3687-99cd-45c4-89cc-3f8223c2b45c
2023-06-23 15:09:09,848 [aaefd232-7c4e-4e5c-bf06-1f2dae2e69ed-groupManagement] INFO  server.RaftServerConfigKeys (ConfUtils.java:logGet(46)) - raft.server.log.queue.byte-limit = 4294967296 (custom)
2023-06-23 15:09:09,848 [aaefd232-7c4e-4e5c-bf06-1f2dae2e69ed-groupManagement] INFO  server.RaftServerConfigKeys (ConfUtils.java:logGet(46)) - raft.server.log.queue.element-limit = 1024 (custom)
2023-06-23 15:09:09,849 [aaefd232-7c4e-4e5c-bf06-1f2dae2e69ed-groupManagement] INFO  server.RaftServerConfigKeys (ConfUtils.java:logGet(46)) - raft.server.log.segment.size.max = 1048576 (custom)
2023-06-23 15:09:09,849 [aaefd232-7c4e-4e5c-bf06-1f2dae2e69ed-groupManagement] INFO  server.RaftServerConfigKeys (ConfUtils.java:logGet(46)) - raft.server.log.preallocated.size = 16384 (custom)
2023-06-23 15:09:09,849 [aaefd232-7c4e-4e5c-bf06-1f2dae2e69ed-groupManagement] INFO  server.RaftServerConfigKeys (ConfUtils.java:logGet(46)) - raft.server.log.force.sync.num = 128 (default)
2023-06-23 15:09:09,849 [aaefd232-7c4e-4e5c-bf06-1f2dae2e69ed-groupManagement] INFO  server.RaftServerConfigKeys (ConfUtils.java:logGet(46)) - raft.server.log.statemachine.data.sync = true (default)
2023-06-23 15:09:09,849 [aaefd232-7c4e-4e5c-bf06-1f2dae2e69ed-groupManagement] INFO  server.RaftServerConfigKeys (ConfUtils.java:logGet(46)) - raft.server.log.statemachine.data.sync.timeout = 10s (default)
2023-06-23 15:09:09,849 [aaefd232-7c4e-4e5c-bf06-1f2dae2e69ed-groupManagement] INFO  server.RaftServerConfigKeys (ConfUtils.java:logGet(46)) - raft.server.log.statemachine.data.sync.timeout.retry = -1 (default)
2023-06-23 15:09:09,850 [aaefd232-7c4e-4e5c-bf06-1f2dae2e69ed-groupManagement] INFO  server.RaftServerConfigKeys (ConfUtils.java:logGet(46)) - raft.server.log.write.buffer.size = 1048576 (custom)
2023-06-23 15:09:09,850 [aaefd232-7c4e-4e5c-bf06-1f2dae2e69ed-groupManagement] INFO  server.RaftServerConfigKeys (ConfUtils.java:logGet(46)) - raft.server.log.appender.buffer.byte-limit = 33554432 (custom)
2023-06-23 15:09:09,856 [aaefd232-7c4e-4e5c-bf06-1f2dae2e69ed-groupManagement] INFO  server.RaftServerConfigKeys (ConfUtils.java:logGet(46)) - raft.server.log.unsafe-flush.enabled = false (default)
2023-06-23 15:09:09,856 [aaefd232-7c4e-4e5c-bf06-1f2dae2e69ed-groupManagement] INFO  server.RaftServerConfigKeys (ConfUtils.java:logGet(46)) - raft.server.log.async-flush.enabled = false (default)
2023-06-23 15:09:09,856 [aaefd232-7c4e-4e5c-bf06-1f2dae2e69ed-groupManagement] INFO  server.RaftServerConfigKeys (ConfUtils.java:logGet(46)) - raft.server.log.statemachine.data.caching.enabled = true (custom)
2023-06-23 15:09:09,856 [aaefd232-7c4e-4e5c-bf06-1f2dae2e69ed-groupManagement] INFO  segmented.SegmentedRaftLogWorker (SegmentedRaftLogWorker.java:lambda$new$0(135)) - aaefd232-7c4e-4e5c-bf06-1f2dae2e69ed@group-3F8223C2B45C-SegmentedRaftLogWorker: flushIndex: setUnconditionally 0 -> -1
2023-06-23 15:09:09,856 [aaefd232-7c4e-4e5c-bf06-1f2dae2e69ed-groupManagement] INFO  segmented.SegmentedRaftLogWorker (SegmentedRaftLogWorker.java:lambda$new$0(135)) - aaefd232-7c4e-4e5c-bf06-1f2dae2e69ed@group-3F8223C2B45C-SegmentedRaftLogWorker: safeCacheEvictIndex: setUnconditionally 0 -> -1
2023-06-23 15:09:09,857 [aaefd232-7c4e-4e5c-bf06-1f2dae2e69ed-groupManagement] INFO  server.RaftServer$Division (RaftServerImpl.java:start(342)) - aaefd232-7c4e-4e5c-bf06-1f2dae2e69ed@group-3F8223C2B45C: start as a follower, conf=-1: peers:[aaefd232-7c4e-4e5c-bf06-1f2dae2e69ed|rpc:10.1.0.34:15050|admin:10.1.0.34:15049|client:10.1.0.34:15048|dataStream:10.1.0.34:15051|priority:1|startupRole:FOLLOWER]|listeners:[], old=null
2023-06-23 15:09:09,857 [aaefd232-7c4e-4e5c-bf06-1f2dae2e69ed-groupManagement] INFO  server.RaftServer$Division (RaftServerImpl.java:setRole(329)) - aaefd232-7c4e-4e5c-bf06-1f2dae2e69ed@group-3F8223C2B45C: changes role from      null to FOLLOWER at term 0 for startAsFollower
2023-06-23 15:09:09,859 [aaefd232-7c4e-4e5c-bf06-1f2dae2e69ed-groupManagement] INFO  impl.RoleInfo (RoleInfo.java:updateAndGet(139)) - aaefd232-7c4e-4e5c-bf06-1f2dae2e69ed: start aaefd232-7c4e-4e5c-bf06-1f2dae2e69ed@group-3F8223C2B45C-FollowerState
2023-06-23 15:09:09,861 [aaefd232-7c4e-4e5c-bf06-1f2dae2e69ed-groupManagement] INFO  util.JmxRegister (JmxRegister.java:tryRegister(44)) - Successfully registered JMX Bean with object name Ratis:service=RaftServer,group=group-3F8223C2B45C,id=aaefd232-7c4e-4e5c-bf06-1f2dae2e69ed
2023-06-23 15:09:09,861 [aaefd232-7c4e-4e5c-bf06-1f2dae2e69ed-groupManagement] INFO  server.RaftServerConfigKeys (ConfUtils.java:logGet(46)) - raft.server.snapshot.auto.trigger.enabled = true (custom)
2023-06-23 15:09:09,861 [aaefd232-7c4e-4e5c-bf06-1f2dae2e69ed-groupManagement] INFO  server.RaftServerConfigKeys (ConfUtils.java:logGet(46)) - raft.server.snapshot.auto.trigger.threshold = 10000 (custom)
2023-06-23 15:09:09,861 [aaefd232-7c4e-4e5c-bf06-1f2dae2e69ed-groupManagement] INFO  server.RaftServerConfigKeys (ConfUtils.java:logGet(46)) - raft.server.snapshot.retention.file.num = 5 (custom)
2023-06-23 15:09:09,861 [aaefd232-7c4e-4e5c-bf06-1f2dae2e69ed-groupManagement] INFO  server.RaftServerConfigKeys (ConfUtils.java:logGet(46)) - raft.server.log.purge.upto.snapshot.index = false (default)
2023-06-23 15:09:09,863 [PipelineCommandHandlerThread-0] INFO  ratis.XceiverServerRatis (XceiverServerRatis.java:addGroup(804)) - Created group PipelineID=c27b3687-99cd-45c4-89cc-3f8223c2b45c
2023-06-23 15:09:09,863 [aaefd232-7c4e-4e5c-bf06-1f2dae2e69ed@group-3F8223C2B45C-FollowerState] INFO  server.RaftServerConfigKeys (ConfUtils.java:logFallback(53)) - raft.server.rpc.first-election.timeout.min = 5s (fallback to raft.server.rpc.timeout.min)
2023-06-23 15:09:09,863 [PipelineCommandHandlerThread-0] INFO  commandhandler.CreatePipelineCommandHandler (CreatePipelineCommandHandler.java:lambda$handle$2(124)) - Created Pipeline RATIS ONE PipelineID=c27b3687-99cd-45c4-89cc-3f8223c2b45c.
2023-06-23 15:09:09,864 [aaefd232-7c4e-4e5c-bf06-1f2dae2e69ed@group-3F8223C2B45C-FollowerState] INFO  server.RaftServerConfigKeys (ConfUtils.java:logFallback(53)) - raft.server.rpc.first-election.timeout.max = 5200ms (fallback to raft.server.rpc.timeout.max)
2023-06-23 15:09:09,868 [PipelineCommandHandlerThread-0] INFO  commandhandler.CreatePipelineCommandHandler (CreatePipelineCommandHandler.java:lambda$handle$2(124)) - Created Pipeline RATIS THREE PipelineID=7deec83e-52d7-49af-8d72-cab49b7b2d82.
2023-06-23 15:09:09,871 [PipelineCommandHandlerThread-0] INFO  server.RaftServer (RaftServerProxy.java:addNew(98)) - aaefd232-7c4e-4e5c-bf06-1f2dae2e69ed: addNew group-2203FC5028F8:[09b3ab32-5fcb-422b-914e-2ec4890cee3e|rpc:10.1.0.34:15059|admin:10.1.0.34:15058|client:10.1.0.34:15057|dataStream:10.1.0.34:15060|priority:1|startupRole:FOLLOWER, 00be7989-d8c1-4a83-aaf0-c8ed794c287b|rpc:10.1.0.34:15041|admin:10.1.0.34:15040|client:10.1.0.34:15039|dataStream:10.1.0.34:15042|priority:0|startupRole:FOLLOWER, aaefd232-7c4e-4e5c-bf06-1f2dae2e69ed|rpc:10.1.0.34:15050|admin:10.1.0.34:15049|client:10.1.0.34:15048|dataStream:10.1.0.34:15051|priority:0|startupRole:FOLLOWER] returns group-2203FC5028F8:java.util.concurrent.CompletableFuture@2584adcd[Not completed]
2023-06-23 15:09:09,872 [aaefd232-7c4e-4e5c-bf06-1f2dae2e69ed-groupManagement] INFO  server.RaftServer$Division (RaftServerImpl.java:<init>(198)) - aaefd232-7c4e-4e5c-bf06-1f2dae2e69ed: new RaftServerImpl for group-2203FC5028F8:[09b3ab32-5fcb-422b-914e-2ec4890cee3e|rpc:10.1.0.34:15059|admin:10.1.0.34:15058|client:10.1.0.34:15057|dataStream:10.1.0.34:15060|priority:1|startupRole:FOLLOWER, 00be7989-d8c1-4a83-aaf0-c8ed794c287b|rpc:10.1.0.34:15041|admin:10.1.0.34:15040|client:10.1.0.34:15039|dataStream:10.1.0.34:15042|priority:0|startupRole:FOLLOWER, aaefd232-7c4e-4e5c-bf06-1f2dae2e69ed|rpc:10.1.0.34:15050|admin:10.1.0.34:15049|client:10.1.0.34:15048|dataStream:10.1.0.34:15051|priority:0|startupRole:FOLLOWER] with ContainerStateMachine:uninitialized
2023-06-23 15:09:09,872 [aaefd232-7c4e-4e5c-bf06-1f2dae2e69ed-groupManagement] INFO  server.RaftServerConfigKeys (ConfUtils.java:logGet(46)) - raft.server.rpc.timeout.min = 5s (custom)
2023-06-23 15:09:09,872 [aaefd232-7c4e-4e5c-bf06-1f2dae2e69ed-groupManagement] INFO  server.RaftServerConfigKeys (ConfUtils.java:logGet(46)) - raft.server.rpc.timeout.max = 5200ms (custom)
2023-06-23 15:09:09,872 [aaefd232-7c4e-4e5c-bf06-1f2dae2e69ed-groupManagement] INFO  server.RaftServerConfigKeys (ConfUtils.java:logGet(46)) - raft.server.rpc.sleep.time = 25ms (default)
2023-06-23 15:09:09,872 [aaefd232-7c4e-4e5c-bf06-1f2dae2e69ed-groupManagement] INFO  server.RaftServerConfigKeys (ConfUtils.java:logGet(46)) - raft.server.rpc.slowness.timeout = 300s (custom)
2023-06-23 15:09:09,872 [aaefd232-7c4e-4e5c-bf06-1f2dae2e69ed-groupManagement] INFO  server.RaftServerConfigKeys (ConfUtils.java:logGet(46)) - raft.server.leaderelection.leader.step-down.wait-time = 10s (default)
2023-06-23 15:09:09,872 [aaefd232-7c4e-4e5c-bf06-1f2dae2e69ed-groupManagement] INFO  server.RaftServerConfigKeys (ConfUtils.java:logGet(46)) - raft.server.sleep.deviation.threshold = 300ms (default)
2023-06-23 15:09:09,873 [aaefd232-7c4e-4e5c-bf06-1f2dae2e69ed-groupManagement] INFO  server.RaftServer$Division (ServerState.java:<init>(120)) - aaefd232-7c4e-4e5c-bf06-1f2dae2e69ed@group-2203FC5028F8: ConfigurationManager, init=-1: peers:[09b3ab32-5fcb-422b-914e-2ec4890cee3e|rpc:10.1.0.34:15059|admin:10.1.0.34:15058|client:10.1.0.34:15057|dataStream:10.1.0.34:15060|priority:1|startupRole:FOLLOWER, 00be7989-d8c1-4a83-aaf0-c8ed794c287b|rpc:10.1.0.34:15041|admin:10.1.0.34:15040|client:10.1.0.34:15039|dataStream:10.1.0.34:15042|priority:0|startupRole:FOLLOWER, aaefd232-7c4e-4e5c-bf06-1f2dae2e69ed|rpc:10.1.0.34:15050|admin:10.1.0.34:15049|client:10.1.0.34:15048|dataStream:10.1.0.34:15051|priority:0|startupRole:FOLLOWER]|listeners:[], old=null, confs=<EMPTY_MAP>
2023-06-23 15:09:09,873 [aaefd232-7c4e-4e5c-bf06-1f2dae2e69ed-groupManagement] INFO  server.RaftServerConfigKeys (ConfUtils.java:logGet(46)) - raft.server.storage.dir = [/home/runner/work/ozone/ozone/hadoop-ozone/integration-test/target/test-dir/MiniOzoneClusterImpl-741560ff-92e5-4b28-9778-2cf52193c8f3/datanode-4/data/ratis] (custom)
2023-06-23 15:09:09,873 [aaefd232-7c4e-4e5c-bf06-1f2dae2e69ed-groupManagement] INFO  server.RaftServerConfigKeys (ConfUtils.java:logGet(46)) - raft.server.log.corruption.policy = EXCEPTION (default)
2023-06-23 15:09:09,873 [aaefd232-7c4e-4e5c-bf06-1f2dae2e69ed-groupManagement] INFO  server.RaftServerConfigKeys (ConfUtils.java:logGet(46)) - raft.server.storage.free-space.min = 0MB (=0) (default)
2023-06-23 15:09:09,873 [aaefd232-7c4e-4e5c-bf06-1f2dae2e69ed-groupManagement] INFO  server.RaftServerConfigKeys (ConfUtils.java:logGet(46)) - raft.server.notification.no-leader.timeout = 300s (custom)
2023-06-23 15:09:09,873 [aaefd232-7c4e-4e5c-bf06-1f2dae2e69ed-groupManagement] INFO  server.RaftServerConfigKeys (ConfUtils.java:logGet(46)) - raft.server.read.timeout = 10s (default)
2023-06-23 15:09:09,873 [aaefd232-7c4e-4e5c-bf06-1f2dae2e69ed-groupManagement] INFO  server.RaftServerConfigKeys (ConfUtils.java:logGet(46)) - raft.server.retrycache.expirytime = 600000ms (custom)
2023-06-23 15:09:09,874 [aaefd232-7c4e-4e5c-bf06-1f2dae2e69ed-groupManagement] INFO  server.RaftServerConfigKeys (ConfUtils.java:logGet(46)) - raft.server.retrycache.statistics.expirytime = 100μs (default)
2023-06-23 15:09:09,874 [aaefd232-7c4e-4e5c-bf06-1f2dae2e69ed-groupManagement] INFO  server.RaftServerConfigKeys (ConfUtils.java:logGet(46)) - raft.server.read.option = DEFAULT (default)
2023-06-23 15:09:09,875 [aaefd232-7c4e-4e5c-bf06-1f2dae2e69ed-groupManagement] INFO  server.RaftServerConfigKeys (ConfUtils.java:logGet(46)) - raft.server.rpc.request.timeout = 60s (custom)
2023-06-23 15:09:09,875 [aaefd232-7c4e-4e5c-bf06-1f2dae2e69ed-groupManagement] INFO  server.RaftServerConfigKeys (ConfUtils.java:logGet(46)) - raft.server.log.appender.install.snapshot.enabled = false (custom)
2023-06-23 15:09:09,875 [aaefd232-7c4e-4e5c-bf06-1f2dae2e69ed-groupManagement] INFO  server.RaftServerConfigKeys (ConfUtils.java:logGet(46)) - raft.server.threadpool.server.cached = true (default)
2023-06-23 15:09:09,875 [aaefd232-7c4e-4e5c-bf06-1f2dae2e69ed-groupManagement] INFO  server.RaftServerConfigKeys (ConfUtils.java:logGet(46)) - raft.server.threadpool.server.size = 0 (default)
2023-06-23 15:09:09,875 [aaefd232-7c4e-4e5c-bf06-1f2dae2e69ed-groupManagement] INFO  server.RaftServerConfigKeys (ConfUtils.java:logGet(46)) - raft.server.threadpool.client.cached = true (default)
2023-06-23 15:09:09,875 [aaefd232-7c4e-4e5c-bf06-1f2dae2e69ed-groupManagement] INFO  server.RaftServerConfigKeys (ConfUtils.java:logGet(46)) - raft.server.threadpool.client.size = 0 (default)
2023-06-23 15:09:09,875 [aaefd232-7c4e-4e5c-bf06-1f2dae2e69ed-groupManagement] INFO  storage.RaftStorageDirectory (RaftStorageDirectoryImpl.java:analyzeStorage(137)) - The storage directory /home/runner/work/ozone/ozone/hadoop-ozone/integration-test/target/test-dir/MiniOzoneClusterImpl-741560ff-92e5-4b28-9778-2cf52193c8f3/datanode-4/data/ratis/69d671e8-1ffb-428d-a945-2203fc5028f8 does not exist. Creating ...
2023-06-23 15:09:09,876 [00be7989-d8c1-4a83-aaf0-c8ed794c287b-groupManagement] INFO  server.RaftServer$Division (RaftServerImpl.java:<init>(198)) - 00be7989-d8c1-4a83-aaf0-c8ed794c287b: new RaftServerImpl for group-2203FC5028F8:[09b3ab32-5fcb-422b-914e-2ec4890cee3e|rpc:10.1.0.34:15059|admin:10.1.0.34:15058|client:10.1.0.34:15057|dataStream:10.1.0.34:15060|priority:1|startupRole:FOLLOWER, 00be7989-d8c1-4a83-aaf0-c8ed794c287b|rpc:10.1.0.34:15041|admin:10.1.0.34:15040|client:10.1.0.34:15039|dataStream:10.1.0.34:15042|priority:0|startupRole:FOLLOWER, aaefd232-7c4e-4e5c-bf06-1f2dae2e69ed|rpc:10.1.0.34:15050|admin:10.1.0.34:15049|client:10.1.0.34:15048|dataStream:10.1.0.34:15051|priority:0|startupRole:FOLLOWER] with ContainerStateMachine:uninitialized
2023-06-23 15:09:09,883 [00be7989-d8c1-4a83-aaf0-c8ed794c287b-groupManagement] INFO  server.RaftServerConfigKeys (ConfUtils.java:logGet(46)) - raft.server.rpc.timeout.min = 5s (custom)
2023-06-23 15:09:09,883 [00be7989-d8c1-4a83-aaf0-c8ed794c287b-groupManagement] INFO  server.RaftServerConfigKeys (ConfUtils.java:logGet(46)) - raft.server.rpc.timeout.max = 5200ms (custom)
2023-06-23 15:09:09,883 [00be7989-d8c1-4a83-aaf0-c8ed794c287b-groupManagement] INFO  server.RaftServerConfigKeys (ConfUtils.java:logGet(46)) - raft.server.rpc.sleep.time = 25ms (default)
2023-06-23 15:09:09,883 [00be7989-d8c1-4a83-aaf0-c8ed794c287b-groupManagement] INFO  server.RaftServerConfigKeys (ConfUtils.java:logGet(46)) - raft.server.rpc.slowness.timeout = 300s (custom)
2023-06-23 15:09:09,883 [00be7989-d8c1-4a83-aaf0-c8ed794c287b-groupManagement] INFO  server.RaftServerConfigKeys (ConfUtils.java:logGet(46)) - raft.server.leaderelection.leader.step-down.wait-time = 10s (default)
2023-06-23 15:09:09,883 [00be7989-d8c1-4a83-aaf0-c8ed794c287b-groupManagement] INFO  server.RaftServerConfigKeys (ConfUtils.java:logGet(46)) - raft.server.sleep.deviation.threshold = 300ms (default)
2023-06-23 15:09:09,883 [00be7989-d8c1-4a83-aaf0-c8ed794c287b-groupManagement] INFO  server.RaftServer$Division (ServerState.java:<init>(120)) - 00be7989-d8c1-4a83-aaf0-c8ed794c287b@group-2203FC5028F8: ConfigurationManager, init=-1: peers:[09b3ab32-5fcb-422b-914e-2ec4890cee3e|rpc:10.1.0.34:15059|admin:10.1.0.34:15058|client:10.1.0.34:15057|dataStream:10.1.0.34:15060|priority:1|startupRole:FOLLOWER, 00be7989-d8c1-4a83-aaf0-c8ed794c287b|rpc:10.1.0.34:15041|admin:10.1.0.34:15040|client:10.1.0.34:15039|dataStream:10.1.0.34:15042|priority:0|startupRole:FOLLOWER, aaefd232-7c4e-4e5c-bf06-1f2dae2e69ed|rpc:10.1.0.34:15050|admin:10.1.0.34:15049|client:10.1.0.34:15048|dataStream:10.1.0.34:15051|priority:0|startupRole:FOLLOWER]|listeners:[], old=null, confs=<EMPTY_MAP>
2023-06-23 15:09:09,871 [PipelineCommandHandlerThread-0] INFO  server.RaftServer (RaftServerProxy.java:addNew(98)) - 00be7989-d8c1-4a83-aaf0-c8ed794c287b: addNew group-2203FC5028F8:[09b3ab32-5fcb-422b-914e-2ec4890cee3e|rpc:10.1.0.34:15059|admin:10.1.0.34:15058|client:10.1.0.34:15057|dataStream:10.1.0.34:15060|priority:1|startupRole:FOLLOWER, 00be7989-d8c1-4a83-aaf0-c8ed794c287b|rpc:10.1.0.34:15041|admin:10.1.0.34:15040|client:10.1.0.34:15039|dataStream:10.1.0.34:15042|priority:0|startupRole:FOLLOWER, aaefd232-7c4e-4e5c-bf06-1f2dae2e69ed|rpc:10.1.0.34:15050|admin:10.1.0.34:15049|client:10.1.0.34:15048|dataStream:10.1.0.34:15051|priority:0|startupRole:FOLLOWER] returns group-2203FC5028F8:java.util.concurrent.CompletableFuture@3dd79f69[Not completed]
2023-06-23 15:09:09,884 [aaefd232-7c4e-4e5c-bf06-1f2dae2e69ed-groupManagement] INFO  storage.RaftStorageDirectory (RaftStorageDirectoryImpl.java:tryLock(231)) - Lock on /home/runner/work/ozone/ozone/hadoop-ozone/integration-test/target/test-dir/MiniOzoneClusterImpl-741560ff-92e5-4b28-9778-2cf52193c8f3/datanode-4/data/ratis/69d671e8-1ffb-428d-a945-2203fc5028f8/in_use.lock acquired by nodename 61630@fv-az424-541
2023-06-23 15:09:09,883 [00be7989-d8c1-4a83-aaf0-c8ed794c287b-groupManagement] INFO  server.RaftServerConfigKeys (ConfUtils.java:logGet(46)) - raft.server.storage.dir = [/home/runner/work/ozone/ozone/hadoop-ozone/integration-test/target/test-dir/MiniOzoneClusterImpl-741560ff-92e5-4b28-9778-2cf52193c8f3/datanode-3/data/ratis] (custom)
2023-06-23 15:09:09,887 [00be7989-d8c1-4a83-aaf0-c8ed794c287b-groupManagement] INFO  server.RaftServerConfigKeys (ConfUtils.java:logGet(46)) - raft.server.log.corruption.policy = EXCEPTION (default)
2023-06-23 15:09:09,887 [00be7989-d8c1-4a83-aaf0-c8ed794c287b-groupManagement] INFO  server.RaftServerConfigKeys (ConfUtils.java:logGet(46)) - raft.server.storage.free-space.min = 0MB (=0) (default)
2023-06-23 15:09:09,888 [00be7989-d8c1-4a83-aaf0-c8ed794c287b-groupManagement] INFO  server.RaftServerConfigKeys (ConfUtils.java:logGet(46)) - raft.server.notification.no-leader.timeout = 300s (custom)
2023-06-23 15:09:09,888 [00be7989-d8c1-4a83-aaf0-c8ed794c287b-groupManagement] INFO  server.RaftServerConfigKeys (ConfUtils.java:logGet(46)) - raft.server.read.timeout = 10s (default)
2023-06-23 15:09:09,888 [00be7989-d8c1-4a83-aaf0-c8ed794c287b-groupManagement] INFO  server.RaftServerConfigKeys (ConfUtils.java:logGet(46)) - raft.server.retrycache.expirytime = 600000ms (custom)
2023-06-23 15:09:09,888 [00be7989-d8c1-4a83-aaf0-c8ed794c287b-groupManagement] INFO  server.RaftServerConfigKeys (ConfUtils.java:logGet(46)) - raft.server.retrycache.statistics.expirytime = 100μs (default)
2023-06-23 15:09:09,888 [00be7989-d8c1-4a83-aaf0-c8ed794c287b-groupManagement] INFO  server.RaftServerConfigKeys (ConfUtils.java:logGet(46)) - raft.server.read.option = DEFAULT (default)
2023-06-23 15:09:09,889 [00be7989-d8c1-4a83-aaf0-c8ed794c287b-groupManagement] INFO  server.RaftServerConfigKeys (ConfUtils.java:logGet(46)) - raft.server.rpc.request.timeout = 60s (custom)
2023-06-23 15:09:09,889 [00be7989-d8c1-4a83-aaf0-c8ed794c287b-groupManagement] INFO  server.RaftServerConfigKeys (ConfUtils.java:logGet(46)) - raft.server.log.appender.install.snapshot.enabled = false (custom)
2023-06-23 15:09:09,889 [00be7989-d8c1-4a83-aaf0-c8ed794c287b-groupManagement] INFO  server.RaftServerConfigKeys (ConfUtils.java:logGet(46)) - raft.server.threadpool.server.cached = true (default)
2023-06-23 15:09:09,889 [00be7989-d8c1-4a83-aaf0-c8ed794c287b-groupManagement] INFO  server.RaftServerConfigKeys (ConfUtils.java:logGet(46)) - raft.server.threadpool.server.size = 0 (default)
2023-06-23 15:09:09,889 [00be7989-d8c1-4a83-aaf0-c8ed794c287b-groupManagement] INFO  server.RaftServerConfigKeys (ConfUtils.java:logGet(46)) - raft.server.threadpool.client.cached = true (default)
2023-06-23 15:09:09,889 [00be7989-d8c1-4a83-aaf0-c8ed794c287b-groupManagement] INFO  server.RaftServerConfigKeys (ConfUtils.java:logGet(46)) - raft.server.threadpool.client.size = 0 (default)
2023-06-23 15:09:09,889 [00be7989-d8c1-4a83-aaf0-c8ed794c287b-groupManagement] INFO  storage.RaftStorageDirectory (RaftStorageDirectoryImpl.java:analyzeStorage(137)) - The storage directory /home/runner/work/ozone/ozone/hadoop-ozone/integration-test/target/test-dir/MiniOzoneClusterImpl-741560ff-92e5-4b28-9778-2cf52193c8f3/datanode-3/data/ratis/69d671e8-1ffb-428d-a945-2203fc5028f8 does not exist. Creating ...
2023-06-23 15:09:09,887 [aaefd232-7c4e-4e5c-bf06-1f2dae2e69ed-groupManagement] INFO  storage.RaftStorage (RaftStorageImpl.java:format(96)) - Storage directory /home/runner/work/ozone/ozone/hadoop-ozone/integration-test/target/test-dir/MiniOzoneClusterImpl-741560ff-92e5-4b28-9778-2cf52193c8f3/datanode-4/data/ratis/69d671e8-1ffb-428d-a945-2203fc5028f8 has been successfully formatted.
2023-06-23 15:09:09,890 [aaefd232-7c4e-4e5c-bf06-1f2dae2e69ed-groupManagement] INFO  ratis.ContainerStateMachine (ContainerStateMachine.java:loadSnapshot(262)) - group-2203FC5028F8: The snapshot info is null. Setting the last applied indexto:(t:0, i:~)
2023-06-23 15:09:09,890 [aaefd232-7c4e-4e5c-bf06-1f2dae2e69ed-groupManagement] INFO  server.RaftServerConfigKeys (ConfUtils.java:logGet(46)) - raft.server.log.use.memory = false (default)
2023-06-23 15:09:09,890 [aaefd232-7c4e-4e5c-bf06-1f2dae2e69ed-groupManagement] INFO  server.RaftServerConfigKeys (ConfUtils.java:logGet(46)) - raft.server.log.purge.gap = 1000000 (custom)
2023-06-23 15:09:09,890 [aaefd232-7c4e-4e5c-bf06-1f2dae2e69ed-groupManagement] INFO  server.RaftServerConfigKeys (ConfUtils.java:logGet(46)) - raft.server.log.appender.buffer.byte-limit = 33554432 (custom)
2023-06-23 15:09:09,890 [aaefd232-7c4e-4e5c-bf06-1f2dae2e69ed-groupManagement] INFO  server.RaftServerConfigKeys (ConfUtils.java:logGet(46)) - raft.server.log.statemachine.data.read.timeout = 1000ms (default)
2023-06-23 15:09:09,890 [aaefd232-7c4e-4e5c-bf06-1f2dae2e69ed-groupManagement] INFO  server.RaftServerConfigKeys (ConfUtils.java:logGet(46)) - raft.server.log.purge.preservation.log.num = 0 (default)
2023-06-23 15:09:09,890 [aaefd232-7c4e-4e5c-bf06-1f2dae2e69ed-groupManagement] INFO  server.RaftServerConfigKeys (ConfUtils.java:logGet(46)) - raft.server.log.segment.size.max = 1048576 (custom)
2023-06-23 15:09:09,891 [aaefd232-7c4e-4e5c-bf06-1f2dae2e69ed-groupManagement] INFO  server.RaftServerConfigKeys (ConfUtils.java:logGet(46)) - raft.server.log.segment.cache.num.max = 2 (custom)
2023-06-23 15:09:09,891 [aaefd232-7c4e-4e5c-bf06-1f2dae2e69ed-groupManagement] INFO  server.RaftServerConfigKeys (ConfUtils.java:logGet(46)) - raft.server.log.segment.cache.size.max = 200MB (=209715200) (default)
2023-06-23 15:09:09,891 [aaefd232-7c4e-4e5c-bf06-1f2dae2e69ed-groupManagement] INFO  server.RaftServerConfigKeys (ConfUtils.java:logGet(46)) - raft.server.log.appender.buffer.byte-limit = 33554432 (custom)
2023-06-23 15:09:09,891 [aaefd232-7c4e-4e5c-bf06-1f2dae2e69ed-groupManagement] INFO  segmented.SegmentedRaftLogWorker (SegmentedRaftLogWorker.java:<init>(188)) - new aaefd232-7c4e-4e5c-bf06-1f2dae2e69ed@group-2203FC5028F8-SegmentedRaftLogWorker for RaftStorageImpl:Storage Directory /home/runner/work/ozone/ozone/hadoop-ozone/integration-test/target/test-dir/MiniOzoneClusterImpl-741560ff-92e5-4b28-9778-2cf52193c8f3/datanode-4/data/ratis/69d671e8-1ffb-428d-a945-2203fc5028f8
2023-06-23 15:09:09,891 [aaefd232-7c4e-4e5c-bf06-1f2dae2e69ed-groupManagement] INFO  server.RaftServerConfigKeys (ConfUtils.java:logGet(46)) - raft.server.log.queue.byte-limit = 4294967296 (custom)
2023-06-23 15:09:09,891 [aaefd232-7c4e-4e5c-bf06-1f2dae2e69ed-groupManagement] INFO  server.RaftServerConfigKeys (ConfUtils.java:logGet(46)) - raft.server.log.queue.element-limit = 1024 (custom)
2023-06-23 15:09:09,891 [aaefd232-7c4e-4e5c-bf06-1f2dae2e69ed-groupManagement] INFO  server.RaftServerConfigKeys (ConfUtils.java:logGet(46)) - raft.server.log.segment.size.max = 1048576 (custom)
2023-06-23 15:09:09,891 [aaefd232-7c4e-4e5c-bf06-1f2dae2e69ed-groupManagement] INFO  server.RaftServerConfigKeys (ConfUtils.java:logGet(46)) - raft.server.log.preallocated.size = 16384 (custom)
2023-06-23 15:09:09,891 [aaefd232-7c4e-4e5c-bf06-1f2dae2e69ed-groupManagement] INFO  server.RaftServerConfigKeys (ConfUtils.java:logGet(46)) - raft.server.log.force.sync.num = 128 (default)
2023-06-23 15:09:09,891 [aaefd232-7c4e-4e5c-bf06-1f2dae2e69ed-groupManagement] INFO  server.RaftServerConfigKeys (ConfUtils.java:logGet(46)) - raft.server.log.statemachine.data.sync = true (default)
2023-06-23 15:09:09,892 [aaefd232-7c4e-4e5c-bf06-1f2dae2e69ed-groupManagement] INFO  server.RaftServerConfigKeys (ConfUtils.java:logGet(46)) - raft.server.log.statemachine.data.sync.timeout = 10s (default)
2023-06-23 15:09:09,892 [aaefd232-7c4e-4e5c-bf06-1f2dae2e69ed-groupManagement] INFO  server.RaftServerConfigKeys (ConfUtils.java:logGet(46)) - raft.server.log.statemachine.data.sync.timeout.retry = -1 (default)
2023-06-23 15:09:09,893 [00be7989-d8c1-4a83-aaf0-c8ed794c287b-groupManagement] INFO  storage.RaftStorageDirectory (RaftStorageDirectoryImpl.java:tryLock(231)) - Lock on /home/runner/work/ozone/ozone/hadoop-ozone/integration-test/target/test-dir/MiniOzoneClusterImpl-741560ff-92e5-4b28-9778-2cf52193c8f3/datanode-3/data/ratis/69d671e8-1ffb-428d-a945-2203fc5028f8/in_use.lock acquired by nodename 61630@fv-az424-541
2023-06-23 15:09:09,893 [EventQueue-OpenPipelineForHealthyPipelineSafeModeRule] INFO  safemode.SCMSafeModeManager (HealthyPipelineSafeModeRule.java:process(137)) - SCM in safe mode. Healthy pipelines reported count is 0, required healthy pipeline reported count is 1
2023-06-23 15:09:09,895 [00be7989-d8c1-4a83-aaf0-c8ed794c287b-groupManagement] INFO  storage.RaftStorage (RaftStorageImpl.java:format(96)) - Storage directory /home/runner/work/ozone/ozone/hadoop-ozone/integration-test/target/test-dir/MiniOzoneClusterImpl-741560ff-92e5-4b28-9778-2cf52193c8f3/datanode-3/data/ratis/69d671e8-1ffb-428d-a945-2203fc5028f8 has been successfully formatted.
2023-06-23 15:09:09,896 [aaefd232-7c4e-4e5c-bf06-1f2dae2e69ed-groupManagement] INFO  server.RaftServerConfigKeys (ConfUtils.java:logGet(46)) - raft.server.log.write.buffer.size = 1048576 (custom)
2023-06-23 15:09:09,896 [00be7989-d8c1-4a83-aaf0-c8ed794c287b-groupManagement] INFO  ratis.ContainerStateMachine (ContainerStateMachine.java:loadSnapshot(262)) - group-2203FC5028F8: The snapshot info is null. Setting the last applied indexto:(t:0, i:~)
2023-06-23 15:09:09,896 [00be7989-d8c1-4a83-aaf0-c8ed794c287b-groupManagement] INFO  server.RaftServerConfigKeys (ConfUtils.java:logGet(46)) - raft.server.log.use.memory = false (default)
2023-06-23 15:09:09,896 [00be7989-d8c1-4a83-aaf0-c8ed794c287b-groupManagement] INFO  server.RaftServerConfigKeys (ConfUtils.java:logGet(46)) - raft.server.log.purge.gap = 1000000 (custom)
2023-06-23 15:09:09,896 [00be7989-d8c1-4a83-aaf0-c8ed794c287b-groupManagement] INFO  server.RaftServerConfigKeys (ConfUtils.java:logGet(46)) - raft.server.log.appender.buffer.byte-limit = 33554432 (custom)
2023-06-23 15:09:09,896 [00be7989-d8c1-4a83-aaf0-c8ed794c287b-groupManagement] INFO  server.RaftServerConfigKeys (ConfUtils.java:logGet(46)) - raft.server.log.statemachine.data.read.timeout = 1000ms (default)
2023-06-23 15:09:09,896 [00be7989-d8c1-4a83-aaf0-c8ed794c287b-groupManagement] INFO  server.RaftServerConfigKeys (ConfUtils.java:logGet(46)) - raft.server.log.purge.preservation.log.num = 0 (default)
2023-06-23 15:09:09,897 [00be7989-d8c1-4a83-aaf0-c8ed794c287b-groupManagement] INFO  server.RaftServerConfigKeys (ConfUtils.java:logGet(46)) - raft.server.log.segment.size.max = 1048576 (custom)
2023-06-23 15:09:09,898 [EventQueue-OpenPipelineForHealthyPipelineSafeModeRule] INFO  safemode.SCMSafeModeManager (HealthyPipelineSafeModeRule.java:process(137)) - SCM in safe mode. Healthy pipelines reported count is 0, required healthy pipeline reported count is 1
2023-06-23 15:09:09,898 [aaefd232-7c4e-4e5c-bf06-1f2dae2e69ed-groupManagement] INFO  server.RaftServerConfigKeys (ConfUtils.java:logGet(46)) - raft.server.log.appender.buffer.byte-limit = 33554432 (custom)
2023-06-23 15:09:09,898 [00be7989-d8c1-4a83-aaf0-c8ed794c287b-groupManagement] INFO  server.RaftServerConfigKeys (ConfUtils.java:logGet(46)) - raft.server.log.segment.cache.num.max = 2 (custom)
2023-06-23 15:09:09,899 [00be7989-d8c1-4a83-aaf0-c8ed794c287b-groupManagement] INFO  server.RaftServerConfigKeys (ConfUtils.java:logGet(46)) - raft.server.log.segment.cache.size.max = 200MB (=209715200) (default)
2023-06-23 15:09:09,899 [00be7989-d8c1-4a83-aaf0-c8ed794c287b-groupManagement] INFO  server.RaftServerConfigKeys (ConfUtils.java:logGet(46)) - raft.server.log.appender.buffer.byte-limit = 33554432 (custom)
2023-06-23 15:09:09,899 [00be7989-d8c1-4a83-aaf0-c8ed794c287b-groupManagement] INFO  segmented.SegmentedRaftLogWorker (SegmentedRaftLogWorker.java:<init>(188)) - new 00be7989-d8c1-4a83-aaf0-c8ed794c287b@group-2203FC5028F8-SegmentedRaftLogWorker for RaftStorageImpl:Storage Directory /home/runner/work/ozone/ozone/hadoop-ozone/integration-test/target/test-dir/MiniOzoneClusterImpl-741560ff-92e5-4b28-9778-2cf52193c8f3/datanode-3/data/ratis/69d671e8-1ffb-428d-a945-2203fc5028f8
2023-06-23 15:09:09,899 [00be7989-d8c1-4a83-aaf0-c8ed794c287b-groupManagement] INFO  server.RaftServerConfigKeys (ConfUtils.java:logGet(46)) - raft.server.log.queue.byte-limit = 4294967296 (custom)
2023-06-23 15:09:09,901 [00be7989-d8c1-4a83-aaf0-c8ed794c287b-groupManagement] INFO  server.RaftServerConfigKeys (ConfUtils.java:logGet(46)) - raft.server.log.queue.element-limit = 1024 (custom)
2023-06-23 15:09:09,902 [00be7989-d8c1-4a83-aaf0-c8ed794c287b-groupManagement] INFO  server.RaftServerConfigKeys (ConfUtils.java:logGet(46)) - raft.server.log.segment.size.max = 1048576 (custom)
2023-06-23 15:09:09,902 [00be7989-d8c1-4a83-aaf0-c8ed794c287b-groupManagement] INFO  server.RaftServerConfigKeys (ConfUtils.java:logGet(46)) - raft.server.log.preallocated.size = 16384 (custom)
2023-06-23 15:09:09,902 [00be7989-d8c1-4a83-aaf0-c8ed794c287b-groupManagement] INFO  server.RaftServerConfigKeys (ConfUtils.java:logGet(46)) - raft.server.log.force.sync.num = 128 (default)
2023-06-23 15:09:09,902 [00be7989-d8c1-4a83-aaf0-c8ed794c287b-groupManagement] INFO  server.RaftServerConfigKeys (ConfUtils.java:logGet(46)) - raft.server.log.statemachine.data.sync = true (default)
2023-06-23 15:09:09,902 [00be7989-d8c1-4a83-aaf0-c8ed794c287b-groupManagement] INFO  server.RaftServerConfigKeys (ConfUtils.java:logGet(46)) - raft.server.log.statemachine.data.sync.timeout = 10s (default)
2023-06-23 15:09:09,902 [00be7989-d8c1-4a83-aaf0-c8ed794c287b-groupManagement] INFO  server.RaftServerConfigKeys (ConfUtils.java:logGet(46)) - raft.server.log.statemachine.data.sync.timeout.retry = -1 (default)
2023-06-23 15:09:09,903 [00be7989-d8c1-4a83-aaf0-c8ed794c287b-groupManagement] INFO  server.RaftServerConfigKeys (ConfUtils.java:logGet(46)) - raft.server.log.write.buffer.size = 1048576 (custom)
2023-06-23 15:09:09,904 [00be7989-d8c1-4a83-aaf0-c8ed794c287b-groupManagement] INFO  server.RaftServerConfigKeys (ConfUtils.java:logGet(46)) - raft.server.log.appender.buffer.byte-limit = 33554432 (custom)
2023-06-23 15:09:09,906 [aaefd232-7c4e-4e5c-bf06-1f2dae2e69ed-groupManagement] INFO  server.RaftServerConfigKeys (ConfUtils.java:logGet(46)) - raft.server.log.unsafe-flush.enabled = false (default)
2023-06-23 15:09:09,906 [aaefd232-7c4e-4e5c-bf06-1f2dae2e69ed-groupManagement] INFO  server.RaftServerConfigKeys (ConfUtils.java:logGet(46)) - raft.server.log.async-flush.enabled = false (default)
2023-06-23 15:09:09,906 [aaefd232-7c4e-4e5c-bf06-1f2dae2e69ed-groupManagement] INFO  server.RaftServerConfigKeys (ConfUtils.java:logGet(46)) - raft.server.log.statemachine.data.caching.enabled = true (custom)
2023-06-23 15:09:09,906 [aaefd232-7c4e-4e5c-bf06-1f2dae2e69ed-groupManagement] INFO  segmented.SegmentedRaftLogWorker (SegmentedRaftLogWorker.java:lambda$new$0(135)) - aaefd232-7c4e-4e5c-bf06-1f2dae2e69ed@group-2203FC5028F8-SegmentedRaftLogWorker: flushIndex: setUnconditionally 0 -> -1
2023-06-23 15:09:09,906 [aaefd232-7c4e-4e5c-bf06-1f2dae2e69ed-groupManagement] INFO  segmented.SegmentedRaftLogWorker (SegmentedRaftLogWorker.java:lambda$new$0(135)) - aaefd232-7c4e-4e5c-bf06-1f2dae2e69ed@group-2203FC5028F8-SegmentedRaftLogWorker: safeCacheEvictIndex: setUnconditionally 0 -> -1
2023-06-23 15:09:09,906 [aaefd232-7c4e-4e5c-bf06-1f2dae2e69ed-groupManagement] INFO  server.RaftServer$Division (RaftServerImpl.java:start(342)) - aaefd232-7c4e-4e5c-bf06-1f2dae2e69ed@group-2203FC5028F8: start as a follower, conf=-1: peers:[09b3ab32-5fcb-422b-914e-2ec4890cee3e|rpc:10.1.0.34:15059|admin:10.1.0.34:15058|client:10.1.0.34:15057|dataStream:10.1.0.34:15060|priority:1|startupRole:FOLLOWER, 00be7989-d8c1-4a83-aaf0-c8ed794c287b|rpc:10.1.0.34:15041|admin:10.1.0.34:15040|client:10.1.0.34:15039|dataStream:10.1.0.34:15042|priority:0|startupRole:FOLLOWER, aaefd232-7c4e-4e5c-bf06-1f2dae2e69ed|rpc:10.1.0.34:15050|admin:10.1.0.34:15049|client:10.1.0.34:15048|dataStream:10.1.0.34:15051|priority:0|startupRole:FOLLOWER]|listeners:[], old=null
2023-06-23 15:09:09,907 [aaefd232-7c4e-4e5c-bf06-1f2dae2e69ed-groupManagement] INFO  server.RaftServer$Division (RaftServerImpl.java:setRole(329)) - aaefd232-7c4e-4e5c-bf06-1f2dae2e69ed@group-2203FC5028F8: changes role from      null to FOLLOWER at term 0 for startAsFollower
2023-06-23 15:09:09,907 [aaefd232-7c4e-4e5c-bf06-1f2dae2e69ed-groupManagement] INFO  impl.RoleInfo (RoleInfo.java:updateAndGet(139)) - aaefd232-7c4e-4e5c-bf06-1f2dae2e69ed: start aaefd232-7c4e-4e5c-bf06-1f2dae2e69ed@group-2203FC5028F8-FollowerState
2023-06-23 15:09:09,907 [aaefd232-7c4e-4e5c-bf06-1f2dae2e69ed-groupManagement] INFO  util.JmxRegister (JmxRegister.java:tryRegister(44)) - Successfully registered JMX Bean with object name Ratis:service=RaftServer,group=group-2203FC5028F8,id=aaefd232-7c4e-4e5c-bf06-1f2dae2e69ed
2023-06-23 15:09:09,907 [aaefd232-7c4e-4e5c-bf06-1f2dae2e69ed-groupManagement] INFO  server.RaftServerConfigKeys (ConfUtils.java:logGet(46)) - raft.server.snapshot.auto.trigger.enabled = true (custom)
2023-06-23 15:09:09,907 [aaefd232-7c4e-4e5c-bf06-1f2dae2e69ed-groupManagement] INFO  server.RaftServerConfigKeys (ConfUtils.java:logGet(46)) - raft.server.snapshot.auto.trigger.threshold = 10000 (custom)
2023-06-23 15:09:09,907 [aaefd232-7c4e-4e5c-bf06-1f2dae2e69ed-groupManagement] INFO  server.RaftServerConfigKeys (ConfUtils.java:logGet(46)) - raft.server.snapshot.retention.file.num = 5 (custom)
2023-06-23 15:09:09,907 [aaefd232-7c4e-4e5c-bf06-1f2dae2e69ed-groupManagement] INFO  server.RaftServerConfigKeys (ConfUtils.java:logGet(46)) - raft.server.log.purge.upto.snapshot.index = false (default)
2023-06-23 15:09:09,908 [aaefd232-7c4e-4e5c-bf06-1f2dae2e69ed@group-2203FC5028F8-FollowerState] INFO  server.RaftServerConfigKeys (ConfUtils.java:logFallback(53)) - raft.server.rpc.first-election.timeout.min = 5s (fallback to raft.server.rpc.timeout.min)
2023-06-23 15:09:09,908 [PipelineCommandHandlerThread-0] INFO  ratis.XceiverServerRatis (XceiverServerRatis.java:addGroup(804)) - Created group PipelineID=69d671e8-1ffb-428d-a945-2203fc5028f8
2023-06-23 15:09:09,915 [aaefd232-7c4e-4e5c-bf06-1f2dae2e69ed@group-2203FC5028F8-FollowerState] INFO  server.RaftServerConfigKeys (ConfUtils.java:logFallback(53)) - raft.server.rpc.first-election.timeout.max = 5200ms (fallback to raft.server.rpc.timeout.max)
2023-06-23 15:09:09,916 [00be7989-d8c1-4a83-aaf0-c8ed794c287b-groupManagement] INFO  server.RaftServerConfigKeys (ConfUtils.java:logGet(46)) - raft.server.log.unsafe-flush.enabled = false (default)
2023-06-23 15:09:09,916 [00be7989-d8c1-4a83-aaf0-c8ed794c287b-groupManagement] INFO  server.RaftServerConfigKeys (ConfUtils.java:logGet(46)) - raft.server.log.async-flush.enabled = false (default)
2023-06-23 15:09:09,916 [00be7989-d8c1-4a83-aaf0-c8ed794c287b-groupManagement] INFO  server.RaftServerConfigKeys (ConfUtils.java:logGet(46)) - raft.server.log.statemachine.data.caching.enabled = true (custom)
2023-06-23 15:09:09,916 [00be7989-d8c1-4a83-aaf0-c8ed794c287b-groupManagement] INFO  segmented.SegmentedRaftLogWorker (SegmentedRaftLogWorker.java:lambda$new$0(135)) - 00be7989-d8c1-4a83-aaf0-c8ed794c287b@group-2203FC5028F8-SegmentedRaftLogWorker: flushIndex: setUnconditionally 0 -> -1
2023-06-23 15:09:09,916 [00be7989-d8c1-4a83-aaf0-c8ed794c287b-groupManagement] INFO  segmented.SegmentedRaftLogWorker (SegmentedRaftLogWorker.java:lambda$new$0(135)) - 00be7989-d8c1-4a83-aaf0-c8ed794c287b@group-2203FC5028F8-SegmentedRaftLogWorker: safeCacheEvictIndex: setUnconditionally 0 -> -1
2023-06-23 15:09:09,916 [00be7989-d8c1-4a83-aaf0-c8ed794c287b-groupManagement] INFO  server.RaftServer$Division (RaftServerImpl.java:start(342)) - 00be7989-d8c1-4a83-aaf0-c8ed794c287b@group-2203FC5028F8: start as a follower, conf=-1: peers:[09b3ab32-5fcb-422b-914e-2ec4890cee3e|rpc:10.1.0.34:15059|admin:10.1.0.34:15058|client:10.1.0.34:15057|dataStream:10.1.0.34:15060|priority:1|startupRole:FOLLOWER, 00be7989-d8c1-4a83-aaf0-c8ed794c287b|rpc:10.1.0.34:15041|admin:10.1.0.34:15040|client:10.1.0.34:15039|dataStream:10.1.0.34:15042|priority:0|startupRole:FOLLOWER, aaefd232-7c4e-4e5c-bf06-1f2dae2e69ed|rpc:10.1.0.34:15050|admin:10.1.0.34:15049|client:10.1.0.34:15048|dataStream:10.1.0.34:15051|priority:0|startupRole:FOLLOWER]|listeners:[], old=null
2023-06-23 15:09:09,916 [00be7989-d8c1-4a83-aaf0-c8ed794c287b-groupManagement] INFO  server.RaftServer$Division (RaftServerImpl.java:setRole(329)) - 00be7989-d8c1-4a83-aaf0-c8ed794c287b@group-2203FC5028F8: changes role from      null to FOLLOWER at term 0 for startAsFollower
2023-06-23 15:09:09,916 [00be7989-d8c1-4a83-aaf0-c8ed794c287b-groupManagement] INFO  impl.RoleInfo (RoleInfo.java:updateAndGet(139)) - 00be7989-d8c1-4a83-aaf0-c8ed794c287b: start 00be7989-d8c1-4a83-aaf0-c8ed794c287b@group-2203FC5028F8-FollowerState
2023-06-23 15:09:09,917 [00be7989-d8c1-4a83-aaf0-c8ed794c287b-groupManagement] INFO  util.JmxRegister (JmxRegister.java:tryRegister(44)) - Successfully registered JMX Bean with object name Ratis:service=RaftServer,group=group-2203FC5028F8,id=00be7989-d8c1-4a83-aaf0-c8ed794c287b
2023-06-23 15:09:09,917 [00be7989-d8c1-4a83-aaf0-c8ed794c287b-groupManagement] INFO  server.RaftServerConfigKeys (ConfUtils.java:logGet(46)) - raft.server.snapshot.auto.trigger.enabled = true (custom)
2023-06-23 15:09:09,917 [00be7989-d8c1-4a83-aaf0-c8ed794c287b-groupManagement] INFO  server.RaftServerConfigKeys (ConfUtils.java:logGet(46)) - raft.server.snapshot.auto.trigger.threshold = 10000 (custom)
2023-06-23 15:09:09,917 [00be7989-d8c1-4a83-aaf0-c8ed794c287b-groupManagement] INFO  server.RaftServerConfigKeys (ConfUtils.java:logGet(46)) - raft.server.snapshot.retention.file.num = 5 (custom)
2023-06-23 15:09:09,917 [00be7989-d8c1-4a83-aaf0-c8ed794c287b-groupManagement] INFO  server.RaftServerConfigKeys (ConfUtils.java:logGet(46)) - raft.server.log.purge.upto.snapshot.index = false (default)
2023-06-23 15:09:09,917 [00be7989-d8c1-4a83-aaf0-c8ed794c287b@group-2203FC5028F8-FollowerState] INFO  server.RaftServerConfigKeys (ConfUtils.java:logFallback(53)) - raft.server.rpc.first-election.timeout.min = 5s (fallback to raft.server.rpc.timeout.min)
2023-06-23 15:09:09,918 [00be7989-d8c1-4a83-aaf0-c8ed794c287b@group-2203FC5028F8-FollowerState] INFO  server.RaftServerConfigKeys (ConfUtils.java:logFallback(53)) - raft.server.rpc.first-election.timeout.max = 5200ms (fallback to raft.server.rpc.timeout.max)
2023-06-23 15:09:09,918 [PipelineCommandHandlerThread-0] INFO  ratis.XceiverServerRatis (XceiverServerRatis.java:addGroup(804)) - Created group PipelineID=69d671e8-1ffb-428d-a945-2203fc5028f8
2023-06-23 15:09:09,946 [grpc-default-executor-0] INFO  server.RaftServer (RaftServerProxy.java:addNew(98)) - 09b3ab32-5fcb-422b-914e-2ec4890cee3e: addNew group-2203FC5028F8:[09b3ab32-5fcb-422b-914e-2ec4890cee3e|rpc:10.1.0.34:15059|admin:10.1.0.34:15058|client:10.1.0.34:15057|dataStream:10.1.0.34:15060|priority:1|startupRole:FOLLOWER, 00be7989-d8c1-4a83-aaf0-c8ed794c287b|rpc:10.1.0.34:15041|admin:10.1.0.34:15040|client:10.1.0.34:15039|dataStream:10.1.0.34:15042|priority:0|startupRole:FOLLOWER, aaefd232-7c4e-4e5c-bf06-1f2dae2e69ed|rpc:10.1.0.34:15050|admin:10.1.0.34:15049|client:10.1.0.34:15048|dataStream:10.1.0.34:15051|priority:0|startupRole:FOLLOWER] returns group-2203FC5028F8:java.util.concurrent.CompletableFuture@6ba5c631[Not completed]
2023-06-23 15:09:09,948 [09b3ab32-5fcb-422b-914e-2ec4890cee3e-groupManagement] INFO  server.RaftServer$Division (RaftServerImpl.java:<init>(198)) - 09b3ab32-5fcb-422b-914e-2ec4890cee3e: new RaftServerImpl for group-2203FC5028F8:[09b3ab32-5fcb-422b-914e-2ec4890cee3e|rpc:10.1.0.34:15059|admin:10.1.0.34:15058|client:10.1.0.34:15057|dataStream:10.1.0.34:15060|priority:1|startupRole:FOLLOWER, 00be7989-d8c1-4a83-aaf0-c8ed794c287b|rpc:10.1.0.34:15041|admin:10.1.0.34:15040|client:10.1.0.34:15039|dataStream:10.1.0.34:15042|priority:0|startupRole:FOLLOWER, aaefd232-7c4e-4e5c-bf06-1f2dae2e69ed|rpc:10.1.0.34:15050|admin:10.1.0.34:15049|client:10.1.0.34:15048|dataStream:10.1.0.34:15051|priority:0|startupRole:FOLLOWER] with ContainerStateMachine:uninitialized
2023-06-23 15:09:09,948 [09b3ab32-5fcb-422b-914e-2ec4890cee3e-groupManagement] INFO  server.RaftServerConfigKeys (ConfUtils.java:logGet(46)) - raft.server.rpc.timeout.min = 5s (custom)
2023-06-23 15:09:09,948 [09b3ab32-5fcb-422b-914e-2ec4890cee3e-groupManagement] INFO  server.RaftServerConfigKeys (ConfUtils.java:logGet(46)) - raft.server.rpc.timeout.max = 5200ms (custom)
2023-06-23 15:09:09,948 [09b3ab32-5fcb-422b-914e-2ec4890cee3e-groupManagement] INFO  server.RaftServerConfigKeys (ConfUtils.java:logGet(46)) - raft.server.rpc.sleep.time = 25ms (default)
2023-06-23 15:09:09,948 [09b3ab32-5fcb-422b-914e-2ec4890cee3e-groupManagement] INFO  server.RaftServerConfigKeys (ConfUtils.java:logGet(46)) - raft.server.rpc.slowness.timeout = 300s (custom)
2023-06-23 15:09:09,948 [09b3ab32-5fcb-422b-914e-2ec4890cee3e-groupManagement] INFO  server.RaftServerConfigKeys (ConfUtils.java:logGet(46)) - raft.server.leaderelection.leader.step-down.wait-time = 10s (default)
2023-06-23 15:09:09,948 [09b3ab32-5fcb-422b-914e-2ec4890cee3e-groupManagement] INFO  server.RaftServerConfigKeys (ConfUtils.java:logGet(46)) - raft.server.sleep.deviation.threshold = 300ms (default)
2023-06-23 15:09:09,949 [09b3ab32-5fcb-422b-914e-2ec4890cee3e-groupManagement] INFO  server.RaftServer$Division (ServerState.java:<init>(120)) - 09b3ab32-5fcb-422b-914e-2ec4890cee3e@group-2203FC5028F8: ConfigurationManager, init=-1: peers:[09b3ab32-5fcb-422b-914e-2ec4890cee3e|rpc:10.1.0.34:15059|admin:10.1.0.34:15058|client:10.1.0.34:15057|dataStream:10.1.0.34:15060|priority:1|startupRole:FOLLOWER, 00be7989-d8c1-4a83-aaf0-c8ed794c287b|rpc:10.1.0.34:15041|admin:10.1.0.34:15040|client:10.1.0.34:15039|dataStream:10.1.0.34:15042|priority:0|startupRole:FOLLOWER, aaefd232-7c4e-4e5c-bf06-1f2dae2e69ed|rpc:10.1.0.34:15050|admin:10.1.0.34:15049|client:10.1.0.34:15048|dataStream:10.1.0.34:15051|priority:0|startupRole:FOLLOWER]|listeners:[], old=null, confs=<EMPTY_MAP>
2023-06-23 15:09:09,949 [09b3ab32-5fcb-422b-914e-2ec4890cee3e-groupManagement] INFO  server.RaftServerConfigKeys (ConfUtils.java:logGet(46)) - raft.server.storage.dir = [/home/runner/work/ozone/ozone/hadoop-ozone/integration-test/target/test-dir/MiniOzoneClusterImpl-741560ff-92e5-4b28-9778-2cf52193c8f3/datanode-5/data/ratis] (custom)
2023-06-23 15:09:09,949 [09b3ab32-5fcb-422b-914e-2ec4890cee3e-groupManagement] INFO  server.RaftServerConfigKeys (ConfUtils.java:logGet(46)) - raft.server.log.corruption.policy = EXCEPTION (default)
2023-06-23 15:09:09,949 [09b3ab32-5fcb-422b-914e-2ec4890cee3e-groupManagement] INFO  server.RaftServerConfigKeys (ConfUtils.java:logGet(46)) - raft.server.storage.free-space.min = 0MB (=0) (default)
2023-06-23 15:09:09,949 [09b3ab32-5fcb-422b-914e-2ec4890cee3e-groupManagement] INFO  server.RaftServerConfigKeys (ConfUtils.java:logGet(46)) - raft.server.notification.no-leader.timeout = 300s (custom)
2023-06-23 15:09:09,949 [09b3ab32-5fcb-422b-914e-2ec4890cee3e-groupManagement] INFO  server.RaftServerConfigKeys (ConfUtils.java:logGet(46)) - raft.server.read.timeout = 10s (default)
2023-06-23 15:09:09,949 [09b3ab32-5fcb-422b-914e-2ec4890cee3e-groupManagement] INFO  server.RaftServerConfigKeys (ConfUtils.java:logGet(46)) - raft.server.retrycache.expirytime = 600000ms (custom)
2023-06-23 15:09:09,949 [09b3ab32-5fcb-422b-914e-2ec4890cee3e-groupManagement] INFO  server.RaftServerConfigKeys (ConfUtils.java:logGet(46)) - raft.server.retrycache.statistics.expirytime = 100μs (default)
2023-06-23 15:09:09,949 [09b3ab32-5fcb-422b-914e-2ec4890cee3e-groupManagement] INFO  server.RaftServerConfigKeys (ConfUtils.java:logGet(46)) - raft.server.read.option = DEFAULT (default)
2023-06-23 15:09:09,958 [09b3ab32-5fcb-422b-914e-2ec4890cee3e-groupManagement] INFO  server.RaftServerConfigKeys (ConfUtils.java:logGet(46)) - raft.server.rpc.request.timeout = 60s (custom)
2023-06-23 15:09:09,958 [09b3ab32-5fcb-422b-914e-2ec4890cee3e-groupManagement] INFO  server.RaftServerConfigKeys (ConfUtils.java:logGet(46)) - raft.server.log.appender.install.snapshot.enabled = false (custom)
2023-06-23 15:09:09,958 [09b3ab32-5fcb-422b-914e-2ec4890cee3e-groupManagement] INFO  server.RaftServerConfigKeys (ConfUtils.java:logGet(46)) - raft.server.threadpool.server.cached = true (default)
2023-06-23 15:09:09,958 [09b3ab32-5fcb-422b-914e-2ec4890cee3e-groupManagement] INFO  server.RaftServerConfigKeys (ConfUtils.java:logGet(46)) - raft.server.threadpool.server.size = 0 (default)
2023-06-23 15:09:09,958 [09b3ab32-5fcb-422b-914e-2ec4890cee3e-groupManagement] INFO  server.RaftServerConfigKeys (ConfUtils.java:logGet(46)) - raft.server.threadpool.client.cached = true (default)
2023-06-23 15:09:09,958 [09b3ab32-5fcb-422b-914e-2ec4890cee3e-groupManagement] INFO  server.RaftServerConfigKeys (ConfUtils.java:logGet(46)) - raft.server.threadpool.client.size = 0 (default)
2023-06-23 15:09:09,958 [09b3ab32-5fcb-422b-914e-2ec4890cee3e-groupManagement] INFO  storage.RaftStorageDirectory (RaftStorageDirectoryImpl.java:analyzeStorage(137)) - The storage directory /home/runner/work/ozone/ozone/hadoop-ozone/integration-test/target/test-dir/MiniOzoneClusterImpl-741560ff-92e5-4b28-9778-2cf52193c8f3/datanode-5/data/ratis/69d671e8-1ffb-428d-a945-2203fc5028f8 does not exist. Creating ...
2023-06-23 15:09:09,959 [09b3ab32-5fcb-422b-914e-2ec4890cee3e-groupManagement] INFO  storage.RaftStorageDirectory (RaftStorageDirectoryImpl.java:tryLock(231)) - Lock on /home/runner/work/ozone/ozone/hadoop-ozone/integration-test/target/test-dir/MiniOzoneClusterImpl-741560ff-92e5-4b28-9778-2cf52193c8f3/datanode-5/data/ratis/69d671e8-1ffb-428d-a945-2203fc5028f8/in_use.lock acquired by nodename 61630@fv-az424-541
2023-06-23 15:09:09,961 [09b3ab32-5fcb-422b-914e-2ec4890cee3e-groupManagement] INFO  storage.RaftStorage (RaftStorageImpl.java:format(96)) - Storage directory /home/runner/work/ozone/ozone/hadoop-ozone/integration-test/target/test-dir/MiniOzoneClusterImpl-741560ff-92e5-4b28-9778-2cf52193c8f3/datanode-5/data/ratis/69d671e8-1ffb-428d-a945-2203fc5028f8 has been successfully formatted.
2023-06-23 15:09:09,961 [09b3ab32-5fcb-422b-914e-2ec4890cee3e-groupManagement] INFO  ratis.ContainerStateMachine (ContainerStateMachine.java:loadSnapshot(262)) - group-2203FC5028F8: The snapshot info is null. Setting the last applied indexto:(t:0, i:~)
2023-06-23 15:09:09,961 [09b3ab32-5fcb-422b-914e-2ec4890cee3e-groupManagement] INFO  server.RaftServerConfigKeys (ConfUtils.java:logGet(46)) - raft.server.log.use.memory = false (default)
2023-06-23 15:09:09,963 [09b3ab32-5fcb-422b-914e-2ec4890cee3e-groupManagement] INFO  server.RaftServerConfigKeys (ConfUtils.java:logGet(46)) - raft.server.log.purge.gap = 1000000 (custom)
2023-06-23 15:09:09,964 [09b3ab32-5fcb-422b-914e-2ec4890cee3e-groupManagement] INFO  server.RaftServerConfigKeys (ConfUtils.java:logGet(46)) - raft.server.log.appender.buffer.byte-limit = 33554432 (custom)
2023-06-23 15:09:09,964 [09b3ab32-5fcb-422b-914e-2ec4890cee3e-groupManagement] INFO  server.RaftServerConfigKeys (ConfUtils.java:logGet(46)) - raft.server.log.statemachine.data.read.timeout = 1000ms (default)
2023-06-23 15:09:09,964 [09b3ab32-5fcb-422b-914e-2ec4890cee3e-groupManagement] INFO  server.RaftServerConfigKeys (ConfUtils.java:logGet(46)) - raft.server.log.purge.preservation.log.num = 0 (default)
2023-06-23 15:09:09,964 [09b3ab32-5fcb-422b-914e-2ec4890cee3e-groupManagement] INFO  server.RaftServerConfigKeys (ConfUtils.java:logGet(46)) - raft.server.log.segment.size.max = 1048576 (custom)
2023-06-23 15:09:09,964 [09b3ab32-5fcb-422b-914e-2ec4890cee3e-groupManagement] INFO  server.RaftServerConfigKeys (ConfUtils.java:logGet(46)) - raft.server.log.segment.cache.num.max = 2 (custom)
2023-06-23 15:09:09,964 [09b3ab32-5fcb-422b-914e-2ec4890cee3e-groupManagement] INFO  server.RaftServerConfigKeys (ConfUtils.java:logGet(46)) - raft.server.log.segment.cache.size.max = 200MB (=209715200) (default)
2023-06-23 15:09:09,964 [09b3ab32-5fcb-422b-914e-2ec4890cee3e-groupManagement] INFO  server.RaftServerConfigKeys (ConfUtils.java:logGet(46)) - raft.server.log.appender.buffer.byte-limit = 33554432 (custom)
2023-06-23 15:09:09,964 [09b3ab32-5fcb-422b-914e-2ec4890cee3e-groupManagement] INFO  segmented.SegmentedRaftLogWorker (SegmentedRaftLogWorker.java:<init>(188)) - new 09b3ab32-5fcb-422b-914e-2ec4890cee3e@group-2203FC5028F8-SegmentedRaftLogWorker for RaftStorageImpl:Storage Directory /home/runner/work/ozone/ozone/hadoop-ozone/integration-test/target/test-dir/MiniOzoneClusterImpl-741560ff-92e5-4b28-9778-2cf52193c8f3/datanode-5/data/ratis/69d671e8-1ffb-428d-a945-2203fc5028f8
2023-06-23 15:09:09,964 [09b3ab32-5fcb-422b-914e-2ec4890cee3e-groupManagement] INFO  server.RaftServerConfigKeys (ConfUtils.java:logGet(46)) - raft.server.log.queue.byte-limit = 4294967296 (custom)
2023-06-23 15:09:09,964 [09b3ab32-5fcb-422b-914e-2ec4890cee3e-groupManagement] INFO  server.RaftServerConfigKeys (ConfUtils.java:logGet(46)) - raft.server.log.queue.element-limit = 1024 (custom)
2023-06-23 15:09:09,965 [09b3ab32-5fcb-422b-914e-2ec4890cee3e-groupManagement] INFO  server.RaftServerConfigKeys (ConfUtils.java:logGet(46)) - raft.server.log.segment.size.max = 1048576 (custom)
2023-06-23 15:09:09,965 [09b3ab32-5fcb-422b-914e-2ec4890cee3e-groupManagement] INFO  server.RaftServerConfigKeys (ConfUtils.java:logGet(46)) - raft.server.log.preallocated.size = 16384 (custom)
2023-06-23 15:09:09,965 [09b3ab32-5fcb-422b-914e-2ec4890cee3e-groupManagement] INFO  server.RaftServerConfigKeys (ConfUtils.java:logGet(46)) - raft.server.log.force.sync.num = 128 (default)
2023-06-23 15:09:09,965 [09b3ab32-5fcb-422b-914e-2ec4890cee3e-groupManagement] INFO  server.RaftServerConfigKeys (ConfUtils.java:logGet(46)) - raft.server.log.statemachine.data.sync = true (default)
2023-06-23 15:09:09,965 [09b3ab32-5fcb-422b-914e-2ec4890cee3e-groupManagement] INFO  server.RaftServerConfigKeys (ConfUtils.java:logGet(46)) - raft.server.log.statemachine.data.sync.timeout = 10s (default)
2023-06-23 15:09:09,965 [09b3ab32-5fcb-422b-914e-2ec4890cee3e-groupManagement] INFO  server.RaftServerConfigKeys (ConfUtils.java:logGet(46)) - raft.server.log.statemachine.data.sync.timeout.retry = -1 (default)
2023-06-23 15:09:09,966 [09b3ab32-5fcb-422b-914e-2ec4890cee3e-groupManagement] INFO  server.RaftServerConfigKeys (ConfUtils.java:logGet(46)) - raft.server.log.write.buffer.size = 1048576 (custom)
2023-06-23 15:09:09,966 [09b3ab32-5fcb-422b-914e-2ec4890cee3e-groupManagement] INFO  server.RaftServerConfigKeys (ConfUtils.java:logGet(46)) - raft.server.log.appender.buffer.byte-limit = 33554432 (custom)
2023-06-23 15:09:09,971 [09b3ab32-5fcb-422b-914e-2ec4890cee3e-groupManagement] INFO  server.RaftServerConfigKeys (ConfUtils.java:logGet(46)) - raft.server.log.unsafe-flush.enabled = false (default)
2023-06-23 15:09:09,971 [09b3ab32-5fcb-422b-914e-2ec4890cee3e-groupManagement] INFO  server.RaftServerConfigKeys (ConfUtils.java:logGet(46)) - raft.server.log.async-flush.enabled = false (default)
2023-06-23 15:09:09,971 [09b3ab32-5fcb-422b-914e-2ec4890cee3e-groupManagement] INFO  server.RaftServerConfigKeys (ConfUtils.java:logGet(46)) - raft.server.log.statemachine.data.caching.enabled = true (custom)
2023-06-23 15:09:09,972 [09b3ab32-5fcb-422b-914e-2ec4890cee3e-groupManagement] INFO  segmented.SegmentedRaftLogWorker (SegmentedRaftLogWorker.java:lambda$new$0(135)) - 09b3ab32-5fcb-422b-914e-2ec4890cee3e@group-2203FC5028F8-SegmentedRaftLogWorker: flushIndex: setUnconditionally 0 -> -1
2023-06-23 15:09:09,975 [09b3ab32-5fcb-422b-914e-2ec4890cee3e-groupManagement] INFO  segmented.SegmentedRaftLogWorker (SegmentedRaftLogWorker.java:lambda$new$0(135)) - 09b3ab32-5fcb-422b-914e-2ec4890cee3e@group-2203FC5028F8-SegmentedRaftLogWorker: safeCacheEvictIndex: setUnconditionally 0 -> -1
2023-06-23 15:09:09,975 [09b3ab32-5fcb-422b-914e-2ec4890cee3e-groupManagement] INFO  server.RaftServer$Division (RaftServerImpl.java:start(342)) - 09b3ab32-5fcb-422b-914e-2ec4890cee3e@group-2203FC5028F8: start as a follower, conf=-1: peers:[09b3ab32-5fcb-422b-914e-2ec4890cee3e|rpc:10.1.0.34:15059|admin:10.1.0.34:15058|client:10.1.0.34:15057|dataStream:10.1.0.34:15060|priority:1|startupRole:FOLLOWER, 00be7989-d8c1-4a83-aaf0-c8ed794c287b|rpc:10.1.0.34:15041|admin:10.1.0.34:15040|client:10.1.0.34:15039|dataStream:10.1.0.34:15042|priority:0|startupRole:FOLLOWER, aaefd232-7c4e-4e5c-bf06-1f2dae2e69ed|rpc:10.1.0.34:15050|admin:10.1.0.34:15049|client:10.1.0.34:15048|dataStream:10.1.0.34:15051|priority:0|startupRole:FOLLOWER]|listeners:[], old=null
2023-06-23 15:09:09,975 [09b3ab32-5fcb-422b-914e-2ec4890cee3e-groupManagement] INFO  server.RaftServer$Division (RaftServerImpl.java:setRole(329)) - 09b3ab32-5fcb-422b-914e-2ec4890cee3e@group-2203FC5028F8: changes role from      null to FOLLOWER at term 0 for startAsFollower
2023-06-23 15:09:09,975 [09b3ab32-5fcb-422b-914e-2ec4890cee3e-groupManagement] INFO  impl.RoleInfo (RoleInfo.java:updateAndGet(139)) - 09b3ab32-5fcb-422b-914e-2ec4890cee3e: start 09b3ab32-5fcb-422b-914e-2ec4890cee3e@group-2203FC5028F8-FollowerState
2023-06-23 15:09:09,983 [09b3ab32-5fcb-422b-914e-2ec4890cee3e-groupManagement] INFO  util.JmxRegister (JmxRegister.java:tryRegister(44)) - Successfully registered JMX Bean with object name Ratis:service=RaftServer,group=group-2203FC5028F8,id=09b3ab32-5fcb-422b-914e-2ec4890cee3e
2023-06-23 15:09:09,983 [09b3ab32-5fcb-422b-914e-2ec4890cee3e-groupManagement] INFO  server.RaftServerConfigKeys (ConfUtils.java:logGet(46)) - raft.server.snapshot.auto.trigger.enabled = true (custom)
2023-06-23 15:09:09,984 [09b3ab32-5fcb-422b-914e-2ec4890cee3e-groupManagement] INFO  server.RaftServerConfigKeys (ConfUtils.java:logGet(46)) - raft.server.snapshot.auto.trigger.threshold = 10000 (custom)
2023-06-23 15:09:09,984 [09b3ab32-5fcb-422b-914e-2ec4890cee3e-groupManagement] INFO  server.RaftServerConfigKeys (ConfUtils.java:logGet(46)) - raft.server.snapshot.retention.file.num = 5 (custom)
2023-06-23 15:09:09,984 [09b3ab32-5fcb-422b-914e-2ec4890cee3e-groupManagement] INFO  server.RaftServerConfigKeys (ConfUtils.java:logGet(46)) - raft.server.log.purge.upto.snapshot.index = false (default)
2023-06-23 15:09:09,984 [09b3ab32-5fcb-422b-914e-2ec4890cee3e@group-2203FC5028F8-FollowerState] INFO  server.RaftServerConfigKeys (ConfUtils.java:logFallback(53)) - raft.server.rpc.first-election.timeout.min = 5s (fallback to raft.server.rpc.timeout.min)
2023-06-23 15:09:09,984 [09b3ab32-5fcb-422b-914e-2ec4890cee3e@group-2203FC5028F8-FollowerState] INFO  server.RaftServerConfigKeys (ConfUtils.java:logFallback(53)) - raft.server.rpc.first-election.timeout.max = 5200ms (fallback to raft.server.rpc.timeout.max)
2023-06-23 15:09:10,001 [09b3ab32-5fcb-422b-914e-2ec4890cee3e-groupManagement] INFO  server.RaftServer$Division (RaftServerImpl.java:<init>(198)) - 09b3ab32-5fcb-422b-914e-2ec4890cee3e: new RaftServerImpl for group-7F3030C1F5C4:[09b3ab32-5fcb-422b-914e-2ec4890cee3e|rpc:10.1.0.34:15059|admin:10.1.0.34:15058|client:10.1.0.34:15057|dataStream:10.1.0.34:15060|priority:1|startupRole:FOLLOWER] with ContainerStateMachine:uninitialized
2023-06-23 15:09:10,001 [09b3ab32-5fcb-422b-914e-2ec4890cee3e-groupManagement] INFO  server.RaftServerConfigKeys (ConfUtils.java:logGet(46)) - raft.server.rpc.timeout.min = 5s (custom)
2023-06-23 15:09:10,001 [09b3ab32-5fcb-422b-914e-2ec4890cee3e-groupManagement] INFO  server.RaftServerConfigKeys (ConfUtils.java:logGet(46)) - raft.server.rpc.timeout.max = 5200ms (custom)
2023-06-23 15:09:10,001 [09b3ab32-5fcb-422b-914e-2ec4890cee3e-groupManagement] INFO  server.RaftServerConfigKeys (ConfUtils.java:logGet(46)) - raft.server.rpc.sleep.time = 25ms (default)
2023-06-23 15:09:10,001 [09b3ab32-5fcb-422b-914e-2ec4890cee3e-groupManagement] INFO  server.RaftServerConfigKeys (ConfUtils.java:logGet(46)) - raft.server.rpc.slowness.timeout = 300s (custom)
2023-06-23 15:09:10,001 [09b3ab32-5fcb-422b-914e-2ec4890cee3e-groupManagement] INFO  server.RaftServerConfigKeys (ConfUtils.java:logGet(46)) - raft.server.leaderelection.leader.step-down.wait-time = 10s (default)
2023-06-23 15:09:10,001 [09b3ab32-5fcb-422b-914e-2ec4890cee3e-groupManagement] INFO  server.RaftServerConfigKeys (ConfUtils.java:logGet(46)) - raft.server.sleep.deviation.threshold = 300ms (default)
2023-06-23 15:09:10,001 [09b3ab32-5fcb-422b-914e-2ec4890cee3e-groupManagement] INFO  server.RaftServer$Division (ServerState.java:<init>(120)) - 09b3ab32-5fcb-422b-914e-2ec4890cee3e@group-7F3030C1F5C4: ConfigurationManager, init=-1: peers:[09b3ab32-5fcb-422b-914e-2ec4890cee3e|rpc:10.1.0.34:15059|admin:10.1.0.34:15058|client:10.1.0.34:15057|dataStream:10.1.0.34:15060|priority:1|startupRole:FOLLOWER]|listeners:[], old=null, confs=<EMPTY_MAP>
2023-06-23 15:09:10,001 [09b3ab32-5fcb-422b-914e-2ec4890cee3e-groupManagement] INFO  server.RaftServerConfigKeys (ConfUtils.java:logGet(46)) - raft.server.storage.dir = [/home/runner/work/ozone/ozone/hadoop-ozone/integration-test/target/test-dir/MiniOzoneClusterImpl-741560ff-92e5-4b28-9778-2cf52193c8f3/datanode-5/data/ratis] (custom)
2023-06-23 15:09:10,002 [09b3ab32-5fcb-422b-914e-2ec4890cee3e-groupManagement] INFO  server.RaftServerConfigKeys (ConfUtils.java:logGet(46)) - raft.server.log.corruption.policy = EXCEPTION (default)
2023-06-23 15:09:10,002 [09b3ab32-5fcb-422b-914e-2ec4890cee3e-groupManagement] INFO  server.RaftServerConfigKeys (ConfUtils.java:logGet(46)) - raft.server.storage.free-space.min = 0MB (=0) (default)
2023-06-23 15:09:10,002 [09b3ab32-5fcb-422b-914e-2ec4890cee3e-groupManagement] INFO  server.RaftServerConfigKeys (ConfUtils.java:logGet(46)) - raft.server.notification.no-leader.timeout = 300s (custom)
2023-06-23 15:09:10,002 [09b3ab32-5fcb-422b-914e-2ec4890cee3e-groupManagement] INFO  server.RaftServerConfigKeys (ConfUtils.java:logGet(46)) - raft.server.read.timeout = 10s (default)
2023-06-23 15:09:10,002 [09b3ab32-5fcb-422b-914e-2ec4890cee3e-groupManagement] INFO  server.RaftServerConfigKeys (ConfUtils.java:logGet(46)) - raft.server.retrycache.expirytime = 600000ms (custom)
2023-06-23 15:09:10,002 [09b3ab32-5fcb-422b-914e-2ec4890cee3e-groupManagement] INFO  server.RaftServerConfigKeys (ConfUtils.java:logGet(46)) - raft.server.retrycache.statistics.expirytime = 100μs (default)
2023-06-23 15:09:10,002 [09b3ab32-5fcb-422b-914e-2ec4890cee3e-groupManagement] INFO  server.RaftServerConfigKeys (ConfUtils.java:logGet(46)) - raft.server.read.option = DEFAULT (default)
2023-06-23 15:09:10,003 [09b3ab32-5fcb-422b-914e-2ec4890cee3e-groupManagement] INFO  server.RaftServerConfigKeys (ConfUtils.java:logGet(46)) - raft.server.rpc.request.timeout = 60s (custom)
2023-06-23 15:09:10,003 [09b3ab32-5fcb-422b-914e-2ec4890cee3e-groupManagement] INFO  server.RaftServerConfigKeys (ConfUtils.java:logGet(46)) - raft.server.log.appender.install.snapshot.enabled = false (custom)
2023-06-23 15:09:10,003 [09b3ab32-5fcb-422b-914e-2ec4890cee3e-groupManagement] INFO  server.RaftServerConfigKeys (ConfUtils.java:logGet(46)) - raft.server.threadpool.server.cached = true (default)
2023-06-23 15:09:10,003 [09b3ab32-5fcb-422b-914e-2ec4890cee3e-groupManagement] INFO  server.RaftServerConfigKeys (ConfUtils.java:logGet(46)) - raft.server.threadpool.server.size = 0 (default)
2023-06-23 15:09:10,003 [09b3ab32-5fcb-422b-914e-2ec4890cee3e-groupManagement] INFO  server.RaftServerConfigKeys (ConfUtils.java:logGet(46)) - raft.server.threadpool.client.cached = true (default)
2023-06-23 15:09:10,003 [09b3ab32-5fcb-422b-914e-2ec4890cee3e-groupManagement] INFO  server.RaftServerConfigKeys (ConfUtils.java:logGet(46)) - raft.server.threadpool.client.size = 0 (default)
2023-06-23 15:09:10,003 [PipelineCommandHandlerThread-0] INFO  server.RaftServer (RaftServerProxy.java:addNew(98)) - 09b3ab32-5fcb-422b-914e-2ec4890cee3e: addNew group-7F3030C1F5C4:[09b3ab32-5fcb-422b-914e-2ec4890cee3e|rpc:10.1.0.34:15059|admin:10.1.0.34:15058|client:10.1.0.34:15057|dataStream:10.1.0.34:15060|priority:1|startupRole:FOLLOWER] returns      null 09b3ab32-5fcb-422b-914e-2ec4890cee3e@group-7F3030C1F5C4:t0, leader=null, voted=null, raftlog=UNINITIALIZED, conf=-1: peers:[09b3ab32-5fcb-422b-914e-2ec4890cee3e|rpc:10.1.0.34:15059|admin:10.1.0.34:15058|client:10.1.0.34:15057|dataStream:10.1.0.34:15060|priority:1|startupRole:FOLLOWER]|listeners:[], old=null NEW
2023-06-23 15:09:10,004 [09b3ab32-5fcb-422b-914e-2ec4890cee3e-groupManagement] INFO  storage.RaftStorageDirectory (RaftStorageDirectoryImpl.java:analyzeStorage(137)) - The storage directory /home/runner/work/ozone/ozone/hadoop-ozone/integration-test/target/test-dir/MiniOzoneClusterImpl-741560ff-92e5-4b28-9778-2cf52193c8f3/datanode-5/data/ratis/02d69290-92f4-48ab-be1b-7f3030c1f5c4 does not exist. Creating ...
2023-06-23 15:09:10,005 [09b3ab32-5fcb-422b-914e-2ec4890cee3e-groupManagement] INFO  storage.RaftStorageDirectory (RaftStorageDirectoryImpl.java:tryLock(231)) - Lock on /home/runner/work/ozone/ozone/hadoop-ozone/integration-test/target/test-dir/MiniOzoneClusterImpl-741560ff-92e5-4b28-9778-2cf52193c8f3/datanode-5/data/ratis/02d69290-92f4-48ab-be1b-7f3030c1f5c4/in_use.lock acquired by nodename 61630@fv-az424-541
2023-06-23 15:09:10,007 [09b3ab32-5fcb-422b-914e-2ec4890cee3e-groupManagement] INFO  storage.RaftStorage (RaftStorageImpl.java:format(96)) - Storage directory /home/runner/work/ozone/ozone/hadoop-ozone/integration-test/target/test-dir/MiniOzoneClusterImpl-741560ff-92e5-4b28-9778-2cf52193c8f3/datanode-5/data/ratis/02d69290-92f4-48ab-be1b-7f3030c1f5c4 has been successfully formatted.
2023-06-23 15:09:10,007 [09b3ab32-5fcb-422b-914e-2ec4890cee3e-groupManagement] INFO  ratis.ContainerStateMachine (ContainerStateMachine.java:loadSnapshot(262)) - group-7F3030C1F5C4: The snapshot info is null. Setting the last applied indexto:(t:0, i:~)
2023-06-23 15:09:10,007 [09b3ab32-5fcb-422b-914e-2ec4890cee3e-groupManagement] INFO  server.RaftServerConfigKeys (ConfUtils.java:logGet(46)) - raft.server.log.use.memory = false (default)
2023-06-23 15:09:10,008 [09b3ab32-5fcb-422b-914e-2ec4890cee3e-groupManagement] INFO  server.RaftServerConfigKeys (ConfUtils.java:logGet(46)) - raft.server.log.purge.gap = 1000000 (custom)
2023-06-23 15:09:10,008 [09b3ab32-5fcb-422b-914e-2ec4890cee3e-groupManagement] INFO  server.RaftServerConfigKeys (ConfUtils.java:logGet(46)) - raft.server.log.appender.buffer.byte-limit = 33554432 (custom)
2023-06-23 15:09:10,008 [09b3ab32-5fcb-422b-914e-2ec4890cee3e-groupManagement] INFO  server.RaftServerConfigKeys (ConfUtils.java:logGet(46)) - raft.server.log.statemachine.data.read.timeout = 1000ms (default)
2023-06-23 15:09:10,008 [09b3ab32-5fcb-422b-914e-2ec4890cee3e-groupManagement] INFO  server.RaftServerConfigKeys (ConfUtils.java:logGet(46)) - raft.server.log.purge.preservation.log.num = 0 (default)
2023-06-23 15:09:10,008 [09b3ab32-5fcb-422b-914e-2ec4890cee3e-groupManagement] INFO  server.RaftServerConfigKeys (ConfUtils.java:logGet(46)) - raft.server.log.segment.size.max = 1048576 (custom)
2023-06-23 15:09:10,020 [EventQueue-PipelineReportForPipelineReportHandler] INFO  pipeline.PipelineManagerImpl (PipelineManagerImpl.java:openPipeline(381)) - Pipeline Pipeline[ Id: 02d69290-92f4-48ab-be1b-7f3030c1f5c4, Nodes: 09b3ab32-5fcb-422b-914e-2ec4890cee3e(fv-az424-541.i1gjr3zuz4qevjy1zin2gin2ih.gx.internal.cloudapp.net/10.1.0.34), ReplicationConfig: RATIS/ONE, State:ALLOCATED, leaderId:09b3ab32-5fcb-422b-914e-2ec4890cee3e, CreationTimestamp2023-06-23T15:09:07Z[Etc/UTC]] moved to OPEN state
2023-06-23 15:09:10,020 [EventQueue-OpenPipelineForHealthyPipelineSafeModeRule] INFO  safemode.SCMSafeModeManager (HealthyPipelineSafeModeRule.java:process(137)) - SCM in safe mode. Healthy pipelines reported count is 0, required healthy pipeline reported count is 1
2023-06-23 15:09:10,023 [09b3ab32-5fcb-422b-914e-2ec4890cee3e-groupManagement] INFO  server.RaftServerConfigKeys (ConfUtils.java:logGet(46)) - raft.server.log.segment.cache.num.max = 2 (custom)
2023-06-23 15:09:10,023 [09b3ab32-5fcb-422b-914e-2ec4890cee3e-groupManagement] INFO  server.RaftServerConfigKeys (ConfUtils.java:logGet(46)) - raft.server.log.segment.cache.size.max = 200MB (=209715200) (default)
2023-06-23 15:09:10,023 [09b3ab32-5fcb-422b-914e-2ec4890cee3e-groupManagement] INFO  server.RaftServerConfigKeys (ConfUtils.java:logGet(46)) - raft.server.log.appender.buffer.byte-limit = 33554432 (custom)
2023-06-23 15:09:10,023 [09b3ab32-5fcb-422b-914e-2ec4890cee3e-groupManagement] INFO  segmented.SegmentedRaftLogWorker (SegmentedRaftLogWorker.java:<init>(188)) - new 09b3ab32-5fcb-422b-914e-2ec4890cee3e@group-7F3030C1F5C4-SegmentedRaftLogWorker for RaftStorageImpl:Storage Directory /home/runner/work/ozone/ozone/hadoop-ozone/integration-test/target/test-dir/MiniOzoneClusterImpl-741560ff-92e5-4b28-9778-2cf52193c8f3/datanode-5/data/ratis/02d69290-92f4-48ab-be1b-7f3030c1f5c4
2023-06-23 15:09:10,023 [09b3ab32-5fcb-422b-914e-2ec4890cee3e-groupManagement] INFO  server.RaftServerConfigKeys (ConfUtils.java:logGet(46)) - raft.server.log.queue.byte-limit = 4294967296 (custom)
2023-06-23 15:09:10,023 [09b3ab32-5fcb-422b-914e-2ec4890cee3e-groupManagement] INFO  server.RaftServerConfigKeys (ConfUtils.java:logGet(46)) - raft.server.log.queue.element-limit = 1024 (custom)
2023-06-23 15:09:10,023 [09b3ab32-5fcb-422b-914e-2ec4890cee3e-groupManagement] INFO  server.RaftServerConfigKeys (ConfUtils.java:logGet(46)) - raft.server.log.segment.size.max = 1048576 (custom)
2023-06-23 15:09:10,023 [09b3ab32-5fcb-422b-914e-2ec4890cee3e-groupManagement] INFO  server.RaftServerConfigKeys (ConfUtils.java:logGet(46)) - raft.server.log.preallocated.size = 16384 (custom)
2023-06-23 15:09:10,026 [09b3ab32-5fcb-422b-914e-2ec4890cee3e-groupManagement] INFO  server.RaftServerConfigKeys (ConfUtils.java:logGet(46)) - raft.server.log.force.sync.num = 128 (default)
2023-06-23 15:09:10,026 [09b3ab32-5fcb-422b-914e-2ec4890cee3e-groupManagement] INFO  server.RaftServerConfigKeys (ConfUtils.java:logGet(46)) - raft.server.log.statemachine.data.sync = true (default)
2023-06-23 15:09:10,026 [09b3ab32-5fcb-422b-914e-2ec4890cee3e-groupManagement] INFO  server.RaftServerConfigKeys (ConfUtils.java:logGet(46)) - raft.server.log.statemachine.data.sync.timeout = 10s (default)
2023-06-23 15:09:10,026 [09b3ab32-5fcb-422b-914e-2ec4890cee3e-groupManagement] INFO  server.RaftServerConfigKeys (ConfUtils.java:logGet(46)) - raft.server.log.statemachine.data.sync.timeout.retry = -1 (default)
2023-06-23 15:09:10,027 [09b3ab32-5fcb-422b-914e-2ec4890cee3e-groupManagement] INFO  server.RaftServerConfigKeys (ConfUtils.java:logGet(46)) - raft.server.log.write.buffer.size = 1048576 (custom)
2023-06-23 15:09:10,029 [09b3ab32-5fcb-422b-914e-2ec4890cee3e-groupManagement] INFO  server.RaftServerConfigKeys (ConfUtils.java:logGet(46)) - raft.server.log.appender.buffer.byte-limit = 33554432 (custom)
2023-06-23 15:09:10,035 [09b3ab32-5fcb-422b-914e-2ec4890cee3e-groupManagement] INFO  server.RaftServerConfigKeys (ConfUtils.java:logGet(46)) - raft.server.log.unsafe-flush.enabled = false (default)
2023-06-23 15:09:10,035 [09b3ab32-5fcb-422b-914e-2ec4890cee3e-groupManagement] INFO  server.RaftServerConfigKeys (ConfUtils.java:logGet(46)) - raft.server.log.async-flush.enabled = false (default)
2023-06-23 15:09:10,035 [09b3ab32-5fcb-422b-914e-2ec4890cee3e-groupManagement] INFO  server.RaftServerConfigKeys (ConfUtils.java:logGet(46)) - raft.server.log.statemachine.data.caching.enabled = true (custom)
2023-06-23 15:09:10,035 [09b3ab32-5fcb-422b-914e-2ec4890cee3e-groupManagement] INFO  segmented.SegmentedRaftLogWorker (SegmentedRaftLogWorker.java:lambda$new$0(135)) - 09b3ab32-5fcb-422b-914e-2ec4890cee3e@group-7F3030C1F5C4-SegmentedRaftLogWorker: flushIndex: setUnconditionally 0 -> -1
2023-06-23 15:09:10,035 [09b3ab32-5fcb-422b-914e-2ec4890cee3e-groupManagement] INFO  segmented.SegmentedRaftLogWorker (SegmentedRaftLogWorker.java:lambda$new$0(135)) - 09b3ab32-5fcb-422b-914e-2ec4890cee3e@group-7F3030C1F5C4-SegmentedRaftLogWorker: safeCacheEvictIndex: setUnconditionally 0 -> -1
2023-06-23 15:09:10,035 [09b3ab32-5fcb-422b-914e-2ec4890cee3e-groupManagement] INFO  server.RaftServer$Division (RaftServerImpl.java:start(342)) - 09b3ab32-5fcb-422b-914e-2ec4890cee3e@group-7F3030C1F5C4: start as a follower, conf=-1: peers:[09b3ab32-5fcb-422b-914e-2ec4890cee3e|rpc:10.1.0.34:15059|admin:10.1.0.34:15058|client:10.1.0.34:15057|dataStream:10.1.0.34:15060|priority:1|startupRole:FOLLOWER]|listeners:[], old=null
2023-06-23 15:09:10,035 [09b3ab32-5fcb-422b-914e-2ec4890cee3e-groupManagement] INFO  server.RaftServer$Division (RaftServerImpl.java:setRole(329)) - 09b3ab32-5fcb-422b-914e-2ec4890cee3e@group-7F3030C1F5C4: changes role from      null to FOLLOWER at term 0 for startAsFollower
2023-06-23 15:09:10,038 [09b3ab32-5fcb-422b-914e-2ec4890cee3e-groupManagement] INFO  impl.RoleInfo (RoleInfo.java:updateAndGet(139)) - 09b3ab32-5fcb-422b-914e-2ec4890cee3e: start 09b3ab32-5fcb-422b-914e-2ec4890cee3e@group-7F3030C1F5C4-FollowerState
2023-06-23 15:09:10,041 [09b3ab32-5fcb-422b-914e-2ec4890cee3e-groupManagement] INFO  util.JmxRegister (JmxRegister.java:tryRegister(44)) - Successfully registered JMX Bean with object name Ratis:service=RaftServer,group=group-7F3030C1F5C4,id=09b3ab32-5fcb-422b-914e-2ec4890cee3e
2023-06-23 15:09:10,041 [09b3ab32-5fcb-422b-914e-2ec4890cee3e-groupManagement] INFO  server.RaftServerConfigKeys (ConfUtils.java:logGet(46)) - raft.server.snapshot.auto.trigger.enabled = true (custom)
2023-06-23 15:09:10,041 [09b3ab32-5fcb-422b-914e-2ec4890cee3e-groupManagement] INFO  server.RaftServerConfigKeys (ConfUtils.java:logGet(46)) - raft.server.snapshot.auto.trigger.threshold = 10000 (custom)
2023-06-23 15:09:10,041 [09b3ab32-5fcb-422b-914e-2ec4890cee3e-groupManagement] INFO  server.RaftServerConfigKeys (ConfUtils.java:logGet(46)) - raft.server.snapshot.retention.file.num = 5 (custom)
2023-06-23 15:09:10,041 [09b3ab32-5fcb-422b-914e-2ec4890cee3e-groupManagement] INFO  server.RaftServerConfigKeys (ConfUtils.java:logGet(46)) - raft.server.log.purge.upto.snapshot.index = false (default)
2023-06-23 15:09:10,042 [09b3ab32-5fcb-422b-914e-2ec4890cee3e@group-7F3030C1F5C4-FollowerState] INFO  server.RaftServerConfigKeys (ConfUtils.java:logFallback(53)) - raft.server.rpc.first-election.timeout.min = 5s (fallback to raft.server.rpc.timeout.min)
2023-06-23 15:09:10,042 [09b3ab32-5fcb-422b-914e-2ec4890cee3e@group-7F3030C1F5C4-FollowerState] INFO  server.RaftServerConfigKeys (ConfUtils.java:logFallback(53)) - raft.server.rpc.first-election.timeout.max = 5200ms (fallback to raft.server.rpc.timeout.max)
2023-06-23 15:09:10,044 [PipelineCommandHandlerThread-0] INFO  ratis.XceiverServerRatis (XceiverServerRatis.java:addGroup(804)) - Created group PipelineID=02d69290-92f4-48ab-be1b-7f3030c1f5c4
2023-06-23 15:09:10,044 [PipelineCommandHandlerThread-0] INFO  commandhandler.CreatePipelineCommandHandler (CreatePipelineCommandHandler.java:lambda$handle$2(124)) - Created Pipeline RATIS ONE PipelineID=02d69290-92f4-48ab-be1b-7f3030c1f5c4.
2023-06-23 15:09:10,055 [PipelineCommandHandlerThread-0] INFO  commandhandler.CreatePipelineCommandHandler (CreatePipelineCommandHandler.java:lambda$handle$2(124)) - Created Pipeline RATIS THREE PipelineID=69d671e8-1ffb-428d-a945-2203fc5028f8.
2023-06-23 15:09:10,073 [PipelineCommandHandlerThread-0] INFO  commandhandler.CreatePipelineCommandHandler (CreatePipelineCommandHandler.java:lambda$handle$2(124)) - Created Pipeline RATIS THREE PipelineID=69d671e8-1ffb-428d-a945-2203fc5028f8.
2023-06-23 15:09:10,449 [PipelineCommandHandlerThread-0] INFO  server.RaftServer (RaftServerProxy.java:addNew(98)) - 8f274f01-9fb1-4f6a-9095-80f32b07f498: addNew group-80AD8E0CE213:[8f274f01-9fb1-4f6a-9095-80f32b07f498|rpc:10.1.0.34:15068|admin:10.1.0.34:15067|client:10.1.0.34:15066|dataStream:10.1.0.34:15069|priority:1|startupRole:FOLLOWER] returns group-80AD8E0CE213:java.util.concurrent.CompletableFuture@10e85420[Not completed]
2023-06-23 15:09:10,450 [8f274f01-9fb1-4f6a-9095-80f32b07f498-groupManagement] INFO  server.RaftServer$Division (RaftServerImpl.java:<init>(198)) - 8f274f01-9fb1-4f6a-9095-80f32b07f498: new RaftServerImpl for group-80AD8E0CE213:[8f274f01-9fb1-4f6a-9095-80f32b07f498|rpc:10.1.0.34:15068|admin:10.1.0.34:15067|client:10.1.0.34:15066|dataStream:10.1.0.34:15069|priority:1|startupRole:FOLLOWER] with ContainerStateMachine:uninitialized
2023-06-23 15:09:10,450 [8f274f01-9fb1-4f6a-9095-80f32b07f498-groupManagement] INFO  server.RaftServerConfigKeys (ConfUtils.java:logGet(46)) - raft.server.rpc.timeout.min = 5s (custom)
2023-06-23 15:09:10,450 [8f274f01-9fb1-4f6a-9095-80f32b07f498-groupManagement] INFO  server.RaftServerConfigKeys (ConfUtils.java:logGet(46)) - raft.server.rpc.timeout.max = 5200ms (custom)
2023-06-23 15:09:10,450 [8f274f01-9fb1-4f6a-9095-80f32b07f498-groupManagement] INFO  server.RaftServerConfigKeys (ConfUtils.java:logGet(46)) - raft.server.rpc.sleep.time = 25ms (default)
2023-06-23 15:09:10,450 [8f274f01-9fb1-4f6a-9095-80f32b07f498-groupManagement] INFO  server.RaftServerConfigKeys (ConfUtils.java:logGet(46)) - raft.server.rpc.slowness.timeout = 300s (custom)
2023-06-23 15:09:10,451 [8f274f01-9fb1-4f6a-9095-80f32b07f498-groupManagement] INFO  server.RaftServerConfigKeys (ConfUtils.java:logGet(46)) - raft.server.leaderelection.leader.step-down.wait-time = 10s (default)
2023-06-23 15:09:10,451 [8f274f01-9fb1-4f6a-9095-80f32b07f498-groupManagement] INFO  server.RaftServerConfigKeys (ConfUtils.java:logGet(46)) - raft.server.sleep.deviation.threshold = 300ms (default)
2023-06-23 15:09:10,451 [8f274f01-9fb1-4f6a-9095-80f32b07f498-groupManagement] INFO  server.RaftServer$Division (ServerState.java:<init>(120)) - 8f274f01-9fb1-4f6a-9095-80f32b07f498@group-80AD8E0CE213: ConfigurationManager, init=-1: peers:[8f274f01-9fb1-4f6a-9095-80f32b07f498|rpc:10.1.0.34:15068|admin:10.1.0.34:15067|client:10.1.0.34:15066|dataStream:10.1.0.34:15069|priority:1|startupRole:FOLLOWER]|listeners:[], old=null, confs=<EMPTY_MAP>
2023-06-23 15:09:10,451 [8f274f01-9fb1-4f6a-9095-80f32b07f498-groupManagement] INFO  server.RaftServerConfigKeys (ConfUtils.java:logGet(46)) - raft.server.storage.dir = [/home/runner/work/ozone/ozone/hadoop-ozone/integration-test/target/test-dir/MiniOzoneClusterImpl-741560ff-92e5-4b28-9778-2cf52193c8f3/datanode-6/data/ratis] (custom)
2023-06-23 15:09:10,451 [8f274f01-9fb1-4f6a-9095-80f32b07f498-groupManagement] INFO  server.RaftServerConfigKeys (ConfUtils.java:logGet(46)) - raft.server.log.corruption.policy = EXCEPTION (default)
2023-06-23 15:09:10,451 [8f274f01-9fb1-4f6a-9095-80f32b07f498-groupManagement] INFO  server.RaftServerConfigKeys (ConfUtils.java:logGet(46)) - raft.server.storage.free-space.min = 0MB (=0) (default)
2023-06-23 15:09:10,451 [8f274f01-9fb1-4f6a-9095-80f32b07f498-groupManagement] INFO  server.RaftServerConfigKeys (ConfUtils.java:logGet(46)) - raft.server.notification.no-leader.timeout = 300s (custom)
2023-06-23 15:09:10,451 [8f274f01-9fb1-4f6a-9095-80f32b07f498-groupManagement] INFO  server.RaftServerConfigKeys (ConfUtils.java:logGet(46)) - raft.server.read.timeout = 10s (default)
2023-06-23 15:09:10,451 [8f274f01-9fb1-4f6a-9095-80f32b07f498-groupManagement] INFO  server.RaftServerConfigKeys (ConfUtils.java:logGet(46)) - raft.server.retrycache.expirytime = 600000ms (custom)
2023-06-23 15:09:10,451 [8f274f01-9fb1-4f6a-9095-80f32b07f498-groupManagement] INFO  server.RaftServerConfigKeys (ConfUtils.java:logGet(46)) - raft.server.retrycache.statistics.expirytime = 100μs (default)
2023-06-23 15:09:10,451 [8f274f01-9fb1-4f6a-9095-80f32b07f498-groupManagement] INFO  server.RaftServerConfigKeys (ConfUtils.java:logGet(46)) - raft.server.read.option = DEFAULT (default)
2023-06-23 15:09:10,452 [8f274f01-9fb1-4f6a-9095-80f32b07f498-groupManagement] INFO  server.RaftServerConfigKeys (ConfUtils.java:logGet(46)) - raft.server.rpc.request.timeout = 60s (custom)
2023-06-23 15:09:10,453 [8f274f01-9fb1-4f6a-9095-80f32b07f498-groupManagement] INFO  server.RaftServerConfigKeys (ConfUtils.java:logGet(46)) - raft.server.log.appender.install.snapshot.enabled = false (custom)
2023-06-23 15:09:10,453 [8f274f01-9fb1-4f6a-9095-80f32b07f498-groupManagement] INFO  server.RaftServerConfigKeys (ConfUtils.java:logGet(46)) - raft.server.threadpool.server.cached = true (default)
2023-06-23 15:09:10,453 [8f274f01-9fb1-4f6a-9095-80f32b07f498-groupManagement] INFO  server.RaftServerConfigKeys (ConfUtils.java:logGet(46)) - raft.server.threadpool.server.size = 0 (default)
2023-06-23 15:09:10,453 [8f274f01-9fb1-4f6a-9095-80f32b07f498-groupManagement] INFO  server.RaftServerConfigKeys (ConfUtils.java:logGet(46)) - raft.server.threadpool.client.cached = true (default)
2023-06-23 15:09:10,453 [8f274f01-9fb1-4f6a-9095-80f32b07f498-groupManagement] INFO  server.RaftServerConfigKeys (ConfUtils.java:logGet(46)) - raft.server.threadpool.client.size = 0 (default)
2023-06-23 15:09:10,453 [8f274f01-9fb1-4f6a-9095-80f32b07f498-groupManagement] INFO  storage.RaftStorageDirectory (RaftStorageDirectoryImpl.java:analyzeStorage(137)) - The storage directory /home/runner/work/ozone/ozone/hadoop-ozone/integration-test/target/test-dir/MiniOzoneClusterImpl-741560ff-92e5-4b28-9778-2cf52193c8f3/datanode-6/data/ratis/b8533810-7955-4564-b78a-80ad8e0ce213 does not exist. Creating ...
2023-06-23 15:09:10,454 [8f274f01-9fb1-4f6a-9095-80f32b07f498-groupManagement] INFO  storage.RaftStorageDirectory (RaftStorageDirectoryImpl.java:tryLock(231)) - Lock on /home/runner/work/ozone/ozone/hadoop-ozone/integration-test/target/test-dir/MiniOzoneClusterImpl-741560ff-92e5-4b28-9778-2cf52193c8f3/datanode-6/data/ratis/b8533810-7955-4564-b78a-80ad8e0ce213/in_use.lock acquired by nodename 61630@fv-az424-541
2023-06-23 15:09:10,455 [8f274f01-9fb1-4f6a-9095-80f32b07f498-groupManagement] INFO  storage.RaftStorage (RaftStorageImpl.java:format(96)) - Storage directory /home/runner/work/ozone/ozone/hadoop-ozone/integration-test/target/test-dir/MiniOzoneClusterImpl-741560ff-92e5-4b28-9778-2cf52193c8f3/datanode-6/data/ratis/b8533810-7955-4564-b78a-80ad8e0ce213 has been successfully formatted.
2023-06-23 15:09:10,457 [8f274f01-9fb1-4f6a-9095-80f32b07f498-groupManagement] INFO  ratis.ContainerStateMachine (ContainerStateMachine.java:loadSnapshot(262)) - group-80AD8E0CE213: The snapshot info is null. Setting the last applied indexto:(t:0, i:~)
2023-06-23 15:09:10,458 [8f274f01-9fb1-4f6a-9095-80f32b07f498-groupManagement] INFO  server.RaftServerConfigKeys (ConfUtils.java:logGet(46)) - raft.server.log.use.memory = false (default)
2023-06-23 15:09:10,458 [8f274f01-9fb1-4f6a-9095-80f32b07f498-groupManagement] INFO  server.RaftServerConfigKeys (ConfUtils.java:logGet(46)) - raft.server.log.purge.gap = 1000000 (custom)
2023-06-23 15:09:10,458 [8f274f01-9fb1-4f6a-9095-80f32b07f498-groupManagement] INFO  server.RaftServerConfigKeys (ConfUtils.java:logGet(46)) - raft.server.log.appender.buffer.byte-limit = 33554432 (custom)
2023-06-23 15:09:10,458 [8f274f01-9fb1-4f6a-9095-80f32b07f498-groupManagement] INFO  server.RaftServerConfigKeys (ConfUtils.java:logGet(46)) - raft.server.log.statemachine.data.read.timeout = 1000ms (default)
2023-06-23 15:09:10,458 [8f274f01-9fb1-4f6a-9095-80f32b07f498-groupManagement] INFO  server.RaftServerConfigKeys (ConfUtils.java:logGet(46)) - raft.server.log.purge.preservation.log.num = 0 (default)
2023-06-23 15:09:10,458 [8f274f01-9fb1-4f6a-9095-80f32b07f498-groupManagement] INFO  server.RaftServerConfigKeys (ConfUtils.java:logGet(46)) - raft.server.log.segment.size.max = 1048576 (custom)
2023-06-23 15:09:10,458 [8f274f01-9fb1-4f6a-9095-80f32b07f498-groupManagement] INFO  server.RaftServerConfigKeys (ConfUtils.java:logGet(46)) - raft.server.log.segment.cache.num.max = 2 (custom)
2023-06-23 15:09:10,459 [8f274f01-9fb1-4f6a-9095-80f32b07f498-groupManagement] INFO  server.RaftServerConfigKeys (ConfUtils.java:logGet(46)) - raft.server.log.segment.cache.size.max = 200MB (=209715200) (default)
2023-06-23 15:09:10,459 [8f274f01-9fb1-4f6a-9095-80f32b07f498-groupManagement] INFO  server.RaftServerConfigKeys (ConfUtils.java:logGet(46)) - raft.server.log.appender.buffer.byte-limit = 33554432 (custom)
2023-06-23 15:09:10,459 [8f274f01-9fb1-4f6a-9095-80f32b07f498-groupManagement] INFO  segmented.SegmentedRaftLogWorker (SegmentedRaftLogWorker.java:<init>(188)) - new 8f274f01-9fb1-4f6a-9095-80f32b07f498@group-80AD8E0CE213-SegmentedRaftLogWorker for RaftStorageImpl:Storage Directory /home/runner/work/ozone/ozone/hadoop-ozone/integration-test/target/test-dir/MiniOzoneClusterImpl-741560ff-92e5-4b28-9778-2cf52193c8f3/datanode-6/data/ratis/b8533810-7955-4564-b78a-80ad8e0ce213
2023-06-23 15:09:10,459 [8f274f01-9fb1-4f6a-9095-80f32b07f498-groupManagement] INFO  server.RaftServerConfigKeys (ConfUtils.java:logGet(46)) - raft.server.log.queue.byte-limit = 4294967296 (custom)
2023-06-23 15:09:10,459 [8f274f01-9fb1-4f6a-9095-80f32b07f498-groupManagement] INFO  server.RaftServerConfigKeys (ConfUtils.java:logGet(46)) - raft.server.log.queue.element-limit = 1024 (custom)
2023-06-23 15:09:10,459 [8f274f01-9fb1-4f6a-9095-80f32b07f498-groupManagement] INFO  server.RaftServerConfigKeys (ConfUtils.java:logGet(46)) - raft.server.log.segment.size.max = 1048576 (custom)
2023-06-23 15:09:10,459 [8f274f01-9fb1-4f6a-9095-80f32b07f498-groupManagement] INFO  server.RaftServerConfigKeys (ConfUtils.java:logGet(46)) - raft.server.log.preallocated.size = 16384 (custom)
2023-06-23 15:09:10,459 [8f274f01-9fb1-4f6a-9095-80f32b07f498-groupManagement] INFO  server.RaftServerConfigKeys (ConfUtils.java:logGet(46)) - raft.server.log.force.sync.num = 128 (default)
2023-06-23 15:09:10,459 [8f274f01-9fb1-4f6a-9095-80f32b07f498-groupManagement] INFO  server.RaftServerConfigKeys (ConfUtils.java:logGet(46)) - raft.server.log.statemachine.data.sync = true (default)
2023-06-23 15:09:10,459 [8f274f01-9fb1-4f6a-9095-80f32b07f498-groupManagement] INFO  server.RaftServerConfigKeys (ConfUtils.java:logGet(46)) - raft.server.log.statemachine.data.sync.timeout = 10s (default)
2023-06-23 15:09:10,459 [EventQueue-PipelineReportForPipelineReportHandler] INFO  pipeline.PipelineManagerImpl (PipelineManagerImpl.java:openPipeline(381)) - Pipeline Pipeline[ Id: b8533810-7955-4564-b78a-80ad8e0ce213, Nodes: 8f274f01-9fb1-4f6a-9095-80f32b07f498(fv-az424-541.i1gjr3zuz4qevjy1zin2gin2ih.gx.internal.cloudapp.net/10.1.0.34), ReplicationConfig: RATIS/ONE, State:ALLOCATED, leaderId:8f274f01-9fb1-4f6a-9095-80f32b07f498, CreationTimestamp2023-06-23T15:09:07.450Z[Etc/UTC]] moved to OPEN state
2023-06-23 15:09:10,459 [8f274f01-9fb1-4f6a-9095-80f32b07f498-groupManagement] INFO  server.RaftServerConfigKeys (ConfUtils.java:logGet(46)) - raft.server.log.statemachine.data.sync.timeout.retry = -1 (default)
2023-06-23 15:09:10,459 [EventQueue-OpenPipelineForHealthyPipelineSafeModeRule] INFO  safemode.SCMSafeModeManager (HealthyPipelineSafeModeRule.java:process(137)) - SCM in safe mode. Healthy pipelines reported count is 0, required healthy pipeline reported count is 1
2023-06-23 15:09:10,460 [8f274f01-9fb1-4f6a-9095-80f32b07f498-groupManagement] INFO  server.RaftServerConfigKeys (ConfUtils.java:logGet(46)) - raft.server.log.write.buffer.size = 1048576 (custom)
2023-06-23 15:09:10,461 [8f274f01-9fb1-4f6a-9095-80f32b07f498-groupManagement] INFO  server.RaftServerConfigKeys (ConfUtils.java:logGet(46)) - raft.server.log.appender.buffer.byte-limit = 33554432 (custom)
2023-06-23 15:09:10,466 [8f274f01-9fb1-4f6a-9095-80f32b07f498-groupManagement] INFO  server.RaftServerConfigKeys (ConfUtils.java:logGet(46)) - raft.server.log.unsafe-flush.enabled = false (default)
2023-06-23 15:09:10,466 [8f274f01-9fb1-4f6a-9095-80f32b07f498-groupManagement] INFO  server.RaftServerConfigKeys (ConfUtils.java:logGet(46)) - raft.server.log.async-flush.enabled = false (default)
2023-06-23 15:09:10,466 [8f274f01-9fb1-4f6a-9095-80f32b07f498-groupManagement] INFO  server.RaftServerConfigKeys (ConfUtils.java:logGet(46)) - raft.server.log.statemachine.data.caching.enabled = true (custom)
2023-06-23 15:09:10,466 [8f274f01-9fb1-4f6a-9095-80f32b07f498-groupManagement] INFO  segmented.SegmentedRaftLogWorker (SegmentedRaftLogWorker.java:lambda$new$0(135)) - 8f274f01-9fb1-4f6a-9095-80f32b07f498@group-80AD8E0CE213-SegmentedRaftLogWorker: flushIndex: setUnconditionally 0 -> -1
2023-06-23 15:09:10,466 [8f274f01-9fb1-4f6a-9095-80f32b07f498-groupManagement] INFO  segmented.SegmentedRaftLogWorker (SegmentedRaftLogWorker.java:lambda$new$0(135)) - 8f274f01-9fb1-4f6a-9095-80f32b07f498@group-80AD8E0CE213-SegmentedRaftLogWorker: safeCacheEvictIndex: setUnconditionally 0 -> -1
2023-06-23 15:09:10,471 [8f274f01-9fb1-4f6a-9095-80f32b07f498-groupManagement] INFO  server.RaftServer$Division (RaftServerImpl.java:start(342)) - 8f274f01-9fb1-4f6a-9095-80f32b07f498@group-80AD8E0CE213: start as a follower, conf=-1: peers:[8f274f01-9fb1-4f6a-9095-80f32b07f498|rpc:10.1.0.34:15068|admin:10.1.0.34:15067|client:10.1.0.34:15066|dataStream:10.1.0.34:15069|priority:1|startupRole:FOLLOWER]|listeners:[], old=null
2023-06-23 15:09:10,471 [8f274f01-9fb1-4f6a-9095-80f32b07f498-groupManagement] INFO  server.RaftServer$Division (RaftServerImpl.java:setRole(329)) - 8f274f01-9fb1-4f6a-9095-80f32b07f498@group-80AD8E0CE213: changes role from      null to FOLLOWER at term 0 for startAsFollower
2023-06-23 15:09:10,471 [8f274f01-9fb1-4f6a-9095-80f32b07f498-groupManagement] INFO  impl.RoleInfo (RoleInfo.java:updateAndGet(139)) - 8f274f01-9fb1-4f6a-9095-80f32b07f498: start 8f274f01-9fb1-4f6a-9095-80f32b07f498@group-80AD8E0CE213-FollowerState
2023-06-23 15:09:10,479 [8f274f01-9fb1-4f6a-9095-80f32b07f498-groupManagement] INFO  util.JmxRegister (JmxRegister.java:tryRegister(44)) - Successfully registered JMX Bean with object name Ratis:service=RaftServer,group=group-80AD8E0CE213,id=8f274f01-9fb1-4f6a-9095-80f32b07f498
2023-06-23 15:09:10,479 [8f274f01-9fb1-4f6a-9095-80f32b07f498-groupManagement] INFO  server.RaftServerConfigKeys (ConfUtils.java:logGet(46)) - raft.server.snapshot.auto.trigger.enabled = true (custom)
2023-06-23 15:09:10,479 [8f274f01-9fb1-4f6a-9095-80f32b07f498-groupManagement] INFO  server.RaftServerConfigKeys (ConfUtils.java:logGet(46)) - raft.server.snapshot.auto.trigger.threshold = 10000 (custom)
2023-06-23 15:09:10,479 [8f274f01-9fb1-4f6a-9095-80f32b07f498-groupManagement] INFO  server.RaftServerConfigKeys (ConfUtils.java:logGet(46)) - raft.server.snapshot.retention.file.num = 5 (custom)
2023-06-23 15:09:10,480 [8f274f01-9fb1-4f6a-9095-80f32b07f498-groupManagement] INFO  server.RaftServerConfigKeys (ConfUtils.java:logGet(46)) - raft.server.log.purge.upto.snapshot.index = false (default)
2023-06-23 15:09:10,480 [PipelineCommandHandlerThread-0] INFO  ratis.XceiverServerRatis (XceiverServerRatis.java:addGroup(804)) - Created group PipelineID=b8533810-7955-4564-b78a-80ad8e0ce213
2023-06-23 15:09:10,480 [PipelineCommandHandlerThread-0] INFO  commandhandler.CreatePipelineCommandHandler (CreatePipelineCommandHandler.java:lambda$handle$2(124)) - Created Pipeline RATIS ONE PipelineID=b8533810-7955-4564-b78a-80ad8e0ce213.
2023-06-23 15:09:10,481 [PipelineCommandHandlerThread-0] INFO  server.RaftServer (RaftServerProxy.java:addNew(98)) - 8f274f01-9fb1-4f6a-9095-80f32b07f498: addNew group-9210922174F7:[8f274f01-9fb1-4f6a-9095-80f32b07f498|rpc:10.1.0.34:15068|admin:10.1.0.34:15067|client:10.1.0.34:15066|dataStream:10.1.0.34:15069|priority:1|startupRole:FOLLOWER, 9f5088ea-8577-40bb-8f98-2a64f0190639|rpc:10.1.0.34:15077|admin:10.1.0.34:15076|client:10.1.0.34:15075|dataStream:10.1.0.34:15078|priority:0|startupRole:FOLLOWER, 1f6e8c2c-f646-4632-8e05-148bee690267|rpc:10.1.0.34:15086|admin:10.1.0.34:15085|client:10.1.0.34:15084|dataStream:10.1.0.34:15087|priority:0|startupRole:FOLLOWER] returns group-9210922174F7:java.util.concurrent.CompletableFuture@14d7c2e5[Not completed]
2023-06-23 15:09:10,483 [8f274f01-9fb1-4f6a-9095-80f32b07f498@group-80AD8E0CE213-FollowerState] INFO  server.RaftServerConfigKeys (ConfUtils.java:logFallback(53)) - raft.server.rpc.first-election.timeout.min = 5s (fallback to raft.server.rpc.timeout.min)
2023-06-23 15:09:10,484 [8f274f01-9fb1-4f6a-9095-80f32b07f498@group-80AD8E0CE213-FollowerState] INFO  server.RaftServerConfigKeys (ConfUtils.java:logFallback(53)) - raft.server.rpc.first-election.timeout.max = 5200ms (fallback to raft.server.rpc.timeout.max)
2023-06-23 15:09:10,484 [8f274f01-9fb1-4f6a-9095-80f32b07f498-groupManagement] INFO  server.RaftServer$Division (RaftServerImpl.java:<init>(198)) - 8f274f01-9fb1-4f6a-9095-80f32b07f498: new RaftServerImpl for group-9210922174F7:[8f274f01-9fb1-4f6a-9095-80f32b07f498|rpc:10.1.0.34:15068|admin:10.1.0.34:15067|client:10.1.0.34:15066|dataStream:10.1.0.34:15069|priority:1|startupRole:FOLLOWER, 9f5088ea-8577-40bb-8f98-2a64f0190639|rpc:10.1.0.34:15077|admin:10.1.0.34:15076|client:10.1.0.34:15075|dataStream:10.1.0.34:15078|priority:0|startupRole:FOLLOWER, 1f6e8c2c-f646-4632-8e05-148bee690267|rpc:10.1.0.34:15086|admin:10.1.0.34:15085|client:10.1.0.34:15084|dataStream:10.1.0.34:15087|priority:0|startupRole:FOLLOWER] with ContainerStateMachine:uninitialized
2023-06-23 15:09:10,484 [8f274f01-9fb1-4f6a-9095-80f32b07f498-groupManagement] INFO  server.RaftServerConfigKeys (ConfUtils.java:logGet(46)) - raft.server.rpc.timeout.min = 5s (custom)
2023-06-23 15:09:10,484 [8f274f01-9fb1-4f6a-9095-80f32b07f498-groupManagement] INFO  server.RaftServerConfigKeys (ConfUtils.java:logGet(46)) - raft.server.rpc.timeout.max = 5200ms (custom)
2023-06-23 15:09:10,484 [8f274f01-9fb1-4f6a-9095-80f32b07f498-groupManagement] INFO  server.RaftServerConfigKeys (ConfUtils.java:logGet(46)) - raft.server.rpc.sleep.time = 25ms (default)
2023-06-23 15:09:10,484 [8f274f01-9fb1-4f6a-9095-80f32b07f498-groupManagement] INFO  server.RaftServerConfigKeys (ConfUtils.java:logGet(46)) - raft.server.rpc.slowness.timeout = 300s (custom)
2023-06-23 15:09:10,484 [8f274f01-9fb1-4f6a-9095-80f32b07f498-groupManagement] INFO  server.RaftServerConfigKeys (ConfUtils.java:logGet(46)) - raft.server.leaderelection.leader.step-down.wait-time = 10s (default)
2023-06-23 15:09:10,485 [8f274f01-9fb1-4f6a-9095-80f32b07f498-groupManagement] INFO  server.RaftServerConfigKeys (ConfUtils.java:logGet(46)) - raft.server.sleep.deviation.threshold = 300ms (default)
2023-06-23 15:09:10,485 [8f274f01-9fb1-4f6a-9095-80f32b07f498-groupManagement] INFO  server.RaftServer$Division (ServerState.java:<init>(120)) - 8f274f01-9fb1-4f6a-9095-80f32b07f498@group-9210922174F7: ConfigurationManager, init=-1: peers:[8f274f01-9fb1-4f6a-9095-80f32b07f498|rpc:10.1.0.34:15068|admin:10.1.0.34:15067|client:10.1.0.34:15066|dataStream:10.1.0.34:15069|priority:1|startupRole:FOLLOWER, 9f5088ea-8577-40bb-8f98-2a64f0190639|rpc:10.1.0.34:15077|admin:10.1.0.34:15076|client:10.1.0.34:15075|dataStream:10.1.0.34:15078|priority:0|startupRole:FOLLOWER, 1f6e8c2c-f646-4632-8e05-148bee690267|rpc:10.1.0.34:15086|admin:10.1.0.34:15085|client:10.1.0.34:15084|dataStream:10.1.0.34:15087|priority:0|startupRole:FOLLOWER]|listeners:[], old=null, confs=<EMPTY_MAP>
2023-06-23 15:09:10,485 [8f274f01-9fb1-4f6a-9095-80f32b07f498-groupManagement] INFO  server.RaftServerConfigKeys (ConfUtils.java:logGet(46)) - raft.server.storage.dir = [/home/runner/work/ozone/ozone/hadoop-ozone/integration-test/target/test-dir/MiniOzoneClusterImpl-741560ff-92e5-4b28-9778-2cf52193c8f3/datanode-6/data/ratis] (custom)
2023-06-23 15:09:10,485 [8f274f01-9fb1-4f6a-9095-80f32b07f498-groupManagement] INFO  server.RaftServerConfigKeys (ConfUtils.java:logGet(46)) - raft.server.log.corruption.policy = EXCEPTION (default)
2023-06-23 15:09:10,485 [8f274f01-9fb1-4f6a-9095-80f32b07f498-groupManagement] INFO  server.RaftServerConfigKeys (ConfUtils.java:logGet(46)) - raft.server.storage.free-space.min = 0MB (=0) (default)
2023-06-23 15:09:10,485 [8f274f01-9fb1-4f6a-9095-80f32b07f498-groupManagement] INFO  server.RaftServerConfigKeys (ConfUtils.java:logGet(46)) - raft.server.notification.no-leader.timeout = 300s (custom)
2023-06-23 15:09:10,485 [8f274f01-9fb1-4f6a-9095-80f32b07f498-groupManagement] INFO  server.RaftServerConfigKeys (ConfUtils.java:logGet(46)) - raft.server.read.timeout = 10s (default)
2023-06-23 15:09:10,485 [8f274f01-9fb1-4f6a-9095-80f32b07f498-groupManagement] INFO  server.RaftServerConfigKeys (ConfUtils.java:logGet(46)) - raft.server.retrycache.expirytime = 600000ms (custom)
2023-06-23 15:09:10,485 [8f274f01-9fb1-4f6a-9095-80f32b07f498-groupManagement] INFO  server.RaftServerConfigKeys (ConfUtils.java:logGet(46)) - raft.server.retrycache.statistics.expirytime = 100μs (default)
2023-06-23 15:09:10,485 [8f274f01-9fb1-4f6a-9095-80f32b07f498-groupManagement] INFO  server.RaftServerConfigKeys (ConfUtils.java:logGet(46)) - raft.server.read.option = DEFAULT (default)
2023-06-23 15:09:10,486 [8f274f01-9fb1-4f6a-9095-80f32b07f498-groupManagement] INFO  server.RaftServerConfigKeys (ConfUtils.java:logGet(46)) - raft.server.rpc.request.timeout = 60s (custom)
2023-06-23 15:09:10,486 [8f274f01-9fb1-4f6a-9095-80f32b07f498-groupManagement] INFO  server.RaftServerConfigKeys (ConfUtils.java:logGet(46)) - raft.server.log.appender.install.snapshot.enabled = false (custom)
2023-06-23 15:09:10,487 [8f274f01-9fb1-4f6a-9095-80f32b07f498-groupManagement] INFO  server.RaftServerConfigKeys (ConfUtils.java:logGet(46)) - raft.server.threadpool.server.cached = true (default)
2023-06-23 15:09:10,487 [8f274f01-9fb1-4f6a-9095-80f32b07f498-groupManagement] INFO  server.RaftServerConfigKeys (ConfUtils.java:logGet(46)) - raft.server.threadpool.server.size = 0 (default)
2023-06-23 15:09:10,487 [8f274f01-9fb1-4f6a-9095-80f32b07f498-groupManagement] INFO  server.RaftServerConfigKeys (ConfUtils.java:logGet(46)) - raft.server.threadpool.client.cached = true (default)
2023-06-23 15:09:10,488 [8f274f01-9fb1-4f6a-9095-80f32b07f498-groupManagement] INFO  server.RaftServerConfigKeys (ConfUtils.java:logGet(46)) - raft.server.threadpool.client.size = 0 (default)
2023-06-23 15:09:10,488 [8f274f01-9fb1-4f6a-9095-80f32b07f498-groupManagement] INFO  storage.RaftStorageDirectory (RaftStorageDirectoryImpl.java:analyzeStorage(137)) - The storage directory /home/runner/work/ozone/ozone/hadoop-ozone/integration-test/target/test-dir/MiniOzoneClusterImpl-741560ff-92e5-4b28-9778-2cf52193c8f3/datanode-6/data/ratis/5026fec4-7540-4970-aee9-9210922174f7 does not exist. Creating ...
2023-06-23 15:09:10,489 [8f274f01-9fb1-4f6a-9095-80f32b07f498-groupManagement] INFO  storage.RaftStorageDirectory (RaftStorageDirectoryImpl.java:tryLock(231)) - Lock on /home/runner/work/ozone/ozone/hadoop-ozone/integration-test/target/test-dir/MiniOzoneClusterImpl-741560ff-92e5-4b28-9778-2cf52193c8f3/datanode-6/data/ratis/5026fec4-7540-4970-aee9-9210922174f7/in_use.lock acquired by nodename 61630@fv-az424-541
2023-06-23 15:09:10,490 [8f274f01-9fb1-4f6a-9095-80f32b07f498-groupManagement] INFO  storage.RaftStorage (RaftStorageImpl.java:format(96)) - Storage directory /home/runner/work/ozone/ozone/hadoop-ozone/integration-test/target/test-dir/MiniOzoneClusterImpl-741560ff-92e5-4b28-9778-2cf52193c8f3/datanode-6/data/ratis/5026fec4-7540-4970-aee9-9210922174f7 has been successfully formatted.
2023-06-23 15:09:10,492 [8f274f01-9fb1-4f6a-9095-80f32b07f498-groupManagement] INFO  ratis.ContainerStateMachine (ContainerStateMachine.java:loadSnapshot(262)) - group-9210922174F7: The snapshot info is null. Setting the last applied indexto:(t:0, i:~)
2023-06-23 15:09:10,492 [8f274f01-9fb1-4f6a-9095-80f32b07f498-groupManagement] INFO  server.RaftServerConfigKeys (ConfUtils.java:logGet(46)) - raft.server.log.use.memory = false (default)
2023-06-23 15:09:10,492 [EventQueue-OpenPipelineForHealthyPipelineSafeModeRule] INFO  safemode.SCMSafeModeManager (HealthyPipelineSafeModeRule.java:process(137)) - SCM in safe mode. Healthy pipelines reported count is 0, required healthy pipeline reported count is 1
2023-06-23 15:09:10,492 [8f274f01-9fb1-4f6a-9095-80f32b07f498-groupManagement] INFO  server.RaftServerConfigKeys (ConfUtils.java:logGet(46)) - raft.server.log.purge.gap = 1000000 (custom)
2023-06-23 15:09:10,492 [8f274f01-9fb1-4f6a-9095-80f32b07f498-groupManagement] INFO  server.RaftServerConfigKeys (ConfUtils.java:logGet(46)) - raft.server.log.appender.buffer.byte-limit = 33554432 (custom)
2023-06-23 15:09:10,493 [8f274f01-9fb1-4f6a-9095-80f32b07f498-groupManagement] INFO  server.RaftServerConfigKeys (ConfUtils.java:logGet(46)) - raft.server.log.statemachine.data.read.timeout = 1000ms (default)
2023-06-23 15:09:10,493 [8f274f01-9fb1-4f6a-9095-80f32b07f498-groupManagement] INFO  server.RaftServerConfigKeys (ConfUtils.java:logGet(46)) - raft.server.log.purge.preservation.log.num = 0 (default)
2023-06-23 15:09:10,494 [8f274f01-9fb1-4f6a-9095-80f32b07f498-groupManagement] INFO  server.RaftServerConfigKeys (ConfUtils.java:logGet(46)) - raft.server.log.segment.size.max = 1048576 (custom)
2023-06-23 15:09:10,494 [8f274f01-9fb1-4f6a-9095-80f32b07f498-groupManagement] INFO  server.RaftServerConfigKeys (ConfUtils.java:logGet(46)) - raft.server.log.segment.cache.num.max = 2 (custom)
2023-06-23 15:09:10,494 [8f274f01-9fb1-4f6a-9095-80f32b07f498-groupManagement] INFO  server.RaftServerConfigKeys (ConfUtils.java:logGet(46)) - raft.server.log.segment.cache.size.max = 200MB (=209715200) (default)
2023-06-23 15:09:10,494 [8f274f01-9fb1-4f6a-9095-80f32b07f498-groupManagement] INFO  server.RaftServerConfigKeys (ConfUtils.java:logGet(46)) - raft.server.log.appender.buffer.byte-limit = 33554432 (custom)
2023-06-23 15:09:10,494 [8f274f01-9fb1-4f6a-9095-80f32b07f498-groupManagement] INFO  segmented.SegmentedRaftLogWorker (SegmentedRaftLogWorker.java:<init>(188)) - new 8f274f01-9fb1-4f6a-9095-80f32b07f498@group-9210922174F7-SegmentedRaftLogWorker for RaftStorageImpl:Storage Directory /home/runner/work/ozone/ozone/hadoop-ozone/integration-test/target/test-dir/MiniOzoneClusterImpl-741560ff-92e5-4b28-9778-2cf52193c8f3/datanode-6/data/ratis/5026fec4-7540-4970-aee9-9210922174f7
2023-06-23 15:09:10,494 [8f274f01-9fb1-4f6a-9095-80f32b07f498-groupManagement] INFO  server.RaftServerConfigKeys (ConfUtils.java:logGet(46)) - raft.server.log.queue.byte-limit = 4294967296 (custom)
2023-06-23 15:09:10,494 [8f274f01-9fb1-4f6a-9095-80f32b07f498-groupManagement] INFO  server.RaftServerConfigKeys (ConfUtils.java:logGet(46)) - raft.server.log.queue.element-limit = 1024 (custom)
2023-06-23 15:09:10,494 [8f274f01-9fb1-4f6a-9095-80f32b07f498-groupManagement] INFO  server.RaftServerConfigKeys (ConfUtils.java:logGet(46)) - raft.server.log.segment.size.max = 1048576 (custom)
2023-06-23 15:09:10,494 [8f274f01-9fb1-4f6a-9095-80f32b07f498-groupManagement] INFO  server.RaftServerConfigKeys (ConfUtils.java:logGet(46)) - raft.server.log.preallocated.size = 16384 (custom)
2023-06-23 15:09:10,494 [8f274f01-9fb1-4f6a-9095-80f32b07f498-groupManagement] INFO  server.RaftServerConfigKeys (ConfUtils.java:logGet(46)) - raft.server.log.force.sync.num = 128 (default)
2023-06-23 15:09:10,494 [8f274f01-9fb1-4f6a-9095-80f32b07f498-groupManagement] INFO  server.RaftServerConfigKeys (ConfUtils.java:logGet(46)) - raft.server.log.statemachine.data.sync = true (default)
2023-06-23 15:09:10,494 [8f274f01-9fb1-4f6a-9095-80f32b07f498-groupManagement] INFO  server.RaftServerConfigKeys (ConfUtils.java:logGet(46)) - raft.server.log.statemachine.data.sync.timeout = 10s (default)
2023-06-23 15:09:10,494 [8f274f01-9fb1-4f6a-9095-80f32b07f498-groupManagement] INFO  server.RaftServerConfigKeys (ConfUtils.java:logGet(46)) - raft.server.log.statemachine.data.sync.timeout.retry = -1 (default)
2023-06-23 15:09:10,496 [8f274f01-9fb1-4f6a-9095-80f32b07f498-groupManagement] INFO  server.RaftServerConfigKeys (ConfUtils.java:logGet(46)) - raft.server.log.write.buffer.size = 1048576 (custom)
2023-06-23 15:09:10,497 [8f274f01-9fb1-4f6a-9095-80f32b07f498-groupManagement] INFO  server.RaftServerConfigKeys (ConfUtils.java:logGet(46)) - raft.server.log.appender.buffer.byte-limit = 33554432 (custom)
2023-06-23 15:09:10,502 [8f274f01-9fb1-4f6a-9095-80f32b07f498-groupManagement] INFO  server.RaftServerConfigKeys (ConfUtils.java:logGet(46)) - raft.server.log.unsafe-flush.enabled = false (default)
2023-06-23 15:09:10,502 [8f274f01-9fb1-4f6a-9095-80f32b07f498-groupManagement] INFO  server.RaftServerConfigKeys (ConfUtils.java:logGet(46)) - raft.server.log.async-flush.enabled = false (default)
2023-06-23 15:09:10,502 [8f274f01-9fb1-4f6a-9095-80f32b07f498-groupManagement] INFO  server.RaftServerConfigKeys (ConfUtils.java:logGet(46)) - raft.server.log.statemachine.data.caching.enabled = true (custom)
2023-06-23 15:09:10,502 [8f274f01-9fb1-4f6a-9095-80f32b07f498-groupManagement] INFO  segmented.SegmentedRaftLogWorker (SegmentedRaftLogWorker.java:lambda$new$0(135)) - 8f274f01-9fb1-4f6a-9095-80f32b07f498@group-9210922174F7-SegmentedRaftLogWorker: flushIndex: setUnconditionally 0 -> -1
2023-06-23 15:09:10,502 [8f274f01-9fb1-4f6a-9095-80f32b07f498-groupManagement] INFO  segmented.SegmentedRaftLogWorker (SegmentedRaftLogWorker.java:lambda$new$0(135)) - 8f274f01-9fb1-4f6a-9095-80f32b07f498@group-9210922174F7-SegmentedRaftLogWorker: safeCacheEvictIndex: setUnconditionally 0 -> -1
2023-06-23 15:09:10,503 [8f274f01-9fb1-4f6a-9095-80f32b07f498-groupManagement] INFO  server.RaftServer$Division (RaftServerImpl.java:start(342)) - 8f274f01-9fb1-4f6a-9095-80f32b07f498@group-9210922174F7: start as a follower, conf=-1: peers:[8f274f01-9fb1-4f6a-9095-80f32b07f498|rpc:10.1.0.34:15068|admin:10.1.0.34:15067|client:10.1.0.34:15066|dataStream:10.1.0.34:15069|priority:1|startupRole:FOLLOWER, 9f5088ea-8577-40bb-8f98-2a64f0190639|rpc:10.1.0.34:15077|admin:10.1.0.34:15076|client:10.1.0.34:15075|dataStream:10.1.0.34:15078|priority:0|startupRole:FOLLOWER, 1f6e8c2c-f646-4632-8e05-148bee690267|rpc:10.1.0.34:15086|admin:10.1.0.34:15085|client:10.1.0.34:15084|dataStream:10.1.0.34:15087|priority:0|startupRole:FOLLOWER]|listeners:[], old=null
2023-06-23 15:09:10,503 [8f274f01-9fb1-4f6a-9095-80f32b07f498-groupManagement] INFO  server.RaftServer$Division (RaftServerImpl.java:setRole(329)) - 8f274f01-9fb1-4f6a-9095-80f32b07f498@group-9210922174F7: changes role from      null to FOLLOWER at term 0 for startAsFollower
2023-06-23 15:09:10,503 [8f274f01-9fb1-4f6a-9095-80f32b07f498-groupManagement] INFO  impl.RoleInfo (RoleInfo.java:updateAndGet(139)) - 8f274f01-9fb1-4f6a-9095-80f32b07f498: start 8f274f01-9fb1-4f6a-9095-80f32b07f498@group-9210922174F7-FollowerState
2023-06-23 15:09:10,507 [8f274f01-9fb1-4f6a-9095-80f32b07f498-groupManagement] INFO  util.JmxRegister (JmxRegister.java:tryRegister(44)) - Successfully registered JMX Bean with object name Ratis:service=RaftServer,group=group-9210922174F7,id=8f274f01-9fb1-4f6a-9095-80f32b07f498
2023-06-23 15:09:10,507 [8f274f01-9fb1-4f6a-9095-80f32b07f498-groupManagement] INFO  server.RaftServerConfigKeys (ConfUtils.java:logGet(46)) - raft.server.snapshot.auto.trigger.enabled = true (custom)
2023-06-23 15:09:10,507 [8f274f01-9fb1-4f6a-9095-80f32b07f498-groupManagement] INFO  server.RaftServerConfigKeys (ConfUtils.java:logGet(46)) - raft.server.snapshot.auto.trigger.threshold = 10000 (custom)
2023-06-23 15:09:10,507 [8f274f01-9fb1-4f6a-9095-80f32b07f498-groupManagement] INFO  server.RaftServerConfigKeys (ConfUtils.java:logGet(46)) - raft.server.snapshot.retention.file.num = 5 (custom)
2023-06-23 15:09:10,507 [8f274f01-9fb1-4f6a-9095-80f32b07f498-groupManagement] INFO  server.RaftServerConfigKeys (ConfUtils.java:logGet(46)) - raft.server.log.purge.upto.snapshot.index = false (default)
2023-06-23 15:09:10,508 [PipelineCommandHandlerThread-0] INFO  ratis.XceiverServerRatis (XceiverServerRatis.java:addGroup(804)) - Created group PipelineID=5026fec4-7540-4970-aee9-9210922174f7
2023-06-23 15:09:10,508 [8f274f01-9fb1-4f6a-9095-80f32b07f498@group-9210922174F7-FollowerState] INFO  server.RaftServerConfigKeys (ConfUtils.java:logFallback(53)) - raft.server.rpc.first-election.timeout.min = 5s (fallback to raft.server.rpc.timeout.min)
2023-06-23 15:09:10,509 [8f274f01-9fb1-4f6a-9095-80f32b07f498@group-9210922174F7-FollowerState] INFO  server.RaftServerConfigKeys (ConfUtils.java:logFallback(53)) - raft.server.rpc.first-election.timeout.max = 5200ms (fallback to raft.server.rpc.timeout.max)
2023-06-23 15:09:10,527 [grpc-default-executor-1] INFO  server.RaftServer (RaftServerProxy.java:addNew(98)) - 1f6e8c2c-f646-4632-8e05-148bee690267: addNew group-9210922174F7:[8f274f01-9fb1-4f6a-9095-80f32b07f498|rpc:10.1.0.34:15068|admin:10.1.0.34:15067|client:10.1.0.34:15066|dataStream:10.1.0.34:15069|priority:1|startupRole:FOLLOWER, 9f5088ea-8577-40bb-8f98-2a64f0190639|rpc:10.1.0.34:15077|admin:10.1.0.34:15076|client:10.1.0.34:15075|dataStream:10.1.0.34:15078|priority:0|startupRole:FOLLOWER, 1f6e8c2c-f646-4632-8e05-148bee690267|rpc:10.1.0.34:15086|admin:10.1.0.34:15085|client:10.1.0.34:15084|dataStream:10.1.0.34:15087|priority:0|startupRole:FOLLOWER] returns group-9210922174F7:java.util.concurrent.CompletableFuture@fb735c0[Not completed]
2023-06-23 15:09:10,533 [1f6e8c2c-f646-4632-8e05-148bee690267-groupManagement] INFO  server.RaftServer$Division (RaftServerImpl.java:<init>(198)) - 1f6e8c2c-f646-4632-8e05-148bee690267: new RaftServerImpl for group-9210922174F7:[8f274f01-9fb1-4f6a-9095-80f32b07f498|rpc:10.1.0.34:15068|admin:10.1.0.34:15067|client:10.1.0.34:15066|dataStream:10.1.0.34:15069|priority:1|startupRole:FOLLOWER, 9f5088ea-8577-40bb-8f98-2a64f0190639|rpc:10.1.0.34:15077|admin:10.1.0.34:15076|client:10.1.0.34:15075|dataStream:10.1.0.34:15078|priority:0|startupRole:FOLLOWER, 1f6e8c2c-f646-4632-8e05-148bee690267|rpc:10.1.0.34:15086|admin:10.1.0.34:15085|client:10.1.0.34:15084|dataStream:10.1.0.34:15087|priority:0|startupRole:FOLLOWER] with ContainerStateMachine:uninitialized
2023-06-23 15:09:10,533 [1f6e8c2c-f646-4632-8e05-148bee690267-groupManagement] INFO  server.RaftServerConfigKeys (ConfUtils.java:logGet(46)) - raft.server.rpc.timeout.min = 5s (custom)
2023-06-23 15:09:10,533 [1f6e8c2c-f646-4632-8e05-148bee690267-groupManagement] INFO  server.RaftServerConfigKeys (ConfUtils.java:logGet(46)) - raft.server.rpc.timeout.max = 5200ms (custom)
2023-06-23 15:09:10,533 [1f6e8c2c-f646-4632-8e05-148bee690267-groupManagement] INFO  server.RaftServerConfigKeys (ConfUtils.java:logGet(46)) - raft.server.rpc.sleep.time = 25ms (default)
2023-06-23 15:09:10,533 [1f6e8c2c-f646-4632-8e05-148bee690267-groupManagement] INFO  server.RaftServerConfigKeys (ConfUtils.java:logGet(46)) - raft.server.rpc.slowness.timeout = 300s (custom)
2023-06-23 15:09:10,533 [1f6e8c2c-f646-4632-8e05-148bee690267-groupManagement] INFO  server.RaftServerConfigKeys (ConfUtils.java:logGet(46)) - raft.server.leaderelection.leader.step-down.wait-time = 10s (default)
2023-06-23 15:09:10,533 [1f6e8c2c-f646-4632-8e05-148bee690267-groupManagement] INFO  server.RaftServerConfigKeys (ConfUtils.java:logGet(46)) - raft.server.sleep.deviation.threshold = 300ms (default)
2023-06-23 15:09:10,533 [1f6e8c2c-f646-4632-8e05-148bee690267-groupManagement] INFO  server.RaftServer$Division (ServerState.java:<init>(120)) - 1f6e8c2c-f646-4632-8e05-148bee690267@group-9210922174F7: ConfigurationManager, init=-1: peers:[8f274f01-9fb1-4f6a-9095-80f32b07f498|rpc:10.1.0.34:15068|admin:10.1.0.34:15067|client:10.1.0.34:15066|dataStream:10.1.0.34:15069|priority:1|startupRole:FOLLOWER, 9f5088ea-8577-40bb-8f98-2a64f0190639|rpc:10.1.0.34:15077|admin:10.1.0.34:15076|client:10.1.0.34:15075|dataStream:10.1.0.34:15078|priority:0|startupRole:FOLLOWER, 1f6e8c2c-f646-4632-8e05-148bee690267|rpc:10.1.0.34:15086|admin:10.1.0.34:15085|client:10.1.0.34:15084|dataStream:10.1.0.34:15087|priority:0|startupRole:FOLLOWER]|listeners:[], old=null, confs=<EMPTY_MAP>
2023-06-23 15:09:10,533 [1f6e8c2c-f646-4632-8e05-148bee690267-groupManagement] INFO  server.RaftServerConfigKeys (ConfUtils.java:logGet(46)) - raft.server.storage.dir = [/home/runner/work/ozone/ozone/hadoop-ozone/integration-test/target/test-dir/MiniOzoneClusterImpl-741560ff-92e5-4b28-9778-2cf52193c8f3/datanode-8/data/ratis] (custom)
2023-06-23 15:09:10,533 [1f6e8c2c-f646-4632-8e05-148bee690267-groupManagement] INFO  server.RaftServerConfigKeys (ConfUtils.java:logGet(46)) - raft.server.log.corruption.policy = EXCEPTION (default)
2023-06-23 15:09:10,534 [1f6e8c2c-f646-4632-8e05-148bee690267-groupManagement] INFO  server.RaftServerConfigKeys (ConfUtils.java:logGet(46)) - raft.server.storage.free-space.min = 0MB (=0) (default)
2023-06-23 15:09:10,534 [1f6e8c2c-f646-4632-8e05-148bee690267-groupManagement] INFO  server.RaftServerConfigKeys (ConfUtils.java:logGet(46)) - raft.server.notification.no-leader.timeout = 300s (custom)
2023-06-23 15:09:10,534 [1f6e8c2c-f646-4632-8e05-148bee690267-groupManagement] INFO  server.RaftServerConfigKeys (ConfUtils.java:logGet(46)) - raft.server.read.timeout = 10s (default)
2023-06-23 15:09:10,534 [1f6e8c2c-f646-4632-8e05-148bee690267-groupManagement] INFO  server.RaftServerConfigKeys (ConfUtils.java:logGet(46)) - raft.server.retrycache.expirytime = 600000ms (custom)
2023-06-23 15:09:10,534 [1f6e8c2c-f646-4632-8e05-148bee690267-groupManagement] INFO  server.RaftServerConfigKeys (ConfUtils.java:logGet(46)) - raft.server.retrycache.statistics.expirytime = 100μs (default)
2023-06-23 15:09:10,534 [1f6e8c2c-f646-4632-8e05-148bee690267-groupManagement] INFO  server.RaftServerConfigKeys (ConfUtils.java:logGet(46)) - raft.server.read.option = DEFAULT (default)
2023-06-23 15:09:10,535 [1f6e8c2c-f646-4632-8e05-148bee690267-groupManagement] INFO  server.RaftServerConfigKeys (ConfUtils.java:logGet(46)) - raft.server.rpc.request.timeout = 60s (custom)
2023-06-23 15:09:10,535 [1f6e8c2c-f646-4632-8e05-148bee690267-groupManagement] INFO  server.RaftServerConfigKeys (ConfUtils.java:logGet(46)) - raft.server.log.appender.install.snapshot.enabled = false (custom)
2023-06-23 15:09:10,535 [1f6e8c2c-f646-4632-8e05-148bee690267-groupManagement] INFO  server.RaftServerConfigKeys (ConfUtils.java:logGet(46)) - raft.server.threadpool.server.cached = true (default)
2023-06-23 15:09:10,535 [1f6e8c2c-f646-4632-8e05-148bee690267-groupManagement] INFO  server.RaftServerConfigKeys (ConfUtils.java:logGet(46)) - raft.server.threadpool.server.size = 0 (default)
2023-06-23 15:09:10,535 [1f6e8c2c-f646-4632-8e05-148bee690267-groupManagement] INFO  server.RaftServerConfigKeys (ConfUtils.java:logGet(46)) - raft.server.threadpool.client.cached = true (default)
2023-06-23 15:09:10,535 [1f6e8c2c-f646-4632-8e05-148bee690267-groupManagement] INFO  server.RaftServerConfigKeys (ConfUtils.java:logGet(46)) - raft.server.threadpool.client.size = 0 (default)
2023-06-23 15:09:10,535 [1f6e8c2c-f646-4632-8e05-148bee690267-groupManagement] INFO  storage.RaftStorageDirectory (RaftStorageDirectoryImpl.java:analyzeStorage(137)) - The storage directory /home/runner/work/ozone/ozone/hadoop-ozone/integration-test/target/test-dir/MiniOzoneClusterImpl-741560ff-92e5-4b28-9778-2cf52193c8f3/datanode-8/data/ratis/5026fec4-7540-4970-aee9-9210922174f7 does not exist. Creating ...
2023-06-23 15:09:10,537 [1f6e8c2c-f646-4632-8e05-148bee690267-groupManagement] INFO  storage.RaftStorageDirectory (RaftStorageDirectoryImpl.java:tryLock(231)) - Lock on /home/runner/work/ozone/ozone/hadoop-ozone/integration-test/target/test-dir/MiniOzoneClusterImpl-741560ff-92e5-4b28-9778-2cf52193c8f3/datanode-8/data/ratis/5026fec4-7540-4970-aee9-9210922174f7/in_use.lock acquired by nodename 61630@fv-az424-541
2023-06-23 15:09:10,538 [1f6e8c2c-f646-4632-8e05-148bee690267-groupManagement] INFO  storage.RaftStorage (RaftStorageImpl.java:format(96)) - Storage directory /home/runner/work/ozone/ozone/hadoop-ozone/integration-test/target/test-dir/MiniOzoneClusterImpl-741560ff-92e5-4b28-9778-2cf52193c8f3/datanode-8/data/ratis/5026fec4-7540-4970-aee9-9210922174f7 has been successfully formatted.
2023-06-23 15:09:10,542 [1f6e8c2c-f646-4632-8e05-148bee690267-groupManagement] INFO  ratis.ContainerStateMachine (ContainerStateMachine.java:loadSnapshot(262)) - group-9210922174F7: The snapshot info is null. Setting the last applied indexto:(t:0, i:~)
2023-06-23 15:09:10,543 [1f6e8c2c-f646-4632-8e05-148bee690267-groupManagement] INFO  server.RaftServerConfigKeys (ConfUtils.java:logGet(46)) - raft.server.log.use.memory = false (default)
2023-06-23 15:09:10,543 [1f6e8c2c-f646-4632-8e05-148bee690267-groupManagement] INFO  server.RaftServerConfigKeys (ConfUtils.java:logGet(46)) - raft.server.log.purge.gap = 1000000 (custom)
2023-06-23 15:09:10,543 [1f6e8c2c-f646-4632-8e05-148bee690267-groupManagement] INFO  server.RaftServerConfigKeys (ConfUtils.java:logGet(46)) - raft.server.log.appender.buffer.byte-limit = 33554432 (custom)
2023-06-23 15:09:10,543 [1f6e8c2c-f646-4632-8e05-148bee690267-groupManagement] INFO  server.RaftServerConfigKeys (ConfUtils.java:logGet(46)) - raft.server.log.statemachine.data.read.timeout = 1000ms (default)
2023-06-23 15:09:10,543 [1f6e8c2c-f646-4632-8e05-148bee690267-groupManagement] INFO  server.RaftServerConfigKeys (ConfUtils.java:logGet(46)) - raft.server.log.purge.preservation.log.num = 0 (default)
2023-06-23 15:09:10,543 [1f6e8c2c-f646-4632-8e05-148bee690267-groupManagement] INFO  server.RaftServerConfigKeys (ConfUtils.java:logGet(46)) - raft.server.log.segment.size.max = 1048576 (custom)
2023-06-23 15:09:10,543 [1f6e8c2c-f646-4632-8e05-148bee690267-groupManagement] INFO  server.RaftServerConfigKeys (ConfUtils.java:logGet(46)) - raft.server.log.segment.cache.num.max = 2 (custom)
2023-06-23 15:09:10,544 [1f6e8c2c-f646-4632-8e05-148bee690267-groupManagement] INFO  server.RaftServerConfigKeys (ConfUtils.java:logGet(46)) - raft.server.log.segment.cache.size.max = 200MB (=209715200) (default)
2023-06-23 15:09:10,544 [1f6e8c2c-f646-4632-8e05-148bee690267-groupManagement] INFO  server.RaftServerConfigKeys (ConfUtils.java:logGet(46)) - raft.server.log.appender.buffer.byte-limit = 33554432 (custom)
2023-06-23 15:09:10,544 [1f6e8c2c-f646-4632-8e05-148bee690267-groupManagement] INFO  segmented.SegmentedRaftLogWorker (SegmentedRaftLogWorker.java:<init>(188)) - new 1f6e8c2c-f646-4632-8e05-148bee690267@group-9210922174F7-SegmentedRaftLogWorker for RaftStorageImpl:Storage Directory /home/runner/work/ozone/ozone/hadoop-ozone/integration-test/target/test-dir/MiniOzoneClusterImpl-741560ff-92e5-4b28-9778-2cf52193c8f3/datanode-8/data/ratis/5026fec4-7540-4970-aee9-9210922174f7
2023-06-23 15:09:10,544 [1f6e8c2c-f646-4632-8e05-148bee690267-groupManagement] INFO  server.RaftServerConfigKeys (ConfUtils.java:logGet(46)) - raft.server.log.queue.byte-limit = 4294967296 (custom)
2023-06-23 15:09:10,544 [1f6e8c2c-f646-4632-8e05-148bee690267-groupManagement] INFO  server.RaftServerConfigKeys (ConfUtils.java:logGet(46)) - raft.server.log.queue.element-limit = 1024 (custom)
2023-06-23 15:09:10,544 [1f6e8c2c-f646-4632-8e05-148bee690267-groupManagement] INFO  server.RaftServerConfigKeys (ConfUtils.java:logGet(46)) - raft.server.log.segment.size.max = 1048576 (custom)
2023-06-23 15:09:10,544 [1f6e8c2c-f646-4632-8e05-148bee690267-groupManagement] INFO  server.RaftServerConfigKeys (ConfUtils.java:logGet(46)) - raft.server.log.preallocated.size = 16384 (custom)
2023-06-23 15:09:10,544 [1f6e8c2c-f646-4632-8e05-148bee690267-groupManagement] INFO  server.RaftServerConfigKeys (ConfUtils.java:logGet(46)) - raft.server.log.force.sync.num = 128 (default)
2023-06-23 15:09:10,544 [1f6e8c2c-f646-4632-8e05-148bee690267-groupManagement] INFO  server.RaftServerConfigKeys (ConfUtils.java:logGet(46)) - raft.server.log.statemachine.data.sync = true (default)
2023-06-23 15:09:10,544 [1f6e8c2c-f646-4632-8e05-148bee690267-groupManagement] INFO  server.RaftServerConfigKeys (ConfUtils.java:logGet(46)) - raft.server.log.statemachine.data.sync.timeout = 10s (default)
2023-06-23 15:09:10,544 [1f6e8c2c-f646-4632-8e05-148bee690267-groupManagement] INFO  server.RaftServerConfigKeys (ConfUtils.java:logGet(46)) - raft.server.log.statemachine.data.sync.timeout.retry = -1 (default)
2023-06-23 15:09:10,547 [1f6e8c2c-f646-4632-8e05-148bee690267-groupManagement] INFO  server.RaftServerConfigKeys (ConfUtils.java:logGet(46)) - raft.server.log.write.buffer.size = 1048576 (custom)
2023-06-23 15:09:10,547 [1f6e8c2c-f646-4632-8e05-148bee690267-groupManagement] INFO  server.RaftServerConfigKeys (ConfUtils.java:logGet(46)) - raft.server.log.appender.buffer.byte-limit = 33554432 (custom)
2023-06-23 15:09:10,552 [1f6e8c2c-f646-4632-8e05-148bee690267-groupManagement] INFO  server.RaftServerConfigKeys (ConfUtils.java:logGet(46)) - raft.server.log.unsafe-flush.enabled = false (default)
2023-06-23 15:09:10,552 [1f6e8c2c-f646-4632-8e05-148bee690267-groupManagement] INFO  server.RaftServerConfigKeys (ConfUtils.java:logGet(46)) - raft.server.log.async-flush.enabled = false (default)
2023-06-23 15:09:10,552 [1f6e8c2c-f646-4632-8e05-148bee690267-groupManagement] INFO  server.RaftServerConfigKeys (ConfUtils.java:logGet(46)) - raft.server.log.statemachine.data.caching.enabled = true (custom)
2023-06-23 15:09:10,552 [1f6e8c2c-f646-4632-8e05-148bee690267-groupManagement] INFO  segmented.SegmentedRaftLogWorker (SegmentedRaftLogWorker.java:lambda$new$0(135)) - 1f6e8c2c-f646-4632-8e05-148bee690267@group-9210922174F7-SegmentedRaftLogWorker: flushIndex: setUnconditionally 0 -> -1
2023-06-23 15:09:10,553 [1f6e8c2c-f646-4632-8e05-148bee690267-groupManagement] INFO  segmented.SegmentedRaftLogWorker (SegmentedRaftLogWorker.java:lambda$new$0(135)) - 1f6e8c2c-f646-4632-8e05-148bee690267@group-9210922174F7-SegmentedRaftLogWorker: safeCacheEvictIndex: setUnconditionally 0 -> -1
2023-06-23 15:09:10,553 [1f6e8c2c-f646-4632-8e05-148bee690267-groupManagement] INFO  server.RaftServer$Division (RaftServerImpl.java:start(342)) - 1f6e8c2c-f646-4632-8e05-148bee690267@group-9210922174F7: start as a follower, conf=-1: peers:[8f274f01-9fb1-4f6a-9095-80f32b07f498|rpc:10.1.0.34:15068|admin:10.1.0.34:15067|client:10.1.0.34:15066|dataStream:10.1.0.34:15069|priority:1|startupRole:FOLLOWER, 9f5088ea-8577-40bb-8f98-2a64f0190639|rpc:10.1.0.34:15077|admin:10.1.0.34:15076|client:10.1.0.34:15075|dataStream:10.1.0.34:15078|priority:0|startupRole:FOLLOWER, 1f6e8c2c-f646-4632-8e05-148bee690267|rpc:10.1.0.34:15086|admin:10.1.0.34:15085|client:10.1.0.34:15084|dataStream:10.1.0.34:15087|priority:0|startupRole:FOLLOWER]|listeners:[], old=null
2023-06-23 15:09:10,553 [1f6e8c2c-f646-4632-8e05-148bee690267-groupManagement] INFO  server.RaftServer$Division (RaftServerImpl.java:setRole(329)) - 1f6e8c2c-f646-4632-8e05-148bee690267@group-9210922174F7: changes role from      null to FOLLOWER at term 0 for startAsFollower
2023-06-23 15:09:10,553 [1f6e8c2c-f646-4632-8e05-148bee690267-groupManagement] INFO  impl.RoleInfo (RoleInfo.java:updateAndGet(139)) - 1f6e8c2c-f646-4632-8e05-148bee690267: start 1f6e8c2c-f646-4632-8e05-148bee690267@group-9210922174F7-FollowerState
2023-06-23 15:09:10,553 [1f6e8c2c-f646-4632-8e05-148bee690267-groupManagement] INFO  util.JmxRegister (JmxRegister.java:tryRegister(44)) - Successfully registered JMX Bean with object name Ratis:service=RaftServer,group=group-9210922174F7,id=1f6e8c2c-f646-4632-8e05-148bee690267
2023-06-23 15:09:10,553 [1f6e8c2c-f646-4632-8e05-148bee690267-groupManagement] INFO  server.RaftServerConfigKeys (ConfUtils.java:logGet(46)) - raft.server.snapshot.auto.trigger.enabled = true (custom)
2023-06-23 15:09:10,553 [1f6e8c2c-f646-4632-8e05-148bee690267-groupManagement] INFO  server.RaftServerConfigKeys (ConfUtils.java:logGet(46)) - raft.server.snapshot.auto.trigger.threshold = 10000 (custom)
2023-06-23 15:09:10,553 [1f6e8c2c-f646-4632-8e05-148bee690267-groupManagement] INFO  server.RaftServerConfigKeys (ConfUtils.java:logGet(46)) - raft.server.snapshot.retention.file.num = 5 (custom)
2023-06-23 15:09:10,554 [1f6e8c2c-f646-4632-8e05-148bee690267-groupManagement] INFO  server.RaftServerConfigKeys (ConfUtils.java:logGet(46)) - raft.server.log.purge.upto.snapshot.index = false (default)
2023-06-23 15:09:10,554 [1f6e8c2c-f646-4632-8e05-148bee690267@group-9210922174F7-FollowerState] INFO  server.RaftServerConfigKeys (ConfUtils.java:logFallback(53)) - raft.server.rpc.first-election.timeout.min = 5s (fallback to raft.server.rpc.timeout.min)
2023-06-23 15:09:10,554 [1f6e8c2c-f646-4632-8e05-148bee690267@group-9210922174F7-FollowerState] INFO  server.RaftServerConfigKeys (ConfUtils.java:logFallback(53)) - raft.server.rpc.first-election.timeout.max = 5200ms (fallback to raft.server.rpc.timeout.max)
2023-06-23 15:09:10,587 [grpc-default-executor-1] INFO  server.RaftServer (RaftServerProxy.java:addNew(98)) - 9f5088ea-8577-40bb-8f98-2a64f0190639: addNew group-9210922174F7:[8f274f01-9fb1-4f6a-9095-80f32b07f498|rpc:10.1.0.34:15068|admin:10.1.0.34:15067|client:10.1.0.34:15066|dataStream:10.1.0.34:15069|priority:1|startupRole:FOLLOWER, 9f5088ea-8577-40bb-8f98-2a64f0190639|rpc:10.1.0.34:15077|admin:10.1.0.34:15076|client:10.1.0.34:15075|dataStream:10.1.0.34:15078|priority:0|startupRole:FOLLOWER, 1f6e8c2c-f646-4632-8e05-148bee690267|rpc:10.1.0.34:15086|admin:10.1.0.34:15085|client:10.1.0.34:15084|dataStream:10.1.0.34:15087|priority:0|startupRole:FOLLOWER] returns group-9210922174F7:java.util.concurrent.CompletableFuture@2e306998[Not completed]
2023-06-23 15:09:10,592 [9f5088ea-8577-40bb-8f98-2a64f0190639-groupManagement] INFO  server.RaftServer$Division (RaftServerImpl.java:<init>(198)) - 9f5088ea-8577-40bb-8f98-2a64f0190639: new RaftServerImpl for group-9210922174F7:[8f274f01-9fb1-4f6a-9095-80f32b07f498|rpc:10.1.0.34:15068|admin:10.1.0.34:15067|client:10.1.0.34:15066|dataStream:10.1.0.34:15069|priority:1|startupRole:FOLLOWER, 9f5088ea-8577-40bb-8f98-2a64f0190639|rpc:10.1.0.34:15077|admin:10.1.0.34:15076|client:10.1.0.34:15075|dataStream:10.1.0.34:15078|priority:0|startupRole:FOLLOWER, 1f6e8c2c-f646-4632-8e05-148bee690267|rpc:10.1.0.34:15086|admin:10.1.0.34:15085|client:10.1.0.34:15084|dataStream:10.1.0.34:15087|priority:0|startupRole:FOLLOWER] with ContainerStateMachine:uninitialized
2023-06-23 15:09:10,593 [9f5088ea-8577-40bb-8f98-2a64f0190639-groupManagement] INFO  server.RaftServerConfigKeys (ConfUtils.java:logGet(46)) - raft.server.rpc.timeout.min = 5s (custom)
2023-06-23 15:09:10,593 [9f5088ea-8577-40bb-8f98-2a64f0190639-groupManagement] INFO  server.RaftServerConfigKeys (ConfUtils.java:logGet(46)) - raft.server.rpc.timeout.max = 5200ms (custom)
2023-06-23 15:09:10,593 [9f5088ea-8577-40bb-8f98-2a64f0190639-groupManagement] INFO  server.RaftServerConfigKeys (ConfUtils.java:logGet(46)) - raft.server.rpc.sleep.time = 25ms (default)
2023-06-23 15:09:10,593 [9f5088ea-8577-40bb-8f98-2a64f0190639-groupManagement] INFO  server.RaftServerConfigKeys (ConfUtils.java:logGet(46)) - raft.server.rpc.slowness.timeout = 300s (custom)
2023-06-23 15:09:10,593 [9f5088ea-8577-40bb-8f98-2a64f0190639-groupManagement] INFO  server.RaftServerConfigKeys (ConfUtils.java:logGet(46)) - raft.server.leaderelection.leader.step-down.wait-time = 10s (default)
2023-06-23 15:09:10,593 [9f5088ea-8577-40bb-8f98-2a64f0190639-groupManagement] INFO  server.RaftServerConfigKeys (ConfUtils.java:logGet(46)) - raft.server.sleep.deviation.threshold = 300ms (default)
2023-06-23 15:09:10,594 [9f5088ea-8577-40bb-8f98-2a64f0190639-groupManagement] INFO  server.RaftServer$Division (ServerState.java:<init>(120)) - 9f5088ea-8577-40bb-8f98-2a64f0190639@group-9210922174F7: ConfigurationManager, init=-1: peers:[8f274f01-9fb1-4f6a-9095-80f32b07f498|rpc:10.1.0.34:15068|admin:10.1.0.34:15067|client:10.1.0.34:15066|dataStream:10.1.0.34:15069|priority:1|startupRole:FOLLOWER, 9f5088ea-8577-40bb-8f98-2a64f0190639|rpc:10.1.0.34:15077|admin:10.1.0.34:15076|client:10.1.0.34:15075|dataStream:10.1.0.34:15078|priority:0|startupRole:FOLLOWER, 1f6e8c2c-f646-4632-8e05-148bee690267|rpc:10.1.0.34:15086|admin:10.1.0.34:15085|client:10.1.0.34:15084|dataStream:10.1.0.34:15087|priority:0|startupRole:FOLLOWER]|listeners:[], old=null, confs=<EMPTY_MAP>
2023-06-23 15:09:10,594 [9f5088ea-8577-40bb-8f98-2a64f0190639-groupManagement] INFO  server.RaftServerConfigKeys (ConfUtils.java:logGet(46)) - raft.server.storage.dir = [/home/runner/work/ozone/ozone/hadoop-ozone/integration-test/target/test-dir/MiniOzoneClusterImpl-741560ff-92e5-4b28-9778-2cf52193c8f3/datanode-7/data/ratis] (custom)
2023-06-23 15:09:10,594 [9f5088ea-8577-40bb-8f98-2a64f0190639-groupManagement] INFO  server.RaftServerConfigKeys (ConfUtils.java:logGet(46)) - raft.server.log.corruption.policy = EXCEPTION (default)
2023-06-23 15:09:10,594 [9f5088ea-8577-40bb-8f98-2a64f0190639-groupManagement] INFO  server.RaftServerConfigKeys (ConfUtils.java:logGet(46)) - raft.server.storage.free-space.min = 0MB (=0) (default)
2023-06-23 15:09:10,594 [9f5088ea-8577-40bb-8f98-2a64f0190639-groupManagement] INFO  server.RaftServerConfigKeys (ConfUtils.java:logGet(46)) - raft.server.notification.no-leader.timeout = 300s (custom)
2023-06-23 15:09:10,594 [9f5088ea-8577-40bb-8f98-2a64f0190639-groupManagement] INFO  server.RaftServerConfigKeys (ConfUtils.java:logGet(46)) - raft.server.read.timeout = 10s (default)
2023-06-23 15:09:10,594 [9f5088ea-8577-40bb-8f98-2a64f0190639-groupManagement] INFO  server.RaftServerConfigKeys (ConfUtils.java:logGet(46)) - raft.server.retrycache.expirytime = 600000ms (custom)
2023-06-23 15:09:10,594 [9f5088ea-8577-40bb-8f98-2a64f0190639-groupManagement] INFO  server.RaftServerConfigKeys (ConfUtils.java:logGet(46)) - raft.server.retrycache.statistics.expirytime = 100μs (default)
2023-06-23 15:09:10,594 [9f5088ea-8577-40bb-8f98-2a64f0190639-groupManagement] INFO  server.RaftServerConfigKeys (ConfUtils.java:logGet(46)) - raft.server.read.option = DEFAULT (default)
2023-06-23 15:09:10,597 [9f5088ea-8577-40bb-8f98-2a64f0190639-groupManagement] INFO  server.RaftServerConfigKeys (ConfUtils.java:logGet(46)) - raft.server.rpc.request.timeout = 60s (custom)
2023-06-23 15:09:10,597 [9f5088ea-8577-40bb-8f98-2a64f0190639-groupManagement] INFO  server.RaftServerConfigKeys (ConfUtils.java:logGet(46)) - raft.server.log.appender.install.snapshot.enabled = false (custom)
2023-06-23 15:09:10,597 [9f5088ea-8577-40bb-8f98-2a64f0190639-groupManagement] INFO  server.RaftServerConfigKeys (ConfUtils.java:logGet(46)) - raft.server.threadpool.server.cached = true (default)
2023-06-23 15:09:10,597 [9f5088ea-8577-40bb-8f98-2a64f0190639-groupManagement] INFO  server.RaftServerConfigKeys (ConfUtils.java:logGet(46)) - raft.server.threadpool.server.size = 0 (default)
2023-06-23 15:09:10,597 [9f5088ea-8577-40bb-8f98-2a64f0190639-groupManagement] INFO  server.RaftServerConfigKeys (ConfUtils.java:logGet(46)) - raft.server.threadpool.client.cached = true (default)
2023-06-23 15:09:10,597 [9f5088ea-8577-40bb-8f98-2a64f0190639-groupManagement] INFO  server.RaftServerConfigKeys (ConfUtils.java:logGet(46)) - raft.server.threadpool.client.size = 0 (default)
2023-06-23 15:09:10,598 [9f5088ea-8577-40bb-8f98-2a64f0190639-groupManagement] INFO  storage.RaftStorageDirectory (RaftStorageDirectoryImpl.java:analyzeStorage(137)) - The storage directory /home/runner/work/ozone/ozone/hadoop-ozone/integration-test/target/test-dir/MiniOzoneClusterImpl-741560ff-92e5-4b28-9778-2cf52193c8f3/datanode-7/data/ratis/5026fec4-7540-4970-aee9-9210922174f7 does not exist. Creating ...
2023-06-23 15:09:10,599 [9f5088ea-8577-40bb-8f98-2a64f0190639-groupManagement] INFO  storage.RaftStorageDirectory (RaftStorageDirectoryImpl.java:tryLock(231)) - Lock on /home/runner/work/ozone/ozone/hadoop-ozone/integration-test/target/test-dir/MiniOzoneClusterImpl-741560ff-92e5-4b28-9778-2cf52193c8f3/datanode-7/data/ratis/5026fec4-7540-4970-aee9-9210922174f7/in_use.lock acquired by nodename 61630@fv-az424-541
2023-06-23 15:09:10,600 [9f5088ea-8577-40bb-8f98-2a64f0190639-groupManagement] INFO  storage.RaftStorage (RaftStorageImpl.java:format(96)) - Storage directory /home/runner/work/ozone/ozone/hadoop-ozone/integration-test/target/test-dir/MiniOzoneClusterImpl-741560ff-92e5-4b28-9778-2cf52193c8f3/datanode-7/data/ratis/5026fec4-7540-4970-aee9-9210922174f7 has been successfully formatted.
2023-06-23 15:09:10,603 [9f5088ea-8577-40bb-8f98-2a64f0190639-groupManagement] INFO  ratis.ContainerStateMachine (ContainerStateMachine.java:loadSnapshot(262)) - group-9210922174F7: The snapshot info is null. Setting the last applied indexto:(t:0, i:~)
2023-06-23 15:09:10,603 [9f5088ea-8577-40bb-8f98-2a64f0190639-groupManagement] INFO  server.RaftServerConfigKeys (ConfUtils.java:logGet(46)) - raft.server.log.use.memory = false (default)
2023-06-23 15:09:10,604 [9f5088ea-8577-40bb-8f98-2a64f0190639-groupManagement] INFO  server.RaftServerConfigKeys (ConfUtils.java:logGet(46)) - raft.server.log.purge.gap = 1000000 (custom)
2023-06-23 15:09:10,604 [9f5088ea-8577-40bb-8f98-2a64f0190639-groupManagement] INFO  server.RaftServerConfigKeys (ConfUtils.java:logGet(46)) - raft.server.log.appender.buffer.byte-limit = 33554432 (custom)
2023-06-23 15:09:10,604 [9f5088ea-8577-40bb-8f98-2a64f0190639-groupManagement] INFO  server.RaftServerConfigKeys (ConfUtils.java:logGet(46)) - raft.server.log.statemachine.data.read.timeout = 1000ms (default)
2023-06-23 15:09:10,604 [9f5088ea-8577-40bb-8f98-2a64f0190639-groupManagement] INFO  server.RaftServerConfigKeys (ConfUtils.java:logGet(46)) - raft.server.log.purge.preservation.log.num = 0 (default)
2023-06-23 15:09:10,604 [9f5088ea-8577-40bb-8f98-2a64f0190639-groupManagement] INFO  server.RaftServerConfigKeys (ConfUtils.java:logGet(46)) - raft.server.log.segment.size.max = 1048576 (custom)
2023-06-23 15:09:10,605 [9f5088ea-8577-40bb-8f98-2a64f0190639-groupManagement] INFO  server.RaftServerConfigKeys (ConfUtils.java:logGet(46)) - raft.server.log.segment.cache.num.max = 2 (custom)
2023-06-23 15:09:10,605 [9f5088ea-8577-40bb-8f98-2a64f0190639-groupManagement] INFO  server.RaftServerConfigKeys (ConfUtils.java:logGet(46)) - raft.server.log.segment.cache.size.max = 200MB (=209715200) (default)
2023-06-23 15:09:10,605 [9f5088ea-8577-40bb-8f98-2a64f0190639-groupManagement] INFO  server.RaftServerConfigKeys (ConfUtils.java:logGet(46)) - raft.server.log.appender.buffer.byte-limit = 33554432 (custom)
2023-06-23 15:09:10,605 [9f5088ea-8577-40bb-8f98-2a64f0190639-groupManagement] INFO  segmented.SegmentedRaftLogWorker (SegmentedRaftLogWorker.java:<init>(188)) - new 9f5088ea-8577-40bb-8f98-2a64f0190639@group-9210922174F7-SegmentedRaftLogWorker for RaftStorageImpl:Storage Directory /home/runner/work/ozone/ozone/hadoop-ozone/integration-test/target/test-dir/MiniOzoneClusterImpl-741560ff-92e5-4b28-9778-2cf52193c8f3/datanode-7/data/ratis/5026fec4-7540-4970-aee9-9210922174f7
2023-06-23 15:09:10,605 [9f5088ea-8577-40bb-8f98-2a64f0190639-groupManagement] INFO  server.RaftServerConfigKeys (ConfUtils.java:logGet(46)) - raft.server.log.queue.byte-limit = 4294967296 (custom)
2023-06-23 15:09:10,605 [9f5088ea-8577-40bb-8f98-2a64f0190639-groupManagement] INFO  server.RaftServerConfigKeys (ConfUtils.java:logGet(46)) - raft.server.log.queue.element-limit = 1024 (custom)
2023-06-23 15:09:10,605 [9f5088ea-8577-40bb-8f98-2a64f0190639-groupManagement] INFO  server.RaftServerConfigKeys (ConfUtils.java:logGet(46)) - raft.server.log.segment.size.max = 1048576 (custom)
2023-06-23 15:09:10,605 [9f5088ea-8577-40bb-8f98-2a64f0190639-groupManagement] INFO  server.RaftServerConfigKeys (ConfUtils.java:logGet(46)) - raft.server.log.preallocated.size = 16384 (custom)
2023-06-23 15:09:10,605 [9f5088ea-8577-40bb-8f98-2a64f0190639-groupManagement] INFO  server.RaftServerConfigKeys (ConfUtils.java:logGet(46)) - raft.server.log.force.sync.num = 128 (default)
2023-06-23 15:09:10,605 [9f5088ea-8577-40bb-8f98-2a64f0190639-groupManagement] INFO  server.RaftServerConfigKeys (ConfUtils.java:logGet(46)) - raft.server.log.statemachine.data.sync = true (default)
2023-06-23 15:09:10,605 [9f5088ea-8577-40bb-8f98-2a64f0190639-groupManagement] INFO  server.RaftServerConfigKeys (ConfUtils.java:logGet(46)) - raft.server.log.statemachine.data.sync.timeout = 10s (default)
2023-06-23 15:09:10,606 [9f5088ea-8577-40bb-8f98-2a64f0190639-groupManagement] INFO  server.RaftServerConfigKeys (ConfUtils.java:logGet(46)) - raft.server.log.statemachine.data.sync.timeout.retry = -1 (default)
2023-06-23 15:09:10,607 [9f5088ea-8577-40bb-8f98-2a64f0190639-groupManagement] INFO  server.RaftServerConfigKeys (ConfUtils.java:logGet(46)) - raft.server.log.write.buffer.size = 1048576 (custom)
2023-06-23 15:09:10,608 [9f5088ea-8577-40bb-8f98-2a64f0190639-groupManagement] INFO  server.RaftServerConfigKeys (ConfUtils.java:logGet(46)) - raft.server.log.appender.buffer.byte-limit = 33554432 (custom)
2023-06-23 15:09:10,613 [9f5088ea-8577-40bb-8f98-2a64f0190639-groupManagement] INFO  server.RaftServerConfigKeys (ConfUtils.java:logGet(46)) - raft.server.log.unsafe-flush.enabled = false (default)
2023-06-23 15:09:10,613 [9f5088ea-8577-40bb-8f98-2a64f0190639-groupManagement] INFO  server.RaftServerConfigKeys (ConfUtils.java:logGet(46)) - raft.server.log.async-flush.enabled = false (default)
2023-06-23 15:09:10,613 [9f5088ea-8577-40bb-8f98-2a64f0190639-groupManagement] INFO  server.RaftServerConfigKeys (ConfUtils.java:logGet(46)) - raft.server.log.statemachine.data.caching.enabled = true (custom)
2023-06-23 15:09:10,613 [9f5088ea-8577-40bb-8f98-2a64f0190639-groupManagement] INFO  segmented.SegmentedRaftLogWorker (SegmentedRaftLogWorker.java:lambda$new$0(135)) - 9f5088ea-8577-40bb-8f98-2a64f0190639@group-9210922174F7-SegmentedRaftLogWorker: flushIndex: setUnconditionally 0 -> -1
2023-06-23 15:09:10,613 [9f5088ea-8577-40bb-8f98-2a64f0190639-groupManagement] INFO  segmented.SegmentedRaftLogWorker (SegmentedRaftLogWorker.java:lambda$new$0(135)) - 9f5088ea-8577-40bb-8f98-2a64f0190639@group-9210922174F7-SegmentedRaftLogWorker: safeCacheEvictIndex: setUnconditionally 0 -> -1
2023-06-23 15:09:10,614 [9f5088ea-8577-40bb-8f98-2a64f0190639-groupManagement] INFO  server.RaftServer$Division (RaftServerImpl.java:start(342)) - 9f5088ea-8577-40bb-8f98-2a64f0190639@group-9210922174F7: start as a follower, conf=-1: peers:[8f274f01-9fb1-4f6a-9095-80f32b07f498|rpc:10.1.0.34:15068|admin:10.1.0.34:15067|client:10.1.0.34:15066|dataStream:10.1.0.34:15069|priority:1|startupRole:FOLLOWER, 9f5088ea-8577-40bb-8f98-2a64f0190639|rpc:10.1.0.34:15077|admin:10.1.0.34:15076|client:10.1.0.34:15075|dataStream:10.1.0.34:15078|priority:0|startupRole:FOLLOWER, 1f6e8c2c-f646-4632-8e05-148bee690267|rpc:10.1.0.34:15086|admin:10.1.0.34:15085|client:10.1.0.34:15084|dataStream:10.1.0.34:15087|priority:0|startupRole:FOLLOWER]|listeners:[], old=null
2023-06-23 15:09:10,614 [9f5088ea-8577-40bb-8f98-2a64f0190639-groupManagement] INFO  server.RaftServer$Division (RaftServerImpl.java:setRole(329)) - 9f5088ea-8577-40bb-8f98-2a64f0190639@group-9210922174F7: changes role from      null to FOLLOWER at term 0 for startAsFollower
2023-06-23 15:09:10,614 [9f5088ea-8577-40bb-8f98-2a64f0190639-groupManagement] INFO  impl.RoleInfo (RoleInfo.java:updateAndGet(139)) - 9f5088ea-8577-40bb-8f98-2a64f0190639: start 9f5088ea-8577-40bb-8f98-2a64f0190639@group-9210922174F7-FollowerState
2023-06-23 15:09:10,614 [9f5088ea-8577-40bb-8f98-2a64f0190639@group-9210922174F7-FollowerState] INFO  server.RaftServerConfigKeys (ConfUtils.java:logFallback(53)) - raft.server.rpc.first-election.timeout.min = 5s (fallback to raft.server.rpc.timeout.min)
2023-06-23 15:09:10,614 [9f5088ea-8577-40bb-8f98-2a64f0190639@group-9210922174F7-FollowerState] INFO  server.RaftServerConfigKeys (ConfUtils.java:logFallback(53)) - raft.server.rpc.first-election.timeout.max = 5200ms (fallback to raft.server.rpc.timeout.max)
2023-06-23 15:09:10,615 [9f5088ea-8577-40bb-8f98-2a64f0190639-groupManagement] INFO  util.JmxRegister (JmxRegister.java:tryRegister(44)) - Successfully registered JMX Bean with object name Ratis:service=RaftServer,group=group-9210922174F7,id=9f5088ea-8577-40bb-8f98-2a64f0190639
2023-06-23 15:09:10,615 [9f5088ea-8577-40bb-8f98-2a64f0190639-groupManagement] INFO  server.RaftServerConfigKeys (ConfUtils.java:logGet(46)) - raft.server.snapshot.auto.trigger.enabled = true (custom)
2023-06-23 15:09:10,615 [9f5088ea-8577-40bb-8f98-2a64f0190639-groupManagement] INFO  server.RaftServerConfigKeys (ConfUtils.java:logGet(46)) - raft.server.snapshot.auto.trigger.threshold = 10000 (custom)
2023-06-23 15:09:10,615 [9f5088ea-8577-40bb-8f98-2a64f0190639-groupManagement] INFO  server.RaftServerConfigKeys (ConfUtils.java:logGet(46)) - raft.server.snapshot.retention.file.num = 5 (custom)
2023-06-23 15:09:10,615 [9f5088ea-8577-40bb-8f98-2a64f0190639-groupManagement] INFO  server.RaftServerConfigKeys (ConfUtils.java:logGet(46)) - raft.server.log.purge.upto.snapshot.index = false (default)
2023-06-23 15:09:10,627 [PipelineCommandHandlerThread-0] INFO  commandhandler.CreatePipelineCommandHandler (CreatePipelineCommandHandler.java:lambda$handle$2(124)) - Created Pipeline RATIS THREE PipelineID=5026fec4-7540-4970-aee9-9210922174f7.
2023-06-23 15:09:10,628 [PipelineCommandHandlerThread-0] INFO  server.RaftServer (RaftServerProxy.java:addNew(98)) - 8f274f01-9fb1-4f6a-9095-80f32b07f498: addNew group-72C7D76482B5:[8f274f01-9fb1-4f6a-9095-80f32b07f498|rpc:10.1.0.34:15068|admin:10.1.0.34:15067|client:10.1.0.34:15066|dataStream:10.1.0.34:15069|priority:0|startupRole:FOLLOWER, 9f5088ea-8577-40bb-8f98-2a64f0190639|rpc:10.1.0.34:15077|admin:10.1.0.34:15076|client:10.1.0.34:15075|dataStream:10.1.0.34:15078|priority:0|startupRole:FOLLOWER, 1f6e8c2c-f646-4632-8e05-148bee690267|rpc:10.1.0.34:15086|admin:10.1.0.34:15085|client:10.1.0.34:15084|dataStream:10.1.0.34:15087|priority:1|startupRole:FOLLOWER] returns group-72C7D76482B5:java.util.concurrent.CompletableFuture@7430349b[Not completed]
2023-06-23 15:09:10,629 [8f274f01-9fb1-4f6a-9095-80f32b07f498-groupManagement] INFO  server.RaftServer$Division (RaftServerImpl.java:<init>(198)) - 8f274f01-9fb1-4f6a-9095-80f32b07f498: new RaftServerImpl for group-72C7D76482B5:[8f274f01-9fb1-4f6a-9095-80f32b07f498|rpc:10.1.0.34:15068|admin:10.1.0.34:15067|client:10.1.0.34:15066|dataStream:10.1.0.34:15069|priority:0|startupRole:FOLLOWER, 9f5088ea-8577-40bb-8f98-2a64f0190639|rpc:10.1.0.34:15077|admin:10.1.0.34:15076|client:10.1.0.34:15075|dataStream:10.1.0.34:15078|priority:0|startupRole:FOLLOWER, 1f6e8c2c-f646-4632-8e05-148bee690267|rpc:10.1.0.34:15086|admin:10.1.0.34:15085|client:10.1.0.34:15084|dataStream:10.1.0.34:15087|priority:1|startupRole:FOLLOWER] with ContainerStateMachine:uninitialized
2023-06-23 15:09:10,629 [8f274f01-9fb1-4f6a-9095-80f32b07f498-groupManagement] INFO  server.RaftServerConfigKeys (ConfUtils.java:logGet(46)) - raft.server.rpc.timeout.min = 5s (custom)
2023-06-23 15:09:10,629 [8f274f01-9fb1-4f6a-9095-80f32b07f498-groupManagement] INFO  server.RaftServerConfigKeys (ConfUtils.java:logGet(46)) - raft.server.rpc.timeout.max = 5200ms (custom)
2023-06-23 15:09:10,629 [8f274f01-9fb1-4f6a-9095-80f32b07f498-groupManagement] INFO  server.RaftServerConfigKeys (ConfUtils.java:logGet(46)) - raft.server.rpc.sleep.time = 25ms (default)
2023-06-23 15:09:10,629 [8f274f01-9fb1-4f6a-9095-80f32b07f498-groupManagement] INFO  server.RaftServerConfigKeys (ConfUtils.java:logGet(46)) - raft.server.rpc.slowness.timeout = 300s (custom)
2023-06-23 15:09:10,629 [8f274f01-9fb1-4f6a-9095-80f32b07f498-groupManagement] INFO  server.RaftServerConfigKeys (ConfUtils.java:logGet(46)) - raft.server.leaderelection.leader.step-down.wait-time = 10s (default)
2023-06-23 15:09:10,629 [8f274f01-9fb1-4f6a-9095-80f32b07f498-groupManagement] INFO  server.RaftServerConfigKeys (ConfUtils.java:logGet(46)) - raft.server.sleep.deviation.threshold = 300ms (default)
2023-06-23 15:09:10,629 [8f274f01-9fb1-4f6a-9095-80f32b07f498-groupManagement] INFO  server.RaftServer$Division (ServerState.java:<init>(120)) - 8f274f01-9fb1-4f6a-9095-80f32b07f498@group-72C7D76482B5: ConfigurationManager, init=-1: peers:[8f274f01-9fb1-4f6a-9095-80f32b07f498|rpc:10.1.0.34:15068|admin:10.1.0.34:15067|client:10.1.0.34:15066|dataStream:10.1.0.34:15069|priority:0|startupRole:FOLLOWER, 9f5088ea-8577-40bb-8f98-2a64f0190639|rpc:10.1.0.34:15077|admin:10.1.0.34:15076|client:10.1.0.34:15075|dataStream:10.1.0.34:15078|priority:0|startupRole:FOLLOWER, 1f6e8c2c-f646-4632-8e05-148bee690267|rpc:10.1.0.34:15086|admin:10.1.0.34:15085|client:10.1.0.34:15084|dataStream:10.1.0.34:15087|priority:1|startupRole:FOLLOWER]|listeners:[], old=null, confs=<EMPTY_MAP>
2023-06-23 15:09:10,629 [8f274f01-9fb1-4f6a-9095-80f32b07f498-groupManagement] INFO  server.RaftServerConfigKeys (ConfUtils.java:logGet(46)) - raft.server.storage.dir = [/home/runner/work/ozone/ozone/hadoop-ozone/integration-test/target/test-dir/MiniOzoneClusterImpl-741560ff-92e5-4b28-9778-2cf52193c8f3/datanode-6/data/ratis] (custom)
2023-06-23 15:09:10,629 [8f274f01-9fb1-4f6a-9095-80f32b07f498-groupManagement] INFO  server.RaftServerConfigKeys (ConfUtils.java:logGet(46)) - raft.server.log.corruption.policy = EXCEPTION (default)
2023-06-23 15:09:10,629 [8f274f01-9fb1-4f6a-9095-80f32b07f498-groupManagement] INFO  server.RaftServerConfigKeys (ConfUtils.java:logGet(46)) - raft.server.storage.free-space.min = 0MB (=0) (default)
2023-06-23 15:09:10,629 [8f274f01-9fb1-4f6a-9095-80f32b07f498-groupManagement] INFO  server.RaftServerConfigKeys (ConfUtils.java:logGet(46)) - raft.server.notification.no-leader.timeout = 300s (custom)
2023-06-23 15:09:10,629 [8f274f01-9fb1-4f6a-9095-80f32b07f498-groupManagement] INFO  server.RaftServerConfigKeys (ConfUtils.java:logGet(46)) - raft.server.read.timeout = 10s (default)
2023-06-23 15:09:10,629 [8f274f01-9fb1-4f6a-9095-80f32b07f498-groupManagement] INFO  server.RaftServerConfigKeys (ConfUtils.java:logGet(46)) - raft.server.retrycache.expirytime = 600000ms (custom)
2023-06-23 15:09:10,630 [8f274f01-9fb1-4f6a-9095-80f32b07f498-groupManagement] INFO  server.RaftServerConfigKeys (ConfUtils.java:logGet(46)) - raft.server.retrycache.statistics.expirytime = 100μs (default)
2023-06-23 15:09:10,630 [8f274f01-9fb1-4f6a-9095-80f32b07f498-groupManagement] INFO  server.RaftServerConfigKeys (ConfUtils.java:logGet(46)) - raft.server.read.option = DEFAULT (default)
2023-06-23 15:09:10,631 [8f274f01-9fb1-4f6a-9095-80f32b07f498-groupManagement] INFO  server.RaftServerConfigKeys (ConfUtils.java:logGet(46)) - raft.server.rpc.request.timeout = 60s (custom)
2023-06-23 15:09:10,631 [8f274f01-9fb1-4f6a-9095-80f32b07f498-groupManagement] INFO  server.RaftServerConfigKeys (ConfUtils.java:logGet(46)) - raft.server.log.appender.install.snapshot.enabled = false (custom)
2023-06-23 15:09:10,631 [8f274f01-9fb1-4f6a-9095-80f32b07f498-groupManagement] INFO  server.RaftServerConfigKeys (ConfUtils.java:logGet(46)) - raft.server.threadpool.server.cached = true (default)
2023-06-23 15:09:10,631 [8f274f01-9fb1-4f6a-9095-80f32b07f498-groupManagement] INFO  server.RaftServerConfigKeys (ConfUtils.java:logGet(46)) - raft.server.threadpool.server.size = 0 (default)
2023-06-23 15:09:10,631 [8f274f01-9fb1-4f6a-9095-80f32b07f498-groupManagement] INFO  server.RaftServerConfigKeys (ConfUtils.java:logGet(46)) - raft.server.threadpool.client.cached = true (default)
2023-06-23 15:09:10,631 [8f274f01-9fb1-4f6a-9095-80f32b07f498-groupManagement] INFO  server.RaftServerConfigKeys (ConfUtils.java:logGet(46)) - raft.server.threadpool.client.size = 0 (default)
2023-06-23 15:09:10,631 [8f274f01-9fb1-4f6a-9095-80f32b07f498-groupManagement] INFO  storage.RaftStorageDirectory (RaftStorageDirectoryImpl.java:analyzeStorage(137)) - The storage directory /home/runner/work/ozone/ozone/hadoop-ozone/integration-test/target/test-dir/MiniOzoneClusterImpl-741560ff-92e5-4b28-9778-2cf52193c8f3/datanode-6/data/ratis/d1e83715-fb40-4a84-ae1d-72c7d76482b5 does not exist. Creating ...
2023-06-23 15:09:10,632 [8f274f01-9fb1-4f6a-9095-80f32b07f498-groupManagement] INFO  storage.RaftStorageDirectory (RaftStorageDirectoryImpl.java:tryLock(231)) - Lock on /home/runner/work/ozone/ozone/hadoop-ozone/integration-test/target/test-dir/MiniOzoneClusterImpl-741560ff-92e5-4b28-9778-2cf52193c8f3/datanode-6/data/ratis/d1e83715-fb40-4a84-ae1d-72c7d76482b5/in_use.lock acquired by nodename 61630@fv-az424-541
2023-06-23 15:09:10,634 [8f274f01-9fb1-4f6a-9095-80f32b07f498-groupManagement] INFO  storage.RaftStorage (RaftStorageImpl.java:format(96)) - Storage directory /home/runner/work/ozone/ozone/hadoop-ozone/integration-test/target/test-dir/MiniOzoneClusterImpl-741560ff-92e5-4b28-9778-2cf52193c8f3/datanode-6/data/ratis/d1e83715-fb40-4a84-ae1d-72c7d76482b5 has been successfully formatted.
2023-06-23 15:09:10,634 [8f274f01-9fb1-4f6a-9095-80f32b07f498-groupManagement] INFO  ratis.ContainerStateMachine (ContainerStateMachine.java:loadSnapshot(262)) - group-72C7D76482B5: The snapshot info is null. Setting the last applied indexto:(t:0, i:~)
2023-06-23 15:09:10,634 [8f274f01-9fb1-4f6a-9095-80f32b07f498-groupManagement] INFO  server.RaftServerConfigKeys (ConfUtils.java:logGet(46)) - raft.server.log.use.memory = false (default)
2023-06-23 15:09:10,634 [8f274f01-9fb1-4f6a-9095-80f32b07f498-groupManagement] INFO  server.RaftServerConfigKeys (ConfUtils.java:logGet(46)) - raft.server.log.purge.gap = 1000000 (custom)
2023-06-23 15:09:10,634 [8f274f01-9fb1-4f6a-9095-80f32b07f498-groupManagement] INFO  server.RaftServerConfigKeys (ConfUtils.java:logGet(46)) - raft.server.log.appender.buffer.byte-limit = 33554432 (custom)
2023-06-23 15:09:10,634 [8f274f01-9fb1-4f6a-9095-80f32b07f498-groupManagement] INFO  server.RaftServerConfigKeys (ConfUtils.java:logGet(46)) - raft.server.log.statemachine.data.read.timeout = 1000ms (default)
2023-06-23 15:09:10,634 [8f274f01-9fb1-4f6a-9095-80f32b07f498-groupManagement] INFO  server.RaftServerConfigKeys (ConfUtils.java:logGet(46)) - raft.server.log.purge.preservation.log.num = 0 (default)
2023-06-23 15:09:10,635 [8f274f01-9fb1-4f6a-9095-80f32b07f498-groupManagement] INFO  server.RaftServerConfigKeys (ConfUtils.java:logGet(46)) - raft.server.log.segment.size.max = 1048576 (custom)
2023-06-23 15:09:10,636 [EventQueue-OpenPipelineForHealthyPipelineSafeModeRule] INFO  safemode.SCMSafeModeManager (HealthyPipelineSafeModeRule.java:process(137)) - SCM in safe mode. Healthy pipelines reported count is 0, required healthy pipeline reported count is 1
2023-06-23 15:09:10,636 [8f274f01-9fb1-4f6a-9095-80f32b07f498-groupManagement] INFO  server.RaftServerConfigKeys (ConfUtils.java:logGet(46)) - raft.server.log.segment.cache.num.max = 2 (custom)
2023-06-23 15:09:10,636 [8f274f01-9fb1-4f6a-9095-80f32b07f498-groupManagement] INFO  server.RaftServerConfigKeys (ConfUtils.java:logGet(46)) - raft.server.log.segment.cache.size.max = 200MB (=209715200) (default)
2023-06-23 15:09:10,636 [8f274f01-9fb1-4f6a-9095-80f32b07f498-groupManagement] INFO  server.RaftServerConfigKeys (ConfUtils.java:logGet(46)) - raft.server.log.appender.buffer.byte-limit = 33554432 (custom)
2023-06-23 15:09:10,636 [8f274f01-9fb1-4f6a-9095-80f32b07f498-groupManagement] INFO  segmented.SegmentedRaftLogWorker (SegmentedRaftLogWorker.java:<init>(188)) - new 8f274f01-9fb1-4f6a-9095-80f32b07f498@group-72C7D76482B5-SegmentedRaftLogWorker for RaftStorageImpl:Storage Directory /home/runner/work/ozone/ozone/hadoop-ozone/integration-test/target/test-dir/MiniOzoneClusterImpl-741560ff-92e5-4b28-9778-2cf52193c8f3/datanode-6/data/ratis/d1e83715-fb40-4a84-ae1d-72c7d76482b5
2023-06-23 15:09:10,636 [8f274f01-9fb1-4f6a-9095-80f32b07f498-groupManagement] INFO  server.RaftServerConfigKeys (ConfUtils.java:logGet(46)) - raft.server.log.queue.byte-limit = 4294967296 (custom)
2023-06-23 15:09:10,636 [8f274f01-9fb1-4f6a-9095-80f32b07f498-groupManagement] INFO  server.RaftServerConfigKeys (ConfUtils.java:logGet(46)) - raft.server.log.queue.element-limit = 1024 (custom)
2023-06-23 15:09:10,636 [8f274f01-9fb1-4f6a-9095-80f32b07f498-groupManagement] INFO  server.RaftServerConfigKeys (ConfUtils.java:logGet(46)) - raft.server.log.segment.size.max = 1048576 (custom)
2023-06-23 15:09:10,636 [8f274f01-9fb1-4f6a-9095-80f32b07f498-groupManagement] INFO  server.RaftServerConfigKeys (ConfUtils.java:logGet(46)) - raft.server.log.preallocated.size = 16384 (custom)
2023-06-23 15:09:10,636 [8f274f01-9fb1-4f6a-9095-80f32b07f498-groupManagement] INFO  server.RaftServerConfigKeys (ConfUtils.java:logGet(46)) - raft.server.log.force.sync.num = 128 (default)
2023-06-23 15:09:10,636 [8f274f01-9fb1-4f6a-9095-80f32b07f498-groupManagement] INFO  server.RaftServerConfigKeys (ConfUtils.java:logGet(46)) - raft.server.log.statemachine.data.sync = true (default)
2023-06-23 15:09:10,637 [8f274f01-9fb1-4f6a-9095-80f32b07f498-groupManagement] INFO  server.RaftServerConfigKeys (ConfUtils.java:logGet(46)) - raft.server.log.statemachine.data.sync.timeout = 10s (default)
2023-06-23 15:09:10,637 [8f274f01-9fb1-4f6a-9095-80f32b07f498-groupManagement] INFO  server.RaftServerConfigKeys (ConfUtils.java:logGet(46)) - raft.server.log.statemachine.data.sync.timeout.retry = -1 (default)
2023-06-23 15:09:10,641 [8f274f01-9fb1-4f6a-9095-80f32b07f498-groupManagement] INFO  server.RaftServerConfigKeys (ConfUtils.java:logGet(46)) - raft.server.log.write.buffer.size = 1048576 (custom)
2023-06-23 15:09:10,643 [8f274f01-9fb1-4f6a-9095-80f32b07f498-groupManagement] INFO  server.RaftServerConfigKeys (ConfUtils.java:logGet(46)) - raft.server.log.appender.buffer.byte-limit = 33554432 (custom)
2023-06-23 15:09:11,093 [JvmPauseMonitor1] WARN  util.JvmPauseMonitor (JvmPauseMonitor.java:detectPause(124)) - JvmPauseMonitor-om1: Detected pause in JVM or host machine approximately 0.192s with 0.434s GC time.
GC pool 'PS MarkSweep' had collection(s): count=1 time=288ms
GC pool 'PS Scavenge' had collection(s): count=1 time=146ms
2023-06-23 15:09:11,093 [JvmPauseMonitor5] WARN  util.JvmPauseMonitor (JvmPauseMonitor.java:detectPause(124)) - JvmPauseMonitor-00be7989-d8c1-4a83-aaf0-c8ed794c287b: Detected pause in JVM or host machine approximately 0.210s with 0.434s GC time.
GC pool 'PS MarkSweep' had collection(s): count=1 time=288ms
GC pool 'PS Scavenge' had collection(s): count=1 time=146ms
2023-06-23 15:09:11,093 [JvmPauseMonitor9] WARN  util.JvmPauseMonitor (JvmPauseMonitor.java:detectPause(124)) - JvmPauseMonitor-9f5088ea-8577-40bb-8f98-2a64f0190639: Detected pause in JVM or host machine approximately 0.230s with 0.434s GC time.
GC pool 'PS MarkSweep' had collection(s): count=1 time=288ms
GC pool 'PS Scavenge' had collection(s): count=1 time=146ms
2023-06-23 15:09:11,094 [JvmPauseMonitor10] WARN  util.JvmPauseMonitor (JvmPauseMonitor.java:detectPause(124)) - JvmPauseMonitor-1f6e8c2c-f646-4632-8e05-148bee690267: Detected pause in JVM or host machine approximately 0.243s with 0.434s GC time.
GC pool 'PS MarkSweep' had collection(s): count=1 time=288ms
GC pool 'PS Scavenge' had collection(s): count=1 time=146ms
2023-06-23 15:09:11,094 [JvmPauseMonitor0] WARN  util.JvmPauseMonitor (JvmPauseMonitor.java:detectPause(124)) - JvmPauseMonitor-10847ee6-9a5e-496d-8ff9-b052da5722a1: Detected pause in JVM or host machine approximately 0.255s with 0.434s GC time.
GC pool 'PS MarkSweep' had collection(s): count=1 time=288ms
GC pool 'PS Scavenge' had collection(s): count=1 time=146ms
2023-06-23 15:09:11,094 [JvmPauseMonitor4] WARN  util.JvmPauseMonitor (JvmPauseMonitor.java:detectPause(124)) - JvmPauseMonitor-3f4ddf09-9f08-4efc-95be-1efd9e09d1d3: Detected pause in JVM or host machine approximately 0.278s with 0.434s GC time.
GC pool 'PS MarkSweep' had collection(s): count=1 time=288ms
GC pool 'PS Scavenge' had collection(s): count=1 time=146ms
2023-06-23 15:09:11,094 [JvmPauseMonitor7] WARN  util.JvmPauseMonitor (JvmPauseMonitor.java:detectPause(124)) - JvmPauseMonitor-09b3ab32-5fcb-422b-914e-2ec4890cee3e: Detected pause in JVM or host machine approximately 0.287s with 0.434s GC time.
GC pool 'PS MarkSweep' had collection(s): count=1 time=288ms
GC pool 'PS Scavenge' had collection(s): count=1 time=146ms
2023-06-23 15:09:11,095 [main] INFO  ozone.MiniOzoneClusterImpl (MiniOzoneClusterImpl.java:lambda$waitForClusterToBeReady$0(224)) - Nodes are ready. Got 10 of 10 DN Heartbeats.
2023-06-23 15:09:11,095 [main] INFO  ozone.MiniOzoneClusterImpl (MiniOzoneClusterImpl.java:lambda$waitForClusterToBeReady$0(227)) - Waiting for cluster to exit safe mode
2023-06-23 15:09:11,095 [main] INFO  ozone.MiniOzoneClusterImpl (MiniOzoneClusterImpl.java:lambda$waitForClusterToBeReady$0(229)) - SCM became leader
2023-06-23 15:09:11,095 [JvmPauseMonitor3] WARN  util.JvmPauseMonitor (JvmPauseMonitor.java:detectPause(124)) - JvmPauseMonitor-af576844-0e82-4589-8eaa-8af09d83806e: Detected pause in JVM or host machine approximately 0.303s with 0.434s GC time.
GC pool 'PS MarkSweep' had collection(s): count=1 time=288ms
GC pool 'PS Scavenge' had collection(s): count=1 time=146ms
2023-06-23 15:09:11,095 [JvmPauseMonitor6] WARN  util.JvmPauseMonitor (JvmPauseMonitor.java:detectPause(124)) - JvmPauseMonitor-aaefd232-7c4e-4e5c-bf06-1f2dae2e69ed: Detected pause in JVM or host machine approximately 0.303s with 0.434s GC time.
GC pool 'PS MarkSweep' had collection(s): count=1 time=288ms
GC pool 'PS Scavenge' had collection(s): count=1 time=146ms
2023-06-23 15:09:11,095 [PipelineCommandHandlerThread-0] INFO  server.RaftServer (RaftServerProxy.java:addNew(98)) - 9f5088ea-8577-40bb-8f98-2a64f0190639: addNew group-75D22E2C4CF5:[9f5088ea-8577-40bb-8f98-2a64f0190639|rpc:10.1.0.34:15077|admin:10.1.0.34:15076|client:10.1.0.34:15075|dataStream:10.1.0.34:15078|priority:1|startupRole:FOLLOWER] returns group-75D22E2C4CF5:java.util.concurrent.CompletableFuture@7a045018[Not completed]
2023-06-23 15:09:11,096 [JvmPauseMonitor11] WARN  util.JvmPauseMonitor (JvmPauseMonitor.java:detectPause(124)) - JvmPauseMonitor-0c086b78-a0d4-4988-bd20-4088328bd4ca: Detected pause in JVM or host machine approximately 0.304s with 0.434s GC time.
GC pool 'PS MarkSweep' had collection(s): count=1 time=288ms
GC pool 'PS Scavenge' had collection(s): count=1 time=146ms
2023-06-23 15:09:11,098 [JvmPauseMonitor2] WARN  util.JvmPauseMonitor (JvmPauseMonitor.java:detectPause(124)) - JvmPauseMonitor-3d425f4c-b0a3-4337-aec0-a29136ea4685: Detected pause in JVM or host machine approximately 0.115s with 0.434s GC time.
GC pool 'PS MarkSweep' had collection(s): count=1 time=288ms
GC pool 'PS Scavenge' had collection(s): count=1 time=146ms
2023-06-23 15:09:11,098 [JvmPauseMonitor8] WARN  util.JvmPauseMonitor (JvmPauseMonitor.java:detectPause(124)) - JvmPauseMonitor-8f274f01-9fb1-4f6a-9095-80f32b07f498: Detected pause in JVM or host machine approximately 0.100s with 0.434s GC time.
GC pool 'PS MarkSweep' had collection(s): count=1 time=288ms
GC pool 'PS Scavenge' had collection(s): count=1 time=146ms
2023-06-23 15:09:11,098 [8f274f01-9fb1-4f6a-9095-80f32b07f498-groupManagement] INFO  server.RaftServerConfigKeys (ConfUtils.java:logGet(46)) - raft.server.log.unsafe-flush.enabled = false (default)
2023-06-23 15:09:11,099 [8f274f01-9fb1-4f6a-9095-80f32b07f498-groupManagement] INFO  server.RaftServerConfigKeys (ConfUtils.java:logGet(46)) - raft.server.log.async-flush.enabled = false (default)
2023-06-23 15:09:11,099 [8f274f01-9fb1-4f6a-9095-80f32b07f498-groupManagement] INFO  server.RaftServerConfigKeys (ConfUtils.java:logGet(46)) - raft.server.log.statemachine.data.caching.enabled = true (custom)
2023-06-23 15:09:11,099 [8f274f01-9fb1-4f6a-9095-80f32b07f498-groupManagement] INFO  segmented.SegmentedRaftLogWorker (SegmentedRaftLogWorker.java:lambda$new$0(135)) - 8f274f01-9fb1-4f6a-9095-80f32b07f498@group-72C7D76482B5-SegmentedRaftLogWorker: flushIndex: setUnconditionally 0 -> -1
2023-06-23 15:09:11,099 [8f274f01-9fb1-4f6a-9095-80f32b07f498-groupManagement] INFO  segmented.SegmentedRaftLogWorker (SegmentedRaftLogWorker.java:lambda$new$0(135)) - 8f274f01-9fb1-4f6a-9095-80f32b07f498@group-72C7D76482B5-SegmentedRaftLogWorker: safeCacheEvictIndex: setUnconditionally 0 -> -1
2023-06-23 15:09:11,101 [8f274f01-9fb1-4f6a-9095-80f32b07f498-groupManagement] INFO  server.RaftServer$Division (RaftServerImpl.java:start(342)) - 8f274f01-9fb1-4f6a-9095-80f32b07f498@group-72C7D76482B5: start as a follower, conf=-1: peers:[8f274f01-9fb1-4f6a-9095-80f32b07f498|rpc:10.1.0.34:15068|admin:10.1.0.34:15067|client:10.1.0.34:15066|dataStream:10.1.0.34:15069|priority:0|startupRole:FOLLOWER, 9f5088ea-8577-40bb-8f98-2a64f0190639|rpc:10.1.0.34:15077|admin:10.1.0.34:15076|client:10.1.0.34:15075|dataStream:10.1.0.34:15078|priority:0|startupRole:FOLLOWER, 1f6e8c2c-f646-4632-8e05-148bee690267|rpc:10.1.0.34:15086|admin:10.1.0.34:15085|client:10.1.0.34:15084|dataStream:10.1.0.34:15087|priority:1|startupRole:FOLLOWER]|listeners:[], old=null
2023-06-23 15:09:11,102 [8f274f01-9fb1-4f6a-9095-80f32b07f498-groupManagement] INFO  server.RaftServer$Division (RaftServerImpl.java:setRole(329)) - 8f274f01-9fb1-4f6a-9095-80f32b07f498@group-72C7D76482B5: changes role from      null to FOLLOWER at term 0 for startAsFollower
2023-06-23 15:09:11,102 [8f274f01-9fb1-4f6a-9095-80f32b07f498-groupManagement] INFO  impl.RoleInfo (RoleInfo.java:updateAndGet(139)) - 8f274f01-9fb1-4f6a-9095-80f32b07f498: start 8f274f01-9fb1-4f6a-9095-80f32b07f498@group-72C7D76482B5-FollowerState
2023-06-23 15:09:11,102 [8f274f01-9fb1-4f6a-9095-80f32b07f498-groupManagement] INFO  util.JmxRegister (JmxRegister.java:tryRegister(44)) - Successfully registered JMX Bean with object name Ratis:service=RaftServer,group=group-72C7D76482B5,id=8f274f01-9fb1-4f6a-9095-80f32b07f498
2023-06-23 15:09:11,102 [8f274f01-9fb1-4f6a-9095-80f32b07f498-groupManagement] INFO  server.RaftServerConfigKeys (ConfUtils.java:logGet(46)) - raft.server.snapshot.auto.trigger.enabled = true (custom)
2023-06-23 15:09:11,102 [8f274f01-9fb1-4f6a-9095-80f32b07f498-groupManagement] INFO  server.RaftServerConfigKeys (ConfUtils.java:logGet(46)) - raft.server.snapshot.auto.trigger.threshold = 10000 (custom)
2023-06-23 15:09:11,102 [8f274f01-9fb1-4f6a-9095-80f32b07f498-groupManagement] INFO  server.RaftServerConfigKeys (ConfUtils.java:logGet(46)) - raft.server.snapshot.retention.file.num = 5 (custom)
2023-06-23 15:09:11,102 [8f274f01-9fb1-4f6a-9095-80f32b07f498-groupManagement] INFO  server.RaftServerConfigKeys (ConfUtils.java:logGet(46)) - raft.server.log.purge.upto.snapshot.index = false (default)
2023-06-23 15:09:11,103 [PipelineCommandHandlerThread-0] INFO  ratis.XceiverServerRatis (XceiverServerRatis.java:addGroup(804)) - Created group PipelineID=d1e83715-fb40-4a84-ae1d-72c7d76482b5
2023-06-23 15:09:11,104 [8f274f01-9fb1-4f6a-9095-80f32b07f498@group-72C7D76482B5-FollowerState] INFO  server.RaftServerConfigKeys (ConfUtils.java:logFallback(53)) - raft.server.rpc.first-election.timeout.min = 5s (fallback to raft.server.rpc.timeout.min)
2023-06-23 15:09:11,104 [8f274f01-9fb1-4f6a-9095-80f32b07f498@group-72C7D76482B5-FollowerState] INFO  server.RaftServerConfigKeys (ConfUtils.java:logFallback(53)) - raft.server.rpc.first-election.timeout.max = 5200ms (fallback to raft.server.rpc.timeout.max)
2023-06-23 15:09:11,105 [9f5088ea-8577-40bb-8f98-2a64f0190639-groupManagement] INFO  server.RaftServer$Division (RaftServerImpl.java:<init>(198)) - 9f5088ea-8577-40bb-8f98-2a64f0190639: new RaftServerImpl for group-75D22E2C4CF5:[9f5088ea-8577-40bb-8f98-2a64f0190639|rpc:10.1.0.34:15077|admin:10.1.0.34:15076|client:10.1.0.34:15075|dataStream:10.1.0.34:15078|priority:1|startupRole:FOLLOWER] with ContainerStateMachine:uninitialized
2023-06-23 15:09:11,106 [9f5088ea-8577-40bb-8f98-2a64f0190639-groupManagement] INFO  server.RaftServerConfigKeys (ConfUtils.java:logGet(46)) - raft.server.rpc.timeout.min = 5s (custom)
2023-06-23 15:09:11,106 [9f5088ea-8577-40bb-8f98-2a64f0190639-groupManagement] INFO  server.RaftServerConfigKeys (ConfUtils.java:logGet(46)) - raft.server.rpc.timeout.max = 5200ms (custom)
2023-06-23 15:09:11,106 [9f5088ea-8577-40bb-8f98-2a64f0190639-groupManagement] INFO  server.RaftServerConfigKeys (ConfUtils.java:logGet(46)) - raft.server.rpc.sleep.time = 25ms (default)
2023-06-23 15:09:11,106 [9f5088ea-8577-40bb-8f98-2a64f0190639-groupManagement] INFO  server.RaftServerConfigKeys (ConfUtils.java:logGet(46)) - raft.server.rpc.slowness.timeout = 300s (custom)
2023-06-23 15:09:11,106 [9f5088ea-8577-40bb-8f98-2a64f0190639-groupManagement] INFO  server.RaftServerConfigKeys (ConfUtils.java:logGet(46)) - raft.server.leaderelection.leader.step-down.wait-time = 10s (default)
2023-06-23 15:09:11,106 [9f5088ea-8577-40bb-8f98-2a64f0190639-groupManagement] INFO  server.RaftServerConfigKeys (ConfUtils.java:logGet(46)) - raft.server.sleep.deviation.threshold = 300ms (default)
2023-06-23 15:09:11,106 [9f5088ea-8577-40bb-8f98-2a64f0190639-groupManagement] INFO  server.RaftServer$Division (ServerState.java:<init>(120)) - 9f5088ea-8577-40bb-8f98-2a64f0190639@group-75D22E2C4CF5: ConfigurationManager, init=-1: peers:[9f5088ea-8577-40bb-8f98-2a64f0190639|rpc:10.1.0.34:15077|admin:10.1.0.34:15076|client:10.1.0.34:15075|dataStream:10.1.0.34:15078|priority:1|startupRole:FOLLOWER]|listeners:[], old=null, confs=<EMPTY_MAP>
2023-06-23 15:09:11,106 [9f5088ea-8577-40bb-8f98-2a64f0190639-groupManagement] INFO  server.RaftServerConfigKeys (ConfUtils.java:logGet(46)) - raft.server.storage.dir = [/home/runner/work/ozone/ozone/hadoop-ozone/integration-test/target/test-dir/MiniOzoneClusterImpl-741560ff-92e5-4b28-9778-2cf52193c8f3/datanode-7/data/ratis] (custom)
2023-06-23 15:09:11,106 [9f5088ea-8577-40bb-8f98-2a64f0190639-groupManagement] INFO  server.RaftServerConfigKeys (ConfUtils.java:logGet(46)) - raft.server.log.corruption.policy = EXCEPTION (default)
2023-06-23 15:09:11,106 [9f5088ea-8577-40bb-8f98-2a64f0190639-groupManagement] INFO  server.RaftServerConfigKeys (ConfUtils.java:logGet(46)) - raft.server.storage.free-space.min = 0MB (=0) (default)
2023-06-23 15:09:11,106 [9f5088ea-8577-40bb-8f98-2a64f0190639-groupManagement] INFO  server.RaftServerConfigKeys (ConfUtils.java:logGet(46)) - raft.server.notification.no-leader.timeout = 300s (custom)
2023-06-23 15:09:11,106 [9f5088ea-8577-40bb-8f98-2a64f0190639-groupManagement] INFO  server.RaftServerConfigKeys (ConfUtils.java:logGet(46)) - raft.server.read.timeout = 10s (default)
2023-06-23 15:09:11,106 [9f5088ea-8577-40bb-8f98-2a64f0190639-groupManagement] INFO  server.RaftServerConfigKeys (ConfUtils.java:logGet(46)) - raft.server.retrycache.expirytime = 600000ms (custom)
2023-06-23 15:09:11,106 [9f5088ea-8577-40bb-8f98-2a64f0190639-groupManagement] INFO  server.RaftServerConfigKeys (ConfUtils.java:logGet(46)) - raft.server.retrycache.statistics.expirytime = 100μs (default)
2023-06-23 15:09:11,106 [9f5088ea-8577-40bb-8f98-2a64f0190639-groupManagement] INFO  server.RaftServerConfigKeys (ConfUtils.java:logGet(46)) - raft.server.read.option = DEFAULT (default)
2023-06-23 15:09:11,113 [9f5088ea-8577-40bb-8f98-2a64f0190639-groupManagement] INFO  server.RaftServerConfigKeys (ConfUtils.java:logGet(46)) - raft.server.rpc.request.timeout = 60s (custom)
2023-06-23 15:09:11,113 [9f5088ea-8577-40bb-8f98-2a64f0190639-groupManagement] INFO  server.RaftServerConfigKeys (ConfUtils.java:logGet(46)) - raft.server.log.appender.install.snapshot.enabled = false (custom)
2023-06-23 15:09:11,113 [9f5088ea-8577-40bb-8f98-2a64f0190639-groupManagement] INFO  server.RaftServerConfigKeys (ConfUtils.java:logGet(46)) - raft.server.threadpool.server.cached = true (default)
2023-06-23 15:09:11,113 [9f5088ea-8577-40bb-8f98-2a64f0190639-groupManagement] INFO  server.RaftServerConfigKeys (ConfUtils.java:logGet(46)) - raft.server.threadpool.server.size = 0 (default)
2023-06-23 15:09:11,113 [9f5088ea-8577-40bb-8f98-2a64f0190639-groupManagement] INFO  server.RaftServerConfigKeys (ConfUtils.java:logGet(46)) - raft.server.threadpool.client.cached = true (default)
2023-06-23 15:09:11,113 [9f5088ea-8577-40bb-8f98-2a64f0190639-groupManagement] INFO  server.RaftServerConfigKeys (ConfUtils.java:logGet(46)) - raft.server.threadpool.client.size = 0 (default)
2023-06-23 15:09:11,113 [9f5088ea-8577-40bb-8f98-2a64f0190639-groupManagement] INFO  storage.RaftStorageDirectory (RaftStorageDirectoryImpl.java:analyzeStorage(137)) - The storage directory /home/runner/work/ozone/ozone/hadoop-ozone/integration-test/target/test-dir/MiniOzoneClusterImpl-741560ff-92e5-4b28-9778-2cf52193c8f3/datanode-7/data/ratis/bc2fe470-4ad2-4988-bd78-75d22e2c4cf5 does not exist. Creating ...
2023-06-23 15:09:11,120 [9f5088ea-8577-40bb-8f98-2a64f0190639-groupManagement] INFO  storage.RaftStorageDirectory (RaftStorageDirectoryImpl.java:tryLock(231)) - Lock on /home/runner/work/ozone/ozone/hadoop-ozone/integration-test/target/test-dir/MiniOzoneClusterImpl-741560ff-92e5-4b28-9778-2cf52193c8f3/datanode-7/data/ratis/bc2fe470-4ad2-4988-bd78-75d22e2c4cf5/in_use.lock acquired by nodename 61630@fv-az424-541
2023-06-23 15:09:11,123 [9f5088ea-8577-40bb-8f98-2a64f0190639-groupManagement] INFO  storage.RaftStorage (RaftStorageImpl.java:format(96)) - Storage directory /home/runner/work/ozone/ozone/hadoop-ozone/integration-test/target/test-dir/MiniOzoneClusterImpl-741560ff-92e5-4b28-9778-2cf52193c8f3/datanode-7/data/ratis/bc2fe470-4ad2-4988-bd78-75d22e2c4cf5 has been successfully formatted.
2023-06-23 15:09:11,124 [9f5088ea-8577-40bb-8f98-2a64f0190639-groupManagement] INFO  ratis.ContainerStateMachine (ContainerStateMachine.java:loadSnapshot(262)) - group-75D22E2C4CF5: The snapshot info is null. Setting the last applied indexto:(t:0, i:~)
2023-06-23 15:09:11,124 [9f5088ea-8577-40bb-8f98-2a64f0190639-groupManagement] INFO  server.RaftServerConfigKeys (ConfUtils.java:logGet(46)) - raft.server.log.use.memory = false (default)
2023-06-23 15:09:11,124 [9f5088ea-8577-40bb-8f98-2a64f0190639-groupManagement] INFO  server.RaftServerConfigKeys (ConfUtils.java:logGet(46)) - raft.server.log.purge.gap = 1000000 (custom)
2023-06-23 15:09:11,124 [9f5088ea-8577-40bb-8f98-2a64f0190639-groupManagement] INFO  server.RaftServerConfigKeys (ConfUtils.java:logGet(46)) - raft.server.log.appender.buffer.byte-limit = 33554432 (custom)
2023-06-23 15:09:11,125 [EventQueue-PipelineReportForPipelineReportHandler] INFO  pipeline.PipelineManagerImpl (PipelineManagerImpl.java:openPipeline(381)) - Pipeline Pipeline[ Id: bc2fe470-4ad2-4988-bd78-75d22e2c4cf5, Nodes: 9f5088ea-8577-40bb-8f98-2a64f0190639(fv-az424-541.i1gjr3zuz4qevjy1zin2gin2ih.gx.internal.cloudapp.net/10.1.0.34), ReplicationConfig: RATIS/ONE, State:ALLOCATED, leaderId:9f5088ea-8577-40bb-8f98-2a64f0190639, CreationTimestamp2023-06-23T15:09:07.810Z[Etc/UTC]] moved to OPEN state
2023-06-23 15:09:11,126 [EventQueue-OpenPipelineForHealthyPipelineSafeModeRule] INFO  safemode.SCMSafeModeManager (HealthyPipelineSafeModeRule.java:process(137)) - SCM in safe mode. Healthy pipelines reported count is 0, required healthy pipeline reported count is 1
2023-06-23 15:09:11,126 [9f5088ea-8577-40bb-8f98-2a64f0190639-groupManagement] INFO  server.RaftServerConfigKeys (ConfUtils.java:logGet(46)) - raft.server.log.statemachine.data.read.timeout = 1000ms (default)
2023-06-23 15:09:11,126 [9f5088ea-8577-40bb-8f98-2a64f0190639-groupManagement] INFO  server.RaftServerConfigKeys (ConfUtils.java:logGet(46)) - raft.server.log.purge.preservation.log.num = 0 (default)
2023-06-23 15:09:11,127 [9f5088ea-8577-40bb-8f98-2a64f0190639-groupManagement] INFO  server.RaftServerConfigKeys (ConfUtils.java:logGet(46)) - raft.server.log.segment.size.max = 1048576 (custom)
2023-06-23 15:09:11,127 [grpc-default-executor-1] INFO  server.RaftServer (RaftServerProxy.java:addNew(98)) - 9f5088ea-8577-40bb-8f98-2a64f0190639: addNew group-72C7D76482B5:[8f274f01-9fb1-4f6a-9095-80f32b07f498|rpc:10.1.0.34:15068|admin:10.1.0.34:15067|client:10.1.0.34:15066|dataStream:10.1.0.34:15069|priority:0|startupRole:FOLLOWER, 9f5088ea-8577-40bb-8f98-2a64f0190639|rpc:10.1.0.34:15077|admin:10.1.0.34:15076|client:10.1.0.34:15075|dataStream:10.1.0.34:15078|priority:0|startupRole:FOLLOWER, 1f6e8c2c-f646-4632-8e05-148bee690267|rpc:10.1.0.34:15086|admin:10.1.0.34:15085|client:10.1.0.34:15084|dataStream:10.1.0.34:15087|priority:1|startupRole:FOLLOWER] returns group-72C7D76482B5:java.util.concurrent.CompletableFuture@5bbe3537[Not completed]
2023-06-23 15:09:11,127 [9f5088ea-8577-40bb-8f98-2a64f0190639-groupManagement] INFO  server.RaftServerConfigKeys (ConfUtils.java:logGet(46)) - raft.server.log.segment.cache.num.max = 2 (custom)
2023-06-23 15:09:11,127 [9f5088ea-8577-40bb-8f98-2a64f0190639-groupManagement] INFO  server.RaftServerConfigKeys (ConfUtils.java:logGet(46)) - raft.server.log.segment.cache.size.max = 200MB (=209715200) (default)
2023-06-23 15:09:11,127 [9f5088ea-8577-40bb-8f98-2a64f0190639-groupManagement] INFO  server.RaftServerConfigKeys (ConfUtils.java:logGet(46)) - raft.server.log.appender.buffer.byte-limit = 33554432 (custom)
2023-06-23 15:09:11,127 [9f5088ea-8577-40bb-8f98-2a64f0190639-groupManagement] INFO  segmented.SegmentedRaftLogWorker (SegmentedRaftLogWorker.java:<init>(188)) - new 9f5088ea-8577-40bb-8f98-2a64f0190639@group-75D22E2C4CF5-SegmentedRaftLogWorker for RaftStorageImpl:Storage Directory /home/runner/work/ozone/ozone/hadoop-ozone/integration-test/target/test-dir/MiniOzoneClusterImpl-741560ff-92e5-4b28-9778-2cf52193c8f3/datanode-7/data/ratis/bc2fe470-4ad2-4988-bd78-75d22e2c4cf5
2023-06-23 15:09:11,127 [9f5088ea-8577-40bb-8f98-2a64f0190639-groupManagement] INFO  server.RaftServerConfigKeys (ConfUtils.java:logGet(46)) - raft.server.log.queue.byte-limit = 4294967296 (custom)
2023-06-23 15:09:11,127 [9f5088ea-8577-40bb-8f98-2a64f0190639-groupManagement] INFO  server.RaftServerConfigKeys (ConfUtils.java:logGet(46)) - raft.server.log.queue.element-limit = 1024 (custom)
2023-06-23 15:09:11,127 [9f5088ea-8577-40bb-8f98-2a64f0190639-groupManagement] INFO  server.RaftServerConfigKeys (ConfUtils.java:logGet(46)) - raft.server.log.segment.size.max = 1048576 (custom)
2023-06-23 15:09:11,128 [9f5088ea-8577-40bb-8f98-2a64f0190639-groupManagement] INFO  server.RaftServerConfigKeys (ConfUtils.java:logGet(46)) - raft.server.log.preallocated.size = 16384 (custom)
2023-06-23 15:09:11,128 [9f5088ea-8577-40bb-8f98-2a64f0190639-groupManagement] INFO  server.RaftServerConfigKeys (ConfUtils.java:logGet(46)) - raft.server.log.force.sync.num = 128 (default)
2023-06-23 15:09:11,128 [9f5088ea-8577-40bb-8f98-2a64f0190639-groupManagement] INFO  server.RaftServerConfigKeys (ConfUtils.java:logGet(46)) - raft.server.log.statemachine.data.sync = true (default)
2023-06-23 15:09:11,128 [9f5088ea-8577-40bb-8f98-2a64f0190639-groupManagement] INFO  server.RaftServerConfigKeys (ConfUtils.java:logGet(46)) - raft.server.log.statemachine.data.sync.timeout = 10s (default)
2023-06-23 15:09:11,128 [9f5088ea-8577-40bb-8f98-2a64f0190639-groupManagement] INFO  server.RaftServerConfigKeys (ConfUtils.java:logGet(46)) - raft.server.log.statemachine.data.sync.timeout.retry = -1 (default)
2023-06-23 15:09:11,128 [9f5088ea-8577-40bb-8f98-2a64f0190639-groupManagement] INFO  server.RaftServerConfigKeys (ConfUtils.java:logGet(46)) - raft.server.log.write.buffer.size = 1048576 (custom)
2023-06-23 15:09:11,129 [9f5088ea-8577-40bb-8f98-2a64f0190639-groupManagement] INFO  server.RaftServerConfigKeys (ConfUtils.java:logGet(46)) - raft.server.log.appender.buffer.byte-limit = 33554432 (custom)
2023-06-23 15:09:11,137 [9f5088ea-8577-40bb-8f98-2a64f0190639-groupManagement] INFO  server.RaftServerConfigKeys (ConfUtils.java:logGet(46)) - raft.server.log.unsafe-flush.enabled = false (default)
2023-06-23 15:09:11,137 [9f5088ea-8577-40bb-8f98-2a64f0190639-groupManagement] INFO  server.RaftServerConfigKeys (ConfUtils.java:logGet(46)) - raft.server.log.async-flush.enabled = false (default)
2023-06-23 15:09:11,137 [9f5088ea-8577-40bb-8f98-2a64f0190639-groupManagement] INFO  server.RaftServerConfigKeys (ConfUtils.java:logGet(46)) - raft.server.log.statemachine.data.caching.enabled = true (custom)
2023-06-23 15:09:11,137 [9f5088ea-8577-40bb-8f98-2a64f0190639-groupManagement] INFO  segmented.SegmentedRaftLogWorker (SegmentedRaftLogWorker.java:lambda$new$0(135)) - 9f5088ea-8577-40bb-8f98-2a64f0190639@group-75D22E2C4CF5-SegmentedRaftLogWorker: flushIndex: setUnconditionally 0 -> -1
2023-06-23 15:09:11,138 [9f5088ea-8577-40bb-8f98-2a64f0190639-groupManagement] INFO  segmented.SegmentedRaftLogWorker (SegmentedRaftLogWorker.java:lambda$new$0(135)) - 9f5088ea-8577-40bb-8f98-2a64f0190639@group-75D22E2C4CF5-SegmentedRaftLogWorker: safeCacheEvictIndex: setUnconditionally 0 -> -1
2023-06-23 15:09:11,139 [9f5088ea-8577-40bb-8f98-2a64f0190639-groupManagement] INFO  server.RaftServer$Division (RaftServerImpl.java:start(342)) - 9f5088ea-8577-40bb-8f98-2a64f0190639@group-75D22E2C4CF5: start as a follower, conf=-1: peers:[9f5088ea-8577-40bb-8f98-2a64f0190639|rpc:10.1.0.34:15077|admin:10.1.0.34:15076|client:10.1.0.34:15075|dataStream:10.1.0.34:15078|priority:1|startupRole:FOLLOWER]|listeners:[], old=null
2023-06-23 15:09:11,139 [9f5088ea-8577-40bb-8f98-2a64f0190639-groupManagement] INFO  server.RaftServer$Division (RaftServerImpl.java:setRole(329)) - 9f5088ea-8577-40bb-8f98-2a64f0190639@group-75D22E2C4CF5: changes role from      null to FOLLOWER at term 0 for startAsFollower
2023-06-23 15:09:11,139 [9f5088ea-8577-40bb-8f98-2a64f0190639-groupManagement] INFO  impl.RoleInfo (RoleInfo.java:updateAndGet(139)) - 9f5088ea-8577-40bb-8f98-2a64f0190639: start 9f5088ea-8577-40bb-8f98-2a64f0190639@group-75D22E2C4CF5-FollowerState
2023-06-23 15:09:11,143 [9f5088ea-8577-40bb-8f98-2a64f0190639-groupManagement] INFO  util.JmxRegister (JmxRegister.java:tryRegister(44)) - Successfully registered JMX Bean with object name Ratis:service=RaftServer,group=group-75D22E2C4CF5,id=9f5088ea-8577-40bb-8f98-2a64f0190639
2023-06-23 15:09:11,143 [9f5088ea-8577-40bb-8f98-2a64f0190639-groupManagement] INFO  server.RaftServerConfigKeys (ConfUtils.java:logGet(46)) - raft.server.snapshot.auto.trigger.enabled = true (custom)
2023-06-23 15:09:11,143 [9f5088ea-8577-40bb-8f98-2a64f0190639-groupManagement] INFO  server.RaftServerConfigKeys (ConfUtils.java:logGet(46)) - raft.server.snapshot.auto.trigger.threshold = 10000 (custom)
2023-06-23 15:09:11,143 [9f5088ea-8577-40bb-8f98-2a64f0190639-groupManagement] INFO  server.RaftServerConfigKeys (ConfUtils.java:logGet(46)) - raft.server.snapshot.retention.file.num = 5 (custom)
2023-06-23 15:09:11,143 [9f5088ea-8577-40bb-8f98-2a64f0190639-groupManagement] INFO  server.RaftServerConfigKeys (ConfUtils.java:logGet(46)) - raft.server.log.purge.upto.snapshot.index = false (default)
2023-06-23 15:09:11,144 [9f5088ea-8577-40bb-8f98-2a64f0190639@group-75D22E2C4CF5-FollowerState] INFO  server.RaftServerConfigKeys (ConfUtils.java:logFallback(53)) - raft.server.rpc.first-election.timeout.min = 5s (fallback to raft.server.rpc.timeout.min)
2023-06-23 15:09:11,144 [9f5088ea-8577-40bb-8f98-2a64f0190639@group-75D22E2C4CF5-FollowerState] INFO  server.RaftServerConfigKeys (ConfUtils.java:logFallback(53)) - raft.server.rpc.first-election.timeout.max = 5200ms (fallback to raft.server.rpc.timeout.max)
2023-06-23 15:09:11,144 [PipelineCommandHandlerThread-0] INFO  ratis.XceiverServerRatis (XceiverServerRatis.java:addGroup(804)) - Created group PipelineID=bc2fe470-4ad2-4988-bd78-75d22e2c4cf5
2023-06-23 15:09:11,144 [PipelineCommandHandlerThread-0] INFO  commandhandler.CreatePipelineCommandHandler (CreatePipelineCommandHandler.java:lambda$handle$2(124)) - Created Pipeline RATIS ONE PipelineID=bc2fe470-4ad2-4988-bd78-75d22e2c4cf5.
2023-06-23 15:09:11,145 [9f5088ea-8577-40bb-8f98-2a64f0190639-groupManagement] INFO  server.RaftServer$Division (RaftServerImpl.java:<init>(198)) - 9f5088ea-8577-40bb-8f98-2a64f0190639: new RaftServerImpl for group-72C7D76482B5:[8f274f01-9fb1-4f6a-9095-80f32b07f498|rpc:10.1.0.34:15068|admin:10.1.0.34:15067|client:10.1.0.34:15066|dataStream:10.1.0.34:15069|priority:0|startupRole:FOLLOWER, 9f5088ea-8577-40bb-8f98-2a64f0190639|rpc:10.1.0.34:15077|admin:10.1.0.34:15076|client:10.1.0.34:15075|dataStream:10.1.0.34:15078|priority:0|startupRole:FOLLOWER, 1f6e8c2c-f646-4632-8e05-148bee690267|rpc:10.1.0.34:15086|admin:10.1.0.34:15085|client:10.1.0.34:15084|dataStream:10.1.0.34:15087|priority:1|startupRole:FOLLOWER] with ContainerStateMachine:uninitialized
2023-06-23 15:09:11,145 [9f5088ea-8577-40bb-8f98-2a64f0190639-groupManagement] INFO  server.RaftServerConfigKeys (ConfUtils.java:logGet(46)) - raft.server.rpc.timeout.min = 5s (custom)
2023-06-23 15:09:11,145 [9f5088ea-8577-40bb-8f98-2a64f0190639-groupManagement] INFO  server.RaftServerConfigKeys (ConfUtils.java:logGet(46)) - raft.server.rpc.timeout.max = 5200ms (custom)
2023-06-23 15:09:11,145 [9f5088ea-8577-40bb-8f98-2a64f0190639-groupManagement] INFO  server.RaftServerConfigKeys (ConfUtils.java:logGet(46)) - raft.server.rpc.sleep.time = 25ms (default)
2023-06-23 15:09:11,145 [9f5088ea-8577-40bb-8f98-2a64f0190639-groupManagement] INFO  server.RaftServerConfigKeys (ConfUtils.java:logGet(46)) - raft.server.rpc.slowness.timeout = 300s (custom)
2023-06-23 15:09:11,145 [9f5088ea-8577-40bb-8f98-2a64f0190639-groupManagement] INFO  server.RaftServerConfigKeys (ConfUtils.java:logGet(46)) - raft.server.leaderelection.leader.step-down.wait-time = 10s (default)
2023-06-23 15:09:11,145 [9f5088ea-8577-40bb-8f98-2a64f0190639-groupManagement] INFO  server.RaftServerConfigKeys (ConfUtils.java:logGet(46)) - raft.server.sleep.deviation.threshold = 300ms (default)
2023-06-23 15:09:11,145 [9f5088ea-8577-40bb-8f98-2a64f0190639-groupManagement] INFO  server.RaftServer$Division (ServerState.java:<init>(120)) - 9f5088ea-8577-40bb-8f98-2a64f0190639@group-72C7D76482B5: ConfigurationManager, init=-1: peers:[8f274f01-9fb1-4f6a-9095-80f32b07f498|rpc:10.1.0.34:15068|admin:10.1.0.34:15067|client:10.1.0.34:15066|dataStream:10.1.0.34:15069|priority:0|startupRole:FOLLOWER, 9f5088ea-8577-40bb-8f98-2a64f0190639|rpc:10.1.0.34:15077|admin:10.1.0.34:15076|client:10.1.0.34:15075|dataStream:10.1.0.34:15078|priority:0|startupRole:FOLLOWER, 1f6e8c2c-f646-4632-8e05-148bee690267|rpc:10.1.0.34:15086|admin:10.1.0.34:15085|client:10.1.0.34:15084|dataStream:10.1.0.34:15087|priority:1|startupRole:FOLLOWER]|listeners:[], old=null, confs=<EMPTY_MAP>
2023-06-23 15:09:11,145 [9f5088ea-8577-40bb-8f98-2a64f0190639-groupManagement] INFO  server.RaftServerConfigKeys (ConfUtils.java:logGet(46)) - raft.server.storage.dir = [/home/runner/work/ozone/ozone/hadoop-ozone/integration-test/target/test-dir/MiniOzoneClusterImpl-741560ff-92e5-4b28-9778-2cf52193c8f3/datanode-7/data/ratis] (custom)
2023-06-23 15:09:11,145 [9f5088ea-8577-40bb-8f98-2a64f0190639-groupManagement] INFO  server.RaftServerConfigKeys (ConfUtils.java:logGet(46)) - raft.server.log.corruption.policy = EXCEPTION (default)
2023-06-23 15:09:11,145 [9f5088ea-8577-40bb-8f98-2a64f0190639-groupManagement] INFO  server.RaftServerConfigKeys (ConfUtils.java:logGet(46)) - raft.server.storage.free-space.min = 0MB (=0) (default)
2023-06-23 15:09:11,145 [9f5088ea-8577-40bb-8f98-2a64f0190639-groupManagement] INFO  server.RaftServerConfigKeys (ConfUtils.java:logGet(46)) - raft.server.notification.no-leader.timeout = 300s (custom)
2023-06-23 15:09:11,146 [9f5088ea-8577-40bb-8f98-2a64f0190639-groupManagement] INFO  server.RaftServerConfigKeys (ConfUtils.java:logGet(46)) - raft.server.read.timeout = 10s (default)
2023-06-23 15:09:11,146 [9f5088ea-8577-40bb-8f98-2a64f0190639-groupManagement] INFO  server.RaftServerConfigKeys (ConfUtils.java:logGet(46)) - raft.server.retrycache.expirytime = 600000ms (custom)
2023-06-23 15:09:11,146 [9f5088ea-8577-40bb-8f98-2a64f0190639-groupManagement] INFO  server.RaftServerConfigKeys (ConfUtils.java:logGet(46)) - raft.server.retrycache.statistics.expirytime = 100μs (default)
2023-06-23 15:09:11,146 [9f5088ea-8577-40bb-8f98-2a64f0190639-groupManagement] INFO  server.RaftServerConfigKeys (ConfUtils.java:logGet(46)) - raft.server.read.option = DEFAULT (default)
2023-06-23 15:09:11,147 [9f5088ea-8577-40bb-8f98-2a64f0190639-groupManagement] INFO  server.RaftServerConfigKeys (ConfUtils.java:logGet(46)) - raft.server.rpc.request.timeout = 60s (custom)
2023-06-23 15:09:11,147 [9f5088ea-8577-40bb-8f98-2a64f0190639-groupManagement] INFO  server.RaftServerConfigKeys (ConfUtils.java:logGet(46)) - raft.server.log.appender.install.snapshot.enabled = false (custom)
2023-06-23 15:09:11,147 [9f5088ea-8577-40bb-8f98-2a64f0190639-groupManagement] INFO  server.RaftServerConfigKeys (ConfUtils.java:logGet(46)) - raft.server.threadpool.server.cached = true (default)
2023-06-23 15:09:11,147 [9f5088ea-8577-40bb-8f98-2a64f0190639-groupManagement] INFO  server.RaftServerConfigKeys (ConfUtils.java:logGet(46)) - raft.server.threadpool.server.size = 0 (default)
2023-06-23 15:09:11,147 [9f5088ea-8577-40bb-8f98-2a64f0190639-groupManagement] INFO  server.RaftServerConfigKeys (ConfUtils.java:logGet(46)) - raft.server.threadpool.client.cached = true (default)
2023-06-23 15:09:11,147 [9f5088ea-8577-40bb-8f98-2a64f0190639-groupManagement] INFO  server.RaftServerConfigKeys (ConfUtils.java:logGet(46)) - raft.server.threadpool.client.size = 0 (default)
2023-06-23 15:09:11,147 [9f5088ea-8577-40bb-8f98-2a64f0190639-groupManagement] INFO  storage.RaftStorageDirectory (RaftStorageDirectoryImpl.java:analyzeStorage(137)) - The storage directory /home/runner/work/ozone/ozone/hadoop-ozone/integration-test/target/test-dir/MiniOzoneClusterImpl-741560ff-92e5-4b28-9778-2cf52193c8f3/datanode-7/data/ratis/d1e83715-fb40-4a84-ae1d-72c7d76482b5 does not exist. Creating ...
2023-06-23 15:09:11,149 [9f5088ea-8577-40bb-8f98-2a64f0190639-groupManagement] INFO  storage.RaftStorageDirectory (RaftStorageDirectoryImpl.java:tryLock(231)) - Lock on /home/runner/work/ozone/ozone/hadoop-ozone/integration-test/target/test-dir/MiniOzoneClusterImpl-741560ff-92e5-4b28-9778-2cf52193c8f3/datanode-7/data/ratis/d1e83715-fb40-4a84-ae1d-72c7d76482b5/in_use.lock acquired by nodename 61630@fv-az424-541
2023-06-23 15:09:11,151 [9f5088ea-8577-40bb-8f98-2a64f0190639-groupManagement] INFO  storage.RaftStorage (RaftStorageImpl.java:format(96)) - Storage directory /home/runner/work/ozone/ozone/hadoop-ozone/integration-test/target/test-dir/MiniOzoneClusterImpl-741560ff-92e5-4b28-9778-2cf52193c8f3/datanode-7/data/ratis/d1e83715-fb40-4a84-ae1d-72c7d76482b5 has been successfully formatted.
2023-06-23 15:09:11,152 [9f5088ea-8577-40bb-8f98-2a64f0190639-groupManagement] INFO  ratis.ContainerStateMachine (ContainerStateMachine.java:loadSnapshot(262)) - group-72C7D76482B5: The snapshot info is null. Setting the last applied indexto:(t:0, i:~)
2023-06-23 15:09:11,154 [EventQueue-OpenPipelineForHealthyPipelineSafeModeRule] INFO  safemode.SCMSafeModeManager (HealthyPipelineSafeModeRule.java:process(137)) - SCM in safe mode. Healthy pipelines reported count is 0, required healthy pipeline reported count is 1
2023-06-23 15:09:11,154 [9f5088ea-8577-40bb-8f98-2a64f0190639-groupManagement] INFO  server.RaftServerConfigKeys (ConfUtils.java:logGet(46)) - raft.server.log.use.memory = false (default)
2023-06-23 15:09:11,155 [9f5088ea-8577-40bb-8f98-2a64f0190639-groupManagement] INFO  server.RaftServerConfigKeys (ConfUtils.java:logGet(46)) - raft.server.log.purge.gap = 1000000 (custom)
2023-06-23 15:09:11,155 [9f5088ea-8577-40bb-8f98-2a64f0190639-groupManagement] INFO  server.RaftServerConfigKeys (ConfUtils.java:logGet(46)) - raft.server.log.appender.buffer.byte-limit = 33554432 (custom)
2023-06-23 15:09:11,155 [9f5088ea-8577-40bb-8f98-2a64f0190639-groupManagement] INFO  server.RaftServerConfigKeys (ConfUtils.java:logGet(46)) - raft.server.log.statemachine.data.read.timeout = 1000ms (default)
2023-06-23 15:09:11,155 [9f5088ea-8577-40bb-8f98-2a64f0190639-groupManagement] INFO  server.RaftServerConfigKeys (ConfUtils.java:logGet(46)) - raft.server.log.purge.preservation.log.num = 0 (default)
2023-06-23 15:09:11,155 [9f5088ea-8577-40bb-8f98-2a64f0190639-groupManagement] INFO  server.RaftServerConfigKeys (ConfUtils.java:logGet(46)) - raft.server.log.segment.size.max = 1048576 (custom)
2023-06-23 15:09:11,155 [9f5088ea-8577-40bb-8f98-2a64f0190639-groupManagement] INFO  server.RaftServerConfigKeys (ConfUtils.java:logGet(46)) - raft.server.log.segment.cache.num.max = 2 (custom)
2023-06-23 15:09:11,155 [9f5088ea-8577-40bb-8f98-2a64f0190639-groupManagement] INFO  server.RaftServerConfigKeys (ConfUtils.java:logGet(46)) - raft.server.log.segment.cache.size.max = 200MB (=209715200) (default)
2023-06-23 15:09:11,155 [9f5088ea-8577-40bb-8f98-2a64f0190639-groupManagement] INFO  server.RaftServerConfigKeys (ConfUtils.java:logGet(46)) - raft.server.log.appender.buffer.byte-limit = 33554432 (custom)
2023-06-23 15:09:11,155 [9f5088ea-8577-40bb-8f98-2a64f0190639-groupManagement] INFO  segmented.SegmentedRaftLogWorker (SegmentedRaftLogWorker.java:<init>(188)) - new 9f5088ea-8577-40bb-8f98-2a64f0190639@group-72C7D76482B5-SegmentedRaftLogWorker for RaftStorageImpl:Storage Directory /home/runner/work/ozone/ozone/hadoop-ozone/integration-test/target/test-dir/MiniOzoneClusterImpl-741560ff-92e5-4b28-9778-2cf52193c8f3/datanode-7/data/ratis/d1e83715-fb40-4a84-ae1d-72c7d76482b5
2023-06-23 15:09:11,156 [9f5088ea-8577-40bb-8f98-2a64f0190639-groupManagement] INFO  server.RaftServerConfigKeys (ConfUtils.java:logGet(46)) - raft.server.log.queue.byte-limit = 4294967296 (custom)
2023-06-23 15:09:11,156 [9f5088ea-8577-40bb-8f98-2a64f0190639-groupManagement] INFO  server.RaftServerConfigKeys (ConfUtils.java:logGet(46)) - raft.server.log.queue.element-limit = 1024 (custom)
2023-06-23 15:09:11,156 [9f5088ea-8577-40bb-8f98-2a64f0190639-groupManagement] INFO  server.RaftServerConfigKeys (ConfUtils.java:logGet(46)) - raft.server.log.segment.size.max = 1048576 (custom)
2023-06-23 15:09:11,156 [9f5088ea-8577-40bb-8f98-2a64f0190639-groupManagement] INFO  server.RaftServerConfigKeys (ConfUtils.java:logGet(46)) - raft.server.log.preallocated.size = 16384 (custom)
2023-06-23 15:09:11,156 [9f5088ea-8577-40bb-8f98-2a64f0190639-groupManagement] INFO  server.RaftServerConfigKeys (ConfUtils.java:logGet(46)) - raft.server.log.force.sync.num = 128 (default)
2023-06-23 15:09:11,156 [9f5088ea-8577-40bb-8f98-2a64f0190639-groupManagement] INFO  server.RaftServerConfigKeys (ConfUtils.java:logGet(46)) - raft.server.log.statemachine.data.sync = true (default)
2023-06-23 15:09:11,156 [9f5088ea-8577-40bb-8f98-2a64f0190639-groupManagement] INFO  server.RaftServerConfigKeys (ConfUtils.java:logGet(46)) - raft.server.log.statemachine.data.sync.timeout = 10s (default)
2023-06-23 15:09:11,156 [9f5088ea-8577-40bb-8f98-2a64f0190639-groupManagement] INFO  server.RaftServerConfigKeys (ConfUtils.java:logGet(46)) - raft.server.log.statemachine.data.sync.timeout.retry = -1 (default)
2023-06-23 15:09:11,157 [9f5088ea-8577-40bb-8f98-2a64f0190639-groupManagement] INFO  server.RaftServerConfigKeys (ConfUtils.java:logGet(46)) - raft.server.log.write.buffer.size = 1048576 (custom)
2023-06-23 15:09:11,157 [9f5088ea-8577-40bb-8f98-2a64f0190639-groupManagement] INFO  server.RaftServerConfigKeys (ConfUtils.java:logGet(46)) - raft.server.log.appender.buffer.byte-limit = 33554432 (custom)
2023-06-23 15:09:11,162 [9f5088ea-8577-40bb-8f98-2a64f0190639-groupManagement] INFO  server.RaftServerConfigKeys (ConfUtils.java:logGet(46)) - raft.server.log.unsafe-flush.enabled = false (default)
2023-06-23 15:09:11,162 [9f5088ea-8577-40bb-8f98-2a64f0190639-groupManagement] INFO  server.RaftServerConfigKeys (ConfUtils.java:logGet(46)) - raft.server.log.async-flush.enabled = false (default)
2023-06-23 15:09:11,162 [9f5088ea-8577-40bb-8f98-2a64f0190639-groupManagement] INFO  server.RaftServerConfigKeys (ConfUtils.java:logGet(46)) - raft.server.log.statemachine.data.caching.enabled = true (custom)
2023-06-23 15:09:11,162 [9f5088ea-8577-40bb-8f98-2a64f0190639-groupManagement] INFO  segmented.SegmentedRaftLogWorker (SegmentedRaftLogWorker.java:lambda$new$0(135)) - 9f5088ea-8577-40bb-8f98-2a64f0190639@group-72C7D76482B5-SegmentedRaftLogWorker: flushIndex: setUnconditionally 0 -> -1
2023-06-23 15:09:11,162 [9f5088ea-8577-40bb-8f98-2a64f0190639-groupManagement] INFO  segmented.SegmentedRaftLogWorker (SegmentedRaftLogWorker.java:lambda$new$0(135)) - 9f5088ea-8577-40bb-8f98-2a64f0190639@group-72C7D76482B5-SegmentedRaftLogWorker: safeCacheEvictIndex: setUnconditionally 0 -> -1
2023-06-23 15:09:11,163 [9f5088ea-8577-40bb-8f98-2a64f0190639-groupManagement] INFO  server.RaftServer$Division (RaftServerImpl.java:start(342)) - 9f5088ea-8577-40bb-8f98-2a64f0190639@group-72C7D76482B5: start as a follower, conf=-1: peers:[8f274f01-9fb1-4f6a-9095-80f32b07f498|rpc:10.1.0.34:15068|admin:10.1.0.34:15067|client:10.1.0.34:15066|dataStream:10.1.0.34:15069|priority:0|startupRole:FOLLOWER, 9f5088ea-8577-40bb-8f98-2a64f0190639|rpc:10.1.0.34:15077|admin:10.1.0.34:15076|client:10.1.0.34:15075|dataStream:10.1.0.34:15078|priority:0|startupRole:FOLLOWER, 1f6e8c2c-f646-4632-8e05-148bee690267|rpc:10.1.0.34:15086|admin:10.1.0.34:15085|client:10.1.0.34:15084|dataStream:10.1.0.34:15087|priority:1|startupRole:FOLLOWER]|listeners:[], old=null
2023-06-23 15:09:11,163 [9f5088ea-8577-40bb-8f98-2a64f0190639-groupManagement] INFO  server.RaftServer$Division (RaftServerImpl.java:setRole(329)) - 9f5088ea-8577-40bb-8f98-2a64f0190639@group-72C7D76482B5: changes role from      null to FOLLOWER at term 0 for startAsFollower
2023-06-23 15:09:11,163 [9f5088ea-8577-40bb-8f98-2a64f0190639-groupManagement] INFO  impl.RoleInfo (RoleInfo.java:updateAndGet(139)) - 9f5088ea-8577-40bb-8f98-2a64f0190639: start 9f5088ea-8577-40bb-8f98-2a64f0190639@group-72C7D76482B5-FollowerState
2023-06-23 15:09:11,164 [9f5088ea-8577-40bb-8f98-2a64f0190639-groupManagement] INFO  util.JmxRegister (JmxRegister.java:tryRegister(44)) - Successfully registered JMX Bean with object name Ratis:service=RaftServer,group=group-72C7D76482B5,id=9f5088ea-8577-40bb-8f98-2a64f0190639
2023-06-23 15:09:11,165 [9f5088ea-8577-40bb-8f98-2a64f0190639-groupManagement] INFO  server.RaftServerConfigKeys (ConfUtils.java:logGet(46)) - raft.server.snapshot.auto.trigger.enabled = true (custom)
2023-06-23 15:09:11,165 [9f5088ea-8577-40bb-8f98-2a64f0190639-groupManagement] INFO  server.RaftServerConfigKeys (ConfUtils.java:logGet(46)) - raft.server.snapshot.auto.trigger.threshold = 10000 (custom)
2023-06-23 15:09:11,165 [9f5088ea-8577-40bb-8f98-2a64f0190639-groupManagement] INFO  server.RaftServerConfigKeys (ConfUtils.java:logGet(46)) - raft.server.snapshot.retention.file.num = 5 (custom)
2023-06-23 15:09:11,165 [9f5088ea-8577-40bb-8f98-2a64f0190639-groupManagement] INFO  server.RaftServerConfigKeys (ConfUtils.java:logGet(46)) - raft.server.log.purge.upto.snapshot.index = false (default)
2023-06-23 15:09:11,166 [9f5088ea-8577-40bb-8f98-2a64f0190639@group-72C7D76482B5-FollowerState] INFO  server.RaftServerConfigKeys (ConfUtils.java:logFallback(53)) - raft.server.rpc.first-election.timeout.min = 5s (fallback to raft.server.rpc.timeout.min)
2023-06-23 15:09:11,166 [9f5088ea-8577-40bb-8f98-2a64f0190639@group-72C7D76482B5-FollowerState] INFO  server.RaftServerConfigKeys (ConfUtils.java:logFallback(53)) - raft.server.rpc.first-election.timeout.max = 5200ms (fallback to raft.server.rpc.timeout.max)
2023-06-23 15:09:11,191 [grpc-default-executor-1] INFO  server.RaftServer (RaftServerProxy.java:addNew(98)) - 1f6e8c2c-f646-4632-8e05-148bee690267: addNew group-72C7D76482B5:[8f274f01-9fb1-4f6a-9095-80f32b07f498|rpc:10.1.0.34:15068|admin:10.1.0.34:15067|client:10.1.0.34:15066|dataStream:10.1.0.34:15069|priority:0|startupRole:FOLLOWER, 9f5088ea-8577-40bb-8f98-2a64f0190639|rpc:10.1.0.34:15077|admin:10.1.0.34:15076|client:10.1.0.34:15075|dataStream:10.1.0.34:15078|priority:0|startupRole:FOLLOWER, 1f6e8c2c-f646-4632-8e05-148bee690267|rpc:10.1.0.34:15086|admin:10.1.0.34:15085|client:10.1.0.34:15084|dataStream:10.1.0.34:15087|priority:1|startupRole:FOLLOWER] returns group-72C7D76482B5:java.util.concurrent.CompletableFuture@58838791[Not completed]
2023-06-23 15:09:11,192 [1f6e8c2c-f646-4632-8e05-148bee690267-groupManagement] INFO  server.RaftServer$Division (RaftServerImpl.java:<init>(198)) - 1f6e8c2c-f646-4632-8e05-148bee690267: new RaftServerImpl for group-72C7D76482B5:[8f274f01-9fb1-4f6a-9095-80f32b07f498|rpc:10.1.0.34:15068|admin:10.1.0.34:15067|client:10.1.0.34:15066|dataStream:10.1.0.34:15069|priority:0|startupRole:FOLLOWER, 9f5088ea-8577-40bb-8f98-2a64f0190639|rpc:10.1.0.34:15077|admin:10.1.0.34:15076|client:10.1.0.34:15075|dataStream:10.1.0.34:15078|priority:0|startupRole:FOLLOWER, 1f6e8c2c-f646-4632-8e05-148bee690267|rpc:10.1.0.34:15086|admin:10.1.0.34:15085|client:10.1.0.34:15084|dataStream:10.1.0.34:15087|priority:1|startupRole:FOLLOWER] with ContainerStateMachine:uninitialized
2023-06-23 15:09:11,192 [1f6e8c2c-f646-4632-8e05-148bee690267-groupManagement] INFO  server.RaftServerConfigKeys (ConfUtils.java:logGet(46)) - raft.server.rpc.timeout.min = 5s (custom)
2023-06-23 15:09:11,192 [1f6e8c2c-f646-4632-8e05-148bee690267-groupManagement] INFO  server.RaftServerConfigKeys (ConfUtils.java:logGet(46)) - raft.server.rpc.timeout.max = 5200ms (custom)
2023-06-23 15:09:11,192 [1f6e8c2c-f646-4632-8e05-148bee690267-groupManagement] INFO  server.RaftServerConfigKeys (ConfUtils.java:logGet(46)) - raft.server.rpc.sleep.time = 25ms (default)
2023-06-23 15:09:11,192 [1f6e8c2c-f646-4632-8e05-148bee690267-groupManagement] INFO  server.RaftServerConfigKeys (ConfUtils.java:logGet(46)) - raft.server.rpc.slowness.timeout = 300s (custom)
2023-06-23 15:09:11,192 [1f6e8c2c-f646-4632-8e05-148bee690267-groupManagement] INFO  server.RaftServerConfigKeys (ConfUtils.java:logGet(46)) - raft.server.leaderelection.leader.step-down.wait-time = 10s (default)
2023-06-23 15:09:11,192 [1f6e8c2c-f646-4632-8e05-148bee690267-groupManagement] INFO  server.RaftServerConfigKeys (ConfUtils.java:logGet(46)) - raft.server.sleep.deviation.threshold = 300ms (default)
2023-06-23 15:09:11,192 [1f6e8c2c-f646-4632-8e05-148bee690267-groupManagement] INFO  server.RaftServer$Division (ServerState.java:<init>(120)) - 1f6e8c2c-f646-4632-8e05-148bee690267@group-72C7D76482B5: ConfigurationManager, init=-1: peers:[8f274f01-9fb1-4f6a-9095-80f32b07f498|rpc:10.1.0.34:15068|admin:10.1.0.34:15067|client:10.1.0.34:15066|dataStream:10.1.0.34:15069|priority:0|startupRole:FOLLOWER, 9f5088ea-8577-40bb-8f98-2a64f0190639|rpc:10.1.0.34:15077|admin:10.1.0.34:15076|client:10.1.0.34:15075|dataStream:10.1.0.34:15078|priority:0|startupRole:FOLLOWER, 1f6e8c2c-f646-4632-8e05-148bee690267|rpc:10.1.0.34:15086|admin:10.1.0.34:15085|client:10.1.0.34:15084|dataStream:10.1.0.34:15087|priority:1|startupRole:FOLLOWER]|listeners:[], old=null, confs=<EMPTY_MAP>
2023-06-23 15:09:11,192 [1f6e8c2c-f646-4632-8e05-148bee690267-groupManagement] INFO  server.RaftServerConfigKeys (ConfUtils.java:logGet(46)) - raft.server.storage.dir = [/home/runner/work/ozone/ozone/hadoop-ozone/integration-test/target/test-dir/MiniOzoneClusterImpl-741560ff-92e5-4b28-9778-2cf52193c8f3/datanode-8/data/ratis] (custom)
2023-06-23 15:09:11,192 [1f6e8c2c-f646-4632-8e05-148bee690267-groupManagement] INFO  server.RaftServerConfigKeys (ConfUtils.java:logGet(46)) - raft.server.log.corruption.policy = EXCEPTION (default)
2023-06-23 15:09:11,192 [1f6e8c2c-f646-4632-8e05-148bee690267-groupManagement] INFO  server.RaftServerConfigKeys (ConfUtils.java:logGet(46)) - raft.server.storage.free-space.min = 0MB (=0) (default)
2023-06-23 15:09:11,192 [1f6e8c2c-f646-4632-8e05-148bee690267-groupManagement] INFO  server.RaftServerConfigKeys (ConfUtils.java:logGet(46)) - raft.server.notification.no-leader.timeout = 300s (custom)
2023-06-23 15:09:11,193 [1f6e8c2c-f646-4632-8e05-148bee690267-groupManagement] INFO  server.RaftServerConfigKeys (ConfUtils.java:logGet(46)) - raft.server.read.timeout = 10s (default)
2023-06-23 15:09:11,193 [1f6e8c2c-f646-4632-8e05-148bee690267-groupManagement] INFO  server.RaftServerConfigKeys (ConfUtils.java:logGet(46)) - raft.server.retrycache.expirytime = 600000ms (custom)
2023-06-23 15:09:11,193 [1f6e8c2c-f646-4632-8e05-148bee690267-groupManagement] INFO  server.RaftServerConfigKeys (ConfUtils.java:logGet(46)) - raft.server.retrycache.statistics.expirytime = 100μs (default)
2023-06-23 15:09:11,193 [1f6e8c2c-f646-4632-8e05-148bee690267-groupManagement] INFO  server.RaftServerConfigKeys (ConfUtils.java:logGet(46)) - raft.server.read.option = DEFAULT (default)
2023-06-23 15:09:11,194 [1f6e8c2c-f646-4632-8e05-148bee690267-groupManagement] INFO  server.RaftServerConfigKeys (ConfUtils.java:logGet(46)) - raft.server.rpc.request.timeout = 60s (custom)
2023-06-23 15:09:11,194 [1f6e8c2c-f646-4632-8e05-148bee690267-groupManagement] INFO  server.RaftServerConfigKeys (ConfUtils.java:logGet(46)) - raft.server.log.appender.install.snapshot.enabled = false (custom)
2023-06-23 15:09:11,194 [1f6e8c2c-f646-4632-8e05-148bee690267-groupManagement] INFO  server.RaftServerConfigKeys (ConfUtils.java:logGet(46)) - raft.server.threadpool.server.cached = true (default)
2023-06-23 15:09:11,194 [1f6e8c2c-f646-4632-8e05-148bee690267-groupManagement] INFO  server.RaftServerConfigKeys (ConfUtils.java:logGet(46)) - raft.server.threadpool.server.size = 0 (default)
2023-06-23 15:09:11,194 [1f6e8c2c-f646-4632-8e05-148bee690267-groupManagement] INFO  server.RaftServerConfigKeys (ConfUtils.java:logGet(46)) - raft.server.threadpool.client.cached = true (default)
2023-06-23 15:09:11,194 [1f6e8c2c-f646-4632-8e05-148bee690267-groupManagement] INFO  server.RaftServerConfigKeys (ConfUtils.java:logGet(46)) - raft.server.threadpool.client.size = 0 (default)
2023-06-23 15:09:11,194 [1f6e8c2c-f646-4632-8e05-148bee690267-groupManagement] INFO  storage.RaftStorageDirectory (RaftStorageDirectoryImpl.java:analyzeStorage(137)) - The storage directory /home/runner/work/ozone/ozone/hadoop-ozone/integration-test/target/test-dir/MiniOzoneClusterImpl-741560ff-92e5-4b28-9778-2cf52193c8f3/datanode-8/data/ratis/d1e83715-fb40-4a84-ae1d-72c7d76482b5 does not exist. Creating ...
2023-06-23 15:09:11,196 [1f6e8c2c-f646-4632-8e05-148bee690267-groupManagement] INFO  storage.RaftStorageDirectory (RaftStorageDirectoryImpl.java:tryLock(231)) - Lock on /home/runner/work/ozone/ozone/hadoop-ozone/integration-test/target/test-dir/MiniOzoneClusterImpl-741560ff-92e5-4b28-9778-2cf52193c8f3/datanode-8/data/ratis/d1e83715-fb40-4a84-ae1d-72c7d76482b5/in_use.lock acquired by nodename 61630@fv-az424-541
2023-06-23 15:09:11,200 [1f6e8c2c-f646-4632-8e05-148bee690267-groupManagement] INFO  storage.RaftStorage (RaftStorageImpl.java:format(96)) - Storage directory /home/runner/work/ozone/ozone/hadoop-ozone/integration-test/target/test-dir/MiniOzoneClusterImpl-741560ff-92e5-4b28-9778-2cf52193c8f3/datanode-8/data/ratis/d1e83715-fb40-4a84-ae1d-72c7d76482b5 has been successfully formatted.
2023-06-23 15:09:11,201 [1f6e8c2c-f646-4632-8e05-148bee690267-groupManagement] INFO  ratis.ContainerStateMachine (ContainerStateMachine.java:loadSnapshot(262)) - group-72C7D76482B5: The snapshot info is null. Setting the last applied indexto:(t:0, i:~)
2023-06-23 15:09:11,201 [1f6e8c2c-f646-4632-8e05-148bee690267-groupManagement] INFO  server.RaftServerConfigKeys (ConfUtils.java:logGet(46)) - raft.server.log.use.memory = false (default)
2023-06-23 15:09:11,201 [1f6e8c2c-f646-4632-8e05-148bee690267-groupManagement] INFO  server.RaftServerConfigKeys (ConfUtils.java:logGet(46)) - raft.server.log.purge.gap = 1000000 (custom)
2023-06-23 15:09:11,201 [1f6e8c2c-f646-4632-8e05-148bee690267-groupManagement] INFO  server.RaftServerConfigKeys (ConfUtils.java:logGet(46)) - raft.server.log.appender.buffer.byte-limit = 33554432 (custom)
2023-06-23 15:09:11,201 [1f6e8c2c-f646-4632-8e05-148bee690267-groupManagement] INFO  server.RaftServerConfigKeys (ConfUtils.java:logGet(46)) - raft.server.log.statemachine.data.read.timeout = 1000ms (default)
2023-06-23 15:09:11,201 [1f6e8c2c-f646-4632-8e05-148bee690267-groupManagement] INFO  server.RaftServerConfigKeys (ConfUtils.java:logGet(46)) - raft.server.log.purge.preservation.log.num = 0 (default)
2023-06-23 15:09:11,201 [1f6e8c2c-f646-4632-8e05-148bee690267-groupManagement] INFO  server.RaftServerConfigKeys (ConfUtils.java:logGet(46)) - raft.server.log.segment.size.max = 1048576 (custom)
2023-06-23 15:09:11,201 [1f6e8c2c-f646-4632-8e05-148bee690267-groupManagement] INFO  server.RaftServerConfigKeys (ConfUtils.java:logGet(46)) - raft.server.log.segment.cache.num.max = 2 (custom)
2023-06-23 15:09:11,201 [1f6e8c2c-f646-4632-8e05-148bee690267-groupManagement] INFO  server.RaftServerConfigKeys (ConfUtils.java:logGet(46)) - raft.server.log.segment.cache.size.max = 200MB (=209715200) (default)
2023-06-23 15:09:11,201 [1f6e8c2c-f646-4632-8e05-148bee690267-groupManagement] INFO  server.RaftServerConfigKeys (ConfUtils.java:logGet(46)) - raft.server.log.appender.buffer.byte-limit = 33554432 (custom)
2023-06-23 15:09:11,202 [1f6e8c2c-f646-4632-8e05-148bee690267-groupManagement] INFO  segmented.SegmentedRaftLogWorker (SegmentedRaftLogWorker.java:<init>(188)) - new 1f6e8c2c-f646-4632-8e05-148bee690267@group-72C7D76482B5-SegmentedRaftLogWorker for RaftStorageImpl:Storage Directory /home/runner/work/ozone/ozone/hadoop-ozone/integration-test/target/test-dir/MiniOzoneClusterImpl-741560ff-92e5-4b28-9778-2cf52193c8f3/datanode-8/data/ratis/d1e83715-fb40-4a84-ae1d-72c7d76482b5
2023-06-23 15:09:11,202 [1f6e8c2c-f646-4632-8e05-148bee690267-groupManagement] INFO  server.RaftServerConfigKeys (ConfUtils.java:logGet(46)) - raft.server.log.queue.byte-limit = 4294967296 (custom)
2023-06-23 15:09:11,202 [1f6e8c2c-f646-4632-8e05-148bee690267-groupManagement] INFO  server.RaftServerConfigKeys (ConfUtils.java:logGet(46)) - raft.server.log.queue.element-limit = 1024 (custom)
2023-06-23 15:09:11,202 [1f6e8c2c-f646-4632-8e05-148bee690267-groupManagement] INFO  server.RaftServerConfigKeys (ConfUtils.java:logGet(46)) - raft.server.log.segment.size.max = 1048576 (custom)
2023-06-23 15:09:11,202 [1f6e8c2c-f646-4632-8e05-148bee690267-groupManagement] INFO  server.RaftServerConfigKeys (ConfUtils.java:logGet(46)) - raft.server.log.preallocated.size = 16384 (custom)
2023-06-23 15:09:11,202 [1f6e8c2c-f646-4632-8e05-148bee690267-groupManagement] INFO  server.RaftServerConfigKeys (ConfUtils.java:logGet(46)) - raft.server.log.force.sync.num = 128 (default)
2023-06-23 15:09:11,202 [1f6e8c2c-f646-4632-8e05-148bee690267-groupManagement] INFO  server.RaftServerConfigKeys (ConfUtils.java:logGet(46)) - raft.server.log.statemachine.data.sync = true (default)
2023-06-23 15:09:11,202 [1f6e8c2c-f646-4632-8e05-148bee690267-groupManagement] INFO  server.RaftServerConfigKeys (ConfUtils.java:logGet(46)) - raft.server.log.statemachine.data.sync.timeout = 10s (default)
2023-06-23 15:09:11,202 [1f6e8c2c-f646-4632-8e05-148bee690267-groupManagement] INFO  server.RaftServerConfigKeys (ConfUtils.java:logGet(46)) - raft.server.log.statemachine.data.sync.timeout.retry = -1 (default)
2023-06-23 15:09:11,203 [1f6e8c2c-f646-4632-8e05-148bee690267-groupManagement] INFO  server.RaftServerConfigKeys (ConfUtils.java:logGet(46)) - raft.server.log.write.buffer.size = 1048576 (custom)
2023-06-23 15:09:11,203 [1f6e8c2c-f646-4632-8e05-148bee690267-groupManagement] INFO  server.RaftServerConfigKeys (ConfUtils.java:logGet(46)) - raft.server.log.appender.buffer.byte-limit = 33554432 (custom)
2023-06-23 15:09:11,211 [1f6e8c2c-f646-4632-8e05-148bee690267-groupManagement] INFO  server.RaftServerConfigKeys (ConfUtils.java:logGet(46)) - raft.server.log.unsafe-flush.enabled = false (default)
2023-06-23 15:09:11,211 [1f6e8c2c-f646-4632-8e05-148bee690267-groupManagement] INFO  server.RaftServerConfigKeys (ConfUtils.java:logGet(46)) - raft.server.log.async-flush.enabled = false (default)
2023-06-23 15:09:11,211 [1f6e8c2c-f646-4632-8e05-148bee690267-groupManagement] INFO  server.RaftServerConfigKeys (ConfUtils.java:logGet(46)) - raft.server.log.statemachine.data.caching.enabled = true (custom)
2023-06-23 15:09:11,211 [1f6e8c2c-f646-4632-8e05-148bee690267-groupManagement] INFO  segmented.SegmentedRaftLogWorker (SegmentedRaftLogWorker.java:lambda$new$0(135)) - 1f6e8c2c-f646-4632-8e05-148bee690267@group-72C7D76482B5-SegmentedRaftLogWorker: flushIndex: setUnconditionally 0 -> -1
2023-06-23 15:09:11,211 [1f6e8c2c-f646-4632-8e05-148bee690267-groupManagement] INFO  segmented.SegmentedRaftLogWorker (SegmentedRaftLogWorker.java:lambda$new$0(135)) - 1f6e8c2c-f646-4632-8e05-148bee690267@group-72C7D76482B5-SegmentedRaftLogWorker: safeCacheEvictIndex: setUnconditionally 0 -> -1
2023-06-23 15:09:11,211 [1f6e8c2c-f646-4632-8e05-148bee690267-groupManagement] INFO  server.RaftServer$Division (RaftServerImpl.java:start(342)) - 1f6e8c2c-f646-4632-8e05-148bee690267@group-72C7D76482B5: start as a follower, conf=-1: peers:[8f274f01-9fb1-4f6a-9095-80f32b07f498|rpc:10.1.0.34:15068|admin:10.1.0.34:15067|client:10.1.0.34:15066|dataStream:10.1.0.34:15069|priority:0|startupRole:FOLLOWER, 9f5088ea-8577-40bb-8f98-2a64f0190639|rpc:10.1.0.34:15077|admin:10.1.0.34:15076|client:10.1.0.34:15075|dataStream:10.1.0.34:15078|priority:0|startupRole:FOLLOWER, 1f6e8c2c-f646-4632-8e05-148bee690267|rpc:10.1.0.34:15086|admin:10.1.0.34:15085|client:10.1.0.34:15084|dataStream:10.1.0.34:15087|priority:1|startupRole:FOLLOWER]|listeners:[], old=null
2023-06-23 15:09:11,211 [1f6e8c2c-f646-4632-8e05-148bee690267-groupManagement] INFO  server.RaftServer$Division (RaftServerImpl.java:setRole(329)) - 1f6e8c2c-f646-4632-8e05-148bee690267@group-72C7D76482B5: changes role from      null to FOLLOWER at term 0 for startAsFollower
2023-06-23 15:09:11,211 [1f6e8c2c-f646-4632-8e05-148bee690267-groupManagement] INFO  impl.RoleInfo (RoleInfo.java:updateAndGet(139)) - 1f6e8c2c-f646-4632-8e05-148bee690267: start 1f6e8c2c-f646-4632-8e05-148bee690267@group-72C7D76482B5-FollowerState
2023-06-23 15:09:11,215 [1f6e8c2c-f646-4632-8e05-148bee690267-groupManagement] INFO  util.JmxRegister (JmxRegister.java:tryRegister(44)) - Successfully registered JMX Bean with object name Ratis:service=RaftServer,group=group-72C7D76482B5,id=1f6e8c2c-f646-4632-8e05-148bee690267
2023-06-23 15:09:11,215 [1f6e8c2c-f646-4632-8e05-148bee690267-groupManagement] INFO  server.RaftServerConfigKeys (ConfUtils.java:logGet(46)) - raft.server.snapshot.auto.trigger.enabled = true (custom)
2023-06-23 15:09:11,215 [1f6e8c2c-f646-4632-8e05-148bee690267-groupManagement] INFO  server.RaftServerConfigKeys (ConfUtils.java:logGet(46)) - raft.server.snapshot.auto.trigger.threshold = 10000 (custom)
2023-06-23 15:09:11,215 [1f6e8c2c-f646-4632-8e05-148bee690267-groupManagement] INFO  server.RaftServerConfigKeys (ConfUtils.java:logGet(46)) - raft.server.snapshot.retention.file.num = 5 (custom)
2023-06-23 15:09:11,215 [1f6e8c2c-f646-4632-8e05-148bee690267-groupManagement] INFO  server.RaftServerConfigKeys (ConfUtils.java:logGet(46)) - raft.server.log.purge.upto.snapshot.index = false (default)
2023-06-23 15:09:11,216 [1f6e8c2c-f646-4632-8e05-148bee690267@group-72C7D76482B5-FollowerState] INFO  server.RaftServerConfigKeys (ConfUtils.java:logFallback(53)) - raft.server.rpc.first-election.timeout.min = 5s (fallback to raft.server.rpc.timeout.min)
2023-06-23 15:09:11,216 [1f6e8c2c-f646-4632-8e05-148bee690267@group-72C7D76482B5-FollowerState] INFO  server.RaftServerConfigKeys (ConfUtils.java:logFallback(53)) - raft.server.rpc.first-election.timeout.max = 5200ms (fallback to raft.server.rpc.timeout.max)
2023-06-23 15:09:11,231 [PipelineCommandHandlerThread-0] INFO  commandhandler.CreatePipelineCommandHandler (CreatePipelineCommandHandler.java:lambda$handle$2(124)) - Created Pipeline RATIS THREE PipelineID=d1e83715-fb40-4a84-ae1d-72c7d76482b5.
2023-06-23 15:09:11,295 [PipelineCommandHandlerThread-0] INFO  server.RaftServer (RaftServerProxy.java:addNew(98)) - 1f6e8c2c-f646-4632-8e05-148bee690267: addNew group-67173D03A824:[1f6e8c2c-f646-4632-8e05-148bee690267|rpc:10.1.0.34:15086|admin:10.1.0.34:15085|client:10.1.0.34:15084|dataStream:10.1.0.34:15087|priority:1|startupRole:FOLLOWER] returns group-67173D03A824:java.util.concurrent.CompletableFuture@32327f[Not completed]
2023-06-23 15:09:11,295 [1f6e8c2c-f646-4632-8e05-148bee690267-groupManagement] INFO  server.RaftServer$Division (RaftServerImpl.java:<init>(198)) - 1f6e8c2c-f646-4632-8e05-148bee690267: new RaftServerImpl for group-67173D03A824:[1f6e8c2c-f646-4632-8e05-148bee690267|rpc:10.1.0.34:15086|admin:10.1.0.34:15085|client:10.1.0.34:15084|dataStream:10.1.0.34:15087|priority:1|startupRole:FOLLOWER] with ContainerStateMachine:uninitialized
2023-06-23 15:09:11,296 [1f6e8c2c-f646-4632-8e05-148bee690267-groupManagement] INFO  server.RaftServerConfigKeys (ConfUtils.java:logGet(46)) - raft.server.rpc.timeout.min = 5s (custom)
2023-06-23 15:09:11,296 [1f6e8c2c-f646-4632-8e05-148bee690267-groupManagement] INFO  server.RaftServerConfigKeys (ConfUtils.java:logGet(46)) - raft.server.rpc.timeout.max = 5200ms (custom)
2023-06-23 15:09:11,296 [1f6e8c2c-f646-4632-8e05-148bee690267-groupManagement] INFO  server.RaftServerConfigKeys (ConfUtils.java:logGet(46)) - raft.server.rpc.sleep.time = 25ms (default)
2023-06-23 15:09:11,296 [1f6e8c2c-f646-4632-8e05-148bee690267-groupManagement] INFO  server.RaftServerConfigKeys (ConfUtils.java:logGet(46)) - raft.server.rpc.slowness.timeout = 300s (custom)
2023-06-23 15:09:11,296 [1f6e8c2c-f646-4632-8e05-148bee690267-groupManagement] INFO  server.RaftServerConfigKeys (ConfUtils.java:logGet(46)) - raft.server.leaderelection.leader.step-down.wait-time = 10s (default)
2023-06-23 15:09:11,296 [1f6e8c2c-f646-4632-8e05-148bee690267-groupManagement] INFO  server.RaftServerConfigKeys (ConfUtils.java:logGet(46)) - raft.server.sleep.deviation.threshold = 300ms (default)
2023-06-23 15:09:11,296 [1f6e8c2c-f646-4632-8e05-148bee690267-groupManagement] INFO  server.RaftServer$Division (ServerState.java:<init>(120)) - 1f6e8c2c-f646-4632-8e05-148bee690267@group-67173D03A824: ConfigurationManager, init=-1: peers:[1f6e8c2c-f646-4632-8e05-148bee690267|rpc:10.1.0.34:15086|admin:10.1.0.34:15085|client:10.1.0.34:15084|dataStream:10.1.0.34:15087|priority:1|startupRole:FOLLOWER]|listeners:[], old=null, confs=<EMPTY_MAP>
2023-06-23 15:09:11,296 [1f6e8c2c-f646-4632-8e05-148bee690267-groupManagement] INFO  server.RaftServerConfigKeys (ConfUtils.java:logGet(46)) - raft.server.storage.dir = [/home/runner/work/ozone/ozone/hadoop-ozone/integration-test/target/test-dir/MiniOzoneClusterImpl-741560ff-92e5-4b28-9778-2cf52193c8f3/datanode-8/data/ratis] (custom)
2023-06-23 15:09:11,296 [1f6e8c2c-f646-4632-8e05-148bee690267-groupManagement] INFO  server.RaftServerConfigKeys (ConfUtils.java:logGet(46)) - raft.server.log.corruption.policy = EXCEPTION (default)
2023-06-23 15:09:11,296 [1f6e8c2c-f646-4632-8e05-148bee690267-groupManagement] INFO  server.RaftServerConfigKeys (ConfUtils.java:logGet(46)) - raft.server.storage.free-space.min = 0MB (=0) (default)
2023-06-23 15:09:11,296 [1f6e8c2c-f646-4632-8e05-148bee690267-groupManagement] INFO  server.RaftServerConfigKeys (ConfUtils.java:logGet(46)) - raft.server.notification.no-leader.timeout = 300s (custom)
2023-06-23 15:09:11,296 [1f6e8c2c-f646-4632-8e05-148bee690267-groupManagement] INFO  server.RaftServerConfigKeys (ConfUtils.java:logGet(46)) - raft.server.read.timeout = 10s (default)
2023-06-23 15:09:11,296 [1f6e8c2c-f646-4632-8e05-148bee690267-groupManagement] INFO  server.RaftServerConfigKeys (ConfUtils.java:logGet(46)) - raft.server.retrycache.expirytime = 600000ms (custom)
2023-06-23 15:09:11,296 [1f6e8c2c-f646-4632-8e05-148bee690267-groupManagement] INFO  server.RaftServerConfigKeys (ConfUtils.java:logGet(46)) - raft.server.retrycache.statistics.expirytime = 100μs (default)
2023-06-23 15:09:11,296 [1f6e8c2c-f646-4632-8e05-148bee690267-groupManagement] INFO  server.RaftServerConfigKeys (ConfUtils.java:logGet(46)) - raft.server.read.option = DEFAULT (default)
2023-06-23 15:09:11,297 [1f6e8c2c-f646-4632-8e05-148bee690267-groupManagement] INFO  server.RaftServerConfigKeys (ConfUtils.java:logGet(46)) - raft.server.rpc.request.timeout = 60s (custom)
2023-06-23 15:09:11,297 [1f6e8c2c-f646-4632-8e05-148bee690267-groupManagement] INFO  server.RaftServerConfigKeys (ConfUtils.java:logGet(46)) - raft.server.log.appender.install.snapshot.enabled = false (custom)
2023-06-23 15:09:11,297 [1f6e8c2c-f646-4632-8e05-148bee690267-groupManagement] INFO  server.RaftServerConfigKeys (ConfUtils.java:logGet(46)) - raft.server.threadpool.server.cached = true (default)
2023-06-23 15:09:11,297 [1f6e8c2c-f646-4632-8e05-148bee690267-groupManagement] INFO  server.RaftServerConfigKeys (ConfUtils.java:logGet(46)) - raft.server.threadpool.server.size = 0 (default)
2023-06-23 15:09:11,297 [1f6e8c2c-f646-4632-8e05-148bee690267-groupManagement] INFO  server.RaftServerConfigKeys (ConfUtils.java:logGet(46)) - raft.server.threadpool.client.cached = true (default)
2023-06-23 15:09:11,298 [1f6e8c2c-f646-4632-8e05-148bee690267-groupManagement] INFO  server.RaftServerConfigKeys (ConfUtils.java:logGet(46)) - raft.server.threadpool.client.size = 0 (default)
2023-06-23 15:09:11,298 [1f6e8c2c-f646-4632-8e05-148bee690267-groupManagement] INFO  storage.RaftStorageDirectory (RaftStorageDirectoryImpl.java:analyzeStorage(137)) - The storage directory /home/runner/work/ozone/ozone/hadoop-ozone/integration-test/target/test-dir/MiniOzoneClusterImpl-741560ff-92e5-4b28-9778-2cf52193c8f3/datanode-8/data/ratis/dc23dcf4-df37-4fd4-a09d-67173d03a824 does not exist. Creating ...
2023-06-23 15:09:11,300 [1f6e8c2c-f646-4632-8e05-148bee690267-groupManagement] INFO  storage.RaftStorageDirectory (RaftStorageDirectoryImpl.java:tryLock(231)) - Lock on /home/runner/work/ozone/ozone/hadoop-ozone/integration-test/target/test-dir/MiniOzoneClusterImpl-741560ff-92e5-4b28-9778-2cf52193c8f3/datanode-8/data/ratis/dc23dcf4-df37-4fd4-a09d-67173d03a824/in_use.lock acquired by nodename 61630@fv-az424-541
2023-06-23 15:09:11,301 [1f6e8c2c-f646-4632-8e05-148bee690267-groupManagement] INFO  storage.RaftStorage (RaftStorageImpl.java:format(96)) - Storage directory /home/runner/work/ozone/ozone/hadoop-ozone/integration-test/target/test-dir/MiniOzoneClusterImpl-741560ff-92e5-4b28-9778-2cf52193c8f3/datanode-8/data/ratis/dc23dcf4-df37-4fd4-a09d-67173d03a824 has been successfully formatted.
2023-06-23 15:09:11,301 [1f6e8c2c-f646-4632-8e05-148bee690267-groupManagement] INFO  ratis.ContainerStateMachine (ContainerStateMachine.java:loadSnapshot(262)) - group-67173D03A824: The snapshot info is null. Setting the last applied indexto:(t:0, i:~)
2023-06-23 15:09:11,301 [1f6e8c2c-f646-4632-8e05-148bee690267-groupManagement] INFO  server.RaftServerConfigKeys (ConfUtils.java:logGet(46)) - raft.server.log.use.memory = false (default)
2023-06-23 15:09:11,302 [1f6e8c2c-f646-4632-8e05-148bee690267-groupManagement] INFO  server.RaftServerConfigKeys (ConfUtils.java:logGet(46)) - raft.server.log.purge.gap = 1000000 (custom)
2023-06-23 15:09:11,302 [1f6e8c2c-f646-4632-8e05-148bee690267-groupManagement] INFO  server.RaftServerConfigKeys (ConfUtils.java:logGet(46)) - raft.server.log.appender.buffer.byte-limit = 33554432 (custom)
2023-06-23 15:09:11,302 [1f6e8c2c-f646-4632-8e05-148bee690267-groupManagement] INFO  server.RaftServerConfigKeys (ConfUtils.java:logGet(46)) - raft.server.log.statemachine.data.read.timeout = 1000ms (default)
2023-06-23 15:09:11,302 [1f6e8c2c-f646-4632-8e05-148bee690267-groupManagement] INFO  server.RaftServerConfigKeys (ConfUtils.java:logGet(46)) - raft.server.log.purge.preservation.log.num = 0 (default)
2023-06-23 15:09:11,303 [1f6e8c2c-f646-4632-8e05-148bee690267-groupManagement] INFO  server.RaftServerConfigKeys (ConfUtils.java:logGet(46)) - raft.server.log.segment.size.max = 1048576 (custom)
2023-06-23 15:09:11,303 [1f6e8c2c-f646-4632-8e05-148bee690267-groupManagement] INFO  server.RaftServerConfigKeys (ConfUtils.java:logGet(46)) - raft.server.log.segment.cache.num.max = 2 (custom)
2023-06-23 15:09:11,303 [EventQueue-PipelineReportForPipelineReportHandler] INFO  pipeline.PipelineManagerImpl (PipelineManagerImpl.java:openPipeline(381)) - Pipeline Pipeline[ Id: dc23dcf4-df37-4fd4-a09d-67173d03a824, Nodes: 1f6e8c2c-f646-4632-8e05-148bee690267(fv-az424-541.i1gjr3zuz4qevjy1zin2gin2ih.gx.internal.cloudapp.net/10.1.0.34), ReplicationConfig: RATIS/ONE, State:ALLOCATED, leaderId:1f6e8c2c-f646-4632-8e05-148bee690267, CreationTimestamp2023-06-23T15:09:08.297Z[Etc/UTC]] moved to OPEN state
2023-06-23 15:09:11,304 [EventQueue-OpenPipelineForHealthyPipelineSafeModeRule] INFO  safemode.SCMSafeModeManager (HealthyPipelineSafeModeRule.java:process(137)) - SCM in safe mode. Healthy pipelines reported count is 0, required healthy pipeline reported count is 1
2023-06-23 15:09:11,303 [1f6e8c2c-f646-4632-8e05-148bee690267-groupManagement] INFO  server.RaftServerConfigKeys (ConfUtils.java:logGet(46)) - raft.server.log.segment.cache.size.max = 200MB (=209715200) (default)
2023-06-23 15:09:11,304 [1f6e8c2c-f646-4632-8e05-148bee690267-groupManagement] INFO  server.RaftServerConfigKeys (ConfUtils.java:logGet(46)) - raft.server.log.appender.buffer.byte-limit = 33554432 (custom)
2023-06-23 15:09:11,304 [1f6e8c2c-f646-4632-8e05-148bee690267-groupManagement] INFO  segmented.SegmentedRaftLogWorker (SegmentedRaftLogWorker.java:<init>(188)) - new 1f6e8c2c-f646-4632-8e05-148bee690267@group-67173D03A824-SegmentedRaftLogWorker for RaftStorageImpl:Storage Directory /home/runner/work/ozone/ozone/hadoop-ozone/integration-test/target/test-dir/MiniOzoneClusterImpl-741560ff-92e5-4b28-9778-2cf52193c8f3/datanode-8/data/ratis/dc23dcf4-df37-4fd4-a09d-67173d03a824
2023-06-23 15:09:11,304 [1f6e8c2c-f646-4632-8e05-148bee690267-groupManagement] INFO  server.RaftServerConfigKeys (ConfUtils.java:logGet(46)) - raft.server.log.queue.byte-limit = 4294967296 (custom)
2023-06-23 15:09:11,304 [1f6e8c2c-f646-4632-8e05-148bee690267-groupManagement] INFO  server.RaftServerConfigKeys (ConfUtils.java:logGet(46)) - raft.server.log.queue.element-limit = 1024 (custom)
2023-06-23 15:09:11,304 [1f6e8c2c-f646-4632-8e05-148bee690267-groupManagement] INFO  server.RaftServerConfigKeys (ConfUtils.java:logGet(46)) - raft.server.log.segment.size.max = 1048576 (custom)
2023-06-23 15:09:11,305 [1f6e8c2c-f646-4632-8e05-148bee690267-groupManagement] INFO  server.RaftServerConfigKeys (ConfUtils.java:logGet(46)) - raft.server.log.preallocated.size = 16384 (custom)
2023-06-23 15:09:11,305 [1f6e8c2c-f646-4632-8e05-148bee690267-groupManagement] INFO  server.RaftServerConfigKeys (ConfUtils.java:logGet(46)) - raft.server.log.force.sync.num = 128 (default)
2023-06-23 15:09:11,305 [1f6e8c2c-f646-4632-8e05-148bee690267-groupManagement] INFO  server.RaftServerConfigKeys (ConfUtils.java:logGet(46)) - raft.server.log.statemachine.data.sync = true (default)
2023-06-23 15:09:11,305 [1f6e8c2c-f646-4632-8e05-148bee690267-groupManagement] INFO  server.RaftServerConfigKeys (ConfUtils.java:logGet(46)) - raft.server.log.statemachine.data.sync.timeout = 10s (default)
2023-06-23 15:09:11,305 [1f6e8c2c-f646-4632-8e05-148bee690267-groupManagement] INFO  server.RaftServerConfigKeys (ConfUtils.java:logGet(46)) - raft.server.log.statemachine.data.sync.timeout.retry = -1 (default)
2023-06-23 15:09:11,305 [1f6e8c2c-f646-4632-8e05-148bee690267-groupManagement] INFO  server.RaftServerConfigKeys (ConfUtils.java:logGet(46)) - raft.server.log.write.buffer.size = 1048576 (custom)
2023-06-23 15:09:11,306 [1f6e8c2c-f646-4632-8e05-148bee690267-groupManagement] INFO  server.RaftServerConfigKeys (ConfUtils.java:logGet(46)) - raft.server.log.appender.buffer.byte-limit = 33554432 (custom)
2023-06-23 15:09:11,311 [1f6e8c2c-f646-4632-8e05-148bee690267-groupManagement] INFO  server.RaftServerConfigKeys (ConfUtils.java:logGet(46)) - raft.server.log.unsafe-flush.enabled = false (default)
2023-06-23 15:09:11,311 [1f6e8c2c-f646-4632-8e05-148bee690267-groupManagement] INFO  server.RaftServerConfigKeys (ConfUtils.java:logGet(46)) - raft.server.log.async-flush.enabled = false (default)
2023-06-23 15:09:11,311 [1f6e8c2c-f646-4632-8e05-148bee690267-groupManagement] INFO  server.RaftServerConfigKeys (ConfUtils.java:logGet(46)) - raft.server.log.statemachine.data.caching.enabled = true (custom)
2023-06-23 15:09:11,311 [1f6e8c2c-f646-4632-8e05-148bee690267-groupManagement] INFO  segmented.SegmentedRaftLogWorker (SegmentedRaftLogWorker.java:lambda$new$0(135)) - 1f6e8c2c-f646-4632-8e05-148bee690267@group-67173D03A824-SegmentedRaftLogWorker: flushIndex: setUnconditionally 0 -> -1
2023-06-23 15:09:11,311 [1f6e8c2c-f646-4632-8e05-148bee690267-groupManagement] INFO  segmented.SegmentedRaftLogWorker (SegmentedRaftLogWorker.java:lambda$new$0(135)) - 1f6e8c2c-f646-4632-8e05-148bee690267@group-67173D03A824-SegmentedRaftLogWorker: safeCacheEvictIndex: setUnconditionally 0 -> -1
2023-06-23 15:09:11,311 [1f6e8c2c-f646-4632-8e05-148bee690267-groupManagement] INFO  server.RaftServer$Division (RaftServerImpl.java:start(342)) - 1f6e8c2c-f646-4632-8e05-148bee690267@group-67173D03A824: start as a follower, conf=-1: peers:[1f6e8c2c-f646-4632-8e05-148bee690267|rpc:10.1.0.34:15086|admin:10.1.0.34:15085|client:10.1.0.34:15084|dataStream:10.1.0.34:15087|priority:1|startupRole:FOLLOWER]|listeners:[], old=null
2023-06-23 15:09:11,312 [1f6e8c2c-f646-4632-8e05-148bee690267-groupManagement] INFO  server.RaftServer$Division (RaftServerImpl.java:setRole(329)) - 1f6e8c2c-f646-4632-8e05-148bee690267@group-67173D03A824: changes role from      null to FOLLOWER at term 0 for startAsFollower
2023-06-23 15:09:11,312 [1f6e8c2c-f646-4632-8e05-148bee690267-groupManagement] INFO  impl.RoleInfo (RoleInfo.java:updateAndGet(139)) - 1f6e8c2c-f646-4632-8e05-148bee690267: start 1f6e8c2c-f646-4632-8e05-148bee690267@group-67173D03A824-FollowerState
2023-06-23 15:09:11,312 [1f6e8c2c-f646-4632-8e05-148bee690267-groupManagement] INFO  util.JmxRegister (JmxRegister.java:tryRegister(44)) - Successfully registered JMX Bean with object name Ratis:service=RaftServer,group=group-67173D03A824,id=1f6e8c2c-f646-4632-8e05-148bee690267
2023-06-23 15:09:11,312 [1f6e8c2c-f646-4632-8e05-148bee690267-groupManagement] INFO  server.RaftServerConfigKeys (ConfUtils.java:logGet(46)) - raft.server.snapshot.auto.trigger.enabled = true (custom)
2023-06-23 15:09:11,312 [1f6e8c2c-f646-4632-8e05-148bee690267-groupManagement] INFO  server.RaftServerConfigKeys (ConfUtils.java:logGet(46)) - raft.server.snapshot.auto.trigger.threshold = 10000 (custom)
2023-06-23 15:09:11,312 [1f6e8c2c-f646-4632-8e05-148bee690267-groupManagement] INFO  server.RaftServerConfigKeys (ConfUtils.java:logGet(46)) - raft.server.snapshot.retention.file.num = 5 (custom)
2023-06-23 15:09:11,312 [1f6e8c2c-f646-4632-8e05-148bee690267-groupManagement] INFO  server.RaftServerConfigKeys (ConfUtils.java:logGet(46)) - raft.server.log.purge.upto.snapshot.index = false (default)
2023-06-23 15:09:11,313 [1f6e8c2c-f646-4632-8e05-148bee690267@group-67173D03A824-FollowerState] INFO  server.RaftServerConfigKeys (ConfUtils.java:logFallback(53)) - raft.server.rpc.first-election.timeout.min = 5s (fallback to raft.server.rpc.timeout.min)
2023-06-23 15:09:11,313 [1f6e8c2c-f646-4632-8e05-148bee690267@group-67173D03A824-FollowerState] INFO  server.RaftServerConfigKeys (ConfUtils.java:logFallback(53)) - raft.server.rpc.first-election.timeout.max = 5200ms (fallback to raft.server.rpc.timeout.max)
2023-06-23 15:09:11,315 [PipelineCommandHandlerThread-0] INFO  ratis.XceiverServerRatis (XceiverServerRatis.java:addGroup(804)) - Created group PipelineID=dc23dcf4-df37-4fd4-a09d-67173d03a824
2023-06-23 15:09:11,315 [PipelineCommandHandlerThread-0] INFO  commandhandler.CreatePipelineCommandHandler (CreatePipelineCommandHandler.java:lambda$handle$2(124)) - Created Pipeline RATIS ONE PipelineID=dc23dcf4-df37-4fd4-a09d-67173d03a824.
2023-06-23 15:09:11,720 [PipelineCommandHandlerThread-0] INFO  server.RaftServer (RaftServerProxy.java:addNew(98)) - 0c086b78-a0d4-4988-bd20-4088328bd4ca: addNew group-8C4737FADEBD:[0c086b78-a0d4-4988-bd20-4088328bd4ca|rpc:10.1.0.34:15095|admin:10.1.0.34:15094|client:10.1.0.34:15093|dataStream:10.1.0.34:15096|priority:1|startupRole:FOLLOWER] returns group-8C4737FADEBD:java.util.concurrent.CompletableFuture@64e5c63f[Not completed]
2023-06-23 15:09:11,722 [0c086b78-a0d4-4988-bd20-4088328bd4ca-groupManagement] INFO  server.RaftServer$Division (RaftServerImpl.java:<init>(198)) - 0c086b78-a0d4-4988-bd20-4088328bd4ca: new RaftServerImpl for group-8C4737FADEBD:[0c086b78-a0d4-4988-bd20-4088328bd4ca|rpc:10.1.0.34:15095|admin:10.1.0.34:15094|client:10.1.0.34:15093|dataStream:10.1.0.34:15096|priority:1|startupRole:FOLLOWER] with ContainerStateMachine:uninitialized
2023-06-23 15:09:11,722 [0c086b78-a0d4-4988-bd20-4088328bd4ca-groupManagement] INFO  server.RaftServerConfigKeys (ConfUtils.java:logGet(46)) - raft.server.rpc.timeout.min = 5s (custom)
2023-06-23 15:09:11,722 [0c086b78-a0d4-4988-bd20-4088328bd4ca-groupManagement] INFO  server.RaftServerConfigKeys (ConfUtils.java:logGet(46)) - raft.server.rpc.timeout.max = 5200ms (custom)
2023-06-23 15:09:11,722 [0c086b78-a0d4-4988-bd20-4088328bd4ca-groupManagement] INFO  server.RaftServerConfigKeys (ConfUtils.java:logGet(46)) - raft.server.rpc.sleep.time = 25ms (default)
2023-06-23 15:09:11,722 [0c086b78-a0d4-4988-bd20-4088328bd4ca-groupManagement] INFO  server.RaftServerConfigKeys (ConfUtils.java:logGet(46)) - raft.server.rpc.slowness.timeout = 300s (custom)
2023-06-23 15:09:11,722 [0c086b78-a0d4-4988-bd20-4088328bd4ca-groupManagement] INFO  server.RaftServerConfigKeys (ConfUtils.java:logGet(46)) - raft.server.leaderelection.leader.step-down.wait-time = 10s (default)
2023-06-23 15:09:11,722 [0c086b78-a0d4-4988-bd20-4088328bd4ca-groupManagement] INFO  server.RaftServerConfigKeys (ConfUtils.java:logGet(46)) - raft.server.sleep.deviation.threshold = 300ms (default)
2023-06-23 15:09:11,722 [0c086b78-a0d4-4988-bd20-4088328bd4ca-groupManagement] INFO  server.RaftServer$Division (ServerState.java:<init>(120)) - 0c086b78-a0d4-4988-bd20-4088328bd4ca@group-8C4737FADEBD: ConfigurationManager, init=-1: peers:[0c086b78-a0d4-4988-bd20-4088328bd4ca|rpc:10.1.0.34:15095|admin:10.1.0.34:15094|client:10.1.0.34:15093|dataStream:10.1.0.34:15096|priority:1|startupRole:FOLLOWER]|listeners:[], old=null, confs=<EMPTY_MAP>
2023-06-23 15:09:11,722 [0c086b78-a0d4-4988-bd20-4088328bd4ca-groupManagement] INFO  server.RaftServerConfigKeys (ConfUtils.java:logGet(46)) - raft.server.storage.dir = [/home/runner/work/ozone/ozone/hadoop-ozone/integration-test/target/test-dir/MiniOzoneClusterImpl-741560ff-92e5-4b28-9778-2cf52193c8f3/datanode-9/data/ratis] (custom)
2023-06-23 15:09:11,722 [0c086b78-a0d4-4988-bd20-4088328bd4ca-groupManagement] INFO  server.RaftServerConfigKeys (ConfUtils.java:logGet(46)) - raft.server.log.corruption.policy = EXCEPTION (default)
2023-06-23 15:09:11,723 [0c086b78-a0d4-4988-bd20-4088328bd4ca-groupManagement] INFO  server.RaftServerConfigKeys (ConfUtils.java:logGet(46)) - raft.server.storage.free-space.min = 0MB (=0) (default)
2023-06-23 15:09:11,723 [0c086b78-a0d4-4988-bd20-4088328bd4ca-groupManagement] INFO  server.RaftServerConfigKeys (ConfUtils.java:logGet(46)) - raft.server.notification.no-leader.timeout = 300s (custom)
2023-06-23 15:09:11,723 [0c086b78-a0d4-4988-bd20-4088328bd4ca-groupManagement] INFO  server.RaftServerConfigKeys (ConfUtils.java:logGet(46)) - raft.server.read.timeout = 10s (default)
2023-06-23 15:09:11,723 [0c086b78-a0d4-4988-bd20-4088328bd4ca-groupManagement] INFO  server.RaftServerConfigKeys (ConfUtils.java:logGet(46)) - raft.server.retrycache.expirytime = 600000ms (custom)
2023-06-23 15:09:11,723 [0c086b78-a0d4-4988-bd20-4088328bd4ca-groupManagement] INFO  server.RaftServerConfigKeys (ConfUtils.java:logGet(46)) - raft.server.retrycache.statistics.expirytime = 100μs (default)
2023-06-23 15:09:11,723 [0c086b78-a0d4-4988-bd20-4088328bd4ca-groupManagement] INFO  server.RaftServerConfigKeys (ConfUtils.java:logGet(46)) - raft.server.read.option = DEFAULT (default)
2023-06-23 15:09:11,724 [0c086b78-a0d4-4988-bd20-4088328bd4ca-groupManagement] INFO  server.RaftServerConfigKeys (ConfUtils.java:logGet(46)) - raft.server.rpc.request.timeout = 60s (custom)
2023-06-23 15:09:11,724 [0c086b78-a0d4-4988-bd20-4088328bd4ca-groupManagement] INFO  server.RaftServerConfigKeys (ConfUtils.java:logGet(46)) - raft.server.log.appender.install.snapshot.enabled = false (custom)
2023-06-23 15:09:11,724 [0c086b78-a0d4-4988-bd20-4088328bd4ca-groupManagement] INFO  server.RaftServerConfigKeys (ConfUtils.java:logGet(46)) - raft.server.threadpool.server.cached = true (default)
2023-06-23 15:09:11,724 [0c086b78-a0d4-4988-bd20-4088328bd4ca-groupManagement] INFO  server.RaftServerConfigKeys (ConfUtils.java:logGet(46)) - raft.server.threadpool.server.size = 0 (default)
2023-06-23 15:09:11,724 [0c086b78-a0d4-4988-bd20-4088328bd4ca-groupManagement] INFO  server.RaftServerConfigKeys (ConfUtils.java:logGet(46)) - raft.server.threadpool.client.cached = true (default)
2023-06-23 15:09:11,724 [0c086b78-a0d4-4988-bd20-4088328bd4ca-groupManagement] INFO  server.RaftServerConfigKeys (ConfUtils.java:logGet(46)) - raft.server.threadpool.client.size = 0 (default)
2023-06-23 15:09:11,724 [0c086b78-a0d4-4988-bd20-4088328bd4ca-groupManagement] INFO  storage.RaftStorageDirectory (RaftStorageDirectoryImpl.java:analyzeStorage(137)) - The storage directory /home/runner/work/ozone/ozone/hadoop-ozone/integration-test/target/test-dir/MiniOzoneClusterImpl-741560ff-92e5-4b28-9778-2cf52193c8f3/datanode-9/data/ratis/2aac3252-6334-443d-bdb5-8c4737fadebd does not exist. Creating ...
2023-06-23 15:09:11,726 [0c086b78-a0d4-4988-bd20-4088328bd4ca-groupManagement] INFO  storage.RaftStorageDirectory (RaftStorageDirectoryImpl.java:tryLock(231)) - Lock on /home/runner/work/ozone/ozone/hadoop-ozone/integration-test/target/test-dir/MiniOzoneClusterImpl-741560ff-92e5-4b28-9778-2cf52193c8f3/datanode-9/data/ratis/2aac3252-6334-443d-bdb5-8c4737fadebd/in_use.lock acquired by nodename 61630@fv-az424-541
2023-06-23 15:09:11,727 [0c086b78-a0d4-4988-bd20-4088328bd4ca-groupManagement] INFO  storage.RaftStorage (RaftStorageImpl.java:format(96)) - Storage directory /home/runner/work/ozone/ozone/hadoop-ozone/integration-test/target/test-dir/MiniOzoneClusterImpl-741560ff-92e5-4b28-9778-2cf52193c8f3/datanode-9/data/ratis/2aac3252-6334-443d-bdb5-8c4737fadebd has been successfully formatted.
2023-06-23 15:09:11,728 [0c086b78-a0d4-4988-bd20-4088328bd4ca-groupManagement] INFO  ratis.ContainerStateMachine (ContainerStateMachine.java:loadSnapshot(262)) - group-8C4737FADEBD: The snapshot info is null. Setting the last applied indexto:(t:0, i:~)
2023-06-23 15:09:11,728 [0c086b78-a0d4-4988-bd20-4088328bd4ca-groupManagement] INFO  server.RaftServerConfigKeys (ConfUtils.java:logGet(46)) - raft.server.log.use.memory = false (default)
2023-06-23 15:09:11,729 [0c086b78-a0d4-4988-bd20-4088328bd4ca-groupManagement] INFO  server.RaftServerConfigKeys (ConfUtils.java:logGet(46)) - raft.server.log.purge.gap = 1000000 (custom)
2023-06-23 15:09:11,729 [0c086b78-a0d4-4988-bd20-4088328bd4ca-groupManagement] INFO  server.RaftServerConfigKeys (ConfUtils.java:logGet(46)) - raft.server.log.appender.buffer.byte-limit = 33554432 (custom)
2023-06-23 15:09:11,729 [0c086b78-a0d4-4988-bd20-4088328bd4ca-groupManagement] INFO  server.RaftServerConfigKeys (ConfUtils.java:logGet(46)) - raft.server.log.statemachine.data.read.timeout = 1000ms (default)
2023-06-23 15:09:11,729 [0c086b78-a0d4-4988-bd20-4088328bd4ca-groupManagement] INFO  server.RaftServerConfigKeys (ConfUtils.java:logGet(46)) - raft.server.log.purge.preservation.log.num = 0 (default)
2023-06-23 15:09:11,729 [0c086b78-a0d4-4988-bd20-4088328bd4ca-groupManagement] INFO  server.RaftServerConfigKeys (ConfUtils.java:logGet(46)) - raft.server.log.segment.size.max = 1048576 (custom)
2023-06-23 15:09:11,729 [0c086b78-a0d4-4988-bd20-4088328bd4ca-groupManagement] INFO  server.RaftServerConfigKeys (ConfUtils.java:logGet(46)) - raft.server.log.segment.cache.num.max = 2 (custom)
2023-06-23 15:09:11,729 [0c086b78-a0d4-4988-bd20-4088328bd4ca-groupManagement] INFO  server.RaftServerConfigKeys (ConfUtils.java:logGet(46)) - raft.server.log.segment.cache.size.max = 200MB (=209715200) (default)
2023-06-23 15:09:11,729 [0c086b78-a0d4-4988-bd20-4088328bd4ca-groupManagement] INFO  server.RaftServerConfigKeys (ConfUtils.java:logGet(46)) - raft.server.log.appender.buffer.byte-limit = 33554432 (custom)
2023-06-23 15:09:11,729 [0c086b78-a0d4-4988-bd20-4088328bd4ca-groupManagement] INFO  segmented.SegmentedRaftLogWorker (SegmentedRaftLogWorker.java:<init>(188)) - new 0c086b78-a0d4-4988-bd20-4088328bd4ca@group-8C4737FADEBD-SegmentedRaftLogWorker for RaftStorageImpl:Storage Directory /home/runner/work/ozone/ozone/hadoop-ozone/integration-test/target/test-dir/MiniOzoneClusterImpl-741560ff-92e5-4b28-9778-2cf52193c8f3/datanode-9/data/ratis/2aac3252-6334-443d-bdb5-8c4737fadebd
2023-06-23 15:09:11,729 [0c086b78-a0d4-4988-bd20-4088328bd4ca-groupManagement] INFO  server.RaftServerConfigKeys (ConfUtils.java:logGet(46)) - raft.server.log.queue.byte-limit = 4294967296 (custom)
2023-06-23 15:09:11,730 [0c086b78-a0d4-4988-bd20-4088328bd4ca-groupManagement] INFO  server.RaftServerConfigKeys (ConfUtils.java:logGet(46)) - raft.server.log.queue.element-limit = 1024 (custom)
2023-06-23 15:09:11,730 [0c086b78-a0d4-4988-bd20-4088328bd4ca-groupManagement] INFO  server.RaftServerConfigKeys (ConfUtils.java:logGet(46)) - raft.server.log.segment.size.max = 1048576 (custom)
2023-06-23 15:09:11,733 [EventQueue-PipelineReportForPipelineReportHandler] INFO  pipeline.PipelineManagerImpl (PipelineManagerImpl.java:openPipeline(381)) - Pipeline Pipeline[ Id: 2aac3252-6334-443d-bdb5-8c4737fadebd, Nodes: 0c086b78-a0d4-4988-bd20-4088328bd4ca(fv-az424-541.i1gjr3zuz4qevjy1zin2gin2ih.gx.internal.cloudapp.net/10.1.0.34), ReplicationConfig: RATIS/ONE, State:ALLOCATED, leaderId:0c086b78-a0d4-4988-bd20-4088328bd4ca, CreationTimestamp2023-06-23T15:09:08.723Z[Etc/UTC]] moved to OPEN state
2023-06-23 15:09:11,734 [EventQueue-OpenPipelineForHealthyPipelineSafeModeRule] INFO  safemode.SCMSafeModeManager (HealthyPipelineSafeModeRule.java:process(137)) - SCM in safe mode. Healthy pipelines reported count is 0, required healthy pipeline reported count is 1
2023-06-23 15:09:11,734 [0c086b78-a0d4-4988-bd20-4088328bd4ca-groupManagement] INFO  server.RaftServerConfigKeys (ConfUtils.java:logGet(46)) - raft.server.log.preallocated.size = 16384 (custom)
2023-06-23 15:09:11,734 [0c086b78-a0d4-4988-bd20-4088328bd4ca-groupManagement] INFO  server.RaftServerConfigKeys (ConfUtils.java:logGet(46)) - raft.server.log.force.sync.num = 128 (default)
2023-06-23 15:09:11,734 [0c086b78-a0d4-4988-bd20-4088328bd4ca-groupManagement] INFO  server.RaftServerConfigKeys (ConfUtils.java:logGet(46)) - raft.server.log.statemachine.data.sync = true (default)
2023-06-23 15:09:11,734 [0c086b78-a0d4-4988-bd20-4088328bd4ca-groupManagement] INFO  server.RaftServerConfigKeys (ConfUtils.java:logGet(46)) - raft.server.log.statemachine.data.sync.timeout = 10s (default)
2023-06-23 15:09:11,734 [0c086b78-a0d4-4988-bd20-4088328bd4ca-groupManagement] INFO  server.RaftServerConfigKeys (ConfUtils.java:logGet(46)) - raft.server.log.statemachine.data.sync.timeout.retry = -1 (default)
2023-06-23 15:09:11,735 [0c086b78-a0d4-4988-bd20-4088328bd4ca-groupManagement] INFO  server.RaftServerConfigKeys (ConfUtils.java:logGet(46)) - raft.server.log.write.buffer.size = 1048576 (custom)
2023-06-23 15:09:11,735 [0c086b78-a0d4-4988-bd20-4088328bd4ca-groupManagement] INFO  server.RaftServerConfigKeys (ConfUtils.java:logGet(46)) - raft.server.log.appender.buffer.byte-limit = 33554432 (custom)
2023-06-23 15:09:11,741 [0c086b78-a0d4-4988-bd20-4088328bd4ca-groupManagement] INFO  server.RaftServerConfigKeys (ConfUtils.java:logGet(46)) - raft.server.log.unsafe-flush.enabled = false (default)
2023-06-23 15:09:11,741 [0c086b78-a0d4-4988-bd20-4088328bd4ca-groupManagement] INFO  server.RaftServerConfigKeys (ConfUtils.java:logGet(46)) - raft.server.log.async-flush.enabled = false (default)
2023-06-23 15:09:11,741 [0c086b78-a0d4-4988-bd20-4088328bd4ca-groupManagement] INFO  server.RaftServerConfigKeys (ConfUtils.java:logGet(46)) - raft.server.log.statemachine.data.caching.enabled = true (custom)
2023-06-23 15:09:11,741 [0c086b78-a0d4-4988-bd20-4088328bd4ca-groupManagement] INFO  segmented.SegmentedRaftLogWorker (SegmentedRaftLogWorker.java:lambda$new$0(135)) - 0c086b78-a0d4-4988-bd20-4088328bd4ca@group-8C4737FADEBD-SegmentedRaftLogWorker: flushIndex: setUnconditionally 0 -> -1
2023-06-23 15:09:11,741 [0c086b78-a0d4-4988-bd20-4088328bd4ca-groupManagement] INFO  segmented.SegmentedRaftLogWorker (SegmentedRaftLogWorker.java:lambda$new$0(135)) - 0c086b78-a0d4-4988-bd20-4088328bd4ca@group-8C4737FADEBD-SegmentedRaftLogWorker: safeCacheEvictIndex: setUnconditionally 0 -> -1
2023-06-23 15:09:11,747 [0c086b78-a0d4-4988-bd20-4088328bd4ca-groupManagement] INFO  server.RaftServer$Division (RaftServerImpl.java:start(342)) - 0c086b78-a0d4-4988-bd20-4088328bd4ca@group-8C4737FADEBD: start as a follower, conf=-1: peers:[0c086b78-a0d4-4988-bd20-4088328bd4ca|rpc:10.1.0.34:15095|admin:10.1.0.34:15094|client:10.1.0.34:15093|dataStream:10.1.0.34:15096|priority:1|startupRole:FOLLOWER]|listeners:[], old=null
2023-06-23 15:09:11,747 [0c086b78-a0d4-4988-bd20-4088328bd4ca-groupManagement] INFO  server.RaftServer$Division (RaftServerImpl.java:setRole(329)) - 0c086b78-a0d4-4988-bd20-4088328bd4ca@group-8C4737FADEBD: changes role from      null to FOLLOWER at term 0 for startAsFollower
2023-06-23 15:09:11,747 [0c086b78-a0d4-4988-bd20-4088328bd4ca-groupManagement] INFO  impl.RoleInfo (RoleInfo.java:updateAndGet(139)) - 0c086b78-a0d4-4988-bd20-4088328bd4ca: start 0c086b78-a0d4-4988-bd20-4088328bd4ca@group-8C4737FADEBD-FollowerState
2023-06-23 15:09:11,755 [0c086b78-a0d4-4988-bd20-4088328bd4ca-groupManagement] INFO  util.JmxRegister (JmxRegister.java:tryRegister(44)) - Successfully registered JMX Bean with object name Ratis:service=RaftServer,group=group-8C4737FADEBD,id=0c086b78-a0d4-4988-bd20-4088328bd4ca
2023-06-23 15:09:11,755 [0c086b78-a0d4-4988-bd20-4088328bd4ca-groupManagement] INFO  server.RaftServerConfigKeys (ConfUtils.java:logGet(46)) - raft.server.snapshot.auto.trigger.enabled = true (custom)
2023-06-23 15:09:11,756 [0c086b78-a0d4-4988-bd20-4088328bd4ca-groupManagement] INFO  server.RaftServerConfigKeys (ConfUtils.java:logGet(46)) - raft.server.snapshot.auto.trigger.threshold = 10000 (custom)
2023-06-23 15:09:11,756 [0c086b78-a0d4-4988-bd20-4088328bd4ca-groupManagement] INFO  server.RaftServerConfigKeys (ConfUtils.java:logGet(46)) - raft.server.snapshot.retention.file.num = 5 (custom)
2023-06-23 15:09:11,756 [0c086b78-a0d4-4988-bd20-4088328bd4ca-groupManagement] INFO  server.RaftServerConfigKeys (ConfUtils.java:logGet(46)) - raft.server.log.purge.upto.snapshot.index = false (default)
2023-06-23 15:09:11,755 [0c086b78-a0d4-4988-bd20-4088328bd4ca@group-8C4737FADEBD-FollowerState] INFO  server.RaftServerConfigKeys (ConfUtils.java:logFallback(53)) - raft.server.rpc.first-election.timeout.min = 5s (fallback to raft.server.rpc.timeout.min)
2023-06-23 15:09:11,756 [0c086b78-a0d4-4988-bd20-4088328bd4ca@group-8C4737FADEBD-FollowerState] INFO  server.RaftServerConfigKeys (ConfUtils.java:logFallback(53)) - raft.server.rpc.first-election.timeout.max = 5200ms (fallback to raft.server.rpc.timeout.max)
2023-06-23 15:09:11,760 [PipelineCommandHandlerThread-0] INFO  ratis.XceiverServerRatis (XceiverServerRatis.java:addGroup(804)) - Created group PipelineID=2aac3252-6334-443d-bdb5-8c4737fadebd
2023-06-23 15:09:11,760 [PipelineCommandHandlerThread-0] INFO  commandhandler.CreatePipelineCommandHandler (CreatePipelineCommandHandler.java:lambda$handle$2(124)) - Created Pipeline RATIS ONE PipelineID=2aac3252-6334-443d-bdb5-8c4737fadebd.
2023-06-23 15:09:12,095 [main] INFO  ozone.MiniOzoneClusterImpl (MiniOzoneClusterImpl.java:lambda$waitForClusterToBeReady$0(224)) - Nodes are ready. Got 10 of 10 DN Heartbeats.
2023-06-23 15:09:12,095 [main] INFO  ozone.MiniOzoneClusterImpl (MiniOzoneClusterImpl.java:lambda$waitForClusterToBeReady$0(227)) - Waiting for cluster to exit safe mode
2023-06-23 15:09:12,095 [main] INFO  ozone.MiniOzoneClusterImpl (MiniOzoneClusterImpl.java:lambda$waitForClusterToBeReady$0(229)) - SCM became leader
2023-06-23 15:09:13,096 [main] INFO  ozone.MiniOzoneClusterImpl (MiniOzoneClusterImpl.java:lambda$waitForClusterToBeReady$0(224)) - Nodes are ready. Got 10 of 10 DN Heartbeats.
2023-06-23 15:09:13,097 [main] INFO  ozone.MiniOzoneClusterImpl (MiniOzoneClusterImpl.java:lambda$waitForClusterToBeReady$0(227)) - Waiting for cluster to exit safe mode
2023-06-23 15:09:13,097 [main] INFO  ozone.MiniOzoneClusterImpl (MiniOzoneClusterImpl.java:lambda$waitForClusterToBeReady$0(229)) - SCM became leader
2023-06-23 15:09:13,298 [3d425f4c-b0a3-4337-aec0-a29136ea4685@group-A0561D40ED08-FollowerState] INFO  impl.FollowerState (FollowerState.java:run(143)) - 3d425f4c-b0a3-4337-aec0-a29136ea4685@group-A0561D40ED08-FollowerState: change to CANDIDATE, lastRpcElapsedTime:5096190917ns, electionTimeout:5079ms
2023-06-23 15:09:13,299 [3d425f4c-b0a3-4337-aec0-a29136ea4685@group-A0561D40ED08-FollowerState] INFO  impl.RoleInfo (RoleInfo.java:shutdownFollowerState(110)) - 3d425f4c-b0a3-4337-aec0-a29136ea4685: shutdown 3d425f4c-b0a3-4337-aec0-a29136ea4685@group-A0561D40ED08-FollowerState
2023-06-23 15:09:13,299 [3d425f4c-b0a3-4337-aec0-a29136ea4685@group-A0561D40ED08-FollowerState] INFO  server.RaftServer$Division (RaftServerImpl.java:setRole(329)) - 3d425f4c-b0a3-4337-aec0-a29136ea4685@group-A0561D40ED08: changes role from  FOLLOWER to CANDIDATE at term 0 for changeToCandidate
2023-06-23 15:09:13,304 [3d425f4c-b0a3-4337-aec0-a29136ea4685@group-A0561D40ED08-FollowerState] INFO  server.RaftServerConfigKeys (ConfUtils.java:logGet(46)) - raft.server.leaderelection.pre-vote = true (default)
2023-06-23 15:09:13,304 [3d425f4c-b0a3-4337-aec0-a29136ea4685@group-A0561D40ED08-FollowerState] INFO  impl.RoleInfo (RoleInfo.java:updateAndGet(139)) - 3d425f4c-b0a3-4337-aec0-a29136ea4685: start 3d425f4c-b0a3-4337-aec0-a29136ea4685@group-A0561D40ED08-LeaderElection2
2023-06-23 15:09:13,308 [3d425f4c-b0a3-4337-aec0-a29136ea4685@group-A0561D40ED08-LeaderElection2] INFO  impl.LeaderElection (LeaderElection.java:askForVotes(321)) - 3d425f4c-b0a3-4337-aec0-a29136ea4685@group-A0561D40ED08-LeaderElection2 PRE_VOTE round 0: submit vote requests at term 0 for -1: peers:[3d425f4c-b0a3-4337-aec0-a29136ea4685|rpc:10.1.0.34:15014|admin:10.1.0.34:15013|client:10.1.0.34:15012|dataStream:10.1.0.34:15015|priority:1|startupRole:FOLLOWER]|listeners:[], old=null
2023-06-23 15:09:13,308 [3d425f4c-b0a3-4337-aec0-a29136ea4685@group-A0561D40ED08-LeaderElection2] INFO  impl.LeaderElection (LeaderElection.java:askForVotes(323)) - 3d425f4c-b0a3-4337-aec0-a29136ea4685@group-A0561D40ED08-LeaderElection2 PRE_VOTE round 0: result PASSED (term=0)
2023-06-23 15:09:13,310 [3d425f4c-b0a3-4337-aec0-a29136ea4685@group-A0561D40ED08-LeaderElection2] INFO  impl.LeaderElection (LeaderElection.java:askForVotes(321)) - 3d425f4c-b0a3-4337-aec0-a29136ea4685@group-A0561D40ED08-LeaderElection2 ELECTION round 0: submit vote requests at term 1 for -1: peers:[3d425f4c-b0a3-4337-aec0-a29136ea4685|rpc:10.1.0.34:15014|admin:10.1.0.34:15013|client:10.1.0.34:15012|dataStream:10.1.0.34:15015|priority:1|startupRole:FOLLOWER]|listeners:[], old=null
2023-06-23 15:09:13,310 [3d425f4c-b0a3-4337-aec0-a29136ea4685@group-A0561D40ED08-LeaderElection2] INFO  impl.LeaderElection (LeaderElection.java:askForVotes(323)) - 3d425f4c-b0a3-4337-aec0-a29136ea4685@group-A0561D40ED08-LeaderElection2 ELECTION round 0: result PASSED (term=1)
2023-06-23 15:09:13,310 [3d425f4c-b0a3-4337-aec0-a29136ea4685@group-A0561D40ED08-LeaderElection2] INFO  impl.RoleInfo (RoleInfo.java:shutdownLeaderElection(130)) - 3d425f4c-b0a3-4337-aec0-a29136ea4685: shutdown 3d425f4c-b0a3-4337-aec0-a29136ea4685@group-A0561D40ED08-LeaderElection2
2023-06-23 15:09:13,310 [3d425f4c-b0a3-4337-aec0-a29136ea4685@group-A0561D40ED08-LeaderElection2] INFO  server.RaftServer$Division (RaftServerImpl.java:setRole(329)) - 3d425f4c-b0a3-4337-aec0-a29136ea4685@group-A0561D40ED08: changes role from CANDIDATE to LEADER at term 1 for changeToLeader
2023-06-23 15:09:13,310 [3d425f4c-b0a3-4337-aec0-a29136ea4685@group-A0561D40ED08-LeaderElection2] INFO  ratis.XceiverServerRatis (XceiverServerRatis.java:handleLeaderChangedNotification(902)) - Leader change notification received for group: group-A0561D40ED08 with new leaderId: 3d425f4c-b0a3-4337-aec0-a29136ea4685
2023-06-23 15:09:13,310 [3d425f4c-b0a3-4337-aec0-a29136ea4685@group-A0561D40ED08-LeaderElection2] INFO  server.RaftServer$Division (ServerState.java:setLeader(317)) - 3d425f4c-b0a3-4337-aec0-a29136ea4685@group-A0561D40ED08: change Leader from null to 3d425f4c-b0a3-4337-aec0-a29136ea4685 at term 1 for becomeLeader, leader elected after 5133ms
2023-06-23 15:09:13,310 [3d425f4c-b0a3-4337-aec0-a29136ea4685@group-A0561D40ED08-LeaderElection2] INFO  server.RaftServerConfigKeys (ConfUtils.java:logGet(46)) - raft.server.staging.catchup.gap = 1000 (default)
2023-06-23 15:09:13,311 [EventQueue-OpenPipelineForHealthyPipelineSafeModeRule] INFO  safemode.SCMSafeModeManager (HealthyPipelineSafeModeRule.java:process(137)) - SCM in safe mode. Healthy pipelines reported count is 0, required healthy pipeline reported count is 1
2023-06-23 15:09:13,312 [3d425f4c-b0a3-4337-aec0-a29136ea4685@group-A0561D40ED08-LeaderElection2] INFO  server.RaftServerConfigKeys (ConfUtils.java:logGet(46)) - raft.server.write.element-limit = 1024 (custom)
2023-06-23 15:09:13,312 [3d425f4c-b0a3-4337-aec0-a29136ea4685@group-A0561D40ED08-LeaderElection2] INFO  server.RaftServerConfigKeys (ConfUtils.java:logGet(46)) - raft.server.write.byte-limit = 1024 M (=1073741824) (custom)
2023-06-23 15:09:13,312 [3d425f4c-b0a3-4337-aec0-a29136ea4685@group-A0561D40ED08-LeaderElection2] INFO  server.RaftServerConfigKeys (ConfUtils.java:logGet(46)) - raft.server.watch.timeout = 180s (custom)
2023-06-23 15:09:13,312 [3d425f4c-b0a3-4337-aec0-a29136ea4685@group-A0561D40ED08-LeaderElection2] INFO  server.RaftServerConfigKeys (ConfUtils.java:logGet(46)) - raft.server.watch.timeout.denomination = 1s (default)
2023-06-23 15:09:13,312 [3d425f4c-b0a3-4337-aec0-a29136ea4685@group-A0561D40ED08-LeaderElection2] INFO  server.RaftServerConfigKeys (ConfUtils.java:logGet(46)) - raft.server.watch.element-limit = 65536 (default)
2023-06-23 15:09:13,312 [3d425f4c-b0a3-4337-aec0-a29136ea4685@group-A0561D40ED08-LeaderElection2] INFO  server.RaftServerConfigKeys (ConfUtils.java:logGet(46)) - raft.server.write.element-limit = 1024 (custom)
2023-06-23 15:09:13,312 [3d425f4c-b0a3-4337-aec0-a29136ea4685@group-A0561D40ED08-LeaderElection2] INFO  server.RaftServerConfigKeys (ConfUtils.java:logGet(46)) - raft.server.write.follower.gap.ratio.max = -1.0 (default)
2023-06-23 15:09:13,313 [3d425f4c-b0a3-4337-aec0-a29136ea4685@group-A0561D40ED08-LeaderElection2] INFO  impl.RoleInfo (RoleInfo.java:updateAndGet(139)) - 3d425f4c-b0a3-4337-aec0-a29136ea4685: start 3d425f4c-b0a3-4337-aec0-a29136ea4685@group-A0561D40ED08-LeaderStateImpl
2023-06-23 15:09:13,313 [3d425f4c-b0a3-4337-aec0-a29136ea4685@group-A0561D40ED08-LeaderElection2] INFO  segmented.SegmentedRaftLogWorker (SegmentedRaftLogWorker.java:startLogSegment(447)) - 3d425f4c-b0a3-4337-aec0-a29136ea4685@group-A0561D40ED08-SegmentedRaftLogWorker: Starting segment from index:0
2023-06-23 15:09:13,315 [3d425f4c-b0a3-4337-aec0-a29136ea4685@group-A0561D40ED08-SegmentedRaftLogWorker] INFO  segmented.SegmentedRaftLogWorker (SegmentedRaftLogWorker.java:execute(651)) - 3d425f4c-b0a3-4337-aec0-a29136ea4685@group-A0561D40ED08-SegmentedRaftLogWorker: created new log segment /home/runner/work/ozone/ozone/hadoop-ozone/integration-test/target/test-dir/MiniOzoneClusterImpl-741560ff-92e5-4b28-9778-2cf52193c8f3/datanode-0/data/ratis/1df6030e-1e9d-46cc-a2e8-a0561d40ed08/current/log_inprogress_0
2023-06-23 15:09:13,315 [3d425f4c-b0a3-4337-aec0-a29136ea4685@group-A0561D40ED08-LeaderElection2] INFO  server.RaftServer$Division (ServerState.java:setRaftConf(434)) - 3d425f4c-b0a3-4337-aec0-a29136ea4685@group-A0561D40ED08: set configuration 0: peers:[3d425f4c-b0a3-4337-aec0-a29136ea4685|rpc:10.1.0.34:15014|admin:10.1.0.34:15013|client:10.1.0.34:15012|dataStream:10.1.0.34:15015|priority:1|startupRole:FOLLOWER]|listeners:[], old=null
2023-06-23 15:09:13,401 [3d425f4c-b0a3-4337-aec0-a29136ea4685@group-A862192D7515-FollowerState] INFO  impl.FollowerState (FollowerState.java:run(143)) - 3d425f4c-b0a3-4337-aec0-a29136ea4685@group-A862192D7515-FollowerState: change to CANDIDATE, lastRpcElapsedTime:5148725563ns, electionTimeout:5132ms
2023-06-23 15:09:13,403 [3d425f4c-b0a3-4337-aec0-a29136ea4685@group-A862192D7515-FollowerState] INFO  impl.RoleInfo (RoleInfo.java:shutdownFollowerState(110)) - 3d425f4c-b0a3-4337-aec0-a29136ea4685: shutdown 3d425f4c-b0a3-4337-aec0-a29136ea4685@group-A862192D7515-FollowerState
2023-06-23 15:09:13,403 [3d425f4c-b0a3-4337-aec0-a29136ea4685@group-A862192D7515-FollowerState] INFO  server.RaftServer$Division (RaftServerImpl.java:setRole(329)) - 3d425f4c-b0a3-4337-aec0-a29136ea4685@group-A862192D7515: changes role from  FOLLOWER to CANDIDATE at term 0 for changeToCandidate
2023-06-23 15:09:13,403 [3d425f4c-b0a3-4337-aec0-a29136ea4685@group-A862192D7515-FollowerState] INFO  server.RaftServerConfigKeys (ConfUtils.java:logGet(46)) - raft.server.leaderelection.pre-vote = true (default)
2023-06-23 15:09:13,403 [3d425f4c-b0a3-4337-aec0-a29136ea4685@group-A862192D7515-FollowerState] INFO  impl.RoleInfo (RoleInfo.java:updateAndGet(139)) - 3d425f4c-b0a3-4337-aec0-a29136ea4685: start 3d425f4c-b0a3-4337-aec0-a29136ea4685@group-A862192D7515-LeaderElection3
2023-06-23 15:09:13,412 [3d425f4c-b0a3-4337-aec0-a29136ea4685@group-A862192D7515-LeaderElection3] INFO  impl.LeaderElection (LeaderElection.java:askForVotes(321)) - 3d425f4c-b0a3-4337-aec0-a29136ea4685@group-A862192D7515-LeaderElection3 PRE_VOTE round 0: submit vote requests at term 0 for -1: peers:[3f4ddf09-9f08-4efc-95be-1efd9e09d1d3|rpc:10.1.0.34:15032|admin:10.1.0.34:15031|client:10.1.0.34:15030|dataStream:10.1.0.34:15033|priority:0|startupRole:FOLLOWER, af576844-0e82-4589-8eaa-8af09d83806e|rpc:10.1.0.34:15023|admin:10.1.0.34:15022|client:10.1.0.34:15021|dataStream:10.1.0.34:15024|priority:0|startupRole:FOLLOWER, 3d425f4c-b0a3-4337-aec0-a29136ea4685|rpc:10.1.0.34:15014|admin:10.1.0.34:15013|client:10.1.0.34:15012|dataStream:10.1.0.34:15015|priority:1|startupRole:FOLLOWER]|listeners:[], old=null
2023-06-23 15:09:13,417 [3d425f4c-b0a3-4337-aec0-a29136ea4685@group-A862192D7515-LeaderElection3] INFO  server.RaftServerConfigKeys (ConfUtils.java:logFallback(53)) - raft.server.rpc.first-election.timeout.min = 5s (fallback to raft.server.rpc.timeout.min)
2023-06-23 15:09:13,417 [3d425f4c-b0a3-4337-aec0-a29136ea4685@group-A862192D7515-LeaderElection3] INFO  server.RaftServerConfigKeys (ConfUtils.java:logFallback(53)) - raft.server.rpc.first-election.timeout.max = 5200ms (fallback to raft.server.rpc.timeout.max)
2023-06-23 15:09:13,417 [3d425f4c-b0a3-4337-aec0-a29136ea4685@group-A862192D7515-LeaderElection3-1] INFO  server.GrpcServerProtocolClient (GrpcServerProtocolClient.java:<init>(65)) - Build channel for 3f4ddf09-9f08-4efc-95be-1efd9e09d1d3
2023-06-23 15:09:13,419 [3d425f4c-b0a3-4337-aec0-a29136ea4685@group-A862192D7515-LeaderElection3-2] INFO  server.GrpcServerProtocolClient (GrpcServerProtocolClient.java:<init>(65)) - Build channel for af576844-0e82-4589-8eaa-8af09d83806e
2023-06-23 15:09:13,437 [grpc-default-executor-1] INFO  server.RaftServer$Division (RaftServerImpl.java:requestVote(1302)) - af576844-0e82-4589-8eaa-8af09d83806e@group-A862192D7515: receive requestVote(PRE_VOTE, 3d425f4c-b0a3-4337-aec0-a29136ea4685, group-A862192D7515, 0, (t:0, i:0))
2023-06-23 15:09:13,439 [grpc-default-executor-1] INFO  impl.VoteContext (VoteContext.java:log(49)) - af576844-0e82-4589-8eaa-8af09d83806e@group-A862192D7515-FOLLOWER: accept PRE_VOTE from 3d425f4c-b0a3-4337-aec0-a29136ea4685: our priority 0 <= candidate's priority 1
2023-06-23 15:09:13,442 [grpc-default-executor-0] INFO  server.RaftServer$Division (RaftServerImpl.java:requestVote(1302)) - 3f4ddf09-9f08-4efc-95be-1efd9e09d1d3@group-A862192D7515: receive requestVote(PRE_VOTE, 3d425f4c-b0a3-4337-aec0-a29136ea4685, group-A862192D7515, 0, (t:0, i:0))
2023-06-23 15:09:13,442 [grpc-default-executor-0] INFO  impl.VoteContext (VoteContext.java:log(49)) - 3f4ddf09-9f08-4efc-95be-1efd9e09d1d3@group-A862192D7515-FOLLOWER: accept PRE_VOTE from 3d425f4c-b0a3-4337-aec0-a29136ea4685: our priority 0 <= candidate's priority 1
2023-06-23 15:09:13,445 [grpc-default-executor-1] INFO  server.RaftServer$Division (RaftServerImpl.java:requestVote(1335)) - af576844-0e82-4589-8eaa-8af09d83806e@group-A862192D7515 replies to PRE_VOTE vote request: 3d425f4c-b0a3-4337-aec0-a29136ea4685<-af576844-0e82-4589-8eaa-8af09d83806e#0:OK-t0. Peer's state: af576844-0e82-4589-8eaa-8af09d83806e@group-A862192D7515:t0, leader=null, voted=, raftlog=Memoized:af576844-0e82-4589-8eaa-8af09d83806e@group-A862192D7515-SegmentedRaftLog:OPENED:c-1, conf=-1: peers:[3f4ddf09-9f08-4efc-95be-1efd9e09d1d3|rpc:10.1.0.34:15032|admin:10.1.0.34:15031|client:10.1.0.34:15030|dataStream:10.1.0.34:15033|priority:0|startupRole:FOLLOWER, af576844-0e82-4589-8eaa-8af09d83806e|rpc:10.1.0.34:15023|admin:10.1.0.34:15022|client:10.1.0.34:15021|dataStream:10.1.0.34:15024|priority:0|startupRole:FOLLOWER, 3d425f4c-b0a3-4337-aec0-a29136ea4685|rpc:10.1.0.34:15014|admin:10.1.0.34:15013|client:10.1.0.34:15012|dataStream:10.1.0.34:15015|priority:1|startupRole:FOLLOWER]|listeners:[], old=null
2023-06-23 15:09:13,445 [grpc-default-executor-0] INFO  server.RaftServer$Division (RaftServerImpl.java:requestVote(1335)) - 3f4ddf09-9f08-4efc-95be-1efd9e09d1d3@group-A862192D7515 replies to PRE_VOTE vote request: 3d425f4c-b0a3-4337-aec0-a29136ea4685<-3f4ddf09-9f08-4efc-95be-1efd9e09d1d3#0:OK-t0. Peer's state: 3f4ddf09-9f08-4efc-95be-1efd9e09d1d3@group-A862192D7515:t0, leader=null, voted=, raftlog=Memoized:3f4ddf09-9f08-4efc-95be-1efd9e09d1d3@group-A862192D7515-SegmentedRaftLog:OPENED:c-1, conf=-1: peers:[3f4ddf09-9f08-4efc-95be-1efd9e09d1d3|rpc:10.1.0.34:15032|admin:10.1.0.34:15031|client:10.1.0.34:15030|dataStream:10.1.0.34:15033|priority:0|startupRole:FOLLOWER, af576844-0e82-4589-8eaa-8af09d83806e|rpc:10.1.0.34:15023|admin:10.1.0.34:15022|client:10.1.0.34:15021|dataStream:10.1.0.34:15024|priority:0|startupRole:FOLLOWER, 3d425f4c-b0a3-4337-aec0-a29136ea4685|rpc:10.1.0.34:15014|admin:10.1.0.34:15013|client:10.1.0.34:15012|dataStream:10.1.0.34:15015|priority:1|startupRole:FOLLOWER]|listeners:[], old=null
2023-06-23 15:09:13,448 [3d425f4c-b0a3-4337-aec0-a29136ea4685@group-A862192D7515-LeaderElection3] INFO  impl.LeaderElection (LeaderElection.java:logAndReturn(90)) - 3d425f4c-b0a3-4337-aec0-a29136ea4685@group-A862192D7515-LeaderElection3: PRE_VOTE PASSED received 1 response(s) and 0 exception(s):
2023-06-23 15:09:13,448 [3d425f4c-b0a3-4337-aec0-a29136ea4685@group-A862192D7515-LeaderElection3] INFO  impl.LeaderElection (LeaderElection.java:logAndReturn(94)) -   Response 0: 3d425f4c-b0a3-4337-aec0-a29136ea4685<-af576844-0e82-4589-8eaa-8af09d83806e#0:OK-t0
2023-06-23 15:09:13,448 [3d425f4c-b0a3-4337-aec0-a29136ea4685@group-A862192D7515-LeaderElection3] INFO  impl.LeaderElection (LeaderElection.java:askForVotes(323)) - 3d425f4c-b0a3-4337-aec0-a29136ea4685@group-A862192D7515-LeaderElection3 PRE_VOTE round 0: result PASSED
2023-06-23 15:09:13,453 [3d425f4c-b0a3-4337-aec0-a29136ea4685@group-A862192D7515-LeaderElection3] INFO  impl.LeaderElection (LeaderElection.java:askForVotes(321)) - 3d425f4c-b0a3-4337-aec0-a29136ea4685@group-A862192D7515-LeaderElection3 ELECTION round 0: submit vote requests at term 1 for -1: peers:[3f4ddf09-9f08-4efc-95be-1efd9e09d1d3|rpc:10.1.0.34:15032|admin:10.1.0.34:15031|client:10.1.0.34:15030|dataStream:10.1.0.34:15033|priority:0|startupRole:FOLLOWER, af576844-0e82-4589-8eaa-8af09d83806e|rpc:10.1.0.34:15023|admin:10.1.0.34:15022|client:10.1.0.34:15021|dataStream:10.1.0.34:15024|priority:0|startupRole:FOLLOWER, 3d425f4c-b0a3-4337-aec0-a29136ea4685|rpc:10.1.0.34:15014|admin:10.1.0.34:15013|client:10.1.0.34:15012|dataStream:10.1.0.34:15015|priority:1|startupRole:FOLLOWER]|listeners:[], old=null
2023-06-23 15:09:13,455 [3d425f4c-b0a3-4337-aec0-a29136ea4685@group-A862192D7515-LeaderElection3] INFO  server.RaftServerConfigKeys (ConfUtils.java:logFallback(53)) - raft.server.rpc.first-election.timeout.min = 5s (fallback to raft.server.rpc.timeout.min)
2023-06-23 15:09:13,455 [3d425f4c-b0a3-4337-aec0-a29136ea4685@group-A862192D7515-LeaderElection3] INFO  server.RaftServerConfigKeys (ConfUtils.java:logFallback(53)) - raft.server.rpc.first-election.timeout.max = 5200ms (fallback to raft.server.rpc.timeout.max)
2023-06-23 15:09:13,458 [grpc-default-executor-0] INFO  server.RaftServer$Division (RaftServerImpl.java:requestVote(1302)) - 3f4ddf09-9f08-4efc-95be-1efd9e09d1d3@group-A862192D7515: receive requestVote(ELECTION, 3d425f4c-b0a3-4337-aec0-a29136ea4685, group-A862192D7515, 1, (t:0, i:0))
2023-06-23 15:09:13,458 [grpc-default-executor-0] INFO  impl.VoteContext (VoteContext.java:log(49)) - 3f4ddf09-9f08-4efc-95be-1efd9e09d1d3@group-A862192D7515-FOLLOWER: accept ELECTION from 3d425f4c-b0a3-4337-aec0-a29136ea4685: our priority 0 <= candidate's priority 1
2023-06-23 15:09:13,459 [grpc-default-executor-0] INFO  server.RaftServer$Division (RaftServerImpl.java:setRole(329)) - 3f4ddf09-9f08-4efc-95be-1efd9e09d1d3@group-A862192D7515: changes role from  FOLLOWER to FOLLOWER at term 1 for candidate:3d425f4c-b0a3-4337-aec0-a29136ea4685
2023-06-23 15:09:13,459 [grpc-default-executor-0] INFO  impl.RoleInfo (RoleInfo.java:shutdownFollowerState(110)) - 3f4ddf09-9f08-4efc-95be-1efd9e09d1d3: shutdown 3f4ddf09-9f08-4efc-95be-1efd9e09d1d3@group-A862192D7515-FollowerState
2023-06-23 15:09:13,459 [grpc-default-executor-0] INFO  impl.RoleInfo (RoleInfo.java:updateAndGet(139)) - 3f4ddf09-9f08-4efc-95be-1efd9e09d1d3: start 3f4ddf09-9f08-4efc-95be-1efd9e09d1d3@group-A862192D7515-FollowerState
2023-06-23 15:09:13,459 [3f4ddf09-9f08-4efc-95be-1efd9e09d1d3@group-A862192D7515-FollowerState] INFO  impl.FollowerState (FollowerState.java:run(152)) - 3f4ddf09-9f08-4efc-95be-1efd9e09d1d3@group-A862192D7515-FollowerState was interrupted
2023-06-23 15:09:13,468 [grpc-default-executor-0] INFO  server.RaftServer$Division (RaftServerImpl.java:requestVote(1335)) - 3f4ddf09-9f08-4efc-95be-1efd9e09d1d3@group-A862192D7515 replies to ELECTION vote request: 3d425f4c-b0a3-4337-aec0-a29136ea4685<-3f4ddf09-9f08-4efc-95be-1efd9e09d1d3#0:OK-t1. Peer's state: 3f4ddf09-9f08-4efc-95be-1efd9e09d1d3@group-A862192D7515:t1, leader=null, voted=3d425f4c-b0a3-4337-aec0-a29136ea4685, raftlog=Memoized:3f4ddf09-9f08-4efc-95be-1efd9e09d1d3@group-A862192D7515-SegmentedRaftLog:OPENED:c-1, conf=-1: peers:[3f4ddf09-9f08-4efc-95be-1efd9e09d1d3|rpc:10.1.0.34:15032|admin:10.1.0.34:15031|client:10.1.0.34:15030|dataStream:10.1.0.34:15033|priority:0|startupRole:FOLLOWER, af576844-0e82-4589-8eaa-8af09d83806e|rpc:10.1.0.34:15023|admin:10.1.0.34:15022|client:10.1.0.34:15021|dataStream:10.1.0.34:15024|priority:0|startupRole:FOLLOWER, 3d425f4c-b0a3-4337-aec0-a29136ea4685|rpc:10.1.0.34:15014|admin:10.1.0.34:15013|client:10.1.0.34:15012|dataStream:10.1.0.34:15015|priority:1|startupRole:FOLLOWER]|listeners:[], old=null
2023-06-23 15:09:13,469 [grpc-default-executor-1] INFO  server.RaftServer$Division (RaftServerImpl.java:requestVote(1302)) - af576844-0e82-4589-8eaa-8af09d83806e@group-A862192D7515: receive requestVote(ELECTION, 3d425f4c-b0a3-4337-aec0-a29136ea4685, group-A862192D7515, 1, (t:0, i:0))
2023-06-23 15:09:13,469 [grpc-default-executor-1] INFO  impl.VoteContext (VoteContext.java:log(49)) - af576844-0e82-4589-8eaa-8af09d83806e@group-A862192D7515-FOLLOWER: accept ELECTION from 3d425f4c-b0a3-4337-aec0-a29136ea4685: our priority 0 <= candidate's priority 1
2023-06-23 15:09:13,469 [grpc-default-executor-1] INFO  server.RaftServer$Division (RaftServerImpl.java:setRole(329)) - af576844-0e82-4589-8eaa-8af09d83806e@group-A862192D7515: changes role from  FOLLOWER to FOLLOWER at term 1 for candidate:3d425f4c-b0a3-4337-aec0-a29136ea4685
2023-06-23 15:09:13,469 [grpc-default-executor-1] INFO  impl.RoleInfo (RoleInfo.java:shutdownFollowerState(110)) - af576844-0e82-4589-8eaa-8af09d83806e: shutdown af576844-0e82-4589-8eaa-8af09d83806e@group-A862192D7515-FollowerState
2023-06-23 15:09:13,469 [grpc-default-executor-1] INFO  impl.RoleInfo (RoleInfo.java:updateAndGet(139)) - af576844-0e82-4589-8eaa-8af09d83806e: start af576844-0e82-4589-8eaa-8af09d83806e@group-A862192D7515-FollowerState
2023-06-23 15:09:13,469 [3d425f4c-b0a3-4337-aec0-a29136ea4685@group-A862192D7515-LeaderElection3] INFO  impl.LeaderElection (LeaderElection.java:logAndReturn(90)) - 3d425f4c-b0a3-4337-aec0-a29136ea4685@group-A862192D7515-LeaderElection3: ELECTION PASSED received 1 response(s) and 0 exception(s):
2023-06-23 15:09:13,470 [af576844-0e82-4589-8eaa-8af09d83806e@group-A862192D7515-FollowerState] INFO  impl.FollowerState (FollowerState.java:run(152)) - af576844-0e82-4589-8eaa-8af09d83806e@group-A862192D7515-FollowerState was interrupted
2023-06-23 15:09:13,470 [3d425f4c-b0a3-4337-aec0-a29136ea4685@group-A862192D7515-LeaderElection3] INFO  impl.LeaderElection (LeaderElection.java:logAndReturn(94)) -   Response 0: 3d425f4c-b0a3-4337-aec0-a29136ea4685<-3f4ddf09-9f08-4efc-95be-1efd9e09d1d3#0:OK-t1
2023-06-23 15:09:13,472 [3d425f4c-b0a3-4337-aec0-a29136ea4685@group-A862192D7515-LeaderElection3] INFO  impl.LeaderElection (LeaderElection.java:askForVotes(323)) - 3d425f4c-b0a3-4337-aec0-a29136ea4685@group-A862192D7515-LeaderElection3 ELECTION round 0: result PASSED
2023-06-23 15:09:13,472 [3d425f4c-b0a3-4337-aec0-a29136ea4685@group-A862192D7515-LeaderElection3] INFO  impl.RoleInfo (RoleInfo.java:shutdownLeaderElection(130)) - 3d425f4c-b0a3-4337-aec0-a29136ea4685: shutdown 3d425f4c-b0a3-4337-aec0-a29136ea4685@group-A862192D7515-LeaderElection3
2023-06-23 15:09:13,472 [3d425f4c-b0a3-4337-aec0-a29136ea4685@group-A862192D7515-LeaderElection3] INFO  server.RaftServer$Division (RaftServerImpl.java:setRole(329)) - 3d425f4c-b0a3-4337-aec0-a29136ea4685@group-A862192D7515: changes role from CANDIDATE to LEADER at term 1 for changeToLeader
2023-06-23 15:09:13,472 [3d425f4c-b0a3-4337-aec0-a29136ea4685@group-A862192D7515-LeaderElection3] INFO  ratis.XceiverServerRatis (XceiverServerRatis.java:handleLeaderChangedNotification(902)) - Leader change notification received for group: group-A862192D7515 with new leaderId: 3d425f4c-b0a3-4337-aec0-a29136ea4685
2023-06-23 15:09:13,472 [grpc-default-executor-1] INFO  server.RaftServer$Division (RaftServerImpl.java:requestVote(1335)) - af576844-0e82-4589-8eaa-8af09d83806e@group-A862192D7515 replies to ELECTION vote request: 3d425f4c-b0a3-4337-aec0-a29136ea4685<-af576844-0e82-4589-8eaa-8af09d83806e#0:OK-t1. Peer's state: af576844-0e82-4589-8eaa-8af09d83806e@group-A862192D7515:t1, leader=null, voted=3d425f4c-b0a3-4337-aec0-a29136ea4685, raftlog=Memoized:af576844-0e82-4589-8eaa-8af09d83806e@group-A862192D7515-SegmentedRaftLog:OPENED:c-1, conf=-1: peers:[3f4ddf09-9f08-4efc-95be-1efd9e09d1d3|rpc:10.1.0.34:15032|admin:10.1.0.34:15031|client:10.1.0.34:15030|dataStream:10.1.0.34:15033|priority:0|startupRole:FOLLOWER, af576844-0e82-4589-8eaa-8af09d83806e|rpc:10.1.0.34:15023|admin:10.1.0.34:15022|client:10.1.0.34:15021|dataStream:10.1.0.34:15024|priority:0|startupRole:FOLLOWER, 3d425f4c-b0a3-4337-aec0-a29136ea4685|rpc:10.1.0.34:15014|admin:10.1.0.34:15013|client:10.1.0.34:15012|dataStream:10.1.0.34:15015|priority:1|startupRole:FOLLOWER]|listeners:[], old=null
2023-06-23 15:09:13,472 [3d425f4c-b0a3-4337-aec0-a29136ea4685@group-A862192D7515-LeaderElection3] INFO  server.RaftServer$Division (ServerState.java:setLeader(317)) - 3d425f4c-b0a3-4337-aec0-a29136ea4685@group-A862192D7515: change Leader from null to 3d425f4c-b0a3-4337-aec0-a29136ea4685 at term 1 for becomeLeader, leader elected after 5247ms
2023-06-23 15:09:13,472 [3d425f4c-b0a3-4337-aec0-a29136ea4685@group-A862192D7515-LeaderElection3] INFO  server.RaftServerConfigKeys (ConfUtils.java:logGet(46)) - raft.server.staging.catchup.gap = 1000 (default)
2023-06-23 15:09:13,472 [3d425f4c-b0a3-4337-aec0-a29136ea4685@group-A862192D7515-LeaderElection3] INFO  server.RaftServerConfigKeys (ConfUtils.java:logGet(46)) - raft.server.write.element-limit = 1024 (custom)
2023-06-23 15:09:13,472 [3d425f4c-b0a3-4337-aec0-a29136ea4685@group-A862192D7515-LeaderElection3] INFO  server.RaftServerConfigKeys (ConfUtils.java:logGet(46)) - raft.server.write.byte-limit = 1024 M (=1073741824) (custom)
2023-06-23 15:09:13,473 [3d425f4c-b0a3-4337-aec0-a29136ea4685@group-A862192D7515-LeaderElection3] INFO  server.RaftServerConfigKeys (ConfUtils.java:logGet(46)) - raft.server.watch.timeout = 180s (custom)
2023-06-23 15:09:13,473 [3d425f4c-b0a3-4337-aec0-a29136ea4685@group-A862192D7515-LeaderElection3] INFO  server.RaftServerConfigKeys (ConfUtils.java:logGet(46)) - raft.server.watch.timeout.denomination = 1s (default)
2023-06-23 15:09:13,473 [3d425f4c-b0a3-4337-aec0-a29136ea4685@group-A862192D7515-LeaderElection3] INFO  server.RaftServerConfigKeys (ConfUtils.java:logGet(46)) - raft.server.watch.element-limit = 65536 (default)
2023-06-23 15:09:13,473 [3d425f4c-b0a3-4337-aec0-a29136ea4685@group-A862192D7515-LeaderElection3] INFO  server.RaftServerConfigKeys (ConfUtils.java:logGet(46)) - raft.server.write.element-limit = 1024 (custom)
2023-06-23 15:09:13,473 [3d425f4c-b0a3-4337-aec0-a29136ea4685@group-A862192D7515-LeaderElection3] INFO  server.RaftServerConfigKeys (ConfUtils.java:logGet(46)) - raft.server.write.follower.gap.ratio.max = -1.0 (default)
2023-06-23 15:09:13,478 [EventQueue-PipelineReportForPipelineReportHandler] INFO  pipeline.PipelineManagerImpl (PipelineManagerImpl.java:openPipeline(381)) - Pipeline Pipeline[ Id: d9bb541b-498b-4bc8-b210-a862192d7515, Nodes: af576844-0e82-4589-8eaa-8af09d83806e(fv-az424-541.i1gjr3zuz4qevjy1zin2gin2ih.gx.internal.cloudapp.net/10.1.0.34)3d425f4c-b0a3-4337-aec0-a29136ea4685(fv-az424-541.i1gjr3zuz4qevjy1zin2gin2ih.gx.internal.cloudapp.net/10.1.0.34)3f4ddf09-9f08-4efc-95be-1efd9e09d1d3(fv-az424-541.i1gjr3zuz4qevjy1zin2gin2ih.gx.internal.cloudapp.net/10.1.0.34), ReplicationConfig: RATIS/THREE, State:ALLOCATED, leaderId:3d425f4c-b0a3-4337-aec0-a29136ea4685, CreationTimestamp2023-06-23T15:09:06.004Z[Etc/UTC]] moved to OPEN state
2023-06-23 15:09:13,478 [EventQueue-OpenPipelineForHealthyPipelineSafeModeRule] INFO  safemode.SCMSafeModeManager (HealthyPipelineSafeModeRule.java:process(137)) - SCM in safe mode. Healthy pipelines reported count is 1, required healthy pipeline reported count is 1
2023-06-23 15:09:13,478 [EventQueue-OpenPipelineForHealthyPipelineSafeModeRule] INFO  safemode.SCMSafeModeManager (SCMSafeModeManager.java:validateSafeModeExitRules(200)) - HealthyPipelineSafeModeRule rule is successfully validated
2023-06-23 15:09:13,478 [EventQueue-OpenPipelineForHealthyPipelineSafeModeRule] INFO  safemode.SCMSafeModeManager (SCMSafeModeManager.java:validateSafeModeExitRules(215)) - ScmSafeModeManager, all rules are successfully validated
2023-06-23 15:09:13,478 [EventQueue-OpenPipelineForHealthyPipelineSafeModeRule] INFO  safemode.SCMSafeModeManager (SCMSafeModeManager.java:exitSafeMode(244)) - SCM exiting safe mode.
2023-06-23 15:09:13,478 [EventQueue-OpenPipelineForHealthyPipelineSafeModeRule] INFO  ha.SCMContext (SCMContext.java:updateSafeModeStatus(228)) - Update SafeModeStatus from SafeModeStatus{safeModeStatus=true, preCheckPassed=true} to SafeModeStatus{safeModeStatus=false, preCheckPassed=true}.
2023-06-23 15:09:13,480 [EventQueue-OpenPipelineForHealthyPipelineSafeModeRule] INFO  pipeline.BackgroundPipelineCreator (BackgroundPipelineCreator.java:notifyStatusChanged(254)) - Service BackgroundPipelineCreator transitions to RUNNING.
2023-06-23 15:09:13,480 [EventQueue-OpenPipelineForHealthyPipelineSafeModeRule] INFO  BackgroundPipelineScrubber (BackgroundSCMService.java:notifyStatusChanged(82)) - Service BackgroundPipelineScrubber transitions to RUNNING.
2023-06-23 15:09:13,480 [EventQueue-OpenPipelineForHealthyPipelineSafeModeRule] INFO  ExpiredContainerReplicaOpScrubber (BackgroundSCMService.java:notifyStatusChanged(82)) - Service ExpiredContainerReplicaOpScrubber transitions to RUNNING.
2023-06-23 15:09:13,480 [EventQueue-OpenPipelineForHealthyPipelineSafeModeRule] INFO  replication.ReplicationManager (ReplicationManager.java:notifyStatusChanged(1367)) - Service ReplicationManager transitions to RUNNING.
2023-06-23 15:09:13,484 [EventQueue-OpenPipelineForHealthyPipelineSafeModeRule] WARN  balancer.ContainerBalancer (ContainerBalancer.java:shouldRun(135)) - Could not find persisted configuration for ContainerBalancer when checking if ContainerBalancer should run. ContainerBalancer should not run now.
2023-06-23 15:09:13,493 [3d425f4c-b0a3-4337-aec0-a29136ea4685@group-A862192D7515-LeaderElection3] INFO  server.RaftServerConfigKeys (ConfUtils.java:logGet(46)) - raft.server.log.appender.snapshot.chunk.size.max = 16MB (=16777216) (default)
2023-06-23 15:09:13,493 [3d425f4c-b0a3-4337-aec0-a29136ea4685@group-A862192D7515-LeaderElection3] INFO  server.RaftServerConfigKeys (ConfUtils.java:logGet(46)) - raft.server.log.appender.buffer.byte-limit = 33554432 (custom)
2023-06-23 15:09:13,493 [3d425f4c-b0a3-4337-aec0-a29136ea4685@group-A862192D7515-LeaderElection3] INFO  server.RaftServerConfigKeys (ConfUtils.java:logGet(46)) - raft.server.log.appender.buffer.element-limit = 1 (custom)
2023-06-23 15:09:13,495 [3d425f4c-b0a3-4337-aec0-a29136ea4685@group-A862192D7515-LeaderElection3] INFO  server.RaftServerConfigKeys (ConfUtils.java:logGet(46)) - raft.server.log.appender.wait-time.min = 10ms (default)
2023-06-23 15:09:13,496 [3d425f4c-b0a3-4337-aec0-a29136ea4685@group-A862192D7515-LeaderElection3] INFO  grpc.GrpcConfigKeys (ConfUtils.java:logGet(46)) - raft.grpc.server.leader.outstanding.appends.max = 128 (default)
2023-06-23 15:09:13,496 [3d425f4c-b0a3-4337-aec0-a29136ea4685@group-A862192D7515-LeaderElection3] INFO  server.RaftServerConfigKeys (ConfUtils.java:logGet(46)) - raft.server.rpc.request.timeout = 60s (custom)
2023-06-23 15:09:13,497 [3d425f4c-b0a3-4337-aec0-a29136ea4685@group-A862192D7515-LeaderElection3] INFO  grpc.GrpcConfigKeys (ConfUtils.java:logGet(46)) - raft.grpc.server.install_snapshot.request.element-limit = 8 (default)
2023-06-23 15:09:13,497 [3d425f4c-b0a3-4337-aec0-a29136ea4685@group-A862192D7515-LeaderElection3] INFO  grpc.GrpcConfigKeys (ConfUtils.java:logGet(46)) - raft.grpc.server.install_snapshot.request.timeout = 3000ms (default)
2023-06-23 15:09:13,497 [3d425f4c-b0a3-4337-aec0-a29136ea4685@group-A862192D7515-LeaderElection3] INFO  server.RaftServerConfigKeys (ConfUtils.java:logGet(46)) - raft.server.log.appender.install.snapshot.enabled = false (custom)
2023-06-23 15:09:13,497 [3d425f4c-b0a3-4337-aec0-a29136ea4685@group-A862192D7515-LeaderElection3] INFO  grpc.GrpcConfigKeys (ConfUtils.java:logGet(46)) - raft.grpc.server.heartbeat.channel = true (default)
2023-06-23 15:09:13,499 [3d425f4c-b0a3-4337-aec0-a29136ea4685@group-A862192D7515-LeaderElection3] INFO  server.RaftServerConfigKeys (ConfUtils.java:logGet(46)) - raft.server.log.appender.snapshot.chunk.size.max = 16MB (=16777216) (default)
2023-06-23 15:09:13,499 [3d425f4c-b0a3-4337-aec0-a29136ea4685@group-A862192D7515-LeaderElection3] INFO  server.RaftServerConfigKeys (ConfUtils.java:logGet(46)) - raft.server.log.appender.buffer.byte-limit = 33554432 (custom)
2023-06-23 15:09:13,499 [3d425f4c-b0a3-4337-aec0-a29136ea4685@group-A862192D7515-LeaderElection3] INFO  server.RaftServerConfigKeys (ConfUtils.java:logGet(46)) - raft.server.log.appender.buffer.element-limit = 1 (custom)
2023-06-23 15:09:13,499 [3d425f4c-b0a3-4337-aec0-a29136ea4685@group-A862192D7515-LeaderElection3] INFO  server.RaftServerConfigKeys (ConfUtils.java:logGet(46)) - raft.server.log.appender.wait-time.min = 10ms (default)
2023-06-23 15:09:13,500 [3d425f4c-b0a3-4337-aec0-a29136ea4685@group-A862192D7515-LeaderElection3] INFO  grpc.GrpcConfigKeys (ConfUtils.java:logGet(46)) - raft.grpc.server.leader.outstanding.appends.max = 128 (default)
2023-06-23 15:09:13,500 [3d425f4c-b0a3-4337-aec0-a29136ea4685@group-A862192D7515-LeaderElection3] INFO  server.RaftServerConfigKeys (ConfUtils.java:logGet(46)) - raft.server.rpc.request.timeout = 60s (custom)
2023-06-23 15:09:13,500 [3d425f4c-b0a3-4337-aec0-a29136ea4685@group-A862192D7515-LeaderElection3] INFO  grpc.GrpcConfigKeys (ConfUtils.java:logGet(46)) - raft.grpc.server.install_snapshot.request.element-limit = 8 (default)
2023-06-23 15:09:13,500 [3d425f4c-b0a3-4337-aec0-a29136ea4685@group-A862192D7515-LeaderElection3] INFO  grpc.GrpcConfigKeys (ConfUtils.java:logGet(46)) - raft.grpc.server.install_snapshot.request.timeout = 3000ms (default)
2023-06-23 15:09:13,500 [3d425f4c-b0a3-4337-aec0-a29136ea4685@group-A862192D7515-LeaderElection3] INFO  server.RaftServerConfigKeys (ConfUtils.java:logGet(46)) - raft.server.log.appender.install.snapshot.enabled = false (custom)
2023-06-23 15:09:13,500 [3d425f4c-b0a3-4337-aec0-a29136ea4685@group-A862192D7515-LeaderElection3] INFO  grpc.GrpcConfigKeys (ConfUtils.java:logGet(46)) - raft.grpc.server.heartbeat.channel = true (default)
2023-06-23 15:09:13,501 [3d425f4c-b0a3-4337-aec0-a29136ea4685@group-A862192D7515-LeaderElection3] INFO  impl.RoleInfo (RoleInfo.java:updateAndGet(139)) - 3d425f4c-b0a3-4337-aec0-a29136ea4685: start 3d425f4c-b0a3-4337-aec0-a29136ea4685@group-A862192D7515-LeaderStateImpl
2023-06-23 15:09:13,501 [3d425f4c-b0a3-4337-aec0-a29136ea4685@group-A862192D7515-LeaderElection3] INFO  segmented.SegmentedRaftLogWorker (SegmentedRaftLogWorker.java:startLogSegment(447)) - 3d425f4c-b0a3-4337-aec0-a29136ea4685@group-A862192D7515-SegmentedRaftLogWorker: Starting segment from index:0
2023-06-23 15:09:13,505 [3d425f4c-b0a3-4337-aec0-a29136ea4685@group-A862192D7515-LeaderElection3] INFO  server.RaftServer$Division (ServerState.java:setRaftConf(434)) - 3d425f4c-b0a3-4337-aec0-a29136ea4685@group-A862192D7515: set configuration 0: peers:[3f4ddf09-9f08-4efc-95be-1efd9e09d1d3|rpc:10.1.0.34:15032|admin:10.1.0.34:15031|client:10.1.0.34:15030|dataStream:10.1.0.34:15033|priority:0|startupRole:FOLLOWER, af576844-0e82-4589-8eaa-8af09d83806e|rpc:10.1.0.34:15023|admin:10.1.0.34:15022|client:10.1.0.34:15021|dataStream:10.1.0.34:15024|priority:0|startupRole:FOLLOWER, 3d425f4c-b0a3-4337-aec0-a29136ea4685|rpc:10.1.0.34:15014|admin:10.1.0.34:15013|client:10.1.0.34:15012|dataStream:10.1.0.34:15015|priority:1|startupRole:FOLLOWER]|listeners:[], old=null
2023-06-23 15:09:13,506 [3d425f4c-b0a3-4337-aec0-a29136ea4685@group-A862192D7515-SegmentedRaftLogWorker] INFO  segmented.SegmentedRaftLogWorker (SegmentedRaftLogWorker.java:execute(651)) - 3d425f4c-b0a3-4337-aec0-a29136ea4685@group-A862192D7515-SegmentedRaftLogWorker: created new log segment /home/runner/work/ozone/ozone/hadoop-ozone/integration-test/target/test-dir/MiniOzoneClusterImpl-741560ff-92e5-4b28-9778-2cf52193c8f3/datanode-0/data/ratis/d9bb541b-498b-4bc8-b210-a862192d7515/current/log_inprogress_0
2023-06-23 15:09:13,556 [af576844-0e82-4589-8eaa-8af09d83806e-server-thread2] INFO  ratis.XceiverServerRatis (XceiverServerRatis.java:handleLeaderChangedNotification(902)) - Leader change notification received for group: group-A862192D7515 with new leaderId: 3d425f4c-b0a3-4337-aec0-a29136ea4685
2023-06-23 15:09:13,556 [af576844-0e82-4589-8eaa-8af09d83806e-server-thread2] INFO  server.RaftServer$Division (ServerState.java:setLeader(317)) - af576844-0e82-4589-8eaa-8af09d83806e@group-A862192D7515: change Leader from null to 3d425f4c-b0a3-4337-aec0-a29136ea4685 at term 1 for appendEntries, leader elected after 4845ms
2023-06-23 15:09:13,558 [3f4ddf09-9f08-4efc-95be-1efd9e09d1d3-server-thread1] INFO  ratis.XceiverServerRatis (XceiverServerRatis.java:handleLeaderChangedNotification(902)) - Leader change notification received for group: group-A862192D7515 with new leaderId: 3d425f4c-b0a3-4337-aec0-a29136ea4685
2023-06-23 15:09:13,558 [3f4ddf09-9f08-4efc-95be-1efd9e09d1d3-server-thread1] INFO  server.RaftServer$Division (ServerState.java:setLeader(317)) - 3f4ddf09-9f08-4efc-95be-1efd9e09d1d3@group-A862192D7515: change Leader from null to 3d425f4c-b0a3-4337-aec0-a29136ea4685 at term 1 for appendEntries, leader elected after 4664ms
2023-06-23 15:09:13,562 [af576844-0e82-4589-8eaa-8af09d83806e-server-thread2] INFO  server.RaftServer$Division (ServerState.java:setRaftConf(434)) - af576844-0e82-4589-8eaa-8af09d83806e@group-A862192D7515: set configuration 0: peers:[3f4ddf09-9f08-4efc-95be-1efd9e09d1d3|rpc:10.1.0.34:15032|admin:10.1.0.34:15031|client:10.1.0.34:15030|dataStream:10.1.0.34:15033|priority:0|startupRole:FOLLOWER, af576844-0e82-4589-8eaa-8af09d83806e|rpc:10.1.0.34:15023|admin:10.1.0.34:15022|client:10.1.0.34:15021|dataStream:10.1.0.34:15024|priority:0|startupRole:FOLLOWER, 3d425f4c-b0a3-4337-aec0-a29136ea4685|rpc:10.1.0.34:15014|admin:10.1.0.34:15013|client:10.1.0.34:15012|dataStream:10.1.0.34:15015|priority:1|startupRole:FOLLOWER]|listeners:[], old=null
2023-06-23 15:09:13,562 [af576844-0e82-4589-8eaa-8af09d83806e-server-thread2] INFO  segmented.SegmentedRaftLogWorker (SegmentedRaftLogWorker.java:startLogSegment(447)) - af576844-0e82-4589-8eaa-8af09d83806e@group-A862192D7515-SegmentedRaftLogWorker: Starting segment from index:0
2023-06-23 15:09:13,563 [3f4ddf09-9f08-4efc-95be-1efd9e09d1d3-server-thread1] INFO  server.RaftServer$Division (ServerState.java:setRaftConf(434)) - 3f4ddf09-9f08-4efc-95be-1efd9e09d1d3@group-A862192D7515: set configuration 0: peers:[3f4ddf09-9f08-4efc-95be-1efd9e09d1d3|rpc:10.1.0.34:15032|admin:10.1.0.34:15031|client:10.1.0.34:15030|dataStream:10.1.0.34:15033|priority:0|startupRole:FOLLOWER, af576844-0e82-4589-8eaa-8af09d83806e|rpc:10.1.0.34:15023|admin:10.1.0.34:15022|client:10.1.0.34:15021|dataStream:10.1.0.34:15024|priority:0|startupRole:FOLLOWER, 3d425f4c-b0a3-4337-aec0-a29136ea4685|rpc:10.1.0.34:15014|admin:10.1.0.34:15013|client:10.1.0.34:15012|dataStream:10.1.0.34:15015|priority:1|startupRole:FOLLOWER]|listeners:[], old=null
2023-06-23 15:09:13,563 [3f4ddf09-9f08-4efc-95be-1efd9e09d1d3-server-thread1] INFO  segmented.SegmentedRaftLogWorker (SegmentedRaftLogWorker.java:startLogSegment(447)) - 3f4ddf09-9f08-4efc-95be-1efd9e09d1d3@group-A862192D7515-SegmentedRaftLogWorker: Starting segment from index:0
2023-06-23 15:09:13,564 [af576844-0e82-4589-8eaa-8af09d83806e@group-A862192D7515-SegmentedRaftLogWorker] INFO  segmented.SegmentedRaftLogWorker (SegmentedRaftLogWorker.java:execute(651)) - af576844-0e82-4589-8eaa-8af09d83806e@group-A862192D7515-SegmentedRaftLogWorker: created new log segment /home/runner/work/ozone/ozone/hadoop-ozone/integration-test/target/test-dir/MiniOzoneClusterImpl-741560ff-92e5-4b28-9778-2cf52193c8f3/datanode-1/data/ratis/d9bb541b-498b-4bc8-b210-a862192d7515/current/log_inprogress_0
2023-06-23 15:09:13,597 [3f4ddf09-9f08-4efc-95be-1efd9e09d1d3@group-A862192D7515-SegmentedRaftLogWorker] INFO  segmented.SegmentedRaftLogWorker (SegmentedRaftLogWorker.java:execute(651)) - 3f4ddf09-9f08-4efc-95be-1efd9e09d1d3@group-A862192D7515-SegmentedRaftLogWorker: created new log segment /home/runner/work/ozone/ozone/hadoop-ozone/integration-test/target/test-dir/MiniOzoneClusterImpl-741560ff-92e5-4b28-9778-2cf52193c8f3/datanode-2/data/ratis/d9bb541b-498b-4bc8-b210-a862192d7515/current/log_inprogress_0
2023-06-23 15:09:13,820 [af576844-0e82-4589-8eaa-8af09d83806e@group-9ED8EA5FE56A-FollowerState] INFO  impl.FollowerState (FollowerState.java:run(143)) - af576844-0e82-4589-8eaa-8af09d83806e@group-9ED8EA5FE56A-FollowerState: change to CANDIDATE, lastRpcElapsedTime:5117722498ns, electionTimeout:5112ms
2023-06-23 15:09:13,821 [af576844-0e82-4589-8eaa-8af09d83806e@group-9ED8EA5FE56A-FollowerState] INFO  impl.RoleInfo (RoleInfo.java:shutdownFollowerState(110)) - af576844-0e82-4589-8eaa-8af09d83806e: shutdown af576844-0e82-4589-8eaa-8af09d83806e@group-9ED8EA5FE56A-FollowerState
2023-06-23 15:09:13,821 [af576844-0e82-4589-8eaa-8af09d83806e@group-9ED8EA5FE56A-FollowerState] INFO  server.RaftServer$Division (RaftServerImpl.java:setRole(329)) - af576844-0e82-4589-8eaa-8af09d83806e@group-9ED8EA5FE56A: changes role from  FOLLOWER to CANDIDATE at term 0 for changeToCandidate
2023-06-23 15:09:13,821 [af576844-0e82-4589-8eaa-8af09d83806e@group-9ED8EA5FE56A-FollowerState] INFO  server.RaftServerConfigKeys (ConfUtils.java:logGet(46)) - raft.server.leaderelection.pre-vote = true (default)
2023-06-23 15:09:13,821 [af576844-0e82-4589-8eaa-8af09d83806e@group-9ED8EA5FE56A-FollowerState] INFO  impl.RoleInfo (RoleInfo.java:updateAndGet(139)) - af576844-0e82-4589-8eaa-8af09d83806e: start af576844-0e82-4589-8eaa-8af09d83806e@group-9ED8EA5FE56A-LeaderElection4
2023-06-23 15:09:13,833 [af576844-0e82-4589-8eaa-8af09d83806e@group-9ED8EA5FE56A-LeaderElection4] INFO  impl.LeaderElection (LeaderElection.java:askForVotes(321)) - af576844-0e82-4589-8eaa-8af09d83806e@group-9ED8EA5FE56A-LeaderElection4 PRE_VOTE round 0: submit vote requests at term 0 for -1: peers:[af576844-0e82-4589-8eaa-8af09d83806e|rpc:10.1.0.34:15023|admin:10.1.0.34:15022|client:10.1.0.34:15021|dataStream:10.1.0.34:15024|priority:1|startupRole:FOLLOWER]|listeners:[], old=null
2023-06-23 15:09:13,834 [af576844-0e82-4589-8eaa-8af09d83806e@group-9ED8EA5FE56A-LeaderElection4] INFO  impl.LeaderElection (LeaderElection.java:askForVotes(323)) - af576844-0e82-4589-8eaa-8af09d83806e@group-9ED8EA5FE56A-LeaderElection4 PRE_VOTE round 0: result PASSED (term=0)
2023-06-23 15:09:13,835 [af576844-0e82-4589-8eaa-8af09d83806e@group-9ED8EA5FE56A-LeaderElection4] INFO  impl.LeaderElection (LeaderElection.java:askForVotes(321)) - af576844-0e82-4589-8eaa-8af09d83806e@group-9ED8EA5FE56A-LeaderElection4 ELECTION round 0: submit vote requests at term 1 for -1: peers:[af576844-0e82-4589-8eaa-8af09d83806e|rpc:10.1.0.34:15023|admin:10.1.0.34:15022|client:10.1.0.34:15021|dataStream:10.1.0.34:15024|priority:1|startupRole:FOLLOWER]|listeners:[], old=null
2023-06-23 15:09:13,836 [af576844-0e82-4589-8eaa-8af09d83806e@group-9ED8EA5FE56A-LeaderElection4] INFO  impl.LeaderElection (LeaderElection.java:askForVotes(323)) - af576844-0e82-4589-8eaa-8af09d83806e@group-9ED8EA5FE56A-LeaderElection4 ELECTION round 0: result PASSED (term=1)
2023-06-23 15:09:13,836 [af576844-0e82-4589-8eaa-8af09d83806e@group-9ED8EA5FE56A-LeaderElection4] INFO  impl.RoleInfo (RoleInfo.java:shutdownLeaderElection(130)) - af576844-0e82-4589-8eaa-8af09d83806e: shutdown af576844-0e82-4589-8eaa-8af09d83806e@group-9ED8EA5FE56A-LeaderElection4
2023-06-23 15:09:13,836 [af576844-0e82-4589-8eaa-8af09d83806e@group-9ED8EA5FE56A-LeaderElection4] INFO  server.RaftServer$Division (RaftServerImpl.java:setRole(329)) - af576844-0e82-4589-8eaa-8af09d83806e@group-9ED8EA5FE56A: changes role from CANDIDATE to LEADER at term 1 for changeToLeader
2023-06-23 15:09:13,836 [af576844-0e82-4589-8eaa-8af09d83806e@group-9ED8EA5FE56A-LeaderElection4] INFO  ratis.XceiverServerRatis (XceiverServerRatis.java:handleLeaderChangedNotification(902)) - Leader change notification received for group: group-9ED8EA5FE56A with new leaderId: af576844-0e82-4589-8eaa-8af09d83806e
2023-06-23 15:09:13,836 [af576844-0e82-4589-8eaa-8af09d83806e@group-9ED8EA5FE56A-LeaderElection4] INFO  server.RaftServer$Division (ServerState.java:setLeader(317)) - af576844-0e82-4589-8eaa-8af09d83806e@group-9ED8EA5FE56A: change Leader from null to af576844-0e82-4589-8eaa-8af09d83806e at term 1 for becomeLeader, leader elected after 5173ms
2023-06-23 15:09:13,836 [af576844-0e82-4589-8eaa-8af09d83806e@group-9ED8EA5FE56A-LeaderElection4] INFO  server.RaftServerConfigKeys (ConfUtils.java:logGet(46)) - raft.server.staging.catchup.gap = 1000 (default)
2023-06-23 15:09:13,836 [af576844-0e82-4589-8eaa-8af09d83806e@group-9ED8EA5FE56A-LeaderElection4] INFO  server.RaftServerConfigKeys (ConfUtils.java:logGet(46)) - raft.server.write.element-limit = 1024 (custom)
2023-06-23 15:09:13,836 [af576844-0e82-4589-8eaa-8af09d83806e@group-9ED8EA5FE56A-LeaderElection4] INFO  server.RaftServerConfigKeys (ConfUtils.java:logGet(46)) - raft.server.write.byte-limit = 1024 M (=1073741824) (custom)
2023-06-23 15:09:13,837 [af576844-0e82-4589-8eaa-8af09d83806e@group-9ED8EA5FE56A-LeaderElection4] INFO  server.RaftServerConfigKeys (ConfUtils.java:logGet(46)) - raft.server.watch.timeout = 180s (custom)
2023-06-23 15:09:13,837 [af576844-0e82-4589-8eaa-8af09d83806e@group-9ED8EA5FE56A-LeaderElection4] INFO  server.RaftServerConfigKeys (ConfUtils.java:logGet(46)) - raft.server.watch.timeout.denomination = 1s (default)
2023-06-23 15:09:13,837 [af576844-0e82-4589-8eaa-8af09d83806e@group-9ED8EA5FE56A-LeaderElection4] INFO  server.RaftServerConfigKeys (ConfUtils.java:logGet(46)) - raft.server.watch.element-limit = 65536 (default)
2023-06-23 15:09:13,837 [af576844-0e82-4589-8eaa-8af09d83806e@group-9ED8EA5FE56A-LeaderElection4] INFO  server.RaftServerConfigKeys (ConfUtils.java:logGet(46)) - raft.server.write.element-limit = 1024 (custom)
2023-06-23 15:09:13,837 [af576844-0e82-4589-8eaa-8af09d83806e@group-9ED8EA5FE56A-LeaderElection4] INFO  server.RaftServerConfigKeys (ConfUtils.java:logGet(46)) - raft.server.write.follower.gap.ratio.max = -1.0 (default)
2023-06-23 15:09:13,837 [af576844-0e82-4589-8eaa-8af09d83806e@group-9ED8EA5FE56A-LeaderElection4] INFO  impl.RoleInfo (RoleInfo.java:updateAndGet(139)) - af576844-0e82-4589-8eaa-8af09d83806e: start af576844-0e82-4589-8eaa-8af09d83806e@group-9ED8EA5FE56A-LeaderStateImpl
2023-06-23 15:09:13,837 [af576844-0e82-4589-8eaa-8af09d83806e@group-9ED8EA5FE56A-LeaderElection4] INFO  segmented.SegmentedRaftLogWorker (SegmentedRaftLogWorker.java:startLogSegment(447)) - af576844-0e82-4589-8eaa-8af09d83806e@group-9ED8EA5FE56A-SegmentedRaftLogWorker: Starting segment from index:0
2023-06-23 15:09:13,839 [af576844-0e82-4589-8eaa-8af09d83806e@group-9ED8EA5FE56A-SegmentedRaftLogWorker] INFO  segmented.SegmentedRaftLogWorker (SegmentedRaftLogWorker.java:execute(651)) - af576844-0e82-4589-8eaa-8af09d83806e@group-9ED8EA5FE56A-SegmentedRaftLogWorker: created new log segment /home/runner/work/ozone/ozone/hadoop-ozone/integration-test/target/test-dir/MiniOzoneClusterImpl-741560ff-92e5-4b28-9778-2cf52193c8f3/datanode-1/data/ratis/ab2c0fd1-c0fd-4588-8e70-9ed8ea5fe56a/current/log_inprogress_0
2023-06-23 15:09:13,839 [af576844-0e82-4589-8eaa-8af09d83806e@group-35AB23F1EEB6-FollowerState] INFO  impl.FollowerState (FollowerState.java:run(143)) - af576844-0e82-4589-8eaa-8af09d83806e@group-35AB23F1EEB6-FollowerState: change to CANDIDATE, lastRpcElapsedTime:5038576772ns, electionTimeout:5035ms
2023-06-23 15:09:13,841 [af576844-0e82-4589-8eaa-8af09d83806e@group-35AB23F1EEB6-FollowerState] INFO  impl.RoleInfo (RoleInfo.java:shutdownFollowerState(110)) - af576844-0e82-4589-8eaa-8af09d83806e: shutdown af576844-0e82-4589-8eaa-8af09d83806e@group-35AB23F1EEB6-FollowerState
2023-06-23 15:09:13,842 [af576844-0e82-4589-8eaa-8af09d83806e@group-35AB23F1EEB6-FollowerState] INFO  server.RaftServer$Division (RaftServerImpl.java:setRole(329)) - af576844-0e82-4589-8eaa-8af09d83806e@group-35AB23F1EEB6: changes role from  FOLLOWER to CANDIDATE at term 0 for changeToCandidate
2023-06-23 15:09:13,842 [af576844-0e82-4589-8eaa-8af09d83806e@group-35AB23F1EEB6-FollowerState] INFO  server.RaftServerConfigKeys (ConfUtils.java:logGet(46)) - raft.server.leaderelection.pre-vote = true (default)
2023-06-23 15:09:13,842 [af576844-0e82-4589-8eaa-8af09d83806e@group-35AB23F1EEB6-FollowerState] INFO  impl.RoleInfo (RoleInfo.java:updateAndGet(139)) - af576844-0e82-4589-8eaa-8af09d83806e: start af576844-0e82-4589-8eaa-8af09d83806e@group-35AB23F1EEB6-LeaderElection5
2023-06-23 15:09:13,839 [af576844-0e82-4589-8eaa-8af09d83806e@group-9ED8EA5FE56A-LeaderElection4] INFO  server.RaftServer$Division (ServerState.java:setRaftConf(434)) - af576844-0e82-4589-8eaa-8af09d83806e@group-9ED8EA5FE56A: set configuration 0: peers:[af576844-0e82-4589-8eaa-8af09d83806e|rpc:10.1.0.34:15023|admin:10.1.0.34:15022|client:10.1.0.34:15021|dataStream:10.1.0.34:15024|priority:1|startupRole:FOLLOWER]|listeners:[], old=null
2023-06-23 15:09:13,844 [af576844-0e82-4589-8eaa-8af09d83806e@group-35AB23F1EEB6-LeaderElection5] INFO  impl.LeaderElection (LeaderElection.java:askForVotes(321)) - af576844-0e82-4589-8eaa-8af09d83806e@group-35AB23F1EEB6-LeaderElection5 PRE_VOTE round 0: submit vote requests at term 0 for -1: peers:[3f4ddf09-9f08-4efc-95be-1efd9e09d1d3|rpc:10.1.0.34:15032|admin:10.1.0.34:15031|client:10.1.0.34:15030|dataStream:10.1.0.34:15033|priority:1|startupRole:FOLLOWER, af576844-0e82-4589-8eaa-8af09d83806e|rpc:10.1.0.34:15023|admin:10.1.0.34:15022|client:10.1.0.34:15021|dataStream:10.1.0.34:15024|priority:0|startupRole:FOLLOWER, 3d425f4c-b0a3-4337-aec0-a29136ea4685|rpc:10.1.0.34:15014|admin:10.1.0.34:15013|client:10.1.0.34:15012|dataStream:10.1.0.34:15015|priority:0|startupRole:FOLLOWER]|listeners:[], old=null
2023-06-23 15:09:13,845 [af576844-0e82-4589-8eaa-8af09d83806e@group-35AB23F1EEB6-LeaderElection5] INFO  server.RaftServerConfigKeys (ConfUtils.java:logFallback(53)) - raft.server.rpc.first-election.timeout.min = 5s (fallback to raft.server.rpc.timeout.min)
2023-06-23 15:09:13,845 [af576844-0e82-4589-8eaa-8af09d83806e@group-35AB23F1EEB6-LeaderElection5] INFO  server.RaftServerConfigKeys (ConfUtils.java:logFallback(53)) - raft.server.rpc.first-election.timeout.max = 5200ms (fallback to raft.server.rpc.timeout.max)
2023-06-23 15:09:13,845 [af576844-0e82-4589-8eaa-8af09d83806e@group-35AB23F1EEB6-LeaderElection5-1] INFO  server.GrpcServerProtocolClient (GrpcServerProtocolClient.java:<init>(65)) - Build channel for 3f4ddf09-9f08-4efc-95be-1efd9e09d1d3
2023-06-23 15:09:13,845 [af576844-0e82-4589-8eaa-8af09d83806e@group-35AB23F1EEB6-LeaderElection5-2] INFO  server.GrpcServerProtocolClient (GrpcServerProtocolClient.java:<init>(65)) - Build channel for 3d425f4c-b0a3-4337-aec0-a29136ea4685
2023-06-23 15:09:13,871 [grpc-default-executor-2] INFO  server.RaftServer$Division (RaftServerImpl.java:requestVote(1302)) - 3d425f4c-b0a3-4337-aec0-a29136ea4685@group-35AB23F1EEB6: receive requestVote(PRE_VOTE, af576844-0e82-4589-8eaa-8af09d83806e, group-35AB23F1EEB6, 0, (t:0, i:0))
2023-06-23 15:09:13,871 [grpc-default-executor-2] INFO  impl.VoteContext (VoteContext.java:log(49)) - 3d425f4c-b0a3-4337-aec0-a29136ea4685@group-35AB23F1EEB6-FOLLOWER: accept PRE_VOTE from af576844-0e82-4589-8eaa-8af09d83806e: our priority 0 <= candidate's priority 0
2023-06-23 15:09:13,871 [grpc-default-executor-2] INFO  server.RaftServer$Division (RaftServerImpl.java:requestVote(1335)) - 3d425f4c-b0a3-4337-aec0-a29136ea4685@group-35AB23F1EEB6 replies to PRE_VOTE vote request: af576844-0e82-4589-8eaa-8af09d83806e<-3d425f4c-b0a3-4337-aec0-a29136ea4685#0:OK-t0. Peer's state: 3d425f4c-b0a3-4337-aec0-a29136ea4685@group-35AB23F1EEB6:t0, leader=null, voted=, raftlog=Memoized:3d425f4c-b0a3-4337-aec0-a29136ea4685@group-35AB23F1EEB6-SegmentedRaftLog:OPENED:c-1, conf=-1: peers:[3f4ddf09-9f08-4efc-95be-1efd9e09d1d3|rpc:10.1.0.34:15032|admin:10.1.0.34:15031|client:10.1.0.34:15030|dataStream:10.1.0.34:15033|priority:1|startupRole:FOLLOWER, af576844-0e82-4589-8eaa-8af09d83806e|rpc:10.1.0.34:15023|admin:10.1.0.34:15022|client:10.1.0.34:15021|dataStream:10.1.0.34:15024|priority:0|startupRole:FOLLOWER, 3d425f4c-b0a3-4337-aec0-a29136ea4685|rpc:10.1.0.34:15014|admin:10.1.0.34:15013|client:10.1.0.34:15012|dataStream:10.1.0.34:15015|priority:0|startupRole:FOLLOWER]|listeners:[], old=null
2023-06-23 15:09:13,871 [grpc-default-executor-1] INFO  server.RaftServer$Division (RaftServerImpl.java:requestVote(1302)) - 3f4ddf09-9f08-4efc-95be-1efd9e09d1d3@group-35AB23F1EEB6: receive requestVote(PRE_VOTE, af576844-0e82-4589-8eaa-8af09d83806e, group-35AB23F1EEB6, 0, (t:0, i:0))
2023-06-23 15:09:13,871 [grpc-default-executor-1] INFO  impl.VoteContext (VoteContext.java:log(49)) - 3f4ddf09-9f08-4efc-95be-1efd9e09d1d3@group-35AB23F1EEB6-FOLLOWER: reject PRE_VOTE from af576844-0e82-4589-8eaa-8af09d83806e: our priority 1 > candidate's priority 0
2023-06-23 15:09:13,872 [grpc-default-executor-1] INFO  server.RaftServer$Division (RaftServerImpl.java:requestVote(1335)) - 3f4ddf09-9f08-4efc-95be-1efd9e09d1d3@group-35AB23F1EEB6 replies to PRE_VOTE vote request: af576844-0e82-4589-8eaa-8af09d83806e<-3f4ddf09-9f08-4efc-95be-1efd9e09d1d3#0:FAIL-t0. Peer's state: 3f4ddf09-9f08-4efc-95be-1efd9e09d1d3@group-35AB23F1EEB6:t0, leader=null, voted=, raftlog=Memoized:3f4ddf09-9f08-4efc-95be-1efd9e09d1d3@group-35AB23F1EEB6-SegmentedRaftLog:OPENED:c-1, conf=-1: peers:[3f4ddf09-9f08-4efc-95be-1efd9e09d1d3|rpc:10.1.0.34:15032|admin:10.1.0.34:15031|client:10.1.0.34:15030|dataStream:10.1.0.34:15033|priority:1|startupRole:FOLLOWER, af576844-0e82-4589-8eaa-8af09d83806e|rpc:10.1.0.34:15023|admin:10.1.0.34:15022|client:10.1.0.34:15021|dataStream:10.1.0.34:15024|priority:0|startupRole:FOLLOWER, 3d425f4c-b0a3-4337-aec0-a29136ea4685|rpc:10.1.0.34:15014|admin:10.1.0.34:15013|client:10.1.0.34:15012|dataStream:10.1.0.34:15015|priority:0|startupRole:FOLLOWER]|listeners:[], old=null
2023-06-23 15:09:13,876 [af576844-0e82-4589-8eaa-8af09d83806e@group-35AB23F1EEB6-LeaderElection5] INFO  impl.LeaderElection (LeaderElection.java:logAndReturn(90)) - af576844-0e82-4589-8eaa-8af09d83806e@group-35AB23F1EEB6-LeaderElection5: PRE_VOTE REJECTED received 2 response(s) and 0 exception(s):
2023-06-23 15:09:13,876 [af576844-0e82-4589-8eaa-8af09d83806e@group-35AB23F1EEB6-LeaderElection5] INFO  impl.LeaderElection (LeaderElection.java:logAndReturn(94)) -   Response 0: af576844-0e82-4589-8eaa-8af09d83806e<-3f4ddf09-9f08-4efc-95be-1efd9e09d1d3#0:FAIL-t0
2023-06-23 15:09:13,876 [af576844-0e82-4589-8eaa-8af09d83806e@group-35AB23F1EEB6-LeaderElection5] INFO  impl.LeaderElection (LeaderElection.java:logAndReturn(94)) -   Response 1: af576844-0e82-4589-8eaa-8af09d83806e<-3d425f4c-b0a3-4337-aec0-a29136ea4685#0:OK-t0
2023-06-23 15:09:13,876 [af576844-0e82-4589-8eaa-8af09d83806e@group-35AB23F1EEB6-LeaderElection5] INFO  impl.LeaderElection (LeaderElection.java:askForVotes(323)) - af576844-0e82-4589-8eaa-8af09d83806e@group-35AB23F1EEB6-LeaderElection5 PRE_VOTE round 0: result REJECTED
2023-06-23 15:09:13,877 [af576844-0e82-4589-8eaa-8af09d83806e@group-35AB23F1EEB6-LeaderElection5] INFO  server.RaftServer$Division (RaftServerImpl.java:setRole(329)) - af576844-0e82-4589-8eaa-8af09d83806e@group-35AB23F1EEB6: changes role from CANDIDATE to FOLLOWER at term 0 for REJECTED
2023-06-23 15:09:13,877 [af576844-0e82-4589-8eaa-8af09d83806e@group-35AB23F1EEB6-LeaderElection5] INFO  impl.RoleInfo (RoleInfo.java:shutdownLeaderElection(130)) - af576844-0e82-4589-8eaa-8af09d83806e: shutdown af576844-0e82-4589-8eaa-8af09d83806e@group-35AB23F1EEB6-LeaderElection5
2023-06-23 15:09:13,877 [af576844-0e82-4589-8eaa-8af09d83806e@group-35AB23F1EEB6-LeaderElection5] INFO  impl.RoleInfo (RoleInfo.java:updateAndGet(139)) - af576844-0e82-4589-8eaa-8af09d83806e: start af576844-0e82-4589-8eaa-8af09d83806e@group-35AB23F1EEB6-FollowerState
2023-06-23 15:09:14,022 [3d425f4c-b0a3-4337-aec0-a29136ea4685@group-35AB23F1EEB6-FollowerState] INFO  server.RaftServerConfigKeys (ConfUtils.java:logFallback(53)) - raft.server.rpc.first-election.timeout.min = 5s (fallback to raft.server.rpc.timeout.min)
2023-06-23 15:09:14,023 [3d425f4c-b0a3-4337-aec0-a29136ea4685@group-35AB23F1EEB6-FollowerState] INFO  server.RaftServerConfigKeys (ConfUtils.java:logFallback(53)) - raft.server.rpc.first-election.timeout.max = 5200ms (fallback to raft.server.rpc.timeout.max)
2023-06-23 15:09:14,044 [3f4ddf09-9f08-4efc-95be-1efd9e09d1d3@group-35AB23F1EEB6-FollowerState] INFO  impl.FollowerState (FollowerState.java:run(143)) - 3f4ddf09-9f08-4efc-95be-1efd9e09d1d3@group-35AB23F1EEB6-FollowerState: change to CANDIDATE, lastRpcElapsedTime:5054111452ns, electionTimeout:5028ms
2023-06-23 15:09:14,044 [3f4ddf09-9f08-4efc-95be-1efd9e09d1d3@group-35AB23F1EEB6-FollowerState] INFO  impl.RoleInfo (RoleInfo.java:shutdownFollowerState(110)) - 3f4ddf09-9f08-4efc-95be-1efd9e09d1d3: shutdown 3f4ddf09-9f08-4efc-95be-1efd9e09d1d3@group-35AB23F1EEB6-FollowerState
2023-06-23 15:09:14,044 [3f4ddf09-9f08-4efc-95be-1efd9e09d1d3@group-35AB23F1EEB6-FollowerState] INFO  server.RaftServer$Division (RaftServerImpl.java:setRole(329)) - 3f4ddf09-9f08-4efc-95be-1efd9e09d1d3@group-35AB23F1EEB6: changes role from  FOLLOWER to CANDIDATE at term 0 for changeToCandidate
2023-06-23 15:09:14,044 [3f4ddf09-9f08-4efc-95be-1efd9e09d1d3@group-35AB23F1EEB6-FollowerState] INFO  server.RaftServerConfigKeys (ConfUtils.java:logGet(46)) - raft.server.leaderelection.pre-vote = true (default)
2023-06-23 15:09:14,044 [3f4ddf09-9f08-4efc-95be-1efd9e09d1d3@group-35AB23F1EEB6-FollowerState] INFO  impl.RoleInfo (RoleInfo.java:updateAndGet(139)) - 3f4ddf09-9f08-4efc-95be-1efd9e09d1d3: start 3f4ddf09-9f08-4efc-95be-1efd9e09d1d3@group-35AB23F1EEB6-LeaderElection6
2023-06-23 15:09:14,047 [3f4ddf09-9f08-4efc-95be-1efd9e09d1d3@group-35AB23F1EEB6-LeaderElection6] INFO  impl.LeaderElection (LeaderElection.java:askForVotes(321)) - 3f4ddf09-9f08-4efc-95be-1efd9e09d1d3@group-35AB23F1EEB6-LeaderElection6 PRE_VOTE round 0: submit vote requests at term 0 for -1: peers:[3f4ddf09-9f08-4efc-95be-1efd9e09d1d3|rpc:10.1.0.34:15032|admin:10.1.0.34:15031|client:10.1.0.34:15030|dataStream:10.1.0.34:15033|priority:1|startupRole:FOLLOWER, af576844-0e82-4589-8eaa-8af09d83806e|rpc:10.1.0.34:15023|admin:10.1.0.34:15022|client:10.1.0.34:15021|dataStream:10.1.0.34:15024|priority:0|startupRole:FOLLOWER, 3d425f4c-b0a3-4337-aec0-a29136ea4685|rpc:10.1.0.34:15014|admin:10.1.0.34:15013|client:10.1.0.34:15012|dataStream:10.1.0.34:15015|priority:0|startupRole:FOLLOWER]|listeners:[], old=null
2023-06-23 15:09:14,048 [3f4ddf09-9f08-4efc-95be-1efd9e09d1d3@group-35AB23F1EEB6-LeaderElection6-1] INFO  server.GrpcServerProtocolClient (GrpcServerProtocolClient.java:<init>(65)) - Build channel for af576844-0e82-4589-8eaa-8af09d83806e
2023-06-23 15:09:14,054 [3f4ddf09-9f08-4efc-95be-1efd9e09d1d3@group-35AB23F1EEB6-LeaderElection6] INFO  server.RaftServerConfigKeys (ConfUtils.java:logFallback(53)) - raft.server.rpc.first-election.timeout.min = 5s (fallback to raft.server.rpc.timeout.min)
2023-06-23 15:09:14,054 [3f4ddf09-9f08-4efc-95be-1efd9e09d1d3@group-35AB23F1EEB6-LeaderElection6] INFO  server.RaftServerConfigKeys (ConfUtils.java:logFallback(53)) - raft.server.rpc.first-election.timeout.max = 5200ms (fallback to raft.server.rpc.timeout.max)
2023-06-23 15:09:14,059 [grpc-default-executor-1] INFO  server.RaftServer$Division (RaftServerImpl.java:requestVote(1302)) - af576844-0e82-4589-8eaa-8af09d83806e@group-35AB23F1EEB6: receive requestVote(PRE_VOTE, 3f4ddf09-9f08-4efc-95be-1efd9e09d1d3, group-35AB23F1EEB6, 0, (t:0, i:0))
2023-06-23 15:09:14,059 [grpc-default-executor-1] INFO  impl.VoteContext (VoteContext.java:log(49)) - af576844-0e82-4589-8eaa-8af09d83806e@group-35AB23F1EEB6-FOLLOWER: accept PRE_VOTE from 3f4ddf09-9f08-4efc-95be-1efd9e09d1d3: our priority 0 <= candidate's priority 1
2023-06-23 15:09:14,059 [grpc-default-executor-1] INFO  server.RaftServer$Division (RaftServerImpl.java:requestVote(1335)) - af576844-0e82-4589-8eaa-8af09d83806e@group-35AB23F1EEB6 replies to PRE_VOTE vote request: 3f4ddf09-9f08-4efc-95be-1efd9e09d1d3<-af576844-0e82-4589-8eaa-8af09d83806e#0:OK-t0. Peer's state: af576844-0e82-4589-8eaa-8af09d83806e@group-35AB23F1EEB6:t0, leader=null, voted=, raftlog=Memoized:af576844-0e82-4589-8eaa-8af09d83806e@group-35AB23F1EEB6-SegmentedRaftLog:OPENED:c-1, conf=-1: peers:[3f4ddf09-9f08-4efc-95be-1efd9e09d1d3|rpc:10.1.0.34:15032|admin:10.1.0.34:15031|client:10.1.0.34:15030|dataStream:10.1.0.34:15033|priority:1|startupRole:FOLLOWER, af576844-0e82-4589-8eaa-8af09d83806e|rpc:10.1.0.34:15023|admin:10.1.0.34:15022|client:10.1.0.34:15021|dataStream:10.1.0.34:15024|priority:0|startupRole:FOLLOWER, 3d425f4c-b0a3-4337-aec0-a29136ea4685|rpc:10.1.0.34:15014|admin:10.1.0.34:15013|client:10.1.0.34:15012|dataStream:10.1.0.34:15015|priority:0|startupRole:FOLLOWER]|listeners:[], old=null
2023-06-23 15:09:14,063 [3f4ddf09-9f08-4efc-95be-1efd9e09d1d3@group-35AB23F1EEB6-LeaderElection6-2] INFO  server.GrpcServerProtocolClient (GrpcServerProtocolClient.java:<init>(65)) - Build channel for 3d425f4c-b0a3-4337-aec0-a29136ea4685
2023-06-23 15:09:14,065 [3f4ddf09-9f08-4efc-95be-1efd9e09d1d3@group-35AB23F1EEB6-LeaderElection6] INFO  impl.LeaderElection (LeaderElection.java:logAndReturn(90)) - 3f4ddf09-9f08-4efc-95be-1efd9e09d1d3@group-35AB23F1EEB6-LeaderElection6: PRE_VOTE PASSED received 1 response(s) and 0 exception(s):
2023-06-23 15:09:14,065 [3f4ddf09-9f08-4efc-95be-1efd9e09d1d3@group-35AB23F1EEB6-LeaderElection6] INFO  impl.LeaderElection (LeaderElection.java:logAndReturn(94)) -   Response 0: 3f4ddf09-9f08-4efc-95be-1efd9e09d1d3<-af576844-0e82-4589-8eaa-8af09d83806e#0:OK-t0
2023-06-23 15:09:14,065 [3f4ddf09-9f08-4efc-95be-1efd9e09d1d3@group-35AB23F1EEB6-LeaderElection6] INFO  impl.LeaderElection (LeaderElection.java:askForVotes(323)) - 3f4ddf09-9f08-4efc-95be-1efd9e09d1d3@group-35AB23F1EEB6-LeaderElection6 PRE_VOTE round 0: result PASSED
2023-06-23 15:09:14,077 [3f4ddf09-9f08-4efc-95be-1efd9e09d1d3@group-35AB23F1EEB6-LeaderElection6] INFO  impl.LeaderElection (LeaderElection.java:askForVotes(321)) - 3f4ddf09-9f08-4efc-95be-1efd9e09d1d3@group-35AB23F1EEB6-LeaderElection6 ELECTION round 0: submit vote requests at term 1 for -1: peers:[3f4ddf09-9f08-4efc-95be-1efd9e09d1d3|rpc:10.1.0.34:15032|admin:10.1.0.34:15031|client:10.1.0.34:15030|dataStream:10.1.0.34:15033|priority:1|startupRole:FOLLOWER, af576844-0e82-4589-8eaa-8af09d83806e|rpc:10.1.0.34:15023|admin:10.1.0.34:15022|client:10.1.0.34:15021|dataStream:10.1.0.34:15024|priority:0|startupRole:FOLLOWER, 3d425f4c-b0a3-4337-aec0-a29136ea4685|rpc:10.1.0.34:15014|admin:10.1.0.34:15013|client:10.1.0.34:15012|dataStream:10.1.0.34:15015|priority:0|startupRole:FOLLOWER]|listeners:[], old=null
2023-06-23 15:09:14,087 [3f4ddf09-9f08-4efc-95be-1efd9e09d1d3@group-35AB23F1EEB6-LeaderElection6] INFO  server.RaftServerConfigKeys (ConfUtils.java:logFallback(53)) - raft.server.rpc.first-election.timeout.min = 5s (fallback to raft.server.rpc.timeout.min)
2023-06-23 15:09:14,088 [3f4ddf09-9f08-4efc-95be-1efd9e09d1d3@group-35AB23F1EEB6-LeaderElection6] INFO  server.RaftServerConfigKeys (ConfUtils.java:logFallback(53)) - raft.server.rpc.first-election.timeout.max = 5200ms (fallback to raft.server.rpc.timeout.max)
2023-06-23 15:09:14,091 [grpc-default-executor-2] INFO  server.RaftServer$Division (RaftServerImpl.java:requestVote(1302)) - 3d425f4c-b0a3-4337-aec0-a29136ea4685@group-35AB23F1EEB6: receive requestVote(PRE_VOTE, 3f4ddf09-9f08-4efc-95be-1efd9e09d1d3, group-35AB23F1EEB6, 0, (t:0, i:0))
2023-06-23 15:09:14,092 [grpc-default-executor-2] INFO  impl.VoteContext (VoteContext.java:log(49)) - 3d425f4c-b0a3-4337-aec0-a29136ea4685@group-35AB23F1EEB6-FOLLOWER: accept PRE_VOTE from 3f4ddf09-9f08-4efc-95be-1efd9e09d1d3: our priority 0 <= candidate's priority 1
2023-06-23 15:09:14,092 [grpc-default-executor-2] INFO  server.RaftServer$Division (RaftServerImpl.java:requestVote(1335)) - 3d425f4c-b0a3-4337-aec0-a29136ea4685@group-35AB23F1EEB6 replies to PRE_VOTE vote request: 3f4ddf09-9f08-4efc-95be-1efd9e09d1d3<-3d425f4c-b0a3-4337-aec0-a29136ea4685#0:OK-t0. Peer's state: 3d425f4c-b0a3-4337-aec0-a29136ea4685@group-35AB23F1EEB6:t0, leader=null, voted=, raftlog=Memoized:3d425f4c-b0a3-4337-aec0-a29136ea4685@group-35AB23F1EEB6-SegmentedRaftLog:OPENED:c-1, conf=-1: peers:[3f4ddf09-9f08-4efc-95be-1efd9e09d1d3|rpc:10.1.0.34:15032|admin:10.1.0.34:15031|client:10.1.0.34:15030|dataStream:10.1.0.34:15033|priority:1|startupRole:FOLLOWER, af576844-0e82-4589-8eaa-8af09d83806e|rpc:10.1.0.34:15023|admin:10.1.0.34:15022|client:10.1.0.34:15021|dataStream:10.1.0.34:15024|priority:0|startupRole:FOLLOWER, 3d425f4c-b0a3-4337-aec0-a29136ea4685|rpc:10.1.0.34:15014|admin:10.1.0.34:15013|client:10.1.0.34:15012|dataStream:10.1.0.34:15015|priority:0|startupRole:FOLLOWER]|listeners:[], old=null
2023-06-23 15:09:14,092 [grpc-default-executor-1] INFO  server.RaftServer$Division (RaftServerImpl.java:requestVote(1302)) - af576844-0e82-4589-8eaa-8af09d83806e@group-35AB23F1EEB6: receive requestVote(ELECTION, 3f4ddf09-9f08-4efc-95be-1efd9e09d1d3, group-35AB23F1EEB6, 1, (t:0, i:0))
2023-06-23 15:09:14,092 [grpc-default-executor-1] INFO  impl.VoteContext (VoteContext.java:log(49)) - af576844-0e82-4589-8eaa-8af09d83806e@group-35AB23F1EEB6-FOLLOWER: accept ELECTION from 3f4ddf09-9f08-4efc-95be-1efd9e09d1d3: our priority 0 <= candidate's priority 1
2023-06-23 15:09:14,092 [grpc-default-executor-1] INFO  server.RaftServer$Division (RaftServerImpl.java:setRole(329)) - af576844-0e82-4589-8eaa-8af09d83806e@group-35AB23F1EEB6: changes role from  FOLLOWER to FOLLOWER at term 1 for candidate:3f4ddf09-9f08-4efc-95be-1efd9e09d1d3
2023-06-23 15:09:14,092 [grpc-default-executor-1] INFO  impl.RoleInfo (RoleInfo.java:shutdownFollowerState(110)) - af576844-0e82-4589-8eaa-8af09d83806e: shutdown af576844-0e82-4589-8eaa-8af09d83806e@group-35AB23F1EEB6-FollowerState
2023-06-23 15:09:14,092 [grpc-default-executor-1] INFO  impl.RoleInfo (RoleInfo.java:updateAndGet(139)) - af576844-0e82-4589-8eaa-8af09d83806e: start af576844-0e82-4589-8eaa-8af09d83806e@group-35AB23F1EEB6-FollowerState
2023-06-23 15:09:14,092 [af576844-0e82-4589-8eaa-8af09d83806e@group-35AB23F1EEB6-FollowerState] INFO  impl.FollowerState (FollowerState.java:run(152)) - af576844-0e82-4589-8eaa-8af09d83806e@group-35AB23F1EEB6-FollowerState was interrupted
2023-06-23 15:09:14,097 [grpc-default-executor-1] INFO  server.RaftServer$Division (RaftServerImpl.java:requestVote(1335)) - af576844-0e82-4589-8eaa-8af09d83806e@group-35AB23F1EEB6 replies to ELECTION vote request: 3f4ddf09-9f08-4efc-95be-1efd9e09d1d3<-af576844-0e82-4589-8eaa-8af09d83806e#0:OK-t1. Peer's state: af576844-0e82-4589-8eaa-8af09d83806e@group-35AB23F1EEB6:t1, leader=null, voted=3f4ddf09-9f08-4efc-95be-1efd9e09d1d3, raftlog=Memoized:af576844-0e82-4589-8eaa-8af09d83806e@group-35AB23F1EEB6-SegmentedRaftLog:OPENED:c-1, conf=-1: peers:[3f4ddf09-9f08-4efc-95be-1efd9e09d1d3|rpc:10.1.0.34:15032|admin:10.1.0.34:15031|client:10.1.0.34:15030|dataStream:10.1.0.34:15033|priority:1|startupRole:FOLLOWER, af576844-0e82-4589-8eaa-8af09d83806e|rpc:10.1.0.34:15023|admin:10.1.0.34:15022|client:10.1.0.34:15021|dataStream:10.1.0.34:15024|priority:0|startupRole:FOLLOWER, 3d425f4c-b0a3-4337-aec0-a29136ea4685|rpc:10.1.0.34:15014|admin:10.1.0.34:15013|client:10.1.0.34:15012|dataStream:10.1.0.34:15015|priority:0|startupRole:FOLLOWER]|listeners:[], old=null
2023-06-23 15:09:14,097 [main] INFO  ozone.MiniOzoneClusterImpl (MiniOzoneClusterImpl.java:lambda$waitForClusterToBeReady$0(224)) - Nodes are ready. Got 10 of 10 DN Heartbeats.
2023-06-23 15:09:14,100 [main] INFO  ozone.MiniOzoneClusterImpl (MiniOzoneClusterImpl.java:lambda$waitForClusterToBeReady$0(227)) - Cluster exits safe mode
2023-06-23 15:09:14,100 [main] INFO  ozone.MiniOzoneClusterImpl (MiniOzoneClusterImpl.java:lambda$waitForClusterToBeReady$0(229)) - SCM became leader
2023-06-23 15:09:14,104 [3f4ddf09-9f08-4efc-95be-1efd9e09d1d3@group-35AB23F1EEB6-LeaderElection6] INFO  impl.LeaderElection (LeaderElection.java:logAndReturn(90)) - 3f4ddf09-9f08-4efc-95be-1efd9e09d1d3@group-35AB23F1EEB6-LeaderElection6: ELECTION PASSED received 1 response(s) and 0 exception(s):
2023-06-23 15:09:14,104 [3f4ddf09-9f08-4efc-95be-1efd9e09d1d3@group-35AB23F1EEB6-LeaderElection6] INFO  impl.LeaderElection (LeaderElection.java:logAndReturn(94)) -   Response 0: 3f4ddf09-9f08-4efc-95be-1efd9e09d1d3<-af576844-0e82-4589-8eaa-8af09d83806e#0:OK-t1
2023-06-23 15:09:14,104 [3f4ddf09-9f08-4efc-95be-1efd9e09d1d3@group-35AB23F1EEB6-LeaderElection6] INFO  impl.LeaderElection (LeaderElection.java:askForVotes(323)) - 3f4ddf09-9f08-4efc-95be-1efd9e09d1d3@group-35AB23F1EEB6-LeaderElection6 ELECTION round 0: result PASSED
2023-06-23 15:09:14,104 [3f4ddf09-9f08-4efc-95be-1efd9e09d1d3@group-35AB23F1EEB6-LeaderElection6] INFO  impl.RoleInfo (RoleInfo.java:shutdownLeaderElection(130)) - 3f4ddf09-9f08-4efc-95be-1efd9e09d1d3: shutdown 3f4ddf09-9f08-4efc-95be-1efd9e09d1d3@group-35AB23F1EEB6-LeaderElection6
2023-06-23 15:09:14,104 [3f4ddf09-9f08-4efc-95be-1efd9e09d1d3@group-35AB23F1EEB6-LeaderElection6] INFO  server.RaftServer$Division (RaftServerImpl.java:setRole(329)) - 3f4ddf09-9f08-4efc-95be-1efd9e09d1d3@group-35AB23F1EEB6: changes role from CANDIDATE to LEADER at term 1 for changeToLeader
2023-06-23 15:09:14,104 [3f4ddf09-9f08-4efc-95be-1efd9e09d1d3@group-35AB23F1EEB6-LeaderElection6] INFO  ratis.XceiverServerRatis (XceiverServerRatis.java:handleLeaderChangedNotification(902)) - Leader change notification received for group: group-35AB23F1EEB6 with new leaderId: 3f4ddf09-9f08-4efc-95be-1efd9e09d1d3
2023-06-23 15:09:14,104 [3f4ddf09-9f08-4efc-95be-1efd9e09d1d3@group-35AB23F1EEB6-LeaderElection6] INFO  server.RaftServer$Division (ServerState.java:setLeader(317)) - 3f4ddf09-9f08-4efc-95be-1efd9e09d1d3@group-35AB23F1EEB6: change Leader from null to 3f4ddf09-9f08-4efc-95be-1efd9e09d1d3 at term 1 for becomeLeader, leader elected after 5143ms
2023-06-23 15:09:14,104 [3f4ddf09-9f08-4efc-95be-1efd9e09d1d3@group-35AB23F1EEB6-LeaderElection6] INFO  server.RaftServerConfigKeys (ConfUtils.java:logGet(46)) - raft.server.staging.catchup.gap = 1000 (default)
2023-06-23 15:09:14,104 [3f4ddf09-9f08-4efc-95be-1efd9e09d1d3@group-35AB23F1EEB6-LeaderElection6] INFO  server.RaftServerConfigKeys (ConfUtils.java:logGet(46)) - raft.server.write.element-limit = 1024 (custom)
2023-06-23 15:09:14,104 [3f4ddf09-9f08-4efc-95be-1efd9e09d1d3@group-35AB23F1EEB6-LeaderElection6] INFO  server.RaftServerConfigKeys (ConfUtils.java:logGet(46)) - raft.server.write.byte-limit = 1024 M (=1073741824) (custom)
2023-06-23 15:09:14,105 [3f4ddf09-9f08-4efc-95be-1efd9e09d1d3@group-35AB23F1EEB6-LeaderElection6] INFO  server.RaftServerConfigKeys (ConfUtils.java:logGet(46)) - raft.server.watch.timeout = 180s (custom)
2023-06-23 15:09:14,105 [3f4ddf09-9f08-4efc-95be-1efd9e09d1d3@group-35AB23F1EEB6-LeaderElection6] INFO  server.RaftServerConfigKeys (ConfUtils.java:logGet(46)) - raft.server.watch.timeout.denomination = 1s (default)
2023-06-23 15:09:14,105 [3f4ddf09-9f08-4efc-95be-1efd9e09d1d3@group-35AB23F1EEB6-LeaderElection6] INFO  server.RaftServerConfigKeys (ConfUtils.java:logGet(46)) - raft.server.watch.element-limit = 65536 (default)
2023-06-23 15:09:14,105 [3f4ddf09-9f08-4efc-95be-1efd9e09d1d3@group-35AB23F1EEB6-LeaderElection6] INFO  server.RaftServerConfigKeys (ConfUtils.java:logGet(46)) - raft.server.write.element-limit = 1024 (custom)
2023-06-23 15:09:14,105 [3f4ddf09-9f08-4efc-95be-1efd9e09d1d3@group-35AB23F1EEB6-LeaderElection6] INFO  server.RaftServerConfigKeys (ConfUtils.java:logGet(46)) - raft.server.write.follower.gap.ratio.max = -1.0 (default)
2023-06-23 15:09:14,105 [3f4ddf09-9f08-4efc-95be-1efd9e09d1d3@group-35AB23F1EEB6-LeaderElection6] INFO  server.RaftServerConfigKeys (ConfUtils.java:logGet(46)) - raft.server.log.appender.snapshot.chunk.size.max = 16MB (=16777216) (default)
2023-06-23 15:09:14,106 [3f4ddf09-9f08-4efc-95be-1efd9e09d1d3@group-35AB23F1EEB6-LeaderElection6] INFO  server.RaftServerConfigKeys (ConfUtils.java:logGet(46)) - raft.server.log.appender.buffer.byte-limit = 33554432 (custom)
2023-06-23 15:09:14,106 [3f4ddf09-9f08-4efc-95be-1efd9e09d1d3@group-35AB23F1EEB6-LeaderElection6] INFO  server.RaftServerConfigKeys (ConfUtils.java:logGet(46)) - raft.server.log.appender.buffer.element-limit = 1 (custom)
2023-06-23 15:09:14,106 [3f4ddf09-9f08-4efc-95be-1efd9e09d1d3@group-35AB23F1EEB6-LeaderElection6] INFO  server.RaftServerConfigKeys (ConfUtils.java:logGet(46)) - raft.server.log.appender.wait-time.min = 10ms (default)
2023-06-23 15:09:14,106 [3f4ddf09-9f08-4efc-95be-1efd9e09d1d3@group-35AB23F1EEB6-LeaderElection6] INFO  grpc.GrpcConfigKeys (ConfUtils.java:logGet(46)) - raft.grpc.server.leader.outstanding.appends.max = 128 (default)
2023-06-23 15:09:14,106 [3f4ddf09-9f08-4efc-95be-1efd9e09d1d3@group-35AB23F1EEB6-LeaderElection6] INFO  server.RaftServerConfigKeys (ConfUtils.java:logGet(46)) - raft.server.rpc.request.timeout = 60s (custom)
2023-06-23 15:09:14,106 [3f4ddf09-9f08-4efc-95be-1efd9e09d1d3@group-35AB23F1EEB6-LeaderElection6] INFO  grpc.GrpcConfigKeys (ConfUtils.java:logGet(46)) - raft.grpc.server.install_snapshot.request.element-limit = 8 (default)
2023-06-23 15:09:14,106 [3f4ddf09-9f08-4efc-95be-1efd9e09d1d3@group-35AB23F1EEB6-LeaderElection6] INFO  grpc.GrpcConfigKeys (ConfUtils.java:logGet(46)) - raft.grpc.server.install_snapshot.request.timeout = 3000ms (default)
2023-06-23 15:09:14,106 [3f4ddf09-9f08-4efc-95be-1efd9e09d1d3@group-35AB23F1EEB6-LeaderElection6] INFO  server.RaftServerConfigKeys (ConfUtils.java:logGet(46)) - raft.server.log.appender.install.snapshot.enabled = false (custom)
2023-06-23 15:09:14,107 [3f4ddf09-9f08-4efc-95be-1efd9e09d1d3@group-35AB23F1EEB6-LeaderElection6] INFO  grpc.GrpcConfigKeys (ConfUtils.java:logGet(46)) - raft.grpc.server.heartbeat.channel = true (default)
2023-06-23 15:09:14,107 [EventQueue-PipelineReportForPipelineReportHandler] INFO  pipeline.PipelineManagerImpl (PipelineManagerImpl.java:openPipeline(381)) - Pipeline Pipeline[ Id: 7d113dd2-4bcf-450e-b2bd-35ab23f1eeb6, Nodes: af576844-0e82-4589-8eaa-8af09d83806e(fv-az424-541.i1gjr3zuz4qevjy1zin2gin2ih.gx.internal.cloudapp.net/10.1.0.34)3d425f4c-b0a3-4337-aec0-a29136ea4685(fv-az424-541.i1gjr3zuz4qevjy1zin2gin2ih.gx.internal.cloudapp.net/10.1.0.34)3f4ddf09-9f08-4efc-95be-1efd9e09d1d3(fv-az424-541.i1gjr3zuz4qevjy1zin2gin2ih.gx.internal.cloudapp.net/10.1.0.34), ReplicationConfig: RATIS/THREE, State:ALLOCATED, leaderId:3f4ddf09-9f08-4efc-95be-1efd9e09d1d3, CreationTimestamp2023-06-23T15:09:06.010Z[Etc/UTC]] moved to OPEN state
2023-06-23 15:09:14,108 [3f4ddf09-9f08-4efc-95be-1efd9e09d1d3@group-35AB23F1EEB6-LeaderElection6] INFO  server.RaftServerConfigKeys (ConfUtils.java:logGet(46)) - raft.server.log.appender.snapshot.chunk.size.max = 16MB (=16777216) (default)
2023-06-23 15:09:14,108 [3f4ddf09-9f08-4efc-95be-1efd9e09d1d3@group-35AB23F1EEB6-LeaderElection6] INFO  server.RaftServerConfigKeys (ConfUtils.java:logGet(46)) - raft.server.log.appender.buffer.byte-limit = 33554432 (custom)
2023-06-23 15:09:14,108 [3f4ddf09-9f08-4efc-95be-1efd9e09d1d3@group-35AB23F1EEB6-LeaderElection6] INFO  server.RaftServerConfigKeys (ConfUtils.java:logGet(46)) - raft.server.log.appender.buffer.element-limit = 1 (custom)
2023-06-23 15:09:14,108 [3f4ddf09-9f08-4efc-95be-1efd9e09d1d3@group-35AB23F1EEB6-LeaderElection6] INFO  server.RaftServerConfigKeys (ConfUtils.java:logGet(46)) - raft.server.log.appender.wait-time.min = 10ms (default)
2023-06-23 15:09:14,108 [3f4ddf09-9f08-4efc-95be-1efd9e09d1d3@group-35AB23F1EEB6-LeaderElection6] INFO  grpc.GrpcConfigKeys (ConfUtils.java:logGet(46)) - raft.grpc.server.leader.outstanding.appends.max = 128 (default)
2023-06-23 15:09:14,108 [3f4ddf09-9f08-4efc-95be-1efd9e09d1d3@group-35AB23F1EEB6-LeaderElection6] INFO  server.RaftServerConfigKeys (ConfUtils.java:logGet(46)) - raft.server.rpc.request.timeout = 60s (custom)
2023-06-23 15:09:14,108 [3f4ddf09-9f08-4efc-95be-1efd9e09d1d3@group-35AB23F1EEB6-LeaderElection6] INFO  grpc.GrpcConfigKeys (ConfUtils.java:logGet(46)) - raft.grpc.server.install_snapshot.request.element-limit = 8 (default)
2023-06-23 15:09:14,108 [3f4ddf09-9f08-4efc-95be-1efd9e09d1d3@group-35AB23F1EEB6-LeaderElection6] INFO  grpc.GrpcConfigKeys (ConfUtils.java:logGet(46)) - raft.grpc.server.install_snapshot.request.timeout = 3000ms (default)
2023-06-23 15:09:14,108 [3f4ddf09-9f08-4efc-95be-1efd9e09d1d3@group-35AB23F1EEB6-LeaderElection6] INFO  server.RaftServerConfigKeys (ConfUtils.java:logGet(46)) - raft.server.log.appender.install.snapshot.enabled = false (custom)
2023-06-23 15:09:14,108 [3f4ddf09-9f08-4efc-95be-1efd9e09d1d3@group-35AB23F1EEB6-LeaderElection6] INFO  grpc.GrpcConfigKeys (ConfUtils.java:logGet(46)) - raft.grpc.server.heartbeat.channel = true (default)
2023-06-23 15:09:14,108 [3f4ddf09-9f08-4efc-95be-1efd9e09d1d3@group-35AB23F1EEB6-LeaderElection6] INFO  impl.RoleInfo (RoleInfo.java:updateAndGet(139)) - 3f4ddf09-9f08-4efc-95be-1efd9e09d1d3: start 3f4ddf09-9f08-4efc-95be-1efd9e09d1d3@group-35AB23F1EEB6-LeaderStateImpl
2023-06-23 15:09:14,113 [3f4ddf09-9f08-4efc-95be-1efd9e09d1d3@group-35AB23F1EEB6-LeaderElection6] INFO  segmented.SegmentedRaftLogWorker (SegmentedRaftLogWorker.java:startLogSegment(447)) - 3f4ddf09-9f08-4efc-95be-1efd9e09d1d3@group-35AB23F1EEB6-SegmentedRaftLogWorker: Starting segment from index:0
2023-06-23 15:09:14,117 [3f4ddf09-9f08-4efc-95be-1efd9e09d1d3@group-35AB23F1EEB6-SegmentedRaftLogWorker] INFO  segmented.SegmentedRaftLogWorker (SegmentedRaftLogWorker.java:execute(651)) - 3f4ddf09-9f08-4efc-95be-1efd9e09d1d3@group-35AB23F1EEB6-SegmentedRaftLogWorker: created new log segment /home/runner/work/ozone/ozone/hadoop-ozone/integration-test/target/test-dir/MiniOzoneClusterImpl-741560ff-92e5-4b28-9778-2cf52193c8f3/datanode-2/data/ratis/7d113dd2-4bcf-450e-b2bd-35ab23f1eeb6/current/log_inprogress_0
2023-06-23 15:09:14,124 [grpc-default-executor-2] INFO  server.RaftServer$Division (RaftServerImpl.java:requestVote(1302)) - 3d425f4c-b0a3-4337-aec0-a29136ea4685@group-35AB23F1EEB6: receive requestVote(ELECTION, 3f4ddf09-9f08-4efc-95be-1efd9e09d1d3, group-35AB23F1EEB6, 1, (t:0, i:0))
2023-06-23 15:09:14,124 [grpc-default-executor-2] INFO  impl.VoteContext (VoteContext.java:log(49)) - 3d425f4c-b0a3-4337-aec0-a29136ea4685@group-35AB23F1EEB6-FOLLOWER: accept ELECTION from 3f4ddf09-9f08-4efc-95be-1efd9e09d1d3: our priority 0 <= candidate's priority 1
2023-06-23 15:09:14,124 [grpc-default-executor-2] INFO  server.RaftServer$Division (RaftServerImpl.java:setRole(329)) - 3d425f4c-b0a3-4337-aec0-a29136ea4685@group-35AB23F1EEB6: changes role from  FOLLOWER to FOLLOWER at term 1 for candidate:3f4ddf09-9f08-4efc-95be-1efd9e09d1d3
2023-06-23 15:09:14,124 [grpc-default-executor-2] INFO  impl.RoleInfo (RoleInfo.java:shutdownFollowerState(110)) - 3d425f4c-b0a3-4337-aec0-a29136ea4685: shutdown 3d425f4c-b0a3-4337-aec0-a29136ea4685@group-35AB23F1EEB6-FollowerState
2023-06-23 15:09:14,124 [grpc-default-executor-2] INFO  impl.RoleInfo (RoleInfo.java:updateAndGet(139)) - 3d425f4c-b0a3-4337-aec0-a29136ea4685: start 3d425f4c-b0a3-4337-aec0-a29136ea4685@group-35AB23F1EEB6-FollowerState
2023-06-23 15:09:14,125 [3d425f4c-b0a3-4337-aec0-a29136ea4685@group-35AB23F1EEB6-FollowerState] INFO  impl.FollowerState (FollowerState.java:run(152)) - 3d425f4c-b0a3-4337-aec0-a29136ea4685@group-35AB23F1EEB6-FollowerState was interrupted
2023-06-23 15:09:14,139 [grpc-default-executor-2] INFO  server.RaftServer$Division (RaftServerImpl.java:requestVote(1335)) - 3d425f4c-b0a3-4337-aec0-a29136ea4685@group-35AB23F1EEB6 replies to ELECTION vote request: 3f4ddf09-9f08-4efc-95be-1efd9e09d1d3<-3d425f4c-b0a3-4337-aec0-a29136ea4685#0:OK-t1. Peer's state: 3d425f4c-b0a3-4337-aec0-a29136ea4685@group-35AB23F1EEB6:t1, leader=null, voted=3f4ddf09-9f08-4efc-95be-1efd9e09d1d3, raftlog=Memoized:3d425f4c-b0a3-4337-aec0-a29136ea4685@group-35AB23F1EEB6-SegmentedRaftLog:OPENED:c-1, conf=-1: peers:[3f4ddf09-9f08-4efc-95be-1efd9e09d1d3|rpc:10.1.0.34:15032|admin:10.1.0.34:15031|client:10.1.0.34:15030|dataStream:10.1.0.34:15033|priority:1|startupRole:FOLLOWER, af576844-0e82-4589-8eaa-8af09d83806e|rpc:10.1.0.34:15023|admin:10.1.0.34:15022|client:10.1.0.34:15021|dataStream:10.1.0.34:15024|priority:0|startupRole:FOLLOWER, 3d425f4c-b0a3-4337-aec0-a29136ea4685|rpc:10.1.0.34:15014|admin:10.1.0.34:15013|client:10.1.0.34:15012|dataStream:10.1.0.34:15015|priority:0|startupRole:FOLLOWER]|listeners:[], old=null
2023-06-23 15:09:14,153 [3f4ddf09-9f08-4efc-95be-1efd9e09d1d3@group-35AB23F1EEB6-LeaderElection6] INFO  server.RaftServer$Division (ServerState.java:setRaftConf(434)) - 3f4ddf09-9f08-4efc-95be-1efd9e09d1d3@group-35AB23F1EEB6: set configuration 0: peers:[3f4ddf09-9f08-4efc-95be-1efd9e09d1d3|rpc:10.1.0.34:15032|admin:10.1.0.34:15031|client:10.1.0.34:15030|dataStream:10.1.0.34:15033|priority:1|startupRole:FOLLOWER, af576844-0e82-4589-8eaa-8af09d83806e|rpc:10.1.0.34:15023|admin:10.1.0.34:15022|client:10.1.0.34:15021|dataStream:10.1.0.34:15024|priority:0|startupRole:FOLLOWER, 3d425f4c-b0a3-4337-aec0-a29136ea4685|rpc:10.1.0.34:15014|admin:10.1.0.34:15013|client:10.1.0.34:15012|dataStream:10.1.0.34:15015|priority:0|startupRole:FOLLOWER]|listeners:[], old=null
2023-06-23 15:09:14,178 [af576844-0e82-4589-8eaa-8af09d83806e-server-thread1] INFO  ratis.XceiverServerRatis (XceiverServerRatis.java:handleLeaderChangedNotification(902)) - Leader change notification received for group: group-35AB23F1EEB6 with new leaderId: 3f4ddf09-9f08-4efc-95be-1efd9e09d1d3
2023-06-23 15:09:14,178 [af576844-0e82-4589-8eaa-8af09d83806e-server-thread1] INFO  server.RaftServer$Division (ServerState.java:setLeader(317)) - af576844-0e82-4589-8eaa-8af09d83806e@group-35AB23F1EEB6: change Leader from null to 3f4ddf09-9f08-4efc-95be-1efd9e09d1d3 at term 1 for appendEntries, leader elected after 5419ms
2023-06-23 15:09:14,196 [af576844-0e82-4589-8eaa-8af09d83806e-server-thread1] INFO  server.RaftServer$Division (ServerState.java:setRaftConf(434)) - af576844-0e82-4589-8eaa-8af09d83806e@group-35AB23F1EEB6: set configuration 0: peers:[3f4ddf09-9f08-4efc-95be-1efd9e09d1d3|rpc:10.1.0.34:15032|admin:10.1.0.34:15031|client:10.1.0.34:15030|dataStream:10.1.0.34:15033|priority:1|startupRole:FOLLOWER, af576844-0e82-4589-8eaa-8af09d83806e|rpc:10.1.0.34:15023|admin:10.1.0.34:15022|client:10.1.0.34:15021|dataStream:10.1.0.34:15024|priority:0|startupRole:FOLLOWER, 3d425f4c-b0a3-4337-aec0-a29136ea4685|rpc:10.1.0.34:15014|admin:10.1.0.34:15013|client:10.1.0.34:15012|dataStream:10.1.0.34:15015|priority:0|startupRole:FOLLOWER]|listeners:[], old=null
2023-06-23 15:09:14,196 [af576844-0e82-4589-8eaa-8af09d83806e-server-thread1] INFO  segmented.SegmentedRaftLogWorker (SegmentedRaftLogWorker.java:startLogSegment(447)) - af576844-0e82-4589-8eaa-8af09d83806e@group-35AB23F1EEB6-SegmentedRaftLogWorker: Starting segment from index:0
2023-06-23 15:09:14,198 [3d425f4c-b0a3-4337-aec0-a29136ea4685-server-thread1] INFO  ratis.XceiverServerRatis (XceiverServerRatis.java:handleLeaderChangedNotification(902)) - Leader change notification received for group: group-35AB23F1EEB6 with new leaderId: 3f4ddf09-9f08-4efc-95be-1efd9e09d1d3
2023-06-23 15:09:14,198 [3d425f4c-b0a3-4337-aec0-a29136ea4685-server-thread1] INFO  server.RaftServer$Division (ServerState.java:setLeader(317)) - 3d425f4c-b0a3-4337-aec0-a29136ea4685@group-35AB23F1EEB6: change Leader from null to 3f4ddf09-9f08-4efc-95be-1efd9e09d1d3 at term 1 for appendEntries, leader elected after 5358ms
2023-06-23 15:09:14,210 [3d425f4c-b0a3-4337-aec0-a29136ea4685-server-thread1] INFO  server.RaftServer$Division (ServerState.java:setRaftConf(434)) - 3d425f4c-b0a3-4337-aec0-a29136ea4685@group-35AB23F1EEB6: set configuration 0: peers:[3f4ddf09-9f08-4efc-95be-1efd9e09d1d3|rpc:10.1.0.34:15032|admin:10.1.0.34:15031|client:10.1.0.34:15030|dataStream:10.1.0.34:15033|priority:1|startupRole:FOLLOWER, af576844-0e82-4589-8eaa-8af09d83806e|rpc:10.1.0.34:15023|admin:10.1.0.34:15022|client:10.1.0.34:15021|dataStream:10.1.0.34:15024|priority:0|startupRole:FOLLOWER, 3d425f4c-b0a3-4337-aec0-a29136ea4685|rpc:10.1.0.34:15014|admin:10.1.0.34:15013|client:10.1.0.34:15012|dataStream:10.1.0.34:15015|priority:0|startupRole:FOLLOWER]|listeners:[], old=null
2023-06-23 15:09:14,210 [3d425f4c-b0a3-4337-aec0-a29136ea4685-server-thread1] INFO  segmented.SegmentedRaftLogWorker (SegmentedRaftLogWorker.java:startLogSegment(447)) - 3d425f4c-b0a3-4337-aec0-a29136ea4685@group-35AB23F1EEB6-SegmentedRaftLogWorker: Starting segment from index:0
2023-06-23 15:09:14,216 [af576844-0e82-4589-8eaa-8af09d83806e@group-35AB23F1EEB6-SegmentedRaftLogWorker] INFO  segmented.SegmentedRaftLogWorker (SegmentedRaftLogWorker.java:execute(651)) - af576844-0e82-4589-8eaa-8af09d83806e@group-35AB23F1EEB6-SegmentedRaftLogWorker: created new log segment /home/runner/work/ozone/ozone/hadoop-ozone/integration-test/target/test-dir/MiniOzoneClusterImpl-741560ff-92e5-4b28-9778-2cf52193c8f3/datanode-1/data/ratis/7d113dd2-4bcf-450e-b2bd-35ab23f1eeb6/current/log_inprogress_0
2023-06-23 15:09:14,216 [3d425f4c-b0a3-4337-aec0-a29136ea4685@group-35AB23F1EEB6-SegmentedRaftLogWorker] INFO  segmented.SegmentedRaftLogWorker (SegmentedRaftLogWorker.java:execute(651)) - 3d425f4c-b0a3-4337-aec0-a29136ea4685@group-35AB23F1EEB6-SegmentedRaftLogWorker: created new log segment /home/runner/work/ozone/ozone/hadoop-ozone/integration-test/target/test-dir/MiniOzoneClusterImpl-741560ff-92e5-4b28-9778-2cf52193c8f3/datanode-0/data/ratis/7d113dd2-4bcf-450e-b2bd-35ab23f1eeb6/current/log_inprogress_0
2023-06-23 15:09:14,242 [3f4ddf09-9f08-4efc-95be-1efd9e09d1d3@group-9F7FC03F14CE-FollowerState] INFO  impl.FollowerState (FollowerState.java:run(143)) - 3f4ddf09-9f08-4efc-95be-1efd9e09d1d3@group-9F7FC03F14CE-FollowerState: change to CANDIDATE, lastRpcElapsedTime:5199456670ns, electionTimeout:5198ms
2023-06-23 15:09:14,242 [3f4ddf09-9f08-4efc-95be-1efd9e09d1d3@group-9F7FC03F14CE-FollowerState] INFO  impl.RoleInfo (RoleInfo.java:shutdownFollowerState(110)) - 3f4ddf09-9f08-4efc-95be-1efd9e09d1d3: shutdown 3f4ddf09-9f08-4efc-95be-1efd9e09d1d3@group-9F7FC03F14CE-FollowerState
2023-06-23 15:09:14,243 [3f4ddf09-9f08-4efc-95be-1efd9e09d1d3@group-9F7FC03F14CE-FollowerState] INFO  server.RaftServer$Division (RaftServerImpl.java:setRole(329)) - 3f4ddf09-9f08-4efc-95be-1efd9e09d1d3@group-9F7FC03F14CE: changes role from  FOLLOWER to CANDIDATE at term 0 for changeToCandidate
2023-06-23 15:09:14,243 [3f4ddf09-9f08-4efc-95be-1efd9e09d1d3@group-9F7FC03F14CE-FollowerState] INFO  server.RaftServerConfigKeys (ConfUtils.java:logGet(46)) - raft.server.leaderelection.pre-vote = true (default)
2023-06-23 15:09:14,243 [3f4ddf09-9f08-4efc-95be-1efd9e09d1d3@group-9F7FC03F14CE-FollowerState] INFO  impl.RoleInfo (RoleInfo.java:updateAndGet(139)) - 3f4ddf09-9f08-4efc-95be-1efd9e09d1d3: start 3f4ddf09-9f08-4efc-95be-1efd9e09d1d3@group-9F7FC03F14CE-LeaderElection7
2023-06-23 15:09:14,250 [3f4ddf09-9f08-4efc-95be-1efd9e09d1d3@group-9F7FC03F14CE-LeaderElection7] INFO  impl.LeaderElection (LeaderElection.java:askForVotes(321)) - 3f4ddf09-9f08-4efc-95be-1efd9e09d1d3@group-9F7FC03F14CE-LeaderElection7 PRE_VOTE round 0: submit vote requests at term 0 for -1: peers:[3f4ddf09-9f08-4efc-95be-1efd9e09d1d3|rpc:10.1.0.34:15032|admin:10.1.0.34:15031|client:10.1.0.34:15030|dataStream:10.1.0.34:15033|priority:1|startupRole:FOLLOWER]|listeners:[], old=null
2023-06-23 15:09:14,250 [3f4ddf09-9f08-4efc-95be-1efd9e09d1d3@group-9F7FC03F14CE-LeaderElection7] INFO  impl.LeaderElection (LeaderElection.java:askForVotes(323)) - 3f4ddf09-9f08-4efc-95be-1efd9e09d1d3@group-9F7FC03F14CE-LeaderElection7 PRE_VOTE round 0: result PASSED (term=0)
2023-06-23 15:09:14,253 [3f4ddf09-9f08-4efc-95be-1efd9e09d1d3@group-9F7FC03F14CE-LeaderElection7] INFO  impl.LeaderElection (LeaderElection.java:askForVotes(321)) - 3f4ddf09-9f08-4efc-95be-1efd9e09d1d3@group-9F7FC03F14CE-LeaderElection7 ELECTION round 0: submit vote requests at term 1 for -1: peers:[3f4ddf09-9f08-4efc-95be-1efd9e09d1d3|rpc:10.1.0.34:15032|admin:10.1.0.34:15031|client:10.1.0.34:15030|dataStream:10.1.0.34:15033|priority:1|startupRole:FOLLOWER]|listeners:[], old=null
2023-06-23 15:09:14,253 [3f4ddf09-9f08-4efc-95be-1efd9e09d1d3@group-9F7FC03F14CE-LeaderElection7] INFO  impl.LeaderElection (LeaderElection.java:askForVotes(323)) - 3f4ddf09-9f08-4efc-95be-1efd9e09d1d3@group-9F7FC03F14CE-LeaderElection7 ELECTION round 0: result PASSED (term=1)
2023-06-23 15:09:14,253 [3f4ddf09-9f08-4efc-95be-1efd9e09d1d3@group-9F7FC03F14CE-LeaderElection7] INFO  impl.RoleInfo (RoleInfo.java:shutdownLeaderElection(130)) - 3f4ddf09-9f08-4efc-95be-1efd9e09d1d3: shutdown 3f4ddf09-9f08-4efc-95be-1efd9e09d1d3@group-9F7FC03F14CE-LeaderElection7
2023-06-23 15:09:14,253 [3f4ddf09-9f08-4efc-95be-1efd9e09d1d3@group-9F7FC03F14CE-LeaderElection7] INFO  server.RaftServer$Division (RaftServerImpl.java:setRole(329)) - 3f4ddf09-9f08-4efc-95be-1efd9e09d1d3@group-9F7FC03F14CE: changes role from CANDIDATE to LEADER at term 1 for changeToLeader
2023-06-23 15:09:14,253 [3f4ddf09-9f08-4efc-95be-1efd9e09d1d3@group-9F7FC03F14CE-LeaderElection7] INFO  ratis.XceiverServerRatis (XceiverServerRatis.java:handleLeaderChangedNotification(902)) - Leader change notification received for group: group-9F7FC03F14CE with new leaderId: 3f4ddf09-9f08-4efc-95be-1efd9e09d1d3
2023-06-23 15:09:14,253 [3f4ddf09-9f08-4efc-95be-1efd9e09d1d3@group-9F7FC03F14CE-LeaderElection7] INFO  server.RaftServer$Division (ServerState.java:setLeader(317)) - 3f4ddf09-9f08-4efc-95be-1efd9e09d1d3@group-9F7FC03F14CE: change Leader from null to 3f4ddf09-9f08-4efc-95be-1efd9e09d1d3 at term 1 for becomeLeader, leader elected after 5251ms
2023-06-23 15:09:14,253 [3f4ddf09-9f08-4efc-95be-1efd9e09d1d3@group-9F7FC03F14CE-LeaderElection7] INFO  server.RaftServerConfigKeys (ConfUtils.java:logGet(46)) - raft.server.staging.catchup.gap = 1000 (default)
2023-06-23 15:09:14,253 [3f4ddf09-9f08-4efc-95be-1efd9e09d1d3@group-9F7FC03F14CE-LeaderElection7] INFO  server.RaftServerConfigKeys (ConfUtils.java:logGet(46)) - raft.server.write.element-limit = 1024 (custom)
2023-06-23 15:09:14,253 [3f4ddf09-9f08-4efc-95be-1efd9e09d1d3@group-9F7FC03F14CE-LeaderElection7] INFO  server.RaftServerConfigKeys (ConfUtils.java:logGet(46)) - raft.server.write.byte-limit = 1024 M (=1073741824) (custom)
2023-06-23 15:09:14,254 [3f4ddf09-9f08-4efc-95be-1efd9e09d1d3@group-9F7FC03F14CE-LeaderElection7] INFO  server.RaftServerConfigKeys (ConfUtils.java:logGet(46)) - raft.server.watch.timeout = 180s (custom)
2023-06-23 15:09:14,254 [3f4ddf09-9f08-4efc-95be-1efd9e09d1d3@group-9F7FC03F14CE-LeaderElection7] INFO  server.RaftServerConfigKeys (ConfUtils.java:logGet(46)) - raft.server.watch.timeout.denomination = 1s (default)
2023-06-23 15:09:14,254 [3f4ddf09-9f08-4efc-95be-1efd9e09d1d3@group-9F7FC03F14CE-LeaderElection7] INFO  server.RaftServerConfigKeys (ConfUtils.java:logGet(46)) - raft.server.watch.element-limit = 65536 (default)
2023-06-23 15:09:14,254 [3f4ddf09-9f08-4efc-95be-1efd9e09d1d3@group-9F7FC03F14CE-LeaderElection7] INFO  server.RaftServerConfigKeys (ConfUtils.java:logGet(46)) - raft.server.write.element-limit = 1024 (custom)
2023-06-23 15:09:14,254 [3f4ddf09-9f08-4efc-95be-1efd9e09d1d3@group-9F7FC03F14CE-LeaderElection7] INFO  server.RaftServerConfigKeys (ConfUtils.java:logGet(46)) - raft.server.write.follower.gap.ratio.max = -1.0 (default)
2023-06-23 15:09:14,254 [3f4ddf09-9f08-4efc-95be-1efd9e09d1d3@group-9F7FC03F14CE-LeaderElection7] INFO  impl.RoleInfo (RoleInfo.java:updateAndGet(139)) - 3f4ddf09-9f08-4efc-95be-1efd9e09d1d3: start 3f4ddf09-9f08-4efc-95be-1efd9e09d1d3@group-9F7FC03F14CE-LeaderStateImpl
2023-06-23 15:09:14,254 [3f4ddf09-9f08-4efc-95be-1efd9e09d1d3@group-9F7FC03F14CE-LeaderElection7] INFO  segmented.SegmentedRaftLogWorker (SegmentedRaftLogWorker.java:startLogSegment(447)) - 3f4ddf09-9f08-4efc-95be-1efd9e09d1d3@group-9F7FC03F14CE-SegmentedRaftLogWorker: Starting segment from index:0
2023-06-23 15:09:14,257 [3f4ddf09-9f08-4efc-95be-1efd9e09d1d3@group-9F7FC03F14CE-SegmentedRaftLogWorker] INFO  segmented.SegmentedRaftLogWorker (SegmentedRaftLogWorker.java:execute(651)) - 3f4ddf09-9f08-4efc-95be-1efd9e09d1d3@group-9F7FC03F14CE-SegmentedRaftLogWorker: created new log segment /home/runner/work/ozone/ozone/hadoop-ozone/integration-test/target/test-dir/MiniOzoneClusterImpl-741560ff-92e5-4b28-9778-2cf52193c8f3/datanode-2/data/ratis/707681f4-5a32-4885-ae30-9f7fc03f14ce/current/log_inprogress_0
2023-06-23 15:09:14,257 [3f4ddf09-9f08-4efc-95be-1efd9e09d1d3@group-9F7FC03F14CE-LeaderElection7] INFO  server.RaftServer$Division (ServerState.java:setRaftConf(434)) - 3f4ddf09-9f08-4efc-95be-1efd9e09d1d3@group-9F7FC03F14CE: set configuration 0: peers:[3f4ddf09-9f08-4efc-95be-1efd9e09d1d3|rpc:10.1.0.34:15032|admin:10.1.0.34:15031|client:10.1.0.34:15030|dataStream:10.1.0.34:15033|priority:1|startupRole:FOLLOWER]|listeners:[], old=null
2023-06-23 15:09:14,372 [00be7989-d8c1-4a83-aaf0-c8ed794c287b@group-016F13EACEB9-FollowerState] INFO  impl.FollowerState (FollowerState.java:run(143)) - 00be7989-d8c1-4a83-aaf0-c8ed794c287b@group-016F13EACEB9-FollowerState: change to CANDIDATE, lastRpcElapsedTime:5025115430ns, electionTimeout:5020ms
2023-06-23 15:09:14,373 [00be7989-d8c1-4a83-aaf0-c8ed794c287b@group-016F13EACEB9-FollowerState] INFO  impl.RoleInfo (RoleInfo.java:shutdownFollowerState(110)) - 00be7989-d8c1-4a83-aaf0-c8ed794c287b: shutdown 00be7989-d8c1-4a83-aaf0-c8ed794c287b@group-016F13EACEB9-FollowerState
2023-06-23 15:09:14,373 [00be7989-d8c1-4a83-aaf0-c8ed794c287b@group-016F13EACEB9-FollowerState] INFO  server.RaftServer$Division (RaftServerImpl.java:setRole(329)) - 00be7989-d8c1-4a83-aaf0-c8ed794c287b@group-016F13EACEB9: changes role from  FOLLOWER to CANDIDATE at term 0 for changeToCandidate
2023-06-23 15:09:14,373 [00be7989-d8c1-4a83-aaf0-c8ed794c287b@group-016F13EACEB9-FollowerState] INFO  server.RaftServerConfigKeys (ConfUtils.java:logGet(46)) - raft.server.leaderelection.pre-vote = true (default)
2023-06-23 15:09:14,373 [00be7989-d8c1-4a83-aaf0-c8ed794c287b@group-016F13EACEB9-FollowerState] INFO  impl.RoleInfo (RoleInfo.java:updateAndGet(139)) - 00be7989-d8c1-4a83-aaf0-c8ed794c287b: start 00be7989-d8c1-4a83-aaf0-c8ed794c287b@group-016F13EACEB9-LeaderElection8
2023-06-23 15:09:14,381 [00be7989-d8c1-4a83-aaf0-c8ed794c287b@group-016F13EACEB9-LeaderElection8] INFO  impl.LeaderElection (LeaderElection.java:askForVotes(321)) - 00be7989-d8c1-4a83-aaf0-c8ed794c287b@group-016F13EACEB9-LeaderElection8 PRE_VOTE round 0: submit vote requests at term 0 for -1: peers:[00be7989-d8c1-4a83-aaf0-c8ed794c287b|rpc:10.1.0.34:15041|admin:10.1.0.34:15040|client:10.1.0.34:15039|dataStream:10.1.0.34:15042|priority:1|startupRole:FOLLOWER]|listeners:[], old=null
2023-06-23 15:09:14,381 [00be7989-d8c1-4a83-aaf0-c8ed794c287b@group-016F13EACEB9-LeaderElection8] INFO  impl.LeaderElection (LeaderElection.java:askForVotes(323)) - 00be7989-d8c1-4a83-aaf0-c8ed794c287b@group-016F13EACEB9-LeaderElection8 PRE_VOTE round 0: result PASSED (term=0)
2023-06-23 15:09:14,384 [00be7989-d8c1-4a83-aaf0-c8ed794c287b@group-016F13EACEB9-LeaderElection8] INFO  impl.LeaderElection (LeaderElection.java:askForVotes(321)) - 00be7989-d8c1-4a83-aaf0-c8ed794c287b@group-016F13EACEB9-LeaderElection8 ELECTION round 0: submit vote requests at term 1 for -1: peers:[00be7989-d8c1-4a83-aaf0-c8ed794c287b|rpc:10.1.0.34:15041|admin:10.1.0.34:15040|client:10.1.0.34:15039|dataStream:10.1.0.34:15042|priority:1|startupRole:FOLLOWER]|listeners:[], old=null
2023-06-23 15:09:14,384 [00be7989-d8c1-4a83-aaf0-c8ed794c287b@group-016F13EACEB9-LeaderElection8] INFO  impl.LeaderElection (LeaderElection.java:askForVotes(323)) - 00be7989-d8c1-4a83-aaf0-c8ed794c287b@group-016F13EACEB9-LeaderElection8 ELECTION round 0: result PASSED (term=1)
2023-06-23 15:09:14,384 [00be7989-d8c1-4a83-aaf0-c8ed794c287b@group-016F13EACEB9-LeaderElection8] INFO  impl.RoleInfo (RoleInfo.java:shutdownLeaderElection(130)) - 00be7989-d8c1-4a83-aaf0-c8ed794c287b: shutdown 00be7989-d8c1-4a83-aaf0-c8ed794c287b@group-016F13EACEB9-LeaderElection8
2023-06-23 15:09:14,384 [00be7989-d8c1-4a83-aaf0-c8ed794c287b@group-016F13EACEB9-LeaderElection8] INFO  server.RaftServer$Division (RaftServerImpl.java:setRole(329)) - 00be7989-d8c1-4a83-aaf0-c8ed794c287b@group-016F13EACEB9: changes role from CANDIDATE to LEADER at term 1 for changeToLeader
2023-06-23 15:09:14,384 [00be7989-d8c1-4a83-aaf0-c8ed794c287b@group-016F13EACEB9-LeaderElection8] INFO  ratis.XceiverServerRatis (XceiverServerRatis.java:handleLeaderChangedNotification(902)) - Leader change notification received for group: group-016F13EACEB9 with new leaderId: 00be7989-d8c1-4a83-aaf0-c8ed794c287b
2023-06-23 15:09:14,385 [00be7989-d8c1-4a83-aaf0-c8ed794c287b@group-016F13EACEB9-LeaderElection8] INFO  server.RaftServer$Division (ServerState.java:setLeader(317)) - 00be7989-d8c1-4a83-aaf0-c8ed794c287b@group-016F13EACEB9: change Leader from null to 00be7989-d8c1-4a83-aaf0-c8ed794c287b at term 1 for becomeLeader, leader elected after 5060ms
2023-06-23 15:09:14,385 [00be7989-d8c1-4a83-aaf0-c8ed794c287b@group-016F13EACEB9-LeaderElection8] INFO  server.RaftServerConfigKeys (ConfUtils.java:logGet(46)) - raft.server.staging.catchup.gap = 1000 (default)
2023-06-23 15:09:14,385 [00be7989-d8c1-4a83-aaf0-c8ed794c287b@group-016F13EACEB9-LeaderElection8] INFO  server.RaftServerConfigKeys (ConfUtils.java:logGet(46)) - raft.server.write.element-limit = 1024 (custom)
2023-06-23 15:09:14,385 [00be7989-d8c1-4a83-aaf0-c8ed794c287b@group-016F13EACEB9-LeaderElection8] INFO  server.RaftServerConfigKeys (ConfUtils.java:logGet(46)) - raft.server.write.byte-limit = 1024 M (=1073741824) (custom)
2023-06-23 15:09:14,385 [00be7989-d8c1-4a83-aaf0-c8ed794c287b@group-016F13EACEB9-LeaderElection8] INFO  server.RaftServerConfigKeys (ConfUtils.java:logGet(46)) - raft.server.watch.timeout = 180s (custom)
2023-06-23 15:09:14,385 [00be7989-d8c1-4a83-aaf0-c8ed794c287b@group-016F13EACEB9-LeaderElection8] INFO  server.RaftServerConfigKeys (ConfUtils.java:logGet(46)) - raft.server.watch.timeout.denomination = 1s (default)
2023-06-23 15:09:14,385 [00be7989-d8c1-4a83-aaf0-c8ed794c287b@group-016F13EACEB9-LeaderElection8] INFO  server.RaftServerConfigKeys (ConfUtils.java:logGet(46)) - raft.server.watch.element-limit = 65536 (default)
2023-06-23 15:09:14,386 [00be7989-d8c1-4a83-aaf0-c8ed794c287b@group-016F13EACEB9-LeaderElection8] INFO  server.RaftServerConfigKeys (ConfUtils.java:logGet(46)) - raft.server.write.element-limit = 1024 (custom)
2023-06-23 15:09:14,386 [00be7989-d8c1-4a83-aaf0-c8ed794c287b@group-016F13EACEB9-LeaderElection8] INFO  server.RaftServerConfigKeys (ConfUtils.java:logGet(46)) - raft.server.write.follower.gap.ratio.max = -1.0 (default)
2023-06-23 15:09:14,386 [00be7989-d8c1-4a83-aaf0-c8ed794c287b@group-016F13EACEB9-LeaderElection8] INFO  impl.RoleInfo (RoleInfo.java:updateAndGet(139)) - 00be7989-d8c1-4a83-aaf0-c8ed794c287b: start 00be7989-d8c1-4a83-aaf0-c8ed794c287b@group-016F13EACEB9-LeaderStateImpl
2023-06-23 15:09:14,386 [00be7989-d8c1-4a83-aaf0-c8ed794c287b@group-016F13EACEB9-LeaderElection8] INFO  segmented.SegmentedRaftLogWorker (SegmentedRaftLogWorker.java:startLogSegment(447)) - 00be7989-d8c1-4a83-aaf0-c8ed794c287b@group-016F13EACEB9-SegmentedRaftLogWorker: Starting segment from index:0
2023-06-23 15:09:14,390 [00be7989-d8c1-4a83-aaf0-c8ed794c287b@group-016F13EACEB9-SegmentedRaftLogWorker] INFO  segmented.SegmentedRaftLogWorker (SegmentedRaftLogWorker.java:execute(651)) - 00be7989-d8c1-4a83-aaf0-c8ed794c287b@group-016F13EACEB9-SegmentedRaftLogWorker: created new log segment /home/runner/work/ozone/ozone/hadoop-ozone/integration-test/target/test-dir/MiniOzoneClusterImpl-741560ff-92e5-4b28-9778-2cf52193c8f3/datanode-3/data/ratis/aa49f103-d67f-4ad5-8fa1-016f13eaceb9/current/log_inprogress_0
2023-06-23 15:09:14,394 [00be7989-d8c1-4a83-aaf0-c8ed794c287b@group-016F13EACEB9-LeaderElection8] INFO  server.RaftServer$Division (ServerState.java:setRaftConf(434)) - 00be7989-d8c1-4a83-aaf0-c8ed794c287b@group-016F13EACEB9: set configuration 0: peers:[00be7989-d8c1-4a83-aaf0-c8ed794c287b|rpc:10.1.0.34:15041|admin:10.1.0.34:15040|client:10.1.0.34:15039|dataStream:10.1.0.34:15042|priority:1|startupRole:FOLLOWER]|listeners:[], old=null
2023-06-23 15:09:14,424 [00be7989-d8c1-4a83-aaf0-c8ed794c287b@group-CAB49B7B2D82-FollowerState] INFO  impl.FollowerState (FollowerState.java:run(143)) - 00be7989-d8c1-4a83-aaf0-c8ed794c287b@group-CAB49B7B2D82-FollowerState: change to CANDIDATE, lastRpcElapsedTime:5032659665ns, electionTimeout:5031ms
2023-06-23 15:09:14,424 [00be7989-d8c1-4a83-aaf0-c8ed794c287b@group-CAB49B7B2D82-FollowerState] INFO  impl.RoleInfo (RoleInfo.java:shutdownFollowerState(110)) - 00be7989-d8c1-4a83-aaf0-c8ed794c287b: shutdown 00be7989-d8c1-4a83-aaf0-c8ed794c287b@group-CAB49B7B2D82-FollowerState
2023-06-23 15:09:14,424 [00be7989-d8c1-4a83-aaf0-c8ed794c287b@group-CAB49B7B2D82-FollowerState] INFO  server.RaftServer$Division (RaftServerImpl.java:setRole(329)) - 00be7989-d8c1-4a83-aaf0-c8ed794c287b@group-CAB49B7B2D82: changes role from  FOLLOWER to CANDIDATE at term 0 for changeToCandidate
2023-06-23 15:09:14,424 [00be7989-d8c1-4a83-aaf0-c8ed794c287b@group-CAB49B7B2D82-FollowerState] INFO  server.RaftServerConfigKeys (ConfUtils.java:logGet(46)) - raft.server.leaderelection.pre-vote = true (default)
2023-06-23 15:09:14,424 [00be7989-d8c1-4a83-aaf0-c8ed794c287b@group-CAB49B7B2D82-FollowerState] INFO  impl.RoleInfo (RoleInfo.java:updateAndGet(139)) - 00be7989-d8c1-4a83-aaf0-c8ed794c287b: start 00be7989-d8c1-4a83-aaf0-c8ed794c287b@group-CAB49B7B2D82-LeaderElection9
2023-06-23 15:09:14,439 [00be7989-d8c1-4a83-aaf0-c8ed794c287b@group-CAB49B7B2D82-LeaderElection9] INFO  impl.LeaderElection (LeaderElection.java:askForVotes(321)) - 00be7989-d8c1-4a83-aaf0-c8ed794c287b@group-CAB49B7B2D82-LeaderElection9 PRE_VOTE round 0: submit vote requests at term 0 for -1: peers:[09b3ab32-5fcb-422b-914e-2ec4890cee3e|rpc:10.1.0.34:15059|admin:10.1.0.34:15058|client:10.1.0.34:15057|dataStream:10.1.0.34:15060|priority:0|startupRole:FOLLOWER, 00be7989-d8c1-4a83-aaf0-c8ed794c287b|rpc:10.1.0.34:15041|admin:10.1.0.34:15040|client:10.1.0.34:15039|dataStream:10.1.0.34:15042|priority:0|startupRole:FOLLOWER, aaefd232-7c4e-4e5c-bf06-1f2dae2e69ed|rpc:10.1.0.34:15050|admin:10.1.0.34:15049|client:10.1.0.34:15048|dataStream:10.1.0.34:15051|priority:1|startupRole:FOLLOWER]|listeners:[], old=null
2023-06-23 15:09:14,443 [00be7989-d8c1-4a83-aaf0-c8ed794c287b@group-CAB49B7B2D82-LeaderElection9-1] INFO  server.GrpcServerProtocolClient (GrpcServerProtocolClient.java:<init>(65)) - Build channel for 09b3ab32-5fcb-422b-914e-2ec4890cee3e
2023-06-23 15:09:14,447 [00be7989-d8c1-4a83-aaf0-c8ed794c287b@group-CAB49B7B2D82-LeaderElection9] INFO  server.RaftServerConfigKeys (ConfUtils.java:logFallback(53)) - raft.server.rpc.first-election.timeout.min = 5s (fallback to raft.server.rpc.timeout.min)
2023-06-23 15:09:14,447 [00be7989-d8c1-4a83-aaf0-c8ed794c287b@group-CAB49B7B2D82-LeaderElection9] INFO  server.RaftServerConfigKeys (ConfUtils.java:logFallback(53)) - raft.server.rpc.first-election.timeout.max = 5200ms (fallback to raft.server.rpc.timeout.max)
2023-06-23 15:09:14,468 [00be7989-d8c1-4a83-aaf0-c8ed794c287b@group-CAB49B7B2D82-LeaderElection9-2] INFO  server.GrpcServerProtocolClient (GrpcServerProtocolClient.java:<init>(65)) - Build channel for aaefd232-7c4e-4e5c-bf06-1f2dae2e69ed
2023-06-23 15:09:14,476 [grpc-default-executor-5] INFO  server.RaftServer$Division (RaftServerImpl.java:requestVote(1302)) - 09b3ab32-5fcb-422b-914e-2ec4890cee3e@group-CAB49B7B2D82: receive requestVote(PRE_VOTE, 00be7989-d8c1-4a83-aaf0-c8ed794c287b, group-CAB49B7B2D82, 0, (t:0, i:0))
2023-06-23 15:09:14,477 [grpc-default-executor-5] INFO  impl.VoteContext (VoteContext.java:log(49)) - 09b3ab32-5fcb-422b-914e-2ec4890cee3e@group-CAB49B7B2D82-FOLLOWER: accept PRE_VOTE from 00be7989-d8c1-4a83-aaf0-c8ed794c287b: our priority 0 <= candidate's priority 0
2023-06-23 15:09:14,477 [grpc-default-executor-5] INFO  server.RaftServer$Division (RaftServerImpl.java:requestVote(1335)) - 09b3ab32-5fcb-422b-914e-2ec4890cee3e@group-CAB49B7B2D82 replies to PRE_VOTE vote request: 00be7989-d8c1-4a83-aaf0-c8ed794c287b<-09b3ab32-5fcb-422b-914e-2ec4890cee3e#0:OK-t0. Peer's state: 09b3ab32-5fcb-422b-914e-2ec4890cee3e@group-CAB49B7B2D82:t0, leader=null, voted=, raftlog=Memoized:09b3ab32-5fcb-422b-914e-2ec4890cee3e@group-CAB49B7B2D82-SegmentedRaftLog:OPENED:c-1, conf=-1: peers:[09b3ab32-5fcb-422b-914e-2ec4890cee3e|rpc:10.1.0.34:15059|admin:10.1.0.34:15058|client:10.1.0.34:15057|dataStream:10.1.0.34:15060|priority:0|startupRole:FOLLOWER, 00be7989-d8c1-4a83-aaf0-c8ed794c287b|rpc:10.1.0.34:15041|admin:10.1.0.34:15040|client:10.1.0.34:15039|dataStream:10.1.0.34:15042|priority:0|startupRole:FOLLOWER, aaefd232-7c4e-4e5c-bf06-1f2dae2e69ed|rpc:10.1.0.34:15050|admin:10.1.0.34:15049|client:10.1.0.34:15048|dataStream:10.1.0.34:15051|priority:1|startupRole:FOLLOWER]|listeners:[], old=null
2023-06-23 15:09:14,492 [09b3ab32-5fcb-422b-914e-2ec4890cee3e@group-CAB49B7B2D82-FollowerState] INFO  server.RaftServerConfigKeys (ConfUtils.java:logFallback(53)) - raft.server.rpc.first-election.timeout.min = 5s (fallback to raft.server.rpc.timeout.min)
2023-06-23 15:09:14,492 [09b3ab32-5fcb-422b-914e-2ec4890cee3e@group-CAB49B7B2D82-FollowerState] INFO  server.RaftServerConfigKeys (ConfUtils.java:logFallback(53)) - raft.server.rpc.first-election.timeout.max = 5200ms (fallback to raft.server.rpc.timeout.max)
2023-06-23 15:09:14,496 [grpc-default-executor-5] INFO  server.RaftServer$Division (RaftServerImpl.java:requestVote(1302)) - aaefd232-7c4e-4e5c-bf06-1f2dae2e69ed@group-CAB49B7B2D82: receive requestVote(PRE_VOTE, 00be7989-d8c1-4a83-aaf0-c8ed794c287b, group-CAB49B7B2D82, 0, (t:0, i:0))
2023-06-23 15:09:14,496 [grpc-default-executor-5] INFO  impl.VoteContext (VoteContext.java:log(49)) - aaefd232-7c4e-4e5c-bf06-1f2dae2e69ed@group-CAB49B7B2D82-FOLLOWER: reject PRE_VOTE from 00be7989-d8c1-4a83-aaf0-c8ed794c287b: our priority 1 > candidate's priority 0
2023-06-23 15:09:14,497 [grpc-default-executor-5] INFO  server.RaftServer$Division (RaftServerImpl.java:requestVote(1335)) - aaefd232-7c4e-4e5c-bf06-1f2dae2e69ed@group-CAB49B7B2D82 replies to PRE_VOTE vote request: 00be7989-d8c1-4a83-aaf0-c8ed794c287b<-aaefd232-7c4e-4e5c-bf06-1f2dae2e69ed#0:FAIL-t0. Peer's state: aaefd232-7c4e-4e5c-bf06-1f2dae2e69ed@group-CAB49B7B2D82:t0, leader=null, voted=, raftlog=Memoized:aaefd232-7c4e-4e5c-bf06-1f2dae2e69ed@group-CAB49B7B2D82-SegmentedRaftLog:OPENED:c-1, conf=-1: peers:[09b3ab32-5fcb-422b-914e-2ec4890cee3e|rpc:10.1.0.34:15059|admin:10.1.0.34:15058|client:10.1.0.34:15057|dataStream:10.1.0.34:15060|priority:0|startupRole:FOLLOWER, 00be7989-d8c1-4a83-aaf0-c8ed794c287b|rpc:10.1.0.34:15041|admin:10.1.0.34:15040|client:10.1.0.34:15039|dataStream:10.1.0.34:15042|priority:0|startupRole:FOLLOWER, aaefd232-7c4e-4e5c-bf06-1f2dae2e69ed|rpc:10.1.0.34:15050|admin:10.1.0.34:15049|client:10.1.0.34:15048|dataStream:10.1.0.34:15051|priority:1|startupRole:FOLLOWER]|listeners:[], old=null
2023-06-23 15:09:14,500 [00be7989-d8c1-4a83-aaf0-c8ed794c287b@group-CAB49B7B2D82-LeaderElection9] INFO  impl.LeaderElection (LeaderElection.java:logAndReturn(90)) - 00be7989-d8c1-4a83-aaf0-c8ed794c287b@group-CAB49B7B2D82-LeaderElection9: PRE_VOTE REJECTED received 2 response(s) and 0 exception(s):
2023-06-23 15:09:14,500 [00be7989-d8c1-4a83-aaf0-c8ed794c287b@group-CAB49B7B2D82-LeaderElection9] INFO  impl.LeaderElection (LeaderElection.java:logAndReturn(94)) -   Response 0: 00be7989-d8c1-4a83-aaf0-c8ed794c287b<-09b3ab32-5fcb-422b-914e-2ec4890cee3e#0:OK-t0
2023-06-23 15:09:14,500 [00be7989-d8c1-4a83-aaf0-c8ed794c287b@group-CAB49B7B2D82-LeaderElection9] INFO  impl.LeaderElection (LeaderElection.java:logAndReturn(94)) -   Response 1: 00be7989-d8c1-4a83-aaf0-c8ed794c287b<-aaefd232-7c4e-4e5c-bf06-1f2dae2e69ed#0:FAIL-t0
2023-06-23 15:09:14,500 [00be7989-d8c1-4a83-aaf0-c8ed794c287b@group-CAB49B7B2D82-LeaderElection9] INFO  impl.LeaderElection (LeaderElection.java:askForVotes(323)) - 00be7989-d8c1-4a83-aaf0-c8ed794c287b@group-CAB49B7B2D82-LeaderElection9 PRE_VOTE round 0: result REJECTED
2023-06-23 15:09:14,504 [00be7989-d8c1-4a83-aaf0-c8ed794c287b@group-CAB49B7B2D82-LeaderElection9] INFO  server.RaftServer$Division (RaftServerImpl.java:setRole(329)) - 00be7989-d8c1-4a83-aaf0-c8ed794c287b@group-CAB49B7B2D82: changes role from CANDIDATE to FOLLOWER at term 0 for REJECTED
2023-06-23 15:09:14,504 [00be7989-d8c1-4a83-aaf0-c8ed794c287b@group-CAB49B7B2D82-LeaderElection9] INFO  impl.RoleInfo (RoleInfo.java:shutdownLeaderElection(130)) - 00be7989-d8c1-4a83-aaf0-c8ed794c287b: shutdown 00be7989-d8c1-4a83-aaf0-c8ed794c287b@group-CAB49B7B2D82-LeaderElection9
2023-06-23 15:09:14,504 [00be7989-d8c1-4a83-aaf0-c8ed794c287b@group-CAB49B7B2D82-LeaderElection9] INFO  impl.RoleInfo (RoleInfo.java:updateAndGet(139)) - 00be7989-d8c1-4a83-aaf0-c8ed794c287b: start 00be7989-d8c1-4a83-aaf0-c8ed794c287b@group-CAB49B7B2D82-FollowerState
2023-06-23 15:09:14,871 [aaefd232-7c4e-4e5c-bf06-1f2dae2e69ed@group-CAB49B7B2D82-FollowerState] INFO  impl.FollowerState (FollowerState.java:run(143)) - aaefd232-7c4e-4e5c-bf06-1f2dae2e69ed@group-CAB49B7B2D82-FollowerState: change to CANDIDATE, lastRpcElapsedTime:5039536389ns, electionTimeout:5034ms
2023-06-23 15:09:14,871 [aaefd232-7c4e-4e5c-bf06-1f2dae2e69ed@group-CAB49B7B2D82-FollowerState] INFO  impl.RoleInfo (RoleInfo.java:shutdownFollowerState(110)) - aaefd232-7c4e-4e5c-bf06-1f2dae2e69ed: shutdown aaefd232-7c4e-4e5c-bf06-1f2dae2e69ed@group-CAB49B7B2D82-FollowerState
2023-06-23 15:09:14,871 [aaefd232-7c4e-4e5c-bf06-1f2dae2e69ed@group-CAB49B7B2D82-FollowerState] INFO  server.RaftServer$Division (RaftServerImpl.java:setRole(329)) - aaefd232-7c4e-4e5c-bf06-1f2dae2e69ed@group-CAB49B7B2D82: changes role from  FOLLOWER to CANDIDATE at term 0 for changeToCandidate
2023-06-23 15:09:14,871 [aaefd232-7c4e-4e5c-bf06-1f2dae2e69ed@group-CAB49B7B2D82-FollowerState] INFO  server.RaftServerConfigKeys (ConfUtils.java:logGet(46)) - raft.server.leaderelection.pre-vote = true (default)
2023-06-23 15:09:14,871 [aaefd232-7c4e-4e5c-bf06-1f2dae2e69ed@group-CAB49B7B2D82-FollowerState] INFO  impl.RoleInfo (RoleInfo.java:updateAndGet(139)) - aaefd232-7c4e-4e5c-bf06-1f2dae2e69ed: start aaefd232-7c4e-4e5c-bf06-1f2dae2e69ed@group-CAB49B7B2D82-LeaderElection10
2023-06-23 15:09:14,878 [aaefd232-7c4e-4e5c-bf06-1f2dae2e69ed@group-CAB49B7B2D82-LeaderElection10] INFO  impl.LeaderElection (LeaderElection.java:askForVotes(321)) - aaefd232-7c4e-4e5c-bf06-1f2dae2e69ed@group-CAB49B7B2D82-LeaderElection10 PRE_VOTE round 0: submit vote requests at term 0 for -1: peers:[09b3ab32-5fcb-422b-914e-2ec4890cee3e|rpc:10.1.0.34:15059|admin:10.1.0.34:15058|client:10.1.0.34:15057|dataStream:10.1.0.34:15060|priority:0|startupRole:FOLLOWER, 00be7989-d8c1-4a83-aaf0-c8ed794c287b|rpc:10.1.0.34:15041|admin:10.1.0.34:15040|client:10.1.0.34:15039|dataStream:10.1.0.34:15042|priority:0|startupRole:FOLLOWER, aaefd232-7c4e-4e5c-bf06-1f2dae2e69ed|rpc:10.1.0.34:15050|admin:10.1.0.34:15049|client:10.1.0.34:15048|dataStream:10.1.0.34:15051|priority:1|startupRole:FOLLOWER]|listeners:[], old=null
2023-06-23 15:09:14,879 [aaefd232-7c4e-4e5c-bf06-1f2dae2e69ed@group-CAB49B7B2D82-LeaderElection10-1] INFO  server.GrpcServerProtocolClient (GrpcServerProtocolClient.java:<init>(65)) - Build channel for 09b3ab32-5fcb-422b-914e-2ec4890cee3e
2023-06-23 15:09:14,883 [aaefd232-7c4e-4e5c-bf06-1f2dae2e69ed@group-CAB49B7B2D82-LeaderElection10] INFO  server.RaftServerConfigKeys (ConfUtils.java:logFallback(53)) - raft.server.rpc.first-election.timeout.min = 5s (fallback to raft.server.rpc.timeout.min)
2023-06-23 15:09:14,884 [aaefd232-7c4e-4e5c-bf06-1f2dae2e69ed@group-CAB49B7B2D82-LeaderElection10] INFO  server.RaftServerConfigKeys (ConfUtils.java:logFallback(53)) - raft.server.rpc.first-election.timeout.max = 5200ms (fallback to raft.server.rpc.timeout.max)
2023-06-23 15:09:14,884 [aaefd232-7c4e-4e5c-bf06-1f2dae2e69ed@group-CAB49B7B2D82-LeaderElection10-2] INFO  server.GrpcServerProtocolClient (GrpcServerProtocolClient.java:<init>(65)) - Build channel for 00be7989-d8c1-4a83-aaf0-c8ed794c287b
2023-06-23 15:09:14,894 [grpc-default-executor-5] INFO  server.RaftServer$Division (RaftServerImpl.java:requestVote(1302)) - 09b3ab32-5fcb-422b-914e-2ec4890cee3e@group-CAB49B7B2D82: receive requestVote(PRE_VOTE, aaefd232-7c4e-4e5c-bf06-1f2dae2e69ed, group-CAB49B7B2D82, 0, (t:0, i:0))
2023-06-23 15:09:14,894 [grpc-default-executor-5] INFO  impl.VoteContext (VoteContext.java:log(49)) - 09b3ab32-5fcb-422b-914e-2ec4890cee3e@group-CAB49B7B2D82-FOLLOWER: accept PRE_VOTE from aaefd232-7c4e-4e5c-bf06-1f2dae2e69ed: our priority 0 <= candidate's priority 1
2023-06-23 15:09:14,894 [grpc-default-executor-5] INFO  server.RaftServer$Division (RaftServerImpl.java:requestVote(1335)) - 09b3ab32-5fcb-422b-914e-2ec4890cee3e@group-CAB49B7B2D82 replies to PRE_VOTE vote request: aaefd232-7c4e-4e5c-bf06-1f2dae2e69ed<-09b3ab32-5fcb-422b-914e-2ec4890cee3e#0:OK-t0. Peer's state: 09b3ab32-5fcb-422b-914e-2ec4890cee3e@group-CAB49B7B2D82:t0, leader=null, voted=, raftlog=Memoized:09b3ab32-5fcb-422b-914e-2ec4890cee3e@group-CAB49B7B2D82-SegmentedRaftLog:OPENED:c-1, conf=-1: peers:[09b3ab32-5fcb-422b-914e-2ec4890cee3e|rpc:10.1.0.34:15059|admin:10.1.0.34:15058|client:10.1.0.34:15057|dataStream:10.1.0.34:15060|priority:0|startupRole:FOLLOWER, 00be7989-d8c1-4a83-aaf0-c8ed794c287b|rpc:10.1.0.34:15041|admin:10.1.0.34:15040|client:10.1.0.34:15039|dataStream:10.1.0.34:15042|priority:0|startupRole:FOLLOWER, aaefd232-7c4e-4e5c-bf06-1f2dae2e69ed|rpc:10.1.0.34:15050|admin:10.1.0.34:15049|client:10.1.0.34:15048|dataStream:10.1.0.34:15051|priority:1|startupRole:FOLLOWER]|listeners:[], old=null
2023-06-23 15:09:14,896 [aaefd232-7c4e-4e5c-bf06-1f2dae2e69ed@group-CAB49B7B2D82-LeaderElection10] INFO  impl.LeaderElection (LeaderElection.java:logAndReturn(90)) - aaefd232-7c4e-4e5c-bf06-1f2dae2e69ed@group-CAB49B7B2D82-LeaderElection10: PRE_VOTE PASSED received 1 response(s) and 0 exception(s):
2023-06-23 15:09:14,897 [aaefd232-7c4e-4e5c-bf06-1f2dae2e69ed@group-CAB49B7B2D82-LeaderElection10] INFO  impl.LeaderElection (LeaderElection.java:logAndReturn(94)) -   Response 0: aaefd232-7c4e-4e5c-bf06-1f2dae2e69ed<-09b3ab32-5fcb-422b-914e-2ec4890cee3e#0:OK-t0
2023-06-23 15:09:14,897 [aaefd232-7c4e-4e5c-bf06-1f2dae2e69ed@group-CAB49B7B2D82-LeaderElection10] INFO  impl.LeaderElection (LeaderElection.java:askForVotes(323)) - aaefd232-7c4e-4e5c-bf06-1f2dae2e69ed@group-CAB49B7B2D82-LeaderElection10 PRE_VOTE round 0: result PASSED
2023-06-23 15:09:14,900 [aaefd232-7c4e-4e5c-bf06-1f2dae2e69ed@group-CAB49B7B2D82-LeaderElection10] INFO  impl.LeaderElection (LeaderElection.java:askForVotes(321)) - aaefd232-7c4e-4e5c-bf06-1f2dae2e69ed@group-CAB49B7B2D82-LeaderElection10 ELECTION round 0: submit vote requests at term 1 for -1: peers:[09b3ab32-5fcb-422b-914e-2ec4890cee3e|rpc:10.1.0.34:15059|admin:10.1.0.34:15058|client:10.1.0.34:15057|dataStream:10.1.0.34:15060|priority:0|startupRole:FOLLOWER, 00be7989-d8c1-4a83-aaf0-c8ed794c287b|rpc:10.1.0.34:15041|admin:10.1.0.34:15040|client:10.1.0.34:15039|dataStream:10.1.0.34:15042|priority:0|startupRole:FOLLOWER, aaefd232-7c4e-4e5c-bf06-1f2dae2e69ed|rpc:10.1.0.34:15050|admin:10.1.0.34:15049|client:10.1.0.34:15048|dataStream:10.1.0.34:15051|priority:1|startupRole:FOLLOWER]|listeners:[], old=null
2023-06-23 15:09:14,902 [aaefd232-7c4e-4e5c-bf06-1f2dae2e69ed@group-CAB49B7B2D82-LeaderElection10] INFO  server.RaftServerConfigKeys (ConfUtils.java:logFallback(53)) - raft.server.rpc.first-election.timeout.min = 5s (fallback to raft.server.rpc.timeout.min)
2023-06-23 15:09:14,902 [aaefd232-7c4e-4e5c-bf06-1f2dae2e69ed@group-CAB49B7B2D82-LeaderElection10] INFO  server.RaftServerConfigKeys (ConfUtils.java:logFallback(53)) - raft.server.rpc.first-election.timeout.max = 5200ms (fallback to raft.server.rpc.timeout.max)
2023-06-23 15:09:14,907 [grpc-default-executor-5] INFO  server.RaftServer$Division (RaftServerImpl.java:requestVote(1302)) - 00be7989-d8c1-4a83-aaf0-c8ed794c287b@group-CAB49B7B2D82: receive requestVote(PRE_VOTE, aaefd232-7c4e-4e5c-bf06-1f2dae2e69ed, group-CAB49B7B2D82, 0, (t:0, i:0))
2023-06-23 15:09:14,907 [grpc-default-executor-2] INFO  server.RaftServer$Division (RaftServerImpl.java:requestVote(1302)) - 00be7989-d8c1-4a83-aaf0-c8ed794c287b@group-CAB49B7B2D82: receive requestVote(ELECTION, aaefd232-7c4e-4e5c-bf06-1f2dae2e69ed, group-CAB49B7B2D82, 1, (t:0, i:0))
2023-06-23 15:09:14,907 [grpc-default-executor-4] INFO  server.RaftServer$Division (RaftServerImpl.java:requestVote(1302)) - 09b3ab32-5fcb-422b-914e-2ec4890cee3e@group-CAB49B7B2D82: receive requestVote(ELECTION, aaefd232-7c4e-4e5c-bf06-1f2dae2e69ed, group-CAB49B7B2D82, 1, (t:0, i:0))
2023-06-23 15:09:14,907 [grpc-default-executor-4] INFO  impl.VoteContext (VoteContext.java:log(49)) - 09b3ab32-5fcb-422b-914e-2ec4890cee3e@group-CAB49B7B2D82-FOLLOWER: accept ELECTION from aaefd232-7c4e-4e5c-bf06-1f2dae2e69ed: our priority 0 <= candidate's priority 1
2023-06-23 15:09:14,908 [grpc-default-executor-4] INFO  server.RaftServer$Division (RaftServerImpl.java:setRole(329)) - 09b3ab32-5fcb-422b-914e-2ec4890cee3e@group-CAB49B7B2D82: changes role from  FOLLOWER to FOLLOWER at term 1 for candidate:aaefd232-7c4e-4e5c-bf06-1f2dae2e69ed
2023-06-23 15:09:14,908 [grpc-default-executor-4] INFO  impl.RoleInfo (RoleInfo.java:shutdownFollowerState(110)) - 09b3ab32-5fcb-422b-914e-2ec4890cee3e: shutdown 09b3ab32-5fcb-422b-914e-2ec4890cee3e@group-CAB49B7B2D82-FollowerState
2023-06-23 15:09:14,908 [grpc-default-executor-4] INFO  impl.RoleInfo (RoleInfo.java:updateAndGet(139)) - 09b3ab32-5fcb-422b-914e-2ec4890cee3e: start 09b3ab32-5fcb-422b-914e-2ec4890cee3e@group-CAB49B7B2D82-FollowerState
2023-06-23 15:09:14,908 [09b3ab32-5fcb-422b-914e-2ec4890cee3e@group-CAB49B7B2D82-FollowerState] INFO  impl.FollowerState (FollowerState.java:run(152)) - 09b3ab32-5fcb-422b-914e-2ec4890cee3e@group-CAB49B7B2D82-FollowerState was interrupted
2023-06-23 15:09:14,907 [grpc-default-executor-5] INFO  impl.VoteContext (VoteContext.java:log(49)) - 00be7989-d8c1-4a83-aaf0-c8ed794c287b@group-CAB49B7B2D82-FOLLOWER: accept PRE_VOTE from aaefd232-7c4e-4e5c-bf06-1f2dae2e69ed: our priority 0 <= candidate's priority 1
2023-06-23 15:09:14,908 [grpc-default-executor-5] INFO  server.RaftServer$Division (RaftServerImpl.java:requestVote(1335)) - 00be7989-d8c1-4a83-aaf0-c8ed794c287b@group-CAB49B7B2D82 replies to PRE_VOTE vote request: aaefd232-7c4e-4e5c-bf06-1f2dae2e69ed<-00be7989-d8c1-4a83-aaf0-c8ed794c287b#0:OK-t0. Peer's state: 00be7989-d8c1-4a83-aaf0-c8ed794c287b@group-CAB49B7B2D82:t0, leader=null, voted=, raftlog=Memoized:00be7989-d8c1-4a83-aaf0-c8ed794c287b@group-CAB49B7B2D82-SegmentedRaftLog:OPENED:c-1, conf=-1: peers:[09b3ab32-5fcb-422b-914e-2ec4890cee3e|rpc:10.1.0.34:15059|admin:10.1.0.34:15058|client:10.1.0.34:15057|dataStream:10.1.0.34:15060|priority:0|startupRole:FOLLOWER, 00be7989-d8c1-4a83-aaf0-c8ed794c287b|rpc:10.1.0.34:15041|admin:10.1.0.34:15040|client:10.1.0.34:15039|dataStream:10.1.0.34:15042|priority:0|startupRole:FOLLOWER, aaefd232-7c4e-4e5c-bf06-1f2dae2e69ed|rpc:10.1.0.34:15050|admin:10.1.0.34:15049|client:10.1.0.34:15048|dataStream:10.1.0.34:15051|priority:1|startupRole:FOLLOWER]|listeners:[], old=null
2023-06-23 15:09:14,908 [grpc-default-executor-2] INFO  impl.VoteContext (VoteContext.java:log(49)) - 00be7989-d8c1-4a83-aaf0-c8ed794c287b@group-CAB49B7B2D82-FOLLOWER: accept ELECTION from aaefd232-7c4e-4e5c-bf06-1f2dae2e69ed: our priority 0 <= candidate's priority 1
2023-06-23 15:09:14,908 [grpc-default-executor-2] INFO  server.RaftServer$Division (RaftServerImpl.java:setRole(329)) - 00be7989-d8c1-4a83-aaf0-c8ed794c287b@group-CAB49B7B2D82: changes role from  FOLLOWER to FOLLOWER at term 1 for candidate:aaefd232-7c4e-4e5c-bf06-1f2dae2e69ed
2023-06-23 15:09:14,908 [grpc-default-executor-2] INFO  impl.RoleInfo (RoleInfo.java:shutdownFollowerState(110)) - 00be7989-d8c1-4a83-aaf0-c8ed794c287b: shutdown 00be7989-d8c1-4a83-aaf0-c8ed794c287b@group-CAB49B7B2D82-FollowerState
2023-06-23 15:09:14,911 [grpc-default-executor-2] INFO  impl.RoleInfo (RoleInfo.java:updateAndGet(139)) - 00be7989-d8c1-4a83-aaf0-c8ed794c287b: start 00be7989-d8c1-4a83-aaf0-c8ed794c287b@group-CAB49B7B2D82-FollowerState
2023-06-23 15:09:14,911 [00be7989-d8c1-4a83-aaf0-c8ed794c287b@group-CAB49B7B2D82-FollowerState] INFO  impl.FollowerState (FollowerState.java:run(152)) - 00be7989-d8c1-4a83-aaf0-c8ed794c287b@group-CAB49B7B2D82-FollowerState was interrupted
2023-06-23 15:09:14,913 [grpc-default-executor-4] INFO  server.RaftServer$Division (RaftServerImpl.java:requestVote(1335)) - 09b3ab32-5fcb-422b-914e-2ec4890cee3e@group-CAB49B7B2D82 replies to ELECTION vote request: aaefd232-7c4e-4e5c-bf06-1f2dae2e69ed<-09b3ab32-5fcb-422b-914e-2ec4890cee3e#0:OK-t1. Peer's state: 09b3ab32-5fcb-422b-914e-2ec4890cee3e@group-CAB49B7B2D82:t1, leader=null, voted=aaefd232-7c4e-4e5c-bf06-1f2dae2e69ed, raftlog=Memoized:09b3ab32-5fcb-422b-914e-2ec4890cee3e@group-CAB49B7B2D82-SegmentedRaftLog:OPENED:c-1, conf=-1: peers:[09b3ab32-5fcb-422b-914e-2ec4890cee3e|rpc:10.1.0.34:15059|admin:10.1.0.34:15058|client:10.1.0.34:15057|dataStream:10.1.0.34:15060|priority:0|startupRole:FOLLOWER, 00be7989-d8c1-4a83-aaf0-c8ed794c287b|rpc:10.1.0.34:15041|admin:10.1.0.34:15040|client:10.1.0.34:15039|dataStream:10.1.0.34:15042|priority:0|startupRole:FOLLOWER, aaefd232-7c4e-4e5c-bf06-1f2dae2e69ed|rpc:10.1.0.34:15050|admin:10.1.0.34:15049|client:10.1.0.34:15048|dataStream:10.1.0.34:15051|priority:1|startupRole:FOLLOWER]|listeners:[], old=null
2023-06-23 15:09:14,923 [grpc-default-executor-2] INFO  server.RaftServer$Division (RaftServerImpl.java:requestVote(1335)) - 00be7989-d8c1-4a83-aaf0-c8ed794c287b@group-CAB49B7B2D82 replies to ELECTION vote request: aaefd232-7c4e-4e5c-bf06-1f2dae2e69ed<-00be7989-d8c1-4a83-aaf0-c8ed794c287b#0:OK-t1. Peer's state: 00be7989-d8c1-4a83-aaf0-c8ed794c287b@group-CAB49B7B2D82:t1, leader=null, voted=aaefd232-7c4e-4e5c-bf06-1f2dae2e69ed, raftlog=Memoized:00be7989-d8c1-4a83-aaf0-c8ed794c287b@group-CAB49B7B2D82-SegmentedRaftLog:OPENED:c-1, conf=-1: peers:[09b3ab32-5fcb-422b-914e-2ec4890cee3e|rpc:10.1.0.34:15059|admin:10.1.0.34:15058|client:10.1.0.34:15057|dataStream:10.1.0.34:15060|priority:0|startupRole:FOLLOWER, 00be7989-d8c1-4a83-aaf0-c8ed794c287b|rpc:10.1.0.34:15041|admin:10.1.0.34:15040|client:10.1.0.34:15039|dataStream:10.1.0.34:15042|priority:0|startupRole:FOLLOWER, aaefd232-7c4e-4e5c-bf06-1f2dae2e69ed|rpc:10.1.0.34:15050|admin:10.1.0.34:15049|client:10.1.0.34:15048|dataStream:10.1.0.34:15051|priority:1|startupRole:FOLLOWER]|listeners:[], old=null
2023-06-23 15:09:14,929 [aaefd232-7c4e-4e5c-bf06-1f2dae2e69ed@group-CAB49B7B2D82-LeaderElection10] INFO  impl.LeaderElection (LeaderElection.java:logAndReturn(90)) - aaefd232-7c4e-4e5c-bf06-1f2dae2e69ed@group-CAB49B7B2D82-LeaderElection10: ELECTION PASSED received 1 response(s) and 0 exception(s):
2023-06-23 15:09:14,929 [aaefd232-7c4e-4e5c-bf06-1f2dae2e69ed@group-CAB49B7B2D82-LeaderElection10] INFO  impl.LeaderElection (LeaderElection.java:logAndReturn(94)) -   Response 0: aaefd232-7c4e-4e5c-bf06-1f2dae2e69ed<-09b3ab32-5fcb-422b-914e-2ec4890cee3e#0:OK-t1
2023-06-23 15:09:14,929 [aaefd232-7c4e-4e5c-bf06-1f2dae2e69ed@group-CAB49B7B2D82-LeaderElection10] INFO  impl.LeaderElection (LeaderElection.java:askForVotes(323)) - aaefd232-7c4e-4e5c-bf06-1f2dae2e69ed@group-CAB49B7B2D82-LeaderElection10 ELECTION round 0: result PASSED
2023-06-23 15:09:14,929 [aaefd232-7c4e-4e5c-bf06-1f2dae2e69ed@group-CAB49B7B2D82-LeaderElection10] INFO  impl.RoleInfo (RoleInfo.java:shutdownLeaderElection(130)) - aaefd232-7c4e-4e5c-bf06-1f2dae2e69ed: shutdown aaefd232-7c4e-4e5c-bf06-1f2dae2e69ed@group-CAB49B7B2D82-LeaderElection10
2023-06-23 15:09:14,929 [aaefd232-7c4e-4e5c-bf06-1f2dae2e69ed@group-CAB49B7B2D82-LeaderElection10] INFO  server.RaftServer$Division (RaftServerImpl.java:setRole(329)) - aaefd232-7c4e-4e5c-bf06-1f2dae2e69ed@group-CAB49B7B2D82: changes role from CANDIDATE to LEADER at term 1 for changeToLeader
2023-06-23 15:09:14,929 [aaefd232-7c4e-4e5c-bf06-1f2dae2e69ed@group-CAB49B7B2D82-LeaderElection10] INFO  ratis.XceiverServerRatis (XceiverServerRatis.java:handleLeaderChangedNotification(902)) - Leader change notification received for group: group-CAB49B7B2D82 with new leaderId: aaefd232-7c4e-4e5c-bf06-1f2dae2e69ed
2023-06-23 15:09:14,929 [aaefd232-7c4e-4e5c-bf06-1f2dae2e69ed@group-CAB49B7B2D82-LeaderElection10] INFO  server.RaftServer$Division (ServerState.java:setLeader(317)) - aaefd232-7c4e-4e5c-bf06-1f2dae2e69ed@group-CAB49B7B2D82: change Leader from null to aaefd232-7c4e-4e5c-bf06-1f2dae2e69ed at term 1 for becomeLeader, leader elected after 5443ms
2023-06-23 15:09:14,929 [aaefd232-7c4e-4e5c-bf06-1f2dae2e69ed@group-CAB49B7B2D82-LeaderElection10] INFO  server.RaftServerConfigKeys (ConfUtils.java:logGet(46)) - raft.server.staging.catchup.gap = 1000 (default)
2023-06-23 15:09:14,929 [aaefd232-7c4e-4e5c-bf06-1f2dae2e69ed@group-CAB49B7B2D82-LeaderElection10] INFO  server.RaftServerConfigKeys (ConfUtils.java:logGet(46)) - raft.server.write.element-limit = 1024 (custom)
2023-06-23 15:09:14,930 [aaefd232-7c4e-4e5c-bf06-1f2dae2e69ed@group-CAB49B7B2D82-LeaderElection10] INFO  server.RaftServerConfigKeys (ConfUtils.java:logGet(46)) - raft.server.write.byte-limit = 1024 M (=1073741824) (custom)
2023-06-23 15:09:14,930 [aaefd232-7c4e-4e5c-bf06-1f2dae2e69ed@group-CAB49B7B2D82-LeaderElection10] INFO  server.RaftServerConfigKeys (ConfUtils.java:logGet(46)) - raft.server.watch.timeout = 180s (custom)
2023-06-23 15:09:14,930 [aaefd232-7c4e-4e5c-bf06-1f2dae2e69ed@group-CAB49B7B2D82-LeaderElection10] INFO  server.RaftServerConfigKeys (ConfUtils.java:logGet(46)) - raft.server.watch.timeout.denomination = 1s (default)
2023-06-23 15:09:14,930 [aaefd232-7c4e-4e5c-bf06-1f2dae2e69ed@group-CAB49B7B2D82-LeaderElection10] INFO  server.RaftServerConfigKeys (ConfUtils.java:logGet(46)) - raft.server.watch.element-limit = 65536 (default)
2023-06-23 15:09:14,930 [aaefd232-7c4e-4e5c-bf06-1f2dae2e69ed@group-CAB49B7B2D82-LeaderElection10] INFO  server.RaftServerConfigKeys (ConfUtils.java:logGet(46)) - raft.server.write.element-limit = 1024 (custom)
2023-06-23 15:09:14,930 [aaefd232-7c4e-4e5c-bf06-1f2dae2e69ed@group-CAB49B7B2D82-LeaderElection10] INFO  server.RaftServerConfigKeys (ConfUtils.java:logGet(46)) - raft.server.write.follower.gap.ratio.max = -1.0 (default)
2023-06-23 15:09:14,930 [aaefd232-7c4e-4e5c-bf06-1f2dae2e69ed@group-CAB49B7B2D82-LeaderElection10] INFO  server.RaftServerConfigKeys (ConfUtils.java:logGet(46)) - raft.server.log.appender.snapshot.chunk.size.max = 16MB (=16777216) (default)
2023-06-23 15:09:14,931 [aaefd232-7c4e-4e5c-bf06-1f2dae2e69ed@group-CAB49B7B2D82-LeaderElection10] INFO  server.RaftServerConfigKeys (ConfUtils.java:logGet(46)) - raft.server.log.appender.buffer.byte-limit = 33554432 (custom)
2023-06-23 15:09:14,931 [aaefd232-7c4e-4e5c-bf06-1f2dae2e69ed@group-CAB49B7B2D82-LeaderElection10] INFO  server.RaftServerConfigKeys (ConfUtils.java:logGet(46)) - raft.server.log.appender.buffer.element-limit = 1 (custom)
2023-06-23 15:09:14,931 [aaefd232-7c4e-4e5c-bf06-1f2dae2e69ed@group-CAB49B7B2D82-LeaderElection10] INFO  server.RaftServerConfigKeys (ConfUtils.java:logGet(46)) - raft.server.log.appender.wait-time.min = 10ms (default)
2023-06-23 15:09:14,931 [aaefd232-7c4e-4e5c-bf06-1f2dae2e69ed@group-CAB49B7B2D82-LeaderElection10] INFO  grpc.GrpcConfigKeys (ConfUtils.java:logGet(46)) - raft.grpc.server.leader.outstanding.appends.max = 128 (default)
2023-06-23 15:09:14,931 [aaefd232-7c4e-4e5c-bf06-1f2dae2e69ed@group-CAB49B7B2D82-LeaderElection10] INFO  server.RaftServerConfigKeys (ConfUtils.java:logGet(46)) - raft.server.rpc.request.timeout = 60s (custom)
2023-06-23 15:09:14,931 [aaefd232-7c4e-4e5c-bf06-1f2dae2e69ed@group-CAB49B7B2D82-LeaderElection10] INFO  grpc.GrpcConfigKeys (ConfUtils.java:logGet(46)) - raft.grpc.server.install_snapshot.request.element-limit = 8 (default)
2023-06-23 15:09:14,931 [aaefd232-7c4e-4e5c-bf06-1f2dae2e69ed@group-CAB49B7B2D82-LeaderElection10] INFO  grpc.GrpcConfigKeys (ConfUtils.java:logGet(46)) - raft.grpc.server.install_snapshot.request.timeout = 3000ms (default)
2023-06-23 15:09:14,931 [aaefd232-7c4e-4e5c-bf06-1f2dae2e69ed@group-CAB49B7B2D82-LeaderElection10] INFO  server.RaftServerConfigKeys (ConfUtils.java:logGet(46)) - raft.server.log.appender.install.snapshot.enabled = false (custom)
2023-06-23 15:09:14,931 [aaefd232-7c4e-4e5c-bf06-1f2dae2e69ed@group-CAB49B7B2D82-LeaderElection10] INFO  grpc.GrpcConfigKeys (ConfUtils.java:logGet(46)) - raft.grpc.server.heartbeat.channel = true (default)
2023-06-23 15:09:14,932 [aaefd232-7c4e-4e5c-bf06-1f2dae2e69ed@group-CAB49B7B2D82-LeaderElection10] INFO  server.RaftServerConfigKeys (ConfUtils.java:logGet(46)) - raft.server.log.appender.snapshot.chunk.size.max = 16MB (=16777216) (default)
2023-06-23 15:09:14,932 [aaefd232-7c4e-4e5c-bf06-1f2dae2e69ed@group-CAB49B7B2D82-LeaderElection10] INFO  server.RaftServerConfigKeys (ConfUtils.java:logGet(46)) - raft.server.log.appender.buffer.byte-limit = 33554432 (custom)
2023-06-23 15:09:14,932 [aaefd232-7c4e-4e5c-bf06-1f2dae2e69ed@group-CAB49B7B2D82-LeaderElection10] INFO  server.RaftServerConfigKeys (ConfUtils.java:logGet(46)) - raft.server.log.appender.buffer.element-limit = 1 (custom)
2023-06-23 15:09:14,933 [aaefd232-7c4e-4e5c-bf06-1f2dae2e69ed@group-CAB49B7B2D82-LeaderElection10] INFO  server.RaftServerConfigKeys (ConfUtils.java:logGet(46)) - raft.server.log.appender.wait-time.min = 10ms (default)
2023-06-23 15:09:14,933 [aaefd232-7c4e-4e5c-bf06-1f2dae2e69ed@group-CAB49B7B2D82-LeaderElection10] INFO  grpc.GrpcConfigKeys (ConfUtils.java:logGet(46)) - raft.grpc.server.leader.outstanding.appends.max = 128 (default)
2023-06-23 15:09:14,933 [aaefd232-7c4e-4e5c-bf06-1f2dae2e69ed@group-CAB49B7B2D82-LeaderElection10] INFO  server.RaftServerConfigKeys (ConfUtils.java:logGet(46)) - raft.server.rpc.request.timeout = 60s (custom)
2023-06-23 15:09:14,934 [aaefd232-7c4e-4e5c-bf06-1f2dae2e69ed@group-CAB49B7B2D82-LeaderElection10] INFO  grpc.GrpcConfigKeys (ConfUtils.java:logGet(46)) - raft.grpc.server.install_snapshot.request.element-limit = 8 (default)
2023-06-23 15:09:14,934 [aaefd232-7c4e-4e5c-bf06-1f2dae2e69ed@group-CAB49B7B2D82-LeaderElection10] INFO  grpc.GrpcConfigKeys (ConfUtils.java:logGet(46)) - raft.grpc.server.install_snapshot.request.timeout = 3000ms (default)
2023-06-23 15:09:14,934 [aaefd232-7c4e-4e5c-bf06-1f2dae2e69ed@group-CAB49B7B2D82-LeaderElection10] INFO  server.RaftServerConfigKeys (ConfUtils.java:logGet(46)) - raft.server.log.appender.install.snapshot.enabled = false (custom)
2023-06-23 15:09:14,934 [aaefd232-7c4e-4e5c-bf06-1f2dae2e69ed@group-CAB49B7B2D82-LeaderElection10] INFO  grpc.GrpcConfigKeys (ConfUtils.java:logGet(46)) - raft.grpc.server.heartbeat.channel = true (default)
2023-06-23 15:09:14,932 [EventQueue-PipelineReportForPipelineReportHandler] INFO  pipeline.PipelineManagerImpl (PipelineManagerImpl.java:openPipeline(381)) - Pipeline Pipeline[ Id: 7deec83e-52d7-49af-8d72-cab49b7b2d82, Nodes: 09b3ab32-5fcb-422b-914e-2ec4890cee3e(fv-az424-541.i1gjr3zuz4qevjy1zin2gin2ih.gx.internal.cloudapp.net/10.1.0.34)aaefd232-7c4e-4e5c-bf06-1f2dae2e69ed(fv-az424-541.i1gjr3zuz4qevjy1zin2gin2ih.gx.internal.cloudapp.net/10.1.0.34)00be7989-d8c1-4a83-aaf0-c8ed794c287b(fv-az424-541.i1gjr3zuz4qevjy1zin2gin2ih.gx.internal.cloudapp.net/10.1.0.34), ReplicationConfig: RATIS/THREE, State:ALLOCATED, leaderId:aaefd232-7c4e-4e5c-bf06-1f2dae2e69ed, CreationTimestamp2023-06-23T15:09:07.003Z[Etc/UTC]] moved to OPEN state
2023-06-23 15:09:14,934 [aaefd232-7c4e-4e5c-bf06-1f2dae2e69ed@group-CAB49B7B2D82-LeaderElection10] INFO  impl.RoleInfo (RoleInfo.java:updateAndGet(139)) - aaefd232-7c4e-4e5c-bf06-1f2dae2e69ed: start aaefd232-7c4e-4e5c-bf06-1f2dae2e69ed@group-CAB49B7B2D82-LeaderStateImpl
2023-06-23 15:09:14,934 [aaefd232-7c4e-4e5c-bf06-1f2dae2e69ed@group-CAB49B7B2D82-LeaderElection10] INFO  segmented.SegmentedRaftLogWorker (SegmentedRaftLogWorker.java:startLogSegment(447)) - aaefd232-7c4e-4e5c-bf06-1f2dae2e69ed@group-CAB49B7B2D82-SegmentedRaftLogWorker: Starting segment from index:0
2023-06-23 15:09:14,936 [aaefd232-7c4e-4e5c-bf06-1f2dae2e69ed@group-CAB49B7B2D82-SegmentedRaftLogWorker] INFO  segmented.SegmentedRaftLogWorker (SegmentedRaftLogWorker.java:execute(651)) - aaefd232-7c4e-4e5c-bf06-1f2dae2e69ed@group-CAB49B7B2D82-SegmentedRaftLogWorker: created new log segment /home/runner/work/ozone/ozone/hadoop-ozone/integration-test/target/test-dir/MiniOzoneClusterImpl-741560ff-92e5-4b28-9778-2cf52193c8f3/datanode-4/data/ratis/7deec83e-52d7-49af-8d72-cab49b7b2d82/current/log_inprogress_0
2023-06-23 15:09:14,948 [09b3ab32-5fcb-422b-914e-2ec4890cee3e-server-thread1] INFO  ratis.XceiverServerRatis (XceiverServerRatis.java:handleLeaderChangedNotification(902)) - Leader change notification received for group: group-CAB49B7B2D82 with new leaderId: aaefd232-7c4e-4e5c-bf06-1f2dae2e69ed
2023-06-23 15:09:14,948 [09b3ab32-5fcb-422b-914e-2ec4890cee3e-server-thread1] INFO  server.RaftServer$Division (ServerState.java:setLeader(317)) - 09b3ab32-5fcb-422b-914e-2ec4890cee3e@group-CAB49B7B2D82: change Leader from null to aaefd232-7c4e-4e5c-bf06-1f2dae2e69ed at term 1 for appendEntries, leader elected after 5527ms
2023-06-23 15:09:14,948 [aaefd232-7c4e-4e5c-bf06-1f2dae2e69ed@group-CAB49B7B2D82-LeaderElection10] INFO  server.RaftServer$Division (ServerState.java:setRaftConf(434)) - aaefd232-7c4e-4e5c-bf06-1f2dae2e69ed@group-CAB49B7B2D82: set configuration 0: peers:[09b3ab32-5fcb-422b-914e-2ec4890cee3e|rpc:10.1.0.34:15059|admin:10.1.0.34:15058|client:10.1.0.34:15057|dataStream:10.1.0.34:15060|priority:0|startupRole:FOLLOWER, 00be7989-d8c1-4a83-aaf0-c8ed794c287b|rpc:10.1.0.34:15041|admin:10.1.0.34:15040|client:10.1.0.34:15039|dataStream:10.1.0.34:15042|priority:0|startupRole:FOLLOWER, aaefd232-7c4e-4e5c-bf06-1f2dae2e69ed|rpc:10.1.0.34:15050|admin:10.1.0.34:15049|client:10.1.0.34:15048|dataStream:10.1.0.34:15051|priority:1|startupRole:FOLLOWER]|listeners:[], old=null
2023-06-23 15:09:14,958 [00be7989-d8c1-4a83-aaf0-c8ed794c287b-server-thread1] INFO  ratis.XceiverServerRatis (XceiverServerRatis.java:handleLeaderChangedNotification(902)) - Leader change notification received for group: group-CAB49B7B2D82 with new leaderId: aaefd232-7c4e-4e5c-bf06-1f2dae2e69ed
2023-06-23 15:09:14,958 [00be7989-d8c1-4a83-aaf0-c8ed794c287b-server-thread1] INFO  server.RaftServer$Division (ServerState.java:setLeader(317)) - 00be7989-d8c1-4a83-aaf0-c8ed794c287b@group-CAB49B7B2D82: change Leader from null to aaefd232-7c4e-4e5c-bf06-1f2dae2e69ed at term 1 for appendEntries, leader elected after 5596ms
2023-06-23 15:09:14,962 [aaefd232-7c4e-4e5c-bf06-1f2dae2e69ed@group-3F8223C2B45C-FollowerState] INFO  impl.FollowerState (FollowerState.java:run(143)) - aaefd232-7c4e-4e5c-bf06-1f2dae2e69ed@group-3F8223C2B45C-FollowerState: change to CANDIDATE, lastRpcElapsedTime:5103052833ns, electionTimeout:5079ms
2023-06-23 15:09:14,962 [aaefd232-7c4e-4e5c-bf06-1f2dae2e69ed@group-3F8223C2B45C-FollowerState] INFO  impl.RoleInfo (RoleInfo.java:shutdownFollowerState(110)) - aaefd232-7c4e-4e5c-bf06-1f2dae2e69ed: shutdown aaefd232-7c4e-4e5c-bf06-1f2dae2e69ed@group-3F8223C2B45C-FollowerState
2023-06-23 15:09:14,962 [aaefd232-7c4e-4e5c-bf06-1f2dae2e69ed@group-3F8223C2B45C-FollowerState] INFO  server.RaftServer$Division (RaftServerImpl.java:setRole(329)) - aaefd232-7c4e-4e5c-bf06-1f2dae2e69ed@group-3F8223C2B45C: changes role from  FOLLOWER to CANDIDATE at term 0 for changeToCandidate
2023-06-23 15:09:14,965 [aaefd232-7c4e-4e5c-bf06-1f2dae2e69ed@group-2203FC5028F8-FollowerState] INFO  impl.FollowerState (FollowerState.java:run(143)) - aaefd232-7c4e-4e5c-bf06-1f2dae2e69ed@group-2203FC5028F8-FollowerState: change to CANDIDATE, lastRpcElapsedTime:5058107723ns, electionTimeout:5049ms
2023-06-23 15:09:14,965 [aaefd232-7c4e-4e5c-bf06-1f2dae2e69ed@group-2203FC5028F8-FollowerState] INFO  impl.RoleInfo (RoleInfo.java:shutdownFollowerState(110)) - aaefd232-7c4e-4e5c-bf06-1f2dae2e69ed: shutdown aaefd232-7c4e-4e5c-bf06-1f2dae2e69ed@group-2203FC5028F8-FollowerState
2023-06-23 15:09:14,965 [aaefd232-7c4e-4e5c-bf06-1f2dae2e69ed@group-2203FC5028F8-FollowerState] INFO  server.RaftServer$Division (RaftServerImpl.java:setRole(329)) - aaefd232-7c4e-4e5c-bf06-1f2dae2e69ed@group-2203FC5028F8: changes role from  FOLLOWER to CANDIDATE at term 0 for changeToCandidate
2023-06-23 15:09:14,968 [09b3ab32-5fcb-422b-914e-2ec4890cee3e-server-thread2] INFO  server.RaftServer$Division (ServerState.java:setRaftConf(434)) - 09b3ab32-5fcb-422b-914e-2ec4890cee3e@group-CAB49B7B2D82: set configuration 0: peers:[09b3ab32-5fcb-422b-914e-2ec4890cee3e|rpc:10.1.0.34:15059|admin:10.1.0.34:15058|client:10.1.0.34:15057|dataStream:10.1.0.34:15060|priority:0|startupRole:FOLLOWER, 00be7989-d8c1-4a83-aaf0-c8ed794c287b|rpc:10.1.0.34:15041|admin:10.1.0.34:15040|client:10.1.0.34:15039|dataStream:10.1.0.34:15042|priority:0|startupRole:FOLLOWER, aaefd232-7c4e-4e5c-bf06-1f2dae2e69ed|rpc:10.1.0.34:15050|admin:10.1.0.34:15049|client:10.1.0.34:15048|dataStream:10.1.0.34:15051|priority:1|startupRole:FOLLOWER]|listeners:[], old=null
2023-06-23 15:09:14,968 [aaefd232-7c4e-4e5c-bf06-1f2dae2e69ed@group-3F8223C2B45C-FollowerState] INFO  server.RaftServerConfigKeys (ConfUtils.java:logGet(46)) - raft.server.leaderelection.pre-vote = true (default)
2023-06-23 15:09:14,968 [aaefd232-7c4e-4e5c-bf06-1f2dae2e69ed@group-3F8223C2B45C-FollowerState] INFO  impl.RoleInfo (RoleInfo.java:updateAndGet(139)) - aaefd232-7c4e-4e5c-bf06-1f2dae2e69ed: start aaefd232-7c4e-4e5c-bf06-1f2dae2e69ed@group-3F8223C2B45C-LeaderElection11
2023-06-23 15:09:14,968 [aaefd232-7c4e-4e5c-bf06-1f2dae2e69ed@group-2203FC5028F8-FollowerState] INFO  server.RaftServerConfigKeys (ConfUtils.java:logGet(46)) - raft.server.leaderelection.pre-vote = true (default)
2023-06-23 15:09:14,968 [09b3ab32-5fcb-422b-914e-2ec4890cee3e-server-thread2] INFO  segmented.SegmentedRaftLogWorker (SegmentedRaftLogWorker.java:startLogSegment(447)) - 09b3ab32-5fcb-422b-914e-2ec4890cee3e@group-CAB49B7B2D82-SegmentedRaftLogWorker: Starting segment from index:0
2023-06-23 15:09:14,968 [aaefd232-7c4e-4e5c-bf06-1f2dae2e69ed@group-2203FC5028F8-FollowerState] INFO  impl.RoleInfo (RoleInfo.java:updateAndGet(139)) - aaefd232-7c4e-4e5c-bf06-1f2dae2e69ed: start aaefd232-7c4e-4e5c-bf06-1f2dae2e69ed@group-2203FC5028F8-LeaderElection12
2023-06-23 15:09:14,969 [00be7989-d8c1-4a83-aaf0-c8ed794c287b@group-2203FC5028F8-FollowerState] INFO  impl.FollowerState (FollowerState.java:run(143)) - 00be7989-d8c1-4a83-aaf0-c8ed794c287b@group-2203FC5028F8-FollowerState: change to CANDIDATE, lastRpcElapsedTime:5052640625ns, electionTimeout:5049ms
2023-06-23 15:09:14,969 [00be7989-d8c1-4a83-aaf0-c8ed794c287b@group-2203FC5028F8-FollowerState] INFO  impl.RoleInfo (RoleInfo.java:shutdownFollowerState(110)) - 00be7989-d8c1-4a83-aaf0-c8ed794c287b: shutdown 00be7989-d8c1-4a83-aaf0-c8ed794c287b@group-2203FC5028F8-FollowerState
2023-06-23 15:09:14,969 [00be7989-d8c1-4a83-aaf0-c8ed794c287b@group-2203FC5028F8-FollowerState] INFO  server.RaftServer$Division (RaftServerImpl.java:setRole(329)) - 00be7989-d8c1-4a83-aaf0-c8ed794c287b@group-2203FC5028F8: changes role from  FOLLOWER to CANDIDATE at term 0 for changeToCandidate
2023-06-23 15:09:14,969 [00be7989-d8c1-4a83-aaf0-c8ed794c287b@group-2203FC5028F8-FollowerState] INFO  server.RaftServerConfigKeys (ConfUtils.java:logGet(46)) - raft.server.leaderelection.pre-vote = true (default)
2023-06-23 15:09:14,969 [00be7989-d8c1-4a83-aaf0-c8ed794c287b@group-2203FC5028F8-FollowerState] INFO  impl.RoleInfo (RoleInfo.java:updateAndGet(139)) - 00be7989-d8c1-4a83-aaf0-c8ed794c287b: start 00be7989-d8c1-4a83-aaf0-c8ed794c287b@group-2203FC5028F8-LeaderElection13
2023-06-23 15:09:14,979 [aaefd232-7c4e-4e5c-bf06-1f2dae2e69ed@group-3F8223C2B45C-LeaderElection11] INFO  impl.LeaderElection (LeaderElection.java:askForVotes(321)) - aaefd232-7c4e-4e5c-bf06-1f2dae2e69ed@group-3F8223C2B45C-LeaderElection11 PRE_VOTE round 0: submit vote requests at term 0 for -1: peers:[aaefd232-7c4e-4e5c-bf06-1f2dae2e69ed|rpc:10.1.0.34:15050|admin:10.1.0.34:15049|client:10.1.0.34:15048|dataStream:10.1.0.34:15051|priority:1|startupRole:FOLLOWER]|listeners:[], old=null
2023-06-23 15:09:14,979 [00be7989-d8c1-4a83-aaf0-c8ed794c287b-server-thread2] INFO  server.RaftServer$Division (ServerState.java:setRaftConf(434)) - 00be7989-d8c1-4a83-aaf0-c8ed794c287b@group-CAB49B7B2D82: set configuration 0: peers:[09b3ab32-5fcb-422b-914e-2ec4890cee3e|rpc:10.1.0.34:15059|admin:10.1.0.34:15058|client:10.1.0.34:15057|dataStream:10.1.0.34:15060|priority:0|startupRole:FOLLOWER, 00be7989-d8c1-4a83-aaf0-c8ed794c287b|rpc:10.1.0.34:15041|admin:10.1.0.34:15040|client:10.1.0.34:15039|dataStream:10.1.0.34:15042|priority:0|startupRole:FOLLOWER, aaefd232-7c4e-4e5c-bf06-1f2dae2e69ed|rpc:10.1.0.34:15050|admin:10.1.0.34:15049|client:10.1.0.34:15048|dataStream:10.1.0.34:15051|priority:1|startupRole:FOLLOWER]|listeners:[], old=null
2023-06-23 15:09:14,979 [00be7989-d8c1-4a83-aaf0-c8ed794c287b@group-2203FC5028F8-LeaderElection13] INFO  impl.LeaderElection (LeaderElection.java:askForVotes(321)) - 00be7989-d8c1-4a83-aaf0-c8ed794c287b@group-2203FC5028F8-LeaderElection13 PRE_VOTE round 0: submit vote requests at term 0 for -1: peers:[09b3ab32-5fcb-422b-914e-2ec4890cee3e|rpc:10.1.0.34:15059|admin:10.1.0.34:15058|client:10.1.0.34:15057|dataStream:10.1.0.34:15060|priority:1|startupRole:FOLLOWER, 00be7989-d8c1-4a83-aaf0-c8ed794c287b|rpc:10.1.0.34:15041|admin:10.1.0.34:15040|client:10.1.0.34:15039|dataStream:10.1.0.34:15042|priority:0|startupRole:FOLLOWER, aaefd232-7c4e-4e5c-bf06-1f2dae2e69ed|rpc:10.1.0.34:15050|admin:10.1.0.34:15049|client:10.1.0.34:15048|dataStream:10.1.0.34:15051|priority:0|startupRole:FOLLOWER]|listeners:[], old=null
2023-06-23 15:09:14,979 [aaefd232-7c4e-4e5c-bf06-1f2dae2e69ed@group-3F8223C2B45C-LeaderElection11] INFO  impl.LeaderElection (LeaderElection.java:askForVotes(323)) - aaefd232-7c4e-4e5c-bf06-1f2dae2e69ed@group-3F8223C2B45C-LeaderElection11 PRE_VOTE round 0: result PASSED (term=0)
2023-06-23 15:09:14,979 [00be7989-d8c1-4a83-aaf0-c8ed794c287b-server-thread2] INFO  segmented.SegmentedRaftLogWorker (SegmentedRaftLogWorker.java:startLogSegment(447)) - 00be7989-d8c1-4a83-aaf0-c8ed794c287b@group-CAB49B7B2D82-SegmentedRaftLogWorker: Starting segment from index:0
2023-06-23 15:09:14,981 [00be7989-d8c1-4a83-aaf0-c8ed794c287b@group-CAB49B7B2D82-SegmentedRaftLogWorker] INFO  segmented.SegmentedRaftLogWorker (SegmentedRaftLogWorker.java:execute(651)) - 00be7989-d8c1-4a83-aaf0-c8ed794c287b@group-CAB49B7B2D82-SegmentedRaftLogWorker: created new log segment /home/runner/work/ozone/ozone/hadoop-ozone/integration-test/target/test-dir/MiniOzoneClusterImpl-741560ff-92e5-4b28-9778-2cf52193c8f3/datanode-3/data/ratis/7deec83e-52d7-49af-8d72-cab49b7b2d82/current/log_inprogress_0
2023-06-23 15:09:14,981 [09b3ab32-5fcb-422b-914e-2ec4890cee3e@group-CAB49B7B2D82-SegmentedRaftLogWorker] INFO  segmented.SegmentedRaftLogWorker (SegmentedRaftLogWorker.java:execute(651)) - 09b3ab32-5fcb-422b-914e-2ec4890cee3e@group-CAB49B7B2D82-SegmentedRaftLogWorker: created new log segment /home/runner/work/ozone/ozone/hadoop-ozone/integration-test/target/test-dir/MiniOzoneClusterImpl-741560ff-92e5-4b28-9778-2cf52193c8f3/datanode-5/data/ratis/7deec83e-52d7-49af-8d72-cab49b7b2d82/current/log_inprogress_0
2023-06-23 15:09:14,984 [aaefd232-7c4e-4e5c-bf06-1f2dae2e69ed@group-3F8223C2B45C-LeaderElection11] INFO  impl.LeaderElection (LeaderElection.java:askForVotes(321)) - aaefd232-7c4e-4e5c-bf06-1f2dae2e69ed@group-3F8223C2B45C-LeaderElection11 ELECTION round 0: submit vote requests at term 1 for -1: peers:[aaefd232-7c4e-4e5c-bf06-1f2dae2e69ed|rpc:10.1.0.34:15050|admin:10.1.0.34:15049|client:10.1.0.34:15048|dataStream:10.1.0.34:15051|priority:1|startupRole:FOLLOWER]|listeners:[], old=null
2023-06-23 15:09:14,984 [aaefd232-7c4e-4e5c-bf06-1f2dae2e69ed@group-3F8223C2B45C-LeaderElection11] INFO  impl.LeaderElection (LeaderElection.java:askForVotes(323)) - aaefd232-7c4e-4e5c-bf06-1f2dae2e69ed@group-3F8223C2B45C-LeaderElection11 ELECTION round 0: result PASSED (term=1)
2023-06-23 15:09:14,984 [aaefd232-7c4e-4e5c-bf06-1f2dae2e69ed@group-3F8223C2B45C-LeaderElection11] INFO  impl.RoleInfo (RoleInfo.java:shutdownLeaderElection(130)) - aaefd232-7c4e-4e5c-bf06-1f2dae2e69ed: shutdown aaefd232-7c4e-4e5c-bf06-1f2dae2e69ed@group-3F8223C2B45C-LeaderElection11
2023-06-23 15:09:14,984 [aaefd232-7c4e-4e5c-bf06-1f2dae2e69ed@group-3F8223C2B45C-LeaderElection11] INFO  server.RaftServer$Division (RaftServerImpl.java:setRole(329)) - aaefd232-7c4e-4e5c-bf06-1f2dae2e69ed@group-3F8223C2B45C: changes role from CANDIDATE to LEADER at term 1 for changeToLeader
2023-06-23 15:09:14,984 [aaefd232-7c4e-4e5c-bf06-1f2dae2e69ed@group-3F8223C2B45C-LeaderElection11] INFO  ratis.XceiverServerRatis (XceiverServerRatis.java:handleLeaderChangedNotification(902)) - Leader change notification received for group: group-3F8223C2B45C with new leaderId: aaefd232-7c4e-4e5c-bf06-1f2dae2e69ed
2023-06-23 15:09:14,985 [aaefd232-7c4e-4e5c-bf06-1f2dae2e69ed@group-3F8223C2B45C-LeaderElection11] INFO  server.RaftServer$Division (ServerState.java:setLeader(317)) - aaefd232-7c4e-4e5c-bf06-1f2dae2e69ed@group-3F8223C2B45C: change Leader from null to aaefd232-7c4e-4e5c-bf06-1f2dae2e69ed at term 1 for becomeLeader, leader elected after 5147ms
2023-06-23 15:09:14,985 [aaefd232-7c4e-4e5c-bf06-1f2dae2e69ed@group-3F8223C2B45C-LeaderElection11] INFO  server.RaftServerConfigKeys (ConfUtils.java:logGet(46)) - raft.server.staging.catchup.gap = 1000 (default)
2023-06-23 15:09:14,986 [aaefd232-7c4e-4e5c-bf06-1f2dae2e69ed@group-3F8223C2B45C-LeaderElection11] INFO  server.RaftServerConfigKeys (ConfUtils.java:logGet(46)) - raft.server.write.element-limit = 1024 (custom)
2023-06-23 15:09:14,986 [aaefd232-7c4e-4e5c-bf06-1f2dae2e69ed@group-3F8223C2B45C-LeaderElection11] INFO  server.RaftServerConfigKeys (ConfUtils.java:logGet(46)) - raft.server.write.byte-limit = 1024 M (=1073741824) (custom)
2023-06-23 15:09:14,986 [aaefd232-7c4e-4e5c-bf06-1f2dae2e69ed@group-3F8223C2B45C-LeaderElection11] INFO  server.RaftServerConfigKeys (ConfUtils.java:logGet(46)) - raft.server.watch.timeout = 180s (custom)
2023-06-23 15:09:14,986 [aaefd232-7c4e-4e5c-bf06-1f2dae2e69ed@group-3F8223C2B45C-LeaderElection11] INFO  server.RaftServerConfigKeys (ConfUtils.java:logGet(46)) - raft.server.watch.timeout.denomination = 1s (default)
2023-06-23 15:09:14,986 [aaefd232-7c4e-4e5c-bf06-1f2dae2e69ed@group-3F8223C2B45C-LeaderElection11] INFO  server.RaftServerConfigKeys (ConfUtils.java:logGet(46)) - raft.server.watch.element-limit = 65536 (default)
2023-06-23 15:09:14,986 [aaefd232-7c4e-4e5c-bf06-1f2dae2e69ed@group-3F8223C2B45C-LeaderElection11] INFO  server.RaftServerConfigKeys (ConfUtils.java:logGet(46)) - raft.server.write.element-limit = 1024 (custom)
2023-06-23 15:09:14,986 [aaefd232-7c4e-4e5c-bf06-1f2dae2e69ed@group-3F8223C2B45C-LeaderElection11] INFO  server.RaftServerConfigKeys (ConfUtils.java:logGet(46)) - raft.server.write.follower.gap.ratio.max = -1.0 (default)
2023-06-23 15:09:14,986 [aaefd232-7c4e-4e5c-bf06-1f2dae2e69ed@group-3F8223C2B45C-LeaderElection11] INFO  impl.RoleInfo (RoleInfo.java:updateAndGet(139)) - aaefd232-7c4e-4e5c-bf06-1f2dae2e69ed: start aaefd232-7c4e-4e5c-bf06-1f2dae2e69ed@group-3F8223C2B45C-LeaderStateImpl
2023-06-23 15:09:14,986 [aaefd232-7c4e-4e5c-bf06-1f2dae2e69ed@group-3F8223C2B45C-LeaderElection11] INFO  segmented.SegmentedRaftLogWorker (SegmentedRaftLogWorker.java:startLogSegment(447)) - aaefd232-7c4e-4e5c-bf06-1f2dae2e69ed@group-3F8223C2B45C-SegmentedRaftLogWorker: Starting segment from index:0
2023-06-23 15:09:14,993 [qtp577682023-15] ERROR generators.WadlGeneratorJAXBGrammarGenerator (WadlGeneratorJAXBGrammarGenerator.java:buildModelAndSchemas(207)) - Failed to generate the schema for the JAX-B elements
com.sun.xml.bind.v2.runtime.IllegalAnnotationsException: 1 counts of IllegalAnnotationExceptions
java.util.Map is an interface, and JAXB can't handle interfaces.
	this problem is related to the following location:
		at java.util.Map

	at com.sun.xml.bind.v2.runtime.IllegalAnnotationsException$Builder.check(IllegalAnnotationsException.java:106)
	at com.sun.xml.bind.v2.runtime.JAXBContextImpl.getTypeInfoSet(JAXBContextImpl.java:471)
	at com.sun.xml.bind.v2.runtime.JAXBContextImpl.<init>(JAXBContextImpl.java:303)
	at com.sun.xml.bind.v2.runtime.JAXBContextImpl.<init>(JAXBContextImpl.java:139)
	at com.sun.xml.bind.v2.runtime.JAXBContextImpl$JAXBContextBuilder.build(JAXBContextImpl.java:1156)
	at com.sun.xml.bind.v2.ContextFactory.createContext(ContextFactory.java:165)
	at sun.reflect.NativeMethodAccessorImpl.invoke0(Native Method)
	at sun.reflect.NativeMethodAccessorImpl.invoke(NativeMethodAccessorImpl.java:62)
	at sun.reflect.DelegatingMethodAccessorImpl.invoke(DelegatingMethodAccessorImpl.java:43)
	at java.lang.reflect.Method.invoke(Method.java:498)
	at javax.xml.bind.ContextFinder.newInstance(ContextFinder.java:247)
	at javax.xml.bind.ContextFinder.newInstance(ContextFinder.java:234)
	at javax.xml.bind.ContextFinder.find(ContextFinder.java:441)
	at javax.xml.bind.JAXBContext.newInstance(JAXBContext.java:641)
	at javax.xml.bind.JAXBContext.newInstance(JAXBContext.java:584)
	at com.sun.jersey.server.wadl.generators.WadlGeneratorJAXBGrammarGenerator.buildModelAndSchemas(WadlGeneratorJAXBGrammarGenerator.java:169)
	at com.sun.jersey.server.wadl.generators.AbstractWadlGeneratorGrammarGenerator.createExternalGrammar(AbstractWadlGeneratorGrammarGenerator.java:405)
	at com.sun.jersey.server.wadl.WadlBuilder.generate(WadlBuilder.java:149)
	at com.sun.jersey.server.impl.wadl.WadlApplicationContextImpl.getApplication(WadlApplicationContextImpl.java:119)
	at com.sun.jersey.server.impl.wadl.WadlApplicationContextImpl.getApplication(WadlApplicationContextImpl.java:138)
	at com.sun.jersey.server.impl.wadl.WadlMethodFactory$WadlOptionsMethodDispatcher.dispatch(WadlMethodFactory.java:110)
	at com.sun.jersey.server.impl.uri.rules.HttpMethodRule.accept(HttpMethodRule.java:302)
	at com.sun.jersey.server.impl.uri.rules.RightHandPathRule.accept(RightHandPathRule.java:147)
	at com.sun.jersey.server.impl.uri.rules.ResourceClassRule.accept(ResourceClassRule.java:108)
	at com.sun.jersey.server.impl.uri.rules.RightHandPathRule.accept(RightHandPathRule.java:147)
	at com.sun.jersey.server.impl.uri.rules.RootResourceClassesRule.accept(RootResourceClassesRule.java:84)
	at com.sun.jersey.server.impl.application.WebApplicationImpl._handleRequest(WebApplicationImpl.java:1542)
	at com.sun.jersey.server.impl.application.WebApplicationImpl._handleRequest(WebApplicationImpl.java:1473)
	at com.sun.jersey.server.impl.application.WebApplicationImpl.handleRequest(WebApplicationImpl.java:1419)
	at com.sun.jersey.server.impl.application.WebApplicationImpl.handleRequest(WebApplicationImpl.java:1409)
	at com.sun.jersey.spi.container.servlet.WebComponent.service(WebComponent.java:409)
	at com.sun.jersey.spi.container.servlet.ServletContainer.service(ServletContainer.java:558)
	at com.sun.jersey.spi.container.servlet.ServletContainer.service(ServletContainer.java:733)
	at javax.servlet.http.HttpServlet.service(HttpServlet.java:590)
	at org.eclipse.jetty.servlet.ServletHolder$NotAsync.service(ServletHolder.java:1459)
	at org.eclipse.jetty.servlet.ServletHolder.handle(ServletHolder.java:799)
	at org.eclipse.jetty.servlet.ServletHandler$ChainEnd.doFilter(ServletHandler.java:1656)
	at org.apache.hadoop.crypto.key.kms.server.KMSMDCFilter.doFilter(KMSMDCFilter.java:98)
	at org.eclipse.jetty.servlet.FilterHolder.doFilter(FilterHolder.java:193)
	at org.eclipse.jetty.servlet.ServletHandler$Chain.doFilter(ServletHandler.java:1626)
	at org.apache.hadoop.security.authentication.server.AuthenticationFilter.doFilter(AuthenticationFilter.java:650)
	at org.apache.hadoop.security.token.delegation.web.DelegationTokenAuthenticationFilter.doFilter(DelegationTokenAuthenticationFilter.java:305)
	at org.apache.hadoop.security.authentication.server.AuthenticationFilter.doFilter(AuthenticationFilter.java:592)
	at org.apache.hadoop.crypto.key.kms.server.KMSAuthenticationFilter.doFilter(KMSAuthenticationFilter.java:162)
	at org.eclipse.jetty.servlet.FilterHolder.doFilter(FilterHolder.java:201)
	at org.eclipse.jetty.servlet.ServletHandler$Chain.doFilter(ServletHandler.java:1626)
	at org.apache.hadoop.http.lib.StaticUserWebFilter$StaticUserFilter.doFilter(StaticUserWebFilter.java:110)
	at org.eclipse.jetty.servlet.FilterHolder.doFilter(FilterHolder.java:193)
	at org.eclipse.jetty.servlet.ServletHandler$Chain.doFilter(ServletHandler.java:1626)
	at org.apache.hadoop.http.HttpServer2$QuotingInputFilter.doFilter(HttpServer2.java:1794)
	at org.eclipse.jetty.servlet.FilterHolder.doFilter(FilterHolder.java:193)
	at org.eclipse.jetty.servlet.ServletHandler$Chain.doFilter(ServletHandler.java:1626)
	at org.apache.hadoop.http.NoCacheFilter.doFilter(NoCacheFilter.java:45)
	at org.eclipse.jetty.servlet.FilterHolder.doFilter(FilterHolder.java:193)
	at org.eclipse.jetty.servlet.ServletHandler$Chain.doFilter(ServletHandler.java:1626)
	at org.eclipse.jetty.servlet.ServletHandler.doHandle(ServletHandler.java:552)
	at org.eclipse.jetty.server.handler.ScopedHandler.handle(ScopedHandler.java:143)
	at org.eclipse.jetty.security.SecurityHandler.handle(SecurityHandler.java:600)
	at org.eclipse.jetty.server.handler.HandlerWrapper.handle(HandlerWrapper.java:127)
	at org.eclipse.jetty.server.handler.ScopedHandler.nextHandle(ScopedHandler.java:235)
	at org.eclipse.jetty.server.session.SessionHandler.doHandle(SessionHandler.java:1624)
	at org.eclipse.jetty.server.handler.ScopedHandler.nextHandle(ScopedHandler.java:233)
	at org.eclipse.jetty.server.handler.ContextHandler.doHandle(ContextHandler.java:1440)
	at org.eclipse.jetty.server.handler.ScopedHandler.nextScope(ScopedHandler.java:188)
	at org.eclipse.jetty.servlet.ServletHandler.doScope(ServletHandler.java:505)
	at org.eclipse.jetty.server.session.SessionHandler.doScope(SessionHandler.java:1594)
	at org.eclipse.jetty.server.handler.ScopedHandler.nextScope(ScopedHandler.java:186)
	at org.eclipse.jetty.server.handler.ContextHandler.doScope(ContextHandler.java:1355)
	at org.eclipse.jetty.server.handler.ScopedHandler.handle(ScopedHandler.java:141)
	at org.eclipse.jetty.server.handler.HandlerCollection.handle(HandlerCollection.java:146)
	at org.eclipse.jetty.server.handler.HandlerWrapper.handle(HandlerWrapper.java:127)
	at org.eclipse.jetty.server.Server.handle(Server.java:512)
	at org.eclipse.jetty.server.HttpChannel.lambda$handle$1(HttpChannel.java:487)
	at org.eclipse.jetty.server.HttpChannel.dispatch(HttpChannel.java:732)
	at org.eclipse.jetty.server.HttpChannel.handle(HttpChannel.java:479)
	at org.eclipse.jetty.server.HttpConnection.onFillable(HttpConnection.java:277)
	at org.eclipse.jetty.io.AbstractConnection$ReadCallback.succeeded(AbstractConnection.java:311)
	at org.eclipse.jetty.io.FillInterest.fillable(FillInterest.java:105)
	at org.eclipse.jetty.io.ChannelEndPoint$1.run(ChannelEndPoint.java:104)
	at org.eclipse.jetty.util.thread.strategy.EatWhatYouKill.runTask(EatWhatYouKill.java:338)
	at org.eclipse.jetty.util.thread.strategy.EatWhatYouKill.doProduce(EatWhatYouKill.java:315)
	at org.eclipse.jetty.util.thread.strategy.EatWhatYouKill.tryProduce(EatWhatYouKill.java:173)
	at org.eclipse.jetty.util.thread.strategy.EatWhatYouKill.produce(EatWhatYouKill.java:137)
	at org.eclipse.jetty.util.thread.QueuedThreadPool.runJob(QueuedThreadPool.java:883)
	at org.eclipse.jetty.util.thread.QueuedThreadPool$Runner.run(QueuedThreadPool.java:1034)
	at java.lang.Thread.run(Thread.java:750)
2023-06-23 15:09:14,995 [qtp577682023-15] INFO  generators.AbstractWadlGeneratorGrammarGenerator (AbstractWadlGeneratorGrammarGenerator.java:attachTypes(479)) - Couldn't find grammar element for class java.util.Map
2023-06-23 15:09:14,996 [qtp577682023-15] INFO  generators.AbstractWadlGeneratorGrammarGenerator (AbstractWadlGeneratorGrammarGenerator.java:attachTypes(479)) - Couldn't find grammar element for class javax.ws.rs.core.Response
2023-06-23 15:09:14,996 [qtp577682023-15] INFO  generators.AbstractWadlGeneratorGrammarGenerator (AbstractWadlGeneratorGrammarGenerator.java:attachTypes(479)) - Couldn't find grammar element for class java.util.Map
2023-06-23 15:09:14,995 [aaefd232-7c4e-4e5c-bf06-1f2dae2e69ed@group-3F8223C2B45C-SegmentedRaftLogWorker] INFO  segmented.SegmentedRaftLogWorker (SegmentedRaftLogWorker.java:execute(651)) - aaefd232-7c4e-4e5c-bf06-1f2dae2e69ed@group-3F8223C2B45C-SegmentedRaftLogWorker: created new log segment /home/runner/work/ozone/ozone/hadoop-ozone/integration-test/target/test-dir/MiniOzoneClusterImpl-741560ff-92e5-4b28-9778-2cf52193c8f3/datanode-4/data/ratis/c27b3687-99cd-45c4-89cc-3f8223c2b45c/current/log_inprogress_0
2023-06-23 15:09:14,993 [00be7989-d8c1-4a83-aaf0-c8ed794c287b@group-2203FC5028F8-LeaderElection13] INFO  server.RaftServerConfigKeys (ConfUtils.java:logFallback(53)) - raft.server.rpc.first-election.timeout.min = 5s (fallback to raft.server.rpc.timeout.min)
2023-06-23 15:09:15,008 [aaefd232-7c4e-4e5c-bf06-1f2dae2e69ed@group-3F8223C2B45C-LeaderElection11] INFO  server.RaftServer$Division (ServerState.java:setRaftConf(434)) - aaefd232-7c4e-4e5c-bf06-1f2dae2e69ed@group-3F8223C2B45C: set configuration 0: peers:[aaefd232-7c4e-4e5c-bf06-1f2dae2e69ed|rpc:10.1.0.34:15050|admin:10.1.0.34:15049|client:10.1.0.34:15048|dataStream:10.1.0.34:15051|priority:1|startupRole:FOLLOWER]|listeners:[], old=null
2023-06-23 15:09:15,008 [aaefd232-7c4e-4e5c-bf06-1f2dae2e69ed@group-2203FC5028F8-LeaderElection12] INFO  impl.LeaderElection (LeaderElection.java:askForVotes(321)) - aaefd232-7c4e-4e5c-bf06-1f2dae2e69ed@group-2203FC5028F8-LeaderElection12 PRE_VOTE round 0: submit vote requests at term 0 for -1: peers:[09b3ab32-5fcb-422b-914e-2ec4890cee3e|rpc:10.1.0.34:15059|admin:10.1.0.34:15058|client:10.1.0.34:15057|dataStream:10.1.0.34:15060|priority:1|startupRole:FOLLOWER, 00be7989-d8c1-4a83-aaf0-c8ed794c287b|rpc:10.1.0.34:15041|admin:10.1.0.34:15040|client:10.1.0.34:15039|dataStream:10.1.0.34:15042|priority:0|startupRole:FOLLOWER, aaefd232-7c4e-4e5c-bf06-1f2dae2e69ed|rpc:10.1.0.34:15050|admin:10.1.0.34:15049|client:10.1.0.34:15048|dataStream:10.1.0.34:15051|priority:0|startupRole:FOLLOWER]|listeners:[], old=null
2023-06-23 15:09:14,997 [grpc-default-executor-4] INFO  server.RaftServer$Division (RaftServerImpl.java:requestVote(1302)) - 09b3ab32-5fcb-422b-914e-2ec4890cee3e@group-2203FC5028F8: receive requestVote(PRE_VOTE, 00be7989-d8c1-4a83-aaf0-c8ed794c287b, group-2203FC5028F8, 0, (t:0, i:0))
2023-06-23 15:09:15,008 [grpc-default-executor-4] INFO  impl.VoteContext (VoteContext.java:log(49)) - 09b3ab32-5fcb-422b-914e-2ec4890cee3e@group-2203FC5028F8-FOLLOWER: reject PRE_VOTE from 00be7989-d8c1-4a83-aaf0-c8ed794c287b: our priority 1 > candidate's priority 0
2023-06-23 15:09:15,009 [grpc-default-executor-4] INFO  server.RaftServer$Division (RaftServerImpl.java:requestVote(1335)) - 09b3ab32-5fcb-422b-914e-2ec4890cee3e@group-2203FC5028F8 replies to PRE_VOTE vote request: 00be7989-d8c1-4a83-aaf0-c8ed794c287b<-09b3ab32-5fcb-422b-914e-2ec4890cee3e#0:FAIL-t0. Peer's state: 09b3ab32-5fcb-422b-914e-2ec4890cee3e@group-2203FC5028F8:t0, leader=null, voted=, raftlog=Memoized:09b3ab32-5fcb-422b-914e-2ec4890cee3e@group-2203FC5028F8-SegmentedRaftLog:OPENED:c-1, conf=-1: peers:[09b3ab32-5fcb-422b-914e-2ec4890cee3e|rpc:10.1.0.34:15059|admin:10.1.0.34:15058|client:10.1.0.34:15057|dataStream:10.1.0.34:15060|priority:1|startupRole:FOLLOWER, 00be7989-d8c1-4a83-aaf0-c8ed794c287b|rpc:10.1.0.34:15041|admin:10.1.0.34:15040|client:10.1.0.34:15039|dataStream:10.1.0.34:15042|priority:0|startupRole:FOLLOWER, aaefd232-7c4e-4e5c-bf06-1f2dae2e69ed|rpc:10.1.0.34:15050|admin:10.1.0.34:15049|client:10.1.0.34:15048|dataStream:10.1.0.34:15051|priority:0|startupRole:FOLLOWER]|listeners:[], old=null
2023-06-23 15:09:14,996 [qtp577682023-15] INFO  generators.AbstractWadlGeneratorGrammarGenerator (AbstractWadlGeneratorGrammarGenerator.java:attachTypes(479)) - Couldn't find grammar element for class javax.ws.rs.core.Response
2023-06-23 15:09:15,009 [qtp577682023-15] INFO  generators.AbstractWadlGeneratorGrammarGenerator (AbstractWadlGeneratorGrammarGenerator.java:attachTypes(479)) - Couldn't find grammar element for class java.util.Map
2023-06-23 15:09:15,009 [qtp577682023-15] INFO  generators.AbstractWadlGeneratorGrammarGenerator (AbstractWadlGeneratorGrammarGenerator.java:attachTypes(479)) - Couldn't find grammar element for class java.util.Map
2023-06-23 15:09:15,009 [qtp577682023-15] INFO  generators.AbstractWadlGeneratorGrammarGenerator (AbstractWadlGeneratorGrammarGenerator.java:attachTypes(479)) - Couldn't find grammar element for class javax.ws.rs.core.Response
2023-06-23 15:09:15,010 [qtp577682023-15] INFO  generators.AbstractWadlGeneratorGrammarGenerator (AbstractWadlGeneratorGrammarGenerator.java:attachTypes(479)) - Couldn't find grammar element for class java.util.Map
2023-06-23 15:09:15,008 [00be7989-d8c1-4a83-aaf0-c8ed794c287b@group-2203FC5028F8-LeaderElection13] INFO  server.RaftServerConfigKeys (ConfUtils.java:logFallback(53)) - raft.server.rpc.first-election.timeout.max = 5200ms (fallback to raft.server.rpc.timeout.max)
2023-06-23 15:09:15,011 [00be7989-d8c1-4a83-aaf0-c8ed794c287b@group-2203FC5028F8-LeaderElection13] INFO  impl.LeaderElection (LeaderElection.java:logAndReturn(90)) - 00be7989-d8c1-4a83-aaf0-c8ed794c287b@group-2203FC5028F8-LeaderElection13: PRE_VOTE REJECTED received 1 response(s) and 0 exception(s):
2023-06-23 15:09:15,011 [00be7989-d8c1-4a83-aaf0-c8ed794c287b@group-2203FC5028F8-LeaderElection13] INFO  impl.LeaderElection (LeaderElection.java:logAndReturn(94)) -   Response 0: 00be7989-d8c1-4a83-aaf0-c8ed794c287b<-09b3ab32-5fcb-422b-914e-2ec4890cee3e#0:FAIL-t0
2023-06-23 15:09:15,020 [aaefd232-7c4e-4e5c-bf06-1f2dae2e69ed@group-2203FC5028F8-LeaderElection12] INFO  server.RaftServerConfigKeys (ConfUtils.java:logFallback(53)) - raft.server.rpc.first-election.timeout.min = 5s (fallback to raft.server.rpc.timeout.min)
2023-06-23 15:09:15,020 [aaefd232-7c4e-4e5c-bf06-1f2dae2e69ed@group-2203FC5028F8-LeaderElection12] INFO  server.RaftServerConfigKeys (ConfUtils.java:logFallback(53)) - raft.server.rpc.first-election.timeout.max = 5200ms (fallback to raft.server.rpc.timeout.max)
2023-06-23 15:09:15,024 [00be7989-d8c1-4a83-aaf0-c8ed794c287b@group-2203FC5028F8-LeaderElection13] INFO  impl.LeaderElection (LeaderElection.java:askForVotes(323)) - 00be7989-d8c1-4a83-aaf0-c8ed794c287b@group-2203FC5028F8-LeaderElection13 PRE_VOTE round 0: result REJECTED
2023-06-23 15:09:15,024 [00be7989-d8c1-4a83-aaf0-c8ed794c287b@group-2203FC5028F8-LeaderElection13] INFO  server.RaftServer$Division (RaftServerImpl.java:setRole(329)) - 00be7989-d8c1-4a83-aaf0-c8ed794c287b@group-2203FC5028F8: changes role from CANDIDATE to FOLLOWER at term 0 for REJECTED
2023-06-23 15:09:15,024 [grpc-default-executor-4] INFO  server.RaftServer$Division (RaftServerImpl.java:requestVote(1302)) - aaefd232-7c4e-4e5c-bf06-1f2dae2e69ed@group-2203FC5028F8: receive requestVote(PRE_VOTE, 00be7989-d8c1-4a83-aaf0-c8ed794c287b, group-2203FC5028F8, 0, (t:0, i:0))
2023-06-23 15:09:15,025 [grpc-default-executor-4] INFO  impl.VoteContext (VoteContext.java:log(49)) - aaefd232-7c4e-4e5c-bf06-1f2dae2e69ed@group-2203FC5028F8-CANDIDATE: accept PRE_VOTE from 00be7989-d8c1-4a83-aaf0-c8ed794c287b: our priority 0 <= candidate's priority 0
2023-06-23 15:09:15,025 [grpc-default-executor-4] INFO  server.RaftServer$Division (RaftServerImpl.java:requestVote(1335)) - aaefd232-7c4e-4e5c-bf06-1f2dae2e69ed@group-2203FC5028F8 replies to PRE_VOTE vote request: 00be7989-d8c1-4a83-aaf0-c8ed794c287b<-aaefd232-7c4e-4e5c-bf06-1f2dae2e69ed#0:OK-t0. Peer's state: aaefd232-7c4e-4e5c-bf06-1f2dae2e69ed@group-2203FC5028F8:t0, leader=null, voted=, raftlog=Memoized:aaefd232-7c4e-4e5c-bf06-1f2dae2e69ed@group-2203FC5028F8-SegmentedRaftLog:OPENED:c-1, conf=-1: peers:[09b3ab32-5fcb-422b-914e-2ec4890cee3e|rpc:10.1.0.34:15059|admin:10.1.0.34:15058|client:10.1.0.34:15057|dataStream:10.1.0.34:15060|priority:1|startupRole:FOLLOWER, 00be7989-d8c1-4a83-aaf0-c8ed794c287b|rpc:10.1.0.34:15041|admin:10.1.0.34:15040|client:10.1.0.34:15039|dataStream:10.1.0.34:15042|priority:0|startupRole:FOLLOWER, aaefd232-7c4e-4e5c-bf06-1f2dae2e69ed|rpc:10.1.0.34:15050|admin:10.1.0.34:15049|client:10.1.0.34:15048|dataStream:10.1.0.34:15051|priority:0|startupRole:FOLLOWER]|listeners:[], old=null
2023-06-23 15:09:15,025 [grpc-default-executor-6] INFO  server.RaftServer$Division (RaftServerImpl.java:requestVote(1302)) - 09b3ab32-5fcb-422b-914e-2ec4890cee3e@group-2203FC5028F8: receive requestVote(PRE_VOTE, aaefd232-7c4e-4e5c-bf06-1f2dae2e69ed, group-2203FC5028F8, 0, (t:0, i:0))
2023-06-23 15:09:15,025 [grpc-default-executor-5] INFO  server.RaftServer$Division (RaftServerImpl.java:requestVote(1302)) - 00be7989-d8c1-4a83-aaf0-c8ed794c287b@group-2203FC5028F8: receive requestVote(PRE_VOTE, aaefd232-7c4e-4e5c-bf06-1f2dae2e69ed, group-2203FC5028F8, 0, (t:0, i:0))
2023-06-23 15:09:15,024 [00be7989-d8c1-4a83-aaf0-c8ed794c287b@group-2203FC5028F8-LeaderElection13] INFO  impl.RoleInfo (RoleInfo.java:shutdownLeaderElection(130)) - 00be7989-d8c1-4a83-aaf0-c8ed794c287b: shutdown 00be7989-d8c1-4a83-aaf0-c8ed794c287b@group-2203FC5028F8-LeaderElection13
2023-06-23 15:09:15,025 [00be7989-d8c1-4a83-aaf0-c8ed794c287b@group-2203FC5028F8-LeaderElection13] INFO  impl.RoleInfo (RoleInfo.java:updateAndGet(139)) - 00be7989-d8c1-4a83-aaf0-c8ed794c287b: start 00be7989-d8c1-4a83-aaf0-c8ed794c287b@group-2203FC5028F8-FollowerState
2023-06-23 15:09:15,045 [grpc-default-executor-6] INFO  impl.VoteContext (VoteContext.java:log(49)) - 09b3ab32-5fcb-422b-914e-2ec4890cee3e@group-2203FC5028F8-FOLLOWER: reject PRE_VOTE from aaefd232-7c4e-4e5c-bf06-1f2dae2e69ed: our priority 1 > candidate's priority 0
2023-06-23 15:09:15,045 [grpc-default-executor-6] INFO  server.RaftServer$Division (RaftServerImpl.java:requestVote(1335)) - 09b3ab32-5fcb-422b-914e-2ec4890cee3e@group-2203FC5028F8 replies to PRE_VOTE vote request: aaefd232-7c4e-4e5c-bf06-1f2dae2e69ed<-09b3ab32-5fcb-422b-914e-2ec4890cee3e#0:FAIL-t0. Peer's state: 09b3ab32-5fcb-422b-914e-2ec4890cee3e@group-2203FC5028F8:t0, leader=null, voted=, raftlog=Memoized:09b3ab32-5fcb-422b-914e-2ec4890cee3e@group-2203FC5028F8-SegmentedRaftLog:OPENED:c-1, conf=-1: peers:[09b3ab32-5fcb-422b-914e-2ec4890cee3e|rpc:10.1.0.34:15059|admin:10.1.0.34:15058|client:10.1.0.34:15057|dataStream:10.1.0.34:15060|priority:1|startupRole:FOLLOWER, 00be7989-d8c1-4a83-aaf0-c8ed794c287b|rpc:10.1.0.34:15041|admin:10.1.0.34:15040|client:10.1.0.34:15039|dataStream:10.1.0.34:15042|priority:0|startupRole:FOLLOWER, aaefd232-7c4e-4e5c-bf06-1f2dae2e69ed|rpc:10.1.0.34:15050|admin:10.1.0.34:15049|client:10.1.0.34:15048|dataStream:10.1.0.34:15051|priority:0|startupRole:FOLLOWER]|listeners:[], old=null
2023-06-23 15:09:15,045 [grpc-default-executor-5] INFO  impl.VoteContext (VoteContext.java:log(49)) - 00be7989-d8c1-4a83-aaf0-c8ed794c287b@group-2203FC5028F8-FOLLOWER: accept PRE_VOTE from aaefd232-7c4e-4e5c-bf06-1f2dae2e69ed: our priority 0 <= candidate's priority 0
2023-06-23 15:09:15,045 [grpc-default-executor-5] INFO  server.RaftServer$Division (RaftServerImpl.java:requestVote(1335)) - 00be7989-d8c1-4a83-aaf0-c8ed794c287b@group-2203FC5028F8 replies to PRE_VOTE vote request: aaefd232-7c4e-4e5c-bf06-1f2dae2e69ed<-00be7989-d8c1-4a83-aaf0-c8ed794c287b#0:OK-t0. Peer's state: 00be7989-d8c1-4a83-aaf0-c8ed794c287b@group-2203FC5028F8:t0, leader=null, voted=, raftlog=Memoized:00be7989-d8c1-4a83-aaf0-c8ed794c287b@group-2203FC5028F8-SegmentedRaftLog:OPENED:c-1, conf=-1: peers:[09b3ab32-5fcb-422b-914e-2ec4890cee3e|rpc:10.1.0.34:15059|admin:10.1.0.34:15058|client:10.1.0.34:15057|dataStream:10.1.0.34:15060|priority:1|startupRole:FOLLOWER, 00be7989-d8c1-4a83-aaf0-c8ed794c287b|rpc:10.1.0.34:15041|admin:10.1.0.34:15040|client:10.1.0.34:15039|dataStream:10.1.0.34:15042|priority:0|startupRole:FOLLOWER, aaefd232-7c4e-4e5c-bf06-1f2dae2e69ed|rpc:10.1.0.34:15050|admin:10.1.0.34:15049|client:10.1.0.34:15048|dataStream:10.1.0.34:15051|priority:0|startupRole:FOLLOWER]|listeners:[], old=null
2023-06-23 15:09:15,047 [aaefd232-7c4e-4e5c-bf06-1f2dae2e69ed@group-2203FC5028F8-LeaderElection12] INFO  impl.LeaderElection (LeaderElection.java:logAndReturn(90)) - aaefd232-7c4e-4e5c-bf06-1f2dae2e69ed@group-2203FC5028F8-LeaderElection12: PRE_VOTE REJECTED received 2 response(s) and 0 exception(s):
2023-06-23 15:09:15,048 [aaefd232-7c4e-4e5c-bf06-1f2dae2e69ed@group-2203FC5028F8-LeaderElection12] INFO  impl.LeaderElection (LeaderElection.java:logAndReturn(94)) -   Response 0: aaefd232-7c4e-4e5c-bf06-1f2dae2e69ed<-09b3ab32-5fcb-422b-914e-2ec4890cee3e#0:FAIL-t0
2023-06-23 15:09:15,048 [aaefd232-7c4e-4e5c-bf06-1f2dae2e69ed@group-2203FC5028F8-LeaderElection12] INFO  impl.LeaderElection (LeaderElection.java:logAndReturn(94)) -   Response 1: aaefd232-7c4e-4e5c-bf06-1f2dae2e69ed<-00be7989-d8c1-4a83-aaf0-c8ed794c287b#0:OK-t0
2023-06-23 15:09:15,048 [aaefd232-7c4e-4e5c-bf06-1f2dae2e69ed@group-2203FC5028F8-LeaderElection12] INFO  impl.LeaderElection (LeaderElection.java:askForVotes(323)) - aaefd232-7c4e-4e5c-bf06-1f2dae2e69ed@group-2203FC5028F8-LeaderElection12 PRE_VOTE round 0: result REJECTED
2023-06-23 15:09:15,048 [aaefd232-7c4e-4e5c-bf06-1f2dae2e69ed@group-2203FC5028F8-LeaderElection12] INFO  server.RaftServer$Division (RaftServerImpl.java:setRole(329)) - aaefd232-7c4e-4e5c-bf06-1f2dae2e69ed@group-2203FC5028F8: changes role from CANDIDATE to FOLLOWER at term 0 for REJECTED
2023-06-23 15:09:15,048 [aaefd232-7c4e-4e5c-bf06-1f2dae2e69ed@group-2203FC5028F8-LeaderElection12] INFO  impl.RoleInfo (RoleInfo.java:shutdownLeaderElection(130)) - aaefd232-7c4e-4e5c-bf06-1f2dae2e69ed: shutdown aaefd232-7c4e-4e5c-bf06-1f2dae2e69ed@group-2203FC5028F8-LeaderElection12
2023-06-23 15:09:15,048 [aaefd232-7c4e-4e5c-bf06-1f2dae2e69ed@group-2203FC5028F8-LeaderElection12] INFO  impl.RoleInfo (RoleInfo.java:updateAndGet(139)) - aaefd232-7c4e-4e5c-bf06-1f2dae2e69ed: start aaefd232-7c4e-4e5c-bf06-1f2dae2e69ed@group-2203FC5028F8-FollowerState
2023-06-23 15:09:15,084 [09b3ab32-5fcb-422b-914e-2ec4890cee3e@group-2203FC5028F8-FollowerState] INFO  impl.FollowerState (FollowerState.java:run(143)) - 09b3ab32-5fcb-422b-914e-2ec4890cee3e@group-2203FC5028F8-FollowerState: change to CANDIDATE, lastRpcElapsedTime:5109051442ns, electionTimeout:5100ms
2023-06-23 15:09:15,085 [09b3ab32-5fcb-422b-914e-2ec4890cee3e@group-2203FC5028F8-FollowerState] INFO  impl.RoleInfo (RoleInfo.java:shutdownFollowerState(110)) - 09b3ab32-5fcb-422b-914e-2ec4890cee3e: shutdown 09b3ab32-5fcb-422b-914e-2ec4890cee3e@group-2203FC5028F8-FollowerState
2023-06-23 15:09:15,085 [09b3ab32-5fcb-422b-914e-2ec4890cee3e@group-2203FC5028F8-FollowerState] INFO  server.RaftServer$Division (RaftServerImpl.java:setRole(329)) - 09b3ab32-5fcb-422b-914e-2ec4890cee3e@group-2203FC5028F8: changes role from  FOLLOWER to CANDIDATE at term 0 for changeToCandidate
2023-06-23 15:09:15,085 [09b3ab32-5fcb-422b-914e-2ec4890cee3e@group-2203FC5028F8-FollowerState] INFO  server.RaftServerConfigKeys (ConfUtils.java:logGet(46)) - raft.server.leaderelection.pre-vote = true (default)
2023-06-23 15:09:15,085 [09b3ab32-5fcb-422b-914e-2ec4890cee3e@group-2203FC5028F8-FollowerState] INFO  impl.RoleInfo (RoleInfo.java:updateAndGet(139)) - 09b3ab32-5fcb-422b-914e-2ec4890cee3e: start 09b3ab32-5fcb-422b-914e-2ec4890cee3e@group-2203FC5028F8-LeaderElection14
2023-06-23 15:09:15,090 [09b3ab32-5fcb-422b-914e-2ec4890cee3e@group-2203FC5028F8-LeaderElection14] INFO  impl.LeaderElection (LeaderElection.java:askForVotes(321)) - 09b3ab32-5fcb-422b-914e-2ec4890cee3e@group-2203FC5028F8-LeaderElection14 PRE_VOTE round 0: submit vote requests at term 0 for -1: peers:[09b3ab32-5fcb-422b-914e-2ec4890cee3e|rpc:10.1.0.34:15059|admin:10.1.0.34:15058|client:10.1.0.34:15057|dataStream:10.1.0.34:15060|priority:1|startupRole:FOLLOWER, 00be7989-d8c1-4a83-aaf0-c8ed794c287b|rpc:10.1.0.34:15041|admin:10.1.0.34:15040|client:10.1.0.34:15039|dataStream:10.1.0.34:15042|priority:0|startupRole:FOLLOWER, aaefd232-7c4e-4e5c-bf06-1f2dae2e69ed|rpc:10.1.0.34:15050|admin:10.1.0.34:15049|client:10.1.0.34:15048|dataStream:10.1.0.34:15051|priority:0|startupRole:FOLLOWER]|listeners:[], old=null
2023-06-23 15:09:15,091 [09b3ab32-5fcb-422b-914e-2ec4890cee3e@group-2203FC5028F8-LeaderElection14-1] INFO  server.GrpcServerProtocolClient (GrpcServerProtocolClient.java:<init>(65)) - Build channel for 00be7989-d8c1-4a83-aaf0-c8ed794c287b
2023-06-23 15:09:15,096 [09b3ab32-5fcb-422b-914e-2ec4890cee3e@group-2203FC5028F8-LeaderElection14] INFO  server.RaftServerConfigKeys (ConfUtils.java:logFallback(53)) - raft.server.rpc.first-election.timeout.min = 5s (fallback to raft.server.rpc.timeout.min)
2023-06-23 15:09:15,096 [09b3ab32-5fcb-422b-914e-2ec4890cee3e@group-2203FC5028F8-LeaderElection14] INFO  server.RaftServerConfigKeys (ConfUtils.java:logFallback(53)) - raft.server.rpc.first-election.timeout.max = 5200ms (fallback to raft.server.rpc.timeout.max)
2023-06-23 15:09:15,096 [09b3ab32-5fcb-422b-914e-2ec4890cee3e@group-2203FC5028F8-LeaderElection14-2] INFO  server.GrpcServerProtocolClient (GrpcServerProtocolClient.java:<init>(65)) - Build channel for aaefd232-7c4e-4e5c-bf06-1f2dae2e69ed
2023-06-23 15:09:15,111 [grpc-default-executor-5] INFO  server.RaftServer$Division (RaftServerImpl.java:requestVote(1302)) - 00be7989-d8c1-4a83-aaf0-c8ed794c287b@group-2203FC5028F8: receive requestVote(PRE_VOTE, 09b3ab32-5fcb-422b-914e-2ec4890cee3e, group-2203FC5028F8, 0, (t:0, i:0))
2023-06-23 15:09:15,111 [grpc-default-executor-5] INFO  impl.VoteContext (VoteContext.java:log(49)) - 00be7989-d8c1-4a83-aaf0-c8ed794c287b@group-2203FC5028F8-FOLLOWER: accept PRE_VOTE from 09b3ab32-5fcb-422b-914e-2ec4890cee3e: our priority 0 <= candidate's priority 1
2023-06-23 15:09:15,111 [grpc-default-executor-5] INFO  server.RaftServer$Division (RaftServerImpl.java:requestVote(1335)) - 00be7989-d8c1-4a83-aaf0-c8ed794c287b@group-2203FC5028F8 replies to PRE_VOTE vote request: 09b3ab32-5fcb-422b-914e-2ec4890cee3e<-00be7989-d8c1-4a83-aaf0-c8ed794c287b#0:OK-t0. Peer's state: 00be7989-d8c1-4a83-aaf0-c8ed794c287b@group-2203FC5028F8:t0, leader=null, voted=, raftlog=Memoized:00be7989-d8c1-4a83-aaf0-c8ed794c287b@group-2203FC5028F8-SegmentedRaftLog:OPENED:c-1, conf=-1: peers:[09b3ab32-5fcb-422b-914e-2ec4890cee3e|rpc:10.1.0.34:15059|admin:10.1.0.34:15058|client:10.1.0.34:15057|dataStream:10.1.0.34:15060|priority:1|startupRole:FOLLOWER, 00be7989-d8c1-4a83-aaf0-c8ed794c287b|rpc:10.1.0.34:15041|admin:10.1.0.34:15040|client:10.1.0.34:15039|dataStream:10.1.0.34:15042|priority:0|startupRole:FOLLOWER, aaefd232-7c4e-4e5c-bf06-1f2dae2e69ed|rpc:10.1.0.34:15050|admin:10.1.0.34:15049|client:10.1.0.34:15048|dataStream:10.1.0.34:15051|priority:0|startupRole:FOLLOWER]|listeners:[], old=null
2023-06-23 15:09:15,117 [09b3ab32-5fcb-422b-914e-2ec4890cee3e@group-2203FC5028F8-LeaderElection14] INFO  impl.LeaderElection (LeaderElection.java:logAndReturn(90)) - 09b3ab32-5fcb-422b-914e-2ec4890cee3e@group-2203FC5028F8-LeaderElection14: PRE_VOTE PASSED received 1 response(s) and 0 exception(s):
2023-06-23 15:09:15,117 [09b3ab32-5fcb-422b-914e-2ec4890cee3e@group-2203FC5028F8-LeaderElection14] INFO  impl.LeaderElection (LeaderElection.java:logAndReturn(94)) -   Response 0: 09b3ab32-5fcb-422b-914e-2ec4890cee3e<-00be7989-d8c1-4a83-aaf0-c8ed794c287b#0:OK-t0
2023-06-23 15:09:15,117 [09b3ab32-5fcb-422b-914e-2ec4890cee3e@group-2203FC5028F8-LeaderElection14] INFO  impl.LeaderElection (LeaderElection.java:askForVotes(323)) - 09b3ab32-5fcb-422b-914e-2ec4890cee3e@group-2203FC5028F8-LeaderElection14 PRE_VOTE round 0: result PASSED
2023-06-23 15:09:15,119 [09b3ab32-5fcb-422b-914e-2ec4890cee3e@group-2203FC5028F8-LeaderElection14] INFO  impl.LeaderElection (LeaderElection.java:askForVotes(321)) - 09b3ab32-5fcb-422b-914e-2ec4890cee3e@group-2203FC5028F8-LeaderElection14 ELECTION round 0: submit vote requests at term 1 for -1: peers:[09b3ab32-5fcb-422b-914e-2ec4890cee3e|rpc:10.1.0.34:15059|admin:10.1.0.34:15058|client:10.1.0.34:15057|dataStream:10.1.0.34:15060|priority:1|startupRole:FOLLOWER, 00be7989-d8c1-4a83-aaf0-c8ed794c287b|rpc:10.1.0.34:15041|admin:10.1.0.34:15040|client:10.1.0.34:15039|dataStream:10.1.0.34:15042|priority:0|startupRole:FOLLOWER, aaefd232-7c4e-4e5c-bf06-1f2dae2e69ed|rpc:10.1.0.34:15050|admin:10.1.0.34:15049|client:10.1.0.34:15048|dataStream:10.1.0.34:15051|priority:0|startupRole:FOLLOWER]|listeners:[], old=null
2023-06-23 15:09:15,125 [09b3ab32-5fcb-422b-914e-2ec4890cee3e@group-7F3030C1F5C4-FollowerState] INFO  impl.FollowerState (FollowerState.java:run(143)) - 09b3ab32-5fcb-422b-914e-2ec4890cee3e@group-7F3030C1F5C4-FollowerState: change to CANDIDATE, lastRpcElapsedTime:5087487053ns, electionTimeout:5083ms
2023-06-23 15:09:15,125 [09b3ab32-5fcb-422b-914e-2ec4890cee3e@group-7F3030C1F5C4-FollowerState] INFO  impl.RoleInfo (RoleInfo.java:shutdownFollowerState(110)) - 09b3ab32-5fcb-422b-914e-2ec4890cee3e: shutdown 09b3ab32-5fcb-422b-914e-2ec4890cee3e@group-7F3030C1F5C4-FollowerState
2023-06-23 15:09:15,126 [09b3ab32-5fcb-422b-914e-2ec4890cee3e@group-7F3030C1F5C4-FollowerState] INFO  server.RaftServer$Division (RaftServerImpl.java:setRole(329)) - 09b3ab32-5fcb-422b-914e-2ec4890cee3e@group-7F3030C1F5C4: changes role from  FOLLOWER to CANDIDATE at term 0 for changeToCandidate
2023-06-23 15:09:15,129 [09b3ab32-5fcb-422b-914e-2ec4890cee3e@group-2203FC5028F8-LeaderElection14] INFO  server.RaftServerConfigKeys (ConfUtils.java:logFallback(53)) - raft.server.rpc.first-election.timeout.min = 5s (fallback to raft.server.rpc.timeout.min)
2023-06-23 15:09:15,129 [09b3ab32-5fcb-422b-914e-2ec4890cee3e@group-2203FC5028F8-LeaderElection14] INFO  server.RaftServerConfigKeys (ConfUtils.java:logFallback(53)) - raft.server.rpc.first-election.timeout.max = 5200ms (fallback to raft.server.rpc.timeout.max)
2023-06-23 15:09:15,129 [grpc-default-executor-5] INFO  server.RaftServer$Division (RaftServerImpl.java:requestVote(1302)) - aaefd232-7c4e-4e5c-bf06-1f2dae2e69ed@group-2203FC5028F8: receive requestVote(PRE_VOTE, 09b3ab32-5fcb-422b-914e-2ec4890cee3e, group-2203FC5028F8, 0, (t:0, i:0))
2023-06-23 15:09:15,129 [grpc-default-executor-5] INFO  impl.VoteContext (VoteContext.java:log(49)) - aaefd232-7c4e-4e5c-bf06-1f2dae2e69ed@group-2203FC5028F8-FOLLOWER: accept PRE_VOTE from 09b3ab32-5fcb-422b-914e-2ec4890cee3e: our priority 0 <= candidate's priority 1
2023-06-23 15:09:15,130 [grpc-default-executor-5] INFO  server.RaftServer$Division (RaftServerImpl.java:requestVote(1335)) - aaefd232-7c4e-4e5c-bf06-1f2dae2e69ed@group-2203FC5028F8 replies to PRE_VOTE vote request: 09b3ab32-5fcb-422b-914e-2ec4890cee3e<-aaefd232-7c4e-4e5c-bf06-1f2dae2e69ed#0:OK-t0. Peer's state: aaefd232-7c4e-4e5c-bf06-1f2dae2e69ed@group-2203FC5028F8:t0, leader=null, voted=, raftlog=Memoized:aaefd232-7c4e-4e5c-bf06-1f2dae2e69ed@group-2203FC5028F8-SegmentedRaftLog:OPENED:c-1, conf=-1: peers:[09b3ab32-5fcb-422b-914e-2ec4890cee3e|rpc:10.1.0.34:15059|admin:10.1.0.34:15058|client:10.1.0.34:15057|dataStream:10.1.0.34:15060|priority:1|startupRole:FOLLOWER, 00be7989-d8c1-4a83-aaf0-c8ed794c287b|rpc:10.1.0.34:15041|admin:10.1.0.34:15040|client:10.1.0.34:15039|dataStream:10.1.0.34:15042|priority:0|startupRole:FOLLOWER, aaefd232-7c4e-4e5c-bf06-1f2dae2e69ed|rpc:10.1.0.34:15050|admin:10.1.0.34:15049|client:10.1.0.34:15048|dataStream:10.1.0.34:15051|priority:0|startupRole:FOLLOWER]|listeners:[], old=null
2023-06-23 15:09:15,132 [09b3ab32-5fcb-422b-914e-2ec4890cee3e@group-7F3030C1F5C4-FollowerState] INFO  server.RaftServerConfigKeys (ConfUtils.java:logGet(46)) - raft.server.leaderelection.pre-vote = true (default)
2023-06-23 15:09:15,132 [09b3ab32-5fcb-422b-914e-2ec4890cee3e@group-7F3030C1F5C4-FollowerState] INFO  impl.RoleInfo (RoleInfo.java:updateAndGet(139)) - 09b3ab32-5fcb-422b-914e-2ec4890cee3e: start 09b3ab32-5fcb-422b-914e-2ec4890cee3e@group-7F3030C1F5C4-LeaderElection15
2023-06-23 15:09:15,132 [grpc-default-executor-6] INFO  server.RaftServer$Division (RaftServerImpl.java:requestVote(1302)) - 00be7989-d8c1-4a83-aaf0-c8ed794c287b@group-2203FC5028F8: receive requestVote(ELECTION, 09b3ab32-5fcb-422b-914e-2ec4890cee3e, group-2203FC5028F8, 1, (t:0, i:0))
2023-06-23 15:09:15,132 [grpc-default-executor-6] INFO  impl.VoteContext (VoteContext.java:log(49)) - 00be7989-d8c1-4a83-aaf0-c8ed794c287b@group-2203FC5028F8-FOLLOWER: accept ELECTION from 09b3ab32-5fcb-422b-914e-2ec4890cee3e: our priority 0 <= candidate's priority 1
2023-06-23 15:09:15,132 [grpc-default-executor-6] INFO  server.RaftServer$Division (RaftServerImpl.java:setRole(329)) - 00be7989-d8c1-4a83-aaf0-c8ed794c287b@group-2203FC5028F8: changes role from  FOLLOWER to FOLLOWER at term 1 for candidate:09b3ab32-5fcb-422b-914e-2ec4890cee3e
2023-06-23 15:09:15,132 [grpc-default-executor-6] INFO  impl.RoleInfo (RoleInfo.java:shutdownFollowerState(110)) - 00be7989-d8c1-4a83-aaf0-c8ed794c287b: shutdown 00be7989-d8c1-4a83-aaf0-c8ed794c287b@group-2203FC5028F8-FollowerState
2023-06-23 15:09:15,136 [grpc-default-executor-6] INFO  impl.RoleInfo (RoleInfo.java:updateAndGet(139)) - 00be7989-d8c1-4a83-aaf0-c8ed794c287b: start 00be7989-d8c1-4a83-aaf0-c8ed794c287b@group-2203FC5028F8-FollowerState
2023-06-23 15:09:15,136 [00be7989-d8c1-4a83-aaf0-c8ed794c287b@group-2203FC5028F8-FollowerState] INFO  impl.FollowerState (FollowerState.java:run(152)) - 00be7989-d8c1-4a83-aaf0-c8ed794c287b@group-2203FC5028F8-FollowerState was interrupted
2023-06-23 15:09:15,136 [grpc-default-executor-5] INFO  server.RaftServer$Division (RaftServerImpl.java:requestVote(1302)) - aaefd232-7c4e-4e5c-bf06-1f2dae2e69ed@group-2203FC5028F8: receive requestVote(ELECTION, 09b3ab32-5fcb-422b-914e-2ec4890cee3e, group-2203FC5028F8, 1, (t:0, i:0))
2023-06-23 15:09:15,136 [grpc-default-executor-5] INFO  impl.VoteContext (VoteContext.java:log(49)) - aaefd232-7c4e-4e5c-bf06-1f2dae2e69ed@group-2203FC5028F8-FOLLOWER: accept ELECTION from 09b3ab32-5fcb-422b-914e-2ec4890cee3e: our priority 0 <= candidate's priority 1
2023-06-23 15:09:15,136 [grpc-default-executor-5] INFO  server.RaftServer$Division (RaftServerImpl.java:setRole(329)) - aaefd232-7c4e-4e5c-bf06-1f2dae2e69ed@group-2203FC5028F8: changes role from  FOLLOWER to FOLLOWER at term 1 for candidate:09b3ab32-5fcb-422b-914e-2ec4890cee3e
2023-06-23 15:09:15,136 [grpc-default-executor-5] INFO  impl.RoleInfo (RoleInfo.java:shutdownFollowerState(110)) - aaefd232-7c4e-4e5c-bf06-1f2dae2e69ed: shutdown aaefd232-7c4e-4e5c-bf06-1f2dae2e69ed@group-2203FC5028F8-FollowerState
2023-06-23 15:09:15,141 [grpc-default-executor-6] INFO  server.RaftServer$Division (RaftServerImpl.java:requestVote(1335)) - 00be7989-d8c1-4a83-aaf0-c8ed794c287b@group-2203FC5028F8 replies to ELECTION vote request: 09b3ab32-5fcb-422b-914e-2ec4890cee3e<-00be7989-d8c1-4a83-aaf0-c8ed794c287b#0:OK-t1. Peer's state: 00be7989-d8c1-4a83-aaf0-c8ed794c287b@group-2203FC5028F8:t1, leader=null, voted=09b3ab32-5fcb-422b-914e-2ec4890cee3e, raftlog=Memoized:00be7989-d8c1-4a83-aaf0-c8ed794c287b@group-2203FC5028F8-SegmentedRaftLog:OPENED:c-1, conf=-1: peers:[09b3ab32-5fcb-422b-914e-2ec4890cee3e|rpc:10.1.0.34:15059|admin:10.1.0.34:15058|client:10.1.0.34:15057|dataStream:10.1.0.34:15060|priority:1|startupRole:FOLLOWER, 00be7989-d8c1-4a83-aaf0-c8ed794c287b|rpc:10.1.0.34:15041|admin:10.1.0.34:15040|client:10.1.0.34:15039|dataStream:10.1.0.34:15042|priority:0|startupRole:FOLLOWER, aaefd232-7c4e-4e5c-bf06-1f2dae2e69ed|rpc:10.1.0.34:15050|admin:10.1.0.34:15049|client:10.1.0.34:15048|dataStream:10.1.0.34:15051|priority:0|startupRole:FOLLOWER]|listeners:[], old=null
2023-06-23 15:09:15,142 [09b3ab32-5fcb-422b-914e-2ec4890cee3e@group-2203FC5028F8-LeaderElection14] INFO  impl.LeaderElection (LeaderElection.java:logAndReturn(90)) - 09b3ab32-5fcb-422b-914e-2ec4890cee3e@group-2203FC5028F8-LeaderElection14: ELECTION PASSED received 1 response(s) and 0 exception(s):
2023-06-23 15:09:15,142 [09b3ab32-5fcb-422b-914e-2ec4890cee3e@group-2203FC5028F8-LeaderElection14] INFO  impl.LeaderElection (LeaderElection.java:logAndReturn(94)) -   Response 0: 09b3ab32-5fcb-422b-914e-2ec4890cee3e<-00be7989-d8c1-4a83-aaf0-c8ed794c287b#0:OK-t1
2023-06-23 15:09:15,142 [09b3ab32-5fcb-422b-914e-2ec4890cee3e@group-7F3030C1F5C4-LeaderElection15] INFO  impl.LeaderElection (LeaderElection.java:askForVotes(321)) - 09b3ab32-5fcb-422b-914e-2ec4890cee3e@group-7F3030C1F5C4-LeaderElection15 PRE_VOTE round 0: submit vote requests at term 0 for -1: peers:[09b3ab32-5fcb-422b-914e-2ec4890cee3e|rpc:10.1.0.34:15059|admin:10.1.0.34:15058|client:10.1.0.34:15057|dataStream:10.1.0.34:15060|priority:1|startupRole:FOLLOWER]|listeners:[], old=null
2023-06-23 15:09:15,142 [09b3ab32-5fcb-422b-914e-2ec4890cee3e@group-2203FC5028F8-LeaderElection14] INFO  impl.LeaderElection (LeaderElection.java:askForVotes(323)) - 09b3ab32-5fcb-422b-914e-2ec4890cee3e@group-2203FC5028F8-LeaderElection14 ELECTION round 0: result PASSED
2023-06-23 15:09:15,142 [09b3ab32-5fcb-422b-914e-2ec4890cee3e@group-2203FC5028F8-LeaderElection14] INFO  impl.RoleInfo (RoleInfo.java:shutdownLeaderElection(130)) - 09b3ab32-5fcb-422b-914e-2ec4890cee3e: shutdown 09b3ab32-5fcb-422b-914e-2ec4890cee3e@group-2203FC5028F8-LeaderElection14
2023-06-23 15:09:15,142 [09b3ab32-5fcb-422b-914e-2ec4890cee3e@group-2203FC5028F8-LeaderElection14] INFO  server.RaftServer$Division (RaftServerImpl.java:setRole(329)) - 09b3ab32-5fcb-422b-914e-2ec4890cee3e@group-2203FC5028F8: changes role from CANDIDATE to LEADER at term 1 for changeToLeader
2023-06-23 15:09:15,142 [aaefd232-7c4e-4e5c-bf06-1f2dae2e69ed@group-2203FC5028F8-FollowerState] INFO  impl.FollowerState (FollowerState.java:run(152)) - aaefd232-7c4e-4e5c-bf06-1f2dae2e69ed@group-2203FC5028F8-FollowerState was interrupted
2023-06-23 15:09:15,142 [09b3ab32-5fcb-422b-914e-2ec4890cee3e@group-7F3030C1F5C4-LeaderElection15] INFO  impl.LeaderElection (LeaderElection.java:askForVotes(323)) - 09b3ab32-5fcb-422b-914e-2ec4890cee3e@group-7F3030C1F5C4-LeaderElection15 PRE_VOTE round 0: result PASSED (term=0)
2023-06-23 15:09:15,142 [09b3ab32-5fcb-422b-914e-2ec4890cee3e@group-2203FC5028F8-LeaderElection14] INFO  ratis.XceiverServerRatis (XceiverServerRatis.java:handleLeaderChangedNotification(902)) - Leader change notification received for group: group-2203FC5028F8 with new leaderId: 09b3ab32-5fcb-422b-914e-2ec4890cee3e
2023-06-23 15:09:15,143 [09b3ab32-5fcb-422b-914e-2ec4890cee3e@group-2203FC5028F8-LeaderElection14] INFO  server.RaftServer$Division (ServerState.java:setLeader(317)) - 09b3ab32-5fcb-422b-914e-2ec4890cee3e@group-2203FC5028F8: change Leader from null to 09b3ab32-5fcb-422b-914e-2ec4890cee3e at term 1 for becomeLeader, leader elected after 5193ms
2023-06-23 15:09:15,143 [09b3ab32-5fcb-422b-914e-2ec4890cee3e@group-2203FC5028F8-LeaderElection14] INFO  server.RaftServerConfigKeys (ConfUtils.java:logGet(46)) - raft.server.staging.catchup.gap = 1000 (default)
2023-06-23 15:09:15,143 [09b3ab32-5fcb-422b-914e-2ec4890cee3e@group-2203FC5028F8-LeaderElection14] INFO  server.RaftServerConfigKeys (ConfUtils.java:logGet(46)) - raft.server.write.element-limit = 1024 (custom)
2023-06-23 15:09:15,143 [09b3ab32-5fcb-422b-914e-2ec4890cee3e@group-2203FC5028F8-LeaderElection14] INFO  server.RaftServerConfigKeys (ConfUtils.java:logGet(46)) - raft.server.write.byte-limit = 1024 M (=1073741824) (custom)
2023-06-23 15:09:15,142 [grpc-default-executor-5] INFO  impl.RoleInfo (RoleInfo.java:updateAndGet(139)) - aaefd232-7c4e-4e5c-bf06-1f2dae2e69ed: start aaefd232-7c4e-4e5c-bf06-1f2dae2e69ed@group-2203FC5028F8-FollowerState
2023-06-23 15:09:15,143 [09b3ab32-5fcb-422b-914e-2ec4890cee3e@group-2203FC5028F8-LeaderElection14] INFO  server.RaftServerConfigKeys (ConfUtils.java:logGet(46)) - raft.server.watch.timeout = 180s (custom)
2023-06-23 15:09:15,143 [09b3ab32-5fcb-422b-914e-2ec4890cee3e@group-2203FC5028F8-LeaderElection14] INFO  server.RaftServerConfigKeys (ConfUtils.java:logGet(46)) - raft.server.watch.timeout.denomination = 1s (default)
2023-06-23 15:09:15,144 [09b3ab32-5fcb-422b-914e-2ec4890cee3e@group-2203FC5028F8-LeaderElection14] INFO  server.RaftServerConfigKeys (ConfUtils.java:logGet(46)) - raft.server.watch.element-limit = 65536 (default)
2023-06-23 15:09:15,144 [09b3ab32-5fcb-422b-914e-2ec4890cee3e@group-2203FC5028F8-LeaderElection14] INFO  server.RaftServerConfigKeys (ConfUtils.java:logGet(46)) - raft.server.write.element-limit = 1024 (custom)
2023-06-23 15:09:15,144 [09b3ab32-5fcb-422b-914e-2ec4890cee3e@group-2203FC5028F8-LeaderElection14] INFO  server.RaftServerConfigKeys (ConfUtils.java:logGet(46)) - raft.server.write.follower.gap.ratio.max = -1.0 (default)
2023-06-23 15:09:15,144 [09b3ab32-5fcb-422b-914e-2ec4890cee3e@group-2203FC5028F8-LeaderElection14] INFO  server.RaftServerConfigKeys (ConfUtils.java:logGet(46)) - raft.server.log.appender.snapshot.chunk.size.max = 16MB (=16777216) (default)
2023-06-23 15:09:15,144 [09b3ab32-5fcb-422b-914e-2ec4890cee3e@group-2203FC5028F8-LeaderElection14] INFO  server.RaftServerConfigKeys (ConfUtils.java:logGet(46)) - raft.server.log.appender.buffer.byte-limit = 33554432 (custom)
2023-06-23 15:09:15,144 [09b3ab32-5fcb-422b-914e-2ec4890cee3e@group-2203FC5028F8-LeaderElection14] INFO  server.RaftServerConfigKeys (ConfUtils.java:logGet(46)) - raft.server.log.appender.buffer.element-limit = 1 (custom)
2023-06-23 15:09:15,146 [EventQueue-PipelineReportForPipelineReportHandler] INFO  pipeline.PipelineManagerImpl (PipelineManagerImpl.java:openPipeline(381)) - Pipeline Pipeline[ Id: 69d671e8-1ffb-428d-a945-2203fc5028f8, Nodes: aaefd232-7c4e-4e5c-bf06-1f2dae2e69ed(fv-az424-541.i1gjr3zuz4qevjy1zin2gin2ih.gx.internal.cloudapp.net/10.1.0.34)09b3ab32-5fcb-422b-914e-2ec4890cee3e(fv-az424-541.i1gjr3zuz4qevjy1zin2gin2ih.gx.internal.cloudapp.net/10.1.0.34)00be7989-d8c1-4a83-aaf0-c8ed794c287b(fv-az424-541.i1gjr3zuz4qevjy1zin2gin2ih.gx.internal.cloudapp.net/10.1.0.34), ReplicationConfig: RATIS/THREE, State:ALLOCATED, leaderId:09b3ab32-5fcb-422b-914e-2ec4890cee3e, CreationTimestamp2023-06-23T15:09:07.005Z[Etc/UTC]] moved to OPEN state
2023-06-23 15:09:15,148 [09b3ab32-5fcb-422b-914e-2ec4890cee3e@group-2203FC5028F8-LeaderElection14] INFO  server.RaftServerConfigKeys (ConfUtils.java:logGet(46)) - raft.server.log.appender.wait-time.min = 10ms (default)
2023-06-23 15:09:15,148 [09b3ab32-5fcb-422b-914e-2ec4890cee3e@group-2203FC5028F8-LeaderElection14] INFO  grpc.GrpcConfigKeys (ConfUtils.java:logGet(46)) - raft.grpc.server.leader.outstanding.appends.max = 128 (default)
2023-06-23 15:09:15,149 [09b3ab32-5fcb-422b-914e-2ec4890cee3e@group-2203FC5028F8-LeaderElection14] INFO  server.RaftServerConfigKeys (ConfUtils.java:logGet(46)) - raft.server.rpc.request.timeout = 60s (custom)
2023-06-23 15:09:15,149 [09b3ab32-5fcb-422b-914e-2ec4890cee3e@group-2203FC5028F8-LeaderElection14] INFO  grpc.GrpcConfigKeys (ConfUtils.java:logGet(46)) - raft.grpc.server.install_snapshot.request.element-limit = 8 (default)
2023-06-23 15:09:15,149 [09b3ab32-5fcb-422b-914e-2ec4890cee3e@group-2203FC5028F8-LeaderElection14] INFO  grpc.GrpcConfigKeys (ConfUtils.java:logGet(46)) - raft.grpc.server.install_snapshot.request.timeout = 3000ms (default)
2023-06-23 15:09:15,149 [09b3ab32-5fcb-422b-914e-2ec4890cee3e@group-2203FC5028F8-LeaderElection14] INFO  server.RaftServerConfigKeys (ConfUtils.java:logGet(46)) - raft.server.log.appender.install.snapshot.enabled = false (custom)
2023-06-23 15:09:15,149 [09b3ab32-5fcb-422b-914e-2ec4890cee3e@group-2203FC5028F8-LeaderElection14] INFO  grpc.GrpcConfigKeys (ConfUtils.java:logGet(46)) - raft.grpc.server.heartbeat.channel = true (default)
2023-06-23 15:09:15,150 [09b3ab32-5fcb-422b-914e-2ec4890cee3e@group-2203FC5028F8-LeaderElection14] INFO  server.RaftServerConfigKeys (ConfUtils.java:logGet(46)) - raft.server.log.appender.snapshot.chunk.size.max = 16MB (=16777216) (default)
2023-06-23 15:09:15,150 [09b3ab32-5fcb-422b-914e-2ec4890cee3e@group-2203FC5028F8-LeaderElection14] INFO  server.RaftServerConfigKeys (ConfUtils.java:logGet(46)) - raft.server.log.appender.buffer.byte-limit = 33554432 (custom)
2023-06-23 15:09:15,150 [09b3ab32-5fcb-422b-914e-2ec4890cee3e@group-2203FC5028F8-LeaderElection14] INFO  server.RaftServerConfigKeys (ConfUtils.java:logGet(46)) - raft.server.log.appender.buffer.element-limit = 1 (custom)
2023-06-23 15:09:15,150 [09b3ab32-5fcb-422b-914e-2ec4890cee3e@group-2203FC5028F8-LeaderElection14] INFO  server.RaftServerConfigKeys (ConfUtils.java:logGet(46)) - raft.server.log.appender.wait-time.min = 10ms (default)
2023-06-23 15:09:15,150 [09b3ab32-5fcb-422b-914e-2ec4890cee3e@group-2203FC5028F8-LeaderElection14] INFO  grpc.GrpcConfigKeys (ConfUtils.java:logGet(46)) - raft.grpc.server.leader.outstanding.appends.max = 128 (default)
2023-06-23 15:09:15,150 [09b3ab32-5fcb-422b-914e-2ec4890cee3e@group-2203FC5028F8-LeaderElection14] INFO  server.RaftServerConfigKeys (ConfUtils.java:logGet(46)) - raft.server.rpc.request.timeout = 60s (custom)
2023-06-23 15:09:15,150 [09b3ab32-5fcb-422b-914e-2ec4890cee3e@group-2203FC5028F8-LeaderElection14] INFO  grpc.GrpcConfigKeys (ConfUtils.java:logGet(46)) - raft.grpc.server.install_snapshot.request.element-limit = 8 (default)
2023-06-23 15:09:15,150 [09b3ab32-5fcb-422b-914e-2ec4890cee3e@group-2203FC5028F8-LeaderElection14] INFO  grpc.GrpcConfigKeys (ConfUtils.java:logGet(46)) - raft.grpc.server.install_snapshot.request.timeout = 3000ms (default)
2023-06-23 15:09:15,151 [grpc-default-executor-5] INFO  server.RaftServer$Division (RaftServerImpl.java:requestVote(1335)) - aaefd232-7c4e-4e5c-bf06-1f2dae2e69ed@group-2203FC5028F8 replies to ELECTION vote request: 09b3ab32-5fcb-422b-914e-2ec4890cee3e<-aaefd232-7c4e-4e5c-bf06-1f2dae2e69ed#0:OK-t1. Peer's state: aaefd232-7c4e-4e5c-bf06-1f2dae2e69ed@group-2203FC5028F8:t1, leader=null, voted=09b3ab32-5fcb-422b-914e-2ec4890cee3e, raftlog=Memoized:aaefd232-7c4e-4e5c-bf06-1f2dae2e69ed@group-2203FC5028F8-SegmentedRaftLog:OPENED:c-1, conf=-1: peers:[09b3ab32-5fcb-422b-914e-2ec4890cee3e|rpc:10.1.0.34:15059|admin:10.1.0.34:15058|client:10.1.0.34:15057|dataStream:10.1.0.34:15060|priority:1|startupRole:FOLLOWER, 00be7989-d8c1-4a83-aaf0-c8ed794c287b|rpc:10.1.0.34:15041|admin:10.1.0.34:15040|client:10.1.0.34:15039|dataStream:10.1.0.34:15042|priority:0|startupRole:FOLLOWER, aaefd232-7c4e-4e5c-bf06-1f2dae2e69ed|rpc:10.1.0.34:15050|admin:10.1.0.34:15049|client:10.1.0.34:15048|dataStream:10.1.0.34:15051|priority:0|startupRole:FOLLOWER]|listeners:[], old=null
2023-06-23 15:09:15,152 [09b3ab32-5fcb-422b-914e-2ec4890cee3e@group-2203FC5028F8-LeaderElection14] INFO  server.RaftServerConfigKeys (ConfUtils.java:logGet(46)) - raft.server.log.appender.install.snapshot.enabled = false (custom)
2023-06-23 15:09:15,152 [09b3ab32-5fcb-422b-914e-2ec4890cee3e@group-2203FC5028F8-LeaderElection14] INFO  grpc.GrpcConfigKeys (ConfUtils.java:logGet(46)) - raft.grpc.server.heartbeat.channel = true (default)
2023-06-23 15:09:15,152 [09b3ab32-5fcb-422b-914e-2ec4890cee3e@group-2203FC5028F8-LeaderElection14] INFO  impl.RoleInfo (RoleInfo.java:updateAndGet(139)) - 09b3ab32-5fcb-422b-914e-2ec4890cee3e: start 09b3ab32-5fcb-422b-914e-2ec4890cee3e@group-2203FC5028F8-LeaderStateImpl
2023-06-23 15:09:15,153 [09b3ab32-5fcb-422b-914e-2ec4890cee3e@group-2203FC5028F8-LeaderElection14] INFO  segmented.SegmentedRaftLogWorker (SegmentedRaftLogWorker.java:startLogSegment(447)) - 09b3ab32-5fcb-422b-914e-2ec4890cee3e@group-2203FC5028F8-SegmentedRaftLogWorker: Starting segment from index:0
2023-06-23 15:09:15,152 [09b3ab32-5fcb-422b-914e-2ec4890cee3e@group-7F3030C1F5C4-LeaderElection15] INFO  impl.LeaderElection (LeaderElection.java:askForVotes(321)) - 09b3ab32-5fcb-422b-914e-2ec4890cee3e@group-7F3030C1F5C4-LeaderElection15 ELECTION round 0: submit vote requests at term 1 for -1: peers:[09b3ab32-5fcb-422b-914e-2ec4890cee3e|rpc:10.1.0.34:15059|admin:10.1.0.34:15058|client:10.1.0.34:15057|dataStream:10.1.0.34:15060|priority:1|startupRole:FOLLOWER]|listeners:[], old=null
2023-06-23 15:09:15,153 [09b3ab32-5fcb-422b-914e-2ec4890cee3e@group-7F3030C1F5C4-LeaderElection15] INFO  impl.LeaderElection (LeaderElection.java:askForVotes(323)) - 09b3ab32-5fcb-422b-914e-2ec4890cee3e@group-7F3030C1F5C4-LeaderElection15 ELECTION round 0: result PASSED (term=1)
2023-06-23 15:09:15,154 [09b3ab32-5fcb-422b-914e-2ec4890cee3e@group-2203FC5028F8-SegmentedRaftLogWorker] INFO  segmented.SegmentedRaftLogWorker (SegmentedRaftLogWorker.java:execute(651)) - 09b3ab32-5fcb-422b-914e-2ec4890cee3e@group-2203FC5028F8-SegmentedRaftLogWorker: created new log segment /home/runner/work/ozone/ozone/hadoop-ozone/integration-test/target/test-dir/MiniOzoneClusterImpl-741560ff-92e5-4b28-9778-2cf52193c8f3/datanode-5/data/ratis/69d671e8-1ffb-428d-a945-2203fc5028f8/current/log_inprogress_0
2023-06-23 15:09:15,159 [09b3ab32-5fcb-422b-914e-2ec4890cee3e@group-2203FC5028F8-LeaderElection14] INFO  server.RaftServer$Division (ServerState.java:setRaftConf(434)) - 09b3ab32-5fcb-422b-914e-2ec4890cee3e@group-2203FC5028F8: set configuration 0: peers:[09b3ab32-5fcb-422b-914e-2ec4890cee3e|rpc:10.1.0.34:15059|admin:10.1.0.34:15058|client:10.1.0.34:15057|dataStream:10.1.0.34:15060|priority:1|startupRole:FOLLOWER, 00be7989-d8c1-4a83-aaf0-c8ed794c287b|rpc:10.1.0.34:15041|admin:10.1.0.34:15040|client:10.1.0.34:15039|dataStream:10.1.0.34:15042|priority:0|startupRole:FOLLOWER, aaefd232-7c4e-4e5c-bf06-1f2dae2e69ed|rpc:10.1.0.34:15050|admin:10.1.0.34:15049|client:10.1.0.34:15048|dataStream:10.1.0.34:15051|priority:0|startupRole:FOLLOWER]|listeners:[], old=null
2023-06-23 15:09:15,164 [09b3ab32-5fcb-422b-914e-2ec4890cee3e@group-7F3030C1F5C4-LeaderElection15] INFO  impl.RoleInfo (RoleInfo.java:shutdownLeaderElection(130)) - 09b3ab32-5fcb-422b-914e-2ec4890cee3e: shutdown 09b3ab32-5fcb-422b-914e-2ec4890cee3e@group-7F3030C1F5C4-LeaderElection15
2023-06-23 15:09:15,164 [09b3ab32-5fcb-422b-914e-2ec4890cee3e@group-7F3030C1F5C4-LeaderElection15] INFO  server.RaftServer$Division (RaftServerImpl.java:setRole(329)) - 09b3ab32-5fcb-422b-914e-2ec4890cee3e@group-7F3030C1F5C4: changes role from CANDIDATE to LEADER at term 1 for changeToLeader
2023-06-23 15:09:15,164 [09b3ab32-5fcb-422b-914e-2ec4890cee3e@group-7F3030C1F5C4-LeaderElection15] INFO  ratis.XceiverServerRatis (XceiverServerRatis.java:handleLeaderChangedNotification(902)) - Leader change notification received for group: group-7F3030C1F5C4 with new leaderId: 09b3ab32-5fcb-422b-914e-2ec4890cee3e
2023-06-23 15:09:15,164 [09b3ab32-5fcb-422b-914e-2ec4890cee3e@group-7F3030C1F5C4-LeaderElection15] INFO  server.RaftServer$Division (ServerState.java:setLeader(317)) - 09b3ab32-5fcb-422b-914e-2ec4890cee3e@group-7F3030C1F5C4: change Leader from null to 09b3ab32-5fcb-422b-914e-2ec4890cee3e at term 1 for becomeLeader, leader elected after 5162ms
2023-06-23 15:09:15,164 [09b3ab32-5fcb-422b-914e-2ec4890cee3e@group-7F3030C1F5C4-LeaderElection15] INFO  server.RaftServerConfigKeys (ConfUtils.java:logGet(46)) - raft.server.staging.catchup.gap = 1000 (default)
2023-06-23 15:09:15,164 [09b3ab32-5fcb-422b-914e-2ec4890cee3e@group-7F3030C1F5C4-LeaderElection15] INFO  server.RaftServerConfigKeys (ConfUtils.java:logGet(46)) - raft.server.write.element-limit = 1024 (custom)
2023-06-23 15:09:15,164 [09b3ab32-5fcb-422b-914e-2ec4890cee3e@group-7F3030C1F5C4-LeaderElection15] INFO  server.RaftServerConfigKeys (ConfUtils.java:logGet(46)) - raft.server.write.byte-limit = 1024 M (=1073741824) (custom)
2023-06-23 15:09:15,165 [09b3ab32-5fcb-422b-914e-2ec4890cee3e@group-7F3030C1F5C4-LeaderElection15] INFO  server.RaftServerConfigKeys (ConfUtils.java:logGet(46)) - raft.server.watch.timeout = 180s (custom)
2023-06-23 15:09:15,165 [09b3ab32-5fcb-422b-914e-2ec4890cee3e@group-7F3030C1F5C4-LeaderElection15] INFO  server.RaftServerConfigKeys (ConfUtils.java:logGet(46)) - raft.server.watch.timeout.denomination = 1s (default)
2023-06-23 15:09:15,165 [09b3ab32-5fcb-422b-914e-2ec4890cee3e@group-7F3030C1F5C4-LeaderElection15] INFO  server.RaftServerConfigKeys (ConfUtils.java:logGet(46)) - raft.server.watch.element-limit = 65536 (default)
2023-06-23 15:09:15,165 [09b3ab32-5fcb-422b-914e-2ec4890cee3e@group-7F3030C1F5C4-LeaderElection15] INFO  server.RaftServerConfigKeys (ConfUtils.java:logGet(46)) - raft.server.write.element-limit = 1024 (custom)
2023-06-23 15:09:15,165 [09b3ab32-5fcb-422b-914e-2ec4890cee3e@group-7F3030C1F5C4-LeaderElection15] INFO  server.RaftServerConfigKeys (ConfUtils.java:logGet(46)) - raft.server.write.follower.gap.ratio.max = -1.0 (default)
2023-06-23 15:09:15,165 [09b3ab32-5fcb-422b-914e-2ec4890cee3e@group-7F3030C1F5C4-LeaderElection15] INFO  impl.RoleInfo (RoleInfo.java:updateAndGet(139)) - 09b3ab32-5fcb-422b-914e-2ec4890cee3e: start 09b3ab32-5fcb-422b-914e-2ec4890cee3e@group-7F3030C1F5C4-LeaderStateImpl
2023-06-23 15:09:15,165 [09b3ab32-5fcb-422b-914e-2ec4890cee3e@group-7F3030C1F5C4-LeaderElection15] INFO  segmented.SegmentedRaftLogWorker (SegmentedRaftLogWorker.java:startLogSegment(447)) - 09b3ab32-5fcb-422b-914e-2ec4890cee3e@group-7F3030C1F5C4-SegmentedRaftLogWorker: Starting segment from index:0
2023-06-23 15:09:15,167 [09b3ab32-5fcb-422b-914e-2ec4890cee3e@group-7F3030C1F5C4-SegmentedRaftLogWorker] INFO  segmented.SegmentedRaftLogWorker (SegmentedRaftLogWorker.java:execute(651)) - 09b3ab32-5fcb-422b-914e-2ec4890cee3e@group-7F3030C1F5C4-SegmentedRaftLogWorker: created new log segment /home/runner/work/ozone/ozone/hadoop-ozone/integration-test/target/test-dir/MiniOzoneClusterImpl-741560ff-92e5-4b28-9778-2cf52193c8f3/datanode-5/data/ratis/02d69290-92f4-48ab-be1b-7f3030c1f5c4/current/log_inprogress_0
2023-06-23 15:09:15,188 [09b3ab32-5fcb-422b-914e-2ec4890cee3e@group-7F3030C1F5C4-LeaderElection15] INFO  server.RaftServer$Division (ServerState.java:setRaftConf(434)) - 09b3ab32-5fcb-422b-914e-2ec4890cee3e@group-7F3030C1F5C4: set configuration 0: peers:[09b3ab32-5fcb-422b-914e-2ec4890cee3e|rpc:10.1.0.34:15059|admin:10.1.0.34:15058|client:10.1.0.34:15057|dataStream:10.1.0.34:15060|priority:1|startupRole:FOLLOWER]|listeners:[], old=null
2023-06-23 15:09:15,191 [aaefd232-7c4e-4e5c-bf06-1f2dae2e69ed-server-thread2] INFO  ratis.XceiverServerRatis (XceiverServerRatis.java:handleLeaderChangedNotification(902)) - Leader change notification received for group: group-2203FC5028F8 with new leaderId: 09b3ab32-5fcb-422b-914e-2ec4890cee3e
2023-06-23 15:09:15,191 [aaefd232-7c4e-4e5c-bf06-1f2dae2e69ed-server-thread2] INFO  server.RaftServer$Division (ServerState.java:setLeader(317)) - aaefd232-7c4e-4e5c-bf06-1f2dae2e69ed@group-2203FC5028F8: change Leader from null to 09b3ab32-5fcb-422b-914e-2ec4890cee3e at term 1 for appendEntries, leader elected after 5317ms
2023-06-23 15:09:15,192 [00be7989-d8c1-4a83-aaf0-c8ed794c287b-server-thread2] INFO  ratis.XceiverServerRatis (XceiverServerRatis.java:handleLeaderChangedNotification(902)) - Leader change notification received for group: group-2203FC5028F8 with new leaderId: 09b3ab32-5fcb-422b-914e-2ec4890cee3e
2023-06-23 15:09:15,192 [00be7989-d8c1-4a83-aaf0-c8ed794c287b-server-thread2] INFO  server.RaftServer$Division (ServerState.java:setLeader(317)) - 00be7989-d8c1-4a83-aaf0-c8ed794c287b@group-2203FC5028F8: change Leader from null to 09b3ab32-5fcb-422b-914e-2ec4890cee3e at term 1 for appendEntries, leader elected after 5304ms
2023-06-23 15:09:15,201 [aaefd232-7c4e-4e5c-bf06-1f2dae2e69ed-server-thread2] INFO  server.RaftServer$Division (ServerState.java:setRaftConf(434)) - aaefd232-7c4e-4e5c-bf06-1f2dae2e69ed@group-2203FC5028F8: set configuration 0: peers:[09b3ab32-5fcb-422b-914e-2ec4890cee3e|rpc:10.1.0.34:15059|admin:10.1.0.34:15058|client:10.1.0.34:15057|dataStream:10.1.0.34:15060|priority:1|startupRole:FOLLOWER, 00be7989-d8c1-4a83-aaf0-c8ed794c287b|rpc:10.1.0.34:15041|admin:10.1.0.34:15040|client:10.1.0.34:15039|dataStream:10.1.0.34:15042|priority:0|startupRole:FOLLOWER, aaefd232-7c4e-4e5c-bf06-1f2dae2e69ed|rpc:10.1.0.34:15050|admin:10.1.0.34:15049|client:10.1.0.34:15048|dataStream:10.1.0.34:15051|priority:0|startupRole:FOLLOWER]|listeners:[], old=null
2023-06-23 15:09:15,201 [aaefd232-7c4e-4e5c-bf06-1f2dae2e69ed-server-thread2] INFO  segmented.SegmentedRaftLogWorker (SegmentedRaftLogWorker.java:startLogSegment(447)) - aaefd232-7c4e-4e5c-bf06-1f2dae2e69ed@group-2203FC5028F8-SegmentedRaftLogWorker: Starting segment from index:0
2023-06-23 15:09:15,201 [00be7989-d8c1-4a83-aaf0-c8ed794c287b-server-thread2] INFO  server.RaftServer$Division (ServerState.java:setRaftConf(434)) - 00be7989-d8c1-4a83-aaf0-c8ed794c287b@group-2203FC5028F8: set configuration 0: peers:[09b3ab32-5fcb-422b-914e-2ec4890cee3e|rpc:10.1.0.34:15059|admin:10.1.0.34:15058|client:10.1.0.34:15057|dataStream:10.1.0.34:15060|priority:1|startupRole:FOLLOWER, 00be7989-d8c1-4a83-aaf0-c8ed794c287b|rpc:10.1.0.34:15041|admin:10.1.0.34:15040|client:10.1.0.34:15039|dataStream:10.1.0.34:15042|priority:0|startupRole:FOLLOWER, aaefd232-7c4e-4e5c-bf06-1f2dae2e69ed|rpc:10.1.0.34:15050|admin:10.1.0.34:15049|client:10.1.0.34:15048|dataStream:10.1.0.34:15051|priority:0|startupRole:FOLLOWER]|listeners:[], old=null
2023-06-23 15:09:15,202 [00be7989-d8c1-4a83-aaf0-c8ed794c287b-server-thread2] INFO  segmented.SegmentedRaftLogWorker (SegmentedRaftLogWorker.java:startLogSegment(447)) - 00be7989-d8c1-4a83-aaf0-c8ed794c287b@group-2203FC5028F8-SegmentedRaftLogWorker: Starting segment from index:0
2023-06-23 15:09:15,205 [aaefd232-7c4e-4e5c-bf06-1f2dae2e69ed@group-2203FC5028F8-SegmentedRaftLogWorker] INFO  segmented.SegmentedRaftLogWorker (SegmentedRaftLogWorker.java:execute(651)) - aaefd232-7c4e-4e5c-bf06-1f2dae2e69ed@group-2203FC5028F8-SegmentedRaftLogWorker: created new log segment /home/runner/work/ozone/ozone/hadoop-ozone/integration-test/target/test-dir/MiniOzoneClusterImpl-741560ff-92e5-4b28-9778-2cf52193c8f3/datanode-4/data/ratis/69d671e8-1ffb-428d-a945-2203fc5028f8/current/log_inprogress_0
2023-06-23 15:09:15,206 [00be7989-d8c1-4a83-aaf0-c8ed794c287b@group-2203FC5028F8-SegmentedRaftLogWorker] INFO  segmented.SegmentedRaftLogWorker (SegmentedRaftLogWorker.java:execute(651)) - 00be7989-d8c1-4a83-aaf0-c8ed794c287b@group-2203FC5028F8-SegmentedRaftLogWorker: created new log segment /home/runner/work/ozone/ozone/hadoop-ozone/integration-test/target/test-dir/MiniOzoneClusterImpl-741560ff-92e5-4b28-9778-2cf52193c8f3/datanode-3/data/ratis/69d671e8-1ffb-428d-a945-2203fc5028f8/current/log_inprogress_0
2023-06-23 15:09:15,583 [qtp577682023-18] INFO  kms-audit (SimpleKMSAuditLogger.java:logAuditSimpleFormat(93)) - OK[op=CREATE_KEY, key=key1, user=runner] UserProvidedMaterial:false Description:key1
2023-06-23 15:09:15,605 [8f274f01-9fb1-4f6a-9095-80f32b07f498@group-9210922174F7-FollowerState] INFO  impl.FollowerState (FollowerState.java:run(143)) - 8f274f01-9fb1-4f6a-9095-80f32b07f498@group-9210922174F7-FollowerState: change to CANDIDATE, lastRpcElapsedTime:5101645408ns, electionTimeout:5096ms
2023-06-23 15:09:15,605 [8f274f01-9fb1-4f6a-9095-80f32b07f498@group-9210922174F7-FollowerState] INFO  impl.RoleInfo (RoleInfo.java:shutdownFollowerState(110)) - 8f274f01-9fb1-4f6a-9095-80f32b07f498: shutdown 8f274f01-9fb1-4f6a-9095-80f32b07f498@group-9210922174F7-FollowerState
2023-06-23 15:09:15,605 [8f274f01-9fb1-4f6a-9095-80f32b07f498@group-9210922174F7-FollowerState] INFO  server.RaftServer$Division (RaftServerImpl.java:setRole(329)) - 8f274f01-9fb1-4f6a-9095-80f32b07f498@group-9210922174F7: changes role from  FOLLOWER to CANDIDATE at term 0 for changeToCandidate
2023-06-23 15:09:15,605 [8f274f01-9fb1-4f6a-9095-80f32b07f498@group-9210922174F7-FollowerState] INFO  server.RaftServerConfigKeys (ConfUtils.java:logGet(46)) - raft.server.leaderelection.pre-vote = true (default)
2023-06-23 15:09:15,605 [8f274f01-9fb1-4f6a-9095-80f32b07f498@group-9210922174F7-FollowerState] INFO  impl.RoleInfo (RoleInfo.java:updateAndGet(139)) - 8f274f01-9fb1-4f6a-9095-80f32b07f498: start 8f274f01-9fb1-4f6a-9095-80f32b07f498@group-9210922174F7-LeaderElection16
2023-06-23 15:09:15,605 [main] INFO  rpc.RpcClient (RpcClient.java:createVolume(459)) - Creating Volume: cdcd7e53-41af-44de-b87d-0e4ea172c9c7, with runner as owner and space quota set to -1 bytes, counts quota set to -1
2023-06-23 15:09:15,608 [8f274f01-9fb1-4f6a-9095-80f32b07f498@group-9210922174F7-LeaderElection16] INFO  impl.LeaderElection (LeaderElection.java:askForVotes(321)) - 8f274f01-9fb1-4f6a-9095-80f32b07f498@group-9210922174F7-LeaderElection16 PRE_VOTE round 0: submit vote requests at term 0 for -1: peers:[8f274f01-9fb1-4f6a-9095-80f32b07f498|rpc:10.1.0.34:15068|admin:10.1.0.34:15067|client:10.1.0.34:15066|dataStream:10.1.0.34:15069|priority:1|startupRole:FOLLOWER, 9f5088ea-8577-40bb-8f98-2a64f0190639|rpc:10.1.0.34:15077|admin:10.1.0.34:15076|client:10.1.0.34:15075|dataStream:10.1.0.34:15078|priority:0|startupRole:FOLLOWER, 1f6e8c2c-f646-4632-8e05-148bee690267|rpc:10.1.0.34:15086|admin:10.1.0.34:15085|client:10.1.0.34:15084|dataStream:10.1.0.34:15087|priority:0|startupRole:FOLLOWER]|listeners:[], old=null
2023-06-23 15:09:15,608 [8f274f01-9fb1-4f6a-9095-80f32b07f498@group-9210922174F7-LeaderElection16-1] INFO  server.GrpcServerProtocolClient (GrpcServerProtocolClient.java:<init>(65)) - Build channel for 9f5088ea-8577-40bb-8f98-2a64f0190639
2023-06-23 15:09:15,611 [8f274f01-9fb1-4f6a-9095-80f32b07f498@group-9210922174F7-LeaderElection16] INFO  server.RaftServerConfigKeys (ConfUtils.java:logFallback(53)) - raft.server.rpc.first-election.timeout.min = 5s (fallback to raft.server.rpc.timeout.min)
2023-06-23 15:09:15,611 [8f274f01-9fb1-4f6a-9095-80f32b07f498@group-9210922174F7-LeaderElection16] INFO  server.RaftServerConfigKeys (ConfUtils.java:logFallback(53)) - raft.server.rpc.first-election.timeout.max = 5200ms (fallback to raft.server.rpc.timeout.max)
2023-06-23 15:09:15,612 [8f274f01-9fb1-4f6a-9095-80f32b07f498@group-9210922174F7-LeaderElection16-2] INFO  server.GrpcServerProtocolClient (GrpcServerProtocolClient.java:<init>(65)) - Build channel for 1f6e8c2c-f646-4632-8e05-148bee690267
2023-06-23 15:09:15,629 [grpc-default-executor-5] INFO  server.RaftServer$Division (RaftServerImpl.java:requestVote(1302)) - 9f5088ea-8577-40bb-8f98-2a64f0190639@group-9210922174F7: receive requestVote(PRE_VOTE, 8f274f01-9fb1-4f6a-9095-80f32b07f498, group-9210922174F7, 0, (t:0, i:0))
2023-06-23 15:09:15,630 [grpc-default-executor-5] INFO  impl.VoteContext (VoteContext.java:log(49)) - 9f5088ea-8577-40bb-8f98-2a64f0190639@group-9210922174F7-FOLLOWER: accept PRE_VOTE from 8f274f01-9fb1-4f6a-9095-80f32b07f498: our priority 0 <= candidate's priority 1
2023-06-23 15:09:15,630 [grpc-default-executor-5] INFO  server.RaftServer$Division (RaftServerImpl.java:requestVote(1335)) - 9f5088ea-8577-40bb-8f98-2a64f0190639@group-9210922174F7 replies to PRE_VOTE vote request: 8f274f01-9fb1-4f6a-9095-80f32b07f498<-9f5088ea-8577-40bb-8f98-2a64f0190639#0:OK-t0. Peer's state: 9f5088ea-8577-40bb-8f98-2a64f0190639@group-9210922174F7:t0, leader=null, voted=, raftlog=Memoized:9f5088ea-8577-40bb-8f98-2a64f0190639@group-9210922174F7-SegmentedRaftLog:OPENED:c-1, conf=-1: peers:[8f274f01-9fb1-4f6a-9095-80f32b07f498|rpc:10.1.0.34:15068|admin:10.1.0.34:15067|client:10.1.0.34:15066|dataStream:10.1.0.34:15069|priority:1|startupRole:FOLLOWER, 9f5088ea-8577-40bb-8f98-2a64f0190639|rpc:10.1.0.34:15077|admin:10.1.0.34:15076|client:10.1.0.34:15075|dataStream:10.1.0.34:15078|priority:0|startupRole:FOLLOWER, 1f6e8c2c-f646-4632-8e05-148bee690267|rpc:10.1.0.34:15086|admin:10.1.0.34:15085|client:10.1.0.34:15084|dataStream:10.1.0.34:15087|priority:0|startupRole:FOLLOWER]|listeners:[], old=null
2023-06-23 15:09:15,636 [grpc-default-executor-5] INFO  server.RaftServer$Division (RaftServerImpl.java:requestVote(1302)) - 1f6e8c2c-f646-4632-8e05-148bee690267@group-9210922174F7: receive requestVote(PRE_VOTE, 8f274f01-9fb1-4f6a-9095-80f32b07f498, group-9210922174F7, 0, (t:0, i:0))
2023-06-23 15:09:15,636 [grpc-default-executor-5] INFO  impl.VoteContext (VoteContext.java:log(49)) - 1f6e8c2c-f646-4632-8e05-148bee690267@group-9210922174F7-FOLLOWER: accept PRE_VOTE from 8f274f01-9fb1-4f6a-9095-80f32b07f498: our priority 0 <= candidate's priority 1
2023-06-23 15:09:15,636 [grpc-default-executor-5] INFO  server.RaftServer$Division (RaftServerImpl.java:requestVote(1335)) - 1f6e8c2c-f646-4632-8e05-148bee690267@group-9210922174F7 replies to PRE_VOTE vote request: 8f274f01-9fb1-4f6a-9095-80f32b07f498<-1f6e8c2c-f646-4632-8e05-148bee690267#0:OK-t0. Peer's state: 1f6e8c2c-f646-4632-8e05-148bee690267@group-9210922174F7:t0, leader=null, voted=, raftlog=Memoized:1f6e8c2c-f646-4632-8e05-148bee690267@group-9210922174F7-SegmentedRaftLog:OPENED:c-1, conf=-1: peers:[8f274f01-9fb1-4f6a-9095-80f32b07f498|rpc:10.1.0.34:15068|admin:10.1.0.34:15067|client:10.1.0.34:15066|dataStream:10.1.0.34:15069|priority:1|startupRole:FOLLOWER, 9f5088ea-8577-40bb-8f98-2a64f0190639|rpc:10.1.0.34:15077|admin:10.1.0.34:15076|client:10.1.0.34:15075|dataStream:10.1.0.34:15078|priority:0|startupRole:FOLLOWER, 1f6e8c2c-f646-4632-8e05-148bee690267|rpc:10.1.0.34:15086|admin:10.1.0.34:15085|client:10.1.0.34:15084|dataStream:10.1.0.34:15087|priority:0|startupRole:FOLLOWER]|listeners:[], old=null
2023-06-23 15:09:15,638 [8f274f01-9fb1-4f6a-9095-80f32b07f498@group-9210922174F7-LeaderElection16] INFO  impl.LeaderElection (LeaderElection.java:logAndReturn(90)) - 8f274f01-9fb1-4f6a-9095-80f32b07f498@group-9210922174F7-LeaderElection16: PRE_VOTE PASSED received 1 response(s) and 0 exception(s):
2023-06-23 15:09:15,638 [8f274f01-9fb1-4f6a-9095-80f32b07f498@group-9210922174F7-LeaderElection16] INFO  impl.LeaderElection (LeaderElection.java:logAndReturn(94)) -   Response 0: 8f274f01-9fb1-4f6a-9095-80f32b07f498<-1f6e8c2c-f646-4632-8e05-148bee690267#0:OK-t0
2023-06-23 15:09:15,638 [8f274f01-9fb1-4f6a-9095-80f32b07f498@group-9210922174F7-LeaderElection16] INFO  impl.LeaderElection (LeaderElection.java:askForVotes(323)) - 8f274f01-9fb1-4f6a-9095-80f32b07f498@group-9210922174F7-LeaderElection16 PRE_VOTE round 0: result PASSED
2023-06-23 15:09:15,649 [8f274f01-9fb1-4f6a-9095-80f32b07f498@group-9210922174F7-LeaderElection16] INFO  impl.LeaderElection (LeaderElection.java:askForVotes(321)) - 8f274f01-9fb1-4f6a-9095-80f32b07f498@group-9210922174F7-LeaderElection16 ELECTION round 0: submit vote requests at term 1 for -1: peers:[8f274f01-9fb1-4f6a-9095-80f32b07f498|rpc:10.1.0.34:15068|admin:10.1.0.34:15067|client:10.1.0.34:15066|dataStream:10.1.0.34:15069|priority:1|startupRole:FOLLOWER, 9f5088ea-8577-40bb-8f98-2a64f0190639|rpc:10.1.0.34:15077|admin:10.1.0.34:15076|client:10.1.0.34:15075|dataStream:10.1.0.34:15078|priority:0|startupRole:FOLLOWER, 1f6e8c2c-f646-4632-8e05-148bee690267|rpc:10.1.0.34:15086|admin:10.1.0.34:15085|client:10.1.0.34:15084|dataStream:10.1.0.34:15087|priority:0|startupRole:FOLLOWER]|listeners:[], old=null
2023-06-23 15:09:15,653 [grpc-default-executor-5] INFO  server.RaftServer$Division (RaftServerImpl.java:requestVote(1302)) - 9f5088ea-8577-40bb-8f98-2a64f0190639@group-9210922174F7: receive requestVote(ELECTION, 8f274f01-9fb1-4f6a-9095-80f32b07f498, group-9210922174F7, 1, (t:0, i:0))
2023-06-23 15:09:15,654 [grpc-default-executor-5] INFO  impl.VoteContext (VoteContext.java:log(49)) - 9f5088ea-8577-40bb-8f98-2a64f0190639@group-9210922174F7-FOLLOWER: accept ELECTION from 8f274f01-9fb1-4f6a-9095-80f32b07f498: our priority 0 <= candidate's priority 1
2023-06-23 15:09:15,654 [grpc-default-executor-5] INFO  server.RaftServer$Division (RaftServerImpl.java:setRole(329)) - 9f5088ea-8577-40bb-8f98-2a64f0190639@group-9210922174F7: changes role from  FOLLOWER to FOLLOWER at term 1 for candidate:8f274f01-9fb1-4f6a-9095-80f32b07f498
2023-06-23 15:09:15,654 [grpc-default-executor-5] INFO  impl.RoleInfo (RoleInfo.java:shutdownFollowerState(110)) - 9f5088ea-8577-40bb-8f98-2a64f0190639: shutdown 9f5088ea-8577-40bb-8f98-2a64f0190639@group-9210922174F7-FollowerState
2023-06-23 15:09:15,654 [8f274f01-9fb1-4f6a-9095-80f32b07f498@group-9210922174F7-LeaderElection16] INFO  server.RaftServerConfigKeys (ConfUtils.java:logFallback(53)) - raft.server.rpc.first-election.timeout.min = 5s (fallback to raft.server.rpc.timeout.min)
2023-06-23 15:09:15,654 [8f274f01-9fb1-4f6a-9095-80f32b07f498@group-9210922174F7-LeaderElection16] INFO  server.RaftServerConfigKeys (ConfUtils.java:logFallback(53)) - raft.server.rpc.first-election.timeout.max = 5200ms (fallback to raft.server.rpc.timeout.max)
2023-06-23 15:09:15,655 [grpc-default-executor-3] INFO  server.RaftServer$Division (RaftServerImpl.java:requestVote(1302)) - 1f6e8c2c-f646-4632-8e05-148bee690267@group-9210922174F7: receive requestVote(ELECTION, 8f274f01-9fb1-4f6a-9095-80f32b07f498, group-9210922174F7, 1, (t:0, i:0))
2023-06-23 15:09:15,662 [grpc-default-executor-5] INFO  impl.RoleInfo (RoleInfo.java:updateAndGet(139)) - 9f5088ea-8577-40bb-8f98-2a64f0190639: start 9f5088ea-8577-40bb-8f98-2a64f0190639@group-9210922174F7-FollowerState
2023-06-23 15:09:15,662 [grpc-default-executor-3] INFO  impl.VoteContext (VoteContext.java:log(49)) - 1f6e8c2c-f646-4632-8e05-148bee690267@group-9210922174F7-FOLLOWER: accept ELECTION from 8f274f01-9fb1-4f6a-9095-80f32b07f498: our priority 0 <= candidate's priority 1
2023-06-23 15:09:15,662 [9f5088ea-8577-40bb-8f98-2a64f0190639@group-9210922174F7-FollowerState] INFO  impl.FollowerState (FollowerState.java:run(152)) - 9f5088ea-8577-40bb-8f98-2a64f0190639@group-9210922174F7-FollowerState was interrupted
2023-06-23 15:09:15,662 [grpc-default-executor-3] INFO  server.RaftServer$Division (RaftServerImpl.java:setRole(329)) - 1f6e8c2c-f646-4632-8e05-148bee690267@group-9210922174F7: changes role from  FOLLOWER to FOLLOWER at term 1 for candidate:8f274f01-9fb1-4f6a-9095-80f32b07f498
2023-06-23 15:09:15,662 [grpc-default-executor-3] INFO  impl.RoleInfo (RoleInfo.java:shutdownFollowerState(110)) - 1f6e8c2c-f646-4632-8e05-148bee690267: shutdown 1f6e8c2c-f646-4632-8e05-148bee690267@group-9210922174F7-FollowerState
2023-06-23 15:09:15,662 [grpc-default-executor-3] INFO  impl.RoleInfo (RoleInfo.java:updateAndGet(139)) - 1f6e8c2c-f646-4632-8e05-148bee690267: start 1f6e8c2c-f646-4632-8e05-148bee690267@group-9210922174F7-FollowerState
2023-06-23 15:09:15,663 [1f6e8c2c-f646-4632-8e05-148bee690267@group-9210922174F7-FollowerState] INFO  impl.FollowerState (FollowerState.java:run(152)) - 1f6e8c2c-f646-4632-8e05-148bee690267@group-9210922174F7-FollowerState was interrupted
2023-06-23 15:09:15,664 [grpc-default-executor-5] INFO  server.RaftServer$Division (RaftServerImpl.java:requestVote(1335)) - 9f5088ea-8577-40bb-8f98-2a64f0190639@group-9210922174F7 replies to ELECTION vote request: 8f274f01-9fb1-4f6a-9095-80f32b07f498<-9f5088ea-8577-40bb-8f98-2a64f0190639#0:OK-t1. Peer's state: 9f5088ea-8577-40bb-8f98-2a64f0190639@group-9210922174F7:t1, leader=null, voted=8f274f01-9fb1-4f6a-9095-80f32b07f498, raftlog=Memoized:9f5088ea-8577-40bb-8f98-2a64f0190639@group-9210922174F7-SegmentedRaftLog:OPENED:c-1, conf=-1: peers:[8f274f01-9fb1-4f6a-9095-80f32b07f498|rpc:10.1.0.34:15068|admin:10.1.0.34:15067|client:10.1.0.34:15066|dataStream:10.1.0.34:15069|priority:1|startupRole:FOLLOWER, 9f5088ea-8577-40bb-8f98-2a64f0190639|rpc:10.1.0.34:15077|admin:10.1.0.34:15076|client:10.1.0.34:15075|dataStream:10.1.0.34:15078|priority:0|startupRole:FOLLOWER, 1f6e8c2c-f646-4632-8e05-148bee690267|rpc:10.1.0.34:15086|admin:10.1.0.34:15085|client:10.1.0.34:15084|dataStream:10.1.0.34:15087|priority:0|startupRole:FOLLOWER]|listeners:[], old=null
2023-06-23 15:09:15,665 [8f274f01-9fb1-4f6a-9095-80f32b07f498@group-9210922174F7-LeaderElection16] INFO  impl.LeaderElection (LeaderElection.java:logAndReturn(90)) - 8f274f01-9fb1-4f6a-9095-80f32b07f498@group-9210922174F7-LeaderElection16: ELECTION PASSED received 1 response(s) and 0 exception(s):
2023-06-23 15:09:15,665 [8f274f01-9fb1-4f6a-9095-80f32b07f498@group-9210922174F7-LeaderElection16] INFO  impl.LeaderElection (LeaderElection.java:logAndReturn(94)) -   Response 0: 8f274f01-9fb1-4f6a-9095-80f32b07f498<-9f5088ea-8577-40bb-8f98-2a64f0190639#0:OK-t1
2023-06-23 15:09:15,665 [8f274f01-9fb1-4f6a-9095-80f32b07f498@group-9210922174F7-LeaderElection16] INFO  impl.LeaderElection (LeaderElection.java:askForVotes(323)) - 8f274f01-9fb1-4f6a-9095-80f32b07f498@group-9210922174F7-LeaderElection16 ELECTION round 0: result PASSED
2023-06-23 15:09:15,665 [8f274f01-9fb1-4f6a-9095-80f32b07f498@group-9210922174F7-LeaderElection16] INFO  impl.RoleInfo (RoleInfo.java:shutdownLeaderElection(130)) - 8f274f01-9fb1-4f6a-9095-80f32b07f498: shutdown 8f274f01-9fb1-4f6a-9095-80f32b07f498@group-9210922174F7-LeaderElection16
2023-06-23 15:09:15,665 [8f274f01-9fb1-4f6a-9095-80f32b07f498@group-9210922174F7-LeaderElection16] INFO  server.RaftServer$Division (RaftServerImpl.java:setRole(329)) - 8f274f01-9fb1-4f6a-9095-80f32b07f498@group-9210922174F7: changes role from CANDIDATE to LEADER at term 1 for changeToLeader
2023-06-23 15:09:15,665 [8f274f01-9fb1-4f6a-9095-80f32b07f498@group-9210922174F7-LeaderElection16] INFO  ratis.XceiverServerRatis (XceiverServerRatis.java:handleLeaderChangedNotification(902)) - Leader change notification received for group: group-9210922174F7 with new leaderId: 8f274f01-9fb1-4f6a-9095-80f32b07f498
2023-06-23 15:09:15,665 [8f274f01-9fb1-4f6a-9095-80f32b07f498@group-9210922174F7-LeaderElection16] INFO  server.RaftServer$Division (ServerState.java:setLeader(317)) - 8f274f01-9fb1-4f6a-9095-80f32b07f498@group-9210922174F7: change Leader from null to 8f274f01-9fb1-4f6a-9095-80f32b07f498 at term 1 for becomeLeader, leader elected after 5179ms
2023-06-23 15:09:15,665 [8f274f01-9fb1-4f6a-9095-80f32b07f498@group-9210922174F7-LeaderElection16] INFO  server.RaftServerConfigKeys (ConfUtils.java:logGet(46)) - raft.server.staging.catchup.gap = 1000 (default)
2023-06-23 15:09:15,665 [8f274f01-9fb1-4f6a-9095-80f32b07f498@group-9210922174F7-LeaderElection16] INFO  server.RaftServerConfigKeys (ConfUtils.java:logGet(46)) - raft.server.write.element-limit = 1024 (custom)
2023-06-23 15:09:15,665 [8f274f01-9fb1-4f6a-9095-80f32b07f498@group-9210922174F7-LeaderElection16] INFO  server.RaftServerConfigKeys (ConfUtils.java:logGet(46)) - raft.server.write.byte-limit = 1024 M (=1073741824) (custom)
2023-06-23 15:09:15,666 [8f274f01-9fb1-4f6a-9095-80f32b07f498@group-9210922174F7-LeaderElection16] INFO  server.RaftServerConfigKeys (ConfUtils.java:logGet(46)) - raft.server.watch.timeout = 180s (custom)
2023-06-23 15:09:15,666 [8f274f01-9fb1-4f6a-9095-80f32b07f498@group-9210922174F7-LeaderElection16] INFO  server.RaftServerConfigKeys (ConfUtils.java:logGet(46)) - raft.server.watch.timeout.denomination = 1s (default)
2023-06-23 15:09:15,666 [8f274f01-9fb1-4f6a-9095-80f32b07f498@group-9210922174F7-LeaderElection16] INFO  server.RaftServerConfigKeys (ConfUtils.java:logGet(46)) - raft.server.watch.element-limit = 65536 (default)
2023-06-23 15:09:15,666 [grpc-default-executor-3] INFO  server.RaftServer$Division (RaftServerImpl.java:requestVote(1335)) - 1f6e8c2c-f646-4632-8e05-148bee690267@group-9210922174F7 replies to ELECTION vote request: 8f274f01-9fb1-4f6a-9095-80f32b07f498<-1f6e8c2c-f646-4632-8e05-148bee690267#0:OK-t1. Peer's state: 1f6e8c2c-f646-4632-8e05-148bee690267@group-9210922174F7:t1, leader=null, voted=8f274f01-9fb1-4f6a-9095-80f32b07f498, raftlog=Memoized:1f6e8c2c-f646-4632-8e05-148bee690267@group-9210922174F7-SegmentedRaftLog:OPENED:c-1, conf=-1: peers:[8f274f01-9fb1-4f6a-9095-80f32b07f498|rpc:10.1.0.34:15068|admin:10.1.0.34:15067|client:10.1.0.34:15066|dataStream:10.1.0.34:15069|priority:1|startupRole:FOLLOWER, 9f5088ea-8577-40bb-8f98-2a64f0190639|rpc:10.1.0.34:15077|admin:10.1.0.34:15076|client:10.1.0.34:15075|dataStream:10.1.0.34:15078|priority:0|startupRole:FOLLOWER, 1f6e8c2c-f646-4632-8e05-148bee690267|rpc:10.1.0.34:15086|admin:10.1.0.34:15085|client:10.1.0.34:15084|dataStream:10.1.0.34:15087|priority:0|startupRole:FOLLOWER]|listeners:[], old=null
2023-06-23 15:09:15,666 [8f274f01-9fb1-4f6a-9095-80f32b07f498@group-9210922174F7-LeaderElection16] INFO  server.RaftServerConfigKeys (ConfUtils.java:logGet(46)) - raft.server.write.element-limit = 1024 (custom)
2023-06-23 15:09:15,666 [8f274f01-9fb1-4f6a-9095-80f32b07f498@group-9210922174F7-LeaderElection16] INFO  server.RaftServerConfigKeys (ConfUtils.java:logGet(46)) - raft.server.write.follower.gap.ratio.max = -1.0 (default)
2023-06-23 15:09:15,667 [8f274f01-9fb1-4f6a-9095-80f32b07f498@group-9210922174F7-LeaderElection16] INFO  server.RaftServerConfigKeys (ConfUtils.java:logGet(46)) - raft.server.log.appender.snapshot.chunk.size.max = 16MB (=16777216) (default)
2023-06-23 15:09:15,668 [8f274f01-9fb1-4f6a-9095-80f32b07f498@group-9210922174F7-LeaderElection16] INFO  server.RaftServerConfigKeys (ConfUtils.java:logGet(46)) - raft.server.log.appender.buffer.byte-limit = 33554432 (custom)
2023-06-23 15:09:15,668 [EventQueue-PipelineReportForPipelineReportHandler] INFO  pipeline.PipelineManagerImpl (PipelineManagerImpl.java:openPipeline(381)) - Pipeline Pipeline[ Id: 5026fec4-7540-4970-aee9-9210922174f7, Nodes: 8f274f01-9fb1-4f6a-9095-80f32b07f498(fv-az424-541.i1gjr3zuz4qevjy1zin2gin2ih.gx.internal.cloudapp.net/10.1.0.34)1f6e8c2c-f646-4632-8e05-148bee690267(fv-az424-541.i1gjr3zuz4qevjy1zin2gin2ih.gx.internal.cloudapp.net/10.1.0.34)9f5088ea-8577-40bb-8f98-2a64f0190639(fv-az424-541.i1gjr3zuz4qevjy1zin2gin2ih.gx.internal.cloudapp.net/10.1.0.34), ReplicationConfig: RATIS/THREE, State:ALLOCATED, leaderId:8f274f01-9fb1-4f6a-9095-80f32b07f498, CreationTimestamp2023-06-23T15:09:08.300Z[Etc/UTC]] moved to OPEN state
2023-06-23 15:09:15,668 [8f274f01-9fb1-4f6a-9095-80f32b07f498@group-9210922174F7-LeaderElection16] INFO  server.RaftServerConfigKeys (ConfUtils.java:logGet(46)) - raft.server.log.appender.buffer.element-limit = 1 (custom)
2023-06-23 15:09:15,669 [8f274f01-9fb1-4f6a-9095-80f32b07f498@group-9210922174F7-LeaderElection16] INFO  server.RaftServerConfigKeys (ConfUtils.java:logGet(46)) - raft.server.log.appender.wait-time.min = 10ms (default)
2023-06-23 15:09:15,669 [8f274f01-9fb1-4f6a-9095-80f32b07f498@group-9210922174F7-LeaderElection16] INFO  grpc.GrpcConfigKeys (ConfUtils.java:logGet(46)) - raft.grpc.server.leader.outstanding.appends.max = 128 (default)
2023-06-23 15:09:15,669 [8f274f01-9fb1-4f6a-9095-80f32b07f498@group-9210922174F7-LeaderElection16] INFO  server.RaftServerConfigKeys (ConfUtils.java:logGet(46)) - raft.server.rpc.request.timeout = 60s (custom)
2023-06-23 15:09:15,669 [8f274f01-9fb1-4f6a-9095-80f32b07f498@group-9210922174F7-LeaderElection16] INFO  grpc.GrpcConfigKeys (ConfUtils.java:logGet(46)) - raft.grpc.server.install_snapshot.request.element-limit = 8 (default)
2023-06-23 15:09:15,669 [8f274f01-9fb1-4f6a-9095-80f32b07f498@group-9210922174F7-LeaderElection16] INFO  grpc.GrpcConfigKeys (ConfUtils.java:logGet(46)) - raft.grpc.server.install_snapshot.request.timeout = 3000ms (default)
2023-06-23 15:09:15,669 [8f274f01-9fb1-4f6a-9095-80f32b07f498@group-9210922174F7-LeaderElection16] INFO  server.RaftServerConfigKeys (ConfUtils.java:logGet(46)) - raft.server.log.appender.install.snapshot.enabled = false (custom)
2023-06-23 15:09:15,669 [8f274f01-9fb1-4f6a-9095-80f32b07f498@group-9210922174F7-LeaderElection16] INFO  grpc.GrpcConfigKeys (ConfUtils.java:logGet(46)) - raft.grpc.server.heartbeat.channel = true (default)
2023-06-23 15:09:15,670 [8f274f01-9fb1-4f6a-9095-80f32b07f498@group-9210922174F7-LeaderElection16] INFO  server.RaftServerConfigKeys (ConfUtils.java:logGet(46)) - raft.server.log.appender.snapshot.chunk.size.max = 16MB (=16777216) (default)
2023-06-23 15:09:15,670 [8f274f01-9fb1-4f6a-9095-80f32b07f498@group-9210922174F7-LeaderElection16] INFO  server.RaftServerConfigKeys (ConfUtils.java:logGet(46)) - raft.server.log.appender.buffer.byte-limit = 33554432 (custom)
2023-06-23 15:09:15,670 [8f274f01-9fb1-4f6a-9095-80f32b07f498@group-9210922174F7-LeaderElection16] INFO  server.RaftServerConfigKeys (ConfUtils.java:logGet(46)) - raft.server.log.appender.buffer.element-limit = 1 (custom)
2023-06-23 15:09:15,670 [8f274f01-9fb1-4f6a-9095-80f32b07f498@group-9210922174F7-LeaderElection16] INFO  server.RaftServerConfigKeys (ConfUtils.java:logGet(46)) - raft.server.log.appender.wait-time.min = 10ms (default)
2023-06-23 15:09:15,670 [8f274f01-9fb1-4f6a-9095-80f32b07f498@group-9210922174F7-LeaderElection16] INFO  grpc.GrpcConfigKeys (ConfUtils.java:logGet(46)) - raft.grpc.server.leader.outstanding.appends.max = 128 (default)
2023-06-23 15:09:15,670 [8f274f01-9fb1-4f6a-9095-80f32b07f498@group-9210922174F7-LeaderElection16] INFO  server.RaftServerConfigKeys (ConfUtils.java:logGet(46)) - raft.server.rpc.request.timeout = 60s (custom)
2023-06-23 15:09:15,670 [8f274f01-9fb1-4f6a-9095-80f32b07f498@group-9210922174F7-LeaderElection16] INFO  grpc.GrpcConfigKeys (ConfUtils.java:logGet(46)) - raft.grpc.server.install_snapshot.request.element-limit = 8 (default)
2023-06-23 15:09:15,670 [8f274f01-9fb1-4f6a-9095-80f32b07f498@group-9210922174F7-LeaderElection16] INFO  grpc.GrpcConfigKeys (ConfUtils.java:logGet(46)) - raft.grpc.server.install_snapshot.request.timeout = 3000ms (default)
2023-06-23 15:09:15,670 [8f274f01-9fb1-4f6a-9095-80f32b07f498@group-9210922174F7-LeaderElection16] INFO  server.RaftServerConfigKeys (ConfUtils.java:logGet(46)) - raft.server.log.appender.install.snapshot.enabled = false (custom)
2023-06-23 15:09:15,670 [8f274f01-9fb1-4f6a-9095-80f32b07f498@group-9210922174F7-LeaderElection16] INFO  grpc.GrpcConfigKeys (ConfUtils.java:logGet(46)) - raft.grpc.server.heartbeat.channel = true (default)
2023-06-23 15:09:15,670 [8f274f01-9fb1-4f6a-9095-80f32b07f498@group-9210922174F7-LeaderElection16] INFO  impl.RoleInfo (RoleInfo.java:updateAndGet(139)) - 8f274f01-9fb1-4f6a-9095-80f32b07f498: start 8f274f01-9fb1-4f6a-9095-80f32b07f498@group-9210922174F7-LeaderStateImpl
2023-06-23 15:09:15,671 [8f274f01-9fb1-4f6a-9095-80f32b07f498@group-9210922174F7-LeaderElection16] INFO  segmented.SegmentedRaftLogWorker (SegmentedRaftLogWorker.java:startLogSegment(447)) - 8f274f01-9fb1-4f6a-9095-80f32b07f498@group-9210922174F7-SegmentedRaftLogWorker: Starting segment from index:0
2023-06-23 15:09:15,675 [8f274f01-9fb1-4f6a-9095-80f32b07f498@group-80AD8E0CE213-FollowerState] INFO  impl.FollowerState (FollowerState.java:run(143)) - 8f274f01-9fb1-4f6a-9095-80f32b07f498@group-80AD8E0CE213-FollowerState: change to CANDIDATE, lastRpcElapsedTime:5203434842ns, electionTimeout:5191ms
2023-06-23 15:09:15,675 [8f274f01-9fb1-4f6a-9095-80f32b07f498@group-80AD8E0CE213-FollowerState] INFO  impl.RoleInfo (RoleInfo.java:shutdownFollowerState(110)) - 8f274f01-9fb1-4f6a-9095-80f32b07f498: shutdown 8f274f01-9fb1-4f6a-9095-80f32b07f498@group-80AD8E0CE213-FollowerState
2023-06-23 15:09:15,675 [8f274f01-9fb1-4f6a-9095-80f32b07f498@group-80AD8E0CE213-FollowerState] INFO  server.RaftServer$Division (RaftServerImpl.java:setRole(329)) - 8f274f01-9fb1-4f6a-9095-80f32b07f498@group-80AD8E0CE213: changes role from  FOLLOWER to CANDIDATE at term 0 for changeToCandidate
2023-06-23 15:09:15,675 [8f274f01-9fb1-4f6a-9095-80f32b07f498@group-80AD8E0CE213-FollowerState] INFO  server.RaftServerConfigKeys (ConfUtils.java:logGet(46)) - raft.server.leaderelection.pre-vote = true (default)
2023-06-23 15:09:15,675 [8f274f01-9fb1-4f6a-9095-80f32b07f498@group-80AD8E0CE213-FollowerState] INFO  impl.RoleInfo (RoleInfo.java:updateAndGet(139)) - 8f274f01-9fb1-4f6a-9095-80f32b07f498: start 8f274f01-9fb1-4f6a-9095-80f32b07f498@group-80AD8E0CE213-LeaderElection17
2023-06-23 15:09:15,677 [8f274f01-9fb1-4f6a-9095-80f32b07f498@group-80AD8E0CE213-LeaderElection17] INFO  impl.LeaderElection (LeaderElection.java:askForVotes(321)) - 8f274f01-9fb1-4f6a-9095-80f32b07f498@group-80AD8E0CE213-LeaderElection17 PRE_VOTE round 0: submit vote requests at term 0 for -1: peers:[8f274f01-9fb1-4f6a-9095-80f32b07f498|rpc:10.1.0.34:15068|admin:10.1.0.34:15067|client:10.1.0.34:15066|dataStream:10.1.0.34:15069|priority:1|startupRole:FOLLOWER]|listeners:[], old=null
2023-06-23 15:09:15,677 [8f274f01-9fb1-4f6a-9095-80f32b07f498@group-80AD8E0CE213-LeaderElection17] INFO  impl.LeaderElection (LeaderElection.java:askForVotes(323)) - 8f274f01-9fb1-4f6a-9095-80f32b07f498@group-80AD8E0CE213-LeaderElection17 PRE_VOTE round 0: result PASSED (term=0)
2023-06-23 15:09:15,683 [8f274f01-9fb1-4f6a-9095-80f32b07f498@group-9210922174F7-SegmentedRaftLogWorker] INFO  segmented.SegmentedRaftLogWorker (SegmentedRaftLogWorker.java:execute(651)) - 8f274f01-9fb1-4f6a-9095-80f32b07f498@group-9210922174F7-SegmentedRaftLogWorker: created new log segment /home/runner/work/ozone/ozone/hadoop-ozone/integration-test/target/test-dir/MiniOzoneClusterImpl-741560ff-92e5-4b28-9778-2cf52193c8f3/datanode-6/data/ratis/5026fec4-7540-4970-aee9-9210922174f7/current/log_inprogress_0
2023-06-23 15:09:15,683 [8f274f01-9fb1-4f6a-9095-80f32b07f498@group-9210922174F7-LeaderElection16] INFO  server.RaftServer$Division (ServerState.java:setRaftConf(434)) - 8f274f01-9fb1-4f6a-9095-80f32b07f498@group-9210922174F7: set configuration 0: peers:[8f274f01-9fb1-4f6a-9095-80f32b07f498|rpc:10.1.0.34:15068|admin:10.1.0.34:15067|client:10.1.0.34:15066|dataStream:10.1.0.34:15069|priority:1|startupRole:FOLLOWER, 9f5088ea-8577-40bb-8f98-2a64f0190639|rpc:10.1.0.34:15077|admin:10.1.0.34:15076|client:10.1.0.34:15075|dataStream:10.1.0.34:15078|priority:0|startupRole:FOLLOWER, 1f6e8c2c-f646-4632-8e05-148bee690267|rpc:10.1.0.34:15086|admin:10.1.0.34:15085|client:10.1.0.34:15084|dataStream:10.1.0.34:15087|priority:0|startupRole:FOLLOWER]|listeners:[], old=null
2023-06-23 15:09:15,684 [8f274f01-9fb1-4f6a-9095-80f32b07f498@group-80AD8E0CE213-LeaderElection17] INFO  impl.LeaderElection (LeaderElection.java:askForVotes(321)) - 8f274f01-9fb1-4f6a-9095-80f32b07f498@group-80AD8E0CE213-LeaderElection17 ELECTION round 0: submit vote requests at term 1 for -1: peers:[8f274f01-9fb1-4f6a-9095-80f32b07f498|rpc:10.1.0.34:15068|admin:10.1.0.34:15067|client:10.1.0.34:15066|dataStream:10.1.0.34:15069|priority:1|startupRole:FOLLOWER]|listeners:[], old=null
2023-06-23 15:09:15,685 [8f274f01-9fb1-4f6a-9095-80f32b07f498@group-80AD8E0CE213-LeaderElection17] INFO  impl.LeaderElection (LeaderElection.java:askForVotes(323)) - 8f274f01-9fb1-4f6a-9095-80f32b07f498@group-80AD8E0CE213-LeaderElection17 ELECTION round 0: result PASSED (term=1)
2023-06-23 15:09:15,685 [8f274f01-9fb1-4f6a-9095-80f32b07f498@group-80AD8E0CE213-LeaderElection17] INFO  impl.RoleInfo (RoleInfo.java:shutdownLeaderElection(130)) - 8f274f01-9fb1-4f6a-9095-80f32b07f498: shutdown 8f274f01-9fb1-4f6a-9095-80f32b07f498@group-80AD8E0CE213-LeaderElection17
2023-06-23 15:09:15,686 [8f274f01-9fb1-4f6a-9095-80f32b07f498@group-80AD8E0CE213-LeaderElection17] INFO  server.RaftServer$Division (RaftServerImpl.java:setRole(329)) - 8f274f01-9fb1-4f6a-9095-80f32b07f498@group-80AD8E0CE213: changes role from CANDIDATE to LEADER at term 1 for changeToLeader
2023-06-23 15:09:15,686 [8f274f01-9fb1-4f6a-9095-80f32b07f498@group-80AD8E0CE213-LeaderElection17] INFO  ratis.XceiverServerRatis (XceiverServerRatis.java:handleLeaderChangedNotification(902)) - Leader change notification received for group: group-80AD8E0CE213 with new leaderId: 8f274f01-9fb1-4f6a-9095-80f32b07f498
2023-06-23 15:09:15,686 [8f274f01-9fb1-4f6a-9095-80f32b07f498@group-80AD8E0CE213-LeaderElection17] INFO  server.RaftServer$Division (ServerState.java:setLeader(317)) - 8f274f01-9fb1-4f6a-9095-80f32b07f498@group-80AD8E0CE213: change Leader from null to 8f274f01-9fb1-4f6a-9095-80f32b07f498 at term 1 for becomeLeader, leader elected after 5235ms
2023-06-23 15:09:15,686 [8f274f01-9fb1-4f6a-9095-80f32b07f498@group-80AD8E0CE213-LeaderElection17] INFO  server.RaftServerConfigKeys (ConfUtils.java:logGet(46)) - raft.server.staging.catchup.gap = 1000 (default)
2023-06-23 15:09:15,688 [8f274f01-9fb1-4f6a-9095-80f32b07f498@group-80AD8E0CE213-LeaderElection17] INFO  server.RaftServerConfigKeys (ConfUtils.java:logGet(46)) - raft.server.write.element-limit = 1024 (custom)
2023-06-23 15:09:15,688 [8f274f01-9fb1-4f6a-9095-80f32b07f498@group-80AD8E0CE213-LeaderElection17] INFO  server.RaftServerConfigKeys (ConfUtils.java:logGet(46)) - raft.server.write.byte-limit = 1024 M (=1073741824) (custom)
2023-06-23 15:09:15,689 [8f274f01-9fb1-4f6a-9095-80f32b07f498@group-80AD8E0CE213-LeaderElection17] INFO  server.RaftServerConfigKeys (ConfUtils.java:logGet(46)) - raft.server.watch.timeout = 180s (custom)
2023-06-23 15:09:15,689 [8f274f01-9fb1-4f6a-9095-80f32b07f498@group-80AD8E0CE213-LeaderElection17] INFO  server.RaftServerConfigKeys (ConfUtils.java:logGet(46)) - raft.server.watch.timeout.denomination = 1s (default)
2023-06-23 15:09:15,689 [8f274f01-9fb1-4f6a-9095-80f32b07f498@group-80AD8E0CE213-LeaderElection17] INFO  server.RaftServerConfigKeys (ConfUtils.java:logGet(46)) - raft.server.watch.element-limit = 65536 (default)
2023-06-23 15:09:15,689 [8f274f01-9fb1-4f6a-9095-80f32b07f498@group-80AD8E0CE213-LeaderElection17] INFO  server.RaftServerConfigKeys (ConfUtils.java:logGet(46)) - raft.server.write.element-limit = 1024 (custom)
2023-06-23 15:09:15,689 [8f274f01-9fb1-4f6a-9095-80f32b07f498@group-80AD8E0CE213-LeaderElection17] INFO  server.RaftServerConfigKeys (ConfUtils.java:logGet(46)) - raft.server.write.follower.gap.ratio.max = -1.0 (default)
2023-06-23 15:09:15,689 [8f274f01-9fb1-4f6a-9095-80f32b07f498@group-80AD8E0CE213-LeaderElection17] INFO  impl.RoleInfo (RoleInfo.java:updateAndGet(139)) - 8f274f01-9fb1-4f6a-9095-80f32b07f498: start 8f274f01-9fb1-4f6a-9095-80f32b07f498@group-80AD8E0CE213-LeaderStateImpl
2023-06-23 15:09:15,689 [8f274f01-9fb1-4f6a-9095-80f32b07f498@group-80AD8E0CE213-LeaderElection17] INFO  segmented.SegmentedRaftLogWorker (SegmentedRaftLogWorker.java:startLogSegment(447)) - 8f274f01-9fb1-4f6a-9095-80f32b07f498@group-80AD8E0CE213-SegmentedRaftLogWorker: Starting segment from index:0
2023-06-23 15:09:15,690 [8f274f01-9fb1-4f6a-9095-80f32b07f498@group-80AD8E0CE213-LeaderElection17] INFO  server.RaftServer$Division (ServerState.java:setRaftConf(434)) - 8f274f01-9fb1-4f6a-9095-80f32b07f498@group-80AD8E0CE213: set configuration 0: peers:[8f274f01-9fb1-4f6a-9095-80f32b07f498|rpc:10.1.0.34:15068|admin:10.1.0.34:15067|client:10.1.0.34:15066|dataStream:10.1.0.34:15069|priority:1|startupRole:FOLLOWER]|listeners:[], old=null
2023-06-23 15:09:15,690 [8f274f01-9fb1-4f6a-9095-80f32b07f498@group-80AD8E0CE213-SegmentedRaftLogWorker] INFO  segmented.SegmentedRaftLogWorker (SegmentedRaftLogWorker.java:execute(651)) - 8f274f01-9fb1-4f6a-9095-80f32b07f498@group-80AD8E0CE213-SegmentedRaftLogWorker: created new log segment /home/runner/work/ozone/ozone/hadoop-ozone/integration-test/target/test-dir/MiniOzoneClusterImpl-741560ff-92e5-4b28-9778-2cf52193c8f3/datanode-6/data/ratis/b8533810-7955-4564-b78a-80ad8e0ce213/current/log_inprogress_0
2023-06-23 15:09:15,717 [9f5088ea-8577-40bb-8f98-2a64f0190639-server-thread1] INFO  ratis.XceiverServerRatis (XceiverServerRatis.java:handleLeaderChangedNotification(902)) - Leader change notification received for group: group-9210922174F7 with new leaderId: 8f274f01-9fb1-4f6a-9095-80f32b07f498
2023-06-23 15:09:15,717 [9f5088ea-8577-40bb-8f98-2a64f0190639-server-thread1] INFO  server.RaftServer$Division (ServerState.java:setLeader(317)) - 9f5088ea-8577-40bb-8f98-2a64f0190639@group-9210922174F7: change Leader from null to 8f274f01-9fb1-4f6a-9095-80f32b07f498 at term 1 for appendEntries, leader elected after 5123ms
2023-06-23 15:09:15,723 [1f6e8c2c-f646-4632-8e05-148bee690267-server-thread2] INFO  ratis.XceiverServerRatis (XceiverServerRatis.java:handleLeaderChangedNotification(902)) - Leader change notification received for group: group-9210922174F7 with new leaderId: 8f274f01-9fb1-4f6a-9095-80f32b07f498
2023-06-23 15:09:15,723 [1f6e8c2c-f646-4632-8e05-148bee690267-server-thread2] INFO  server.RaftServer$Division (ServerState.java:setLeader(317)) - 1f6e8c2c-f646-4632-8e05-148bee690267@group-9210922174F7: change Leader from null to 8f274f01-9fb1-4f6a-9095-80f32b07f498 at term 1 for appendEntries, leader elected after 5189ms
2023-06-23 15:09:15,726 [9f5088ea-8577-40bb-8f98-2a64f0190639-server-thread2] INFO  server.RaftServer$Division (ServerState.java:setRaftConf(434)) - 9f5088ea-8577-40bb-8f98-2a64f0190639@group-9210922174F7: set configuration 0: peers:[8f274f01-9fb1-4f6a-9095-80f32b07f498|rpc:10.1.0.34:15068|admin:10.1.0.34:15067|client:10.1.0.34:15066|dataStream:10.1.0.34:15069|priority:1|startupRole:FOLLOWER, 9f5088ea-8577-40bb-8f98-2a64f0190639|rpc:10.1.0.34:15077|admin:10.1.0.34:15076|client:10.1.0.34:15075|dataStream:10.1.0.34:15078|priority:0|startupRole:FOLLOWER, 1f6e8c2c-f646-4632-8e05-148bee690267|rpc:10.1.0.34:15086|admin:10.1.0.34:15085|client:10.1.0.34:15084|dataStream:10.1.0.34:15087|priority:0|startupRole:FOLLOWER]|listeners:[], old=null
2023-06-23 15:09:15,726 [9f5088ea-8577-40bb-8f98-2a64f0190639-server-thread2] INFO  segmented.SegmentedRaftLogWorker (SegmentedRaftLogWorker.java:startLogSegment(447)) - 9f5088ea-8577-40bb-8f98-2a64f0190639@group-9210922174F7-SegmentedRaftLogWorker: Starting segment from index:0
2023-06-23 15:09:15,731 [1f6e8c2c-f646-4632-8e05-148bee690267-server-thread1] INFO  server.RaftServer$Division (ServerState.java:setRaftConf(434)) - 1f6e8c2c-f646-4632-8e05-148bee690267@group-9210922174F7: set configuration 0: peers:[8f274f01-9fb1-4f6a-9095-80f32b07f498|rpc:10.1.0.34:15068|admin:10.1.0.34:15067|client:10.1.0.34:15066|dataStream:10.1.0.34:15069|priority:1|startupRole:FOLLOWER, 9f5088ea-8577-40bb-8f98-2a64f0190639|rpc:10.1.0.34:15077|admin:10.1.0.34:15076|client:10.1.0.34:15075|dataStream:10.1.0.34:15078|priority:0|startupRole:FOLLOWER, 1f6e8c2c-f646-4632-8e05-148bee690267|rpc:10.1.0.34:15086|admin:10.1.0.34:15085|client:10.1.0.34:15084|dataStream:10.1.0.34:15087|priority:0|startupRole:FOLLOWER]|listeners:[], old=null
2023-06-23 15:09:15,732 [1f6e8c2c-f646-4632-8e05-148bee690267-server-thread1] INFO  segmented.SegmentedRaftLogWorker (SegmentedRaftLogWorker.java:startLogSegment(447)) - 1f6e8c2c-f646-4632-8e05-148bee690267@group-9210922174F7-SegmentedRaftLogWorker: Starting segment from index:0
2023-06-23 15:09:15,733 [1f6e8c2c-f646-4632-8e05-148bee690267@group-9210922174F7-SegmentedRaftLogWorker] INFO  segmented.SegmentedRaftLogWorker (SegmentedRaftLogWorker.java:execute(651)) - 1f6e8c2c-f646-4632-8e05-148bee690267@group-9210922174F7-SegmentedRaftLogWorker: created new log segment /home/runner/work/ozone/ozone/hadoop-ozone/integration-test/target/test-dir/MiniOzoneClusterImpl-741560ff-92e5-4b28-9778-2cf52193c8f3/datanode-8/data/ratis/5026fec4-7540-4970-aee9-9210922174f7/current/log_inprogress_0
2023-06-23 15:09:15,734 [9f5088ea-8577-40bb-8f98-2a64f0190639@group-9210922174F7-SegmentedRaftLogWorker] INFO  segmented.SegmentedRaftLogWorker (SegmentedRaftLogWorker.java:execute(651)) - 9f5088ea-8577-40bb-8f98-2a64f0190639@group-9210922174F7-SegmentedRaftLogWorker: created new log segment /home/runner/work/ozone/ozone/hadoop-ozone/integration-test/target/test-dir/MiniOzoneClusterImpl-741560ff-92e5-4b28-9778-2cf52193c8f3/datanode-7/data/ratis/5026fec4-7540-4970-aee9-9210922174f7/current/log_inprogress_0
2023-06-23 15:09:15,759 [OM StateMachine ApplyTransaction Thread - 0] INFO  volume.OMVolumeCreateRequest (OMVolumeCreateRequest.java:validateAndUpdateCache(196)) - created volume:cdcd7e53-41af-44de-b87d-0e4ea172c9c7 for user:runner
2023-06-23 15:09:15,787 [main] INFO  rpc.RpcClient (RpcClient.java:createBucket(686)) - Creating Bucket: cdcd7e53-41af-44de-b87d-0e4ea172c9c7/f1b1c23b-fbcb-4753-93a8-f90508849dbe, with bucket layout FILE_SYSTEM_OPTIMIZED, runner as owner, Versioning false, Storage Type set to DISK and Encryption set to true, Replication Type set to server-side default replication type, Namespace Quota set to -1, Space Quota set to -1 
2023-06-23 15:09:15,813 [qtp577682023-20] INFO  kms-audit (SimpleKMSAuditLogger.java:logAuditSimpleFormat(93)) - OK[op=GET_METADATA, key=key1, user=runner] 
2023-06-23 15:09:15,997 [qtp577682023-20] INFO  kms-audit (SimpleKMSAuditLogger.java:logAuditEvent(59)) - OK[op=GENERATE_EEK, key=key1, user=runner, accessCount=1, interval=0ms] 
2023-06-23 15:09:16,026 [OM StateMachine ApplyTransaction Thread - 0] INFO  bucket.OMBucketCreateRequest (OMBucketCreateRequest.java:validateAndUpdateCache(270)) - created bucket: f1b1c23b-fbcb-4753-93a8-f90508849dbe of layout FILE_SYSTEM_OPTIMIZED in volume: cdcd7e53-41af-44de-b87d-0e4ea172c9c7
2023-06-23 15:09:16,114 [IPC Server handler 18 on default port 15001] INFO  ha.SequenceIdGenerator (SequenceIdGenerator.java:getNextId(128)) - Allocate a batch for containerId, change lastId from 0 to 1000.
2023-06-23 15:09:16,125 [IPC Server handler 18 on default port 15001] WARN  ha.SequenceIdGenerator (SequenceIdGenerator.java:allocateBatch(237)) - Failed to allocate a batch for localId, expected lastId is 0, actual lastId is 111677748019200000.
2023-06-23 15:09:16,125 [IPC Server handler 18 on default port 15001] INFO  ha.SequenceIdGenerator (SequenceIdGenerator.java:getNextId(128)) - Allocate a batch for localId, change lastId from 111677748019200000 to 111677748019201000.
2023-06-23 15:09:16,693 [1f6e8c2c-f646-4632-8e05-148bee690267@group-72C7D76482B5-FollowerState] WARN  impl.FollowerState (FollowerState.java:run(130)) - Unexpected long sleep: sleep 5165ms but took extra 311327358ns (> threshold = 300ms)
2023-06-23 15:09:16,693 [1f6e8c2c-f646-4632-8e05-148bee690267@group-72C7D76482B5-FollowerState] INFO  server.RaftServerConfigKeys (ConfUtils.java:logFallback(53)) - raft.server.rpc.first-election.timeout.min = 5s (fallback to raft.server.rpc.timeout.min)
2023-06-23 15:09:16,693 [1f6e8c2c-f646-4632-8e05-148bee690267@group-72C7D76482B5-FollowerState] INFO  server.RaftServerConfigKeys (ConfUtils.java:logFallback(53)) - raft.server.rpc.first-election.timeout.max = 5200ms (fallback to raft.server.rpc.timeout.max)
2023-06-23 15:09:16,693 [9f5088ea-8577-40bb-8f98-2a64f0190639@group-72C7D76482B5-FollowerState] WARN  impl.FollowerState (FollowerState.java:run(130)) - Unexpected long sleep: sleep 5168ms but took extra 358693465ns (> threshold = 300ms)
2023-06-23 15:09:16,694 [9f5088ea-8577-40bb-8f98-2a64f0190639@group-72C7D76482B5-FollowerState] INFO  server.RaftServerConfigKeys (ConfUtils.java:logFallback(53)) - raft.server.rpc.first-election.timeout.min = 5s (fallback to raft.server.rpc.timeout.min)
2023-06-23 15:09:16,694 [9f5088ea-8577-40bb-8f98-2a64f0190639@group-72C7D76482B5-FollowerState] INFO  server.RaftServerConfigKeys (ConfUtils.java:logFallback(53)) - raft.server.rpc.first-election.timeout.max = 5200ms (fallback to raft.server.rpc.timeout.max)
2023-06-23 15:09:16,693 [1f6e8c2c-f646-4632-8e05-148bee690267@group-67173D03A824-FollowerState] WARN  impl.FollowerState (FollowerState.java:run(130)) - Unexpected long sleep: sleep 5043ms but took extra 336903721ns (> threshold = 300ms)
2023-06-23 15:09:16,694 [1f6e8c2c-f646-4632-8e05-148bee690267@group-67173D03A824-FollowerState] INFO  server.RaftServerConfigKeys (ConfUtils.java:logFallback(53)) - raft.server.rpc.first-election.timeout.min = 5s (fallback to raft.server.rpc.timeout.min)
2023-06-23 15:09:16,694 [1f6e8c2c-f646-4632-8e05-148bee690267@group-67173D03A824-FollowerState] INFO  server.RaftServerConfigKeys (ConfUtils.java:logFallback(53)) - raft.server.rpc.first-election.timeout.max = 5200ms (fallback to raft.server.rpc.timeout.max)
2023-06-23 15:09:16,694 [9f5088ea-8577-40bb-8f98-2a64f0190639@group-75D22E2C4CF5-FollowerState] WARN  impl.FollowerState (FollowerState.java:run(130)) - Unexpected long sleep: sleep 5152ms but took extra 398456494ns (> threshold = 300ms)
2023-06-23 15:09:16,694 [9f5088ea-8577-40bb-8f98-2a64f0190639@group-75D22E2C4CF5-FollowerState] INFO  server.RaftServerConfigKeys (ConfUtils.java:logFallback(53)) - raft.server.rpc.first-election.timeout.min = 5s (fallback to raft.server.rpc.timeout.min)
2023-06-23 15:09:16,694 [9f5088ea-8577-40bb-8f98-2a64f0190639@group-75D22E2C4CF5-FollowerState] INFO  server.RaftServerConfigKeys (ConfUtils.java:logFallback(53)) - raft.server.rpc.first-election.timeout.max = 5200ms (fallback to raft.server.rpc.timeout.max)
2023-06-23 15:09:16,694 [8f274f01-9fb1-4f6a-9095-80f32b07f498@group-72C7D76482B5-FollowerState] WARN  impl.FollowerState (FollowerState.java:run(130)) - Unexpected long sleep: sleep 5153ms but took extra 436926604ns (> threshold = 300ms)
2023-06-23 15:09:16,694 [8f274f01-9fb1-4f6a-9095-80f32b07f498@group-72C7D76482B5-FollowerState] INFO  server.RaftServerConfigKeys (ConfUtils.java:logFallback(53)) - raft.server.rpc.first-election.timeout.min = 5s (fallback to raft.server.rpc.timeout.min)
2023-06-23 15:09:16,694 [8f274f01-9fb1-4f6a-9095-80f32b07f498@group-72C7D76482B5-FollowerState] INFO  server.RaftServerConfigKeys (ConfUtils.java:logFallback(53)) - raft.server.rpc.first-election.timeout.max = 5200ms (fallback to raft.server.rpc.timeout.max)
2023-06-23 15:09:16,804 [qtp577682023-20] ERROR generators.WadlGeneratorJAXBGrammarGenerator (WadlGeneratorJAXBGrammarGenerator.java:buildModelAndSchemas(207)) - Failed to generate the schema for the JAX-B elements
com.sun.xml.bind.v2.runtime.IllegalAnnotationsException: 1 counts of IllegalAnnotationExceptions
java.util.Map is an interface, and JAXB can't handle interfaces.
	this problem is related to the following location:
		at java.util.Map

	at com.sun.xml.bind.v2.runtime.IllegalAnnotationsException$Builder.check(IllegalAnnotationsException.java:106)
	at com.sun.xml.bind.v2.runtime.JAXBContextImpl.getTypeInfoSet(JAXBContextImpl.java:471)
	at com.sun.xml.bind.v2.runtime.JAXBContextImpl.<init>(JAXBContextImpl.java:303)
	at com.sun.xml.bind.v2.runtime.JAXBContextImpl.<init>(JAXBContextImpl.java:139)
	at com.sun.xml.bind.v2.runtime.JAXBContextImpl$JAXBContextBuilder.build(JAXBContextImpl.java:1156)
	at com.sun.xml.bind.v2.ContextFactory.createContext(ContextFactory.java:165)
	at sun.reflect.NativeMethodAccessorImpl.invoke0(Native Method)
	at sun.reflect.NativeMethodAccessorImpl.invoke(NativeMethodAccessorImpl.java:62)
	at sun.reflect.DelegatingMethodAccessorImpl.invoke(DelegatingMethodAccessorImpl.java:43)
	at java.lang.reflect.Method.invoke(Method.java:498)
	at javax.xml.bind.ContextFinder.newInstance(ContextFinder.java:247)
	at javax.xml.bind.ContextFinder.newInstance(ContextFinder.java:234)
	at javax.xml.bind.ContextFinder.find(ContextFinder.java:441)
	at javax.xml.bind.JAXBContext.newInstance(JAXBContext.java:641)
	at javax.xml.bind.JAXBContext.newInstance(JAXBContext.java:584)
	at com.sun.jersey.server.wadl.generators.WadlGeneratorJAXBGrammarGenerator.buildModelAndSchemas(WadlGeneratorJAXBGrammarGenerator.java:169)
	at com.sun.jersey.server.wadl.generators.AbstractWadlGeneratorGrammarGenerator.createExternalGrammar(AbstractWadlGeneratorGrammarGenerator.java:405)
	at com.sun.jersey.server.wadl.WadlBuilder.generate(WadlBuilder.java:149)
	at com.sun.jersey.server.impl.wadl.WadlApplicationContextImpl.getApplication(WadlApplicationContextImpl.java:119)
	at com.sun.jersey.server.impl.wadl.WadlApplicationContextImpl.getApplication(WadlApplicationContextImpl.java:138)
	at com.sun.jersey.server.impl.wadl.WadlMethodFactory$WadlOptionsMethodDispatcher.dispatch(WadlMethodFactory.java:110)
	at com.sun.jersey.server.impl.uri.rules.HttpMethodRule.accept(HttpMethodRule.java:302)
	at com.sun.jersey.server.impl.uri.rules.RightHandPathRule.accept(RightHandPathRule.java:147)
	at com.sun.jersey.server.impl.uri.rules.ResourceClassRule.accept(ResourceClassRule.java:108)
	at com.sun.jersey.server.impl.uri.rules.RightHandPathRule.accept(RightHandPathRule.java:147)
	at com.sun.jersey.server.impl.uri.rules.RootResourceClassesRule.accept(RootResourceClassesRule.java:84)
	at com.sun.jersey.server.impl.application.WebApplicationImpl._handleRequest(WebApplicationImpl.java:1542)
	at com.sun.jersey.server.impl.application.WebApplicationImpl._handleRequest(WebApplicationImpl.java:1473)
	at com.sun.jersey.server.impl.application.WebApplicationImpl.handleRequest(WebApplicationImpl.java:1419)
	at com.sun.jersey.server.impl.application.WebApplicationImpl.handleRequest(WebApplicationImpl.java:1409)
	at com.sun.jersey.spi.container.servlet.WebComponent.service(WebComponent.java:409)
	at com.sun.jersey.spi.container.servlet.ServletContainer.service(ServletContainer.java:558)
	at com.sun.jersey.spi.container.servlet.ServletContainer.service(ServletContainer.java:733)
	at javax.servlet.http.HttpServlet.service(HttpServlet.java:590)
	at org.eclipse.jetty.servlet.ServletHolder$NotAsync.service(ServletHolder.java:1459)
	at org.eclipse.jetty.servlet.ServletHolder.handle(ServletHolder.java:799)
	at org.eclipse.jetty.servlet.ServletHandler$ChainEnd.doFilter(ServletHandler.java:1656)
	at org.apache.hadoop.crypto.key.kms.server.KMSMDCFilter.doFilter(KMSMDCFilter.java:98)
	at org.eclipse.jetty.servlet.FilterHolder.doFilter(FilterHolder.java:193)
	at org.eclipse.jetty.servlet.ServletHandler$Chain.doFilter(ServletHandler.java:1626)
	at org.apache.hadoop.security.authentication.server.AuthenticationFilter.doFilter(AuthenticationFilter.java:650)
	at org.apache.hadoop.security.token.delegation.web.DelegationTokenAuthenticationFilter.doFilter(DelegationTokenAuthenticationFilter.java:305)
	at org.apache.hadoop.security.authentication.server.AuthenticationFilter.doFilter(AuthenticationFilter.java:592)
	at org.apache.hadoop.crypto.key.kms.server.KMSAuthenticationFilter.doFilter(KMSAuthenticationFilter.java:162)
	at org.eclipse.jetty.servlet.FilterHolder.doFilter(FilterHolder.java:201)
	at org.eclipse.jetty.servlet.ServletHandler$Chain.doFilter(ServletHandler.java:1626)
	at org.apache.hadoop.http.lib.StaticUserWebFilter$StaticUserFilter.doFilter(StaticUserWebFilter.java:110)
	at org.eclipse.jetty.servlet.FilterHolder.doFilter(FilterHolder.java:193)
	at org.eclipse.jetty.servlet.ServletHandler$Chain.doFilter(ServletHandler.java:1626)
	at org.apache.hadoop.http.HttpServer2$QuotingInputFilter.doFilter(HttpServer2.java:1794)
	at org.eclipse.jetty.servlet.FilterHolder.doFilter(FilterHolder.java:193)
	at org.eclipse.jetty.servlet.ServletHandler$Chain.doFilter(ServletHandler.java:1626)
	at org.apache.hadoop.http.NoCacheFilter.doFilter(NoCacheFilter.java:45)
	at org.eclipse.jetty.servlet.FilterHolder.doFilter(FilterHolder.java:193)
	at org.eclipse.jetty.servlet.ServletHandler$Chain.doFilter(ServletHandler.java:1626)
	at org.eclipse.jetty.servlet.ServletHandler.doHandle(ServletHandler.java:552)
	at org.eclipse.jetty.server.handler.ScopedHandler.handle(ScopedHandler.java:143)
	at org.eclipse.jetty.security.SecurityHandler.handle(SecurityHandler.java:600)
	at org.eclipse.jetty.server.handler.HandlerWrapper.handle(HandlerWrapper.java:127)
	at org.eclipse.jetty.server.handler.ScopedHandler.nextHandle(ScopedHandler.java:235)
	at org.eclipse.jetty.server.session.SessionHandler.doHandle(SessionHandler.java:1624)
	at org.eclipse.jetty.server.handler.ScopedHandler.nextHandle(ScopedHandler.java:233)
	at org.eclipse.jetty.server.handler.ContextHandler.doHandle(ContextHandler.java:1440)
	at org.eclipse.jetty.server.handler.ScopedHandler.nextScope(ScopedHandler.java:188)
	at org.eclipse.jetty.servlet.ServletHandler.doScope(ServletHandler.java:505)
	at org.eclipse.jetty.server.session.SessionHandler.doScope(SessionHandler.java:1594)
	at org.eclipse.jetty.server.handler.ScopedHandler.nextScope(ScopedHandler.java:186)
	at org.eclipse.jetty.server.handler.ContextHandler.doScope(ContextHandler.java:1355)
	at org.eclipse.jetty.server.handler.ScopedHandler.handle(ScopedHandler.java:141)
	at org.eclipse.jetty.server.handler.HandlerCollection.handle(HandlerCollection.java:146)
	at org.eclipse.jetty.server.handler.HandlerWrapper.handle(HandlerWrapper.java:127)
	at org.eclipse.jetty.server.Server.handle(Server.java:512)
	at org.eclipse.jetty.server.HttpChannel.lambda$handle$1(HttpChannel.java:487)
	at org.eclipse.jetty.server.HttpChannel.dispatch(HttpChannel.java:732)
	at org.eclipse.jetty.server.HttpChannel.handle(HttpChannel.java:479)
	at org.eclipse.jetty.server.HttpConnection.onFillable(HttpConnection.java:277)
	at org.eclipse.jetty.io.AbstractConnection$ReadCallback.succeeded(AbstractConnection.java:311)
	at org.eclipse.jetty.io.FillInterest.fillable(FillInterest.java:105)
	at org.eclipse.jetty.io.ChannelEndPoint$1.run(ChannelEndPoint.java:104)
	at org.eclipse.jetty.util.thread.strategy.EatWhatYouKill.runTask(EatWhatYouKill.java:338)
	at org.eclipse.jetty.util.thread.strategy.EatWhatYouKill.doProduce(EatWhatYouKill.java:315)
	at org.eclipse.jetty.util.thread.strategy.EatWhatYouKill.tryProduce(EatWhatYouKill.java:173)
	at org.eclipse.jetty.util.thread.strategy.EatWhatYouKill.run(EatWhatYouKill.java:131)
	at org.eclipse.jetty.util.thread.ReservedThreadExecutor$ReservedThread.run(ReservedThreadExecutor.java:409)
	at org.eclipse.jetty.util.thread.QueuedThreadPool.runJob(QueuedThreadPool.java:883)
	at org.eclipse.jetty.util.thread.QueuedThreadPool$Runner.run(QueuedThreadPool.java:1034)
	at java.lang.Thread.run(Thread.java:750)
2023-06-23 15:09:16,807 [qtp577682023-20] INFO  generators.AbstractWadlGeneratorGrammarGenerator (AbstractWadlGeneratorGrammarGenerator.java:attachTypes(479)) - Couldn't find grammar element for class java.util.Map
2023-06-23 15:09:16,811 [qtp577682023-20] INFO  generators.AbstractWadlGeneratorGrammarGenerator (AbstractWadlGeneratorGrammarGenerator.java:attachTypes(479)) - Couldn't find grammar element for class javax.ws.rs.core.Response
2023-06-23 15:09:16,811 [qtp577682023-20] INFO  generators.AbstractWadlGeneratorGrammarGenerator (AbstractWadlGeneratorGrammarGenerator.java:attachTypes(479)) - Couldn't find grammar element for class java.util.Map
2023-06-23 15:09:16,811 [qtp577682023-20] INFO  generators.AbstractWadlGeneratorGrammarGenerator (AbstractWadlGeneratorGrammarGenerator.java:attachTypes(479)) - Couldn't find grammar element for class javax.ws.rs.core.Response
2023-06-23 15:09:16,811 [qtp577682023-20] INFO  generators.AbstractWadlGeneratorGrammarGenerator (AbstractWadlGeneratorGrammarGenerator.java:attachTypes(479)) - Couldn't find grammar element for class java.util.Map
2023-06-23 15:09:16,812 [qtp577682023-20] INFO  generators.AbstractWadlGeneratorGrammarGenerator (AbstractWadlGeneratorGrammarGenerator.java:attachTypes(479)) - Couldn't find grammar element for class java.util.Map
2023-06-23 15:09:16,812 [qtp577682023-20] INFO  generators.AbstractWadlGeneratorGrammarGenerator (AbstractWadlGeneratorGrammarGenerator.java:attachTypes(479)) - Couldn't find grammar element for class javax.ws.rs.core.Response
2023-06-23 15:09:16,812 [qtp577682023-20] INFO  generators.AbstractWadlGeneratorGrammarGenerator (AbstractWadlGeneratorGrammarGenerator.java:attachTypes(479)) - Couldn't find grammar element for class java.util.Map
2023-06-23 15:09:16,819 [0c086b78-a0d4-4988-bd20-4088328bd4ca@group-8C4737FADEBD-FollowerState] INFO  impl.FollowerState (FollowerState.java:run(143)) - 0c086b78-a0d4-4988-bd20-4088328bd4ca@group-8C4737FADEBD-FollowerState: change to CANDIDATE, lastRpcElapsedTime:5072228477ns, electionTimeout:5063ms
2023-06-23 15:09:16,820 [0c086b78-a0d4-4988-bd20-4088328bd4ca@group-8C4737FADEBD-FollowerState] INFO  impl.RoleInfo (RoleInfo.java:shutdownFollowerState(110)) - 0c086b78-a0d4-4988-bd20-4088328bd4ca: shutdown 0c086b78-a0d4-4988-bd20-4088328bd4ca@group-8C4737FADEBD-FollowerState
2023-06-23 15:09:16,820 [0c086b78-a0d4-4988-bd20-4088328bd4ca@group-8C4737FADEBD-FollowerState] INFO  server.RaftServer$Division (RaftServerImpl.java:setRole(329)) - 0c086b78-a0d4-4988-bd20-4088328bd4ca@group-8C4737FADEBD: changes role from  FOLLOWER to CANDIDATE at term 0 for changeToCandidate
2023-06-23 15:09:16,820 [0c086b78-a0d4-4988-bd20-4088328bd4ca@group-8C4737FADEBD-FollowerState] INFO  server.RaftServerConfigKeys (ConfUtils.java:logGet(46)) - raft.server.leaderelection.pre-vote = true (default)
2023-06-23 15:09:16,820 [0c086b78-a0d4-4988-bd20-4088328bd4ca@group-8C4737FADEBD-FollowerState] INFO  impl.RoleInfo (RoleInfo.java:updateAndGet(139)) - 0c086b78-a0d4-4988-bd20-4088328bd4ca: start 0c086b78-a0d4-4988-bd20-4088328bd4ca@group-8C4737FADEBD-LeaderElection18
2023-06-23 15:09:16,825 [0c086b78-a0d4-4988-bd20-4088328bd4ca@group-8C4737FADEBD-LeaderElection18] INFO  impl.LeaderElection (LeaderElection.java:askForVotes(321)) - 0c086b78-a0d4-4988-bd20-4088328bd4ca@group-8C4737FADEBD-LeaderElection18 PRE_VOTE round 0: submit vote requests at term 0 for -1: peers:[0c086b78-a0d4-4988-bd20-4088328bd4ca|rpc:10.1.0.34:15095|admin:10.1.0.34:15094|client:10.1.0.34:15093|dataStream:10.1.0.34:15096|priority:1|startupRole:FOLLOWER]|listeners:[], old=null
2023-06-23 15:09:16,825 [0c086b78-a0d4-4988-bd20-4088328bd4ca@group-8C4737FADEBD-LeaderElection18] INFO  impl.LeaderElection (LeaderElection.java:askForVotes(323)) - 0c086b78-a0d4-4988-bd20-4088328bd4ca@group-8C4737FADEBD-LeaderElection18 PRE_VOTE round 0: result PASSED (term=0)
2023-06-23 15:09:16,827 [0c086b78-a0d4-4988-bd20-4088328bd4ca@group-8C4737FADEBD-LeaderElection18] INFO  impl.LeaderElection (LeaderElection.java:askForVotes(321)) - 0c086b78-a0d4-4988-bd20-4088328bd4ca@group-8C4737FADEBD-LeaderElection18 ELECTION round 0: submit vote requests at term 1 for -1: peers:[0c086b78-a0d4-4988-bd20-4088328bd4ca|rpc:10.1.0.34:15095|admin:10.1.0.34:15094|client:10.1.0.34:15093|dataStream:10.1.0.34:15096|priority:1|startupRole:FOLLOWER]|listeners:[], old=null
2023-06-23 15:09:16,827 [0c086b78-a0d4-4988-bd20-4088328bd4ca@group-8C4737FADEBD-LeaderElection18] INFO  impl.LeaderElection (LeaderElection.java:askForVotes(323)) - 0c086b78-a0d4-4988-bd20-4088328bd4ca@group-8C4737FADEBD-LeaderElection18 ELECTION round 0: result PASSED (term=1)
2023-06-23 15:09:16,827 [0c086b78-a0d4-4988-bd20-4088328bd4ca@group-8C4737FADEBD-LeaderElection18] INFO  impl.RoleInfo (RoleInfo.java:shutdownLeaderElection(130)) - 0c086b78-a0d4-4988-bd20-4088328bd4ca: shutdown 0c086b78-a0d4-4988-bd20-4088328bd4ca@group-8C4737FADEBD-LeaderElection18
2023-06-23 15:09:16,827 [0c086b78-a0d4-4988-bd20-4088328bd4ca@group-8C4737FADEBD-LeaderElection18] INFO  server.RaftServer$Division (RaftServerImpl.java:setRole(329)) - 0c086b78-a0d4-4988-bd20-4088328bd4ca@group-8C4737FADEBD: changes role from CANDIDATE to LEADER at term 1 for changeToLeader
2023-06-23 15:09:16,827 [0c086b78-a0d4-4988-bd20-4088328bd4ca@group-8C4737FADEBD-LeaderElection18] INFO  ratis.XceiverServerRatis (XceiverServerRatis.java:handleLeaderChangedNotification(902)) - Leader change notification received for group: group-8C4737FADEBD with new leaderId: 0c086b78-a0d4-4988-bd20-4088328bd4ca
2023-06-23 15:09:16,827 [0c086b78-a0d4-4988-bd20-4088328bd4ca@group-8C4737FADEBD-LeaderElection18] INFO  server.RaftServer$Division (ServerState.java:setLeader(317)) - 0c086b78-a0d4-4988-bd20-4088328bd4ca@group-8C4737FADEBD: change Leader from null to 0c086b78-a0d4-4988-bd20-4088328bd4ca at term 1 for becomeLeader, leader elected after 5104ms
2023-06-23 15:09:16,827 [0c086b78-a0d4-4988-bd20-4088328bd4ca@group-8C4737FADEBD-LeaderElection18] INFO  server.RaftServerConfigKeys (ConfUtils.java:logGet(46)) - raft.server.staging.catchup.gap = 1000 (default)
2023-06-23 15:09:16,828 [0c086b78-a0d4-4988-bd20-4088328bd4ca@group-8C4737FADEBD-LeaderElection18] INFO  server.RaftServerConfigKeys (ConfUtils.java:logGet(46)) - raft.server.write.element-limit = 1024 (custom)
2023-06-23 15:09:16,828 [0c086b78-a0d4-4988-bd20-4088328bd4ca@group-8C4737FADEBD-LeaderElection18] INFO  server.RaftServerConfigKeys (ConfUtils.java:logGet(46)) - raft.server.write.byte-limit = 1024 M (=1073741824) (custom)
2023-06-23 15:09:16,828 [0c086b78-a0d4-4988-bd20-4088328bd4ca@group-8C4737FADEBD-LeaderElection18] INFO  server.RaftServerConfigKeys (ConfUtils.java:logGet(46)) - raft.server.watch.timeout = 180s (custom)
2023-06-23 15:09:16,829 [0c086b78-a0d4-4988-bd20-4088328bd4ca@group-8C4737FADEBD-LeaderElection18] INFO  server.RaftServerConfigKeys (ConfUtils.java:logGet(46)) - raft.server.watch.timeout.denomination = 1s (default)
2023-06-23 15:09:16,829 [0c086b78-a0d4-4988-bd20-4088328bd4ca@group-8C4737FADEBD-LeaderElection18] INFO  server.RaftServerConfigKeys (ConfUtils.java:logGet(46)) - raft.server.watch.element-limit = 65536 (default)
2023-06-23 15:09:16,829 [0c086b78-a0d4-4988-bd20-4088328bd4ca@group-8C4737FADEBD-LeaderElection18] INFO  server.RaftServerConfigKeys (ConfUtils.java:logGet(46)) - raft.server.write.element-limit = 1024 (custom)
2023-06-23 15:09:16,830 [0c086b78-a0d4-4988-bd20-4088328bd4ca@group-8C4737FADEBD-LeaderElection18] INFO  server.RaftServerConfigKeys (ConfUtils.java:logGet(46)) - raft.server.write.follower.gap.ratio.max = -1.0 (default)
2023-06-23 15:09:16,830 [0c086b78-a0d4-4988-bd20-4088328bd4ca@group-8C4737FADEBD-LeaderElection18] INFO  impl.RoleInfo (RoleInfo.java:updateAndGet(139)) - 0c086b78-a0d4-4988-bd20-4088328bd4ca: start 0c086b78-a0d4-4988-bd20-4088328bd4ca@group-8C4737FADEBD-LeaderStateImpl
2023-06-23 15:09:16,830 [0c086b78-a0d4-4988-bd20-4088328bd4ca@group-8C4737FADEBD-LeaderElection18] INFO  segmented.SegmentedRaftLogWorker (SegmentedRaftLogWorker.java:startLogSegment(447)) - 0c086b78-a0d4-4988-bd20-4088328bd4ca@group-8C4737FADEBD-SegmentedRaftLogWorker: Starting segment from index:0
2023-06-23 15:09:16,831 [0c086b78-a0d4-4988-bd20-4088328bd4ca@group-8C4737FADEBD-LeaderElection18] INFO  server.RaftServer$Division (ServerState.java:setRaftConf(434)) - 0c086b78-a0d4-4988-bd20-4088328bd4ca@group-8C4737FADEBD: set configuration 0: peers:[0c086b78-a0d4-4988-bd20-4088328bd4ca|rpc:10.1.0.34:15095|admin:10.1.0.34:15094|client:10.1.0.34:15093|dataStream:10.1.0.34:15096|priority:1|startupRole:FOLLOWER]|listeners:[], old=null
2023-06-23 15:09:16,832 [0c086b78-a0d4-4988-bd20-4088328bd4ca@group-8C4737FADEBD-SegmentedRaftLogWorker] INFO  segmented.SegmentedRaftLogWorker (SegmentedRaftLogWorker.java:execute(651)) - 0c086b78-a0d4-4988-bd20-4088328bd4ca@group-8C4737FADEBD-SegmentedRaftLogWorker: created new log segment /home/runner/work/ozone/ozone/hadoop-ozone/integration-test/target/test-dir/MiniOzoneClusterImpl-741560ff-92e5-4b28-9778-2cf52193c8f3/datanode-9/data/ratis/2aac3252-6334-443d-bdb5-8c4737fadebd/current/log_inprogress_0
2023-06-23 15:09:16,928 [qtp577682023-22] INFO  kms-audit (SimpleKMSAuditLogger.java:logAuditEvent(59)) - OK[op=DECRYPT_EEK, key=key1, user=runner, accessCount=1, interval=0ms] 
2023-06-23 15:09:16,957 [main] INFO  impl.MetricsSystemImpl (MetricsSystemImpl.java:init(158)) - XceiverClientMetrics metrics system started (again)
2023-06-23 15:09:16,958 [main] INFO  lib.Interns (Interns.java:removeEldestEntry(50)) - Metrics intern cache overflow at 2011 for MetricsSystem={MetricsSystem=MetricsInfoImpl{name=MetricsSystem, description=MetricsSystem}, MetricsSystem record=MetricsInfoImpl{name=MetricsSystem, description=MetricsSystem record}}
2023-06-23 15:09:17,395 [IPC Server handler 2 on default port 15001] WARN  node.SCMNodeManager (SCMNodeManager.java:getNodesByAddress(1373)) - Cannot find node for address 127.0.0.1
2023-06-23 15:09:17,414 [IPC Server handler 4 on default port 15001] WARN  node.SCMNodeManager (SCMNodeManager.java:getNodesByAddress(1373)) - Cannot find node for address 127.0.0.1
2023-06-23 15:09:17,586 [main] INFO  client.DataStreamClient (ConfUtils.java:logGet(46)) - raft.datastream.type = NETTY (custom)
2023-06-23 15:09:17,590 [main] INFO  netty.NettyConfigKeys$DataStream (ConfUtils.java:logGet(46)) - raft.netty.dataStream.client.tls.conf = null (default)
2023-06-23 15:09:17,591 [main] INFO  netty.NettyConfigKeys$DataStream (ConfUtils.java:logGet(46)) - raft.netty.dataStream.client.reply.queue.grace-period = 1s (default)
2023-06-23 15:09:17,595 [main] INFO  netty.NettyConfigKeys$DataStream (ConfUtils.java:logGet(46)) - raft.netty.dataStream.client.worker-group.share = false (default)
2023-06-23 15:09:17,595 [main] INFO  netty.NettyConfigKeys$DataStream (ConfUtils.java:logGet(46)) - raft.netty.dataStream.client.worker-group.size = 4 (default)
2023-06-23 15:09:17,616 [8f274f01-9fb1-4f6a-9095-80f32b07f498-NettyServerStreamRpc-bossGroup--thread1] INFO  logging.LoggingHandler (AbstractInternalLogger.java:log(148)) - [id: 0xdfda4ae2, L:/0:0:0:0:0:0:0:0:15069] READ: [id: 0x8a56e624, L:/10.1.0.34:15069 - R:/10.1.0.34:58200]
2023-06-23 15:09:17,617 [8f274f01-9fb1-4f6a-9095-80f32b07f498-NettyServerStreamRpc-bossGroup--thread1] INFO  logging.LoggingHandler (AbstractInternalLogger.java:log(148)) - [id: 0xdfda4ae2, L:/0:0:0:0:0:0:0:0:15069] READ COMPLETE
2023-06-23 15:09:17,752 [IPC Server handler 18 on default port 15001] WARN  node.SCMNodeManager (SCMNodeManager.java:getNodesByAddress(1373)) - Cannot find node for address 127.0.0.1
2023-06-23 15:09:17,756 [IPC Server handler 2 on default port 15001] WARN  node.SCMNodeManager (SCMNodeManager.java:getNodesByAddress(1373)) - Cannot find node for address 127.0.0.1
]]></system-out>
    <system-err><![CDATA[ERROR StatusLogger Reconfiguration failed: No configuration found for '18b4aac2' at 'null' in 'null'
]]></system-err>
  </testcase>
  <testcase name="testPutKeyWithEncryption" classname="TestOzoneAtRestEncryption" time="0.093">
    <system-out><![CDATA[2023-06-23 15:09:48,221 [main] INFO  rpc.RpcClient (RpcClient.java:createVolume(459)) - Creating Volume: 6fab5373-1c2f-41e8-aee6-0f3897fce858, with runner as owner and space quota set to -1 bytes, counts quota set to -1
2023-06-23 15:09:48,226 [OM StateMachine ApplyTransaction Thread - 0] INFO  volume.OMVolumeCreateRequest (OMVolumeCreateRequest.java:validateAndUpdateCache(196)) - created volume:6fab5373-1c2f-41e8-aee6-0f3897fce858 for user:runner
2023-06-23 15:09:48,228 [main] INFO  rpc.RpcClient (RpcClient.java:createBucket(686)) - Creating Bucket: 6fab5373-1c2f-41e8-aee6-0f3897fce858/9f930c02-a068-482f-a873-4a8daddc67cd, with bucket layout OBJECT_STORE, runner as owner, Versioning false, Storage Type set to DISK and Encryption set to true, Replication Type set to server-side default replication type, Namespace Quota set to -1, Space Quota set to -1 
2023-06-23 15:09:48,230 [qtp577682023-21] INFO  kms-audit (SimpleKMSAuditLogger.java:logAuditSimpleFormat(93)) - OK[op=GET_METADATA, key=key1, user=runner] 
2023-06-23 15:09:48,234 [OM StateMachine ApplyTransaction Thread - 0] INFO  bucket.OMBucketCreateRequest (OMBucketCreateRequest.java:validateAndUpdateCache(270)) - created bucket: 9f930c02-a068-482f-a873-4a8daddc67cd of layout OBJECT_STORE in volume: 6fab5373-1c2f-41e8-aee6-0f3897fce858
2023-06-23 15:09:48,264 [IPC Server handler 5 on default port 15001] WARN  node.SCMNodeManager (SCMNodeManager.java:getNodesByAddress(1373)) - Cannot find node for address 127.0.0.1
2023-06-23 15:09:48,266 [IPC Server handler 13 on default port 15001] WARN  node.SCMNodeManager (SCMNodeManager.java:getNodesByAddress(1373)) - Cannot find node for address 127.0.0.1
2023-06-23 15:09:48,300 [IPC Server handler 1 on default port 15001] WARN  node.SCMNodeManager (SCMNodeManager.java:getNodesByAddress(1373)) - Cannot find node for address 127.0.0.1
2023-06-23 15:09:48,302 [IPC Server handler 8 on default port 15001] WARN  node.SCMNodeManager (SCMNodeManager.java:getNodesByAddress(1373)) - Cannot find node for address 127.0.0.1
]]></system-out>
  </testcase>
  <testcase name="testMPUwithOnePart" classname="TestOzoneAtRestEncryption" time="10.229">
    <system-out><![CDATA[2023-06-23 15:09:17,792 [main] INFO  rpc.RpcClient (RpcClient.java:createVolume(459)) - Creating Volume: 0f591b39-7df5-48a7-b20a-01c694188a42, with runner as owner and space quota set to -1 bytes, counts quota set to -1
2023-06-23 15:09:17,796 [OM StateMachine ApplyTransaction Thread - 0] INFO  volume.OMVolumeCreateRequest (OMVolumeCreateRequest.java:validateAndUpdateCache(196)) - created volume:0f591b39-7df5-48a7-b20a-01c694188a42 for user:runner
2023-06-23 15:09:17,800 [main] INFO  rpc.RpcClient (RpcClient.java:createBucket(686)) - Creating Bucket: 0f591b39-7df5-48a7-b20a-01c694188a42/f1f38e2e-5f7b-4083-94ab-dc84b1b1fe46, with bucket layout FILE_SYSTEM_OPTIMIZED, runner as owner, Versioning false, Storage Type set to DISK and Encryption set to true, Replication Type set to server-side default replication type, Namespace Quota set to -1, Space Quota set to -1 
2023-06-23 15:09:17,808 [qtp577682023-20] INFO  kms-audit (SimpleKMSAuditLogger.java:logAuditSimpleFormat(93)) - OK[op=GET_METADATA, key=key1, user=runner] 
2023-06-23 15:09:17,812 [OM StateMachine ApplyTransaction Thread - 0] INFO  bucket.OMBucketCreateRequest (OMBucketCreateRequest.java:validateAndUpdateCache(270)) - created bucket: f1f38e2e-5f7b-4083-94ab-dc84b1b1fe46 of layout FILE_SYSTEM_OPTIMIZED in volume: 0f591b39-7df5-48a7-b20a-01c694188a42
2023-06-23 15:09:21,708 [1f6e8c2c-f646-4632-8e05-148bee690267@group-67173D03A824-FollowerState] INFO  impl.FollowerState (FollowerState.java:run(143)) - 1f6e8c2c-f646-4632-8e05-148bee690267@group-67173D03A824-FollowerState: change to CANDIDATE, lastRpcElapsedTime:10396327534ns, electionTimeout:5014ms
2023-06-23 15:09:21,708 [1f6e8c2c-f646-4632-8e05-148bee690267@group-67173D03A824-FollowerState] INFO  impl.RoleInfo (RoleInfo.java:shutdownFollowerState(110)) - 1f6e8c2c-f646-4632-8e05-148bee690267: shutdown 1f6e8c2c-f646-4632-8e05-148bee690267@group-67173D03A824-FollowerState
2023-06-23 15:09:21,708 [1f6e8c2c-f646-4632-8e05-148bee690267@group-67173D03A824-FollowerState] INFO  server.RaftServer$Division (RaftServerImpl.java:setRole(329)) - 1f6e8c2c-f646-4632-8e05-148bee690267@group-67173D03A824: changes role from  FOLLOWER to CANDIDATE at term 0 for changeToCandidate
2023-06-23 15:09:21,708 [1f6e8c2c-f646-4632-8e05-148bee690267@group-67173D03A824-FollowerState] INFO  server.RaftServerConfigKeys (ConfUtils.java:logGet(46)) - raft.server.leaderelection.pre-vote = true (default)
2023-06-23 15:09:21,708 [1f6e8c2c-f646-4632-8e05-148bee690267@group-67173D03A824-FollowerState] INFO  impl.RoleInfo (RoleInfo.java:updateAndGet(139)) - 1f6e8c2c-f646-4632-8e05-148bee690267: start 1f6e8c2c-f646-4632-8e05-148bee690267@group-67173D03A824-LeaderElection19
2023-06-23 15:09:21,711 [1f6e8c2c-f646-4632-8e05-148bee690267@group-67173D03A824-LeaderElection19] INFO  impl.LeaderElection (LeaderElection.java:askForVotes(321)) - 1f6e8c2c-f646-4632-8e05-148bee690267@group-67173D03A824-LeaderElection19 PRE_VOTE round 0: submit vote requests at term 0 for -1: peers:[1f6e8c2c-f646-4632-8e05-148bee690267|rpc:10.1.0.34:15086|admin:10.1.0.34:15085|client:10.1.0.34:15084|dataStream:10.1.0.34:15087|priority:1|startupRole:FOLLOWER]|listeners:[], old=null
2023-06-23 15:09:21,711 [1f6e8c2c-f646-4632-8e05-148bee690267@group-67173D03A824-LeaderElection19] INFO  impl.LeaderElection (LeaderElection.java:askForVotes(323)) - 1f6e8c2c-f646-4632-8e05-148bee690267@group-67173D03A824-LeaderElection19 PRE_VOTE round 0: result PASSED (term=0)
2023-06-23 15:09:21,712 [1f6e8c2c-f646-4632-8e05-148bee690267@group-67173D03A824-LeaderElection19] INFO  impl.LeaderElection (LeaderElection.java:askForVotes(321)) - 1f6e8c2c-f646-4632-8e05-148bee690267@group-67173D03A824-LeaderElection19 ELECTION round 0: submit vote requests at term 1 for -1: peers:[1f6e8c2c-f646-4632-8e05-148bee690267|rpc:10.1.0.34:15086|admin:10.1.0.34:15085|client:10.1.0.34:15084|dataStream:10.1.0.34:15087|priority:1|startupRole:FOLLOWER]|listeners:[], old=null
2023-06-23 15:09:21,713 [1f6e8c2c-f646-4632-8e05-148bee690267@group-67173D03A824-LeaderElection19] INFO  impl.LeaderElection (LeaderElection.java:askForVotes(323)) - 1f6e8c2c-f646-4632-8e05-148bee690267@group-67173D03A824-LeaderElection19 ELECTION round 0: result PASSED (term=1)
2023-06-23 15:09:21,713 [1f6e8c2c-f646-4632-8e05-148bee690267@group-67173D03A824-LeaderElection19] INFO  impl.RoleInfo (RoleInfo.java:shutdownLeaderElection(130)) - 1f6e8c2c-f646-4632-8e05-148bee690267: shutdown 1f6e8c2c-f646-4632-8e05-148bee690267@group-67173D03A824-LeaderElection19
2023-06-23 15:09:21,713 [1f6e8c2c-f646-4632-8e05-148bee690267@group-67173D03A824-LeaderElection19] INFO  server.RaftServer$Division (RaftServerImpl.java:setRole(329)) - 1f6e8c2c-f646-4632-8e05-148bee690267@group-67173D03A824: changes role from CANDIDATE to LEADER at term 1 for changeToLeader
2023-06-23 15:09:21,713 [1f6e8c2c-f646-4632-8e05-148bee690267@group-67173D03A824-LeaderElection19] INFO  ratis.XceiverServerRatis (XceiverServerRatis.java:handleLeaderChangedNotification(902)) - Leader change notification received for group: group-67173D03A824 with new leaderId: 1f6e8c2c-f646-4632-8e05-148bee690267
2023-06-23 15:09:21,713 [1f6e8c2c-f646-4632-8e05-148bee690267@group-67173D03A824-LeaderElection19] INFO  server.RaftServer$Division (ServerState.java:setLeader(317)) - 1f6e8c2c-f646-4632-8e05-148bee690267@group-67173D03A824: change Leader from null to 1f6e8c2c-f646-4632-8e05-148bee690267 at term 1 for becomeLeader, leader elected after 10416ms
2023-06-23 15:09:21,713 [1f6e8c2c-f646-4632-8e05-148bee690267@group-67173D03A824-LeaderElection19] INFO  server.RaftServerConfigKeys (ConfUtils.java:logGet(46)) - raft.server.staging.catchup.gap = 1000 (default)
2023-06-23 15:09:21,714 [1f6e8c2c-f646-4632-8e05-148bee690267@group-67173D03A824-LeaderElection19] INFO  server.RaftServerConfigKeys (ConfUtils.java:logGet(46)) - raft.server.write.element-limit = 1024 (custom)
2023-06-23 15:09:21,714 [1f6e8c2c-f646-4632-8e05-148bee690267@group-67173D03A824-LeaderElection19] INFO  server.RaftServerConfigKeys (ConfUtils.java:logGet(46)) - raft.server.write.byte-limit = 1024 M (=1073741824) (custom)
2023-06-23 15:09:21,714 [1f6e8c2c-f646-4632-8e05-148bee690267@group-67173D03A824-LeaderElection19] INFO  server.RaftServerConfigKeys (ConfUtils.java:logGet(46)) - raft.server.watch.timeout = 180s (custom)
2023-06-23 15:09:21,714 [1f6e8c2c-f646-4632-8e05-148bee690267@group-67173D03A824-LeaderElection19] INFO  server.RaftServerConfigKeys (ConfUtils.java:logGet(46)) - raft.server.watch.timeout.denomination = 1s (default)
2023-06-23 15:09:21,715 [1f6e8c2c-f646-4632-8e05-148bee690267@group-67173D03A824-LeaderElection19] INFO  server.RaftServerConfigKeys (ConfUtils.java:logGet(46)) - raft.server.watch.element-limit = 65536 (default)
2023-06-23 15:09:21,715 [1f6e8c2c-f646-4632-8e05-148bee690267@group-67173D03A824-LeaderElection19] INFO  server.RaftServerConfigKeys (ConfUtils.java:logGet(46)) - raft.server.write.element-limit = 1024 (custom)
2023-06-23 15:09:21,715 [1f6e8c2c-f646-4632-8e05-148bee690267@group-67173D03A824-LeaderElection19] INFO  server.RaftServerConfigKeys (ConfUtils.java:logGet(46)) - raft.server.write.follower.gap.ratio.max = -1.0 (default)
2023-06-23 15:09:21,715 [1f6e8c2c-f646-4632-8e05-148bee690267@group-67173D03A824-LeaderElection19] INFO  impl.RoleInfo (RoleInfo.java:updateAndGet(139)) - 1f6e8c2c-f646-4632-8e05-148bee690267: start 1f6e8c2c-f646-4632-8e05-148bee690267@group-67173D03A824-LeaderStateImpl
2023-06-23 15:09:21,715 [1f6e8c2c-f646-4632-8e05-148bee690267@group-67173D03A824-LeaderElection19] INFO  segmented.SegmentedRaftLogWorker (SegmentedRaftLogWorker.java:startLogSegment(447)) - 1f6e8c2c-f646-4632-8e05-148bee690267@group-67173D03A824-SegmentedRaftLogWorker: Starting segment from index:0
2023-06-23 15:09:21,716 [1f6e8c2c-f646-4632-8e05-148bee690267@group-67173D03A824-SegmentedRaftLogWorker] INFO  segmented.SegmentedRaftLogWorker (SegmentedRaftLogWorker.java:execute(651)) - 1f6e8c2c-f646-4632-8e05-148bee690267@group-67173D03A824-SegmentedRaftLogWorker: created new log segment /home/runner/work/ozone/ozone/hadoop-ozone/integration-test/target/test-dir/MiniOzoneClusterImpl-741560ff-92e5-4b28-9778-2cf52193c8f3/datanode-8/data/ratis/dc23dcf4-df37-4fd4-a09d-67173d03a824/current/log_inprogress_0
2023-06-23 15:09:21,722 [1f6e8c2c-f646-4632-8e05-148bee690267@group-67173D03A824-LeaderElection19] INFO  server.RaftServer$Division (ServerState.java:setRaftConf(434)) - 1f6e8c2c-f646-4632-8e05-148bee690267@group-67173D03A824: set configuration 0: peers:[1f6e8c2c-f646-4632-8e05-148bee690267|rpc:10.1.0.34:15086|admin:10.1.0.34:15085|client:10.1.0.34:15084|dataStream:10.1.0.34:15087|priority:1|startupRole:FOLLOWER]|listeners:[], old=null
2023-06-23 15:09:21,730 [1f6e8c2c-f646-4632-8e05-148bee690267@group-72C7D76482B5-FollowerState] INFO  impl.FollowerState (FollowerState.java:run(143)) - 1f6e8c2c-f646-4632-8e05-148bee690267@group-72C7D76482B5-FollowerState: change to CANDIDATE, lastRpcElapsedTime:10518703639ns, electionTimeout:5037ms
2023-06-23 15:09:21,731 [1f6e8c2c-f646-4632-8e05-148bee690267@group-72C7D76482B5-FollowerState] INFO  impl.RoleInfo (RoleInfo.java:shutdownFollowerState(110)) - 1f6e8c2c-f646-4632-8e05-148bee690267: shutdown 1f6e8c2c-f646-4632-8e05-148bee690267@group-72C7D76482B5-FollowerState
2023-06-23 15:09:21,731 [1f6e8c2c-f646-4632-8e05-148bee690267@group-72C7D76482B5-FollowerState] INFO  server.RaftServer$Division (RaftServerImpl.java:setRole(329)) - 1f6e8c2c-f646-4632-8e05-148bee690267@group-72C7D76482B5: changes role from  FOLLOWER to CANDIDATE at term 0 for changeToCandidate
2023-06-23 15:09:21,731 [1f6e8c2c-f646-4632-8e05-148bee690267@group-72C7D76482B5-FollowerState] INFO  server.RaftServerConfigKeys (ConfUtils.java:logGet(46)) - raft.server.leaderelection.pre-vote = true (default)
2023-06-23 15:09:21,731 [1f6e8c2c-f646-4632-8e05-148bee690267@group-72C7D76482B5-FollowerState] INFO  impl.RoleInfo (RoleInfo.java:updateAndGet(139)) - 1f6e8c2c-f646-4632-8e05-148bee690267: start 1f6e8c2c-f646-4632-8e05-148bee690267@group-72C7D76482B5-LeaderElection20
2023-06-23 15:09:21,733 [1f6e8c2c-f646-4632-8e05-148bee690267@group-72C7D76482B5-LeaderElection20] INFO  impl.LeaderElection (LeaderElection.java:askForVotes(321)) - 1f6e8c2c-f646-4632-8e05-148bee690267@group-72C7D76482B5-LeaderElection20 PRE_VOTE round 0: submit vote requests at term 0 for -1: peers:[8f274f01-9fb1-4f6a-9095-80f32b07f498|rpc:10.1.0.34:15068|admin:10.1.0.34:15067|client:10.1.0.34:15066|dataStream:10.1.0.34:15069|priority:0|startupRole:FOLLOWER, 9f5088ea-8577-40bb-8f98-2a64f0190639|rpc:10.1.0.34:15077|admin:10.1.0.34:15076|client:10.1.0.34:15075|dataStream:10.1.0.34:15078|priority:0|startupRole:FOLLOWER, 1f6e8c2c-f646-4632-8e05-148bee690267|rpc:10.1.0.34:15086|admin:10.1.0.34:15085|client:10.1.0.34:15084|dataStream:10.1.0.34:15087|priority:1|startupRole:FOLLOWER]|listeners:[], old=null
2023-06-23 15:09:21,739 [1f6e8c2c-f646-4632-8e05-148bee690267@group-72C7D76482B5-LeaderElection20-1] INFO  server.GrpcServerProtocolClient (GrpcServerProtocolClient.java:<init>(65)) - Build channel for 8f274f01-9fb1-4f6a-9095-80f32b07f498
2023-06-23 15:09:21,739 [1f6e8c2c-f646-4632-8e05-148bee690267@group-72C7D76482B5-LeaderElection20] INFO  server.RaftServerConfigKeys (ConfUtils.java:logFallback(53)) - raft.server.rpc.first-election.timeout.min = 5s (fallback to raft.server.rpc.timeout.min)
2023-06-23 15:09:21,740 [1f6e8c2c-f646-4632-8e05-148bee690267@group-72C7D76482B5-LeaderElection20] INFO  server.RaftServerConfigKeys (ConfUtils.java:logFallback(53)) - raft.server.rpc.first-election.timeout.max = 5200ms (fallback to raft.server.rpc.timeout.max)
2023-06-23 15:09:21,740 [1f6e8c2c-f646-4632-8e05-148bee690267@group-72C7D76482B5-LeaderElection20-2] INFO  server.GrpcServerProtocolClient (GrpcServerProtocolClient.java:<init>(65)) - Build channel for 9f5088ea-8577-40bb-8f98-2a64f0190639
2023-06-23 15:09:21,756 [grpc-default-executor-2] INFO  server.RaftServer$Division (RaftServerImpl.java:requestVote(1302)) - 8f274f01-9fb1-4f6a-9095-80f32b07f498@group-72C7D76482B5: receive requestVote(PRE_VOTE, 1f6e8c2c-f646-4632-8e05-148bee690267, group-72C7D76482B5, 0, (t:0, i:0))
2023-06-23 15:09:21,756 [grpc-default-executor-2] INFO  impl.VoteContext (VoteContext.java:log(49)) - 8f274f01-9fb1-4f6a-9095-80f32b07f498@group-72C7D76482B5-FOLLOWER: accept PRE_VOTE from 1f6e8c2c-f646-4632-8e05-148bee690267: our priority 0 <= candidate's priority 1
2023-06-23 15:09:21,756 [grpc-default-executor-2] INFO  server.RaftServer$Division (RaftServerImpl.java:requestVote(1335)) - 8f274f01-9fb1-4f6a-9095-80f32b07f498@group-72C7D76482B5 replies to PRE_VOTE vote request: 1f6e8c2c-f646-4632-8e05-148bee690267<-8f274f01-9fb1-4f6a-9095-80f32b07f498#0:OK-t0. Peer's state: 8f274f01-9fb1-4f6a-9095-80f32b07f498@group-72C7D76482B5:t0, leader=null, voted=, raftlog=Memoized:8f274f01-9fb1-4f6a-9095-80f32b07f498@group-72C7D76482B5-SegmentedRaftLog:OPENED:c-1, conf=-1: peers:[8f274f01-9fb1-4f6a-9095-80f32b07f498|rpc:10.1.0.34:15068|admin:10.1.0.34:15067|client:10.1.0.34:15066|dataStream:10.1.0.34:15069|priority:0|startupRole:FOLLOWER, 9f5088ea-8577-40bb-8f98-2a64f0190639|rpc:10.1.0.34:15077|admin:10.1.0.34:15076|client:10.1.0.34:15075|dataStream:10.1.0.34:15078|priority:0|startupRole:FOLLOWER, 1f6e8c2c-f646-4632-8e05-148bee690267|rpc:10.1.0.34:15086|admin:10.1.0.34:15085|client:10.1.0.34:15084|dataStream:10.1.0.34:15087|priority:1|startupRole:FOLLOWER]|listeners:[], old=null
2023-06-23 15:09:21,757 [grpc-default-executor-2] INFO  server.RaftServer$Division (RaftServerImpl.java:requestVote(1302)) - 9f5088ea-8577-40bb-8f98-2a64f0190639@group-72C7D76482B5: receive requestVote(PRE_VOTE, 1f6e8c2c-f646-4632-8e05-148bee690267, group-72C7D76482B5, 0, (t:0, i:0))
2023-06-23 15:09:21,757 [grpc-default-executor-2] INFO  impl.VoteContext (VoteContext.java:log(49)) - 9f5088ea-8577-40bb-8f98-2a64f0190639@group-72C7D76482B5-FOLLOWER: accept PRE_VOTE from 1f6e8c2c-f646-4632-8e05-148bee690267: our priority 0 <= candidate's priority 1
2023-06-23 15:09:21,757 [grpc-default-executor-2] INFO  server.RaftServer$Division (RaftServerImpl.java:requestVote(1335)) - 9f5088ea-8577-40bb-8f98-2a64f0190639@group-72C7D76482B5 replies to PRE_VOTE vote request: 1f6e8c2c-f646-4632-8e05-148bee690267<-9f5088ea-8577-40bb-8f98-2a64f0190639#0:OK-t0. Peer's state: 9f5088ea-8577-40bb-8f98-2a64f0190639@group-72C7D76482B5:t0, leader=null, voted=, raftlog=Memoized:9f5088ea-8577-40bb-8f98-2a64f0190639@group-72C7D76482B5-SegmentedRaftLog:OPENED:c-1, conf=-1: peers:[8f274f01-9fb1-4f6a-9095-80f32b07f498|rpc:10.1.0.34:15068|admin:10.1.0.34:15067|client:10.1.0.34:15066|dataStream:10.1.0.34:15069|priority:0|startupRole:FOLLOWER, 9f5088ea-8577-40bb-8f98-2a64f0190639|rpc:10.1.0.34:15077|admin:10.1.0.34:15076|client:10.1.0.34:15075|dataStream:10.1.0.34:15078|priority:0|startupRole:FOLLOWER, 1f6e8c2c-f646-4632-8e05-148bee690267|rpc:10.1.0.34:15086|admin:10.1.0.34:15085|client:10.1.0.34:15084|dataStream:10.1.0.34:15087|priority:1|startupRole:FOLLOWER]|listeners:[], old=null
2023-06-23 15:09:21,762 [1f6e8c2c-f646-4632-8e05-148bee690267@group-72C7D76482B5-LeaderElection20] INFO  impl.LeaderElection (LeaderElection.java:logAndReturn(90)) - 1f6e8c2c-f646-4632-8e05-148bee690267@group-72C7D76482B5-LeaderElection20: PRE_VOTE PASSED received 1 response(s) and 0 exception(s):
2023-06-23 15:09:21,762 [1f6e8c2c-f646-4632-8e05-148bee690267@group-72C7D76482B5-LeaderElection20] INFO  impl.LeaderElection (LeaderElection.java:logAndReturn(94)) -   Response 0: 1f6e8c2c-f646-4632-8e05-148bee690267<-8f274f01-9fb1-4f6a-9095-80f32b07f498#0:OK-t0
2023-06-23 15:09:21,762 [1f6e8c2c-f646-4632-8e05-148bee690267@group-72C7D76482B5-LeaderElection20] INFO  impl.LeaderElection (LeaderElection.java:askForVotes(323)) - 1f6e8c2c-f646-4632-8e05-148bee690267@group-72C7D76482B5-LeaderElection20 PRE_VOTE round 0: result PASSED
2023-06-23 15:09:21,763 [1f6e8c2c-f646-4632-8e05-148bee690267@group-72C7D76482B5-LeaderElection20] INFO  impl.LeaderElection (LeaderElection.java:askForVotes(321)) - 1f6e8c2c-f646-4632-8e05-148bee690267@group-72C7D76482B5-LeaderElection20 ELECTION round 0: submit vote requests at term 1 for -1: peers:[8f274f01-9fb1-4f6a-9095-80f32b07f498|rpc:10.1.0.34:15068|admin:10.1.0.34:15067|client:10.1.0.34:15066|dataStream:10.1.0.34:15069|priority:0|startupRole:FOLLOWER, 9f5088ea-8577-40bb-8f98-2a64f0190639|rpc:10.1.0.34:15077|admin:10.1.0.34:15076|client:10.1.0.34:15075|dataStream:10.1.0.34:15078|priority:0|startupRole:FOLLOWER, 1f6e8c2c-f646-4632-8e05-148bee690267|rpc:10.1.0.34:15086|admin:10.1.0.34:15085|client:10.1.0.34:15084|dataStream:10.1.0.34:15087|priority:1|startupRole:FOLLOWER]|listeners:[], old=null
2023-06-23 15:09:21,764 [1f6e8c2c-f646-4632-8e05-148bee690267@group-72C7D76482B5-LeaderElection20] INFO  server.RaftServerConfigKeys (ConfUtils.java:logFallback(53)) - raft.server.rpc.first-election.timeout.min = 5s (fallback to raft.server.rpc.timeout.min)
2023-06-23 15:09:21,764 [1f6e8c2c-f646-4632-8e05-148bee690267@group-72C7D76482B5-LeaderElection20] INFO  server.RaftServerConfigKeys (ConfUtils.java:logFallback(53)) - raft.server.rpc.first-election.timeout.max = 5200ms (fallback to raft.server.rpc.timeout.max)
2023-06-23 15:09:21,765 [grpc-default-executor-2] INFO  server.RaftServer$Division (RaftServerImpl.java:requestVote(1302)) - 8f274f01-9fb1-4f6a-9095-80f32b07f498@group-72C7D76482B5: receive requestVote(ELECTION, 1f6e8c2c-f646-4632-8e05-148bee690267, group-72C7D76482B5, 1, (t:0, i:0))
2023-06-23 15:09:21,765 [grpc-default-executor-2] INFO  impl.VoteContext (VoteContext.java:log(49)) - 8f274f01-9fb1-4f6a-9095-80f32b07f498@group-72C7D76482B5-FOLLOWER: accept ELECTION from 1f6e8c2c-f646-4632-8e05-148bee690267: our priority 0 <= candidate's priority 1
2023-06-23 15:09:21,765 [grpc-default-executor-2] INFO  server.RaftServer$Division (RaftServerImpl.java:setRole(329)) - 8f274f01-9fb1-4f6a-9095-80f32b07f498@group-72C7D76482B5: changes role from  FOLLOWER to FOLLOWER at term 1 for candidate:1f6e8c2c-f646-4632-8e05-148bee690267
2023-06-23 15:09:21,765 [grpc-default-executor-2] INFO  impl.RoleInfo (RoleInfo.java:shutdownFollowerState(110)) - 8f274f01-9fb1-4f6a-9095-80f32b07f498: shutdown 8f274f01-9fb1-4f6a-9095-80f32b07f498@group-72C7D76482B5-FollowerState
2023-06-23 15:09:21,765 [grpc-default-executor-2] INFO  impl.RoleInfo (RoleInfo.java:updateAndGet(139)) - 8f274f01-9fb1-4f6a-9095-80f32b07f498: start 8f274f01-9fb1-4f6a-9095-80f32b07f498@group-72C7D76482B5-FollowerState
2023-06-23 15:09:21,766 [8f274f01-9fb1-4f6a-9095-80f32b07f498@group-72C7D76482B5-FollowerState] INFO  impl.FollowerState (FollowerState.java:run(152)) - 8f274f01-9fb1-4f6a-9095-80f32b07f498@group-72C7D76482B5-FollowerState was interrupted
2023-06-23 15:09:21,768 [grpc-default-executor-4] INFO  server.RaftServer$Division (RaftServerImpl.java:requestVote(1302)) - 9f5088ea-8577-40bb-8f98-2a64f0190639@group-72C7D76482B5: receive requestVote(ELECTION, 1f6e8c2c-f646-4632-8e05-148bee690267, group-72C7D76482B5, 1, (t:0, i:0))
2023-06-23 15:09:21,769 [grpc-default-executor-4] INFO  impl.VoteContext (VoteContext.java:log(49)) - 9f5088ea-8577-40bb-8f98-2a64f0190639@group-72C7D76482B5-FOLLOWER: accept ELECTION from 1f6e8c2c-f646-4632-8e05-148bee690267: our priority 0 <= candidate's priority 1
2023-06-23 15:09:21,769 [grpc-default-executor-4] INFO  server.RaftServer$Division (RaftServerImpl.java:setRole(329)) - 9f5088ea-8577-40bb-8f98-2a64f0190639@group-72C7D76482B5: changes role from  FOLLOWER to FOLLOWER at term 1 for candidate:1f6e8c2c-f646-4632-8e05-148bee690267
2023-06-23 15:09:21,769 [grpc-default-executor-4] INFO  impl.RoleInfo (RoleInfo.java:shutdownFollowerState(110)) - 9f5088ea-8577-40bb-8f98-2a64f0190639: shutdown 9f5088ea-8577-40bb-8f98-2a64f0190639@group-72C7D76482B5-FollowerState
2023-06-23 15:09:21,769 [grpc-default-executor-4] INFO  impl.RoleInfo (RoleInfo.java:updateAndGet(139)) - 9f5088ea-8577-40bb-8f98-2a64f0190639: start 9f5088ea-8577-40bb-8f98-2a64f0190639@group-72C7D76482B5-FollowerState
2023-06-23 15:09:21,769 [9f5088ea-8577-40bb-8f98-2a64f0190639@group-72C7D76482B5-FollowerState] INFO  impl.FollowerState (FollowerState.java:run(152)) - 9f5088ea-8577-40bb-8f98-2a64f0190639@group-72C7D76482B5-FollowerState was interrupted
2023-06-23 15:09:21,770 [grpc-default-executor-2] INFO  server.RaftServer$Division (RaftServerImpl.java:requestVote(1335)) - 8f274f01-9fb1-4f6a-9095-80f32b07f498@group-72C7D76482B5 replies to ELECTION vote request: 1f6e8c2c-f646-4632-8e05-148bee690267<-8f274f01-9fb1-4f6a-9095-80f32b07f498#0:OK-t1. Peer's state: 8f274f01-9fb1-4f6a-9095-80f32b07f498@group-72C7D76482B5:t1, leader=null, voted=1f6e8c2c-f646-4632-8e05-148bee690267, raftlog=Memoized:8f274f01-9fb1-4f6a-9095-80f32b07f498@group-72C7D76482B5-SegmentedRaftLog:OPENED:c-1, conf=-1: peers:[8f274f01-9fb1-4f6a-9095-80f32b07f498|rpc:10.1.0.34:15068|admin:10.1.0.34:15067|client:10.1.0.34:15066|dataStream:10.1.0.34:15069|priority:0|startupRole:FOLLOWER, 9f5088ea-8577-40bb-8f98-2a64f0190639|rpc:10.1.0.34:15077|admin:10.1.0.34:15076|client:10.1.0.34:15075|dataStream:10.1.0.34:15078|priority:0|startupRole:FOLLOWER, 1f6e8c2c-f646-4632-8e05-148bee690267|rpc:10.1.0.34:15086|admin:10.1.0.34:15085|client:10.1.0.34:15084|dataStream:10.1.0.34:15087|priority:1|startupRole:FOLLOWER]|listeners:[], old=null
2023-06-23 15:09:21,771 [1f6e8c2c-f646-4632-8e05-148bee690267@group-72C7D76482B5-LeaderElection20] INFO  impl.LeaderElection (LeaderElection.java:logAndReturn(90)) - 1f6e8c2c-f646-4632-8e05-148bee690267@group-72C7D76482B5-LeaderElection20: ELECTION PASSED received 1 response(s) and 0 exception(s):
2023-06-23 15:09:21,771 [1f6e8c2c-f646-4632-8e05-148bee690267@group-72C7D76482B5-LeaderElection20] INFO  impl.LeaderElection (LeaderElection.java:logAndReturn(94)) -   Response 0: 1f6e8c2c-f646-4632-8e05-148bee690267<-8f274f01-9fb1-4f6a-9095-80f32b07f498#0:OK-t1
2023-06-23 15:09:21,771 [1f6e8c2c-f646-4632-8e05-148bee690267@group-72C7D76482B5-LeaderElection20] INFO  impl.LeaderElection (LeaderElection.java:askForVotes(323)) - 1f6e8c2c-f646-4632-8e05-148bee690267@group-72C7D76482B5-LeaderElection20 ELECTION round 0: result PASSED
2023-06-23 15:09:21,771 [1f6e8c2c-f646-4632-8e05-148bee690267@group-72C7D76482B5-LeaderElection20] INFO  impl.RoleInfo (RoleInfo.java:shutdownLeaderElection(130)) - 1f6e8c2c-f646-4632-8e05-148bee690267: shutdown 1f6e8c2c-f646-4632-8e05-148bee690267@group-72C7D76482B5-LeaderElection20
2023-06-23 15:09:21,771 [grpc-default-executor-4] INFO  server.RaftServer$Division (RaftServerImpl.java:requestVote(1335)) - 9f5088ea-8577-40bb-8f98-2a64f0190639@group-72C7D76482B5 replies to ELECTION vote request: 1f6e8c2c-f646-4632-8e05-148bee690267<-9f5088ea-8577-40bb-8f98-2a64f0190639#0:OK-t1. Peer's state: 9f5088ea-8577-40bb-8f98-2a64f0190639@group-72C7D76482B5:t1, leader=null, voted=1f6e8c2c-f646-4632-8e05-148bee690267, raftlog=Memoized:9f5088ea-8577-40bb-8f98-2a64f0190639@group-72C7D76482B5-SegmentedRaftLog:OPENED:c-1, conf=-1: peers:[8f274f01-9fb1-4f6a-9095-80f32b07f498|rpc:10.1.0.34:15068|admin:10.1.0.34:15067|client:10.1.0.34:15066|dataStream:10.1.0.34:15069|priority:0|startupRole:FOLLOWER, 9f5088ea-8577-40bb-8f98-2a64f0190639|rpc:10.1.0.34:15077|admin:10.1.0.34:15076|client:10.1.0.34:15075|dataStream:10.1.0.34:15078|priority:0|startupRole:FOLLOWER, 1f6e8c2c-f646-4632-8e05-148bee690267|rpc:10.1.0.34:15086|admin:10.1.0.34:15085|client:10.1.0.34:15084|dataStream:10.1.0.34:15087|priority:1|startupRole:FOLLOWER]|listeners:[], old=null
2023-06-23 15:09:21,771 [1f6e8c2c-f646-4632-8e05-148bee690267@group-72C7D76482B5-LeaderElection20] INFO  server.RaftServer$Division (RaftServerImpl.java:setRole(329)) - 1f6e8c2c-f646-4632-8e05-148bee690267@group-72C7D76482B5: changes role from CANDIDATE to LEADER at term 1 for changeToLeader
2023-06-23 15:09:21,772 [1f6e8c2c-f646-4632-8e05-148bee690267@group-72C7D76482B5-LeaderElection20] INFO  ratis.XceiverServerRatis (XceiverServerRatis.java:handleLeaderChangedNotification(902)) - Leader change notification received for group: group-72C7D76482B5 with new leaderId: 1f6e8c2c-f646-4632-8e05-148bee690267
2023-06-23 15:09:21,772 [1f6e8c2c-f646-4632-8e05-148bee690267@group-72C7D76482B5-LeaderElection20] INFO  server.RaftServer$Division (ServerState.java:setLeader(317)) - 1f6e8c2c-f646-4632-8e05-148bee690267@group-72C7D76482B5: change Leader from null to 1f6e8c2c-f646-4632-8e05-148bee690267 at term 1 for becomeLeader, leader elected after 10579ms
2023-06-23 15:09:21,772 [1f6e8c2c-f646-4632-8e05-148bee690267@group-72C7D76482B5-LeaderElection20] INFO  server.RaftServerConfigKeys (ConfUtils.java:logGet(46)) - raft.server.staging.catchup.gap = 1000 (default)
2023-06-23 15:09:21,772 [1f6e8c2c-f646-4632-8e05-148bee690267@group-72C7D76482B5-LeaderElection20] INFO  server.RaftServerConfigKeys (ConfUtils.java:logGet(46)) - raft.server.write.element-limit = 1024 (custom)
2023-06-23 15:09:21,772 [1f6e8c2c-f646-4632-8e05-148bee690267@group-72C7D76482B5-LeaderElection20] INFO  server.RaftServerConfigKeys (ConfUtils.java:logGet(46)) - raft.server.write.byte-limit = 1024 M (=1073741824) (custom)
2023-06-23 15:09:21,772 [1f6e8c2c-f646-4632-8e05-148bee690267@group-72C7D76482B5-LeaderElection20] INFO  server.RaftServerConfigKeys (ConfUtils.java:logGet(46)) - raft.server.watch.timeout = 180s (custom)
2023-06-23 15:09:21,772 [1f6e8c2c-f646-4632-8e05-148bee690267@group-72C7D76482B5-LeaderElection20] INFO  server.RaftServerConfigKeys (ConfUtils.java:logGet(46)) - raft.server.watch.timeout.denomination = 1s (default)
2023-06-23 15:09:21,772 [1f6e8c2c-f646-4632-8e05-148bee690267@group-72C7D76482B5-LeaderElection20] INFO  server.RaftServerConfigKeys (ConfUtils.java:logGet(46)) - raft.server.watch.element-limit = 65536 (default)
2023-06-23 15:09:21,772 [1f6e8c2c-f646-4632-8e05-148bee690267@group-72C7D76482B5-LeaderElection20] INFO  server.RaftServerConfigKeys (ConfUtils.java:logGet(46)) - raft.server.write.element-limit = 1024 (custom)
2023-06-23 15:09:21,772 [1f6e8c2c-f646-4632-8e05-148bee690267@group-72C7D76482B5-LeaderElection20] INFO  server.RaftServerConfigKeys (ConfUtils.java:logGet(46)) - raft.server.write.follower.gap.ratio.max = -1.0 (default)
2023-06-23 15:09:21,773 [1f6e8c2c-f646-4632-8e05-148bee690267@group-72C7D76482B5-LeaderElection20] INFO  server.RaftServerConfigKeys (ConfUtils.java:logGet(46)) - raft.server.log.appender.snapshot.chunk.size.max = 16MB (=16777216) (default)
2023-06-23 15:09:21,773 [1f6e8c2c-f646-4632-8e05-148bee690267@group-72C7D76482B5-LeaderElection20] INFO  server.RaftServerConfigKeys (ConfUtils.java:logGet(46)) - raft.server.log.appender.buffer.byte-limit = 33554432 (custom)
2023-06-23 15:09:21,773 [1f6e8c2c-f646-4632-8e05-148bee690267@group-72C7D76482B5-LeaderElection20] INFO  server.RaftServerConfigKeys (ConfUtils.java:logGet(46)) - raft.server.log.appender.buffer.element-limit = 1 (custom)
2023-06-23 15:09:21,773 [1f6e8c2c-f646-4632-8e05-148bee690267@group-72C7D76482B5-LeaderElection20] INFO  server.RaftServerConfigKeys (ConfUtils.java:logGet(46)) - raft.server.log.appender.wait-time.min = 10ms (default)
2023-06-23 15:09:21,773 [1f6e8c2c-f646-4632-8e05-148bee690267@group-72C7D76482B5-LeaderElection20] INFO  grpc.GrpcConfigKeys (ConfUtils.java:logGet(46)) - raft.grpc.server.leader.outstanding.appends.max = 128 (default)
2023-06-23 15:09:21,773 [1f6e8c2c-f646-4632-8e05-148bee690267@group-72C7D76482B5-LeaderElection20] INFO  server.RaftServerConfigKeys (ConfUtils.java:logGet(46)) - raft.server.rpc.request.timeout = 60s (custom)
2023-06-23 15:09:21,773 [1f6e8c2c-f646-4632-8e05-148bee690267@group-72C7D76482B5-LeaderElection20] INFO  grpc.GrpcConfigKeys (ConfUtils.java:logGet(46)) - raft.grpc.server.install_snapshot.request.element-limit = 8 (default)
2023-06-23 15:09:21,773 [1f6e8c2c-f646-4632-8e05-148bee690267@group-72C7D76482B5-LeaderElection20] INFO  grpc.GrpcConfigKeys (ConfUtils.java:logGet(46)) - raft.grpc.server.install_snapshot.request.timeout = 3000ms (default)
2023-06-23 15:09:21,773 [1f6e8c2c-f646-4632-8e05-148bee690267@group-72C7D76482B5-LeaderElection20] INFO  server.RaftServerConfigKeys (ConfUtils.java:logGet(46)) - raft.server.log.appender.install.snapshot.enabled = false (custom)
2023-06-23 15:09:21,774 [1f6e8c2c-f646-4632-8e05-148bee690267@group-72C7D76482B5-LeaderElection20] INFO  grpc.GrpcConfigKeys (ConfUtils.java:logGet(46)) - raft.grpc.server.heartbeat.channel = true (default)
2023-06-23 15:09:21,774 [1f6e8c2c-f646-4632-8e05-148bee690267@group-72C7D76482B5-LeaderElection20] INFO  server.RaftServerConfigKeys (ConfUtils.java:logGet(46)) - raft.server.log.appender.snapshot.chunk.size.max = 16MB (=16777216) (default)
2023-06-23 15:09:21,774 [1f6e8c2c-f646-4632-8e05-148bee690267@group-72C7D76482B5-LeaderElection20] INFO  server.RaftServerConfigKeys (ConfUtils.java:logGet(46)) - raft.server.log.appender.buffer.byte-limit = 33554432 (custom)
2023-06-23 15:09:21,774 [1f6e8c2c-f646-4632-8e05-148bee690267@group-72C7D76482B5-LeaderElection20] INFO  server.RaftServerConfigKeys (ConfUtils.java:logGet(46)) - raft.server.log.appender.buffer.element-limit = 1 (custom)
2023-06-23 15:09:21,774 [1f6e8c2c-f646-4632-8e05-148bee690267@group-72C7D76482B5-LeaderElection20] INFO  server.RaftServerConfigKeys (ConfUtils.java:logGet(46)) - raft.server.log.appender.wait-time.min = 10ms (default)
2023-06-23 15:09:21,774 [1f6e8c2c-f646-4632-8e05-148bee690267@group-72C7D76482B5-LeaderElection20] INFO  grpc.GrpcConfigKeys (ConfUtils.java:logGet(46)) - raft.grpc.server.leader.outstanding.appends.max = 128 (default)
2023-06-23 15:09:21,774 [1f6e8c2c-f646-4632-8e05-148bee690267@group-72C7D76482B5-LeaderElection20] INFO  server.RaftServerConfigKeys (ConfUtils.java:logGet(46)) - raft.server.rpc.request.timeout = 60s (custom)
2023-06-23 15:09:21,774 [1f6e8c2c-f646-4632-8e05-148bee690267@group-72C7D76482B5-LeaderElection20] INFO  grpc.GrpcConfigKeys (ConfUtils.java:logGet(46)) - raft.grpc.server.install_snapshot.request.element-limit = 8 (default)
2023-06-23 15:09:21,774 [1f6e8c2c-f646-4632-8e05-148bee690267@group-72C7D76482B5-LeaderElection20] INFO  grpc.GrpcConfigKeys (ConfUtils.java:logGet(46)) - raft.grpc.server.install_snapshot.request.timeout = 3000ms (default)
2023-06-23 15:09:21,775 [1f6e8c2c-f646-4632-8e05-148bee690267@group-72C7D76482B5-LeaderElection20] INFO  server.RaftServerConfigKeys (ConfUtils.java:logGet(46)) - raft.server.log.appender.install.snapshot.enabled = false (custom)
2023-06-23 15:09:21,775 [1f6e8c2c-f646-4632-8e05-148bee690267@group-72C7D76482B5-LeaderElection20] INFO  grpc.GrpcConfigKeys (ConfUtils.java:logGet(46)) - raft.grpc.server.heartbeat.channel = true (default)
2023-06-23 15:09:21,775 [1f6e8c2c-f646-4632-8e05-148bee690267@group-72C7D76482B5-LeaderElection20] INFO  impl.RoleInfo (RoleInfo.java:updateAndGet(139)) - 1f6e8c2c-f646-4632-8e05-148bee690267: start 1f6e8c2c-f646-4632-8e05-148bee690267@group-72C7D76482B5-LeaderStateImpl
2023-06-23 15:09:21,776 [1f6e8c2c-f646-4632-8e05-148bee690267@group-72C7D76482B5-LeaderElection20] INFO  segmented.SegmentedRaftLogWorker (SegmentedRaftLogWorker.java:startLogSegment(447)) - 1f6e8c2c-f646-4632-8e05-148bee690267@group-72C7D76482B5-SegmentedRaftLogWorker: Starting segment from index:0
2023-06-23 15:09:21,777 [EventQueue-PipelineReportForPipelineReportHandler] INFO  pipeline.PipelineManagerImpl (PipelineManagerImpl.java:openPipeline(381)) - Pipeline Pipeline[ Id: d1e83715-fb40-4a84-ae1d-72c7d76482b5, Nodes: 9f5088ea-8577-40bb-8f98-2a64f0190639(fv-az424-541.i1gjr3zuz4qevjy1zin2gin2ih.gx.internal.cloudapp.net/10.1.0.34)1f6e8c2c-f646-4632-8e05-148bee690267(fv-az424-541.i1gjr3zuz4qevjy1zin2gin2ih.gx.internal.cloudapp.net/10.1.0.34)8f274f01-9fb1-4f6a-9095-80f32b07f498(fv-az424-541.i1gjr3zuz4qevjy1zin2gin2ih.gx.internal.cloudapp.net/10.1.0.34), ReplicationConfig: RATIS/THREE, State:ALLOCATED, leaderId:1f6e8c2c-f646-4632-8e05-148bee690267, CreationTimestamp2023-06-23T15:09:08.302Z[Etc/UTC]] moved to OPEN state
2023-06-23 15:09:21,778 [1f6e8c2c-f646-4632-8e05-148bee690267@group-72C7D76482B5-SegmentedRaftLogWorker] INFO  segmented.SegmentedRaftLogWorker (SegmentedRaftLogWorker.java:execute(651)) - 1f6e8c2c-f646-4632-8e05-148bee690267@group-72C7D76482B5-SegmentedRaftLogWorker: created new log segment /home/runner/work/ozone/ozone/hadoop-ozone/integration-test/target/test-dir/MiniOzoneClusterImpl-741560ff-92e5-4b28-9778-2cf52193c8f3/datanode-8/data/ratis/d1e83715-fb40-4a84-ae1d-72c7d76482b5/current/log_inprogress_0
2023-06-23 15:09:21,784 [1f6e8c2c-f646-4632-8e05-148bee690267@group-72C7D76482B5-LeaderElection20] INFO  server.RaftServer$Division (ServerState.java:setRaftConf(434)) - 1f6e8c2c-f646-4632-8e05-148bee690267@group-72C7D76482B5: set configuration 0: peers:[8f274f01-9fb1-4f6a-9095-80f32b07f498|rpc:10.1.0.34:15068|admin:10.1.0.34:15067|client:10.1.0.34:15066|dataStream:10.1.0.34:15069|priority:0|startupRole:FOLLOWER, 9f5088ea-8577-40bb-8f98-2a64f0190639|rpc:10.1.0.34:15077|admin:10.1.0.34:15076|client:10.1.0.34:15075|dataStream:10.1.0.34:15078|priority:0|startupRole:FOLLOWER, 1f6e8c2c-f646-4632-8e05-148bee690267|rpc:10.1.0.34:15086|admin:10.1.0.34:15085|client:10.1.0.34:15084|dataStream:10.1.0.34:15087|priority:1|startupRole:FOLLOWER]|listeners:[], old=null
2023-06-23 15:09:21,793 [8f274f01-9fb1-4f6a-9095-80f32b07f498-server-thread1] INFO  ratis.XceiverServerRatis (XceiverServerRatis.java:handleLeaderChangedNotification(902)) - Leader change notification received for group: group-72C7D76482B5 with new leaderId: 1f6e8c2c-f646-4632-8e05-148bee690267
2023-06-23 15:09:21,793 [8f274f01-9fb1-4f6a-9095-80f32b07f498-server-thread1] INFO  server.RaftServer$Division (ServerState.java:setLeader(317)) - 8f274f01-9fb1-4f6a-9095-80f32b07f498@group-72C7D76482B5: change Leader from null to 1f6e8c2c-f646-4632-8e05-148bee690267 at term 1 for appendEntries, leader elected after 11163ms
2023-06-23 15:09:21,797 [8f274f01-9fb1-4f6a-9095-80f32b07f498-server-thread1] INFO  server.RaftServer$Division (ServerState.java:setRaftConf(434)) - 8f274f01-9fb1-4f6a-9095-80f32b07f498@group-72C7D76482B5: set configuration 0: peers:[8f274f01-9fb1-4f6a-9095-80f32b07f498|rpc:10.1.0.34:15068|admin:10.1.0.34:15067|client:10.1.0.34:15066|dataStream:10.1.0.34:15069|priority:0|startupRole:FOLLOWER, 9f5088ea-8577-40bb-8f98-2a64f0190639|rpc:10.1.0.34:15077|admin:10.1.0.34:15076|client:10.1.0.34:15075|dataStream:10.1.0.34:15078|priority:0|startupRole:FOLLOWER, 1f6e8c2c-f646-4632-8e05-148bee690267|rpc:10.1.0.34:15086|admin:10.1.0.34:15085|client:10.1.0.34:15084|dataStream:10.1.0.34:15087|priority:1|startupRole:FOLLOWER]|listeners:[], old=null
2023-06-23 15:09:21,797 [8f274f01-9fb1-4f6a-9095-80f32b07f498-server-thread1] INFO  segmented.SegmentedRaftLogWorker (SegmentedRaftLogWorker.java:startLogSegment(447)) - 8f274f01-9fb1-4f6a-9095-80f32b07f498@group-72C7D76482B5-SegmentedRaftLogWorker: Starting segment from index:0
2023-06-23 15:09:21,800 [8f274f01-9fb1-4f6a-9095-80f32b07f498@group-72C7D76482B5-SegmentedRaftLogWorker] INFO  segmented.SegmentedRaftLogWorker (SegmentedRaftLogWorker.java:execute(651)) - 8f274f01-9fb1-4f6a-9095-80f32b07f498@group-72C7D76482B5-SegmentedRaftLogWorker: created new log segment /home/runner/work/ozone/ozone/hadoop-ozone/integration-test/target/test-dir/MiniOzoneClusterImpl-741560ff-92e5-4b28-9778-2cf52193c8f3/datanode-6/data/ratis/d1e83715-fb40-4a84-ae1d-72c7d76482b5/current/log_inprogress_0
2023-06-23 15:09:21,801 [9f5088ea-8577-40bb-8f98-2a64f0190639-server-thread1] INFO  ratis.XceiverServerRatis (XceiverServerRatis.java:handleLeaderChangedNotification(902)) - Leader change notification received for group: group-72C7D76482B5 with new leaderId: 1f6e8c2c-f646-4632-8e05-148bee690267
2023-06-23 15:09:21,801 [9f5088ea-8577-40bb-8f98-2a64f0190639-server-thread1] INFO  server.RaftServer$Division (ServerState.java:setLeader(317)) - 9f5088ea-8577-40bb-8f98-2a64f0190639@group-72C7D76482B5: change Leader from null to 1f6e8c2c-f646-4632-8e05-148bee690267 at term 1 for appendEntries, leader elected after 10655ms
2023-06-23 15:09:21,808 [9f5088ea-8577-40bb-8f98-2a64f0190639-server-thread2] INFO  server.RaftServer$Division (ServerState.java:setRaftConf(434)) - 9f5088ea-8577-40bb-8f98-2a64f0190639@group-72C7D76482B5: set configuration 0: peers:[8f274f01-9fb1-4f6a-9095-80f32b07f498|rpc:10.1.0.34:15068|admin:10.1.0.34:15067|client:10.1.0.34:15066|dataStream:10.1.0.34:15069|priority:0|startupRole:FOLLOWER, 9f5088ea-8577-40bb-8f98-2a64f0190639|rpc:10.1.0.34:15077|admin:10.1.0.34:15076|client:10.1.0.34:15075|dataStream:10.1.0.34:15078|priority:0|startupRole:FOLLOWER, 1f6e8c2c-f646-4632-8e05-148bee690267|rpc:10.1.0.34:15086|admin:10.1.0.34:15085|client:10.1.0.34:15084|dataStream:10.1.0.34:15087|priority:1|startupRole:FOLLOWER]|listeners:[], old=null
2023-06-23 15:09:21,808 [9f5088ea-8577-40bb-8f98-2a64f0190639-server-thread2] INFO  segmented.SegmentedRaftLogWorker (SegmentedRaftLogWorker.java:startLogSegment(447)) - 9f5088ea-8577-40bb-8f98-2a64f0190639@group-72C7D76482B5-SegmentedRaftLogWorker: Starting segment from index:0
2023-06-23 15:09:21,812 [9f5088ea-8577-40bb-8f98-2a64f0190639@group-72C7D76482B5-SegmentedRaftLogWorker] INFO  segmented.SegmentedRaftLogWorker (SegmentedRaftLogWorker.java:execute(651)) - 9f5088ea-8577-40bb-8f98-2a64f0190639@group-72C7D76482B5-SegmentedRaftLogWorker: created new log segment /home/runner/work/ozone/ozone/hadoop-ozone/integration-test/target/test-dir/MiniOzoneClusterImpl-741560ff-92e5-4b28-9778-2cf52193c8f3/datanode-7/data/ratis/d1e83715-fb40-4a84-ae1d-72c7d76482b5/current/log_inprogress_0
2023-06-23 15:09:21,857 [9f5088ea-8577-40bb-8f98-2a64f0190639@group-75D22E2C4CF5-FollowerState] INFO  impl.FollowerState (FollowerState.java:run(143)) - 9f5088ea-8577-40bb-8f98-2a64f0190639@group-75D22E2C4CF5-FollowerState: change to CANDIDATE, lastRpcElapsedTime:10718276933ns, electionTimeout:5163ms
2023-06-23 15:09:21,858 [9f5088ea-8577-40bb-8f98-2a64f0190639@group-75D22E2C4CF5-FollowerState] INFO  impl.RoleInfo (RoleInfo.java:shutdownFollowerState(110)) - 9f5088ea-8577-40bb-8f98-2a64f0190639: shutdown 9f5088ea-8577-40bb-8f98-2a64f0190639@group-75D22E2C4CF5-FollowerState
2023-06-23 15:09:21,858 [9f5088ea-8577-40bb-8f98-2a64f0190639@group-75D22E2C4CF5-FollowerState] INFO  server.RaftServer$Division (RaftServerImpl.java:setRole(329)) - 9f5088ea-8577-40bb-8f98-2a64f0190639@group-75D22E2C4CF5: changes role from  FOLLOWER to CANDIDATE at term 0 for changeToCandidate
2023-06-23 15:09:21,858 [9f5088ea-8577-40bb-8f98-2a64f0190639@group-75D22E2C4CF5-FollowerState] INFO  server.RaftServerConfigKeys (ConfUtils.java:logGet(46)) - raft.server.leaderelection.pre-vote = true (default)
2023-06-23 15:09:21,858 [9f5088ea-8577-40bb-8f98-2a64f0190639@group-75D22E2C4CF5-FollowerState] INFO  impl.RoleInfo (RoleInfo.java:updateAndGet(139)) - 9f5088ea-8577-40bb-8f98-2a64f0190639: start 9f5088ea-8577-40bb-8f98-2a64f0190639@group-75D22E2C4CF5-LeaderElection21
2023-06-23 15:09:21,860 [9f5088ea-8577-40bb-8f98-2a64f0190639@group-75D22E2C4CF5-LeaderElection21] INFO  impl.LeaderElection (LeaderElection.java:askForVotes(321)) - 9f5088ea-8577-40bb-8f98-2a64f0190639@group-75D22E2C4CF5-LeaderElection21 PRE_VOTE round 0: submit vote requests at term 0 for -1: peers:[9f5088ea-8577-40bb-8f98-2a64f0190639|rpc:10.1.0.34:15077|admin:10.1.0.34:15076|client:10.1.0.34:15075|dataStream:10.1.0.34:15078|priority:1|startupRole:FOLLOWER]|listeners:[], old=null
2023-06-23 15:09:21,860 [9f5088ea-8577-40bb-8f98-2a64f0190639@group-75D22E2C4CF5-LeaderElection21] INFO  impl.LeaderElection (LeaderElection.java:askForVotes(323)) - 9f5088ea-8577-40bb-8f98-2a64f0190639@group-75D22E2C4CF5-LeaderElection21 PRE_VOTE round 0: result PASSED (term=0)
2023-06-23 15:09:21,861 [9f5088ea-8577-40bb-8f98-2a64f0190639@group-75D22E2C4CF5-LeaderElection21] INFO  impl.LeaderElection (LeaderElection.java:askForVotes(321)) - 9f5088ea-8577-40bb-8f98-2a64f0190639@group-75D22E2C4CF5-LeaderElection21 ELECTION round 0: submit vote requests at term 1 for -1: peers:[9f5088ea-8577-40bb-8f98-2a64f0190639|rpc:10.1.0.34:15077|admin:10.1.0.34:15076|client:10.1.0.34:15075|dataStream:10.1.0.34:15078|priority:1|startupRole:FOLLOWER]|listeners:[], old=null
2023-06-23 15:09:21,861 [9f5088ea-8577-40bb-8f98-2a64f0190639@group-75D22E2C4CF5-LeaderElection21] INFO  impl.LeaderElection (LeaderElection.java:askForVotes(323)) - 9f5088ea-8577-40bb-8f98-2a64f0190639@group-75D22E2C4CF5-LeaderElection21 ELECTION round 0: result PASSED (term=1)
2023-06-23 15:09:21,861 [9f5088ea-8577-40bb-8f98-2a64f0190639@group-75D22E2C4CF5-LeaderElection21] INFO  impl.RoleInfo (RoleInfo.java:shutdownLeaderElection(130)) - 9f5088ea-8577-40bb-8f98-2a64f0190639: shutdown 9f5088ea-8577-40bb-8f98-2a64f0190639@group-75D22E2C4CF5-LeaderElection21
2023-06-23 15:09:21,861 [9f5088ea-8577-40bb-8f98-2a64f0190639@group-75D22E2C4CF5-LeaderElection21] INFO  server.RaftServer$Division (RaftServerImpl.java:setRole(329)) - 9f5088ea-8577-40bb-8f98-2a64f0190639@group-75D22E2C4CF5: changes role from CANDIDATE to LEADER at term 1 for changeToLeader
2023-06-23 15:09:21,861 [9f5088ea-8577-40bb-8f98-2a64f0190639@group-75D22E2C4CF5-LeaderElection21] INFO  ratis.XceiverServerRatis (XceiverServerRatis.java:handleLeaderChangedNotification(902)) - Leader change notification received for group: group-75D22E2C4CF5 with new leaderId: 9f5088ea-8577-40bb-8f98-2a64f0190639
2023-06-23 15:09:21,861 [9f5088ea-8577-40bb-8f98-2a64f0190639@group-75D22E2C4CF5-LeaderElection21] INFO  server.RaftServer$Division (ServerState.java:setLeader(317)) - 9f5088ea-8577-40bb-8f98-2a64f0190639@group-75D22E2C4CF5: change Leader from null to 9f5088ea-8577-40bb-8f98-2a64f0190639 at term 1 for becomeLeader, leader elected after 10754ms
2023-06-23 15:09:21,861 [9f5088ea-8577-40bb-8f98-2a64f0190639@group-75D22E2C4CF5-LeaderElection21] INFO  server.RaftServerConfigKeys (ConfUtils.java:logGet(46)) - raft.server.staging.catchup.gap = 1000 (default)
2023-06-23 15:09:21,862 [9f5088ea-8577-40bb-8f98-2a64f0190639@group-75D22E2C4CF5-LeaderElection21] INFO  server.RaftServerConfigKeys (ConfUtils.java:logGet(46)) - raft.server.write.element-limit = 1024 (custom)
2023-06-23 15:09:21,862 [9f5088ea-8577-40bb-8f98-2a64f0190639@group-75D22E2C4CF5-LeaderElection21] INFO  server.RaftServerConfigKeys (ConfUtils.java:logGet(46)) - raft.server.write.byte-limit = 1024 M (=1073741824) (custom)
2023-06-23 15:09:21,862 [9f5088ea-8577-40bb-8f98-2a64f0190639@group-75D22E2C4CF5-LeaderElection21] INFO  server.RaftServerConfigKeys (ConfUtils.java:logGet(46)) - raft.server.watch.timeout = 180s (custom)
2023-06-23 15:09:21,862 [9f5088ea-8577-40bb-8f98-2a64f0190639@group-75D22E2C4CF5-LeaderElection21] INFO  server.RaftServerConfigKeys (ConfUtils.java:logGet(46)) - raft.server.watch.timeout.denomination = 1s (default)
2023-06-23 15:09:21,863 [9f5088ea-8577-40bb-8f98-2a64f0190639@group-75D22E2C4CF5-LeaderElection21] INFO  server.RaftServerConfigKeys (ConfUtils.java:logGet(46)) - raft.server.watch.element-limit = 65536 (default)
2023-06-23 15:09:21,863 [9f5088ea-8577-40bb-8f98-2a64f0190639@group-75D22E2C4CF5-LeaderElection21] INFO  server.RaftServerConfigKeys (ConfUtils.java:logGet(46)) - raft.server.write.element-limit = 1024 (custom)
2023-06-23 15:09:21,863 [9f5088ea-8577-40bb-8f98-2a64f0190639@group-75D22E2C4CF5-LeaderElection21] INFO  server.RaftServerConfigKeys (ConfUtils.java:logGet(46)) - raft.server.write.follower.gap.ratio.max = -1.0 (default)
2023-06-23 15:09:21,863 [9f5088ea-8577-40bb-8f98-2a64f0190639@group-75D22E2C4CF5-LeaderElection21] INFO  impl.RoleInfo (RoleInfo.java:updateAndGet(139)) - 9f5088ea-8577-40bb-8f98-2a64f0190639: start 9f5088ea-8577-40bb-8f98-2a64f0190639@group-75D22E2C4CF5-LeaderStateImpl
2023-06-23 15:09:21,863 [9f5088ea-8577-40bb-8f98-2a64f0190639@group-75D22E2C4CF5-LeaderElection21] INFO  segmented.SegmentedRaftLogWorker (SegmentedRaftLogWorker.java:startLogSegment(447)) - 9f5088ea-8577-40bb-8f98-2a64f0190639@group-75D22E2C4CF5-SegmentedRaftLogWorker: Starting segment from index:0
2023-06-23 15:09:21,865 [9f5088ea-8577-40bb-8f98-2a64f0190639@group-75D22E2C4CF5-SegmentedRaftLogWorker] INFO  segmented.SegmentedRaftLogWorker (SegmentedRaftLogWorker.java:execute(651)) - 9f5088ea-8577-40bb-8f98-2a64f0190639@group-75D22E2C4CF5-SegmentedRaftLogWorker: created new log segment /home/runner/work/ozone/ozone/hadoop-ozone/integration-test/target/test-dir/MiniOzoneClusterImpl-741560ff-92e5-4b28-9778-2cf52193c8f3/datanode-7/data/ratis/bc2fe470-4ad2-4988-bd78-75d22e2c4cf5/current/log_inprogress_0
2023-06-23 15:09:21,866 [9f5088ea-8577-40bb-8f98-2a64f0190639@group-75D22E2C4CF5-LeaderElection21] INFO  server.RaftServer$Division (ServerState.java:setRaftConf(434)) - 9f5088ea-8577-40bb-8f98-2a64f0190639@group-75D22E2C4CF5: set configuration 0: peers:[9f5088ea-8577-40bb-8f98-2a64f0190639|rpc:10.1.0.34:15077|admin:10.1.0.34:15076|client:10.1.0.34:15075|dataStream:10.1.0.34:15078|priority:1|startupRole:FOLLOWER]|listeners:[], old=null
2023-06-23 15:09:26,560 [kms-audit_thread] INFO  kms-audit (SimpleKMSAuditLogger.java:logAuditEvent(59)) - OK[op=GENERATE_EEK, key=key1, user=runner, accessCount=2, interval=10564ms] 
2023-06-23 15:09:27,360 [IPC Server handler 0 on default port 15001] WARN  node.SCMNodeManager (SCMNodeManager.java:getNodesByAddress(1373)) - Cannot find node for address 127.0.0.1
2023-06-23 15:09:27,361 [IPC Server handler 16 on default port 15001] WARN  node.SCMNodeManager (SCMNodeManager.java:getNodesByAddress(1373)) - Cannot find node for address 127.0.0.1
2023-06-23 15:09:27,362 [IPC Server handler 6 on default port 15001] WARN  node.SCMNodeManager (SCMNodeManager.java:getNodesByAddress(1373)) - Cannot find node for address 127.0.0.1
2023-06-23 15:09:27,363 [IPC Server handler 3 on default port 15001] WARN  node.SCMNodeManager (SCMNodeManager.java:getNodesByAddress(1373)) - Cannot find node for address 127.0.0.1
2023-06-23 15:09:27,374 [qtp577682023-20] INFO  kms-audit (SimpleKMSAuditLogger.java:logAuditEvent(59)) - OK[op=DECRYPT_EEK, key=key1, user=runner, accessCount=5, interval=10446ms] 
2023-06-23 15:09:27,378 [qtp577682023-20] INFO  kms-audit (SimpleKMSAuditLogger.java:logAuditEvent(59)) - OK[op=DECRYPT_EEK, key=key1, user=runner, accessCount=1, interval=3ms] 
]]></system-out>
  </testcase>
  <testcase name="testMPUwithOnePart" classname="TestOzoneAtRestEncryption" time="0.379">
    <system-out><![CDATA[2023-06-23 15:09:48,315 [main] INFO  rpc.RpcClient (RpcClient.java:createVolume(459)) - Creating Volume: 9f60c755-4276-416c-a605-3026a6684e27, with runner as owner and space quota set to -1 bytes, counts quota set to -1
2023-06-23 15:09:48,317 [OM StateMachine ApplyTransaction Thread - 0] INFO  volume.OMVolumeCreateRequest (OMVolumeCreateRequest.java:validateAndUpdateCache(196)) - created volume:9f60c755-4276-416c-a605-3026a6684e27 for user:runner
2023-06-23 15:09:48,318 [main] INFO  rpc.RpcClient (RpcClient.java:createBucket(686)) - Creating Bucket: 9f60c755-4276-416c-a605-3026a6684e27/b00dc5de-904c-46fb-81bb-b94e65222b4b, with bucket layout OBJECT_STORE, runner as owner, Versioning false, Storage Type set to DISK and Encryption set to true, Replication Type set to server-side default replication type, Namespace Quota set to -1, Space Quota set to -1 
2023-06-23 15:09:48,320 [qtp577682023-21] INFO  kms-audit (SimpleKMSAuditLogger.java:logAuditSimpleFormat(93)) - OK[op=GET_METADATA, key=key1, user=runner] 
2023-06-23 15:09:48,323 [OM StateMachine ApplyTransaction Thread - 0] INFO  bucket.OMBucketCreateRequest (OMBucketCreateRequest.java:validateAndUpdateCache(270)) - created bucket: b00dc5de-904c-46fb-81bb-b94e65222b4b of layout OBJECT_STORE in volume: 9f60c755-4276-416c-a605-3026a6684e27
2023-06-23 15:09:48,478 [IPC Server handler 10 on default port 15001] WARN  node.SCMNodeManager (SCMNodeManager.java:getNodesByAddress(1373)) - Cannot find node for address 127.0.0.1
2023-06-23 15:09:48,479 [IPC Server handler 14 on default port 15001] WARN  node.SCMNodeManager (SCMNodeManager.java:getNodesByAddress(1373)) - Cannot find node for address 127.0.0.1
2023-06-23 15:09:48,479 [IPC Server handler 7 on default port 15001] WARN  node.SCMNodeManager (SCMNodeManager.java:getNodesByAddress(1373)) - Cannot find node for address 127.0.0.1
2023-06-23 15:09:48,480 [IPC Server handler 3 on default port 15001] WARN  node.SCMNodeManager (SCMNodeManager.java:getNodesByAddress(1373)) - Cannot find node for address 127.0.0.1
]]></system-out>
  </testcase>
  <testcase name="testLinkEncryptedBuckets" classname="TestOzoneAtRestEncryption" time="0.237">
    <system-out><![CDATA[2023-06-23 15:09:28,022 [main] INFO  rpc.RpcClient (RpcClient.java:createVolume(459)) - Creating Volume: 3bac66b7-c3fb-4fa5-87b8-c4f5200d0a9e, with runner as owner and space quota set to -1 bytes, counts quota set to -1
2023-06-23 15:09:28,027 [OM StateMachine ApplyTransaction Thread - 0] INFO  volume.OMVolumeCreateRequest (OMVolumeCreateRequest.java:validateAndUpdateCache(196)) - created volume:3bac66b7-c3fb-4fa5-87b8-c4f5200d0a9e for user:runner
2023-06-23 15:09:28,030 [main] INFO  rpc.RpcClient (RpcClient.java:createBucket(686)) - Creating Bucket: 3bac66b7-c3fb-4fa5-87b8-c4f5200d0a9e/47da70ca-16d3-48e1-899f-96a792d7c515, with bucket layout FILE_SYSTEM_OPTIMIZED, runner as owner, Versioning false, Storage Type set to DISK and Encryption set to true, Replication Type set to server-side default replication type, Namespace Quota set to -1, Space Quota set to -1 
2023-06-23 15:09:28,040 [qtp577682023-21] INFO  kms-audit (SimpleKMSAuditLogger.java:logAuditSimpleFormat(93)) - OK[op=GET_METADATA, key=key1, user=runner] 
2023-06-23 15:09:28,046 [OM StateMachine ApplyTransaction Thread - 0] INFO  bucket.OMBucketCreateRequest (OMBucketCreateRequest.java:validateAndUpdateCache(270)) - created bucket: 47da70ca-16d3-48e1-899f-96a792d7c515 of layout FILE_SYSTEM_OPTIMIZED in volume: 3bac66b7-c3fb-4fa5-87b8-c4f5200d0a9e
2023-06-23 15:09:28,048 [main] INFO  rpc.RpcClient (RpcClient.java:createVolume(459)) - Creating Volume: dc6dbbb9-b2f7-4e21-a92f-a7502ccde2ac, with runner as owner and space quota set to -1 bytes, counts quota set to -1
2023-06-23 15:09:28,051 [OM StateMachine ApplyTransaction Thread - 0] INFO  volume.OMVolumeCreateRequest (OMVolumeCreateRequest.java:validateAndUpdateCache(196)) - created volume:dc6dbbb9-b2f7-4e21-a92f-a7502ccde2ac for user:runner
2023-06-23 15:09:28,053 [main] INFO  rpc.RpcClient (RpcClient.java:createBucket(686)) - Creating Bucket: dc6dbbb9-b2f7-4e21-a92f-a7502ccde2ac/f7c49f39-fc2b-4eb3-aef6-a08d7073b16d, with bucket layout FILE_SYSTEM_OPTIMIZED, runner as owner, Versioning false, Storage Type set to DISK and Encryption set to false, Replication Type set to server-side default replication type, Namespace Quota set to -1, Space Quota set to -1 
2023-06-23 15:09:28,056 [OM StateMachine ApplyTransaction Thread - 0] INFO  bucket.OMBucketCreateRequest (OMBucketCreateRequest.java:validateAndUpdateCache(270)) - created bucket: f7c49f39-fc2b-4eb3-aef6-a08d7073b16d of layout FILE_SYSTEM_OPTIMIZED in volume: dc6dbbb9-b2f7-4e21-a92f-a7502ccde2ac
2023-06-23 15:09:28,124 [IPC Server handler 12 on default port 15001] WARN  node.SCMNodeManager (SCMNodeManager.java:getNodesByAddress(1373)) - Cannot find node for address 127.0.0.1
2023-06-23 15:09:28,128 [IPC Server handler 19 on default port 15001] WARN  node.SCMNodeManager (SCMNodeManager.java:getNodesByAddress(1373)) - Cannot find node for address 127.0.0.1
2023-06-23 15:09:28,168 [main] INFO  client.DataStreamClient (ConfUtils.java:logGet(46)) - raft.datastream.type = NETTY (custom)
2023-06-23 15:09:28,168 [main] INFO  netty.NettyConfigKeys$DataStream (ConfUtils.java:logGet(46)) - raft.netty.dataStream.client.tls.conf = null (default)
2023-06-23 15:09:28,169 [main] INFO  netty.NettyConfigKeys$DataStream (ConfUtils.java:logGet(46)) - raft.netty.dataStream.client.reply.queue.grace-period = 1s (default)
2023-06-23 15:09:28,169 [main] INFO  netty.NettyConfigKeys$DataStream (ConfUtils.java:logGet(46)) - raft.netty.dataStream.client.worker-group.share = false (default)
2023-06-23 15:09:28,169 [main] INFO  netty.NettyConfigKeys$DataStream (ConfUtils.java:logGet(46)) - raft.netty.dataStream.client.worker-group.size = 4 (default)
2023-06-23 15:09:28,173 [09b3ab32-5fcb-422b-914e-2ec4890cee3e-NettyServerStreamRpc-bossGroup--thread1] INFO  logging.LoggingHandler (AbstractInternalLogger.java:log(148)) - [id: 0x6249a574, L:/0:0:0:0:0:0:0:0:15060] READ: [id: 0x8bd6c93e, L:/10.1.0.34:15060 - R:/10.1.0.34:52194]
2023-06-23 15:09:28,173 [09b3ab32-5fcb-422b-914e-2ec4890cee3e-NettyServerStreamRpc-bossGroup--thread1] INFO  logging.LoggingHandler (AbstractInternalLogger.java:log(148)) - [id: 0x6249a574, L:/0:0:0:0:0:0:0:0:15060] READ COMPLETE
2023-06-23 15:09:28,234 [IPC Server handler 16 on default port 15001] WARN  node.SCMNodeManager (SCMNodeManager.java:getNodesByAddress(1373)) - Cannot find node for address 127.0.0.1
2023-06-23 15:09:28,238 [IPC Server handler 6 on default port 15001] WARN  node.SCMNodeManager (SCMNodeManager.java:getNodesByAddress(1373)) - Cannot find node for address 127.0.0.1
]]></system-out>
  </testcase>
  <testcase name="testLinkEncryptedBuckets" classname="TestOzoneAtRestEncryption" time="0.085">
    <system-out><![CDATA[2023-06-23 15:09:48,695 [main] INFO  rpc.RpcClient (RpcClient.java:createVolume(459)) - Creating Volume: 08540f91-070a-4290-954a-6796c494c7e2, with runner as owner and space quota set to -1 bytes, counts quota set to -1
2023-06-23 15:09:48,700 [OM StateMachine ApplyTransaction Thread - 0] INFO  volume.OMVolumeCreateRequest (OMVolumeCreateRequest.java:validateAndUpdateCache(196)) - created volume:08540f91-070a-4290-954a-6796c494c7e2 for user:runner
2023-06-23 15:09:48,702 [main] INFO  rpc.RpcClient (RpcClient.java:createBucket(686)) - Creating Bucket: 08540f91-070a-4290-954a-6796c494c7e2/b8f7f1bd-f4ef-4166-a856-d7157b280c3f, with bucket layout OBJECT_STORE, runner as owner, Versioning false, Storage Type set to DISK and Encryption set to true, Replication Type set to server-side default replication type, Namespace Quota set to -1, Space Quota set to -1 
2023-06-23 15:09:48,704 [qtp577682023-17] INFO  kms-audit (SimpleKMSAuditLogger.java:logAuditSimpleFormat(93)) - OK[op=GET_METADATA, key=key1, user=runner] 
2023-06-23 15:09:48,707 [OM StateMachine ApplyTransaction Thread - 0] INFO  bucket.OMBucketCreateRequest (OMBucketCreateRequest.java:validateAndUpdateCache(270)) - created bucket: b8f7f1bd-f4ef-4166-a856-d7157b280c3f of layout OBJECT_STORE in volume: 08540f91-070a-4290-954a-6796c494c7e2
2023-06-23 15:09:48,709 [main] INFO  rpc.RpcClient (RpcClient.java:createVolume(459)) - Creating Volume: 221ed6d7-de2e-4af9-925f-493540867025, with runner as owner and space quota set to -1 bytes, counts quota set to -1
2023-06-23 15:09:48,710 [OM StateMachine ApplyTransaction Thread - 0] INFO  volume.OMVolumeCreateRequest (OMVolumeCreateRequest.java:validateAndUpdateCache(196)) - created volume:221ed6d7-de2e-4af9-925f-493540867025 for user:runner
2023-06-23 15:09:48,711 [main] INFO  rpc.RpcClient (RpcClient.java:createBucket(686)) - Creating Bucket: 221ed6d7-de2e-4af9-925f-493540867025/b39d3142-11e3-47f1-aad8-5ce1baeee117, with bucket layout OBJECT_STORE, runner as owner, Versioning false, Storage Type set to DISK and Encryption set to false, Replication Type set to server-side default replication type, Namespace Quota set to -1, Space Quota set to -1 
2023-06-23 15:09:48,713 [OM StateMachine ApplyTransaction Thread - 0] INFO  bucket.OMBucketCreateRequest (OMBucketCreateRequest.java:validateAndUpdateCache(270)) - created bucket: b39d3142-11e3-47f1-aad8-5ce1baeee117 of layout OBJECT_STORE in volume: 221ed6d7-de2e-4af9-925f-493540867025
2023-06-23 15:09:48,732 [IPC Server handler 18 on default port 15001] WARN  node.SCMNodeManager (SCMNodeManager.java:getNodesByAddress(1373)) - Cannot find node for address 127.0.0.1
2023-06-23 15:09:48,734 [IPC Server handler 5 on default port 15001] WARN  node.SCMNodeManager (SCMNodeManager.java:getNodesByAddress(1373)) - Cannot find node for address 127.0.0.1
2023-06-23 15:09:48,767 [IPC Server handler 11 on default port 15001] WARN  node.SCMNodeManager (SCMNodeManager.java:getNodesByAddress(1373)) - Cannot find node for address 127.0.0.1
2023-06-23 15:09:48,769 [IPC Server handler 1 on default port 15001] WARN  node.SCMNodeManager (SCMNodeManager.java:getNodesByAddress(1373)) - Cannot find node for address 127.0.0.1
]]></system-out>
  </testcase>
  <testcase name="testMPUwithTwoParts" classname="TestOzoneAtRestEncryption" time="2.057">
    <system-out><![CDATA[2023-06-23 15:09:28,259 [main] INFO  rpc.RpcClient (RpcClient.java:createVolume(459)) - Creating Volume: 54d12cc7-e209-4f72-b09a-57089c7ddc6b, with runner as owner and space quota set to -1 bytes, counts quota set to -1
2023-06-23 15:09:28,265 [OM StateMachine ApplyTransaction Thread - 0] INFO  volume.OMVolumeCreateRequest (OMVolumeCreateRequest.java:validateAndUpdateCache(196)) - created volume:54d12cc7-e209-4f72-b09a-57089c7ddc6b for user:runner
2023-06-23 15:09:28,267 [main] INFO  rpc.RpcClient (RpcClient.java:createBucket(686)) - Creating Bucket: 54d12cc7-e209-4f72-b09a-57089c7ddc6b/e838db95-25ee-4290-aad1-19b512e852b8, with bucket layout FILE_SYSTEM_OPTIMIZED, runner as owner, Versioning false, Storage Type set to DISK and Encryption set to true, Replication Type set to server-side default replication type, Namespace Quota set to -1, Space Quota set to -1 
2023-06-23 15:09:28,270 [qtp577682023-21] INFO  kms-audit (SimpleKMSAuditLogger.java:logAuditSimpleFormat(93)) - OK[op=GET_METADATA, key=key1, user=runner] 
2023-06-23 15:09:28,273 [OM StateMachine ApplyTransaction Thread - 0] INFO  bucket.OMBucketCreateRequest (OMBucketCreateRequest.java:validateAndUpdateCache(270)) - created bucket: e838db95-25ee-4290-aad1-19b512e852b8 of layout FILE_SYSTEM_OPTIMIZED in volume: 54d12cc7-e209-4f72-b09a-57089c7ddc6b
2023-06-23 15:09:29,159 [OM StateMachine ApplyTransaction Thread - 0] DEBUG db.CodecBuffer (CodecBuffer.java:setCapacity(212)) - setCapacity: 4096 -> 10924, max=2147483647
2023-06-23 15:09:29,170 [IPC Server handler 6 on default port 15001] WARN  node.SCMNodeManager (SCMNodeManager.java:getNodesByAddress(1373)) - Cannot find node for address 127.0.0.1
2023-06-23 15:09:29,171 [IPC Server handler 3 on default port 15001] WARN  node.SCMNodeManager (SCMNodeManager.java:getNodesByAddress(1373)) - Cannot find node for address 127.0.0.1
2023-06-23 15:09:29,172 [IPC Server handler 14 on default port 15001] WARN  node.SCMNodeManager (SCMNodeManager.java:getNodesByAddress(1373)) - Cannot find node for address 127.0.0.1
2023-06-23 15:09:29,173 [IPC Server handler 7 on default port 15001] WARN  node.SCMNodeManager (SCMNodeManager.java:getNodesByAddress(1373)) - Cannot find node for address 127.0.0.1
2023-06-23 15:09:29,174 [IPC Server handler 10 on default port 15001] WARN  node.SCMNodeManager (SCMNodeManager.java:getNodesByAddress(1373)) - Cannot find node for address 127.0.0.1
2023-06-23 15:09:29,174 [IPC Server handler 17 on default port 15001] WARN  node.SCMNodeManager (SCMNodeManager.java:getNodesByAddress(1373)) - Cannot find node for address 127.0.0.1
2023-06-23 15:09:29,175 [IPC Server handler 9 on default port 15001] WARN  node.SCMNodeManager (SCMNodeManager.java:getNodesByAddress(1373)) - Cannot find node for address 127.0.0.1
2023-06-23 15:09:29,176 [IPC Server handler 15 on default port 15001] WARN  node.SCMNodeManager (SCMNodeManager.java:getNodesByAddress(1373)) - Cannot find node for address 127.0.0.1
]]></system-out>
  </testcase>
  <testcase name="testMPUwithTwoParts" classname="TestOzoneAtRestEncryption" time="0.751">
    <system-out><![CDATA[2023-06-23 15:09:48,779 [main] INFO  rpc.RpcClient (RpcClient.java:createVolume(459)) - Creating Volume: ed1beee3-6bdd-493f-9fa0-88226c32ae14, with runner as owner and space quota set to -1 bytes, counts quota set to -1
2023-06-23 15:09:48,781 [OM StateMachine ApplyTransaction Thread - 0] INFO  volume.OMVolumeCreateRequest (OMVolumeCreateRequest.java:validateAndUpdateCache(196)) - created volume:ed1beee3-6bdd-493f-9fa0-88226c32ae14 for user:runner
2023-06-23 15:09:48,783 [main] INFO  rpc.RpcClient (RpcClient.java:createBucket(686)) - Creating Bucket: ed1beee3-6bdd-493f-9fa0-88226c32ae14/4931f3ca-e197-45a5-865b-d0ee11c8d0ff, with bucket layout OBJECT_STORE, runner as owner, Versioning false, Storage Type set to DISK and Encryption set to true, Replication Type set to server-side default replication type, Namespace Quota set to -1, Space Quota set to -1 
2023-06-23 15:09:48,785 [qtp577682023-17] INFO  kms-audit (SimpleKMSAuditLogger.java:logAuditSimpleFormat(93)) - OK[op=GET_METADATA, key=key1, user=runner] 
2023-06-23 15:09:48,787 [OM StateMachine ApplyTransaction Thread - 0] INFO  bucket.OMBucketCreateRequest (OMBucketCreateRequest.java:validateAndUpdateCache(270)) - created bucket: 4931f3ca-e197-45a5-865b-d0ee11c8d0ff of layout OBJECT_STORE in volume: ed1beee3-6bdd-493f-9fa0-88226c32ae14
2023-06-23 15:09:49,032 [OM StateMachine ApplyTransaction Thread - 0] DEBUG db.CodecBuffer (CodecBuffer.java:setCapacity(212)) - setCapacity: 4096 -> 10916, max=2147483647
2023-06-23 15:09:49,036 [IPC Server handler 4 on default port 15001] WARN  node.SCMNodeManager (SCMNodeManager.java:getNodesByAddress(1373)) - Cannot find node for address 127.0.0.1
2023-06-23 15:09:49,037 [IPC Server handler 18 on default port 15001] WARN  node.SCMNodeManager (SCMNodeManager.java:getNodesByAddress(1373)) - Cannot find node for address 127.0.0.1
2023-06-23 15:09:49,037 [IPC Server handler 5 on default port 15001] WARN  node.SCMNodeManager (SCMNodeManager.java:getNodesByAddress(1373)) - Cannot find node for address 127.0.0.1
2023-06-23 15:09:49,038 [IPC Server handler 13 on default port 15001] WARN  node.SCMNodeManager (SCMNodeManager.java:getNodesByAddress(1373)) - Cannot find node for address 127.0.0.1
2023-06-23 15:09:49,038 [IPC Server handler 11 on default port 15001] WARN  node.SCMNodeManager (SCMNodeManager.java:getNodesByAddress(1373)) - Cannot find node for address 127.0.0.1
2023-06-23 15:09:49,039 [IPC Server handler 1 on default port 15001] WARN  node.SCMNodeManager (SCMNodeManager.java:getNodesByAddress(1373)) - Cannot find node for address 127.0.0.1
2023-06-23 15:09:49,040 [IPC Server handler 8 on default port 15001] WARN  node.SCMNodeManager (SCMNodeManager.java:getNodesByAddress(1373)) - Cannot find node for address 127.0.0.1
]]></system-out>
  </testcase>
  <testcase name="testGetKeyProvider" classname="TestOzoneAtRestEncryption" time="1.863"/>
  <testcase name="testGetKeyProvider" classname="TestOzoneAtRestEncryption" time="0.178"/>
  <testcase name="testMPUwithOneStreamPart" classname="TestOzoneAtRestEncryption" time="3.248">
    <system-out><![CDATA[2023-06-23 15:09:32,182 [main] INFO  rpc.RpcClient (RpcClient.java:createVolume(459)) - Creating Volume: 705cb542-7c0d-484d-9ba6-27d2363c1807, with runner as owner and space quota set to -1 bytes, counts quota set to -1
2023-06-23 15:09:32,187 [OM StateMachine ApplyTransaction Thread - 0] INFO  volume.OMVolumeCreateRequest (OMVolumeCreateRequest.java:validateAndUpdateCache(196)) - created volume:705cb542-7c0d-484d-9ba6-27d2363c1807 for user:runner
2023-06-23 15:09:32,191 [main] INFO  rpc.RpcClient (RpcClient.java:createBucket(686)) - Creating Bucket: 705cb542-7c0d-484d-9ba6-27d2363c1807/568847b2-07b2-4081-ab87-f12b0b7b8ecf, with bucket layout FILE_SYSTEM_OPTIMIZED, runner as owner, Versioning false, Storage Type set to DISK and Encryption set to true, Replication Type set to server-side default replication type, Namespace Quota set to -1, Space Quota set to -1 
2023-06-23 15:09:32,196 [qtp577682023-20] INFO  kms-audit (SimpleKMSAuditLogger.java:logAuditSimpleFormat(93)) - OK[op=GET_METADATA, key=key1, user=runner] 
2023-06-23 15:09:32,202 [OM StateMachine ApplyTransaction Thread - 0] INFO  bucket.OMBucketCreateRequest (OMBucketCreateRequest.java:validateAndUpdateCache(270)) - created bucket: 568847b2-07b2-4081-ab87-f12b0b7b8ecf of layout FILE_SYSTEM_OPTIMIZED in volume: 705cb542-7c0d-484d-9ba6-27d2363c1807
2023-06-23 15:09:32,261 [qtp577682023-21] ERROR generators.WadlGeneratorJAXBGrammarGenerator (WadlGeneratorJAXBGrammarGenerator.java:buildModelAndSchemas(207)) - Failed to generate the schema for the JAX-B elements
com.sun.xml.bind.v2.runtime.IllegalAnnotationsException: 1 counts of IllegalAnnotationExceptions
java.util.Map is an interface, and JAXB can't handle interfaces.
	this problem is related to the following location:
		at java.util.Map

	at com.sun.xml.bind.v2.runtime.IllegalAnnotationsException$Builder.check(IllegalAnnotationsException.java:106)
	at com.sun.xml.bind.v2.runtime.JAXBContextImpl.getTypeInfoSet(JAXBContextImpl.java:471)
	at com.sun.xml.bind.v2.runtime.JAXBContextImpl.<init>(JAXBContextImpl.java:303)
	at com.sun.xml.bind.v2.runtime.JAXBContextImpl.<init>(JAXBContextImpl.java:139)
	at com.sun.xml.bind.v2.runtime.JAXBContextImpl$JAXBContextBuilder.build(JAXBContextImpl.java:1156)
	at com.sun.xml.bind.v2.ContextFactory.createContext(ContextFactory.java:165)
	at sun.reflect.NativeMethodAccessorImpl.invoke0(Native Method)
	at sun.reflect.NativeMethodAccessorImpl.invoke(NativeMethodAccessorImpl.java:62)
	at sun.reflect.DelegatingMethodAccessorImpl.invoke(DelegatingMethodAccessorImpl.java:43)
	at java.lang.reflect.Method.invoke(Method.java:498)
	at javax.xml.bind.ContextFinder.newInstance(ContextFinder.java:247)
	at javax.xml.bind.ContextFinder.newInstance(ContextFinder.java:234)
	at javax.xml.bind.ContextFinder.find(ContextFinder.java:441)
	at javax.xml.bind.JAXBContext.newInstance(JAXBContext.java:641)
	at javax.xml.bind.JAXBContext.newInstance(JAXBContext.java:584)
	at com.sun.jersey.server.wadl.generators.WadlGeneratorJAXBGrammarGenerator.buildModelAndSchemas(WadlGeneratorJAXBGrammarGenerator.java:169)
	at com.sun.jersey.server.wadl.generators.AbstractWadlGeneratorGrammarGenerator.createExternalGrammar(AbstractWadlGeneratorGrammarGenerator.java:405)
	at com.sun.jersey.server.wadl.WadlBuilder.generate(WadlBuilder.java:149)
	at com.sun.jersey.server.impl.wadl.WadlApplicationContextImpl.getApplication(WadlApplicationContextImpl.java:119)
	at com.sun.jersey.server.impl.wadl.WadlApplicationContextImpl.getApplication(WadlApplicationContextImpl.java:138)
	at com.sun.jersey.server.impl.wadl.WadlMethodFactory$WadlOptionsMethodDispatcher.dispatch(WadlMethodFactory.java:110)
	at com.sun.jersey.server.impl.uri.rules.HttpMethodRule.accept(HttpMethodRule.java:302)
	at com.sun.jersey.server.impl.uri.rules.RightHandPathRule.accept(RightHandPathRule.java:147)
	at com.sun.jersey.server.impl.uri.rules.ResourceClassRule.accept(ResourceClassRule.java:108)
	at com.sun.jersey.server.impl.uri.rules.RightHandPathRule.accept(RightHandPathRule.java:147)
	at com.sun.jersey.server.impl.uri.rules.RootResourceClassesRule.accept(RootResourceClassesRule.java:84)
	at com.sun.jersey.server.impl.application.WebApplicationImpl._handleRequest(WebApplicationImpl.java:1542)
	at com.sun.jersey.server.impl.application.WebApplicationImpl._handleRequest(WebApplicationImpl.java:1473)
	at com.sun.jersey.server.impl.application.WebApplicationImpl.handleRequest(WebApplicationImpl.java:1419)
	at com.sun.jersey.server.impl.application.WebApplicationImpl.handleRequest(WebApplicationImpl.java:1409)
	at com.sun.jersey.spi.container.servlet.WebComponent.service(WebComponent.java:409)
	at com.sun.jersey.spi.container.servlet.ServletContainer.service(ServletContainer.java:558)
	at com.sun.jersey.spi.container.servlet.ServletContainer.service(ServletContainer.java:733)
	at javax.servlet.http.HttpServlet.service(HttpServlet.java:590)
	at org.eclipse.jetty.servlet.ServletHolder$NotAsync.service(ServletHolder.java:1459)
	at org.eclipse.jetty.servlet.ServletHolder.handle(ServletHolder.java:799)
	at org.eclipse.jetty.servlet.ServletHandler$ChainEnd.doFilter(ServletHandler.java:1656)
	at org.apache.hadoop.crypto.key.kms.server.KMSMDCFilter.doFilter(KMSMDCFilter.java:98)
	at org.eclipse.jetty.servlet.FilterHolder.doFilter(FilterHolder.java:193)
	at org.eclipse.jetty.servlet.ServletHandler$Chain.doFilter(ServletHandler.java:1626)
	at org.apache.hadoop.security.authentication.server.AuthenticationFilter.doFilter(AuthenticationFilter.java:650)
	at org.apache.hadoop.security.token.delegation.web.DelegationTokenAuthenticationFilter.doFilter(DelegationTokenAuthenticationFilter.java:305)
	at org.apache.hadoop.security.authentication.server.AuthenticationFilter.doFilter(AuthenticationFilter.java:592)
	at org.apache.hadoop.crypto.key.kms.server.KMSAuthenticationFilter.doFilter(KMSAuthenticationFilter.java:162)
	at org.eclipse.jetty.servlet.FilterHolder.doFilter(FilterHolder.java:201)
	at org.eclipse.jetty.servlet.ServletHandler$Chain.doFilter(ServletHandler.java:1626)
	at org.apache.hadoop.http.lib.StaticUserWebFilter$StaticUserFilter.doFilter(StaticUserWebFilter.java:110)
	at org.eclipse.jetty.servlet.FilterHolder.doFilter(FilterHolder.java:193)
	at org.eclipse.jetty.servlet.ServletHandler$Chain.doFilter(ServletHandler.java:1626)
	at org.apache.hadoop.http.HttpServer2$QuotingInputFilter.doFilter(HttpServer2.java:1794)
	at org.eclipse.jetty.servlet.FilterHolder.doFilter(FilterHolder.java:193)
	at org.eclipse.jetty.servlet.ServletHandler$Chain.doFilter(ServletHandler.java:1626)
	at org.apache.hadoop.http.NoCacheFilter.doFilter(NoCacheFilter.java:45)
	at org.eclipse.jetty.servlet.FilterHolder.doFilter(FilterHolder.java:193)
	at org.eclipse.jetty.servlet.ServletHandler$Chain.doFilter(ServletHandler.java:1626)
	at org.eclipse.jetty.servlet.ServletHandler.doHandle(ServletHandler.java:552)
	at org.eclipse.jetty.server.handler.ScopedHandler.handle(ScopedHandler.java:143)
	at org.eclipse.jetty.security.SecurityHandler.handle(SecurityHandler.java:600)
	at org.eclipse.jetty.server.handler.HandlerWrapper.handle(HandlerWrapper.java:127)
	at org.eclipse.jetty.server.handler.ScopedHandler.nextHandle(ScopedHandler.java:235)
	at org.eclipse.jetty.server.session.SessionHandler.doHandle(SessionHandler.java:1624)
	at org.eclipse.jetty.server.handler.ScopedHandler.nextHandle(ScopedHandler.java:233)
	at org.eclipse.jetty.server.handler.ContextHandler.doHandle(ContextHandler.java:1440)
	at org.eclipse.jetty.server.handler.ScopedHandler.nextScope(ScopedHandler.java:188)
	at org.eclipse.jetty.servlet.ServletHandler.doScope(ServletHandler.java:505)
	at org.eclipse.jetty.server.session.SessionHandler.doScope(SessionHandler.java:1594)
	at org.eclipse.jetty.server.handler.ScopedHandler.nextScope(ScopedHandler.java:186)
	at org.eclipse.jetty.server.handler.ContextHandler.doScope(ContextHandler.java:1355)
	at org.eclipse.jetty.server.handler.ScopedHandler.handle(ScopedHandler.java:141)
	at org.eclipse.jetty.server.handler.HandlerCollection.handle(HandlerCollection.java:146)
	at org.eclipse.jetty.server.handler.HandlerWrapper.handle(HandlerWrapper.java:127)
	at org.eclipse.jetty.server.Server.handle(Server.java:512)
	at org.eclipse.jetty.server.HttpChannel.lambda$handle$1(HttpChannel.java:487)
	at org.eclipse.jetty.server.HttpChannel.dispatch(HttpChannel.java:732)
	at org.eclipse.jetty.server.HttpChannel.handle(HttpChannel.java:479)
	at org.eclipse.jetty.server.HttpConnection.onFillable(HttpConnection.java:277)
	at org.eclipse.jetty.io.AbstractConnection$ReadCallback.succeeded(AbstractConnection.java:311)
	at org.eclipse.jetty.io.FillInterest.fillable(FillInterest.java:105)
	at org.eclipse.jetty.io.ChannelEndPoint$1.run(ChannelEndPoint.java:104)
	at org.eclipse.jetty.util.thread.strategy.EatWhatYouKill.runTask(EatWhatYouKill.java:338)
	at org.eclipse.jetty.util.thread.strategy.EatWhatYouKill.doProduce(EatWhatYouKill.java:315)
	at org.eclipse.jetty.util.thread.strategy.EatWhatYouKill.tryProduce(EatWhatYouKill.java:173)
	at org.eclipse.jetty.util.thread.strategy.EatWhatYouKill.run(EatWhatYouKill.java:131)
	at org.eclipse.jetty.util.thread.ReservedThreadExecutor$ReservedThread.run(ReservedThreadExecutor.java:409)
	at org.eclipse.jetty.util.thread.QueuedThreadPool.runJob(QueuedThreadPool.java:883)
	at org.eclipse.jetty.util.thread.QueuedThreadPool$Runner.run(QueuedThreadPool.java:1034)
	at java.lang.Thread.run(Thread.java:750)
2023-06-23 15:09:32,264 [qtp577682023-21] INFO  generators.AbstractWadlGeneratorGrammarGenerator (AbstractWadlGeneratorGrammarGenerator.java:attachTypes(479)) - Couldn't find grammar element for class java.util.Map
2023-06-23 15:09:32,264 [qtp577682023-21] INFO  generators.AbstractWadlGeneratorGrammarGenerator (AbstractWadlGeneratorGrammarGenerator.java:attachTypes(479)) - Couldn't find grammar element for class javax.ws.rs.core.Response
2023-06-23 15:09:32,265 [qtp577682023-21] INFO  generators.AbstractWadlGeneratorGrammarGenerator (AbstractWadlGeneratorGrammarGenerator.java:attachTypes(479)) - Couldn't find grammar element for class java.util.Map
2023-06-23 15:09:32,265 [qtp577682023-21] INFO  generators.AbstractWadlGeneratorGrammarGenerator (AbstractWadlGeneratorGrammarGenerator.java:attachTypes(479)) - Couldn't find grammar element for class javax.ws.rs.core.Response
2023-06-23 15:09:32,265 [qtp577682023-21] INFO  generators.AbstractWadlGeneratorGrammarGenerator (AbstractWadlGeneratorGrammarGenerator.java:attachTypes(479)) - Couldn't find grammar element for class java.util.Map
2023-06-23 15:09:32,265 [qtp577682023-21] INFO  generators.AbstractWadlGeneratorGrammarGenerator (AbstractWadlGeneratorGrammarGenerator.java:attachTypes(479)) - Couldn't find grammar element for class java.util.Map
2023-06-23 15:09:32,265 [qtp577682023-21] INFO  generators.AbstractWadlGeneratorGrammarGenerator (AbstractWadlGeneratorGrammarGenerator.java:attachTypes(479)) - Couldn't find grammar element for class javax.ws.rs.core.Response
2023-06-23 15:09:32,266 [qtp577682023-21] INFO  generators.AbstractWadlGeneratorGrammarGenerator (AbstractWadlGeneratorGrammarGenerator.java:attachTypes(479)) - Couldn't find grammar element for class java.util.Map
2023-06-23 15:09:32,296 [main] INFO  client.DataStreamClient (ConfUtils.java:logGet(46)) - raft.datastream.type = NETTY (custom)
2023-06-23 15:09:32,297 [main] INFO  netty.NettyConfigKeys$DataStream (ConfUtils.java:logGet(46)) - raft.netty.dataStream.client.tls.conf = null (default)
2023-06-23 15:09:32,297 [main] INFO  netty.NettyConfigKeys$DataStream (ConfUtils.java:logGet(46)) - raft.netty.dataStream.client.reply.queue.grace-period = 1s (default)
2023-06-23 15:09:32,298 [main] INFO  netty.NettyConfigKeys$DataStream (ConfUtils.java:logGet(46)) - raft.netty.dataStream.client.worker-group.share = false (default)
2023-06-23 15:09:32,299 [main] INFO  netty.NettyConfigKeys$DataStream (ConfUtils.java:logGet(46)) - raft.netty.dataStream.client.worker-group.size = 4 (default)
2023-06-23 15:09:32,315 [3f4ddf09-9f08-4efc-95be-1efd9e09d1d3-NettyServerStreamRpc-bossGroup--thread1] INFO  logging.LoggingHandler (AbstractInternalLogger.java:log(148)) - [id: 0x2f8d8a3a, L:/0:0:0:0:0:0:0:0:15033] READ: [id: 0x2ec2f1c6, L:/10.1.0.34:15033 - R:/10.1.0.34:38166]
2023-06-23 15:09:32,321 [3f4ddf09-9f08-4efc-95be-1efd9e09d1d3-NettyServerStreamRpc-bossGroup--thread1] INFO  logging.LoggingHandler (AbstractInternalLogger.java:log(148)) - [id: 0x2f8d8a3a, L:/0:0:0:0:0:0:0:0:15033] READ COMPLETE
2023-06-23 15:09:32,562 [main] INFO  client.DataStreamClient (ConfUtils.java:logGet(46)) - raft.datastream.type = NETTY (custom)
2023-06-23 15:09:32,562 [main] INFO  netty.NettyConfigKeys$DataStream (ConfUtils.java:logGet(46)) - raft.netty.dataStream.client.tls.conf = null (default)
2023-06-23 15:09:32,562 [main] INFO  netty.NettyConfigKeys$DataStream (ConfUtils.java:logGet(46)) - raft.netty.dataStream.client.reply.queue.grace-period = 1s (default)
2023-06-23 15:09:32,563 [main] INFO  netty.NettyConfigKeys$DataStream (ConfUtils.java:logGet(46)) - raft.netty.dataStream.client.worker-group.share = false (default)
2023-06-23 15:09:32,563 [main] INFO  netty.NettyConfigKeys$DataStream (ConfUtils.java:logGet(46)) - raft.netty.dataStream.client.worker-group.size = 4 (default)
2023-06-23 15:09:32,570 [af576844-0e82-4589-8eaa-8af09d83806e-NettyServerStreamRpc-bossGroup--thread1] INFO  logging.LoggingHandler (AbstractInternalLogger.java:log(148)) - [id: 0x329e5270, L:/0:0:0:0:0:0:0:0:15024] READ: [id: 0x2d6870d5, L:/10.1.0.34:15024 - R:/10.1.0.34:45254]
2023-06-23 15:09:32,577 [af576844-0e82-4589-8eaa-8af09d83806e-NettyServerStreamRpc-bossGroup--thread1] INFO  logging.LoggingHandler (AbstractInternalLogger.java:log(148)) - [id: 0x329e5270, L:/0:0:0:0:0:0:0:0:15024] READ COMPLETE
2023-06-23 15:09:32,780 [main] INFO  client.DataStreamClient (ConfUtils.java:logGet(46)) - raft.datastream.type = NETTY (custom)
2023-06-23 15:09:32,780 [main] INFO  netty.NettyConfigKeys$DataStream (ConfUtils.java:logGet(46)) - raft.netty.dataStream.client.tls.conf = null (default)
2023-06-23 15:09:32,781 [main] INFO  netty.NettyConfigKeys$DataStream (ConfUtils.java:logGet(46)) - raft.netty.dataStream.client.reply.queue.grace-period = 1s (default)
2023-06-23 15:09:32,781 [main] INFO  netty.NettyConfigKeys$DataStream (ConfUtils.java:logGet(46)) - raft.netty.dataStream.client.worker-group.share = false (default)
2023-06-23 15:09:32,781 [main] INFO  netty.NettyConfigKeys$DataStream (ConfUtils.java:logGet(46)) - raft.netty.dataStream.client.worker-group.size = 4 (default)
2023-06-23 15:09:32,785 [3d425f4c-b0a3-4337-aec0-a29136ea4685-NettyServerStreamRpc-bossGroup--thread1] INFO  logging.LoggingHandler (AbstractInternalLogger.java:log(148)) - [id: 0x625d713a, L:/0:0:0:0:0:0:0:0:15015] READ: [id: 0x576a2c25, L:/10.1.0.34:15015 - R:/10.1.0.34:46256]
2023-06-23 15:09:32,789 [3d425f4c-b0a3-4337-aec0-a29136ea4685-NettyServerStreamRpc-bossGroup--thread1] INFO  logging.LoggingHandler (AbstractInternalLogger.java:log(148)) - [id: 0x625d713a, L:/0:0:0:0:0:0:0:0:15015] READ COMPLETE
2023-06-23 15:09:33,015 [main] INFO  client.DataStreamClient (ConfUtils.java:logGet(46)) - raft.datastream.type = NETTY (custom)
2023-06-23 15:09:33,017 [main] INFO  netty.NettyConfigKeys$DataStream (ConfUtils.java:logGet(46)) - raft.netty.dataStream.client.tls.conf = null (default)
2023-06-23 15:09:33,017 [main] INFO  netty.NettyConfigKeys$DataStream (ConfUtils.java:logGet(46)) - raft.netty.dataStream.client.reply.queue.grace-period = 1s (default)
2023-06-23 15:09:33,018 [main] INFO  netty.NettyConfigKeys$DataStream (ConfUtils.java:logGet(46)) - raft.netty.dataStream.client.worker-group.share = false (default)
2023-06-23 15:09:33,019 [main] INFO  netty.NettyConfigKeys$DataStream (ConfUtils.java:logGet(46)) - raft.netty.dataStream.client.worker-group.size = 4 (default)
2023-06-23 15:09:33,027 [aaefd232-7c4e-4e5c-bf06-1f2dae2e69ed-NettyServerStreamRpc-bossGroup--thread1] INFO  logging.LoggingHandler (AbstractInternalLogger.java:log(148)) - [id: 0xf2b1626c, L:/0:0:0:0:0:0:0:0:15051] READ: [id: 0x2113a4c6, L:/10.1.0.34:15051 - R:/10.1.0.34:57774]
2023-06-23 15:09:33,027 [aaefd232-7c4e-4e5c-bf06-1f2dae2e69ed-NettyServerStreamRpc-bossGroup--thread1] INFO  logging.LoggingHandler (AbstractInternalLogger.java:log(148)) - [id: 0xf2b1626c, L:/0:0:0:0:0:0:0:0:15051] READ COMPLETE
2023-06-23 15:09:33,198 [main] INFO  client.DataStreamClient (ConfUtils.java:logGet(46)) - raft.datastream.type = NETTY (custom)
2023-06-23 15:09:33,199 [main] INFO  netty.NettyConfigKeys$DataStream (ConfUtils.java:logGet(46)) - raft.netty.dataStream.client.tls.conf = null (default)
2023-06-23 15:09:33,199 [main] INFO  netty.NettyConfigKeys$DataStream (ConfUtils.java:logGet(46)) - raft.netty.dataStream.client.reply.queue.grace-period = 1s (default)
2023-06-23 15:09:33,199 [main] INFO  netty.NettyConfigKeys$DataStream (ConfUtils.java:logGet(46)) - raft.netty.dataStream.client.worker-group.share = false (default)
2023-06-23 15:09:33,200 [main] INFO  netty.NettyConfigKeys$DataStream (ConfUtils.java:logGet(46)) - raft.netty.dataStream.client.worker-group.size = 4 (default)
2023-06-23 15:09:33,209 [9f5088ea-8577-40bb-8f98-2a64f0190639-NettyServerStreamRpc-bossGroup--thread1] INFO  logging.LoggingHandler (AbstractInternalLogger.java:log(148)) - [id: 0x5f61dc87, L:/0:0:0:0:0:0:0:0:15078] READ: [id: 0xbaad905b, L:/10.1.0.34:15078 - R:/10.1.0.34:60938]
2023-06-23 15:09:33,215 [9f5088ea-8577-40bb-8f98-2a64f0190639-NettyServerStreamRpc-bossGroup--thread1] INFO  logging.LoggingHandler (AbstractInternalLogger.java:log(148)) - [id: 0x5f61dc87, L:/0:0:0:0:0:0:0:0:15078] READ COMPLETE
2023-06-23 15:09:33,361 [IPC Server handler 4 on default port 15001] WARN  node.SCMNodeManager (SCMNodeManager.java:getNodesByAddress(1373)) - Cannot find node for address 127.0.0.1
2023-06-23 15:09:33,363 [IPC Server handler 18 on default port 15001] WARN  node.SCMNodeManager (SCMNodeManager.java:getNodesByAddress(1373)) - Cannot find node for address 127.0.0.1
2023-06-23 15:09:33,364 [IPC Server handler 5 on default port 15001] WARN  node.SCMNodeManager (SCMNodeManager.java:getNodesByAddress(1373)) - Cannot find node for address 127.0.0.1
2023-06-23 15:09:33,365 [IPC Server handler 13 on default port 15001] WARN  node.SCMNodeManager (SCMNodeManager.java:getNodesByAddress(1373)) - Cannot find node for address 127.0.0.1
2023-06-23 15:09:33,366 [IPC Server handler 11 on default port 15001] WARN  node.SCMNodeManager (SCMNodeManager.java:getNodesByAddress(1373)) - Cannot find node for address 127.0.0.1
]]></system-out>
  </testcase>
  <testcase name="testMPUwithOneStreamPart" classname="TestOzoneAtRestEncryption" time="0.431">
    <error type="org.apache.hadoop.hdds.scm.container.common.helpers.StorageContainerException"><![CDATA[org.apache.hadoop.hdds.scm.container.common.helpers.StorageContainerException: Unable to find the block with bcsID 122 .Container 15 bcsId is 120.
	at org.apache.hadoop.hdds.scm.storage.ContainerProtocolCalls.validateContainerResponse(ContainerProtocolCalls.java:707)
	at org.apache.hadoop.hdds.scm.storage.ContainerProtocolCalls.lambda$createValidators$4(ContainerProtocolCalls.java:718)
	at org.apache.hadoop.hdds.scm.XceiverClientGrpc.sendCommandWithRetry(XceiverClientGrpc.java:407)
	at org.apache.hadoop.hdds.scm.XceiverClientGrpc.lambda$sendCommandWithTraceIDAndRetry$0(XceiverClientGrpc.java:347)
	at org.apache.hadoop.hdds.tracing.TracingUtil.executeInSpan(TracingUtil.java:169)
	at org.apache.hadoop.hdds.tracing.TracingUtil.executeInNewSpan(TracingUtil.java:149)
	at org.apache.hadoop.hdds.scm.XceiverClientGrpc.sendCommandWithTraceIDAndRetry(XceiverClientGrpc.java:342)
	at org.apache.hadoop.hdds.scm.XceiverClientGrpc.sendCommand(XceiverClientGrpc.java:323)
	at org.apache.hadoop.hdds.scm.storage.ContainerProtocolCalls.getBlock(ContainerProtocolCalls.java:208)
	at org.apache.hadoop.hdds.scm.storage.ContainerProtocolCalls.lambda$getBlock$0(ContainerProtocolCalls.java:186)
	at org.apache.hadoop.hdds.scm.storage.ContainerProtocolCalls.tryEachDatanode(ContainerProtocolCalls.java:146)
	at org.apache.hadoop.hdds.scm.storage.ContainerProtocolCalls.getBlock(ContainerProtocolCalls.java:185)
	at org.apache.hadoop.hdds.scm.storage.BlockInputStream.getChunkInfos(BlockInputStream.java:255)
	at org.apache.hadoop.hdds.scm.storage.BlockInputStream.initialize(BlockInputStream.java:146)
	at org.apache.hadoop.hdds.scm.storage.BlockInputStream.readWithStrategy(BlockInputStream.java:308)
	at org.apache.hadoop.hdds.scm.storage.ExtendedInputStream.read(ExtendedInputStream.java:66)
	at org.apache.hadoop.hdds.scm.storage.ByteBufferReader.readFromBlock(ByteBufferReader.java:56)
	at org.apache.hadoop.hdds.scm.storage.MultipartInputStream.readWithStrategy(MultipartInputStream.java:96)
	at org.apache.hadoop.hdds.scm.storage.ExtendedInputStream.read(ExtendedInputStream.java:66)
	at org.apache.hadoop.crypto.CryptoInputStream.read(CryptoInputStream.java:203)
	at org.apache.hadoop.ozone.client.io.OzoneCryptoInputStream.read(OzoneCryptoInputStream.java:130)
	at org.apache.hadoop.hdds.scm.storage.ByteArrayReader.readFromBlock(ByteArrayReader.java:57)
	at org.apache.hadoop.hdds.scm.storage.MultipartInputStream.readWithStrategy(MultipartInputStream.java:96)
	at org.apache.hadoop.hdds.scm.storage.ExtendedInputStream.read(ExtendedInputStream.java:56)
	at org.apache.hadoop.ozone.client.io.OzoneInputStream.read(OzoneInputStream.java:56)
	at org.apache.hadoop.ozone.client.rpc.TestOzoneAtRestEncryption.testMultipartUploadWithEncryption(TestOzoneAtRestEncryption.java:567)
	at org.apache.hadoop.ozone.client.rpc.TestOzoneAtRestEncryption.testMPUwithOneStreamPart(TestOzoneAtRestEncryption.java:474)
	at sun.reflect.NativeMethodAccessorImpl.invoke0(Native Method)
	at sun.reflect.NativeMethodAccessorImpl.invoke(NativeMethodAccessorImpl.java:62)
	at sun.reflect.DelegatingMethodAccessorImpl.invoke(DelegatingMethodAccessorImpl.java:43)
	at java.lang.reflect.Method.invoke(Method.java:498)
	at org.junit.runners.model.FrameworkMethod$1.runReflectiveCall(FrameworkMethod.java:59)
	at org.junit.internal.runners.model.ReflectiveCallable.run(ReflectiveCallable.java:12)
	at org.junit.runners.model.FrameworkMethod.invokeExplosively(FrameworkMethod.java:56)
	at org.junit.internal.runners.statements.InvokeMethod.evaluate(InvokeMethod.java:17)
	at org.junit.runners.ParentRunner$3.evaluate(ParentRunner.java:306)
	at org.junit.runners.BlockJUnit4ClassRunner$1.evaluate(BlockJUnit4ClassRunner.java:100)
	at org.junit.runners.ParentRunner.runLeaf(ParentRunner.java:366)
	at org.junit.runners.BlockJUnit4ClassRunner.runChild(BlockJUnit4ClassRunner.java:103)
	at org.junit.runners.BlockJUnit4ClassRunner.runChild(BlockJUnit4ClassRunner.java:63)
	at org.junit.runners.ParentRunner$4.run(ParentRunner.java:331)
	at org.junit.runners.ParentRunner$1.schedule(ParentRunner.java:79)
	at org.junit.runners.ParentRunner.runChildren(ParentRunner.java:329)
	at org.junit.runners.ParentRunner.access$100(ParentRunner.java:66)
	at org.junit.runners.ParentRunner$2.evaluate(ParentRunner.java:293)
	at org.junit.runners.ParentRunner.run(ParentRunner.java:413)
	at org.junit.runners.Suite.runChild(Suite.java:128)
	at org.junit.runners.Suite.runChild(Suite.java:27)
	at org.junit.runners.ParentRunner$4.run(ParentRunner.java:331)
	at org.junit.runners.ParentRunner$1.schedule(ParentRunner.java:79)
	at org.junit.runners.ParentRunner.runChildren(ParentRunner.java:329)
	at org.junit.runners.ParentRunner.access$100(ParentRunner.java:66)
	at org.junit.runners.ParentRunner$2.evaluate(ParentRunner.java:293)
	at org.junit.internal.runners.statements.RunBefores.evaluate(RunBefores.java:26)
	at org.junit.internal.runners.statements.RunAfters.evaluate(RunAfters.java:27)
	at org.junit.runners.ParentRunner$3.evaluate(ParentRunner.java:306)
	at org.junit.runners.ParentRunner.run(ParentRunner.java:413)
	at org.junit.runner.JUnitCore.run(JUnitCore.java:137)
	at org.junit.runner.JUnitCore.run(JUnitCore.java:115)
	at org.junit.vintage.engine.execution.RunnerExecutor.execute(RunnerExecutor.java:42)
	at org.junit.vintage.engine.VintageTestEngine.executeAllChildren(VintageTestEngine.java:80)
	at org.junit.vintage.engine.VintageTestEngine.execute(VintageTestEngine.java:72)
	at org.junit.platform.launcher.core.EngineExecutionOrchestrator.execute(EngineExecutionOrchestrator.java:107)
	at org.junit.platform.launcher.core.EngineExecutionOrchestrator.execute(EngineExecutionOrchestrator.java:88)
	at org.junit.platform.launcher.core.EngineExecutionOrchestrator.lambda$execute$0(EngineExecutionOrchestrator.java:54)
	at org.junit.platform.launcher.core.EngineExecutionOrchestrator.withInterceptedStreams(EngineExecutionOrchestrator.java:67)
	at org.junit.platform.launcher.core.EngineExecutionOrchestrator.execute(EngineExecutionOrchestrator.java:52)
	at org.junit.platform.launcher.core.DefaultLauncher.execute(DefaultLauncher.java:114)
	at org.junit.platform.launcher.core.DefaultLauncher.execute(DefaultLauncher.java:86)
	at org.junit.platform.launcher.core.DefaultLauncherSession$DelegatingLauncher.execute(DefaultLauncherSession.java:86)
	at org.junit.platform.launcher.core.SessionPerRequestLauncher.execute(SessionPerRequestLauncher.java:53)
	at org.apache.maven.surefire.junitplatform.JUnitPlatformProvider.execute(JUnitPlatformProvider.java:188)
	at org.apache.maven.surefire.junitplatform.JUnitPlatformProvider.invokeAllTests(JUnitPlatformProvider.java:154)
	at org.apache.maven.surefire.junitplatform.JUnitPlatformProvider.invoke(JUnitPlatformProvider.java:124)
	at org.apache.maven.surefire.booter.ForkedBooter.runSuitesInProcess(ForkedBooter.java:428)
	at org.apache.maven.surefire.booter.ForkedBooter.execute(ForkedBooter.java:162)
	at org.apache.maven.surefire.booter.ForkedBooter.run(ForkedBooter.java:562)
	at org.apache.maven.surefire.booter.ForkedBooter.main(ForkedBooter.java:548)
]]></error>
    <system-out><![CDATA[2023-06-23 15:09:49,708 [main] INFO  rpc.RpcClient (RpcClient.java:createVolume(459)) - Creating Volume: 98bc793f-ee12-4b5a-8962-798278919aa6, with runner as owner and space quota set to -1 bytes, counts quota set to -1
2023-06-23 15:09:49,711 [OM StateMachine ApplyTransaction Thread - 0] INFO  volume.OMVolumeCreateRequest (OMVolumeCreateRequest.java:validateAndUpdateCache(196)) - created volume:98bc793f-ee12-4b5a-8962-798278919aa6 for user:runner
2023-06-23 15:09:49,713 [main] INFO  rpc.RpcClient (RpcClient.java:createBucket(686)) - Creating Bucket: 98bc793f-ee12-4b5a-8962-798278919aa6/0a8c0f85-026e-40a5-a241-218e80d18c24, with bucket layout OBJECT_STORE, runner as owner, Versioning false, Storage Type set to DISK and Encryption set to true, Replication Type set to server-side default replication type, Namespace Quota set to -1, Space Quota set to -1 
2023-06-23 15:09:49,715 [qtp577682023-21] INFO  kms-audit (SimpleKMSAuditLogger.java:logAuditSimpleFormat(93)) - OK[op=GET_METADATA, key=key1, user=runner] 
2023-06-23 15:09:49,718 [OM StateMachine ApplyTransaction Thread - 0] INFO  bucket.OMBucketCreateRequest (OMBucketCreateRequest.java:validateAndUpdateCache(270)) - created bucket: 0a8c0f85-026e-40a5-a241-218e80d18c24 of layout OBJECT_STORE in volume: 98bc793f-ee12-4b5a-8962-798278919aa6
2023-06-23 15:09:49,733 [qtp577682023-17] ERROR generators.WadlGeneratorJAXBGrammarGenerator (WadlGeneratorJAXBGrammarGenerator.java:buildModelAndSchemas(207)) - Failed to generate the schema for the JAX-B elements
com.sun.xml.bind.v2.runtime.IllegalAnnotationsException: 1 counts of IllegalAnnotationExceptions
java.util.Map is an interface, and JAXB can't handle interfaces.
	this problem is related to the following location:
		at java.util.Map

	at com.sun.xml.bind.v2.runtime.IllegalAnnotationsException$Builder.check(IllegalAnnotationsException.java:106)
	at com.sun.xml.bind.v2.runtime.JAXBContextImpl.getTypeInfoSet(JAXBContextImpl.java:471)
	at com.sun.xml.bind.v2.runtime.JAXBContextImpl.<init>(JAXBContextImpl.java:303)
	at com.sun.xml.bind.v2.runtime.JAXBContextImpl.<init>(JAXBContextImpl.java:139)
	at com.sun.xml.bind.v2.runtime.JAXBContextImpl$JAXBContextBuilder.build(JAXBContextImpl.java:1156)
	at com.sun.xml.bind.v2.ContextFactory.createContext(ContextFactory.java:165)
	at sun.reflect.NativeMethodAccessorImpl.invoke0(Native Method)
	at sun.reflect.NativeMethodAccessorImpl.invoke(NativeMethodAccessorImpl.java:62)
	at sun.reflect.DelegatingMethodAccessorImpl.invoke(DelegatingMethodAccessorImpl.java:43)
	at java.lang.reflect.Method.invoke(Method.java:498)
	at javax.xml.bind.ContextFinder.newInstance(ContextFinder.java:247)
	at javax.xml.bind.ContextFinder.newInstance(ContextFinder.java:234)
	at javax.xml.bind.ContextFinder.find(ContextFinder.java:441)
	at javax.xml.bind.JAXBContext.newInstance(JAXBContext.java:641)
	at javax.xml.bind.JAXBContext.newInstance(JAXBContext.java:584)
	at com.sun.jersey.server.wadl.generators.WadlGeneratorJAXBGrammarGenerator.buildModelAndSchemas(WadlGeneratorJAXBGrammarGenerator.java:169)
	at com.sun.jersey.server.wadl.generators.AbstractWadlGeneratorGrammarGenerator.createExternalGrammar(AbstractWadlGeneratorGrammarGenerator.java:405)
	at com.sun.jersey.server.wadl.WadlBuilder.generate(WadlBuilder.java:149)
	at com.sun.jersey.server.impl.wadl.WadlApplicationContextImpl.getApplication(WadlApplicationContextImpl.java:119)
	at com.sun.jersey.server.impl.wadl.WadlApplicationContextImpl.getApplication(WadlApplicationContextImpl.java:138)
	at com.sun.jersey.server.impl.wadl.WadlMethodFactory$WadlOptionsMethodDispatcher.dispatch(WadlMethodFactory.java:110)
	at com.sun.jersey.server.impl.uri.rules.HttpMethodRule.accept(HttpMethodRule.java:302)
	at com.sun.jersey.server.impl.uri.rules.RightHandPathRule.accept(RightHandPathRule.java:147)
	at com.sun.jersey.server.impl.uri.rules.ResourceClassRule.accept(ResourceClassRule.java:108)
	at com.sun.jersey.server.impl.uri.rules.RightHandPathRule.accept(RightHandPathRule.java:147)
	at com.sun.jersey.server.impl.uri.rules.RootResourceClassesRule.accept(RootResourceClassesRule.java:84)
	at com.sun.jersey.server.impl.application.WebApplicationImpl._handleRequest(WebApplicationImpl.java:1542)
	at com.sun.jersey.server.impl.application.WebApplicationImpl._handleRequest(WebApplicationImpl.java:1473)
	at com.sun.jersey.server.impl.application.WebApplicationImpl.handleRequest(WebApplicationImpl.java:1419)
	at com.sun.jersey.server.impl.application.WebApplicationImpl.handleRequest(WebApplicationImpl.java:1409)
	at com.sun.jersey.spi.container.servlet.WebComponent.service(WebComponent.java:409)
	at com.sun.jersey.spi.container.servlet.ServletContainer.service(ServletContainer.java:558)
	at com.sun.jersey.spi.container.servlet.ServletContainer.service(ServletContainer.java:733)
	at javax.servlet.http.HttpServlet.service(HttpServlet.java:590)
	at org.eclipse.jetty.servlet.ServletHolder$NotAsync.service(ServletHolder.java:1459)
	at org.eclipse.jetty.servlet.ServletHolder.handle(ServletHolder.java:799)
	at org.eclipse.jetty.servlet.ServletHandler$ChainEnd.doFilter(ServletHandler.java:1656)
	at org.apache.hadoop.crypto.key.kms.server.KMSMDCFilter.doFilter(KMSMDCFilter.java:98)
	at org.eclipse.jetty.servlet.FilterHolder.doFilter(FilterHolder.java:193)
	at org.eclipse.jetty.servlet.ServletHandler$Chain.doFilter(ServletHandler.java:1626)
	at org.apache.hadoop.security.authentication.server.AuthenticationFilter.doFilter(AuthenticationFilter.java:650)
	at org.apache.hadoop.security.token.delegation.web.DelegationTokenAuthenticationFilter.doFilter(DelegationTokenAuthenticationFilter.java:305)
	at org.apache.hadoop.security.authentication.server.AuthenticationFilter.doFilter(AuthenticationFilter.java:592)
	at org.apache.hadoop.crypto.key.kms.server.KMSAuthenticationFilter.doFilter(KMSAuthenticationFilter.java:162)
	at org.eclipse.jetty.servlet.FilterHolder.doFilter(FilterHolder.java:201)
	at org.eclipse.jetty.servlet.ServletHandler$Chain.doFilter(ServletHandler.java:1626)
	at org.apache.hadoop.http.lib.StaticUserWebFilter$StaticUserFilter.doFilter(StaticUserWebFilter.java:110)
	at org.eclipse.jetty.servlet.FilterHolder.doFilter(FilterHolder.java:193)
	at org.eclipse.jetty.servlet.ServletHandler$Chain.doFilter(ServletHandler.java:1626)
	at org.apache.hadoop.http.HttpServer2$QuotingInputFilter.doFilter(HttpServer2.java:1794)
	at org.eclipse.jetty.servlet.FilterHolder.doFilter(FilterHolder.java:193)
	at org.eclipse.jetty.servlet.ServletHandler$Chain.doFilter(ServletHandler.java:1626)
	at org.apache.hadoop.http.NoCacheFilter.doFilter(NoCacheFilter.java:45)
	at org.eclipse.jetty.servlet.FilterHolder.doFilter(FilterHolder.java:193)
	at org.eclipse.jetty.servlet.ServletHandler$Chain.doFilter(ServletHandler.java:1626)
	at org.eclipse.jetty.servlet.ServletHandler.doHandle(ServletHandler.java:552)
	at org.eclipse.jetty.server.handler.ScopedHandler.handle(ScopedHandler.java:143)
	at org.eclipse.jetty.security.SecurityHandler.handle(SecurityHandler.java:600)
	at org.eclipse.jetty.server.handler.HandlerWrapper.handle(HandlerWrapper.java:127)
	at org.eclipse.jetty.server.handler.ScopedHandler.nextHandle(ScopedHandler.java:235)
	at org.eclipse.jetty.server.session.SessionHandler.doHandle(SessionHandler.java:1624)
	at org.eclipse.jetty.server.handler.ScopedHandler.nextHandle(ScopedHandler.java:233)
	at org.eclipse.jetty.server.handler.ContextHandler.doHandle(ContextHandler.java:1440)
	at org.eclipse.jetty.server.handler.ScopedHandler.nextScope(ScopedHandler.java:188)
	at org.eclipse.jetty.servlet.ServletHandler.doScope(ServletHandler.java:505)
	at org.eclipse.jetty.server.session.SessionHandler.doScope(SessionHandler.java:1594)
	at org.eclipse.jetty.server.handler.ScopedHandler.nextScope(ScopedHandler.java:186)
	at org.eclipse.jetty.server.handler.ContextHandler.doScope(ContextHandler.java:1355)
	at org.eclipse.jetty.server.handler.ScopedHandler.handle(ScopedHandler.java:141)
	at org.eclipse.jetty.server.handler.HandlerCollection.handle(HandlerCollection.java:146)
	at org.eclipse.jetty.server.handler.HandlerWrapper.handle(HandlerWrapper.java:127)
	at org.eclipse.jetty.server.Server.handle(Server.java:512)
	at org.eclipse.jetty.server.HttpChannel.lambda$handle$1(HttpChannel.java:487)
	at org.eclipse.jetty.server.HttpChannel.dispatch(HttpChannel.java:732)
	at org.eclipse.jetty.server.HttpChannel.handle(HttpChannel.java:479)
	at org.eclipse.jetty.server.HttpConnection.onFillable(HttpConnection.java:277)
	at org.eclipse.jetty.io.AbstractConnection$ReadCallback.succeeded(AbstractConnection.java:311)
	at org.eclipse.jetty.io.FillInterest.fillable(FillInterest.java:105)
	at org.eclipse.jetty.io.ChannelEndPoint$1.run(ChannelEndPoint.java:104)
	at org.eclipse.jetty.util.thread.strategy.EatWhatYouKill.runTask(EatWhatYouKill.java:338)
	at org.eclipse.jetty.util.thread.strategy.EatWhatYouKill.doProduce(EatWhatYouKill.java:315)
	at org.eclipse.jetty.util.thread.strategy.EatWhatYouKill.tryProduce(EatWhatYouKill.java:173)
	at org.eclipse.jetty.util.thread.strategy.EatWhatYouKill.run(EatWhatYouKill.java:131)
	at org.eclipse.jetty.util.thread.ReservedThreadExecutor$ReservedThread.run(ReservedThreadExecutor.java:409)
	at org.eclipse.jetty.util.thread.QueuedThreadPool.runJob(QueuedThreadPool.java:883)
	at org.eclipse.jetty.util.thread.QueuedThreadPool$Runner.run(QueuedThreadPool.java:1034)
	at java.lang.Thread.run(Thread.java:750)
2023-06-23 15:09:49,735 [qtp577682023-17] INFO  generators.AbstractWadlGeneratorGrammarGenerator (AbstractWadlGeneratorGrammarGenerator.java:attachTypes(479)) - Couldn't find grammar element for class java.util.Map
2023-06-23 15:09:49,736 [qtp577682023-17] INFO  generators.AbstractWadlGeneratorGrammarGenerator (AbstractWadlGeneratorGrammarGenerator.java:attachTypes(479)) - Couldn't find grammar element for class javax.ws.rs.core.Response
2023-06-23 15:09:49,736 [qtp577682023-17] INFO  generators.AbstractWadlGeneratorGrammarGenerator (AbstractWadlGeneratorGrammarGenerator.java:attachTypes(479)) - Couldn't find grammar element for class java.util.Map
2023-06-23 15:09:49,737 [qtp577682023-17] INFO  generators.AbstractWadlGeneratorGrammarGenerator (AbstractWadlGeneratorGrammarGenerator.java:attachTypes(479)) - Couldn't find grammar element for class javax.ws.rs.core.Response
2023-06-23 15:09:49,737 [qtp577682023-17] INFO  generators.AbstractWadlGeneratorGrammarGenerator (AbstractWadlGeneratorGrammarGenerator.java:attachTypes(479)) - Couldn't find grammar element for class java.util.Map
2023-06-23 15:09:49,737 [qtp577682023-17] INFO  generators.AbstractWadlGeneratorGrammarGenerator (AbstractWadlGeneratorGrammarGenerator.java:attachTypes(479)) - Couldn't find grammar element for class java.util.Map
2023-06-23 15:09:49,737 [qtp577682023-17] INFO  generators.AbstractWadlGeneratorGrammarGenerator (AbstractWadlGeneratorGrammarGenerator.java:attachTypes(479)) - Couldn't find grammar element for class javax.ws.rs.core.Response
2023-06-23 15:09:49,737 [qtp577682023-17] INFO  generators.AbstractWadlGeneratorGrammarGenerator (AbstractWadlGeneratorGrammarGenerator.java:attachTypes(479)) - Couldn't find grammar element for class java.util.Map
2023-06-23 15:09:49,751 [main] INFO  client.DataStreamClient (ConfUtils.java:logGet(46)) - raft.datastream.type = NETTY (custom)
2023-06-23 15:09:49,752 [main] INFO  netty.NettyConfigKeys$DataStream (ConfUtils.java:logGet(46)) - raft.netty.dataStream.client.tls.conf = null (default)
2023-06-23 15:09:49,752 [main] INFO  netty.NettyConfigKeys$DataStream (ConfUtils.java:logGet(46)) - raft.netty.dataStream.client.reply.queue.grace-period = 1s (default)
2023-06-23 15:09:49,752 [main] INFO  netty.NettyConfigKeys$DataStream (ConfUtils.java:logGet(46)) - raft.netty.dataStream.client.worker-group.share = false (default)
2023-06-23 15:09:49,752 [main] INFO  netty.NettyConfigKeys$DataStream (ConfUtils.java:logGet(46)) - raft.netty.dataStream.client.worker-group.size = 4 (default)
2023-06-23 15:09:49,760 [00be7989-d8c1-4a83-aaf0-c8ed794c287b-NettyServerStreamRpc-bossGroup--thread1] INFO  logging.LoggingHandler (AbstractInternalLogger.java:log(148)) - [id: 0x4de571dc, L:/0:0:0:0:0:0:0:0:15042] READ: [id: 0x883102c1, L:/10.1.0.34:15042 - R:/10.1.0.34:49652]
2023-06-23 15:09:49,763 [00be7989-d8c1-4a83-aaf0-c8ed794c287b-NettyServerStreamRpc-bossGroup--thread1] INFO  logging.LoggingHandler (AbstractInternalLogger.java:log(148)) - [id: 0x4de571dc, L:/0:0:0:0:0:0:0:0:15042] READ COMPLETE
2023-06-23 15:09:49,815 [main] INFO  client.DataStreamClient (ConfUtils.java:logGet(46)) - raft.datastream.type = NETTY (custom)
2023-06-23 15:09:49,816 [main] INFO  netty.NettyConfigKeys$DataStream (ConfUtils.java:logGet(46)) - raft.netty.dataStream.client.tls.conf = null (default)
2023-06-23 15:09:49,816 [main] INFO  netty.NettyConfigKeys$DataStream (ConfUtils.java:logGet(46)) - raft.netty.dataStream.client.reply.queue.grace-period = 1s (default)
2023-06-23 15:09:49,816 [main] INFO  netty.NettyConfigKeys$DataStream (ConfUtils.java:logGet(46)) - raft.netty.dataStream.client.worker-group.share = false (default)
2023-06-23 15:09:49,816 [main] INFO  netty.NettyConfigKeys$DataStream (ConfUtils.java:logGet(46)) - raft.netty.dataStream.client.worker-group.size = 4 (default)
2023-06-23 15:09:49,828 [1f6e8c2c-f646-4632-8e05-148bee690267-NettyServerStreamRpc-bossGroup--thread1] INFO  logging.LoggingHandler (AbstractInternalLogger.java:log(148)) - [id: 0x9d28eb19, L:/0:0:0:0:0:0:0:0:15087] READ: [id: 0x524e870c, L:/10.1.0.34:15087 - R:/10.1.0.34:41068]
2023-06-23 15:09:49,828 [1f6e8c2c-f646-4632-8e05-148bee690267-NettyServerStreamRpc-bossGroup--thread1] INFO  logging.LoggingHandler (AbstractInternalLogger.java:log(148)) - [id: 0x9d28eb19, L:/0:0:0:0:0:0:0:0:15087] READ COMPLETE
2023-06-23 15:09:49,883 [main] INFO  client.DataStreamClient (ConfUtils.java:logGet(46)) - raft.datastream.type = NETTY (custom)
2023-06-23 15:09:49,884 [main] INFO  netty.NettyConfigKeys$DataStream (ConfUtils.java:logGet(46)) - raft.netty.dataStream.client.tls.conf = null (default)
2023-06-23 15:09:49,884 [main] INFO  netty.NettyConfigKeys$DataStream (ConfUtils.java:logGet(46)) - raft.netty.dataStream.client.reply.queue.grace-period = 1s (default)
2023-06-23 15:09:49,884 [main] INFO  netty.NettyConfigKeys$DataStream (ConfUtils.java:logGet(46)) - raft.netty.dataStream.client.worker-group.share = false (default)
2023-06-23 15:09:49,884 [main] INFO  netty.NettyConfigKeys$DataStream (ConfUtils.java:logGet(46)) - raft.netty.dataStream.client.worker-group.size = 4 (default)
2023-06-23 15:09:49,888 [3d425f4c-b0a3-4337-aec0-a29136ea4685-NettyServerStreamRpc-bossGroup--thread1] INFO  logging.LoggingHandler (AbstractInternalLogger.java:log(148)) - [id: 0x625d713a, L:/0:0:0:0:0:0:0:0:15015] READ: [id: 0x30dde9e3, L:/10.1.0.34:15015 - R:/10.1.0.34:36948]
2023-06-23 15:09:49,899 [3d425f4c-b0a3-4337-aec0-a29136ea4685-NettyServerStreamRpc-bossGroup--thread1] INFO  logging.LoggingHandler (AbstractInternalLogger.java:log(148)) - [id: 0x625d713a, L:/0:0:0:0:0:0:0:0:15015] READ COMPLETE
2023-06-23 15:09:49,993 [IPC Server handler 9 on default port 15001] WARN  node.SCMNodeManager (SCMNodeManager.java:getNodesByAddress(1373)) - Cannot find node for address 127.0.0.1
2023-06-23 15:09:49,993 [IPC Server handler 2 on default port 15001] WARN  node.SCMNodeManager (SCMNodeManager.java:getNodesByAddress(1373)) - Cannot find node for address 127.0.0.1
2023-06-23 15:09:49,994 [IPC Server handler 4 on default port 15001] WARN  node.SCMNodeManager (SCMNodeManager.java:getNodesByAddress(1373)) - Cannot find node for address 127.0.0.1
2023-06-23 15:09:50,055 [ChunkReader-2] WARN  keyvalue.KeyValueHandler (ContainerUtils.java:logAndReturnError(95)) - Operation: GetBlock , Trace ID:  , Message: Unable to find the block with bcsID 122 .Container 15 bcsId is 120. , Result: UNKNOWN_BCSID , StorageContainerException Occurred.
org.apache.hadoop.hdds.scm.container.common.helpers.StorageContainerException: Unable to find the block with bcsID 122 .Container 15 bcsId is 120.
	at org.apache.hadoop.ozone.container.keyvalue.impl.BlockManagerImpl.getBlock(BlockManagerImpl.java:248)
	at org.apache.hadoop.ozone.container.keyvalue.KeyValueHandler.handleGetBlock(KeyValueHandler.java:583)
	at org.apache.hadoop.ozone.container.keyvalue.KeyValueHandler.dispatchRequest(KeyValueHandler.java:254)
	at org.apache.hadoop.ozone.container.keyvalue.KeyValueHandler.handle(KeyValueHandler.java:223)
	at org.apache.hadoop.ozone.container.common.impl.HddsDispatcher.dispatchRequest(HddsDispatcher.java:322)
	at org.apache.hadoop.ozone.container.common.impl.HddsDispatcher.lambda$dispatch$0(HddsDispatcher.java:173)
	at org.apache.hadoop.hdds.server.OzoneProtocolMessageDispatcher.processRequest(OzoneProtocolMessageDispatcher.java:87)
	at org.apache.hadoop.ozone.container.common.impl.HddsDispatcher.dispatch(HddsDispatcher.java:172)
	at org.apache.hadoop.ozone.container.common.transport.server.GrpcXceiverService$1.onNext(GrpcXceiverService.java:57)
	at org.apache.hadoop.ozone.container.common.transport.server.GrpcXceiverService$1.onNext(GrpcXceiverService.java:50)
	at org.apache.ratis.thirdparty.io.grpc.stub.ServerCalls$StreamingServerCallHandler$StreamingServerCallListener.onMessage(ServerCalls.java:262)
	at org.apache.ratis.thirdparty.io.grpc.ForwardingServerCallListener.onMessage(ForwardingServerCallListener.java:33)
	at org.apache.hadoop.hdds.tracing.GrpcServerInterceptor$1.onMessage(GrpcServerInterceptor.java:49)
	at org.apache.ratis.thirdparty.io.grpc.internal.ServerCallImpl$ServerStreamListenerImpl.messagesAvailableInternal(ServerCallImpl.java:333)
	at org.apache.ratis.thirdparty.io.grpc.internal.ServerCallImpl$ServerStreamListenerImpl.messagesAvailable(ServerCallImpl.java:316)
	at org.apache.ratis.thirdparty.io.grpc.internal.ServerImpl$JumpToApplicationThreadServerStreamListener$1MessagesAvailable.runInContext(ServerImpl.java:835)
	at org.apache.ratis.thirdparty.io.grpc.internal.ContextRunnable.run(ContextRunnable.java:37)
	at org.apache.ratis.thirdparty.io.grpc.internal.SerializingExecutor.run(SerializingExecutor.java:133)
	at java.util.concurrent.ThreadPoolExecutor.runWorker(ThreadPoolExecutor.java:1149)
	at java.util.concurrent.ThreadPoolExecutor$Worker.run(ThreadPoolExecutor.java:624)
	at java.lang.Thread.run(Thread.java:750)
15:09:50.091 [ChunkReader-2] ERROR DNAudit - user=null | ip=null | op=GET_BLOCK {blockData=conID: 15 locID: 111677748019200191 bcsId: 122} | ret=FAILURE
java.lang.Exception: Unable to find the block with bcsID 122 .Container 15 bcsId is 120.
	at org.apache.hadoop.ozone.container.common.impl.HddsDispatcher.dispatchRequest(HddsDispatcher.java:392) ~[hdds-container-service-1.4.0-SNAPSHOT.jar:?]
	at org.apache.hadoop.ozone.container.common.impl.HddsDispatcher.lambda$dispatch$0(HddsDispatcher.java:173) ~[hdds-container-service-1.4.0-SNAPSHOT.jar:?]
	at org.apache.hadoop.hdds.server.OzoneProtocolMessageDispatcher.processRequest(OzoneProtocolMessageDispatcher.java:87) [hdds-server-framework-1.4.0-SNAPSHOT.jar:?]
	at org.apache.hadoop.ozone.container.common.impl.HddsDispatcher.dispatch(HddsDispatcher.java:172) [hdds-container-service-1.4.0-SNAPSHOT.jar:?]
	at org.apache.hadoop.ozone.container.common.transport.server.GrpcXceiverService$1.onNext(GrpcXceiverService.java:57) [hdds-container-service-1.4.0-SNAPSHOT.jar:?]
	at org.apache.hadoop.ozone.container.common.transport.server.GrpcXceiverService$1.onNext(GrpcXceiverService.java:50) [hdds-container-service-1.4.0-SNAPSHOT.jar:?]
	at org.apache.ratis.thirdparty.io.grpc.stub.ServerCalls$StreamingServerCallHandler$StreamingServerCallListener.onMessage(ServerCalls.java:262) [ratis-thirdparty-misc-1.0.4.jar:1.0.4]
	at org.apache.ratis.thirdparty.io.grpc.ForwardingServerCallListener.onMessage(ForwardingServerCallListener.java:33) [ratis-thirdparty-misc-1.0.4.jar:1.0.4]
	at org.apache.hadoop.hdds.tracing.GrpcServerInterceptor$1.onMessage(GrpcServerInterceptor.java:49) [hdds-common-1.4.0-SNAPSHOT.jar:?]
	at org.apache.ratis.thirdparty.io.grpc.internal.ServerCallImpl$ServerStreamListenerImpl.messagesAvailableInternal(ServerCallImpl.java:333) [ratis-thirdparty-misc-1.0.4.jar:1.0.4]
	at org.apache.ratis.thirdparty.io.grpc.internal.ServerCallImpl$ServerStreamListenerImpl.messagesAvailable(ServerCallImpl.java:316) [ratis-thirdparty-misc-1.0.4.jar:1.0.4]
	at org.apache.ratis.thirdparty.io.grpc.internal.ServerImpl$JumpToApplicationThreadServerStreamListener$1MessagesAvailable.runInContext(ServerImpl.java:835) [ratis-thirdparty-misc-1.0.4.jar:1.0.4]
	at org.apache.ratis.thirdparty.io.grpc.internal.ContextRunnable.run(ContextRunnable.java:37) [ratis-thirdparty-misc-1.0.4.jar:1.0.4]
	at org.apache.ratis.thirdparty.io.grpc.internal.SerializingExecutor.run(SerializingExecutor.java:133) [ratis-thirdparty-misc-1.0.4.jar:1.0.4]
	at java.util.concurrent.ThreadPoolExecutor.runWorker(ThreadPoolExecutor.java:1149) [?:1.8.0_372]
	at java.util.concurrent.ThreadPoolExecutor$Worker.run(ThreadPoolExecutor.java:624) [?:1.8.0_372]
	at java.lang.Thread.run(Thread.java:750) [?:1.8.0_372]
2023-06-23 15:09:50,105 [main] ERROR scm.XceiverClientGrpc (XceiverClientGrpc.java:sendCommandWithRetry(450)) - Failed to execute command GetBlock on the pipeline Pipeline[ Id: 1df6030e-1e9d-46cc-a2e8-a0561d40ed08, Nodes: 3d425f4c-b0a3-4337-aec0-a29136ea4685(fv-az424-541.i1gjr3zuz4qevjy1zin2gin2ih.gx.internal.cloudapp.net/10.1.0.34), ReplicationConfig: STANDALONE/ONE, State:OPEN, leaderId:3d425f4c-b0a3-4337-aec0-a29136ea4685, CreationTimestamp2023-06-23T15:09:05.194Z[Etc/UTC]].
2023-06-23 15:09:50,105 [main] INFO  storage.BlockInputStream (BlockInputStream.java:refreshBlockInfo(205)) - Unable to read information for block conID: 15 locID: 111677748019200191 bcsId: 122 from pipeline PipelineID=1df6030e-1e9d-46cc-a2e8-a0561d40ed08: Unable to find the block with bcsID 122 .Container 15 bcsId is 120.
2023-06-23 15:09:50,112 [IPC Server handler 12 on default port 15001] WARN  node.SCMNodeManager (SCMNodeManager.java:getNodesByAddress(1373)) - Cannot find node for address 127.0.0.1
2023-06-23 15:09:50,112 [IPC Server handler 19 on default port 15001] WARN  node.SCMNodeManager (SCMNodeManager.java:getNodesByAddress(1373)) - Cannot find node for address 127.0.0.1
2023-06-23 15:09:50,113 [IPC Server handler 0 on default port 15001] WARN  node.SCMNodeManager (SCMNodeManager.java:getNodesByAddress(1373)) - Cannot find node for address 127.0.0.1
2023-06-23 15:09:50,118 [ChunkReader-4] WARN  keyvalue.KeyValueHandler (ContainerUtils.java:logAndReturnError(95)) - Operation: GetBlock , Trace ID:  , Message: Unable to find the block with bcsID 122 .Container 15 bcsId is 120. , Result: UNKNOWN_BCSID , StorageContainerException Occurred.
org.apache.hadoop.hdds.scm.container.common.helpers.StorageContainerException: Unable to find the block with bcsID 122 .Container 15 bcsId is 120.
	at org.apache.hadoop.ozone.container.keyvalue.impl.BlockManagerImpl.getBlock(BlockManagerImpl.java:248)
	at org.apache.hadoop.ozone.container.keyvalue.KeyValueHandler.handleGetBlock(KeyValueHandler.java:583)
	at org.apache.hadoop.ozone.container.keyvalue.KeyValueHandler.dispatchRequest(KeyValueHandler.java:254)
	at org.apache.hadoop.ozone.container.keyvalue.KeyValueHandler.handle(KeyValueHandler.java:223)
	at org.apache.hadoop.ozone.container.common.impl.HddsDispatcher.dispatchRequest(HddsDispatcher.java:322)
	at org.apache.hadoop.ozone.container.common.impl.HddsDispatcher.lambda$dispatch$0(HddsDispatcher.java:173)
	at org.apache.hadoop.hdds.server.OzoneProtocolMessageDispatcher.processRequest(OzoneProtocolMessageDispatcher.java:87)
	at org.apache.hadoop.ozone.container.common.impl.HddsDispatcher.dispatch(HddsDispatcher.java:172)
	at org.apache.hadoop.ozone.container.common.transport.server.GrpcXceiverService$1.onNext(GrpcXceiverService.java:57)
	at org.apache.hadoop.ozone.container.common.transport.server.GrpcXceiverService$1.onNext(GrpcXceiverService.java:50)
	at org.apache.ratis.thirdparty.io.grpc.stub.ServerCalls$StreamingServerCallHandler$StreamingServerCallListener.onMessage(ServerCalls.java:262)
	at org.apache.ratis.thirdparty.io.grpc.ForwardingServerCallListener.onMessage(ForwardingServerCallListener.java:33)
	at org.apache.hadoop.hdds.tracing.GrpcServerInterceptor$1.onMessage(GrpcServerInterceptor.java:49)
	at org.apache.ratis.thirdparty.io.grpc.internal.ServerCallImpl$ServerStreamListenerImpl.messagesAvailableInternal(ServerCallImpl.java:333)
	at org.apache.ratis.thirdparty.io.grpc.internal.ServerCallImpl$ServerStreamListenerImpl.messagesAvailable(ServerCallImpl.java:316)
	at org.apache.ratis.thirdparty.io.grpc.internal.ServerImpl$JumpToApplicationThreadServerStreamListener$1MessagesAvailable.runInContext(ServerImpl.java:835)
	at org.apache.ratis.thirdparty.io.grpc.internal.ContextRunnable.run(ContextRunnable.java:37)
	at org.apache.ratis.thirdparty.io.grpc.internal.SerializingExecutor.run(SerializingExecutor.java:133)
	at java.util.concurrent.ThreadPoolExecutor.runWorker(ThreadPoolExecutor.java:1149)
	at java.util.concurrent.ThreadPoolExecutor$Worker.run(ThreadPoolExecutor.java:624)
	at java.lang.Thread.run(Thread.java:750)
15:09:50.119 [ChunkReader-4] ERROR DNAudit - user=null | ip=null | op=GET_BLOCK {blockData=conID: 15 locID: 111677748019200191 bcsId: 122} | ret=FAILURE
java.lang.Exception: Unable to find the block with bcsID 122 .Container 15 bcsId is 120.
	at org.apache.hadoop.ozone.container.common.impl.HddsDispatcher.dispatchRequest(HddsDispatcher.java:392) ~[hdds-container-service-1.4.0-SNAPSHOT.jar:?]
	at org.apache.hadoop.ozone.container.common.impl.HddsDispatcher.lambda$dispatch$0(HddsDispatcher.java:173) ~[hdds-container-service-1.4.0-SNAPSHOT.jar:?]
	at org.apache.hadoop.hdds.server.OzoneProtocolMessageDispatcher.processRequest(OzoneProtocolMessageDispatcher.java:87) [hdds-server-framework-1.4.0-SNAPSHOT.jar:?]
	at org.apache.hadoop.ozone.container.common.impl.HddsDispatcher.dispatch(HddsDispatcher.java:172) [hdds-container-service-1.4.0-SNAPSHOT.jar:?]
	at org.apache.hadoop.ozone.container.common.transport.server.GrpcXceiverService$1.onNext(GrpcXceiverService.java:57) [hdds-container-service-1.4.0-SNAPSHOT.jar:?]
	at org.apache.hadoop.ozone.container.common.transport.server.GrpcXceiverService$1.onNext(GrpcXceiverService.java:50) [hdds-container-service-1.4.0-SNAPSHOT.jar:?]
	at org.apache.ratis.thirdparty.io.grpc.stub.ServerCalls$StreamingServerCallHandler$StreamingServerCallListener.onMessage(ServerCalls.java:262) [ratis-thirdparty-misc-1.0.4.jar:1.0.4]
	at org.apache.ratis.thirdparty.io.grpc.ForwardingServerCallListener.onMessage(ForwardingServerCallListener.java:33) [ratis-thirdparty-misc-1.0.4.jar:1.0.4]
	at org.apache.hadoop.hdds.tracing.GrpcServerInterceptor$1.onMessage(GrpcServerInterceptor.java:49) [hdds-common-1.4.0-SNAPSHOT.jar:?]
	at org.apache.ratis.thirdparty.io.grpc.internal.ServerCallImpl$ServerStreamListenerImpl.messagesAvailableInternal(ServerCallImpl.java:333) [ratis-thirdparty-misc-1.0.4.jar:1.0.4]
	at org.apache.ratis.thirdparty.io.grpc.internal.ServerCallImpl$ServerStreamListenerImpl.messagesAvailable(ServerCallImpl.java:316) [ratis-thirdparty-misc-1.0.4.jar:1.0.4]
	at org.apache.ratis.thirdparty.io.grpc.internal.ServerImpl$JumpToApplicationThreadServerStreamListener$1MessagesAvailable.runInContext(ServerImpl.java:835) [ratis-thirdparty-misc-1.0.4.jar:1.0.4]
	at org.apache.ratis.thirdparty.io.grpc.internal.ContextRunnable.run(ContextRunnable.java:37) [ratis-thirdparty-misc-1.0.4.jar:1.0.4]
	at org.apache.ratis.thirdparty.io.grpc.internal.SerializingExecutor.run(SerializingExecutor.java:133) [ratis-thirdparty-misc-1.0.4.jar:1.0.4]
	at java.util.concurrent.ThreadPoolExecutor.runWorker(ThreadPoolExecutor.java:1149) [?:1.8.0_372]
	at java.util.concurrent.ThreadPoolExecutor$Worker.run(ThreadPoolExecutor.java:624) [?:1.8.0_372]
	at java.lang.Thread.run(Thread.java:750) [?:1.8.0_372]
2023-06-23 15:09:50,120 [main] ERROR scm.XceiverClientGrpc (XceiverClientGrpc.java:sendCommandWithRetry(450)) - Failed to execute command GetBlock on the pipeline Pipeline[ Id: 1df6030e-1e9d-46cc-a2e8-a0561d40ed08, Nodes: 3d425f4c-b0a3-4337-aec0-a29136ea4685(fv-az424-541.i1gjr3zuz4qevjy1zin2gin2ih.gx.internal.cloudapp.net/10.1.0.34), ReplicationConfig: STANDALONE/ONE, State:OPEN, leaderId:3d425f4c-b0a3-4337-aec0-a29136ea4685, CreationTimestamp2023-06-23T15:09:05.194Z[Etc/UTC]].
2023-06-23 15:09:50,120 [main] INFO  storage.BlockInputStream (BlockInputStream.java:refreshBlockInfo(205)) - Unable to read information for block conID: 15 locID: 111677748019200191 bcsId: 122 from pipeline PipelineID=1df6030e-1e9d-46cc-a2e8-a0561d40ed08: Unable to find the block with bcsID 122 .Container 15 bcsId is 120.
2023-06-23 15:09:50,123 [IPC Server handler 16 on default port 15001] WARN  node.SCMNodeManager (SCMNodeManager.java:getNodesByAddress(1373)) - Cannot find node for address 127.0.0.1
2023-06-23 15:09:50,123 [IPC Server handler 6 on default port 15001] WARN  node.SCMNodeManager (SCMNodeManager.java:getNodesByAddress(1373)) - Cannot find node for address 127.0.0.1
2023-06-23 15:09:50,124 [IPC Server handler 10 on default port 15001] WARN  node.SCMNodeManager (SCMNodeManager.java:getNodesByAddress(1373)) - Cannot find node for address 127.0.0.1
2023-06-23 15:09:50,126 [ChunkReader-8] WARN  keyvalue.KeyValueHandler (ContainerUtils.java:logAndReturnError(95)) - Operation: GetBlock , Trace ID:  , Message: Unable to find the block with bcsID 122 .Container 15 bcsId is 120. , Result: UNKNOWN_BCSID , StorageContainerException Occurred.
org.apache.hadoop.hdds.scm.container.common.helpers.StorageContainerException: Unable to find the block with bcsID 122 .Container 15 bcsId is 120.
	at org.apache.hadoop.ozone.container.keyvalue.impl.BlockManagerImpl.getBlock(BlockManagerImpl.java:248)
	at org.apache.hadoop.ozone.container.keyvalue.KeyValueHandler.handleGetBlock(KeyValueHandler.java:583)
	at org.apache.hadoop.ozone.container.keyvalue.KeyValueHandler.dispatchRequest(KeyValueHandler.java:254)
	at org.apache.hadoop.ozone.container.keyvalue.KeyValueHandler.handle(KeyValueHandler.java:223)
	at org.apache.hadoop.ozone.container.common.impl.HddsDispatcher.dispatchRequest(HddsDispatcher.java:322)
	at org.apache.hadoop.ozone.container.common.impl.HddsDispatcher.lambda$dispatch$0(HddsDispatcher.java:173)
	at org.apache.hadoop.hdds.server.OzoneProtocolMessageDispatcher.processRequest(OzoneProtocolMessageDispatcher.java:87)
	at org.apache.hadoop.ozone.container.common.impl.HddsDispatcher.dispatch(HddsDispatcher.java:172)
	at org.apache.hadoop.ozone.container.common.transport.server.GrpcXceiverService$1.onNext(GrpcXceiverService.java:57)
	at org.apache.hadoop.ozone.container.common.transport.server.GrpcXceiverService$1.onNext(GrpcXceiverService.java:50)
	at org.apache.ratis.thirdparty.io.grpc.stub.ServerCalls$StreamingServerCallHandler$StreamingServerCallListener.onMessage(ServerCalls.java:262)
	at org.apache.ratis.thirdparty.io.grpc.ForwardingServerCallListener.onMessage(ForwardingServerCallListener.java:33)
	at org.apache.hadoop.hdds.tracing.GrpcServerInterceptor$1.onMessage(GrpcServerInterceptor.java:49)
	at org.apache.ratis.thirdparty.io.grpc.internal.ServerCallImpl$ServerStreamListenerImpl.messagesAvailableInternal(ServerCallImpl.java:333)
	at org.apache.ratis.thirdparty.io.grpc.internal.ServerCallImpl$ServerStreamListenerImpl.messagesAvailable(ServerCallImpl.java:316)
	at org.apache.ratis.thirdparty.io.grpc.internal.ServerImpl$JumpToApplicationThreadServerStreamListener$1MessagesAvailable.runInContext(ServerImpl.java:835)
	at org.apache.ratis.thirdparty.io.grpc.internal.ContextRunnable.run(ContextRunnable.java:37)
	at org.apache.ratis.thirdparty.io.grpc.internal.SerializingExecutor.run(SerializingExecutor.java:133)
	at java.util.concurrent.ThreadPoolExecutor.runWorker(ThreadPoolExecutor.java:1149)
	at java.util.concurrent.ThreadPoolExecutor$Worker.run(ThreadPoolExecutor.java:624)
	at java.lang.Thread.run(Thread.java:750)
15:09:50.126 [ChunkReader-8] ERROR DNAudit - user=null | ip=null | op=GET_BLOCK {blockData=conID: 15 locID: 111677748019200191 bcsId: 122} | ret=FAILURE
java.lang.Exception: Unable to find the block with bcsID 122 .Container 15 bcsId is 120.
	at org.apache.hadoop.ozone.container.common.impl.HddsDispatcher.dispatchRequest(HddsDispatcher.java:392) ~[hdds-container-service-1.4.0-SNAPSHOT.jar:?]
	at org.apache.hadoop.ozone.container.common.impl.HddsDispatcher.lambda$dispatch$0(HddsDispatcher.java:173) ~[hdds-container-service-1.4.0-SNAPSHOT.jar:?]
	at org.apache.hadoop.hdds.server.OzoneProtocolMessageDispatcher.processRequest(OzoneProtocolMessageDispatcher.java:87) [hdds-server-framework-1.4.0-SNAPSHOT.jar:?]
	at org.apache.hadoop.ozone.container.common.impl.HddsDispatcher.dispatch(HddsDispatcher.java:172) [hdds-container-service-1.4.0-SNAPSHOT.jar:?]
	at org.apache.hadoop.ozone.container.common.transport.server.GrpcXceiverService$1.onNext(GrpcXceiverService.java:57) [hdds-container-service-1.4.0-SNAPSHOT.jar:?]
	at org.apache.hadoop.ozone.container.common.transport.server.GrpcXceiverService$1.onNext(GrpcXceiverService.java:50) [hdds-container-service-1.4.0-SNAPSHOT.jar:?]
	at org.apache.ratis.thirdparty.io.grpc.stub.ServerCalls$StreamingServerCallHandler$StreamingServerCallListener.onMessage(ServerCalls.java:262) [ratis-thirdparty-misc-1.0.4.jar:1.0.4]
	at org.apache.ratis.thirdparty.io.grpc.ForwardingServerCallListener.onMessage(ForwardingServerCallListener.java:33) [ratis-thirdparty-misc-1.0.4.jar:1.0.4]
	at org.apache.hadoop.hdds.tracing.GrpcServerInterceptor$1.onMessage(GrpcServerInterceptor.java:49) [hdds-common-1.4.0-SNAPSHOT.jar:?]
	at org.apache.ratis.thirdparty.io.grpc.internal.ServerCallImpl$ServerStreamListenerImpl.messagesAvailableInternal(ServerCallImpl.java:333) [ratis-thirdparty-misc-1.0.4.jar:1.0.4]
	at org.apache.ratis.thirdparty.io.grpc.internal.ServerCallImpl$ServerStreamListenerImpl.messagesAvailable(ServerCallImpl.java:316) [ratis-thirdparty-misc-1.0.4.jar:1.0.4]
	at org.apache.ratis.thirdparty.io.grpc.internal.ServerImpl$JumpToApplicationThreadServerStreamListener$1MessagesAvailable.runInContext(ServerImpl.java:835) [ratis-thirdparty-misc-1.0.4.jar:1.0.4]
	at org.apache.ratis.thirdparty.io.grpc.internal.ContextRunnable.run(ContextRunnable.java:37) [ratis-thirdparty-misc-1.0.4.jar:1.0.4]
	at org.apache.ratis.thirdparty.io.grpc.internal.SerializingExecutor.run(SerializingExecutor.java:133) [ratis-thirdparty-misc-1.0.4.jar:1.0.4]
	at java.util.concurrent.ThreadPoolExecutor.runWorker(ThreadPoolExecutor.java:1149) [?:1.8.0_372]
	at java.util.concurrent.ThreadPoolExecutor$Worker.run(ThreadPoolExecutor.java:624) [?:1.8.0_372]
	at java.lang.Thread.run(Thread.java:750) [?:1.8.0_372]
2023-06-23 15:09:50,127 [main] ERROR scm.XceiverClientGrpc (XceiverClientGrpc.java:sendCommandWithRetry(450)) - Failed to execute command GetBlock on the pipeline Pipeline[ Id: 1df6030e-1e9d-46cc-a2e8-a0561d40ed08, Nodes: 3d425f4c-b0a3-4337-aec0-a29136ea4685(fv-az424-541.i1gjr3zuz4qevjy1zin2gin2ih.gx.internal.cloudapp.net/10.1.0.34), ReplicationConfig: STANDALONE/ONE, State:OPEN, leaderId:3d425f4c-b0a3-4337-aec0-a29136ea4685, CreationTimestamp2023-06-23T15:09:05.194Z[Etc/UTC]].
2023-06-23 15:09:50,127 [main] INFO  storage.BlockInputStream (BlockInputStream.java:refreshBlockInfo(205)) - Unable to read information for block conID: 15 locID: 111677748019200191 bcsId: 122 from pipeline PipelineID=1df6030e-1e9d-46cc-a2e8-a0561d40ed08: Unable to find the block with bcsID 122 .Container 15 bcsId is 120.
2023-06-23 15:09:50,129 [IPC Server handler 14 on default port 15001] WARN  node.SCMNodeManager (SCMNodeManager.java:getNodesByAddress(1373)) - Cannot find node for address 127.0.0.1
2023-06-23 15:09:50,130 [IPC Server handler 7 on default port 15001] WARN  node.SCMNodeManager (SCMNodeManager.java:getNodesByAddress(1373)) - Cannot find node for address 127.0.0.1
2023-06-23 15:09:50,131 [IPC Server handler 3 on default port 15001] WARN  node.SCMNodeManager (SCMNodeManager.java:getNodesByAddress(1373)) - Cannot find node for address 127.0.0.1
]]></system-out>
  </testcase>
  <testcase name="testMPUwithThreePartsOverride" classname="TestOzoneAtRestEncryption" time="4.268">
    <system-out><![CDATA[2023-06-23 15:09:35,430 [main] INFO  rpc.RpcClient (RpcClient.java:createVolume(459)) - Creating Volume: 296ca994-c244-4f37-8f0b-28444427cd28, with runner as owner and space quota set to -1 bytes, counts quota set to -1
2023-06-23 15:09:35,436 [OM StateMachine ApplyTransaction Thread - 0] INFO  volume.OMVolumeCreateRequest (OMVolumeCreateRequest.java:validateAndUpdateCache(196)) - created volume:296ca994-c244-4f37-8f0b-28444427cd28 for user:runner
2023-06-23 15:09:35,440 [main] INFO  rpc.RpcClient (RpcClient.java:createBucket(686)) - Creating Bucket: 296ca994-c244-4f37-8f0b-28444427cd28/78ecdc5c-4ddd-4436-afb2-6bb5e4ca6b26, with bucket layout FILE_SYSTEM_OPTIMIZED, runner as owner, Versioning false, Storage Type set to DISK and Encryption set to true, Replication Type set to server-side default replication type, Namespace Quota set to -1, Space Quota set to -1 
2023-06-23 15:09:35,459 [qtp577682023-20] INFO  kms-audit (SimpleKMSAuditLogger.java:logAuditSimpleFormat(93)) - OK[op=GET_METADATA, key=key1, user=runner] 
2023-06-23 15:09:35,464 [OM StateMachine ApplyTransaction Thread - 0] INFO  bucket.OMBucketCreateRequest (OMBucketCreateRequest.java:validateAndUpdateCache(270)) - created bucket: 78ecdc5c-4ddd-4436-afb2-6bb5e4ca6b26 of layout FILE_SYSTEM_OPTIMIZED in volume: 296ca994-c244-4f37-8f0b-28444427cd28
2023-06-23 15:09:36,688 [OM StateMachine ApplyTransaction Thread - 0] DEBUG db.CodecBuffer (CodecBuffer.java:setCapacity(212)) - setCapacity: 4096 -> 10920, max=2147483647
2023-06-23 15:09:36,697 [OM StateMachine ApplyTransaction Thread - 0] DEBUG db.CodecBuffer (CodecBuffer.java:setCapacity(212)) - setCapacity: 4096 -> 20588, max=2147483647
2023-06-23 15:09:36,709 [IPC Server handler 14 on default port 15001] WARN  node.SCMNodeManager (SCMNodeManager.java:getNodesByAddress(1373)) - Cannot find node for address 127.0.0.1
2023-06-23 15:09:36,710 [IPC Server handler 7 on default port 15001] WARN  node.SCMNodeManager (SCMNodeManager.java:getNodesByAddress(1373)) - Cannot find node for address 127.0.0.1
2023-06-23 15:09:36,711 [IPC Server handler 3 on default port 15001] WARN  node.SCMNodeManager (SCMNodeManager.java:getNodesByAddress(1373)) - Cannot find node for address 127.0.0.1
2023-06-23 15:09:36,712 [IPC Server handler 17 on default port 15001] WARN  node.SCMNodeManager (SCMNodeManager.java:getNodesByAddress(1373)) - Cannot find node for address 127.0.0.1
2023-06-23 15:09:36,713 [IPC Server handler 9 on default port 15001] WARN  node.SCMNodeManager (SCMNodeManager.java:getNodesByAddress(1373)) - Cannot find node for address 127.0.0.1
2023-06-23 15:09:36,714 [IPC Server handler 15 on default port 15001] WARN  node.SCMNodeManager (SCMNodeManager.java:getNodesByAddress(1373)) - Cannot find node for address 127.0.0.1
2023-06-23 15:09:36,715 [IPC Server handler 2 on default port 15001] WARN  node.SCMNodeManager (SCMNodeManager.java:getNodesByAddress(1373)) - Cannot find node for address 127.0.0.1
2023-06-23 15:09:36,715 [IPC Server handler 4 on default port 15001] WARN  node.SCMNodeManager (SCMNodeManager.java:getNodesByAddress(1373)) - Cannot find node for address 127.0.0.1
2023-06-23 15:09:36,716 [IPC Server handler 18 on default port 15001] WARN  node.SCMNodeManager (SCMNodeManager.java:getNodesByAddress(1373)) - Cannot find node for address 127.0.0.1
2023-06-23 15:09:36,717 [IPC Server handler 5 on default port 15001] WARN  node.SCMNodeManager (SCMNodeManager.java:getNodesByAddress(1373)) - Cannot find node for address 127.0.0.1
2023-06-23 15:09:37,556 [kms-audit_thread] INFO  kms-audit (SimpleKMSAuditLogger.java:logAuditEvent(59)) - OK[op=DECRYPT_EEK, key=key1, user=runner, accessCount=13, interval=20628ms] 
2023-06-23 15:09:38,635 [OM StateMachine ApplyTransaction Thread - 0] DEBUG db.CodecBuffer (CodecBuffer.java:setCapacity(212)) - setCapacity: 4096 -> 10929, max=2147483647
2023-06-23 15:09:38,642 [OM StateMachine ApplyTransaction Thread - 0] DEBUG db.CodecBuffer (CodecBuffer.java:setCapacity(212)) - setCapacity: 4096 -> 20612, max=2147483647
2023-06-23 15:09:38,657 [IPC Server handler 16 on default port 15001] WARN  node.SCMNodeManager (SCMNodeManager.java:getNodesByAddress(1373)) - Cannot find node for address 127.0.0.1
2023-06-23 15:09:38,658 [IPC Server handler 6 on default port 15001] WARN  node.SCMNodeManager (SCMNodeManager.java:getNodesByAddress(1373)) - Cannot find node for address 127.0.0.1
2023-06-23 15:09:38,659 [IPC Server handler 10 on default port 15001] WARN  node.SCMNodeManager (SCMNodeManager.java:getNodesByAddress(1373)) - Cannot find node for address 127.0.0.1
2023-06-23 15:09:38,660 [IPC Server handler 14 on default port 15001] WARN  node.SCMNodeManager (SCMNodeManager.java:getNodesByAddress(1373)) - Cannot find node for address 127.0.0.1
2023-06-23 15:09:38,660 [IPC Server handler 7 on default port 15001] WARN  node.SCMNodeManager (SCMNodeManager.java:getNodesByAddress(1373)) - Cannot find node for address 127.0.0.1
2023-06-23 15:09:38,661 [IPC Server handler 3 on default port 15001] WARN  node.SCMNodeManager (SCMNodeManager.java:getNodesByAddress(1373)) - Cannot find node for address 127.0.0.1
2023-06-23 15:09:38,662 [IPC Server handler 17 on default port 15001] WARN  node.SCMNodeManager (SCMNodeManager.java:getNodesByAddress(1373)) - Cannot find node for address 127.0.0.1
2023-06-23 15:09:38,663 [IPC Server handler 9 on default port 15001] WARN  node.SCMNodeManager (SCMNodeManager.java:getNodesByAddress(1373)) - Cannot find node for address 127.0.0.1
2023-06-23 15:09:38,664 [IPC Server handler 15 on default port 15001] WARN  node.SCMNodeManager (SCMNodeManager.java:getNodesByAddress(1373)) - Cannot find node for address 127.0.0.1
]]></system-out>
  </testcase>
  <testcase name="testMPUwithThreePartsOverride" classname="TestOzoneAtRestEncryption" time="2.52">
    <system-out><![CDATA[2023-06-23 15:09:50,150 [main] INFO  rpc.RpcClient (RpcClient.java:createVolume(459)) - Creating Volume: 27d9a2d3-7bc9-4d3a-bbdb-c933ce073e37, with runner as owner and space quota set to -1 bytes, counts quota set to -1
2023-06-23 15:09:50,152 [OM StateMachine ApplyTransaction Thread - 0] INFO  volume.OMVolumeCreateRequest (OMVolumeCreateRequest.java:validateAndUpdateCache(196)) - created volume:27d9a2d3-7bc9-4d3a-bbdb-c933ce073e37 for user:runner
2023-06-23 15:09:50,157 [main] INFO  rpc.RpcClient (RpcClient.java:createBucket(686)) - Creating Bucket: 27d9a2d3-7bc9-4d3a-bbdb-c933ce073e37/05aa490e-31fa-4b9c-abf6-105bef51eb08, with bucket layout OBJECT_STORE, runner as owner, Versioning false, Storage Type set to DISK and Encryption set to true, Replication Type set to server-side default replication type, Namespace Quota set to -1, Space Quota set to -1 
2023-06-23 15:09:50,174 [qtp577682023-21] INFO  kms-audit (SimpleKMSAuditLogger.java:logAuditSimpleFormat(93)) - OK[op=GET_METADATA, key=key1, user=runner] 
2023-06-23 15:09:50,178 [OM StateMachine ApplyTransaction Thread - 0] INFO  bucket.OMBucketCreateRequest (OMBucketCreateRequest.java:validateAndUpdateCache(270)) - created bucket: 05aa490e-31fa-4b9c-abf6-105bef51eb08 of layout OBJECT_STORE in volume: 27d9a2d3-7bc9-4d3a-bbdb-c933ce073e37
2023-06-23 15:09:50,759 [OM StateMachine ApplyTransaction Thread - 0] DEBUG db.CodecBuffer (CodecBuffer.java:setCapacity(212)) - setCapacity: 4096 -> 10910, max=2147483647
2023-06-23 15:09:50,763 [OM StateMachine ApplyTransaction Thread - 0] DEBUG db.CodecBuffer (CodecBuffer.java:setCapacity(212)) - setCapacity: 4096 -> 20593, max=2147483647
2023-06-23 15:09:50,767 [IPC Server handler 13 on default port 15001] WARN  node.SCMNodeManager (SCMNodeManager.java:getNodesByAddress(1373)) - Cannot find node for address 127.0.0.1
2023-06-23 15:09:50,768 [IPC Server handler 11 on default port 15001] WARN  node.SCMNodeManager (SCMNodeManager.java:getNodesByAddress(1373)) - Cannot find node for address 127.0.0.1
2023-06-23 15:09:50,768 [IPC Server handler 1 on default port 15001] WARN  node.SCMNodeManager (SCMNodeManager.java:getNodesByAddress(1373)) - Cannot find node for address 127.0.0.1
2023-06-23 15:09:50,769 [IPC Server handler 8 on default port 15001] WARN  node.SCMNodeManager (SCMNodeManager.java:getNodesByAddress(1373)) - Cannot find node for address 127.0.0.1
2023-06-23 15:09:50,770 [IPC Server handler 12 on default port 15001] WARN  node.SCMNodeManager (SCMNodeManager.java:getNodesByAddress(1373)) - Cannot find node for address 127.0.0.1
2023-06-23 15:09:50,770 [IPC Server handler 19 on default port 15001] WARN  node.SCMNodeManager (SCMNodeManager.java:getNodesByAddress(1373)) - Cannot find node for address 127.0.0.1
2023-06-23 15:09:50,771 [IPC Server handler 0 on default port 15001] WARN  node.SCMNodeManager (SCMNodeManager.java:getNodesByAddress(1373)) - Cannot find node for address 127.0.0.1
2023-06-23 15:09:50,771 [IPC Server handler 16 on default port 15001] WARN  node.SCMNodeManager (SCMNodeManager.java:getNodesByAddress(1373)) - Cannot find node for address 127.0.0.1
2023-06-23 15:09:50,772 [IPC Server handler 6 on default port 15001] WARN  node.SCMNodeManager (SCMNodeManager.java:getNodesByAddress(1373)) - Cannot find node for address 127.0.0.1
2023-06-23 15:09:50,773 [IPC Server handler 10 on default port 15001] WARN  node.SCMNodeManager (SCMNodeManager.java:getNodesByAddress(1373)) - Cannot find node for address 127.0.0.1
2023-06-23 15:09:51,951 [OM StateMachine ApplyTransaction Thread - 0] DEBUG db.CodecBuffer (CodecBuffer.java:setCapacity(212)) - setCapacity: 4096 -> 10899, max=2147483647
2023-06-23 15:09:51,956 [OM StateMachine ApplyTransaction Thread - 0] DEBUG db.CodecBuffer (CodecBuffer.java:setCapacity(212)) - setCapacity: 4096 -> 20572, max=2147483647
2023-06-23 15:09:51,963 [IPC Server handler 11 on default port 15001] WARN  node.SCMNodeManager (SCMNodeManager.java:getNodesByAddress(1373)) - Cannot find node for address 127.0.0.1
2023-06-23 15:09:51,964 [IPC Server handler 1 on default port 15001] WARN  node.SCMNodeManager (SCMNodeManager.java:getNodesByAddress(1373)) - Cannot find node for address 127.0.0.1
2023-06-23 15:09:51,964 [IPC Server handler 8 on default port 15001] WARN  node.SCMNodeManager (SCMNodeManager.java:getNodesByAddress(1373)) - Cannot find node for address 127.0.0.1
2023-06-23 15:09:51,965 [IPC Server handler 12 on default port 15001] WARN  node.SCMNodeManager (SCMNodeManager.java:getNodesByAddress(1373)) - Cannot find node for address 127.0.0.1
2023-06-23 15:09:51,965 [IPC Server handler 19 on default port 15001] WARN  node.SCMNodeManager (SCMNodeManager.java:getNodesByAddress(1373)) - Cannot find node for address 127.0.0.1
2023-06-23 15:09:51,966 [IPC Server handler 0 on default port 15001] WARN  node.SCMNodeManager (SCMNodeManager.java:getNodesByAddress(1373)) - Cannot find node for address 127.0.0.1
2023-06-23 15:09:51,966 [IPC Server handler 16 on default port 15001] WARN  node.SCMNodeManager (SCMNodeManager.java:getNodesByAddress(1373)) - Cannot find node for address 127.0.0.1
2023-06-23 15:09:51,967 [IPC Server handler 6 on default port 15001] WARN  node.SCMNodeManager (SCMNodeManager.java:getNodesByAddress(1373)) - Cannot find node for address 127.0.0.1
2023-06-23 15:09:51,968 [IPC Server handler 10 on default port 15001] WARN  node.SCMNodeManager (SCMNodeManager.java:getNodesByAddress(1373)) - Cannot find node for address 127.0.0.1
]]></system-out>
  </testcase>
  <testcase name="testMPUwithTwoStreamParts" classname="TestOzoneAtRestEncryption" time="2.664">
    <system-out><![CDATA[2023-06-23 15:09:39,699 [main] INFO  rpc.RpcClient (RpcClient.java:createVolume(459)) - Creating Volume: 3f8bf945-6472-458f-a6aa-8bc3a87d518e, with runner as owner and space quota set to -1 bytes, counts quota set to -1
2023-06-23 15:09:39,703 [OM StateMachine ApplyTransaction Thread - 0] INFO  volume.OMVolumeCreateRequest (OMVolumeCreateRequest.java:validateAndUpdateCache(196)) - created volume:3f8bf945-6472-458f-a6aa-8bc3a87d518e for user:runner
2023-06-23 15:09:39,706 [main] INFO  rpc.RpcClient (RpcClient.java:createBucket(686)) - Creating Bucket: 3f8bf945-6472-458f-a6aa-8bc3a87d518e/db920f75-d2f8-45fd-babb-fdf697e1b2f4, with bucket layout FILE_SYSTEM_OPTIMIZED, runner as owner, Versioning false, Storage Type set to DISK and Encryption set to true, Replication Type set to server-side default replication type, Namespace Quota set to -1, Space Quota set to -1 
2023-06-23 15:09:39,713 [qtp577682023-21] INFO  kms-audit (SimpleKMSAuditLogger.java:logAuditSimpleFormat(93)) - OK[op=GET_METADATA, key=key1, user=runner] 
2023-06-23 15:09:39,716 [OM StateMachine ApplyTransaction Thread - 0] INFO  bucket.OMBucketCreateRequest (OMBucketCreateRequest.java:validateAndUpdateCache(270)) - created bucket: db920f75-d2f8-45fd-babb-fdf697e1b2f4 of layout FILE_SYSTEM_OPTIMIZED in volume: 3f8bf945-6472-458f-a6aa-8bc3a87d518e
2023-06-23 15:09:39,752 [main] INFO  client.DataStreamClient (ConfUtils.java:logGet(46)) - raft.datastream.type = NETTY (custom)
2023-06-23 15:09:39,752 [main] INFO  netty.NettyConfigKeys$DataStream (ConfUtils.java:logGet(46)) - raft.netty.dataStream.client.tls.conf = null (default)
2023-06-23 15:09:39,752 [main] INFO  netty.NettyConfigKeys$DataStream (ConfUtils.java:logGet(46)) - raft.netty.dataStream.client.reply.queue.grace-period = 1s (default)
2023-06-23 15:09:39,752 [main] INFO  netty.NettyConfigKeys$DataStream (ConfUtils.java:logGet(46)) - raft.netty.dataStream.client.worker-group.share = false (default)
2023-06-23 15:09:39,752 [main] INFO  netty.NettyConfigKeys$DataStream (ConfUtils.java:logGet(46)) - raft.netty.dataStream.client.worker-group.size = 4 (default)
2023-06-23 15:09:39,759 [1f6e8c2c-f646-4632-8e05-148bee690267-NettyServerStreamRpc-bossGroup--thread1] INFO  logging.LoggingHandler (AbstractInternalLogger.java:log(148)) - [id: 0x9d28eb19, L:/0:0:0:0:0:0:0:0:15087] READ: [id: 0xd8c56556, L:/10.1.0.34:15087 - R:/10.1.0.34:36780]
2023-06-23 15:09:39,766 [1f6e8c2c-f646-4632-8e05-148bee690267-NettyServerStreamRpc-bossGroup--thread1] INFO  logging.LoggingHandler (AbstractInternalLogger.java:log(148)) - [id: 0x9d28eb19, L:/0:0:0:0:0:0:0:0:15087] READ COMPLETE
2023-06-23 15:09:39,857 [main] INFO  client.DataStreamClient (ConfUtils.java:logGet(46)) - raft.datastream.type = NETTY (custom)
2023-06-23 15:09:39,857 [main] INFO  netty.NettyConfigKeys$DataStream (ConfUtils.java:logGet(46)) - raft.netty.dataStream.client.tls.conf = null (default)
2023-06-23 15:09:39,857 [main] INFO  netty.NettyConfigKeys$DataStream (ConfUtils.java:logGet(46)) - raft.netty.dataStream.client.reply.queue.grace-period = 1s (default)
2023-06-23 15:09:39,857 [main] INFO  netty.NettyConfigKeys$DataStream (ConfUtils.java:logGet(46)) - raft.netty.dataStream.client.worker-group.share = false (default)
2023-06-23 15:09:39,857 [main] INFO  netty.NettyConfigKeys$DataStream (ConfUtils.java:logGet(46)) - raft.netty.dataStream.client.worker-group.size = 4 (default)
2023-06-23 15:09:39,864 [00be7989-d8c1-4a83-aaf0-c8ed794c287b-NettyServerStreamRpc-bossGroup--thread1] INFO  logging.LoggingHandler (AbstractInternalLogger.java:log(148)) - [id: 0x4de571dc, L:/0:0:0:0:0:0:0:0:15042] READ: [id: 0x3fa6b75e, L:/10.1.0.34:15042 - R:/10.1.0.34:56624]
2023-06-23 15:09:39,868 [00be7989-d8c1-4a83-aaf0-c8ed794c287b-NettyServerStreamRpc-bossGroup--thread1] INFO  logging.LoggingHandler (AbstractInternalLogger.java:log(148)) - [id: 0x4de571dc, L:/0:0:0:0:0:0:0:0:15042] READ COMPLETE
2023-06-23 15:09:40,326 [main] INFO  client.DataStreamClient (ConfUtils.java:logGet(46)) - raft.datastream.type = NETTY (custom)
2023-06-23 15:09:40,327 [main] INFO  netty.NettyConfigKeys$DataStream (ConfUtils.java:logGet(46)) - raft.netty.dataStream.client.tls.conf = null (default)
2023-06-23 15:09:40,327 [main] INFO  netty.NettyConfigKeys$DataStream (ConfUtils.java:logGet(46)) - raft.netty.dataStream.client.reply.queue.grace-period = 1s (default)
2023-06-23 15:09:40,327 [main] INFO  netty.NettyConfigKeys$DataStream (ConfUtils.java:logGet(46)) - raft.netty.dataStream.client.worker-group.share = false (default)
2023-06-23 15:09:40,327 [main] INFO  netty.NettyConfigKeys$DataStream (ConfUtils.java:logGet(46)) - raft.netty.dataStream.client.worker-group.size = 4 (default)
2023-06-23 15:09:40,331 [8f274f01-9fb1-4f6a-9095-80f32b07f498-NettyServerStreamRpc-bossGroup--thread1] INFO  logging.LoggingHandler (AbstractInternalLogger.java:log(148)) - [id: 0xdfda4ae2, L:/0:0:0:0:0:0:0:0:15069] READ: [id: 0xbaea3b90, L:/10.1.0.34:15069 - R:/10.1.0.34:57088]
2023-06-23 15:09:40,332 [8f274f01-9fb1-4f6a-9095-80f32b07f498-NettyServerStreamRpc-bossGroup--thread1] INFO  logging.LoggingHandler (AbstractInternalLogger.java:log(148)) - [id: 0xdfda4ae2, L:/0:0:0:0:0:0:0:0:15069] READ COMPLETE
2023-06-23 15:09:40,540 [main] INFO  client.DataStreamClient (ConfUtils.java:logGet(46)) - raft.datastream.type = NETTY (custom)
2023-06-23 15:09:40,540 [main] INFO  netty.NettyConfigKeys$DataStream (ConfUtils.java:logGet(46)) - raft.netty.dataStream.client.tls.conf = null (default)
2023-06-23 15:09:40,540 [main] INFO  netty.NettyConfigKeys$DataStream (ConfUtils.java:logGet(46)) - raft.netty.dataStream.client.reply.queue.grace-period = 1s (default)
2023-06-23 15:09:40,540 [main] INFO  netty.NettyConfigKeys$DataStream (ConfUtils.java:logGet(46)) - raft.netty.dataStream.client.worker-group.share = false (default)
2023-06-23 15:09:40,541 [main] INFO  netty.NettyConfigKeys$DataStream (ConfUtils.java:logGet(46)) - raft.netty.dataStream.client.worker-group.size = 4 (default)
2023-06-23 15:09:40,548 [0c086b78-a0d4-4988-bd20-4088328bd4ca-NettyServerStreamRpc-bossGroup--thread1] INFO  logging.LoggingHandler (AbstractInternalLogger.java:log(148)) - [id: 0xa2a2b666, L:/0:0:0:0:0:0:0:0:15096] READ: [id: 0x41cf81c1, L:/10.1.0.34:15096 - R:/10.1.0.34:34576]
2023-06-23 15:09:40,552 [0c086b78-a0d4-4988-bd20-4088328bd4ca-NettyServerStreamRpc-bossGroup--thread1] INFO  logging.LoggingHandler (AbstractInternalLogger.java:log(148)) - [id: 0xa2a2b666, L:/0:0:0:0:0:0:0:0:15096] READ COMPLETE
2023-06-23 15:09:40,790 [OM StateMachine ApplyTransaction Thread - 0] DEBUG db.CodecBuffer (CodecBuffer.java:setCapacity(212)) - setCapacity: 4096 -> 10925, max=2147483647
2023-06-23 15:09:40,796 [IPC Server handler 18 on default port 15001] WARN  node.SCMNodeManager (SCMNodeManager.java:getNodesByAddress(1373)) - Cannot find node for address 127.0.0.1
2023-06-23 15:09:40,797 [IPC Server handler 5 on default port 15001] WARN  node.SCMNodeManager (SCMNodeManager.java:getNodesByAddress(1373)) - Cannot find node for address 127.0.0.1
2023-06-23 15:09:40,797 [IPC Server handler 13 on default port 15001] WARN  node.SCMNodeManager (SCMNodeManager.java:getNodesByAddress(1373)) - Cannot find node for address 127.0.0.1
2023-06-23 15:09:40,799 [IPC Server handler 11 on default port 15001] WARN  node.SCMNodeManager (SCMNodeManager.java:getNodesByAddress(1373)) - Cannot find node for address 127.0.0.1
2023-06-23 15:09:40,800 [IPC Server handler 1 on default port 15001] WARN  node.SCMNodeManager (SCMNodeManager.java:getNodesByAddress(1373)) - Cannot find node for address 127.0.0.1
2023-06-23 15:09:40,801 [IPC Server handler 8 on default port 15001] WARN  node.SCMNodeManager (SCMNodeManager.java:getNodesByAddress(1373)) - Cannot find node for address 127.0.0.1
2023-06-23 15:09:40,801 [IPC Server handler 12 on default port 15001] WARN  node.SCMNodeManager (SCMNodeManager.java:getNodesByAddress(1373)) - Cannot find node for address 127.0.0.1
2023-06-23 15:09:40,802 [IPC Server handler 19 on default port 15001] WARN  node.SCMNodeManager (SCMNodeManager.java:getNodesByAddress(1373)) - Cannot find node for address 127.0.0.1
]]></system-out>
  </testcase>
  <testcase name="testMPUwithTwoStreamParts" classname="TestOzoneAtRestEncryption" time="1.925">
    <system-out><![CDATA[2023-06-23 15:09:52,670 [main] INFO  rpc.RpcClient (RpcClient.java:createVolume(459)) - Creating Volume: 6785d7f7-67ad-4dc2-a24e-37c7d3fef3af, with runner as owner and space quota set to -1 bytes, counts quota set to -1
2023-06-23 15:09:52,676 [OM StateMachine ApplyTransaction Thread - 0] INFO  volume.OMVolumeCreateRequest (OMVolumeCreateRequest.java:validateAndUpdateCache(196)) - created volume:6785d7f7-67ad-4dc2-a24e-37c7d3fef3af for user:runner
2023-06-23 15:09:52,681 [main] INFO  rpc.RpcClient (RpcClient.java:createBucket(686)) - Creating Bucket: 6785d7f7-67ad-4dc2-a24e-37c7d3fef3af/7ce58104-5418-42cf-98ce-1cc0fd1f6964, with bucket layout OBJECT_STORE, runner as owner, Versioning false, Storage Type set to DISK and Encryption set to true, Replication Type set to server-side default replication type, Namespace Quota set to -1, Space Quota set to -1 
2023-06-23 15:09:52,683 [qtp577682023-21] INFO  kms-audit (SimpleKMSAuditLogger.java:logAuditSimpleFormat(93)) - OK[op=GET_METADATA, key=key1, user=runner] 
2023-06-23 15:09:52,686 [OM StateMachine ApplyTransaction Thread - 0] INFO  bucket.OMBucketCreateRequest (OMBucketCreateRequest.java:validateAndUpdateCache(270)) - created bucket: 7ce58104-5418-42cf-98ce-1cc0fd1f6964 of layout OBJECT_STORE in volume: 6785d7f7-67ad-4dc2-a24e-37c7d3fef3af
2023-06-23 15:09:52,733 [main] INFO  client.DataStreamClient (ConfUtils.java:logGet(46)) - raft.datastream.type = NETTY (custom)
2023-06-23 15:09:52,733 [main] INFO  netty.NettyConfigKeys$DataStream (ConfUtils.java:logGet(46)) - raft.netty.dataStream.client.tls.conf = null (default)
2023-06-23 15:09:52,733 [main] INFO  netty.NettyConfigKeys$DataStream (ConfUtils.java:logGet(46)) - raft.netty.dataStream.client.reply.queue.grace-period = 1s (default)
2023-06-23 15:09:52,734 [main] INFO  netty.NettyConfigKeys$DataStream (ConfUtils.java:logGet(46)) - raft.netty.dataStream.client.worker-group.share = false (default)
2023-06-23 15:09:52,734 [main] INFO  netty.NettyConfigKeys$DataStream (ConfUtils.java:logGet(46)) - raft.netty.dataStream.client.worker-group.size = 4 (default)
2023-06-23 15:09:52,736 [aaefd232-7c4e-4e5c-bf06-1f2dae2e69ed-NettyServerStreamRpc-bossGroup--thread1] INFO  logging.LoggingHandler (AbstractInternalLogger.java:log(148)) - [id: 0xf2b1626c, L:/0:0:0:0:0:0:0:0:15051] READ: [id: 0xcd994fd7, L:/10.1.0.34:15051 - R:/10.1.0.34:45714]
2023-06-23 15:09:52,748 [aaefd232-7c4e-4e5c-bf06-1f2dae2e69ed-NettyServerStreamRpc-bossGroup--thread1] INFO  logging.LoggingHandler (AbstractInternalLogger.java:log(148)) - [id: 0xf2b1626c, L:/0:0:0:0:0:0:0:0:15051] READ COMPLETE
2023-06-23 15:09:52,773 [main] INFO  client.DataStreamClient (ConfUtils.java:logGet(46)) - raft.datastream.type = NETTY (custom)
2023-06-23 15:09:52,774 [main] INFO  netty.NettyConfigKeys$DataStream (ConfUtils.java:logGet(46)) - raft.netty.dataStream.client.tls.conf = null (default)
2023-06-23 15:09:52,774 [main] INFO  netty.NettyConfigKeys$DataStream (ConfUtils.java:logGet(46)) - raft.netty.dataStream.client.reply.queue.grace-period = 1s (default)
2023-06-23 15:09:52,774 [main] INFO  netty.NettyConfigKeys$DataStream (ConfUtils.java:logGet(46)) - raft.netty.dataStream.client.worker-group.share = false (default)
2023-06-23 15:09:52,774 [main] INFO  netty.NettyConfigKeys$DataStream (ConfUtils.java:logGet(46)) - raft.netty.dataStream.client.worker-group.size = 4 (default)
2023-06-23 15:09:52,776 [8f274f01-9fb1-4f6a-9095-80f32b07f498-NettyServerStreamRpc-bossGroup--thread1] INFO  logging.LoggingHandler (AbstractInternalLogger.java:log(148)) - [id: 0xdfda4ae2, L:/0:0:0:0:0:0:0:0:15069] READ: [id: 0xd4877614, L:/10.1.0.34:15069 - R:/10.1.0.34:35994]
2023-06-23 15:09:52,786 [8f274f01-9fb1-4f6a-9095-80f32b07f498-NettyServerStreamRpc-bossGroup--thread1] INFO  logging.LoggingHandler (AbstractInternalLogger.java:log(148)) - [id: 0xdfda4ae2, L:/0:0:0:0:0:0:0:0:15069] READ COMPLETE
2023-06-23 15:09:52,814 [main] INFO  client.DataStreamClient (ConfUtils.java:logGet(46)) - raft.datastream.type = NETTY (custom)
2023-06-23 15:09:52,814 [main] INFO  netty.NettyConfigKeys$DataStream (ConfUtils.java:logGet(46)) - raft.netty.dataStream.client.tls.conf = null (default)
2023-06-23 15:09:52,814 [main] INFO  netty.NettyConfigKeys$DataStream (ConfUtils.java:logGet(46)) - raft.netty.dataStream.client.reply.queue.grace-period = 1s (default)
2023-06-23 15:09:52,815 [main] INFO  netty.NettyConfigKeys$DataStream (ConfUtils.java:logGet(46)) - raft.netty.dataStream.client.worker-group.share = false (default)
2023-06-23 15:09:52,815 [main] INFO  netty.NettyConfigKeys$DataStream (ConfUtils.java:logGet(46)) - raft.netty.dataStream.client.worker-group.size = 4 (default)
2023-06-23 15:09:52,820 [af576844-0e82-4589-8eaa-8af09d83806e-NettyServerStreamRpc-bossGroup--thread1] INFO  logging.LoggingHandler (AbstractInternalLogger.java:log(148)) - [id: 0x329e5270, L:/0:0:0:0:0:0:0:0:15024] READ: [id: 0xd8340872, L:/10.1.0.34:15024 - R:/10.1.0.34:51450]
2023-06-23 15:09:52,825 [af576844-0e82-4589-8eaa-8af09d83806e-NettyServerStreamRpc-bossGroup--thread1] INFO  logging.LoggingHandler (AbstractInternalLogger.java:log(148)) - [id: 0x329e5270, L:/0:0:0:0:0:0:0:0:15024] READ COMPLETE
2023-06-23 15:09:52,863 [main] INFO  client.DataStreamClient (ConfUtils.java:logGet(46)) - raft.datastream.type = NETTY (custom)
2023-06-23 15:09:52,863 [main] INFO  netty.NettyConfigKeys$DataStream (ConfUtils.java:logGet(46)) - raft.netty.dataStream.client.tls.conf = null (default)
2023-06-23 15:09:52,863 [main] INFO  netty.NettyConfigKeys$DataStream (ConfUtils.java:logGet(46)) - raft.netty.dataStream.client.reply.queue.grace-period = 1s (default)
2023-06-23 15:09:52,864 [main] INFO  netty.NettyConfigKeys$DataStream (ConfUtils.java:logGet(46)) - raft.netty.dataStream.client.worker-group.share = false (default)
2023-06-23 15:09:52,864 [main] INFO  netty.NettyConfigKeys$DataStream (ConfUtils.java:logGet(46)) - raft.netty.dataStream.client.worker-group.size = 4 (default)
2023-06-23 15:09:52,866 [3f4ddf09-9f08-4efc-95be-1efd9e09d1d3-NettyServerStreamRpc-bossGroup--thread1] INFO  logging.LoggingHandler (AbstractInternalLogger.java:log(148)) - [id: 0x2f8d8a3a, L:/0:0:0:0:0:0:0:0:15033] READ: [id: 0x8690d2eb, L:/10.1.0.34:15033 - R:/10.1.0.34:39858]
2023-06-23 15:09:52,867 [3f4ddf09-9f08-4efc-95be-1efd9e09d1d3-NettyServerStreamRpc-bossGroup--thread1] INFO  logging.LoggingHandler (AbstractInternalLogger.java:log(148)) - [id: 0x2f8d8a3a, L:/0:0:0:0:0:0:0:0:15033] READ COMPLETE
2023-06-23 15:09:52,904 [main] INFO  client.DataStreamClient (ConfUtils.java:logGet(46)) - raft.datastream.type = NETTY (custom)
2023-06-23 15:09:52,905 [main] INFO  netty.NettyConfigKeys$DataStream (ConfUtils.java:logGet(46)) - raft.netty.dataStream.client.tls.conf = null (default)
2023-06-23 15:09:52,905 [main] INFO  netty.NettyConfigKeys$DataStream (ConfUtils.java:logGet(46)) - raft.netty.dataStream.client.reply.queue.grace-period = 1s (default)
2023-06-23 15:09:52,905 [main] INFO  netty.NettyConfigKeys$DataStream (ConfUtils.java:logGet(46)) - raft.netty.dataStream.client.worker-group.share = false (default)
2023-06-23 15:09:52,905 [main] INFO  netty.NettyConfigKeys$DataStream (ConfUtils.java:logGet(46)) - raft.netty.dataStream.client.worker-group.size = 4 (default)
2023-06-23 15:09:52,931 [0c086b78-a0d4-4988-bd20-4088328bd4ca-NettyServerStreamRpc-bossGroup--thread1] INFO  logging.LoggingHandler (AbstractInternalLogger.java:log(148)) - [id: 0xa2a2b666, L:/0:0:0:0:0:0:0:0:15096] READ: [id: 0x69e9dabd, L:/10.1.0.34:15096 - R:/10.1.0.34:40880]
2023-06-23 15:09:52,935 [0c086b78-a0d4-4988-bd20-4088328bd4ca-NettyServerStreamRpc-bossGroup--thread1] INFO  logging.LoggingHandler (AbstractInternalLogger.java:log(148)) - [id: 0xa2a2b666, L:/0:0:0:0:0:0:0:0:15096] READ COMPLETE
2023-06-23 15:09:52,976 [main] INFO  client.DataStreamClient (ConfUtils.java:logGet(46)) - raft.datastream.type = NETTY (custom)
2023-06-23 15:09:52,976 [main] INFO  netty.NettyConfigKeys$DataStream (ConfUtils.java:logGet(46)) - raft.netty.dataStream.client.tls.conf = null (default)
2023-06-23 15:09:52,976 [main] INFO  netty.NettyConfigKeys$DataStream (ConfUtils.java:logGet(46)) - raft.netty.dataStream.client.reply.queue.grace-period = 1s (default)
2023-06-23 15:09:52,976 [main] INFO  netty.NettyConfigKeys$DataStream (ConfUtils.java:logGet(46)) - raft.netty.dataStream.client.worker-group.share = false (default)
2023-06-23 15:09:52,976 [main] INFO  netty.NettyConfigKeys$DataStream (ConfUtils.java:logGet(46)) - raft.netty.dataStream.client.worker-group.size = 4 (default)
2023-06-23 15:09:52,980 [9f5088ea-8577-40bb-8f98-2a64f0190639-NettyServerStreamRpc-bossGroup--thread1] INFO  logging.LoggingHandler (AbstractInternalLogger.java:log(148)) - [id: 0x5f61dc87, L:/0:0:0:0:0:0:0:0:15078] READ: [id: 0x8f441aab, L:/10.1.0.34:15078 - R:/10.1.0.34:56488]
2023-06-23 15:09:52,983 [9f5088ea-8577-40bb-8f98-2a64f0190639-NettyServerStreamRpc-bossGroup--thread1] INFO  logging.LoggingHandler (AbstractInternalLogger.java:log(148)) - [id: 0x5f61dc87, L:/0:0:0:0:0:0:0:0:15078] READ COMPLETE
2023-06-23 15:09:53,220 [OM StateMachine ApplyTransaction Thread - 0] DEBUG db.CodecBuffer (CodecBuffer.java:setCapacity(212)) - setCapacity: 4096 -> 10921, max=2147483647
2023-06-23 15:09:53,224 [IPC Server handler 18 on default port 15001] WARN  node.SCMNodeManager (SCMNodeManager.java:getNodesByAddress(1373)) - Cannot find node for address 127.0.0.1
2023-06-23 15:09:53,224 [IPC Server handler 5 on default port 15001] WARN  node.SCMNodeManager (SCMNodeManager.java:getNodesByAddress(1373)) - Cannot find node for address 127.0.0.1
2023-06-23 15:09:53,225 [IPC Server handler 13 on default port 15001] WARN  node.SCMNodeManager (SCMNodeManager.java:getNodesByAddress(1373)) - Cannot find node for address 127.0.0.1
2023-06-23 15:09:53,225 [IPC Server handler 12 on default port 15001] WARN  node.SCMNodeManager (SCMNodeManager.java:getNodesByAddress(1373)) - Cannot find node for address 127.0.0.1
2023-06-23 15:09:53,226 [IPC Server handler 8 on default port 15001] WARN  node.SCMNodeManager (SCMNodeManager.java:getNodesByAddress(1373)) - Cannot find node for address 127.0.0.1
2023-06-23 15:09:53,226 [IPC Server handler 19 on default port 15001] WARN  node.SCMNodeManager (SCMNodeManager.java:getNodesByAddress(1373)) - Cannot find node for address 127.0.0.1
2023-06-23 15:09:53,227 [IPC Server handler 1 on default port 15001] WARN  node.SCMNodeManager (SCMNodeManager.java:getNodesByAddress(1373)) - Cannot find node for address 127.0.0.1
2023-06-23 15:09:53,227 [IPC Server handler 0 on default port 15001] WARN  node.SCMNodeManager (SCMNodeManager.java:getNodesByAddress(1373)) - Cannot find node for address 127.0.0.1
]]></system-out>
  </testcase>
  <testcase name="testMPUwithThreeStreamPartsOverride" classname="TestOzoneAtRestEncryption" time="4.913">
    <system-out><![CDATA[2023-06-23 15:09:42,365 [main] INFO  rpc.RpcClient (RpcClient.java:createVolume(459)) - Creating Volume: 6b42ed62-52d8-4fd3-a034-4e7abab20656, with runner as owner and space quota set to -1 bytes, counts quota set to -1
2023-06-23 15:09:42,372 [OM StateMachine ApplyTransaction Thread - 0] INFO  volume.OMVolumeCreateRequest (OMVolumeCreateRequest.java:validateAndUpdateCache(196)) - created volume:6b42ed62-52d8-4fd3-a034-4e7abab20656 for user:runner
2023-06-23 15:09:42,376 [main] INFO  rpc.RpcClient (RpcClient.java:createBucket(686)) - Creating Bucket: 6b42ed62-52d8-4fd3-a034-4e7abab20656/a8524ef0-0783-4f83-910b-0e87c7fc772b, with bucket layout FILE_SYSTEM_OPTIMIZED, runner as owner, Versioning false, Storage Type set to DISK and Encryption set to true, Replication Type set to server-side default replication type, Namespace Quota set to -1, Space Quota set to -1 
2023-06-23 15:09:42,378 [qtp577682023-21] INFO  kms-audit (SimpleKMSAuditLogger.java:logAuditSimpleFormat(93)) - OK[op=GET_METADATA, key=key1, user=runner] 
2023-06-23 15:09:42,381 [OM StateMachine ApplyTransaction Thread - 0] INFO  bucket.OMBucketCreateRequest (OMBucketCreateRequest.java:validateAndUpdateCache(270)) - created bucket: a8524ef0-0783-4f83-910b-0e87c7fc772b of layout FILE_SYSTEM_OPTIMIZED in volume: 6b42ed62-52d8-4fd3-a034-4e7abab20656
2023-06-23 15:09:43,020 [OM StateMachine ApplyTransaction Thread - 0] DEBUG db.CodecBuffer (CodecBuffer.java:setCapacity(212)) - setCapacity: 4096 -> 10930, max=2147483647
2023-06-23 15:09:43,026 [OM StateMachine ApplyTransaction Thread - 0] DEBUG db.CodecBuffer (CodecBuffer.java:setCapacity(212)) - setCapacity: 4096 -> 20623, max=2147483647
2023-06-23 15:09:43,032 [IPC Server handler 15 on default port 15001] WARN  node.SCMNodeManager (SCMNodeManager.java:getNodesByAddress(1373)) - Cannot find node for address 127.0.0.1
2023-06-23 15:09:43,032 [IPC Server handler 2 on default port 15001] WARN  node.SCMNodeManager (SCMNodeManager.java:getNodesByAddress(1373)) - Cannot find node for address 127.0.0.1
2023-06-23 15:09:43,033 [IPC Server handler 4 on default port 15001] WARN  node.SCMNodeManager (SCMNodeManager.java:getNodesByAddress(1373)) - Cannot find node for address 127.0.0.1
2023-06-23 15:09:43,034 [IPC Server handler 18 on default port 15001] WARN  node.SCMNodeManager (SCMNodeManager.java:getNodesByAddress(1373)) - Cannot find node for address 127.0.0.1
2023-06-23 15:09:43,034 [IPC Server handler 5 on default port 15001] WARN  node.SCMNodeManager (SCMNodeManager.java:getNodesByAddress(1373)) - Cannot find node for address 127.0.0.1
2023-06-23 15:09:43,035 [IPC Server handler 13 on default port 15001] WARN  node.SCMNodeManager (SCMNodeManager.java:getNodesByAddress(1373)) - Cannot find node for address 127.0.0.1
2023-06-23 15:09:43,036 [IPC Server handler 11 on default port 15001] WARN  node.SCMNodeManager (SCMNodeManager.java:getNodesByAddress(1373)) - Cannot find node for address 127.0.0.1
2023-06-23 15:09:43,037 [IPC Server handler 1 on default port 15001] WARN  node.SCMNodeManager (SCMNodeManager.java:getNodesByAddress(1373)) - Cannot find node for address 127.0.0.1
2023-06-23 15:09:43,037 [IPC Server handler 8 on default port 15001] WARN  node.SCMNodeManager (SCMNodeManager.java:getNodesByAddress(1373)) - Cannot find node for address 127.0.0.1
2023-06-23 15:09:44,073 [main] INFO  client.DataStreamClient (ConfUtils.java:logGet(46)) - raft.datastream.type = NETTY (custom)
2023-06-23 15:09:44,073 [main] INFO  netty.NettyConfigKeys$DataStream (ConfUtils.java:logGet(46)) - raft.netty.dataStream.client.tls.conf = null (default)
2023-06-23 15:09:44,073 [main] INFO  netty.NettyConfigKeys$DataStream (ConfUtils.java:logGet(46)) - raft.netty.dataStream.client.reply.queue.grace-period = 1s (default)
2023-06-23 15:09:44,077 [main] INFO  netty.NettyConfigKeys$DataStream (ConfUtils.java:logGet(46)) - raft.netty.dataStream.client.worker-group.share = false (default)
2023-06-23 15:09:44,077 [main] INFO  netty.NettyConfigKeys$DataStream (ConfUtils.java:logGet(46)) - raft.netty.dataStream.client.worker-group.size = 4 (default)
2023-06-23 15:09:44,083 [09b3ab32-5fcb-422b-914e-2ec4890cee3e-NettyServerStreamRpc-bossGroup--thread1] INFO  logging.LoggingHandler (AbstractInternalLogger.java:log(148)) - [id: 0x6249a574, L:/0:0:0:0:0:0:0:0:15060] READ: [id: 0x8cea7a07, L:/10.1.0.34:15060 - R:/10.1.0.34:50666]
2023-06-23 15:09:44,099 [09b3ab32-5fcb-422b-914e-2ec4890cee3e-NettyServerStreamRpc-bossGroup--thread1] INFO  logging.LoggingHandler (AbstractInternalLogger.java:log(148)) - [id: 0x6249a574, L:/0:0:0:0:0:0:0:0:15060] READ COMPLETE
2023-06-23 15:09:44,969 [OM StateMachine ApplyTransaction Thread - 0] DEBUG db.CodecBuffer (CodecBuffer.java:setCapacity(212)) - setCapacity: 4096 -> 10950, max=2147483647
2023-06-23 15:09:44,974 [OM StateMachine ApplyTransaction Thread - 0] DEBUG db.CodecBuffer (CodecBuffer.java:setCapacity(212)) - setCapacity: 4096 -> 20633, max=2147483647
2023-06-23 15:09:44,982 [IPC Server handler 19 on default port 15001] WARN  node.SCMNodeManager (SCMNodeManager.java:getNodesByAddress(1373)) - Cannot find node for address 127.0.0.1
2023-06-23 15:09:44,983 [IPC Server handler 0 on default port 15001] WARN  node.SCMNodeManager (SCMNodeManager.java:getNodesByAddress(1373)) - Cannot find node for address 127.0.0.1
2023-06-23 15:09:44,983 [IPC Server handler 16 on default port 15001] WARN  node.SCMNodeManager (SCMNodeManager.java:getNodesByAddress(1373)) - Cannot find node for address 127.0.0.1
2023-06-23 15:09:44,984 [IPC Server handler 6 on default port 15001] WARN  node.SCMNodeManager (SCMNodeManager.java:getNodesByAddress(1373)) - Cannot find node for address 127.0.0.1
2023-06-23 15:09:44,985 [IPC Server handler 10 on default port 15001] WARN  node.SCMNodeManager (SCMNodeManager.java:getNodesByAddress(1373)) - Cannot find node for address 127.0.0.1
2023-06-23 15:09:44,985 [IPC Server handler 14 on default port 15001] WARN  node.SCMNodeManager (SCMNodeManager.java:getNodesByAddress(1373)) - Cannot find node for address 127.0.0.1
2023-06-23 15:09:44,986 [IPC Server handler 7 on default port 15001] WARN  node.SCMNodeManager (SCMNodeManager.java:getNodesByAddress(1373)) - Cannot find node for address 127.0.0.1
2023-06-23 15:09:44,987 [IPC Server handler 3 on default port 15001] WARN  node.SCMNodeManager (SCMNodeManager.java:getNodesByAddress(1373)) - Cannot find node for address 127.0.0.1
2023-06-23 15:09:44,987 [IPC Server handler 17 on default port 15001] WARN  node.SCMNodeManager (SCMNodeManager.java:getNodesByAddress(1373)) - Cannot find node for address 127.0.0.1
]]></system-out>
  </testcase>
  <testcase name="testMPUwithThreeStreamPartsOverride" classname="TestOzoneAtRestEncryption" time="3.808">
    <system-out><![CDATA[2023-06-23 15:09:54,596 [main] INFO  rpc.RpcClient (RpcClient.java:createVolume(459)) - Creating Volume: 580de5a2-1044-41c4-bbae-7683b880d52e, with runner as owner and space quota set to -1 bytes, counts quota set to -1
2023-06-23 15:09:54,599 [OM StateMachine ApplyTransaction Thread - 0] INFO  volume.OMVolumeCreateRequest (OMVolumeCreateRequest.java:validateAndUpdateCache(196)) - created volume:580de5a2-1044-41c4-bbae-7683b880d52e for user:runner
2023-06-23 15:09:54,601 [main] INFO  rpc.RpcClient (RpcClient.java:createBucket(686)) - Creating Bucket: 580de5a2-1044-41c4-bbae-7683b880d52e/f88e6bb8-3111-4149-8d7e-a3202bcf5c6d, with bucket layout OBJECT_STORE, runner as owner, Versioning false, Storage Type set to DISK and Encryption set to true, Replication Type set to server-side default replication type, Namespace Quota set to -1, Space Quota set to -1 
2023-06-23 15:09:54,603 [qtp577682023-17] INFO  kms-audit (SimpleKMSAuditLogger.java:logAuditSimpleFormat(93)) - OK[op=GET_METADATA, key=key1, user=runner] 
2023-06-23 15:09:54,606 [OM StateMachine ApplyTransaction Thread - 0] INFO  bucket.OMBucketCreateRequest (OMBucketCreateRequest.java:validateAndUpdateCache(270)) - created bucket: f88e6bb8-3111-4149-8d7e-a3202bcf5c6d of layout OBJECT_STORE in volume: 580de5a2-1044-41c4-bbae-7683b880d52e
2023-06-23 15:09:55,053 [OM StateMachine ApplyTransaction Thread - 0] DEBUG db.CodecBuffer (CodecBuffer.java:setCapacity(212)) - setCapacity: 4096 -> 10914, max=2147483647
2023-06-23 15:09:55,057 [OM StateMachine ApplyTransaction Thread - 0] DEBUG db.CodecBuffer (CodecBuffer.java:setCapacity(212)) - setCapacity: 4096 -> 20593, max=2147483647
2023-06-23 15:09:55,064 [IPC Server handler 17 on default port 15001] WARN  node.SCMNodeManager (SCMNodeManager.java:getNodesByAddress(1373)) - Cannot find node for address 127.0.0.1
2023-06-23 15:09:55,064 [IPC Server handler 15 on default port 15001] WARN  node.SCMNodeManager (SCMNodeManager.java:getNodesByAddress(1373)) - Cannot find node for address 127.0.0.1
2023-06-23 15:09:55,065 [IPC Server handler 9 on default port 15001] WARN  node.SCMNodeManager (SCMNodeManager.java:getNodesByAddress(1373)) - Cannot find node for address 127.0.0.1
2023-06-23 15:09:55,065 [IPC Server handler 2 on default port 15001] WARN  node.SCMNodeManager (SCMNodeManager.java:getNodesByAddress(1373)) - Cannot find node for address 127.0.0.1
2023-06-23 15:09:55,066 [IPC Server handler 4 on default port 15001] WARN  node.SCMNodeManager (SCMNodeManager.java:getNodesByAddress(1373)) - Cannot find node for address 127.0.0.1
2023-06-23 15:09:55,066 [IPC Server handler 18 on default port 15001] WARN  node.SCMNodeManager (SCMNodeManager.java:getNodesByAddress(1373)) - Cannot find node for address 127.0.0.1
2023-06-23 15:09:55,067 [IPC Server handler 5 on default port 15001] WARN  node.SCMNodeManager (SCMNodeManager.java:getNodesByAddress(1373)) - Cannot find node for address 127.0.0.1
2023-06-23 15:09:55,067 [IPC Server handler 13 on default port 15001] WARN  node.SCMNodeManager (SCMNodeManager.java:getNodesByAddress(1373)) - Cannot find node for address 127.0.0.1
2023-06-23 15:09:55,068 [IPC Server handler 12 on default port 15001] WARN  node.SCMNodeManager (SCMNodeManager.java:getNodesByAddress(1373)) - Cannot find node for address 127.0.0.1
2023-06-23 15:09:55,069 [IPC Server handler 8 on default port 15001] WARN  node.SCMNodeManager (SCMNodeManager.java:getNodesByAddress(1373)) - Cannot find node for address 127.0.0.1
2023-06-23 15:09:55,754 [main] INFO  client.DataStreamClient (ConfUtils.java:logGet(46)) - raft.datastream.type = NETTY (custom)
2023-06-23 15:09:55,754 [main] INFO  netty.NettyConfigKeys$DataStream (ConfUtils.java:logGet(46)) - raft.netty.dataStream.client.tls.conf = null (default)
2023-06-23 15:09:55,754 [main] INFO  netty.NettyConfigKeys$DataStream (ConfUtils.java:logGet(46)) - raft.netty.dataStream.client.reply.queue.grace-period = 1s (default)
2023-06-23 15:09:55,754 [main] INFO  netty.NettyConfigKeys$DataStream (ConfUtils.java:logGet(46)) - raft.netty.dataStream.client.worker-group.share = false (default)
2023-06-23 15:09:55,754 [main] INFO  netty.NettyConfigKeys$DataStream (ConfUtils.java:logGet(46)) - raft.netty.dataStream.client.worker-group.size = 4 (default)
2023-06-23 15:09:55,756 [09b3ab32-5fcb-422b-914e-2ec4890cee3e-NettyServerStreamRpc-bossGroup--thread1] INFO  logging.LoggingHandler (AbstractInternalLogger.java:log(148)) - [id: 0x6249a574, L:/0:0:0:0:0:0:0:0:15060] READ: [id: 0x665f2606, L:/10.1.0.34:15060 - R:/10.1.0.34:44988]
2023-06-23 15:09:55,760 [09b3ab32-5fcb-422b-914e-2ec4890cee3e-NettyServerStreamRpc-bossGroup--thread1] INFO  logging.LoggingHandler (AbstractInternalLogger.java:log(148)) - [id: 0x6249a574, L:/0:0:0:0:0:0:0:0:15060] READ COMPLETE
2023-06-23 15:09:56,400 [OM StateMachine ApplyTransaction Thread - 0] DEBUG db.CodecBuffer (CodecBuffer.java:setCapacity(212)) - setCapacity: 4096 -> 10906, max=2147483647
2023-06-23 15:09:56,405 [OM StateMachine ApplyTransaction Thread - 0] DEBUG db.CodecBuffer (CodecBuffer.java:setCapacity(212)) - setCapacity: 4096 -> 20591, max=2147483647
2023-06-23 15:09:56,410 [IPC Server handler 9 on default port 15001] WARN  node.SCMNodeManager (SCMNodeManager.java:getNodesByAddress(1373)) - Cannot find node for address 127.0.0.1
2023-06-23 15:09:56,411 [IPC Server handler 2 on default port 15001] WARN  node.SCMNodeManager (SCMNodeManager.java:getNodesByAddress(1373)) - Cannot find node for address 127.0.0.1
2023-06-23 15:09:56,412 [IPC Server handler 4 on default port 15001] WARN  node.SCMNodeManager (SCMNodeManager.java:getNodesByAddress(1373)) - Cannot find node for address 127.0.0.1
2023-06-23 15:09:56,413 [IPC Server handler 18 on default port 15001] WARN  node.SCMNodeManager (SCMNodeManager.java:getNodesByAddress(1373)) - Cannot find node for address 127.0.0.1
2023-06-23 15:09:56,413 [IPC Server handler 12 on default port 15001] WARN  node.SCMNodeManager (SCMNodeManager.java:getNodesByAddress(1373)) - Cannot find node for address 127.0.0.1
2023-06-23 15:09:56,414 [IPC Server handler 5 on default port 15001] WARN  node.SCMNodeManager (SCMNodeManager.java:getNodesByAddress(1373)) - Cannot find node for address 127.0.0.1
2023-06-23 15:09:56,414 [IPC Server handler 13 on default port 15001] WARN  node.SCMNodeManager (SCMNodeManager.java:getNodesByAddress(1373)) - Cannot find node for address 127.0.0.1
2023-06-23 15:09:56,415 [IPC Server handler 8 on default port 15001] WARN  node.SCMNodeManager (SCMNodeManager.java:getNodesByAddress(1373)) - Cannot find node for address 127.0.0.1
2023-06-23 15:09:56,415 [IPC Server handler 19 on default port 15001] WARN  node.SCMNodeManager (SCMNodeManager.java:getNodesByAddress(1373)) - Cannot find node for address 127.0.0.1
2023-06-23 15:09:57,563 [kms-audit_thread] INFO  kms-audit (SimpleKMSAuditLogger.java:logAuditEvent(59)) - OK[op=DECRYPT_EEK, key=key1, user=runner, accessCount=35, interval=40635ms] 
]]></system-out>
  </testcase>
  <testcase name="testKeyWithEncryptionAndGdpr" classname="TestOzoneAtRestEncryption" time="0.13">
    <system-out><![CDATA[2023-06-23 15:09:47,279 [main] INFO  rpc.RpcClient (RpcClient.java:createVolume(459)) - Creating Volume: 8f87ee79-fc2e-4c8c-807d-2d56556af0cc, with runner as owner and space quota set to -1 bytes, counts quota set to -1
2023-06-23 15:09:47,282 [OM StateMachine ApplyTransaction Thread - 0] INFO  volume.OMVolumeCreateRequest (OMVolumeCreateRequest.java:validateAndUpdateCache(196)) - created volume:8f87ee79-fc2e-4c8c-807d-2d56556af0cc for user:runner
2023-06-23 15:09:47,285 [main] INFO  rpc.RpcClient (RpcClient.java:createBucket(686)) - Creating Bucket: 8f87ee79-fc2e-4c8c-807d-2d56556af0cc/bb3d3c23-d035-4e2f-8e9a-55e4ede1873d, with bucket layout FILE_SYSTEM_OPTIMIZED, runner as owner, Versioning false, Storage Type set to DISK and Encryption set to true, Replication Type set to server-side default replication type, Namespace Quota set to -1, Space Quota set to -1 
2023-06-23 15:09:47,288 [qtp577682023-17] INFO  kms-audit (SimpleKMSAuditLogger.java:logAuditSimpleFormat(93)) - OK[op=GET_METADATA, key=key1, user=runner] 
2023-06-23 15:09:47,292 [OM StateMachine ApplyTransaction Thread - 0] INFO  bucket.OMBucketCreateRequest (OMBucketCreateRequest.java:validateAndUpdateCache(270)) - created bucket: bb3d3c23-d035-4e2f-8e9a-55e4ede1873d of layout FILE_SYSTEM_OPTIMIZED in volume: 8f87ee79-fc2e-4c8c-807d-2d56556af0cc
2023-06-23 15:09:47,334 [IPC Server handler 15 on default port 15001] WARN  node.SCMNodeManager (SCMNodeManager.java:getNodesByAddress(1373)) - Cannot find node for address 127.0.0.1
2023-06-23 15:09:47,337 [IPC Server handler 2 on default port 15001] WARN  node.SCMNodeManager (SCMNodeManager.java:getNodesByAddress(1373)) - Cannot find node for address 127.0.0.1
]]></system-out>
  </testcase>
  <testcase name="testKeyWithEncryptionAndGdpr" classname="TestOzoneAtRestEncryption" time="0.045">
    <system-out><![CDATA[2023-06-23 15:09:58,406 [main] INFO  rpc.RpcClient (RpcClient.java:createVolume(459)) - Creating Volume: b12affea-7f05-4b64-ab17-6333e3a2c786, with runner as owner and space quota set to -1 bytes, counts quota set to -1
2023-06-23 15:09:58,409 [OM StateMachine ApplyTransaction Thread - 0] INFO  volume.OMVolumeCreateRequest (OMVolumeCreateRequest.java:validateAndUpdateCache(196)) - created volume:b12affea-7f05-4b64-ab17-6333e3a2c786 for user:runner
2023-06-23 15:09:58,410 [main] INFO  rpc.RpcClient (RpcClient.java:createBucket(686)) - Creating Bucket: b12affea-7f05-4b64-ab17-6333e3a2c786/abb5d0c5-a708-4cf5-a1be-daeae98d626a, with bucket layout OBJECT_STORE, runner as owner, Versioning false, Storage Type set to DISK and Encryption set to true, Replication Type set to server-side default replication type, Namespace Quota set to -1, Space Quota set to -1 
2023-06-23 15:09:58,413 [qtp577682023-21] INFO  kms-audit (SimpleKMSAuditLogger.java:logAuditSimpleFormat(93)) - OK[op=GET_METADATA, key=key1, user=runner] 
2023-06-23 15:09:58,416 [OM StateMachine ApplyTransaction Thread - 0] INFO  bucket.OMBucketCreateRequest (OMBucketCreateRequest.java:validateAndUpdateCache(270)) - created bucket: abb5d0c5-a708-4cf5-a1be-daeae98d626a of layout OBJECT_STORE in volume: b12affea-7f05-4b64-ab17-6333e3a2c786
2023-06-23 15:09:58,435 [IPC Server handler 0 on default port 15001] WARN  node.SCMNodeManager (SCMNodeManager.java:getNodesByAddress(1373)) - Cannot find node for address 127.0.0.1
2023-06-23 15:09:58,437 [IPC Server handler 11 on default port 15001] WARN  node.SCMNodeManager (SCMNodeManager.java:getNodesByAddress(1373)) - Cannot find node for address 127.0.0.1
]]></system-out>
  </testcase>
  <testcase name="testMPUwithLinkBucket" classname="TestOzoneAtRestEncryption" time="0.807">
    <system-out><![CDATA[2023-06-23 15:09:47,409 [main] INFO  rpc.RpcClient (RpcClient.java:createVolume(459)) - Creating Volume: 79c89030-53ad-4fa2-92ed-449fb7aa8587, with runner as owner and space quota set to -1 bytes, counts quota set to -1
2023-06-23 15:09:47,412 [OM StateMachine ApplyTransaction Thread - 0] INFO  volume.OMVolumeCreateRequest (OMVolumeCreateRequest.java:validateAndUpdateCache(196)) - created volume:79c89030-53ad-4fa2-92ed-449fb7aa8587 for user:runner
2023-06-23 15:09:47,414 [main] INFO  rpc.RpcClient (RpcClient.java:createBucket(686)) - Creating Bucket: 79c89030-53ad-4fa2-92ed-449fb7aa8587/bc3ccd8f-a484-41eb-8852-4589d3cd26fa, with bucket layout FILE_SYSTEM_OPTIMIZED, runner as owner, Versioning false, Storage Type set to DISK and Encryption set to true, Replication Type set to server-side default replication type, Namespace Quota set to -1, Space Quota set to -1 
2023-06-23 15:09:47,416 [qtp577682023-17] INFO  kms-audit (SimpleKMSAuditLogger.java:logAuditSimpleFormat(93)) - OK[op=GET_METADATA, key=key1, user=runner] 
2023-06-23 15:09:47,419 [OM StateMachine ApplyTransaction Thread - 0] INFO  bucket.OMBucketCreateRequest (OMBucketCreateRequest.java:validateAndUpdateCache(270)) - created bucket: bc3ccd8f-a484-41eb-8852-4589d3cd26fa of layout FILE_SYSTEM_OPTIMIZED in volume: 79c89030-53ad-4fa2-92ed-449fb7aa8587
2023-06-23 15:09:47,421 [main] INFO  rpc.RpcClient (RpcClient.java:createVolume(459)) - Creating Volume: 855c3c3d-b7ea-4a38-b8a9-bdc92653ad7f, with runner as owner and space quota set to -1 bytes, counts quota set to -1
2023-06-23 15:09:47,424 [OM StateMachine ApplyTransaction Thread - 0] INFO  volume.OMVolumeCreateRequest (OMVolumeCreateRequest.java:validateAndUpdateCache(196)) - created volume:855c3c3d-b7ea-4a38-b8a9-bdc92653ad7f for user:runner
2023-06-23 15:09:47,425 [main] INFO  rpc.RpcClient (RpcClient.java:createBucket(686)) - Creating Bucket: 855c3c3d-b7ea-4a38-b8a9-bdc92653ad7f/fe9cec3b-e513-4f1e-8d7b-72a8910793ce, with bucket layout FILE_SYSTEM_OPTIMIZED, runner as owner, Versioning false, Storage Type set to DISK and Encryption set to false, Replication Type set to server-side default replication type, Namespace Quota set to -1, Space Quota set to -1 
2023-06-23 15:09:47,428 [OM StateMachine ApplyTransaction Thread - 0] INFO  bucket.OMBucketCreateRequest (OMBucketCreateRequest.java:validateAndUpdateCache(270)) - created bucket: fe9cec3b-e513-4f1e-8d7b-72a8910793ce of layout FILE_SYSTEM_OPTIMIZED in volume: 855c3c3d-b7ea-4a38-b8a9-bdc92653ad7f
2023-06-23 15:09:47,559 [qtp577682023-21] INFO  kms-audit (SimpleKMSAuditLogger.java:logAuditEvent(59)) - OK[op=DECRYPT_EEK, key=key1, user=runner, accessCount=18, interval=30631ms] 
2023-06-23 15:09:47,559 [qtp577682023-21] INFO  kms-audit (SimpleKMSAuditLogger.java:logAuditEvent(59)) - OK[op=DECRYPT_EEK, key=key1, user=runner, accessCount=1, interval=0ms] 
2023-06-23 15:09:47,714 [OM StateMachine ApplyTransaction Thread - 0] DEBUG db.CodecBuffer (CodecBuffer.java:setCapacity(212)) - setCapacity: 4096 -> 10913, max=2147483647
2023-06-23 15:09:47,718 [IPC Server handler 7 on default port 15001] WARN  node.SCMNodeManager (SCMNodeManager.java:getNodesByAddress(1373)) - Cannot find node for address 127.0.0.1
2023-06-23 15:09:47,719 [IPC Server handler 3 on default port 15001] WARN  node.SCMNodeManager (SCMNodeManager.java:getNodesByAddress(1373)) - Cannot find node for address 127.0.0.1
2023-06-23 15:09:47,720 [IPC Server handler 17 on default port 15001] WARN  node.SCMNodeManager (SCMNodeManager.java:getNodesByAddress(1373)) - Cannot find node for address 127.0.0.1
2023-06-23 15:09:47,720 [IPC Server handler 9 on default port 15001] WARN  node.SCMNodeManager (SCMNodeManager.java:getNodesByAddress(1373)) - Cannot find node for address 127.0.0.1
2023-06-23 15:09:47,721 [IPC Server handler 15 on default port 15001] WARN  node.SCMNodeManager (SCMNodeManager.java:getNodesByAddress(1373)) - Cannot find node for address 127.0.0.1
2023-06-23 15:09:47,722 [IPC Server handler 2 on default port 15001] WARN  node.SCMNodeManager (SCMNodeManager.java:getNodesByAddress(1373)) - Cannot find node for address 127.0.0.1
2023-06-23 15:09:47,722 [IPC Server handler 4 on default port 15001] WARN  node.SCMNodeManager (SCMNodeManager.java:getNodesByAddress(1373)) - Cannot find node for address 127.0.0.1
]]></system-out>
  </testcase>
  <testcase name="testMPUwithLinkBucket" classname="TestOzoneAtRestEncryption" time="0.636">
    <system-out><![CDATA[2023-06-23 15:09:58,451 [main] INFO  rpc.RpcClient (RpcClient.java:createVolume(459)) - Creating Volume: f46ca83a-09cc-4e11-8348-834dfcc1c7b5, with runner as owner and space quota set to -1 bytes, counts quota set to -1
2023-06-23 15:09:58,455 [OM StateMachine ApplyTransaction Thread - 0] INFO  volume.OMVolumeCreateRequest (OMVolumeCreateRequest.java:validateAndUpdateCache(196)) - created volume:f46ca83a-09cc-4e11-8348-834dfcc1c7b5 for user:runner
2023-06-23 15:09:58,461 [main] INFO  rpc.RpcClient (RpcClient.java:createBucket(686)) - Creating Bucket: f46ca83a-09cc-4e11-8348-834dfcc1c7b5/66465299-73de-4be7-9a87-74b6e067ea5c, with bucket layout OBJECT_STORE, runner as owner, Versioning false, Storage Type set to DISK and Encryption set to true, Replication Type set to server-side default replication type, Namespace Quota set to -1, Space Quota set to -1 
2023-06-23 15:09:58,463 [qtp577682023-17] INFO  kms-audit (SimpleKMSAuditLogger.java:logAuditSimpleFormat(93)) - OK[op=GET_METADATA, key=key1, user=runner] 
2023-06-23 15:09:58,466 [OM StateMachine ApplyTransaction Thread - 0] INFO  bucket.OMBucketCreateRequest (OMBucketCreateRequest.java:validateAndUpdateCache(270)) - created bucket: 66465299-73de-4be7-9a87-74b6e067ea5c of layout OBJECT_STORE in volume: f46ca83a-09cc-4e11-8348-834dfcc1c7b5
2023-06-23 15:09:58,468 [main] INFO  rpc.RpcClient (RpcClient.java:createVolume(459)) - Creating Volume: 2a8bb20b-73fc-488d-baa0-d3582ba642d0, with runner as owner and space quota set to -1 bytes, counts quota set to -1
2023-06-23 15:09:58,471 [OM StateMachine ApplyTransaction Thread - 0] INFO  volume.OMVolumeCreateRequest (OMVolumeCreateRequest.java:validateAndUpdateCache(196)) - created volume:2a8bb20b-73fc-488d-baa0-d3582ba642d0 for user:runner
2023-06-23 15:09:58,472 [main] INFO  rpc.RpcClient (RpcClient.java:createBucket(686)) - Creating Bucket: 2a8bb20b-73fc-488d-baa0-d3582ba642d0/18b7d917-4de4-4fff-801c-03537a6af9f1, with bucket layout OBJECT_STORE, runner as owner, Versioning false, Storage Type set to DISK and Encryption set to false, Replication Type set to server-side default replication type, Namespace Quota set to -1, Space Quota set to -1 
2023-06-23 15:09:58,473 [OM StateMachine ApplyTransaction Thread - 0] INFO  bucket.OMBucketCreateRequest (OMBucketCreateRequest.java:validateAndUpdateCache(270)) - created bucket: 18b7d917-4de4-4fff-801c-03537a6af9f1 of layout OBJECT_STORE in volume: 2a8bb20b-73fc-488d-baa0-d3582ba642d0
2023-06-23 15:09:58,698 [OM StateMachine ApplyTransaction Thread - 0] DEBUG db.CodecBuffer (CodecBuffer.java:setCapacity(212)) - setCapacity: 4096 -> 10910, max=2147483647
2023-06-23 15:09:58,704 [IPC Server handler 13 on default port 15001] WARN  node.SCMNodeManager (SCMNodeManager.java:getNodesByAddress(1373)) - Cannot find node for address 127.0.0.1
2023-06-23 15:09:58,705 [IPC Server handler 8 on default port 15001] WARN  node.SCMNodeManager (SCMNodeManager.java:getNodesByAddress(1373)) - Cannot find node for address 127.0.0.1
2023-06-23 15:09:58,705 [IPC Server handler 19 on default port 15001] WARN  node.SCMNodeManager (SCMNodeManager.java:getNodesByAddress(1373)) - Cannot find node for address 127.0.0.1
2023-06-23 15:09:58,706 [IPC Server handler 1 on default port 15001] WARN  node.SCMNodeManager (SCMNodeManager.java:getNodesByAddress(1373)) - Cannot find node for address 127.0.0.1
2023-06-23 15:09:58,706 [IPC Server handler 0 on default port 15001] WARN  node.SCMNodeManager (SCMNodeManager.java:getNodesByAddress(1373)) - Cannot find node for address 127.0.0.1
2023-06-23 15:09:58,707 [IPC Server handler 11 on default port 15001] WARN  node.SCMNodeManager (SCMNodeManager.java:getNodesByAddress(1373)) - Cannot find node for address 127.0.0.1
2023-06-23 15:09:58,707 [IPC Server handler 16 on default port 15001] WARN  node.SCMNodeManager (SCMNodeManager.java:getNodesByAddress(1373)) - Cannot find node for address 127.0.0.1
]]></system-out>
  </testcase>
</testsuite>