<?xml version="1.0" encoding="UTF-8"?>
<testsuite xmlns:xsi="http://www.w3.org/2001/XMLSchema-instance" xsi:noNamespaceSchemaLocation="https://maven.apache.org/surefire/maven-surefire-plugin/xsd/surefire-test-report.xsd" name="org.apache.hadoop.ozone.scm.TestSCMInstallSnapshotWithHA" time="178.25" tests="3" errors="0" skipped="0" failures="1">
  <properties>
    <property name="awt.toolkit" value="sun.awt.X11.XToolkit"/>
    <property name="file.encoding.pkg" value="sun.io"/>
    <property name="java.specification.version" value="1.8"/>
    <property name="sun.cpu.isalist" value=""/>
    <property name="sun.jnu.encoding" value="UTF-8"/>
    <property name="java.class.path" value="/home/runner/work/ozone/ozone/hadoop-ozone/integration-test/target/test-classes:/home/runner/work/ozone/ozone/hadoop-ozone/integration-test/target/classes:/home/runner/.m2/repository/org/apache/ozone/ozone-common/1.3.0-SNAPSHOT/ozone-common-1.3.0-SNAPSHOT.jar:/home/runner/.m2/repository/org/apache/commons/commons-compress/1.21/commons-compress-1.21.jar:/home/runner/.m2/repository/org/apache/ozone/hdds-common/1.3.0-SNAPSHOT/hdds-common-1.3.0-SNAPSHOT.jar:/home/runner/.m2/repository/org/apache/ozone/hdds-client/1.3.0-SNAPSHOT/hdds-client-1.3.0-SNAPSHOT.jar:/home/runner/.m2/repository/org/apache/ozone/ozone-interface-client/1.3.0-SNAPSHOT/ozone-interface-client-1.3.0-SNAPSHOT.jar:/home/runner/.m2/repository/org/apache/ozone/hdds-test-utils/1.3.0-SNAPSHOT/hdds-test-utils-1.3.0-SNAPSHOT.jar:/home/runner/.m2/repository/com/google/guava/guava/30.1.1-jre/guava-30.1.1-jre.jar:/home/runner/.m2/repository/com/google/guava/failureaccess/1.0.1/failureaccess-1.0.1.jar:/home/runner/.m2/repository/com/google/guava/listenablefuture/9999.0-empty-to-avoid-conflict-with-guava/listenablefuture-9999.0-empty-to-avoid-conflict-with-guava.jar:/home/runner/.m2/repository/com/google/code/findbugs/jsr305/3.0.0/jsr305-3.0.0.jar:/home/runner/.m2/repository/org/checkerframework/checker-qual/3.8.0/checker-qual-3.8.0.jar:/home/runner/.m2/repository/com/google/errorprone/error_prone_annotations/2.2.0/error_prone_annotations-2.2.0.jar:/home/runner/.m2/repository/com/google/j2objc/j2objc-annotations/1.3/j2objc-annotations-1.3.jar:/home/runner/.m2/repository/commons-io/commons-io/2.11.0/commons-io-2.11.0.jar:/home/runner/.m2/repository/commons-logging/commons-logging/1.2/commons-logging-1.2.jar:/home/runner/.m2/repository/log4j/log4j/1.2.17/log4j-1.2.17.jar:/home/runner/.m2/repository/org/slf4j/slf4j-api/1.7.30/slf4j-api-1.7.30.jar:/home/runner/.m2/repository/org/apache/ozone/hdds-server-scm/1.3.0-SNAPSHOT/hdds-server-scm-1.3.0-SNAPSHOT.jar:/home/runner/.m2/repository/org/apache/ozone/hdds-container-service/1.3.0-SNAPSHOT/hdds-container-service-1.3.0-SNAPSHOT.jar:/home/runner/.m2/repository/org/apache/ozone/hdds-hadoop-dependency-server/1.3.0-SNAPSHOT/hdds-hadoop-dependency-server-1.3.0-SNAPSHOT.jar:/home/runner/.m2/repository/org/apache/hadoop/hadoop-hdfs/3.3.1/hadoop-hdfs-3.3.1.jar:/home/runner/.m2/repository/org/apache/ozone/hdds-server-framework/1.3.0-SNAPSHOT/hdds-server-framework-1.3.0-SNAPSHOT.jar:/home/runner/.m2/repository/org/apache/ozone/hdds-interface-server/1.3.0-SNAPSHOT/hdds-interface-server-1.3.0-SNAPSHOT.jar:/home/runner/.m2/repository/org/eclipse/jetty/jetty-servlet/9.4.43.v20210629/jetty-servlet-9.4.43.v20210629.jar:/home/runner/.m2/repository/org/eclipse/jetty/jetty-security/9.4.43.v20210629/jetty-security-9.4.43.v20210629.jar:/home/runner/.m2/repository/org/rocksdb/rocksdbjni/6.25.3/rocksdbjni-6.25.3.jar:/home/runner/.m2/repository/io/prometheus/simpleclient_dropwizard/0.7.0/simpleclient_dropwizard-0.7.0.jar:/home/runner/.m2/repository/io/prometheus/simpleclient/0.7.0/simpleclient-0.7.0.jar:/home/runner/.m2/repository/io/prometheus/simpleclient_common/0.7.0/simpleclient_common-0.7.0.jar:/home/runner/.m2/repository/com/fasterxml/jackson/datatype/jackson-datatype-jsr310/2.12.1/jackson-datatype-jsr310-2.12.1.jar:/home/runner/.m2/repository/io/dropwizard/metrics/metrics-core/3.2.4/metrics-core-3.2.4.jar:/home/runner/.m2/repository/org/apache/hadoop/hadoop-hdfs-client/3.3.1/hadoop-hdfs-client-3.3.1.jar:/home/runner/.m2/repository/org/bouncycastle/bcprov-jdk15on/1.67/bcprov-jdk15on-1.67.jar:/home/runner/.m2/repository/com/google/protobuf/protobuf-java/2.5.0/protobuf-java-2.5.0.jar:/home/runner/.m2/repository/org/apache/ozone/ozone-manager/1.3.0-SNAPSHOT/ozone-manager-1.3.0-SNAPSHOT.jar:/home/runner/.m2/repository/org/aspectj/aspectjrt/1.9.7/aspectjrt-1.9.7.jar:/home/runner/.m2/repository/org/aspectj/aspectjweaver/1.9.7/aspectjweaver-1.9.7.jar:/home/runner/.m2/repository/org/apache/ozone/hdds-interface-client/1.3.0-SNAPSHOT/hdds-interface-client-1.3.0-SNAPSHOT.jar:/home/runner/.m2/repository/org/apache/hadoop/thirdparty/hadoop-shaded-protobuf_3_7/1.1.1/hadoop-shaded-protobuf_3_7-1.1.1.jar:/home/runner/.m2/repository/org/apache/ozone/ozone-interface-storage/1.3.0-SNAPSHOT/ozone-interface-storage-1.3.0-SNAPSHOT.jar:/home/runner/.m2/repository/org/reflections/reflections/0.9.11/reflections-0.9.11.jar:/home/runner/.m2/repository/org/apache/hadoop/hadoop-minikdc/3.3.1/hadoop-minikdc-3.3.1.jar:/home/runner/.m2/repository/org/apache/kerby/kerb-simplekdc/1.0.1/kerb-simplekdc-1.0.1.jar:/home/runner/.m2/repository/org/apache/kerby/kerb-client/1.0.1/kerb-client-1.0.1.jar:/home/runner/.m2/repository/org/apache/kerby/kerby-config/1.0.1/kerby-config-1.0.1.jar:/home/runner/.m2/repository/org/apache/kerby/kerb-common/1.0.1/kerb-common-1.0.1.jar:/home/runner/.m2/repository/org/apache/kerby/kerb-crypto/1.0.1/kerb-crypto-1.0.1.jar:/home/runner/.m2/repository/org/apache/kerby/kerb-util/1.0.1/kerb-util-1.0.1.jar:/home/runner/.m2/repository/org/apache/kerby/token-provider/1.0.1/token-provider-1.0.1.jar:/home/runner/.m2/repository/org/apache/kerby/kerb-admin/1.0.1/kerb-admin-1.0.1.jar:/home/runner/.m2/repository/org/apache/kerby/kerb-server/1.0.1/kerb-server-1.0.1.jar:/home/runner/.m2/repository/org/apache/kerby/kerb-identity/1.0.1/kerb-identity-1.0.1.jar:/home/runner/.m2/repository/org/apache/kerby/kerby-xdr/1.0.1/kerby-xdr-1.0.1.jar:/home/runner/.m2/repository/org/slf4j/slf4j-log4j12/1.7.30/slf4j-log4j12-1.7.30.jar:/home/runner/.m2/repository/org/apache/ozone/ozone-s3gateway/1.3.0-SNAPSHOT/ozone-s3gateway-1.3.0-SNAPSHOT.jar:/home/runner/.m2/repository/org/javassist/javassist/3.21.0-GA/javassist-3.21.0-GA.jar:/home/runner/.m2/repository/org/jboss/weld/servlet/weld-servlet/2.4.7.Final/weld-servlet-2.4.7.Final.jar:/home/runner/.m2/repository/org/glassfish/jersey/containers/jersey-container-servlet-core/2.33/jersey-container-servlet-core-2.33.jar:/home/runner/.m2/repository/org/glassfish/hk2/external/jakarta.inject/2.6.1/jakarta.inject-2.6.1.jar:/home/runner/.m2/repository/org/glassfish/jersey/core/jersey-common/2.33/jersey-common-2.33.jar:/home/runner/.m2/repository/jakarta/ws/rs/jakarta.ws.rs-api/2.1.6/jakarta.ws.rs-api-2.1.6.jar:/home/runner/.m2/repository/org/glassfish/jersey/ext/cdi/jersey-cdi1x/2.33/jersey-cdi1x-2.33.jar:/home/runner/.m2/repository/org/glassfish/jersey/inject/jersey-hk2/2.33/jersey-hk2-2.33.jar:/home/runner/.m2/repository/org/glassfish/hk2/hk2-locator/2.6.1/hk2-locator-2.6.1.jar:/home/runner/.m2/repository/org/glassfish/jersey/media/jersey-media-jaxb/2.33/jersey-media-jaxb-2.33.jar:/home/runner/.m2/repository/org/glassfish/hk2/osgi-resource-locator/1.0.3/osgi-resource-locator-1.0.3.jar:/home/runner/.m2/repository/org/glassfish/hk2/hk2-api/2.5.0/hk2-api-2.5.0.jar:/home/runner/.m2/repository/org/glassfish/hk2/hk2-utils/2.5.0/hk2-utils-2.5.0.jar:/home/runner/.m2/repository/org/glassfish/hk2/external/aopalliance-repackaged/2.5.0/aopalliance-repackaged-2.5.0.jar:/home/runner/.m2/repository/com/fasterxml/jackson/dataformat/jackson-dataformat-xml/2.12.1/jackson-dataformat-xml-2.12.1.jar:/home/runner/.m2/repository/com/fasterxml/jackson/core/jackson-core/2.12.1/jackson-core-2.12.1.jar:/home/runner/.m2/repository/com/fasterxml/jackson/module/jackson-module-jaxb-annotations/2.12.1/jackson-module-jaxb-annotations-2.12.1.jar:/home/runner/.m2/repository/jakarta/xml/bind/jakarta.xml.bind-api/2.3.2/jakarta.xml.bind-api-2.3.2.jar:/home/runner/.m2/repository/org/codehaus/woodstox/stax2-api/3.1.4/stax2-api-3.1.4.jar:/home/runner/.m2/repository/com/fasterxml/woodstox/woodstox-core/5.0.3/woodstox-core-5.0.3.jar:/home/runner/.m2/repository/javax/enterprise/cdi-api/1.2/cdi-api-1.2.jar:/home/runner/.m2/repository/javax/el/javax.el-api/3.0.0/javax.el-api-3.0.0.jar:/home/runner/.m2/repository/javax/interceptor/javax.interceptor-api/1.2/javax.interceptor-api-1.2.jar:/home/runner/.m2/repository/javax/inject/javax.inject/1/javax.inject-1.jar:/home/runner/.m2/repository/javax/xml/bind/jaxb-api/2.3.0/jaxb-api-2.3.0.jar:/home/runner/.m2/repository/org/glassfish/jaxb/jaxb-runtime/2.3.0.1/jaxb-runtime-2.3.0.1.jar:/home/runner/.m2/repository/org/glassfish/jaxb/jaxb-core/2.3.0.1/jaxb-core-2.3.0.1.jar:/home/runner/.m2/repository/org/glassfish/jaxb/txw2/2.3.0.1/txw2-2.3.0.1.jar:/home/runner/.m2/repository/com/sun/istack/istack-commons-runtime/3.0.5/istack-commons-runtime-3.0.5.jar:/home/runner/.m2/repository/org/jvnet/staxex/stax-ex/1.7.8/stax-ex-1.7.8.jar:/home/runner/.m2/repository/com/sun/xml/fastinfoset/FastInfoset/1.2.13/FastInfoset-1.2.13.jar:/home/runner/.m2/repository/javax/activation/activation/1.1.1/activation-1.1.1.jar:/home/runner/.m2/repository/org/apache/ozone/ozone-csi/1.3.0-SNAPSHOT/ozone-csi-1.3.0-SNAPSHOT.jar:/home/runner/.m2/repository/com/google/protobuf/protobuf-java-util/3.12.0/protobuf-java-util-3.12.0.jar:/home/runner/.m2/repository/com/google/code/gson/gson/2.2.4/gson-2.2.4.jar:/home/runner/.m2/repository/org/apache/ozone/hdds-config/1.3.0-SNAPSHOT/hdds-config-1.3.0-SNAPSHOT.jar:/home/runner/.m2/repository/io/grpc/grpc-netty/1.33.0/grpc-netty-1.33.0.jar:/home/runner/.m2/repository/io/grpc/grpc-core/1.33.0/grpc-core-1.33.0.jar:/home/runner/.m2/repository/com/google/android/annotations/4.1.1.4/annotations-4.1.1.4.jar:/home/runner/.m2/repository/io/netty/netty-codec-http2/4.1.63.Final/netty-codec-http2-4.1.63.Final.jar:/home/runner/.m2/repository/io/netty/netty-codec-http/4.1.63.Final/netty-codec-http-4.1.63.Final.jar:/home/runner/.m2/repository/io/netty/netty-handler-proxy/4.1.63.Final/netty-handler-proxy-4.1.63.Final.jar:/home/runner/.m2/repository/io/netty/netty-codec-socks/4.1.63.Final/netty-codec-socks-4.1.63.Final.jar:/home/runner/.m2/repository/io/perfmark/perfmark-api/0.19.0/perfmark-api-0.19.0.jar:/home/runner/.m2/repository/org/codehaus/mojo/animal-sniffer-annotations/1.18/animal-sniffer-annotations-1.18.jar:/home/runner/.m2/repository/io/netty/netty-transport-native-epoll/4.1.63.Final/netty-transport-native-epoll-4.1.63.Final.jar:/home/runner/.m2/repository/io/netty/netty-common/4.1.63.Final/netty-common-4.1.63.Final.jar:/home/runner/.m2/repository/io/netty/netty-buffer/4.1.63.Final/netty-buffer-4.1.63.Final.jar:/home/runner/.m2/repository/io/netty/netty-transport-native-unix-common/4.1.63.Final/netty-transport-native-unix-common-4.1.63.Final.jar:/home/runner/.m2/repository/io/grpc/grpc-protobuf/1.33.0/grpc-protobuf-1.33.0.jar:/home/runner/.m2/repository/io/grpc/grpc-api/1.33.0/grpc-api-1.33.0.jar:/home/runner/.m2/repository/io/grpc/grpc-context/1.33.0/grpc-context-1.33.0.jar:/home/runner/.m2/repository/com/google/api/grpc/proto-google-common-protos/1.17.0/proto-google-common-protos-1.17.0.jar:/home/runner/.m2/repository/io/grpc/grpc-protobuf-lite/1.33.0/grpc-protobuf-lite-1.33.0.jar:/home/runner/.m2/repository/io/grpc/grpc-stub/1.33.0/grpc-stub-1.33.0.jar:/home/runner/.m2/repository/org/apache/ozone/ozone-recon/1.3.0-SNAPSHOT/ozone-recon-1.3.0-SNAPSHOT.jar:/home/runner/.m2/repository/org/apache/ozone/ozone-reconcodegen/1.3.0-SNAPSHOT/ozone-reconcodegen-1.3.0-SNAPSHOT.jar:/home/runner/.m2/repository/com/google/inject/extensions/guice-multibindings/4.0/guice-multibindings-4.0.jar:/home/runner/.m2/repository/com/google/inject/guice/4.0/guice-4.0.jar:/home/runner/.m2/repository/aopalliance/aopalliance/1.0/aopalliance-1.0.jar:/home/runner/.m2/repository/com/google/inject/extensions/guice-assistedinject/4.0/guice-assistedinject-4.0.jar:/home/runner/.m2/repository/com/google/inject/extensions/guice-servlet/4.0/guice-servlet-4.0.jar:/home/runner/.m2/repository/org/glassfish/jersey/containers/jersey-container-servlet/2.33/jersey-container-servlet-2.33.jar:/home/runner/.m2/repository/org/glassfish/hk2/guice-bridge/2.5.0/guice-bridge-2.5.0.jar:/home/runner/.m2/repository/org/glassfish/jersey/core/jersey-server/2.33/jersey-server-2.33.jar:/home/runner/.m2/repository/org/glassfish/jersey/core/jersey-client/2.33/jersey-client-2.33.jar:/home/runner/.m2/repository/jakarta/annotation/jakarta.annotation-api/1.3.5/jakarta.annotation-api-1.3.5.jar:/home/runner/.m2/repository/jakarta/validation/jakarta.validation-api/2.0.2/jakarta.validation-api-2.0.2.jar:/home/runner/.m2/repository/org/glassfish/jersey/media/jersey-media-json-jackson/2.33/jersey-media-json-jackson-2.33.jar:/home/runner/.m2/repository/org/glassfish/jersey/ext/jersey-entity-filtering/2.33/jersey-entity-filtering-2.33.jar:/home/runner/.m2/repository/org/jooq/jooq/3.11.10/jooq-3.11.10.jar:/home/runner/.m2/repository/org/jooq/jooq-meta/3.11.10/jooq-meta-3.11.10.jar:/home/runner/.m2/repository/org/jooq/jooq-codegen/3.11.10/jooq-codegen-3.11.10.jar:/home/runner/.m2/repository/com/jolbox/bonecp/0.8.0.RELEASE/bonecp-0.8.0.RELEASE.jar:/home/runner/.m2/repository/org/apache/derby/derby/10.14.2.0/derby-10.14.2.0.jar:/home/runner/.m2/repository/org/xerial/sqlite-jdbc/3.25.2/sqlite-jdbc-3.25.2.jar:/home/runner/.m2/repository/org/springframework/spring-jdbc/5.2.18.RELEASE/spring-jdbc-5.2.18.RELEASE.jar:/home/runner/.m2/repository/org/springframework/spring-beans/5.2.18.RELEASE/spring-beans-5.2.18.RELEASE.jar:/home/runner/.m2/repository/org/springframework/spring-core/5.2.18.RELEASE/spring-core-5.2.18.RELEASE.jar:/home/runner/.m2/repository/org/springframework/spring-jcl/5.2.18.RELEASE/spring-jcl-5.2.18.RELEASE.jar:/home/runner/.m2/repository/org/springframework/spring-tx/5.2.18.RELEASE/spring-tx-5.2.18.RELEASE.jar:/home/runner/.m2/repository/org/apache/ozone/ozone-client/1.3.0-SNAPSHOT/ozone-client-1.3.0-SNAPSHOT.jar:/home/runner/.m2/repository/org/apache/ozone/ozone-filesystem/1.3.0-SNAPSHOT/ozone-filesystem-1.3.0-SNAPSHOT.jar:/home/runner/.m2/repository/org/apache/ozone/ozone-filesystem-common/1.3.0-SNAPSHOT/ozone-filesystem-common-1.3.0-SNAPSHOT.jar:/home/runner/.m2/repository/org/apache/ozone/ozone-tools/1.3.0-SNAPSHOT/ozone-tools-1.3.0-SNAPSHOT.jar:/home/runner/.m2/repository/org/apache/ratis/ratis-tools/2.2.0/ratis-tools-2.2.0.jar:/home/runner/.m2/repository/com/amazonaws/aws-java-sdk-core/1.11.1034/aws-java-sdk-core-1.11.1034.jar:/home/runner/.m2/repository/org/apache/httpcomponents/httpclient/4.5.13/httpclient-4.5.13.jar:/home/runner/.m2/repository/org/apache/httpcomponents/httpcore/4.4.13/httpcore-4.4.13.jar:/home/runner/.m2/repository/software/amazon/ion/ion-java/1.0.2/ion-java-1.0.2.jar:/home/runner/.m2/repository/com/fasterxml/jackson/dataformat/jackson-dataformat-cbor/2.12.1/jackson-dataformat-cbor-2.12.1.jar:/home/runner/.m2/repository/joda-time/joda-time/2.8.1/joda-time-2.8.1.jar:/home/runner/.m2/repository/com/amazonaws/aws-java-sdk-s3/1.11.1034/aws-java-sdk-s3-1.11.1034.jar:/home/runner/.m2/repository/com/amazonaws/aws-java-sdk-kms/1.11.1034/aws-java-sdk-kms-1.11.1034.jar:/home/runner/.m2/repository/com/amazonaws/jmespath-java/1.11.1034/jmespath-java-1.11.1034.jar:/home/runner/.m2/repository/org/kohsuke/metainf-services/metainf-services/1.8/metainf-services-1.8.jar:/home/runner/.m2/repository/org/apache/ozone/hdds-tools/1.3.0-SNAPSHOT/hdds-tools-1.3.0-SNAPSHOT.jar:/home/runner/.m2/repository/commons-cli/commons-cli/1.2/commons-cli-1.2.jar:/home/runner/.m2/repository/org/apache/commons/commons-lang3/3.7/commons-lang3-3.7.jar:/home/runner/.m2/repository/org/apache/ozone/ozone-manager/1.3.0-SNAPSHOT/ozone-manager-1.3.0-SNAPSHOT-tests.jar:/home/runner/.m2/repository/org/apache/ozone/hdds-common/1.3.0-SNAPSHOT/hdds-common-1.3.0-SNAPSHOT-tests.jar:/home/runner/.m2/repository/org/apache/ozone/hdds-hadoop-dependency-client/1.3.0-SNAPSHOT/hdds-hadoop-dependency-client-1.3.0-SNAPSHOT.jar:/home/runner/.m2/repository/info/picocli/picocli/4.6.1/picocli-4.6.1.jar:/home/runner/.m2/repository/com/fasterxml/jackson/core/jackson-annotations/2.12.1/jackson-annotations-2.12.1.jar:/home/runner/.m2/repository/javax/annotation/javax.annotation-api/1.2/javax.annotation-api-1.2.jar:/home/runner/.m2/repository/org/apache/ratis/ratis-server/2.2.0/ratis-server-2.2.0.jar:/home/runner/.m2/repository/org/apache/ratis/ratis-client/2.2.0/ratis-client-2.2.0.jar:/home/runner/.m2/repository/org/apache/ratis/ratis-server-api/2.2.0/ratis-server-api-2.2.0.jar:/home/runner/.m2/repository/org/apache/ratis/ratis-metrics/2.2.0/ratis-metrics-2.2.0.jar:/home/runner/.m2/repository/org/apache/ratis/ratis-netty/2.2.0/ratis-netty-2.2.0.jar:/home/runner/.m2/repository/org/apache/ratis/ratis-grpc/2.2.0/ratis-grpc-2.2.0.jar:/home/runner/.m2/repository/org/apache/logging/log4j/log4j-api/2.13.3/log4j-api-2.13.3.jar:/home/runner/.m2/repository/org/apache/logging/log4j/log4j-core/2.13.3/log4j-core-2.13.3.jar:/home/runner/.m2/repository/com/lmax/disruptor/3.4.2/disruptor-3.4.2.jar:/home/runner/.m2/repository/org/apache/commons/commons-pool2/2.6.0/commons-pool2-2.6.0.jar:/home/runner/.m2/repository/org/bouncycastle/bcpkix-jdk15on/1.67/bcpkix-jdk15on-1.67.jar:/home/runner/.m2/repository/commons-validator/commons-validator/1.6/commons-validator-1.6.jar:/home/runner/.m2/repository/commons-beanutils/commons-beanutils/1.9.4/commons-beanutils-1.9.4.jar:/home/runner/.m2/repository/commons-digester/commons-digester/1.8.1/commons-digester-1.8.1.jar:/home/runner/.m2/repository/commons-collections/commons-collections/3.2.2/commons-collections-3.2.2.jar:/home/runner/.m2/repository/io/jaegertracing/jaeger-client/1.6.0/jaeger-client-1.6.0.jar:/home/runner/.m2/repository/io/jaegertracing/jaeger-thrift/1.6.0/jaeger-thrift-1.6.0.jar:/home/runner/.m2/repository/org/apache/thrift/libthrift/0.14.1/libthrift-0.14.1.jar:/home/runner/.m2/repository/com/squareup/okhttp3/okhttp/4.9.0/okhttp-4.9.0.jar:/home/runner/.m2/repository/com/squareup/okio/okio/2.8.0/okio-2.8.0.jar:/home/runner/.m2/repository/io/jaegertracing/jaeger-core/1.6.0/jaeger-core-1.6.0.jar:/home/runner/.m2/repository/io/jaegertracing/jaeger-tracerresolver/1.6.0/jaeger-tracerresolver-1.6.0.jar:/home/runner/.m2/repository/io/opentracing/contrib/opentracing-tracerresolver/0.1.8/opentracing-tracerresolver-0.1.8.jar:/home/runner/.m2/repository/org/jetbrains/kotlin/kotlin-stdlib/1.4.31/kotlin-stdlib-1.4.31.jar:/home/runner/.m2/repository/org/jetbrains/kotlin/kotlin-stdlib-common/1.4.31/kotlin-stdlib-common-1.4.31.jar:/home/runner/.m2/repository/org/jetbrains/annotations/13.0/annotations-13.0.jar:/home/runner/.m2/repository/io/opentracing/opentracing-util/0.33.0/opentracing-util-0.33.0.jar:/home/runner/.m2/repository/io/opentracing/opentracing-api/0.33.0/opentracing-api-0.33.0.jar:/home/runner/.m2/repository/io/opentracing/opentracing-noop/0.33.0/opentracing-noop-0.33.0.jar:/home/runner/.m2/repository/org/yaml/snakeyaml/1.26/snakeyaml-1.26.jar:/home/runner/.m2/repository/org/apache/ozone/hdds-interface-admin/1.3.0-SNAPSHOT/hdds-interface-admin-1.3.0-SNAPSHOT.jar:/home/runner/.m2/repository/junit/junit/4.13.1/junit-4.13.1.jar:/home/runner/.m2/repository/org/hamcrest/hamcrest-core/1.3/hamcrest-core-1.3.jar:/home/runner/.m2/repository/org/junit/jupiter/junit-jupiter-api/5.7.0/junit-jupiter-api-5.7.0.jar:/home/runner/.m2/repository/org/apiguardian/apiguardian-api/1.1.0/apiguardian-api-1.1.0.jar:/home/runner/.m2/repository/org/opentest4j/opentest4j/1.2.0/opentest4j-1.2.0.jar:/home/runner/.m2/repository/org/junit/platform/junit-platform-commons/1.7.0/junit-platform-commons-1.7.0.jar:/home/runner/.m2/repository/org/junit/jupiter/junit-jupiter-engine/5.7.0/junit-jupiter-engine-5.7.0.jar:/home/runner/.m2/repository/org/junit/platform/junit-platform-engine/1.7.0/junit-platform-engine-1.7.0.jar:/home/runner/.m2/repository/org/junit/vintage/junit-vintage-engine/5.7.0/junit-vintage-engine-5.7.0.jar:/home/runner/.m2/repository/org/junit/platform/junit-platform-launcher/1.7.0/junit-platform-launcher-1.7.0.jar:/home/runner/.m2/repository/org/openjdk/jmh/jmh-core/1.19/jmh-core-1.19.jar:/home/runner/.m2/repository/net/sf/jopt-simple/jopt-simple/4.6/jopt-simple-4.6.jar:/home/runner/.m2/repository/org/apache/commons/commons-math3/3.1.1/commons-math3-3.1.1.jar:/home/runner/.m2/repository/org/openjdk/jmh/jmh-generator-annprocess/1.19/jmh-generator-annprocess-1.19.jar:/home/runner/.m2/repository/org/mockito/mockito-core/2.28.2/mockito-core-2.28.2.jar:/home/runner/.m2/repository/net/bytebuddy/byte-buddy/1.9.10/byte-buddy-1.9.10.jar:/home/runner/.m2/repository/net/bytebuddy/byte-buddy-agent/1.9.10/byte-buddy-agent-1.9.10.jar:/home/runner/.m2/repository/org/objenesis/objenesis/1.0/objenesis-1.0.jar:/home/runner/.m2/repository/org/apache/hadoop/hadoop-kms/3.3.1/hadoop-kms-3.3.1.jar:/home/runner/.m2/repository/org/apache/hadoop/hadoop-auth/3.3.1/hadoop-auth-3.3.1.jar:/home/runner/.m2/repository/com/nimbusds/nimbus-jose-jwt/7.9/nimbus-jose-jwt-7.9.jar:/home/runner/.m2/repository/com/github/stephenc/jcip/jcip-annotations/1.0-1/jcip-annotations-1.0-1.jar:/home/runner/.m2/repository/net/minidev/json-smart/2.3.1/json-smart-2.3.1.jar:/home/runner/.m2/repository/net/minidev/accessors-smart/2.3.1/accessors-smart-2.3.1.jar:/home/runner/.m2/repository/org/ow2/asm/asm/5.0.4/asm-5.0.4.jar:/home/runner/.m2/repository/org/apache/zookeeper/zookeeper/3.5.6/zookeeper-3.5.6.jar:/home/runner/.m2/repository/org/apache/zookeeper/zookeeper-jute/3.5.6/zookeeper-jute-3.5.6.jar:/home/runner/.m2/repository/org/apache/yetus/audience-annotations/0.5.0/audience-annotations-0.5.0.jar:/home/runner/.m2/repository/org/apache/curator/curator-framework/4.2.0/curator-framework-4.2.0.jar:/home/runner/.m2/repository/org/apache/hadoop/thirdparty/hadoop-shaded-guava/1.1.1/hadoop-shaded-guava-1.1.1.jar:/home/runner/.m2/repository/com/sun/jersey/jersey-core/1.19/jersey-core-1.19.jar:/home/runner/.m2/repository/javax/ws/rs/jsr311-api/1.1.1/jsr311-api-1.1.1.jar:/home/runner/.m2/repository/com/sun/jersey/jersey-server/1.19/jersey-server-1.19.jar:/home/runner/.m2/repository/javax/servlet/javax.servlet-api/3.1.0/javax.servlet-api-3.1.0.jar:/home/runner/.m2/repository/org/eclipse/jetty/jetty-server/9.4.43.v20210629/jetty-server-9.4.43.v20210629.jar:/home/runner/.m2/repository/org/eclipse/jetty/jetty-http/9.4.43.v20210629/jetty-http-9.4.43.v20210629.jar:/home/runner/.m2/repository/org/eclipse/jetty/jetty-io/9.4.43.v20210629/jetty-io-9.4.43.v20210629.jar:/home/runner/.m2/repository/org/eclipse/jetty/jetty-webapp/9.4.43.v20210629/jetty-webapp-9.4.43.v20210629.jar:/home/runner/.m2/repository/org/eclipse/jetty/jetty-xml/9.4.43.v20210629/jetty-xml-9.4.43.v20210629.jar:/home/runner/.m2/repository/org/apache/hadoop/hadoop-common/3.3.1/hadoop-common-3.3.1.jar:/home/runner/.m2/repository/commons-net/commons-net/3.6/commons-net-3.6.jar:/home/runner/.m2/repository/jakarta/activation/jakarta.activation-api/1.2.1/jakarta.activation-api-1.2.1.jar:/home/runner/.m2/repository/com/sun/jersey/jersey-servlet/1.19/jersey-servlet-1.19.jar:/home/runner/.m2/repository/com/sun/jersey/jersey-json/1.19/jersey-json-1.19.jar:/home/runner/.m2/repository/org/codehaus/jettison/jettison/1.1/jettison-1.1.jar:/home/runner/.m2/repository/com/sun/xml/bind/jaxb-impl/2.2.3-1/jaxb-impl-2.2.3-1.jar:/home/runner/.m2/repository/org/codehaus/jackson/jackson-jaxrs/1.9.2/jackson-jaxrs-1.9.2.jar:/home/runner/.m2/repository/org/codehaus/jackson/jackson-xc/1.9.2/jackson-xc-1.9.2.jar:/home/runner/.m2/repository/org/apache/commons/commons-configuration2/2.1.1/commons-configuration2-2.1.1.jar:/home/runner/.m2/repository/org/apache/commons/commons-text/1.4/commons-text-1.4.jar:/home/runner/.m2/repository/com/google/re2j/re2j/1.1/re2j-1.1.jar:/home/runner/.m2/repository/com/jcraft/jsch/0.1.54/jsch-0.1.54.jar:/home/runner/.m2/repository/org/apache/curator/curator-client/4.2.0/curator-client-4.2.0.jar:/home/runner/.m2/repository/org/apache/curator/curator-recipes/4.2.0/curator-recipes-4.2.0.jar:/home/runner/.m2/repository/org/apache/kerby/kerb-core/1.0.1/kerb-core-1.0.1.jar:/home/runner/.m2/repository/org/apache/kerby/kerby-pkix/1.0.1/kerby-pkix-1.0.1.jar:/home/runner/.m2/repository/org/apache/kerby/kerby-asn1/1.0.1/kerby-asn1-1.0.1.jar:/home/runner/.m2/repository/org/apache/kerby/kerby-util/1.0.1/kerby-util-1.0.1.jar:/home/runner/.m2/repository/dnsjava/dnsjava/2.1.7/dnsjava-2.1.7.jar:/home/runner/.m2/repository/org/xerial/snappy/snappy-java/1.1.8.2/snappy-java-1.1.8.2.jar:/home/runner/.m2/repository/org/slf4j/jul-to-slf4j/1.7.30/jul-to-slf4j-1.7.30.jar:/home/runner/.m2/repository/org/eclipse/jetty/jetty-util/9.4.43.v20210629/jetty-util-9.4.43.v20210629.jar:/home/runner/.m2/repository/com/fasterxml/jackson/core/jackson-databind/2.12.1/jackson-databind-2.12.1.jar:/home/runner/.m2/repository/org/apache/hadoop/hadoop-kms/3.3.1/hadoop-kms-3.3.1-tests.jar:/home/runner/.m2/repository/org/apache/ozone/hdds-server-scm/1.3.0-SNAPSHOT/hdds-server-scm-1.3.0-SNAPSHOT-tests.jar:/home/runner/.m2/repository/org/apache/ozone/hdds-container-service/1.3.0-SNAPSHOT/hdds-container-service-1.3.0-SNAPSHOT-tests.jar:/home/runner/.m2/repository/commons-codec/commons-codec/1.11/commons-codec-1.11.jar:/home/runner/.m2/repository/io/netty/netty-transport/4.1.63.Final/netty-transport-4.1.63.Final.jar:/home/runner/.m2/repository/io/netty/netty-resolver/4.1.63.Final/netty-resolver-4.1.63.Final.jar:/home/runner/.m2/repository/io/netty/netty-codec/4.1.63.Final/netty-codec-4.1.63.Final.jar:/home/runner/.m2/repository/io/netty/netty-handler/4.1.63.Final/netty-handler-4.1.63.Final.jar:/home/runner/.m2/repository/org/apache/ozone/hdds-hadoop-dependency-test/1.3.0-SNAPSHOT/hdds-hadoop-dependency-test-1.3.0-SNAPSHOT.jar:/home/runner/.m2/repository/org/apache/hadoop/hadoop-common/3.3.1/hadoop-common-3.3.1-tests.jar:/home/runner/.m2/repository/org/assertj/assertj-core/3.12.2/assertj-core-3.12.2.jar:/home/runner/.m2/repository/org/apache/hadoop/hadoop-hdfs/3.3.1/hadoop-hdfs-3.3.1-tests.jar:/home/runner/.m2/repository/org/eclipse/jetty/jetty-util-ajax/9.4.43.v20210629/jetty-util-ajax-9.4.43.v20210629.jar:/home/runner/.m2/repository/commons-daemon/commons-daemon/1.0.13/commons-daemon-1.0.13.jar:/home/runner/.m2/repository/io/netty/netty/3.10.6.Final/netty-3.10.6.Final.jar:/home/runner/.m2/repository/io/netty/netty-all/4.1.63.Final/netty-all-4.1.63.Final.jar:/home/runner/.m2/repository/org/apache/htrace/htrace-core4/4.1.0-incubating/htrace-core4-4.1.0-incubating.jar:/home/runner/.m2/repository/org/fusesource/leveldbjni/leveldbjni-all/1.8/leveldbjni-all-1.8.jar:/home/runner/.m2/repository/org/apache/hadoop/hadoop-distcp/3.3.1/hadoop-distcp-3.3.1.jar:/home/runner/.m2/repository/org/apache/hadoop/hadoop-mapreduce-client-jobclient/3.3.1/hadoop-mapreduce-client-jobclient-3.3.1.jar:/home/runner/.m2/repository/org/apache/hadoop/hadoop-mapreduce-client-common/3.3.1/hadoop-mapreduce-client-common-3.3.1.jar:/home/runner/.m2/repository/org/apache/hadoop/hadoop-yarn-common/3.3.1/hadoop-yarn-common-3.3.1.jar:/home/runner/.m2/repository/org/apache/hadoop/hadoop-yarn-api/3.3.1/hadoop-yarn-api-3.3.1.jar:/home/runner/.m2/repository/com/sun/jersey/jersey-client/1.19/jersey-client-1.19.jar:/home/runner/.m2/repository/com/sun/jersey/contribs/jersey-guice/1.19/jersey-guice-1.19.jar:/home/runner/.m2/repository/com/fasterxml/jackson/jaxrs/jackson-jaxrs-json-provider/2.12.1/jackson-jaxrs-json-provider-2.12.1.jar:/home/runner/.m2/repository/com/fasterxml/jackson/jaxrs/jackson-jaxrs-base/2.12.1/jackson-jaxrs-base-2.12.1.jar:/home/runner/.m2/repository/org/apache/hadoop/hadoop-yarn-client/3.3.1/hadoop-yarn-client-3.3.1.jar:/home/runner/.m2/repository/org/eclipse/jetty/websocket/websocket-client/9.4.40.v20210413/websocket-client-9.4.40.v20210413.jar:/home/runner/.m2/repository/org/eclipse/jetty/jetty-client/9.4.40.v20210413/jetty-client-9.4.40.v20210413.jar:/home/runner/.m2/repository/org/eclipse/jetty/websocket/websocket-common/9.4.40.v20210413/websocket-common-9.4.40.v20210413.jar:/home/runner/.m2/repository/org/eclipse/jetty/websocket/websocket-api/9.4.40.v20210413/websocket-api-9.4.40.v20210413.jar:/home/runner/.m2/repository/org/jline/jline/3.9.0/jline-3.9.0.jar:/home/runner/.m2/repository/org/apache/hadoop/hadoop-mapreduce-client-core/3.3.1/hadoop-mapreduce-client-core-3.3.1.jar:/home/runner/.m2/repository/org/apache/avro/avro/1.7.7/avro-1.7.7.jar:/home/runner/.m2/repository/org/codehaus/jackson/jackson-core-asl/1.9.13/jackson-core-asl-1.9.13.jar:/home/runner/.m2/repository/org/codehaus/jackson/jackson-mapper-asl/1.9.13/jackson-mapper-asl-1.9.13.jar:/home/runner/.m2/repository/com/thoughtworks/paranamer/paranamer/2.3/paranamer-2.3.jar:/home/runner/.m2/repository/org/apache/hadoop/hadoop-annotations/3.3.1/hadoop-annotations-3.3.1.jar:/usr/lib/jvm/adoptopenjdk-8-hotspot-amd64/jre/../lib/tools.jar:/home/runner/.m2/repository/org/apache/hadoop/hadoop-distcp/3.3.1/hadoop-distcp-3.3.1-tests.jar:/home/runner/.m2/repository/org/apache/ratis/ratis-common/2.2.0/ratis-common-2.2.0.jar:/home/runner/.m2/repository/org/apache/ratis/ratis-thirdparty-misc/0.7.0/ratis-thirdparty-misc-0.7.0.jar:/home/runner/.m2/repository/org/apache/ratis/ratis-proto/2.2.0/ratis-proto-2.2.0.jar:"/>
    <property name="java.vm.vendor" value="AdoptOpenJDK"/>
    <property name="sun.arch.data.model" value="64"/>
    <property name="test.build.dir" value="/home/runner/work/ozone/ozone/hadoop-ozone/integration-test/target/test-dir"/>
    <property name="test.cache.data" value=""/>
    <property name="java.vendor.url" value="https://adoptopenjdk.net/"/>
    <property name="user.timezone" value=""/>
    <property name="java.vm.specification.version" value="1.8"/>
    <property name="os.name" value="Linux"/>
    <property name="test.build.data" value="/home/runner/work/ozone/ozone/hadoop-ozone/integration-test/target/test-dir"/>
    <property name="sun.java.launcher" value="SUN_STANDARD"/>
    <property name="sun.boot.library.path" value="/usr/lib/jvm/adoptopenjdk-8-hotspot-amd64/jre/lib/amd64"/>
    <property name="sun.java.command" value="/home/runner/work/ozone/ozone/hadoop-ozone/integration-test/target/surefire/surefirebooter759771911182435857.jar /home/runner/work/ozone/ozone/hadoop-ozone/integration-test/target/surefire 2021-11-30T12-44-39_059-jvmRun1 surefire1911370755286322499tmp surefire_368519030658387300840tmp"/>
    <property name="surefire.test.class.path" value="/home/runner/work/ozone/ozone/hadoop-ozone/integration-test/target/test-classes:/home/runner/work/ozone/ozone/hadoop-ozone/integration-test/target/classes:/home/runner/.m2/repository/org/apache/ozone/ozone-common/1.3.0-SNAPSHOT/ozone-common-1.3.0-SNAPSHOT.jar:/home/runner/.m2/repository/org/apache/commons/commons-compress/1.21/commons-compress-1.21.jar:/home/runner/.m2/repository/org/apache/ozone/hdds-common/1.3.0-SNAPSHOT/hdds-common-1.3.0-SNAPSHOT.jar:/home/runner/.m2/repository/org/apache/ozone/hdds-client/1.3.0-SNAPSHOT/hdds-client-1.3.0-SNAPSHOT.jar:/home/runner/.m2/repository/org/apache/ozone/ozone-interface-client/1.3.0-SNAPSHOT/ozone-interface-client-1.3.0-SNAPSHOT.jar:/home/runner/.m2/repository/org/apache/ozone/hdds-test-utils/1.3.0-SNAPSHOT/hdds-test-utils-1.3.0-SNAPSHOT.jar:/home/runner/.m2/repository/com/google/guava/guava/30.1.1-jre/guava-30.1.1-jre.jar:/home/runner/.m2/repository/com/google/guava/failureaccess/1.0.1/failureaccess-1.0.1.jar:/home/runner/.m2/repository/com/google/guava/listenablefuture/9999.0-empty-to-avoid-conflict-with-guava/listenablefuture-9999.0-empty-to-avoid-conflict-with-guava.jar:/home/runner/.m2/repository/com/google/code/findbugs/jsr305/3.0.0/jsr305-3.0.0.jar:/home/runner/.m2/repository/org/checkerframework/checker-qual/3.8.0/checker-qual-3.8.0.jar:/home/runner/.m2/repository/com/google/errorprone/error_prone_annotations/2.2.0/error_prone_annotations-2.2.0.jar:/home/runner/.m2/repository/com/google/j2objc/j2objc-annotations/1.3/j2objc-annotations-1.3.jar:/home/runner/.m2/repository/commons-io/commons-io/2.11.0/commons-io-2.11.0.jar:/home/runner/.m2/repository/commons-logging/commons-logging/1.2/commons-logging-1.2.jar:/home/runner/.m2/repository/log4j/log4j/1.2.17/log4j-1.2.17.jar:/home/runner/.m2/repository/org/slf4j/slf4j-api/1.7.30/slf4j-api-1.7.30.jar:/home/runner/.m2/repository/org/apache/ozone/hdds-server-scm/1.3.0-SNAPSHOT/hdds-server-scm-1.3.0-SNAPSHOT.jar:/home/runner/.m2/repository/org/apache/ozone/hdds-container-service/1.3.0-SNAPSHOT/hdds-container-service-1.3.0-SNAPSHOT.jar:/home/runner/.m2/repository/org/apache/ozone/hdds-hadoop-dependency-server/1.3.0-SNAPSHOT/hdds-hadoop-dependency-server-1.3.0-SNAPSHOT.jar:/home/runner/.m2/repository/org/apache/hadoop/hadoop-hdfs/3.3.1/hadoop-hdfs-3.3.1.jar:/home/runner/.m2/repository/org/apache/ozone/hdds-server-framework/1.3.0-SNAPSHOT/hdds-server-framework-1.3.0-SNAPSHOT.jar:/home/runner/.m2/repository/org/apache/ozone/hdds-interface-server/1.3.0-SNAPSHOT/hdds-interface-server-1.3.0-SNAPSHOT.jar:/home/runner/.m2/repository/org/eclipse/jetty/jetty-servlet/9.4.43.v20210629/jetty-servlet-9.4.43.v20210629.jar:/home/runner/.m2/repository/org/eclipse/jetty/jetty-security/9.4.43.v20210629/jetty-security-9.4.43.v20210629.jar:/home/runner/.m2/repository/org/rocksdb/rocksdbjni/6.25.3/rocksdbjni-6.25.3.jar:/home/runner/.m2/repository/io/prometheus/simpleclient_dropwizard/0.7.0/simpleclient_dropwizard-0.7.0.jar:/home/runner/.m2/repository/io/prometheus/simpleclient/0.7.0/simpleclient-0.7.0.jar:/home/runner/.m2/repository/io/prometheus/simpleclient_common/0.7.0/simpleclient_common-0.7.0.jar:/home/runner/.m2/repository/com/fasterxml/jackson/datatype/jackson-datatype-jsr310/2.12.1/jackson-datatype-jsr310-2.12.1.jar:/home/runner/.m2/repository/io/dropwizard/metrics/metrics-core/3.2.4/metrics-core-3.2.4.jar:/home/runner/.m2/repository/org/apache/hadoop/hadoop-hdfs-client/3.3.1/hadoop-hdfs-client-3.3.1.jar:/home/runner/.m2/repository/org/bouncycastle/bcprov-jdk15on/1.67/bcprov-jdk15on-1.67.jar:/home/runner/.m2/repository/com/google/protobuf/protobuf-java/2.5.0/protobuf-java-2.5.0.jar:/home/runner/.m2/repository/org/apache/ozone/ozone-manager/1.3.0-SNAPSHOT/ozone-manager-1.3.0-SNAPSHOT.jar:/home/runner/.m2/repository/org/aspectj/aspectjrt/1.9.7/aspectjrt-1.9.7.jar:/home/runner/.m2/repository/org/aspectj/aspectjweaver/1.9.7/aspectjweaver-1.9.7.jar:/home/runner/.m2/repository/org/apache/ozone/hdds-interface-client/1.3.0-SNAPSHOT/hdds-interface-client-1.3.0-SNAPSHOT.jar:/home/runner/.m2/repository/org/apache/hadoop/thirdparty/hadoop-shaded-protobuf_3_7/1.1.1/hadoop-shaded-protobuf_3_7-1.1.1.jar:/home/runner/.m2/repository/org/apache/ozone/ozone-interface-storage/1.3.0-SNAPSHOT/ozone-interface-storage-1.3.0-SNAPSHOT.jar:/home/runner/.m2/repository/org/reflections/reflections/0.9.11/reflections-0.9.11.jar:/home/runner/.m2/repository/org/apache/hadoop/hadoop-minikdc/3.3.1/hadoop-minikdc-3.3.1.jar:/home/runner/.m2/repository/org/apache/kerby/kerb-simplekdc/1.0.1/kerb-simplekdc-1.0.1.jar:/home/runner/.m2/repository/org/apache/kerby/kerb-client/1.0.1/kerb-client-1.0.1.jar:/home/runner/.m2/repository/org/apache/kerby/kerby-config/1.0.1/kerby-config-1.0.1.jar:/home/runner/.m2/repository/org/apache/kerby/kerb-common/1.0.1/kerb-common-1.0.1.jar:/home/runner/.m2/repository/org/apache/kerby/kerb-crypto/1.0.1/kerb-crypto-1.0.1.jar:/home/runner/.m2/repository/org/apache/kerby/kerb-util/1.0.1/kerb-util-1.0.1.jar:/home/runner/.m2/repository/org/apache/kerby/token-provider/1.0.1/token-provider-1.0.1.jar:/home/runner/.m2/repository/org/apache/kerby/kerb-admin/1.0.1/kerb-admin-1.0.1.jar:/home/runner/.m2/repository/org/apache/kerby/kerb-server/1.0.1/kerb-server-1.0.1.jar:/home/runner/.m2/repository/org/apache/kerby/kerb-identity/1.0.1/kerb-identity-1.0.1.jar:/home/runner/.m2/repository/org/apache/kerby/kerby-xdr/1.0.1/kerby-xdr-1.0.1.jar:/home/runner/.m2/repository/org/slf4j/slf4j-log4j12/1.7.30/slf4j-log4j12-1.7.30.jar:/home/runner/.m2/repository/org/apache/ozone/ozone-s3gateway/1.3.0-SNAPSHOT/ozone-s3gateway-1.3.0-SNAPSHOT.jar:/home/runner/.m2/repository/org/javassist/javassist/3.21.0-GA/javassist-3.21.0-GA.jar:/home/runner/.m2/repository/org/jboss/weld/servlet/weld-servlet/2.4.7.Final/weld-servlet-2.4.7.Final.jar:/home/runner/.m2/repository/org/glassfish/jersey/containers/jersey-container-servlet-core/2.33/jersey-container-servlet-core-2.33.jar:/home/runner/.m2/repository/org/glassfish/hk2/external/jakarta.inject/2.6.1/jakarta.inject-2.6.1.jar:/home/runner/.m2/repository/org/glassfish/jersey/core/jersey-common/2.33/jersey-common-2.33.jar:/home/runner/.m2/repository/jakarta/ws/rs/jakarta.ws.rs-api/2.1.6/jakarta.ws.rs-api-2.1.6.jar:/home/runner/.m2/repository/org/glassfish/jersey/ext/cdi/jersey-cdi1x/2.33/jersey-cdi1x-2.33.jar:/home/runner/.m2/repository/org/glassfish/jersey/inject/jersey-hk2/2.33/jersey-hk2-2.33.jar:/home/runner/.m2/repository/org/glassfish/hk2/hk2-locator/2.6.1/hk2-locator-2.6.1.jar:/home/runner/.m2/repository/org/glassfish/jersey/media/jersey-media-jaxb/2.33/jersey-media-jaxb-2.33.jar:/home/runner/.m2/repository/org/glassfish/hk2/osgi-resource-locator/1.0.3/osgi-resource-locator-1.0.3.jar:/home/runner/.m2/repository/org/glassfish/hk2/hk2-api/2.5.0/hk2-api-2.5.0.jar:/home/runner/.m2/repository/org/glassfish/hk2/hk2-utils/2.5.0/hk2-utils-2.5.0.jar:/home/runner/.m2/repository/org/glassfish/hk2/external/aopalliance-repackaged/2.5.0/aopalliance-repackaged-2.5.0.jar:/home/runner/.m2/repository/com/fasterxml/jackson/dataformat/jackson-dataformat-xml/2.12.1/jackson-dataformat-xml-2.12.1.jar:/home/runner/.m2/repository/com/fasterxml/jackson/core/jackson-core/2.12.1/jackson-core-2.12.1.jar:/home/runner/.m2/repository/com/fasterxml/jackson/module/jackson-module-jaxb-annotations/2.12.1/jackson-module-jaxb-annotations-2.12.1.jar:/home/runner/.m2/repository/jakarta/xml/bind/jakarta.xml.bind-api/2.3.2/jakarta.xml.bind-api-2.3.2.jar:/home/runner/.m2/repository/org/codehaus/woodstox/stax2-api/3.1.4/stax2-api-3.1.4.jar:/home/runner/.m2/repository/com/fasterxml/woodstox/woodstox-core/5.0.3/woodstox-core-5.0.3.jar:/home/runner/.m2/repository/javax/enterprise/cdi-api/1.2/cdi-api-1.2.jar:/home/runner/.m2/repository/javax/el/javax.el-api/3.0.0/javax.el-api-3.0.0.jar:/home/runner/.m2/repository/javax/interceptor/javax.interceptor-api/1.2/javax.interceptor-api-1.2.jar:/home/runner/.m2/repository/javax/inject/javax.inject/1/javax.inject-1.jar:/home/runner/.m2/repository/javax/xml/bind/jaxb-api/2.3.0/jaxb-api-2.3.0.jar:/home/runner/.m2/repository/org/glassfish/jaxb/jaxb-runtime/2.3.0.1/jaxb-runtime-2.3.0.1.jar:/home/runner/.m2/repository/org/glassfish/jaxb/jaxb-core/2.3.0.1/jaxb-core-2.3.0.1.jar:/home/runner/.m2/repository/org/glassfish/jaxb/txw2/2.3.0.1/txw2-2.3.0.1.jar:/home/runner/.m2/repository/com/sun/istack/istack-commons-runtime/3.0.5/istack-commons-runtime-3.0.5.jar:/home/runner/.m2/repository/org/jvnet/staxex/stax-ex/1.7.8/stax-ex-1.7.8.jar:/home/runner/.m2/repository/com/sun/xml/fastinfoset/FastInfoset/1.2.13/FastInfoset-1.2.13.jar:/home/runner/.m2/repository/javax/activation/activation/1.1.1/activation-1.1.1.jar:/home/runner/.m2/repository/org/apache/ozone/ozone-csi/1.3.0-SNAPSHOT/ozone-csi-1.3.0-SNAPSHOT.jar:/home/runner/.m2/repository/com/google/protobuf/protobuf-java-util/3.12.0/protobuf-java-util-3.12.0.jar:/home/runner/.m2/repository/com/google/code/gson/gson/2.2.4/gson-2.2.4.jar:/home/runner/.m2/repository/org/apache/ozone/hdds-config/1.3.0-SNAPSHOT/hdds-config-1.3.0-SNAPSHOT.jar:/home/runner/.m2/repository/io/grpc/grpc-netty/1.33.0/grpc-netty-1.33.0.jar:/home/runner/.m2/repository/io/grpc/grpc-core/1.33.0/grpc-core-1.33.0.jar:/home/runner/.m2/repository/com/google/android/annotations/4.1.1.4/annotations-4.1.1.4.jar:/home/runner/.m2/repository/io/netty/netty-codec-http2/4.1.63.Final/netty-codec-http2-4.1.63.Final.jar:/home/runner/.m2/repository/io/netty/netty-codec-http/4.1.63.Final/netty-codec-http-4.1.63.Final.jar:/home/runner/.m2/repository/io/netty/netty-handler-proxy/4.1.63.Final/netty-handler-proxy-4.1.63.Final.jar:/home/runner/.m2/repository/io/netty/netty-codec-socks/4.1.63.Final/netty-codec-socks-4.1.63.Final.jar:/home/runner/.m2/repository/io/perfmark/perfmark-api/0.19.0/perfmark-api-0.19.0.jar:/home/runner/.m2/repository/org/codehaus/mojo/animal-sniffer-annotations/1.18/animal-sniffer-annotations-1.18.jar:/home/runner/.m2/repository/io/netty/netty-transport-native-epoll/4.1.63.Final/netty-transport-native-epoll-4.1.63.Final.jar:/home/runner/.m2/repository/io/netty/netty-common/4.1.63.Final/netty-common-4.1.63.Final.jar:/home/runner/.m2/repository/io/netty/netty-buffer/4.1.63.Final/netty-buffer-4.1.63.Final.jar:/home/runner/.m2/repository/io/netty/netty-transport-native-unix-common/4.1.63.Final/netty-transport-native-unix-common-4.1.63.Final.jar:/home/runner/.m2/repository/io/grpc/grpc-protobuf/1.33.0/grpc-protobuf-1.33.0.jar:/home/runner/.m2/repository/io/grpc/grpc-api/1.33.0/grpc-api-1.33.0.jar:/home/runner/.m2/repository/io/grpc/grpc-context/1.33.0/grpc-context-1.33.0.jar:/home/runner/.m2/repository/com/google/api/grpc/proto-google-common-protos/1.17.0/proto-google-common-protos-1.17.0.jar:/home/runner/.m2/repository/io/grpc/grpc-protobuf-lite/1.33.0/grpc-protobuf-lite-1.33.0.jar:/home/runner/.m2/repository/io/grpc/grpc-stub/1.33.0/grpc-stub-1.33.0.jar:/home/runner/.m2/repository/org/apache/ozone/ozone-recon/1.3.0-SNAPSHOT/ozone-recon-1.3.0-SNAPSHOT.jar:/home/runner/.m2/repository/org/apache/ozone/ozone-reconcodegen/1.3.0-SNAPSHOT/ozone-reconcodegen-1.3.0-SNAPSHOT.jar:/home/runner/.m2/repository/com/google/inject/extensions/guice-multibindings/4.0/guice-multibindings-4.0.jar:/home/runner/.m2/repository/com/google/inject/guice/4.0/guice-4.0.jar:/home/runner/.m2/repository/aopalliance/aopalliance/1.0/aopalliance-1.0.jar:/home/runner/.m2/repository/com/google/inject/extensions/guice-assistedinject/4.0/guice-assistedinject-4.0.jar:/home/runner/.m2/repository/com/google/inject/extensions/guice-servlet/4.0/guice-servlet-4.0.jar:/home/runner/.m2/repository/org/glassfish/jersey/containers/jersey-container-servlet/2.33/jersey-container-servlet-2.33.jar:/home/runner/.m2/repository/org/glassfish/hk2/guice-bridge/2.5.0/guice-bridge-2.5.0.jar:/home/runner/.m2/repository/org/glassfish/jersey/core/jersey-server/2.33/jersey-server-2.33.jar:/home/runner/.m2/repository/org/glassfish/jersey/core/jersey-client/2.33/jersey-client-2.33.jar:/home/runner/.m2/repository/jakarta/annotation/jakarta.annotation-api/1.3.5/jakarta.annotation-api-1.3.5.jar:/home/runner/.m2/repository/jakarta/validation/jakarta.validation-api/2.0.2/jakarta.validation-api-2.0.2.jar:/home/runner/.m2/repository/org/glassfish/jersey/media/jersey-media-json-jackson/2.33/jersey-media-json-jackson-2.33.jar:/home/runner/.m2/repository/org/glassfish/jersey/ext/jersey-entity-filtering/2.33/jersey-entity-filtering-2.33.jar:/home/runner/.m2/repository/org/jooq/jooq/3.11.10/jooq-3.11.10.jar:/home/runner/.m2/repository/org/jooq/jooq-meta/3.11.10/jooq-meta-3.11.10.jar:/home/runner/.m2/repository/org/jooq/jooq-codegen/3.11.10/jooq-codegen-3.11.10.jar:/home/runner/.m2/repository/com/jolbox/bonecp/0.8.0.RELEASE/bonecp-0.8.0.RELEASE.jar:/home/runner/.m2/repository/org/apache/derby/derby/10.14.2.0/derby-10.14.2.0.jar:/home/runner/.m2/repository/org/xerial/sqlite-jdbc/3.25.2/sqlite-jdbc-3.25.2.jar:/home/runner/.m2/repository/org/springframework/spring-jdbc/5.2.18.RELEASE/spring-jdbc-5.2.18.RELEASE.jar:/home/runner/.m2/repository/org/springframework/spring-beans/5.2.18.RELEASE/spring-beans-5.2.18.RELEASE.jar:/home/runner/.m2/repository/org/springframework/spring-core/5.2.18.RELEASE/spring-core-5.2.18.RELEASE.jar:/home/runner/.m2/repository/org/springframework/spring-jcl/5.2.18.RELEASE/spring-jcl-5.2.18.RELEASE.jar:/home/runner/.m2/repository/org/springframework/spring-tx/5.2.18.RELEASE/spring-tx-5.2.18.RELEASE.jar:/home/runner/.m2/repository/org/apache/ozone/ozone-client/1.3.0-SNAPSHOT/ozone-client-1.3.0-SNAPSHOT.jar:/home/runner/.m2/repository/org/apache/ozone/ozone-filesystem/1.3.0-SNAPSHOT/ozone-filesystem-1.3.0-SNAPSHOT.jar:/home/runner/.m2/repository/org/apache/ozone/ozone-filesystem-common/1.3.0-SNAPSHOT/ozone-filesystem-common-1.3.0-SNAPSHOT.jar:/home/runner/.m2/repository/org/apache/ozone/ozone-tools/1.3.0-SNAPSHOT/ozone-tools-1.3.0-SNAPSHOT.jar:/home/runner/.m2/repository/org/apache/ratis/ratis-tools/2.2.0/ratis-tools-2.2.0.jar:/home/runner/.m2/repository/com/amazonaws/aws-java-sdk-core/1.11.1034/aws-java-sdk-core-1.11.1034.jar:/home/runner/.m2/repository/org/apache/httpcomponents/httpclient/4.5.13/httpclient-4.5.13.jar:/home/runner/.m2/repository/org/apache/httpcomponents/httpcore/4.4.13/httpcore-4.4.13.jar:/home/runner/.m2/repository/software/amazon/ion/ion-java/1.0.2/ion-java-1.0.2.jar:/home/runner/.m2/repository/com/fasterxml/jackson/dataformat/jackson-dataformat-cbor/2.12.1/jackson-dataformat-cbor-2.12.1.jar:/home/runner/.m2/repository/joda-time/joda-time/2.8.1/joda-time-2.8.1.jar:/home/runner/.m2/repository/com/amazonaws/aws-java-sdk-s3/1.11.1034/aws-java-sdk-s3-1.11.1034.jar:/home/runner/.m2/repository/com/amazonaws/aws-java-sdk-kms/1.11.1034/aws-java-sdk-kms-1.11.1034.jar:/home/runner/.m2/repository/com/amazonaws/jmespath-java/1.11.1034/jmespath-java-1.11.1034.jar:/home/runner/.m2/repository/org/kohsuke/metainf-services/metainf-services/1.8/metainf-services-1.8.jar:/home/runner/.m2/repository/org/apache/ozone/hdds-tools/1.3.0-SNAPSHOT/hdds-tools-1.3.0-SNAPSHOT.jar:/home/runner/.m2/repository/commons-cli/commons-cli/1.2/commons-cli-1.2.jar:/home/runner/.m2/repository/org/apache/commons/commons-lang3/3.7/commons-lang3-3.7.jar:/home/runner/.m2/repository/org/apache/ozone/ozone-manager/1.3.0-SNAPSHOT/ozone-manager-1.3.0-SNAPSHOT-tests.jar:/home/runner/.m2/repository/org/apache/ozone/hdds-common/1.3.0-SNAPSHOT/hdds-common-1.3.0-SNAPSHOT-tests.jar:/home/runner/.m2/repository/org/apache/ozone/hdds-hadoop-dependency-client/1.3.0-SNAPSHOT/hdds-hadoop-dependency-client-1.3.0-SNAPSHOT.jar:/home/runner/.m2/repository/info/picocli/picocli/4.6.1/picocli-4.6.1.jar:/home/runner/.m2/repository/com/fasterxml/jackson/core/jackson-annotations/2.12.1/jackson-annotations-2.12.1.jar:/home/runner/.m2/repository/javax/annotation/javax.annotation-api/1.2/javax.annotation-api-1.2.jar:/home/runner/.m2/repository/org/apache/ratis/ratis-server/2.2.0/ratis-server-2.2.0.jar:/home/runner/.m2/repository/org/apache/ratis/ratis-client/2.2.0/ratis-client-2.2.0.jar:/home/runner/.m2/repository/org/apache/ratis/ratis-server-api/2.2.0/ratis-server-api-2.2.0.jar:/home/runner/.m2/repository/org/apache/ratis/ratis-metrics/2.2.0/ratis-metrics-2.2.0.jar:/home/runner/.m2/repository/org/apache/ratis/ratis-netty/2.2.0/ratis-netty-2.2.0.jar:/home/runner/.m2/repository/org/apache/ratis/ratis-grpc/2.2.0/ratis-grpc-2.2.0.jar:/home/runner/.m2/repository/org/apache/logging/log4j/log4j-api/2.13.3/log4j-api-2.13.3.jar:/home/runner/.m2/repository/org/apache/logging/log4j/log4j-core/2.13.3/log4j-core-2.13.3.jar:/home/runner/.m2/repository/com/lmax/disruptor/3.4.2/disruptor-3.4.2.jar:/home/runner/.m2/repository/org/apache/commons/commons-pool2/2.6.0/commons-pool2-2.6.0.jar:/home/runner/.m2/repository/org/bouncycastle/bcpkix-jdk15on/1.67/bcpkix-jdk15on-1.67.jar:/home/runner/.m2/repository/commons-validator/commons-validator/1.6/commons-validator-1.6.jar:/home/runner/.m2/repository/commons-beanutils/commons-beanutils/1.9.4/commons-beanutils-1.9.4.jar:/home/runner/.m2/repository/commons-digester/commons-digester/1.8.1/commons-digester-1.8.1.jar:/home/runner/.m2/repository/commons-collections/commons-collections/3.2.2/commons-collections-3.2.2.jar:/home/runner/.m2/repository/io/jaegertracing/jaeger-client/1.6.0/jaeger-client-1.6.0.jar:/home/runner/.m2/repository/io/jaegertracing/jaeger-thrift/1.6.0/jaeger-thrift-1.6.0.jar:/home/runner/.m2/repository/org/apache/thrift/libthrift/0.14.1/libthrift-0.14.1.jar:/home/runner/.m2/repository/com/squareup/okhttp3/okhttp/4.9.0/okhttp-4.9.0.jar:/home/runner/.m2/repository/com/squareup/okio/okio/2.8.0/okio-2.8.0.jar:/home/runner/.m2/repository/io/jaegertracing/jaeger-core/1.6.0/jaeger-core-1.6.0.jar:/home/runner/.m2/repository/io/jaegertracing/jaeger-tracerresolver/1.6.0/jaeger-tracerresolver-1.6.0.jar:/home/runner/.m2/repository/io/opentracing/contrib/opentracing-tracerresolver/0.1.8/opentracing-tracerresolver-0.1.8.jar:/home/runner/.m2/repository/org/jetbrains/kotlin/kotlin-stdlib/1.4.31/kotlin-stdlib-1.4.31.jar:/home/runner/.m2/repository/org/jetbrains/kotlin/kotlin-stdlib-common/1.4.31/kotlin-stdlib-common-1.4.31.jar:/home/runner/.m2/repository/org/jetbrains/annotations/13.0/annotations-13.0.jar:/home/runner/.m2/repository/io/opentracing/opentracing-util/0.33.0/opentracing-util-0.33.0.jar:/home/runner/.m2/repository/io/opentracing/opentracing-api/0.33.0/opentracing-api-0.33.0.jar:/home/runner/.m2/repository/io/opentracing/opentracing-noop/0.33.0/opentracing-noop-0.33.0.jar:/home/runner/.m2/repository/org/yaml/snakeyaml/1.26/snakeyaml-1.26.jar:/home/runner/.m2/repository/org/apache/ozone/hdds-interface-admin/1.3.0-SNAPSHOT/hdds-interface-admin-1.3.0-SNAPSHOT.jar:/home/runner/.m2/repository/junit/junit/4.13.1/junit-4.13.1.jar:/home/runner/.m2/repository/org/hamcrest/hamcrest-core/1.3/hamcrest-core-1.3.jar:/home/runner/.m2/repository/org/junit/jupiter/junit-jupiter-api/5.7.0/junit-jupiter-api-5.7.0.jar:/home/runner/.m2/repository/org/apiguardian/apiguardian-api/1.1.0/apiguardian-api-1.1.0.jar:/home/runner/.m2/repository/org/opentest4j/opentest4j/1.2.0/opentest4j-1.2.0.jar:/home/runner/.m2/repository/org/junit/platform/junit-platform-commons/1.7.0/junit-platform-commons-1.7.0.jar:/home/runner/.m2/repository/org/junit/jupiter/junit-jupiter-engine/5.7.0/junit-jupiter-engine-5.7.0.jar:/home/runner/.m2/repository/org/junit/platform/junit-platform-engine/1.7.0/junit-platform-engine-1.7.0.jar:/home/runner/.m2/repository/org/junit/vintage/junit-vintage-engine/5.7.0/junit-vintage-engine-5.7.0.jar:/home/runner/.m2/repository/org/junit/platform/junit-platform-launcher/1.7.0/junit-platform-launcher-1.7.0.jar:/home/runner/.m2/repository/org/openjdk/jmh/jmh-core/1.19/jmh-core-1.19.jar:/home/runner/.m2/repository/net/sf/jopt-simple/jopt-simple/4.6/jopt-simple-4.6.jar:/home/runner/.m2/repository/org/apache/commons/commons-math3/3.1.1/commons-math3-3.1.1.jar:/home/runner/.m2/repository/org/openjdk/jmh/jmh-generator-annprocess/1.19/jmh-generator-annprocess-1.19.jar:/home/runner/.m2/repository/org/mockito/mockito-core/2.28.2/mockito-core-2.28.2.jar:/home/runner/.m2/repository/net/bytebuddy/byte-buddy/1.9.10/byte-buddy-1.9.10.jar:/home/runner/.m2/repository/net/bytebuddy/byte-buddy-agent/1.9.10/byte-buddy-agent-1.9.10.jar:/home/runner/.m2/repository/org/objenesis/objenesis/1.0/objenesis-1.0.jar:/home/runner/.m2/repository/org/apache/hadoop/hadoop-kms/3.3.1/hadoop-kms-3.3.1.jar:/home/runner/.m2/repository/org/apache/hadoop/hadoop-auth/3.3.1/hadoop-auth-3.3.1.jar:/home/runner/.m2/repository/com/nimbusds/nimbus-jose-jwt/7.9/nimbus-jose-jwt-7.9.jar:/home/runner/.m2/repository/com/github/stephenc/jcip/jcip-annotations/1.0-1/jcip-annotations-1.0-1.jar:/home/runner/.m2/repository/net/minidev/json-smart/2.3.1/json-smart-2.3.1.jar:/home/runner/.m2/repository/net/minidev/accessors-smart/2.3.1/accessors-smart-2.3.1.jar:/home/runner/.m2/repository/org/ow2/asm/asm/5.0.4/asm-5.0.4.jar:/home/runner/.m2/repository/org/apache/zookeeper/zookeeper/3.5.6/zookeeper-3.5.6.jar:/home/runner/.m2/repository/org/apache/zookeeper/zookeeper-jute/3.5.6/zookeeper-jute-3.5.6.jar:/home/runner/.m2/repository/org/apache/yetus/audience-annotations/0.5.0/audience-annotations-0.5.0.jar:/home/runner/.m2/repository/org/apache/curator/curator-framework/4.2.0/curator-framework-4.2.0.jar:/home/runner/.m2/repository/org/apache/hadoop/thirdparty/hadoop-shaded-guava/1.1.1/hadoop-shaded-guava-1.1.1.jar:/home/runner/.m2/repository/com/sun/jersey/jersey-core/1.19/jersey-core-1.19.jar:/home/runner/.m2/repository/javax/ws/rs/jsr311-api/1.1.1/jsr311-api-1.1.1.jar:/home/runner/.m2/repository/com/sun/jersey/jersey-server/1.19/jersey-server-1.19.jar:/home/runner/.m2/repository/javax/servlet/javax.servlet-api/3.1.0/javax.servlet-api-3.1.0.jar:/home/runner/.m2/repository/org/eclipse/jetty/jetty-server/9.4.43.v20210629/jetty-server-9.4.43.v20210629.jar:/home/runner/.m2/repository/org/eclipse/jetty/jetty-http/9.4.43.v20210629/jetty-http-9.4.43.v20210629.jar:/home/runner/.m2/repository/org/eclipse/jetty/jetty-io/9.4.43.v20210629/jetty-io-9.4.43.v20210629.jar:/home/runner/.m2/repository/org/eclipse/jetty/jetty-webapp/9.4.43.v20210629/jetty-webapp-9.4.43.v20210629.jar:/home/runner/.m2/repository/org/eclipse/jetty/jetty-xml/9.4.43.v20210629/jetty-xml-9.4.43.v20210629.jar:/home/runner/.m2/repository/org/apache/hadoop/hadoop-common/3.3.1/hadoop-common-3.3.1.jar:/home/runner/.m2/repository/commons-net/commons-net/3.6/commons-net-3.6.jar:/home/runner/.m2/repository/jakarta/activation/jakarta.activation-api/1.2.1/jakarta.activation-api-1.2.1.jar:/home/runner/.m2/repository/com/sun/jersey/jersey-servlet/1.19/jersey-servlet-1.19.jar:/home/runner/.m2/repository/com/sun/jersey/jersey-json/1.19/jersey-json-1.19.jar:/home/runner/.m2/repository/org/codehaus/jettison/jettison/1.1/jettison-1.1.jar:/home/runner/.m2/repository/com/sun/xml/bind/jaxb-impl/2.2.3-1/jaxb-impl-2.2.3-1.jar:/home/runner/.m2/repository/org/codehaus/jackson/jackson-jaxrs/1.9.2/jackson-jaxrs-1.9.2.jar:/home/runner/.m2/repository/org/codehaus/jackson/jackson-xc/1.9.2/jackson-xc-1.9.2.jar:/home/runner/.m2/repository/org/apache/commons/commons-configuration2/2.1.1/commons-configuration2-2.1.1.jar:/home/runner/.m2/repository/org/apache/commons/commons-text/1.4/commons-text-1.4.jar:/home/runner/.m2/repository/com/google/re2j/re2j/1.1/re2j-1.1.jar:/home/runner/.m2/repository/com/jcraft/jsch/0.1.54/jsch-0.1.54.jar:/home/runner/.m2/repository/org/apache/curator/curator-client/4.2.0/curator-client-4.2.0.jar:/home/runner/.m2/repository/org/apache/curator/curator-recipes/4.2.0/curator-recipes-4.2.0.jar:/home/runner/.m2/repository/org/apache/kerby/kerb-core/1.0.1/kerb-core-1.0.1.jar:/home/runner/.m2/repository/org/apache/kerby/kerby-pkix/1.0.1/kerby-pkix-1.0.1.jar:/home/runner/.m2/repository/org/apache/kerby/kerby-asn1/1.0.1/kerby-asn1-1.0.1.jar:/home/runner/.m2/repository/org/apache/kerby/kerby-util/1.0.1/kerby-util-1.0.1.jar:/home/runner/.m2/repository/dnsjava/dnsjava/2.1.7/dnsjava-2.1.7.jar:/home/runner/.m2/repository/org/xerial/snappy/snappy-java/1.1.8.2/snappy-java-1.1.8.2.jar:/home/runner/.m2/repository/org/slf4j/jul-to-slf4j/1.7.30/jul-to-slf4j-1.7.30.jar:/home/runner/.m2/repository/org/eclipse/jetty/jetty-util/9.4.43.v20210629/jetty-util-9.4.43.v20210629.jar:/home/runner/.m2/repository/com/fasterxml/jackson/core/jackson-databind/2.12.1/jackson-databind-2.12.1.jar:/home/runner/.m2/repository/org/apache/hadoop/hadoop-kms/3.3.1/hadoop-kms-3.3.1-tests.jar:/home/runner/.m2/repository/org/apache/ozone/hdds-server-scm/1.3.0-SNAPSHOT/hdds-server-scm-1.3.0-SNAPSHOT-tests.jar:/home/runner/.m2/repository/org/apache/ozone/hdds-container-service/1.3.0-SNAPSHOT/hdds-container-service-1.3.0-SNAPSHOT-tests.jar:/home/runner/.m2/repository/commons-codec/commons-codec/1.11/commons-codec-1.11.jar:/home/runner/.m2/repository/io/netty/netty-transport/4.1.63.Final/netty-transport-4.1.63.Final.jar:/home/runner/.m2/repository/io/netty/netty-resolver/4.1.63.Final/netty-resolver-4.1.63.Final.jar:/home/runner/.m2/repository/io/netty/netty-codec/4.1.63.Final/netty-codec-4.1.63.Final.jar:/home/runner/.m2/repository/io/netty/netty-handler/4.1.63.Final/netty-handler-4.1.63.Final.jar:/home/runner/.m2/repository/org/apache/ozone/hdds-hadoop-dependency-test/1.3.0-SNAPSHOT/hdds-hadoop-dependency-test-1.3.0-SNAPSHOT.jar:/home/runner/.m2/repository/org/apache/hadoop/hadoop-common/3.3.1/hadoop-common-3.3.1-tests.jar:/home/runner/.m2/repository/org/assertj/assertj-core/3.12.2/assertj-core-3.12.2.jar:/home/runner/.m2/repository/org/apache/hadoop/hadoop-hdfs/3.3.1/hadoop-hdfs-3.3.1-tests.jar:/home/runner/.m2/repository/org/eclipse/jetty/jetty-util-ajax/9.4.43.v20210629/jetty-util-ajax-9.4.43.v20210629.jar:/home/runner/.m2/repository/commons-daemon/commons-daemon/1.0.13/commons-daemon-1.0.13.jar:/home/runner/.m2/repository/io/netty/netty/3.10.6.Final/netty-3.10.6.Final.jar:/home/runner/.m2/repository/io/netty/netty-all/4.1.63.Final/netty-all-4.1.63.Final.jar:/home/runner/.m2/repository/org/apache/htrace/htrace-core4/4.1.0-incubating/htrace-core4-4.1.0-incubating.jar:/home/runner/.m2/repository/org/fusesource/leveldbjni/leveldbjni-all/1.8/leveldbjni-all-1.8.jar:/home/runner/.m2/repository/org/apache/hadoop/hadoop-distcp/3.3.1/hadoop-distcp-3.3.1.jar:/home/runner/.m2/repository/org/apache/hadoop/hadoop-mapreduce-client-jobclient/3.3.1/hadoop-mapreduce-client-jobclient-3.3.1.jar:/home/runner/.m2/repository/org/apache/hadoop/hadoop-mapreduce-client-common/3.3.1/hadoop-mapreduce-client-common-3.3.1.jar:/home/runner/.m2/repository/org/apache/hadoop/hadoop-yarn-common/3.3.1/hadoop-yarn-common-3.3.1.jar:/home/runner/.m2/repository/org/apache/hadoop/hadoop-yarn-api/3.3.1/hadoop-yarn-api-3.3.1.jar:/home/runner/.m2/repository/com/sun/jersey/jersey-client/1.19/jersey-client-1.19.jar:/home/runner/.m2/repository/com/sun/jersey/contribs/jersey-guice/1.19/jersey-guice-1.19.jar:/home/runner/.m2/repository/com/fasterxml/jackson/jaxrs/jackson-jaxrs-json-provider/2.12.1/jackson-jaxrs-json-provider-2.12.1.jar:/home/runner/.m2/repository/com/fasterxml/jackson/jaxrs/jackson-jaxrs-base/2.12.1/jackson-jaxrs-base-2.12.1.jar:/home/runner/.m2/repository/org/apache/hadoop/hadoop-yarn-client/3.3.1/hadoop-yarn-client-3.3.1.jar:/home/runner/.m2/repository/org/eclipse/jetty/websocket/websocket-client/9.4.40.v20210413/websocket-client-9.4.40.v20210413.jar:/home/runner/.m2/repository/org/eclipse/jetty/jetty-client/9.4.40.v20210413/jetty-client-9.4.40.v20210413.jar:/home/runner/.m2/repository/org/eclipse/jetty/websocket/websocket-common/9.4.40.v20210413/websocket-common-9.4.40.v20210413.jar:/home/runner/.m2/repository/org/eclipse/jetty/websocket/websocket-api/9.4.40.v20210413/websocket-api-9.4.40.v20210413.jar:/home/runner/.m2/repository/org/jline/jline/3.9.0/jline-3.9.0.jar:/home/runner/.m2/repository/org/apache/hadoop/hadoop-mapreduce-client-core/3.3.1/hadoop-mapreduce-client-core-3.3.1.jar:/home/runner/.m2/repository/org/apache/avro/avro/1.7.7/avro-1.7.7.jar:/home/runner/.m2/repository/org/codehaus/jackson/jackson-core-asl/1.9.13/jackson-core-asl-1.9.13.jar:/home/runner/.m2/repository/org/codehaus/jackson/jackson-mapper-asl/1.9.13/jackson-mapper-asl-1.9.13.jar:/home/runner/.m2/repository/com/thoughtworks/paranamer/paranamer/2.3/paranamer-2.3.jar:/home/runner/.m2/repository/org/apache/hadoop/hadoop-annotations/3.3.1/hadoop-annotations-3.3.1.jar:/usr/lib/jvm/adoptopenjdk-8-hotspot-amd64/jre/../lib/tools.jar:/home/runner/.m2/repository/org/apache/hadoop/hadoop-distcp/3.3.1/hadoop-distcp-3.3.1-tests.jar:/home/runner/.m2/repository/org/apache/ratis/ratis-common/2.2.0/ratis-common-2.2.0.jar:/home/runner/.m2/repository/org/apache/ratis/ratis-thirdparty-misc/0.7.0/ratis-thirdparty-misc-0.7.0.jar:/home/runner/.m2/repository/org/apache/ratis/ratis-proto/2.2.0/ratis-proto-2.2.0.jar:"/>
    <property name="sun.cpu.endian" value="little"/>
    <property name="user.home" value="/home/runner"/>
    <property name="user.language" value="en"/>
    <property name="java.specification.vendor" value="Oracle Corporation"/>
    <property name="java.home" value="/usr/lib/jvm/adoptopenjdk-8-hotspot-amd64/jre"/>
    <property name="java.security.krb5.conf" value="/home/runner/work/ozone/ozone/hadoop-ozone/integration-test/target/test-classes/krb5.conf"/>
    <property name="basedir" value="/home/runner/work/ozone/ozone/hadoop-ozone/integration-test"/>
    <property name="file.separator" value="/"/>
    <property name="line.separator" value="&#10;"/>
    <property name="java.vm.specification.vendor" value="Oracle Corporation"/>
    <property name="java.specification.name" value="Java Platform API Specification"/>
    <property name="java.awt.graphicsenv" value="sun.awt.X11GraphicsEnvironment"/>
    <property name="skip.installnpx" value="true"/>
    <property name="surefire.real.class.path" value="/home/runner/work/ozone/ozone/hadoop-ozone/integration-test/target/surefire/surefirebooter759771911182435857.jar:/home/runner/.m2/repository/org/jacoco/org.jacoco.agent/0.8.5/org.jacoco.agent-0.8.5-runtime.jar"/>
    <property name="hadoop.log.dir" value="/home/runner/work/ozone/ozone/hadoop-ozone/integration-test/target/log"/>
    <property name="sun.boot.class.path" value="/usr/lib/jvm/adoptopenjdk-8-hotspot-amd64/jre/lib/resources.jar:/usr/lib/jvm/adoptopenjdk-8-hotspot-amd64/jre/lib/rt.jar:/usr/lib/jvm/adoptopenjdk-8-hotspot-amd64/jre/lib/sunrsasign.jar:/usr/lib/jvm/adoptopenjdk-8-hotspot-amd64/jre/lib/jsse.jar:/usr/lib/jvm/adoptopenjdk-8-hotspot-amd64/jre/lib/jce.jar:/usr/lib/jvm/adoptopenjdk-8-hotspot-amd64/jre/lib/charsets.jar:/usr/lib/jvm/adoptopenjdk-8-hotspot-amd64/jre/lib/jfr.jar:/usr/lib/jvm/adoptopenjdk-8-hotspot-amd64/jre/classes"/>
    <property name="sun.management.compiler" value="HotSpot 64-Bit Tiered Compilers"/>
    <property name="skip.npx" value="true"/>
    <property name="java.runtime.version" value="1.8.0_292-b10"/>
    <property name="java.net.preferIPv4Stack" value="true"/>
    <property name="user.name" value="runner"/>
    <property name="path.separator" value=":"/>
    <property name="java.security.egd" value="file:///dev/urandom"/>
    <property name="os.version" value="5.4.0-1063-azure"/>
    <property name="java.endorsed.dirs" value="/usr/lib/jvm/adoptopenjdk-8-hotspot-amd64/jre/lib/endorsed"/>
    <property name="java.runtime.name" value="OpenJDK Runtime Environment"/>
    <property name="file.encoding" value="UTF-8"/>
    <property name="java.vm.name" value="OpenJDK 64-Bit Server VM"/>
    <property name="test.build.webapps" value=""/>
    <property name="localRepository" value="/home/runner/.m2/repository"/>
    <property name="java.vendor.url.bug" value="https://github.com/AdoptOpenJDK/openjdk-support/issues"/>
    <property name="java.io.tmpdir" value="/tmp"/>
    <property name="require.test.libhadoop" value=""/>
    <property name="java.version" value="1.8.0_292"/>
    <property name="user.dir" value="/home/runner/work/ozone/ozone/hadoop-ozone/integration-test"/>
    <property name="os.arch" value="amd64"/>
    <property name="java.vm.specification.name" value="Java Virtual Machine Specification"/>
    <property name="test.build.classes" value="/home/runner/work/ozone/ozone/hadoop-ozone/integration-test/target/test-classes"/>
    <property name="java.awt.printerjob" value="sun.print.PSPrinterJob"/>
    <property name="sun.os.patch.level" value="unknown"/>
    <property name="hadoop.tmp.dir" value="/home/runner/work/ozone/ozone/hadoop-ozone/integration-test/target/tmp"/>
    <property name="java.library.path" value="/usr/java/packages/lib/amd64:/usr/lib64:/lib64:/lib:/usr/lib"/>
    <property name="java.vm.info" value="mixed mode"/>
    <property name="java.vendor" value="AdoptOpenJDK"/>
    <property name="java.vm.version" value="25.292-b10"/>
    <property name="java.ext.dirs" value="/usr/lib/jvm/adoptopenjdk-8-hotspot-amd64/jre/lib/ext:/usr/java/packages/lib/ext"/>
    <property name="sun.io.unicode.encoding" value="UnicodeLittle"/>
    <property name="java.class.version" value="52.0"/>
  </properties>
  <testcase name="testInstallSnapshot" classname="org.apache.hadoop.ozone.scm.TestSCMInstallSnapshotWithHA" time="66.567"/>
  <testcase name="testInstallOldCheckpointFailure" classname="org.apache.hadoop.ozone.scm.TestSCMInstallSnapshotWithHA" time="58.739">
    <failure message="expected:&lt;(t:2, i:128)&gt; but was:&lt;(t:2, i:28)&gt;" type="java.lang.AssertionError"><![CDATA[java.lang.AssertionError: expected:<(t:2, i:128)> but was:<(t:2, i:28)>
	at org.junit.Assert.fail(Assert.java:89)
	at org.junit.Assert.failNotEquals(Assert.java:835)
	at org.junit.Assert.assertEquals(Assert.java:120)
	at org.junit.Assert.assertEquals(Assert.java:146)
	at org.apache.hadoop.ozone.scm.TestSCMInstallSnapshotWithHA.testInstallOldCheckpointFailure(TestSCMInstallSnapshotWithHA.java:207)
	at sun.reflect.NativeMethodAccessorImpl.invoke0(Native Method)
	at sun.reflect.NativeMethodAccessorImpl.invoke(NativeMethodAccessorImpl.java:62)
	at sun.reflect.DelegatingMethodAccessorImpl.invoke(DelegatingMethodAccessorImpl.java:43)
	at java.lang.reflect.Method.invoke(Method.java:498)
	at org.junit.platform.commons.util.ReflectionUtils.invokeMethod(ReflectionUtils.java:688)
	at org.junit.jupiter.engine.execution.MethodInvocation.proceed(MethodInvocation.java:60)
	at org.junit.jupiter.engine.execution.InvocationInterceptorChain$ValidatingInvocation.proceed(InvocationInterceptorChain.java:131)
	at org.junit.jupiter.engine.extension.TimeoutInvocation.proceed(TimeoutInvocation.java:46)
	at org.junit.jupiter.engine.extension.TimeoutExtension.intercept(TimeoutExtension.java:149)
	at org.junit.jupiter.engine.extension.TimeoutExtension.interceptTestableMethod(TimeoutExtension.java:140)
	at org.junit.jupiter.engine.extension.TimeoutExtension.interceptTestMethod(TimeoutExtension.java:84)
	at org.junit.jupiter.engine.execution.ExecutableInvoker$ReflectiveInterceptorCall.lambda$ofVoidMethod$0(ExecutableInvoker.java:115)
	at org.junit.jupiter.engine.execution.ExecutableInvoker.lambda$invoke$0(ExecutableInvoker.java:105)
	at org.junit.jupiter.engine.execution.InvocationInterceptorChain$InterceptedInvocation.proceed(InvocationInterceptorChain.java:106)
	at org.junit.jupiter.engine.execution.InvocationInterceptorChain.proceed(InvocationInterceptorChain.java:64)
	at org.junit.jupiter.engine.execution.InvocationInterceptorChain.chainAndInvoke(InvocationInterceptorChain.java:45)
	at org.junit.jupiter.engine.execution.InvocationInterceptorChain.invoke(InvocationInterceptorChain.java:37)
	at org.junit.jupiter.engine.execution.ExecutableInvoker.invoke(ExecutableInvoker.java:104)
	at org.junit.jupiter.engine.execution.ExecutableInvoker.invoke(ExecutableInvoker.java:98)
	at org.junit.jupiter.engine.descriptor.TestMethodTestDescriptor.lambda$invokeTestMethod$6(TestMethodTestDescriptor.java:210)
	at org.junit.platform.engine.support.hierarchical.ThrowableCollector.execute(ThrowableCollector.java:73)
	at org.junit.jupiter.engine.descriptor.TestMethodTestDescriptor.invokeTestMethod(TestMethodTestDescriptor.java:206)
	at org.junit.jupiter.engine.descriptor.TestMethodTestDescriptor.execute(TestMethodTestDescriptor.java:131)
	at org.junit.jupiter.engine.descriptor.TestMethodTestDescriptor.execute(TestMethodTestDescriptor.java:65)
	at org.junit.platform.engine.support.hierarchical.NodeTestTask.lambda$executeRecursively$5(NodeTestTask.java:139)
	at org.junit.platform.engine.support.hierarchical.ThrowableCollector.execute(ThrowableCollector.java:73)
	at org.junit.platform.engine.support.hierarchical.NodeTestTask.lambda$executeRecursively$7(NodeTestTask.java:129)
	at org.junit.platform.engine.support.hierarchical.Node.around(Node.java:137)
	at org.junit.platform.engine.support.hierarchical.NodeTestTask.lambda$executeRecursively$8(NodeTestTask.java:127)
	at org.junit.platform.engine.support.hierarchical.ThrowableCollector.execute(ThrowableCollector.java:73)
	at org.junit.platform.engine.support.hierarchical.NodeTestTask.executeRecursively(NodeTestTask.java:126)
	at org.junit.platform.engine.support.hierarchical.NodeTestTask.execute(NodeTestTask.java:84)
	at java.util.ArrayList.forEach(ArrayList.java:1259)
	at org.junit.platform.engine.support.hierarchical.SameThreadHierarchicalTestExecutorService.invokeAll(SameThreadHierarchicalTestExecutorService.java:38)
	at org.junit.platform.engine.support.hierarchical.NodeTestTask.lambda$executeRecursively$5(NodeTestTask.java:143)
	at org.junit.platform.engine.support.hierarchical.ThrowableCollector.execute(ThrowableCollector.java:73)
	at org.junit.platform.engine.support.hierarchical.NodeTestTask.lambda$executeRecursively$7(NodeTestTask.java:129)
	at org.junit.platform.engine.support.hierarchical.Node.around(Node.java:137)
	at org.junit.platform.engine.support.hierarchical.NodeTestTask.lambda$executeRecursively$8(NodeTestTask.java:127)
	at org.junit.platform.engine.support.hierarchical.ThrowableCollector.execute(ThrowableCollector.java:73)
	at org.junit.platform.engine.support.hierarchical.NodeTestTask.executeRecursively(NodeTestTask.java:126)
	at org.junit.platform.engine.support.hierarchical.NodeTestTask.execute(NodeTestTask.java:84)
	at java.util.ArrayList.forEach(ArrayList.java:1259)
	at org.junit.platform.engine.support.hierarchical.SameThreadHierarchicalTestExecutorService.invokeAll(SameThreadHierarchicalTestExecutorService.java:38)
	at org.junit.platform.engine.support.hierarchical.NodeTestTask.lambda$executeRecursively$5(NodeTestTask.java:143)
	at org.junit.platform.engine.support.hierarchical.ThrowableCollector.execute(ThrowableCollector.java:73)
	at org.junit.platform.engine.support.hierarchical.NodeTestTask.lambda$executeRecursively$7(NodeTestTask.java:129)
	at org.junit.platform.engine.support.hierarchical.Node.around(Node.java:137)
	at org.junit.platform.engine.support.hierarchical.NodeTestTask.lambda$executeRecursively$8(NodeTestTask.java:127)
	at org.junit.platform.engine.support.hierarchical.ThrowableCollector.execute(ThrowableCollector.java:73)
	at org.junit.platform.engine.support.hierarchical.NodeTestTask.executeRecursively(NodeTestTask.java:126)
	at org.junit.platform.engine.support.hierarchical.NodeTestTask.execute(NodeTestTask.java:84)
	at org.junit.platform.engine.support.hierarchical.SameThreadHierarchicalTestExecutorService.submit(SameThreadHierarchicalTestExecutorService.java:32)
	at org.junit.platform.engine.support.hierarchical.HierarchicalTestExecutor.execute(HierarchicalTestExecutor.java:57)
	at org.junit.platform.engine.support.hierarchical.HierarchicalTestEngine.execute(HierarchicalTestEngine.java:51)
	at org.junit.platform.launcher.core.EngineExecutionOrchestrator.execute(EngineExecutionOrchestrator.java:108)
	at org.junit.platform.launcher.core.EngineExecutionOrchestrator.execute(EngineExecutionOrchestrator.java:88)
	at org.junit.platform.launcher.core.EngineExecutionOrchestrator.lambda$execute$0(EngineExecutionOrchestrator.java:54)
	at org.junit.platform.launcher.core.EngineExecutionOrchestrator.withInterceptedStreams(EngineExecutionOrchestrator.java:67)
	at org.junit.platform.launcher.core.EngineExecutionOrchestrator.execute(EngineExecutionOrchestrator.java:52)
	at org.junit.platform.launcher.core.DefaultLauncher.execute(DefaultLauncher.java:96)
	at org.junit.platform.launcher.core.DefaultLauncher.execute(DefaultLauncher.java:75)
	at org.apache.maven.surefire.junitplatform.JUnitPlatformProvider.invokeAllTests(JUnitPlatformProvider.java:142)
	at org.apache.maven.surefire.junitplatform.JUnitPlatformProvider.invoke(JUnitPlatformProvider.java:113)
	at org.apache.maven.surefire.booter.ForkedBooter.invokeProviderInSameClassLoader(ForkedBooter.java:384)
	at org.apache.maven.surefire.booter.ForkedBooter.runSuitesInProcess(ForkedBooter.java:345)
	at org.apache.maven.surefire.booter.ForkedBooter.execute(ForkedBooter.java:126)
	at org.apache.maven.surefire.booter.ForkedBooter.main(ForkedBooter.java:418)
]]></failure>
    <system-out><![CDATA[2021-11-30 13:16:59,652 [Listener at 127.0.0.1/12052] WARN  server.ServerUtils (ServerUtils.java:getScmDbDir(148)) - ozone.scm.db.dirs is not configured. We recommend adding this setting. Falling back to ozone.metadata.dirs instead.
2021-11-30 13:16:59,653 [Listener at 127.0.0.1/12052] INFO  ha.SCMHANodeDetails (SCMHANodeDetails.java:loadSCMHAConfig(157)) - ServiceID for StorageContainerManager is scm-service-test1
2021-11-30 13:16:59,653 [Listener at 127.0.0.1/12052] INFO  ha.SCMHANodeDetails (SCMHANodeDetails.java:loadSCMHAConfig(168)) - ServiceID for StorageContainerManager is scm-service-test1
2021-11-30 13:16:59,656 [Listener at 127.0.0.1/12052] WARN  scm.ScmUtils (ScmUtils.java:logWarn(179)) - ConfigKey ozone.scm.block.client.address is deprecated, For configuring different ports for each SCM use PortConfigKey ozone.scm.block.client.port appended with serviceId and nodeId. If want to configure same port configure ozone.scm.block.client.port
2021-11-30 13:16:59,656 [Listener at 127.0.0.1/12052] WARN  scm.ScmUtils (ScmUtils.java:logWarn(179)) - ConfigKey ozone.scm.client.address is deprecated, For configuring different ports for each SCM use PortConfigKey ozone.scm.client.port appended with serviceId and nodeId. If want to configure same port configure ozone.scm.client.port
2021-11-30 13:16:59,656 [Listener at 127.0.0.1/12052] WARN  scm.ScmUtils (ScmUtils.java:logWarn(179)) - ConfigKey ozone.scm.datanode.address is deprecated, For configuring different ports for each SCM use PortConfigKey ozone.scm.datanode.port appended with serviceId and nodeId. If want to configure same port configure ozone.scm.datanode.port
2021-11-30 13:16:59,657 [Listener at 127.0.0.1/12052] WARN  scm.ScmUtils (ScmUtils.java:logWarn(179)) - ConfigKey ozone.scm.block.client.address is deprecated, For configuring different ports for each SCM use PortConfigKey ozone.scm.block.client.port appended with serviceId and nodeId. If want to configure same port configure ozone.scm.block.client.port
2021-11-30 13:16:59,657 [Listener at 127.0.0.1/12052] WARN  scm.ScmUtils (ScmUtils.java:logWarn(179)) - ConfigKey ozone.scm.client.address is deprecated, For configuring different ports for each SCM use PortConfigKey ozone.scm.client.port appended with serviceId and nodeId. If want to configure same port configure ozone.scm.client.port
2021-11-30 13:16:59,657 [Listener at 127.0.0.1/12052] WARN  scm.ScmUtils (ScmUtils.java:logWarn(179)) - ConfigKey ozone.scm.datanode.address is deprecated, For configuring different ports for each SCM use PortConfigKey ozone.scm.datanode.port appended with serviceId and nodeId. If want to configure same port configure ozone.scm.datanode.port
2021-11-30 13:16:59,657 [Listener at 127.0.0.1/12052] INFO  ha.SCMHANodeDetails (SCMHANodeDetails.java:loadSCMHAConfig(250)) - Found matching SCM address with SCMServiceId: scm-service-test1, SCMNodeId: scmNode-1, RPC Address: localhost:13400 and Ratis port: 13400
2021-11-30 13:16:59,658 [Listener at 127.0.0.1/12052] INFO  ha.SCMHANodeDetails (ConfUtils.java:setNodeSpecificConfigs(108)) - Setting configuration key ozone.scm.datanode.address with value of key ozone.scm.datanode.address.scm-service-test1.scmNode-1: 127.0.0.1:13401
2021-11-30 13:16:59,658 [Listener at 127.0.0.1/12052] INFO  ha.SCMHANodeDetails (ConfUtils.java:setNodeSpecificConfigs(108)) - Setting configuration key ozone.scm.block.client.address with value of key ozone.scm.block.client.address.scm-service-test1.scmNode-1: 127.0.0.1:13402
2021-11-30 13:16:59,658 [Listener at 127.0.0.1/12052] INFO  ha.SCMHANodeDetails (ConfUtils.java:setNodeSpecificConfigs(108)) - Setting configuration key ozone.scm.client.address with value of key ozone.scm.client.address.scm-service-test1.scmNode-1: 127.0.0.1:13403
2021-11-30 13:16:59,658 [Listener at 127.0.0.1/12052] INFO  ha.SCMHANodeDetails (ConfUtils.java:setNodeSpecificConfigs(108)) - Setting configuration key ozone.scm.ratis.port with value of key ozone.scm.ratis.port.scm-service-test1.scmNode-1: 13400
2021-11-30 13:16:59,658 [Listener at 127.0.0.1/12052] INFO  ha.SCMHANodeDetails (ConfUtils.java:setNodeSpecificConfigs(108)) - Setting configuration key ozone.scm.grpc.port with value of key ozone.scm.grpc.port.scm-service-test1.scmNode-1: 13404
2021-11-30 13:16:59,658 [Listener at 127.0.0.1/12052] INFO  ha.SCMHANodeDetails (ConfUtils.java:setNodeSpecificConfigs(108)) - Setting configuration key ozone.scm.http-address with value of key ozone.scm.http-address.scm-service-test1.scmNode-1: 127.0.0.1:13398
2021-11-30 13:16:59,658 [Listener at 127.0.0.1/12052] INFO  ha.SCMHANodeDetails (ConfUtils.java:setNodeSpecificConfigs(108)) - Setting configuration key ozone.scm.https-address with value of key ozone.scm.https-address.scm-service-test1.scmNode-1: 127.0.0.1:13399
2021-11-30 13:16:59,658 [Listener at 127.0.0.1/12052] INFO  ha.SCMHANodeDetails (ConfUtils.java:setNodeSpecificConfigs(108)) - Setting configuration key ozone.scm.address with value of key ozone.scm.address.scm-service-test1.scmNode-1: 127.0.0.1
2021-11-30 13:16:59,658 [Listener at 127.0.0.1/12052] WARN  scm.ScmUtils (ScmUtils.java:logWarn(179)) - ConfigKey ozone.scm.block.client.address is deprecated, For configuring different ports for each SCM use PortConfigKey ozone.scm.block.client.port appended with serviceId and nodeId. If want to configure same port configure ozone.scm.block.client.port
2021-11-30 13:16:59,659 [Listener at 127.0.0.1/12052] WARN  scm.ScmUtils (ScmUtils.java:logWarn(179)) - ConfigKey ozone.scm.client.address is deprecated, For configuring different ports for each SCM use PortConfigKey ozone.scm.client.port appended with serviceId and nodeId. If want to configure same port configure ozone.scm.client.port
2021-11-30 13:16:59,659 [Listener at 127.0.0.1/12052] WARN  scm.ScmUtils (ScmUtils.java:logWarn(179)) - ConfigKey ozone.scm.datanode.address is deprecated, For configuring different ports for each SCM use PortConfigKey ozone.scm.datanode.port appended with serviceId and nodeId. If want to configure same port configure ozone.scm.datanode.port
2021-11-30 13:16:59,665 [Listener at 127.0.0.1/12052] INFO  server.RaftServer (ConfUtils.java:logGet(44)) - raft.rpc.type = GRPC (default)
2021-11-30 13:16:59,665 [Listener at 127.0.0.1/12052] INFO  grpc.GrpcFactory (GrpcFactory.java:checkPooledByteBufAllocatorUseCacheForAllThreads(48)) - PERFORMANCE WARNING: useCacheForAllThreads is true that may cause Netty to create a lot garbage objects and, as a result, trigger GC.
	It is recommended to disable useCacheForAllThreads by setting -Dorg.apache.ratis.thirdparty.io.netty.allocator.useCacheForAllThreads=false in command line.
2021-11-30 13:16:59,665 [Listener at 127.0.0.1/12052] INFO  grpc.GrpcConfigKeys (ConfUtils.java:logGet(44)) - raft.grpc.admin.port = -1 (default)
2021-11-30 13:16:59,665 [Listener at 127.0.0.1/12052] INFO  grpc.GrpcConfigKeys (ConfUtils.java:logGet(44)) - raft.grpc.server.port = 13400 (custom)
2021-11-30 13:16:59,665 [Listener at 127.0.0.1/12052] INFO  grpc.GrpcConfigKeys (ConfUtils.java:logGet(44)) - raft.grpc.client.port = -1 (default)
2021-11-30 13:16:59,665 [Listener at 127.0.0.1/12052] INFO  grpc.GrpcConfigKeys (ConfUtils.java:logGet(44)) - raft.grpc.server.port = 13400 (custom)
2021-11-30 13:16:59,666 [Listener at 127.0.0.1/12052] INFO  grpc.GrpcConfigKeys (ConfUtils.java:logGet(44)) - raft.grpc.server.port = 13400 (custom)
2021-11-30 13:16:59,666 [Listener at 127.0.0.1/12052] INFO  server.GrpcService (ConfUtils.java:logGet(44)) - raft.grpc.message.size.max = 32m (=33554432) (custom)
2021-11-30 13:16:59,666 [Listener at 127.0.0.1/12052] INFO  server.RaftServerConfigKeys (ConfUtils.java:logGet(44)) - raft.server.log.appender.buffer.byte-limit = 33554432 (custom)
2021-11-30 13:16:59,666 [Listener at 127.0.0.1/12052] INFO  server.GrpcService (ConfUtils.java:logGet(44)) - raft.grpc.flow.control.window = 1MB (=1048576) (default)
2021-11-30 13:16:59,666 [Listener at 127.0.0.1/12052] INFO  server.RaftServerConfigKeys (ConfUtils.java:logGet(44)) - raft.server.rpc.request.timeout = 30000ms (custom)
2021-11-30 13:16:59,668 [Listener at 127.0.0.1/12052] INFO  impl.DataStreamServerImpl (ConfUtils.java:logGet(44)) - raft.datastream.type = DISABLED (default)
2021-11-30 13:16:59,668 [Listener at 127.0.0.1/12052] INFO  server.RaftServerConfigKeys (ConfUtils.java:logGet(44)) - raft.server.rpc.slowness.timeout = 120000ms (custom)
2021-11-30 13:16:59,668 [Listener at 127.0.0.1/12052] INFO  server.RaftServerConfigKeys (ConfUtils.java:logGet(44)) - raft.server.leaderelection.leader.step-down.wait-time = 10s (default)
2021-11-30 13:16:59,672 [Listener at 127.0.0.1/12052] INFO  server.RaftServerConfigKeys (ConfUtils.java:logGet(44)) - raft.server.storage.dir = [/home/runner/work/ozone/ozone/hadoop-ozone/integration-test/target/test-dir/MiniOzoneClusterImpl-00f7fd44-dd00-490d-8842-f37d1847179e/scmNode-1/scm-ha] (custom)
2021-11-30 13:16:59,681 [Listener at 127.0.0.1/12052] INFO  server.RaftServer (RaftServerProxy.java:addNew(95)) - e2ff296b-9428-40f2-9fe9-4cc07b88cea2: addNew group-F37D1847179E:[e2ff296b-9428-40f2-9fe9-4cc07b88cea2|rpc:localhost:13400|priority:0] returns group-F37D1847179E:java.util.concurrent.CompletableFuture@3aea9e4[Not completed]
2021-11-30 13:16:59,682 [pool-189-thread-1] INFO  server.RaftServer$Division (RaftServerImpl.java:<init>(184)) - e2ff296b-9428-40f2-9fe9-4cc07b88cea2: new RaftServerImpl for group-F37D1847179E:[e2ff296b-9428-40f2-9fe9-4cc07b88cea2|rpc:localhost:13400|priority:0] with SCMStateMachine:uninitialized
2021-11-30 13:16:59,682 [pool-189-thread-1] INFO  server.RaftServerConfigKeys (ConfUtils.java:logGet(44)) - raft.server.rpc.timeout.min = 5000ms (custom)
2021-11-30 13:16:59,682 [pool-189-thread-1] INFO  server.RaftServerConfigKeys (ConfUtils.java:logGet(44)) - raft.server.rpc.timeout.max = 5200ms (custom)
2021-11-30 13:16:59,682 [pool-189-thread-1] INFO  server.RaftServerConfigKeys (ConfUtils.java:logGet(44)) - raft.server.rpc.sleep.time = 25ms (default)
2021-11-30 13:16:59,682 [pool-189-thread-1] INFO  server.RaftServerConfigKeys (ConfUtils.java:logGet(44)) - raft.server.rpc.slowness.timeout = 120000ms (custom)
2021-11-30 13:16:59,683 [pool-189-thread-1] INFO  server.RaftServerConfigKeys (ConfUtils.java:logGet(44)) - raft.server.leaderelection.leader.step-down.wait-time = 10s (default)
2021-11-30 13:16:59,683 [pool-189-thread-1] INFO  server.RaftServerConfigKeys (ConfUtils.java:logGet(44)) - raft.server.sleep.deviation.threshold = 300ms (default)
2021-11-30 13:16:59,684 [pool-189-thread-1] INFO  server.RaftServerConfigKeys (ConfUtils.java:logGet(44)) - raft.server.log.appender.install.snapshot.enabled = false (custom)
2021-11-30 13:16:59,684 [pool-189-thread-1] INFO  server.RaftServer$Division (ServerState.java:<init>(105)) - e2ff296b-9428-40f2-9fe9-4cc07b88cea2@group-F37D1847179E: ConfigurationManager, init=-1: [e2ff296b-9428-40f2-9fe9-4cc07b88cea2|rpc:localhost:13400|priority:0], old=null, confs=<EMPTY_MAP>
2021-11-30 13:16:59,684 [pool-189-thread-1] INFO  server.RaftServerConfigKeys (ConfUtils.java:logGet(44)) - raft.server.storage.dir = [/home/runner/work/ozone/ozone/hadoop-ozone/integration-test/target/test-dir/MiniOzoneClusterImpl-00f7fd44-dd00-490d-8842-f37d1847179e/scmNode-1/scm-ha] (custom)
2021-11-30 13:16:59,684 [pool-189-thread-1] INFO  server.RaftServerConfigKeys (ConfUtils.java:logGet(44)) - raft.server.log.corruption.policy = EXCEPTION (default)
2021-11-30 13:16:59,684 [pool-189-thread-1] INFO  server.RaftServerConfigKeys (ConfUtils.java:logGet(44)) - raft.server.storage.free-space.min = 0MB (=0) (default)
2021-11-30 13:16:59,684 [pool-189-thread-1] INFO  storage.RaftStorageDirectory (RaftStorageDirectoryImpl.java:analyzeStorage(135)) - The storage directory /home/runner/work/ozone/ozone/hadoop-ozone/integration-test/target/test-dir/MiniOzoneClusterImpl-00f7fd44-dd00-490d-8842-f37d1847179e/scmNode-1/scm-ha/00f7fd44-dd00-490d-8842-f37d1847179e does not exist. Creating ...
2021-11-30 13:16:59,691 [pool-189-thread-1] INFO  storage.RaftStorageDirectory (RaftStorageDirectoryImpl.java:tryLock(230)) - Lock on /home/runner/work/ozone/ozone/hadoop-ozone/integration-test/target/test-dir/MiniOzoneClusterImpl-00f7fd44-dd00-490d-8842-f37d1847179e/scmNode-1/scm-ha/00f7fd44-dd00-490d-8842-f37d1847179e/in_use.lock acquired by nodename 32455@fv-az148-447
2021-11-30 13:16:59,696 [pool-189-thread-1] INFO  storage.RaftStorage (RaftStorageImpl.java:format(89)) - Storage directory /home/runner/work/ozone/ozone/hadoop-ozone/integration-test/target/test-dir/MiniOzoneClusterImpl-00f7fd44-dd00-490d-8842-f37d1847179e/scmNode-1/scm-ha/00f7fd44-dd00-490d-8842-f37d1847179e has been successfully formatted.
2021-11-30 13:16:59,696 [pool-189-thread-1] INFO  server.RaftServerConfigKeys (ConfUtils.java:logGet(44)) - raft.server.notification.no-leader.timeout = 60s (default)
2021-11-30 13:16:59,697 [pool-189-thread-1] INFO  server.RaftServerConfigKeys (ConfUtils.java:logGet(44)) - raft.server.log.use.memory = false (default)
2021-11-30 13:16:59,697 [pool-189-thread-1] INFO  server.RaftServerConfigKeys (ConfUtils.java:logGet(44)) - raft.server.log.purge.gap = 5 (custom)
2021-11-30 13:16:59,697 [pool-189-thread-1] INFO  server.RaftServerConfigKeys (ConfUtils.java:logGet(44)) - raft.server.log.appender.buffer.byte-limit = 33554432 (custom)
2021-11-30 13:16:59,697 [pool-189-thread-1] INFO  server.RaftServerConfigKeys (ConfUtils.java:logGet(44)) - raft.server.log.segment.size.max = 4194304 (custom)
2021-11-30 13:16:59,697 [pool-189-thread-1] INFO  server.RaftServerConfigKeys (ConfUtils.java:logGet(44)) - raft.server.log.segment.cache.num.max = 2 (custom)
2021-11-30 13:16:59,697 [pool-189-thread-1] INFO  server.RaftServerConfigKeys (ConfUtils.java:logGet(44)) - raft.server.log.segment.cache.size.max = 200MB (=209715200) (default)
2021-11-30 13:16:59,697 [pool-189-thread-1] INFO  segmented.SegmentedRaftLogWorker (SegmentedRaftLogWorker.java:<init>(182)) - new e2ff296b-9428-40f2-9fe9-4cc07b88cea2@group-F37D1847179E-SegmentedRaftLogWorker for RaftStorageImpl:Storage Directory /home/runner/work/ozone/ozone/hadoop-ozone/integration-test/target/test-dir/MiniOzoneClusterImpl-00f7fd44-dd00-490d-8842-f37d1847179e/scmNode-1/scm-ha/00f7fd44-dd00-490d-8842-f37d1847179e
2021-11-30 13:16:59,698 [pool-189-thread-1] INFO  server.RaftServerConfigKeys (ConfUtils.java:logGet(44)) - raft.server.log.queue.byte-limit = 64MB (=67108864) (default)
2021-11-30 13:16:59,698 [pool-189-thread-1] INFO  server.RaftServerConfigKeys (ConfUtils.java:logGet(44)) - raft.server.log.queue.element-limit = 4096 (default)
2021-11-30 13:16:59,698 [pool-189-thread-1] INFO  server.RaftServerConfigKeys (ConfUtils.java:logGet(44)) - raft.server.log.segment.size.max = 4194304 (custom)
2021-11-30 13:16:59,698 [pool-189-thread-1] INFO  server.RaftServerConfigKeys (ConfUtils.java:logGet(44)) - raft.server.log.preallocated.size = 4194304 (custom)
2021-11-30 13:16:59,698 [pool-189-thread-1] INFO  server.RaftServerConfigKeys (ConfUtils.java:logGet(44)) - raft.server.log.force.sync.num = 128 (default)
2021-11-30 13:16:59,698 [pool-189-thread-1] INFO  server.RaftServerConfigKeys (ConfUtils.java:logGet(44)) - raft.server.log.statemachine.data.sync = true (default)
2021-11-30 13:16:59,698 [pool-189-thread-1] INFO  server.RaftServerConfigKeys (ConfUtils.java:logGet(44)) - raft.server.log.statemachine.data.sync.timeout = 10s (default)
2021-11-30 13:16:59,698 [pool-189-thread-1] INFO  server.RaftServerConfigKeys (ConfUtils.java:logGet(44)) - raft.server.log.statemachine.data.sync.timeout.retry = -1 (default)
2021-11-30 13:16:59,699 [pool-189-thread-1] INFO  server.RaftServerConfigKeys (ConfUtils.java:logGet(44)) - raft.server.log.write.buffer.size = 64KB (=65536) (default)
2021-11-30 13:16:59,699 [pool-189-thread-1] INFO  server.RaftServerConfigKeys (ConfUtils.java:logGet(44)) - raft.server.log.statemachine.data.caching.enabled = false (default)
2021-11-30 13:16:59,699 [pool-189-thread-1] INFO  segmented.SegmentedRaftLogWorker (SegmentedRaftLogWorker.java:lambda$new$0(133)) - e2ff296b-9428-40f2-9fe9-4cc07b88cea2@group-F37D1847179E-SegmentedRaftLogWorker: flushIndex: setUnconditionally 0 -> -1
2021-11-30 13:16:59,699 [pool-189-thread-1] INFO  segmented.SegmentedRaftLogWorker (SegmentedRaftLogWorker.java:lambda$new$0(133)) - e2ff296b-9428-40f2-9fe9-4cc07b88cea2@group-F37D1847179E-SegmentedRaftLogWorker: safeCacheEvictIndex: setUnconditionally 0 -> -1
2021-11-30 13:16:59,708 [pool-189-thread-1] INFO  server.RaftServerConfigKeys (ConfUtils.java:logGet(44)) - raft.server.snapshot.auto.trigger.enabled = true (custom)
2021-11-30 13:16:59,708 [pool-189-thread-1] INFO  server.RaftServerConfigKeys (ConfUtils.java:logGet(44)) - raft.server.snapshot.auto.trigger.threshold = 5 (custom)
2021-11-30 13:16:59,708 [pool-189-thread-1] INFO  server.RaftServerConfigKeys (ConfUtils.java:logGet(44)) - raft.server.snapshot.retention.file.num = -1 (default)
2021-11-30 13:16:59,708 [pool-189-thread-1] INFO  server.RaftServerConfigKeys (ConfUtils.java:logGet(44)) - raft.server.log.purge.upto.snapshot.index = true (custom)
2021-11-30 13:16:59,708 [pool-189-thread-1] INFO  server.RaftServerConfigKeys (ConfUtils.java:logGet(44)) - raft.server.retrycache.expirytime = 60000ms (default)
2021-11-30 13:16:59,708 [pool-189-thread-1] INFO  server.RaftServerConfigKeys (ConfUtils.java:logGet(44)) - raft.server.retrycache.statistics.expirytime = 100μs (default)
2021-11-30 13:16:59,709 [Listener at 127.0.0.1/12052] INFO  server.RaftServer$Division (RaftServerImpl.java:start(301)) - e2ff296b-9428-40f2-9fe9-4cc07b88cea2@group-F37D1847179E: start as a follower, conf=-1: [e2ff296b-9428-40f2-9fe9-4cc07b88cea2|rpc:localhost:13400|priority:0], old=null
2021-11-30 13:16:59,709 [Listener at 127.0.0.1/12052] INFO  server.RaftServer$Division (RaftServerImpl.java:setRole(290)) - e2ff296b-9428-40f2-9fe9-4cc07b88cea2@group-F37D1847179E: changes role from      null to FOLLOWER at term 0 for startAsFollower
2021-11-30 13:16:59,709 [Listener at 127.0.0.1/12052] INFO  impl.RoleInfo (RoleInfo.java:updateAndGet(130)) - e2ff296b-9428-40f2-9fe9-4cc07b88cea2: start e2ff296b-9428-40f2-9fe9-4cc07b88cea2@group-F37D1847179E-FollowerState
2021-11-30 13:16:59,716 [Listener at 127.0.0.1/12052] INFO  util.JmxRegister (JmxRegister.java:tryRegister(44)) - Successfully registered JMX Bean with object name Ratis:service=RaftServer,group=group-F37D1847179E,id=e2ff296b-9428-40f2-9fe9-4cc07b88cea2
2021-11-30 13:16:59,729 [Listener at 127.0.0.1/12052] INFO  server.RaftServer (RaftServerProxy.java:lambda$start$5(374)) - e2ff296b-9428-40f2-9fe9-4cc07b88cea2: start RPC server
2021-11-30 13:16:59,731 [Listener at 127.0.0.1/12052] INFO  server.GrpcService (GrpcService.java:startImpl(253)) - e2ff296b-9428-40f2-9fe9-4cc07b88cea2: GrpcService started, listening on 13400
2021-11-30 13:16:59,736 [org.apache.ratis.util.JvmPauseMonitor$$Lambda$499/638525764@3c6935ef] INFO  util.JvmPauseMonitor (JvmPauseMonitor.java:run(103)) - JvmPauseMonitor-e2ff296b-9428-40f2-9fe9-4cc07b88cea2: Started
2021-11-30 13:17:00,433 [EndpointStateMachine task thread for /127.0.0.1:13685 - 0 ] INFO  ipc.Client (Client.java:handleConnectionFailure(977)) - Retrying connect to server: localhost/127.0.0.1:13685. Already tried 2 time(s); retry policy is RetryUpToMaximumCountWithFixedSleep(maxRetries=15, sleepTime=1000 MILLISECONDS)
2021-11-30 13:17:00,433 [EndpointStateMachine task thread for /127.0.0.1:13705 - 0 ] INFO  ipc.Client (Client.java:handleConnectionFailure(977)) - Retrying connect to server: localhost/127.0.0.1:13705. Already tried 2 time(s); retry policy is RetryUpToMaximumCountWithFixedSleep(maxRetries=15, sleepTime=1000 MILLISECONDS)
2021-11-30 13:17:00,434 [EndpointStateMachine task thread for /127.0.0.1:13695 - 0 ] INFO  ipc.Client (Client.java:handleConnectionFailure(977)) - Retrying connect to server: localhost/127.0.0.1:13695. Already tried 2 time(s); retry policy is RetryUpToMaximumCountWithFixedSleep(maxRetries=15, sleepTime=1000 MILLISECONDS)
2021-11-30 13:17:01,433 [EndpointStateMachine task thread for /127.0.0.1:13685 - 0 ] INFO  ipc.Client (Client.java:handleConnectionFailure(977)) - Retrying connect to server: localhost/127.0.0.1:13685. Already tried 3 time(s); retry policy is RetryUpToMaximumCountWithFixedSleep(maxRetries=15, sleepTime=1000 MILLISECONDS)
2021-11-30 13:17:01,433 [EndpointStateMachine task thread for /127.0.0.1:13705 - 0 ] INFO  ipc.Client (Client.java:handleConnectionFailure(977)) - Retrying connect to server: localhost/127.0.0.1:13705. Already tried 3 time(s); retry policy is RetryUpToMaximumCountWithFixedSleep(maxRetries=15, sleepTime=1000 MILLISECONDS)
2021-11-30 13:17:01,434 [EndpointStateMachine task thread for /127.0.0.1:13695 - 0 ] INFO  ipc.Client (Client.java:handleConnectionFailure(977)) - Retrying connect to server: localhost/127.0.0.1:13695. Already tried 3 time(s); retry policy is RetryUpToMaximumCountWithFixedSleep(maxRetries=15, sleepTime=1000 MILLISECONDS)
2021-11-30 13:17:02,435 [EndpointStateMachine task thread for /127.0.0.1:13705 - 0 ] INFO  ipc.Client (Client.java:handleConnectionFailure(977)) - Retrying connect to server: localhost/127.0.0.1:13705. Already tried 4 time(s); retry policy is RetryUpToMaximumCountWithFixedSleep(maxRetries=15, sleepTime=1000 MILLISECONDS)
2021-11-30 13:17:02,435 [EndpointStateMachine task thread for /127.0.0.1:13685 - 0 ] INFO  ipc.Client (Client.java:handleConnectionFailure(977)) - Retrying connect to server: localhost/127.0.0.1:13685. Already tried 4 time(s); retry policy is RetryUpToMaximumCountWithFixedSleep(maxRetries=15, sleepTime=1000 MILLISECONDS)
2021-11-30 13:17:02,435 [EndpointStateMachine task thread for /127.0.0.1:13695 - 0 ] INFO  ipc.Client (Client.java:handleConnectionFailure(977)) - Retrying connect to server: localhost/127.0.0.1:13695. Already tried 4 time(s); retry policy is RetryUpToMaximumCountWithFixedSleep(maxRetries=15, sleepTime=1000 MILLISECONDS)
2021-11-30 13:17:03,436 [EndpointStateMachine task thread for /127.0.0.1:13705 - 0 ] INFO  ipc.Client (Client.java:handleConnectionFailure(977)) - Retrying connect to server: localhost/127.0.0.1:13705. Already tried 5 time(s); retry policy is RetryUpToMaximumCountWithFixedSleep(maxRetries=15, sleepTime=1000 MILLISECONDS)
2021-11-30 13:17:03,437 [EndpointStateMachine task thread for /127.0.0.1:13695 - 0 ] INFO  ipc.Client (Client.java:handleConnectionFailure(977)) - Retrying connect to server: localhost/127.0.0.1:13695. Already tried 5 time(s); retry policy is RetryUpToMaximumCountWithFixedSleep(maxRetries=15, sleepTime=1000 MILLISECONDS)
2021-11-30 13:17:03,437 [EndpointStateMachine task thread for /127.0.0.1:13685 - 0 ] INFO  ipc.Client (Client.java:handleConnectionFailure(977)) - Retrying connect to server: localhost/127.0.0.1:13685. Already tried 5 time(s); retry policy is RetryUpToMaximumCountWithFixedSleep(maxRetries=15, sleepTime=1000 MILLISECONDS)
2021-11-30 13:17:04,437 [EndpointStateMachine task thread for /127.0.0.1:13705 - 0 ] INFO  ipc.Client (Client.java:handleConnectionFailure(977)) - Retrying connect to server: localhost/127.0.0.1:13705. Already tried 6 time(s); retry policy is RetryUpToMaximumCountWithFixedSleep(maxRetries=15, sleepTime=1000 MILLISECONDS)
2021-11-30 13:17:04,437 [EndpointStateMachine task thread for /127.0.0.1:13695 - 0 ] INFO  ipc.Client (Client.java:handleConnectionFailure(977)) - Retrying connect to server: localhost/127.0.0.1:13695. Already tried 6 time(s); retry policy is RetryUpToMaximumCountWithFixedSleep(maxRetries=15, sleepTime=1000 MILLISECONDS)
2021-11-30 13:17:04,437 [EndpointStateMachine task thread for /127.0.0.1:13685 - 0 ] INFO  ipc.Client (Client.java:handleConnectionFailure(977)) - Retrying connect to server: localhost/127.0.0.1:13685. Already tried 6 time(s); retry policy is RetryUpToMaximumCountWithFixedSleep(maxRetries=15, sleepTime=1000 MILLISECONDS)
2021-11-30 13:17:04,736 [e2ff296b-9428-40f2-9fe9-4cc07b88cea2@group-F37D1847179E-FollowerState] INFO  impl.FollowerState (FollowerState.java:run(134)) - e2ff296b-9428-40f2-9fe9-4cc07b88cea2@group-F37D1847179E-FollowerState: change to CANDIDATE, lastRpcElapsedTime:5026816808ns, electionTimeout:5000ms
2021-11-30 13:17:04,736 [e2ff296b-9428-40f2-9fe9-4cc07b88cea2@group-F37D1847179E-FollowerState] INFO  impl.RoleInfo (RoleInfo.java:shutdownFollowerState(108)) - e2ff296b-9428-40f2-9fe9-4cc07b88cea2: shutdown e2ff296b-9428-40f2-9fe9-4cc07b88cea2@group-F37D1847179E-FollowerState
2021-11-30 13:17:04,736 [e2ff296b-9428-40f2-9fe9-4cc07b88cea2@group-F37D1847179E-FollowerState] INFO  server.RaftServer$Division (RaftServerImpl.java:setRole(290)) - e2ff296b-9428-40f2-9fe9-4cc07b88cea2@group-F37D1847179E: changes role from  FOLLOWER to CANDIDATE at term 0 for changeToCandidate
2021-11-30 13:17:04,736 [e2ff296b-9428-40f2-9fe9-4cc07b88cea2@group-F37D1847179E-FollowerState] INFO  server.RaftServerConfigKeys (ConfUtils.java:logGet(44)) - raft.server.leaderelection.pre-vote = false (custom)
2021-11-30 13:17:04,737 [e2ff296b-9428-40f2-9fe9-4cc07b88cea2@group-F37D1847179E-FollowerState] INFO  impl.RoleInfo (RoleInfo.java:updateAndGet(130)) - e2ff296b-9428-40f2-9fe9-4cc07b88cea2: start e2ff296b-9428-40f2-9fe9-4cc07b88cea2@group-F37D1847179E-LeaderElection12
2021-11-30 13:17:04,750 [e2ff296b-9428-40f2-9fe9-4cc07b88cea2@group-F37D1847179E-LeaderElection12] INFO  impl.LeaderElection (LeaderElection.java:askForVotes(306)) - e2ff296b-9428-40f2-9fe9-4cc07b88cea2@group-F37D1847179E-LeaderElection12 ELECTION round 0: submit vote requests at term 1 for -1: [e2ff296b-9428-40f2-9fe9-4cc07b88cea2|rpc:localhost:13400|priority:0], old=null
2021-11-30 13:17:04,751 [e2ff296b-9428-40f2-9fe9-4cc07b88cea2@group-F37D1847179E-LeaderElection12] INFO  impl.LeaderElection (LeaderElection.java:askForVotes(308)) - e2ff296b-9428-40f2-9fe9-4cc07b88cea2@group-F37D1847179E-LeaderElection12 ELECTION round 0: result PASSED (term=1)
2021-11-30 13:17:04,751 [e2ff296b-9428-40f2-9fe9-4cc07b88cea2@group-F37D1847179E-LeaderElection12] INFO  impl.RoleInfo (RoleInfo.java:shutdownLeaderElection(121)) - e2ff296b-9428-40f2-9fe9-4cc07b88cea2: shutdown e2ff296b-9428-40f2-9fe9-4cc07b88cea2@group-F37D1847179E-LeaderElection12
2021-11-30 13:17:04,751 [e2ff296b-9428-40f2-9fe9-4cc07b88cea2@group-F37D1847179E-LeaderElection12] INFO  server.RaftServer$Division (RaftServerImpl.java:setRole(290)) - e2ff296b-9428-40f2-9fe9-4cc07b88cea2@group-F37D1847179E: changes role from CANDIDATE to LEADER at term 1 for changeToLeader
2021-11-30 13:17:04,751 [e2ff296b-9428-40f2-9fe9-4cc07b88cea2@group-F37D1847179E-LeaderElection12] INFO  server.RaftServer$Division (ServerState.java:setLeader(285)) - e2ff296b-9428-40f2-9fe9-4cc07b88cea2@group-F37D1847179E: change Leader from null to e2ff296b-9428-40f2-9fe9-4cc07b88cea2 at term 1 for becomeLeader, leader elected after 5054ms
2021-11-30 13:17:04,751 [e2ff296b-9428-40f2-9fe9-4cc07b88cea2@group-F37D1847179E-LeaderElection12] INFO  server.RaftServerConfigKeys (ConfUtils.java:logGet(44)) - raft.server.staging.catchup.gap = 1000 (default)
2021-11-30 13:17:04,751 [e2ff296b-9428-40f2-9fe9-4cc07b88cea2@group-F37D1847179E-LeaderElection12] INFO  server.RaftServerConfigKeys (ConfUtils.java:logGet(44)) - raft.server.write.element-limit = 4096 (default)
2021-11-30 13:17:04,751 [e2ff296b-9428-40f2-9fe9-4cc07b88cea2@group-F37D1847179E-LeaderElection12] INFO  server.RaftServerConfigKeys (ConfUtils.java:logGet(44)) - raft.server.write.byte-limit = 64MB (=67108864) (default)
2021-11-30 13:17:04,751 [e2ff296b-9428-40f2-9fe9-4cc07b88cea2@group-F37D1847179E-LeaderElection12] INFO  server.RaftServerConfigKeys (ConfUtils.java:logGet(44)) - raft.server.watch.timeout = 10s (default)
2021-11-30 13:17:04,752 [e2ff296b-9428-40f2-9fe9-4cc07b88cea2@group-F37D1847179E-LeaderElection12] INFO  server.RaftServerConfigKeys (ConfUtils.java:logGet(44)) - raft.server.watch.timeout.denomination = 1s (default)
2021-11-30 13:17:04,752 [e2ff296b-9428-40f2-9fe9-4cc07b88cea2@group-F37D1847179E-LeaderElection12] INFO  server.RaftServerConfigKeys (ConfUtils.java:logGet(44)) - raft.server.watch.element-limit = 65536 (default)
2021-11-30 13:17:04,752 [e2ff296b-9428-40f2-9fe9-4cc07b88cea2@group-F37D1847179E-LeaderElection12] INFO  server.RaftServerConfigKeys (ConfUtils.java:logGet(44)) - raft.server.write.element-limit = 4096 (default)
2021-11-30 13:17:04,752 [e2ff296b-9428-40f2-9fe9-4cc07b88cea2@group-F37D1847179E-LeaderElection12] INFO  server.RaftServerConfigKeys (ConfUtils.java:logGet(44)) - raft.server.write.follower.gap.ratio.max = -1.0 (default)
2021-11-30 13:17:04,752 [e2ff296b-9428-40f2-9fe9-4cc07b88cea2@group-F37D1847179E-LeaderElection12] INFO  impl.RoleInfo (RoleInfo.java:updateAndGet(130)) - e2ff296b-9428-40f2-9fe9-4cc07b88cea2: start e2ff296b-9428-40f2-9fe9-4cc07b88cea2@group-F37D1847179E-LeaderStateImpl
2021-11-30 13:17:04,754 [e2ff296b-9428-40f2-9fe9-4cc07b88cea2@group-F37D1847179E-LeaderElection12] INFO  segmented.SegmentedRaftLogWorker (SegmentedRaftLogWorker.java:startLogSegment(394)) - e2ff296b-9428-40f2-9fe9-4cc07b88cea2@group-F37D1847179E-SegmentedRaftLogWorker: Starting segment from index:0
2021-11-30 13:17:04,760 [e2ff296b-9428-40f2-9fe9-4cc07b88cea2@group-F37D1847179E-LeaderElection12] INFO  server.RaftServer$Division (ServerState.java:setRaftConf(387)) - e2ff296b-9428-40f2-9fe9-4cc07b88cea2@group-F37D1847179E: set configuration 0: [e2ff296b-9428-40f2-9fe9-4cc07b88cea2|rpc:localhost:13400|admin:|client:|dataStream:|priority:0], old=null
2021-11-30 13:17:04,762 [e2ff296b-9428-40f2-9fe9-4cc07b88cea2@group-F37D1847179E-SegmentedRaftLogWorker] INFO  segmented.SegmentedRaftLogWorker (SegmentedRaftLogWorker.java:execute(601)) - e2ff296b-9428-40f2-9fe9-4cc07b88cea2@group-F37D1847179E-SegmentedRaftLogWorker: created new log segment /home/runner/work/ozone/ozone/hadoop-ozone/integration-test/target/test-dir/MiniOzoneClusterImpl-00f7fd44-dd00-490d-8842-f37d1847179e/scmNode-1/scm-ha/00f7fd44-dd00-490d-8842-f37d1847179e/current/log_inprogress_0
2021-11-30 13:17:05,437 [EndpointStateMachine task thread for /127.0.0.1:13705 - 0 ] INFO  ipc.Client (Client.java:handleConnectionFailure(977)) - Retrying connect to server: localhost/127.0.0.1:13705. Already tried 7 time(s); retry policy is RetryUpToMaximumCountWithFixedSleep(maxRetries=15, sleepTime=1000 MILLISECONDS)
2021-11-30 13:17:05,438 [EndpointStateMachine task thread for /127.0.0.1:13685 - 0 ] INFO  ipc.Client (Client.java:handleConnectionFailure(977)) - Retrying connect to server: localhost/127.0.0.1:13685. Already tried 7 time(s); retry policy is RetryUpToMaximumCountWithFixedSleep(maxRetries=15, sleepTime=1000 MILLISECONDS)
2021-11-30 13:17:05,438 [EndpointStateMachine task thread for /127.0.0.1:13695 - 0 ] INFO  ipc.Client (Client.java:handleConnectionFailure(977)) - Retrying connect to server: localhost/127.0.0.1:13695. Already tried 7 time(s); retry policy is RetryUpToMaximumCountWithFixedSleep(maxRetries=15, sleepTime=1000 MILLISECONDS)
2021-11-30 13:17:05,733 [Listener at 127.0.0.1/12052] INFO  server.RaftServer (RaftServerProxy.java:lambda$close$6(391)) - e2ff296b-9428-40f2-9fe9-4cc07b88cea2: close
2021-11-30 13:17:05,733 [Listener at 127.0.0.1/12052] INFO  server.RaftServer$Division (RaftServerImpl.java:lambda$close$4(412)) - e2ff296b-9428-40f2-9fe9-4cc07b88cea2@group-F37D1847179E: shutdown
2021-11-30 13:17:05,734 [Listener at 127.0.0.1/12052] INFO  util.JmxRegister (JmxRegister.java:unregister(73)) - Successfully un-registered JMX Bean with object name Ratis:service=RaftServer,group=group-F37D1847179E,id=e2ff296b-9428-40f2-9fe9-4cc07b88cea2
2021-11-30 13:17:05,734 [Listener at 127.0.0.1/12052] INFO  impl.RoleInfo (RoleInfo.java:shutdownLeaderState(91)) - e2ff296b-9428-40f2-9fe9-4cc07b88cea2: shutdown e2ff296b-9428-40f2-9fe9-4cc07b88cea2@group-F37D1847179E-LeaderStateImpl
2021-11-30 13:17:05,734 [Listener at 127.0.0.1/12052] INFO  impl.PendingRequests (PendingRequests.java:sendNotLeaderResponses(282)) - e2ff296b-9428-40f2-9fe9-4cc07b88cea2@group-F37D1847179E-PendingRequests: sendNotLeaderResponses
2021-11-30 13:17:05,734 [Listener at 127.0.0.1/12052] INFO  impl.StateMachineUpdater (StateMachineUpdater.java:stopAndJoin(149)) - e2ff296b-9428-40f2-9fe9-4cc07b88cea2@group-F37D1847179E-StateMachineUpdater: set stopIndex = 0
2021-11-30 13:17:05,736 [e2ff296b-9428-40f2-9fe9-4cc07b88cea2@group-F37D1847179E-StateMachineUpdater] INFO  impl.StateMachineUpdater (StateMachineUpdater.java:takeSnapshot(281)) - e2ff296b-9428-40f2-9fe9-4cc07b88cea2@group-F37D1847179E-StateMachineUpdater: Took a snapshot at index 0
2021-11-30 13:17:05,736 [e2ff296b-9428-40f2-9fe9-4cc07b88cea2@group-F37D1847179E-StateMachineUpdater] INFO  impl.StateMachineUpdater (StateMachineUpdater.java:lambda$new$0(89)) - e2ff296b-9428-40f2-9fe9-4cc07b88cea2@group-F37D1847179E-StateMachineUpdater: snapshotIndex: updateIncreasingly -1 -> 0
2021-11-30 13:17:05,736 [Listener at 127.0.0.1/12052] INFO  server.RaftServer$Division (ServerState.java:close(419)) - e2ff296b-9428-40f2-9fe9-4cc07b88cea2@group-F37D1847179E: closes. applyIndex: 0
2021-11-30 13:17:05,737 [e2ff296b-9428-40f2-9fe9-4cc07b88cea2@group-F37D1847179E-SegmentedRaftLogWorker] INFO  segmented.SegmentedRaftLogWorker (SegmentedRaftLogWorker.java:run(327)) - e2ff296b-9428-40f2-9fe9-4cc07b88cea2@group-F37D1847179E-SegmentedRaftLogWorker was interrupted, exiting. There are 0 tasks remaining in the queue.
2021-11-30 13:17:05,738 [Listener at 127.0.0.1/12052] INFO  segmented.SegmentedRaftLogWorker (SegmentedRaftLogWorker.java:close(237)) - e2ff296b-9428-40f2-9fe9-4cc07b88cea2@group-F37D1847179E-SegmentedRaftLogWorker close()
2021-11-30 13:17:05,738 [Listener at 127.0.0.1/12052] INFO  server.GrpcService (GrpcService.java:closeImpl(262)) - e2ff296b-9428-40f2-9fe9-4cc07b88cea2: shutdown server with port 13400 now
2021-11-30 13:17:05,743 [Listener at 127.0.0.1/12052] INFO  server.GrpcService (GrpcService.java:closeImpl(271)) - e2ff296b-9428-40f2-9fe9-4cc07b88cea2: shutdown server with port 13400 successfully
2021-11-30 13:17:05,743 [org.apache.ratis.util.JvmPauseMonitor$$Lambda$499/638525764@3c6935ef] INFO  util.JvmPauseMonitor (JvmPauseMonitor.java:run(109)) - JvmPauseMonitor-e2ff296b-9428-40f2-9fe9-4cc07b88cea2: Stopped
2021-11-30 13:17:05,743 [Listener at 127.0.0.1/12052] WARN  server.ServerUtils (ServerUtils.java:getScmDbDir(148)) - ozone.scm.db.dirs is not configured. We recommend adding this setting. Falling back to ozone.metadata.dirs instead.
2021-11-30 13:17:05,744 [Listener at 127.0.0.1/12052] INFO  server.StorageContainerManager (StorageContainerManager.java:scmInit(1083)) - SCM initialization succeeded. Current cluster id for sd=/home/runner/work/ozone/ozone/hadoop-ozone/integration-test/target/test-dir/MiniOzoneClusterImpl-00f7fd44-dd00-490d-8842-f37d1847179e/scmNode-1/scm; cid=00f7fd44-dd00-490d-8842-f37d1847179e; layoutVersion=2; scmId=e2ff296b-9428-40f2-9fe9-4cc07b88cea2
2021-11-30 13:17:05,745 [Listener at 127.0.0.1/12052] INFO  ha.SCMHANodeDetails (SCMHANodeDetails.java:loadSCMHAConfig(157)) - ServiceID for StorageContainerManager is scm-service-test1
2021-11-30 13:17:05,745 [Listener at 127.0.0.1/12052] INFO  ha.SCMHANodeDetails (SCMHANodeDetails.java:loadSCMHAConfig(168)) - ServiceID for StorageContainerManager is scm-service-test1
2021-11-30 13:17:05,745 [Listener at 127.0.0.1/12052] WARN  scm.ScmUtils (ScmUtils.java:logWarn(179)) - ConfigKey ozone.scm.block.client.address is deprecated, For configuring different ports for each SCM use PortConfigKey ozone.scm.block.client.port appended with serviceId and nodeId. If want to configure same port configure ozone.scm.block.client.port
2021-11-30 13:17:05,745 [Listener at 127.0.0.1/12052] WARN  scm.ScmUtils (ScmUtils.java:logWarn(179)) - ConfigKey ozone.scm.client.address is deprecated, For configuring different ports for each SCM use PortConfigKey ozone.scm.client.port appended with serviceId and nodeId. If want to configure same port configure ozone.scm.client.port
2021-11-30 13:17:05,745 [Listener at 127.0.0.1/12052] WARN  scm.ScmUtils (ScmUtils.java:logWarn(179)) - ConfigKey ozone.scm.datanode.address is deprecated, For configuring different ports for each SCM use PortConfigKey ozone.scm.datanode.port appended with serviceId and nodeId. If want to configure same port configure ozone.scm.datanode.port
2021-11-30 13:17:05,745 [Listener at 127.0.0.1/12052] WARN  scm.ScmUtils (ScmUtils.java:logWarn(179)) - ConfigKey ozone.scm.block.client.address is deprecated, For configuring different ports for each SCM use PortConfigKey ozone.scm.block.client.port appended with serviceId and nodeId. If want to configure same port configure ozone.scm.block.client.port
2021-11-30 13:17:05,745 [Listener at 127.0.0.1/12052] WARN  scm.ScmUtils (ScmUtils.java:logWarn(179)) - ConfigKey ozone.scm.client.address is deprecated, For configuring different ports for each SCM use PortConfigKey ozone.scm.client.port appended with serviceId and nodeId. If want to configure same port configure ozone.scm.client.port
2021-11-30 13:17:05,746 [Listener at 127.0.0.1/12052] WARN  scm.ScmUtils (ScmUtils.java:logWarn(179)) - ConfigKey ozone.scm.datanode.address is deprecated, For configuring different ports for each SCM use PortConfigKey ozone.scm.datanode.port appended with serviceId and nodeId. If want to configure same port configure ozone.scm.datanode.port
2021-11-30 13:17:05,746 [Listener at 127.0.0.1/12052] INFO  ha.SCMHANodeDetails (SCMHANodeDetails.java:loadSCMHAConfig(250)) - Found matching SCM address with SCMServiceId: scm-service-test1, SCMNodeId: scmNode-1, RPC Address: localhost:13400 and Ratis port: 13400
2021-11-30 13:17:05,746 [Listener at 127.0.0.1/12052] INFO  ha.SCMHANodeDetails (ConfUtils.java:setNodeSpecificConfigs(108)) - Setting configuration key ozone.scm.datanode.address with value of key ozone.scm.datanode.address.scm-service-test1.scmNode-1: 127.0.0.1:13401
2021-11-30 13:17:05,746 [Listener at 127.0.0.1/12052] INFO  ha.SCMHANodeDetails (ConfUtils.java:setNodeSpecificConfigs(108)) - Setting configuration key ozone.scm.block.client.address with value of key ozone.scm.block.client.address.scm-service-test1.scmNode-1: 127.0.0.1:13402
2021-11-30 13:17:05,746 [Listener at 127.0.0.1/12052] INFO  ha.SCMHANodeDetails (ConfUtils.java:setNodeSpecificConfigs(108)) - Setting configuration key ozone.scm.client.address with value of key ozone.scm.client.address.scm-service-test1.scmNode-1: 127.0.0.1:13403
2021-11-30 13:17:05,746 [Listener at 127.0.0.1/12052] INFO  ha.SCMHANodeDetails (ConfUtils.java:setNodeSpecificConfigs(108)) - Setting configuration key ozone.scm.ratis.port with value of key ozone.scm.ratis.port.scm-service-test1.scmNode-1: 13400
2021-11-30 13:17:05,746 [Listener at 127.0.0.1/12052] INFO  ha.SCMHANodeDetails (ConfUtils.java:setNodeSpecificConfigs(108)) - Setting configuration key ozone.scm.grpc.port with value of key ozone.scm.grpc.port.scm-service-test1.scmNode-1: 13404
2021-11-30 13:17:05,746 [Listener at 127.0.0.1/12052] INFO  ha.SCMHANodeDetails (ConfUtils.java:setNodeSpecificConfigs(108)) - Setting configuration key ozone.scm.http-address with value of key ozone.scm.http-address.scm-service-test1.scmNode-1: 127.0.0.1:13398
2021-11-30 13:17:05,746 [Listener at 127.0.0.1/12052] INFO  ha.SCMHANodeDetails (ConfUtils.java:setNodeSpecificConfigs(108)) - Setting configuration key ozone.scm.https-address with value of key ozone.scm.https-address.scm-service-test1.scmNode-1: 127.0.0.1:13399
2021-11-30 13:17:05,746 [Listener at 127.0.0.1/12052] INFO  ha.SCMHANodeDetails (ConfUtils.java:setNodeSpecificConfigs(108)) - Setting configuration key ozone.scm.address with value of key ozone.scm.address.scm-service-test1.scmNode-1: 127.0.0.1
2021-11-30 13:17:05,746 [Listener at 127.0.0.1/12052] WARN  scm.ScmUtils (ScmUtils.java:logWarn(179)) - ConfigKey ozone.scm.block.client.address is deprecated, For configuring different ports for each SCM use PortConfigKey ozone.scm.block.client.port appended with serviceId and nodeId. If want to configure same port configure ozone.scm.block.client.port
2021-11-30 13:17:05,747 [Listener at 127.0.0.1/12052] WARN  scm.ScmUtils (ScmUtils.java:logWarn(179)) - ConfigKey ozone.scm.client.address is deprecated, For configuring different ports for each SCM use PortConfigKey ozone.scm.client.port appended with serviceId and nodeId. If want to configure same port configure ozone.scm.client.port
2021-11-30 13:17:05,747 [Listener at 127.0.0.1/12052] WARN  scm.ScmUtils (ScmUtils.java:logWarn(179)) - ConfigKey ozone.scm.datanode.address is deprecated, For configuring different ports for each SCM use PortConfigKey ozone.scm.datanode.port appended with serviceId and nodeId. If want to configure same port configure ozone.scm.datanode.port
2021-11-30 13:17:05,747 [Listener at 127.0.0.1/12052] WARN  server.ServerUtils (ServerUtils.java:getScmDbDir(148)) - ozone.scm.db.dirs is not configured. We recommend adding this setting. Falling back to ozone.metadata.dirs instead.
2021-11-30 13:17:05,747 [Listener at 127.0.0.1/12052] INFO  upgrade.AbstractLayoutVersionManager (AbstractLayoutVersionManager.java:init(79)) - Initializing Layout version manager with metadata layout = SCM_HA (version = 2), software layout = SCM_HA (version = 2)
2021-11-30 13:17:05,842 [Listener at 127.0.0.1/12052] INFO  reflections.Reflections (Reflections.java:scan(232)) - Reflections took 84 ms to scan 7 urls, producing 119 keys and 279 values 
2021-11-30 13:17:05,845 [Listener at 127.0.0.1/12052] WARN  utils.HAUtils (HAUtils.java:getMetaDir(342)) - ozone.scm.db.dirs is not configured. We recommend adding this setting. Falling back to ozone.metadata.dirs instead.
2021-11-30 13:17:05,847 [Listener at 127.0.0.1/12052] WARN  db.DBStoreBuilder (DBStoreBuilder.java:applyDBDefinition(145)) - ozone.scm.db.dirs is not configured. We recommend adding this setting. Falling back to ozone.metadata.dirs instead.
2021-11-30 13:17:05,966 [Listener at 127.0.0.1/12052] INFO  net.NodeSchemaLoader (NodeSchemaLoader.java:loadSchemaFromFile(129)) - Loading schema from [jar:file:/home/runner/.m2/repository/org/apache/ozone/hdds-common/1.3.0-SNAPSHOT/hdds-common-1.3.0-SNAPSHOT.jar!/network-topology-default.xml]
2021-11-30 13:17:05,967 [Listener at 127.0.0.1/12052] INFO  net.NodeSchemaLoader (NodeSchemaLoader.java:loadSchema(176)) - Loading network topology layer schema file
2021-11-30 13:17:05,972 [Listener at 127.0.0.1/12052] INFO  ha.SCMRatisServerImpl (SCMRatisServerImpl.java:<init>(87)) - starting Raft server for scm:e2ff296b-9428-40f2-9fe9-4cc07b88cea2
2021-11-30 13:17:05,972 [Listener at 127.0.0.1/12052] INFO  server.RaftServer (ConfUtils.java:logGet(44)) - raft.rpc.type = GRPC (default)
2021-11-30 13:17:05,973 [Listener at 127.0.0.1/12052] INFO  grpc.GrpcFactory (GrpcFactory.java:checkPooledByteBufAllocatorUseCacheForAllThreads(48)) - PERFORMANCE WARNING: useCacheForAllThreads is true that may cause Netty to create a lot garbage objects and, as a result, trigger GC.
	It is recommended to disable useCacheForAllThreads by setting -Dorg.apache.ratis.thirdparty.io.netty.allocator.useCacheForAllThreads=false in command line.
2021-11-30 13:17:05,973 [Listener at 127.0.0.1/12052] INFO  grpc.GrpcConfigKeys (ConfUtils.java:logGet(44)) - raft.grpc.admin.port = -1 (default)
2021-11-30 13:17:05,973 [Listener at 127.0.0.1/12052] INFO  grpc.GrpcConfigKeys (ConfUtils.java:logGet(44)) - raft.grpc.server.port = 13400 (custom)
2021-11-30 13:17:05,974 [Listener at 127.0.0.1/12052] INFO  grpc.GrpcConfigKeys (ConfUtils.java:logGet(44)) - raft.grpc.client.port = -1 (default)
2021-11-30 13:17:05,974 [Listener at 127.0.0.1/12052] INFO  grpc.GrpcConfigKeys (ConfUtils.java:logGet(44)) - raft.grpc.server.port = 13400 (custom)
2021-11-30 13:17:05,974 [Listener at 127.0.0.1/12052] INFO  grpc.GrpcConfigKeys (ConfUtils.java:logGet(44)) - raft.grpc.server.port = 13400 (custom)
2021-11-30 13:17:05,974 [Listener at 127.0.0.1/12052] INFO  server.GrpcService (ConfUtils.java:logGet(44)) - raft.grpc.message.size.max = 32m (=33554432) (custom)
2021-11-30 13:17:05,974 [Listener at 127.0.0.1/12052] INFO  server.RaftServerConfigKeys (ConfUtils.java:logGet(44)) - raft.server.log.appender.buffer.byte-limit = 33554432 (custom)
2021-11-30 13:17:05,975 [Listener at 127.0.0.1/12052] INFO  server.GrpcService (ConfUtils.java:logGet(44)) - raft.grpc.flow.control.window = 1MB (=1048576) (default)
2021-11-30 13:17:05,975 [Listener at 127.0.0.1/12052] INFO  server.RaftServerConfigKeys (ConfUtils.java:logGet(44)) - raft.server.rpc.request.timeout = 30000ms (custom)
2021-11-30 13:17:05,976 [Listener at 127.0.0.1/12052] INFO  impl.DataStreamServerImpl (ConfUtils.java:logGet(44)) - raft.datastream.type = DISABLED (default)
2021-11-30 13:17:05,976 [Listener at 127.0.0.1/12052] INFO  server.RaftServerConfigKeys (ConfUtils.java:logGet(44)) - raft.server.rpc.slowness.timeout = 120000ms (custom)
2021-11-30 13:17:05,976 [Listener at 127.0.0.1/12052] INFO  server.RaftServerConfigKeys (ConfUtils.java:logGet(44)) - raft.server.leaderelection.leader.step-down.wait-time = 10s (default)
2021-11-30 13:17:05,977 [Listener at 127.0.0.1/12052] INFO  server.RaftServerConfigKeys (ConfUtils.java:logGet(44)) - raft.server.storage.dir = [/home/runner/work/ozone/ozone/hadoop-ozone/integration-test/target/test-dir/MiniOzoneClusterImpl-00f7fd44-dd00-490d-8842-f37d1847179e/scmNode-1/scm-ha] (custom)
2021-11-30 13:17:05,977 [Listener at 127.0.0.1/12052] INFO  server.RaftServer (RaftServerProxy.java:lambda$null$1(235)) - e2ff296b-9428-40f2-9fe9-4cc07b88cea2: found a subdirectory /home/runner/work/ozone/ozone/hadoop-ozone/integration-test/target/test-dir/MiniOzoneClusterImpl-00f7fd44-dd00-490d-8842-f37d1847179e/scmNode-1/scm-ha/00f7fd44-dd00-490d-8842-f37d1847179e
2021-11-30 13:17:05,977 [Listener at 127.0.0.1/12052] INFO  server.RaftServer (RaftServerProxy.java:addNew(95)) - e2ff296b-9428-40f2-9fe9-4cc07b88cea2: addNew group-F37D1847179E:[] returns group-F37D1847179E:java.util.concurrent.CompletableFuture@6252d1c[Not completed]
2021-11-30 13:17:05,977 [pool-204-thread-1] INFO  server.RaftServer$Division (RaftServerImpl.java:<init>(184)) - e2ff296b-9428-40f2-9fe9-4cc07b88cea2: new RaftServerImpl for group-F37D1847179E:[] with SCMStateMachine:uninitialized
2021-11-30 13:17:05,978 [pool-204-thread-1] INFO  server.RaftServerConfigKeys (ConfUtils.java:logGet(44)) - raft.server.rpc.timeout.min = 5000ms (custom)
2021-11-30 13:17:05,978 [pool-204-thread-1] INFO  server.RaftServerConfigKeys (ConfUtils.java:logGet(44)) - raft.server.rpc.timeout.max = 5200ms (custom)
2021-11-30 13:17:05,978 [pool-204-thread-1] INFO  server.RaftServerConfigKeys (ConfUtils.java:logGet(44)) - raft.server.rpc.sleep.time = 25ms (default)
2021-11-30 13:17:05,978 [pool-204-thread-1] INFO  server.RaftServerConfigKeys (ConfUtils.java:logGet(44)) - raft.server.rpc.slowness.timeout = 120000ms (custom)
2021-11-30 13:17:05,978 [pool-204-thread-1] INFO  server.RaftServerConfigKeys (ConfUtils.java:logGet(44)) - raft.server.leaderelection.leader.step-down.wait-time = 10s (default)
2021-11-30 13:17:05,978 [pool-204-thread-1] INFO  server.RaftServerConfigKeys (ConfUtils.java:logGet(44)) - raft.server.sleep.deviation.threshold = 300ms (default)
2021-11-30 13:17:05,978 [pool-204-thread-1] INFO  server.RaftServerConfigKeys (ConfUtils.java:logGet(44)) - raft.server.log.appender.install.snapshot.enabled = false (custom)
2021-11-30 13:17:05,978 [pool-204-thread-1] INFO  server.RaftServer$Division (ServerState.java:<init>(105)) - e2ff296b-9428-40f2-9fe9-4cc07b88cea2@group-F37D1847179E: ConfigurationManager, init=-1: [], old=null, confs=<EMPTY_MAP>
2021-11-30 13:17:05,978 [pool-204-thread-1] INFO  server.RaftServerConfigKeys (ConfUtils.java:logGet(44)) - raft.server.storage.dir = [/home/runner/work/ozone/ozone/hadoop-ozone/integration-test/target/test-dir/MiniOzoneClusterImpl-00f7fd44-dd00-490d-8842-f37d1847179e/scmNode-1/scm-ha] (custom)
2021-11-30 13:17:05,978 [pool-204-thread-1] INFO  server.RaftServerConfigKeys (ConfUtils.java:logGet(44)) - raft.server.log.corruption.policy = EXCEPTION (default)
2021-11-30 13:17:05,978 [pool-204-thread-1] INFO  server.RaftServerConfigKeys (ConfUtils.java:logGet(44)) - raft.server.storage.free-space.min = 0MB (=0) (default)
2021-11-30 13:17:05,980 [pool-204-thread-1] INFO  storage.RaftStorageDirectory (RaftStorageDirectoryImpl.java:tryLock(230)) - Lock on /home/runner/work/ozone/ozone/hadoop-ozone/integration-test/target/test-dir/MiniOzoneClusterImpl-00f7fd44-dd00-490d-8842-f37d1847179e/scmNode-1/scm-ha/00f7fd44-dd00-490d-8842-f37d1847179e/in_use.lock acquired by nodename 32455@fv-az148-447
2021-11-30 13:17:05,980 [pool-204-thread-1] INFO  storage.RaftStorage (RaftStorageImpl.java:analyzeAndRecoverStorage(110)) - Read RaftStorageMetadata{term=1, votedFor=e2ff296b-9428-40f2-9fe9-4cc07b88cea2} from /home/runner/work/ozone/ozone/hadoop-ozone/integration-test/target/test-dir/MiniOzoneClusterImpl-00f7fd44-dd00-490d-8842-f37d1847179e/scmNode-1/scm-ha/00f7fd44-dd00-490d-8842-f37d1847179e/current/raft-meta
2021-11-30 13:17:05,980 [pool-204-thread-1] INFO  server.RaftServer$Division (ServerState.java:setRaftConf(387)) - e2ff296b-9428-40f2-9fe9-4cc07b88cea2@group-F37D1847179E: set configuration 0: [e2ff296b-9428-40f2-9fe9-4cc07b88cea2|rpc:localhost:13400|admin:|client:|dataStream:|priority:0], old=null
2021-11-30 13:17:05,980 [pool-204-thread-1] INFO  server.RaftServerConfigKeys (ConfUtils.java:logGet(44)) - raft.server.notification.no-leader.timeout = 60s (default)
2021-11-30 13:17:05,980 [pool-204-thread-1] INFO  server.RaftServerConfigKeys (ConfUtils.java:logGet(44)) - raft.server.log.use.memory = false (default)
2021-11-30 13:17:05,981 [pool-204-thread-1] INFO  server.RaftServerConfigKeys (ConfUtils.java:logGet(44)) - raft.server.log.purge.gap = 5 (custom)
2021-11-30 13:17:05,981 [pool-204-thread-1] INFO  server.RaftServerConfigKeys (ConfUtils.java:logGet(44)) - raft.server.log.appender.buffer.byte-limit = 33554432 (custom)
2021-11-30 13:17:05,981 [pool-204-thread-1] INFO  server.RaftServerConfigKeys (ConfUtils.java:logGet(44)) - raft.server.log.segment.size.max = 4194304 (custom)
2021-11-30 13:17:05,981 [pool-204-thread-1] INFO  server.RaftServerConfigKeys (ConfUtils.java:logGet(44)) - raft.server.log.segment.cache.num.max = 2 (custom)
2021-11-30 13:17:05,981 [pool-204-thread-1] INFO  server.RaftServerConfigKeys (ConfUtils.java:logGet(44)) - raft.server.log.segment.cache.size.max = 200MB (=209715200) (default)
2021-11-30 13:17:05,981 [pool-204-thread-1] INFO  segmented.SegmentedRaftLogWorker (SegmentedRaftLogWorker.java:<init>(182)) - new e2ff296b-9428-40f2-9fe9-4cc07b88cea2@group-F37D1847179E-SegmentedRaftLogWorker for RaftStorageImpl:Storage Directory /home/runner/work/ozone/ozone/hadoop-ozone/integration-test/target/test-dir/MiniOzoneClusterImpl-00f7fd44-dd00-490d-8842-f37d1847179e/scmNode-1/scm-ha/00f7fd44-dd00-490d-8842-f37d1847179e
2021-11-30 13:17:05,981 [pool-204-thread-1] INFO  server.RaftServerConfigKeys (ConfUtils.java:logGet(44)) - raft.server.log.queue.byte-limit = 64MB (=67108864) (default)
2021-11-30 13:17:05,981 [pool-204-thread-1] INFO  server.RaftServerConfigKeys (ConfUtils.java:logGet(44)) - raft.server.log.queue.element-limit = 4096 (default)
2021-11-30 13:17:05,981 [pool-204-thread-1] INFO  server.RaftServerConfigKeys (ConfUtils.java:logGet(44)) - raft.server.log.segment.size.max = 4194304 (custom)
2021-11-30 13:17:05,981 [pool-204-thread-1] INFO  server.RaftServerConfigKeys (ConfUtils.java:logGet(44)) - raft.server.log.preallocated.size = 4194304 (custom)
2021-11-30 13:17:05,981 [pool-204-thread-1] INFO  server.RaftServerConfigKeys (ConfUtils.java:logGet(44)) - raft.server.log.force.sync.num = 128 (default)
2021-11-30 13:17:05,981 [pool-204-thread-1] INFO  server.RaftServerConfigKeys (ConfUtils.java:logGet(44)) - raft.server.log.statemachine.data.sync = true (default)
2021-11-30 13:17:05,981 [pool-204-thread-1] INFO  server.RaftServerConfigKeys (ConfUtils.java:logGet(44)) - raft.server.log.statemachine.data.sync.timeout = 10s (default)
2021-11-30 13:17:05,981 [pool-204-thread-1] INFO  server.RaftServerConfigKeys (ConfUtils.java:logGet(44)) - raft.server.log.statemachine.data.sync.timeout.retry = -1 (default)
2021-11-30 13:17:05,982 [pool-204-thread-1] INFO  server.RaftServerConfigKeys (ConfUtils.java:logGet(44)) - raft.server.log.write.buffer.size = 64KB (=65536) (default)
2021-11-30 13:17:05,982 [pool-204-thread-1] INFO  server.RaftServerConfigKeys (ConfUtils.java:logGet(44)) - raft.server.log.statemachine.data.caching.enabled = false (default)
2021-11-30 13:17:05,983 [pool-204-thread-1] INFO  server.RaftServer$Division (ServerState.java:setRaftConf(387)) - e2ff296b-9428-40f2-9fe9-4cc07b88cea2@group-F37D1847179E: set configuration 0: [e2ff296b-9428-40f2-9fe9-4cc07b88cea2|rpc:localhost:13400|admin:|client:|dataStream:|priority:0], old=null
2021-11-30 13:17:05,983 [pool-204-thread-1] INFO  segmented.LogSegment (LogSegment.java:loadSegment(173)) - Successfully read 1 entries from segment file /home/runner/work/ozone/ozone/hadoop-ozone/integration-test/target/test-dir/MiniOzoneClusterImpl-00f7fd44-dd00-490d-8842-f37d1847179e/scmNode-1/scm-ha/00f7fd44-dd00-490d-8842-f37d1847179e/current/log_inprogress_0
2021-11-30 13:17:05,983 [pool-204-thread-1] INFO  segmented.SegmentedRaftLogWorker (SegmentedRaftLogWorker.java:lambda$new$0(133)) - e2ff296b-9428-40f2-9fe9-4cc07b88cea2@group-F37D1847179E-SegmentedRaftLogWorker: flushIndex: setUnconditionally 0 -> 0
2021-11-30 13:17:05,983 [pool-204-thread-1] INFO  segmented.SegmentedRaftLogWorker (SegmentedRaftLogWorker.java:lambda$new$0(133)) - e2ff296b-9428-40f2-9fe9-4cc07b88cea2@group-F37D1847179E-SegmentedRaftLogWorker: safeCacheEvictIndex: setUnconditionally 0 -> -1
2021-11-30 13:17:05,996 [pool-204-thread-1] INFO  server.RaftServerConfigKeys (ConfUtils.java:logGet(44)) - raft.server.snapshot.auto.trigger.enabled = true (custom)
2021-11-30 13:17:05,996 [pool-204-thread-1] INFO  server.RaftServerConfigKeys (ConfUtils.java:logGet(44)) - raft.server.snapshot.auto.trigger.threshold = 5 (custom)
2021-11-30 13:17:05,996 [pool-204-thread-1] INFO  server.RaftServerConfigKeys (ConfUtils.java:logGet(44)) - raft.server.snapshot.retention.file.num = -1 (default)
2021-11-30 13:17:05,996 [pool-204-thread-1] INFO  server.RaftServerConfigKeys (ConfUtils.java:logGet(44)) - raft.server.log.purge.upto.snapshot.index = true (custom)
2021-11-30 13:17:05,996 [pool-204-thread-1] INFO  server.RaftServerConfigKeys (ConfUtils.java:logGet(44)) - raft.server.retrycache.expirytime = 60000ms (default)
2021-11-30 13:17:05,996 [pool-204-thread-1] INFO  server.RaftServerConfigKeys (ConfUtils.java:logGet(44)) - raft.server.retrycache.statistics.expirytime = 100μs (default)
2021-11-30 13:17:05,997 [Listener at 127.0.0.1/12052] INFO  ha.SCMSnapshotProvider (SCMSnapshotProvider.java:<init>(66)) - Initializing SCM Snapshot Provider
2021-11-30 13:17:05,997 [Listener at 127.0.0.1/12052] WARN  server.ServerUtils (ServerUtils.java:getDefaultRatisDirectory(237)) - Storage directory for Ratis is not configured. It is a good idea to map this to an SSD disk. Falling back to ozone.metadata.dirs
2021-11-30 13:17:05,997 [Listener at 127.0.0.1/12052] WARN  ha.SCMHAUtils (SCMHAUtils.java:getSCMRatisSnapshotDirectory(146)) - SCM snapshot dir is not configured. Falling back to ozone.metadata.dirs config
2021-11-30 13:17:05,998 [Listener at 127.0.0.1/12052] INFO  ha.SequenceIdGenerator (SequenceIdGenerator.java:upgradeToSequenceId(347)) - upgrade localId to 107544261427200000
2021-11-30 13:17:05,998 [Listener at 127.0.0.1/12052] INFO  ha.SequenceIdGenerator (SequenceIdGenerator.java:upgradeToSequenceId(357)) - upgrade delTxnId to 0
2021-11-30 13:17:05,998 [Listener at 127.0.0.1/12052] INFO  ha.SequenceIdGenerator (SequenceIdGenerator.java:upgradeToSequenceId(371)) - upgrade containerId to 0
2021-11-30 13:17:05,998 [Listener at 127.0.0.1/12052] INFO  ha.SequenceIdGenerator (SequenceIdGenerator.java:<init>(218)) - Init the HA SequenceIdGenerator.
2021-11-30 13:17:06,007 [Listener at 127.0.0.1/12052] INFO  node.SCMNodeManager (SCMNodeManager.java:<init>(144)) - Entering startup safe mode.
2021-11-30 13:17:06,008 [Listener at 127.0.0.1/12052] INFO  algorithms.ContainerPlacementPolicyFactory (ContainerPlacementPolicyFactory.java:getPolicy(60)) - Create container placement policy of type org.apache.hadoop.hdds.scm.container.placement.algorithms.SCMContainerPlacementRandom
2021-11-30 13:17:06,008 [Listener at 127.0.0.1/12052] INFO  pipeline.PipelineStateManagerImpl (PipelineStateManagerImpl.java:initialize(78)) - No pipeline exists in current db
2021-11-30 13:17:06,008 [Listener at 127.0.0.1/12052] INFO  algorithms.LeaderChoosePolicyFactory (LeaderChoosePolicyFactory.java:getPolicy(57)) - Create leader choose policy of type org.apache.hadoop.hdds.scm.pipeline.leader.choose.algorithms.MinLeaderCountChoosePolicy
2021-11-30 13:17:06,008 [Listener at 127.0.0.1/12052] INFO  ha.SCMServiceManager (SCMServiceManager.java:register(43)) - Registering service BackgroundPipelineCreator.
2021-11-30 13:17:06,009 [Listener at 127.0.0.1/12052] INFO  pipeline.BackgroundPipelineCreator (BackgroundPipelineCreator.java:start(130)) - Starting RatisPipelineUtilsThread.
2021-11-30 13:17:06,009 [Listener at 127.0.0.1/12052] INFO  algorithms.PipelineChoosePolicyFactory (PipelineChoosePolicyFactory.java:createPipelineChoosePolicyFromClass(73)) - Create pipeline choose policy of type org.apache.hadoop.hdds.scm.pipeline.choose.algorithms.RandomPipelineChoosePolicy
2021-11-30 13:17:06,010 [Listener at 127.0.0.1/12052] INFO  ha.SCMServiceManager (SCMServiceManager.java:register(43)) - Registering service SCMBlockDeletingService.
2021-11-30 13:17:06,010 [Listener at 127.0.0.1/12052] INFO  ha.SCMServiceManager (SCMServiceManager.java:register(43)) - Registering service ReplicationManager.
2021-11-30 13:17:06,010 [Listener at 127.0.0.1/12052] INFO  container.ReplicationManager (ReplicationManager.java:start(319)) - Starting Replication Monitor Thread.
2021-11-30 13:17:06,011 [Listener at 127.0.0.1/12052] INFO  safemode.ContainerSafeModeRule (ContainerSafeModeRule.java:<init>(89)) - containers with one replica threshold count 0
2021-11-30 13:17:06,011 [Listener at 127.0.0.1/12052] INFO  safemode.HealthyPipelineSafeModeRule (HealthyPipelineSafeModeRule.java:initializeRule(156)) - Total pipeline count is 0, healthy pipeline threshold count is 1
2021-11-30 13:17:06,011 [Listener at 127.0.0.1/12052] INFO  safemode.OneReplicaPipelineSafeModeRule (OneReplicaPipelineSafeModeRule.java:initializeRule(180)) - Total pipeline count is 0, pipeline's with at least one datanode reported threshold count is 0
2021-11-30 13:17:06,017 [ReplicationMonitor] INFO  container.ReplicationManager (ReplicationManager.java:processAll(371)) - Replication Monitor Thread took 0 milliseconds for processing 0 containers.
2021-11-30 13:17:06,017 [Listener at 127.0.0.1/12052] INFO  ipc.CallQueueManager (CallQueueManager.java:<init>(90)) - Using callQueue: class java.util.concurrent.LinkedBlockingQueue, queueCapacity: 10000, scheduler: class org.apache.hadoop.ipc.DefaultRpcScheduler, ipcBackoff: false.
2021-11-30 13:17:06,023 [Socket Reader #1 for port 13401] INFO  ipc.Server (Server.java:run(1265)) - Starting Socket Reader #1 for port 13401
2021-11-30 13:17:06,024 [Listener at 0.0.0.0/13401] INFO  ipc.CallQueueManager (CallQueueManager.java:<init>(90)) - Using callQueue: class java.util.concurrent.LinkedBlockingQueue, queueCapacity: 10000, scheduler: class org.apache.hadoop.ipc.DefaultRpcScheduler, ipcBackoff: false.
2021-11-30 13:17:06,025 [Socket Reader #1 for port 13402] INFO  ipc.Server (Server.java:run(1265)) - Starting Socket Reader #1 for port 13402
2021-11-30 13:17:06,026 [Listener at 0.0.0.0/13402] INFO  ipc.CallQueueManager (CallQueueManager.java:<init>(90)) - Using callQueue: class java.util.concurrent.LinkedBlockingQueue, queueCapacity: 10000, scheduler: class org.apache.hadoop.ipc.DefaultRpcScheduler, ipcBackoff: false.
2021-11-30 13:17:06,026 [Socket Reader #1 for port 13403] INFO  ipc.Server (Server.java:run(1265)) - Starting Socket Reader #1 for port 13403
2021-11-30 13:17:06,053 [Listener at 0.0.0.0/13403] INFO  algorithms.ContainerPlacementPolicyFactory (ContainerPlacementPolicyFactory.java:getPolicy(60)) - Create container placement policy of type org.apache.hadoop.hdds.scm.container.placement.algorithms.SCMContainerPlacementRandom
2021-11-30 13:17:06,056 [Listener at 0.0.0.0/13403] INFO  server.StorageContainerManager (StorageContainerManager.java:<init>(388)) - 
Container Balancer status:
Key                            Value
Running                        false
Container Balancer Configuration values:
Key                                                Value
Threshold                                          0.1
Max Datanodes to Involve per Iteration(ratio)      0.2
Max Size to Move per Iteration                     30GB
Max Size Entering Target per Iteration             1GB
Max Size Leaving Source per Iteration              1GB

2021-11-30 13:17:06,057 [Listener at 0.0.0.0/13403] WARN  events.EventQueue (EventQueue.java:fireEvent(194)) - No event handler registered for event TypedEvent{payloadType=SafeModeStatus, name='Safe mode status'}
2021-11-30 13:17:06,059 [Listener at 0.0.0.0/13403] INFO  ha.SCMContext (SCMContext.java:updateSafeModeStatus(205)) - Update SafeModeStatus from SafeModeStatus{safeModeStatus=true, preCheckPassed=false} to SafeModeStatus{safeModeStatus=true, preCheckPassed=false}.
2021-11-30 13:17:06,061 [Listener at 0.0.0.0/13403] INFO  server.StorageContainerManager (StorageContainerManager.java:start(1303)) - StorageContainerLocationProtocol RPC server is listening at /0.0.0.0:13403
2021-11-30 13:17:06,061 [Listener at 0.0.0.0/13403] INFO  ha.SCMRatisServerImpl (SCMRatisServerImpl.java:start(177)) - starting ratis server 0.0.0.0:13400
2021-11-30 13:17:06,061 [Listener at 0.0.0.0/13403] INFO  server.RaftServer$Division (RaftServerImpl.java:start(301)) - e2ff296b-9428-40f2-9fe9-4cc07b88cea2@group-F37D1847179E: start as a follower, conf=0: [e2ff296b-9428-40f2-9fe9-4cc07b88cea2|rpc:localhost:13400|admin:|client:|dataStream:|priority:0], old=null
2021-11-30 13:17:06,067 [Listener at 0.0.0.0/13403] INFO  server.RaftServer$Division (RaftServerImpl.java:setRole(290)) - e2ff296b-9428-40f2-9fe9-4cc07b88cea2@group-F37D1847179E: changes role from      null to FOLLOWER at term 1 for startAsFollower
2021-11-30 13:17:06,068 [Listener at 0.0.0.0/13403] INFO  impl.RoleInfo (RoleInfo.java:updateAndGet(130)) - e2ff296b-9428-40f2-9fe9-4cc07b88cea2: start e2ff296b-9428-40f2-9fe9-4cc07b88cea2@group-F37D1847179E-FollowerState
2021-11-30 13:17:06,068 [Listener at 0.0.0.0/13403] INFO  util.JmxRegister (JmxRegister.java:tryRegister(44)) - Successfully registered JMX Bean with object name Ratis:service=RaftServer,group=group-F37D1847179E,id=e2ff296b-9428-40f2-9fe9-4cc07b88cea2
2021-11-30 13:17:06,079 [Listener at 0.0.0.0/13403] INFO  server.RaftServer (RaftServerProxy.java:lambda$start$5(374)) - e2ff296b-9428-40f2-9fe9-4cc07b88cea2: start RPC server
2021-11-30 13:17:06,080 [Listener at 0.0.0.0/13403] INFO  server.GrpcService (GrpcService.java:startImpl(253)) - e2ff296b-9428-40f2-9fe9-4cc07b88cea2: GrpcService started, listening on 13400
2021-11-30 13:17:06,086 [Listener at 0.0.0.0/13403] INFO  ha.SCMHAManagerImpl (SCMHAManagerImpl.java:start(120)) -  scm role is FOLLOWER peers [e2ff296b-9428-40f2-9fe9-4cc07b88cea2|rpc:localhost:13400|admin:|client:|dataStream:|priority:0]
2021-11-30 13:17:06,087 [Listener at 0.0.0.0/13403] INFO  ha.InterSCMGrpcService (InterSCMGrpcProtocolService.java:start(94)) - Starting SCM Grpc Service at port 13404
2021-11-30 13:17:06,086 [org.apache.ratis.util.JvmPauseMonitor$$Lambda$499/638525764@40ea0f55] INFO  util.JvmPauseMonitor (JvmPauseMonitor.java:run(103)) - JvmPauseMonitor-e2ff296b-9428-40f2-9fe9-4cc07b88cea2: Started
2021-11-30 13:17:06,088 [Listener at 0.0.0.0/13403] WARN  impl.MetricsConfig (MetricsConfig.java:loadFirst(136)) - Cannot locate configuration: tried hadoop-metrics2-storagecontainermanager.properties,hadoop-metrics2.properties
2021-11-30 13:17:06,097 [Listener at 0.0.0.0/13403] INFO  impl.MetricsSystemImpl (MetricsSystemImpl.java:startTimer(378)) - Scheduled Metric snapshot period at 10 second(s).
2021-11-30 13:17:06,097 [Listener at 0.0.0.0/13403] INFO  impl.MetricsSystemImpl (MetricsSystemImpl.java:start(191)) - StorageContainerManager metrics system started
2021-11-30 13:17:06,117 [Listener at 0.0.0.0/13403] INFO  impl.MetricsSinkAdapter (MetricsSinkAdapter.java:start(204)) - Sink prometheus started
2021-11-30 13:17:06,117 [Listener at 0.0.0.0/13403] INFO  impl.MetricsSystemImpl (MetricsSystemImpl.java:registerSink(305)) - Registered sink prometheus
2021-11-30 13:17:06,145 [Listener at 0.0.0.0/13403] INFO  server.SCMClientProtocolServer (SCMClientProtocolServer.java:start(164)) - RPC server for Client  is listening at /0.0.0.0:13403
2021-11-30 13:17:06,145 [IPC Server Responder] INFO  ipc.Server (Server.java:run(1507)) - IPC Server Responder: starting
2021-11-30 13:17:06,148 [IPC Server listener on 13403] INFO  ipc.Server (Server.java:run(1344)) - IPC Server listener on 13403: starting
2021-11-30 13:17:06,229 [Listener at 0.0.0.0/13403] INFO  server.StorageContainerManager (StorageContainerManager.java:start(1318)) - ScmBlockLocationProtocol RPC server is listening at /0.0.0.0:13402
2021-11-30 13:17:06,230 [Listener at 0.0.0.0/13403] INFO  server.SCMBlockProtocolServer (SCMBlockProtocolServer.java:start(151)) - RPC server for Block Protocol is listening at /0.0.0.0:13402
2021-11-30 13:17:06,232 [IPC Server Responder] INFO  ipc.Server (Server.java:run(1507)) - IPC Server Responder: starting
2021-11-30 13:17:06,248 [IPC Server listener on 13402] INFO  ipc.Server (Server.java:run(1344)) - IPC Server listener on 13402: starting
2021-11-30 13:17:06,254 [Listener at 0.0.0.0/13403] INFO  server.StorageContainerManager (StorageContainerManager.java:start(1324)) - ScmDatanodeProtocl RPC server is listening at /0.0.0.0:13401
2021-11-30 13:17:06,261 [Listener at 0.0.0.0/13403] INFO  http.BaseHttpServer (BaseHttpServer.java:newHttpServer2BuilderForOzone(209)) - Starting Web-server for scm at: http://0.0.0.0:13398
2021-11-30 13:17:06,261 [Listener at 0.0.0.0/13403] INFO  http.BaseHttpServer (BaseHttpServer.java:<init>(107)) - Hadoop Security Enabled: false Ozone Security Enabled: false Ozone HTTP Security Enabled: false 
2021-11-30 13:17:06,263 [Listener at 0.0.0.0/13403] INFO  server.AuthenticationFilter (AuthenticationFilter.java:constructSecretProvider(240)) - Unable to initialize FileSignerSecretProvider, falling back to use random secrets.
2021-11-30 13:17:06,269 [org.apache.hadoop.util.JvmPauseMonitor$Monitor@44b4b54] INFO  util.JvmPauseMonitor (JvmPauseMonitor.java:run(188)) - Starting JVM pause monitor
2021-11-30 13:17:06,269 [Listener at 0.0.0.0/13403] WARN  http.HttpRequestLog (HttpRequestLog.java:getRequestLog(103)) - Jetty request log can only be enabled using Log4j
2021-11-30 13:17:06,270 [Listener at 0.0.0.0/13403] INFO  http.HttpServer2 (HttpServer2.java:addGlobalFilter(1030)) - Added global filter 'safety' (class=org.apache.hadoop.hdds.server.http.HttpServer2$QuotingInputFilter)
2021-11-30 13:17:06,271 [Listener at 0.0.0.0/13403] INFO  http.HttpServer2 (HttpServer2.java:addFilter(1006)) - Added filter static_user_filter (class=org.apache.hadoop.http.lib.StaticUserWebFilter$StaticUserFilter) to context scm
2021-11-30 13:17:06,271 [Listener at 0.0.0.0/13403] INFO  http.HttpServer2 (HttpServer2.java:addFilter(1014)) - Added filter static_user_filter (class=org.apache.hadoop.http.lib.StaticUserWebFilter$StaticUserFilter) to context static
2021-11-30 13:17:06,271 [Listener at 0.0.0.0/13403] INFO  http.HttpServer2 (HttpServer2.java:addFilter(1014)) - Added filter static_user_filter (class=org.apache.hadoop.http.lib.StaticUserWebFilter$StaticUserFilter) to context logs
2021-11-30 13:17:06,271 [Listener at 0.0.0.0/13403] INFO  http.HttpServer2 (HttpServer2.java:bindListener(1249)) - Jetty bound to port 13398
2021-11-30 13:17:06,273 [Listener at 0.0.0.0/13403] INFO  server.Server (Server.java:doStart(375)) - jetty-9.4.43.v20210629; built: 2021-06-30T11:07:22.254Z; git: 526006ecfa3af7f1a27ef3a288e2bef7ea9dd7e8; jvm 1.8.0_292-b10
2021-11-30 13:17:06,291 [Listener at 0.0.0.0/13403] INFO  server.session (DefaultSessionIdManager.java:doStart(334)) - DefaultSessionIdManager workerName=node0
2021-11-30 13:17:06,292 [Listener at 0.0.0.0/13403] INFO  server.session (DefaultSessionIdManager.java:doStart(339)) - No SessionScavenger set, using defaults
2021-11-30 13:17:06,292 [Listener at 0.0.0.0/13403] INFO  server.session (HouseKeeper.java:startScavenging(132)) - node0 Scavenging every 660000ms
2021-11-30 13:17:06,292 [Listener at 0.0.0.0/13403] INFO  handler.ContextHandler (ContextHandler.java:doStart(915)) - Started o.e.j.s.ServletContextHandler@4d5e60{logs,/logs,file:///home/runner/work/ozone/ozone/hadoop-ozone/integration-test/target/log,AVAILABLE}
2021-11-30 13:17:06,293 [Listener at 0.0.0.0/13403] INFO  handler.ContextHandler (ContextHandler.java:doStart(915)) - Started o.e.j.s.ServletContextHandler@6bda9fd9{static,/static,file:///home/runner/work/ozone/ozone/hadoop-ozone/integration-test/target/test-classes/webapps/static,AVAILABLE}
2021-11-30 13:17:06,299 [Listener at 0.0.0.0/13403] INFO  handler.ContextHandler (ContextHandler.java:doStart(915)) - Started o.e.j.w.WebAppContext@1540be61{scm,/,file:///home/runner/work/ozone/ozone/hadoop-ozone/integration-test/target/test-classes/webapps/scm/,AVAILABLE}{file:/home/runner/work/ozone/ozone/hadoop-ozone/integration-test/target/test-classes/webapps/scm}
2021-11-30 13:17:06,306 [Listener at 0.0.0.0/13403] INFO  server.AbstractConnector (AbstractConnector.java:doStart(331)) - Started ServerConnector@4016ec40{HTTP/1.1, (http/1.1)}{0.0.0.0:13398}
2021-11-30 13:17:06,306 [Listener at 0.0.0.0/13403] INFO  server.Server (Server.java:doStart(415)) - Started @74153ms
2021-11-30 13:17:06,306 [Listener at 0.0.0.0/13403] WARN  impl.MetricsSystemImpl (MetricsSystemImpl.java:register(279)) - Sink prometheus already exists!
2021-11-30 13:17:06,307 [Listener at 0.0.0.0/13403] INFO  http.BaseHttpServer (BaseHttpServer.java:updateConnectorAddress(329)) - HTTP server of scm listening at http://0.0.0.0:13398
2021-11-30 13:17:06,307 [Listener at 0.0.0.0/13403] INFO  ozone.MiniOzoneHAClusterImpl (MiniOzoneHAClusterImpl.java:createSCMService(577)) - Started SCM RPC server at org.apache.hadoop.hdds.scm.server.SCMClientProtocolServer@41277db
2021-11-30 13:17:06,308 [Listener at 0.0.0.0/13403] INFO  ha.SCMHANodeDetails (SCMHANodeDetails.java:loadSCMHAConfig(157)) - ServiceID for StorageContainerManager is scm-service-test1
2021-11-30 13:17:06,308 [Listener at 0.0.0.0/13403] INFO  ha.SCMHANodeDetails (SCMHANodeDetails.java:loadSCMHAConfig(168)) - ServiceID for StorageContainerManager is scm-service-test1
2021-11-30 13:17:06,308 [Listener at 0.0.0.0/13403] WARN  scm.ScmUtils (ScmUtils.java:logWarn(179)) - ConfigKey ozone.scm.block.client.address is deprecated, For configuring different ports for each SCM use PortConfigKey ozone.scm.block.client.port appended with serviceId and nodeId. If want to configure same port configure ozone.scm.block.client.port
2021-11-30 13:17:06,308 [Listener at 0.0.0.0/13403] WARN  scm.ScmUtils (ScmUtils.java:logWarn(179)) - ConfigKey ozone.scm.client.address is deprecated, For configuring different ports for each SCM use PortConfigKey ozone.scm.client.port appended with serviceId and nodeId. If want to configure same port configure ozone.scm.client.port
2021-11-30 13:17:06,309 [Listener at 0.0.0.0/13403] WARN  scm.ScmUtils (ScmUtils.java:logWarn(179)) - ConfigKey ozone.scm.datanode.address is deprecated, For configuring different ports for each SCM use PortConfigKey ozone.scm.datanode.port appended with serviceId and nodeId. If want to configure same port configure ozone.scm.datanode.port
2021-11-30 13:17:06,309 [Listener at 0.0.0.0/13403] WARN  scm.ScmUtils (ScmUtils.java:logWarn(179)) - ConfigKey ozone.scm.block.client.address is deprecated, For configuring different ports for each SCM use PortConfigKey ozone.scm.block.client.port appended with serviceId and nodeId. If want to configure same port configure ozone.scm.block.client.port
2021-11-30 13:17:06,309 [Listener at 0.0.0.0/13403] WARN  scm.ScmUtils (ScmUtils.java:logWarn(179)) - ConfigKey ozone.scm.client.address is deprecated, For configuring different ports for each SCM use PortConfigKey ozone.scm.client.port appended with serviceId and nodeId. If want to configure same port configure ozone.scm.client.port
2021-11-30 13:17:06,309 [Listener at 0.0.0.0/13403] WARN  scm.ScmUtils (ScmUtils.java:logWarn(179)) - ConfigKey ozone.scm.datanode.address is deprecated, For configuring different ports for each SCM use PortConfigKey ozone.scm.datanode.port appended with serviceId and nodeId. If want to configure same port configure ozone.scm.datanode.port
2021-11-30 13:17:06,309 [Listener at 0.0.0.0/13403] INFO  ha.SCMHANodeDetails (SCMHANodeDetails.java:loadSCMHAConfig(250)) - Found matching SCM address with SCMServiceId: scm-service-test1, SCMNodeId: scmNode-2, RPC Address: localhost:13410 and Ratis port: 13410
2021-11-30 13:17:06,309 [Listener at 0.0.0.0/13403] INFO  ha.SCMHANodeDetails (ConfUtils.java:setNodeSpecificConfigs(108)) - Setting configuration key ozone.scm.datanode.address with value of key ozone.scm.datanode.address.scm-service-test1.scmNode-2: 127.0.0.1:13411
2021-11-30 13:17:06,309 [Listener at 0.0.0.0/13403] INFO  ha.SCMHANodeDetails (ConfUtils.java:setNodeSpecificConfigs(108)) - Setting configuration key ozone.scm.block.client.address with value of key ozone.scm.block.client.address.scm-service-test1.scmNode-2: 127.0.0.1:13412
2021-11-30 13:17:06,310 [Listener at 0.0.0.0/13403] INFO  ha.SCMHANodeDetails (ConfUtils.java:setNodeSpecificConfigs(108)) - Setting configuration key ozone.scm.client.address with value of key ozone.scm.client.address.scm-service-test1.scmNode-2: 127.0.0.1:13413
2021-11-30 13:17:06,310 [Listener at 0.0.0.0/13403] INFO  ha.SCMHANodeDetails (ConfUtils.java:setNodeSpecificConfigs(108)) - Setting configuration key ozone.scm.ratis.port with value of key ozone.scm.ratis.port.scm-service-test1.scmNode-2: 13410
2021-11-30 13:17:06,310 [Listener at 0.0.0.0/13403] INFO  ha.SCMHANodeDetails (ConfUtils.java:setNodeSpecificConfigs(108)) - Setting configuration key ozone.scm.grpc.port with value of key ozone.scm.grpc.port.scm-service-test1.scmNode-2: 13414
2021-11-30 13:17:06,310 [Listener at 0.0.0.0/13403] INFO  ha.SCMHANodeDetails (ConfUtils.java:setNodeSpecificConfigs(108)) - Setting configuration key ozone.scm.http-address with value of key ozone.scm.http-address.scm-service-test1.scmNode-2: 127.0.0.1:13408
2021-11-30 13:17:06,310 [Listener at 0.0.0.0/13403] INFO  ha.SCMHANodeDetails (ConfUtils.java:setNodeSpecificConfigs(108)) - Setting configuration key ozone.scm.https-address with value of key ozone.scm.https-address.scm-service-test1.scmNode-2: 127.0.0.1:13409
2021-11-30 13:17:06,315 [Listener at 0.0.0.0/13403] INFO  ha.SCMHANodeDetails (ConfUtils.java:setNodeSpecificConfigs(108)) - Setting configuration key ozone.scm.address with value of key ozone.scm.address.scm-service-test1.scmNode-2: 127.0.0.1
2021-11-30 13:17:06,316 [Listener at 0.0.0.0/13403] WARN  scm.ScmUtils (ScmUtils.java:logWarn(179)) - ConfigKey ozone.scm.block.client.address is deprecated, For configuring different ports for each SCM use PortConfigKey ozone.scm.block.client.port appended with serviceId and nodeId. If want to configure same port configure ozone.scm.block.client.port
2021-11-30 13:17:06,316 [Listener at 0.0.0.0/13403] WARN  scm.ScmUtils (ScmUtils.java:logWarn(179)) - ConfigKey ozone.scm.client.address is deprecated, For configuring different ports for each SCM use PortConfigKey ozone.scm.client.port appended with serviceId and nodeId. If want to configure same port configure ozone.scm.client.port
2021-11-30 13:17:06,316 [Listener at 0.0.0.0/13403] WARN  scm.ScmUtils (ScmUtils.java:logWarn(179)) - ConfigKey ozone.scm.datanode.address is deprecated, For configuring different ports for each SCM use PortConfigKey ozone.scm.datanode.port appended with serviceId and nodeId. If want to configure same port configure ozone.scm.datanode.port
2021-11-30 13:17:06,316 [Listener at 0.0.0.0/13403] WARN  server.ServerUtils (ServerUtils.java:getScmDbDir(148)) - ozone.scm.db.dirs is not configured. We recommend adding this setting. Falling back to ozone.metadata.dirs instead.
2021-11-30 13:17:06,317 [Listener at 0.0.0.0/13403] INFO  ha.SCMNodeInfo (SCMNodeInfo.java:getPort(197)) - ConfigKey ozone.scm.client.address is deprecated, For configuring different ports for each SCM use PortConfigKey ozone.scm.client.port appended with serviceId and nodeId
2021-11-30 13:17:06,318 [Listener at 0.0.0.0/13403] INFO  ha.SCMNodeInfo (SCMNodeInfo.java:getPort(197)) - ConfigKey ozone.scm.block.client.address is deprecated, For configuring different ports for each SCM use PortConfigKey ozone.scm.block.client.port appended with serviceId and nodeId
2021-11-30 13:17:06,318 [Listener at 0.0.0.0/13403] INFO  ha.SCMNodeInfo (SCMNodeInfo.java:getPort(197)) - ConfigKey ozone.scm.datanode.address is deprecated, For configuring different ports for each SCM use PortConfigKey ozone.scm.datanode.port appended with serviceId and nodeId
2021-11-30 13:17:06,318 [Listener at 0.0.0.0/13403] INFO  ha.SCMNodeInfo (SCMNodeInfo.java:getPort(197)) - ConfigKey ozone.scm.client.address is deprecated, For configuring different ports for each SCM use PortConfigKey ozone.scm.client.port appended with serviceId and nodeId
2021-11-30 13:17:06,318 [Listener at 0.0.0.0/13403] INFO  ha.SCMNodeInfo (SCMNodeInfo.java:getPort(197)) - ConfigKey ozone.scm.block.client.address is deprecated, For configuring different ports for each SCM use PortConfigKey ozone.scm.block.client.port appended with serviceId and nodeId
2021-11-30 13:17:06,318 [Listener at 0.0.0.0/13403] INFO  ha.SCMNodeInfo (SCMNodeInfo.java:getPort(197)) - ConfigKey ozone.scm.datanode.address is deprecated, For configuring different ports for each SCM use PortConfigKey ozone.scm.datanode.port appended with serviceId and nodeId
2021-11-30 13:17:06,318 [Listener at 0.0.0.0/13403] INFO  ha.SCMNodeInfo (SCMNodeInfo.java:getPort(197)) - ConfigKey ozone.scm.client.address is deprecated, For configuring different ports for each SCM use PortConfigKey ozone.scm.client.port appended with serviceId and nodeId
2021-11-30 13:17:06,318 [Listener at 0.0.0.0/13403] INFO  ha.SCMNodeInfo (SCMNodeInfo.java:getPort(197)) - ConfigKey ozone.scm.block.client.address is deprecated, For configuring different ports for each SCM use PortConfigKey ozone.scm.block.client.port appended with serviceId and nodeId
2021-11-30 13:17:06,318 [Listener at 0.0.0.0/13403] INFO  ha.SCMNodeInfo (SCMNodeInfo.java:getPort(197)) - ConfigKey ozone.scm.datanode.address is deprecated, For configuring different ports for each SCM use PortConfigKey ozone.scm.datanode.port appended with serviceId and nodeId
2021-11-30 13:17:06,438 [EndpointStateMachine task thread for /127.0.0.1:13705 - 0 ] INFO  ipc.Client (Client.java:handleConnectionFailure(977)) - Retrying connect to server: localhost/127.0.0.1:13705. Already tried 8 time(s); retry policy is RetryUpToMaximumCountWithFixedSleep(maxRetries=15, sleepTime=1000 MILLISECONDS)
2021-11-30 13:17:06,438 [EndpointStateMachine task thread for /127.0.0.1:13685 - 0 ] INFO  ipc.Client (Client.java:handleConnectionFailure(977)) - Retrying connect to server: localhost/127.0.0.1:13685. Already tried 8 time(s); retry policy is RetryUpToMaximumCountWithFixedSleep(maxRetries=15, sleepTime=1000 MILLISECONDS)
2021-11-30 13:17:06,439 [EndpointStateMachine task thread for /127.0.0.1:13695 - 0 ] INFO  ipc.Client (Client.java:handleConnectionFailure(977)) - Retrying connect to server: localhost/127.0.0.1:13695. Already tried 8 time(s); retry policy is RetryUpToMaximumCountWithFixedSleep(maxRetries=15, sleepTime=1000 MILLISECONDS)
2021-11-30 13:17:07,439 [EndpointStateMachine task thread for /127.0.0.1:13705 - 0 ] INFO  ipc.Client (Client.java:handleConnectionFailure(977)) - Retrying connect to server: localhost/127.0.0.1:13705. Already tried 9 time(s); retry policy is RetryUpToMaximumCountWithFixedSleep(maxRetries=15, sleepTime=1000 MILLISECONDS)
2021-11-30 13:17:07,439 [EndpointStateMachine task thread for /127.0.0.1:13685 - 0 ] INFO  ipc.Client (Client.java:handleConnectionFailure(977)) - Retrying connect to server: localhost/127.0.0.1:13685. Already tried 9 time(s); retry policy is RetryUpToMaximumCountWithFixedSleep(maxRetries=15, sleepTime=1000 MILLISECONDS)
2021-11-30 13:17:07,439 [EndpointStateMachine task thread for /127.0.0.1:13695 - 0 ] INFO  ipc.Client (Client.java:handleConnectionFailure(977)) - Retrying connect to server: localhost/127.0.0.1:13695. Already tried 9 time(s); retry policy is RetryUpToMaximumCountWithFixedSleep(maxRetries=15, sleepTime=1000 MILLISECONDS)
2021-11-30 13:17:08,371 [Listener at 0.0.0.0/13403] INFO  retry.RetryInvocationHandler (RetryInvocationHandler.java:log(411)) - com.google.protobuf.ServiceException: java.net.ConnectException: Call From fv-az148-447/10.1.0.48 to localhost:13412 failed on connection exception: java.net.ConnectException: Connection refused; For more details see:  http://wiki.apache.org/hadoop/ConnectionRefused, while invoking $Proxy39.send over nodeId=scmNode-2,nodeAddress=/127.0.0.1:13412 after 1 failover attempts. Trying to failover after sleeping for 2000ms.
2021-11-30 13:17:08,439 [EndpointStateMachine task thread for /127.0.0.1:13705 - 0 ] INFO  ipc.Client (Client.java:handleConnectionFailure(977)) - Retrying connect to server: localhost/127.0.0.1:13705. Already tried 10 time(s); retry policy is RetryUpToMaximumCountWithFixedSleep(maxRetries=15, sleepTime=1000 MILLISECONDS)
2021-11-30 13:17:08,440 [EndpointStateMachine task thread for /127.0.0.1:13695 - 0 ] INFO  ipc.Client (Client.java:handleConnectionFailure(977)) - Retrying connect to server: localhost/127.0.0.1:13695. Already tried 10 time(s); retry policy is RetryUpToMaximumCountWithFixedSleep(maxRetries=15, sleepTime=1000 MILLISECONDS)
2021-11-30 13:17:08,439 [EndpointStateMachine task thread for /127.0.0.1:13685 - 0 ] INFO  ipc.Client (Client.java:handleConnectionFailure(977)) - Retrying connect to server: localhost/127.0.0.1:13685. Already tried 10 time(s); retry policy is RetryUpToMaximumCountWithFixedSleep(maxRetries=15, sleepTime=1000 MILLISECONDS)
2021-11-30 13:17:09,440 [EndpointStateMachine task thread for /127.0.0.1:13695 - 0 ] INFO  ipc.Client (Client.java:handleConnectionFailure(977)) - Retrying connect to server: localhost/127.0.0.1:13695. Already tried 11 time(s); retry policy is RetryUpToMaximumCountWithFixedSleep(maxRetries=15, sleepTime=1000 MILLISECONDS)
2021-11-30 13:17:09,440 [EndpointStateMachine task thread for /127.0.0.1:13705 - 0 ] INFO  ipc.Client (Client.java:handleConnectionFailure(977)) - Retrying connect to server: localhost/127.0.0.1:13705. Already tried 11 time(s); retry policy is RetryUpToMaximumCountWithFixedSleep(maxRetries=15, sleepTime=1000 MILLISECONDS)
2021-11-30 13:17:09,441 [EndpointStateMachine task thread for /127.0.0.1:13685 - 0 ] INFO  ipc.Client (Client.java:handleConnectionFailure(977)) - Retrying connect to server: localhost/127.0.0.1:13685. Already tried 11 time(s); retry policy is RetryUpToMaximumCountWithFixedSleep(maxRetries=15, sleepTime=1000 MILLISECONDS)
2021-11-30 13:17:10,372 [Listener at 0.0.0.0/13403] INFO  retry.RetryInvocationHandler (RetryInvocationHandler.java:log(411)) - com.google.protobuf.ServiceException: java.net.ConnectException: Call From fv-az148-447/10.1.0.48 to localhost:13422 failed on connection exception: java.net.ConnectException: Connection refused; For more details see:  http://wiki.apache.org/hadoop/ConnectionRefused, while invoking $Proxy39.send over nodeId=scmNode-3,nodeAddress=/127.0.0.1:13422 after 2 failover attempts. Trying to failover after sleeping for 2000ms.
2021-11-30 13:17:10,441 [EndpointStateMachine task thread for /127.0.0.1:13695 - 0 ] INFO  ipc.Client (Client.java:handleConnectionFailure(977)) - Retrying connect to server: localhost/127.0.0.1:13695. Already tried 12 time(s); retry policy is RetryUpToMaximumCountWithFixedSleep(maxRetries=15, sleepTime=1000 MILLISECONDS)
2021-11-30 13:17:10,441 [EndpointStateMachine task thread for /127.0.0.1:13705 - 0 ] INFO  ipc.Client (Client.java:handleConnectionFailure(977)) - Retrying connect to server: localhost/127.0.0.1:13705. Already tried 12 time(s); retry policy is RetryUpToMaximumCountWithFixedSleep(maxRetries=15, sleepTime=1000 MILLISECONDS)
2021-11-30 13:17:10,441 [EndpointStateMachine task thread for /127.0.0.1:13685 - 0 ] INFO  ipc.Client (Client.java:handleConnectionFailure(977)) - Retrying connect to server: localhost/127.0.0.1:13685. Already tried 12 time(s); retry policy is RetryUpToMaximumCountWithFixedSleep(maxRetries=15, sleepTime=1000 MILLISECONDS)
2021-11-30 13:17:11,098 [e2ff296b-9428-40f2-9fe9-4cc07b88cea2@group-F37D1847179E-FollowerState] INFO  impl.FollowerState (FollowerState.java:run(134)) - e2ff296b-9428-40f2-9fe9-4cc07b88cea2@group-F37D1847179E-FollowerState: change to CANDIDATE, lastRpcElapsedTime:5029922796ns, electionTimeout:5018ms
2021-11-30 13:17:11,098 [e2ff296b-9428-40f2-9fe9-4cc07b88cea2@group-F37D1847179E-FollowerState] INFO  impl.RoleInfo (RoleInfo.java:shutdownFollowerState(108)) - e2ff296b-9428-40f2-9fe9-4cc07b88cea2: shutdown e2ff296b-9428-40f2-9fe9-4cc07b88cea2@group-F37D1847179E-FollowerState
2021-11-30 13:17:11,098 [e2ff296b-9428-40f2-9fe9-4cc07b88cea2@group-F37D1847179E-FollowerState] INFO  server.RaftServer$Division (RaftServerImpl.java:setRole(290)) - e2ff296b-9428-40f2-9fe9-4cc07b88cea2@group-F37D1847179E: changes role from  FOLLOWER to CANDIDATE at term 1 for changeToCandidate
2021-11-30 13:17:11,098 [e2ff296b-9428-40f2-9fe9-4cc07b88cea2@group-F37D1847179E-FollowerState] INFO  server.RaftServerConfigKeys (ConfUtils.java:logGet(44)) - raft.server.leaderelection.pre-vote = false (custom)
2021-11-30 13:17:11,098 [e2ff296b-9428-40f2-9fe9-4cc07b88cea2@group-F37D1847179E-FollowerState] INFO  impl.RoleInfo (RoleInfo.java:updateAndGet(130)) - e2ff296b-9428-40f2-9fe9-4cc07b88cea2: start e2ff296b-9428-40f2-9fe9-4cc07b88cea2@group-F37D1847179E-LeaderElection13
2021-11-30 13:17:11,120 [e2ff296b-9428-40f2-9fe9-4cc07b88cea2@group-F37D1847179E-LeaderElection13] INFO  impl.LeaderElection (LeaderElection.java:askForVotes(306)) - e2ff296b-9428-40f2-9fe9-4cc07b88cea2@group-F37D1847179E-LeaderElection13 ELECTION round 0: submit vote requests at term 2 for 0: [e2ff296b-9428-40f2-9fe9-4cc07b88cea2|rpc:localhost:13400|admin:|client:|dataStream:|priority:0], old=null
2021-11-30 13:17:11,120 [e2ff296b-9428-40f2-9fe9-4cc07b88cea2@group-F37D1847179E-LeaderElection13] INFO  impl.LeaderElection (LeaderElection.java:askForVotes(308)) - e2ff296b-9428-40f2-9fe9-4cc07b88cea2@group-F37D1847179E-LeaderElection13 ELECTION round 0: result PASSED (term=2)
2021-11-30 13:17:11,120 [e2ff296b-9428-40f2-9fe9-4cc07b88cea2@group-F37D1847179E-LeaderElection13] INFO  impl.RoleInfo (RoleInfo.java:shutdownLeaderElection(121)) - e2ff296b-9428-40f2-9fe9-4cc07b88cea2: shutdown e2ff296b-9428-40f2-9fe9-4cc07b88cea2@group-F37D1847179E-LeaderElection13
2021-11-30 13:17:11,120 [e2ff296b-9428-40f2-9fe9-4cc07b88cea2@group-F37D1847179E-LeaderElection13] INFO  server.RaftServer$Division (RaftServerImpl.java:setRole(290)) - e2ff296b-9428-40f2-9fe9-4cc07b88cea2@group-F37D1847179E: changes role from CANDIDATE to LEADER at term 2 for changeToLeader
2021-11-30 13:17:11,120 [e2ff296b-9428-40f2-9fe9-4cc07b88cea2@group-F37D1847179E-LeaderElection13] INFO  ha.SCMStateMachine (SCMStateMachine.java:notifyLeaderChanged(259)) - current SCM becomes leader of term 2.
2021-11-30 13:17:11,120 [e2ff296b-9428-40f2-9fe9-4cc07b88cea2@group-F37D1847179E-LeaderElection13] INFO  ha.SCMContext (SCMContext.java:updateLeaderAndTerm(88)) - update <isLeader,term> from <false,0> to <true,2>
2021-11-30 13:17:11,120 [e2ff296b-9428-40f2-9fe9-4cc07b88cea2@group-F37D1847179E-LeaderElection13] INFO  server.RaftServer$Division (ServerState.java:setLeader(285)) - e2ff296b-9428-40f2-9fe9-4cc07b88cea2@group-F37D1847179E: change Leader from null to e2ff296b-9428-40f2-9fe9-4cc07b88cea2 at term 2 for becomeLeader, leader elected after 5139ms
2021-11-30 13:17:11,121 [e2ff296b-9428-40f2-9fe9-4cc07b88cea2@group-F37D1847179E-LeaderElection13] INFO  server.RaftServerConfigKeys (ConfUtils.java:logGet(44)) - raft.server.staging.catchup.gap = 1000 (default)
2021-11-30 13:17:11,121 [e2ff296b-9428-40f2-9fe9-4cc07b88cea2@group-F37D1847179E-LeaderElection13] INFO  server.RaftServerConfigKeys (ConfUtils.java:logGet(44)) - raft.server.write.element-limit = 4096 (default)
2021-11-30 13:17:11,121 [e2ff296b-9428-40f2-9fe9-4cc07b88cea2@group-F37D1847179E-LeaderElection13] INFO  server.RaftServerConfigKeys (ConfUtils.java:logGet(44)) - raft.server.write.byte-limit = 64MB (=67108864) (default)
2021-11-30 13:17:11,121 [e2ff296b-9428-40f2-9fe9-4cc07b88cea2@group-F37D1847179E-LeaderElection13] INFO  server.RaftServerConfigKeys (ConfUtils.java:logGet(44)) - raft.server.watch.timeout = 10s (default)
2021-11-30 13:17:11,121 [e2ff296b-9428-40f2-9fe9-4cc07b88cea2@group-F37D1847179E-LeaderElection13] INFO  server.RaftServerConfigKeys (ConfUtils.java:logGet(44)) - raft.server.watch.timeout.denomination = 1s (default)
2021-11-30 13:17:11,121 [e2ff296b-9428-40f2-9fe9-4cc07b88cea2@group-F37D1847179E-LeaderElection13] INFO  server.RaftServerConfigKeys (ConfUtils.java:logGet(44)) - raft.server.watch.element-limit = 65536 (default)
2021-11-30 13:17:11,121 [e2ff296b-9428-40f2-9fe9-4cc07b88cea2@group-F37D1847179E-LeaderElection13] INFO  server.RaftServerConfigKeys (ConfUtils.java:logGet(44)) - raft.server.write.element-limit = 4096 (default)
2021-11-30 13:17:11,121 [e2ff296b-9428-40f2-9fe9-4cc07b88cea2@group-F37D1847179E-LeaderElection13] INFO  server.RaftServerConfigKeys (ConfUtils.java:logGet(44)) - raft.server.write.follower.gap.ratio.max = -1.0 (default)
2021-11-30 13:17:11,121 [e2ff296b-9428-40f2-9fe9-4cc07b88cea2@group-F37D1847179E-LeaderElection13] INFO  impl.RoleInfo (RoleInfo.java:updateAndGet(130)) - e2ff296b-9428-40f2-9fe9-4cc07b88cea2: start e2ff296b-9428-40f2-9fe9-4cc07b88cea2@group-F37D1847179E-LeaderStateImpl
2021-11-30 13:17:11,122 [e2ff296b-9428-40f2-9fe9-4cc07b88cea2@group-F37D1847179E-LeaderElection13] INFO  segmented.SegmentedRaftLogWorker (SegmentedRaftLogWorker.java:rollLogSegment(399)) - e2ff296b-9428-40f2-9fe9-4cc07b88cea2@group-F37D1847179E-SegmentedRaftLogWorker: Rolling segment log-0_0 to index:0
2021-11-30 13:17:11,132 [e2ff296b-9428-40f2-9fe9-4cc07b88cea2@group-F37D1847179E-LeaderElection13] INFO  server.RaftServer$Division (ServerState.java:setRaftConf(387)) - e2ff296b-9428-40f2-9fe9-4cc07b88cea2@group-F37D1847179E: set configuration 1: [e2ff296b-9428-40f2-9fe9-4cc07b88cea2|rpc:localhost:13400|admin:|client:|dataStream:|priority:0], old=null
2021-11-30 13:17:11,132 [e2ff296b-9428-40f2-9fe9-4cc07b88cea2@group-F37D1847179E-SegmentedRaftLogWorker] INFO  segmented.SegmentedRaftLogWorker (SegmentedRaftLogWorker.java:execute(558)) - e2ff296b-9428-40f2-9fe9-4cc07b88cea2@group-F37D1847179E-SegmentedRaftLogWorker: Rolled log segment from /home/runner/work/ozone/ozone/hadoop-ozone/integration-test/target/test-dir/MiniOzoneClusterImpl-00f7fd44-dd00-490d-8842-f37d1847179e/scmNode-1/scm-ha/00f7fd44-dd00-490d-8842-f37d1847179e/current/log_inprogress_0 to /home/runner/work/ozone/ozone/hadoop-ozone/integration-test/target/test-dir/MiniOzoneClusterImpl-00f7fd44-dd00-490d-8842-f37d1847179e/scmNode-1/scm-ha/00f7fd44-dd00-490d-8842-f37d1847179e/current/log_0-0
2021-11-30 13:17:11,143 [e2ff296b-9428-40f2-9fe9-4cc07b88cea2@group-F37D1847179E-SegmentedRaftLogWorker] INFO  segmented.SegmentedRaftLogWorker (SegmentedRaftLogWorker.java:execute(601)) - e2ff296b-9428-40f2-9fe9-4cc07b88cea2@group-F37D1847179E-SegmentedRaftLogWorker: created new log segment /home/runner/work/ozone/ozone/hadoop-ozone/integration-test/target/test-dir/MiniOzoneClusterImpl-00f7fd44-dd00-490d-8842-f37d1847179e/scmNode-1/scm-ha/00f7fd44-dd00-490d-8842-f37d1847179e/current/log_inprogress_1
2021-11-30 13:17:11,144 [e2ff296b-9428-40f2-9fe9-4cc07b88cea2@group-F37D1847179E-StateMachineUpdater] INFO  ha.SCMContext (SCMContext.java:setLeaderReady(115)) - update <isLeaderReady> from <false> to <true>
2021-11-30 13:17:11,145 [e2ff296b-9428-40f2-9fe9-4cc07b88cea2@group-F37D1847179E-StateMachineUpdater] INFO  pipeline.BackgroundPipelineCreator (BackgroundPipelineCreator.java:notifyStatusChanged(264)) - Service BackgroundPipelineCreator transitions to RUNNING.
2021-11-30 13:17:11,146 [e2ff296b-9428-40f2-9fe9-4cc07b88cea2@group-F37D1847179E-StateMachineUpdater] INFO  safemode.HealthyPipelineSafeModeRule (HealthyPipelineSafeModeRule.java:initializeRule(152)) - Refreshed total pipeline count is 0, healthy pipeline threshold count is 1
2021-11-30 13:17:11,146 [e2ff296b-9428-40f2-9fe9-4cc07b88cea2@group-F37D1847179E-StateMachineUpdater] INFO  safemode.ContainerSafeModeRule (ContainerSafeModeRule.java:reInitializeRule(177)) - Refreshed one replica container threshold 0, currentThreshold 0
2021-11-30 13:17:11,146 [e2ff296b-9428-40f2-9fe9-4cc07b88cea2@group-F37D1847179E-StateMachineUpdater] INFO  safemode.OneReplicaPipelineSafeModeRule (OneReplicaPipelineSafeModeRule.java:initializeRule(176)) - Refreshed Total pipeline count is 0, pipeline's with at least one datanode reported threshold count is 0
2021-11-30 13:17:11,146 [e2ff296b-9428-40f2-9fe9-4cc07b88cea2@group-F37D1847179E-StateMachineUpdater] INFO  server.SCMDatanodeProtocolServer (SCMDatanodeProtocolServer.java:start(181)) - RPC server for DataNodes is listening at /0.0.0.0:13401
2021-11-30 13:17:11,148 [IPC Server listener on 13401] INFO  ipc.Server (Server.java:run(1344)) - IPC Server listener on 13401: starting
2021-11-30 13:17:11,174 [IPC Server Responder] INFO  ipc.Server (Server.java:run(1507)) - IPC Server Responder: starting
2021-11-30 13:17:11,441 [EndpointStateMachine task thread for /127.0.0.1:13705 - 0 ] INFO  ipc.Client (Client.java:handleConnectionFailure(977)) - Retrying connect to server: localhost/127.0.0.1:13705. Already tried 13 time(s); retry policy is RetryUpToMaximumCountWithFixedSleep(maxRetries=15, sleepTime=1000 MILLISECONDS)
2021-11-30 13:17:11,442 [EndpointStateMachine task thread for /127.0.0.1:13685 - 0 ] INFO  ipc.Client (Client.java:handleConnectionFailure(977)) - Retrying connect to server: localhost/127.0.0.1:13685. Already tried 13 time(s); retry policy is RetryUpToMaximumCountWithFixedSleep(maxRetries=15, sleepTime=1000 MILLISECONDS)
2021-11-30 13:17:11,441 [EndpointStateMachine task thread for /127.0.0.1:13695 - 0 ] INFO  ipc.Client (Client.java:handleConnectionFailure(977)) - Retrying connect to server: localhost/127.0.0.1:13695. Already tried 13 time(s); retry policy is RetryUpToMaximumCountWithFixedSleep(maxRetries=15, sleepTime=1000 MILLISECONDS)
2021-11-30 13:17:12,376 [Listener at 0.0.0.0/13403] INFO  server.StorageContainerManager (StorageContainerManager.java:scmBootstrap(987)) - SCM BootStrap  is successful for ClusterID 00f7fd44-dd00-490d-8842-f37d1847179e, SCMID 0f6dc6cb-fd39-4234-9fee-aa41e9cd5640
2021-11-30 13:17:12,376 [Listener at 0.0.0.0/13403] INFO  server.StorageContainerManager (StorageContainerManager.java:scmBootstrap(989)) - Primary SCM Node ID e2ff296b-9428-40f2-9fe9-4cc07b88cea2
2021-11-30 13:17:12,377 [Listener at 0.0.0.0/13403] INFO  ha.SCMHANodeDetails (SCMHANodeDetails.java:loadSCMHAConfig(157)) - ServiceID for StorageContainerManager is scm-service-test1
2021-11-30 13:17:12,377 [Listener at 0.0.0.0/13403] INFO  ha.SCMHANodeDetails (SCMHANodeDetails.java:loadSCMHAConfig(168)) - ServiceID for StorageContainerManager is scm-service-test1
2021-11-30 13:17:12,377 [Listener at 0.0.0.0/13403] WARN  scm.ScmUtils (ScmUtils.java:logWarn(179)) - ConfigKey ozone.scm.block.client.address is deprecated, For configuring different ports for each SCM use PortConfigKey ozone.scm.block.client.port appended with serviceId and nodeId. If want to configure same port configure ozone.scm.block.client.port
2021-11-30 13:17:12,377 [Listener at 0.0.0.0/13403] WARN  scm.ScmUtils (ScmUtils.java:logWarn(179)) - ConfigKey ozone.scm.client.address is deprecated, For configuring different ports for each SCM use PortConfigKey ozone.scm.client.port appended with serviceId and nodeId. If want to configure same port configure ozone.scm.client.port
2021-11-30 13:17:12,377 [Listener at 0.0.0.0/13403] WARN  scm.ScmUtils (ScmUtils.java:logWarn(179)) - ConfigKey ozone.scm.datanode.address is deprecated, For configuring different ports for each SCM use PortConfigKey ozone.scm.datanode.port appended with serviceId and nodeId. If want to configure same port configure ozone.scm.datanode.port
2021-11-30 13:17:12,377 [Listener at 0.0.0.0/13403] WARN  scm.ScmUtils (ScmUtils.java:logWarn(179)) - ConfigKey ozone.scm.block.client.address is deprecated, For configuring different ports for each SCM use PortConfigKey ozone.scm.block.client.port appended with serviceId and nodeId. If want to configure same port configure ozone.scm.block.client.port
2021-11-30 13:17:12,377 [Listener at 0.0.0.0/13403] WARN  scm.ScmUtils (ScmUtils.java:logWarn(179)) - ConfigKey ozone.scm.client.address is deprecated, For configuring different ports for each SCM use PortConfigKey ozone.scm.client.port appended with serviceId and nodeId. If want to configure same port configure ozone.scm.client.port
2021-11-30 13:17:12,378 [Listener at 0.0.0.0/13403] WARN  scm.ScmUtils (ScmUtils.java:logWarn(179)) - ConfigKey ozone.scm.datanode.address is deprecated, For configuring different ports for each SCM use PortConfigKey ozone.scm.datanode.port appended with serviceId and nodeId. If want to configure same port configure ozone.scm.datanode.port
2021-11-30 13:17:12,378 [Listener at 0.0.0.0/13403] INFO  ha.SCMHANodeDetails (SCMHANodeDetails.java:loadSCMHAConfig(250)) - Found matching SCM address with SCMServiceId: scm-service-test1, SCMNodeId: scmNode-2, RPC Address: localhost:13410 and Ratis port: 13410
2021-11-30 13:17:12,378 [Listener at 0.0.0.0/13403] INFO  ha.SCMHANodeDetails (ConfUtils.java:setNodeSpecificConfigs(108)) - Setting configuration key ozone.scm.datanode.address with value of key ozone.scm.datanode.address.scm-service-test1.scmNode-2: 127.0.0.1:13411
2021-11-30 13:17:12,378 [Listener at 0.0.0.0/13403] INFO  ha.SCMHANodeDetails (ConfUtils.java:setNodeSpecificConfigs(108)) - Setting configuration key ozone.scm.block.client.address with value of key ozone.scm.block.client.address.scm-service-test1.scmNode-2: 127.0.0.1:13412
2021-11-30 13:17:12,378 [Listener at 0.0.0.0/13403] INFO  ha.SCMHANodeDetails (ConfUtils.java:setNodeSpecificConfigs(108)) - Setting configuration key ozone.scm.client.address with value of key ozone.scm.client.address.scm-service-test1.scmNode-2: 127.0.0.1:13413
2021-11-30 13:17:12,378 [Listener at 0.0.0.0/13403] INFO  ha.SCMHANodeDetails (ConfUtils.java:setNodeSpecificConfigs(108)) - Setting configuration key ozone.scm.ratis.port with value of key ozone.scm.ratis.port.scm-service-test1.scmNode-2: 13410
2021-11-30 13:17:12,378 [Listener at 0.0.0.0/13403] INFO  ha.SCMHANodeDetails (ConfUtils.java:setNodeSpecificConfigs(108)) - Setting configuration key ozone.scm.grpc.port with value of key ozone.scm.grpc.port.scm-service-test1.scmNode-2: 13414
2021-11-30 13:17:12,378 [Listener at 0.0.0.0/13403] INFO  ha.SCMHANodeDetails (ConfUtils.java:setNodeSpecificConfigs(108)) - Setting configuration key ozone.scm.http-address with value of key ozone.scm.http-address.scm-service-test1.scmNode-2: 127.0.0.1:13408
2021-11-30 13:17:12,378 [Listener at 0.0.0.0/13403] INFO  ha.SCMHANodeDetails (ConfUtils.java:setNodeSpecificConfigs(108)) - Setting configuration key ozone.scm.https-address with value of key ozone.scm.https-address.scm-service-test1.scmNode-2: 127.0.0.1:13409
2021-11-30 13:17:12,378 [Listener at 0.0.0.0/13403] INFO  ha.SCMHANodeDetails (ConfUtils.java:setNodeSpecificConfigs(108)) - Setting configuration key ozone.scm.address with value of key ozone.scm.address.scm-service-test1.scmNode-2: 127.0.0.1
2021-11-30 13:17:12,378 [Listener at 0.0.0.0/13403] WARN  scm.ScmUtils (ScmUtils.java:logWarn(179)) - ConfigKey ozone.scm.block.client.address is deprecated, For configuring different ports for each SCM use PortConfigKey ozone.scm.block.client.port appended with serviceId and nodeId. If want to configure same port configure ozone.scm.block.client.port
2021-11-30 13:17:12,379 [Listener at 0.0.0.0/13403] WARN  scm.ScmUtils (ScmUtils.java:logWarn(179)) - ConfigKey ozone.scm.client.address is deprecated, For configuring different ports for each SCM use PortConfigKey ozone.scm.client.port appended with serviceId and nodeId. If want to configure same port configure ozone.scm.client.port
2021-11-30 13:17:12,379 [Listener at 0.0.0.0/13403] WARN  scm.ScmUtils (ScmUtils.java:logWarn(179)) - ConfigKey ozone.scm.datanode.address is deprecated, For configuring different ports for each SCM use PortConfigKey ozone.scm.datanode.port appended with serviceId and nodeId. If want to configure same port configure ozone.scm.datanode.port
2021-11-30 13:17:12,380 [Listener at 0.0.0.0/13403] WARN  server.ServerUtils (ServerUtils.java:getScmDbDir(148)) - ozone.scm.db.dirs is not configured. We recommend adding this setting. Falling back to ozone.metadata.dirs instead.
2021-11-30 13:17:12,380 [Listener at 0.0.0.0/13403] INFO  upgrade.AbstractLayoutVersionManager (AbstractLayoutVersionManager.java:init(79)) - Initializing Layout version manager with metadata layout = SCM_HA (version = 2), software layout = SCM_HA (version = 2)
2021-11-30 13:17:12,443 [Listener at 0.0.0.0/13403] INFO  reflections.Reflections (Reflections.java:scan(232)) - Reflections took 61 ms to scan 7 urls, producing 119 keys and 279 values 
2021-11-30 13:17:12,443 [EndpointStateMachine task thread for /127.0.0.1:13705 - 0 ] INFO  ipc.Client (Client.java:handleConnectionFailure(977)) - Retrying connect to server: localhost/127.0.0.1:13705. Already tried 14 time(s); retry policy is RetryUpToMaximumCountWithFixedSleep(maxRetries=15, sleepTime=1000 MILLISECONDS)
2021-11-30 13:17:12,443 [EndpointStateMachine task thread for /127.0.0.1:13685 - 0 ] INFO  ipc.Client (Client.java:handleConnectionFailure(977)) - Retrying connect to server: localhost/127.0.0.1:13685. Already tried 14 time(s); retry policy is RetryUpToMaximumCountWithFixedSleep(maxRetries=15, sleepTime=1000 MILLISECONDS)
2021-11-30 13:17:12,443 [EndpointStateMachine task thread for /127.0.0.1:13695 - 0 ] INFO  ipc.Client (Client.java:handleConnectionFailure(977)) - Retrying connect to server: localhost/127.0.0.1:13695. Already tried 14 time(s); retry policy is RetryUpToMaximumCountWithFixedSleep(maxRetries=15, sleepTime=1000 MILLISECONDS)
2021-11-30 13:17:12,452 [Listener at 0.0.0.0/13403] WARN  utils.HAUtils (HAUtils.java:getMetaDir(342)) - ozone.scm.db.dirs is not configured. We recommend adding this setting. Falling back to ozone.metadata.dirs instead.
2021-11-30 13:17:12,456 [Listener at 0.0.0.0/13403] WARN  db.DBStoreBuilder (DBStoreBuilder.java:applyDBDefinition(145)) - ozone.scm.db.dirs is not configured. We recommend adding this setting. Falling back to ozone.metadata.dirs instead.
2021-11-30 13:17:12,553 [Listener at 0.0.0.0/13403] INFO  net.NodeSchemaLoader (NodeSchemaLoader.java:loadSchemaFromFile(129)) - Loading schema from [jar:file:/home/runner/.m2/repository/org/apache/ozone/hdds-common/1.3.0-SNAPSHOT/hdds-common-1.3.0-SNAPSHOT.jar!/network-topology-default.xml]
2021-11-30 13:17:12,554 [Listener at 0.0.0.0/13403] INFO  net.NodeSchemaLoader (NodeSchemaLoader.java:loadSchema(176)) - Loading network topology layer schema file
2021-11-30 13:17:12,565 [Listener at 0.0.0.0/13403] WARN  impl.MetricRegistriesImpl (MetricRegistriesImpl.java:addReporterRegistration(111)) - New reporters are added after registries were created. Some metrics will be missing from the reporter. Please add reporter before adding any new registry.
2021-11-30 13:17:12,566 [Listener at 0.0.0.0/13403] WARN  impl.MetricRegistriesImpl (MetricRegistriesImpl.java:addReporterRegistration(111)) - New reporters are added after registries were created. Some metrics will be missing from the reporter. Please add reporter before adding any new registry.
2021-11-30 13:17:12,567 [Listener at 0.0.0.0/13403] INFO  ha.SCMRatisServerImpl (SCMRatisServerImpl.java:<init>(87)) - starting Raft server for scm:0f6dc6cb-fd39-4234-9fee-aa41e9cd5640
2021-11-30 13:17:12,570 [Listener at 0.0.0.0/13403] INFO  server.RaftServer (ConfUtils.java:logGet(44)) - raft.rpc.type = GRPC (default)
2021-11-30 13:17:12,570 [Listener at 0.0.0.0/13403] INFO  grpc.GrpcFactory (GrpcFactory.java:checkPooledByteBufAllocatorUseCacheForAllThreads(48)) - PERFORMANCE WARNING: useCacheForAllThreads is true that may cause Netty to create a lot garbage objects and, as a result, trigger GC.
	It is recommended to disable useCacheForAllThreads by setting -Dorg.apache.ratis.thirdparty.io.netty.allocator.useCacheForAllThreads=false in command line.
2021-11-30 13:17:12,571 [Listener at 0.0.0.0/13403] INFO  grpc.GrpcConfigKeys (ConfUtils.java:logGet(44)) - raft.grpc.admin.port = -1 (default)
2021-11-30 13:17:12,571 [Listener at 0.0.0.0/13403] INFO  grpc.GrpcConfigKeys (ConfUtils.java:logGet(44)) - raft.grpc.server.port = 13410 (custom)
2021-11-30 13:17:12,571 [Listener at 0.0.0.0/13403] INFO  grpc.GrpcConfigKeys (ConfUtils.java:logGet(44)) - raft.grpc.client.port = -1 (default)
2021-11-30 13:17:12,571 [Listener at 0.0.0.0/13403] INFO  grpc.GrpcConfigKeys (ConfUtils.java:logGet(44)) - raft.grpc.server.port = 13410 (custom)
2021-11-30 13:17:12,571 [Listener at 0.0.0.0/13403] INFO  grpc.GrpcConfigKeys (ConfUtils.java:logGet(44)) - raft.grpc.server.port = 13410 (custom)
2021-11-30 13:17:12,571 [Listener at 0.0.0.0/13403] INFO  server.GrpcService (ConfUtils.java:logGet(44)) - raft.grpc.message.size.max = 32m (=33554432) (custom)
2021-11-30 13:17:12,571 [Listener at 0.0.0.0/13403] INFO  server.RaftServerConfigKeys (ConfUtils.java:logGet(44)) - raft.server.log.appender.buffer.byte-limit = 33554432 (custom)
2021-11-30 13:17:12,571 [Listener at 0.0.0.0/13403] INFO  server.GrpcService (ConfUtils.java:logGet(44)) - raft.grpc.flow.control.window = 1MB (=1048576) (default)
2021-11-30 13:17:12,572 [Listener at 0.0.0.0/13403] INFO  server.RaftServerConfigKeys (ConfUtils.java:logGet(44)) - raft.server.rpc.request.timeout = 30000ms (custom)
2021-11-30 13:17:12,573 [Listener at 0.0.0.0/13403] INFO  impl.DataStreamServerImpl (ConfUtils.java:logGet(44)) - raft.datastream.type = DISABLED (default)
2021-11-30 13:17:12,574 [Listener at 0.0.0.0/13403] INFO  server.RaftServerConfigKeys (ConfUtils.java:logGet(44)) - raft.server.rpc.slowness.timeout = 120000ms (custom)
2021-11-30 13:17:12,574 [Listener at 0.0.0.0/13403] INFO  server.RaftServerConfigKeys (ConfUtils.java:logGet(44)) - raft.server.leaderelection.leader.step-down.wait-time = 10s (default)
2021-11-30 13:17:12,574 [Listener at 0.0.0.0/13403] INFO  server.RaftServerConfigKeys (ConfUtils.java:logGet(44)) - raft.server.storage.dir = [/home/runner/work/ozone/ozone/hadoop-ozone/integration-test/target/test-dir/MiniOzoneClusterImpl-00f7fd44-dd00-490d-8842-f37d1847179e/scmNode-2/scm-ha] (custom)
2021-11-30 13:17:12,581 [Listener at 0.0.0.0/13403] INFO  server.RaftServer (RaftServerProxy.java:addNew(95)) - 0f6dc6cb-fd39-4234-9fee-aa41e9cd5640: addNew group-F37D1847179E:[] returns group-F37D1847179E:java.util.concurrent.CompletableFuture@1e1e6f93[Not completed]
2021-11-30 13:17:12,582 [pool-223-thread-1] INFO  server.RaftServer$Division (RaftServerImpl.java:<init>(184)) - 0f6dc6cb-fd39-4234-9fee-aa41e9cd5640: new RaftServerImpl for group-F37D1847179E:[] with SCMStateMachine:uninitialized
2021-11-30 13:17:12,583 [pool-223-thread-1] INFO  server.RaftServerConfigKeys (ConfUtils.java:logGet(44)) - raft.server.rpc.timeout.min = 5000ms (custom)
2021-11-30 13:17:12,583 [pool-223-thread-1] INFO  server.RaftServerConfigKeys (ConfUtils.java:logGet(44)) - raft.server.rpc.timeout.max = 5200ms (custom)
2021-11-30 13:17:12,583 [pool-223-thread-1] INFO  server.RaftServerConfigKeys (ConfUtils.java:logGet(44)) - raft.server.rpc.sleep.time = 25ms (default)
2021-11-30 13:17:12,583 [pool-223-thread-1] INFO  server.RaftServerConfigKeys (ConfUtils.java:logGet(44)) - raft.server.rpc.slowness.timeout = 120000ms (custom)
2021-11-30 13:17:12,583 [pool-223-thread-1] INFO  server.RaftServerConfigKeys (ConfUtils.java:logGet(44)) - raft.server.leaderelection.leader.step-down.wait-time = 10s (default)
2021-11-30 13:17:12,596 [pool-223-thread-1] INFO  server.RaftServerConfigKeys (ConfUtils.java:logGet(44)) - raft.server.sleep.deviation.threshold = 300ms (default)
2021-11-30 13:17:12,597 [pool-223-thread-1] INFO  server.RaftServerConfigKeys (ConfUtils.java:logGet(44)) - raft.server.log.appender.install.snapshot.enabled = false (custom)
2021-11-30 13:17:12,599 [pool-223-thread-1] INFO  server.RaftServer$Division (ServerState.java:<init>(105)) - 0f6dc6cb-fd39-4234-9fee-aa41e9cd5640@group-F37D1847179E: ConfigurationManager, init=-1: [], old=null, confs=<EMPTY_MAP>
2021-11-30 13:17:12,599 [pool-223-thread-1] INFO  server.RaftServerConfigKeys (ConfUtils.java:logGet(44)) - raft.server.storage.dir = [/home/runner/work/ozone/ozone/hadoop-ozone/integration-test/target/test-dir/MiniOzoneClusterImpl-00f7fd44-dd00-490d-8842-f37d1847179e/scmNode-2/scm-ha] (custom)
2021-11-30 13:17:12,599 [pool-223-thread-1] INFO  server.RaftServerConfigKeys (ConfUtils.java:logGet(44)) - raft.server.log.corruption.policy = EXCEPTION (default)
2021-11-30 13:17:12,599 [pool-223-thread-1] INFO  server.RaftServerConfigKeys (ConfUtils.java:logGet(44)) - raft.server.storage.free-space.min = 0MB (=0) (default)
2021-11-30 13:17:12,600 [pool-223-thread-1] INFO  storage.RaftStorageDirectory (RaftStorageDirectoryImpl.java:analyzeStorage(135)) - The storage directory /home/runner/work/ozone/ozone/hadoop-ozone/integration-test/target/test-dir/MiniOzoneClusterImpl-00f7fd44-dd00-490d-8842-f37d1847179e/scmNode-2/scm-ha/00f7fd44-dd00-490d-8842-f37d1847179e does not exist. Creating ...
2021-11-30 13:17:12,602 [pool-223-thread-1] INFO  storage.RaftStorageDirectory (RaftStorageDirectoryImpl.java:tryLock(230)) - Lock on /home/runner/work/ozone/ozone/hadoop-ozone/integration-test/target/test-dir/MiniOzoneClusterImpl-00f7fd44-dd00-490d-8842-f37d1847179e/scmNode-2/scm-ha/00f7fd44-dd00-490d-8842-f37d1847179e/in_use.lock acquired by nodename 32455@fv-az148-447
2021-11-30 13:17:12,603 [pool-223-thread-1] INFO  storage.RaftStorage (RaftStorageImpl.java:format(89)) - Storage directory /home/runner/work/ozone/ozone/hadoop-ozone/integration-test/target/test-dir/MiniOzoneClusterImpl-00f7fd44-dd00-490d-8842-f37d1847179e/scmNode-2/scm-ha/00f7fd44-dd00-490d-8842-f37d1847179e has been successfully formatted.
2021-11-30 13:17:12,603 [pool-223-thread-1] INFO  server.RaftServerConfigKeys (ConfUtils.java:logGet(44)) - raft.server.notification.no-leader.timeout = 60s (default)
2021-11-30 13:17:12,603 [pool-223-thread-1] INFO  server.RaftServerConfigKeys (ConfUtils.java:logGet(44)) - raft.server.log.use.memory = false (default)
2021-11-30 13:17:12,603 [pool-223-thread-1] INFO  server.RaftServerConfigKeys (ConfUtils.java:logGet(44)) - raft.server.log.purge.gap = 5 (custom)
2021-11-30 13:17:12,603 [pool-223-thread-1] INFO  server.RaftServerConfigKeys (ConfUtils.java:logGet(44)) - raft.server.log.appender.buffer.byte-limit = 33554432 (custom)
2021-11-30 13:17:12,603 [pool-223-thread-1] INFO  server.RaftServerConfigKeys (ConfUtils.java:logGet(44)) - raft.server.log.segment.size.max = 4194304 (custom)
2021-11-30 13:17:12,604 [pool-223-thread-1] INFO  server.RaftServerConfigKeys (ConfUtils.java:logGet(44)) - raft.server.log.segment.cache.num.max = 2 (custom)
2021-11-30 13:17:12,604 [pool-223-thread-1] INFO  server.RaftServerConfigKeys (ConfUtils.java:logGet(44)) - raft.server.log.segment.cache.size.max = 200MB (=209715200) (default)
2021-11-30 13:17:12,604 [pool-223-thread-1] INFO  segmented.SegmentedRaftLogWorker (SegmentedRaftLogWorker.java:<init>(182)) - new 0f6dc6cb-fd39-4234-9fee-aa41e9cd5640@group-F37D1847179E-SegmentedRaftLogWorker for RaftStorageImpl:Storage Directory /home/runner/work/ozone/ozone/hadoop-ozone/integration-test/target/test-dir/MiniOzoneClusterImpl-00f7fd44-dd00-490d-8842-f37d1847179e/scmNode-2/scm-ha/00f7fd44-dd00-490d-8842-f37d1847179e
2021-11-30 13:17:12,604 [pool-223-thread-1] INFO  server.RaftServerConfigKeys (ConfUtils.java:logGet(44)) - raft.server.log.queue.byte-limit = 64MB (=67108864) (default)
2021-11-30 13:17:12,604 [pool-223-thread-1] INFO  server.RaftServerConfigKeys (ConfUtils.java:logGet(44)) - raft.server.log.queue.element-limit = 4096 (default)
2021-11-30 13:17:12,604 [pool-223-thread-1] INFO  server.RaftServerConfigKeys (ConfUtils.java:logGet(44)) - raft.server.log.segment.size.max = 4194304 (custom)
2021-11-30 13:17:12,604 [pool-223-thread-1] INFO  server.RaftServerConfigKeys (ConfUtils.java:logGet(44)) - raft.server.log.preallocated.size = 4194304 (custom)
2021-11-30 13:17:12,604 [pool-223-thread-1] INFO  server.RaftServerConfigKeys (ConfUtils.java:logGet(44)) - raft.server.log.force.sync.num = 128 (default)
2021-11-30 13:17:12,604 [pool-223-thread-1] INFO  server.RaftServerConfigKeys (ConfUtils.java:logGet(44)) - raft.server.log.statemachine.data.sync = true (default)
2021-11-30 13:17:12,604 [pool-223-thread-1] INFO  server.RaftServerConfigKeys (ConfUtils.java:logGet(44)) - raft.server.log.statemachine.data.sync.timeout = 10s (default)
2021-11-30 13:17:12,604 [pool-223-thread-1] INFO  server.RaftServerConfigKeys (ConfUtils.java:logGet(44)) - raft.server.log.statemachine.data.sync.timeout.retry = -1 (default)
2021-11-30 13:17:12,605 [pool-223-thread-1] INFO  server.RaftServerConfigKeys (ConfUtils.java:logGet(44)) - raft.server.log.write.buffer.size = 64KB (=65536) (default)
2021-11-30 13:17:12,605 [pool-223-thread-1] INFO  server.RaftServerConfigKeys (ConfUtils.java:logGet(44)) - raft.server.log.statemachine.data.caching.enabled = false (default)
2021-11-30 13:17:12,605 [pool-223-thread-1] INFO  segmented.SegmentedRaftLogWorker (SegmentedRaftLogWorker.java:lambda$new$0(133)) - 0f6dc6cb-fd39-4234-9fee-aa41e9cd5640@group-F37D1847179E-SegmentedRaftLogWorker: flushIndex: setUnconditionally 0 -> -1
2021-11-30 13:17:12,605 [pool-223-thread-1] INFO  segmented.SegmentedRaftLogWorker (SegmentedRaftLogWorker.java:lambda$new$0(133)) - 0f6dc6cb-fd39-4234-9fee-aa41e9cd5640@group-F37D1847179E-SegmentedRaftLogWorker: safeCacheEvictIndex: setUnconditionally 0 -> -1
2021-11-30 13:17:12,613 [pool-223-thread-1] INFO  server.RaftServerConfigKeys (ConfUtils.java:logGet(44)) - raft.server.snapshot.auto.trigger.enabled = true (custom)
2021-11-30 13:17:12,613 [pool-223-thread-1] INFO  server.RaftServerConfigKeys (ConfUtils.java:logGet(44)) - raft.server.snapshot.auto.trigger.threshold = 5 (custom)
2021-11-30 13:17:12,613 [pool-223-thread-1] INFO  server.RaftServerConfigKeys (ConfUtils.java:logGet(44)) - raft.server.snapshot.retention.file.num = -1 (default)
2021-11-30 13:17:12,613 [pool-223-thread-1] INFO  server.RaftServerConfigKeys (ConfUtils.java:logGet(44)) - raft.server.log.purge.upto.snapshot.index = true (custom)
2021-11-30 13:17:12,613 [pool-223-thread-1] INFO  server.RaftServerConfigKeys (ConfUtils.java:logGet(44)) - raft.server.retrycache.expirytime = 60000ms (default)
2021-11-30 13:17:12,613 [pool-223-thread-1] INFO  server.RaftServerConfigKeys (ConfUtils.java:logGet(44)) - raft.server.retrycache.statistics.expirytime = 100μs (default)
2021-11-30 13:17:12,614 [Listener at 0.0.0.0/13403] INFO  ha.SCMSnapshotProvider (SCMSnapshotProvider.java:<init>(66)) - Initializing SCM Snapshot Provider
2021-11-30 13:17:12,614 [Listener at 0.0.0.0/13403] WARN  server.ServerUtils (ServerUtils.java:getDefaultRatisDirectory(237)) - Storage directory for Ratis is not configured. It is a good idea to map this to an SSD disk. Falling back to ozone.metadata.dirs
2021-11-30 13:17:12,615 [Listener at 0.0.0.0/13403] WARN  ha.SCMHAUtils (SCMHAUtils.java:getSCMRatisSnapshotDirectory(146)) - SCM snapshot dir is not configured. Falling back to ozone.metadata.dirs config
2021-11-30 13:17:12,616 [Listener at 0.0.0.0/13403] INFO  ha.SequenceIdGenerator (SequenceIdGenerator.java:upgradeToSequenceId(347)) - upgrade localId to 107544261427200000
2021-11-30 13:17:12,616 [Listener at 0.0.0.0/13403] INFO  ha.SequenceIdGenerator (SequenceIdGenerator.java:upgradeToSequenceId(357)) - upgrade delTxnId to 0
2021-11-30 13:17:12,617 [Listener at 0.0.0.0/13403] INFO  ha.SequenceIdGenerator (SequenceIdGenerator.java:upgradeToSequenceId(371)) - upgrade containerId to 0
2021-11-30 13:17:12,617 [Listener at 0.0.0.0/13403] INFO  ha.SequenceIdGenerator (SequenceIdGenerator.java:<init>(218)) - Init the HA SequenceIdGenerator.
2021-11-30 13:17:12,617 [Listener at 0.0.0.0/13403] WARN  server.ServerUtils (ServerUtils.java:sanitizeUserArgs(73)) - ozone.scm.stale.node.interval value = 300000 is larger than max = 100000 based on the key value of ozone.scm.heartbeat.thread.interval, reset to the max value 100000.
2021-11-30 13:17:12,617 [Listener at 0.0.0.0/13403] WARN  server.ServerUtils (ServerUtils.java:sanitizeUserArgs(73)) - ozone.scm.stale.node.interval value = 300000 is larger than max = 100000 based on the key value of ozone.scm.heartbeat.thread.interval, reset to the max value 100000.
2021-11-30 13:17:12,620 [Listener at 0.0.0.0/13403] INFO  node.SCMNodeManager (SCMNodeManager.java:<init>(144)) - Entering startup safe mode.
2021-11-30 13:17:12,621 [Listener at 0.0.0.0/13403] INFO  algorithms.ContainerPlacementPolicyFactory (ContainerPlacementPolicyFactory.java:getPolicy(60)) - Create container placement policy of type org.apache.hadoop.hdds.scm.container.placement.algorithms.SCMContainerPlacementRandom
2021-11-30 13:17:12,621 [Listener at 0.0.0.0/13403] INFO  pipeline.PipelineStateManagerImpl (PipelineStateManagerImpl.java:initialize(78)) - No pipeline exists in current db
2021-11-30 13:17:12,621 [Listener at 0.0.0.0/13403] INFO  algorithms.LeaderChoosePolicyFactory (LeaderChoosePolicyFactory.java:getPolicy(57)) - Create leader choose policy of type org.apache.hadoop.hdds.scm.pipeline.leader.choose.algorithms.MinLeaderCountChoosePolicy
2021-11-30 13:17:12,621 [Listener at 0.0.0.0/13403] INFO  ha.SCMServiceManager (SCMServiceManager.java:register(43)) - Registering service BackgroundPipelineCreator.
2021-11-30 13:17:12,621 [Listener at 0.0.0.0/13403] INFO  pipeline.BackgroundPipelineCreator (BackgroundPipelineCreator.java:start(130)) - Starting RatisPipelineUtilsThread.
2021-11-30 13:17:12,630 [Listener at 0.0.0.0/13403] INFO  algorithms.PipelineChoosePolicyFactory (PipelineChoosePolicyFactory.java:createPipelineChoosePolicyFromClass(73)) - Create pipeline choose policy of type org.apache.hadoop.hdds.scm.pipeline.choose.algorithms.RandomPipelineChoosePolicy
2021-11-30 13:17:12,631 [Listener at 0.0.0.0/13403] INFO  ha.SCMServiceManager (SCMServiceManager.java:register(43)) - Registering service SCMBlockDeletingService.
2021-11-30 13:17:12,631 [Listener at 0.0.0.0/13403] INFO  ha.SCMServiceManager (SCMServiceManager.java:register(43)) - Registering service ReplicationManager.
2021-11-30 13:17:12,632 [Listener at 0.0.0.0/13403] INFO  container.ReplicationManager (ReplicationManager.java:start(319)) - Starting Replication Monitor Thread.
2021-11-30 13:17:12,641 [Listener at 0.0.0.0/13403] INFO  safemode.ContainerSafeModeRule (ContainerSafeModeRule.java:<init>(89)) - containers with one replica threshold count 0
2021-11-30 13:17:12,641 [Listener at 0.0.0.0/13403] INFO  safemode.HealthyPipelineSafeModeRule (HealthyPipelineSafeModeRule.java:initializeRule(156)) - Total pipeline count is 0, healthy pipeline threshold count is 1
2021-11-30 13:17:12,642 [Listener at 0.0.0.0/13403] INFO  safemode.OneReplicaPipelineSafeModeRule (OneReplicaPipelineSafeModeRule.java:initializeRule(180)) - Total pipeline count is 0, pipeline's with at least one datanode reported threshold count is 0
2021-11-30 13:17:12,652 [Listener at 0.0.0.0/13403] INFO  ipc.CallQueueManager (CallQueueManager.java:<init>(90)) - Using callQueue: class java.util.concurrent.LinkedBlockingQueue, queueCapacity: 2000, scheduler: class org.apache.hadoop.ipc.DefaultRpcScheduler, ipcBackoff: false.
2021-11-30 13:17:12,666 [Listener at 0.0.0.0/13411] INFO  ipc.CallQueueManager (CallQueueManager.java:<init>(90)) - Using callQueue: class java.util.concurrent.LinkedBlockingQueue, queueCapacity: 2000, scheduler: class org.apache.hadoop.ipc.DefaultRpcScheduler, ipcBackoff: false.
2021-11-30 13:17:12,667 [ReplicationMonitor] INFO  container.ReplicationManager (ReplicationManager.java:processAll(371)) - Replication Monitor Thread took 0 milliseconds for processing 0 containers.
2021-11-30 13:17:12,667 [Socket Reader #1 for port 13412] INFO  ipc.Server (Server.java:run(1265)) - Starting Socket Reader #1 for port 13412
2021-11-30 13:17:12,668 [Listener at 0.0.0.0/13412] INFO  ipc.CallQueueManager (CallQueueManager.java:<init>(90)) - Using callQueue: class java.util.concurrent.LinkedBlockingQueue, queueCapacity: 2000, scheduler: class org.apache.hadoop.ipc.DefaultRpcScheduler, ipcBackoff: false.
2021-11-30 13:17:12,672 [Socket Reader #1 for port 13413] INFO  ipc.Server (Server.java:run(1265)) - Starting Socket Reader #1 for port 13413
2021-11-30 13:17:12,680 [Socket Reader #1 for port 13411] INFO  ipc.Server (Server.java:run(1265)) - Starting Socket Reader #1 for port 13411
2021-11-30 13:17:12,714 [Listener at 0.0.0.0/13413] INFO  algorithms.ContainerPlacementPolicyFactory (ContainerPlacementPolicyFactory.java:getPolicy(60)) - Create container placement policy of type org.apache.hadoop.hdds.scm.container.placement.algorithms.SCMContainerPlacementRandom
2021-11-30 13:17:12,716 [Listener at 0.0.0.0/13413] INFO  server.StorageContainerManager (StorageContainerManager.java:<init>(388)) - 
Container Balancer status:
Key                            Value
Running                        false
Container Balancer Configuration values:
Key                                                Value
Threshold                                          0.1
Max Datanodes to Involve per Iteration(ratio)      0.2
Max Size to Move per Iteration                     30GB
Max Size Entering Target per Iteration             1GB
Max Size Leaving Source per Iteration              1GB

2021-11-30 13:17:12,716 [Listener at 0.0.0.0/13413] WARN  events.EventQueue (EventQueue.java:fireEvent(194)) - No event handler registered for event TypedEvent{payloadType=SafeModeStatus, name='Safe mode status'}
2021-11-30 13:17:12,717 [Listener at 0.0.0.0/13413] INFO  ha.SCMContext (SCMContext.java:updateSafeModeStatus(205)) - Update SafeModeStatus from SafeModeStatus{safeModeStatus=true, preCheckPassed=false} to SafeModeStatus{safeModeStatus=true, preCheckPassed=false}.
2021-11-30 13:17:12,718 [Listener at 0.0.0.0/13413] INFO  server.StorageContainerManager (StorageContainerManager.java:start(1303)) - StorageContainerLocationProtocol RPC server is listening at /0.0.0.0:13413
2021-11-30 13:17:12,718 [Listener at 0.0.0.0/13413] INFO  ha.SCMRatisServerImpl (SCMRatisServerImpl.java:start(177)) - starting ratis server 0.0.0.0:13410
2021-11-30 13:17:12,718 [Listener at 0.0.0.0/13413] INFO  server.RaftServer$Division (RaftServerImpl.java:start(304)) - 0f6dc6cb-fd39-4234-9fee-aa41e9cd5640@group-F37D1847179E: start with initializing state, conf=-1: [], old=null
2021-11-30 13:17:12,719 [Listener at 0.0.0.0/13413] INFO  server.RaftServer$Division (RaftServerImpl.java:setRole(290)) - 0f6dc6cb-fd39-4234-9fee-aa41e9cd5640@group-F37D1847179E: changes role from      null to FOLLOWER at term 0 for startInitializing
2021-11-30 13:17:12,719 [Listener at 0.0.0.0/13413] INFO  util.JmxRegister (JmxRegister.java:tryRegister(44)) - Successfully registered JMX Bean with object name Ratis:service=RaftServer,group=group-F37D1847179E,id=0f6dc6cb-fd39-4234-9fee-aa41e9cd5640
2021-11-30 13:17:12,721 [Listener at 0.0.0.0/13413] INFO  server.RaftServer (RaftServerProxy.java:lambda$start$5(374)) - 0f6dc6cb-fd39-4234-9fee-aa41e9cd5640: start RPC server
2021-11-30 13:17:12,722 [Listener at 0.0.0.0/13413] INFO  server.GrpcService (GrpcService.java:startImpl(253)) - 0f6dc6cb-fd39-4234-9fee-aa41e9cd5640: GrpcService started, listening on 13410
2021-11-30 13:17:12,723 [Listener at 0.0.0.0/13413] INFO  ha.SCMNodeInfo (SCMNodeInfo.java:getPort(197)) - ConfigKey ozone.scm.client.address is deprecated, For configuring different ports for each SCM use PortConfigKey ozone.scm.client.port appended with serviceId and nodeId
2021-11-30 13:17:12,723 [Listener at 0.0.0.0/13413] INFO  ha.SCMNodeInfo (SCMNodeInfo.java:getPort(197)) - ConfigKey ozone.scm.block.client.address is deprecated, For configuring different ports for each SCM use PortConfigKey ozone.scm.block.client.port appended with serviceId and nodeId
2021-11-30 13:17:12,723 [Listener at 0.0.0.0/13413] INFO  ha.SCMNodeInfo (SCMNodeInfo.java:getPort(197)) - ConfigKey ozone.scm.datanode.address is deprecated, For configuring different ports for each SCM use PortConfigKey ozone.scm.datanode.port appended with serviceId and nodeId
2021-11-30 13:17:12,724 [Listener at 0.0.0.0/13413] INFO  ha.SCMNodeInfo (SCMNodeInfo.java:getPort(197)) - ConfigKey ozone.scm.client.address is deprecated, For configuring different ports for each SCM use PortConfigKey ozone.scm.client.port appended with serviceId and nodeId
2021-11-30 13:17:12,724 [Listener at 0.0.0.0/13413] INFO  ha.SCMNodeInfo (SCMNodeInfo.java:getPort(197)) - ConfigKey ozone.scm.block.client.address is deprecated, For configuring different ports for each SCM use PortConfigKey ozone.scm.block.client.port appended with serviceId and nodeId
2021-11-30 13:17:12,724 [Listener at 0.0.0.0/13413] INFO  ha.SCMNodeInfo (SCMNodeInfo.java:getPort(197)) - ConfigKey ozone.scm.datanode.address is deprecated, For configuring different ports for each SCM use PortConfigKey ozone.scm.datanode.port appended with serviceId and nodeId
2021-11-30 13:17:12,724 [Listener at 0.0.0.0/13413] INFO  ha.SCMNodeInfo (SCMNodeInfo.java:getPort(197)) - ConfigKey ozone.scm.client.address is deprecated, For configuring different ports for each SCM use PortConfigKey ozone.scm.client.port appended with serviceId and nodeId
2021-11-30 13:17:12,724 [Listener at 0.0.0.0/13413] INFO  ha.SCMNodeInfo (SCMNodeInfo.java:getPort(197)) - ConfigKey ozone.scm.block.client.address is deprecated, For configuring different ports for each SCM use PortConfigKey ozone.scm.block.client.port appended with serviceId and nodeId
2021-11-30 13:17:12,724 [Listener at 0.0.0.0/13413] INFO  ha.SCMNodeInfo (SCMNodeInfo.java:getPort(197)) - ConfigKey ozone.scm.datanode.address is deprecated, For configuring different ports for each SCM use PortConfigKey ozone.scm.datanode.port appended with serviceId and nodeId
2021-11-30 13:17:12,727 [org.apache.ratis.util.JvmPauseMonitor$$Lambda$499/638525764@4caa28a5] INFO  util.JvmPauseMonitor (JvmPauseMonitor.java:run(103)) - JvmPauseMonitor-0f6dc6cb-fd39-4234-9fee-aa41e9cd5640: Started
2021-11-30 13:17:12,730 [IPC Server handler 2 on default port 13402] INFO  ha.SCMRatisServerImpl (SCMRatisServerImpl.java:addSCM(291)) - e2ff296b-9428-40f2-9fe9-4cc07b88cea2: Submitting SetConfiguration request to Ratis server with new SCM peers list: [e2ff296b-9428-40f2-9fe9-4cc07b88cea2|rpc:localhost:13400|admin:|client:|dataStream:|priority:0, 0f6dc6cb-fd39-4234-9fee-aa41e9cd5640|rpc:localhost:13410|priority:0]
2021-11-30 13:17:12,731 [IPC Server handler 2 on default port 13402] INFO  server.RaftServer$Division (RaftServerImpl.java:setConfigurationAsync(974)) - e2ff296b-9428-40f2-9fe9-4cc07b88cea2@group-F37D1847179E: receive setConfiguration SetConfigurationRequest:client-D1D67E555718->e2ff296b-9428-40f2-9fe9-4cc07b88cea2@group-F37D1847179E, cid=0, seq=0, RW, null, peers:[e2ff296b-9428-40f2-9fe9-4cc07b88cea2|rpc:localhost:13400|admin:|client:|dataStream:|priority:0, 0f6dc6cb-fd39-4234-9fee-aa41e9cd5640|rpc:localhost:13410|priority:0]
2021-11-30 13:17:12,731 [IPC Server handler 2 on default port 13402] INFO  server.RaftServer$Division (LeaderStateImpl.java:startSetConfiguration(358)) - e2ff296b-9428-40f2-9fe9-4cc07b88cea2@group-F37D1847179E-LeaderStateImpl: startSetConfiguration SetConfigurationRequest:client-D1D67E555718->e2ff296b-9428-40f2-9fe9-4cc07b88cea2@group-F37D1847179E, cid=0, seq=0, RW, null, peers:[e2ff296b-9428-40f2-9fe9-4cc07b88cea2|rpc:localhost:13400|admin:|client:|dataStream:|priority:0, 0f6dc6cb-fd39-4234-9fee-aa41e9cd5640|rpc:localhost:13410|priority:0]
2021-11-30 13:17:12,731 [IPC Server handler 2 on default port 13402] INFO  server.RaftServerConfigKeys (ConfUtils.java:logGet(44)) - raft.server.log.appender.snapshot.chunk.size.max = 16MB (=16777216) (default)
2021-11-30 13:17:12,731 [IPC Server handler 2 on default port 13402] INFO  server.RaftServerConfigKeys (ConfUtils.java:logGet(44)) - raft.server.log.appender.buffer.byte-limit = 33554432 (custom)
2021-11-30 13:17:12,731 [IPC Server handler 2 on default port 13402] INFO  server.RaftServerConfigKeys (ConfUtils.java:logGet(44)) - raft.server.log.appender.buffer.element-limit = 1024 (custom)
2021-11-30 13:17:12,732 [IPC Server handler 2 on default port 13402] INFO  grpc.GrpcConfigKeys (ConfUtils.java:logGet(44)) - raft.grpc.server.leader.outstanding.appends.max = 128 (default)
2021-11-30 13:17:12,732 [IPC Server handler 2 on default port 13402] INFO  server.RaftServerConfigKeys (ConfUtils.java:logGet(44)) - raft.server.rpc.request.timeout = 30000ms (custom)
2021-11-30 13:17:12,732 [IPC Server handler 2 on default port 13402] INFO  server.RaftServerConfigKeys (ConfUtils.java:logGet(44)) - raft.server.log.appender.install.snapshot.enabled = false (custom)
2021-11-30 13:17:12,737 [e2ff296b-9428-40f2-9fe9-4cc07b88cea2@group-F37D1847179E->0f6dc6cb-fd39-4234-9fee-aa41e9cd5640-GrpcLogAppender-LogAppenderDaemon] INFO  server.GrpcLogAppender (GrpcLogAppender.java:installSnapshot(550)) - e2ff296b-9428-40f2-9fe9-4cc07b88cea2@group-F37D1847179E->0f6dc6cb-fd39-4234-9fee-aa41e9cd5640-GrpcLogAppender: followerNextIndex = 0 but logStartIndex = 0, notify follower to install snapshot-(t:2, i:2)
2021-11-30 13:17:12,738 [e2ff296b-9428-40f2-9fe9-4cc07b88cea2@group-F37D1847179E->0f6dc6cb-fd39-4234-9fee-aa41e9cd5640-GrpcLogAppender-LogAppenderDaemon] INFO  server.GrpcLogAppender (GrpcLogAppender.java:installSnapshot(558)) - e2ff296b-9428-40f2-9fe9-4cc07b88cea2@group-F37D1847179E->0f6dc6cb-fd39-4234-9fee-aa41e9cd5640-GrpcLogAppender: send e2ff296b-9428-40f2-9fe9-4cc07b88cea2->0f6dc6cb-fd39-4234-9fee-aa41e9cd5640#0-t2,notify:(t:2, i:2)
2021-11-30 13:17:12,784 [grpc-default-executor-3] INFO  server.RaftServer$Division (RaftServerImpl.java:installSnapshot(1332)) - 0f6dc6cb-fd39-4234-9fee-aa41e9cd5640@group-F37D1847179E: receive installSnapshot: e2ff296b-9428-40f2-9fe9-4cc07b88cea2->0f6dc6cb-fd39-4234-9fee-aa41e9cd5640#0-t2,notify:(t:2, i:2)
2021-11-30 13:17:12,792 [grpc-default-executor-3] INFO  ha.SCMStateMachine (SCMStateMachine.java:notifyLeaderChanged(255)) - leader changed, yet current SCM is still follower.
2021-11-30 13:17:12,792 [grpc-default-executor-3] INFO  server.RaftServer$Division (ServerState.java:setLeader(285)) - 0f6dc6cb-fd39-4234-9fee-aa41e9cd5640@group-F37D1847179E: change Leader from null to e2ff296b-9428-40f2-9fe9-4cc07b88cea2 at term 2 for installSnapshot, leader elected after 189ms
2021-11-30 13:17:12,792 [grpc-default-executor-3] INFO  server.RaftServer$Division (RaftServerImpl.java:notifyStateMachineToInstallSnapshot(1551)) - 0f6dc6cb-fd39-4234-9fee-aa41e9cd5640@group-F37D1847179E: Received notification to install snapshot at index 2
2021-11-30 13:17:12,793 [grpc-default-executor-3] INFO  server.RaftServer$Division (RaftServerImpl.java:notifyStateMachineToInstallSnapshot(1582)) - 0f6dc6cb-fd39-4234-9fee-aa41e9cd5640@group-F37D1847179E: notifyInstallSnapshot: nextIndex is 0 but the leader's first available index is 2.
2021-11-30 13:17:12,793 [grpc-default-executor-3] INFO  ha.SCMStateMachine (SCMStateMachine.java:notifyInstallSnapshotFromLeader(219)) - Received install snapshot notification from SCM leader: localhost:13400 with term index: (t:2, i:2)
2021-11-30 13:17:12,796 [pool-224-thread-1] INFO  ha.SCMHAManagerImpl (SCMHAManagerImpl.java:getDBCheckpointFromLeader(206)) - Downloading checkpoint from leader SCM scmNode-1 and reloading state from the checkpoint.
2021-11-30 13:17:12,814 [grpc-default-executor-2] INFO  ha.SCMDBCheckpointProvider (SCMDBCheckpointProvider.java:writeDBCheckPointToSream(48)) - Received request to obtain SCM DB checkpoint snapshot
2021-11-30 13:17:12,822 [grpc-default-executor-2] INFO  db.RDBCheckpointManager (RDBCheckpointManager.java:createCheckpoint(86)) - Created checkpoint at /home/runner/work/ozone/ozone/hadoop-ozone/integration-test/target/test-dir/MiniOzoneClusterImpl-00f7fd44-dd00-490d-8842-f37d1847179e/scmNode-1/db.checkpoints/scm.db_checkpoint_1638278232815 in 7 milliseconds
2021-11-30 13:17:12,825 [grpc-default-executor-2] INFO  ha.SCMGrpcOutputStream (SCMGrpcOutputStream.java:close(111)) - Sent 4408 bytes for cluster 00f7fd44-dd00-490d-8842-f37d1847179e
2021-11-30 13:17:12,838 [grpc-default-executor-1] INFO  ha.InterSCMGrpcClient (InterSCMGrpcClient.java:onCompleted(173)) - Checkpoint is downloaded to /home/runner/work/ozone/ozone/hadoop-ozone/integration-test/target/test-dir/MiniOzoneClusterImpl-00f7fd44-dd00-490d-8842-f37d1847179e/scmNode-2/snapshot/scm.db-scmNode-1-1638278232796.tar.gz
2021-11-30 13:17:12,852 [grpc-default-executor-2] INFO  ha.SCMDBCheckpointProvider (SCMDBCheckpointProvider.java:writeDBCheckPointToSream(73)) - Time taken to write the checkpoint to response output stream: 30 milliseconds
2021-11-30 13:17:12,852 [grpc-default-executor-2] INFO  db.RocksDBCheckpoint (RocksDBCheckpoint.java:cleanupCheckpoint(78)) - Cleaning up RocksDB checkpoint at /home/runner/work/ozone/ozone/hadoop-ozone/integration-test/target/test-dir/MiniOzoneClusterImpl-00f7fd44-dd00-490d-8842-f37d1847179e/scmNode-1/db.checkpoints/scm.db_checkpoint_1638278232815
2021-11-30 13:17:12,869 [pool-224-thread-1] INFO  ha.SCMSnapshotProvider (SCMSnapshotProvider.java:getSCMDBSnapshot(131)) - Successfully downloaded latest checkpoint from leader SCM: scmNode-1 path /home/runner/work/ozone/ozone/hadoop-ozone/integration-test/target/test-dir/MiniOzoneClusterImpl-00f7fd44-dd00-490d-8842-f37d1847179e/scmNode-2/snapshot/scm.db-scmNode-1-1638278232796
2021-11-30 13:17:12,869 [pool-224-thread-1] INFO  ha.SCMHAManagerImpl (SCMHAManagerImpl.java:downloadCheckpointFromLeader(158)) - Downloaded checkpoint from Leader scmNode-1 to the location /home/runner/work/ozone/ozone/hadoop-ozone/integration-test/target/test-dir/MiniOzoneClusterImpl-00f7fd44-dd00-490d-8842-f37d1847179e/scmNode-2/snapshot/scm.db-scmNode-1-1638278232796
2021-11-30 13:17:12,928 [pool-224-thread-1] INFO  ha.SCMHAManagerImpl (SCMHAManagerImpl.java:verifyCheckpointFromLeader(172)) - Installing checkpoint with SCMTransactionInfo 2#2
2021-11-30 13:17:12,928 [pool-224-thread-1] INFO  server.RaftServer$Division (RaftServerImpl.java:lambda$notifyStateMachineToInstallSnapshot$30(1595)) - 0f6dc6cb-fd39-4234-9fee-aa41e9cd5640@group-F37D1847179E: StateMachine successfully installed snapshot index 2. Reloading the StateMachine.
2021-11-30 13:17:12,930 [pool-224-thread-1] INFO  segmented.SegmentedRaftLogWorker (SegmentedRaftLogWorker.java:lambda$new$0(133)) - 0f6dc6cb-fd39-4234-9fee-aa41e9cd5640@group-F37D1847179E-SegmentedRaftLogWorker: flushIndex: setUnconditionally -1 -> 2
2021-11-30 13:17:12,931 [pool-224-thread-1] INFO  segmented.SegmentedRaftLogWorker (SegmentedRaftLogWorker.java:lambda$new$0(133)) - 0f6dc6cb-fd39-4234-9fee-aa41e9cd5640@group-F37D1847179E-SegmentedRaftLogWorker: safeCacheEvictIndex: setUnconditionally -1 -> 2
2021-11-30 13:17:12,931 [pool-224-thread-1] INFO  raftlog.RaftLog (RaftLogBase.java:lambda$new$0(53)) - 0f6dc6cb-fd39-4234-9fee-aa41e9cd5640@group-F37D1847179E-SegmentedRaftLog: snapshotIndex: updateIncreasingly -1 -> 2
2021-11-30 13:17:12,943 [grpc-default-executor-3] INFO  server.RaftServer$Division (RaftServerImpl.java:notifyStateMachineToInstallSnapshot(1638)) - 0f6dc6cb-fd39-4234-9fee-aa41e9cd5640@group-F37D1847179E: InstallSnapshot notification result: SNAPSHOT_INSTALLED, at index: 2
2021-11-30 13:17:12,944 [grpc-default-executor-3] INFO  server.RaftServer$Division (RaftServerImpl.java:installSnapshotImpl(1462)) - 0f6dc6cb-fd39-4234-9fee-aa41e9cd5640@group-F37D1847179E: set new configuration index: 1
configurationEntry {
  peers {
    id: "e2ff296b-9428-40f2-9fe9-4cc07b88cea2"
    address: "localhost:13400"
  }
}
 from snapshot
2021-11-30 13:17:12,946 [grpc-default-executor-3] INFO  server.RaftServer$Division (ServerState.java:setRaftConf(387)) - 0f6dc6cb-fd39-4234-9fee-aa41e9cd5640@group-F37D1847179E: set configuration 1: [e2ff296b-9428-40f2-9fe9-4cc07b88cea2|rpc:localhost:13400|admin:|client:|dataStream:|priority:0], old=null
2021-11-30 13:17:12,946 [grpc-default-executor-3] INFO  server.RaftServer$Division (RaftServerImpl.java:installSnapshot(1343)) - 0f6dc6cb-fd39-4234-9fee-aa41e9cd5640@group-F37D1847179E: reply installSnapshot: e2ff296b-9428-40f2-9fe9-4cc07b88cea2<-0f6dc6cb-fd39-4234-9fee-aa41e9cd5640#0:FAIL-t0,SNAPSHOT_INSTALLED,snapshotIndex=2
2021-11-30 13:17:12,947 [grpc-default-executor-3] INFO  server.GrpcServerProtocolService (GrpcServerProtocolService.java:onCompleted(140)) - 0f6dc6cb-fd39-4234-9fee-aa41e9cd5640: Completed INSTALL_SNAPSHOT, lastRequest: e2ff296b-9428-40f2-9fe9-4cc07b88cea2->0f6dc6cb-fd39-4234-9fee-aa41e9cd5640#0-t2,notify:(t:2, i:2)
2021-11-30 13:17:12,953 [grpc-default-executor-3] INFO  server.GrpcLogAppender (GrpcLogAppender.java:onNext(410)) - e2ff296b-9428-40f2-9fe9-4cc07b88cea2@group-F37D1847179E->0f6dc6cb-fd39-4234-9fee-aa41e9cd5640-InstallSnapshotResponseHandler: received the first reply e2ff296b-9428-40f2-9fe9-4cc07b88cea2<-0f6dc6cb-fd39-4234-9fee-aa41e9cd5640#0:FAIL-t0,SNAPSHOT_INSTALLED,snapshotIndex=2
2021-11-30 13:17:12,953 [grpc-default-executor-3] INFO  server.GrpcLogAppender (GrpcLogAppender.java:onNext(450)) - e2ff296b-9428-40f2-9fe9-4cc07b88cea2@group-F37D1847179E->0f6dc6cb-fd39-4234-9fee-aa41e9cd5640-InstallSnapshotResponseHandler: Follower installed snapshot at index 2
2021-11-30 13:17:12,953 [grpc-default-executor-3] INFO  leader.FollowerInfo (FollowerInfoImpl.java:lambda$new$0(47)) - e2ff296b-9428-40f2-9fe9-4cc07b88cea2@group-F37D1847179E->0f6dc6cb-fd39-4234-9fee-aa41e9cd5640: snapshotIndex: setUnconditionally 0 -> 2
2021-11-30 13:17:12,953 [grpc-default-executor-3] INFO  leader.FollowerInfo (FollowerInfoImpl.java:lambda$new$0(47)) - e2ff296b-9428-40f2-9fe9-4cc07b88cea2@group-F37D1847179E->0f6dc6cb-fd39-4234-9fee-aa41e9cd5640: matchIndex: setUnconditionally 0 -> 2
2021-11-30 13:17:12,953 [grpc-default-executor-3] INFO  leader.FollowerInfo (FollowerInfoImpl.java:lambda$new$0(47)) - e2ff296b-9428-40f2-9fe9-4cc07b88cea2@group-F37D1847179E->0f6dc6cb-fd39-4234-9fee-aa41e9cd5640: nextIndex: setUnconditionally 0 -> 3
2021-11-30 13:17:12,953 [grpc-default-executor-3] INFO  leader.FollowerInfo (FollowerInfoImpl.java:setAttemptedToInstallSnapshot(116)) - Follower e2ff296b-9428-40f2-9fe9-4cc07b88cea2@group-F37D1847179E->0f6dc6cb-fd39-4234-9fee-aa41e9cd5640 acknowledged installing snapshot
2021-11-30 13:17:12,953 [grpc-default-executor-3] INFO  leader.FollowerInfo (FollowerInfoImpl.java:lambda$new$0(47)) - e2ff296b-9428-40f2-9fe9-4cc07b88cea2@group-F37D1847179E->0f6dc6cb-fd39-4234-9fee-aa41e9cd5640: nextIndex: updateToMax old=3, new=3, updated? false
2021-11-30 13:17:12,964 [grpc-default-executor-3] INFO  impl.RoleInfo (RoleInfo.java:updateAndGet(130)) - 0f6dc6cb-fd39-4234-9fee-aa41e9cd5640: start 0f6dc6cb-fd39-4234-9fee-aa41e9cd5640@group-F37D1847179E-FollowerState
2021-11-30 13:17:12,978 [0f6dc6cb-fd39-4234-9fee-aa41e9cd5640@group-F37D1847179E-StateMachineUpdater] INFO  ha.SCMHAManagerImpl (SCMHAManagerImpl.java:installCheckpoint(227)) - Installing checkpoint with SCMTransactionInfo 2#2
2021-11-30 13:17:12,978 [0f6dc6cb-fd39-4234-9fee-aa41e9cd5640@group-F37D1847179E-StateMachineUpdater] INFO  ha.SCMHAManagerImpl (SCMHAManagerImpl.java:installCheckpoint(266)) - Replaced DB with checkpoint, term: 2, index: 2
2021-11-30 13:17:12,979 [0f6dc6cb-fd39-4234-9fee-aa41e9cd5640@group-F37D1847179E-StateMachineUpdater] WARN  utils.HAUtils (HAUtils.java:getMetaDir(342)) - ozone.scm.db.dirs is not configured. We recommend adding this setting. Falling back to ozone.metadata.dirs instead.
2021-11-30 13:17:12,979 [0f6dc6cb-fd39-4234-9fee-aa41e9cd5640@group-F37D1847179E-StateMachineUpdater] WARN  db.DBStoreBuilder (DBStoreBuilder.java:applyDBDefinition(145)) - ozone.scm.db.dirs is not configured. We recommend adding this setting. Falling back to ozone.metadata.dirs instead.
2021-11-30 13:17:13,010 [0f6dc6cb-fd39-4234-9fee-aa41e9cd5640@group-F37D1847179E-StateMachineUpdater] INFO  ha.SequenceIdGenerator (SequenceIdGenerator.java:reinitialize(166)) - reinitialize SequenceIdGenerator.
2021-11-30 13:17:13,010 [0f6dc6cb-fd39-4234-9fee-aa41e9cd5640@group-F37D1847179E-StateMachineUpdater] INFO  pipeline.PipelineStateManagerImpl (PipelineStateManagerImpl.java:initialize(78)) - No pipeline exists in current db
2021-11-30 13:17:13,010 [0f6dc6cb-fd39-4234-9fee-aa41e9cd5640@group-F37D1847179E-StateMachineUpdater] INFO  ha.SCMHAManagerImpl (SCMHAManagerImpl.java:installCheckpoint(277)) - Reloaded SCM state with Term: 2 and Index: 2
2021-11-30 13:17:13,011 [0f6dc6cb-fd39-4234-9fee-aa41e9cd5640@group-F37D1847179E-StateMachineUpdater] INFO  impl.StateMachineUpdater (StateMachineUpdater.java:lambda$new$0(89)) - 0f6dc6cb-fd39-4234-9fee-aa41e9cd5640@group-F37D1847179E-StateMachineUpdater: snapshotIndex: setUnconditionally -1 -> 2
2021-11-30 13:17:13,011 [0f6dc6cb-fd39-4234-9fee-aa41e9cd5640@group-F37D1847179E-StateMachineUpdater] INFO  impl.StateMachineUpdater (StateMachineUpdater.java:lambda$new$0(89)) - 0f6dc6cb-fd39-4234-9fee-aa41e9cd5640@group-F37D1847179E-StateMachineUpdater: appliedIndex: setUnconditionally -1 -> 2
2021-11-30 13:17:13,445 [EndpointStateMachine task thread for /127.0.0.1:13705 - 0 ] INFO  ipc.Client (Client.java:handleConnectionFailure(977)) - Retrying connect to server: localhost/127.0.0.1:13705. Already tried 0 time(s); retry policy is RetryUpToMaximumCountWithFixedSleep(maxRetries=15, sleepTime=1000 MILLISECONDS)
2021-11-30 13:17:13,446 [EndpointStateMachine task thread for /127.0.0.1:13685 - 0 ] INFO  ipc.Client (Client.java:handleConnectionFailure(977)) - Retrying connect to server: localhost/127.0.0.1:13685. Already tried 0 time(s); retry policy is RetryUpToMaximumCountWithFixedSleep(maxRetries=15, sleepTime=1000 MILLISECONDS)
2021-11-30 13:17:13,447 [EndpointStateMachine task thread for /127.0.0.1:13695 - 0 ] INFO  ipc.Client (Client.java:handleConnectionFailure(977)) - Retrying connect to server: localhost/127.0.0.1:13695. Already tried 0 time(s); retry policy is RetryUpToMaximumCountWithFixedSleep(maxRetries=15, sleepTime=1000 MILLISECONDS)
2021-11-30 13:17:14,446 [EndpointStateMachine task thread for /127.0.0.1:13705 - 0 ] INFO  ipc.Client (Client.java:handleConnectionFailure(977)) - Retrying connect to server: localhost/127.0.0.1:13705. Already tried 1 time(s); retry policy is RetryUpToMaximumCountWithFixedSleep(maxRetries=15, sleepTime=1000 MILLISECONDS)
2021-11-30 13:17:14,446 [EndpointStateMachine task thread for /127.0.0.1:13685 - 0 ] INFO  ipc.Client (Client.java:handleConnectionFailure(977)) - Retrying connect to server: localhost/127.0.0.1:13685. Already tried 1 time(s); retry policy is RetryUpToMaximumCountWithFixedSleep(maxRetries=15, sleepTime=1000 MILLISECONDS)
2021-11-30 13:17:14,448 [EndpointStateMachine task thread for /127.0.0.1:13695 - 0 ] INFO  ipc.Client (Client.java:handleConnectionFailure(977)) - Retrying connect to server: localhost/127.0.0.1:13695. Already tried 1 time(s); retry policy is RetryUpToMaximumCountWithFixedSleep(maxRetries=15, sleepTime=1000 MILLISECONDS)
2021-11-30 13:17:15,447 [EndpointStateMachine task thread for /127.0.0.1:13705 - 0 ] INFO  ipc.Client (Client.java:handleConnectionFailure(977)) - Retrying connect to server: localhost/127.0.0.1:13705. Already tried 2 time(s); retry policy is RetryUpToMaximumCountWithFixedSleep(maxRetries=15, sleepTime=1000 MILLISECONDS)
2021-11-30 13:17:15,447 [EndpointStateMachine task thread for /127.0.0.1:13685 - 0 ] INFO  ipc.Client (Client.java:handleConnectionFailure(977)) - Retrying connect to server: localhost/127.0.0.1:13685. Already tried 2 time(s); retry policy is RetryUpToMaximumCountWithFixedSleep(maxRetries=15, sleepTime=1000 MILLISECONDS)
2021-11-30 13:17:15,448 [EndpointStateMachine task thread for /127.0.0.1:13695 - 0 ] INFO  ipc.Client (Client.java:handleConnectionFailure(977)) - Retrying connect to server: localhost/127.0.0.1:13695. Already tried 2 time(s); retry policy is RetryUpToMaximumCountWithFixedSleep(maxRetries=15, sleepTime=1000 MILLISECONDS)
2021-11-30 13:17:16,345 [e2ff296b-9428-40f2-9fe9-4cc07b88cea2@group-F37D1847179E-LeaderStateImpl] INFO  server.RaftServer$Division (ServerState.java:setRaftConf(387)) - e2ff296b-9428-40f2-9fe9-4cc07b88cea2@group-F37D1847179E: set configuration 3: [0f6dc6cb-fd39-4234-9fee-aa41e9cd5640|rpc:localhost:13410|priority:0, e2ff296b-9428-40f2-9fe9-4cc07b88cea2|rpc:localhost:13400|admin:|client:|dataStream:|priority:0], old=[e2ff296b-9428-40f2-9fe9-4cc07b88cea2|rpc:localhost:13400|admin:|client:|dataStream:|priority:0]
2021-11-30 13:17:16,348 [grpc-default-executor-3] INFO  server.RaftServer$Division (ServerState.java:setRaftConf(387)) - 0f6dc6cb-fd39-4234-9fee-aa41e9cd5640@group-F37D1847179E: set configuration 3: [0f6dc6cb-fd39-4234-9fee-aa41e9cd5640|rpc:localhost:13410|admin:|client:|dataStream:|priority:0, e2ff296b-9428-40f2-9fe9-4cc07b88cea2|rpc:localhost:13400|admin:|client:|dataStream:|priority:0], old=[e2ff296b-9428-40f2-9fe9-4cc07b88cea2|rpc:localhost:13400|admin:|client:|dataStream:|priority:0]
2021-11-30 13:17:16,349 [grpc-default-executor-3] INFO  segmented.SegmentedRaftLogWorker (SegmentedRaftLogWorker.java:startLogSegment(394)) - 0f6dc6cb-fd39-4234-9fee-aa41e9cd5640@group-F37D1847179E-SegmentedRaftLogWorker: Starting segment from index:3
2021-11-30 13:17:16,357 [0f6dc6cb-fd39-4234-9fee-aa41e9cd5640@group-F37D1847179E-SegmentedRaftLogWorker] INFO  segmented.SegmentedRaftLogWorker (SegmentedRaftLogWorker.java:execute(601)) - 0f6dc6cb-fd39-4234-9fee-aa41e9cd5640@group-F37D1847179E-SegmentedRaftLogWorker: created new log segment /home/runner/work/ozone/ozone/hadoop-ozone/integration-test/target/test-dir/MiniOzoneClusterImpl-00f7fd44-dd00-490d-8842-f37d1847179e/scmNode-2/scm-ha/00f7fd44-dd00-490d-8842-f37d1847179e/current/log_inprogress_3
2021-11-30 13:17:16,366 [e2ff296b-9428-40f2-9fe9-4cc07b88cea2@group-F37D1847179E-LeaderStateImpl] INFO  server.RaftServer$Division (ServerState.java:setRaftConf(387)) - e2ff296b-9428-40f2-9fe9-4cc07b88cea2@group-F37D1847179E: set configuration 5: [0f6dc6cb-fd39-4234-9fee-aa41e9cd5640|rpc:localhost:13410|priority:0, e2ff296b-9428-40f2-9fe9-4cc07b88cea2|rpc:localhost:13400|admin:|client:|dataStream:|priority:0], old=null
2021-11-30 13:17:16,367 [grpc-default-executor-3] INFO  server.RaftServer$Division (ServerState.java:setRaftConf(387)) - 0f6dc6cb-fd39-4234-9fee-aa41e9cd5640@group-F37D1847179E: set configuration 5: [0f6dc6cb-fd39-4234-9fee-aa41e9cd5640|rpc:localhost:13410|admin:|client:|dataStream:|priority:0, e2ff296b-9428-40f2-9fe9-4cc07b88cea2|rpc:localhost:13400|admin:|client:|dataStream:|priority:0], old=null
2021-11-30 13:17:16,376 [0f6dc6cb-fd39-4234-9fee-aa41e9cd5640@group-F37D1847179E-StateMachineUpdater] INFO  safemode.HealthyPipelineSafeModeRule (HealthyPipelineSafeModeRule.java:initializeRule(152)) - Refreshed total pipeline count is 0, healthy pipeline threshold count is 1
2021-11-30 13:17:16,376 [0f6dc6cb-fd39-4234-9fee-aa41e9cd5640@group-F37D1847179E-StateMachineUpdater] INFO  safemode.ContainerSafeModeRule (ContainerSafeModeRule.java:reInitializeRule(177)) - Refreshed one replica container threshold 0, currentThreshold 0
2021-11-30 13:17:16,376 [0f6dc6cb-fd39-4234-9fee-aa41e9cd5640@group-F37D1847179E-StateMachineUpdater] INFO  safemode.OneReplicaPipelineSafeModeRule (OneReplicaPipelineSafeModeRule.java:initializeRule(176)) - Refreshed Total pipeline count is 0, pipeline's with at least one datanode reported threshold count is 0
2021-11-30 13:17:16,376 [0f6dc6cb-fd39-4234-9fee-aa41e9cd5640@group-F37D1847179E-StateMachineUpdater] INFO  server.SCMDatanodeProtocolServer (SCMDatanodeProtocolServer.java:start(181)) - RPC server for DataNodes is listening at /0.0.0.0:13411
2021-11-30 13:17:16,400 [IPC Server listener on 13411] INFO  ipc.Server (Server.java:run(1344)) - IPC Server listener on 13411: starting
2021-11-30 13:17:16,417 [IPC Server Responder] INFO  ipc.Server (Server.java:run(1507)) - IPC Server Responder: starting
2021-11-30 13:17:16,430 [e2ff296b-9428-40f2-9fe9-4cc07b88cea2@group-F37D1847179E-StateMachineUpdater] INFO  ha.SCMStateMachine (SCMStateMachine.java:takeSnapshot(297)) - Current Snapshot Index 5, takeSnapshot took 0 ms
2021-11-30 13:17:16,430 [e2ff296b-9428-40f2-9fe9-4cc07b88cea2@group-F37D1847179E-StateMachineUpdater] INFO  impl.StateMachineUpdater (StateMachineUpdater.java:takeSnapshot(281)) - e2ff296b-9428-40f2-9fe9-4cc07b88cea2@group-F37D1847179E-StateMachineUpdater: Took a snapshot at index 5
2021-11-30 13:17:16,430 [e2ff296b-9428-40f2-9fe9-4cc07b88cea2@group-F37D1847179E-StateMachineUpdater] INFO  impl.StateMachineUpdater (StateMachineUpdater.java:lambda$new$0(89)) - e2ff296b-9428-40f2-9fe9-4cc07b88cea2@group-F37D1847179E-StateMachineUpdater: snapshotIndex: updateIncreasingly -1 -> 5
2021-11-30 13:17:16,430 [e2ff296b-9428-40f2-9fe9-4cc07b88cea2@group-F37D1847179E-StateMachineUpdater] INFO  raftlog.RaftLog (RaftLogBase.java:purge(306)) - e2ff296b-9428-40f2-9fe9-4cc07b88cea2@group-F37D1847179E-SegmentedRaftLog: purge 5
2021-11-30 13:17:16,430 [e2ff296b-9428-40f2-9fe9-4cc07b88cea2@group-F37D1847179E-StateMachineUpdater] INFO  raftlog.RaftLog (RaftLogBase.java:lambda$new$0(53)) - e2ff296b-9428-40f2-9fe9-4cc07b88cea2@group-F37D1847179E-SegmentedRaftLog: snapshotIndex: updateIncreasingly -1 -> 5
2021-11-30 13:17:16,430 [e2ff296b-9428-40f2-9fe9-4cc07b88cea2@group-F37D1847179E-SegmentedRaftLogWorker] INFO  raftlog.RaftLog (RaftLogBase.java:lambda$new$0(53)) - e2ff296b-9428-40f2-9fe9-4cc07b88cea2@group-F37D1847179E-SegmentedRaftLog: purgeIndex: updateToMax old=-1, new=0, updated? true
2021-11-30 13:17:16,431 [IPC Server handler 2 on default port 13402] INFO  ha.SCMRatisServerImpl (SCMRatisServerImpl.java:addSCM(302)) - Successfully added new SCM: 0f6dc6cb-fd39-4234-9fee-aa41e9cd5640.
2021-11-30 13:17:16,436 [Listener at 0.0.0.0/13413] INFO  ha.SCMHAManagerImpl (SCMHAManagerImpl.java:start(116)) - Successfully added SCM scmNode-2 to group group-F37D1847179E:[0f6dc6cb-fd39-4234-9fee-aa41e9cd5640|rpc:localhost:13410|admin:|client:|dataStream:|priority:0, e2ff296b-9428-40f2-9fe9-4cc07b88cea2|rpc:localhost:13400|admin:|client:|dataStream:|priority:0]
2021-11-30 13:17:16,436 [Listener at 0.0.0.0/13413] INFO  ha.InterSCMGrpcService (InterSCMGrpcProtocolService.java:start(94)) - Starting SCM Grpc Service at port 13414
2021-11-30 13:17:16,447 [EndpointStateMachine task thread for /127.0.0.1:13705 - 0 ] INFO  ipc.Client (Client.java:handleConnectionFailure(977)) - Retrying connect to server: localhost/127.0.0.1:13705. Already tried 3 time(s); retry policy is RetryUpToMaximumCountWithFixedSleep(maxRetries=15, sleepTime=1000 MILLISECONDS)
2021-11-30 13:17:16,447 [EndpointStateMachine task thread for /127.0.0.1:13685 - 0 ] INFO  ipc.Client (Client.java:handleConnectionFailure(977)) - Retrying connect to server: localhost/127.0.0.1:13685. Already tried 3 time(s); retry policy is RetryUpToMaximumCountWithFixedSleep(maxRetries=15, sleepTime=1000 MILLISECONDS)
2021-11-30 13:17:16,454 [Listener at 0.0.0.0/13413] INFO  impl.MetricsSystemImpl (MetricsSystemImpl.java:init(158)) - StorageContainerManager metrics system started (again)
2021-11-30 13:17:16,468 [EndpointStateMachine task thread for /127.0.0.1:13695 - 0 ] INFO  ipc.Client (Client.java:handleConnectionFailure(977)) - Retrying connect to server: localhost/127.0.0.1:13695. Already tried 3 time(s); retry policy is RetryUpToMaximumCountWithFixedSleep(maxRetries=15, sleepTime=1000 MILLISECONDS)
2021-11-30 13:17:16,492 [Listener at 0.0.0.0/13413] INFO  server.SCMClientProtocolServer (SCMClientProtocolServer.java:start(164)) - RPC server for Client  is listening at /0.0.0.0:13413
2021-11-30 13:17:16,493 [IPC Server Responder] INFO  ipc.Server (Server.java:run(1507)) - IPC Server Responder: starting
2021-11-30 13:17:16,500 [IPC Server listener on 13413] INFO  ipc.Server (Server.java:run(1344)) - IPC Server listener on 13413: starting
2021-11-30 13:17:16,512 [Listener at 0.0.0.0/13413] INFO  server.StorageContainerManager (StorageContainerManager.java:start(1318)) - ScmBlockLocationProtocol RPC server is listening at /0.0.0.0:13412
2021-11-30 13:17:16,512 [Listener at 0.0.0.0/13413] INFO  server.SCMBlockProtocolServer (SCMBlockProtocolServer.java:start(151)) - RPC server for Block Protocol is listening at /0.0.0.0:13412
2021-11-30 13:17:16,513 [IPC Server Responder] INFO  ipc.Server (Server.java:run(1507)) - IPC Server Responder: starting
2021-11-30 13:17:16,513 [IPC Server listener on 13412] INFO  ipc.Server (Server.java:run(1344)) - IPC Server listener on 13412: starting
2021-11-30 13:17:16,516 [Listener at 0.0.0.0/13413] INFO  server.StorageContainerManager (StorageContainerManager.java:start(1324)) - ScmDatanodeProtocl RPC server is listening at /0.0.0.0:13411
2021-11-30 13:17:16,522 [Listener at 0.0.0.0/13413] INFO  http.BaseHttpServer (BaseHttpServer.java:newHttpServer2BuilderForOzone(209)) - Starting Web-server for scm at: http://0.0.0.0:13408
2021-11-30 13:17:16,522 [Listener at 0.0.0.0/13413] INFO  http.BaseHttpServer (BaseHttpServer.java:<init>(107)) - Hadoop Security Enabled: false Ozone Security Enabled: false Ozone HTTP Security Enabled: false 
2021-11-30 13:17:16,524 [Listener at 0.0.0.0/13413] INFO  server.AuthenticationFilter (AuthenticationFilter.java:constructSecretProvider(240)) - Unable to initialize FileSignerSecretProvider, falling back to use random secrets.
2021-11-30 13:17:16,526 [Listener at 0.0.0.0/13413] WARN  http.HttpRequestLog (HttpRequestLog.java:getRequestLog(103)) - Jetty request log can only be enabled using Log4j
2021-11-30 13:17:16,537 [org.apache.hadoop.util.JvmPauseMonitor$Monitor@100ee352] INFO  util.JvmPauseMonitor (JvmPauseMonitor.java:run(188)) - Starting JVM pause monitor
2021-11-30 13:17:16,538 [Listener at 0.0.0.0/13413] INFO  http.HttpServer2 (HttpServer2.java:addGlobalFilter(1030)) - Added global filter 'safety' (class=org.apache.hadoop.hdds.server.http.HttpServer2$QuotingInputFilter)
2021-11-30 13:17:16,539 [Listener at 0.0.0.0/13413] INFO  http.HttpServer2 (HttpServer2.java:addFilter(1006)) - Added filter static_user_filter (class=org.apache.hadoop.http.lib.StaticUserWebFilter$StaticUserFilter) to context scm
2021-11-30 13:17:16,539 [Listener at 0.0.0.0/13413] INFO  http.HttpServer2 (HttpServer2.java:addFilter(1014)) - Added filter static_user_filter (class=org.apache.hadoop.http.lib.StaticUserWebFilter$StaticUserFilter) to context logs
2021-11-30 13:17:16,539 [Listener at 0.0.0.0/13413] INFO  http.HttpServer2 (HttpServer2.java:addFilter(1014)) - Added filter static_user_filter (class=org.apache.hadoop.http.lib.StaticUserWebFilter$StaticUserFilter) to context static
2021-11-30 13:17:16,540 [Listener at 0.0.0.0/13413] INFO  http.HttpServer2 (HttpServer2.java:bindListener(1249)) - Jetty bound to port 13408
2021-11-30 13:17:16,541 [Listener at 0.0.0.0/13413] INFO  server.Server (Server.java:doStart(375)) - jetty-9.4.43.v20210629; built: 2021-06-30T11:07:22.254Z; git: 526006ecfa3af7f1a27ef3a288e2bef7ea9dd7e8; jvm 1.8.0_292-b10
2021-11-30 13:17:16,543 [Listener at 0.0.0.0/13413] INFO  server.session (DefaultSessionIdManager.java:doStart(334)) - DefaultSessionIdManager workerName=node0
2021-11-30 13:17:16,543 [Listener at 0.0.0.0/13413] INFO  server.session (DefaultSessionIdManager.java:doStart(339)) - No SessionScavenger set, using defaults
2021-11-30 13:17:16,543 [Listener at 0.0.0.0/13413] INFO  server.session (HouseKeeper.java:startScavenging(132)) - node0 Scavenging every 600000ms
2021-11-30 13:17:16,547 [Listener at 0.0.0.0/13413] INFO  handler.ContextHandler (ContextHandler.java:doStart(915)) - Started o.e.j.s.ServletContextHandler@6748d248{logs,/logs,file:///home/runner/work/ozone/ozone/hadoop-ozone/integration-test/target/log,AVAILABLE}
2021-11-30 13:17:16,547 [Listener at 0.0.0.0/13413] INFO  handler.ContextHandler (ContextHandler.java:doStart(915)) - Started o.e.j.s.ServletContextHandler@11bf44c0{static,/static,file:///home/runner/work/ozone/ozone/hadoop-ozone/integration-test/target/test-classes/webapps/static,AVAILABLE}
2021-11-30 13:17:16,550 [Listener at 0.0.0.0/13413] INFO  handler.ContextHandler (ContextHandler.java:doStart(915)) - Started o.e.j.w.WebAppContext@53a95258{scm,/,file:///home/runner/work/ozone/ozone/hadoop-ozone/integration-test/target/test-classes/webapps/scm/,AVAILABLE}{file:/home/runner/work/ozone/ozone/hadoop-ozone/integration-test/target/test-classes/webapps/scm}
2021-11-30 13:17:16,564 [Listener at 0.0.0.0/13413] INFO  server.AbstractConnector (AbstractConnector.java:doStart(331)) - Started ServerConnector@14c4b3e1{HTTP/1.1, (http/1.1)}{0.0.0.0:13408}
2021-11-30 13:17:16,564 [Listener at 0.0.0.0/13413] INFO  server.Server (Server.java:doStart(415)) - Started @84410ms
2021-11-30 13:17:16,564 [Listener at 0.0.0.0/13413] WARN  impl.MetricsSystemImpl (MetricsSystemImpl.java:register(279)) - Sink prometheus already exists!
2021-11-30 13:17:16,565 [Listener at 0.0.0.0/13413] INFO  http.BaseHttpServer (BaseHttpServer.java:updateConnectorAddress(329)) - HTTP server of scm listening at http://0.0.0.0:13408
2021-11-30 13:17:16,565 [Listener at 0.0.0.0/13413] INFO  ozone.MiniOzoneHAClusterImpl (MiniOzoneHAClusterImpl.java:createSCMService(577)) - Started SCM RPC server at org.apache.hadoop.hdds.scm.server.SCMClientProtocolServer@5738ec43
2021-11-30 13:17:16,568 [Listener at 0.0.0.0/13413] INFO  ha.SCMHANodeDetails (SCMHANodeDetails.java:loadSCMHAConfig(157)) - ServiceID for StorageContainerManager is scm-service-test1
2021-11-30 13:17:16,569 [Listener at 0.0.0.0/13413] INFO  ha.SCMHANodeDetails (SCMHANodeDetails.java:loadSCMHAConfig(168)) - ServiceID for StorageContainerManager is scm-service-test1
2021-11-30 13:17:16,569 [Listener at 0.0.0.0/13413] WARN  scm.ScmUtils (ScmUtils.java:logWarn(179)) - ConfigKey ozone.scm.block.client.address is deprecated, For configuring different ports for each SCM use PortConfigKey ozone.scm.block.client.port appended with serviceId and nodeId. If want to configure same port configure ozone.scm.block.client.port
2021-11-30 13:17:16,569 [Listener at 0.0.0.0/13413] WARN  scm.ScmUtils (ScmUtils.java:logWarn(179)) - ConfigKey ozone.scm.client.address is deprecated, For configuring different ports for each SCM use PortConfigKey ozone.scm.client.port appended with serviceId and nodeId. If want to configure same port configure ozone.scm.client.port
2021-11-30 13:17:16,569 [Listener at 0.0.0.0/13413] WARN  scm.ScmUtils (ScmUtils.java:logWarn(179)) - ConfigKey ozone.scm.datanode.address is deprecated, For configuring different ports for each SCM use PortConfigKey ozone.scm.datanode.port appended with serviceId and nodeId. If want to configure same port configure ozone.scm.datanode.port
2021-11-30 13:17:16,569 [Listener at 0.0.0.0/13413] WARN  scm.ScmUtils (ScmUtils.java:logWarn(179)) - ConfigKey ozone.scm.block.client.address is deprecated, For configuring different ports for each SCM use PortConfigKey ozone.scm.block.client.port appended with serviceId and nodeId. If want to configure same port configure ozone.scm.block.client.port
2021-11-30 13:17:16,569 [Listener at 0.0.0.0/13413] WARN  scm.ScmUtils (ScmUtils.java:logWarn(179)) - ConfigKey ozone.scm.client.address is deprecated, For configuring different ports for each SCM use PortConfigKey ozone.scm.client.port appended with serviceId and nodeId. If want to configure same port configure ozone.scm.client.port
2021-11-30 13:17:16,569 [Listener at 0.0.0.0/13413] WARN  scm.ScmUtils (ScmUtils.java:logWarn(179)) - ConfigKey ozone.scm.datanode.address is deprecated, For configuring different ports for each SCM use PortConfigKey ozone.scm.datanode.port appended with serviceId and nodeId. If want to configure same port configure ozone.scm.datanode.port
2021-11-30 13:17:16,570 [Listener at 0.0.0.0/13413] INFO  ha.SCMHANodeDetails (SCMHANodeDetails.java:loadSCMHAConfig(250)) - Found matching SCM address with SCMServiceId: scm-service-test1, SCMNodeId: scmNode-3, RPC Address: localhost:13420 and Ratis port: 13420
2021-11-30 13:17:16,570 [Listener at 0.0.0.0/13413] INFO  ha.SCMHANodeDetails (ConfUtils.java:setNodeSpecificConfigs(108)) - Setting configuration key ozone.scm.datanode.address with value of key ozone.scm.datanode.address.scm-service-test1.scmNode-3: 127.0.0.1:13421
2021-11-30 13:17:16,570 [Listener at 0.0.0.0/13413] INFO  ha.SCMHANodeDetails (ConfUtils.java:setNodeSpecificConfigs(108)) - Setting configuration key ozone.scm.block.client.address with value of key ozone.scm.block.client.address.scm-service-test1.scmNode-3: 127.0.0.1:13422
2021-11-30 13:17:16,570 [Listener at 0.0.0.0/13413] INFO  ha.SCMHANodeDetails (ConfUtils.java:setNodeSpecificConfigs(108)) - Setting configuration key ozone.scm.client.address with value of key ozone.scm.client.address.scm-service-test1.scmNode-3: 127.0.0.1:13423
2021-11-30 13:17:16,570 [Listener at 0.0.0.0/13413] INFO  ha.SCMHANodeDetails (ConfUtils.java:setNodeSpecificConfigs(108)) - Setting configuration key ozone.scm.ratis.port with value of key ozone.scm.ratis.port.scm-service-test1.scmNode-3: 13420
2021-11-30 13:17:16,570 [Listener at 0.0.0.0/13413] INFO  ha.SCMHANodeDetails (ConfUtils.java:setNodeSpecificConfigs(108)) - Setting configuration key ozone.scm.grpc.port with value of key ozone.scm.grpc.port.scm-service-test1.scmNode-3: 13424
2021-11-30 13:17:16,570 [Listener at 0.0.0.0/13413] INFO  ha.SCMHANodeDetails (ConfUtils.java:setNodeSpecificConfigs(108)) - Setting configuration key ozone.scm.http-address with value of key ozone.scm.http-address.scm-service-test1.scmNode-3: 127.0.0.1:13418
2021-11-30 13:17:16,570 [Listener at 0.0.0.0/13413] INFO  ha.SCMHANodeDetails (ConfUtils.java:setNodeSpecificConfigs(108)) - Setting configuration key ozone.scm.https-address with value of key ozone.scm.https-address.scm-service-test1.scmNode-3: 127.0.0.1:13419
2021-11-30 13:17:16,570 [Listener at 0.0.0.0/13413] INFO  ha.SCMHANodeDetails (ConfUtils.java:setNodeSpecificConfigs(108)) - Setting configuration key ozone.scm.address with value of key ozone.scm.address.scm-service-test1.scmNode-3: 127.0.0.1
2021-11-30 13:17:16,570 [Listener at 0.0.0.0/13413] WARN  scm.ScmUtils (ScmUtils.java:logWarn(179)) - ConfigKey ozone.scm.block.client.address is deprecated, For configuring different ports for each SCM use PortConfigKey ozone.scm.block.client.port appended with serviceId and nodeId. If want to configure same port configure ozone.scm.block.client.port
2021-11-30 13:17:16,570 [Listener at 0.0.0.0/13413] WARN  scm.ScmUtils (ScmUtils.java:logWarn(179)) - ConfigKey ozone.scm.client.address is deprecated, For configuring different ports for each SCM use PortConfigKey ozone.scm.client.port appended with serviceId and nodeId. If want to configure same port configure ozone.scm.client.port
2021-11-30 13:17:16,570 [Listener at 0.0.0.0/13413] WARN  scm.ScmUtils (ScmUtils.java:logWarn(179)) - ConfigKey ozone.scm.datanode.address is deprecated, For configuring different ports for each SCM use PortConfigKey ozone.scm.datanode.port appended with serviceId and nodeId. If want to configure same port configure ozone.scm.datanode.port
2021-11-30 13:17:16,571 [Listener at 0.0.0.0/13413] WARN  server.ServerUtils (ServerUtils.java:getScmDbDir(148)) - ozone.scm.db.dirs is not configured. We recommend adding this setting. Falling back to ozone.metadata.dirs instead.
2021-11-30 13:17:16,574 [Listener at 0.0.0.0/13413] INFO  ha.SCMNodeInfo (SCMNodeInfo.java:getPort(197)) - ConfigKey ozone.scm.client.address is deprecated, For configuring different ports for each SCM use PortConfigKey ozone.scm.client.port appended with serviceId and nodeId
2021-11-30 13:17:16,574 [Listener at 0.0.0.0/13413] INFO  ha.SCMNodeInfo (SCMNodeInfo.java:getPort(197)) - ConfigKey ozone.scm.block.client.address is deprecated, For configuring different ports for each SCM use PortConfigKey ozone.scm.block.client.port appended with serviceId and nodeId
2021-11-30 13:17:16,574 [Listener at 0.0.0.0/13413] INFO  ha.SCMNodeInfo (SCMNodeInfo.java:getPort(197)) - ConfigKey ozone.scm.datanode.address is deprecated, For configuring different ports for each SCM use PortConfigKey ozone.scm.datanode.port appended with serviceId and nodeId
2021-11-30 13:17:16,575 [Listener at 0.0.0.0/13413] INFO  ha.SCMNodeInfo (SCMNodeInfo.java:getPort(197)) - ConfigKey ozone.scm.client.address is deprecated, For configuring different ports for each SCM use PortConfigKey ozone.scm.client.port appended with serviceId and nodeId
2021-11-30 13:17:16,575 [Listener at 0.0.0.0/13413] INFO  ha.SCMNodeInfo (SCMNodeInfo.java:getPort(197)) - ConfigKey ozone.scm.block.client.address is deprecated, For configuring different ports for each SCM use PortConfigKey ozone.scm.block.client.port appended with serviceId and nodeId
2021-11-30 13:17:16,576 [Listener at 0.0.0.0/13413] INFO  ha.SCMNodeInfo (SCMNodeInfo.java:getPort(197)) - ConfigKey ozone.scm.datanode.address is deprecated, For configuring different ports for each SCM use PortConfigKey ozone.scm.datanode.port appended with serviceId and nodeId
2021-11-30 13:17:16,576 [Listener at 0.0.0.0/13413] INFO  ha.SCMNodeInfo (SCMNodeInfo.java:getPort(197)) - ConfigKey ozone.scm.client.address is deprecated, For configuring different ports for each SCM use PortConfigKey ozone.scm.client.port appended with serviceId and nodeId
2021-11-30 13:17:16,576 [Listener at 0.0.0.0/13413] INFO  ha.SCMNodeInfo (SCMNodeInfo.java:getPort(197)) - ConfigKey ozone.scm.block.client.address is deprecated, For configuring different ports for each SCM use PortConfigKey ozone.scm.block.client.port appended with serviceId and nodeId
2021-11-30 13:17:16,576 [Listener at 0.0.0.0/13413] INFO  ha.SCMNodeInfo (SCMNodeInfo.java:getPort(197)) - ConfigKey ozone.scm.datanode.address is deprecated, For configuring different ports for each SCM use PortConfigKey ozone.scm.datanode.port appended with serviceId and nodeId
2021-11-30 13:17:16,587 [Listener at 0.0.0.0/13413] INFO  server.StorageContainerManager (StorageContainerManager.java:scmBootstrap(987)) - SCM BootStrap  is successful for ClusterID 00f7fd44-dd00-490d-8842-f37d1847179e, SCMID b10f987c-932c-43f2-b8db-c7c3d55faa91
2021-11-30 13:17:16,587 [Listener at 0.0.0.0/13413] INFO  server.StorageContainerManager (StorageContainerManager.java:scmBootstrap(989)) - Primary SCM Node ID e2ff296b-9428-40f2-9fe9-4cc07b88cea2
2021-11-30 13:17:16,587 [Listener at 0.0.0.0/13413] INFO  ha.SCMHANodeDetails (SCMHANodeDetails.java:loadSCMHAConfig(157)) - ServiceID for StorageContainerManager is scm-service-test1
2021-11-30 13:17:16,587 [Listener at 0.0.0.0/13413] INFO  ha.SCMHANodeDetails (SCMHANodeDetails.java:loadSCMHAConfig(168)) - ServiceID for StorageContainerManager is scm-service-test1
2021-11-30 13:17:16,587 [Listener at 0.0.0.0/13413] WARN  scm.ScmUtils (ScmUtils.java:logWarn(179)) - ConfigKey ozone.scm.block.client.address is deprecated, For configuring different ports for each SCM use PortConfigKey ozone.scm.block.client.port appended with serviceId and nodeId. If want to configure same port configure ozone.scm.block.client.port
2021-11-30 13:17:16,587 [Listener at 0.0.0.0/13413] WARN  scm.ScmUtils (ScmUtils.java:logWarn(179)) - ConfigKey ozone.scm.client.address is deprecated, For configuring different ports for each SCM use PortConfigKey ozone.scm.client.port appended with serviceId and nodeId. If want to configure same port configure ozone.scm.client.port
2021-11-30 13:17:16,587 [Listener at 0.0.0.0/13413] WARN  scm.ScmUtils (ScmUtils.java:logWarn(179)) - ConfigKey ozone.scm.datanode.address is deprecated, For configuring different ports for each SCM use PortConfigKey ozone.scm.datanode.port appended with serviceId and nodeId. If want to configure same port configure ozone.scm.datanode.port
2021-11-30 13:17:16,588 [Listener at 0.0.0.0/13413] WARN  scm.ScmUtils (ScmUtils.java:logWarn(179)) - ConfigKey ozone.scm.block.client.address is deprecated, For configuring different ports for each SCM use PortConfigKey ozone.scm.block.client.port appended with serviceId and nodeId. If want to configure same port configure ozone.scm.block.client.port
2021-11-30 13:17:16,588 [Listener at 0.0.0.0/13413] WARN  scm.ScmUtils (ScmUtils.java:logWarn(179)) - ConfigKey ozone.scm.client.address is deprecated, For configuring different ports for each SCM use PortConfigKey ozone.scm.client.port appended with serviceId and nodeId. If want to configure same port configure ozone.scm.client.port
2021-11-30 13:17:16,588 [Listener at 0.0.0.0/13413] WARN  scm.ScmUtils (ScmUtils.java:logWarn(179)) - ConfigKey ozone.scm.datanode.address is deprecated, For configuring different ports for each SCM use PortConfigKey ozone.scm.datanode.port appended with serviceId and nodeId. If want to configure same port configure ozone.scm.datanode.port
2021-11-30 13:17:16,588 [Listener at 0.0.0.0/13413] INFO  ha.SCMHANodeDetails (SCMHANodeDetails.java:loadSCMHAConfig(250)) - Found matching SCM address with SCMServiceId: scm-service-test1, SCMNodeId: scmNode-3, RPC Address: localhost:13420 and Ratis port: 13420
2021-11-30 13:17:16,588 [Listener at 0.0.0.0/13413] INFO  ha.SCMHANodeDetails (ConfUtils.java:setNodeSpecificConfigs(108)) - Setting configuration key ozone.scm.datanode.address with value of key ozone.scm.datanode.address.scm-service-test1.scmNode-3: 127.0.0.1:13421
2021-11-30 13:17:16,588 [Listener at 0.0.0.0/13413] INFO  ha.SCMHANodeDetails (ConfUtils.java:setNodeSpecificConfigs(108)) - Setting configuration key ozone.scm.block.client.address with value of key ozone.scm.block.client.address.scm-service-test1.scmNode-3: 127.0.0.1:13422
2021-11-30 13:17:16,588 [Listener at 0.0.0.0/13413] INFO  ha.SCMHANodeDetails (ConfUtils.java:setNodeSpecificConfigs(108)) - Setting configuration key ozone.scm.client.address with value of key ozone.scm.client.address.scm-service-test1.scmNode-3: 127.0.0.1:13423
2021-11-30 13:17:16,588 [Listener at 0.0.0.0/13413] INFO  ha.SCMHANodeDetails (ConfUtils.java:setNodeSpecificConfigs(108)) - Setting configuration key ozone.scm.ratis.port with value of key ozone.scm.ratis.port.scm-service-test1.scmNode-3: 13420
2021-11-30 13:17:16,588 [Listener at 0.0.0.0/13413] INFO  ha.SCMHANodeDetails (ConfUtils.java:setNodeSpecificConfigs(108)) - Setting configuration key ozone.scm.grpc.port with value of key ozone.scm.grpc.port.scm-service-test1.scmNode-3: 13424
2021-11-30 13:17:16,589 [Listener at 0.0.0.0/13413] INFO  ha.SCMHANodeDetails (ConfUtils.java:setNodeSpecificConfigs(108)) - Setting configuration key ozone.scm.http-address with value of key ozone.scm.http-address.scm-service-test1.scmNode-3: 127.0.0.1:13418
2021-11-30 13:17:16,589 [Listener at 0.0.0.0/13413] INFO  ha.SCMHANodeDetails (ConfUtils.java:setNodeSpecificConfigs(108)) - Setting configuration key ozone.scm.https-address with value of key ozone.scm.https-address.scm-service-test1.scmNode-3: 127.0.0.1:13419
2021-11-30 13:17:16,589 [Listener at 0.0.0.0/13413] INFO  ha.SCMHANodeDetails (ConfUtils.java:setNodeSpecificConfigs(108)) - Setting configuration key ozone.scm.address with value of key ozone.scm.address.scm-service-test1.scmNode-3: 127.0.0.1
2021-11-30 13:17:16,589 [Listener at 0.0.0.0/13413] WARN  scm.ScmUtils (ScmUtils.java:logWarn(179)) - ConfigKey ozone.scm.block.client.address is deprecated, For configuring different ports for each SCM use PortConfigKey ozone.scm.block.client.port appended with serviceId and nodeId. If want to configure same port configure ozone.scm.block.client.port
2021-11-30 13:17:16,589 [Listener at 0.0.0.0/13413] WARN  scm.ScmUtils (ScmUtils.java:logWarn(179)) - ConfigKey ozone.scm.client.address is deprecated, For configuring different ports for each SCM use PortConfigKey ozone.scm.client.port appended with serviceId and nodeId. If want to configure same port configure ozone.scm.client.port
2021-11-30 13:17:16,589 [Listener at 0.0.0.0/13413] WARN  scm.ScmUtils (ScmUtils.java:logWarn(179)) - ConfigKey ozone.scm.datanode.address is deprecated, For configuring different ports for each SCM use PortConfigKey ozone.scm.datanode.port appended with serviceId and nodeId. If want to configure same port configure ozone.scm.datanode.port
2021-11-30 13:17:16,590 [Listener at 0.0.0.0/13413] WARN  server.ServerUtils (ServerUtils.java:getScmDbDir(148)) - ozone.scm.db.dirs is not configured. We recommend adding this setting. Falling back to ozone.metadata.dirs instead.
2021-11-30 13:17:16,590 [Listener at 0.0.0.0/13413] INFO  upgrade.AbstractLayoutVersionManager (AbstractLayoutVersionManager.java:init(79)) - Initializing Layout version manager with metadata layout = SCM_HA (version = 2), software layout = SCM_HA (version = 2)
2021-11-30 13:17:16,649 [Listener at 0.0.0.0/13413] INFO  reflections.Reflections (Reflections.java:scan(232)) - Reflections took 58 ms to scan 7 urls, producing 119 keys and 279 values 
2021-11-30 13:17:16,663 [Listener at 0.0.0.0/13413] WARN  utils.HAUtils (HAUtils.java:getMetaDir(342)) - ozone.scm.db.dirs is not configured. We recommend adding this setting. Falling back to ozone.metadata.dirs instead.
2021-11-30 13:17:16,668 [Listener at 0.0.0.0/13413] WARN  db.DBStoreBuilder (DBStoreBuilder.java:applyDBDefinition(145)) - ozone.scm.db.dirs is not configured. We recommend adding this setting. Falling back to ozone.metadata.dirs instead.
2021-11-30 13:17:16,779 [Listener at 0.0.0.0/13413] INFO  net.NodeSchemaLoader (NodeSchemaLoader.java:loadSchemaFromFile(129)) - Loading schema from [jar:file:/home/runner/.m2/repository/org/apache/ozone/hdds-common/1.3.0-SNAPSHOT/hdds-common-1.3.0-SNAPSHOT.jar!/network-topology-default.xml]
2021-11-30 13:17:16,779 [Listener at 0.0.0.0/13413] INFO  net.NodeSchemaLoader (NodeSchemaLoader.java:loadSchema(176)) - Loading network topology layer schema file
2021-11-30 13:17:16,783 [Listener at 0.0.0.0/13413] WARN  impl.MetricRegistriesImpl (MetricRegistriesImpl.java:addReporterRegistration(111)) - New reporters are added after registries were created. Some metrics will be missing from the reporter. Please add reporter before adding any new registry.
2021-11-30 13:17:16,791 [Listener at 0.0.0.0/13413] WARN  impl.MetricRegistriesImpl (MetricRegistriesImpl.java:addReporterRegistration(111)) - New reporters are added after registries were created. Some metrics will be missing from the reporter. Please add reporter before adding any new registry.
2021-11-30 13:17:16,793 [Listener at 0.0.0.0/13413] INFO  ha.SCMRatisServerImpl (SCMRatisServerImpl.java:<init>(87)) - starting Raft server for scm:b10f987c-932c-43f2-b8db-c7c3d55faa91
2021-11-30 13:17:16,797 [Listener at 0.0.0.0/13413] INFO  server.RaftServer (ConfUtils.java:logGet(44)) - raft.rpc.type = GRPC (default)
2021-11-30 13:17:16,798 [Listener at 0.0.0.0/13413] INFO  grpc.GrpcFactory (GrpcFactory.java:checkPooledByteBufAllocatorUseCacheForAllThreads(48)) - PERFORMANCE WARNING: useCacheForAllThreads is true that may cause Netty to create a lot garbage objects and, as a result, trigger GC.
	It is recommended to disable useCacheForAllThreads by setting -Dorg.apache.ratis.thirdparty.io.netty.allocator.useCacheForAllThreads=false in command line.
2021-11-30 13:17:16,798 [Listener at 0.0.0.0/13413] INFO  grpc.GrpcConfigKeys (ConfUtils.java:logGet(44)) - raft.grpc.admin.port = -1 (default)
2021-11-30 13:17:16,798 [Listener at 0.0.0.0/13413] INFO  grpc.GrpcConfigKeys (ConfUtils.java:logGet(44)) - raft.grpc.server.port = 13420 (custom)
2021-11-30 13:17:16,798 [Listener at 0.0.0.0/13413] INFO  grpc.GrpcConfigKeys (ConfUtils.java:logGet(44)) - raft.grpc.client.port = -1 (default)
2021-11-30 13:17:16,798 [Listener at 0.0.0.0/13413] INFO  grpc.GrpcConfigKeys (ConfUtils.java:logGet(44)) - raft.grpc.server.port = 13420 (custom)
2021-11-30 13:17:16,798 [Listener at 0.0.0.0/13413] INFO  grpc.GrpcConfigKeys (ConfUtils.java:logGet(44)) - raft.grpc.server.port = 13420 (custom)
2021-11-30 13:17:16,799 [Listener at 0.0.0.0/13413] INFO  server.GrpcService (ConfUtils.java:logGet(44)) - raft.grpc.message.size.max = 32m (=33554432) (custom)
2021-11-30 13:17:16,799 [Listener at 0.0.0.0/13413] INFO  server.RaftServerConfigKeys (ConfUtils.java:logGet(44)) - raft.server.log.appender.buffer.byte-limit = 33554432 (custom)
2021-11-30 13:17:16,799 [Listener at 0.0.0.0/13413] INFO  server.GrpcService (ConfUtils.java:logGet(44)) - raft.grpc.flow.control.window = 1MB (=1048576) (default)
2021-11-30 13:17:16,799 [Listener at 0.0.0.0/13413] INFO  server.RaftServerConfigKeys (ConfUtils.java:logGet(44)) - raft.server.rpc.request.timeout = 30000ms (custom)
2021-11-30 13:17:16,800 [Listener at 0.0.0.0/13413] INFO  impl.DataStreamServerImpl (ConfUtils.java:logGet(44)) - raft.datastream.type = DISABLED (default)
2021-11-30 13:17:16,801 [Listener at 0.0.0.0/13413] INFO  server.RaftServerConfigKeys (ConfUtils.java:logGet(44)) - raft.server.rpc.slowness.timeout = 120000ms (custom)
2021-11-30 13:17:16,801 [Listener at 0.0.0.0/13413] INFO  server.RaftServerConfigKeys (ConfUtils.java:logGet(44)) - raft.server.leaderelection.leader.step-down.wait-time = 10s (default)
2021-11-30 13:17:16,801 [Listener at 0.0.0.0/13413] INFO  server.RaftServerConfigKeys (ConfUtils.java:logGet(44)) - raft.server.storage.dir = [/home/runner/work/ozone/ozone/hadoop-ozone/integration-test/target/test-dir/MiniOzoneClusterImpl-00f7fd44-dd00-490d-8842-f37d1847179e/scmNode-3/scm-ha] (custom)
2021-11-30 13:17:16,802 [Listener at 0.0.0.0/13413] INFO  server.RaftServer (RaftServerProxy.java:addNew(95)) - b10f987c-932c-43f2-b8db-c7c3d55faa91: addNew group-F37D1847179E:[] returns group-F37D1847179E:java.util.concurrent.CompletableFuture@443641bf[Not completed]
2021-11-30 13:17:16,802 [pool-257-thread-1] INFO  server.RaftServer$Division (RaftServerImpl.java:<init>(184)) - b10f987c-932c-43f2-b8db-c7c3d55faa91: new RaftServerImpl for group-F37D1847179E:[] with SCMStateMachine:uninitialized
2021-11-30 13:17:16,809 [pool-257-thread-1] INFO  server.RaftServerConfigKeys (ConfUtils.java:logGet(44)) - raft.server.rpc.timeout.min = 5000ms (custom)
2021-11-30 13:17:16,809 [pool-257-thread-1] INFO  server.RaftServerConfigKeys (ConfUtils.java:logGet(44)) - raft.server.rpc.timeout.max = 5200ms (custom)
2021-11-30 13:17:16,809 [pool-257-thread-1] INFO  server.RaftServerConfigKeys (ConfUtils.java:logGet(44)) - raft.server.rpc.sleep.time = 25ms (default)
2021-11-30 13:17:16,809 [pool-257-thread-1] INFO  server.RaftServerConfigKeys (ConfUtils.java:logGet(44)) - raft.server.rpc.slowness.timeout = 120000ms (custom)
2021-11-30 13:17:16,809 [pool-257-thread-1] INFO  server.RaftServerConfigKeys (ConfUtils.java:logGet(44)) - raft.server.leaderelection.leader.step-down.wait-time = 10s (default)
2021-11-30 13:17:16,809 [pool-257-thread-1] INFO  server.RaftServerConfigKeys (ConfUtils.java:logGet(44)) - raft.server.sleep.deviation.threshold = 300ms (default)
2021-11-30 13:17:16,809 [pool-257-thread-1] INFO  server.RaftServerConfigKeys (ConfUtils.java:logGet(44)) - raft.server.log.appender.install.snapshot.enabled = false (custom)
2021-11-30 13:17:16,809 [pool-257-thread-1] INFO  server.RaftServer$Division (ServerState.java:<init>(105)) - b10f987c-932c-43f2-b8db-c7c3d55faa91@group-F37D1847179E: ConfigurationManager, init=-1: [], old=null, confs=<EMPTY_MAP>
2021-11-30 13:17:16,809 [pool-257-thread-1] INFO  server.RaftServerConfigKeys (ConfUtils.java:logGet(44)) - raft.server.storage.dir = [/home/runner/work/ozone/ozone/hadoop-ozone/integration-test/target/test-dir/MiniOzoneClusterImpl-00f7fd44-dd00-490d-8842-f37d1847179e/scmNode-3/scm-ha] (custom)
2021-11-30 13:17:16,810 [pool-257-thread-1] INFO  server.RaftServerConfigKeys (ConfUtils.java:logGet(44)) - raft.server.log.corruption.policy = EXCEPTION (default)
2021-11-30 13:17:16,810 [pool-257-thread-1] INFO  server.RaftServerConfigKeys (ConfUtils.java:logGet(44)) - raft.server.storage.free-space.min = 0MB (=0) (default)
2021-11-30 13:17:16,810 [pool-257-thread-1] INFO  storage.RaftStorageDirectory (RaftStorageDirectoryImpl.java:analyzeStorage(135)) - The storage directory /home/runner/work/ozone/ozone/hadoop-ozone/integration-test/target/test-dir/MiniOzoneClusterImpl-00f7fd44-dd00-490d-8842-f37d1847179e/scmNode-3/scm-ha/00f7fd44-dd00-490d-8842-f37d1847179e does not exist. Creating ...
2021-11-30 13:17:16,815 [pool-257-thread-1] INFO  storage.RaftStorageDirectory (RaftStorageDirectoryImpl.java:tryLock(230)) - Lock on /home/runner/work/ozone/ozone/hadoop-ozone/integration-test/target/test-dir/MiniOzoneClusterImpl-00f7fd44-dd00-490d-8842-f37d1847179e/scmNode-3/scm-ha/00f7fd44-dd00-490d-8842-f37d1847179e/in_use.lock acquired by nodename 32455@fv-az148-447
2021-11-30 13:17:16,817 [pool-257-thread-1] INFO  storage.RaftStorage (RaftStorageImpl.java:format(89)) - Storage directory /home/runner/work/ozone/ozone/hadoop-ozone/integration-test/target/test-dir/MiniOzoneClusterImpl-00f7fd44-dd00-490d-8842-f37d1847179e/scmNode-3/scm-ha/00f7fd44-dd00-490d-8842-f37d1847179e has been successfully formatted.
2021-11-30 13:17:16,818 [pool-257-thread-1] INFO  server.RaftServerConfigKeys (ConfUtils.java:logGet(44)) - raft.server.notification.no-leader.timeout = 60s (default)
2021-11-30 13:17:16,818 [pool-257-thread-1] INFO  server.RaftServerConfigKeys (ConfUtils.java:logGet(44)) - raft.server.log.use.memory = false (default)
2021-11-30 13:17:16,818 [pool-257-thread-1] INFO  server.RaftServerConfigKeys (ConfUtils.java:logGet(44)) - raft.server.log.purge.gap = 5 (custom)
2021-11-30 13:17:16,818 [pool-257-thread-1] INFO  server.RaftServerConfigKeys (ConfUtils.java:logGet(44)) - raft.server.log.appender.buffer.byte-limit = 33554432 (custom)
2021-11-30 13:17:16,819 [pool-257-thread-1] INFO  server.RaftServerConfigKeys (ConfUtils.java:logGet(44)) - raft.server.log.segment.size.max = 4194304 (custom)
2021-11-30 13:17:16,819 [pool-257-thread-1] INFO  server.RaftServerConfigKeys (ConfUtils.java:logGet(44)) - raft.server.log.segment.cache.num.max = 2 (custom)
2021-11-30 13:17:16,819 [pool-257-thread-1] INFO  server.RaftServerConfigKeys (ConfUtils.java:logGet(44)) - raft.server.log.segment.cache.size.max = 200MB (=209715200) (default)
2021-11-30 13:17:16,819 [pool-257-thread-1] INFO  segmented.SegmentedRaftLogWorker (SegmentedRaftLogWorker.java:<init>(182)) - new b10f987c-932c-43f2-b8db-c7c3d55faa91@group-F37D1847179E-SegmentedRaftLogWorker for RaftStorageImpl:Storage Directory /home/runner/work/ozone/ozone/hadoop-ozone/integration-test/target/test-dir/MiniOzoneClusterImpl-00f7fd44-dd00-490d-8842-f37d1847179e/scmNode-3/scm-ha/00f7fd44-dd00-490d-8842-f37d1847179e
2021-11-30 13:17:16,819 [pool-257-thread-1] INFO  server.RaftServerConfigKeys (ConfUtils.java:logGet(44)) - raft.server.log.queue.byte-limit = 64MB (=67108864) (default)
2021-11-30 13:17:16,819 [pool-257-thread-1] INFO  server.RaftServerConfigKeys (ConfUtils.java:logGet(44)) - raft.server.log.queue.element-limit = 4096 (default)
2021-11-30 13:17:16,819 [pool-257-thread-1] INFO  server.RaftServerConfigKeys (ConfUtils.java:logGet(44)) - raft.server.log.segment.size.max = 4194304 (custom)
2021-11-30 13:17:16,819 [pool-257-thread-1] INFO  server.RaftServerConfigKeys (ConfUtils.java:logGet(44)) - raft.server.log.preallocated.size = 4194304 (custom)
2021-11-30 13:17:16,819 [pool-257-thread-1] INFO  server.RaftServerConfigKeys (ConfUtils.java:logGet(44)) - raft.server.log.force.sync.num = 128 (default)
2021-11-30 13:17:16,819 [pool-257-thread-1] INFO  server.RaftServerConfigKeys (ConfUtils.java:logGet(44)) - raft.server.log.statemachine.data.sync = true (default)
2021-11-30 13:17:16,819 [pool-257-thread-1] INFO  server.RaftServerConfigKeys (ConfUtils.java:logGet(44)) - raft.server.log.statemachine.data.sync.timeout = 10s (default)
2021-11-30 13:17:16,819 [pool-257-thread-1] INFO  server.RaftServerConfigKeys (ConfUtils.java:logGet(44)) - raft.server.log.statemachine.data.sync.timeout.retry = -1 (default)
2021-11-30 13:17:16,822 [pool-257-thread-1] INFO  server.RaftServerConfigKeys (ConfUtils.java:logGet(44)) - raft.server.log.write.buffer.size = 64KB (=65536) (default)
2021-11-30 13:17:16,823 [pool-257-thread-1] INFO  server.RaftServerConfigKeys (ConfUtils.java:logGet(44)) - raft.server.log.statemachine.data.caching.enabled = false (default)
2021-11-30 13:17:16,823 [pool-257-thread-1] INFO  segmented.SegmentedRaftLogWorker (SegmentedRaftLogWorker.java:lambda$new$0(133)) - b10f987c-932c-43f2-b8db-c7c3d55faa91@group-F37D1847179E-SegmentedRaftLogWorker: flushIndex: setUnconditionally 0 -> -1
2021-11-30 13:17:16,831 [pool-257-thread-1] INFO  segmented.SegmentedRaftLogWorker (SegmentedRaftLogWorker.java:lambda$new$0(133)) - b10f987c-932c-43f2-b8db-c7c3d55faa91@group-F37D1847179E-SegmentedRaftLogWorker: safeCacheEvictIndex: setUnconditionally 0 -> -1
2021-11-30 13:17:16,840 [pool-257-thread-1] INFO  server.RaftServerConfigKeys (ConfUtils.java:logGet(44)) - raft.server.snapshot.auto.trigger.enabled = true (custom)
2021-11-30 13:17:16,840 [pool-257-thread-1] INFO  server.RaftServerConfigKeys (ConfUtils.java:logGet(44)) - raft.server.snapshot.auto.trigger.threshold = 5 (custom)
2021-11-30 13:17:16,840 [pool-257-thread-1] INFO  server.RaftServerConfigKeys (ConfUtils.java:logGet(44)) - raft.server.snapshot.retention.file.num = -1 (default)
2021-11-30 13:17:16,840 [pool-257-thread-1] INFO  server.RaftServerConfigKeys (ConfUtils.java:logGet(44)) - raft.server.log.purge.upto.snapshot.index = true (custom)
2021-11-30 13:17:16,840 [pool-257-thread-1] INFO  server.RaftServerConfigKeys (ConfUtils.java:logGet(44)) - raft.server.retrycache.expirytime = 60000ms (default)
2021-11-30 13:17:16,840 [pool-257-thread-1] INFO  server.RaftServerConfigKeys (ConfUtils.java:logGet(44)) - raft.server.retrycache.statistics.expirytime = 100μs (default)
2021-11-30 13:17:16,843 [Listener at 0.0.0.0/13413] INFO  ha.SCMSnapshotProvider (SCMSnapshotProvider.java:<init>(66)) - Initializing SCM Snapshot Provider
2021-11-30 13:17:16,844 [Listener at 0.0.0.0/13413] WARN  server.ServerUtils (ServerUtils.java:getDefaultRatisDirectory(237)) - Storage directory for Ratis is not configured. It is a good idea to map this to an SSD disk. Falling back to ozone.metadata.dirs
2021-11-30 13:17:16,844 [Listener at 0.0.0.0/13413] WARN  ha.SCMHAUtils (SCMHAUtils.java:getSCMRatisSnapshotDirectory(146)) - SCM snapshot dir is not configured. Falling back to ozone.metadata.dirs config
2021-11-30 13:17:16,846 [Listener at 0.0.0.0/13413] INFO  ha.SequenceIdGenerator (SequenceIdGenerator.java:upgradeToSequenceId(347)) - upgrade localId to 107544261427200000
2021-11-30 13:17:16,846 [Listener at 0.0.0.0/13413] INFO  ha.SequenceIdGenerator (SequenceIdGenerator.java:upgradeToSequenceId(357)) - upgrade delTxnId to 0
2021-11-30 13:17:16,846 [Listener at 0.0.0.0/13413] INFO  ha.SequenceIdGenerator (SequenceIdGenerator.java:upgradeToSequenceId(371)) - upgrade containerId to 0
2021-11-30 13:17:16,846 [Listener at 0.0.0.0/13413] INFO  ha.SequenceIdGenerator (SequenceIdGenerator.java:<init>(218)) - Init the HA SequenceIdGenerator.
2021-11-30 13:17:16,846 [Listener at 0.0.0.0/13413] WARN  server.ServerUtils (ServerUtils.java:sanitizeUserArgs(73)) - ozone.scm.stale.node.interval value = 300000 is larger than max = 100000 based on the key value of ozone.scm.heartbeat.thread.interval, reset to the max value 100000.
2021-11-30 13:17:16,846 [Listener at 0.0.0.0/13413] WARN  server.ServerUtils (ServerUtils.java:sanitizeUserArgs(73)) - ozone.scm.stale.node.interval value = 300000 is larger than max = 100000 based on the key value of ozone.scm.heartbeat.thread.interval, reset to the max value 100000.
2021-11-30 13:17:16,852 [Listener at 0.0.0.0/13413] INFO  node.SCMNodeManager (SCMNodeManager.java:<init>(144)) - Entering startup safe mode.
2021-11-30 13:17:16,854 [Listener at 0.0.0.0/13413] INFO  algorithms.ContainerPlacementPolicyFactory (ContainerPlacementPolicyFactory.java:getPolicy(60)) - Create container placement policy of type org.apache.hadoop.hdds.scm.container.placement.algorithms.SCMContainerPlacementRandom
2021-11-30 13:17:16,854 [Listener at 0.0.0.0/13413] INFO  pipeline.PipelineStateManagerImpl (PipelineStateManagerImpl.java:initialize(78)) - No pipeline exists in current db
2021-11-30 13:17:16,855 [Listener at 0.0.0.0/13413] INFO  algorithms.LeaderChoosePolicyFactory (LeaderChoosePolicyFactory.java:getPolicy(57)) - Create leader choose policy of type org.apache.hadoop.hdds.scm.pipeline.leader.choose.algorithms.MinLeaderCountChoosePolicy
2021-11-30 13:17:16,855 [Listener at 0.0.0.0/13413] INFO  ha.SCMServiceManager (SCMServiceManager.java:register(43)) - Registering service BackgroundPipelineCreator.
2021-11-30 13:17:16,855 [Listener at 0.0.0.0/13413] INFO  pipeline.BackgroundPipelineCreator (BackgroundPipelineCreator.java:start(130)) - Starting RatisPipelineUtilsThread.
2021-11-30 13:17:16,860 [Listener at 0.0.0.0/13413] INFO  algorithms.PipelineChoosePolicyFactory (PipelineChoosePolicyFactory.java:createPipelineChoosePolicyFromClass(73)) - Create pipeline choose policy of type org.apache.hadoop.hdds.scm.pipeline.choose.algorithms.RandomPipelineChoosePolicy
2021-11-30 13:17:16,861 [Listener at 0.0.0.0/13413] INFO  ha.SCMServiceManager (SCMServiceManager.java:register(43)) - Registering service SCMBlockDeletingService.
2021-11-30 13:17:16,861 [Listener at 0.0.0.0/13413] INFO  ha.SCMServiceManager (SCMServiceManager.java:register(43)) - Registering service ReplicationManager.
2021-11-30 13:17:16,862 [Listener at 0.0.0.0/13413] INFO  container.ReplicationManager (ReplicationManager.java:start(319)) - Starting Replication Monitor Thread.
2021-11-30 13:17:16,863 [Listener at 0.0.0.0/13413] INFO  safemode.ContainerSafeModeRule (ContainerSafeModeRule.java:<init>(89)) - containers with one replica threshold count 0
2021-11-30 13:17:16,863 [Listener at 0.0.0.0/13413] INFO  safemode.HealthyPipelineSafeModeRule (HealthyPipelineSafeModeRule.java:initializeRule(156)) - Total pipeline count is 0, healthy pipeline threshold count is 1
2021-11-30 13:17:16,864 [Listener at 0.0.0.0/13413] INFO  safemode.OneReplicaPipelineSafeModeRule (OneReplicaPipelineSafeModeRule.java:initializeRule(180)) - Total pipeline count is 0, pipeline's with at least one datanode reported threshold count is 0
2021-11-30 13:17:16,867 [Listener at 0.0.0.0/13413] INFO  ipc.CallQueueManager (CallQueueManager.java:<init>(90)) - Using callQueue: class java.util.concurrent.LinkedBlockingQueue, queueCapacity: 2000, scheduler: class org.apache.hadoop.ipc.DefaultRpcScheduler, ipcBackoff: false.
2021-11-30 13:17:16,870 [Socket Reader #1 for port 13421] INFO  ipc.Server (Server.java:run(1265)) - Starting Socket Reader #1 for port 13421
2021-11-30 13:17:16,873 [Listener at 0.0.0.0/13421] INFO  ipc.CallQueueManager (CallQueueManager.java:<init>(90)) - Using callQueue: class java.util.concurrent.LinkedBlockingQueue, queueCapacity: 2000, scheduler: class org.apache.hadoop.ipc.DefaultRpcScheduler, ipcBackoff: false.
2021-11-30 13:17:16,876 [Socket Reader #1 for port 13422] INFO  ipc.Server (Server.java:run(1265)) - Starting Socket Reader #1 for port 13422
2021-11-30 13:17:16,882 [Listener at 0.0.0.0/13422] INFO  ipc.CallQueueManager (CallQueueManager.java:<init>(90)) - Using callQueue: class java.util.concurrent.LinkedBlockingQueue, queueCapacity: 2000, scheduler: class org.apache.hadoop.ipc.DefaultRpcScheduler, ipcBackoff: false.
2021-11-30 13:17:16,883 [Socket Reader #1 for port 13423] INFO  ipc.Server (Server.java:run(1265)) - Starting Socket Reader #1 for port 13423
2021-11-30 13:17:16,900 [ReplicationMonitor] INFO  container.ReplicationManager (ReplicationManager.java:processAll(371)) - Replication Monitor Thread took 1 milliseconds for processing 0 containers.
2021-11-30 13:17:16,930 [Listener at 0.0.0.0/13423] INFO  algorithms.ContainerPlacementPolicyFactory (ContainerPlacementPolicyFactory.java:getPolicy(60)) - Create container placement policy of type org.apache.hadoop.hdds.scm.container.placement.algorithms.SCMContainerPlacementRandom
2021-11-30 13:17:16,931 [Listener at 0.0.0.0/13423] INFO  server.StorageContainerManager (StorageContainerManager.java:<init>(388)) - 
Container Balancer status:
Key                            Value
Running                        false
Container Balancer Configuration values:
Key                                                Value
Threshold                                          0.1
Max Datanodes to Involve per Iteration(ratio)      0.2
Max Size to Move per Iteration                     30GB
Max Size Entering Target per Iteration             1GB
Max Size Leaving Source per Iteration              1GB

2021-11-30 13:17:16,931 [Listener at 0.0.0.0/13423] WARN  events.EventQueue (EventQueue.java:fireEvent(194)) - No event handler registered for event TypedEvent{payloadType=SafeModeStatus, name='Safe mode status'}
2021-11-30 13:17:16,931 [Listener at 0.0.0.0/13423] INFO  ha.SCMContext (SCMContext.java:updateSafeModeStatus(205)) - Update SafeModeStatus from SafeModeStatus{safeModeStatus=true, preCheckPassed=false} to SafeModeStatus{safeModeStatus=true, preCheckPassed=false}.
2021-11-30 13:17:16,932 [Listener at 0.0.0.0/13423] INFO  ozone.MiniOzoneHAClusterImpl (MiniOzoneHAClusterImpl.java:createSCMService(581)) - Intialized SCM at org.apache.hadoop.hdds.scm.server.SCMClientProtocolServer@28b15698. This SCM is currently inactive (not running).
2021-11-30 13:17:16,932 [Listener at 0.0.0.0/13423] INFO  ha.OMHANodeDetails (OMHANodeDetails.java:loadOMHAConfig(118)) - ServiceID for OzoneManager is om-service-test1
2021-11-30 13:17:16,939 [Listener at 0.0.0.0/13423] INFO  ha.OMHANodeDetails (OMHANodeDetails.java:loadOMHAConfig(192)) - Found matching OM address with OMServiceId: om-service-test1, OMNodeId: omNode-1, RPC Address: localhost:10012 and Ratis port: 10016
2021-11-30 13:17:16,939 [Listener at 0.0.0.0/13423] INFO  ha.OMHANodeDetails (ConfUtils.java:setNodeSpecificConfigs(108)) - Setting configuration key ozone.om.http-address with value of key ozone.om.http-address.om-service-test1.omNode-1: 127.0.0.1:10014
2021-11-30 13:17:16,941 [Listener at 0.0.0.0/13423] INFO  ha.OMHANodeDetails (ConfUtils.java:setNodeSpecificConfigs(108)) - Setting configuration key ozone.om.https-address with value of key ozone.om.https-address.om-service-test1.omNode-1: 127.0.0.1:10015
2021-11-30 13:17:16,942 [Listener at 0.0.0.0/13423] INFO  ha.OMHANodeDetails (ConfUtils.java:setNodeSpecificConfigs(108)) - Setting configuration key ozone.om.address with value of key ozone.om.address.om-service-test1.omNode-1: 127.0.0.1:10012
2021-11-30 13:17:16,942 [Listener at 0.0.0.0/13423] WARN  server.ServerUtils (ServerUtils.java:getDBPath(225)) - ozone.om.db.dirs is not configured. We recommend adding this setting. Falling back to ozone.metadata.dirs instead.
2021-11-30 13:17:16,943 [Listener at 0.0.0.0/13423] INFO  ha.SCMNodeInfo (SCMNodeInfo.java:getPort(197)) - ConfigKey ozone.scm.client.address is deprecated, For configuring different ports for each SCM use PortConfigKey ozone.scm.client.port appended with serviceId and nodeId
2021-11-30 13:17:16,943 [Listener at 0.0.0.0/13423] INFO  ha.SCMNodeInfo (SCMNodeInfo.java:getPort(197)) - ConfigKey ozone.scm.block.client.address is deprecated, For configuring different ports for each SCM use PortConfigKey ozone.scm.block.client.port appended with serviceId and nodeId
2021-11-30 13:17:16,943 [Listener at 0.0.0.0/13423] INFO  ha.SCMNodeInfo (SCMNodeInfo.java:getPort(197)) - ConfigKey ozone.scm.datanode.address is deprecated, For configuring different ports for each SCM use PortConfigKey ozone.scm.datanode.port appended with serviceId and nodeId
2021-11-30 13:17:16,943 [Listener at 0.0.0.0/13423] INFO  ha.SCMNodeInfo (SCMNodeInfo.java:getPort(197)) - ConfigKey ozone.scm.client.address is deprecated, For configuring different ports for each SCM use PortConfigKey ozone.scm.client.port appended with serviceId and nodeId
2021-11-30 13:17:16,943 [Listener at 0.0.0.0/13423] INFO  ha.SCMNodeInfo (SCMNodeInfo.java:getPort(197)) - ConfigKey ozone.scm.block.client.address is deprecated, For configuring different ports for each SCM use PortConfigKey ozone.scm.block.client.port appended with serviceId and nodeId
2021-11-30 13:17:16,943 [Listener at 0.0.0.0/13423] INFO  ha.SCMNodeInfo (SCMNodeInfo.java:getPort(197)) - ConfigKey ozone.scm.datanode.address is deprecated, For configuring different ports for each SCM use PortConfigKey ozone.scm.datanode.port appended with serviceId and nodeId
2021-11-30 13:17:16,944 [Listener at 0.0.0.0/13423] INFO  ha.SCMNodeInfo (SCMNodeInfo.java:getPort(197)) - ConfigKey ozone.scm.client.address is deprecated, For configuring different ports for each SCM use PortConfigKey ozone.scm.client.port appended with serviceId and nodeId
2021-11-30 13:17:16,945 [Listener at 0.0.0.0/13423] INFO  ha.SCMNodeInfo (SCMNodeInfo.java:getPort(197)) - ConfigKey ozone.scm.block.client.address is deprecated, For configuring different ports for each SCM use PortConfigKey ozone.scm.block.client.port appended with serviceId and nodeId
2021-11-30 13:17:16,945 [Listener at 0.0.0.0/13423] INFO  ha.SCMNodeInfo (SCMNodeInfo.java:getPort(197)) - ConfigKey ozone.scm.datanode.address is deprecated, For configuring different ports for each SCM use PortConfigKey ozone.scm.datanode.port appended with serviceId and nodeId
OM initialization succeeded.Current cluster id for sd=/home/runner/work/ozone/ozone/hadoop-ozone/integration-test/target/test-dir/MiniOzoneClusterImpl-00f7fd44-dd00-490d-8842-f37d1847179e/omNode-1/om;cid=00f7fd44-dd00-490d-8842-f37d1847179e;layoutVersion=0
2021-11-30 13:17:16,972 [Listener at 0.0.0.0/13423] INFO  ha.OMHANodeDetails (OMHANodeDetails.java:loadOMHAConfig(118)) - ServiceID for OzoneManager is om-service-test1
2021-11-30 13:17:16,972 [Listener at 0.0.0.0/13423] INFO  ha.OMHANodeDetails (OMHANodeDetails.java:loadOMHAConfig(192)) - Found matching OM address with OMServiceId: om-service-test1, OMNodeId: omNode-1, RPC Address: localhost:10012 and Ratis port: 10016
2021-11-30 13:17:16,972 [Listener at 0.0.0.0/13423] INFO  ha.OMHANodeDetails (ConfUtils.java:setNodeSpecificConfigs(108)) - Setting configuration key ozone.om.http-address with value of key ozone.om.http-address.om-service-test1.omNode-1: 127.0.0.1:10014
2021-11-30 13:17:16,972 [Listener at 0.0.0.0/13423] INFO  ha.OMHANodeDetails (ConfUtils.java:setNodeSpecificConfigs(108)) - Setting configuration key ozone.om.https-address with value of key ozone.om.https-address.om-service-test1.omNode-1: 127.0.0.1:10015
2021-11-30 13:17:16,972 [Listener at 0.0.0.0/13423] INFO  ha.OMHANodeDetails (ConfUtils.java:setNodeSpecificConfigs(108)) - Setting configuration key ozone.om.address with value of key ozone.om.address.om-service-test1.omNode-1: 127.0.0.1:10012
2021-11-30 13:17:16,973 [Listener at 0.0.0.0/13423] WARN  server.ServerUtils (ServerUtils.java:getDBPath(225)) - ozone.om.db.dirs is not configured. We recommend adding this setting. Falling back to ozone.metadata.dirs instead.
2021-11-30 13:17:16,973 [Listener at 0.0.0.0/13423] INFO  upgrade.AbstractLayoutVersionManager (AbstractLayoutVersionManager.java:init(79)) - Initializing Layout version manager with metadata layout = INITIAL_VERSION (version = 0), software layout = INITIAL_VERSION (version = 0)
2021-11-30 13:17:17,056 [Listener at 0.0.0.0/13423] INFO  reflections.Reflections (Reflections.java:scan(232)) - Reflections took 82 ms to scan 2 urls, producing 132 keys and 344 values [using 2 cores]
2021-11-30 13:17:17,057 [Listener at 0.0.0.0/13423] INFO  upgrade.OMLayoutVersionManager (OMLayoutVersionManager.java:lambda$0(115)) - Skipping Upgrade Action MockOmUpgradeAction since it has been finalized.
2021-11-30 13:17:17,057 [Listener at 0.0.0.0/13423] WARN  server.ServerUtils (ServerUtils.java:getDBPath(225)) - ozone.om.db.dirs is not configured. We recommend adding this setting. Falling back to ozone.metadata.dirs instead.
2021-11-30 13:17:17,057 [Listener at 0.0.0.0/13423] INFO  ha.SCMNodeInfo (SCMNodeInfo.java:getPort(197)) - ConfigKey ozone.scm.client.address is deprecated, For configuring different ports for each SCM use PortConfigKey ozone.scm.client.port appended with serviceId and nodeId
2021-11-30 13:17:17,058 [Listener at 0.0.0.0/13423] INFO  ha.SCMNodeInfo (SCMNodeInfo.java:getPort(197)) - ConfigKey ozone.scm.block.client.address is deprecated, For configuring different ports for each SCM use PortConfigKey ozone.scm.block.client.port appended with serviceId and nodeId
2021-11-30 13:17:17,058 [Listener at 0.0.0.0/13423] INFO  ha.SCMNodeInfo (SCMNodeInfo.java:getPort(197)) - ConfigKey ozone.scm.datanode.address is deprecated, For configuring different ports for each SCM use PortConfigKey ozone.scm.datanode.port appended with serviceId and nodeId
2021-11-30 13:17:17,058 [Listener at 0.0.0.0/13423] INFO  ha.SCMNodeInfo (SCMNodeInfo.java:getPort(197)) - ConfigKey ozone.scm.client.address is deprecated, For configuring different ports for each SCM use PortConfigKey ozone.scm.client.port appended with serviceId and nodeId
2021-11-30 13:17:17,058 [Listener at 0.0.0.0/13423] INFO  ha.SCMNodeInfo (SCMNodeInfo.java:getPort(197)) - ConfigKey ozone.scm.block.client.address is deprecated, For configuring different ports for each SCM use PortConfigKey ozone.scm.block.client.port appended with serviceId and nodeId
2021-11-30 13:17:17,058 [Listener at 0.0.0.0/13423] INFO  ha.SCMNodeInfo (SCMNodeInfo.java:getPort(197)) - ConfigKey ozone.scm.datanode.address is deprecated, For configuring different ports for each SCM use PortConfigKey ozone.scm.datanode.port appended with serviceId and nodeId
2021-11-30 13:17:17,058 [Listener at 0.0.0.0/13423] INFO  ha.SCMNodeInfo (SCMNodeInfo.java:getPort(197)) - ConfigKey ozone.scm.client.address is deprecated, For configuring different ports for each SCM use PortConfigKey ozone.scm.client.port appended with serviceId and nodeId
2021-11-30 13:17:17,058 [Listener at 0.0.0.0/13423] INFO  ha.SCMNodeInfo (SCMNodeInfo.java:getPort(197)) - ConfigKey ozone.scm.block.client.address is deprecated, For configuring different ports for each SCM use PortConfigKey ozone.scm.block.client.port appended with serviceId and nodeId
2021-11-30 13:17:17,058 [Listener at 0.0.0.0/13423] INFO  ha.SCMNodeInfo (SCMNodeInfo.java:getPort(197)) - ConfigKey ozone.scm.datanode.address is deprecated, For configuring different ports for each SCM use PortConfigKey ozone.scm.datanode.port appended with serviceId and nodeId
2021-11-30 13:17:17,059 [Listener at 0.0.0.0/13423] INFO  ha.SCMNodeInfo (SCMNodeInfo.java:getPort(197)) - ConfigKey ozone.scm.client.address is deprecated, For configuring different ports for each SCM use PortConfigKey ozone.scm.client.port appended with serviceId and nodeId
2021-11-30 13:17:17,059 [Listener at 0.0.0.0/13423] INFO  ha.SCMNodeInfo (SCMNodeInfo.java:getPort(197)) - ConfigKey ozone.scm.block.client.address is deprecated, For configuring different ports for each SCM use PortConfigKey ozone.scm.block.client.port appended with serviceId and nodeId
2021-11-30 13:17:17,059 [Listener at 0.0.0.0/13423] INFO  ha.SCMNodeInfo (SCMNodeInfo.java:getPort(197)) - ConfigKey ozone.scm.datanode.address is deprecated, For configuring different ports for each SCM use PortConfigKey ozone.scm.datanode.port appended with serviceId and nodeId
2021-11-30 13:17:17,059 [Listener at 0.0.0.0/13423] INFO  ha.SCMNodeInfo (SCMNodeInfo.java:getPort(197)) - ConfigKey ozone.scm.client.address is deprecated, For configuring different ports for each SCM use PortConfigKey ozone.scm.client.port appended with serviceId and nodeId
2021-11-30 13:17:17,059 [Listener at 0.0.0.0/13423] INFO  ha.SCMNodeInfo (SCMNodeInfo.java:getPort(197)) - ConfigKey ozone.scm.block.client.address is deprecated, For configuring different ports for each SCM use PortConfigKey ozone.scm.block.client.port appended with serviceId and nodeId
2021-11-30 13:17:17,059 [Listener at 0.0.0.0/13423] INFO  ha.SCMNodeInfo (SCMNodeInfo.java:getPort(197)) - ConfigKey ozone.scm.datanode.address is deprecated, For configuring different ports for each SCM use PortConfigKey ozone.scm.datanode.port appended with serviceId and nodeId
2021-11-30 13:17:17,059 [Listener at 0.0.0.0/13423] INFO  ha.SCMNodeInfo (SCMNodeInfo.java:getPort(197)) - ConfigKey ozone.scm.client.address is deprecated, For configuring different ports for each SCM use PortConfigKey ozone.scm.client.port appended with serviceId and nodeId
2021-11-30 13:17:17,059 [Listener at 0.0.0.0/13423] INFO  ha.SCMNodeInfo (SCMNodeInfo.java:getPort(197)) - ConfigKey ozone.scm.block.client.address is deprecated, For configuring different ports for each SCM use PortConfigKey ozone.scm.block.client.port appended with serviceId and nodeId
2021-11-30 13:17:17,059 [Listener at 0.0.0.0/13423] INFO  ha.SCMNodeInfo (SCMNodeInfo.java:getPort(197)) - ConfigKey ozone.scm.datanode.address is deprecated, For configuring different ports for each SCM use PortConfigKey ozone.scm.datanode.port appended with serviceId and nodeId
2021-11-30 13:17:17,060 [Listener at 0.0.0.0/13423] INFO  ha.SCMNodeInfo (SCMNodeInfo.java:getPort(197)) - ConfigKey ozone.scm.client.address is deprecated, For configuring different ports for each SCM use PortConfigKey ozone.scm.client.port appended with serviceId and nodeId
2021-11-30 13:17:17,061 [Listener at 0.0.0.0/13423] INFO  ha.SCMNodeInfo (SCMNodeInfo.java:getPort(197)) - ConfigKey ozone.scm.block.client.address is deprecated, For configuring different ports for each SCM use PortConfigKey ozone.scm.block.client.port appended with serviceId and nodeId
2021-11-30 13:17:17,061 [Listener at 0.0.0.0/13423] INFO  ha.SCMNodeInfo (SCMNodeInfo.java:getPort(197)) - ConfigKey ozone.scm.datanode.address is deprecated, For configuring different ports for each SCM use PortConfigKey ozone.scm.datanode.port appended with serviceId and nodeId
2021-11-30 13:17:17,061 [Listener at 0.0.0.0/13423] INFO  ha.SCMNodeInfo (SCMNodeInfo.java:getPort(197)) - ConfigKey ozone.scm.client.address is deprecated, For configuring different ports for each SCM use PortConfigKey ozone.scm.client.port appended with serviceId and nodeId
2021-11-30 13:17:17,061 [Listener at 0.0.0.0/13423] INFO  ha.SCMNodeInfo (SCMNodeInfo.java:getPort(197)) - ConfigKey ozone.scm.block.client.address is deprecated, For configuring different ports for each SCM use PortConfigKey ozone.scm.block.client.port appended with serviceId and nodeId
2021-11-30 13:17:17,061 [Listener at 0.0.0.0/13423] INFO  ha.SCMNodeInfo (SCMNodeInfo.java:getPort(197)) - ConfigKey ozone.scm.datanode.address is deprecated, For configuring different ports for each SCM use PortConfigKey ozone.scm.datanode.port appended with serviceId and nodeId
2021-11-30 13:17:17,062 [Listener at 0.0.0.0/13423] INFO  ha.SCMNodeInfo (SCMNodeInfo.java:getPort(197)) - ConfigKey ozone.scm.client.address is deprecated, For configuring different ports for each SCM use PortConfigKey ozone.scm.client.port appended with serviceId and nodeId
2021-11-30 13:17:17,063 [Listener at 0.0.0.0/13423] INFO  ha.SCMNodeInfo (SCMNodeInfo.java:getPort(197)) - ConfigKey ozone.scm.block.client.address is deprecated, For configuring different ports for each SCM use PortConfigKey ozone.scm.block.client.port appended with serviceId and nodeId
2021-11-30 13:17:17,064 [Listener at 0.0.0.0/13423] INFO  ha.SCMNodeInfo (SCMNodeInfo.java:getPort(197)) - ConfigKey ozone.scm.datanode.address is deprecated, For configuring different ports for each SCM use PortConfigKey ozone.scm.datanode.port appended with serviceId and nodeId
2021-11-30 13:17:17,081 [Listener at 0.0.0.0/13423] WARN  server.ServerUtils (ServerUtils.java:getDBPath(225)) - ozone.om.db.dirs is not configured. We recommend adding this setting. Falling back to ozone.metadata.dirs instead.
2021-11-30 13:17:17,082 [Listener at 0.0.0.0/13423] INFO  codec.OmKeyInfoCodec (OmKeyInfoCodec.java:<init>(50)) - OmKeyInfoCodec ignorePipeline = true
2021-11-30 13:17:17,082 [Listener at 0.0.0.0/13423] INFO  codec.RepeatedOmKeyInfoCodec (RepeatedOmKeyInfoCodec.java:<init>(42)) - RepeatedOmKeyInfoCodec ignorePipeline = true
2021-11-30 13:17:17,242 [Listener at 0.0.0.0/13423] INFO  om.OzoneManager (OzoneManager.java:addS3GVolumeToDB(3609)) - Created Volume s3v With Owner runner required for S3Gateway operations.
2021-11-30 13:17:17,243 [Listener at 0.0.0.0/13423] WARN  server.ServerUtils (ServerUtils.java:getDefaultRatisDirectory(237)) - Storage directory for Ratis is not configured. It is a good idea to map this to an SSD disk. Falling back to ozone.metadata.dirs
2021-11-30 13:17:17,243 [Listener at 0.0.0.0/13423] WARN  utils.OzoneManagerRatisUtils (OzoneManagerRatisUtils.java:getOMRatisSnapshotDirectory(431)) - ozone.om.ratis.snapshot.dir is not configured. Falling back to ozone.metadata.dirs config
2021-11-30 13:17:17,243 [Listener at 0.0.0.0/13423] WARN  impl.MetricRegistriesImpl (MetricRegistriesImpl.java:addReporterRegistration(111)) - New reporters are added after registries were created. Some metrics will be missing from the reporter. Please add reporter before adding any new registry.
2021-11-30 13:17:17,244 [Listener at 0.0.0.0/13423] WARN  impl.MetricRegistriesImpl (MetricRegistriesImpl.java:addReporterRegistration(111)) - New reporters are added after registries were created. Some metrics will be missing from the reporter. Please add reporter before adding any new registry.
2021-11-30 13:17:17,244 [Listener at 0.0.0.0/13423] WARN  server.ServerUtils (ServerUtils.java:getDefaultRatisDirectory(237)) - Storage directory for Ratis is not configured. It is a good idea to map this to an SSD disk. Falling back to ozone.metadata.dirs
2021-11-30 13:17:17,245 [Listener at 0.0.0.0/13423] INFO  ratis.OzoneManagerRatisServer (OzoneManagerRatisServer.java:<init>(159)) - Instantiating OM Ratis server with groupID: om-service-test1 and peers: localhost:10016
2021-11-30 13:17:17,245 [Listener at 0.0.0.0/13423] INFO  ratis.OzoneManagerStateMachine (OzoneManagerStateMachine.java:loadSnapshotInfoFromDB(605)) - LastAppliedIndex is set from TransactionInfo from OM DB as (t:0, i:~)
2021-11-30 13:17:17,256 [Listener at 0.0.0.0/13423] INFO  server.RaftServer (ConfUtils.java:logGet(44)) - raft.rpc.type = GRPC (default)
2021-11-30 13:17:17,256 [Listener at 0.0.0.0/13423] INFO  grpc.GrpcFactory (GrpcFactory.java:checkPooledByteBufAllocatorUseCacheForAllThreads(48)) - PERFORMANCE WARNING: useCacheForAllThreads is true that may cause Netty to create a lot garbage objects and, as a result, trigger GC.
	It is recommended to disable useCacheForAllThreads by setting -Dorg.apache.ratis.thirdparty.io.netty.allocator.useCacheForAllThreads=false in command line.
2021-11-30 13:17:17,256 [Listener at 0.0.0.0/13423] INFO  grpc.GrpcConfigKeys (ConfUtils.java:logGet(44)) - raft.grpc.admin.port = -1 (default)
2021-11-30 13:17:17,256 [Listener at 0.0.0.0/13423] INFO  grpc.GrpcConfigKeys (ConfUtils.java:logGet(44)) - raft.grpc.server.port = 10016 (custom)
2021-11-30 13:17:17,260 [Listener at 0.0.0.0/13423] INFO  grpc.GrpcConfigKeys (ConfUtils.java:logGet(44)) - raft.grpc.client.port = -1 (default)
2021-11-30 13:17:17,260 [Listener at 0.0.0.0/13423] INFO  grpc.GrpcConfigKeys (ConfUtils.java:logGet(44)) - raft.grpc.server.port = 10016 (custom)
2021-11-30 13:17:17,260 [Listener at 0.0.0.0/13423] INFO  grpc.GrpcConfigKeys (ConfUtils.java:logGet(44)) - raft.grpc.server.port = 10016 (custom)
2021-11-30 13:17:17,262 [Listener at 0.0.0.0/13423] INFO  server.GrpcService (ConfUtils.java:logGet(44)) - raft.grpc.message.size.max = 33554432 (custom)
2021-11-30 13:17:17,262 [Listener at 0.0.0.0/13423] INFO  server.RaftServerConfigKeys (ConfUtils.java:logGet(44)) - raft.server.log.appender.buffer.byte-limit = 33554432 (custom)
2021-11-30 13:17:17,262 [Listener at 0.0.0.0/13423] INFO  server.GrpcService (ConfUtils.java:logGet(44)) - raft.grpc.flow.control.window = 1MB (=1048576) (default)
2021-11-30 13:17:17,265 [Listener at 0.0.0.0/13423] INFO  server.RaftServerConfigKeys (ConfUtils.java:logGet(44)) - raft.server.rpc.request.timeout = 3000ms (default)
2021-11-30 13:17:17,266 [Listener at 0.0.0.0/13423] INFO  impl.DataStreamServerImpl (ConfUtils.java:logGet(44)) - raft.datastream.type = DISABLED (default)
2021-11-30 13:17:17,267 [Listener at 0.0.0.0/13423] INFO  server.RaftServerConfigKeys (ConfUtils.java:logGet(44)) - raft.server.rpc.slowness.timeout = 2s (custom)
2021-11-30 13:17:17,267 [Listener at 0.0.0.0/13423] INFO  server.RaftServerConfigKeys (ConfUtils.java:logGet(44)) - raft.server.leaderelection.leader.step-down.wait-time = 10s (default)
2021-11-30 13:17:17,269 [Listener at 0.0.0.0/13423] INFO  server.RaftServerConfigKeys (ConfUtils.java:logGet(44)) - raft.server.storage.dir = [/home/runner/work/ozone/ozone/hadoop-ozone/integration-test/target/test-dir/MiniOzoneClusterImpl-00f7fd44-dd00-490d-8842-f37d1847179e/omNode-1/ratis] (custom)
2021-11-30 13:17:17,271 [Listener at 0.0.0.0/13423] INFO  server.RaftServer (RaftServerProxy.java:addNew(95)) - omNode-1: addNew group-523986131536:[omNode-1|rpc:localhost:10016|priority:0] returns group-523986131536:java.util.concurrent.CompletableFuture@95536c5[Not completed]
2021-11-30 13:17:17,272 [Listener at 0.0.0.0/13423] INFO  om.OzoneManager (OzoneManager.java:initializeRatisServer(1771)) - OzoneManager Ratis server initialized at port 10016
2021-11-30 13:17:17,273 [Listener at 0.0.0.0/13423] INFO  ipc.CallQueueManager (CallQueueManager.java:<init>(90)) - Using callQueue: class java.util.concurrent.LinkedBlockingQueue, queueCapacity: 2000, scheduler: class org.apache.hadoop.ipc.DefaultRpcScheduler, ipcBackoff: false.
2021-11-30 13:17:17,274 [pool-281-thread-1] INFO  server.RaftServer$Division (RaftServerImpl.java:<init>(184)) - omNode-1: new RaftServerImpl for group-523986131536:[omNode-1|rpc:localhost:10016|priority:0] with OzoneManagerStateMachine:uninitialized
2021-11-30 13:17:17,289 [pool-281-thread-1] INFO  server.RaftServerConfigKeys (ConfUtils.java:logGet(44)) - raft.server.rpc.timeout.min = 1s (custom)
2021-11-30 13:17:17,289 [pool-281-thread-1] INFO  server.RaftServerConfigKeys (ConfUtils.java:logGet(44)) - raft.server.rpc.timeout.max = 1200ms (custom)
2021-11-30 13:17:17,289 [pool-281-thread-1] INFO  server.RaftServerConfigKeys (ConfUtils.java:logGet(44)) - raft.server.rpc.sleep.time = 25ms (default)
2021-11-30 13:17:17,289 [pool-281-thread-1] INFO  server.RaftServerConfigKeys (ConfUtils.java:logGet(44)) - raft.server.rpc.slowness.timeout = 2s (custom)
2021-11-30 13:17:17,289 [pool-281-thread-1] INFO  server.RaftServerConfigKeys (ConfUtils.java:logGet(44)) - raft.server.leaderelection.leader.step-down.wait-time = 10s (default)
2021-11-30 13:17:17,289 [pool-281-thread-1] INFO  server.RaftServerConfigKeys (ConfUtils.java:logGet(44)) - raft.server.sleep.deviation.threshold = 300ms (default)
2021-11-30 13:17:17,289 [pool-281-thread-1] INFO  server.RaftServerConfigKeys (ConfUtils.java:logGet(44)) - raft.server.log.appender.install.snapshot.enabled = false (custom)
2021-11-30 13:17:17,289 [pool-281-thread-1] INFO  server.RaftServer$Division (ServerState.java:<init>(105)) - omNode-1@group-523986131536: ConfigurationManager, init=-1: [omNode-1|rpc:localhost:10016|priority:0], old=null, confs=<EMPTY_MAP>
2021-11-30 13:17:17,289 [pool-281-thread-1] INFO  server.RaftServerConfigKeys (ConfUtils.java:logGet(44)) - raft.server.storage.dir = [/home/runner/work/ozone/ozone/hadoop-ozone/integration-test/target/test-dir/MiniOzoneClusterImpl-00f7fd44-dd00-490d-8842-f37d1847179e/omNode-1/ratis] (custom)
2021-11-30 13:17:17,289 [pool-281-thread-1] INFO  server.RaftServerConfigKeys (ConfUtils.java:logGet(44)) - raft.server.log.corruption.policy = EXCEPTION (default)
2021-11-30 13:17:17,289 [pool-281-thread-1] INFO  server.RaftServerConfigKeys (ConfUtils.java:logGet(44)) - raft.server.storage.free-space.min = 0MB (=0) (default)
2021-11-30 13:17:17,289 [pool-281-thread-1] INFO  storage.RaftStorageDirectory (RaftStorageDirectoryImpl.java:analyzeStorage(135)) - The storage directory /home/runner/work/ozone/ozone/hadoop-ozone/integration-test/target/test-dir/MiniOzoneClusterImpl-00f7fd44-dd00-490d-8842-f37d1847179e/omNode-1/ratis/c9bc4cf4-3bc3-3c60-a66b-523986131536 does not exist. Creating ...
2021-11-30 13:17:17,296 [pool-281-thread-1] INFO  storage.RaftStorageDirectory (RaftStorageDirectoryImpl.java:tryLock(230)) - Lock on /home/runner/work/ozone/ozone/hadoop-ozone/integration-test/target/test-dir/MiniOzoneClusterImpl-00f7fd44-dd00-490d-8842-f37d1847179e/omNode-1/ratis/c9bc4cf4-3bc3-3c60-a66b-523986131536/in_use.lock acquired by nodename 32455@fv-az148-447
2021-11-30 13:17:17,297 [pool-281-thread-1] INFO  storage.RaftStorage (RaftStorageImpl.java:format(89)) - Storage directory /home/runner/work/ozone/ozone/hadoop-ozone/integration-test/target/test-dir/MiniOzoneClusterImpl-00f7fd44-dd00-490d-8842-f37d1847179e/omNode-1/ratis/c9bc4cf4-3bc3-3c60-a66b-523986131536 has been successfully formatted.
2021-11-30 13:17:17,297 [pool-281-thread-1] INFO  server.RaftServerConfigKeys (ConfUtils.java:logGet(44)) - raft.server.notification.no-leader.timeout = 2s (custom)
2021-11-30 13:17:17,297 [pool-281-thread-1] INFO  server.RaftServerConfigKeys (ConfUtils.java:logGet(44)) - raft.server.log.use.memory = false (default)
2021-11-30 13:17:17,297 [pool-281-thread-1] INFO  server.RaftServerConfigKeys (ConfUtils.java:logGet(44)) - raft.server.log.purge.gap = 1000000 (custom)
2021-11-30 13:17:17,297 [pool-281-thread-1] INFO  server.RaftServerConfigKeys (ConfUtils.java:logGet(44)) - raft.server.log.appender.buffer.byte-limit = 33554432 (custom)
2021-11-30 13:17:17,298 [pool-281-thread-1] INFO  server.RaftServerConfigKeys (ConfUtils.java:logGet(44)) - raft.server.log.segment.size.max = 4194304 (custom)
2021-11-30 13:17:17,298 [pool-281-thread-1] INFO  server.RaftServerConfigKeys (ConfUtils.java:logGet(44)) - raft.server.log.segment.cache.num.max = 2 (custom)
2021-11-30 13:17:17,298 [pool-281-thread-1] INFO  server.RaftServerConfigKeys (ConfUtils.java:logGet(44)) - raft.server.log.segment.cache.size.max = 200MB (=209715200) (default)
2021-11-30 13:17:17,298 [pool-281-thread-1] INFO  segmented.SegmentedRaftLogWorker (SegmentedRaftLogWorker.java:<init>(182)) - new omNode-1@group-523986131536-SegmentedRaftLogWorker for RaftStorageImpl:Storage Directory /home/runner/work/ozone/ozone/hadoop-ozone/integration-test/target/test-dir/MiniOzoneClusterImpl-00f7fd44-dd00-490d-8842-f37d1847179e/omNode-1/ratis/c9bc4cf4-3bc3-3c60-a66b-523986131536
2021-11-30 13:17:17,298 [pool-281-thread-1] INFO  server.RaftServerConfigKeys (ConfUtils.java:logGet(44)) - raft.server.log.queue.byte-limit = 64MB (=67108864) (default)
2021-11-30 13:17:17,298 [pool-281-thread-1] INFO  server.RaftServerConfigKeys (ConfUtils.java:logGet(44)) - raft.server.log.queue.element-limit = 4096 (default)
2021-11-30 13:17:17,298 [pool-281-thread-1] INFO  server.RaftServerConfigKeys (ConfUtils.java:logGet(44)) - raft.server.log.segment.size.max = 4194304 (custom)
2021-11-30 13:17:17,298 [pool-281-thread-1] INFO  server.RaftServerConfigKeys (ConfUtils.java:logGet(44)) - raft.server.log.preallocated.size = 4194304 (custom)
2021-11-30 13:17:17,298 [pool-281-thread-1] INFO  server.RaftServerConfigKeys (ConfUtils.java:logGet(44)) - raft.server.log.force.sync.num = 128 (default)
2021-11-30 13:17:17,298 [pool-281-thread-1] INFO  server.RaftServerConfigKeys (ConfUtils.java:logGet(44)) - raft.server.log.statemachine.data.sync = true (default)
2021-11-30 13:17:17,298 [pool-281-thread-1] INFO  server.RaftServerConfigKeys (ConfUtils.java:logGet(44)) - raft.server.log.statemachine.data.sync.timeout = 10s (default)
2021-11-30 13:17:17,298 [pool-281-thread-1] INFO  server.RaftServerConfigKeys (ConfUtils.java:logGet(44)) - raft.server.log.statemachine.data.sync.timeout.retry = -1 (default)
2021-11-30 13:17:17,299 [pool-281-thread-1] INFO  server.RaftServerConfigKeys (ConfUtils.java:logGet(44)) - raft.server.log.write.buffer.size = 64KB (=65536) (default)
2021-11-30 13:17:17,299 [pool-281-thread-1] INFO  server.RaftServerConfigKeys (ConfUtils.java:logGet(44)) - raft.server.log.statemachine.data.caching.enabled = false (default)
2021-11-30 13:17:17,299 [pool-281-thread-1] INFO  segmented.SegmentedRaftLogWorker (SegmentedRaftLogWorker.java:lambda$new$0(133)) - omNode-1@group-523986131536-SegmentedRaftLogWorker: flushIndex: setUnconditionally 0 -> -1
2021-11-30 13:17:17,300 [pool-281-thread-1] INFO  segmented.SegmentedRaftLogWorker (SegmentedRaftLogWorker.java:lambda$new$0(133)) - omNode-1@group-523986131536-SegmentedRaftLogWorker: safeCacheEvictIndex: setUnconditionally 0 -> -1
2021-11-30 13:17:17,311 [pool-281-thread-1] INFO  server.RaftServerConfigKeys (ConfUtils.java:logGet(44)) - raft.server.snapshot.auto.trigger.enabled = true (custom)
2021-11-30 13:17:17,311 [pool-281-thread-1] INFO  server.RaftServerConfigKeys (ConfUtils.java:logGet(44)) - raft.server.snapshot.auto.trigger.threshold = 400000 (default)
2021-11-30 13:17:17,311 [pool-281-thread-1] INFO  server.RaftServerConfigKeys (ConfUtils.java:logGet(44)) - raft.server.snapshot.retention.file.num = -1 (default)
2021-11-30 13:17:17,311 [pool-281-thread-1] INFO  server.RaftServerConfigKeys (ConfUtils.java:logGet(44)) - raft.server.log.purge.upto.snapshot.index = true (custom)
2021-11-30 13:17:17,311 [pool-281-thread-1] INFO  server.RaftServerConfigKeys (ConfUtils.java:logGet(44)) - raft.server.retrycache.expirytime = 300s (custom)
2021-11-30 13:17:17,311 [pool-281-thread-1] INFO  server.RaftServerConfigKeys (ConfUtils.java:logGet(44)) - raft.server.retrycache.statistics.expirytime = 100μs (default)
2021-11-30 13:17:17,315 [Socket Reader #1 for port 10012] INFO  ipc.Server (Server.java:run(1265)) - Starting Socket Reader #1 for port 10012
2021-11-30 13:17:17,347 [Listener at 127.0.0.1/10012] INFO  om.OzoneManager (OzoneManager.java:initFSOLayout(3786)) - Configured ozone.om.metadata.layout=SIMPLE and disabled optimized OM FS operations
2021-11-30 13:17:17,348 [Listener at 127.0.0.1/10012] INFO  impl.MetricsSystemImpl (MetricsSystemImpl.java:init(158)) - OzoneManager metrics system started (again)
2021-11-30 13:17:17,376 [Listener at 127.0.0.1/10012] INFO  om.OzoneManager (OzoneManager.java:start(1365)) - OzoneManager RPC server is listening at localhost/127.0.0.1:10012
2021-11-30 13:17:17,379 [Listener at 127.0.0.1/10012] INFO  ratis.OzoneManagerRatisServer (OzoneManagerRatisServer.java:start(516)) - Starting OzoneManagerRatisServer omNode-1 at port 10016
2021-11-30 13:17:17,380 [Listener at 127.0.0.1/10012] INFO  server.RaftServer$Division (RaftServerImpl.java:start(301)) - omNode-1@group-523986131536: start as a follower, conf=-1: [omNode-1|rpc:localhost:10016|priority:0], old=null
2021-11-30 13:17:17,380 [Listener at 127.0.0.1/10012] INFO  server.RaftServer$Division (RaftServerImpl.java:setRole(290)) - omNode-1@group-523986131536: changes role from      null to FOLLOWER at term 0 for startAsFollower
2021-11-30 13:17:17,388 [Listener at 127.0.0.1/10012] INFO  impl.RoleInfo (RoleInfo.java:updateAndGet(130)) - omNode-1: start omNode-1@group-523986131536-FollowerState
2021-11-30 13:17:17,398 [Listener at 127.0.0.1/10012] INFO  util.JmxRegister (JmxRegister.java:tryRegister(44)) - Successfully registered JMX Bean with object name Ratis:service=RaftServer,group=group-523986131536,id=omNode-1
2021-11-30 13:17:17,400 [Listener at 127.0.0.1/10012] INFO  server.RaftServer (RaftServerProxy.java:lambda$start$5(374)) - omNode-1: start RPC server
2021-11-30 13:17:17,401 [Listener at 127.0.0.1/10012] INFO  server.GrpcService (GrpcService.java:startImpl(253)) - omNode-1: GrpcService started, listening on 10016
2021-11-30 13:17:17,405 [Listener at 127.0.0.1/10012] INFO  om.OzoneManager (OzoneManager.java:start(1381)) - Version File has different layout version (0) than OM DB (null). That is expected if this OM has never been finalized to a newer layout version.
2021-11-30 13:17:17,406 [org.apache.ratis.util.JvmPauseMonitor$$Lambda$499/638525764@4692047b] INFO  util.JvmPauseMonitor (JvmPauseMonitor.java:run(103)) - JvmPauseMonitor-omNode-1: Started
2021-11-30 13:17:17,426 [Listener at 127.0.0.1/10012] INFO  http.BaseHttpServer (BaseHttpServer.java:newHttpServer2BuilderForOzone(209)) - Starting Web-server for ozoneManager at: http://0.0.0.0:10014
2021-11-30 13:17:17,426 [Listener at 127.0.0.1/10012] INFO  http.BaseHttpServer (BaseHttpServer.java:<init>(107)) - Hadoop Security Enabled: false Ozone Security Enabled: false Ozone HTTP Security Enabled: false 
2021-11-30 13:17:17,428 [Listener at 127.0.0.1/10012] INFO  server.AuthenticationFilter (AuthenticationFilter.java:constructSecretProvider(240)) - Unable to initialize FileSignerSecretProvider, falling back to use random secrets.
2021-11-30 13:17:17,430 [Listener at 127.0.0.1/10012] WARN  http.HttpRequestLog (HttpRequestLog.java:getRequestLog(103)) - Jetty request log can only be enabled using Log4j
2021-11-30 13:17:17,431 [Listener at 127.0.0.1/10012] INFO  http.HttpServer2 (HttpServer2.java:addGlobalFilter(1030)) - Added global filter 'safety' (class=org.apache.hadoop.hdds.server.http.HttpServer2$QuotingInputFilter)
2021-11-30 13:17:17,431 [Listener at 127.0.0.1/10012] INFO  http.HttpServer2 (HttpServer2.java:addFilter(1006)) - Added filter static_user_filter (class=org.apache.hadoop.http.lib.StaticUserWebFilter$StaticUserFilter) to context ozoneManager
2021-11-30 13:17:17,432 [Listener at 127.0.0.1/10012] INFO  http.HttpServer2 (HttpServer2.java:addFilter(1014)) - Added filter static_user_filter (class=org.apache.hadoop.http.lib.StaticUserWebFilter$StaticUserFilter) to context static
2021-11-30 13:17:17,432 [Listener at 127.0.0.1/10012] INFO  http.HttpServer2 (HttpServer2.java:addFilter(1014)) - Added filter static_user_filter (class=org.apache.hadoop.http.lib.StaticUserWebFilter$StaticUserFilter) to context logs
2021-11-30 13:17:17,432 [Listener at 127.0.0.1/10012] INFO  http.HttpServer2 (HttpServer2.java:bindListener(1249)) - Jetty bound to port 10014
2021-11-30 13:17:17,432 [Listener at 127.0.0.1/10012] INFO  server.Server (Server.java:doStart(375)) - jetty-9.4.43.v20210629; built: 2021-06-30T11:07:22.254Z; git: 526006ecfa3af7f1a27ef3a288e2bef7ea9dd7e8; jvm 1.8.0_292-b10
2021-11-30 13:17:17,434 [Listener at 127.0.0.1/10012] INFO  server.session (DefaultSessionIdManager.java:doStart(334)) - DefaultSessionIdManager workerName=node0
2021-11-30 13:17:17,434 [Listener at 127.0.0.1/10012] INFO  server.session (DefaultSessionIdManager.java:doStart(339)) - No SessionScavenger set, using defaults
2021-11-30 13:17:17,435 [Listener at 127.0.0.1/10012] INFO  server.session (HouseKeeper.java:startScavenging(132)) - node0 Scavenging every 660000ms
2021-11-30 13:17:17,436 [Listener at 127.0.0.1/10012] INFO  handler.ContextHandler (ContextHandler.java:doStart(915)) - Started o.e.j.s.ServletContextHandler@73226368{logs,/logs,file:///home/runner/work/ozone/ozone/hadoop-ozone/integration-test/target/log,AVAILABLE}
2021-11-30 13:17:17,436 [Listener at 127.0.0.1/10012] INFO  handler.ContextHandler (ContextHandler.java:doStart(915)) - Started o.e.j.s.ServletContextHandler@78aa11f2{static,/static,file:///home/runner/work/ozone/ozone/hadoop-ozone/integration-test/target/test-classes/webapps/static,AVAILABLE}
2021-11-30 13:17:17,439 [Listener at 127.0.0.1/10012] INFO  handler.ContextHandler (ContextHandler.java:doStart(915)) - Started o.e.j.w.WebAppContext@49f6e8a2{ozoneManager,/,file:///home/runner/work/ozone/ozone/hadoop-ozone/integration-test/target/test-classes/webapps/ozoneManager/,AVAILABLE}{file:/home/runner/work/ozone/ozone/hadoop-ozone/integration-test/target/test-classes/webapps/ozoneManager}
2021-11-30 13:17:17,445 [Listener at 127.0.0.1/10012] INFO  server.AbstractConnector (AbstractConnector.java:doStart(331)) - Started ServerConnector@35e55526{HTTP/1.1, (http/1.1)}{0.0.0.0:10014}
2021-11-30 13:17:17,445 [Listener at 127.0.0.1/10012] INFO  server.Server (Server.java:doStart(415)) - Started @85291ms
2021-11-30 13:17:17,445 [Listener at 127.0.0.1/10012] WARN  impl.MetricsSystemImpl (MetricsSystemImpl.java:register(279)) - Sink prometheus already exists!
2021-11-30 13:17:17,447 [Listener at 127.0.0.1/10012] INFO  http.BaseHttpServer (BaseHttpServer.java:updateConnectorAddress(329)) - HTTP server of ozoneManager listening at http://0.0.0.0:10014
2021-11-30 13:17:17,448 [EndpointStateMachine task thread for /127.0.0.1:13705 - 0 ] INFO  ipc.Client (Client.java:handleConnectionFailure(977)) - Retrying connect to server: localhost/127.0.0.1:13705. Already tried 4 time(s); retry policy is RetryUpToMaximumCountWithFixedSleep(maxRetries=15, sleepTime=1000 MILLISECONDS)
2021-11-30 13:17:17,448 [EndpointStateMachine task thread for /127.0.0.1:13685 - 0 ] INFO  ipc.Client (Client.java:handleConnectionFailure(977)) - Retrying connect to server: localhost/127.0.0.1:13685. Already tried 4 time(s); retry policy is RetryUpToMaximumCountWithFixedSleep(maxRetries=15, sleepTime=1000 MILLISECONDS)
2021-11-30 13:17:17,453 [IPC Server Responder] INFO  ipc.Server (Server.java:run(1507)) - IPC Server Responder: starting
2021-11-30 13:17:17,456 [IPC Server listener on 10012] INFO  ipc.Server (Server.java:run(1344)) - IPC Server listener on 10012: starting
2021-11-30 13:17:17,464 [Listener at 127.0.0.1/10012] INFO  om.OzoneManager (OzoneManager.java:startTrashEmptier(1729)) - Trash Interval set to 0. Files deleted will not move to trash
2021-11-30 13:17:17,465 [Listener at 127.0.0.1/10012] INFO  ozone.MiniOzoneHAClusterImpl (MiniOzoneHAClusterImpl.java:createOMService(503)) - Started OzoneManager omNode-1 RPC server at localhost/127.0.0.1:10012
2021-11-30 13:17:17,469 [EndpointStateMachine task thread for /127.0.0.1:13695 - 0 ] INFO  ipc.Client (Client.java:handleConnectionFailure(977)) - Retrying connect to server: localhost/127.0.0.1:13695. Already tried 4 time(s); retry policy is RetryUpToMaximumCountWithFixedSleep(maxRetries=15, sleepTime=1000 MILLISECONDS)
2021-11-30 13:17:17,483 [org.apache.hadoop.util.JvmPauseMonitor$Monitor@78751d07] INFO  util.JvmPauseMonitor (JvmPauseMonitor.java:run(188)) - Starting JVM pause monitor
2021-11-30 13:17:17,481 [Listener at 127.0.0.1/10012] WARN  impl.MetricRegistriesImpl (MetricRegistriesImpl.java:addReporterRegistration(111)) - New reporters are added after registries were created. Some metrics will be missing from the reporter. Please add reporter before adding any new registry.
2021-11-30 13:17:17,488 [Listener at 127.0.0.1/10012] WARN  impl.MetricRegistriesImpl (MetricRegistriesImpl.java:addReporterRegistration(111)) - New reporters are added after registries were created. Some metrics will be missing from the reporter. Please add reporter before adding any new registry.
2021-11-30 13:17:17,488 [Listener at 127.0.0.1/10012] INFO  impl.MetricsSystemImpl (MetricsSystemImpl.java:init(158)) - HddsDatanode metrics system started (again)
2021-11-30 13:17:17,512 [Listener at 127.0.0.1/10012] INFO  ozone.HddsDatanodeService (HddsDatanodeService.java:start(234)) - HddsDatanodeService host:fv-az148-447.bm4ck3pvxvsene1rjriu5fhcdb.bx.internal.cloudapp.net ip:10.1.0.48
2021-11-30 13:17:17,543 [Listener at 127.0.0.1/10012] INFO  upgrade.AbstractLayoutVersionManager (AbstractLayoutVersionManager.java:init(79)) - Initializing Layout version manager with metadata layout = SCM_HA (version = 2), software layout = SCM_HA (version = 2)
2021-11-30 13:17:17,579 [Listener at 127.0.0.1/10012] INFO  reflections.Reflections (Reflections.java:scan(232)) - Reflections took 32 ms to scan 7 urls, producing 119 keys and 279 values 
2021-11-30 13:17:17,582 [Listener at 127.0.0.1/10012] INFO  ha.SCMNodeInfo (SCMNodeInfo.java:getPort(197)) - ConfigKey ozone.scm.client.address is deprecated, For configuring different ports for each SCM use PortConfigKey ozone.scm.client.port appended with serviceId and nodeId
2021-11-30 13:17:17,582 [Listener at 127.0.0.1/10012] INFO  ha.SCMNodeInfo (SCMNodeInfo.java:getPort(197)) - ConfigKey ozone.scm.block.client.address is deprecated, For configuring different ports for each SCM use PortConfigKey ozone.scm.block.client.port appended with serviceId and nodeId
2021-11-30 13:17:17,583 [Listener at 127.0.0.1/10012] INFO  ha.SCMNodeInfo (SCMNodeInfo.java:getPort(197)) - ConfigKey ozone.scm.datanode.address is deprecated, For configuring different ports for each SCM use PortConfigKey ozone.scm.datanode.port appended with serviceId and nodeId
2021-11-30 13:17:17,583 [Listener at 127.0.0.1/10012] INFO  ha.SCMNodeInfo (SCMNodeInfo.java:getPort(197)) - ConfigKey ozone.scm.client.address is deprecated, For configuring different ports for each SCM use PortConfigKey ozone.scm.client.port appended with serviceId and nodeId
2021-11-30 13:17:17,584 [Listener at 127.0.0.1/10012] INFO  ha.SCMNodeInfo (SCMNodeInfo.java:getPort(197)) - ConfigKey ozone.scm.block.client.address is deprecated, For configuring different ports for each SCM use PortConfigKey ozone.scm.block.client.port appended with serviceId and nodeId
2021-11-30 13:17:17,584 [Listener at 127.0.0.1/10012] INFO  ha.SCMNodeInfo (SCMNodeInfo.java:getPort(197)) - ConfigKey ozone.scm.datanode.address is deprecated, For configuring different ports for each SCM use PortConfigKey ozone.scm.datanode.port appended with serviceId and nodeId
2021-11-30 13:17:17,584 [Listener at 127.0.0.1/10012] INFO  ha.SCMNodeInfo (SCMNodeInfo.java:getPort(197)) - ConfigKey ozone.scm.client.address is deprecated, For configuring different ports for each SCM use PortConfigKey ozone.scm.client.port appended with serviceId and nodeId
2021-11-30 13:17:17,584 [Listener at 127.0.0.1/10012] INFO  ha.SCMNodeInfo (SCMNodeInfo.java:getPort(197)) - ConfigKey ozone.scm.block.client.address is deprecated, For configuring different ports for each SCM use PortConfigKey ozone.scm.block.client.port appended with serviceId and nodeId
2021-11-30 13:17:17,584 [Listener at 127.0.0.1/10012] INFO  ha.SCMNodeInfo (SCMNodeInfo.java:getPort(197)) - ConfigKey ozone.scm.datanode.address is deprecated, For configuring different ports for each SCM use PortConfigKey ozone.scm.datanode.port appended with serviceId and nodeId
2021-11-30 13:17:17,584 [Listener at 127.0.0.1/10012] INFO  statemachine.DatanodeStateMachine (DatanodeStateMachine.java:getEndPointTaskThreadPoolSize(219)) - Datanode State Machine Task Thread Pool size 4
2021-11-30 13:17:17,586 [Listener at 127.0.0.1/10012] INFO  volume.HddsVolume (HddsVolume.java:<init>(120)) - Creating HddsVolume: /home/runner/work/ozone/ozone/hadoop-ozone/integration-test/target/test-dir/MiniOzoneClusterImpl-00f7fd44-dd00-490d-8842-f37d1847179e/datanode-0/data-0/containers/hdds of storage type : DISK capacity : 9223372036854775807
2021-11-30 13:17:17,586 [Listener at 127.0.0.1/10012] INFO  volume.MutableVolumeSet (MutableVolumeSet.java:initializeVolumeSet(168)) - Added Volume : /home/runner/work/ozone/ozone/hadoop-ozone/integration-test/target/test-dir/MiniOzoneClusterImpl-00f7fd44-dd00-490d-8842-f37d1847179e/datanode-0/data-0/containers/hdds to VolumeSet
2021-11-30 13:17:17,586 [Listener at 127.0.0.1/10012] INFO  volume.ThrottledAsyncChecker (ThrottledAsyncChecker.java:schedule(141)) - Scheduling a check for /home/runner/work/ozone/ozone/hadoop-ozone/integration-test/target/test-dir/MiniOzoneClusterImpl-00f7fd44-dd00-490d-8842-f37d1847179e/datanode-0/data-0/containers/hdds
2021-11-30 13:17:17,587 [Listener at 127.0.0.1/10012] INFO  volume.StorageVolumeChecker (StorageVolumeChecker.java:checkAllVolumes(202)) - Scheduled health check for volume /home/runner/work/ozone/ozone/hadoop-ozone/integration-test/target/test-dir/MiniOzoneClusterImpl-00f7fd44-dd00-490d-8842-f37d1847179e/datanode-0/data-0/containers/hdds
2021-11-30 13:17:17,613 [Listener at 127.0.0.1/10012] INFO  volume.MutableVolumeSet (MutableVolumeSet.java:initializeVolumeSet(168)) - Added Volume : /home/runner/work/ozone/ozone/hadoop-ozone/integration-test/target/test-dir/MiniOzoneClusterImpl-00f7fd44-dd00-490d-8842-f37d1847179e/datanode-0/data/ratis to VolumeSet
2021-11-30 13:17:17,615 [Listener at 127.0.0.1/10012] INFO  volume.ThrottledAsyncChecker (ThrottledAsyncChecker.java:schedule(141)) - Scheduling a check for /home/runner/work/ozone/ozone/hadoop-ozone/integration-test/target/test-dir/MiniOzoneClusterImpl-00f7fd44-dd00-490d-8842-f37d1847179e/datanode-0/data/ratis
2021-11-30 13:17:17,616 [Listener at 127.0.0.1/10012] INFO  volume.StorageVolumeChecker (StorageVolumeChecker.java:checkAllVolumes(202)) - Scheduled health check for volume /home/runner/work/ozone/ozone/hadoop-ozone/integration-test/target/test-dir/MiniOzoneClusterImpl-00f7fd44-dd00-490d-8842-f37d1847179e/datanode-0/data/ratis
2021-11-30 13:17:17,640 [Thread-1438] INFO  ozoneimpl.ContainerReader (ContainerReader.java:readVolume(172)) - Finish verifying containers on volume /home/runner/work/ozone/ozone/hadoop-ozone/integration-test/target/test-dir/MiniOzoneClusterImpl-00f7fd44-dd00-490d-8842-f37d1847179e/datanode-0/data-0/containers/hdds
2021-11-30 13:17:17,640 [Listener at 127.0.0.1/10012] INFO  ozoneimpl.OzoneContainer (OzoneContainer.java:buildContainerSet(236)) - Build ContainerSet costs 0s
2021-11-30 13:17:17,643 [Listener at 127.0.0.1/10012] INFO  server.RaftServer (ConfUtils.java:logGet(44)) - raft.rpc.type = GRPC (default)
2021-11-30 13:17:17,643 [Listener at 127.0.0.1/10012] INFO  grpc.GrpcFactory (GrpcFactory.java:checkPooledByteBufAllocatorUseCacheForAllThreads(48)) - PERFORMANCE WARNING: useCacheForAllThreads is true that may cause Netty to create a lot garbage objects and, as a result, trigger GC.
	It is recommended to disable useCacheForAllThreads by setting -Dorg.apache.ratis.thirdparty.io.netty.allocator.useCacheForAllThreads=false in command line.
2021-11-30 13:17:17,643 [Listener at 127.0.0.1/10012] INFO  grpc.GrpcConfigKeys (ConfUtils.java:logGet(44)) - raft.grpc.admin.port = 0 (custom)
2021-11-30 13:17:17,643 [Listener at 127.0.0.1/10012] INFO  grpc.GrpcConfigKeys (ConfUtils.java:logGet(44)) - raft.grpc.client.port = 0 (custom)
2021-11-30 13:17:17,643 [Listener at 127.0.0.1/10012] INFO  grpc.GrpcConfigKeys (ConfUtils.java:logGet(44)) - raft.grpc.server.port = 0 (default)
2021-11-30 13:17:17,645 [Listener at 127.0.0.1/10012] INFO  server.GrpcService (ConfUtils.java:logGet(44)) - raft.grpc.message.size.max = 32MB (=33554432) (custom)
2021-11-30 13:17:17,645 [Listener at 127.0.0.1/10012] INFO  server.RaftServerConfigKeys (ConfUtils.java:logGet(44)) - raft.server.log.appender.buffer.byte-limit = 33554432 (custom)
2021-11-30 13:17:17,646 [Listener at 127.0.0.1/10012] INFO  server.GrpcService (ConfUtils.java:logGet(44)) - raft.grpc.flow.control.window = 5MB (=5242880) (custom)
2021-11-30 13:17:17,646 [Listener at 127.0.0.1/10012] INFO  server.RaftServerConfigKeys (ConfUtils.java:logGet(44)) - raft.server.rpc.request.timeout = 60s (custom)
2021-11-30 13:17:17,647 [Listener at 127.0.0.1/10012] INFO  impl.DataStreamServerImpl (ConfUtils.java:logGet(44)) - raft.datastream.type = DISABLED (default)
2021-11-30 13:17:17,647 [Listener at 127.0.0.1/10012] INFO  server.RaftServerConfigKeys (ConfUtils.java:logGet(44)) - raft.server.rpc.slowness.timeout = 300s (custom)
2021-11-30 13:17:17,647 [Listener at 127.0.0.1/10012] INFO  server.RaftServerConfigKeys (ConfUtils.java:logGet(44)) - raft.server.leaderelection.leader.step-down.wait-time = 10s (default)
2021-11-30 13:17:17,648 [Listener at 127.0.0.1/10012] INFO  server.RaftServerConfigKeys (ConfUtils.java:logGet(44)) - raft.server.storage.dir = [/home/runner/work/ozone/ozone/hadoop-ozone/integration-test/target/test-dir/MiniOzoneClusterImpl-00f7fd44-dd00-490d-8842-f37d1847179e/datanode-0/data/ratis] (custom)
2021-11-30 13:17:17,651 [Listener at 127.0.0.1/10012] INFO  http.BaseHttpServer (BaseHttpServer.java:newHttpServer2BuilderForOzone(209)) - Starting Web-server for hddsDatanode at: http://0.0.0.0:0
2021-11-30 13:17:17,651 [Listener at 127.0.0.1/10012] INFO  http.BaseHttpServer (BaseHttpServer.java:<init>(107)) - Hadoop Security Enabled: false Ozone Security Enabled: false Ozone HTTP Security Enabled: false 
2021-11-30 13:17:17,666 [Listener at 127.0.0.1/10012] INFO  server.AuthenticationFilter (AuthenticationFilter.java:constructSecretProvider(240)) - Unable to initialize FileSignerSecretProvider, falling back to use random secrets.
2021-11-30 13:17:17,669 [Listener at 127.0.0.1/10012] WARN  http.HttpRequestLog (HttpRequestLog.java:getRequestLog(103)) - Jetty request log can only be enabled using Log4j
2021-11-30 13:17:17,672 [Listener at 127.0.0.1/10012] INFO  http.HttpServer2 (HttpServer2.java:addGlobalFilter(1030)) - Added global filter 'safety' (class=org.apache.hadoop.hdds.server.http.HttpServer2$QuotingInputFilter)
2021-11-30 13:17:17,673 [Listener at 127.0.0.1/10012] INFO  http.HttpServer2 (HttpServer2.java:addFilter(1006)) - Added filter static_user_filter (class=org.apache.hadoop.http.lib.StaticUserWebFilter$StaticUserFilter) to context hddsDatanode
2021-11-30 13:17:17,673 [Listener at 127.0.0.1/10012] INFO  http.HttpServer2 (HttpServer2.java:addFilter(1014)) - Added filter static_user_filter (class=org.apache.hadoop.http.lib.StaticUserWebFilter$StaticUserFilter) to context static
2021-11-30 13:17:17,673 [Listener at 127.0.0.1/10012] INFO  http.HttpServer2 (HttpServer2.java:addFilter(1014)) - Added filter static_user_filter (class=org.apache.hadoop.http.lib.StaticUserWebFilter$StaticUserFilter) to context logs
2021-11-30 13:17:17,674 [Listener at 127.0.0.1/10012] INFO  http.HttpServer2 (HttpServer2.java:bindListener(1249)) - Jetty bound to port 44563
2021-11-30 13:17:17,674 [Listener at 127.0.0.1/10012] INFO  server.Server (Server.java:doStart(375)) - jetty-9.4.43.v20210629; built: 2021-06-30T11:07:22.254Z; git: 526006ecfa3af7f1a27ef3a288e2bef7ea9dd7e8; jvm 1.8.0_292-b10
2021-11-30 13:17:17,697 [Listener at 127.0.0.1/10012] INFO  server.session (DefaultSessionIdManager.java:doStart(334)) - DefaultSessionIdManager workerName=node0
2021-11-30 13:17:17,697 [Listener at 127.0.0.1/10012] INFO  server.session (DefaultSessionIdManager.java:doStart(339)) - No SessionScavenger set, using defaults
2021-11-30 13:17:17,698 [Listener at 127.0.0.1/10012] INFO  server.session (HouseKeeper.java:startScavenging(132)) - node0 Scavenging every 600000ms
2021-11-30 13:17:17,698 [Listener at 127.0.0.1/10012] INFO  handler.ContextHandler (ContextHandler.java:doStart(915)) - Started o.e.j.s.ServletContextHandler@4eb1cf0f{logs,/logs,file:///home/runner/work/ozone/ozone/hadoop-ozone/integration-test/target/log,AVAILABLE}
2021-11-30 13:17:17,699 [Listener at 127.0.0.1/10012] INFO  handler.ContextHandler (ContextHandler.java:doStart(915)) - Started o.e.j.s.ServletContextHandler@20afcc5c{static,/static,jar:file:/home/runner/.m2/repository/org/apache/ozone/hdds-container-service/1.3.0-SNAPSHOT/hdds-container-service-1.3.0-SNAPSHOT.jar!/webapps/static,AVAILABLE}
2021-11-30 13:17:17,740 [Listener at 127.0.0.1/10012] INFO  handler.ContextHandler (ContextHandler.java:doStart(915)) - Started o.e.j.w.WebAppContext@7f1dfdbc{hddsDatanode,/,file:///tmp/jetty-0_0_0_0-44563-hdds-container-service-1_3_0-SNAPSHOT_jar-_-any-445755001379094450/webapp/,AVAILABLE}{jar:file:/home/runner/.m2/repository/org/apache/ozone/hdds-container-service/1.3.0-SNAPSHOT/hdds-container-service-1.3.0-SNAPSHOT.jar!/webapps/hddsDatanode}
2021-11-30 13:17:17,748 [Listener at 127.0.0.1/10012] INFO  server.AbstractConnector (AbstractConnector.java:doStart(331)) - Started ServerConnector@770c9c14{HTTP/1.1, (http/1.1)}{0.0.0.0:44563}
2021-11-30 13:17:17,748 [Listener at 127.0.0.1/10012] INFO  server.Server (Server.java:doStart(415)) - Started @85595ms
2021-11-30 13:17:17,748 [Listener at 127.0.0.1/10012] WARN  impl.MetricsSystemImpl (MetricsSystemImpl.java:register(279)) - Sink prometheus already exists!
2021-11-30 13:17:17,749 [Listener at 127.0.0.1/10012] INFO  http.BaseHttpServer (BaseHttpServer.java:updateConnectorAddress(329)) - HTTP server of hddsDatanode listening at http://0.0.0.0:44563
2021-11-30 13:17:17,756 [Datanode State Machine Daemon Thread] INFO  statemachine.DatanodeStateMachine (DatanodeStateMachine.java:lambda$startDaemon$0(467)) - Ozone container server started.
2021-11-30 13:17:17,756 [Listener at 127.0.0.1/10012] WARN  impl.MetricRegistriesImpl (MetricRegistriesImpl.java:addReporterRegistration(111)) - New reporters are added after registries were created. Some metrics will be missing from the reporter. Please add reporter before adding any new registry.
2021-11-30 13:17:17,756 [Listener at 127.0.0.1/10012] WARN  impl.MetricRegistriesImpl (MetricRegistriesImpl.java:addReporterRegistration(111)) - New reporters are added after registries were created. Some metrics will be missing from the reporter. Please add reporter before adding any new registry.
2021-11-30 13:17:17,756 [Listener at 127.0.0.1/10012] INFO  impl.MetricsSystemImpl (MetricsSystemImpl.java:init(158)) - HddsDatanode metrics system started (again)
2021-11-30 13:17:17,778 [Listener at 127.0.0.1/10012] INFO  ozone.HddsDatanodeService (HddsDatanodeService.java:start(234)) - HddsDatanodeService host:fv-az148-447.bm4ck3pvxvsene1rjriu5fhcdb.bx.internal.cloudapp.net ip:10.1.0.48
2021-11-30 13:17:17,803 [Listener at 127.0.0.1/10012] INFO  upgrade.AbstractLayoutVersionManager (AbstractLayoutVersionManager.java:init(79)) - Initializing Layout version manager with metadata layout = SCM_HA (version = 2), software layout = SCM_HA (version = 2)
2021-11-30 13:17:17,812 [org.apache.hadoop.util.JvmPauseMonitor$Monitor@2e0f00] INFO  util.JvmPauseMonitor (JvmPauseMonitor.java:run(188)) - Starting JVM pause monitor
2021-11-30 13:17:17,816 [Datanode State Machine Task Thread - 0] INFO  ha.SCMNodeInfo (SCMNodeInfo.java:getPort(197)) - ConfigKey ozone.scm.client.address is deprecated, For configuring different ports for each SCM use PortConfigKey ozone.scm.client.port appended with serviceId and nodeId
2021-11-30 13:17:17,816 [Datanode State Machine Task Thread - 0] INFO  ha.SCMNodeInfo (SCMNodeInfo.java:getPort(197)) - ConfigKey ozone.scm.block.client.address is deprecated, For configuring different ports for each SCM use PortConfigKey ozone.scm.block.client.port appended with serviceId and nodeId
2021-11-30 13:17:17,816 [Datanode State Machine Task Thread - 0] INFO  ha.SCMNodeInfo (SCMNodeInfo.java:getPort(197)) - ConfigKey ozone.scm.datanode.address is deprecated, For configuring different ports for each SCM use PortConfigKey ozone.scm.datanode.port appended with serviceId and nodeId
2021-11-30 13:17:17,816 [Datanode State Machine Task Thread - 0] INFO  ha.SCMNodeInfo (SCMNodeInfo.java:getPort(197)) - ConfigKey ozone.scm.client.address is deprecated, For configuring different ports for each SCM use PortConfigKey ozone.scm.client.port appended with serviceId and nodeId
2021-11-30 13:17:17,816 [Datanode State Machine Task Thread - 0] INFO  ha.SCMNodeInfo (SCMNodeInfo.java:getPort(197)) - ConfigKey ozone.scm.block.client.address is deprecated, For configuring different ports for each SCM use PortConfigKey ozone.scm.block.client.port appended with serviceId and nodeId
2021-11-30 13:17:17,816 [Datanode State Machine Task Thread - 0] INFO  ha.SCMNodeInfo (SCMNodeInfo.java:getPort(197)) - ConfigKey ozone.scm.datanode.address is deprecated, For configuring different ports for each SCM use PortConfigKey ozone.scm.datanode.port appended with serviceId and nodeId
2021-11-30 13:17:17,816 [Datanode State Machine Task Thread - 0] INFO  ha.SCMNodeInfo (SCMNodeInfo.java:getPort(197)) - ConfigKey ozone.scm.client.address is deprecated, For configuring different ports for each SCM use PortConfigKey ozone.scm.client.port appended with serviceId and nodeId
2021-11-30 13:17:17,816 [Datanode State Machine Task Thread - 0] INFO  ha.SCMNodeInfo (SCMNodeInfo.java:getPort(197)) - ConfigKey ozone.scm.block.client.address is deprecated, For configuring different ports for each SCM use PortConfigKey ozone.scm.block.client.port appended with serviceId and nodeId
2021-11-30 13:17:17,816 [Datanode State Machine Task Thread - 0] INFO  ha.SCMNodeInfo (SCMNodeInfo.java:getPort(197)) - ConfigKey ozone.scm.datanode.address is deprecated, For configuring different ports for each SCM use PortConfigKey ozone.scm.datanode.port appended with serviceId and nodeId
2021-11-30 13:17:17,821 [Datanode State Machine Task Thread - 0] INFO  datanode.InitDatanodeState (InitDatanodeState.java:persistContainerDatanodeDetails(145)) - DatanodeDetails is persisted to /home/runner/work/ozone/ozone/hadoop-ozone/integration-test/target/test-dir/MiniOzoneClusterImpl-00f7fd44-dd00-490d-8842-f37d1847179e/datanode-0/meta/datanode.id
2021-11-30 13:17:17,865 [Listener at 127.0.0.1/10012] INFO  reflections.Reflections (Reflections.java:scan(232)) - Reflections took 60 ms to scan 7 urls, producing 119 keys and 279 values 
2021-11-30 13:17:17,869 [Listener at 127.0.0.1/10012] INFO  ha.SCMNodeInfo (SCMNodeInfo.java:getPort(197)) - ConfigKey ozone.scm.client.address is deprecated, For configuring different ports for each SCM use PortConfigKey ozone.scm.client.port appended with serviceId and nodeId
2021-11-30 13:17:17,869 [Listener at 127.0.0.1/10012] INFO  ha.SCMNodeInfo (SCMNodeInfo.java:getPort(197)) - ConfigKey ozone.scm.block.client.address is deprecated, For configuring different ports for each SCM use PortConfigKey ozone.scm.block.client.port appended with serviceId and nodeId
2021-11-30 13:17:17,869 [Listener at 127.0.0.1/10012] INFO  ha.SCMNodeInfo (SCMNodeInfo.java:getPort(197)) - ConfigKey ozone.scm.datanode.address is deprecated, For configuring different ports for each SCM use PortConfigKey ozone.scm.datanode.port appended with serviceId and nodeId
2021-11-30 13:17:17,869 [Listener at 127.0.0.1/10012] INFO  ha.SCMNodeInfo (SCMNodeInfo.java:getPort(197)) - ConfigKey ozone.scm.client.address is deprecated, For configuring different ports for each SCM use PortConfigKey ozone.scm.client.port appended with serviceId and nodeId
2021-11-30 13:17:17,869 [Listener at 127.0.0.1/10012] INFO  ha.SCMNodeInfo (SCMNodeInfo.java:getPort(197)) - ConfigKey ozone.scm.block.client.address is deprecated, For configuring different ports for each SCM use PortConfigKey ozone.scm.block.client.port appended with serviceId and nodeId
2021-11-30 13:17:17,870 [Listener at 127.0.0.1/10012] INFO  ha.SCMNodeInfo (SCMNodeInfo.java:getPort(197)) - ConfigKey ozone.scm.datanode.address is deprecated, For configuring different ports for each SCM use PortConfigKey ozone.scm.datanode.port appended with serviceId and nodeId
2021-11-30 13:17:17,870 [Listener at 127.0.0.1/10012] INFO  ha.SCMNodeInfo (SCMNodeInfo.java:getPort(197)) - ConfigKey ozone.scm.client.address is deprecated, For configuring different ports for each SCM use PortConfigKey ozone.scm.client.port appended with serviceId and nodeId
2021-11-30 13:17:17,870 [Listener at 127.0.0.1/10012] INFO  ha.SCMNodeInfo (SCMNodeInfo.java:getPort(197)) - ConfigKey ozone.scm.block.client.address is deprecated, For configuring different ports for each SCM use PortConfigKey ozone.scm.block.client.port appended with serviceId and nodeId
2021-11-30 13:17:17,870 [Listener at 127.0.0.1/10012] INFO  ha.SCMNodeInfo (SCMNodeInfo.java:getPort(197)) - ConfigKey ozone.scm.datanode.address is deprecated, For configuring different ports for each SCM use PortConfigKey ozone.scm.datanode.port appended with serviceId and nodeId
2021-11-30 13:17:17,870 [Listener at 127.0.0.1/10012] INFO  statemachine.DatanodeStateMachine (DatanodeStateMachine.java:getEndPointTaskThreadPoolSize(219)) - Datanode State Machine Task Thread Pool size 4
2021-11-30 13:17:17,876 [Listener at 127.0.0.1/10012] INFO  volume.HddsVolume (HddsVolume.java:<init>(120)) - Creating HddsVolume: /home/runner/work/ozone/ozone/hadoop-ozone/integration-test/target/test-dir/MiniOzoneClusterImpl-00f7fd44-dd00-490d-8842-f37d1847179e/datanode-1/data-0/containers/hdds of storage type : DISK capacity : 9223372036854775807
2021-11-30 13:17:17,876 [Listener at 127.0.0.1/10012] INFO  volume.MutableVolumeSet (MutableVolumeSet.java:initializeVolumeSet(168)) - Added Volume : /home/runner/work/ozone/ozone/hadoop-ozone/integration-test/target/test-dir/MiniOzoneClusterImpl-00f7fd44-dd00-490d-8842-f37d1847179e/datanode-1/data-0/containers/hdds to VolumeSet
2021-11-30 13:17:17,876 [Listener at 127.0.0.1/10012] INFO  volume.ThrottledAsyncChecker (ThrottledAsyncChecker.java:schedule(141)) - Scheduling a check for /home/runner/work/ozone/ozone/hadoop-ozone/integration-test/target/test-dir/MiniOzoneClusterImpl-00f7fd44-dd00-490d-8842-f37d1847179e/datanode-1/data-0/containers/hdds
2021-11-30 13:17:17,877 [Listener at 127.0.0.1/10012] INFO  volume.StorageVolumeChecker (StorageVolumeChecker.java:checkAllVolumes(202)) - Scheduled health check for volume /home/runner/work/ozone/ozone/hadoop-ozone/integration-test/target/test-dir/MiniOzoneClusterImpl-00f7fd44-dd00-490d-8842-f37d1847179e/datanode-1/data-0/containers/hdds
2021-11-30 13:17:17,915 [Listener at 127.0.0.1/10012] INFO  volume.MutableVolumeSet (MutableVolumeSet.java:initializeVolumeSet(168)) - Added Volume : /home/runner/work/ozone/ozone/hadoop-ozone/integration-test/target/test-dir/MiniOzoneClusterImpl-00f7fd44-dd00-490d-8842-f37d1847179e/datanode-1/data/ratis to VolumeSet
2021-11-30 13:17:17,915 [Listener at 127.0.0.1/10012] INFO  volume.ThrottledAsyncChecker (ThrottledAsyncChecker.java:schedule(141)) - Scheduling a check for /home/runner/work/ozone/ozone/hadoop-ozone/integration-test/target/test-dir/MiniOzoneClusterImpl-00f7fd44-dd00-490d-8842-f37d1847179e/datanode-1/data/ratis
2021-11-30 13:17:17,918 [Listener at 127.0.0.1/10012] INFO  volume.StorageVolumeChecker (StorageVolumeChecker.java:checkAllVolumes(202)) - Scheduled health check for volume /home/runner/work/ozone/ozone/hadoop-ozone/integration-test/target/test-dir/MiniOzoneClusterImpl-00f7fd44-dd00-490d-8842-f37d1847179e/datanode-1/data/ratis
2021-11-30 13:17:17,963 [Thread-1450] INFO  ozoneimpl.ContainerReader (ContainerReader.java:readVolume(172)) - Finish verifying containers on volume /home/runner/work/ozone/ozone/hadoop-ozone/integration-test/target/test-dir/MiniOzoneClusterImpl-00f7fd44-dd00-490d-8842-f37d1847179e/datanode-1/data-0/containers/hdds
2021-11-30 13:17:17,963 [Listener at 127.0.0.1/10012] INFO  ozoneimpl.OzoneContainer (OzoneContainer.java:buildContainerSet(236)) - Build ContainerSet costs 0s
2021-11-30 13:17:17,966 [Listener at 127.0.0.1/10012] INFO  server.RaftServer (ConfUtils.java:logGet(44)) - raft.rpc.type = GRPC (default)
2021-11-30 13:17:17,966 [Listener at 127.0.0.1/10012] INFO  grpc.GrpcFactory (GrpcFactory.java:checkPooledByteBufAllocatorUseCacheForAllThreads(48)) - PERFORMANCE WARNING: useCacheForAllThreads is true that may cause Netty to create a lot garbage objects and, as a result, trigger GC.
	It is recommended to disable useCacheForAllThreads by setting -Dorg.apache.ratis.thirdparty.io.netty.allocator.useCacheForAllThreads=false in command line.
2021-11-30 13:17:17,967 [Listener at 127.0.0.1/10012] INFO  grpc.GrpcConfigKeys (ConfUtils.java:logGet(44)) - raft.grpc.admin.port = 0 (custom)
2021-11-30 13:17:17,967 [Listener at 127.0.0.1/10012] INFO  grpc.GrpcConfigKeys (ConfUtils.java:logGet(44)) - raft.grpc.client.port = 0 (custom)
2021-11-30 13:17:17,967 [Listener at 127.0.0.1/10012] INFO  grpc.GrpcConfigKeys (ConfUtils.java:logGet(44)) - raft.grpc.server.port = 0 (default)
2021-11-30 13:17:17,967 [Listener at 127.0.0.1/10012] INFO  server.GrpcService (ConfUtils.java:logGet(44)) - raft.grpc.message.size.max = 32MB (=33554432) (custom)
2021-11-30 13:17:17,967 [Listener at 127.0.0.1/10012] INFO  server.RaftServerConfigKeys (ConfUtils.java:logGet(44)) - raft.server.log.appender.buffer.byte-limit = 33554432 (custom)
2021-11-30 13:17:17,967 [Listener at 127.0.0.1/10012] INFO  server.GrpcService (ConfUtils.java:logGet(44)) - raft.grpc.flow.control.window = 5MB (=5242880) (custom)
2021-11-30 13:17:17,967 [Listener at 127.0.0.1/10012] INFO  server.RaftServerConfigKeys (ConfUtils.java:logGet(44)) - raft.server.rpc.request.timeout = 60s (custom)
2021-11-30 13:17:17,973 [Listener at 127.0.0.1/10012] INFO  impl.DataStreamServerImpl (ConfUtils.java:logGet(44)) - raft.datastream.type = DISABLED (default)
2021-11-30 13:17:17,973 [Listener at 127.0.0.1/10012] INFO  server.RaftServerConfigKeys (ConfUtils.java:logGet(44)) - raft.server.rpc.slowness.timeout = 300s (custom)
2021-11-30 13:17:17,974 [Listener at 127.0.0.1/10012] INFO  server.RaftServerConfigKeys (ConfUtils.java:logGet(44)) - raft.server.leaderelection.leader.step-down.wait-time = 10s (default)
2021-11-30 13:17:17,974 [Listener at 127.0.0.1/10012] INFO  server.RaftServerConfigKeys (ConfUtils.java:logGet(44)) - raft.server.storage.dir = [/home/runner/work/ozone/ozone/hadoop-ozone/integration-test/target/test-dir/MiniOzoneClusterImpl-00f7fd44-dd00-490d-8842-f37d1847179e/datanode-1/data/ratis] (custom)
2021-11-30 13:17:17,985 [Listener at 127.0.0.1/10012] INFO  http.BaseHttpServer (BaseHttpServer.java:newHttpServer2BuilderForOzone(209)) - Starting Web-server for hddsDatanode at: http://0.0.0.0:0
2021-11-30 13:17:17,985 [Listener at 127.0.0.1/10012] INFO  http.BaseHttpServer (BaseHttpServer.java:<init>(107)) - Hadoop Security Enabled: false Ozone Security Enabled: false Ozone HTTP Security Enabled: false 
2021-11-30 13:17:17,986 [Listener at 127.0.0.1/10012] INFO  server.AuthenticationFilter (AuthenticationFilter.java:constructSecretProvider(240)) - Unable to initialize FileSignerSecretProvider, falling back to use random secrets.
2021-11-30 13:17:17,992 [Listener at 127.0.0.1/10012] WARN  http.HttpRequestLog (HttpRequestLog.java:getRequestLog(103)) - Jetty request log can only be enabled using Log4j
2021-11-30 13:17:17,993 [Listener at 127.0.0.1/10012] INFO  http.HttpServer2 (HttpServer2.java:addGlobalFilter(1030)) - Added global filter 'safety' (class=org.apache.hadoop.hdds.server.http.HttpServer2$QuotingInputFilter)
2021-11-30 13:17:17,993 [Listener at 127.0.0.1/10012] INFO  http.HttpServer2 (HttpServer2.java:addFilter(1006)) - Added filter static_user_filter (class=org.apache.hadoop.http.lib.StaticUserWebFilter$StaticUserFilter) to context hddsDatanode
2021-11-30 13:17:17,993 [Listener at 127.0.0.1/10012] INFO  http.HttpServer2 (HttpServer2.java:addFilter(1014)) - Added filter static_user_filter (class=org.apache.hadoop.http.lib.StaticUserWebFilter$StaticUserFilter) to context static
2021-11-30 13:17:17,994 [Listener at 127.0.0.1/10012] INFO  http.HttpServer2 (HttpServer2.java:addFilter(1014)) - Added filter static_user_filter (class=org.apache.hadoop.http.lib.StaticUserWebFilter$StaticUserFilter) to context logs
2021-11-30 13:17:17,994 [Listener at 127.0.0.1/10012] INFO  http.HttpServer2 (HttpServer2.java:bindListener(1249)) - Jetty bound to port 37651
2021-11-30 13:17:17,994 [Listener at 127.0.0.1/10012] INFO  server.Server (Server.java:doStart(375)) - jetty-9.4.43.v20210629; built: 2021-06-30T11:07:22.254Z; git: 526006ecfa3af7f1a27ef3a288e2bef7ea9dd7e8; jvm 1.8.0_292-b10
2021-11-30 13:17:18,002 [Listener at 127.0.0.1/10012] INFO  server.session (DefaultSessionIdManager.java:doStart(334)) - DefaultSessionIdManager workerName=node0
2021-11-30 13:17:18,003 [Listener at 127.0.0.1/10012] INFO  server.session (DefaultSessionIdManager.java:doStart(339)) - No SessionScavenger set, using defaults
2021-11-30 13:17:18,003 [Listener at 127.0.0.1/10012] INFO  server.session (HouseKeeper.java:startScavenging(132)) - node0 Scavenging every 600000ms
2021-11-30 13:17:18,004 [Listener at 127.0.0.1/10012] INFO  handler.ContextHandler (ContextHandler.java:doStart(915)) - Started o.e.j.s.ServletContextHandler@6377ec2a{logs,/logs,file:///home/runner/work/ozone/ozone/hadoop-ozone/integration-test/target/log,AVAILABLE}
2021-11-30 13:17:18,004 [Listener at 127.0.0.1/10012] INFO  handler.ContextHandler (ContextHandler.java:doStart(915)) - Started o.e.j.s.ServletContextHandler@4969b90d{static,/static,jar:file:/home/runner/.m2/repository/org/apache/ozone/hdds-container-service/1.3.0-SNAPSHOT/hdds-container-service-1.3.0-SNAPSHOT.jar!/webapps/static,AVAILABLE}
2021-11-30 13:17:18,039 [Listener at 127.0.0.1/10012] INFO  handler.ContextHandler (ContextHandler.java:doStart(915)) - Started o.e.j.w.WebAppContext@88d9da0{hddsDatanode,/,file:///tmp/jetty-0_0_0_0-37651-hdds-container-service-1_3_0-SNAPSHOT_jar-_-any-5954008908679598053/webapp/,AVAILABLE}{jar:file:/home/runner/.m2/repository/org/apache/ozone/hdds-container-service/1.3.0-SNAPSHOT/hdds-container-service-1.3.0-SNAPSHOT.jar!/webapps/hddsDatanode}
2021-11-30 13:17:18,042 [Listener at 127.0.0.1/10012] INFO  server.AbstractConnector (AbstractConnector.java:doStart(331)) - Started ServerConnector@640f1966{HTTP/1.1, (http/1.1)}{0.0.0.0:37651}
2021-11-30 13:17:18,042 [Listener at 127.0.0.1/10012] INFO  server.Server (Server.java:doStart(415)) - Started @85888ms
2021-11-30 13:17:18,042 [Listener at 127.0.0.1/10012] WARN  impl.MetricsSystemImpl (MetricsSystemImpl.java:register(279)) - Sink prometheus already exists!
2021-11-30 13:17:18,043 [Listener at 127.0.0.1/10012] INFO  http.BaseHttpServer (BaseHttpServer.java:updateConnectorAddress(329)) - HTTP server of hddsDatanode listening at http://0.0.0.0:37651
2021-11-30 13:17:18,043 [Listener at 127.0.0.1/10012] WARN  impl.MetricRegistriesImpl (MetricRegistriesImpl.java:addReporterRegistration(111)) - New reporters are added after registries were created. Some metrics will be missing from the reporter. Please add reporter before adding any new registry.
2021-11-30 13:17:18,043 [Listener at 127.0.0.1/10012] WARN  impl.MetricRegistriesImpl (MetricRegistriesImpl.java:addReporterRegistration(111)) - New reporters are added after registries were created. Some metrics will be missing from the reporter. Please add reporter before adding any new registry.
2021-11-30 13:17:18,044 [Listener at 127.0.0.1/10012] INFO  impl.MetricsSystemImpl (MetricsSystemImpl.java:init(158)) - HddsDatanode metrics system started (again)
2021-11-30 13:17:18,049 [Datanode State Machine Daemon Thread] INFO  statemachine.DatanodeStateMachine (DatanodeStateMachine.java:lambda$startDaemon$0(467)) - Ozone container server started.
2021-11-30 13:17:18,080 [org.apache.hadoop.util.JvmPauseMonitor$Monitor@7aeeba07] INFO  util.JvmPauseMonitor (JvmPauseMonitor.java:run(188)) - Starting JVM pause monitor
2021-11-30 13:17:18,081 [Listener at 127.0.0.1/10012] INFO  ozone.HddsDatanodeService (HddsDatanodeService.java:start(234)) - HddsDatanodeService host:fv-az148-447.bm4ck3pvxvsene1rjriu5fhcdb.bx.internal.cloudapp.net ip:10.1.0.48
2021-11-30 13:17:18,083 [Datanode State Machine Task Thread - 0] INFO  ha.SCMNodeInfo (SCMNodeInfo.java:getPort(197)) - ConfigKey ozone.scm.client.address is deprecated, For configuring different ports for each SCM use PortConfigKey ozone.scm.client.port appended with serviceId and nodeId
2021-11-30 13:17:18,083 [Datanode State Machine Task Thread - 0] INFO  ha.SCMNodeInfo (SCMNodeInfo.java:getPort(197)) - ConfigKey ozone.scm.block.client.address is deprecated, For configuring different ports for each SCM use PortConfigKey ozone.scm.block.client.port appended with serviceId and nodeId
2021-11-30 13:17:18,083 [Datanode State Machine Task Thread - 0] INFO  ha.SCMNodeInfo (SCMNodeInfo.java:getPort(197)) - ConfigKey ozone.scm.datanode.address is deprecated, For configuring different ports for each SCM use PortConfigKey ozone.scm.datanode.port appended with serviceId and nodeId
2021-11-30 13:17:18,083 [Datanode State Machine Task Thread - 0] INFO  ha.SCMNodeInfo (SCMNodeInfo.java:getPort(197)) - ConfigKey ozone.scm.client.address is deprecated, For configuring different ports for each SCM use PortConfigKey ozone.scm.client.port appended with serviceId and nodeId
2021-11-30 13:17:18,084 [Datanode State Machine Task Thread - 0] INFO  ha.SCMNodeInfo (SCMNodeInfo.java:getPort(197)) - ConfigKey ozone.scm.block.client.address is deprecated, For configuring different ports for each SCM use PortConfigKey ozone.scm.block.client.port appended with serviceId and nodeId
2021-11-30 13:17:18,084 [Datanode State Machine Task Thread - 0] INFO  ha.SCMNodeInfo (SCMNodeInfo.java:getPort(197)) - ConfigKey ozone.scm.datanode.address is deprecated, For configuring different ports for each SCM use PortConfigKey ozone.scm.datanode.port appended with serviceId and nodeId
2021-11-30 13:17:18,084 [Datanode State Machine Task Thread - 0] INFO  ha.SCMNodeInfo (SCMNodeInfo.java:getPort(197)) - ConfigKey ozone.scm.client.address is deprecated, For configuring different ports for each SCM use PortConfigKey ozone.scm.client.port appended with serviceId and nodeId
2021-11-30 13:17:18,084 [Datanode State Machine Task Thread - 0] INFO  ha.SCMNodeInfo (SCMNodeInfo.java:getPort(197)) - ConfigKey ozone.scm.block.client.address is deprecated, For configuring different ports for each SCM use PortConfigKey ozone.scm.block.client.port appended with serviceId and nodeId
2021-11-30 13:17:18,085 [Datanode State Machine Task Thread - 0] INFO  ha.SCMNodeInfo (SCMNodeInfo.java:getPort(197)) - ConfigKey ozone.scm.datanode.address is deprecated, For configuring different ports for each SCM use PortConfigKey ozone.scm.datanode.port appended with serviceId and nodeId
2021-11-30 13:17:18,086 [Datanode State Machine Task Thread - 0] INFO  datanode.InitDatanodeState (InitDatanodeState.java:persistContainerDatanodeDetails(145)) - DatanodeDetails is persisted to /home/runner/work/ozone/ozone/hadoop-ozone/integration-test/target/test-dir/MiniOzoneClusterImpl-00f7fd44-dd00-490d-8842-f37d1847179e/datanode-1/meta/datanode.id
2021-11-30 13:17:18,106 [Listener at 127.0.0.1/10012] INFO  upgrade.AbstractLayoutVersionManager (AbstractLayoutVersionManager.java:init(79)) - Initializing Layout version manager with metadata layout = SCM_HA (version = 2), software layout = SCM_HA (version = 2)
2021-11-30 13:17:18,166 [Listener at 127.0.0.1/10012] INFO  reflections.Reflections (Reflections.java:scan(232)) - Reflections took 59 ms to scan 7 urls, producing 119 keys and 279 values 
2021-11-30 13:17:18,167 [Listener at 127.0.0.1/10012] INFO  ha.SCMNodeInfo (SCMNodeInfo.java:getPort(197)) - ConfigKey ozone.scm.client.address is deprecated, For configuring different ports for each SCM use PortConfigKey ozone.scm.client.port appended with serviceId and nodeId
2021-11-30 13:17:18,167 [Listener at 127.0.0.1/10012] INFO  ha.SCMNodeInfo (SCMNodeInfo.java:getPort(197)) - ConfigKey ozone.scm.block.client.address is deprecated, For configuring different ports for each SCM use PortConfigKey ozone.scm.block.client.port appended with serviceId and nodeId
2021-11-30 13:17:18,167 [Listener at 127.0.0.1/10012] INFO  ha.SCMNodeInfo (SCMNodeInfo.java:getPort(197)) - ConfigKey ozone.scm.datanode.address is deprecated, For configuring different ports for each SCM use PortConfigKey ozone.scm.datanode.port appended with serviceId and nodeId
2021-11-30 13:17:18,167 [Listener at 127.0.0.1/10012] INFO  ha.SCMNodeInfo (SCMNodeInfo.java:getPort(197)) - ConfigKey ozone.scm.client.address is deprecated, For configuring different ports for each SCM use PortConfigKey ozone.scm.client.port appended with serviceId and nodeId
2021-11-30 13:17:18,167 [Listener at 127.0.0.1/10012] INFO  ha.SCMNodeInfo (SCMNodeInfo.java:getPort(197)) - ConfigKey ozone.scm.block.client.address is deprecated, For configuring different ports for each SCM use PortConfigKey ozone.scm.block.client.port appended with serviceId and nodeId
2021-11-30 13:17:18,167 [Listener at 127.0.0.1/10012] INFO  ha.SCMNodeInfo (SCMNodeInfo.java:getPort(197)) - ConfigKey ozone.scm.datanode.address is deprecated, For configuring different ports for each SCM use PortConfigKey ozone.scm.datanode.port appended with serviceId and nodeId
2021-11-30 13:17:18,178 [Listener at 127.0.0.1/10012] INFO  ha.SCMNodeInfo (SCMNodeInfo.java:getPort(197)) - ConfigKey ozone.scm.client.address is deprecated, For configuring different ports for each SCM use PortConfigKey ozone.scm.client.port appended with serviceId and nodeId
2021-11-30 13:17:18,180 [Listener at 127.0.0.1/10012] INFO  ha.SCMNodeInfo (SCMNodeInfo.java:getPort(197)) - ConfigKey ozone.scm.block.client.address is deprecated, For configuring different ports for each SCM use PortConfigKey ozone.scm.block.client.port appended with serviceId and nodeId
2021-11-30 13:17:18,180 [Listener at 127.0.0.1/10012] INFO  ha.SCMNodeInfo (SCMNodeInfo.java:getPort(197)) - ConfigKey ozone.scm.datanode.address is deprecated, For configuring different ports for each SCM use PortConfigKey ozone.scm.datanode.port appended with serviceId and nodeId
2021-11-30 13:17:18,181 [Listener at 127.0.0.1/10012] INFO  statemachine.DatanodeStateMachine (DatanodeStateMachine.java:getEndPointTaskThreadPoolSize(219)) - Datanode State Machine Task Thread Pool size 4
2021-11-30 13:17:18,188 [Listener at 127.0.0.1/10012] INFO  volume.HddsVolume (HddsVolume.java:<init>(120)) - Creating HddsVolume: /home/runner/work/ozone/ozone/hadoop-ozone/integration-test/target/test-dir/MiniOzoneClusterImpl-00f7fd44-dd00-490d-8842-f37d1847179e/datanode-2/data-0/containers/hdds of storage type : DISK capacity : 9223372036854775807
2021-11-30 13:17:18,189 [Listener at 127.0.0.1/10012] INFO  volume.MutableVolumeSet (MutableVolumeSet.java:initializeVolumeSet(168)) - Added Volume : /home/runner/work/ozone/ozone/hadoop-ozone/integration-test/target/test-dir/MiniOzoneClusterImpl-00f7fd44-dd00-490d-8842-f37d1847179e/datanode-2/data-0/containers/hdds to VolumeSet
2021-11-30 13:17:18,189 [Listener at 127.0.0.1/10012] INFO  volume.ThrottledAsyncChecker (ThrottledAsyncChecker.java:schedule(141)) - Scheduling a check for /home/runner/work/ozone/ozone/hadoop-ozone/integration-test/target/test-dir/MiniOzoneClusterImpl-00f7fd44-dd00-490d-8842-f37d1847179e/datanode-2/data-0/containers/hdds
2021-11-30 13:17:18,200 [Listener at 127.0.0.1/10012] INFO  volume.StorageVolumeChecker (StorageVolumeChecker.java:checkAllVolumes(202)) - Scheduled health check for volume /home/runner/work/ozone/ozone/hadoop-ozone/integration-test/target/test-dir/MiniOzoneClusterImpl-00f7fd44-dd00-490d-8842-f37d1847179e/datanode-2/data-0/containers/hdds
2021-11-30 13:17:18,230 [Listener at 127.0.0.1/10012] INFO  volume.MutableVolumeSet (MutableVolumeSet.java:initializeVolumeSet(168)) - Added Volume : /home/runner/work/ozone/ozone/hadoop-ozone/integration-test/target/test-dir/MiniOzoneClusterImpl-00f7fd44-dd00-490d-8842-f37d1847179e/datanode-2/data/ratis to VolumeSet
2021-11-30 13:17:18,230 [Listener at 127.0.0.1/10012] INFO  volume.ThrottledAsyncChecker (ThrottledAsyncChecker.java:schedule(141)) - Scheduling a check for /home/runner/work/ozone/ozone/hadoop-ozone/integration-test/target/test-dir/MiniOzoneClusterImpl-00f7fd44-dd00-490d-8842-f37d1847179e/datanode-2/data/ratis
2021-11-30 13:17:18,231 [Listener at 127.0.0.1/10012] INFO  volume.StorageVolumeChecker (StorageVolumeChecker.java:checkAllVolumes(202)) - Scheduled health check for volume /home/runner/work/ozone/ozone/hadoop-ozone/integration-test/target/test-dir/MiniOzoneClusterImpl-00f7fd44-dd00-490d-8842-f37d1847179e/datanode-2/data/ratis
2021-11-30 13:17:18,261 [Thread-1462] INFO  ozoneimpl.ContainerReader (ContainerReader.java:readVolume(172)) - Finish verifying containers on volume /home/runner/work/ozone/ozone/hadoop-ozone/integration-test/target/test-dir/MiniOzoneClusterImpl-00f7fd44-dd00-490d-8842-f37d1847179e/datanode-2/data-0/containers/hdds
2021-11-30 13:17:18,261 [Listener at 127.0.0.1/10012] INFO  ozoneimpl.OzoneContainer (OzoneContainer.java:buildContainerSet(236)) - Build ContainerSet costs 0s
2021-11-30 13:17:18,264 [Listener at 127.0.0.1/10012] INFO  server.RaftServer (ConfUtils.java:logGet(44)) - raft.rpc.type = GRPC (default)
2021-11-30 13:17:18,265 [Listener at 127.0.0.1/10012] INFO  grpc.GrpcFactory (GrpcFactory.java:checkPooledByteBufAllocatorUseCacheForAllThreads(48)) - PERFORMANCE WARNING: useCacheForAllThreads is true that may cause Netty to create a lot garbage objects and, as a result, trigger GC.
	It is recommended to disable useCacheForAllThreads by setting -Dorg.apache.ratis.thirdparty.io.netty.allocator.useCacheForAllThreads=false in command line.
2021-11-30 13:17:18,265 [Listener at 127.0.0.1/10012] INFO  grpc.GrpcConfigKeys (ConfUtils.java:logGet(44)) - raft.grpc.admin.port = 0 (custom)
2021-11-30 13:17:18,266 [Listener at 127.0.0.1/10012] INFO  grpc.GrpcConfigKeys (ConfUtils.java:logGet(44)) - raft.grpc.client.port = 0 (custom)
2021-11-30 13:17:18,266 [Listener at 127.0.0.1/10012] INFO  grpc.GrpcConfigKeys (ConfUtils.java:logGet(44)) - raft.grpc.server.port = 0 (default)
2021-11-30 13:17:18,266 [Listener at 127.0.0.1/10012] INFO  server.GrpcService (ConfUtils.java:logGet(44)) - raft.grpc.message.size.max = 32MB (=33554432) (custom)
2021-11-30 13:17:18,267 [Listener at 127.0.0.1/10012] INFO  server.RaftServerConfigKeys (ConfUtils.java:logGet(44)) - raft.server.log.appender.buffer.byte-limit = 33554432 (custom)
2021-11-30 13:17:18,267 [Listener at 127.0.0.1/10012] INFO  server.GrpcService (ConfUtils.java:logGet(44)) - raft.grpc.flow.control.window = 5MB (=5242880) (custom)
2021-11-30 13:17:18,267 [Listener at 127.0.0.1/10012] INFO  server.RaftServerConfigKeys (ConfUtils.java:logGet(44)) - raft.server.rpc.request.timeout = 60s (custom)
2021-11-30 13:17:18,269 [Listener at 127.0.0.1/10012] INFO  impl.DataStreamServerImpl (ConfUtils.java:logGet(44)) - raft.datastream.type = DISABLED (default)
2021-11-30 13:17:18,271 [Listener at 127.0.0.1/10012] INFO  server.RaftServerConfigKeys (ConfUtils.java:logGet(44)) - raft.server.rpc.slowness.timeout = 300s (custom)
2021-11-30 13:17:18,278 [Listener at 127.0.0.1/10012] INFO  server.RaftServerConfigKeys (ConfUtils.java:logGet(44)) - raft.server.leaderelection.leader.step-down.wait-time = 10s (default)
2021-11-30 13:17:18,279 [Listener at 127.0.0.1/10012] INFO  server.RaftServerConfigKeys (ConfUtils.java:logGet(44)) - raft.server.storage.dir = [/home/runner/work/ozone/ozone/hadoop-ozone/integration-test/target/test-dir/MiniOzoneClusterImpl-00f7fd44-dd00-490d-8842-f37d1847179e/datanode-2/data/ratis] (custom)
2021-11-30 13:17:18,294 [Listener at 127.0.0.1/10012] INFO  http.BaseHttpServer (BaseHttpServer.java:newHttpServer2BuilderForOzone(209)) - Starting Web-server for hddsDatanode at: http://0.0.0.0:0
2021-11-30 13:17:18,294 [Listener at 127.0.0.1/10012] INFO  http.BaseHttpServer (BaseHttpServer.java:<init>(107)) - Hadoop Security Enabled: false Ozone Security Enabled: false Ozone HTTP Security Enabled: false 
2021-11-30 13:17:18,295 [Listener at 127.0.0.1/10012] INFO  server.AuthenticationFilter (AuthenticationFilter.java:constructSecretProvider(240)) - Unable to initialize FileSignerSecretProvider, falling back to use random secrets.
2021-11-30 13:17:18,303 [Listener at 127.0.0.1/10012] WARN  http.HttpRequestLog (HttpRequestLog.java:getRequestLog(103)) - Jetty request log can only be enabled using Log4j
2021-11-30 13:17:18,304 [Listener at 127.0.0.1/10012] INFO  http.HttpServer2 (HttpServer2.java:addGlobalFilter(1030)) - Added global filter 'safety' (class=org.apache.hadoop.hdds.server.http.HttpServer2$QuotingInputFilter)
2021-11-30 13:17:18,305 [Listener at 127.0.0.1/10012] INFO  http.HttpServer2 (HttpServer2.java:addFilter(1006)) - Added filter static_user_filter (class=org.apache.hadoop.http.lib.StaticUserWebFilter$StaticUserFilter) to context hddsDatanode
2021-11-30 13:17:18,305 [Listener at 127.0.0.1/10012] INFO  http.HttpServer2 (HttpServer2.java:addFilter(1014)) - Added filter static_user_filter (class=org.apache.hadoop.http.lib.StaticUserWebFilter$StaticUserFilter) to context logs
2021-11-30 13:17:18,305 [Listener at 127.0.0.1/10012] INFO  http.HttpServer2 (HttpServer2.java:addFilter(1014)) - Added filter static_user_filter (class=org.apache.hadoop.http.lib.StaticUserWebFilter$StaticUserFilter) to context static
2021-11-30 13:17:18,305 [Listener at 127.0.0.1/10012] INFO  http.HttpServer2 (HttpServer2.java:bindListener(1249)) - Jetty bound to port 39345
2021-11-30 13:17:18,305 [Listener at 127.0.0.1/10012] INFO  server.Server (Server.java:doStart(375)) - jetty-9.4.43.v20210629; built: 2021-06-30T11:07:22.254Z; git: 526006ecfa3af7f1a27ef3a288e2bef7ea9dd7e8; jvm 1.8.0_292-b10
2021-11-30 13:17:18,384 [Listener at 127.0.0.1/10012] INFO  server.session (DefaultSessionIdManager.java:doStart(334)) - DefaultSessionIdManager workerName=node0
2021-11-30 13:17:18,384 [Listener at 127.0.0.1/10012] INFO  server.session (DefaultSessionIdManager.java:doStart(339)) - No SessionScavenger set, using defaults
2021-11-30 13:17:18,384 [Listener at 127.0.0.1/10012] INFO  server.session (HouseKeeper.java:startScavenging(132)) - node0 Scavenging every 660000ms
2021-11-30 13:17:18,390 [Listener at 127.0.0.1/10012] INFO  handler.ContextHandler (ContextHandler.java:doStart(915)) - Started o.e.j.s.ServletContextHandler@3d02feb6{logs,/logs,file:///home/runner/work/ozone/ozone/hadoop-ozone/integration-test/target/log,AVAILABLE}
2021-11-30 13:17:18,390 [Listener at 127.0.0.1/10012] INFO  handler.ContextHandler (ContextHandler.java:doStart(915)) - Started o.e.j.s.ServletContextHandler@38b24746{static,/static,jar:file:/home/runner/.m2/repository/org/apache/ozone/hdds-container-service/1.3.0-SNAPSHOT/hdds-container-service-1.3.0-SNAPSHOT.jar!/webapps/static,AVAILABLE}
2021-11-30 13:17:18,401 [omNode-1@group-523986131536-FollowerState] INFO  impl.FollowerState (FollowerState.java:run(134)) - omNode-1@group-523986131536-FollowerState: change to CANDIDATE, lastRpcElapsedTime:1013058337ns, electionTimeout:1003ms
2021-11-30 13:17:18,401 [omNode-1@group-523986131536-FollowerState] INFO  impl.RoleInfo (RoleInfo.java:shutdownFollowerState(108)) - omNode-1: shutdown omNode-1@group-523986131536-FollowerState
2021-11-30 13:17:18,401 [omNode-1@group-523986131536-FollowerState] INFO  server.RaftServer$Division (RaftServerImpl.java:setRole(290)) - omNode-1@group-523986131536: changes role from  FOLLOWER to CANDIDATE at term 0 for changeToCandidate
2021-11-30 13:17:18,401 [omNode-1@group-523986131536-FollowerState] INFO  server.RaftServerConfigKeys (ConfUtils.java:logGet(44)) - raft.server.leaderelection.pre-vote = false (custom)
2021-11-30 13:17:18,401 [omNode-1@group-523986131536-FollowerState] INFO  impl.RoleInfo (RoleInfo.java:updateAndGet(130)) - omNode-1: start omNode-1@group-523986131536-LeaderElection14
2021-11-30 13:17:18,423 [omNode-1@group-523986131536-LeaderElection14] INFO  impl.LeaderElection (LeaderElection.java:askForVotes(306)) - omNode-1@group-523986131536-LeaderElection14 ELECTION round 0: submit vote requests at term 1 for -1: [omNode-1|rpc:localhost:10016|priority:0], old=null
2021-11-30 13:17:18,423 [omNode-1@group-523986131536-LeaderElection14] INFO  impl.LeaderElection (LeaderElection.java:askForVotes(308)) - omNode-1@group-523986131536-LeaderElection14 ELECTION round 0: result PASSED (term=1)
2021-11-30 13:17:18,424 [omNode-1@group-523986131536-LeaderElection14] INFO  impl.RoleInfo (RoleInfo.java:shutdownLeaderElection(121)) - omNode-1: shutdown omNode-1@group-523986131536-LeaderElection14
2021-11-30 13:17:18,424 [omNode-1@group-523986131536-LeaderElection14] INFO  server.RaftServer$Division (RaftServerImpl.java:setRole(290)) - omNode-1@group-523986131536: changes role from CANDIDATE to LEADER at term 1 for changeToLeader
2021-11-30 13:17:18,424 [omNode-1@group-523986131536-LeaderElection14] INFO  server.RaftServer$Division (ServerState.java:setLeader(285)) - omNode-1@group-523986131536: change Leader from null to omNode-1 at term 1 for becomeLeader, leader elected after 1126ms
2021-11-30 13:17:18,424 [omNode-1@group-523986131536-LeaderElection14] INFO  server.RaftServerConfigKeys (ConfUtils.java:logGet(44)) - raft.server.staging.catchup.gap = 1000 (default)
2021-11-30 13:17:18,424 [omNode-1@group-523986131536-LeaderElection14] INFO  server.RaftServerConfigKeys (ConfUtils.java:logGet(44)) - raft.server.write.element-limit = 4096 (default)
2021-11-30 13:17:18,424 [omNode-1@group-523986131536-LeaderElection14] INFO  server.RaftServerConfigKeys (ConfUtils.java:logGet(44)) - raft.server.write.byte-limit = 64MB (=67108864) (default)
2021-11-30 13:17:18,424 [omNode-1@group-523986131536-LeaderElection14] INFO  server.RaftServerConfigKeys (ConfUtils.java:logGet(44)) - raft.server.watch.timeout = 10s (default)
2021-11-30 13:17:18,424 [omNode-1@group-523986131536-LeaderElection14] INFO  server.RaftServerConfigKeys (ConfUtils.java:logGet(44)) - raft.server.watch.timeout.denomination = 1s (default)
2021-11-30 13:17:18,424 [omNode-1@group-523986131536-LeaderElection14] INFO  server.RaftServerConfigKeys (ConfUtils.java:logGet(44)) - raft.server.watch.element-limit = 65536 (default)
2021-11-30 13:17:18,424 [omNode-1@group-523986131536-LeaderElection14] INFO  server.RaftServerConfigKeys (ConfUtils.java:logGet(44)) - raft.server.write.element-limit = 4096 (default)
2021-11-30 13:17:18,424 [omNode-1@group-523986131536-LeaderElection14] INFO  server.RaftServerConfigKeys (ConfUtils.java:logGet(44)) - raft.server.write.follower.gap.ratio.max = -1.0 (default)
2021-11-30 13:17:18,425 [omNode-1@group-523986131536-LeaderElection14] INFO  impl.RoleInfo (RoleInfo.java:updateAndGet(130)) - omNode-1: start omNode-1@group-523986131536-LeaderStateImpl
2021-11-30 13:17:18,425 [omNode-1@group-523986131536-LeaderElection14] INFO  segmented.SegmentedRaftLogWorker (SegmentedRaftLogWorker.java:startLogSegment(394)) - omNode-1@group-523986131536-SegmentedRaftLogWorker: Starting segment from index:0
2021-11-30 13:17:18,440 [omNode-1@group-523986131536-SegmentedRaftLogWorker] INFO  segmented.SegmentedRaftLogWorker (SegmentedRaftLogWorker.java:execute(601)) - omNode-1@group-523986131536-SegmentedRaftLogWorker: created new log segment /home/runner/work/ozone/ozone/hadoop-ozone/integration-test/target/test-dir/MiniOzoneClusterImpl-00f7fd44-dd00-490d-8842-f37d1847179e/omNode-1/ratis/c9bc4cf4-3bc3-3c60-a66b-523986131536/current/log_inprogress_0
2021-11-30 13:17:18,448 [EndpointStateMachine task thread for /127.0.0.1:13705 - 0 ] INFO  ipc.Client (Client.java:handleConnectionFailure(977)) - Retrying connect to server: localhost/127.0.0.1:13705. Already tried 5 time(s); retry policy is RetryUpToMaximumCountWithFixedSleep(maxRetries=15, sleepTime=1000 MILLISECONDS)
2021-11-30 13:17:18,449 [EndpointStateMachine task thread for /127.0.0.1:13685 - 0 ] INFO  ipc.Client (Client.java:handleConnectionFailure(977)) - Retrying connect to server: localhost/127.0.0.1:13685. Already tried 5 time(s); retry policy is RetryUpToMaximumCountWithFixedSleep(maxRetries=15, sleepTime=1000 MILLISECONDS)
2021-11-30 13:17:18,450 [omNode-1@group-523986131536-LeaderElection14] INFO  server.RaftServer$Division (ServerState.java:setRaftConf(387)) - omNode-1@group-523986131536: set configuration 0: [omNode-1|rpc:localhost:10016|admin:|client:|dataStream:|priority:0], old=null
2021-11-30 13:17:18,452 [omNode-1@group-523986131536-StateMachineUpdater] INFO  ratis.OzoneManagerStateMachine (OzoneManagerStateMachine.java:notifyConfigurationChanged(188)) - Received Configuration change notification from Ratis. New Peer list:
[id: "omNode-1"
address: "localhost:10016"
]
2021-11-30 13:17:18,481 [Listener at 127.0.0.1/10012] INFO  handler.ContextHandler (ContextHandler.java:doStart(915)) - Started o.e.j.w.WebAppContext@3466cba1{hddsDatanode,/,file:///tmp/jetty-0_0_0_0-39345-hdds-container-service-1_3_0-SNAPSHOT_jar-_-any-35143153621696322/webapp/,AVAILABLE}{jar:file:/home/runner/.m2/repository/org/apache/ozone/hdds-container-service/1.3.0-SNAPSHOT/hdds-container-service-1.3.0-SNAPSHOT.jar!/webapps/hddsDatanode}
2021-11-30 13:17:18,483 [Listener at 127.0.0.1/10012] INFO  server.AbstractConnector (AbstractConnector.java:doStart(331)) - Started ServerConnector@34146b8c{HTTP/1.1, (http/1.1)}{0.0.0.0:39345}
2021-11-30 13:17:18,484 [Listener at 127.0.0.1/10012] INFO  server.Server (Server.java:doStart(415)) - Started @86330ms
2021-11-30 13:17:18,484 [Listener at 127.0.0.1/10012] WARN  impl.MetricsSystemImpl (MetricsSystemImpl.java:register(279)) - Sink prometheus already exists!
2021-11-30 13:17:18,484 [EndpointStateMachine task thread for /127.0.0.1:13695 - 0 ] INFO  ipc.Client (Client.java:handleConnectionFailure(977)) - Retrying connect to server: localhost/127.0.0.1:13695. Already tried 5 time(s); retry policy is RetryUpToMaximumCountWithFixedSleep(maxRetries=15, sleepTime=1000 MILLISECONDS)
2021-11-30 13:17:18,485 [Listener at 127.0.0.1/10012] INFO  http.BaseHttpServer (BaseHttpServer.java:updateConnectorAddress(329)) - HTTP server of hddsDatanode listening at http://0.0.0.0:39345
2021-11-30 13:17:18,494 [Listener at 127.0.0.1/10012] INFO  ozone.MiniOzoneClusterImpl (MiniOzoneClusterImpl.java:lambda$waitForClusterToBeReady$0(235)) - Waiting for nodes to be ready. Got 0 of 3 DN Heartbeats.
2021-11-30 13:17:18,494 [Listener at 127.0.0.1/10012] INFO  ozone.MiniOzoneClusterImpl (MiniOzoneClusterImpl.java:lambda$waitForClusterToBeReady$0(238)) - Waiting for cluster to exit safe mode
2021-11-30 13:17:18,494 [Listener at 127.0.0.1/10012] INFO  ozone.MiniOzoneClusterImpl (MiniOzoneClusterImpl.java:lambda$waitForClusterToBeReady$0(240)) - SCM became leader
2021-11-30 13:17:18,495 [Datanode State Machine Daemon Thread] INFO  statemachine.DatanodeStateMachine (DatanodeStateMachine.java:lambda$startDaemon$0(467)) - Ozone container server started.
2021-11-30 13:17:18,544 [org.apache.hadoop.util.JvmPauseMonitor$Monitor@88a6129] INFO  util.JvmPauseMonitor (JvmPauseMonitor.java:run(188)) - Starting JVM pause monitor
2021-11-30 13:17:18,560 [Datanode State Machine Task Thread - 0] INFO  ha.SCMNodeInfo (SCMNodeInfo.java:getPort(197)) - ConfigKey ozone.scm.client.address is deprecated, For configuring different ports for each SCM use PortConfigKey ozone.scm.client.port appended with serviceId and nodeId
2021-11-30 13:17:18,560 [Datanode State Machine Task Thread - 0] INFO  ha.SCMNodeInfo (SCMNodeInfo.java:getPort(197)) - ConfigKey ozone.scm.block.client.address is deprecated, For configuring different ports for each SCM use PortConfigKey ozone.scm.block.client.port appended with serviceId and nodeId
2021-11-30 13:17:18,560 [Datanode State Machine Task Thread - 0] INFO  ha.SCMNodeInfo (SCMNodeInfo.java:getPort(197)) - ConfigKey ozone.scm.datanode.address is deprecated, For configuring different ports for each SCM use PortConfigKey ozone.scm.datanode.port appended with serviceId and nodeId
2021-11-30 13:17:18,560 [Datanode State Machine Task Thread - 0] INFO  ha.SCMNodeInfo (SCMNodeInfo.java:getPort(197)) - ConfigKey ozone.scm.client.address is deprecated, For configuring different ports for each SCM use PortConfigKey ozone.scm.client.port appended with serviceId and nodeId
2021-11-30 13:17:18,560 [Datanode State Machine Task Thread - 0] INFO  ha.SCMNodeInfo (SCMNodeInfo.java:getPort(197)) - ConfigKey ozone.scm.block.client.address is deprecated, For configuring different ports for each SCM use PortConfigKey ozone.scm.block.client.port appended with serviceId and nodeId
2021-11-30 13:17:18,560 [Datanode State Machine Task Thread - 0] INFO  ha.SCMNodeInfo (SCMNodeInfo.java:getPort(197)) - ConfigKey ozone.scm.datanode.address is deprecated, For configuring different ports for each SCM use PortConfigKey ozone.scm.datanode.port appended with serviceId and nodeId
2021-11-30 13:17:18,560 [Datanode State Machine Task Thread - 0] INFO  ha.SCMNodeInfo (SCMNodeInfo.java:getPort(197)) - ConfigKey ozone.scm.client.address is deprecated, For configuring different ports for each SCM use PortConfigKey ozone.scm.client.port appended with serviceId and nodeId
2021-11-30 13:17:18,560 [Datanode State Machine Task Thread - 0] INFO  ha.SCMNodeInfo (SCMNodeInfo.java:getPort(197)) - ConfigKey ozone.scm.block.client.address is deprecated, For configuring different ports for each SCM use PortConfigKey ozone.scm.block.client.port appended with serviceId and nodeId
2021-11-30 13:17:18,560 [Datanode State Machine Task Thread - 0] INFO  ha.SCMNodeInfo (SCMNodeInfo.java:getPort(197)) - ConfigKey ozone.scm.datanode.address is deprecated, For configuring different ports for each SCM use PortConfigKey ozone.scm.datanode.port appended with serviceId and nodeId
2021-11-30 13:17:18,572 [Datanode State Machine Task Thread - 0] INFO  datanode.InitDatanodeState (InitDatanodeState.java:persistContainerDatanodeDetails(145)) - DatanodeDetails is persisted to /home/runner/work/ozone/ozone/hadoop-ozone/integration-test/target/test-dir/MiniOzoneClusterImpl-00f7fd44-dd00-490d-8842-f37d1847179e/datanode-2/meta/datanode.id
2021-11-30 13:17:19,449 [EndpointStateMachine task thread for /127.0.0.1:13705 - 0 ] INFO  ipc.Client (Client.java:handleConnectionFailure(977)) - Retrying connect to server: localhost/127.0.0.1:13705. Already tried 6 time(s); retry policy is RetryUpToMaximumCountWithFixedSleep(maxRetries=15, sleepTime=1000 MILLISECONDS)
2021-11-30 13:17:19,452 [EndpointStateMachine task thread for /127.0.0.1:13685 - 0 ] INFO  ipc.Client (Client.java:handleConnectionFailure(977)) - Retrying connect to server: localhost/127.0.0.1:13685. Already tried 6 time(s); retry policy is RetryUpToMaximumCountWithFixedSleep(maxRetries=15, sleepTime=1000 MILLISECONDS)
2021-11-30 13:17:19,485 [EndpointStateMachine task thread for /127.0.0.1:13695 - 0 ] INFO  ipc.Client (Client.java:handleConnectionFailure(977)) - Retrying connect to server: localhost/127.0.0.1:13695. Already tried 6 time(s); retry policy is RetryUpToMaximumCountWithFixedSleep(maxRetries=15, sleepTime=1000 MILLISECONDS)
2021-11-30 13:17:19,494 [Listener at 127.0.0.1/10012] INFO  ozone.MiniOzoneClusterImpl (MiniOzoneClusterImpl.java:lambda$waitForClusterToBeReady$0(235)) - Waiting for nodes to be ready. Got 0 of 3 DN Heartbeats.
2021-11-30 13:17:19,495 [Listener at 127.0.0.1/10012] INFO  ozone.MiniOzoneClusterImpl (MiniOzoneClusterImpl.java:lambda$waitForClusterToBeReady$0(238)) - Waiting for cluster to exit safe mode
2021-11-30 13:17:19,495 [Listener at 127.0.0.1/10012] INFO  ozone.MiniOzoneClusterImpl (MiniOzoneClusterImpl.java:lambda$waitForClusterToBeReady$0(240)) - SCM became leader
2021-11-30 13:17:19,868 [EndpointStateMachine task thread for /127.0.0.1:13411 - 0 ] INFO  ozoneimpl.OzoneContainer (OzoneContainer.java:start(304)) - Attempting to start container services.
2021-11-30 13:17:19,868 [EndpointStateMachine task thread for /127.0.0.1:13411 - 0 ] INFO  ozoneimpl.OzoneContainer (OzoneContainer.java:startContainerScrub(249)) - Background container scanner has been disabled.
2021-11-30 13:17:19,868 [EndpointStateMachine task thread for /127.0.0.1:13411 - 0 ] INFO  replication.ReplicationServer (ReplicationServer.java:start(107)) - ReplicationServer is started using port 39357
2021-11-30 13:17:19,873 [EndpointStateMachine task thread for /127.0.0.1:13411 - 0 ] INFO  ratis.XceiverServerRatis (XceiverServerRatis.java:start(484)) - Starting XceiverServerRatis d98c3e5c-49fa-4679-a7d6-b0bafe1f3c0f
2021-11-30 13:17:19,876 [EndpointStateMachine task thread for /127.0.0.1:13411 - 0 ] INFO  server.RaftServer (RaftServerProxy.java:lambda$start$5(374)) - d98c3e5c-49fa-4679-a7d6-b0bafe1f3c0f: start RPC server
2021-11-30 13:17:19,888 [EndpointStateMachine task thread for /127.0.0.1:13411 - 0 ] INFO  server.GrpcService (GrpcService.java:startImpl(253)) - d98c3e5c-49fa-4679-a7d6-b0bafe1f3c0f: GrpcService started, listening on 42503
2021-11-30 13:17:19,888 [EndpointStateMachine task thread for /127.0.0.1:13411 - 0 ] INFO  ratis.XceiverServerRatis (XceiverServerRatis.java:getRealPort(505)) - XceiverServerRatis d98c3e5c-49fa-4679-a7d6-b0bafe1f3c0f is started using port 42503 for RATIS
2021-11-30 13:17:19,888 [EndpointStateMachine task thread for /127.0.0.1:13411 - 0 ] INFO  ratis.XceiverServerRatis (XceiverServerRatis.java:getRealPort(505)) - XceiverServerRatis d98c3e5c-49fa-4679-a7d6-b0bafe1f3c0f is started using port 42503 for RATIS_ADMIN
2021-11-30 13:17:19,888 [EndpointStateMachine task thread for /127.0.0.1:13411 - 0 ] INFO  ratis.XceiverServerRatis (XceiverServerRatis.java:getRealPort(505)) - XceiverServerRatis d98c3e5c-49fa-4679-a7d6-b0bafe1f3c0f is started using port 42503 for RATIS_SERVER
2021-11-30 13:17:19,890 [EndpointStateMachine task thread for /127.0.0.1:13411 - 0 ] INFO  server.XceiverServerGrpc (XceiverServerGrpc.java:start(135)) - XceiverServerGrpc d98c3e5c-49fa-4679-a7d6-b0bafe1f3c0f is started using port 36231
2021-11-30 13:17:19,899 [org.apache.ratis.util.JvmPauseMonitor$$Lambda$499/638525764@6d336e14] INFO  util.JvmPauseMonitor (JvmPauseMonitor.java:run(103)) - JvmPauseMonitor-d98c3e5c-49fa-4679-a7d6-b0bafe1f3c0f: Started
2021-11-30 13:17:19,903 [EndpointStateMachine task thread for /127.0.0.1:13401 - 0 ] INFO  ozoneimpl.OzoneContainer (OzoneContainer.java:start(300)) - Ignore. OzoneContainer already started.
2021-11-30 13:17:20,098 [EndpointStateMachine task thread for /127.0.0.1:13401 - 0 ] INFO  ozoneimpl.OzoneContainer (OzoneContainer.java:start(304)) - Attempting to start container services.
2021-11-30 13:17:20,098 [EndpointStateMachine task thread for /127.0.0.1:13401 - 0 ] INFO  ozoneimpl.OzoneContainer (OzoneContainer.java:startContainerScrub(249)) - Background container scanner has been disabled.
2021-11-30 13:17:20,099 [EndpointStateMachine task thread for /127.0.0.1:13401 - 0 ] INFO  replication.ReplicationServer (ReplicationServer.java:start(107)) - ReplicationServer is started using port 46553
2021-11-30 13:17:20,101 [EndpointStateMachine task thread for /127.0.0.1:13401 - 0 ] INFO  ratis.XceiverServerRatis (XceiverServerRatis.java:start(484)) - Starting XceiverServerRatis b8a6b2ba-922b-4f06-aab5-ca74535011cb
2021-11-30 13:17:20,102 [EndpointStateMachine task thread for /127.0.0.1:13401 - 0 ] INFO  server.RaftServer (RaftServerProxy.java:lambda$start$5(374)) - b8a6b2ba-922b-4f06-aab5-ca74535011cb: start RPC server
2021-11-30 13:17:20,106 [EndpointStateMachine task thread for /127.0.0.1:13401 - 0 ] INFO  server.GrpcService (GrpcService.java:startImpl(253)) - b8a6b2ba-922b-4f06-aab5-ca74535011cb: GrpcService started, listening on 33201
2021-11-30 13:17:20,113 [EndpointStateMachine task thread for /127.0.0.1:13401 - 0 ] INFO  ratis.XceiverServerRatis (XceiverServerRatis.java:getRealPort(505)) - XceiverServerRatis b8a6b2ba-922b-4f06-aab5-ca74535011cb is started using port 33201 for RATIS
2021-11-30 13:17:20,113 [EndpointStateMachine task thread for /127.0.0.1:13401 - 0 ] INFO  ratis.XceiverServerRatis (XceiverServerRatis.java:getRealPort(505)) - XceiverServerRatis b8a6b2ba-922b-4f06-aab5-ca74535011cb is started using port 33201 for RATIS_ADMIN
2021-11-30 13:17:20,113 [EndpointStateMachine task thread for /127.0.0.1:13401 - 0 ] INFO  ratis.XceiverServerRatis (XceiverServerRatis.java:getRealPort(505)) - XceiverServerRatis b8a6b2ba-922b-4f06-aab5-ca74535011cb is started using port 33201 for RATIS_SERVER
2021-11-30 13:17:20,114 [EndpointStateMachine task thread for /127.0.0.1:13401 - 0 ] INFO  server.XceiverServerGrpc (XceiverServerGrpc.java:start(135)) - XceiverServerGrpc b8a6b2ba-922b-4f06-aab5-ca74535011cb is started using port 46807
2021-11-30 13:17:20,116 [org.apache.ratis.util.JvmPauseMonitor$$Lambda$499/638525764@614fcccf] INFO  util.JvmPauseMonitor (JvmPauseMonitor.java:run(103)) - JvmPauseMonitor-b8a6b2ba-922b-4f06-aab5-ca74535011cb: Started
2021-11-30 13:17:20,116 [EndpointStateMachine task thread for /127.0.0.1:13411 - 0 ] INFO  ozoneimpl.OzoneContainer (OzoneContainer.java:start(300)) - Ignore. OzoneContainer already started.
2021-11-30 13:17:20,450 [EndpointStateMachine task thread for /127.0.0.1:13705 - 0 ] INFO  ipc.Client (Client.java:handleConnectionFailure(977)) - Retrying connect to server: localhost/127.0.0.1:13705. Already tried 7 time(s); retry policy is RetryUpToMaximumCountWithFixedSleep(maxRetries=15, sleepTime=1000 MILLISECONDS)
2021-11-30 13:17:20,452 [EndpointStateMachine task thread for /127.0.0.1:13685 - 0 ] INFO  ipc.Client (Client.java:handleConnectionFailure(977)) - Retrying connect to server: localhost/127.0.0.1:13685. Already tried 7 time(s); retry policy is RetryUpToMaximumCountWithFixedSleep(maxRetries=15, sleepTime=1000 MILLISECONDS)
2021-11-30 13:17:20,485 [EndpointStateMachine task thread for /127.0.0.1:13695 - 0 ] INFO  ipc.Client (Client.java:handleConnectionFailure(977)) - Retrying connect to server: localhost/127.0.0.1:13695. Already tried 7 time(s); retry policy is RetryUpToMaximumCountWithFixedSleep(maxRetries=15, sleepTime=1000 MILLISECONDS)
2021-11-30 13:17:20,495 [Listener at 127.0.0.1/10012] INFO  ozone.MiniOzoneClusterImpl (MiniOzoneClusterImpl.java:lambda$waitForClusterToBeReady$0(235)) - Waiting for nodes to be ready. Got 0 of 3 DN Heartbeats.
2021-11-30 13:17:20,495 [Listener at 127.0.0.1/10012] INFO  ozone.MiniOzoneClusterImpl (MiniOzoneClusterImpl.java:lambda$waitForClusterToBeReady$0(238)) - Waiting for cluster to exit safe mode
2021-11-30 13:17:20,495 [Listener at 127.0.0.1/10012] INFO  ozone.MiniOzoneClusterImpl (MiniOzoneClusterImpl.java:lambda$waitForClusterToBeReady$0(240)) - SCM became leader
2021-11-30 13:17:20,558 [EndpointStateMachine task thread for /127.0.0.1:13411 - 0 ] INFO  ozoneimpl.OzoneContainer (OzoneContainer.java:start(304)) - Attempting to start container services.
2021-11-30 13:17:20,561 [EndpointStateMachine task thread for /127.0.0.1:13411 - 0 ] INFO  ozoneimpl.OzoneContainer (OzoneContainer.java:startContainerScrub(249)) - Background container scanner has been disabled.
2021-11-30 13:17:20,561 [EndpointStateMachine task thread for /127.0.0.1:13411 - 0 ] INFO  replication.ReplicationServer (ReplicationServer.java:start(107)) - ReplicationServer is started using port 43161
2021-11-30 13:17:20,563 [EndpointStateMachine task thread for /127.0.0.1:13411 - 0 ] INFO  ratis.XceiverServerRatis (XceiverServerRatis.java:start(484)) - Starting XceiverServerRatis 2e564fa8-312b-4913-8140-cec84c445c17
2021-11-30 13:17:20,579 [EndpointStateMachine task thread for /127.0.0.1:13411 - 0 ] INFO  server.RaftServer (RaftServerProxy.java:lambda$start$5(374)) - 2e564fa8-312b-4913-8140-cec84c445c17: start RPC server
2021-11-30 13:17:20,581 [EndpointStateMachine task thread for /127.0.0.1:13411 - 0 ] INFO  server.GrpcService (GrpcService.java:startImpl(253)) - 2e564fa8-312b-4913-8140-cec84c445c17: GrpcService started, listening on 37125
2021-11-30 13:17:20,586 [EndpointStateMachine task thread for /127.0.0.1:13411 - 0 ] INFO  ratis.XceiverServerRatis (XceiverServerRatis.java:getRealPort(505)) - XceiverServerRatis 2e564fa8-312b-4913-8140-cec84c445c17 is started using port 37125 for RATIS
2021-11-30 13:17:20,586 [EndpointStateMachine task thread for /127.0.0.1:13411 - 0 ] INFO  ratis.XceiverServerRatis (XceiverServerRatis.java:getRealPort(505)) - XceiverServerRatis 2e564fa8-312b-4913-8140-cec84c445c17 is started using port 37125 for RATIS_ADMIN
2021-11-30 13:17:20,586 [EndpointStateMachine task thread for /127.0.0.1:13411 - 0 ] INFO  ratis.XceiverServerRatis (XceiverServerRatis.java:getRealPort(505)) - XceiverServerRatis 2e564fa8-312b-4913-8140-cec84c445c17 is started using port 37125 for RATIS_SERVER
2021-11-30 13:17:20,587 [EndpointStateMachine task thread for /127.0.0.1:13411 - 0 ] INFO  server.XceiverServerGrpc (XceiverServerGrpc.java:start(135)) - XceiverServerGrpc 2e564fa8-312b-4913-8140-cec84c445c17 is started using port 43881
2021-11-30 13:17:20,587 [org.apache.ratis.util.JvmPauseMonitor$$Lambda$499/638525764@124059d1] INFO  util.JvmPauseMonitor (JvmPauseMonitor.java:run(103)) - JvmPauseMonitor-2e564fa8-312b-4913-8140-cec84c445c17: Started
2021-11-30 13:17:20,591 [EndpointStateMachine task thread for /127.0.0.1:13401 - 0 ] INFO  ozoneimpl.OzoneContainer (OzoneContainer.java:start(300)) - Ignore. OzoneContainer already started.
2021-11-30 13:17:21,450 [EndpointStateMachine task thread for /127.0.0.1:13705 - 0 ] INFO  ipc.Client (Client.java:handleConnectionFailure(977)) - Retrying connect to server: localhost/127.0.0.1:13705. Already tried 8 time(s); retry policy is RetryUpToMaximumCountWithFixedSleep(maxRetries=15, sleepTime=1000 MILLISECONDS)
2021-11-30 13:17:21,453 [EndpointStateMachine task thread for /127.0.0.1:13685 - 0 ] INFO  ipc.Client (Client.java:handleConnectionFailure(977)) - Retrying connect to server: localhost/127.0.0.1:13685. Already tried 8 time(s); retry policy is RetryUpToMaximumCountWithFixedSleep(maxRetries=15, sleepTime=1000 MILLISECONDS)
2021-11-30 13:17:21,486 [EndpointStateMachine task thread for /127.0.0.1:13695 - 0 ] INFO  ipc.Client (Client.java:handleConnectionFailure(977)) - Retrying connect to server: localhost/127.0.0.1:13695. Already tried 8 time(s); retry policy is RetryUpToMaximumCountWithFixedSleep(maxRetries=15, sleepTime=1000 MILLISECONDS)
2021-11-30 13:17:21,495 [Listener at 127.0.0.1/10012] INFO  ozone.MiniOzoneClusterImpl (MiniOzoneClusterImpl.java:lambda$waitForClusterToBeReady$0(235)) - Waiting for nodes to be ready. Got 0 of 3 DN Heartbeats.
2021-11-30 13:17:21,496 [Listener at 127.0.0.1/10012] INFO  ozone.MiniOzoneClusterImpl (MiniOzoneClusterImpl.java:lambda$waitForClusterToBeReady$0(238)) - Waiting for cluster to exit safe mode
2021-11-30 13:17:21,496 [Listener at 127.0.0.1/10012] INFO  ozone.MiniOzoneClusterImpl (MiniOzoneClusterImpl.java:lambda$waitForClusterToBeReady$0(240)) - SCM became leader
2021-11-30 13:17:21,823 [IPC Server handler 1 on default port 13411] INFO  net.NetworkTopologyImpl (NetworkTopologyImpl.java:add(112)) - Added a new node: /default-rack/d98c3e5c-49fa-4679-a7d6-b0bafe1f3c0f
2021-11-30 13:17:21,824 [IPC Server handler 1 on default port 13411] INFO  node.SCMNodeManager (SCMNodeManager.java:register(389)) - Registered Data node : d98c3e5c-49fa-4679-a7d6-b0bafe1f3c0f{ip: 127.0.0.1, host: localhost, ports: [REPLICATION=39357, RATIS=42503, RATIS_ADMIN=42503, RATIS_SERVER=42503, STANDALONE=36231], networkLocation: /default-rack, certSerialId: null, persistedOpState: null, persistedOpStateExpiryEpochSec: 0}
2021-11-30 13:17:21,826 [EventQueue-NodeRegistrationContainerReportForDataNodeSafeModeRule] INFO  safemode.SCMSafeModeManager (DataNodeSafeModeRule.java:process(71)) - SCM in safe mode. 1 DataNodes registered, 3 required.
2021-11-30 13:17:21,833 [IPC Server handler 1 on default port 13401] INFO  net.NetworkTopologyImpl (NetworkTopologyImpl.java:add(112)) - Added a new node: /default-rack/d98c3e5c-49fa-4679-a7d6-b0bafe1f3c0f
2021-11-30 13:17:21,833 [IPC Server handler 1 on default port 13401] INFO  node.SCMNodeManager (SCMNodeManager.java:register(389)) - Registered Data node : d98c3e5c-49fa-4679-a7d6-b0bafe1f3c0f{ip: 127.0.0.1, host: localhost, ports: [REPLICATION=39357, RATIS=42503, RATIS_ADMIN=42503, RATIS_SERVER=42503, STANDALONE=36231], networkLocation: /default-rack, certSerialId: null, persistedOpState: null, persistedOpStateExpiryEpochSec: 0}
2021-11-30 13:17:21,833 [EventQueue-NodeRegistrationContainerReportForContainerSafeModeRule] INFO  safemode.SCMSafeModeManager (SCMSafeModeManager.java:validateSafeModeExitRules(204)) - ContainerSafeModeRule rule is successfully validated
2021-11-30 13:17:21,835 [EventQueue-PipelineReportForOneReplicaPipelineSafeModeRule] INFO  safemode.SCMSafeModeManager (SCMSafeModeManager.java:validateSafeModeExitRules(204)) - AtleastOneDatanodeReportedRule rule is successfully validated
2021-11-30 13:17:21,835 [EventQueue-NewNodeForNewNodeHandler] INFO  pipeline.BackgroundPipelineCreator (BackgroundPipelineCreator.java:notifyEventTriggered(285)) - trigger a one-shot run on RatisPipelineUtilsThread.
2021-11-30 13:17:21,835 [EventQueue-NodeRegistrationContainerReportForDataNodeSafeModeRule] INFO  safemode.SCMSafeModeManager (DataNodeSafeModeRule.java:process(71)) - SCM in safe mode. 1 DataNodes registered, 3 required.
2021-11-30 13:17:21,840 [EventQueue-NewNodeForNewNodeHandler] INFO  pipeline.BackgroundPipelineCreator (BackgroundPipelineCreator.java:notifyEventTriggered(279)) - ignore, not leader SCM.
2021-11-30 13:17:21,835 [RatisPipelineUtilsThread - 0] INFO  pipeline.RatisPipelineProvider (RatisPipelineProvider.java:lambda$create$0(183)) - Sending CreatePipelineCommand for pipeline:PipelineID=f7f9eb2d-cdc7-4236-a589-8c3f35d77c57 to datanode:d98c3e5c-49fa-4679-a7d6-b0bafe1f3c0f
2021-11-30 13:17:21,841 [EventQueue-NodeRegistrationContainerReportForContainerSafeModeRule] INFO  safemode.SCMSafeModeManager (SCMSafeModeManager.java:validateSafeModeExitRules(204)) - ContainerSafeModeRule rule is successfully validated
2021-11-30 13:17:21,862 [EventQueue-PipelineReportForOneReplicaPipelineSafeModeRule] INFO  safemode.SCMSafeModeManager (SCMSafeModeManager.java:validateSafeModeExitRules(204)) - AtleastOneDatanodeReportedRule rule is successfully validated
2021-11-30 13:17:21,893 [e2ff296b-9428-40f2-9fe9-4cc07b88cea2@group-F37D1847179E-StateMachineUpdater] INFO  pipeline.PipelineStateManagerImpl (PipelineStateManagerImpl.java:addPipeline(101)) - Created pipeline Pipeline[ Id: f7f9eb2d-cdc7-4236-a589-8c3f35d77c57, Nodes: d98c3e5c-49fa-4679-a7d6-b0bafe1f3c0f{ip: 127.0.0.1, host: localhost, ports: [REPLICATION=39357, RATIS=42503, RATIS_ADMIN=42503, RATIS_SERVER=42503, STANDALONE=36231], networkLocation: /default-rack, certSerialId: null, persistedOpState: IN_SERVICE, persistedOpStateExpiryEpochSec: 0}, ReplicationConfig: RATIS/ONE, State:ALLOCATED, leaderId:, CreationTimestamp2021-11-30T13:17:21.835Z[Etc/UTC]].
2021-11-30 13:17:21,894 [e2ff296b-9428-40f2-9fe9-4cc07b88cea2@group-F37D1847179E-StateMachineUpdater] INFO  safemode.HealthyPipelineSafeModeRule (HealthyPipelineSafeModeRule.java:initializeRule(152)) - Refreshed total pipeline count is 0, healthy pipeline threshold count is 1
2021-11-30 13:17:21,894 [RatisPipelineUtilsThread - 0] INFO  ha.SCMHAInvocationHandler (SCMHAInvocationHandler.java:invokeRatis(113)) - Invoking method public abstract void org.apache.hadoop.hdds.scm.pipeline.PipelineStateManager.addPipeline(org.apache.hadoop.hdds.protocol.proto.HddsProtos$Pipeline) throws java.io.IOException on target org.apache.hadoop.hdds.scm.ha.SCMRatisServerImpl@30d17a27, cost 53286.226us
2021-11-30 13:17:21,900 [0f6dc6cb-fd39-4234-9fee-aa41e9cd5640@group-F37D1847179E-StateMachineUpdater] INFO  pipeline.PipelineStateManagerImpl (PipelineStateManagerImpl.java:addPipeline(101)) - Created pipeline Pipeline[ Id: f7f9eb2d-cdc7-4236-a589-8c3f35d77c57, Nodes: d98c3e5c-49fa-4679-a7d6-b0bafe1f3c0f{ip: 127.0.0.1, host: localhost, ports: [REPLICATION=39357, RATIS=42503, RATIS_ADMIN=42503, RATIS_SERVER=42503, STANDALONE=36231], networkLocation: /default-rack, certSerialId: null, persistedOpState: IN_SERVICE, persistedOpStateExpiryEpochSec: 0}, ReplicationConfig: RATIS/ONE, State:ALLOCATED, leaderId:, CreationTimestamp2021-11-30T13:17:21.835Z[Etc/UTC]].
2021-11-30 13:17:21,900 [0f6dc6cb-fd39-4234-9fee-aa41e9cd5640@group-F37D1847179E-StateMachineUpdater] INFO  safemode.HealthyPipelineSafeModeRule (HealthyPipelineSafeModeRule.java:initializeRule(152)) - Refreshed total pipeline count is 0, healthy pipeline threshold count is 1
2021-11-30 13:17:21,900 [0f6dc6cb-fd39-4234-9fee-aa41e9cd5640@group-F37D1847179E-StateMachineUpdater] INFO  ha.SCMStateMachine (SCMStateMachine.java:takeSnapshot(297)) - Current Snapshot Index 7, takeSnapshot took 1 ms
2021-11-30 13:17:21,900 [0f6dc6cb-fd39-4234-9fee-aa41e9cd5640@group-F37D1847179E-StateMachineUpdater] INFO  impl.StateMachineUpdater (StateMachineUpdater.java:takeSnapshot(281)) - 0f6dc6cb-fd39-4234-9fee-aa41e9cd5640@group-F37D1847179E-StateMachineUpdater: Took a snapshot at index 7
2021-11-30 13:17:21,900 [0f6dc6cb-fd39-4234-9fee-aa41e9cd5640@group-F37D1847179E-StateMachineUpdater] INFO  impl.StateMachineUpdater (StateMachineUpdater.java:lambda$new$0(89)) - 0f6dc6cb-fd39-4234-9fee-aa41e9cd5640@group-F37D1847179E-StateMachineUpdater: snapshotIndex: updateIncreasingly 2 -> 7
2021-11-30 13:17:21,900 [0f6dc6cb-fd39-4234-9fee-aa41e9cd5640@group-F37D1847179E-StateMachineUpdater] INFO  raftlog.RaftLog (RaftLogBase.java:purge(306)) - 0f6dc6cb-fd39-4234-9fee-aa41e9cd5640@group-F37D1847179E-SegmentedRaftLog: purge 7
2021-11-30 13:17:21,901 [0f6dc6cb-fd39-4234-9fee-aa41e9cd5640@group-F37D1847179E-StateMachineUpdater] INFO  raftlog.RaftLog (RaftLogBase.java:lambda$new$0(53)) - 0f6dc6cb-fd39-4234-9fee-aa41e9cd5640@group-F37D1847179E-SegmentedRaftLog: snapshotIndex: updateIncreasingly 2 -> 7
2021-11-30 13:17:21,901 [0f6dc6cb-fd39-4234-9fee-aa41e9cd5640@group-F37D1847179E-StateMachineUpdater] INFO  raftlog.RaftLog (RaftLogBase.java:lambda$new$0(53)) - 0f6dc6cb-fd39-4234-9fee-aa41e9cd5640@group-F37D1847179E-SegmentedRaftLog: purgeIndex: updateToMax old=-1, new=7, updated? true
2021-11-30 13:17:22,091 [IPC Server handler 2 on default port 13401] INFO  net.NetworkTopologyImpl (NetworkTopologyImpl.java:add(112)) - Added a new node: /default-rack/b8a6b2ba-922b-4f06-aab5-ca74535011cb
2021-11-30 13:17:22,092 [IPC Server handler 2 on default port 13401] INFO  node.SCMNodeManager (SCMNodeManager.java:register(389)) - Registered Data node : b8a6b2ba-922b-4f06-aab5-ca74535011cb{ip: 127.0.0.1, host: localhost, ports: [REPLICATION=46553, RATIS=33201, RATIS_ADMIN=33201, RATIS_SERVER=33201, STANDALONE=46807], networkLocation: /default-rack, certSerialId: null, persistedOpState: null, persistedOpStateExpiryEpochSec: 0}
2021-11-30 13:17:22,092 [EventQueue-NewNodeForNewNodeHandler] INFO  pipeline.BackgroundPipelineCreator (BackgroundPipelineCreator.java:notifyEventTriggered(285)) - trigger a one-shot run on RatisPipelineUtilsThread.
2021-11-30 13:17:22,096 [EventQueue-NodeRegistrationContainerReportForDataNodeSafeModeRule] INFO  safemode.SCMSafeModeManager (DataNodeSafeModeRule.java:process(71)) - SCM in safe mode. 2 DataNodes registered, 3 required.
2021-11-30 13:17:22,096 [IPC Server handler 2 on default port 13411] INFO  net.NetworkTopologyImpl (NetworkTopologyImpl.java:add(112)) - Added a new node: /default-rack/b8a6b2ba-922b-4f06-aab5-ca74535011cb
2021-11-30 13:17:22,096 [IPC Server handler 2 on default port 13411] INFO  node.SCMNodeManager (SCMNodeManager.java:register(389)) - Registered Data node : b8a6b2ba-922b-4f06-aab5-ca74535011cb{ip: 127.0.0.1, host: localhost, ports: [REPLICATION=46553, RATIS=33201, RATIS_ADMIN=33201, RATIS_SERVER=33201, STANDALONE=46807], networkLocation: /default-rack, certSerialId: null, persistedOpState: null, persistedOpStateExpiryEpochSec: 0}
2021-11-30 13:17:22,096 [EventQueue-NewNodeForNewNodeHandler] INFO  pipeline.BackgroundPipelineCreator (BackgroundPipelineCreator.java:notifyEventTriggered(279)) - ignore, not leader SCM.
2021-11-30 13:17:22,096 [EventQueue-NodeRegistrationContainerReportForDataNodeSafeModeRule] INFO  safemode.SCMSafeModeManager (DataNodeSafeModeRule.java:process(71)) - SCM in safe mode. 2 DataNodes registered, 3 required.
2021-11-30 13:17:22,108 [RatisPipelineUtilsThread - 0] INFO  pipeline.RatisPipelineProvider (RatisPipelineProvider.java:lambda$create$0(183)) - Sending CreatePipelineCommand for pipeline:PipelineID=df23bc56-056b-44a3-8b57-e654a5ff60b9 to datanode:b8a6b2ba-922b-4f06-aab5-ca74535011cb
2021-11-30 13:17:22,115 [e2ff296b-9428-40f2-9fe9-4cc07b88cea2@group-F37D1847179E-StateMachineUpdater] INFO  pipeline.PipelineStateManagerImpl (PipelineStateManagerImpl.java:addPipeline(101)) - Created pipeline Pipeline[ Id: df23bc56-056b-44a3-8b57-e654a5ff60b9, Nodes: b8a6b2ba-922b-4f06-aab5-ca74535011cb{ip: 127.0.0.1, host: localhost, ports: [REPLICATION=46553, RATIS=33201, RATIS_ADMIN=33201, RATIS_SERVER=33201, STANDALONE=46807], networkLocation: /default-rack, certSerialId: null, persistedOpState: IN_SERVICE, persistedOpStateExpiryEpochSec: 0}, ReplicationConfig: RATIS/ONE, State:ALLOCATED, leaderId:, CreationTimestamp2021-11-30T13:17:22.108Z[Etc/UTC]].
2021-11-30 13:17:22,115 [e2ff296b-9428-40f2-9fe9-4cc07b88cea2@group-F37D1847179E-StateMachineUpdater] INFO  safemode.HealthyPipelineSafeModeRule (HealthyPipelineSafeModeRule.java:initializeRule(152)) - Refreshed total pipeline count is 0, healthy pipeline threshold count is 1
2021-11-30 13:17:22,115 [RatisPipelineUtilsThread - 0] INFO  ha.SCMHAInvocationHandler (SCMHAInvocationHandler.java:invokeRatis(113)) - Invoking method public abstract void org.apache.hadoop.hdds.scm.pipeline.PipelineStateManager.addPipeline(org.apache.hadoop.hdds.protocol.proto.HddsProtos$Pipeline) throws java.io.IOException on target org.apache.hadoop.hdds.scm.ha.SCMRatisServerImpl@30d17a27, cost 7365.628us
2021-11-30 13:17:22,123 [0f6dc6cb-fd39-4234-9fee-aa41e9cd5640@group-F37D1847179E-StateMachineUpdater] INFO  pipeline.PipelineStateManagerImpl (PipelineStateManagerImpl.java:addPipeline(101)) - Created pipeline Pipeline[ Id: df23bc56-056b-44a3-8b57-e654a5ff60b9, Nodes: b8a6b2ba-922b-4f06-aab5-ca74535011cb{ip: 127.0.0.1, host: localhost, ports: [REPLICATION=46553, RATIS=33201, RATIS_ADMIN=33201, RATIS_SERVER=33201, STANDALONE=46807], networkLocation: /default-rack, certSerialId: null, persistedOpState: IN_SERVICE, persistedOpStateExpiryEpochSec: 0}, ReplicationConfig: RATIS/ONE, State:ALLOCATED, leaderId:, CreationTimestamp2021-11-30T13:17:22.108Z[Etc/UTC]].
2021-11-30 13:17:22,123 [0f6dc6cb-fd39-4234-9fee-aa41e9cd5640@group-F37D1847179E-StateMachineUpdater] INFO  safemode.HealthyPipelineSafeModeRule (HealthyPipelineSafeModeRule.java:initializeRule(152)) - Refreshed total pipeline count is 0, healthy pipeline threshold count is 1
2021-11-30 13:17:22,124 [e2ff296b-9428-40f2-9fe9-4cc07b88cea2@group-F37D1847179E-StateMachineUpdater] INFO  ha.SCMStateMachine (SCMStateMachine.java:takeSnapshot(297)) - Current Snapshot Index 10, takeSnapshot took 0 ms
2021-11-30 13:17:22,124 [e2ff296b-9428-40f2-9fe9-4cc07b88cea2@group-F37D1847179E-StateMachineUpdater] INFO  impl.StateMachineUpdater (StateMachineUpdater.java:takeSnapshot(281)) - e2ff296b-9428-40f2-9fe9-4cc07b88cea2@group-F37D1847179E-StateMachineUpdater: Took a snapshot at index 10
2021-11-30 13:17:22,124 [e2ff296b-9428-40f2-9fe9-4cc07b88cea2@group-F37D1847179E-StateMachineUpdater] INFO  impl.StateMachineUpdater (StateMachineUpdater.java:lambda$new$0(89)) - e2ff296b-9428-40f2-9fe9-4cc07b88cea2@group-F37D1847179E-StateMachineUpdater: snapshotIndex: updateIncreasingly 5 -> 10
2021-11-30 13:17:22,124 [e2ff296b-9428-40f2-9fe9-4cc07b88cea2@group-F37D1847179E-StateMachineUpdater] INFO  raftlog.RaftLog (RaftLogBase.java:purge(306)) - e2ff296b-9428-40f2-9fe9-4cc07b88cea2@group-F37D1847179E-SegmentedRaftLog: purge 10
2021-11-30 13:17:22,124 [e2ff296b-9428-40f2-9fe9-4cc07b88cea2@group-F37D1847179E-StateMachineUpdater] INFO  raftlog.RaftLog (RaftLogBase.java:lambda$new$0(53)) - e2ff296b-9428-40f2-9fe9-4cc07b88cea2@group-F37D1847179E-SegmentedRaftLog: snapshotIndex: updateIncreasingly 5 -> 10
2021-11-30 13:17:22,124 [e2ff296b-9428-40f2-9fe9-4cc07b88cea2@group-F37D1847179E-StateMachineUpdater] INFO  raftlog.RaftLog (RaftLogBase.java:lambda$new$0(53)) - e2ff296b-9428-40f2-9fe9-4cc07b88cea2@group-F37D1847179E-SegmentedRaftLog: purgeIndex: updateToMax old=0, new=10, updated? true
2021-11-30 13:17:22,451 [EndpointStateMachine task thread for /127.0.0.1:13705 - 0 ] INFO  ipc.Client (Client.java:handleConnectionFailure(977)) - Retrying connect to server: localhost/127.0.0.1:13705. Already tried 9 time(s); retry policy is RetryUpToMaximumCountWithFixedSleep(maxRetries=15, sleepTime=1000 MILLISECONDS)
2021-11-30 13:17:22,453 [EndpointStateMachine task thread for /127.0.0.1:13685 - 0 ] INFO  ipc.Client (Client.java:handleConnectionFailure(977)) - Retrying connect to server: localhost/127.0.0.1:13685. Already tried 9 time(s); retry policy is RetryUpToMaximumCountWithFixedSleep(maxRetries=15, sleepTime=1000 MILLISECONDS)
2021-11-30 13:17:22,487 [EndpointStateMachine task thread for /127.0.0.1:13695 - 0 ] INFO  ipc.Client (Client.java:handleConnectionFailure(977)) - Retrying connect to server: localhost/127.0.0.1:13695. Already tried 9 time(s); retry policy is RetryUpToMaximumCountWithFixedSleep(maxRetries=15, sleepTime=1000 MILLISECONDS)
2021-11-30 13:17:22,496 [Listener at 127.0.0.1/10012] INFO  ozone.MiniOzoneClusterImpl (MiniOzoneClusterImpl.java:lambda$waitForClusterToBeReady$0(235)) - Waiting for nodes to be ready. Got 2 of 3 DN Heartbeats.
2021-11-30 13:17:22,496 [Listener at 127.0.0.1/10012] INFO  ozone.MiniOzoneClusterImpl (MiniOzoneClusterImpl.java:lambda$waitForClusterToBeReady$0(238)) - Waiting for cluster to exit safe mode
2021-11-30 13:17:22,496 [Listener at 127.0.0.1/10012] INFO  ozone.MiniOzoneClusterImpl (MiniOzoneClusterImpl.java:lambda$waitForClusterToBeReady$0(240)) - SCM became leader
2021-11-30 13:17:22,554 [IPC Server handler 1 on default port 13411] INFO  net.NetworkTopologyImpl (NetworkTopologyImpl.java:add(112)) - Added a new node: /default-rack/2e564fa8-312b-4913-8140-cec84c445c17
2021-11-30 13:17:22,554 [IPC Server handler 1 on default port 13411] INFO  node.SCMNodeManager (SCMNodeManager.java:register(389)) - Registered Data node : 2e564fa8-312b-4913-8140-cec84c445c17{ip: 127.0.0.1, host: localhost, ports: [REPLICATION=43161, RATIS=37125, RATIS_ADMIN=37125, RATIS_SERVER=37125, STANDALONE=43881], networkLocation: /default-rack, certSerialId: null, persistedOpState: null, persistedOpStateExpiryEpochSec: 0}
2021-11-30 13:17:22,554 [EventQueue-NewNodeForNewNodeHandler] INFO  pipeline.BackgroundPipelineCreator (BackgroundPipelineCreator.java:notifyEventTriggered(279)) - ignore, not leader SCM.
2021-11-30 13:17:22,555 [EventQueue-NodeRegistrationContainerReportForDataNodeSafeModeRule] INFO  safemode.SCMSafeModeManager (DataNodeSafeModeRule.java:process(71)) - SCM in safe mode. 3 DataNodes registered, 3 required.
2021-11-30 13:17:22,555 [EventQueue-NodeRegistrationContainerReportForDataNodeSafeModeRule] INFO  safemode.SCMSafeModeManager (SCMSafeModeManager.java:validateSafeModeExitRules(204)) - DataNodeSafeModeRule rule is successfully validated
2021-11-30 13:17:22,556 [EventQueue-NodeRegistrationContainerReportForDataNodeSafeModeRule] INFO  safemode.SCMSafeModeManager (SCMSafeModeManager.java:completePreCheck(233)) - All SCM safe mode pre check rules have passed
2021-11-30 13:17:22,556 [EventQueue-NodeRegistrationContainerReportForDataNodeSafeModeRule] WARN  events.EventQueue (EventQueue.java:fireEvent(194)) - No event handler registered for event TypedEvent{payloadType=SafeModeStatus, name='Safe mode status'}
2021-11-30 13:17:22,556 [EventQueue-NodeRegistrationContainerReportForDataNodeSafeModeRule] INFO  ha.SCMContext (SCMContext.java:updateSafeModeStatus(205)) - Update SafeModeStatus from SafeModeStatus{safeModeStatus=true, preCheckPassed=false} to SafeModeStatus{safeModeStatus=true, preCheckPassed=true}.
2021-11-30 13:17:22,556 [EventQueue-NodeRegistrationContainerReportForDataNodeSafeModeRule] INFO  pipeline.BackgroundPipelineCreator (BackgroundPipelineCreator.java:notifyEventTriggered(279)) - ignore, not leader SCM.
2021-11-30 13:17:22,568 [IPC Server handler 0 on default port 13401] INFO  net.NetworkTopologyImpl (NetworkTopologyImpl.java:add(112)) - Added a new node: /default-rack/2e564fa8-312b-4913-8140-cec84c445c17
2021-11-30 13:17:22,568 [IPC Server handler 0 on default port 13401] INFO  node.SCMNodeManager (SCMNodeManager.java:register(389)) - Registered Data node : 2e564fa8-312b-4913-8140-cec84c445c17{ip: 127.0.0.1, host: localhost, ports: [REPLICATION=43161, RATIS=37125, RATIS_ADMIN=37125, RATIS_SERVER=37125, STANDALONE=43881], networkLocation: /default-rack, certSerialId: null, persistedOpState: null, persistedOpStateExpiryEpochSec: 0}
2021-11-30 13:17:22,568 [EventQueue-NewNodeForNewNodeHandler] INFO  pipeline.BackgroundPipelineCreator (BackgroundPipelineCreator.java:notifyEventTriggered(285)) - trigger a one-shot run on RatisPipelineUtilsThread.
2021-11-30 13:17:22,569 [RatisPipelineUtilsThread - 0] INFO  pipeline.RatisPipelineProvider (RatisPipelineProvider.java:lambda$create$0(183)) - Sending CreatePipelineCommand for pipeline:PipelineID=54f83ae2-7f46-45bb-b164-1cf2ab5825bd to datanode:2e564fa8-312b-4913-8140-cec84c445c17
2021-11-30 13:17:22,578 [EventQueue-NodeRegistrationContainerReportForDataNodeSafeModeRule] INFO  safemode.SCMSafeModeManager (DataNodeSafeModeRule.java:process(71)) - SCM in safe mode. 3 DataNodes registered, 3 required.
2021-11-30 13:17:22,578 [EventQueue-NodeRegistrationContainerReportForDataNodeSafeModeRule] INFO  safemode.SCMSafeModeManager (SCMSafeModeManager.java:validateSafeModeExitRules(204)) - DataNodeSafeModeRule rule is successfully validated
2021-11-30 13:17:22,578 [EventQueue-NodeRegistrationContainerReportForDataNodeSafeModeRule] INFO  safemode.SCMSafeModeManager (SCMSafeModeManager.java:completePreCheck(233)) - All SCM safe mode pre check rules have passed
2021-11-30 13:17:22,578 [EventQueue-NodeRegistrationContainerReportForDataNodeSafeModeRule] WARN  events.EventQueue (EventQueue.java:fireEvent(194)) - No event handler registered for event TypedEvent{payloadType=SafeModeStatus, name='Safe mode status'}
2021-11-30 13:17:22,578 [EventQueue-NodeRegistrationContainerReportForDataNodeSafeModeRule] INFO  ha.SCMContext (SCMContext.java:updateSafeModeStatus(205)) - Update SafeModeStatus from SafeModeStatus{safeModeStatus=true, preCheckPassed=false} to SafeModeStatus{safeModeStatus=true, preCheckPassed=true}.
2021-11-30 13:17:22,578 [EventQueue-NodeRegistrationContainerReportForDataNodeSafeModeRule] INFO  pipeline.BackgroundPipelineCreator (BackgroundPipelineCreator.java:notifyEventTriggered(285)) - trigger a one-shot run on RatisPipelineUtilsThread.
2021-11-30 13:17:22,584 [e2ff296b-9428-40f2-9fe9-4cc07b88cea2@group-F37D1847179E-StateMachineUpdater] INFO  pipeline.PipelineStateManagerImpl (PipelineStateManagerImpl.java:addPipeline(101)) - Created pipeline Pipeline[ Id: 54f83ae2-7f46-45bb-b164-1cf2ab5825bd, Nodes: 2e564fa8-312b-4913-8140-cec84c445c17{ip: 127.0.0.1, host: localhost, ports: [REPLICATION=43161, RATIS=37125, RATIS_ADMIN=37125, RATIS_SERVER=37125, STANDALONE=43881], networkLocation: /default-rack, certSerialId: null, persistedOpState: IN_SERVICE, persistedOpStateExpiryEpochSec: 0}, ReplicationConfig: RATIS/ONE, State:ALLOCATED, leaderId:, CreationTimestamp2021-11-30T13:17:22.569Z[Etc/UTC]].
2021-11-30 13:17:22,584 [e2ff296b-9428-40f2-9fe9-4cc07b88cea2@group-F37D1847179E-StateMachineUpdater] INFO  safemode.HealthyPipelineSafeModeRule (HealthyPipelineSafeModeRule.java:initializeRule(152)) - Refreshed total pipeline count is 0, healthy pipeline threshold count is 1
2021-11-30 13:17:22,585 [RatisPipelineUtilsThread - 0] INFO  ha.SCMHAInvocationHandler (SCMHAInvocationHandler.java:invokeRatis(113)) - Invoking method public abstract void org.apache.hadoop.hdds.scm.pipeline.PipelineStateManager.addPipeline(org.apache.hadoop.hdds.protocol.proto.HddsProtos$Pipeline) throws java.io.IOException on target org.apache.hadoop.hdds.scm.ha.SCMRatisServerImpl@30d17a27, cost 15742.373us
2021-11-30 13:17:22,585 [RatisPipelineUtilsThread - 0] INFO  pipeline.RatisPipelineProvider (RatisPipelineProvider.java:lambda$create$0(183)) - Sending CreatePipelineCommand for pipeline:PipelineID=84c57249-c4b7-4137-b173-8c2fd844f2f1 to datanode:b8a6b2ba-922b-4f06-aab5-ca74535011cb
2021-11-30 13:17:22,585 [RatisPipelineUtilsThread - 0] INFO  pipeline.RatisPipelineProvider (RatisPipelineProvider.java:lambda$create$0(183)) - Sending CreatePipelineCommand for pipeline:PipelineID=84c57249-c4b7-4137-b173-8c2fd844f2f1 to datanode:2e564fa8-312b-4913-8140-cec84c445c17
2021-11-30 13:17:22,585 [RatisPipelineUtilsThread - 0] INFO  pipeline.RatisPipelineProvider (RatisPipelineProvider.java:lambda$create$0(183)) - Sending CreatePipelineCommand for pipeline:PipelineID=84c57249-c4b7-4137-b173-8c2fd844f2f1 to datanode:d98c3e5c-49fa-4679-a7d6-b0bafe1f3c0f
2021-11-30 13:17:22,590 [0f6dc6cb-fd39-4234-9fee-aa41e9cd5640@group-F37D1847179E-StateMachineUpdater] INFO  pipeline.PipelineStateManagerImpl (PipelineStateManagerImpl.java:addPipeline(101)) - Created pipeline Pipeline[ Id: 54f83ae2-7f46-45bb-b164-1cf2ab5825bd, Nodes: 2e564fa8-312b-4913-8140-cec84c445c17{ip: 127.0.0.1, host: localhost, ports: [REPLICATION=43161, RATIS=37125, RATIS_ADMIN=37125, RATIS_SERVER=37125, STANDALONE=43881], networkLocation: /default-rack, certSerialId: null, persistedOpState: IN_SERVICE, persistedOpStateExpiryEpochSec: 0}, ReplicationConfig: RATIS/ONE, State:ALLOCATED, leaderId:, CreationTimestamp2021-11-30T13:17:22.569Z[Etc/UTC]].
2021-11-30 13:17:22,590 [0f6dc6cb-fd39-4234-9fee-aa41e9cd5640@group-F37D1847179E-StateMachineUpdater] INFO  safemode.HealthyPipelineSafeModeRule (HealthyPipelineSafeModeRule.java:initializeRule(152)) - Refreshed total pipeline count is 0, healthy pipeline threshold count is 1
2021-11-30 13:17:22,601 [e2ff296b-9428-40f2-9fe9-4cc07b88cea2@group-F37D1847179E-StateMachineUpdater] INFO  pipeline.PipelineStateManagerImpl (PipelineStateManagerImpl.java:addPipeline(101)) - Created pipeline Pipeline[ Id: 84c57249-c4b7-4137-b173-8c2fd844f2f1, Nodes: b8a6b2ba-922b-4f06-aab5-ca74535011cb{ip: 127.0.0.1, host: localhost, ports: [REPLICATION=46553, RATIS=33201, RATIS_ADMIN=33201, RATIS_SERVER=33201, STANDALONE=46807], networkLocation: /default-rack, certSerialId: null, persistedOpState: IN_SERVICE, persistedOpStateExpiryEpochSec: 0}2e564fa8-312b-4913-8140-cec84c445c17{ip: 127.0.0.1, host: localhost, ports: [REPLICATION=43161, RATIS=37125, RATIS_ADMIN=37125, RATIS_SERVER=37125, STANDALONE=43881], networkLocation: /default-rack, certSerialId: null, persistedOpState: IN_SERVICE, persistedOpStateExpiryEpochSec: 0}d98c3e5c-49fa-4679-a7d6-b0bafe1f3c0f{ip: 127.0.0.1, host: localhost, ports: [REPLICATION=39357, RATIS=42503, RATIS_ADMIN=42503, RATIS_SERVER=42503, STANDALONE=36231], networkLocation: /default-rack, certSerialId: null, persistedOpState: IN_SERVICE, persistedOpStateExpiryEpochSec: 0}, ReplicationConfig: RATIS/THREE, State:ALLOCATED, leaderId:, CreationTimestamp2021-11-30T13:17:22.585Z[Etc/UTC]].
2021-11-30 13:17:22,601 [e2ff296b-9428-40f2-9fe9-4cc07b88cea2@group-F37D1847179E-StateMachineUpdater] INFO  safemode.HealthyPipelineSafeModeRule (HealthyPipelineSafeModeRule.java:initializeRule(152)) - Refreshed total pipeline count is 0, healthy pipeline threshold count is 1
2021-11-30 13:17:22,601 [RatisPipelineUtilsThread - 0] INFO  ha.SCMHAInvocationHandler (SCMHAInvocationHandler.java:invokeRatis(113)) - Invoking method public abstract void org.apache.hadoop.hdds.scm.pipeline.PipelineStateManager.addPipeline(org.apache.hadoop.hdds.protocol.proto.HddsProtos$Pipeline) throws java.io.IOException on target org.apache.hadoop.hdds.scm.ha.SCMRatisServerImpl@30d17a27, cost 15629.371us
2021-11-30 13:17:22,601 [RatisPipelineUtilsThread - 0] INFO  pipeline.RatisPipelineProvider (RatisPipelineProvider.java:lambda$create$0(183)) - Sending CreatePipelineCommand for pipeline:PipelineID=269ccda0-2374-4b33-a16a-0b6d4aab114f to datanode:b8a6b2ba-922b-4f06-aab5-ca74535011cb
2021-11-30 13:17:22,601 [RatisPipelineUtilsThread - 0] INFO  pipeline.RatisPipelineProvider (RatisPipelineProvider.java:lambda$create$0(183)) - Sending CreatePipelineCommand for pipeline:PipelineID=269ccda0-2374-4b33-a16a-0b6d4aab114f to datanode:2e564fa8-312b-4913-8140-cec84c445c17
2021-11-30 13:17:22,602 [RatisPipelineUtilsThread - 0] INFO  pipeline.RatisPipelineProvider (RatisPipelineProvider.java:lambda$create$0(183)) - Sending CreatePipelineCommand for pipeline:PipelineID=269ccda0-2374-4b33-a16a-0b6d4aab114f to datanode:d98c3e5c-49fa-4679-a7d6-b0bafe1f3c0f
2021-11-30 13:17:22,605 [0f6dc6cb-fd39-4234-9fee-aa41e9cd5640@group-F37D1847179E-StateMachineUpdater] INFO  pipeline.PipelineStateManagerImpl (PipelineStateManagerImpl.java:addPipeline(101)) - Created pipeline Pipeline[ Id: 84c57249-c4b7-4137-b173-8c2fd844f2f1, Nodes: b8a6b2ba-922b-4f06-aab5-ca74535011cb{ip: 127.0.0.1, host: localhost, ports: [REPLICATION=46553, RATIS=33201, RATIS_ADMIN=33201, RATIS_SERVER=33201, STANDALONE=46807], networkLocation: /default-rack, certSerialId: null, persistedOpState: IN_SERVICE, persistedOpStateExpiryEpochSec: 0}2e564fa8-312b-4913-8140-cec84c445c17{ip: 127.0.0.1, host: localhost, ports: [REPLICATION=43161, RATIS=37125, RATIS_ADMIN=37125, RATIS_SERVER=37125, STANDALONE=43881], networkLocation: /default-rack, certSerialId: null, persistedOpState: IN_SERVICE, persistedOpStateExpiryEpochSec: 0}d98c3e5c-49fa-4679-a7d6-b0bafe1f3c0f{ip: 127.0.0.1, host: localhost, ports: [REPLICATION=39357, RATIS=42503, RATIS_ADMIN=42503, RATIS_SERVER=42503, STANDALONE=36231], networkLocation: /default-rack, certSerialId: null, persistedOpState: IN_SERVICE, persistedOpStateExpiryEpochSec: 0}, ReplicationConfig: RATIS/THREE, State:ALLOCATED, leaderId:, CreationTimestamp2021-11-30T13:17:22.585Z[Etc/UTC]].
2021-11-30 13:17:22,605 [0f6dc6cb-fd39-4234-9fee-aa41e9cd5640@group-F37D1847179E-StateMachineUpdater] INFO  safemode.HealthyPipelineSafeModeRule (HealthyPipelineSafeModeRule.java:initializeRule(152)) - Refreshed total pipeline count is 0, healthy pipeline threshold count is 1
2021-11-30 13:17:22,605 [0f6dc6cb-fd39-4234-9fee-aa41e9cd5640@group-F37D1847179E-StateMachineUpdater] INFO  ha.SCMStateMachine (SCMStateMachine.java:takeSnapshot(297)) - Current Snapshot Index 13, takeSnapshot took 0 ms
2021-11-30 13:17:22,605 [0f6dc6cb-fd39-4234-9fee-aa41e9cd5640@group-F37D1847179E-StateMachineUpdater] INFO  impl.StateMachineUpdater (StateMachineUpdater.java:takeSnapshot(281)) - 0f6dc6cb-fd39-4234-9fee-aa41e9cd5640@group-F37D1847179E-StateMachineUpdater: Took a snapshot at index 13
2021-11-30 13:17:22,605 [0f6dc6cb-fd39-4234-9fee-aa41e9cd5640@group-F37D1847179E-StateMachineUpdater] INFO  impl.StateMachineUpdater (StateMachineUpdater.java:lambda$new$0(89)) - 0f6dc6cb-fd39-4234-9fee-aa41e9cd5640@group-F37D1847179E-StateMachineUpdater: snapshotIndex: updateIncreasingly 7 -> 13
2021-11-30 13:17:22,605 [0f6dc6cb-fd39-4234-9fee-aa41e9cd5640@group-F37D1847179E-StateMachineUpdater] INFO  raftlog.RaftLog (RaftLogBase.java:purge(306)) - 0f6dc6cb-fd39-4234-9fee-aa41e9cd5640@group-F37D1847179E-SegmentedRaftLog: purge 13
2021-11-30 13:17:22,605 [0f6dc6cb-fd39-4234-9fee-aa41e9cd5640@group-F37D1847179E-StateMachineUpdater] INFO  raftlog.RaftLog (RaftLogBase.java:lambda$new$0(53)) - 0f6dc6cb-fd39-4234-9fee-aa41e9cd5640@group-F37D1847179E-SegmentedRaftLog: snapshotIndex: updateIncreasingly 7 -> 13
2021-11-30 13:17:22,605 [0f6dc6cb-fd39-4234-9fee-aa41e9cd5640@group-F37D1847179E-StateMachineUpdater] INFO  raftlog.RaftLog (RaftLogBase.java:lambda$new$0(53)) - 0f6dc6cb-fd39-4234-9fee-aa41e9cd5640@group-F37D1847179E-SegmentedRaftLog: purgeIndex: updateToMax old=7, new=13, updated? true
2021-11-30 13:17:22,614 [e2ff296b-9428-40f2-9fe9-4cc07b88cea2@group-F37D1847179E-StateMachineUpdater] INFO  pipeline.PipelineStateManagerImpl (PipelineStateManagerImpl.java:addPipeline(101)) - Created pipeline Pipeline[ Id: 269ccda0-2374-4b33-a16a-0b6d4aab114f, Nodes: b8a6b2ba-922b-4f06-aab5-ca74535011cb{ip: 127.0.0.1, host: localhost, ports: [REPLICATION=46553, RATIS=33201, RATIS_ADMIN=33201, RATIS_SERVER=33201, STANDALONE=46807], networkLocation: /default-rack, certSerialId: null, persistedOpState: IN_SERVICE, persistedOpStateExpiryEpochSec: 0}2e564fa8-312b-4913-8140-cec84c445c17{ip: 127.0.0.1, host: localhost, ports: [REPLICATION=43161, RATIS=37125, RATIS_ADMIN=37125, RATIS_SERVER=37125, STANDALONE=43881], networkLocation: /default-rack, certSerialId: null, persistedOpState: IN_SERVICE, persistedOpStateExpiryEpochSec: 0}d98c3e5c-49fa-4679-a7d6-b0bafe1f3c0f{ip: 127.0.0.1, host: localhost, ports: [REPLICATION=39357, RATIS=42503, RATIS_ADMIN=42503, RATIS_SERVER=42503, STANDALONE=36231], networkLocation: /default-rack, certSerialId: null, persistedOpState: IN_SERVICE, persistedOpStateExpiryEpochSec: 0}, ReplicationConfig: RATIS/THREE, State:ALLOCATED, leaderId:, CreationTimestamp2021-11-30T13:17:22.601Z[Etc/UTC]].
2021-11-30 13:17:22,614 [e2ff296b-9428-40f2-9fe9-4cc07b88cea2@group-F37D1847179E-StateMachineUpdater] INFO  safemode.HealthyPipelineSafeModeRule (HealthyPipelineSafeModeRule.java:initializeRule(152)) - Refreshed total pipeline count is 0, healthy pipeline threshold count is 1
2021-11-30 13:17:22,614 [RatisPipelineUtilsThread - 0] INFO  ha.SCMHAInvocationHandler (SCMHAInvocationHandler.java:invokeRatis(113)) - Invoking method public abstract void org.apache.hadoop.hdds.scm.pipeline.PipelineStateManager.addPipeline(org.apache.hadoop.hdds.protocol.proto.HddsProtos$Pipeline) throws java.io.IOException on target org.apache.hadoop.hdds.scm.ha.SCMRatisServerImpl@30d17a27, cost 12419.716us
2021-11-30 13:17:22,614 [e2ff296b-9428-40f2-9fe9-4cc07b88cea2@group-F37D1847179E-StateMachineUpdater] INFO  ha.SCMStateMachine (SCMStateMachine.java:takeSnapshot(297)) - Current Snapshot Index 15, takeSnapshot took 0 ms
2021-11-30 13:17:22,614 [RatisPipelineUtilsThread - 0] INFO  pipeline.PipelineManagerImpl (PipelineManagerImpl.java:recordMetricsForPipeline(620)) - Pipeline: PipelineID=269ccda0-2374-4b33-a16a-0b6d4aab114f contains same datanodes as previous pipelines: PipelineID=84c57249-c4b7-4137-b173-8c2fd844f2f1 nodeIds: b8a6b2ba-922b-4f06-aab5-ca74535011cb, 2e564fa8-312b-4913-8140-cec84c445c17, d98c3e5c-49fa-4679-a7d6-b0bafe1f3c0f
2021-11-30 13:17:22,614 [e2ff296b-9428-40f2-9fe9-4cc07b88cea2@group-F37D1847179E-StateMachineUpdater] INFO  impl.StateMachineUpdater (StateMachineUpdater.java:takeSnapshot(281)) - e2ff296b-9428-40f2-9fe9-4cc07b88cea2@group-F37D1847179E-StateMachineUpdater: Took a snapshot at index 15
2021-11-30 13:17:22,614 [e2ff296b-9428-40f2-9fe9-4cc07b88cea2@group-F37D1847179E-StateMachineUpdater] INFO  impl.StateMachineUpdater (StateMachineUpdater.java:lambda$new$0(89)) - e2ff296b-9428-40f2-9fe9-4cc07b88cea2@group-F37D1847179E-StateMachineUpdater: snapshotIndex: updateIncreasingly 10 -> 15
2021-11-30 13:17:22,614 [e2ff296b-9428-40f2-9fe9-4cc07b88cea2@group-F37D1847179E-StateMachineUpdater] INFO  raftlog.RaftLog (RaftLogBase.java:purge(306)) - e2ff296b-9428-40f2-9fe9-4cc07b88cea2@group-F37D1847179E-SegmentedRaftLog: purge 15
2021-11-30 13:17:22,614 [e2ff296b-9428-40f2-9fe9-4cc07b88cea2@group-F37D1847179E-StateMachineUpdater] INFO  raftlog.RaftLog (RaftLogBase.java:lambda$new$0(53)) - e2ff296b-9428-40f2-9fe9-4cc07b88cea2@group-F37D1847179E-SegmentedRaftLog: snapshotIndex: updateIncreasingly 10 -> 15
2021-11-30 13:17:22,614 [e2ff296b-9428-40f2-9fe9-4cc07b88cea2@group-F37D1847179E-StateMachineUpdater] INFO  raftlog.RaftLog (RaftLogBase.java:lambda$new$0(53)) - e2ff296b-9428-40f2-9fe9-4cc07b88cea2@group-F37D1847179E-SegmentedRaftLog: purgeIndex: updateToMax old=10, new=15, updated? true
2021-11-30 13:17:22,618 [0f6dc6cb-fd39-4234-9fee-aa41e9cd5640@group-F37D1847179E-StateMachineUpdater] INFO  pipeline.PipelineStateManagerImpl (PipelineStateManagerImpl.java:addPipeline(101)) - Created pipeline Pipeline[ Id: 269ccda0-2374-4b33-a16a-0b6d4aab114f, Nodes: b8a6b2ba-922b-4f06-aab5-ca74535011cb{ip: 127.0.0.1, host: localhost, ports: [REPLICATION=46553, RATIS=33201, RATIS_ADMIN=33201, RATIS_SERVER=33201, STANDALONE=46807], networkLocation: /default-rack, certSerialId: null, persistedOpState: IN_SERVICE, persistedOpStateExpiryEpochSec: 0}2e564fa8-312b-4913-8140-cec84c445c17{ip: 127.0.0.1, host: localhost, ports: [REPLICATION=43161, RATIS=37125, RATIS_ADMIN=37125, RATIS_SERVER=37125, STANDALONE=43881], networkLocation: /default-rack, certSerialId: null, persistedOpState: IN_SERVICE, persistedOpStateExpiryEpochSec: 0}d98c3e5c-49fa-4679-a7d6-b0bafe1f3c0f{ip: 127.0.0.1, host: localhost, ports: [REPLICATION=39357, RATIS=42503, RATIS_ADMIN=42503, RATIS_SERVER=42503, STANDALONE=36231], networkLocation: /default-rack, certSerialId: null, persistedOpState: IN_SERVICE, persistedOpStateExpiryEpochSec: 0}, ReplicationConfig: RATIS/THREE, State:ALLOCATED, leaderId:, CreationTimestamp2021-11-30T13:17:22.601Z[Etc/UTC]].
2021-11-30 13:17:22,618 [0f6dc6cb-fd39-4234-9fee-aa41e9cd5640@group-F37D1847179E-StateMachineUpdater] INFO  safemode.HealthyPipelineSafeModeRule (HealthyPipelineSafeModeRule.java:initializeRule(152)) - Refreshed total pipeline count is 0, healthy pipeline threshold count is 1
2021-11-30 13:17:23,452 [EndpointStateMachine task thread for /127.0.0.1:13705 - 0 ] INFO  ipc.Client (Client.java:handleConnectionFailure(977)) - Retrying connect to server: localhost/127.0.0.1:13705. Already tried 10 time(s); retry policy is RetryUpToMaximumCountWithFixedSleep(maxRetries=15, sleepTime=1000 MILLISECONDS)
2021-11-30 13:17:23,453 [EndpointStateMachine task thread for /127.0.0.1:13685 - 0 ] INFO  ipc.Client (Client.java:handleConnectionFailure(977)) - Retrying connect to server: localhost/127.0.0.1:13685. Already tried 10 time(s); retry policy is RetryUpToMaximumCountWithFixedSleep(maxRetries=15, sleepTime=1000 MILLISECONDS)
2021-11-30 13:17:23,487 [EndpointStateMachine task thread for /127.0.0.1:13695 - 0 ] INFO  ipc.Client (Client.java:handleConnectionFailure(977)) - Retrying connect to server: localhost/127.0.0.1:13695. Already tried 10 time(s); retry policy is RetryUpToMaximumCountWithFixedSleep(maxRetries=15, sleepTime=1000 MILLISECONDS)
2021-11-30 13:17:23,497 [Listener at 127.0.0.1/10012] INFO  ozone.MiniOzoneClusterImpl (MiniOzoneClusterImpl.java:lambda$waitForClusterToBeReady$0(235)) - Nodes are ready. Got 3 of 3 DN Heartbeats.
2021-11-30 13:17:23,497 [Listener at 127.0.0.1/10012] INFO  ozone.MiniOzoneClusterImpl (MiniOzoneClusterImpl.java:lambda$waitForClusterToBeReady$0(238)) - Waiting for cluster to exit safe mode
2021-11-30 13:17:23,497 [Listener at 127.0.0.1/10012] INFO  ozone.MiniOzoneClusterImpl (MiniOzoneClusterImpl.java:lambda$waitForClusterToBeReady$0(240)) - SCM became leader
2021-11-30 13:17:24,084 [Datanode State Machine Daemon Thread] ERROR datanode.RunningDatanodeState (RunningDatanodeState.java:computeNextContainerState(199)) - Error in executing end point task.
java.util.concurrent.ExecutionException: java.util.concurrent.TimeoutException
	at java.util.concurrent.FutureTask.report(FutureTask.java:122)
	at java.util.concurrent.FutureTask.get(FutureTask.java:192)
	at org.apache.hadoop.ozone.container.common.states.datanode.RunningDatanodeState.computeNextContainerState(RunningDatanodeState.java:191)
	at org.apache.hadoop.ozone.container.common.states.datanode.RunningDatanodeState.await(RunningDatanodeState.java:231)
	at org.apache.hadoop.ozone.container.common.states.datanode.RunningDatanodeState.await(RunningDatanodeState.java:50)
	at org.apache.hadoop.ozone.container.common.statemachine.StateContext.execute(StateContext.java:633)
	at org.apache.hadoop.ozone.container.common.statemachine.DatanodeStateMachine.start(DatanodeStateMachine.java:280)
	at org.apache.hadoop.ozone.container.common.statemachine.DatanodeStateMachine.lambda$startDaemon$0(DatanodeStateMachine.java:468)
	at java.lang.Thread.run(Thread.java:748)
Caused by: java.util.concurrent.TimeoutException
	at java.util.concurrent.FutureTask.get(FutureTask.java:205)
	at org.apache.hadoop.ozone.container.common.states.datanode.RunningDatanodeState.lambda$execute$0(RunningDatanodeState.java:149)
	at java.util.concurrent.FutureTask.run(FutureTask.java:266)
	at java.util.concurrent.Executors$RunnableAdapter.call(Executors.java:511)
	at java.util.concurrent.FutureTask.run(FutureTask.java:266)
	at java.util.concurrent.ThreadPoolExecutor.runWorker(ThreadPoolExecutor.java:1149)
	at java.util.concurrent.ThreadPoolExecutor$Worker.run(ThreadPoolExecutor.java:624)
	... 1 more
2021-11-30 13:17:24,452 [EndpointStateMachine task thread for /127.0.0.1:13705 - 0 ] INFO  ipc.Client (Client.java:handleConnectionFailure(977)) - Retrying connect to server: localhost/127.0.0.1:13705. Already tried 11 time(s); retry policy is RetryUpToMaximumCountWithFixedSleep(maxRetries=15, sleepTime=1000 MILLISECONDS)
2021-11-30 13:17:24,456 [EndpointStateMachine task thread for /127.0.0.1:13685 - 0 ] INFO  ipc.Client (Client.java:handleConnectionFailure(977)) - Retrying connect to server: localhost/127.0.0.1:13685. Already tried 11 time(s); retry policy is RetryUpToMaximumCountWithFixedSleep(maxRetries=15, sleepTime=1000 MILLISECONDS)
2021-11-30 13:17:24,488 [EndpointStateMachine task thread for /127.0.0.1:13695 - 0 ] INFO  ipc.Client (Client.java:handleConnectionFailure(977)) - Retrying connect to server: localhost/127.0.0.1:13695. Already tried 11 time(s); retry policy is RetryUpToMaximumCountWithFixedSleep(maxRetries=15, sleepTime=1000 MILLISECONDS)
2021-11-30 13:17:24,497 [Listener at 127.0.0.1/10012] INFO  ozone.MiniOzoneClusterImpl (MiniOzoneClusterImpl.java:lambda$waitForClusterToBeReady$0(235)) - Nodes are ready. Got 3 of 3 DN Heartbeats.
2021-11-30 13:17:24,497 [Listener at 127.0.0.1/10012] INFO  ozone.MiniOzoneClusterImpl (MiniOzoneClusterImpl.java:lambda$waitForClusterToBeReady$0(238)) - Waiting for cluster to exit safe mode
2021-11-30 13:17:24,497 [Listener at 127.0.0.1/10012] INFO  ozone.MiniOzoneClusterImpl (MiniOzoneClusterImpl.java:lambda$waitForClusterToBeReady$0(240)) - SCM became leader
2021-11-30 13:17:24,822 [Command processor thread] INFO  server.RaftServer (RaftServerProxy.java:addNew(95)) - d98c3e5c-49fa-4679-a7d6-b0bafe1f3c0f: addNew group-8C3F35D77C57:[d98c3e5c-49fa-4679-a7d6-b0bafe1f3c0f|rpc:127.0.0.1:42503|priority:1] returns group-8C3F35D77C57:java.util.concurrent.CompletableFuture@6f74e9a4[Not completed]
2021-11-30 13:17:24,829 [pool-294-thread-1] INFO  server.RaftServer$Division (RaftServerImpl.java:<init>(184)) - d98c3e5c-49fa-4679-a7d6-b0bafe1f3c0f: new RaftServerImpl for group-8C3F35D77C57:[d98c3e5c-49fa-4679-a7d6-b0bafe1f3c0f|rpc:127.0.0.1:42503|priority:1] with ContainerStateMachine:uninitialized
2021-11-30 13:17:24,829 [pool-294-thread-1] INFO  server.RaftServerConfigKeys (ConfUtils.java:logGet(44)) - raft.server.rpc.timeout.min = 5s (custom)
2021-11-30 13:17:24,829 [pool-294-thread-1] INFO  server.RaftServerConfigKeys (ConfUtils.java:logGet(44)) - raft.server.rpc.timeout.max = 5200ms (custom)
2021-11-30 13:17:24,829 [pool-294-thread-1] INFO  server.RaftServerConfigKeys (ConfUtils.java:logGet(44)) - raft.server.rpc.sleep.time = 25ms (default)
2021-11-30 13:17:24,829 [pool-294-thread-1] INFO  server.RaftServerConfigKeys (ConfUtils.java:logGet(44)) - raft.server.rpc.slowness.timeout = 300s (custom)
2021-11-30 13:17:24,829 [pool-294-thread-1] INFO  server.RaftServerConfigKeys (ConfUtils.java:logGet(44)) - raft.server.leaderelection.leader.step-down.wait-time = 10s (default)
2021-11-30 13:17:24,829 [pool-294-thread-1] INFO  server.RaftServerConfigKeys (ConfUtils.java:logGet(44)) - raft.server.sleep.deviation.threshold = 300ms (default)
2021-11-30 13:17:24,829 [pool-294-thread-1] INFO  server.RaftServerConfigKeys (ConfUtils.java:logGet(44)) - raft.server.log.appender.install.snapshot.enabled = false (custom)
2021-11-30 13:17:24,829 [pool-294-thread-1] INFO  server.RaftServer$Division (ServerState.java:<init>(105)) - d98c3e5c-49fa-4679-a7d6-b0bafe1f3c0f@group-8C3F35D77C57: ConfigurationManager, init=-1: [d98c3e5c-49fa-4679-a7d6-b0bafe1f3c0f|rpc:127.0.0.1:42503|priority:1], old=null, confs=<EMPTY_MAP>
2021-11-30 13:17:24,830 [pool-294-thread-1] INFO  server.RaftServerConfigKeys (ConfUtils.java:logGet(44)) - raft.server.storage.dir = [/home/runner/work/ozone/ozone/hadoop-ozone/integration-test/target/test-dir/MiniOzoneClusterImpl-00f7fd44-dd00-490d-8842-f37d1847179e/datanode-0/data/ratis] (custom)
2021-11-30 13:17:24,830 [pool-294-thread-1] INFO  server.RaftServerConfigKeys (ConfUtils.java:logGet(44)) - raft.server.log.corruption.policy = EXCEPTION (default)
2021-11-30 13:17:24,830 [pool-294-thread-1] INFO  server.RaftServerConfigKeys (ConfUtils.java:logGet(44)) - raft.server.storage.free-space.min = 0MB (=0) (default)
2021-11-30 13:17:24,830 [pool-294-thread-1] INFO  storage.RaftStorageDirectory (RaftStorageDirectoryImpl.java:analyzeStorage(135)) - The storage directory /home/runner/work/ozone/ozone/hadoop-ozone/integration-test/target/test-dir/MiniOzoneClusterImpl-00f7fd44-dd00-490d-8842-f37d1847179e/datanode-0/data/ratis/f7f9eb2d-cdc7-4236-a589-8c3f35d77c57 does not exist. Creating ...
2021-11-30 13:17:24,831 [pool-294-thread-1] INFO  storage.RaftStorageDirectory (RaftStorageDirectoryImpl.java:tryLock(230)) - Lock on /home/runner/work/ozone/ozone/hadoop-ozone/integration-test/target/test-dir/MiniOzoneClusterImpl-00f7fd44-dd00-490d-8842-f37d1847179e/datanode-0/data/ratis/f7f9eb2d-cdc7-4236-a589-8c3f35d77c57/in_use.lock acquired by nodename 32455@fv-az148-447
2021-11-30 13:17:24,835 [pool-294-thread-1] INFO  storage.RaftStorage (RaftStorageImpl.java:format(89)) - Storage directory /home/runner/work/ozone/ozone/hadoop-ozone/integration-test/target/test-dir/MiniOzoneClusterImpl-00f7fd44-dd00-490d-8842-f37d1847179e/datanode-0/data/ratis/f7f9eb2d-cdc7-4236-a589-8c3f35d77c57 has been successfully formatted.
2021-11-30 13:17:24,836 [pool-294-thread-1] INFO  ratis.ContainerStateMachine (ContainerStateMachine.java:loadSnapshot(224)) - group-8C3F35D77C57: The snapshot info is null. Setting the last applied indexto:(t:0, i:~)
2021-11-30 13:17:24,836 [pool-294-thread-1] INFO  server.RaftServerConfigKeys (ConfUtils.java:logGet(44)) - raft.server.notification.no-leader.timeout = 300s (custom)
2021-11-30 13:17:24,836 [pool-294-thread-1] INFO  server.RaftServerConfigKeys (ConfUtils.java:logGet(44)) - raft.server.log.use.memory = false (default)
2021-11-30 13:17:24,836 [pool-294-thread-1] INFO  server.RaftServerConfigKeys (ConfUtils.java:logGet(44)) - raft.server.log.purge.gap = 1000000 (custom)
2021-11-30 13:17:24,837 [pool-294-thread-1] INFO  server.RaftServerConfigKeys (ConfUtils.java:logGet(44)) - raft.server.log.appender.buffer.byte-limit = 33554432 (custom)
2021-11-30 13:17:24,838 [EventQueue-PipelineReportForPipelineReportHandler] INFO  pipeline.PipelineManagerImpl (PipelineManagerImpl.java:openPipeline(289)) - Pipeline Pipeline[ Id: f7f9eb2d-cdc7-4236-a589-8c3f35d77c57, Nodes: d98c3e5c-49fa-4679-a7d6-b0bafe1f3c0f{ip: 127.0.0.1, host: localhost, ports: [REPLICATION=39357, RATIS=42503, RATIS_ADMIN=42503, RATIS_SERVER=42503, STANDALONE=36231], networkLocation: /default-rack, certSerialId: null, persistedOpState: IN_SERVICE, persistedOpStateExpiryEpochSec: 0}, ReplicationConfig: RATIS/ONE, State:ALLOCATED, leaderId:d98c3e5c-49fa-4679-a7d6-b0bafe1f3c0f, CreationTimestamp2021-11-30T13:17:21.835Z[Etc/UTC]] moved to OPEN state
2021-11-30 13:17:24,838 [pool-294-thread-1] INFO  server.RaftServerConfigKeys (ConfUtils.java:logGet(44)) - raft.server.log.segment.size.max = 1048576 (custom)
2021-11-30 13:17:24,838 [pool-294-thread-1] INFO  server.RaftServerConfigKeys (ConfUtils.java:logGet(44)) - raft.server.log.segment.cache.num.max = 2 (custom)
2021-11-30 13:17:24,838 [pool-294-thread-1] INFO  server.RaftServerConfigKeys (ConfUtils.java:logGet(44)) - raft.server.log.segment.cache.size.max = 200MB (=209715200) (default)
2021-11-30 13:17:24,838 [pool-294-thread-1] INFO  segmented.SegmentedRaftLogWorker (SegmentedRaftLogWorker.java:<init>(182)) - new d98c3e5c-49fa-4679-a7d6-b0bafe1f3c0f@group-8C3F35D77C57-SegmentedRaftLogWorker for RaftStorageImpl:Storage Directory /home/runner/work/ozone/ozone/hadoop-ozone/integration-test/target/test-dir/MiniOzoneClusterImpl-00f7fd44-dd00-490d-8842-f37d1847179e/datanode-0/data/ratis/f7f9eb2d-cdc7-4236-a589-8c3f35d77c57
2021-11-30 13:17:24,838 [pool-294-thread-1] INFO  server.RaftServerConfigKeys (ConfUtils.java:logGet(44)) - raft.server.log.queue.byte-limit = 2147483647 (custom)
2021-11-30 13:17:24,838 [pool-294-thread-1] INFO  server.RaftServerConfigKeys (ConfUtils.java:logGet(44)) - raft.server.log.queue.element-limit = 1024 (custom)
2021-11-30 13:17:24,838 [pool-294-thread-1] INFO  server.RaftServerConfigKeys (ConfUtils.java:logGet(44)) - raft.server.log.segment.size.max = 1048576 (custom)
2021-11-30 13:17:24,838 [pool-294-thread-1] INFO  server.RaftServerConfigKeys (ConfUtils.java:logGet(44)) - raft.server.log.preallocated.size = 16384 (custom)
2021-11-30 13:17:24,838 [pool-294-thread-1] INFO  server.RaftServerConfigKeys (ConfUtils.java:logGet(44)) - raft.server.log.force.sync.num = 128 (default)
2021-11-30 13:17:24,838 [pool-294-thread-1] INFO  server.RaftServerConfigKeys (ConfUtils.java:logGet(44)) - raft.server.log.statemachine.data.sync = true (default)
2021-11-30 13:17:24,838 [pool-294-thread-1] INFO  server.RaftServerConfigKeys (ConfUtils.java:logGet(44)) - raft.server.log.statemachine.data.sync.timeout = 10s (default)
2021-11-30 13:17:24,838 [pool-294-thread-1] INFO  server.RaftServerConfigKeys (ConfUtils.java:logGet(44)) - raft.server.log.statemachine.data.sync.timeout.retry = -1 (default)
2021-11-30 13:17:24,839 [pool-294-thread-1] INFO  server.RaftServerConfigKeys (ConfUtils.java:logGet(44)) - raft.server.log.write.buffer.size = 1048576 (custom)
2021-11-30 13:17:24,839 [pool-294-thread-1] INFO  server.RaftServerConfigKeys (ConfUtils.java:logGet(44)) - raft.server.log.statemachine.data.caching.enabled = true (custom)
2021-11-30 13:17:24,840 [EventQueue-PipelineReportForPipelineReportHandler] INFO  pipeline.PipelineManagerImpl (PipelineManagerImpl.java:openPipeline(289)) - Pipeline Pipeline[ Id: f7f9eb2d-cdc7-4236-a589-8c3f35d77c57, Nodes: d98c3e5c-49fa-4679-a7d6-b0bafe1f3c0f{ip: 127.0.0.1, host: localhost, ports: [REPLICATION=39357, RATIS=42503, RATIS_ADMIN=42503, RATIS_SERVER=42503, STANDALONE=36231], networkLocation: /default-rack, certSerialId: null, persistedOpState: IN_SERVICE, persistedOpStateExpiryEpochSec: 0}, ReplicationConfig: RATIS/ONE, State:ALLOCATED, leaderId:d98c3e5c-49fa-4679-a7d6-b0bafe1f3c0f, CreationTimestamp2021-11-30T13:17:21.835Z[Etc/UTC]] moved to OPEN state
2021-11-30 13:17:24,840 [pool-294-thread-1] INFO  segmented.SegmentedRaftLogWorker (SegmentedRaftLogWorker.java:lambda$new$0(133)) - d98c3e5c-49fa-4679-a7d6-b0bafe1f3c0f@group-8C3F35D77C57-SegmentedRaftLogWorker: flushIndex: setUnconditionally 0 -> -1
2021-11-30 13:17:24,840 [pool-294-thread-1] INFO  segmented.SegmentedRaftLogWorker (SegmentedRaftLogWorker.java:lambda$new$0(133)) - d98c3e5c-49fa-4679-a7d6-b0bafe1f3c0f@group-8C3F35D77C57-SegmentedRaftLogWorker: safeCacheEvictIndex: setUnconditionally 0 -> -1
2021-11-30 13:17:24,871 [pool-294-thread-1] INFO  server.RaftServerConfigKeys (ConfUtils.java:logGet(44)) - raft.server.snapshot.auto.trigger.enabled = true (custom)
2021-11-30 13:17:24,871 [pool-294-thread-1] INFO  server.RaftServerConfigKeys (ConfUtils.java:logGet(44)) - raft.server.snapshot.auto.trigger.threshold = 10000 (custom)
2021-11-30 13:17:24,871 [pool-294-thread-1] INFO  server.RaftServerConfigKeys (ConfUtils.java:logGet(44)) - raft.server.snapshot.retention.file.num = 5 (custom)
2021-11-30 13:17:24,871 [pool-294-thread-1] INFO  server.RaftServerConfigKeys (ConfUtils.java:logGet(44)) - raft.server.log.purge.upto.snapshot.index = false (default)
2021-11-30 13:17:24,871 [pool-294-thread-1] INFO  server.RaftServerConfigKeys (ConfUtils.java:logGet(44)) - raft.server.retrycache.expirytime = 600000ms (custom)
2021-11-30 13:17:24,871 [pool-294-thread-1] INFO  server.RaftServerConfigKeys (ConfUtils.java:logGet(44)) - raft.server.retrycache.statistics.expirytime = 100μs (default)
2021-11-30 13:17:24,872 [pool-294-thread-1] INFO  server.RaftServer$Division (RaftServerImpl.java:start(301)) - d98c3e5c-49fa-4679-a7d6-b0bafe1f3c0f@group-8C3F35D77C57: start as a follower, conf=-1: [d98c3e5c-49fa-4679-a7d6-b0bafe1f3c0f|rpc:127.0.0.1:42503|priority:1], old=null
2021-11-30 13:17:24,872 [pool-294-thread-1] INFO  server.RaftServer$Division (RaftServerImpl.java:setRole(290)) - d98c3e5c-49fa-4679-a7d6-b0bafe1f3c0f@group-8C3F35D77C57: changes role from      null to FOLLOWER at term 0 for startAsFollower
2021-11-30 13:17:24,872 [pool-294-thread-1] INFO  impl.RoleInfo (RoleInfo.java:updateAndGet(130)) - d98c3e5c-49fa-4679-a7d6-b0bafe1f3c0f: start d98c3e5c-49fa-4679-a7d6-b0bafe1f3c0f@group-8C3F35D77C57-FollowerState
2021-11-30 13:17:24,873 [pool-294-thread-1] INFO  util.JmxRegister (JmxRegister.java:tryRegister(44)) - Successfully registered JMX Bean with object name Ratis:service=RaftServer,group=group-8C3F35D77C57,id=d98c3e5c-49fa-4679-a7d6-b0bafe1f3c0f
2021-11-30 13:17:24,874 [Command processor thread] INFO  ratis.XceiverServerRatis (XceiverServerRatis.java:addGroup(768)) - Created group PipelineID=f7f9eb2d-cdc7-4236-a589-8c3f35d77c57
2021-11-30 13:17:24,874 [Command processor thread] INFO  commandhandler.CreatePipelineCommandHandler (CreatePipelineCommandHandler.java:handle(106)) - Created Pipeline RATIS ONE PipelineID=f7f9eb2d-cdc7-4236-a589-8c3f35d77c57.
2021-11-30 13:17:24,874 [Command processor thread] INFO  server.RaftServer (RaftServerProxy.java:addNew(95)) - d98c3e5c-49fa-4679-a7d6-b0bafe1f3c0f: addNew group-8C2FD844F2F1:[d98c3e5c-49fa-4679-a7d6-b0bafe1f3c0f|rpc:127.0.0.1:42503|priority:0, b8a6b2ba-922b-4f06-aab5-ca74535011cb|rpc:127.0.0.1:33201|priority:1, 2e564fa8-312b-4913-8140-cec84c445c17|rpc:127.0.0.1:37125|priority:0] returns group-8C2FD844F2F1:java.util.concurrent.CompletableFuture@6b4b7092[Not completed]
2021-11-30 13:17:24,875 [pool-294-thread-1] INFO  server.RaftServer$Division (RaftServerImpl.java:<init>(184)) - d98c3e5c-49fa-4679-a7d6-b0bafe1f3c0f: new RaftServerImpl for group-8C2FD844F2F1:[d98c3e5c-49fa-4679-a7d6-b0bafe1f3c0f|rpc:127.0.0.1:42503|priority:0, b8a6b2ba-922b-4f06-aab5-ca74535011cb|rpc:127.0.0.1:33201|priority:1, 2e564fa8-312b-4913-8140-cec84c445c17|rpc:127.0.0.1:37125|priority:0] with ContainerStateMachine:uninitialized
2021-11-30 13:17:24,875 [pool-294-thread-1] INFO  server.RaftServerConfigKeys (ConfUtils.java:logGet(44)) - raft.server.rpc.timeout.min = 5s (custom)
2021-11-30 13:17:24,875 [pool-294-thread-1] INFO  server.RaftServerConfigKeys (ConfUtils.java:logGet(44)) - raft.server.rpc.timeout.max = 5200ms (custom)
2021-11-30 13:17:24,875 [pool-294-thread-1] INFO  server.RaftServerConfigKeys (ConfUtils.java:logGet(44)) - raft.server.rpc.sleep.time = 25ms (default)
2021-11-30 13:17:24,875 [pool-294-thread-1] INFO  server.RaftServerConfigKeys (ConfUtils.java:logGet(44)) - raft.server.rpc.slowness.timeout = 300s (custom)
2021-11-30 13:17:24,875 [pool-294-thread-1] INFO  server.RaftServerConfigKeys (ConfUtils.java:logGet(44)) - raft.server.leaderelection.leader.step-down.wait-time = 10s (default)
2021-11-30 13:17:24,875 [pool-294-thread-1] INFO  server.RaftServerConfigKeys (ConfUtils.java:logGet(44)) - raft.server.sleep.deviation.threshold = 300ms (default)
2021-11-30 13:17:24,875 [pool-294-thread-1] INFO  server.RaftServerConfigKeys (ConfUtils.java:logGet(44)) - raft.server.log.appender.install.snapshot.enabled = false (custom)
2021-11-30 13:17:24,875 [pool-294-thread-1] INFO  server.RaftServer$Division (ServerState.java:<init>(105)) - d98c3e5c-49fa-4679-a7d6-b0bafe1f3c0f@group-8C2FD844F2F1: ConfigurationManager, init=-1: [d98c3e5c-49fa-4679-a7d6-b0bafe1f3c0f|rpc:127.0.0.1:42503|priority:0, b8a6b2ba-922b-4f06-aab5-ca74535011cb|rpc:127.0.0.1:33201|priority:1, 2e564fa8-312b-4913-8140-cec84c445c17|rpc:127.0.0.1:37125|priority:0], old=null, confs=<EMPTY_MAP>
2021-11-30 13:17:24,875 [pool-294-thread-1] INFO  server.RaftServerConfigKeys (ConfUtils.java:logGet(44)) - raft.server.storage.dir = [/home/runner/work/ozone/ozone/hadoop-ozone/integration-test/target/test-dir/MiniOzoneClusterImpl-00f7fd44-dd00-490d-8842-f37d1847179e/datanode-0/data/ratis] (custom)
2021-11-30 13:17:24,875 [pool-294-thread-1] INFO  server.RaftServerConfigKeys (ConfUtils.java:logGet(44)) - raft.server.log.corruption.policy = EXCEPTION (default)
2021-11-30 13:17:24,875 [pool-294-thread-1] INFO  server.RaftServerConfigKeys (ConfUtils.java:logGet(44)) - raft.server.storage.free-space.min = 0MB (=0) (default)
2021-11-30 13:17:24,875 [pool-294-thread-1] INFO  storage.RaftStorageDirectory (RaftStorageDirectoryImpl.java:analyzeStorage(135)) - The storage directory /home/runner/work/ozone/ozone/hadoop-ozone/integration-test/target/test-dir/MiniOzoneClusterImpl-00f7fd44-dd00-490d-8842-f37d1847179e/datanode-0/data/ratis/84c57249-c4b7-4137-b173-8c2fd844f2f1 does not exist. Creating ...
2021-11-30 13:17:24,879 [EventQueue-PipelineReportForPipelineReportHandler] INFO  ha.SCMHAInvocationHandler (SCMHAInvocationHandler.java:invokeRatis(113)) - Invoking method public abstract void org.apache.hadoop.hdds.scm.pipeline.PipelineStateManager.updatePipelineState(org.apache.hadoop.hdds.protocol.proto.HddsProtos$PipelineID,org.apache.hadoop.hdds.protocol.proto.HddsProtos$PipelineState) throws java.io.IOException on target org.apache.hadoop.hdds.scm.ha.SCMRatisServerImpl@2895a67c, cost 41648.422us
2021-11-30 13:17:24,880 [EndpointStateMachine task thread for /127.0.0.1:13421 - 0 ] WARN  statemachine.EndpointStateMachine (EndpointStateMachine.java:logIfNeeded(236)) - Unable to communicate to SCM server at 127.0.0.1:13421 for past 0 seconds.
java.net.SocketTimeoutException: Call From fv-az148-447/10.1.0.48 to localhost:13421 failed on socket timeout exception: java.net.SocketTimeoutException: 5000 millis timeout while waiting for channel to be ready for read. ch : java.nio.channels.SocketChannel[connected local=/127.0.0.1:39424 remote=/127.0.0.1:13421]; For more details see:  http://wiki.apache.org/hadoop/SocketTimeout
	at sun.reflect.NativeConstructorAccessorImpl.newInstance0(Native Method)
	at sun.reflect.NativeConstructorAccessorImpl.newInstance(NativeConstructorAccessorImpl.java:62)
	at sun.reflect.DelegatingConstructorAccessorImpl.newInstance(DelegatingConstructorAccessorImpl.java:45)
	at java.lang.reflect.Constructor.newInstance(Constructor.java:423)
	at org.apache.hadoop.net.NetUtils.wrapWithMessage(NetUtils.java:913)
	at org.apache.hadoop.net.NetUtils.wrapException(NetUtils.java:848)
	at org.apache.hadoop.ipc.Client.getRpcResponse(Client.java:1577)
	at org.apache.hadoop.ipc.Client.call(Client.java:1519)
	at org.apache.hadoop.ipc.Client.call(Client.java:1416)
	at org.apache.hadoop.ipc.ProtobufRpcEngine$Invoker.invoke(ProtobufRpcEngine.java:236)
	at org.apache.hadoop.ipc.ProtobufRpcEngine$Invoker.invoke(ProtobufRpcEngine.java:123)
	at com.sun.proxy.$Proxy48.submitRequest(Unknown Source)
	at org.apache.hadoop.ozone.protocolPB.StorageContainerDatanodeProtocolClientSideTranslatorPB.submitRequest(StorageContainerDatanodeProtocolClientSideTranslatorPB.java:117)
	at org.apache.hadoop.ozone.protocolPB.StorageContainerDatanodeProtocolClientSideTranslatorPB.getVersion(StorageContainerDatanodeProtocolClientSideTranslatorPB.java:133)
	at org.apache.hadoop.ozone.container.common.states.endpoint.VersionEndpointTask.call(VersionEndpointTask.java:71)
	at org.apache.hadoop.ozone.container.common.states.endpoint.VersionEndpointTask.call(VersionEndpointTask.java:42)
	at java.util.concurrent.FutureTask.run(FutureTask.java:266)
	at java.util.concurrent.ThreadPoolExecutor.runWorker(ThreadPoolExecutor.java:1149)
	at java.util.concurrent.ThreadPoolExecutor$Worker.run(ThreadPoolExecutor.java:624)
	at java.lang.Thread.run(Thread.java:748)
Caused by: java.net.SocketTimeoutException: 5000 millis timeout while waiting for channel to be ready for read. ch : java.nio.channels.SocketChannel[connected local=/127.0.0.1:39424 remote=/127.0.0.1:13421]
	at org.apache.hadoop.net.SocketIOWithTimeout.doIO(SocketIOWithTimeout.java:164)
	at org.apache.hadoop.net.SocketInputStream.read(SocketInputStream.java:161)
	at org.apache.hadoop.net.SocketInputStream.read(SocketInputStream.java:131)
	at java.io.FilterInputStream.read(FilterInputStream.java:133)
	at java.io.BufferedInputStream.fill(BufferedInputStream.java:246)
	at java.io.BufferedInputStream.read(BufferedInputStream.java:265)
	at java.io.FilterInputStream.read(FilterInputStream.java:83)
	at java.io.FilterInputStream.read(FilterInputStream.java:83)
	at org.apache.hadoop.ipc.Client$Connection$PingInputStream.read(Client.java:563)
	at java.io.DataInputStream.readInt(DataInputStream.java:387)
	at org.apache.hadoop.ipc.Client$IpcStreams.readResponse(Client.java:1892)
	at org.apache.hadoop.ipc.Client$Connection.receiveRpcResponse(Client.java:1202)
	at org.apache.hadoop.ipc.Client$Connection.run(Client.java:1098)
2021-11-30 13:17:24,880 [EndpointStateMachine task thread for /127.0.0.1:13421 - 0 ] WARN  statemachine.EndpointStateMachine (EndpointStateMachine.java:logIfNeeded(236)) - Unable to communicate to SCM server at 127.0.0.1:13421 for past 0 seconds.
java.net.SocketTimeoutException: Call From fv-az148-447/10.1.0.48 to localhost:13421 failed on socket timeout exception: java.net.SocketTimeoutException: 5000 millis timeout while waiting for channel to be ready for read. ch : java.nio.channels.SocketChannel[connected local=/127.0.0.1:39424 remote=/127.0.0.1:13421]; For more details see:  http://wiki.apache.org/hadoop/SocketTimeout
	at sun.reflect.NativeConstructorAccessorImpl.newInstance0(Native Method)
	at sun.reflect.NativeConstructorAccessorImpl.newInstance(NativeConstructorAccessorImpl.java:62)
	at sun.reflect.DelegatingConstructorAccessorImpl.newInstance(DelegatingConstructorAccessorImpl.java:45)
	at java.lang.reflect.Constructor.newInstance(Constructor.java:423)
	at org.apache.hadoop.net.NetUtils.wrapWithMessage(NetUtils.java:913)
	at org.apache.hadoop.net.NetUtils.wrapException(NetUtils.java:848)
	at org.apache.hadoop.ipc.Client.getRpcResponse(Client.java:1577)
	at org.apache.hadoop.ipc.Client.call(Client.java:1519)
	at org.apache.hadoop.ipc.Client.call(Client.java:1416)
	at org.apache.hadoop.ipc.ProtobufRpcEngine$Invoker.invoke(ProtobufRpcEngine.java:236)
	at org.apache.hadoop.ipc.ProtobufRpcEngine$Invoker.invoke(ProtobufRpcEngine.java:123)
	at com.sun.proxy.$Proxy48.submitRequest(Unknown Source)
	at org.apache.hadoop.ozone.protocolPB.StorageContainerDatanodeProtocolClientSideTranslatorPB.submitRequest(StorageContainerDatanodeProtocolClientSideTranslatorPB.java:117)
	at org.apache.hadoop.ozone.protocolPB.StorageContainerDatanodeProtocolClientSideTranslatorPB.getVersion(StorageContainerDatanodeProtocolClientSideTranslatorPB.java:133)
	at org.apache.hadoop.ozone.container.common.states.endpoint.VersionEndpointTask.call(VersionEndpointTask.java:71)
	at org.apache.hadoop.ozone.container.common.states.endpoint.VersionEndpointTask.call(VersionEndpointTask.java:42)
	at java.util.concurrent.FutureTask.run(FutureTask.java:266)
	at java.util.concurrent.ThreadPoolExecutor.runWorker(ThreadPoolExecutor.java:1149)
	at java.util.concurrent.ThreadPoolExecutor$Worker.run(ThreadPoolExecutor.java:624)
	at java.lang.Thread.run(Thread.java:748)
Caused by: java.net.SocketTimeoutException: 5000 millis timeout while waiting for channel to be ready for read. ch : java.nio.channels.SocketChannel[connected local=/127.0.0.1:39424 remote=/127.0.0.1:13421]
	at org.apache.hadoop.net.SocketIOWithTimeout.doIO(SocketIOWithTimeout.java:164)
	at org.apache.hadoop.net.SocketInputStream.read(SocketInputStream.java:161)
	at org.apache.hadoop.net.SocketInputStream.read(SocketInputStream.java:131)
	at java.io.FilterInputStream.read(FilterInputStream.java:133)
	at java.io.BufferedInputStream.fill(BufferedInputStream.java:246)
	at java.io.BufferedInputStream.read(BufferedInputStream.java:265)
	at java.io.FilterInputStream.read(FilterInputStream.java:83)
	at java.io.FilterInputStream.read(FilterInputStream.java:83)
	at org.apache.hadoop.ipc.Client$Connection$PingInputStream.read(Client.java:563)
	at java.io.DataInputStream.readInt(DataInputStream.java:387)
	at org.apache.hadoop.ipc.Client$IpcStreams.readResponse(Client.java:1892)
	at org.apache.hadoop.ipc.Client$Connection.receiveRpcResponse(Client.java:1202)
	at org.apache.hadoop.ipc.Client$Connection.run(Client.java:1098)
2021-11-30 13:17:24,880 [pool-294-thread-1] INFO  storage.RaftStorageDirectory (RaftStorageDirectoryImpl.java:tryLock(230)) - Lock on /home/runner/work/ozone/ozone/hadoop-ozone/integration-test/target/test-dir/MiniOzoneClusterImpl-00f7fd44-dd00-490d-8842-f37d1847179e/datanode-0/data/ratis/84c57249-c4b7-4137-b173-8c2fd844f2f1/in_use.lock acquired by nodename 32455@fv-az148-447
2021-11-30 13:17:24,880 [EndpointStateMachine task thread for /127.0.0.1:13421 - 0 ] WARN  statemachine.EndpointStateMachine (EndpointStateMachine.java:logIfNeeded(236)) - Unable to communicate to SCM server at localhost:13421 for past 0 seconds.
java.net.SocketTimeoutException: Call From fv-az148-447/10.1.0.48 to localhost:13421 failed on socket timeout exception: java.net.SocketTimeoutException: 5000 millis timeout while waiting for channel to be ready for read. ch : java.nio.channels.SocketChannel[connected local=/127.0.0.1:39424 remote=/127.0.0.1:13421]; For more details see:  http://wiki.apache.org/hadoop/SocketTimeout
	at sun.reflect.NativeConstructorAccessorImpl.newInstance0(Native Method)
	at sun.reflect.NativeConstructorAccessorImpl.newInstance(NativeConstructorAccessorImpl.java:62)
	at sun.reflect.DelegatingConstructorAccessorImpl.newInstance(DelegatingConstructorAccessorImpl.java:45)
	at java.lang.reflect.Constructor.newInstance(Constructor.java:423)
	at org.apache.hadoop.net.NetUtils.wrapWithMessage(NetUtils.java:913)
	at org.apache.hadoop.net.NetUtils.wrapException(NetUtils.java:848)
	at org.apache.hadoop.ipc.Client.getRpcResponse(Client.java:1577)
	at org.apache.hadoop.ipc.Client.call(Client.java:1519)
	at org.apache.hadoop.ipc.Client.call(Client.java:1416)
	at org.apache.hadoop.ipc.ProtobufRpcEngine$Invoker.invoke(ProtobufRpcEngine.java:236)
	at org.apache.hadoop.ipc.ProtobufRpcEngine$Invoker.invoke(ProtobufRpcEngine.java:123)
	at com.sun.proxy.$Proxy48.submitRequest(Unknown Source)
	at org.apache.hadoop.ozone.protocolPB.StorageContainerDatanodeProtocolClientSideTranslatorPB.submitRequest(StorageContainerDatanodeProtocolClientSideTranslatorPB.java:117)
	at org.apache.hadoop.ozone.protocolPB.StorageContainerDatanodeProtocolClientSideTranslatorPB.getVersion(StorageContainerDatanodeProtocolClientSideTranslatorPB.java:133)
	at org.apache.hadoop.ozone.container.common.states.endpoint.VersionEndpointTask.call(VersionEndpointTask.java:71)
	at org.apache.hadoop.ozone.container.common.states.endpoint.VersionEndpointTask.call(VersionEndpointTask.java:42)
	at java.util.concurrent.FutureTask.run(FutureTask.java:266)
	at java.util.concurrent.ThreadPoolExecutor.runWorker(ThreadPoolExecutor.java:1149)
	at java.util.concurrent.ThreadPoolExecutor$Worker.run(ThreadPoolExecutor.java:624)
	at java.lang.Thread.run(Thread.java:748)
Caused by: java.net.SocketTimeoutException: 5000 millis timeout while waiting for channel to be ready for read. ch : java.nio.channels.SocketChannel[connected local=/127.0.0.1:39424 remote=/127.0.0.1:13421]
	at org.apache.hadoop.net.SocketIOWithTimeout.doIO(SocketIOWithTimeout.java:164)
	at org.apache.hadoop.net.SocketInputStream.read(SocketInputStream.java:161)
	at org.apache.hadoop.net.SocketInputStream.read(SocketInputStream.java:131)
	at java.io.FilterInputStream.read(FilterInputStream.java:133)
	at java.io.BufferedInputStream.fill(BufferedInputStream.java:246)
	at java.io.BufferedInputStream.read(BufferedInputStream.java:265)
	at java.io.FilterInputStream.read(FilterInputStream.java:83)
	at java.io.FilterInputStream.read(FilterInputStream.java:83)
	at org.apache.hadoop.ipc.Client$Connection$PingInputStream.read(Client.java:563)
	at java.io.DataInputStream.readInt(DataInputStream.java:387)
	at org.apache.hadoop.ipc.Client$IpcStreams.readResponse(Client.java:1892)
	at org.apache.hadoop.ipc.Client$Connection.receiveRpcResponse(Client.java:1202)
	at org.apache.hadoop.ipc.Client$Connection.run(Client.java:1098)
2021-11-30 13:17:24,894 [pool-294-thread-1] INFO  storage.RaftStorage (RaftStorageImpl.java:format(89)) - Storage directory /home/runner/work/ozone/ozone/hadoop-ozone/integration-test/target/test-dir/MiniOzoneClusterImpl-00f7fd44-dd00-490d-8842-f37d1847179e/datanode-0/data/ratis/84c57249-c4b7-4137-b173-8c2fd844f2f1 has been successfully formatted.
2021-11-30 13:17:24,908 [pool-294-thread-1] INFO  ratis.ContainerStateMachine (ContainerStateMachine.java:loadSnapshot(224)) - group-8C2FD844F2F1: The snapshot info is null. Setting the last applied indexto:(t:0, i:~)
2021-11-30 13:17:24,908 [pool-294-thread-1] INFO  server.RaftServerConfigKeys (ConfUtils.java:logGet(44)) - raft.server.notification.no-leader.timeout = 300s (custom)
2021-11-30 13:17:24,908 [pool-294-thread-1] INFO  server.RaftServerConfigKeys (ConfUtils.java:logGet(44)) - raft.server.log.use.memory = false (default)
2021-11-30 13:17:24,908 [pool-294-thread-1] INFO  server.RaftServerConfigKeys (ConfUtils.java:logGet(44)) - raft.server.log.purge.gap = 1000000 (custom)
2021-11-30 13:17:24,908 [pool-294-thread-1] INFO  server.RaftServerConfigKeys (ConfUtils.java:logGet(44)) - raft.server.log.appender.buffer.byte-limit = 33554432 (custom)
2021-11-30 13:17:24,908 [pool-294-thread-1] INFO  server.RaftServerConfigKeys (ConfUtils.java:logGet(44)) - raft.server.log.segment.size.max = 1048576 (custom)
2021-11-30 13:17:24,909 [pool-294-thread-1] INFO  server.RaftServerConfigKeys (ConfUtils.java:logGet(44)) - raft.server.log.segment.cache.num.max = 2 (custom)
2021-11-30 13:17:24,909 [pool-294-thread-1] INFO  server.RaftServerConfigKeys (ConfUtils.java:logGet(44)) - raft.server.log.segment.cache.size.max = 200MB (=209715200) (default)
2021-11-30 13:17:24,909 [pool-294-thread-1] INFO  segmented.SegmentedRaftLogWorker (SegmentedRaftLogWorker.java:<init>(182)) - new d98c3e5c-49fa-4679-a7d6-b0bafe1f3c0f@group-8C2FD844F2F1-SegmentedRaftLogWorker for RaftStorageImpl:Storage Directory /home/runner/work/ozone/ozone/hadoop-ozone/integration-test/target/test-dir/MiniOzoneClusterImpl-00f7fd44-dd00-490d-8842-f37d1847179e/datanode-0/data/ratis/84c57249-c4b7-4137-b173-8c2fd844f2f1
2021-11-30 13:17:24,909 [pool-294-thread-1] INFO  server.RaftServerConfigKeys (ConfUtils.java:logGet(44)) - raft.server.log.queue.byte-limit = 2147483647 (custom)
2021-11-30 13:17:24,909 [pool-294-thread-1] INFO  server.RaftServerConfigKeys (ConfUtils.java:logGet(44)) - raft.server.log.queue.element-limit = 1024 (custom)
2021-11-30 13:17:24,909 [pool-294-thread-1] INFO  server.RaftServerConfigKeys (ConfUtils.java:logGet(44)) - raft.server.log.segment.size.max = 1048576 (custom)
2021-11-30 13:17:24,909 [pool-294-thread-1] INFO  server.RaftServerConfigKeys (ConfUtils.java:logGet(44)) - raft.server.log.preallocated.size = 16384 (custom)
2021-11-30 13:17:24,909 [pool-294-thread-1] INFO  server.RaftServerConfigKeys (ConfUtils.java:logGet(44)) - raft.server.log.force.sync.num = 128 (default)
2021-11-30 13:17:24,909 [pool-294-thread-1] INFO  server.RaftServerConfigKeys (ConfUtils.java:logGet(44)) - raft.server.log.statemachine.data.sync = true (default)
2021-11-30 13:17:24,909 [pool-294-thread-1] INFO  server.RaftServerConfigKeys (ConfUtils.java:logGet(44)) - raft.server.log.statemachine.data.sync.timeout = 10s (default)
2021-11-30 13:17:24,909 [pool-294-thread-1] INFO  server.RaftServerConfigKeys (ConfUtils.java:logGet(44)) - raft.server.log.statemachine.data.sync.timeout.retry = -1 (default)
2021-11-30 13:17:24,910 [pool-294-thread-1] INFO  server.RaftServerConfigKeys (ConfUtils.java:logGet(44)) - raft.server.log.write.buffer.size = 1048576 (custom)
2021-11-30 13:17:24,910 [pool-294-thread-1] INFO  server.RaftServerConfigKeys (ConfUtils.java:logGet(44)) - raft.server.log.statemachine.data.caching.enabled = true (custom)
2021-11-30 13:17:24,910 [pool-294-thread-1] INFO  segmented.SegmentedRaftLogWorker (SegmentedRaftLogWorker.java:lambda$new$0(133)) - d98c3e5c-49fa-4679-a7d6-b0bafe1f3c0f@group-8C2FD844F2F1-SegmentedRaftLogWorker: flushIndex: setUnconditionally 0 -> -1
2021-11-30 13:17:24,910 [pool-294-thread-1] INFO  segmented.SegmentedRaftLogWorker (SegmentedRaftLogWorker.java:lambda$new$0(133)) - d98c3e5c-49fa-4679-a7d6-b0bafe1f3c0f@group-8C2FD844F2F1-SegmentedRaftLogWorker: safeCacheEvictIndex: setUnconditionally 0 -> -1
2021-11-30 13:17:24,915 [pool-294-thread-1] INFO  server.RaftServerConfigKeys (ConfUtils.java:logGet(44)) - raft.server.snapshot.auto.trigger.enabled = true (custom)
2021-11-30 13:17:24,915 [pool-294-thread-1] INFO  server.RaftServerConfigKeys (ConfUtils.java:logGet(44)) - raft.server.snapshot.auto.trigger.threshold = 10000 (custom)
2021-11-30 13:17:24,915 [pool-294-thread-1] INFO  server.RaftServerConfigKeys (ConfUtils.java:logGet(44)) - raft.server.snapshot.retention.file.num = 5 (custom)
2021-11-30 13:17:24,915 [pool-294-thread-1] INFO  server.RaftServerConfigKeys (ConfUtils.java:logGet(44)) - raft.server.log.purge.upto.snapshot.index = false (default)
2021-11-30 13:17:24,915 [pool-294-thread-1] INFO  server.RaftServerConfigKeys (ConfUtils.java:logGet(44)) - raft.server.retrycache.expirytime = 600000ms (custom)
2021-11-30 13:17:24,915 [pool-294-thread-1] INFO  server.RaftServerConfigKeys (ConfUtils.java:logGet(44)) - raft.server.retrycache.statistics.expirytime = 100μs (default)
2021-11-30 13:17:24,916 [pool-294-thread-1] INFO  server.RaftServer$Division (RaftServerImpl.java:start(301)) - d98c3e5c-49fa-4679-a7d6-b0bafe1f3c0f@group-8C2FD844F2F1: start as a follower, conf=-1: [d98c3e5c-49fa-4679-a7d6-b0bafe1f3c0f|rpc:127.0.0.1:42503|priority:0, b8a6b2ba-922b-4f06-aab5-ca74535011cb|rpc:127.0.0.1:33201|priority:1, 2e564fa8-312b-4913-8140-cec84c445c17|rpc:127.0.0.1:37125|priority:0], old=null
2021-11-30 13:17:24,916 [pool-294-thread-1] INFO  server.RaftServer$Division (RaftServerImpl.java:setRole(290)) - d98c3e5c-49fa-4679-a7d6-b0bafe1f3c0f@group-8C2FD844F2F1: changes role from      null to FOLLOWER at term 0 for startAsFollower
2021-11-30 13:17:24,916 [pool-294-thread-1] INFO  impl.RoleInfo (RoleInfo.java:updateAndGet(130)) - d98c3e5c-49fa-4679-a7d6-b0bafe1f3c0f: start d98c3e5c-49fa-4679-a7d6-b0bafe1f3c0f@group-8C2FD844F2F1-FollowerState
2021-11-30 13:17:24,920 [pool-294-thread-1] INFO  util.JmxRegister (JmxRegister.java:tryRegister(44)) - Successfully registered JMX Bean with object name Ratis:service=RaftServer,group=group-8C2FD844F2F1,id=d98c3e5c-49fa-4679-a7d6-b0bafe1f3c0f
2021-11-30 13:17:24,930 [Command processor thread] INFO  ratis.XceiverServerRatis (XceiverServerRatis.java:addGroup(768)) - Created group PipelineID=84c57249-c4b7-4137-b173-8c2fd844f2f1
2021-11-30 13:17:24,945 [e2ff296b-9428-40f2-9fe9-4cc07b88cea2@group-F37D1847179E-StateMachineUpdater] INFO  safemode.HealthyPipelineSafeModeRule (HealthyPipelineSafeModeRule.java:initializeRule(152)) - Refreshed total pipeline count is 0, healthy pipeline threshold count is 1
2021-11-30 13:17:24,947 [EventQueue-PipelineReportForPipelineReportHandler] INFO  pipeline.PipelineManagerImpl (PipelineManagerImpl.java:openPipeline(289)) - Pipeline Pipeline[ Id: f7f9eb2d-cdc7-4236-a589-8c3f35d77c57, Nodes: d98c3e5c-49fa-4679-a7d6-b0bafe1f3c0f{ip: 127.0.0.1, host: localhost, ports: [REPLICATION=39357, RATIS=42503, RATIS_ADMIN=42503, RATIS_SERVER=42503, STANDALONE=36231], networkLocation: /default-rack, certSerialId: null, persistedOpState: IN_SERVICE, persistedOpStateExpiryEpochSec: 0}, ReplicationConfig: RATIS/ONE, State:ALLOCATED, leaderId:d98c3e5c-49fa-4679-a7d6-b0bafe1f3c0f, CreationTimestamp2021-11-30T13:17:21.835Z[Etc/UTC]] moved to OPEN state
2021-11-30 13:17:24,948 [EventQueue-PipelineReportForPipelineReportHandler] INFO  ha.SCMHAInvocationHandler (SCMHAInvocationHandler.java:invokeRatis(113)) - Invoking method public abstract void org.apache.hadoop.hdds.scm.pipeline.PipelineStateManager.updatePipelineState(org.apache.hadoop.hdds.protocol.proto.HddsProtos$PipelineID,org.apache.hadoop.hdds.protocol.proto.HddsProtos$PipelineState) throws java.io.IOException on target org.apache.hadoop.hdds.scm.ha.SCMRatisServerImpl@2895a67c, cost 195.303us
2021-11-30 13:17:24,948 [EventQueue-PipelineReportForPipelineReportHandler] INFO  ha.SCMHAInvocationHandler (SCMHAInvocationHandler.java:invokeRatis(113)) - Invoking method public abstract void org.apache.hadoop.hdds.scm.pipeline.PipelineStateManager.updatePipelineState(org.apache.hadoop.hdds.protocol.proto.HddsProtos$PipelineID,org.apache.hadoop.hdds.protocol.proto.HddsProtos$PipelineState) throws java.io.IOException on target org.apache.hadoop.hdds.scm.ha.SCMRatisServerImpl@30d17a27, cost 108146.774us
2021-11-30 13:17:24,969 [EventQueue-OpenPipelineForHealthyPipelineSafeModeRule] INFO  safemode.SCMSafeModeManager (HealthyPipelineSafeModeRule.java:process(124)) - SCM in safe mode. Healthy pipelines reported count is 0, required healthy pipeline reported count is 1
2021-11-30 13:17:24,969 [EventQueue-OpenPipelineForHealthyPipelineSafeModeRule] INFO  safemode.SCMSafeModeManager (HealthyPipelineSafeModeRule.java:process(124)) - SCM in safe mode. Healthy pipelines reported count is 0, required healthy pipeline reported count is 1
2021-11-30 13:17:24,973 [grpc-default-executor-3] INFO  server.RaftServer (RaftServerProxy.java:addNew(95)) - b8a6b2ba-922b-4f06-aab5-ca74535011cb: addNew group-8C2FD844F2F1:[d98c3e5c-49fa-4679-a7d6-b0bafe1f3c0f|rpc:127.0.0.1:42503|dataStream:|priority:0, b8a6b2ba-922b-4f06-aab5-ca74535011cb|rpc:127.0.0.1:33201|dataStream:|priority:1, 2e564fa8-312b-4913-8140-cec84c445c17|rpc:127.0.0.1:37125|dataStream:|priority:0] returns group-8C2FD844F2F1:java.util.concurrent.CompletableFuture@44d14845[Not completed]
2021-11-30 13:17:24,980 [0f6dc6cb-fd39-4234-9fee-aa41e9cd5640@group-F37D1847179E-StateMachineUpdater] INFO  safemode.HealthyPipelineSafeModeRule (HealthyPipelineSafeModeRule.java:initializeRule(152)) - Refreshed total pipeline count is 0, healthy pipeline threshold count is 1
2021-11-30 13:17:24,981 [pool-315-thread-1] INFO  server.RaftServer$Division (RaftServerImpl.java:<init>(184)) - b8a6b2ba-922b-4f06-aab5-ca74535011cb: new RaftServerImpl for group-8C2FD844F2F1:[d98c3e5c-49fa-4679-a7d6-b0bafe1f3c0f|rpc:127.0.0.1:42503|dataStream:|priority:0, b8a6b2ba-922b-4f06-aab5-ca74535011cb|rpc:127.0.0.1:33201|dataStream:|priority:1, 2e564fa8-312b-4913-8140-cec84c445c17|rpc:127.0.0.1:37125|dataStream:|priority:0] with ContainerStateMachine:uninitialized
2021-11-30 13:17:24,981 [pool-315-thread-1] INFO  server.RaftServerConfigKeys (ConfUtils.java:logGet(44)) - raft.server.rpc.timeout.min = 5s (custom)
2021-11-30 13:17:24,981 [pool-315-thread-1] INFO  server.RaftServerConfigKeys (ConfUtils.java:logGet(44)) - raft.server.rpc.timeout.max = 5200ms (custom)
2021-11-30 13:17:24,981 [pool-315-thread-1] INFO  server.RaftServerConfigKeys (ConfUtils.java:logGet(44)) - raft.server.rpc.sleep.time = 25ms (default)
2021-11-30 13:17:24,981 [pool-315-thread-1] INFO  server.RaftServerConfigKeys (ConfUtils.java:logGet(44)) - raft.server.rpc.slowness.timeout = 300s (custom)
2021-11-30 13:17:24,981 [pool-315-thread-1] INFO  server.RaftServerConfigKeys (ConfUtils.java:logGet(44)) - raft.server.leaderelection.leader.step-down.wait-time = 10s (default)
2021-11-30 13:17:24,981 [pool-315-thread-1] INFO  server.RaftServerConfigKeys (ConfUtils.java:logGet(44)) - raft.server.sleep.deviation.threshold = 300ms (default)
2021-11-30 13:17:24,981 [pool-315-thread-1] INFO  server.RaftServerConfigKeys (ConfUtils.java:logGet(44)) - raft.server.log.appender.install.snapshot.enabled = false (custom)
2021-11-30 13:17:24,982 [pool-315-thread-1] INFO  server.RaftServer$Division (ServerState.java:<init>(105)) - b8a6b2ba-922b-4f06-aab5-ca74535011cb@group-8C2FD844F2F1: ConfigurationManager, init=-1: [d98c3e5c-49fa-4679-a7d6-b0bafe1f3c0f|rpc:127.0.0.1:42503|dataStream:|priority:0, b8a6b2ba-922b-4f06-aab5-ca74535011cb|rpc:127.0.0.1:33201|dataStream:|priority:1, 2e564fa8-312b-4913-8140-cec84c445c17|rpc:127.0.0.1:37125|dataStream:|priority:0], old=null, confs=<EMPTY_MAP>
2021-11-30 13:17:24,982 [pool-315-thread-1] INFO  server.RaftServerConfigKeys (ConfUtils.java:logGet(44)) - raft.server.storage.dir = [/home/runner/work/ozone/ozone/hadoop-ozone/integration-test/target/test-dir/MiniOzoneClusterImpl-00f7fd44-dd00-490d-8842-f37d1847179e/datanode-1/data/ratis] (custom)
2021-11-30 13:17:24,982 [pool-315-thread-1] INFO  server.RaftServerConfigKeys (ConfUtils.java:logGet(44)) - raft.server.log.corruption.policy = EXCEPTION (default)
2021-11-30 13:17:24,982 [pool-315-thread-1] INFO  server.RaftServerConfigKeys (ConfUtils.java:logGet(44)) - raft.server.storage.free-space.min = 0MB (=0) (default)
2021-11-30 13:17:24,982 [pool-315-thread-1] INFO  storage.RaftStorageDirectory (RaftStorageDirectoryImpl.java:analyzeStorage(135)) - The storage directory /home/runner/work/ozone/ozone/hadoop-ozone/integration-test/target/test-dir/MiniOzoneClusterImpl-00f7fd44-dd00-490d-8842-f37d1847179e/datanode-1/data/ratis/84c57249-c4b7-4137-b173-8c2fd844f2f1 does not exist. Creating ...
2021-11-30 13:17:24,986 [pool-315-thread-1] INFO  storage.RaftStorageDirectory (RaftStorageDirectoryImpl.java:tryLock(230)) - Lock on /home/runner/work/ozone/ozone/hadoop-ozone/integration-test/target/test-dir/MiniOzoneClusterImpl-00f7fd44-dd00-490d-8842-f37d1847179e/datanode-1/data/ratis/84c57249-c4b7-4137-b173-8c2fd844f2f1/in_use.lock acquired by nodename 32455@fv-az148-447
2021-11-30 13:17:24,989 [pool-315-thread-1] INFO  storage.RaftStorage (RaftStorageImpl.java:format(89)) - Storage directory /home/runner/work/ozone/ozone/hadoop-ozone/integration-test/target/test-dir/MiniOzoneClusterImpl-00f7fd44-dd00-490d-8842-f37d1847179e/datanode-1/data/ratis/84c57249-c4b7-4137-b173-8c2fd844f2f1 has been successfully formatted.
2021-11-30 13:17:24,992 [pool-315-thread-1] INFO  ratis.ContainerStateMachine (ContainerStateMachine.java:loadSnapshot(224)) - group-8C2FD844F2F1: The snapshot info is null. Setting the last applied indexto:(t:0, i:~)
2021-11-30 13:17:24,992 [pool-315-thread-1] INFO  server.RaftServerConfigKeys (ConfUtils.java:logGet(44)) - raft.server.notification.no-leader.timeout = 300s (custom)
2021-11-30 13:17:24,992 [pool-315-thread-1] INFO  server.RaftServerConfigKeys (ConfUtils.java:logGet(44)) - raft.server.log.use.memory = false (default)
2021-11-30 13:17:24,992 [pool-315-thread-1] INFO  server.RaftServerConfigKeys (ConfUtils.java:logGet(44)) - raft.server.log.purge.gap = 1000000 (custom)
2021-11-30 13:17:24,992 [pool-315-thread-1] INFO  server.RaftServerConfigKeys (ConfUtils.java:logGet(44)) - raft.server.log.appender.buffer.byte-limit = 33554432 (custom)
2021-11-30 13:17:24,992 [pool-315-thread-1] INFO  server.RaftServerConfigKeys (ConfUtils.java:logGet(44)) - raft.server.log.segment.size.max = 1048576 (custom)
2021-11-30 13:17:24,993 [pool-315-thread-1] INFO  server.RaftServerConfigKeys (ConfUtils.java:logGet(44)) - raft.server.log.segment.cache.num.max = 2 (custom)
2021-11-30 13:17:24,993 [pool-315-thread-1] INFO  server.RaftServerConfigKeys (ConfUtils.java:logGet(44)) - raft.server.log.segment.cache.size.max = 200MB (=209715200) (default)
2021-11-30 13:17:24,993 [pool-315-thread-1] INFO  segmented.SegmentedRaftLogWorker (SegmentedRaftLogWorker.java:<init>(182)) - new b8a6b2ba-922b-4f06-aab5-ca74535011cb@group-8C2FD844F2F1-SegmentedRaftLogWorker for RaftStorageImpl:Storage Directory /home/runner/work/ozone/ozone/hadoop-ozone/integration-test/target/test-dir/MiniOzoneClusterImpl-00f7fd44-dd00-490d-8842-f37d1847179e/datanode-1/data/ratis/84c57249-c4b7-4137-b173-8c2fd844f2f1
2021-11-30 13:17:24,993 [pool-315-thread-1] INFO  server.RaftServerConfigKeys (ConfUtils.java:logGet(44)) - raft.server.log.queue.byte-limit = 2147483647 (custom)
2021-11-30 13:17:24,993 [pool-315-thread-1] INFO  server.RaftServerConfigKeys (ConfUtils.java:logGet(44)) - raft.server.log.queue.element-limit = 1024 (custom)
2021-11-30 13:17:24,993 [pool-315-thread-1] INFO  server.RaftServerConfigKeys (ConfUtils.java:logGet(44)) - raft.server.log.segment.size.max = 1048576 (custom)
2021-11-30 13:17:24,993 [pool-315-thread-1] INFO  server.RaftServerConfigKeys (ConfUtils.java:logGet(44)) - raft.server.log.preallocated.size = 16384 (custom)
2021-11-30 13:17:24,993 [pool-315-thread-1] INFO  server.RaftServerConfigKeys (ConfUtils.java:logGet(44)) - raft.server.log.force.sync.num = 128 (default)
2021-11-30 13:17:24,993 [pool-315-thread-1] INFO  server.RaftServerConfigKeys (ConfUtils.java:logGet(44)) - raft.server.log.statemachine.data.sync = true (default)
2021-11-30 13:17:24,993 [pool-315-thread-1] INFO  server.RaftServerConfigKeys (ConfUtils.java:logGet(44)) - raft.server.log.statemachine.data.sync.timeout = 10s (default)
2021-11-30 13:17:24,993 [pool-315-thread-1] INFO  server.RaftServerConfigKeys (ConfUtils.java:logGet(44)) - raft.server.log.statemachine.data.sync.timeout.retry = -1 (default)
2021-11-30 13:17:24,994 [pool-315-thread-1] INFO  server.RaftServerConfigKeys (ConfUtils.java:logGet(44)) - raft.server.log.write.buffer.size = 1048576 (custom)
2021-11-30 13:17:24,995 [pool-315-thread-1] INFO  server.RaftServerConfigKeys (ConfUtils.java:logGet(44)) - raft.server.log.statemachine.data.caching.enabled = true (custom)
2021-11-30 13:17:24,996 [pool-315-thread-1] INFO  segmented.SegmentedRaftLogWorker (SegmentedRaftLogWorker.java:lambda$new$0(133)) - b8a6b2ba-922b-4f06-aab5-ca74535011cb@group-8C2FD844F2F1-SegmentedRaftLogWorker: flushIndex: setUnconditionally 0 -> -1
2021-11-30 13:17:24,996 [pool-315-thread-1] INFO  segmented.SegmentedRaftLogWorker (SegmentedRaftLogWorker.java:lambda$new$0(133)) - b8a6b2ba-922b-4f06-aab5-ca74535011cb@group-8C2FD844F2F1-SegmentedRaftLogWorker: safeCacheEvictIndex: setUnconditionally 0 -> -1
2021-11-30 13:17:25,002 [pool-315-thread-1] INFO  server.RaftServerConfigKeys (ConfUtils.java:logGet(44)) - raft.server.snapshot.auto.trigger.enabled = true (custom)
2021-11-30 13:17:25,002 [pool-315-thread-1] INFO  server.RaftServerConfigKeys (ConfUtils.java:logGet(44)) - raft.server.snapshot.auto.trigger.threshold = 10000 (custom)
2021-11-30 13:17:25,002 [pool-315-thread-1] INFO  server.RaftServerConfigKeys (ConfUtils.java:logGet(44)) - raft.server.snapshot.retention.file.num = 5 (custom)
2021-11-30 13:17:25,002 [pool-315-thread-1] INFO  server.RaftServerConfigKeys (ConfUtils.java:logGet(44)) - raft.server.log.purge.upto.snapshot.index = false (default)
2021-11-30 13:17:25,002 [pool-315-thread-1] INFO  server.RaftServerConfigKeys (ConfUtils.java:logGet(44)) - raft.server.retrycache.expirytime = 600000ms (custom)
2021-11-30 13:17:25,002 [pool-315-thread-1] INFO  server.RaftServerConfigKeys (ConfUtils.java:logGet(44)) - raft.server.retrycache.statistics.expirytime = 100μs (default)
2021-11-30 13:17:25,003 [pool-315-thread-1] INFO  server.RaftServer$Division (RaftServerImpl.java:start(301)) - b8a6b2ba-922b-4f06-aab5-ca74535011cb@group-8C2FD844F2F1: start as a follower, conf=-1: [d98c3e5c-49fa-4679-a7d6-b0bafe1f3c0f|rpc:127.0.0.1:42503|dataStream:|priority:0, b8a6b2ba-922b-4f06-aab5-ca74535011cb|rpc:127.0.0.1:33201|dataStream:|priority:1, 2e564fa8-312b-4913-8140-cec84c445c17|rpc:127.0.0.1:37125|dataStream:|priority:0], old=null
2021-11-30 13:17:25,003 [pool-315-thread-1] INFO  server.RaftServer$Division (RaftServerImpl.java:setRole(290)) - b8a6b2ba-922b-4f06-aab5-ca74535011cb@group-8C2FD844F2F1: changes role from      null to FOLLOWER at term 0 for startAsFollower
2021-11-30 13:17:25,003 [pool-315-thread-1] INFO  impl.RoleInfo (RoleInfo.java:updateAndGet(130)) - b8a6b2ba-922b-4f06-aab5-ca74535011cb: start b8a6b2ba-922b-4f06-aab5-ca74535011cb@group-8C2FD844F2F1-FollowerState
2021-11-30 13:17:25,021 [pool-315-thread-1] INFO  util.JmxRegister (JmxRegister.java:tryRegister(44)) - Successfully registered JMX Bean with object name Ratis:service=RaftServer,group=group-8C2FD844F2F1,id=b8a6b2ba-922b-4f06-aab5-ca74535011cb
2021-11-30 13:17:25,071 [grpc-default-executor-3] INFO  server.RaftServer (RaftServerProxy.java:addNew(95)) - 2e564fa8-312b-4913-8140-cec84c445c17: addNew group-8C2FD844F2F1:[d98c3e5c-49fa-4679-a7d6-b0bafe1f3c0f|rpc:127.0.0.1:42503|dataStream:|priority:0, b8a6b2ba-922b-4f06-aab5-ca74535011cb|rpc:127.0.0.1:33201|dataStream:|priority:1, 2e564fa8-312b-4913-8140-cec84c445c17|rpc:127.0.0.1:37125|dataStream:|priority:0] returns group-8C2FD844F2F1:java.util.concurrent.CompletableFuture@5a0f84cc[Not completed]
2021-11-30 13:17:25,084 [Command processor thread] INFO  server.RaftServer (RaftServerProxy.java:addNew(95)) - b8a6b2ba-922b-4f06-aab5-ca74535011cb: addNew group-E654A5FF60B9:[b8a6b2ba-922b-4f06-aab5-ca74535011cb|rpc:127.0.0.1:33201|priority:1] returns group-E654A5FF60B9:java.util.concurrent.CompletableFuture@42d18dec[Not completed]
2021-11-30 13:17:25,085 [pool-315-thread-1] INFO  server.RaftServer$Division (RaftServerImpl.java:<init>(184)) - b8a6b2ba-922b-4f06-aab5-ca74535011cb: new RaftServerImpl for group-E654A5FF60B9:[b8a6b2ba-922b-4f06-aab5-ca74535011cb|rpc:127.0.0.1:33201|priority:1] with ContainerStateMachine:uninitialized
2021-11-30 13:17:25,085 [pool-315-thread-1] INFO  server.RaftServerConfigKeys (ConfUtils.java:logGet(44)) - raft.server.rpc.timeout.min = 5s (custom)
2021-11-30 13:17:25,085 [pool-315-thread-1] INFO  server.RaftServerConfigKeys (ConfUtils.java:logGet(44)) - raft.server.rpc.timeout.max = 5200ms (custom)
2021-11-30 13:17:25,085 [pool-315-thread-1] INFO  server.RaftServerConfigKeys (ConfUtils.java:logGet(44)) - raft.server.rpc.sleep.time = 25ms (default)
2021-11-30 13:17:25,085 [pool-315-thread-1] INFO  server.RaftServerConfigKeys (ConfUtils.java:logGet(44)) - raft.server.rpc.slowness.timeout = 300s (custom)
2021-11-30 13:17:25,085 [pool-315-thread-1] INFO  server.RaftServerConfigKeys (ConfUtils.java:logGet(44)) - raft.server.leaderelection.leader.step-down.wait-time = 10s (default)
2021-11-30 13:17:25,085 [pool-315-thread-1] INFO  server.RaftServerConfigKeys (ConfUtils.java:logGet(44)) - raft.server.sleep.deviation.threshold = 300ms (default)
2021-11-30 13:17:25,085 [pool-315-thread-1] INFO  server.RaftServerConfigKeys (ConfUtils.java:logGet(44)) - raft.server.log.appender.install.snapshot.enabled = false (custom)
2021-11-30 13:17:25,085 [pool-315-thread-1] INFO  server.RaftServer$Division (ServerState.java:<init>(105)) - b8a6b2ba-922b-4f06-aab5-ca74535011cb@group-E654A5FF60B9: ConfigurationManager, init=-1: [b8a6b2ba-922b-4f06-aab5-ca74535011cb|rpc:127.0.0.1:33201|priority:1], old=null, confs=<EMPTY_MAP>
2021-11-30 13:17:25,085 [pool-315-thread-1] INFO  server.RaftServerConfigKeys (ConfUtils.java:logGet(44)) - raft.server.storage.dir = [/home/runner/work/ozone/ozone/hadoop-ozone/integration-test/target/test-dir/MiniOzoneClusterImpl-00f7fd44-dd00-490d-8842-f37d1847179e/datanode-1/data/ratis] (custom)
2021-11-30 13:17:25,085 [pool-315-thread-1] INFO  server.RaftServerConfigKeys (ConfUtils.java:logGet(44)) - raft.server.log.corruption.policy = EXCEPTION (default)
2021-11-30 13:17:25,086 [pool-315-thread-1] INFO  server.RaftServerConfigKeys (ConfUtils.java:logGet(44)) - raft.server.storage.free-space.min = 0MB (=0) (default)
2021-11-30 13:17:25,086 [pool-315-thread-1] INFO  storage.RaftStorageDirectory (RaftStorageDirectoryImpl.java:analyzeStorage(135)) - The storage directory /home/runner/work/ozone/ozone/hadoop-ozone/integration-test/target/test-dir/MiniOzoneClusterImpl-00f7fd44-dd00-490d-8842-f37d1847179e/datanode-1/data/ratis/df23bc56-056b-44a3-8b57-e654a5ff60b9 does not exist. Creating ...
2021-11-30 13:17:25,086 [pool-336-thread-1] INFO  server.RaftServer$Division (RaftServerImpl.java:<init>(184)) - 2e564fa8-312b-4913-8140-cec84c445c17: new RaftServerImpl for group-8C2FD844F2F1:[d98c3e5c-49fa-4679-a7d6-b0bafe1f3c0f|rpc:127.0.0.1:42503|dataStream:|priority:0, b8a6b2ba-922b-4f06-aab5-ca74535011cb|rpc:127.0.0.1:33201|dataStream:|priority:1, 2e564fa8-312b-4913-8140-cec84c445c17|rpc:127.0.0.1:37125|dataStream:|priority:0] with ContainerStateMachine:uninitialized
2021-11-30 13:17:25,086 [pool-336-thread-1] INFO  server.RaftServerConfigKeys (ConfUtils.java:logGet(44)) - raft.server.rpc.timeout.min = 5s (custom)
2021-11-30 13:17:25,086 [pool-336-thread-1] INFO  server.RaftServerConfigKeys (ConfUtils.java:logGet(44)) - raft.server.rpc.timeout.max = 5200ms (custom)
2021-11-30 13:17:25,086 [pool-336-thread-1] INFO  server.RaftServerConfigKeys (ConfUtils.java:logGet(44)) - raft.server.rpc.sleep.time = 25ms (default)
2021-11-30 13:17:25,086 [pool-336-thread-1] INFO  server.RaftServerConfigKeys (ConfUtils.java:logGet(44)) - raft.server.rpc.slowness.timeout = 300s (custom)
2021-11-30 13:17:25,087 [pool-315-thread-1] INFO  storage.RaftStorageDirectory (RaftStorageDirectoryImpl.java:tryLock(230)) - Lock on /home/runner/work/ozone/ozone/hadoop-ozone/integration-test/target/test-dir/MiniOzoneClusterImpl-00f7fd44-dd00-490d-8842-f37d1847179e/datanode-1/data/ratis/df23bc56-056b-44a3-8b57-e654a5ff60b9/in_use.lock acquired by nodename 32455@fv-az148-447
2021-11-30 13:17:25,089 [pool-336-thread-1] INFO  server.RaftServerConfigKeys (ConfUtils.java:logGet(44)) - raft.server.leaderelection.leader.step-down.wait-time = 10s (default)
2021-11-30 13:17:25,089 [pool-336-thread-1] INFO  server.RaftServerConfigKeys (ConfUtils.java:logGet(44)) - raft.server.sleep.deviation.threshold = 300ms (default)
2021-11-30 13:17:25,090 [pool-315-thread-1] INFO  storage.RaftStorage (RaftStorageImpl.java:format(89)) - Storage directory /home/runner/work/ozone/ozone/hadoop-ozone/integration-test/target/test-dir/MiniOzoneClusterImpl-00f7fd44-dd00-490d-8842-f37d1847179e/datanode-1/data/ratis/df23bc56-056b-44a3-8b57-e654a5ff60b9 has been successfully formatted.
2021-11-30 13:17:25,090 [pool-315-thread-1] INFO  ratis.ContainerStateMachine (ContainerStateMachine.java:loadSnapshot(224)) - group-E654A5FF60B9: The snapshot info is null. Setting the last applied indexto:(t:0, i:~)
2021-11-30 13:17:25,090 [pool-315-thread-1] INFO  server.RaftServerConfigKeys (ConfUtils.java:logGet(44)) - raft.server.notification.no-leader.timeout = 300s (custom)
2021-11-30 13:17:25,090 [pool-315-thread-1] INFO  server.RaftServerConfigKeys (ConfUtils.java:logGet(44)) - raft.server.log.use.memory = false (default)
2021-11-30 13:17:25,090 [pool-315-thread-1] INFO  server.RaftServerConfigKeys (ConfUtils.java:logGet(44)) - raft.server.log.purge.gap = 1000000 (custom)
2021-11-30 13:17:25,090 [pool-315-thread-1] INFO  server.RaftServerConfigKeys (ConfUtils.java:logGet(44)) - raft.server.log.appender.buffer.byte-limit = 33554432 (custom)
2021-11-30 13:17:25,090 [pool-315-thread-1] INFO  server.RaftServerConfigKeys (ConfUtils.java:logGet(44)) - raft.server.log.segment.size.max = 1048576 (custom)
2021-11-30 13:17:25,091 [pool-315-thread-1] INFO  server.RaftServerConfigKeys (ConfUtils.java:logGet(44)) - raft.server.log.segment.cache.num.max = 2 (custom)
2021-11-30 13:17:25,091 [pool-315-thread-1] INFO  server.RaftServerConfigKeys (ConfUtils.java:logGet(44)) - raft.server.log.segment.cache.size.max = 200MB (=209715200) (default)
2021-11-30 13:17:25,091 [pool-315-thread-1] INFO  segmented.SegmentedRaftLogWorker (SegmentedRaftLogWorker.java:<init>(182)) - new b8a6b2ba-922b-4f06-aab5-ca74535011cb@group-E654A5FF60B9-SegmentedRaftLogWorker for RaftStorageImpl:Storage Directory /home/runner/work/ozone/ozone/hadoop-ozone/integration-test/target/test-dir/MiniOzoneClusterImpl-00f7fd44-dd00-490d-8842-f37d1847179e/datanode-1/data/ratis/df23bc56-056b-44a3-8b57-e654a5ff60b9
2021-11-30 13:17:25,091 [pool-315-thread-1] INFO  server.RaftServerConfigKeys (ConfUtils.java:logGet(44)) - raft.server.log.queue.byte-limit = 2147483647 (custom)
2021-11-30 13:17:25,091 [pool-315-thread-1] INFO  server.RaftServerConfigKeys (ConfUtils.java:logGet(44)) - raft.server.log.queue.element-limit = 1024 (custom)
2021-11-30 13:17:25,091 [pool-315-thread-1] INFO  server.RaftServerConfigKeys (ConfUtils.java:logGet(44)) - raft.server.log.segment.size.max = 1048576 (custom)
2021-11-30 13:17:25,091 [pool-315-thread-1] INFO  server.RaftServerConfigKeys (ConfUtils.java:logGet(44)) - raft.server.log.preallocated.size = 16384 (custom)
2021-11-30 13:17:25,091 [pool-315-thread-1] INFO  server.RaftServerConfigKeys (ConfUtils.java:logGet(44)) - raft.server.log.force.sync.num = 128 (default)
2021-11-30 13:17:25,091 [pool-315-thread-1] INFO  server.RaftServerConfigKeys (ConfUtils.java:logGet(44)) - raft.server.log.statemachine.data.sync = true (default)
2021-11-30 13:17:25,091 [pool-315-thread-1] INFO  server.RaftServerConfigKeys (ConfUtils.java:logGet(44)) - raft.server.log.statemachine.data.sync.timeout = 10s (default)
2021-11-30 13:17:25,091 [pool-315-thread-1] INFO  server.RaftServerConfigKeys (ConfUtils.java:logGet(44)) - raft.server.log.statemachine.data.sync.timeout.retry = -1 (default)
2021-11-30 13:17:25,093 [EventQueue-PipelineReportForPipelineReportHandler] INFO  pipeline.PipelineManagerImpl (PipelineManagerImpl.java:openPipeline(289)) - Pipeline Pipeline[ Id: df23bc56-056b-44a3-8b57-e654a5ff60b9, Nodes: b8a6b2ba-922b-4f06-aab5-ca74535011cb{ip: 127.0.0.1, host: localhost, ports: [REPLICATION=46553, RATIS=33201, RATIS_ADMIN=33201, RATIS_SERVER=33201, STANDALONE=46807], networkLocation: /default-rack, certSerialId: null, persistedOpState: IN_SERVICE, persistedOpStateExpiryEpochSec: 0}, ReplicationConfig: RATIS/ONE, State:ALLOCATED, leaderId:b8a6b2ba-922b-4f06-aab5-ca74535011cb, CreationTimestamp2021-11-30T13:17:22.108Z[Etc/UTC]] moved to OPEN state
2021-11-30 13:17:25,094 [EventQueue-PipelineReportForPipelineReportHandler] INFO  ha.SCMHAInvocationHandler (SCMHAInvocationHandler.java:invokeRatis(113)) - Invoking method public abstract void org.apache.hadoop.hdds.scm.pipeline.PipelineStateManager.updatePipelineState(org.apache.hadoop.hdds.protocol.proto.HddsProtos$PipelineID,org.apache.hadoop.hdds.protocol.proto.HddsProtos$PipelineState) throws java.io.IOException on target org.apache.hadoop.hdds.scm.ha.SCMRatisServerImpl@2895a67c, cost 248.505us
2021-11-30 13:17:25,094 [EventQueue-PipelineReportForPipelineReportHandler] INFO  pipeline.PipelineManagerImpl (PipelineManagerImpl.java:openPipeline(289)) - Pipeline Pipeline[ Id: df23bc56-056b-44a3-8b57-e654a5ff60b9, Nodes: b8a6b2ba-922b-4f06-aab5-ca74535011cb{ip: 127.0.0.1, host: localhost, ports: [REPLICATION=46553, RATIS=33201, RATIS_ADMIN=33201, RATIS_SERVER=33201, STANDALONE=46807], networkLocation: /default-rack, certSerialId: null, persistedOpState: IN_SERVICE, persistedOpStateExpiryEpochSec: 0}, ReplicationConfig: RATIS/ONE, State:ALLOCATED, leaderId:b8a6b2ba-922b-4f06-aab5-ca74535011cb, CreationTimestamp2021-11-30T13:17:22.108Z[Etc/UTC]] moved to OPEN state
2021-11-30 13:17:25,098 [pool-315-thread-1] INFO  server.RaftServerConfigKeys (ConfUtils.java:logGet(44)) - raft.server.log.write.buffer.size = 1048576 (custom)
2021-11-30 13:17:25,098 [pool-315-thread-1] INFO  server.RaftServerConfigKeys (ConfUtils.java:logGet(44)) - raft.server.log.statemachine.data.caching.enabled = true (custom)
2021-11-30 13:17:25,098 [pool-315-thread-1] INFO  segmented.SegmentedRaftLogWorker (SegmentedRaftLogWorker.java:lambda$new$0(133)) - b8a6b2ba-922b-4f06-aab5-ca74535011cb@group-E654A5FF60B9-SegmentedRaftLogWorker: flushIndex: setUnconditionally 0 -> -1
2021-11-30 13:17:25,098 [pool-315-thread-1] INFO  segmented.SegmentedRaftLogWorker (SegmentedRaftLogWorker.java:lambda$new$0(133)) - b8a6b2ba-922b-4f06-aab5-ca74535011cb@group-E654A5FF60B9-SegmentedRaftLogWorker: safeCacheEvictIndex: setUnconditionally 0 -> -1
2021-11-30 13:17:25,098 [pool-336-thread-1] INFO  server.RaftServerConfigKeys (ConfUtils.java:logGet(44)) - raft.server.log.appender.install.snapshot.enabled = false (custom)
2021-11-30 13:17:25,098 [pool-336-thread-1] INFO  server.RaftServer$Division (ServerState.java:<init>(105)) - 2e564fa8-312b-4913-8140-cec84c445c17@group-8C2FD844F2F1: ConfigurationManager, init=-1: [d98c3e5c-49fa-4679-a7d6-b0bafe1f3c0f|rpc:127.0.0.1:42503|dataStream:|priority:0, b8a6b2ba-922b-4f06-aab5-ca74535011cb|rpc:127.0.0.1:33201|dataStream:|priority:1, 2e564fa8-312b-4913-8140-cec84c445c17|rpc:127.0.0.1:37125|dataStream:|priority:0], old=null, confs=<EMPTY_MAP>
2021-11-30 13:17:25,099 [pool-336-thread-1] INFO  server.RaftServerConfigKeys (ConfUtils.java:logGet(44)) - raft.server.storage.dir = [/home/runner/work/ozone/ozone/hadoop-ozone/integration-test/target/test-dir/MiniOzoneClusterImpl-00f7fd44-dd00-490d-8842-f37d1847179e/datanode-2/data/ratis] (custom)
2021-11-30 13:17:25,099 [pool-336-thread-1] INFO  server.RaftServerConfigKeys (ConfUtils.java:logGet(44)) - raft.server.log.corruption.policy = EXCEPTION (default)
2021-11-30 13:17:25,099 [pool-336-thread-1] INFO  server.RaftServerConfigKeys (ConfUtils.java:logGet(44)) - raft.server.storage.free-space.min = 0MB (=0) (default)
2021-11-30 13:17:25,103 [pool-336-thread-1] INFO  storage.RaftStorageDirectory (RaftStorageDirectoryImpl.java:analyzeStorage(135)) - The storage directory /home/runner/work/ozone/ozone/hadoop-ozone/integration-test/target/test-dir/MiniOzoneClusterImpl-00f7fd44-dd00-490d-8842-f37d1847179e/datanode-2/data/ratis/84c57249-c4b7-4137-b173-8c2fd844f2f1 does not exist. Creating ...
2021-11-30 13:17:25,105 [pool-315-thread-1] INFO  server.RaftServerConfigKeys (ConfUtils.java:logGet(44)) - raft.server.snapshot.auto.trigger.enabled = true (custom)
2021-11-30 13:17:25,105 [pool-315-thread-1] INFO  server.RaftServerConfigKeys (ConfUtils.java:logGet(44)) - raft.server.snapshot.auto.trigger.threshold = 10000 (custom)
2021-11-30 13:17:25,106 [pool-315-thread-1] INFO  server.RaftServerConfigKeys (ConfUtils.java:logGet(44)) - raft.server.snapshot.retention.file.num = 5 (custom)
2021-11-30 13:17:25,106 [pool-315-thread-1] INFO  server.RaftServerConfigKeys (ConfUtils.java:logGet(44)) - raft.server.log.purge.upto.snapshot.index = false (default)
2021-11-30 13:17:25,106 [pool-336-thread-1] INFO  storage.RaftStorageDirectory (RaftStorageDirectoryImpl.java:tryLock(230)) - Lock on /home/runner/work/ozone/ozone/hadoop-ozone/integration-test/target/test-dir/MiniOzoneClusterImpl-00f7fd44-dd00-490d-8842-f37d1847179e/datanode-2/data/ratis/84c57249-c4b7-4137-b173-8c2fd844f2f1/in_use.lock acquired by nodename 32455@fv-az148-447
2021-11-30 13:17:25,107 [pool-336-thread-1] INFO  storage.RaftStorage (RaftStorageImpl.java:format(89)) - Storage directory /home/runner/work/ozone/ozone/hadoop-ozone/integration-test/target/test-dir/MiniOzoneClusterImpl-00f7fd44-dd00-490d-8842-f37d1847179e/datanode-2/data/ratis/84c57249-c4b7-4137-b173-8c2fd844f2f1 has been successfully formatted.
2021-11-30 13:17:25,110 [pool-315-thread-1] INFO  server.RaftServerConfigKeys (ConfUtils.java:logGet(44)) - raft.server.retrycache.expirytime = 600000ms (custom)
2021-11-30 13:17:25,110 [pool-315-thread-1] INFO  server.RaftServerConfigKeys (ConfUtils.java:logGet(44)) - raft.server.retrycache.statistics.expirytime = 100μs (default)
2021-11-30 13:17:25,110 [0f6dc6cb-fd39-4234-9fee-aa41e9cd5640@group-F37D1847179E-StateMachineUpdater] INFO  ha.SCMStateMachine (SCMStateMachine.java:takeSnapshot(297)) - Current Snapshot Index 18, takeSnapshot took 0 ms
2021-11-30 13:17:25,110 [0f6dc6cb-fd39-4234-9fee-aa41e9cd5640@group-F37D1847179E-StateMachineUpdater] INFO  impl.StateMachineUpdater (StateMachineUpdater.java:takeSnapshot(281)) - 0f6dc6cb-fd39-4234-9fee-aa41e9cd5640@group-F37D1847179E-StateMachineUpdater: Took a snapshot at index 18
2021-11-30 13:17:25,110 [0f6dc6cb-fd39-4234-9fee-aa41e9cd5640@group-F37D1847179E-StateMachineUpdater] INFO  impl.StateMachineUpdater (StateMachineUpdater.java:lambda$new$0(89)) - 0f6dc6cb-fd39-4234-9fee-aa41e9cd5640@group-F37D1847179E-StateMachineUpdater: snapshotIndex: updateIncreasingly 13 -> 18
2021-11-30 13:17:25,110 [0f6dc6cb-fd39-4234-9fee-aa41e9cd5640@group-F37D1847179E-StateMachineUpdater] INFO  raftlog.RaftLog (RaftLogBase.java:purge(306)) - 0f6dc6cb-fd39-4234-9fee-aa41e9cd5640@group-F37D1847179E-SegmentedRaftLog: purge 18
2021-11-30 13:17:25,110 [0f6dc6cb-fd39-4234-9fee-aa41e9cd5640@group-F37D1847179E-StateMachineUpdater] INFO  raftlog.RaftLog (RaftLogBase.java:lambda$new$0(53)) - 0f6dc6cb-fd39-4234-9fee-aa41e9cd5640@group-F37D1847179E-SegmentedRaftLog: snapshotIndex: updateIncreasingly 13 -> 18
2021-11-30 13:17:25,110 [0f6dc6cb-fd39-4234-9fee-aa41e9cd5640@group-F37D1847179E-StateMachineUpdater] INFO  raftlog.RaftLog (RaftLogBase.java:lambda$new$0(53)) - 0f6dc6cb-fd39-4234-9fee-aa41e9cd5640@group-F37D1847179E-SegmentedRaftLog: purgeIndex: updateToMax old=13, new=18, updated? true
2021-11-30 13:17:25,111 [pool-315-thread-1] INFO  server.RaftServer$Division (RaftServerImpl.java:start(301)) - b8a6b2ba-922b-4f06-aab5-ca74535011cb@group-E654A5FF60B9: start as a follower, conf=-1: [b8a6b2ba-922b-4f06-aab5-ca74535011cb|rpc:127.0.0.1:33201|priority:1], old=null
2021-11-30 13:17:25,111 [pool-315-thread-1] INFO  server.RaftServer$Division (RaftServerImpl.java:setRole(290)) - b8a6b2ba-922b-4f06-aab5-ca74535011cb@group-E654A5FF60B9: changes role from      null to FOLLOWER at term 0 for startAsFollower
2021-11-30 13:17:25,111 [pool-315-thread-1] INFO  impl.RoleInfo (RoleInfo.java:updateAndGet(130)) - b8a6b2ba-922b-4f06-aab5-ca74535011cb: start b8a6b2ba-922b-4f06-aab5-ca74535011cb@group-E654A5FF60B9-FollowerState
2021-11-30 13:17:25,111 [pool-336-thread-1] INFO  ratis.ContainerStateMachine (ContainerStateMachine.java:loadSnapshot(224)) - group-8C2FD844F2F1: The snapshot info is null. Setting the last applied indexto:(t:0, i:~)
2021-11-30 13:17:25,111 [pool-336-thread-1] INFO  server.RaftServerConfigKeys (ConfUtils.java:logGet(44)) - raft.server.notification.no-leader.timeout = 300s (custom)
2021-11-30 13:17:25,111 [pool-336-thread-1] INFO  server.RaftServerConfigKeys (ConfUtils.java:logGet(44)) - raft.server.log.use.memory = false (default)
2021-11-30 13:17:25,111 [pool-336-thread-1] INFO  server.RaftServerConfigKeys (ConfUtils.java:logGet(44)) - raft.server.log.purge.gap = 1000000 (custom)
2021-11-30 13:17:25,111 [pool-336-thread-1] INFO  server.RaftServerConfigKeys (ConfUtils.java:logGet(44)) - raft.server.log.appender.buffer.byte-limit = 33554432 (custom)
2021-11-30 13:17:25,111 [pool-336-thread-1] INFO  server.RaftServerConfigKeys (ConfUtils.java:logGet(44)) - raft.server.log.segment.size.max = 1048576 (custom)
2021-11-30 13:17:25,112 [pool-336-thread-1] INFO  server.RaftServerConfigKeys (ConfUtils.java:logGet(44)) - raft.server.log.segment.cache.num.max = 2 (custom)
2021-11-30 13:17:25,112 [pool-336-thread-1] INFO  server.RaftServerConfigKeys (ConfUtils.java:logGet(44)) - raft.server.log.segment.cache.size.max = 200MB (=209715200) (default)
2021-11-30 13:17:25,112 [pool-336-thread-1] INFO  segmented.SegmentedRaftLogWorker (SegmentedRaftLogWorker.java:<init>(182)) - new 2e564fa8-312b-4913-8140-cec84c445c17@group-8C2FD844F2F1-SegmentedRaftLogWorker for RaftStorageImpl:Storage Directory /home/runner/work/ozone/ozone/hadoop-ozone/integration-test/target/test-dir/MiniOzoneClusterImpl-00f7fd44-dd00-490d-8842-f37d1847179e/datanode-2/data/ratis/84c57249-c4b7-4137-b173-8c2fd844f2f1
2021-11-30 13:17:25,112 [pool-336-thread-1] INFO  server.RaftServerConfigKeys (ConfUtils.java:logGet(44)) - raft.server.log.queue.byte-limit = 2147483647 (custom)
2021-11-30 13:17:25,112 [pool-336-thread-1] INFO  server.RaftServerConfigKeys (ConfUtils.java:logGet(44)) - raft.server.log.queue.element-limit = 1024 (custom)
2021-11-30 13:17:25,112 [pool-336-thread-1] INFO  server.RaftServerConfigKeys (ConfUtils.java:logGet(44)) - raft.server.log.segment.size.max = 1048576 (custom)
2021-11-30 13:17:25,112 [pool-336-thread-1] INFO  server.RaftServerConfigKeys (ConfUtils.java:logGet(44)) - raft.server.log.preallocated.size = 16384 (custom)
2021-11-30 13:17:25,112 [pool-336-thread-1] INFO  server.RaftServerConfigKeys (ConfUtils.java:logGet(44)) - raft.server.log.force.sync.num = 128 (default)
2021-11-30 13:17:25,112 [pool-336-thread-1] INFO  server.RaftServerConfigKeys (ConfUtils.java:logGet(44)) - raft.server.log.statemachine.data.sync = true (default)
2021-11-30 13:17:25,112 [pool-336-thread-1] INFO  server.RaftServerConfigKeys (ConfUtils.java:logGet(44)) - raft.server.log.statemachine.data.sync.timeout = 10s (default)
2021-11-30 13:17:25,113 [pool-336-thread-1] INFO  server.RaftServerConfigKeys (ConfUtils.java:logGet(44)) - raft.server.log.statemachine.data.sync.timeout.retry = -1 (default)
2021-11-30 13:17:25,113 [e2ff296b-9428-40f2-9fe9-4cc07b88cea2@group-F37D1847179E-StateMachineUpdater] INFO  safemode.HealthyPipelineSafeModeRule (HealthyPipelineSafeModeRule.java:initializeRule(152)) - Refreshed total pipeline count is 0, healthy pipeline threshold count is 1
2021-11-30 13:17:25,114 [EventQueue-PipelineReportForPipelineReportHandler] INFO  ha.SCMHAInvocationHandler (SCMHAInvocationHandler.java:invokeRatis(113)) - Invoking method public abstract void org.apache.hadoop.hdds.scm.pipeline.PipelineStateManager.updatePipelineState(org.apache.hadoop.hdds.protocol.proto.HddsProtos$PipelineID,org.apache.hadoop.hdds.protocol.proto.HddsProtos$PipelineState) throws java.io.IOException on target org.apache.hadoop.hdds.scm.ha.SCMRatisServerImpl@30d17a27, cost 19913.145us
2021-11-30 13:17:25,123 [pool-315-thread-1] INFO  util.JmxRegister (JmxRegister.java:tryRegister(44)) - Successfully registered JMX Bean with object name Ratis:service=RaftServer,group=group-E654A5FF60B9,id=b8a6b2ba-922b-4f06-aab5-ca74535011cb
2021-11-30 13:17:25,128 [Command processor thread] INFO  ratis.XceiverServerRatis (XceiverServerRatis.java:addGroup(768)) - Created group PipelineID=df23bc56-056b-44a3-8b57-e654a5ff60b9
2021-11-30 13:17:25,128 [Command processor thread] INFO  commandhandler.CreatePipelineCommandHandler (CreatePipelineCommandHandler.java:handle(106)) - Created Pipeline RATIS ONE PipelineID=df23bc56-056b-44a3-8b57-e654a5ff60b9.
2021-11-30 13:17:25,128 [Command processor thread] INFO  server.RaftServer (RaftServerProxy.java:addNew(95)) - b8a6b2ba-922b-4f06-aab5-ca74535011cb: addNew group-0B6D4AAB114F:[d98c3e5c-49fa-4679-a7d6-b0bafe1f3c0f|rpc:127.0.0.1:42503|priority:0, b8a6b2ba-922b-4f06-aab5-ca74535011cb|rpc:127.0.0.1:33201|priority:0, 2e564fa8-312b-4913-8140-cec84c445c17|rpc:127.0.0.1:37125|priority:1] returns group-0B6D4AAB114F:java.util.concurrent.CompletableFuture@4c166bc6[Not completed]
2021-11-30 13:17:25,128 [pool-315-thread-1] INFO  server.RaftServer$Division (RaftServerImpl.java:<init>(184)) - b8a6b2ba-922b-4f06-aab5-ca74535011cb: new RaftServerImpl for group-0B6D4AAB114F:[d98c3e5c-49fa-4679-a7d6-b0bafe1f3c0f|rpc:127.0.0.1:42503|priority:0, b8a6b2ba-922b-4f06-aab5-ca74535011cb|rpc:127.0.0.1:33201|priority:0, 2e564fa8-312b-4913-8140-cec84c445c17|rpc:127.0.0.1:37125|priority:1] with ContainerStateMachine:uninitialized
2021-11-30 13:17:25,128 [pool-315-thread-1] INFO  server.RaftServerConfigKeys (ConfUtils.java:logGet(44)) - raft.server.rpc.timeout.min = 5s (custom)
2021-11-30 13:17:25,129 [pool-315-thread-1] INFO  server.RaftServerConfigKeys (ConfUtils.java:logGet(44)) - raft.server.rpc.timeout.max = 5200ms (custom)
2021-11-30 13:17:25,129 [pool-315-thread-1] INFO  server.RaftServerConfigKeys (ConfUtils.java:logGet(44)) - raft.server.rpc.sleep.time = 25ms (default)
2021-11-30 13:17:25,129 [pool-315-thread-1] INFO  server.RaftServerConfigKeys (ConfUtils.java:logGet(44)) - raft.server.rpc.slowness.timeout = 300s (custom)
2021-11-30 13:17:25,129 [pool-315-thread-1] INFO  server.RaftServerConfigKeys (ConfUtils.java:logGet(44)) - raft.server.leaderelection.leader.step-down.wait-time = 10s (default)
2021-11-30 13:17:25,129 [pool-315-thread-1] INFO  server.RaftServerConfigKeys (ConfUtils.java:logGet(44)) - raft.server.sleep.deviation.threshold = 300ms (default)
2021-11-30 13:17:25,129 [pool-315-thread-1] INFO  server.RaftServerConfigKeys (ConfUtils.java:logGet(44)) - raft.server.log.appender.install.snapshot.enabled = false (custom)
2021-11-30 13:17:25,129 [pool-315-thread-1] INFO  server.RaftServer$Division (ServerState.java:<init>(105)) - b8a6b2ba-922b-4f06-aab5-ca74535011cb@group-0B6D4AAB114F: ConfigurationManager, init=-1: [d98c3e5c-49fa-4679-a7d6-b0bafe1f3c0f|rpc:127.0.0.1:42503|priority:0, b8a6b2ba-922b-4f06-aab5-ca74535011cb|rpc:127.0.0.1:33201|priority:0, 2e564fa8-312b-4913-8140-cec84c445c17|rpc:127.0.0.1:37125|priority:1], old=null, confs=<EMPTY_MAP>
2021-11-30 13:17:25,129 [pool-315-thread-1] INFO  server.RaftServerConfigKeys (ConfUtils.java:logGet(44)) - raft.server.storage.dir = [/home/runner/work/ozone/ozone/hadoop-ozone/integration-test/target/test-dir/MiniOzoneClusterImpl-00f7fd44-dd00-490d-8842-f37d1847179e/datanode-1/data/ratis] (custom)
2021-11-30 13:17:25,129 [pool-315-thread-1] INFO  server.RaftServerConfigKeys (ConfUtils.java:logGet(44)) - raft.server.log.corruption.policy = EXCEPTION (default)
2021-11-30 13:17:25,129 [pool-315-thread-1] INFO  server.RaftServerConfigKeys (ConfUtils.java:logGet(44)) - raft.server.storage.free-space.min = 0MB (=0) (default)
2021-11-30 13:17:25,129 [pool-315-thread-1] INFO  storage.RaftStorageDirectory (RaftStorageDirectoryImpl.java:analyzeStorage(135)) - The storage directory /home/runner/work/ozone/ozone/hadoop-ozone/integration-test/target/test-dir/MiniOzoneClusterImpl-00f7fd44-dd00-490d-8842-f37d1847179e/datanode-1/data/ratis/269ccda0-2374-4b33-a16a-0b6d4aab114f does not exist. Creating ...
2021-11-30 13:17:25,131 [pool-315-thread-1] INFO  storage.RaftStorageDirectory (RaftStorageDirectoryImpl.java:tryLock(230)) - Lock on /home/runner/work/ozone/ozone/hadoop-ozone/integration-test/target/test-dir/MiniOzoneClusterImpl-00f7fd44-dd00-490d-8842-f37d1847179e/datanode-1/data/ratis/269ccda0-2374-4b33-a16a-0b6d4aab114f/in_use.lock acquired by nodename 32455@fv-az148-447
2021-11-30 13:17:25,132 [EventQueue-OpenPipelineForHealthyPipelineSafeModeRule] INFO  safemode.SCMSafeModeManager (HealthyPipelineSafeModeRule.java:process(124)) - SCM in safe mode. Healthy pipelines reported count is 0, required healthy pipeline reported count is 1
2021-11-30 13:17:25,132 [pool-315-thread-1] INFO  storage.RaftStorage (RaftStorageImpl.java:format(89)) - Storage directory /home/runner/work/ozone/ozone/hadoop-ozone/integration-test/target/test-dir/MiniOzoneClusterImpl-00f7fd44-dd00-490d-8842-f37d1847179e/datanode-1/data/ratis/269ccda0-2374-4b33-a16a-0b6d4aab114f has been successfully formatted.
2021-11-30 13:17:25,132 [pool-315-thread-1] INFO  ratis.ContainerStateMachine (ContainerStateMachine.java:loadSnapshot(224)) - group-0B6D4AAB114F: The snapshot info is null. Setting the last applied indexto:(t:0, i:~)
2021-11-30 13:17:25,132 [pool-315-thread-1] INFO  server.RaftServerConfigKeys (ConfUtils.java:logGet(44)) - raft.server.notification.no-leader.timeout = 300s (custom)
2021-11-30 13:17:25,133 [pool-315-thread-1] INFO  server.RaftServerConfigKeys (ConfUtils.java:logGet(44)) - raft.server.log.use.memory = false (default)
2021-11-30 13:17:25,133 [pool-336-thread-1] INFO  server.RaftServerConfigKeys (ConfUtils.java:logGet(44)) - raft.server.log.write.buffer.size = 1048576 (custom)
2021-11-30 13:17:25,133 [pool-336-thread-1] INFO  server.RaftServerConfigKeys (ConfUtils.java:logGet(44)) - raft.server.log.statemachine.data.caching.enabled = true (custom)
2021-11-30 13:17:25,133 [pool-336-thread-1] INFO  segmented.SegmentedRaftLogWorker (SegmentedRaftLogWorker.java:lambda$new$0(133)) - 2e564fa8-312b-4913-8140-cec84c445c17@group-8C2FD844F2F1-SegmentedRaftLogWorker: flushIndex: setUnconditionally 0 -> -1
2021-11-30 13:17:25,133 [pool-336-thread-1] INFO  segmented.SegmentedRaftLogWorker (SegmentedRaftLogWorker.java:lambda$new$0(133)) - 2e564fa8-312b-4913-8140-cec84c445c17@group-8C2FD844F2F1-SegmentedRaftLogWorker: safeCacheEvictIndex: setUnconditionally 0 -> -1
2021-11-30 13:17:25,133 [pool-315-thread-1] INFO  server.RaftServerConfigKeys (ConfUtils.java:logGet(44)) - raft.server.log.purge.gap = 1000000 (custom)
2021-11-30 13:17:25,133 [pool-315-thread-1] INFO  server.RaftServerConfigKeys (ConfUtils.java:logGet(44)) - raft.server.log.appender.buffer.byte-limit = 33554432 (custom)
2021-11-30 13:17:25,133 [pool-315-thread-1] INFO  server.RaftServerConfigKeys (ConfUtils.java:logGet(44)) - raft.server.log.segment.size.max = 1048576 (custom)
2021-11-30 13:17:25,134 [pool-315-thread-1] INFO  server.RaftServerConfigKeys (ConfUtils.java:logGet(44)) - raft.server.log.segment.cache.num.max = 2 (custom)
2021-11-30 13:17:25,134 [pool-315-thread-1] INFO  server.RaftServerConfigKeys (ConfUtils.java:logGet(44)) - raft.server.log.segment.cache.size.max = 200MB (=209715200) (default)
2021-11-30 13:17:25,134 [pool-315-thread-1] INFO  segmented.SegmentedRaftLogWorker (SegmentedRaftLogWorker.java:<init>(182)) - new b8a6b2ba-922b-4f06-aab5-ca74535011cb@group-0B6D4AAB114F-SegmentedRaftLogWorker for RaftStorageImpl:Storage Directory /home/runner/work/ozone/ozone/hadoop-ozone/integration-test/target/test-dir/MiniOzoneClusterImpl-00f7fd44-dd00-490d-8842-f37d1847179e/datanode-1/data/ratis/269ccda0-2374-4b33-a16a-0b6d4aab114f
2021-11-30 13:17:25,134 [pool-315-thread-1] INFO  server.RaftServerConfigKeys (ConfUtils.java:logGet(44)) - raft.server.log.queue.byte-limit = 2147483647 (custom)
2021-11-30 13:17:25,134 [pool-315-thread-1] INFO  server.RaftServerConfigKeys (ConfUtils.java:logGet(44)) - raft.server.log.queue.element-limit = 1024 (custom)
2021-11-30 13:17:25,134 [pool-315-thread-1] INFO  server.RaftServerConfigKeys (ConfUtils.java:logGet(44)) - raft.server.log.segment.size.max = 1048576 (custom)
2021-11-30 13:17:25,134 [pool-315-thread-1] INFO  server.RaftServerConfigKeys (ConfUtils.java:logGet(44)) - raft.server.log.preallocated.size = 16384 (custom)
2021-11-30 13:17:25,134 [pool-315-thread-1] INFO  server.RaftServerConfigKeys (ConfUtils.java:logGet(44)) - raft.server.log.force.sync.num = 128 (default)
2021-11-30 13:17:25,134 [pool-315-thread-1] INFO  server.RaftServerConfigKeys (ConfUtils.java:logGet(44)) - raft.server.log.statemachine.data.sync = true (default)
2021-11-30 13:17:25,134 [pool-315-thread-1] INFO  server.RaftServerConfigKeys (ConfUtils.java:logGet(44)) - raft.server.log.statemachine.data.sync.timeout = 10s (default)
2021-11-30 13:17:25,134 [pool-315-thread-1] INFO  server.RaftServerConfigKeys (ConfUtils.java:logGet(44)) - raft.server.log.statemachine.data.sync.timeout.retry = -1 (default)
2021-11-30 13:17:25,135 [0f6dc6cb-fd39-4234-9fee-aa41e9cd5640@group-F37D1847179E-StateMachineUpdater] INFO  safemode.HealthyPipelineSafeModeRule (HealthyPipelineSafeModeRule.java:initializeRule(152)) - Refreshed total pipeline count is 0, healthy pipeline threshold count is 1
2021-11-30 13:17:25,136 [e2ff296b-9428-40f2-9fe9-4cc07b88cea2@group-F37D1847179E-StateMachineUpdater] INFO  ha.SCMStateMachine (SCMStateMachine.java:takeSnapshot(297)) - Current Snapshot Index 20, takeSnapshot took 0 ms
2021-11-30 13:17:25,136 [e2ff296b-9428-40f2-9fe9-4cc07b88cea2@group-F37D1847179E-StateMachineUpdater] INFO  impl.StateMachineUpdater (StateMachineUpdater.java:takeSnapshot(281)) - e2ff296b-9428-40f2-9fe9-4cc07b88cea2@group-F37D1847179E-StateMachineUpdater: Took a snapshot at index 20
2021-11-30 13:17:25,136 [e2ff296b-9428-40f2-9fe9-4cc07b88cea2@group-F37D1847179E-StateMachineUpdater] INFO  impl.StateMachineUpdater (StateMachineUpdater.java:lambda$new$0(89)) - e2ff296b-9428-40f2-9fe9-4cc07b88cea2@group-F37D1847179E-StateMachineUpdater: snapshotIndex: updateIncreasingly 15 -> 20
2021-11-30 13:17:25,136 [e2ff296b-9428-40f2-9fe9-4cc07b88cea2@group-F37D1847179E-StateMachineUpdater] INFO  raftlog.RaftLog (RaftLogBase.java:purge(306)) - e2ff296b-9428-40f2-9fe9-4cc07b88cea2@group-F37D1847179E-SegmentedRaftLog: purge 20
2021-11-30 13:17:25,136 [e2ff296b-9428-40f2-9fe9-4cc07b88cea2@group-F37D1847179E-StateMachineUpdater] INFO  raftlog.RaftLog (RaftLogBase.java:lambda$new$0(53)) - e2ff296b-9428-40f2-9fe9-4cc07b88cea2@group-F37D1847179E-SegmentedRaftLog: snapshotIndex: updateIncreasingly 15 -> 20
2021-11-30 13:17:25,136 [e2ff296b-9428-40f2-9fe9-4cc07b88cea2@group-F37D1847179E-StateMachineUpdater] INFO  raftlog.RaftLog (RaftLogBase.java:lambda$new$0(53)) - e2ff296b-9428-40f2-9fe9-4cc07b88cea2@group-F37D1847179E-SegmentedRaftLog: purgeIndex: updateToMax old=15, new=20, updated? true
2021-11-30 13:17:25,139 [pool-336-thread-1] INFO  server.RaftServerConfigKeys (ConfUtils.java:logGet(44)) - raft.server.snapshot.auto.trigger.enabled = true (custom)
2021-11-30 13:17:25,139 [pool-336-thread-1] INFO  server.RaftServerConfigKeys (ConfUtils.java:logGet(44)) - raft.server.snapshot.auto.trigger.threshold = 10000 (custom)
2021-11-30 13:17:25,139 [pool-336-thread-1] INFO  server.RaftServerConfigKeys (ConfUtils.java:logGet(44)) - raft.server.snapshot.retention.file.num = 5 (custom)
2021-11-30 13:17:25,139 [pool-336-thread-1] INFO  server.RaftServerConfigKeys (ConfUtils.java:logGet(44)) - raft.server.log.purge.upto.snapshot.index = false (default)
2021-11-30 13:17:25,140 [pool-336-thread-1] INFO  server.RaftServerConfigKeys (ConfUtils.java:logGet(44)) - raft.server.retrycache.expirytime = 600000ms (custom)
2021-11-30 13:17:25,140 [pool-336-thread-1] INFO  server.RaftServerConfigKeys (ConfUtils.java:logGet(44)) - raft.server.retrycache.statistics.expirytime = 100μs (default)
2021-11-30 13:17:25,141 [pool-336-thread-1] INFO  server.RaftServer$Division (RaftServerImpl.java:start(301)) - 2e564fa8-312b-4913-8140-cec84c445c17@group-8C2FD844F2F1: start as a follower, conf=-1: [d98c3e5c-49fa-4679-a7d6-b0bafe1f3c0f|rpc:127.0.0.1:42503|dataStream:|priority:0, b8a6b2ba-922b-4f06-aab5-ca74535011cb|rpc:127.0.0.1:33201|dataStream:|priority:1, 2e564fa8-312b-4913-8140-cec84c445c17|rpc:127.0.0.1:37125|dataStream:|priority:0], old=null
2021-11-30 13:17:25,141 [pool-336-thread-1] INFO  server.RaftServer$Division (RaftServerImpl.java:setRole(290)) - 2e564fa8-312b-4913-8140-cec84c445c17@group-8C2FD844F2F1: changes role from      null to FOLLOWER at term 0 for startAsFollower
2021-11-30 13:17:25,141 [pool-336-thread-1] INFO  impl.RoleInfo (RoleInfo.java:updateAndGet(130)) - 2e564fa8-312b-4913-8140-cec84c445c17: start 2e564fa8-312b-4913-8140-cec84c445c17@group-8C2FD844F2F1-FollowerState
2021-11-30 13:17:25,141 [pool-336-thread-1] INFO  util.JmxRegister (JmxRegister.java:tryRegister(44)) - Successfully registered JMX Bean with object name Ratis:service=RaftServer,group=group-8C2FD844F2F1,id=2e564fa8-312b-4913-8140-cec84c445c17
2021-11-30 13:17:25,148 [pool-315-thread-1] INFO  server.RaftServerConfigKeys (ConfUtils.java:logGet(44)) - raft.server.log.write.buffer.size = 1048576 (custom)
2021-11-30 13:17:25,149 [pool-315-thread-1] INFO  server.RaftServerConfigKeys (ConfUtils.java:logGet(44)) - raft.server.log.statemachine.data.caching.enabled = true (custom)
2021-11-30 13:17:25,149 [EventQueue-OpenPipelineForHealthyPipelineSafeModeRule] INFO  safemode.SCMSafeModeManager (HealthyPipelineSafeModeRule.java:process(124)) - SCM in safe mode. Healthy pipelines reported count is 0, required healthy pipeline reported count is 1
2021-11-30 13:17:25,149 [pool-315-thread-1] INFO  segmented.SegmentedRaftLogWorker (SegmentedRaftLogWorker.java:lambda$new$0(133)) - b8a6b2ba-922b-4f06-aab5-ca74535011cb@group-0B6D4AAB114F-SegmentedRaftLogWorker: flushIndex: setUnconditionally 0 -> -1
2021-11-30 13:17:25,149 [pool-315-thread-1] INFO  segmented.SegmentedRaftLogWorker (SegmentedRaftLogWorker.java:lambda$new$0(133)) - b8a6b2ba-922b-4f06-aab5-ca74535011cb@group-0B6D4AAB114F-SegmentedRaftLogWorker: safeCacheEvictIndex: setUnconditionally 0 -> -1
2021-11-30 13:17:25,151 [pool-315-thread-1] INFO  server.RaftServerConfigKeys (ConfUtils.java:logGet(44)) - raft.server.snapshot.auto.trigger.enabled = true (custom)
2021-11-30 13:17:25,151 [pool-315-thread-1] INFO  server.RaftServerConfigKeys (ConfUtils.java:logGet(44)) - raft.server.snapshot.auto.trigger.threshold = 10000 (custom)
2021-11-30 13:17:25,151 [pool-315-thread-1] INFO  server.RaftServerConfigKeys (ConfUtils.java:logGet(44)) - raft.server.snapshot.retention.file.num = 5 (custom)
2021-11-30 13:17:25,151 [pool-315-thread-1] INFO  server.RaftServerConfigKeys (ConfUtils.java:logGet(44)) - raft.server.log.purge.upto.snapshot.index = false (default)
2021-11-30 13:17:25,151 [pool-315-thread-1] INFO  server.RaftServerConfigKeys (ConfUtils.java:logGet(44)) - raft.server.retrycache.expirytime = 600000ms (custom)
2021-11-30 13:17:25,151 [pool-315-thread-1] INFO  server.RaftServerConfigKeys (ConfUtils.java:logGet(44)) - raft.server.retrycache.statistics.expirytime = 100μs (default)
2021-11-30 13:17:25,152 [pool-315-thread-1] INFO  server.RaftServer$Division (RaftServerImpl.java:start(301)) - b8a6b2ba-922b-4f06-aab5-ca74535011cb@group-0B6D4AAB114F: start as a follower, conf=-1: [d98c3e5c-49fa-4679-a7d6-b0bafe1f3c0f|rpc:127.0.0.1:42503|priority:0, b8a6b2ba-922b-4f06-aab5-ca74535011cb|rpc:127.0.0.1:33201|priority:0, 2e564fa8-312b-4913-8140-cec84c445c17|rpc:127.0.0.1:37125|priority:1], old=null
2021-11-30 13:17:25,152 [pool-315-thread-1] INFO  server.RaftServer$Division (RaftServerImpl.java:setRole(290)) - b8a6b2ba-922b-4f06-aab5-ca74535011cb@group-0B6D4AAB114F: changes role from      null to FOLLOWER at term 0 for startAsFollower
2021-11-30 13:17:25,152 [pool-315-thread-1] INFO  impl.RoleInfo (RoleInfo.java:updateAndGet(130)) - b8a6b2ba-922b-4f06-aab5-ca74535011cb: start b8a6b2ba-922b-4f06-aab5-ca74535011cb@group-0B6D4AAB114F-FollowerState
2021-11-30 13:17:25,156 [pool-315-thread-1] INFO  util.JmxRegister (JmxRegister.java:tryRegister(44)) - Successfully registered JMX Bean with object name Ratis:service=RaftServer,group=group-0B6D4AAB114F,id=b8a6b2ba-922b-4f06-aab5-ca74535011cb
2021-11-30 13:17:25,161 [Command processor thread] INFO  ratis.XceiverServerRatis (XceiverServerRatis.java:addGroup(768)) - Created group PipelineID=269ccda0-2374-4b33-a16a-0b6d4aab114f
2021-11-30 13:17:25,166 [EventQueue-OpenPipelineForHealthyPipelineSafeModeRule] INFO  safemode.SCMSafeModeManager (HealthyPipelineSafeModeRule.java:process(124)) - SCM in safe mode. Healthy pipelines reported count is 0, required healthy pipeline reported count is 1
2021-11-30 13:17:25,174 [Command processor thread] INFO  commandhandler.CreatePipelineCommandHandler (CreatePipelineCommandHandler.java:handle(106)) - Created Pipeline RATIS THREE PipelineID=84c57249-c4b7-4137-b173-8c2fd844f2f1.
2021-11-30 13:17:25,174 [Command processor thread] INFO  server.RaftServer (RaftServerProxy.java:addNew(95)) - d98c3e5c-49fa-4679-a7d6-b0bafe1f3c0f: addNew group-0B6D4AAB114F:[d98c3e5c-49fa-4679-a7d6-b0bafe1f3c0f|rpc:127.0.0.1:42503|priority:0, b8a6b2ba-922b-4f06-aab5-ca74535011cb|rpc:127.0.0.1:33201|priority:0, 2e564fa8-312b-4913-8140-cec84c445c17|rpc:127.0.0.1:37125|priority:1] returns group-0B6D4AAB114F:java.util.concurrent.CompletableFuture@35d53fbc[Not completed]
2021-11-30 13:17:25,175 [pool-294-thread-1] INFO  server.RaftServer$Division (RaftServerImpl.java:<init>(184)) - d98c3e5c-49fa-4679-a7d6-b0bafe1f3c0f: new RaftServerImpl for group-0B6D4AAB114F:[d98c3e5c-49fa-4679-a7d6-b0bafe1f3c0f|rpc:127.0.0.1:42503|priority:0, b8a6b2ba-922b-4f06-aab5-ca74535011cb|rpc:127.0.0.1:33201|priority:0, 2e564fa8-312b-4913-8140-cec84c445c17|rpc:127.0.0.1:37125|priority:1] with ContainerStateMachine:uninitialized
2021-11-30 13:17:25,175 [pool-294-thread-1] INFO  server.RaftServerConfigKeys (ConfUtils.java:logGet(44)) - raft.server.rpc.timeout.min = 5s (custom)
2021-11-30 13:17:25,175 [pool-294-thread-1] INFO  server.RaftServerConfigKeys (ConfUtils.java:logGet(44)) - raft.server.rpc.timeout.max = 5200ms (custom)
2021-11-30 13:17:25,175 [pool-294-thread-1] INFO  server.RaftServerConfigKeys (ConfUtils.java:logGet(44)) - raft.server.rpc.sleep.time = 25ms (default)
2021-11-30 13:17:25,175 [pool-294-thread-1] INFO  server.RaftServerConfigKeys (ConfUtils.java:logGet(44)) - raft.server.rpc.slowness.timeout = 300s (custom)
2021-11-30 13:17:25,175 [pool-294-thread-1] INFO  server.RaftServerConfigKeys (ConfUtils.java:logGet(44)) - raft.server.leaderelection.leader.step-down.wait-time = 10s (default)
2021-11-30 13:17:25,175 [pool-294-thread-1] INFO  server.RaftServerConfigKeys (ConfUtils.java:logGet(44)) - raft.server.sleep.deviation.threshold = 300ms (default)
2021-11-30 13:17:25,175 [pool-294-thread-1] INFO  server.RaftServerConfigKeys (ConfUtils.java:logGet(44)) - raft.server.log.appender.install.snapshot.enabled = false (custom)
2021-11-30 13:17:25,175 [pool-294-thread-1] INFO  server.RaftServer$Division (ServerState.java:<init>(105)) - d98c3e5c-49fa-4679-a7d6-b0bafe1f3c0f@group-0B6D4AAB114F: ConfigurationManager, init=-1: [d98c3e5c-49fa-4679-a7d6-b0bafe1f3c0f|rpc:127.0.0.1:42503|priority:0, b8a6b2ba-922b-4f06-aab5-ca74535011cb|rpc:127.0.0.1:33201|priority:0, 2e564fa8-312b-4913-8140-cec84c445c17|rpc:127.0.0.1:37125|priority:1], old=null, confs=<EMPTY_MAP>
2021-11-30 13:17:25,175 [pool-294-thread-1] INFO  server.RaftServerConfigKeys (ConfUtils.java:logGet(44)) - raft.server.storage.dir = [/home/runner/work/ozone/ozone/hadoop-ozone/integration-test/target/test-dir/MiniOzoneClusterImpl-00f7fd44-dd00-490d-8842-f37d1847179e/datanode-0/data/ratis] (custom)
2021-11-30 13:17:25,175 [pool-294-thread-1] INFO  server.RaftServerConfigKeys (ConfUtils.java:logGet(44)) - raft.server.log.corruption.policy = EXCEPTION (default)
2021-11-30 13:17:25,175 [pool-294-thread-1] INFO  server.RaftServerConfigKeys (ConfUtils.java:logGet(44)) - raft.server.storage.free-space.min = 0MB (=0) (default)
2021-11-30 13:17:25,176 [pool-294-thread-1] INFO  storage.RaftStorageDirectory (RaftStorageDirectoryImpl.java:analyzeStorage(135)) - The storage directory /home/runner/work/ozone/ozone/hadoop-ozone/integration-test/target/test-dir/MiniOzoneClusterImpl-00f7fd44-dd00-490d-8842-f37d1847179e/datanode-0/data/ratis/269ccda0-2374-4b33-a16a-0b6d4aab114f does not exist. Creating ...
2021-11-30 13:17:25,181 [pool-294-thread-1] INFO  storage.RaftStorageDirectory (RaftStorageDirectoryImpl.java:tryLock(230)) - Lock on /home/runner/work/ozone/ozone/hadoop-ozone/integration-test/target/test-dir/MiniOzoneClusterImpl-00f7fd44-dd00-490d-8842-f37d1847179e/datanode-0/data/ratis/269ccda0-2374-4b33-a16a-0b6d4aab114f/in_use.lock acquired by nodename 32455@fv-az148-447
2021-11-30 13:17:25,186 [pool-294-thread-1] INFO  storage.RaftStorage (RaftStorageImpl.java:format(89)) - Storage directory /home/runner/work/ozone/ozone/hadoop-ozone/integration-test/target/test-dir/MiniOzoneClusterImpl-00f7fd44-dd00-490d-8842-f37d1847179e/datanode-0/data/ratis/269ccda0-2374-4b33-a16a-0b6d4aab114f has been successfully formatted.
2021-11-30 13:17:25,186 [pool-294-thread-1] INFO  ratis.ContainerStateMachine (ContainerStateMachine.java:loadSnapshot(224)) - group-0B6D4AAB114F: The snapshot info is null. Setting the last applied indexto:(t:0, i:~)
2021-11-30 13:17:25,186 [pool-294-thread-1] INFO  server.RaftServerConfigKeys (ConfUtils.java:logGet(44)) - raft.server.notification.no-leader.timeout = 300s (custom)
2021-11-30 13:17:25,186 [pool-294-thread-1] INFO  server.RaftServerConfigKeys (ConfUtils.java:logGet(44)) - raft.server.log.use.memory = false (default)
2021-11-30 13:17:25,186 [pool-294-thread-1] INFO  server.RaftServerConfigKeys (ConfUtils.java:logGet(44)) - raft.server.log.purge.gap = 1000000 (custom)
2021-11-30 13:17:25,186 [pool-294-thread-1] INFO  server.RaftServerConfigKeys (ConfUtils.java:logGet(44)) - raft.server.log.appender.buffer.byte-limit = 33554432 (custom)
2021-11-30 13:17:25,187 [pool-294-thread-1] INFO  server.RaftServerConfigKeys (ConfUtils.java:logGet(44)) - raft.server.log.segment.size.max = 1048576 (custom)
2021-11-30 13:17:25,187 [pool-294-thread-1] INFO  server.RaftServerConfigKeys (ConfUtils.java:logGet(44)) - raft.server.log.segment.cache.num.max = 2 (custom)
2021-11-30 13:17:25,187 [pool-294-thread-1] INFO  server.RaftServerConfigKeys (ConfUtils.java:logGet(44)) - raft.server.log.segment.cache.size.max = 200MB (=209715200) (default)
2021-11-30 13:17:25,187 [pool-294-thread-1] INFO  segmented.SegmentedRaftLogWorker (SegmentedRaftLogWorker.java:<init>(182)) - new d98c3e5c-49fa-4679-a7d6-b0bafe1f3c0f@group-0B6D4AAB114F-SegmentedRaftLogWorker for RaftStorageImpl:Storage Directory /home/runner/work/ozone/ozone/hadoop-ozone/integration-test/target/test-dir/MiniOzoneClusterImpl-00f7fd44-dd00-490d-8842-f37d1847179e/datanode-0/data/ratis/269ccda0-2374-4b33-a16a-0b6d4aab114f
2021-11-30 13:17:25,187 [pool-294-thread-1] INFO  server.RaftServerConfigKeys (ConfUtils.java:logGet(44)) - raft.server.log.queue.byte-limit = 2147483647 (custom)
2021-11-30 13:17:25,187 [pool-294-thread-1] INFO  server.RaftServerConfigKeys (ConfUtils.java:logGet(44)) - raft.server.log.queue.element-limit = 1024 (custom)
2021-11-30 13:17:25,188 [EventQueue-OpenPipelineForHealthyPipelineSafeModeRule] INFO  safemode.SCMSafeModeManager (HealthyPipelineSafeModeRule.java:process(124)) - SCM in safe mode. Healthy pipelines reported count is 0, required healthy pipeline reported count is 1
2021-11-30 13:17:25,188 [pool-294-thread-1] INFO  server.RaftServerConfigKeys (ConfUtils.java:logGet(44)) - raft.server.log.segment.size.max = 1048576 (custom)
2021-11-30 13:17:25,188 [pool-294-thread-1] INFO  server.RaftServerConfigKeys (ConfUtils.java:logGet(44)) - raft.server.log.preallocated.size = 16384 (custom)
2021-11-30 13:17:25,188 [pool-294-thread-1] INFO  server.RaftServerConfigKeys (ConfUtils.java:logGet(44)) - raft.server.log.force.sync.num = 128 (default)
2021-11-30 13:17:25,188 [pool-294-thread-1] INFO  server.RaftServerConfigKeys (ConfUtils.java:logGet(44)) - raft.server.log.statemachine.data.sync = true (default)
2021-11-30 13:17:25,188 [pool-294-thread-1] INFO  server.RaftServerConfigKeys (ConfUtils.java:logGet(44)) - raft.server.log.statemachine.data.sync.timeout = 10s (default)
2021-11-30 13:17:25,188 [pool-294-thread-1] INFO  server.RaftServerConfigKeys (ConfUtils.java:logGet(44)) - raft.server.log.statemachine.data.sync.timeout.retry = -1 (default)
2021-11-30 13:17:25,189 [EventQueue-OpenPipelineForHealthyPipelineSafeModeRule] INFO  safemode.SCMSafeModeManager (HealthyPipelineSafeModeRule.java:process(124)) - SCM in safe mode. Healthy pipelines reported count is 0, required healthy pipeline reported count is 1
2021-11-30 13:17:25,189 [pool-294-thread-1] INFO  server.RaftServerConfigKeys (ConfUtils.java:logGet(44)) - raft.server.log.write.buffer.size = 1048576 (custom)
2021-11-30 13:17:25,189 [pool-294-thread-1] INFO  server.RaftServerConfigKeys (ConfUtils.java:logGet(44)) - raft.server.log.statemachine.data.caching.enabled = true (custom)
2021-11-30 13:17:25,190 [pool-294-thread-1] INFO  segmented.SegmentedRaftLogWorker (SegmentedRaftLogWorker.java:lambda$new$0(133)) - d98c3e5c-49fa-4679-a7d6-b0bafe1f3c0f@group-0B6D4AAB114F-SegmentedRaftLogWorker: flushIndex: setUnconditionally 0 -> -1
2021-11-30 13:17:25,190 [pool-294-thread-1] INFO  segmented.SegmentedRaftLogWorker (SegmentedRaftLogWorker.java:lambda$new$0(133)) - d98c3e5c-49fa-4679-a7d6-b0bafe1f3c0f@group-0B6D4AAB114F-SegmentedRaftLogWorker: safeCacheEvictIndex: setUnconditionally 0 -> -1
2021-11-30 13:17:25,200 [pool-294-thread-1] INFO  server.RaftServerConfigKeys (ConfUtils.java:logGet(44)) - raft.server.snapshot.auto.trigger.enabled = true (custom)
2021-11-30 13:17:25,200 [pool-294-thread-1] INFO  server.RaftServerConfigKeys (ConfUtils.java:logGet(44)) - raft.server.snapshot.auto.trigger.threshold = 10000 (custom)
2021-11-30 13:17:25,200 [pool-294-thread-1] INFO  server.RaftServerConfigKeys (ConfUtils.java:logGet(44)) - raft.server.snapshot.retention.file.num = 5 (custom)
2021-11-30 13:17:25,200 [pool-294-thread-1] INFO  server.RaftServerConfigKeys (ConfUtils.java:logGet(44)) - raft.server.log.purge.upto.snapshot.index = false (default)
2021-11-30 13:17:25,200 [pool-294-thread-1] INFO  server.RaftServerConfigKeys (ConfUtils.java:logGet(44)) - raft.server.retrycache.expirytime = 600000ms (custom)
2021-11-30 13:17:25,200 [pool-294-thread-1] INFO  server.RaftServerConfigKeys (ConfUtils.java:logGet(44)) - raft.server.retrycache.statistics.expirytime = 100μs (default)
2021-11-30 13:17:25,201 [pool-294-thread-1] INFO  server.RaftServer$Division (RaftServerImpl.java:start(301)) - d98c3e5c-49fa-4679-a7d6-b0bafe1f3c0f@group-0B6D4AAB114F: start as a follower, conf=-1: [d98c3e5c-49fa-4679-a7d6-b0bafe1f3c0f|rpc:127.0.0.1:42503|priority:0, b8a6b2ba-922b-4f06-aab5-ca74535011cb|rpc:127.0.0.1:33201|priority:0, 2e564fa8-312b-4913-8140-cec84c445c17|rpc:127.0.0.1:37125|priority:1], old=null
2021-11-30 13:17:25,201 [pool-294-thread-1] INFO  server.RaftServer$Division (RaftServerImpl.java:setRole(290)) - d98c3e5c-49fa-4679-a7d6-b0bafe1f3c0f@group-0B6D4AAB114F: changes role from      null to FOLLOWER at term 0 for startAsFollower
2021-11-30 13:17:25,201 [pool-294-thread-1] INFO  impl.RoleInfo (RoleInfo.java:updateAndGet(130)) - d98c3e5c-49fa-4679-a7d6-b0bafe1f3c0f: start d98c3e5c-49fa-4679-a7d6-b0bafe1f3c0f@group-0B6D4AAB114F-FollowerState
2021-11-30 13:17:25,201 [pool-294-thread-1] INFO  util.JmxRegister (JmxRegister.java:tryRegister(44)) - Successfully registered JMX Bean with object name Ratis:service=RaftServer,group=group-0B6D4AAB114F,id=d98c3e5c-49fa-4679-a7d6-b0bafe1f3c0f
2021-11-30 13:17:25,202 [Command processor thread] INFO  ratis.XceiverServerRatis (XceiverServerRatis.java:addGroup(768)) - Created group PipelineID=269ccda0-2374-4b33-a16a-0b6d4aab114f
2021-11-30 13:17:25,209 [grpc-default-executor-3] INFO  server.RaftServer (RaftServerProxy.java:addNew(95)) - 2e564fa8-312b-4913-8140-cec84c445c17: addNew group-0B6D4AAB114F:[d98c3e5c-49fa-4679-a7d6-b0bafe1f3c0f|rpc:127.0.0.1:42503|dataStream:|priority:0, b8a6b2ba-922b-4f06-aab5-ca74535011cb|rpc:127.0.0.1:33201|dataStream:|priority:0, 2e564fa8-312b-4913-8140-cec84c445c17|rpc:127.0.0.1:37125|dataStream:|priority:1] returns group-0B6D4AAB114F:java.util.concurrent.CompletableFuture@260de1d[Not completed]
2021-11-30 13:17:25,212 [pool-336-thread-1] INFO  server.RaftServer$Division (RaftServerImpl.java:<init>(184)) - 2e564fa8-312b-4913-8140-cec84c445c17: new RaftServerImpl for group-0B6D4AAB114F:[d98c3e5c-49fa-4679-a7d6-b0bafe1f3c0f|rpc:127.0.0.1:42503|dataStream:|priority:0, b8a6b2ba-922b-4f06-aab5-ca74535011cb|rpc:127.0.0.1:33201|dataStream:|priority:0, 2e564fa8-312b-4913-8140-cec84c445c17|rpc:127.0.0.1:37125|dataStream:|priority:1] with ContainerStateMachine:uninitialized
2021-11-30 13:17:25,212 [pool-336-thread-1] INFO  server.RaftServerConfigKeys (ConfUtils.java:logGet(44)) - raft.server.rpc.timeout.min = 5s (custom)
2021-11-30 13:17:25,212 [pool-336-thread-1] INFO  server.RaftServerConfigKeys (ConfUtils.java:logGet(44)) - raft.server.rpc.timeout.max = 5200ms (custom)
2021-11-30 13:17:25,212 [pool-336-thread-1] INFO  server.RaftServerConfigKeys (ConfUtils.java:logGet(44)) - raft.server.rpc.sleep.time = 25ms (default)
2021-11-30 13:17:25,212 [pool-336-thread-1] INFO  server.RaftServerConfigKeys (ConfUtils.java:logGet(44)) - raft.server.rpc.slowness.timeout = 300s (custom)
2021-11-30 13:17:25,212 [pool-336-thread-1] INFO  server.RaftServerConfigKeys (ConfUtils.java:logGet(44)) - raft.server.leaderelection.leader.step-down.wait-time = 10s (default)
2021-11-30 13:17:25,212 [pool-336-thread-1] INFO  server.RaftServerConfigKeys (ConfUtils.java:logGet(44)) - raft.server.sleep.deviation.threshold = 300ms (default)
2021-11-30 13:17:25,212 [pool-336-thread-1] INFO  server.RaftServerConfigKeys (ConfUtils.java:logGet(44)) - raft.server.log.appender.install.snapshot.enabled = false (custom)
2021-11-30 13:17:25,212 [pool-336-thread-1] INFO  server.RaftServer$Division (ServerState.java:<init>(105)) - 2e564fa8-312b-4913-8140-cec84c445c17@group-0B6D4AAB114F: ConfigurationManager, init=-1: [d98c3e5c-49fa-4679-a7d6-b0bafe1f3c0f|rpc:127.0.0.1:42503|dataStream:|priority:0, b8a6b2ba-922b-4f06-aab5-ca74535011cb|rpc:127.0.0.1:33201|dataStream:|priority:0, 2e564fa8-312b-4913-8140-cec84c445c17|rpc:127.0.0.1:37125|dataStream:|priority:1], old=null, confs=<EMPTY_MAP>
2021-11-30 13:17:25,212 [pool-336-thread-1] INFO  server.RaftServerConfigKeys (ConfUtils.java:logGet(44)) - raft.server.storage.dir = [/home/runner/work/ozone/ozone/hadoop-ozone/integration-test/target/test-dir/MiniOzoneClusterImpl-00f7fd44-dd00-490d-8842-f37d1847179e/datanode-2/data/ratis] (custom)
2021-11-30 13:17:25,213 [pool-336-thread-1] INFO  server.RaftServerConfigKeys (ConfUtils.java:logGet(44)) - raft.server.log.corruption.policy = EXCEPTION (default)
2021-11-30 13:17:25,213 [pool-336-thread-1] INFO  server.RaftServerConfigKeys (ConfUtils.java:logGet(44)) - raft.server.storage.free-space.min = 0MB (=0) (default)
2021-11-30 13:17:25,213 [pool-336-thread-1] INFO  storage.RaftStorageDirectory (RaftStorageDirectoryImpl.java:analyzeStorage(135)) - The storage directory /home/runner/work/ozone/ozone/hadoop-ozone/integration-test/target/test-dir/MiniOzoneClusterImpl-00f7fd44-dd00-490d-8842-f37d1847179e/datanode-2/data/ratis/269ccda0-2374-4b33-a16a-0b6d4aab114f does not exist. Creating ...
2021-11-30 13:17:25,215 [pool-336-thread-1] INFO  storage.RaftStorageDirectory (RaftStorageDirectoryImpl.java:tryLock(230)) - Lock on /home/runner/work/ozone/ozone/hadoop-ozone/integration-test/target/test-dir/MiniOzoneClusterImpl-00f7fd44-dd00-490d-8842-f37d1847179e/datanode-2/data/ratis/269ccda0-2374-4b33-a16a-0b6d4aab114f/in_use.lock acquired by nodename 32455@fv-az148-447
2021-11-30 13:17:25,218 [pool-336-thread-1] INFO  storage.RaftStorage (RaftStorageImpl.java:format(89)) - Storage directory /home/runner/work/ozone/ozone/hadoop-ozone/integration-test/target/test-dir/MiniOzoneClusterImpl-00f7fd44-dd00-490d-8842-f37d1847179e/datanode-2/data/ratis/269ccda0-2374-4b33-a16a-0b6d4aab114f has been successfully formatted.
2021-11-30 13:17:25,219 [pool-336-thread-1] INFO  ratis.ContainerStateMachine (ContainerStateMachine.java:loadSnapshot(224)) - group-0B6D4AAB114F: The snapshot info is null. Setting the last applied indexto:(t:0, i:~)
2021-11-30 13:17:25,219 [pool-336-thread-1] INFO  server.RaftServerConfigKeys (ConfUtils.java:logGet(44)) - raft.server.notification.no-leader.timeout = 300s (custom)
2021-11-30 13:17:25,219 [pool-336-thread-1] INFO  server.RaftServerConfigKeys (ConfUtils.java:logGet(44)) - raft.server.log.use.memory = false (default)
2021-11-30 13:17:25,219 [pool-336-thread-1] INFO  server.RaftServerConfigKeys (ConfUtils.java:logGet(44)) - raft.server.log.purge.gap = 1000000 (custom)
2021-11-30 13:17:25,219 [pool-336-thread-1] INFO  server.RaftServerConfigKeys (ConfUtils.java:logGet(44)) - raft.server.log.appender.buffer.byte-limit = 33554432 (custom)
2021-11-30 13:17:25,219 [pool-336-thread-1] INFO  server.RaftServerConfigKeys (ConfUtils.java:logGet(44)) - raft.server.log.segment.size.max = 1048576 (custom)
2021-11-30 13:17:25,220 [pool-336-thread-1] INFO  server.RaftServerConfigKeys (ConfUtils.java:logGet(44)) - raft.server.log.segment.cache.num.max = 2 (custom)
2021-11-30 13:17:25,220 [pool-336-thread-1] INFO  server.RaftServerConfigKeys (ConfUtils.java:logGet(44)) - raft.server.log.segment.cache.size.max = 200MB (=209715200) (default)
2021-11-30 13:17:25,220 [pool-336-thread-1] INFO  segmented.SegmentedRaftLogWorker (SegmentedRaftLogWorker.java:<init>(182)) - new 2e564fa8-312b-4913-8140-cec84c445c17@group-0B6D4AAB114F-SegmentedRaftLogWorker for RaftStorageImpl:Storage Directory /home/runner/work/ozone/ozone/hadoop-ozone/integration-test/target/test-dir/MiniOzoneClusterImpl-00f7fd44-dd00-490d-8842-f37d1847179e/datanode-2/data/ratis/269ccda0-2374-4b33-a16a-0b6d4aab114f
2021-11-30 13:17:25,220 [pool-336-thread-1] INFO  server.RaftServerConfigKeys (ConfUtils.java:logGet(44)) - raft.server.log.queue.byte-limit = 2147483647 (custom)
2021-11-30 13:17:25,220 [pool-336-thread-1] INFO  server.RaftServerConfigKeys (ConfUtils.java:logGet(44)) - raft.server.log.queue.element-limit = 1024 (custom)
2021-11-30 13:17:25,220 [pool-336-thread-1] INFO  server.RaftServerConfigKeys (ConfUtils.java:logGet(44)) - raft.server.log.segment.size.max = 1048576 (custom)
2021-11-30 13:17:25,220 [pool-336-thread-1] INFO  server.RaftServerConfigKeys (ConfUtils.java:logGet(44)) - raft.server.log.preallocated.size = 16384 (custom)
2021-11-30 13:17:25,220 [pool-336-thread-1] INFO  server.RaftServerConfigKeys (ConfUtils.java:logGet(44)) - raft.server.log.force.sync.num = 128 (default)
2021-11-30 13:17:25,220 [pool-336-thread-1] INFO  server.RaftServerConfigKeys (ConfUtils.java:logGet(44)) - raft.server.log.statemachine.data.sync = true (default)
2021-11-30 13:17:25,220 [pool-336-thread-1] INFO  server.RaftServerConfigKeys (ConfUtils.java:logGet(44)) - raft.server.log.statemachine.data.sync.timeout = 10s (default)
2021-11-30 13:17:25,220 [pool-336-thread-1] INFO  server.RaftServerConfigKeys (ConfUtils.java:logGet(44)) - raft.server.log.statemachine.data.sync.timeout.retry = -1 (default)
2021-11-30 13:17:25,221 [pool-336-thread-1] INFO  server.RaftServerConfigKeys (ConfUtils.java:logGet(44)) - raft.server.log.write.buffer.size = 1048576 (custom)
2021-11-30 13:17:25,221 [pool-336-thread-1] INFO  server.RaftServerConfigKeys (ConfUtils.java:logGet(44)) - raft.server.log.statemachine.data.caching.enabled = true (custom)
2021-11-30 13:17:25,222 [pool-336-thread-1] INFO  segmented.SegmentedRaftLogWorker (SegmentedRaftLogWorker.java:lambda$new$0(133)) - 2e564fa8-312b-4913-8140-cec84c445c17@group-0B6D4AAB114F-SegmentedRaftLogWorker: flushIndex: setUnconditionally 0 -> -1
2021-11-30 13:17:25,222 [pool-336-thread-1] INFO  segmented.SegmentedRaftLogWorker (SegmentedRaftLogWorker.java:lambda$new$0(133)) - 2e564fa8-312b-4913-8140-cec84c445c17@group-0B6D4AAB114F-SegmentedRaftLogWorker: safeCacheEvictIndex: setUnconditionally 0 -> -1
2021-11-30 13:17:25,244 [pool-336-thread-1] INFO  server.RaftServerConfigKeys (ConfUtils.java:logGet(44)) - raft.server.snapshot.auto.trigger.enabled = true (custom)
2021-11-30 13:17:25,245 [pool-336-thread-1] INFO  server.RaftServerConfigKeys (ConfUtils.java:logGet(44)) - raft.server.snapshot.auto.trigger.threshold = 10000 (custom)
2021-11-30 13:17:25,245 [pool-336-thread-1] INFO  server.RaftServerConfigKeys (ConfUtils.java:logGet(44)) - raft.server.snapshot.retention.file.num = 5 (custom)
2021-11-30 13:17:25,245 [pool-336-thread-1] INFO  server.RaftServerConfigKeys (ConfUtils.java:logGet(44)) - raft.server.log.purge.upto.snapshot.index = false (default)
2021-11-30 13:17:25,245 [pool-336-thread-1] INFO  server.RaftServerConfigKeys (ConfUtils.java:logGet(44)) - raft.server.retrycache.expirytime = 600000ms (custom)
2021-11-30 13:17:25,245 [pool-336-thread-1] INFO  server.RaftServerConfigKeys (ConfUtils.java:logGet(44)) - raft.server.retrycache.statistics.expirytime = 100μs (default)
2021-11-30 13:17:25,246 [pool-336-thread-1] INFO  server.RaftServer$Division (RaftServerImpl.java:start(301)) - 2e564fa8-312b-4913-8140-cec84c445c17@group-0B6D4AAB114F: start as a follower, conf=-1: [d98c3e5c-49fa-4679-a7d6-b0bafe1f3c0f|rpc:127.0.0.1:42503|dataStream:|priority:0, b8a6b2ba-922b-4f06-aab5-ca74535011cb|rpc:127.0.0.1:33201|dataStream:|priority:0, 2e564fa8-312b-4913-8140-cec84c445c17|rpc:127.0.0.1:37125|dataStream:|priority:1], old=null
2021-11-30 13:17:25,246 [pool-336-thread-1] INFO  server.RaftServer$Division (RaftServerImpl.java:setRole(290)) - 2e564fa8-312b-4913-8140-cec84c445c17@group-0B6D4AAB114F: changes role from      null to FOLLOWER at term 0 for startAsFollower
2021-11-30 13:17:25,246 [pool-336-thread-1] INFO  impl.RoleInfo (RoleInfo.java:updateAndGet(130)) - 2e564fa8-312b-4913-8140-cec84c445c17: start 2e564fa8-312b-4913-8140-cec84c445c17@group-0B6D4AAB114F-FollowerState
2021-11-30 13:17:25,250 [pool-336-thread-1] INFO  util.JmxRegister (JmxRegister.java:tryRegister(44)) - Successfully registered JMX Bean with object name Ratis:service=RaftServer,group=group-0B6D4AAB114F,id=2e564fa8-312b-4913-8140-cec84c445c17
2021-11-30 13:17:25,310 [Command processor thread] INFO  commandhandler.CreatePipelineCommandHandler (CreatePipelineCommandHandler.java:handle(106)) - Created Pipeline RATIS THREE PipelineID=269ccda0-2374-4b33-a16a-0b6d4aab114f.
2021-11-30 13:17:25,312 [Command processor thread] INFO  commandhandler.CreatePipelineCommandHandler (CreatePipelineCommandHandler.java:handle(106)) - Created Pipeline RATIS THREE PipelineID=269ccda0-2374-4b33-a16a-0b6d4aab114f.
2021-11-30 13:17:25,453 [EndpointStateMachine task thread for /127.0.0.1:13705 - 0 ] INFO  ipc.Client (Client.java:handleConnectionFailure(977)) - Retrying connect to server: localhost/127.0.0.1:13705. Already tried 12 time(s); retry policy is RetryUpToMaximumCountWithFixedSleep(maxRetries=15, sleepTime=1000 MILLISECONDS)
2021-11-30 13:17:25,457 [EndpointStateMachine task thread for /127.0.0.1:13685 - 0 ] INFO  ipc.Client (Client.java:handleConnectionFailure(977)) - Retrying connect to server: localhost/127.0.0.1:13685. Already tried 12 time(s); retry policy is RetryUpToMaximumCountWithFixedSleep(maxRetries=15, sleepTime=1000 MILLISECONDS)
2021-11-30 13:17:25,488 [EndpointStateMachine task thread for /127.0.0.1:13695 - 0 ] INFO  ipc.Client (Client.java:handleConnectionFailure(977)) - Retrying connect to server: localhost/127.0.0.1:13695. Already tried 12 time(s); retry policy is RetryUpToMaximumCountWithFixedSleep(maxRetries=15, sleepTime=1000 MILLISECONDS)
2021-11-30 13:17:25,498 [Listener at 127.0.0.1/10012] INFO  ozone.MiniOzoneClusterImpl (MiniOzoneClusterImpl.java:lambda$waitForClusterToBeReady$0(235)) - Nodes are ready. Got 3 of 3 DN Heartbeats.
2021-11-30 13:17:25,498 [Listener at 127.0.0.1/10012] INFO  ozone.MiniOzoneClusterImpl (MiniOzoneClusterImpl.java:lambda$waitForClusterToBeReady$0(238)) - Waiting for cluster to exit safe mode
2021-11-30 13:17:25,498 [Listener at 127.0.0.1/10012] INFO  ozone.MiniOzoneClusterImpl (MiniOzoneClusterImpl.java:lambda$waitForClusterToBeReady$0(240)) - SCM became leader
2021-11-30 13:17:25,552 [Command processor thread] INFO  server.RaftServer (RaftServerProxy.java:addNew(95)) - 2e564fa8-312b-4913-8140-cec84c445c17: addNew group-1CF2AB5825BD:[2e564fa8-312b-4913-8140-cec84c445c17|rpc:127.0.0.1:37125|priority:1] returns group-1CF2AB5825BD:java.util.concurrent.CompletableFuture@134c37ec[Not completed]
2021-11-30 13:17:25,553 [pool-336-thread-1] INFO  server.RaftServer$Division (RaftServerImpl.java:<init>(184)) - 2e564fa8-312b-4913-8140-cec84c445c17: new RaftServerImpl for group-1CF2AB5825BD:[2e564fa8-312b-4913-8140-cec84c445c17|rpc:127.0.0.1:37125|priority:1] with ContainerStateMachine:uninitialized
2021-11-30 13:17:25,553 [pool-336-thread-1] INFO  server.RaftServerConfigKeys (ConfUtils.java:logGet(44)) - raft.server.rpc.timeout.min = 5s (custom)
2021-11-30 13:17:25,553 [pool-336-thread-1] INFO  server.RaftServerConfigKeys (ConfUtils.java:logGet(44)) - raft.server.rpc.timeout.max = 5200ms (custom)
2021-11-30 13:17:25,553 [pool-336-thread-1] INFO  server.RaftServerConfigKeys (ConfUtils.java:logGet(44)) - raft.server.rpc.sleep.time = 25ms (default)
2021-11-30 13:17:25,553 [pool-336-thread-1] INFO  server.RaftServerConfigKeys (ConfUtils.java:logGet(44)) - raft.server.rpc.slowness.timeout = 300s (custom)
2021-11-30 13:17:25,553 [pool-336-thread-1] INFO  server.RaftServerConfigKeys (ConfUtils.java:logGet(44)) - raft.server.leaderelection.leader.step-down.wait-time = 10s (default)
2021-11-30 13:17:25,553 [pool-336-thread-1] INFO  server.RaftServerConfigKeys (ConfUtils.java:logGet(44)) - raft.server.sleep.deviation.threshold = 300ms (default)
2021-11-30 13:17:25,553 [pool-336-thread-1] INFO  server.RaftServerConfigKeys (ConfUtils.java:logGet(44)) - raft.server.log.appender.install.snapshot.enabled = false (custom)
2021-11-30 13:17:25,553 [pool-336-thread-1] INFO  server.RaftServer$Division (ServerState.java:<init>(105)) - 2e564fa8-312b-4913-8140-cec84c445c17@group-1CF2AB5825BD: ConfigurationManager, init=-1: [2e564fa8-312b-4913-8140-cec84c445c17|rpc:127.0.0.1:37125|priority:1], old=null, confs=<EMPTY_MAP>
2021-11-30 13:17:25,553 [pool-336-thread-1] INFO  server.RaftServerConfigKeys (ConfUtils.java:logGet(44)) - raft.server.storage.dir = [/home/runner/work/ozone/ozone/hadoop-ozone/integration-test/target/test-dir/MiniOzoneClusterImpl-00f7fd44-dd00-490d-8842-f37d1847179e/datanode-2/data/ratis] (custom)
2021-11-30 13:17:25,553 [pool-336-thread-1] INFO  server.RaftServerConfigKeys (ConfUtils.java:logGet(44)) - raft.server.log.corruption.policy = EXCEPTION (default)
2021-11-30 13:17:25,553 [pool-336-thread-1] INFO  server.RaftServerConfigKeys (ConfUtils.java:logGet(44)) - raft.server.storage.free-space.min = 0MB (=0) (default)
2021-11-30 13:17:25,553 [pool-336-thread-1] INFO  storage.RaftStorageDirectory (RaftStorageDirectoryImpl.java:analyzeStorage(135)) - The storage directory /home/runner/work/ozone/ozone/hadoop-ozone/integration-test/target/test-dir/MiniOzoneClusterImpl-00f7fd44-dd00-490d-8842-f37d1847179e/datanode-2/data/ratis/54f83ae2-7f46-45bb-b164-1cf2ab5825bd does not exist. Creating ...
2021-11-30 13:17:25,555 [pool-336-thread-1] INFO  storage.RaftStorageDirectory (RaftStorageDirectoryImpl.java:tryLock(230)) - Lock on /home/runner/work/ozone/ozone/hadoop-ozone/integration-test/target/test-dir/MiniOzoneClusterImpl-00f7fd44-dd00-490d-8842-f37d1847179e/datanode-2/data/ratis/54f83ae2-7f46-45bb-b164-1cf2ab5825bd/in_use.lock acquired by nodename 32455@fv-az148-447
2021-11-30 13:17:25,557 [pool-336-thread-1] INFO  storage.RaftStorage (RaftStorageImpl.java:format(89)) - Storage directory /home/runner/work/ozone/ozone/hadoop-ozone/integration-test/target/test-dir/MiniOzoneClusterImpl-00f7fd44-dd00-490d-8842-f37d1847179e/datanode-2/data/ratis/54f83ae2-7f46-45bb-b164-1cf2ab5825bd has been successfully formatted.
2021-11-30 13:17:25,560 [EventQueue-PipelineReportForPipelineReportHandler] INFO  pipeline.PipelineManagerImpl (PipelineManagerImpl.java:openPipeline(289)) - Pipeline Pipeline[ Id: 54f83ae2-7f46-45bb-b164-1cf2ab5825bd, Nodes: 2e564fa8-312b-4913-8140-cec84c445c17{ip: 127.0.0.1, host: localhost, ports: [REPLICATION=43161, RATIS=37125, RATIS_ADMIN=37125, RATIS_SERVER=37125, STANDALONE=43881], networkLocation: /default-rack, certSerialId: null, persistedOpState: IN_SERVICE, persistedOpStateExpiryEpochSec: 0}, ReplicationConfig: RATIS/ONE, State:ALLOCATED, leaderId:2e564fa8-312b-4913-8140-cec84c445c17, CreationTimestamp2021-11-30T13:17:22.569Z[Etc/UTC]] moved to OPEN state
2021-11-30 13:17:25,561 [EventQueue-PipelineReportForPipelineReportHandler] INFO  pipeline.PipelineManagerImpl (PipelineManagerImpl.java:openPipeline(289)) - Pipeline Pipeline[ Id: 54f83ae2-7f46-45bb-b164-1cf2ab5825bd, Nodes: 2e564fa8-312b-4913-8140-cec84c445c17{ip: 127.0.0.1, host: localhost, ports: [REPLICATION=43161, RATIS=37125, RATIS_ADMIN=37125, RATIS_SERVER=37125, STANDALONE=43881], networkLocation: /default-rack, certSerialId: null, persistedOpState: IN_SERVICE, persistedOpStateExpiryEpochSec: 0}, ReplicationConfig: RATIS/ONE, State:ALLOCATED, leaderId:2e564fa8-312b-4913-8140-cec84c445c17, CreationTimestamp2021-11-30T13:17:22.569Z[Etc/UTC]] moved to OPEN state
2021-11-30 13:17:25,561 [EventQueue-PipelineReportForPipelineReportHandler] INFO  ha.SCMHAInvocationHandler (SCMHAInvocationHandler.java:invokeRatis(113)) - Invoking method public abstract void org.apache.hadoop.hdds.scm.pipeline.PipelineStateManager.updatePipelineState(org.apache.hadoop.hdds.protocol.proto.HddsProtos$PipelineID,org.apache.hadoop.hdds.protocol.proto.HddsProtos$PipelineState) throws java.io.IOException on target org.apache.hadoop.hdds.scm.ha.SCMRatisServerImpl@2895a67c, cost 209.004us
2021-11-30 13:17:25,562 [pool-336-thread-1] INFO  ratis.ContainerStateMachine (ContainerStateMachine.java:loadSnapshot(224)) - group-1CF2AB5825BD: The snapshot info is null. Setting the last applied indexto:(t:0, i:~)
2021-11-30 13:17:25,562 [pool-336-thread-1] INFO  server.RaftServerConfigKeys (ConfUtils.java:logGet(44)) - raft.server.notification.no-leader.timeout = 300s (custom)
2021-11-30 13:17:25,563 [pool-336-thread-1] INFO  server.RaftServerConfigKeys (ConfUtils.java:logGet(44)) - raft.server.log.use.memory = false (default)
2021-11-30 13:17:25,563 [pool-336-thread-1] INFO  server.RaftServerConfigKeys (ConfUtils.java:logGet(44)) - raft.server.log.purge.gap = 1000000 (custom)
2021-11-30 13:17:25,563 [pool-336-thread-1] INFO  server.RaftServerConfigKeys (ConfUtils.java:logGet(44)) - raft.server.log.appender.buffer.byte-limit = 33554432 (custom)
2021-11-30 13:17:25,567 [pool-336-thread-1] INFO  server.RaftServerConfigKeys (ConfUtils.java:logGet(44)) - raft.server.log.segment.size.max = 1048576 (custom)
2021-11-30 13:17:25,568 [pool-336-thread-1] INFO  server.RaftServerConfigKeys (ConfUtils.java:logGet(44)) - raft.server.log.segment.cache.num.max = 2 (custom)
2021-11-30 13:17:25,568 [pool-336-thread-1] INFO  server.RaftServerConfigKeys (ConfUtils.java:logGet(44)) - raft.server.log.segment.cache.size.max = 200MB (=209715200) (default)
2021-11-30 13:17:25,568 [pool-336-thread-1] INFO  segmented.SegmentedRaftLogWorker (SegmentedRaftLogWorker.java:<init>(182)) - new 2e564fa8-312b-4913-8140-cec84c445c17@group-1CF2AB5825BD-SegmentedRaftLogWorker for RaftStorageImpl:Storage Directory /home/runner/work/ozone/ozone/hadoop-ozone/integration-test/target/test-dir/MiniOzoneClusterImpl-00f7fd44-dd00-490d-8842-f37d1847179e/datanode-2/data/ratis/54f83ae2-7f46-45bb-b164-1cf2ab5825bd
2021-11-30 13:17:25,568 [pool-336-thread-1] INFO  server.RaftServerConfigKeys (ConfUtils.java:logGet(44)) - raft.server.log.queue.byte-limit = 2147483647 (custom)
2021-11-30 13:17:25,568 [pool-336-thread-1] INFO  server.RaftServerConfigKeys (ConfUtils.java:logGet(44)) - raft.server.log.queue.element-limit = 1024 (custom)
2021-11-30 13:17:25,568 [pool-336-thread-1] INFO  server.RaftServerConfigKeys (ConfUtils.java:logGet(44)) - raft.server.log.segment.size.max = 1048576 (custom)
2021-11-30 13:17:25,568 [pool-336-thread-1] INFO  server.RaftServerConfigKeys (ConfUtils.java:logGet(44)) - raft.server.log.preallocated.size = 16384 (custom)
2021-11-30 13:17:25,568 [pool-336-thread-1] INFO  server.RaftServerConfigKeys (ConfUtils.java:logGet(44)) - raft.server.log.force.sync.num = 128 (default)
2021-11-30 13:17:25,568 [pool-336-thread-1] INFO  server.RaftServerConfigKeys (ConfUtils.java:logGet(44)) - raft.server.log.statemachine.data.sync = true (default)
2021-11-30 13:17:25,568 [pool-336-thread-1] INFO  server.RaftServerConfigKeys (ConfUtils.java:logGet(44)) - raft.server.log.statemachine.data.sync.timeout = 10s (default)
2021-11-30 13:17:25,568 [pool-336-thread-1] INFO  server.RaftServerConfigKeys (ConfUtils.java:logGet(44)) - raft.server.log.statemachine.data.sync.timeout.retry = -1 (default)
2021-11-30 13:17:25,577 [pool-336-thread-1] INFO  server.RaftServerConfigKeys (ConfUtils.java:logGet(44)) - raft.server.log.write.buffer.size = 1048576 (custom)
2021-11-30 13:17:25,578 [pool-336-thread-1] INFO  server.RaftServerConfigKeys (ConfUtils.java:logGet(44)) - raft.server.log.statemachine.data.caching.enabled = true (custom)
2021-11-30 13:17:25,578 [pool-336-thread-1] INFO  segmented.SegmentedRaftLogWorker (SegmentedRaftLogWorker.java:lambda$new$0(133)) - 2e564fa8-312b-4913-8140-cec84c445c17@group-1CF2AB5825BD-SegmentedRaftLogWorker: flushIndex: setUnconditionally 0 -> -1
2021-11-30 13:17:25,578 [pool-336-thread-1] INFO  segmented.SegmentedRaftLogWorker (SegmentedRaftLogWorker.java:lambda$new$0(133)) - 2e564fa8-312b-4913-8140-cec84c445c17@group-1CF2AB5825BD-SegmentedRaftLogWorker: safeCacheEvictIndex: setUnconditionally 0 -> -1
2021-11-30 13:17:25,591 [e2ff296b-9428-40f2-9fe9-4cc07b88cea2@group-F37D1847179E-StateMachineUpdater] INFO  safemode.HealthyPipelineSafeModeRule (HealthyPipelineSafeModeRule.java:initializeRule(152)) - Refreshed total pipeline count is 0, healthy pipeline threshold count is 1
2021-11-30 13:17:25,591 [EventQueue-PipelineReportForPipelineReportHandler] INFO  ha.SCMHAInvocationHandler (SCMHAInvocationHandler.java:invokeRatis(113)) - Invoking method public abstract void org.apache.hadoop.hdds.scm.pipeline.PipelineStateManager.updatePipelineState(org.apache.hadoop.hdds.protocol.proto.HddsProtos$PipelineID,org.apache.hadoop.hdds.protocol.proto.HddsProtos$PipelineState) throws java.io.IOException on target org.apache.hadoop.hdds.scm.ha.SCMRatisServerImpl@30d17a27, cost 30634.431us
2021-11-30 13:17:25,591 [EventQueue-OpenPipelineForHealthyPipelineSafeModeRule] INFO  safemode.SCMSafeModeManager (HealthyPipelineSafeModeRule.java:process(124)) - SCM in safe mode. Healthy pipelines reported count is 0, required healthy pipeline reported count is 1
2021-11-30 13:17:25,599 [pool-336-thread-1] INFO  server.RaftServerConfigKeys (ConfUtils.java:logGet(44)) - raft.server.snapshot.auto.trigger.enabled = true (custom)
2021-11-30 13:17:25,599 [pool-336-thread-1] INFO  server.RaftServerConfigKeys (ConfUtils.java:logGet(44)) - raft.server.snapshot.auto.trigger.threshold = 10000 (custom)
2021-11-30 13:17:25,599 [pool-336-thread-1] INFO  server.RaftServerConfigKeys (ConfUtils.java:logGet(44)) - raft.server.snapshot.retention.file.num = 5 (custom)
2021-11-30 13:17:25,599 [pool-336-thread-1] INFO  server.RaftServerConfigKeys (ConfUtils.java:logGet(44)) - raft.server.log.purge.upto.snapshot.index = false (default)
2021-11-30 13:17:25,620 [pool-336-thread-1] INFO  server.RaftServerConfigKeys (ConfUtils.java:logGet(44)) - raft.server.retrycache.expirytime = 600000ms (custom)
2021-11-30 13:17:25,620 [pool-336-thread-1] INFO  server.RaftServerConfigKeys (ConfUtils.java:logGet(44)) - raft.server.retrycache.statistics.expirytime = 100μs (default)
2021-11-30 13:17:25,621 [pool-336-thread-1] INFO  server.RaftServer$Division (RaftServerImpl.java:start(301)) - 2e564fa8-312b-4913-8140-cec84c445c17@group-1CF2AB5825BD: start as a follower, conf=-1: [2e564fa8-312b-4913-8140-cec84c445c17|rpc:127.0.0.1:37125|priority:1], old=null
2021-11-30 13:17:25,621 [0f6dc6cb-fd39-4234-9fee-aa41e9cd5640@group-F37D1847179E-StateMachineUpdater] INFO  safemode.HealthyPipelineSafeModeRule (HealthyPipelineSafeModeRule.java:initializeRule(152)) - Refreshed total pipeline count is 0, healthy pipeline threshold count is 1
2021-11-30 13:17:25,621 [pool-336-thread-1] INFO  server.RaftServer$Division (RaftServerImpl.java:setRole(290)) - 2e564fa8-312b-4913-8140-cec84c445c17@group-1CF2AB5825BD: changes role from      null to FOLLOWER at term 0 for startAsFollower
2021-11-30 13:17:25,624 [pool-336-thread-1] INFO  impl.RoleInfo (RoleInfo.java:updateAndGet(130)) - 2e564fa8-312b-4913-8140-cec84c445c17: start 2e564fa8-312b-4913-8140-cec84c445c17@group-1CF2AB5825BD-FollowerState
2021-11-30 13:17:25,631 [pool-336-thread-1] INFO  util.JmxRegister (JmxRegister.java:tryRegister(44)) - Successfully registered JMX Bean with object name Ratis:service=RaftServer,group=group-1CF2AB5825BD,id=2e564fa8-312b-4913-8140-cec84c445c17
2021-11-30 13:17:25,640 [Command processor thread] INFO  ratis.XceiverServerRatis (XceiverServerRatis.java:addGroup(768)) - Created group PipelineID=54f83ae2-7f46-45bb-b164-1cf2ab5825bd
2021-11-30 13:17:25,640 [Command processor thread] INFO  commandhandler.CreatePipelineCommandHandler (CreatePipelineCommandHandler.java:handle(106)) - Created Pipeline RATIS ONE PipelineID=54f83ae2-7f46-45bb-b164-1cf2ab5825bd.
2021-11-30 13:17:26,454 [EndpointStateMachine task thread for /127.0.0.1:13705 - 0 ] INFO  ipc.Client (Client.java:handleConnectionFailure(977)) - Retrying connect to server: localhost/127.0.0.1:13705. Already tried 13 time(s); retry policy is RetryUpToMaximumCountWithFixedSleep(maxRetries=15, sleepTime=1000 MILLISECONDS)
2021-11-30 13:17:26,457 [EndpointStateMachine task thread for /127.0.0.1:13685 - 0 ] INFO  ipc.Client (Client.java:handleConnectionFailure(977)) - Retrying connect to server: localhost/127.0.0.1:13685. Already tried 13 time(s); retry policy is RetryUpToMaximumCountWithFixedSleep(maxRetries=15, sleepTime=1000 MILLISECONDS)
2021-11-30 13:17:26,489 [EndpointStateMachine task thread for /127.0.0.1:13695 - 0 ] INFO  ipc.Client (Client.java:handleConnectionFailure(977)) - Retrying connect to server: localhost/127.0.0.1:13695. Already tried 13 time(s); retry policy is RetryUpToMaximumCountWithFixedSleep(maxRetries=15, sleepTime=1000 MILLISECONDS)
2021-11-30 13:17:26,498 [Listener at 127.0.0.1/10012] INFO  ozone.MiniOzoneClusterImpl (MiniOzoneClusterImpl.java:lambda$waitForClusterToBeReady$0(235)) - Nodes are ready. Got 3 of 3 DN Heartbeats.
2021-11-30 13:17:26,498 [Listener at 127.0.0.1/10012] INFO  ozone.MiniOzoneClusterImpl (MiniOzoneClusterImpl.java:lambda$waitForClusterToBeReady$0(238)) - Waiting for cluster to exit safe mode
2021-11-30 13:17:26,499 [Listener at 127.0.0.1/10012] INFO  ozone.MiniOzoneClusterImpl (MiniOzoneClusterImpl.java:lambda$waitForClusterToBeReady$0(240)) - SCM became leader
2021-11-30 13:17:27,192 [Datanode State Machine Daemon Thread] ERROR datanode.RunningDatanodeState (RunningDatanodeState.java:computeNextContainerState(199)) - Error in executing end point task.
java.util.concurrent.ExecutionException: java.util.concurrent.TimeoutException
	at java.util.concurrent.FutureTask.report(FutureTask.java:122)
	at java.util.concurrent.FutureTask.get(FutureTask.java:192)
	at org.apache.hadoop.ozone.container.common.states.datanode.RunningDatanodeState.computeNextContainerState(RunningDatanodeState.java:191)
	at org.apache.hadoop.ozone.container.common.states.datanode.RunningDatanodeState.await(RunningDatanodeState.java:231)
	at org.apache.hadoop.ozone.container.common.states.datanode.RunningDatanodeState.await(RunningDatanodeState.java:50)
	at org.apache.hadoop.ozone.container.common.statemachine.StateContext.execute(StateContext.java:633)
	at org.apache.hadoop.ozone.container.common.statemachine.DatanodeStateMachine.start(DatanodeStateMachine.java:280)
	at org.apache.hadoop.ozone.container.common.statemachine.DatanodeStateMachine.lambda$startDaemon$0(DatanodeStateMachine.java:468)
	at java.lang.Thread.run(Thread.java:748)
Caused by: java.util.concurrent.TimeoutException
	at java.util.concurrent.FutureTask.get(FutureTask.java:205)
	at org.apache.hadoop.ozone.container.common.states.datanode.RunningDatanodeState.lambda$execute$0(RunningDatanodeState.java:149)
	at java.util.concurrent.FutureTask.run(FutureTask.java:266)
	at java.util.concurrent.Executors$RunnableAdapter.call(Executors.java:511)
	at java.util.concurrent.FutureTask.run(FutureTask.java:266)
	at java.util.concurrent.ThreadPoolExecutor.runWorker(ThreadPoolExecutor.java:1149)
	at java.util.concurrent.ThreadPoolExecutor$Worker.run(ThreadPoolExecutor.java:624)
	... 1 more
2021-11-30 13:17:27,455 [EndpointStateMachine task thread for /127.0.0.1:13705 - 0 ] INFO  ipc.Client (Client.java:handleConnectionFailure(977)) - Retrying connect to server: localhost/127.0.0.1:13705. Already tried 14 time(s); retry policy is RetryUpToMaximumCountWithFixedSleep(maxRetries=15, sleepTime=1000 MILLISECONDS)
2021-11-30 13:17:27,460 [EndpointStateMachine task thread for /127.0.0.1:13685 - 0 ] INFO  ipc.Client (Client.java:handleConnectionFailure(977)) - Retrying connect to server: localhost/127.0.0.1:13685. Already tried 14 time(s); retry policy is RetryUpToMaximumCountWithFixedSleep(maxRetries=15, sleepTime=1000 MILLISECONDS)
2021-11-30 13:17:27,489 [EndpointStateMachine task thread for /127.0.0.1:13695 - 0 ] INFO  ipc.Client (Client.java:handleConnectionFailure(977)) - Retrying connect to server: localhost/127.0.0.1:13695. Already tried 14 time(s); retry policy is RetryUpToMaximumCountWithFixedSleep(maxRetries=15, sleepTime=1000 MILLISECONDS)
2021-11-30 13:17:27,499 [Listener at 127.0.0.1/10012] INFO  ozone.MiniOzoneClusterImpl (MiniOzoneClusterImpl.java:lambda$waitForClusterToBeReady$0(235)) - Nodes are ready. Got 3 of 3 DN Heartbeats.
2021-11-30 13:17:27,499 [Listener at 127.0.0.1/10012] INFO  ozone.MiniOzoneClusterImpl (MiniOzoneClusterImpl.java:lambda$waitForClusterToBeReady$0(238)) - Waiting for cluster to exit safe mode
2021-11-30 13:17:27,499 [Listener at 127.0.0.1/10012] INFO  ozone.MiniOzoneClusterImpl (MiniOzoneClusterImpl.java:lambda$waitForClusterToBeReady$0(240)) - SCM became leader
2021-11-30 13:17:28,135 [Datanode State Machine Daemon Thread] ERROR datanode.RunningDatanodeState (RunningDatanodeState.java:computeNextContainerState(199)) - Error in executing end point task.
java.util.concurrent.ExecutionException: java.util.concurrent.TimeoutException
	at java.util.concurrent.FutureTask.report(FutureTask.java:122)
	at java.util.concurrent.FutureTask.get(FutureTask.java:192)
	at org.apache.hadoop.ozone.container.common.states.datanode.RunningDatanodeState.computeNextContainerState(RunningDatanodeState.java:191)
	at org.apache.hadoop.ozone.container.common.states.datanode.RunningDatanodeState.await(RunningDatanodeState.java:231)
	at org.apache.hadoop.ozone.container.common.states.datanode.RunningDatanodeState.await(RunningDatanodeState.java:50)
	at org.apache.hadoop.ozone.container.common.statemachine.StateContext.execute(StateContext.java:633)
	at org.apache.hadoop.ozone.container.common.statemachine.DatanodeStateMachine.start(DatanodeStateMachine.java:280)
	at org.apache.hadoop.ozone.container.common.statemachine.DatanodeStateMachine.lambda$startDaemon$0(DatanodeStateMachine.java:468)
	at java.lang.Thread.run(Thread.java:748)
Caused by: java.util.concurrent.TimeoutException
	at java.util.concurrent.FutureTask.get(FutureTask.java:205)
	at org.apache.hadoop.ozone.container.common.states.datanode.RunningDatanodeState.lambda$execute$0(RunningDatanodeState.java:149)
	at java.util.concurrent.FutureTask.run(FutureTask.java:266)
	at java.util.concurrent.Executors$RunnableAdapter.call(Executors.java:511)
	at java.util.concurrent.FutureTask.run(FutureTask.java:266)
	at java.util.concurrent.ThreadPoolExecutor.runWorker(ThreadPoolExecutor.java:1149)
	at java.util.concurrent.ThreadPoolExecutor$Worker.run(ThreadPoolExecutor.java:624)
	... 1 more
2021-11-30 13:17:28,460 [EndpointStateMachine task thread for /127.0.0.1:13705 - 0 ] INFO  ipc.Client (Client.java:handleConnectionFailure(977)) - Retrying connect to server: localhost/127.0.0.1:13705. Already tried 0 time(s); retry policy is RetryUpToMaximumCountWithFixedSleep(maxRetries=15, sleepTime=1000 MILLISECONDS)
2021-11-30 13:17:28,461 [EndpointStateMachine task thread for /127.0.0.1:13685 - 0 ] INFO  ipc.Client (Client.java:handleConnectionFailure(977)) - Retrying connect to server: localhost/127.0.0.1:13685. Already tried 0 time(s); retry policy is RetryUpToMaximumCountWithFixedSleep(maxRetries=15, sleepTime=1000 MILLISECONDS)
2021-11-30 13:17:28,490 [EndpointStateMachine task thread for /127.0.0.1:13695 - 0 ] INFO  ipc.Client (Client.java:handleConnectionFailure(977)) - Retrying connect to server: localhost/127.0.0.1:13695. Already tried 0 time(s); retry policy is RetryUpToMaximumCountWithFixedSleep(maxRetries=15, sleepTime=1000 MILLISECONDS)
2021-11-30 13:17:28,499 [Listener at 127.0.0.1/10012] INFO  ozone.MiniOzoneClusterImpl (MiniOzoneClusterImpl.java:lambda$waitForClusterToBeReady$0(235)) - Nodes are ready. Got 3 of 3 DN Heartbeats.
2021-11-30 13:17:28,500 [Listener at 127.0.0.1/10012] INFO  ozone.MiniOzoneClusterImpl (MiniOzoneClusterImpl.java:lambda$waitForClusterToBeReady$0(238)) - Waiting for cluster to exit safe mode
2021-11-30 13:17:28,500 [Listener at 127.0.0.1/10012] INFO  ozone.MiniOzoneClusterImpl (MiniOzoneClusterImpl.java:lambda$waitForClusterToBeReady$0(240)) - SCM became leader
2021-11-30 13:17:29,139 [Datanode State Machine Daemon Thread] ERROR datanode.RunningDatanodeState (RunningDatanodeState.java:computeNextContainerState(199)) - Error in executing end point task.
java.util.concurrent.ExecutionException: java.util.concurrent.TimeoutException
	at java.util.concurrent.FutureTask.report(FutureTask.java:122)
	at java.util.concurrent.FutureTask.get(FutureTask.java:192)
	at org.apache.hadoop.ozone.container.common.states.datanode.RunningDatanodeState.computeNextContainerState(RunningDatanodeState.java:191)
	at org.apache.hadoop.ozone.container.common.states.datanode.RunningDatanodeState.await(RunningDatanodeState.java:231)
	at org.apache.hadoop.ozone.container.common.states.datanode.RunningDatanodeState.await(RunningDatanodeState.java:50)
	at org.apache.hadoop.ozone.container.common.statemachine.StateContext.execute(StateContext.java:633)
	at org.apache.hadoop.ozone.container.common.statemachine.DatanodeStateMachine.start(DatanodeStateMachine.java:280)
	at org.apache.hadoop.ozone.container.common.statemachine.DatanodeStateMachine.lambda$startDaemon$0(DatanodeStateMachine.java:468)
	at java.lang.Thread.run(Thread.java:748)
Caused by: java.util.concurrent.TimeoutException
	at java.util.concurrent.FutureTask.get(FutureTask.java:205)
	at org.apache.hadoop.ozone.container.common.states.datanode.RunningDatanodeState.lambda$execute$0(RunningDatanodeState.java:149)
	at java.util.concurrent.FutureTask.run(FutureTask.java:266)
	at java.util.concurrent.Executors$RunnableAdapter.call(Executors.java:511)
	at java.util.concurrent.FutureTask.run(FutureTask.java:266)
	at java.util.concurrent.ThreadPoolExecutor.runWorker(ThreadPoolExecutor.java:1149)
	at java.util.concurrent.ThreadPoolExecutor$Worker.run(ThreadPoolExecutor.java:624)
	... 1 more
2021-11-30 13:17:29,198 [Datanode State Machine Daemon Thread] ERROR datanode.RunningDatanodeState (RunningDatanodeState.java:computeNextContainerState(199)) - Error in executing end point task.
java.util.concurrent.ExecutionException: java.util.concurrent.TimeoutException
	at java.util.concurrent.FutureTask.report(FutureTask.java:122)
	at java.util.concurrent.FutureTask.get(FutureTask.java:192)
	at org.apache.hadoop.ozone.container.common.states.datanode.RunningDatanodeState.computeNextContainerState(RunningDatanodeState.java:191)
	at org.apache.hadoop.ozone.container.common.states.datanode.RunningDatanodeState.await(RunningDatanodeState.java:231)
	at org.apache.hadoop.ozone.container.common.states.datanode.RunningDatanodeState.await(RunningDatanodeState.java:50)
	at org.apache.hadoop.ozone.container.common.statemachine.StateContext.execute(StateContext.java:633)
	at org.apache.hadoop.ozone.container.common.statemachine.DatanodeStateMachine.start(DatanodeStateMachine.java:280)
	at org.apache.hadoop.ozone.container.common.statemachine.DatanodeStateMachine.lambda$startDaemon$0(DatanodeStateMachine.java:468)
	at java.lang.Thread.run(Thread.java:748)
Caused by: java.util.concurrent.TimeoutException
	at java.util.concurrent.FutureTask.get(FutureTask.java:205)
	at org.apache.hadoop.ozone.container.common.states.datanode.RunningDatanodeState.lambda$execute$0(RunningDatanodeState.java:149)
	at java.util.concurrent.FutureTask.run(FutureTask.java:266)
	at java.util.concurrent.Executors$RunnableAdapter.call(Executors.java:511)
	at java.util.concurrent.FutureTask.run(FutureTask.java:266)
	at java.util.concurrent.ThreadPoolExecutor.runWorker(ThreadPoolExecutor.java:1149)
	at java.util.concurrent.ThreadPoolExecutor$Worker.run(ThreadPoolExecutor.java:624)
	... 1 more
2021-11-30 13:17:29,461 [EndpointStateMachine task thread for /127.0.0.1:13705 - 0 ] INFO  ipc.Client (Client.java:handleConnectionFailure(977)) - Retrying connect to server: localhost/127.0.0.1:13705. Already tried 1 time(s); retry policy is RetryUpToMaximumCountWithFixedSleep(maxRetries=15, sleepTime=1000 MILLISECONDS)
2021-11-30 13:17:29,464 [EndpointStateMachine task thread for /127.0.0.1:13685 - 0 ] INFO  ipc.Client (Client.java:handleConnectionFailure(977)) - Retrying connect to server: localhost/127.0.0.1:13685. Already tried 1 time(s); retry policy is RetryUpToMaximumCountWithFixedSleep(maxRetries=15, sleepTime=1000 MILLISECONDS)
2021-11-30 13:17:29,490 [EndpointStateMachine task thread for /127.0.0.1:13695 - 0 ] INFO  ipc.Client (Client.java:handleConnectionFailure(977)) - Retrying connect to server: localhost/127.0.0.1:13695. Already tried 1 time(s); retry policy is RetryUpToMaximumCountWithFixedSleep(maxRetries=15, sleepTime=1000 MILLISECONDS)
2021-11-30 13:17:29,500 [Listener at 127.0.0.1/10012] INFO  ozone.MiniOzoneClusterImpl (MiniOzoneClusterImpl.java:lambda$waitForClusterToBeReady$0(235)) - Nodes are ready. Got 3 of 3 DN Heartbeats.
2021-11-30 13:17:29,500 [Listener at 127.0.0.1/10012] INFO  ozone.MiniOzoneClusterImpl (MiniOzoneClusterImpl.java:lambda$waitForClusterToBeReady$0(238)) - Waiting for cluster to exit safe mode
2021-11-30 13:17:29,500 [Listener at 127.0.0.1/10012] INFO  ozone.MiniOzoneClusterImpl (MiniOzoneClusterImpl.java:lambda$waitForClusterToBeReady$0(240)) - SCM became leader
2021-11-30 13:17:29,874 [d98c3e5c-49fa-4679-a7d6-b0bafe1f3c0f@group-8C3F35D77C57-FollowerState] INFO  impl.FollowerState (FollowerState.java:run(134)) - d98c3e5c-49fa-4679-a7d6-b0bafe1f3c0f@group-8C3F35D77C57-FollowerState: change to CANDIDATE, lastRpcElapsedTime:5001307347ns, electionTimeout:5000ms
2021-11-30 13:17:29,874 [d98c3e5c-49fa-4679-a7d6-b0bafe1f3c0f@group-8C3F35D77C57-FollowerState] INFO  impl.RoleInfo (RoleInfo.java:shutdownFollowerState(108)) - d98c3e5c-49fa-4679-a7d6-b0bafe1f3c0f: shutdown d98c3e5c-49fa-4679-a7d6-b0bafe1f3c0f@group-8C3F35D77C57-FollowerState
2021-11-30 13:17:29,874 [d98c3e5c-49fa-4679-a7d6-b0bafe1f3c0f@group-8C3F35D77C57-FollowerState] INFO  server.RaftServer$Division (RaftServerImpl.java:setRole(290)) - d98c3e5c-49fa-4679-a7d6-b0bafe1f3c0f@group-8C3F35D77C57: changes role from  FOLLOWER to CANDIDATE at term 0 for changeToCandidate
2021-11-30 13:17:29,876 [d98c3e5c-49fa-4679-a7d6-b0bafe1f3c0f@group-8C3F35D77C57-FollowerState] INFO  server.RaftServerConfigKeys (ConfUtils.java:logGet(44)) - raft.server.leaderelection.pre-vote = false (custom)
2021-11-30 13:17:29,876 [d98c3e5c-49fa-4679-a7d6-b0bafe1f3c0f@group-8C3F35D77C57-FollowerState] INFO  impl.RoleInfo (RoleInfo.java:updateAndGet(130)) - d98c3e5c-49fa-4679-a7d6-b0bafe1f3c0f: start d98c3e5c-49fa-4679-a7d6-b0bafe1f3c0f@group-8C3F35D77C57-LeaderElection15
2021-11-30 13:17:29,888 [d98c3e5c-49fa-4679-a7d6-b0bafe1f3c0f@group-8C3F35D77C57-LeaderElection15] INFO  impl.LeaderElection (LeaderElection.java:askForVotes(306)) - d98c3e5c-49fa-4679-a7d6-b0bafe1f3c0f@group-8C3F35D77C57-LeaderElection15 ELECTION round 0: submit vote requests at term 1 for -1: [d98c3e5c-49fa-4679-a7d6-b0bafe1f3c0f|rpc:127.0.0.1:42503|priority:1], old=null
2021-11-30 13:17:29,888 [d98c3e5c-49fa-4679-a7d6-b0bafe1f3c0f@group-8C3F35D77C57-LeaderElection15] INFO  impl.LeaderElection (LeaderElection.java:askForVotes(308)) - d98c3e5c-49fa-4679-a7d6-b0bafe1f3c0f@group-8C3F35D77C57-LeaderElection15 ELECTION round 0: result PASSED (term=1)
2021-11-30 13:17:29,889 [d98c3e5c-49fa-4679-a7d6-b0bafe1f3c0f@group-8C3F35D77C57-LeaderElection15] INFO  impl.RoleInfo (RoleInfo.java:shutdownLeaderElection(121)) - d98c3e5c-49fa-4679-a7d6-b0bafe1f3c0f: shutdown d98c3e5c-49fa-4679-a7d6-b0bafe1f3c0f@group-8C3F35D77C57-LeaderElection15
2021-11-30 13:17:29,889 [d98c3e5c-49fa-4679-a7d6-b0bafe1f3c0f@group-8C3F35D77C57-LeaderElection15] INFO  server.RaftServer$Division (RaftServerImpl.java:setRole(290)) - d98c3e5c-49fa-4679-a7d6-b0bafe1f3c0f@group-8C3F35D77C57: changes role from CANDIDATE to LEADER at term 1 for changeToLeader
2021-11-30 13:17:29,889 [d98c3e5c-49fa-4679-a7d6-b0bafe1f3c0f@group-8C3F35D77C57-LeaderElection15] INFO  ratis.XceiverServerRatis (XceiverServerRatis.java:handleLeaderChangedNotification(866)) - Leader change notification received for group: group-8C3F35D77C57 with new leaderId: d98c3e5c-49fa-4679-a7d6-b0bafe1f3c0f
2021-11-30 13:17:29,892 [EventQueue-OpenPipelineForHealthyPipelineSafeModeRule] INFO  safemode.SCMSafeModeManager (HealthyPipelineSafeModeRule.java:process(124)) - SCM in safe mode. Healthy pipelines reported count is 0, required healthy pipeline reported count is 1
2021-11-30 13:17:29,892 [EventQueue-OpenPipelineForHealthyPipelineSafeModeRule] INFO  safemode.SCMSafeModeManager (HealthyPipelineSafeModeRule.java:process(124)) - SCM in safe mode. Healthy pipelines reported count is 0, required healthy pipeline reported count is 1
2021-11-30 13:17:29,894 [d98c3e5c-49fa-4679-a7d6-b0bafe1f3c0f@group-8C3F35D77C57-LeaderElection15] INFO  server.RaftServer$Division (ServerState.java:setLeader(285)) - d98c3e5c-49fa-4679-a7d6-b0bafe1f3c0f@group-8C3F35D77C57: change Leader from null to d98c3e5c-49fa-4679-a7d6-b0bafe1f3c0f at term 1 for becomeLeader, leader elected after 5052ms
2021-11-30 13:17:29,894 [d98c3e5c-49fa-4679-a7d6-b0bafe1f3c0f@group-8C3F35D77C57-LeaderElection15] INFO  server.RaftServerConfigKeys (ConfUtils.java:logGet(44)) - raft.server.staging.catchup.gap = 1000 (default)
2021-11-30 13:17:29,894 [d98c3e5c-49fa-4679-a7d6-b0bafe1f3c0f@group-8C3F35D77C57-LeaderElection15] INFO  server.RaftServerConfigKeys (ConfUtils.java:logGet(44)) - raft.server.write.element-limit = 1024 (custom)
2021-11-30 13:17:29,894 [d98c3e5c-49fa-4679-a7d6-b0bafe1f3c0f@group-8C3F35D77C57-LeaderElection15] INFO  server.RaftServerConfigKeys (ConfUtils.java:logGet(44)) - raft.server.write.byte-limit = 1024 M (=1073741824) (custom)
2021-11-30 13:17:29,897 [d98c3e5c-49fa-4679-a7d6-b0bafe1f3c0f@group-8C3F35D77C57-LeaderElection15] INFO  server.RaftServerConfigKeys (ConfUtils.java:logGet(44)) - raft.server.watch.timeout = 180s (custom)
2021-11-30 13:17:29,897 [d98c3e5c-49fa-4679-a7d6-b0bafe1f3c0f@group-8C3F35D77C57-LeaderElection15] INFO  server.RaftServerConfigKeys (ConfUtils.java:logGet(44)) - raft.server.watch.timeout.denomination = 1s (default)
2021-11-30 13:17:29,899 [d98c3e5c-49fa-4679-a7d6-b0bafe1f3c0f@group-8C3F35D77C57-LeaderElection15] INFO  server.RaftServerConfigKeys (ConfUtils.java:logGet(44)) - raft.server.watch.element-limit = 65536 (default)
2021-11-30 13:17:29,899 [d98c3e5c-49fa-4679-a7d6-b0bafe1f3c0f@group-8C3F35D77C57-LeaderElection15] INFO  server.RaftServerConfigKeys (ConfUtils.java:logGet(44)) - raft.server.write.element-limit = 1024 (custom)
2021-11-30 13:17:29,899 [d98c3e5c-49fa-4679-a7d6-b0bafe1f3c0f@group-8C3F35D77C57-LeaderElection15] INFO  server.RaftServerConfigKeys (ConfUtils.java:logGet(44)) - raft.server.write.follower.gap.ratio.max = -1.0 (default)
2021-11-30 13:17:29,899 [d98c3e5c-49fa-4679-a7d6-b0bafe1f3c0f@group-8C3F35D77C57-LeaderElection15] INFO  impl.RoleInfo (RoleInfo.java:updateAndGet(130)) - d98c3e5c-49fa-4679-a7d6-b0bafe1f3c0f: start d98c3e5c-49fa-4679-a7d6-b0bafe1f3c0f@group-8C3F35D77C57-LeaderStateImpl
2021-11-30 13:17:29,899 [d98c3e5c-49fa-4679-a7d6-b0bafe1f3c0f@group-8C3F35D77C57-LeaderElection15] INFO  segmented.SegmentedRaftLogWorker (SegmentedRaftLogWorker.java:startLogSegment(394)) - d98c3e5c-49fa-4679-a7d6-b0bafe1f3c0f@group-8C3F35D77C57-SegmentedRaftLogWorker: Starting segment from index:0
2021-11-30 13:17:29,900 [d98c3e5c-49fa-4679-a7d6-b0bafe1f3c0f@group-8C3F35D77C57-SegmentedRaftLogWorker] INFO  segmented.SegmentedRaftLogWorker (SegmentedRaftLogWorker.java:execute(601)) - d98c3e5c-49fa-4679-a7d6-b0bafe1f3c0f@group-8C3F35D77C57-SegmentedRaftLogWorker: created new log segment /home/runner/work/ozone/ozone/hadoop-ozone/integration-test/target/test-dir/MiniOzoneClusterImpl-00f7fd44-dd00-490d-8842-f37d1847179e/datanode-0/data/ratis/f7f9eb2d-cdc7-4236-a589-8c3f35d77c57/current/log_inprogress_0
2021-11-30 13:17:29,910 [d98c3e5c-49fa-4679-a7d6-b0bafe1f3c0f@group-8C3F35D77C57-LeaderElection15] INFO  server.RaftServer$Division (ServerState.java:setRaftConf(387)) - d98c3e5c-49fa-4679-a7d6-b0bafe1f3c0f@group-8C3F35D77C57: set configuration 0: [d98c3e5c-49fa-4679-a7d6-b0bafe1f3c0f|rpc:127.0.0.1:42503|dataStream:|priority:1], old=null
2021-11-30 13:17:29,960 [d98c3e5c-49fa-4679-a7d6-b0bafe1f3c0f@group-8C2FD844F2F1-FollowerState] INFO  impl.FollowerState (FollowerState.java:run(134)) - d98c3e5c-49fa-4679-a7d6-b0bafe1f3c0f@group-8C2FD844F2F1-FollowerState: change to CANDIDATE, lastRpcElapsedTime:5043132868ns, electionTimeout:5032ms
2021-11-30 13:17:29,960 [d98c3e5c-49fa-4679-a7d6-b0bafe1f3c0f@group-8C2FD844F2F1-FollowerState] INFO  impl.RoleInfo (RoleInfo.java:shutdownFollowerState(108)) - d98c3e5c-49fa-4679-a7d6-b0bafe1f3c0f: shutdown d98c3e5c-49fa-4679-a7d6-b0bafe1f3c0f@group-8C2FD844F2F1-FollowerState
2021-11-30 13:17:29,960 [d98c3e5c-49fa-4679-a7d6-b0bafe1f3c0f@group-8C2FD844F2F1-FollowerState] INFO  server.RaftServer$Division (RaftServerImpl.java:setRole(290)) - d98c3e5c-49fa-4679-a7d6-b0bafe1f3c0f@group-8C2FD844F2F1: changes role from  FOLLOWER to CANDIDATE at term 0 for changeToCandidate
2021-11-30 13:17:29,960 [d98c3e5c-49fa-4679-a7d6-b0bafe1f3c0f@group-8C2FD844F2F1-FollowerState] INFO  server.RaftServerConfigKeys (ConfUtils.java:logGet(44)) - raft.server.leaderelection.pre-vote = false (custom)
2021-11-30 13:17:29,960 [d98c3e5c-49fa-4679-a7d6-b0bafe1f3c0f@group-8C2FD844F2F1-FollowerState] INFO  impl.RoleInfo (RoleInfo.java:updateAndGet(130)) - d98c3e5c-49fa-4679-a7d6-b0bafe1f3c0f: start d98c3e5c-49fa-4679-a7d6-b0bafe1f3c0f@group-8C2FD844F2F1-LeaderElection16
2021-11-30 13:17:29,972 [d98c3e5c-49fa-4679-a7d6-b0bafe1f3c0f@group-8C2FD844F2F1-LeaderElection16] INFO  impl.LeaderElection (LeaderElection.java:askForVotes(306)) - d98c3e5c-49fa-4679-a7d6-b0bafe1f3c0f@group-8C2FD844F2F1-LeaderElection16 ELECTION round 0: submit vote requests at term 1 for -1: [d98c3e5c-49fa-4679-a7d6-b0bafe1f3c0f|rpc:127.0.0.1:42503|priority:0, b8a6b2ba-922b-4f06-aab5-ca74535011cb|rpc:127.0.0.1:33201|priority:1, 2e564fa8-312b-4913-8140-cec84c445c17|rpc:127.0.0.1:37125|priority:0], old=null
2021-11-30 13:17:29,998 [grpc-default-executor-3] INFO  server.RaftServer$Division (RaftServerImpl.java:requestVote(1046)) - b8a6b2ba-922b-4f06-aab5-ca74535011cb@group-8C2FD844F2F1: receive requestVote(ELECTION, d98c3e5c-49fa-4679-a7d6-b0bafe1f3c0f, group-8C2FD844F2F1, 1, (t:0, i:0))
2021-11-30 13:17:29,998 [grpc-default-executor-3] INFO  impl.VoteContext (VoteContext.java:log(48)) - b8a6b2ba-922b-4f06-aab5-ca74535011cb@group-8C2FD844F2F1-FOLLOWER: reject ELECTION from d98c3e5c-49fa-4679-a7d6-b0bafe1f3c0f: our priority 1 > candidate's priority 0
2021-11-30 13:17:29,998 [grpc-default-executor-3] INFO  server.RaftServer$Division (RaftServerImpl.java:setRole(290)) - b8a6b2ba-922b-4f06-aab5-ca74535011cb@group-8C2FD844F2F1: changes role from  FOLLOWER to FOLLOWER at term 1 for candidate:d98c3e5c-49fa-4679-a7d6-b0bafe1f3c0f
2021-11-30 13:17:29,998 [grpc-default-executor-3] INFO  impl.RoleInfo (RoleInfo.java:shutdownFollowerState(108)) - b8a6b2ba-922b-4f06-aab5-ca74535011cb: shutdown b8a6b2ba-922b-4f06-aab5-ca74535011cb@group-8C2FD844F2F1-FollowerState
2021-11-30 13:17:29,998 [grpc-default-executor-3] INFO  impl.RoleInfo (RoleInfo.java:updateAndGet(130)) - b8a6b2ba-922b-4f06-aab5-ca74535011cb: start b8a6b2ba-922b-4f06-aab5-ca74535011cb@group-8C2FD844F2F1-FollowerState
2021-11-30 13:17:29,999 [b8a6b2ba-922b-4f06-aab5-ca74535011cb@group-8C2FD844F2F1-FollowerState] INFO  impl.FollowerState (FollowerState.java:run(143)) - b8a6b2ba-922b-4f06-aab5-ca74535011cb@group-8C2FD844F2F1-FollowerState was interrupted: {}
java.lang.InterruptedException: sleep interrupted
	at java.lang.Thread.sleep(Native Method)
	at java.lang.Thread.sleep(Thread.java:340)
	at java.util.concurrent.TimeUnit.sleep(TimeUnit.java:386)
	at org.apache.ratis.util.TimeDuration.sleep(TimeDuration.java:324)
	at org.apache.ratis.util.TimeDuration.sleep(TimeDuration.java:309)
	at org.apache.ratis.server.impl.FollowerState.run(FollowerState.java:118)
2021-11-30 13:17:30,005 [grpc-default-executor-3] INFO  server.RaftServer$Division (RaftServerImpl.java:requestVote(1078)) - b8a6b2ba-922b-4f06-aab5-ca74535011cb@group-8C2FD844F2F1 replies to ELECTION vote request: d98c3e5c-49fa-4679-a7d6-b0bafe1f3c0f<-b8a6b2ba-922b-4f06-aab5-ca74535011cb#0:FAIL-t1. Peer's state: b8a6b2ba-922b-4f06-aab5-ca74535011cb@group-8C2FD844F2F1:t1, leader=null, voted=null, raftlog=b8a6b2ba-922b-4f06-aab5-ca74535011cb@group-8C2FD844F2F1-SegmentedRaftLog:OPENED:c-1, conf=-1: [d98c3e5c-49fa-4679-a7d6-b0bafe1f3c0f|rpc:127.0.0.1:42503|dataStream:|priority:0, b8a6b2ba-922b-4f06-aab5-ca74535011cb|rpc:127.0.0.1:33201|dataStream:|priority:1, 2e564fa8-312b-4913-8140-cec84c445c17|rpc:127.0.0.1:37125|dataStream:|priority:0], old=null
2021-11-30 13:17:30,005 [grpc-default-executor-2] INFO  server.RaftServer$Division (RaftServerImpl.java:requestVote(1046)) - 2e564fa8-312b-4913-8140-cec84c445c17@group-8C2FD844F2F1: receive requestVote(ELECTION, d98c3e5c-49fa-4679-a7d6-b0bafe1f3c0f, group-8C2FD844F2F1, 1, (t:0, i:0))
2021-11-30 13:17:30,005 [grpc-default-executor-2] INFO  impl.VoteContext (VoteContext.java:log(48)) - 2e564fa8-312b-4913-8140-cec84c445c17@group-8C2FD844F2F1-FOLLOWER: accept ELECTION from d98c3e5c-49fa-4679-a7d6-b0bafe1f3c0f: our priority 0 <= candidate's priority 0
2021-11-30 13:17:30,005 [grpc-default-executor-2] INFO  server.RaftServer$Division (RaftServerImpl.java:setRole(290)) - 2e564fa8-312b-4913-8140-cec84c445c17@group-8C2FD844F2F1: changes role from  FOLLOWER to FOLLOWER at term 1 for candidate:d98c3e5c-49fa-4679-a7d6-b0bafe1f3c0f
2021-11-30 13:17:30,005 [grpc-default-executor-2] INFO  impl.RoleInfo (RoleInfo.java:shutdownFollowerState(108)) - 2e564fa8-312b-4913-8140-cec84c445c17: shutdown 2e564fa8-312b-4913-8140-cec84c445c17@group-8C2FD844F2F1-FollowerState
2021-11-30 13:17:30,005 [grpc-default-executor-2] INFO  impl.RoleInfo (RoleInfo.java:updateAndGet(130)) - 2e564fa8-312b-4913-8140-cec84c445c17: start 2e564fa8-312b-4913-8140-cec84c445c17@group-8C2FD844F2F1-FollowerState
2021-11-30 13:17:30,005 [2e564fa8-312b-4913-8140-cec84c445c17@group-8C2FD844F2F1-FollowerState] INFO  impl.FollowerState (FollowerState.java:run(143)) - 2e564fa8-312b-4913-8140-cec84c445c17@group-8C2FD844F2F1-FollowerState was interrupted: {}
java.lang.InterruptedException: sleep interrupted
	at java.lang.Thread.sleep(Native Method)
	at java.lang.Thread.sleep(Thread.java:340)
	at java.util.concurrent.TimeUnit.sleep(TimeUnit.java:386)
	at org.apache.ratis.util.TimeDuration.sleep(TimeDuration.java:324)
	at org.apache.ratis.util.TimeDuration.sleep(TimeDuration.java:309)
	at org.apache.ratis.server.impl.FollowerState.run(FollowerState.java:118)
2021-11-30 13:17:30,013 [grpc-default-executor-2] INFO  server.RaftServer$Division (RaftServerImpl.java:requestVote(1078)) - 2e564fa8-312b-4913-8140-cec84c445c17@group-8C2FD844F2F1 replies to ELECTION vote request: d98c3e5c-49fa-4679-a7d6-b0bafe1f3c0f<-2e564fa8-312b-4913-8140-cec84c445c17#0:OK-t1. Peer's state: 2e564fa8-312b-4913-8140-cec84c445c17@group-8C2FD844F2F1:t1, leader=null, voted=d98c3e5c-49fa-4679-a7d6-b0bafe1f3c0f, raftlog=2e564fa8-312b-4913-8140-cec84c445c17@group-8C2FD844F2F1-SegmentedRaftLog:OPENED:c-1, conf=-1: [d98c3e5c-49fa-4679-a7d6-b0bafe1f3c0f|rpc:127.0.0.1:42503|dataStream:|priority:0, b8a6b2ba-922b-4f06-aab5-ca74535011cb|rpc:127.0.0.1:33201|dataStream:|priority:1, 2e564fa8-312b-4913-8140-cec84c445c17|rpc:127.0.0.1:37125|dataStream:|priority:0], old=null
2021-11-30 13:17:30,014 [d98c3e5c-49fa-4679-a7d6-b0bafe1f3c0f@group-8C2FD844F2F1-LeaderElection16] INFO  impl.LeaderElection (LeaderElection.java:logAndReturn(89)) - d98c3e5c-49fa-4679-a7d6-b0bafe1f3c0f@group-8C2FD844F2F1-LeaderElection16: ELECTION REJECTED received 1 response(s) and 0 exception(s):
2021-11-30 13:17:30,014 [d98c3e5c-49fa-4679-a7d6-b0bafe1f3c0f@group-8C2FD844F2F1-LeaderElection16] INFO  impl.LeaderElection (LeaderElection.java:logAndReturn(93)) -   Response 0: d98c3e5c-49fa-4679-a7d6-b0bafe1f3c0f<-b8a6b2ba-922b-4f06-aab5-ca74535011cb#0:FAIL-t1
2021-11-30 13:17:30,014 [d98c3e5c-49fa-4679-a7d6-b0bafe1f3c0f@group-8C2FD844F2F1-LeaderElection16] INFO  impl.LeaderElection (LeaderElection.java:askForVotes(308)) - d98c3e5c-49fa-4679-a7d6-b0bafe1f3c0f@group-8C2FD844F2F1-LeaderElection16 ELECTION round 0: result REJECTED
2021-11-30 13:17:30,014 [d98c3e5c-49fa-4679-a7d6-b0bafe1f3c0f@group-8C2FD844F2F1-LeaderElection16] INFO  server.RaftServer$Division (RaftServerImpl.java:setRole(290)) - d98c3e5c-49fa-4679-a7d6-b0bafe1f3c0f@group-8C2FD844F2F1: changes role from CANDIDATE to FOLLOWER at term 1 for REJECTED
2021-11-30 13:17:30,014 [d98c3e5c-49fa-4679-a7d6-b0bafe1f3c0f@group-8C2FD844F2F1-LeaderElection16] INFO  impl.RoleInfo (RoleInfo.java:shutdownLeaderElection(121)) - d98c3e5c-49fa-4679-a7d6-b0bafe1f3c0f: shutdown d98c3e5c-49fa-4679-a7d6-b0bafe1f3c0f@group-8C2FD844F2F1-LeaderElection16
2021-11-30 13:17:30,014 [d98c3e5c-49fa-4679-a7d6-b0bafe1f3c0f@group-8C2FD844F2F1-LeaderElection16] INFO  impl.RoleInfo (RoleInfo.java:updateAndGet(130)) - d98c3e5c-49fa-4679-a7d6-b0bafe1f3c0f: start d98c3e5c-49fa-4679-a7d6-b0bafe1f3c0f@group-8C2FD844F2F1-FollowerState
2021-11-30 13:17:30,152 [b8a6b2ba-922b-4f06-aab5-ca74535011cb@group-E654A5FF60B9-FollowerState] INFO  impl.FollowerState (FollowerState.java:run(134)) - b8a6b2ba-922b-4f06-aab5-ca74535011cb@group-E654A5FF60B9-FollowerState: change to CANDIDATE, lastRpcElapsedTime:5040915918ns, electionTimeout:5027ms
2021-11-30 13:17:30,152 [b8a6b2ba-922b-4f06-aab5-ca74535011cb@group-E654A5FF60B9-FollowerState] INFO  impl.RoleInfo (RoleInfo.java:shutdownFollowerState(108)) - b8a6b2ba-922b-4f06-aab5-ca74535011cb: shutdown b8a6b2ba-922b-4f06-aab5-ca74535011cb@group-E654A5FF60B9-FollowerState
2021-11-30 13:17:30,152 [b8a6b2ba-922b-4f06-aab5-ca74535011cb@group-E654A5FF60B9-FollowerState] INFO  server.RaftServer$Division (RaftServerImpl.java:setRole(290)) - b8a6b2ba-922b-4f06-aab5-ca74535011cb@group-E654A5FF60B9: changes role from  FOLLOWER to CANDIDATE at term 0 for changeToCandidate
2021-11-30 13:17:30,154 [b8a6b2ba-922b-4f06-aab5-ca74535011cb@group-E654A5FF60B9-FollowerState] INFO  server.RaftServerConfigKeys (ConfUtils.java:logGet(44)) - raft.server.leaderelection.pre-vote = false (custom)
2021-11-30 13:17:30,154 [b8a6b2ba-922b-4f06-aab5-ca74535011cb@group-E654A5FF60B9-FollowerState] INFO  impl.RoleInfo (RoleInfo.java:updateAndGet(130)) - b8a6b2ba-922b-4f06-aab5-ca74535011cb: start b8a6b2ba-922b-4f06-aab5-ca74535011cb@group-E654A5FF60B9-LeaderElection17
2021-11-30 13:17:30,169 [b8a6b2ba-922b-4f06-aab5-ca74535011cb@group-E654A5FF60B9-LeaderElection17] INFO  impl.LeaderElection (LeaderElection.java:askForVotes(306)) - b8a6b2ba-922b-4f06-aab5-ca74535011cb@group-E654A5FF60B9-LeaderElection17 ELECTION round 0: submit vote requests at term 1 for -1: [b8a6b2ba-922b-4f06-aab5-ca74535011cb|rpc:127.0.0.1:33201|priority:1], old=null
2021-11-30 13:17:30,169 [b8a6b2ba-922b-4f06-aab5-ca74535011cb@group-E654A5FF60B9-LeaderElection17] INFO  impl.LeaderElection (LeaderElection.java:askForVotes(308)) - b8a6b2ba-922b-4f06-aab5-ca74535011cb@group-E654A5FF60B9-LeaderElection17 ELECTION round 0: result PASSED (term=1)
2021-11-30 13:17:30,169 [b8a6b2ba-922b-4f06-aab5-ca74535011cb@group-E654A5FF60B9-LeaderElection17] INFO  impl.RoleInfo (RoleInfo.java:shutdownLeaderElection(121)) - b8a6b2ba-922b-4f06-aab5-ca74535011cb: shutdown b8a6b2ba-922b-4f06-aab5-ca74535011cb@group-E654A5FF60B9-LeaderElection17
2021-11-30 13:17:30,169 [b8a6b2ba-922b-4f06-aab5-ca74535011cb@group-E654A5FF60B9-LeaderElection17] INFO  server.RaftServer$Division (RaftServerImpl.java:setRole(290)) - b8a6b2ba-922b-4f06-aab5-ca74535011cb@group-E654A5FF60B9: changes role from CANDIDATE to LEADER at term 1 for changeToLeader
2021-11-30 13:17:30,169 [b8a6b2ba-922b-4f06-aab5-ca74535011cb@group-E654A5FF60B9-LeaderElection17] INFO  ratis.XceiverServerRatis (XceiverServerRatis.java:handleLeaderChangedNotification(866)) - Leader change notification received for group: group-E654A5FF60B9 with new leaderId: b8a6b2ba-922b-4f06-aab5-ca74535011cb
2021-11-30 13:17:30,169 [b8a6b2ba-922b-4f06-aab5-ca74535011cb@group-E654A5FF60B9-LeaderElection17] INFO  server.RaftServer$Division (ServerState.java:setLeader(285)) - b8a6b2ba-922b-4f06-aab5-ca74535011cb@group-E654A5FF60B9: change Leader from null to b8a6b2ba-922b-4f06-aab5-ca74535011cb at term 1 for becomeLeader, leader elected after 5079ms
2021-11-30 13:17:30,170 [b8a6b2ba-922b-4f06-aab5-ca74535011cb@group-E654A5FF60B9-LeaderElection17] INFO  server.RaftServerConfigKeys (ConfUtils.java:logGet(44)) - raft.server.staging.catchup.gap = 1000 (default)
2021-11-30 13:17:30,170 [b8a6b2ba-922b-4f06-aab5-ca74535011cb@group-E654A5FF60B9-LeaderElection17] INFO  server.RaftServerConfigKeys (ConfUtils.java:logGet(44)) - raft.server.write.element-limit = 1024 (custom)
2021-11-30 13:17:30,170 [b8a6b2ba-922b-4f06-aab5-ca74535011cb@group-E654A5FF60B9-LeaderElection17] INFO  server.RaftServerConfigKeys (ConfUtils.java:logGet(44)) - raft.server.write.byte-limit = 1024 M (=1073741824) (custom)
2021-11-30 13:17:30,170 [b8a6b2ba-922b-4f06-aab5-ca74535011cb@group-E654A5FF60B9-LeaderElection17] INFO  server.RaftServerConfigKeys (ConfUtils.java:logGet(44)) - raft.server.watch.timeout = 180s (custom)
2021-11-30 13:17:30,170 [b8a6b2ba-922b-4f06-aab5-ca74535011cb@group-E654A5FF60B9-LeaderElection17] INFO  server.RaftServerConfigKeys (ConfUtils.java:logGet(44)) - raft.server.watch.timeout.denomination = 1s (default)
2021-11-30 13:17:30,170 [b8a6b2ba-922b-4f06-aab5-ca74535011cb@group-E654A5FF60B9-LeaderElection17] INFO  server.RaftServerConfigKeys (ConfUtils.java:logGet(44)) - raft.server.watch.element-limit = 65536 (default)
2021-11-30 13:17:30,171 [b8a6b2ba-922b-4f06-aab5-ca74535011cb@group-E654A5FF60B9-LeaderElection17] INFO  server.RaftServerConfigKeys (ConfUtils.java:logGet(44)) - raft.server.write.element-limit = 1024 (custom)
2021-11-30 13:17:30,171 [EventQueue-OpenPipelineForHealthyPipelineSafeModeRule] INFO  safemode.SCMSafeModeManager (HealthyPipelineSafeModeRule.java:process(124)) - SCM in safe mode. Healthy pipelines reported count is 0, required healthy pipeline reported count is 1
2021-11-30 13:17:30,171 [EventQueue-OpenPipelineForHealthyPipelineSafeModeRule] INFO  safemode.SCMSafeModeManager (HealthyPipelineSafeModeRule.java:process(124)) - SCM in safe mode. Healthy pipelines reported count is 0, required healthy pipeline reported count is 1
2021-11-30 13:17:30,172 [b8a6b2ba-922b-4f06-aab5-ca74535011cb@group-E654A5FF60B9-LeaderElection17] INFO  server.RaftServerConfigKeys (ConfUtils.java:logGet(44)) - raft.server.write.follower.gap.ratio.max = -1.0 (default)
2021-11-30 13:17:30,172 [b8a6b2ba-922b-4f06-aab5-ca74535011cb@group-E654A5FF60B9-LeaderElection17] INFO  impl.RoleInfo (RoleInfo.java:updateAndGet(130)) - b8a6b2ba-922b-4f06-aab5-ca74535011cb: start b8a6b2ba-922b-4f06-aab5-ca74535011cb@group-E654A5FF60B9-LeaderStateImpl
2021-11-30 13:17:30,172 [b8a6b2ba-922b-4f06-aab5-ca74535011cb@group-E654A5FF60B9-LeaderElection17] INFO  segmented.SegmentedRaftLogWorker (SegmentedRaftLogWorker.java:startLogSegment(394)) - b8a6b2ba-922b-4f06-aab5-ca74535011cb@group-E654A5FF60B9-SegmentedRaftLogWorker: Starting segment from index:0
2021-11-30 13:17:30,183 [b8a6b2ba-922b-4f06-aab5-ca74535011cb@group-E654A5FF60B9-LeaderElection17] INFO  server.RaftServer$Division (ServerState.java:setRaftConf(387)) - b8a6b2ba-922b-4f06-aab5-ca74535011cb@group-E654A5FF60B9: set configuration 0: [b8a6b2ba-922b-4f06-aab5-ca74535011cb|rpc:127.0.0.1:33201|dataStream:|priority:1], old=null
2021-11-30 13:17:30,185 [b8a6b2ba-922b-4f06-aab5-ca74535011cb@group-E654A5FF60B9-SegmentedRaftLogWorker] INFO  segmented.SegmentedRaftLogWorker (SegmentedRaftLogWorker.java:execute(601)) - b8a6b2ba-922b-4f06-aab5-ca74535011cb@group-E654A5FF60B9-SegmentedRaftLogWorker: created new log segment /home/runner/work/ozone/ozone/hadoop-ozone/integration-test/target/test-dir/MiniOzoneClusterImpl-00f7fd44-dd00-490d-8842-f37d1847179e/datanode-1/data/ratis/df23bc56-056b-44a3-8b57-e654a5ff60b9/current/log_inprogress_0
2021-11-30 13:17:30,264 [b8a6b2ba-922b-4f06-aab5-ca74535011cb@group-0B6D4AAB114F-FollowerState] INFO  impl.FollowerState (FollowerState.java:run(134)) - b8a6b2ba-922b-4f06-aab5-ca74535011cb@group-0B6D4AAB114F-FollowerState: change to CANDIDATE, lastRpcElapsedTime:5112201247ns, electionTimeout:5108ms
2021-11-30 13:17:30,264 [b8a6b2ba-922b-4f06-aab5-ca74535011cb@group-0B6D4AAB114F-FollowerState] INFO  impl.RoleInfo (RoleInfo.java:shutdownFollowerState(108)) - b8a6b2ba-922b-4f06-aab5-ca74535011cb: shutdown b8a6b2ba-922b-4f06-aab5-ca74535011cb@group-0B6D4AAB114F-FollowerState
2021-11-30 13:17:30,265 [b8a6b2ba-922b-4f06-aab5-ca74535011cb@group-0B6D4AAB114F-FollowerState] INFO  server.RaftServer$Division (RaftServerImpl.java:setRole(290)) - b8a6b2ba-922b-4f06-aab5-ca74535011cb@group-0B6D4AAB114F: changes role from  FOLLOWER to CANDIDATE at term 0 for changeToCandidate
2021-11-30 13:17:30,265 [b8a6b2ba-922b-4f06-aab5-ca74535011cb@group-0B6D4AAB114F-FollowerState] INFO  server.RaftServerConfigKeys (ConfUtils.java:logGet(44)) - raft.server.leaderelection.pre-vote = false (custom)
2021-11-30 13:17:30,265 [b8a6b2ba-922b-4f06-aab5-ca74535011cb@group-0B6D4AAB114F-FollowerState] INFO  impl.RoleInfo (RoleInfo.java:updateAndGet(130)) - b8a6b2ba-922b-4f06-aab5-ca74535011cb: start b8a6b2ba-922b-4f06-aab5-ca74535011cb@group-0B6D4AAB114F-LeaderElection18
2021-11-30 13:17:30,276 [b8a6b2ba-922b-4f06-aab5-ca74535011cb@group-0B6D4AAB114F-LeaderElection18] INFO  impl.LeaderElection (LeaderElection.java:askForVotes(306)) - b8a6b2ba-922b-4f06-aab5-ca74535011cb@group-0B6D4AAB114F-LeaderElection18 ELECTION round 0: submit vote requests at term 1 for -1: [d98c3e5c-49fa-4679-a7d6-b0bafe1f3c0f|rpc:127.0.0.1:42503|priority:0, b8a6b2ba-922b-4f06-aab5-ca74535011cb|rpc:127.0.0.1:33201|priority:0, 2e564fa8-312b-4913-8140-cec84c445c17|rpc:127.0.0.1:37125|priority:1], old=null
2021-11-30 13:17:30,291 [grpc-default-executor-3] INFO  server.RaftServer$Division (RaftServerImpl.java:requestVote(1046)) - d98c3e5c-49fa-4679-a7d6-b0bafe1f3c0f@group-0B6D4AAB114F: receive requestVote(ELECTION, b8a6b2ba-922b-4f06-aab5-ca74535011cb, group-0B6D4AAB114F, 1, (t:0, i:0))
2021-11-30 13:17:30,291 [grpc-default-executor-3] INFO  impl.VoteContext (VoteContext.java:log(48)) - d98c3e5c-49fa-4679-a7d6-b0bafe1f3c0f@group-0B6D4AAB114F-FOLLOWER: accept ELECTION from b8a6b2ba-922b-4f06-aab5-ca74535011cb: our priority 0 <= candidate's priority 0
2021-11-30 13:17:30,291 [grpc-default-executor-3] INFO  server.RaftServer$Division (RaftServerImpl.java:setRole(290)) - d98c3e5c-49fa-4679-a7d6-b0bafe1f3c0f@group-0B6D4AAB114F: changes role from  FOLLOWER to FOLLOWER at term 1 for candidate:b8a6b2ba-922b-4f06-aab5-ca74535011cb
2021-11-30 13:17:30,291 [grpc-default-executor-3] INFO  impl.RoleInfo (RoleInfo.java:shutdownFollowerState(108)) - d98c3e5c-49fa-4679-a7d6-b0bafe1f3c0f: shutdown d98c3e5c-49fa-4679-a7d6-b0bafe1f3c0f@group-0B6D4AAB114F-FollowerState
2021-11-30 13:17:30,291 [grpc-default-executor-3] INFO  impl.RoleInfo (RoleInfo.java:updateAndGet(130)) - d98c3e5c-49fa-4679-a7d6-b0bafe1f3c0f: start d98c3e5c-49fa-4679-a7d6-b0bafe1f3c0f@group-0B6D4AAB114F-FollowerState
2021-11-30 13:17:30,291 [d98c3e5c-49fa-4679-a7d6-b0bafe1f3c0f@group-0B6D4AAB114F-FollowerState] INFO  impl.FollowerState (FollowerState.java:run(143)) - d98c3e5c-49fa-4679-a7d6-b0bafe1f3c0f@group-0B6D4AAB114F-FollowerState was interrupted: {}
java.lang.InterruptedException: sleep interrupted
	at java.lang.Thread.sleep(Native Method)
	at java.lang.Thread.sleep(Thread.java:340)
	at java.util.concurrent.TimeUnit.sleep(TimeUnit.java:386)
	at org.apache.ratis.util.TimeDuration.sleep(TimeDuration.java:324)
	at org.apache.ratis.util.TimeDuration.sleep(TimeDuration.java:309)
	at org.apache.ratis.server.impl.FollowerState.run(FollowerState.java:118)
2021-11-30 13:17:30,292 [2e564fa8-312b-4913-8140-cec84c445c17@group-0B6D4AAB114F-FollowerState] INFO  impl.FollowerState (FollowerState.java:run(134)) - 2e564fa8-312b-4913-8140-cec84c445c17@group-0B6D4AAB114F-FollowerState: change to CANDIDATE, lastRpcElapsedTime:5046377305ns, electionTimeout:5042ms
2021-11-30 13:17:30,292 [2e564fa8-312b-4913-8140-cec84c445c17@group-0B6D4AAB114F-FollowerState] INFO  impl.RoleInfo (RoleInfo.java:shutdownFollowerState(108)) - 2e564fa8-312b-4913-8140-cec84c445c17: shutdown 2e564fa8-312b-4913-8140-cec84c445c17@group-0B6D4AAB114F-FollowerState
2021-11-30 13:17:30,292 [2e564fa8-312b-4913-8140-cec84c445c17@group-0B6D4AAB114F-FollowerState] INFO  server.RaftServer$Division (RaftServerImpl.java:setRole(290)) - 2e564fa8-312b-4913-8140-cec84c445c17@group-0B6D4AAB114F: changes role from  FOLLOWER to CANDIDATE at term 0 for changeToCandidate
2021-11-30 13:17:30,301 [grpc-default-executor-3] INFO  server.RaftServer$Division (RaftServerImpl.java:requestVote(1078)) - d98c3e5c-49fa-4679-a7d6-b0bafe1f3c0f@group-0B6D4AAB114F replies to ELECTION vote request: b8a6b2ba-922b-4f06-aab5-ca74535011cb<-d98c3e5c-49fa-4679-a7d6-b0bafe1f3c0f#0:OK-t1. Peer's state: d98c3e5c-49fa-4679-a7d6-b0bafe1f3c0f@group-0B6D4AAB114F:t1, leader=null, voted=b8a6b2ba-922b-4f06-aab5-ca74535011cb, raftlog=d98c3e5c-49fa-4679-a7d6-b0bafe1f3c0f@group-0B6D4AAB114F-SegmentedRaftLog:OPENED:c-1, conf=-1: [d98c3e5c-49fa-4679-a7d6-b0bafe1f3c0f|rpc:127.0.0.1:42503|priority:0, b8a6b2ba-922b-4f06-aab5-ca74535011cb|rpc:127.0.0.1:33201|priority:0, 2e564fa8-312b-4913-8140-cec84c445c17|rpc:127.0.0.1:37125|priority:1], old=null
2021-11-30 13:17:30,319 [2e564fa8-312b-4913-8140-cec84c445c17@group-0B6D4AAB114F-FollowerState] INFO  server.RaftServerConfigKeys (ConfUtils.java:logGet(44)) - raft.server.leaderelection.pre-vote = false (custom)
2021-11-30 13:17:30,320 [2e564fa8-312b-4913-8140-cec84c445c17@group-0B6D4AAB114F-FollowerState] INFO  impl.RoleInfo (RoleInfo.java:updateAndGet(130)) - 2e564fa8-312b-4913-8140-cec84c445c17: start 2e564fa8-312b-4913-8140-cec84c445c17@group-0B6D4AAB114F-LeaderElection19
2021-11-30 13:17:30,330 [grpc-default-executor-2] INFO  server.RaftServer$Division (RaftServerImpl.java:requestVote(1046)) - 2e564fa8-312b-4913-8140-cec84c445c17@group-0B6D4AAB114F: receive requestVote(ELECTION, b8a6b2ba-922b-4f06-aab5-ca74535011cb, group-0B6D4AAB114F, 1, (t:0, i:0))
2021-11-30 13:17:30,331 [grpc-default-executor-2] INFO  impl.VoteContext (VoteContext.java:log(48)) - 2e564fa8-312b-4913-8140-cec84c445c17@group-0B6D4AAB114F-CANDIDATE: reject ELECTION from b8a6b2ba-922b-4f06-aab5-ca74535011cb: our priority 1 > candidate's priority 0
2021-11-30 13:17:30,331 [grpc-default-executor-2] INFO  server.RaftServer$Division (RaftServerImpl.java:setRole(290)) - 2e564fa8-312b-4913-8140-cec84c445c17@group-0B6D4AAB114F: changes role from CANDIDATE to FOLLOWER at term 1 for candidate:b8a6b2ba-922b-4f06-aab5-ca74535011cb
2021-11-30 13:17:30,331 [grpc-default-executor-2] INFO  impl.RoleInfo (RoleInfo.java:shutdownLeaderElection(121)) - 2e564fa8-312b-4913-8140-cec84c445c17: shutdown 2e564fa8-312b-4913-8140-cec84c445c17@group-0B6D4AAB114F-LeaderElection19
2021-11-30 13:17:30,331 [grpc-default-executor-2] INFO  impl.RoleInfo (RoleInfo.java:updateAndGet(130)) - 2e564fa8-312b-4913-8140-cec84c445c17: start 2e564fa8-312b-4913-8140-cec84c445c17@group-0B6D4AAB114F-FollowerState
2021-11-30 13:17:30,332 [grpc-default-executor-2] INFO  server.RaftServer$Division (RaftServerImpl.java:requestVote(1078)) - 2e564fa8-312b-4913-8140-cec84c445c17@group-0B6D4AAB114F replies to ELECTION vote request: b8a6b2ba-922b-4f06-aab5-ca74535011cb<-2e564fa8-312b-4913-8140-cec84c445c17#0:FAIL-t1. Peer's state: 2e564fa8-312b-4913-8140-cec84c445c17@group-0B6D4AAB114F:t1, leader=null, voted=null, raftlog=2e564fa8-312b-4913-8140-cec84c445c17@group-0B6D4AAB114F-SegmentedRaftLog:OPENED:c-1, conf=-1: [d98c3e5c-49fa-4679-a7d6-b0bafe1f3c0f|rpc:127.0.0.1:42503|dataStream:|priority:0, b8a6b2ba-922b-4f06-aab5-ca74535011cb|rpc:127.0.0.1:33201|dataStream:|priority:0, 2e564fa8-312b-4913-8140-cec84c445c17|rpc:127.0.0.1:37125|dataStream:|priority:1], old=null
2021-11-30 13:17:30,334 [b8a6b2ba-922b-4f06-aab5-ca74535011cb@group-0B6D4AAB114F-LeaderElection18] INFO  impl.LeaderElection (LeaderElection.java:logAndReturn(89)) - b8a6b2ba-922b-4f06-aab5-ca74535011cb@group-0B6D4AAB114F-LeaderElection18: ELECTION REJECTED received 2 response(s) and 0 exception(s):
2021-11-30 13:17:30,334 [b8a6b2ba-922b-4f06-aab5-ca74535011cb@group-0B6D4AAB114F-LeaderElection18] INFO  impl.LeaderElection (LeaderElection.java:logAndReturn(93)) -   Response 0: b8a6b2ba-922b-4f06-aab5-ca74535011cb<-d98c3e5c-49fa-4679-a7d6-b0bafe1f3c0f#0:OK-t1
2021-11-30 13:17:30,334 [b8a6b2ba-922b-4f06-aab5-ca74535011cb@group-0B6D4AAB114F-LeaderElection18] INFO  impl.LeaderElection (LeaderElection.java:logAndReturn(93)) -   Response 1: b8a6b2ba-922b-4f06-aab5-ca74535011cb<-2e564fa8-312b-4913-8140-cec84c445c17#0:FAIL-t1
2021-11-30 13:17:30,334 [b8a6b2ba-922b-4f06-aab5-ca74535011cb@group-0B6D4AAB114F-LeaderElection18] INFO  impl.LeaderElection (LeaderElection.java:askForVotes(308)) - b8a6b2ba-922b-4f06-aab5-ca74535011cb@group-0B6D4AAB114F-LeaderElection18 ELECTION round 0: result REJECTED
2021-11-30 13:17:30,335 [b8a6b2ba-922b-4f06-aab5-ca74535011cb@group-0B6D4AAB114F-LeaderElection18] INFO  server.RaftServer$Division (RaftServerImpl.java:setRole(290)) - b8a6b2ba-922b-4f06-aab5-ca74535011cb@group-0B6D4AAB114F: changes role from CANDIDATE to FOLLOWER at term 1 for REJECTED
2021-11-30 13:17:30,335 [b8a6b2ba-922b-4f06-aab5-ca74535011cb@group-0B6D4AAB114F-LeaderElection18] INFO  impl.RoleInfo (RoleInfo.java:shutdownLeaderElection(121)) - b8a6b2ba-922b-4f06-aab5-ca74535011cb: shutdown b8a6b2ba-922b-4f06-aab5-ca74535011cb@group-0B6D4AAB114F-LeaderElection18
2021-11-30 13:17:30,335 [b8a6b2ba-922b-4f06-aab5-ca74535011cb@group-0B6D4AAB114F-LeaderElection18] INFO  impl.RoleInfo (RoleInfo.java:updateAndGet(130)) - b8a6b2ba-922b-4f06-aab5-ca74535011cb: start b8a6b2ba-922b-4f06-aab5-ca74535011cb@group-0B6D4AAB114F-FollowerState
2021-11-30 13:17:30,347 [2e564fa8-312b-4913-8140-cec84c445c17@group-0B6D4AAB114F-LeaderElection19] INFO  impl.LeaderElection (LeaderElection.java:run(230)) - 2e564fa8-312b-4913-8140-cec84c445c17@group-0B6D4AAB114F-LeaderElection19: skip running since this is already CLOSING
2021-11-30 13:17:30,463 [EndpointStateMachine task thread for /127.0.0.1:13705 - 0 ] INFO  ipc.Client (Client.java:handleConnectionFailure(977)) - Retrying connect to server: localhost/127.0.0.1:13705. Already tried 2 time(s); retry policy is RetryUpToMaximumCountWithFixedSleep(maxRetries=15, sleepTime=1000 MILLISECONDS)
2021-11-30 13:17:30,464 [EndpointStateMachine task thread for /127.0.0.1:13685 - 0 ] INFO  ipc.Client (Client.java:handleConnectionFailure(977)) - Retrying connect to server: localhost/127.0.0.1:13685. Already tried 2 time(s); retry policy is RetryUpToMaximumCountWithFixedSleep(maxRetries=15, sleepTime=1000 MILLISECONDS)
2021-11-30 13:17:30,491 [EndpointStateMachine task thread for /127.0.0.1:13695 - 0 ] INFO  ipc.Client (Client.java:handleConnectionFailure(977)) - Retrying connect to server: localhost/127.0.0.1:13695. Already tried 2 time(s); retry policy is RetryUpToMaximumCountWithFixedSleep(maxRetries=15, sleepTime=1000 MILLISECONDS)
2021-11-30 13:17:30,500 [Listener at 127.0.0.1/10012] INFO  ozone.MiniOzoneClusterImpl (MiniOzoneClusterImpl.java:lambda$waitForClusterToBeReady$0(235)) - Nodes are ready. Got 3 of 3 DN Heartbeats.
2021-11-30 13:17:30,501 [Listener at 127.0.0.1/10012] INFO  ozone.MiniOzoneClusterImpl (MiniOzoneClusterImpl.java:lambda$waitForClusterToBeReady$0(238)) - Waiting for cluster to exit safe mode
2021-11-30 13:17:30,501 [Listener at 127.0.0.1/10012] INFO  ozone.MiniOzoneClusterImpl (MiniOzoneClusterImpl.java:lambda$waitForClusterToBeReady$0(240)) - SCM became leader
2021-11-30 13:17:30,800 [2e564fa8-312b-4913-8140-cec84c445c17@group-1CF2AB5825BD-FollowerState] INFO  impl.FollowerState (FollowerState.java:run(134)) - 2e564fa8-312b-4913-8140-cec84c445c17@group-1CF2AB5825BD-FollowerState: change to CANDIDATE, lastRpcElapsedTime:5175768119ns, electionTimeout:5169ms
2021-11-30 13:17:30,800 [2e564fa8-312b-4913-8140-cec84c445c17@group-1CF2AB5825BD-FollowerState] INFO  impl.RoleInfo (RoleInfo.java:shutdownFollowerState(108)) - 2e564fa8-312b-4913-8140-cec84c445c17: shutdown 2e564fa8-312b-4913-8140-cec84c445c17@group-1CF2AB5825BD-FollowerState
2021-11-30 13:17:30,801 [2e564fa8-312b-4913-8140-cec84c445c17@group-1CF2AB5825BD-FollowerState] INFO  server.RaftServer$Division (RaftServerImpl.java:setRole(290)) - 2e564fa8-312b-4913-8140-cec84c445c17@group-1CF2AB5825BD: changes role from  FOLLOWER to CANDIDATE at term 0 for changeToCandidate
2021-11-30 13:17:30,801 [2e564fa8-312b-4913-8140-cec84c445c17@group-1CF2AB5825BD-FollowerState] INFO  server.RaftServerConfigKeys (ConfUtils.java:logGet(44)) - raft.server.leaderelection.pre-vote = false (custom)
2021-11-30 13:17:30,801 [2e564fa8-312b-4913-8140-cec84c445c17@group-1CF2AB5825BD-FollowerState] INFO  impl.RoleInfo (RoleInfo.java:updateAndGet(130)) - 2e564fa8-312b-4913-8140-cec84c445c17: start 2e564fa8-312b-4913-8140-cec84c445c17@group-1CF2AB5825BD-LeaderElection20
2021-11-30 13:17:30,816 [2e564fa8-312b-4913-8140-cec84c445c17@group-1CF2AB5825BD-LeaderElection20] INFO  impl.LeaderElection (LeaderElection.java:askForVotes(306)) - 2e564fa8-312b-4913-8140-cec84c445c17@group-1CF2AB5825BD-LeaderElection20 ELECTION round 0: submit vote requests at term 1 for -1: [2e564fa8-312b-4913-8140-cec84c445c17|rpc:127.0.0.1:37125|priority:1], old=null
2021-11-30 13:17:30,816 [2e564fa8-312b-4913-8140-cec84c445c17@group-1CF2AB5825BD-LeaderElection20] INFO  impl.LeaderElection (LeaderElection.java:askForVotes(308)) - 2e564fa8-312b-4913-8140-cec84c445c17@group-1CF2AB5825BD-LeaderElection20 ELECTION round 0: result PASSED (term=1)
2021-11-30 13:17:30,816 [2e564fa8-312b-4913-8140-cec84c445c17@group-1CF2AB5825BD-LeaderElection20] INFO  impl.RoleInfo (RoleInfo.java:shutdownLeaderElection(121)) - 2e564fa8-312b-4913-8140-cec84c445c17: shutdown 2e564fa8-312b-4913-8140-cec84c445c17@group-1CF2AB5825BD-LeaderElection20
2021-11-30 13:17:30,816 [2e564fa8-312b-4913-8140-cec84c445c17@group-1CF2AB5825BD-LeaderElection20] INFO  server.RaftServer$Division (RaftServerImpl.java:setRole(290)) - 2e564fa8-312b-4913-8140-cec84c445c17@group-1CF2AB5825BD: changes role from CANDIDATE to LEADER at term 1 for changeToLeader
2021-11-30 13:17:30,816 [2e564fa8-312b-4913-8140-cec84c445c17@group-1CF2AB5825BD-LeaderElection20] INFO  ratis.XceiverServerRatis (XceiverServerRatis.java:handleLeaderChangedNotification(866)) - Leader change notification received for group: group-1CF2AB5825BD with new leaderId: 2e564fa8-312b-4913-8140-cec84c445c17
2021-11-30 13:17:30,816 [2e564fa8-312b-4913-8140-cec84c445c17@group-1CF2AB5825BD-LeaderElection20] INFO  server.RaftServer$Division (ServerState.java:setLeader(285)) - 2e564fa8-312b-4913-8140-cec84c445c17@group-1CF2AB5825BD: change Leader from null to 2e564fa8-312b-4913-8140-cec84c445c17 at term 1 for becomeLeader, leader elected after 5253ms
2021-11-30 13:17:30,816 [2e564fa8-312b-4913-8140-cec84c445c17@group-1CF2AB5825BD-LeaderElection20] INFO  server.RaftServerConfigKeys (ConfUtils.java:logGet(44)) - raft.server.staging.catchup.gap = 1000 (default)
2021-11-30 13:17:30,816 [2e564fa8-312b-4913-8140-cec84c445c17@group-1CF2AB5825BD-LeaderElection20] INFO  server.RaftServerConfigKeys (ConfUtils.java:logGet(44)) - raft.server.write.element-limit = 1024 (custom)
2021-11-30 13:17:30,820 [EventQueue-OpenPipelineForHealthyPipelineSafeModeRule] INFO  safemode.SCMSafeModeManager (HealthyPipelineSafeModeRule.java:process(124)) - SCM in safe mode. Healthy pipelines reported count is 0, required healthy pipeline reported count is 1
2021-11-30 13:17:30,819 [EventQueue-OpenPipelineForHealthyPipelineSafeModeRule] INFO  safemode.SCMSafeModeManager (HealthyPipelineSafeModeRule.java:process(124)) - SCM in safe mode. Healthy pipelines reported count is 0, required healthy pipeline reported count is 1
2021-11-30 13:17:30,823 [2e564fa8-312b-4913-8140-cec84c445c17@group-1CF2AB5825BD-LeaderElection20] INFO  server.RaftServerConfigKeys (ConfUtils.java:logGet(44)) - raft.server.write.byte-limit = 1024 M (=1073741824) (custom)
2021-11-30 13:17:30,823 [2e564fa8-312b-4913-8140-cec84c445c17@group-1CF2AB5825BD-LeaderElection20] INFO  server.RaftServerConfigKeys (ConfUtils.java:logGet(44)) - raft.server.watch.timeout = 180s (custom)
2021-11-30 13:17:30,823 [2e564fa8-312b-4913-8140-cec84c445c17@group-1CF2AB5825BD-LeaderElection20] INFO  server.RaftServerConfigKeys (ConfUtils.java:logGet(44)) - raft.server.watch.timeout.denomination = 1s (default)
2021-11-30 13:17:30,823 [2e564fa8-312b-4913-8140-cec84c445c17@group-1CF2AB5825BD-LeaderElection20] INFO  server.RaftServerConfigKeys (ConfUtils.java:logGet(44)) - raft.server.watch.element-limit = 65536 (default)
2021-11-30 13:17:30,823 [2e564fa8-312b-4913-8140-cec84c445c17@group-1CF2AB5825BD-LeaderElection20] INFO  server.RaftServerConfigKeys (ConfUtils.java:logGet(44)) - raft.server.write.element-limit = 1024 (custom)
2021-11-30 13:17:30,823 [2e564fa8-312b-4913-8140-cec84c445c17@group-1CF2AB5825BD-LeaderElection20] INFO  server.RaftServerConfigKeys (ConfUtils.java:logGet(44)) - raft.server.write.follower.gap.ratio.max = -1.0 (default)
2021-11-30 13:17:30,824 [2e564fa8-312b-4913-8140-cec84c445c17@group-1CF2AB5825BD-LeaderElection20] INFO  impl.RoleInfo (RoleInfo.java:updateAndGet(130)) - 2e564fa8-312b-4913-8140-cec84c445c17: start 2e564fa8-312b-4913-8140-cec84c445c17@group-1CF2AB5825BD-LeaderStateImpl
2021-11-30 13:17:30,824 [2e564fa8-312b-4913-8140-cec84c445c17@group-1CF2AB5825BD-LeaderElection20] INFO  segmented.SegmentedRaftLogWorker (SegmentedRaftLogWorker.java:startLogSegment(394)) - 2e564fa8-312b-4913-8140-cec84c445c17@group-1CF2AB5825BD-SegmentedRaftLogWorker: Starting segment from index:0
2021-11-30 13:17:30,831 [2e564fa8-312b-4913-8140-cec84c445c17@group-1CF2AB5825BD-LeaderElection20] INFO  server.RaftServer$Division (ServerState.java:setRaftConf(387)) - 2e564fa8-312b-4913-8140-cec84c445c17@group-1CF2AB5825BD: set configuration 0: [2e564fa8-312b-4913-8140-cec84c445c17|rpc:127.0.0.1:37125|dataStream:|priority:1], old=null
2021-11-30 13:17:30,837 [2e564fa8-312b-4913-8140-cec84c445c17@group-1CF2AB5825BD-SegmentedRaftLogWorker] INFO  segmented.SegmentedRaftLogWorker (SegmentedRaftLogWorker.java:execute(601)) - 2e564fa8-312b-4913-8140-cec84c445c17@group-1CF2AB5825BD-SegmentedRaftLogWorker: created new log segment /home/runner/work/ozone/ozone/hadoop-ozone/integration-test/target/test-dir/MiniOzoneClusterImpl-00f7fd44-dd00-490d-8842-f37d1847179e/datanode-2/data/ratis/54f83ae2-7f46-45bb-b164-1cf2ab5825bd/current/log_inprogress_0
2021-11-30 13:17:31,170 [Datanode State Machine Daemon Thread] ERROR datanode.RunningDatanodeState (RunningDatanodeState.java:computeNextContainerState(199)) - Error in executing end point task.
java.util.concurrent.ExecutionException: java.util.concurrent.TimeoutException
	at java.util.concurrent.FutureTask.report(FutureTask.java:122)
	at java.util.concurrent.FutureTask.get(FutureTask.java:192)
	at org.apache.hadoop.ozone.container.common.states.datanode.RunningDatanodeState.computeNextContainerState(RunningDatanodeState.java:191)
	at org.apache.hadoop.ozone.container.common.states.datanode.RunningDatanodeState.await(RunningDatanodeState.java:231)
	at org.apache.hadoop.ozone.container.common.states.datanode.RunningDatanodeState.await(RunningDatanodeState.java:50)
	at org.apache.hadoop.ozone.container.common.statemachine.StateContext.execute(StateContext.java:633)
	at org.apache.hadoop.ozone.container.common.statemachine.DatanodeStateMachine.start(DatanodeStateMachine.java:280)
	at org.apache.hadoop.ozone.container.common.statemachine.DatanodeStateMachine.lambda$startDaemon$0(DatanodeStateMachine.java:468)
	at java.lang.Thread.run(Thread.java:748)
Caused by: java.util.concurrent.TimeoutException
	at java.util.concurrent.FutureTask.get(FutureTask.java:205)
	at org.apache.hadoop.ozone.container.common.states.datanode.RunningDatanodeState.lambda$execute$0(RunningDatanodeState.java:149)
	at java.util.concurrent.FutureTask.run(FutureTask.java:266)
	at java.util.concurrent.Executors$RunnableAdapter.call(Executors.java:511)
	at java.util.concurrent.FutureTask.run(FutureTask.java:266)
	at java.util.concurrent.ThreadPoolExecutor.runWorker(ThreadPoolExecutor.java:1149)
	at java.util.concurrent.ThreadPoolExecutor$Worker.run(ThreadPoolExecutor.java:624)
	... 1 more
2021-11-30 13:17:31,464 [EndpointStateMachine task thread for /127.0.0.1:13705 - 0 ] INFO  ipc.Client (Client.java:handleConnectionFailure(977)) - Retrying connect to server: localhost/127.0.0.1:13705. Already tried 3 time(s); retry policy is RetryUpToMaximumCountWithFixedSleep(maxRetries=15, sleepTime=1000 MILLISECONDS)
2021-11-30 13:17:31,464 [EndpointStateMachine task thread for /127.0.0.1:13685 - 0 ] INFO  ipc.Client (Client.java:handleConnectionFailure(977)) - Retrying connect to server: localhost/127.0.0.1:13685. Already tried 3 time(s); retry policy is RetryUpToMaximumCountWithFixedSleep(maxRetries=15, sleepTime=1000 MILLISECONDS)
2021-11-30 13:17:31,491 [EndpointStateMachine task thread for /127.0.0.1:13695 - 0 ] INFO  ipc.Client (Client.java:handleConnectionFailure(977)) - Retrying connect to server: localhost/127.0.0.1:13695. Already tried 3 time(s); retry policy is RetryUpToMaximumCountWithFixedSleep(maxRetries=15, sleepTime=1000 MILLISECONDS)
2021-11-30 13:17:31,501 [Listener at 127.0.0.1/10012] INFO  ozone.MiniOzoneClusterImpl (MiniOzoneClusterImpl.java:lambda$waitForClusterToBeReady$0(235)) - Nodes are ready. Got 3 of 3 DN Heartbeats.
2021-11-30 13:17:31,501 [Listener at 127.0.0.1/10012] INFO  ozone.MiniOzoneClusterImpl (MiniOzoneClusterImpl.java:lambda$waitForClusterToBeReady$0(238)) - Waiting for cluster to exit safe mode
2021-11-30 13:17:31,501 [Listener at 127.0.0.1/10012] INFO  ozone.MiniOzoneClusterImpl (MiniOzoneClusterImpl.java:lambda$waitForClusterToBeReady$0(240)) - SCM became leader
2021-11-30 13:17:32,465 [EndpointStateMachine task thread for /127.0.0.1:13705 - 0 ] INFO  ipc.Client (Client.java:handleConnectionFailure(977)) - Retrying connect to server: localhost/127.0.0.1:13705. Already tried 4 time(s); retry policy is RetryUpToMaximumCountWithFixedSleep(maxRetries=15, sleepTime=1000 MILLISECONDS)
2021-11-30 13:17:32,465 [EndpointStateMachine task thread for /127.0.0.1:13685 - 0 ] INFO  ipc.Client (Client.java:handleConnectionFailure(977)) - Retrying connect to server: localhost/127.0.0.1:13685. Already tried 4 time(s); retry policy is RetryUpToMaximumCountWithFixedSleep(maxRetries=15, sleepTime=1000 MILLISECONDS)
2021-11-30 13:17:32,492 [EndpointStateMachine task thread for /127.0.0.1:13695 - 0 ] INFO  ipc.Client (Client.java:handleConnectionFailure(977)) - Retrying connect to server: localhost/127.0.0.1:13695. Already tried 4 time(s); retry policy is RetryUpToMaximumCountWithFixedSleep(maxRetries=15, sleepTime=1000 MILLISECONDS)
2021-11-30 13:17:32,502 [Listener at 127.0.0.1/10012] INFO  ozone.MiniOzoneClusterImpl (MiniOzoneClusterImpl.java:lambda$waitForClusterToBeReady$0(235)) - Nodes are ready. Got 3 of 3 DN Heartbeats.
2021-11-30 13:17:32,502 [Listener at 127.0.0.1/10012] INFO  ozone.MiniOzoneClusterImpl (MiniOzoneClusterImpl.java:lambda$waitForClusterToBeReady$0(238)) - Waiting for cluster to exit safe mode
2021-11-30 13:17:32,502 [Listener at 127.0.0.1/10012] INFO  ozone.MiniOzoneClusterImpl (MiniOzoneClusterImpl.java:lambda$waitForClusterToBeReady$0(240)) - SCM became leader
2021-11-30 13:17:33,465 [EndpointStateMachine task thread for /127.0.0.1:13705 - 0 ] INFO  ipc.Client (Client.java:handleConnectionFailure(977)) - Retrying connect to server: localhost/127.0.0.1:13705. Already tried 5 time(s); retry policy is RetryUpToMaximumCountWithFixedSleep(maxRetries=15, sleepTime=1000 MILLISECONDS)
2021-11-30 13:17:33,465 [EndpointStateMachine task thread for /127.0.0.1:13685 - 0 ] INFO  ipc.Client (Client.java:handleConnectionFailure(977)) - Retrying connect to server: localhost/127.0.0.1:13685. Already tried 5 time(s); retry policy is RetryUpToMaximumCountWithFixedSleep(maxRetries=15, sleepTime=1000 MILLISECONDS)
2021-11-30 13:17:33,492 [EndpointStateMachine task thread for /127.0.0.1:13695 - 0 ] INFO  ipc.Client (Client.java:handleConnectionFailure(977)) - Retrying connect to server: localhost/127.0.0.1:13695. Already tried 5 time(s); retry policy is RetryUpToMaximumCountWithFixedSleep(maxRetries=15, sleepTime=1000 MILLISECONDS)
2021-11-30 13:17:33,502 [Listener at 127.0.0.1/10012] INFO  ozone.MiniOzoneClusterImpl (MiniOzoneClusterImpl.java:lambda$waitForClusterToBeReady$0(235)) - Nodes are ready. Got 3 of 3 DN Heartbeats.
2021-11-30 13:17:33,503 [Listener at 127.0.0.1/10012] INFO  ozone.MiniOzoneClusterImpl (MiniOzoneClusterImpl.java:lambda$waitForClusterToBeReady$0(238)) - Waiting for cluster to exit safe mode
2021-11-30 13:17:33,503 [Listener at 127.0.0.1/10012] INFO  ozone.MiniOzoneClusterImpl (MiniOzoneClusterImpl.java:lambda$waitForClusterToBeReady$0(240)) - SCM became leader
2021-11-30 13:17:34,466 [EndpointStateMachine task thread for /127.0.0.1:13685 - 0 ] INFO  ipc.Client (Client.java:handleConnectionFailure(977)) - Retrying connect to server: localhost/127.0.0.1:13685. Already tried 6 time(s); retry policy is RetryUpToMaximumCountWithFixedSleep(maxRetries=15, sleepTime=1000 MILLISECONDS)
2021-11-30 13:17:34,466 [EndpointStateMachine task thread for /127.0.0.1:13705 - 0 ] INFO  ipc.Client (Client.java:handleConnectionFailure(977)) - Retrying connect to server: localhost/127.0.0.1:13705. Already tried 6 time(s); retry policy is RetryUpToMaximumCountWithFixedSleep(maxRetries=15, sleepTime=1000 MILLISECONDS)
2021-11-30 13:17:34,493 [EndpointStateMachine task thread for /127.0.0.1:13695 - 0 ] INFO  ipc.Client (Client.java:handleConnectionFailure(977)) - Retrying connect to server: localhost/127.0.0.1:13695. Already tried 6 time(s); retry policy is RetryUpToMaximumCountWithFixedSleep(maxRetries=15, sleepTime=1000 MILLISECONDS)
2021-11-30 13:17:34,503 [Listener at 127.0.0.1/10012] INFO  ozone.MiniOzoneClusterImpl (MiniOzoneClusterImpl.java:lambda$waitForClusterToBeReady$0(235)) - Nodes are ready. Got 3 of 3 DN Heartbeats.
2021-11-30 13:17:34,503 [Listener at 127.0.0.1/10012] INFO  ozone.MiniOzoneClusterImpl (MiniOzoneClusterImpl.java:lambda$waitForClusterToBeReady$0(238)) - Waiting for cluster to exit safe mode
2021-11-30 13:17:34,503 [Listener at 127.0.0.1/10012] INFO  ozone.MiniOzoneClusterImpl (MiniOzoneClusterImpl.java:lambda$waitForClusterToBeReady$0(240)) - SCM became leader
2021-11-30 13:17:35,046 [b8a6b2ba-922b-4f06-aab5-ca74535011cb@group-8C2FD844F2F1-FollowerState] INFO  impl.FollowerState (FollowerState.java:run(134)) - b8a6b2ba-922b-4f06-aab5-ca74535011cb@group-8C2FD844F2F1-FollowerState: change to CANDIDATE, lastRpcElapsedTime:5047574164ns, electionTimeout:5047ms
2021-11-30 13:17:35,046 [b8a6b2ba-922b-4f06-aab5-ca74535011cb@group-8C2FD844F2F1-FollowerState] INFO  impl.RoleInfo (RoleInfo.java:shutdownFollowerState(108)) - b8a6b2ba-922b-4f06-aab5-ca74535011cb: shutdown b8a6b2ba-922b-4f06-aab5-ca74535011cb@group-8C2FD844F2F1-FollowerState
2021-11-30 13:17:35,046 [b8a6b2ba-922b-4f06-aab5-ca74535011cb@group-8C2FD844F2F1-FollowerState] INFO  server.RaftServer$Division (RaftServerImpl.java:setRole(290)) - b8a6b2ba-922b-4f06-aab5-ca74535011cb@group-8C2FD844F2F1: changes role from  FOLLOWER to CANDIDATE at term 1 for changeToCandidate
2021-11-30 13:17:35,046 [b8a6b2ba-922b-4f06-aab5-ca74535011cb@group-8C2FD844F2F1-FollowerState] INFO  server.RaftServerConfigKeys (ConfUtils.java:logGet(44)) - raft.server.leaderelection.pre-vote = false (custom)
2021-11-30 13:17:35,046 [b8a6b2ba-922b-4f06-aab5-ca74535011cb@group-8C2FD844F2F1-FollowerState] INFO  impl.RoleInfo (RoleInfo.java:updateAndGet(130)) - b8a6b2ba-922b-4f06-aab5-ca74535011cb: start b8a6b2ba-922b-4f06-aab5-ca74535011cb@group-8C2FD844F2F1-LeaderElection21
2021-11-30 13:17:35,057 [b8a6b2ba-922b-4f06-aab5-ca74535011cb@group-8C2FD844F2F1-LeaderElection21] INFO  impl.LeaderElection (LeaderElection.java:askForVotes(306)) - b8a6b2ba-922b-4f06-aab5-ca74535011cb@group-8C2FD844F2F1-LeaderElection21 ELECTION round 0: submit vote requests at term 2 for -1: [d98c3e5c-49fa-4679-a7d6-b0bafe1f3c0f|rpc:127.0.0.1:42503|dataStream:|priority:0, b8a6b2ba-922b-4f06-aab5-ca74535011cb|rpc:127.0.0.1:33201|dataStream:|priority:1, 2e564fa8-312b-4913-8140-cec84c445c17|rpc:127.0.0.1:37125|dataStream:|priority:0], old=null
2021-11-30 13:17:35,074 [grpc-default-executor-2] INFO  server.RaftServer$Division (RaftServerImpl.java:requestVote(1046)) - d98c3e5c-49fa-4679-a7d6-b0bafe1f3c0f@group-8C2FD844F2F1: receive requestVote(ELECTION, b8a6b2ba-922b-4f06-aab5-ca74535011cb, group-8C2FD844F2F1, 2, (t:0, i:0))
2021-11-30 13:17:35,074 [grpc-default-executor-2] INFO  impl.VoteContext (VoteContext.java:log(48)) - d98c3e5c-49fa-4679-a7d6-b0bafe1f3c0f@group-8C2FD844F2F1-FOLLOWER: accept ELECTION from b8a6b2ba-922b-4f06-aab5-ca74535011cb: our priority 0 <= candidate's priority 1
2021-11-30 13:17:35,074 [grpc-default-executor-2] INFO  server.RaftServer$Division (RaftServerImpl.java:setRole(290)) - d98c3e5c-49fa-4679-a7d6-b0bafe1f3c0f@group-8C2FD844F2F1: changes role from  FOLLOWER to FOLLOWER at term 2 for candidate:b8a6b2ba-922b-4f06-aab5-ca74535011cb
2021-11-30 13:17:35,074 [grpc-default-executor-2] INFO  impl.RoleInfo (RoleInfo.java:shutdownFollowerState(108)) - d98c3e5c-49fa-4679-a7d6-b0bafe1f3c0f: shutdown d98c3e5c-49fa-4679-a7d6-b0bafe1f3c0f@group-8C2FD844F2F1-FollowerState
2021-11-30 13:17:35,074 [grpc-default-executor-2] INFO  impl.RoleInfo (RoleInfo.java:updateAndGet(130)) - d98c3e5c-49fa-4679-a7d6-b0bafe1f3c0f: start d98c3e5c-49fa-4679-a7d6-b0bafe1f3c0f@group-8C2FD844F2F1-FollowerState
2021-11-30 13:17:35,074 [d98c3e5c-49fa-4679-a7d6-b0bafe1f3c0f@group-8C2FD844F2F1-FollowerState] INFO  impl.FollowerState (FollowerState.java:run(143)) - d98c3e5c-49fa-4679-a7d6-b0bafe1f3c0f@group-8C2FD844F2F1-FollowerState was interrupted: {}
java.lang.InterruptedException: sleep interrupted
	at java.lang.Thread.sleep(Native Method)
	at java.lang.Thread.sleep(Thread.java:340)
	at java.util.concurrent.TimeUnit.sleep(TimeUnit.java:386)
	at org.apache.ratis.util.TimeDuration.sleep(TimeDuration.java:324)
	at org.apache.ratis.util.TimeDuration.sleep(TimeDuration.java:309)
	at org.apache.ratis.server.impl.FollowerState.run(FollowerState.java:118)
2021-11-30 13:17:35,088 [grpc-default-executor-2] INFO  server.RaftServer$Division (RaftServerImpl.java:requestVote(1078)) - d98c3e5c-49fa-4679-a7d6-b0bafe1f3c0f@group-8C2FD844F2F1 replies to ELECTION vote request: b8a6b2ba-922b-4f06-aab5-ca74535011cb<-d98c3e5c-49fa-4679-a7d6-b0bafe1f3c0f#0:OK-t2. Peer's state: d98c3e5c-49fa-4679-a7d6-b0bafe1f3c0f@group-8C2FD844F2F1:t2, leader=null, voted=b8a6b2ba-922b-4f06-aab5-ca74535011cb, raftlog=d98c3e5c-49fa-4679-a7d6-b0bafe1f3c0f@group-8C2FD844F2F1-SegmentedRaftLog:OPENED:c-1, conf=-1: [d98c3e5c-49fa-4679-a7d6-b0bafe1f3c0f|rpc:127.0.0.1:42503|priority:0, b8a6b2ba-922b-4f06-aab5-ca74535011cb|rpc:127.0.0.1:33201|priority:1, 2e564fa8-312b-4913-8140-cec84c445c17|rpc:127.0.0.1:37125|priority:0], old=null
2021-11-30 13:17:35,090 [b8a6b2ba-922b-4f06-aab5-ca74535011cb@group-8C2FD844F2F1-LeaderElection21] INFO  impl.LeaderElection (LeaderElection.java:logAndReturn(89)) - b8a6b2ba-922b-4f06-aab5-ca74535011cb@group-8C2FD844F2F1-LeaderElection21: ELECTION PASSED received 1 response(s) and 0 exception(s):
2021-11-30 13:17:35,090 [b8a6b2ba-922b-4f06-aab5-ca74535011cb@group-8C2FD844F2F1-LeaderElection21] INFO  impl.LeaderElection (LeaderElection.java:logAndReturn(93)) -   Response 0: b8a6b2ba-922b-4f06-aab5-ca74535011cb<-d98c3e5c-49fa-4679-a7d6-b0bafe1f3c0f#0:OK-t2
2021-11-30 13:17:35,090 [b8a6b2ba-922b-4f06-aab5-ca74535011cb@group-8C2FD844F2F1-LeaderElection21] INFO  impl.LeaderElection (LeaderElection.java:askForVotes(308)) - b8a6b2ba-922b-4f06-aab5-ca74535011cb@group-8C2FD844F2F1-LeaderElection21 ELECTION round 0: result PASSED
2021-11-30 13:17:35,090 [b8a6b2ba-922b-4f06-aab5-ca74535011cb@group-8C2FD844F2F1-LeaderElection21] INFO  impl.RoleInfo (RoleInfo.java:shutdownLeaderElection(121)) - b8a6b2ba-922b-4f06-aab5-ca74535011cb: shutdown b8a6b2ba-922b-4f06-aab5-ca74535011cb@group-8C2FD844F2F1-LeaderElection21
2021-11-30 13:17:35,090 [b8a6b2ba-922b-4f06-aab5-ca74535011cb@group-8C2FD844F2F1-LeaderElection21] INFO  server.RaftServer$Division (RaftServerImpl.java:setRole(290)) - b8a6b2ba-922b-4f06-aab5-ca74535011cb@group-8C2FD844F2F1: changes role from CANDIDATE to LEADER at term 2 for changeToLeader
2021-11-30 13:17:35,090 [b8a6b2ba-922b-4f06-aab5-ca74535011cb@group-8C2FD844F2F1-LeaderElection21] INFO  ratis.XceiverServerRatis (XceiverServerRatis.java:handleLeaderChangedNotification(866)) - Leader change notification received for group: group-8C2FD844F2F1 with new leaderId: b8a6b2ba-922b-4f06-aab5-ca74535011cb
2021-11-30 13:17:35,090 [b8a6b2ba-922b-4f06-aab5-ca74535011cb@group-8C2FD844F2F1-LeaderElection21] INFO  server.RaftServer$Division (ServerState.java:setLeader(285)) - b8a6b2ba-922b-4f06-aab5-ca74535011cb@group-8C2FD844F2F1: change Leader from null to b8a6b2ba-922b-4f06-aab5-ca74535011cb at term 2 for becomeLeader, leader elected after 10098ms
2021-11-30 13:17:35,090 [b8a6b2ba-922b-4f06-aab5-ca74535011cb@group-8C2FD844F2F1-LeaderElection21] INFO  server.RaftServerConfigKeys (ConfUtils.java:logGet(44)) - raft.server.staging.catchup.gap = 1000 (default)
2021-11-30 13:17:35,091 [b8a6b2ba-922b-4f06-aab5-ca74535011cb@group-8C2FD844F2F1-LeaderElection21] INFO  server.RaftServerConfigKeys (ConfUtils.java:logGet(44)) - raft.server.write.element-limit = 1024 (custom)
2021-11-30 13:17:35,091 [b8a6b2ba-922b-4f06-aab5-ca74535011cb@group-8C2FD844F2F1-LeaderElection21] INFO  server.RaftServerConfigKeys (ConfUtils.java:logGet(44)) - raft.server.write.byte-limit = 1024 M (=1073741824) (custom)
2021-11-30 13:17:35,092 [grpc-default-executor-3] INFO  server.RaftServer$Division (RaftServerImpl.java:requestVote(1046)) - 2e564fa8-312b-4913-8140-cec84c445c17@group-8C2FD844F2F1: receive requestVote(ELECTION, b8a6b2ba-922b-4f06-aab5-ca74535011cb, group-8C2FD844F2F1, 2, (t:0, i:0))
2021-11-30 13:17:35,092 [grpc-default-executor-3] INFO  impl.VoteContext (VoteContext.java:log(48)) - 2e564fa8-312b-4913-8140-cec84c445c17@group-8C2FD844F2F1-FOLLOWER: accept ELECTION from b8a6b2ba-922b-4f06-aab5-ca74535011cb: our priority 0 <= candidate's priority 1
2021-11-30 13:17:35,092 [grpc-default-executor-3] INFO  server.RaftServer$Division (RaftServerImpl.java:setRole(290)) - 2e564fa8-312b-4913-8140-cec84c445c17@group-8C2FD844F2F1: changes role from  FOLLOWER to FOLLOWER at term 2 for candidate:b8a6b2ba-922b-4f06-aab5-ca74535011cb
2021-11-30 13:17:35,092 [grpc-default-executor-3] INFO  impl.RoleInfo (RoleInfo.java:shutdownFollowerState(108)) - 2e564fa8-312b-4913-8140-cec84c445c17: shutdown 2e564fa8-312b-4913-8140-cec84c445c17@group-8C2FD844F2F1-FollowerState
2021-11-30 13:17:35,092 [grpc-default-executor-3] INFO  impl.RoleInfo (RoleInfo.java:updateAndGet(130)) - 2e564fa8-312b-4913-8140-cec84c445c17: start 2e564fa8-312b-4913-8140-cec84c445c17@group-8C2FD844F2F1-FollowerState
2021-11-30 13:17:35,092 [2e564fa8-312b-4913-8140-cec84c445c17@group-8C2FD844F2F1-FollowerState] INFO  impl.FollowerState (FollowerState.java:run(143)) - 2e564fa8-312b-4913-8140-cec84c445c17@group-8C2FD844F2F1-FollowerState was interrupted: {}
java.lang.InterruptedException: sleep interrupted
	at java.lang.Thread.sleep(Native Method)
	at java.lang.Thread.sleep(Thread.java:340)
	at java.util.concurrent.TimeUnit.sleep(TimeUnit.java:386)
	at org.apache.ratis.util.TimeDuration.sleep(TimeDuration.java:324)
	at org.apache.ratis.util.TimeDuration.sleep(TimeDuration.java:309)
	at org.apache.ratis.server.impl.FollowerState.run(FollowerState.java:118)
2021-11-30 13:17:35,097 [b8a6b2ba-922b-4f06-aab5-ca74535011cb@group-8C2FD844F2F1-LeaderElection21] INFO  server.RaftServerConfigKeys (ConfUtils.java:logGet(44)) - raft.server.watch.timeout = 180s (custom)
2021-11-30 13:17:35,097 [b8a6b2ba-922b-4f06-aab5-ca74535011cb@group-8C2FD844F2F1-LeaderElection21] INFO  server.RaftServerConfigKeys (ConfUtils.java:logGet(44)) - raft.server.watch.timeout.denomination = 1s (default)
2021-11-30 13:17:35,097 [b8a6b2ba-922b-4f06-aab5-ca74535011cb@group-8C2FD844F2F1-LeaderElection21] INFO  server.RaftServerConfigKeys (ConfUtils.java:logGet(44)) - raft.server.watch.element-limit = 65536 (default)
2021-11-30 13:17:35,097 [b8a6b2ba-922b-4f06-aab5-ca74535011cb@group-8C2FD844F2F1-LeaderElection21] INFO  server.RaftServerConfigKeys (ConfUtils.java:logGet(44)) - raft.server.write.element-limit = 1024 (custom)
2021-11-30 13:17:35,097 [b8a6b2ba-922b-4f06-aab5-ca74535011cb@group-8C2FD844F2F1-LeaderElection21] INFO  server.RaftServerConfigKeys (ConfUtils.java:logGet(44)) - raft.server.write.follower.gap.ratio.max = -1.0 (default)
2021-11-30 13:17:35,097 [b8a6b2ba-922b-4f06-aab5-ca74535011cb@group-8C2FD844F2F1-LeaderElection21] INFO  server.RaftServerConfigKeys (ConfUtils.java:logGet(44)) - raft.server.log.appender.snapshot.chunk.size.max = 16MB (=16777216) (default)
2021-11-30 13:17:35,097 [b8a6b2ba-922b-4f06-aab5-ca74535011cb@group-8C2FD844F2F1-LeaderElection21] INFO  server.RaftServerConfigKeys (ConfUtils.java:logGet(44)) - raft.server.log.appender.buffer.byte-limit = 33554432 (custom)
2021-11-30 13:17:35,097 [b8a6b2ba-922b-4f06-aab5-ca74535011cb@group-8C2FD844F2F1-LeaderElection21] INFO  server.RaftServerConfigKeys (ConfUtils.java:logGet(44)) - raft.server.log.appender.buffer.element-limit = 1 (custom)
2021-11-30 13:17:35,097 [b8a6b2ba-922b-4f06-aab5-ca74535011cb@group-8C2FD844F2F1-LeaderElection21] INFO  grpc.GrpcConfigKeys (ConfUtils.java:logGet(44)) - raft.grpc.server.leader.outstanding.appends.max = 128 (default)
2021-11-30 13:17:35,097 [b8a6b2ba-922b-4f06-aab5-ca74535011cb@group-8C2FD844F2F1-LeaderElection21] INFO  server.RaftServerConfigKeys (ConfUtils.java:logGet(44)) - raft.server.rpc.request.timeout = 60s (custom)
2021-11-30 13:17:35,097 [b8a6b2ba-922b-4f06-aab5-ca74535011cb@group-8C2FD844F2F1-LeaderElection21] INFO  server.RaftServerConfigKeys (ConfUtils.java:logGet(44)) - raft.server.log.appender.install.snapshot.enabled = false (custom)
2021-11-30 13:17:35,098 [b8a6b2ba-922b-4f06-aab5-ca74535011cb@group-8C2FD844F2F1-LeaderElection21] INFO  server.RaftServerConfigKeys (ConfUtils.java:logGet(44)) - raft.server.log.appender.snapshot.chunk.size.max = 16MB (=16777216) (default)
2021-11-30 13:17:35,098 [b8a6b2ba-922b-4f06-aab5-ca74535011cb@group-8C2FD844F2F1-LeaderElection21] INFO  server.RaftServerConfigKeys (ConfUtils.java:logGet(44)) - raft.server.log.appender.buffer.byte-limit = 33554432 (custom)
2021-11-30 13:17:35,098 [b8a6b2ba-922b-4f06-aab5-ca74535011cb@group-8C2FD844F2F1-LeaderElection21] INFO  server.RaftServerConfigKeys (ConfUtils.java:logGet(44)) - raft.server.log.appender.buffer.element-limit = 1 (custom)
2021-11-30 13:17:35,098 [b8a6b2ba-922b-4f06-aab5-ca74535011cb@group-8C2FD844F2F1-LeaderElection21] INFO  grpc.GrpcConfigKeys (ConfUtils.java:logGet(44)) - raft.grpc.server.leader.outstanding.appends.max = 128 (default)
2021-11-30 13:17:35,098 [b8a6b2ba-922b-4f06-aab5-ca74535011cb@group-8C2FD844F2F1-LeaderElection21] INFO  server.RaftServerConfigKeys (ConfUtils.java:logGet(44)) - raft.server.rpc.request.timeout = 60s (custom)
2021-11-30 13:17:35,098 [b8a6b2ba-922b-4f06-aab5-ca74535011cb@group-8C2FD844F2F1-LeaderElection21] INFO  server.RaftServerConfigKeys (ConfUtils.java:logGet(44)) - raft.server.log.appender.install.snapshot.enabled = false (custom)
2021-11-30 13:17:35,099 [b8a6b2ba-922b-4f06-aab5-ca74535011cb@group-8C2FD844F2F1-LeaderElection21] INFO  impl.RoleInfo (RoleInfo.java:updateAndGet(130)) - b8a6b2ba-922b-4f06-aab5-ca74535011cb: start b8a6b2ba-922b-4f06-aab5-ca74535011cb@group-8C2FD844F2F1-LeaderStateImpl
2021-11-30 13:17:35,100 [b8a6b2ba-922b-4f06-aab5-ca74535011cb@group-8C2FD844F2F1-LeaderElection21] INFO  segmented.SegmentedRaftLogWorker (SegmentedRaftLogWorker.java:startLogSegment(394)) - b8a6b2ba-922b-4f06-aab5-ca74535011cb@group-8C2FD844F2F1-SegmentedRaftLogWorker: Starting segment from index:0
2021-11-30 13:17:35,100 [EventQueue-PipelineReportForPipelineReportHandler] INFO  pipeline.PipelineManagerImpl (PipelineManagerImpl.java:openPipeline(289)) - Pipeline Pipeline[ Id: 84c57249-c4b7-4137-b173-8c2fd844f2f1, Nodes: b8a6b2ba-922b-4f06-aab5-ca74535011cb{ip: 127.0.0.1, host: localhost, ports: [REPLICATION=46553, RATIS=33201, RATIS_ADMIN=33201, RATIS_SERVER=33201, STANDALONE=46807], networkLocation: /default-rack, certSerialId: null, persistedOpState: IN_SERVICE, persistedOpStateExpiryEpochSec: 0}2e564fa8-312b-4913-8140-cec84c445c17{ip: 127.0.0.1, host: localhost, ports: [REPLICATION=43161, RATIS=37125, RATIS_ADMIN=37125, RATIS_SERVER=37125, STANDALONE=43881], networkLocation: /default-rack, certSerialId: null, persistedOpState: IN_SERVICE, persistedOpStateExpiryEpochSec: 0}d98c3e5c-49fa-4679-a7d6-b0bafe1f3c0f{ip: 127.0.0.1, host: localhost, ports: [REPLICATION=39357, RATIS=42503, RATIS_ADMIN=42503, RATIS_SERVER=42503, STANDALONE=36231], networkLocation: /default-rack, certSerialId: null, persistedOpState: IN_SERVICE, persistedOpStateExpiryEpochSec: 0}, ReplicationConfig: RATIS/THREE, State:ALLOCATED, leaderId:b8a6b2ba-922b-4f06-aab5-ca74535011cb, CreationTimestamp2021-11-30T13:17:22.585Z[Etc/UTC]] moved to OPEN state
2021-11-30 13:17:35,101 [b8a6b2ba-922b-4f06-aab5-ca74535011cb@group-8C2FD844F2F1-SegmentedRaftLogWorker] INFO  segmented.SegmentedRaftLogWorker (SegmentedRaftLogWorker.java:execute(601)) - b8a6b2ba-922b-4f06-aab5-ca74535011cb@group-8C2FD844F2F1-SegmentedRaftLogWorker: created new log segment /home/runner/work/ozone/ozone/hadoop-ozone/integration-test/target/test-dir/MiniOzoneClusterImpl-00f7fd44-dd00-490d-8842-f37d1847179e/datanode-1/data/ratis/84c57249-c4b7-4137-b173-8c2fd844f2f1/current/log_inprogress_0
2021-11-30 13:17:35,102 [EventQueue-PipelineReportForPipelineReportHandler] INFO  pipeline.PipelineManagerImpl (PipelineManagerImpl.java:openPipeline(289)) - Pipeline Pipeline[ Id: 84c57249-c4b7-4137-b173-8c2fd844f2f1, Nodes: b8a6b2ba-922b-4f06-aab5-ca74535011cb{ip: 127.0.0.1, host: localhost, ports: [REPLICATION=46553, RATIS=33201, RATIS_ADMIN=33201, RATIS_SERVER=33201, STANDALONE=46807], networkLocation: /default-rack, certSerialId: null, persistedOpState: IN_SERVICE, persistedOpStateExpiryEpochSec: 0}2e564fa8-312b-4913-8140-cec84c445c17{ip: 127.0.0.1, host: localhost, ports: [REPLICATION=43161, RATIS=37125, RATIS_ADMIN=37125, RATIS_SERVER=37125, STANDALONE=43881], networkLocation: /default-rack, certSerialId: null, persistedOpState: IN_SERVICE, persistedOpStateExpiryEpochSec: 0}d98c3e5c-49fa-4679-a7d6-b0bafe1f3c0f{ip: 127.0.0.1, host: localhost, ports: [REPLICATION=39357, RATIS=42503, RATIS_ADMIN=42503, RATIS_SERVER=42503, STANDALONE=36231], networkLocation: /default-rack, certSerialId: null, persistedOpState: IN_SERVICE, persistedOpStateExpiryEpochSec: 0}, ReplicationConfig: RATIS/THREE, State:ALLOCATED, leaderId:b8a6b2ba-922b-4f06-aab5-ca74535011cb, CreationTimestamp2021-11-30T13:17:22.585Z[Etc/UTC]] moved to OPEN state
2021-11-30 13:17:35,102 [EventQueue-PipelineReportForPipelineReportHandler] INFO  ha.SCMHAInvocationHandler (SCMHAInvocationHandler.java:invokeRatis(113)) - Invoking method public abstract void org.apache.hadoop.hdds.scm.pipeline.PipelineStateManager.updatePipelineState(org.apache.hadoop.hdds.protocol.proto.HddsProtos$PipelineID,org.apache.hadoop.hdds.protocol.proto.HddsProtos$PipelineState) throws java.io.IOException on target org.apache.hadoop.hdds.scm.ha.SCMRatisServerImpl@2895a67c, cost 177.403us
2021-11-30 13:17:35,102 [EventQueue-OpenPipelineForHealthyPipelineSafeModeRule] INFO  safemode.SCMSafeModeManager (HealthyPipelineSafeModeRule.java:process(124)) - SCM in safe mode. Healthy pipelines reported count is 0, required healthy pipeline reported count is 1
2021-11-30 13:17:35,103 [grpc-default-executor-3] INFO  server.RaftServer$Division (RaftServerImpl.java:requestVote(1078)) - 2e564fa8-312b-4913-8140-cec84c445c17@group-8C2FD844F2F1 replies to ELECTION vote request: b8a6b2ba-922b-4f06-aab5-ca74535011cb<-2e564fa8-312b-4913-8140-cec84c445c17#0:OK-t2. Peer's state: 2e564fa8-312b-4913-8140-cec84c445c17@group-8C2FD844F2F1:t2, leader=null, voted=b8a6b2ba-922b-4f06-aab5-ca74535011cb, raftlog=2e564fa8-312b-4913-8140-cec84c445c17@group-8C2FD844F2F1-SegmentedRaftLog:OPENED:c-1, conf=-1: [d98c3e5c-49fa-4679-a7d6-b0bafe1f3c0f|rpc:127.0.0.1:42503|dataStream:|priority:0, b8a6b2ba-922b-4f06-aab5-ca74535011cb|rpc:127.0.0.1:33201|dataStream:|priority:1, 2e564fa8-312b-4913-8140-cec84c445c17|rpc:127.0.0.1:37125|dataStream:|priority:0], old=null
2021-11-30 13:17:35,153 [b8a6b2ba-922b-4f06-aab5-ca74535011cb@group-8C2FD844F2F1-LeaderElection21] INFO  server.RaftServer$Division (ServerState.java:setRaftConf(387)) - b8a6b2ba-922b-4f06-aab5-ca74535011cb@group-8C2FD844F2F1: set configuration 0: [d98c3e5c-49fa-4679-a7d6-b0bafe1f3c0f|rpc:127.0.0.1:42503|dataStream:|priority:0, b8a6b2ba-922b-4f06-aab5-ca74535011cb|rpc:127.0.0.1:33201|dataStream:|priority:1, 2e564fa8-312b-4913-8140-cec84c445c17|rpc:127.0.0.1:37125|dataStream:|priority:0], old=null
2021-11-30 13:17:35,163 [grpc-default-executor-2] INFO  ratis.XceiverServerRatis (XceiverServerRatis.java:handleLeaderChangedNotification(866)) - Leader change notification received for group: group-8C2FD844F2F1 with new leaderId: b8a6b2ba-922b-4f06-aab5-ca74535011cb
2021-11-30 13:17:35,164 [grpc-default-executor-2] INFO  server.RaftServer$Division (ServerState.java:setLeader(285)) - 2e564fa8-312b-4913-8140-cec84c445c17@group-8C2FD844F2F1: change Leader from null to b8a6b2ba-922b-4f06-aab5-ca74535011cb at term 2 for appendEntries, leader elected after 10052ms
2021-11-30 13:17:35,165 [grpc-default-executor-3] INFO  ratis.XceiverServerRatis (XceiverServerRatis.java:handleLeaderChangedNotification(866)) - Leader change notification received for group: group-8C2FD844F2F1 with new leaderId: b8a6b2ba-922b-4f06-aab5-ca74535011cb
2021-11-30 13:17:35,165 [grpc-default-executor-3] INFO  server.RaftServer$Division (ServerState.java:setLeader(285)) - d98c3e5c-49fa-4679-a7d6-b0bafe1f3c0f@group-8C2FD844F2F1: change Leader from null to b8a6b2ba-922b-4f06-aab5-ca74535011cb at term 2 for appendEntries, leader elected after 10256ms
2021-11-30 13:17:35,165 [grpc-default-executor-2] INFO  server.RaftServer$Division (ServerState.java:setRaftConf(387)) - 2e564fa8-312b-4913-8140-cec84c445c17@group-8C2FD844F2F1: set configuration 0: [d98c3e5c-49fa-4679-a7d6-b0bafe1f3c0f|rpc:127.0.0.1:42503|dataStream:|priority:0, b8a6b2ba-922b-4f06-aab5-ca74535011cb|rpc:127.0.0.1:33201|dataStream:|priority:1, 2e564fa8-312b-4913-8140-cec84c445c17|rpc:127.0.0.1:37125|dataStream:|priority:0], old=null
2021-11-30 13:17:35,166 [grpc-default-executor-2] INFO  segmented.SegmentedRaftLogWorker (SegmentedRaftLogWorker.java:startLogSegment(394)) - 2e564fa8-312b-4913-8140-cec84c445c17@group-8C2FD844F2F1-SegmentedRaftLogWorker: Starting segment from index:0
2021-11-30 13:17:35,168 [2e564fa8-312b-4913-8140-cec84c445c17@group-8C2FD844F2F1-SegmentedRaftLogWorker] INFO  segmented.SegmentedRaftLogWorker (SegmentedRaftLogWorker.java:execute(601)) - 2e564fa8-312b-4913-8140-cec84c445c17@group-8C2FD844F2F1-SegmentedRaftLogWorker: created new log segment /home/runner/work/ozone/ozone/hadoop-ozone/integration-test/target/test-dir/MiniOzoneClusterImpl-00f7fd44-dd00-490d-8842-f37d1847179e/datanode-2/data/ratis/84c57249-c4b7-4137-b173-8c2fd844f2f1/current/log_inprogress_0
2021-11-30 13:17:35,169 [grpc-default-executor-3] INFO  server.RaftServer$Division (ServerState.java:setRaftConf(387)) - d98c3e5c-49fa-4679-a7d6-b0bafe1f3c0f@group-8C2FD844F2F1: set configuration 0: [d98c3e5c-49fa-4679-a7d6-b0bafe1f3c0f|rpc:127.0.0.1:42503|dataStream:|priority:0, b8a6b2ba-922b-4f06-aab5-ca74535011cb|rpc:127.0.0.1:33201|dataStream:|priority:1, 2e564fa8-312b-4913-8140-cec84c445c17|rpc:127.0.0.1:37125|dataStream:|priority:0], old=null
2021-11-30 13:17:35,169 [grpc-default-executor-3] INFO  segmented.SegmentedRaftLogWorker (SegmentedRaftLogWorker.java:startLogSegment(394)) - d98c3e5c-49fa-4679-a7d6-b0bafe1f3c0f@group-8C2FD844F2F1-SegmentedRaftLogWorker: Starting segment from index:0
2021-11-30 13:17:35,176 [e2ff296b-9428-40f2-9fe9-4cc07b88cea2@group-F37D1847179E-StateMachineUpdater] INFO  safemode.HealthyPipelineSafeModeRule (HealthyPipelineSafeModeRule.java:initializeRule(152)) - Refreshed total pipeline count is 1, healthy pipeline threshold count is 1
2021-11-30 13:17:35,177 [EventQueue-PipelineReportForPipelineReportHandler] INFO  ha.SCMHAInvocationHandler (SCMHAInvocationHandler.java:invokeRatis(113)) - Invoking method public abstract void org.apache.hadoop.hdds.scm.pipeline.PipelineStateManager.updatePipelineState(org.apache.hadoop.hdds.protocol.proto.HddsProtos$PipelineID,org.apache.hadoop.hdds.protocol.proto.HddsProtos$PipelineState) throws java.io.IOException on target org.apache.hadoop.hdds.scm.ha.SCMRatisServerImpl@30d17a27, cost 76505.117us
2021-11-30 13:17:35,177 [EventQueue-OpenPipelineForHealthyPipelineSafeModeRule] INFO  safemode.SCMSafeModeManager (HealthyPipelineSafeModeRule.java:process(124)) - SCM in safe mode. Healthy pipelines reported count is 1, required healthy pipeline reported count is 1
2021-11-30 13:17:35,177 [EventQueue-OpenPipelineForHealthyPipelineSafeModeRule] INFO  safemode.SCMSafeModeManager (SCMSafeModeManager.java:validateSafeModeExitRules(204)) - HealthyPipelineSafeModeRule rule is successfully validated
2021-11-30 13:17:35,177 [EventQueue-OpenPipelineForHealthyPipelineSafeModeRule] INFO  safemode.SCMSafeModeManager (SCMSafeModeManager.java:validateSafeModeExitRules(219)) - ScmSafeModeManager, all rules are successfully validated
2021-11-30 13:17:35,177 [EventQueue-OpenPipelineForHealthyPipelineSafeModeRule] INFO  safemode.SCMSafeModeManager (SCMSafeModeManager.java:exitSafeMode(248)) - SCM exiting safe mode.
2021-11-30 13:17:35,177 [EventQueue-OpenPipelineForHealthyPipelineSafeModeRule] WARN  events.EventQueue (EventQueue.java:fireEvent(194)) - No event handler registered for event TypedEvent{payloadType=SafeModeStatus, name='Safe mode status'}
2021-11-30 13:17:35,177 [EventQueue-OpenPipelineForHealthyPipelineSafeModeRule] INFO  ha.SCMContext (SCMContext.java:updateSafeModeStatus(205)) - Update SafeModeStatus from SafeModeStatus{safeModeStatus=true, preCheckPassed=true} to SafeModeStatus{safeModeStatus=false, preCheckPassed=true}.
2021-11-30 13:17:35,177 [EventQueue-OpenPipelineForHealthyPipelineSafeModeRule] INFO  container.ReplicationManager (ReplicationManager.java:notifyStatusChanged(1756)) - Service ReplicationManager transitions to RUNNING.
2021-11-30 13:17:35,198 [0f6dc6cb-fd39-4234-9fee-aa41e9cd5640@group-F37D1847179E-StateMachineUpdater] INFO  safemode.HealthyPipelineSafeModeRule (HealthyPipelineSafeModeRule.java:initializeRule(152)) - Refreshed total pipeline count is 1, healthy pipeline threshold count is 1
2021-11-30 13:17:35,198 [0f6dc6cb-fd39-4234-9fee-aa41e9cd5640@group-F37D1847179E-StateMachineUpdater] INFO  ha.SCMStateMachine (SCMStateMachine.java:takeSnapshot(297)) - Current Snapshot Index 23, takeSnapshot took 0 ms
2021-11-30 13:17:35,198 [0f6dc6cb-fd39-4234-9fee-aa41e9cd5640@group-F37D1847179E-StateMachineUpdater] INFO  impl.StateMachineUpdater (StateMachineUpdater.java:takeSnapshot(281)) - 0f6dc6cb-fd39-4234-9fee-aa41e9cd5640@group-F37D1847179E-StateMachineUpdater: Took a snapshot at index 23
2021-11-30 13:17:35,198 [0f6dc6cb-fd39-4234-9fee-aa41e9cd5640@group-F37D1847179E-StateMachineUpdater] INFO  impl.StateMachineUpdater (StateMachineUpdater.java:lambda$new$0(89)) - 0f6dc6cb-fd39-4234-9fee-aa41e9cd5640@group-F37D1847179E-StateMachineUpdater: snapshotIndex: updateIncreasingly 18 -> 23
2021-11-30 13:17:35,198 [0f6dc6cb-fd39-4234-9fee-aa41e9cd5640@group-F37D1847179E-StateMachineUpdater] INFO  raftlog.RaftLog (RaftLogBase.java:purge(306)) - 0f6dc6cb-fd39-4234-9fee-aa41e9cd5640@group-F37D1847179E-SegmentedRaftLog: purge 23
2021-11-30 13:17:35,198 [0f6dc6cb-fd39-4234-9fee-aa41e9cd5640@group-F37D1847179E-StateMachineUpdater] INFO  raftlog.RaftLog (RaftLogBase.java:lambda$new$0(53)) - 0f6dc6cb-fd39-4234-9fee-aa41e9cd5640@group-F37D1847179E-SegmentedRaftLog: snapshotIndex: updateIncreasingly 18 -> 23
2021-11-30 13:17:35,198 [0f6dc6cb-fd39-4234-9fee-aa41e9cd5640@group-F37D1847179E-StateMachineUpdater] INFO  raftlog.RaftLog (RaftLogBase.java:lambda$new$0(53)) - 0f6dc6cb-fd39-4234-9fee-aa41e9cd5640@group-F37D1847179E-SegmentedRaftLog: purgeIndex: updateToMax old=18, new=23, updated? true
2021-11-30 13:17:35,205 [d98c3e5c-49fa-4679-a7d6-b0bafe1f3c0f@group-8C2FD844F2F1-SegmentedRaftLogWorker] INFO  segmented.SegmentedRaftLogWorker (SegmentedRaftLogWorker.java:execute(601)) - d98c3e5c-49fa-4679-a7d6-b0bafe1f3c0f@group-8C2FD844F2F1-SegmentedRaftLogWorker: created new log segment /home/runner/work/ozone/ozone/hadoop-ozone/integration-test/target/test-dir/MiniOzoneClusterImpl-00f7fd44-dd00-490d-8842-f37d1847179e/datanode-0/data/ratis/84c57249-c4b7-4137-b173-8c2fd844f2f1/current/log_inprogress_0
2021-11-30 13:17:35,418 [2e564fa8-312b-4913-8140-cec84c445c17@group-0B6D4AAB114F-FollowerState] INFO  impl.FollowerState (FollowerState.java:run(134)) - 2e564fa8-312b-4913-8140-cec84c445c17@group-0B6D4AAB114F-FollowerState: change to CANDIDATE, lastRpcElapsedTime:5086669219ns, electionTimeout:5086ms
2021-11-30 13:17:35,418 [2e564fa8-312b-4913-8140-cec84c445c17@group-0B6D4AAB114F-FollowerState] INFO  impl.RoleInfo (RoleInfo.java:shutdownFollowerState(108)) - 2e564fa8-312b-4913-8140-cec84c445c17: shutdown 2e564fa8-312b-4913-8140-cec84c445c17@group-0B6D4AAB114F-FollowerState
2021-11-30 13:17:35,418 [2e564fa8-312b-4913-8140-cec84c445c17@group-0B6D4AAB114F-FollowerState] INFO  server.RaftServer$Division (RaftServerImpl.java:setRole(290)) - 2e564fa8-312b-4913-8140-cec84c445c17@group-0B6D4AAB114F: changes role from  FOLLOWER to CANDIDATE at term 1 for changeToCandidate
2021-11-30 13:17:35,418 [2e564fa8-312b-4913-8140-cec84c445c17@group-0B6D4AAB114F-FollowerState] INFO  server.RaftServerConfigKeys (ConfUtils.java:logGet(44)) - raft.server.leaderelection.pre-vote = false (custom)
2021-11-30 13:17:35,418 [2e564fa8-312b-4913-8140-cec84c445c17@group-0B6D4AAB114F-FollowerState] INFO  impl.RoleInfo (RoleInfo.java:updateAndGet(130)) - 2e564fa8-312b-4913-8140-cec84c445c17: start 2e564fa8-312b-4913-8140-cec84c445c17@group-0B6D4AAB114F-LeaderElection22
2021-11-30 13:17:35,425 [b8a6b2ba-922b-4f06-aab5-ca74535011cb@group-0B6D4AAB114F-FollowerState] INFO  impl.FollowerState (FollowerState.java:run(134)) - b8a6b2ba-922b-4f06-aab5-ca74535011cb@group-0B6D4AAB114F-FollowerState: change to CANDIDATE, lastRpcElapsedTime:5089965476ns, electionTimeout:5065ms
2021-11-30 13:17:35,425 [b8a6b2ba-922b-4f06-aab5-ca74535011cb@group-0B6D4AAB114F-FollowerState] INFO  impl.RoleInfo (RoleInfo.java:shutdownFollowerState(108)) - b8a6b2ba-922b-4f06-aab5-ca74535011cb: shutdown b8a6b2ba-922b-4f06-aab5-ca74535011cb@group-0B6D4AAB114F-FollowerState
2021-11-30 13:17:35,425 [b8a6b2ba-922b-4f06-aab5-ca74535011cb@group-0B6D4AAB114F-FollowerState] INFO  server.RaftServer$Division (RaftServerImpl.java:setRole(290)) - b8a6b2ba-922b-4f06-aab5-ca74535011cb@group-0B6D4AAB114F: changes role from  FOLLOWER to CANDIDATE at term 1 for changeToCandidate
2021-11-30 13:17:35,425 [b8a6b2ba-922b-4f06-aab5-ca74535011cb@group-0B6D4AAB114F-FollowerState] INFO  server.RaftServerConfigKeys (ConfUtils.java:logGet(44)) - raft.server.leaderelection.pre-vote = false (custom)
2021-11-30 13:17:35,425 [b8a6b2ba-922b-4f06-aab5-ca74535011cb@group-0B6D4AAB114F-FollowerState] INFO  impl.RoleInfo (RoleInfo.java:updateAndGet(130)) - b8a6b2ba-922b-4f06-aab5-ca74535011cb: start b8a6b2ba-922b-4f06-aab5-ca74535011cb@group-0B6D4AAB114F-LeaderElection23
2021-11-30 13:17:35,429 [2e564fa8-312b-4913-8140-cec84c445c17@group-0B6D4AAB114F-LeaderElection22] INFO  impl.LeaderElection (LeaderElection.java:askForVotes(306)) - 2e564fa8-312b-4913-8140-cec84c445c17@group-0B6D4AAB114F-LeaderElection22 ELECTION round 0: submit vote requests at term 2 for -1: [d98c3e5c-49fa-4679-a7d6-b0bafe1f3c0f|rpc:127.0.0.1:42503|dataStream:|priority:0, b8a6b2ba-922b-4f06-aab5-ca74535011cb|rpc:127.0.0.1:33201|dataStream:|priority:0, 2e564fa8-312b-4913-8140-cec84c445c17|rpc:127.0.0.1:37125|dataStream:|priority:1], old=null
2021-11-30 13:17:35,441 [b8a6b2ba-922b-4f06-aab5-ca74535011cb@group-0B6D4AAB114F-LeaderElection23] INFO  impl.LeaderElection (LeaderElection.java:askForVotes(306)) - b8a6b2ba-922b-4f06-aab5-ca74535011cb@group-0B6D4AAB114F-LeaderElection23 ELECTION round 0: submit vote requests at term 2 for -1: [d98c3e5c-49fa-4679-a7d6-b0bafe1f3c0f|rpc:127.0.0.1:42503|priority:0, b8a6b2ba-922b-4f06-aab5-ca74535011cb|rpc:127.0.0.1:33201|priority:0, 2e564fa8-312b-4913-8140-cec84c445c17|rpc:127.0.0.1:37125|priority:1], old=null
2021-11-30 13:17:35,441 [d98c3e5c-49fa-4679-a7d6-b0bafe1f3c0f@group-0B6D4AAB114F-FollowerState] INFO  impl.FollowerState (FollowerState.java:run(134)) - d98c3e5c-49fa-4679-a7d6-b0bafe1f3c0f@group-0B6D4AAB114F-FollowerState: change to CANDIDATE, lastRpcElapsedTime:5140078341ns, electionTimeout:5134ms
2021-11-30 13:17:35,441 [d98c3e5c-49fa-4679-a7d6-b0bafe1f3c0f@group-0B6D4AAB114F-FollowerState] INFO  impl.RoleInfo (RoleInfo.java:shutdownFollowerState(108)) - d98c3e5c-49fa-4679-a7d6-b0bafe1f3c0f: shutdown d98c3e5c-49fa-4679-a7d6-b0bafe1f3c0f@group-0B6D4AAB114F-FollowerState
2021-11-30 13:17:35,441 [d98c3e5c-49fa-4679-a7d6-b0bafe1f3c0f@group-0B6D4AAB114F-FollowerState] INFO  server.RaftServer$Division (RaftServerImpl.java:setRole(290)) - d98c3e5c-49fa-4679-a7d6-b0bafe1f3c0f@group-0B6D4AAB114F: changes role from  FOLLOWER to CANDIDATE at term 1 for changeToCandidate
2021-11-30 13:17:35,449 [d98c3e5c-49fa-4679-a7d6-b0bafe1f3c0f@group-0B6D4AAB114F-FollowerState] INFO  server.RaftServerConfigKeys (ConfUtils.java:logGet(44)) - raft.server.leaderelection.pre-vote = false (custom)
2021-11-30 13:17:35,450 [d98c3e5c-49fa-4679-a7d6-b0bafe1f3c0f@group-0B6D4AAB114F-FollowerState] INFO  impl.RoleInfo (RoleInfo.java:updateAndGet(130)) - d98c3e5c-49fa-4679-a7d6-b0bafe1f3c0f: start d98c3e5c-49fa-4679-a7d6-b0bafe1f3c0f@group-0B6D4AAB114F-LeaderElection24
2021-11-30 13:17:35,450 [grpc-default-executor-3] INFO  server.RaftServer$Division (RaftServerImpl.java:requestVote(1046)) - d98c3e5c-49fa-4679-a7d6-b0bafe1f3c0f@group-0B6D4AAB114F: receive requestVote(ELECTION, b8a6b2ba-922b-4f06-aab5-ca74535011cb, group-0B6D4AAB114F, 2, (t:0, i:0))
2021-11-30 13:17:35,452 [grpc-default-executor-3] INFO  impl.VoteContext (VoteContext.java:log(48)) - d98c3e5c-49fa-4679-a7d6-b0bafe1f3c0f@group-0B6D4AAB114F-CANDIDATE: accept ELECTION from b8a6b2ba-922b-4f06-aab5-ca74535011cb: our priority 0 <= candidate's priority 0
2021-11-30 13:17:35,452 [grpc-default-executor-3] INFO  server.RaftServer$Division (RaftServerImpl.java:setRole(290)) - d98c3e5c-49fa-4679-a7d6-b0bafe1f3c0f@group-0B6D4AAB114F: changes role from CANDIDATE to FOLLOWER at term 2 for candidate:b8a6b2ba-922b-4f06-aab5-ca74535011cb
2021-11-30 13:17:35,452 [grpc-default-executor-3] INFO  impl.RoleInfo (RoleInfo.java:shutdownLeaderElection(121)) - d98c3e5c-49fa-4679-a7d6-b0bafe1f3c0f: shutdown d98c3e5c-49fa-4679-a7d6-b0bafe1f3c0f@group-0B6D4AAB114F-LeaderElection24
2021-11-30 13:17:35,452 [grpc-default-executor-3] INFO  impl.RoleInfo (RoleInfo.java:updateAndGet(130)) - d98c3e5c-49fa-4679-a7d6-b0bafe1f3c0f: start d98c3e5c-49fa-4679-a7d6-b0bafe1f3c0f@group-0B6D4AAB114F-FollowerState
2021-11-30 13:17:35,455 [d98c3e5c-49fa-4679-a7d6-b0bafe1f3c0f@group-0B6D4AAB114F-LeaderElection24] INFO  impl.LeaderElection (LeaderElection.java:run(230)) - d98c3e5c-49fa-4679-a7d6-b0bafe1f3c0f@group-0B6D4AAB114F-LeaderElection24: skip running since this is already CLOSING
2021-11-30 13:17:35,456 [grpc-default-executor-3] INFO  server.RaftServer$Division (RaftServerImpl.java:requestVote(1078)) - d98c3e5c-49fa-4679-a7d6-b0bafe1f3c0f@group-0B6D4AAB114F replies to ELECTION vote request: b8a6b2ba-922b-4f06-aab5-ca74535011cb<-d98c3e5c-49fa-4679-a7d6-b0bafe1f3c0f#0:OK-t2. Peer's state: d98c3e5c-49fa-4679-a7d6-b0bafe1f3c0f@group-0B6D4AAB114F:t2, leader=null, voted=b8a6b2ba-922b-4f06-aab5-ca74535011cb, raftlog=d98c3e5c-49fa-4679-a7d6-b0bafe1f3c0f@group-0B6D4AAB114F-SegmentedRaftLog:OPENED:c-1, conf=-1: [d98c3e5c-49fa-4679-a7d6-b0bafe1f3c0f|rpc:127.0.0.1:42503|priority:0, b8a6b2ba-922b-4f06-aab5-ca74535011cb|rpc:127.0.0.1:33201|priority:0, 2e564fa8-312b-4913-8140-cec84c445c17|rpc:127.0.0.1:37125|priority:1], old=null
2021-11-30 13:17:35,467 [EndpointStateMachine task thread for /127.0.0.1:13705 - 0 ] INFO  ipc.Client (Client.java:handleConnectionFailure(977)) - Retrying connect to server: localhost/127.0.0.1:13705. Already tried 7 time(s); retry policy is RetryUpToMaximumCountWithFixedSleep(maxRetries=15, sleepTime=1000 MILLISECONDS)
2021-11-30 13:17:35,467 [EndpointStateMachine task thread for /127.0.0.1:13685 - 0 ] INFO  ipc.Client (Client.java:handleConnectionFailure(977)) - Retrying connect to server: localhost/127.0.0.1:13685. Already tried 7 time(s); retry policy is RetryUpToMaximumCountWithFixedSleep(maxRetries=15, sleepTime=1000 MILLISECONDS)
2021-11-30 13:17:35,472 [grpc-default-executor-2] INFO  server.RaftServer$Division (RaftServerImpl.java:requestVote(1046)) - d98c3e5c-49fa-4679-a7d6-b0bafe1f3c0f@group-0B6D4AAB114F: receive requestVote(ELECTION, 2e564fa8-312b-4913-8140-cec84c445c17, group-0B6D4AAB114F, 2, (t:0, i:0))
2021-11-30 13:17:35,472 [grpc-default-executor-2] INFO  impl.VoteContext (VoteContext.java:log(48)) - d98c3e5c-49fa-4679-a7d6-b0bafe1f3c0f@group-0B6D4AAB114F-FOLLOWER: reject ELECTION from 2e564fa8-312b-4913-8140-cec84c445c17: already has voted for b8a6b2ba-922b-4f06-aab5-ca74535011cb at current term 2
2021-11-30 13:17:35,472 [grpc-default-executor-2] INFO  server.RaftServer$Division (RaftServerImpl.java:requestVote(1078)) - d98c3e5c-49fa-4679-a7d6-b0bafe1f3c0f@group-0B6D4AAB114F replies to ELECTION vote request: 2e564fa8-312b-4913-8140-cec84c445c17<-d98c3e5c-49fa-4679-a7d6-b0bafe1f3c0f#0:FAIL-t2. Peer's state: d98c3e5c-49fa-4679-a7d6-b0bafe1f3c0f@group-0B6D4AAB114F:t2, leader=null, voted=b8a6b2ba-922b-4f06-aab5-ca74535011cb, raftlog=d98c3e5c-49fa-4679-a7d6-b0bafe1f3c0f@group-0B6D4AAB114F-SegmentedRaftLog:OPENED:c-1, conf=-1: [d98c3e5c-49fa-4679-a7d6-b0bafe1f3c0f|rpc:127.0.0.1:42503|priority:0, b8a6b2ba-922b-4f06-aab5-ca74535011cb|rpc:127.0.0.1:33201|priority:0, 2e564fa8-312b-4913-8140-cec84c445c17|rpc:127.0.0.1:37125|priority:1], old=null
2021-11-30 13:17:35,475 [grpc-default-executor-2] INFO  server.RaftServer$Division (RaftServerImpl.java:requestVote(1046)) - 2e564fa8-312b-4913-8140-cec84c445c17@group-0B6D4AAB114F: receive requestVote(ELECTION, b8a6b2ba-922b-4f06-aab5-ca74535011cb, group-0B6D4AAB114F, 2, (t:0, i:0))
2021-11-30 13:17:35,475 [grpc-default-executor-2] INFO  impl.VoteContext (VoteContext.java:log(48)) - 2e564fa8-312b-4913-8140-cec84c445c17@group-0B6D4AAB114F-CANDIDATE: reject ELECTION from b8a6b2ba-922b-4f06-aab5-ca74535011cb: already has voted for 2e564fa8-312b-4913-8140-cec84c445c17 at current term 2
2021-11-30 13:17:35,475 [grpc-default-executor-2] INFO  server.RaftServer$Division (RaftServerImpl.java:requestVote(1078)) - 2e564fa8-312b-4913-8140-cec84c445c17@group-0B6D4AAB114F replies to ELECTION vote request: b8a6b2ba-922b-4f06-aab5-ca74535011cb<-2e564fa8-312b-4913-8140-cec84c445c17#0:FAIL-t2. Peer's state: 2e564fa8-312b-4913-8140-cec84c445c17@group-0B6D4AAB114F:t2, leader=null, voted=2e564fa8-312b-4913-8140-cec84c445c17, raftlog=2e564fa8-312b-4913-8140-cec84c445c17@group-0B6D4AAB114F-SegmentedRaftLog:OPENED:c-1, conf=-1: [d98c3e5c-49fa-4679-a7d6-b0bafe1f3c0f|rpc:127.0.0.1:42503|dataStream:|priority:0, b8a6b2ba-922b-4f06-aab5-ca74535011cb|rpc:127.0.0.1:33201|dataStream:|priority:0, 2e564fa8-312b-4913-8140-cec84c445c17|rpc:127.0.0.1:37125|dataStream:|priority:1], old=null
2021-11-30 13:17:35,477 [grpc-default-executor-3] INFO  server.RaftServer$Division (RaftServerImpl.java:requestVote(1046)) - b8a6b2ba-922b-4f06-aab5-ca74535011cb@group-0B6D4AAB114F: receive requestVote(ELECTION, 2e564fa8-312b-4913-8140-cec84c445c17, group-0B6D4AAB114F, 2, (t:0, i:0))
2021-11-30 13:17:35,477 [grpc-default-executor-3] INFO  impl.VoteContext (VoteContext.java:log(48)) - b8a6b2ba-922b-4f06-aab5-ca74535011cb@group-0B6D4AAB114F-CANDIDATE: reject ELECTION from 2e564fa8-312b-4913-8140-cec84c445c17: already has voted for b8a6b2ba-922b-4f06-aab5-ca74535011cb at current term 2
2021-11-30 13:17:35,477 [grpc-default-executor-3] INFO  server.RaftServer$Division (RaftServerImpl.java:requestVote(1078)) - b8a6b2ba-922b-4f06-aab5-ca74535011cb@group-0B6D4AAB114F replies to ELECTION vote request: 2e564fa8-312b-4913-8140-cec84c445c17<-b8a6b2ba-922b-4f06-aab5-ca74535011cb#0:FAIL-t2. Peer's state: b8a6b2ba-922b-4f06-aab5-ca74535011cb@group-0B6D4AAB114F:t2, leader=null, voted=b8a6b2ba-922b-4f06-aab5-ca74535011cb, raftlog=b8a6b2ba-922b-4f06-aab5-ca74535011cb@group-0B6D4AAB114F-SegmentedRaftLog:OPENED:c-1, conf=-1: [d98c3e5c-49fa-4679-a7d6-b0bafe1f3c0f|rpc:127.0.0.1:42503|priority:0, b8a6b2ba-922b-4f06-aab5-ca74535011cb|rpc:127.0.0.1:33201|priority:0, 2e564fa8-312b-4913-8140-cec84c445c17|rpc:127.0.0.1:37125|priority:1], old=null
2021-11-30 13:17:35,477 [b8a6b2ba-922b-4f06-aab5-ca74535011cb@group-0B6D4AAB114F-LeaderElection23] INFO  impl.LeaderElection (LeaderElection.java:logAndReturn(89)) - b8a6b2ba-922b-4f06-aab5-ca74535011cb@group-0B6D4AAB114F-LeaderElection23: ELECTION REJECTED received 2 response(s) and 0 exception(s):
2021-11-30 13:17:35,477 [b8a6b2ba-922b-4f06-aab5-ca74535011cb@group-0B6D4AAB114F-LeaderElection23] INFO  impl.LeaderElection (LeaderElection.java:logAndReturn(93)) -   Response 0: b8a6b2ba-922b-4f06-aab5-ca74535011cb<-d98c3e5c-49fa-4679-a7d6-b0bafe1f3c0f#0:OK-t2
2021-11-30 13:17:35,477 [b8a6b2ba-922b-4f06-aab5-ca74535011cb@group-0B6D4AAB114F-LeaderElection23] INFO  impl.LeaderElection (LeaderElection.java:logAndReturn(93)) -   Response 1: b8a6b2ba-922b-4f06-aab5-ca74535011cb<-2e564fa8-312b-4913-8140-cec84c445c17#0:FAIL-t2
2021-11-30 13:17:35,477 [b8a6b2ba-922b-4f06-aab5-ca74535011cb@group-0B6D4AAB114F-LeaderElection23] INFO  impl.LeaderElection (LeaderElection.java:askForVotes(308)) - b8a6b2ba-922b-4f06-aab5-ca74535011cb@group-0B6D4AAB114F-LeaderElection23 ELECTION round 0: result REJECTED
2021-11-30 13:17:35,477 [b8a6b2ba-922b-4f06-aab5-ca74535011cb@group-0B6D4AAB114F-LeaderElection23] INFO  server.RaftServer$Division (RaftServerImpl.java:setRole(290)) - b8a6b2ba-922b-4f06-aab5-ca74535011cb@group-0B6D4AAB114F: changes role from CANDIDATE to FOLLOWER at term 2 for REJECTED
2021-11-30 13:17:35,477 [b8a6b2ba-922b-4f06-aab5-ca74535011cb@group-0B6D4AAB114F-LeaderElection23] INFO  impl.RoleInfo (RoleInfo.java:shutdownLeaderElection(121)) - b8a6b2ba-922b-4f06-aab5-ca74535011cb: shutdown b8a6b2ba-922b-4f06-aab5-ca74535011cb@group-0B6D4AAB114F-LeaderElection23
2021-11-30 13:17:35,477 [b8a6b2ba-922b-4f06-aab5-ca74535011cb@group-0B6D4AAB114F-LeaderElection23] INFO  impl.RoleInfo (RoleInfo.java:updateAndGet(130)) - b8a6b2ba-922b-4f06-aab5-ca74535011cb: start b8a6b2ba-922b-4f06-aab5-ca74535011cb@group-0B6D4AAB114F-FollowerState
2021-11-30 13:17:35,489 [2e564fa8-312b-4913-8140-cec84c445c17@group-0B6D4AAB114F-LeaderElection22] INFO  impl.LeaderElection (LeaderElection.java:logAndReturn(89)) - 2e564fa8-312b-4913-8140-cec84c445c17@group-0B6D4AAB114F-LeaderElection22: ELECTION REJECTED received 2 response(s) and 0 exception(s):
2021-11-30 13:17:35,489 [2e564fa8-312b-4913-8140-cec84c445c17@group-0B6D4AAB114F-LeaderElection22] INFO  impl.LeaderElection (LeaderElection.java:logAndReturn(93)) -   Response 0: 2e564fa8-312b-4913-8140-cec84c445c17<-d98c3e5c-49fa-4679-a7d6-b0bafe1f3c0f#0:FAIL-t2
2021-11-30 13:17:35,489 [2e564fa8-312b-4913-8140-cec84c445c17@group-0B6D4AAB114F-LeaderElection22] INFO  impl.LeaderElection (LeaderElection.java:logAndReturn(93)) -   Response 1: 2e564fa8-312b-4913-8140-cec84c445c17<-b8a6b2ba-922b-4f06-aab5-ca74535011cb#0:FAIL-t2
2021-11-30 13:17:35,489 [2e564fa8-312b-4913-8140-cec84c445c17@group-0B6D4AAB114F-LeaderElection22] INFO  impl.LeaderElection (LeaderElection.java:askForVotes(308)) - 2e564fa8-312b-4913-8140-cec84c445c17@group-0B6D4AAB114F-LeaderElection22 ELECTION round 0: result REJECTED
2021-11-30 13:17:35,489 [2e564fa8-312b-4913-8140-cec84c445c17@group-0B6D4AAB114F-LeaderElection22] INFO  server.RaftServer$Division (RaftServerImpl.java:setRole(290)) - 2e564fa8-312b-4913-8140-cec84c445c17@group-0B6D4AAB114F: changes role from CANDIDATE to FOLLOWER at term 2 for REJECTED
2021-11-30 13:17:35,489 [2e564fa8-312b-4913-8140-cec84c445c17@group-0B6D4AAB114F-LeaderElection22] INFO  impl.RoleInfo (RoleInfo.java:shutdownLeaderElection(121)) - 2e564fa8-312b-4913-8140-cec84c445c17: shutdown 2e564fa8-312b-4913-8140-cec84c445c17@group-0B6D4AAB114F-LeaderElection22
2021-11-30 13:17:35,489 [2e564fa8-312b-4913-8140-cec84c445c17@group-0B6D4AAB114F-LeaderElection22] INFO  impl.RoleInfo (RoleInfo.java:updateAndGet(130)) - 2e564fa8-312b-4913-8140-cec84c445c17: start 2e564fa8-312b-4913-8140-cec84c445c17@group-0B6D4AAB114F-FollowerState
2021-11-30 13:17:35,493 [EndpointStateMachine task thread for /127.0.0.1:13695 - 0 ] INFO  ipc.Client (Client.java:handleConnectionFailure(977)) - Retrying connect to server: localhost/127.0.0.1:13695. Already tried 7 time(s); retry policy is RetryUpToMaximumCountWithFixedSleep(maxRetries=15, sleepTime=1000 MILLISECONDS)
2021-11-30 13:17:35,503 [Listener at 127.0.0.1/10012] INFO  ozone.MiniOzoneClusterImpl (MiniOzoneClusterImpl.java:lambda$waitForClusterToBeReady$0(235)) - Nodes are ready. Got 3 of 3 DN Heartbeats.
2021-11-30 13:17:35,504 [Listener at 127.0.0.1/10012] INFO  ozone.MiniOzoneClusterImpl (MiniOzoneClusterImpl.java:lambda$waitForClusterToBeReady$0(238)) - Cluster exits safe mode
2021-11-30 13:17:35,504 [Listener at 127.0.0.1/10012] INFO  ozone.MiniOzoneClusterImpl (MiniOzoneClusterImpl.java:lambda$waitForClusterToBeReady$0(240)) - SCM became leader
2021-11-30 13:17:35,504 [Listener at 127.0.0.1/10012] INFO  server.StorageContainerManager (StorageContainerManager.java:start(1303)) - StorageContainerLocationProtocol RPC server is listening at /0.0.0.0:13423
2021-11-30 13:17:35,504 [Listener at 127.0.0.1/10012] INFO  ha.SCMRatisServerImpl (SCMRatisServerImpl.java:start(177)) - starting ratis server 0.0.0.0:13420
2021-11-30 13:17:35,504 [Listener at 127.0.0.1/10012] INFO  server.RaftServer$Division (RaftServerImpl.java:start(304)) - b10f987c-932c-43f2-b8db-c7c3d55faa91@group-F37D1847179E: start with initializing state, conf=-1: [], old=null
2021-11-30 13:17:35,505 [Listener at 127.0.0.1/10012] INFO  server.RaftServer$Division (RaftServerImpl.java:setRole(290)) - b10f987c-932c-43f2-b8db-c7c3d55faa91@group-F37D1847179E: changes role from      null to FOLLOWER at term 0 for startInitializing
2021-11-30 13:17:35,505 [Listener at 127.0.0.1/10012] INFO  util.JmxRegister (JmxRegister.java:tryRegister(44)) - Successfully registered JMX Bean with object name Ratis:service=RaftServer,group=group-F37D1847179E,id=b10f987c-932c-43f2-b8db-c7c3d55faa91
2021-11-30 13:17:35,513 [Listener at 127.0.0.1/10012] INFO  server.RaftServer (RaftServerProxy.java:lambda$start$5(374)) - b10f987c-932c-43f2-b8db-c7c3d55faa91: start RPC server
2021-11-30 13:17:35,514 [Listener at 127.0.0.1/10012] INFO  server.GrpcService (GrpcService.java:startImpl(253)) - b10f987c-932c-43f2-b8db-c7c3d55faa91: GrpcService started, listening on 13420
2021-11-30 13:17:35,516 [Listener at 127.0.0.1/10012] INFO  ha.SCMNodeInfo (SCMNodeInfo.java:getPort(197)) - ConfigKey ozone.scm.client.address is deprecated, For configuring different ports for each SCM use PortConfigKey ozone.scm.client.port appended with serviceId and nodeId
2021-11-30 13:17:35,516 [Listener at 127.0.0.1/10012] INFO  ha.SCMNodeInfo (SCMNodeInfo.java:getPort(197)) - ConfigKey ozone.scm.block.client.address is deprecated, For configuring different ports for each SCM use PortConfigKey ozone.scm.block.client.port appended with serviceId and nodeId
2021-11-30 13:17:35,516 [Listener at 127.0.0.1/10012] INFO  ha.SCMNodeInfo (SCMNodeInfo.java:getPort(197)) - ConfigKey ozone.scm.datanode.address is deprecated, For configuring different ports for each SCM use PortConfigKey ozone.scm.datanode.port appended with serviceId and nodeId
2021-11-30 13:17:35,516 [Listener at 127.0.0.1/10012] INFO  ha.SCMNodeInfo (SCMNodeInfo.java:getPort(197)) - ConfigKey ozone.scm.client.address is deprecated, For configuring different ports for each SCM use PortConfigKey ozone.scm.client.port appended with serviceId and nodeId
2021-11-30 13:17:35,516 [Listener at 127.0.0.1/10012] INFO  ha.SCMNodeInfo (SCMNodeInfo.java:getPort(197)) - ConfigKey ozone.scm.block.client.address is deprecated, For configuring different ports for each SCM use PortConfigKey ozone.scm.block.client.port appended with serviceId and nodeId
2021-11-30 13:17:35,517 [Listener at 127.0.0.1/10012] INFO  ha.SCMNodeInfo (SCMNodeInfo.java:getPort(197)) - ConfigKey ozone.scm.datanode.address is deprecated, For configuring different ports for each SCM use PortConfigKey ozone.scm.datanode.port appended with serviceId and nodeId
2021-11-30 13:17:35,517 [Listener at 127.0.0.1/10012] INFO  ha.SCMNodeInfo (SCMNodeInfo.java:getPort(197)) - ConfigKey ozone.scm.client.address is deprecated, For configuring different ports for each SCM use PortConfigKey ozone.scm.client.port appended with serviceId and nodeId
2021-11-30 13:17:35,517 [Listener at 127.0.0.1/10012] INFO  ha.SCMNodeInfo (SCMNodeInfo.java:getPort(197)) - ConfigKey ozone.scm.block.client.address is deprecated, For configuring different ports for each SCM use PortConfigKey ozone.scm.block.client.port appended with serviceId and nodeId
2021-11-30 13:17:35,517 [Listener at 127.0.0.1/10012] INFO  ha.SCMNodeInfo (SCMNodeInfo.java:getPort(197)) - ConfigKey ozone.scm.datanode.address is deprecated, For configuring different ports for each SCM use PortConfigKey ozone.scm.datanode.port appended with serviceId and nodeId
2021-11-30 13:17:35,518 [org.apache.ratis.util.JvmPauseMonitor$$Lambda$499/638525764@2b1205a7] INFO  util.JvmPauseMonitor (JvmPauseMonitor.java:run(103)) - JvmPauseMonitor-b10f987c-932c-43f2-b8db-c7c3d55faa91: Started
2021-11-30 13:17:35,530 [IPC Server handler 6 on default port 13402] INFO  ha.SCMRatisServerImpl (SCMRatisServerImpl.java:addSCM(291)) - e2ff296b-9428-40f2-9fe9-4cc07b88cea2: Submitting SetConfiguration request to Ratis server with new SCM peers list: [0f6dc6cb-fd39-4234-9fee-aa41e9cd5640|rpc:localhost:13410|priority:0, e2ff296b-9428-40f2-9fe9-4cc07b88cea2|rpc:localhost:13400|admin:|client:|dataStream:|priority:0, b10f987c-932c-43f2-b8db-c7c3d55faa91|rpc:localhost:13420|priority:0]
2021-11-30 13:17:35,533 [IPC Server handler 6 on default port 13402] INFO  server.RaftServer$Division (RaftServerImpl.java:setConfigurationAsync(974)) - e2ff296b-9428-40f2-9fe9-4cc07b88cea2@group-F37D1847179E: receive setConfiguration SetConfigurationRequest:client-D1D67E555718->e2ff296b-9428-40f2-9fe9-4cc07b88cea2@group-F37D1847179E, cid=10, seq=0, RW, null, peers:[0f6dc6cb-fd39-4234-9fee-aa41e9cd5640|rpc:localhost:13410|priority:0, e2ff296b-9428-40f2-9fe9-4cc07b88cea2|rpc:localhost:13400|admin:|client:|dataStream:|priority:0, b10f987c-932c-43f2-b8db-c7c3d55faa91|rpc:localhost:13420|priority:0]
2021-11-30 13:17:35,534 [IPC Server handler 6 on default port 13402] INFO  server.RaftServer$Division (LeaderStateImpl.java:startSetConfiguration(358)) - e2ff296b-9428-40f2-9fe9-4cc07b88cea2@group-F37D1847179E-LeaderStateImpl: startSetConfiguration SetConfigurationRequest:client-D1D67E555718->e2ff296b-9428-40f2-9fe9-4cc07b88cea2@group-F37D1847179E, cid=10, seq=0, RW, null, peers:[0f6dc6cb-fd39-4234-9fee-aa41e9cd5640|rpc:localhost:13410|priority:0, e2ff296b-9428-40f2-9fe9-4cc07b88cea2|rpc:localhost:13400|admin:|client:|dataStream:|priority:0, b10f987c-932c-43f2-b8db-c7c3d55faa91|rpc:localhost:13420|priority:0]
2021-11-30 13:17:35,534 [IPC Server handler 6 on default port 13402] INFO  server.RaftServerConfigKeys (ConfUtils.java:logGet(44)) - raft.server.log.appender.snapshot.chunk.size.max = 16MB (=16777216) (default)
2021-11-30 13:17:35,534 [IPC Server handler 6 on default port 13402] INFO  server.RaftServerConfigKeys (ConfUtils.java:logGet(44)) - raft.server.log.appender.buffer.byte-limit = 33554432 (custom)
2021-11-30 13:17:35,534 [IPC Server handler 6 on default port 13402] INFO  server.RaftServerConfigKeys (ConfUtils.java:logGet(44)) - raft.server.log.appender.buffer.element-limit = 1024 (custom)
2021-11-30 13:17:35,543 [IPC Server handler 6 on default port 13402] INFO  grpc.GrpcConfigKeys (ConfUtils.java:logGet(44)) - raft.grpc.server.leader.outstanding.appends.max = 128 (default)
2021-11-30 13:17:35,543 [IPC Server handler 6 on default port 13402] INFO  server.RaftServerConfigKeys (ConfUtils.java:logGet(44)) - raft.server.rpc.request.timeout = 30000ms (custom)
2021-11-30 13:17:35,543 [IPC Server handler 6 on default port 13402] INFO  server.RaftServerConfigKeys (ConfUtils.java:logGet(44)) - raft.server.log.appender.install.snapshot.enabled = false (custom)
2021-11-30 13:17:35,544 [e2ff296b-9428-40f2-9fe9-4cc07b88cea2@group-F37D1847179E->b10f987c-932c-43f2-b8db-c7c3d55faa91-GrpcLogAppender-LogAppenderDaemon] INFO  server.GrpcLogAppender (GrpcLogAppender.java:installSnapshot(550)) - e2ff296b-9428-40f2-9fe9-4cc07b88cea2@group-F37D1847179E->b10f987c-932c-43f2-b8db-c7c3d55faa91-GrpcLogAppender: followerNextIndex = 0 but logStartIndex = 1, notify follower to install snapshot-(t:2, i:24)
2021-11-30 13:17:35,544 [e2ff296b-9428-40f2-9fe9-4cc07b88cea2@group-F37D1847179E->b10f987c-932c-43f2-b8db-c7c3d55faa91-GrpcLogAppender-LogAppenderDaemon] INFO  server.GrpcLogAppender (GrpcLogAppender.java:installSnapshot(558)) - e2ff296b-9428-40f2-9fe9-4cc07b88cea2@group-F37D1847179E->b10f987c-932c-43f2-b8db-c7c3d55faa91-GrpcLogAppender: send e2ff296b-9428-40f2-9fe9-4cc07b88cea2->b10f987c-932c-43f2-b8db-c7c3d55faa91#0-t2,notify:(t:2, i:24)
2021-11-30 13:17:35,559 [grpc-default-executor-3] INFO  server.RaftServer$Division (RaftServerImpl.java:installSnapshot(1332)) - b10f987c-932c-43f2-b8db-c7c3d55faa91@group-F37D1847179E: receive installSnapshot: e2ff296b-9428-40f2-9fe9-4cc07b88cea2->b10f987c-932c-43f2-b8db-c7c3d55faa91#0-t2,notify:(t:2, i:24)
2021-11-30 13:17:35,561 [grpc-default-executor-3] INFO  ha.SCMStateMachine (SCMStateMachine.java:notifyLeaderChanged(255)) - leader changed, yet current SCM is still follower.
2021-11-30 13:17:35,561 [grpc-default-executor-3] INFO  server.RaftServer$Division (ServerState.java:setLeader(285)) - b10f987c-932c-43f2-b8db-c7c3d55faa91@group-F37D1847179E: change Leader from null to e2ff296b-9428-40f2-9fe9-4cc07b88cea2 at term 2 for installSnapshot, leader elected after 18742ms
2021-11-30 13:17:35,561 [grpc-default-executor-3] INFO  server.RaftServer$Division (RaftServerImpl.java:notifyStateMachineToInstallSnapshot(1551)) - b10f987c-932c-43f2-b8db-c7c3d55faa91@group-F37D1847179E: Received notification to install snapshot at index 24
2021-11-30 13:17:35,561 [grpc-default-executor-3] INFO  server.RaftServer$Division (RaftServerImpl.java:notifyStateMachineToInstallSnapshot(1582)) - b10f987c-932c-43f2-b8db-c7c3d55faa91@group-F37D1847179E: notifyInstallSnapshot: nextIndex is 0 but the leader's first available index is 24.
2021-11-30 13:17:35,561 [grpc-default-executor-3] INFO  ha.SCMStateMachine (SCMStateMachine.java:notifyInstallSnapshotFromLeader(219)) - Received install snapshot notification from SCM leader: localhost:13400 with term index: (t:2, i:24)
2021-11-30 13:17:35,572 [pool-258-thread-1] INFO  ha.SCMHAManagerImpl (SCMHAManagerImpl.java:getDBCheckpointFromLeader(206)) - Downloading checkpoint from leader SCM scmNode-1 and reloading state from the checkpoint.
2021-11-30 13:17:35,585 [grpc-default-executor-2] INFO  ha.SCMDBCheckpointProvider (SCMDBCheckpointProvider.java:writeDBCheckPointToSream(48)) - Received request to obtain SCM DB checkpoint snapshot
2021-11-30 13:17:35,593 [grpc-default-executor-2] INFO  db.RDBCheckpointManager (RDBCheckpointManager.java:createCheckpoint(86)) - Created checkpoint at /home/runner/work/ozone/ozone/hadoop-ozone/integration-test/target/test-dir/MiniOzoneClusterImpl-00f7fd44-dd00-490d-8842-f37d1847179e/scmNode-1/db.checkpoints/scm.db_checkpoint_1638278255586 in 7 milliseconds
2021-11-30 13:17:35,604 [grpc-default-executor-2] INFO  ha.SCMGrpcOutputStream (SCMGrpcOutputStream.java:close(111)) - Sent 5779 bytes for cluster 00f7fd44-dd00-490d-8842-f37d1847179e
2021-11-30 13:17:35,605 [grpc-default-executor-0] INFO  ha.InterSCMGrpcClient (InterSCMGrpcClient.java:onCompleted(173)) - Checkpoint is downloaded to /home/runner/work/ozone/ozone/hadoop-ozone/integration-test/target/test-dir/MiniOzoneClusterImpl-00f7fd44-dd00-490d-8842-f37d1847179e/scmNode-3/snapshot/scm.db-scmNode-1-1638278255572.tar.gz
2021-11-30 13:17:35,610 [grpc-default-executor-2] INFO  ha.SCMDBCheckpointProvider (SCMDBCheckpointProvider.java:writeDBCheckPointToSream(73)) - Time taken to write the checkpoint to response output stream: 16 milliseconds
2021-11-30 13:17:35,610 [grpc-default-executor-2] INFO  db.RocksDBCheckpoint (RocksDBCheckpoint.java:cleanupCheckpoint(78)) - Cleaning up RocksDB checkpoint at /home/runner/work/ozone/ozone/hadoop-ozone/integration-test/target/test-dir/MiniOzoneClusterImpl-00f7fd44-dd00-490d-8842-f37d1847179e/scmNode-1/db.checkpoints/scm.db_checkpoint_1638278255586
2021-11-30 13:17:35,637 [pool-258-thread-1] INFO  ha.SCMSnapshotProvider (SCMSnapshotProvider.java:getSCMDBSnapshot(131)) - Successfully downloaded latest checkpoint from leader SCM: scmNode-1 path /home/runner/work/ozone/ozone/hadoop-ozone/integration-test/target/test-dir/MiniOzoneClusterImpl-00f7fd44-dd00-490d-8842-f37d1847179e/scmNode-3/snapshot/scm.db-scmNode-1-1638278255572
2021-11-30 13:17:35,637 [pool-258-thread-1] INFO  ha.SCMHAManagerImpl (SCMHAManagerImpl.java:downloadCheckpointFromLeader(158)) - Downloaded checkpoint from Leader scmNode-1 to the location /home/runner/work/ozone/ozone/hadoop-ozone/integration-test/target/test-dir/MiniOzoneClusterImpl-00f7fd44-dd00-490d-8842-f37d1847179e/scmNode-3/snapshot/scm.db-scmNode-1-1638278255572
2021-11-30 13:17:35,700 [pool-258-thread-1] INFO  ha.SCMHAManagerImpl (SCMHAManagerImpl.java:verifyCheckpointFromLeader(172)) - Installing checkpoint with SCMTransactionInfo 2#24
2021-11-30 13:17:35,702 [pool-258-thread-1] INFO  server.RaftServer$Division (RaftServerImpl.java:lambda$notifyStateMachineToInstallSnapshot$30(1595)) - b10f987c-932c-43f2-b8db-c7c3d55faa91@group-F37D1847179E: StateMachine successfully installed snapshot index 24. Reloading the StateMachine.
2021-11-30 13:17:35,702 [pool-258-thread-1] INFO  segmented.SegmentedRaftLogWorker (SegmentedRaftLogWorker.java:lambda$new$0(133)) - b10f987c-932c-43f2-b8db-c7c3d55faa91@group-F37D1847179E-SegmentedRaftLogWorker: flushIndex: setUnconditionally -1 -> 24
2021-11-30 13:17:35,702 [pool-258-thread-1] INFO  segmented.SegmentedRaftLogWorker (SegmentedRaftLogWorker.java:lambda$new$0(133)) - b10f987c-932c-43f2-b8db-c7c3d55faa91@group-F37D1847179E-SegmentedRaftLogWorker: safeCacheEvictIndex: setUnconditionally -1 -> 24
2021-11-30 13:17:35,703 [pool-258-thread-1] INFO  raftlog.RaftLog (RaftLogBase.java:lambda$new$0(53)) - b10f987c-932c-43f2-b8db-c7c3d55faa91@group-F37D1847179E-SegmentedRaftLog: snapshotIndex: updateIncreasingly -1 -> 24
2021-11-30 13:17:35,706 [grpc-default-executor-3] INFO  server.RaftServer$Division (RaftServerImpl.java:notifyStateMachineToInstallSnapshot(1638)) - b10f987c-932c-43f2-b8db-c7c3d55faa91@group-F37D1847179E: InstallSnapshot notification result: SNAPSHOT_INSTALLED, at index: 24
2021-11-30 13:17:35,707 [grpc-default-executor-3] INFO  server.RaftServer$Division (RaftServerImpl.java:installSnapshotImpl(1462)) - b10f987c-932c-43f2-b8db-c7c3d55faa91@group-F37D1847179E: set new configuration index: 5
configurationEntry {
  peers {
    id: "0f6dc6cb-fd39-4234-9fee-aa41e9cd5640"
    address: "localhost:13410"
  }
  peers {
    id: "e2ff296b-9428-40f2-9fe9-4cc07b88cea2"
    address: "localhost:13400"
  }
}
 from snapshot
2021-11-30 13:17:35,707 [grpc-default-executor-3] INFO  server.RaftServer$Division (ServerState.java:setRaftConf(387)) - b10f987c-932c-43f2-b8db-c7c3d55faa91@group-F37D1847179E: set configuration 5: [0f6dc6cb-fd39-4234-9fee-aa41e9cd5640|rpc:localhost:13410|admin:|client:|dataStream:|priority:0, e2ff296b-9428-40f2-9fe9-4cc07b88cea2|rpc:localhost:13400|admin:|client:|dataStream:|priority:0], old=null
2021-11-30 13:17:35,707 [grpc-default-executor-3] INFO  server.RaftServer$Division (RaftServerImpl.java:installSnapshot(1343)) - b10f987c-932c-43f2-b8db-c7c3d55faa91@group-F37D1847179E: reply installSnapshot: e2ff296b-9428-40f2-9fe9-4cc07b88cea2<-b10f987c-932c-43f2-b8db-c7c3d55faa91#0:FAIL-t0,SNAPSHOT_INSTALLED,snapshotIndex=24
2021-11-30 13:17:35,707 [grpc-default-executor-3] INFO  server.GrpcServerProtocolService (GrpcServerProtocolService.java:onCompleted(140)) - b10f987c-932c-43f2-b8db-c7c3d55faa91: Completed INSTALL_SNAPSHOT, lastRequest: e2ff296b-9428-40f2-9fe9-4cc07b88cea2->b10f987c-932c-43f2-b8db-c7c3d55faa91#0-t2,notify:(t:2, i:24)
2021-11-30 13:17:35,708 [grpc-default-executor-2] INFO  server.GrpcLogAppender (GrpcLogAppender.java:onNext(410)) - e2ff296b-9428-40f2-9fe9-4cc07b88cea2@group-F37D1847179E->b10f987c-932c-43f2-b8db-c7c3d55faa91-InstallSnapshotResponseHandler: received the first reply e2ff296b-9428-40f2-9fe9-4cc07b88cea2<-b10f987c-932c-43f2-b8db-c7c3d55faa91#0:FAIL-t0,SNAPSHOT_INSTALLED,snapshotIndex=24
2021-11-30 13:17:35,708 [grpc-default-executor-2] INFO  server.GrpcLogAppender (GrpcLogAppender.java:onNext(450)) - e2ff296b-9428-40f2-9fe9-4cc07b88cea2@group-F37D1847179E->b10f987c-932c-43f2-b8db-c7c3d55faa91-InstallSnapshotResponseHandler: Follower installed snapshot at index 24
2021-11-30 13:17:35,708 [grpc-default-executor-2] INFO  leader.FollowerInfo (FollowerInfoImpl.java:lambda$new$0(47)) - e2ff296b-9428-40f2-9fe9-4cc07b88cea2@group-F37D1847179E->b10f987c-932c-43f2-b8db-c7c3d55faa91: snapshotIndex: setUnconditionally 0 -> 24
2021-11-30 13:17:35,708 [grpc-default-executor-2] INFO  leader.FollowerInfo (FollowerInfoImpl.java:lambda$new$0(47)) - e2ff296b-9428-40f2-9fe9-4cc07b88cea2@group-F37D1847179E->b10f987c-932c-43f2-b8db-c7c3d55faa91: matchIndex: setUnconditionally 0 -> 24
2021-11-30 13:17:35,708 [grpc-default-executor-2] INFO  leader.FollowerInfo (FollowerInfoImpl.java:lambda$new$0(47)) - e2ff296b-9428-40f2-9fe9-4cc07b88cea2@group-F37D1847179E->b10f987c-932c-43f2-b8db-c7c3d55faa91: nextIndex: setUnconditionally 0 -> 25
2021-11-30 13:17:35,708 [grpc-default-executor-2] INFO  leader.FollowerInfo (FollowerInfoImpl.java:setAttemptedToInstallSnapshot(116)) - Follower e2ff296b-9428-40f2-9fe9-4cc07b88cea2@group-F37D1847179E->b10f987c-932c-43f2-b8db-c7c3d55faa91 acknowledged installing snapshot
2021-11-30 13:17:35,709 [grpc-default-executor-2] INFO  leader.FollowerInfo (FollowerInfoImpl.java:lambda$new$0(47)) - e2ff296b-9428-40f2-9fe9-4cc07b88cea2@group-F37D1847179E->b10f987c-932c-43f2-b8db-c7c3d55faa91: nextIndex: updateToMax old=25, new=25, updated? false
2021-11-30 13:17:35,713 [grpc-default-executor-2] INFO  impl.RoleInfo (RoleInfo.java:updateAndGet(130)) - b10f987c-932c-43f2-b8db-c7c3d55faa91: start b10f987c-932c-43f2-b8db-c7c3d55faa91@group-F37D1847179E-FollowerState
2021-11-30 13:17:35,755 [b10f987c-932c-43f2-b8db-c7c3d55faa91@group-F37D1847179E-StateMachineUpdater] INFO  ha.SCMHAManagerImpl (SCMHAManagerImpl.java:installCheckpoint(227)) - Installing checkpoint with SCMTransactionInfo 2#24
2021-11-30 13:17:35,760 [b10f987c-932c-43f2-b8db-c7c3d55faa91@group-F37D1847179E-StateMachineUpdater] INFO  ha.SCMHAManagerImpl (SCMHAManagerImpl.java:installCheckpoint(266)) - Replaced DB with checkpoint, term: 2, index: 24
2021-11-30 13:17:35,760 [b10f987c-932c-43f2-b8db-c7c3d55faa91@group-F37D1847179E-StateMachineUpdater] WARN  utils.HAUtils (HAUtils.java:getMetaDir(342)) - ozone.scm.db.dirs is not configured. We recommend adding this setting. Falling back to ozone.metadata.dirs instead.
2021-11-30 13:17:35,761 [b10f987c-932c-43f2-b8db-c7c3d55faa91@group-F37D1847179E-StateMachineUpdater] WARN  db.DBStoreBuilder (DBStoreBuilder.java:applyDBDefinition(145)) - ozone.scm.db.dirs is not configured. We recommend adding this setting. Falling back to ozone.metadata.dirs instead.
2021-11-30 13:17:35,830 [b10f987c-932c-43f2-b8db-c7c3d55faa91@group-F37D1847179E-StateMachineUpdater] INFO  ha.SequenceIdGenerator (SequenceIdGenerator.java:reinitialize(166)) - reinitialize SequenceIdGenerator.
2021-11-30 13:17:35,839 [b10f987c-932c-43f2-b8db-c7c3d55faa91@group-F37D1847179E-StateMachineUpdater] INFO  ha.SCMHAManagerImpl (SCMHAManagerImpl.java:installCheckpoint(277)) - Reloaded SCM state with Term: 2 and Index: 24
2021-11-30 13:17:35,840 [b10f987c-932c-43f2-b8db-c7c3d55faa91@group-F37D1847179E-StateMachineUpdater] INFO  impl.StateMachineUpdater (StateMachineUpdater.java:lambda$new$0(89)) - b10f987c-932c-43f2-b8db-c7c3d55faa91@group-F37D1847179E-StateMachineUpdater: snapshotIndex: setUnconditionally -1 -> 24
2021-11-30 13:17:35,840 [b10f987c-932c-43f2-b8db-c7c3d55faa91@group-F37D1847179E-StateMachineUpdater] INFO  impl.StateMachineUpdater (StateMachineUpdater.java:lambda$new$0(89)) - b10f987c-932c-43f2-b8db-c7c3d55faa91@group-F37D1847179E-StateMachineUpdater: appliedIndex: setUnconditionally -1 -> 24
2021-11-30 13:17:36,467 [EndpointStateMachine task thread for /127.0.0.1:13705 - 0 ] INFO  ipc.Client (Client.java:handleConnectionFailure(977)) - Retrying connect to server: localhost/127.0.0.1:13705. Already tried 8 time(s); retry policy is RetryUpToMaximumCountWithFixedSleep(maxRetries=15, sleepTime=1000 MILLISECONDS)
2021-11-30 13:17:36,467 [EndpointStateMachine task thread for /127.0.0.1:13685 - 0 ] INFO  ipc.Client (Client.java:handleConnectionFailure(977)) - Retrying connect to server: localhost/127.0.0.1:13685. Already tried 8 time(s); retry policy is RetryUpToMaximumCountWithFixedSleep(maxRetries=15, sleepTime=1000 MILLISECONDS)
2021-11-30 13:17:36,494 [EndpointStateMachine task thread for /127.0.0.1:13695 - 0 ] INFO  ipc.Client (Client.java:handleConnectionFailure(977)) - Retrying connect to server: localhost/127.0.0.1:13695. Already tried 8 time(s); retry policy is RetryUpToMaximumCountWithFixedSleep(maxRetries=15, sleepTime=1000 MILLISECONDS)
2021-11-30 13:17:37,471 [EndpointStateMachine task thread for /127.0.0.1:13685 - 0 ] INFO  ipc.Client (Client.java:handleConnectionFailure(977)) - Retrying connect to server: localhost/127.0.0.1:13685. Already tried 9 time(s); retry policy is RetryUpToMaximumCountWithFixedSleep(maxRetries=15, sleepTime=1000 MILLISECONDS)
2021-11-30 13:17:37,472 [EndpointStateMachine task thread for /127.0.0.1:13705 - 0 ] INFO  ipc.Client (Client.java:handleConnectionFailure(977)) - Retrying connect to server: localhost/127.0.0.1:13705. Already tried 9 time(s); retry policy is RetryUpToMaximumCountWithFixedSleep(maxRetries=15, sleepTime=1000 MILLISECONDS)
2021-11-30 13:17:37,494 [EndpointStateMachine task thread for /127.0.0.1:13695 - 0 ] INFO  ipc.Client (Client.java:handleConnectionFailure(977)) - Retrying connect to server: localhost/127.0.0.1:13695. Already tried 9 time(s); retry policy is RetryUpToMaximumCountWithFixedSleep(maxRetries=15, sleepTime=1000 MILLISECONDS)
2021-11-30 13:17:38,097 [Datanode State Machine Daemon Thread] ERROR datanode.RunningDatanodeState (RunningDatanodeState.java:computeNextContainerState(199)) - Error in executing end point task.
java.util.concurrent.ExecutionException: java.util.concurrent.TimeoutException
	at java.util.concurrent.FutureTask.report(FutureTask.java:122)
	at java.util.concurrent.FutureTask.get(FutureTask.java:192)
	at org.apache.hadoop.ozone.container.common.states.datanode.RunningDatanodeState.computeNextContainerState(RunningDatanodeState.java:191)
	at org.apache.hadoop.ozone.container.common.states.datanode.RunningDatanodeState.await(RunningDatanodeState.java:231)
	at org.apache.hadoop.ozone.container.common.states.datanode.RunningDatanodeState.await(RunningDatanodeState.java:50)
	at org.apache.hadoop.ozone.container.common.statemachine.StateContext.execute(StateContext.java:633)
	at org.apache.hadoop.ozone.container.common.statemachine.DatanodeStateMachine.start(DatanodeStateMachine.java:280)
	at org.apache.hadoop.ozone.container.common.statemachine.DatanodeStateMachine.lambda$startDaemon$0(DatanodeStateMachine.java:468)
	at java.lang.Thread.run(Thread.java:748)
Caused by: java.util.concurrent.TimeoutException
	at java.util.concurrent.FutureTask.get(FutureTask.java:205)
	at org.apache.hadoop.ozone.container.common.states.datanode.RunningDatanodeState.lambda$execute$0(RunningDatanodeState.java:149)
	at java.util.concurrent.FutureTask.run(FutureTask.java:266)
	at java.util.concurrent.Executors$RunnableAdapter.call(Executors.java:511)
	at java.util.concurrent.FutureTask.run(FutureTask.java:266)
	at java.util.concurrent.ThreadPoolExecutor.runWorker(ThreadPoolExecutor.java:1149)
	at java.util.concurrent.ThreadPoolExecutor$Worker.run(ThreadPoolExecutor.java:624)
	... 1 more
2021-11-30 13:17:38,472 [EndpointStateMachine task thread for /127.0.0.1:13685 - 0 ] INFO  ipc.Client (Client.java:handleConnectionFailure(977)) - Retrying connect to server: localhost/127.0.0.1:13685. Already tried 10 time(s); retry policy is RetryUpToMaximumCountWithFixedSleep(maxRetries=15, sleepTime=1000 MILLISECONDS)
2021-11-30 13:17:38,473 [EndpointStateMachine task thread for /127.0.0.1:13705 - 0 ] INFO  ipc.Client (Client.java:handleConnectionFailure(977)) - Retrying connect to server: localhost/127.0.0.1:13705. Already tried 10 time(s); retry policy is RetryUpToMaximumCountWithFixedSleep(maxRetries=15, sleepTime=1000 MILLISECONDS)
2021-11-30 13:17:38,495 [EndpointStateMachine task thread for /127.0.0.1:13695 - 0 ] INFO  ipc.Client (Client.java:handleConnectionFailure(977)) - Retrying connect to server: localhost/127.0.0.1:13695. Already tried 10 time(s); retry policy is RetryUpToMaximumCountWithFixedSleep(maxRetries=15, sleepTime=1000 MILLISECONDS)
2021-11-30 13:17:38,895 [Datanode State Machine Daemon Thread] ERROR datanode.RunningDatanodeState (RunningDatanodeState.java:computeNextContainerState(199)) - Error in executing end point task.
java.util.concurrent.ExecutionException: java.util.concurrent.TimeoutException
	at java.util.concurrent.FutureTask.report(FutureTask.java:122)
	at java.util.concurrent.FutureTask.get(FutureTask.java:192)
	at org.apache.hadoop.ozone.container.common.states.datanode.RunningDatanodeState.computeNextContainerState(RunningDatanodeState.java:191)
	at org.apache.hadoop.ozone.container.common.states.datanode.RunningDatanodeState.await(RunningDatanodeState.java:231)
	at org.apache.hadoop.ozone.container.common.states.datanode.RunningDatanodeState.await(RunningDatanodeState.java:50)
	at org.apache.hadoop.ozone.container.common.statemachine.StateContext.execute(StateContext.java:633)
	at org.apache.hadoop.ozone.container.common.statemachine.DatanodeStateMachine.start(DatanodeStateMachine.java:280)
	at org.apache.hadoop.ozone.container.common.statemachine.DatanodeStateMachine.lambda$startDaemon$0(DatanodeStateMachine.java:468)
	at java.lang.Thread.run(Thread.java:748)
Caused by: java.util.concurrent.TimeoutException
	at java.util.concurrent.FutureTask.get(FutureTask.java:205)
	at org.apache.hadoop.ozone.container.common.states.datanode.RunningDatanodeState.lambda$execute$0(RunningDatanodeState.java:149)
	at java.util.concurrent.FutureTask.run(FutureTask.java:266)
	at java.util.concurrent.Executors$RunnableAdapter.call(Executors.java:511)
	at java.util.concurrent.FutureTask.run(FutureTask.java:266)
	at java.util.concurrent.ThreadPoolExecutor.runWorker(ThreadPoolExecutor.java:1149)
	at java.util.concurrent.ThreadPoolExecutor$Worker.run(ThreadPoolExecutor.java:624)
	... 1 more
2021-11-30 13:17:39,473 [EndpointStateMachine task thread for /127.0.0.1:13685 - 0 ] INFO  ipc.Client (Client.java:handleConnectionFailure(977)) - Retrying connect to server: localhost/127.0.0.1:13685. Already tried 11 time(s); retry policy is RetryUpToMaximumCountWithFixedSleep(maxRetries=15, sleepTime=1000 MILLISECONDS)
2021-11-30 13:17:39,473 [EndpointStateMachine task thread for /127.0.0.1:13705 - 0 ] INFO  ipc.Client (Client.java:handleConnectionFailure(977)) - Retrying connect to server: localhost/127.0.0.1:13705. Already tried 11 time(s); retry policy is RetryUpToMaximumCountWithFixedSleep(maxRetries=15, sleepTime=1000 MILLISECONDS)
2021-11-30 13:17:39,495 [EndpointStateMachine task thread for /127.0.0.1:13695 - 0 ] INFO  ipc.Client (Client.java:handleConnectionFailure(977)) - Retrying connect to server: localhost/127.0.0.1:13695. Already tried 11 time(s); retry policy is RetryUpToMaximumCountWithFixedSleep(maxRetries=15, sleepTime=1000 MILLISECONDS)
2021-11-30 13:17:40,400 [e2ff296b-9428-40f2-9fe9-4cc07b88cea2@group-F37D1847179E-LeaderStateImpl] INFO  server.RaftServer$Division (ServerState.java:setRaftConf(387)) - e2ff296b-9428-40f2-9fe9-4cc07b88cea2@group-F37D1847179E: set configuration 25: [0f6dc6cb-fd39-4234-9fee-aa41e9cd5640|rpc:localhost:13410|priority:0, e2ff296b-9428-40f2-9fe9-4cc07b88cea2|rpc:localhost:13400|admin:|client:|dataStream:|priority:0, b10f987c-932c-43f2-b8db-c7c3d55faa91|rpc:localhost:13420|priority:0], old=[0f6dc6cb-fd39-4234-9fee-aa41e9cd5640|rpc:localhost:13410|priority:0, e2ff296b-9428-40f2-9fe9-4cc07b88cea2|rpc:localhost:13400|admin:|client:|dataStream:|priority:0]
2021-11-30 13:17:40,401 [grpc-default-executor-2] INFO  server.RaftServer$Division (ServerState.java:setRaftConf(387)) - 0f6dc6cb-fd39-4234-9fee-aa41e9cd5640@group-F37D1847179E: set configuration 25: [0f6dc6cb-fd39-4234-9fee-aa41e9cd5640|rpc:localhost:13410|admin:|client:|dataStream:|priority:0, e2ff296b-9428-40f2-9fe9-4cc07b88cea2|rpc:localhost:13400|admin:|client:|dataStream:|priority:0, b10f987c-932c-43f2-b8db-c7c3d55faa91|rpc:localhost:13420|admin:|client:|dataStream:|priority:0], old=[0f6dc6cb-fd39-4234-9fee-aa41e9cd5640|rpc:localhost:13410|admin:|client:|dataStream:|priority:0, e2ff296b-9428-40f2-9fe9-4cc07b88cea2|rpc:localhost:13400|admin:|client:|dataStream:|priority:0]
2021-11-30 13:17:40,402 [grpc-default-executor-3] INFO  server.RaftServer$Division (ServerState.java:setRaftConf(387)) - b10f987c-932c-43f2-b8db-c7c3d55faa91@group-F37D1847179E: set configuration 25: [0f6dc6cb-fd39-4234-9fee-aa41e9cd5640|rpc:localhost:13410|admin:|client:|dataStream:|priority:0, e2ff296b-9428-40f2-9fe9-4cc07b88cea2|rpc:localhost:13400|admin:|client:|dataStream:|priority:0, b10f987c-932c-43f2-b8db-c7c3d55faa91|rpc:localhost:13420|admin:|client:|dataStream:|priority:0], old=[0f6dc6cb-fd39-4234-9fee-aa41e9cd5640|rpc:localhost:13410|admin:|client:|dataStream:|priority:0, e2ff296b-9428-40f2-9fe9-4cc07b88cea2|rpc:localhost:13400|admin:|client:|dataStream:|priority:0]
2021-11-30 13:17:40,402 [grpc-default-executor-3] INFO  segmented.SegmentedRaftLogWorker (SegmentedRaftLogWorker.java:startLogSegment(394)) - b10f987c-932c-43f2-b8db-c7c3d55faa91@group-F37D1847179E-SegmentedRaftLogWorker: Starting segment from index:25
2021-11-30 13:17:40,411 [b10f987c-932c-43f2-b8db-c7c3d55faa91@group-F37D1847179E-SegmentedRaftLogWorker] INFO  segmented.SegmentedRaftLogWorker (SegmentedRaftLogWorker.java:execute(601)) - b10f987c-932c-43f2-b8db-c7c3d55faa91@group-F37D1847179E-SegmentedRaftLogWorker: created new log segment /home/runner/work/ozone/ozone/hadoop-ozone/integration-test/target/test-dir/MiniOzoneClusterImpl-00f7fd44-dd00-490d-8842-f37d1847179e/scmNode-3/scm-ha/00f7fd44-dd00-490d-8842-f37d1847179e/current/log_inprogress_25
2021-11-30 13:17:40,413 [e2ff296b-9428-40f2-9fe9-4cc07b88cea2@group-F37D1847179E-StateMachineUpdater] INFO  ha.SCMStateMachine (SCMStateMachine.java:takeSnapshot(297)) - Current Snapshot Index 25, takeSnapshot took 0 ms
2021-11-30 13:17:40,413 [e2ff296b-9428-40f2-9fe9-4cc07b88cea2@group-F37D1847179E-StateMachineUpdater] INFO  impl.StateMachineUpdater (StateMachineUpdater.java:takeSnapshot(281)) - e2ff296b-9428-40f2-9fe9-4cc07b88cea2@group-F37D1847179E-StateMachineUpdater: Took a snapshot at index 25
2021-11-30 13:17:40,413 [e2ff296b-9428-40f2-9fe9-4cc07b88cea2@group-F37D1847179E-StateMachineUpdater] INFO  impl.StateMachineUpdater (StateMachineUpdater.java:lambda$new$0(89)) - e2ff296b-9428-40f2-9fe9-4cc07b88cea2@group-F37D1847179E-StateMachineUpdater: snapshotIndex: updateIncreasingly 20 -> 25
2021-11-30 13:17:40,413 [e2ff296b-9428-40f2-9fe9-4cc07b88cea2@group-F37D1847179E-StateMachineUpdater] INFO  raftlog.RaftLog (RaftLogBase.java:purge(306)) - e2ff296b-9428-40f2-9fe9-4cc07b88cea2@group-F37D1847179E-SegmentedRaftLog: purge 25
2021-11-30 13:17:40,413 [e2ff296b-9428-40f2-9fe9-4cc07b88cea2@group-F37D1847179E-StateMachineUpdater] INFO  raftlog.RaftLog (RaftLogBase.java:lambda$new$0(53)) - e2ff296b-9428-40f2-9fe9-4cc07b88cea2@group-F37D1847179E-SegmentedRaftLog: snapshotIndex: updateIncreasingly 20 -> 25
2021-11-30 13:17:40,413 [e2ff296b-9428-40f2-9fe9-4cc07b88cea2@group-F37D1847179E-StateMachineUpdater] INFO  raftlog.RaftLog (RaftLogBase.java:lambda$new$0(53)) - e2ff296b-9428-40f2-9fe9-4cc07b88cea2@group-F37D1847179E-SegmentedRaftLog: purgeIndex: updateToMax old=20, new=25, updated? true
2021-11-30 13:17:40,419 [e2ff296b-9428-40f2-9fe9-4cc07b88cea2@group-F37D1847179E-LeaderStateImpl] INFO  server.RaftServer$Division (ServerState.java:setRaftConf(387)) - e2ff296b-9428-40f2-9fe9-4cc07b88cea2@group-F37D1847179E: set configuration 27: [0f6dc6cb-fd39-4234-9fee-aa41e9cd5640|rpc:localhost:13410|priority:0, e2ff296b-9428-40f2-9fe9-4cc07b88cea2|rpc:localhost:13400|admin:|client:|dataStream:|priority:0, b10f987c-932c-43f2-b8db-c7c3d55faa91|rpc:localhost:13420|priority:0], old=null
2021-11-30 13:17:40,421 [grpc-default-executor-2] INFO  server.RaftServer$Division (ServerState.java:setRaftConf(387)) - b10f987c-932c-43f2-b8db-c7c3d55faa91@group-F37D1847179E: set configuration 27: [0f6dc6cb-fd39-4234-9fee-aa41e9cd5640|rpc:localhost:13410|admin:|client:|dataStream:|priority:0, e2ff296b-9428-40f2-9fe9-4cc07b88cea2|rpc:localhost:13400|admin:|client:|dataStream:|priority:0, b10f987c-932c-43f2-b8db-c7c3d55faa91|rpc:localhost:13420|admin:|client:|dataStream:|priority:0], old=null
2021-11-30 13:17:40,428 [grpc-default-executor-3] INFO  server.RaftServer$Division (ServerState.java:setRaftConf(387)) - 0f6dc6cb-fd39-4234-9fee-aa41e9cd5640@group-F37D1847179E: set configuration 27: [0f6dc6cb-fd39-4234-9fee-aa41e9cd5640|rpc:localhost:13410|admin:|client:|dataStream:|priority:0, e2ff296b-9428-40f2-9fe9-4cc07b88cea2|rpc:localhost:13400|admin:|client:|dataStream:|priority:0, b10f987c-932c-43f2-b8db-c7c3d55faa91|rpc:localhost:13420|admin:|client:|dataStream:|priority:0], old=null
2021-11-30 13:17:40,433 [IPC Server handler 6 on default port 13402] INFO  ha.SCMRatisServerImpl (SCMRatisServerImpl.java:addSCM(302)) - Successfully added new SCM: b10f987c-932c-43f2-b8db-c7c3d55faa91.
2021-11-30 13:17:40,434 [Listener at 127.0.0.1/10012] INFO  ha.SCMHAManagerImpl (SCMHAManagerImpl.java:start(116)) - Successfully added SCM scmNode-3 to group group-F37D1847179E:[0f6dc6cb-fd39-4234-9fee-aa41e9cd5640|rpc:localhost:13410|admin:|client:|dataStream:|priority:0, e2ff296b-9428-40f2-9fe9-4cc07b88cea2|rpc:localhost:13400|admin:|client:|dataStream:|priority:0, b10f987c-932c-43f2-b8db-c7c3d55faa91|rpc:localhost:13420|admin:|client:|dataStream:|priority:0]
2021-11-30 13:17:40,434 [Listener at 127.0.0.1/10012] INFO  ha.InterSCMGrpcService (InterSCMGrpcProtocolService.java:start(94)) - Starting SCM Grpc Service at port 13424
2021-11-30 13:17:40,435 [Listener at 127.0.0.1/10012] INFO  impl.MetricsSystemImpl (MetricsSystemImpl.java:init(158)) - StorageContainerManager metrics system started (again)
2021-11-30 13:17:40,463 [b10f987c-932c-43f2-b8db-c7c3d55faa91@group-F37D1847179E-StateMachineUpdater] INFO  safemode.HealthyPipelineSafeModeRule (HealthyPipelineSafeModeRule.java:initializeRule(152)) - Refreshed total pipeline count is 1, healthy pipeline threshold count is 1
2021-11-30 13:17:40,464 [b10f987c-932c-43f2-b8db-c7c3d55faa91@group-F37D1847179E-StateMachineUpdater] INFO  safemode.ContainerSafeModeRule (ContainerSafeModeRule.java:reInitializeRule(177)) - Refreshed one replica container threshold 0, currentThreshold 0
2021-11-30 13:17:40,464 [b10f987c-932c-43f2-b8db-c7c3d55faa91@group-F37D1847179E-StateMachineUpdater] INFO  safemode.OneReplicaPipelineSafeModeRule (OneReplicaPipelineSafeModeRule.java:initializeRule(176)) - Refreshed Total pipeline count is 1, pipeline's with at least one datanode reported threshold count is 1
2021-11-30 13:17:40,464 [b10f987c-932c-43f2-b8db-c7c3d55faa91@group-F37D1847179E-StateMachineUpdater] INFO  server.SCMDatanodeProtocolServer (SCMDatanodeProtocolServer.java:start(181)) - RPC server for DataNodes is listening at /0.0.0.0:13421
2021-11-30 13:17:40,470 [IPC Server listener on 13421] INFO  ipc.Server (Server.java:run(1344)) - IPC Server listener on 13421: starting
2021-11-30 13:17:40,473 [EndpointStateMachine task thread for /127.0.0.1:13685 - 0 ] INFO  ipc.Client (Client.java:handleConnectionFailure(977)) - Retrying connect to server: localhost/127.0.0.1:13685. Already tried 12 time(s); retry policy is RetryUpToMaximumCountWithFixedSleep(maxRetries=15, sleepTime=1000 MILLISECONDS)
2021-11-30 13:17:40,474 [IPC Server handler 0 on default port 13421] INFO  ipc.Server (Server.java:run(1026)) - IPC Server handler 0 on default port 13421: skipped Call#213 Retry#0 org.apache.hadoop.ozone.protocol.StorageContainerDatanodeProtocol.submitRequest from 127.0.0.1:39424
2021-11-30 13:17:40,474 [IPC Server handler 0 on default port 13421] INFO  ipc.Server (Server.java:run(1026)) - IPC Server handler 0 on default port 13421: skipped Call#216 Retry#0 org.apache.hadoop.ozone.protocol.StorageContainerDatanodeProtocol.submitRequest from 127.0.0.1:39424
2021-11-30 13:17:40,474 [IPC Server handler 0 on default port 13421] INFO  ipc.Server (Server.java:run(1026)) - IPC Server handler 0 on default port 13421: skipped Call#236 Retry#0 org.apache.hadoop.ozone.protocol.StorageContainerDatanodeProtocol.submitRequest from 127.0.0.1:39462
2021-11-30 13:17:40,474 [EndpointStateMachine task thread for /127.0.0.1:13705 - 0 ] INFO  ipc.Client (Client.java:handleConnectionFailure(977)) - Retrying connect to server: localhost/127.0.0.1:13705. Already tried 12 time(s); retry policy is RetryUpToMaximumCountWithFixedSleep(maxRetries=15, sleepTime=1000 MILLISECONDS)
2021-11-30 13:17:40,474 [IPC Server handler 1 on default port 13421] INFO  ipc.Server (Server.java:run(1026)) - IPC Server handler 1 on default port 13421: skipped Call#283 Retry#0 org.apache.hadoop.ozone.protocol.StorageContainerDatanodeProtocol.submitRequest from 127.0.0.1:39518
2021-11-30 13:17:40,474 [IPC Server handler 1 on default port 13421] INFO  ipc.Server (Server.java:run(1026)) - IPC Server handler 1 on default port 13421: skipped Call#320 Retry#0 org.apache.hadoop.ozone.protocol.StorageContainerDatanodeProtocol.submitRequest from 127.0.0.1:39564
2021-11-30 13:17:40,474 [IPC Server handler 1 on default port 13421] INFO  ipc.Server (Server.java:run(1026)) - IPC Server handler 1 on default port 13421: skipped Call#219 Retry#0 org.apache.hadoop.ozone.protocol.StorageContainerDatanodeProtocol.submitRequest from 127.0.0.1:39424
2021-11-30 13:17:40,474 [IPC Server handler 1 on default port 13421] INFO  ipc.Server (Server.java:run(1026)) - IPC Server handler 1 on default port 13421: skipped Call#238 Retry#0 org.apache.hadoop.ozone.protocol.StorageContainerDatanodeProtocol.submitRequest from 127.0.0.1:39462
2021-11-30 13:17:40,475 [IPC Server handler 2 on default port 13421] INFO  ipc.Server (Server.java:run(1026)) - IPC Server handler 2 on default port 13421: skipped Call#284 Retry#0 org.apache.hadoop.ozone.protocol.StorageContainerDatanodeProtocol.submitRequest from 127.0.0.1:39518
2021-11-30 13:17:40,475 [IPC Server handler 2 on default port 13421] INFO  ipc.Server (Server.java:run(1026)) - IPC Server handler 2 on default port 13421: skipped Call#322 Retry#0 org.apache.hadoop.ozone.protocol.StorageContainerDatanodeProtocol.submitRequest from 127.0.0.1:39564
2021-11-30 13:17:40,475 [IPC Server handler 2 on default port 13421] INFO  ipc.Server (Server.java:run(1026)) - IPC Server handler 2 on default port 13421: skipped Call#237 Retry#0 org.apache.hadoop.ozone.protocol.StorageContainerDatanodeProtocol.submitRequest from 127.0.0.1:39462
2021-11-30 13:17:40,475 [IPC Server handler 3 on default port 13421] INFO  ipc.Server (Server.java:run(1026)) - IPC Server handler 3 on default port 13421: skipped Call#285 Retry#0 org.apache.hadoop.ozone.protocol.StorageContainerDatanodeProtocol.submitRequest from 127.0.0.1:39518
2021-11-30 13:17:40,475 [IPC Server handler 3 on default port 13421] INFO  ipc.Server (Server.java:run(1026)) - IPC Server handler 3 on default port 13421: skipped Call#321 Retry#0 org.apache.hadoop.ozone.protocol.StorageContainerDatanodeProtocol.submitRequest from 127.0.0.1:39564
2021-11-30 13:17:40,476 [IPC Server Responder] INFO  ipc.Server (Server.java:run(1507)) - IPC Server Responder: starting
2021-11-30 13:17:40,477 [EndpointStateMachine task thread for /127.0.0.1:13421 - 0 ] INFO  ozoneimpl.OzoneContainer (OzoneContainer.java:start(300)) - Ignore. OzoneContainer already started.
2021-11-30 13:17:40,477 [Listener at 127.0.0.1/10012] INFO  server.SCMClientProtocolServer (SCMClientProtocolServer.java:start(164)) - RPC server for Client  is listening at /0.0.0.0:13423
2021-11-30 13:17:40,477 [IPC Server Responder] INFO  ipc.Server (Server.java:run(1507)) - IPC Server Responder: starting
2021-11-30 13:17:40,477 [IPC Server listener on 13423] INFO  ipc.Server (Server.java:run(1344)) - IPC Server listener on 13423: starting
2021-11-30 13:17:40,479 [Listener at 127.0.0.1/10012] INFO  server.StorageContainerManager (StorageContainerManager.java:start(1318)) - ScmBlockLocationProtocol RPC server is listening at /0.0.0.0:13422
2021-11-30 13:17:40,479 [Listener at 127.0.0.1/10012] INFO  server.SCMBlockProtocolServer (SCMBlockProtocolServer.java:start(151)) - RPC server for Block Protocol is listening at /0.0.0.0:13422
2021-11-30 13:17:40,479 [IPC Server Responder] INFO  ipc.Server (Server.java:run(1507)) - IPC Server Responder: starting
2021-11-30 13:17:40,480 [IPC Server listener on 13422] INFO  ipc.Server (Server.java:run(1344)) - IPC Server listener on 13422: starting
2021-11-30 13:17:40,492 [EndpointStateMachine task thread for /127.0.0.1:13421 - 0 ] INFO  ozoneimpl.OzoneContainer (OzoneContainer.java:start(300)) - Ignore. OzoneContainer already started.
2021-11-30 13:17:40,492 [EndpointStateMachine task thread for /127.0.0.1:13421 - 0 ] INFO  ozoneimpl.OzoneContainer (OzoneContainer.java:start(300)) - Ignore. OzoneContainer already started.
2021-11-30 13:17:40,496 [EndpointStateMachine task thread for /127.0.0.1:13695 - 0 ] INFO  ipc.Client (Client.java:handleConnectionFailure(977)) - Retrying connect to server: localhost/127.0.0.1:13695. Already tried 12 time(s); retry policy is RetryUpToMaximumCountWithFixedSleep(maxRetries=15, sleepTime=1000 MILLISECONDS)
2021-11-30 13:17:40,504 [Listener at 127.0.0.1/10012] INFO  server.StorageContainerManager (StorageContainerManager.java:start(1324)) - ScmDatanodeProtocl RPC server is listening at /0.0.0.0:13421
2021-11-30 13:17:40,507 [Listener at 127.0.0.1/10012] INFO  http.BaseHttpServer (BaseHttpServer.java:newHttpServer2BuilderForOzone(209)) - Starting Web-server for scm at: http://0.0.0.0:13418
2021-11-30 13:17:40,508 [Listener at 127.0.0.1/10012] INFO  http.BaseHttpServer (BaseHttpServer.java:<init>(107)) - Hadoop Security Enabled: false Ozone Security Enabled: false Ozone HTTP Security Enabled: false 
2021-11-30 13:17:40,509 [Listener at 127.0.0.1/10012] INFO  server.AuthenticationFilter (AuthenticationFilter.java:constructSecretProvider(240)) - Unable to initialize FileSignerSecretProvider, falling back to use random secrets.
2021-11-30 13:17:40,510 [Listener at 127.0.0.1/10012] WARN  http.HttpRequestLog (HttpRequestLog.java:getRequestLog(103)) - Jetty request log can only be enabled using Log4j
2021-11-30 13:17:40,511 [Listener at 127.0.0.1/10012] INFO  http.HttpServer2 (HttpServer2.java:addGlobalFilter(1030)) - Added global filter 'safety' (class=org.apache.hadoop.hdds.server.http.HttpServer2$QuotingInputFilter)
2021-11-30 13:17:40,512 [Listener at 127.0.0.1/10012] INFO  http.HttpServer2 (HttpServer2.java:addFilter(1006)) - Added filter static_user_filter (class=org.apache.hadoop.http.lib.StaticUserWebFilter$StaticUserFilter) to context scm
2021-11-30 13:17:40,512 [Listener at 127.0.0.1/10012] INFO  http.HttpServer2 (HttpServer2.java:addFilter(1014)) - Added filter static_user_filter (class=org.apache.hadoop.http.lib.StaticUserWebFilter$StaticUserFilter) to context logs
2021-11-30 13:17:40,512 [Listener at 127.0.0.1/10012] INFO  http.HttpServer2 (HttpServer2.java:addFilter(1014)) - Added filter static_user_filter (class=org.apache.hadoop.http.lib.StaticUserWebFilter$StaticUserFilter) to context static
2021-11-30 13:17:40,512 [Listener at 127.0.0.1/10012] INFO  http.HttpServer2 (HttpServer2.java:bindListener(1249)) - Jetty bound to port 13418
2021-11-30 13:17:40,512 [Listener at 127.0.0.1/10012] INFO  server.Server (Server.java:doStart(375)) - jetty-9.4.43.v20210629; built: 2021-06-30T11:07:22.254Z; git: 526006ecfa3af7f1a27ef3a288e2bef7ea9dd7e8; jvm 1.8.0_292-b10
2021-11-30 13:17:40,516 [Listener at 127.0.0.1/10012] INFO  server.session (DefaultSessionIdManager.java:doStart(334)) - DefaultSessionIdManager workerName=node0
2021-11-30 13:17:40,516 [Listener at 127.0.0.1/10012] INFO  server.session (DefaultSessionIdManager.java:doStart(339)) - No SessionScavenger set, using defaults
2021-11-30 13:17:40,516 [Listener at 127.0.0.1/10012] INFO  server.session (HouseKeeper.java:startScavenging(132)) - node0 Scavenging every 660000ms
2021-11-30 13:17:40,517 [Listener at 127.0.0.1/10012] INFO  handler.ContextHandler (ContextHandler.java:doStart(915)) - Started o.e.j.s.ServletContextHandler@121e3c62{logs,/logs,file:///home/runner/work/ozone/ozone/hadoop-ozone/integration-test/target/log,AVAILABLE}
2021-11-30 13:17:40,517 [Listener at 127.0.0.1/10012] INFO  handler.ContextHandler (ContextHandler.java:doStart(915)) - Started o.e.j.s.ServletContextHandler@14d7d1a8{static,/static,file:///home/runner/work/ozone/ozone/hadoop-ozone/integration-test/target/test-classes/webapps/static,AVAILABLE}
2021-11-30 13:17:40,518 [org.apache.hadoop.util.JvmPauseMonitor$Monitor@4d9fedfa] INFO  util.JvmPauseMonitor (JvmPauseMonitor.java:run(188)) - Starting JVM pause monitor
2021-11-30 13:17:40,521 [Listener at 127.0.0.1/10012] INFO  handler.ContextHandler (ContextHandler.java:doStart(915)) - Started o.e.j.w.WebAppContext@46af3131{scm,/,file:///home/runner/work/ozone/ozone/hadoop-ozone/integration-test/target/test-classes/webapps/scm/,AVAILABLE}{file:/home/runner/work/ozone/ozone/hadoop-ozone/integration-test/target/test-classes/webapps/scm}
2021-11-30 13:17:40,522 [Listener at 127.0.0.1/10012] INFO  server.AbstractConnector (AbstractConnector.java:doStart(331)) - Started ServerConnector@41db4a32{HTTP/1.1, (http/1.1)}{0.0.0.0:13418}
2021-11-30 13:17:40,522 [Listener at 127.0.0.1/10012] INFO  server.Server (Server.java:doStart(415)) - Started @108368ms
2021-11-30 13:17:40,522 [Listener at 127.0.0.1/10012] WARN  impl.MetricsSystemImpl (MetricsSystemImpl.java:register(279)) - Sink prometheus already exists!
2021-11-30 13:17:40,523 [Listener at 127.0.0.1/10012] INFO  http.BaseHttpServer (BaseHttpServer.java:updateConnectorAddress(329)) - HTTP server of scm listening at http://0.0.0.0:13418
2021-11-30 13:17:40,523 [Listener at 127.0.0.1/10012] INFO  safemode.SCMSafeModeManager (SCMSafeModeManager.java:exitSafeMode(248)) - SCM exiting safe mode.
2021-11-30 13:17:40,523 [Listener at 127.0.0.1/10012] WARN  events.EventQueue (EventQueue.java:fireEvent(194)) - No event handler registered for event TypedEvent{payloadType=SafeModeStatus, name='Safe mode status'}
2021-11-30 13:17:40,523 [Listener at 127.0.0.1/10012] INFO  ha.SCMContext (SCMContext.java:updateSafeModeStatus(205)) - Update SafeModeStatus from SafeModeStatus{safeModeStatus=true, preCheckPassed=false} to SafeModeStatus{safeModeStatus=false, preCheckPassed=true}.
2021-11-30 13:17:40,529 [Listener at 127.0.0.1/10012] INFO  db.RDBCheckpointManager (RDBCheckpointManager.java:createCheckpoint(86)) - Created checkpoint at /home/runner/work/ozone/ozone/hadoop-ozone/integration-test/target/test-dir/MiniOzoneClusterImpl-00f7fd44-dd00-490d-8842-f37d1847179e/scmNode-1/db.checkpoints/scm.db_checkpoint_1638278260523 in 6 milliseconds
2021-11-30 13:17:40,532 [2e564fa8-312b-4913-8140-cec84c445c17@group-0B6D4AAB114F-FollowerState] INFO  impl.FollowerState (FollowerState.java:run(134)) - 2e564fa8-312b-4913-8140-cec84c445c17@group-0B6D4AAB114F-FollowerState: change to CANDIDATE, lastRpcElapsedTime:5042548879ns, electionTimeout:5028ms
2021-11-30 13:17:40,532 [2e564fa8-312b-4913-8140-cec84c445c17@group-0B6D4AAB114F-FollowerState] INFO  impl.RoleInfo (RoleInfo.java:shutdownFollowerState(108)) - 2e564fa8-312b-4913-8140-cec84c445c17: shutdown 2e564fa8-312b-4913-8140-cec84c445c17@group-0B6D4AAB114F-FollowerState
2021-11-30 13:17:40,532 [2e564fa8-312b-4913-8140-cec84c445c17@group-0B6D4AAB114F-FollowerState] INFO  server.RaftServer$Division (RaftServerImpl.java:setRole(290)) - 2e564fa8-312b-4913-8140-cec84c445c17@group-0B6D4AAB114F: changes role from  FOLLOWER to CANDIDATE at term 2 for changeToCandidate
2021-11-30 13:17:40,532 [2e564fa8-312b-4913-8140-cec84c445c17@group-0B6D4AAB114F-FollowerState] INFO  server.RaftServerConfigKeys (ConfUtils.java:logGet(44)) - raft.server.leaderelection.pre-vote = false (custom)
2021-11-30 13:17:40,532 [2e564fa8-312b-4913-8140-cec84c445c17@group-0B6D4AAB114F-FollowerState] INFO  impl.RoleInfo (RoleInfo.java:updateAndGet(130)) - 2e564fa8-312b-4913-8140-cec84c445c17: start 2e564fa8-312b-4913-8140-cec84c445c17@group-0B6D4AAB114F-LeaderElection25
2021-11-30 13:17:40,545 [2e564fa8-312b-4913-8140-cec84c445c17@group-0B6D4AAB114F-LeaderElection25] INFO  impl.LeaderElection (LeaderElection.java:askForVotes(306)) - 2e564fa8-312b-4913-8140-cec84c445c17@group-0B6D4AAB114F-LeaderElection25 ELECTION round 0: submit vote requests at term 3 for -1: [d98c3e5c-49fa-4679-a7d6-b0bafe1f3c0f|rpc:127.0.0.1:42503|dataStream:|priority:0, b8a6b2ba-922b-4f06-aab5-ca74535011cb|rpc:127.0.0.1:33201|dataStream:|priority:0, 2e564fa8-312b-4913-8140-cec84c445c17|rpc:127.0.0.1:37125|dataStream:|priority:1], old=null
2021-11-30 13:17:40,560 [grpc-default-executor-2] INFO  server.RaftServer$Division (RaftServerImpl.java:requestVote(1046)) - d98c3e5c-49fa-4679-a7d6-b0bafe1f3c0f@group-0B6D4AAB114F: receive requestVote(ELECTION, 2e564fa8-312b-4913-8140-cec84c445c17, group-0B6D4AAB114F, 3, (t:0, i:0))
2021-11-30 13:17:40,560 [grpc-default-executor-2] INFO  impl.VoteContext (VoteContext.java:log(48)) - d98c3e5c-49fa-4679-a7d6-b0bafe1f3c0f@group-0B6D4AAB114F-FOLLOWER: accept ELECTION from 2e564fa8-312b-4913-8140-cec84c445c17: our priority 0 <= candidate's priority 1
2021-11-30 13:17:40,560 [grpc-default-executor-2] INFO  server.RaftServer$Division (RaftServerImpl.java:setRole(290)) - d98c3e5c-49fa-4679-a7d6-b0bafe1f3c0f@group-0B6D4AAB114F: changes role from  FOLLOWER to FOLLOWER at term 3 for candidate:2e564fa8-312b-4913-8140-cec84c445c17
2021-11-30 13:17:40,560 [grpc-default-executor-2] INFO  impl.RoleInfo (RoleInfo.java:shutdownFollowerState(108)) - d98c3e5c-49fa-4679-a7d6-b0bafe1f3c0f: shutdown d98c3e5c-49fa-4679-a7d6-b0bafe1f3c0f@group-0B6D4AAB114F-FollowerState
2021-11-30 13:17:40,560 [grpc-default-executor-2] INFO  impl.RoleInfo (RoleInfo.java:updateAndGet(130)) - d98c3e5c-49fa-4679-a7d6-b0bafe1f3c0f: start d98c3e5c-49fa-4679-a7d6-b0bafe1f3c0f@group-0B6D4AAB114F-FollowerState
2021-11-30 13:17:40,560 [d98c3e5c-49fa-4679-a7d6-b0bafe1f3c0f@group-0B6D4AAB114F-FollowerState] INFO  impl.FollowerState (FollowerState.java:run(143)) - d98c3e5c-49fa-4679-a7d6-b0bafe1f3c0f@group-0B6D4AAB114F-FollowerState was interrupted: {}
java.lang.InterruptedException: sleep interrupted
	at java.lang.Thread.sleep(Native Method)
	at java.lang.Thread.sleep(Thread.java:340)
	at java.util.concurrent.TimeUnit.sleep(TimeUnit.java:386)
	at org.apache.ratis.util.TimeDuration.sleep(TimeDuration.java:324)
	at org.apache.ratis.util.TimeDuration.sleep(TimeDuration.java:309)
	at org.apache.ratis.server.impl.FollowerState.run(FollowerState.java:118)
2021-11-30 13:17:40,565 [grpc-default-executor-2] INFO  server.RaftServer$Division (RaftServerImpl.java:requestVote(1078)) - d98c3e5c-49fa-4679-a7d6-b0bafe1f3c0f@group-0B6D4AAB114F replies to ELECTION vote request: 2e564fa8-312b-4913-8140-cec84c445c17<-d98c3e5c-49fa-4679-a7d6-b0bafe1f3c0f#0:OK-t3. Peer's state: d98c3e5c-49fa-4679-a7d6-b0bafe1f3c0f@group-0B6D4AAB114F:t3, leader=null, voted=2e564fa8-312b-4913-8140-cec84c445c17, raftlog=d98c3e5c-49fa-4679-a7d6-b0bafe1f3c0f@group-0B6D4AAB114F-SegmentedRaftLog:OPENED:c-1, conf=-1: [d98c3e5c-49fa-4679-a7d6-b0bafe1f3c0f|rpc:127.0.0.1:42503|priority:0, b8a6b2ba-922b-4f06-aab5-ca74535011cb|rpc:127.0.0.1:33201|priority:0, 2e564fa8-312b-4913-8140-cec84c445c17|rpc:127.0.0.1:37125|priority:1], old=null
2021-11-30 13:17:40,565 [2e564fa8-312b-4913-8140-cec84c445c17@group-0B6D4AAB114F-LeaderElection25] INFO  impl.LeaderElection (LeaderElection.java:logAndReturn(89)) - 2e564fa8-312b-4913-8140-cec84c445c17@group-0B6D4AAB114F-LeaderElection25: ELECTION PASSED received 1 response(s) and 0 exception(s):
2021-11-30 13:17:40,565 [2e564fa8-312b-4913-8140-cec84c445c17@group-0B6D4AAB114F-LeaderElection25] INFO  impl.LeaderElection (LeaderElection.java:logAndReturn(93)) -   Response 0: 2e564fa8-312b-4913-8140-cec84c445c17<-d98c3e5c-49fa-4679-a7d6-b0bafe1f3c0f#0:OK-t3
2021-11-30 13:17:40,565 [2e564fa8-312b-4913-8140-cec84c445c17@group-0B6D4AAB114F-LeaderElection25] INFO  impl.LeaderElection (LeaderElection.java:askForVotes(308)) - 2e564fa8-312b-4913-8140-cec84c445c17@group-0B6D4AAB114F-LeaderElection25 ELECTION round 0: result PASSED
2021-11-30 13:17:40,565 [2e564fa8-312b-4913-8140-cec84c445c17@group-0B6D4AAB114F-LeaderElection25] INFO  impl.RoleInfo (RoleInfo.java:shutdownLeaderElection(121)) - 2e564fa8-312b-4913-8140-cec84c445c17: shutdown 2e564fa8-312b-4913-8140-cec84c445c17@group-0B6D4AAB114F-LeaderElection25
2021-11-30 13:17:40,565 [2e564fa8-312b-4913-8140-cec84c445c17@group-0B6D4AAB114F-LeaderElection25] INFO  server.RaftServer$Division (RaftServerImpl.java:setRole(290)) - 2e564fa8-312b-4913-8140-cec84c445c17@group-0B6D4AAB114F: changes role from CANDIDATE to LEADER at term 3 for changeToLeader
2021-11-30 13:17:40,566 [2e564fa8-312b-4913-8140-cec84c445c17@group-0B6D4AAB114F-LeaderElection25] INFO  ratis.XceiverServerRatis (XceiverServerRatis.java:handleLeaderChangedNotification(866)) - Leader change notification received for group: group-0B6D4AAB114F with new leaderId: 2e564fa8-312b-4913-8140-cec84c445c17
2021-11-30 13:17:40,566 [2e564fa8-312b-4913-8140-cec84c445c17@group-0B6D4AAB114F-LeaderElection25] INFO  server.RaftServer$Division (ServerState.java:setLeader(285)) - 2e564fa8-312b-4913-8140-cec84c445c17@group-0B6D4AAB114F: change Leader from null to 2e564fa8-312b-4913-8140-cec84c445c17 at term 3 for becomeLeader, leader elected after 15346ms
2021-11-30 13:17:40,566 [2e564fa8-312b-4913-8140-cec84c445c17@group-0B6D4AAB114F-LeaderElection25] INFO  server.RaftServerConfigKeys (ConfUtils.java:logGet(44)) - raft.server.staging.catchup.gap = 1000 (default)
2021-11-30 13:17:40,566 [2e564fa8-312b-4913-8140-cec84c445c17@group-0B6D4AAB114F-LeaderElection25] INFO  server.RaftServerConfigKeys (ConfUtils.java:logGet(44)) - raft.server.write.element-limit = 1024 (custom)
2021-11-30 13:17:40,566 [2e564fa8-312b-4913-8140-cec84c445c17@group-0B6D4AAB114F-LeaderElection25] INFO  server.RaftServerConfigKeys (ConfUtils.java:logGet(44)) - raft.server.write.byte-limit = 1024 M (=1073741824) (custom)
2021-11-30 13:17:40,566 [2e564fa8-312b-4913-8140-cec84c445c17@group-0B6D4AAB114F-LeaderElection25] INFO  server.RaftServerConfigKeys (ConfUtils.java:logGet(44)) - raft.server.watch.timeout = 180s (custom)
2021-11-30 13:17:40,566 [2e564fa8-312b-4913-8140-cec84c445c17@group-0B6D4AAB114F-LeaderElection25] INFO  server.RaftServerConfigKeys (ConfUtils.java:logGet(44)) - raft.server.watch.timeout.denomination = 1s (default)
2021-11-30 13:17:40,566 [2e564fa8-312b-4913-8140-cec84c445c17@group-0B6D4AAB114F-LeaderElection25] INFO  server.RaftServerConfigKeys (ConfUtils.java:logGet(44)) - raft.server.watch.element-limit = 65536 (default)
2021-11-30 13:17:40,566 [2e564fa8-312b-4913-8140-cec84c445c17@group-0B6D4AAB114F-LeaderElection25] INFO  server.RaftServerConfigKeys (ConfUtils.java:logGet(44)) - raft.server.write.element-limit = 1024 (custom)
2021-11-30 13:17:40,566 [2e564fa8-312b-4913-8140-cec84c445c17@group-0B6D4AAB114F-LeaderElection25] INFO  server.RaftServerConfigKeys (ConfUtils.java:logGet(44)) - raft.server.write.follower.gap.ratio.max = -1.0 (default)
2021-11-30 13:17:40,567 [2e564fa8-312b-4913-8140-cec84c445c17@group-0B6D4AAB114F-LeaderElection25] INFO  server.RaftServerConfigKeys (ConfUtils.java:logGet(44)) - raft.server.log.appender.snapshot.chunk.size.max = 16MB (=16777216) (default)
2021-11-30 13:17:40,567 [2e564fa8-312b-4913-8140-cec84c445c17@group-0B6D4AAB114F-LeaderElection25] INFO  server.RaftServerConfigKeys (ConfUtils.java:logGet(44)) - raft.server.log.appender.buffer.byte-limit = 33554432 (custom)
2021-11-30 13:17:40,567 [2e564fa8-312b-4913-8140-cec84c445c17@group-0B6D4AAB114F-LeaderElection25] INFO  server.RaftServerConfigKeys (ConfUtils.java:logGet(44)) - raft.server.log.appender.buffer.element-limit = 1 (custom)
2021-11-30 13:17:40,567 [2e564fa8-312b-4913-8140-cec84c445c17@group-0B6D4AAB114F-LeaderElection25] INFO  grpc.GrpcConfigKeys (ConfUtils.java:logGet(44)) - raft.grpc.server.leader.outstanding.appends.max = 128 (default)
2021-11-30 13:17:40,567 [2e564fa8-312b-4913-8140-cec84c445c17@group-0B6D4AAB114F-LeaderElection25] INFO  server.RaftServerConfigKeys (ConfUtils.java:logGet(44)) - raft.server.rpc.request.timeout = 60s (custom)
2021-11-30 13:17:40,567 [2e564fa8-312b-4913-8140-cec84c445c17@group-0B6D4AAB114F-LeaderElection25] INFO  server.RaftServerConfigKeys (ConfUtils.java:logGet(44)) - raft.server.log.appender.install.snapshot.enabled = false (custom)
2021-11-30 13:17:40,573 [EventQueue-PipelineReportForPipelineReportHandler] INFO  pipeline.PipelineManagerImpl (PipelineManagerImpl.java:openPipeline(289)) - Pipeline Pipeline[ Id: 269ccda0-2374-4b33-a16a-0b6d4aab114f, Nodes: b8a6b2ba-922b-4f06-aab5-ca74535011cb{ip: 127.0.0.1, host: localhost, ports: [REPLICATION=46553, RATIS=33201, RATIS_ADMIN=33201, RATIS_SERVER=33201, STANDALONE=46807], networkLocation: /default-rack, certSerialId: null, persistedOpState: IN_SERVICE, persistedOpStateExpiryEpochSec: 0}2e564fa8-312b-4913-8140-cec84c445c17{ip: 127.0.0.1, host: localhost, ports: [REPLICATION=43161, RATIS=37125, RATIS_ADMIN=37125, RATIS_SERVER=37125, STANDALONE=43881], networkLocation: /default-rack, certSerialId: null, persistedOpState: IN_SERVICE, persistedOpStateExpiryEpochSec: 0}d98c3e5c-49fa-4679-a7d6-b0bafe1f3c0f{ip: 127.0.0.1, host: localhost, ports: [REPLICATION=39357, RATIS=42503, RATIS_ADMIN=42503, RATIS_SERVER=42503, STANDALONE=36231], networkLocation: /default-rack, certSerialId: null, persistedOpState: IN_SERVICE, persistedOpStateExpiryEpochSec: 0}, ReplicationConfig: RATIS/THREE, State:ALLOCATED, leaderId:2e564fa8-312b-4913-8140-cec84c445c17, CreationTimestamp2021-11-30T13:17:22.601Z[Etc/UTC]] moved to OPEN state
2021-11-30 13:17:40,573 [EventQueue-PipelineReportForPipelineReportHandler] INFO  ha.SCMHAInvocationHandler (SCMHAInvocationHandler.java:invokeRatis(113)) - Invoking method public abstract void org.apache.hadoop.hdds.scm.pipeline.PipelineStateManager.updatePipelineState(org.apache.hadoop.hdds.protocol.proto.HddsProtos$PipelineID,org.apache.hadoop.hdds.protocol.proto.HddsProtos$PipelineState) throws java.io.IOException on target org.apache.hadoop.hdds.scm.ha.SCMRatisServerImpl@2895a67c, cost 216.604us
2021-11-30 13:17:40,574 [EventQueue-PipelineReportForPipelineReportHandler] INFO  pipeline.PipelineManagerImpl (PipelineManagerImpl.java:openPipeline(289)) - Pipeline Pipeline[ Id: 269ccda0-2374-4b33-a16a-0b6d4aab114f, Nodes: b8a6b2ba-922b-4f06-aab5-ca74535011cb{ip: 127.0.0.1, host: localhost, ports: [REPLICATION=46553, RATIS=33201, RATIS_ADMIN=33201, RATIS_SERVER=33201, STANDALONE=46807], networkLocation: /default-rack, certSerialId: null, persistedOpState: IN_SERVICE, persistedOpStateExpiryEpochSec: 0}2e564fa8-312b-4913-8140-cec84c445c17{ip: 127.0.0.1, host: localhost, ports: [REPLICATION=43161, RATIS=37125, RATIS_ADMIN=37125, RATIS_SERVER=37125, STANDALONE=43881], networkLocation: /default-rack, certSerialId: null, persistedOpState: IN_SERVICE, persistedOpStateExpiryEpochSec: 0}d98c3e5c-49fa-4679-a7d6-b0bafe1f3c0f{ip: 127.0.0.1, host: localhost, ports: [REPLICATION=39357, RATIS=42503, RATIS_ADMIN=42503, RATIS_SERVER=42503, STANDALONE=36231], networkLocation: /default-rack, certSerialId: null, persistedOpState: IN_SERVICE, persistedOpStateExpiryEpochSec: 0}, ReplicationConfig: RATIS/THREE, State:ALLOCATED, leaderId:2e564fa8-312b-4913-8140-cec84c445c17, CreationTimestamp2021-11-30T13:17:22.601Z[Etc/UTC]] moved to OPEN state
2021-11-30 13:17:40,574 [IPC Server handler 15 on default port 13421] INFO  net.NetworkTopologyImpl (NetworkTopologyImpl.java:add(112)) - Added a new node: /default-rack/2e564fa8-312b-4913-8140-cec84c445c17
2021-11-30 13:17:40,575 [IPC Server handler 15 on default port 13421] INFO  node.SCMNodeManager (SCMNodeManager.java:register(389)) - Registered Data node : 2e564fa8-312b-4913-8140-cec84c445c17{ip: 127.0.0.1, host: localhost, ports: [REPLICATION=43161, RATIS=37125, RATIS_ADMIN=37125, RATIS_SERVER=37125, STANDALONE=43881], networkLocation: /default-rack, certSerialId: null, persistedOpState: null, persistedOpStateExpiryEpochSec: 0}
2021-11-30 13:17:40,575 [EventQueue-OpenPipelineForHealthyPipelineSafeModeRule] INFO  safemode.SCMSafeModeManager (HealthyPipelineSafeModeRule.java:process(124)) - SCM in safe mode. Healthy pipelines reported count is 0, required healthy pipeline reported count is 1
2021-11-30 13:17:40,575 [EventQueue-OpenPipelineForHealthyPipelineSafeModeRule] INFO  safemode.SCMSafeModeManager (HealthyPipelineSafeModeRule.java:process(124)) - SCM in safe mode. Healthy pipelines reported count is 1, required healthy pipeline reported count is 1
2021-11-30 13:17:40,575 [EventQueue-OpenPipelineForHealthyPipelineSafeModeRule] INFO  safemode.SCMSafeModeManager (SCMSafeModeManager.java:validateSafeModeExitRules(204)) - HealthyPipelineSafeModeRule rule is successfully validated
2021-11-30 13:17:40,575 [EventQueue-OpenPipelineForHealthyPipelineSafeModeRule] INFO  safemode.SCMSafeModeManager (SCMSafeModeManager.java:validateSafeModeExitRules(219)) - ScmSafeModeManager, all rules are successfully validated
2021-11-30 13:17:40,575 [EventQueue-OpenPipelineForHealthyPipelineSafeModeRule] INFO  safemode.SCMSafeModeManager (SCMSafeModeManager.java:exitSafeMode(248)) - SCM exiting safe mode.
2021-11-30 13:17:40,575 [EventQueue-OpenPipelineForHealthyPipelineSafeModeRule] WARN  events.EventQueue (EventQueue.java:fireEvent(194)) - No event handler registered for event TypedEvent{payloadType=SafeModeStatus, name='Safe mode status'}
2021-11-30 13:17:40,575 [EventQueue-OpenPipelineForHealthyPipelineSafeModeRule] INFO  ha.SCMContext (SCMContext.java:updateSafeModeStatus(205)) - Update SafeModeStatus from SafeModeStatus{safeModeStatus=true, preCheckPassed=true} to SafeModeStatus{safeModeStatus=false, preCheckPassed=true}.
2021-11-30 13:17:40,578 [2e564fa8-312b-4913-8140-cec84c445c17@group-0B6D4AAB114F-LeaderElection25] INFO  server.RaftServerConfigKeys (ConfUtils.java:logGet(44)) - raft.server.log.appender.snapshot.chunk.size.max = 16MB (=16777216) (default)
2021-11-30 13:17:40,578 [2e564fa8-312b-4913-8140-cec84c445c17@group-0B6D4AAB114F-LeaderElection25] INFO  server.RaftServerConfigKeys (ConfUtils.java:logGet(44)) - raft.server.log.appender.buffer.byte-limit = 33554432 (custom)
2021-11-30 13:17:40,578 [2e564fa8-312b-4913-8140-cec84c445c17@group-0B6D4AAB114F-LeaderElection25] INFO  server.RaftServerConfigKeys (ConfUtils.java:logGet(44)) - raft.server.log.appender.buffer.element-limit = 1 (custom)
2021-11-30 13:17:40,593 [grpc-default-executor-3] INFO  server.RaftServer$Division (RaftServerImpl.java:requestVote(1046)) - b8a6b2ba-922b-4f06-aab5-ca74535011cb@group-0B6D4AAB114F: receive requestVote(ELECTION, 2e564fa8-312b-4913-8140-cec84c445c17, group-0B6D4AAB114F, 3, (t:0, i:0))
2021-11-30 13:17:40,593 [grpc-default-executor-3] INFO  impl.VoteContext (VoteContext.java:log(48)) - b8a6b2ba-922b-4f06-aab5-ca74535011cb@group-0B6D4AAB114F-FOLLOWER: accept ELECTION from 2e564fa8-312b-4913-8140-cec84c445c17: our priority 0 <= candidate's priority 1
2021-11-30 13:17:40,593 [grpc-default-executor-3] INFO  server.RaftServer$Division (RaftServerImpl.java:setRole(290)) - b8a6b2ba-922b-4f06-aab5-ca74535011cb@group-0B6D4AAB114F: changes role from  FOLLOWER to FOLLOWER at term 3 for candidate:2e564fa8-312b-4913-8140-cec84c445c17
2021-11-30 13:17:40,593 [grpc-default-executor-3] INFO  impl.RoleInfo (RoleInfo.java:shutdownFollowerState(108)) - b8a6b2ba-922b-4f06-aab5-ca74535011cb: shutdown b8a6b2ba-922b-4f06-aab5-ca74535011cb@group-0B6D4AAB114F-FollowerState
2021-11-30 13:17:40,593 [grpc-default-executor-3] INFO  impl.RoleInfo (RoleInfo.java:updateAndGet(130)) - b8a6b2ba-922b-4f06-aab5-ca74535011cb: start b8a6b2ba-922b-4f06-aab5-ca74535011cb@group-0B6D4AAB114F-FollowerState
2021-11-30 13:17:40,595 [grpc-default-executor-3] INFO  server.RaftServer$Division (RaftServerImpl.java:requestVote(1078)) - b8a6b2ba-922b-4f06-aab5-ca74535011cb@group-0B6D4AAB114F replies to ELECTION vote request: 2e564fa8-312b-4913-8140-cec84c445c17<-b8a6b2ba-922b-4f06-aab5-ca74535011cb#0:OK-t3. Peer's state: b8a6b2ba-922b-4f06-aab5-ca74535011cb@group-0B6D4AAB114F:t3, leader=null, voted=2e564fa8-312b-4913-8140-cec84c445c17, raftlog=b8a6b2ba-922b-4f06-aab5-ca74535011cb@group-0B6D4AAB114F-SegmentedRaftLog:OPENED:c-1, conf=-1: [d98c3e5c-49fa-4679-a7d6-b0bafe1f3c0f|rpc:127.0.0.1:42503|priority:0, b8a6b2ba-922b-4f06-aab5-ca74535011cb|rpc:127.0.0.1:33201|priority:0, 2e564fa8-312b-4913-8140-cec84c445c17|rpc:127.0.0.1:37125|priority:1], old=null
2021-11-30 13:17:40,596 [b8a6b2ba-922b-4f06-aab5-ca74535011cb@group-0B6D4AAB114F-FollowerState] INFO  impl.FollowerState (FollowerState.java:run(143)) - b8a6b2ba-922b-4f06-aab5-ca74535011cb@group-0B6D4AAB114F-FollowerState was interrupted: {}
java.lang.InterruptedException: sleep interrupted
	at java.lang.Thread.sleep(Native Method)
	at java.lang.Thread.sleep(Thread.java:340)
	at java.util.concurrent.TimeUnit.sleep(TimeUnit.java:386)
	at org.apache.ratis.util.TimeDuration.sleep(TimeDuration.java:324)
	at org.apache.ratis.util.TimeDuration.sleep(TimeDuration.java:309)
	at org.apache.ratis.server.impl.FollowerState.run(FollowerState.java:118)
2021-11-30 13:17:40,597 [b10f987c-932c-43f2-b8db-c7c3d55faa91@group-F37D1847179E-StateMachineUpdater] ERROR impl.StateMachineUpdater (StateMachineUpdater.java:run(191)) - b10f987c-932c-43f2-b8db-c7c3d55faa91@group-F37D1847179E-StateMachineUpdater caught a Throwable.
java.lang.IllegalStateException: b10f987c-932c-43f2-b8db-c7c3d55faa91: Failed updateLastAppliedTermIndex: newTI = (t:2, i:28) < oldTI = (t:2, i:128)
	at org.apache.ratis.util.Preconditions.assertTrue(Preconditions.java:72)
	at org.apache.ratis.statemachine.impl.BaseStateMachine.updateLastAppliedTermIndex(BaseStateMachine.java:142)
	at org.apache.hadoop.hdds.scm.ha.SCMStateMachine.notifyTermIndexUpdated(SCMStateMachine.java:310)
	at org.apache.ratis.server.impl.RaftServerImpl.applyLogToStateMachine(RaftServerImpl.java:1701)
	at org.apache.ratis.server.impl.StateMachineUpdater.applyLog(StateMachineUpdater.java:234)
	at org.apache.ratis.server.impl.StateMachineUpdater.run(StateMachineUpdater.java:179)
	at java.lang.Thread.run(Thread.java:748)
2021-11-30 13:17:40,597 [b10f987c-932c-43f2-b8db-c7c3d55faa91@group-F37D1847179E-StateMachineUpdater] INFO  server.RaftServer$Division (RaftServerImpl.java:lambda$close$4(412)) - b10f987c-932c-43f2-b8db-c7c3d55faa91@group-F37D1847179E: shutdown
2021-11-30 13:17:40,597 [b10f987c-932c-43f2-b8db-c7c3d55faa91@group-F37D1847179E-StateMachineUpdater] INFO  util.JmxRegister (JmxRegister.java:unregister(73)) - Successfully un-registered JMX Bean with object name Ratis:service=RaftServer,group=group-F37D1847179E,id=b10f987c-932c-43f2-b8db-c7c3d55faa91
2021-11-30 13:17:40,597 [b10f987c-932c-43f2-b8db-c7c3d55faa91@group-F37D1847179E-StateMachineUpdater] INFO  impl.RoleInfo (RoleInfo.java:shutdownFollowerState(108)) - b10f987c-932c-43f2-b8db-c7c3d55faa91: shutdown b10f987c-932c-43f2-b8db-c7c3d55faa91@group-F37D1847179E-FollowerState
2021-11-30 13:17:40,597 [b10f987c-932c-43f2-b8db-c7c3d55faa91@group-F37D1847179E-FollowerState] INFO  impl.FollowerState (FollowerState.java:run(143)) - b10f987c-932c-43f2-b8db-c7c3d55faa91@group-F37D1847179E-FollowerState was interrupted: {}
java.lang.InterruptedException: sleep interrupted
	at java.lang.Thread.sleep(Native Method)
	at java.lang.Thread.sleep(Thread.java:340)
	at java.util.concurrent.TimeUnit.sleep(TimeUnit.java:386)
	at org.apache.ratis.util.TimeDuration.sleep(TimeDuration.java:324)
	at org.apache.ratis.util.TimeDuration.sleep(TimeDuration.java:309)
	at org.apache.ratis.server.impl.FollowerState.run(FollowerState.java:118)
2021-11-30 13:17:40,663 [e2ff296b-9428-40f2-9fe9-4cc07b88cea2@group-F37D1847179E-StateMachineUpdater] INFO  ha.SCMStateMachine (SCMStateMachine.java:takeSnapshot(297)) - Current Snapshot Index 30, takeSnapshot took 1 ms
2021-11-30 13:17:40,667 [e2ff296b-9428-40f2-9fe9-4cc07b88cea2@group-F37D1847179E-StateMachineUpdater] INFO  impl.StateMachineUpdater (StateMachineUpdater.java:takeSnapshot(281)) - e2ff296b-9428-40f2-9fe9-4cc07b88cea2@group-F37D1847179E-StateMachineUpdater: Took a snapshot at index 30
2021-11-30 13:17:40,667 [e2ff296b-9428-40f2-9fe9-4cc07b88cea2@group-F37D1847179E-StateMachineUpdater] INFO  impl.StateMachineUpdater (StateMachineUpdater.java:lambda$new$0(89)) - e2ff296b-9428-40f2-9fe9-4cc07b88cea2@group-F37D1847179E-StateMachineUpdater: snapshotIndex: updateIncreasingly 25 -> 30
2021-11-30 13:17:40,667 [e2ff296b-9428-40f2-9fe9-4cc07b88cea2@group-F37D1847179E-StateMachineUpdater] INFO  raftlog.RaftLog (RaftLogBase.java:purge(306)) - e2ff296b-9428-40f2-9fe9-4cc07b88cea2@group-F37D1847179E-SegmentedRaftLog: purge 30
2021-11-30 13:17:40,667 [e2ff296b-9428-40f2-9fe9-4cc07b88cea2@group-F37D1847179E-StateMachineUpdater] INFO  raftlog.RaftLog (RaftLogBase.java:lambda$new$0(53)) - e2ff296b-9428-40f2-9fe9-4cc07b88cea2@group-F37D1847179E-SegmentedRaftLog: snapshotIndex: updateIncreasingly 25 -> 30
2021-11-30 13:17:40,667 [e2ff296b-9428-40f2-9fe9-4cc07b88cea2@group-F37D1847179E-StateMachineUpdater] INFO  raftlog.RaftLog (RaftLogBase.java:lambda$new$0(53)) - e2ff296b-9428-40f2-9fe9-4cc07b88cea2@group-F37D1847179E-SegmentedRaftLog: purgeIndex: updateToMax old=25, new=30, updated? true
2021-11-30 13:17:40,667 [EventQueue-NewNodeForNewNodeHandler] INFO  pipeline.BackgroundPipelineCreator (BackgroundPipelineCreator.java:notifyEventTriggered(279)) - ignore, not leader SCM.
2021-11-30 13:17:40,622 [0f6dc6cb-fd39-4234-9fee-aa41e9cd5640@group-F37D1847179E-StateMachineUpdater] INFO  ha.SCMStateMachine (SCMStateMachine.java:takeSnapshot(297)) - Current Snapshot Index 28, takeSnapshot took 0 ms
2021-11-30 13:17:40,667 [0f6dc6cb-fd39-4234-9fee-aa41e9cd5640@group-F37D1847179E-StateMachineUpdater] INFO  impl.StateMachineUpdater (StateMachineUpdater.java:takeSnapshot(281)) - 0f6dc6cb-fd39-4234-9fee-aa41e9cd5640@group-F37D1847179E-StateMachineUpdater: Took a snapshot at index 28
2021-11-30 13:17:40,667 [0f6dc6cb-fd39-4234-9fee-aa41e9cd5640@group-F37D1847179E-StateMachineUpdater] INFO  impl.StateMachineUpdater (StateMachineUpdater.java:lambda$new$0(89)) - 0f6dc6cb-fd39-4234-9fee-aa41e9cd5640@group-F37D1847179E-StateMachineUpdater: snapshotIndex: updateIncreasingly 23 -> 28
2021-11-30 13:17:40,667 [0f6dc6cb-fd39-4234-9fee-aa41e9cd5640@group-F37D1847179E-StateMachineUpdater] INFO  raftlog.RaftLog (RaftLogBase.java:purge(306)) - 0f6dc6cb-fd39-4234-9fee-aa41e9cd5640@group-F37D1847179E-SegmentedRaftLog: purge 28
2021-11-30 13:17:40,667 [0f6dc6cb-fd39-4234-9fee-aa41e9cd5640@group-F37D1847179E-StateMachineUpdater] INFO  raftlog.RaftLog (RaftLogBase.java:lambda$new$0(53)) - 0f6dc6cb-fd39-4234-9fee-aa41e9cd5640@group-F37D1847179E-SegmentedRaftLog: snapshotIndex: updateIncreasingly 23 -> 28
2021-11-30 13:17:40,667 [Listener at 127.0.0.1/10012] INFO  ha.SCMHAManagerImpl (RaftLogBase.java:lambda$new$0(53)) - 0f6dc6cb-fd39-4234-9fee-aa41e9cd5640@group-F37D1847179E-SegmentedRaftLog: purgeIndex: updateToMax old=23, new=28, updated? true
2021-11-30 13:17:40,667 [Listener at 127.0.0.1/10012] INFO  ha.SCMHAManagerImpl (SCMHAManagerImpl.java:installCheckpoint(227)) - Installing checkpoint with SCMTransactionInfo 2#25
2021-11-30 13:17:40,667 [Listener at 127.0.0.1/10012] WARN  ha.SCMHAManagerImpl (SCMHAInvocationHandler.java:invokeRatis(113)) - Invoking method public abstract void org.apache.hadoop.hdds.scm.pipeline.PipelineStateManager.updatePipelineState(org.apache.hadoop.hdds.protocol.proto.HddsProtos$PipelineID,org.apache.hadoop.hdds.protocol.proto.HddsProtos$PipelineState) throws java.io.IOException on target org.apache.hadoop.hdds.scm.ha.SCMRatisServerImpl@30d17a27, cost 26854.761us
2021-11-30 13:17:40,667 [Listener at 127.0.0.1/10012] WARN  ha.SCMHAManagerImpl (SCMHAManagerImpl.java:installCheckpoint(240)) - Cannot proceed with InstallSnapshot as SCM is at TermIndex (t:2, i:28) and checkpoint has lower TermIndex (t:2, i:25). Reloading old state of SCM.
2021-11-30 13:17:40,599 [b10f987c-932c-43f2-b8db-c7c3d55faa91@group-F37D1847179E-StateMachineUpdater] INFO  server.RaftServer$Division (ServerState.java:close(419)) - b10f987c-932c-43f2-b8db-c7c3d55faa91@group-F37D1847179E: closes. applyIndex: 28
2021-11-30 13:17:40,597 [2e564fa8-312b-4913-8140-cec84c445c17@group-0B6D4AAB114F-LeaderElection25] INFO  grpc.GrpcConfigKeys (ConfUtils.java:logGet(44)) - raft.grpc.server.leader.outstanding.appends.max = 128 (default)
2021-11-30 13:17:40,676 [2e564fa8-312b-4913-8140-cec84c445c17@group-0B6D4AAB114F-LeaderElection25] INFO  server.RaftServerConfigKeys (ConfUtils.java:logGet(44)) - raft.server.rpc.request.timeout = 60s (custom)
2021-11-30 13:17:40,676 [2e564fa8-312b-4913-8140-cec84c445c17@group-0B6D4AAB114F-LeaderElection25] INFO  server.RaftServerConfigKeys (ConfUtils.java:logGet(44)) - raft.server.log.appender.install.snapshot.enabled = false (custom)
2021-11-30 13:17:40,676 [2e564fa8-312b-4913-8140-cec84c445c17@group-0B6D4AAB114F-LeaderElection25] INFO  impl.RoleInfo (RoleInfo.java:updateAndGet(130)) - 2e564fa8-312b-4913-8140-cec84c445c17: start 2e564fa8-312b-4913-8140-cec84c445c17@group-0B6D4AAB114F-LeaderStateImpl
2021-11-30 13:17:40,677 [2e564fa8-312b-4913-8140-cec84c445c17@group-0B6D4AAB114F-LeaderElection25] INFO  segmented.SegmentedRaftLogWorker (SegmentedRaftLogWorker.java:startLogSegment(394)) - 2e564fa8-312b-4913-8140-cec84c445c17@group-0B6D4AAB114F-SegmentedRaftLogWorker: Starting segment from index:0
2021-11-30 13:17:40,677 [b10f987c-932c-43f2-b8db-c7c3d55faa91@group-F37D1847179E-SegmentedRaftLogWorker] INFO  segmented.SegmentedRaftLogWorker (SegmentedRaftLogWorker.java:run(327)) - b10f987c-932c-43f2-b8db-c7c3d55faa91@group-F37D1847179E-SegmentedRaftLogWorker was interrupted, exiting. There are 0 tasks remaining in the queue.
2021-11-30 13:17:40,673 [Listener at 127.0.0.1/10012] INFO  ozone.MiniOzoneClusterImpl (MiniOzoneClusterImpl.java:shutdown(453)) - Shutting down the Mini Ozone Cluster
2021-11-30 13:17:40,677 [Listener at 127.0.0.1/10012] INFO  ozone.MiniOzoneHAClusterImpl (MiniOzoneHAClusterImpl.java:stop(316)) - Stopping the OzoneManager omNode-1
2021-11-30 13:17:40,677 [Listener at 127.0.0.1/10012] INFO  om.OzoneManager (OzoneManager.java:stop(1830)) - omNode-1[localhost:10012]: Stopping Ozone Manager
2021-11-30 13:17:40,677 [Listener at 127.0.0.1/10012] INFO  ipc.Server (Server.java:stop(3414)) - Stopping server on 10012
2021-11-30 13:17:40,678 [2e564fa8-312b-4913-8140-cec84c445c17@group-0B6D4AAB114F-SegmentedRaftLogWorker] INFO  segmented.SegmentedRaftLogWorker (SegmentedRaftLogWorker.java:execute(601)) - 2e564fa8-312b-4913-8140-cec84c445c17@group-0B6D4AAB114F-SegmentedRaftLogWorker: created new log segment /home/runner/work/ozone/ozone/hadoop-ozone/integration-test/target/test-dir/MiniOzoneClusterImpl-00f7fd44-dd00-490d-8842-f37d1847179e/datanode-2/data/ratis/269ccda0-2374-4b33-a16a-0b6d4aab114f/current/log_inprogress_0
2021-11-30 13:17:40,699 [b10f987c-932c-43f2-b8db-c7c3d55faa91@group-F37D1847179E-StateMachineUpdater] INFO  segmented.SegmentedRaftLogWorker (SegmentedRaftLogWorker.java:close(237)) - b10f987c-932c-43f2-b8db-c7c3d55faa91@group-F37D1847179E-SegmentedRaftLogWorker close()
2021-11-30 13:17:40,699 [grpc-default-executor-2] INFO  ratis.XceiverServerRatis (XceiverServerRatis.java:handleLeaderChangedNotification(866)) - Leader change notification received for group: group-0B6D4AAB114F with new leaderId: 2e564fa8-312b-4913-8140-cec84c445c17
2021-11-30 13:17:40,699 [grpc-default-executor-2] INFO  server.RaftServer$Division (ServerState.java:setLeader(285)) - b8a6b2ba-922b-4f06-aab5-ca74535011cb@group-0B6D4AAB114F: change Leader from null to 2e564fa8-312b-4913-8140-cec84c445c17 at term 3 for appendEntries, leader elected after 15566ms
2021-11-30 13:17:40,713 [2e564fa8-312b-4913-8140-cec84c445c17@group-0B6D4AAB114F-LeaderElection25] INFO  server.RaftServer$Division (ServerState.java:setRaftConf(387)) - 2e564fa8-312b-4913-8140-cec84c445c17@group-0B6D4AAB114F: set configuration 0: [d98c3e5c-49fa-4679-a7d6-b0bafe1f3c0f|rpc:127.0.0.1:42503|dataStream:|priority:0, b8a6b2ba-922b-4f06-aab5-ca74535011cb|rpc:127.0.0.1:33201|dataStream:|priority:0, 2e564fa8-312b-4913-8140-cec84c445c17|rpc:127.0.0.1:37125|dataStream:|priority:1], old=null
2021-11-30 13:17:40,723 [grpc-default-executor-2] INFO  server.RaftServer$Division (ServerState.java:setRaftConf(387)) - b8a6b2ba-922b-4f06-aab5-ca74535011cb@group-0B6D4AAB114F: set configuration 0: [d98c3e5c-49fa-4679-a7d6-b0bafe1f3c0f|rpc:127.0.0.1:42503|dataStream:|priority:0, b8a6b2ba-922b-4f06-aab5-ca74535011cb|rpc:127.0.0.1:33201|dataStream:|priority:0, 2e564fa8-312b-4913-8140-cec84c445c17|rpc:127.0.0.1:37125|dataStream:|priority:1], old=null
2021-11-30 13:17:40,724 [grpc-default-executor-2] INFO  segmented.SegmentedRaftLogWorker (SegmentedRaftLogWorker.java:startLogSegment(394)) - b8a6b2ba-922b-4f06-aab5-ca74535011cb@group-0B6D4AAB114F-SegmentedRaftLogWorker: Starting segment from index:0
2021-11-30 13:17:40,728 [grpc-default-executor-3] INFO  ratis.XceiverServerRatis (XceiverServerRatis.java:handleLeaderChangedNotification(866)) - Leader change notification received for group: group-0B6D4AAB114F with new leaderId: 2e564fa8-312b-4913-8140-cec84c445c17
2021-11-30 13:17:40,728 [grpc-default-executor-3] INFO  server.RaftServer$Division (ServerState.java:setLeader(285)) - d98c3e5c-49fa-4679-a7d6-b0bafe1f3c0f@group-0B6D4AAB114F: change Leader from null to 2e564fa8-312b-4913-8140-cec84c445c17 at term 3 for appendEntries, leader elected after 15541ms
2021-11-30 13:17:40,728 [b8a6b2ba-922b-4f06-aab5-ca74535011cb@group-0B6D4AAB114F-SegmentedRaftLogWorker] INFO  segmented.SegmentedRaftLogWorker (SegmentedRaftLogWorker.java:execute(601)) - b8a6b2ba-922b-4f06-aab5-ca74535011cb@group-0B6D4AAB114F-SegmentedRaftLogWorker: created new log segment /home/runner/work/ozone/ozone/hadoop-ozone/integration-test/target/test-dir/MiniOzoneClusterImpl-00f7fd44-dd00-490d-8842-f37d1847179e/datanode-1/data/ratis/269ccda0-2374-4b33-a16a-0b6d4aab114f/current/log_inprogress_0
2021-11-30 13:17:40,751 [IPC Server listener on 10012] INFO  ipc.Server (Server.java:run(1376)) - Stopping IPC Server listener on 10012
2021-11-30 13:17:40,752 [IPC Server Responder] INFO  ipc.Server (Server.java:run(1512)) - Stopping IPC Server Responder
2021-11-30 13:17:40,752 [grpc-default-executor-3] INFO  server.RaftServer$Division (ServerState.java:setRaftConf(387)) - d98c3e5c-49fa-4679-a7d6-b0bafe1f3c0f@group-0B6D4AAB114F: set configuration 0: [d98c3e5c-49fa-4679-a7d6-b0bafe1f3c0f|rpc:127.0.0.1:42503|dataStream:|priority:0, b8a6b2ba-922b-4f06-aab5-ca74535011cb|rpc:127.0.0.1:33201|dataStream:|priority:0, 2e564fa8-312b-4913-8140-cec84c445c17|rpc:127.0.0.1:37125|dataStream:|priority:1], old=null
2021-11-30 13:17:40,752 [grpc-default-executor-3] INFO  segmented.SegmentedRaftLogWorker (SegmentedRaftLogWorker.java:startLogSegment(394)) - d98c3e5c-49fa-4679-a7d6-b0bafe1f3c0f@group-0B6D4AAB114F-SegmentedRaftLogWorker: Starting segment from index:0
2021-11-30 13:17:40,753 [Listener at 127.0.0.1/10012] INFO  server.RaftServer (RaftServerProxy.java:lambda$close$6(391)) - omNode-1: close
2021-11-30 13:17:40,753 [Listener at 127.0.0.1/10012] INFO  server.RaftServer$Division (RaftServerImpl.java:lambda$close$4(412)) - omNode-1@group-523986131536: shutdown
2021-11-30 13:17:40,753 [Listener at 127.0.0.1/10012] INFO  util.JmxRegister (JmxRegister.java:unregister(73)) - Successfully un-registered JMX Bean with object name Ratis:service=RaftServer,group=group-523986131536,id=omNode-1
2021-11-30 13:17:40,753 [Listener at 127.0.0.1/10012] INFO  impl.RoleInfo (RoleInfo.java:shutdownLeaderState(91)) - omNode-1: shutdown omNode-1@group-523986131536-LeaderStateImpl
2021-11-30 13:17:40,753 [Listener at 127.0.0.1/10012] INFO  impl.PendingRequests (PendingRequests.java:sendNotLeaderResponses(282)) - omNode-1@group-523986131536-PendingRequests: sendNotLeaderResponses
2021-11-30 13:17:40,769 [Listener at 127.0.0.1/10012] INFO  impl.StateMachineUpdater (StateMachineUpdater.java:stopAndJoin(149)) - omNode-1@group-523986131536-StateMachineUpdater: set stopIndex = 0
2021-11-30 13:17:40,770 [d98c3e5c-49fa-4679-a7d6-b0bafe1f3c0f@group-0B6D4AAB114F-SegmentedRaftLogWorker] INFO  segmented.SegmentedRaftLogWorker (SegmentedRaftLogWorker.java:execute(601)) - d98c3e5c-49fa-4679-a7d6-b0bafe1f3c0f@group-0B6D4AAB114F-SegmentedRaftLogWorker: created new log segment /home/runner/work/ozone/ozone/hadoop-ozone/integration-test/target/test-dir/MiniOzoneClusterImpl-00f7fd44-dd00-490d-8842-f37d1847179e/datanode-0/data/ratis/269ccda0-2374-4b33-a16a-0b6d4aab114f/current/log_inprogress_0
2021-11-30 13:17:40,776 [omNode-1@group-523986131536-StateMachineUpdater] INFO  ratis.OzoneManagerStateMachine (OzoneManagerStateMachine.java:takeSnapshot(417)) - Current Snapshot Index (t:1, i:0)
2021-11-30 13:17:40,776 [omNode-1@group-523986131536-StateMachineUpdater] INFO  impl.StateMachineUpdater (StateMachineUpdater.java:takeSnapshot(281)) - omNode-1@group-523986131536-StateMachineUpdater: Took a snapshot at index 0
2021-11-30 13:17:40,776 [omNode-1@group-523986131536-StateMachineUpdater] INFO  impl.StateMachineUpdater (StateMachineUpdater.java:lambda$new$0(89)) - omNode-1@group-523986131536-StateMachineUpdater: snapshotIndex: updateIncreasingly -1 -> 0
2021-11-30 13:17:40,776 [omNode-1@group-523986131536-StateMachineUpdater] INFO  ratis.OzoneManagerStateMachine (OzoneManagerStateMachine.java:close(471)) - StateMachine has shutdown. Shutdown OzoneManager if not already shutdown.
2021-11-30 13:17:40,776 [Listener at 127.0.0.1/10012] INFO  server.RaftServer$Division (ServerState.java:close(419)) - omNode-1@group-523986131536: closes. applyIndex: 0
2021-11-30 13:17:40,776 [omNode-1@group-523986131536-SegmentedRaftLogWorker] INFO  segmented.SegmentedRaftLogWorker (SegmentedRaftLogWorker.java:run(327)) - omNode-1@group-523986131536-SegmentedRaftLogWorker was interrupted, exiting. There are 0 tasks remaining in the queue.
2021-11-30 13:17:40,779 [Listener at 127.0.0.1/10012] INFO  segmented.SegmentedRaftLogWorker (SegmentedRaftLogWorker.java:close(237)) - omNode-1@group-523986131536-SegmentedRaftLogWorker close()
2021-11-30 13:17:40,791 [Listener at 127.0.0.1/10012] INFO  server.GrpcService (GrpcService.java:closeImpl(262)) - omNode-1: shutdown server with port 10016 now
2021-11-30 13:17:40,792 [Listener at 127.0.0.1/10012] INFO  server.GrpcService (GrpcService.java:closeImpl(271)) - omNode-1: shutdown server with port 10016 successfully
2021-11-30 13:17:40,792 [org.apache.ratis.util.JvmPauseMonitor$$Lambda$499/638525764@4692047b] INFO  util.JvmPauseMonitor (JvmPauseMonitor.java:run(109)) - JvmPauseMonitor-omNode-1: Stopped
2021-11-30 13:17:40,792 [Listener at 127.0.0.1/10012] INFO  ratis.OzoneManagerDoubleBuffer (OzoneManagerDoubleBuffer.java:stop(437)) - Stopping OMDoubleBuffer flush thread
2021-11-30 13:17:40,792 [OMDoubleBufferFlushThread] INFO  ratis.OzoneManagerDoubleBuffer (OzoneManagerDoubleBuffer.java:flushTransactions(356)) - OMDoubleBuffer flush thread OMDoubleBufferFlushThread is interrupted and will exit. OMDoubleBufferFlushThread
2021-11-30 13:17:40,792 [Listener at 127.0.0.1/10012] INFO  utils.BackgroundService (BackgroundService.java:shutdown(132)) - Shutting down service KeyDeletingService
2021-11-30 13:17:40,793 [Listener at 127.0.0.1/10012] INFO  utils.BackgroundService (BackgroundService.java:shutdown(132)) - Shutting down service DirectoryDeletingService
2021-11-30 13:17:40,795 [Listener at 127.0.0.1/10012] INFO  handler.ContextHandler (ContextHandler.java:doStop(1153)) - Stopped o.e.j.w.WebAppContext@49f6e8a2{ozoneManager,/,null,STOPPED}{file:/home/runner/work/ozone/ozone/hadoop-ozone/integration-test/target/test-classes/webapps/ozoneManager}
2021-11-30 13:17:40,796 [Listener at 127.0.0.1/10012] INFO  server.AbstractConnector (AbstractConnector.java:doStop(381)) - Stopped ServerConnector@35e55526{HTTP/1.1, (http/1.1)}{0.0.0.0:10014}
2021-11-30 13:17:40,796 [Listener at 127.0.0.1/10012] INFO  server.session (HouseKeeper.java:stopScavenging(149)) - node0 Stopped scavenging
2021-11-30 13:17:40,796 [Listener at 127.0.0.1/10012] INFO  handler.ContextHandler (ContextHandler.java:doStop(1153)) - Stopped o.e.j.s.ServletContextHandler@78aa11f2{static,/static,file:///home/runner/work/ozone/ozone/hadoop-ozone/integration-test/target/test-classes/webapps/static,STOPPED}
2021-11-30 13:17:40,796 [Listener at 127.0.0.1/10012] INFO  handler.ContextHandler (ContextHandler.java:doStop(1153)) - Stopped o.e.j.s.ServletContextHandler@73226368{logs,/logs,file:///home/runner/work/ozone/ozone/hadoop-ozone/integration-test/target/log,STOPPED}
2021-11-30 13:17:40,800 [Listener at 127.0.0.1/10012] INFO  ozone.MiniOzoneHAClusterImpl (MiniOzoneHAClusterImpl.java:stop(324)) - Stopping the StorageContainerManager 0f6dc6cb-fd39-4234-9fee-aa41e9cd5640
2021-11-30 13:17:40,800 [Listener at 127.0.0.1/10012] INFO  server.StorageContainerManager (StorageContainerManager.java:stop(1395)) - Stopping Container Balancer service.
2021-11-30 13:17:40,800 [Listener at 127.0.0.1/10012] INFO  balancer.ContainerBalancer (ContainerBalancer.java:stop(734)) - Container Balancer is not running.
2021-11-30 13:17:40,800 [Listener at 127.0.0.1/10012] INFO  server.StorageContainerManager (StorageContainerManager.java:stop(1402)) - Stopping Replication Manager Service.
2021-11-30 13:17:40,800 [Listener at 127.0.0.1/10012] INFO  container.ReplicationManager (ReplicationManager.java:stop(350)) - Stopping Replication Monitor Thread.
2021-11-30 13:17:40,801 [Listener at 127.0.0.1/10012] INFO  server.StorageContainerManager (StorageContainerManager.java:stop(1409)) - Stopping the Datanode Admin Monitor.
2021-11-30 13:17:40,801 [Listener at 127.0.0.1/10012] INFO  server.StorageContainerManager (StorageContainerManager.java:stop(1416)) - Stopping Lease Manager of the command watchers
2021-11-30 13:17:40,802 [Listener at 127.0.0.1/10012] INFO  server.StorageContainerManager (StorageContainerManager.java:stop(1423)) - Stopping datanode service RPC server
2021-11-30 13:17:40,802 [Listener at 127.0.0.1/10012] INFO  server.SCMDatanodeProtocolServer (SCMDatanodeProtocolServer.java:stop(389)) - Stopping the RPC server for DataNodes
2021-11-30 13:17:40,802 [Listener at 127.0.0.1/10012] INFO  ipc.Server (Server.java:stop(3414)) - Stopping server on 13411
2021-11-30 13:17:40,803 [IPC Server listener on 13411] INFO  ipc.Server (Server.java:run(1376)) - Stopping IPC Server listener on 13411
2021-11-30 13:17:40,814 [IPC Server Responder] INFO  ipc.Server (Server.java:run(1512)) - Stopping IPC Server Responder
2021-11-30 13:17:40,904 [IPC Server handler 16 on default port 13421] INFO  net.NetworkTopologyImpl (NetworkTopologyImpl.java:add(112)) - Added a new node: /default-rack/d98c3e5c-49fa-4679-a7d6-b0bafe1f3c0f
2021-11-30 13:17:40,904 [IPC Server handler 16 on default port 13421] INFO  node.SCMNodeManager (SCMNodeManager.java:register(389)) - Registered Data node : d98c3e5c-49fa-4679-a7d6-b0bafe1f3c0f{ip: 127.0.0.1, host: localhost, ports: [REPLICATION=39357, RATIS=42503, RATIS_ADMIN=42503, RATIS_SERVER=42503, STANDALONE=36231], networkLocation: /default-rack, certSerialId: null, persistedOpState: null, persistedOpStateExpiryEpochSec: 0}
2021-11-30 13:17:40,905 [EndpointStateMachine task thread for /127.0.0.1:13411 - 0 ] WARN  statemachine.EndpointStateMachine (EndpointStateMachine.java:logIfNeeded(236)) - Unable to communicate to SCM server at localhost:13411 for past 0 seconds.
java.io.EOFException: End of File Exception between local host is: "fv-az148-447/10.1.0.48"; destination host is: "localhost":13411; : java.io.EOFException; For more details see:  http://wiki.apache.org/hadoop/EOFException
	at sun.reflect.NativeConstructorAccessorImpl.newInstance0(Native Method)
	at sun.reflect.NativeConstructorAccessorImpl.newInstance(NativeConstructorAccessorImpl.java:62)
	at sun.reflect.DelegatingConstructorAccessorImpl.newInstance(DelegatingConstructorAccessorImpl.java:45)
	at java.lang.reflect.Constructor.newInstance(Constructor.java:423)
	at org.apache.hadoop.net.NetUtils.wrapWithMessage(NetUtils.java:913)
	at org.apache.hadoop.net.NetUtils.wrapException(NetUtils.java:862)
	at org.apache.hadoop.ipc.Client.getRpcResponse(Client.java:1577)
	at org.apache.hadoop.ipc.Client.call(Client.java:1519)
	at org.apache.hadoop.ipc.Client.call(Client.java:1416)
	at org.apache.hadoop.ipc.ProtobufRpcEngine$Invoker.invoke(ProtobufRpcEngine.java:236)
	at org.apache.hadoop.ipc.ProtobufRpcEngine$Invoker.invoke(ProtobufRpcEngine.java:123)
	at com.sun.proxy.$Proxy48.submitRequest(Unknown Source)
	at org.apache.hadoop.ozone.protocolPB.StorageContainerDatanodeProtocolClientSideTranslatorPB.submitRequest(StorageContainerDatanodeProtocolClientSideTranslatorPB.java:117)
	at org.apache.hadoop.ozone.protocolPB.StorageContainerDatanodeProtocolClientSideTranslatorPB.sendHeartbeat(StorageContainerDatanodeProtocolClientSideTranslatorPB.java:149)
	at org.apache.hadoop.ozone.container.common.states.endpoint.HeartbeatEndpointTask.call(HeartbeatEndpointTask.java:179)
	at org.apache.hadoop.ozone.container.common.states.endpoint.HeartbeatEndpointTask.call(HeartbeatEndpointTask.java:82)
	at java.util.concurrent.FutureTask.run(FutureTask.java:266)
	at java.util.concurrent.ThreadPoolExecutor.runWorker(ThreadPoolExecutor.java:1149)
	at java.util.concurrent.ThreadPoolExecutor$Worker.run(ThreadPoolExecutor.java:624)
	at java.lang.Thread.run(Thread.java:748)
Caused by: java.io.EOFException
	at java.io.DataInputStream.readInt(DataInputStream.java:392)
	at org.apache.hadoop.ipc.Client$IpcStreams.readResponse(Client.java:1892)
	at org.apache.hadoop.ipc.Client$Connection.receiveRpcResponse(Client.java:1202)
	at org.apache.hadoop.ipc.Client$Connection.run(Client.java:1098)
2021-11-30 13:17:40,906 [EventQueue-NewNodeForNewNodeHandler] INFO  pipeline.BackgroundPipelineCreator (BackgroundPipelineCreator.java:notifyEventTriggered(279)) - ignore, not leader SCM.
2021-11-30 13:17:40,913 [SCM Heartbeat Processing Thread - 0] WARN  node.NodeStateManager (NodeStateManager.java:scheduleNextHealthCheck(799)) - Current Thread is interrupted, shutting down HB processing thread for Node Manager.
2021-11-30 13:17:40,914 [Listener at 127.0.0.1/10012] INFO  server.StorageContainerManager (StorageContainerManager.java:stop(1431)) - Stopping block service RPC server
2021-11-30 13:17:40,914 [Listener at 127.0.0.1/10012] INFO  server.SCMBlockProtocolServer (SCMBlockProtocolServer.java:stop(160)) - Stopping the RPC server for Block Protocol
2021-11-30 13:17:40,914 [Listener at 127.0.0.1/10012] INFO  ipc.Server (Server.java:stop(3414)) - Stopping server on 13412
2021-11-30 13:17:40,920 [IPC Server listener on 13412] INFO  ipc.Server (Server.java:run(1376)) - Stopping IPC Server listener on 13412
2021-11-30 13:17:40,920 [Listener at 127.0.0.1/10012] INFO  server.StorageContainerManager (StorageContainerManager.java:stop(1438)) - Stopping the StorageContainerLocationProtocol RPC server
2021-11-30 13:17:40,920 [Listener at 127.0.0.1/10012] INFO  server.SCMClientProtocolServer (SCMClientProtocolServer.java:stop(173)) - Stopping the RPC server for Client Protocol
2021-11-30 13:17:40,920 [Listener at 127.0.0.1/10012] INFO  ipc.Server (Server.java:stop(3414)) - Stopping server on 13413
2021-11-30 13:17:40,920 [IPC Server Responder] INFO  ipc.Server (Server.java:run(1512)) - Stopping IPC Server Responder
2021-11-30 13:17:40,926 [IPC Server Responder] INFO  ipc.Server (Server.java:run(1512)) - Stopping IPC Server Responder
2021-11-30 13:17:40,926 [Listener at 127.0.0.1/10012] INFO  server.StorageContainerManager (StorageContainerManager.java:stop(1445)) - Stopping Storage Container Manager HTTP server.
2021-11-30 13:17:40,926 [Listener at 127.0.0.1/10012] INFO  handler.ContextHandler (ContextHandler.java:doStop(1153)) - Stopped o.e.j.w.WebAppContext@53a95258{scm,/,null,STOPPED}{file:/home/runner/work/ozone/ozone/hadoop-ozone/integration-test/target/test-classes/webapps/scm}
2021-11-30 13:17:40,927 [IPC Server listener on 13413] INFO  ipc.Server (Server.java:run(1376)) - Stopping IPC Server listener on 13413
2021-11-30 13:17:40,930 [Listener at 127.0.0.1/10012] INFO  server.AbstractConnector (AbstractConnector.java:doStop(381)) - Stopped ServerConnector@14c4b3e1{HTTP/1.1, (http/1.1)}{0.0.0.0:13408}
2021-11-30 13:17:40,930 [Listener at 127.0.0.1/10012] INFO  server.session (HouseKeeper.java:stopScavenging(149)) - node0 Stopped scavenging
2021-11-30 13:17:40,930 [Listener at 127.0.0.1/10012] INFO  handler.ContextHandler (ContextHandler.java:doStop(1153)) - Stopped o.e.j.s.ServletContextHandler@11bf44c0{static,/static,file:///home/runner/work/ozone/ozone/hadoop-ozone/integration-test/target/test-classes/webapps/static,STOPPED}
2021-11-30 13:17:40,931 [Listener at 127.0.0.1/10012] INFO  handler.ContextHandler (ContextHandler.java:doStop(1153)) - Stopped o.e.j.s.ServletContextHandler@6748d248{logs,/logs,file:///home/runner/work/ozone/ozone/hadoop-ozone/integration-test/target/log,STOPPED}
2021-11-30 13:17:40,932 [Listener at 127.0.0.1/10012] INFO  server.StorageContainerManager (StorageContainerManager.java:stop(1456)) - Stopping Block Manager Service.
2021-11-30 13:17:40,932 [Listener at 127.0.0.1/10012] INFO  utils.BackgroundService (BackgroundService.java:shutdown(132)) - Shutting down service SCMBlockDeletingService
2021-11-30 13:17:40,932 [Listener at 127.0.0.1/10012] INFO  utils.BackgroundService (BackgroundService.java:shutdown(132)) - Shutting down service SCMBlockDeletingService
2021-11-30 13:17:40,933 [Listener at 127.0.0.1/10012] INFO  server.StorageContainerManager (StorageContainerManager.java:stop(1483)) - Stopping SCM Event Queue.
2021-11-30 13:17:40,933 [Listener at 127.0.0.1/10012] INFO  server.StorageContainerManager (StorageContainerManager.java:stop(1494)) - Stopping SCM HA services.
2021-11-30 13:17:40,934 [Listener at 127.0.0.1/10012] INFO  ha.SCMRatisServerImpl (SCMRatisServerImpl.java:stop(236)) - stopping ratis server 0.0.0.0:13410
2021-11-30 13:17:40,936 [Listener at 127.0.0.1/10012] INFO  server.RaftServer (RaftServerProxy.java:lambda$close$6(391)) - 0f6dc6cb-fd39-4234-9fee-aa41e9cd5640: close
2021-11-30 13:17:40,936 [Listener at 127.0.0.1/10012] INFO  server.RaftServer$Division (RaftServerImpl.java:lambda$close$4(412)) - 0f6dc6cb-fd39-4234-9fee-aa41e9cd5640@group-F37D1847179E: shutdown
2021-11-30 13:17:40,936 [Listener at 127.0.0.1/10012] INFO  util.JmxRegister (JmxRegister.java:unregister(73)) - Successfully un-registered JMX Bean with object name Ratis:service=RaftServer,group=group-F37D1847179E,id=0f6dc6cb-fd39-4234-9fee-aa41e9cd5640
2021-11-30 13:17:40,936 [Listener at 127.0.0.1/10012] INFO  impl.RoleInfo (RoleInfo.java:shutdownFollowerState(108)) - 0f6dc6cb-fd39-4234-9fee-aa41e9cd5640: shutdown 0f6dc6cb-fd39-4234-9fee-aa41e9cd5640@group-F37D1847179E-FollowerState
2021-11-30 13:17:40,936 [Listener at 127.0.0.1/10012] INFO  impl.StateMachineUpdater (StateMachineUpdater.java:stopAndJoin(149)) - 0f6dc6cb-fd39-4234-9fee-aa41e9cd5640@group-F37D1847179E-StateMachineUpdater: set stopIndex = 29
2021-11-30 13:17:40,937 [0f6dc6cb-fd39-4234-9fee-aa41e9cd5640@group-F37D1847179E-FollowerState] INFO  impl.FollowerState (FollowerState.java:run(143)) - 0f6dc6cb-fd39-4234-9fee-aa41e9cd5640@group-F37D1847179E-FollowerState was interrupted: {}
java.lang.InterruptedException: sleep interrupted
	at java.lang.Thread.sleep(Native Method)
	at java.lang.Thread.sleep(Thread.java:340)
	at java.util.concurrent.TimeUnit.sleep(TimeUnit.java:386)
	at org.apache.ratis.util.TimeDuration.sleep(TimeDuration.java:324)
	at org.apache.ratis.util.TimeDuration.sleep(TimeDuration.java:309)
	at org.apache.ratis.server.impl.FollowerState.run(FollowerState.java:118)
2021-11-30 13:17:40,937 [0f6dc6cb-fd39-4234-9fee-aa41e9cd5640@group-F37D1847179E-StateMachineUpdater] INFO  ha.SCMStateMachine (SCMStateMachine.java:takeSnapshot(297)) - Current Snapshot Index 29, takeSnapshot took 0 ms
2021-11-30 13:17:40,937 [0f6dc6cb-fd39-4234-9fee-aa41e9cd5640@group-F37D1847179E-StateMachineUpdater] INFO  impl.StateMachineUpdater (StateMachineUpdater.java:takeSnapshot(281)) - 0f6dc6cb-fd39-4234-9fee-aa41e9cd5640@group-F37D1847179E-StateMachineUpdater: Took a snapshot at index 29
2021-11-30 13:17:40,937 [0f6dc6cb-fd39-4234-9fee-aa41e9cd5640@group-F37D1847179E-StateMachineUpdater] INFO  impl.StateMachineUpdater (StateMachineUpdater.java:lambda$new$0(89)) - 0f6dc6cb-fd39-4234-9fee-aa41e9cd5640@group-F37D1847179E-StateMachineUpdater: snapshotIndex: updateIncreasingly 28 -> 29
2021-11-30 13:17:40,937 [Listener at 127.0.0.1/10012] INFO  server.RaftServer$Division (ServerState.java:close(419)) - 0f6dc6cb-fd39-4234-9fee-aa41e9cd5640@group-F37D1847179E: closes. applyIndex: 28
2021-11-30 13:17:40,937 [0f6dc6cb-fd39-4234-9fee-aa41e9cd5640@group-F37D1847179E-SegmentedRaftLogWorker] INFO  segmented.SegmentedRaftLogWorker (SegmentedRaftLogWorker.java:run(327)) - 0f6dc6cb-fd39-4234-9fee-aa41e9cd5640@group-F37D1847179E-SegmentedRaftLogWorker was interrupted, exiting. There are 0 tasks remaining in the queue.
2021-11-30 13:17:40,947 [Listener at 127.0.0.1/10012] INFO  segmented.SegmentedRaftLogWorker (SegmentedRaftLogWorker.java:close(237)) - 0f6dc6cb-fd39-4234-9fee-aa41e9cd5640@group-F37D1847179E-SegmentedRaftLogWorker close()
2021-11-30 13:17:40,949 [Listener at 127.0.0.1/10012] INFO  server.GrpcService (GrpcService.java:closeImpl(262)) - 0f6dc6cb-fd39-4234-9fee-aa41e9cd5640: shutdown server with port 13410 now
2021-11-30 13:17:40,962 [grpc-default-executor-3] WARN  server.GrpcServerProtocolService (LogUtils.java:warn(122)) - 0f6dc6cb-fd39-4234-9fee-aa41e9cd5640: installSnapshot onError, lastRequest: e2ff296b-9428-40f2-9fe9-4cc07b88cea2->0f6dc6cb-fd39-4234-9fee-aa41e9cd5640#900-t2,previous=(t:2, i:29),leaderCommit=29,initializing? true,entries: size=1, first=(t:2, i:30), METADATAENTRY(c:29): org.apache.ratis.thirdparty.io.grpc.StatusRuntimeException: CANCELLED: client cancelled
2021-11-30 13:17:40,962 [grpc-default-executor-2] WARN  server.GrpcLogAppender (LogUtils.java:warn(122)) - e2ff296b-9428-40f2-9fe9-4cc07b88cea2@group-F37D1847179E->0f6dc6cb-fd39-4234-9fee-aa41e9cd5640-AppendLogResponseHandler: Failed appendEntries: org.apache.ratis.thirdparty.io.grpc.StatusRuntimeException: CANCELLED: HTTP/2 error code: CANCEL
Received Rst Stream
2021-11-30 13:17:40,965 [grpc-default-executor-2] INFO  leader.FollowerInfo (FollowerInfoImpl.java:lambda$new$0(47)) - e2ff296b-9428-40f2-9fe9-4cc07b88cea2@group-F37D1847179E->0f6dc6cb-fd39-4234-9fee-aa41e9cd5640: nextIndex: updateUnconditionally 31 -> 30
2021-11-30 13:17:40,965 [Listener at 127.0.0.1/10012] INFO  server.GrpcService (GrpcService.java:closeImpl(271)) - 0f6dc6cb-fd39-4234-9fee-aa41e9cd5640: shutdown server with port 13410 successfully
2021-11-30 13:17:40,966 [org.apache.ratis.util.JvmPauseMonitor$$Lambda$499/638525764@4caa28a5] INFO  util.JvmPauseMonitor (JvmPauseMonitor.java:run(109)) - JvmPauseMonitor-0f6dc6cb-fd39-4234-9fee-aa41e9cd5640: Stopped
2021-11-30 13:17:40,969 [Listener at 127.0.0.1/10012] INFO  pipeline.BackgroundPipelineCreator (BackgroundPipelineCreator.java:stop(158)) - Stopping RatisPipelineUtilsThread.
2021-11-30 13:17:40,970 [Listener at 127.0.0.1/10012] INFO  server.StorageContainerManager (StorageContainerManager.java:stop(1504)) - Stopping SCM MetadataStore.
2021-11-30 13:17:40,972 [grpc-default-executor-3] WARN  server.GrpcLogAppender (LogUtils.java:warn(122)) - e2ff296b-9428-40f2-9fe9-4cc07b88cea2@group-F37D1847179E->0f6dc6cb-fd39-4234-9fee-aa41e9cd5640-AppendLogResponseHandler: Failed appendEntries: org.apache.ratis.thirdparty.io.grpc.StatusRuntimeException: UNAVAILABLE: io exception
2021-11-30 13:17:40,973 [grpc-default-executor-3] INFO  leader.FollowerInfo (FollowerInfoImpl.java:lambda$new$0(47)) - e2ff296b-9428-40f2-9fe9-4cc07b88cea2@group-F37D1847179E->0f6dc6cb-fd39-4234-9fee-aa41e9cd5640: nextIndex: updateUnconditionally 31 -> 30
2021-11-30 13:17:40,979 [Listener at 127.0.0.1/10012] INFO  impl.MetricsSystemImpl (MetricsSystemImpl.java:stop(210)) - Stopping StorageContainerManager metrics system...
2021-11-30 13:17:40,982 [prometheus] INFO  impl.MetricsSinkAdapter (MetricsSinkAdapter.java:publishMetricsFromQueue(141)) - prometheus thread interrupted.
2021-11-30 13:17:40,982 [Listener at 127.0.0.1/10012] INFO  impl.MetricsSystemImpl (MetricsSystemImpl.java:stop(216)) - StorageContainerManager metrics system stopped.
2021-11-30 13:17:40,984 [Listener at 127.0.0.1/10012] INFO  ozone.MiniOzoneHAClusterImpl (MiniOzoneHAClusterImpl.java:stop(324)) - Stopping the StorageContainerManager e2ff296b-9428-40f2-9fe9-4cc07b88cea2
2021-11-30 13:17:40,984 [Listener at 127.0.0.1/10012] INFO  server.StorageContainerManager (StorageContainerManager.java:stop(1395)) - Stopping Container Balancer service.
2021-11-30 13:17:40,984 [Listener at 127.0.0.1/10012] INFO  balancer.ContainerBalancer (ContainerBalancer.java:stop(734)) - Container Balancer is not running.
2021-11-30 13:17:40,984 [Listener at 127.0.0.1/10012] INFO  server.StorageContainerManager (StorageContainerManager.java:stop(1402)) - Stopping Replication Manager Service.
2021-11-30 13:17:40,984 [Listener at 127.0.0.1/10012] INFO  container.ReplicationManager (ReplicationManager.java:stop(350)) - Stopping Replication Monitor Thread.
2021-11-30 13:17:40,984 [Listener at 127.0.0.1/10012] INFO  server.StorageContainerManager (StorageContainerManager.java:stop(1409)) - Stopping the Datanode Admin Monitor.
2021-11-30 13:17:40,987 [Listener at 127.0.0.1/10012] INFO  server.StorageContainerManager (StorageContainerManager.java:stop(1416)) - Stopping Lease Manager of the command watchers
2021-11-30 13:17:40,988 [Listener at 127.0.0.1/10012] INFO  server.StorageContainerManager (StorageContainerManager.java:stop(1423)) - Stopping datanode service RPC server
2021-11-30 13:17:40,988 [Listener at 127.0.0.1/10012] INFO  server.SCMDatanodeProtocolServer (SCMDatanodeProtocolServer.java:stop(389)) - Stopping the RPC server for DataNodes
2021-11-30 13:17:40,988 [Listener at 127.0.0.1/10012] INFO  ipc.Server (Server.java:stop(3414)) - Stopping server on 13401
2021-11-30 13:17:40,993 [IPC Server listener on 13401] INFO  ipc.Server (Server.java:run(1376)) - Stopping IPC Server listener on 13401
2021-11-30 13:17:40,996 [IPC Server Responder] INFO  ipc.Server (Server.java:run(1512)) - Stopping IPC Server Responder
2021-11-30 13:17:41,104 [EndpointStateMachine task thread for /127.0.0.1:13401 - 0 ] WARN  statemachine.EndpointStateMachine (EndpointStateMachine.java:logIfNeeded(236)) - Unable to communicate to SCM server at 127.0.0.1:13401 for past 0 seconds.
java.io.EOFException: End of File Exception between local host is: "fv-az148-447/10.1.0.48"; destination host is: "localhost":13401; : java.io.EOFException; For more details see:  http://wiki.apache.org/hadoop/EOFException
	at sun.reflect.NativeConstructorAccessorImpl.newInstance0(Native Method)
	at sun.reflect.NativeConstructorAccessorImpl.newInstance(NativeConstructorAccessorImpl.java:62)
	at sun.reflect.DelegatingConstructorAccessorImpl.newInstance(DelegatingConstructorAccessorImpl.java:45)
	at java.lang.reflect.Constructor.newInstance(Constructor.java:423)
	at org.apache.hadoop.net.NetUtils.wrapWithMessage(NetUtils.java:913)
	at org.apache.hadoop.net.NetUtils.wrapException(NetUtils.java:862)
	at org.apache.hadoop.ipc.Client.getRpcResponse(Client.java:1577)
	at org.apache.hadoop.ipc.Client.call(Client.java:1519)
	at org.apache.hadoop.ipc.Client.call(Client.java:1416)
	at org.apache.hadoop.ipc.ProtobufRpcEngine$Invoker.invoke(ProtobufRpcEngine.java:236)
	at org.apache.hadoop.ipc.ProtobufRpcEngine$Invoker.invoke(ProtobufRpcEngine.java:123)
	at com.sun.proxy.$Proxy48.submitRequest(Unknown Source)
	at org.apache.hadoop.ozone.protocolPB.StorageContainerDatanodeProtocolClientSideTranslatorPB.submitRequest(StorageContainerDatanodeProtocolClientSideTranslatorPB.java:117)
	at org.apache.hadoop.ozone.protocolPB.StorageContainerDatanodeProtocolClientSideTranslatorPB.sendHeartbeat(StorageContainerDatanodeProtocolClientSideTranslatorPB.java:149)
	at org.apache.hadoop.ozone.container.common.states.endpoint.HeartbeatEndpointTask.call(HeartbeatEndpointTask.java:179)
	at org.apache.hadoop.ozone.container.common.states.endpoint.HeartbeatEndpointTask.call(HeartbeatEndpointTask.java:82)
	at java.util.concurrent.FutureTask.run(FutureTask.java:266)
	at java.util.concurrent.ThreadPoolExecutor.runWorker(ThreadPoolExecutor.java:1149)
	at java.util.concurrent.ThreadPoolExecutor$Worker.run(ThreadPoolExecutor.java:624)
	at java.lang.Thread.run(Thread.java:748)
Caused by: java.io.EOFException
	at java.io.DataInputStream.readInt(DataInputStream.java:392)
	at org.apache.hadoop.ipc.Client$IpcStreams.readResponse(Client.java:1892)
	at org.apache.hadoop.ipc.Client$Connection.receiveRpcResponse(Client.java:1202)
	at org.apache.hadoop.ipc.Client$Connection.run(Client.java:1098)
2021-11-30 13:17:41,107 [IPC Server handler 17 on default port 13421] INFO  net.NetworkTopologyImpl (NetworkTopologyImpl.java:add(112)) - Added a new node: /default-rack/b8a6b2ba-922b-4f06-aab5-ca74535011cb
2021-11-30 13:17:41,108 [IPC Server handler 17 on default port 13421] INFO  node.SCMNodeManager (SCMNodeManager.java:register(389)) - Registered Data node : b8a6b2ba-922b-4f06-aab5-ca74535011cb{ip: 127.0.0.1, host: localhost, ports: [REPLICATION=46553, RATIS=33201, RATIS_ADMIN=33201, RATIS_SERVER=33201, STANDALONE=46807], networkLocation: /default-rack, certSerialId: null, persistedOpState: null, persistedOpStateExpiryEpochSec: 0}
2021-11-30 13:17:41,109 [EventQueue-NewNodeForNewNodeHandler] INFO  pipeline.BackgroundPipelineCreator (BackgroundPipelineCreator.java:notifyEventTriggered(279)) - ignore, not leader SCM.
2021-11-30 13:17:41,109 [EventQueue-PipelineReportForPipelineReportHandler] INFO  pipeline.PipelineManagerImpl (PipelineManagerImpl.java:openPipeline(289)) - Pipeline Pipeline[ Id: 269ccda0-2374-4b33-a16a-0b6d4aab114f, Nodes: b8a6b2ba-922b-4f06-aab5-ca74535011cb{ip: 127.0.0.1, host: localhost, ports: [REPLICATION=46553, RATIS=33201, RATIS_ADMIN=33201, RATIS_SERVER=33201, STANDALONE=46807], networkLocation: /default-rack, certSerialId: null, persistedOpState: IN_SERVICE, persistedOpStateExpiryEpochSec: 0}2e564fa8-312b-4913-8140-cec84c445c17{ip: 127.0.0.1, host: localhost, ports: [REPLICATION=43161, RATIS=37125, RATIS_ADMIN=37125, RATIS_SERVER=37125, STANDALONE=43881], networkLocation: /default-rack, certSerialId: null, persistedOpState: IN_SERVICE, persistedOpStateExpiryEpochSec: 0}d98c3e5c-49fa-4679-a7d6-b0bafe1f3c0f{ip: 127.0.0.1, host: localhost, ports: [REPLICATION=39357, RATIS=42503, RATIS_ADMIN=42503, RATIS_SERVER=42503, STANDALONE=36231], networkLocation: /default-rack, certSerialId: null, persistedOpState: IN_SERVICE, persistedOpStateExpiryEpochSec: 0}, ReplicationConfig: RATIS/THREE, State:ALLOCATED, leaderId:2e564fa8-312b-4913-8140-cec84c445c17, CreationTimestamp2021-11-30T13:17:35.833Z[Etc/UTC]] moved to OPEN state
2021-11-30 13:17:41,140 [EventQueue-PipelineReportForPipelineReportHandler] ERROR events.SingleThreadExecutor (SingleThreadExecutor.java:lambda$onMessage$1(88)) - Error on execution message org.apache.hadoop.hdds.scm.server.SCMDatanodeHeartbeatDispatcher$PipelineReportFromDatanode@6c34e131
java.lang.reflect.UndeclaredThrowableException
	at com.sun.proxy.$Proxy23.updatePipelineState(Unknown Source)
	at org.apache.hadoop.hdds.scm.pipeline.PipelineManagerImpl.openPipeline(PipelineManagerImpl.java:290)
	at org.apache.hadoop.hdds.scm.pipeline.PipelineReportHandler.processPipelineReport(PipelineReportHandler.java:133)
	at org.apache.hadoop.hdds.scm.pipeline.PipelineReportHandler.onMessage(PipelineReportHandler.java:92)
	at org.apache.hadoop.hdds.scm.pipeline.PipelineReportHandler.onMessage(PipelineReportHandler.java:51)
	at org.apache.hadoop.hdds.server.events.SingleThreadExecutor.lambda$onMessage$1(SingleThreadExecutor.java:85)
	at java.util.concurrent.ThreadPoolExecutor.runWorker(ThreadPoolExecutor.java:1149)
	at java.util.concurrent.ThreadPoolExecutor$Worker.run(ThreadPoolExecutor.java:624)
	at java.lang.Thread.run(Thread.java:748)
Caused by: java.util.concurrent.ExecutionException: org.apache.ratis.protocol.exceptions.ServerNotReadyException: b10f987c-932c-43f2-b8db-c7c3d55faa91@group-F37D1847179E is not in [RUNNING]: current state is CLOSED
	at java.util.concurrent.CompletableFuture.reportGet(CompletableFuture.java:357)
	at java.util.concurrent.CompletableFuture.get(CompletableFuture.java:1928)
	at org.apache.hadoop.hdds.scm.ha.SCMRatisServerImpl.submitRequest(SCMRatisServerImpl.java:223)
	at org.apache.hadoop.hdds.scm.ha.SCMHAInvocationHandler.invokeRatis(SCMHAInvocationHandler.java:110)
	at org.apache.hadoop.hdds.scm.ha.SCMHAInvocationHandler.invoke(SCMHAInvocationHandler.java:67)
	... 9 more
Caused by: org.apache.ratis.protocol.exceptions.ServerNotReadyException: b10f987c-932c-43f2-b8db-c7c3d55faa91@group-F37D1847179E is not in [RUNNING]: current state is CLOSED
	at org.apache.ratis.server.impl.RaftServerImpl.lambda$assertLifeCycleState$9(RaftServerImpl.java:672)
	at org.apache.ratis.util.LifeCycle.assertCurrentState(LifeCycle.java:253)
	at org.apache.ratis.server.impl.RaftServerImpl.assertLifeCycleState(RaftServerImpl.java:671)
	at org.apache.ratis.server.impl.RaftServerImpl.submitClientRequestAsync(RaftServerImpl.java:748)
	at org.apache.ratis.server.impl.RaftServerProxy.lambda$submitClientRequestAsync$9(RaftServerProxy.java:417)
	at org.apache.ratis.server.impl.RaftServerProxy.lambda$null$7(RaftServerProxy.java:412)
	at org.apache.ratis.util.JavaUtils.callAsUnchecked(JavaUtils.java:115)
	at org.apache.ratis.server.impl.RaftServerProxy.lambda$submitRequest$8(RaftServerProxy.java:412)
	at java.util.concurrent.CompletableFuture.uniComposeStage(CompletableFuture.java:995)
	at java.util.concurrent.CompletableFuture.thenCompose(CompletableFuture.java:2137)
	at org.apache.ratis.server.impl.RaftServerProxy.submitRequest(RaftServerProxy.java:411)
	at org.apache.ratis.server.impl.RaftServerProxy.submitClientRequestAsync(RaftServerProxy.java:417)
	at org.apache.hadoop.hdds.scm.ha.SCMRatisServerImpl.submitRequest(SCMRatisServerImpl.java:222)
	... 11 more
2021-11-30 13:17:41,474 [EndpointStateMachine task thread for /127.0.0.1:13685 - 0 ] INFO  ipc.Client (Client.java:handleConnectionFailure(977)) - Retrying connect to server: localhost/127.0.0.1:13685. Already tried 13 time(s); retry policy is RetryUpToMaximumCountWithFixedSleep(maxRetries=15, sleepTime=1000 MILLISECONDS)
2021-11-30 13:17:41,474 [EndpointStateMachine task thread for /127.0.0.1:13705 - 0 ] INFO  ipc.Client (Client.java:handleConnectionFailure(977)) - Retrying connect to server: localhost/127.0.0.1:13705. Already tried 13 time(s); retry policy is RetryUpToMaximumCountWithFixedSleep(maxRetries=15, sleepTime=1000 MILLISECONDS)
2021-11-30 13:17:41,496 [EndpointStateMachine task thread for /127.0.0.1:13695 - 0 ] INFO  ipc.Client (Client.java:handleConnectionFailure(977)) - Retrying connect to server: localhost/127.0.0.1:13695. Already tried 13 time(s); retry policy is RetryUpToMaximumCountWithFixedSleep(maxRetries=15, sleepTime=1000 MILLISECONDS)
2021-11-30 13:17:41,573 [EventQueue-PipelineReportForPipelineReportHandler] INFO  pipeline.PipelineManagerImpl (PipelineManagerImpl.java:openPipeline(289)) - Pipeline Pipeline[ Id: 269ccda0-2374-4b33-a16a-0b6d4aab114f, Nodes: b8a6b2ba-922b-4f06-aab5-ca74535011cb{ip: 127.0.0.1, host: localhost, ports: [REPLICATION=46553, RATIS=33201, RATIS_ADMIN=33201, RATIS_SERVER=33201, STANDALONE=46807], networkLocation: /default-rack, certSerialId: null, persistedOpState: IN_SERVICE, persistedOpStateExpiryEpochSec: 0}2e564fa8-312b-4913-8140-cec84c445c17{ip: 127.0.0.1, host: localhost, ports: [REPLICATION=43161, RATIS=37125, RATIS_ADMIN=37125, RATIS_SERVER=37125, STANDALONE=43881], networkLocation: /default-rack, certSerialId: null, persistedOpState: IN_SERVICE, persistedOpStateExpiryEpochSec: 0}d98c3e5c-49fa-4679-a7d6-b0bafe1f3c0f{ip: 127.0.0.1, host: localhost, ports: [REPLICATION=39357, RATIS=42503, RATIS_ADMIN=42503, RATIS_SERVER=42503, STANDALONE=36231], networkLocation: /default-rack, certSerialId: null, persistedOpState: IN_SERVICE, persistedOpStateExpiryEpochSec: 0}, ReplicationConfig: RATIS/THREE, State:ALLOCATED, leaderId:2e564fa8-312b-4913-8140-cec84c445c17, CreationTimestamp2021-11-30T13:17:35.833Z[Etc/UTC]] moved to OPEN state
2021-11-30 13:17:41,574 [EventQueue-PipelineReportForPipelineReportHandler] ERROR events.SingleThreadExecutor (SingleThreadExecutor.java:lambda$onMessage$1(88)) - Error on execution message org.apache.hadoop.hdds.scm.server.SCMDatanodeHeartbeatDispatcher$PipelineReportFromDatanode@49f98760
java.lang.reflect.UndeclaredThrowableException
	at com.sun.proxy.$Proxy23.updatePipelineState(Unknown Source)
	at org.apache.hadoop.hdds.scm.pipeline.PipelineManagerImpl.openPipeline(PipelineManagerImpl.java:290)
	at org.apache.hadoop.hdds.scm.pipeline.PipelineReportHandler.processPipelineReport(PipelineReportHandler.java:133)
	at org.apache.hadoop.hdds.scm.pipeline.PipelineReportHandler.onMessage(PipelineReportHandler.java:92)
	at org.apache.hadoop.hdds.scm.pipeline.PipelineReportHandler.onMessage(PipelineReportHandler.java:51)
	at org.apache.hadoop.hdds.server.events.SingleThreadExecutor.lambda$onMessage$1(SingleThreadExecutor.java:85)
	at java.util.concurrent.ThreadPoolExecutor.runWorker(ThreadPoolExecutor.java:1149)
	at java.util.concurrent.ThreadPoolExecutor$Worker.run(ThreadPoolExecutor.java:624)
	at java.lang.Thread.run(Thread.java:748)
Caused by: java.util.concurrent.ExecutionException: org.apache.ratis.protocol.exceptions.ServerNotReadyException: b10f987c-932c-43f2-b8db-c7c3d55faa91@group-F37D1847179E is not in [RUNNING]: current state is CLOSED
	at java.util.concurrent.CompletableFuture.reportGet(CompletableFuture.java:357)
	at java.util.concurrent.CompletableFuture.get(CompletableFuture.java:1928)
	at org.apache.hadoop.hdds.scm.ha.SCMRatisServerImpl.submitRequest(SCMRatisServerImpl.java:223)
	at org.apache.hadoop.hdds.scm.ha.SCMHAInvocationHandler.invokeRatis(SCMHAInvocationHandler.java:110)
	at org.apache.hadoop.hdds.scm.ha.SCMHAInvocationHandler.invoke(SCMHAInvocationHandler.java:67)
	... 9 more
Caused by: org.apache.ratis.protocol.exceptions.ServerNotReadyException: b10f987c-932c-43f2-b8db-c7c3d55faa91@group-F37D1847179E is not in [RUNNING]: current state is CLOSED
	at org.apache.ratis.server.impl.RaftServerImpl.lambda$assertLifeCycleState$9(RaftServerImpl.java:672)
	at org.apache.ratis.util.LifeCycle.assertCurrentState(LifeCycle.java:253)
	at org.apache.ratis.server.impl.RaftServerImpl.assertLifeCycleState(RaftServerImpl.java:671)
	at org.apache.ratis.server.impl.RaftServerImpl.submitClientRequestAsync(RaftServerImpl.java:748)
	at org.apache.ratis.server.impl.RaftServerProxy.lambda$submitClientRequestAsync$9(RaftServerProxy.java:417)
	at org.apache.ratis.server.impl.RaftServerProxy.lambda$null$7(RaftServerProxy.java:412)
	at org.apache.ratis.util.JavaUtils.callAsUnchecked(JavaUtils.java:115)
	at org.apache.ratis.server.impl.RaftServerProxy.lambda$submitRequest$8(RaftServerProxy.java:412)
	at java.util.concurrent.CompletableFuture.uniComposeStage(CompletableFuture.java:995)
	at java.util.concurrent.CompletableFuture.thenCompose(CompletableFuture.java:2137)
	at org.apache.ratis.server.impl.RaftServerProxy.submitRequest(RaftServerProxy.java:411)
	at org.apache.ratis.server.impl.RaftServerProxy.submitClientRequestAsync(RaftServerProxy.java:417)
	at org.apache.hadoop.hdds.scm.ha.SCMRatisServerImpl.submitRequest(SCMRatisServerImpl.java:222)
	... 11 more
2021-11-30 13:17:41,904 [EventQueue-PipelineReportForPipelineReportHandler] INFO  pipeline.PipelineManagerImpl (PipelineManagerImpl.java:openPipeline(289)) - Pipeline Pipeline[ Id: 269ccda0-2374-4b33-a16a-0b6d4aab114f, Nodes: b8a6b2ba-922b-4f06-aab5-ca74535011cb{ip: 127.0.0.1, host: localhost, ports: [REPLICATION=46553, RATIS=33201, RATIS_ADMIN=33201, RATIS_SERVER=33201, STANDALONE=46807], networkLocation: /default-rack, certSerialId: null, persistedOpState: IN_SERVICE, persistedOpStateExpiryEpochSec: 0}2e564fa8-312b-4913-8140-cec84c445c17{ip: 127.0.0.1, host: localhost, ports: [REPLICATION=43161, RATIS=37125, RATIS_ADMIN=37125, RATIS_SERVER=37125, STANDALONE=43881], networkLocation: /default-rack, certSerialId: null, persistedOpState: IN_SERVICE, persistedOpStateExpiryEpochSec: 0}d98c3e5c-49fa-4679-a7d6-b0bafe1f3c0f{ip: 127.0.0.1, host: localhost, ports: [REPLICATION=39357, RATIS=42503, RATIS_ADMIN=42503, RATIS_SERVER=42503, STANDALONE=36231], networkLocation: /default-rack, certSerialId: null, persistedOpState: IN_SERVICE, persistedOpStateExpiryEpochSec: 0}, ReplicationConfig: RATIS/THREE, State:ALLOCATED, leaderId:2e564fa8-312b-4913-8140-cec84c445c17, CreationTimestamp2021-11-30T13:17:35.833Z[Etc/UTC]] moved to OPEN state
2021-11-30 13:17:41,905 [EventQueue-PipelineReportForPipelineReportHandler] ERROR events.SingleThreadExecutor (SingleThreadExecutor.java:lambda$onMessage$1(88)) - Error on execution message org.apache.hadoop.hdds.scm.server.SCMDatanodeHeartbeatDispatcher$PipelineReportFromDatanode@65f0c291
java.lang.reflect.UndeclaredThrowableException
	at com.sun.proxy.$Proxy23.updatePipelineState(Unknown Source)
	at org.apache.hadoop.hdds.scm.pipeline.PipelineManagerImpl.openPipeline(PipelineManagerImpl.java:290)
	at org.apache.hadoop.hdds.scm.pipeline.PipelineReportHandler.processPipelineReport(PipelineReportHandler.java:133)
	at org.apache.hadoop.hdds.scm.pipeline.PipelineReportHandler.onMessage(PipelineReportHandler.java:92)
	at org.apache.hadoop.hdds.scm.pipeline.PipelineReportHandler.onMessage(PipelineReportHandler.java:51)
	at org.apache.hadoop.hdds.server.events.SingleThreadExecutor.lambda$onMessage$1(SingleThreadExecutor.java:85)
	at java.util.concurrent.ThreadPoolExecutor.runWorker(ThreadPoolExecutor.java:1149)
	at java.util.concurrent.ThreadPoolExecutor$Worker.run(ThreadPoolExecutor.java:624)
	at java.lang.Thread.run(Thread.java:748)
Caused by: java.util.concurrent.ExecutionException: org.apache.ratis.protocol.exceptions.ServerNotReadyException: b10f987c-932c-43f2-b8db-c7c3d55faa91@group-F37D1847179E is not in [RUNNING]: current state is CLOSED
	at java.util.concurrent.CompletableFuture.reportGet(CompletableFuture.java:357)
	at java.util.concurrent.CompletableFuture.get(CompletableFuture.java:1928)
	at org.apache.hadoop.hdds.scm.ha.SCMRatisServerImpl.submitRequest(SCMRatisServerImpl.java:223)
	at org.apache.hadoop.hdds.scm.ha.SCMHAInvocationHandler.invokeRatis(SCMHAInvocationHandler.java:110)
	at org.apache.hadoop.hdds.scm.ha.SCMHAInvocationHandler.invoke(SCMHAInvocationHandler.java:67)
	... 9 more
Caused by: org.apache.ratis.protocol.exceptions.ServerNotReadyException: b10f987c-932c-43f2-b8db-c7c3d55faa91@group-F37D1847179E is not in [RUNNING]: current state is CLOSED
	at org.apache.ratis.server.impl.RaftServerImpl.lambda$assertLifeCycleState$9(RaftServerImpl.java:672)
	at org.apache.ratis.util.LifeCycle.assertCurrentState(LifeCycle.java:253)
	at org.apache.ratis.server.impl.RaftServerImpl.assertLifeCycleState(RaftServerImpl.java:671)
	at org.apache.ratis.server.impl.RaftServerImpl.submitClientRequestAsync(RaftServerImpl.java:748)
	at org.apache.ratis.server.impl.RaftServerProxy.lambda$submitClientRequestAsync$9(RaftServerProxy.java:417)
	at org.apache.ratis.server.impl.RaftServerProxy.lambda$null$7(RaftServerProxy.java:412)
	at org.apache.ratis.util.JavaUtils.callAsUnchecked(JavaUtils.java:115)
	at org.apache.ratis.server.impl.RaftServerProxy.lambda$submitRequest$8(RaftServerProxy.java:412)
	at java.util.concurrent.CompletableFuture.uniComposeStage(CompletableFuture.java:995)
	at java.util.concurrent.CompletableFuture.thenCompose(CompletableFuture.java:2137)
	at org.apache.ratis.server.impl.RaftServerProxy.submitRequest(RaftServerProxy.java:411)
	at org.apache.ratis.server.impl.RaftServerProxy.submitClientRequestAsync(RaftServerProxy.java:417)
	at org.apache.hadoop.hdds.scm.ha.SCMRatisServerImpl.submitRequest(SCMRatisServerImpl.java:222)
	... 11 more
2021-11-30 13:17:42,001 [SCM Heartbeat Processing Thread - 0] WARN  node.NodeStateManager (NodeStateManager.java:scheduleNextHealthCheck(799)) - Current Thread is interrupted, shutting down HB processing thread for Node Manager.
2021-11-30 13:17:42,001 [Listener at 127.0.0.1/10012] INFO  server.StorageContainerManager (StorageContainerManager.java:stop(1431)) - Stopping block service RPC server
2021-11-30 13:17:42,002 [Listener at 127.0.0.1/10012] INFO  server.SCMBlockProtocolServer (SCMBlockProtocolServer.java:stop(160)) - Stopping the RPC server for Block Protocol
2021-11-30 13:17:42,002 [Listener at 127.0.0.1/10012] INFO  ipc.Server (Server.java:stop(3414)) - Stopping server on 13402
2021-11-30 13:17:42,008 [Listener at 127.0.0.1/10012] INFO  server.StorageContainerManager (StorageContainerManager.java:stop(1438)) - Stopping the StorageContainerLocationProtocol RPC server
2021-11-30 13:17:42,008 [Listener at 127.0.0.1/10012] INFO  server.SCMClientProtocolServer (SCMClientProtocolServer.java:stop(173)) - Stopping the RPC server for Client Protocol
2021-11-30 13:17:42,008 [Listener at 127.0.0.1/10012] INFO  ipc.Server (Server.java:stop(3414)) - Stopping server on 13403
2021-11-30 13:17:42,008 [IPC Server Responder] INFO  ipc.Server (Server.java:run(1512)) - Stopping IPC Server Responder
2021-11-30 13:17:42,009 [IPC Server listener on 13402] INFO  ipc.Server (Server.java:run(1376)) - Stopping IPC Server listener on 13402
2021-11-30 13:17:42,019 [IPC Server listener on 13403] INFO  ipc.Server (Server.java:run(1376)) - Stopping IPC Server listener on 13403
2021-11-30 13:17:42,028 [IPC Server Responder] INFO  ipc.Server (Server.java:run(1512)) - Stopping IPC Server Responder
2021-11-30 13:17:42,028 [Listener at 127.0.0.1/10012] INFO  server.StorageContainerManager (StorageContainerManager.java:stop(1445)) - Stopping Storage Container Manager HTTP server.
2021-11-30 13:17:42,029 [Listener at 127.0.0.1/10012] INFO  handler.ContextHandler (ContextHandler.java:doStop(1153)) - Stopped o.e.j.w.WebAppContext@1540be61{scm,/,null,STOPPED}{file:/home/runner/work/ozone/ozone/hadoop-ozone/integration-test/target/test-classes/webapps/scm}
2021-11-30 13:17:42,031 [Listener at 127.0.0.1/10012] INFO  server.AbstractConnector (AbstractConnector.java:doStop(381)) - Stopped ServerConnector@4016ec40{HTTP/1.1, (http/1.1)}{0.0.0.0:13398}
2021-11-30 13:17:42,031 [Listener at 127.0.0.1/10012] INFO  server.session (HouseKeeper.java:stopScavenging(149)) - node0 Stopped scavenging
2021-11-30 13:17:42,032 [Listener at 127.0.0.1/10012] INFO  handler.ContextHandler (ContextHandler.java:doStop(1153)) - Stopped o.e.j.s.ServletContextHandler@6bda9fd9{static,/static,file:///home/runner/work/ozone/ozone/hadoop-ozone/integration-test/target/test-classes/webapps/static,STOPPED}
2021-11-30 13:17:42,032 [Listener at 127.0.0.1/10012] INFO  handler.ContextHandler (ContextHandler.java:doStop(1153)) - Stopped o.e.j.s.ServletContextHandler@4d5e60{logs,/logs,file:///home/runner/work/ozone/ozone/hadoop-ozone/integration-test/target/log,STOPPED}
2021-11-30 13:17:42,033 [Listener at 127.0.0.1/10012] INFO  server.StorageContainerManager (StorageContainerManager.java:stop(1456)) - Stopping Block Manager Service.
2021-11-30 13:17:42,033 [Listener at 127.0.0.1/10012] INFO  utils.BackgroundService (BackgroundService.java:shutdown(132)) - Shutting down service SCMBlockDeletingService
2021-11-30 13:17:42,033 [Listener at 127.0.0.1/10012] INFO  utils.BackgroundService (BackgroundService.java:shutdown(132)) - Shutting down service SCMBlockDeletingService
2021-11-30 13:17:42,033 [Listener at 127.0.0.1/10012] INFO  server.StorageContainerManager (StorageContainerManager.java:stop(1483)) - Stopping SCM Event Queue.
2021-11-30 13:17:42,034 [Listener at 127.0.0.1/10012] INFO  server.StorageContainerManager (StorageContainerManager.java:stop(1494)) - Stopping SCM HA services.
2021-11-30 13:17:42,035 [Listener at 127.0.0.1/10012] INFO  ha.SCMRatisServerImpl (SCMRatisServerImpl.java:stop(236)) - stopping ratis server 0.0.0.0:13400
2021-11-30 13:17:42,035 [Listener at 127.0.0.1/10012] INFO  server.RaftServer (RaftServerProxy.java:lambda$close$6(391)) - e2ff296b-9428-40f2-9fe9-4cc07b88cea2: close
2021-11-30 13:17:42,035 [Listener at 127.0.0.1/10012] INFO  server.RaftServer$Division (RaftServerImpl.java:lambda$close$4(412)) - e2ff296b-9428-40f2-9fe9-4cc07b88cea2@group-F37D1847179E: shutdown
2021-11-30 13:17:42,035 [Listener at 127.0.0.1/10012] INFO  util.JmxRegister (JmxRegister.java:unregister(73)) - Successfully un-registered JMX Bean with object name Ratis:service=RaftServer,group=group-F37D1847179E,id=e2ff296b-9428-40f2-9fe9-4cc07b88cea2
2021-11-30 13:17:42,035 [Listener at 127.0.0.1/10012] INFO  impl.RoleInfo (RoleInfo.java:shutdownLeaderState(91)) - e2ff296b-9428-40f2-9fe9-4cc07b88cea2: shutdown e2ff296b-9428-40f2-9fe9-4cc07b88cea2@group-F37D1847179E-LeaderStateImpl
2021-11-30 13:17:42,036 [e2ff296b-9428-40f2-9fe9-4cc07b88cea2@group-F37D1847179E->b10f987c-932c-43f2-b8db-c7c3d55faa91-GrpcLogAppender-LogAppenderDaemon] WARN  server.GrpcLogAppender (GrpcLogAppender.java:mayWait(177)) - e2ff296b-9428-40f2-9fe9-4cc07b88cea2@group-F37D1847179E->b10f987c-932c-43f2-b8db-c7c3d55faa91-GrpcLogAppender: Wait interrupted by java.lang.InterruptedException
2021-11-30 13:17:42,036 [grpc-default-executor-3] INFO  server.GrpcServerProtocolService (GrpcServerProtocolService.java:onCompleted(140)) - b10f987c-932c-43f2-b8db-c7c3d55faa91: Completed APPEND_ENTRIES, lastRequest: e2ff296b-9428-40f2-9fe9-4cc07b88cea2->b10f987c-932c-43f2-b8db-c7c3d55faa91#20-t2,previous=(t:2, i:29),leaderCommit=29,initializing? true,entries: size=1, first=(t:2, i:30), METADATAENTRY(c:29)
2021-11-30 13:17:42,037 [grpc-default-executor-2] INFO  server.GrpcLogAppender (GrpcLogAppender.java:onCompleted(346)) - e2ff296b-9428-40f2-9fe9-4cc07b88cea2@group-F37D1847179E->b10f987c-932c-43f2-b8db-c7c3d55faa91-AppendLogResponseHandler: follower responses appendEntries COMPLETED
2021-11-30 13:17:42,037 [grpc-default-executor-2] INFO  leader.FollowerInfo (FollowerInfoImpl.java:lambda$new$0(47)) - e2ff296b-9428-40f2-9fe9-4cc07b88cea2@group-F37D1847179E->b10f987c-932c-43f2-b8db-c7c3d55faa91: nextIndex: updateUnconditionally 31 -> 30
2021-11-30 13:17:42,038 [e2ff296b-9428-40f2-9fe9-4cc07b88cea2@group-F37D1847179E->0f6dc6cb-fd39-4234-9fee-aa41e9cd5640-GrpcLogAppender-LogAppenderDaemon] WARN  server.GrpcLogAppender (GrpcLogAppender.java:mayWait(177)) - e2ff296b-9428-40f2-9fe9-4cc07b88cea2@group-F37D1847179E->0f6dc6cb-fd39-4234-9fee-aa41e9cd5640-GrpcLogAppender: Wait interrupted by java.lang.InterruptedException
2021-11-30 13:17:42,038 [Listener at 127.0.0.1/10012] INFO  impl.PendingRequests (PendingRequests.java:sendNotLeaderResponses(282)) - e2ff296b-9428-40f2-9fe9-4cc07b88cea2@group-F37D1847179E-PendingRequests: sendNotLeaderResponses
2021-11-30 13:17:42,038 [Listener at 127.0.0.1/10012] INFO  ha.SCMStateMachine (SCMStateMachine.java:notifyNotLeader(190)) - current leader SCM steps down.
2021-11-30 13:17:42,038 [Listener at 127.0.0.1/10012] INFO  ha.SCMContext (SCMContext.java:updateLeaderAndTerm(88)) - update <isLeader,term> from <true,2> to <false,0>
2021-11-30 13:17:42,038 [Listener at 127.0.0.1/10012] INFO  ha.SCMContext (SCMContext.java:updateLeaderAndTerm(95)) - update <isLeaderReady> from <false> to <false>
2021-11-30 13:17:42,046 [Listener at 127.0.0.1/10012] INFO  impl.StateMachineUpdater (StateMachineUpdater.java:stopAndJoin(149)) - e2ff296b-9428-40f2-9fe9-4cc07b88cea2@group-F37D1847179E-StateMachineUpdater: set stopIndex = 30
2021-11-30 13:17:42,046 [Listener at 127.0.0.1/10012] INFO  server.RaftServer$Division (ServerState.java:close(419)) - e2ff296b-9428-40f2-9fe9-4cc07b88cea2@group-F37D1847179E: closes. applyIndex: 30
2021-11-30 13:17:42,046 [e2ff296b-9428-40f2-9fe9-4cc07b88cea2@group-F37D1847179E-SegmentedRaftLogWorker] INFO  segmented.SegmentedRaftLogWorker (SegmentedRaftLogWorker.java:run(327)) - e2ff296b-9428-40f2-9fe9-4cc07b88cea2@group-F37D1847179E-SegmentedRaftLogWorker was interrupted, exiting. There are 0 tasks remaining in the queue.
2021-11-30 13:17:42,048 [Listener at 127.0.0.1/10012] INFO  segmented.SegmentedRaftLogWorker (SegmentedRaftLogWorker.java:close(237)) - e2ff296b-9428-40f2-9fe9-4cc07b88cea2@group-F37D1847179E-SegmentedRaftLogWorker close()
2021-11-30 13:17:42,056 [Listener at 127.0.0.1/10012] INFO  server.GrpcService (GrpcService.java:closeImpl(262)) - e2ff296b-9428-40f2-9fe9-4cc07b88cea2: shutdown server with port 13400 now
2021-11-30 13:17:42,063 [Listener at 127.0.0.1/10012] INFO  server.GrpcService (GrpcService.java:closeImpl(271)) - e2ff296b-9428-40f2-9fe9-4cc07b88cea2: shutdown server with port 13400 successfully
2021-11-30 13:17:42,063 [org.apache.ratis.util.JvmPauseMonitor$$Lambda$499/638525764@40ea0f55] INFO  util.JvmPauseMonitor (JvmPauseMonitor.java:run(109)) - JvmPauseMonitor-e2ff296b-9428-40f2-9fe9-4cc07b88cea2: Stopped
2021-11-30 13:17:42,064 [Listener at 127.0.0.1/10012] INFO  pipeline.BackgroundPipelineCreator (BackgroundPipelineCreator.java:stop(158)) - Stopping RatisPipelineUtilsThread.
2021-11-30 13:17:42,064 [Listener at 127.0.0.1/10012] INFO  server.StorageContainerManager (StorageContainerManager.java:stop(1504)) - Stopping SCM MetadataStore.
2021-11-30 13:17:42,065 [Listener at 127.0.0.1/10012] INFO  impl.MetricsSystemImpl (MetricsSystemImpl.java:stop(205)) - StorageContainerManager metrics system stopped (again)
2021-11-30 13:17:42,065 [Listener at 127.0.0.1/10012] INFO  ozone.MiniOzoneHAClusterImpl (MiniOzoneHAClusterImpl.java:stop(324)) - Stopping the StorageContainerManager b10f987c-932c-43f2-b8db-c7c3d55faa91
2021-11-30 13:17:42,065 [Listener at 127.0.0.1/10012] INFO  server.StorageContainerManager (StorageContainerManager.java:stop(1395)) - Stopping Container Balancer service.
2021-11-30 13:17:42,065 [Listener at 127.0.0.1/10012] INFO  balancer.ContainerBalancer (ContainerBalancer.java:stop(734)) - Container Balancer is not running.
2021-11-30 13:17:42,066 [Listener at 127.0.0.1/10012] INFO  server.StorageContainerManager (StorageContainerManager.java:stop(1402)) - Stopping Replication Manager Service.
2021-11-30 13:17:42,066 [Listener at 127.0.0.1/10012] INFO  container.ReplicationManager (ReplicationManager.java:stop(350)) - Stopping Replication Monitor Thread.
2021-11-30 13:17:42,066 [Listener at 127.0.0.1/10012] INFO  server.StorageContainerManager (StorageContainerManager.java:stop(1409)) - Stopping the Datanode Admin Monitor.
2021-11-30 13:17:42,066 [Listener at 127.0.0.1/10012] INFO  server.StorageContainerManager (StorageContainerManager.java:stop(1416)) - Stopping Lease Manager of the command watchers
2021-11-30 13:17:42,066 [Listener at 127.0.0.1/10012] INFO  server.StorageContainerManager (StorageContainerManager.java:stop(1423)) - Stopping datanode service RPC server
2021-11-30 13:17:42,066 [Listener at 127.0.0.1/10012] INFO  server.SCMDatanodeProtocolServer (SCMDatanodeProtocolServer.java:stop(389)) - Stopping the RPC server for DataNodes
2021-11-30 13:17:42,066 [Listener at 127.0.0.1/10012] INFO  ipc.Server (Server.java:stop(3414)) - Stopping server on 13421
2021-11-30 13:17:42,069 [IPC Server listener on 13421] INFO  ipc.Server (Server.java:run(1376)) - Stopping IPC Server listener on 13421
2021-11-30 13:17:42,070 [IPC Server Responder] INFO  ipc.Server (Server.java:run(1512)) - Stopping IPC Server Responder
2021-11-30 13:17:42,103 [EndpointStateMachine task thread for /127.0.0.1:13421 - 0 ] WARN  statemachine.EndpointStateMachine (EndpointStateMachine.java:logIfNeeded(236)) - Unable to communicate to SCM server at localhost:13421 for past 0 seconds.
java.io.EOFException: End of File Exception between local host is: "fv-az148-447/10.1.0.48"; destination host is: "localhost":13421; : java.io.EOFException; For more details see:  http://wiki.apache.org/hadoop/EOFException
	at sun.reflect.NativeConstructorAccessorImpl.newInstance0(Native Method)
	at sun.reflect.NativeConstructorAccessorImpl.newInstance(NativeConstructorAccessorImpl.java:62)
	at sun.reflect.DelegatingConstructorAccessorImpl.newInstance(DelegatingConstructorAccessorImpl.java:45)
	at java.lang.reflect.Constructor.newInstance(Constructor.java:423)
	at org.apache.hadoop.net.NetUtils.wrapWithMessage(NetUtils.java:913)
	at org.apache.hadoop.net.NetUtils.wrapException(NetUtils.java:862)
	at org.apache.hadoop.ipc.Client.getRpcResponse(Client.java:1577)
	at org.apache.hadoop.ipc.Client.call(Client.java:1519)
	at org.apache.hadoop.ipc.Client.call(Client.java:1416)
	at org.apache.hadoop.ipc.ProtobufRpcEngine$Invoker.invoke(ProtobufRpcEngine.java:236)
	at org.apache.hadoop.ipc.ProtobufRpcEngine$Invoker.invoke(ProtobufRpcEngine.java:123)
	at com.sun.proxy.$Proxy48.submitRequest(Unknown Source)
	at org.apache.hadoop.ozone.protocolPB.StorageContainerDatanodeProtocolClientSideTranslatorPB.submitRequest(StorageContainerDatanodeProtocolClientSideTranslatorPB.java:117)
	at org.apache.hadoop.ozone.protocolPB.StorageContainerDatanodeProtocolClientSideTranslatorPB.sendHeartbeat(StorageContainerDatanodeProtocolClientSideTranslatorPB.java:149)
	at org.apache.hadoop.ozone.container.common.states.endpoint.HeartbeatEndpointTask.call(HeartbeatEndpointTask.java:179)
	at org.apache.hadoop.ozone.container.common.states.endpoint.HeartbeatEndpointTask.call(HeartbeatEndpointTask.java:82)
	at java.util.concurrent.FutureTask.run(FutureTask.java:266)
	at java.util.concurrent.ThreadPoolExecutor.runWorker(ThreadPoolExecutor.java:1149)
	at java.util.concurrent.ThreadPoolExecutor$Worker.run(ThreadPoolExecutor.java:624)
	at java.lang.Thread.run(Thread.java:748)
Caused by: java.io.EOFException
	at java.io.DataInputStream.readInt(DataInputStream.java:392)
	at org.apache.hadoop.ipc.Client$IpcStreams.readResponse(Client.java:1892)
	at org.apache.hadoop.ipc.Client$Connection.receiveRpcResponse(Client.java:1202)
	at org.apache.hadoop.ipc.Client$Connection.run(Client.java:1098)
2021-11-30 13:17:42,103 [EndpointStateMachine task thread for /127.0.0.1:13411 - 0 ] INFO  ipc.Client (Client.java:handleConnectionFailure(977)) - Retrying connect to server: localhost/127.0.0.1:13411. Already tried 0 time(s); retry policy is RetryUpToMaximumCountWithFixedSleep(maxRetries=15, sleepTime=1000 MILLISECONDS)
2021-11-30 13:17:42,112 [SCM Heartbeat Processing Thread - 0] WARN  node.NodeStateManager (NodeStateManager.java:scheduleNextHealthCheck(799)) - Current Thread is interrupted, shutting down HB processing thread for Node Manager.
2021-11-30 13:17:42,112 [Listener at 127.0.0.1/10012] INFO  server.StorageContainerManager (StorageContainerManager.java:stop(1431)) - Stopping block service RPC server
2021-11-30 13:17:42,113 [Listener at 127.0.0.1/10012] INFO  server.SCMBlockProtocolServer (SCMBlockProtocolServer.java:stop(160)) - Stopping the RPC server for Block Protocol
2021-11-30 13:17:42,113 [Listener at 127.0.0.1/10012] INFO  ipc.Server (Server.java:stop(3414)) - Stopping server on 13422
2021-11-30 13:17:42,113 [IPC Server listener on 13422] INFO  ipc.Server (Server.java:run(1376)) - Stopping IPC Server listener on 13422
2021-11-30 13:17:42,118 [IPC Server Responder] INFO  ipc.Server (Server.java:run(1512)) - Stopping IPC Server Responder
2021-11-30 13:17:42,118 [Listener at 127.0.0.1/10012] INFO  server.StorageContainerManager (StorageContainerManager.java:stop(1438)) - Stopping the StorageContainerLocationProtocol RPC server
2021-11-30 13:17:42,118 [Listener at 127.0.0.1/10012] INFO  server.SCMClientProtocolServer (SCMClientProtocolServer.java:stop(173)) - Stopping the RPC server for Client Protocol
2021-11-30 13:17:42,118 [Listener at 127.0.0.1/10012] INFO  ipc.Server (Server.java:stop(3414)) - Stopping server on 13423
2021-11-30 13:17:42,120 [IPC Server listener on 13423] INFO  ipc.Server (Server.java:run(1376)) - Stopping IPC Server listener on 13423
2021-11-30 13:17:42,120 [IPC Server Responder] INFO  ipc.Server (Server.java:run(1512)) - Stopping IPC Server Responder
2021-11-30 13:17:42,122 [Listener at 127.0.0.1/10012] INFO  server.StorageContainerManager (StorageContainerManager.java:stop(1445)) - Stopping Storage Container Manager HTTP server.
2021-11-30 13:17:42,122 [Listener at 127.0.0.1/10012] INFO  handler.ContextHandler (ContextHandler.java:doStop(1153)) - Stopped o.e.j.w.WebAppContext@46af3131{scm,/,null,STOPPED}{file:/home/runner/work/ozone/ozone/hadoop-ozone/integration-test/target/test-classes/webapps/scm}
2021-11-30 13:17:42,125 [Listener at 127.0.0.1/10012] INFO  server.AbstractConnector (AbstractConnector.java:doStop(381)) - Stopped ServerConnector@41db4a32{HTTP/1.1, (http/1.1)}{0.0.0.0:13418}
2021-11-30 13:17:42,125 [Listener at 127.0.0.1/10012] INFO  server.session (HouseKeeper.java:stopScavenging(149)) - node0 Stopped scavenging
2021-11-30 13:17:42,125 [Listener at 127.0.0.1/10012] INFO  handler.ContextHandler (ContextHandler.java:doStop(1153)) - Stopped o.e.j.s.ServletContextHandler@14d7d1a8{static,/static,file:///home/runner/work/ozone/ozone/hadoop-ozone/integration-test/target/test-classes/webapps/static,STOPPED}
2021-11-30 13:17:42,125 [Listener at 127.0.0.1/10012] INFO  handler.ContextHandler (ContextHandler.java:doStop(1153)) - Stopped o.e.j.s.ServletContextHandler@121e3c62{logs,/logs,file:///home/runner/work/ozone/ozone/hadoop-ozone/integration-test/target/log,STOPPED}
2021-11-30 13:17:42,127 [Listener at 127.0.0.1/10012] INFO  server.StorageContainerManager (StorageContainerManager.java:stop(1456)) - Stopping Block Manager Service.
2021-11-30 13:17:42,127 [Listener at 127.0.0.1/10012] INFO  utils.BackgroundService (BackgroundService.java:shutdown(132)) - Shutting down service SCMBlockDeletingService
2021-11-30 13:17:42,128 [Listener at 127.0.0.1/10012] INFO  utils.BackgroundService (BackgroundService.java:shutdown(132)) - Shutting down service SCMBlockDeletingService
2021-11-30 13:17:42,129 [Listener at 127.0.0.1/10012] INFO  server.StorageContainerManager (StorageContainerManager.java:stop(1483)) - Stopping SCM Event Queue.
2021-11-30 13:17:42,135 [Listener at 127.0.0.1/10012] INFO  server.StorageContainerManager (StorageContainerManager.java:stop(1494)) - Stopping SCM HA services.
2021-11-30 13:17:42,136 [Listener at 127.0.0.1/10012] INFO  ha.SCMRatisServerImpl (SCMRatisServerImpl.java:stop(236)) - stopping ratis server 0.0.0.0:13420
2021-11-30 13:17:42,136 [Listener at 127.0.0.1/10012] INFO  server.RaftServer (RaftServerProxy.java:lambda$close$6(391)) - b10f987c-932c-43f2-b8db-c7c3d55faa91: close
2021-11-30 13:17:42,136 [Listener at 127.0.0.1/10012] INFO  server.GrpcService (GrpcService.java:closeImpl(262)) - b10f987c-932c-43f2-b8db-c7c3d55faa91: shutdown server with port 13420 now
2021-11-30 13:17:42,137 [Listener at 127.0.0.1/10012] INFO  server.GrpcService (GrpcService.java:closeImpl(271)) - b10f987c-932c-43f2-b8db-c7c3d55faa91: shutdown server with port 13420 successfully
2021-11-30 13:17:42,137 [org.apache.ratis.util.JvmPauseMonitor$$Lambda$499/638525764@2b1205a7] INFO  util.JvmPauseMonitor (JvmPauseMonitor.java:run(109)) - JvmPauseMonitor-b10f987c-932c-43f2-b8db-c7c3d55faa91: Stopped
2021-11-30 13:17:42,138 [Listener at 127.0.0.1/10012] INFO  pipeline.BackgroundPipelineCreator (BackgroundPipelineCreator.java:stop(158)) - Stopping RatisPipelineUtilsThread.
2021-11-30 13:17:42,138 [Listener at 127.0.0.1/10012] INFO  server.StorageContainerManager (StorageContainerManager.java:stop(1504)) - Stopping SCM MetadataStore.
2021-11-30 13:17:42,140 [Listener at 127.0.0.1/10012] INFO  impl.MetricsSystemImpl (MetricsSystemImpl.java:stop(205)) - StorageContainerManager metrics system stopped (again)
2021-11-30 13:17:42,140 [Listener at 127.0.0.1/10012] INFO  ozone.MiniOzoneClusterImpl (MiniOzoneClusterImpl.java:stop(468)) - Stopping the Mini Ozone Cluster
2021-11-30 13:17:42,141 [Listener at 127.0.0.1/10012] INFO  ozone.MiniOzoneClusterImpl (MiniOzoneClusterImpl.java:stopDatanodes(527)) - Stopping the HddsDatanodes
2021-11-30 13:17:42,487 [EndpointStateMachine task thread for /127.0.0.1:13705 - 0 ] INFO  ipc.Client (Client.java:handleConnectionFailure(977)) - Retrying connect to server: localhost/127.0.0.1:13705. Already tried 14 time(s); retry policy is RetryUpToMaximumCountWithFixedSleep(maxRetries=15, sleepTime=1000 MILLISECONDS)
2021-11-30 13:17:42,487 [EndpointStateMachine task thread for /127.0.0.1:13685 - 0 ] INFO  ipc.Client (Client.java:handleConnectionFailure(977)) - Retrying connect to server: localhost/127.0.0.1:13685. Already tried 14 time(s); retry policy is RetryUpToMaximumCountWithFixedSleep(maxRetries=15, sleepTime=1000 MILLISECONDS)
2021-11-30 13:17:42,488 [EndpointStateMachine task thread for /127.0.0.1:13685 - 0 ] WARN  statemachine.EndpointStateMachine (EndpointStateMachine.java:logIfNeeded(236)) - Unable to communicate to SCM server at localhost:13685 for past 0 seconds.
java.net.ConnectException: Call From fv-az148-447/10.1.0.48 to localhost:13685 failed on connection exception: java.net.ConnectException: Connection refused; For more details see:  http://wiki.apache.org/hadoop/ConnectionRefused
	at sun.reflect.NativeConstructorAccessorImpl.newInstance0(Native Method)
	at sun.reflect.NativeConstructorAccessorImpl.newInstance(NativeConstructorAccessorImpl.java:62)
	at sun.reflect.DelegatingConstructorAccessorImpl.newInstance(DelegatingConstructorAccessorImpl.java:45)
	at java.lang.reflect.Constructor.newInstance(Constructor.java:423)
	at org.apache.hadoop.net.NetUtils.wrapWithMessage(NetUtils.java:913)
	at org.apache.hadoop.net.NetUtils.wrapException(NetUtils.java:828)
	at org.apache.hadoop.ipc.Client.getRpcResponse(Client.java:1577)
	at org.apache.hadoop.ipc.Client.call(Client.java:1519)
	at org.apache.hadoop.ipc.Client.call(Client.java:1416)
	at org.apache.hadoop.ipc.ProtobufRpcEngine$Invoker.invoke(ProtobufRpcEngine.java:236)
	at org.apache.hadoop.ipc.ProtobufRpcEngine$Invoker.invoke(ProtobufRpcEngine.java:123)
	at com.sun.proxy.$Proxy48.submitRequest(Unknown Source)
	at org.apache.hadoop.ozone.protocolPB.StorageContainerDatanodeProtocolClientSideTranslatorPB.submitRequest(StorageContainerDatanodeProtocolClientSideTranslatorPB.java:117)
	at org.apache.hadoop.ozone.protocolPB.StorageContainerDatanodeProtocolClientSideTranslatorPB.sendHeartbeat(StorageContainerDatanodeProtocolClientSideTranslatorPB.java:149)
	at org.apache.hadoop.ozone.container.common.states.endpoint.HeartbeatEndpointTask.call(HeartbeatEndpointTask.java:179)
	at org.apache.hadoop.ozone.container.common.states.endpoint.HeartbeatEndpointTask.call(HeartbeatEndpointTask.java:82)
	at java.util.concurrent.FutureTask.run(FutureTask.java:266)
	at java.util.concurrent.ThreadPoolExecutor.runWorker(ThreadPoolExecutor.java:1149)
	at java.util.concurrent.ThreadPoolExecutor$Worker.run(ThreadPoolExecutor.java:624)
	at java.lang.Thread.run(Thread.java:748)
Caused by: java.net.ConnectException: Connection refused
	at sun.nio.ch.SocketChannelImpl.checkConnect(Native Method)
	at sun.nio.ch.SocketChannelImpl.finishConnect(SocketChannelImpl.java:716)
	at org.apache.hadoop.net.SocketIOWithTimeout.connect(SocketIOWithTimeout.java:206)
	at org.apache.hadoop.net.NetUtils.connect(NetUtils.java:586)
	at org.apache.hadoop.ipc.Client$Connection.setupConnection(Client.java:701)
	at org.apache.hadoop.ipc.Client$Connection.setupIOstreams(Client.java:822)
	at org.apache.hadoop.ipc.Client$Connection.access$3800(Client.java:414)
	at org.apache.hadoop.ipc.Client.getConnection(Client.java:1647)
	at org.apache.hadoop.ipc.Client.call(Client.java:1463)
	... 12 more
2021-11-30 13:17:42,496 [EndpointStateMachine task thread for /127.0.0.1:13695 - 0 ] INFO  ipc.Client (Client.java:handleConnectionFailure(977)) - Retrying connect to server: localhost/127.0.0.1:13695. Already tried 14 time(s); retry policy is RetryUpToMaximumCountWithFixedSleep(maxRetries=15, sleepTime=1000 MILLISECONDS)
2021-11-30 13:17:42,573 [EndpointStateMachine task thread for /127.0.0.1:13401 - 0 ] INFO  ipc.Client (Client.java:handleConnectionFailure(977)) - Retrying connect to server: localhost/127.0.0.1:13401. Already tried 0 time(s); retry policy is RetryUpToMaximumCountWithFixedSleep(maxRetries=15, sleepTime=1000 MILLISECONDS)
2021-11-30 13:17:42,575 [Datanode State Machine Daemon Thread] ERROR datanode.RunningDatanodeState (RunningDatanodeState.java:computeNextContainerState(199)) - Error in executing end point task.
java.util.concurrent.ExecutionException: java.util.concurrent.TimeoutException
	at java.util.concurrent.FutureTask.report(FutureTask.java:122)
	at java.util.concurrent.FutureTask.get(FutureTask.java:192)
	at org.apache.hadoop.ozone.container.common.states.datanode.RunningDatanodeState.computeNextContainerState(RunningDatanodeState.java:191)
	at org.apache.hadoop.ozone.container.common.states.datanode.RunningDatanodeState.await(RunningDatanodeState.java:231)
	at org.apache.hadoop.ozone.container.common.states.datanode.RunningDatanodeState.await(RunningDatanodeState.java:50)
	at org.apache.hadoop.ozone.container.common.statemachine.StateContext.execute(StateContext.java:633)
	at org.apache.hadoop.ozone.container.common.statemachine.DatanodeStateMachine.start(DatanodeStateMachine.java:280)
	at org.apache.hadoop.ozone.container.common.statemachine.DatanodeStateMachine.lambda$startDaemon$0(DatanodeStateMachine.java:468)
	at java.lang.Thread.run(Thread.java:748)
Caused by: java.util.concurrent.TimeoutException
	at java.util.concurrent.FutureTask.get(FutureTask.java:205)
	at org.apache.hadoop.ozone.container.common.states.datanode.RunningDatanodeState.lambda$execute$0(RunningDatanodeState.java:149)
	at java.util.concurrent.FutureTask.run(FutureTask.java:266)
	at java.util.concurrent.Executors$RunnableAdapter.call(Executors.java:511)
	at java.util.concurrent.FutureTask.run(FutureTask.java:266)
	at java.util.concurrent.ThreadPoolExecutor.runWorker(ThreadPoolExecutor.java:1149)
	at java.util.concurrent.ThreadPoolExecutor$Worker.run(ThreadPoolExecutor.java:624)
	... 1 more
2021-11-30 13:17:42,902 [Datanode State Machine Daemon Thread] WARN  statemachine.StateContext (StateContext.java:setState(249)) - Ignore disallowed transition from SHUTDOWN to RUNNING
2021-11-30 13:17:43,102 [Datanode State Machine Daemon Thread] WARN  statemachine.StateContext (StateContext.java:setState(249)) - Ignore disallowed transition from SHUTDOWN to RUNNING
2021-11-30 13:17:43,105 [EndpointStateMachine task thread for /127.0.0.1:13411 - 0 ] INFO  ipc.Client (Client.java:handleConnectionFailure(977)) - Retrying connect to server: localhost/127.0.0.1:13411. Already tried 1 time(s); retry policy is RetryUpToMaximumCountWithFixedSleep(maxRetries=15, sleepTime=1000 MILLISECONDS)
2021-11-30 13:17:43,488 [EndpointStateMachine task thread for /127.0.0.1:13705 - 0 ] INFO  ipc.Client (Client.java:handleConnectionFailure(977)) - Retrying connect to server: localhost/127.0.0.1:13705. Already tried 0 time(s); retry policy is RetryUpToMaximumCountWithFixedSleep(maxRetries=15, sleepTime=1000 MILLISECONDS)
2021-11-30 13:17:43,489 [EndpointStateMachine task thread for /127.0.0.1:13685 - 0 ] INFO  ipc.Client (Client.java:handleConnectionFailure(977)) - Retrying connect to server: localhost/127.0.0.1:13685. Already tried 0 time(s); retry policy is RetryUpToMaximumCountWithFixedSleep(maxRetries=15, sleepTime=1000 MILLISECONDS)
2021-11-30 13:17:43,498 [EndpointStateMachine task thread for /127.0.0.1:13695 - 0 ] INFO  ipc.Client (Client.java:handleConnectionFailure(977)) - Retrying connect to server: localhost/127.0.0.1:13695. Already tried 0 time(s); retry policy is RetryUpToMaximumCountWithFixedSleep(maxRetries=15, sleepTime=1000 MILLISECONDS)
2021-11-30 13:17:43,574 [EndpointStateMachine task thread for /127.0.0.1:13401 - 0 ] INFO  ipc.Client (Client.java:handleConnectionFailure(977)) - Retrying connect to server: localhost/127.0.0.1:13401. Already tried 1 time(s); retry policy is RetryUpToMaximumCountWithFixedSleep(maxRetries=15, sleepTime=1000 MILLISECONDS)
2021-11-30 13:17:43,580 [Datanode State Machine Daemon Thread] ERROR datanode.RunningDatanodeState (RunningDatanodeState.java:computeNextContainerState(199)) - Error in executing end point task.
java.util.concurrent.ExecutionException: java.util.concurrent.TimeoutException
	at java.util.concurrent.FutureTask.report(FutureTask.java:122)
	at java.util.concurrent.FutureTask.get(FutureTask.java:192)
	at org.apache.hadoop.ozone.container.common.states.datanode.RunningDatanodeState.computeNextContainerState(RunningDatanodeState.java:191)
	at org.apache.hadoop.ozone.container.common.states.datanode.RunningDatanodeState.await(RunningDatanodeState.java:231)
	at org.apache.hadoop.ozone.container.common.states.datanode.RunningDatanodeState.await(RunningDatanodeState.java:50)
	at org.apache.hadoop.ozone.container.common.statemachine.StateContext.execute(StateContext.java:633)
	at org.apache.hadoop.ozone.container.common.statemachine.DatanodeStateMachine.start(DatanodeStateMachine.java:280)
	at org.apache.hadoop.ozone.container.common.statemachine.DatanodeStateMachine.lambda$startDaemon$0(DatanodeStateMachine.java:468)
	at java.lang.Thread.run(Thread.java:748)
Caused by: java.util.concurrent.TimeoutException
	at java.util.concurrent.FutureTask.get(FutureTask.java:205)
	at org.apache.hadoop.ozone.container.common.states.datanode.RunningDatanodeState.lambda$execute$0(RunningDatanodeState.java:149)
	at java.util.concurrent.FutureTask.run(FutureTask.java:266)
	at java.util.concurrent.Executors$RunnableAdapter.call(Executors.java:511)
	at java.util.concurrent.FutureTask.run(FutureTask.java:266)
	at java.util.concurrent.ThreadPoolExecutor.runWorker(ThreadPoolExecutor.java:1149)
	at java.util.concurrent.ThreadPoolExecutor$Worker.run(ThreadPoolExecutor.java:624)
	... 1 more
2021-11-30 13:17:43,580 [EndpointStateMachine task thread for /127.0.0.1:13421 - 0 ] INFO  ipc.Client (Client.java:handleConnectionFailure(977)) - Retrying connect to server: localhost/127.0.0.1:13421. Already tried 0 time(s); retry policy is RetryUpToMaximumCountWithFixedSleep(maxRetries=15, sleepTime=1000 MILLISECONDS)
2021-11-30 13:17:44,105 [EndpointStateMachine task thread for /127.0.0.1:13411 - 0 ] INFO  ipc.Client (Client.java:handleConnectionFailure(977)) - Retrying connect to server: localhost/127.0.0.1:13411. Already tried 2 time(s); retry policy is RetryUpToMaximumCountWithFixedSleep(maxRetries=15, sleepTime=1000 MILLISECONDS)
2021-11-30 13:17:44,489 [EndpointStateMachine task thread for /127.0.0.1:13705 - 0 ] INFO  ipc.Client (Client.java:handleConnectionFailure(977)) - Retrying connect to server: localhost/127.0.0.1:13705. Already tried 1 time(s); retry policy is RetryUpToMaximumCountWithFixedSleep(maxRetries=15, sleepTime=1000 MILLISECONDS)
2021-11-30 13:17:44,489 [EndpointStateMachine task thread for /127.0.0.1:13685 - 0 ] INFO  ipc.Client (Client.java:handleConnectionFailure(977)) - Retrying connect to server: localhost/127.0.0.1:13685. Already tried 1 time(s); retry policy is RetryUpToMaximumCountWithFixedSleep(maxRetries=15, sleepTime=1000 MILLISECONDS)
2021-11-30 13:17:44,498 [EndpointStateMachine task thread for /127.0.0.1:13695 - 0 ] INFO  ipc.Client (Client.java:handleConnectionFailure(977)) - Retrying connect to server: localhost/127.0.0.1:13695. Already tried 1 time(s); retry policy is RetryUpToMaximumCountWithFixedSleep(maxRetries=15, sleepTime=1000 MILLISECONDS)
2021-11-30 13:17:44,574 [EndpointStateMachine task thread for /127.0.0.1:13401 - 0 ] INFO  ipc.Client (Client.java:handleConnectionFailure(977)) - Retrying connect to server: localhost/127.0.0.1:13401. Already tried 2 time(s); retry policy is RetryUpToMaximumCountWithFixedSleep(maxRetries=15, sleepTime=1000 MILLISECONDS)
2021-11-30 13:17:44,581 [EndpointStateMachine task thread for /127.0.0.1:13421 - 0 ] INFO  ipc.Client (Client.java:handleConnectionFailure(977)) - Retrying connect to server: localhost/127.0.0.1:13421. Already tried 1 time(s); retry policy is RetryUpToMaximumCountWithFixedSleep(maxRetries=15, sleepTime=1000 MILLISECONDS)
2021-11-30 13:17:45,106 [EndpointStateMachine task thread for /127.0.0.1:13411 - 0 ] INFO  ipc.Client (Client.java:handleConnectionFailure(977)) - Retrying connect to server: localhost/127.0.0.1:13411. Already tried 3 time(s); retry policy is RetryUpToMaximumCountWithFixedSleep(maxRetries=15, sleepTime=1000 MILLISECONDS)
2021-11-30 13:17:45,490 [EndpointStateMachine task thread for /127.0.0.1:13705 - 0 ] INFO  ipc.Client (Client.java:handleConnectionFailure(977)) - Retrying connect to server: localhost/127.0.0.1:13705. Already tried 2 time(s); retry policy is RetryUpToMaximumCountWithFixedSleep(maxRetries=15, sleepTime=1000 MILLISECONDS)
2021-11-30 13:17:45,490 [EndpointStateMachine task thread for /127.0.0.1:13685 - 0 ] INFO  ipc.Client (Client.java:handleConnectionFailure(977)) - Retrying connect to server: localhost/127.0.0.1:13685. Already tried 2 time(s); retry policy is RetryUpToMaximumCountWithFixedSleep(maxRetries=15, sleepTime=1000 MILLISECONDS)
2021-11-30 13:17:45,498 [EndpointStateMachine task thread for /127.0.0.1:13695 - 0 ] INFO  ipc.Client (Client.java:handleConnectionFailure(977)) - Retrying connect to server: localhost/127.0.0.1:13695. Already tried 2 time(s); retry policy is RetryUpToMaximumCountWithFixedSleep(maxRetries=15, sleepTime=1000 MILLISECONDS)
2021-11-30 13:17:45,575 [EndpointStateMachine task thread for /127.0.0.1:13401 - 0 ] INFO  ipc.Client (Client.java:handleConnectionFailure(977)) - Retrying connect to server: localhost/127.0.0.1:13401. Already tried 3 time(s); retry policy is RetryUpToMaximumCountWithFixedSleep(maxRetries=15, sleepTime=1000 MILLISECONDS)
2021-11-30 13:17:45,582 [EndpointStateMachine task thread for /127.0.0.1:13421 - 0 ] INFO  ipc.Client (Client.java:handleConnectionFailure(977)) - Retrying connect to server: localhost/127.0.0.1:13421. Already tried 2 time(s); retry policy is RetryUpToMaximumCountWithFixedSleep(maxRetries=15, sleepTime=1000 MILLISECONDS)
2021-11-30 13:17:46,106 [EndpointStateMachine task thread for /127.0.0.1:13411 - 0 ] INFO  ipc.Client (Client.java:handleConnectionFailure(977)) - Retrying connect to server: localhost/127.0.0.1:13411. Already tried 4 time(s); retry policy is RetryUpToMaximumCountWithFixedSleep(maxRetries=15, sleepTime=1000 MILLISECONDS)
2021-11-30 13:17:46,490 [EndpointStateMachine task thread for /127.0.0.1:13705 - 0 ] INFO  ipc.Client (Client.java:handleConnectionFailure(977)) - Retrying connect to server: localhost/127.0.0.1:13705. Already tried 3 time(s); retry policy is RetryUpToMaximumCountWithFixedSleep(maxRetries=15, sleepTime=1000 MILLISECONDS)
2021-11-30 13:17:46,491 [EndpointStateMachine task thread for /127.0.0.1:13685 - 0 ] INFO  ipc.Client (Client.java:handleConnectionFailure(977)) - Retrying connect to server: localhost/127.0.0.1:13685. Already tried 3 time(s); retry policy is RetryUpToMaximumCountWithFixedSleep(maxRetries=15, sleepTime=1000 MILLISECONDS)
2021-11-30 13:17:46,499 [EndpointStateMachine task thread for /127.0.0.1:13695 - 0 ] INFO  ipc.Client (Client.java:handleConnectionFailure(977)) - Retrying connect to server: localhost/127.0.0.1:13695. Already tried 3 time(s); retry policy is RetryUpToMaximumCountWithFixedSleep(maxRetries=15, sleepTime=1000 MILLISECONDS)
2021-11-30 13:17:46,575 [EndpointStateMachine task thread for /127.0.0.1:13401 - 0 ] INFO  ipc.Client (Client.java:handleConnectionFailure(977)) - Retrying connect to server: localhost/127.0.0.1:13401. Already tried 4 time(s); retry policy is RetryUpToMaximumCountWithFixedSleep(maxRetries=15, sleepTime=1000 MILLISECONDS)
2021-11-30 13:17:46,582 [EndpointStateMachine task thread for /127.0.0.1:13421 - 0 ] INFO  ipc.Client (Client.java:handleConnectionFailure(977)) - Retrying connect to server: localhost/127.0.0.1:13421. Already tried 3 time(s); retry policy is RetryUpToMaximumCountWithFixedSleep(maxRetries=15, sleepTime=1000 MILLISECONDS)
2021-11-30 13:17:47,113 [EndpointStateMachine task thread for /127.0.0.1:13411 - 0 ] INFO  ipc.Client (Client.java:handleConnectionFailure(977)) - Retrying connect to server: localhost/127.0.0.1:13411. Already tried 5 time(s); retry policy is RetryUpToMaximumCountWithFixedSleep(maxRetries=15, sleepTime=1000 MILLISECONDS)
2021-11-30 13:17:47,141 [Listener at 127.0.0.1/10012] INFO  ozoneimpl.OzoneContainer (OzoneContainer.java:stop(325)) - Attempting to stop container services.
2021-11-30 13:17:47,142 [ForkJoinPool.commonPool-worker-1] INFO  ozoneimpl.OzoneContainer (OzoneContainer.java:stop(325)) - Attempting to stop container services.
2021-11-30 13:17:47,142 [ForkJoinPool.commonPool-worker-1] INFO  server.RaftServer (RaftServerProxy.java:lambda$close$6(391)) - d98c3e5c-49fa-4679-a7d6-b0bafe1f3c0f: close
2021-11-30 13:17:47,143 [ForkJoinPool.commonPool-worker-1] INFO  server.RaftServer$Division (RaftServerImpl.java:lambda$close$4(412)) - d98c3e5c-49fa-4679-a7d6-b0bafe1f3c0f@group-8C3F35D77C57: shutdown
2021-11-30 13:17:47,143 [ForkJoinPool.commonPool-worker-1] INFO  util.JmxRegister (JmxRegister.java:unregister(73)) - Successfully un-registered JMX Bean with object name Ratis:service=RaftServer,group=group-8C3F35D77C57,id=d98c3e5c-49fa-4679-a7d6-b0bafe1f3c0f
2021-11-30 13:17:47,143 [ForkJoinPool.commonPool-worker-1] INFO  impl.RoleInfo (RoleInfo.java:shutdownLeaderState(91)) - d98c3e5c-49fa-4679-a7d6-b0bafe1f3c0f: shutdown d98c3e5c-49fa-4679-a7d6-b0bafe1f3c0f@group-8C3F35D77C57-LeaderStateImpl
2021-11-30 13:17:47,143 [ForkJoinPool.commonPool-worker-1] INFO  impl.PendingRequests (PendingRequests.java:sendNotLeaderResponses(282)) - d98c3e5c-49fa-4679-a7d6-b0bafe1f3c0f@group-8C3F35D77C57-PendingRequests: sendNotLeaderResponses
2021-11-30 13:17:47,143 [ForkJoinPool.commonPool-worker-1] INFO  impl.StateMachineUpdater (StateMachineUpdater.java:stopAndJoin(149)) - d98c3e5c-49fa-4679-a7d6-b0bafe1f3c0f@group-8C3F35D77C57-StateMachineUpdater: set stopIndex = 0
2021-11-30 13:17:47,144 [d98c3e5c-49fa-4679-a7d6-b0bafe1f3c0f@group-8C3F35D77C57-StateMachineUpdater] INFO  ratis.ContainerStateMachine (ContainerStateMachine.java:takeSnapshot(292)) - group-8C3F35D77C57: Taking a snapshot at:(t:1, i:0) file /home/runner/work/ozone/ozone/hadoop-ozone/integration-test/target/test-dir/MiniOzoneClusterImpl-00f7fd44-dd00-490d-8842-f37d1847179e/datanode-0/data/ratis/f7f9eb2d-cdc7-4236-a589-8c3f35d77c57/sm/snapshot.1_0
2021-11-30 13:17:47,144 [Listener at 127.0.0.1/10012] INFO  server.RaftServer (RaftServerProxy.java:lambda$close$6(391)) - b8a6b2ba-922b-4f06-aab5-ca74535011cb: close
2021-11-30 13:17:47,144 [Listener at 127.0.0.1/10012] INFO  server.RaftServer$Division (RaftServerImpl.java:lambda$close$4(412)) - b8a6b2ba-922b-4f06-aab5-ca74535011cb@group-8C2FD844F2F1: shutdown
2021-11-30 13:17:47,144 [Listener at 127.0.0.1/10012] INFO  util.JmxRegister (JmxRegister.java:unregister(73)) - Successfully un-registered JMX Bean with object name Ratis:service=RaftServer,group=group-8C2FD844F2F1,id=b8a6b2ba-922b-4f06-aab5-ca74535011cb
2021-11-30 13:17:47,144 [Listener at 127.0.0.1/10012] INFO  impl.RoleInfo (RoleInfo.java:shutdownLeaderState(91)) - b8a6b2ba-922b-4f06-aab5-ca74535011cb: shutdown b8a6b2ba-922b-4f06-aab5-ca74535011cb@group-8C2FD844F2F1-LeaderStateImpl
2021-11-30 13:17:47,145 [b8a6b2ba-922b-4f06-aab5-ca74535011cb@group-8C2FD844F2F1->2e564fa8-312b-4913-8140-cec84c445c17-GrpcLogAppender-LogAppenderDaemon] WARN  server.GrpcLogAppender (GrpcLogAppender.java:mayWait(177)) - b8a6b2ba-922b-4f06-aab5-ca74535011cb@group-8C2FD844F2F1->2e564fa8-312b-4913-8140-cec84c445c17-GrpcLogAppender: Wait interrupted by java.lang.InterruptedException
2021-11-30 13:17:47,145 [d98c3e5c-49fa-4679-a7d6-b0bafe1f3c0f@group-8C3F35D77C57-StateMachineUpdater] INFO  ratis.ContainerStateMachine (ContainerStateMachine.java:takeSnapshot(303)) - group-8C3F35D77C57: Finished taking a snapshot at:(t:1, i:0) file:/home/runner/work/ozone/ozone/hadoop-ozone/integration-test/target/test-dir/MiniOzoneClusterImpl-00f7fd44-dd00-490d-8842-f37d1847179e/datanode-0/data/ratis/f7f9eb2d-cdc7-4236-a589-8c3f35d77c57/sm/snapshot.1_0 took: 1 ms
2021-11-30 13:17:47,145 [b8a6b2ba-922b-4f06-aab5-ca74535011cb@group-8C2FD844F2F1->d98c3e5c-49fa-4679-a7d6-b0bafe1f3c0f-GrpcLogAppender-LogAppenderDaemon] WARN  server.GrpcLogAppender (GrpcLogAppender.java:mayWait(177)) - b8a6b2ba-922b-4f06-aab5-ca74535011cb@group-8C2FD844F2F1->d98c3e5c-49fa-4679-a7d6-b0bafe1f3c0f-GrpcLogAppender: Wait interrupted by java.lang.InterruptedException
2021-11-30 13:17:47,145 [d98c3e5c-49fa-4679-a7d6-b0bafe1f3c0f@group-8C3F35D77C57-StateMachineUpdater] INFO  impl.StateMachineUpdater (StateMachineUpdater.java:takeSnapshot(281)) - d98c3e5c-49fa-4679-a7d6-b0bafe1f3c0f@group-8C3F35D77C57-StateMachineUpdater: Took a snapshot at index 0
2021-11-30 13:17:47,145 [d98c3e5c-49fa-4679-a7d6-b0bafe1f3c0f@group-8C3F35D77C57-StateMachineUpdater] INFO  impl.StateMachineUpdater (StateMachineUpdater.java:lambda$new$0(89)) - d98c3e5c-49fa-4679-a7d6-b0bafe1f3c0f@group-8C3F35D77C57-StateMachineUpdater: snapshotIndex: updateIncreasingly -1 -> 0
2021-11-30 13:17:47,146 [grpc-default-executor-3] INFO  server.GrpcServerProtocolService (GrpcServerProtocolService.java:onCompleted(140)) - 2e564fa8-312b-4913-8140-cec84c445c17: Completed APPEND_ENTRIES, lastRequest: b8a6b2ba-922b-4f06-aab5-ca74535011cb->2e564fa8-312b-4913-8140-cec84c445c17#1-t2,previous=(t:0, i:0),leaderCommit=-1,initializing? true,entries: size=1, first=(t:2, i:0), CONFIGURATIONENTRY
2021-11-30 13:17:47,146 [grpc-default-executor-2] INFO  server.GrpcServerProtocolService (GrpcServerProtocolService.java:onCompleted(140)) - d98c3e5c-49fa-4679-a7d6-b0bafe1f3c0f: Completed APPEND_ENTRIES, lastRequest: b8a6b2ba-922b-4f06-aab5-ca74535011cb->d98c3e5c-49fa-4679-a7d6-b0bafe1f3c0f#1-t2,previous=(t:0, i:0),leaderCommit=-1,initializing? true,entries: size=1, first=(t:2, i:0), CONFIGURATIONENTRY
2021-11-30 13:17:47,147 [ForkJoinPool.commonPool-worker-1] INFO  server.RaftServer$Division (ServerState.java:close(419)) - d98c3e5c-49fa-4679-a7d6-b0bafe1f3c0f@group-8C3F35D77C57: closes. applyIndex: 0
2021-11-30 13:17:47,145 [Listener at 127.0.0.1/10012] INFO  impl.PendingRequests (PendingRequests.java:sendNotLeaderResponses(282)) - b8a6b2ba-922b-4f06-aab5-ca74535011cb@group-8C2FD844F2F1-PendingRequests: sendNotLeaderResponses
2021-11-30 13:17:47,147 [d98c3e5c-49fa-4679-a7d6-b0bafe1f3c0f@group-8C3F35D77C57-SegmentedRaftLogWorker] INFO  segmented.SegmentedRaftLogWorker (SegmentedRaftLogWorker.java:run(327)) - d98c3e5c-49fa-4679-a7d6-b0bafe1f3c0f@group-8C3F35D77C57-SegmentedRaftLogWorker was interrupted, exiting. There are 0 tasks remaining in the queue.
2021-11-30 13:17:47,147 [Listener at 127.0.0.1/10012] INFO  impl.StateMachineUpdater (StateMachineUpdater.java:stopAndJoin(149)) - b8a6b2ba-922b-4f06-aab5-ca74535011cb@group-8C2FD844F2F1-StateMachineUpdater: set stopIndex = 0
2021-11-30 13:17:47,148 [grpc-default-executor-2] INFO  server.GrpcLogAppender (GrpcLogAppender.java:onCompleted(346)) - b8a6b2ba-922b-4f06-aab5-ca74535011cb@group-8C2FD844F2F1->d98c3e5c-49fa-4679-a7d6-b0bafe1f3c0f-AppendLogResponseHandler: follower responses appendEntries COMPLETED
2021-11-30 13:17:47,148 [grpc-default-executor-2] INFO  leader.FollowerInfo (FollowerInfoImpl.java:lambda$new$0(47)) - b8a6b2ba-922b-4f06-aab5-ca74535011cb@group-8C2FD844F2F1->d98c3e5c-49fa-4679-a7d6-b0bafe1f3c0f: nextIndex: updateUnconditionally 1 -> 0
2021-11-30 13:17:47,148 [ForkJoinPool.commonPool-worker-1] INFO  segmented.SegmentedRaftLogWorker (SegmentedRaftLogWorker.java:close(237)) - d98c3e5c-49fa-4679-a7d6-b0bafe1f3c0f@group-8C3F35D77C57-SegmentedRaftLogWorker close()
2021-11-30 13:17:47,149 [ForkJoinPool.commonPool-worker-1] INFO  server.RaftServer$Division (RaftServerImpl.java:lambda$close$4(412)) - d98c3e5c-49fa-4679-a7d6-b0bafe1f3c0f@group-8C2FD844F2F1: shutdown
2021-11-30 13:17:47,149 [ForkJoinPool.commonPool-worker-1] INFO  util.JmxRegister (JmxRegister.java:unregister(73)) - Successfully un-registered JMX Bean with object name Ratis:service=RaftServer,group=group-8C2FD844F2F1,id=d98c3e5c-49fa-4679-a7d6-b0bafe1f3c0f
2021-11-30 13:17:47,149 [ForkJoinPool.commonPool-worker-1] INFO  impl.RoleInfo (RoleInfo.java:shutdownFollowerState(108)) - d98c3e5c-49fa-4679-a7d6-b0bafe1f3c0f: shutdown d98c3e5c-49fa-4679-a7d6-b0bafe1f3c0f@group-8C2FD844F2F1-FollowerState
2021-11-30 13:17:47,150 [ForkJoinPool.commonPool-worker-1] INFO  impl.StateMachineUpdater (StateMachineUpdater.java:stopAndJoin(149)) - d98c3e5c-49fa-4679-a7d6-b0bafe1f3c0f@group-8C2FD844F2F1-StateMachineUpdater: set stopIndex = 0
2021-11-30 13:17:47,150 [d98c3e5c-49fa-4679-a7d6-b0bafe1f3c0f@group-8C2FD844F2F1-FollowerState] INFO  impl.FollowerState (FollowerState.java:run(143)) - d98c3e5c-49fa-4679-a7d6-b0bafe1f3c0f@group-8C2FD844F2F1-FollowerState was interrupted: {}
java.lang.InterruptedException: sleep interrupted
	at java.lang.Thread.sleep(Native Method)
	at java.lang.Thread.sleep(Thread.java:340)
	at java.util.concurrent.TimeUnit.sleep(TimeUnit.java:386)
	at org.apache.ratis.util.TimeDuration.sleep(TimeDuration.java:324)
	at org.apache.ratis.util.TimeDuration.sleep(TimeDuration.java:309)
	at org.apache.ratis.server.impl.FollowerState.run(FollowerState.java:118)
2021-11-30 13:17:47,150 [d98c3e5c-49fa-4679-a7d6-b0bafe1f3c0f@group-8C2FD844F2F1-StateMachineUpdater] INFO  ratis.ContainerStateMachine (ContainerStateMachine.java:takeSnapshot(292)) - group-8C2FD844F2F1: Taking a snapshot at:(t:2, i:0) file /home/runner/work/ozone/ozone/hadoop-ozone/integration-test/target/test-dir/MiniOzoneClusterImpl-00f7fd44-dd00-490d-8842-f37d1847179e/datanode-0/data/ratis/84c57249-c4b7-4137-b173-8c2fd844f2f1/sm/snapshot.2_0
2021-11-30 13:17:47,151 [b8a6b2ba-922b-4f06-aab5-ca74535011cb@group-8C2FD844F2F1-StateMachineUpdater] INFO  ratis.ContainerStateMachine (ContainerStateMachine.java:takeSnapshot(292)) - group-8C2FD844F2F1: Taking a snapshot at:(t:2, i:0) file /home/runner/work/ozone/ozone/hadoop-ozone/integration-test/target/test-dir/MiniOzoneClusterImpl-00f7fd44-dd00-490d-8842-f37d1847179e/datanode-1/data/ratis/84c57249-c4b7-4137-b173-8c2fd844f2f1/sm/snapshot.2_0
2021-11-30 13:17:47,151 [d98c3e5c-49fa-4679-a7d6-b0bafe1f3c0f@group-8C2FD844F2F1-StateMachineUpdater] INFO  ratis.ContainerStateMachine (ContainerStateMachine.java:takeSnapshot(303)) - group-8C2FD844F2F1: Finished taking a snapshot at:(t:2, i:0) file:/home/runner/work/ozone/ozone/hadoop-ozone/integration-test/target/test-dir/MiniOzoneClusterImpl-00f7fd44-dd00-490d-8842-f37d1847179e/datanode-0/data/ratis/84c57249-c4b7-4137-b173-8c2fd844f2f1/sm/snapshot.2_0 took: 1 ms
2021-11-30 13:17:47,151 [grpc-default-executor-3] INFO  server.GrpcLogAppender (GrpcLogAppender.java:onCompleted(346)) - b8a6b2ba-922b-4f06-aab5-ca74535011cb@group-8C2FD844F2F1->2e564fa8-312b-4913-8140-cec84c445c17-AppendLogResponseHandler: follower responses appendEntries COMPLETED
2021-11-30 13:17:47,151 [grpc-default-executor-3] INFO  leader.FollowerInfo (FollowerInfoImpl.java:lambda$new$0(47)) - b8a6b2ba-922b-4f06-aab5-ca74535011cb@group-8C2FD844F2F1->2e564fa8-312b-4913-8140-cec84c445c17: nextIndex: updateUnconditionally 1 -> 0
2021-11-30 13:17:47,151 [d98c3e5c-49fa-4679-a7d6-b0bafe1f3c0f@group-8C2FD844F2F1-StateMachineUpdater] INFO  impl.StateMachineUpdater (StateMachineUpdater.java:takeSnapshot(281)) - d98c3e5c-49fa-4679-a7d6-b0bafe1f3c0f@group-8C2FD844F2F1-StateMachineUpdater: Took a snapshot at index 0
2021-11-30 13:17:47,151 [d98c3e5c-49fa-4679-a7d6-b0bafe1f3c0f@group-8C2FD844F2F1-StateMachineUpdater] INFO  impl.StateMachineUpdater (StateMachineUpdater.java:lambda$new$0(89)) - d98c3e5c-49fa-4679-a7d6-b0bafe1f3c0f@group-8C2FD844F2F1-StateMachineUpdater: snapshotIndex: updateIncreasingly -1 -> 0
2021-11-30 13:17:47,151 [b8a6b2ba-922b-4f06-aab5-ca74535011cb@group-8C2FD844F2F1-StateMachineUpdater] INFO  ratis.ContainerStateMachine (ContainerStateMachine.java:takeSnapshot(303)) - group-8C2FD844F2F1: Finished taking a snapshot at:(t:2, i:0) file:/home/runner/work/ozone/ozone/hadoop-ozone/integration-test/target/test-dir/MiniOzoneClusterImpl-00f7fd44-dd00-490d-8842-f37d1847179e/datanode-1/data/ratis/84c57249-c4b7-4137-b173-8c2fd844f2f1/sm/snapshot.2_0 took: 1 ms
2021-11-30 13:17:47,152 [b8a6b2ba-922b-4f06-aab5-ca74535011cb@group-8C2FD844F2F1-StateMachineUpdater] INFO  impl.StateMachineUpdater (StateMachineUpdater.java:takeSnapshot(281)) - b8a6b2ba-922b-4f06-aab5-ca74535011cb@group-8C2FD844F2F1-StateMachineUpdater: Took a snapshot at index 0
2021-11-30 13:17:47,152 [b8a6b2ba-922b-4f06-aab5-ca74535011cb@group-8C2FD844F2F1-StateMachineUpdater] INFO  impl.StateMachineUpdater (StateMachineUpdater.java:lambda$new$0(89)) - b8a6b2ba-922b-4f06-aab5-ca74535011cb@group-8C2FD844F2F1-StateMachineUpdater: snapshotIndex: updateIncreasingly -1 -> 0
2021-11-30 13:17:47,152 [Listener at 127.0.0.1/10012] INFO  server.RaftServer$Division (ServerState.java:close(419)) - b8a6b2ba-922b-4f06-aab5-ca74535011cb@group-8C2FD844F2F1: closes. applyIndex: 0
2021-11-30 13:17:47,153 [b8a6b2ba-922b-4f06-aab5-ca74535011cb@group-8C2FD844F2F1-SegmentedRaftLogWorker] INFO  segmented.SegmentedRaftLogWorker (SegmentedRaftLogWorker.java:run(327)) - b8a6b2ba-922b-4f06-aab5-ca74535011cb@group-8C2FD844F2F1-SegmentedRaftLogWorker was interrupted, exiting. There are 0 tasks remaining in the queue.
2021-11-30 13:17:47,153 [Listener at 127.0.0.1/10012] INFO  segmented.SegmentedRaftLogWorker (SegmentedRaftLogWorker.java:close(237)) - b8a6b2ba-922b-4f06-aab5-ca74535011cb@group-8C2FD844F2F1-SegmentedRaftLogWorker close()
2021-11-30 13:17:47,155 [Listener at 127.0.0.1/10012] INFO  server.RaftServer$Division (RaftServerImpl.java:lambda$close$4(412)) - b8a6b2ba-922b-4f06-aab5-ca74535011cb@group-E654A5FF60B9: shutdown
2021-11-30 13:17:47,155 [Listener at 127.0.0.1/10012] INFO  util.JmxRegister (JmxRegister.java:unregister(73)) - Successfully un-registered JMX Bean with object name Ratis:service=RaftServer,group=group-E654A5FF60B9,id=b8a6b2ba-922b-4f06-aab5-ca74535011cb
2021-11-30 13:17:47,155 [Listener at 127.0.0.1/10012] INFO  impl.RoleInfo (RoleInfo.java:shutdownLeaderState(91)) - b8a6b2ba-922b-4f06-aab5-ca74535011cb: shutdown b8a6b2ba-922b-4f06-aab5-ca74535011cb@group-E654A5FF60B9-LeaderStateImpl
2021-11-30 13:17:47,155 [Listener at 127.0.0.1/10012] INFO  impl.PendingRequests (PendingRequests.java:sendNotLeaderResponses(282)) - b8a6b2ba-922b-4f06-aab5-ca74535011cb@group-E654A5FF60B9-PendingRequests: sendNotLeaderResponses
2021-11-30 13:17:47,156 [Listener at 127.0.0.1/10012] INFO  impl.StateMachineUpdater (StateMachineUpdater.java:stopAndJoin(149)) - b8a6b2ba-922b-4f06-aab5-ca74535011cb@group-E654A5FF60B9-StateMachineUpdater: set stopIndex = 0
2021-11-30 13:17:47,156 [ForkJoinPool.commonPool-worker-1] INFO  server.RaftServer$Division (ServerState.java:close(419)) - d98c3e5c-49fa-4679-a7d6-b0bafe1f3c0f@group-8C2FD844F2F1: closes. applyIndex: 0
2021-11-30 13:17:47,156 [b8a6b2ba-922b-4f06-aab5-ca74535011cb@group-E654A5FF60B9-StateMachineUpdater] INFO  ratis.ContainerStateMachine (ContainerStateMachine.java:takeSnapshot(292)) - group-E654A5FF60B9: Taking a snapshot at:(t:1, i:0) file /home/runner/work/ozone/ozone/hadoop-ozone/integration-test/target/test-dir/MiniOzoneClusterImpl-00f7fd44-dd00-490d-8842-f37d1847179e/datanode-1/data/ratis/df23bc56-056b-44a3-8b57-e654a5ff60b9/sm/snapshot.1_0
2021-11-30 13:17:47,156 [d98c3e5c-49fa-4679-a7d6-b0bafe1f3c0f@group-8C2FD844F2F1-SegmentedRaftLogWorker] INFO  segmented.SegmentedRaftLogWorker (SegmentedRaftLogWorker.java:run(327)) - d98c3e5c-49fa-4679-a7d6-b0bafe1f3c0f@group-8C2FD844F2F1-SegmentedRaftLogWorker was interrupted, exiting. There are 0 tasks remaining in the queue.
2021-11-30 13:17:47,159 [ForkJoinPool.commonPool-worker-1] INFO  segmented.SegmentedRaftLogWorker (SegmentedRaftLogWorker.java:close(237)) - d98c3e5c-49fa-4679-a7d6-b0bafe1f3c0f@group-8C2FD844F2F1-SegmentedRaftLogWorker close()
2021-11-30 13:17:47,160 [ForkJoinPool.commonPool-worker-1] INFO  server.RaftServer$Division (RaftServerImpl.java:lambda$close$4(412)) - d98c3e5c-49fa-4679-a7d6-b0bafe1f3c0f@group-0B6D4AAB114F: shutdown
2021-11-30 13:17:47,160 [ForkJoinPool.commonPool-worker-1] INFO  util.JmxRegister (JmxRegister.java:unregister(73)) - Successfully un-registered JMX Bean with object name Ratis:service=RaftServer,group=group-0B6D4AAB114F,id=d98c3e5c-49fa-4679-a7d6-b0bafe1f3c0f
2021-11-30 13:17:47,160 [ForkJoinPool.commonPool-worker-1] INFO  impl.RoleInfo (RoleInfo.java:shutdownFollowerState(108)) - d98c3e5c-49fa-4679-a7d6-b0bafe1f3c0f: shutdown d98c3e5c-49fa-4679-a7d6-b0bafe1f3c0f@group-0B6D4AAB114F-FollowerState
2021-11-30 13:17:47,160 [ForkJoinPool.commonPool-worker-1] INFO  impl.StateMachineUpdater (StateMachineUpdater.java:stopAndJoin(149)) - d98c3e5c-49fa-4679-a7d6-b0bafe1f3c0f@group-0B6D4AAB114F-StateMachineUpdater: set stopIndex = 0
2021-11-30 13:17:47,160 [d98c3e5c-49fa-4679-a7d6-b0bafe1f3c0f@group-0B6D4AAB114F-FollowerState] INFO  impl.FollowerState (FollowerState.java:run(143)) - d98c3e5c-49fa-4679-a7d6-b0bafe1f3c0f@group-0B6D4AAB114F-FollowerState was interrupted: {}
java.lang.InterruptedException: sleep interrupted
	at java.lang.Thread.sleep(Native Method)
	at java.lang.Thread.sleep(Thread.java:340)
	at java.util.concurrent.TimeUnit.sleep(TimeUnit.java:386)
	at org.apache.ratis.util.TimeDuration.sleep(TimeDuration.java:324)
	at org.apache.ratis.util.TimeDuration.sleep(TimeDuration.java:309)
	at org.apache.ratis.server.impl.FollowerState.run(FollowerState.java:118)
2021-11-30 13:17:47,160 [d98c3e5c-49fa-4679-a7d6-b0bafe1f3c0f@group-0B6D4AAB114F-StateMachineUpdater] INFO  ratis.ContainerStateMachine (ContainerStateMachine.java:takeSnapshot(292)) - group-0B6D4AAB114F: Taking a snapshot at:(t:3, i:0) file /home/runner/work/ozone/ozone/hadoop-ozone/integration-test/target/test-dir/MiniOzoneClusterImpl-00f7fd44-dd00-490d-8842-f37d1847179e/datanode-0/data/ratis/269ccda0-2374-4b33-a16a-0b6d4aab114f/sm/snapshot.3_0
2021-11-30 13:17:47,160 [b8a6b2ba-922b-4f06-aab5-ca74535011cb@group-E654A5FF60B9-StateMachineUpdater] INFO  ratis.ContainerStateMachine (ContainerStateMachine.java:takeSnapshot(303)) - group-E654A5FF60B9: Finished taking a snapshot at:(t:1, i:0) file:/home/runner/work/ozone/ozone/hadoop-ozone/integration-test/target/test-dir/MiniOzoneClusterImpl-00f7fd44-dd00-490d-8842-f37d1847179e/datanode-1/data/ratis/df23bc56-056b-44a3-8b57-e654a5ff60b9/sm/snapshot.1_0 took: 5 ms
2021-11-30 13:17:47,160 [b8a6b2ba-922b-4f06-aab5-ca74535011cb@group-E654A5FF60B9-StateMachineUpdater] INFO  impl.StateMachineUpdater (StateMachineUpdater.java:takeSnapshot(281)) - b8a6b2ba-922b-4f06-aab5-ca74535011cb@group-E654A5FF60B9-StateMachineUpdater: Took a snapshot at index 0
2021-11-30 13:17:47,160 [b8a6b2ba-922b-4f06-aab5-ca74535011cb@group-E654A5FF60B9-StateMachineUpdater] INFO  impl.StateMachineUpdater (StateMachineUpdater.java:lambda$new$0(89)) - b8a6b2ba-922b-4f06-aab5-ca74535011cb@group-E654A5FF60B9-StateMachineUpdater: snapshotIndex: updateIncreasingly -1 -> 0
2021-11-30 13:17:47,161 [Listener at 127.0.0.1/10012] INFO  server.RaftServer$Division (ServerState.java:close(419)) - b8a6b2ba-922b-4f06-aab5-ca74535011cb@group-E654A5FF60B9: closes. applyIndex: 0
2021-11-30 13:17:47,161 [b8a6b2ba-922b-4f06-aab5-ca74535011cb@group-E654A5FF60B9-SegmentedRaftLogWorker] INFO  segmented.SegmentedRaftLogWorker (SegmentedRaftLogWorker.java:run(327)) - b8a6b2ba-922b-4f06-aab5-ca74535011cb@group-E654A5FF60B9-SegmentedRaftLogWorker was interrupted, exiting. There are 0 tasks remaining in the queue.
2021-11-30 13:17:47,161 [d98c3e5c-49fa-4679-a7d6-b0bafe1f3c0f@group-0B6D4AAB114F-StateMachineUpdater] INFO  ratis.ContainerStateMachine (ContainerStateMachine.java:takeSnapshot(303)) - group-0B6D4AAB114F: Finished taking a snapshot at:(t:3, i:0) file:/home/runner/work/ozone/ozone/hadoop-ozone/integration-test/target/test-dir/MiniOzoneClusterImpl-00f7fd44-dd00-490d-8842-f37d1847179e/datanode-0/data/ratis/269ccda0-2374-4b33-a16a-0b6d4aab114f/sm/snapshot.3_0 took: 1 ms
2021-11-30 13:17:47,161 [d98c3e5c-49fa-4679-a7d6-b0bafe1f3c0f@group-0B6D4AAB114F-StateMachineUpdater] INFO  impl.StateMachineUpdater (StateMachineUpdater.java:takeSnapshot(281)) - d98c3e5c-49fa-4679-a7d6-b0bafe1f3c0f@group-0B6D4AAB114F-StateMachineUpdater: Took a snapshot at index 0
2021-11-30 13:17:47,161 [d98c3e5c-49fa-4679-a7d6-b0bafe1f3c0f@group-0B6D4AAB114F-StateMachineUpdater] INFO  impl.StateMachineUpdater (StateMachineUpdater.java:lambda$new$0(89)) - d98c3e5c-49fa-4679-a7d6-b0bafe1f3c0f@group-0B6D4AAB114F-StateMachineUpdater: snapshotIndex: updateIncreasingly -1 -> 0
2021-11-30 13:17:47,161 [ForkJoinPool.commonPool-worker-1] INFO  server.RaftServer$Division (ServerState.java:close(419)) - d98c3e5c-49fa-4679-a7d6-b0bafe1f3c0f@group-0B6D4AAB114F: closes. applyIndex: 0
2021-11-30 13:17:47,162 [d98c3e5c-49fa-4679-a7d6-b0bafe1f3c0f@group-0B6D4AAB114F-SegmentedRaftLogWorker] INFO  segmented.SegmentedRaftLogWorker (SegmentedRaftLogWorker.java:run(327)) - d98c3e5c-49fa-4679-a7d6-b0bafe1f3c0f@group-0B6D4AAB114F-SegmentedRaftLogWorker was interrupted, exiting. There are 0 tasks remaining in the queue.
2021-11-30 13:17:47,162 [Listener at 127.0.0.1/10012] INFO  segmented.SegmentedRaftLogWorker (SegmentedRaftLogWorker.java:close(237)) - b8a6b2ba-922b-4f06-aab5-ca74535011cb@group-E654A5FF60B9-SegmentedRaftLogWorker close()
2021-11-30 13:17:47,162 [ForkJoinPool.commonPool-worker-1] INFO  segmented.SegmentedRaftLogWorker (SegmentedRaftLogWorker.java:close(237)) - d98c3e5c-49fa-4679-a7d6-b0bafe1f3c0f@group-0B6D4AAB114F-SegmentedRaftLogWorker close()
2021-11-30 13:17:47,163 [Listener at 127.0.0.1/10012] INFO  server.RaftServer$Division (RaftServerImpl.java:lambda$close$4(412)) - b8a6b2ba-922b-4f06-aab5-ca74535011cb@group-0B6D4AAB114F: shutdown
2021-11-30 13:17:47,163 [Listener at 127.0.0.1/10012] INFO  util.JmxRegister (JmxRegister.java:unregister(73)) - Successfully un-registered JMX Bean with object name Ratis:service=RaftServer,group=group-0B6D4AAB114F,id=b8a6b2ba-922b-4f06-aab5-ca74535011cb
2021-11-30 13:17:47,163 [Listener at 127.0.0.1/10012] INFO  impl.RoleInfo (RoleInfo.java:shutdownFollowerState(108)) - b8a6b2ba-922b-4f06-aab5-ca74535011cb: shutdown b8a6b2ba-922b-4f06-aab5-ca74535011cb@group-0B6D4AAB114F-FollowerState
2021-11-30 13:17:47,163 [Listener at 127.0.0.1/10012] INFO  impl.StateMachineUpdater (StateMachineUpdater.java:stopAndJoin(149)) - b8a6b2ba-922b-4f06-aab5-ca74535011cb@group-0B6D4AAB114F-StateMachineUpdater: set stopIndex = 0
2021-11-30 13:17:47,163 [b8a6b2ba-922b-4f06-aab5-ca74535011cb@group-0B6D4AAB114F-StateMachineUpdater] INFO  ratis.ContainerStateMachine (ContainerStateMachine.java:takeSnapshot(292)) - group-0B6D4AAB114F: Taking a snapshot at:(t:3, i:0) file /home/runner/work/ozone/ozone/hadoop-ozone/integration-test/target/test-dir/MiniOzoneClusterImpl-00f7fd44-dd00-490d-8842-f37d1847179e/datanode-1/data/ratis/269ccda0-2374-4b33-a16a-0b6d4aab114f/sm/snapshot.3_0
2021-11-30 13:17:47,163 [b8a6b2ba-922b-4f06-aab5-ca74535011cb@group-0B6D4AAB114F-FollowerState] INFO  impl.FollowerState (FollowerState.java:run(143)) - b8a6b2ba-922b-4f06-aab5-ca74535011cb@group-0B6D4AAB114F-FollowerState was interrupted: {}
java.lang.InterruptedException: sleep interrupted
	at java.lang.Thread.sleep(Native Method)
	at java.lang.Thread.sleep(Thread.java:340)
	at java.util.concurrent.TimeUnit.sleep(TimeUnit.java:386)
	at org.apache.ratis.util.TimeDuration.sleep(TimeDuration.java:324)
	at org.apache.ratis.util.TimeDuration.sleep(TimeDuration.java:309)
	at org.apache.ratis.server.impl.FollowerState.run(FollowerState.java:118)
2021-11-30 13:17:47,164 [ForkJoinPool.commonPool-worker-1] INFO  server.GrpcService (GrpcService.java:closeImpl(262)) - d98c3e5c-49fa-4679-a7d6-b0bafe1f3c0f: shutdown server with port 42503 now
2021-11-30 13:17:47,164 [b8a6b2ba-922b-4f06-aab5-ca74535011cb@group-0B6D4AAB114F-StateMachineUpdater] INFO  ratis.ContainerStateMachine (ContainerStateMachine.java:takeSnapshot(303)) - group-0B6D4AAB114F: Finished taking a snapshot at:(t:3, i:0) file:/home/runner/work/ozone/ozone/hadoop-ozone/integration-test/target/test-dir/MiniOzoneClusterImpl-00f7fd44-dd00-490d-8842-f37d1847179e/datanode-1/data/ratis/269ccda0-2374-4b33-a16a-0b6d4aab114f/sm/snapshot.3_0 took: 1 ms
2021-11-30 13:17:47,164 [b8a6b2ba-922b-4f06-aab5-ca74535011cb@group-0B6D4AAB114F-StateMachineUpdater] INFO  impl.StateMachineUpdater (StateMachineUpdater.java:takeSnapshot(281)) - b8a6b2ba-922b-4f06-aab5-ca74535011cb@group-0B6D4AAB114F-StateMachineUpdater: Took a snapshot at index 0
2021-11-30 13:17:47,164 [b8a6b2ba-922b-4f06-aab5-ca74535011cb@group-0B6D4AAB114F-StateMachineUpdater] INFO  impl.StateMachineUpdater (StateMachineUpdater.java:lambda$new$0(89)) - b8a6b2ba-922b-4f06-aab5-ca74535011cb@group-0B6D4AAB114F-StateMachineUpdater: snapshotIndex: updateIncreasingly -1 -> 0
2021-11-30 13:17:47,165 [grpc-default-executor-2] WARN  server.GrpcServerProtocolService (LogUtils.java:warn(122)) - d98c3e5c-49fa-4679-a7d6-b0bafe1f3c0f: installSnapshot onError, lastRequest: 2e564fa8-312b-4913-8140-cec84c445c17->d98c3e5c-49fa-4679-a7d6-b0bafe1f3c0f#1-t3,previous=(t:0, i:0),leaderCommit=0,initializing? true,entries: size=1, first=(t:3, i:0), CONFIGURATIONENTRY: org.apache.ratis.thirdparty.io.grpc.StatusRuntimeException: CANCELLED: client cancelled
2021-11-30 13:17:47,165 [grpc-default-executor-0] WARN  server.GrpcLogAppender (LogUtils.java:warn(122)) - 2e564fa8-312b-4913-8140-cec84c445c17@group-0B6D4AAB114F->d98c3e5c-49fa-4679-a7d6-b0bafe1f3c0f-AppendLogResponseHandler: Failed appendEntries: org.apache.ratis.thirdparty.io.grpc.StatusRuntimeException: CANCELLED: HTTP/2 error code: CANCEL
Received Rst Stream
2021-11-30 13:17:47,166 [grpc-default-executor-0] WARN  server.GrpcLogAppender (GrpcLogAppender.java:resetClient(110)) - 2e564fa8-312b-4913-8140-cec84c445c17@group-0B6D4AAB114F->d98c3e5c-49fa-4679-a7d6-b0bafe1f3c0f-GrpcLogAppender: Leader has not got in touch with Follower 2e564fa8-312b-4913-8140-cec84c445c17@group-0B6D4AAB114F->d98c3e5c-49fa-4679-a7d6-b0bafe1f3c0f(c0,m0,n1, attendVote=true, lastRpcSendTime=1368, lastRpcResponseTime=1359) yet, just keep nextIndex unchanged and retry.
2021-11-30 13:17:47,173 [Listener at 127.0.0.1/10012] INFO  server.RaftServer$Division (ServerState.java:close(419)) - b8a6b2ba-922b-4f06-aab5-ca74535011cb@group-0B6D4AAB114F: closes. applyIndex: 0
2021-11-30 13:17:47,174 [b8a6b2ba-922b-4f06-aab5-ca74535011cb@group-0B6D4AAB114F-SegmentedRaftLogWorker] INFO  segmented.SegmentedRaftLogWorker (SegmentedRaftLogWorker.java:run(327)) - b8a6b2ba-922b-4f06-aab5-ca74535011cb@group-0B6D4AAB114F-SegmentedRaftLogWorker was interrupted, exiting. There are 0 tasks remaining in the queue.
2021-11-30 13:17:47,190 [Listener at 127.0.0.1/10012] INFO  segmented.SegmentedRaftLogWorker (SegmentedRaftLogWorker.java:close(237)) - b8a6b2ba-922b-4f06-aab5-ca74535011cb@group-0B6D4AAB114F-SegmentedRaftLogWorker close()
2021-11-30 13:17:47,193 [Listener at 127.0.0.1/10012] INFO  server.GrpcService (GrpcService.java:closeImpl(262)) - b8a6b2ba-922b-4f06-aab5-ca74535011cb: shutdown server with port 33201 now
2021-11-30 13:17:47,194 [grpc-default-executor-3] WARN  server.GrpcLogAppender (LogUtils.java:warn(122)) - 2e564fa8-312b-4913-8140-cec84c445c17@group-0B6D4AAB114F->b8a6b2ba-922b-4f06-aab5-ca74535011cb-AppendLogResponseHandler: Failed appendEntries: org.apache.ratis.thirdparty.io.grpc.StatusRuntimeException: CANCELLED: HTTP/2 error code: CANCEL
Received Rst Stream
2021-11-30 13:17:47,194 [grpc-default-executor-3] WARN  server.GrpcLogAppender (GrpcLogAppender.java:resetClient(110)) - 2e564fa8-312b-4913-8140-cec84c445c17@group-0B6D4AAB114F->b8a6b2ba-922b-4f06-aab5-ca74535011cb-GrpcLogAppender: Leader has not got in touch with Follower 2e564fa8-312b-4913-8140-cec84c445c17@group-0B6D4AAB114F->b8a6b2ba-922b-4f06-aab5-ca74535011cb(c0,m0,n1, attendVote=true, lastRpcSendTime=1414, lastRpcResponseTime=1409) yet, just keep nextIndex unchanged and retry.
2021-11-30 13:17:47,195 [grpc-default-executor-0] WARN  server.GrpcServerProtocolService (LogUtils.java:warn(122)) - b8a6b2ba-922b-4f06-aab5-ca74535011cb: installSnapshot onError, lastRequest: 2e564fa8-312b-4913-8140-cec84c445c17->b8a6b2ba-922b-4f06-aab5-ca74535011cb#1-t3,previous=(t:0, i:0),leaderCommit=-1,initializing? true,entries: size=1, first=(t:3, i:0), CONFIGURATIONENTRY: org.apache.ratis.thirdparty.io.grpc.StatusRuntimeException: CANCELLED: client cancelled
2021-11-30 13:17:47,200 [ForkJoinPool.commonPool-worker-1] INFO  server.GrpcService (GrpcService.java:closeImpl(271)) - d98c3e5c-49fa-4679-a7d6-b0bafe1f3c0f: shutdown server with port 42503 successfully
2021-11-30 13:17:47,200 [org.apache.ratis.util.JvmPauseMonitor$$Lambda$499/638525764@6d336e14] INFO  util.JvmPauseMonitor (JvmPauseMonitor.java:run(109)) - JvmPauseMonitor-d98c3e5c-49fa-4679-a7d6-b0bafe1f3c0f: Stopped
2021-11-30 13:17:47,203 [ForkJoinPool.commonPool-worker-1] INFO  utils.BackgroundService (BackgroundService.java:shutdown(132)) - Shutting down service BlockDeletingService
2021-11-30 13:17:47,204 [Listener at 127.0.0.1/10012] INFO  server.GrpcService (GrpcService.java:closeImpl(271)) - b8a6b2ba-922b-4f06-aab5-ca74535011cb: shutdown server with port 33201 successfully
2021-11-30 13:17:47,205 [org.apache.ratis.util.JvmPauseMonitor$$Lambda$499/638525764@614fcccf] INFO  util.JvmPauseMonitor (JvmPauseMonitor.java:run(109)) - JvmPauseMonitor-b8a6b2ba-922b-4f06-aab5-ca74535011cb: Stopped
2021-11-30 13:17:47,235 [Listener at 127.0.0.1/10012] INFO  utils.BackgroundService (BackgroundService.java:shutdown(132)) - Shutting down service BlockDeletingService
2021-11-30 13:17:47,491 [EndpointStateMachine task thread for /127.0.0.1:13705 - 0 ] INFO  ipc.Client (Client.java:handleConnectionFailure(977)) - Retrying connect to server: localhost/127.0.0.1:13705. Already tried 4 time(s); retry policy is RetryUpToMaximumCountWithFixedSleep(maxRetries=15, sleepTime=1000 MILLISECONDS)
2021-11-30 13:17:47,491 [EndpointStateMachine task thread for /127.0.0.1:13685 - 0 ] INFO  ipc.Client (Client.java:handleConnectionFailure(977)) - Retrying connect to server: localhost/127.0.0.1:13685. Already tried 4 time(s); retry policy is RetryUpToMaximumCountWithFixedSleep(maxRetries=15, sleepTime=1000 MILLISECONDS)
2021-11-30 13:17:47,499 [EndpointStateMachine task thread for /127.0.0.1:13695 - 0 ] INFO  ipc.Client (Client.java:handleConnectionFailure(977)) - Retrying connect to server: localhost/127.0.0.1:13695. Already tried 4 time(s); retry policy is RetryUpToMaximumCountWithFixedSleep(maxRetries=15, sleepTime=1000 MILLISECONDS)
2021-11-30 13:17:47,576 [EndpointStateMachine task thread for /127.0.0.1:13401 - 0 ] INFO  ipc.Client (Client.java:handleConnectionFailure(977)) - Retrying connect to server: localhost/127.0.0.1:13401. Already tried 5 time(s); retry policy is RetryUpToMaximumCountWithFixedSleep(maxRetries=15, sleepTime=1000 MILLISECONDS)
2021-11-30 13:17:47,582 [Datanode State Machine Daemon Thread] ERROR datanode.RunningDatanodeState (RunningDatanodeState.java:computeNextContainerState(199)) - Error in executing end point task.
java.util.concurrent.ExecutionException: java.util.concurrent.TimeoutException
	at java.util.concurrent.FutureTask.report(FutureTask.java:122)
	at java.util.concurrent.FutureTask.get(FutureTask.java:192)
	at org.apache.hadoop.ozone.container.common.states.datanode.RunningDatanodeState.computeNextContainerState(RunningDatanodeState.java:191)
	at org.apache.hadoop.ozone.container.common.states.datanode.RunningDatanodeState.await(RunningDatanodeState.java:231)
	at org.apache.hadoop.ozone.container.common.states.datanode.RunningDatanodeState.await(RunningDatanodeState.java:50)
	at org.apache.hadoop.ozone.container.common.statemachine.StateContext.execute(StateContext.java:633)
	at org.apache.hadoop.ozone.container.common.statemachine.DatanodeStateMachine.start(DatanodeStateMachine.java:280)
	at org.apache.hadoop.ozone.container.common.statemachine.DatanodeStateMachine.lambda$startDaemon$0(DatanodeStateMachine.java:468)
	at java.lang.Thread.run(Thread.java:748)
Caused by: java.util.concurrent.TimeoutException
	at java.util.concurrent.FutureTask.get(FutureTask.java:205)
	at org.apache.hadoop.ozone.container.common.states.datanode.RunningDatanodeState.lambda$execute$0(RunningDatanodeState.java:149)
	at java.util.concurrent.FutureTask.run(FutureTask.java:266)
	at java.util.concurrent.Executors$RunnableAdapter.call(Executors.java:511)
	at java.util.concurrent.FutureTask.run(FutureTask.java:266)
	at java.util.concurrent.ThreadPoolExecutor.runWorker(ThreadPoolExecutor.java:1149)
	at java.util.concurrent.ThreadPoolExecutor$Worker.run(ThreadPoolExecutor.java:624)
	... 1 more
2021-11-30 13:17:47,602 [EndpointStateMachine task thread for /127.0.0.1:13421 - 0 ] INFO  ipc.Client (Client.java:handleConnectionFailure(977)) - Retrying connect to server: localhost/127.0.0.1:13421. Already tried 4 time(s); retry policy is RetryUpToMaximumCountWithFixedSleep(maxRetries=15, sleepTime=1000 MILLISECONDS)
2021-11-30 13:17:48,113 [EndpointStateMachine task thread for /127.0.0.1:13411 - 0 ] INFO  ipc.Client (Client.java:handleConnectionFailure(977)) - Retrying connect to server: localhost/127.0.0.1:13411. Already tried 6 time(s); retry policy is RetryUpToMaximumCountWithFixedSleep(maxRetries=15, sleepTime=1000 MILLISECONDS)
2021-11-30 13:17:48,287 [grpc-default-executor-3] WARN  server.GrpcLogAppender (LogUtils.java:warn(122)) - 2e564fa8-312b-4913-8140-cec84c445c17@group-0B6D4AAB114F->b8a6b2ba-922b-4f06-aab5-ca74535011cb-AppendLogResponseHandler: Failed appendEntries: org.apache.ratis.thirdparty.io.grpc.StatusRuntimeException: UNAVAILABLE: io exception
2021-11-30 13:17:48,287 [grpc-default-executor-3] WARN  server.GrpcLogAppender (GrpcLogAppender.java:resetClient(110)) - 2e564fa8-312b-4913-8140-cec84c445c17@group-0B6D4AAB114F->b8a6b2ba-922b-4f06-aab5-ca74535011cb-GrpcLogAppender: Leader has not got in touch with Follower 2e564fa8-312b-4913-8140-cec84c445c17@group-0B6D4AAB114F->b8a6b2ba-922b-4f06-aab5-ca74535011cb(c0,m0,n1, attendVote=true, lastRpcSendTime=1, lastRpcResponseTime=2502) yet, just keep nextIndex unchanged and retry.
2021-11-30 13:17:48,316 [grpc-default-executor-0] WARN  server.GrpcLogAppender (LogUtils.java:warn(122)) - 2e564fa8-312b-4913-8140-cec84c445c17@group-0B6D4AAB114F->d98c3e5c-49fa-4679-a7d6-b0bafe1f3c0f-AppendLogResponseHandler: Failed appendEntries: org.apache.ratis.thirdparty.io.grpc.StatusRuntimeException: UNAVAILABLE: io exception
2021-11-30 13:17:48,317 [grpc-default-executor-0] WARN  server.GrpcLogAppender (GrpcLogAppender.java:resetClient(110)) - 2e564fa8-312b-4913-8140-cec84c445c17@group-0B6D4AAB114F->d98c3e5c-49fa-4679-a7d6-b0bafe1f3c0f-GrpcLogAppender: Leader has not got in touch with Follower 2e564fa8-312b-4913-8140-cec84c445c17@group-0B6D4AAB114F->d98c3e5c-49fa-4679-a7d6-b0bafe1f3c0f(c0,m0,n1, attendVote=true, lastRpcSendTime=1, lastRpcResponseTime=2511) yet, just keep nextIndex unchanged and retry.
2021-11-30 13:17:48,495 [EndpointStateMachine task thread for /127.0.0.1:13685 - 0 ] INFO  ipc.Client (Client.java:handleConnectionFailure(977)) - Retrying connect to server: localhost/127.0.0.1:13685. Already tried 5 time(s); retry policy is RetryUpToMaximumCountWithFixedSleep(maxRetries=15, sleepTime=1000 MILLISECONDS)
2021-11-30 13:17:48,495 [EndpointStateMachine task thread for /127.0.0.1:13705 - 0 ] INFO  ipc.Client (Client.java:handleConnectionFailure(977)) - Retrying connect to server: localhost/127.0.0.1:13705. Already tried 5 time(s); retry policy is RetryUpToMaximumCountWithFixedSleep(maxRetries=15, sleepTime=1000 MILLISECONDS)
2021-11-30 13:17:48,499 [EndpointStateMachine task thread for /127.0.0.1:13695 - 0 ] INFO  ipc.Client (Client.java:handleConnectionFailure(977)) - Retrying connect to server: localhost/127.0.0.1:13695. Already tried 5 time(s); retry policy is RetryUpToMaximumCountWithFixedSleep(maxRetries=15, sleepTime=1000 MILLISECONDS)
2021-11-30 13:17:48,576 [EndpointStateMachine task thread for /127.0.0.1:13401 - 0 ] INFO  ipc.Client (Client.java:handleConnectionFailure(977)) - Retrying connect to server: localhost/127.0.0.1:13401. Already tried 6 time(s); retry policy is RetryUpToMaximumCountWithFixedSleep(maxRetries=15, sleepTime=1000 MILLISECONDS)
2021-11-30 13:17:48,603 [EndpointStateMachine task thread for /127.0.0.1:13421 - 0 ] INFO  ipc.Client (Client.java:handleConnectionFailure(977)) - Retrying connect to server: localhost/127.0.0.1:13421. Already tried 5 time(s); retry policy is RetryUpToMaximumCountWithFixedSleep(maxRetries=15, sleepTime=1000 MILLISECONDS)
2021-11-30 13:17:49,114 [EndpointStateMachine task thread for /127.0.0.1:13411 - 0 ] INFO  ipc.Client (Client.java:handleConnectionFailure(977)) - Retrying connect to server: localhost/127.0.0.1:13411. Already tried 7 time(s); retry policy is RetryUpToMaximumCountWithFixedSleep(maxRetries=15, sleepTime=1000 MILLISECONDS)
2021-11-30 13:17:49,495 [EndpointStateMachine task thread for /127.0.0.1:13705 - 0 ] INFO  ipc.Client (Client.java:handleConnectionFailure(977)) - Retrying connect to server: localhost/127.0.0.1:13705. Already tried 6 time(s); retry policy is RetryUpToMaximumCountWithFixedSleep(maxRetries=15, sleepTime=1000 MILLISECONDS)
2021-11-30 13:17:49,495 [EndpointStateMachine task thread for /127.0.0.1:13685 - 0 ] INFO  ipc.Client (Client.java:handleConnectionFailure(977)) - Retrying connect to server: localhost/127.0.0.1:13685. Already tried 6 time(s); retry policy is RetryUpToMaximumCountWithFixedSleep(maxRetries=15, sleepTime=1000 MILLISECONDS)
2021-11-30 13:17:49,500 [EndpointStateMachine task thread for /127.0.0.1:13695 - 0 ] INFO  ipc.Client (Client.java:handleConnectionFailure(977)) - Retrying connect to server: localhost/127.0.0.1:13695. Already tried 6 time(s); retry policy is RetryUpToMaximumCountWithFixedSleep(maxRetries=15, sleepTime=1000 MILLISECONDS)
2021-11-30 13:17:49,577 [EndpointStateMachine task thread for /127.0.0.1:13401 - 0 ] INFO  ipc.Client (Client.java:handleConnectionFailure(977)) - Retrying connect to server: localhost/127.0.0.1:13401. Already tried 7 time(s); retry policy is RetryUpToMaximumCountWithFixedSleep(maxRetries=15, sleepTime=1000 MILLISECONDS)
2021-11-30 13:17:49,604 [EndpointStateMachine task thread for /127.0.0.1:13421 - 0 ] INFO  ipc.Client (Client.java:handleConnectionFailure(977)) - Retrying connect to server: localhost/127.0.0.1:13421. Already tried 6 time(s); retry policy is RetryUpToMaximumCountWithFixedSleep(maxRetries=15, sleepTime=1000 MILLISECONDS)
2021-11-30 13:17:50,115 [EndpointStateMachine task thread for /127.0.0.1:13411 - 0 ] INFO  ipc.Client (Client.java:handleConnectionFailure(977)) - Retrying connect to server: localhost/127.0.0.1:13411. Already tried 8 time(s); retry policy is RetryUpToMaximumCountWithFixedSleep(maxRetries=15, sleepTime=1000 MILLISECONDS)
2021-11-30 13:17:50,209 [ForkJoinPool.commonPool-worker-1] INFO  statemachine.DatanodeStateMachine (DatanodeStateMachine.java:stopDaemon(526)) - Ozone container server stopped.
2021-11-30 13:17:50,212 [ForkJoinPool.commonPool-worker-1] INFO  handler.ContextHandler (ContextHandler.java:doStop(1153)) - Stopped o.e.j.w.WebAppContext@7f1dfdbc{hddsDatanode,/,null,STOPPED}{jar:file:/home/runner/.m2/repository/org/apache/ozone/hdds-container-service/1.3.0-SNAPSHOT/hdds-container-service-1.3.0-SNAPSHOT.jar!/webapps/hddsDatanode}
2021-11-30 13:17:50,224 [ForkJoinPool.commonPool-worker-1] INFO  server.AbstractConnector (AbstractConnector.java:doStop(381)) - Stopped ServerConnector@770c9c14{HTTP/1.1, (http/1.1)}{0.0.0.0:0}
2021-11-30 13:17:50,224 [ForkJoinPool.commonPool-worker-1] INFO  server.session (HouseKeeper.java:stopScavenging(149)) - node0 Stopped scavenging
2021-11-30 13:17:50,228 [ForkJoinPool.commonPool-worker-1] INFO  handler.ContextHandler (ContextHandler.java:doStop(1153)) - Stopped o.e.j.s.ServletContextHandler@20afcc5c{static,/static,jar:file:/home/runner/.m2/repository/org/apache/ozone/hdds-container-service/1.3.0-SNAPSHOT/hdds-container-service-1.3.0-SNAPSHOT.jar!/webapps/static,STOPPED}
2021-11-30 13:17:50,241 [ForkJoinPool.commonPool-worker-1] INFO  handler.ContextHandler (ContextHandler.java:doStop(1153)) - Stopped o.e.j.s.ServletContextHandler@4eb1cf0f{logs,/logs,file:///home/runner/work/ozone/ozone/hadoop-ozone/integration-test/target/log,STOPPED}
2021-11-30 13:17:50,247 [Listener at 127.0.0.1/10012] INFO  statemachine.DatanodeStateMachine (DatanodeStateMachine.java:stopDaemon(526)) - Ozone container server stopped.
2021-11-30 13:17:50,248 [Listener at 127.0.0.1/10012] INFO  handler.ContextHandler (ContextHandler.java:doStop(1153)) - Stopped o.e.j.w.WebAppContext@88d9da0{hddsDatanode,/,null,STOPPED}{jar:file:/home/runner/.m2/repository/org/apache/ozone/hdds-container-service/1.3.0-SNAPSHOT/hdds-container-service-1.3.0-SNAPSHOT.jar!/webapps/hddsDatanode}
2021-11-30 13:17:50,249 [Listener at 127.0.0.1/10012] INFO  server.AbstractConnector (AbstractConnector.java:doStop(381)) - Stopped ServerConnector@640f1966{HTTP/1.1, (http/1.1)}{0.0.0.0:0}
2021-11-30 13:17:50,249 [Listener at 127.0.0.1/10012] INFO  server.session (HouseKeeper.java:stopScavenging(149)) - node0 Stopped scavenging
2021-11-30 13:17:50,249 [Listener at 127.0.0.1/10012] INFO  handler.ContextHandler (ContextHandler.java:doStop(1153)) - Stopped o.e.j.s.ServletContextHandler@4969b90d{static,/static,jar:file:/home/runner/.m2/repository/org/apache/ozone/hdds-container-service/1.3.0-SNAPSHOT/hdds-container-service-1.3.0-SNAPSHOT.jar!/webapps/static,STOPPED}
2021-11-30 13:17:50,249 [Listener at 127.0.0.1/10012] INFO  handler.ContextHandler (ContextHandler.java:doStop(1153)) - Stopped o.e.j.s.ServletContextHandler@6377ec2a{logs,/logs,file:///home/runner/work/ozone/ozone/hadoop-ozone/integration-test/target/log,STOPPED}
2021-11-30 13:17:50,489 [2e564fa8-312b-4913-8140-cec84c445c17@group-8C2FD844F2F1-FollowerState] INFO  impl.FollowerState (FollowerState.java:run(134)) - 2e564fa8-312b-4913-8140-cec84c445c17@group-8C2FD844F2F1-FollowerState: change to CANDIDATE, lastRpcElapsedTime:5241039442ns, electionTimeout:5149ms
2021-11-30 13:17:50,489 [2e564fa8-312b-4913-8140-cec84c445c17@group-8C2FD844F2F1-FollowerState] INFO  impl.RoleInfo (RoleInfo.java:shutdownFollowerState(108)) - 2e564fa8-312b-4913-8140-cec84c445c17: shutdown 2e564fa8-312b-4913-8140-cec84c445c17@group-8C2FD844F2F1-FollowerState
2021-11-30 13:17:50,489 [2e564fa8-312b-4913-8140-cec84c445c17@group-8C2FD844F2F1-FollowerState] INFO  server.RaftServer$Division (RaftServerImpl.java:setRole(290)) - 2e564fa8-312b-4913-8140-cec84c445c17@group-8C2FD844F2F1: changes role from  FOLLOWER to CANDIDATE at term 2 for changeToCandidate
2021-11-30 13:17:50,489 [2e564fa8-312b-4913-8140-cec84c445c17@group-8C2FD844F2F1-FollowerState] INFO  server.RaftServerConfigKeys (ConfUtils.java:logGet(44)) - raft.server.leaderelection.pre-vote = false (custom)
2021-11-30 13:17:50,489 [2e564fa8-312b-4913-8140-cec84c445c17@group-8C2FD844F2F1-FollowerState] INFO  impl.RoleInfo (RoleInfo.java:updateAndGet(130)) - 2e564fa8-312b-4913-8140-cec84c445c17: start 2e564fa8-312b-4913-8140-cec84c445c17@group-8C2FD844F2F1-LeaderElection26
2021-11-30 13:17:50,496 [EndpointStateMachine task thread for /127.0.0.1:13685 - 0 ] INFO  ipc.Client (Client.java:handleConnectionFailure(977)) - Retrying connect to server: localhost/127.0.0.1:13685. Already tried 7 time(s); retry policy is RetryUpToMaximumCountWithFixedSleep(maxRetries=15, sleepTime=1000 MILLISECONDS)
2021-11-30 13:17:50,500 [EndpointStateMachine task thread for /127.0.0.1:13705 - 0 ] INFO  ipc.Client (Client.java:handleConnectionFailure(977)) - Retrying connect to server: localhost/127.0.0.1:13705. Already tried 7 time(s); retry policy is RetryUpToMaximumCountWithFixedSleep(maxRetries=15, sleepTime=1000 MILLISECONDS)
2021-11-30 13:17:50,500 [2e564fa8-312b-4913-8140-cec84c445c17@group-8C2FD844F2F1-LeaderElection26] INFO  server.RaftServer$Division (ServerState.java:setLeader(285)) - 2e564fa8-312b-4913-8140-cec84c445c17@group-8C2FD844F2F1: change Leader from b8a6b2ba-922b-4f06-aab5-ca74535011cb to null at term 2 for ELECTION
2021-11-30 13:17:50,500 [EndpointStateMachine task thread for /127.0.0.1:13695 - 0 ] INFO  ipc.Client (Client.java:handleConnectionFailure(977)) - Retrying connect to server: localhost/127.0.0.1:13695. Already tried 7 time(s); retry policy is RetryUpToMaximumCountWithFixedSleep(maxRetries=15, sleepTime=1000 MILLISECONDS)
2021-11-30 13:17:50,502 [2e564fa8-312b-4913-8140-cec84c445c17@group-8C2FD844F2F1-LeaderElection26] INFO  impl.LeaderElection (LeaderElection.java:askForVotes(306)) - 2e564fa8-312b-4913-8140-cec84c445c17@group-8C2FD844F2F1-LeaderElection26 ELECTION round 0: submit vote requests at term 3 for 0: [d98c3e5c-49fa-4679-a7d6-b0bafe1f3c0f|rpc:127.0.0.1:42503|dataStream:|priority:0, b8a6b2ba-922b-4f06-aab5-ca74535011cb|rpc:127.0.0.1:33201|dataStream:|priority:1, 2e564fa8-312b-4913-8140-cec84c445c17|rpc:127.0.0.1:37125|dataStream:|priority:0], old=null
2021-11-30 13:17:50,525 [2e564fa8-312b-4913-8140-cec84c445c17@group-8C2FD844F2F1-LeaderElection26] INFO  impl.LeaderElection (LogUtils.java:infoOrTrace(137)) - 2e564fa8-312b-4913-8140-cec84c445c17@group-8C2FD844F2F1-LeaderElection26 got exception when requesting votes: java.util.concurrent.ExecutionException: org.apache.ratis.thirdparty.io.grpc.StatusRuntimeException: UNAVAILABLE: io exception
2021-11-30 13:17:50,525 [2e564fa8-312b-4913-8140-cec84c445c17@group-8C2FD844F2F1-LeaderElection26] INFO  impl.LeaderElection (LogUtils.java:infoOrTrace(137)) - 2e564fa8-312b-4913-8140-cec84c445c17@group-8C2FD844F2F1-LeaderElection26 got exception when requesting votes: java.util.concurrent.ExecutionException: org.apache.ratis.thirdparty.io.grpc.StatusRuntimeException: UNAVAILABLE: io exception
2021-11-30 13:17:50,525 [2e564fa8-312b-4913-8140-cec84c445c17@group-8C2FD844F2F1-LeaderElection26] INFO  impl.LeaderElection (LeaderElection.java:logAndReturn(89)) - 2e564fa8-312b-4913-8140-cec84c445c17@group-8C2FD844F2F1-LeaderElection26: ELECTION REJECTED received 0 response(s) and 2 exception(s):
2021-11-30 13:17:50,525 [2e564fa8-312b-4913-8140-cec84c445c17@group-8C2FD844F2F1-LeaderElection26] INFO  impl.LeaderElection (LogUtils.java:infoOrTrace(137)) -   Exception 0: java.util.concurrent.ExecutionException: org.apache.ratis.thirdparty.io.grpc.StatusRuntimeException: UNAVAILABLE: io exception
2021-11-30 13:17:50,526 [2e564fa8-312b-4913-8140-cec84c445c17@group-8C2FD844F2F1-LeaderElection26] INFO  impl.LeaderElection (LogUtils.java:infoOrTrace(137)) -   Exception 1: java.util.concurrent.ExecutionException: org.apache.ratis.thirdparty.io.grpc.StatusRuntimeException: UNAVAILABLE: io exception
2021-11-30 13:17:50,526 [2e564fa8-312b-4913-8140-cec84c445c17@group-8C2FD844F2F1-LeaderElection26] INFO  impl.LeaderElection (LeaderElection.java:askForVotes(308)) - 2e564fa8-312b-4913-8140-cec84c445c17@group-8C2FD844F2F1-LeaderElection26 ELECTION round 0: result REJECTED
2021-11-30 13:17:50,526 [2e564fa8-312b-4913-8140-cec84c445c17@group-8C2FD844F2F1-LeaderElection26] INFO  server.RaftServer$Division (RaftServerImpl.java:setRole(290)) - 2e564fa8-312b-4913-8140-cec84c445c17@group-8C2FD844F2F1: changes role from CANDIDATE to FOLLOWER at term 3 for REJECTED
2021-11-30 13:17:50,526 [2e564fa8-312b-4913-8140-cec84c445c17@group-8C2FD844F2F1-LeaderElection26] INFO  impl.RoleInfo (RoleInfo.java:shutdownLeaderElection(121)) - 2e564fa8-312b-4913-8140-cec84c445c17: shutdown 2e564fa8-312b-4913-8140-cec84c445c17@group-8C2FD844F2F1-LeaderElection26
2021-11-30 13:17:50,526 [2e564fa8-312b-4913-8140-cec84c445c17@group-8C2FD844F2F1-LeaderElection26] INFO  impl.RoleInfo (RoleInfo.java:updateAndGet(130)) - 2e564fa8-312b-4913-8140-cec84c445c17: start 2e564fa8-312b-4913-8140-cec84c445c17@group-8C2FD844F2F1-FollowerState
2021-11-30 13:17:50,577 [EndpointStateMachine task thread for /127.0.0.1:13401 - 0 ] INFO  ipc.Client (Client.java:handleConnectionFailure(977)) - Retrying connect to server: localhost/127.0.0.1:13401. Already tried 8 time(s); retry policy is RetryUpToMaximumCountWithFixedSleep(maxRetries=15, sleepTime=1000 MILLISECONDS)
2021-11-30 13:17:50,588 [Datanode State Machine Daemon Thread] WARN  statemachine.StateContext (StateContext.java:setState(249)) - Ignore disallowed transition from SHUTDOWN to RUNNING
2021-11-30 13:17:50,614 [EndpointStateMachine task thread for /127.0.0.1:13421 - 0 ] INFO  ipc.Client (Client.java:handleConnectionFailure(977)) - Retrying connect to server: localhost/127.0.0.1:13421. Already tried 7 time(s); retry policy is RetryUpToMaximumCountWithFixedSleep(maxRetries=15, sleepTime=1000 MILLISECONDS)
2021-11-30 13:17:50,788 [grpc-default-executor-0] WARN  server.GrpcLogAppender (LogUtils.java:warn(122)) - 2e564fa8-312b-4913-8140-cec84c445c17@group-0B6D4AAB114F->b8a6b2ba-922b-4f06-aab5-ca74535011cb-AppendLogResponseHandler: Failed appendEntries: org.apache.ratis.thirdparty.io.grpc.StatusRuntimeException: UNAVAILABLE: io exception
2021-11-30 13:17:50,789 [grpc-default-executor-0] WARN  server.GrpcLogAppender (GrpcLogAppender.java:resetClient(110)) - 2e564fa8-312b-4913-8140-cec84c445c17@group-0B6D4AAB114F->b8a6b2ba-922b-4f06-aab5-ca74535011cb-GrpcLogAppender: Leader has not got in touch with Follower 2e564fa8-312b-4913-8140-cec84c445c17@group-0B6D4AAB114F->b8a6b2ba-922b-4f06-aab5-ca74535011cb(c0,m0,n1, attendVote=true, lastRpcSendTime=2502, lastRpcResponseTime=5003) yet, just keep nextIndex unchanged and retry.
2021-11-30 13:17:50,818 [grpc-default-executor-0] WARN  server.GrpcLogAppender (LogUtils.java:warn(122)) - 2e564fa8-312b-4913-8140-cec84c445c17@group-0B6D4AAB114F->d98c3e5c-49fa-4679-a7d6-b0bafe1f3c0f-AppendLogResponseHandler: Failed appendEntries: org.apache.ratis.thirdparty.io.grpc.StatusRuntimeException: UNAVAILABLE: io exception
2021-11-30 13:17:50,819 [grpc-default-executor-0] WARN  server.GrpcLogAppender (GrpcLogAppender.java:resetClient(110)) - 2e564fa8-312b-4913-8140-cec84c445c17@group-0B6D4AAB114F->d98c3e5c-49fa-4679-a7d6-b0bafe1f3c0f-GrpcLogAppender: Leader has not got in touch with Follower 2e564fa8-312b-4913-8140-cec84c445c17@group-0B6D4AAB114F->d98c3e5c-49fa-4679-a7d6-b0bafe1f3c0f(c0,m0,n1, attendVote=true, lastRpcSendTime=0, lastRpcResponseTime=5013) yet, just keep nextIndex unchanged and retry.
2021-11-30 13:17:51,114 [2e564fa8-312b-4913-8140-cec84c445c17@group-0B6D4AAB114F-LeaderStateImpl] WARN  server.RaftServer$Division (LeaderStateImpl.java:checkLeadership(974)) - 2e564fa8-312b-4913-8140-cec84c445c17@group-0B6D4AAB114F-LeaderStateImpl: Lost leadership on term: 3. Election timeout: 5200ms. In charge for: 10548ms. Conf: 0: [d98c3e5c-49fa-4679-a7d6-b0bafe1f3c0f|rpc:127.0.0.1:42503|dataStream:|priority:0, b8a6b2ba-922b-4f06-aab5-ca74535011cb|rpc:127.0.0.1:33201|dataStream:|priority:0, 2e564fa8-312b-4913-8140-cec84c445c17|rpc:127.0.0.1:37125|dataStream:|priority:1], old=null
2021-11-30 13:17:51,114 [2e564fa8-312b-4913-8140-cec84c445c17@group-0B6D4AAB114F-LeaderStateImpl] WARN  server.RaftServer$Division (LeaderStateImpl.java:lambda$checkLeadership$15(978)) - Follower 2e564fa8-312b-4913-8140-cec84c445c17@group-0B6D4AAB114F->d98c3e5c-49fa-4679-a7d6-b0bafe1f3c0f(c0,m0,n1, attendVote=true, lastRpcSendTime=296, lastRpcResponseTime=5308)
2021-11-30 13:17:51,114 [2e564fa8-312b-4913-8140-cec84c445c17@group-0B6D4AAB114F-LeaderStateImpl] WARN  server.RaftServer$Division (LeaderStateImpl.java:lambda$checkLeadership$15(978)) - Follower 2e564fa8-312b-4913-8140-cec84c445c17@group-0B6D4AAB114F->b8a6b2ba-922b-4f06-aab5-ca74535011cb(c0,m0,n1, attendVote=true, lastRpcSendTime=324, lastRpcResponseTime=5329)
2021-11-30 13:17:51,114 [2e564fa8-312b-4913-8140-cec84c445c17@group-0B6D4AAB114F-LeaderStateImpl] INFO  server.RaftServer$Division (RaftServerImpl.java:setRole(290)) - 2e564fa8-312b-4913-8140-cec84c445c17@group-0B6D4AAB114F: changes role from    LEADER to FOLLOWER at term 3 for StepDownReason:LOST_MAJORITY_HEARTBEATS
2021-11-30 13:17:51,114 [2e564fa8-312b-4913-8140-cec84c445c17@group-0B6D4AAB114F-LeaderStateImpl] INFO  impl.RoleInfo (RoleInfo.java:shutdownLeaderState(91)) - 2e564fa8-312b-4913-8140-cec84c445c17: shutdown 2e564fa8-312b-4913-8140-cec84c445c17@group-0B6D4AAB114F-LeaderStateImpl
2021-11-30 13:17:51,114 [2e564fa8-312b-4913-8140-cec84c445c17@group-0B6D4AAB114F-LeaderStateImpl] INFO  impl.PendingRequests (PendingRequests.java:sendNotLeaderResponses(282)) - 2e564fa8-312b-4913-8140-cec84c445c17@group-0B6D4AAB114F-PendingRequests: sendNotLeaderResponses
2021-11-30 13:17:51,115 [2e564fa8-312b-4913-8140-cec84c445c17@group-0B6D4AAB114F-LeaderStateImpl] INFO  impl.RoleInfo (RoleInfo.java:updateAndGet(130)) - 2e564fa8-312b-4913-8140-cec84c445c17: start 2e564fa8-312b-4913-8140-cec84c445c17@group-0B6D4AAB114F-FollowerState
2021-11-30 13:17:51,120 [EndpointStateMachine task thread for /127.0.0.1:13411 - 0 ] INFO  ipc.Client (Client.java:handleConnectionFailure(977)) - Retrying connect to server: localhost/127.0.0.1:13411. Already tried 9 time(s); retry policy is RetryUpToMaximumCountWithFixedSleep(maxRetries=15, sleepTime=1000 MILLISECONDS)
2021-11-30 13:17:51,497 [EndpointStateMachine task thread for /127.0.0.1:13685 - 0 ] INFO  ipc.Client (Client.java:handleConnectionFailure(977)) - Retrying connect to server: localhost/127.0.0.1:13685. Already tried 8 time(s); retry policy is RetryUpToMaximumCountWithFixedSleep(maxRetries=15, sleepTime=1000 MILLISECONDS)
2021-11-30 13:17:51,500 [EndpointStateMachine task thread for /127.0.0.1:13705 - 0 ] INFO  ipc.Client (Client.java:handleConnectionFailure(977)) - Retrying connect to server: localhost/127.0.0.1:13705. Already tried 8 time(s); retry policy is RetryUpToMaximumCountWithFixedSleep(maxRetries=15, sleepTime=1000 MILLISECONDS)
2021-11-30 13:17:51,501 [EndpointStateMachine task thread for /127.0.0.1:13695 - 0 ] INFO  ipc.Client (Client.java:handleConnectionFailure(977)) - Retrying connect to server: localhost/127.0.0.1:13695. Already tried 8 time(s); retry policy is RetryUpToMaximumCountWithFixedSleep(maxRetries=15, sleepTime=1000 MILLISECONDS)
2021-11-30 13:17:51,578 [EndpointStateMachine task thread for /127.0.0.1:13401 - 0 ] INFO  ipc.Client (Client.java:handleConnectionFailure(977)) - Retrying connect to server: localhost/127.0.0.1:13401. Already tried 9 time(s); retry policy is RetryUpToMaximumCountWithFixedSleep(maxRetries=15, sleepTime=1000 MILLISECONDS)
2021-11-30 13:17:51,615 [EndpointStateMachine task thread for /127.0.0.1:13421 - 0 ] INFO  ipc.Client (Client.java:handleConnectionFailure(977)) - Retrying connect to server: localhost/127.0.0.1:13421. Already tried 8 time(s); retry policy is RetryUpToMaximumCountWithFixedSleep(maxRetries=15, sleepTime=1000 MILLISECONDS)
2021-11-30 13:17:52,120 [EndpointStateMachine task thread for /127.0.0.1:13411 - 0 ] INFO  ipc.Client (Client.java:handleConnectionFailure(977)) - Retrying connect to server: localhost/127.0.0.1:13411. Already tried 10 time(s); retry policy is RetryUpToMaximumCountWithFixedSleep(maxRetries=15, sleepTime=1000 MILLISECONDS)
2021-11-30 13:17:52,497 [EndpointStateMachine task thread for /127.0.0.1:13685 - 0 ] INFO  ipc.Client (Client.java:handleConnectionFailure(977)) - Retrying connect to server: localhost/127.0.0.1:13685. Already tried 9 time(s); retry policy is RetryUpToMaximumCountWithFixedSleep(maxRetries=15, sleepTime=1000 MILLISECONDS)
2021-11-30 13:17:52,501 [EndpointStateMachine task thread for /127.0.0.1:13705 - 0 ] INFO  ipc.Client (Client.java:handleConnectionFailure(977)) - Retrying connect to server: localhost/127.0.0.1:13705. Already tried 9 time(s); retry policy is RetryUpToMaximumCountWithFixedSleep(maxRetries=15, sleepTime=1000 MILLISECONDS)
2021-11-30 13:17:52,501 [EndpointStateMachine task thread for /127.0.0.1:13695 - 0 ] INFO  ipc.Client (Client.java:handleConnectionFailure(977)) - Retrying connect to server: localhost/127.0.0.1:13695. Already tried 9 time(s); retry policy is RetryUpToMaximumCountWithFixedSleep(maxRetries=15, sleepTime=1000 MILLISECONDS)
2021-11-30 13:17:52,579 [EndpointStateMachine task thread for /127.0.0.1:13401 - 0 ] INFO  ipc.Client (Client.java:handleConnectionFailure(977)) - Retrying connect to server: localhost/127.0.0.1:13401. Already tried 10 time(s); retry policy is RetryUpToMaximumCountWithFixedSleep(maxRetries=15, sleepTime=1000 MILLISECONDS)
2021-11-30 13:17:52,615 [EndpointStateMachine task thread for /127.0.0.1:13421 - 0 ] INFO  ipc.Client (Client.java:handleConnectionFailure(977)) - Retrying connect to server: localhost/127.0.0.1:13421. Already tried 9 time(s); retry policy is RetryUpToMaximumCountWithFixedSleep(maxRetries=15, sleepTime=1000 MILLISECONDS)
2021-11-30 13:17:53,121 [EndpointStateMachine task thread for /127.0.0.1:13411 - 0 ] INFO  ipc.Client (Client.java:handleConnectionFailure(977)) - Retrying connect to server: localhost/127.0.0.1:13411. Already tried 11 time(s); retry policy is RetryUpToMaximumCountWithFixedSleep(maxRetries=15, sleepTime=1000 MILLISECONDS)
2021-11-30 13:17:53,498 [EndpointStateMachine task thread for /127.0.0.1:13685 - 0 ] INFO  ipc.Client (Client.java:handleConnectionFailure(977)) - Retrying connect to server: localhost/127.0.0.1:13685. Already tried 10 time(s); retry policy is RetryUpToMaximumCountWithFixedSleep(maxRetries=15, sleepTime=1000 MILLISECONDS)
2021-11-30 13:17:53,501 [EndpointStateMachine task thread for /127.0.0.1:13705 - 0 ] INFO  ipc.Client (Client.java:handleConnectionFailure(977)) - Retrying connect to server: localhost/127.0.0.1:13705. Already tried 10 time(s); retry policy is RetryUpToMaximumCountWithFixedSleep(maxRetries=15, sleepTime=1000 MILLISECONDS)
2021-11-30 13:17:53,501 [EndpointStateMachine task thread for /127.0.0.1:13695 - 0 ] INFO  ipc.Client (Client.java:handleConnectionFailure(977)) - Retrying connect to server: localhost/127.0.0.1:13695. Already tried 10 time(s); retry policy is RetryUpToMaximumCountWithFixedSleep(maxRetries=15, sleepTime=1000 MILLISECONDS)
2021-11-30 13:17:53,580 [EndpointStateMachine task thread for /127.0.0.1:13401 - 0 ] INFO  ipc.Client (Client.java:handleConnectionFailure(977)) - Retrying connect to server: localhost/127.0.0.1:13401. Already tried 11 time(s); retry policy is RetryUpToMaximumCountWithFixedSleep(maxRetries=15, sleepTime=1000 MILLISECONDS)
2021-11-30 13:17:53,616 [EndpointStateMachine task thread for /127.0.0.1:13421 - 0 ] INFO  ipc.Client (Client.java:handleConnectionFailure(977)) - Retrying connect to server: localhost/127.0.0.1:13421. Already tried 10 time(s); retry policy is RetryUpToMaximumCountWithFixedSleep(maxRetries=15, sleepTime=1000 MILLISECONDS)
2021-11-30 13:17:54,122 [EndpointStateMachine task thread for /127.0.0.1:13411 - 0 ] INFO  ipc.Client (Client.java:handleConnectionFailure(977)) - Retrying connect to server: localhost/127.0.0.1:13411. Already tried 12 time(s); retry policy is RetryUpToMaximumCountWithFixedSleep(maxRetries=15, sleepTime=1000 MILLISECONDS)
2021-11-30 13:17:54,499 [EndpointStateMachine task thread for /127.0.0.1:13685 - 0 ] INFO  ipc.Client (Client.java:handleConnectionFailure(977)) - Retrying connect to server: localhost/127.0.0.1:13685. Already tried 11 time(s); retry policy is RetryUpToMaximumCountWithFixedSleep(maxRetries=15, sleepTime=1000 MILLISECONDS)
2021-11-30 13:17:54,502 [EndpointStateMachine task thread for /127.0.0.1:13705 - 0 ] INFO  ipc.Client (Client.java:handleConnectionFailure(977)) - Retrying connect to server: localhost/127.0.0.1:13705. Already tried 11 time(s); retry policy is RetryUpToMaximumCountWithFixedSleep(maxRetries=15, sleepTime=1000 MILLISECONDS)
2021-11-30 13:17:54,502 [EndpointStateMachine task thread for /127.0.0.1:13695 - 0 ] INFO  ipc.Client (Client.java:handleConnectionFailure(977)) - Retrying connect to server: localhost/127.0.0.1:13695. Already tried 11 time(s); retry policy is RetryUpToMaximumCountWithFixedSleep(maxRetries=15, sleepTime=1000 MILLISECONDS)
2021-11-30 13:17:54,580 [EndpointStateMachine task thread for /127.0.0.1:13401 - 0 ] INFO  ipc.Client (Client.java:handleConnectionFailure(977)) - Retrying connect to server: localhost/127.0.0.1:13401. Already tried 12 time(s); retry policy is RetryUpToMaximumCountWithFixedSleep(maxRetries=15, sleepTime=1000 MILLISECONDS)
2021-11-30 13:17:54,617 [EndpointStateMachine task thread for /127.0.0.1:13421 - 0 ] INFO  ipc.Client (Client.java:handleConnectionFailure(977)) - Retrying connect to server: localhost/127.0.0.1:13421. Already tried 11 time(s); retry policy is RetryUpToMaximumCountWithFixedSleep(maxRetries=15, sleepTime=1000 MILLISECONDS)
2021-11-30 13:17:55,122 [EndpointStateMachine task thread for /127.0.0.1:13411 - 0 ] INFO  ipc.Client (Client.java:handleConnectionFailure(977)) - Retrying connect to server: localhost/127.0.0.1:13411. Already tried 13 time(s); retry policy is RetryUpToMaximumCountWithFixedSleep(maxRetries=15, sleepTime=1000 MILLISECONDS)
2021-11-30 13:17:55,244 [ForkJoinPool.commonPool-worker-1] INFO  ozoneimpl.OzoneContainer (OzoneContainer.java:stop(325)) - Attempting to stop container services.
2021-11-30 13:17:55,246 [ForkJoinPool.commonPool-worker-1] INFO  server.RaftServer (RaftServerProxy.java:lambda$close$6(391)) - 2e564fa8-312b-4913-8140-cec84c445c17: close
2021-11-30 13:17:55,246 [ForkJoinPool.commonPool-worker-1] INFO  server.RaftServer$Division (RaftServerImpl.java:lambda$close$4(412)) - 2e564fa8-312b-4913-8140-cec84c445c17@group-1CF2AB5825BD: shutdown
2021-11-30 13:17:55,246 [ForkJoinPool.commonPool-worker-1] INFO  util.JmxRegister (JmxRegister.java:unregister(73)) - Successfully un-registered JMX Bean with object name Ratis:service=RaftServer,group=group-1CF2AB5825BD,id=2e564fa8-312b-4913-8140-cec84c445c17
2021-11-30 13:17:55,246 [ForkJoinPool.commonPool-worker-1] INFO  impl.RoleInfo (RoleInfo.java:shutdownLeaderState(91)) - 2e564fa8-312b-4913-8140-cec84c445c17: shutdown 2e564fa8-312b-4913-8140-cec84c445c17@group-1CF2AB5825BD-LeaderStateImpl
2021-11-30 13:17:55,247 [ForkJoinPool.commonPool-worker-1] INFO  impl.PendingRequests (PendingRequests.java:sendNotLeaderResponses(282)) - 2e564fa8-312b-4913-8140-cec84c445c17@group-1CF2AB5825BD-PendingRequests: sendNotLeaderResponses
2021-11-30 13:17:55,247 [ForkJoinPool.commonPool-worker-1] INFO  impl.StateMachineUpdater (StateMachineUpdater.java:stopAndJoin(149)) - 2e564fa8-312b-4913-8140-cec84c445c17@group-1CF2AB5825BD-StateMachineUpdater: set stopIndex = 0
2021-11-30 13:17:55,248 [2e564fa8-312b-4913-8140-cec84c445c17@group-1CF2AB5825BD-StateMachineUpdater] INFO  ratis.ContainerStateMachine (ContainerStateMachine.java:takeSnapshot(292)) - group-1CF2AB5825BD: Taking a snapshot at:(t:1, i:0) file /home/runner/work/ozone/ozone/hadoop-ozone/integration-test/target/test-dir/MiniOzoneClusterImpl-00f7fd44-dd00-490d-8842-f37d1847179e/datanode-2/data/ratis/54f83ae2-7f46-45bb-b164-1cf2ab5825bd/sm/snapshot.1_0
2021-11-30 13:17:55,248 [2e564fa8-312b-4913-8140-cec84c445c17@group-1CF2AB5825BD-StateMachineUpdater] INFO  ratis.ContainerStateMachine (ContainerStateMachine.java:takeSnapshot(303)) - group-1CF2AB5825BD: Finished taking a snapshot at:(t:1, i:0) file:/home/runner/work/ozone/ozone/hadoop-ozone/integration-test/target/test-dir/MiniOzoneClusterImpl-00f7fd44-dd00-490d-8842-f37d1847179e/datanode-2/data/ratis/54f83ae2-7f46-45bb-b164-1cf2ab5825bd/sm/snapshot.1_0 took: 0 ms
2021-11-30 13:17:55,249 [2e564fa8-312b-4913-8140-cec84c445c17@group-1CF2AB5825BD-StateMachineUpdater] INFO  impl.StateMachineUpdater (StateMachineUpdater.java:takeSnapshot(281)) - 2e564fa8-312b-4913-8140-cec84c445c17@group-1CF2AB5825BD-StateMachineUpdater: Took a snapshot at index 0
2021-11-30 13:17:55,249 [2e564fa8-312b-4913-8140-cec84c445c17@group-1CF2AB5825BD-StateMachineUpdater] INFO  impl.StateMachineUpdater (StateMachineUpdater.java:lambda$new$0(89)) - 2e564fa8-312b-4913-8140-cec84c445c17@group-1CF2AB5825BD-StateMachineUpdater: snapshotIndex: updateIncreasingly -1 -> 0
2021-11-30 13:17:55,249 [ForkJoinPool.commonPool-worker-1] INFO  server.RaftServer$Division (ServerState.java:close(419)) - 2e564fa8-312b-4913-8140-cec84c445c17@group-1CF2AB5825BD: closes. applyIndex: 0
2021-11-30 13:17:55,249 [2e564fa8-312b-4913-8140-cec84c445c17@group-1CF2AB5825BD-SegmentedRaftLogWorker] INFO  segmented.SegmentedRaftLogWorker (SegmentedRaftLogWorker.java:run(327)) - 2e564fa8-312b-4913-8140-cec84c445c17@group-1CF2AB5825BD-SegmentedRaftLogWorker was interrupted, exiting. There are 0 tasks remaining in the queue.
2021-11-30 13:17:55,250 [ForkJoinPool.commonPool-worker-1] INFO  segmented.SegmentedRaftLogWorker (SegmentedRaftLogWorker.java:close(237)) - 2e564fa8-312b-4913-8140-cec84c445c17@group-1CF2AB5825BD-SegmentedRaftLogWorker close()
2021-11-30 13:17:55,251 [ForkJoinPool.commonPool-worker-1] INFO  server.RaftServer$Division (RaftServerImpl.java:lambda$close$4(412)) - 2e564fa8-312b-4913-8140-cec84c445c17@group-8C2FD844F2F1: shutdown
2021-11-30 13:17:55,251 [ForkJoinPool.commonPool-worker-1] INFO  util.JmxRegister (JmxRegister.java:unregister(73)) - Successfully un-registered JMX Bean with object name Ratis:service=RaftServer,group=group-8C2FD844F2F1,id=2e564fa8-312b-4913-8140-cec84c445c17
2021-11-30 13:17:55,251 [ForkJoinPool.commonPool-worker-1] INFO  impl.RoleInfo (RoleInfo.java:shutdownFollowerState(108)) - 2e564fa8-312b-4913-8140-cec84c445c17: shutdown 2e564fa8-312b-4913-8140-cec84c445c17@group-8C2FD844F2F1-FollowerState
2021-11-30 13:17:55,251 [2e564fa8-312b-4913-8140-cec84c445c17@group-8C2FD844F2F1-StateMachineUpdater] INFO  ratis.ContainerStateMachine (ContainerStateMachine.java:takeSnapshot(292)) - group-8C2FD844F2F1: Taking a snapshot at:(t:2, i:0) file /home/runner/work/ozone/ozone/hadoop-ozone/integration-test/target/test-dir/MiniOzoneClusterImpl-00f7fd44-dd00-490d-8842-f37d1847179e/datanode-2/data/ratis/84c57249-c4b7-4137-b173-8c2fd844f2f1/sm/snapshot.2_0
2021-11-30 13:17:55,251 [ForkJoinPool.commonPool-worker-1] INFO  impl.StateMachineUpdater (StateMachineUpdater.java:stopAndJoin(149)) - 2e564fa8-312b-4913-8140-cec84c445c17@group-8C2FD844F2F1-StateMachineUpdater: set stopIndex = 0
2021-11-30 13:17:55,251 [2e564fa8-312b-4913-8140-cec84c445c17@group-8C2FD844F2F1-FollowerState] INFO  impl.FollowerState (FollowerState.java:run(143)) - 2e564fa8-312b-4913-8140-cec84c445c17@group-8C2FD844F2F1-FollowerState was interrupted: {}
java.lang.InterruptedException: sleep interrupted
	at java.lang.Thread.sleep(Native Method)
	at java.lang.Thread.sleep(Thread.java:340)
	at java.util.concurrent.TimeUnit.sleep(TimeUnit.java:386)
	at org.apache.ratis.util.TimeDuration.sleep(TimeDuration.java:324)
	at org.apache.ratis.util.TimeDuration.sleep(TimeDuration.java:309)
	at org.apache.ratis.server.impl.FollowerState.run(FollowerState.java:118)
2021-11-30 13:17:55,257 [2e564fa8-312b-4913-8140-cec84c445c17@group-8C2FD844F2F1-StateMachineUpdater] INFO  ratis.ContainerStateMachine (ContainerStateMachine.java:takeSnapshot(303)) - group-8C2FD844F2F1: Finished taking a snapshot at:(t:2, i:0) file:/home/runner/work/ozone/ozone/hadoop-ozone/integration-test/target/test-dir/MiniOzoneClusterImpl-00f7fd44-dd00-490d-8842-f37d1847179e/datanode-2/data/ratis/84c57249-c4b7-4137-b173-8c2fd844f2f1/sm/snapshot.2_0 took: 6 ms
2021-11-30 13:17:55,257 [2e564fa8-312b-4913-8140-cec84c445c17@group-8C2FD844F2F1-StateMachineUpdater] INFO  impl.StateMachineUpdater (StateMachineUpdater.java:takeSnapshot(281)) - 2e564fa8-312b-4913-8140-cec84c445c17@group-8C2FD844F2F1-StateMachineUpdater: Took a snapshot at index 0
2021-11-30 13:17:55,257 [2e564fa8-312b-4913-8140-cec84c445c17@group-8C2FD844F2F1-StateMachineUpdater] INFO  impl.StateMachineUpdater (StateMachineUpdater.java:lambda$new$0(89)) - 2e564fa8-312b-4913-8140-cec84c445c17@group-8C2FD844F2F1-StateMachineUpdater: snapshotIndex: updateIncreasingly -1 -> 0
2021-11-30 13:17:55,260 [ForkJoinPool.commonPool-worker-1] INFO  server.RaftServer$Division (ServerState.java:close(419)) - 2e564fa8-312b-4913-8140-cec84c445c17@group-8C2FD844F2F1: closes. applyIndex: 0
2021-11-30 13:17:55,260 [2e564fa8-312b-4913-8140-cec84c445c17@group-8C2FD844F2F1-SegmentedRaftLogWorker] INFO  segmented.SegmentedRaftLogWorker (SegmentedRaftLogWorker.java:run(327)) - 2e564fa8-312b-4913-8140-cec84c445c17@group-8C2FD844F2F1-SegmentedRaftLogWorker was interrupted, exiting. There are 0 tasks remaining in the queue.
2021-11-30 13:17:55,260 [ForkJoinPool.commonPool-worker-1] INFO  segmented.SegmentedRaftLogWorker (SegmentedRaftLogWorker.java:close(237)) - 2e564fa8-312b-4913-8140-cec84c445c17@group-8C2FD844F2F1-SegmentedRaftLogWorker close()
2021-11-30 13:17:55,260 [ForkJoinPool.commonPool-worker-1] INFO  server.RaftServer$Division (RaftServerImpl.java:lambda$close$4(412)) - 2e564fa8-312b-4913-8140-cec84c445c17@group-0B6D4AAB114F: shutdown
2021-11-30 13:17:55,261 [ForkJoinPool.commonPool-worker-1] INFO  util.JmxRegister (JmxRegister.java:unregister(73)) - Successfully un-registered JMX Bean with object name Ratis:service=RaftServer,group=group-0B6D4AAB114F,id=2e564fa8-312b-4913-8140-cec84c445c17
2021-11-30 13:17:55,261 [ForkJoinPool.commonPool-worker-1] INFO  impl.RoleInfo (RoleInfo.java:shutdownFollowerState(108)) - 2e564fa8-312b-4913-8140-cec84c445c17: shutdown 2e564fa8-312b-4913-8140-cec84c445c17@group-0B6D4AAB114F-FollowerState
2021-11-30 13:17:55,261 [2e564fa8-312b-4913-8140-cec84c445c17@group-0B6D4AAB114F-FollowerState] INFO  impl.FollowerState (FollowerState.java:run(143)) - 2e564fa8-312b-4913-8140-cec84c445c17@group-0B6D4AAB114F-FollowerState was interrupted: {}
java.lang.InterruptedException: sleep interrupted
	at java.lang.Thread.sleep(Native Method)
	at java.lang.Thread.sleep(Thread.java:340)
	at java.util.concurrent.TimeUnit.sleep(TimeUnit.java:386)
	at org.apache.ratis.util.TimeDuration.sleep(TimeDuration.java:324)
	at org.apache.ratis.util.TimeDuration.sleep(TimeDuration.java:309)
	at org.apache.ratis.server.impl.FollowerState.run(FollowerState.java:118)
2021-11-30 13:17:55,261 [2e564fa8-312b-4913-8140-cec84c445c17@group-0B6D4AAB114F-StateMachineUpdater] INFO  ratis.ContainerStateMachine (ContainerStateMachine.java:takeSnapshot(292)) - group-0B6D4AAB114F: Taking a snapshot at:(t:3, i:0) file /home/runner/work/ozone/ozone/hadoop-ozone/integration-test/target/test-dir/MiniOzoneClusterImpl-00f7fd44-dd00-490d-8842-f37d1847179e/datanode-2/data/ratis/269ccda0-2374-4b33-a16a-0b6d4aab114f/sm/snapshot.3_0
2021-11-30 13:17:55,262 [ForkJoinPool.commonPool-worker-1] INFO  impl.StateMachineUpdater (StateMachineUpdater.java:stopAndJoin(149)) - 2e564fa8-312b-4913-8140-cec84c445c17@group-0B6D4AAB114F-StateMachineUpdater: set stopIndex = 0
2021-11-30 13:17:55,262 [2e564fa8-312b-4913-8140-cec84c445c17@group-0B6D4AAB114F-StateMachineUpdater] INFO  ratis.ContainerStateMachine (ContainerStateMachine.java:takeSnapshot(303)) - group-0B6D4AAB114F: Finished taking a snapshot at:(t:3, i:0) file:/home/runner/work/ozone/ozone/hadoop-ozone/integration-test/target/test-dir/MiniOzoneClusterImpl-00f7fd44-dd00-490d-8842-f37d1847179e/datanode-2/data/ratis/269ccda0-2374-4b33-a16a-0b6d4aab114f/sm/snapshot.3_0 took: 1 ms
2021-11-30 13:17:55,262 [2e564fa8-312b-4913-8140-cec84c445c17@group-0B6D4AAB114F-StateMachineUpdater] INFO  impl.StateMachineUpdater (StateMachineUpdater.java:takeSnapshot(281)) - 2e564fa8-312b-4913-8140-cec84c445c17@group-0B6D4AAB114F-StateMachineUpdater: Took a snapshot at index 0
2021-11-30 13:17:55,262 [2e564fa8-312b-4913-8140-cec84c445c17@group-0B6D4AAB114F-StateMachineUpdater] INFO  impl.StateMachineUpdater (StateMachineUpdater.java:lambda$new$0(89)) - 2e564fa8-312b-4913-8140-cec84c445c17@group-0B6D4AAB114F-StateMachineUpdater: snapshotIndex: updateIncreasingly -1 -> 0
2021-11-30 13:17:55,263 [ForkJoinPool.commonPool-worker-1] INFO  server.RaftServer$Division (ServerState.java:close(419)) - 2e564fa8-312b-4913-8140-cec84c445c17@group-0B6D4AAB114F: closes. applyIndex: 0
2021-11-30 13:17:55,263 [2e564fa8-312b-4913-8140-cec84c445c17@group-0B6D4AAB114F-SegmentedRaftLogWorker] INFO  segmented.SegmentedRaftLogWorker (SegmentedRaftLogWorker.java:run(327)) - 2e564fa8-312b-4913-8140-cec84c445c17@group-0B6D4AAB114F-SegmentedRaftLogWorker was interrupted, exiting. There are 0 tasks remaining in the queue.
2021-11-30 13:17:55,263 [ForkJoinPool.commonPool-worker-1] INFO  segmented.SegmentedRaftLogWorker (SegmentedRaftLogWorker.java:close(237)) - 2e564fa8-312b-4913-8140-cec84c445c17@group-0B6D4AAB114F-SegmentedRaftLogWorker close()
2021-11-30 13:17:55,264 [ForkJoinPool.commonPool-worker-1] INFO  server.GrpcService (GrpcService.java:closeImpl(262)) - 2e564fa8-312b-4913-8140-cec84c445c17: shutdown server with port 37125 now
2021-11-30 13:17:55,272 [ForkJoinPool.commonPool-worker-1] INFO  server.GrpcService (GrpcService.java:closeImpl(271)) - 2e564fa8-312b-4913-8140-cec84c445c17: shutdown server with port 37125 successfully
2021-11-30 13:17:55,272 [org.apache.ratis.util.JvmPauseMonitor$$Lambda$499/638525764@124059d1] INFO  util.JvmPauseMonitor (JvmPauseMonitor.java:run(109)) - JvmPauseMonitor-2e564fa8-312b-4913-8140-cec84c445c17: Stopped
2021-11-30 13:17:55,282 [ForkJoinPool.commonPool-worker-1] INFO  utils.BackgroundService (BackgroundService.java:shutdown(132)) - Shutting down service BlockDeletingService
2021-11-30 13:17:55,499 [EndpointStateMachine task thread for /127.0.0.1:13685 - 0 ] INFO  ipc.Client (Client.java:handleConnectionFailure(977)) - Retrying connect to server: localhost/127.0.0.1:13685. Already tried 12 time(s); retry policy is RetryUpToMaximumCountWithFixedSleep(maxRetries=15, sleepTime=1000 MILLISECONDS)
2021-11-30 13:17:55,502 [EndpointStateMachine task thread for /127.0.0.1:13705 - 0 ] INFO  ipc.Client (Client.java:handleConnectionFailure(977)) - Retrying connect to server: localhost/127.0.0.1:13705. Already tried 12 time(s); retry policy is RetryUpToMaximumCountWithFixedSleep(maxRetries=15, sleepTime=1000 MILLISECONDS)
2021-11-30 13:17:55,503 [EndpointStateMachine task thread for /127.0.0.1:13695 - 0 ] INFO  ipc.Client (Client.java:handleConnectionFailure(977)) - Retrying connect to server: localhost/127.0.0.1:13695. Already tried 12 time(s); retry policy is RetryUpToMaximumCountWithFixedSleep(maxRetries=15, sleepTime=1000 MILLISECONDS)
2021-11-30 13:17:55,581 [EndpointStateMachine task thread for /127.0.0.1:13401 - 0 ] INFO  ipc.Client (Client.java:handleConnectionFailure(977)) - Retrying connect to server: localhost/127.0.0.1:13401. Already tried 13 time(s); retry policy is RetryUpToMaximumCountWithFixedSleep(maxRetries=15, sleepTime=1000 MILLISECONDS)
2021-11-30 13:17:55,617 [EndpointStateMachine task thread for /127.0.0.1:13421 - 0 ] INFO  ipc.Client (Client.java:handleConnectionFailure(977)) - Retrying connect to server: localhost/127.0.0.1:13421. Already tried 12 time(s); retry policy is RetryUpToMaximumCountWithFixedSleep(maxRetries=15, sleepTime=1000 MILLISECONDS)
2021-11-30 13:17:56,129 [EndpointStateMachine task thread for /127.0.0.1:13411 - 0 ] INFO  ipc.Client (Client.java:handleConnectionFailure(977)) - Retrying connect to server: localhost/127.0.0.1:13411. Already tried 14 time(s); retry policy is RetryUpToMaximumCountWithFixedSleep(maxRetries=15, sleepTime=1000 MILLISECONDS)
2021-11-30 13:17:56,130 [EndpointStateMachine task thread for /127.0.0.1:13411 - 0 ] WARN  statemachine.EndpointStateMachine (EndpointStateMachine.java:logIfNeeded(236)) - Unable to communicate to SCM server at localhost:13411 for past 0 seconds.
java.net.ConnectException: Call From fv-az148-447/10.1.0.48 to localhost:13411 failed on connection exception: java.net.ConnectException: Connection refused; For more details see:  http://wiki.apache.org/hadoop/ConnectionRefused
	at sun.reflect.GeneratedConstructorAccessor45.newInstance(Unknown Source)
	at sun.reflect.DelegatingConstructorAccessorImpl.newInstance(DelegatingConstructorAccessorImpl.java:45)
	at java.lang.reflect.Constructor.newInstance(Constructor.java:423)
	at org.apache.hadoop.net.NetUtils.wrapWithMessage(NetUtils.java:913)
	at org.apache.hadoop.net.NetUtils.wrapException(NetUtils.java:828)
	at org.apache.hadoop.ipc.Client.getRpcResponse(Client.java:1577)
	at org.apache.hadoop.ipc.Client.call(Client.java:1519)
	at org.apache.hadoop.ipc.Client.call(Client.java:1416)
	at org.apache.hadoop.ipc.ProtobufRpcEngine$Invoker.invoke(ProtobufRpcEngine.java:236)
	at org.apache.hadoop.ipc.ProtobufRpcEngine$Invoker.invoke(ProtobufRpcEngine.java:123)
	at com.sun.proxy.$Proxy48.submitRequest(Unknown Source)
	at org.apache.hadoop.ozone.protocolPB.StorageContainerDatanodeProtocolClientSideTranslatorPB.submitRequest(StorageContainerDatanodeProtocolClientSideTranslatorPB.java:117)
	at org.apache.hadoop.ozone.protocolPB.StorageContainerDatanodeProtocolClientSideTranslatorPB.sendHeartbeat(StorageContainerDatanodeProtocolClientSideTranslatorPB.java:149)
	at org.apache.hadoop.ozone.container.common.states.endpoint.HeartbeatEndpointTask.call(HeartbeatEndpointTask.java:179)
	at org.apache.hadoop.ozone.container.common.states.endpoint.HeartbeatEndpointTask.call(HeartbeatEndpointTask.java:82)
	at java.util.concurrent.FutureTask.run(FutureTask.java:266)
	at java.util.concurrent.ThreadPoolExecutor.runWorker(ThreadPoolExecutor.java:1149)
	at java.util.concurrent.ThreadPoolExecutor$Worker.run(ThreadPoolExecutor.java:624)
	at java.lang.Thread.run(Thread.java:748)
Caused by: java.net.ConnectException: Connection refused
	at sun.nio.ch.SocketChannelImpl.checkConnect(Native Method)
	at sun.nio.ch.SocketChannelImpl.finishConnect(SocketChannelImpl.java:716)
	at org.apache.hadoop.net.SocketIOWithTimeout.connect(SocketIOWithTimeout.java:206)
	at org.apache.hadoop.net.NetUtils.connect(NetUtils.java:586)
	at org.apache.hadoop.ipc.Client$Connection.setupConnection(Client.java:701)
	at org.apache.hadoop.ipc.Client$Connection.setupIOstreams(Client.java:822)
	at org.apache.hadoop.ipc.Client$Connection.access$3800(Client.java:414)
	at org.apache.hadoop.ipc.Client.getConnection(Client.java:1647)
	at org.apache.hadoop.ipc.Client.call(Client.java:1463)
	... 12 more
2021-11-30 13:17:56,500 [EndpointStateMachine task thread for /127.0.0.1:13685 - 0 ] INFO  ipc.Client (Client.java:handleConnectionFailure(977)) - Retrying connect to server: localhost/127.0.0.1:13685. Already tried 13 time(s); retry policy is RetryUpToMaximumCountWithFixedSleep(maxRetries=15, sleepTime=1000 MILLISECONDS)
2021-11-30 13:17:56,503 [EndpointStateMachine task thread for /127.0.0.1:13705 - 0 ] INFO  ipc.Client (Client.java:handleConnectionFailure(977)) - Retrying connect to server: localhost/127.0.0.1:13705. Already tried 13 time(s); retry policy is RetryUpToMaximumCountWithFixedSleep(maxRetries=15, sleepTime=1000 MILLISECONDS)
2021-11-30 13:17:56,503 [EndpointStateMachine task thread for /127.0.0.1:13695 - 0 ] INFO  ipc.Client (Client.java:handleConnectionFailure(977)) - Retrying connect to server: localhost/127.0.0.1:13695. Already tried 13 time(s); retry policy is RetryUpToMaximumCountWithFixedSleep(maxRetries=15, sleepTime=1000 MILLISECONDS)
2021-11-30 13:17:56,582 [EndpointStateMachine task thread for /127.0.0.1:13401 - 0 ] INFO  ipc.Client (Client.java:handleConnectionFailure(977)) - Retrying connect to server: localhost/127.0.0.1:13401. Already tried 14 time(s); retry policy is RetryUpToMaximumCountWithFixedSleep(maxRetries=15, sleepTime=1000 MILLISECONDS)
2021-11-30 13:17:56,583 [EndpointStateMachine task thread for /127.0.0.1:13401 - 0 ] WARN  statemachine.EndpointStateMachine (EndpointStateMachine.java:logIfNeeded(236)) - Unable to communicate to SCM server at localhost:13401 for past 0 seconds.
java.net.ConnectException: Call From fv-az148-447/10.1.0.48 to localhost:13401 failed on connection exception: java.net.ConnectException: Connection refused; For more details see:  http://wiki.apache.org/hadoop/ConnectionRefused
	at sun.reflect.GeneratedConstructorAccessor45.newInstance(Unknown Source)
	at sun.reflect.DelegatingConstructorAccessorImpl.newInstance(DelegatingConstructorAccessorImpl.java:45)
	at java.lang.reflect.Constructor.newInstance(Constructor.java:423)
	at org.apache.hadoop.net.NetUtils.wrapWithMessage(NetUtils.java:913)
	at org.apache.hadoop.net.NetUtils.wrapException(NetUtils.java:828)
	at org.apache.hadoop.ipc.Client.getRpcResponse(Client.java:1577)
	at org.apache.hadoop.ipc.Client.call(Client.java:1519)
	at org.apache.hadoop.ipc.Client.call(Client.java:1416)
	at org.apache.hadoop.ipc.ProtobufRpcEngine$Invoker.invoke(ProtobufRpcEngine.java:236)
	at org.apache.hadoop.ipc.ProtobufRpcEngine$Invoker.invoke(ProtobufRpcEngine.java:123)
	at com.sun.proxy.$Proxy48.submitRequest(Unknown Source)
	at org.apache.hadoop.ozone.protocolPB.StorageContainerDatanodeProtocolClientSideTranslatorPB.submitRequest(StorageContainerDatanodeProtocolClientSideTranslatorPB.java:117)
	at org.apache.hadoop.ozone.protocolPB.StorageContainerDatanodeProtocolClientSideTranslatorPB.sendHeartbeat(StorageContainerDatanodeProtocolClientSideTranslatorPB.java:149)
	at org.apache.hadoop.ozone.container.common.states.endpoint.HeartbeatEndpointTask.call(HeartbeatEndpointTask.java:179)
	at org.apache.hadoop.ozone.container.common.states.endpoint.HeartbeatEndpointTask.call(HeartbeatEndpointTask.java:82)
	at java.util.concurrent.FutureTask.run(FutureTask.java:266)
	at java.util.concurrent.ThreadPoolExecutor.runWorker(ThreadPoolExecutor.java:1149)
	at java.util.concurrent.ThreadPoolExecutor$Worker.run(ThreadPoolExecutor.java:624)
	at java.lang.Thread.run(Thread.java:748)
Caused by: java.net.ConnectException: Connection refused
	at sun.nio.ch.SocketChannelImpl.checkConnect(Native Method)
	at sun.nio.ch.SocketChannelImpl.finishConnect(SocketChannelImpl.java:716)
	at org.apache.hadoop.net.SocketIOWithTimeout.connect(SocketIOWithTimeout.java:206)
	at org.apache.hadoop.net.NetUtils.connect(NetUtils.java:586)
	at org.apache.hadoop.ipc.Client$Connection.setupConnection(Client.java:701)
	at org.apache.hadoop.ipc.Client$Connection.setupIOstreams(Client.java:822)
	at org.apache.hadoop.ipc.Client$Connection.access$3800(Client.java:414)
	at org.apache.hadoop.ipc.Client.getConnection(Client.java:1647)
	at org.apache.hadoop.ipc.Client.call(Client.java:1463)
	... 12 more
2021-11-30 13:17:56,618 [EndpointStateMachine task thread for /127.0.0.1:13421 - 0 ] INFO  ipc.Client (Client.java:handleConnectionFailure(977)) - Retrying connect to server: localhost/127.0.0.1:13421. Already tried 13 time(s); retry policy is RetryUpToMaximumCountWithFixedSleep(maxRetries=15, sleepTime=1000 MILLISECONDS)
2021-11-30 13:17:57,130 [EndpointStateMachine task thread for /127.0.0.1:13411 - 0 ] INFO  ipc.Client (Client.java:handleConnectionFailure(977)) - Retrying connect to server: localhost/127.0.0.1:13411. Already tried 0 time(s); retry policy is RetryUpToMaximumCountWithFixedSleep(maxRetries=15, sleepTime=1000 MILLISECONDS)
2021-11-30 13:17:57,503 [EndpointStateMachine task thread for /127.0.0.1:13705 - 0 ] INFO  ipc.Client (Client.java:handleConnectionFailure(977)) - Retrying connect to server: localhost/127.0.0.1:13705. Already tried 14 time(s); retry policy is RetryUpToMaximumCountWithFixedSleep(maxRetries=15, sleepTime=1000 MILLISECONDS)
2021-11-30 13:17:57,503 [EndpointStateMachine task thread for /127.0.0.1:13685 - 0 ] INFO  ipc.Client (Client.java:handleConnectionFailure(977)) - Retrying connect to server: localhost/127.0.0.1:13685. Already tried 14 time(s); retry policy is RetryUpToMaximumCountWithFixedSleep(maxRetries=15, sleepTime=1000 MILLISECONDS)
2021-11-30 13:17:57,504 [EndpointStateMachine task thread for /127.0.0.1:13695 - 0 ] INFO  ipc.Client (Client.java:handleConnectionFailure(977)) - Retrying connect to server: localhost/127.0.0.1:13695. Already tried 14 time(s); retry policy is RetryUpToMaximumCountWithFixedSleep(maxRetries=15, sleepTime=1000 MILLISECONDS)
2021-11-30 13:17:57,583 [EndpointStateMachine task thread for /127.0.0.1:13401 - 0 ] INFO  ipc.Client (Client.java:handleConnectionFailure(977)) - Retrying connect to server: localhost/127.0.0.1:13401. Already tried 0 time(s); retry policy is RetryUpToMaximumCountWithFixedSleep(maxRetries=15, sleepTime=1000 MILLISECONDS)
2021-11-30 13:17:57,619 [EndpointStateMachine task thread for /127.0.0.1:13421 - 0 ] INFO  ipc.Client (Client.java:handleConnectionFailure(977)) - Retrying connect to server: localhost/127.0.0.1:13421. Already tried 14 time(s); retry policy is RetryUpToMaximumCountWithFixedSleep(maxRetries=15, sleepTime=1000 MILLISECONDS)
2021-11-30 13:17:57,619 [EndpointStateMachine task thread for /127.0.0.1:13421 - 0 ] WARN  statemachine.EndpointStateMachine (EndpointStateMachine.java:logIfNeeded(236)) - Unable to communicate to SCM server at localhost:13421 for past 0 seconds.
java.net.ConnectException: Call From fv-az148-447/10.1.0.48 to localhost:13421 failed on connection exception: java.net.ConnectException: Connection refused; For more details see:  http://wiki.apache.org/hadoop/ConnectionRefused
	at sun.reflect.GeneratedConstructorAccessor45.newInstance(Unknown Source)
	at sun.reflect.DelegatingConstructorAccessorImpl.newInstance(DelegatingConstructorAccessorImpl.java:45)
	at java.lang.reflect.Constructor.newInstance(Constructor.java:423)
	at org.apache.hadoop.net.NetUtils.wrapWithMessage(NetUtils.java:913)
	at org.apache.hadoop.net.NetUtils.wrapException(NetUtils.java:828)
	at org.apache.hadoop.ipc.Client.getRpcResponse(Client.java:1577)
	at org.apache.hadoop.ipc.Client.call(Client.java:1519)
	at org.apache.hadoop.ipc.Client.call(Client.java:1416)
	at org.apache.hadoop.ipc.ProtobufRpcEngine$Invoker.invoke(ProtobufRpcEngine.java:236)
	at org.apache.hadoop.ipc.ProtobufRpcEngine$Invoker.invoke(ProtobufRpcEngine.java:123)
	at com.sun.proxy.$Proxy48.submitRequest(Unknown Source)
	at org.apache.hadoop.ozone.protocolPB.StorageContainerDatanodeProtocolClientSideTranslatorPB.submitRequest(StorageContainerDatanodeProtocolClientSideTranslatorPB.java:117)
	at org.apache.hadoop.ozone.protocolPB.StorageContainerDatanodeProtocolClientSideTranslatorPB.sendHeartbeat(StorageContainerDatanodeProtocolClientSideTranslatorPB.java:149)
	at org.apache.hadoop.ozone.container.common.states.endpoint.HeartbeatEndpointTask.call(HeartbeatEndpointTask.java:179)
	at org.apache.hadoop.ozone.container.common.states.endpoint.HeartbeatEndpointTask.call(HeartbeatEndpointTask.java:82)
	at java.util.concurrent.FutureTask.run(FutureTask.java:266)
	at java.util.concurrent.ThreadPoolExecutor.runWorker(ThreadPoolExecutor.java:1149)
	at java.util.concurrent.ThreadPoolExecutor$Worker.run(ThreadPoolExecutor.java:624)
	at java.lang.Thread.run(Thread.java:748)
Caused by: java.net.ConnectException: Connection refused
	at sun.nio.ch.SocketChannelImpl.checkConnect(Native Method)
	at sun.nio.ch.SocketChannelImpl.finishConnect(SocketChannelImpl.java:716)
	at org.apache.hadoop.net.SocketIOWithTimeout.connect(SocketIOWithTimeout.java:206)
	at org.apache.hadoop.net.NetUtils.connect(NetUtils.java:586)
	at org.apache.hadoop.ipc.Client$Connection.setupConnection(Client.java:701)
	at org.apache.hadoop.ipc.Client$Connection.setupIOstreams(Client.java:822)
	at org.apache.hadoop.ipc.Client$Connection.access$3800(Client.java:414)
	at org.apache.hadoop.ipc.Client.getConnection(Client.java:1647)
	at org.apache.hadoop.ipc.Client.call(Client.java:1463)
	... 12 more
2021-11-30 13:17:58,131 [EndpointStateMachine task thread for /127.0.0.1:13411 - 0 ] INFO  ipc.Client (Client.java:handleConnectionFailure(977)) - Retrying connect to server: localhost/127.0.0.1:13411. Already tried 1 time(s); retry policy is RetryUpToMaximumCountWithFixedSleep(maxRetries=15, sleepTime=1000 MILLISECONDS)
2021-11-30 13:17:58,285 [ForkJoinPool.commonPool-worker-1] INFO  statemachine.DatanodeStateMachine (DatanodeStateMachine.java:stopDaemon(526)) - Ozone container server stopped.
2021-11-30 13:17:58,287 [ForkJoinPool.commonPool-worker-1] INFO  handler.ContextHandler (ContextHandler.java:doStop(1153)) - Stopped o.e.j.w.WebAppContext@3466cba1{hddsDatanode,/,null,STOPPED}{jar:file:/home/runner/.m2/repository/org/apache/ozone/hdds-container-service/1.3.0-SNAPSHOT/hdds-container-service-1.3.0-SNAPSHOT.jar!/webapps/hddsDatanode}
2021-11-30 13:17:58,293 [ForkJoinPool.commonPool-worker-1] INFO  server.AbstractConnector (AbstractConnector.java:doStop(381)) - Stopped ServerConnector@34146b8c{HTTP/1.1, (http/1.1)}{0.0.0.0:0}
2021-11-30 13:17:58,293 [ForkJoinPool.commonPool-worker-1] INFO  server.session (HouseKeeper.java:stopScavenging(149)) - node0 Stopped scavenging
2021-11-30 13:17:58,293 [ForkJoinPool.commonPool-worker-1] INFO  handler.ContextHandler (ContextHandler.java:doStop(1153)) - Stopped o.e.j.s.ServletContextHandler@38b24746{static,/static,jar:file:/home/runner/.m2/repository/org/apache/ozone/hdds-container-service/1.3.0-SNAPSHOT/hdds-container-service-1.3.0-SNAPSHOT.jar!/webapps/static,STOPPED}
2021-11-30 13:17:58,293 [ForkJoinPool.commonPool-worker-1] INFO  handler.ContextHandler (ContextHandler.java:doStop(1153)) - Stopped o.e.j.s.ServletContextHandler@3d02feb6{logs,/logs,file:///home/runner/work/ozone/ozone/hadoop-ozone/integration-test/target/log,STOPPED}
]]></system-out>
  </testcase>
  <testcase name="testInstallCorruptedCheckpointFailure" classname="org.apache.hadoop.ozone.scm.TestSCMInstallSnapshotWithHA" time="52.921"/>
</testsuite>