<?xml version="1.0" encoding="UTF-8"?>
<testsuite xmlns:xsi="http://www.w3.org/2001/XMLSchema-instance" xsi:noNamespaceSchemaLocation="https://maven.apache.org/surefire/maven-surefire-plugin/xsd/surefire-test-report-3.0.xsd" version="3.0" name="org.apache.hadoop.ozone.om.TestObjectStoreWithLegacyFS" time="26.839" tests="2" errors="0" skipped="0" failures="1">
  <properties>
    <property name="awt.toolkit" value="sun.awt.X11.XToolkit"/>
    <property name="file.encoding.pkg" value="sun.io"/>
    <property name="java.specification.version" value="1.8"/>
    <property name="sun.cpu.isalist" value=""/>
    <property name="sun.jnu.encoding" value="UTF-8"/>
    <property name="java.class.path" value="/home/runner/work/ozone/ozone/hadoop-ozone/integration-test/target/test-classes:/home/runner/work/ozone/ozone/hadoop-ozone/integration-test/target/classes:/home/runner/.m2/repository/org/apache/ozone/ozone-common/1.3.0-SNAPSHOT/ozone-common-1.3.0-SNAPSHOT.jar:/home/runner/.m2/repository/io/grpc/grpc-netty/1.48.1/grpc-netty-1.48.1.jar:/home/runner/.m2/repository/io/grpc/grpc-core/1.48.1/grpc-core-1.48.1.jar:/home/runner/.m2/repository/com/google/android/annotations/4.1.1.4/annotations-4.1.1.4.jar:/home/runner/.m2/repository/org/codehaus/mojo/animal-sniffer-annotations/1.21/animal-sniffer-annotations-1.21.jar:/home/runner/.m2/repository/com/google/errorprone/error_prone_annotations/2.2.0/error_prone_annotations-2.2.0.jar:/home/runner/.m2/repository/io/perfmark/perfmark-api/0.25.0/perfmark-api-0.25.0.jar:/home/runner/.m2/repository/io/netty/netty-codec-http2/4.1.79.Final/netty-codec-http2-4.1.79.Final.jar:/home/runner/.m2/repository/io/netty/netty-common/4.1.79.Final/netty-common-4.1.79.Final.jar:/home/runner/.m2/repository/io/netty/netty-buffer/4.1.79.Final/netty-buffer-4.1.79.Final.jar:/home/runner/.m2/repository/io/netty/netty-codec-http/4.1.79.Final/netty-codec-http-4.1.79.Final.jar:/home/runner/.m2/repository/io/netty/netty-handler-proxy/4.1.79.Final/netty-handler-proxy-4.1.79.Final.jar:/home/runner/.m2/repository/io/netty/netty-codec-socks/4.1.79.Final/netty-codec-socks-4.1.79.Final.jar:/home/runner/.m2/repository/io/netty/netty-tcnative-boringssl-static/2.0.53.Final/netty-tcnative-boringssl-static-2.0.53.Final.jar:/home/runner/.m2/repository/io/netty/netty-tcnative-classes/2.0.53.Final/netty-tcnative-classes-2.0.53.Final.jar:/home/runner/.m2/repository/io/netty/netty-tcnative-boringssl-static/2.0.53.Final/netty-tcnative-boringssl-static-2.0.53.Final-linux-x86_64.jar:/home/runner/.m2/repository/io/netty/netty-tcnative-boringssl-static/2.0.53.Final/netty-tcnative-boringssl-static-2.0.53.Final-linux-aarch_64.jar:/home/runner/.m2/repository/io/netty/netty-tcnative-boringssl-static/2.0.53.Final/netty-tcnative-boringssl-static-2.0.53.Final-osx-x86_64.jar:/home/runner/.m2/repository/io/netty/netty-tcnative-boringssl-static/2.0.53.Final/netty-tcnative-boringssl-static-2.0.53.Final-osx-aarch_64.jar:/home/runner/.m2/repository/io/netty/netty-tcnative-boringssl-static/2.0.53.Final/netty-tcnative-boringssl-static-2.0.53.Final-windows-x86_64.jar:/home/runner/.m2/repository/org/apache/commons/commons-compress/1.21/commons-compress-1.21.jar:/home/runner/.m2/repository/org/apache/ozone/hdds-common/1.3.0-SNAPSHOT/hdds-common-1.3.0-SNAPSHOT.jar:/home/runner/.m2/repository/org/apache/ozone/hdds-client/1.3.0-SNAPSHOT/hdds-client-1.3.0-SNAPSHOT.jar:/home/runner/.m2/repository/org/apache/ozone/ozone-interface-client/1.3.0-SNAPSHOT/ozone-interface-client-1.3.0-SNAPSHOT.jar:/home/runner/.m2/repository/org/apache/ozone/hdds-test-utils/1.3.0-SNAPSHOT/hdds-test-utils-1.3.0-SNAPSHOT.jar:/home/runner/.m2/repository/com/google/guava/guava/31.1-jre/guava-31.1-jre.jar:/home/runner/.m2/repository/com/google/guava/failureaccess/1.0.1/failureaccess-1.0.1.jar:/home/runner/.m2/repository/com/google/guava/listenablefuture/9999.0-empty-to-avoid-conflict-with-guava/listenablefuture-9999.0-empty-to-avoid-conflict-with-guava.jar:/home/runner/.m2/repository/com/google/code/findbugs/jsr305/3.0.0/jsr305-3.0.0.jar:/home/runner/.m2/repository/org/checkerframework/checker-qual/3.12.0/checker-qual-3.12.0.jar:/home/runner/.m2/repository/com/google/j2objc/j2objc-annotations/1.3/j2objc-annotations-1.3.jar:/home/runner/.m2/repository/commons-io/commons-io/2.11.0/commons-io-2.11.0.jar:/home/runner/.m2/repository/commons-logging/commons-logging/1.2/commons-logging-1.2.jar:/home/runner/.m2/repository/ch/qos/reload4j/reload4j/1.2.22/reload4j-1.2.22.jar:/home/runner/.m2/repository/org/slf4j/slf4j-api/1.7.36/slf4j-api-1.7.36.jar:/home/runner/.m2/repository/org/apache/ozone/hdds-server-scm/1.3.0-SNAPSHOT/hdds-server-scm-1.3.0-SNAPSHOT.jar:/home/runner/.m2/repository/org/apache/ozone/hdds-container-service/1.3.0-SNAPSHOT/hdds-container-service-1.3.0-SNAPSHOT.jar:/home/runner/.m2/repository/org/apache/ozone/hdds-hadoop-dependency-server/1.3.0-SNAPSHOT/hdds-hadoop-dependency-server-1.3.0-SNAPSHOT.jar:/home/runner/.m2/repository/org/apache/hadoop/hadoop-hdfs/3.3.4/hadoop-hdfs-3.3.4.jar:/home/runner/.m2/repository/org/eclipse/jetty/jetty-util-ajax/9.4.43.v20210629/jetty-util-ajax-9.4.43.v20210629.jar:/home/runner/.m2/repository/commons-daemon/commons-daemon/1.0.13/commons-daemon-1.0.13.jar:/home/runner/.m2/repository/org/apache/ozone/hdds-server-framework/1.3.0-SNAPSHOT/hdds-server-framework-1.3.0-SNAPSHOT.jar:/home/runner/.m2/repository/org/apache/ozone/hdds-interface-server/1.3.0-SNAPSHOT/hdds-interface-server-1.3.0-SNAPSHOT.jar:/home/runner/.m2/repository/org/apache/logging/log4j/log4j-core/2.17.1/log4j-core-2.17.1.jar:/home/runner/.m2/repository/com/lmax/disruptor/3.4.2/disruptor-3.4.2.jar:/home/runner/.m2/repository/org/eclipse/jetty/jetty-servlet/9.4.43.v20210629/jetty-servlet-9.4.43.v20210629.jar:/home/runner/.m2/repository/org/eclipse/jetty/jetty-security/9.4.43.v20210629/jetty-security-9.4.43.v20210629.jar:/home/runner/.m2/repository/org/rocksdb/rocksdbjni/7.4.5/rocksdbjni-7.4.5.jar:/home/runner/.m2/repository/io/prometheus/simpleclient_dropwizard/0.7.0/simpleclient_dropwizard-0.7.0.jar:/home/runner/.m2/repository/io/prometheus/simpleclient/0.7.0/simpleclient-0.7.0.jar:/home/runner/.m2/repository/io/prometheus/simpleclient_common/0.7.0/simpleclient_common-0.7.0.jar:/home/runner/.m2/repository/io/dropwizard/metrics/metrics-core/3.2.4/metrics-core-3.2.4.jar:/home/runner/.m2/repository/org/apache/hadoop/hadoop-hdfs-client/3.3.4/hadoop-hdfs-client-3.3.4.jar:/home/runner/.m2/repository/com/squareup/okhttp3/okhttp/4.9.3/okhttp-4.9.3.jar:/home/runner/.m2/repository/com/squareup/okio/okio/2.8.0/okio-2.8.0.jar:/home/runner/.m2/repository/org/jetbrains/kotlin/kotlin-stdlib-common/1.4.10/kotlin-stdlib-common-1.4.10.jar:/home/runner/.m2/repository/org/bouncycastle/bcprov-jdk15on/1.67/bcprov-jdk15on-1.67.jar:/home/runner/.m2/repository/com/google/protobuf/protobuf-java/2.5.0/protobuf-java-2.5.0.jar:/home/runner/.m2/repository/org/apache/ozone/ozone-manager/1.3.0-SNAPSHOT/ozone-manager-1.3.0-SNAPSHOT.jar:/home/runner/.m2/repository/org/aspectj/aspectjrt/1.9.7/aspectjrt-1.9.7.jar:/home/runner/.m2/repository/org/aspectj/aspectjweaver/1.9.7/aspectjweaver-1.9.7.jar:/home/runner/.m2/repository/org/apache/ozone/hdds-interface-client/1.3.0-SNAPSHOT/hdds-interface-client-1.3.0-SNAPSHOT.jar:/home/runner/.m2/repository/org/apache/hadoop/thirdparty/hadoop-shaded-protobuf_3_7/1.1.1/hadoop-shaded-protobuf_3_7-1.1.1.jar:/home/runner/.m2/repository/org/apache/ozone/ozone-interface-storage/1.3.0-SNAPSHOT/ozone-interface-storage-1.3.0-SNAPSHOT.jar:/home/runner/.m2/repository/org/reflections/reflections/0.9.11/reflections-0.9.11.jar:/home/runner/.m2/repository/com/sun/jersey/jersey-client/1.19/jersey-client-1.19.jar:/home/runner/.m2/repository/org/apache/ranger/ranger-intg/2.3.0/ranger-intg-2.3.0.jar:/home/runner/.m2/repository/org/apache/ranger/ranger-plugins-common/2.3.0/ranger-plugins-common-2.3.0.jar:/home/runner/.m2/repository/commons-lang/commons-lang/2.6/commons-lang-2.6.jar:/home/runner/.m2/repository/org/codehaus/jackson/jackson-jaxrs/1.9.13/jackson-jaxrs-1.9.13.jar:/home/runner/.m2/repository/org/apache/ranger/ranger-plugins-cred/2.3.0/ranger-plugins-cred-2.3.0.jar:/home/runner/.m2/repository/org/apache/ranger/ranger-plugins-audit/2.3.0/ranger-plugins-audit-2.3.0.jar:/home/runner/.m2/repository/org/eclipse/jetty/jetty-client/9.4.31.v20200723/jetty-client-9.4.31.v20200723.jar:/home/runner/.m2/repository/org/apache/httpcomponents/httpmime/4.5.6/httpmime-4.5.6.jar:/home/runner/.m2/repository/org/apache/httpcomponents/httpcore-nio/4.4.6/httpcore-nio-4.4.6.jar:/home/runner/.m2/repository/org/apache/httpcomponents/httpasyncclient/4.1.3/httpasyncclient-4.1.3.jar:/home/runner/.m2/repository/com/carrotsearch/hppc/0.8.0/hppc-0.8.0.jar:/home/runner/.m2/repository/org/apache/orc/orc-core/1.5.8/orc-core-1.5.8.jar:/home/runner/.m2/repository/net/java/dev/jna/jna/5.2.0/jna-5.2.0.jar:/home/runner/.m2/repository/net/java/dev/jna/jna-platform/5.2.0/jna-platform-5.2.0.jar:/home/runner/.m2/repository/com/kstruct/gethostname4j/0.0.2/gethostname4j-0.0.2.jar:/home/runner/.m2/repository/org/apache/ranger/ranger-plugin-classloader/2.3.0/ranger-plugin-classloader-2.3.0.jar:/home/runner/.m2/repository/org/apache/hadoop/hadoop-minikdc/3.3.4/hadoop-minikdc-3.3.4.jar:/home/runner/.m2/repository/org/apache/kerby/kerb-simplekdc/1.0.1/kerb-simplekdc-1.0.1.jar:/home/runner/.m2/repository/org/apache/kerby/kerb-client/1.0.1/kerb-client-1.0.1.jar:/home/runner/.m2/repository/org/apache/kerby/kerby-config/1.0.1/kerby-config-1.0.1.jar:/home/runner/.m2/repository/org/apache/kerby/kerb-common/1.0.1/kerb-common-1.0.1.jar:/home/runner/.m2/repository/org/apache/kerby/kerb-crypto/1.0.1/kerb-crypto-1.0.1.jar:/home/runner/.m2/repository/org/apache/kerby/kerb-util/1.0.1/kerb-util-1.0.1.jar:/home/runner/.m2/repository/org/apache/kerby/token-provider/1.0.1/token-provider-1.0.1.jar:/home/runner/.m2/repository/org/apache/kerby/kerb-admin/1.0.1/kerb-admin-1.0.1.jar:/home/runner/.m2/repository/org/apache/kerby/kerb-server/1.0.1/kerb-server-1.0.1.jar:/home/runner/.m2/repository/org/apache/kerby/kerb-identity/1.0.1/kerb-identity-1.0.1.jar:/home/runner/.m2/repository/org/apache/kerby/kerby-xdr/1.0.1/kerby-xdr-1.0.1.jar:/home/runner/.m2/repository/org/apache/ozone/ozone-s3gateway/1.3.0-SNAPSHOT/ozone-s3gateway-1.3.0-SNAPSHOT.jar:/home/runner/.m2/repository/org/javassist/javassist/3.21.0-GA/javassist-3.21.0-GA.jar:/home/runner/.m2/repository/org/jboss/weld/servlet/weld-servlet/2.4.7.Final/weld-servlet-2.4.7.Final.jar:/home/runner/.m2/repository/org/glassfish/jersey/containers/jersey-container-servlet-core/2.34/jersey-container-servlet-core-2.34.jar:/home/runner/.m2/repository/org/glassfish/hk2/external/jakarta.inject/2.6.1/jakarta.inject-2.6.1.jar:/home/runner/.m2/repository/org/glassfish/jersey/core/jersey-common/2.34/jersey-common-2.34.jar:/home/runner/.m2/repository/jakarta/ws/rs/jakarta.ws.rs-api/2.1.6/jakarta.ws.rs-api-2.1.6.jar:/home/runner/.m2/repository/org/glassfish/jersey/ext/cdi/jersey-cdi1x/2.34/jersey-cdi1x-2.34.jar:/home/runner/.m2/repository/org/glassfish/jersey/inject/jersey-hk2/2.34/jersey-hk2-2.34.jar:/home/runner/.m2/repository/org/glassfish/hk2/hk2-locator/2.6.1/hk2-locator-2.6.1.jar:/home/runner/.m2/repository/org/glassfish/jersey/media/jersey-media-jaxb/2.34/jersey-media-jaxb-2.34.jar:/home/runner/.m2/repository/org/glassfish/hk2/osgi-resource-locator/1.0.3/osgi-resource-locator-1.0.3.jar:/home/runner/.m2/repository/org/glassfish/hk2/hk2-api/2.5.0/hk2-api-2.5.0.jar:/home/runner/.m2/repository/org/glassfish/hk2/hk2-utils/2.5.0/hk2-utils-2.5.0.jar:/home/runner/.m2/repository/org/glassfish/hk2/external/aopalliance-repackaged/2.5.0/aopalliance-repackaged-2.5.0.jar:/home/runner/.m2/repository/com/fasterxml/jackson/dataformat/jackson-dataformat-xml/2.13.4/jackson-dataformat-xml-2.13.4.jar:/home/runner/.m2/repository/com/fasterxml/jackson/core/jackson-core/2.13.4/jackson-core-2.13.4.jar:/home/runner/.m2/repository/org/codehaus/woodstox/stax2-api/3.1.4/stax2-api-3.1.4.jar:/home/runner/.m2/repository/com/fasterxml/woodstox/woodstox-core/5.0.3/woodstox-core-5.0.3.jar:/home/runner/.m2/repository/com/fasterxml/jackson/module/jackson-module-jaxb-annotations/2.13.4/jackson-module-jaxb-annotations-2.13.4.jar:/home/runner/.m2/repository/jakarta/xml/bind/jakarta.xml.bind-api/2.3.3/jakarta.xml.bind-api-2.3.3.jar:/home/runner/.m2/repository/jakarta/activation/jakarta.activation-api/1.2.1/jakarta.activation-api-1.2.1.jar:/home/runner/.m2/repository/javax/enterprise/cdi-api/1.2/cdi-api-1.2.jar:/home/runner/.m2/repository/javax/el/javax.el-api/3.0.0/javax.el-api-3.0.0.jar:/home/runner/.m2/repository/javax/interceptor/javax.interceptor-api/1.2/javax.interceptor-api-1.2.jar:/home/runner/.m2/repository/javax/inject/javax.inject/1/javax.inject-1.jar:/home/runner/.m2/repository/javax/xml/bind/jaxb-api/2.3.0/jaxb-api-2.3.0.jar:/home/runner/.m2/repository/org/glassfish/jaxb/jaxb-runtime/2.3.0.1/jaxb-runtime-2.3.0.1.jar:/home/runner/.m2/repository/org/glassfish/jaxb/jaxb-core/2.3.0.1/jaxb-core-2.3.0.1.jar:/home/runner/.m2/repository/org/glassfish/jaxb/txw2/2.3.0.1/txw2-2.3.0.1.jar:/home/runner/.m2/repository/com/sun/istack/istack-commons-runtime/3.0.5/istack-commons-runtime-3.0.5.jar:/home/runner/.m2/repository/org/jvnet/staxex/stax-ex/1.7.8/stax-ex-1.7.8.jar:/home/runner/.m2/repository/com/sun/xml/fastinfoset/FastInfoset/1.2.13/FastInfoset-1.2.13.jar:/home/runner/.m2/repository/javax/activation/activation/1.1.1/activation-1.1.1.jar:/home/runner/.m2/repository/io/grpc/grpc-protobuf/1.48.1/grpc-protobuf-1.48.1.jar:/home/runner/.m2/repository/io/grpc/grpc-api/1.48.1/grpc-api-1.48.1.jar:/home/runner/.m2/repository/io/grpc/grpc-context/1.48.1/grpc-context-1.48.1.jar:/home/runner/.m2/repository/com/google/api/grpc/proto-google-common-protos/2.9.0/proto-google-common-protos-2.9.0.jar:/home/runner/.m2/repository/io/grpc/grpc-protobuf-lite/1.48.1/grpc-protobuf-lite-1.48.1.jar:/home/runner/.m2/repository/io/grpc/grpc-stub/1.48.1/grpc-stub-1.48.1.jar:/home/runner/.m2/repository/io/netty/netty-transport/4.1.79.Final/netty-transport-4.1.79.Final.jar:/home/runner/.m2/repository/io/netty/netty-resolver/4.1.79.Final/netty-resolver-4.1.79.Final.jar:/home/runner/.m2/repository/org/apache/ozone/ozone-csi/1.3.0-SNAPSHOT/ozone-csi-1.3.0-SNAPSHOT.jar:/home/runner/.m2/repository/com/google/protobuf/protobuf-java-util/3.19.2/protobuf-java-util-3.19.2.jar:/home/runner/.m2/repository/com/google/code/gson/gson/2.9.0/gson-2.9.0.jar:/home/runner/.m2/repository/org/apache/ozone/hdds-config/1.3.0-SNAPSHOT/hdds-config-1.3.0-SNAPSHOT.jar:/home/runner/.m2/repository/io/netty/netty-transport-native-epoll/4.1.79.Final/netty-transport-native-epoll-4.1.79.Final-linux-x86_64.jar:/home/runner/.m2/repository/io/netty/netty-transport-classes-epoll/4.1.79.Final/netty-transport-classes-epoll-4.1.79.Final.jar:/home/runner/.m2/repository/io/netty/netty-transport-native-unix-common/4.1.79.Final/netty-transport-native-unix-common-4.1.79.Final.jar:/home/runner/.m2/repository/org/slf4j/slf4j-reload4j/1.7.36/slf4j-reload4j-1.7.36.jar:/home/runner/.m2/repository/org/apache/ozone/ozone-recon/1.3.0-SNAPSHOT/ozone-recon-1.3.0-SNAPSHOT.jar:/home/runner/.m2/repository/org/apache/ozone/ozone-reconcodegen/1.3.0-SNAPSHOT/ozone-reconcodegen-1.3.0-SNAPSHOT.jar:/home/runner/.m2/repository/com/google/inject/extensions/guice-multibindings/4.0/guice-multibindings-4.0.jar:/home/runner/.m2/repository/com/google/inject/guice/4.0/guice-4.0.jar:/home/runner/.m2/repository/aopalliance/aopalliance/1.0/aopalliance-1.0.jar:/home/runner/.m2/repository/com/google/inject/extensions/guice-assistedinject/4.0/guice-assistedinject-4.0.jar:/home/runner/.m2/repository/com/google/inject/extensions/guice-servlet/4.0/guice-servlet-4.0.jar:/home/runner/.m2/repository/org/glassfish/jersey/containers/jersey-container-servlet/2.34/jersey-container-servlet-2.34.jar:/home/runner/.m2/repository/org/glassfish/hk2/guice-bridge/2.5.0/guice-bridge-2.5.0.jar:/home/runner/.m2/repository/org/glassfish/jersey/core/jersey-server/2.34/jersey-server-2.34.jar:/home/runner/.m2/repository/org/glassfish/jersey/core/jersey-client/2.34/jersey-client-2.34.jar:/home/runner/.m2/repository/jakarta/annotation/jakarta.annotation-api/1.3.5/jakarta.annotation-api-1.3.5.jar:/home/runner/.m2/repository/jakarta/validation/jakarta.validation-api/2.0.2/jakarta.validation-api-2.0.2.jar:/home/runner/.m2/repository/org/glassfish/jersey/media/jersey-media-json-jackson/2.34/jersey-media-json-jackson-2.34.jar:/home/runner/.m2/repository/org/glassfish/jersey/ext/jersey-entity-filtering/2.34/jersey-entity-filtering-2.34.jar:/home/runner/.m2/repository/org/jooq/jooq/3.11.10/jooq-3.11.10.jar:/home/runner/.m2/repository/org/jooq/jooq-meta/3.11.10/jooq-meta-3.11.10.jar:/home/runner/.m2/repository/org/jooq/jooq-codegen/3.11.10/jooq-codegen-3.11.10.jar:/home/runner/.m2/repository/com/jolbox/bonecp/0.8.0.RELEASE/bonecp-0.8.0.RELEASE.jar:/home/runner/.m2/repository/org/apache/derby/derby/10.14.2.0/derby-10.14.2.0.jar:/home/runner/.m2/repository/org/xerial/sqlite-jdbc/3.25.2/sqlite-jdbc-3.25.2.jar:/home/runner/.m2/repository/org/springframework/spring-jdbc/5.2.20.RELEASE/spring-jdbc-5.2.20.RELEASE.jar:/home/runner/.m2/repository/org/springframework/spring-beans/5.2.20.RELEASE/spring-beans-5.2.20.RELEASE.jar:/home/runner/.m2/repository/org/springframework/spring-core/5.2.20.RELEASE/spring-core-5.2.20.RELEASE.jar:/home/runner/.m2/repository/org/springframework/spring-jcl/5.2.20.RELEASE/spring-jcl-5.2.20.RELEASE.jar:/home/runner/.m2/repository/org/springframework/spring-tx/5.2.20.RELEASE/spring-tx-5.2.20.RELEASE.jar:/home/runner/.m2/repository/org/apache/ozone/ozone-client/1.3.0-SNAPSHOT/ozone-client-1.3.0-SNAPSHOT.jar:/home/runner/.m2/repository/org/apache/ozone/hdds-erasurecode/1.3.0-SNAPSHOT/hdds-erasurecode-1.3.0-SNAPSHOT.jar:/home/runner/.m2/repository/com/github/spotbugs/spotbugs-annotations/3.1.12/spotbugs-annotations-3.1.12.jar:/home/runner/.m2/repository/org/apache/ozone/ozone-filesystem/1.3.0-SNAPSHOT/ozone-filesystem-1.3.0-SNAPSHOT.jar:/home/runner/.m2/repository/org/apache/ozone/ozone-filesystem-common/1.3.0-SNAPSHOT/ozone-filesystem-common-1.3.0-SNAPSHOT.jar:/home/runner/.m2/repository/org/apache/ozone/ozone-tools/1.3.0-SNAPSHOT/ozone-tools-1.3.0-SNAPSHOT.jar:/home/runner/.m2/repository/org/apache/ratis/ratis-tools/2.3.0/ratis-tools-2.3.0.jar:/home/runner/.m2/repository/com/amazonaws/aws-java-sdk-core/1.12.261/aws-java-sdk-core-1.12.261.jar:/home/runner/.m2/repository/org/apache/httpcomponents/httpclient/4.5.13/httpclient-4.5.13.jar:/home/runner/.m2/repository/org/apache/httpcomponents/httpcore/4.4.13/httpcore-4.4.13.jar:/home/runner/.m2/repository/software/amazon/ion/ion-java/1.0.2/ion-java-1.0.2.jar:/home/runner/.m2/repository/com/fasterxml/jackson/dataformat/jackson-dataformat-cbor/2.13.4/jackson-dataformat-cbor-2.13.4.jar:/home/runner/.m2/repository/joda-time/joda-time/2.8.1/joda-time-2.8.1.jar:/home/runner/.m2/repository/com/amazonaws/aws-java-sdk-s3/1.12.261/aws-java-sdk-s3-1.12.261.jar:/home/runner/.m2/repository/com/amazonaws/aws-java-sdk-kms/1.12.261/aws-java-sdk-kms-1.12.261.jar:/home/runner/.m2/repository/com/amazonaws/jmespath-java/1.12.261/jmespath-java-1.12.261.jar:/home/runner/.m2/repository/org/kohsuke/metainf-services/metainf-services/1.8/metainf-services-1.8.jar:/home/runner/.m2/repository/org/apache/ozone/hdds-tools/1.3.0-SNAPSHOT/hdds-tools-1.3.0-SNAPSHOT.jar:/home/runner/.m2/repository/commons-cli/commons-cli/1.2/commons-cli-1.2.jar:/home/runner/.m2/repository/org/apache/commons/commons-lang3/3.7/commons-lang3-3.7.jar:/home/runner/.m2/repository/org/apache/ozone/ozone-manager/1.3.0-SNAPSHOT/ozone-manager-1.3.0-SNAPSHOT-tests.jar:/home/runner/.m2/repository/org/apache/ozone/hdds-common/1.3.0-SNAPSHOT/hdds-common-1.3.0-SNAPSHOT-tests.jar:/home/runner/.m2/repository/org/apache/ozone/hdds-hadoop-dependency-client/1.3.0-SNAPSHOT/hdds-hadoop-dependency-client-1.3.0-SNAPSHOT.jar:/home/runner/.m2/repository/info/picocli/picocli/4.6.1/picocli-4.6.1.jar:/home/runner/.m2/repository/com/fasterxml/jackson/core/jackson-annotations/2.13.4/jackson-annotations-2.13.4.jar:/home/runner/.m2/repository/com/fasterxml/jackson/datatype/jackson-datatype-jsr310/2.13.4/jackson-datatype-jsr310-2.13.4.jar:/home/runner/.m2/repository/org/apache/ozone/hdds-annotation-processing/1.3.0-SNAPSHOT/hdds-annotation-processing-1.3.0-SNAPSHOT.jar:/home/runner/.m2/repository/javax/annotation/javax.annotation-api/1.2/javax.annotation-api-1.2.jar:/home/runner/.m2/repository/org/apache/ratis/ratis-server/2.3.0/ratis-server-2.3.0.jar:/home/runner/.m2/repository/org/apache/ratis/ratis-client/2.3.0/ratis-client-2.3.0.jar:/home/runner/.m2/repository/org/apache/ratis/ratis-server-api/2.3.0/ratis-server-api-2.3.0.jar:/home/runner/.m2/repository/org/apache/ratis/ratis-metrics/2.3.0/ratis-metrics-2.3.0.jar:/home/runner/.m2/repository/org/apache/ratis/ratis-netty/2.3.0/ratis-netty-2.3.0.jar:/home/runner/.m2/repository/org/apache/ratis/ratis-grpc/2.3.0/ratis-grpc-2.3.0.jar:/home/runner/.m2/repository/org/apache/logging/log4j/log4j-api/2.17.1/log4j-api-2.17.1.jar:/home/runner/.m2/repository/org/apache/commons/commons-pool2/2.6.0/commons-pool2-2.6.0.jar:/home/runner/.m2/repository/org/bouncycastle/bcpkix-jdk15on/1.67/bcpkix-jdk15on-1.67.jar:/home/runner/.m2/repository/commons-validator/commons-validator/1.6/commons-validator-1.6.jar:/home/runner/.m2/repository/commons-beanutils/commons-beanutils/1.9.4/commons-beanutils-1.9.4.jar:/home/runner/.m2/repository/commons-digester/commons-digester/1.8.1/commons-digester-1.8.1.jar:/home/runner/.m2/repository/commons-collections/commons-collections/3.2.2/commons-collections-3.2.2.jar:/home/runner/.m2/repository/io/jaegertracing/jaeger-client/1.6.0/jaeger-client-1.6.0.jar:/home/runner/.m2/repository/io/jaegertracing/jaeger-thrift/1.6.0/jaeger-thrift-1.6.0.jar:/home/runner/.m2/repository/org/apache/thrift/libthrift/0.14.1/libthrift-0.14.1.jar:/home/runner/.m2/repository/io/jaegertracing/jaeger-core/1.6.0/jaeger-core-1.6.0.jar:/home/runner/.m2/repository/io/jaegertracing/jaeger-tracerresolver/1.6.0/jaeger-tracerresolver-1.6.0.jar:/home/runner/.m2/repository/io/opentracing/contrib/opentracing-tracerresolver/0.1.8/opentracing-tracerresolver-0.1.8.jar:/home/runner/.m2/repository/org/jetbrains/kotlin/kotlin-stdlib/1.6.21/kotlin-stdlib-1.6.21.jar:/home/runner/.m2/repository/org/jetbrains/annotations/13.0/annotations-13.0.jar:/home/runner/.m2/repository/io/opentracing/opentracing-util/0.33.0/opentracing-util-0.33.0.jar:/home/runner/.m2/repository/io/opentracing/opentracing-api/0.33.0/opentracing-api-0.33.0.jar:/home/runner/.m2/repository/io/opentracing/opentracing-noop/0.33.0/opentracing-noop-0.33.0.jar:/home/runner/.m2/repository/org/yaml/snakeyaml/1.32/snakeyaml-1.32.jar:/home/runner/.m2/repository/org/apache/ozone/hdds-interface-admin/1.3.0-SNAPSHOT/hdds-interface-admin-1.3.0-SNAPSHOT.jar:/home/runner/.m2/repository/junit/junit/4.13.1/junit-4.13.1.jar:/home/runner/.m2/repository/org/hamcrest/hamcrest-core/1.3/hamcrest-core-1.3.jar:/home/runner/.m2/repository/org/junit/jupiter/junit-jupiter-api/5.8.2/junit-jupiter-api-5.8.2.jar:/home/runner/.m2/repository/org/opentest4j/opentest4j/1.2.0/opentest4j-1.2.0.jar:/home/runner/.m2/repository/org/junit/platform/junit-platform-commons/1.8.2/junit-platform-commons-1.8.2.jar:/home/runner/.m2/repository/org/apiguardian/apiguardian-api/1.1.2/apiguardian-api-1.1.2.jar:/home/runner/.m2/repository/org/junit/jupiter/junit-jupiter-params/5.8.2/junit-jupiter-params-5.8.2.jar:/home/runner/.m2/repository/org/junit/jupiter/junit-jupiter-migrationsupport/5.8.2/junit-jupiter-migrationsupport-5.8.2.jar:/home/runner/.m2/repository/org/junit/jupiter/junit-jupiter-engine/5.8.2/junit-jupiter-engine-5.8.2.jar:/home/runner/.m2/repository/org/junit/platform/junit-platform-engine/1.8.2/junit-platform-engine-1.8.2.jar:/home/runner/.m2/repository/org/junit/vintage/junit-vintage-engine/5.8.2/junit-vintage-engine-5.8.2.jar:/home/runner/.m2/repository/org/junit/platform/junit-platform-launcher/1.8.2/junit-platform-launcher-1.8.2.jar:/home/runner/.m2/repository/org/mockito/mockito-core/2.28.2/mockito-core-2.28.2.jar:/home/runner/.m2/repository/net/bytebuddy/byte-buddy/1.9.10/byte-buddy-1.9.10.jar:/home/runner/.m2/repository/net/bytebuddy/byte-buddy-agent/1.9.10/byte-buddy-agent-1.9.10.jar:/home/runner/.m2/repository/org/objenesis/objenesis/1.0/objenesis-1.0.jar:/home/runner/.m2/repository/org/apache/hadoop/hadoop-kms/3.3.4/hadoop-kms-3.3.4.jar:/home/runner/.m2/repository/org/apache/hadoop/hadoop-auth/3.3.4/hadoop-auth-3.3.4.jar:/home/runner/.m2/repository/com/nimbusds/nimbus-jose-jwt/7.9/nimbus-jose-jwt-7.9.jar:/home/runner/.m2/repository/com/github/stephenc/jcip/jcip-annotations/1.0-1/jcip-annotations-1.0-1.jar:/home/runner/.m2/repository/net/minidev/json-smart/2.4.7/json-smart-2.4.7.jar:/home/runner/.m2/repository/net/minidev/accessors-smart/2.4.7/accessors-smart-2.4.7.jar:/home/runner/.m2/repository/org/ow2/asm/asm/5.0.4/asm-5.0.4.jar:/home/runner/.m2/repository/org/apache/zookeeper/zookeeper/3.5.6/zookeeper-3.5.6.jar:/home/runner/.m2/repository/org/apache/zookeeper/zookeeper-jute/3.5.6/zookeeper-jute-3.5.6.jar:/home/runner/.m2/repository/org/apache/yetus/audience-annotations/0.5.0/audience-annotations-0.5.0.jar:/home/runner/.m2/repository/org/apache/curator/curator-framework/4.2.0/curator-framework-4.2.0.jar:/home/runner/.m2/repository/org/apache/hadoop/thirdparty/hadoop-shaded-guava/1.1.1/hadoop-shaded-guava-1.1.1.jar:/home/runner/.m2/repository/com/sun/jersey/jersey-core/1.19/jersey-core-1.19.jar:/home/runner/.m2/repository/javax/ws/rs/jsr311-api/1.1.1/jsr311-api-1.1.1.jar:/home/runner/.m2/repository/com/sun/jersey/jersey-server/1.19/jersey-server-1.19.jar:/home/runner/.m2/repository/javax/servlet/javax.servlet-api/3.1.0/javax.servlet-api-3.1.0.jar:/home/runner/.m2/repository/org/eclipse/jetty/jetty-server/9.4.43.v20210629/jetty-server-9.4.43.v20210629.jar:/home/runner/.m2/repository/org/eclipse/jetty/jetty-http/9.4.43.v20210629/jetty-http-9.4.43.v20210629.jar:/home/runner/.m2/repository/org/eclipse/jetty/jetty-io/9.4.43.v20210629/jetty-io-9.4.43.v20210629.jar:/home/runner/.m2/repository/org/eclipse/jetty/jetty-webapp/9.4.43.v20210629/jetty-webapp-9.4.43.v20210629.jar:/home/runner/.m2/repository/org/eclipse/jetty/jetty-xml/9.4.43.v20210629/jetty-xml-9.4.43.v20210629.jar:/home/runner/.m2/repository/org/apache/hadoop/hadoop-common/3.3.4/hadoop-common-3.3.4.jar:/home/runner/.m2/repository/org/apache/commons/commons-math3/3.1.1/commons-math3-3.1.1.jar:/home/runner/.m2/repository/commons-net/commons-net/3.6/commons-net-3.6.jar:/home/runner/.m2/repository/com/sun/jersey/jersey-servlet/1.19/jersey-servlet-1.19.jar:/home/runner/.m2/repository/com/sun/jersey/jersey-json/1.19/jersey-json-1.19.jar:/home/runner/.m2/repository/org/codehaus/jettison/jettison/1.1/jettison-1.1.jar:/home/runner/.m2/repository/com/sun/xml/bind/jaxb-impl/2.2.3-1/jaxb-impl-2.2.3-1.jar:/home/runner/.m2/repository/org/codehaus/jackson/jackson-xc/1.9.2/jackson-xc-1.9.2.jar:/home/runner/.m2/repository/org/apache/commons/commons-configuration2/2.1.1/commons-configuration2-2.1.1.jar:/home/runner/.m2/repository/org/apache/commons/commons-text/1.4/commons-text-1.4.jar:/home/runner/.m2/repository/com/google/re2j/re2j/1.1/re2j-1.1.jar:/home/runner/.m2/repository/com/jcraft/jsch/0.1.54/jsch-0.1.54.jar:/home/runner/.m2/repository/org/apache/curator/curator-client/4.2.0/curator-client-4.2.0.jar:/home/runner/.m2/repository/org/apache/curator/curator-recipes/4.2.0/curator-recipes-4.2.0.jar:/home/runner/.m2/repository/org/apache/kerby/kerb-core/1.0.1/kerb-core-1.0.1.jar:/home/runner/.m2/repository/org/apache/kerby/kerby-pkix/1.0.1/kerby-pkix-1.0.1.jar:/home/runner/.m2/repository/org/apache/kerby/kerby-asn1/1.0.1/kerby-asn1-1.0.1.jar:/home/runner/.m2/repository/org/apache/kerby/kerby-util/1.0.1/kerby-util-1.0.1.jar:/home/runner/.m2/repository/dnsjava/dnsjava/2.1.7/dnsjava-2.1.7.jar:/home/runner/.m2/repository/org/xerial/snappy/snappy-java/1.1.8.2/snappy-java-1.1.8.2.jar:/home/runner/.m2/repository/org/eclipse/jetty/jetty-util/9.4.43.v20210629/jetty-util-9.4.43.v20210629.jar:/home/runner/.m2/repository/com/fasterxml/jackson/core/jackson-databind/2.13.4/jackson-databind-2.13.4.jar:/home/runner/.m2/repository/org/apache/hadoop/hadoop-kms/3.3.4/hadoop-kms-3.3.4-tests.jar:/home/runner/.m2/repository/org/apache/ozone/hdds-server-scm/1.3.0-SNAPSHOT/hdds-server-scm-1.3.0-SNAPSHOT-tests.jar:/home/runner/.m2/repository/org/apache/ozone/hdds-container-service/1.3.0-SNAPSHOT/hdds-container-service-1.3.0-SNAPSHOT-tests.jar:/home/runner/.m2/repository/commons-codec/commons-codec/1.11/commons-codec-1.11.jar:/home/runner/.m2/repository/io/netty/netty-codec/4.1.79.Final/netty-codec-4.1.79.Final.jar:/home/runner/.m2/repository/io/netty/netty-handler/4.1.79.Final/netty-handler-4.1.79.Final.jar:/home/runner/.m2/repository/org/apache/ozone/hdds-hadoop-dependency-test/1.3.0-SNAPSHOT/hdds-hadoop-dependency-test-1.3.0-SNAPSHOT.jar:/home/runner/.m2/repository/org/apache/hadoop/hadoop-common/3.3.4/hadoop-common-3.3.4-tests.jar:/home/runner/.m2/repository/org/apache/hadoop/hadoop-hdfs/3.3.4/hadoop-hdfs-3.3.4-tests.jar:/home/runner/.m2/repository/org/assertj/assertj-core/3.12.2/assertj-core-3.12.2.jar:/home/runner/.m2/repository/org/apache/hadoop/hadoop-distcp/3.3.4/hadoop-distcp-3.3.4.jar:/home/runner/.m2/repository/org/apache/hadoop/hadoop-mapreduce-client-jobclient/3.3.4/hadoop-mapreduce-client-jobclient-3.3.4.jar:/home/runner/.m2/repository/org/apache/hadoop/hadoop-mapreduce-client-common/3.3.4/hadoop-mapreduce-client-common-3.3.4.jar:/home/runner/.m2/repository/org/apache/hadoop/hadoop-yarn-common/3.3.4/hadoop-yarn-common-3.3.4.jar:/home/runner/.m2/repository/org/apache/hadoop/hadoop-yarn-api/3.3.4/hadoop-yarn-api-3.3.4.jar:/home/runner/.m2/repository/com/sun/jersey/contribs/jersey-guice/1.19/jersey-guice-1.19.jar:/home/runner/.m2/repository/com/fasterxml/jackson/jaxrs/jackson-jaxrs-json-provider/2.13.4/jackson-jaxrs-json-provider-2.13.4.jar:/home/runner/.m2/repository/com/fasterxml/jackson/jaxrs/jackson-jaxrs-base/2.13.4/jackson-jaxrs-base-2.13.4.jar:/home/runner/.m2/repository/org/apache/hadoop/hadoop-yarn-client/3.3.4/hadoop-yarn-client-3.3.4.jar:/home/runner/.m2/repository/org/eclipse/jetty/websocket/websocket-client/9.4.43.v20210629/websocket-client-9.4.43.v20210629.jar:/home/runner/.m2/repository/org/eclipse/jetty/websocket/websocket-common/9.4.43.v20210629/websocket-common-9.4.43.v20210629.jar:/home/runner/.m2/repository/org/eclipse/jetty/websocket/websocket-api/9.4.43.v20210629/websocket-api-9.4.43.v20210629.jar:/home/runner/.m2/repository/org/jline/jline/3.9.0/jline-3.9.0.jar:/home/runner/.m2/repository/org/apache/hadoop/hadoop-mapreduce-client-core/3.3.4/hadoop-mapreduce-client-core-3.3.4.jar:/home/runner/.m2/repository/org/apache/avro/avro/1.7.7/avro-1.7.7.jar:/home/runner/.m2/repository/org/codehaus/jackson/jackson-core-asl/1.9.13/jackson-core-asl-1.9.13.jar:/home/runner/.m2/repository/org/codehaus/jackson/jackson-mapper-asl/1.9.13/jackson-mapper-asl-1.9.13.jar:/home/runner/.m2/repository/com/thoughtworks/paranamer/paranamer/2.3/paranamer-2.3.jar:/home/runner/.m2/repository/org/apache/hadoop/hadoop-annotations/3.3.4/hadoop-annotations-3.3.4.jar:/usr/lib/jvm/temurin-8-jdk-amd64/jre/../lib/tools.jar:/home/runner/.m2/repository/io/netty/netty/3.10.6.Final/netty-3.10.6.Final.jar:/home/runner/.m2/repository/org/apache/hadoop/hadoop-distcp/3.3.4/hadoop-distcp-3.3.4-tests.jar:/home/runner/.m2/repository/org/slf4j/jul-to-slf4j/1.7.36/jul-to-slf4j-1.7.36.jar:/home/runner/.m2/repository/org/apache/ratis/ratis-common/2.3.0/ratis-common-2.3.0.jar:/home/runner/.m2/repository/org/apache/ratis/ratis-thirdparty-misc/1.0.0/ratis-thirdparty-misc-1.0.0.jar:/home/runner/.m2/repository/org/apache/ratis/ratis-proto/2.3.0/ratis-proto-2.3.0.jar:"/>
    <property name="java.vm.vendor" value="Temurin"/>
    <property name="sun.arch.data.model" value="64"/>
    <property name="test.build.dir" value="/home/runner/work/ozone/ozone/hadoop-ozone/integration-test/target/test-dir"/>
    <property name="test.cache.data" value=""/>
    <property name="java.vendor.url" value="https://adoptium.net/"/>
    <property name="user.timezone" value="Etc/UTC"/>
    <property name="java.vm.specification.version" value="1.8"/>
    <property name="os.name" value="Linux"/>
    <property name="test.build.data" value="/home/runner/work/ozone/ozone/hadoop-ozone/integration-test/target/test-dir"/>
    <property name="sun.java.launcher" value="SUN_STANDARD"/>
    <property name="sun.boot.library.path" value="/usr/lib/jvm/temurin-8-jdk-amd64/jre/lib/amd64"/>
    <property name="sun.java.command" value="/home/runner/work/ozone/ozone/hadoop-ozone/integration-test/target/surefire/surefirebooter2298467046531332567.jar /home/runner/work/ozone/ozone/hadoop-ozone/integration-test/target/surefire 2022-10-18T03-38-30_800-jvmRun1 surefire2405895173584563065tmp surefire_333826418026214897081tmp"/>
    <property name="surefire.test.class.path" value="/home/runner/work/ozone/ozone/hadoop-ozone/integration-test/target/test-classes:/home/runner/work/ozone/ozone/hadoop-ozone/integration-test/target/classes:/home/runner/.m2/repository/org/apache/ozone/ozone-common/1.3.0-SNAPSHOT/ozone-common-1.3.0-SNAPSHOT.jar:/home/runner/.m2/repository/io/grpc/grpc-netty/1.48.1/grpc-netty-1.48.1.jar:/home/runner/.m2/repository/io/grpc/grpc-core/1.48.1/grpc-core-1.48.1.jar:/home/runner/.m2/repository/com/google/android/annotations/4.1.1.4/annotations-4.1.1.4.jar:/home/runner/.m2/repository/org/codehaus/mojo/animal-sniffer-annotations/1.21/animal-sniffer-annotations-1.21.jar:/home/runner/.m2/repository/com/google/errorprone/error_prone_annotations/2.2.0/error_prone_annotations-2.2.0.jar:/home/runner/.m2/repository/io/perfmark/perfmark-api/0.25.0/perfmark-api-0.25.0.jar:/home/runner/.m2/repository/io/netty/netty-codec-http2/4.1.79.Final/netty-codec-http2-4.1.79.Final.jar:/home/runner/.m2/repository/io/netty/netty-common/4.1.79.Final/netty-common-4.1.79.Final.jar:/home/runner/.m2/repository/io/netty/netty-buffer/4.1.79.Final/netty-buffer-4.1.79.Final.jar:/home/runner/.m2/repository/io/netty/netty-codec-http/4.1.79.Final/netty-codec-http-4.1.79.Final.jar:/home/runner/.m2/repository/io/netty/netty-handler-proxy/4.1.79.Final/netty-handler-proxy-4.1.79.Final.jar:/home/runner/.m2/repository/io/netty/netty-codec-socks/4.1.79.Final/netty-codec-socks-4.1.79.Final.jar:/home/runner/.m2/repository/io/netty/netty-tcnative-boringssl-static/2.0.53.Final/netty-tcnative-boringssl-static-2.0.53.Final.jar:/home/runner/.m2/repository/io/netty/netty-tcnative-classes/2.0.53.Final/netty-tcnative-classes-2.0.53.Final.jar:/home/runner/.m2/repository/io/netty/netty-tcnative-boringssl-static/2.0.53.Final/netty-tcnative-boringssl-static-2.0.53.Final-linux-x86_64.jar:/home/runner/.m2/repository/io/netty/netty-tcnative-boringssl-static/2.0.53.Final/netty-tcnative-boringssl-static-2.0.53.Final-linux-aarch_64.jar:/home/runner/.m2/repository/io/netty/netty-tcnative-boringssl-static/2.0.53.Final/netty-tcnative-boringssl-static-2.0.53.Final-osx-x86_64.jar:/home/runner/.m2/repository/io/netty/netty-tcnative-boringssl-static/2.0.53.Final/netty-tcnative-boringssl-static-2.0.53.Final-osx-aarch_64.jar:/home/runner/.m2/repository/io/netty/netty-tcnative-boringssl-static/2.0.53.Final/netty-tcnative-boringssl-static-2.0.53.Final-windows-x86_64.jar:/home/runner/.m2/repository/org/apache/commons/commons-compress/1.21/commons-compress-1.21.jar:/home/runner/.m2/repository/org/apache/ozone/hdds-common/1.3.0-SNAPSHOT/hdds-common-1.3.0-SNAPSHOT.jar:/home/runner/.m2/repository/org/apache/ozone/hdds-client/1.3.0-SNAPSHOT/hdds-client-1.3.0-SNAPSHOT.jar:/home/runner/.m2/repository/org/apache/ozone/ozone-interface-client/1.3.0-SNAPSHOT/ozone-interface-client-1.3.0-SNAPSHOT.jar:/home/runner/.m2/repository/org/apache/ozone/hdds-test-utils/1.3.0-SNAPSHOT/hdds-test-utils-1.3.0-SNAPSHOT.jar:/home/runner/.m2/repository/com/google/guava/guava/31.1-jre/guava-31.1-jre.jar:/home/runner/.m2/repository/com/google/guava/failureaccess/1.0.1/failureaccess-1.0.1.jar:/home/runner/.m2/repository/com/google/guava/listenablefuture/9999.0-empty-to-avoid-conflict-with-guava/listenablefuture-9999.0-empty-to-avoid-conflict-with-guava.jar:/home/runner/.m2/repository/com/google/code/findbugs/jsr305/3.0.0/jsr305-3.0.0.jar:/home/runner/.m2/repository/org/checkerframework/checker-qual/3.12.0/checker-qual-3.12.0.jar:/home/runner/.m2/repository/com/google/j2objc/j2objc-annotations/1.3/j2objc-annotations-1.3.jar:/home/runner/.m2/repository/commons-io/commons-io/2.11.0/commons-io-2.11.0.jar:/home/runner/.m2/repository/commons-logging/commons-logging/1.2/commons-logging-1.2.jar:/home/runner/.m2/repository/ch/qos/reload4j/reload4j/1.2.22/reload4j-1.2.22.jar:/home/runner/.m2/repository/org/slf4j/slf4j-api/1.7.36/slf4j-api-1.7.36.jar:/home/runner/.m2/repository/org/apache/ozone/hdds-server-scm/1.3.0-SNAPSHOT/hdds-server-scm-1.3.0-SNAPSHOT.jar:/home/runner/.m2/repository/org/apache/ozone/hdds-container-service/1.3.0-SNAPSHOT/hdds-container-service-1.3.0-SNAPSHOT.jar:/home/runner/.m2/repository/org/apache/ozone/hdds-hadoop-dependency-server/1.3.0-SNAPSHOT/hdds-hadoop-dependency-server-1.3.0-SNAPSHOT.jar:/home/runner/.m2/repository/org/apache/hadoop/hadoop-hdfs/3.3.4/hadoop-hdfs-3.3.4.jar:/home/runner/.m2/repository/org/eclipse/jetty/jetty-util-ajax/9.4.43.v20210629/jetty-util-ajax-9.4.43.v20210629.jar:/home/runner/.m2/repository/commons-daemon/commons-daemon/1.0.13/commons-daemon-1.0.13.jar:/home/runner/.m2/repository/org/apache/ozone/hdds-server-framework/1.3.0-SNAPSHOT/hdds-server-framework-1.3.0-SNAPSHOT.jar:/home/runner/.m2/repository/org/apache/ozone/hdds-interface-server/1.3.0-SNAPSHOT/hdds-interface-server-1.3.0-SNAPSHOT.jar:/home/runner/.m2/repository/org/apache/logging/log4j/log4j-core/2.17.1/log4j-core-2.17.1.jar:/home/runner/.m2/repository/com/lmax/disruptor/3.4.2/disruptor-3.4.2.jar:/home/runner/.m2/repository/org/eclipse/jetty/jetty-servlet/9.4.43.v20210629/jetty-servlet-9.4.43.v20210629.jar:/home/runner/.m2/repository/org/eclipse/jetty/jetty-security/9.4.43.v20210629/jetty-security-9.4.43.v20210629.jar:/home/runner/.m2/repository/org/rocksdb/rocksdbjni/7.4.5/rocksdbjni-7.4.5.jar:/home/runner/.m2/repository/io/prometheus/simpleclient_dropwizard/0.7.0/simpleclient_dropwizard-0.7.0.jar:/home/runner/.m2/repository/io/prometheus/simpleclient/0.7.0/simpleclient-0.7.0.jar:/home/runner/.m2/repository/io/prometheus/simpleclient_common/0.7.0/simpleclient_common-0.7.0.jar:/home/runner/.m2/repository/io/dropwizard/metrics/metrics-core/3.2.4/metrics-core-3.2.4.jar:/home/runner/.m2/repository/org/apache/hadoop/hadoop-hdfs-client/3.3.4/hadoop-hdfs-client-3.3.4.jar:/home/runner/.m2/repository/com/squareup/okhttp3/okhttp/4.9.3/okhttp-4.9.3.jar:/home/runner/.m2/repository/com/squareup/okio/okio/2.8.0/okio-2.8.0.jar:/home/runner/.m2/repository/org/jetbrains/kotlin/kotlin-stdlib-common/1.4.10/kotlin-stdlib-common-1.4.10.jar:/home/runner/.m2/repository/org/bouncycastle/bcprov-jdk15on/1.67/bcprov-jdk15on-1.67.jar:/home/runner/.m2/repository/com/google/protobuf/protobuf-java/2.5.0/protobuf-java-2.5.0.jar:/home/runner/.m2/repository/org/apache/ozone/ozone-manager/1.3.0-SNAPSHOT/ozone-manager-1.3.0-SNAPSHOT.jar:/home/runner/.m2/repository/org/aspectj/aspectjrt/1.9.7/aspectjrt-1.9.7.jar:/home/runner/.m2/repository/org/aspectj/aspectjweaver/1.9.7/aspectjweaver-1.9.7.jar:/home/runner/.m2/repository/org/apache/ozone/hdds-interface-client/1.3.0-SNAPSHOT/hdds-interface-client-1.3.0-SNAPSHOT.jar:/home/runner/.m2/repository/org/apache/hadoop/thirdparty/hadoop-shaded-protobuf_3_7/1.1.1/hadoop-shaded-protobuf_3_7-1.1.1.jar:/home/runner/.m2/repository/org/apache/ozone/ozone-interface-storage/1.3.0-SNAPSHOT/ozone-interface-storage-1.3.0-SNAPSHOT.jar:/home/runner/.m2/repository/org/reflections/reflections/0.9.11/reflections-0.9.11.jar:/home/runner/.m2/repository/com/sun/jersey/jersey-client/1.19/jersey-client-1.19.jar:/home/runner/.m2/repository/org/apache/ranger/ranger-intg/2.3.0/ranger-intg-2.3.0.jar:/home/runner/.m2/repository/org/apache/ranger/ranger-plugins-common/2.3.0/ranger-plugins-common-2.3.0.jar:/home/runner/.m2/repository/commons-lang/commons-lang/2.6/commons-lang-2.6.jar:/home/runner/.m2/repository/org/codehaus/jackson/jackson-jaxrs/1.9.13/jackson-jaxrs-1.9.13.jar:/home/runner/.m2/repository/org/apache/ranger/ranger-plugins-cred/2.3.0/ranger-plugins-cred-2.3.0.jar:/home/runner/.m2/repository/org/apache/ranger/ranger-plugins-audit/2.3.0/ranger-plugins-audit-2.3.0.jar:/home/runner/.m2/repository/org/eclipse/jetty/jetty-client/9.4.31.v20200723/jetty-client-9.4.31.v20200723.jar:/home/runner/.m2/repository/org/apache/httpcomponents/httpmime/4.5.6/httpmime-4.5.6.jar:/home/runner/.m2/repository/org/apache/httpcomponents/httpcore-nio/4.4.6/httpcore-nio-4.4.6.jar:/home/runner/.m2/repository/org/apache/httpcomponents/httpasyncclient/4.1.3/httpasyncclient-4.1.3.jar:/home/runner/.m2/repository/com/carrotsearch/hppc/0.8.0/hppc-0.8.0.jar:/home/runner/.m2/repository/org/apache/orc/orc-core/1.5.8/orc-core-1.5.8.jar:/home/runner/.m2/repository/net/java/dev/jna/jna/5.2.0/jna-5.2.0.jar:/home/runner/.m2/repository/net/java/dev/jna/jna-platform/5.2.0/jna-platform-5.2.0.jar:/home/runner/.m2/repository/com/kstruct/gethostname4j/0.0.2/gethostname4j-0.0.2.jar:/home/runner/.m2/repository/org/apache/ranger/ranger-plugin-classloader/2.3.0/ranger-plugin-classloader-2.3.0.jar:/home/runner/.m2/repository/org/apache/hadoop/hadoop-minikdc/3.3.4/hadoop-minikdc-3.3.4.jar:/home/runner/.m2/repository/org/apache/kerby/kerb-simplekdc/1.0.1/kerb-simplekdc-1.0.1.jar:/home/runner/.m2/repository/org/apache/kerby/kerb-client/1.0.1/kerb-client-1.0.1.jar:/home/runner/.m2/repository/org/apache/kerby/kerby-config/1.0.1/kerby-config-1.0.1.jar:/home/runner/.m2/repository/org/apache/kerby/kerb-common/1.0.1/kerb-common-1.0.1.jar:/home/runner/.m2/repository/org/apache/kerby/kerb-crypto/1.0.1/kerb-crypto-1.0.1.jar:/home/runner/.m2/repository/org/apache/kerby/kerb-util/1.0.1/kerb-util-1.0.1.jar:/home/runner/.m2/repository/org/apache/kerby/token-provider/1.0.1/token-provider-1.0.1.jar:/home/runner/.m2/repository/org/apache/kerby/kerb-admin/1.0.1/kerb-admin-1.0.1.jar:/home/runner/.m2/repository/org/apache/kerby/kerb-server/1.0.1/kerb-server-1.0.1.jar:/home/runner/.m2/repository/org/apache/kerby/kerb-identity/1.0.1/kerb-identity-1.0.1.jar:/home/runner/.m2/repository/org/apache/kerby/kerby-xdr/1.0.1/kerby-xdr-1.0.1.jar:/home/runner/.m2/repository/org/apache/ozone/ozone-s3gateway/1.3.0-SNAPSHOT/ozone-s3gateway-1.3.0-SNAPSHOT.jar:/home/runner/.m2/repository/org/javassist/javassist/3.21.0-GA/javassist-3.21.0-GA.jar:/home/runner/.m2/repository/org/jboss/weld/servlet/weld-servlet/2.4.7.Final/weld-servlet-2.4.7.Final.jar:/home/runner/.m2/repository/org/glassfish/jersey/containers/jersey-container-servlet-core/2.34/jersey-container-servlet-core-2.34.jar:/home/runner/.m2/repository/org/glassfish/hk2/external/jakarta.inject/2.6.1/jakarta.inject-2.6.1.jar:/home/runner/.m2/repository/org/glassfish/jersey/core/jersey-common/2.34/jersey-common-2.34.jar:/home/runner/.m2/repository/jakarta/ws/rs/jakarta.ws.rs-api/2.1.6/jakarta.ws.rs-api-2.1.6.jar:/home/runner/.m2/repository/org/glassfish/jersey/ext/cdi/jersey-cdi1x/2.34/jersey-cdi1x-2.34.jar:/home/runner/.m2/repository/org/glassfish/jersey/inject/jersey-hk2/2.34/jersey-hk2-2.34.jar:/home/runner/.m2/repository/org/glassfish/hk2/hk2-locator/2.6.1/hk2-locator-2.6.1.jar:/home/runner/.m2/repository/org/glassfish/jersey/media/jersey-media-jaxb/2.34/jersey-media-jaxb-2.34.jar:/home/runner/.m2/repository/org/glassfish/hk2/osgi-resource-locator/1.0.3/osgi-resource-locator-1.0.3.jar:/home/runner/.m2/repository/org/glassfish/hk2/hk2-api/2.5.0/hk2-api-2.5.0.jar:/home/runner/.m2/repository/org/glassfish/hk2/hk2-utils/2.5.0/hk2-utils-2.5.0.jar:/home/runner/.m2/repository/org/glassfish/hk2/external/aopalliance-repackaged/2.5.0/aopalliance-repackaged-2.5.0.jar:/home/runner/.m2/repository/com/fasterxml/jackson/dataformat/jackson-dataformat-xml/2.13.4/jackson-dataformat-xml-2.13.4.jar:/home/runner/.m2/repository/com/fasterxml/jackson/core/jackson-core/2.13.4/jackson-core-2.13.4.jar:/home/runner/.m2/repository/org/codehaus/woodstox/stax2-api/3.1.4/stax2-api-3.1.4.jar:/home/runner/.m2/repository/com/fasterxml/woodstox/woodstox-core/5.0.3/woodstox-core-5.0.3.jar:/home/runner/.m2/repository/com/fasterxml/jackson/module/jackson-module-jaxb-annotations/2.13.4/jackson-module-jaxb-annotations-2.13.4.jar:/home/runner/.m2/repository/jakarta/xml/bind/jakarta.xml.bind-api/2.3.3/jakarta.xml.bind-api-2.3.3.jar:/home/runner/.m2/repository/jakarta/activation/jakarta.activation-api/1.2.1/jakarta.activation-api-1.2.1.jar:/home/runner/.m2/repository/javax/enterprise/cdi-api/1.2/cdi-api-1.2.jar:/home/runner/.m2/repository/javax/el/javax.el-api/3.0.0/javax.el-api-3.0.0.jar:/home/runner/.m2/repository/javax/interceptor/javax.interceptor-api/1.2/javax.interceptor-api-1.2.jar:/home/runner/.m2/repository/javax/inject/javax.inject/1/javax.inject-1.jar:/home/runner/.m2/repository/javax/xml/bind/jaxb-api/2.3.0/jaxb-api-2.3.0.jar:/home/runner/.m2/repository/org/glassfish/jaxb/jaxb-runtime/2.3.0.1/jaxb-runtime-2.3.0.1.jar:/home/runner/.m2/repository/org/glassfish/jaxb/jaxb-core/2.3.0.1/jaxb-core-2.3.0.1.jar:/home/runner/.m2/repository/org/glassfish/jaxb/txw2/2.3.0.1/txw2-2.3.0.1.jar:/home/runner/.m2/repository/com/sun/istack/istack-commons-runtime/3.0.5/istack-commons-runtime-3.0.5.jar:/home/runner/.m2/repository/org/jvnet/staxex/stax-ex/1.7.8/stax-ex-1.7.8.jar:/home/runner/.m2/repository/com/sun/xml/fastinfoset/FastInfoset/1.2.13/FastInfoset-1.2.13.jar:/home/runner/.m2/repository/javax/activation/activation/1.1.1/activation-1.1.1.jar:/home/runner/.m2/repository/io/grpc/grpc-protobuf/1.48.1/grpc-protobuf-1.48.1.jar:/home/runner/.m2/repository/io/grpc/grpc-api/1.48.1/grpc-api-1.48.1.jar:/home/runner/.m2/repository/io/grpc/grpc-context/1.48.1/grpc-context-1.48.1.jar:/home/runner/.m2/repository/com/google/api/grpc/proto-google-common-protos/2.9.0/proto-google-common-protos-2.9.0.jar:/home/runner/.m2/repository/io/grpc/grpc-protobuf-lite/1.48.1/grpc-protobuf-lite-1.48.1.jar:/home/runner/.m2/repository/io/grpc/grpc-stub/1.48.1/grpc-stub-1.48.1.jar:/home/runner/.m2/repository/io/netty/netty-transport/4.1.79.Final/netty-transport-4.1.79.Final.jar:/home/runner/.m2/repository/io/netty/netty-resolver/4.1.79.Final/netty-resolver-4.1.79.Final.jar:/home/runner/.m2/repository/org/apache/ozone/ozone-csi/1.3.0-SNAPSHOT/ozone-csi-1.3.0-SNAPSHOT.jar:/home/runner/.m2/repository/com/google/protobuf/protobuf-java-util/3.19.2/protobuf-java-util-3.19.2.jar:/home/runner/.m2/repository/com/google/code/gson/gson/2.9.0/gson-2.9.0.jar:/home/runner/.m2/repository/org/apache/ozone/hdds-config/1.3.0-SNAPSHOT/hdds-config-1.3.0-SNAPSHOT.jar:/home/runner/.m2/repository/io/netty/netty-transport-native-epoll/4.1.79.Final/netty-transport-native-epoll-4.1.79.Final-linux-x86_64.jar:/home/runner/.m2/repository/io/netty/netty-transport-classes-epoll/4.1.79.Final/netty-transport-classes-epoll-4.1.79.Final.jar:/home/runner/.m2/repository/io/netty/netty-transport-native-unix-common/4.1.79.Final/netty-transport-native-unix-common-4.1.79.Final.jar:/home/runner/.m2/repository/org/slf4j/slf4j-reload4j/1.7.36/slf4j-reload4j-1.7.36.jar:/home/runner/.m2/repository/org/apache/ozone/ozone-recon/1.3.0-SNAPSHOT/ozone-recon-1.3.0-SNAPSHOT.jar:/home/runner/.m2/repository/org/apache/ozone/ozone-reconcodegen/1.3.0-SNAPSHOT/ozone-reconcodegen-1.3.0-SNAPSHOT.jar:/home/runner/.m2/repository/com/google/inject/extensions/guice-multibindings/4.0/guice-multibindings-4.0.jar:/home/runner/.m2/repository/com/google/inject/guice/4.0/guice-4.0.jar:/home/runner/.m2/repository/aopalliance/aopalliance/1.0/aopalliance-1.0.jar:/home/runner/.m2/repository/com/google/inject/extensions/guice-assistedinject/4.0/guice-assistedinject-4.0.jar:/home/runner/.m2/repository/com/google/inject/extensions/guice-servlet/4.0/guice-servlet-4.0.jar:/home/runner/.m2/repository/org/glassfish/jersey/containers/jersey-container-servlet/2.34/jersey-container-servlet-2.34.jar:/home/runner/.m2/repository/org/glassfish/hk2/guice-bridge/2.5.0/guice-bridge-2.5.0.jar:/home/runner/.m2/repository/org/glassfish/jersey/core/jersey-server/2.34/jersey-server-2.34.jar:/home/runner/.m2/repository/org/glassfish/jersey/core/jersey-client/2.34/jersey-client-2.34.jar:/home/runner/.m2/repository/jakarta/annotation/jakarta.annotation-api/1.3.5/jakarta.annotation-api-1.3.5.jar:/home/runner/.m2/repository/jakarta/validation/jakarta.validation-api/2.0.2/jakarta.validation-api-2.0.2.jar:/home/runner/.m2/repository/org/glassfish/jersey/media/jersey-media-json-jackson/2.34/jersey-media-json-jackson-2.34.jar:/home/runner/.m2/repository/org/glassfish/jersey/ext/jersey-entity-filtering/2.34/jersey-entity-filtering-2.34.jar:/home/runner/.m2/repository/org/jooq/jooq/3.11.10/jooq-3.11.10.jar:/home/runner/.m2/repository/org/jooq/jooq-meta/3.11.10/jooq-meta-3.11.10.jar:/home/runner/.m2/repository/org/jooq/jooq-codegen/3.11.10/jooq-codegen-3.11.10.jar:/home/runner/.m2/repository/com/jolbox/bonecp/0.8.0.RELEASE/bonecp-0.8.0.RELEASE.jar:/home/runner/.m2/repository/org/apache/derby/derby/10.14.2.0/derby-10.14.2.0.jar:/home/runner/.m2/repository/org/xerial/sqlite-jdbc/3.25.2/sqlite-jdbc-3.25.2.jar:/home/runner/.m2/repository/org/springframework/spring-jdbc/5.2.20.RELEASE/spring-jdbc-5.2.20.RELEASE.jar:/home/runner/.m2/repository/org/springframework/spring-beans/5.2.20.RELEASE/spring-beans-5.2.20.RELEASE.jar:/home/runner/.m2/repository/org/springframework/spring-core/5.2.20.RELEASE/spring-core-5.2.20.RELEASE.jar:/home/runner/.m2/repository/org/springframework/spring-jcl/5.2.20.RELEASE/spring-jcl-5.2.20.RELEASE.jar:/home/runner/.m2/repository/org/springframework/spring-tx/5.2.20.RELEASE/spring-tx-5.2.20.RELEASE.jar:/home/runner/.m2/repository/org/apache/ozone/ozone-client/1.3.0-SNAPSHOT/ozone-client-1.3.0-SNAPSHOT.jar:/home/runner/.m2/repository/org/apache/ozone/hdds-erasurecode/1.3.0-SNAPSHOT/hdds-erasurecode-1.3.0-SNAPSHOT.jar:/home/runner/.m2/repository/com/github/spotbugs/spotbugs-annotations/3.1.12/spotbugs-annotations-3.1.12.jar:/home/runner/.m2/repository/org/apache/ozone/ozone-filesystem/1.3.0-SNAPSHOT/ozone-filesystem-1.3.0-SNAPSHOT.jar:/home/runner/.m2/repository/org/apache/ozone/ozone-filesystem-common/1.3.0-SNAPSHOT/ozone-filesystem-common-1.3.0-SNAPSHOT.jar:/home/runner/.m2/repository/org/apache/ozone/ozone-tools/1.3.0-SNAPSHOT/ozone-tools-1.3.0-SNAPSHOT.jar:/home/runner/.m2/repository/org/apache/ratis/ratis-tools/2.3.0/ratis-tools-2.3.0.jar:/home/runner/.m2/repository/com/amazonaws/aws-java-sdk-core/1.12.261/aws-java-sdk-core-1.12.261.jar:/home/runner/.m2/repository/org/apache/httpcomponents/httpclient/4.5.13/httpclient-4.5.13.jar:/home/runner/.m2/repository/org/apache/httpcomponents/httpcore/4.4.13/httpcore-4.4.13.jar:/home/runner/.m2/repository/software/amazon/ion/ion-java/1.0.2/ion-java-1.0.2.jar:/home/runner/.m2/repository/com/fasterxml/jackson/dataformat/jackson-dataformat-cbor/2.13.4/jackson-dataformat-cbor-2.13.4.jar:/home/runner/.m2/repository/joda-time/joda-time/2.8.1/joda-time-2.8.1.jar:/home/runner/.m2/repository/com/amazonaws/aws-java-sdk-s3/1.12.261/aws-java-sdk-s3-1.12.261.jar:/home/runner/.m2/repository/com/amazonaws/aws-java-sdk-kms/1.12.261/aws-java-sdk-kms-1.12.261.jar:/home/runner/.m2/repository/com/amazonaws/jmespath-java/1.12.261/jmespath-java-1.12.261.jar:/home/runner/.m2/repository/org/kohsuke/metainf-services/metainf-services/1.8/metainf-services-1.8.jar:/home/runner/.m2/repository/org/apache/ozone/hdds-tools/1.3.0-SNAPSHOT/hdds-tools-1.3.0-SNAPSHOT.jar:/home/runner/.m2/repository/commons-cli/commons-cli/1.2/commons-cli-1.2.jar:/home/runner/.m2/repository/org/apache/commons/commons-lang3/3.7/commons-lang3-3.7.jar:/home/runner/.m2/repository/org/apache/ozone/ozone-manager/1.3.0-SNAPSHOT/ozone-manager-1.3.0-SNAPSHOT-tests.jar:/home/runner/.m2/repository/org/apache/ozone/hdds-common/1.3.0-SNAPSHOT/hdds-common-1.3.0-SNAPSHOT-tests.jar:/home/runner/.m2/repository/org/apache/ozone/hdds-hadoop-dependency-client/1.3.0-SNAPSHOT/hdds-hadoop-dependency-client-1.3.0-SNAPSHOT.jar:/home/runner/.m2/repository/info/picocli/picocli/4.6.1/picocli-4.6.1.jar:/home/runner/.m2/repository/com/fasterxml/jackson/core/jackson-annotations/2.13.4/jackson-annotations-2.13.4.jar:/home/runner/.m2/repository/com/fasterxml/jackson/datatype/jackson-datatype-jsr310/2.13.4/jackson-datatype-jsr310-2.13.4.jar:/home/runner/.m2/repository/org/apache/ozone/hdds-annotation-processing/1.3.0-SNAPSHOT/hdds-annotation-processing-1.3.0-SNAPSHOT.jar:/home/runner/.m2/repository/javax/annotation/javax.annotation-api/1.2/javax.annotation-api-1.2.jar:/home/runner/.m2/repository/org/apache/ratis/ratis-server/2.3.0/ratis-server-2.3.0.jar:/home/runner/.m2/repository/org/apache/ratis/ratis-client/2.3.0/ratis-client-2.3.0.jar:/home/runner/.m2/repository/org/apache/ratis/ratis-server-api/2.3.0/ratis-server-api-2.3.0.jar:/home/runner/.m2/repository/org/apache/ratis/ratis-metrics/2.3.0/ratis-metrics-2.3.0.jar:/home/runner/.m2/repository/org/apache/ratis/ratis-netty/2.3.0/ratis-netty-2.3.0.jar:/home/runner/.m2/repository/org/apache/ratis/ratis-grpc/2.3.0/ratis-grpc-2.3.0.jar:/home/runner/.m2/repository/org/apache/logging/log4j/log4j-api/2.17.1/log4j-api-2.17.1.jar:/home/runner/.m2/repository/org/apache/commons/commons-pool2/2.6.0/commons-pool2-2.6.0.jar:/home/runner/.m2/repository/org/bouncycastle/bcpkix-jdk15on/1.67/bcpkix-jdk15on-1.67.jar:/home/runner/.m2/repository/commons-validator/commons-validator/1.6/commons-validator-1.6.jar:/home/runner/.m2/repository/commons-beanutils/commons-beanutils/1.9.4/commons-beanutils-1.9.4.jar:/home/runner/.m2/repository/commons-digester/commons-digester/1.8.1/commons-digester-1.8.1.jar:/home/runner/.m2/repository/commons-collections/commons-collections/3.2.2/commons-collections-3.2.2.jar:/home/runner/.m2/repository/io/jaegertracing/jaeger-client/1.6.0/jaeger-client-1.6.0.jar:/home/runner/.m2/repository/io/jaegertracing/jaeger-thrift/1.6.0/jaeger-thrift-1.6.0.jar:/home/runner/.m2/repository/org/apache/thrift/libthrift/0.14.1/libthrift-0.14.1.jar:/home/runner/.m2/repository/io/jaegertracing/jaeger-core/1.6.0/jaeger-core-1.6.0.jar:/home/runner/.m2/repository/io/jaegertracing/jaeger-tracerresolver/1.6.0/jaeger-tracerresolver-1.6.0.jar:/home/runner/.m2/repository/io/opentracing/contrib/opentracing-tracerresolver/0.1.8/opentracing-tracerresolver-0.1.8.jar:/home/runner/.m2/repository/org/jetbrains/kotlin/kotlin-stdlib/1.6.21/kotlin-stdlib-1.6.21.jar:/home/runner/.m2/repository/org/jetbrains/annotations/13.0/annotations-13.0.jar:/home/runner/.m2/repository/io/opentracing/opentracing-util/0.33.0/opentracing-util-0.33.0.jar:/home/runner/.m2/repository/io/opentracing/opentracing-api/0.33.0/opentracing-api-0.33.0.jar:/home/runner/.m2/repository/io/opentracing/opentracing-noop/0.33.0/opentracing-noop-0.33.0.jar:/home/runner/.m2/repository/org/yaml/snakeyaml/1.32/snakeyaml-1.32.jar:/home/runner/.m2/repository/org/apache/ozone/hdds-interface-admin/1.3.0-SNAPSHOT/hdds-interface-admin-1.3.0-SNAPSHOT.jar:/home/runner/.m2/repository/junit/junit/4.13.1/junit-4.13.1.jar:/home/runner/.m2/repository/org/hamcrest/hamcrest-core/1.3/hamcrest-core-1.3.jar:/home/runner/.m2/repository/org/junit/jupiter/junit-jupiter-api/5.8.2/junit-jupiter-api-5.8.2.jar:/home/runner/.m2/repository/org/opentest4j/opentest4j/1.2.0/opentest4j-1.2.0.jar:/home/runner/.m2/repository/org/junit/platform/junit-platform-commons/1.8.2/junit-platform-commons-1.8.2.jar:/home/runner/.m2/repository/org/apiguardian/apiguardian-api/1.1.2/apiguardian-api-1.1.2.jar:/home/runner/.m2/repository/org/junit/jupiter/junit-jupiter-params/5.8.2/junit-jupiter-params-5.8.2.jar:/home/runner/.m2/repository/org/junit/jupiter/junit-jupiter-migrationsupport/5.8.2/junit-jupiter-migrationsupport-5.8.2.jar:/home/runner/.m2/repository/org/junit/jupiter/junit-jupiter-engine/5.8.2/junit-jupiter-engine-5.8.2.jar:/home/runner/.m2/repository/org/junit/platform/junit-platform-engine/1.8.2/junit-platform-engine-1.8.2.jar:/home/runner/.m2/repository/org/junit/vintage/junit-vintage-engine/5.8.2/junit-vintage-engine-5.8.2.jar:/home/runner/.m2/repository/org/junit/platform/junit-platform-launcher/1.8.2/junit-platform-launcher-1.8.2.jar:/home/runner/.m2/repository/org/mockito/mockito-core/2.28.2/mockito-core-2.28.2.jar:/home/runner/.m2/repository/net/bytebuddy/byte-buddy/1.9.10/byte-buddy-1.9.10.jar:/home/runner/.m2/repository/net/bytebuddy/byte-buddy-agent/1.9.10/byte-buddy-agent-1.9.10.jar:/home/runner/.m2/repository/org/objenesis/objenesis/1.0/objenesis-1.0.jar:/home/runner/.m2/repository/org/apache/hadoop/hadoop-kms/3.3.4/hadoop-kms-3.3.4.jar:/home/runner/.m2/repository/org/apache/hadoop/hadoop-auth/3.3.4/hadoop-auth-3.3.4.jar:/home/runner/.m2/repository/com/nimbusds/nimbus-jose-jwt/7.9/nimbus-jose-jwt-7.9.jar:/home/runner/.m2/repository/com/github/stephenc/jcip/jcip-annotations/1.0-1/jcip-annotations-1.0-1.jar:/home/runner/.m2/repository/net/minidev/json-smart/2.4.7/json-smart-2.4.7.jar:/home/runner/.m2/repository/net/minidev/accessors-smart/2.4.7/accessors-smart-2.4.7.jar:/home/runner/.m2/repository/org/ow2/asm/asm/5.0.4/asm-5.0.4.jar:/home/runner/.m2/repository/org/apache/zookeeper/zookeeper/3.5.6/zookeeper-3.5.6.jar:/home/runner/.m2/repository/org/apache/zookeeper/zookeeper-jute/3.5.6/zookeeper-jute-3.5.6.jar:/home/runner/.m2/repository/org/apache/yetus/audience-annotations/0.5.0/audience-annotations-0.5.0.jar:/home/runner/.m2/repository/org/apache/curator/curator-framework/4.2.0/curator-framework-4.2.0.jar:/home/runner/.m2/repository/org/apache/hadoop/thirdparty/hadoop-shaded-guava/1.1.1/hadoop-shaded-guava-1.1.1.jar:/home/runner/.m2/repository/com/sun/jersey/jersey-core/1.19/jersey-core-1.19.jar:/home/runner/.m2/repository/javax/ws/rs/jsr311-api/1.1.1/jsr311-api-1.1.1.jar:/home/runner/.m2/repository/com/sun/jersey/jersey-server/1.19/jersey-server-1.19.jar:/home/runner/.m2/repository/javax/servlet/javax.servlet-api/3.1.0/javax.servlet-api-3.1.0.jar:/home/runner/.m2/repository/org/eclipse/jetty/jetty-server/9.4.43.v20210629/jetty-server-9.4.43.v20210629.jar:/home/runner/.m2/repository/org/eclipse/jetty/jetty-http/9.4.43.v20210629/jetty-http-9.4.43.v20210629.jar:/home/runner/.m2/repository/org/eclipse/jetty/jetty-io/9.4.43.v20210629/jetty-io-9.4.43.v20210629.jar:/home/runner/.m2/repository/org/eclipse/jetty/jetty-webapp/9.4.43.v20210629/jetty-webapp-9.4.43.v20210629.jar:/home/runner/.m2/repository/org/eclipse/jetty/jetty-xml/9.4.43.v20210629/jetty-xml-9.4.43.v20210629.jar:/home/runner/.m2/repository/org/apache/hadoop/hadoop-common/3.3.4/hadoop-common-3.3.4.jar:/home/runner/.m2/repository/org/apache/commons/commons-math3/3.1.1/commons-math3-3.1.1.jar:/home/runner/.m2/repository/commons-net/commons-net/3.6/commons-net-3.6.jar:/home/runner/.m2/repository/com/sun/jersey/jersey-servlet/1.19/jersey-servlet-1.19.jar:/home/runner/.m2/repository/com/sun/jersey/jersey-json/1.19/jersey-json-1.19.jar:/home/runner/.m2/repository/org/codehaus/jettison/jettison/1.1/jettison-1.1.jar:/home/runner/.m2/repository/com/sun/xml/bind/jaxb-impl/2.2.3-1/jaxb-impl-2.2.3-1.jar:/home/runner/.m2/repository/org/codehaus/jackson/jackson-xc/1.9.2/jackson-xc-1.9.2.jar:/home/runner/.m2/repository/org/apache/commons/commons-configuration2/2.1.1/commons-configuration2-2.1.1.jar:/home/runner/.m2/repository/org/apache/commons/commons-text/1.4/commons-text-1.4.jar:/home/runner/.m2/repository/com/google/re2j/re2j/1.1/re2j-1.1.jar:/home/runner/.m2/repository/com/jcraft/jsch/0.1.54/jsch-0.1.54.jar:/home/runner/.m2/repository/org/apache/curator/curator-client/4.2.0/curator-client-4.2.0.jar:/home/runner/.m2/repository/org/apache/curator/curator-recipes/4.2.0/curator-recipes-4.2.0.jar:/home/runner/.m2/repository/org/apache/kerby/kerb-core/1.0.1/kerb-core-1.0.1.jar:/home/runner/.m2/repository/org/apache/kerby/kerby-pkix/1.0.1/kerby-pkix-1.0.1.jar:/home/runner/.m2/repository/org/apache/kerby/kerby-asn1/1.0.1/kerby-asn1-1.0.1.jar:/home/runner/.m2/repository/org/apache/kerby/kerby-util/1.0.1/kerby-util-1.0.1.jar:/home/runner/.m2/repository/dnsjava/dnsjava/2.1.7/dnsjava-2.1.7.jar:/home/runner/.m2/repository/org/xerial/snappy/snappy-java/1.1.8.2/snappy-java-1.1.8.2.jar:/home/runner/.m2/repository/org/eclipse/jetty/jetty-util/9.4.43.v20210629/jetty-util-9.4.43.v20210629.jar:/home/runner/.m2/repository/com/fasterxml/jackson/core/jackson-databind/2.13.4/jackson-databind-2.13.4.jar:/home/runner/.m2/repository/org/apache/hadoop/hadoop-kms/3.3.4/hadoop-kms-3.3.4-tests.jar:/home/runner/.m2/repository/org/apache/ozone/hdds-server-scm/1.3.0-SNAPSHOT/hdds-server-scm-1.3.0-SNAPSHOT-tests.jar:/home/runner/.m2/repository/org/apache/ozone/hdds-container-service/1.3.0-SNAPSHOT/hdds-container-service-1.3.0-SNAPSHOT-tests.jar:/home/runner/.m2/repository/commons-codec/commons-codec/1.11/commons-codec-1.11.jar:/home/runner/.m2/repository/io/netty/netty-codec/4.1.79.Final/netty-codec-4.1.79.Final.jar:/home/runner/.m2/repository/io/netty/netty-handler/4.1.79.Final/netty-handler-4.1.79.Final.jar:/home/runner/.m2/repository/org/apache/ozone/hdds-hadoop-dependency-test/1.3.0-SNAPSHOT/hdds-hadoop-dependency-test-1.3.0-SNAPSHOT.jar:/home/runner/.m2/repository/org/apache/hadoop/hadoop-common/3.3.4/hadoop-common-3.3.4-tests.jar:/home/runner/.m2/repository/org/apache/hadoop/hadoop-hdfs/3.3.4/hadoop-hdfs-3.3.4-tests.jar:/home/runner/.m2/repository/org/assertj/assertj-core/3.12.2/assertj-core-3.12.2.jar:/home/runner/.m2/repository/org/apache/hadoop/hadoop-distcp/3.3.4/hadoop-distcp-3.3.4.jar:/home/runner/.m2/repository/org/apache/hadoop/hadoop-mapreduce-client-jobclient/3.3.4/hadoop-mapreduce-client-jobclient-3.3.4.jar:/home/runner/.m2/repository/org/apache/hadoop/hadoop-mapreduce-client-common/3.3.4/hadoop-mapreduce-client-common-3.3.4.jar:/home/runner/.m2/repository/org/apache/hadoop/hadoop-yarn-common/3.3.4/hadoop-yarn-common-3.3.4.jar:/home/runner/.m2/repository/org/apache/hadoop/hadoop-yarn-api/3.3.4/hadoop-yarn-api-3.3.4.jar:/home/runner/.m2/repository/com/sun/jersey/contribs/jersey-guice/1.19/jersey-guice-1.19.jar:/home/runner/.m2/repository/com/fasterxml/jackson/jaxrs/jackson-jaxrs-json-provider/2.13.4/jackson-jaxrs-json-provider-2.13.4.jar:/home/runner/.m2/repository/com/fasterxml/jackson/jaxrs/jackson-jaxrs-base/2.13.4/jackson-jaxrs-base-2.13.4.jar:/home/runner/.m2/repository/org/apache/hadoop/hadoop-yarn-client/3.3.4/hadoop-yarn-client-3.3.4.jar:/home/runner/.m2/repository/org/eclipse/jetty/websocket/websocket-client/9.4.43.v20210629/websocket-client-9.4.43.v20210629.jar:/home/runner/.m2/repository/org/eclipse/jetty/websocket/websocket-common/9.4.43.v20210629/websocket-common-9.4.43.v20210629.jar:/home/runner/.m2/repository/org/eclipse/jetty/websocket/websocket-api/9.4.43.v20210629/websocket-api-9.4.43.v20210629.jar:/home/runner/.m2/repository/org/jline/jline/3.9.0/jline-3.9.0.jar:/home/runner/.m2/repository/org/apache/hadoop/hadoop-mapreduce-client-core/3.3.4/hadoop-mapreduce-client-core-3.3.4.jar:/home/runner/.m2/repository/org/apache/avro/avro/1.7.7/avro-1.7.7.jar:/home/runner/.m2/repository/org/codehaus/jackson/jackson-core-asl/1.9.13/jackson-core-asl-1.9.13.jar:/home/runner/.m2/repository/org/codehaus/jackson/jackson-mapper-asl/1.9.13/jackson-mapper-asl-1.9.13.jar:/home/runner/.m2/repository/com/thoughtworks/paranamer/paranamer/2.3/paranamer-2.3.jar:/home/runner/.m2/repository/org/apache/hadoop/hadoop-annotations/3.3.4/hadoop-annotations-3.3.4.jar:/usr/lib/jvm/temurin-8-jdk-amd64/jre/../lib/tools.jar:/home/runner/.m2/repository/io/netty/netty/3.10.6.Final/netty-3.10.6.Final.jar:/home/runner/.m2/repository/org/apache/hadoop/hadoop-distcp/3.3.4/hadoop-distcp-3.3.4-tests.jar:/home/runner/.m2/repository/org/slf4j/jul-to-slf4j/1.7.36/jul-to-slf4j-1.7.36.jar:/home/runner/.m2/repository/org/apache/ratis/ratis-common/2.3.0/ratis-common-2.3.0.jar:/home/runner/.m2/repository/org/apache/ratis/ratis-thirdparty-misc/1.0.0/ratis-thirdparty-misc-1.0.0.jar:/home/runner/.m2/repository/org/apache/ratis/ratis-proto/2.3.0/ratis-proto-2.3.0.jar:"/>
    <property name="sun.cpu.endian" value="little"/>
    <property name="user.home" value="/home/runner"/>
    <property name="user.language" value="en"/>
    <property name="java.specification.vendor" value="Oracle Corporation"/>
    <property name="java.home" value="/usr/lib/jvm/temurin-8-jdk-amd64/jre"/>
    <property name="java.security.krb5.conf" value="/home/runner/work/ozone/ozone/hadoop-ozone/integration-test/target/test-classes/krb5.conf"/>
    <property name="basedir" value="/home/runner/work/ozone/ozone/hadoop-ozone/integration-test"/>
    <property name="file.separator" value="/"/>
    <property name="line.separator" value="&#10;"/>
    <property name="java.vm.specification.vendor" value="Oracle Corporation"/>
    <property name="java.specification.name" value="Java Platform API Specification"/>
    <property name="java.awt.graphicsenv" value="sun.awt.X11GraphicsEnvironment"/>
    <property name="skip.installnpx" value="true"/>
    <property name="surefire.real.class.path" value="/home/runner/work/ozone/ozone/hadoop-ozone/integration-test/target/surefire/surefirebooter2298467046531332567.jar:/home/runner/.m2/repository/org/jacoco/org.jacoco.agent/0.8.5/org.jacoco.agent-0.8.5-runtime.jar"/>
    <property name="hadoop.log.dir" value="/home/runner/work/ozone/ozone/hadoop-ozone/integration-test/target/log"/>
    <property name="sun.boot.class.path" value="/usr/lib/jvm/temurin-8-jdk-amd64/jre/lib/resources.jar:/usr/lib/jvm/temurin-8-jdk-amd64/jre/lib/rt.jar:/usr/lib/jvm/temurin-8-jdk-amd64/jre/lib/sunrsasign.jar:/usr/lib/jvm/temurin-8-jdk-amd64/jre/lib/jsse.jar:/usr/lib/jvm/temurin-8-jdk-amd64/jre/lib/jce.jar:/usr/lib/jvm/temurin-8-jdk-amd64/jre/lib/charsets.jar:/usr/lib/jvm/temurin-8-jdk-amd64/jre/lib/jfr.jar:/usr/lib/jvm/temurin-8-jdk-amd64/jre/classes"/>
    <property name="sun.management.compiler" value="HotSpot 64-Bit Tiered Compilers"/>
    <property name="skip.npx" value="true"/>
    <property name="java.runtime.version" value="1.8.0_345-b01"/>
    <property name="java.net.preferIPv4Stack" value="true"/>
    <property name="user.name" value="runner"/>
    <property name="path.separator" value=":"/>
    <property name="java.security.egd" value="file:///dev/urandom"/>
    <property name="os.version" value="5.15.0-1021-azure"/>
    <property name="java.endorsed.dirs" value="/usr/lib/jvm/temurin-8-jdk-amd64/jre/lib/endorsed"/>
    <property name="java.runtime.name" value="OpenJDK Runtime Environment"/>
    <property name="file.encoding" value="UTF-8"/>
    <property name="java.vm.name" value="OpenJDK 64-Bit Server VM"/>
    <property name="test.build.webapps" value=""/>
    <property name="localRepository" value="/home/runner/.m2/repository"/>
    <property name="jetty.git.hash" value="526006ecfa3af7f1a27ef3a288e2bef7ea9dd7e8"/>
    <property name="java.vendor.url.bug" value="https://github.com/adoptium/adoptium-support/issues"/>
    <property name="java.io.tmpdir" value="/tmp"/>
    <property name="require.test.libhadoop" value=""/>
    <property name="java.version" value="1.8.0_345"/>
    <property name="user.dir" value="/home/runner/work/ozone/ozone/hadoop-ozone/integration-test"/>
    <property name="os.arch" value="amd64"/>
    <property name="java.vm.specification.name" value="Java Virtual Machine Specification"/>
    <property name="test.build.classes" value="/home/runner/work/ozone/ozone/hadoop-ozone/integration-test/target/test-classes"/>
    <property name="java.awt.printerjob" value="sun.print.PSPrinterJob"/>
    <property name="sun.os.patch.level" value="unknown"/>
    <property name="hadoop.tmp.dir" value="/home/runner/work/ozone/ozone/hadoop-ozone/integration-test/target/tmp"/>
    <property name="java.library.path" value="/usr/java/packages/lib/amd64:/usr/lib64:/lib64:/lib:/usr/lib"/>
    <property name="java.vm.info" value="mixed mode"/>
    <property name="java.vendor" value="Temurin"/>
    <property name="java.vm.version" value="25.345-b01"/>
    <property name="java.ext.dirs" value="/usr/lib/jvm/temurin-8-jdk-amd64/jre/lib/ext:/usr/java/packages/lib/ext"/>
    <property name="sun.io.unicode.encoding" value="UnicodeLittle"/>
    <property name="java.class.version" value="52.0"/>
  </properties>
  <testcase name="testMultiPartCompleteUpload" classname="org.apache.hadoop.ozone.om.TestObjectStoreWithLegacyFS" time="1.47">
    <system-out><![CDATA[2022-10-18 04:03:46,406 [main] WARN  server.ServerUtils (ServerUtils.java:getScmDbDir(148)) - ozone.scm.db.dirs is not configured. We recommend adding this setting. Falling back to ozone.metadata.dirs instead.
2022-10-18 04:03:46,530 [main] WARN  server.ServerUtils (ServerUtils.java:getScmDbDir(148)) - ozone.scm.db.dirs is not configured. We recommend adding this setting. Falling back to ozone.metadata.dirs instead.
2022-10-18 04:03:46,534 [main] INFO  ha.SCMHANodeDetails (SCMHANodeDetails.java:loadSCMHAConfig(209)) - ServiceID for StorageContainerManager is null
2022-10-18 04:03:46,545 [main] WARN  ha.SCMHANodeDetails (SCMHANodeDetails.java:validateSCMHAConfig(182)) - Invalid config ozone.scm.ratis.enable. The config was not specified, but the default value true conflicts with the expected config value false. Falling back to the expected value. Current State of SCM: SCM is running in Non-HA without Ratis Ratis SCM -> Non Ratis SCM or Non HA SCM -> HA SCM is not supported
2022-10-18 04:03:46,546 [main] INFO  ha.SCMHANodeDetails (SCMHANodeDetails.java:loadSCMHAConfig(214)) - ozone.scm.default.service.id is not defined, falling back to ozone.scm.service.ids to find serviceID for StorageContainerManager if it is HA enabled cluster
2022-10-18 04:03:47,052 [main] WARN  utils.HAUtils (HAUtils.java:getMetaDir(342)) - ozone.scm.db.dirs is not configured. We recommend adding this setting. Falling back to ozone.metadata.dirs instead.
2022-10-18 04:03:47,200 [main] WARN  db.DBStoreBuilder (DBStoreBuilder.java:applyDBDefinition(144)) - ozone.scm.db.dirs is not configured. We recommend adding this setting. Falling back to ozone.metadata.dirs instead.
2022-10-18 04:03:47,502 [main] INFO  net.NodeSchemaLoader (NodeSchemaLoader.java:loadSchemaFromFile(129)) - Loading schema from [jar:file:/home/runner/.m2/repository/org/apache/ozone/hdds-common/1.3.0-SNAPSHOT/hdds-common-1.3.0-SNAPSHOT.jar!/network-topology-default.xml]
2022-10-18 04:03:47,504 [main] INFO  net.NodeSchemaLoader (NodeSchemaLoader.java:loadSchema(176)) - Loading network topology layer schema file
2022-10-18 04:03:47,549 [main] INFO  metrics.MetricRegistries (MetricRegistriesLoader.java:load(64)) - Loaded MetricRegistries class org.apache.ratis.metrics.impl.MetricRegistriesImpl
2022-10-18 04:03:47,556 [main] INFO  upgrade.AbstractLayoutVersionManager (AbstractLayoutVersionManager.java:init(83)) - Initializing Layout version manager with metadata layout = DATANODE_SCHEMA_V3 (version = 4), software layout = DATANODE_SCHEMA_V3 (version = 4)
2022-10-18 04:03:47,775 [main] INFO  reflections.Reflections (Reflections.java:scan(232)) - Reflections took 141 ms to scan 7 urls, producing 137 keys and 328 values 
2022-10-18 04:03:47,887 [main] INFO  ha.SequenceIdGenerator (SequenceIdGenerator.java:upgradeToSequenceId(349)) - upgrade localId to 109611004723200000
2022-10-18 04:03:47,888 [main] INFO  ha.SequenceIdGenerator (SequenceIdGenerator.java:upgradeToSequenceId(359)) - upgrade delTxnId to 0
2022-10-18 04:03:47,892 [main] INFO  ha.SequenceIdGenerator (SequenceIdGenerator.java:upgradeToSequenceId(376)) - upgrade containerId to 0
2022-10-18 04:03:47,894 [main] INFO  ha.SequenceIdGenerator (SequenceIdGenerator.java:<init>(220)) - Init the HA SequenceIdGenerator.
2022-10-18 04:03:47,938 [main] WARN  server.ServerUtils (ServerUtils.java:sanitizeUserArgs(73)) - ozone.scm.stale.node.interval value = 300000 is larger than max = 100000 based on the key value of ozone.scm.heartbeat.thread.interval, reset to the max value 100000.
2022-10-18 04:03:47,938 [main] WARN  server.ServerUtils (ServerUtils.java:sanitizeUserArgs(73)) - ozone.scm.stale.node.interval value = 300000 is larger than max = 100000 based on the key value of ozone.scm.heartbeat.thread.interval, reset to the max value 100000.
2022-10-18 04:03:47,944 [main] INFO  node.SCMNodeManager (SCMNodeManager.java:<init>(149)) - Entering startup safe mode.
2022-10-18 04:03:48,010 [main] INFO  algorithms.ContainerPlacementPolicyFactory (ContainerPlacementPolicyFactory.java:getPolicyInternal(86)) - Create container placement policy of type org.apache.hadoop.hdds.scm.container.placement.algorithms.SCMContainerPlacementRandom
2022-10-18 04:03:48,013 [main] INFO  algorithms.ContainerPlacementPolicyFactory (ContainerPlacementPolicyFactory.java:getPolicyInternal(86)) - Create container placement policy of type org.apache.hadoop.hdds.scm.container.placement.algorithms.SCMContainerPlacementRackScatter
2022-10-18 04:03:48,031 [main] INFO  pipeline.PipelineStateManagerImpl (PipelineStateManagerImpl.java:initialize(78)) - No pipeline exists in current db
2022-10-18 04:03:48,072 [main] INFO  algorithms.LeaderChoosePolicyFactory (LeaderChoosePolicyFactory.java:getPolicy(57)) - Create leader choose policy of type org.apache.hadoop.hdds.scm.pipeline.leader.choose.algorithms.MinLeaderCountChoosePolicy
2022-10-18 04:03:48,072 [main] INFO  algorithms.ContainerPlacementPolicyFactory (ContainerPlacementPolicyFactory.java:getPolicyInternal(86)) - Create container placement policy of type org.apache.hadoop.hdds.scm.container.placement.algorithms.SCMContainerPlacementRackScatter
2022-10-18 04:03:48,078 [main] INFO  ha.SCMServiceManager (SCMServiceManager.java:register(42)) - Registering service BackgroundPipelineCreator.
2022-10-18 04:03:48,079 [main] INFO  pipeline.BackgroundPipelineCreator (BackgroundPipelineCreator.java:start(124)) - Starting RatisPipelineUtilsThread.
2022-10-18 04:03:48,083 [main] INFO  BackgroundPipelineScrubber (BackgroundSCMService.java:start(68)) - Starting BackgroundPipelineScrubber Service.
2022-10-18 04:03:48,086 [main] INFO  ha.SCMServiceManager (SCMServiceManager.java:register(42)) - Registering service BackgroundPipelineScrubber.
2022-10-18 04:03:48,093 [main] INFO  ExpiredContainerReplicaOpScrubber (BackgroundSCMService.java:start(68)) - Starting ExpiredContainerReplicaOpScrubber Service.
2022-10-18 04:03:48,093 [main] INFO  ha.SCMServiceManager (SCMServiceManager.java:register(42)) - Registering service ExpiredContainerReplicaOpScrubber.
2022-10-18 04:03:48,138 [main] INFO  algorithms.PipelineChoosePolicyFactory (PipelineChoosePolicyFactory.java:createPipelineChoosePolicyFromClass(73)) - Create pipeline choose policy of type org.apache.hadoop.hdds.scm.pipeline.choose.algorithms.RandomPipelineChoosePolicy
2022-10-18 04:03:48,157 [main] INFO  ha.SCMServiceManager (SCMServiceManager.java:register(42)) - Registering service SCMBlockDeletingService.
2022-10-18 04:03:48,205 [main] INFO  replication.ReplicationManager (ReplicationManager.java:start(223)) - Starting Replication Monitor Thread.
2022-10-18 04:03:48,222 [main] INFO  ha.SCMServiceManager (SCMServiceManager.java:register(42)) - Registering service ReplicationManager.
2022-10-18 04:03:48,226 [ReplicationMonitor] INFO  replication.ReplicationManager (ReplicationManager.java:processAll(291)) - Replication Manager is not ready to run until 3000ms after safemode exit
2022-10-18 04:03:48,231 [main] INFO  safemode.ContainerSafeModeRule (ContainerSafeModeRule.java:<init>(89)) - containers with one replica threshold count 0
2022-10-18 04:03:48,235 [main] INFO  safemode.HealthyPipelineSafeModeRule (HealthyPipelineSafeModeRule.java:initializeRule(169)) - Total pipeline count is 0, healthy pipeline threshold count is 1
2022-10-18 04:03:48,237 [main] INFO  safemode.OneReplicaPipelineSafeModeRule (OneReplicaPipelineSafeModeRule.java:initializeRule(180)) - Total pipeline count is 0, pipeline's with at least one datanode reported threshold count is 0
2022-10-18 04:03:48,626 [main] INFO  audit.AuditLogger (AuditLogger.java:refreshDebugCmdSet(126)) - Refresh DebugCmdSet for SCMAudit to [].
2022-10-18 04:03:48,663 [main] INFO  ipc.CallQueueManager (CallQueueManager.java:<init>(90)) - Using callQueue: class java.util.concurrent.LinkedBlockingQueue, queueCapacity: 2000, scheduler: class org.apache.hadoop.ipc.DefaultRpcScheduler, ipcBackoff: false.
2022-10-18 04:03:48,707 [Socket Reader #1 for port 0] INFO  ipc.Server (Server.java:run(1273)) - Starting Socket Reader #1 for port 0
2022-10-18 04:03:48,775 [Listener at 0.0.0.0/38245] INFO  audit.AuditLogger (AuditLogger.java:refreshDebugCmdSet(126)) - Refresh DebugCmdSet for SCMAudit to [].
2022-10-18 04:03:48,783 [Listener at 0.0.0.0/38245] INFO  ipc.CallQueueManager (CallQueueManager.java:<init>(90)) - Using callQueue: class java.util.concurrent.LinkedBlockingQueue, queueCapacity: 2000, scheduler: class org.apache.hadoop.ipc.DefaultRpcScheduler, ipcBackoff: false.
2022-10-18 04:03:48,784 [Socket Reader #1 for port 0] INFO  ipc.Server (Server.java:run(1273)) - Starting Socket Reader #1 for port 0
2022-10-18 04:03:48,827 [Listener at 0.0.0.0/39235] INFO  audit.AuditLogger (AuditLogger.java:refreshDebugCmdSet(126)) - Refresh DebugCmdSet for SCMAudit to [].
2022-10-18 04:03:48,839 [Listener at 0.0.0.0/39235] INFO  ipc.CallQueueManager (CallQueueManager.java:<init>(90)) - Using callQueue: class java.util.concurrent.LinkedBlockingQueue, queueCapacity: 2000, scheduler: class org.apache.hadoop.ipc.DefaultRpcScheduler, ipcBackoff: false.
2022-10-18 04:03:48,841 [Socket Reader #1 for port 0] INFO  ipc.Server (Server.java:run(1273)) - Starting Socket Reader #1 for port 0
2022-10-18 04:03:48,898 [Listener at 0.0.0.0/37135] INFO  ha.SCMServiceManager (SCMServiceManager.java:register(42)) - Registering service ContainerBalancer.
2022-10-18 04:03:48,899 [Listener at 0.0.0.0/37135] INFO  server.StorageContainerManager (StorageContainerManager.java:<init>(410)) - 
Container Balancer status:
Key                            Value
Running                        true
Container Balancer Configuration values:
Key                                                Value
Threshold                                          10
Max Datanodes to Involve per Iteration(percent)    20
Max Size to Move per Iteration                     500GB
Max Size Entering Target per Iteration             26GB
Max Size Leaving Source per Iteration              26GB

2022-10-18 04:03:48,899 [Listener at 0.0.0.0/37135] WARN  events.EventQueue (EventQueue.java:fireEvent(216)) - No event handler registered for event TypedEvent{payloadType=SafeModeStatus, name='Safe mode status'}
2022-10-18 04:03:48,900 [Listener at 0.0.0.0/37135] INFO  ha.SCMContext (SCMContext.java:updateSafeModeStatus(228)) - Update SafeModeStatus from SafeModeStatus{safeModeStatus=true, preCheckPassed=false} to SafeModeStatus{safeModeStatus=true, preCheckPassed=false}.
2022-10-18 04:03:48,906 [Listener at 0.0.0.0/37135] INFO  server.StorageContainerManager (StorageContainerManager.java:start(1436)) - StorageContainerLocationProtocol RPC server is listening at /0.0.0.0:37135
2022-10-18 04:03:49,000 [Listener at 0.0.0.0/37135] WARN  impl.MetricsConfig (MetricsConfig.java:loadFirst(136)) - Cannot locate configuration: tried hadoop-metrics2-storagecontainermanager.properties,hadoop-metrics2.properties
2022-10-18 04:03:49,014 [Listener at 0.0.0.0/37135] INFO  impl.MetricsSystemImpl (MetricsSystemImpl.java:startTimer(378)) - Scheduled Metric snapshot period at 10 second(s).
2022-10-18 04:03:49,014 [Listener at 0.0.0.0/37135] INFO  impl.MetricsSystemImpl (MetricsSystemImpl.java:start(191)) - StorageContainerManager metrics system started
2022-10-18 04:03:49,346 [Listener at 0.0.0.0/37135] INFO  server.SCMClientProtocolServer (SCMClientProtocolServer.java:start(170)) - RPC server for Client  is listening at /0.0.0.0:37135
2022-10-18 04:03:49,348 [IPC Server Responder] INFO  ipc.Server (Server.java:run(1512)) - IPC Server Responder: starting
2022-10-18 04:03:49,351 [IPC Server listener on 0] INFO  ipc.Server (Server.java:run(1352)) - IPC Server listener on 0: starting
2022-10-18 04:03:49,357 [Listener at 0.0.0.0/37135] INFO  server.StorageContainerManager (StorageContainerManager.java:start(1451)) - ScmBlockLocationProtocol RPC server is listening at /0.0.0.0:39235
2022-10-18 04:03:49,358 [Listener at 0.0.0.0/37135] INFO  server.SCMBlockProtocolServer (SCMBlockProtocolServer.java:start(152)) - RPC server for Block Protocol is listening at /0.0.0.0:39235
2022-10-18 04:03:49,358 [IPC Server Responder] INFO  ipc.Server (Server.java:run(1512)) - IPC Server Responder: starting
2022-10-18 04:03:49,359 [IPC Server listener on 0] INFO  ipc.Server (Server.java:run(1352)) - IPC Server listener on 0: starting
2022-10-18 04:03:49,363 [Listener at 0.0.0.0/37135] INFO  server.SCMDatanodeProtocolServer (SCMDatanodeProtocolServer.java:start(186)) - ScmDatanodeProtocol RPC server for DataNodes is listening at /0.0.0.0:38245
2022-10-18 04:03:49,363 [IPC Server Responder] INFO  ipc.Server (Server.java:run(1512)) - IPC Server Responder: starting
2022-10-18 04:03:49,364 [IPC Server listener on 0] INFO  ipc.Server (Server.java:run(1352)) - IPC Server listener on 0: starting
2022-10-18 04:03:49,397 [org.apache.hadoop.util.JvmPauseMonitor$Monitor@77ad2767] INFO  util.JvmPauseMonitor (JvmPauseMonitor.java:run(188)) - Starting JVM pause monitor
2022-10-18 04:03:49,410 [Listener at 0.0.0.0/37135] INFO  http.BaseHttpServer (BaseHttpServer.java:newHttpServer2BuilderForOzone(213)) - Starting Web-server for scm at: http://0.0.0.0:0
2022-10-18 04:03:49,411 [Listener at 0.0.0.0/37135] INFO  http.BaseHttpServer (BaseHttpServer.java:<init>(108)) - Hadoop Security Enabled: false Ozone Security Enabled: false Ozone HTTP Security Enabled: false 
2022-10-18 04:03:49,441 [Listener at 0.0.0.0/37135] INFO  util.log (Log.java:initialized(170)) - Logging initialized @4716ms to org.eclipse.jetty.util.log.Slf4jLog
2022-10-18 04:03:49,564 [Listener at 0.0.0.0/37135] WARN  server.AuthenticationFilter (AuthenticationFilter.java:constructSecretProvider(240)) - Unable to initialize FileSignerSecretProvider, falling back to use random secrets. Reason: Could not read signature secret file: /home/runner/hadoop-http-auth-signature-secret
2022-10-18 04:03:49,572 [Listener at 0.0.0.0/37135] WARN  http.HttpRequestLog (HttpRequestLog.java:getRequestLog(103)) - Jetty request log can only be enabled using Log4j
2022-10-18 04:03:49,581 [Listener at 0.0.0.0/37135] INFO  http.HttpServer2 (HttpServer2.java:addGlobalFilter(1031)) - Added global filter 'safety' (class=org.apache.hadoop.hdds.server.http.HttpServer2$QuotingInputFilter)
2022-10-18 04:03:49,584 [Listener at 0.0.0.0/37135] INFO  http.HttpServer2 (HttpServer2.java:addFilter(1007)) - Added filter static_user_filter (class=org.apache.hadoop.http.lib.StaticUserWebFilter$StaticUserFilter) to context scm
2022-10-18 04:03:49,584 [Listener at 0.0.0.0/37135] INFO  http.HttpServer2 (HttpServer2.java:addFilter(1015)) - Added filter static_user_filter (class=org.apache.hadoop.http.lib.StaticUserWebFilter$StaticUserFilter) to context logs
2022-10-18 04:03:49,584 [Listener at 0.0.0.0/37135] INFO  http.HttpServer2 (HttpServer2.java:addFilter(1015)) - Added filter static_user_filter (class=org.apache.hadoop.http.lib.StaticUserWebFilter$StaticUserFilter) to context static
2022-10-18 04:03:49,632 [Listener at 0.0.0.0/37135] INFO  http.HttpServer2 (HttpServer2.java:bindListener(1250)) - Jetty bound to port 45287
2022-10-18 04:03:49,633 [Listener at 0.0.0.0/37135] INFO  server.Server (Server.java:doStart(375)) - jetty-9.4.43.v20210629; built: 2021-06-30T11:07:22.254Z; git: 526006ecfa3af7f1a27ef3a288e2bef7ea9dd7e8; jvm 1.8.0_345-b01
2022-10-18 04:03:49,669 [Listener at 0.0.0.0/37135] INFO  server.session (DefaultSessionIdManager.java:doStart(334)) - DefaultSessionIdManager workerName=node0
2022-10-18 04:03:49,670 [Listener at 0.0.0.0/37135] INFO  server.session (DefaultSessionIdManager.java:doStart(339)) - No SessionScavenger set, using defaults
2022-10-18 04:03:49,672 [Listener at 0.0.0.0/37135] INFO  server.session (HouseKeeper.java:startScavenging(132)) - node0 Scavenging every 600000ms
2022-10-18 04:03:49,688 [Listener at 0.0.0.0/37135] INFO  handler.ContextHandler (ContextHandler.java:doStart(915)) - Started o.e.j.s.ServletContextHandler@614ae4eb{logs,/logs,file:///home/runner/work/ozone/ozone/hadoop-ozone/integration-test/target/log,AVAILABLE}
2022-10-18 04:03:49,689 [Listener at 0.0.0.0/37135] INFO  handler.ContextHandler (ContextHandler.java:doStart(915)) - Started o.e.j.s.ServletContextHandler@4aadf144{static,/static,file:///home/runner/work/ozone/ozone/hadoop-ozone/integration-test/target/test-classes/webapps/static,AVAILABLE}
2022-10-18 04:03:49,749 [Listener at 0.0.0.0/37135] INFO  handler.ContextHandler (ContextHandler.java:doStart(915)) - Started o.e.j.w.WebAppContext@4b37d1a4{scm,/,file:///home/runner/work/ozone/ozone/hadoop-ozone/integration-test/target/test-classes/webapps/scm/,AVAILABLE}{file:/home/runner/work/ozone/ozone/hadoop-ozone/integration-test/target/test-classes/webapps/scm}
2022-10-18 04:03:49,765 [Listener at 0.0.0.0/37135] INFO  server.AbstractConnector (AbstractConnector.java:doStart(331)) - Started ServerConnector@3c468360{HTTP/1.1, (http/1.1)}{0.0.0.0:45287}
2022-10-18 04:03:49,766 [Listener at 0.0.0.0/37135] INFO  server.Server (Server.java:doStart(415)) - Started @5041ms
2022-10-18 04:03:49,770 [Listener at 0.0.0.0/37135] INFO  impl.MetricsSinkAdapter (MetricsSinkAdapter.java:start(204)) - Sink prometheus started
2022-10-18 04:03:49,770 [Listener at 0.0.0.0/37135] INFO  impl.MetricsSystemImpl (MetricsSystemImpl.java:registerSink(305)) - Registered sink prometheus
2022-10-18 04:03:49,772 [Listener at 0.0.0.0/37135] INFO  http.BaseHttpServer (BaseHttpServer.java:updateConnectorAddress(333)) - HTTP server of scm listening at http://0.0.0.0:45287
2022-10-18 04:03:49,774 [Listener at 0.0.0.0/37135] WARN  server.ServerUtils (ServerUtils.java:getDBPath(225)) - ozone.om.db.dirs is not configured. We recommend adding this setting. Falling back to ozone.metadata.dirs instead.
2022-10-18 04:03:49,854 [Listener at 0.0.0.0/37135] INFO  audit.AuditLogger (AuditLogger.java:refreshDebugCmdSet(126)) - Refresh DebugCmdSet for OMAudit to [].
2022-10-18 04:03:49,964 [Listener at 0.0.0.0/37135] INFO  ha.OMHANodeDetails (OMHANodeDetails.java:loadOMHAConfig(115)) - ozone.om.internal.service.id is not defined, falling back to ozone.om.service.ids to find serviceID for OzoneManager if it is HA enabled cluster
2022-10-18 04:03:49,968 [Listener at 0.0.0.0/37135] INFO  ha.OMHANodeDetails (OMHANodeDetails.java:loadOMHAConfig(226)) - Configuration does not have ozone.om.address set. Falling back to the default OM address /127.0.0.1:0
2022-10-18 04:03:49,968 [Listener at 0.0.0.0/37135] INFO  ha.OMHANodeDetails (OMHANodeDetails.java:getOMNodeDetailsForNonHA(254)) - OM Service ID is not set. Setting it to the default ID: omServiceIdDefault
2022-10-18 04:03:49,968 [Listener at 0.0.0.0/37135] INFO  ha.OMHANodeDetails (OMHANodeDetails.java:getOMNodeDetailsForNonHA(261)) - OM Node ID is not set. Setting it to the default ID: om1
2022-10-18 04:03:49,972 [Listener at 0.0.0.0/37135] WARN  server.ServerUtils (ServerUtils.java:getDBPath(225)) - ozone.om.db.dirs is not configured. We recommend adding this setting. Falling back to ozone.metadata.dirs instead.
2022-10-18 04:03:49,974 [Listener at 0.0.0.0/37135] INFO  upgrade.AbstractLayoutVersionManager (AbstractLayoutVersionManager.java:init(83)) - Initializing Layout version manager with metadata layout = MULTITENANCY_SCHEMA (version = 3), software layout = MULTITENANCY_SCHEMA (version = 3)
2022-10-18 04:03:50,070 [Listener at 0.0.0.0/37135] INFO  reflections.Reflections (Reflections.java:scan(232)) - Reflections took 90 ms to scan 2 urls, producing 154 keys and 428 values [using 2 cores]
2022-10-18 04:03:50,076 [Listener at 0.0.0.0/37135] INFO  upgrade.OMLayoutVersionManager (OMLayoutVersionManager.java:lambda$0(115)) - Skipping Upgrade Action MockOmUpgradeAction since it has been finalized.
2022-10-18 04:03:50,079 [Listener at 0.0.0.0/37135] WARN  server.ServerUtils (ServerUtils.java:getDBPath(225)) - ozone.om.db.dirs is not configured. We recommend adding this setting. Falling back to ozone.metadata.dirs instead.
2022-10-18 04:03:50,264 [Listener at 0.0.0.0/37135] INFO  proxy.SCMBlockLocationFailoverProxyProvider (SCMBlockLocationFailoverProxyProvider.java:<init>(114)) - Created block location fail-over proxy with 1 nodes: [nodeId=scmNodeId,nodeAddress=/0.0.0.0:39235]
2022-10-18 04:03:50,305 [Listener at 0.0.0.0/37135] INFO  proxy.SCMBlockLocationFailoverProxyProvider (SCMBlockLocationFailoverProxyProvider.java:<init>(114)) - Created block location fail-over proxy with 1 nodes: [nodeId=scmNodeId,nodeAddress=/0.0.0.0:39235]
2022-10-18 04:03:50,532 [Listener at 0.0.0.0/37135] WARN  server.ServerUtils (ServerUtils.java:getDBPath(225)) - ozone.om.db.dirs is not configured. We recommend adding this setting. Falling back to ozone.metadata.dirs instead.
2022-10-18 04:03:50,540 [Listener at 0.0.0.0/37135] INFO  codec.OmKeyInfoCodec (OmKeyInfoCodec.java:<init>(49)) - OmKeyInfoCodec ignorePipeline = true
2022-10-18 04:03:50,541 [Listener at 0.0.0.0/37135] INFO  codec.RepeatedOmKeyInfoCodec (RepeatedOmKeyInfoCodec.java:<init>(41)) - RepeatedOmKeyInfoCodec ignorePipeline = true
2022-10-18 04:03:50,747 [Listener at 0.0.0.0/37135] INFO  om.OzoneManager (OzoneManager.java:instantiateServices(712)) - S3 Multi-Tenancy is disabled
2022-10-18 04:03:50,831 [Listener at 0.0.0.0/37135] INFO  om.OzoneManager (OzoneManager.java:addS3GVolumeToDB(4386)) - Created Volume s3v With Owner runner required for S3Gateway operations.
2022-10-18 04:03:50,908 [Listener at 0.0.0.0/37135] WARN  server.ServerUtils (ServerUtils.java:getDefaultRatisDirectory(237)) - Storage directory for Ratis is not configured. It is a good idea to map this to an SSD disk. Falling back to ozone.metadata.dirs
2022-10-18 04:03:50,909 [Listener at 0.0.0.0/37135] WARN  utils.OzoneManagerRatisUtils (OzoneManagerRatisUtils.java:getOMRatisSnapshotDirectory(434)) - ozone.om.ratis.snapshot.dir is not configured. Falling back to ozone.metadata.dirs config
2022-10-18 04:03:50,934 [Listener at 0.0.0.0/37135] WARN  server.ServerUtils (ServerUtils.java:getDefaultRatisDirectory(237)) - Storage directory for Ratis is not configured. It is a good idea to map this to an SSD disk. Falling back to ozone.metadata.dirs
2022-10-18 04:03:50,971 [Listener at 0.0.0.0/37135] INFO  ratis.OzoneManagerRatisServer (OzoneManagerRatisServer.java:<init>(160)) - Instantiating OM Ratis server with groupID: omServiceIdDefault and peers: localhost:9872
2022-10-18 04:03:50,981 [Listener at 0.0.0.0/37135] INFO  ratis.OzoneManagerStateMachine (OzoneManagerStateMachine.java:loadSnapshotInfoFromDB(632)) - LastAppliedIndex is set from TransactionInfo from OM DB as (t:0, i:~)
2022-10-18 04:03:51,053 [Listener at 0.0.0.0/37135] INFO  server.RaftServer (ConfUtils.java:logGet(46)) - raft.rpc.type = GRPC (default)
2022-10-18 04:03:51,151 [Listener at 0.0.0.0/37135] INFO  grpc.GrpcFactory (GrpcFactory.java:checkPooledByteBufAllocatorUseCacheForAllThreads(48)) - PERFORMANCE WARNING: useCacheForAllThreads is true that may cause Netty to create a lot garbage objects and, as a result, trigger GC.
	It is recommended to disable useCacheForAllThreads by setting -Dorg.apache.ratis.thirdparty.io.netty.allocator.useCacheForAllThreads=false in command line.
2022-10-18 04:03:51,157 [Listener at 0.0.0.0/37135] INFO  grpc.GrpcConfigKeys (ConfUtils.java:logGet(46)) - raft.grpc.admin.port = -1 (default)
2022-10-18 04:03:51,158 [Listener at 0.0.0.0/37135] INFO  grpc.GrpcConfigKeys (ConfUtils.java:logGet(46)) - raft.grpc.server.port = 9872 (custom)
2022-10-18 04:03:51,158 [Listener at 0.0.0.0/37135] INFO  grpc.GrpcConfigKeys (ConfUtils.java:logGet(46)) - raft.grpc.client.port = -1 (default)
2022-10-18 04:03:51,159 [Listener at 0.0.0.0/37135] INFO  grpc.GrpcConfigKeys (ConfUtils.java:logGet(46)) - raft.grpc.server.port = 9872 (custom)
2022-10-18 04:03:51,159 [Listener at 0.0.0.0/37135] INFO  grpc.GrpcConfigKeys (ConfUtils.java:logGet(46)) - raft.grpc.server.port = 9872 (custom)
2022-10-18 04:03:51,160 [Listener at 0.0.0.0/37135] INFO  server.GrpcService (ConfUtils.java:logGet(46)) - raft.grpc.message.size.max = 33554432 (custom)
2022-10-18 04:03:51,162 [Listener at 0.0.0.0/37135] INFO  server.RaftServerConfigKeys (ConfUtils.java:logGet(46)) - raft.server.log.appender.buffer.byte-limit = 33554432 (custom)
2022-10-18 04:03:51,163 [Listener at 0.0.0.0/37135] INFO  server.GrpcService (ConfUtils.java:logGet(46)) - raft.grpc.flow.control.window = 1MB (=1048576) (default)
2022-10-18 04:03:51,164 [Listener at 0.0.0.0/37135] INFO  server.RaftServerConfigKeys (ConfUtils.java:logGet(46)) - raft.server.rpc.request.timeout = 3000ms (default)
2022-10-18 04:03:51,187 [Listener at 0.0.0.0/37135] INFO  grpc.GrpcConfigKeys (ConfUtils.java:logGet(46)) - raft.grpc.server.async.request.thread.pool.cached = true (default)
2022-10-18 04:03:51,188 [Listener at 0.0.0.0/37135] INFO  grpc.GrpcConfigKeys (ConfUtils.java:logGet(46)) - raft.grpc.server.async.request.thread.pool.size = 32 (default)
2022-10-18 04:03:51,517 [Listener at 0.0.0.0/37135] INFO  impl.DataStreamServerImpl (ConfUtils.java:logGet(46)) - raft.datastream.type = DISABLED (default)
2022-10-18 04:03:51,520 [Listener at 0.0.0.0/37135] INFO  server.RaftServerConfigKeys (ConfUtils.java:logGet(46)) - raft.server.threadpool.proxy.cached = true (default)
2022-10-18 04:03:51,521 [Listener at 0.0.0.0/37135] INFO  server.RaftServerConfigKeys (ConfUtils.java:logGet(46)) - raft.server.threadpool.proxy.size = 0 (default)
2022-10-18 04:03:51,521 [Listener at 0.0.0.0/37135] INFO  server.RaftServerConfigKeys (ConfUtils.java:logGet(46)) - raft.server.rpc.slowness.timeout = 120s (custom)
2022-10-18 04:03:51,522 [Listener at 0.0.0.0/37135] INFO  server.RaftServerConfigKeys (ConfUtils.java:logGet(46)) - raft.server.leaderelection.leader.step-down.wait-time = 10s (default)
2022-10-18 04:03:51,525 [Listener at 0.0.0.0/37135] INFO  server.RaftServerConfigKeys (ConfUtils.java:logGet(46)) - raft.server.storage.dir = [/home/runner/work/ozone/ozone/hadoop-ozone/integration-test/target/test-dir/MiniOzoneClusterImpl-74c68852-2f98-4be9-abeb-2ef7722882f6/ozone-meta/ratis] (custom)
2022-10-18 04:03:51,534 [Listener at 0.0.0.0/37135] INFO  server.RaftServer (RaftServerProxy.java:addNew(96)) - om1: addNew group-C5BA1605619E:[om1|rpc:localhost:9872|priority:0] returns group-C5BA1605619E:java.util.concurrent.CompletableFuture@12278d1c[Not completed]
2022-10-18 04:03:51,534 [Listener at 0.0.0.0/37135] INFO  om.OzoneManager (OzoneManager.java:initializeRatisServer(1975)) - OzoneManager Ratis server initialized at port 9872
2022-10-18 04:03:51,568 [Listener at 0.0.0.0/37135] INFO  om.OzoneManager (OzoneManager.java:getRpcServer(1101)) - Creating RPC Server
2022-10-18 04:03:51,592 [pool-55-thread-1] INFO  server.RaftServer$Division (RaftServerImpl.java:<init>(190)) - om1: new RaftServerImpl for group-C5BA1605619E:[om1|rpc:localhost:9872|priority:0] with OzoneManagerStateMachine:uninitialized
2022-10-18 04:03:51,594 [pool-55-thread-1] INFO  server.RaftServerConfigKeys (ConfUtils.java:logGet(46)) - raft.server.rpc.timeout.min = 1s (custom)
2022-10-18 04:03:51,596 [pool-55-thread-1] INFO  server.RaftServerConfigKeys (ConfUtils.java:logGet(46)) - raft.server.rpc.timeout.max = 1200ms (custom)
2022-10-18 04:03:51,596 [pool-55-thread-1] INFO  server.RaftServerConfigKeys (ConfUtils.java:logGet(46)) - raft.server.rpc.sleep.time = 25ms (default)
2022-10-18 04:03:51,597 [pool-55-thread-1] INFO  server.RaftServerConfigKeys (ConfUtils.java:logGet(46)) - raft.server.rpc.slowness.timeout = 120s (custom)
2022-10-18 04:03:51,597 [pool-55-thread-1] INFO  server.RaftServerConfigKeys (ConfUtils.java:logGet(46)) - raft.server.leaderelection.leader.step-down.wait-time = 10s (default)
2022-10-18 04:03:51,597 [pool-55-thread-1] INFO  server.RaftServerConfigKeys (ConfUtils.java:logGet(46)) - raft.server.sleep.deviation.threshold = 300ms (default)
2022-10-18 04:03:51,619 [pool-55-thread-1] INFO  server.RaftServer$Division (ServerState.java:<init>(107)) - om1@group-C5BA1605619E: ConfigurationManager, init=-1: [om1|rpc:localhost:9872|priority:0], old=null, confs=<EMPTY_MAP>
2022-10-18 04:03:51,619 [pool-55-thread-1] INFO  server.RaftServerConfigKeys (ConfUtils.java:logGet(46)) - raft.server.storage.dir = [/home/runner/work/ozone/ozone/hadoop-ozone/integration-test/target/test-dir/MiniOzoneClusterImpl-74c68852-2f98-4be9-abeb-2ef7722882f6/ozone-meta/ratis] (custom)
2022-10-18 04:03:51,625 [pool-55-thread-1] INFO  server.RaftServerConfigKeys (ConfUtils.java:logGet(46)) - raft.server.log.corruption.policy = EXCEPTION (default)
2022-10-18 04:03:51,625 [pool-55-thread-1] INFO  server.RaftServerConfigKeys (ConfUtils.java:logGet(46)) - raft.server.storage.free-space.min = 0MB (=0) (default)
2022-10-18 04:03:51,630 [pool-55-thread-1] INFO  storage.RaftStorageDirectory (RaftStorageDirectoryImpl.java:analyzeStorage(135)) - The storage directory /home/runner/work/ozone/ozone/hadoop-ozone/integration-test/target/test-dir/MiniOzoneClusterImpl-74c68852-2f98-4be9-abeb-2ef7722882f6/ozone-meta/ratis/bf265839-605b-3f16-9796-c5ba1605619e does not exist. Creating ...
2022-10-18 04:03:51,642 [pool-55-thread-1] INFO  storage.RaftStorageDirectory (RaftStorageDirectoryImpl.java:tryLock(230)) - Lock on /home/runner/work/ozone/ozone/hadoop-ozone/integration-test/target/test-dir/MiniOzoneClusterImpl-74c68852-2f98-4be9-abeb-2ef7722882f6/ozone-meta/ratis/bf265839-605b-3f16-9796-c5ba1605619e/in_use.lock acquired by nodename 58087@fv-az573-760
2022-10-18 04:03:51,682 [pool-55-thread-1] INFO  storage.RaftStorage (RaftStorageImpl.java:format(89)) - Storage directory /home/runner/work/ozone/ozone/hadoop-ozone/integration-test/target/test-dir/MiniOzoneClusterImpl-74c68852-2f98-4be9-abeb-2ef7722882f6/ozone-meta/ratis/bf265839-605b-3f16-9796-c5ba1605619e has been successfully formatted.
2022-10-18 04:03:51,689 [pool-55-thread-1] INFO  server.RaftServerConfigKeys (ConfUtils.java:logGet(46)) - raft.server.notification.no-leader.timeout = 120s (custom)
2022-10-18 04:03:51,692 [pool-55-thread-1] INFO  server.RaftServerConfigKeys (ConfUtils.java:logGet(46)) - raft.server.log.use.memory = false (default)
2022-10-18 04:03:51,713 [pool-55-thread-1] INFO  server.RaftServerConfigKeys (ConfUtils.java:logGet(46)) - raft.server.log.purge.gap = 1000000 (custom)
2022-10-18 04:03:51,714 [pool-55-thread-1] INFO  server.RaftServerConfigKeys (ConfUtils.java:logGet(46)) - raft.server.log.appender.buffer.byte-limit = 33554432 (custom)
2022-10-18 04:03:51,718 [pool-55-thread-1] INFO  server.RaftServerConfigKeys (ConfUtils.java:logGet(46)) - raft.server.log.statemachine.data.read.timeout = 1000ms (default)
2022-10-18 04:03:51,778 [pool-55-thread-1] INFO  server.RaftServerConfigKeys (ConfUtils.java:logGet(46)) - raft.server.log.segment.size.max = 4194304 (custom)
2022-10-18 04:03:51,838 [pool-55-thread-1] INFO  server.RaftServerConfigKeys (ConfUtils.java:logGet(46)) - raft.server.log.segment.cache.num.max = 2 (custom)
2022-10-18 04:03:51,839 [pool-55-thread-1] INFO  server.RaftServerConfigKeys (ConfUtils.java:logGet(46)) - raft.server.log.segment.cache.size.max = 200MB (=209715200) (default)
2022-10-18 04:03:51,854 [pool-55-thread-1] INFO  segmented.SegmentedRaftLogWorker (SegmentedRaftLogWorker.java:<init>(187)) - new om1@group-C5BA1605619E-SegmentedRaftLogWorker for RaftStorageImpl:Storage Directory /home/runner/work/ozone/ozone/hadoop-ozone/integration-test/target/test-dir/MiniOzoneClusterImpl-74c68852-2f98-4be9-abeb-2ef7722882f6/ozone-meta/ratis/bf265839-605b-3f16-9796-c5ba1605619e
2022-10-18 04:03:51,855 [pool-55-thread-1] INFO  server.RaftServerConfigKeys (ConfUtils.java:logGet(46)) - raft.server.log.queue.byte-limit = 64MB (=67108864) (default)
2022-10-18 04:03:51,855 [pool-55-thread-1] INFO  server.RaftServerConfigKeys (ConfUtils.java:logGet(46)) - raft.server.log.queue.element-limit = 4096 (default)
2022-10-18 04:03:51,866 [pool-55-thread-1] INFO  server.RaftServerConfigKeys (ConfUtils.java:logGet(46)) - raft.server.log.segment.size.max = 4194304 (custom)
2022-10-18 04:03:51,866 [pool-55-thread-1] INFO  server.RaftServerConfigKeys (ConfUtils.java:logGet(46)) - raft.server.log.preallocated.size = 4194304 (custom)
2022-10-18 04:03:51,867 [pool-55-thread-1] INFO  server.RaftServerConfigKeys (ConfUtils.java:logGet(46)) - raft.server.log.force.sync.num = 128 (default)
2022-10-18 04:03:51,868 [pool-55-thread-1] INFO  server.RaftServerConfigKeys (ConfUtils.java:logGet(46)) - raft.server.log.statemachine.data.sync = true (default)
2022-10-18 04:03:51,869 [pool-55-thread-1] INFO  server.RaftServerConfigKeys (ConfUtils.java:logGet(46)) - raft.server.log.statemachine.data.sync.timeout = 10s (default)
2022-10-18 04:03:51,869 [pool-55-thread-1] INFO  server.RaftServerConfigKeys (ConfUtils.java:logGet(46)) - raft.server.log.statemachine.data.sync.timeout.retry = -1 (default)
2022-10-18 04:03:51,911 [pool-55-thread-1] INFO  server.RaftServerConfigKeys (ConfUtils.java:logGet(46)) - raft.server.log.write.buffer.size = 64KB (=65536) (default)
2022-10-18 04:03:51,913 [pool-55-thread-1] INFO  server.RaftServerConfigKeys (ConfUtils.java:logGet(46)) - raft.server.log.unsafe-flush.enabled = false (default)
2022-10-18 04:03:51,913 [pool-55-thread-1] INFO  server.RaftServerConfigKeys (ConfUtils.java:logGet(46)) - raft.server.log.statemachine.data.caching.enabled = false (default)
2022-10-18 04:03:51,929 [pool-55-thread-1] INFO  segmented.SegmentedRaftLogWorker (SegmentedRaftLogWorker.java:lambda$new$0(135)) - om1@group-C5BA1605619E-SegmentedRaftLogWorker: flushIndex: setUnconditionally 0 -> -1
2022-10-18 04:03:51,929 [pool-55-thread-1] INFO  segmented.SegmentedRaftLogWorker (SegmentedRaftLogWorker.java:lambda$new$0(135)) - om1@group-C5BA1605619E-SegmentedRaftLogWorker: safeCacheEvictIndex: setUnconditionally 0 -> -1
2022-10-18 04:03:51,939 [pool-55-thread-1] INFO  server.RaftServerConfigKeys (ConfUtils.java:logGet(46)) - raft.server.snapshot.auto.trigger.enabled = true (custom)
2022-10-18 04:03:51,940 [pool-55-thread-1] INFO  server.RaftServerConfigKeys (ConfUtils.java:logGet(46)) - raft.server.snapshot.auto.trigger.threshold = 400000 (default)
2022-10-18 04:03:51,941 [pool-55-thread-1] INFO  server.RaftServerConfigKeys (ConfUtils.java:logGet(46)) - raft.server.snapshot.retention.file.num = -1 (default)
2022-10-18 04:03:51,941 [pool-55-thread-1] INFO  server.RaftServerConfigKeys (ConfUtils.java:logGet(46)) - raft.server.log.purge.upto.snapshot.index = true (custom)
2022-10-18 04:03:51,943 [pool-55-thread-1] INFO  server.RaftServerConfigKeys (ConfUtils.java:logGet(46)) - raft.server.retrycache.expirytime = 300s (custom)
2022-10-18 04:03:51,944 [pool-55-thread-1] INFO  server.RaftServerConfigKeys (ConfUtils.java:logGet(46)) - raft.server.retrycache.statistics.expirytime = 100μs (default)
2022-10-18 04:03:52,088 [pool-55-thread-1] INFO  server.RaftServerConfigKeys (ConfUtils.java:logGet(46)) - raft.server.log.appender.install.snapshot.enabled = false (custom)
2022-10-18 04:03:52,088 [pool-55-thread-1] INFO  server.RaftServerConfigKeys (ConfUtils.java:logGet(46)) - raft.server.threadpool.server.cached = true (default)
2022-10-18 04:03:52,089 [pool-55-thread-1] INFO  server.RaftServerConfigKeys (ConfUtils.java:logGet(46)) - raft.server.threadpool.server.size = 0 (default)
2022-10-18 04:03:52,089 [pool-55-thread-1] INFO  server.RaftServerConfigKeys (ConfUtils.java:logGet(46)) - raft.server.threadpool.client.cached = true (default)
2022-10-18 04:03:52,090 [pool-55-thread-1] INFO  server.RaftServerConfigKeys (ConfUtils.java:logGet(46)) - raft.server.threadpool.client.size = 0 (default)
2022-10-18 04:03:52,430 [Listener at 0.0.0.0/37135] INFO  reflections.Reflections (Reflections.java:scan(232)) - Reflections took 773 ms to scan 19 urls, producing 67 keys and 4238 values [using 2 cores]
2022-10-18 04:03:52,631 [Listener at 0.0.0.0/37135] INFO  ipc.CallQueueManager (CallQueueManager.java:<init>(90)) - Using callQueue: class java.util.concurrent.LinkedBlockingQueue, queueCapacity: 2000, scheduler: class org.apache.hadoop.ipc.DefaultRpcScheduler, ipcBackoff: false.
2022-10-18 04:03:52,632 [Socket Reader #1 for port 0] INFO  ipc.Server (Server.java:run(1273)) - Starting Socket Reader #1 for port 0
2022-10-18 04:03:52,662 [Listener at 127.0.0.1/33627] INFO  impl.MetricsSystemImpl (MetricsSystemImpl.java:init(158)) - OzoneManager metrics system started (again)
2022-10-18 04:03:52,675 [Listener at 127.0.0.1/33627] INFO  om.OzoneManager (OzoneManager.java:start(1482)) - OzoneManager RPC server is listening at localhost/127.0.0.1:33627
2022-10-18 04:03:52,675 [Listener at 127.0.0.1/33627] INFO  ratis.OzoneManagerRatisServer (OzoneManagerRatisServer.java:start(555)) - Starting OzoneManagerRatisServer om1 at port 9872
2022-10-18 04:03:52,678 [om1-impl-thread1] INFO  server.RaftServer$Division (RaftServerImpl.java:start(310)) - om1@group-C5BA1605619E: start as a follower, conf=-1: [om1|rpc:localhost:9872|priority:0], old=null
2022-10-18 04:03:52,678 [om1-impl-thread1] INFO  server.RaftServer$Division (RaftServerImpl.java:setRole(299)) - om1@group-C5BA1605619E: changes role from      null to FOLLOWER at term 0 for startAsFollower
2022-10-18 04:03:52,681 [om1-impl-thread1] INFO  impl.RoleInfo (RoleInfo.java:updateAndGet(139)) - om1: start om1@group-C5BA1605619E-FollowerState
2022-10-18 04:03:52,682 [om1-impl-thread1] INFO  util.JmxRegister (JmxRegister.java:tryRegister(44)) - Successfully registered JMX Bean with object name Ratis:service=RaftServer,group=group-C5BA1605619E,id=om1
2022-10-18 04:03:52,686 [Listener at 127.0.0.1/33627] INFO  server.RaftServer (RaftServerProxy.java:lambda$start$6(382)) - om1: start RPC server
2022-10-18 04:03:52,886 [Listener at 127.0.0.1/33627] INFO  server.GrpcService (GrpcService.java:startImpl(260)) - om1: GrpcService started, listening on 9872
2022-10-18 04:03:52,888 [Listener at 127.0.0.1/33627] INFO  om.OzoneManager (OzoneManager.java:start(1498)) - Version File has different layout version (3) than OM DB (null). That is expected if this OM has never been finalized to a newer layout version.
2022-10-18 04:03:52,891 [org.apache.ratis.util.JvmPauseMonitor$$Lambda$622/362040910@4512af0e] INFO  util.JvmPauseMonitor (JvmPauseMonitor.java:run(103)) - JvmPauseMonitor-om1: Started
2022-10-18 04:03:52,903 [Listener at 127.0.0.1/33627] INFO  http.BaseHttpServer (BaseHttpServer.java:newHttpServer2BuilderForOzone(213)) - Starting Web-server for ozoneManager at: http://0.0.0.0:0
2022-10-18 04:03:52,903 [Listener at 127.0.0.1/33627] INFO  http.BaseHttpServer (BaseHttpServer.java:<init>(108)) - Hadoop Security Enabled: false Ozone Security Enabled: false Ozone HTTP Security Enabled: false 
2022-10-18 04:03:52,905 [Listener at 127.0.0.1/33627] WARN  server.AuthenticationFilter (AuthenticationFilter.java:constructSecretProvider(240)) - Unable to initialize FileSignerSecretProvider, falling back to use random secrets. Reason: Could not read signature secret file: /home/runner/hadoop-http-auth-signature-secret
2022-10-18 04:03:52,907 [Listener at 127.0.0.1/33627] WARN  http.HttpRequestLog (HttpRequestLog.java:getRequestLog(103)) - Jetty request log can only be enabled using Log4j
2022-10-18 04:03:52,909 [Listener at 127.0.0.1/33627] INFO  http.HttpServer2 (HttpServer2.java:addGlobalFilter(1031)) - Added global filter 'safety' (class=org.apache.hadoop.hdds.server.http.HttpServer2$QuotingInputFilter)
2022-10-18 04:03:52,911 [Listener at 127.0.0.1/33627] INFO  http.HttpServer2 (HttpServer2.java:addFilter(1007)) - Added filter static_user_filter (class=org.apache.hadoop.http.lib.StaticUserWebFilter$StaticUserFilter) to context ozoneManager
2022-10-18 04:03:52,912 [Listener at 127.0.0.1/33627] INFO  http.HttpServer2 (HttpServer2.java:addFilter(1015)) - Added filter static_user_filter (class=org.apache.hadoop.http.lib.StaticUserWebFilter$StaticUserFilter) to context logs
2022-10-18 04:03:52,912 [Listener at 127.0.0.1/33627] INFO  http.HttpServer2 (HttpServer2.java:addFilter(1015)) - Added filter static_user_filter (class=org.apache.hadoop.http.lib.StaticUserWebFilter$StaticUserFilter) to context static
2022-10-18 04:03:52,915 [Listener at 127.0.0.1/33627] INFO  http.HttpServer2 (HttpServer2.java:bindListener(1250)) - Jetty bound to port 43941
2022-10-18 04:03:52,915 [Listener at 127.0.0.1/33627] INFO  server.Server (Server.java:doStart(375)) - jetty-9.4.43.v20210629; built: 2021-06-30T11:07:22.254Z; git: 526006ecfa3af7f1a27ef3a288e2bef7ea9dd7e8; jvm 1.8.0_345-b01
2022-10-18 04:03:52,924 [Listener at 127.0.0.1/33627] INFO  server.session (DefaultSessionIdManager.java:doStart(334)) - DefaultSessionIdManager workerName=node0
2022-10-18 04:03:52,925 [Listener at 127.0.0.1/33627] INFO  server.session (DefaultSessionIdManager.java:doStart(339)) - No SessionScavenger set, using defaults
2022-10-18 04:03:52,925 [Listener at 127.0.0.1/33627] INFO  server.session (HouseKeeper.java:startScavenging(132)) - node0 Scavenging every 600000ms
2022-10-18 04:03:52,927 [Listener at 127.0.0.1/33627] INFO  handler.ContextHandler (ContextHandler.java:doStart(915)) - Started o.e.j.s.ServletContextHandler@7d12e459{logs,/logs,file:///home/runner/work/ozone/ozone/hadoop-ozone/integration-test/target/log,AVAILABLE}
2022-10-18 04:03:52,928 [Listener at 127.0.0.1/33627] INFO  handler.ContextHandler (ContextHandler.java:doStart(915)) - Started o.e.j.s.ServletContextHandler@43cd2f26{static,/static,file:///home/runner/work/ozone/ozone/hadoop-ozone/integration-test/target/test-classes/webapps/static,AVAILABLE}
2022-10-18 04:03:52,933 [Listener at 127.0.0.1/33627] INFO  handler.ContextHandler (ContextHandler.java:doStart(915)) - Started o.e.j.w.WebAppContext@47198a64{ozoneManager,/,file:///home/runner/work/ozone/ozone/hadoop-ozone/integration-test/target/test-classes/webapps/ozoneManager/,AVAILABLE}{file:/home/runner/work/ozone/ozone/hadoop-ozone/integration-test/target/test-classes/webapps/ozoneManager}
2022-10-18 04:03:52,934 [Listener at 127.0.0.1/33627] INFO  server.AbstractConnector (AbstractConnector.java:doStart(331)) - Started ServerConnector@57ba286d{HTTP/1.1, (http/1.1)}{0.0.0.0:43941}
2022-10-18 04:03:52,934 [Listener at 127.0.0.1/33627] INFO  server.Server (Server.java:doStart(415)) - Started @8209ms
2022-10-18 04:03:52,934 [Listener at 127.0.0.1/33627] WARN  impl.MetricsSystemImpl (MetricsSystemImpl.java:register(279)) - Sink prometheus already exists!
2022-10-18 04:03:52,935 [Listener at 127.0.0.1/33627] INFO  http.BaseHttpServer (BaseHttpServer.java:updateConnectorAddress(333)) - HTTP server of ozoneManager listening at http://0.0.0.0:43941
2022-10-18 04:03:52,935 [IPC Server Responder] INFO  ipc.Server (Server.java:run(1512)) - IPC Server Responder: starting
2022-10-18 04:03:52,935 [IPC Server listener on 0] INFO  ipc.Server (Server.java:run(1352)) - IPC Server listener on 0: starting
2022-10-18 04:03:52,940 [Listener at 127.0.0.1/33627] INFO  om.OzoneManager (OzoneManager.java:startTrashEmptier(1919)) - Trash Interval set to 0. Files deleted won't move to trash
2022-10-18 04:03:52,946 [org.apache.hadoop.util.JvmPauseMonitor$Monitor@7c39dbc6] INFO  util.JvmPauseMonitor (JvmPauseMonitor.java:run(188)) - Starting JVM pause monitor
2022-10-18 04:03:53,103 [Listener at 127.0.0.1/33627] WARN  impl.MetricRegistriesImpl (MetricRegistriesImpl.java:addReporterRegistration(111)) - New reporters are added after registries were created. Some metrics will be missing from the reporter. Please add reporter before adding any new registry.
2022-10-18 04:03:53,103 [Listener at 127.0.0.1/33627] WARN  impl.MetricRegistriesImpl (MetricRegistriesImpl.java:addReporterRegistration(111)) - New reporters are added after registries were created. Some metrics will be missing from the reporter. Please add reporter before adding any new registry.
2022-10-18 04:03:53,103 [Listener at 127.0.0.1/33627] INFO  impl.MetricsSystemImpl (MetricsSystemImpl.java:init(158)) - HddsDatanode metrics system started (again)
2022-10-18 04:03:53,121 [Listener at 127.0.0.1/33627] INFO  ozone.HddsDatanodeService (HddsDatanodeService.java:start(236)) - HddsDatanodeService host:fv-az573-760.uspngagyt4suddso0aj1djjezg.dx.internal.cloudapp.net ip:10.1.0.75
2022-10-18 04:03:53,168 [Listener at 127.0.0.1/33627] INFO  upgrade.AbstractLayoutVersionManager (AbstractLayoutVersionManager.java:init(83)) - Initializing Layout version manager with metadata layout = DATANODE_SCHEMA_V3 (version = 4), software layout = DATANODE_SCHEMA_V3 (version = 4)
2022-10-18 04:03:53,230 [Listener at 127.0.0.1/33627] INFO  reflections.Reflections (Reflections.java:scan(232)) - Reflections took 57 ms to scan 7 urls, producing 137 keys and 328 values 
2022-10-18 04:03:53,235 [Listener at 127.0.0.1/33627] INFO  statemachine.DatanodeStateMachine (DatanodeStateMachine.java:getEndPointTaskThreadPoolSize(237)) - Datanode State Machine Task Thread Pool size 2
2022-10-18 04:03:53,311 [Listener at 127.0.0.1/33627] INFO  volume.HddsVolume (HddsVolume.java:<init>(117)) - Creating HddsVolume: /home/runner/work/ozone/ozone/hadoop-ozone/integration-test/target/test-dir/MiniOzoneClusterImpl-74c68852-2f98-4be9-abeb-2ef7722882f6/datanode-0/data-0/containers/hdds of storage type : DISK capacity : 9223372036854775807
2022-10-18 04:03:53,314 [Listener at 127.0.0.1/33627] INFO  volume.MutableVolumeSet (MutableVolumeSet.java:initializeVolumeSet(174)) - Added Volume : /home/runner/work/ozone/ozone/hadoop-ozone/integration-test/target/test-dir/MiniOzoneClusterImpl-74c68852-2f98-4be9-abeb-2ef7722882f6/datanode-0/data-0/containers/hdds to VolumeSet
2022-10-18 04:03:53,315 [Listener at 127.0.0.1/33627] INFO  volume.ThrottledAsyncChecker (ThrottledAsyncChecker.java:schedule(141)) - Scheduling a check for /home/runner/work/ozone/ozone/hadoop-ozone/integration-test/target/test-dir/MiniOzoneClusterImpl-74c68852-2f98-4be9-abeb-2ef7722882f6/datanode-0/data-0/containers/hdds
2022-10-18 04:03:53,334 [Listener at 127.0.0.1/33627] INFO  volume.StorageVolumeChecker (StorageVolumeChecker.java:checkAllVolumes(202)) - Scheduled health check for volume /home/runner/work/ozone/ozone/hadoop-ozone/integration-test/target/test-dir/MiniOzoneClusterImpl-74c68852-2f98-4be9-abeb-2ef7722882f6/datanode-0/data-0/containers/hdds
2022-10-18 04:03:53,355 [Listener at 127.0.0.1/33627] INFO  volume.MutableVolumeSet (MutableVolumeSet.java:initializeVolumeSet(174)) - Added Volume : /home/runner/work/ozone/ozone/hadoop-ozone/integration-test/target/test-dir/MiniOzoneClusterImpl-74c68852-2f98-4be9-abeb-2ef7722882f6/datanode-0/data/ratis to VolumeSet
2022-10-18 04:03:53,355 [Listener at 127.0.0.1/33627] INFO  volume.ThrottledAsyncChecker (ThrottledAsyncChecker.java:schedule(141)) - Scheduling a check for /home/runner/work/ozone/ozone/hadoop-ozone/integration-test/target/test-dir/MiniOzoneClusterImpl-74c68852-2f98-4be9-abeb-2ef7722882f6/datanode-0/data/ratis
2022-10-18 04:03:53,355 [Listener at 127.0.0.1/33627] INFO  volume.StorageVolumeChecker (StorageVolumeChecker.java:checkAllVolumes(202)) - Scheduled health check for volume /home/runner/work/ozone/ozone/hadoop-ozone/integration-test/target/test-dir/MiniOzoneClusterImpl-74c68852-2f98-4be9-abeb-2ef7722882f6/datanode-0/data/ratis
2022-10-18 04:03:53,382 [Thread-136] INFO  ozoneimpl.ContainerReader (ContainerReader.java:readVolume(175)) - Finish verifying containers on volume /home/runner/work/ozone/ozone/hadoop-ozone/integration-test/target/test-dir/MiniOzoneClusterImpl-74c68852-2f98-4be9-abeb-2ef7722882f6/datanode-0/data-0/containers/hdds
2022-10-18 04:03:53,382 [Listener at 127.0.0.1/33627] INFO  ozoneimpl.OzoneContainer (OzoneContainer.java:buildContainerSet(300)) - Build ContainerSet costs 0s
2022-10-18 04:03:53,445 [Listener at 127.0.0.1/33627] INFO  audit.AuditLogger (AuditLogger.java:refreshDebugCmdSet(126)) - Refresh DebugCmdSet for DNAudit to [].
2022-10-18 04:03:53,478 [Listener at 127.0.0.1/33627] INFO  server.RaftServer (ConfUtils.java:logGet(46)) - raft.rpc.type = GRPC (default)
2022-10-18 04:03:53,479 [Listener at 127.0.0.1/33627] INFO  grpc.GrpcFactory (GrpcFactory.java:checkPooledByteBufAllocatorUseCacheForAllThreads(48)) - PERFORMANCE WARNING: useCacheForAllThreads is true that may cause Netty to create a lot garbage objects and, as a result, trigger GC.
	It is recommended to disable useCacheForAllThreads by setting -Dorg.apache.ratis.thirdparty.io.netty.allocator.useCacheForAllThreads=false in command line.
2022-10-18 04:03:53,479 [Listener at 127.0.0.1/33627] INFO  grpc.GrpcConfigKeys (ConfUtils.java:logGet(46)) - raft.grpc.admin.port = 0 (custom)
2022-10-18 04:03:53,480 [Listener at 127.0.0.1/33627] INFO  grpc.GrpcConfigKeys (ConfUtils.java:logGet(46)) - raft.grpc.client.port = 0 (custom)
2022-10-18 04:03:53,480 [Listener at 127.0.0.1/33627] INFO  grpc.GrpcConfigKeys (ConfUtils.java:logGet(46)) - raft.grpc.server.port = 0 (default)
2022-10-18 04:03:53,480 [Listener at 127.0.0.1/33627] INFO  server.GrpcService (ConfUtils.java:logGet(46)) - raft.grpc.message.size.max = 32MB (=33554432) (custom)
2022-10-18 04:03:53,480 [Listener at 127.0.0.1/33627] INFO  server.RaftServerConfigKeys (ConfUtils.java:logGet(46)) - raft.server.log.appender.buffer.byte-limit = 33554432 (custom)
2022-10-18 04:03:53,480 [Listener at 127.0.0.1/33627] INFO  server.GrpcService (ConfUtils.java:logGet(46)) - raft.grpc.flow.control.window = 5MB (=5242880) (custom)
2022-10-18 04:03:53,481 [Listener at 127.0.0.1/33627] INFO  server.RaftServerConfigKeys (ConfUtils.java:logGet(46)) - raft.server.rpc.request.timeout = 60s (custom)
2022-10-18 04:03:53,481 [Listener at 127.0.0.1/33627] INFO  grpc.GrpcConfigKeys (ConfUtils.java:logGet(46)) - raft.grpc.server.async.request.thread.pool.cached = true (default)
2022-10-18 04:03:53,482 [Listener at 127.0.0.1/33627] INFO  grpc.GrpcConfigKeys (ConfUtils.java:logGet(46)) - raft.grpc.server.async.request.thread.pool.size = 32 (default)
2022-10-18 04:03:53,483 [Listener at 127.0.0.1/33627] INFO  impl.DataStreamServerImpl (ConfUtils.java:logGet(46)) - raft.datastream.type = DISABLED (default)
2022-10-18 04:03:53,484 [Listener at 127.0.0.1/33627] INFO  server.RaftServerConfigKeys (ConfUtils.java:logGet(46)) - raft.server.threadpool.proxy.cached = true (default)
2022-10-18 04:03:53,484 [Listener at 127.0.0.1/33627] INFO  server.RaftServerConfigKeys (ConfUtils.java:logGet(46)) - raft.server.threadpool.proxy.size = 0 (default)
2022-10-18 04:03:53,485 [Listener at 127.0.0.1/33627] INFO  server.RaftServerConfigKeys (ConfUtils.java:logGet(46)) - raft.server.rpc.slowness.timeout = 300s (custom)
2022-10-18 04:03:53,485 [Listener at 127.0.0.1/33627] INFO  server.RaftServerConfigKeys (ConfUtils.java:logGet(46)) - raft.server.leaderelection.leader.step-down.wait-time = 10s (default)
2022-10-18 04:03:53,486 [Listener at 127.0.0.1/33627] INFO  server.RaftServerConfigKeys (ConfUtils.java:logGet(46)) - raft.server.storage.dir = [/home/runner/work/ozone/ozone/hadoop-ozone/integration-test/target/test-dir/MiniOzoneClusterImpl-74c68852-2f98-4be9-abeb-2ef7722882f6/datanode-0/data/ratis] (custom)
2022-10-18 04:03:53,508 [Listener at 127.0.0.1/33627] INFO  server.XceiverServerGrpc (XceiverServerGrpc.java:<init>(132)) - GrpcServer channel type EpollServerSocketChannel
2022-10-18 04:03:53,583 [Listener at 127.0.0.1/33627] INFO  http.BaseHttpServer (BaseHttpServer.java:newHttpServer2BuilderForOzone(213)) - Starting Web-server for hddsDatanode at: http://0.0.0.0:0
2022-10-18 04:03:53,583 [Listener at 127.0.0.1/33627] INFO  http.BaseHttpServer (BaseHttpServer.java:<init>(108)) - Hadoop Security Enabled: false Ozone Security Enabled: false Ozone HTTP Security Enabled: false 
2022-10-18 04:03:53,588 [Listener at 127.0.0.1/33627] WARN  server.AuthenticationFilter (AuthenticationFilter.java:constructSecretProvider(240)) - Unable to initialize FileSignerSecretProvider, falling back to use random secrets. Reason: Could not read signature secret file: /home/runner/hadoop-http-auth-signature-secret
2022-10-18 04:03:53,594 [Listener at 127.0.0.1/33627] WARN  http.HttpRequestLog (HttpRequestLog.java:getRequestLog(103)) - Jetty request log can only be enabled using Log4j
2022-10-18 04:03:53,596 [Listener at 127.0.0.1/33627] INFO  http.HttpServer2 (HttpServer2.java:addGlobalFilter(1031)) - Added global filter 'safety' (class=org.apache.hadoop.hdds.server.http.HttpServer2$QuotingInputFilter)
2022-10-18 04:03:53,597 [Listener at 127.0.0.1/33627] INFO  http.HttpServer2 (HttpServer2.java:addFilter(1007)) - Added filter static_user_filter (class=org.apache.hadoop.http.lib.StaticUserWebFilter$StaticUserFilter) to context hddsDatanode
2022-10-18 04:03:53,597 [Listener at 127.0.0.1/33627] INFO  http.HttpServer2 (HttpServer2.java:addFilter(1015)) - Added filter static_user_filter (class=org.apache.hadoop.http.lib.StaticUserWebFilter$StaticUserFilter) to context static
2022-10-18 04:03:53,597 [Listener at 127.0.0.1/33627] INFO  http.HttpServer2 (HttpServer2.java:addFilter(1015)) - Added filter static_user_filter (class=org.apache.hadoop.http.lib.StaticUserWebFilter$StaticUserFilter) to context logs
2022-10-18 04:03:53,601 [Listener at 127.0.0.1/33627] INFO  http.HttpServer2 (HttpServer2.java:bindListener(1250)) - Jetty bound to port 41039
2022-10-18 04:03:53,601 [Listener at 127.0.0.1/33627] INFO  server.Server (Server.java:doStart(375)) - jetty-9.4.43.v20210629; built: 2021-06-30T11:07:22.254Z; git: 526006ecfa3af7f1a27ef3a288e2bef7ea9dd7e8; jvm 1.8.0_345-b01
2022-10-18 04:03:53,603 [Listener at 127.0.0.1/33627] INFO  server.session (DefaultSessionIdManager.java:doStart(334)) - DefaultSessionIdManager workerName=node0
2022-10-18 04:03:53,604 [Listener at 127.0.0.1/33627] INFO  server.session (DefaultSessionIdManager.java:doStart(339)) - No SessionScavenger set, using defaults
2022-10-18 04:03:53,604 [Listener at 127.0.0.1/33627] INFO  server.session (HouseKeeper.java:startScavenging(132)) - node0 Scavenging every 660000ms
2022-10-18 04:03:53,605 [Listener at 127.0.0.1/33627] INFO  handler.ContextHandler (ContextHandler.java:doStart(915)) - Started o.e.j.s.ServletContextHandler@24512b66{logs,/logs,file:///home/runner/work/ozone/ozone/hadoop-ozone/integration-test/target/log,AVAILABLE}
2022-10-18 04:03:53,606 [Listener at 127.0.0.1/33627] INFO  handler.ContextHandler (ContextHandler.java:doStart(915)) - Started o.e.j.s.ServletContextHandler@16a7b925{static,/static,jar:file:/home/runner/.m2/repository/org/apache/ozone/hdds-container-service/1.3.0-SNAPSHOT/hdds-container-service-1.3.0-SNAPSHOT.jar!/webapps/static,AVAILABLE}
2022-10-18 04:03:53,814 [om1@group-C5BA1605619E-FollowerState] INFO  impl.FollowerState (FollowerState.java:run(143)) - om1@group-C5BA1605619E-FollowerState: change to CANDIDATE, lastRpcElapsedTime:1133438854ns, electionTimeout:1127ms
2022-10-18 04:03:53,815 [om1@group-C5BA1605619E-FollowerState] INFO  impl.RoleInfo (RoleInfo.java:shutdownFollowerState(110)) - om1: shutdown om1@group-C5BA1605619E-FollowerState
2022-10-18 04:03:53,816 [om1@group-C5BA1605619E-FollowerState] INFO  server.RaftServer$Division (RaftServerImpl.java:setRole(299)) - om1@group-C5BA1605619E: changes role from  FOLLOWER to CANDIDATE at term 0 for changeToCandidate
2022-10-18 04:03:53,819 [om1@group-C5BA1605619E-FollowerState] INFO  server.RaftServerConfigKeys (ConfUtils.java:logGet(46)) - raft.server.leaderelection.pre-vote = false (custom)
2022-10-18 04:03:53,819 [om1@group-C5BA1605619E-FollowerState] INFO  impl.RoleInfo (RoleInfo.java:updateAndGet(139)) - om1: start om1@group-C5BA1605619E-LeaderElection1
2022-10-18 04:03:53,836 [om1@group-C5BA1605619E-LeaderElection1] INFO  impl.LeaderElection (LeaderElection.java:askForVotes(310)) - om1@group-C5BA1605619E-LeaderElection1 ELECTION round 0: submit vote requests at term 1 for -1: [om1|rpc:localhost:9872|priority:0], old=null
2022-10-18 04:03:53,837 [om1@group-C5BA1605619E-LeaderElection1] INFO  impl.LeaderElection (LeaderElection.java:askForVotes(312)) - om1@group-C5BA1605619E-LeaderElection1 ELECTION round 0: result PASSED (term=1)
2022-10-18 04:03:53,838 [om1@group-C5BA1605619E-LeaderElection1] INFO  impl.RoleInfo (RoleInfo.java:shutdownLeaderElection(130)) - om1: shutdown om1@group-C5BA1605619E-LeaderElection1
2022-10-18 04:03:53,838 [om1@group-C5BA1605619E-LeaderElection1] INFO  server.RaftServer$Division (RaftServerImpl.java:setRole(299)) - om1@group-C5BA1605619E: changes role from CANDIDATE to LEADER at term 1 for changeToLeader
2022-10-18 04:03:53,838 [om1@group-C5BA1605619E-LeaderElection1] INFO  server.RaftServer$Division (ServerState.java:setLeader(287)) - om1@group-C5BA1605619E: change Leader from null to om1 at term 1 for becomeLeader, leader elected after 2148ms
2022-10-18 04:03:53,847 [Listener at 127.0.0.1/33627] INFO  handler.ContextHandler (ContextHandler.java:doStart(915)) - Started o.e.j.w.WebAppContext@1c290b82{hddsDatanode,/,file:///tmp/jetty-0_0_0_0-41039-hdds-container-service-1_3_0-SNAPSHOT_jar-_-any-2838284800052272328/webapp/,AVAILABLE}{jar:file:/home/runner/.m2/repository/org/apache/ozone/hdds-container-service/1.3.0-SNAPSHOT/hdds-container-service-1.3.0-SNAPSHOT.jar!/webapps/hddsDatanode}
2022-10-18 04:03:53,849 [Listener at 127.0.0.1/33627] INFO  server.AbstractConnector (AbstractConnector.java:doStart(331)) - Started ServerConnector@3035ded6{HTTP/1.1, (http/1.1)}{0.0.0.0:41039}
2022-10-18 04:03:53,849 [Listener at 127.0.0.1/33627] INFO  server.Server (Server.java:doStart(415)) - Started @9124ms
2022-10-18 04:03:53,849 [Listener at 127.0.0.1/33627] WARN  impl.MetricsSystemImpl (MetricsSystemImpl.java:register(279)) - Sink prometheus already exists!
2022-10-18 04:03:53,851 [om1@group-C5BA1605619E-LeaderElection1] INFO  server.RaftServerConfigKeys (ConfUtils.java:logGet(46)) - raft.server.staging.catchup.gap = 1000 (default)
2022-10-18 04:03:53,856 [Listener at 127.0.0.1/33627] INFO  http.BaseHttpServer (BaseHttpServer.java:updateConnectorAddress(333)) - HTTP server of hddsDatanode listening at http://0.0.0.0:41039
2022-10-18 04:03:53,856 [om1@group-C5BA1605619E-LeaderElection1] INFO  server.RaftServerConfigKeys (ConfUtils.java:logGet(46)) - raft.server.write.element-limit = 4096 (default)
2022-10-18 04:03:53,857 [om1@group-C5BA1605619E-LeaderElection1] INFO  server.RaftServerConfigKeys (ConfUtils.java:logGet(46)) - raft.server.write.byte-limit = 64MB (=67108864) (default)
2022-10-18 04:03:53,862 [Listener at 127.0.0.1/33627] WARN  impl.MetricRegistriesImpl (MetricRegistriesImpl.java:addReporterRegistration(111)) - New reporters are added after registries were created. Some metrics will be missing from the reporter. Please add reporter before adding any new registry.
2022-10-18 04:03:53,862 [Listener at 127.0.0.1/33627] WARN  impl.MetricRegistriesImpl (MetricRegistriesImpl.java:addReporterRegistration(111)) - New reporters are added after registries were created. Some metrics will be missing from the reporter. Please add reporter before adding any new registry.
2022-10-18 04:03:53,863 [Listener at 127.0.0.1/33627] INFO  impl.MetricsSystemImpl (MetricsSystemImpl.java:init(158)) - HddsDatanode metrics system started (again)
2022-10-18 04:03:53,864 [om1@group-C5BA1605619E-LeaderElection1] INFO  server.RaftServerConfigKeys (ConfUtils.java:logGet(46)) - raft.server.watch.timeout = 10s (default)
2022-10-18 04:03:53,865 [om1@group-C5BA1605619E-LeaderElection1] INFO  server.RaftServerConfigKeys (ConfUtils.java:logGet(46)) - raft.server.watch.timeout.denomination = 1s (default)
2022-10-18 04:03:53,865 [om1@group-C5BA1605619E-LeaderElection1] INFO  server.RaftServerConfigKeys (ConfUtils.java:logGet(46)) - raft.server.watch.element-limit = 65536 (default)
2022-10-18 04:03:53,871 [om1@group-C5BA1605619E-LeaderElection1] INFO  server.RaftServerConfigKeys (ConfUtils.java:logGet(46)) - raft.server.write.element-limit = 4096 (default)
2022-10-18 04:03:53,875 [om1@group-C5BA1605619E-LeaderElection1] INFO  server.RaftServerConfigKeys (ConfUtils.java:logGet(46)) - raft.server.write.follower.gap.ratio.max = -1.0 (default)
2022-10-18 04:03:53,877 [om1@group-C5BA1605619E-LeaderElection1] INFO  impl.RoleInfo (RoleInfo.java:updateAndGet(139)) - om1: start om1@group-C5BA1605619E-LeaderStateImpl
2022-10-18 04:03:53,863 [Datanode State Machine Daemon Thread] INFO  statemachine.DatanodeStateMachine (DatanodeStateMachine.java:lambda$startDaemon$0(492)) - Ozone container server started.
2022-10-18 04:03:53,885 [Listener at 127.0.0.1/33627] INFO  ozone.HddsDatanodeService (HddsDatanodeService.java:start(236)) - HddsDatanodeService host:fv-az573-760.uspngagyt4suddso0aj1djjezg.dx.internal.cloudapp.net ip:10.1.0.75
2022-10-18 04:03:53,913 [org.apache.hadoop.util.JvmPauseMonitor$Monitor@4c831b23] INFO  util.JvmPauseMonitor (JvmPauseMonitor.java:run(188)) - Starting JVM pause monitor
2022-10-18 04:03:53,927 [Listener at 127.0.0.1/33627] INFO  upgrade.AbstractLayoutVersionManager (AbstractLayoutVersionManager.java:init(83)) - Initializing Layout version manager with metadata layout = DATANODE_SCHEMA_V3 (version = 4), software layout = DATANODE_SCHEMA_V3 (version = 4)
2022-10-18 04:03:53,977 [om1@group-C5BA1605619E-LeaderElection1] INFO  segmented.SegmentedRaftLogWorker (SegmentedRaftLogWorker.java:startLogSegment(425)) - om1@group-C5BA1605619E-SegmentedRaftLogWorker: Starting segment from index:0
2022-10-18 04:03:54,075 [Datanode State Machine Task Thread - 0] INFO  datanode.InitDatanodeState (InitDatanodeState.java:persistContainerDatanodeDetails(138)) - DatanodeDetails is persisted to /home/runner/work/ozone/ozone/hadoop-ozone/integration-test/target/test-dir/MiniOzoneClusterImpl-74c68852-2f98-4be9-abeb-2ef7722882f6/datanode-0/meta/datanode.id
2022-10-18 04:03:54,080 [om1@group-C5BA1605619E-LeaderElection1] INFO  server.RaftServer$Division (ServerState.java:setRaftConf(393)) - om1@group-C5BA1605619E: set configuration 0: [om1|rpc:localhost:9872|admin:|client:|dataStream:|priority:0], old=null
2022-10-18 04:03:54,093 [Listener at 127.0.0.1/33627] INFO  reflections.Reflections (Reflections.java:scan(232)) - Reflections took 165 ms to scan 7 urls, producing 137 keys and 328 values 
2022-10-18 04:03:54,103 [Listener at 127.0.0.1/33627] INFO  statemachine.DatanodeStateMachine (DatanodeStateMachine.java:getEndPointTaskThreadPoolSize(237)) - Datanode State Machine Task Thread Pool size 2
2022-10-18 04:03:54,115 [Listener at 127.0.0.1/33627] INFO  volume.HddsVolume (HddsVolume.java:<init>(117)) - Creating HddsVolume: /home/runner/work/ozone/ozone/hadoop-ozone/integration-test/target/test-dir/MiniOzoneClusterImpl-74c68852-2f98-4be9-abeb-2ef7722882f6/datanode-1/data-0/containers/hdds of storage type : DISK capacity : 9223372036854775807
2022-10-18 04:03:54,116 [Listener at 127.0.0.1/33627] INFO  volume.MutableVolumeSet (MutableVolumeSet.java:initializeVolumeSet(174)) - Added Volume : /home/runner/work/ozone/ozone/hadoop-ozone/integration-test/target/test-dir/MiniOzoneClusterImpl-74c68852-2f98-4be9-abeb-2ef7722882f6/datanode-1/data-0/containers/hdds to VolumeSet
2022-10-18 04:03:54,116 [Listener at 127.0.0.1/33627] INFO  volume.ThrottledAsyncChecker (ThrottledAsyncChecker.java:schedule(141)) - Scheduling a check for /home/runner/work/ozone/ozone/hadoop-ozone/integration-test/target/test-dir/MiniOzoneClusterImpl-74c68852-2f98-4be9-abeb-2ef7722882f6/datanode-1/data-0/containers/hdds
2022-10-18 04:03:54,138 [Listener at 127.0.0.1/33627] INFO  volume.StorageVolumeChecker (StorageVolumeChecker.java:checkAllVolumes(202)) - Scheduled health check for volume /home/runner/work/ozone/ozone/hadoop-ozone/integration-test/target/test-dir/MiniOzoneClusterImpl-74c68852-2f98-4be9-abeb-2ef7722882f6/datanode-1/data-0/containers/hdds
2022-10-18 04:03:54,151 [Listener at 127.0.0.1/33627] INFO  volume.MutableVolumeSet (MutableVolumeSet.java:initializeVolumeSet(174)) - Added Volume : /home/runner/work/ozone/ozone/hadoop-ozone/integration-test/target/test-dir/MiniOzoneClusterImpl-74c68852-2f98-4be9-abeb-2ef7722882f6/datanode-1/data/ratis to VolumeSet
2022-10-18 04:03:54,151 [Listener at 127.0.0.1/33627] INFO  volume.ThrottledAsyncChecker (ThrottledAsyncChecker.java:schedule(141)) - Scheduling a check for /home/runner/work/ozone/ozone/hadoop-ozone/integration-test/target/test-dir/MiniOzoneClusterImpl-74c68852-2f98-4be9-abeb-2ef7722882f6/datanode-1/data/ratis
2022-10-18 04:03:54,152 [Listener at 127.0.0.1/33627] INFO  volume.StorageVolumeChecker (StorageVolumeChecker.java:checkAllVolumes(202)) - Scheduled health check for volume /home/runner/work/ozone/ozone/hadoop-ozone/integration-test/target/test-dir/MiniOzoneClusterImpl-74c68852-2f98-4be9-abeb-2ef7722882f6/datanode-1/data/ratis
2022-10-18 04:03:54,172 [Thread-151] INFO  ozoneimpl.ContainerReader (ContainerReader.java:readVolume(175)) - Finish verifying containers on volume /home/runner/work/ozone/ozone/hadoop-ozone/integration-test/target/test-dir/MiniOzoneClusterImpl-74c68852-2f98-4be9-abeb-2ef7722882f6/datanode-1/data-0/containers/hdds
2022-10-18 04:03:54,174 [Listener at 127.0.0.1/33627] INFO  ozoneimpl.OzoneContainer (OzoneContainer.java:buildContainerSet(300)) - Build ContainerSet costs 0s
2022-10-18 04:03:54,179 [Listener at 127.0.0.1/33627] INFO  server.RaftServer (ConfUtils.java:logGet(46)) - raft.rpc.type = GRPC (default)
2022-10-18 04:03:54,180 [Listener at 127.0.0.1/33627] INFO  grpc.GrpcFactory (GrpcFactory.java:checkPooledByteBufAllocatorUseCacheForAllThreads(48)) - PERFORMANCE WARNING: useCacheForAllThreads is true that may cause Netty to create a lot garbage objects and, as a result, trigger GC.
	It is recommended to disable useCacheForAllThreads by setting -Dorg.apache.ratis.thirdparty.io.netty.allocator.useCacheForAllThreads=false in command line.
2022-10-18 04:03:54,180 [Listener at 127.0.0.1/33627] INFO  grpc.GrpcConfigKeys (ConfUtils.java:logGet(46)) - raft.grpc.admin.port = 0 (custom)
2022-10-18 04:03:54,180 [Listener at 127.0.0.1/33627] INFO  grpc.GrpcConfigKeys (ConfUtils.java:logGet(46)) - raft.grpc.client.port = 0 (custom)
2022-10-18 04:03:54,180 [Listener at 127.0.0.1/33627] INFO  grpc.GrpcConfigKeys (ConfUtils.java:logGet(46)) - raft.grpc.server.port = 0 (default)
2022-10-18 04:03:54,180 [Listener at 127.0.0.1/33627] INFO  server.GrpcService (ConfUtils.java:logGet(46)) - raft.grpc.message.size.max = 32MB (=33554432) (custom)
2022-10-18 04:03:54,180 [Listener at 127.0.0.1/33627] INFO  server.RaftServerConfigKeys (ConfUtils.java:logGet(46)) - raft.server.log.appender.buffer.byte-limit = 33554432 (custom)
2022-10-18 04:03:54,181 [Listener at 127.0.0.1/33627] INFO  server.GrpcService (ConfUtils.java:logGet(46)) - raft.grpc.flow.control.window = 5MB (=5242880) (custom)
2022-10-18 04:03:54,181 [Listener at 127.0.0.1/33627] INFO  server.RaftServerConfigKeys (ConfUtils.java:logGet(46)) - raft.server.rpc.request.timeout = 60s (custom)
2022-10-18 04:03:54,181 [Listener at 127.0.0.1/33627] INFO  grpc.GrpcConfigKeys (ConfUtils.java:logGet(46)) - raft.grpc.server.async.request.thread.pool.cached = true (default)
2022-10-18 04:03:54,181 [Listener at 127.0.0.1/33627] INFO  grpc.GrpcConfigKeys (ConfUtils.java:logGet(46)) - raft.grpc.server.async.request.thread.pool.size = 32 (default)
2022-10-18 04:03:54,187 [Listener at 127.0.0.1/33627] INFO  impl.DataStreamServerImpl (ConfUtils.java:logGet(46)) - raft.datastream.type = DISABLED (default)
2022-10-18 04:03:54,187 [Listener at 127.0.0.1/33627] INFO  server.RaftServerConfigKeys (ConfUtils.java:logGet(46)) - raft.server.threadpool.proxy.cached = true (default)
2022-10-18 04:03:54,187 [Listener at 127.0.0.1/33627] INFO  server.RaftServerConfigKeys (ConfUtils.java:logGet(46)) - raft.server.threadpool.proxy.size = 0 (default)
2022-10-18 04:03:54,187 [Listener at 127.0.0.1/33627] INFO  server.RaftServerConfigKeys (ConfUtils.java:logGet(46)) - raft.server.rpc.slowness.timeout = 300s (custom)
2022-10-18 04:03:54,187 [Listener at 127.0.0.1/33627] INFO  server.RaftServerConfigKeys (ConfUtils.java:logGet(46)) - raft.server.leaderelection.leader.step-down.wait-time = 10s (default)
2022-10-18 04:03:54,188 [Listener at 127.0.0.1/33627] INFO  server.RaftServerConfigKeys (ConfUtils.java:logGet(46)) - raft.server.storage.dir = [/home/runner/work/ozone/ozone/hadoop-ozone/integration-test/target/test-dir/MiniOzoneClusterImpl-74c68852-2f98-4be9-abeb-2ef7722882f6/datanode-1/data/ratis] (custom)
2022-10-18 04:03:54,197 [Listener at 127.0.0.1/33627] INFO  server.XceiverServerGrpc (XceiverServerGrpc.java:<init>(132)) - GrpcServer channel type EpollServerSocketChannel
2022-10-18 04:03:54,201 [Listener at 127.0.0.1/33627] INFO  http.BaseHttpServer (BaseHttpServer.java:newHttpServer2BuilderForOzone(213)) - Starting Web-server for hddsDatanode at: http://0.0.0.0:0
2022-10-18 04:03:54,201 [Listener at 127.0.0.1/33627] INFO  http.BaseHttpServer (BaseHttpServer.java:<init>(108)) - Hadoop Security Enabled: false Ozone Security Enabled: false Ozone HTTP Security Enabled: false 
2022-10-18 04:03:54,203 [Listener at 127.0.0.1/33627] WARN  server.AuthenticationFilter (AuthenticationFilter.java:constructSecretProvider(240)) - Unable to initialize FileSignerSecretProvider, falling back to use random secrets. Reason: Could not read signature secret file: /home/runner/hadoop-http-auth-signature-secret
2022-10-18 04:03:54,206 [Listener at 127.0.0.1/33627] WARN  http.HttpRequestLog (HttpRequestLog.java:getRequestLog(103)) - Jetty request log can only be enabled using Log4j
2022-10-18 04:03:54,207 [om1@group-C5BA1605619E-SegmentedRaftLogWorker] INFO  segmented.SegmentedRaftLogWorker (SegmentedRaftLogWorker.java:execute(629)) - om1@group-C5BA1605619E-SegmentedRaftLogWorker: created new log segment /home/runner/work/ozone/ozone/hadoop-ozone/integration-test/target/test-dir/MiniOzoneClusterImpl-74c68852-2f98-4be9-abeb-2ef7722882f6/ozone-meta/ratis/bf265839-605b-3f16-9796-c5ba1605619e/current/log_inprogress_0
2022-10-18 04:03:54,208 [Listener at 127.0.0.1/33627] INFO  http.HttpServer2 (HttpServer2.java:addGlobalFilter(1031)) - Added global filter 'safety' (class=org.apache.hadoop.hdds.server.http.HttpServer2$QuotingInputFilter)
2022-10-18 04:03:54,208 [Listener at 127.0.0.1/33627] INFO  http.HttpServer2 (HttpServer2.java:addFilter(1007)) - Added filter static_user_filter (class=org.apache.hadoop.http.lib.StaticUserWebFilter$StaticUserFilter) to context hddsDatanode
2022-10-18 04:03:54,209 [Listener at 127.0.0.1/33627] INFO  http.HttpServer2 (HttpServer2.java:addFilter(1015)) - Added filter static_user_filter (class=org.apache.hadoop.http.lib.StaticUserWebFilter$StaticUserFilter) to context logs
2022-10-18 04:03:54,209 [Listener at 127.0.0.1/33627] INFO  http.HttpServer2 (HttpServer2.java:addFilter(1015)) - Added filter static_user_filter (class=org.apache.hadoop.http.lib.StaticUserWebFilter$StaticUserFilter) to context static
2022-10-18 04:03:54,209 [Listener at 127.0.0.1/33627] INFO  http.HttpServer2 (HttpServer2.java:bindListener(1250)) - Jetty bound to port 43083
2022-10-18 04:03:54,210 [Listener at 127.0.0.1/33627] INFO  server.Server (Server.java:doStart(375)) - jetty-9.4.43.v20210629; built: 2021-06-30T11:07:22.254Z; git: 526006ecfa3af7f1a27ef3a288e2bef7ea9dd7e8; jvm 1.8.0_345-b01
2022-10-18 04:03:54,215 [Listener at 127.0.0.1/33627] INFO  server.session (DefaultSessionIdManager.java:doStart(334)) - DefaultSessionIdManager workerName=node0
2022-10-18 04:03:54,215 [Listener at 127.0.0.1/33627] INFO  server.session (DefaultSessionIdManager.java:doStart(339)) - No SessionScavenger set, using defaults
2022-10-18 04:03:54,215 [Listener at 127.0.0.1/33627] INFO  server.session (HouseKeeper.java:startScavenging(132)) - node0 Scavenging every 600000ms
2022-10-18 04:03:54,216 [Listener at 127.0.0.1/33627] INFO  handler.ContextHandler (ContextHandler.java:doStart(915)) - Started o.e.j.s.ServletContextHandler@259af81b{logs,/logs,file:///home/runner/work/ozone/ozone/hadoop-ozone/integration-test/target/log,AVAILABLE}
2022-10-18 04:03:54,217 [Listener at 127.0.0.1/33627] INFO  handler.ContextHandler (ContextHandler.java:doStart(915)) - Started o.e.j.s.ServletContextHandler@7f5c74db{static,/static,jar:file:/home/runner/.m2/repository/org/apache/ozone/hdds-container-service/1.3.0-SNAPSHOT/hdds-container-service-1.3.0-SNAPSHOT.jar!/webapps/static,AVAILABLE}
2022-10-18 04:03:54,404 [om1@group-C5BA1605619E-StateMachineUpdater] INFO  ratis.OzoneManagerStateMachine (OzoneManagerStateMachine.java:notifyConfigurationChanged(192)) - Received Configuration change notification from Ratis. New Peer list:
[id: "om1"
address: "localhost:9872"
]
2022-10-18 04:03:54,469 [Listener at 127.0.0.1/33627] INFO  handler.ContextHandler (ContextHandler.java:doStart(915)) - Started o.e.j.w.WebAppContext@51b9ee5e{hddsDatanode,/,file:///tmp/jetty-0_0_0_0-43083-hdds-container-service-1_3_0-SNAPSHOT_jar-_-any-2384556992225380845/webapp/,AVAILABLE}{jar:file:/home/runner/.m2/repository/org/apache/ozone/hdds-container-service/1.3.0-SNAPSHOT/hdds-container-service-1.3.0-SNAPSHOT.jar!/webapps/hddsDatanode}
2022-10-18 04:03:54,474 [Listener at 127.0.0.1/33627] INFO  server.AbstractConnector (AbstractConnector.java:doStart(331)) - Started ServerConnector@57b2e99{HTTP/1.1, (http/1.1)}{0.0.0.0:43083}
2022-10-18 04:03:54,478 [Listener at 127.0.0.1/33627] INFO  server.Server (Server.java:doStart(415)) - Started @9749ms
2022-10-18 04:03:54,479 [Listener at 127.0.0.1/33627] WARN  impl.MetricsSystemImpl (MetricsSystemImpl.java:register(279)) - Sink prometheus already exists!
2022-10-18 04:03:54,479 [Listener at 127.0.0.1/33627] INFO  http.BaseHttpServer (BaseHttpServer.java:updateConnectorAddress(333)) - HTTP server of hddsDatanode listening at http://0.0.0.0:43083
2022-10-18 04:03:54,480 [Listener at 127.0.0.1/33627] WARN  impl.MetricRegistriesImpl (MetricRegistriesImpl.java:addReporterRegistration(111)) - New reporters are added after registries were created. Some metrics will be missing from the reporter. Please add reporter before adding any new registry.
2022-10-18 04:03:54,480 [Listener at 127.0.0.1/33627] WARN  impl.MetricRegistriesImpl (MetricRegistriesImpl.java:addReporterRegistration(111)) - New reporters are added after registries were created. Some metrics will be missing from the reporter. Please add reporter before adding any new registry.
2022-10-18 04:03:54,480 [Listener at 127.0.0.1/33627] INFO  impl.MetricsSystemImpl (MetricsSystemImpl.java:init(158)) - HddsDatanode metrics system started (again)
2022-10-18 04:03:54,487 [Datanode State Machine Daemon Thread] INFO  statemachine.DatanodeStateMachine (DatanodeStateMachine.java:lambda$startDaemon$0(492)) - Ozone container server started.
2022-10-18 04:03:54,498 [Listener at 127.0.0.1/33627] INFO  ozone.HddsDatanodeService (HddsDatanodeService.java:start(236)) - HddsDatanodeService host:fv-az573-760.uspngagyt4suddso0aj1djjezg.dx.internal.cloudapp.net ip:10.1.0.75
2022-10-18 04:03:54,513 [org.apache.hadoop.util.JvmPauseMonitor$Monitor@46239c60] INFO  util.JvmPauseMonitor (JvmPauseMonitor.java:run(188)) - Starting JVM pause monitor
2022-10-18 04:03:54,529 [Datanode State Machine Task Thread - 0] INFO  datanode.InitDatanodeState (InitDatanodeState.java:persistContainerDatanodeDetails(138)) - DatanodeDetails is persisted to /home/runner/work/ozone/ozone/hadoop-ozone/integration-test/target/test-dir/MiniOzoneClusterImpl-74c68852-2f98-4be9-abeb-2ef7722882f6/datanode-1/meta/datanode.id
2022-10-18 04:03:54,535 [Listener at 127.0.0.1/33627] INFO  upgrade.AbstractLayoutVersionManager (AbstractLayoutVersionManager.java:init(83)) - Initializing Layout version manager with metadata layout = DATANODE_SCHEMA_V3 (version = 4), software layout = DATANODE_SCHEMA_V3 (version = 4)
2022-10-18 04:03:54,587 [Listener at 127.0.0.1/33627] INFO  reflections.Reflections (Reflections.java:scan(232)) - Reflections took 50 ms to scan 7 urls, producing 137 keys and 328 values 
2022-10-18 04:03:54,589 [Listener at 127.0.0.1/33627] INFO  statemachine.DatanodeStateMachine (DatanodeStateMachine.java:getEndPointTaskThreadPoolSize(237)) - Datanode State Machine Task Thread Pool size 2
2022-10-18 04:03:54,591 [Listener at 127.0.0.1/33627] INFO  volume.HddsVolume (HddsVolume.java:<init>(117)) - Creating HddsVolume: /home/runner/work/ozone/ozone/hadoop-ozone/integration-test/target/test-dir/MiniOzoneClusterImpl-74c68852-2f98-4be9-abeb-2ef7722882f6/datanode-2/data-0/containers/hdds of storage type : DISK capacity : 9223372036854775807
2022-10-18 04:03:54,592 [Listener at 127.0.0.1/33627] INFO  volume.MutableVolumeSet (MutableVolumeSet.java:initializeVolumeSet(174)) - Added Volume : /home/runner/work/ozone/ozone/hadoop-ozone/integration-test/target/test-dir/MiniOzoneClusterImpl-74c68852-2f98-4be9-abeb-2ef7722882f6/datanode-2/data-0/containers/hdds to VolumeSet
2022-10-18 04:03:54,592 [Listener at 127.0.0.1/33627] INFO  volume.ThrottledAsyncChecker (ThrottledAsyncChecker.java:schedule(141)) - Scheduling a check for /home/runner/work/ozone/ozone/hadoop-ozone/integration-test/target/test-dir/MiniOzoneClusterImpl-74c68852-2f98-4be9-abeb-2ef7722882f6/datanode-2/data-0/containers/hdds
2022-10-18 04:03:54,593 [Listener at 127.0.0.1/33627] INFO  volume.StorageVolumeChecker (StorageVolumeChecker.java:checkAllVolumes(202)) - Scheduled health check for volume /home/runner/work/ozone/ozone/hadoop-ozone/integration-test/target/test-dir/MiniOzoneClusterImpl-74c68852-2f98-4be9-abeb-2ef7722882f6/datanode-2/data-0/containers/hdds
2022-10-18 04:03:54,605 [Listener at 127.0.0.1/33627] INFO  volume.MutableVolumeSet (MutableVolumeSet.java:initializeVolumeSet(174)) - Added Volume : /home/runner/work/ozone/ozone/hadoop-ozone/integration-test/target/test-dir/MiniOzoneClusterImpl-74c68852-2f98-4be9-abeb-2ef7722882f6/datanode-2/data/ratis to VolumeSet
2022-10-18 04:03:54,605 [Listener at 127.0.0.1/33627] INFO  volume.ThrottledAsyncChecker (ThrottledAsyncChecker.java:schedule(141)) - Scheduling a check for /home/runner/work/ozone/ozone/hadoop-ozone/integration-test/target/test-dir/MiniOzoneClusterImpl-74c68852-2f98-4be9-abeb-2ef7722882f6/datanode-2/data/ratis
2022-10-18 04:03:54,606 [Listener at 127.0.0.1/33627] INFO  volume.StorageVolumeChecker (StorageVolumeChecker.java:checkAllVolumes(202)) - Scheduled health check for volume /home/runner/work/ozone/ozone/hadoop-ozone/integration-test/target/test-dir/MiniOzoneClusterImpl-74c68852-2f98-4be9-abeb-2ef7722882f6/datanode-2/data/ratis
2022-10-18 04:03:54,618 [Thread-164] INFO  ozoneimpl.ContainerReader (ContainerReader.java:readVolume(175)) - Finish verifying containers on volume /home/runner/work/ozone/ozone/hadoop-ozone/integration-test/target/test-dir/MiniOzoneClusterImpl-74c68852-2f98-4be9-abeb-2ef7722882f6/datanode-2/data-0/containers/hdds
2022-10-18 04:03:54,618 [Listener at 127.0.0.1/33627] INFO  ozoneimpl.OzoneContainer (OzoneContainer.java:buildContainerSet(300)) - Build ContainerSet costs 0s
2022-10-18 04:03:54,621 [Listener at 127.0.0.1/33627] INFO  server.RaftServer (ConfUtils.java:logGet(46)) - raft.rpc.type = GRPC (default)
2022-10-18 04:03:54,621 [Listener at 127.0.0.1/33627] INFO  grpc.GrpcFactory (GrpcFactory.java:checkPooledByteBufAllocatorUseCacheForAllThreads(48)) - PERFORMANCE WARNING: useCacheForAllThreads is true that may cause Netty to create a lot garbage objects and, as a result, trigger GC.
	It is recommended to disable useCacheForAllThreads by setting -Dorg.apache.ratis.thirdparty.io.netty.allocator.useCacheForAllThreads=false in command line.
2022-10-18 04:03:54,621 [Listener at 127.0.0.1/33627] INFO  grpc.GrpcConfigKeys (ConfUtils.java:logGet(46)) - raft.grpc.admin.port = 0 (custom)
2022-10-18 04:03:54,622 [Listener at 127.0.0.1/33627] INFO  grpc.GrpcConfigKeys (ConfUtils.java:logGet(46)) - raft.grpc.client.port = 0 (custom)
2022-10-18 04:03:54,622 [Listener at 127.0.0.1/33627] INFO  grpc.GrpcConfigKeys (ConfUtils.java:logGet(46)) - raft.grpc.server.port = 0 (default)
2022-10-18 04:03:54,622 [Listener at 127.0.0.1/33627] INFO  server.GrpcService (ConfUtils.java:logGet(46)) - raft.grpc.message.size.max = 32MB (=33554432) (custom)
2022-10-18 04:03:54,622 [Listener at 127.0.0.1/33627] INFO  server.RaftServerConfigKeys (ConfUtils.java:logGet(46)) - raft.server.log.appender.buffer.byte-limit = 33554432 (custom)
2022-10-18 04:03:54,622 [Listener at 127.0.0.1/33627] INFO  server.GrpcService (ConfUtils.java:logGet(46)) - raft.grpc.flow.control.window = 5MB (=5242880) (custom)
2022-10-18 04:03:54,623 [Listener at 127.0.0.1/33627] INFO  server.RaftServerConfigKeys (ConfUtils.java:logGet(46)) - raft.server.rpc.request.timeout = 60s (custom)
2022-10-18 04:03:54,623 [Listener at 127.0.0.1/33627] INFO  grpc.GrpcConfigKeys (ConfUtils.java:logGet(46)) - raft.grpc.server.async.request.thread.pool.cached = true (default)
2022-10-18 04:03:54,623 [Listener at 127.0.0.1/33627] INFO  grpc.GrpcConfigKeys (ConfUtils.java:logGet(46)) - raft.grpc.server.async.request.thread.pool.size = 32 (default)
2022-10-18 04:03:54,624 [Listener at 127.0.0.1/33627] INFO  impl.DataStreamServerImpl (ConfUtils.java:logGet(46)) - raft.datastream.type = DISABLED (default)
2022-10-18 04:03:54,624 [Listener at 127.0.0.1/33627] INFO  server.RaftServerConfigKeys (ConfUtils.java:logGet(46)) - raft.server.threadpool.proxy.cached = true (default)
2022-10-18 04:03:54,624 [Listener at 127.0.0.1/33627] INFO  server.RaftServerConfigKeys (ConfUtils.java:logGet(46)) - raft.server.threadpool.proxy.size = 0 (default)
2022-10-18 04:03:54,625 [Listener at 127.0.0.1/33627] INFO  server.RaftServerConfigKeys (ConfUtils.java:logGet(46)) - raft.server.rpc.slowness.timeout = 300s (custom)
2022-10-18 04:03:54,625 [Listener at 127.0.0.1/33627] INFO  server.RaftServerConfigKeys (ConfUtils.java:logGet(46)) - raft.server.leaderelection.leader.step-down.wait-time = 10s (default)
2022-10-18 04:03:54,625 [Listener at 127.0.0.1/33627] INFO  server.RaftServerConfigKeys (ConfUtils.java:logGet(46)) - raft.server.storage.dir = [/home/runner/work/ozone/ozone/hadoop-ozone/integration-test/target/test-dir/MiniOzoneClusterImpl-74c68852-2f98-4be9-abeb-2ef7722882f6/datanode-2/data/ratis] (custom)
2022-10-18 04:03:54,629 [Listener at 127.0.0.1/33627] INFO  server.XceiverServerGrpc (XceiverServerGrpc.java:<init>(132)) - GrpcServer channel type EpollServerSocketChannel
2022-10-18 04:03:54,633 [Listener at 127.0.0.1/33627] INFO  http.BaseHttpServer (BaseHttpServer.java:newHttpServer2BuilderForOzone(213)) - Starting Web-server for hddsDatanode at: http://0.0.0.0:0
2022-10-18 04:03:54,633 [Listener at 127.0.0.1/33627] INFO  http.BaseHttpServer (BaseHttpServer.java:<init>(108)) - Hadoop Security Enabled: false Ozone Security Enabled: false Ozone HTTP Security Enabled: false 
2022-10-18 04:03:54,634 [Listener at 127.0.0.1/33627] WARN  server.AuthenticationFilter (AuthenticationFilter.java:constructSecretProvider(240)) - Unable to initialize FileSignerSecretProvider, falling back to use random secrets. Reason: Could not read signature secret file: /home/runner/hadoop-http-auth-signature-secret
2022-10-18 04:03:54,635 [Listener at 127.0.0.1/33627] WARN  http.HttpRequestLog (HttpRequestLog.java:getRequestLog(103)) - Jetty request log can only be enabled using Log4j
2022-10-18 04:03:54,637 [Listener at 127.0.0.1/33627] INFO  http.HttpServer2 (HttpServer2.java:addGlobalFilter(1031)) - Added global filter 'safety' (class=org.apache.hadoop.hdds.server.http.HttpServer2$QuotingInputFilter)
2022-10-18 04:03:54,638 [Listener at 127.0.0.1/33627] INFO  http.HttpServer2 (HttpServer2.java:addFilter(1007)) - Added filter static_user_filter (class=org.apache.hadoop.http.lib.StaticUserWebFilter$StaticUserFilter) to context hddsDatanode
2022-10-18 04:03:54,638 [Listener at 127.0.0.1/33627] INFO  http.HttpServer2 (HttpServer2.java:addFilter(1015)) - Added filter static_user_filter (class=org.apache.hadoop.http.lib.StaticUserWebFilter$StaticUserFilter) to context logs
2022-10-18 04:03:54,638 [Listener at 127.0.0.1/33627] INFO  http.HttpServer2 (HttpServer2.java:addFilter(1015)) - Added filter static_user_filter (class=org.apache.hadoop.http.lib.StaticUserWebFilter$StaticUserFilter) to context static
2022-10-18 04:03:54,638 [Listener at 127.0.0.1/33627] INFO  http.HttpServer2 (HttpServer2.java:bindListener(1250)) - Jetty bound to port 35009
2022-10-18 04:03:54,639 [Listener at 127.0.0.1/33627] INFO  server.Server (Server.java:doStart(375)) - jetty-9.4.43.v20210629; built: 2021-06-30T11:07:22.254Z; git: 526006ecfa3af7f1a27ef3a288e2bef7ea9dd7e8; jvm 1.8.0_345-b01
2022-10-18 04:03:54,641 [Listener at 127.0.0.1/33627] INFO  server.session (DefaultSessionIdManager.java:doStart(334)) - DefaultSessionIdManager workerName=node0
2022-10-18 04:03:54,641 [Listener at 127.0.0.1/33627] INFO  server.session (DefaultSessionIdManager.java:doStart(339)) - No SessionScavenger set, using defaults
2022-10-18 04:03:54,641 [Listener at 127.0.0.1/33627] INFO  server.session (HouseKeeper.java:startScavenging(132)) - node0 Scavenging every 600000ms
2022-10-18 04:03:54,642 [Listener at 127.0.0.1/33627] INFO  handler.ContextHandler (ContextHandler.java:doStart(915)) - Started o.e.j.s.ServletContextHandler@49a8773b{logs,/logs,file:///home/runner/work/ozone/ozone/hadoop-ozone/integration-test/target/log,AVAILABLE}
2022-10-18 04:03:54,642 [Listener at 127.0.0.1/33627] INFO  handler.ContextHandler (ContextHandler.java:doStart(915)) - Started o.e.j.s.ServletContextHandler@4d4b0c5e{static,/static,jar:file:/home/runner/.m2/repository/org/apache/ozone/hdds-container-service/1.3.0-SNAPSHOT/hdds-container-service-1.3.0-SNAPSHOT.jar!/webapps/static,AVAILABLE}
2022-10-18 04:03:54,833 [Listener at 127.0.0.1/33627] INFO  handler.ContextHandler (ContextHandler.java:doStart(915)) - Started o.e.j.w.WebAppContext@10481c77{hddsDatanode,/,file:///tmp/jetty-0_0_0_0-35009-hdds-container-service-1_3_0-SNAPSHOT_jar-_-any-7249355722240029549/webapp/,AVAILABLE}{jar:file:/home/runner/.m2/repository/org/apache/ozone/hdds-container-service/1.3.0-SNAPSHOT/hdds-container-service-1.3.0-SNAPSHOT.jar!/webapps/hddsDatanode}
2022-10-18 04:03:54,835 [Listener at 127.0.0.1/33627] INFO  server.AbstractConnector (AbstractConnector.java:doStart(331)) - Started ServerConnector@382e9e2a{HTTP/1.1, (http/1.1)}{0.0.0.0:35009}
2022-10-18 04:03:54,835 [Listener at 127.0.0.1/33627] INFO  server.Server (Server.java:doStart(415)) - Started @10110ms
2022-10-18 04:03:54,835 [Listener at 127.0.0.1/33627] WARN  impl.MetricsSystemImpl (MetricsSystemImpl.java:register(279)) - Sink prometheus already exists!
2022-10-18 04:03:54,836 [Listener at 127.0.0.1/33627] INFO  http.BaseHttpServer (BaseHttpServer.java:updateConnectorAddress(333)) - HTTP server of hddsDatanode listening at http://0.0.0.0:35009
2022-10-18 04:03:54,837 [Datanode State Machine Daemon Thread] INFO  statemachine.DatanodeStateMachine (DatanodeStateMachine.java:lambda$startDaemon$0(492)) - Ozone container server started.
2022-10-18 04:03:54,839 [Listener at 127.0.0.1/33627] INFO  ozone.MiniOzoneClusterImpl (MiniOzoneClusterImpl.java:lambda$waitForClusterToBeReady$0(216)) - Waiting for nodes to be ready. Got 0 of 3 DN Heartbeats.
2022-10-18 04:03:54,839 [Listener at 127.0.0.1/33627] INFO  ozone.MiniOzoneClusterImpl (MiniOzoneClusterImpl.java:lambda$waitForClusterToBeReady$0(219)) - Waiting for cluster to exit safe mode
2022-10-18 04:03:54,839 [Listener at 127.0.0.1/33627] INFO  ozone.MiniOzoneClusterImpl (MiniOzoneClusterImpl.java:lambda$waitForClusterToBeReady$0(221)) - SCM became leader
2022-10-18 04:03:54,857 [org.apache.hadoop.util.JvmPauseMonitor$Monitor@a21a759] INFO  util.JvmPauseMonitor (JvmPauseMonitor.java:run(188)) - Starting JVM pause monitor
2022-10-18 04:03:54,859 [Datanode State Machine Task Thread - 0] INFO  datanode.InitDatanodeState (InitDatanodeState.java:persistContainerDatanodeDetails(138)) - DatanodeDetails is persisted to /home/runner/work/ozone/ozone/hadoop-ozone/integration-test/target/test-dir/MiniOzoneClusterImpl-74c68852-2f98-4be9-abeb-2ef7722882f6/datanode-2/meta/datanode.id
2022-10-18 04:03:55,839 [Listener at 127.0.0.1/33627] INFO  ozone.MiniOzoneClusterImpl (MiniOzoneClusterImpl.java:lambda$waitForClusterToBeReady$0(216)) - Waiting for nodes to be ready. Got 0 of 3 DN Heartbeats.
2022-10-18 04:03:55,840 [Listener at 127.0.0.1/33627] INFO  ozone.MiniOzoneClusterImpl (MiniOzoneClusterImpl.java:lambda$waitForClusterToBeReady$0(219)) - Waiting for cluster to exit safe mode
2022-10-18 04:03:55,840 [Listener at 127.0.0.1/33627] INFO  ozone.MiniOzoneClusterImpl (MiniOzoneClusterImpl.java:lambda$waitForClusterToBeReady$0(221)) - SCM became leader
2022-10-18 04:03:56,042 [EndpointStateMachine task thread for /0.0.0.0:38245 - 0 ] INFO  volume.HddsVolume (HddsVolume.java:createDbStore(307)) - SchemaV3 db is created and loaded at /home/runner/work/ozone/ozone/hadoop-ozone/integration-test/target/test-dir/MiniOzoneClusterImpl-74c68852-2f98-4be9-abeb-2ef7722882f6/datanode-0/data-0/containers/hdds/74c68852-2f98-4be9-abeb-2ef7722882f6/DS-a337a96f-fbfa-4032-a0a9-6710bfce1e8f/container.db for volume DS-a337a96f-fbfa-4032-a0a9-6710bfce1e8f
2022-10-18 04:03:56,047 [EndpointStateMachine task thread for /0.0.0.0:38245 - 0 ] INFO  volume.HddsVolume (HddsVolume.java:closeDbStore(338)) - SchemaV3 db is stopped at /home/runner/work/ozone/ozone/hadoop-ozone/integration-test/target/test-dir/MiniOzoneClusterImpl-74c68852-2f98-4be9-abeb-2ef7722882f6/datanode-0/data-0/containers/hdds/74c68852-2f98-4be9-abeb-2ef7722882f6/DS-a337a96f-fbfa-4032-a0a9-6710bfce1e8f/container.db for volume DS-a337a96f-fbfa-4032-a0a9-6710bfce1e8f
2022-10-18 04:03:56,047 [EndpointStateMachine task thread for /0.0.0.0:38245 - 0 ] INFO  ozoneimpl.OzoneContainer (OzoneContainer.java:start(378)) - Attempting to start container services.
2022-10-18 04:03:56,049 [EndpointStateMachine task thread for /0.0.0.0:38245 - 0 ] INFO  ozoneimpl.OzoneContainer (OzoneContainer.java:startContainerScrub(313)) - Background container scanner has been disabled.
2022-10-18 04:03:56,051 [EndpointStateMachine task thread for /0.0.0.0:38245 - 0 ] INFO  replication.ReplicationServer (ReplicationServer.java:start(111)) - ReplicationServer is started using port 44305
2022-10-18 04:03:56,053 [EndpointStateMachine task thread for /0.0.0.0:38245 - 0 ] INFO  ratis.XceiverServerRatis (XceiverServerRatis.java:start(481)) - Starting XceiverServerRatis 0a6c5d56-45d5-439e-bc91-862df307e002
2022-10-18 04:03:56,058 [EndpointStateMachine task thread for /0.0.0.0:38245 - 0 ] INFO  server.RaftServer (RaftServerProxy.java:lambda$start$6(382)) - 0a6c5d56-45d5-439e-bc91-862df307e002: start RPC server
2022-10-18 04:03:56,060 [EndpointStateMachine task thread for /0.0.0.0:38245 - 0 ] INFO  server.GrpcService (GrpcService.java:startImpl(260)) - 0a6c5d56-45d5-439e-bc91-862df307e002: GrpcService started, listening on 42965
2022-10-18 04:03:56,062 [EndpointStateMachine task thread for /0.0.0.0:38245 - 0 ] INFO  ratis.XceiverServerRatis (XceiverServerRatis.java:getRealPort(502)) - XceiverServerRatis 0a6c5d56-45d5-439e-bc91-862df307e002 is started using port 42965 for RATIS
2022-10-18 04:03:56,062 [EndpointStateMachine task thread for /0.0.0.0:38245 - 0 ] INFO  ratis.XceiverServerRatis (XceiverServerRatis.java:getRealPort(502)) - XceiverServerRatis 0a6c5d56-45d5-439e-bc91-862df307e002 is started using port 42965 for RATIS_ADMIN
2022-10-18 04:03:56,062 [EndpointStateMachine task thread for /0.0.0.0:38245 - 0 ] INFO  ratis.XceiverServerRatis (XceiverServerRatis.java:getRealPort(502)) - XceiverServerRatis 0a6c5d56-45d5-439e-bc91-862df307e002 is started using port 42965 for RATIS_SERVER
2022-10-18 04:03:56,062 [org.apache.ratis.util.JvmPauseMonitor$$Lambda$622/362040910@504187f0] INFO  util.JvmPauseMonitor (JvmPauseMonitor.java:run(103)) - JvmPauseMonitor-0a6c5d56-45d5-439e-bc91-862df307e002: Started
2022-10-18 04:03:56,069 [EndpointStateMachine task thread for /0.0.0.0:38245 - 0 ] INFO  server.XceiverServerGrpc (XceiverServerGrpc.java:start(180)) - XceiverServerGrpc 0a6c5d56-45d5-439e-bc91-862df307e002 is started using port 37165
2022-10-18 04:03:56,557 [EndpointStateMachine task thread for /0.0.0.0:38245 - 0 ] INFO  volume.HddsVolume (HddsVolume.java:createDbStore(307)) - SchemaV3 db is created and loaded at /home/runner/work/ozone/ozone/hadoop-ozone/integration-test/target/test-dir/MiniOzoneClusterImpl-74c68852-2f98-4be9-abeb-2ef7722882f6/datanode-1/data-0/containers/hdds/74c68852-2f98-4be9-abeb-2ef7722882f6/DS-c12f8858-cf24-4070-a685-fb50bcd63b18/container.db for volume DS-c12f8858-cf24-4070-a685-fb50bcd63b18
2022-10-18 04:03:56,558 [EndpointStateMachine task thread for /0.0.0.0:38245 - 0 ] INFO  volume.HddsVolume (HddsVolume.java:closeDbStore(338)) - SchemaV3 db is stopped at /home/runner/work/ozone/ozone/hadoop-ozone/integration-test/target/test-dir/MiniOzoneClusterImpl-74c68852-2f98-4be9-abeb-2ef7722882f6/datanode-1/data-0/containers/hdds/74c68852-2f98-4be9-abeb-2ef7722882f6/DS-c12f8858-cf24-4070-a685-fb50bcd63b18/container.db for volume DS-c12f8858-cf24-4070-a685-fb50bcd63b18
2022-10-18 04:03:56,558 [EndpointStateMachine task thread for /0.0.0.0:38245 - 0 ] INFO  ozoneimpl.OzoneContainer (OzoneContainer.java:start(378)) - Attempting to start container services.
2022-10-18 04:03:56,564 [EndpointStateMachine task thread for /0.0.0.0:38245 - 0 ] INFO  ozoneimpl.OzoneContainer (OzoneContainer.java:startContainerScrub(313)) - Background container scanner has been disabled.
2022-10-18 04:03:56,566 [EndpointStateMachine task thread for /0.0.0.0:38245 - 0 ] INFO  replication.ReplicationServer (ReplicationServer.java:start(111)) - ReplicationServer is started using port 34381
2022-10-18 04:03:56,566 [EndpointStateMachine task thread for /0.0.0.0:38245 - 0 ] INFO  ratis.XceiverServerRatis (XceiverServerRatis.java:start(481)) - Starting XceiverServerRatis a32d4034-02f0-4e94-b594-2fac596c8df5
2022-10-18 04:03:56,568 [EndpointStateMachine task thread for /0.0.0.0:38245 - 0 ] INFO  server.RaftServer (RaftServerProxy.java:lambda$start$6(382)) - a32d4034-02f0-4e94-b594-2fac596c8df5: start RPC server
2022-10-18 04:03:56,569 [EndpointStateMachine task thread for /0.0.0.0:38245 - 0 ] INFO  server.GrpcService (GrpcService.java:startImpl(260)) - a32d4034-02f0-4e94-b594-2fac596c8df5: GrpcService started, listening on 35931
2022-10-18 04:03:56,569 [EndpointStateMachine task thread for /0.0.0.0:38245 - 0 ] INFO  ratis.XceiverServerRatis (XceiverServerRatis.java:getRealPort(502)) - XceiverServerRatis a32d4034-02f0-4e94-b594-2fac596c8df5 is started using port 35931 for RATIS
2022-10-18 04:03:56,570 [org.apache.ratis.util.JvmPauseMonitor$$Lambda$622/362040910@2ea5dc2f] INFO  util.JvmPauseMonitor (JvmPauseMonitor.java:run(103)) - JvmPauseMonitor-a32d4034-02f0-4e94-b594-2fac596c8df5: Started
2022-10-18 04:03:56,570 [EndpointStateMachine task thread for /0.0.0.0:38245 - 0 ] INFO  ratis.XceiverServerRatis (XceiverServerRatis.java:getRealPort(502)) - XceiverServerRatis a32d4034-02f0-4e94-b594-2fac596c8df5 is started using port 35931 for RATIS_ADMIN
2022-10-18 04:03:56,570 [EndpointStateMachine task thread for /0.0.0.0:38245 - 0 ] INFO  ratis.XceiverServerRatis (XceiverServerRatis.java:getRealPort(502)) - XceiverServerRatis a32d4034-02f0-4e94-b594-2fac596c8df5 is started using port 35931 for RATIS_SERVER
2022-10-18 04:03:56,571 [EndpointStateMachine task thread for /0.0.0.0:38245 - 0 ] INFO  server.XceiverServerGrpc (XceiverServerGrpc.java:start(180)) - XceiverServerGrpc a32d4034-02f0-4e94-b594-2fac596c8df5 is started using port 46297
2022-10-18 04:03:56,840 [Listener at 127.0.0.1/33627] INFO  ozone.MiniOzoneClusterImpl (MiniOzoneClusterImpl.java:lambda$waitForClusterToBeReady$0(216)) - Waiting for nodes to be ready. Got 0 of 3 DN Heartbeats.
2022-10-18 04:03:56,840 [Listener at 127.0.0.1/33627] INFO  ozone.MiniOzoneClusterImpl (MiniOzoneClusterImpl.java:lambda$waitForClusterToBeReady$0(219)) - Waiting for cluster to exit safe mode
2022-10-18 04:03:56,840 [Listener at 127.0.0.1/33627] INFO  ozone.MiniOzoneClusterImpl (MiniOzoneClusterImpl.java:lambda$waitForClusterToBeReady$0(221)) - SCM became leader
2022-10-18 04:03:56,900 [EndpointStateMachine task thread for /0.0.0.0:38245 - 0 ] INFO  volume.HddsVolume (HddsVolume.java:createDbStore(307)) - SchemaV3 db is created and loaded at /home/runner/work/ozone/ozone/hadoop-ozone/integration-test/target/test-dir/MiniOzoneClusterImpl-74c68852-2f98-4be9-abeb-2ef7722882f6/datanode-2/data-0/containers/hdds/74c68852-2f98-4be9-abeb-2ef7722882f6/DS-4e2b38fc-013e-4701-91f0-775663346cd7/container.db for volume DS-4e2b38fc-013e-4701-91f0-775663346cd7
2022-10-18 04:03:56,901 [EndpointStateMachine task thread for /0.0.0.0:38245 - 0 ] INFO  volume.HddsVolume (HddsVolume.java:closeDbStore(338)) - SchemaV3 db is stopped at /home/runner/work/ozone/ozone/hadoop-ozone/integration-test/target/test-dir/MiniOzoneClusterImpl-74c68852-2f98-4be9-abeb-2ef7722882f6/datanode-2/data-0/containers/hdds/74c68852-2f98-4be9-abeb-2ef7722882f6/DS-4e2b38fc-013e-4701-91f0-775663346cd7/container.db for volume DS-4e2b38fc-013e-4701-91f0-775663346cd7
2022-10-18 04:03:56,901 [EndpointStateMachine task thread for /0.0.0.0:38245 - 0 ] INFO  ozoneimpl.OzoneContainer (OzoneContainer.java:start(378)) - Attempting to start container services.
2022-10-18 04:03:56,901 [EndpointStateMachine task thread for /0.0.0.0:38245 - 0 ] INFO  ozoneimpl.OzoneContainer (OzoneContainer.java:startContainerScrub(313)) - Background container scanner has been disabled.
2022-10-18 04:03:56,903 [EndpointStateMachine task thread for /0.0.0.0:38245 - 0 ] INFO  replication.ReplicationServer (ReplicationServer.java:start(111)) - ReplicationServer is started using port 37407
2022-10-18 04:03:56,904 [EndpointStateMachine task thread for /0.0.0.0:38245 - 0 ] INFO  ratis.XceiverServerRatis (XceiverServerRatis.java:start(481)) - Starting XceiverServerRatis 26892566-c66f-4e9d-89f3-70798840826e
2022-10-18 04:03:56,905 [EndpointStateMachine task thread for /0.0.0.0:38245 - 0 ] INFO  server.RaftServer (RaftServerProxy.java:lambda$start$6(382)) - 26892566-c66f-4e9d-89f3-70798840826e: start RPC server
2022-10-18 04:03:56,907 [EndpointStateMachine task thread for /0.0.0.0:38245 - 0 ] INFO  server.GrpcService (GrpcService.java:startImpl(260)) - 26892566-c66f-4e9d-89f3-70798840826e: GrpcService started, listening on 37745
2022-10-18 04:03:56,907 [EndpointStateMachine task thread for /0.0.0.0:38245 - 0 ] INFO  ratis.XceiverServerRatis (XceiverServerRatis.java:getRealPort(502)) - XceiverServerRatis 26892566-c66f-4e9d-89f3-70798840826e is started using port 37745 for RATIS
2022-10-18 04:03:56,908 [org.apache.ratis.util.JvmPauseMonitor$$Lambda$622/362040910@3dbe772] INFO  util.JvmPauseMonitor (JvmPauseMonitor.java:run(103)) - JvmPauseMonitor-26892566-c66f-4e9d-89f3-70798840826e: Started
2022-10-18 04:03:56,908 [EndpointStateMachine task thread for /0.0.0.0:38245 - 0 ] INFO  ratis.XceiverServerRatis (XceiverServerRatis.java:getRealPort(502)) - XceiverServerRatis 26892566-c66f-4e9d-89f3-70798840826e is started using port 37745 for RATIS_ADMIN
2022-10-18 04:03:56,910 [EndpointStateMachine task thread for /0.0.0.0:38245 - 0 ] INFO  ratis.XceiverServerRatis (XceiverServerRatis.java:getRealPort(502)) - XceiverServerRatis 26892566-c66f-4e9d-89f3-70798840826e is started using port 37745 for RATIS_SERVER
2022-10-18 04:03:56,916 [EndpointStateMachine task thread for /0.0.0.0:38245 - 0 ] INFO  server.XceiverServerGrpc (XceiverServerGrpc.java:start(180)) - XceiverServerGrpc 26892566-c66f-4e9d-89f3-70798840826e is started using port 40187
2022-10-18 04:03:57,841 [Listener at 127.0.0.1/33627] INFO  ozone.MiniOzoneClusterImpl (MiniOzoneClusterImpl.java:lambda$waitForClusterToBeReady$0(216)) - Waiting for nodes to be ready. Got 0 of 3 DN Heartbeats.
2022-10-18 04:03:57,841 [Listener at 127.0.0.1/33627] INFO  ozone.MiniOzoneClusterImpl (MiniOzoneClusterImpl.java:lambda$waitForClusterToBeReady$0(219)) - Waiting for cluster to exit safe mode
2022-10-18 04:03:57,841 [Listener at 127.0.0.1/33627] INFO  ozone.MiniOzoneClusterImpl (MiniOzoneClusterImpl.java:lambda$waitForClusterToBeReady$0(221)) - SCM became leader
2022-10-18 04:03:57,945 [IPC Server handler 17 on default port 38245] INFO  net.NetworkTopologyImpl (NetworkTopologyImpl.java:add(112)) - Added a new node: /default-rack/0a6c5d56-45d5-439e-bc91-862df307e002
2022-10-18 04:03:57,947 [IPC Server handler 17 on default port 38245] INFO  node.SCMNodeManager (SCMNodeManager.java:register(397)) - Registered Data node : 0a6c5d56-45d5-439e-bc91-862df307e002{ip: 10.1.0.75, host: fv-az573-760.uspngagyt4suddso0aj1djjezg.dx.internal.cloudapp.net, ports: [REPLICATION=44305, RATIS=42965, RATIS_ADMIN=42965, RATIS_SERVER=42965, STANDALONE=37165], networkLocation: /default-rack, certSerialId: null, persistedOpState: null, persistedOpStateExpiryEpochSec: 0}
2022-10-18 04:03:57,952 [EventQueue-NewNodeForNewNodeHandler] INFO  pipeline.BackgroundPipelineCreator (BackgroundPipelineCreator.java:notifyEventTriggered(276)) - trigger a one-shot run on RatisPipelineUtilsThread.
2022-10-18 04:03:57,962 [RatisPipelineUtilsThread - 0] INFO  pipeline.RatisPipelineProvider (RatisPipelineProvider.java:lambda$create$0(195)) - Sending CreatePipelineCommand for pipeline:PipelineID=8ec480e6-bb3e-4b74-89b1-1f0d0b68dbfc to datanode:0a6c5d56-45d5-439e-bc91-862df307e002
2022-10-18 04:03:57,963 [EventQueue-NodeRegistrationContainerReportForContainerSafeModeRule] INFO  safemode.SCMSafeModeManager (SCMSafeModeManager.java:validateSafeModeExitRules(204)) - ContainerSafeModeRule rule is successfully validated
2022-10-18 04:03:57,963 [EventQueue-NodeRegistrationContainerReportForDataNodeSafeModeRule] INFO  safemode.SCMSafeModeManager (DataNodeSafeModeRule.java:process(71)) - SCM in safe mode. 1 DataNodes registered, 3 required.
2022-10-18 04:03:57,964 [EventQueue-PipelineReportForOneReplicaPipelineSafeModeRule] INFO  safemode.SCMSafeModeManager (SCMSafeModeManager.java:validateSafeModeExitRules(204)) - AtleastOneDatanodeReportedRule rule is successfully validated
2022-10-18 04:03:57,980 [RatisPipelineUtilsThread - 0] INFO  pipeline.PipelineStateManagerImpl (PipelineStateManagerImpl.java:addPipeline(103)) - Created pipeline Pipeline[ Id: 8ec480e6-bb3e-4b74-89b1-1f0d0b68dbfc, Nodes: 0a6c5d56-45d5-439e-bc91-862df307e002{ip: 10.1.0.75, host: fv-az573-760.uspngagyt4suddso0aj1djjezg.dx.internal.cloudapp.net, ports: [REPLICATION=44305, RATIS=42965, RATIS_ADMIN=42965, RATIS_SERVER=42965, STANDALONE=37165], networkLocation: /default-rack, certSerialId: null, persistedOpState: IN_SERVICE, persistedOpStateExpiryEpochSec: 0}, ReplicationConfig: RATIS/ONE, State:ALLOCATED, leaderId:, CreationTimestamp2022-10-18T04:03:57.960Z[Etc/UTC]].
2022-10-18 04:03:58,515 [IPC Server handler 19 on default port 38245] INFO  net.NetworkTopologyImpl (NetworkTopologyImpl.java:add(112)) - Added a new node: /default-rack/a32d4034-02f0-4e94-b594-2fac596c8df5
2022-10-18 04:03:58,515 [IPC Server handler 19 on default port 38245] INFO  node.SCMNodeManager (SCMNodeManager.java:register(397)) - Registered Data node : a32d4034-02f0-4e94-b594-2fac596c8df5{ip: 10.1.0.75, host: fv-az573-760.uspngagyt4suddso0aj1djjezg.dx.internal.cloudapp.net, ports: [REPLICATION=34381, RATIS=35931, RATIS_ADMIN=35931, RATIS_SERVER=35931, STANDALONE=46297], networkLocation: /default-rack, certSerialId: null, persistedOpState: null, persistedOpStateExpiryEpochSec: 0}
2022-10-18 04:03:58,516 [EventQueue-NodeRegistrationContainerReportForDataNodeSafeModeRule] INFO  safemode.SCMSafeModeManager (DataNodeSafeModeRule.java:process(71)) - SCM in safe mode. 2 DataNodes registered, 3 required.
2022-10-18 04:03:58,517 [EventQueue-NewNodeForNewNodeHandler] INFO  pipeline.BackgroundPipelineCreator (BackgroundPipelineCreator.java:notifyEventTriggered(276)) - trigger a one-shot run on RatisPipelineUtilsThread.
2022-10-18 04:03:58,518 [RatisPipelineUtilsThread - 0] INFO  pipeline.RatisPipelineProvider (RatisPipelineProvider.java:lambda$create$0(195)) - Sending CreatePipelineCommand for pipeline:PipelineID=b72c8154-fdf4-4e0c-bb01-854eb7a80603 to datanode:a32d4034-02f0-4e94-b594-2fac596c8df5
2022-10-18 04:03:58,519 [RatisPipelineUtilsThread - 0] INFO  pipeline.PipelineStateManagerImpl (PipelineStateManagerImpl.java:addPipeline(103)) - Created pipeline Pipeline[ Id: b72c8154-fdf4-4e0c-bb01-854eb7a80603, Nodes: a32d4034-02f0-4e94-b594-2fac596c8df5{ip: 10.1.0.75, host: fv-az573-760.uspngagyt4suddso0aj1djjezg.dx.internal.cloudapp.net, ports: [REPLICATION=34381, RATIS=35931, RATIS_ADMIN=35931, RATIS_SERVER=35931, STANDALONE=46297], networkLocation: /default-rack, certSerialId: null, persistedOpState: IN_SERVICE, persistedOpStateExpiryEpochSec: 0}, ReplicationConfig: RATIS/ONE, State:ALLOCATED, leaderId:, CreationTimestamp2022-10-18T04:03:58.518Z[Etc/UTC]].
2022-10-18 04:03:58,842 [Listener at 127.0.0.1/33627] INFO  ozone.MiniOzoneClusterImpl (MiniOzoneClusterImpl.java:lambda$waitForClusterToBeReady$0(216)) - Waiting for nodes to be ready. Got 2 of 3 DN Heartbeats.
2022-10-18 04:03:58,842 [Listener at 127.0.0.1/33627] INFO  ozone.MiniOzoneClusterImpl (MiniOzoneClusterImpl.java:lambda$waitForClusterToBeReady$0(219)) - Waiting for cluster to exit safe mode
2022-10-18 04:03:58,842 [Listener at 127.0.0.1/33627] INFO  ozone.MiniOzoneClusterImpl (MiniOzoneClusterImpl.java:lambda$waitForClusterToBeReady$0(221)) - SCM became leader
2022-10-18 04:03:58,859 [IPC Server handler 18 on default port 38245] INFO  net.NetworkTopologyImpl (NetworkTopologyImpl.java:add(112)) - Added a new node: /default-rack/26892566-c66f-4e9d-89f3-70798840826e
2022-10-18 04:03:58,859 [IPC Server handler 18 on default port 38245] INFO  node.SCMNodeManager (SCMNodeManager.java:register(397)) - Registered Data node : 26892566-c66f-4e9d-89f3-70798840826e{ip: 10.1.0.75, host: fv-az573-760.uspngagyt4suddso0aj1djjezg.dx.internal.cloudapp.net, ports: [REPLICATION=37407, RATIS=37745, RATIS_ADMIN=37745, RATIS_SERVER=37745, STANDALONE=40187], networkLocation: /default-rack, certSerialId: null, persistedOpState: null, persistedOpStateExpiryEpochSec: 0}
2022-10-18 04:03:58,860 [EventQueue-NewNodeForNewNodeHandler] INFO  pipeline.BackgroundPipelineCreator (BackgroundPipelineCreator.java:notifyEventTriggered(276)) - trigger a one-shot run on RatisPipelineUtilsThread.
2022-10-18 04:03:58,860 [RatisPipelineUtilsThread - 0] INFO  pipeline.RatisPipelineProvider (RatisPipelineProvider.java:lambda$create$0(195)) - Sending CreatePipelineCommand for pipeline:PipelineID=6d56315b-5097-4b6c-ae0d-5e4368f08284 to datanode:26892566-c66f-4e9d-89f3-70798840826e
2022-10-18 04:03:58,861 [RatisPipelineUtilsThread - 0] INFO  pipeline.PipelineStateManagerImpl (PipelineStateManagerImpl.java:addPipeline(103)) - Created pipeline Pipeline[ Id: 6d56315b-5097-4b6c-ae0d-5e4368f08284, Nodes: 26892566-c66f-4e9d-89f3-70798840826e{ip: 10.1.0.75, host: fv-az573-760.uspngagyt4suddso0aj1djjezg.dx.internal.cloudapp.net, ports: [REPLICATION=37407, RATIS=37745, RATIS_ADMIN=37745, RATIS_SERVER=37745, STANDALONE=40187], networkLocation: /default-rack, certSerialId: null, persistedOpState: IN_SERVICE, persistedOpStateExpiryEpochSec: 0}, ReplicationConfig: RATIS/ONE, State:ALLOCATED, leaderId:, CreationTimestamp2022-10-18T04:03:58.860Z[Etc/UTC]].
2022-10-18 04:03:58,860 [EventQueue-NodeRegistrationContainerReportForDataNodeSafeModeRule] INFO  safemode.SCMSafeModeManager (DataNodeSafeModeRule.java:process(71)) - SCM in safe mode. 3 DataNodes registered, 3 required.
2022-10-18 04:03:58,862 [EventQueue-NodeRegistrationContainerReportForDataNodeSafeModeRule] INFO  safemode.SCMSafeModeManager (SCMSafeModeManager.java:validateSafeModeExitRules(204)) - DataNodeSafeModeRule rule is successfully validated
2022-10-18 04:03:58,862 [EventQueue-NodeRegistrationContainerReportForDataNodeSafeModeRule] INFO  safemode.SCMSafeModeManager (SCMSafeModeManager.java:completePreCheck(233)) - All SCM safe mode pre check rules have passed
2022-10-18 04:03:58,862 [EventQueue-NodeRegistrationContainerReportForDataNodeSafeModeRule] WARN  events.EventQueue (EventQueue.java:fireEvent(216)) - No event handler registered for event TypedEvent{payloadType=SafeModeStatus, name='Safe mode status'}
2022-10-18 04:03:58,862 [EventQueue-NodeRegistrationContainerReportForDataNodeSafeModeRule] INFO  ha.SCMContext (SCMContext.java:updateSafeModeStatus(228)) - Update SafeModeStatus from SafeModeStatus{safeModeStatus=true, preCheckPassed=false} to SafeModeStatus{safeModeStatus=true, preCheckPassed=true}.
2022-10-18 04:03:58,862 [EventQueue-NodeRegistrationContainerReportForDataNodeSafeModeRule] INFO  pipeline.BackgroundPipelineCreator (BackgroundPipelineCreator.java:notifyEventTriggered(276)) - trigger a one-shot run on RatisPipelineUtilsThread.
2022-10-18 04:03:58,866 [RatisPipelineUtilsThread - 0] INFO  pipeline.RatisPipelineProvider (RatisPipelineProvider.java:lambda$create$0(195)) - Sending CreatePipelineCommand for pipeline:PipelineID=b59fc8d6-fc19-4069-9fb9-a580b0ad823b to datanode:26892566-c66f-4e9d-89f3-70798840826e
2022-10-18 04:03:58,867 [RatisPipelineUtilsThread - 0] INFO  pipeline.RatisPipelineProvider (RatisPipelineProvider.java:lambda$create$0(195)) - Sending CreatePipelineCommand for pipeline:PipelineID=b59fc8d6-fc19-4069-9fb9-a580b0ad823b to datanode:0a6c5d56-45d5-439e-bc91-862df307e002
2022-10-18 04:03:58,867 [RatisPipelineUtilsThread - 0] INFO  pipeline.RatisPipelineProvider (RatisPipelineProvider.java:lambda$create$0(195)) - Sending CreatePipelineCommand for pipeline:PipelineID=b59fc8d6-fc19-4069-9fb9-a580b0ad823b to datanode:a32d4034-02f0-4e94-b594-2fac596c8df5
2022-10-18 04:03:58,869 [RatisPipelineUtilsThread - 0] INFO  pipeline.PipelineStateManagerImpl (PipelineStateManagerImpl.java:addPipeline(103)) - Created pipeline Pipeline[ Id: b59fc8d6-fc19-4069-9fb9-a580b0ad823b, Nodes: 26892566-c66f-4e9d-89f3-70798840826e{ip: 10.1.0.75, host: fv-az573-760.uspngagyt4suddso0aj1djjezg.dx.internal.cloudapp.net, ports: [REPLICATION=37407, RATIS=37745, RATIS_ADMIN=37745, RATIS_SERVER=37745, STANDALONE=40187], networkLocation: /default-rack, certSerialId: null, persistedOpState: IN_SERVICE, persistedOpStateExpiryEpochSec: 0}0a6c5d56-45d5-439e-bc91-862df307e002{ip: 10.1.0.75, host: fv-az573-760.uspngagyt4suddso0aj1djjezg.dx.internal.cloudapp.net, ports: [REPLICATION=44305, RATIS=42965, RATIS_ADMIN=42965, RATIS_SERVER=42965, STANDALONE=37165], networkLocation: /default-rack, certSerialId: null, persistedOpState: IN_SERVICE, persistedOpStateExpiryEpochSec: 0}a32d4034-02f0-4e94-b594-2fac596c8df5{ip: 10.1.0.75, host: fv-az573-760.uspngagyt4suddso0aj1djjezg.dx.internal.cloudapp.net, ports: [REPLICATION=34381, RATIS=35931, RATIS_ADMIN=35931, RATIS_SERVER=35931, STANDALONE=46297], networkLocation: /default-rack, certSerialId: null, persistedOpState: IN_SERVICE, persistedOpStateExpiryEpochSec: 0}, ReplicationConfig: RATIS/THREE, State:ALLOCATED, leaderId:, CreationTimestamp2022-10-18T04:03:58.866Z[Etc/UTC]].
2022-10-18 04:03:58,870 [RatisPipelineUtilsThread - 0] INFO  pipeline.RatisPipelineProvider (RatisPipelineProvider.java:lambda$create$0(195)) - Sending CreatePipelineCommand for pipeline:PipelineID=fac4febb-f755-472f-8493-a1c1c4f28718 to datanode:26892566-c66f-4e9d-89f3-70798840826e
2022-10-18 04:03:58,871 [RatisPipelineUtilsThread - 0] INFO  pipeline.RatisPipelineProvider (RatisPipelineProvider.java:lambda$create$0(195)) - Sending CreatePipelineCommand for pipeline:PipelineID=fac4febb-f755-472f-8493-a1c1c4f28718 to datanode:0a6c5d56-45d5-439e-bc91-862df307e002
2022-10-18 04:03:58,871 [RatisPipelineUtilsThread - 0] INFO  pipeline.RatisPipelineProvider (RatisPipelineProvider.java:lambda$create$0(195)) - Sending CreatePipelineCommand for pipeline:PipelineID=fac4febb-f755-472f-8493-a1c1c4f28718 to datanode:a32d4034-02f0-4e94-b594-2fac596c8df5
2022-10-18 04:03:58,872 [RatisPipelineUtilsThread - 0] INFO  pipeline.PipelineStateManagerImpl (PipelineStateManagerImpl.java:addPipeline(103)) - Created pipeline Pipeline[ Id: fac4febb-f755-472f-8493-a1c1c4f28718, Nodes: 26892566-c66f-4e9d-89f3-70798840826e{ip: 10.1.0.75, host: fv-az573-760.uspngagyt4suddso0aj1djjezg.dx.internal.cloudapp.net, ports: [REPLICATION=37407, RATIS=37745, RATIS_ADMIN=37745, RATIS_SERVER=37745, STANDALONE=40187], networkLocation: /default-rack, certSerialId: null, persistedOpState: IN_SERVICE, persistedOpStateExpiryEpochSec: 0}0a6c5d56-45d5-439e-bc91-862df307e002{ip: 10.1.0.75, host: fv-az573-760.uspngagyt4suddso0aj1djjezg.dx.internal.cloudapp.net, ports: [REPLICATION=44305, RATIS=42965, RATIS_ADMIN=42965, RATIS_SERVER=42965, STANDALONE=37165], networkLocation: /default-rack, certSerialId: null, persistedOpState: IN_SERVICE, persistedOpStateExpiryEpochSec: 0}a32d4034-02f0-4e94-b594-2fac596c8df5{ip: 10.1.0.75, host: fv-az573-760.uspngagyt4suddso0aj1djjezg.dx.internal.cloudapp.net, ports: [REPLICATION=34381, RATIS=35931, RATIS_ADMIN=35931, RATIS_SERVER=35931, STANDALONE=46297], networkLocation: /default-rack, certSerialId: null, persistedOpState: IN_SERVICE, persistedOpStateExpiryEpochSec: 0}, ReplicationConfig: RATIS/THREE, State:ALLOCATED, leaderId:, CreationTimestamp2022-10-18T04:03:58.869Z[Etc/UTC]].
2022-10-18 04:03:58,872 [RatisPipelineUtilsThread - 0] INFO  pipeline.PipelineManagerImpl (PipelineManagerImpl.java:recordMetricsForPipeline(796)) - Pipeline: PipelineID=fac4febb-f755-472f-8493-a1c1c4f28718 contains same datanodes as previous pipelines: PipelineID=b59fc8d6-fc19-4069-9fb9-a580b0ad823b nodeIds: 26892566-c66f-4e9d-89f3-70798840826e, 0a6c5d56-45d5-439e-bc91-862df307e002, a32d4034-02f0-4e94-b594-2fac596c8df5
2022-10-18 04:03:59,842 [Listener at 127.0.0.1/33627] INFO  ozone.MiniOzoneClusterImpl (MiniOzoneClusterImpl.java:lambda$waitForClusterToBeReady$0(216)) - Nodes are ready. Got 3 of 3 DN Heartbeats.
2022-10-18 04:03:59,843 [Listener at 127.0.0.1/33627] INFO  ozone.MiniOzoneClusterImpl (MiniOzoneClusterImpl.java:lambda$waitForClusterToBeReady$0(219)) - Waiting for cluster to exit safe mode
2022-10-18 04:03:59,844 [Listener at 127.0.0.1/33627] INFO  ozone.MiniOzoneClusterImpl (MiniOzoneClusterImpl.java:lambda$waitForClusterToBeReady$0(221)) - SCM became leader
2022-10-18 04:04:00,844 [Listener at 127.0.0.1/33627] INFO  ozone.MiniOzoneClusterImpl (MiniOzoneClusterImpl.java:lambda$waitForClusterToBeReady$0(216)) - Nodes are ready. Got 3 of 3 DN Heartbeats.
2022-10-18 04:04:00,844 [Listener at 127.0.0.1/33627] INFO  ozone.MiniOzoneClusterImpl (MiniOzoneClusterImpl.java:lambda$waitForClusterToBeReady$0(219)) - Waiting for cluster to exit safe mode
2022-10-18 04:04:00,844 [Listener at 127.0.0.1/33627] INFO  ozone.MiniOzoneClusterImpl (MiniOzoneClusterImpl.java:lambda$waitForClusterToBeReady$0(221)) - SCM became leader
2022-10-18 04:04:00,938 [Command processor thread] INFO  server.RaftServer (RaftServerProxy.java:addNew(96)) - 0a6c5d56-45d5-439e-bc91-862df307e002: addNew group-1F0D0B68DBFC:[0a6c5d56-45d5-439e-bc91-862df307e002|rpc:10.1.0.75:42965|priority:1] returns group-1F0D0B68DBFC:java.util.concurrent.CompletableFuture@6e431a8c[Not completed]
2022-10-18 04:04:00,949 [pool-72-thread-1] INFO  server.RaftServer$Division (RaftServerImpl.java:<init>(190)) - 0a6c5d56-45d5-439e-bc91-862df307e002: new RaftServerImpl for group-1F0D0B68DBFC:[0a6c5d56-45d5-439e-bc91-862df307e002|rpc:10.1.0.75:42965|priority:1] with ContainerStateMachine:uninitialized
2022-10-18 04:04:00,949 [pool-72-thread-1] INFO  server.RaftServerConfigKeys (ConfUtils.java:logGet(46)) - raft.server.rpc.timeout.min = 5s (custom)
2022-10-18 04:04:00,949 [pool-72-thread-1] INFO  server.RaftServerConfigKeys (ConfUtils.java:logGet(46)) - raft.server.rpc.timeout.max = 5200ms (custom)
2022-10-18 04:04:00,950 [pool-72-thread-1] INFO  server.RaftServerConfigKeys (ConfUtils.java:logGet(46)) - raft.server.rpc.sleep.time = 25ms (default)
2022-10-18 04:04:00,950 [pool-72-thread-1] INFO  server.RaftServerConfigKeys (ConfUtils.java:logGet(46)) - raft.server.rpc.slowness.timeout = 300s (custom)
2022-10-18 04:04:00,950 [pool-72-thread-1] INFO  server.RaftServerConfigKeys (ConfUtils.java:logGet(46)) - raft.server.leaderelection.leader.step-down.wait-time = 10s (default)
2022-10-18 04:04:00,950 [pool-72-thread-1] INFO  server.RaftServerConfigKeys (ConfUtils.java:logGet(46)) - raft.server.sleep.deviation.threshold = 300ms (default)
2022-10-18 04:04:00,950 [pool-72-thread-1] INFO  server.RaftServer$Division (ServerState.java:<init>(107)) - 0a6c5d56-45d5-439e-bc91-862df307e002@group-1F0D0B68DBFC: ConfigurationManager, init=-1: [0a6c5d56-45d5-439e-bc91-862df307e002|rpc:10.1.0.75:42965|priority:1], old=null, confs=<EMPTY_MAP>
2022-10-18 04:04:00,950 [pool-72-thread-1] INFO  server.RaftServerConfigKeys (ConfUtils.java:logGet(46)) - raft.server.storage.dir = [/home/runner/work/ozone/ozone/hadoop-ozone/integration-test/target/test-dir/MiniOzoneClusterImpl-74c68852-2f98-4be9-abeb-2ef7722882f6/datanode-0/data/ratis] (custom)
2022-10-18 04:04:00,950 [pool-72-thread-1] INFO  server.RaftServerConfigKeys (ConfUtils.java:logGet(46)) - raft.server.log.corruption.policy = EXCEPTION (default)
2022-10-18 04:04:00,950 [pool-72-thread-1] INFO  server.RaftServerConfigKeys (ConfUtils.java:logGet(46)) - raft.server.storage.free-space.min = 0MB (=0) (default)
2022-10-18 04:04:00,950 [pool-72-thread-1] INFO  storage.RaftStorageDirectory (RaftStorageDirectoryImpl.java:analyzeStorage(135)) - The storage directory /home/runner/work/ozone/ozone/hadoop-ozone/integration-test/target/test-dir/MiniOzoneClusterImpl-74c68852-2f98-4be9-abeb-2ef7722882f6/datanode-0/data/ratis/8ec480e6-bb3e-4b74-89b1-1f0d0b68dbfc does not exist. Creating ...
2022-10-18 04:04:00,953 [pool-72-thread-1] INFO  storage.RaftStorageDirectory (RaftStorageDirectoryImpl.java:tryLock(230)) - Lock on /home/runner/work/ozone/ozone/hadoop-ozone/integration-test/target/test-dir/MiniOzoneClusterImpl-74c68852-2f98-4be9-abeb-2ef7722882f6/datanode-0/data/ratis/8ec480e6-bb3e-4b74-89b1-1f0d0b68dbfc/in_use.lock acquired by nodename 58087@fv-az573-760
2022-10-18 04:04:00,954 [pool-72-thread-1] INFO  storage.RaftStorage (RaftStorageImpl.java:format(89)) - Storage directory /home/runner/work/ozone/ozone/hadoop-ozone/integration-test/target/test-dir/MiniOzoneClusterImpl-74c68852-2f98-4be9-abeb-2ef7722882f6/datanode-0/data/ratis/8ec480e6-bb3e-4b74-89b1-1f0d0b68dbfc has been successfully formatted.
2022-10-18 04:04:00,959 [pool-72-thread-1] INFO  ratis.ContainerStateMachine (ContainerStateMachine.java:loadSnapshot(236)) - group-1F0D0B68DBFC: The snapshot info is null. Setting the last applied indexto:(t:0, i:~)
2022-10-18 04:04:00,959 [pool-72-thread-1] INFO  server.RaftServerConfigKeys (ConfUtils.java:logGet(46)) - raft.server.notification.no-leader.timeout = 300s (custom)
2022-10-18 04:04:00,959 [pool-72-thread-1] INFO  server.RaftServerConfigKeys (ConfUtils.java:logGet(46)) - raft.server.log.use.memory = false (default)
2022-10-18 04:04:00,959 [pool-72-thread-1] INFO  server.RaftServerConfigKeys (ConfUtils.java:logGet(46)) - raft.server.log.purge.gap = 1000000 (custom)
2022-10-18 04:04:00,960 [pool-72-thread-1] INFO  server.RaftServerConfigKeys (ConfUtils.java:logGet(46)) - raft.server.log.appender.buffer.byte-limit = 33554432 (custom)
2022-10-18 04:04:00,960 [pool-72-thread-1] INFO  server.RaftServerConfigKeys (ConfUtils.java:logGet(46)) - raft.server.log.statemachine.data.read.timeout = 1000ms (default)
2022-10-18 04:04:00,960 [pool-72-thread-1] INFO  server.RaftServerConfigKeys (ConfUtils.java:logGet(46)) - raft.server.log.segment.size.max = 1048576 (custom)
2022-10-18 04:04:00,961 [pool-72-thread-1] INFO  server.RaftServerConfigKeys (ConfUtils.java:logGet(46)) - raft.server.log.segment.cache.num.max = 2 (custom)
2022-10-18 04:04:00,961 [pool-72-thread-1] INFO  server.RaftServerConfigKeys (ConfUtils.java:logGet(46)) - raft.server.log.segment.cache.size.max = 200MB (=209715200) (default)
2022-10-18 04:04:00,961 [pool-72-thread-1] INFO  segmented.SegmentedRaftLogWorker (SegmentedRaftLogWorker.java:<init>(187)) - new 0a6c5d56-45d5-439e-bc91-862df307e002@group-1F0D0B68DBFC-SegmentedRaftLogWorker for RaftStorageImpl:Storage Directory /home/runner/work/ozone/ozone/hadoop-ozone/integration-test/target/test-dir/MiniOzoneClusterImpl-74c68852-2f98-4be9-abeb-2ef7722882f6/datanode-0/data/ratis/8ec480e6-bb3e-4b74-89b1-1f0d0b68dbfc
2022-10-18 04:04:00,961 [pool-72-thread-1] INFO  server.RaftServerConfigKeys (ConfUtils.java:logGet(46)) - raft.server.log.queue.byte-limit = 4294967296 (custom)
2022-10-18 04:04:00,961 [pool-72-thread-1] INFO  server.RaftServerConfigKeys (ConfUtils.java:logGet(46)) - raft.server.log.queue.element-limit = 1024 (custom)
2022-10-18 04:04:00,961 [pool-72-thread-1] INFO  server.RaftServerConfigKeys (ConfUtils.java:logGet(46)) - raft.server.log.segment.size.max = 1048576 (custom)
2022-10-18 04:04:00,961 [pool-72-thread-1] INFO  server.RaftServerConfigKeys (ConfUtils.java:logGet(46)) - raft.server.log.preallocated.size = 16384 (custom)
2022-10-18 04:04:00,961 [pool-72-thread-1] INFO  server.RaftServerConfigKeys (ConfUtils.java:logGet(46)) - raft.server.log.force.sync.num = 128 (default)
2022-10-18 04:04:00,961 [pool-72-thread-1] INFO  server.RaftServerConfigKeys (ConfUtils.java:logGet(46)) - raft.server.log.statemachine.data.sync = true (default)
2022-10-18 04:04:00,961 [pool-72-thread-1] INFO  server.RaftServerConfigKeys (ConfUtils.java:logGet(46)) - raft.server.log.statemachine.data.sync.timeout = 10s (default)
2022-10-18 04:04:00,962 [pool-72-thread-1] INFO  server.RaftServerConfigKeys (ConfUtils.java:logGet(46)) - raft.server.log.statemachine.data.sync.timeout.retry = -1 (default)
2022-10-18 04:04:00,963 [pool-72-thread-1] INFO  server.RaftServerConfigKeys (ConfUtils.java:logGet(46)) - raft.server.log.write.buffer.size = 1048576 (custom)
2022-10-18 04:04:00,964 [pool-72-thread-1] INFO  server.RaftServerConfigKeys (ConfUtils.java:logGet(46)) - raft.server.log.unsafe-flush.enabled = false (default)
2022-10-18 04:04:00,964 [pool-72-thread-1] INFO  server.RaftServerConfigKeys (ConfUtils.java:logGet(46)) - raft.server.log.statemachine.data.caching.enabled = true (custom)
2022-10-18 04:04:00,964 [pool-72-thread-1] INFO  segmented.SegmentedRaftLogWorker (SegmentedRaftLogWorker.java:lambda$new$0(135)) - 0a6c5d56-45d5-439e-bc91-862df307e002@group-1F0D0B68DBFC-SegmentedRaftLogWorker: flushIndex: setUnconditionally 0 -> -1
2022-10-18 04:04:00,964 [pool-72-thread-1] INFO  segmented.SegmentedRaftLogWorker (SegmentedRaftLogWorker.java:lambda$new$0(135)) - 0a6c5d56-45d5-439e-bc91-862df307e002@group-1F0D0B68DBFC-SegmentedRaftLogWorker: safeCacheEvictIndex: setUnconditionally 0 -> -1
2022-10-18 04:04:00,964 [pool-72-thread-1] INFO  server.RaftServerConfigKeys (ConfUtils.java:logGet(46)) - raft.server.snapshot.auto.trigger.enabled = true (custom)
2022-10-18 04:04:00,964 [pool-72-thread-1] INFO  server.RaftServerConfigKeys (ConfUtils.java:logGet(46)) - raft.server.snapshot.auto.trigger.threshold = 10000 (custom)
2022-10-18 04:04:00,964 [pool-72-thread-1] INFO  server.RaftServerConfigKeys (ConfUtils.java:logGet(46)) - raft.server.snapshot.retention.file.num = 5 (custom)
2022-10-18 04:04:00,964 [pool-72-thread-1] INFO  server.RaftServerConfigKeys (ConfUtils.java:logGet(46)) - raft.server.log.purge.upto.snapshot.index = false (default)
2022-10-18 04:04:00,964 [pool-72-thread-1] INFO  server.RaftServerConfigKeys (ConfUtils.java:logGet(46)) - raft.server.retrycache.expirytime = 600000ms (custom)
2022-10-18 04:04:00,965 [pool-72-thread-1] INFO  server.RaftServerConfigKeys (ConfUtils.java:logGet(46)) - raft.server.retrycache.statistics.expirytime = 100μs (default)
2022-10-18 04:04:00,967 [pool-72-thread-1] INFO  server.RaftServerConfigKeys (ConfUtils.java:logGet(46)) - raft.server.log.appender.install.snapshot.enabled = false (custom)
2022-10-18 04:04:00,967 [pool-72-thread-1] INFO  server.RaftServerConfigKeys (ConfUtils.java:logGet(46)) - raft.server.threadpool.server.cached = true (default)
2022-10-18 04:04:00,967 [pool-72-thread-1] INFO  server.RaftServerConfigKeys (ConfUtils.java:logGet(46)) - raft.server.threadpool.server.size = 0 (default)
2022-10-18 04:04:00,967 [pool-72-thread-1] INFO  server.RaftServerConfigKeys (ConfUtils.java:logGet(46)) - raft.server.threadpool.client.cached = true (default)
2022-10-18 04:04:00,967 [pool-72-thread-1] INFO  server.RaftServerConfigKeys (ConfUtils.java:logGet(46)) - raft.server.threadpool.client.size = 0 (default)
2022-10-18 04:04:00,967 [pool-72-thread-1] INFO  server.RaftServer$Division (RaftServerImpl.java:start(310)) - 0a6c5d56-45d5-439e-bc91-862df307e002@group-1F0D0B68DBFC: start as a follower, conf=-1: [0a6c5d56-45d5-439e-bc91-862df307e002|rpc:10.1.0.75:42965|priority:1], old=null
2022-10-18 04:04:00,967 [pool-72-thread-1] INFO  server.RaftServer$Division (RaftServerImpl.java:setRole(299)) - 0a6c5d56-45d5-439e-bc91-862df307e002@group-1F0D0B68DBFC: changes role from      null to FOLLOWER at term 0 for startAsFollower
2022-10-18 04:04:00,967 [pool-72-thread-1] INFO  impl.RoleInfo (RoleInfo.java:updateAndGet(139)) - 0a6c5d56-45d5-439e-bc91-862df307e002: start 0a6c5d56-45d5-439e-bc91-862df307e002@group-1F0D0B68DBFC-FollowerState
2022-10-18 04:04:00,974 [pool-72-thread-1] INFO  util.JmxRegister (JmxRegister.java:tryRegister(44)) - Successfully registered JMX Bean with object name Ratis:service=RaftServer,group=group-1F0D0B68DBFC,id=0a6c5d56-45d5-439e-bc91-862df307e002
2022-10-18 04:04:00,993 [Command processor thread] INFO  ratis.XceiverServerRatis (XceiverServerRatis.java:addGroup(765)) - Created group PipelineID=8ec480e6-bb3e-4b74-89b1-1f0d0b68dbfc
2022-10-18 04:04:00,994 [Command processor thread] INFO  commandhandler.CreatePipelineCommandHandler (CreatePipelineCommandHandler.java:handle(113)) - Created Pipeline RATIS ONE PipelineID=8ec480e6-bb3e-4b74-89b1-1f0d0b68dbfc.
2022-10-18 04:04:00,994 [Command processor thread] INFO  server.RaftServer (RaftServerProxy.java:addNew(96)) - 0a6c5d56-45d5-439e-bc91-862df307e002: addNew group-A580B0AD823B:[0a6c5d56-45d5-439e-bc91-862df307e002|rpc:10.1.0.75:42965|priority:1, 26892566-c66f-4e9d-89f3-70798840826e|rpc:10.1.0.75:37745|priority:0, a32d4034-02f0-4e94-b594-2fac596c8df5|rpc:10.1.0.75:35931|priority:0] returns group-A580B0AD823B:java.util.concurrent.CompletableFuture@dcd866d[Not completed]
2022-10-18 04:04:00,996 [pool-72-thread-1] INFO  server.RaftServer$Division (RaftServerImpl.java:<init>(190)) - 0a6c5d56-45d5-439e-bc91-862df307e002: new RaftServerImpl for group-A580B0AD823B:[0a6c5d56-45d5-439e-bc91-862df307e002|rpc:10.1.0.75:42965|priority:1, 26892566-c66f-4e9d-89f3-70798840826e|rpc:10.1.0.75:37745|priority:0, a32d4034-02f0-4e94-b594-2fac596c8df5|rpc:10.1.0.75:35931|priority:0] with ContainerStateMachine:uninitialized
2022-10-18 04:04:00,997 [pool-72-thread-1] INFO  server.RaftServerConfigKeys (ConfUtils.java:logGet(46)) - raft.server.rpc.timeout.min = 5s (custom)
2022-10-18 04:04:00,997 [pool-72-thread-1] INFO  server.RaftServerConfigKeys (ConfUtils.java:logGet(46)) - raft.server.rpc.timeout.max = 5200ms (custom)
2022-10-18 04:04:00,997 [pool-72-thread-1] INFO  server.RaftServerConfigKeys (ConfUtils.java:logGet(46)) - raft.server.rpc.sleep.time = 25ms (default)
2022-10-18 04:04:00,997 [pool-72-thread-1] INFO  server.RaftServerConfigKeys (ConfUtils.java:logGet(46)) - raft.server.rpc.slowness.timeout = 300s (custom)
2022-10-18 04:04:00,997 [pool-72-thread-1] INFO  server.RaftServerConfigKeys (ConfUtils.java:logGet(46)) - raft.server.leaderelection.leader.step-down.wait-time = 10s (default)
2022-10-18 04:04:00,997 [pool-72-thread-1] INFO  server.RaftServerConfigKeys (ConfUtils.java:logGet(46)) - raft.server.sleep.deviation.threshold = 300ms (default)
2022-10-18 04:04:00,997 [pool-72-thread-1] INFO  server.RaftServer$Division (ServerState.java:<init>(107)) - 0a6c5d56-45d5-439e-bc91-862df307e002@group-A580B0AD823B: ConfigurationManager, init=-1: [0a6c5d56-45d5-439e-bc91-862df307e002|rpc:10.1.0.75:42965|priority:1, 26892566-c66f-4e9d-89f3-70798840826e|rpc:10.1.0.75:37745|priority:0, a32d4034-02f0-4e94-b594-2fac596c8df5|rpc:10.1.0.75:35931|priority:0], old=null, confs=<EMPTY_MAP>
2022-10-18 04:04:00,997 [pool-72-thread-1] INFO  server.RaftServerConfigKeys (ConfUtils.java:logGet(46)) - raft.server.storage.dir = [/home/runner/work/ozone/ozone/hadoop-ozone/integration-test/target/test-dir/MiniOzoneClusterImpl-74c68852-2f98-4be9-abeb-2ef7722882f6/datanode-0/data/ratis] (custom)
2022-10-18 04:04:00,998 [pool-72-thread-1] INFO  server.RaftServerConfigKeys (ConfUtils.java:logGet(46)) - raft.server.log.corruption.policy = EXCEPTION (default)
2022-10-18 04:04:00,998 [pool-72-thread-1] INFO  server.RaftServerConfigKeys (ConfUtils.java:logGet(46)) - raft.server.storage.free-space.min = 0MB (=0) (default)
2022-10-18 04:04:00,999 [EventQueue-PipelineReportForPipelineReportHandler] INFO  pipeline.PipelineManagerImpl (PipelineManagerImpl.java:openPipeline(367)) - Pipeline Pipeline[ Id: 8ec480e6-bb3e-4b74-89b1-1f0d0b68dbfc, Nodes: 0a6c5d56-45d5-439e-bc91-862df307e002{ip: 10.1.0.75, host: fv-az573-760.uspngagyt4suddso0aj1djjezg.dx.internal.cloudapp.net, ports: [REPLICATION=44305, RATIS=42965, RATIS_ADMIN=42965, RATIS_SERVER=42965, STANDALONE=37165], networkLocation: /default-rack, certSerialId: null, persistedOpState: IN_SERVICE, persistedOpStateExpiryEpochSec: 0}, ReplicationConfig: RATIS/ONE, State:ALLOCATED, leaderId:0a6c5d56-45d5-439e-bc91-862df307e002, CreationTimestamp2022-10-18T04:03:57.960Z[Etc/UTC]] moved to OPEN state
2022-10-18 04:04:00,999 [pool-72-thread-1] INFO  storage.RaftStorageDirectory (RaftStorageDirectoryImpl.java:analyzeStorage(135)) - The storage directory /home/runner/work/ozone/ozone/hadoop-ozone/integration-test/target/test-dir/MiniOzoneClusterImpl-74c68852-2f98-4be9-abeb-2ef7722882f6/datanode-0/data/ratis/b59fc8d6-fc19-4069-9fb9-a580b0ad823b does not exist. Creating ...
2022-10-18 04:04:01,003 [EventQueue-OpenPipelineForHealthyPipelineSafeModeRule] INFO  safemode.SCMSafeModeManager (HealthyPipelineSafeModeRule.java:process(137)) - SCM in safe mode. Healthy pipelines reported count is 0, required healthy pipeline reported count is 1
2022-10-18 04:04:01,006 [pool-72-thread-1] INFO  storage.RaftStorageDirectory (RaftStorageDirectoryImpl.java:tryLock(230)) - Lock on /home/runner/work/ozone/ozone/hadoop-ozone/integration-test/target/test-dir/MiniOzoneClusterImpl-74c68852-2f98-4be9-abeb-2ef7722882f6/datanode-0/data/ratis/b59fc8d6-fc19-4069-9fb9-a580b0ad823b/in_use.lock acquired by nodename 58087@fv-az573-760
2022-10-18 04:04:01,007 [pool-72-thread-1] INFO  storage.RaftStorage (RaftStorageImpl.java:format(89)) - Storage directory /home/runner/work/ozone/ozone/hadoop-ozone/integration-test/target/test-dir/MiniOzoneClusterImpl-74c68852-2f98-4be9-abeb-2ef7722882f6/datanode-0/data/ratis/b59fc8d6-fc19-4069-9fb9-a580b0ad823b has been successfully formatted.
2022-10-18 04:04:01,008 [pool-72-thread-1] INFO  ratis.ContainerStateMachine (ContainerStateMachine.java:loadSnapshot(236)) - group-A580B0AD823B: The snapshot info is null. Setting the last applied indexto:(t:0, i:~)
2022-10-18 04:04:01,008 [pool-72-thread-1] INFO  server.RaftServerConfigKeys (ConfUtils.java:logGet(46)) - raft.server.notification.no-leader.timeout = 300s (custom)
2022-10-18 04:04:01,008 [pool-72-thread-1] INFO  server.RaftServerConfigKeys (ConfUtils.java:logGet(46)) - raft.server.log.use.memory = false (default)
2022-10-18 04:04:01,008 [pool-72-thread-1] INFO  server.RaftServerConfigKeys (ConfUtils.java:logGet(46)) - raft.server.log.purge.gap = 1000000 (custom)
2022-10-18 04:04:01,008 [pool-72-thread-1] INFO  server.RaftServerConfigKeys (ConfUtils.java:logGet(46)) - raft.server.log.appender.buffer.byte-limit = 33554432 (custom)
2022-10-18 04:04:01,008 [pool-72-thread-1] INFO  server.RaftServerConfigKeys (ConfUtils.java:logGet(46)) - raft.server.log.statemachine.data.read.timeout = 1000ms (default)
2022-10-18 04:04:01,009 [pool-72-thread-1] INFO  server.RaftServerConfigKeys (ConfUtils.java:logGet(46)) - raft.server.log.segment.size.max = 1048576 (custom)
2022-10-18 04:04:01,010 [pool-72-thread-1] INFO  server.RaftServerConfigKeys (ConfUtils.java:logGet(46)) - raft.server.log.segment.cache.num.max = 2 (custom)
2022-10-18 04:04:01,010 [pool-72-thread-1] INFO  server.RaftServerConfigKeys (ConfUtils.java:logGet(46)) - raft.server.log.segment.cache.size.max = 200MB (=209715200) (default)
2022-10-18 04:04:01,010 [pool-72-thread-1] INFO  segmented.SegmentedRaftLogWorker (SegmentedRaftLogWorker.java:<init>(187)) - new 0a6c5d56-45d5-439e-bc91-862df307e002@group-A580B0AD823B-SegmentedRaftLogWorker for RaftStorageImpl:Storage Directory /home/runner/work/ozone/ozone/hadoop-ozone/integration-test/target/test-dir/MiniOzoneClusterImpl-74c68852-2f98-4be9-abeb-2ef7722882f6/datanode-0/data/ratis/b59fc8d6-fc19-4069-9fb9-a580b0ad823b
2022-10-18 04:04:01,010 [pool-72-thread-1] INFO  server.RaftServerConfigKeys (ConfUtils.java:logGet(46)) - raft.server.log.queue.byte-limit = 4294967296 (custom)
2022-10-18 04:04:01,010 [pool-72-thread-1] INFO  server.RaftServerConfigKeys (ConfUtils.java:logGet(46)) - raft.server.log.queue.element-limit = 1024 (custom)
2022-10-18 04:04:01,010 [pool-72-thread-1] INFO  server.RaftServerConfigKeys (ConfUtils.java:logGet(46)) - raft.server.log.segment.size.max = 1048576 (custom)
2022-10-18 04:04:01,010 [pool-72-thread-1] INFO  server.RaftServerConfigKeys (ConfUtils.java:logGet(46)) - raft.server.log.preallocated.size = 16384 (custom)
2022-10-18 04:04:01,010 [pool-72-thread-1] INFO  server.RaftServerConfigKeys (ConfUtils.java:logGet(46)) - raft.server.log.force.sync.num = 128 (default)
2022-10-18 04:04:01,010 [pool-72-thread-1] INFO  server.RaftServerConfigKeys (ConfUtils.java:logGet(46)) - raft.server.log.statemachine.data.sync = true (default)
2022-10-18 04:04:01,010 [pool-72-thread-1] INFO  server.RaftServerConfigKeys (ConfUtils.java:logGet(46)) - raft.server.log.statemachine.data.sync.timeout = 10s (default)
2022-10-18 04:04:01,010 [pool-72-thread-1] INFO  server.RaftServerConfigKeys (ConfUtils.java:logGet(46)) - raft.server.log.statemachine.data.sync.timeout.retry = -1 (default)
2022-10-18 04:04:01,012 [EventQueue-OpenPipelineForHealthyPipelineSafeModeRule] INFO  safemode.SCMSafeModeManager (HealthyPipelineSafeModeRule.java:process(137)) - SCM in safe mode. Healthy pipelines reported count is 0, required healthy pipeline reported count is 1
2022-10-18 04:04:01,013 [pool-72-thread-1] INFO  server.RaftServerConfigKeys (ConfUtils.java:logGet(46)) - raft.server.log.write.buffer.size = 1048576 (custom)
2022-10-18 04:04:01,014 [pool-72-thread-1] INFO  server.RaftServerConfigKeys (ConfUtils.java:logGet(46)) - raft.server.log.unsafe-flush.enabled = false (default)
2022-10-18 04:04:01,014 [pool-72-thread-1] INFO  server.RaftServerConfigKeys (ConfUtils.java:logGet(46)) - raft.server.log.statemachine.data.caching.enabled = true (custom)
2022-10-18 04:04:01,014 [pool-72-thread-1] INFO  segmented.SegmentedRaftLogWorker (SegmentedRaftLogWorker.java:lambda$new$0(135)) - 0a6c5d56-45d5-439e-bc91-862df307e002@group-A580B0AD823B-SegmentedRaftLogWorker: flushIndex: setUnconditionally 0 -> -1
2022-10-18 04:04:01,014 [pool-72-thread-1] INFO  segmented.SegmentedRaftLogWorker (SegmentedRaftLogWorker.java:lambda$new$0(135)) - 0a6c5d56-45d5-439e-bc91-862df307e002@group-A580B0AD823B-SegmentedRaftLogWorker: safeCacheEvictIndex: setUnconditionally 0 -> -1
2022-10-18 04:04:01,018 [pool-72-thread-1] INFO  server.RaftServerConfigKeys (ConfUtils.java:logGet(46)) - raft.server.snapshot.auto.trigger.enabled = true (custom)
2022-10-18 04:04:01,018 [pool-72-thread-1] INFO  server.RaftServerConfigKeys (ConfUtils.java:logGet(46)) - raft.server.snapshot.auto.trigger.threshold = 10000 (custom)
2022-10-18 04:04:01,018 [pool-72-thread-1] INFO  server.RaftServerConfigKeys (ConfUtils.java:logGet(46)) - raft.server.snapshot.retention.file.num = 5 (custom)
2022-10-18 04:04:01,018 [pool-72-thread-1] INFO  server.RaftServerConfigKeys (ConfUtils.java:logGet(46)) - raft.server.log.purge.upto.snapshot.index = false (default)
2022-10-18 04:04:01,018 [pool-72-thread-1] INFO  server.RaftServerConfigKeys (ConfUtils.java:logGet(46)) - raft.server.retrycache.expirytime = 600000ms (custom)
2022-10-18 04:04:01,019 [pool-72-thread-1] INFO  server.RaftServerConfigKeys (ConfUtils.java:logGet(46)) - raft.server.retrycache.statistics.expirytime = 100μs (default)
2022-10-18 04:04:01,030 [pool-72-thread-1] INFO  server.RaftServerConfigKeys (ConfUtils.java:logGet(46)) - raft.server.log.appender.install.snapshot.enabled = false (custom)
2022-10-18 04:04:01,030 [pool-72-thread-1] INFO  server.RaftServerConfigKeys (ConfUtils.java:logGet(46)) - raft.server.threadpool.server.cached = true (default)
2022-10-18 04:04:01,030 [pool-72-thread-1] INFO  server.RaftServerConfigKeys (ConfUtils.java:logGet(46)) - raft.server.threadpool.server.size = 0 (default)
2022-10-18 04:04:01,031 [pool-72-thread-1] INFO  server.RaftServerConfigKeys (ConfUtils.java:logGet(46)) - raft.server.threadpool.client.cached = true (default)
2022-10-18 04:04:01,031 [pool-72-thread-1] INFO  server.RaftServerConfigKeys (ConfUtils.java:logGet(46)) - raft.server.threadpool.client.size = 0 (default)
2022-10-18 04:04:01,031 [pool-72-thread-1] INFO  server.RaftServer$Division (RaftServerImpl.java:start(310)) - 0a6c5d56-45d5-439e-bc91-862df307e002@group-A580B0AD823B: start as a follower, conf=-1: [0a6c5d56-45d5-439e-bc91-862df307e002|rpc:10.1.0.75:42965|priority:1, 26892566-c66f-4e9d-89f3-70798840826e|rpc:10.1.0.75:37745|priority:0, a32d4034-02f0-4e94-b594-2fac596c8df5|rpc:10.1.0.75:35931|priority:0], old=null
2022-10-18 04:04:01,031 [pool-72-thread-1] INFO  server.RaftServer$Division (RaftServerImpl.java:setRole(299)) - 0a6c5d56-45d5-439e-bc91-862df307e002@group-A580B0AD823B: changes role from      null to FOLLOWER at term 0 for startAsFollower
2022-10-18 04:04:01,031 [pool-72-thread-1] INFO  impl.RoleInfo (RoleInfo.java:updateAndGet(139)) - 0a6c5d56-45d5-439e-bc91-862df307e002: start 0a6c5d56-45d5-439e-bc91-862df307e002@group-A580B0AD823B-FollowerState
2022-10-18 04:04:01,031 [pool-72-thread-1] INFO  util.JmxRegister (JmxRegister.java:tryRegister(44)) - Successfully registered JMX Bean with object name Ratis:service=RaftServer,group=group-A580B0AD823B,id=0a6c5d56-45d5-439e-bc91-862df307e002
2022-10-18 04:04:01,034 [Command processor thread] INFO  ratis.XceiverServerRatis (XceiverServerRatis.java:addGroup(765)) - Created group PipelineID=b59fc8d6-fc19-4069-9fb9-a580b0ad823b
2022-10-18 04:04:01,520 [Command processor thread] INFO  server.RaftServer (RaftServerProxy.java:addNew(96)) - a32d4034-02f0-4e94-b594-2fac596c8df5: addNew group-854EB7A80603:[a32d4034-02f0-4e94-b594-2fac596c8df5|rpc:10.1.0.75:35931|priority:1] returns group-854EB7A80603:java.util.concurrent.CompletableFuture@2a9426a5[Not completed]
2022-10-18 04:04:01,527 [pool-95-thread-1] INFO  server.RaftServer$Division (RaftServerImpl.java:<init>(190)) - a32d4034-02f0-4e94-b594-2fac596c8df5: new RaftServerImpl for group-854EB7A80603:[a32d4034-02f0-4e94-b594-2fac596c8df5|rpc:10.1.0.75:35931|priority:1] with ContainerStateMachine:uninitialized
2022-10-18 04:04:01,530 [pool-95-thread-1] INFO  server.RaftServerConfigKeys (ConfUtils.java:logGet(46)) - raft.server.rpc.timeout.min = 5s (custom)
2022-10-18 04:04:01,530 [pool-95-thread-1] INFO  server.RaftServerConfigKeys (ConfUtils.java:logGet(46)) - raft.server.rpc.timeout.max = 5200ms (custom)
2022-10-18 04:04:01,531 [pool-95-thread-1] INFO  server.RaftServerConfigKeys (ConfUtils.java:logGet(46)) - raft.server.rpc.sleep.time = 25ms (default)
2022-10-18 04:04:01,531 [pool-95-thread-1] INFO  server.RaftServerConfigKeys (ConfUtils.java:logGet(46)) - raft.server.rpc.slowness.timeout = 300s (custom)
2022-10-18 04:04:01,531 [pool-95-thread-1] INFO  server.RaftServerConfigKeys (ConfUtils.java:logGet(46)) - raft.server.leaderelection.leader.step-down.wait-time = 10s (default)
2022-10-18 04:04:01,531 [pool-95-thread-1] INFO  server.RaftServerConfigKeys (ConfUtils.java:logGet(46)) - raft.server.sleep.deviation.threshold = 300ms (default)
2022-10-18 04:04:01,531 [pool-95-thread-1] INFO  server.RaftServer$Division (ServerState.java:<init>(107)) - a32d4034-02f0-4e94-b594-2fac596c8df5@group-854EB7A80603: ConfigurationManager, init=-1: [a32d4034-02f0-4e94-b594-2fac596c8df5|rpc:10.1.0.75:35931|priority:1], old=null, confs=<EMPTY_MAP>
2022-10-18 04:04:01,531 [pool-95-thread-1] INFO  server.RaftServerConfigKeys (ConfUtils.java:logGet(46)) - raft.server.storage.dir = [/home/runner/work/ozone/ozone/hadoop-ozone/integration-test/target/test-dir/MiniOzoneClusterImpl-74c68852-2f98-4be9-abeb-2ef7722882f6/datanode-1/data/ratis] (custom)
2022-10-18 04:04:01,531 [pool-95-thread-1] INFO  server.RaftServerConfigKeys (ConfUtils.java:logGet(46)) - raft.server.log.corruption.policy = EXCEPTION (default)
2022-10-18 04:04:01,531 [pool-95-thread-1] INFO  server.RaftServerConfigKeys (ConfUtils.java:logGet(46)) - raft.server.storage.free-space.min = 0MB (=0) (default)
2022-10-18 04:04:01,531 [pool-95-thread-1] INFO  storage.RaftStorageDirectory (RaftStorageDirectoryImpl.java:analyzeStorage(135)) - The storage directory /home/runner/work/ozone/ozone/hadoop-ozone/integration-test/target/test-dir/MiniOzoneClusterImpl-74c68852-2f98-4be9-abeb-2ef7722882f6/datanode-1/data/ratis/b72c8154-fdf4-4e0c-bb01-854eb7a80603 does not exist. Creating ...
2022-10-18 04:04:01,534 [pool-95-thread-1] INFO  storage.RaftStorageDirectory (RaftStorageDirectoryImpl.java:tryLock(230)) - Lock on /home/runner/work/ozone/ozone/hadoop-ozone/integration-test/target/test-dir/MiniOzoneClusterImpl-74c68852-2f98-4be9-abeb-2ef7722882f6/datanode-1/data/ratis/b72c8154-fdf4-4e0c-bb01-854eb7a80603/in_use.lock acquired by nodename 58087@fv-az573-760
2022-10-18 04:04:01,535 [pool-95-thread-1] INFO  storage.RaftStorage (RaftStorageImpl.java:format(89)) - Storage directory /home/runner/work/ozone/ozone/hadoop-ozone/integration-test/target/test-dir/MiniOzoneClusterImpl-74c68852-2f98-4be9-abeb-2ef7722882f6/datanode-1/data/ratis/b72c8154-fdf4-4e0c-bb01-854eb7a80603 has been successfully formatted.
2022-10-18 04:04:01,538 [pool-95-thread-1] INFO  ratis.ContainerStateMachine (ContainerStateMachine.java:loadSnapshot(236)) - group-854EB7A80603: The snapshot info is null. Setting the last applied indexto:(t:0, i:~)
2022-10-18 04:04:01,538 [pool-95-thread-1] INFO  server.RaftServerConfigKeys (ConfUtils.java:logGet(46)) - raft.server.notification.no-leader.timeout = 300s (custom)
2022-10-18 04:04:01,538 [pool-95-thread-1] INFO  server.RaftServerConfigKeys (ConfUtils.java:logGet(46)) - raft.server.log.use.memory = false (default)
2022-10-18 04:04:01,538 [pool-95-thread-1] INFO  server.RaftServerConfigKeys (ConfUtils.java:logGet(46)) - raft.server.log.purge.gap = 1000000 (custom)
2022-10-18 04:04:01,538 [pool-95-thread-1] INFO  server.RaftServerConfigKeys (ConfUtils.java:logGet(46)) - raft.server.log.appender.buffer.byte-limit = 33554432 (custom)
2022-10-18 04:04:01,542 [pool-95-thread-1] INFO  server.RaftServerConfigKeys (ConfUtils.java:logGet(46)) - raft.server.log.statemachine.data.read.timeout = 1000ms (default)
2022-10-18 04:04:01,542 [pool-95-thread-1] INFO  server.RaftServerConfigKeys (ConfUtils.java:logGet(46)) - raft.server.log.segment.size.max = 1048576 (custom)
2022-10-18 04:04:01,543 [pool-95-thread-1] INFO  server.RaftServerConfigKeys (ConfUtils.java:logGet(46)) - raft.server.log.segment.cache.num.max = 2 (custom)
2022-10-18 04:04:01,543 [EventQueue-PipelineReportForPipelineReportHandler] INFO  pipeline.PipelineManagerImpl (PipelineManagerImpl.java:openPipeline(367)) - Pipeline Pipeline[ Id: b72c8154-fdf4-4e0c-bb01-854eb7a80603, Nodes: a32d4034-02f0-4e94-b594-2fac596c8df5{ip: 10.1.0.75, host: fv-az573-760.uspngagyt4suddso0aj1djjezg.dx.internal.cloudapp.net, ports: [REPLICATION=34381, RATIS=35931, RATIS_ADMIN=35931, RATIS_SERVER=35931, STANDALONE=46297], networkLocation: /default-rack, certSerialId: null, persistedOpState: IN_SERVICE, persistedOpStateExpiryEpochSec: 0}, ReplicationConfig: RATIS/ONE, State:ALLOCATED, leaderId:a32d4034-02f0-4e94-b594-2fac596c8df5, CreationTimestamp2022-10-18T04:03:58.518Z[Etc/UTC]] moved to OPEN state
2022-10-18 04:04:01,544 [EventQueue-OpenPipelineForHealthyPipelineSafeModeRule] INFO  safemode.SCMSafeModeManager (HealthyPipelineSafeModeRule.java:process(137)) - SCM in safe mode. Healthy pipelines reported count is 0, required healthy pipeline reported count is 1
2022-10-18 04:04:01,543 [pool-95-thread-1] INFO  server.RaftServerConfigKeys (ConfUtils.java:logGet(46)) - raft.server.log.segment.cache.size.max = 200MB (=209715200) (default)
2022-10-18 04:04:01,562 [pool-95-thread-1] INFO  segmented.SegmentedRaftLogWorker (SegmentedRaftLogWorker.java:<init>(187)) - new a32d4034-02f0-4e94-b594-2fac596c8df5@group-854EB7A80603-SegmentedRaftLogWorker for RaftStorageImpl:Storage Directory /home/runner/work/ozone/ozone/hadoop-ozone/integration-test/target/test-dir/MiniOzoneClusterImpl-74c68852-2f98-4be9-abeb-2ef7722882f6/datanode-1/data/ratis/b72c8154-fdf4-4e0c-bb01-854eb7a80603
2022-10-18 04:04:01,562 [pool-95-thread-1] INFO  server.RaftServerConfigKeys (ConfUtils.java:logGet(46)) - raft.server.log.queue.byte-limit = 4294967296 (custom)
2022-10-18 04:04:01,562 [pool-95-thread-1] INFO  server.RaftServerConfigKeys (ConfUtils.java:logGet(46)) - raft.server.log.queue.element-limit = 1024 (custom)
2022-10-18 04:04:01,562 [pool-95-thread-1] INFO  server.RaftServerConfigKeys (ConfUtils.java:logGet(46)) - raft.server.log.segment.size.max = 1048576 (custom)
2022-10-18 04:04:01,562 [pool-95-thread-1] INFO  server.RaftServerConfigKeys (ConfUtils.java:logGet(46)) - raft.server.log.preallocated.size = 16384 (custom)
2022-10-18 04:04:01,562 [pool-95-thread-1] INFO  server.RaftServerConfigKeys (ConfUtils.java:logGet(46)) - raft.server.log.force.sync.num = 128 (default)
2022-10-18 04:04:01,562 [pool-95-thread-1] INFO  server.RaftServerConfigKeys (ConfUtils.java:logGet(46)) - raft.server.log.statemachine.data.sync = true (default)
2022-10-18 04:04:01,562 [pool-95-thread-1] INFO  server.RaftServerConfigKeys (ConfUtils.java:logGet(46)) - raft.server.log.statemachine.data.sync.timeout = 10s (default)
2022-10-18 04:04:01,562 [pool-95-thread-1] INFO  server.RaftServerConfigKeys (ConfUtils.java:logGet(46)) - raft.server.log.statemachine.data.sync.timeout.retry = -1 (default)
2022-10-18 04:04:01,564 [pool-95-thread-1] INFO  server.RaftServerConfigKeys (ConfUtils.java:logGet(46)) - raft.server.log.write.buffer.size = 1048576 (custom)
2022-10-18 04:04:01,564 [pool-95-thread-1] INFO  server.RaftServerConfigKeys (ConfUtils.java:logGet(46)) - raft.server.log.unsafe-flush.enabled = false (default)
2022-10-18 04:04:01,564 [pool-95-thread-1] INFO  server.RaftServerConfigKeys (ConfUtils.java:logGet(46)) - raft.server.log.statemachine.data.caching.enabled = true (custom)
2022-10-18 04:04:01,564 [pool-95-thread-1] INFO  segmented.SegmentedRaftLogWorker (SegmentedRaftLogWorker.java:lambda$new$0(135)) - a32d4034-02f0-4e94-b594-2fac596c8df5@group-854EB7A80603-SegmentedRaftLogWorker: flushIndex: setUnconditionally 0 -> -1
2022-10-18 04:04:01,564 [pool-95-thread-1] INFO  segmented.SegmentedRaftLogWorker (SegmentedRaftLogWorker.java:lambda$new$0(135)) - a32d4034-02f0-4e94-b594-2fac596c8df5@group-854EB7A80603-SegmentedRaftLogWorker: safeCacheEvictIndex: setUnconditionally 0 -> -1
2022-10-18 04:04:01,565 [pool-95-thread-1] INFO  server.RaftServerConfigKeys (ConfUtils.java:logGet(46)) - raft.server.snapshot.auto.trigger.enabled = true (custom)
2022-10-18 04:04:01,565 [pool-95-thread-1] INFO  server.RaftServerConfigKeys (ConfUtils.java:logGet(46)) - raft.server.snapshot.auto.trigger.threshold = 10000 (custom)
2022-10-18 04:04:01,565 [pool-95-thread-1] INFO  server.RaftServerConfigKeys (ConfUtils.java:logGet(46)) - raft.server.snapshot.retention.file.num = 5 (custom)
2022-10-18 04:04:01,565 [pool-95-thread-1] INFO  server.RaftServerConfigKeys (ConfUtils.java:logGet(46)) - raft.server.log.purge.upto.snapshot.index = false (default)
2022-10-18 04:04:01,565 [pool-95-thread-1] INFO  server.RaftServerConfigKeys (ConfUtils.java:logGet(46)) - raft.server.retrycache.expirytime = 600000ms (custom)
2022-10-18 04:04:01,565 [pool-95-thread-1] INFO  server.RaftServerConfigKeys (ConfUtils.java:logGet(46)) - raft.server.retrycache.statistics.expirytime = 100μs (default)
2022-10-18 04:04:01,567 [pool-95-thread-1] INFO  server.RaftServerConfigKeys (ConfUtils.java:logGet(46)) - raft.server.log.appender.install.snapshot.enabled = false (custom)
2022-10-18 04:04:01,567 [pool-95-thread-1] INFO  server.RaftServerConfigKeys (ConfUtils.java:logGet(46)) - raft.server.threadpool.server.cached = true (default)
2022-10-18 04:04:01,567 [pool-95-thread-1] INFO  server.RaftServerConfigKeys (ConfUtils.java:logGet(46)) - raft.server.threadpool.server.size = 0 (default)
2022-10-18 04:04:01,567 [pool-95-thread-1] INFO  server.RaftServerConfigKeys (ConfUtils.java:logGet(46)) - raft.server.threadpool.client.cached = true (default)
2022-10-18 04:04:01,567 [pool-95-thread-1] INFO  server.RaftServerConfigKeys (ConfUtils.java:logGet(46)) - raft.server.threadpool.client.size = 0 (default)
2022-10-18 04:04:01,567 [pool-95-thread-1] INFO  server.RaftServer$Division (RaftServerImpl.java:start(310)) - a32d4034-02f0-4e94-b594-2fac596c8df5@group-854EB7A80603: start as a follower, conf=-1: [a32d4034-02f0-4e94-b594-2fac596c8df5|rpc:10.1.0.75:35931|priority:1], old=null
2022-10-18 04:04:01,568 [pool-95-thread-1] INFO  server.RaftServer$Division (RaftServerImpl.java:setRole(299)) - a32d4034-02f0-4e94-b594-2fac596c8df5@group-854EB7A80603: changes role from      null to FOLLOWER at term 0 for startAsFollower
2022-10-18 04:04:01,568 [pool-95-thread-1] INFO  impl.RoleInfo (RoleInfo.java:updateAndGet(139)) - a32d4034-02f0-4e94-b594-2fac596c8df5: start a32d4034-02f0-4e94-b594-2fac596c8df5@group-854EB7A80603-FollowerState
2022-10-18 04:04:01,568 [pool-95-thread-1] INFO  util.JmxRegister (JmxRegister.java:tryRegister(44)) - Successfully registered JMX Bean with object name Ratis:service=RaftServer,group=group-854EB7A80603,id=a32d4034-02f0-4e94-b594-2fac596c8df5
2022-10-18 04:04:01,573 [Command processor thread] INFO  ratis.XceiverServerRatis (XceiverServerRatis.java:addGroup(765)) - Created group PipelineID=b72c8154-fdf4-4e0c-bb01-854eb7a80603
2022-10-18 04:04:01,573 [Command processor thread] INFO  commandhandler.CreatePipelineCommandHandler (CreatePipelineCommandHandler.java:handle(113)) - Created Pipeline RATIS ONE PipelineID=b72c8154-fdf4-4e0c-bb01-854eb7a80603.
2022-10-18 04:04:01,582 [Command processor thread] INFO  server.RaftServer (RaftServerProxy.java:addNew(96)) - a32d4034-02f0-4e94-b594-2fac596c8df5: addNew group-A580B0AD823B:[0a6c5d56-45d5-439e-bc91-862df307e002|rpc:10.1.0.75:42965|priority:1, 26892566-c66f-4e9d-89f3-70798840826e|rpc:10.1.0.75:37745|priority:0, a32d4034-02f0-4e94-b594-2fac596c8df5|rpc:10.1.0.75:35931|priority:0] returns group-A580B0AD823B:java.util.concurrent.CompletableFuture@2eaba72f[Not completed]
2022-10-18 04:04:01,583 [pool-95-thread-1] INFO  server.RaftServer$Division (RaftServerImpl.java:<init>(190)) - a32d4034-02f0-4e94-b594-2fac596c8df5: new RaftServerImpl for group-A580B0AD823B:[0a6c5d56-45d5-439e-bc91-862df307e002|rpc:10.1.0.75:42965|priority:1, 26892566-c66f-4e9d-89f3-70798840826e|rpc:10.1.0.75:37745|priority:0, a32d4034-02f0-4e94-b594-2fac596c8df5|rpc:10.1.0.75:35931|priority:0] with ContainerStateMachine:uninitialized
2022-10-18 04:04:01,583 [pool-95-thread-1] INFO  server.RaftServerConfigKeys (ConfUtils.java:logGet(46)) - raft.server.rpc.timeout.min = 5s (custom)
2022-10-18 04:04:01,584 [pool-95-thread-1] INFO  server.RaftServerConfigKeys (ConfUtils.java:logGet(46)) - raft.server.rpc.timeout.max = 5200ms (custom)
2022-10-18 04:04:01,584 [pool-95-thread-1] INFO  server.RaftServerConfigKeys (ConfUtils.java:logGet(46)) - raft.server.rpc.sleep.time = 25ms (default)
2022-10-18 04:04:01,584 [pool-95-thread-1] INFO  server.RaftServerConfigKeys (ConfUtils.java:logGet(46)) - raft.server.rpc.slowness.timeout = 300s (custom)
2022-10-18 04:04:01,584 [pool-95-thread-1] INFO  server.RaftServerConfigKeys (ConfUtils.java:logGet(46)) - raft.server.leaderelection.leader.step-down.wait-time = 10s (default)
2022-10-18 04:04:01,584 [pool-95-thread-1] INFO  server.RaftServerConfigKeys (ConfUtils.java:logGet(46)) - raft.server.sleep.deviation.threshold = 300ms (default)
2022-10-18 04:04:01,584 [pool-95-thread-1] INFO  server.RaftServer$Division (ServerState.java:<init>(107)) - a32d4034-02f0-4e94-b594-2fac596c8df5@group-A580B0AD823B: ConfigurationManager, init=-1: [0a6c5d56-45d5-439e-bc91-862df307e002|rpc:10.1.0.75:42965|priority:1, 26892566-c66f-4e9d-89f3-70798840826e|rpc:10.1.0.75:37745|priority:0, a32d4034-02f0-4e94-b594-2fac596c8df5|rpc:10.1.0.75:35931|priority:0], old=null, confs=<EMPTY_MAP>
2022-10-18 04:04:01,585 [pool-95-thread-1] INFO  server.RaftServerConfigKeys (ConfUtils.java:logGet(46)) - raft.server.storage.dir = [/home/runner/work/ozone/ozone/hadoop-ozone/integration-test/target/test-dir/MiniOzoneClusterImpl-74c68852-2f98-4be9-abeb-2ef7722882f6/datanode-1/data/ratis] (custom)
2022-10-18 04:04:01,585 [pool-95-thread-1] INFO  server.RaftServerConfigKeys (ConfUtils.java:logGet(46)) - raft.server.log.corruption.policy = EXCEPTION (default)
2022-10-18 04:04:01,585 [pool-95-thread-1] INFO  server.RaftServerConfigKeys (ConfUtils.java:logGet(46)) - raft.server.storage.free-space.min = 0MB (=0) (default)
2022-10-18 04:04:01,585 [pool-95-thread-1] INFO  storage.RaftStorageDirectory (RaftStorageDirectoryImpl.java:analyzeStorage(135)) - The storage directory /home/runner/work/ozone/ozone/hadoop-ozone/integration-test/target/test-dir/MiniOzoneClusterImpl-74c68852-2f98-4be9-abeb-2ef7722882f6/datanode-1/data/ratis/b59fc8d6-fc19-4069-9fb9-a580b0ad823b does not exist. Creating ...
2022-10-18 04:04:01,588 [grpc-default-executor-0] INFO  server.RaftServer (RaftServerProxy.java:addNew(96)) - 26892566-c66f-4e9d-89f3-70798840826e: addNew group-A580B0AD823B:[0a6c5d56-45d5-439e-bc91-862df307e002|rpc:10.1.0.75:42965|dataStream:|priority:1, 26892566-c66f-4e9d-89f3-70798840826e|rpc:10.1.0.75:37745|dataStream:|priority:0, a32d4034-02f0-4e94-b594-2fac596c8df5|rpc:10.1.0.75:35931|dataStream:|priority:0] returns group-A580B0AD823B:java.util.concurrent.CompletableFuture@757c9a8a[Not completed]
2022-10-18 04:04:01,589 [pool-95-thread-1] INFO  storage.RaftStorageDirectory (RaftStorageDirectoryImpl.java:tryLock(230)) - Lock on /home/runner/work/ozone/ozone/hadoop-ozone/integration-test/target/test-dir/MiniOzoneClusterImpl-74c68852-2f98-4be9-abeb-2ef7722882f6/datanode-1/data/ratis/b59fc8d6-fc19-4069-9fb9-a580b0ad823b/in_use.lock acquired by nodename 58087@fv-az573-760
2022-10-18 04:04:01,590 [pool-118-thread-1] INFO  server.RaftServer$Division (RaftServerImpl.java:<init>(190)) - 26892566-c66f-4e9d-89f3-70798840826e: new RaftServerImpl for group-A580B0AD823B:[0a6c5d56-45d5-439e-bc91-862df307e002|rpc:10.1.0.75:42965|dataStream:|priority:1, 26892566-c66f-4e9d-89f3-70798840826e|rpc:10.1.0.75:37745|dataStream:|priority:0, a32d4034-02f0-4e94-b594-2fac596c8df5|rpc:10.1.0.75:35931|dataStream:|priority:0] with ContainerStateMachine:uninitialized
2022-10-18 04:04:01,590 [pool-118-thread-1] INFO  server.RaftServerConfigKeys (ConfUtils.java:logGet(46)) - raft.server.rpc.timeout.min = 5s (custom)
2022-10-18 04:04:01,590 [pool-95-thread-1] INFO  storage.RaftStorage (RaftStorageImpl.java:format(89)) - Storage directory /home/runner/work/ozone/ozone/hadoop-ozone/integration-test/target/test-dir/MiniOzoneClusterImpl-74c68852-2f98-4be9-abeb-2ef7722882f6/datanode-1/data/ratis/b59fc8d6-fc19-4069-9fb9-a580b0ad823b has been successfully formatted.
2022-10-18 04:04:01,591 [pool-118-thread-1] INFO  server.RaftServerConfigKeys (ConfUtils.java:logGet(46)) - raft.server.rpc.timeout.max = 5200ms (custom)
2022-10-18 04:04:01,591 [pool-118-thread-1] INFO  server.RaftServerConfigKeys (ConfUtils.java:logGet(46)) - raft.server.rpc.sleep.time = 25ms (default)
2022-10-18 04:04:01,591 [pool-118-thread-1] INFO  server.RaftServerConfigKeys (ConfUtils.java:logGet(46)) - raft.server.rpc.slowness.timeout = 300s (custom)
2022-10-18 04:04:01,591 [pool-118-thread-1] INFO  server.RaftServerConfigKeys (ConfUtils.java:logGet(46)) - raft.server.leaderelection.leader.step-down.wait-time = 10s (default)
2022-10-18 04:04:01,591 [pool-118-thread-1] INFO  server.RaftServerConfigKeys (ConfUtils.java:logGet(46)) - raft.server.sleep.deviation.threshold = 300ms (default)
2022-10-18 04:04:01,591 [pool-118-thread-1] INFO  server.RaftServer$Division (ServerState.java:<init>(107)) - 26892566-c66f-4e9d-89f3-70798840826e@group-A580B0AD823B: ConfigurationManager, init=-1: [0a6c5d56-45d5-439e-bc91-862df307e002|rpc:10.1.0.75:42965|dataStream:|priority:1, 26892566-c66f-4e9d-89f3-70798840826e|rpc:10.1.0.75:37745|dataStream:|priority:0, a32d4034-02f0-4e94-b594-2fac596c8df5|rpc:10.1.0.75:35931|dataStream:|priority:0], old=null, confs=<EMPTY_MAP>
2022-10-18 04:04:01,591 [pool-118-thread-1] INFO  server.RaftServerConfigKeys (ConfUtils.java:logGet(46)) - raft.server.storage.dir = [/home/runner/work/ozone/ozone/hadoop-ozone/integration-test/target/test-dir/MiniOzoneClusterImpl-74c68852-2f98-4be9-abeb-2ef7722882f6/datanode-2/data/ratis] (custom)
2022-10-18 04:04:01,591 [pool-118-thread-1] INFO  server.RaftServerConfigKeys (ConfUtils.java:logGet(46)) - raft.server.log.corruption.policy = EXCEPTION (default)
2022-10-18 04:04:01,591 [pool-118-thread-1] INFO  server.RaftServerConfigKeys (ConfUtils.java:logGet(46)) - raft.server.storage.free-space.min = 0MB (=0) (default)
2022-10-18 04:04:01,592 [pool-118-thread-1] INFO  storage.RaftStorageDirectory (RaftStorageDirectoryImpl.java:analyzeStorage(135)) - The storage directory /home/runner/work/ozone/ozone/hadoop-ozone/integration-test/target/test-dir/MiniOzoneClusterImpl-74c68852-2f98-4be9-abeb-2ef7722882f6/datanode-2/data/ratis/b59fc8d6-fc19-4069-9fb9-a580b0ad823b does not exist. Creating ...
2022-10-18 04:04:01,594 [pool-95-thread-1] INFO  ratis.ContainerStateMachine (ContainerStateMachine.java:loadSnapshot(236)) - group-A580B0AD823B: The snapshot info is null. Setting the last applied indexto:(t:0, i:~)
2022-10-18 04:04:01,595 [EventQueue-OpenPipelineForHealthyPipelineSafeModeRule] INFO  safemode.SCMSafeModeManager (HealthyPipelineSafeModeRule.java:process(137)) - SCM in safe mode. Healthy pipelines reported count is 0, required healthy pipeline reported count is 1
2022-10-18 04:04:01,595 [pool-95-thread-1] INFO  server.RaftServerConfigKeys (ConfUtils.java:logGet(46)) - raft.server.notification.no-leader.timeout = 300s (custom)
2022-10-18 04:04:01,595 [pool-95-thread-1] INFO  server.RaftServerConfigKeys (ConfUtils.java:logGet(46)) - raft.server.log.use.memory = false (default)
2022-10-18 04:04:01,595 [pool-95-thread-1] INFO  server.RaftServerConfigKeys (ConfUtils.java:logGet(46)) - raft.server.log.purge.gap = 1000000 (custom)
2022-10-18 04:04:01,595 [pool-95-thread-1] INFO  server.RaftServerConfigKeys (ConfUtils.java:logGet(46)) - raft.server.log.appender.buffer.byte-limit = 33554432 (custom)
2022-10-18 04:04:01,595 [pool-95-thread-1] INFO  server.RaftServerConfigKeys (ConfUtils.java:logGet(46)) - raft.server.log.statemachine.data.read.timeout = 1000ms (default)
2022-10-18 04:04:01,596 [pool-95-thread-1] INFO  server.RaftServerConfigKeys (ConfUtils.java:logGet(46)) - raft.server.log.segment.size.max = 1048576 (custom)
2022-10-18 04:04:01,596 [pool-95-thread-1] INFO  server.RaftServerConfigKeys (ConfUtils.java:logGet(46)) - raft.server.log.segment.cache.num.max = 2 (custom)
2022-10-18 04:04:01,596 [pool-95-thread-1] INFO  server.RaftServerConfigKeys (ConfUtils.java:logGet(46)) - raft.server.log.segment.cache.size.max = 200MB (=209715200) (default)
2022-10-18 04:04:01,597 [pool-95-thread-1] INFO  segmented.SegmentedRaftLogWorker (SegmentedRaftLogWorker.java:<init>(187)) - new a32d4034-02f0-4e94-b594-2fac596c8df5@group-A580B0AD823B-SegmentedRaftLogWorker for RaftStorageImpl:Storage Directory /home/runner/work/ozone/ozone/hadoop-ozone/integration-test/target/test-dir/MiniOzoneClusterImpl-74c68852-2f98-4be9-abeb-2ef7722882f6/datanode-1/data/ratis/b59fc8d6-fc19-4069-9fb9-a580b0ad823b
2022-10-18 04:04:01,597 [pool-95-thread-1] INFO  server.RaftServerConfigKeys (ConfUtils.java:logGet(46)) - raft.server.log.queue.byte-limit = 4294967296 (custom)
2022-10-18 04:04:01,597 [pool-95-thread-1] INFO  server.RaftServerConfigKeys (ConfUtils.java:logGet(46)) - raft.server.log.queue.element-limit = 1024 (custom)
2022-10-18 04:04:01,597 [pool-95-thread-1] INFO  server.RaftServerConfigKeys (ConfUtils.java:logGet(46)) - raft.server.log.segment.size.max = 1048576 (custom)
2022-10-18 04:04:01,597 [pool-95-thread-1] INFO  server.RaftServerConfigKeys (ConfUtils.java:logGet(46)) - raft.server.log.preallocated.size = 16384 (custom)
2022-10-18 04:04:01,597 [pool-95-thread-1] INFO  server.RaftServerConfigKeys (ConfUtils.java:logGet(46)) - raft.server.log.force.sync.num = 128 (default)
2022-10-18 04:04:01,597 [pool-95-thread-1] INFO  server.RaftServerConfigKeys (ConfUtils.java:logGet(46)) - raft.server.log.statemachine.data.sync = true (default)
2022-10-18 04:04:01,597 [pool-95-thread-1] INFO  server.RaftServerConfigKeys (ConfUtils.java:logGet(46)) - raft.server.log.statemachine.data.sync.timeout = 10s (default)
2022-10-18 04:04:01,597 [pool-95-thread-1] INFO  server.RaftServerConfigKeys (ConfUtils.java:logGet(46)) - raft.server.log.statemachine.data.sync.timeout.retry = -1 (default)
2022-10-18 04:04:01,599 [pool-95-thread-1] INFO  server.RaftServerConfigKeys (ConfUtils.java:logGet(46)) - raft.server.log.write.buffer.size = 1048576 (custom)
2022-10-18 04:04:01,599 [pool-95-thread-1] INFO  server.RaftServerConfigKeys (ConfUtils.java:logGet(46)) - raft.server.log.unsafe-flush.enabled = false (default)
2022-10-18 04:04:01,599 [pool-95-thread-1] INFO  server.RaftServerConfigKeys (ConfUtils.java:logGet(46)) - raft.server.log.statemachine.data.caching.enabled = true (custom)
2022-10-18 04:04:01,599 [pool-95-thread-1] INFO  segmented.SegmentedRaftLogWorker (SegmentedRaftLogWorker.java:lambda$new$0(135)) - a32d4034-02f0-4e94-b594-2fac596c8df5@group-A580B0AD823B-SegmentedRaftLogWorker: flushIndex: setUnconditionally 0 -> -1
2022-10-18 04:04:01,599 [pool-95-thread-1] INFO  segmented.SegmentedRaftLogWorker (SegmentedRaftLogWorker.java:lambda$new$0(135)) - a32d4034-02f0-4e94-b594-2fac596c8df5@group-A580B0AD823B-SegmentedRaftLogWorker: safeCacheEvictIndex: setUnconditionally 0 -> -1
2022-10-18 04:04:01,600 [pool-95-thread-1] INFO  server.RaftServerConfigKeys (ConfUtils.java:logGet(46)) - raft.server.snapshot.auto.trigger.enabled = true (custom)
2022-10-18 04:04:01,600 [pool-95-thread-1] INFO  server.RaftServerConfigKeys (ConfUtils.java:logGet(46)) - raft.server.snapshot.auto.trigger.threshold = 10000 (custom)
2022-10-18 04:04:01,600 [pool-95-thread-1] INFO  server.RaftServerConfigKeys (ConfUtils.java:logGet(46)) - raft.server.snapshot.retention.file.num = 5 (custom)
2022-10-18 04:04:01,600 [pool-95-thread-1] INFO  server.RaftServerConfigKeys (ConfUtils.java:logGet(46)) - raft.server.log.purge.upto.snapshot.index = false (default)
2022-10-18 04:04:01,600 [pool-95-thread-1] INFO  server.RaftServerConfigKeys (ConfUtils.java:logGet(46)) - raft.server.retrycache.expirytime = 600000ms (custom)
2022-10-18 04:04:01,600 [pool-95-thread-1] INFO  server.RaftServerConfigKeys (ConfUtils.java:logGet(46)) - raft.server.retrycache.statistics.expirytime = 100μs (default)
2022-10-18 04:04:01,601 [pool-95-thread-1] INFO  server.RaftServerConfigKeys (ConfUtils.java:logGet(46)) - raft.server.log.appender.install.snapshot.enabled = false (custom)
2022-10-18 04:04:01,602 [pool-95-thread-1] INFO  server.RaftServerConfigKeys (ConfUtils.java:logGet(46)) - raft.server.threadpool.server.cached = true (default)
2022-10-18 04:04:01,602 [pool-95-thread-1] INFO  server.RaftServerConfigKeys (ConfUtils.java:logGet(46)) - raft.server.threadpool.server.size = 0 (default)
2022-10-18 04:04:01,602 [pool-95-thread-1] INFO  server.RaftServerConfigKeys (ConfUtils.java:logGet(46)) - raft.server.threadpool.client.cached = true (default)
2022-10-18 04:04:01,602 [pool-95-thread-1] INFO  server.RaftServerConfigKeys (ConfUtils.java:logGet(46)) - raft.server.threadpool.client.size = 0 (default)
2022-10-18 04:04:01,602 [pool-95-thread-1] INFO  server.RaftServer$Division (RaftServerImpl.java:start(310)) - a32d4034-02f0-4e94-b594-2fac596c8df5@group-A580B0AD823B: start as a follower, conf=-1: [0a6c5d56-45d5-439e-bc91-862df307e002|rpc:10.1.0.75:42965|priority:1, 26892566-c66f-4e9d-89f3-70798840826e|rpc:10.1.0.75:37745|priority:0, a32d4034-02f0-4e94-b594-2fac596c8df5|rpc:10.1.0.75:35931|priority:0], old=null
2022-10-18 04:04:01,602 [pool-95-thread-1] INFO  server.RaftServer$Division (RaftServerImpl.java:setRole(299)) - a32d4034-02f0-4e94-b594-2fac596c8df5@group-A580B0AD823B: changes role from      null to FOLLOWER at term 0 for startAsFollower
2022-10-18 04:04:01,602 [pool-95-thread-1] INFO  impl.RoleInfo (RoleInfo.java:updateAndGet(139)) - a32d4034-02f0-4e94-b594-2fac596c8df5: start a32d4034-02f0-4e94-b594-2fac596c8df5@group-A580B0AD823B-FollowerState
2022-10-18 04:04:01,604 [pool-95-thread-1] INFO  util.JmxRegister (JmxRegister.java:tryRegister(44)) - Successfully registered JMX Bean with object name Ratis:service=RaftServer,group=group-A580B0AD823B,id=a32d4034-02f0-4e94-b594-2fac596c8df5
2022-10-18 04:04:01,606 [pool-118-thread-1] INFO  storage.RaftStorageDirectory (RaftStorageDirectoryImpl.java:tryLock(230)) - Lock on /home/runner/work/ozone/ozone/hadoop-ozone/integration-test/target/test-dir/MiniOzoneClusterImpl-74c68852-2f98-4be9-abeb-2ef7722882f6/datanode-2/data/ratis/b59fc8d6-fc19-4069-9fb9-a580b0ad823b/in_use.lock acquired by nodename 58087@fv-az573-760
2022-10-18 04:04:01,606 [Command processor thread] INFO  ratis.XceiverServerRatis (XceiverServerRatis.java:addGroup(765)) - Created group PipelineID=b59fc8d6-fc19-4069-9fb9-a580b0ad823b
2022-10-18 04:04:01,609 [pool-118-thread-1] INFO  storage.RaftStorage (RaftStorageImpl.java:format(89)) - Storage directory /home/runner/work/ozone/ozone/hadoop-ozone/integration-test/target/test-dir/MiniOzoneClusterImpl-74c68852-2f98-4be9-abeb-2ef7722882f6/datanode-2/data/ratis/b59fc8d6-fc19-4069-9fb9-a580b0ad823b has been successfully formatted.
2022-10-18 04:04:01,610 [pool-118-thread-1] INFO  ratis.ContainerStateMachine (ContainerStateMachine.java:loadSnapshot(236)) - group-A580B0AD823B: The snapshot info is null. Setting the last applied indexto:(t:0, i:~)
2022-10-18 04:04:01,610 [pool-118-thread-1] INFO  server.RaftServerConfigKeys (ConfUtils.java:logGet(46)) - raft.server.notification.no-leader.timeout = 300s (custom)
2022-10-18 04:04:01,610 [pool-118-thread-1] INFO  server.RaftServerConfigKeys (ConfUtils.java:logGet(46)) - raft.server.log.use.memory = false (default)
2022-10-18 04:04:01,610 [pool-118-thread-1] INFO  server.RaftServerConfigKeys (ConfUtils.java:logGet(46)) - raft.server.log.purge.gap = 1000000 (custom)
2022-10-18 04:04:01,611 [pool-118-thread-1] INFO  server.RaftServerConfigKeys (ConfUtils.java:logGet(46)) - raft.server.log.appender.buffer.byte-limit = 33554432 (custom)
2022-10-18 04:04:01,611 [pool-118-thread-1] INFO  server.RaftServerConfigKeys (ConfUtils.java:logGet(46)) - raft.server.log.statemachine.data.read.timeout = 1000ms (default)
2022-10-18 04:04:01,611 [pool-118-thread-1] INFO  server.RaftServerConfigKeys (ConfUtils.java:logGet(46)) - raft.server.log.segment.size.max = 1048576 (custom)
2022-10-18 04:04:01,611 [pool-118-thread-1] INFO  server.RaftServerConfigKeys (ConfUtils.java:logGet(46)) - raft.server.log.segment.cache.num.max = 2 (custom)
2022-10-18 04:04:01,612 [pool-118-thread-1] INFO  server.RaftServerConfigKeys (ConfUtils.java:logGet(46)) - raft.server.log.segment.cache.size.max = 200MB (=209715200) (default)
2022-10-18 04:04:01,612 [pool-118-thread-1] INFO  segmented.SegmentedRaftLogWorker (SegmentedRaftLogWorker.java:<init>(187)) - new 26892566-c66f-4e9d-89f3-70798840826e@group-A580B0AD823B-SegmentedRaftLogWorker for RaftStorageImpl:Storage Directory /home/runner/work/ozone/ozone/hadoop-ozone/integration-test/target/test-dir/MiniOzoneClusterImpl-74c68852-2f98-4be9-abeb-2ef7722882f6/datanode-2/data/ratis/b59fc8d6-fc19-4069-9fb9-a580b0ad823b
2022-10-18 04:04:01,612 [pool-118-thread-1] INFO  server.RaftServerConfigKeys (ConfUtils.java:logGet(46)) - raft.server.log.queue.byte-limit = 4294967296 (custom)
2022-10-18 04:04:01,612 [pool-118-thread-1] INFO  server.RaftServerConfigKeys (ConfUtils.java:logGet(46)) - raft.server.log.queue.element-limit = 1024 (custom)
2022-10-18 04:04:01,613 [pool-118-thread-1] INFO  server.RaftServerConfigKeys (ConfUtils.java:logGet(46)) - raft.server.log.segment.size.max = 1048576 (custom)
2022-10-18 04:04:01,613 [pool-118-thread-1] INFO  server.RaftServerConfigKeys (ConfUtils.java:logGet(46)) - raft.server.log.preallocated.size = 16384 (custom)
2022-10-18 04:04:01,613 [pool-118-thread-1] INFO  server.RaftServerConfigKeys (ConfUtils.java:logGet(46)) - raft.server.log.force.sync.num = 128 (default)
2022-10-18 04:04:01,614 [pool-118-thread-1] INFO  server.RaftServerConfigKeys (ConfUtils.java:logGet(46)) - raft.server.log.statemachine.data.sync = true (default)
2022-10-18 04:04:01,614 [pool-118-thread-1] INFO  server.RaftServerConfigKeys (ConfUtils.java:logGet(46)) - raft.server.log.statemachine.data.sync.timeout = 10s (default)
2022-10-18 04:04:01,617 [pool-118-thread-1] INFO  server.RaftServerConfigKeys (ConfUtils.java:logGet(46)) - raft.server.log.statemachine.data.sync.timeout.retry = -1 (default)
2022-10-18 04:04:01,619 [pool-118-thread-1] INFO  server.RaftServerConfigKeys (ConfUtils.java:logGet(46)) - raft.server.log.write.buffer.size = 1048576 (custom)
2022-10-18 04:04:01,621 [pool-118-thread-1] INFO  server.RaftServerConfigKeys (ConfUtils.java:logGet(46)) - raft.server.log.unsafe-flush.enabled = false (default)
2022-10-18 04:04:01,621 [pool-118-thread-1] INFO  server.RaftServerConfigKeys (ConfUtils.java:logGet(46)) - raft.server.log.statemachine.data.caching.enabled = true (custom)
2022-10-18 04:04:01,621 [pool-118-thread-1] INFO  segmented.SegmentedRaftLogWorker (SegmentedRaftLogWorker.java:lambda$new$0(135)) - 26892566-c66f-4e9d-89f3-70798840826e@group-A580B0AD823B-SegmentedRaftLogWorker: flushIndex: setUnconditionally 0 -> -1
2022-10-18 04:04:01,621 [pool-118-thread-1] INFO  segmented.SegmentedRaftLogWorker (SegmentedRaftLogWorker.java:lambda$new$0(135)) - 26892566-c66f-4e9d-89f3-70798840826e@group-A580B0AD823B-SegmentedRaftLogWorker: safeCacheEvictIndex: setUnconditionally 0 -> -1
2022-10-18 04:04:01,621 [pool-118-thread-1] INFO  server.RaftServerConfigKeys (ConfUtils.java:logGet(46)) - raft.server.snapshot.auto.trigger.enabled = true (custom)
2022-10-18 04:04:01,621 [pool-118-thread-1] INFO  server.RaftServerConfigKeys (ConfUtils.java:logGet(46)) - raft.server.snapshot.auto.trigger.threshold = 10000 (custom)
2022-10-18 04:04:01,621 [pool-118-thread-1] INFO  server.RaftServerConfigKeys (ConfUtils.java:logGet(46)) - raft.server.snapshot.retention.file.num = 5 (custom)
2022-10-18 04:04:01,621 [pool-118-thread-1] INFO  server.RaftServerConfigKeys (ConfUtils.java:logGet(46)) - raft.server.log.purge.upto.snapshot.index = false (default)
2022-10-18 04:04:01,622 [pool-118-thread-1] INFO  server.RaftServerConfigKeys (ConfUtils.java:logGet(46)) - raft.server.retrycache.expirytime = 600000ms (custom)
2022-10-18 04:04:01,622 [pool-118-thread-1] INFO  server.RaftServerConfigKeys (ConfUtils.java:logGet(46)) - raft.server.retrycache.statistics.expirytime = 100μs (default)
2022-10-18 04:04:01,623 [pool-118-thread-1] INFO  server.RaftServerConfigKeys (ConfUtils.java:logGet(46)) - raft.server.log.appender.install.snapshot.enabled = false (custom)
2022-10-18 04:04:01,623 [pool-118-thread-1] INFO  server.RaftServerConfigKeys (ConfUtils.java:logGet(46)) - raft.server.threadpool.server.cached = true (default)
2022-10-18 04:04:01,623 [pool-118-thread-1] INFO  server.RaftServerConfigKeys (ConfUtils.java:logGet(46)) - raft.server.threadpool.server.size = 0 (default)
2022-10-18 04:04:01,623 [pool-118-thread-1] INFO  server.RaftServerConfigKeys (ConfUtils.java:logGet(46)) - raft.server.threadpool.client.cached = true (default)
2022-10-18 04:04:01,623 [pool-118-thread-1] INFO  server.RaftServerConfigKeys (ConfUtils.java:logGet(46)) - raft.server.threadpool.client.size = 0 (default)
2022-10-18 04:04:01,626 [pool-118-thread-1] INFO  server.RaftServer$Division (RaftServerImpl.java:start(310)) - 26892566-c66f-4e9d-89f3-70798840826e@group-A580B0AD823B: start as a follower, conf=-1: [0a6c5d56-45d5-439e-bc91-862df307e002|rpc:10.1.0.75:42965|dataStream:|priority:1, 26892566-c66f-4e9d-89f3-70798840826e|rpc:10.1.0.75:37745|dataStream:|priority:0, a32d4034-02f0-4e94-b594-2fac596c8df5|rpc:10.1.0.75:35931|dataStream:|priority:0], old=null
2022-10-18 04:04:01,626 [pool-118-thread-1] INFO  server.RaftServer$Division (RaftServerImpl.java:setRole(299)) - 26892566-c66f-4e9d-89f3-70798840826e@group-A580B0AD823B: changes role from      null to FOLLOWER at term 0 for startAsFollower
2022-10-18 04:04:01,626 [pool-118-thread-1] INFO  impl.RoleInfo (RoleInfo.java:updateAndGet(139)) - 26892566-c66f-4e9d-89f3-70798840826e: start 26892566-c66f-4e9d-89f3-70798840826e@group-A580B0AD823B-FollowerState
2022-10-18 04:04:01,626 [pool-118-thread-1] INFO  util.JmxRegister (JmxRegister.java:tryRegister(44)) - Successfully registered JMX Bean with object name Ratis:service=RaftServer,group=group-A580B0AD823B,id=26892566-c66f-4e9d-89f3-70798840826e
2022-10-18 04:04:01,787 [Command processor thread] INFO  commandhandler.CreatePipelineCommandHandler (CreatePipelineCommandHandler.java:handle(113)) - Created Pipeline RATIS THREE PipelineID=b59fc8d6-fc19-4069-9fb9-a580b0ad823b.
2022-10-18 04:04:01,787 [Command processor thread] INFO  server.RaftServer (RaftServerProxy.java:addNew(96)) - a32d4034-02f0-4e94-b594-2fac596c8df5: addNew group-A1C1C4F28718:[0a6c5d56-45d5-439e-bc91-862df307e002|rpc:10.1.0.75:42965|priority:0, 26892566-c66f-4e9d-89f3-70798840826e|rpc:10.1.0.75:37745|priority:1, a32d4034-02f0-4e94-b594-2fac596c8df5|rpc:10.1.0.75:35931|priority:0] returns group-A1C1C4F28718:java.util.concurrent.CompletableFuture@3bbbcbf7[Not completed]
2022-10-18 04:04:01,788 [pool-95-thread-1] INFO  server.RaftServer$Division (RaftServerImpl.java:<init>(190)) - a32d4034-02f0-4e94-b594-2fac596c8df5: new RaftServerImpl for group-A1C1C4F28718:[0a6c5d56-45d5-439e-bc91-862df307e002|rpc:10.1.0.75:42965|priority:0, 26892566-c66f-4e9d-89f3-70798840826e|rpc:10.1.0.75:37745|priority:1, a32d4034-02f0-4e94-b594-2fac596c8df5|rpc:10.1.0.75:35931|priority:0] with ContainerStateMachine:uninitialized
2022-10-18 04:04:01,788 [pool-95-thread-1] INFO  server.RaftServerConfigKeys (ConfUtils.java:logGet(46)) - raft.server.rpc.timeout.min = 5s (custom)
2022-10-18 04:04:01,788 [pool-95-thread-1] INFO  server.RaftServerConfigKeys (ConfUtils.java:logGet(46)) - raft.server.rpc.timeout.max = 5200ms (custom)
2022-10-18 04:04:01,789 [pool-95-thread-1] INFO  server.RaftServerConfigKeys (ConfUtils.java:logGet(46)) - raft.server.rpc.sleep.time = 25ms (default)
2022-10-18 04:04:01,789 [pool-95-thread-1] INFO  server.RaftServerConfigKeys (ConfUtils.java:logGet(46)) - raft.server.rpc.slowness.timeout = 300s (custom)
2022-10-18 04:04:01,789 [pool-95-thread-1] INFO  server.RaftServerConfigKeys (ConfUtils.java:logGet(46)) - raft.server.leaderelection.leader.step-down.wait-time = 10s (default)
2022-10-18 04:04:01,789 [pool-95-thread-1] INFO  server.RaftServerConfigKeys (ConfUtils.java:logGet(46)) - raft.server.sleep.deviation.threshold = 300ms (default)
2022-10-18 04:04:01,794 [pool-95-thread-1] INFO  server.RaftServer$Division (ServerState.java:<init>(107)) - a32d4034-02f0-4e94-b594-2fac596c8df5@group-A1C1C4F28718: ConfigurationManager, init=-1: [0a6c5d56-45d5-439e-bc91-862df307e002|rpc:10.1.0.75:42965|priority:0, 26892566-c66f-4e9d-89f3-70798840826e|rpc:10.1.0.75:37745|priority:1, a32d4034-02f0-4e94-b594-2fac596c8df5|rpc:10.1.0.75:35931|priority:0], old=null, confs=<EMPTY_MAP>
2022-10-18 04:04:01,794 [pool-95-thread-1] INFO  server.RaftServerConfigKeys (ConfUtils.java:logGet(46)) - raft.server.storage.dir = [/home/runner/work/ozone/ozone/hadoop-ozone/integration-test/target/test-dir/MiniOzoneClusterImpl-74c68852-2f98-4be9-abeb-2ef7722882f6/datanode-1/data/ratis] (custom)
2022-10-18 04:04:01,794 [pool-95-thread-1] INFO  server.RaftServerConfigKeys (ConfUtils.java:logGet(46)) - raft.server.log.corruption.policy = EXCEPTION (default)
2022-10-18 04:04:01,794 [pool-95-thread-1] INFO  server.RaftServerConfigKeys (ConfUtils.java:logGet(46)) - raft.server.storage.free-space.min = 0MB (=0) (default)
2022-10-18 04:04:01,794 [pool-95-thread-1] INFO  storage.RaftStorageDirectory (RaftStorageDirectoryImpl.java:analyzeStorage(135)) - The storage directory /home/runner/work/ozone/ozone/hadoop-ozone/integration-test/target/test-dir/MiniOzoneClusterImpl-74c68852-2f98-4be9-abeb-2ef7722882f6/datanode-1/data/ratis/fac4febb-f755-472f-8493-a1c1c4f28718 does not exist. Creating ...
2022-10-18 04:04:01,797 [pool-95-thread-1] INFO  storage.RaftStorageDirectory (RaftStorageDirectoryImpl.java:tryLock(230)) - Lock on /home/runner/work/ozone/ozone/hadoop-ozone/integration-test/target/test-dir/MiniOzoneClusterImpl-74c68852-2f98-4be9-abeb-2ef7722882f6/datanode-1/data/ratis/fac4febb-f755-472f-8493-a1c1c4f28718/in_use.lock acquired by nodename 58087@fv-az573-760
2022-10-18 04:04:01,799 [Command processor thread] INFO  commandhandler.CreatePipelineCommandHandler (CreatePipelineCommandHandler.java:handle(113)) - Created Pipeline RATIS THREE PipelineID=b59fc8d6-fc19-4069-9fb9-a580b0ad823b.
2022-10-18 04:04:01,799 [Command processor thread] INFO  server.RaftServer (RaftServerProxy.java:addNew(96)) - 0a6c5d56-45d5-439e-bc91-862df307e002: addNew group-A1C1C4F28718:[0a6c5d56-45d5-439e-bc91-862df307e002|rpc:10.1.0.75:42965|priority:0, 26892566-c66f-4e9d-89f3-70798840826e|rpc:10.1.0.75:37745|priority:1, a32d4034-02f0-4e94-b594-2fac596c8df5|rpc:10.1.0.75:35931|priority:0] returns group-A1C1C4F28718:java.util.concurrent.CompletableFuture@b8bb882[Not completed]
2022-10-18 04:04:01,801 [pool-72-thread-1] INFO  server.RaftServer$Division (RaftServerImpl.java:<init>(190)) - 0a6c5d56-45d5-439e-bc91-862df307e002: new RaftServerImpl for group-A1C1C4F28718:[0a6c5d56-45d5-439e-bc91-862df307e002|rpc:10.1.0.75:42965|priority:0, 26892566-c66f-4e9d-89f3-70798840826e|rpc:10.1.0.75:37745|priority:1, a32d4034-02f0-4e94-b594-2fac596c8df5|rpc:10.1.0.75:35931|priority:0] with ContainerStateMachine:uninitialized
2022-10-18 04:04:01,801 [pool-72-thread-1] INFO  server.RaftServerConfigKeys (ConfUtils.java:logGet(46)) - raft.server.rpc.timeout.min = 5s (custom)
2022-10-18 04:04:01,801 [pool-72-thread-1] INFO  server.RaftServerConfigKeys (ConfUtils.java:logGet(46)) - raft.server.rpc.timeout.max = 5200ms (custom)
2022-10-18 04:04:01,801 [pool-72-thread-1] INFO  server.RaftServerConfigKeys (ConfUtils.java:logGet(46)) - raft.server.rpc.sleep.time = 25ms (default)
2022-10-18 04:04:01,801 [pool-72-thread-1] INFO  server.RaftServerConfigKeys (ConfUtils.java:logGet(46)) - raft.server.rpc.slowness.timeout = 300s (custom)
2022-10-18 04:04:01,801 [pool-72-thread-1] INFO  server.RaftServerConfigKeys (ConfUtils.java:logGet(46)) - raft.server.leaderelection.leader.step-down.wait-time = 10s (default)
2022-10-18 04:04:01,801 [pool-72-thread-1] INFO  server.RaftServerConfigKeys (ConfUtils.java:logGet(46)) - raft.server.sleep.deviation.threshold = 300ms (default)
2022-10-18 04:04:01,801 [pool-72-thread-1] INFO  server.RaftServer$Division (ServerState.java:<init>(107)) - 0a6c5d56-45d5-439e-bc91-862df307e002@group-A1C1C4F28718: ConfigurationManager, init=-1: [0a6c5d56-45d5-439e-bc91-862df307e002|rpc:10.1.0.75:42965|priority:0, 26892566-c66f-4e9d-89f3-70798840826e|rpc:10.1.0.75:37745|priority:1, a32d4034-02f0-4e94-b594-2fac596c8df5|rpc:10.1.0.75:35931|priority:0], old=null, confs=<EMPTY_MAP>
2022-10-18 04:04:01,802 [pool-72-thread-1] INFO  server.RaftServerConfigKeys (ConfUtils.java:logGet(46)) - raft.server.storage.dir = [/home/runner/work/ozone/ozone/hadoop-ozone/integration-test/target/test-dir/MiniOzoneClusterImpl-74c68852-2f98-4be9-abeb-2ef7722882f6/datanode-0/data/ratis] (custom)
2022-10-18 04:04:01,802 [pool-72-thread-1] INFO  server.RaftServerConfigKeys (ConfUtils.java:logGet(46)) - raft.server.log.corruption.policy = EXCEPTION (default)
2022-10-18 04:04:01,802 [pool-72-thread-1] INFO  server.RaftServerConfigKeys (ConfUtils.java:logGet(46)) - raft.server.storage.free-space.min = 0MB (=0) (default)
2022-10-18 04:04:01,802 [pool-72-thread-1] INFO  storage.RaftStorageDirectory (RaftStorageDirectoryImpl.java:analyzeStorage(135)) - The storage directory /home/runner/work/ozone/ozone/hadoop-ozone/integration-test/target/test-dir/MiniOzoneClusterImpl-74c68852-2f98-4be9-abeb-2ef7722882f6/datanode-0/data/ratis/fac4febb-f755-472f-8493-a1c1c4f28718 does not exist. Creating ...
2022-10-18 04:04:01,802 [pool-95-thread-1] INFO  storage.RaftStorage (RaftStorageImpl.java:format(89)) - Storage directory /home/runner/work/ozone/ozone/hadoop-ozone/integration-test/target/test-dir/MiniOzoneClusterImpl-74c68852-2f98-4be9-abeb-2ef7722882f6/datanode-1/data/ratis/fac4febb-f755-472f-8493-a1c1c4f28718 has been successfully formatted.
2022-10-18 04:04:01,804 [pool-72-thread-1] INFO  storage.RaftStorageDirectory (RaftStorageDirectoryImpl.java:tryLock(230)) - Lock on /home/runner/work/ozone/ozone/hadoop-ozone/integration-test/target/test-dir/MiniOzoneClusterImpl-74c68852-2f98-4be9-abeb-2ef7722882f6/datanode-0/data/ratis/fac4febb-f755-472f-8493-a1c1c4f28718/in_use.lock acquired by nodename 58087@fv-az573-760
2022-10-18 04:04:01,804 [pool-95-thread-1] INFO  ratis.ContainerStateMachine (ContainerStateMachine.java:loadSnapshot(236)) - group-A1C1C4F28718: The snapshot info is null. Setting the last applied indexto:(t:0, i:~)
2022-10-18 04:04:01,805 [pool-95-thread-1] INFO  server.RaftServerConfigKeys (ConfUtils.java:logGet(46)) - raft.server.notification.no-leader.timeout = 300s (custom)
2022-10-18 04:04:01,805 [pool-95-thread-1] INFO  server.RaftServerConfigKeys (ConfUtils.java:logGet(46)) - raft.server.log.use.memory = false (default)
2022-10-18 04:04:01,807 [pool-72-thread-1] INFO  storage.RaftStorage (RaftStorageImpl.java:format(89)) - Storage directory /home/runner/work/ozone/ozone/hadoop-ozone/integration-test/target/test-dir/MiniOzoneClusterImpl-74c68852-2f98-4be9-abeb-2ef7722882f6/datanode-0/data/ratis/fac4febb-f755-472f-8493-a1c1c4f28718 has been successfully formatted.
2022-10-18 04:04:01,808 [pool-72-thread-1] INFO  ratis.ContainerStateMachine (ContainerStateMachine.java:loadSnapshot(236)) - group-A1C1C4F28718: The snapshot info is null. Setting the last applied indexto:(t:0, i:~)
2022-10-18 04:04:01,808 [pool-72-thread-1] INFO  server.RaftServerConfigKeys (ConfUtils.java:logGet(46)) - raft.server.notification.no-leader.timeout = 300s (custom)
2022-10-18 04:04:01,809 [pool-72-thread-1] INFO  server.RaftServerConfigKeys (ConfUtils.java:logGet(46)) - raft.server.log.use.memory = false (default)
2022-10-18 04:04:01,809 [pool-72-thread-1] INFO  server.RaftServerConfigKeys (ConfUtils.java:logGet(46)) - raft.server.log.purge.gap = 1000000 (custom)
2022-10-18 04:04:01,809 [pool-72-thread-1] INFO  server.RaftServerConfigKeys (ConfUtils.java:logGet(46)) - raft.server.log.appender.buffer.byte-limit = 33554432 (custom)
2022-10-18 04:04:01,809 [pool-72-thread-1] INFO  server.RaftServerConfigKeys (ConfUtils.java:logGet(46)) - raft.server.log.statemachine.data.read.timeout = 1000ms (default)
2022-10-18 04:04:01,809 [pool-72-thread-1] INFO  server.RaftServerConfigKeys (ConfUtils.java:logGet(46)) - raft.server.log.segment.size.max = 1048576 (custom)
2022-10-18 04:04:01,809 [pool-95-thread-1] INFO  server.RaftServerConfigKeys (ConfUtils.java:logGet(46)) - raft.server.log.purge.gap = 1000000 (custom)
2022-10-18 04:04:01,809 [pool-95-thread-1] INFO  server.RaftServerConfigKeys (ConfUtils.java:logGet(46)) - raft.server.log.appender.buffer.byte-limit = 33554432 (custom)
2022-10-18 04:04:01,812 [pool-95-thread-1] INFO  server.RaftServerConfigKeys (ConfUtils.java:logGet(46)) - raft.server.log.statemachine.data.read.timeout = 1000ms (default)
2022-10-18 04:04:01,813 [pool-95-thread-1] INFO  server.RaftServerConfigKeys (ConfUtils.java:logGet(46)) - raft.server.log.segment.size.max = 1048576 (custom)
2022-10-18 04:04:01,816 [pool-95-thread-1] INFO  server.RaftServerConfigKeys (ConfUtils.java:logGet(46)) - raft.server.log.segment.cache.num.max = 2 (custom)
2022-10-18 04:04:01,816 [pool-95-thread-1] INFO  server.RaftServerConfigKeys (ConfUtils.java:logGet(46)) - raft.server.log.segment.cache.size.max = 200MB (=209715200) (default)
2022-10-18 04:04:01,817 [pool-95-thread-1] INFO  segmented.SegmentedRaftLogWorker (SegmentedRaftLogWorker.java:<init>(187)) - new a32d4034-02f0-4e94-b594-2fac596c8df5@group-A1C1C4F28718-SegmentedRaftLogWorker for RaftStorageImpl:Storage Directory /home/runner/work/ozone/ozone/hadoop-ozone/integration-test/target/test-dir/MiniOzoneClusterImpl-74c68852-2f98-4be9-abeb-2ef7722882f6/datanode-1/data/ratis/fac4febb-f755-472f-8493-a1c1c4f28718
2022-10-18 04:04:01,817 [pool-95-thread-1] INFO  server.RaftServerConfigKeys (ConfUtils.java:logGet(46)) - raft.server.log.queue.byte-limit = 4294967296 (custom)
2022-10-18 04:04:01,817 [pool-95-thread-1] INFO  server.RaftServerConfigKeys (ConfUtils.java:logGet(46)) - raft.server.log.queue.element-limit = 1024 (custom)
2022-10-18 04:04:01,817 [pool-95-thread-1] INFO  server.RaftServerConfigKeys (ConfUtils.java:logGet(46)) - raft.server.log.segment.size.max = 1048576 (custom)
2022-10-18 04:04:01,817 [pool-95-thread-1] INFO  server.RaftServerConfigKeys (ConfUtils.java:logGet(46)) - raft.server.log.preallocated.size = 16384 (custom)
2022-10-18 04:04:01,817 [pool-95-thread-1] INFO  server.RaftServerConfigKeys (ConfUtils.java:logGet(46)) - raft.server.log.force.sync.num = 128 (default)
2022-10-18 04:04:01,817 [pool-95-thread-1] INFO  server.RaftServerConfigKeys (ConfUtils.java:logGet(46)) - raft.server.log.statemachine.data.sync = true (default)
2022-10-18 04:04:01,817 [pool-95-thread-1] INFO  server.RaftServerConfigKeys (ConfUtils.java:logGet(46)) - raft.server.log.statemachine.data.sync.timeout = 10s (default)
2022-10-18 04:04:01,817 [pool-95-thread-1] INFO  server.RaftServerConfigKeys (ConfUtils.java:logGet(46)) - raft.server.log.statemachine.data.sync.timeout.retry = -1 (default)
2022-10-18 04:04:01,818 [pool-95-thread-1] INFO  server.RaftServerConfigKeys (ConfUtils.java:logGet(46)) - raft.server.log.write.buffer.size = 1048576 (custom)
2022-10-18 04:04:01,819 [pool-95-thread-1] INFO  server.RaftServerConfigKeys (ConfUtils.java:logGet(46)) - raft.server.log.unsafe-flush.enabled = false (default)
2022-10-18 04:04:01,819 [pool-95-thread-1] INFO  server.RaftServerConfigKeys (ConfUtils.java:logGet(46)) - raft.server.log.statemachine.data.caching.enabled = true (custom)
2022-10-18 04:04:01,819 [pool-95-thread-1] INFO  segmented.SegmentedRaftLogWorker (SegmentedRaftLogWorker.java:lambda$new$0(135)) - a32d4034-02f0-4e94-b594-2fac596c8df5@group-A1C1C4F28718-SegmentedRaftLogWorker: flushIndex: setUnconditionally 0 -> -1
2022-10-18 04:04:01,819 [pool-95-thread-1] INFO  segmented.SegmentedRaftLogWorker (SegmentedRaftLogWorker.java:lambda$new$0(135)) - a32d4034-02f0-4e94-b594-2fac596c8df5@group-A1C1C4F28718-SegmentedRaftLogWorker: safeCacheEvictIndex: setUnconditionally 0 -> -1
2022-10-18 04:04:01,820 [EventQueue-OpenPipelineForHealthyPipelineSafeModeRule] INFO  safemode.SCMSafeModeManager (HealthyPipelineSafeModeRule.java:process(137)) - SCM in safe mode. Healthy pipelines reported count is 0, required healthy pipeline reported count is 1
2022-10-18 04:04:01,821 [EventQueue-OpenPipelineForHealthyPipelineSafeModeRule] INFO  safemode.SCMSafeModeManager (HealthyPipelineSafeModeRule.java:process(137)) - SCM in safe mode. Healthy pipelines reported count is 0, required healthy pipeline reported count is 1
2022-10-18 04:04:01,821 [pool-72-thread-1] INFO  server.RaftServerConfigKeys (ConfUtils.java:logGet(46)) - raft.server.log.segment.cache.num.max = 2 (custom)
2022-10-18 04:04:01,821 [pool-72-thread-1] INFO  server.RaftServerConfigKeys (ConfUtils.java:logGet(46)) - raft.server.log.segment.cache.size.max = 200MB (=209715200) (default)
2022-10-18 04:04:01,821 [pool-72-thread-1] INFO  segmented.SegmentedRaftLogWorker (SegmentedRaftLogWorker.java:<init>(187)) - new 0a6c5d56-45d5-439e-bc91-862df307e002@group-A1C1C4F28718-SegmentedRaftLogWorker for RaftStorageImpl:Storage Directory /home/runner/work/ozone/ozone/hadoop-ozone/integration-test/target/test-dir/MiniOzoneClusterImpl-74c68852-2f98-4be9-abeb-2ef7722882f6/datanode-0/data/ratis/fac4febb-f755-472f-8493-a1c1c4f28718
2022-10-18 04:04:01,821 [pool-72-thread-1] INFO  server.RaftServerConfigKeys (ConfUtils.java:logGet(46)) - raft.server.log.queue.byte-limit = 4294967296 (custom)
2022-10-18 04:04:01,822 [pool-72-thread-1] INFO  server.RaftServerConfigKeys (ConfUtils.java:logGet(46)) - raft.server.log.queue.element-limit = 1024 (custom)
2022-10-18 04:04:01,822 [pool-72-thread-1] INFO  server.RaftServerConfigKeys (ConfUtils.java:logGet(46)) - raft.server.log.segment.size.max = 1048576 (custom)
2022-10-18 04:04:01,822 [pool-72-thread-1] INFO  server.RaftServerConfigKeys (ConfUtils.java:logGet(46)) - raft.server.log.preallocated.size = 16384 (custom)
2022-10-18 04:04:01,822 [pool-72-thread-1] INFO  server.RaftServerConfigKeys (ConfUtils.java:logGet(46)) - raft.server.log.force.sync.num = 128 (default)
2022-10-18 04:04:01,822 [pool-72-thread-1] INFO  server.RaftServerConfigKeys (ConfUtils.java:logGet(46)) - raft.server.log.statemachine.data.sync = true (default)
2022-10-18 04:04:01,822 [pool-72-thread-1] INFO  server.RaftServerConfigKeys (ConfUtils.java:logGet(46)) - raft.server.log.statemachine.data.sync.timeout = 10s (default)
2022-10-18 04:04:01,822 [pool-72-thread-1] INFO  server.RaftServerConfigKeys (ConfUtils.java:logGet(46)) - raft.server.log.statemachine.data.sync.timeout.retry = -1 (default)
2022-10-18 04:04:01,824 [pool-95-thread-1] INFO  server.RaftServerConfigKeys (ConfUtils.java:logGet(46)) - raft.server.snapshot.auto.trigger.enabled = true (custom)
2022-10-18 04:04:01,825 [pool-95-thread-1] INFO  server.RaftServerConfigKeys (ConfUtils.java:logGet(46)) - raft.server.snapshot.auto.trigger.threshold = 10000 (custom)
2022-10-18 04:04:01,825 [pool-95-thread-1] INFO  server.RaftServerConfigKeys (ConfUtils.java:logGet(46)) - raft.server.snapshot.retention.file.num = 5 (custom)
2022-10-18 04:04:01,825 [pool-95-thread-1] INFO  server.RaftServerConfigKeys (ConfUtils.java:logGet(46)) - raft.server.log.purge.upto.snapshot.index = false (default)
2022-10-18 04:04:01,825 [pool-95-thread-1] INFO  server.RaftServerConfigKeys (ConfUtils.java:logGet(46)) - raft.server.retrycache.expirytime = 600000ms (custom)
2022-10-18 04:04:01,825 [pool-95-thread-1] INFO  server.RaftServerConfigKeys (ConfUtils.java:logGet(46)) - raft.server.retrycache.statistics.expirytime = 100μs (default)
2022-10-18 04:04:01,826 [pool-95-thread-1] INFO  server.RaftServerConfigKeys (ConfUtils.java:logGet(46)) - raft.server.log.appender.install.snapshot.enabled = false (custom)
2022-10-18 04:04:01,826 [pool-95-thread-1] INFO  server.RaftServerConfigKeys (ConfUtils.java:logGet(46)) - raft.server.threadpool.server.cached = true (default)
2022-10-18 04:04:01,827 [pool-95-thread-1] INFO  server.RaftServerConfigKeys (ConfUtils.java:logGet(46)) - raft.server.threadpool.server.size = 0 (default)
2022-10-18 04:04:01,827 [pool-95-thread-1] INFO  server.RaftServerConfigKeys (ConfUtils.java:logGet(46)) - raft.server.threadpool.client.cached = true (default)
2022-10-18 04:04:01,827 [pool-95-thread-1] INFO  server.RaftServerConfigKeys (ConfUtils.java:logGet(46)) - raft.server.threadpool.client.size = 0 (default)
2022-10-18 04:04:01,827 [pool-95-thread-1] INFO  server.RaftServer$Division (RaftServerImpl.java:start(310)) - a32d4034-02f0-4e94-b594-2fac596c8df5@group-A1C1C4F28718: start as a follower, conf=-1: [0a6c5d56-45d5-439e-bc91-862df307e002|rpc:10.1.0.75:42965|priority:0, 26892566-c66f-4e9d-89f3-70798840826e|rpc:10.1.0.75:37745|priority:1, a32d4034-02f0-4e94-b594-2fac596c8df5|rpc:10.1.0.75:35931|priority:0], old=null
2022-10-18 04:04:01,827 [pool-95-thread-1] INFO  server.RaftServer$Division (RaftServerImpl.java:setRole(299)) - a32d4034-02f0-4e94-b594-2fac596c8df5@group-A1C1C4F28718: changes role from      null to FOLLOWER at term 0 for startAsFollower
2022-10-18 04:04:01,827 [pool-95-thread-1] INFO  impl.RoleInfo (RoleInfo.java:updateAndGet(139)) - a32d4034-02f0-4e94-b594-2fac596c8df5: start a32d4034-02f0-4e94-b594-2fac596c8df5@group-A1C1C4F28718-FollowerState
2022-10-18 04:04:01,829 [pool-72-thread-1] INFO  server.RaftServerConfigKeys (ConfUtils.java:logGet(46)) - raft.server.log.write.buffer.size = 1048576 (custom)
2022-10-18 04:04:01,830 [pool-72-thread-1] INFO  server.RaftServerConfigKeys (ConfUtils.java:logGet(46)) - raft.server.log.unsafe-flush.enabled = false (default)
2022-10-18 04:04:01,830 [pool-72-thread-1] INFO  server.RaftServerConfigKeys (ConfUtils.java:logGet(46)) - raft.server.log.statemachine.data.caching.enabled = true (custom)
2022-10-18 04:04:01,830 [pool-72-thread-1] INFO  segmented.SegmentedRaftLogWorker (SegmentedRaftLogWorker.java:lambda$new$0(135)) - 0a6c5d56-45d5-439e-bc91-862df307e002@group-A1C1C4F28718-SegmentedRaftLogWorker: flushIndex: setUnconditionally 0 -> -1
2022-10-18 04:04:01,830 [pool-72-thread-1] INFO  segmented.SegmentedRaftLogWorker (SegmentedRaftLogWorker.java:lambda$new$0(135)) - 0a6c5d56-45d5-439e-bc91-862df307e002@group-A1C1C4F28718-SegmentedRaftLogWorker: safeCacheEvictIndex: setUnconditionally 0 -> -1
2022-10-18 04:04:01,833 [pool-72-thread-1] INFO  server.RaftServerConfigKeys (ConfUtils.java:logGet(46)) - raft.server.snapshot.auto.trigger.enabled = true (custom)
2022-10-18 04:04:01,833 [pool-72-thread-1] INFO  server.RaftServerConfigKeys (ConfUtils.java:logGet(46)) - raft.server.snapshot.auto.trigger.threshold = 10000 (custom)
2022-10-18 04:04:01,833 [pool-72-thread-1] INFO  server.RaftServerConfigKeys (ConfUtils.java:logGet(46)) - raft.server.snapshot.retention.file.num = 5 (custom)
2022-10-18 04:04:01,833 [pool-72-thread-1] INFO  server.RaftServerConfigKeys (ConfUtils.java:logGet(46)) - raft.server.log.purge.upto.snapshot.index = false (default)
2022-10-18 04:04:01,834 [pool-72-thread-1] INFO  server.RaftServerConfigKeys (ConfUtils.java:logGet(46)) - raft.server.retrycache.expirytime = 600000ms (custom)
2022-10-18 04:04:01,834 [pool-95-thread-1] INFO  util.JmxRegister (JmxRegister.java:tryRegister(44)) - Successfully registered JMX Bean with object name Ratis:service=RaftServer,group=group-A1C1C4F28718,id=a32d4034-02f0-4e94-b594-2fac596c8df5
2022-10-18 04:04:01,834 [pool-72-thread-1] INFO  server.RaftServerConfigKeys (ConfUtils.java:logGet(46)) - raft.server.retrycache.statistics.expirytime = 100μs (default)
2022-10-18 04:04:01,837 [pool-72-thread-1] INFO  server.RaftServerConfigKeys (ConfUtils.java:logGet(46)) - raft.server.log.appender.install.snapshot.enabled = false (custom)
2022-10-18 04:04:01,837 [pool-72-thread-1] INFO  server.RaftServerConfigKeys (ConfUtils.java:logGet(46)) - raft.server.threadpool.server.cached = true (default)
2022-10-18 04:04:01,837 [pool-72-thread-1] INFO  server.RaftServerConfigKeys (ConfUtils.java:logGet(46)) - raft.server.threadpool.server.size = 0 (default)
2022-10-18 04:04:01,838 [pool-72-thread-1] INFO  server.RaftServerConfigKeys (ConfUtils.java:logGet(46)) - raft.server.threadpool.client.cached = true (default)
2022-10-18 04:04:01,838 [pool-72-thread-1] INFO  server.RaftServerConfigKeys (ConfUtils.java:logGet(46)) - raft.server.threadpool.client.size = 0 (default)
2022-10-18 04:04:01,838 [pool-72-thread-1] INFO  server.RaftServer$Division (RaftServerImpl.java:start(310)) - 0a6c5d56-45d5-439e-bc91-862df307e002@group-A1C1C4F28718: start as a follower, conf=-1: [0a6c5d56-45d5-439e-bc91-862df307e002|rpc:10.1.0.75:42965|priority:0, 26892566-c66f-4e9d-89f3-70798840826e|rpc:10.1.0.75:37745|priority:1, a32d4034-02f0-4e94-b594-2fac596c8df5|rpc:10.1.0.75:35931|priority:0], old=null
2022-10-18 04:04:01,838 [pool-72-thread-1] INFO  server.RaftServer$Division (RaftServerImpl.java:setRole(299)) - 0a6c5d56-45d5-439e-bc91-862df307e002@group-A1C1C4F28718: changes role from      null to FOLLOWER at term 0 for startAsFollower
2022-10-18 04:04:01,838 [pool-72-thread-1] INFO  impl.RoleInfo (RoleInfo.java:updateAndGet(139)) - 0a6c5d56-45d5-439e-bc91-862df307e002: start 0a6c5d56-45d5-439e-bc91-862df307e002@group-A1C1C4F28718-FollowerState
2022-10-18 04:04:01,838 [Command processor thread] INFO  ratis.XceiverServerRatis (XceiverServerRatis.java:addGroup(765)) - Created group PipelineID=fac4febb-f755-472f-8493-a1c1c4f28718
2022-10-18 04:04:01,844 [Listener at 127.0.0.1/33627] INFO  ozone.MiniOzoneClusterImpl (MiniOzoneClusterImpl.java:lambda$waitForClusterToBeReady$0(216)) - Nodes are ready. Got 3 of 3 DN Heartbeats.
2022-10-18 04:04:01,846 [Listener at 127.0.0.1/33627] INFO  ozone.MiniOzoneClusterImpl (MiniOzoneClusterImpl.java:lambda$waitForClusterToBeReady$0(219)) - Waiting for cluster to exit safe mode
2022-10-18 04:04:01,846 [Listener at 127.0.0.1/33627] INFO  ozone.MiniOzoneClusterImpl (MiniOzoneClusterImpl.java:lambda$waitForClusterToBeReady$0(221)) - SCM became leader
2022-10-18 04:04:01,844 [pool-72-thread-1] INFO  util.JmxRegister (JmxRegister.java:tryRegister(44)) - Successfully registered JMX Bean with object name Ratis:service=RaftServer,group=group-A1C1C4F28718,id=0a6c5d56-45d5-439e-bc91-862df307e002
2022-10-18 04:04:01,848 [Command processor thread] INFO  ratis.XceiverServerRatis (XceiverServerRatis.java:addGroup(765)) - Created group PipelineID=fac4febb-f755-472f-8493-a1c1c4f28718
2022-10-18 04:04:01,858 [grpc-default-executor-0] INFO  server.RaftServer (RaftServerProxy.java:addNew(96)) - 26892566-c66f-4e9d-89f3-70798840826e: addNew group-A1C1C4F28718:[0a6c5d56-45d5-439e-bc91-862df307e002|rpc:10.1.0.75:42965|dataStream:|priority:0, 26892566-c66f-4e9d-89f3-70798840826e|rpc:10.1.0.75:37745|dataStream:|priority:1, a32d4034-02f0-4e94-b594-2fac596c8df5|rpc:10.1.0.75:35931|dataStream:|priority:0] returns group-A1C1C4F28718:java.util.concurrent.CompletableFuture@74701f36[Not completed]
2022-10-18 04:04:01,859 [Command processor thread] INFO  server.RaftServer (RaftServerProxy.java:addNew(96)) - 26892566-c66f-4e9d-89f3-70798840826e: addNew group-5E4368F08284:[26892566-c66f-4e9d-89f3-70798840826e|rpc:10.1.0.75:37745|priority:1] returns group-5E4368F08284:java.util.concurrent.CompletableFuture@51846390[Not completed]
2022-10-18 04:04:01,859 [pool-118-thread-1] INFO  server.RaftServer$Division (RaftServerImpl.java:<init>(190)) - 26892566-c66f-4e9d-89f3-70798840826e: new RaftServerImpl for group-A1C1C4F28718:[0a6c5d56-45d5-439e-bc91-862df307e002|rpc:10.1.0.75:42965|dataStream:|priority:0, 26892566-c66f-4e9d-89f3-70798840826e|rpc:10.1.0.75:37745|dataStream:|priority:1, a32d4034-02f0-4e94-b594-2fac596c8df5|rpc:10.1.0.75:35931|dataStream:|priority:0] with ContainerStateMachine:uninitialized
2022-10-18 04:04:01,860 [pool-118-thread-1] INFO  server.RaftServerConfigKeys (ConfUtils.java:logGet(46)) - raft.server.rpc.timeout.min = 5s (custom)
2022-10-18 04:04:01,860 [pool-118-thread-1] INFO  server.RaftServerConfigKeys (ConfUtils.java:logGet(46)) - raft.server.rpc.timeout.max = 5200ms (custom)
2022-10-18 04:04:01,860 [pool-118-thread-1] INFO  server.RaftServerConfigKeys (ConfUtils.java:logGet(46)) - raft.server.rpc.sleep.time = 25ms (default)
2022-10-18 04:04:01,860 [pool-118-thread-1] INFO  server.RaftServerConfigKeys (ConfUtils.java:logGet(46)) - raft.server.rpc.slowness.timeout = 300s (custom)
2022-10-18 04:04:01,860 [pool-118-thread-1] INFO  server.RaftServerConfigKeys (ConfUtils.java:logGet(46)) - raft.server.leaderelection.leader.step-down.wait-time = 10s (default)
2022-10-18 04:04:01,860 [pool-118-thread-1] INFO  server.RaftServerConfigKeys (ConfUtils.java:logGet(46)) - raft.server.sleep.deviation.threshold = 300ms (default)
2022-10-18 04:04:01,860 [pool-118-thread-1] INFO  server.RaftServer$Division (ServerState.java:<init>(107)) - 26892566-c66f-4e9d-89f3-70798840826e@group-A1C1C4F28718: ConfigurationManager, init=-1: [0a6c5d56-45d5-439e-bc91-862df307e002|rpc:10.1.0.75:42965|dataStream:|priority:0, 26892566-c66f-4e9d-89f3-70798840826e|rpc:10.1.0.75:37745|dataStream:|priority:1, a32d4034-02f0-4e94-b594-2fac596c8df5|rpc:10.1.0.75:35931|dataStream:|priority:0], old=null, confs=<EMPTY_MAP>
2022-10-18 04:04:01,860 [pool-118-thread-1] INFO  server.RaftServerConfigKeys (ConfUtils.java:logGet(46)) - raft.server.storage.dir = [/home/runner/work/ozone/ozone/hadoop-ozone/integration-test/target/test-dir/MiniOzoneClusterImpl-74c68852-2f98-4be9-abeb-2ef7722882f6/datanode-2/data/ratis] (custom)
2022-10-18 04:04:01,860 [pool-118-thread-1] INFO  server.RaftServerConfigKeys (ConfUtils.java:logGet(46)) - raft.server.log.corruption.policy = EXCEPTION (default)
2022-10-18 04:04:01,861 [pool-118-thread-1] INFO  server.RaftServerConfigKeys (ConfUtils.java:logGet(46)) - raft.server.storage.free-space.min = 0MB (=0) (default)
2022-10-18 04:04:01,861 [pool-118-thread-1] INFO  storage.RaftStorageDirectory (RaftStorageDirectoryImpl.java:analyzeStorage(135)) - The storage directory /home/runner/work/ozone/ozone/hadoop-ozone/integration-test/target/test-dir/MiniOzoneClusterImpl-74c68852-2f98-4be9-abeb-2ef7722882f6/datanode-2/data/ratis/fac4febb-f755-472f-8493-a1c1c4f28718 does not exist. Creating ...
2022-10-18 04:04:01,874 [pool-118-thread-1] INFO  storage.RaftStorageDirectory (RaftStorageDirectoryImpl.java:tryLock(230)) - Lock on /home/runner/work/ozone/ozone/hadoop-ozone/integration-test/target/test-dir/MiniOzoneClusterImpl-74c68852-2f98-4be9-abeb-2ef7722882f6/datanode-2/data/ratis/fac4febb-f755-472f-8493-a1c1c4f28718/in_use.lock acquired by nodename 58087@fv-az573-760
2022-10-18 04:04:01,877 [pool-118-thread-1] INFO  storage.RaftStorage (RaftStorageImpl.java:format(89)) - Storage directory /home/runner/work/ozone/ozone/hadoop-ozone/integration-test/target/test-dir/MiniOzoneClusterImpl-74c68852-2f98-4be9-abeb-2ef7722882f6/datanode-2/data/ratis/fac4febb-f755-472f-8493-a1c1c4f28718 has been successfully formatted.
2022-10-18 04:04:01,878 [pool-118-thread-1] INFO  ratis.ContainerStateMachine (ContainerStateMachine.java:loadSnapshot(236)) - group-A1C1C4F28718: The snapshot info is null. Setting the last applied indexto:(t:0, i:~)
2022-10-18 04:04:01,878 [pool-118-thread-1] INFO  server.RaftServerConfigKeys (ConfUtils.java:logGet(46)) - raft.server.notification.no-leader.timeout = 300s (custom)
2022-10-18 04:04:01,878 [pool-118-thread-1] INFO  server.RaftServerConfigKeys (ConfUtils.java:logGet(46)) - raft.server.log.use.memory = false (default)
2022-10-18 04:04:01,878 [pool-118-thread-1] INFO  server.RaftServerConfigKeys (ConfUtils.java:logGet(46)) - raft.server.log.purge.gap = 1000000 (custom)
2022-10-18 04:04:01,878 [pool-118-thread-1] INFO  server.RaftServerConfigKeys (ConfUtils.java:logGet(46)) - raft.server.log.appender.buffer.byte-limit = 33554432 (custom)
2022-10-18 04:04:01,878 [pool-118-thread-1] INFO  server.RaftServerConfigKeys (ConfUtils.java:logGet(46)) - raft.server.log.statemachine.data.read.timeout = 1000ms (default)
2022-10-18 04:04:01,878 [pool-118-thread-1] INFO  server.RaftServerConfigKeys (ConfUtils.java:logGet(46)) - raft.server.log.segment.size.max = 1048576 (custom)
2022-10-18 04:04:01,879 [pool-118-thread-1] INFO  server.RaftServerConfigKeys (ConfUtils.java:logGet(46)) - raft.server.log.segment.cache.num.max = 2 (custom)
2022-10-18 04:04:01,879 [pool-118-thread-1] INFO  server.RaftServerConfigKeys (ConfUtils.java:logGet(46)) - raft.server.log.segment.cache.size.max = 200MB (=209715200) (default)
2022-10-18 04:04:01,879 [pool-118-thread-1] INFO  segmented.SegmentedRaftLogWorker (SegmentedRaftLogWorker.java:<init>(187)) - new 26892566-c66f-4e9d-89f3-70798840826e@group-A1C1C4F28718-SegmentedRaftLogWorker for RaftStorageImpl:Storage Directory /home/runner/work/ozone/ozone/hadoop-ozone/integration-test/target/test-dir/MiniOzoneClusterImpl-74c68852-2f98-4be9-abeb-2ef7722882f6/datanode-2/data/ratis/fac4febb-f755-472f-8493-a1c1c4f28718
2022-10-18 04:04:01,879 [pool-118-thread-1] INFO  server.RaftServerConfigKeys (ConfUtils.java:logGet(46)) - raft.server.log.queue.byte-limit = 4294967296 (custom)
2022-10-18 04:04:01,879 [pool-118-thread-1] INFO  server.RaftServerConfigKeys (ConfUtils.java:logGet(46)) - raft.server.log.queue.element-limit = 1024 (custom)
2022-10-18 04:04:01,879 [pool-118-thread-1] INFO  server.RaftServerConfigKeys (ConfUtils.java:logGet(46)) - raft.server.log.segment.size.max = 1048576 (custom)
2022-10-18 04:04:01,879 [pool-118-thread-1] INFO  server.RaftServerConfigKeys (ConfUtils.java:logGet(46)) - raft.server.log.preallocated.size = 16384 (custom)
2022-10-18 04:04:01,879 [pool-118-thread-1] INFO  server.RaftServerConfigKeys (ConfUtils.java:logGet(46)) - raft.server.log.force.sync.num = 128 (default)
2022-10-18 04:04:01,879 [pool-118-thread-1] INFO  server.RaftServerConfigKeys (ConfUtils.java:logGet(46)) - raft.server.log.statemachine.data.sync = true (default)
2022-10-18 04:04:01,879 [pool-118-thread-1] INFO  server.RaftServerConfigKeys (ConfUtils.java:logGet(46)) - raft.server.log.statemachine.data.sync.timeout = 10s (default)
2022-10-18 04:04:01,880 [pool-118-thread-1] INFO  server.RaftServerConfigKeys (ConfUtils.java:logGet(46)) - raft.server.log.statemachine.data.sync.timeout.retry = -1 (default)
2022-10-18 04:04:01,880 [pool-118-thread-1] INFO  server.RaftServerConfigKeys (ConfUtils.java:logGet(46)) - raft.server.log.write.buffer.size = 1048576 (custom)
2022-10-18 04:04:01,882 [pool-118-thread-1] INFO  server.RaftServerConfigKeys (ConfUtils.java:logGet(46)) - raft.server.log.unsafe-flush.enabled = false (default)
2022-10-18 04:04:01,882 [pool-118-thread-1] INFO  server.RaftServerConfigKeys (ConfUtils.java:logGet(46)) - raft.server.log.statemachine.data.caching.enabled = true (custom)
2022-10-18 04:04:01,883 [pool-118-thread-1] INFO  segmented.SegmentedRaftLogWorker (SegmentedRaftLogWorker.java:lambda$new$0(135)) - 26892566-c66f-4e9d-89f3-70798840826e@group-A1C1C4F28718-SegmentedRaftLogWorker: flushIndex: setUnconditionally 0 -> -1
2022-10-18 04:04:01,883 [pool-118-thread-1] INFO  segmented.SegmentedRaftLogWorker (SegmentedRaftLogWorker.java:lambda$new$0(135)) - 26892566-c66f-4e9d-89f3-70798840826e@group-A1C1C4F28718-SegmentedRaftLogWorker: safeCacheEvictIndex: setUnconditionally 0 -> -1
2022-10-18 04:04:01,888 [pool-118-thread-1] INFO  server.RaftServerConfigKeys (ConfUtils.java:logGet(46)) - raft.server.snapshot.auto.trigger.enabled = true (custom)
2022-10-18 04:04:01,888 [pool-118-thread-1] INFO  server.RaftServerConfigKeys (ConfUtils.java:logGet(46)) - raft.server.snapshot.auto.trigger.threshold = 10000 (custom)
2022-10-18 04:04:01,888 [pool-118-thread-1] INFO  server.RaftServerConfigKeys (ConfUtils.java:logGet(46)) - raft.server.snapshot.retention.file.num = 5 (custom)
2022-10-18 04:04:01,888 [pool-118-thread-1] INFO  server.RaftServerConfigKeys (ConfUtils.java:logGet(46)) - raft.server.log.purge.upto.snapshot.index = false (default)
2022-10-18 04:04:01,888 [pool-118-thread-1] INFO  server.RaftServerConfigKeys (ConfUtils.java:logGet(46)) - raft.server.retrycache.expirytime = 600000ms (custom)
2022-10-18 04:04:01,888 [pool-118-thread-1] INFO  server.RaftServerConfigKeys (ConfUtils.java:logGet(46)) - raft.server.retrycache.statistics.expirytime = 100μs (default)
2022-10-18 04:04:01,889 [pool-118-thread-1] INFO  server.RaftServerConfigKeys (ConfUtils.java:logGet(46)) - raft.server.log.appender.install.snapshot.enabled = false (custom)
2022-10-18 04:04:01,890 [pool-118-thread-1] INFO  server.RaftServerConfigKeys (ConfUtils.java:logGet(46)) - raft.server.threadpool.server.cached = true (default)
2022-10-18 04:04:01,892 [pool-118-thread-1] INFO  server.RaftServerConfigKeys (ConfUtils.java:logGet(46)) - raft.server.threadpool.server.size = 0 (default)
2022-10-18 04:04:01,892 [pool-118-thread-1] INFO  server.RaftServerConfigKeys (ConfUtils.java:logGet(46)) - raft.server.threadpool.client.cached = true (default)
2022-10-18 04:04:01,894 [pool-118-thread-1] INFO  server.RaftServerConfigKeys (ConfUtils.java:logGet(46)) - raft.server.threadpool.client.size = 0 (default)
2022-10-18 04:04:01,896 [EventQueue-PipelineReportForPipelineReportHandler] INFO  pipeline.PipelineManagerImpl (PipelineManagerImpl.java:openPipeline(367)) - Pipeline Pipeline[ Id: 6d56315b-5097-4b6c-ae0d-5e4368f08284, Nodes: 26892566-c66f-4e9d-89f3-70798840826e{ip: 10.1.0.75, host: fv-az573-760.uspngagyt4suddso0aj1djjezg.dx.internal.cloudapp.net, ports: [REPLICATION=37407, RATIS=37745, RATIS_ADMIN=37745, RATIS_SERVER=37745, STANDALONE=40187], networkLocation: /default-rack, certSerialId: null, persistedOpState: IN_SERVICE, persistedOpStateExpiryEpochSec: 0}, ReplicationConfig: RATIS/ONE, State:ALLOCATED, leaderId:26892566-c66f-4e9d-89f3-70798840826e, CreationTimestamp2022-10-18T04:03:58.860Z[Etc/UTC]] moved to OPEN state
2022-10-18 04:04:01,897 [EventQueue-OpenPipelineForHealthyPipelineSafeModeRule] INFO  safemode.SCMSafeModeManager (HealthyPipelineSafeModeRule.java:process(137)) - SCM in safe mode. Healthy pipelines reported count is 0, required healthy pipeline reported count is 1
2022-10-18 04:04:01,898 [pool-118-thread-1] INFO  server.RaftServer$Division (RaftServerImpl.java:<init>(190)) - 26892566-c66f-4e9d-89f3-70798840826e: new RaftServerImpl for group-5E4368F08284:[26892566-c66f-4e9d-89f3-70798840826e|rpc:10.1.0.75:37745|priority:1] with ContainerStateMachine:uninitialized
2022-10-18 04:04:01,906 [pool-118-thread-1] INFO  server.RaftServerConfigKeys (ConfUtils.java:logGet(46)) - raft.server.rpc.timeout.min = 5s (custom)
2022-10-18 04:04:01,906 [pool-118-thread-1] INFO  server.RaftServerConfigKeys (ConfUtils.java:logGet(46)) - raft.server.rpc.timeout.max = 5200ms (custom)
2022-10-18 04:04:01,906 [pool-118-thread-1] INFO  server.RaftServerConfigKeys (ConfUtils.java:logGet(46)) - raft.server.rpc.sleep.time = 25ms (default)
2022-10-18 04:04:01,906 [pool-118-thread-1] INFO  server.RaftServerConfigKeys (ConfUtils.java:logGet(46)) - raft.server.rpc.slowness.timeout = 300s (custom)
2022-10-18 04:04:01,906 [pool-118-thread-1] INFO  server.RaftServerConfigKeys (ConfUtils.java:logGet(46)) - raft.server.leaderelection.leader.step-down.wait-time = 10s (default)
2022-10-18 04:04:01,906 [pool-118-thread-1] INFO  server.RaftServerConfigKeys (ConfUtils.java:logGet(46)) - raft.server.sleep.deviation.threshold = 300ms (default)
2022-10-18 04:04:01,906 [pool-118-thread-1] INFO  server.RaftServer$Division (ServerState.java:<init>(107)) - 26892566-c66f-4e9d-89f3-70798840826e@group-5E4368F08284: ConfigurationManager, init=-1: [26892566-c66f-4e9d-89f3-70798840826e|rpc:10.1.0.75:37745|priority:1], old=null, confs=<EMPTY_MAP>
2022-10-18 04:04:01,906 [pool-118-thread-1] INFO  server.RaftServerConfigKeys (ConfUtils.java:logGet(46)) - raft.server.storage.dir = [/home/runner/work/ozone/ozone/hadoop-ozone/integration-test/target/test-dir/MiniOzoneClusterImpl-74c68852-2f98-4be9-abeb-2ef7722882f6/datanode-2/data/ratis] (custom)
2022-10-18 04:04:01,907 [pool-118-thread-1] INFO  server.RaftServerConfigKeys (ConfUtils.java:logGet(46)) - raft.server.log.corruption.policy = EXCEPTION (default)
2022-10-18 04:04:01,907 [pool-118-thread-1] INFO  server.RaftServerConfigKeys (ConfUtils.java:logGet(46)) - raft.server.storage.free-space.min = 0MB (=0) (default)
2022-10-18 04:04:01,907 [pool-118-thread-1] INFO  storage.RaftStorageDirectory (RaftStorageDirectoryImpl.java:analyzeStorage(135)) - The storage directory /home/runner/work/ozone/ozone/hadoop-ozone/integration-test/target/test-dir/MiniOzoneClusterImpl-74c68852-2f98-4be9-abeb-2ef7722882f6/datanode-2/data/ratis/6d56315b-5097-4b6c-ae0d-5e4368f08284 does not exist. Creating ...
2022-10-18 04:04:01,909 [pool-118-thread-1] INFO  storage.RaftStorageDirectory (RaftStorageDirectoryImpl.java:tryLock(230)) - Lock on /home/runner/work/ozone/ozone/hadoop-ozone/integration-test/target/test-dir/MiniOzoneClusterImpl-74c68852-2f98-4be9-abeb-2ef7722882f6/datanode-2/data/ratis/6d56315b-5097-4b6c-ae0d-5e4368f08284/in_use.lock acquired by nodename 58087@fv-az573-760
2022-10-18 04:04:01,911 [pool-118-thread-1] INFO  storage.RaftStorage (RaftStorageImpl.java:format(89)) - Storage directory /home/runner/work/ozone/ozone/hadoop-ozone/integration-test/target/test-dir/MiniOzoneClusterImpl-74c68852-2f98-4be9-abeb-2ef7722882f6/datanode-2/data/ratis/6d56315b-5097-4b6c-ae0d-5e4368f08284 has been successfully formatted.
2022-10-18 04:04:01,911 [pool-118-thread-1] INFO  ratis.ContainerStateMachine (ContainerStateMachine.java:loadSnapshot(236)) - group-5E4368F08284: The snapshot info is null. Setting the last applied indexto:(t:0, i:~)
2022-10-18 04:04:01,911 [pool-118-thread-1] INFO  server.RaftServerConfigKeys (ConfUtils.java:logGet(46)) - raft.server.notification.no-leader.timeout = 300s (custom)
2022-10-18 04:04:01,912 [pool-118-thread-1] INFO  server.RaftServerConfigKeys (ConfUtils.java:logGet(46)) - raft.server.log.use.memory = false (default)
2022-10-18 04:04:01,912 [pool-118-thread-1] INFO  server.RaftServerConfigKeys (ConfUtils.java:logGet(46)) - raft.server.log.purge.gap = 1000000 (custom)
2022-10-18 04:04:01,912 [pool-118-thread-1] INFO  server.RaftServerConfigKeys (ConfUtils.java:logGet(46)) - raft.server.log.appender.buffer.byte-limit = 33554432 (custom)
2022-10-18 04:04:01,912 [pool-118-thread-1] INFO  server.RaftServerConfigKeys (ConfUtils.java:logGet(46)) - raft.server.log.statemachine.data.read.timeout = 1000ms (default)
2022-10-18 04:04:01,915 [pool-118-thread-1] INFO  server.RaftServerConfigKeys (ConfUtils.java:logGet(46)) - raft.server.log.segment.size.max = 1048576 (custom)
2022-10-18 04:04:01,916 [pool-118-thread-1] INFO  server.RaftServerConfigKeys (ConfUtils.java:logGet(46)) - raft.server.log.segment.cache.num.max = 2 (custom)
2022-10-18 04:04:01,916 [pool-118-thread-1] INFO  server.RaftServerConfigKeys (ConfUtils.java:logGet(46)) - raft.server.log.segment.cache.size.max = 200MB (=209715200) (default)
2022-10-18 04:04:01,916 [pool-118-thread-1] INFO  segmented.SegmentedRaftLogWorker (SegmentedRaftLogWorker.java:<init>(187)) - new 26892566-c66f-4e9d-89f3-70798840826e@group-5E4368F08284-SegmentedRaftLogWorker for RaftStorageImpl:Storage Directory /home/runner/work/ozone/ozone/hadoop-ozone/integration-test/target/test-dir/MiniOzoneClusterImpl-74c68852-2f98-4be9-abeb-2ef7722882f6/datanode-2/data/ratis/6d56315b-5097-4b6c-ae0d-5e4368f08284
2022-10-18 04:04:01,916 [pool-118-thread-1] INFO  server.RaftServerConfigKeys (ConfUtils.java:logGet(46)) - raft.server.log.queue.byte-limit = 4294967296 (custom)
2022-10-18 04:04:01,916 [pool-118-thread-1] INFO  server.RaftServerConfigKeys (ConfUtils.java:logGet(46)) - raft.server.log.queue.element-limit = 1024 (custom)
2022-10-18 04:04:01,916 [pool-118-thread-1] INFO  server.RaftServerConfigKeys (ConfUtils.java:logGet(46)) - raft.server.log.segment.size.max = 1048576 (custom)
2022-10-18 04:04:01,916 [pool-118-thread-1] INFO  server.RaftServerConfigKeys (ConfUtils.java:logGet(46)) - raft.server.log.preallocated.size = 16384 (custom)
2022-10-18 04:04:01,916 [pool-118-thread-1] INFO  server.RaftServerConfigKeys (ConfUtils.java:logGet(46)) - raft.server.log.force.sync.num = 128 (default)
2022-10-18 04:04:01,916 [pool-118-thread-1] INFO  server.RaftServerConfigKeys (ConfUtils.java:logGet(46)) - raft.server.log.statemachine.data.sync = true (default)
2022-10-18 04:04:01,916 [pool-118-thread-1] INFO  server.RaftServerConfigKeys (ConfUtils.java:logGet(46)) - raft.server.log.statemachine.data.sync.timeout = 10s (default)
2022-10-18 04:04:01,916 [pool-118-thread-1] INFO  server.RaftServerConfigKeys (ConfUtils.java:logGet(46)) - raft.server.log.statemachine.data.sync.timeout.retry = -1 (default)
2022-10-18 04:04:01,917 [pool-118-thread-1] INFO  server.RaftServerConfigKeys (ConfUtils.java:logGet(46)) - raft.server.log.write.buffer.size = 1048576 (custom)
2022-10-18 04:04:01,918 [pool-118-thread-1] INFO  server.RaftServerConfigKeys (ConfUtils.java:logGet(46)) - raft.server.log.unsafe-flush.enabled = false (default)
2022-10-18 04:04:01,918 [pool-118-thread-1] INFO  server.RaftServerConfigKeys (ConfUtils.java:logGet(46)) - raft.server.log.statemachine.data.caching.enabled = true (custom)
2022-10-18 04:04:01,918 [pool-118-thread-1] INFO  segmented.SegmentedRaftLogWorker (SegmentedRaftLogWorker.java:lambda$new$0(135)) - 26892566-c66f-4e9d-89f3-70798840826e@group-5E4368F08284-SegmentedRaftLogWorker: flushIndex: setUnconditionally 0 -> -1
2022-10-18 04:04:01,918 [pool-118-thread-1] INFO  segmented.SegmentedRaftLogWorker (SegmentedRaftLogWorker.java:lambda$new$0(135)) - 26892566-c66f-4e9d-89f3-70798840826e@group-5E4368F08284-SegmentedRaftLogWorker: safeCacheEvictIndex: setUnconditionally 0 -> -1
2022-10-18 04:04:01,921 [pool-118-thread-1] INFO  server.RaftServerConfigKeys (ConfUtils.java:logGet(46)) - raft.server.snapshot.auto.trigger.enabled = true (custom)
2022-10-18 04:04:01,921 [pool-118-thread-1] INFO  server.RaftServerConfigKeys (ConfUtils.java:logGet(46)) - raft.server.snapshot.auto.trigger.threshold = 10000 (custom)
2022-10-18 04:04:01,921 [pool-118-thread-1] INFO  server.RaftServerConfigKeys (ConfUtils.java:logGet(46)) - raft.server.snapshot.retention.file.num = 5 (custom)
2022-10-18 04:04:01,921 [pool-118-thread-1] INFO  server.RaftServerConfigKeys (ConfUtils.java:logGet(46)) - raft.server.log.purge.upto.snapshot.index = false (default)
2022-10-18 04:04:01,921 [pool-118-thread-1] INFO  server.RaftServerConfigKeys (ConfUtils.java:logGet(46)) - raft.server.retrycache.expirytime = 600000ms (custom)
2022-10-18 04:04:01,922 [pool-118-thread-1] INFO  server.RaftServerConfigKeys (ConfUtils.java:logGet(46)) - raft.server.retrycache.statistics.expirytime = 100μs (default)
2022-10-18 04:04:01,923 [pool-118-thread-1] INFO  server.RaftServerConfigKeys (ConfUtils.java:logGet(46)) - raft.server.log.appender.install.snapshot.enabled = false (custom)
2022-10-18 04:04:01,923 [pool-118-thread-1] INFO  server.RaftServerConfigKeys (ConfUtils.java:logGet(46)) - raft.server.threadpool.server.cached = true (default)
2022-10-18 04:04:01,923 [pool-118-thread-1] INFO  server.RaftServerConfigKeys (ConfUtils.java:logGet(46)) - raft.server.threadpool.server.size = 0 (default)
2022-10-18 04:04:01,923 [pool-118-thread-1] INFO  server.RaftServerConfigKeys (ConfUtils.java:logGet(46)) - raft.server.threadpool.client.cached = true (default)
2022-10-18 04:04:01,923 [pool-118-thread-1] INFO  server.RaftServerConfigKeys (ConfUtils.java:logGet(46)) - raft.server.threadpool.client.size = 0 (default)
2022-10-18 04:04:01,923 [pool-118-thread-1] INFO  server.RaftServer$Division (RaftServerImpl.java:start(310)) - 26892566-c66f-4e9d-89f3-70798840826e@group-A1C1C4F28718: start as a follower, conf=-1: [0a6c5d56-45d5-439e-bc91-862df307e002|rpc:10.1.0.75:42965|dataStream:|priority:0, 26892566-c66f-4e9d-89f3-70798840826e|rpc:10.1.0.75:37745|dataStream:|priority:1, a32d4034-02f0-4e94-b594-2fac596c8df5|rpc:10.1.0.75:35931|dataStream:|priority:0], old=null
2022-10-18 04:04:01,923 [pool-118-thread-1] INFO  server.RaftServer$Division (RaftServerImpl.java:setRole(299)) - 26892566-c66f-4e9d-89f3-70798840826e@group-A1C1C4F28718: changes role from      null to FOLLOWER at term 0 for startAsFollower
2022-10-18 04:04:01,923 [pool-118-thread-1] INFO  impl.RoleInfo (RoleInfo.java:updateAndGet(139)) - 26892566-c66f-4e9d-89f3-70798840826e: start 26892566-c66f-4e9d-89f3-70798840826e@group-A1C1C4F28718-FollowerState
2022-10-18 04:04:01,925 [pool-118-thread-1] INFO  util.JmxRegister (JmxRegister.java:tryRegister(44)) - Successfully registered JMX Bean with object name Ratis:service=RaftServer,group=group-A1C1C4F28718,id=26892566-c66f-4e9d-89f3-70798840826e
2022-10-18 04:04:01,931 [EventQueue-OpenPipelineForHealthyPipelineSafeModeRule] INFO  safemode.SCMSafeModeManager (HealthyPipelineSafeModeRule.java:process(137)) - SCM in safe mode. Healthy pipelines reported count is 0, required healthy pipeline reported count is 1
2022-10-18 04:04:01,933 [pool-118-thread-1] INFO  server.RaftServer$Division (RaftServerImpl.java:start(310)) - 26892566-c66f-4e9d-89f3-70798840826e@group-5E4368F08284: start as a follower, conf=-1: [26892566-c66f-4e9d-89f3-70798840826e|rpc:10.1.0.75:37745|priority:1], old=null
2022-10-18 04:04:01,933 [pool-118-thread-1] INFO  server.RaftServer$Division (RaftServerImpl.java:setRole(299)) - 26892566-c66f-4e9d-89f3-70798840826e@group-5E4368F08284: changes role from      null to FOLLOWER at term 0 for startAsFollower
2022-10-18 04:04:01,936 [pool-118-thread-1] INFO  impl.RoleInfo (RoleInfo.java:updateAndGet(139)) - 26892566-c66f-4e9d-89f3-70798840826e: start 26892566-c66f-4e9d-89f3-70798840826e@group-5E4368F08284-FollowerState
2022-10-18 04:04:01,936 [pool-118-thread-1] INFO  util.JmxRegister (JmxRegister.java:tryRegister(44)) - Successfully registered JMX Bean with object name Ratis:service=RaftServer,group=group-5E4368F08284,id=26892566-c66f-4e9d-89f3-70798840826e
2022-10-18 04:04:01,938 [Command processor thread] INFO  ratis.XceiverServerRatis (XceiverServerRatis.java:addGroup(765)) - Created group PipelineID=6d56315b-5097-4b6c-ae0d-5e4368f08284
2022-10-18 04:04:01,938 [Command processor thread] INFO  commandhandler.CreatePipelineCommandHandler (CreatePipelineCommandHandler.java:handle(113)) - Created Pipeline RATIS ONE PipelineID=6d56315b-5097-4b6c-ae0d-5e4368f08284.
2022-10-18 04:04:01,975 [Command processor thread] INFO  commandhandler.CreatePipelineCommandHandler (CreatePipelineCommandHandler.java:handle(113)) - Created Pipeline RATIS THREE PipelineID=fac4febb-f755-472f-8493-a1c1c4f28718.
2022-10-18 04:04:01,985 [Command processor thread] INFO  commandhandler.CreatePipelineCommandHandler (CreatePipelineCommandHandler.java:handle(113)) - Created Pipeline RATIS THREE PipelineID=fac4febb-f755-472f-8493-a1c1c4f28718.
2022-10-18 04:04:02,847 [Listener at 127.0.0.1/33627] INFO  ozone.MiniOzoneClusterImpl (MiniOzoneClusterImpl.java:lambda$waitForClusterToBeReady$0(216)) - Nodes are ready. Got 3 of 3 DN Heartbeats.
2022-10-18 04:04:02,847 [Listener at 127.0.0.1/33627] INFO  ozone.MiniOzoneClusterImpl (MiniOzoneClusterImpl.java:lambda$waitForClusterToBeReady$0(219)) - Waiting for cluster to exit safe mode
2022-10-18 04:04:02,847 [Listener at 127.0.0.1/33627] INFO  ozone.MiniOzoneClusterImpl (MiniOzoneClusterImpl.java:lambda$waitForClusterToBeReady$0(221)) - SCM became leader
2022-10-18 04:04:03,847 [Listener at 127.0.0.1/33627] INFO  ozone.MiniOzoneClusterImpl (MiniOzoneClusterImpl.java:lambda$waitForClusterToBeReady$0(216)) - Nodes are ready. Got 3 of 3 DN Heartbeats.
2022-10-18 04:04:03,848 [Listener at 127.0.0.1/33627] INFO  ozone.MiniOzoneClusterImpl (MiniOzoneClusterImpl.java:lambda$waitForClusterToBeReady$0(219)) - Waiting for cluster to exit safe mode
2022-10-18 04:04:03,848 [Listener at 127.0.0.1/33627] INFO  ozone.MiniOzoneClusterImpl (MiniOzoneClusterImpl.java:lambda$waitForClusterToBeReady$0(221)) - SCM became leader
2022-10-18 04:04:04,848 [Listener at 127.0.0.1/33627] INFO  ozone.MiniOzoneClusterImpl (MiniOzoneClusterImpl.java:lambda$waitForClusterToBeReady$0(216)) - Nodes are ready. Got 3 of 3 DN Heartbeats.
2022-10-18 04:04:04,848 [Listener at 127.0.0.1/33627] INFO  ozone.MiniOzoneClusterImpl (MiniOzoneClusterImpl.java:lambda$waitForClusterToBeReady$0(219)) - Waiting for cluster to exit safe mode
2022-10-18 04:04:04,848 [Listener at 127.0.0.1/33627] INFO  ozone.MiniOzoneClusterImpl (MiniOzoneClusterImpl.java:lambda$waitForClusterToBeReady$0(221)) - SCM became leader
2022-10-18 04:04:05,849 [Listener at 127.0.0.1/33627] INFO  ozone.MiniOzoneClusterImpl (MiniOzoneClusterImpl.java:lambda$waitForClusterToBeReady$0(216)) - Nodes are ready. Got 3 of 3 DN Heartbeats.
2022-10-18 04:04:05,849 [Listener at 127.0.0.1/33627] INFO  ozone.MiniOzoneClusterImpl (MiniOzoneClusterImpl.java:lambda$waitForClusterToBeReady$0(219)) - Waiting for cluster to exit safe mode
2022-10-18 04:04:05,849 [Listener at 127.0.0.1/33627] INFO  ozone.MiniOzoneClusterImpl (MiniOzoneClusterImpl.java:lambda$waitForClusterToBeReady$0(221)) - SCM became leader
2022-10-18 04:04:06,041 [0a6c5d56-45d5-439e-bc91-862df307e002@group-1F0D0B68DBFC-FollowerState] INFO  impl.FollowerState (FollowerState.java:run(143)) - 0a6c5d56-45d5-439e-bc91-862df307e002@group-1F0D0B68DBFC-FollowerState: change to CANDIDATE, lastRpcElapsedTime:5074030513ns, electionTimeout:5062ms
2022-10-18 04:04:06,042 [0a6c5d56-45d5-439e-bc91-862df307e002@group-1F0D0B68DBFC-FollowerState] INFO  impl.RoleInfo (RoleInfo.java:shutdownFollowerState(110)) - 0a6c5d56-45d5-439e-bc91-862df307e002: shutdown 0a6c5d56-45d5-439e-bc91-862df307e002@group-1F0D0B68DBFC-FollowerState
2022-10-18 04:04:06,042 [0a6c5d56-45d5-439e-bc91-862df307e002@group-1F0D0B68DBFC-FollowerState] INFO  server.RaftServer$Division (RaftServerImpl.java:setRole(299)) - 0a6c5d56-45d5-439e-bc91-862df307e002@group-1F0D0B68DBFC: changes role from  FOLLOWER to CANDIDATE at term 0 for changeToCandidate
2022-10-18 04:04:06,042 [0a6c5d56-45d5-439e-bc91-862df307e002@group-1F0D0B68DBFC-FollowerState] INFO  server.RaftServerConfigKeys (ConfUtils.java:logGet(46)) - raft.server.leaderelection.pre-vote = false (custom)
2022-10-18 04:04:06,042 [0a6c5d56-45d5-439e-bc91-862df307e002@group-1F0D0B68DBFC-FollowerState] INFO  impl.RoleInfo (RoleInfo.java:updateAndGet(139)) - 0a6c5d56-45d5-439e-bc91-862df307e002: start 0a6c5d56-45d5-439e-bc91-862df307e002@group-1F0D0B68DBFC-LeaderElection2
2022-10-18 04:04:06,046 [0a6c5d56-45d5-439e-bc91-862df307e002@group-1F0D0B68DBFC-LeaderElection2] INFO  impl.LeaderElection (LeaderElection.java:askForVotes(310)) - 0a6c5d56-45d5-439e-bc91-862df307e002@group-1F0D0B68DBFC-LeaderElection2 ELECTION round 0: submit vote requests at term 1 for -1: [0a6c5d56-45d5-439e-bc91-862df307e002|rpc:10.1.0.75:42965|priority:1], old=null
2022-10-18 04:04:06,046 [0a6c5d56-45d5-439e-bc91-862df307e002@group-1F0D0B68DBFC-LeaderElection2] INFO  impl.LeaderElection (LeaderElection.java:askForVotes(312)) - 0a6c5d56-45d5-439e-bc91-862df307e002@group-1F0D0B68DBFC-LeaderElection2 ELECTION round 0: result PASSED (term=1)
2022-10-18 04:04:06,046 [0a6c5d56-45d5-439e-bc91-862df307e002@group-1F0D0B68DBFC-LeaderElection2] INFO  impl.RoleInfo (RoleInfo.java:shutdownLeaderElection(130)) - 0a6c5d56-45d5-439e-bc91-862df307e002: shutdown 0a6c5d56-45d5-439e-bc91-862df307e002@group-1F0D0B68DBFC-LeaderElection2
2022-10-18 04:04:06,046 [0a6c5d56-45d5-439e-bc91-862df307e002@group-1F0D0B68DBFC-LeaderElection2] INFO  server.RaftServer$Division (RaftServerImpl.java:setRole(299)) - 0a6c5d56-45d5-439e-bc91-862df307e002@group-1F0D0B68DBFC: changes role from CANDIDATE to LEADER at term 1 for changeToLeader
2022-10-18 04:04:06,046 [0a6c5d56-45d5-439e-bc91-862df307e002@group-1F0D0B68DBFC-LeaderElection2] INFO  ratis.XceiverServerRatis (XceiverServerRatis.java:handleLeaderChangedNotification(863)) - Leader change notification received for group: group-1F0D0B68DBFC with new leaderId: 0a6c5d56-45d5-439e-bc91-862df307e002
2022-10-18 04:04:06,047 [0a6c5d56-45d5-439e-bc91-862df307e002@group-1F0D0B68DBFC-LeaderElection2] INFO  server.RaftServer$Division (ServerState.java:setLeader(287)) - 0a6c5d56-45d5-439e-bc91-862df307e002@group-1F0D0B68DBFC: change Leader from null to 0a6c5d56-45d5-439e-bc91-862df307e002 at term 1 for becomeLeader, leader elected after 5086ms
2022-10-18 04:04:06,047 [0a6c5d56-45d5-439e-bc91-862df307e002@group-1F0D0B68DBFC-LeaderElection2] INFO  server.RaftServerConfigKeys (ConfUtils.java:logGet(46)) - raft.server.staging.catchup.gap = 1000 (default)
2022-10-18 04:04:06,047 [0a6c5d56-45d5-439e-bc91-862df307e002@group-1F0D0B68DBFC-LeaderElection2] INFO  server.RaftServerConfigKeys (ConfUtils.java:logGet(46)) - raft.server.write.element-limit = 1024 (custom)
2022-10-18 04:04:06,047 [0a6c5d56-45d5-439e-bc91-862df307e002@group-1F0D0B68DBFC-LeaderElection2] INFO  server.RaftServerConfigKeys (ConfUtils.java:logGet(46)) - raft.server.write.byte-limit = 1024 M (=1073741824) (custom)
2022-10-18 04:04:06,047 [0a6c5d56-45d5-439e-bc91-862df307e002@group-1F0D0B68DBFC-LeaderElection2] INFO  server.RaftServerConfigKeys (ConfUtils.java:logGet(46)) - raft.server.watch.timeout = 180s (custom)
2022-10-18 04:04:06,048 [0a6c5d56-45d5-439e-bc91-862df307e002@group-1F0D0B68DBFC-LeaderElection2] INFO  server.RaftServerConfigKeys (ConfUtils.java:logGet(46)) - raft.server.watch.timeout.denomination = 1s (default)
2022-10-18 04:04:06,048 [0a6c5d56-45d5-439e-bc91-862df307e002@group-1F0D0B68DBFC-LeaderElection2] INFO  server.RaftServerConfigKeys (ConfUtils.java:logGet(46)) - raft.server.watch.element-limit = 65536 (default)
2022-10-18 04:04:06,048 [0a6c5d56-45d5-439e-bc91-862df307e002@group-1F0D0B68DBFC-LeaderElection2] INFO  server.RaftServerConfigKeys (ConfUtils.java:logGet(46)) - raft.server.write.element-limit = 1024 (custom)
2022-10-18 04:04:06,049 [0a6c5d56-45d5-439e-bc91-862df307e002@group-1F0D0B68DBFC-LeaderElection2] INFO  server.RaftServerConfigKeys (ConfUtils.java:logGet(46)) - raft.server.write.follower.gap.ratio.max = -1.0 (default)
2022-10-18 04:04:06,049 [EventQueue-OpenPipelineForHealthyPipelineSafeModeRule] INFO  safemode.SCMSafeModeManager (HealthyPipelineSafeModeRule.java:process(137)) - SCM in safe mode. Healthy pipelines reported count is 0, required healthy pipeline reported count is 1
2022-10-18 04:04:06,049 [0a6c5d56-45d5-439e-bc91-862df307e002@group-1F0D0B68DBFC-LeaderElection2] INFO  impl.RoleInfo (RoleInfo.java:updateAndGet(139)) - 0a6c5d56-45d5-439e-bc91-862df307e002: start 0a6c5d56-45d5-439e-bc91-862df307e002@group-1F0D0B68DBFC-LeaderStateImpl
2022-10-18 04:04:06,050 [0a6c5d56-45d5-439e-bc91-862df307e002@group-1F0D0B68DBFC-LeaderElection2] INFO  segmented.SegmentedRaftLogWorker (SegmentedRaftLogWorker.java:startLogSegment(425)) - 0a6c5d56-45d5-439e-bc91-862df307e002@group-1F0D0B68DBFC-SegmentedRaftLogWorker: Starting segment from index:0
2022-10-18 04:04:06,052 [0a6c5d56-45d5-439e-bc91-862df307e002@group-1F0D0B68DBFC-SegmentedRaftLogWorker] INFO  segmented.SegmentedRaftLogWorker (SegmentedRaftLogWorker.java:execute(629)) - 0a6c5d56-45d5-439e-bc91-862df307e002@group-1F0D0B68DBFC-SegmentedRaftLogWorker: created new log segment /home/runner/work/ozone/ozone/hadoop-ozone/integration-test/target/test-dir/MiniOzoneClusterImpl-74c68852-2f98-4be9-abeb-2ef7722882f6/datanode-0/data/ratis/8ec480e6-bb3e-4b74-89b1-1f0d0b68dbfc/current/log_inprogress_0
2022-10-18 04:04:06,054 [0a6c5d56-45d5-439e-bc91-862df307e002@group-1F0D0B68DBFC-LeaderElection2] INFO  server.RaftServer$Division (ServerState.java:setRaftConf(393)) - 0a6c5d56-45d5-439e-bc91-862df307e002@group-1F0D0B68DBFC: set configuration 0: [0a6c5d56-45d5-439e-bc91-862df307e002|rpc:10.1.0.75:42965|dataStream:|priority:1], old=null
2022-10-18 04:04:06,153 [0a6c5d56-45d5-439e-bc91-862df307e002@group-A580B0AD823B-FollowerState] INFO  impl.FollowerState (FollowerState.java:run(143)) - 0a6c5d56-45d5-439e-bc91-862df307e002@group-A580B0AD823B-FollowerState: change to CANDIDATE, lastRpcElapsedTime:5121875453ns, electionTimeout:5119ms
2022-10-18 04:04:06,154 [0a6c5d56-45d5-439e-bc91-862df307e002@group-A580B0AD823B-FollowerState] INFO  impl.RoleInfo (RoleInfo.java:shutdownFollowerState(110)) - 0a6c5d56-45d5-439e-bc91-862df307e002: shutdown 0a6c5d56-45d5-439e-bc91-862df307e002@group-A580B0AD823B-FollowerState
2022-10-18 04:04:06,154 [0a6c5d56-45d5-439e-bc91-862df307e002@group-A580B0AD823B-FollowerState] INFO  server.RaftServer$Division (RaftServerImpl.java:setRole(299)) - 0a6c5d56-45d5-439e-bc91-862df307e002@group-A580B0AD823B: changes role from  FOLLOWER to CANDIDATE at term 0 for changeToCandidate
2022-10-18 04:04:06,154 [0a6c5d56-45d5-439e-bc91-862df307e002@group-A580B0AD823B-FollowerState] INFO  server.RaftServerConfigKeys (ConfUtils.java:logGet(46)) - raft.server.leaderelection.pre-vote = false (custom)
2022-10-18 04:04:06,154 [0a6c5d56-45d5-439e-bc91-862df307e002@group-A580B0AD823B-FollowerState] INFO  impl.RoleInfo (RoleInfo.java:updateAndGet(139)) - 0a6c5d56-45d5-439e-bc91-862df307e002: start 0a6c5d56-45d5-439e-bc91-862df307e002@group-A580B0AD823B-LeaderElection3
2022-10-18 04:04:06,157 [0a6c5d56-45d5-439e-bc91-862df307e002@group-A580B0AD823B-LeaderElection3] INFO  impl.LeaderElection (LeaderElection.java:askForVotes(310)) - 0a6c5d56-45d5-439e-bc91-862df307e002@group-A580B0AD823B-LeaderElection3 ELECTION round 0: submit vote requests at term 1 for -1: [0a6c5d56-45d5-439e-bc91-862df307e002|rpc:10.1.0.75:42965|priority:1, 26892566-c66f-4e9d-89f3-70798840826e|rpc:10.1.0.75:37745|priority:0, a32d4034-02f0-4e94-b594-2fac596c8df5|rpc:10.1.0.75:35931|priority:0], old=null
2022-10-18 04:04:06,190 [grpc-default-executor-1] INFO  server.RaftServer$Division (RaftServerImpl.java:requestVote(1152)) - 26892566-c66f-4e9d-89f3-70798840826e@group-A580B0AD823B: receive requestVote(ELECTION, 0a6c5d56-45d5-439e-bc91-862df307e002, group-A580B0AD823B, 1, (t:0, i:0))
2022-10-18 04:04:06,192 [grpc-default-executor-1] INFO  impl.VoteContext (VoteContext.java:log(48)) - 26892566-c66f-4e9d-89f3-70798840826e@group-A580B0AD823B-FOLLOWER: accept ELECTION from 0a6c5d56-45d5-439e-bc91-862df307e002: our priority 0 <= candidate's priority 1
2022-10-18 04:04:06,192 [grpc-default-executor-1] INFO  server.RaftServer$Division (RaftServerImpl.java:setRole(299)) - 26892566-c66f-4e9d-89f3-70798840826e@group-A580B0AD823B: changes role from  FOLLOWER to FOLLOWER at term 1 for candidate:0a6c5d56-45d5-439e-bc91-862df307e002
2022-10-18 04:04:06,193 [grpc-default-executor-1] INFO  impl.RoleInfo (RoleInfo.java:shutdownFollowerState(110)) - 26892566-c66f-4e9d-89f3-70798840826e: shutdown 26892566-c66f-4e9d-89f3-70798840826e@group-A580B0AD823B-FollowerState
2022-10-18 04:04:06,193 [grpc-default-executor-1] INFO  impl.RoleInfo (RoleInfo.java:updateAndGet(139)) - 26892566-c66f-4e9d-89f3-70798840826e: start 26892566-c66f-4e9d-89f3-70798840826e@group-A580B0AD823B-FollowerState
2022-10-18 04:04:06,193 [26892566-c66f-4e9d-89f3-70798840826e@group-A580B0AD823B-FollowerState] INFO  impl.FollowerState (FollowerState.java:run(152)) - 26892566-c66f-4e9d-89f3-70798840826e@group-A580B0AD823B-FollowerState was interrupted
2022-10-18 04:04:06,198 [grpc-default-executor-0] INFO  server.RaftServer$Division (RaftServerImpl.java:requestVote(1152)) - a32d4034-02f0-4e94-b594-2fac596c8df5@group-A580B0AD823B: receive requestVote(ELECTION, 0a6c5d56-45d5-439e-bc91-862df307e002, group-A580B0AD823B, 1, (t:0, i:0))
2022-10-18 04:04:06,198 [grpc-default-executor-0] INFO  impl.VoteContext (VoteContext.java:log(48)) - a32d4034-02f0-4e94-b594-2fac596c8df5@group-A580B0AD823B-FOLLOWER: accept ELECTION from 0a6c5d56-45d5-439e-bc91-862df307e002: our priority 0 <= candidate's priority 1
2022-10-18 04:04:06,199 [grpc-default-executor-0] INFO  server.RaftServer$Division (RaftServerImpl.java:setRole(299)) - a32d4034-02f0-4e94-b594-2fac596c8df5@group-A580B0AD823B: changes role from  FOLLOWER to FOLLOWER at term 1 for candidate:0a6c5d56-45d5-439e-bc91-862df307e002
2022-10-18 04:04:06,200 [grpc-default-executor-0] INFO  impl.RoleInfo (RoleInfo.java:shutdownFollowerState(110)) - a32d4034-02f0-4e94-b594-2fac596c8df5: shutdown a32d4034-02f0-4e94-b594-2fac596c8df5@group-A580B0AD823B-FollowerState
2022-10-18 04:04:06,200 [grpc-default-executor-0] INFO  impl.RoleInfo (RoleInfo.java:updateAndGet(139)) - a32d4034-02f0-4e94-b594-2fac596c8df5: start a32d4034-02f0-4e94-b594-2fac596c8df5@group-A580B0AD823B-FollowerState
2022-10-18 04:04:06,200 [a32d4034-02f0-4e94-b594-2fac596c8df5@group-A580B0AD823B-FollowerState] INFO  impl.FollowerState (FollowerState.java:run(152)) - a32d4034-02f0-4e94-b594-2fac596c8df5@group-A580B0AD823B-FollowerState was interrupted
2022-10-18 04:04:06,208 [grpc-default-executor-1] INFO  server.RaftServer$Division (RaftServerImpl.java:requestVote(1184)) - 26892566-c66f-4e9d-89f3-70798840826e@group-A580B0AD823B replies to ELECTION vote request: 0a6c5d56-45d5-439e-bc91-862df307e002<-26892566-c66f-4e9d-89f3-70798840826e#0:OK-t1. Peer's state: 26892566-c66f-4e9d-89f3-70798840826e@group-A580B0AD823B:t1, leader=null, voted=0a6c5d56-45d5-439e-bc91-862df307e002, raftlog=26892566-c66f-4e9d-89f3-70798840826e@group-A580B0AD823B-SegmentedRaftLog:OPENED:c-1, conf=-1: [0a6c5d56-45d5-439e-bc91-862df307e002|rpc:10.1.0.75:42965|dataStream:|priority:1, 26892566-c66f-4e9d-89f3-70798840826e|rpc:10.1.0.75:37745|dataStream:|priority:0, a32d4034-02f0-4e94-b594-2fac596c8df5|rpc:10.1.0.75:35931|dataStream:|priority:0], old=null
2022-10-18 04:04:06,209 [grpc-default-executor-0] INFO  server.RaftServer$Division (RaftServerImpl.java:requestVote(1184)) - a32d4034-02f0-4e94-b594-2fac596c8df5@group-A580B0AD823B replies to ELECTION vote request: 0a6c5d56-45d5-439e-bc91-862df307e002<-a32d4034-02f0-4e94-b594-2fac596c8df5#0:OK-t1. Peer's state: a32d4034-02f0-4e94-b594-2fac596c8df5@group-A580B0AD823B:t1, leader=null, voted=0a6c5d56-45d5-439e-bc91-862df307e002, raftlog=a32d4034-02f0-4e94-b594-2fac596c8df5@group-A580B0AD823B-SegmentedRaftLog:OPENED:c-1, conf=-1: [0a6c5d56-45d5-439e-bc91-862df307e002|rpc:10.1.0.75:42965|priority:1, 26892566-c66f-4e9d-89f3-70798840826e|rpc:10.1.0.75:37745|priority:0, a32d4034-02f0-4e94-b594-2fac596c8df5|rpc:10.1.0.75:35931|priority:0], old=null
2022-10-18 04:04:06,217 [0a6c5d56-45d5-439e-bc91-862df307e002@group-A580B0AD823B-LeaderElection3] INFO  impl.LeaderElection (LeaderElection.java:logAndReturn(90)) - 0a6c5d56-45d5-439e-bc91-862df307e002@group-A580B0AD823B-LeaderElection3: ELECTION PASSED received 1 response(s) and 0 exception(s):
2022-10-18 04:04:06,217 [0a6c5d56-45d5-439e-bc91-862df307e002@group-A580B0AD823B-LeaderElection3] INFO  impl.LeaderElection (LeaderElection.java:logAndReturn(94)) -   Response 0: 0a6c5d56-45d5-439e-bc91-862df307e002<-26892566-c66f-4e9d-89f3-70798840826e#0:OK-t1
2022-10-18 04:04:06,217 [0a6c5d56-45d5-439e-bc91-862df307e002@group-A580B0AD823B-LeaderElection3] INFO  impl.LeaderElection (LeaderElection.java:askForVotes(312)) - 0a6c5d56-45d5-439e-bc91-862df307e002@group-A580B0AD823B-LeaderElection3 ELECTION round 0: result PASSED
2022-10-18 04:04:06,217 [0a6c5d56-45d5-439e-bc91-862df307e002@group-A580B0AD823B-LeaderElection3] INFO  impl.RoleInfo (RoleInfo.java:shutdownLeaderElection(130)) - 0a6c5d56-45d5-439e-bc91-862df307e002: shutdown 0a6c5d56-45d5-439e-bc91-862df307e002@group-A580B0AD823B-LeaderElection3
2022-10-18 04:04:06,218 [0a6c5d56-45d5-439e-bc91-862df307e002@group-A580B0AD823B-LeaderElection3] INFO  server.RaftServer$Division (RaftServerImpl.java:setRole(299)) - 0a6c5d56-45d5-439e-bc91-862df307e002@group-A580B0AD823B: changes role from CANDIDATE to LEADER at term 1 for changeToLeader
2022-10-18 04:04:06,218 [0a6c5d56-45d5-439e-bc91-862df307e002@group-A580B0AD823B-LeaderElection3] INFO  ratis.XceiverServerRatis (XceiverServerRatis.java:handleLeaderChangedNotification(863)) - Leader change notification received for group: group-A580B0AD823B with new leaderId: 0a6c5d56-45d5-439e-bc91-862df307e002
2022-10-18 04:04:06,218 [0a6c5d56-45d5-439e-bc91-862df307e002@group-A580B0AD823B-LeaderElection3] INFO  server.RaftServer$Division (ServerState.java:setLeader(287)) - 0a6c5d56-45d5-439e-bc91-862df307e002@group-A580B0AD823B: change Leader from null to 0a6c5d56-45d5-439e-bc91-862df307e002 at term 1 for becomeLeader, leader elected after 5209ms
2022-10-18 04:04:06,218 [0a6c5d56-45d5-439e-bc91-862df307e002@group-A580B0AD823B-LeaderElection3] INFO  server.RaftServerConfigKeys (ConfUtils.java:logGet(46)) - raft.server.staging.catchup.gap = 1000 (default)
2022-10-18 04:04:06,218 [0a6c5d56-45d5-439e-bc91-862df307e002@group-A580B0AD823B-LeaderElection3] INFO  server.RaftServerConfigKeys (ConfUtils.java:logGet(46)) - raft.server.write.element-limit = 1024 (custom)
2022-10-18 04:04:06,219 [0a6c5d56-45d5-439e-bc91-862df307e002@group-A580B0AD823B-LeaderElection3] INFO  server.RaftServerConfigKeys (ConfUtils.java:logGet(46)) - raft.server.write.byte-limit = 1024 M (=1073741824) (custom)
2022-10-18 04:04:06,219 [0a6c5d56-45d5-439e-bc91-862df307e002@group-A580B0AD823B-LeaderElection3] INFO  server.RaftServerConfigKeys (ConfUtils.java:logGet(46)) - raft.server.watch.timeout = 180s (custom)
2022-10-18 04:04:06,219 [0a6c5d56-45d5-439e-bc91-862df307e002@group-A580B0AD823B-LeaderElection3] INFO  server.RaftServerConfigKeys (ConfUtils.java:logGet(46)) - raft.server.watch.timeout.denomination = 1s (default)
2022-10-18 04:04:06,219 [0a6c5d56-45d5-439e-bc91-862df307e002@group-A580B0AD823B-LeaderElection3] INFO  server.RaftServerConfigKeys (ConfUtils.java:logGet(46)) - raft.server.watch.element-limit = 65536 (default)
2022-10-18 04:04:06,219 [0a6c5d56-45d5-439e-bc91-862df307e002@group-A580B0AD823B-LeaderElection3] INFO  server.RaftServerConfigKeys (ConfUtils.java:logGet(46)) - raft.server.write.element-limit = 1024 (custom)
2022-10-18 04:04:06,219 [0a6c5d56-45d5-439e-bc91-862df307e002@group-A580B0AD823B-LeaderElection3] INFO  server.RaftServerConfigKeys (ConfUtils.java:logGet(46)) - raft.server.write.follower.gap.ratio.max = -1.0 (default)
2022-10-18 04:04:06,227 [EventQueue-PipelineReportForPipelineReportHandler] INFO  pipeline.PipelineManagerImpl (PipelineManagerImpl.java:openPipeline(367)) - Pipeline Pipeline[ Id: b59fc8d6-fc19-4069-9fb9-a580b0ad823b, Nodes: 26892566-c66f-4e9d-89f3-70798840826e{ip: 10.1.0.75, host: fv-az573-760.uspngagyt4suddso0aj1djjezg.dx.internal.cloudapp.net, ports: [REPLICATION=37407, RATIS=37745, RATIS_ADMIN=37745, RATIS_SERVER=37745, STANDALONE=40187], networkLocation: /default-rack, certSerialId: null, persistedOpState: IN_SERVICE, persistedOpStateExpiryEpochSec: 0}0a6c5d56-45d5-439e-bc91-862df307e002{ip: 10.1.0.75, host: fv-az573-760.uspngagyt4suddso0aj1djjezg.dx.internal.cloudapp.net, ports: [REPLICATION=44305, RATIS=42965, RATIS_ADMIN=42965, RATIS_SERVER=42965, STANDALONE=37165], networkLocation: /default-rack, certSerialId: null, persistedOpState: IN_SERVICE, persistedOpStateExpiryEpochSec: 0}a32d4034-02f0-4e94-b594-2fac596c8df5{ip: 10.1.0.75, host: fv-az573-760.uspngagyt4suddso0aj1djjezg.dx.internal.cloudapp.net, ports: [REPLICATION=34381, RATIS=35931, RATIS_ADMIN=35931, RATIS_SERVER=35931, STANDALONE=46297], networkLocation: /default-rack, certSerialId: null, persistedOpState: IN_SERVICE, persistedOpStateExpiryEpochSec: 0}, ReplicationConfig: RATIS/THREE, State:ALLOCATED, leaderId:0a6c5d56-45d5-439e-bc91-862df307e002, CreationTimestamp2022-10-18T04:03:58.866Z[Etc/UTC]] moved to OPEN state
2022-10-18 04:04:06,228 [EventQueue-OpenPipelineForHealthyPipelineSafeModeRule] INFO  safemode.SCMSafeModeManager (HealthyPipelineSafeModeRule.java:process(137)) - SCM in safe mode. Healthy pipelines reported count is 0, required healthy pipeline reported count is 1
2022-10-18 04:04:06,228 [EventQueue-OpenPipelineForHealthyPipelineSafeModeRule] INFO  safemode.SCMSafeModeManager (HealthyPipelineSafeModeRule.java:process(137)) - SCM in safe mode. Healthy pipelines reported count is 1, required healthy pipeline reported count is 1
2022-10-18 04:04:06,228 [EventQueue-OpenPipelineForHealthyPipelineSafeModeRule] INFO  safemode.SCMSafeModeManager (SCMSafeModeManager.java:validateSafeModeExitRules(204)) - HealthyPipelineSafeModeRule rule is successfully validated
2022-10-18 04:04:06,228 [EventQueue-OpenPipelineForHealthyPipelineSafeModeRule] INFO  safemode.SCMSafeModeManager (SCMSafeModeManager.java:validateSafeModeExitRules(219)) - ScmSafeModeManager, all rules are successfully validated
2022-10-18 04:04:06,228 [EventQueue-OpenPipelineForHealthyPipelineSafeModeRule] INFO  safemode.SCMSafeModeManager (SCMSafeModeManager.java:exitSafeMode(248)) - SCM exiting safe mode.
2022-10-18 04:04:06,228 [EventQueue-OpenPipelineForHealthyPipelineSafeModeRule] WARN  events.EventQueue (EventQueue.java:fireEvent(216)) - No event handler registered for event TypedEvent{payloadType=SafeModeStatus, name='Safe mode status'}
2022-10-18 04:04:06,228 [EventQueue-OpenPipelineForHealthyPipelineSafeModeRule] INFO  ha.SCMContext (SCMContext.java:updateSafeModeStatus(228)) - Update SafeModeStatus from SafeModeStatus{safeModeStatus=true, preCheckPassed=true} to SafeModeStatus{safeModeStatus=false, preCheckPassed=true}.
2022-10-18 04:04:06,229 [EventQueue-OpenPipelineForHealthyPipelineSafeModeRule] INFO  pipeline.BackgroundPipelineCreator (BackgroundPipelineCreator.java:notifyStatusChanged(254)) - Service BackgroundPipelineCreator transitions to RUNNING.
2022-10-18 04:04:06,229 [EventQueue-OpenPipelineForHealthyPipelineSafeModeRule] INFO  BackgroundPipelineScrubber (BackgroundSCMService.java:notifyStatusChanged(82)) - Service BackgroundPipelineScrubber transitions to RUNNING.
2022-10-18 04:04:06,229 [EventQueue-OpenPipelineForHealthyPipelineSafeModeRule] INFO  ExpiredContainerReplicaOpScrubber (BackgroundSCMService.java:notifyStatusChanged(82)) - Service ExpiredContainerReplicaOpScrubber transitions to RUNNING.
2022-10-18 04:04:06,229 [EventQueue-OpenPipelineForHealthyPipelineSafeModeRule] INFO  replication.ReplicationManager (ReplicationManager.java:notifyStatusChanged(728)) - Service ReplicationManager transitions to RUNNING.
2022-10-18 04:04:06,233 [EventQueue-OpenPipelineForHealthyPipelineSafeModeRule] WARN  balancer.ContainerBalancer (ContainerBalancer.java:shouldRun(131)) - Could not find persisted configuration for ContainerBalancer when checking if ContainerBalancer should run. ContainerBalancer should not run now.
2022-10-18 04:04:06,237 [0a6c5d56-45d5-439e-bc91-862df307e002@group-A580B0AD823B-LeaderElection3] INFO  server.RaftServerConfigKeys (ConfUtils.java:logGet(46)) - raft.server.log.appender.snapshot.chunk.size.max = 16MB (=16777216) (default)
2022-10-18 04:04:06,237 [0a6c5d56-45d5-439e-bc91-862df307e002@group-A580B0AD823B-LeaderElection3] INFO  server.RaftServerConfigKeys (ConfUtils.java:logGet(46)) - raft.server.log.appender.buffer.byte-limit = 33554432 (custom)
2022-10-18 04:04:06,238 [0a6c5d56-45d5-439e-bc91-862df307e002@group-A580B0AD823B-LeaderElection3] INFO  server.RaftServerConfigKeys (ConfUtils.java:logGet(46)) - raft.server.log.appender.buffer.element-limit = 1 (custom)
2022-10-18 04:04:06,240 [0a6c5d56-45d5-439e-bc91-862df307e002@group-A580B0AD823B-LeaderElection3] INFO  grpc.GrpcConfigKeys (ConfUtils.java:logGet(46)) - raft.grpc.server.leader.outstanding.appends.max = 128 (default)
2022-10-18 04:04:06,241 [0a6c5d56-45d5-439e-bc91-862df307e002@group-A580B0AD823B-LeaderElection3] INFO  server.RaftServerConfigKeys (ConfUtils.java:logGet(46)) - raft.server.rpc.request.timeout = 60s (custom)
2022-10-18 04:04:06,241 [0a6c5d56-45d5-439e-bc91-862df307e002@group-A580B0AD823B-LeaderElection3] INFO  server.RaftServerConfigKeys (ConfUtils.java:logGet(46)) - raft.server.log.appender.install.snapshot.enabled = false (custom)
2022-10-18 04:04:06,243 [0a6c5d56-45d5-439e-bc91-862df307e002@group-A580B0AD823B-LeaderElection3] INFO  server.RaftServerConfigKeys (ConfUtils.java:logGet(46)) - raft.server.log.appender.snapshot.chunk.size.max = 16MB (=16777216) (default)
2022-10-18 04:04:06,243 [0a6c5d56-45d5-439e-bc91-862df307e002@group-A580B0AD823B-LeaderElection3] INFO  server.RaftServerConfigKeys (ConfUtils.java:logGet(46)) - raft.server.log.appender.buffer.byte-limit = 33554432 (custom)
2022-10-18 04:04:06,243 [0a6c5d56-45d5-439e-bc91-862df307e002@group-A580B0AD823B-LeaderElection3] INFO  server.RaftServerConfigKeys (ConfUtils.java:logGet(46)) - raft.server.log.appender.buffer.element-limit = 1 (custom)
2022-10-18 04:04:06,243 [0a6c5d56-45d5-439e-bc91-862df307e002@group-A580B0AD823B-LeaderElection3] INFO  grpc.GrpcConfigKeys (ConfUtils.java:logGet(46)) - raft.grpc.server.leader.outstanding.appends.max = 128 (default)
2022-10-18 04:04:06,243 [0a6c5d56-45d5-439e-bc91-862df307e002@group-A580B0AD823B-LeaderElection3] INFO  server.RaftServerConfigKeys (ConfUtils.java:logGet(46)) - raft.server.rpc.request.timeout = 60s (custom)
2022-10-18 04:04:06,244 [0a6c5d56-45d5-439e-bc91-862df307e002@group-A580B0AD823B-LeaderElection3] INFO  server.RaftServerConfigKeys (ConfUtils.java:logGet(46)) - raft.server.log.appender.install.snapshot.enabled = false (custom)
2022-10-18 04:04:06,245 [0a6c5d56-45d5-439e-bc91-862df307e002@group-A580B0AD823B-LeaderElection3] INFO  impl.RoleInfo (RoleInfo.java:updateAndGet(139)) - 0a6c5d56-45d5-439e-bc91-862df307e002: start 0a6c5d56-45d5-439e-bc91-862df307e002@group-A580B0AD823B-LeaderStateImpl
2022-10-18 04:04:06,245 [0a6c5d56-45d5-439e-bc91-862df307e002@group-A580B0AD823B-LeaderElection3] INFO  segmented.SegmentedRaftLogWorker (SegmentedRaftLogWorker.java:startLogSegment(425)) - 0a6c5d56-45d5-439e-bc91-862df307e002@group-A580B0AD823B-SegmentedRaftLogWorker: Starting segment from index:0
2022-10-18 04:04:06,247 [0a6c5d56-45d5-439e-bc91-862df307e002@group-A580B0AD823B-SegmentedRaftLogWorker] INFO  segmented.SegmentedRaftLogWorker (SegmentedRaftLogWorker.java:execute(629)) - 0a6c5d56-45d5-439e-bc91-862df307e002@group-A580B0AD823B-SegmentedRaftLogWorker: created new log segment /home/runner/work/ozone/ozone/hadoop-ozone/integration-test/target/test-dir/MiniOzoneClusterImpl-74c68852-2f98-4be9-abeb-2ef7722882f6/datanode-0/data/ratis/b59fc8d6-fc19-4069-9fb9-a580b0ad823b/current/log_inprogress_0
2022-10-18 04:04:06,263 [0a6c5d56-45d5-439e-bc91-862df307e002@group-A580B0AD823B-LeaderElection3] INFO  server.RaftServer$Division (ServerState.java:setRaftConf(393)) - 0a6c5d56-45d5-439e-bc91-862df307e002@group-A580B0AD823B: set configuration 0: [0a6c5d56-45d5-439e-bc91-862df307e002|rpc:10.1.0.75:42965|dataStream:|priority:1, 26892566-c66f-4e9d-89f3-70798840826e|rpc:10.1.0.75:37745|dataStream:|priority:0, a32d4034-02f0-4e94-b594-2fac596c8df5|rpc:10.1.0.75:35931|dataStream:|priority:0], old=null
2022-10-18 04:04:06,305 [a32d4034-02f0-4e94-b594-2fac596c8df5-server-thread1] INFO  ratis.XceiverServerRatis (XceiverServerRatis.java:handleLeaderChangedNotification(863)) - Leader change notification received for group: group-A580B0AD823B with new leaderId: 0a6c5d56-45d5-439e-bc91-862df307e002
2022-10-18 04:04:06,305 [a32d4034-02f0-4e94-b594-2fac596c8df5-server-thread1] INFO  server.RaftServer$Division (ServerState.java:setLeader(287)) - a32d4034-02f0-4e94-b594-2fac596c8df5@group-A580B0AD823B: change Leader from null to 0a6c5d56-45d5-439e-bc91-862df307e002 at term 1 for appendEntries, leader elected after 4710ms
2022-10-18 04:04:06,323 [26892566-c66f-4e9d-89f3-70798840826e-server-thread1] INFO  ratis.XceiverServerRatis (XceiverServerRatis.java:handleLeaderChangedNotification(863)) - Leader change notification received for group: group-A580B0AD823B with new leaderId: 0a6c5d56-45d5-439e-bc91-862df307e002
2022-10-18 04:04:06,323 [26892566-c66f-4e9d-89f3-70798840826e-server-thread1] INFO  server.RaftServer$Division (ServerState.java:setLeader(287)) - 26892566-c66f-4e9d-89f3-70798840826e@group-A580B0AD823B: change Leader from null to 0a6c5d56-45d5-439e-bc91-862df307e002 at term 1 for appendEntries, leader elected after 4712ms
2022-10-18 04:04:06,329 [26892566-c66f-4e9d-89f3-70798840826e-server-thread1] INFO  server.RaftServer$Division (ServerState.java:setRaftConf(393)) - 26892566-c66f-4e9d-89f3-70798840826e@group-A580B0AD823B: set configuration 0: [0a6c5d56-45d5-439e-bc91-862df307e002|rpc:10.1.0.75:42965|dataStream:|priority:1, 26892566-c66f-4e9d-89f3-70798840826e|rpc:10.1.0.75:37745|dataStream:|priority:0, a32d4034-02f0-4e94-b594-2fac596c8df5|rpc:10.1.0.75:35931|dataStream:|priority:0], old=null
2022-10-18 04:04:06,330 [26892566-c66f-4e9d-89f3-70798840826e-server-thread1] INFO  segmented.SegmentedRaftLogWorker (SegmentedRaftLogWorker.java:startLogSegment(425)) - 26892566-c66f-4e9d-89f3-70798840826e@group-A580B0AD823B-SegmentedRaftLogWorker: Starting segment from index:0
2022-10-18 04:04:06,336 [a32d4034-02f0-4e94-b594-2fac596c8df5-server-thread2] INFO  server.RaftServer$Division (ServerState.java:setRaftConf(393)) - a32d4034-02f0-4e94-b594-2fac596c8df5@group-A580B0AD823B: set configuration 0: [0a6c5d56-45d5-439e-bc91-862df307e002|rpc:10.1.0.75:42965|dataStream:|priority:1, 26892566-c66f-4e9d-89f3-70798840826e|rpc:10.1.0.75:37745|dataStream:|priority:0, a32d4034-02f0-4e94-b594-2fac596c8df5|rpc:10.1.0.75:35931|dataStream:|priority:0], old=null
2022-10-18 04:04:06,336 [a32d4034-02f0-4e94-b594-2fac596c8df5-server-thread2] INFO  segmented.SegmentedRaftLogWorker (SegmentedRaftLogWorker.java:startLogSegment(425)) - a32d4034-02f0-4e94-b594-2fac596c8df5@group-A580B0AD823B-SegmentedRaftLogWorker: Starting segment from index:0
2022-10-18 04:04:06,337 [26892566-c66f-4e9d-89f3-70798840826e@group-A580B0AD823B-SegmentedRaftLogWorker] INFO  segmented.SegmentedRaftLogWorker (SegmentedRaftLogWorker.java:execute(629)) - 26892566-c66f-4e9d-89f3-70798840826e@group-A580B0AD823B-SegmentedRaftLogWorker: created new log segment /home/runner/work/ozone/ozone/hadoop-ozone/integration-test/target/test-dir/MiniOzoneClusterImpl-74c68852-2f98-4be9-abeb-2ef7722882f6/datanode-2/data/ratis/b59fc8d6-fc19-4069-9fb9-a580b0ad823b/current/log_inprogress_0
2022-10-18 04:04:06,338 [a32d4034-02f0-4e94-b594-2fac596c8df5@group-A580B0AD823B-SegmentedRaftLogWorker] INFO  segmented.SegmentedRaftLogWorker (SegmentedRaftLogWorker.java:execute(629)) - a32d4034-02f0-4e94-b594-2fac596c8df5@group-A580B0AD823B-SegmentedRaftLogWorker: created new log segment /home/runner/work/ozone/ozone/hadoop-ozone/integration-test/target/test-dir/MiniOzoneClusterImpl-74c68852-2f98-4be9-abeb-2ef7722882f6/datanode-1/data/ratis/b59fc8d6-fc19-4069-9fb9-a580b0ad823b/current/log_inprogress_0
2022-10-18 04:04:06,759 [a32d4034-02f0-4e94-b594-2fac596c8df5@group-854EB7A80603-FollowerState] INFO  impl.FollowerState (FollowerState.java:run(143)) - a32d4034-02f0-4e94-b594-2fac596c8df5@group-854EB7A80603-FollowerState: change to CANDIDATE, lastRpcElapsedTime:5191092404ns, electionTimeout:5189ms
2022-10-18 04:04:06,759 [a32d4034-02f0-4e94-b594-2fac596c8df5@group-854EB7A80603-FollowerState] INFO  impl.RoleInfo (RoleInfo.java:shutdownFollowerState(110)) - a32d4034-02f0-4e94-b594-2fac596c8df5: shutdown a32d4034-02f0-4e94-b594-2fac596c8df5@group-854EB7A80603-FollowerState
2022-10-18 04:04:06,759 [a32d4034-02f0-4e94-b594-2fac596c8df5@group-854EB7A80603-FollowerState] INFO  server.RaftServer$Division (RaftServerImpl.java:setRole(299)) - a32d4034-02f0-4e94-b594-2fac596c8df5@group-854EB7A80603: changes role from  FOLLOWER to CANDIDATE at term 0 for changeToCandidate
2022-10-18 04:04:06,760 [a32d4034-02f0-4e94-b594-2fac596c8df5@group-854EB7A80603-FollowerState] INFO  server.RaftServerConfigKeys (ConfUtils.java:logGet(46)) - raft.server.leaderelection.pre-vote = false (custom)
2022-10-18 04:04:06,760 [a32d4034-02f0-4e94-b594-2fac596c8df5@group-854EB7A80603-FollowerState] INFO  impl.RoleInfo (RoleInfo.java:updateAndGet(139)) - a32d4034-02f0-4e94-b594-2fac596c8df5: start a32d4034-02f0-4e94-b594-2fac596c8df5@group-854EB7A80603-LeaderElection4
2022-10-18 04:04:06,763 [a32d4034-02f0-4e94-b594-2fac596c8df5@group-854EB7A80603-LeaderElection4] INFO  impl.LeaderElection (LeaderElection.java:askForVotes(310)) - a32d4034-02f0-4e94-b594-2fac596c8df5@group-854EB7A80603-LeaderElection4 ELECTION round 0: submit vote requests at term 1 for -1: [a32d4034-02f0-4e94-b594-2fac596c8df5|rpc:10.1.0.75:35931|priority:1], old=null
2022-10-18 04:04:06,764 [a32d4034-02f0-4e94-b594-2fac596c8df5@group-854EB7A80603-LeaderElection4] INFO  impl.LeaderElection (LeaderElection.java:askForVotes(312)) - a32d4034-02f0-4e94-b594-2fac596c8df5@group-854EB7A80603-LeaderElection4 ELECTION round 0: result PASSED (term=1)
2022-10-18 04:04:06,764 [a32d4034-02f0-4e94-b594-2fac596c8df5@group-854EB7A80603-LeaderElection4] INFO  impl.RoleInfo (RoleInfo.java:shutdownLeaderElection(130)) - a32d4034-02f0-4e94-b594-2fac596c8df5: shutdown a32d4034-02f0-4e94-b594-2fac596c8df5@group-854EB7A80603-LeaderElection4
2022-10-18 04:04:06,764 [a32d4034-02f0-4e94-b594-2fac596c8df5@group-854EB7A80603-LeaderElection4] INFO  server.RaftServer$Division (RaftServerImpl.java:setRole(299)) - a32d4034-02f0-4e94-b594-2fac596c8df5@group-854EB7A80603: changes role from CANDIDATE to LEADER at term 1 for changeToLeader
2022-10-18 04:04:06,764 [a32d4034-02f0-4e94-b594-2fac596c8df5@group-854EB7A80603-LeaderElection4] INFO  ratis.XceiverServerRatis (XceiverServerRatis.java:handleLeaderChangedNotification(863)) - Leader change notification received for group: group-854EB7A80603 with new leaderId: a32d4034-02f0-4e94-b594-2fac596c8df5
2022-10-18 04:04:06,764 [a32d4034-02f0-4e94-b594-2fac596c8df5@group-854EB7A80603-LeaderElection4] INFO  server.RaftServer$Division (ServerState.java:setLeader(287)) - a32d4034-02f0-4e94-b594-2fac596c8df5@group-854EB7A80603: change Leader from null to a32d4034-02f0-4e94-b594-2fac596c8df5 at term 1 for becomeLeader, leader elected after 5225ms
2022-10-18 04:04:06,764 [a32d4034-02f0-4e94-b594-2fac596c8df5@group-854EB7A80603-LeaderElection4] INFO  server.RaftServerConfigKeys (ConfUtils.java:logGet(46)) - raft.server.staging.catchup.gap = 1000 (default)
2022-10-18 04:04:06,766 [a32d4034-02f0-4e94-b594-2fac596c8df5@group-854EB7A80603-LeaderElection4] INFO  server.RaftServerConfigKeys (ConfUtils.java:logGet(46)) - raft.server.write.element-limit = 1024 (custom)
2022-10-18 04:04:06,766 [a32d4034-02f0-4e94-b594-2fac596c8df5@group-854EB7A80603-LeaderElection4] INFO  server.RaftServerConfigKeys (ConfUtils.java:logGet(46)) - raft.server.write.byte-limit = 1024 M (=1073741824) (custom)
2022-10-18 04:04:06,766 [a32d4034-02f0-4e94-b594-2fac596c8df5@group-854EB7A80603-LeaderElection4] INFO  server.RaftServerConfigKeys (ConfUtils.java:logGet(46)) - raft.server.watch.timeout = 180s (custom)
2022-10-18 04:04:06,766 [a32d4034-02f0-4e94-b594-2fac596c8df5@group-854EB7A80603-LeaderElection4] INFO  server.RaftServerConfigKeys (ConfUtils.java:logGet(46)) - raft.server.watch.timeout.denomination = 1s (default)
2022-10-18 04:04:06,766 [a32d4034-02f0-4e94-b594-2fac596c8df5@group-854EB7A80603-LeaderElection4] INFO  server.RaftServerConfigKeys (ConfUtils.java:logGet(46)) - raft.server.watch.element-limit = 65536 (default)
2022-10-18 04:04:06,766 [a32d4034-02f0-4e94-b594-2fac596c8df5@group-854EB7A80603-LeaderElection4] INFO  server.RaftServerConfigKeys (ConfUtils.java:logGet(46)) - raft.server.write.element-limit = 1024 (custom)
2022-10-18 04:04:06,766 [a32d4034-02f0-4e94-b594-2fac596c8df5@group-854EB7A80603-LeaderElection4] INFO  server.RaftServerConfigKeys (ConfUtils.java:logGet(46)) - raft.server.write.follower.gap.ratio.max = -1.0 (default)
2022-10-18 04:04:06,766 [a32d4034-02f0-4e94-b594-2fac596c8df5@group-854EB7A80603-LeaderElection4] INFO  impl.RoleInfo (RoleInfo.java:updateAndGet(139)) - a32d4034-02f0-4e94-b594-2fac596c8df5: start a32d4034-02f0-4e94-b594-2fac596c8df5@group-854EB7A80603-LeaderStateImpl
2022-10-18 04:04:06,770 [a32d4034-02f0-4e94-b594-2fac596c8df5@group-854EB7A80603-LeaderElection4] INFO  segmented.SegmentedRaftLogWorker (SegmentedRaftLogWorker.java:startLogSegment(425)) - a32d4034-02f0-4e94-b594-2fac596c8df5@group-854EB7A80603-SegmentedRaftLogWorker: Starting segment from index:0
2022-10-18 04:04:06,774 [a32d4034-02f0-4e94-b594-2fac596c8df5@group-854EB7A80603-LeaderElection4] INFO  server.RaftServer$Division (ServerState.java:setRaftConf(393)) - a32d4034-02f0-4e94-b594-2fac596c8df5@group-854EB7A80603: set configuration 0: [a32d4034-02f0-4e94-b594-2fac596c8df5|rpc:10.1.0.75:35931|dataStream:|priority:1], old=null
2022-10-18 04:04:06,775 [a32d4034-02f0-4e94-b594-2fac596c8df5@group-854EB7A80603-SegmentedRaftLogWorker] INFO  segmented.SegmentedRaftLogWorker (SegmentedRaftLogWorker.java:execute(629)) - a32d4034-02f0-4e94-b594-2fac596c8df5@group-854EB7A80603-SegmentedRaftLogWorker: created new log segment /home/runner/work/ozone/ozone/hadoop-ozone/integration-test/target/test-dir/MiniOzoneClusterImpl-74c68852-2f98-4be9-abeb-2ef7722882f6/datanode-1/data/ratis/b72c8154-fdf4-4e0c-bb01-854eb7a80603/current/log_inprogress_0
2022-10-18 04:04:06,849 [Listener at 127.0.0.1/33627] INFO  ozone.MiniOzoneClusterImpl (MiniOzoneClusterImpl.java:lambda$waitForClusterToBeReady$0(216)) - Nodes are ready. Got 3 of 3 DN Heartbeats.
2022-10-18 04:04:06,850 [Listener at 127.0.0.1/33627] INFO  ozone.MiniOzoneClusterImpl (MiniOzoneClusterImpl.java:lambda$waitForClusterToBeReady$0(219)) - Cluster exits safe mode
2022-10-18 04:04:06,850 [Listener at 127.0.0.1/33627] INFO  ozone.MiniOzoneClusterImpl (MiniOzoneClusterImpl.java:lambda$waitForClusterToBeReady$0(221)) - SCM became leader
2022-10-18 04:04:06,962 [26892566-c66f-4e9d-89f3-70798840826e@group-5E4368F08284-FollowerState] INFO  impl.FollowerState (FollowerState.java:run(143)) - 26892566-c66f-4e9d-89f3-70798840826e@group-5E4368F08284-FollowerState: change to CANDIDATE, lastRpcElapsedTime:5026539648ns, electionTimeout:5020ms
2022-10-18 04:04:06,963 [26892566-c66f-4e9d-89f3-70798840826e@group-5E4368F08284-FollowerState] INFO  impl.RoleInfo (RoleInfo.java:shutdownFollowerState(110)) - 26892566-c66f-4e9d-89f3-70798840826e: shutdown 26892566-c66f-4e9d-89f3-70798840826e@group-5E4368F08284-FollowerState
2022-10-18 04:04:06,963 [26892566-c66f-4e9d-89f3-70798840826e@group-5E4368F08284-FollowerState] INFO  server.RaftServer$Division (RaftServerImpl.java:setRole(299)) - 26892566-c66f-4e9d-89f3-70798840826e@group-5E4368F08284: changes role from  FOLLOWER to CANDIDATE at term 0 for changeToCandidate
2022-10-18 04:04:06,963 [26892566-c66f-4e9d-89f3-70798840826e@group-5E4368F08284-FollowerState] INFO  server.RaftServerConfigKeys (ConfUtils.java:logGet(46)) - raft.server.leaderelection.pre-vote = false (custom)
2022-10-18 04:04:06,963 [26892566-c66f-4e9d-89f3-70798840826e@group-5E4368F08284-FollowerState] INFO  impl.RoleInfo (RoleInfo.java:updateAndGet(139)) - 26892566-c66f-4e9d-89f3-70798840826e: start 26892566-c66f-4e9d-89f3-70798840826e@group-5E4368F08284-LeaderElection5
2022-10-18 04:04:06,968 [26892566-c66f-4e9d-89f3-70798840826e@group-5E4368F08284-LeaderElection5] INFO  impl.LeaderElection (LeaderElection.java:askForVotes(310)) - 26892566-c66f-4e9d-89f3-70798840826e@group-5E4368F08284-LeaderElection5 ELECTION round 0: submit vote requests at term 1 for -1: [26892566-c66f-4e9d-89f3-70798840826e|rpc:10.1.0.75:37745|priority:1], old=null
2022-10-18 04:04:06,968 [26892566-c66f-4e9d-89f3-70798840826e@group-5E4368F08284-LeaderElection5] INFO  impl.LeaderElection (LeaderElection.java:askForVotes(312)) - 26892566-c66f-4e9d-89f3-70798840826e@group-5E4368F08284-LeaderElection5 ELECTION round 0: result PASSED (term=1)
2022-10-18 04:04:06,968 [26892566-c66f-4e9d-89f3-70798840826e@group-5E4368F08284-LeaderElection5] INFO  impl.RoleInfo (RoleInfo.java:shutdownLeaderElection(130)) - 26892566-c66f-4e9d-89f3-70798840826e: shutdown 26892566-c66f-4e9d-89f3-70798840826e@group-5E4368F08284-LeaderElection5
2022-10-18 04:04:06,968 [26892566-c66f-4e9d-89f3-70798840826e@group-5E4368F08284-LeaderElection5] INFO  server.RaftServer$Division (RaftServerImpl.java:setRole(299)) - 26892566-c66f-4e9d-89f3-70798840826e@group-5E4368F08284: changes role from CANDIDATE to LEADER at term 1 for changeToLeader
2022-10-18 04:04:06,968 [26892566-c66f-4e9d-89f3-70798840826e@group-5E4368F08284-LeaderElection5] INFO  ratis.XceiverServerRatis (XceiverServerRatis.java:handleLeaderChangedNotification(863)) - Leader change notification received for group: group-5E4368F08284 with new leaderId: 26892566-c66f-4e9d-89f3-70798840826e
2022-10-18 04:04:06,974 [26892566-c66f-4e9d-89f3-70798840826e@group-5E4368F08284-LeaderElection5] INFO  server.RaftServer$Division (ServerState.java:setLeader(287)) - 26892566-c66f-4e9d-89f3-70798840826e@group-5E4368F08284: change Leader from null to 26892566-c66f-4e9d-89f3-70798840826e at term 1 for becomeLeader, leader elected after 5057ms
2022-10-18 04:04:06,974 [26892566-c66f-4e9d-89f3-70798840826e@group-5E4368F08284-LeaderElection5] INFO  server.RaftServerConfigKeys (ConfUtils.java:logGet(46)) - raft.server.staging.catchup.gap = 1000 (default)
2022-10-18 04:04:06,975 [26892566-c66f-4e9d-89f3-70798840826e@group-5E4368F08284-LeaderElection5] INFO  server.RaftServerConfigKeys (ConfUtils.java:logGet(46)) - raft.server.write.element-limit = 1024 (custom)
2022-10-18 04:04:06,975 [26892566-c66f-4e9d-89f3-70798840826e@group-5E4368F08284-LeaderElection5] INFO  server.RaftServerConfigKeys (ConfUtils.java:logGet(46)) - raft.server.write.byte-limit = 1024 M (=1073741824) (custom)
2022-10-18 04:04:06,975 [26892566-c66f-4e9d-89f3-70798840826e@group-5E4368F08284-LeaderElection5] INFO  server.RaftServerConfigKeys (ConfUtils.java:logGet(46)) - raft.server.watch.timeout = 180s (custom)
2022-10-18 04:04:06,982 [26892566-c66f-4e9d-89f3-70798840826e@group-5E4368F08284-LeaderElection5] INFO  server.RaftServerConfigKeys (ConfUtils.java:logGet(46)) - raft.server.watch.timeout.denomination = 1s (default)
2022-10-18 04:04:06,982 [26892566-c66f-4e9d-89f3-70798840826e@group-5E4368F08284-LeaderElection5] INFO  server.RaftServerConfigKeys (ConfUtils.java:logGet(46)) - raft.server.watch.element-limit = 65536 (default)
2022-10-18 04:04:06,982 [26892566-c66f-4e9d-89f3-70798840826e@group-5E4368F08284-LeaderElection5] INFO  server.RaftServerConfigKeys (ConfUtils.java:logGet(46)) - raft.server.write.element-limit = 1024 (custom)
2022-10-18 04:04:06,982 [26892566-c66f-4e9d-89f3-70798840826e@group-5E4368F08284-LeaderElection5] INFO  server.RaftServerConfigKeys (ConfUtils.java:logGet(46)) - raft.server.write.follower.gap.ratio.max = -1.0 (default)
2022-10-18 04:04:06,982 [26892566-c66f-4e9d-89f3-70798840826e@group-5E4368F08284-LeaderElection5] INFO  impl.RoleInfo (RoleInfo.java:updateAndGet(139)) - 26892566-c66f-4e9d-89f3-70798840826e: start 26892566-c66f-4e9d-89f3-70798840826e@group-5E4368F08284-LeaderStateImpl
2022-10-18 04:04:06,983 [26892566-c66f-4e9d-89f3-70798840826e@group-5E4368F08284-LeaderElection5] INFO  segmented.SegmentedRaftLogWorker (SegmentedRaftLogWorker.java:startLogSegment(425)) - 26892566-c66f-4e9d-89f3-70798840826e@group-5E4368F08284-SegmentedRaftLogWorker: Starting segment from index:0
2022-10-18 04:04:06,985 [26892566-c66f-4e9d-89f3-70798840826e@group-5E4368F08284-SegmentedRaftLogWorker] INFO  segmented.SegmentedRaftLogWorker (SegmentedRaftLogWorker.java:execute(629)) - 26892566-c66f-4e9d-89f3-70798840826e@group-5E4368F08284-SegmentedRaftLogWorker: created new log segment /home/runner/work/ozone/ozone/hadoop-ozone/integration-test/target/test-dir/MiniOzoneClusterImpl-74c68852-2f98-4be9-abeb-2ef7722882f6/datanode-2/data/ratis/6d56315b-5097-4b6c-ae0d-5e4368f08284/current/log_inprogress_0
2022-10-18 04:04:06,988 [26892566-c66f-4e9d-89f3-70798840826e@group-5E4368F08284-LeaderElection5] INFO  server.RaftServer$Division (ServerState.java:setRaftConf(393)) - 26892566-c66f-4e9d-89f3-70798840826e@group-5E4368F08284: set configuration 0: [26892566-c66f-4e9d-89f3-70798840826e|rpc:10.1.0.75:37745|dataStream:|priority:1], old=null
2022-10-18 04:04:06,996 [a32d4034-02f0-4e94-b594-2fac596c8df5@group-A1C1C4F28718-FollowerState] INFO  impl.FollowerState (FollowerState.java:run(143)) - a32d4034-02f0-4e94-b594-2fac596c8df5@group-A1C1C4F28718-FollowerState: change to CANDIDATE, lastRpcElapsedTime:5169122256ns, electionTimeout:5158ms
2022-10-18 04:04:06,996 [a32d4034-02f0-4e94-b594-2fac596c8df5@group-A1C1C4F28718-FollowerState] INFO  impl.RoleInfo (RoleInfo.java:shutdownFollowerState(110)) - a32d4034-02f0-4e94-b594-2fac596c8df5: shutdown a32d4034-02f0-4e94-b594-2fac596c8df5@group-A1C1C4F28718-FollowerState
2022-10-18 04:04:06,996 [a32d4034-02f0-4e94-b594-2fac596c8df5@group-A1C1C4F28718-FollowerState] INFO  server.RaftServer$Division (RaftServerImpl.java:setRole(299)) - a32d4034-02f0-4e94-b594-2fac596c8df5@group-A1C1C4F28718: changes role from  FOLLOWER to CANDIDATE at term 0 for changeToCandidate
2022-10-18 04:04:06,997 [a32d4034-02f0-4e94-b594-2fac596c8df5@group-A1C1C4F28718-FollowerState] INFO  server.RaftServerConfigKeys (ConfUtils.java:logGet(46)) - raft.server.leaderelection.pre-vote = false (custom)
2022-10-18 04:04:06,997 [a32d4034-02f0-4e94-b594-2fac596c8df5@group-A1C1C4F28718-FollowerState] INFO  impl.RoleInfo (RoleInfo.java:updateAndGet(139)) - a32d4034-02f0-4e94-b594-2fac596c8df5: start a32d4034-02f0-4e94-b594-2fac596c8df5@group-A1C1C4F28718-LeaderElection6
2022-10-18 04:04:07,013 [0a6c5d56-45d5-439e-bc91-862df307e002@group-A1C1C4F28718-FollowerState] INFO  impl.FollowerState (FollowerState.java:run(143)) - 0a6c5d56-45d5-439e-bc91-862df307e002@group-A1C1C4F28718-FollowerState: change to CANDIDATE, lastRpcElapsedTime:5175299084ns, electionTimeout:5167ms
2022-10-18 04:04:07,014 [0a6c5d56-45d5-439e-bc91-862df307e002@group-A1C1C4F28718-FollowerState] INFO  impl.RoleInfo (RoleInfo.java:shutdownFollowerState(110)) - 0a6c5d56-45d5-439e-bc91-862df307e002: shutdown 0a6c5d56-45d5-439e-bc91-862df307e002@group-A1C1C4F28718-FollowerState
2022-10-18 04:04:07,014 [0a6c5d56-45d5-439e-bc91-862df307e002@group-A1C1C4F28718-FollowerState] INFO  server.RaftServer$Division (RaftServerImpl.java:setRole(299)) - 0a6c5d56-45d5-439e-bc91-862df307e002@group-A1C1C4F28718: changes role from  FOLLOWER to CANDIDATE at term 0 for changeToCandidate
2022-10-18 04:04:07,014 [0a6c5d56-45d5-439e-bc91-862df307e002@group-A1C1C4F28718-FollowerState] INFO  server.RaftServerConfigKeys (ConfUtils.java:logGet(46)) - raft.server.leaderelection.pre-vote = false (custom)
2022-10-18 04:04:07,014 [0a6c5d56-45d5-439e-bc91-862df307e002@group-A1C1C4F28718-FollowerState] INFO  impl.RoleInfo (RoleInfo.java:updateAndGet(139)) - 0a6c5d56-45d5-439e-bc91-862df307e002: start 0a6c5d56-45d5-439e-bc91-862df307e002@group-A1C1C4F28718-LeaderElection7
2022-10-18 04:04:07,023 [a32d4034-02f0-4e94-b594-2fac596c8df5@group-A1C1C4F28718-LeaderElection6] INFO  impl.LeaderElection (LeaderElection.java:askForVotes(310)) - a32d4034-02f0-4e94-b594-2fac596c8df5@group-A1C1C4F28718-LeaderElection6 ELECTION round 0: submit vote requests at term 1 for -1: [0a6c5d56-45d5-439e-bc91-862df307e002|rpc:10.1.0.75:42965|priority:0, 26892566-c66f-4e9d-89f3-70798840826e|rpc:10.1.0.75:37745|priority:1, a32d4034-02f0-4e94-b594-2fac596c8df5|rpc:10.1.0.75:35931|priority:0], old=null
2022-10-18 04:04:07,024 [0a6c5d56-45d5-439e-bc91-862df307e002@group-A1C1C4F28718-LeaderElection7] INFO  impl.LeaderElection (LeaderElection.java:askForVotes(310)) - 0a6c5d56-45d5-439e-bc91-862df307e002@group-A1C1C4F28718-LeaderElection7 ELECTION round 0: submit vote requests at term 1 for -1: [0a6c5d56-45d5-439e-bc91-862df307e002|rpc:10.1.0.75:42965|priority:0, 26892566-c66f-4e9d-89f3-70798840826e|rpc:10.1.0.75:37745|priority:1, a32d4034-02f0-4e94-b594-2fac596c8df5|rpc:10.1.0.75:35931|priority:0], old=null
2022-10-18 04:04:07,039 [grpc-default-executor-2] INFO  server.RaftServer$Division (RaftServerImpl.java:requestVote(1152)) - 26892566-c66f-4e9d-89f3-70798840826e@group-A1C1C4F28718: receive requestVote(ELECTION, a32d4034-02f0-4e94-b594-2fac596c8df5, group-A1C1C4F28718, 1, (t:0, i:0))
2022-10-18 04:04:07,039 [grpc-default-executor-2] INFO  impl.VoteContext (VoteContext.java:log(48)) - 26892566-c66f-4e9d-89f3-70798840826e@group-A1C1C4F28718-FOLLOWER: reject ELECTION from a32d4034-02f0-4e94-b594-2fac596c8df5: our priority 1 > candidate's priority 0
2022-10-18 04:04:07,039 [grpc-default-executor-2] INFO  server.RaftServer$Division (RaftServerImpl.java:setRole(299)) - 26892566-c66f-4e9d-89f3-70798840826e@group-A1C1C4F28718: changes role from  FOLLOWER to FOLLOWER at term 1 for candidate:a32d4034-02f0-4e94-b594-2fac596c8df5
2022-10-18 04:04:07,039 [grpc-default-executor-2] INFO  impl.RoleInfo (RoleInfo.java:shutdownFollowerState(110)) - 26892566-c66f-4e9d-89f3-70798840826e: shutdown 26892566-c66f-4e9d-89f3-70798840826e@group-A1C1C4F28718-FollowerState
2022-10-18 04:04:07,039 [grpc-default-executor-2] INFO  impl.RoleInfo (RoleInfo.java:updateAndGet(139)) - 26892566-c66f-4e9d-89f3-70798840826e: start 26892566-c66f-4e9d-89f3-70798840826e@group-A1C1C4F28718-FollowerState
2022-10-18 04:04:07,039 [26892566-c66f-4e9d-89f3-70798840826e@group-A1C1C4F28718-FollowerState] INFO  impl.FollowerState (FollowerState.java:run(152)) - 26892566-c66f-4e9d-89f3-70798840826e@group-A1C1C4F28718-FollowerState was interrupted
2022-10-18 04:04:07,042 [grpc-default-executor-2] INFO  server.RaftServer$Division (RaftServerImpl.java:requestVote(1184)) - 26892566-c66f-4e9d-89f3-70798840826e@group-A1C1C4F28718 replies to ELECTION vote request: a32d4034-02f0-4e94-b594-2fac596c8df5<-26892566-c66f-4e9d-89f3-70798840826e#0:FAIL-t1. Peer's state: 26892566-c66f-4e9d-89f3-70798840826e@group-A1C1C4F28718:t1, leader=null, voted=null, raftlog=26892566-c66f-4e9d-89f3-70798840826e@group-A1C1C4F28718-SegmentedRaftLog:OPENED:c-1, conf=-1: [0a6c5d56-45d5-439e-bc91-862df307e002|rpc:10.1.0.75:42965|dataStream:|priority:0, 26892566-c66f-4e9d-89f3-70798840826e|rpc:10.1.0.75:37745|dataStream:|priority:1, a32d4034-02f0-4e94-b594-2fac596c8df5|rpc:10.1.0.75:35931|dataStream:|priority:0], old=null
2022-10-18 04:04:07,048 [grpc-default-executor-0] INFO  server.RaftServer$Division (RaftServerImpl.java:requestVote(1152)) - 26892566-c66f-4e9d-89f3-70798840826e@group-A1C1C4F28718: receive requestVote(ELECTION, 0a6c5d56-45d5-439e-bc91-862df307e002, group-A1C1C4F28718, 1, (t:0, i:0))
2022-10-18 04:04:07,054 [grpc-default-executor-0] INFO  impl.VoteContext (VoteContext.java:log(48)) - 26892566-c66f-4e9d-89f3-70798840826e@group-A1C1C4F28718-FOLLOWER: reject ELECTION from 0a6c5d56-45d5-439e-bc91-862df307e002: our priority 1 > candidate's priority 0
2022-10-18 04:04:07,054 [grpc-default-executor-0] INFO  server.RaftServer$Division (RaftServerImpl.java:setRole(299)) - 26892566-c66f-4e9d-89f3-70798840826e@group-A1C1C4F28718: changes role from  FOLLOWER to FOLLOWER at term 1 for candidate:0a6c5d56-45d5-439e-bc91-862df307e002
2022-10-18 04:04:07,054 [grpc-default-executor-0] INFO  impl.RoleInfo (RoleInfo.java:shutdownFollowerState(110)) - 26892566-c66f-4e9d-89f3-70798840826e: shutdown 26892566-c66f-4e9d-89f3-70798840826e@group-A1C1C4F28718-FollowerState
2022-10-18 04:04:07,054 [grpc-default-executor-0] INFO  impl.RoleInfo (RoleInfo.java:updateAndGet(139)) - 26892566-c66f-4e9d-89f3-70798840826e: start 26892566-c66f-4e9d-89f3-70798840826e@group-A1C1C4F28718-FollowerState
2022-10-18 04:04:07,054 [26892566-c66f-4e9d-89f3-70798840826e@group-A1C1C4F28718-FollowerState] INFO  impl.FollowerState (FollowerState.java:run(152)) - 26892566-c66f-4e9d-89f3-70798840826e@group-A1C1C4F28718-FollowerState was interrupted
2022-10-18 04:04:07,055 [grpc-default-executor-0] INFO  server.RaftServer$Division (RaftServerImpl.java:requestVote(1184)) - 26892566-c66f-4e9d-89f3-70798840826e@group-A1C1C4F28718 replies to ELECTION vote request: 0a6c5d56-45d5-439e-bc91-862df307e002<-26892566-c66f-4e9d-89f3-70798840826e#0:FAIL-t1. Peer's state: 26892566-c66f-4e9d-89f3-70798840826e@group-A1C1C4F28718:t1, leader=null, voted=null, raftlog=26892566-c66f-4e9d-89f3-70798840826e@group-A1C1C4F28718-SegmentedRaftLog:OPENED:c-1, conf=-1: [0a6c5d56-45d5-439e-bc91-862df307e002|rpc:10.1.0.75:42965|dataStream:|priority:0, 26892566-c66f-4e9d-89f3-70798840826e|rpc:10.1.0.75:37745|dataStream:|priority:1, a32d4034-02f0-4e94-b594-2fac596c8df5|rpc:10.1.0.75:35931|dataStream:|priority:0], old=null
2022-10-18 04:04:07,066 [a32d4034-02f0-4e94-b594-2fac596c8df5@group-A1C1C4F28718-LeaderElection6] INFO  impl.LeaderElection (LeaderElection.java:logAndReturn(90)) - a32d4034-02f0-4e94-b594-2fac596c8df5@group-A1C1C4F28718-LeaderElection6: ELECTION REJECTED received 1 response(s) and 0 exception(s):
2022-10-18 04:04:07,066 [a32d4034-02f0-4e94-b594-2fac596c8df5@group-A1C1C4F28718-LeaderElection6] INFO  impl.LeaderElection (LeaderElection.java:logAndReturn(94)) -   Response 0: a32d4034-02f0-4e94-b594-2fac596c8df5<-26892566-c66f-4e9d-89f3-70798840826e#0:FAIL-t1
2022-10-18 04:04:07,066 [a32d4034-02f0-4e94-b594-2fac596c8df5@group-A1C1C4F28718-LeaderElection6] INFO  impl.LeaderElection (LeaderElection.java:askForVotes(312)) - a32d4034-02f0-4e94-b594-2fac596c8df5@group-A1C1C4F28718-LeaderElection6 ELECTION round 0: result REJECTED
2022-10-18 04:04:07,066 [a32d4034-02f0-4e94-b594-2fac596c8df5@group-A1C1C4F28718-LeaderElection6] INFO  server.RaftServer$Division (RaftServerImpl.java:setRole(299)) - a32d4034-02f0-4e94-b594-2fac596c8df5@group-A1C1C4F28718: changes role from CANDIDATE to FOLLOWER at term 1 for REJECTED
2022-10-18 04:04:07,066 [a32d4034-02f0-4e94-b594-2fac596c8df5@group-A1C1C4F28718-LeaderElection6] INFO  impl.RoleInfo (RoleInfo.java:shutdownLeaderElection(130)) - a32d4034-02f0-4e94-b594-2fac596c8df5: shutdown a32d4034-02f0-4e94-b594-2fac596c8df5@group-A1C1C4F28718-LeaderElection6
2022-10-18 04:04:07,066 [a32d4034-02f0-4e94-b594-2fac596c8df5@group-A1C1C4F28718-LeaderElection6] INFO  impl.RoleInfo (RoleInfo.java:updateAndGet(139)) - a32d4034-02f0-4e94-b594-2fac596c8df5: start a32d4034-02f0-4e94-b594-2fac596c8df5@group-A1C1C4F28718-FollowerState
2022-10-18 04:04:07,067 [grpc-default-executor-0] INFO  server.RaftServer$Division (RaftServerImpl.java:requestVote(1152)) - a32d4034-02f0-4e94-b594-2fac596c8df5@group-A1C1C4F28718: receive requestVote(ELECTION, 0a6c5d56-45d5-439e-bc91-862df307e002, group-A1C1C4F28718, 1, (t:0, i:0))
2022-10-18 04:04:07,070 [grpc-default-executor-0] INFO  impl.VoteContext (VoteContext.java:log(48)) - a32d4034-02f0-4e94-b594-2fac596c8df5@group-A1C1C4F28718-FOLLOWER: reject ELECTION from 0a6c5d56-45d5-439e-bc91-862df307e002: already has voted for a32d4034-02f0-4e94-b594-2fac596c8df5 at current term 1
2022-10-18 04:04:07,070 [grpc-default-executor-0] INFO  server.RaftServer$Division (RaftServerImpl.java:requestVote(1184)) - a32d4034-02f0-4e94-b594-2fac596c8df5@group-A1C1C4F28718 replies to ELECTION vote request: 0a6c5d56-45d5-439e-bc91-862df307e002<-a32d4034-02f0-4e94-b594-2fac596c8df5#0:FAIL-t1. Peer's state: a32d4034-02f0-4e94-b594-2fac596c8df5@group-A1C1C4F28718:t1, leader=null, voted=a32d4034-02f0-4e94-b594-2fac596c8df5, raftlog=a32d4034-02f0-4e94-b594-2fac596c8df5@group-A1C1C4F28718-SegmentedRaftLog:OPENED:c-1, conf=-1: [0a6c5d56-45d5-439e-bc91-862df307e002|rpc:10.1.0.75:42965|priority:0, 26892566-c66f-4e9d-89f3-70798840826e|rpc:10.1.0.75:37745|priority:1, a32d4034-02f0-4e94-b594-2fac596c8df5|rpc:10.1.0.75:35931|priority:0], old=null
2022-10-18 04:04:07,070 [grpc-default-executor-2] INFO  server.RaftServer$Division (RaftServerImpl.java:requestVote(1152)) - 0a6c5d56-45d5-439e-bc91-862df307e002@group-A1C1C4F28718: receive requestVote(ELECTION, a32d4034-02f0-4e94-b594-2fac596c8df5, group-A1C1C4F28718, 1, (t:0, i:0))
2022-10-18 04:04:07,070 [grpc-default-executor-2] INFO  impl.VoteContext (VoteContext.java:log(48)) - 0a6c5d56-45d5-439e-bc91-862df307e002@group-A1C1C4F28718-CANDIDATE: reject ELECTION from a32d4034-02f0-4e94-b594-2fac596c8df5: already has voted for 0a6c5d56-45d5-439e-bc91-862df307e002 at current term 1
2022-10-18 04:04:07,070 [grpc-default-executor-2] INFO  server.RaftServer$Division (RaftServerImpl.java:requestVote(1184)) - 0a6c5d56-45d5-439e-bc91-862df307e002@group-A1C1C4F28718 replies to ELECTION vote request: a32d4034-02f0-4e94-b594-2fac596c8df5<-0a6c5d56-45d5-439e-bc91-862df307e002#0:FAIL-t1. Peer's state: 0a6c5d56-45d5-439e-bc91-862df307e002@group-A1C1C4F28718:t1, leader=null, voted=0a6c5d56-45d5-439e-bc91-862df307e002, raftlog=0a6c5d56-45d5-439e-bc91-862df307e002@group-A1C1C4F28718-SegmentedRaftLog:OPENED:c-1, conf=-1: [0a6c5d56-45d5-439e-bc91-862df307e002|rpc:10.1.0.75:42965|priority:0, 26892566-c66f-4e9d-89f3-70798840826e|rpc:10.1.0.75:37745|priority:1, a32d4034-02f0-4e94-b594-2fac596c8df5|rpc:10.1.0.75:35931|priority:0], old=null
2022-10-18 04:04:07,075 [0a6c5d56-45d5-439e-bc91-862df307e002@group-A1C1C4F28718-LeaderElection7] INFO  impl.LeaderElection (LeaderElection.java:logAndReturn(90)) - 0a6c5d56-45d5-439e-bc91-862df307e002@group-A1C1C4F28718-LeaderElection7: ELECTION REJECTED received 1 response(s) and 0 exception(s):
2022-10-18 04:04:07,077 [0a6c5d56-45d5-439e-bc91-862df307e002@group-A1C1C4F28718-LeaderElection7] INFO  impl.LeaderElection (LeaderElection.java:logAndReturn(94)) -   Response 0: 0a6c5d56-45d5-439e-bc91-862df307e002<-26892566-c66f-4e9d-89f3-70798840826e#0:FAIL-t1
2022-10-18 04:04:07,077 [0a6c5d56-45d5-439e-bc91-862df307e002@group-A1C1C4F28718-LeaderElection7] INFO  impl.LeaderElection (LeaderElection.java:askForVotes(312)) - 0a6c5d56-45d5-439e-bc91-862df307e002@group-A1C1C4F28718-LeaderElection7 ELECTION round 0: result REJECTED
2022-10-18 04:04:07,077 [0a6c5d56-45d5-439e-bc91-862df307e002@group-A1C1C4F28718-LeaderElection7] INFO  server.RaftServer$Division (RaftServerImpl.java:setRole(299)) - 0a6c5d56-45d5-439e-bc91-862df307e002@group-A1C1C4F28718: changes role from CANDIDATE to FOLLOWER at term 1 for REJECTED
2022-10-18 04:04:07,077 [0a6c5d56-45d5-439e-bc91-862df307e002@group-A1C1C4F28718-LeaderElection7] INFO  impl.RoleInfo (RoleInfo.java:shutdownLeaderElection(130)) - 0a6c5d56-45d5-439e-bc91-862df307e002: shutdown 0a6c5d56-45d5-439e-bc91-862df307e002@group-A1C1C4F28718-LeaderElection7
2022-10-18 04:04:07,077 [0a6c5d56-45d5-439e-bc91-862df307e002@group-A1C1C4F28718-LeaderElection7] INFO  impl.RoleInfo (RoleInfo.java:updateAndGet(139)) - 0a6c5d56-45d5-439e-bc91-862df307e002: start 0a6c5d56-45d5-439e-bc91-862df307e002@group-A1C1C4F28718-FollowerState
2022-10-18 04:04:07,460 [Time-limited test] INFO  rpc.RpcClient (RpcClient.java:createVolume(471)) - Creating Volume: alkhmpbkuf, with user97408 as owner and space quota set to -1 bytes, counts quota set to -1
2022-10-18 04:04:07,507 [OM StateMachine ApplyTransaction Thread - 0] INFO  volume.OMVolumeCreateRequest (OMVolumeCreateRequest.java:validateAndUpdateCache(195)) - created volume:alkhmpbkuf for user:user97408
2022-10-18 04:04:07,529 [Time-limited test] INFO  rpc.RpcClient (RpcClient.java:createBucket(674)) - Creating Bucket: alkhmpbkuf/rflxqctdst, with bucket layout OBJECT_STORE, runner as owner, Versioning false, Storage Type set to DISK and Encryption set to false 
2022-10-18 04:04:07,546 [OM StateMachine ApplyTransaction Thread - 0] INFO  bucket.OMBucketCreateRequest (OMBucketCreateRequest.java:validateAndUpdateCache(260)) - created bucket: rflxqctdst of layout OBJECT_STORE in volume: alkhmpbkuf
2022-10-18 04:04:07,565 [Time-limited test] INFO  rpc.RpcClient (RpcClient.java:createBucket(674)) - Creating Bucket: alkhmpbkuf/37185d9c-2967-40f5-b1a8-ab4b1588305a, with bucket layout OBJECT_STORE, runner as owner, Versioning false, Storage Type set to DISK and Encryption set to false 
2022-10-18 04:04:07,569 [OM StateMachine ApplyTransaction Thread - 0] INFO  bucket.OMBucketCreateRequest (OMBucketCreateRequest.java:validateAndUpdateCache(260)) - created bucket: 37185d9c-2967-40f5-b1a8-ab4b1588305a of layout OBJECT_STORE in volume: alkhmpbkuf
2022-10-18 04:04:07,687 [IPC Server handler 12 on default port 39235] INFO  ha.SequenceIdGenerator (SequenceIdGenerator.java:getNextId(128)) - Allocate a batch for containerId, change lastId from 0 to 1000.
2022-10-18 04:04:07,697 [IPC Server handler 12 on default port 39235] WARN  ha.SequenceIdGenerator (SequenceIdGenerator.java:allocateBatch(237)) - Failed to allocate a batch for localId, expected lastId is 0, actual lastId is 109611004723200000.
2022-10-18 04:04:07,698 [IPC Server handler 12 on default port 39235] INFO  ha.SequenceIdGenerator (SequenceIdGenerator.java:getNextId(128)) - Allocate a batch for localId, change lastId from 109611004723200000 to 109611004723201000.
2022-10-18 04:04:07,758 [Time-limited test] INFO  impl.MetricsSystemImpl (MetricsSystemImpl.java:init(158)) - XceiverClientMetrics metrics system started (again)
2022-10-18 04:04:08,176 [Time-limited test] INFO  rpc.RpcClient (RpcClient.java:createBucket(674)) - Creating Bucket: alkhmpbkuf/6b4e3e0e-45f7-46f4-9517-7ce4e1a47c22, with bucket layout LEGACY, runner as owner, Versioning false, Storage Type set to DISK and Encryption set to false 
2022-10-18 04:04:08,181 [OM StateMachine ApplyTransaction Thread - 0] INFO  bucket.OMBucketCreateRequest (OMBucketCreateRequest.java:validateAndUpdateCache(260)) - created bucket: 6b4e3e0e-45f7-46f4-9517-7ce4e1a47c22 of layout LEGACY in volume: alkhmpbkuf
04:04:08.307 [OM StateMachine ApplyTransaction Thread - 0] ERROR OMAudit - user=runner | ip=127.0.0.1 | op=COMPLETE_MULTIPART_UPLOAD {volume=alkhmpbkuf, bucket=6b4e3e0e-45f7-46f4-9517-7ce4e1a47c22, key=abc/def/mpu-key1, dataSize=0, replicationType=NONE, replicationFactor=ZERO, multipartList=[partNumber: 1 partName: "/alkhmpbkuf/6b4e3e0e-45f7-46f4-9517-7ce4e1a47c22/abc/def/mpu-key1-6d82ea44-e083-4918-b9c0-746e939d4814-109187291426586628-1" ]} | ret=FAILURE
org.apache.hadoop.ozone.om.exceptions.OMException: Can not Complete MPU for file: abc/def/mpu-key1 as there is already directory in the given path
	at org.apache.hadoop.ozone.om.request.s3.multipart.S3MultipartUploadCompleteRequest.checkDirectoryAlreadyExists(S3MultipartUploadCompleteRequest.java:327) ~[ozone-manager-1.3.0-SNAPSHOT.jar:?]
	at org.apache.hadoop.ozone.om.request.s3.multipart.S3MultipartUploadCompleteRequest.validateAndUpdateCache(S3MultipartUploadCompleteRequest.java:171) ~[ozone-manager-1.3.0-SNAPSHOT.jar:?]
	at org.apache.hadoop.ozone.protocolPB.OzoneManagerRequestHandler.handleWriteRequest(OzoneManagerRequestHandler.java:311) ~[ozone-manager-1.3.0-SNAPSHOT.jar:?]
	at org.apache.hadoop.ozone.om.ratis.OzoneManagerStateMachine.runCommand(OzoneManagerStateMachine.java:529) ~[ozone-manager-1.3.0-SNAPSHOT.jar:?]
	at org.apache.hadoop.ozone.om.ratis.OzoneManagerStateMachine.lambda$1(OzoneManagerStateMachine.java:324) ~[ozone-manager-1.3.0-SNAPSHOT.jar:?]
	at java.util.concurrent.CompletableFuture$AsyncSupply.run(CompletableFuture.java:1604) [?:1.8.0_345]
	at java.util.concurrent.ThreadPoolExecutor.runWorker(ThreadPoolExecutor.java:1149) [?:1.8.0_345]
	at java.util.concurrent.ThreadPoolExecutor$Worker.run(ThreadPoolExecutor.java:624) [?:1.8.0_345]
	at java.lang.Thread.run(Thread.java:750) [?:1.8.0_345]
2022-10-18 04:04:08,320 [OM StateMachine ApplyTransaction Thread - 0] ERROR multipart.S3MultipartUploadCompleteRequest (S3MultipartUploadCompleteRequest.java:logResult(356)) - MultipartUpload Complete request failed for Key: abc/def/mpu-key1 in Volume/Bucket alkhmpbkuf/6b4e3e0e-45f7-46f4-9517-7ce4e1a47c22
NOT_A_FILE org.apache.hadoop.ozone.om.exceptions.OMException: Can not Complete MPU for file: abc/def/mpu-key1 as there is already directory in the given path
	at org.apache.hadoop.ozone.om.request.s3.multipart.S3MultipartUploadCompleteRequest.checkDirectoryAlreadyExists(S3MultipartUploadCompleteRequest.java:327)
	at org.apache.hadoop.ozone.om.request.s3.multipart.S3MultipartUploadCompleteRequest.validateAndUpdateCache(S3MultipartUploadCompleteRequest.java:171)
	at org.apache.hadoop.ozone.protocolPB.OzoneManagerRequestHandler.handleWriteRequest(OzoneManagerRequestHandler.java:311)
	at org.apache.hadoop.ozone.om.ratis.OzoneManagerStateMachine.runCommand(OzoneManagerStateMachine.java:529)
	at org.apache.hadoop.ozone.om.ratis.OzoneManagerStateMachine.lambda$1(OzoneManagerStateMachine.java:324)
	at java.util.concurrent.CompletableFuture$AsyncSupply.run(CompletableFuture.java:1604)
	at java.util.concurrent.ThreadPoolExecutor.runWorker(ThreadPoolExecutor.java:1149)
	at java.util.concurrent.ThreadPoolExecutor$Worker.run(ThreadPoolExecutor.java:624)
	at java.lang.Thread.run(Thread.java:750)
]]></system-out>
  </testcase>
  <testcase name="testFlatKeyStructureWithOBS" classname="org.apache.hadoop.ozone.om.TestObjectStoreWithLegacyFS" time="0.083">
    <failure type="java.lang.AssertionError"><![CDATA[java.lang.AssertionError
	at org.junit.Assert.fail(Assert.java:87)
	at org.junit.Assert.assertTrue(Assert.java:42)
	at org.junit.Assert.assertTrue(Assert.java:53)
	at org.apache.hadoop.ozone.om.TestObjectStoreWithLegacyFS.assertKeyCount(TestObjectStoreWithLegacyFS.java:160)
	at org.apache.hadoop.ozone.om.TestObjectStoreWithLegacyFS.lambda$testFlatKeyStructureWithOBS$1(TestObjectStoreWithLegacyFS.java:141)
	at org.apache.ozone.test.GenericTestUtils.waitFor(GenericTestUtils.java:214)
	at org.apache.hadoop.ozone.om.TestObjectStoreWithLegacyFS.testFlatKeyStructureWithOBS(TestObjectStoreWithLegacyFS.java:141)
	at sun.reflect.NativeMethodAccessorImpl.invoke0(Native Method)
	at sun.reflect.NativeMethodAccessorImpl.invoke(NativeMethodAccessorImpl.java:62)
	at sun.reflect.DelegatingMethodAccessorImpl.invoke(DelegatingMethodAccessorImpl.java:43)
	at java.lang.reflect.Method.invoke(Method.java:498)
	at org.junit.runners.model.FrameworkMethod$1.runReflectiveCall(FrameworkMethod.java:59)
	at org.junit.internal.runners.model.ReflectiveCallable.run(ReflectiveCallable.java:12)
	at org.junit.runners.model.FrameworkMethod.invokeExplosively(FrameworkMethod.java:56)
	at org.junit.internal.runners.statements.InvokeMethod.evaluate(InvokeMethod.java:17)
	at org.junit.internal.runners.statements.RunBefores.evaluate(RunBefores.java:26)
	at org.junit.internal.runners.statements.FailOnTimeout$CallableStatement.call(FailOnTimeout.java:288)
	at org.junit.internal.runners.statements.FailOnTimeout$CallableStatement.call(FailOnTimeout.java:282)
	at java.util.concurrent.FutureTask.run(FutureTask.java:266)
	at java.lang.Thread.run(Thread.java:750)
]]></failure>
    <system-out><![CDATA[2022-10-18 04:04:08,358 [Time-limited test] INFO  rpc.RpcClient (RpcClient.java:createVolume(471)) - Creating Volume: gzfnaagjuq, with user81708 as owner and space quota set to -1 bytes, counts quota set to -1
2022-10-18 04:04:08,364 [OM StateMachine ApplyTransaction Thread - 0] INFO  volume.OMVolumeCreateRequest (OMVolumeCreateRequest.java:validateAndUpdateCache(195)) - created volume:gzfnaagjuq for user:user81708
2022-10-18 04:04:08,368 [Time-limited test] INFO  rpc.RpcClient (RpcClient.java:createBucket(674)) - Creating Bucket: gzfnaagjuq/yxpzrwhbtx, with bucket layout OBJECT_STORE, runner as owner, Versioning false, Storage Type set to DISK and Encryption set to false 
2022-10-18 04:04:08,371 [OM StateMachine ApplyTransaction Thread - 0] INFO  bucket.OMBucketCreateRequest (OMBucketCreateRequest.java:validateAndUpdateCache(260)) - created bucket: yxpzrwhbtx of layout OBJECT_STORE in volume: gzfnaagjuq
]]></system-out>
  </testcase>
</testsuite>