<?xml version="1.0" encoding="UTF-8"?>
<testsuite xmlns:xsi="http://www.w3.org/2001/XMLSchema-instance" xsi:noNamespaceSchemaLocation="https://maven.apache.org/surefire/maven-surefire-plugin/xsd/surefire-test-report-3.0.xsd" version="3.0" name="org.apache.hadoop.ozone.om.TestOzoneManagerHAWithData" time="111.709" tests="5" errors="1" skipped="0" failures="0">
  <properties>
    <property name="awt.toolkit" value="sun.awt.X11.XToolkit"/>
    <property name="file.encoding.pkg" value="sun.io"/>
    <property name="java.specification.version" value="1.8"/>
    <property name="sun.cpu.isalist" value=""/>
    <property name="sun.jnu.encoding" value="UTF-8"/>
    <property name="java.class.path" value="/home/runner/work/ozone/ozone/hadoop-ozone/integration-test/target/test-classes:/home/runner/work/ozone/ozone/hadoop-ozone/integration-test/target/classes:/home/runner/.m2/repository/org/apache/ozone/ozone-common/1.3.0-SNAPSHOT/ozone-common-1.3.0-SNAPSHOT.jar:/home/runner/.m2/repository/io/grpc/grpc-netty/1.48.1/grpc-netty-1.48.1.jar:/home/runner/.m2/repository/io/grpc/grpc-core/1.48.1/grpc-core-1.48.1.jar:/home/runner/.m2/repository/com/google/android/annotations/4.1.1.4/annotations-4.1.1.4.jar:/home/runner/.m2/repository/org/codehaus/mojo/animal-sniffer-annotations/1.21/animal-sniffer-annotations-1.21.jar:/home/runner/.m2/repository/com/google/errorprone/error_prone_annotations/2.2.0/error_prone_annotations-2.2.0.jar:/home/runner/.m2/repository/io/perfmark/perfmark-api/0.25.0/perfmark-api-0.25.0.jar:/home/runner/.m2/repository/io/netty/netty-codec-http2/4.1.79.Final/netty-codec-http2-4.1.79.Final.jar:/home/runner/.m2/repository/io/netty/netty-common/4.1.79.Final/netty-common-4.1.79.Final.jar:/home/runner/.m2/repository/io/netty/netty-buffer/4.1.79.Final/netty-buffer-4.1.79.Final.jar:/home/runner/.m2/repository/io/netty/netty-codec-http/4.1.79.Final/netty-codec-http-4.1.79.Final.jar:/home/runner/.m2/repository/io/netty/netty-handler-proxy/4.1.79.Final/netty-handler-proxy-4.1.79.Final.jar:/home/runner/.m2/repository/io/netty/netty-codec-socks/4.1.79.Final/netty-codec-socks-4.1.79.Final.jar:/home/runner/.m2/repository/io/netty/netty-tcnative-boringssl-static/2.0.53.Final/netty-tcnative-boringssl-static-2.0.53.Final.jar:/home/runner/.m2/repository/io/netty/netty-tcnative-classes/2.0.53.Final/netty-tcnative-classes-2.0.53.Final.jar:/home/runner/.m2/repository/io/netty/netty-tcnative-boringssl-static/2.0.53.Final/netty-tcnative-boringssl-static-2.0.53.Final-linux-x86_64.jar:/home/runner/.m2/repository/io/netty/netty-tcnative-boringssl-static/2.0.53.Final/netty-tcnative-boringssl-static-2.0.53.Final-linux-aarch_64.jar:/home/runner/.m2/repository/io/netty/netty-tcnative-boringssl-static/2.0.53.Final/netty-tcnative-boringssl-static-2.0.53.Final-osx-x86_64.jar:/home/runner/.m2/repository/io/netty/netty-tcnative-boringssl-static/2.0.53.Final/netty-tcnative-boringssl-static-2.0.53.Final-osx-aarch_64.jar:/home/runner/.m2/repository/io/netty/netty-tcnative-boringssl-static/2.0.53.Final/netty-tcnative-boringssl-static-2.0.53.Final-windows-x86_64.jar:/home/runner/.m2/repository/org/apache/commons/commons-compress/1.21/commons-compress-1.21.jar:/home/runner/.m2/repository/org/apache/ozone/hdds-common/1.3.0-SNAPSHOT/hdds-common-1.3.0-SNAPSHOT.jar:/home/runner/.m2/repository/org/apache/ozone/hdds-client/1.3.0-SNAPSHOT/hdds-client-1.3.0-SNAPSHOT.jar:/home/runner/.m2/repository/org/apache/ozone/ozone-interface-client/1.3.0-SNAPSHOT/ozone-interface-client-1.3.0-SNAPSHOT.jar:/home/runner/.m2/repository/org/apache/ozone/hdds-test-utils/1.3.0-SNAPSHOT/hdds-test-utils-1.3.0-SNAPSHOT.jar:/home/runner/.m2/repository/com/google/guava/guava/31.1-jre/guava-31.1-jre.jar:/home/runner/.m2/repository/com/google/guava/failureaccess/1.0.1/failureaccess-1.0.1.jar:/home/runner/.m2/repository/com/google/guava/listenablefuture/9999.0-empty-to-avoid-conflict-with-guava/listenablefuture-9999.0-empty-to-avoid-conflict-with-guava.jar:/home/runner/.m2/repository/com/google/code/findbugs/jsr305/3.0.0/jsr305-3.0.0.jar:/home/runner/.m2/repository/org/checkerframework/checker-qual/3.12.0/checker-qual-3.12.0.jar:/home/runner/.m2/repository/com/google/j2objc/j2objc-annotations/1.3/j2objc-annotations-1.3.jar:/home/runner/.m2/repository/commons-io/commons-io/2.11.0/commons-io-2.11.0.jar:/home/runner/.m2/repository/commons-logging/commons-logging/1.2/commons-logging-1.2.jar:/home/runner/.m2/repository/ch/qos/reload4j/reload4j/1.2.22/reload4j-1.2.22.jar:/home/runner/.m2/repository/org/slf4j/slf4j-api/1.7.36/slf4j-api-1.7.36.jar:/home/runner/.m2/repository/org/apache/ozone/hdds-server-scm/1.3.0-SNAPSHOT/hdds-server-scm-1.3.0-SNAPSHOT.jar:/home/runner/.m2/repository/org/apache/ozone/hdds-container-service/1.3.0-SNAPSHOT/hdds-container-service-1.3.0-SNAPSHOT.jar:/home/runner/.m2/repository/org/apache/ozone/hdds-hadoop-dependency-server/1.3.0-SNAPSHOT/hdds-hadoop-dependency-server-1.3.0-SNAPSHOT.jar:/home/runner/.m2/repository/org/apache/hadoop/hadoop-hdfs/3.3.4/hadoop-hdfs-3.3.4.jar:/home/runner/.m2/repository/org/eclipse/jetty/jetty-util-ajax/9.4.43.v20210629/jetty-util-ajax-9.4.43.v20210629.jar:/home/runner/.m2/repository/commons-daemon/commons-daemon/1.0.13/commons-daemon-1.0.13.jar:/home/runner/.m2/repository/org/apache/ozone/hdds-server-framework/1.3.0-SNAPSHOT/hdds-server-framework-1.3.0-SNAPSHOT.jar:/home/runner/.m2/repository/org/apache/ozone/hdds-interface-server/1.3.0-SNAPSHOT/hdds-interface-server-1.3.0-SNAPSHOT.jar:/home/runner/.m2/repository/org/apache/logging/log4j/log4j-core/2.17.1/log4j-core-2.17.1.jar:/home/runner/.m2/repository/com/lmax/disruptor/3.4.2/disruptor-3.4.2.jar:/home/runner/.m2/repository/org/eclipse/jetty/jetty-servlet/9.4.43.v20210629/jetty-servlet-9.4.43.v20210629.jar:/home/runner/.m2/repository/org/eclipse/jetty/jetty-security/9.4.43.v20210629/jetty-security-9.4.43.v20210629.jar:/home/runner/.m2/repository/org/rocksdb/rocksdbjni/7.4.5/rocksdbjni-7.4.5.jar:/home/runner/.m2/repository/io/prometheus/simpleclient_dropwizard/0.7.0/simpleclient_dropwizard-0.7.0.jar:/home/runner/.m2/repository/io/prometheus/simpleclient/0.7.0/simpleclient-0.7.0.jar:/home/runner/.m2/repository/io/prometheus/simpleclient_common/0.7.0/simpleclient_common-0.7.0.jar:/home/runner/.m2/repository/io/dropwizard/metrics/metrics-core/3.2.4/metrics-core-3.2.4.jar:/home/runner/.m2/repository/org/apache/hadoop/hadoop-hdfs-client/3.3.4/hadoop-hdfs-client-3.3.4.jar:/home/runner/.m2/repository/com/squareup/okhttp3/okhttp/4.9.3/okhttp-4.9.3.jar:/home/runner/.m2/repository/com/squareup/okio/okio/2.8.0/okio-2.8.0.jar:/home/runner/.m2/repository/org/jetbrains/kotlin/kotlin-stdlib-common/1.4.10/kotlin-stdlib-common-1.4.10.jar:/home/runner/.m2/repository/org/bouncycastle/bcprov-jdk15on/1.67/bcprov-jdk15on-1.67.jar:/home/runner/.m2/repository/com/google/protobuf/protobuf-java/2.5.0/protobuf-java-2.5.0.jar:/home/runner/.m2/repository/org/apache/ozone/ozone-manager/1.3.0-SNAPSHOT/ozone-manager-1.3.0-SNAPSHOT.jar:/home/runner/.m2/repository/org/aspectj/aspectjrt/1.9.7/aspectjrt-1.9.7.jar:/home/runner/.m2/repository/org/aspectj/aspectjweaver/1.9.7/aspectjweaver-1.9.7.jar:/home/runner/.m2/repository/org/apache/ozone/hdds-interface-client/1.3.0-SNAPSHOT/hdds-interface-client-1.3.0-SNAPSHOT.jar:/home/runner/.m2/repository/org/apache/hadoop/thirdparty/hadoop-shaded-protobuf_3_7/1.1.1/hadoop-shaded-protobuf_3_7-1.1.1.jar:/home/runner/.m2/repository/org/apache/ozone/ozone-interface-storage/1.3.0-SNAPSHOT/ozone-interface-storage-1.3.0-SNAPSHOT.jar:/home/runner/.m2/repository/org/reflections/reflections/0.9.11/reflections-0.9.11.jar:/home/runner/.m2/repository/com/sun/jersey/jersey-client/1.19/jersey-client-1.19.jar:/home/runner/.m2/repository/org/apache/ranger/ranger-intg/2.3.0/ranger-intg-2.3.0.jar:/home/runner/.m2/repository/org/apache/ranger/ranger-plugins-common/2.3.0/ranger-plugins-common-2.3.0.jar:/home/runner/.m2/repository/commons-lang/commons-lang/2.6/commons-lang-2.6.jar:/home/runner/.m2/repository/org/codehaus/jackson/jackson-jaxrs/1.9.13/jackson-jaxrs-1.9.13.jar:/home/runner/.m2/repository/org/apache/ranger/ranger-plugins-cred/2.3.0/ranger-plugins-cred-2.3.0.jar:/home/runner/.m2/repository/org/apache/ranger/ranger-plugins-audit/2.3.0/ranger-plugins-audit-2.3.0.jar:/home/runner/.m2/repository/org/eclipse/jetty/jetty-client/9.4.31.v20200723/jetty-client-9.4.31.v20200723.jar:/home/runner/.m2/repository/org/apache/httpcomponents/httpmime/4.5.6/httpmime-4.5.6.jar:/home/runner/.m2/repository/org/apache/httpcomponents/httpcore-nio/4.4.6/httpcore-nio-4.4.6.jar:/home/runner/.m2/repository/org/apache/httpcomponents/httpasyncclient/4.1.3/httpasyncclient-4.1.3.jar:/home/runner/.m2/repository/com/carrotsearch/hppc/0.8.0/hppc-0.8.0.jar:/home/runner/.m2/repository/org/apache/orc/orc-core/1.5.8/orc-core-1.5.8.jar:/home/runner/.m2/repository/net/java/dev/jna/jna/5.2.0/jna-5.2.0.jar:/home/runner/.m2/repository/net/java/dev/jna/jna-platform/5.2.0/jna-platform-5.2.0.jar:/home/runner/.m2/repository/com/kstruct/gethostname4j/0.0.2/gethostname4j-0.0.2.jar:/home/runner/.m2/repository/org/apache/ranger/ranger-plugin-classloader/2.3.0/ranger-plugin-classloader-2.3.0.jar:/home/runner/.m2/repository/org/apache/hadoop/hadoop-minikdc/3.3.4/hadoop-minikdc-3.3.4.jar:/home/runner/.m2/repository/org/apache/kerby/kerb-simplekdc/1.0.1/kerb-simplekdc-1.0.1.jar:/home/runner/.m2/repository/org/apache/kerby/kerb-client/1.0.1/kerb-client-1.0.1.jar:/home/runner/.m2/repository/org/apache/kerby/kerby-config/1.0.1/kerby-config-1.0.1.jar:/home/runner/.m2/repository/org/apache/kerby/kerb-common/1.0.1/kerb-common-1.0.1.jar:/home/runner/.m2/repository/org/apache/kerby/kerb-crypto/1.0.1/kerb-crypto-1.0.1.jar:/home/runner/.m2/repository/org/apache/kerby/kerb-util/1.0.1/kerb-util-1.0.1.jar:/home/runner/.m2/repository/org/apache/kerby/token-provider/1.0.1/token-provider-1.0.1.jar:/home/runner/.m2/repository/org/apache/kerby/kerb-admin/1.0.1/kerb-admin-1.0.1.jar:/home/runner/.m2/repository/org/apache/kerby/kerb-server/1.0.1/kerb-server-1.0.1.jar:/home/runner/.m2/repository/org/apache/kerby/kerb-identity/1.0.1/kerb-identity-1.0.1.jar:/home/runner/.m2/repository/org/apache/kerby/kerby-xdr/1.0.1/kerby-xdr-1.0.1.jar:/home/runner/.m2/repository/org/apache/ozone/ozone-s3gateway/1.3.0-SNAPSHOT/ozone-s3gateway-1.3.0-SNAPSHOT.jar:/home/runner/.m2/repository/org/javassist/javassist/3.21.0-GA/javassist-3.21.0-GA.jar:/home/runner/.m2/repository/org/jboss/weld/servlet/weld-servlet/2.4.7.Final/weld-servlet-2.4.7.Final.jar:/home/runner/.m2/repository/org/glassfish/jersey/containers/jersey-container-servlet-core/2.34/jersey-container-servlet-core-2.34.jar:/home/runner/.m2/repository/org/glassfish/hk2/external/jakarta.inject/2.6.1/jakarta.inject-2.6.1.jar:/home/runner/.m2/repository/org/glassfish/jersey/core/jersey-common/2.34/jersey-common-2.34.jar:/home/runner/.m2/repository/jakarta/ws/rs/jakarta.ws.rs-api/2.1.6/jakarta.ws.rs-api-2.1.6.jar:/home/runner/.m2/repository/org/glassfish/jersey/ext/cdi/jersey-cdi1x/2.34/jersey-cdi1x-2.34.jar:/home/runner/.m2/repository/org/glassfish/jersey/inject/jersey-hk2/2.34/jersey-hk2-2.34.jar:/home/runner/.m2/repository/org/glassfish/hk2/hk2-locator/2.6.1/hk2-locator-2.6.1.jar:/home/runner/.m2/repository/org/glassfish/jersey/media/jersey-media-jaxb/2.34/jersey-media-jaxb-2.34.jar:/home/runner/.m2/repository/org/glassfish/hk2/osgi-resource-locator/1.0.3/osgi-resource-locator-1.0.3.jar:/home/runner/.m2/repository/org/glassfish/hk2/hk2-api/2.5.0/hk2-api-2.5.0.jar:/home/runner/.m2/repository/org/glassfish/hk2/hk2-utils/2.5.0/hk2-utils-2.5.0.jar:/home/runner/.m2/repository/org/glassfish/hk2/external/aopalliance-repackaged/2.5.0/aopalliance-repackaged-2.5.0.jar:/home/runner/.m2/repository/com/fasterxml/jackson/dataformat/jackson-dataformat-xml/2.13.4/jackson-dataformat-xml-2.13.4.jar:/home/runner/.m2/repository/com/fasterxml/jackson/core/jackson-core/2.13.4/jackson-core-2.13.4.jar:/home/runner/.m2/repository/org/codehaus/woodstox/stax2-api/3.1.4/stax2-api-3.1.4.jar:/home/runner/.m2/repository/com/fasterxml/woodstox/woodstox-core/5.0.3/woodstox-core-5.0.3.jar:/home/runner/.m2/repository/com/fasterxml/jackson/module/jackson-module-jaxb-annotations/2.13.4/jackson-module-jaxb-annotations-2.13.4.jar:/home/runner/.m2/repository/jakarta/xml/bind/jakarta.xml.bind-api/2.3.3/jakarta.xml.bind-api-2.3.3.jar:/home/runner/.m2/repository/jakarta/activation/jakarta.activation-api/1.2.1/jakarta.activation-api-1.2.1.jar:/home/runner/.m2/repository/javax/enterprise/cdi-api/1.2/cdi-api-1.2.jar:/home/runner/.m2/repository/javax/el/javax.el-api/3.0.0/javax.el-api-3.0.0.jar:/home/runner/.m2/repository/javax/interceptor/javax.interceptor-api/1.2/javax.interceptor-api-1.2.jar:/home/runner/.m2/repository/javax/inject/javax.inject/1/javax.inject-1.jar:/home/runner/.m2/repository/javax/xml/bind/jaxb-api/2.3.0/jaxb-api-2.3.0.jar:/home/runner/.m2/repository/org/glassfish/jaxb/jaxb-runtime/2.3.0.1/jaxb-runtime-2.3.0.1.jar:/home/runner/.m2/repository/org/glassfish/jaxb/jaxb-core/2.3.0.1/jaxb-core-2.3.0.1.jar:/home/runner/.m2/repository/org/glassfish/jaxb/txw2/2.3.0.1/txw2-2.3.0.1.jar:/home/runner/.m2/repository/com/sun/istack/istack-commons-runtime/3.0.5/istack-commons-runtime-3.0.5.jar:/home/runner/.m2/repository/org/jvnet/staxex/stax-ex/1.7.8/stax-ex-1.7.8.jar:/home/runner/.m2/repository/com/sun/xml/fastinfoset/FastInfoset/1.2.13/FastInfoset-1.2.13.jar:/home/runner/.m2/repository/javax/activation/activation/1.1.1/activation-1.1.1.jar:/home/runner/.m2/repository/io/grpc/grpc-protobuf/1.48.1/grpc-protobuf-1.48.1.jar:/home/runner/.m2/repository/io/grpc/grpc-api/1.48.1/grpc-api-1.48.1.jar:/home/runner/.m2/repository/io/grpc/grpc-context/1.48.1/grpc-context-1.48.1.jar:/home/runner/.m2/repository/com/google/api/grpc/proto-google-common-protos/2.9.0/proto-google-common-protos-2.9.0.jar:/home/runner/.m2/repository/io/grpc/grpc-protobuf-lite/1.48.1/grpc-protobuf-lite-1.48.1.jar:/home/runner/.m2/repository/io/grpc/grpc-stub/1.48.1/grpc-stub-1.48.1.jar:/home/runner/.m2/repository/io/netty/netty-transport/4.1.79.Final/netty-transport-4.1.79.Final.jar:/home/runner/.m2/repository/io/netty/netty-resolver/4.1.79.Final/netty-resolver-4.1.79.Final.jar:/home/runner/.m2/repository/org/apache/ozone/ozone-csi/1.3.0-SNAPSHOT/ozone-csi-1.3.0-SNAPSHOT.jar:/home/runner/.m2/repository/com/google/protobuf/protobuf-java-util/3.19.2/protobuf-java-util-3.19.2.jar:/home/runner/.m2/repository/com/google/code/gson/gson/2.9.0/gson-2.9.0.jar:/home/runner/.m2/repository/org/apache/ozone/hdds-config/1.3.0-SNAPSHOT/hdds-config-1.3.0-SNAPSHOT.jar:/home/runner/.m2/repository/io/netty/netty-transport-native-epoll/4.1.79.Final/netty-transport-native-epoll-4.1.79.Final-linux-x86_64.jar:/home/runner/.m2/repository/io/netty/netty-transport-classes-epoll/4.1.79.Final/netty-transport-classes-epoll-4.1.79.Final.jar:/home/runner/.m2/repository/io/netty/netty-transport-native-unix-common/4.1.79.Final/netty-transport-native-unix-common-4.1.79.Final.jar:/home/runner/.m2/repository/org/slf4j/slf4j-reload4j/1.7.36/slf4j-reload4j-1.7.36.jar:/home/runner/.m2/repository/org/apache/ozone/ozone-recon/1.3.0-SNAPSHOT/ozone-recon-1.3.0-SNAPSHOT.jar:/home/runner/.m2/repository/org/apache/ozone/ozone-reconcodegen/1.3.0-SNAPSHOT/ozone-reconcodegen-1.3.0-SNAPSHOT.jar:/home/runner/.m2/repository/com/google/inject/extensions/guice-multibindings/4.0/guice-multibindings-4.0.jar:/home/runner/.m2/repository/com/google/inject/guice/4.0/guice-4.0.jar:/home/runner/.m2/repository/aopalliance/aopalliance/1.0/aopalliance-1.0.jar:/home/runner/.m2/repository/com/google/inject/extensions/guice-assistedinject/4.0/guice-assistedinject-4.0.jar:/home/runner/.m2/repository/com/google/inject/extensions/guice-servlet/4.0/guice-servlet-4.0.jar:/home/runner/.m2/repository/org/glassfish/jersey/containers/jersey-container-servlet/2.34/jersey-container-servlet-2.34.jar:/home/runner/.m2/repository/org/glassfish/hk2/guice-bridge/2.5.0/guice-bridge-2.5.0.jar:/home/runner/.m2/repository/org/glassfish/jersey/core/jersey-server/2.34/jersey-server-2.34.jar:/home/runner/.m2/repository/org/glassfish/jersey/core/jersey-client/2.34/jersey-client-2.34.jar:/home/runner/.m2/repository/jakarta/annotation/jakarta.annotation-api/1.3.5/jakarta.annotation-api-1.3.5.jar:/home/runner/.m2/repository/jakarta/validation/jakarta.validation-api/2.0.2/jakarta.validation-api-2.0.2.jar:/home/runner/.m2/repository/org/glassfish/jersey/media/jersey-media-json-jackson/2.34/jersey-media-json-jackson-2.34.jar:/home/runner/.m2/repository/org/glassfish/jersey/ext/jersey-entity-filtering/2.34/jersey-entity-filtering-2.34.jar:/home/runner/.m2/repository/org/jooq/jooq/3.11.10/jooq-3.11.10.jar:/home/runner/.m2/repository/org/jooq/jooq-meta/3.11.10/jooq-meta-3.11.10.jar:/home/runner/.m2/repository/org/jooq/jooq-codegen/3.11.10/jooq-codegen-3.11.10.jar:/home/runner/.m2/repository/com/jolbox/bonecp/0.8.0.RELEASE/bonecp-0.8.0.RELEASE.jar:/home/runner/.m2/repository/org/apache/derby/derby/10.14.2.0/derby-10.14.2.0.jar:/home/runner/.m2/repository/org/xerial/sqlite-jdbc/3.25.2/sqlite-jdbc-3.25.2.jar:/home/runner/.m2/repository/org/springframework/spring-jdbc/5.2.20.RELEASE/spring-jdbc-5.2.20.RELEASE.jar:/home/runner/.m2/repository/org/springframework/spring-beans/5.2.20.RELEASE/spring-beans-5.2.20.RELEASE.jar:/home/runner/.m2/repository/org/springframework/spring-core/5.2.20.RELEASE/spring-core-5.2.20.RELEASE.jar:/home/runner/.m2/repository/org/springframework/spring-jcl/5.2.20.RELEASE/spring-jcl-5.2.20.RELEASE.jar:/home/runner/.m2/repository/org/springframework/spring-tx/5.2.20.RELEASE/spring-tx-5.2.20.RELEASE.jar:/home/runner/.m2/repository/org/apache/ozone/ozone-client/1.3.0-SNAPSHOT/ozone-client-1.3.0-SNAPSHOT.jar:/home/runner/.m2/repository/org/apache/ozone/hdds-erasurecode/1.3.0-SNAPSHOT/hdds-erasurecode-1.3.0-SNAPSHOT.jar:/home/runner/.m2/repository/com/github/spotbugs/spotbugs-annotations/3.1.12/spotbugs-annotations-3.1.12.jar:/home/runner/.m2/repository/org/apache/ozone/ozone-filesystem/1.3.0-SNAPSHOT/ozone-filesystem-1.3.0-SNAPSHOT.jar:/home/runner/.m2/repository/org/apache/ozone/ozone-filesystem-common/1.3.0-SNAPSHOT/ozone-filesystem-common-1.3.0-SNAPSHOT.jar:/home/runner/.m2/repository/org/apache/ozone/ozone-tools/1.3.0-SNAPSHOT/ozone-tools-1.3.0-SNAPSHOT.jar:/home/runner/.m2/repository/org/apache/ratis/ratis-tools/2.3.0/ratis-tools-2.3.0.jar:/home/runner/.m2/repository/com/amazonaws/aws-java-sdk-core/1.12.261/aws-java-sdk-core-1.12.261.jar:/home/runner/.m2/repository/org/apache/httpcomponents/httpclient/4.5.13/httpclient-4.5.13.jar:/home/runner/.m2/repository/org/apache/httpcomponents/httpcore/4.4.13/httpcore-4.4.13.jar:/home/runner/.m2/repository/software/amazon/ion/ion-java/1.0.2/ion-java-1.0.2.jar:/home/runner/.m2/repository/com/fasterxml/jackson/dataformat/jackson-dataformat-cbor/2.13.4/jackson-dataformat-cbor-2.13.4.jar:/home/runner/.m2/repository/joda-time/joda-time/2.8.1/joda-time-2.8.1.jar:/home/runner/.m2/repository/com/amazonaws/aws-java-sdk-s3/1.12.261/aws-java-sdk-s3-1.12.261.jar:/home/runner/.m2/repository/com/amazonaws/aws-java-sdk-kms/1.12.261/aws-java-sdk-kms-1.12.261.jar:/home/runner/.m2/repository/com/amazonaws/jmespath-java/1.12.261/jmespath-java-1.12.261.jar:/home/runner/.m2/repository/org/kohsuke/metainf-services/metainf-services/1.8/metainf-services-1.8.jar:/home/runner/.m2/repository/org/apache/ozone/hdds-tools/1.3.0-SNAPSHOT/hdds-tools-1.3.0-SNAPSHOT.jar:/home/runner/.m2/repository/commons-cli/commons-cli/1.2/commons-cli-1.2.jar:/home/runner/.m2/repository/org/apache/commons/commons-lang3/3.7/commons-lang3-3.7.jar:/home/runner/.m2/repository/org/apache/ozone/ozone-manager/1.3.0-SNAPSHOT/ozone-manager-1.3.0-SNAPSHOT-tests.jar:/home/runner/.m2/repository/org/apache/ozone/hdds-common/1.3.0-SNAPSHOT/hdds-common-1.3.0-SNAPSHOT-tests.jar:/home/runner/.m2/repository/org/apache/ozone/hdds-hadoop-dependency-client/1.3.0-SNAPSHOT/hdds-hadoop-dependency-client-1.3.0-SNAPSHOT.jar:/home/runner/.m2/repository/info/picocli/picocli/4.6.1/picocli-4.6.1.jar:/home/runner/.m2/repository/com/fasterxml/jackson/core/jackson-annotations/2.13.4/jackson-annotations-2.13.4.jar:/home/runner/.m2/repository/com/fasterxml/jackson/datatype/jackson-datatype-jsr310/2.13.4/jackson-datatype-jsr310-2.13.4.jar:/home/runner/.m2/repository/org/apache/ozone/hdds-annotation-processing/1.3.0-SNAPSHOT/hdds-annotation-processing-1.3.0-SNAPSHOT.jar:/home/runner/.m2/repository/javax/annotation/javax.annotation-api/1.2/javax.annotation-api-1.2.jar:/home/runner/.m2/repository/org/apache/ratis/ratis-server/2.3.0/ratis-server-2.3.0.jar:/home/runner/.m2/repository/org/apache/ratis/ratis-client/2.3.0/ratis-client-2.3.0.jar:/home/runner/.m2/repository/org/apache/ratis/ratis-server-api/2.3.0/ratis-server-api-2.3.0.jar:/home/runner/.m2/repository/org/apache/ratis/ratis-metrics/2.3.0/ratis-metrics-2.3.0.jar:/home/runner/.m2/repository/org/apache/ratis/ratis-netty/2.3.0/ratis-netty-2.3.0.jar:/home/runner/.m2/repository/org/apache/ratis/ratis-grpc/2.3.0/ratis-grpc-2.3.0.jar:/home/runner/.m2/repository/org/apache/logging/log4j/log4j-api/2.17.1/log4j-api-2.17.1.jar:/home/runner/.m2/repository/org/apache/commons/commons-pool2/2.6.0/commons-pool2-2.6.0.jar:/home/runner/.m2/repository/org/bouncycastle/bcpkix-jdk15on/1.67/bcpkix-jdk15on-1.67.jar:/home/runner/.m2/repository/commons-validator/commons-validator/1.6/commons-validator-1.6.jar:/home/runner/.m2/repository/commons-beanutils/commons-beanutils/1.9.4/commons-beanutils-1.9.4.jar:/home/runner/.m2/repository/commons-digester/commons-digester/1.8.1/commons-digester-1.8.1.jar:/home/runner/.m2/repository/commons-collections/commons-collections/3.2.2/commons-collections-3.2.2.jar:/home/runner/.m2/repository/io/jaegertracing/jaeger-client/1.6.0/jaeger-client-1.6.0.jar:/home/runner/.m2/repository/io/jaegertracing/jaeger-thrift/1.6.0/jaeger-thrift-1.6.0.jar:/home/runner/.m2/repository/org/apache/thrift/libthrift/0.14.1/libthrift-0.14.1.jar:/home/runner/.m2/repository/io/jaegertracing/jaeger-core/1.6.0/jaeger-core-1.6.0.jar:/home/runner/.m2/repository/io/jaegertracing/jaeger-tracerresolver/1.6.0/jaeger-tracerresolver-1.6.0.jar:/home/runner/.m2/repository/io/opentracing/contrib/opentracing-tracerresolver/0.1.8/opentracing-tracerresolver-0.1.8.jar:/home/runner/.m2/repository/org/jetbrains/kotlin/kotlin-stdlib/1.6.21/kotlin-stdlib-1.6.21.jar:/home/runner/.m2/repository/org/jetbrains/annotations/13.0/annotations-13.0.jar:/home/runner/.m2/repository/io/opentracing/opentracing-util/0.33.0/opentracing-util-0.33.0.jar:/home/runner/.m2/repository/io/opentracing/opentracing-api/0.33.0/opentracing-api-0.33.0.jar:/home/runner/.m2/repository/io/opentracing/opentracing-noop/0.33.0/opentracing-noop-0.33.0.jar:/home/runner/.m2/repository/org/yaml/snakeyaml/1.32/snakeyaml-1.32.jar:/home/runner/.m2/repository/org/apache/ozone/hdds-interface-admin/1.3.0-SNAPSHOT/hdds-interface-admin-1.3.0-SNAPSHOT.jar:/home/runner/.m2/repository/junit/junit/4.13.1/junit-4.13.1.jar:/home/runner/.m2/repository/org/hamcrest/hamcrest-core/1.3/hamcrest-core-1.3.jar:/home/runner/.m2/repository/org/junit/jupiter/junit-jupiter-api/5.8.2/junit-jupiter-api-5.8.2.jar:/home/runner/.m2/repository/org/opentest4j/opentest4j/1.2.0/opentest4j-1.2.0.jar:/home/runner/.m2/repository/org/junit/platform/junit-platform-commons/1.8.2/junit-platform-commons-1.8.2.jar:/home/runner/.m2/repository/org/apiguardian/apiguardian-api/1.1.2/apiguardian-api-1.1.2.jar:/home/runner/.m2/repository/org/junit/jupiter/junit-jupiter-params/5.8.2/junit-jupiter-params-5.8.2.jar:/home/runner/.m2/repository/org/junit/jupiter/junit-jupiter-migrationsupport/5.8.2/junit-jupiter-migrationsupport-5.8.2.jar:/home/runner/.m2/repository/org/junit/jupiter/junit-jupiter-engine/5.8.2/junit-jupiter-engine-5.8.2.jar:/home/runner/.m2/repository/org/junit/platform/junit-platform-engine/1.8.2/junit-platform-engine-1.8.2.jar:/home/runner/.m2/repository/org/junit/vintage/junit-vintage-engine/5.8.2/junit-vintage-engine-5.8.2.jar:/home/runner/.m2/repository/org/junit/platform/junit-platform-launcher/1.8.2/junit-platform-launcher-1.8.2.jar:/home/runner/.m2/repository/org/mockito/mockito-core/2.28.2/mockito-core-2.28.2.jar:/home/runner/.m2/repository/net/bytebuddy/byte-buddy/1.9.10/byte-buddy-1.9.10.jar:/home/runner/.m2/repository/net/bytebuddy/byte-buddy-agent/1.9.10/byte-buddy-agent-1.9.10.jar:/home/runner/.m2/repository/org/objenesis/objenesis/1.0/objenesis-1.0.jar:/home/runner/.m2/repository/org/apache/hadoop/hadoop-kms/3.3.4/hadoop-kms-3.3.4.jar:/home/runner/.m2/repository/org/apache/hadoop/hadoop-auth/3.3.4/hadoop-auth-3.3.4.jar:/home/runner/.m2/repository/com/nimbusds/nimbus-jose-jwt/7.9/nimbus-jose-jwt-7.9.jar:/home/runner/.m2/repository/com/github/stephenc/jcip/jcip-annotations/1.0-1/jcip-annotations-1.0-1.jar:/home/runner/.m2/repository/net/minidev/json-smart/2.4.7/json-smart-2.4.7.jar:/home/runner/.m2/repository/net/minidev/accessors-smart/2.4.7/accessors-smart-2.4.7.jar:/home/runner/.m2/repository/org/ow2/asm/asm/5.0.4/asm-5.0.4.jar:/home/runner/.m2/repository/org/apache/zookeeper/zookeeper/3.5.6/zookeeper-3.5.6.jar:/home/runner/.m2/repository/org/apache/zookeeper/zookeeper-jute/3.5.6/zookeeper-jute-3.5.6.jar:/home/runner/.m2/repository/org/apache/yetus/audience-annotations/0.5.0/audience-annotations-0.5.0.jar:/home/runner/.m2/repository/org/apache/curator/curator-framework/4.2.0/curator-framework-4.2.0.jar:/home/runner/.m2/repository/org/apache/hadoop/thirdparty/hadoop-shaded-guava/1.1.1/hadoop-shaded-guava-1.1.1.jar:/home/runner/.m2/repository/com/sun/jersey/jersey-core/1.19/jersey-core-1.19.jar:/home/runner/.m2/repository/javax/ws/rs/jsr311-api/1.1.1/jsr311-api-1.1.1.jar:/home/runner/.m2/repository/com/sun/jersey/jersey-server/1.19/jersey-server-1.19.jar:/home/runner/.m2/repository/javax/servlet/javax.servlet-api/3.1.0/javax.servlet-api-3.1.0.jar:/home/runner/.m2/repository/org/eclipse/jetty/jetty-server/9.4.43.v20210629/jetty-server-9.4.43.v20210629.jar:/home/runner/.m2/repository/org/eclipse/jetty/jetty-http/9.4.43.v20210629/jetty-http-9.4.43.v20210629.jar:/home/runner/.m2/repository/org/eclipse/jetty/jetty-io/9.4.43.v20210629/jetty-io-9.4.43.v20210629.jar:/home/runner/.m2/repository/org/eclipse/jetty/jetty-webapp/9.4.43.v20210629/jetty-webapp-9.4.43.v20210629.jar:/home/runner/.m2/repository/org/eclipse/jetty/jetty-xml/9.4.43.v20210629/jetty-xml-9.4.43.v20210629.jar:/home/runner/.m2/repository/org/apache/hadoop/hadoop-common/3.3.4/hadoop-common-3.3.4.jar:/home/runner/.m2/repository/org/apache/commons/commons-math3/3.1.1/commons-math3-3.1.1.jar:/home/runner/.m2/repository/commons-net/commons-net/3.6/commons-net-3.6.jar:/home/runner/.m2/repository/com/sun/jersey/jersey-servlet/1.19/jersey-servlet-1.19.jar:/home/runner/.m2/repository/com/sun/jersey/jersey-json/1.19/jersey-json-1.19.jar:/home/runner/.m2/repository/org/codehaus/jettison/jettison/1.1/jettison-1.1.jar:/home/runner/.m2/repository/com/sun/xml/bind/jaxb-impl/2.2.3-1/jaxb-impl-2.2.3-1.jar:/home/runner/.m2/repository/org/codehaus/jackson/jackson-xc/1.9.2/jackson-xc-1.9.2.jar:/home/runner/.m2/repository/org/apache/commons/commons-configuration2/2.1.1/commons-configuration2-2.1.1.jar:/home/runner/.m2/repository/org/apache/commons/commons-text/1.4/commons-text-1.4.jar:/home/runner/.m2/repository/com/google/re2j/re2j/1.1/re2j-1.1.jar:/home/runner/.m2/repository/com/jcraft/jsch/0.1.54/jsch-0.1.54.jar:/home/runner/.m2/repository/org/apache/curator/curator-client/4.2.0/curator-client-4.2.0.jar:/home/runner/.m2/repository/org/apache/curator/curator-recipes/4.2.0/curator-recipes-4.2.0.jar:/home/runner/.m2/repository/org/apache/kerby/kerb-core/1.0.1/kerb-core-1.0.1.jar:/home/runner/.m2/repository/org/apache/kerby/kerby-pkix/1.0.1/kerby-pkix-1.0.1.jar:/home/runner/.m2/repository/org/apache/kerby/kerby-asn1/1.0.1/kerby-asn1-1.0.1.jar:/home/runner/.m2/repository/org/apache/kerby/kerby-util/1.0.1/kerby-util-1.0.1.jar:/home/runner/.m2/repository/dnsjava/dnsjava/2.1.7/dnsjava-2.1.7.jar:/home/runner/.m2/repository/org/xerial/snappy/snappy-java/1.1.8.2/snappy-java-1.1.8.2.jar:/home/runner/.m2/repository/org/eclipse/jetty/jetty-util/9.4.43.v20210629/jetty-util-9.4.43.v20210629.jar:/home/runner/.m2/repository/com/fasterxml/jackson/core/jackson-databind/2.13.4/jackson-databind-2.13.4.jar:/home/runner/.m2/repository/org/apache/hadoop/hadoop-kms/3.3.4/hadoop-kms-3.3.4-tests.jar:/home/runner/.m2/repository/org/apache/ozone/hdds-server-scm/1.3.0-SNAPSHOT/hdds-server-scm-1.3.0-SNAPSHOT-tests.jar:/home/runner/.m2/repository/org/apache/ozone/hdds-container-service/1.3.0-SNAPSHOT/hdds-container-service-1.3.0-SNAPSHOT-tests.jar:/home/runner/.m2/repository/commons-codec/commons-codec/1.11/commons-codec-1.11.jar:/home/runner/.m2/repository/io/netty/netty-codec/4.1.79.Final/netty-codec-4.1.79.Final.jar:/home/runner/.m2/repository/io/netty/netty-handler/4.1.79.Final/netty-handler-4.1.79.Final.jar:/home/runner/.m2/repository/org/apache/ozone/hdds-hadoop-dependency-test/1.3.0-SNAPSHOT/hdds-hadoop-dependency-test-1.3.0-SNAPSHOT.jar:/home/runner/.m2/repository/org/apache/hadoop/hadoop-common/3.3.4/hadoop-common-3.3.4-tests.jar:/home/runner/.m2/repository/org/apache/hadoop/hadoop-hdfs/3.3.4/hadoop-hdfs-3.3.4-tests.jar:/home/runner/.m2/repository/org/assertj/assertj-core/3.12.2/assertj-core-3.12.2.jar:/home/runner/.m2/repository/org/apache/hadoop/hadoop-distcp/3.3.4/hadoop-distcp-3.3.4.jar:/home/runner/.m2/repository/org/apache/hadoop/hadoop-mapreduce-client-jobclient/3.3.4/hadoop-mapreduce-client-jobclient-3.3.4.jar:/home/runner/.m2/repository/org/apache/hadoop/hadoop-mapreduce-client-common/3.3.4/hadoop-mapreduce-client-common-3.3.4.jar:/home/runner/.m2/repository/org/apache/hadoop/hadoop-yarn-common/3.3.4/hadoop-yarn-common-3.3.4.jar:/home/runner/.m2/repository/org/apache/hadoop/hadoop-yarn-api/3.3.4/hadoop-yarn-api-3.3.4.jar:/home/runner/.m2/repository/com/sun/jersey/contribs/jersey-guice/1.19/jersey-guice-1.19.jar:/home/runner/.m2/repository/com/fasterxml/jackson/jaxrs/jackson-jaxrs-json-provider/2.13.4/jackson-jaxrs-json-provider-2.13.4.jar:/home/runner/.m2/repository/com/fasterxml/jackson/jaxrs/jackson-jaxrs-base/2.13.4/jackson-jaxrs-base-2.13.4.jar:/home/runner/.m2/repository/org/apache/hadoop/hadoop-yarn-client/3.3.4/hadoop-yarn-client-3.3.4.jar:/home/runner/.m2/repository/org/eclipse/jetty/websocket/websocket-client/9.4.43.v20210629/websocket-client-9.4.43.v20210629.jar:/home/runner/.m2/repository/org/eclipse/jetty/websocket/websocket-common/9.4.43.v20210629/websocket-common-9.4.43.v20210629.jar:/home/runner/.m2/repository/org/eclipse/jetty/websocket/websocket-api/9.4.43.v20210629/websocket-api-9.4.43.v20210629.jar:/home/runner/.m2/repository/org/jline/jline/3.9.0/jline-3.9.0.jar:/home/runner/.m2/repository/org/apache/hadoop/hadoop-mapreduce-client-core/3.3.4/hadoop-mapreduce-client-core-3.3.4.jar:/home/runner/.m2/repository/org/apache/avro/avro/1.7.7/avro-1.7.7.jar:/home/runner/.m2/repository/org/codehaus/jackson/jackson-core-asl/1.9.13/jackson-core-asl-1.9.13.jar:/home/runner/.m2/repository/org/codehaus/jackson/jackson-mapper-asl/1.9.13/jackson-mapper-asl-1.9.13.jar:/home/runner/.m2/repository/com/thoughtworks/paranamer/paranamer/2.3/paranamer-2.3.jar:/home/runner/.m2/repository/org/apache/hadoop/hadoop-annotations/3.3.4/hadoop-annotations-3.3.4.jar:/usr/lib/jvm/temurin-8-jdk-amd64/jre/../lib/tools.jar:/home/runner/.m2/repository/io/netty/netty/3.10.6.Final/netty-3.10.6.Final.jar:/home/runner/.m2/repository/org/apache/hadoop/hadoop-distcp/3.3.4/hadoop-distcp-3.3.4-tests.jar:/home/runner/.m2/repository/org/slf4j/jul-to-slf4j/1.7.36/jul-to-slf4j-1.7.36.jar:/home/runner/.m2/repository/org/apache/ratis/ratis-common/2.3.0/ratis-common-2.3.0.jar:/home/runner/.m2/repository/org/apache/ratis/ratis-thirdparty-misc/1.0.0/ratis-thirdparty-misc-1.0.0.jar:/home/runner/.m2/repository/org/apache/ratis/ratis-proto/2.3.0/ratis-proto-2.3.0.jar:"/>
    <property name="java.vm.vendor" value="Temurin"/>
    <property name="sun.arch.data.model" value="64"/>
    <property name="test.build.dir" value="/home/runner/work/ozone/ozone/hadoop-ozone/integration-test/target/test-dir"/>
    <property name="test.cache.data" value=""/>
    <property name="java.vendor.url" value="https://adoptium.net/"/>
    <property name="user.timezone" value="Etc/UTC"/>
    <property name="java.vm.specification.version" value="1.8"/>
    <property name="os.name" value="Linux"/>
    <property name="test.build.data" value="/home/runner/work/ozone/ozone/hadoop-ozone/integration-test/target/test-dir"/>
    <property name="sun.java.launcher" value="SUN_STANDARD"/>
    <property name="sun.boot.library.path" value="/usr/lib/jvm/temurin-8-jdk-amd64/jre/lib/amd64"/>
    <property name="sun.java.command" value="/home/runner/work/ozone/ozone/hadoop-ozone/integration-test/target/surefire/surefirebooter1681628472083983315.jar /home/runner/work/ozone/ozone/hadoop-ozone/integration-test/target/surefire 2022-10-18T03-38-30_800-jvmRun1 surefire91808838597501840tmp surefire_177675733034897958457tmp"/>
    <property name="surefire.test.class.path" value="/home/runner/work/ozone/ozone/hadoop-ozone/integration-test/target/test-classes:/home/runner/work/ozone/ozone/hadoop-ozone/integration-test/target/classes:/home/runner/.m2/repository/org/apache/ozone/ozone-common/1.3.0-SNAPSHOT/ozone-common-1.3.0-SNAPSHOT.jar:/home/runner/.m2/repository/io/grpc/grpc-netty/1.48.1/grpc-netty-1.48.1.jar:/home/runner/.m2/repository/io/grpc/grpc-core/1.48.1/grpc-core-1.48.1.jar:/home/runner/.m2/repository/com/google/android/annotations/4.1.1.4/annotations-4.1.1.4.jar:/home/runner/.m2/repository/org/codehaus/mojo/animal-sniffer-annotations/1.21/animal-sniffer-annotations-1.21.jar:/home/runner/.m2/repository/com/google/errorprone/error_prone_annotations/2.2.0/error_prone_annotations-2.2.0.jar:/home/runner/.m2/repository/io/perfmark/perfmark-api/0.25.0/perfmark-api-0.25.0.jar:/home/runner/.m2/repository/io/netty/netty-codec-http2/4.1.79.Final/netty-codec-http2-4.1.79.Final.jar:/home/runner/.m2/repository/io/netty/netty-common/4.1.79.Final/netty-common-4.1.79.Final.jar:/home/runner/.m2/repository/io/netty/netty-buffer/4.1.79.Final/netty-buffer-4.1.79.Final.jar:/home/runner/.m2/repository/io/netty/netty-codec-http/4.1.79.Final/netty-codec-http-4.1.79.Final.jar:/home/runner/.m2/repository/io/netty/netty-handler-proxy/4.1.79.Final/netty-handler-proxy-4.1.79.Final.jar:/home/runner/.m2/repository/io/netty/netty-codec-socks/4.1.79.Final/netty-codec-socks-4.1.79.Final.jar:/home/runner/.m2/repository/io/netty/netty-tcnative-boringssl-static/2.0.53.Final/netty-tcnative-boringssl-static-2.0.53.Final.jar:/home/runner/.m2/repository/io/netty/netty-tcnative-classes/2.0.53.Final/netty-tcnative-classes-2.0.53.Final.jar:/home/runner/.m2/repository/io/netty/netty-tcnative-boringssl-static/2.0.53.Final/netty-tcnative-boringssl-static-2.0.53.Final-linux-x86_64.jar:/home/runner/.m2/repository/io/netty/netty-tcnative-boringssl-static/2.0.53.Final/netty-tcnative-boringssl-static-2.0.53.Final-linux-aarch_64.jar:/home/runner/.m2/repository/io/netty/netty-tcnative-boringssl-static/2.0.53.Final/netty-tcnative-boringssl-static-2.0.53.Final-osx-x86_64.jar:/home/runner/.m2/repository/io/netty/netty-tcnative-boringssl-static/2.0.53.Final/netty-tcnative-boringssl-static-2.0.53.Final-osx-aarch_64.jar:/home/runner/.m2/repository/io/netty/netty-tcnative-boringssl-static/2.0.53.Final/netty-tcnative-boringssl-static-2.0.53.Final-windows-x86_64.jar:/home/runner/.m2/repository/org/apache/commons/commons-compress/1.21/commons-compress-1.21.jar:/home/runner/.m2/repository/org/apache/ozone/hdds-common/1.3.0-SNAPSHOT/hdds-common-1.3.0-SNAPSHOT.jar:/home/runner/.m2/repository/org/apache/ozone/hdds-client/1.3.0-SNAPSHOT/hdds-client-1.3.0-SNAPSHOT.jar:/home/runner/.m2/repository/org/apache/ozone/ozone-interface-client/1.3.0-SNAPSHOT/ozone-interface-client-1.3.0-SNAPSHOT.jar:/home/runner/.m2/repository/org/apache/ozone/hdds-test-utils/1.3.0-SNAPSHOT/hdds-test-utils-1.3.0-SNAPSHOT.jar:/home/runner/.m2/repository/com/google/guava/guava/31.1-jre/guava-31.1-jre.jar:/home/runner/.m2/repository/com/google/guava/failureaccess/1.0.1/failureaccess-1.0.1.jar:/home/runner/.m2/repository/com/google/guava/listenablefuture/9999.0-empty-to-avoid-conflict-with-guava/listenablefuture-9999.0-empty-to-avoid-conflict-with-guava.jar:/home/runner/.m2/repository/com/google/code/findbugs/jsr305/3.0.0/jsr305-3.0.0.jar:/home/runner/.m2/repository/org/checkerframework/checker-qual/3.12.0/checker-qual-3.12.0.jar:/home/runner/.m2/repository/com/google/j2objc/j2objc-annotations/1.3/j2objc-annotations-1.3.jar:/home/runner/.m2/repository/commons-io/commons-io/2.11.0/commons-io-2.11.0.jar:/home/runner/.m2/repository/commons-logging/commons-logging/1.2/commons-logging-1.2.jar:/home/runner/.m2/repository/ch/qos/reload4j/reload4j/1.2.22/reload4j-1.2.22.jar:/home/runner/.m2/repository/org/slf4j/slf4j-api/1.7.36/slf4j-api-1.7.36.jar:/home/runner/.m2/repository/org/apache/ozone/hdds-server-scm/1.3.0-SNAPSHOT/hdds-server-scm-1.3.0-SNAPSHOT.jar:/home/runner/.m2/repository/org/apache/ozone/hdds-container-service/1.3.0-SNAPSHOT/hdds-container-service-1.3.0-SNAPSHOT.jar:/home/runner/.m2/repository/org/apache/ozone/hdds-hadoop-dependency-server/1.3.0-SNAPSHOT/hdds-hadoop-dependency-server-1.3.0-SNAPSHOT.jar:/home/runner/.m2/repository/org/apache/hadoop/hadoop-hdfs/3.3.4/hadoop-hdfs-3.3.4.jar:/home/runner/.m2/repository/org/eclipse/jetty/jetty-util-ajax/9.4.43.v20210629/jetty-util-ajax-9.4.43.v20210629.jar:/home/runner/.m2/repository/commons-daemon/commons-daemon/1.0.13/commons-daemon-1.0.13.jar:/home/runner/.m2/repository/org/apache/ozone/hdds-server-framework/1.3.0-SNAPSHOT/hdds-server-framework-1.3.0-SNAPSHOT.jar:/home/runner/.m2/repository/org/apache/ozone/hdds-interface-server/1.3.0-SNAPSHOT/hdds-interface-server-1.3.0-SNAPSHOT.jar:/home/runner/.m2/repository/org/apache/logging/log4j/log4j-core/2.17.1/log4j-core-2.17.1.jar:/home/runner/.m2/repository/com/lmax/disruptor/3.4.2/disruptor-3.4.2.jar:/home/runner/.m2/repository/org/eclipse/jetty/jetty-servlet/9.4.43.v20210629/jetty-servlet-9.4.43.v20210629.jar:/home/runner/.m2/repository/org/eclipse/jetty/jetty-security/9.4.43.v20210629/jetty-security-9.4.43.v20210629.jar:/home/runner/.m2/repository/org/rocksdb/rocksdbjni/7.4.5/rocksdbjni-7.4.5.jar:/home/runner/.m2/repository/io/prometheus/simpleclient_dropwizard/0.7.0/simpleclient_dropwizard-0.7.0.jar:/home/runner/.m2/repository/io/prometheus/simpleclient/0.7.0/simpleclient-0.7.0.jar:/home/runner/.m2/repository/io/prometheus/simpleclient_common/0.7.0/simpleclient_common-0.7.0.jar:/home/runner/.m2/repository/io/dropwizard/metrics/metrics-core/3.2.4/metrics-core-3.2.4.jar:/home/runner/.m2/repository/org/apache/hadoop/hadoop-hdfs-client/3.3.4/hadoop-hdfs-client-3.3.4.jar:/home/runner/.m2/repository/com/squareup/okhttp3/okhttp/4.9.3/okhttp-4.9.3.jar:/home/runner/.m2/repository/com/squareup/okio/okio/2.8.0/okio-2.8.0.jar:/home/runner/.m2/repository/org/jetbrains/kotlin/kotlin-stdlib-common/1.4.10/kotlin-stdlib-common-1.4.10.jar:/home/runner/.m2/repository/org/bouncycastle/bcprov-jdk15on/1.67/bcprov-jdk15on-1.67.jar:/home/runner/.m2/repository/com/google/protobuf/protobuf-java/2.5.0/protobuf-java-2.5.0.jar:/home/runner/.m2/repository/org/apache/ozone/ozone-manager/1.3.0-SNAPSHOT/ozone-manager-1.3.0-SNAPSHOT.jar:/home/runner/.m2/repository/org/aspectj/aspectjrt/1.9.7/aspectjrt-1.9.7.jar:/home/runner/.m2/repository/org/aspectj/aspectjweaver/1.9.7/aspectjweaver-1.9.7.jar:/home/runner/.m2/repository/org/apache/ozone/hdds-interface-client/1.3.0-SNAPSHOT/hdds-interface-client-1.3.0-SNAPSHOT.jar:/home/runner/.m2/repository/org/apache/hadoop/thirdparty/hadoop-shaded-protobuf_3_7/1.1.1/hadoop-shaded-protobuf_3_7-1.1.1.jar:/home/runner/.m2/repository/org/apache/ozone/ozone-interface-storage/1.3.0-SNAPSHOT/ozone-interface-storage-1.3.0-SNAPSHOT.jar:/home/runner/.m2/repository/org/reflections/reflections/0.9.11/reflections-0.9.11.jar:/home/runner/.m2/repository/com/sun/jersey/jersey-client/1.19/jersey-client-1.19.jar:/home/runner/.m2/repository/org/apache/ranger/ranger-intg/2.3.0/ranger-intg-2.3.0.jar:/home/runner/.m2/repository/org/apache/ranger/ranger-plugins-common/2.3.0/ranger-plugins-common-2.3.0.jar:/home/runner/.m2/repository/commons-lang/commons-lang/2.6/commons-lang-2.6.jar:/home/runner/.m2/repository/org/codehaus/jackson/jackson-jaxrs/1.9.13/jackson-jaxrs-1.9.13.jar:/home/runner/.m2/repository/org/apache/ranger/ranger-plugins-cred/2.3.0/ranger-plugins-cred-2.3.0.jar:/home/runner/.m2/repository/org/apache/ranger/ranger-plugins-audit/2.3.0/ranger-plugins-audit-2.3.0.jar:/home/runner/.m2/repository/org/eclipse/jetty/jetty-client/9.4.31.v20200723/jetty-client-9.4.31.v20200723.jar:/home/runner/.m2/repository/org/apache/httpcomponents/httpmime/4.5.6/httpmime-4.5.6.jar:/home/runner/.m2/repository/org/apache/httpcomponents/httpcore-nio/4.4.6/httpcore-nio-4.4.6.jar:/home/runner/.m2/repository/org/apache/httpcomponents/httpasyncclient/4.1.3/httpasyncclient-4.1.3.jar:/home/runner/.m2/repository/com/carrotsearch/hppc/0.8.0/hppc-0.8.0.jar:/home/runner/.m2/repository/org/apache/orc/orc-core/1.5.8/orc-core-1.5.8.jar:/home/runner/.m2/repository/net/java/dev/jna/jna/5.2.0/jna-5.2.0.jar:/home/runner/.m2/repository/net/java/dev/jna/jna-platform/5.2.0/jna-platform-5.2.0.jar:/home/runner/.m2/repository/com/kstruct/gethostname4j/0.0.2/gethostname4j-0.0.2.jar:/home/runner/.m2/repository/org/apache/ranger/ranger-plugin-classloader/2.3.0/ranger-plugin-classloader-2.3.0.jar:/home/runner/.m2/repository/org/apache/hadoop/hadoop-minikdc/3.3.4/hadoop-minikdc-3.3.4.jar:/home/runner/.m2/repository/org/apache/kerby/kerb-simplekdc/1.0.1/kerb-simplekdc-1.0.1.jar:/home/runner/.m2/repository/org/apache/kerby/kerb-client/1.0.1/kerb-client-1.0.1.jar:/home/runner/.m2/repository/org/apache/kerby/kerby-config/1.0.1/kerby-config-1.0.1.jar:/home/runner/.m2/repository/org/apache/kerby/kerb-common/1.0.1/kerb-common-1.0.1.jar:/home/runner/.m2/repository/org/apache/kerby/kerb-crypto/1.0.1/kerb-crypto-1.0.1.jar:/home/runner/.m2/repository/org/apache/kerby/kerb-util/1.0.1/kerb-util-1.0.1.jar:/home/runner/.m2/repository/org/apache/kerby/token-provider/1.0.1/token-provider-1.0.1.jar:/home/runner/.m2/repository/org/apache/kerby/kerb-admin/1.0.1/kerb-admin-1.0.1.jar:/home/runner/.m2/repository/org/apache/kerby/kerb-server/1.0.1/kerb-server-1.0.1.jar:/home/runner/.m2/repository/org/apache/kerby/kerb-identity/1.0.1/kerb-identity-1.0.1.jar:/home/runner/.m2/repository/org/apache/kerby/kerby-xdr/1.0.1/kerby-xdr-1.0.1.jar:/home/runner/.m2/repository/org/apache/ozone/ozone-s3gateway/1.3.0-SNAPSHOT/ozone-s3gateway-1.3.0-SNAPSHOT.jar:/home/runner/.m2/repository/org/javassist/javassist/3.21.0-GA/javassist-3.21.0-GA.jar:/home/runner/.m2/repository/org/jboss/weld/servlet/weld-servlet/2.4.7.Final/weld-servlet-2.4.7.Final.jar:/home/runner/.m2/repository/org/glassfish/jersey/containers/jersey-container-servlet-core/2.34/jersey-container-servlet-core-2.34.jar:/home/runner/.m2/repository/org/glassfish/hk2/external/jakarta.inject/2.6.1/jakarta.inject-2.6.1.jar:/home/runner/.m2/repository/org/glassfish/jersey/core/jersey-common/2.34/jersey-common-2.34.jar:/home/runner/.m2/repository/jakarta/ws/rs/jakarta.ws.rs-api/2.1.6/jakarta.ws.rs-api-2.1.6.jar:/home/runner/.m2/repository/org/glassfish/jersey/ext/cdi/jersey-cdi1x/2.34/jersey-cdi1x-2.34.jar:/home/runner/.m2/repository/org/glassfish/jersey/inject/jersey-hk2/2.34/jersey-hk2-2.34.jar:/home/runner/.m2/repository/org/glassfish/hk2/hk2-locator/2.6.1/hk2-locator-2.6.1.jar:/home/runner/.m2/repository/org/glassfish/jersey/media/jersey-media-jaxb/2.34/jersey-media-jaxb-2.34.jar:/home/runner/.m2/repository/org/glassfish/hk2/osgi-resource-locator/1.0.3/osgi-resource-locator-1.0.3.jar:/home/runner/.m2/repository/org/glassfish/hk2/hk2-api/2.5.0/hk2-api-2.5.0.jar:/home/runner/.m2/repository/org/glassfish/hk2/hk2-utils/2.5.0/hk2-utils-2.5.0.jar:/home/runner/.m2/repository/org/glassfish/hk2/external/aopalliance-repackaged/2.5.0/aopalliance-repackaged-2.5.0.jar:/home/runner/.m2/repository/com/fasterxml/jackson/dataformat/jackson-dataformat-xml/2.13.4/jackson-dataformat-xml-2.13.4.jar:/home/runner/.m2/repository/com/fasterxml/jackson/core/jackson-core/2.13.4/jackson-core-2.13.4.jar:/home/runner/.m2/repository/org/codehaus/woodstox/stax2-api/3.1.4/stax2-api-3.1.4.jar:/home/runner/.m2/repository/com/fasterxml/woodstox/woodstox-core/5.0.3/woodstox-core-5.0.3.jar:/home/runner/.m2/repository/com/fasterxml/jackson/module/jackson-module-jaxb-annotations/2.13.4/jackson-module-jaxb-annotations-2.13.4.jar:/home/runner/.m2/repository/jakarta/xml/bind/jakarta.xml.bind-api/2.3.3/jakarta.xml.bind-api-2.3.3.jar:/home/runner/.m2/repository/jakarta/activation/jakarta.activation-api/1.2.1/jakarta.activation-api-1.2.1.jar:/home/runner/.m2/repository/javax/enterprise/cdi-api/1.2/cdi-api-1.2.jar:/home/runner/.m2/repository/javax/el/javax.el-api/3.0.0/javax.el-api-3.0.0.jar:/home/runner/.m2/repository/javax/interceptor/javax.interceptor-api/1.2/javax.interceptor-api-1.2.jar:/home/runner/.m2/repository/javax/inject/javax.inject/1/javax.inject-1.jar:/home/runner/.m2/repository/javax/xml/bind/jaxb-api/2.3.0/jaxb-api-2.3.0.jar:/home/runner/.m2/repository/org/glassfish/jaxb/jaxb-runtime/2.3.0.1/jaxb-runtime-2.3.0.1.jar:/home/runner/.m2/repository/org/glassfish/jaxb/jaxb-core/2.3.0.1/jaxb-core-2.3.0.1.jar:/home/runner/.m2/repository/org/glassfish/jaxb/txw2/2.3.0.1/txw2-2.3.0.1.jar:/home/runner/.m2/repository/com/sun/istack/istack-commons-runtime/3.0.5/istack-commons-runtime-3.0.5.jar:/home/runner/.m2/repository/org/jvnet/staxex/stax-ex/1.7.8/stax-ex-1.7.8.jar:/home/runner/.m2/repository/com/sun/xml/fastinfoset/FastInfoset/1.2.13/FastInfoset-1.2.13.jar:/home/runner/.m2/repository/javax/activation/activation/1.1.1/activation-1.1.1.jar:/home/runner/.m2/repository/io/grpc/grpc-protobuf/1.48.1/grpc-protobuf-1.48.1.jar:/home/runner/.m2/repository/io/grpc/grpc-api/1.48.1/grpc-api-1.48.1.jar:/home/runner/.m2/repository/io/grpc/grpc-context/1.48.1/grpc-context-1.48.1.jar:/home/runner/.m2/repository/com/google/api/grpc/proto-google-common-protos/2.9.0/proto-google-common-protos-2.9.0.jar:/home/runner/.m2/repository/io/grpc/grpc-protobuf-lite/1.48.1/grpc-protobuf-lite-1.48.1.jar:/home/runner/.m2/repository/io/grpc/grpc-stub/1.48.1/grpc-stub-1.48.1.jar:/home/runner/.m2/repository/io/netty/netty-transport/4.1.79.Final/netty-transport-4.1.79.Final.jar:/home/runner/.m2/repository/io/netty/netty-resolver/4.1.79.Final/netty-resolver-4.1.79.Final.jar:/home/runner/.m2/repository/org/apache/ozone/ozone-csi/1.3.0-SNAPSHOT/ozone-csi-1.3.0-SNAPSHOT.jar:/home/runner/.m2/repository/com/google/protobuf/protobuf-java-util/3.19.2/protobuf-java-util-3.19.2.jar:/home/runner/.m2/repository/com/google/code/gson/gson/2.9.0/gson-2.9.0.jar:/home/runner/.m2/repository/org/apache/ozone/hdds-config/1.3.0-SNAPSHOT/hdds-config-1.3.0-SNAPSHOT.jar:/home/runner/.m2/repository/io/netty/netty-transport-native-epoll/4.1.79.Final/netty-transport-native-epoll-4.1.79.Final-linux-x86_64.jar:/home/runner/.m2/repository/io/netty/netty-transport-classes-epoll/4.1.79.Final/netty-transport-classes-epoll-4.1.79.Final.jar:/home/runner/.m2/repository/io/netty/netty-transport-native-unix-common/4.1.79.Final/netty-transport-native-unix-common-4.1.79.Final.jar:/home/runner/.m2/repository/org/slf4j/slf4j-reload4j/1.7.36/slf4j-reload4j-1.7.36.jar:/home/runner/.m2/repository/org/apache/ozone/ozone-recon/1.3.0-SNAPSHOT/ozone-recon-1.3.0-SNAPSHOT.jar:/home/runner/.m2/repository/org/apache/ozone/ozone-reconcodegen/1.3.0-SNAPSHOT/ozone-reconcodegen-1.3.0-SNAPSHOT.jar:/home/runner/.m2/repository/com/google/inject/extensions/guice-multibindings/4.0/guice-multibindings-4.0.jar:/home/runner/.m2/repository/com/google/inject/guice/4.0/guice-4.0.jar:/home/runner/.m2/repository/aopalliance/aopalliance/1.0/aopalliance-1.0.jar:/home/runner/.m2/repository/com/google/inject/extensions/guice-assistedinject/4.0/guice-assistedinject-4.0.jar:/home/runner/.m2/repository/com/google/inject/extensions/guice-servlet/4.0/guice-servlet-4.0.jar:/home/runner/.m2/repository/org/glassfish/jersey/containers/jersey-container-servlet/2.34/jersey-container-servlet-2.34.jar:/home/runner/.m2/repository/org/glassfish/hk2/guice-bridge/2.5.0/guice-bridge-2.5.0.jar:/home/runner/.m2/repository/org/glassfish/jersey/core/jersey-server/2.34/jersey-server-2.34.jar:/home/runner/.m2/repository/org/glassfish/jersey/core/jersey-client/2.34/jersey-client-2.34.jar:/home/runner/.m2/repository/jakarta/annotation/jakarta.annotation-api/1.3.5/jakarta.annotation-api-1.3.5.jar:/home/runner/.m2/repository/jakarta/validation/jakarta.validation-api/2.0.2/jakarta.validation-api-2.0.2.jar:/home/runner/.m2/repository/org/glassfish/jersey/media/jersey-media-json-jackson/2.34/jersey-media-json-jackson-2.34.jar:/home/runner/.m2/repository/org/glassfish/jersey/ext/jersey-entity-filtering/2.34/jersey-entity-filtering-2.34.jar:/home/runner/.m2/repository/org/jooq/jooq/3.11.10/jooq-3.11.10.jar:/home/runner/.m2/repository/org/jooq/jooq-meta/3.11.10/jooq-meta-3.11.10.jar:/home/runner/.m2/repository/org/jooq/jooq-codegen/3.11.10/jooq-codegen-3.11.10.jar:/home/runner/.m2/repository/com/jolbox/bonecp/0.8.0.RELEASE/bonecp-0.8.0.RELEASE.jar:/home/runner/.m2/repository/org/apache/derby/derby/10.14.2.0/derby-10.14.2.0.jar:/home/runner/.m2/repository/org/xerial/sqlite-jdbc/3.25.2/sqlite-jdbc-3.25.2.jar:/home/runner/.m2/repository/org/springframework/spring-jdbc/5.2.20.RELEASE/spring-jdbc-5.2.20.RELEASE.jar:/home/runner/.m2/repository/org/springframework/spring-beans/5.2.20.RELEASE/spring-beans-5.2.20.RELEASE.jar:/home/runner/.m2/repository/org/springframework/spring-core/5.2.20.RELEASE/spring-core-5.2.20.RELEASE.jar:/home/runner/.m2/repository/org/springframework/spring-jcl/5.2.20.RELEASE/spring-jcl-5.2.20.RELEASE.jar:/home/runner/.m2/repository/org/springframework/spring-tx/5.2.20.RELEASE/spring-tx-5.2.20.RELEASE.jar:/home/runner/.m2/repository/org/apache/ozone/ozone-client/1.3.0-SNAPSHOT/ozone-client-1.3.0-SNAPSHOT.jar:/home/runner/.m2/repository/org/apache/ozone/hdds-erasurecode/1.3.0-SNAPSHOT/hdds-erasurecode-1.3.0-SNAPSHOT.jar:/home/runner/.m2/repository/com/github/spotbugs/spotbugs-annotations/3.1.12/spotbugs-annotations-3.1.12.jar:/home/runner/.m2/repository/org/apache/ozone/ozone-filesystem/1.3.0-SNAPSHOT/ozone-filesystem-1.3.0-SNAPSHOT.jar:/home/runner/.m2/repository/org/apache/ozone/ozone-filesystem-common/1.3.0-SNAPSHOT/ozone-filesystem-common-1.3.0-SNAPSHOT.jar:/home/runner/.m2/repository/org/apache/ozone/ozone-tools/1.3.0-SNAPSHOT/ozone-tools-1.3.0-SNAPSHOT.jar:/home/runner/.m2/repository/org/apache/ratis/ratis-tools/2.3.0/ratis-tools-2.3.0.jar:/home/runner/.m2/repository/com/amazonaws/aws-java-sdk-core/1.12.261/aws-java-sdk-core-1.12.261.jar:/home/runner/.m2/repository/org/apache/httpcomponents/httpclient/4.5.13/httpclient-4.5.13.jar:/home/runner/.m2/repository/org/apache/httpcomponents/httpcore/4.4.13/httpcore-4.4.13.jar:/home/runner/.m2/repository/software/amazon/ion/ion-java/1.0.2/ion-java-1.0.2.jar:/home/runner/.m2/repository/com/fasterxml/jackson/dataformat/jackson-dataformat-cbor/2.13.4/jackson-dataformat-cbor-2.13.4.jar:/home/runner/.m2/repository/joda-time/joda-time/2.8.1/joda-time-2.8.1.jar:/home/runner/.m2/repository/com/amazonaws/aws-java-sdk-s3/1.12.261/aws-java-sdk-s3-1.12.261.jar:/home/runner/.m2/repository/com/amazonaws/aws-java-sdk-kms/1.12.261/aws-java-sdk-kms-1.12.261.jar:/home/runner/.m2/repository/com/amazonaws/jmespath-java/1.12.261/jmespath-java-1.12.261.jar:/home/runner/.m2/repository/org/kohsuke/metainf-services/metainf-services/1.8/metainf-services-1.8.jar:/home/runner/.m2/repository/org/apache/ozone/hdds-tools/1.3.0-SNAPSHOT/hdds-tools-1.3.0-SNAPSHOT.jar:/home/runner/.m2/repository/commons-cli/commons-cli/1.2/commons-cli-1.2.jar:/home/runner/.m2/repository/org/apache/commons/commons-lang3/3.7/commons-lang3-3.7.jar:/home/runner/.m2/repository/org/apache/ozone/ozone-manager/1.3.0-SNAPSHOT/ozone-manager-1.3.0-SNAPSHOT-tests.jar:/home/runner/.m2/repository/org/apache/ozone/hdds-common/1.3.0-SNAPSHOT/hdds-common-1.3.0-SNAPSHOT-tests.jar:/home/runner/.m2/repository/org/apache/ozone/hdds-hadoop-dependency-client/1.3.0-SNAPSHOT/hdds-hadoop-dependency-client-1.3.0-SNAPSHOT.jar:/home/runner/.m2/repository/info/picocli/picocli/4.6.1/picocli-4.6.1.jar:/home/runner/.m2/repository/com/fasterxml/jackson/core/jackson-annotations/2.13.4/jackson-annotations-2.13.4.jar:/home/runner/.m2/repository/com/fasterxml/jackson/datatype/jackson-datatype-jsr310/2.13.4/jackson-datatype-jsr310-2.13.4.jar:/home/runner/.m2/repository/org/apache/ozone/hdds-annotation-processing/1.3.0-SNAPSHOT/hdds-annotation-processing-1.3.0-SNAPSHOT.jar:/home/runner/.m2/repository/javax/annotation/javax.annotation-api/1.2/javax.annotation-api-1.2.jar:/home/runner/.m2/repository/org/apache/ratis/ratis-server/2.3.0/ratis-server-2.3.0.jar:/home/runner/.m2/repository/org/apache/ratis/ratis-client/2.3.0/ratis-client-2.3.0.jar:/home/runner/.m2/repository/org/apache/ratis/ratis-server-api/2.3.0/ratis-server-api-2.3.0.jar:/home/runner/.m2/repository/org/apache/ratis/ratis-metrics/2.3.0/ratis-metrics-2.3.0.jar:/home/runner/.m2/repository/org/apache/ratis/ratis-netty/2.3.0/ratis-netty-2.3.0.jar:/home/runner/.m2/repository/org/apache/ratis/ratis-grpc/2.3.0/ratis-grpc-2.3.0.jar:/home/runner/.m2/repository/org/apache/logging/log4j/log4j-api/2.17.1/log4j-api-2.17.1.jar:/home/runner/.m2/repository/org/apache/commons/commons-pool2/2.6.0/commons-pool2-2.6.0.jar:/home/runner/.m2/repository/org/bouncycastle/bcpkix-jdk15on/1.67/bcpkix-jdk15on-1.67.jar:/home/runner/.m2/repository/commons-validator/commons-validator/1.6/commons-validator-1.6.jar:/home/runner/.m2/repository/commons-beanutils/commons-beanutils/1.9.4/commons-beanutils-1.9.4.jar:/home/runner/.m2/repository/commons-digester/commons-digester/1.8.1/commons-digester-1.8.1.jar:/home/runner/.m2/repository/commons-collections/commons-collections/3.2.2/commons-collections-3.2.2.jar:/home/runner/.m2/repository/io/jaegertracing/jaeger-client/1.6.0/jaeger-client-1.6.0.jar:/home/runner/.m2/repository/io/jaegertracing/jaeger-thrift/1.6.0/jaeger-thrift-1.6.0.jar:/home/runner/.m2/repository/org/apache/thrift/libthrift/0.14.1/libthrift-0.14.1.jar:/home/runner/.m2/repository/io/jaegertracing/jaeger-core/1.6.0/jaeger-core-1.6.0.jar:/home/runner/.m2/repository/io/jaegertracing/jaeger-tracerresolver/1.6.0/jaeger-tracerresolver-1.6.0.jar:/home/runner/.m2/repository/io/opentracing/contrib/opentracing-tracerresolver/0.1.8/opentracing-tracerresolver-0.1.8.jar:/home/runner/.m2/repository/org/jetbrains/kotlin/kotlin-stdlib/1.6.21/kotlin-stdlib-1.6.21.jar:/home/runner/.m2/repository/org/jetbrains/annotations/13.0/annotations-13.0.jar:/home/runner/.m2/repository/io/opentracing/opentracing-util/0.33.0/opentracing-util-0.33.0.jar:/home/runner/.m2/repository/io/opentracing/opentracing-api/0.33.0/opentracing-api-0.33.0.jar:/home/runner/.m2/repository/io/opentracing/opentracing-noop/0.33.0/opentracing-noop-0.33.0.jar:/home/runner/.m2/repository/org/yaml/snakeyaml/1.32/snakeyaml-1.32.jar:/home/runner/.m2/repository/org/apache/ozone/hdds-interface-admin/1.3.0-SNAPSHOT/hdds-interface-admin-1.3.0-SNAPSHOT.jar:/home/runner/.m2/repository/junit/junit/4.13.1/junit-4.13.1.jar:/home/runner/.m2/repository/org/hamcrest/hamcrest-core/1.3/hamcrest-core-1.3.jar:/home/runner/.m2/repository/org/junit/jupiter/junit-jupiter-api/5.8.2/junit-jupiter-api-5.8.2.jar:/home/runner/.m2/repository/org/opentest4j/opentest4j/1.2.0/opentest4j-1.2.0.jar:/home/runner/.m2/repository/org/junit/platform/junit-platform-commons/1.8.2/junit-platform-commons-1.8.2.jar:/home/runner/.m2/repository/org/apiguardian/apiguardian-api/1.1.2/apiguardian-api-1.1.2.jar:/home/runner/.m2/repository/org/junit/jupiter/junit-jupiter-params/5.8.2/junit-jupiter-params-5.8.2.jar:/home/runner/.m2/repository/org/junit/jupiter/junit-jupiter-migrationsupport/5.8.2/junit-jupiter-migrationsupport-5.8.2.jar:/home/runner/.m2/repository/org/junit/jupiter/junit-jupiter-engine/5.8.2/junit-jupiter-engine-5.8.2.jar:/home/runner/.m2/repository/org/junit/platform/junit-platform-engine/1.8.2/junit-platform-engine-1.8.2.jar:/home/runner/.m2/repository/org/junit/vintage/junit-vintage-engine/5.8.2/junit-vintage-engine-5.8.2.jar:/home/runner/.m2/repository/org/junit/platform/junit-platform-launcher/1.8.2/junit-platform-launcher-1.8.2.jar:/home/runner/.m2/repository/org/mockito/mockito-core/2.28.2/mockito-core-2.28.2.jar:/home/runner/.m2/repository/net/bytebuddy/byte-buddy/1.9.10/byte-buddy-1.9.10.jar:/home/runner/.m2/repository/net/bytebuddy/byte-buddy-agent/1.9.10/byte-buddy-agent-1.9.10.jar:/home/runner/.m2/repository/org/objenesis/objenesis/1.0/objenesis-1.0.jar:/home/runner/.m2/repository/org/apache/hadoop/hadoop-kms/3.3.4/hadoop-kms-3.3.4.jar:/home/runner/.m2/repository/org/apache/hadoop/hadoop-auth/3.3.4/hadoop-auth-3.3.4.jar:/home/runner/.m2/repository/com/nimbusds/nimbus-jose-jwt/7.9/nimbus-jose-jwt-7.9.jar:/home/runner/.m2/repository/com/github/stephenc/jcip/jcip-annotations/1.0-1/jcip-annotations-1.0-1.jar:/home/runner/.m2/repository/net/minidev/json-smart/2.4.7/json-smart-2.4.7.jar:/home/runner/.m2/repository/net/minidev/accessors-smart/2.4.7/accessors-smart-2.4.7.jar:/home/runner/.m2/repository/org/ow2/asm/asm/5.0.4/asm-5.0.4.jar:/home/runner/.m2/repository/org/apache/zookeeper/zookeeper/3.5.6/zookeeper-3.5.6.jar:/home/runner/.m2/repository/org/apache/zookeeper/zookeeper-jute/3.5.6/zookeeper-jute-3.5.6.jar:/home/runner/.m2/repository/org/apache/yetus/audience-annotations/0.5.0/audience-annotations-0.5.0.jar:/home/runner/.m2/repository/org/apache/curator/curator-framework/4.2.0/curator-framework-4.2.0.jar:/home/runner/.m2/repository/org/apache/hadoop/thirdparty/hadoop-shaded-guava/1.1.1/hadoop-shaded-guava-1.1.1.jar:/home/runner/.m2/repository/com/sun/jersey/jersey-core/1.19/jersey-core-1.19.jar:/home/runner/.m2/repository/javax/ws/rs/jsr311-api/1.1.1/jsr311-api-1.1.1.jar:/home/runner/.m2/repository/com/sun/jersey/jersey-server/1.19/jersey-server-1.19.jar:/home/runner/.m2/repository/javax/servlet/javax.servlet-api/3.1.0/javax.servlet-api-3.1.0.jar:/home/runner/.m2/repository/org/eclipse/jetty/jetty-server/9.4.43.v20210629/jetty-server-9.4.43.v20210629.jar:/home/runner/.m2/repository/org/eclipse/jetty/jetty-http/9.4.43.v20210629/jetty-http-9.4.43.v20210629.jar:/home/runner/.m2/repository/org/eclipse/jetty/jetty-io/9.4.43.v20210629/jetty-io-9.4.43.v20210629.jar:/home/runner/.m2/repository/org/eclipse/jetty/jetty-webapp/9.4.43.v20210629/jetty-webapp-9.4.43.v20210629.jar:/home/runner/.m2/repository/org/eclipse/jetty/jetty-xml/9.4.43.v20210629/jetty-xml-9.4.43.v20210629.jar:/home/runner/.m2/repository/org/apache/hadoop/hadoop-common/3.3.4/hadoop-common-3.3.4.jar:/home/runner/.m2/repository/org/apache/commons/commons-math3/3.1.1/commons-math3-3.1.1.jar:/home/runner/.m2/repository/commons-net/commons-net/3.6/commons-net-3.6.jar:/home/runner/.m2/repository/com/sun/jersey/jersey-servlet/1.19/jersey-servlet-1.19.jar:/home/runner/.m2/repository/com/sun/jersey/jersey-json/1.19/jersey-json-1.19.jar:/home/runner/.m2/repository/org/codehaus/jettison/jettison/1.1/jettison-1.1.jar:/home/runner/.m2/repository/com/sun/xml/bind/jaxb-impl/2.2.3-1/jaxb-impl-2.2.3-1.jar:/home/runner/.m2/repository/org/codehaus/jackson/jackson-xc/1.9.2/jackson-xc-1.9.2.jar:/home/runner/.m2/repository/org/apache/commons/commons-configuration2/2.1.1/commons-configuration2-2.1.1.jar:/home/runner/.m2/repository/org/apache/commons/commons-text/1.4/commons-text-1.4.jar:/home/runner/.m2/repository/com/google/re2j/re2j/1.1/re2j-1.1.jar:/home/runner/.m2/repository/com/jcraft/jsch/0.1.54/jsch-0.1.54.jar:/home/runner/.m2/repository/org/apache/curator/curator-client/4.2.0/curator-client-4.2.0.jar:/home/runner/.m2/repository/org/apache/curator/curator-recipes/4.2.0/curator-recipes-4.2.0.jar:/home/runner/.m2/repository/org/apache/kerby/kerb-core/1.0.1/kerb-core-1.0.1.jar:/home/runner/.m2/repository/org/apache/kerby/kerby-pkix/1.0.1/kerby-pkix-1.0.1.jar:/home/runner/.m2/repository/org/apache/kerby/kerby-asn1/1.0.1/kerby-asn1-1.0.1.jar:/home/runner/.m2/repository/org/apache/kerby/kerby-util/1.0.1/kerby-util-1.0.1.jar:/home/runner/.m2/repository/dnsjava/dnsjava/2.1.7/dnsjava-2.1.7.jar:/home/runner/.m2/repository/org/xerial/snappy/snappy-java/1.1.8.2/snappy-java-1.1.8.2.jar:/home/runner/.m2/repository/org/eclipse/jetty/jetty-util/9.4.43.v20210629/jetty-util-9.4.43.v20210629.jar:/home/runner/.m2/repository/com/fasterxml/jackson/core/jackson-databind/2.13.4/jackson-databind-2.13.4.jar:/home/runner/.m2/repository/org/apache/hadoop/hadoop-kms/3.3.4/hadoop-kms-3.3.4-tests.jar:/home/runner/.m2/repository/org/apache/ozone/hdds-server-scm/1.3.0-SNAPSHOT/hdds-server-scm-1.3.0-SNAPSHOT-tests.jar:/home/runner/.m2/repository/org/apache/ozone/hdds-container-service/1.3.0-SNAPSHOT/hdds-container-service-1.3.0-SNAPSHOT-tests.jar:/home/runner/.m2/repository/commons-codec/commons-codec/1.11/commons-codec-1.11.jar:/home/runner/.m2/repository/io/netty/netty-codec/4.1.79.Final/netty-codec-4.1.79.Final.jar:/home/runner/.m2/repository/io/netty/netty-handler/4.1.79.Final/netty-handler-4.1.79.Final.jar:/home/runner/.m2/repository/org/apache/ozone/hdds-hadoop-dependency-test/1.3.0-SNAPSHOT/hdds-hadoop-dependency-test-1.3.0-SNAPSHOT.jar:/home/runner/.m2/repository/org/apache/hadoop/hadoop-common/3.3.4/hadoop-common-3.3.4-tests.jar:/home/runner/.m2/repository/org/apache/hadoop/hadoop-hdfs/3.3.4/hadoop-hdfs-3.3.4-tests.jar:/home/runner/.m2/repository/org/assertj/assertj-core/3.12.2/assertj-core-3.12.2.jar:/home/runner/.m2/repository/org/apache/hadoop/hadoop-distcp/3.3.4/hadoop-distcp-3.3.4.jar:/home/runner/.m2/repository/org/apache/hadoop/hadoop-mapreduce-client-jobclient/3.3.4/hadoop-mapreduce-client-jobclient-3.3.4.jar:/home/runner/.m2/repository/org/apache/hadoop/hadoop-mapreduce-client-common/3.3.4/hadoop-mapreduce-client-common-3.3.4.jar:/home/runner/.m2/repository/org/apache/hadoop/hadoop-yarn-common/3.3.4/hadoop-yarn-common-3.3.4.jar:/home/runner/.m2/repository/org/apache/hadoop/hadoop-yarn-api/3.3.4/hadoop-yarn-api-3.3.4.jar:/home/runner/.m2/repository/com/sun/jersey/contribs/jersey-guice/1.19/jersey-guice-1.19.jar:/home/runner/.m2/repository/com/fasterxml/jackson/jaxrs/jackson-jaxrs-json-provider/2.13.4/jackson-jaxrs-json-provider-2.13.4.jar:/home/runner/.m2/repository/com/fasterxml/jackson/jaxrs/jackson-jaxrs-base/2.13.4/jackson-jaxrs-base-2.13.4.jar:/home/runner/.m2/repository/org/apache/hadoop/hadoop-yarn-client/3.3.4/hadoop-yarn-client-3.3.4.jar:/home/runner/.m2/repository/org/eclipse/jetty/websocket/websocket-client/9.4.43.v20210629/websocket-client-9.4.43.v20210629.jar:/home/runner/.m2/repository/org/eclipse/jetty/websocket/websocket-common/9.4.43.v20210629/websocket-common-9.4.43.v20210629.jar:/home/runner/.m2/repository/org/eclipse/jetty/websocket/websocket-api/9.4.43.v20210629/websocket-api-9.4.43.v20210629.jar:/home/runner/.m2/repository/org/jline/jline/3.9.0/jline-3.9.0.jar:/home/runner/.m2/repository/org/apache/hadoop/hadoop-mapreduce-client-core/3.3.4/hadoop-mapreduce-client-core-3.3.4.jar:/home/runner/.m2/repository/org/apache/avro/avro/1.7.7/avro-1.7.7.jar:/home/runner/.m2/repository/org/codehaus/jackson/jackson-core-asl/1.9.13/jackson-core-asl-1.9.13.jar:/home/runner/.m2/repository/org/codehaus/jackson/jackson-mapper-asl/1.9.13/jackson-mapper-asl-1.9.13.jar:/home/runner/.m2/repository/com/thoughtworks/paranamer/paranamer/2.3/paranamer-2.3.jar:/home/runner/.m2/repository/org/apache/hadoop/hadoop-annotations/3.3.4/hadoop-annotations-3.3.4.jar:/usr/lib/jvm/temurin-8-jdk-amd64/jre/../lib/tools.jar:/home/runner/.m2/repository/io/netty/netty/3.10.6.Final/netty-3.10.6.Final.jar:/home/runner/.m2/repository/org/apache/hadoop/hadoop-distcp/3.3.4/hadoop-distcp-3.3.4-tests.jar:/home/runner/.m2/repository/org/slf4j/jul-to-slf4j/1.7.36/jul-to-slf4j-1.7.36.jar:/home/runner/.m2/repository/org/apache/ratis/ratis-common/2.3.0/ratis-common-2.3.0.jar:/home/runner/.m2/repository/org/apache/ratis/ratis-thirdparty-misc/1.0.0/ratis-thirdparty-misc-1.0.0.jar:/home/runner/.m2/repository/org/apache/ratis/ratis-proto/2.3.0/ratis-proto-2.3.0.jar:"/>
    <property name="sun.cpu.endian" value="little"/>
    <property name="user.home" value="/home/runner"/>
    <property name="user.language" value="en"/>
    <property name="java.specification.vendor" value="Oracle Corporation"/>
    <property name="java.home" value="/usr/lib/jvm/temurin-8-jdk-amd64/jre"/>
    <property name="java.security.krb5.conf" value="/home/runner/work/ozone/ozone/hadoop-ozone/integration-test/target/test-classes/krb5.conf"/>
    <property name="basedir" value="/home/runner/work/ozone/ozone/hadoop-ozone/integration-test"/>
    <property name="file.separator" value="/"/>
    <property name="line.separator" value="&#10;"/>
    <property name="java.vm.specification.vendor" value="Oracle Corporation"/>
    <property name="java.specification.name" value="Java Platform API Specification"/>
    <property name="java.awt.graphicsenv" value="sun.awt.X11GraphicsEnvironment"/>
    <property name="skip.installnpx" value="true"/>
    <property name="surefire.real.class.path" value="/home/runner/work/ozone/ozone/hadoop-ozone/integration-test/target/surefire/surefirebooter1681628472083983315.jar:/home/runner/.m2/repository/org/jacoco/org.jacoco.agent/0.8.5/org.jacoco.agent-0.8.5-runtime.jar"/>
    <property name="hadoop.log.dir" value="/home/runner/work/ozone/ozone/hadoop-ozone/integration-test/target/log"/>
    <property name="sun.boot.class.path" value="/usr/lib/jvm/temurin-8-jdk-amd64/jre/lib/resources.jar:/usr/lib/jvm/temurin-8-jdk-amd64/jre/lib/rt.jar:/usr/lib/jvm/temurin-8-jdk-amd64/jre/lib/sunrsasign.jar:/usr/lib/jvm/temurin-8-jdk-amd64/jre/lib/jsse.jar:/usr/lib/jvm/temurin-8-jdk-amd64/jre/lib/jce.jar:/usr/lib/jvm/temurin-8-jdk-amd64/jre/lib/charsets.jar:/usr/lib/jvm/temurin-8-jdk-amd64/jre/lib/jfr.jar:/usr/lib/jvm/temurin-8-jdk-amd64/jre/classes"/>
    <property name="sun.management.compiler" value="HotSpot 64-Bit Tiered Compilers"/>
    <property name="skip.npx" value="true"/>
    <property name="java.runtime.version" value="1.8.0_345-b01"/>
    <property name="java.net.preferIPv4Stack" value="true"/>
    <property name="user.name" value="runner"/>
    <property name="path.separator" value=":"/>
    <property name="java.security.egd" value="file:///dev/urandom"/>
    <property name="os.version" value="5.15.0-1021-azure"/>
    <property name="java.endorsed.dirs" value="/usr/lib/jvm/temurin-8-jdk-amd64/jre/lib/endorsed"/>
    <property name="java.runtime.name" value="OpenJDK Runtime Environment"/>
    <property name="file.encoding" value="UTF-8"/>
    <property name="java.vm.name" value="OpenJDK 64-Bit Server VM"/>
    <property name="test.build.webapps" value=""/>
    <property name="localRepository" value="/home/runner/.m2/repository"/>
    <property name="jetty.git.hash" value="526006ecfa3af7f1a27ef3a288e2bef7ea9dd7e8"/>
    <property name="java.vendor.url.bug" value="https://github.com/adoptium/adoptium-support/issues"/>
    <property name="java.io.tmpdir" value="/tmp"/>
    <property name="require.test.libhadoop" value=""/>
    <property name="java.version" value="1.8.0_345"/>
    <property name="user.dir" value="/home/runner/work/ozone/ozone/hadoop-ozone/integration-test"/>
    <property name="os.arch" value="amd64"/>
    <property name="java.vm.specification.name" value="Java Virtual Machine Specification"/>
    <property name="test.build.classes" value="/home/runner/work/ozone/ozone/hadoop-ozone/integration-test/target/test-classes"/>
    <property name="java.awt.printerjob" value="sun.print.PSPrinterJob"/>
    <property name="sun.os.patch.level" value="unknown"/>
    <property name="hadoop.tmp.dir" value="/home/runner/work/ozone/ozone/hadoop-ozone/integration-test/target/tmp"/>
    <property name="java.library.path" value="/usr/java/packages/lib/amd64:/usr/lib64:/lib64:/lib:/usr/lib"/>
    <property name="java.vm.info" value="mixed mode"/>
    <property name="java.vendor" value="Temurin"/>
    <property name="java.vm.version" value="25.345-b01"/>
    <property name="java.ext.dirs" value="/usr/lib/jvm/temurin-8-jdk-amd64/jre/lib/ext:/usr/java/packages/lib/ext"/>
    <property name="sun.io.unicode.encoding" value="UnicodeLittle"/>
    <property name="java.class.version" value="52.0"/>
  </properties>
  <testcase name="testMultipartUpload" classname="org.apache.hadoop.ozone.om.TestOzoneManagerHAWithData" time="11.564">
    <system-out><![CDATA[2022-10-18 03:53:16,084 [main] WARN  server.ServerUtils (ServerUtils.java:getScmDbDir(148)) - ozone.scm.db.dirs is not configured. We recommend adding this setting. Falling back to ozone.metadata.dirs instead.
2022-10-18 03:53:16,181 [main] WARN  server.ServerUtils (ServerUtils.java:getScmDbDir(148)) - ozone.scm.db.dirs is not configured. We recommend adding this setting. Falling back to ozone.metadata.dirs instead.
2022-10-18 03:53:16,184 [main] INFO  ha.SCMHANodeDetails (SCMHANodeDetails.java:loadSCMHAConfig(209)) - ServiceID for StorageContainerManager is null
2022-10-18 03:53:16,196 [main] WARN  ha.SCMHANodeDetails (SCMHANodeDetails.java:validateSCMHAConfig(182)) - Invalid config ozone.scm.ratis.enable. The config was not specified, but the default value true conflicts with the expected config value false. Falling back to the expected value. Current State of SCM: SCM is running in Non-HA without Ratis Ratis SCM -> Non Ratis SCM or Non HA SCM -> HA SCM is not supported
2022-10-18 03:53:16,196 [main] INFO  ha.SCMHANodeDetails (SCMHANodeDetails.java:loadSCMHAConfig(214)) - ozone.scm.default.service.id is not defined, falling back to ozone.scm.service.ids to find serviceID for StorageContainerManager if it is HA enabled cluster
2022-10-18 03:53:16,761 [main] WARN  utils.HAUtils (HAUtils.java:getMetaDir(342)) - ozone.scm.db.dirs is not configured. We recommend adding this setting. Falling back to ozone.metadata.dirs instead.
2022-10-18 03:53:16,974 [main] WARN  db.DBStoreBuilder (DBStoreBuilder.java:applyDBDefinition(144)) - ozone.scm.db.dirs is not configured. We recommend adding this setting. Falling back to ozone.metadata.dirs instead.
2022-10-18 03:53:17,223 [main] INFO  net.NodeSchemaLoader (NodeSchemaLoader.java:loadSchemaFromFile(129)) - Loading schema from [jar:file:/home/runner/.m2/repository/org/apache/ozone/hdds-common/1.3.0-SNAPSHOT/hdds-common-1.3.0-SNAPSHOT.jar!/network-topology-default.xml]
2022-10-18 03:53:17,225 [main] INFO  net.NodeSchemaLoader (NodeSchemaLoader.java:loadSchema(176)) - Loading network topology layer schema file
2022-10-18 03:53:17,272 [main] INFO  metrics.MetricRegistries (MetricRegistriesLoader.java:load(64)) - Loaded MetricRegistries class org.apache.ratis.metrics.impl.MetricRegistriesImpl
2022-10-18 03:53:17,279 [main] INFO  upgrade.AbstractLayoutVersionManager (AbstractLayoutVersionManager.java:init(83)) - Initializing Layout version manager with metadata layout = DATANODE_SCHEMA_V3 (version = 4), software layout = DATANODE_SCHEMA_V3 (version = 4)
2022-10-18 03:53:17,563 [main] INFO  reflections.Reflections (Reflections.java:scan(232)) - Reflections took 192 ms to scan 7 urls, producing 137 keys and 328 values 
2022-10-18 03:53:17,690 [main] INFO  ha.SequenceIdGenerator (SequenceIdGenerator.java:upgradeToSequenceId(349)) - upgrade localId to 109611004723200000
2022-10-18 03:53:17,691 [main] INFO  ha.SequenceIdGenerator (SequenceIdGenerator.java:upgradeToSequenceId(359)) - upgrade delTxnId to 0
2022-10-18 03:53:17,701 [main] INFO  ha.SequenceIdGenerator (SequenceIdGenerator.java:upgradeToSequenceId(376)) - upgrade containerId to 0
2022-10-18 03:53:17,703 [main] INFO  ha.SequenceIdGenerator (SequenceIdGenerator.java:<init>(220)) - Init the HA SequenceIdGenerator.
2022-10-18 03:53:17,744 [main] WARN  server.ServerUtils (ServerUtils.java:sanitizeUserArgs(73)) - ozone.scm.stale.node.interval value = 300000 is larger than max = 100000 based on the key value of ozone.scm.heartbeat.thread.interval, reset to the max value 100000.
2022-10-18 03:53:17,744 [main] WARN  server.ServerUtils (ServerUtils.java:sanitizeUserArgs(73)) - ozone.scm.stale.node.interval value = 300000 is larger than max = 100000 based on the key value of ozone.scm.heartbeat.thread.interval, reset to the max value 100000.
2022-10-18 03:53:17,751 [main] INFO  node.SCMNodeManager (SCMNodeManager.java:<init>(149)) - Entering startup safe mode.
2022-10-18 03:53:17,835 [main] INFO  algorithms.ContainerPlacementPolicyFactory (ContainerPlacementPolicyFactory.java:getPolicyInternal(86)) - Create container placement policy of type org.apache.hadoop.hdds.scm.container.placement.algorithms.SCMContainerPlacementRandom
2022-10-18 03:53:17,837 [main] INFO  algorithms.ContainerPlacementPolicyFactory (ContainerPlacementPolicyFactory.java:getPolicyInternal(86)) - Create container placement policy of type org.apache.hadoop.hdds.scm.container.placement.algorithms.SCMContainerPlacementRackScatter
2022-10-18 03:53:17,847 [main] INFO  pipeline.PipelineStateManagerImpl (PipelineStateManagerImpl.java:initialize(78)) - No pipeline exists in current db
2022-10-18 03:53:17,884 [main] INFO  algorithms.LeaderChoosePolicyFactory (LeaderChoosePolicyFactory.java:getPolicy(57)) - Create leader choose policy of type org.apache.hadoop.hdds.scm.pipeline.leader.choose.algorithms.MinLeaderCountChoosePolicy
2022-10-18 03:53:17,884 [main] INFO  algorithms.ContainerPlacementPolicyFactory (ContainerPlacementPolicyFactory.java:getPolicyInternal(86)) - Create container placement policy of type org.apache.hadoop.hdds.scm.container.placement.algorithms.SCMContainerPlacementRackScatter
2022-10-18 03:53:17,890 [main] INFO  ha.SCMServiceManager (SCMServiceManager.java:register(42)) - Registering service BackgroundPipelineCreator.
2022-10-18 03:53:17,890 [main] INFO  pipeline.BackgroundPipelineCreator (BackgroundPipelineCreator.java:start(124)) - Starting RatisPipelineUtilsThread.
2022-10-18 03:53:17,895 [main] INFO  BackgroundPipelineScrubber (BackgroundSCMService.java:start(68)) - Starting BackgroundPipelineScrubber Service.
2022-10-18 03:53:17,895 [main] INFO  ha.SCMServiceManager (SCMServiceManager.java:register(42)) - Registering service BackgroundPipelineScrubber.
2022-10-18 03:53:17,903 [main] INFO  ExpiredContainerReplicaOpScrubber (BackgroundSCMService.java:start(68)) - Starting ExpiredContainerReplicaOpScrubber Service.
2022-10-18 03:53:17,903 [main] INFO  ha.SCMServiceManager (SCMServiceManager.java:register(42)) - Registering service ExpiredContainerReplicaOpScrubber.
2022-10-18 03:53:17,945 [main] INFO  algorithms.PipelineChoosePolicyFactory (PipelineChoosePolicyFactory.java:createPipelineChoosePolicyFromClass(73)) - Create pipeline choose policy of type org.apache.hadoop.hdds.scm.pipeline.choose.algorithms.RandomPipelineChoosePolicy
2022-10-18 03:53:17,963 [main] INFO  ha.SCMServiceManager (SCMServiceManager.java:register(42)) - Registering service SCMBlockDeletingService.
2022-10-18 03:53:18,009 [main] INFO  replication.ReplicationManager (ReplicationManager.java:start(223)) - Starting Replication Monitor Thread.
2022-10-18 03:53:18,026 [main] INFO  ha.SCMServiceManager (SCMServiceManager.java:register(42)) - Registering service ReplicationManager.
2022-10-18 03:53:18,030 [ReplicationMonitor] INFO  replication.ReplicationManager (ReplicationManager.java:processAll(291)) - Replication Manager is not ready to run until 3000ms after safemode exit
2022-10-18 03:53:18,035 [main] INFO  safemode.ContainerSafeModeRule (ContainerSafeModeRule.java:<init>(89)) - containers with one replica threshold count 0
2022-10-18 03:53:18,039 [main] INFO  safemode.HealthyPipelineSafeModeRule (HealthyPipelineSafeModeRule.java:initializeRule(169)) - Total pipeline count is 0, healthy pipeline threshold count is 1
2022-10-18 03:53:18,041 [main] INFO  safemode.OneReplicaPipelineSafeModeRule (OneReplicaPipelineSafeModeRule.java:initializeRule(180)) - Total pipeline count is 0, pipeline's with at least one datanode reported threshold count is 0
2022-10-18 03:53:18,417 [main] INFO  audit.AuditLogger (AuditLogger.java:refreshDebugCmdSet(126)) - Refresh DebugCmdSet for SCMAudit to [].
2022-10-18 03:53:18,451 [main] INFO  ipc.CallQueueManager (CallQueueManager.java:<init>(90)) - Using callQueue: class java.util.concurrent.LinkedBlockingQueue, queueCapacity: 2000, scheduler: class org.apache.hadoop.ipc.DefaultRpcScheduler, ipcBackoff: false.
2022-10-18 03:53:18,500 [Socket Reader #1 for port 0] INFO  ipc.Server (Server.java:run(1273)) - Starting Socket Reader #1 for port 0
2022-10-18 03:53:18,557 [Listener at 0.0.0.0/43069] INFO  audit.AuditLogger (AuditLogger.java:refreshDebugCmdSet(126)) - Refresh DebugCmdSet for SCMAudit to [].
2022-10-18 03:53:18,563 [Listener at 0.0.0.0/43069] INFO  ipc.CallQueueManager (CallQueueManager.java:<init>(90)) - Using callQueue: class java.util.concurrent.LinkedBlockingQueue, queueCapacity: 2000, scheduler: class org.apache.hadoop.ipc.DefaultRpcScheduler, ipcBackoff: false.
2022-10-18 03:53:18,564 [Socket Reader #1 for port 0] INFO  ipc.Server (Server.java:run(1273)) - Starting Socket Reader #1 for port 0
2022-10-18 03:53:18,595 [Listener at 0.0.0.0/40109] INFO  audit.AuditLogger (AuditLogger.java:refreshDebugCmdSet(126)) - Refresh DebugCmdSet for SCMAudit to [].
2022-10-18 03:53:18,608 [Listener at 0.0.0.0/40109] INFO  ipc.CallQueueManager (CallQueueManager.java:<init>(90)) - Using callQueue: class java.util.concurrent.LinkedBlockingQueue, queueCapacity: 2000, scheduler: class org.apache.hadoop.ipc.DefaultRpcScheduler, ipcBackoff: false.
2022-10-18 03:53:18,609 [Socket Reader #1 for port 0] INFO  ipc.Server (Server.java:run(1273)) - Starting Socket Reader #1 for port 0
2022-10-18 03:53:18,685 [Listener at 0.0.0.0/33641] INFO  ha.SCMServiceManager (SCMServiceManager.java:register(42)) - Registering service ContainerBalancer.
2022-10-18 03:53:18,687 [Listener at 0.0.0.0/33641] INFO  server.StorageContainerManager (StorageContainerManager.java:<init>(410)) - 
Container Balancer status:
Key                            Value
Running                        true
Container Balancer Configuration values:
Key                                                Value
Threshold                                          10
Max Datanodes to Involve per Iteration(percent)    20
Max Size to Move per Iteration                     500GB
Max Size Entering Target per Iteration             26GB
Max Size Leaving Source per Iteration              26GB

2022-10-18 03:53:18,688 [Listener at 0.0.0.0/33641] WARN  events.EventQueue (EventQueue.java:fireEvent(216)) - No event handler registered for event TypedEvent{payloadType=SafeModeStatus, name='Safe mode status'}
2022-10-18 03:53:18,689 [Listener at 0.0.0.0/33641] INFO  ha.SCMContext (SCMContext.java:updateSafeModeStatus(228)) - Update SafeModeStatus from SafeModeStatus{safeModeStatus=true, preCheckPassed=false} to SafeModeStatus{safeModeStatus=true, preCheckPassed=false}.
2022-10-18 03:53:18,693 [Listener at 0.0.0.0/33641] INFO  server.StorageContainerManager (StorageContainerManager.java:start(1436)) - StorageContainerLocationProtocol RPC server is listening at /0.0.0.0:33641
2022-10-18 03:53:18,882 [Listener at 0.0.0.0/33641] WARN  impl.MetricsConfig (MetricsConfig.java:loadFirst(136)) - Cannot locate configuration: tried hadoop-metrics2-storagecontainermanager.properties,hadoop-metrics2.properties
2022-10-18 03:53:18,898 [Listener at 0.0.0.0/33641] INFO  impl.MetricsSystemImpl (MetricsSystemImpl.java:startTimer(378)) - Scheduled Metric snapshot period at 10 second(s).
2022-10-18 03:53:18,899 [Listener at 0.0.0.0/33641] INFO  impl.MetricsSystemImpl (MetricsSystemImpl.java:start(191)) - StorageContainerManager metrics system started
2022-10-18 03:53:19,175 [Listener at 0.0.0.0/33641] INFO  server.SCMClientProtocolServer (SCMClientProtocolServer.java:start(170)) - RPC server for Client  is listening at /0.0.0.0:33641
2022-10-18 03:53:19,178 [IPC Server Responder] INFO  ipc.Server (Server.java:run(1512)) - IPC Server Responder: starting
2022-10-18 03:53:19,179 [IPC Server listener on 0] INFO  ipc.Server (Server.java:run(1352)) - IPC Server listener on 0: starting
2022-10-18 03:53:19,188 [Listener at 0.0.0.0/33641] INFO  server.StorageContainerManager (StorageContainerManager.java:start(1451)) - ScmBlockLocationProtocol RPC server is listening at /0.0.0.0:40109
2022-10-18 03:53:19,189 [Listener at 0.0.0.0/33641] INFO  server.SCMBlockProtocolServer (SCMBlockProtocolServer.java:start(152)) - RPC server for Block Protocol is listening at /0.0.0.0:40109
2022-10-18 03:53:19,189 [IPC Server Responder] INFO  ipc.Server (Server.java:run(1512)) - IPC Server Responder: starting
2022-10-18 03:53:19,190 [IPC Server listener on 0] INFO  ipc.Server (Server.java:run(1352)) - IPC Server listener on 0: starting
2022-10-18 03:53:19,192 [Listener at 0.0.0.0/33641] INFO  server.SCMDatanodeProtocolServer (SCMDatanodeProtocolServer.java:start(186)) - ScmDatanodeProtocol RPC server for DataNodes is listening at /0.0.0.0:43069
2022-10-18 03:53:19,193 [IPC Server Responder] INFO  ipc.Server (Server.java:run(1512)) - IPC Server Responder: starting
2022-10-18 03:53:19,194 [IPC Server listener on 0] INFO  ipc.Server (Server.java:run(1352)) - IPC Server listener on 0: starting
2022-10-18 03:53:19,204 [org.apache.hadoop.util.JvmPauseMonitor$Monitor@755a90a6] INFO  util.JvmPauseMonitor (JvmPauseMonitor.java:run(188)) - Starting JVM pause monitor
2022-10-18 03:53:19,223 [Listener at 0.0.0.0/33641] INFO  http.BaseHttpServer (BaseHttpServer.java:newHttpServer2BuilderForOzone(213)) - Starting Web-server for scm at: http://0.0.0.0:0
2022-10-18 03:53:19,224 [Listener at 0.0.0.0/33641] INFO  http.BaseHttpServer (BaseHttpServer.java:<init>(108)) - Hadoop Security Enabled: false Ozone Security Enabled: false Ozone HTTP Security Enabled: false 
2022-10-18 03:53:19,253 [Listener at 0.0.0.0/33641] INFO  util.log (Log.java:initialized(170)) - Logging initialized @4941ms to org.eclipse.jetty.util.log.Slf4jLog
2022-10-18 03:53:19,377 [Listener at 0.0.0.0/33641] WARN  server.AuthenticationFilter (AuthenticationFilter.java:constructSecretProvider(240)) - Unable to initialize FileSignerSecretProvider, falling back to use random secrets. Reason: Could not read signature secret file: /home/runner/hadoop-http-auth-signature-secret
2022-10-18 03:53:19,385 [Listener at 0.0.0.0/33641] WARN  http.HttpRequestLog (HttpRequestLog.java:getRequestLog(103)) - Jetty request log can only be enabled using Log4j
2022-10-18 03:53:19,401 [Listener at 0.0.0.0/33641] INFO  http.HttpServer2 (HttpServer2.java:addGlobalFilter(1031)) - Added global filter 'safety' (class=org.apache.hadoop.hdds.server.http.HttpServer2$QuotingInputFilter)
2022-10-18 03:53:19,403 [Listener at 0.0.0.0/33641] INFO  http.HttpServer2 (HttpServer2.java:addFilter(1007)) - Added filter static_user_filter (class=org.apache.hadoop.http.lib.StaticUserWebFilter$StaticUserFilter) to context scm
2022-10-18 03:53:19,403 [Listener at 0.0.0.0/33641] INFO  http.HttpServer2 (HttpServer2.java:addFilter(1015)) - Added filter static_user_filter (class=org.apache.hadoop.http.lib.StaticUserWebFilter$StaticUserFilter) to context logs
2022-10-18 03:53:19,404 [Listener at 0.0.0.0/33641] INFO  http.HttpServer2 (HttpServer2.java:addFilter(1015)) - Added filter static_user_filter (class=org.apache.hadoop.http.lib.StaticUserWebFilter$StaticUserFilter) to context static
2022-10-18 03:53:19,457 [Listener at 0.0.0.0/33641] INFO  http.HttpServer2 (HttpServer2.java:bindListener(1250)) - Jetty bound to port 36735
2022-10-18 03:53:19,459 [Listener at 0.0.0.0/33641] INFO  server.Server (Server.java:doStart(375)) - jetty-9.4.43.v20210629; built: 2021-06-30T11:07:22.254Z; git: 526006ecfa3af7f1a27ef3a288e2bef7ea9dd7e8; jvm 1.8.0_345-b01
2022-10-18 03:53:19,502 [Listener at 0.0.0.0/33641] INFO  server.session (DefaultSessionIdManager.java:doStart(334)) - DefaultSessionIdManager workerName=node0
2022-10-18 03:53:19,503 [Listener at 0.0.0.0/33641] INFO  server.session (DefaultSessionIdManager.java:doStart(339)) - No SessionScavenger set, using defaults
2022-10-18 03:53:19,505 [Listener at 0.0.0.0/33641] INFO  server.session (HouseKeeper.java:startScavenging(132)) - node0 Scavenging every 660000ms
2022-10-18 03:53:19,519 [Listener at 0.0.0.0/33641] INFO  handler.ContextHandler (ContextHandler.java:doStart(915)) - Started o.e.j.s.ServletContextHandler@1a59500b{logs,/logs,file:///home/runner/work/ozone/ozone/hadoop-ozone/integration-test/target/log,AVAILABLE}
2022-10-18 03:53:19,520 [Listener at 0.0.0.0/33641] INFO  handler.ContextHandler (ContextHandler.java:doStart(915)) - Started o.e.j.s.ServletContextHandler@14b9817b{static,/static,file:///home/runner/work/ozone/ozone/hadoop-ozone/integration-test/target/test-classes/webapps/static,AVAILABLE}
2022-10-18 03:53:19,567 [Listener at 0.0.0.0/33641] INFO  handler.ContextHandler (ContextHandler.java:doStart(915)) - Started o.e.j.w.WebAppContext@46baac0d{scm,/,file:///home/runner/work/ozone/ozone/hadoop-ozone/integration-test/target/test-classes/webapps/scm/,AVAILABLE}{file:/home/runner/work/ozone/ozone/hadoop-ozone/integration-test/target/test-classes/webapps/scm}
2022-10-18 03:53:19,576 [Listener at 0.0.0.0/33641] INFO  server.AbstractConnector (AbstractConnector.java:doStart(331)) - Started ServerConnector@1f4b8027{HTTP/1.1, (http/1.1)}{0.0.0.0:36735}
2022-10-18 03:53:19,577 [Listener at 0.0.0.0/33641] INFO  server.Server (Server.java:doStart(415)) - Started @5265ms
2022-10-18 03:53:19,580 [Listener at 0.0.0.0/33641] INFO  impl.MetricsSinkAdapter (MetricsSinkAdapter.java:start(204)) - Sink prometheus started
2022-10-18 03:53:19,582 [Listener at 0.0.0.0/33641] INFO  impl.MetricsSystemImpl (MetricsSystemImpl.java:registerSink(305)) - Registered sink prometheus
2022-10-18 03:53:19,584 [Listener at 0.0.0.0/33641] INFO  http.BaseHttpServer (BaseHttpServer.java:updateConnectorAddress(333)) - HTTP server of scm listening at http://0.0.0.0:36735
2022-10-18 03:53:19,649 [Listener at 0.0.0.0/33641] INFO  audit.AuditLogger (AuditLogger.java:refreshDebugCmdSet(126)) - Refresh DebugCmdSet for OMAudit to [].
2022-10-18 03:53:19,748 [Listener at 0.0.0.0/33641] INFO  ha.OMHANodeDetails (OMHANodeDetails.java:loadOMHAConfig(121)) - ServiceID for OzoneManager is om-service-test1
2022-10-18 03:53:19,755 [Listener at 0.0.0.0/33641] INFO  ha.OMHANodeDetails (OMHANodeDetails.java:loadOMHAConfig(201)) - Found matching OM address with OMServiceId: om-service-test1, OMNodeId: omNode-1, RPC Address: localhost:35797 and Ratis port: 42747
2022-10-18 03:53:19,755 [Listener at 0.0.0.0/33641] INFO  ha.OMHANodeDetails (ConfUtils.java:setNodeSpecificConfigs(97)) - Setting configuration key ozone.om.http-address with value of key ozone.om.http-address.om-service-test1.omNode-1: 127.0.0.1:41161
2022-10-18 03:53:19,756 [Listener at 0.0.0.0/33641] INFO  ha.OMHANodeDetails (ConfUtils.java:setNodeSpecificConfigs(97)) - Setting configuration key ozone.om.https-address with value of key ozone.om.https-address.om-service-test1.omNode-1: 127.0.0.1:45573
2022-10-18 03:53:19,756 [Listener at 0.0.0.0/33641] INFO  ha.OMHANodeDetails (ConfUtils.java:setNodeSpecificConfigs(97)) - Setting configuration key ozone.om.address with value of key ozone.om.address.om-service-test1.omNode-1: 127.0.0.1:35797
2022-10-18 03:53:19,756 [Listener at 0.0.0.0/33641] WARN  server.ServerUtils (ServerUtils.java:getDBPath(225)) - ozone.om.db.dirs is not configured. We recommend adding this setting. Falling back to ozone.metadata.dirs instead.
2022-10-18 03:53:19,767 [Listener at 0.0.0.0/33641] INFO  proxy.SCMBlockLocationFailoverProxyProvider (SCMBlockLocationFailoverProxyProvider.java:<init>(114)) - Created block location fail-over proxy with 1 nodes: [nodeId=scmNodeId,nodeAddress=/0.0.0.0:40109]
OM initialization succeeded.Current cluster id for sd=/home/runner/work/ozone/ozone/hadoop-ozone/integration-test/target/test-dir/MiniOzoneClusterImpl-5cdafbed-51d9-4f54-a43e-7c7e014ba032/omNode-1/om;cid=5cdafbed-51d9-4f54-a43e-7c7e014ba032;layoutVersion=3
2022-10-18 03:53:20,039 [Listener at 0.0.0.0/33641] INFO  ha.OMHANodeDetails (OMHANodeDetails.java:loadOMHAConfig(121)) - ServiceID for OzoneManager is om-service-test1
2022-10-18 03:53:20,040 [Listener at 0.0.0.0/33641] INFO  ha.OMHANodeDetails (OMHANodeDetails.java:loadOMHAConfig(201)) - Found matching OM address with OMServiceId: om-service-test1, OMNodeId: omNode-1, RPC Address: localhost:35797 and Ratis port: 42747
2022-10-18 03:53:20,040 [Listener at 0.0.0.0/33641] INFO  ha.OMHANodeDetails (ConfUtils.java:setNodeSpecificConfigs(97)) - Setting configuration key ozone.om.http-address with value of key ozone.om.http-address.om-service-test1.omNode-1: 127.0.0.1:41161
2022-10-18 03:53:20,040 [Listener at 0.0.0.0/33641] INFO  ha.OMHANodeDetails (ConfUtils.java:setNodeSpecificConfigs(97)) - Setting configuration key ozone.om.https-address with value of key ozone.om.https-address.om-service-test1.omNode-1: 127.0.0.1:45573
2022-10-18 03:53:20,040 [Listener at 0.0.0.0/33641] INFO  ha.OMHANodeDetails (ConfUtils.java:setNodeSpecificConfigs(97)) - Setting configuration key ozone.om.address with value of key ozone.om.address.om-service-test1.omNode-1: 127.0.0.1:35797
2022-10-18 03:53:20,041 [Listener at 0.0.0.0/33641] WARN  server.ServerUtils (ServerUtils.java:getDBPath(225)) - ozone.om.db.dirs is not configured. We recommend adding this setting. Falling back to ozone.metadata.dirs instead.
2022-10-18 03:53:20,043 [Listener at 0.0.0.0/33641] INFO  upgrade.AbstractLayoutVersionManager (AbstractLayoutVersionManager.java:init(83)) - Initializing Layout version manager with metadata layout = MULTITENANCY_SCHEMA (version = 3), software layout = MULTITENANCY_SCHEMA (version = 3)
2022-10-18 03:53:20,144 [Listener at 0.0.0.0/33641] INFO  reflections.Reflections (Reflections.java:scan(232)) - Reflections took 93 ms to scan 2 urls, producing 154 keys and 428 values [using 2 cores]
2022-10-18 03:53:20,152 [Listener at 0.0.0.0/33641] INFO  upgrade.OMLayoutVersionManager (OMLayoutVersionManager.java:lambda$0(115)) - Skipping Upgrade Action MockOmUpgradeAction since it has been finalized.
2022-10-18 03:53:20,154 [Listener at 0.0.0.0/33641] WARN  server.ServerUtils (ServerUtils.java:getDBPath(225)) - ozone.om.db.dirs is not configured. We recommend adding this setting. Falling back to ozone.metadata.dirs instead.
2022-10-18 03:53:20,310 [Listener at 0.0.0.0/33641] INFO  proxy.SCMBlockLocationFailoverProxyProvider (SCMBlockLocationFailoverProxyProvider.java:<init>(114)) - Created block location fail-over proxy with 1 nodes: [nodeId=scmNodeId,nodeAddress=/0.0.0.0:40109]
2022-10-18 03:53:20,323 [Listener at 0.0.0.0/33641] INFO  proxy.SCMBlockLocationFailoverProxyProvider (SCMBlockLocationFailoverProxyProvider.java:<init>(114)) - Created block location fail-over proxy with 1 nodes: [nodeId=scmNodeId,nodeAddress=/0.0.0.0:40109]
2022-10-18 03:53:20,344 [Listener at 0.0.0.0/33641] WARN  server.ServerUtils (ServerUtils.java:getDBPath(225)) - ozone.om.db.dirs is not configured. We recommend adding this setting. Falling back to ozone.metadata.dirs instead.
2022-10-18 03:53:20,351 [Listener at 0.0.0.0/33641] INFO  codec.OmKeyInfoCodec (OmKeyInfoCodec.java:<init>(49)) - OmKeyInfoCodec ignorePipeline = true
2022-10-18 03:53:20,352 [Listener at 0.0.0.0/33641] INFO  codec.RepeatedOmKeyInfoCodec (RepeatedOmKeyInfoCodec.java:<init>(41)) - RepeatedOmKeyInfoCodec ignorePipeline = true
2022-10-18 03:53:20,557 [Listener at 0.0.0.0/33641] INFO  om.OzoneManager (OzoneManager.java:instantiateServices(712)) - S3 Multi-Tenancy is disabled
2022-10-18 03:53:20,641 [Listener at 0.0.0.0/33641] INFO  om.OzoneManager (OzoneManager.java:addS3GVolumeToDB(4386)) - Created Volume s3v With Owner runner required for S3Gateway operations.
2022-10-18 03:53:20,724 [Listener at 0.0.0.0/33641] WARN  server.ServerUtils (ServerUtils.java:getDefaultRatisDirectory(237)) - Storage directory for Ratis is not configured. It is a good idea to map this to an SSD disk. Falling back to ozone.metadata.dirs
2022-10-18 03:53:20,725 [Listener at 0.0.0.0/33641] WARN  utils.OzoneManagerRatisUtils (OzoneManagerRatisUtils.java:getOMRatisSnapshotDirectory(434)) - ozone.om.ratis.snapshot.dir is not configured. Falling back to ozone.metadata.dirs config
2022-10-18 03:53:20,737 [Listener at 0.0.0.0/33641] INFO  snapshot.OzoneManagerSnapshotProvider (OzoneManagerSnapshotProvider.java:<init>(76)) - Initializing OM Snapshot Provider
2022-10-18 03:53:20,905 [Listener at 0.0.0.0/33641] WARN  server.ServerUtils (ServerUtils.java:getDefaultRatisDirectory(237)) - Storage directory for Ratis is not configured. It is a good idea to map this to an SSD disk. Falling back to ozone.metadata.dirs
2022-10-18 03:53:20,935 [Listener at 0.0.0.0/33641] INFO  ratis.OzoneManagerRatisServer (OzoneManagerRatisServer.java:<init>(160)) - Instantiating OM Ratis server with groupID: om-service-test1 and peers: localhost:42747, localhost:44279, localhost:37241
2022-10-18 03:53:20,947 [Listener at 0.0.0.0/33641] INFO  ratis.OzoneManagerStateMachine (OzoneManagerStateMachine.java:loadSnapshotInfoFromDB(632)) - LastAppliedIndex is set from TransactionInfo from OM DB as (t:0, i:~)
2022-10-18 03:53:21,011 [Listener at 0.0.0.0/33641] INFO  server.RaftServer (ConfUtils.java:logGet(46)) - raft.rpc.type = GRPC (default)
2022-10-18 03:53:21,106 [Listener at 0.0.0.0/33641] INFO  grpc.GrpcFactory (GrpcFactory.java:checkPooledByteBufAllocatorUseCacheForAllThreads(48)) - PERFORMANCE WARNING: useCacheForAllThreads is true that may cause Netty to create a lot garbage objects and, as a result, trigger GC.
	It is recommended to disable useCacheForAllThreads by setting -Dorg.apache.ratis.thirdparty.io.netty.allocator.useCacheForAllThreads=false in command line.
2022-10-18 03:53:21,116 [Listener at 0.0.0.0/33641] INFO  grpc.GrpcConfigKeys (ConfUtils.java:logGet(46)) - raft.grpc.admin.port = -1 (default)
2022-10-18 03:53:21,116 [Listener at 0.0.0.0/33641] INFO  grpc.GrpcConfigKeys (ConfUtils.java:logGet(46)) - raft.grpc.server.port = 42747 (custom)
2022-10-18 03:53:21,117 [Listener at 0.0.0.0/33641] INFO  grpc.GrpcConfigKeys (ConfUtils.java:logGet(46)) - raft.grpc.client.port = -1 (default)
2022-10-18 03:53:21,117 [Listener at 0.0.0.0/33641] INFO  grpc.GrpcConfigKeys (ConfUtils.java:logGet(46)) - raft.grpc.server.port = 42747 (custom)
2022-10-18 03:53:21,118 [Listener at 0.0.0.0/33641] INFO  grpc.GrpcConfigKeys (ConfUtils.java:logGet(46)) - raft.grpc.server.port = 42747 (custom)
2022-10-18 03:53:21,118 [Listener at 0.0.0.0/33641] INFO  server.GrpcService (ConfUtils.java:logGet(46)) - raft.grpc.message.size.max = 33554432 (custom)
2022-10-18 03:53:21,119 [Listener at 0.0.0.0/33641] INFO  server.RaftServerConfigKeys (ConfUtils.java:logGet(46)) - raft.server.log.appender.buffer.byte-limit = 33554432 (custom)
2022-10-18 03:53:21,120 [Listener at 0.0.0.0/33641] INFO  server.GrpcService (ConfUtils.java:logGet(46)) - raft.grpc.flow.control.window = 1MB (=1048576) (default)
2022-10-18 03:53:21,121 [Listener at 0.0.0.0/33641] INFO  server.RaftServerConfigKeys (ConfUtils.java:logGet(46)) - raft.server.rpc.request.timeout = 3000ms (default)
2022-10-18 03:53:21,140 [Listener at 0.0.0.0/33641] INFO  grpc.GrpcConfigKeys (ConfUtils.java:logGet(46)) - raft.grpc.server.async.request.thread.pool.cached = true (default)
2022-10-18 03:53:21,140 [Listener at 0.0.0.0/33641] INFO  grpc.GrpcConfigKeys (ConfUtils.java:logGet(46)) - raft.grpc.server.async.request.thread.pool.size = 32 (default)
2022-10-18 03:53:21,467 [Listener at 0.0.0.0/33641] INFO  impl.DataStreamServerImpl (ConfUtils.java:logGet(46)) - raft.datastream.type = DISABLED (default)
2022-10-18 03:53:21,470 [Listener at 0.0.0.0/33641] INFO  server.RaftServerConfigKeys (ConfUtils.java:logGet(46)) - raft.server.threadpool.proxy.cached = true (default)
2022-10-18 03:53:21,470 [Listener at 0.0.0.0/33641] INFO  server.RaftServerConfigKeys (ConfUtils.java:logGet(46)) - raft.server.threadpool.proxy.size = 0 (default)
2022-10-18 03:53:21,471 [Listener at 0.0.0.0/33641] INFO  server.RaftServerConfigKeys (ConfUtils.java:logGet(46)) - raft.server.rpc.slowness.timeout = 2s (custom)
2022-10-18 03:53:21,471 [Listener at 0.0.0.0/33641] INFO  server.RaftServerConfigKeys (ConfUtils.java:logGet(46)) - raft.server.leaderelection.leader.step-down.wait-time = 10s (default)
2022-10-18 03:53:21,474 [Listener at 0.0.0.0/33641] INFO  server.RaftServerConfigKeys (ConfUtils.java:logGet(46)) - raft.server.storage.dir = [/home/runner/work/ozone/ozone/hadoop-ozone/integration-test/target/test-dir/MiniOzoneClusterImpl-5cdafbed-51d9-4f54-a43e-7c7e014ba032/omNode-1/ratis] (custom)
2022-10-18 03:53:21,482 [Listener at 0.0.0.0/33641] INFO  server.RaftServer (RaftServerProxy.java:addNew(96)) - omNode-1: addNew group-523986131536:[omNode-3|rpc:localhost:44279|priority:0, omNode-1|rpc:localhost:42747|priority:0, omNode-2|rpc:localhost:37241|priority:0] returns group-523986131536:java.util.concurrent.CompletableFuture@6ed238c2[Not completed]
2022-10-18 03:53:21,482 [Listener at 0.0.0.0/33641] INFO  om.OzoneManager (OzoneManager.java:initializeRatisServer(1975)) - OzoneManager Ratis server initialized at port 42747
2022-10-18 03:53:21,503 [Listener at 0.0.0.0/33641] INFO  om.OzoneManager (OzoneManager.java:getRpcServer(1101)) - Creating RPC Server
2022-10-18 03:53:21,522 [pool-55-thread-1] INFO  server.RaftServer$Division (RaftServerImpl.java:<init>(190)) - omNode-1: new RaftServerImpl for group-523986131536:[omNode-3|rpc:localhost:44279|priority:0, omNode-1|rpc:localhost:42747|priority:0, omNode-2|rpc:localhost:37241|priority:0] with OzoneManagerStateMachine:uninitialized
2022-10-18 03:53:21,525 [pool-55-thread-1] INFO  server.RaftServerConfigKeys (ConfUtils.java:logGet(46)) - raft.server.rpc.timeout.min = 1s (custom)
2022-10-18 03:53:21,525 [pool-55-thread-1] INFO  server.RaftServerConfigKeys (ConfUtils.java:logGet(46)) - raft.server.rpc.timeout.max = 1200ms (custom)
2022-10-18 03:53:21,525 [pool-55-thread-1] INFO  server.RaftServerConfigKeys (ConfUtils.java:logGet(46)) - raft.server.rpc.sleep.time = 25ms (default)
2022-10-18 03:53:21,526 [pool-55-thread-1] INFO  server.RaftServerConfigKeys (ConfUtils.java:logGet(46)) - raft.server.rpc.slowness.timeout = 2s (custom)
2022-10-18 03:53:21,526 [pool-55-thread-1] INFO  server.RaftServerConfigKeys (ConfUtils.java:logGet(46)) - raft.server.leaderelection.leader.step-down.wait-time = 10s (default)
2022-10-18 03:53:21,526 [pool-55-thread-1] INFO  server.RaftServerConfigKeys (ConfUtils.java:logGet(46)) - raft.server.sleep.deviation.threshold = 300ms (default)
2022-10-18 03:53:21,535 [pool-55-thread-1] INFO  server.RaftServer$Division (ServerState.java:<init>(107)) - omNode-1@group-523986131536: ConfigurationManager, init=-1: [omNode-3|rpc:localhost:44279|priority:0, omNode-1|rpc:localhost:42747|priority:0, omNode-2|rpc:localhost:37241|priority:0], old=null, confs=<EMPTY_MAP>
2022-10-18 03:53:21,535 [pool-55-thread-1] INFO  server.RaftServerConfigKeys (ConfUtils.java:logGet(46)) - raft.server.storage.dir = [/home/runner/work/ozone/ozone/hadoop-ozone/integration-test/target/test-dir/MiniOzoneClusterImpl-5cdafbed-51d9-4f54-a43e-7c7e014ba032/omNode-1/ratis] (custom)
2022-10-18 03:53:21,541 [pool-55-thread-1] INFO  server.RaftServerConfigKeys (ConfUtils.java:logGet(46)) - raft.server.log.corruption.policy = EXCEPTION (default)
2022-10-18 03:53:21,541 [pool-55-thread-1] INFO  server.RaftServerConfigKeys (ConfUtils.java:logGet(46)) - raft.server.storage.free-space.min = 0MB (=0) (default)
2022-10-18 03:53:21,555 [pool-55-thread-1] INFO  storage.RaftStorageDirectory (RaftStorageDirectoryImpl.java:analyzeStorage(135)) - The storage directory /home/runner/work/ozone/ozone/hadoop-ozone/integration-test/target/test-dir/MiniOzoneClusterImpl-5cdafbed-51d9-4f54-a43e-7c7e014ba032/omNode-1/ratis/c9bc4cf4-3bc3-3c60-a66b-523986131536 does not exist. Creating ...
2022-10-18 03:53:21,562 [pool-55-thread-1] INFO  storage.RaftStorageDirectory (RaftStorageDirectoryImpl.java:tryLock(230)) - Lock on /home/runner/work/ozone/ozone/hadoop-ozone/integration-test/target/test-dir/MiniOzoneClusterImpl-5cdafbed-51d9-4f54-a43e-7c7e014ba032/omNode-1/ratis/c9bc4cf4-3bc3-3c60-a66b-523986131536/in_use.lock acquired by nodename 30743@fv-az573-760
2022-10-18 03:53:21,575 [pool-55-thread-1] INFO  storage.RaftStorage (RaftStorageImpl.java:format(89)) - Storage directory /home/runner/work/ozone/ozone/hadoop-ozone/integration-test/target/test-dir/MiniOzoneClusterImpl-5cdafbed-51d9-4f54-a43e-7c7e014ba032/omNode-1/ratis/c9bc4cf4-3bc3-3c60-a66b-523986131536 has been successfully formatted.
2022-10-18 03:53:21,579 [pool-55-thread-1] INFO  server.RaftServerConfigKeys (ConfUtils.java:logGet(46)) - raft.server.notification.no-leader.timeout = 2s (custom)
2022-10-18 03:53:21,581 [pool-55-thread-1] INFO  server.RaftServerConfigKeys (ConfUtils.java:logGet(46)) - raft.server.log.use.memory = false (default)
2022-10-18 03:53:21,596 [pool-55-thread-1] INFO  server.RaftServerConfigKeys (ConfUtils.java:logGet(46)) - raft.server.log.purge.gap = 50 (custom)
2022-10-18 03:53:21,597 [pool-55-thread-1] INFO  server.RaftServerConfigKeys (ConfUtils.java:logGet(46)) - raft.server.log.appender.buffer.byte-limit = 33554432 (custom)
2022-10-18 03:53:21,600 [pool-55-thread-1] INFO  server.RaftServerConfigKeys (ConfUtils.java:logGet(46)) - raft.server.log.statemachine.data.read.timeout = 1000ms (default)
2022-10-18 03:53:21,644 [pool-55-thread-1] INFO  server.RaftServerConfigKeys (ConfUtils.java:logGet(46)) - raft.server.log.segment.size.max = 4194304 (custom)
2022-10-18 03:53:21,661 [pool-55-thread-1] INFO  server.RaftServerConfigKeys (ConfUtils.java:logGet(46)) - raft.server.log.segment.cache.num.max = 2 (custom)
2022-10-18 03:53:21,661 [pool-55-thread-1] INFO  server.RaftServerConfigKeys (ConfUtils.java:logGet(46)) - raft.server.log.segment.cache.size.max = 200MB (=209715200) (default)
2022-10-18 03:53:21,677 [pool-55-thread-1] INFO  segmented.SegmentedRaftLogWorker (SegmentedRaftLogWorker.java:<init>(187)) - new omNode-1@group-523986131536-SegmentedRaftLogWorker for RaftStorageImpl:Storage Directory /home/runner/work/ozone/ozone/hadoop-ozone/integration-test/target/test-dir/MiniOzoneClusterImpl-5cdafbed-51d9-4f54-a43e-7c7e014ba032/omNode-1/ratis/c9bc4cf4-3bc3-3c60-a66b-523986131536
2022-10-18 03:53:21,677 [pool-55-thread-1] INFO  server.RaftServerConfigKeys (ConfUtils.java:logGet(46)) - raft.server.log.queue.byte-limit = 64MB (=67108864) (default)
2022-10-18 03:53:21,678 [pool-55-thread-1] INFO  server.RaftServerConfigKeys (ConfUtils.java:logGet(46)) - raft.server.log.queue.element-limit = 4096 (default)
2022-10-18 03:53:21,686 [pool-55-thread-1] INFO  server.RaftServerConfigKeys (ConfUtils.java:logGet(46)) - raft.server.log.segment.size.max = 4194304 (custom)
2022-10-18 03:53:21,686 [pool-55-thread-1] INFO  server.RaftServerConfigKeys (ConfUtils.java:logGet(46)) - raft.server.log.preallocated.size = 4194304 (custom)
2022-10-18 03:53:21,687 [pool-55-thread-1] INFO  server.RaftServerConfigKeys (ConfUtils.java:logGet(46)) - raft.server.log.force.sync.num = 128 (default)
2022-10-18 03:53:21,688 [pool-55-thread-1] INFO  server.RaftServerConfigKeys (ConfUtils.java:logGet(46)) - raft.server.log.statemachine.data.sync = true (default)
2022-10-18 03:53:21,688 [pool-55-thread-1] INFO  server.RaftServerConfigKeys (ConfUtils.java:logGet(46)) - raft.server.log.statemachine.data.sync.timeout = 10s (default)
2022-10-18 03:53:21,688 [pool-55-thread-1] INFO  server.RaftServerConfigKeys (ConfUtils.java:logGet(46)) - raft.server.log.statemachine.data.sync.timeout.retry = -1 (default)
2022-10-18 03:53:21,712 [pool-55-thread-1] INFO  server.RaftServerConfigKeys (ConfUtils.java:logGet(46)) - raft.server.log.write.buffer.size = 64KB (=65536) (default)
2022-10-18 03:53:21,713 [pool-55-thread-1] INFO  server.RaftServerConfigKeys (ConfUtils.java:logGet(46)) - raft.server.log.unsafe-flush.enabled = false (default)
2022-10-18 03:53:21,713 [pool-55-thread-1] INFO  server.RaftServerConfigKeys (ConfUtils.java:logGet(46)) - raft.server.log.statemachine.data.caching.enabled = false (default)
2022-10-18 03:53:21,744 [pool-55-thread-1] INFO  segmented.SegmentedRaftLogWorker (SegmentedRaftLogWorker.java:lambda$new$0(135)) - omNode-1@group-523986131536-SegmentedRaftLogWorker: flushIndex: setUnconditionally 0 -> -1
2022-10-18 03:53:21,744 [pool-55-thread-1] INFO  segmented.SegmentedRaftLogWorker (SegmentedRaftLogWorker.java:lambda$new$0(135)) - omNode-1@group-523986131536-SegmentedRaftLogWorker: safeCacheEvictIndex: setUnconditionally 0 -> -1
2022-10-18 03:53:21,758 [pool-55-thread-1] INFO  server.RaftServerConfigKeys (ConfUtils.java:logGet(46)) - raft.server.snapshot.auto.trigger.enabled = true (custom)
2022-10-18 03:53:21,759 [pool-55-thread-1] INFO  server.RaftServerConfigKeys (ConfUtils.java:logGet(46)) - raft.server.snapshot.auto.trigger.threshold = 50 (custom)
2022-10-18 03:53:21,759 [pool-55-thread-1] INFO  server.RaftServerConfigKeys (ConfUtils.java:logGet(46)) - raft.server.snapshot.retention.file.num = -1 (default)
2022-10-18 03:53:21,760 [pool-55-thread-1] INFO  server.RaftServerConfigKeys (ConfUtils.java:logGet(46)) - raft.server.log.purge.upto.snapshot.index = true (custom)
2022-10-18 03:53:21,784 [pool-55-thread-1] INFO  server.RaftServerConfigKeys (ConfUtils.java:logGet(46)) - raft.server.retrycache.expirytime = 30000ms (custom)
2022-10-18 03:53:21,784 [pool-55-thread-1] INFO  server.RaftServerConfigKeys (ConfUtils.java:logGet(46)) - raft.server.retrycache.statistics.expirytime = 100μs (default)
2022-10-18 03:53:21,906 [pool-55-thread-1] INFO  server.RaftServerConfigKeys (ConfUtils.java:logGet(46)) - raft.server.log.appender.install.snapshot.enabled = false (custom)
2022-10-18 03:53:21,907 [pool-55-thread-1] INFO  server.RaftServerConfigKeys (ConfUtils.java:logGet(46)) - raft.server.threadpool.server.cached = true (default)
2022-10-18 03:53:21,907 [pool-55-thread-1] INFO  server.RaftServerConfigKeys (ConfUtils.java:logGet(46)) - raft.server.threadpool.server.size = 0 (default)
2022-10-18 03:53:21,908 [pool-55-thread-1] INFO  server.RaftServerConfigKeys (ConfUtils.java:logGet(46)) - raft.server.threadpool.client.cached = true (default)
2022-10-18 03:53:21,908 [pool-55-thread-1] INFO  server.RaftServerConfigKeys (ConfUtils.java:logGet(46)) - raft.server.threadpool.client.size = 0 (default)
2022-10-18 03:53:22,357 [Listener at 0.0.0.0/33641] INFO  reflections.Reflections (Reflections.java:scan(232)) - Reflections took 766 ms to scan 19 urls, producing 67 keys and 4238 values [using 2 cores]
2022-10-18 03:53:22,664 [Listener at 0.0.0.0/33641] INFO  ipc.CallQueueManager (CallQueueManager.java:<init>(90)) - Using callQueue: class java.util.concurrent.LinkedBlockingQueue, queueCapacity: 2000, scheduler: class org.apache.hadoop.ipc.DefaultRpcScheduler, ipcBackoff: false.
2022-10-18 03:53:22,665 [Socket Reader #1 for port 35797] INFO  ipc.Server (Server.java:run(1273)) - Starting Socket Reader #1 for port 35797
2022-10-18 03:53:22,709 [Listener at 127.0.0.1/35797] INFO  impl.MetricsSystemImpl (MetricsSystemImpl.java:init(158)) - OzoneManager metrics system started (again)
2022-10-18 03:53:22,729 [Listener at 127.0.0.1/35797] INFO  om.OzoneManager (OzoneManager.java:start(1482)) - OzoneManager RPC server is listening at localhost/127.0.0.1:35797
2022-10-18 03:53:22,729 [Listener at 127.0.0.1/35797] INFO  ratis.OzoneManagerRatisServer (OzoneManagerRatisServer.java:start(555)) - Starting OzoneManagerRatisServer omNode-1 at port 42747
2022-10-18 03:53:22,731 [omNode-1-impl-thread1] INFO  server.RaftServer$Division (RaftServerImpl.java:start(310)) - omNode-1@group-523986131536: start as a follower, conf=-1: [omNode-3|rpc:localhost:44279|priority:0, omNode-1|rpc:localhost:42747|priority:0, omNode-2|rpc:localhost:37241|priority:0], old=null
2022-10-18 03:53:22,732 [omNode-1-impl-thread1] INFO  server.RaftServer$Division (RaftServerImpl.java:setRole(299)) - omNode-1@group-523986131536: changes role from      null to FOLLOWER at term 0 for startAsFollower
2022-10-18 03:53:22,733 [omNode-1-impl-thread1] INFO  impl.RoleInfo (RoleInfo.java:updateAndGet(139)) - omNode-1: start omNode-1@group-523986131536-FollowerState
2022-10-18 03:53:22,735 [omNode-1-impl-thread1] INFO  util.JmxRegister (JmxRegister.java:tryRegister(44)) - Successfully registered JMX Bean with object name Ratis:service=RaftServer,group=group-523986131536,id=omNode-1
2022-10-18 03:53:22,738 [Listener at 127.0.0.1/35797] INFO  server.RaftServer (RaftServerProxy.java:lambda$start$6(382)) - omNode-1: start RPC server
2022-10-18 03:53:22,806 [Listener at 127.0.0.1/35797] INFO  server.GrpcService (GrpcService.java:startImpl(260)) - omNode-1: GrpcService started, listening on 42747
2022-10-18 03:53:22,808 [org.apache.ratis.util.JvmPauseMonitor$$Lambda$703/726954313@429a6f95] INFO  util.JvmPauseMonitor (JvmPauseMonitor.java:run(103)) - JvmPauseMonitor-omNode-1: Started
2022-10-18 03:53:22,810 [Listener at 127.0.0.1/35797] INFO  om.OzoneManager (OzoneManager.java:start(1498)) - Version File has different layout version (3) than OM DB (null). That is expected if this OM has never been finalized to a newer layout version.
2022-10-18 03:53:22,828 [Listener at 127.0.0.1/35797] INFO  http.BaseHttpServer (BaseHttpServer.java:newHttpServer2BuilderForOzone(213)) - Starting Web-server for ozoneManager at: http://0.0.0.0:41161
2022-10-18 03:53:22,829 [Listener at 127.0.0.1/35797] INFO  http.BaseHttpServer (BaseHttpServer.java:<init>(108)) - Hadoop Security Enabled: false Ozone Security Enabled: false Ozone HTTP Security Enabled: false 
2022-10-18 03:53:22,830 [Listener at 127.0.0.1/35797] WARN  server.AuthenticationFilter (AuthenticationFilter.java:constructSecretProvider(240)) - Unable to initialize FileSignerSecretProvider, falling back to use random secrets. Reason: Could not read signature secret file: /home/runner/hadoop-http-auth-signature-secret
2022-10-18 03:53:22,833 [Listener at 127.0.0.1/35797] WARN  http.HttpRequestLog (HttpRequestLog.java:getRequestLog(103)) - Jetty request log can only be enabled using Log4j
2022-10-18 03:53:22,836 [Listener at 127.0.0.1/35797] INFO  http.HttpServer2 (HttpServer2.java:addGlobalFilter(1031)) - Added global filter 'safety' (class=org.apache.hadoop.hdds.server.http.HttpServer2$QuotingInputFilter)
2022-10-18 03:53:22,837 [Listener at 127.0.0.1/35797] INFO  http.HttpServer2 (HttpServer2.java:addFilter(1007)) - Added filter static_user_filter (class=org.apache.hadoop.http.lib.StaticUserWebFilter$StaticUserFilter) to context ozoneManager
2022-10-18 03:53:22,837 [Listener at 127.0.0.1/35797] INFO  http.HttpServer2 (HttpServer2.java:addFilter(1015)) - Added filter static_user_filter (class=org.apache.hadoop.http.lib.StaticUserWebFilter$StaticUserFilter) to context static
2022-10-18 03:53:22,837 [Listener at 127.0.0.1/35797] INFO  http.HttpServer2 (HttpServer2.java:addFilter(1015)) - Added filter static_user_filter (class=org.apache.hadoop.http.lib.StaticUserWebFilter$StaticUserFilter) to context logs
2022-10-18 03:53:22,839 [Listener at 127.0.0.1/35797] INFO  http.HttpServer2 (HttpServer2.java:bindListener(1250)) - Jetty bound to port 41161
2022-10-18 03:53:22,839 [Listener at 127.0.0.1/35797] INFO  server.Server (Server.java:doStart(375)) - jetty-9.4.43.v20210629; built: 2021-06-30T11:07:22.254Z; git: 526006ecfa3af7f1a27ef3a288e2bef7ea9dd7e8; jvm 1.8.0_345-b01
2022-10-18 03:53:22,846 [Listener at 127.0.0.1/35797] INFO  server.session (DefaultSessionIdManager.java:doStart(334)) - DefaultSessionIdManager workerName=node0
2022-10-18 03:53:22,847 [Listener at 127.0.0.1/35797] INFO  server.session (DefaultSessionIdManager.java:doStart(339)) - No SessionScavenger set, using defaults
2022-10-18 03:53:22,847 [Listener at 127.0.0.1/35797] INFO  server.session (HouseKeeper.java:startScavenging(132)) - node0 Scavenging every 600000ms
2022-10-18 03:53:22,848 [Listener at 127.0.0.1/35797] INFO  handler.ContextHandler (ContextHandler.java:doStart(915)) - Started o.e.j.s.ServletContextHandler@2f83346f{logs,/logs,file:///home/runner/work/ozone/ozone/hadoop-ozone/integration-test/target/log,AVAILABLE}
2022-10-18 03:53:22,848 [Listener at 127.0.0.1/35797] INFO  handler.ContextHandler (ContextHandler.java:doStart(915)) - Started o.e.j.s.ServletContextHandler@6f45aa40{static,/static,file:///home/runner/work/ozone/ozone/hadoop-ozone/integration-test/target/test-classes/webapps/static,AVAILABLE}
2022-10-18 03:53:22,854 [Listener at 127.0.0.1/35797] INFO  handler.ContextHandler (ContextHandler.java:doStart(915)) - Started o.e.j.w.WebAppContext@7e1b80d3{ozoneManager,/,file:///home/runner/work/ozone/ozone/hadoop-ozone/integration-test/target/test-classes/webapps/ozoneManager/,AVAILABLE}{file:/home/runner/work/ozone/ozone/hadoop-ozone/integration-test/target/test-classes/webapps/ozoneManager}
2022-10-18 03:53:22,855 [Listener at 127.0.0.1/35797] INFO  server.AbstractConnector (AbstractConnector.java:doStart(331)) - Started ServerConnector@62204c5b{HTTP/1.1, (http/1.1)}{0.0.0.0:41161}
2022-10-18 03:53:22,855 [Listener at 127.0.0.1/35797] INFO  server.Server (Server.java:doStart(415)) - Started @8543ms
2022-10-18 03:53:22,855 [Listener at 127.0.0.1/35797] WARN  impl.MetricsSystemImpl (MetricsSystemImpl.java:register(279)) - Sink prometheus already exists!
2022-10-18 03:53:22,856 [Listener at 127.0.0.1/35797] INFO  http.BaseHttpServer (BaseHttpServer.java:updateConnectorAddress(333)) - HTTP server of ozoneManager listening at http://0.0.0.0:41161
2022-10-18 03:53:22,856 [IPC Server Responder] INFO  ipc.Server (Server.java:run(1512)) - IPC Server Responder: starting
2022-10-18 03:53:22,857 [IPC Server listener on 35797] INFO  ipc.Server (Server.java:run(1352)) - IPC Server listener on 35797: starting
2022-10-18 03:53:22,870 [Listener at 127.0.0.1/35797] INFO  om.OzoneManager (OzoneManager.java:startTrashEmptier(1919)) - Trash Interval set to 0. Files deleted won't move to trash
2022-10-18 03:53:22,872 [Listener at 127.0.0.1/35797] INFO  ozone.MiniOzoneHAClusterImpl (MiniOzoneHAClusterImpl.java:createOMService(527)) - Started OzoneManager omNode-1 RPC server at localhost/127.0.0.1:35797
2022-10-18 03:53:22,873 [Listener at 127.0.0.1/35797] INFO  ha.OMHANodeDetails (OMHANodeDetails.java:loadOMHAConfig(121)) - ServiceID for OzoneManager is om-service-test1
2022-10-18 03:53:22,873 [Listener at 127.0.0.1/35797] INFO  ha.OMHANodeDetails (OMHANodeDetails.java:loadOMHAConfig(201)) - Found matching OM address with OMServiceId: om-service-test1, OMNodeId: omNode-2, RPC Address: localhost:37159 and Ratis port: 37241
2022-10-18 03:53:22,873 [Listener at 127.0.0.1/35797] INFO  ha.OMHANodeDetails (ConfUtils.java:setNodeSpecificConfigs(97)) - Setting configuration key ozone.om.http-address with value of key ozone.om.http-address.om-service-test1.omNode-2: 127.0.0.1:33977
2022-10-18 03:53:22,875 [Listener at 127.0.0.1/35797] INFO  ha.OMHANodeDetails (ConfUtils.java:setNodeSpecificConfigs(97)) - Setting configuration key ozone.om.https-address with value of key ozone.om.https-address.om-service-test1.omNode-2: 127.0.0.1:35867
2022-10-18 03:53:22,875 [Listener at 127.0.0.1/35797] INFO  ha.OMHANodeDetails (ConfUtils.java:setNodeSpecificConfigs(97)) - Setting configuration key ozone.om.address with value of key ozone.om.address.om-service-test1.omNode-2: 127.0.0.1:37159
2022-10-18 03:53:22,875 [Listener at 127.0.0.1/35797] WARN  server.ServerUtils (ServerUtils.java:getDBPath(225)) - ozone.om.db.dirs is not configured. We recommend adding this setting. Falling back to ozone.metadata.dirs instead.
2022-10-18 03:53:22,877 [Listener at 127.0.0.1/35797] INFO  proxy.SCMBlockLocationFailoverProxyProvider (SCMBlockLocationFailoverProxyProvider.java:<init>(114)) - Created block location fail-over proxy with 1 nodes: [nodeId=scmNodeId,nodeAddress=/0.0.0.0:40109]
2022-10-18 03:53:22,881 [org.apache.hadoop.util.JvmPauseMonitor$Monitor@39999eea] INFO  util.JvmPauseMonitor (JvmPauseMonitor.java:run(188)) - Starting JVM pause monitor
OM initialization succeeded.Current cluster id for sd=/home/runner/work/ozone/ozone/hadoop-ozone/integration-test/target/test-dir/MiniOzoneClusterImpl-5cdafbed-51d9-4f54-a43e-7c7e014ba032/omNode-2/om;cid=5cdafbed-51d9-4f54-a43e-7c7e014ba032;layoutVersion=3
2022-10-18 03:53:22,890 [Listener at 127.0.0.1/35797] INFO  ha.OMHANodeDetails (OMHANodeDetails.java:loadOMHAConfig(121)) - ServiceID for OzoneManager is om-service-test1
2022-10-18 03:53:22,890 [Listener at 127.0.0.1/35797] INFO  ha.OMHANodeDetails (OMHANodeDetails.java:loadOMHAConfig(201)) - Found matching OM address with OMServiceId: om-service-test1, OMNodeId: omNode-2, RPC Address: localhost:37159 and Ratis port: 37241
2022-10-18 03:53:22,890 [Listener at 127.0.0.1/35797] INFO  ha.OMHANodeDetails (ConfUtils.java:setNodeSpecificConfigs(97)) - Setting configuration key ozone.om.http-address with value of key ozone.om.http-address.om-service-test1.omNode-2: 127.0.0.1:33977
2022-10-18 03:53:22,891 [Listener at 127.0.0.1/35797] INFO  ha.OMHANodeDetails (ConfUtils.java:setNodeSpecificConfigs(97)) - Setting configuration key ozone.om.https-address with value of key ozone.om.https-address.om-service-test1.omNode-2: 127.0.0.1:35867
2022-10-18 03:53:22,891 [Listener at 127.0.0.1/35797] INFO  ha.OMHANodeDetails (ConfUtils.java:setNodeSpecificConfigs(97)) - Setting configuration key ozone.om.address with value of key ozone.om.address.om-service-test1.omNode-2: 127.0.0.1:37159
2022-10-18 03:53:22,891 [Listener at 127.0.0.1/35797] WARN  server.ServerUtils (ServerUtils.java:getDBPath(225)) - ozone.om.db.dirs is not configured. We recommend adding this setting. Falling back to ozone.metadata.dirs instead.
2022-10-18 03:53:22,891 [Listener at 127.0.0.1/35797] INFO  upgrade.AbstractLayoutVersionManager (AbstractLayoutVersionManager.java:init(83)) - Initializing Layout version manager with metadata layout = MULTITENANCY_SCHEMA (version = 3), software layout = MULTITENANCY_SCHEMA (version = 3)
2022-10-18 03:53:22,965 [Listener at 127.0.0.1/35797] INFO  reflections.Reflections (Reflections.java:scan(232)) - Reflections took 71 ms to scan 2 urls, producing 154 keys and 428 values [using 2 cores]
2022-10-18 03:53:22,965 [Listener at 127.0.0.1/35797] INFO  upgrade.OMLayoutVersionManager (OMLayoutVersionManager.java:lambda$0(115)) - Skipping Upgrade Action MockOmUpgradeAction since it has been finalized.
2022-10-18 03:53:22,965 [Listener at 127.0.0.1/35797] WARN  server.ServerUtils (ServerUtils.java:getDBPath(225)) - ozone.om.db.dirs is not configured. We recommend adding this setting. Falling back to ozone.metadata.dirs instead.
2022-10-18 03:53:22,967 [Listener at 127.0.0.1/35797] INFO  proxy.SCMBlockLocationFailoverProxyProvider (SCMBlockLocationFailoverProxyProvider.java:<init>(114)) - Created block location fail-over proxy with 1 nodes: [nodeId=scmNodeId,nodeAddress=/0.0.0.0:40109]
2022-10-18 03:53:22,969 [Listener at 127.0.0.1/35797] INFO  proxy.SCMBlockLocationFailoverProxyProvider (SCMBlockLocationFailoverProxyProvider.java:<init>(114)) - Created block location fail-over proxy with 1 nodes: [nodeId=scmNodeId,nodeAddress=/0.0.0.0:40109]
2022-10-18 03:53:22,977 [Listener at 127.0.0.1/35797] WARN  server.ServerUtils (ServerUtils.java:getDBPath(225)) - ozone.om.db.dirs is not configured. We recommend adding this setting. Falling back to ozone.metadata.dirs instead.
2022-10-18 03:53:22,977 [Listener at 127.0.0.1/35797] INFO  codec.OmKeyInfoCodec (OmKeyInfoCodec.java:<init>(49)) - OmKeyInfoCodec ignorePipeline = true
2022-10-18 03:53:22,977 [Listener at 127.0.0.1/35797] INFO  codec.RepeatedOmKeyInfoCodec (RepeatedOmKeyInfoCodec.java:<init>(41)) - RepeatedOmKeyInfoCodec ignorePipeline = true
2022-10-18 03:53:23,171 [Listener at 127.0.0.1/35797] INFO  om.OzoneManager (OzoneManager.java:instantiateServices(712)) - S3 Multi-Tenancy is disabled
2022-10-18 03:53:23,173 [Listener at 127.0.0.1/35797] INFO  om.OzoneManager (OzoneManager.java:addS3GVolumeToDB(4386)) - Created Volume s3v With Owner runner required for S3Gateway operations.
2022-10-18 03:53:23,174 [Listener at 127.0.0.1/35797] WARN  server.ServerUtils (ServerUtils.java:getDefaultRatisDirectory(237)) - Storage directory for Ratis is not configured. It is a good idea to map this to an SSD disk. Falling back to ozone.metadata.dirs
2022-10-18 03:53:23,174 [Listener at 127.0.0.1/35797] WARN  utils.OzoneManagerRatisUtils (OzoneManagerRatisUtils.java:getOMRatisSnapshotDirectory(434)) - ozone.om.ratis.snapshot.dir is not configured. Falling back to ozone.metadata.dirs config
2022-10-18 03:53:23,175 [Listener at 127.0.0.1/35797] INFO  snapshot.OzoneManagerSnapshotProvider (OzoneManagerSnapshotProvider.java:<init>(76)) - Initializing OM Snapshot Provider
2022-10-18 03:53:23,176 [Listener at 127.0.0.1/35797] WARN  impl.MetricRegistriesImpl (MetricRegistriesImpl.java:addReporterRegistration(111)) - New reporters are added after registries were created. Some metrics will be missing from the reporter. Please add reporter before adding any new registry.
2022-10-18 03:53:23,176 [Listener at 127.0.0.1/35797] WARN  impl.MetricRegistriesImpl (MetricRegistriesImpl.java:addReporterRegistration(111)) - New reporters are added after registries were created. Some metrics will be missing from the reporter. Please add reporter before adding any new registry.
2022-10-18 03:53:23,178 [Listener at 127.0.0.1/35797] WARN  server.ServerUtils (ServerUtils.java:getDefaultRatisDirectory(237)) - Storage directory for Ratis is not configured. It is a good idea to map this to an SSD disk. Falling back to ozone.metadata.dirs
2022-10-18 03:53:23,180 [Listener at 127.0.0.1/35797] INFO  ratis.OzoneManagerRatisServer (OzoneManagerRatisServer.java:<init>(160)) - Instantiating OM Ratis server with groupID: om-service-test1 and peers: localhost:37241, localhost:44279, localhost:42747
2022-10-18 03:53:23,180 [Listener at 127.0.0.1/35797] INFO  ratis.OzoneManagerStateMachine (OzoneManagerStateMachine.java:loadSnapshotInfoFromDB(632)) - LastAppliedIndex is set from TransactionInfo from OM DB as (t:0, i:~)
2022-10-18 03:53:23,181 [Listener at 127.0.0.1/35797] INFO  server.RaftServer (ConfUtils.java:logGet(46)) - raft.rpc.type = GRPC (default)
2022-10-18 03:53:23,181 [Listener at 127.0.0.1/35797] INFO  grpc.GrpcFactory (GrpcFactory.java:checkPooledByteBufAllocatorUseCacheForAllThreads(48)) - PERFORMANCE WARNING: useCacheForAllThreads is true that may cause Netty to create a lot garbage objects and, as a result, trigger GC.
	It is recommended to disable useCacheForAllThreads by setting -Dorg.apache.ratis.thirdparty.io.netty.allocator.useCacheForAllThreads=false in command line.
2022-10-18 03:53:23,181 [Listener at 127.0.0.1/35797] INFO  grpc.GrpcConfigKeys (ConfUtils.java:logGet(46)) - raft.grpc.admin.port = -1 (default)
2022-10-18 03:53:23,182 [Listener at 127.0.0.1/35797] INFO  grpc.GrpcConfigKeys (ConfUtils.java:logGet(46)) - raft.grpc.server.port = 37241 (custom)
2022-10-18 03:53:23,182 [Listener at 127.0.0.1/35797] INFO  grpc.GrpcConfigKeys (ConfUtils.java:logGet(46)) - raft.grpc.client.port = -1 (default)
2022-10-18 03:53:23,182 [Listener at 127.0.0.1/35797] INFO  grpc.GrpcConfigKeys (ConfUtils.java:logGet(46)) - raft.grpc.server.port = 37241 (custom)
2022-10-18 03:53:23,183 [Listener at 127.0.0.1/35797] INFO  grpc.GrpcConfigKeys (ConfUtils.java:logGet(46)) - raft.grpc.server.port = 37241 (custom)
2022-10-18 03:53:23,183 [Listener at 127.0.0.1/35797] INFO  server.GrpcService (ConfUtils.java:logGet(46)) - raft.grpc.message.size.max = 33554432 (custom)
2022-10-18 03:53:23,183 [Listener at 127.0.0.1/35797] INFO  server.RaftServerConfigKeys (ConfUtils.java:logGet(46)) - raft.server.log.appender.buffer.byte-limit = 33554432 (custom)
2022-10-18 03:53:23,183 [Listener at 127.0.0.1/35797] INFO  server.GrpcService (ConfUtils.java:logGet(46)) - raft.grpc.flow.control.window = 1MB (=1048576) (default)
2022-10-18 03:53:23,184 [Listener at 127.0.0.1/35797] INFO  server.RaftServerConfigKeys (ConfUtils.java:logGet(46)) - raft.server.rpc.request.timeout = 3000ms (default)
2022-10-18 03:53:23,184 [Listener at 127.0.0.1/35797] INFO  grpc.GrpcConfigKeys (ConfUtils.java:logGet(46)) - raft.grpc.server.async.request.thread.pool.cached = true (default)
2022-10-18 03:53:23,184 [Listener at 127.0.0.1/35797] INFO  grpc.GrpcConfigKeys (ConfUtils.java:logGet(46)) - raft.grpc.server.async.request.thread.pool.size = 32 (default)
2022-10-18 03:53:23,185 [Listener at 127.0.0.1/35797] INFO  impl.DataStreamServerImpl (ConfUtils.java:logGet(46)) - raft.datastream.type = DISABLED (default)
2022-10-18 03:53:23,186 [Listener at 127.0.0.1/35797] INFO  server.RaftServerConfigKeys (ConfUtils.java:logGet(46)) - raft.server.threadpool.proxy.cached = true (default)
2022-10-18 03:53:23,186 [Listener at 127.0.0.1/35797] INFO  server.RaftServerConfigKeys (ConfUtils.java:logGet(46)) - raft.server.threadpool.proxy.size = 0 (default)
2022-10-18 03:53:23,186 [Listener at 127.0.0.1/35797] INFO  server.RaftServerConfigKeys (ConfUtils.java:logGet(46)) - raft.server.rpc.slowness.timeout = 2s (custom)
2022-10-18 03:53:23,186 [Listener at 127.0.0.1/35797] INFO  server.RaftServerConfigKeys (ConfUtils.java:logGet(46)) - raft.server.leaderelection.leader.step-down.wait-time = 10s (default)
2022-10-18 03:53:23,187 [Listener at 127.0.0.1/35797] INFO  server.RaftServerConfigKeys (ConfUtils.java:logGet(46)) - raft.server.storage.dir = [/home/runner/work/ozone/ozone/hadoop-ozone/integration-test/target/test-dir/MiniOzoneClusterImpl-5cdafbed-51d9-4f54-a43e-7c7e014ba032/omNode-2/ratis] (custom)
2022-10-18 03:53:23,188 [Listener at 127.0.0.1/35797] INFO  server.RaftServer (RaftServerProxy.java:addNew(96)) - omNode-2: addNew group-523986131536:[omNode-3|rpc:localhost:44279|priority:0, omNode-1|rpc:localhost:42747|priority:0, omNode-2|rpc:localhost:37241|priority:0] returns group-523986131536:java.util.concurrent.CompletableFuture@23519e4a[Not completed]
2022-10-18 03:53:23,188 [Listener at 127.0.0.1/35797] INFO  om.OzoneManager (OzoneManager.java:initializeRatisServer(1975)) - OzoneManager Ratis server initialized at port 37241
2022-10-18 03:53:23,190 [Listener at 127.0.0.1/35797] INFO  om.OzoneManager (OzoneManager.java:getRpcServer(1101)) - Creating RPC Server
2022-10-18 03:53:23,191 [pool-82-thread-1] INFO  server.RaftServer$Division (RaftServerImpl.java:<init>(190)) - omNode-2: new RaftServerImpl for group-523986131536:[omNode-3|rpc:localhost:44279|priority:0, omNode-1|rpc:localhost:42747|priority:0, omNode-2|rpc:localhost:37241|priority:0] with OzoneManagerStateMachine:uninitialized
2022-10-18 03:53:23,192 [pool-82-thread-1] INFO  server.RaftServerConfigKeys (ConfUtils.java:logGet(46)) - raft.server.rpc.timeout.min = 1s (custom)
2022-10-18 03:53:23,192 [pool-82-thread-1] INFO  server.RaftServerConfigKeys (ConfUtils.java:logGet(46)) - raft.server.rpc.timeout.max = 1200ms (custom)
2022-10-18 03:53:23,192 [pool-82-thread-1] INFO  server.RaftServerConfigKeys (ConfUtils.java:logGet(46)) - raft.server.rpc.sleep.time = 25ms (default)
2022-10-18 03:53:23,192 [pool-82-thread-1] INFO  server.RaftServerConfigKeys (ConfUtils.java:logGet(46)) - raft.server.rpc.slowness.timeout = 2s (custom)
2022-10-18 03:53:23,192 [pool-82-thread-1] INFO  server.RaftServerConfigKeys (ConfUtils.java:logGet(46)) - raft.server.leaderelection.leader.step-down.wait-time = 10s (default)
2022-10-18 03:53:23,192 [pool-82-thread-1] INFO  server.RaftServerConfigKeys (ConfUtils.java:logGet(46)) - raft.server.sleep.deviation.threshold = 300ms (default)
2022-10-18 03:53:23,193 [pool-82-thread-1] INFO  server.RaftServer$Division (ServerState.java:<init>(107)) - omNode-2@group-523986131536: ConfigurationManager, init=-1: [omNode-3|rpc:localhost:44279|priority:0, omNode-1|rpc:localhost:42747|priority:0, omNode-2|rpc:localhost:37241|priority:0], old=null, confs=<EMPTY_MAP>
2022-10-18 03:53:23,193 [pool-82-thread-1] INFO  server.RaftServerConfigKeys (ConfUtils.java:logGet(46)) - raft.server.storage.dir = [/home/runner/work/ozone/ozone/hadoop-ozone/integration-test/target/test-dir/MiniOzoneClusterImpl-5cdafbed-51d9-4f54-a43e-7c7e014ba032/omNode-2/ratis] (custom)
2022-10-18 03:53:23,193 [pool-82-thread-1] INFO  server.RaftServerConfigKeys (ConfUtils.java:logGet(46)) - raft.server.log.corruption.policy = EXCEPTION (default)
2022-10-18 03:53:23,193 [pool-82-thread-1] INFO  server.RaftServerConfigKeys (ConfUtils.java:logGet(46)) - raft.server.storage.free-space.min = 0MB (=0) (default)
2022-10-18 03:53:23,193 [pool-82-thread-1] INFO  storage.RaftStorageDirectory (RaftStorageDirectoryImpl.java:analyzeStorage(135)) - The storage directory /home/runner/work/ozone/ozone/hadoop-ozone/integration-test/target/test-dir/MiniOzoneClusterImpl-5cdafbed-51d9-4f54-a43e-7c7e014ba032/omNode-2/ratis/c9bc4cf4-3bc3-3c60-a66b-523986131536 does not exist. Creating ...
2022-10-18 03:53:23,196 [pool-82-thread-1] INFO  storage.RaftStorageDirectory (RaftStorageDirectoryImpl.java:tryLock(230)) - Lock on /home/runner/work/ozone/ozone/hadoop-ozone/integration-test/target/test-dir/MiniOzoneClusterImpl-5cdafbed-51d9-4f54-a43e-7c7e014ba032/omNode-2/ratis/c9bc4cf4-3bc3-3c60-a66b-523986131536/in_use.lock acquired by nodename 30743@fv-az573-760
2022-10-18 03:53:23,202 [pool-82-thread-1] INFO  storage.RaftStorage (RaftStorageImpl.java:format(89)) - Storage directory /home/runner/work/ozone/ozone/hadoop-ozone/integration-test/target/test-dir/MiniOzoneClusterImpl-5cdafbed-51d9-4f54-a43e-7c7e014ba032/omNode-2/ratis/c9bc4cf4-3bc3-3c60-a66b-523986131536 has been successfully formatted.
2022-10-18 03:53:23,213 [pool-82-thread-1] INFO  server.RaftServerConfigKeys (ConfUtils.java:logGet(46)) - raft.server.notification.no-leader.timeout = 2s (custom)
2022-10-18 03:53:23,213 [pool-82-thread-1] INFO  server.RaftServerConfigKeys (ConfUtils.java:logGet(46)) - raft.server.log.use.memory = false (default)
2022-10-18 03:53:23,213 [pool-82-thread-1] INFO  server.RaftServerConfigKeys (ConfUtils.java:logGet(46)) - raft.server.log.purge.gap = 50 (custom)
2022-10-18 03:53:23,213 [pool-82-thread-1] INFO  server.RaftServerConfigKeys (ConfUtils.java:logGet(46)) - raft.server.log.appender.buffer.byte-limit = 33554432 (custom)
2022-10-18 03:53:23,213 [pool-82-thread-1] INFO  server.RaftServerConfigKeys (ConfUtils.java:logGet(46)) - raft.server.log.statemachine.data.read.timeout = 1000ms (default)
2022-10-18 03:53:23,214 [pool-82-thread-1] INFO  server.RaftServerConfigKeys (ConfUtils.java:logGet(46)) - raft.server.log.segment.size.max = 4194304 (custom)
2022-10-18 03:53:23,214 [pool-82-thread-1] INFO  server.RaftServerConfigKeys (ConfUtils.java:logGet(46)) - raft.server.log.segment.cache.num.max = 2 (custom)
2022-10-18 03:53:23,214 [pool-82-thread-1] INFO  server.RaftServerConfigKeys (ConfUtils.java:logGet(46)) - raft.server.log.segment.cache.size.max = 200MB (=209715200) (default)
2022-10-18 03:53:23,215 [pool-82-thread-1] INFO  segmented.SegmentedRaftLogWorker (SegmentedRaftLogWorker.java:<init>(187)) - new omNode-2@group-523986131536-SegmentedRaftLogWorker for RaftStorageImpl:Storage Directory /home/runner/work/ozone/ozone/hadoop-ozone/integration-test/target/test-dir/MiniOzoneClusterImpl-5cdafbed-51d9-4f54-a43e-7c7e014ba032/omNode-2/ratis/c9bc4cf4-3bc3-3c60-a66b-523986131536
2022-10-18 03:53:23,216 [pool-82-thread-1] INFO  server.RaftServerConfigKeys (ConfUtils.java:logGet(46)) - raft.server.log.queue.byte-limit = 64MB (=67108864) (default)
2022-10-18 03:53:23,216 [pool-82-thread-1] INFO  server.RaftServerConfigKeys (ConfUtils.java:logGet(46)) - raft.server.log.queue.element-limit = 4096 (default)
2022-10-18 03:53:23,216 [pool-82-thread-1] INFO  server.RaftServerConfigKeys (ConfUtils.java:logGet(46)) - raft.server.log.segment.size.max = 4194304 (custom)
2022-10-18 03:53:23,216 [pool-82-thread-1] INFO  server.RaftServerConfigKeys (ConfUtils.java:logGet(46)) - raft.server.log.preallocated.size = 4194304 (custom)
2022-10-18 03:53:23,216 [pool-82-thread-1] INFO  server.RaftServerConfigKeys (ConfUtils.java:logGet(46)) - raft.server.log.force.sync.num = 128 (default)
2022-10-18 03:53:23,216 [pool-82-thread-1] INFO  server.RaftServerConfigKeys (ConfUtils.java:logGet(46)) - raft.server.log.statemachine.data.sync = true (default)
2022-10-18 03:53:23,216 [pool-82-thread-1] INFO  server.RaftServerConfigKeys (ConfUtils.java:logGet(46)) - raft.server.log.statemachine.data.sync.timeout = 10s (default)
2022-10-18 03:53:23,217 [pool-82-thread-1] INFO  server.RaftServerConfigKeys (ConfUtils.java:logGet(46)) - raft.server.log.statemachine.data.sync.timeout.retry = -1 (default)
2022-10-18 03:53:23,218 [pool-82-thread-1] INFO  server.RaftServerConfigKeys (ConfUtils.java:logGet(46)) - raft.server.log.write.buffer.size = 64KB (=65536) (default)
2022-10-18 03:53:23,218 [pool-82-thread-1] INFO  server.RaftServerConfigKeys (ConfUtils.java:logGet(46)) - raft.server.log.unsafe-flush.enabled = false (default)
2022-10-18 03:53:23,218 [pool-82-thread-1] INFO  server.RaftServerConfigKeys (ConfUtils.java:logGet(46)) - raft.server.log.statemachine.data.caching.enabled = false (default)
2022-10-18 03:53:23,218 [pool-82-thread-1] INFO  segmented.SegmentedRaftLogWorker (SegmentedRaftLogWorker.java:lambda$new$0(135)) - omNode-2@group-523986131536-SegmentedRaftLogWorker: flushIndex: setUnconditionally 0 -> -1
2022-10-18 03:53:23,218 [pool-82-thread-1] INFO  segmented.SegmentedRaftLogWorker (SegmentedRaftLogWorker.java:lambda$new$0(135)) - omNode-2@group-523986131536-SegmentedRaftLogWorker: safeCacheEvictIndex: setUnconditionally 0 -> -1
2022-10-18 03:53:23,226 [pool-82-thread-1] INFO  server.RaftServerConfigKeys (ConfUtils.java:logGet(46)) - raft.server.snapshot.auto.trigger.enabled = true (custom)
2022-10-18 03:53:23,226 [pool-82-thread-1] INFO  server.RaftServerConfigKeys (ConfUtils.java:logGet(46)) - raft.server.snapshot.auto.trigger.threshold = 50 (custom)
2022-10-18 03:53:23,226 [pool-82-thread-1] INFO  server.RaftServerConfigKeys (ConfUtils.java:logGet(46)) - raft.server.snapshot.retention.file.num = -1 (default)
2022-10-18 03:53:23,226 [pool-82-thread-1] INFO  server.RaftServerConfigKeys (ConfUtils.java:logGet(46)) - raft.server.log.purge.upto.snapshot.index = true (custom)
2022-10-18 03:53:23,226 [pool-82-thread-1] INFO  server.RaftServerConfigKeys (ConfUtils.java:logGet(46)) - raft.server.retrycache.expirytime = 30000ms (custom)
2022-10-18 03:53:23,226 [pool-82-thread-1] INFO  server.RaftServerConfigKeys (ConfUtils.java:logGet(46)) - raft.server.retrycache.statistics.expirytime = 100μs (default)
2022-10-18 03:53:23,233 [pool-82-thread-1] INFO  server.RaftServerConfigKeys (ConfUtils.java:logGet(46)) - raft.server.log.appender.install.snapshot.enabled = false (custom)
2022-10-18 03:53:23,233 [pool-82-thread-1] INFO  server.RaftServerConfigKeys (ConfUtils.java:logGet(46)) - raft.server.threadpool.server.cached = true (default)
2022-10-18 03:53:23,233 [pool-82-thread-1] INFO  server.RaftServerConfigKeys (ConfUtils.java:logGet(46)) - raft.server.threadpool.server.size = 0 (default)
2022-10-18 03:53:23,233 [pool-82-thread-1] INFO  server.RaftServerConfigKeys (ConfUtils.java:logGet(46)) - raft.server.threadpool.client.cached = true (default)
2022-10-18 03:53:23,233 [pool-82-thread-1] INFO  server.RaftServerConfigKeys (ConfUtils.java:logGet(46)) - raft.server.threadpool.client.size = 0 (default)
2022-10-18 03:53:23,684 [Listener at 127.0.0.1/35797] INFO  reflections.Reflections (Reflections.java:scan(232)) - Reflections took 493 ms to scan 19 urls, producing 67 keys and 4238 values [using 2 cores]
2022-10-18 03:53:23,686 [Listener at 127.0.0.1/35797] INFO  ipc.CallQueueManager (CallQueueManager.java:<init>(90)) - Using callQueue: class java.util.concurrent.LinkedBlockingQueue, queueCapacity: 2000, scheduler: class org.apache.hadoop.ipc.DefaultRpcScheduler, ipcBackoff: false.
2022-10-18 03:53:23,693 [Socket Reader #1 for port 37159] INFO  ipc.Server (Server.java:run(1273)) - Starting Socket Reader #1 for port 37159
2022-10-18 03:53:23,731 [Listener at 127.0.0.1/37159] INFO  impl.MetricsSystemImpl (MetricsSystemImpl.java:init(158)) - OzoneManager metrics system started (again)
2022-10-18 03:53:23,743 [Listener at 127.0.0.1/37159] INFO  om.OzoneManager (OzoneManager.java:start(1482)) - OzoneManager RPC server is listening at localhost/127.0.0.1:37159
2022-10-18 03:53:23,743 [Listener at 127.0.0.1/37159] INFO  ratis.OzoneManagerRatisServer (OzoneManagerRatisServer.java:start(555)) - Starting OzoneManagerRatisServer omNode-2 at port 37241
2022-10-18 03:53:23,743 [omNode-2-impl-thread1] INFO  server.RaftServer$Division (RaftServerImpl.java:start(310)) - omNode-2@group-523986131536: start as a follower, conf=-1: [omNode-3|rpc:localhost:44279|priority:0, omNode-1|rpc:localhost:42747|priority:0, omNode-2|rpc:localhost:37241|priority:0], old=null
2022-10-18 03:53:23,743 [omNode-2-impl-thread1] INFO  server.RaftServer$Division (RaftServerImpl.java:setRole(299)) - omNode-2@group-523986131536: changes role from      null to FOLLOWER at term 0 for startAsFollower
2022-10-18 03:53:23,743 [omNode-2-impl-thread1] INFO  impl.RoleInfo (RoleInfo.java:updateAndGet(139)) - omNode-2: start omNode-2@group-523986131536-FollowerState
2022-10-18 03:53:23,744 [omNode-2-impl-thread1] INFO  util.JmxRegister (JmxRegister.java:tryRegister(44)) - Successfully registered JMX Bean with object name Ratis:service=RaftServer,group=group-523986131536,id=omNode-2
2022-10-18 03:53:23,746 [Listener at 127.0.0.1/37159] INFO  server.RaftServer (RaftServerProxy.java:lambda$start$6(382)) - omNode-2: start RPC server
2022-10-18 03:53:23,748 [Listener at 127.0.0.1/37159] INFO  server.GrpcService (GrpcService.java:startImpl(260)) - omNode-2: GrpcService started, listening on 37241
2022-10-18 03:53:23,749 [Listener at 127.0.0.1/37159] INFO  om.OzoneManager (OzoneManager.java:start(1498)) - Version File has different layout version (3) than OM DB (null). That is expected if this OM has never been finalized to a newer layout version.
2022-10-18 03:53:23,749 [org.apache.ratis.util.JvmPauseMonitor$$Lambda$703/726954313@5c3c0e5] INFO  util.JvmPauseMonitor (JvmPauseMonitor.java:run(103)) - JvmPauseMonitor-omNode-2: Started
2022-10-18 03:53:23,757 [Listener at 127.0.0.1/37159] INFO  http.BaseHttpServer (BaseHttpServer.java:newHttpServer2BuilderForOzone(213)) - Starting Web-server for ozoneManager at: http://0.0.0.0:33977
2022-10-18 03:53:23,757 [Listener at 127.0.0.1/37159] INFO  http.BaseHttpServer (BaseHttpServer.java:<init>(108)) - Hadoop Security Enabled: false Ozone Security Enabled: false Ozone HTTP Security Enabled: false 
2022-10-18 03:53:23,759 [Listener at 127.0.0.1/37159] WARN  server.AuthenticationFilter (AuthenticationFilter.java:constructSecretProvider(240)) - Unable to initialize FileSignerSecretProvider, falling back to use random secrets. Reason: Could not read signature secret file: /home/runner/hadoop-http-auth-signature-secret
2022-10-18 03:53:23,760 [Listener at 127.0.0.1/37159] WARN  http.HttpRequestLog (HttpRequestLog.java:getRequestLog(103)) - Jetty request log can only be enabled using Log4j
2022-10-18 03:53:23,762 [Listener at 127.0.0.1/37159] INFO  http.HttpServer2 (HttpServer2.java:addGlobalFilter(1031)) - Added global filter 'safety' (class=org.apache.hadoop.hdds.server.http.HttpServer2$QuotingInputFilter)
2022-10-18 03:53:23,763 [Listener at 127.0.0.1/37159] INFO  http.HttpServer2 (HttpServer2.java:addFilter(1007)) - Added filter static_user_filter (class=org.apache.hadoop.http.lib.StaticUserWebFilter$StaticUserFilter) to context ozoneManager
2022-10-18 03:53:23,763 [Listener at 127.0.0.1/37159] INFO  http.HttpServer2 (HttpServer2.java:addFilter(1015)) - Added filter static_user_filter (class=org.apache.hadoop.http.lib.StaticUserWebFilter$StaticUserFilter) to context static
2022-10-18 03:53:23,763 [Listener at 127.0.0.1/37159] INFO  http.HttpServer2 (HttpServer2.java:addFilter(1015)) - Added filter static_user_filter (class=org.apache.hadoop.http.lib.StaticUserWebFilter$StaticUserFilter) to context logs
2022-10-18 03:53:23,764 [Listener at 127.0.0.1/37159] INFO  http.HttpServer2 (HttpServer2.java:bindListener(1250)) - Jetty bound to port 33977
2022-10-18 03:53:23,764 [Listener at 127.0.0.1/37159] INFO  server.Server (Server.java:doStart(375)) - jetty-9.4.43.v20210629; built: 2021-06-30T11:07:22.254Z; git: 526006ecfa3af7f1a27ef3a288e2bef7ea9dd7e8; jvm 1.8.0_345-b01
2022-10-18 03:53:23,769 [Listener at 127.0.0.1/37159] INFO  server.session (DefaultSessionIdManager.java:doStart(334)) - DefaultSessionIdManager workerName=node0
2022-10-18 03:53:23,769 [Listener at 127.0.0.1/37159] INFO  server.session (DefaultSessionIdManager.java:doStart(339)) - No SessionScavenger set, using defaults
2022-10-18 03:53:23,770 [Listener at 127.0.0.1/37159] INFO  server.session (HouseKeeper.java:startScavenging(132)) - node0 Scavenging every 660000ms
2022-10-18 03:53:23,771 [Listener at 127.0.0.1/37159] INFO  handler.ContextHandler (ContextHandler.java:doStart(915)) - Started o.e.j.s.ServletContextHandler@4467fbd8{logs,/logs,file:///home/runner/work/ozone/ozone/hadoop-ozone/integration-test/target/log,AVAILABLE}
2022-10-18 03:53:23,772 [Listener at 127.0.0.1/37159] INFO  handler.ContextHandler (ContextHandler.java:doStart(915)) - Started o.e.j.s.ServletContextHandler@cbec4b5{static,/static,file:///home/runner/work/ozone/ozone/hadoop-ozone/integration-test/target/test-classes/webapps/static,AVAILABLE}
2022-10-18 03:53:23,776 [Listener at 127.0.0.1/37159] INFO  handler.ContextHandler (ContextHandler.java:doStart(915)) - Started o.e.j.w.WebAppContext@1d113d9d{ozoneManager,/,file:///home/runner/work/ozone/ozone/hadoop-ozone/integration-test/target/test-classes/webapps/ozoneManager/,AVAILABLE}{file:/home/runner/work/ozone/ozone/hadoop-ozone/integration-test/target/test-classes/webapps/ozoneManager}
2022-10-18 03:53:23,781 [Listener at 127.0.0.1/37159] INFO  server.AbstractConnector (AbstractConnector.java:doStart(331)) - Started ServerConnector@15c8c97{HTTP/1.1, (http/1.1)}{0.0.0.0:33977}
2022-10-18 03:53:23,783 [Listener at 127.0.0.1/37159] INFO  server.Server (Server.java:doStart(415)) - Started @9470ms
2022-10-18 03:53:23,784 [Listener at 127.0.0.1/37159] WARN  impl.MetricsSystemImpl (MetricsSystemImpl.java:register(279)) - Sink prometheus already exists!
2022-10-18 03:53:23,786 [Listener at 127.0.0.1/37159] INFO  http.BaseHttpServer (BaseHttpServer.java:updateConnectorAddress(333)) - HTTP server of ozoneManager listening at http://0.0.0.0:33977
2022-10-18 03:53:23,786 [IPC Server Responder] INFO  ipc.Server (Server.java:run(1512)) - IPC Server Responder: starting
2022-10-18 03:53:23,787 [IPC Server listener on 37159] INFO  ipc.Server (Server.java:run(1352)) - IPC Server listener on 37159: starting
2022-10-18 03:53:23,792 [Listener at 127.0.0.1/37159] INFO  om.OzoneManager (OzoneManager.java:startTrashEmptier(1919)) - Trash Interval set to 0. Files deleted won't move to trash
2022-10-18 03:53:23,794 [Listener at 127.0.0.1/37159] INFO  ozone.MiniOzoneHAClusterImpl (MiniOzoneHAClusterImpl.java:createOMService(527)) - Started OzoneManager omNode-2 RPC server at localhost/127.0.0.1:37159
2022-10-18 03:53:23,794 [org.apache.hadoop.util.JvmPauseMonitor$Monitor@7bf344dd] INFO  util.JvmPauseMonitor (JvmPauseMonitor.java:run(188)) - Starting JVM pause monitor
2022-10-18 03:53:23,794 [Listener at 127.0.0.1/37159] INFO  ha.OMHANodeDetails (OMHANodeDetails.java:loadOMHAConfig(121)) - ServiceID for OzoneManager is om-service-test1
2022-10-18 03:53:23,795 [Listener at 127.0.0.1/37159] INFO  ha.OMHANodeDetails (OMHANodeDetails.java:loadOMHAConfig(201)) - Found matching OM address with OMServiceId: om-service-test1, OMNodeId: omNode-3, RPC Address: localhost:45489 and Ratis port: 44279
2022-10-18 03:53:23,795 [Listener at 127.0.0.1/37159] INFO  ha.OMHANodeDetails (ConfUtils.java:setNodeSpecificConfigs(97)) - Setting configuration key ozone.om.http-address with value of key ozone.om.http-address.om-service-test1.omNode-3: 127.0.0.1:34765
2022-10-18 03:53:23,796 [Listener at 127.0.0.1/37159] INFO  ha.OMHANodeDetails (ConfUtils.java:setNodeSpecificConfigs(97)) - Setting configuration key ozone.om.https-address with value of key ozone.om.https-address.om-service-test1.omNode-3: 127.0.0.1:39581
2022-10-18 03:53:23,796 [Listener at 127.0.0.1/37159] INFO  ha.OMHANodeDetails (ConfUtils.java:setNodeSpecificConfigs(97)) - Setting configuration key ozone.om.address with value of key ozone.om.address.om-service-test1.omNode-3: 127.0.0.1:45489
2022-10-18 03:53:23,796 [Listener at 127.0.0.1/37159] WARN  server.ServerUtils (ServerUtils.java:getDBPath(225)) - ozone.om.db.dirs is not configured. We recommend adding this setting. Falling back to ozone.metadata.dirs instead.
2022-10-18 03:53:23,797 [Listener at 127.0.0.1/37159] INFO  proxy.SCMBlockLocationFailoverProxyProvider (SCMBlockLocationFailoverProxyProvider.java:<init>(114)) - Created block location fail-over proxy with 1 nodes: [nodeId=scmNodeId,nodeAddress=/0.0.0.0:40109]
OM initialization succeeded.Current cluster id for sd=/home/runner/work/ozone/ozone/hadoop-ozone/integration-test/target/test-dir/MiniOzoneClusterImpl-5cdafbed-51d9-4f54-a43e-7c7e014ba032/omNode-3/om;cid=5cdafbed-51d9-4f54-a43e-7c7e014ba032;layoutVersion=3
2022-10-18 03:53:23,813 [Listener at 127.0.0.1/37159] INFO  ha.OMHANodeDetails (OMHANodeDetails.java:loadOMHAConfig(121)) - ServiceID for OzoneManager is om-service-test1
2022-10-18 03:53:23,814 [Listener at 127.0.0.1/37159] INFO  ha.OMHANodeDetails (OMHANodeDetails.java:loadOMHAConfig(201)) - Found matching OM address with OMServiceId: om-service-test1, OMNodeId: omNode-3, RPC Address: localhost:45489 and Ratis port: 44279
2022-10-18 03:53:23,814 [Listener at 127.0.0.1/37159] INFO  ha.OMHANodeDetails (ConfUtils.java:setNodeSpecificConfigs(97)) - Setting configuration key ozone.om.http-address with value of key ozone.om.http-address.om-service-test1.omNode-3: 127.0.0.1:34765
2022-10-18 03:53:23,814 [Listener at 127.0.0.1/37159] INFO  ha.OMHANodeDetails (ConfUtils.java:setNodeSpecificConfigs(97)) - Setting configuration key ozone.om.https-address with value of key ozone.om.https-address.om-service-test1.omNode-3: 127.0.0.1:39581
2022-10-18 03:53:23,814 [Listener at 127.0.0.1/37159] INFO  ha.OMHANodeDetails (ConfUtils.java:setNodeSpecificConfigs(97)) - Setting configuration key ozone.om.address with value of key ozone.om.address.om-service-test1.omNode-3: 127.0.0.1:45489
2022-10-18 03:53:23,814 [Listener at 127.0.0.1/37159] WARN  server.ServerUtils (ServerUtils.java:getDBPath(225)) - ozone.om.db.dirs is not configured. We recommend adding this setting. Falling back to ozone.metadata.dirs instead.
2022-10-18 03:53:23,815 [Listener at 127.0.0.1/37159] INFO  upgrade.AbstractLayoutVersionManager (AbstractLayoutVersionManager.java:init(83)) - Initializing Layout version manager with metadata layout = MULTITENANCY_SCHEMA (version = 3), software layout = MULTITENANCY_SCHEMA (version = 3)
2022-10-18 03:53:23,846 [omNode-1@group-523986131536-FollowerState] INFO  impl.FollowerState (FollowerState.java:run(143)) - omNode-1@group-523986131536-FollowerState: change to CANDIDATE, lastRpcElapsedTime:1113621261ns, electionTimeout:1106ms
2022-10-18 03:53:23,848 [omNode-1@group-523986131536-FollowerState] INFO  impl.RoleInfo (RoleInfo.java:shutdownFollowerState(110)) - omNode-1: shutdown omNode-1@group-523986131536-FollowerState
2022-10-18 03:53:23,848 [omNode-1@group-523986131536-FollowerState] INFO  server.RaftServer$Division (RaftServerImpl.java:setRole(299)) - omNode-1@group-523986131536: changes role from  FOLLOWER to CANDIDATE at term 0 for changeToCandidate
2022-10-18 03:53:23,898 [omNode-1@group-523986131536-FollowerState] INFO  server.RaftServerConfigKeys (ConfUtils.java:logGet(46)) - raft.server.leaderelection.pre-vote = false (custom)
2022-10-18 03:53:23,899 [omNode-1@group-523986131536-FollowerState] INFO  impl.RoleInfo (RoleInfo.java:updateAndGet(139)) - omNode-1: start omNode-1@group-523986131536-LeaderElection1
2022-10-18 03:53:23,908 [omNode-1@group-523986131536-LeaderElection1] INFO  impl.LeaderElection (LeaderElection.java:askForVotes(310)) - omNode-1@group-523986131536-LeaderElection1 ELECTION round 0: submit vote requests at term 1 for -1: [omNode-3|rpc:localhost:44279|priority:0, omNode-1|rpc:localhost:42747|priority:0, omNode-2|rpc:localhost:37241|priority:0], old=null
2022-10-18 03:53:23,911 [Listener at 127.0.0.1/37159] INFO  reflections.Reflections (Reflections.java:scan(232)) - Reflections took 95 ms to scan 2 urls, producing 154 keys and 428 values [using 2 cores]
2022-10-18 03:53:23,912 [Listener at 127.0.0.1/37159] INFO  upgrade.OMLayoutVersionManager (OMLayoutVersionManager.java:lambda$0(115)) - Skipping Upgrade Action MockOmUpgradeAction since it has been finalized.
2022-10-18 03:53:23,912 [Listener at 127.0.0.1/37159] WARN  server.ServerUtils (ServerUtils.java:getDBPath(225)) - ozone.om.db.dirs is not configured. We recommend adding this setting. Falling back to ozone.metadata.dirs instead.
2022-10-18 03:53:23,914 [Listener at 127.0.0.1/37159] INFO  proxy.SCMBlockLocationFailoverProxyProvider (SCMBlockLocationFailoverProxyProvider.java:<init>(114)) - Created block location fail-over proxy with 1 nodes: [nodeId=scmNodeId,nodeAddress=/0.0.0.0:40109]
2022-10-18 03:53:23,916 [Listener at 127.0.0.1/37159] INFO  proxy.SCMBlockLocationFailoverProxyProvider (SCMBlockLocationFailoverProxyProvider.java:<init>(114)) - Created block location fail-over proxy with 1 nodes: [nodeId=scmNodeId,nodeAddress=/0.0.0.0:40109]
2022-10-18 03:53:23,928 [Listener at 127.0.0.1/37159] WARN  server.ServerUtils (ServerUtils.java:getDBPath(225)) - ozone.om.db.dirs is not configured. We recommend adding this setting. Falling back to ozone.metadata.dirs instead.
2022-10-18 03:53:23,929 [Listener at 127.0.0.1/37159] INFO  codec.OmKeyInfoCodec (OmKeyInfoCodec.java:<init>(49)) - OmKeyInfoCodec ignorePipeline = true
2022-10-18 03:53:23,929 [Listener at 127.0.0.1/37159] INFO  codec.RepeatedOmKeyInfoCodec (RepeatedOmKeyInfoCodec.java:<init>(41)) - RepeatedOmKeyInfoCodec ignorePipeline = true
2022-10-18 03:53:24,202 [Listener at 127.0.0.1/37159] INFO  om.OzoneManager (OzoneManager.java:instantiateServices(712)) - S3 Multi-Tenancy is disabled
2022-10-18 03:53:24,204 [Listener at 127.0.0.1/37159] INFO  om.OzoneManager (OzoneManager.java:addS3GVolumeToDB(4386)) - Created Volume s3v With Owner runner required for S3Gateway operations.
2022-10-18 03:53:24,205 [Listener at 127.0.0.1/37159] WARN  server.ServerUtils (ServerUtils.java:getDefaultRatisDirectory(237)) - Storage directory for Ratis is not configured. It is a good idea to map this to an SSD disk. Falling back to ozone.metadata.dirs
2022-10-18 03:53:24,205 [Listener at 127.0.0.1/37159] WARN  utils.OzoneManagerRatisUtils (OzoneManagerRatisUtils.java:getOMRatisSnapshotDirectory(434)) - ozone.om.ratis.snapshot.dir is not configured. Falling back to ozone.metadata.dirs config
2022-10-18 03:53:24,205 [Listener at 127.0.0.1/37159] INFO  snapshot.OzoneManagerSnapshotProvider (OzoneManagerSnapshotProvider.java:<init>(76)) - Initializing OM Snapshot Provider
2022-10-18 03:53:24,206 [Listener at 127.0.0.1/37159] WARN  impl.MetricRegistriesImpl (MetricRegistriesImpl.java:addReporterRegistration(111)) - New reporters are added after registries were created. Some metrics will be missing from the reporter. Please add reporter before adding any new registry.
2022-10-18 03:53:24,206 [Listener at 127.0.0.1/37159] WARN  impl.MetricRegistriesImpl (MetricRegistriesImpl.java:addReporterRegistration(111)) - New reporters are added after registries were created. Some metrics will be missing from the reporter. Please add reporter before adding any new registry.
2022-10-18 03:53:24,207 [Listener at 127.0.0.1/37159] WARN  server.ServerUtils (ServerUtils.java:getDefaultRatisDirectory(237)) - Storage directory for Ratis is not configured. It is a good idea to map this to an SSD disk. Falling back to ozone.metadata.dirs
2022-10-18 03:53:24,208 [Listener at 127.0.0.1/37159] INFO  ratis.OzoneManagerRatisServer (OzoneManagerRatisServer.java:<init>(160)) - Instantiating OM Ratis server with groupID: om-service-test1 and peers: localhost:44279, localhost:42747, localhost:37241
2022-10-18 03:53:24,208 [Listener at 127.0.0.1/37159] INFO  ratis.OzoneManagerStateMachine (OzoneManagerStateMachine.java:loadSnapshotInfoFromDB(632)) - LastAppliedIndex is set from TransactionInfo from OM DB as (t:0, i:~)
2022-10-18 03:53:24,209 [Listener at 127.0.0.1/37159] INFO  server.RaftServer (ConfUtils.java:logGet(46)) - raft.rpc.type = GRPC (default)
2022-10-18 03:53:24,209 [Listener at 127.0.0.1/37159] INFO  grpc.GrpcFactory (GrpcFactory.java:checkPooledByteBufAllocatorUseCacheForAllThreads(48)) - PERFORMANCE WARNING: useCacheForAllThreads is true that may cause Netty to create a lot garbage objects and, as a result, trigger GC.
	It is recommended to disable useCacheForAllThreads by setting -Dorg.apache.ratis.thirdparty.io.netty.allocator.useCacheForAllThreads=false in command line.
2022-10-18 03:53:24,209 [Listener at 127.0.0.1/37159] INFO  grpc.GrpcConfigKeys (ConfUtils.java:logGet(46)) - raft.grpc.admin.port = -1 (default)
2022-10-18 03:53:24,209 [Listener at 127.0.0.1/37159] INFO  grpc.GrpcConfigKeys (ConfUtils.java:logGet(46)) - raft.grpc.server.port = 44279 (custom)
2022-10-18 03:53:24,210 [Listener at 127.0.0.1/37159] INFO  grpc.GrpcConfigKeys (ConfUtils.java:logGet(46)) - raft.grpc.client.port = -1 (default)
2022-10-18 03:53:24,210 [Listener at 127.0.0.1/37159] INFO  grpc.GrpcConfigKeys (ConfUtils.java:logGet(46)) - raft.grpc.server.port = 44279 (custom)
2022-10-18 03:53:24,210 [Listener at 127.0.0.1/37159] INFO  grpc.GrpcConfigKeys (ConfUtils.java:logGet(46)) - raft.grpc.server.port = 44279 (custom)
2022-10-18 03:53:24,210 [Listener at 127.0.0.1/37159] INFO  server.GrpcService (ConfUtils.java:logGet(46)) - raft.grpc.message.size.max = 33554432 (custom)
2022-10-18 03:53:24,211 [Listener at 127.0.0.1/37159] INFO  server.RaftServerConfigKeys (ConfUtils.java:logGet(46)) - raft.server.log.appender.buffer.byte-limit = 33554432 (custom)
2022-10-18 03:53:24,211 [Listener at 127.0.0.1/37159] INFO  server.GrpcService (ConfUtils.java:logGet(46)) - raft.grpc.flow.control.window = 1MB (=1048576) (default)
2022-10-18 03:53:24,211 [Listener at 127.0.0.1/37159] INFO  server.RaftServerConfigKeys (ConfUtils.java:logGet(46)) - raft.server.rpc.request.timeout = 3000ms (default)
2022-10-18 03:53:24,211 [Listener at 127.0.0.1/37159] INFO  grpc.GrpcConfigKeys (ConfUtils.java:logGet(46)) - raft.grpc.server.async.request.thread.pool.cached = true (default)
2022-10-18 03:53:24,211 [Listener at 127.0.0.1/37159] INFO  grpc.GrpcConfigKeys (ConfUtils.java:logGet(46)) - raft.grpc.server.async.request.thread.pool.size = 32 (default)
2022-10-18 03:53:24,213 [Listener at 127.0.0.1/37159] INFO  impl.DataStreamServerImpl (ConfUtils.java:logGet(46)) - raft.datastream.type = DISABLED (default)
2022-10-18 03:53:24,213 [Listener at 127.0.0.1/37159] INFO  server.RaftServerConfigKeys (ConfUtils.java:logGet(46)) - raft.server.threadpool.proxy.cached = true (default)
2022-10-18 03:53:24,213 [Listener at 127.0.0.1/37159] INFO  server.RaftServerConfigKeys (ConfUtils.java:logGet(46)) - raft.server.threadpool.proxy.size = 0 (default)
2022-10-18 03:53:24,213 [Listener at 127.0.0.1/37159] INFO  server.RaftServerConfigKeys (ConfUtils.java:logGet(46)) - raft.server.rpc.slowness.timeout = 2s (custom)
2022-10-18 03:53:24,214 [Listener at 127.0.0.1/37159] INFO  server.RaftServerConfigKeys (ConfUtils.java:logGet(46)) - raft.server.leaderelection.leader.step-down.wait-time = 10s (default)
2022-10-18 03:53:24,214 [Listener at 127.0.0.1/37159] INFO  server.RaftServerConfigKeys (ConfUtils.java:logGet(46)) - raft.server.storage.dir = [/home/runner/work/ozone/ozone/hadoop-ozone/integration-test/target/test-dir/MiniOzoneClusterImpl-5cdafbed-51d9-4f54-a43e-7c7e014ba032/omNode-3/ratis] (custom)
2022-10-18 03:53:24,217 [Listener at 127.0.0.1/37159] INFO  server.RaftServer (RaftServerProxy.java:addNew(96)) - omNode-3: addNew group-523986131536:[omNode-3|rpc:localhost:44279|priority:0, omNode-1|rpc:localhost:42747|priority:0, omNode-2|rpc:localhost:37241|priority:0] returns group-523986131536:java.util.concurrent.CompletableFuture@2f673679[Not completed]
2022-10-18 03:53:24,218 [Listener at 127.0.0.1/37159] INFO  om.OzoneManager (OzoneManager.java:initializeRatisServer(1975)) - OzoneManager Ratis server initialized at port 44279
2022-10-18 03:53:24,219 [Listener at 127.0.0.1/37159] INFO  om.OzoneManager (OzoneManager.java:getRpcServer(1101)) - Creating RPC Server
2022-10-18 03:53:24,220 [pool-107-thread-1] INFO  server.RaftServer$Division (RaftServerImpl.java:<init>(190)) - omNode-3: new RaftServerImpl for group-523986131536:[omNode-3|rpc:localhost:44279|priority:0, omNode-1|rpc:localhost:42747|priority:0, omNode-2|rpc:localhost:37241|priority:0] with OzoneManagerStateMachine:uninitialized
2022-10-18 03:53:24,220 [pool-107-thread-1] INFO  server.RaftServerConfigKeys (ConfUtils.java:logGet(46)) - raft.server.rpc.timeout.min = 1s (custom)
2022-10-18 03:53:24,220 [pool-107-thread-1] INFO  server.RaftServerConfigKeys (ConfUtils.java:logGet(46)) - raft.server.rpc.timeout.max = 1200ms (custom)
2022-10-18 03:53:24,220 [pool-107-thread-1] INFO  server.RaftServerConfigKeys (ConfUtils.java:logGet(46)) - raft.server.rpc.sleep.time = 25ms (default)
2022-10-18 03:53:24,220 [pool-107-thread-1] INFO  server.RaftServerConfigKeys (ConfUtils.java:logGet(46)) - raft.server.rpc.slowness.timeout = 2s (custom)
2022-10-18 03:53:24,220 [pool-107-thread-1] INFO  server.RaftServerConfigKeys (ConfUtils.java:logGet(46)) - raft.server.leaderelection.leader.step-down.wait-time = 10s (default)
2022-10-18 03:53:24,221 [pool-107-thread-1] INFO  server.RaftServerConfigKeys (ConfUtils.java:logGet(46)) - raft.server.sleep.deviation.threshold = 300ms (default)
2022-10-18 03:53:24,221 [pool-107-thread-1] INFO  server.RaftServer$Division (ServerState.java:<init>(107)) - omNode-3@group-523986131536: ConfigurationManager, init=-1: [omNode-3|rpc:localhost:44279|priority:0, omNode-1|rpc:localhost:42747|priority:0, omNode-2|rpc:localhost:37241|priority:0], old=null, confs=<EMPTY_MAP>
2022-10-18 03:53:24,221 [pool-107-thread-1] INFO  server.RaftServerConfigKeys (ConfUtils.java:logGet(46)) - raft.server.storage.dir = [/home/runner/work/ozone/ozone/hadoop-ozone/integration-test/target/test-dir/MiniOzoneClusterImpl-5cdafbed-51d9-4f54-a43e-7c7e014ba032/omNode-3/ratis] (custom)
2022-10-18 03:53:24,221 [pool-107-thread-1] INFO  server.RaftServerConfigKeys (ConfUtils.java:logGet(46)) - raft.server.log.corruption.policy = EXCEPTION (default)
2022-10-18 03:53:24,221 [pool-107-thread-1] INFO  server.RaftServerConfigKeys (ConfUtils.java:logGet(46)) - raft.server.storage.free-space.min = 0MB (=0) (default)
2022-10-18 03:53:24,221 [pool-107-thread-1] INFO  storage.RaftStorageDirectory (RaftStorageDirectoryImpl.java:analyzeStorage(135)) - The storage directory /home/runner/work/ozone/ozone/hadoop-ozone/integration-test/target/test-dir/MiniOzoneClusterImpl-5cdafbed-51d9-4f54-a43e-7c7e014ba032/omNode-3/ratis/c9bc4cf4-3bc3-3c60-a66b-523986131536 does not exist. Creating ...
2022-10-18 03:53:24,222 [pool-107-thread-1] INFO  storage.RaftStorageDirectory (RaftStorageDirectoryImpl.java:tryLock(230)) - Lock on /home/runner/work/ozone/ozone/hadoop-ozone/integration-test/target/test-dir/MiniOzoneClusterImpl-5cdafbed-51d9-4f54-a43e-7c7e014ba032/omNode-3/ratis/c9bc4cf4-3bc3-3c60-a66b-523986131536/in_use.lock acquired by nodename 30743@fv-az573-760
2022-10-18 03:53:24,224 [pool-107-thread-1] INFO  storage.RaftStorage (RaftStorageImpl.java:format(89)) - Storage directory /home/runner/work/ozone/ozone/hadoop-ozone/integration-test/target/test-dir/MiniOzoneClusterImpl-5cdafbed-51d9-4f54-a43e-7c7e014ba032/omNode-3/ratis/c9bc4cf4-3bc3-3c60-a66b-523986131536 has been successfully formatted.
2022-10-18 03:53:24,225 [pool-107-thread-1] INFO  server.RaftServerConfigKeys (ConfUtils.java:logGet(46)) - raft.server.notification.no-leader.timeout = 2s (custom)
2022-10-18 03:53:24,225 [pool-107-thread-1] INFO  server.RaftServerConfigKeys (ConfUtils.java:logGet(46)) - raft.server.log.use.memory = false (default)
2022-10-18 03:53:24,225 [pool-107-thread-1] INFO  server.RaftServerConfigKeys (ConfUtils.java:logGet(46)) - raft.server.log.purge.gap = 50 (custom)
2022-10-18 03:53:24,225 [pool-107-thread-1] INFO  server.RaftServerConfigKeys (ConfUtils.java:logGet(46)) - raft.server.log.appender.buffer.byte-limit = 33554432 (custom)
2022-10-18 03:53:24,225 [pool-107-thread-1] INFO  server.RaftServerConfigKeys (ConfUtils.java:logGet(46)) - raft.server.log.statemachine.data.read.timeout = 1000ms (default)
2022-10-18 03:53:24,225 [pool-107-thread-1] INFO  server.RaftServerConfigKeys (ConfUtils.java:logGet(46)) - raft.server.log.segment.size.max = 4194304 (custom)
2022-10-18 03:53:24,226 [pool-107-thread-1] INFO  server.RaftServerConfigKeys (ConfUtils.java:logGet(46)) - raft.server.log.segment.cache.num.max = 2 (custom)
2022-10-18 03:53:24,226 [pool-107-thread-1] INFO  server.RaftServerConfigKeys (ConfUtils.java:logGet(46)) - raft.server.log.segment.cache.size.max = 200MB (=209715200) (default)
2022-10-18 03:53:24,226 [pool-107-thread-1] INFO  segmented.SegmentedRaftLogWorker (SegmentedRaftLogWorker.java:<init>(187)) - new omNode-3@group-523986131536-SegmentedRaftLogWorker for RaftStorageImpl:Storage Directory /home/runner/work/ozone/ozone/hadoop-ozone/integration-test/target/test-dir/MiniOzoneClusterImpl-5cdafbed-51d9-4f54-a43e-7c7e014ba032/omNode-3/ratis/c9bc4cf4-3bc3-3c60-a66b-523986131536
2022-10-18 03:53:24,226 [pool-107-thread-1] INFO  server.RaftServerConfigKeys (ConfUtils.java:logGet(46)) - raft.server.log.queue.byte-limit = 64MB (=67108864) (default)
2022-10-18 03:53:24,226 [pool-107-thread-1] INFO  server.RaftServerConfigKeys (ConfUtils.java:logGet(46)) - raft.server.log.queue.element-limit = 4096 (default)
2022-10-18 03:53:24,227 [pool-107-thread-1] INFO  server.RaftServerConfigKeys (ConfUtils.java:logGet(46)) - raft.server.log.segment.size.max = 4194304 (custom)
2022-10-18 03:53:24,227 [pool-107-thread-1] INFO  server.RaftServerConfigKeys (ConfUtils.java:logGet(46)) - raft.server.log.preallocated.size = 4194304 (custom)
2022-10-18 03:53:24,227 [pool-107-thread-1] INFO  server.RaftServerConfigKeys (ConfUtils.java:logGet(46)) - raft.server.log.force.sync.num = 128 (default)
2022-10-18 03:53:24,227 [pool-107-thread-1] INFO  server.RaftServerConfigKeys (ConfUtils.java:logGet(46)) - raft.server.log.statemachine.data.sync = true (default)
2022-10-18 03:53:24,227 [pool-107-thread-1] INFO  server.RaftServerConfigKeys (ConfUtils.java:logGet(46)) - raft.server.log.statemachine.data.sync.timeout = 10s (default)
2022-10-18 03:53:24,227 [pool-107-thread-1] INFO  server.RaftServerConfigKeys (ConfUtils.java:logGet(46)) - raft.server.log.statemachine.data.sync.timeout.retry = -1 (default)
2022-10-18 03:53:24,231 [pool-107-thread-1] INFO  server.RaftServerConfigKeys (ConfUtils.java:logGet(46)) - raft.server.log.write.buffer.size = 64KB (=65536) (default)
2022-10-18 03:53:24,231 [pool-107-thread-1] INFO  server.RaftServerConfigKeys (ConfUtils.java:logGet(46)) - raft.server.log.unsafe-flush.enabled = false (default)
2022-10-18 03:53:24,231 [pool-107-thread-1] INFO  server.RaftServerConfigKeys (ConfUtils.java:logGet(46)) - raft.server.log.statemachine.data.caching.enabled = false (default)
2022-10-18 03:53:24,232 [pool-107-thread-1] INFO  segmented.SegmentedRaftLogWorker (SegmentedRaftLogWorker.java:lambda$new$0(135)) - omNode-3@group-523986131536-SegmentedRaftLogWorker: flushIndex: setUnconditionally 0 -> -1
2022-10-18 03:53:24,235 [pool-107-thread-1] INFO  segmented.SegmentedRaftLogWorker (SegmentedRaftLogWorker.java:lambda$new$0(135)) - omNode-3@group-523986131536-SegmentedRaftLogWorker: safeCacheEvictIndex: setUnconditionally 0 -> -1
2022-10-18 03:53:24,235 [pool-107-thread-1] INFO  server.RaftServerConfigKeys (ConfUtils.java:logGet(46)) - raft.server.snapshot.auto.trigger.enabled = true (custom)
2022-10-18 03:53:24,235 [pool-107-thread-1] INFO  server.RaftServerConfigKeys (ConfUtils.java:logGet(46)) - raft.server.snapshot.auto.trigger.threshold = 50 (custom)
2022-10-18 03:53:24,235 [pool-107-thread-1] INFO  server.RaftServerConfigKeys (ConfUtils.java:logGet(46)) - raft.server.snapshot.retention.file.num = -1 (default)
2022-10-18 03:53:24,235 [pool-107-thread-1] INFO  server.RaftServerConfigKeys (ConfUtils.java:logGet(46)) - raft.server.log.purge.upto.snapshot.index = true (custom)
2022-10-18 03:53:24,236 [pool-107-thread-1] INFO  server.RaftServerConfigKeys (ConfUtils.java:logGet(46)) - raft.server.retrycache.expirytime = 30000ms (custom)
2022-10-18 03:53:24,236 [pool-107-thread-1] INFO  server.RaftServerConfigKeys (ConfUtils.java:logGet(46)) - raft.server.retrycache.statistics.expirytime = 100μs (default)
2022-10-18 03:53:24,237 [pool-107-thread-1] INFO  server.RaftServerConfigKeys (ConfUtils.java:logGet(46)) - raft.server.log.appender.install.snapshot.enabled = false (custom)
2022-10-18 03:53:24,238 [pool-107-thread-1] INFO  server.RaftServerConfigKeys (ConfUtils.java:logGet(46)) - raft.server.threadpool.server.cached = true (default)
2022-10-18 03:53:24,238 [pool-107-thread-1] INFO  server.RaftServerConfigKeys (ConfUtils.java:logGet(46)) - raft.server.threadpool.server.size = 0 (default)
2022-10-18 03:53:24,238 [pool-107-thread-1] INFO  server.RaftServerConfigKeys (ConfUtils.java:logGet(46)) - raft.server.threadpool.client.cached = true (default)
2022-10-18 03:53:24,238 [pool-107-thread-1] INFO  server.RaftServerConfigKeys (ConfUtils.java:logGet(46)) - raft.server.threadpool.client.size = 0 (default)
2022-10-18 03:53:24,548 [omNode-1@group-523986131536-LeaderElection1] INFO  impl.LeaderElection (LogUtils.java:infoOrTrace(137)) - omNode-1@group-523986131536-LeaderElection1 got exception when requesting votes: java.util.concurrent.ExecutionException: org.apache.ratis.thirdparty.io.grpc.StatusRuntimeException: UNAVAILABLE: io exception
2022-10-18 03:53:24,791 [omNode-2@group-523986131536-FollowerState] INFO  impl.FollowerState (FollowerState.java:run(143)) - omNode-2@group-523986131536-FollowerState: change to CANDIDATE, lastRpcElapsedTime:1047011597ns, electionTimeout:1046ms
2022-10-18 03:53:24,794 [omNode-2@group-523986131536-FollowerState] INFO  impl.RoleInfo (RoleInfo.java:shutdownFollowerState(110)) - omNode-2: shutdown omNode-2@group-523986131536-FollowerState
2022-10-18 03:53:24,795 [omNode-2@group-523986131536-FollowerState] INFO  server.RaftServer$Division (RaftServerImpl.java:setRole(299)) - omNode-2@group-523986131536: changes role from  FOLLOWER to CANDIDATE at term 0 for changeToCandidate
2022-10-18 03:53:24,795 [omNode-2@group-523986131536-FollowerState] INFO  server.RaftServerConfigKeys (ConfUtils.java:logGet(46)) - raft.server.leaderelection.pre-vote = false (custom)
2022-10-18 03:53:24,795 [omNode-2@group-523986131536-FollowerState] INFO  impl.RoleInfo (RoleInfo.java:updateAndGet(139)) - omNode-2: start omNode-2@group-523986131536-LeaderElection2
2022-10-18 03:53:24,813 [omNode-2@group-523986131536-LeaderElection2] INFO  impl.LeaderElection (LeaderElection.java:askForVotes(310)) - omNode-2@group-523986131536-LeaderElection2 ELECTION round 0: submit vote requests at term 1 for -1: [omNode-3|rpc:localhost:44279|priority:0, omNode-1|rpc:localhost:42747|priority:0, omNode-2|rpc:localhost:37241|priority:0], old=null
2022-10-18 03:53:24,841 [omNode-2@group-523986131536-LeaderElection2] INFO  impl.LeaderElection (LogUtils.java:infoOrTrace(137)) - omNode-2@group-523986131536-LeaderElection2 got exception when requesting votes: java.util.concurrent.ExecutionException: org.apache.ratis.thirdparty.io.grpc.StatusRuntimeException: UNAVAILABLE: io exception
2022-10-18 03:53:24,842 [grpc-default-executor-1] INFO  server.RaftServer$Division (RaftServerImpl.java:requestVote(1152)) - omNode-2@group-523986131536: receive requestVote(ELECTION, omNode-1, group-523986131536, 1, (t:0, i:~))
2022-10-18 03:53:24,847 [grpc-default-executor-1] INFO  impl.VoteContext (VoteContext.java:log(48)) - omNode-2@group-523986131536-CANDIDATE: reject ELECTION from omNode-1: already has voted for omNode-2 at current term 1
2022-10-18 03:53:24,857 [grpc-default-executor-1] INFO  server.RaftServer$Division (RaftServerImpl.java:requestVote(1184)) - omNode-2@group-523986131536 replies to ELECTION vote request: omNode-1<-omNode-2#0:FAIL-t1. Peer's state: omNode-2@group-523986131536:t1, leader=null, voted=omNode-2, raftlog=omNode-2@group-523986131536-SegmentedRaftLog:OPENED:c-1, conf=-1: [omNode-3|rpc:localhost:44279|priority:0, omNode-1|rpc:localhost:42747|priority:0, omNode-2|rpc:localhost:37241|priority:0], old=null
2022-10-18 03:53:24,886 [omNode-1@group-523986131536-LeaderElection1] INFO  impl.LeaderElection (LeaderElection.java:logAndReturn(90)) - omNode-1@group-523986131536-LeaderElection1: ELECTION REJECTED received 1 response(s) and 1 exception(s):
2022-10-18 03:53:24,886 [omNode-1@group-523986131536-LeaderElection1] INFO  impl.LeaderElection (LeaderElection.java:logAndReturn(94)) -   Response 0: omNode-1<-omNode-2#0:FAIL-t1
2022-10-18 03:53:24,886 [omNode-1@group-523986131536-LeaderElection1] INFO  impl.LeaderElection (LogUtils.java:infoOrTrace(137)) -   Exception 1: java.util.concurrent.ExecutionException: org.apache.ratis.thirdparty.io.grpc.StatusRuntimeException: UNAVAILABLE: io exception
2022-10-18 03:53:24,886 [omNode-1@group-523986131536-LeaderElection1] INFO  impl.LeaderElection (LeaderElection.java:askForVotes(312)) - omNode-1@group-523986131536-LeaderElection1 ELECTION round 0: result REJECTED
2022-10-18 03:53:24,887 [omNode-1@group-523986131536-LeaderElection1] INFO  server.RaftServer$Division (RaftServerImpl.java:setRole(299)) - omNode-1@group-523986131536: changes role from CANDIDATE to FOLLOWER at term 1 for REJECTED
2022-10-18 03:53:24,887 [omNode-1@group-523986131536-LeaderElection1] INFO  impl.RoleInfo (RoleInfo.java:shutdownLeaderElection(130)) - omNode-1: shutdown omNode-1@group-523986131536-LeaderElection1
2022-10-18 03:53:24,889 [omNode-1@group-523986131536-LeaderElection1] INFO  impl.RoleInfo (RoleInfo.java:updateAndGet(139)) - omNode-1: start omNode-1@group-523986131536-FollowerState
2022-10-18 03:53:24,903 [grpc-default-executor-1] INFO  server.RaftServer$Division (RaftServerImpl.java:requestVote(1152)) - omNode-1@group-523986131536: receive requestVote(ELECTION, omNode-2, group-523986131536, 1, (t:0, i:~))
2022-10-18 03:53:24,903 [grpc-default-executor-1] INFO  impl.VoteContext (VoteContext.java:log(48)) - omNode-1@group-523986131536-FOLLOWER: reject ELECTION from omNode-2: already has voted for omNode-1 at current term 1
2022-10-18 03:53:24,904 [grpc-default-executor-1] INFO  server.RaftServer$Division (RaftServerImpl.java:requestVote(1184)) - omNode-1@group-523986131536 replies to ELECTION vote request: omNode-2<-omNode-1#0:FAIL-t1. Peer's state: omNode-1@group-523986131536:t1, leader=null, voted=omNode-1, raftlog=omNode-1@group-523986131536-SegmentedRaftLog:OPENED:c-1, conf=-1: [omNode-3|rpc:localhost:44279|priority:0, omNode-1|rpc:localhost:42747|priority:0, omNode-2|rpc:localhost:37241|priority:0], old=null
2022-10-18 03:53:24,916 [omNode-2@group-523986131536-LeaderElection2] INFO  impl.LeaderElection (LeaderElection.java:logAndReturn(90)) - omNode-2@group-523986131536-LeaderElection2: ELECTION REJECTED received 1 response(s) and 1 exception(s):
2022-10-18 03:53:24,916 [omNode-2@group-523986131536-LeaderElection2] INFO  impl.LeaderElection (LeaderElection.java:logAndReturn(94)) -   Response 0: omNode-2<-omNode-1#0:FAIL-t1
2022-10-18 03:53:24,916 [omNode-2@group-523986131536-LeaderElection2] INFO  impl.LeaderElection (LogUtils.java:infoOrTrace(137)) -   Exception 1: java.util.concurrent.ExecutionException: org.apache.ratis.thirdparty.io.grpc.StatusRuntimeException: UNAVAILABLE: io exception
2022-10-18 03:53:24,916 [omNode-2@group-523986131536-LeaderElection2] INFO  impl.LeaderElection (LeaderElection.java:askForVotes(312)) - omNode-2@group-523986131536-LeaderElection2 ELECTION round 0: result REJECTED
2022-10-18 03:53:24,917 [omNode-2@group-523986131536-LeaderElection2] INFO  server.RaftServer$Division (RaftServerImpl.java:setRole(299)) - omNode-2@group-523986131536: changes role from CANDIDATE to FOLLOWER at term 1 for REJECTED
2022-10-18 03:53:24,917 [omNode-2@group-523986131536-LeaderElection2] INFO  impl.RoleInfo (RoleInfo.java:shutdownLeaderElection(130)) - omNode-2: shutdown omNode-2@group-523986131536-LeaderElection2
2022-10-18 03:53:24,917 [omNode-2@group-523986131536-LeaderElection2] INFO  impl.RoleInfo (RoleInfo.java:updateAndGet(139)) - omNode-2: start omNode-2@group-523986131536-FollowerState
2022-10-18 03:53:24,952 [Listener at 127.0.0.1/37159] INFO  reflections.Reflections (Reflections.java:scan(232)) - Reflections took 731 ms to scan 19 urls, producing 67 keys and 4238 values [using 2 cores]
2022-10-18 03:53:24,955 [Listener at 127.0.0.1/37159] INFO  ipc.CallQueueManager (CallQueueManager.java:<init>(90)) - Using callQueue: class java.util.concurrent.LinkedBlockingQueue, queueCapacity: 2000, scheduler: class org.apache.hadoop.ipc.DefaultRpcScheduler, ipcBackoff: false.
2022-10-18 03:53:24,956 [Socket Reader #1 for port 45489] INFO  ipc.Server (Server.java:run(1273)) - Starting Socket Reader #1 for port 45489
2022-10-18 03:53:24,977 [Listener at 127.0.0.1/45489] INFO  impl.MetricsSystemImpl (MetricsSystemImpl.java:init(158)) - OzoneManager metrics system started (again)
2022-10-18 03:53:24,988 [Listener at 127.0.0.1/45489] INFO  om.OzoneManager (OzoneManager.java:start(1482)) - OzoneManager RPC server is listening at localhost/127.0.0.1:45489
2022-10-18 03:53:24,989 [Listener at 127.0.0.1/45489] INFO  ratis.OzoneManagerRatisServer (OzoneManagerRatisServer.java:start(555)) - Starting OzoneManagerRatisServer omNode-3 at port 44279
2022-10-18 03:53:24,989 [omNode-3-impl-thread1] INFO  server.RaftServer$Division (RaftServerImpl.java:start(310)) - omNode-3@group-523986131536: start as a follower, conf=-1: [omNode-3|rpc:localhost:44279|priority:0, omNode-1|rpc:localhost:42747|priority:0, omNode-2|rpc:localhost:37241|priority:0], old=null
2022-10-18 03:53:24,989 [omNode-3-impl-thread1] INFO  server.RaftServer$Division (RaftServerImpl.java:setRole(299)) - omNode-3@group-523986131536: changes role from      null to FOLLOWER at term 0 for startAsFollower
2022-10-18 03:53:24,989 [omNode-3-impl-thread1] INFO  impl.RoleInfo (RoleInfo.java:updateAndGet(139)) - omNode-3: start omNode-3@group-523986131536-FollowerState
2022-10-18 03:53:24,990 [omNode-3-impl-thread1] INFO  util.JmxRegister (JmxRegister.java:tryRegister(44)) - Successfully registered JMX Bean with object name Ratis:service=RaftServer,group=group-523986131536,id=omNode-3
2022-10-18 03:53:24,991 [Listener at 127.0.0.1/45489] INFO  server.RaftServer (RaftServerProxy.java:lambda$start$6(382)) - omNode-3: start RPC server
2022-10-18 03:53:24,993 [Listener at 127.0.0.1/45489] INFO  server.GrpcService (GrpcService.java:startImpl(260)) - omNode-3: GrpcService started, listening on 44279
2022-10-18 03:53:24,994 [Listener at 127.0.0.1/45489] INFO  om.OzoneManager (OzoneManager.java:start(1498)) - Version File has different layout version (3) than OM DB (null). That is expected if this OM has never been finalized to a newer layout version.
2022-10-18 03:53:24,994 [org.apache.ratis.util.JvmPauseMonitor$$Lambda$703/726954313@1107df15] INFO  util.JvmPauseMonitor (JvmPauseMonitor.java:run(103)) - JvmPauseMonitor-omNode-3: Started
2022-10-18 03:53:25,000 [Listener at 127.0.0.1/45489] INFO  http.BaseHttpServer (BaseHttpServer.java:newHttpServer2BuilderForOzone(213)) - Starting Web-server for ozoneManager at: http://0.0.0.0:34765
2022-10-18 03:53:25,000 [Listener at 127.0.0.1/45489] INFO  http.BaseHttpServer (BaseHttpServer.java:<init>(108)) - Hadoop Security Enabled: false Ozone Security Enabled: false Ozone HTTP Security Enabled: false 
2022-10-18 03:53:25,002 [Listener at 127.0.0.1/45489] WARN  server.AuthenticationFilter (AuthenticationFilter.java:constructSecretProvider(240)) - Unable to initialize FileSignerSecretProvider, falling back to use random secrets. Reason: Could not read signature secret file: /home/runner/hadoop-http-auth-signature-secret
2022-10-18 03:53:25,003 [Listener at 127.0.0.1/45489] WARN  http.HttpRequestLog (HttpRequestLog.java:getRequestLog(103)) - Jetty request log can only be enabled using Log4j
2022-10-18 03:53:25,005 [Listener at 127.0.0.1/45489] INFO  http.HttpServer2 (HttpServer2.java:addGlobalFilter(1031)) - Added global filter 'safety' (class=org.apache.hadoop.hdds.server.http.HttpServer2$QuotingInputFilter)
2022-10-18 03:53:25,005 [Listener at 127.0.0.1/45489] INFO  http.HttpServer2 (HttpServer2.java:addFilter(1007)) - Added filter static_user_filter (class=org.apache.hadoop.http.lib.StaticUserWebFilter$StaticUserFilter) to context ozoneManager
2022-10-18 03:53:25,006 [Listener at 127.0.0.1/45489] INFO  http.HttpServer2 (HttpServer2.java:addFilter(1015)) - Added filter static_user_filter (class=org.apache.hadoop.http.lib.StaticUserWebFilter$StaticUserFilter) to context static
2022-10-18 03:53:25,006 [Listener at 127.0.0.1/45489] INFO  http.HttpServer2 (HttpServer2.java:addFilter(1015)) - Added filter static_user_filter (class=org.apache.hadoop.http.lib.StaticUserWebFilter$StaticUserFilter) to context logs
2022-10-18 03:53:25,007 [Listener at 127.0.0.1/45489] INFO  http.HttpServer2 (HttpServer2.java:bindListener(1250)) - Jetty bound to port 34765
2022-10-18 03:53:25,007 [Listener at 127.0.0.1/45489] INFO  server.Server (Server.java:doStart(375)) - jetty-9.4.43.v20210629; built: 2021-06-30T11:07:22.254Z; git: 526006ecfa3af7f1a27ef3a288e2bef7ea9dd7e8; jvm 1.8.0_345-b01
2022-10-18 03:53:25,012 [Listener at 127.0.0.1/45489] INFO  server.session (DefaultSessionIdManager.java:doStart(334)) - DefaultSessionIdManager workerName=node0
2022-10-18 03:53:25,012 [Listener at 127.0.0.1/45489] INFO  server.session (DefaultSessionIdManager.java:doStart(339)) - No SessionScavenger set, using defaults
2022-10-18 03:53:25,012 [Listener at 127.0.0.1/45489] INFO  server.session (HouseKeeper.java:startScavenging(132)) - node0 Scavenging every 660000ms
2022-10-18 03:53:25,013 [Listener at 127.0.0.1/45489] INFO  handler.ContextHandler (ContextHandler.java:doStart(915)) - Started o.e.j.s.ServletContextHandler@7fabe964{logs,/logs,file:///home/runner/work/ozone/ozone/hadoop-ozone/integration-test/target/log,AVAILABLE}
2022-10-18 03:53:25,014 [Listener at 127.0.0.1/45489] INFO  handler.ContextHandler (ContextHandler.java:doStart(915)) - Started o.e.j.s.ServletContextHandler@1881fb7d{static,/static,file:///home/runner/work/ozone/ozone/hadoop-ozone/integration-test/target/test-classes/webapps/static,AVAILABLE}
2022-10-18 03:53:25,024 [Listener at 127.0.0.1/45489] INFO  handler.ContextHandler (ContextHandler.java:doStart(915)) - Started o.e.j.w.WebAppContext@3c042ee3{ozoneManager,/,file:///home/runner/work/ozone/ozone/hadoop-ozone/integration-test/target/test-classes/webapps/ozoneManager/,AVAILABLE}{file:/home/runner/work/ozone/ozone/hadoop-ozone/integration-test/target/test-classes/webapps/ozoneManager}
2022-10-18 03:53:25,033 [Listener at 127.0.0.1/45489] INFO  server.AbstractConnector (AbstractConnector.java:doStart(331)) - Started ServerConnector@23d3c1d1{HTTP/1.1, (http/1.1)}{0.0.0.0:34765}
2022-10-18 03:53:25,033 [Listener at 127.0.0.1/45489] INFO  server.Server (Server.java:doStart(415)) - Started @10721ms
2022-10-18 03:53:25,034 [Listener at 127.0.0.1/45489] WARN  impl.MetricsSystemImpl (MetricsSystemImpl.java:register(279)) - Sink prometheus already exists!
2022-10-18 03:53:25,035 [Listener at 127.0.0.1/45489] INFO  http.BaseHttpServer (BaseHttpServer.java:updateConnectorAddress(333)) - HTTP server of ozoneManager listening at http://0.0.0.0:34765
2022-10-18 03:53:25,035 [IPC Server listener on 45489] INFO  ipc.Server (Server.java:run(1352)) - IPC Server listener on 45489: starting
2022-10-18 03:53:25,036 [IPC Server Responder] INFO  ipc.Server (Server.java:run(1512)) - IPC Server Responder: starting
2022-10-18 03:53:25,047 [Listener at 127.0.0.1/45489] INFO  om.OzoneManager (OzoneManager.java:startTrashEmptier(1919)) - Trash Interval set to 0. Files deleted won't move to trash
2022-10-18 03:53:25,047 [Listener at 127.0.0.1/45489] INFO  ozone.MiniOzoneHAClusterImpl (MiniOzoneHAClusterImpl.java:createOMService(527)) - Started OzoneManager omNode-3 RPC server at localhost/127.0.0.1:45489
2022-10-18 03:53:25,047 [org.apache.hadoop.util.JvmPauseMonitor$Monitor@438237b8] INFO  util.JvmPauseMonitor (JvmPauseMonitor.java:run(188)) - Starting JVM pause monitor
2022-10-18 03:53:25,241 [Listener at 127.0.0.1/45489] WARN  impl.MetricRegistriesImpl (MetricRegistriesImpl.java:addReporterRegistration(111)) - New reporters are added after registries were created. Some metrics will be missing from the reporter. Please add reporter before adding any new registry.
2022-10-18 03:53:25,241 [Listener at 127.0.0.1/45489] WARN  impl.MetricRegistriesImpl (MetricRegistriesImpl.java:addReporterRegistration(111)) - New reporters are added after registries were created. Some metrics will be missing from the reporter. Please add reporter before adding any new registry.
2022-10-18 03:53:25,241 [Listener at 127.0.0.1/45489] INFO  impl.MetricsSystemImpl (MetricsSystemImpl.java:init(158)) - HddsDatanode metrics system started (again)
2022-10-18 03:53:25,261 [Listener at 127.0.0.1/45489] INFO  ozone.HddsDatanodeService (HddsDatanodeService.java:start(236)) - HddsDatanodeService host:fv-az573-760.uspngagyt4suddso0aj1djjezg.dx.internal.cloudapp.net ip:10.1.0.75
2022-10-18 03:53:25,301 [Listener at 127.0.0.1/45489] INFO  upgrade.AbstractLayoutVersionManager (AbstractLayoutVersionManager.java:init(83)) - Initializing Layout version manager with metadata layout = DATANODE_SCHEMA_V3 (version = 4), software layout = DATANODE_SCHEMA_V3 (version = 4)
2022-10-18 03:53:25,354 [Listener at 127.0.0.1/45489] INFO  reflections.Reflections (Reflections.java:scan(232)) - Reflections took 52 ms to scan 7 urls, producing 137 keys and 328 values 
2022-10-18 03:53:25,358 [Listener at 127.0.0.1/45489] INFO  statemachine.DatanodeStateMachine (DatanodeStateMachine.java:getEndPointTaskThreadPoolSize(237)) - Datanode State Machine Task Thread Pool size 2
2022-10-18 03:53:25,415 [Listener at 127.0.0.1/45489] INFO  volume.HddsVolume (HddsVolume.java:<init>(117)) - Creating HddsVolume: /home/runner/work/ozone/ozone/hadoop-ozone/integration-test/target/test-dir/MiniOzoneClusterImpl-5cdafbed-51d9-4f54-a43e-7c7e014ba032/datanode-0/data-0/containers/hdds of storage type : DISK capacity : 9223372036854775807
2022-10-18 03:53:25,418 [Listener at 127.0.0.1/45489] INFO  volume.MutableVolumeSet (MutableVolumeSet.java:initializeVolumeSet(174)) - Added Volume : /home/runner/work/ozone/ozone/hadoop-ozone/integration-test/target/test-dir/MiniOzoneClusterImpl-5cdafbed-51d9-4f54-a43e-7c7e014ba032/datanode-0/data-0/containers/hdds to VolumeSet
2022-10-18 03:53:25,419 [Listener at 127.0.0.1/45489] INFO  volume.ThrottledAsyncChecker (ThrottledAsyncChecker.java:schedule(141)) - Scheduling a check for /home/runner/work/ozone/ozone/hadoop-ozone/integration-test/target/test-dir/MiniOzoneClusterImpl-5cdafbed-51d9-4f54-a43e-7c7e014ba032/datanode-0/data-0/containers/hdds
2022-10-18 03:53:25,441 [Listener at 127.0.0.1/45489] INFO  volume.StorageVolumeChecker (StorageVolumeChecker.java:checkAllVolumes(202)) - Scheduled health check for volume /home/runner/work/ozone/ozone/hadoop-ozone/integration-test/target/test-dir/MiniOzoneClusterImpl-5cdafbed-51d9-4f54-a43e-7c7e014ba032/datanode-0/data-0/containers/hdds
2022-10-18 03:53:25,466 [Listener at 127.0.0.1/45489] INFO  volume.MutableVolumeSet (MutableVolumeSet.java:initializeVolumeSet(174)) - Added Volume : /home/runner/work/ozone/ozone/hadoop-ozone/integration-test/target/test-dir/MiniOzoneClusterImpl-5cdafbed-51d9-4f54-a43e-7c7e014ba032/datanode-0/data/ratis to VolumeSet
2022-10-18 03:53:25,466 [Listener at 127.0.0.1/45489] INFO  volume.ThrottledAsyncChecker (ThrottledAsyncChecker.java:schedule(141)) - Scheduling a check for /home/runner/work/ozone/ozone/hadoop-ozone/integration-test/target/test-dir/MiniOzoneClusterImpl-5cdafbed-51d9-4f54-a43e-7c7e014ba032/datanode-0/data/ratis
2022-10-18 03:53:25,467 [Listener at 127.0.0.1/45489] INFO  volume.StorageVolumeChecker (StorageVolumeChecker.java:checkAllVolumes(202)) - Scheduled health check for volume /home/runner/work/ozone/ozone/hadoop-ozone/integration-test/target/test-dir/MiniOzoneClusterImpl-5cdafbed-51d9-4f54-a43e-7c7e014ba032/datanode-0/data/ratis
2022-10-18 03:53:25,490 [Thread-234] INFO  ozoneimpl.ContainerReader (ContainerReader.java:readVolume(175)) - Finish verifying containers on volume /home/runner/work/ozone/ozone/hadoop-ozone/integration-test/target/test-dir/MiniOzoneClusterImpl-5cdafbed-51d9-4f54-a43e-7c7e014ba032/datanode-0/data-0/containers/hdds
2022-10-18 03:53:25,490 [Listener at 127.0.0.1/45489] INFO  ozoneimpl.OzoneContainer (OzoneContainer.java:buildContainerSet(300)) - Build ContainerSet costs 0s
2022-10-18 03:53:25,542 [Listener at 127.0.0.1/45489] INFO  audit.AuditLogger (AuditLogger.java:refreshDebugCmdSet(126)) - Refresh DebugCmdSet for DNAudit to [].
2022-10-18 03:53:25,572 [Listener at 127.0.0.1/45489] INFO  server.RaftServer (ConfUtils.java:logGet(46)) - raft.rpc.type = GRPC (default)
2022-10-18 03:53:25,572 [Listener at 127.0.0.1/45489] INFO  grpc.GrpcFactory (GrpcFactory.java:checkPooledByteBufAllocatorUseCacheForAllThreads(48)) - PERFORMANCE WARNING: useCacheForAllThreads is true that may cause Netty to create a lot garbage objects and, as a result, trigger GC.
	It is recommended to disable useCacheForAllThreads by setting -Dorg.apache.ratis.thirdparty.io.netty.allocator.useCacheForAllThreads=false in command line.
2022-10-18 03:53:25,573 [Listener at 127.0.0.1/45489] INFO  grpc.GrpcConfigKeys (ConfUtils.java:logGet(46)) - raft.grpc.admin.port = 0 (custom)
2022-10-18 03:53:25,573 [Listener at 127.0.0.1/45489] INFO  grpc.GrpcConfigKeys (ConfUtils.java:logGet(46)) - raft.grpc.client.port = 0 (custom)
2022-10-18 03:53:25,573 [Listener at 127.0.0.1/45489] INFO  grpc.GrpcConfigKeys (ConfUtils.java:logGet(46)) - raft.grpc.server.port = 0 (default)
2022-10-18 03:53:25,573 [Listener at 127.0.0.1/45489] INFO  server.GrpcService (ConfUtils.java:logGet(46)) - raft.grpc.message.size.max = 32MB (=33554432) (custom)
2022-10-18 03:53:25,574 [Listener at 127.0.0.1/45489] INFO  server.RaftServerConfigKeys (ConfUtils.java:logGet(46)) - raft.server.log.appender.buffer.byte-limit = 33554432 (custom)
2022-10-18 03:53:25,574 [Listener at 127.0.0.1/45489] INFO  server.GrpcService (ConfUtils.java:logGet(46)) - raft.grpc.flow.control.window = 5MB (=5242880) (custom)
2022-10-18 03:53:25,574 [Listener at 127.0.0.1/45489] INFO  server.RaftServerConfigKeys (ConfUtils.java:logGet(46)) - raft.server.rpc.request.timeout = 60s (custom)
2022-10-18 03:53:25,574 [Listener at 127.0.0.1/45489] INFO  grpc.GrpcConfigKeys (ConfUtils.java:logGet(46)) - raft.grpc.server.async.request.thread.pool.cached = true (default)
2022-10-18 03:53:25,574 [Listener at 127.0.0.1/45489] INFO  grpc.GrpcConfigKeys (ConfUtils.java:logGet(46)) - raft.grpc.server.async.request.thread.pool.size = 32 (default)
2022-10-18 03:53:25,576 [Listener at 127.0.0.1/45489] INFO  impl.DataStreamServerImpl (ConfUtils.java:logGet(46)) - raft.datastream.type = DISABLED (default)
2022-10-18 03:53:25,576 [Listener at 127.0.0.1/45489] INFO  server.RaftServerConfigKeys (ConfUtils.java:logGet(46)) - raft.server.threadpool.proxy.cached = true (default)
2022-10-18 03:53:25,576 [Listener at 127.0.0.1/45489] INFO  server.RaftServerConfigKeys (ConfUtils.java:logGet(46)) - raft.server.threadpool.proxy.size = 0 (default)
2022-10-18 03:53:25,576 [Listener at 127.0.0.1/45489] INFO  server.RaftServerConfigKeys (ConfUtils.java:logGet(46)) - raft.server.rpc.slowness.timeout = 300s (custom)
2022-10-18 03:53:25,577 [Listener at 127.0.0.1/45489] INFO  server.RaftServerConfigKeys (ConfUtils.java:logGet(46)) - raft.server.leaderelection.leader.step-down.wait-time = 10s (default)
2022-10-18 03:53:25,578 [Listener at 127.0.0.1/45489] INFO  server.RaftServerConfigKeys (ConfUtils.java:logGet(46)) - raft.server.storage.dir = [/home/runner/work/ozone/ozone/hadoop-ozone/integration-test/target/test-dir/MiniOzoneClusterImpl-5cdafbed-51d9-4f54-a43e-7c7e014ba032/datanode-0/data/ratis] (custom)
2022-10-18 03:53:25,597 [Listener at 127.0.0.1/45489] INFO  server.XceiverServerGrpc (XceiverServerGrpc.java:<init>(132)) - GrpcServer channel type EpollServerSocketChannel
2022-10-18 03:53:25,717 [Listener at 127.0.0.1/45489] INFO  http.BaseHttpServer (BaseHttpServer.java:newHttpServer2BuilderForOzone(213)) - Starting Web-server for hddsDatanode at: http://0.0.0.0:0
2022-10-18 03:53:25,717 [Listener at 127.0.0.1/45489] INFO  http.BaseHttpServer (BaseHttpServer.java:<init>(108)) - Hadoop Security Enabled: false Ozone Security Enabled: false Ozone HTTP Security Enabled: false 
2022-10-18 03:53:25,719 [Listener at 127.0.0.1/45489] WARN  server.AuthenticationFilter (AuthenticationFilter.java:constructSecretProvider(240)) - Unable to initialize FileSignerSecretProvider, falling back to use random secrets. Reason: Could not read signature secret file: /home/runner/hadoop-http-auth-signature-secret
2022-10-18 03:53:25,720 [Listener at 127.0.0.1/45489] WARN  http.HttpRequestLog (HttpRequestLog.java:getRequestLog(103)) - Jetty request log can only be enabled using Log4j
2022-10-18 03:53:25,722 [Listener at 127.0.0.1/45489] INFO  http.HttpServer2 (HttpServer2.java:addGlobalFilter(1031)) - Added global filter 'safety' (class=org.apache.hadoop.hdds.server.http.HttpServer2$QuotingInputFilter)
2022-10-18 03:53:25,723 [Listener at 127.0.0.1/45489] INFO  http.HttpServer2 (HttpServer2.java:addFilter(1007)) - Added filter static_user_filter (class=org.apache.hadoop.http.lib.StaticUserWebFilter$StaticUserFilter) to context hddsDatanode
2022-10-18 03:53:25,723 [Listener at 127.0.0.1/45489] INFO  http.HttpServer2 (HttpServer2.java:addFilter(1015)) - Added filter static_user_filter (class=org.apache.hadoop.http.lib.StaticUserWebFilter$StaticUserFilter) to context static
2022-10-18 03:53:25,723 [Listener at 127.0.0.1/45489] INFO  http.HttpServer2 (HttpServer2.java:addFilter(1015)) - Added filter static_user_filter (class=org.apache.hadoop.http.lib.StaticUserWebFilter$StaticUserFilter) to context logs
2022-10-18 03:53:25,724 [Listener at 127.0.0.1/45489] INFO  http.HttpServer2 (HttpServer2.java:bindListener(1250)) - Jetty bound to port 34941
2022-10-18 03:53:25,724 [Listener at 127.0.0.1/45489] INFO  server.Server (Server.java:doStart(375)) - jetty-9.4.43.v20210629; built: 2021-06-30T11:07:22.254Z; git: 526006ecfa3af7f1a27ef3a288e2bef7ea9dd7e8; jvm 1.8.0_345-b01
2022-10-18 03:53:25,728 [Listener at 127.0.0.1/45489] INFO  server.session (DefaultSessionIdManager.java:doStart(334)) - DefaultSessionIdManager workerName=node0
2022-10-18 03:53:25,728 [Listener at 127.0.0.1/45489] INFO  server.session (DefaultSessionIdManager.java:doStart(339)) - No SessionScavenger set, using defaults
2022-10-18 03:53:25,728 [Listener at 127.0.0.1/45489] INFO  server.session (HouseKeeper.java:startScavenging(132)) - node0 Scavenging every 660000ms
2022-10-18 03:53:25,729 [Listener at 127.0.0.1/45489] INFO  handler.ContextHandler (ContextHandler.java:doStart(915)) - Started o.e.j.s.ServletContextHandler@16987824{logs,/logs,file:///home/runner/work/ozone/ozone/hadoop-ozone/integration-test/target/log,AVAILABLE}
2022-10-18 03:53:25,729 [Listener at 127.0.0.1/45489] INFO  handler.ContextHandler (ContextHandler.java:doStart(915)) - Started o.e.j.s.ServletContextHandler@7f1d809e{static,/static,jar:file:/home/runner/.m2/repository/org/apache/ozone/hdds-container-service/1.3.0-SNAPSHOT/hdds-container-service-1.3.0-SNAPSHOT.jar!/webapps/static,AVAILABLE}
2022-10-18 03:53:25,941 [Listener at 127.0.0.1/45489] INFO  handler.ContextHandler (ContextHandler.java:doStart(915)) - Started o.e.j.w.WebAppContext@397b68ed{hddsDatanode,/,file:///tmp/jetty-0_0_0_0-34941-hdds-container-service-1_3_0-SNAPSHOT_jar-_-any-8806499189908371719/webapp/,AVAILABLE}{jar:file:/home/runner/.m2/repository/org/apache/ozone/hdds-container-service/1.3.0-SNAPSHOT/hdds-container-service-1.3.0-SNAPSHOT.jar!/webapps/hddsDatanode}
2022-10-18 03:53:25,942 [Listener at 127.0.0.1/45489] INFO  server.AbstractConnector (AbstractConnector.java:doStart(331)) - Started ServerConnector@50dc7396{HTTP/1.1, (http/1.1)}{0.0.0.0:34941}
2022-10-18 03:53:25,942 [Listener at 127.0.0.1/45489] INFO  server.Server (Server.java:doStart(415)) - Started @11630ms
2022-10-18 03:53:25,943 [Listener at 127.0.0.1/45489] WARN  impl.MetricsSystemImpl (MetricsSystemImpl.java:register(279)) - Sink prometheus already exists!
2022-10-18 03:53:25,943 [Listener at 127.0.0.1/45489] INFO  http.BaseHttpServer (BaseHttpServer.java:updateConnectorAddress(333)) - HTTP server of hddsDatanode listening at http://0.0.0.0:34941
2022-10-18 03:53:25,950 [Listener at 127.0.0.1/45489] WARN  impl.MetricRegistriesImpl (MetricRegistriesImpl.java:addReporterRegistration(111)) - New reporters are added after registries were created. Some metrics will be missing from the reporter. Please add reporter before adding any new registry.
2022-10-18 03:53:25,950 [Listener at 127.0.0.1/45489] WARN  impl.MetricRegistriesImpl (MetricRegistriesImpl.java:addReporterRegistration(111)) - New reporters are added after registries were created. Some metrics will be missing from the reporter. Please add reporter before adding any new registry.
2022-10-18 03:53:25,950 [Listener at 127.0.0.1/45489] INFO  impl.MetricsSystemImpl (MetricsSystemImpl.java:init(158)) - HddsDatanode metrics system started (again)
2022-10-18 03:53:25,958 [Datanode State Machine Daemon Thread] INFO  statemachine.DatanodeStateMachine (DatanodeStateMachine.java:lambda$startDaemon$0(492)) - Ozone container server started.
2022-10-18 03:53:25,966 [Listener at 127.0.0.1/45489] INFO  ozone.HddsDatanodeService (HddsDatanodeService.java:start(236)) - HddsDatanodeService host:fv-az573-760.uspngagyt4suddso0aj1djjezg.dx.internal.cloudapp.net ip:10.1.0.75
2022-10-18 03:53:25,981 [org.apache.hadoop.util.JvmPauseMonitor$Monitor@6b4239e2] INFO  util.JvmPauseMonitor (JvmPauseMonitor.java:run(188)) - Starting JVM pause monitor
2022-10-18 03:53:25,994 [omNode-1@group-523986131536-FollowerState] INFO  impl.FollowerState (FollowerState.java:run(143)) - omNode-1@group-523986131536-FollowerState: change to CANDIDATE, lastRpcElapsedTime:1105011756ns, electionTimeout:1091ms
2022-10-18 03:53:25,995 [omNode-1@group-523986131536-FollowerState] INFO  impl.RoleInfo (RoleInfo.java:shutdownFollowerState(110)) - omNode-1: shutdown omNode-1@group-523986131536-FollowerState
2022-10-18 03:53:25,995 [omNode-1@group-523986131536-FollowerState] INFO  server.RaftServer$Division (RaftServerImpl.java:setRole(299)) - omNode-1@group-523986131536: changes role from  FOLLOWER to CANDIDATE at term 1 for changeToCandidate
2022-10-18 03:53:25,995 [omNode-1@group-523986131536-FollowerState] INFO  server.RaftServerConfigKeys (ConfUtils.java:logGet(46)) - raft.server.leaderelection.pre-vote = false (custom)
2022-10-18 03:53:25,995 [omNode-1@group-523986131536-FollowerState] INFO  impl.RoleInfo (RoleInfo.java:updateAndGet(139)) - omNode-1: start omNode-1@group-523986131536-LeaderElection3
2022-10-18 03:53:26,009 [Listener at 127.0.0.1/45489] INFO  upgrade.AbstractLayoutVersionManager (AbstractLayoutVersionManager.java:init(83)) - Initializing Layout version manager with metadata layout = DATANODE_SCHEMA_V3 (version = 4), software layout = DATANODE_SCHEMA_V3 (version = 4)
2022-10-18 03:53:26,010 [omNode-1@group-523986131536-LeaderElection3] INFO  impl.LeaderElection (LeaderElection.java:askForVotes(310)) - omNode-1@group-523986131536-LeaderElection3 ELECTION round 0: submit vote requests at term 2 for -1: [omNode-3|rpc:localhost:44279|priority:0, omNode-1|rpc:localhost:42747|priority:0, omNode-2|rpc:localhost:37241|priority:0], old=null
2022-10-18 03:53:26,022 [grpc-default-executor-1] INFO  server.RaftServer$Division (RaftServerImpl.java:requestVote(1152)) - omNode-3@group-523986131536: receive requestVote(ELECTION, omNode-1, group-523986131536, 2, (t:0, i:~))
2022-10-18 03:53:26,023 [grpc-default-executor-1] INFO  impl.VoteContext (VoteContext.java:log(48)) - omNode-3@group-523986131536-FOLLOWER: accept ELECTION from omNode-1: our priority 0 <= candidate's priority 0
2022-10-18 03:53:26,023 [grpc-default-executor-1] INFO  server.RaftServer$Division (RaftServerImpl.java:setRole(299)) - omNode-3@group-523986131536: changes role from  FOLLOWER to FOLLOWER at term 2 for candidate:omNode-1
2022-10-18 03:53:26,023 [grpc-default-executor-1] INFO  impl.RoleInfo (RoleInfo.java:shutdownFollowerState(110)) - omNode-3: shutdown omNode-3@group-523986131536-FollowerState
2022-10-18 03:53:26,024 [grpc-default-executor-1] INFO  impl.RoleInfo (RoleInfo.java:updateAndGet(139)) - omNode-3: start omNode-3@group-523986131536-FollowerState
2022-10-18 03:53:26,024 [omNode-3@group-523986131536-FollowerState] INFO  impl.FollowerState (FollowerState.java:run(152)) - omNode-3@group-523986131536-FollowerState was interrupted
2022-10-18 03:53:26,038 [grpc-default-executor-1] INFO  server.RaftServer$Division (RaftServerImpl.java:requestVote(1184)) - omNode-3@group-523986131536 replies to ELECTION vote request: omNode-1<-omNode-3#0:OK-t2. Peer's state: omNode-3@group-523986131536:t2, leader=null, voted=omNode-1, raftlog=omNode-3@group-523986131536-SegmentedRaftLog:OPENED:c-1, conf=-1: [omNode-3|rpc:localhost:44279|priority:0, omNode-1|rpc:localhost:42747|priority:0, omNode-2|rpc:localhost:37241|priority:0], old=null
2022-10-18 03:53:26,060 [omNode-1@group-523986131536-LeaderElection3] INFO  impl.LeaderElection (LeaderElection.java:logAndReturn(90)) - omNode-1@group-523986131536-LeaderElection3: ELECTION PASSED received 1 response(s) and 0 exception(s):
2022-10-18 03:53:26,060 [omNode-1@group-523986131536-LeaderElection3] INFO  impl.LeaderElection (LeaderElection.java:logAndReturn(94)) -   Response 0: omNode-1<-omNode-3#0:OK-t2
2022-10-18 03:53:26,060 [omNode-1@group-523986131536-LeaderElection3] INFO  impl.LeaderElection (LeaderElection.java:askForVotes(312)) - omNode-1@group-523986131536-LeaderElection3 ELECTION round 0: result PASSED
2022-10-18 03:53:26,060 [omNode-1@group-523986131536-LeaderElection3] INFO  impl.RoleInfo (RoleInfo.java:shutdownLeaderElection(130)) - omNode-1: shutdown omNode-1@group-523986131536-LeaderElection3
2022-10-18 03:53:26,061 [omNode-1@group-523986131536-LeaderElection3] INFO  server.RaftServer$Division (RaftServerImpl.java:setRole(299)) - omNode-1@group-523986131536: changes role from CANDIDATE to LEADER at term 2 for changeToLeader
2022-10-18 03:53:26,062 [omNode-1@group-523986131536-LeaderElection3] INFO  server.RaftServer$Division (ServerState.java:setLeader(287)) - omNode-1@group-523986131536: change Leader from null to omNode-1 at term 2 for becomeLeader, leader elected after 4482ms
2022-10-18 03:53:26,062 [grpc-default-executor-1] INFO  server.RaftServer$Division (RaftServerImpl.java:requestVote(1152)) - omNode-2@group-523986131536: receive requestVote(ELECTION, omNode-1, group-523986131536, 2, (t:0, i:~))
2022-10-18 03:53:26,062 [grpc-default-executor-1] INFO  impl.VoteContext (VoteContext.java:log(48)) - omNode-2@group-523986131536-FOLLOWER: accept ELECTION from omNode-1: our priority 0 <= candidate's priority 0
2022-10-18 03:53:26,062 [grpc-default-executor-1] INFO  server.RaftServer$Division (RaftServerImpl.java:setRole(299)) - omNode-2@group-523986131536: changes role from  FOLLOWER to FOLLOWER at term 2 for candidate:omNode-1
2022-10-18 03:53:26,062 [grpc-default-executor-1] INFO  impl.RoleInfo (RoleInfo.java:shutdownFollowerState(110)) - omNode-2: shutdown omNode-2@group-523986131536-FollowerState
2022-10-18 03:53:26,063 [grpc-default-executor-1] INFO  impl.RoleInfo (RoleInfo.java:updateAndGet(139)) - omNode-2: start omNode-2@group-523986131536-FollowerState
2022-10-18 03:53:26,063 [omNode-2@group-523986131536-FollowerState] INFO  impl.FollowerState (FollowerState.java:run(152)) - omNode-2@group-523986131536-FollowerState was interrupted
2022-10-18 03:53:26,067 [grpc-default-executor-1] INFO  server.RaftServer$Division (RaftServerImpl.java:requestVote(1184)) - omNode-2@group-523986131536 replies to ELECTION vote request: omNode-1<-omNode-2#0:OK-t2. Peer's state: omNode-2@group-523986131536:t2, leader=null, voted=omNode-1, raftlog=omNode-2@group-523986131536-SegmentedRaftLog:OPENED:c-1, conf=-1: [omNode-3|rpc:localhost:44279|priority:0, omNode-1|rpc:localhost:42747|priority:0, omNode-2|rpc:localhost:37241|priority:0], old=null
2022-10-18 03:53:26,081 [omNode-1@group-523986131536-LeaderElection3] INFO  server.RaftServerConfigKeys (ConfUtils.java:logGet(46)) - raft.server.staging.catchup.gap = 1000 (default)
2022-10-18 03:53:26,086 [omNode-1@group-523986131536-LeaderElection3] INFO  server.RaftServerConfigKeys (ConfUtils.java:logGet(46)) - raft.server.write.element-limit = 4096 (default)
2022-10-18 03:53:26,087 [omNode-1@group-523986131536-LeaderElection3] INFO  server.RaftServerConfigKeys (ConfUtils.java:logGet(46)) - raft.server.write.byte-limit = 64MB (=67108864) (default)
2022-10-18 03:53:26,092 [omNode-1@group-523986131536-LeaderElection3] INFO  server.RaftServerConfigKeys (ConfUtils.java:logGet(46)) - raft.server.watch.timeout = 10s (default)
2022-10-18 03:53:26,092 [omNode-1@group-523986131536-LeaderElection3] INFO  server.RaftServerConfigKeys (ConfUtils.java:logGet(46)) - raft.server.watch.timeout.denomination = 1s (default)
2022-10-18 03:53:26,093 [omNode-1@group-523986131536-LeaderElection3] INFO  server.RaftServerConfigKeys (ConfUtils.java:logGet(46)) - raft.server.watch.element-limit = 65536 (default)
2022-10-18 03:53:26,098 [omNode-1@group-523986131536-LeaderElection3] INFO  server.RaftServerConfigKeys (ConfUtils.java:logGet(46)) - raft.server.write.element-limit = 4096 (default)
2022-10-18 03:53:26,108 [omNode-1@group-523986131536-LeaderElection3] INFO  server.RaftServerConfigKeys (ConfUtils.java:logGet(46)) - raft.server.write.follower.gap.ratio.max = -1.0 (default)
2022-10-18 03:53:26,147 [omNode-1@group-523986131536-LeaderElection3] INFO  server.RaftServerConfigKeys (ConfUtils.java:logGet(46)) - raft.server.log.appender.snapshot.chunk.size.max = 16MB (=16777216) (default)
2022-10-18 03:53:26,147 [omNode-1@group-523986131536-LeaderElection3] INFO  server.RaftServerConfigKeys (ConfUtils.java:logGet(46)) - raft.server.log.appender.buffer.byte-limit = 33554432 (custom)
2022-10-18 03:53:26,147 [omNode-1@group-523986131536-LeaderElection3] INFO  server.RaftServerConfigKeys (ConfUtils.java:logGet(46)) - raft.server.log.appender.buffer.element-limit = 1024 (custom)
2022-10-18 03:53:26,150 [omNode-1@group-523986131536-LeaderElection3] INFO  grpc.GrpcConfigKeys (ConfUtils.java:logGet(46)) - raft.grpc.server.leader.outstanding.appends.max = 128 (default)
2022-10-18 03:53:26,151 [omNode-1@group-523986131536-LeaderElection3] INFO  server.RaftServerConfigKeys (ConfUtils.java:logGet(46)) - raft.server.rpc.request.timeout = 3000ms (default)
2022-10-18 03:53:26,151 [omNode-1@group-523986131536-LeaderElection3] INFO  server.RaftServerConfigKeys (ConfUtils.java:logGet(46)) - raft.server.log.appender.install.snapshot.enabled = false (custom)
2022-10-18 03:53:26,152 [Listener at 127.0.0.1/45489] INFO  reflections.Reflections (Reflections.java:scan(232)) - Reflections took 137 ms to scan 7 urls, producing 137 keys and 328 values 
2022-10-18 03:53:26,153 [Listener at 127.0.0.1/45489] INFO  statemachine.DatanodeStateMachine (DatanodeStateMachine.java:getEndPointTaskThreadPoolSize(237)) - Datanode State Machine Task Thread Pool size 2
2022-10-18 03:53:26,166 [omNode-1@group-523986131536-LeaderElection3] INFO  server.RaftServerConfigKeys (ConfUtils.java:logGet(46)) - raft.server.log.appender.snapshot.chunk.size.max = 16MB (=16777216) (default)
2022-10-18 03:53:26,166 [omNode-1@group-523986131536-LeaderElection3] INFO  server.RaftServerConfigKeys (ConfUtils.java:logGet(46)) - raft.server.log.appender.buffer.byte-limit = 33554432 (custom)
2022-10-18 03:53:26,166 [omNode-1@group-523986131536-LeaderElection3] INFO  server.RaftServerConfigKeys (ConfUtils.java:logGet(46)) - raft.server.log.appender.buffer.element-limit = 1024 (custom)
2022-10-18 03:53:26,166 [omNode-1@group-523986131536-LeaderElection3] INFO  grpc.GrpcConfigKeys (ConfUtils.java:logGet(46)) - raft.grpc.server.leader.outstanding.appends.max = 128 (default)
2022-10-18 03:53:26,167 [omNode-1@group-523986131536-LeaderElection3] INFO  server.RaftServerConfigKeys (ConfUtils.java:logGet(46)) - raft.server.rpc.request.timeout = 3000ms (default)
2022-10-18 03:53:26,167 [omNode-1@group-523986131536-LeaderElection3] INFO  server.RaftServerConfigKeys (ConfUtils.java:logGet(46)) - raft.server.log.appender.install.snapshot.enabled = false (custom)
2022-10-18 03:53:26,168 [Listener at 127.0.0.1/45489] INFO  volume.HddsVolume (HddsVolume.java:<init>(117)) - Creating HddsVolume: /home/runner/work/ozone/ozone/hadoop-ozone/integration-test/target/test-dir/MiniOzoneClusterImpl-5cdafbed-51d9-4f54-a43e-7c7e014ba032/datanode-1/data-0/containers/hdds of storage type : DISK capacity : 9223372036854775807
2022-10-18 03:53:26,168 [Listener at 127.0.0.1/45489] INFO  volume.MutableVolumeSet (MutableVolumeSet.java:initializeVolumeSet(174)) - Added Volume : /home/runner/work/ozone/ozone/hadoop-ozone/integration-test/target/test-dir/MiniOzoneClusterImpl-5cdafbed-51d9-4f54-a43e-7c7e014ba032/datanode-1/data-0/containers/hdds to VolumeSet
2022-10-18 03:53:26,168 [Listener at 127.0.0.1/45489] INFO  volume.ThrottledAsyncChecker (ThrottledAsyncChecker.java:schedule(141)) - Scheduling a check for /home/runner/work/ozone/ozone/hadoop-ozone/integration-test/target/test-dir/MiniOzoneClusterImpl-5cdafbed-51d9-4f54-a43e-7c7e014ba032/datanode-1/data-0/containers/hdds
2022-10-18 03:53:26,169 [omNode-1@group-523986131536-LeaderElection3] INFO  impl.RoleInfo (RoleInfo.java:updateAndGet(139)) - omNode-1: start omNode-1@group-523986131536-LeaderStateImpl
2022-10-18 03:53:26,178 [Listener at 127.0.0.1/45489] INFO  volume.StorageVolumeChecker (StorageVolumeChecker.java:checkAllVolumes(202)) - Scheduled health check for volume /home/runner/work/ozone/ozone/hadoop-ozone/integration-test/target/test-dir/MiniOzoneClusterImpl-5cdafbed-51d9-4f54-a43e-7c7e014ba032/datanode-1/data-0/containers/hdds
2022-10-18 03:53:26,198 [Listener at 127.0.0.1/45489] INFO  volume.MutableVolumeSet (MutableVolumeSet.java:initializeVolumeSet(174)) - Added Volume : /home/runner/work/ozone/ozone/hadoop-ozone/integration-test/target/test-dir/MiniOzoneClusterImpl-5cdafbed-51d9-4f54-a43e-7c7e014ba032/datanode-1/data/ratis to VolumeSet
2022-10-18 03:53:26,198 [Listener at 127.0.0.1/45489] INFO  volume.ThrottledAsyncChecker (ThrottledAsyncChecker.java:schedule(141)) - Scheduling a check for /home/runner/work/ozone/ozone/hadoop-ozone/integration-test/target/test-dir/MiniOzoneClusterImpl-5cdafbed-51d9-4f54-a43e-7c7e014ba032/datanode-1/data/ratis
2022-10-18 03:53:26,201 [Datanode State Machine Task Thread - 0] INFO  datanode.InitDatanodeState (InitDatanodeState.java:persistContainerDatanodeDetails(138)) - DatanodeDetails is persisted to /home/runner/work/ozone/ozone/hadoop-ozone/integration-test/target/test-dir/MiniOzoneClusterImpl-5cdafbed-51d9-4f54-a43e-7c7e014ba032/datanode-0/meta/datanode.id
2022-10-18 03:53:26,201 [Listener at 127.0.0.1/45489] INFO  volume.StorageVolumeChecker (StorageVolumeChecker.java:checkAllVolumes(202)) - Scheduled health check for volume /home/runner/work/ozone/ozone/hadoop-ozone/integration-test/target/test-dir/MiniOzoneClusterImpl-5cdafbed-51d9-4f54-a43e-7c7e014ba032/datanode-1/data/ratis
2022-10-18 03:53:26,206 [omNode-1@group-523986131536-LeaderElection3] INFO  segmented.SegmentedRaftLogWorker (SegmentedRaftLogWorker.java:startLogSegment(425)) - omNode-1@group-523986131536-SegmentedRaftLogWorker: Starting segment from index:0
2022-10-18 03:53:26,212 [Thread-255] INFO  ozoneimpl.ContainerReader (ContainerReader.java:readVolume(175)) - Finish verifying containers on volume /home/runner/work/ozone/ozone/hadoop-ozone/integration-test/target/test-dir/MiniOzoneClusterImpl-5cdafbed-51d9-4f54-a43e-7c7e014ba032/datanode-1/data-0/containers/hdds
2022-10-18 03:53:26,220 [Listener at 127.0.0.1/45489] INFO  ozoneimpl.OzoneContainer (OzoneContainer.java:buildContainerSet(300)) - Build ContainerSet costs 0s
2022-10-18 03:53:26,226 [Listener at 127.0.0.1/45489] INFO  server.RaftServer (ConfUtils.java:logGet(46)) - raft.rpc.type = GRPC (default)
2022-10-18 03:53:26,226 [Listener at 127.0.0.1/45489] INFO  grpc.GrpcFactory (GrpcFactory.java:checkPooledByteBufAllocatorUseCacheForAllThreads(48)) - PERFORMANCE WARNING: useCacheForAllThreads is true that may cause Netty to create a lot garbage objects and, as a result, trigger GC.
	It is recommended to disable useCacheForAllThreads by setting -Dorg.apache.ratis.thirdparty.io.netty.allocator.useCacheForAllThreads=false in command line.
2022-10-18 03:53:26,226 [Listener at 127.0.0.1/45489] INFO  grpc.GrpcConfigKeys (ConfUtils.java:logGet(46)) - raft.grpc.admin.port = 0 (custom)
2022-10-18 03:53:26,226 [Listener at 127.0.0.1/45489] INFO  grpc.GrpcConfigKeys (ConfUtils.java:logGet(46)) - raft.grpc.client.port = 0 (custom)
2022-10-18 03:53:26,226 [Listener at 127.0.0.1/45489] INFO  grpc.GrpcConfigKeys (ConfUtils.java:logGet(46)) - raft.grpc.server.port = 0 (default)
2022-10-18 03:53:26,227 [Listener at 127.0.0.1/45489] INFO  server.GrpcService (ConfUtils.java:logGet(46)) - raft.grpc.message.size.max = 32MB (=33554432) (custom)
2022-10-18 03:53:26,227 [Listener at 127.0.0.1/45489] INFO  server.RaftServerConfigKeys (ConfUtils.java:logGet(46)) - raft.server.log.appender.buffer.byte-limit = 33554432 (custom)
2022-10-18 03:53:26,227 [Listener at 127.0.0.1/45489] INFO  server.GrpcService (ConfUtils.java:logGet(46)) - raft.grpc.flow.control.window = 5MB (=5242880) (custom)
2022-10-18 03:53:26,227 [Listener at 127.0.0.1/45489] INFO  server.RaftServerConfigKeys (ConfUtils.java:logGet(46)) - raft.server.rpc.request.timeout = 60s (custom)
2022-10-18 03:53:26,227 [Listener at 127.0.0.1/45489] INFO  grpc.GrpcConfigKeys (ConfUtils.java:logGet(46)) - raft.grpc.server.async.request.thread.pool.cached = true (default)
2022-10-18 03:53:26,228 [Listener at 127.0.0.1/45489] INFO  grpc.GrpcConfigKeys (ConfUtils.java:logGet(46)) - raft.grpc.server.async.request.thread.pool.size = 32 (default)
2022-10-18 03:53:26,229 [Listener at 127.0.0.1/45489] INFO  impl.DataStreamServerImpl (ConfUtils.java:logGet(46)) - raft.datastream.type = DISABLED (default)
2022-10-18 03:53:26,229 [Listener at 127.0.0.1/45489] INFO  server.RaftServerConfigKeys (ConfUtils.java:logGet(46)) - raft.server.threadpool.proxy.cached = true (default)
2022-10-18 03:53:26,229 [Listener at 127.0.0.1/45489] INFO  server.RaftServerConfigKeys (ConfUtils.java:logGet(46)) - raft.server.threadpool.proxy.size = 0 (default)
2022-10-18 03:53:26,229 [Listener at 127.0.0.1/45489] INFO  server.RaftServerConfigKeys (ConfUtils.java:logGet(46)) - raft.server.rpc.slowness.timeout = 300s (custom)
2022-10-18 03:53:26,229 [Listener at 127.0.0.1/45489] INFO  server.RaftServerConfigKeys (ConfUtils.java:logGet(46)) - raft.server.leaderelection.leader.step-down.wait-time = 10s (default)
2022-10-18 03:53:26,242 [omNode-1@group-523986131536-LeaderElection3] INFO  server.RaftServer$Division (ServerState.java:setRaftConf(393)) - omNode-1@group-523986131536: set configuration 0: [omNode-3|rpc:localhost:44279|admin:|client:|dataStream:|priority:0, omNode-1|rpc:localhost:42747|admin:|client:|dataStream:|priority:0, omNode-2|rpc:localhost:37241|admin:|client:|dataStream:|priority:0], old=null
2022-10-18 03:53:26,251 [Listener at 127.0.0.1/45489] INFO  server.RaftServerConfigKeys (ConfUtils.java:logGet(46)) - raft.server.storage.dir = [/home/runner/work/ozone/ozone/hadoop-ozone/integration-test/target/test-dir/MiniOzoneClusterImpl-5cdafbed-51d9-4f54-a43e-7c7e014ba032/datanode-1/data/ratis] (custom)
2022-10-18 03:53:26,253 [Listener at 127.0.0.1/45489] INFO  server.XceiverServerGrpc (XceiverServerGrpc.java:<init>(132)) - GrpcServer channel type EpollServerSocketChannel
2022-10-18 03:53:26,271 [Listener at 127.0.0.1/45489] INFO  http.BaseHttpServer (BaseHttpServer.java:newHttpServer2BuilderForOzone(213)) - Starting Web-server for hddsDatanode at: http://0.0.0.0:0
2022-10-18 03:53:26,271 [Listener at 127.0.0.1/45489] INFO  http.BaseHttpServer (BaseHttpServer.java:<init>(108)) - Hadoop Security Enabled: false Ozone Security Enabled: false Ozone HTTP Security Enabled: false 
2022-10-18 03:53:26,273 [Listener at 127.0.0.1/45489] WARN  server.AuthenticationFilter (AuthenticationFilter.java:constructSecretProvider(240)) - Unable to initialize FileSignerSecretProvider, falling back to use random secrets. Reason: Could not read signature secret file: /home/runner/hadoop-http-auth-signature-secret
2022-10-18 03:53:26,275 [Listener at 127.0.0.1/45489] WARN  http.HttpRequestLog (HttpRequestLog.java:getRequestLog(103)) - Jetty request log can only be enabled using Log4j
2022-10-18 03:53:26,277 [Listener at 127.0.0.1/45489] INFO  http.HttpServer2 (HttpServer2.java:addGlobalFilter(1031)) - Added global filter 'safety' (class=org.apache.hadoop.hdds.server.http.HttpServer2$QuotingInputFilter)
2022-10-18 03:53:26,278 [Listener at 127.0.0.1/45489] INFO  http.HttpServer2 (HttpServer2.java:addFilter(1007)) - Added filter static_user_filter (class=org.apache.hadoop.http.lib.StaticUserWebFilter$StaticUserFilter) to context hddsDatanode
2022-10-18 03:53:26,282 [Listener at 127.0.0.1/45489] INFO  http.HttpServer2 (HttpServer2.java:addFilter(1015)) - Added filter static_user_filter (class=org.apache.hadoop.http.lib.StaticUserWebFilter$StaticUserFilter) to context static
2022-10-18 03:53:26,283 [Listener at 127.0.0.1/45489] INFO  http.HttpServer2 (HttpServer2.java:addFilter(1015)) - Added filter static_user_filter (class=org.apache.hadoop.http.lib.StaticUserWebFilter$StaticUserFilter) to context logs
2022-10-18 03:53:26,285 [Listener at 127.0.0.1/45489] INFO  http.HttpServer2 (HttpServer2.java:bindListener(1250)) - Jetty bound to port 34257
2022-10-18 03:53:26,286 [Listener at 127.0.0.1/45489] INFO  server.Server (Server.java:doStart(375)) - jetty-9.4.43.v20210629; built: 2021-06-30T11:07:22.254Z; git: 526006ecfa3af7f1a27ef3a288e2bef7ea9dd7e8; jvm 1.8.0_345-b01
2022-10-18 03:53:26,295 [Listener at 127.0.0.1/45489] INFO  server.session (DefaultSessionIdManager.java:doStart(334)) - DefaultSessionIdManager workerName=node0
2022-10-18 03:53:26,296 [Listener at 127.0.0.1/45489] INFO  server.session (DefaultSessionIdManager.java:doStart(339)) - No SessionScavenger set, using defaults
2022-10-18 03:53:26,296 [Listener at 127.0.0.1/45489] INFO  server.session (HouseKeeper.java:startScavenging(132)) - node0 Scavenging every 660000ms
2022-10-18 03:53:26,297 [Listener at 127.0.0.1/45489] INFO  handler.ContextHandler (ContextHandler.java:doStart(915)) - Started o.e.j.s.ServletContextHandler@1bae1991{logs,/logs,file:///home/runner/work/ozone/ozone/hadoop-ozone/integration-test/target/log,AVAILABLE}
2022-10-18 03:53:26,297 [Listener at 127.0.0.1/45489] INFO  handler.ContextHandler (ContextHandler.java:doStart(915)) - Started o.e.j.s.ServletContextHandler@2451c25{static,/static,jar:file:/home/runner/.m2/repository/org/apache/ozone/hdds-container-service/1.3.0-SNAPSHOT/hdds-container-service-1.3.0-SNAPSHOT.jar!/webapps/static,AVAILABLE}
2022-10-18 03:53:26,330 [omNode-3-server-thread1] INFO  server.RaftServer$Division (ServerState.java:setLeader(287)) - omNode-3@group-523986131536: change Leader from null to omNode-1 at term 2 for appendEntries, leader elected after 2105ms
2022-10-18 03:53:26,344 [omNode-2-server-thread1] INFO  server.RaftServer$Division (ServerState.java:setLeader(287)) - omNode-2@group-523986131536: change Leader from null to omNode-1 at term 2 for appendEntries, leader elected after 3131ms
2022-10-18 03:53:26,390 [omNode-2-server-thread1] INFO  server.RaftServer$Division (ServerState.java:setRaftConf(393)) - omNode-2@group-523986131536: set configuration 0: [omNode-3|rpc:localhost:44279|admin:|client:|dataStream:|priority:0, omNode-1|rpc:localhost:42747|admin:|client:|dataStream:|priority:0, omNode-2|rpc:localhost:37241|admin:|client:|dataStream:|priority:0], old=null
2022-10-18 03:53:26,391 [omNode-2-server-thread1] INFO  segmented.SegmentedRaftLogWorker (SegmentedRaftLogWorker.java:startLogSegment(425)) - omNode-2@group-523986131536-SegmentedRaftLogWorker: Starting segment from index:0
2022-10-18 03:53:26,393 [omNode-3-server-thread2] INFO  server.RaftServer$Division (ServerState.java:setRaftConf(393)) - omNode-3@group-523986131536: set configuration 0: [omNode-3|rpc:localhost:44279|admin:|client:|dataStream:|priority:0, omNode-1|rpc:localhost:42747|admin:|client:|dataStream:|priority:0, omNode-2|rpc:localhost:37241|admin:|client:|dataStream:|priority:0], old=null
2022-10-18 03:53:26,393 [omNode-3-server-thread2] INFO  segmented.SegmentedRaftLogWorker (SegmentedRaftLogWorker.java:startLogSegment(425)) - omNode-3@group-523986131536-SegmentedRaftLogWorker: Starting segment from index:0
2022-10-18 03:53:26,467 [omNode-2@group-523986131536-SegmentedRaftLogWorker] INFO  segmented.SegmentedRaftLogWorker (SegmentedRaftLogWorker.java:execute(629)) - omNode-2@group-523986131536-SegmentedRaftLogWorker: created new log segment /home/runner/work/ozone/ozone/hadoop-ozone/integration-test/target/test-dir/MiniOzoneClusterImpl-5cdafbed-51d9-4f54-a43e-7c7e014ba032/omNode-2/ratis/c9bc4cf4-3bc3-3c60-a66b-523986131536/current/log_inprogress_0
2022-10-18 03:53:26,468 [omNode-1@group-523986131536-SegmentedRaftLogWorker] INFO  segmented.SegmentedRaftLogWorker (SegmentedRaftLogWorker.java:execute(629)) - omNode-1@group-523986131536-SegmentedRaftLogWorker: created new log segment /home/runner/work/ozone/ozone/hadoop-ozone/integration-test/target/test-dir/MiniOzoneClusterImpl-5cdafbed-51d9-4f54-a43e-7c7e014ba032/omNode-1/ratis/c9bc4cf4-3bc3-3c60-a66b-523986131536/current/log_inprogress_0
2022-10-18 03:53:26,470 [omNode-3@group-523986131536-SegmentedRaftLogWorker] INFO  segmented.SegmentedRaftLogWorker (SegmentedRaftLogWorker.java:execute(629)) - omNode-3@group-523986131536-SegmentedRaftLogWorker: created new log segment /home/runner/work/ozone/ozone/hadoop-ozone/integration-test/target/test-dir/MiniOzoneClusterImpl-5cdafbed-51d9-4f54-a43e-7c7e014ba032/omNode-3/ratis/c9bc4cf4-3bc3-3c60-a66b-523986131536/current/log_inprogress_0
2022-10-18 03:53:26,585 [Listener at 127.0.0.1/45489] INFO  handler.ContextHandler (ContextHandler.java:doStart(915)) - Started o.e.j.w.WebAppContext@18853e65{hddsDatanode,/,file:///tmp/jetty-0_0_0_0-34257-hdds-container-service-1_3_0-SNAPSHOT_jar-_-any-7566535177655860890/webapp/,AVAILABLE}{jar:file:/home/runner/.m2/repository/org/apache/ozone/hdds-container-service/1.3.0-SNAPSHOT/hdds-container-service-1.3.0-SNAPSHOT.jar!/webapps/hddsDatanode}
2022-10-18 03:53:26,587 [Listener at 127.0.0.1/45489] INFO  server.AbstractConnector (AbstractConnector.java:doStart(331)) - Started ServerConnector@4669e93a{HTTP/1.1, (http/1.1)}{0.0.0.0:34257}
2022-10-18 03:53:26,587 [Listener at 127.0.0.1/45489] INFO  server.Server (Server.java:doStart(415)) - Started @12275ms
2022-10-18 03:53:26,587 [Listener at 127.0.0.1/45489] WARN  impl.MetricsSystemImpl (MetricsSystemImpl.java:register(279)) - Sink prometheus already exists!
2022-10-18 03:53:26,588 [Listener at 127.0.0.1/45489] INFO  http.BaseHttpServer (BaseHttpServer.java:updateConnectorAddress(333)) - HTTP server of hddsDatanode listening at http://0.0.0.0:34257
2022-10-18 03:53:26,588 [Listener at 127.0.0.1/45489] WARN  impl.MetricRegistriesImpl (MetricRegistriesImpl.java:addReporterRegistration(111)) - New reporters are added after registries were created. Some metrics will be missing from the reporter. Please add reporter before adding any new registry.
2022-10-18 03:53:26,589 [Listener at 127.0.0.1/45489] WARN  impl.MetricRegistriesImpl (MetricRegistriesImpl.java:addReporterRegistration(111)) - New reporters are added after registries were created. Some metrics will be missing from the reporter. Please add reporter before adding any new registry.
2022-10-18 03:53:26,589 [Listener at 127.0.0.1/45489] INFO  impl.MetricsSystemImpl (MetricsSystemImpl.java:init(158)) - HddsDatanode metrics system started (again)
2022-10-18 03:53:26,595 [Datanode State Machine Daemon Thread] INFO  statemachine.DatanodeStateMachine (DatanodeStateMachine.java:lambda$startDaemon$0(492)) - Ozone container server started.
2022-10-18 03:53:26,605 [Listener at 127.0.0.1/45489] INFO  ozone.HddsDatanodeService (HddsDatanodeService.java:start(236)) - HddsDatanodeService host:fv-az573-760.uspngagyt4suddso0aj1djjezg.dx.internal.cloudapp.net ip:10.1.0.75
2022-10-18 03:53:26,612 [omNode-1@group-523986131536-StateMachineUpdater] INFO  ratis.OzoneManagerStateMachine (OzoneManagerStateMachine.java:notifyConfigurationChanged(192)) - Received Configuration change notification from Ratis. New Peer list:
[id: "omNode-3"
address: "localhost:44279"
, id: "omNode-1"
address: "localhost:42747"
, id: "omNode-2"
address: "localhost:37241"
]
2022-10-18 03:53:26,626 [org.apache.hadoop.util.JvmPauseMonitor$Monitor@7024363b] INFO  util.JvmPauseMonitor (JvmPauseMonitor.java:run(188)) - Starting JVM pause monitor
2022-10-18 03:53:26,635 [Datanode State Machine Task Thread - 0] INFO  datanode.InitDatanodeState (InitDatanodeState.java:persistContainerDatanodeDetails(138)) - DatanodeDetails is persisted to /home/runner/work/ozone/ozone/hadoop-ozone/integration-test/target/test-dir/MiniOzoneClusterImpl-5cdafbed-51d9-4f54-a43e-7c7e014ba032/datanode-1/meta/datanode.id
2022-10-18 03:53:26,642 [Listener at 127.0.0.1/45489] INFO  upgrade.AbstractLayoutVersionManager (AbstractLayoutVersionManager.java:init(83)) - Initializing Layout version manager with metadata layout = DATANODE_SCHEMA_V3 (version = 4), software layout = DATANODE_SCHEMA_V3 (version = 4)
2022-10-18 03:53:26,690 [Listener at 127.0.0.1/45489] INFO  reflections.Reflections (Reflections.java:scan(232)) - Reflections took 46 ms to scan 7 urls, producing 137 keys and 328 values 
2022-10-18 03:53:26,691 [Listener at 127.0.0.1/45489] INFO  statemachine.DatanodeStateMachine (DatanodeStateMachine.java:getEndPointTaskThreadPoolSize(237)) - Datanode State Machine Task Thread Pool size 2
2022-10-18 03:53:26,699 [Listener at 127.0.0.1/45489] INFO  volume.HddsVolume (HddsVolume.java:<init>(117)) - Creating HddsVolume: /home/runner/work/ozone/ozone/hadoop-ozone/integration-test/target/test-dir/MiniOzoneClusterImpl-5cdafbed-51d9-4f54-a43e-7c7e014ba032/datanode-2/data-0/containers/hdds of storage type : DISK capacity : 9223372036854775807
2022-10-18 03:53:26,699 [Listener at 127.0.0.1/45489] INFO  volume.MutableVolumeSet (MutableVolumeSet.java:initializeVolumeSet(174)) - Added Volume : /home/runner/work/ozone/ozone/hadoop-ozone/integration-test/target/test-dir/MiniOzoneClusterImpl-5cdafbed-51d9-4f54-a43e-7c7e014ba032/datanode-2/data-0/containers/hdds to VolumeSet
2022-10-18 03:53:26,700 [Listener at 127.0.0.1/45489] INFO  volume.ThrottledAsyncChecker (ThrottledAsyncChecker.java:schedule(141)) - Scheduling a check for /home/runner/work/ozone/ozone/hadoop-ozone/integration-test/target/test-dir/MiniOzoneClusterImpl-5cdafbed-51d9-4f54-a43e-7c7e014ba032/datanode-2/data-0/containers/hdds
2022-10-18 03:53:26,700 [Listener at 127.0.0.1/45489] INFO  volume.StorageVolumeChecker (StorageVolumeChecker.java:checkAllVolumes(202)) - Scheduled health check for volume /home/runner/work/ozone/ozone/hadoop-ozone/integration-test/target/test-dir/MiniOzoneClusterImpl-5cdafbed-51d9-4f54-a43e-7c7e014ba032/datanode-2/data-0/containers/hdds
2022-10-18 03:53:26,713 [Listener at 127.0.0.1/45489] INFO  volume.MutableVolumeSet (MutableVolumeSet.java:initializeVolumeSet(174)) - Added Volume : /home/runner/work/ozone/ozone/hadoop-ozone/integration-test/target/test-dir/MiniOzoneClusterImpl-5cdafbed-51d9-4f54-a43e-7c7e014ba032/datanode-2/data/ratis to VolumeSet
2022-10-18 03:53:26,713 [Listener at 127.0.0.1/45489] INFO  volume.ThrottledAsyncChecker (ThrottledAsyncChecker.java:schedule(141)) - Scheduling a check for /home/runner/work/ozone/ozone/hadoop-ozone/integration-test/target/test-dir/MiniOzoneClusterImpl-5cdafbed-51d9-4f54-a43e-7c7e014ba032/datanode-2/data/ratis
2022-10-18 03:53:26,713 [Listener at 127.0.0.1/45489] INFO  volume.StorageVolumeChecker (StorageVolumeChecker.java:checkAllVolumes(202)) - Scheduled health check for volume /home/runner/work/ozone/ozone/hadoop-ozone/integration-test/target/test-dir/MiniOzoneClusterImpl-5cdafbed-51d9-4f54-a43e-7c7e014ba032/datanode-2/data/ratis
2022-10-18 03:53:26,726 [Thread-276] INFO  ozoneimpl.ContainerReader (ContainerReader.java:readVolume(175)) - Finish verifying containers on volume /home/runner/work/ozone/ozone/hadoop-ozone/integration-test/target/test-dir/MiniOzoneClusterImpl-5cdafbed-51d9-4f54-a43e-7c7e014ba032/datanode-2/data-0/containers/hdds
2022-10-18 03:53:26,726 [Listener at 127.0.0.1/45489] INFO  ozoneimpl.OzoneContainer (OzoneContainer.java:buildContainerSet(300)) - Build ContainerSet costs 0s
2022-10-18 03:53:26,729 [Listener at 127.0.0.1/45489] INFO  server.RaftServer (ConfUtils.java:logGet(46)) - raft.rpc.type = GRPC (default)
2022-10-18 03:53:26,730 [Listener at 127.0.0.1/45489] INFO  grpc.GrpcFactory (GrpcFactory.java:checkPooledByteBufAllocatorUseCacheForAllThreads(48)) - PERFORMANCE WARNING: useCacheForAllThreads is true that may cause Netty to create a lot garbage objects and, as a result, trigger GC.
	It is recommended to disable useCacheForAllThreads by setting -Dorg.apache.ratis.thirdparty.io.netty.allocator.useCacheForAllThreads=false in command line.
2022-10-18 03:53:26,730 [Listener at 127.0.0.1/45489] INFO  grpc.GrpcConfigKeys (ConfUtils.java:logGet(46)) - raft.grpc.admin.port = 0 (custom)
2022-10-18 03:53:26,730 [Listener at 127.0.0.1/45489] INFO  grpc.GrpcConfigKeys (ConfUtils.java:logGet(46)) - raft.grpc.client.port = 0 (custom)
2022-10-18 03:53:26,730 [Listener at 127.0.0.1/45489] INFO  grpc.GrpcConfigKeys (ConfUtils.java:logGet(46)) - raft.grpc.server.port = 0 (default)
2022-10-18 03:53:26,731 [Listener at 127.0.0.1/45489] INFO  server.GrpcService (ConfUtils.java:logGet(46)) - raft.grpc.message.size.max = 32MB (=33554432) (custom)
2022-10-18 03:53:26,731 [Listener at 127.0.0.1/45489] INFO  server.RaftServerConfigKeys (ConfUtils.java:logGet(46)) - raft.server.log.appender.buffer.byte-limit = 33554432 (custom)
2022-10-18 03:53:26,731 [Listener at 127.0.0.1/45489] INFO  server.GrpcService (ConfUtils.java:logGet(46)) - raft.grpc.flow.control.window = 5MB (=5242880) (custom)
2022-10-18 03:53:26,731 [Listener at 127.0.0.1/45489] INFO  server.RaftServerConfigKeys (ConfUtils.java:logGet(46)) - raft.server.rpc.request.timeout = 60s (custom)
2022-10-18 03:53:26,731 [Listener at 127.0.0.1/45489] INFO  grpc.GrpcConfigKeys (ConfUtils.java:logGet(46)) - raft.grpc.server.async.request.thread.pool.cached = true (default)
2022-10-18 03:53:26,731 [Listener at 127.0.0.1/45489] INFO  grpc.GrpcConfigKeys (ConfUtils.java:logGet(46)) - raft.grpc.server.async.request.thread.pool.size = 32 (default)
2022-10-18 03:53:26,733 [Listener at 127.0.0.1/45489] INFO  impl.DataStreamServerImpl (ConfUtils.java:logGet(46)) - raft.datastream.type = DISABLED (default)
2022-10-18 03:53:26,733 [Listener at 127.0.0.1/45489] INFO  server.RaftServerConfigKeys (ConfUtils.java:logGet(46)) - raft.server.threadpool.proxy.cached = true (default)
2022-10-18 03:53:26,733 [Listener at 127.0.0.1/45489] INFO  server.RaftServerConfigKeys (ConfUtils.java:logGet(46)) - raft.server.threadpool.proxy.size = 0 (default)
2022-10-18 03:53:26,733 [Listener at 127.0.0.1/45489] INFO  server.RaftServerConfigKeys (ConfUtils.java:logGet(46)) - raft.server.rpc.slowness.timeout = 300s (custom)
2022-10-18 03:53:26,733 [Listener at 127.0.0.1/45489] INFO  server.RaftServerConfigKeys (ConfUtils.java:logGet(46)) - raft.server.leaderelection.leader.step-down.wait-time = 10s (default)
2022-10-18 03:53:26,734 [Listener at 127.0.0.1/45489] INFO  server.RaftServerConfigKeys (ConfUtils.java:logGet(46)) - raft.server.storage.dir = [/home/runner/work/ozone/ozone/hadoop-ozone/integration-test/target/test-dir/MiniOzoneClusterImpl-5cdafbed-51d9-4f54-a43e-7c7e014ba032/datanode-2/data/ratis] (custom)
2022-10-18 03:53:26,739 [Listener at 127.0.0.1/45489] INFO  server.XceiverServerGrpc (XceiverServerGrpc.java:<init>(132)) - GrpcServer channel type EpollServerSocketChannel
2022-10-18 03:53:26,743 [Listener at 127.0.0.1/45489] INFO  http.BaseHttpServer (BaseHttpServer.java:newHttpServer2BuilderForOzone(213)) - Starting Web-server for hddsDatanode at: http://0.0.0.0:0
2022-10-18 03:53:26,743 [Listener at 127.0.0.1/45489] INFO  http.BaseHttpServer (BaseHttpServer.java:<init>(108)) - Hadoop Security Enabled: false Ozone Security Enabled: false Ozone HTTP Security Enabled: false 
2022-10-18 03:53:26,745 [Listener at 127.0.0.1/45489] WARN  server.AuthenticationFilter (AuthenticationFilter.java:constructSecretProvider(240)) - Unable to initialize FileSignerSecretProvider, falling back to use random secrets. Reason: Could not read signature secret file: /home/runner/hadoop-http-auth-signature-secret
2022-10-18 03:53:26,747 [Listener at 127.0.0.1/45489] WARN  http.HttpRequestLog (HttpRequestLog.java:getRequestLog(103)) - Jetty request log can only be enabled using Log4j
2022-10-18 03:53:26,748 [Listener at 127.0.0.1/45489] INFO  http.HttpServer2 (HttpServer2.java:addGlobalFilter(1031)) - Added global filter 'safety' (class=org.apache.hadoop.hdds.server.http.HttpServer2$QuotingInputFilter)
2022-10-18 03:53:26,749 [Listener at 127.0.0.1/45489] INFO  http.HttpServer2 (HttpServer2.java:addFilter(1007)) - Added filter static_user_filter (class=org.apache.hadoop.http.lib.StaticUserWebFilter$StaticUserFilter) to context hddsDatanode
2022-10-18 03:53:26,749 [Listener at 127.0.0.1/45489] INFO  http.HttpServer2 (HttpServer2.java:addFilter(1015)) - Added filter static_user_filter (class=org.apache.hadoop.http.lib.StaticUserWebFilter$StaticUserFilter) to context logs
2022-10-18 03:53:26,750 [Listener at 127.0.0.1/45489] INFO  http.HttpServer2 (HttpServer2.java:addFilter(1015)) - Added filter static_user_filter (class=org.apache.hadoop.http.lib.StaticUserWebFilter$StaticUserFilter) to context static
2022-10-18 03:53:26,750 [Listener at 127.0.0.1/45489] INFO  http.HttpServer2 (HttpServer2.java:bindListener(1250)) - Jetty bound to port 34211
2022-10-18 03:53:26,751 [Listener at 127.0.0.1/45489] INFO  server.Server (Server.java:doStart(375)) - jetty-9.4.43.v20210629; built: 2021-06-30T11:07:22.254Z; git: 526006ecfa3af7f1a27ef3a288e2bef7ea9dd7e8; jvm 1.8.0_345-b01
2022-10-18 03:53:26,752 [Listener at 127.0.0.1/45489] INFO  server.session (DefaultSessionIdManager.java:doStart(334)) - DefaultSessionIdManager workerName=node0
2022-10-18 03:53:26,752 [Listener at 127.0.0.1/45489] INFO  server.session (DefaultSessionIdManager.java:doStart(339)) - No SessionScavenger set, using defaults
2022-10-18 03:53:26,753 [Listener at 127.0.0.1/45489] INFO  server.session (HouseKeeper.java:startScavenging(132)) - node0 Scavenging every 600000ms
2022-10-18 03:53:26,754 [Listener at 127.0.0.1/45489] INFO  handler.ContextHandler (ContextHandler.java:doStart(915)) - Started o.e.j.s.ServletContextHandler@1855b845{logs,/logs,file:///home/runner/work/ozone/ozone/hadoop-ozone/integration-test/target/log,AVAILABLE}
2022-10-18 03:53:26,754 [Listener at 127.0.0.1/45489] INFO  handler.ContextHandler (ContextHandler.java:doStart(915)) - Started o.e.j.s.ServletContextHandler@4f5ff2e1{static,/static,jar:file:/home/runner/.m2/repository/org/apache/ozone/hdds-container-service/1.3.0-SNAPSHOT/hdds-container-service-1.3.0-SNAPSHOT.jar!/webapps/static,AVAILABLE}
2022-10-18 03:53:26,948 [Listener at 127.0.0.1/45489] INFO  handler.ContextHandler (ContextHandler.java:doStart(915)) - Started o.e.j.w.WebAppContext@4bc757c1{hddsDatanode,/,file:///tmp/jetty-0_0_0_0-34211-hdds-container-service-1_3_0-SNAPSHOT_jar-_-any-7400126041925319987/webapp/,AVAILABLE}{jar:file:/home/runner/.m2/repository/org/apache/ozone/hdds-container-service/1.3.0-SNAPSHOT/hdds-container-service-1.3.0-SNAPSHOT.jar!/webapps/hddsDatanode}
2022-10-18 03:53:26,950 [Listener at 127.0.0.1/45489] INFO  server.AbstractConnector (AbstractConnector.java:doStart(331)) - Started ServerConnector@293432e6{HTTP/1.1, (http/1.1)}{0.0.0.0:34211}
2022-10-18 03:53:26,950 [Listener at 127.0.0.1/45489] INFO  server.Server (Server.java:doStart(415)) - Started @12638ms
2022-10-18 03:53:26,950 [Listener at 127.0.0.1/45489] WARN  impl.MetricsSystemImpl (MetricsSystemImpl.java:register(279)) - Sink prometheus already exists!
2022-10-18 03:53:26,951 [Listener at 127.0.0.1/45489] INFO  http.BaseHttpServer (BaseHttpServer.java:updateConnectorAddress(333)) - HTTP server of hddsDatanode listening at http://0.0.0.0:34211
2022-10-18 03:53:26,956 [Listener at 127.0.0.1/45489] INFO  ozone.MiniOzoneClusterImpl (MiniOzoneClusterImpl.java:lambda$waitForClusterToBeReady$0(216)) - Waiting for nodes to be ready. Got 0 of 3 DN Heartbeats.
2022-10-18 03:53:26,956 [Listener at 127.0.0.1/45489] INFO  ozone.MiniOzoneClusterImpl (MiniOzoneClusterImpl.java:lambda$waitForClusterToBeReady$0(219)) - Waiting for cluster to exit safe mode
2022-10-18 03:53:26,956 [Listener at 127.0.0.1/45489] INFO  ozone.MiniOzoneClusterImpl (MiniOzoneClusterImpl.java:lambda$waitForClusterToBeReady$0(221)) - SCM became leader
2022-10-18 03:53:26,956 [Datanode State Machine Daemon Thread] INFO  statemachine.DatanodeStateMachine (DatanodeStateMachine.java:lambda$startDaemon$0(492)) - Ozone container server started.
2022-10-18 03:53:26,959 [org.apache.hadoop.util.JvmPauseMonitor$Monitor@28a7ab98] INFO  util.JvmPauseMonitor (JvmPauseMonitor.java:run(188)) - Starting JVM pause monitor
2022-10-18 03:53:26,961 [Datanode State Machine Task Thread - 0] INFO  datanode.InitDatanodeState (InitDatanodeState.java:persistContainerDatanodeDetails(138)) - DatanodeDetails is persisted to /home/runner/work/ozone/ozone/hadoop-ozone/integration-test/target/test-dir/MiniOzoneClusterImpl-5cdafbed-51d9-4f54-a43e-7c7e014ba032/datanode-2/meta/datanode.id
2022-10-18 03:53:27,020 [omNode-2@group-523986131536-StateMachineUpdater] INFO  ratis.OzoneManagerStateMachine (OzoneManagerStateMachine.java:notifyConfigurationChanged(192)) - Received Configuration change notification from Ratis. New Peer list:
[id: "omNode-3"
address: "localhost:44279"
, id: "omNode-1"
address: "localhost:42747"
, id: "omNode-2"
address: "localhost:37241"
]
2022-10-18 03:53:27,029 [omNode-3@group-523986131536-StateMachineUpdater] INFO  ratis.OzoneManagerStateMachine (OzoneManagerStateMachine.java:notifyConfigurationChanged(192)) - Received Configuration change notification from Ratis. New Peer list:
[id: "omNode-3"
address: "localhost:44279"
, id: "omNode-1"
address: "localhost:42747"
, id: "omNode-2"
address: "localhost:37241"
]
2022-10-18 03:53:27,956 [Listener at 127.0.0.1/45489] INFO  ozone.MiniOzoneClusterImpl (MiniOzoneClusterImpl.java:lambda$waitForClusterToBeReady$0(216)) - Waiting for nodes to be ready. Got 0 of 3 DN Heartbeats.
2022-10-18 03:53:27,957 [Listener at 127.0.0.1/45489] INFO  ozone.MiniOzoneClusterImpl (MiniOzoneClusterImpl.java:lambda$waitForClusterToBeReady$0(219)) - Waiting for cluster to exit safe mode
2022-10-18 03:53:27,957 [Listener at 127.0.0.1/45489] INFO  ozone.MiniOzoneClusterImpl (MiniOzoneClusterImpl.java:lambda$waitForClusterToBeReady$0(221)) - SCM became leader
2022-10-18 03:53:28,105 [EndpointStateMachine task thread for /0.0.0.0:43069 - 0 ] INFO  volume.HddsVolume (HddsVolume.java:createDbStore(307)) - SchemaV3 db is created and loaded at /home/runner/work/ozone/ozone/hadoop-ozone/integration-test/target/test-dir/MiniOzoneClusterImpl-5cdafbed-51d9-4f54-a43e-7c7e014ba032/datanode-0/data-0/containers/hdds/5cdafbed-51d9-4f54-a43e-7c7e014ba032/DS-516894e7-a053-4d96-ba72-1b188af9d761/container.db for volume DS-516894e7-a053-4d96-ba72-1b188af9d761
2022-10-18 03:53:28,110 [EndpointStateMachine task thread for /0.0.0.0:43069 - 0 ] INFO  volume.HddsVolume (HddsVolume.java:closeDbStore(338)) - SchemaV3 db is stopped at /home/runner/work/ozone/ozone/hadoop-ozone/integration-test/target/test-dir/MiniOzoneClusterImpl-5cdafbed-51d9-4f54-a43e-7c7e014ba032/datanode-0/data-0/containers/hdds/5cdafbed-51d9-4f54-a43e-7c7e014ba032/DS-516894e7-a053-4d96-ba72-1b188af9d761/container.db for volume DS-516894e7-a053-4d96-ba72-1b188af9d761
2022-10-18 03:53:28,111 [EndpointStateMachine task thread for /0.0.0.0:43069 - 0 ] INFO  ozoneimpl.OzoneContainer (OzoneContainer.java:start(378)) - Attempting to start container services.
2022-10-18 03:53:28,114 [EndpointStateMachine task thread for /0.0.0.0:43069 - 0 ] INFO  ozoneimpl.OzoneContainer (OzoneContainer.java:startContainerScrub(313)) - Background container scanner has been disabled.
2022-10-18 03:53:28,116 [EndpointStateMachine task thread for /0.0.0.0:43069 - 0 ] INFO  replication.ReplicationServer (ReplicationServer.java:start(111)) - ReplicationServer is started using port 42045
2022-10-18 03:53:28,119 [EndpointStateMachine task thread for /0.0.0.0:43069 - 0 ] INFO  ratis.XceiverServerRatis (XceiverServerRatis.java:start(481)) - Starting XceiverServerRatis d82b3d45-d655-4a89-a275-3b2497edd339
2022-10-18 03:53:28,126 [EndpointStateMachine task thread for /0.0.0.0:43069 - 0 ] INFO  server.RaftServer (RaftServerProxy.java:lambda$start$6(382)) - d82b3d45-d655-4a89-a275-3b2497edd339: start RPC server
2022-10-18 03:53:28,130 [EndpointStateMachine task thread for /0.0.0.0:43069 - 0 ] INFO  server.GrpcService (GrpcService.java:startImpl(260)) - d82b3d45-d655-4a89-a275-3b2497edd339: GrpcService started, listening on 43445
2022-10-18 03:53:28,132 [org.apache.ratis.util.JvmPauseMonitor$$Lambda$703/726954313@370ec882] INFO  util.JvmPauseMonitor (JvmPauseMonitor.java:run(103)) - JvmPauseMonitor-d82b3d45-d655-4a89-a275-3b2497edd339: Started
2022-10-18 03:53:28,132 [EndpointStateMachine task thread for /0.0.0.0:43069 - 0 ] INFO  ratis.XceiverServerRatis (XceiverServerRatis.java:getRealPort(502)) - XceiverServerRatis d82b3d45-d655-4a89-a275-3b2497edd339 is started using port 43445 for RATIS
2022-10-18 03:53:28,132 [EndpointStateMachine task thread for /0.0.0.0:43069 - 0 ] INFO  ratis.XceiverServerRatis (XceiverServerRatis.java:getRealPort(502)) - XceiverServerRatis d82b3d45-d655-4a89-a275-3b2497edd339 is started using port 43445 for RATIS_ADMIN
2022-10-18 03:53:28,132 [EndpointStateMachine task thread for /0.0.0.0:43069 - 0 ] INFO  ratis.XceiverServerRatis (XceiverServerRatis.java:getRealPort(502)) - XceiverServerRatis d82b3d45-d655-4a89-a275-3b2497edd339 is started using port 43445 for RATIS_SERVER
2022-10-18 03:53:28,136 [EndpointStateMachine task thread for /0.0.0.0:43069 - 0 ] INFO  server.XceiverServerGrpc (XceiverServerGrpc.java:start(180)) - XceiverServerGrpc d82b3d45-d655-4a89-a275-3b2497edd339 is started using port 39893
2022-10-18 03:53:28,674 [EndpointStateMachine task thread for /0.0.0.0:43069 - 0 ] INFO  volume.HddsVolume (HddsVolume.java:createDbStore(307)) - SchemaV3 db is created and loaded at /home/runner/work/ozone/ozone/hadoop-ozone/integration-test/target/test-dir/MiniOzoneClusterImpl-5cdafbed-51d9-4f54-a43e-7c7e014ba032/datanode-1/data-0/containers/hdds/5cdafbed-51d9-4f54-a43e-7c7e014ba032/DS-294e7fba-c289-482e-be47-6d2d5f74327d/container.db for volume DS-294e7fba-c289-482e-be47-6d2d5f74327d
2022-10-18 03:53:28,677 [EndpointStateMachine task thread for /0.0.0.0:43069 - 0 ] INFO  volume.HddsVolume (HddsVolume.java:closeDbStore(338)) - SchemaV3 db is stopped at /home/runner/work/ozone/ozone/hadoop-ozone/integration-test/target/test-dir/MiniOzoneClusterImpl-5cdafbed-51d9-4f54-a43e-7c7e014ba032/datanode-1/data-0/containers/hdds/5cdafbed-51d9-4f54-a43e-7c7e014ba032/DS-294e7fba-c289-482e-be47-6d2d5f74327d/container.db for volume DS-294e7fba-c289-482e-be47-6d2d5f74327d
2022-10-18 03:53:28,677 [EndpointStateMachine task thread for /0.0.0.0:43069 - 0 ] INFO  ozoneimpl.OzoneContainer (OzoneContainer.java:start(378)) - Attempting to start container services.
2022-10-18 03:53:28,677 [EndpointStateMachine task thread for /0.0.0.0:43069 - 0 ] INFO  ozoneimpl.OzoneContainer (OzoneContainer.java:startContainerScrub(313)) - Background container scanner has been disabled.
2022-10-18 03:53:28,681 [EndpointStateMachine task thread for /0.0.0.0:43069 - 0 ] INFO  replication.ReplicationServer (ReplicationServer.java:start(111)) - ReplicationServer is started using port 33457
2022-10-18 03:53:28,682 [EndpointStateMachine task thread for /0.0.0.0:43069 - 0 ] INFO  ratis.XceiverServerRatis (XceiverServerRatis.java:start(481)) - Starting XceiverServerRatis e292a541-f338-4081-a529-9c633adc47b7
2022-10-18 03:53:28,683 [EndpointStateMachine task thread for /0.0.0.0:43069 - 0 ] INFO  server.RaftServer (RaftServerProxy.java:lambda$start$6(382)) - e292a541-f338-4081-a529-9c633adc47b7: start RPC server
2022-10-18 03:53:28,685 [EndpointStateMachine task thread for /0.0.0.0:43069 - 0 ] INFO  server.GrpcService (GrpcService.java:startImpl(260)) - e292a541-f338-4081-a529-9c633adc47b7: GrpcService started, listening on 35469
2022-10-18 03:53:28,686 [EndpointStateMachine task thread for /0.0.0.0:43069 - 0 ] INFO  ratis.XceiverServerRatis (XceiverServerRatis.java:getRealPort(502)) - XceiverServerRatis e292a541-f338-4081-a529-9c633adc47b7 is started using port 35469 for RATIS
2022-10-18 03:53:28,686 [org.apache.ratis.util.JvmPauseMonitor$$Lambda$703/726954313@f3e6745] INFO  util.JvmPauseMonitor (JvmPauseMonitor.java:run(103)) - JvmPauseMonitor-e292a541-f338-4081-a529-9c633adc47b7: Started
2022-10-18 03:53:28,686 [EndpointStateMachine task thread for /0.0.0.0:43069 - 0 ] INFO  ratis.XceiverServerRatis (XceiverServerRatis.java:getRealPort(502)) - XceiverServerRatis e292a541-f338-4081-a529-9c633adc47b7 is started using port 35469 for RATIS_ADMIN
2022-10-18 03:53:28,686 [EndpointStateMachine task thread for /0.0.0.0:43069 - 0 ] INFO  ratis.XceiverServerRatis (XceiverServerRatis.java:getRealPort(502)) - XceiverServerRatis e292a541-f338-4081-a529-9c633adc47b7 is started using port 35469 for RATIS_SERVER
2022-10-18 03:53:28,689 [EndpointStateMachine task thread for /0.0.0.0:43069 - 0 ] INFO  server.XceiverServerGrpc (XceiverServerGrpc.java:start(180)) - XceiverServerGrpc e292a541-f338-4081-a529-9c633adc47b7 is started using port 38419
2022-10-18 03:53:28,957 [Listener at 127.0.0.1/45489] INFO  ozone.MiniOzoneClusterImpl (MiniOzoneClusterImpl.java:lambda$waitForClusterToBeReady$0(216)) - Waiting for nodes to be ready. Got 0 of 3 DN Heartbeats.
2022-10-18 03:53:28,957 [Listener at 127.0.0.1/45489] INFO  ozone.MiniOzoneClusterImpl (MiniOzoneClusterImpl.java:lambda$waitForClusterToBeReady$0(219)) - Waiting for cluster to exit safe mode
2022-10-18 03:53:28,957 [Listener at 127.0.0.1/45489] INFO  ozone.MiniOzoneClusterImpl (MiniOzoneClusterImpl.java:lambda$waitForClusterToBeReady$0(221)) - SCM became leader
2022-10-18 03:53:29,035 [EndpointStateMachine task thread for /0.0.0.0:43069 - 0 ] INFO  volume.HddsVolume (HddsVolume.java:createDbStore(307)) - SchemaV3 db is created and loaded at /home/runner/work/ozone/ozone/hadoop-ozone/integration-test/target/test-dir/MiniOzoneClusterImpl-5cdafbed-51d9-4f54-a43e-7c7e014ba032/datanode-2/data-0/containers/hdds/5cdafbed-51d9-4f54-a43e-7c7e014ba032/DS-fd7f5a98-a5a9-4197-b4ec-727b7a21dc27/container.db for volume DS-fd7f5a98-a5a9-4197-b4ec-727b7a21dc27
2022-10-18 03:53:29,036 [EndpointStateMachine task thread for /0.0.0.0:43069 - 0 ] INFO  volume.HddsVolume (HddsVolume.java:closeDbStore(338)) - SchemaV3 db is stopped at /home/runner/work/ozone/ozone/hadoop-ozone/integration-test/target/test-dir/MiniOzoneClusterImpl-5cdafbed-51d9-4f54-a43e-7c7e014ba032/datanode-2/data-0/containers/hdds/5cdafbed-51d9-4f54-a43e-7c7e014ba032/DS-fd7f5a98-a5a9-4197-b4ec-727b7a21dc27/container.db for volume DS-fd7f5a98-a5a9-4197-b4ec-727b7a21dc27
2022-10-18 03:53:29,036 [EndpointStateMachine task thread for /0.0.0.0:43069 - 0 ] INFO  ozoneimpl.OzoneContainer (OzoneContainer.java:start(378)) - Attempting to start container services.
2022-10-18 03:53:29,036 [EndpointStateMachine task thread for /0.0.0.0:43069 - 0 ] INFO  ozoneimpl.OzoneContainer (OzoneContainer.java:startContainerScrub(313)) - Background container scanner has been disabled.
2022-10-18 03:53:29,042 [EndpointStateMachine task thread for /0.0.0.0:43069 - 0 ] INFO  replication.ReplicationServer (ReplicationServer.java:start(111)) - ReplicationServer is started using port 32957
2022-10-18 03:53:29,050 [EndpointStateMachine task thread for /0.0.0.0:43069 - 0 ] INFO  ratis.XceiverServerRatis (XceiverServerRatis.java:start(481)) - Starting XceiverServerRatis f6f53d54-4cd3-435a-b21b-2cdd3dcfe81c
2022-10-18 03:53:29,051 [EndpointStateMachine task thread for /0.0.0.0:43069 - 0 ] INFO  server.RaftServer (RaftServerProxy.java:lambda$start$6(382)) - f6f53d54-4cd3-435a-b21b-2cdd3dcfe81c: start RPC server
2022-10-18 03:53:29,064 [EndpointStateMachine task thread for /0.0.0.0:43069 - 0 ] INFO  server.GrpcService (GrpcService.java:startImpl(260)) - f6f53d54-4cd3-435a-b21b-2cdd3dcfe81c: GrpcService started, listening on 42257
2022-10-18 03:53:29,064 [EndpointStateMachine task thread for /0.0.0.0:43069 - 0 ] INFO  ratis.XceiverServerRatis (XceiverServerRatis.java:getRealPort(502)) - XceiverServerRatis f6f53d54-4cd3-435a-b21b-2cdd3dcfe81c is started using port 42257 for RATIS
2022-10-18 03:53:29,064 [EndpointStateMachine task thread for /0.0.0.0:43069 - 0 ] INFO  ratis.XceiverServerRatis (XceiverServerRatis.java:getRealPort(502)) - XceiverServerRatis f6f53d54-4cd3-435a-b21b-2cdd3dcfe81c is started using port 42257 for RATIS_ADMIN
2022-10-18 03:53:29,064 [EndpointStateMachine task thread for /0.0.0.0:43069 - 0 ] INFO  ratis.XceiverServerRatis (XceiverServerRatis.java:getRealPort(502)) - XceiverServerRatis f6f53d54-4cd3-435a-b21b-2cdd3dcfe81c is started using port 42257 for RATIS_SERVER
2022-10-18 03:53:29,065 [org.apache.ratis.util.JvmPauseMonitor$$Lambda$703/726954313@3b628acc] INFO  util.JvmPauseMonitor (JvmPauseMonitor.java:run(103)) - JvmPauseMonitor-f6f53d54-4cd3-435a-b21b-2cdd3dcfe81c: Started
2022-10-18 03:53:29,070 [EndpointStateMachine task thread for /0.0.0.0:43069 - 0 ] INFO  server.XceiverServerGrpc (XceiverServerGrpc.java:start(180)) - XceiverServerGrpc f6f53d54-4cd3-435a-b21b-2cdd3dcfe81c is started using port 42793
2022-10-18 03:53:29,958 [Listener at 127.0.0.1/45489] INFO  ozone.MiniOzoneClusterImpl (MiniOzoneClusterImpl.java:lambda$waitForClusterToBeReady$0(216)) - Waiting for nodes to be ready. Got 0 of 3 DN Heartbeats.
2022-10-18 03:53:29,958 [Listener at 127.0.0.1/45489] INFO  ozone.MiniOzoneClusterImpl (MiniOzoneClusterImpl.java:lambda$waitForClusterToBeReady$0(219)) - Waiting for cluster to exit safe mode
2022-10-18 03:53:29,958 [Listener at 127.0.0.1/45489] INFO  ozone.MiniOzoneClusterImpl (MiniOzoneClusterImpl.java:lambda$waitForClusterToBeReady$0(221)) - SCM became leader
2022-10-18 03:53:30,008 [IPC Server handler 2 on default port 43069] INFO  net.NetworkTopologyImpl (NetworkTopologyImpl.java:add(112)) - Added a new node: /default-rack/d82b3d45-d655-4a89-a275-3b2497edd339
2022-10-18 03:53:30,010 [IPC Server handler 2 on default port 43069] INFO  node.SCMNodeManager (SCMNodeManager.java:register(397)) - Registered Data node : d82b3d45-d655-4a89-a275-3b2497edd339{ip: 10.1.0.75, host: fv-az573-760.uspngagyt4suddso0aj1djjezg.dx.internal.cloudapp.net, ports: [REPLICATION=42045, RATIS=43445, RATIS_ADMIN=43445, RATIS_SERVER=43445, STANDALONE=39893], networkLocation: /default-rack, certSerialId: null, persistedOpState: null, persistedOpStateExpiryEpochSec: 0}
2022-10-18 03:53:30,014 [EventQueue-NodeRegistrationContainerReportForDataNodeSafeModeRule] INFO  safemode.SCMSafeModeManager (DataNodeSafeModeRule.java:process(71)) - SCM in safe mode. 1 DataNodes registered, 3 required.
2022-10-18 03:53:30,015 [EventQueue-NewNodeForNewNodeHandler] INFO  pipeline.BackgroundPipelineCreator (BackgroundPipelineCreator.java:notifyEventTriggered(276)) - trigger a one-shot run on RatisPipelineUtilsThread.
2022-10-18 03:53:30,015 [EventQueue-NodeRegistrationContainerReportForContainerSafeModeRule] INFO  safemode.SCMSafeModeManager (SCMSafeModeManager.java:validateSafeModeExitRules(204)) - ContainerSafeModeRule rule is successfully validated
2022-10-18 03:53:30,015 [EventQueue-PipelineReportForOneReplicaPipelineSafeModeRule] INFO  safemode.SCMSafeModeManager (SCMSafeModeManager.java:validateSafeModeExitRules(204)) - AtleastOneDatanodeReportedRule rule is successfully validated
2022-10-18 03:53:30,025 [RatisPipelineUtilsThread - 0] INFO  pipeline.RatisPipelineProvider (RatisPipelineProvider.java:lambda$create$0(195)) - Sending CreatePipelineCommand for pipeline:PipelineID=1bc7a4c0-ae37-4790-b001-f77b1ae49e46 to datanode:d82b3d45-d655-4a89-a275-3b2497edd339
2022-10-18 03:53:30,038 [RatisPipelineUtilsThread - 0] INFO  pipeline.PipelineStateManagerImpl (PipelineStateManagerImpl.java:addPipeline(103)) - Created pipeline Pipeline[ Id: 1bc7a4c0-ae37-4790-b001-f77b1ae49e46, Nodes: d82b3d45-d655-4a89-a275-3b2497edd339{ip: 10.1.0.75, host: fv-az573-760.uspngagyt4suddso0aj1djjezg.dx.internal.cloudapp.net, ports: [REPLICATION=42045, RATIS=43445, RATIS_ADMIN=43445, RATIS_SERVER=43445, STANDALONE=39893], networkLocation: /default-rack, certSerialId: null, persistedOpState: IN_SERVICE, persistedOpStateExpiryEpochSec: 0}, ReplicationConfig: RATIS/ONE, State:ALLOCATED, leaderId:, CreationTimestamp2022-10-18T03:53:30.023Z[Etc/UTC]].
2022-10-18 03:53:30,628 [IPC Server handler 0 on default port 43069] INFO  net.NetworkTopologyImpl (NetworkTopologyImpl.java:add(112)) - Added a new node: /default-rack/e292a541-f338-4081-a529-9c633adc47b7
2022-10-18 03:53:30,629 [IPC Server handler 0 on default port 43069] INFO  node.SCMNodeManager (SCMNodeManager.java:register(397)) - Registered Data node : e292a541-f338-4081-a529-9c633adc47b7{ip: 10.1.0.75, host: fv-az573-760.uspngagyt4suddso0aj1djjezg.dx.internal.cloudapp.net, ports: [REPLICATION=33457, RATIS=35469, RATIS_ADMIN=35469, RATIS_SERVER=35469, STANDALONE=38419], networkLocation: /default-rack, certSerialId: null, persistedOpState: null, persistedOpStateExpiryEpochSec: 0}
2022-10-18 03:53:30,629 [EventQueue-NewNodeForNewNodeHandler] INFO  pipeline.BackgroundPipelineCreator (BackgroundPipelineCreator.java:notifyEventTriggered(276)) - trigger a one-shot run on RatisPipelineUtilsThread.
2022-10-18 03:53:30,632 [EventQueue-NodeRegistrationContainerReportForDataNodeSafeModeRule] INFO  safemode.SCMSafeModeManager (DataNodeSafeModeRule.java:process(71)) - SCM in safe mode. 2 DataNodes registered, 3 required.
2022-10-18 03:53:30,632 [RatisPipelineUtilsThread - 0] INFO  pipeline.RatisPipelineProvider (RatisPipelineProvider.java:lambda$create$0(195)) - Sending CreatePipelineCommand for pipeline:PipelineID=8ee39dd3-e69a-4daf-b1e4-564086f3f3c4 to datanode:e292a541-f338-4081-a529-9c633adc47b7
2022-10-18 03:53:30,633 [RatisPipelineUtilsThread - 0] INFO  pipeline.PipelineStateManagerImpl (PipelineStateManagerImpl.java:addPipeline(103)) - Created pipeline Pipeline[ Id: 8ee39dd3-e69a-4daf-b1e4-564086f3f3c4, Nodes: e292a541-f338-4081-a529-9c633adc47b7{ip: 10.1.0.75, host: fv-az573-760.uspngagyt4suddso0aj1djjezg.dx.internal.cloudapp.net, ports: [REPLICATION=33457, RATIS=35469, RATIS_ADMIN=35469, RATIS_SERVER=35469, STANDALONE=38419], networkLocation: /default-rack, certSerialId: null, persistedOpState: IN_SERVICE, persistedOpStateExpiryEpochSec: 0}, ReplicationConfig: RATIS/ONE, State:ALLOCATED, leaderId:, CreationTimestamp2022-10-18T03:53:30.632Z[Etc/UTC]].
2022-10-18 03:53:30,959 [Listener at 127.0.0.1/45489] INFO  ozone.MiniOzoneClusterImpl (MiniOzoneClusterImpl.java:lambda$waitForClusterToBeReady$0(216)) - Waiting for nodes to be ready. Got 2 of 3 DN Heartbeats.
2022-10-18 03:53:30,959 [Listener at 127.0.0.1/45489] INFO  ozone.MiniOzoneClusterImpl (MiniOzoneClusterImpl.java:lambda$waitForClusterToBeReady$0(219)) - Waiting for cluster to exit safe mode
2022-10-18 03:53:30,959 [Listener at 127.0.0.1/45489] INFO  ozone.MiniOzoneClusterImpl (MiniOzoneClusterImpl.java:lambda$waitForClusterToBeReady$0(221)) - SCM became leader
2022-10-18 03:53:30,962 [IPC Server handler 1 on default port 43069] INFO  net.NetworkTopologyImpl (NetworkTopologyImpl.java:add(112)) - Added a new node: /default-rack/f6f53d54-4cd3-435a-b21b-2cdd3dcfe81c
2022-10-18 03:53:30,963 [IPC Server handler 1 on default port 43069] INFO  node.SCMNodeManager (SCMNodeManager.java:register(397)) - Registered Data node : f6f53d54-4cd3-435a-b21b-2cdd3dcfe81c{ip: 10.1.0.75, host: fv-az573-760.uspngagyt4suddso0aj1djjezg.dx.internal.cloudapp.net, ports: [REPLICATION=32957, RATIS=42257, RATIS_ADMIN=42257, RATIS_SERVER=42257, STANDALONE=42793], networkLocation: /default-rack, certSerialId: null, persistedOpState: null, persistedOpStateExpiryEpochSec: 0}
2022-10-18 03:53:30,963 [EventQueue-NewNodeForNewNodeHandler] INFO  pipeline.BackgroundPipelineCreator (BackgroundPipelineCreator.java:notifyEventTriggered(276)) - trigger a one-shot run on RatisPipelineUtilsThread.
2022-10-18 03:53:30,963 [EventQueue-NodeRegistrationContainerReportForDataNodeSafeModeRule] INFO  safemode.SCMSafeModeManager (DataNodeSafeModeRule.java:process(71)) - SCM in safe mode. 3 DataNodes registered, 3 required.
2022-10-18 03:53:30,963 [RatisPipelineUtilsThread - 0] INFO  pipeline.RatisPipelineProvider (RatisPipelineProvider.java:lambda$create$0(195)) - Sending CreatePipelineCommand for pipeline:PipelineID=bfab1f81-d9be-4af5-a8e8-89962059c845 to datanode:f6f53d54-4cd3-435a-b21b-2cdd3dcfe81c
2022-10-18 03:53:30,964 [EventQueue-NodeRegistrationContainerReportForDataNodeSafeModeRule] INFO  safemode.SCMSafeModeManager (SCMSafeModeManager.java:validateSafeModeExitRules(204)) - DataNodeSafeModeRule rule is successfully validated
2022-10-18 03:53:30,964 [EventQueue-NodeRegistrationContainerReportForDataNodeSafeModeRule] INFO  safemode.SCMSafeModeManager (SCMSafeModeManager.java:completePreCheck(233)) - All SCM safe mode pre check rules have passed
2022-10-18 03:53:30,964 [EventQueue-NodeRegistrationContainerReportForDataNodeSafeModeRule] WARN  events.EventQueue (EventQueue.java:fireEvent(216)) - No event handler registered for event TypedEvent{payloadType=SafeModeStatus, name='Safe mode status'}
2022-10-18 03:53:30,964 [EventQueue-NodeRegistrationContainerReportForDataNodeSafeModeRule] INFO  ha.SCMContext (SCMContext.java:updateSafeModeStatus(228)) - Update SafeModeStatus from SafeModeStatus{safeModeStatus=true, preCheckPassed=false} to SafeModeStatus{safeModeStatus=true, preCheckPassed=true}.
2022-10-18 03:53:30,964 [RatisPipelineUtilsThread - 0] INFO  pipeline.PipelineStateManagerImpl (PipelineStateManagerImpl.java:addPipeline(103)) - Created pipeline Pipeline[ Id: bfab1f81-d9be-4af5-a8e8-89962059c845, Nodes: f6f53d54-4cd3-435a-b21b-2cdd3dcfe81c{ip: 10.1.0.75, host: fv-az573-760.uspngagyt4suddso0aj1djjezg.dx.internal.cloudapp.net, ports: [REPLICATION=32957, RATIS=42257, RATIS_ADMIN=42257, RATIS_SERVER=42257, STANDALONE=42793], networkLocation: /default-rack, certSerialId: null, persistedOpState: IN_SERVICE, persistedOpStateExpiryEpochSec: 0}, ReplicationConfig: RATIS/ONE, State:ALLOCATED, leaderId:, CreationTimestamp2022-10-18T03:53:30.963Z[Etc/UTC]].
2022-10-18 03:53:30,964 [EventQueue-NodeRegistrationContainerReportForDataNodeSafeModeRule] INFO  pipeline.BackgroundPipelineCreator (BackgroundPipelineCreator.java:notifyEventTriggered(276)) - trigger a one-shot run on RatisPipelineUtilsThread.
2022-10-18 03:53:30,969 [RatisPipelineUtilsThread - 0] INFO  pipeline.RatisPipelineProvider (RatisPipelineProvider.java:lambda$create$0(195)) - Sending CreatePipelineCommand for pipeline:PipelineID=dc47a2af-6ab2-4aaf-adf4-7c090b2d8c9d to datanode:f6f53d54-4cd3-435a-b21b-2cdd3dcfe81c
2022-10-18 03:53:30,969 [RatisPipelineUtilsThread - 0] INFO  pipeline.RatisPipelineProvider (RatisPipelineProvider.java:lambda$create$0(195)) - Sending CreatePipelineCommand for pipeline:PipelineID=dc47a2af-6ab2-4aaf-adf4-7c090b2d8c9d to datanode:d82b3d45-d655-4a89-a275-3b2497edd339
2022-10-18 03:53:30,969 [RatisPipelineUtilsThread - 0] INFO  pipeline.RatisPipelineProvider (RatisPipelineProvider.java:lambda$create$0(195)) - Sending CreatePipelineCommand for pipeline:PipelineID=dc47a2af-6ab2-4aaf-adf4-7c090b2d8c9d to datanode:e292a541-f338-4081-a529-9c633adc47b7
2022-10-18 03:53:30,970 [RatisPipelineUtilsThread - 0] INFO  pipeline.PipelineStateManagerImpl (PipelineStateManagerImpl.java:addPipeline(103)) - Created pipeline Pipeline[ Id: dc47a2af-6ab2-4aaf-adf4-7c090b2d8c9d, Nodes: f6f53d54-4cd3-435a-b21b-2cdd3dcfe81c{ip: 10.1.0.75, host: fv-az573-760.uspngagyt4suddso0aj1djjezg.dx.internal.cloudapp.net, ports: [REPLICATION=32957, RATIS=42257, RATIS_ADMIN=42257, RATIS_SERVER=42257, STANDALONE=42793], networkLocation: /default-rack, certSerialId: null, persistedOpState: IN_SERVICE, persistedOpStateExpiryEpochSec: 0}d82b3d45-d655-4a89-a275-3b2497edd339{ip: 10.1.0.75, host: fv-az573-760.uspngagyt4suddso0aj1djjezg.dx.internal.cloudapp.net, ports: [REPLICATION=42045, RATIS=43445, RATIS_ADMIN=43445, RATIS_SERVER=43445, STANDALONE=39893], networkLocation: /default-rack, certSerialId: null, persistedOpState: IN_SERVICE, persistedOpStateExpiryEpochSec: 0}e292a541-f338-4081-a529-9c633adc47b7{ip: 10.1.0.75, host: fv-az573-760.uspngagyt4suddso0aj1djjezg.dx.internal.cloudapp.net, ports: [REPLICATION=33457, RATIS=35469, RATIS_ADMIN=35469, RATIS_SERVER=35469, STANDALONE=38419], networkLocation: /default-rack, certSerialId: null, persistedOpState: IN_SERVICE, persistedOpStateExpiryEpochSec: 0}, ReplicationConfig: RATIS/THREE, State:ALLOCATED, leaderId:, CreationTimestamp2022-10-18T03:53:30.969Z[Etc/UTC]].
2022-10-18 03:53:30,973 [RatisPipelineUtilsThread - 0] INFO  pipeline.RatisPipelineProvider (RatisPipelineProvider.java:lambda$create$0(195)) - Sending CreatePipelineCommand for pipeline:PipelineID=0fadf5aa-82d9-4948-921c-fb8eca65829d to datanode:d82b3d45-d655-4a89-a275-3b2497edd339
2022-10-18 03:53:30,973 [RatisPipelineUtilsThread - 0] INFO  pipeline.RatisPipelineProvider (RatisPipelineProvider.java:lambda$create$0(195)) - Sending CreatePipelineCommand for pipeline:PipelineID=0fadf5aa-82d9-4948-921c-fb8eca65829d to datanode:e292a541-f338-4081-a529-9c633adc47b7
2022-10-18 03:53:30,973 [RatisPipelineUtilsThread - 0] INFO  pipeline.RatisPipelineProvider (RatisPipelineProvider.java:lambda$create$0(195)) - Sending CreatePipelineCommand for pipeline:PipelineID=0fadf5aa-82d9-4948-921c-fb8eca65829d to datanode:f6f53d54-4cd3-435a-b21b-2cdd3dcfe81c
2022-10-18 03:53:30,975 [RatisPipelineUtilsThread - 0] INFO  pipeline.PipelineStateManagerImpl (PipelineStateManagerImpl.java:addPipeline(103)) - Created pipeline Pipeline[ Id: 0fadf5aa-82d9-4948-921c-fb8eca65829d, Nodes: d82b3d45-d655-4a89-a275-3b2497edd339{ip: 10.1.0.75, host: fv-az573-760.uspngagyt4suddso0aj1djjezg.dx.internal.cloudapp.net, ports: [REPLICATION=42045, RATIS=43445, RATIS_ADMIN=43445, RATIS_SERVER=43445, STANDALONE=39893], networkLocation: /default-rack, certSerialId: null, persistedOpState: IN_SERVICE, persistedOpStateExpiryEpochSec: 0}e292a541-f338-4081-a529-9c633adc47b7{ip: 10.1.0.75, host: fv-az573-760.uspngagyt4suddso0aj1djjezg.dx.internal.cloudapp.net, ports: [REPLICATION=33457, RATIS=35469, RATIS_ADMIN=35469, RATIS_SERVER=35469, STANDALONE=38419], networkLocation: /default-rack, certSerialId: null, persistedOpState: IN_SERVICE, persistedOpStateExpiryEpochSec: 0}f6f53d54-4cd3-435a-b21b-2cdd3dcfe81c{ip: 10.1.0.75, host: fv-az573-760.uspngagyt4suddso0aj1djjezg.dx.internal.cloudapp.net, ports: [REPLICATION=32957, RATIS=42257, RATIS_ADMIN=42257, RATIS_SERVER=42257, STANDALONE=42793], networkLocation: /default-rack, certSerialId: null, persistedOpState: IN_SERVICE, persistedOpStateExpiryEpochSec: 0}, ReplicationConfig: RATIS/THREE, State:ALLOCATED, leaderId:, CreationTimestamp2022-10-18T03:53:30.973Z[Etc/UTC]].
2022-10-18 03:53:30,976 [RatisPipelineUtilsThread - 0] INFO  pipeline.PipelineManagerImpl (PipelineManagerImpl.java:recordMetricsForPipeline(796)) - Pipeline: PipelineID=0fadf5aa-82d9-4948-921c-fb8eca65829d contains same datanodes as previous pipelines: PipelineID=dc47a2af-6ab2-4aaf-adf4-7c090b2d8c9d nodeIds: d82b3d45-d655-4a89-a275-3b2497edd339, e292a541-f338-4081-a529-9c633adc47b7, f6f53d54-4cd3-435a-b21b-2cdd3dcfe81c
2022-10-18 03:53:31,959 [Listener at 127.0.0.1/45489] INFO  ozone.MiniOzoneClusterImpl (MiniOzoneClusterImpl.java:lambda$waitForClusterToBeReady$0(216)) - Nodes are ready. Got 3 of 3 DN Heartbeats.
2022-10-18 03:53:31,961 [Listener at 127.0.0.1/45489] INFO  ozone.MiniOzoneClusterImpl (MiniOzoneClusterImpl.java:lambda$waitForClusterToBeReady$0(219)) - Waiting for cluster to exit safe mode
2022-10-18 03:53:31,961 [Listener at 127.0.0.1/45489] INFO  ozone.MiniOzoneClusterImpl (MiniOzoneClusterImpl.java:lambda$waitForClusterToBeReady$0(221)) - SCM became leader
2022-10-18 03:53:32,961 [Listener at 127.0.0.1/45489] INFO  ozone.MiniOzoneClusterImpl (MiniOzoneClusterImpl.java:lambda$waitForClusterToBeReady$0(216)) - Nodes are ready. Got 3 of 3 DN Heartbeats.
2022-10-18 03:53:32,961 [Listener at 127.0.0.1/45489] INFO  ozone.MiniOzoneClusterImpl (MiniOzoneClusterImpl.java:lambda$waitForClusterToBeReady$0(219)) - Waiting for cluster to exit safe mode
2022-10-18 03:53:32,962 [Listener at 127.0.0.1/45489] INFO  ozone.MiniOzoneClusterImpl (MiniOzoneClusterImpl.java:lambda$waitForClusterToBeReady$0(221)) - SCM became leader
2022-10-18 03:53:33,010 [Command processor thread] INFO  server.RaftServer (RaftServerProxy.java:addNew(96)) - d82b3d45-d655-4a89-a275-3b2497edd339: addNew group-F77B1AE49E46:[d82b3d45-d655-4a89-a275-3b2497edd339|rpc:10.1.0.75:43445|priority:1] returns group-F77B1AE49E46:java.util.concurrent.CompletableFuture@171b6289[Not completed]
2022-10-18 03:53:33,018 [pool-122-thread-1] INFO  server.RaftServer$Division (RaftServerImpl.java:<init>(190)) - d82b3d45-d655-4a89-a275-3b2497edd339: new RaftServerImpl for group-F77B1AE49E46:[d82b3d45-d655-4a89-a275-3b2497edd339|rpc:10.1.0.75:43445|priority:1] with ContainerStateMachine:uninitialized
2022-10-18 03:53:33,018 [pool-122-thread-1] INFO  server.RaftServerConfigKeys (ConfUtils.java:logGet(46)) - raft.server.rpc.timeout.min = 5s (custom)
2022-10-18 03:53:33,018 [pool-122-thread-1] INFO  server.RaftServerConfigKeys (ConfUtils.java:logGet(46)) - raft.server.rpc.timeout.max = 5200ms (custom)
2022-10-18 03:53:33,018 [pool-122-thread-1] INFO  server.RaftServerConfigKeys (ConfUtils.java:logGet(46)) - raft.server.rpc.sleep.time = 25ms (default)
2022-10-18 03:53:33,018 [pool-122-thread-1] INFO  server.RaftServerConfigKeys (ConfUtils.java:logGet(46)) - raft.server.rpc.slowness.timeout = 300s (custom)
2022-10-18 03:53:33,019 [pool-122-thread-1] INFO  server.RaftServerConfigKeys (ConfUtils.java:logGet(46)) - raft.server.leaderelection.leader.step-down.wait-time = 10s (default)
2022-10-18 03:53:33,019 [pool-122-thread-1] INFO  server.RaftServerConfigKeys (ConfUtils.java:logGet(46)) - raft.server.sleep.deviation.threshold = 300ms (default)
2022-10-18 03:53:33,019 [pool-122-thread-1] INFO  server.RaftServer$Division (ServerState.java:<init>(107)) - d82b3d45-d655-4a89-a275-3b2497edd339@group-F77B1AE49E46: ConfigurationManager, init=-1: [d82b3d45-d655-4a89-a275-3b2497edd339|rpc:10.1.0.75:43445|priority:1], old=null, confs=<EMPTY_MAP>
2022-10-18 03:53:33,019 [pool-122-thread-1] INFO  server.RaftServerConfigKeys (ConfUtils.java:logGet(46)) - raft.server.storage.dir = [/home/runner/work/ozone/ozone/hadoop-ozone/integration-test/target/test-dir/MiniOzoneClusterImpl-5cdafbed-51d9-4f54-a43e-7c7e014ba032/datanode-0/data/ratis] (custom)
2022-10-18 03:53:33,019 [pool-122-thread-1] INFO  server.RaftServerConfigKeys (ConfUtils.java:logGet(46)) - raft.server.log.corruption.policy = EXCEPTION (default)
2022-10-18 03:53:33,019 [pool-122-thread-1] INFO  server.RaftServerConfigKeys (ConfUtils.java:logGet(46)) - raft.server.storage.free-space.min = 0MB (=0) (default)
2022-10-18 03:53:33,019 [pool-122-thread-1] INFO  storage.RaftStorageDirectory (RaftStorageDirectoryImpl.java:analyzeStorage(135)) - The storage directory /home/runner/work/ozone/ozone/hadoop-ozone/integration-test/target/test-dir/MiniOzoneClusterImpl-5cdafbed-51d9-4f54-a43e-7c7e014ba032/datanode-0/data/ratis/1bc7a4c0-ae37-4790-b001-f77b1ae49e46 does not exist. Creating ...
2022-10-18 03:53:33,021 [pool-122-thread-1] INFO  storage.RaftStorageDirectory (RaftStorageDirectoryImpl.java:tryLock(230)) - Lock on /home/runner/work/ozone/ozone/hadoop-ozone/integration-test/target/test-dir/MiniOzoneClusterImpl-5cdafbed-51d9-4f54-a43e-7c7e014ba032/datanode-0/data/ratis/1bc7a4c0-ae37-4790-b001-f77b1ae49e46/in_use.lock acquired by nodename 30743@fv-az573-760
2022-10-18 03:53:33,023 [pool-122-thread-1] INFO  storage.RaftStorage (RaftStorageImpl.java:format(89)) - Storage directory /home/runner/work/ozone/ozone/hadoop-ozone/integration-test/target/test-dir/MiniOzoneClusterImpl-5cdafbed-51d9-4f54-a43e-7c7e014ba032/datanode-0/data/ratis/1bc7a4c0-ae37-4790-b001-f77b1ae49e46 has been successfully formatted.
2022-10-18 03:53:33,028 [pool-122-thread-1] INFO  ratis.ContainerStateMachine (ContainerStateMachine.java:loadSnapshot(236)) - group-F77B1AE49E46: The snapshot info is null. Setting the last applied indexto:(t:0, i:~)
2022-10-18 03:53:33,029 [pool-122-thread-1] INFO  server.RaftServerConfigKeys (ConfUtils.java:logGet(46)) - raft.server.notification.no-leader.timeout = 300s (custom)
2022-10-18 03:53:33,029 [pool-122-thread-1] INFO  server.RaftServerConfigKeys (ConfUtils.java:logGet(46)) - raft.server.log.use.memory = false (default)
2022-10-18 03:53:33,029 [pool-122-thread-1] INFO  server.RaftServerConfigKeys (ConfUtils.java:logGet(46)) - raft.server.log.purge.gap = 1000000 (custom)
2022-10-18 03:53:33,029 [pool-122-thread-1] INFO  server.RaftServerConfigKeys (ConfUtils.java:logGet(46)) - raft.server.log.appender.buffer.byte-limit = 33554432 (custom)
2022-10-18 03:53:33,029 [pool-122-thread-1] INFO  server.RaftServerConfigKeys (ConfUtils.java:logGet(46)) - raft.server.log.statemachine.data.read.timeout = 1000ms (default)
2022-10-18 03:53:33,029 [pool-122-thread-1] INFO  server.RaftServerConfigKeys (ConfUtils.java:logGet(46)) - raft.server.log.segment.size.max = 1048576 (custom)
2022-10-18 03:53:33,030 [pool-122-thread-1] INFO  server.RaftServerConfigKeys (ConfUtils.java:logGet(46)) - raft.server.log.segment.cache.num.max = 2 (custom)
2022-10-18 03:53:33,030 [pool-122-thread-1] INFO  server.RaftServerConfigKeys (ConfUtils.java:logGet(46)) - raft.server.log.segment.cache.size.max = 200MB (=209715200) (default)
2022-10-18 03:53:33,030 [pool-122-thread-1] INFO  segmented.SegmentedRaftLogWorker (SegmentedRaftLogWorker.java:<init>(187)) - new d82b3d45-d655-4a89-a275-3b2497edd339@group-F77B1AE49E46-SegmentedRaftLogWorker for RaftStorageImpl:Storage Directory /home/runner/work/ozone/ozone/hadoop-ozone/integration-test/target/test-dir/MiniOzoneClusterImpl-5cdafbed-51d9-4f54-a43e-7c7e014ba032/datanode-0/data/ratis/1bc7a4c0-ae37-4790-b001-f77b1ae49e46
2022-10-18 03:53:33,030 [pool-122-thread-1] INFO  server.RaftServerConfigKeys (ConfUtils.java:logGet(46)) - raft.server.log.queue.byte-limit = 4294967296 (custom)
2022-10-18 03:53:33,030 [pool-122-thread-1] INFO  server.RaftServerConfigKeys (ConfUtils.java:logGet(46)) - raft.server.log.queue.element-limit = 1024 (custom)
2022-10-18 03:53:33,030 [pool-122-thread-1] INFO  server.RaftServerConfigKeys (ConfUtils.java:logGet(46)) - raft.server.log.segment.size.max = 1048576 (custom)
2022-10-18 03:53:33,030 [pool-122-thread-1] INFO  server.RaftServerConfigKeys (ConfUtils.java:logGet(46)) - raft.server.log.preallocated.size = 16384 (custom)
2022-10-18 03:53:33,031 [pool-122-thread-1] INFO  server.RaftServerConfigKeys (ConfUtils.java:logGet(46)) - raft.server.log.force.sync.num = 128 (default)
2022-10-18 03:53:33,031 [pool-122-thread-1] INFO  server.RaftServerConfigKeys (ConfUtils.java:logGet(46)) - raft.server.log.statemachine.data.sync = true (default)
2022-10-18 03:53:33,031 [pool-122-thread-1] INFO  server.RaftServerConfigKeys (ConfUtils.java:logGet(46)) - raft.server.log.statemachine.data.sync.timeout = 10s (default)
2022-10-18 03:53:33,031 [pool-122-thread-1] INFO  server.RaftServerConfigKeys (ConfUtils.java:logGet(46)) - raft.server.log.statemachine.data.sync.timeout.retry = -1 (default)
2022-10-18 03:53:33,032 [pool-122-thread-1] INFO  server.RaftServerConfigKeys (ConfUtils.java:logGet(46)) - raft.server.log.write.buffer.size = 1048576 (custom)
2022-10-18 03:53:33,033 [pool-122-thread-1] INFO  server.RaftServerConfigKeys (ConfUtils.java:logGet(46)) - raft.server.log.unsafe-flush.enabled = false (default)
2022-10-18 03:53:33,033 [pool-122-thread-1] INFO  server.RaftServerConfigKeys (ConfUtils.java:logGet(46)) - raft.server.log.statemachine.data.caching.enabled = true (custom)
2022-10-18 03:53:33,033 [pool-122-thread-1] INFO  segmented.SegmentedRaftLogWorker (SegmentedRaftLogWorker.java:lambda$new$0(135)) - d82b3d45-d655-4a89-a275-3b2497edd339@group-F77B1AE49E46-SegmentedRaftLogWorker: flushIndex: setUnconditionally 0 -> -1
2022-10-18 03:53:33,033 [pool-122-thread-1] INFO  segmented.SegmentedRaftLogWorker (SegmentedRaftLogWorker.java:lambda$new$0(135)) - d82b3d45-d655-4a89-a275-3b2497edd339@group-F77B1AE49E46-SegmentedRaftLogWorker: safeCacheEvictIndex: setUnconditionally 0 -> -1
2022-10-18 03:53:33,033 [pool-122-thread-1] INFO  server.RaftServerConfigKeys (ConfUtils.java:logGet(46)) - raft.server.snapshot.auto.trigger.enabled = true (custom)
2022-10-18 03:53:33,034 [pool-122-thread-1] INFO  server.RaftServerConfigKeys (ConfUtils.java:logGet(46)) - raft.server.snapshot.auto.trigger.threshold = 10000 (custom)
2022-10-18 03:53:33,034 [pool-122-thread-1] INFO  server.RaftServerConfigKeys (ConfUtils.java:logGet(46)) - raft.server.snapshot.retention.file.num = 5 (custom)
2022-10-18 03:53:33,034 [pool-122-thread-1] INFO  server.RaftServerConfigKeys (ConfUtils.java:logGet(46)) - raft.server.log.purge.upto.snapshot.index = false (default)
2022-10-18 03:53:33,034 [pool-122-thread-1] INFO  server.RaftServerConfigKeys (ConfUtils.java:logGet(46)) - raft.server.retrycache.expirytime = 600000ms (custom)
2022-10-18 03:53:33,034 [pool-122-thread-1] INFO  server.RaftServerConfigKeys (ConfUtils.java:logGet(46)) - raft.server.retrycache.statistics.expirytime = 100μs (default)
2022-10-18 03:53:33,036 [pool-122-thread-1] INFO  server.RaftServerConfigKeys (ConfUtils.java:logGet(46)) - raft.server.log.appender.install.snapshot.enabled = false (custom)
2022-10-18 03:53:33,036 [pool-122-thread-1] INFO  server.RaftServerConfigKeys (ConfUtils.java:logGet(46)) - raft.server.threadpool.server.cached = true (default)
2022-10-18 03:53:33,036 [pool-122-thread-1] INFO  server.RaftServerConfigKeys (ConfUtils.java:logGet(46)) - raft.server.threadpool.server.size = 0 (default)
2022-10-18 03:53:33,036 [pool-122-thread-1] INFO  server.RaftServerConfigKeys (ConfUtils.java:logGet(46)) - raft.server.threadpool.client.cached = true (default)
2022-10-18 03:53:33,036 [pool-122-thread-1] INFO  server.RaftServerConfigKeys (ConfUtils.java:logGet(46)) - raft.server.threadpool.client.size = 0 (default)
2022-10-18 03:53:33,036 [pool-122-thread-1] INFO  server.RaftServer$Division (RaftServerImpl.java:start(310)) - d82b3d45-d655-4a89-a275-3b2497edd339@group-F77B1AE49E46: start as a follower, conf=-1: [d82b3d45-d655-4a89-a275-3b2497edd339|rpc:10.1.0.75:43445|priority:1], old=null
2022-10-18 03:53:33,036 [pool-122-thread-1] INFO  server.RaftServer$Division (RaftServerImpl.java:setRole(299)) - d82b3d45-d655-4a89-a275-3b2497edd339@group-F77B1AE49E46: changes role from      null to FOLLOWER at term 0 for startAsFollower
2022-10-18 03:53:33,036 [pool-122-thread-1] INFO  impl.RoleInfo (RoleInfo.java:updateAndGet(139)) - d82b3d45-d655-4a89-a275-3b2497edd339: start d82b3d45-d655-4a89-a275-3b2497edd339@group-F77B1AE49E46-FollowerState
2022-10-18 03:53:33,037 [pool-122-thread-1] INFO  util.JmxRegister (JmxRegister.java:tryRegister(44)) - Successfully registered JMX Bean with object name Ratis:service=RaftServer,group=group-F77B1AE49E46,id=d82b3d45-d655-4a89-a275-3b2497edd339
2022-10-18 03:53:33,046 [Command processor thread] INFO  ratis.XceiverServerRatis (XceiverServerRatis.java:addGroup(765)) - Created group PipelineID=1bc7a4c0-ae37-4790-b001-f77b1ae49e46
2022-10-18 03:53:33,047 [Command processor thread] INFO  commandhandler.CreatePipelineCommandHandler (CreatePipelineCommandHandler.java:handle(113)) - Created Pipeline RATIS ONE PipelineID=1bc7a4c0-ae37-4790-b001-f77b1ae49e46.
2022-10-18 03:53:33,048 [Command processor thread] INFO  server.RaftServer (RaftServerProxy.java:addNew(96)) - d82b3d45-d655-4a89-a275-3b2497edd339: addNew group-7C090B2D8C9D:[d82b3d45-d655-4a89-a275-3b2497edd339|rpc:10.1.0.75:43445|priority:1, f6f53d54-4cd3-435a-b21b-2cdd3dcfe81c|rpc:10.1.0.75:42257|priority:0, e292a541-f338-4081-a529-9c633adc47b7|rpc:10.1.0.75:35469|priority:0] returns group-7C090B2D8C9D:java.util.concurrent.CompletableFuture@1561bba8[Not completed]
2022-10-18 03:53:33,050 [EventQueue-PipelineReportForPipelineReportHandler] INFO  pipeline.PipelineManagerImpl (PipelineManagerImpl.java:openPipeline(367)) - Pipeline Pipeline[ Id: 1bc7a4c0-ae37-4790-b001-f77b1ae49e46, Nodes: d82b3d45-d655-4a89-a275-3b2497edd339{ip: 10.1.0.75, host: fv-az573-760.uspngagyt4suddso0aj1djjezg.dx.internal.cloudapp.net, ports: [REPLICATION=42045, RATIS=43445, RATIS_ADMIN=43445, RATIS_SERVER=43445, STANDALONE=39893], networkLocation: /default-rack, certSerialId: null, persistedOpState: IN_SERVICE, persistedOpStateExpiryEpochSec: 0}, ReplicationConfig: RATIS/ONE, State:ALLOCATED, leaderId:d82b3d45-d655-4a89-a275-3b2497edd339, CreationTimestamp2022-10-18T03:53:30.023Z[Etc/UTC]] moved to OPEN state
2022-10-18 03:53:33,051 [pool-122-thread-1] INFO  server.RaftServer$Division (RaftServerImpl.java:<init>(190)) - d82b3d45-d655-4a89-a275-3b2497edd339: new RaftServerImpl for group-7C090B2D8C9D:[d82b3d45-d655-4a89-a275-3b2497edd339|rpc:10.1.0.75:43445|priority:1, f6f53d54-4cd3-435a-b21b-2cdd3dcfe81c|rpc:10.1.0.75:42257|priority:0, e292a541-f338-4081-a529-9c633adc47b7|rpc:10.1.0.75:35469|priority:0] with ContainerStateMachine:uninitialized
2022-10-18 03:53:33,051 [pool-122-thread-1] INFO  server.RaftServerConfigKeys (ConfUtils.java:logGet(46)) - raft.server.rpc.timeout.min = 5s (custom)
2022-10-18 03:53:33,051 [pool-122-thread-1] INFO  server.RaftServerConfigKeys (ConfUtils.java:logGet(46)) - raft.server.rpc.timeout.max = 5200ms (custom)
2022-10-18 03:53:33,051 [pool-122-thread-1] INFO  server.RaftServerConfigKeys (ConfUtils.java:logGet(46)) - raft.server.rpc.sleep.time = 25ms (default)
2022-10-18 03:53:33,051 [pool-122-thread-1] INFO  server.RaftServerConfigKeys (ConfUtils.java:logGet(46)) - raft.server.rpc.slowness.timeout = 300s (custom)
2022-10-18 03:53:33,052 [pool-122-thread-1] INFO  server.RaftServerConfigKeys (ConfUtils.java:logGet(46)) - raft.server.leaderelection.leader.step-down.wait-time = 10s (default)
2022-10-18 03:53:33,052 [pool-122-thread-1] INFO  server.RaftServerConfigKeys (ConfUtils.java:logGet(46)) - raft.server.sleep.deviation.threshold = 300ms (default)
2022-10-18 03:53:33,052 [pool-122-thread-1] INFO  server.RaftServer$Division (ServerState.java:<init>(107)) - d82b3d45-d655-4a89-a275-3b2497edd339@group-7C090B2D8C9D: ConfigurationManager, init=-1: [d82b3d45-d655-4a89-a275-3b2497edd339|rpc:10.1.0.75:43445|priority:1, f6f53d54-4cd3-435a-b21b-2cdd3dcfe81c|rpc:10.1.0.75:42257|priority:0, e292a541-f338-4081-a529-9c633adc47b7|rpc:10.1.0.75:35469|priority:0], old=null, confs=<EMPTY_MAP>
2022-10-18 03:53:33,052 [pool-122-thread-1] INFO  server.RaftServerConfigKeys (ConfUtils.java:logGet(46)) - raft.server.storage.dir = [/home/runner/work/ozone/ozone/hadoop-ozone/integration-test/target/test-dir/MiniOzoneClusterImpl-5cdafbed-51d9-4f54-a43e-7c7e014ba032/datanode-0/data/ratis] (custom)
2022-10-18 03:53:33,052 [pool-122-thread-1] INFO  server.RaftServerConfigKeys (ConfUtils.java:logGet(46)) - raft.server.log.corruption.policy = EXCEPTION (default)
2022-10-18 03:53:33,052 [pool-122-thread-1] INFO  server.RaftServerConfigKeys (ConfUtils.java:logGet(46)) - raft.server.storage.free-space.min = 0MB (=0) (default)
2022-10-18 03:53:33,052 [pool-122-thread-1] INFO  storage.RaftStorageDirectory (RaftStorageDirectoryImpl.java:analyzeStorage(135)) - The storage directory /home/runner/work/ozone/ozone/hadoop-ozone/integration-test/target/test-dir/MiniOzoneClusterImpl-5cdafbed-51d9-4f54-a43e-7c7e014ba032/datanode-0/data/ratis/dc47a2af-6ab2-4aaf-adf4-7c090b2d8c9d does not exist. Creating ...
2022-10-18 03:53:33,054 [pool-122-thread-1] INFO  storage.RaftStorageDirectory (RaftStorageDirectoryImpl.java:tryLock(230)) - Lock on /home/runner/work/ozone/ozone/hadoop-ozone/integration-test/target/test-dir/MiniOzoneClusterImpl-5cdafbed-51d9-4f54-a43e-7c7e014ba032/datanode-0/data/ratis/dc47a2af-6ab2-4aaf-adf4-7c090b2d8c9d/in_use.lock acquired by nodename 30743@fv-az573-760
2022-10-18 03:53:33,058 [pool-122-thread-1] INFO  storage.RaftStorage (RaftStorageImpl.java:format(89)) - Storage directory /home/runner/work/ozone/ozone/hadoop-ozone/integration-test/target/test-dir/MiniOzoneClusterImpl-5cdafbed-51d9-4f54-a43e-7c7e014ba032/datanode-0/data/ratis/dc47a2af-6ab2-4aaf-adf4-7c090b2d8c9d has been successfully formatted.
2022-10-18 03:53:33,060 [pool-122-thread-1] INFO  ratis.ContainerStateMachine (ContainerStateMachine.java:loadSnapshot(236)) - group-7C090B2D8C9D: The snapshot info is null. Setting the last applied indexto:(t:0, i:~)
2022-10-18 03:53:33,061 [pool-122-thread-1] INFO  server.RaftServerConfigKeys (ConfUtils.java:logGet(46)) - raft.server.notification.no-leader.timeout = 300s (custom)
2022-10-18 03:53:33,061 [pool-122-thread-1] INFO  server.RaftServerConfigKeys (ConfUtils.java:logGet(46)) - raft.server.log.use.memory = false (default)
2022-10-18 03:53:33,061 [pool-122-thread-1] INFO  server.RaftServerConfigKeys (ConfUtils.java:logGet(46)) - raft.server.log.purge.gap = 1000000 (custom)
2022-10-18 03:53:33,061 [pool-122-thread-1] INFO  server.RaftServerConfigKeys (ConfUtils.java:logGet(46)) - raft.server.log.appender.buffer.byte-limit = 33554432 (custom)
2022-10-18 03:53:33,061 [pool-122-thread-1] INFO  server.RaftServerConfigKeys (ConfUtils.java:logGet(46)) - raft.server.log.statemachine.data.read.timeout = 1000ms (default)
2022-10-18 03:53:33,062 [EventQueue-OpenPipelineForHealthyPipelineSafeModeRule] INFO  safemode.SCMSafeModeManager (HealthyPipelineSafeModeRule.java:process(137)) - SCM in safe mode. Healthy pipelines reported count is 0, required healthy pipeline reported count is 1
2022-10-18 03:53:33,064 [EventQueue-OpenPipelineForHealthyPipelineSafeModeRule] INFO  safemode.SCMSafeModeManager (HealthyPipelineSafeModeRule.java:process(137)) - SCM in safe mode. Healthy pipelines reported count is 0, required healthy pipeline reported count is 1
2022-10-18 03:53:33,065 [pool-122-thread-1] INFO  server.RaftServerConfigKeys (ConfUtils.java:logGet(46)) - raft.server.log.segment.size.max = 1048576 (custom)
2022-10-18 03:53:33,066 [pool-122-thread-1] INFO  server.RaftServerConfigKeys (ConfUtils.java:logGet(46)) - raft.server.log.segment.cache.num.max = 2 (custom)
2022-10-18 03:53:33,066 [pool-122-thread-1] INFO  server.RaftServerConfigKeys (ConfUtils.java:logGet(46)) - raft.server.log.segment.cache.size.max = 200MB (=209715200) (default)
2022-10-18 03:53:33,066 [pool-122-thread-1] INFO  segmented.SegmentedRaftLogWorker (SegmentedRaftLogWorker.java:<init>(187)) - new d82b3d45-d655-4a89-a275-3b2497edd339@group-7C090B2D8C9D-SegmentedRaftLogWorker for RaftStorageImpl:Storage Directory /home/runner/work/ozone/ozone/hadoop-ozone/integration-test/target/test-dir/MiniOzoneClusterImpl-5cdafbed-51d9-4f54-a43e-7c7e014ba032/datanode-0/data/ratis/dc47a2af-6ab2-4aaf-adf4-7c090b2d8c9d
2022-10-18 03:53:33,066 [pool-122-thread-1] INFO  server.RaftServerConfigKeys (ConfUtils.java:logGet(46)) - raft.server.log.queue.byte-limit = 4294967296 (custom)
2022-10-18 03:53:33,066 [pool-122-thread-1] INFO  server.RaftServerConfigKeys (ConfUtils.java:logGet(46)) - raft.server.log.queue.element-limit = 1024 (custom)
2022-10-18 03:53:33,066 [pool-122-thread-1] INFO  server.RaftServerConfigKeys (ConfUtils.java:logGet(46)) - raft.server.log.segment.size.max = 1048576 (custom)
2022-10-18 03:53:33,066 [pool-122-thread-1] INFO  server.RaftServerConfigKeys (ConfUtils.java:logGet(46)) - raft.server.log.preallocated.size = 16384 (custom)
2022-10-18 03:53:33,067 [pool-122-thread-1] INFO  server.RaftServerConfigKeys (ConfUtils.java:logGet(46)) - raft.server.log.force.sync.num = 128 (default)
2022-10-18 03:53:33,067 [pool-122-thread-1] INFO  server.RaftServerConfigKeys (ConfUtils.java:logGet(46)) - raft.server.log.statemachine.data.sync = true (default)
2022-10-18 03:53:33,067 [pool-122-thread-1] INFO  server.RaftServerConfigKeys (ConfUtils.java:logGet(46)) - raft.server.log.statemachine.data.sync.timeout = 10s (default)
2022-10-18 03:53:33,067 [pool-122-thread-1] INFO  server.RaftServerConfigKeys (ConfUtils.java:logGet(46)) - raft.server.log.statemachine.data.sync.timeout.retry = -1 (default)
2022-10-18 03:53:33,068 [pool-122-thread-1] INFO  server.RaftServerConfigKeys (ConfUtils.java:logGet(46)) - raft.server.log.write.buffer.size = 1048576 (custom)
2022-10-18 03:53:33,069 [pool-122-thread-1] INFO  server.RaftServerConfigKeys (ConfUtils.java:logGet(46)) - raft.server.log.unsafe-flush.enabled = false (default)
2022-10-18 03:53:33,069 [pool-122-thread-1] INFO  server.RaftServerConfigKeys (ConfUtils.java:logGet(46)) - raft.server.log.statemachine.data.caching.enabled = true (custom)
2022-10-18 03:53:33,069 [pool-122-thread-1] INFO  segmented.SegmentedRaftLogWorker (SegmentedRaftLogWorker.java:lambda$new$0(135)) - d82b3d45-d655-4a89-a275-3b2497edd339@group-7C090B2D8C9D-SegmentedRaftLogWorker: flushIndex: setUnconditionally 0 -> -1
2022-10-18 03:53:33,069 [pool-122-thread-1] INFO  segmented.SegmentedRaftLogWorker (SegmentedRaftLogWorker.java:lambda$new$0(135)) - d82b3d45-d655-4a89-a275-3b2497edd339@group-7C090B2D8C9D-SegmentedRaftLogWorker: safeCacheEvictIndex: setUnconditionally 0 -> -1
2022-10-18 03:53:33,069 [pool-122-thread-1] INFO  server.RaftServerConfigKeys (ConfUtils.java:logGet(46)) - raft.server.snapshot.auto.trigger.enabled = true (custom)
2022-10-18 03:53:33,070 [pool-122-thread-1] INFO  server.RaftServerConfigKeys (ConfUtils.java:logGet(46)) - raft.server.snapshot.auto.trigger.threshold = 10000 (custom)
2022-10-18 03:53:33,070 [pool-122-thread-1] INFO  server.RaftServerConfigKeys (ConfUtils.java:logGet(46)) - raft.server.snapshot.retention.file.num = 5 (custom)
2022-10-18 03:53:33,070 [pool-122-thread-1] INFO  server.RaftServerConfigKeys (ConfUtils.java:logGet(46)) - raft.server.log.purge.upto.snapshot.index = false (default)
2022-10-18 03:53:33,070 [pool-122-thread-1] INFO  server.RaftServerConfigKeys (ConfUtils.java:logGet(46)) - raft.server.retrycache.expirytime = 600000ms (custom)
2022-10-18 03:53:33,070 [pool-122-thread-1] INFO  server.RaftServerConfigKeys (ConfUtils.java:logGet(46)) - raft.server.retrycache.statistics.expirytime = 100μs (default)
2022-10-18 03:53:33,071 [pool-122-thread-1] INFO  server.RaftServerConfigKeys (ConfUtils.java:logGet(46)) - raft.server.log.appender.install.snapshot.enabled = false (custom)
2022-10-18 03:53:33,071 [pool-122-thread-1] INFO  server.RaftServerConfigKeys (ConfUtils.java:logGet(46)) - raft.server.threadpool.server.cached = true (default)
2022-10-18 03:53:33,071 [pool-122-thread-1] INFO  server.RaftServerConfigKeys (ConfUtils.java:logGet(46)) - raft.server.threadpool.server.size = 0 (default)
2022-10-18 03:53:33,072 [pool-122-thread-1] INFO  server.RaftServerConfigKeys (ConfUtils.java:logGet(46)) - raft.server.threadpool.client.cached = true (default)
2022-10-18 03:53:33,072 [pool-122-thread-1] INFO  server.RaftServerConfigKeys (ConfUtils.java:logGet(46)) - raft.server.threadpool.client.size = 0 (default)
2022-10-18 03:53:33,072 [pool-122-thread-1] INFO  server.RaftServer$Division (RaftServerImpl.java:start(310)) - d82b3d45-d655-4a89-a275-3b2497edd339@group-7C090B2D8C9D: start as a follower, conf=-1: [d82b3d45-d655-4a89-a275-3b2497edd339|rpc:10.1.0.75:43445|priority:1, f6f53d54-4cd3-435a-b21b-2cdd3dcfe81c|rpc:10.1.0.75:42257|priority:0, e292a541-f338-4081-a529-9c633adc47b7|rpc:10.1.0.75:35469|priority:0], old=null
2022-10-18 03:53:33,072 [pool-122-thread-1] INFO  server.RaftServer$Division (RaftServerImpl.java:setRole(299)) - d82b3d45-d655-4a89-a275-3b2497edd339@group-7C090B2D8C9D: changes role from      null to FOLLOWER at term 0 for startAsFollower
2022-10-18 03:53:33,072 [pool-122-thread-1] INFO  impl.RoleInfo (RoleInfo.java:updateAndGet(139)) - d82b3d45-d655-4a89-a275-3b2497edd339: start d82b3d45-d655-4a89-a275-3b2497edd339@group-7C090B2D8C9D-FollowerState
2022-10-18 03:53:33,079 [pool-122-thread-1] INFO  util.JmxRegister (JmxRegister.java:tryRegister(44)) - Successfully registered JMX Bean with object name Ratis:service=RaftServer,group=group-7C090B2D8C9D,id=d82b3d45-d655-4a89-a275-3b2497edd339
2022-10-18 03:53:33,080 [Command processor thread] INFO  ratis.XceiverServerRatis (XceiverServerRatis.java:addGroup(765)) - Created group PipelineID=dc47a2af-6ab2-4aaf-adf4-7c090b2d8c9d
2022-10-18 03:53:33,159 [grpc-default-executor-2] INFO  server.RaftServer (RaftServerProxy.java:addNew(96)) - f6f53d54-4cd3-435a-b21b-2cdd3dcfe81c: addNew group-7C090B2D8C9D:[d82b3d45-d655-4a89-a275-3b2497edd339|rpc:10.1.0.75:43445|dataStream:|priority:1, f6f53d54-4cd3-435a-b21b-2cdd3dcfe81c|rpc:10.1.0.75:42257|dataStream:|priority:0, e292a541-f338-4081-a529-9c633adc47b7|rpc:10.1.0.75:35469|dataStream:|priority:0] returns group-7C090B2D8C9D:java.util.concurrent.CompletableFuture@141321f1[Not completed]
2022-10-18 03:53:33,162 [pool-168-thread-1] INFO  server.RaftServer$Division (RaftServerImpl.java:<init>(190)) - f6f53d54-4cd3-435a-b21b-2cdd3dcfe81c: new RaftServerImpl for group-7C090B2D8C9D:[d82b3d45-d655-4a89-a275-3b2497edd339|rpc:10.1.0.75:43445|dataStream:|priority:1, f6f53d54-4cd3-435a-b21b-2cdd3dcfe81c|rpc:10.1.0.75:42257|dataStream:|priority:0, e292a541-f338-4081-a529-9c633adc47b7|rpc:10.1.0.75:35469|dataStream:|priority:0] with ContainerStateMachine:uninitialized
2022-10-18 03:53:33,162 [pool-168-thread-1] INFO  server.RaftServerConfigKeys (ConfUtils.java:logGet(46)) - raft.server.rpc.timeout.min = 5s (custom)
2022-10-18 03:53:33,162 [pool-168-thread-1] INFO  server.RaftServerConfigKeys (ConfUtils.java:logGet(46)) - raft.server.rpc.timeout.max = 5200ms (custom)
2022-10-18 03:53:33,162 [pool-168-thread-1] INFO  server.RaftServerConfigKeys (ConfUtils.java:logGet(46)) - raft.server.rpc.sleep.time = 25ms (default)
2022-10-18 03:53:33,162 [pool-168-thread-1] INFO  server.RaftServerConfigKeys (ConfUtils.java:logGet(46)) - raft.server.rpc.slowness.timeout = 300s (custom)
2022-10-18 03:53:33,162 [pool-168-thread-1] INFO  server.RaftServerConfigKeys (ConfUtils.java:logGet(46)) - raft.server.leaderelection.leader.step-down.wait-time = 10s (default)
2022-10-18 03:53:33,162 [pool-168-thread-1] INFO  server.RaftServerConfigKeys (ConfUtils.java:logGet(46)) - raft.server.sleep.deviation.threshold = 300ms (default)
2022-10-18 03:53:33,162 [pool-168-thread-1] INFO  server.RaftServer$Division (ServerState.java:<init>(107)) - f6f53d54-4cd3-435a-b21b-2cdd3dcfe81c@group-7C090B2D8C9D: ConfigurationManager, init=-1: [d82b3d45-d655-4a89-a275-3b2497edd339|rpc:10.1.0.75:43445|dataStream:|priority:1, f6f53d54-4cd3-435a-b21b-2cdd3dcfe81c|rpc:10.1.0.75:42257|dataStream:|priority:0, e292a541-f338-4081-a529-9c633adc47b7|rpc:10.1.0.75:35469|dataStream:|priority:0], old=null, confs=<EMPTY_MAP>
2022-10-18 03:53:33,163 [pool-168-thread-1] INFO  server.RaftServerConfigKeys (ConfUtils.java:logGet(46)) - raft.server.storage.dir = [/home/runner/work/ozone/ozone/hadoop-ozone/integration-test/target/test-dir/MiniOzoneClusterImpl-5cdafbed-51d9-4f54-a43e-7c7e014ba032/datanode-2/data/ratis] (custom)
2022-10-18 03:53:33,163 [pool-168-thread-1] INFO  server.RaftServerConfigKeys (ConfUtils.java:logGet(46)) - raft.server.log.corruption.policy = EXCEPTION (default)
2022-10-18 03:53:33,163 [pool-168-thread-1] INFO  server.RaftServerConfigKeys (ConfUtils.java:logGet(46)) - raft.server.storage.free-space.min = 0MB (=0) (default)
2022-10-18 03:53:33,163 [pool-168-thread-1] INFO  storage.RaftStorageDirectory (RaftStorageDirectoryImpl.java:analyzeStorage(135)) - The storage directory /home/runner/work/ozone/ozone/hadoop-ozone/integration-test/target/test-dir/MiniOzoneClusterImpl-5cdafbed-51d9-4f54-a43e-7c7e014ba032/datanode-2/data/ratis/dc47a2af-6ab2-4aaf-adf4-7c090b2d8c9d does not exist. Creating ...
2022-10-18 03:53:33,164 [pool-168-thread-1] INFO  storage.RaftStorageDirectory (RaftStorageDirectoryImpl.java:tryLock(230)) - Lock on /home/runner/work/ozone/ozone/hadoop-ozone/integration-test/target/test-dir/MiniOzoneClusterImpl-5cdafbed-51d9-4f54-a43e-7c7e014ba032/datanode-2/data/ratis/dc47a2af-6ab2-4aaf-adf4-7c090b2d8c9d/in_use.lock acquired by nodename 30743@fv-az573-760
2022-10-18 03:53:33,166 [pool-168-thread-1] INFO  storage.RaftStorage (RaftStorageImpl.java:format(89)) - Storage directory /home/runner/work/ozone/ozone/hadoop-ozone/integration-test/target/test-dir/MiniOzoneClusterImpl-5cdafbed-51d9-4f54-a43e-7c7e014ba032/datanode-2/data/ratis/dc47a2af-6ab2-4aaf-adf4-7c090b2d8c9d has been successfully formatted.
2022-10-18 03:53:33,169 [pool-168-thread-1] INFO  ratis.ContainerStateMachine (ContainerStateMachine.java:loadSnapshot(236)) - group-7C090B2D8C9D: The snapshot info is null. Setting the last applied indexto:(t:0, i:~)
2022-10-18 03:53:33,170 [pool-168-thread-1] INFO  server.RaftServerConfigKeys (ConfUtils.java:logGet(46)) - raft.server.notification.no-leader.timeout = 300s (custom)
2022-10-18 03:53:33,170 [pool-168-thread-1] INFO  server.RaftServerConfigKeys (ConfUtils.java:logGet(46)) - raft.server.log.use.memory = false (default)
2022-10-18 03:53:33,170 [pool-168-thread-1] INFO  server.RaftServerConfigKeys (ConfUtils.java:logGet(46)) - raft.server.log.purge.gap = 1000000 (custom)
2022-10-18 03:53:33,170 [pool-168-thread-1] INFO  server.RaftServerConfigKeys (ConfUtils.java:logGet(46)) - raft.server.log.appender.buffer.byte-limit = 33554432 (custom)
2022-10-18 03:53:33,170 [pool-168-thread-1] INFO  server.RaftServerConfigKeys (ConfUtils.java:logGet(46)) - raft.server.log.statemachine.data.read.timeout = 1000ms (default)
2022-10-18 03:53:33,173 [pool-168-thread-1] INFO  server.RaftServerConfigKeys (ConfUtils.java:logGet(46)) - raft.server.log.segment.size.max = 1048576 (custom)
2022-10-18 03:53:33,173 [pool-168-thread-1] INFO  server.RaftServerConfigKeys (ConfUtils.java:logGet(46)) - raft.server.log.segment.cache.num.max = 2 (custom)
2022-10-18 03:53:33,173 [pool-168-thread-1] INFO  server.RaftServerConfigKeys (ConfUtils.java:logGet(46)) - raft.server.log.segment.cache.size.max = 200MB (=209715200) (default)
2022-10-18 03:53:33,173 [pool-168-thread-1] INFO  segmented.SegmentedRaftLogWorker (SegmentedRaftLogWorker.java:<init>(187)) - new f6f53d54-4cd3-435a-b21b-2cdd3dcfe81c@group-7C090B2D8C9D-SegmentedRaftLogWorker for RaftStorageImpl:Storage Directory /home/runner/work/ozone/ozone/hadoop-ozone/integration-test/target/test-dir/MiniOzoneClusterImpl-5cdafbed-51d9-4f54-a43e-7c7e014ba032/datanode-2/data/ratis/dc47a2af-6ab2-4aaf-adf4-7c090b2d8c9d
2022-10-18 03:53:33,173 [pool-168-thread-1] INFO  server.RaftServerConfigKeys (ConfUtils.java:logGet(46)) - raft.server.log.queue.byte-limit = 4294967296 (custom)
2022-10-18 03:53:33,173 [pool-168-thread-1] INFO  server.RaftServerConfigKeys (ConfUtils.java:logGet(46)) - raft.server.log.queue.element-limit = 1024 (custom)
2022-10-18 03:53:33,174 [pool-168-thread-1] INFO  server.RaftServerConfigKeys (ConfUtils.java:logGet(46)) - raft.server.log.segment.size.max = 1048576 (custom)
2022-10-18 03:53:33,174 [pool-168-thread-1] INFO  server.RaftServerConfigKeys (ConfUtils.java:logGet(46)) - raft.server.log.preallocated.size = 16384 (custom)
2022-10-18 03:53:33,174 [pool-168-thread-1] INFO  server.RaftServerConfigKeys (ConfUtils.java:logGet(46)) - raft.server.log.force.sync.num = 128 (default)
2022-10-18 03:53:33,174 [pool-168-thread-1] INFO  server.RaftServerConfigKeys (ConfUtils.java:logGet(46)) - raft.server.log.statemachine.data.sync = true (default)
2022-10-18 03:53:33,174 [pool-168-thread-1] INFO  server.RaftServerConfigKeys (ConfUtils.java:logGet(46)) - raft.server.log.statemachine.data.sync.timeout = 10s (default)
2022-10-18 03:53:33,174 [pool-168-thread-1] INFO  server.RaftServerConfigKeys (ConfUtils.java:logGet(46)) - raft.server.log.statemachine.data.sync.timeout.retry = -1 (default)
2022-10-18 03:53:33,175 [pool-168-thread-1] INFO  server.RaftServerConfigKeys (ConfUtils.java:logGet(46)) - raft.server.log.write.buffer.size = 1048576 (custom)
2022-10-18 03:53:33,176 [pool-168-thread-1] INFO  server.RaftServerConfigKeys (ConfUtils.java:logGet(46)) - raft.server.log.unsafe-flush.enabled = false (default)
2022-10-18 03:53:33,176 [pool-168-thread-1] INFO  server.RaftServerConfigKeys (ConfUtils.java:logGet(46)) - raft.server.log.statemachine.data.caching.enabled = true (custom)
2022-10-18 03:53:33,176 [pool-168-thread-1] INFO  segmented.SegmentedRaftLogWorker (SegmentedRaftLogWorker.java:lambda$new$0(135)) - f6f53d54-4cd3-435a-b21b-2cdd3dcfe81c@group-7C090B2D8C9D-SegmentedRaftLogWorker: flushIndex: setUnconditionally 0 -> -1
2022-10-18 03:53:33,176 [pool-168-thread-1] INFO  segmented.SegmentedRaftLogWorker (SegmentedRaftLogWorker.java:lambda$new$0(135)) - f6f53d54-4cd3-435a-b21b-2cdd3dcfe81c@group-7C090B2D8C9D-SegmentedRaftLogWorker: safeCacheEvictIndex: setUnconditionally 0 -> -1
2022-10-18 03:53:33,176 [pool-168-thread-1] INFO  server.RaftServerConfigKeys (ConfUtils.java:logGet(46)) - raft.server.snapshot.auto.trigger.enabled = true (custom)
2022-10-18 03:53:33,176 [pool-168-thread-1] INFO  server.RaftServerConfigKeys (ConfUtils.java:logGet(46)) - raft.server.snapshot.auto.trigger.threshold = 10000 (custom)
2022-10-18 03:53:33,176 [pool-168-thread-1] INFO  server.RaftServerConfigKeys (ConfUtils.java:logGet(46)) - raft.server.snapshot.retention.file.num = 5 (custom)
2022-10-18 03:53:33,177 [pool-168-thread-1] INFO  server.RaftServerConfigKeys (ConfUtils.java:logGet(46)) - raft.server.log.purge.upto.snapshot.index = false (default)
2022-10-18 03:53:33,177 [pool-168-thread-1] INFO  server.RaftServerConfigKeys (ConfUtils.java:logGet(46)) - raft.server.retrycache.expirytime = 600000ms (custom)
2022-10-18 03:53:33,177 [pool-168-thread-1] INFO  server.RaftServerConfigKeys (ConfUtils.java:logGet(46)) - raft.server.retrycache.statistics.expirytime = 100μs (default)
2022-10-18 03:53:33,181 [pool-168-thread-1] INFO  server.RaftServerConfigKeys (ConfUtils.java:logGet(46)) - raft.server.log.appender.install.snapshot.enabled = false (custom)
2022-10-18 03:53:33,181 [pool-168-thread-1] INFO  server.RaftServerConfigKeys (ConfUtils.java:logGet(46)) - raft.server.threadpool.server.cached = true (default)
2022-10-18 03:53:33,182 [pool-168-thread-1] INFO  server.RaftServerConfigKeys (ConfUtils.java:logGet(46)) - raft.server.threadpool.server.size = 0 (default)
2022-10-18 03:53:33,182 [pool-168-thread-1] INFO  server.RaftServerConfigKeys (ConfUtils.java:logGet(46)) - raft.server.threadpool.client.cached = true (default)
2022-10-18 03:53:33,182 [pool-168-thread-1] INFO  server.RaftServerConfigKeys (ConfUtils.java:logGet(46)) - raft.server.threadpool.client.size = 0 (default)
2022-10-18 03:53:33,182 [pool-168-thread-1] INFO  server.RaftServer$Division (RaftServerImpl.java:start(310)) - f6f53d54-4cd3-435a-b21b-2cdd3dcfe81c@group-7C090B2D8C9D: start as a follower, conf=-1: [d82b3d45-d655-4a89-a275-3b2497edd339|rpc:10.1.0.75:43445|dataStream:|priority:1, f6f53d54-4cd3-435a-b21b-2cdd3dcfe81c|rpc:10.1.0.75:42257|dataStream:|priority:0, e292a541-f338-4081-a529-9c633adc47b7|rpc:10.1.0.75:35469|dataStream:|priority:0], old=null
2022-10-18 03:53:33,182 [pool-168-thread-1] INFO  server.RaftServer$Division (RaftServerImpl.java:setRole(299)) - f6f53d54-4cd3-435a-b21b-2cdd3dcfe81c@group-7C090B2D8C9D: changes role from      null to FOLLOWER at term 0 for startAsFollower
2022-10-18 03:53:33,182 [pool-168-thread-1] INFO  impl.RoleInfo (RoleInfo.java:updateAndGet(139)) - f6f53d54-4cd3-435a-b21b-2cdd3dcfe81c: start f6f53d54-4cd3-435a-b21b-2cdd3dcfe81c@group-7C090B2D8C9D-FollowerState
2022-10-18 03:53:33,182 [pool-168-thread-1] INFO  util.JmxRegister (JmxRegister.java:tryRegister(44)) - Successfully registered JMX Bean with object name Ratis:service=RaftServer,group=group-7C090B2D8C9D,id=f6f53d54-4cd3-435a-b21b-2cdd3dcfe81c
2022-10-18 03:53:33,226 [grpc-default-executor-2] INFO  server.RaftServer (RaftServerProxy.java:addNew(96)) - e292a541-f338-4081-a529-9c633adc47b7: addNew group-7C090B2D8C9D:[d82b3d45-d655-4a89-a275-3b2497edd339|rpc:10.1.0.75:43445|dataStream:|priority:1, f6f53d54-4cd3-435a-b21b-2cdd3dcfe81c|rpc:10.1.0.75:42257|dataStream:|priority:0, e292a541-f338-4081-a529-9c633adc47b7|rpc:10.1.0.75:35469|dataStream:|priority:0] returns group-7C090B2D8C9D:java.util.concurrent.CompletableFuture@6e188dee[Not completed]
2022-10-18 03:53:33,229 [pool-145-thread-1] INFO  server.RaftServer$Division (RaftServerImpl.java:<init>(190)) - e292a541-f338-4081-a529-9c633adc47b7: new RaftServerImpl for group-7C090B2D8C9D:[d82b3d45-d655-4a89-a275-3b2497edd339|rpc:10.1.0.75:43445|dataStream:|priority:1, f6f53d54-4cd3-435a-b21b-2cdd3dcfe81c|rpc:10.1.0.75:42257|dataStream:|priority:0, e292a541-f338-4081-a529-9c633adc47b7|rpc:10.1.0.75:35469|dataStream:|priority:0] with ContainerStateMachine:uninitialized
2022-10-18 03:53:33,229 [pool-145-thread-1] INFO  server.RaftServerConfigKeys (ConfUtils.java:logGet(46)) - raft.server.rpc.timeout.min = 5s (custom)
2022-10-18 03:53:33,229 [pool-145-thread-1] INFO  server.RaftServerConfigKeys (ConfUtils.java:logGet(46)) - raft.server.rpc.timeout.max = 5200ms (custom)
2022-10-18 03:53:33,229 [pool-145-thread-1] INFO  server.RaftServerConfigKeys (ConfUtils.java:logGet(46)) - raft.server.rpc.sleep.time = 25ms (default)
2022-10-18 03:53:33,229 [pool-145-thread-1] INFO  server.RaftServerConfigKeys (ConfUtils.java:logGet(46)) - raft.server.rpc.slowness.timeout = 300s (custom)
2022-10-18 03:53:33,229 [pool-145-thread-1] INFO  server.RaftServerConfigKeys (ConfUtils.java:logGet(46)) - raft.server.leaderelection.leader.step-down.wait-time = 10s (default)
2022-10-18 03:53:33,229 [pool-145-thread-1] INFO  server.RaftServerConfigKeys (ConfUtils.java:logGet(46)) - raft.server.sleep.deviation.threshold = 300ms (default)
2022-10-18 03:53:33,229 [pool-145-thread-1] INFO  server.RaftServer$Division (ServerState.java:<init>(107)) - e292a541-f338-4081-a529-9c633adc47b7@group-7C090B2D8C9D: ConfigurationManager, init=-1: [d82b3d45-d655-4a89-a275-3b2497edd339|rpc:10.1.0.75:43445|dataStream:|priority:1, f6f53d54-4cd3-435a-b21b-2cdd3dcfe81c|rpc:10.1.0.75:42257|dataStream:|priority:0, e292a541-f338-4081-a529-9c633adc47b7|rpc:10.1.0.75:35469|dataStream:|priority:0], old=null, confs=<EMPTY_MAP>
2022-10-18 03:53:33,229 [pool-145-thread-1] INFO  server.RaftServerConfigKeys (ConfUtils.java:logGet(46)) - raft.server.storage.dir = [/home/runner/work/ozone/ozone/hadoop-ozone/integration-test/target/test-dir/MiniOzoneClusterImpl-5cdafbed-51d9-4f54-a43e-7c7e014ba032/datanode-1/data/ratis] (custom)
2022-10-18 03:53:33,230 [pool-145-thread-1] INFO  server.RaftServerConfigKeys (ConfUtils.java:logGet(46)) - raft.server.log.corruption.policy = EXCEPTION (default)
2022-10-18 03:53:33,230 [pool-145-thread-1] INFO  server.RaftServerConfigKeys (ConfUtils.java:logGet(46)) - raft.server.storage.free-space.min = 0MB (=0) (default)
2022-10-18 03:53:33,230 [pool-145-thread-1] INFO  storage.RaftStorageDirectory (RaftStorageDirectoryImpl.java:analyzeStorage(135)) - The storage directory /home/runner/work/ozone/ozone/hadoop-ozone/integration-test/target/test-dir/MiniOzoneClusterImpl-5cdafbed-51d9-4f54-a43e-7c7e014ba032/datanode-1/data/ratis/dc47a2af-6ab2-4aaf-adf4-7c090b2d8c9d does not exist. Creating ...
2022-10-18 03:53:33,231 [pool-145-thread-1] INFO  storage.RaftStorageDirectory (RaftStorageDirectoryImpl.java:tryLock(230)) - Lock on /home/runner/work/ozone/ozone/hadoop-ozone/integration-test/target/test-dir/MiniOzoneClusterImpl-5cdafbed-51d9-4f54-a43e-7c7e014ba032/datanode-1/data/ratis/dc47a2af-6ab2-4aaf-adf4-7c090b2d8c9d/in_use.lock acquired by nodename 30743@fv-az573-760
2022-10-18 03:53:33,233 [pool-145-thread-1] INFO  storage.RaftStorage (RaftStorageImpl.java:format(89)) - Storage directory /home/runner/work/ozone/ozone/hadoop-ozone/integration-test/target/test-dir/MiniOzoneClusterImpl-5cdafbed-51d9-4f54-a43e-7c7e014ba032/datanode-1/data/ratis/dc47a2af-6ab2-4aaf-adf4-7c090b2d8c9d has been successfully formatted.
2022-10-18 03:53:33,234 [pool-145-thread-1] INFO  ratis.ContainerStateMachine (ContainerStateMachine.java:loadSnapshot(236)) - group-7C090B2D8C9D: The snapshot info is null. Setting the last applied indexto:(t:0, i:~)
2022-10-18 03:53:33,241 [pool-145-thread-1] INFO  server.RaftServerConfigKeys (ConfUtils.java:logGet(46)) - raft.server.notification.no-leader.timeout = 300s (custom)
2022-10-18 03:53:33,241 [pool-145-thread-1] INFO  server.RaftServerConfigKeys (ConfUtils.java:logGet(46)) - raft.server.log.use.memory = false (default)
2022-10-18 03:53:33,241 [pool-145-thread-1] INFO  server.RaftServerConfigKeys (ConfUtils.java:logGet(46)) - raft.server.log.purge.gap = 1000000 (custom)
2022-10-18 03:53:33,242 [pool-145-thread-1] INFO  server.RaftServerConfigKeys (ConfUtils.java:logGet(46)) - raft.server.log.appender.buffer.byte-limit = 33554432 (custom)
2022-10-18 03:53:33,242 [pool-145-thread-1] INFO  server.RaftServerConfigKeys (ConfUtils.java:logGet(46)) - raft.server.log.statemachine.data.read.timeout = 1000ms (default)
2022-10-18 03:53:33,242 [pool-145-thread-1] INFO  server.RaftServerConfigKeys (ConfUtils.java:logGet(46)) - raft.server.log.segment.size.max = 1048576 (custom)
2022-10-18 03:53:33,242 [pool-145-thread-1] INFO  server.RaftServerConfigKeys (ConfUtils.java:logGet(46)) - raft.server.log.segment.cache.num.max = 2 (custom)
2022-10-18 03:53:33,242 [pool-145-thread-1] INFO  server.RaftServerConfigKeys (ConfUtils.java:logGet(46)) - raft.server.log.segment.cache.size.max = 200MB (=209715200) (default)
2022-10-18 03:53:33,243 [pool-145-thread-1] INFO  segmented.SegmentedRaftLogWorker (SegmentedRaftLogWorker.java:<init>(187)) - new e292a541-f338-4081-a529-9c633adc47b7@group-7C090B2D8C9D-SegmentedRaftLogWorker for RaftStorageImpl:Storage Directory /home/runner/work/ozone/ozone/hadoop-ozone/integration-test/target/test-dir/MiniOzoneClusterImpl-5cdafbed-51d9-4f54-a43e-7c7e014ba032/datanode-1/data/ratis/dc47a2af-6ab2-4aaf-adf4-7c090b2d8c9d
2022-10-18 03:53:33,243 [pool-145-thread-1] INFO  server.RaftServerConfigKeys (ConfUtils.java:logGet(46)) - raft.server.log.queue.byte-limit = 4294967296 (custom)
2022-10-18 03:53:33,243 [pool-145-thread-1] INFO  server.RaftServerConfigKeys (ConfUtils.java:logGet(46)) - raft.server.log.queue.element-limit = 1024 (custom)
2022-10-18 03:53:33,243 [pool-145-thread-1] INFO  server.RaftServerConfigKeys (ConfUtils.java:logGet(46)) - raft.server.log.segment.size.max = 1048576 (custom)
2022-10-18 03:53:33,243 [pool-145-thread-1] INFO  server.RaftServerConfigKeys (ConfUtils.java:logGet(46)) - raft.server.log.preallocated.size = 16384 (custom)
2022-10-18 03:53:33,243 [pool-145-thread-1] INFO  server.RaftServerConfigKeys (ConfUtils.java:logGet(46)) - raft.server.log.force.sync.num = 128 (default)
2022-10-18 03:53:33,243 [pool-145-thread-1] INFO  server.RaftServerConfigKeys (ConfUtils.java:logGet(46)) - raft.server.log.statemachine.data.sync = true (default)
2022-10-18 03:53:33,243 [pool-145-thread-1] INFO  server.RaftServerConfigKeys (ConfUtils.java:logGet(46)) - raft.server.log.statemachine.data.sync.timeout = 10s (default)
2022-10-18 03:53:33,243 [pool-145-thread-1] INFO  server.RaftServerConfigKeys (ConfUtils.java:logGet(46)) - raft.server.log.statemachine.data.sync.timeout.retry = -1 (default)
2022-10-18 03:53:33,247 [pool-145-thread-1] INFO  server.RaftServerConfigKeys (ConfUtils.java:logGet(46)) - raft.server.log.write.buffer.size = 1048576 (custom)
2022-10-18 03:53:33,248 [pool-145-thread-1] INFO  server.RaftServerConfigKeys (ConfUtils.java:logGet(46)) - raft.server.log.unsafe-flush.enabled = false (default)
2022-10-18 03:53:33,248 [pool-145-thread-1] INFO  server.RaftServerConfigKeys (ConfUtils.java:logGet(46)) - raft.server.log.statemachine.data.caching.enabled = true (custom)
2022-10-18 03:53:33,249 [pool-145-thread-1] INFO  segmented.SegmentedRaftLogWorker (SegmentedRaftLogWorker.java:lambda$new$0(135)) - e292a541-f338-4081-a529-9c633adc47b7@group-7C090B2D8C9D-SegmentedRaftLogWorker: flushIndex: setUnconditionally 0 -> -1
2022-10-18 03:53:33,249 [pool-145-thread-1] INFO  segmented.SegmentedRaftLogWorker (SegmentedRaftLogWorker.java:lambda$new$0(135)) - e292a541-f338-4081-a529-9c633adc47b7@group-7C090B2D8C9D-SegmentedRaftLogWorker: safeCacheEvictIndex: setUnconditionally 0 -> -1
2022-10-18 03:53:33,249 [pool-145-thread-1] INFO  server.RaftServerConfigKeys (ConfUtils.java:logGet(46)) - raft.server.snapshot.auto.trigger.enabled = true (custom)
2022-10-18 03:53:33,249 [pool-145-thread-1] INFO  server.RaftServerConfigKeys (ConfUtils.java:logGet(46)) - raft.server.snapshot.auto.trigger.threshold = 10000 (custom)
2022-10-18 03:53:33,249 [pool-145-thread-1] INFO  server.RaftServerConfigKeys (ConfUtils.java:logGet(46)) - raft.server.snapshot.retention.file.num = 5 (custom)
2022-10-18 03:53:33,249 [pool-145-thread-1] INFO  server.RaftServerConfigKeys (ConfUtils.java:logGet(46)) - raft.server.log.purge.upto.snapshot.index = false (default)
2022-10-18 03:53:33,249 [pool-145-thread-1] INFO  server.RaftServerConfigKeys (ConfUtils.java:logGet(46)) - raft.server.retrycache.expirytime = 600000ms (custom)
2022-10-18 03:53:33,249 [pool-145-thread-1] INFO  server.RaftServerConfigKeys (ConfUtils.java:logGet(46)) - raft.server.retrycache.statistics.expirytime = 100μs (default)
2022-10-18 03:53:33,251 [pool-145-thread-1] INFO  server.RaftServerConfigKeys (ConfUtils.java:logGet(46)) - raft.server.log.appender.install.snapshot.enabled = false (custom)
2022-10-18 03:53:33,251 [pool-145-thread-1] INFO  server.RaftServerConfigKeys (ConfUtils.java:logGet(46)) - raft.server.threadpool.server.cached = true (default)
2022-10-18 03:53:33,251 [pool-145-thread-1] INFO  server.RaftServerConfigKeys (ConfUtils.java:logGet(46)) - raft.server.threadpool.server.size = 0 (default)
2022-10-18 03:53:33,251 [pool-145-thread-1] INFO  server.RaftServerConfigKeys (ConfUtils.java:logGet(46)) - raft.server.threadpool.client.cached = true (default)
2022-10-18 03:53:33,251 [pool-145-thread-1] INFO  server.RaftServerConfigKeys (ConfUtils.java:logGet(46)) - raft.server.threadpool.client.size = 0 (default)
2022-10-18 03:53:33,251 [pool-145-thread-1] INFO  server.RaftServer$Division (RaftServerImpl.java:start(310)) - e292a541-f338-4081-a529-9c633adc47b7@group-7C090B2D8C9D: start as a follower, conf=-1: [d82b3d45-d655-4a89-a275-3b2497edd339|rpc:10.1.0.75:43445|dataStream:|priority:1, f6f53d54-4cd3-435a-b21b-2cdd3dcfe81c|rpc:10.1.0.75:42257|dataStream:|priority:0, e292a541-f338-4081-a529-9c633adc47b7|rpc:10.1.0.75:35469|dataStream:|priority:0], old=null
2022-10-18 03:53:33,251 [pool-145-thread-1] INFO  server.RaftServer$Division (RaftServerImpl.java:setRole(299)) - e292a541-f338-4081-a529-9c633adc47b7@group-7C090B2D8C9D: changes role from      null to FOLLOWER at term 0 for startAsFollower
2022-10-18 03:53:33,251 [pool-145-thread-1] INFO  impl.RoleInfo (RoleInfo.java:updateAndGet(139)) - e292a541-f338-4081-a529-9c633adc47b7: start e292a541-f338-4081-a529-9c633adc47b7@group-7C090B2D8C9D-FollowerState
2022-10-18 03:53:33,255 [pool-145-thread-1] INFO  util.JmxRegister (JmxRegister.java:tryRegister(44)) - Successfully registered JMX Bean with object name Ratis:service=RaftServer,group=group-7C090B2D8C9D,id=e292a541-f338-4081-a529-9c633adc47b7
2022-10-18 03:53:33,266 [Command processor thread] INFO  commandhandler.CreatePipelineCommandHandler (CreatePipelineCommandHandler.java:handle(113)) - Created Pipeline RATIS THREE PipelineID=dc47a2af-6ab2-4aaf-adf4-7c090b2d8c9d.
2022-10-18 03:53:33,267 [Command processor thread] INFO  server.RaftServer (RaftServerProxy.java:addNew(96)) - d82b3d45-d655-4a89-a275-3b2497edd339: addNew group-FB8ECA65829D:[d82b3d45-d655-4a89-a275-3b2497edd339|rpc:10.1.0.75:43445|priority:0, f6f53d54-4cd3-435a-b21b-2cdd3dcfe81c|rpc:10.1.0.75:42257|priority:0, e292a541-f338-4081-a529-9c633adc47b7|rpc:10.1.0.75:35469|priority:1] returns group-FB8ECA65829D:java.util.concurrent.CompletableFuture@4570af6a[Not completed]
2022-10-18 03:53:33,268 [pool-122-thread-1] INFO  server.RaftServer$Division (RaftServerImpl.java:<init>(190)) - d82b3d45-d655-4a89-a275-3b2497edd339: new RaftServerImpl for group-FB8ECA65829D:[d82b3d45-d655-4a89-a275-3b2497edd339|rpc:10.1.0.75:43445|priority:0, f6f53d54-4cd3-435a-b21b-2cdd3dcfe81c|rpc:10.1.0.75:42257|priority:0, e292a541-f338-4081-a529-9c633adc47b7|rpc:10.1.0.75:35469|priority:1] with ContainerStateMachine:uninitialized
2022-10-18 03:53:33,268 [pool-122-thread-1] INFO  server.RaftServerConfigKeys (ConfUtils.java:logGet(46)) - raft.server.rpc.timeout.min = 5s (custom)
2022-10-18 03:53:33,268 [pool-122-thread-1] INFO  server.RaftServerConfigKeys (ConfUtils.java:logGet(46)) - raft.server.rpc.timeout.max = 5200ms (custom)
2022-10-18 03:53:33,268 [pool-122-thread-1] INFO  server.RaftServerConfigKeys (ConfUtils.java:logGet(46)) - raft.server.rpc.sleep.time = 25ms (default)
2022-10-18 03:53:33,268 [pool-122-thread-1] INFO  server.RaftServerConfigKeys (ConfUtils.java:logGet(46)) - raft.server.rpc.slowness.timeout = 300s (custom)
2022-10-18 03:53:33,268 [pool-122-thread-1] INFO  server.RaftServerConfigKeys (ConfUtils.java:logGet(46)) - raft.server.leaderelection.leader.step-down.wait-time = 10s (default)
2022-10-18 03:53:33,268 [pool-122-thread-1] INFO  server.RaftServerConfigKeys (ConfUtils.java:logGet(46)) - raft.server.sleep.deviation.threshold = 300ms (default)
2022-10-18 03:53:33,269 [pool-122-thread-1] INFO  server.RaftServer$Division (ServerState.java:<init>(107)) - d82b3d45-d655-4a89-a275-3b2497edd339@group-FB8ECA65829D: ConfigurationManager, init=-1: [d82b3d45-d655-4a89-a275-3b2497edd339|rpc:10.1.0.75:43445|priority:0, f6f53d54-4cd3-435a-b21b-2cdd3dcfe81c|rpc:10.1.0.75:42257|priority:0, e292a541-f338-4081-a529-9c633adc47b7|rpc:10.1.0.75:35469|priority:1], old=null, confs=<EMPTY_MAP>
2022-10-18 03:53:33,269 [pool-122-thread-1] INFO  server.RaftServerConfigKeys (ConfUtils.java:logGet(46)) - raft.server.storage.dir = [/home/runner/work/ozone/ozone/hadoop-ozone/integration-test/target/test-dir/MiniOzoneClusterImpl-5cdafbed-51d9-4f54-a43e-7c7e014ba032/datanode-0/data/ratis] (custom)
2022-10-18 03:53:33,269 [pool-122-thread-1] INFO  server.RaftServerConfigKeys (ConfUtils.java:logGet(46)) - raft.server.log.corruption.policy = EXCEPTION (default)
2022-10-18 03:53:33,269 [pool-122-thread-1] INFO  server.RaftServerConfigKeys (ConfUtils.java:logGet(46)) - raft.server.storage.free-space.min = 0MB (=0) (default)
2022-10-18 03:53:33,269 [pool-122-thread-1] INFO  storage.RaftStorageDirectory (RaftStorageDirectoryImpl.java:analyzeStorage(135)) - The storage directory /home/runner/work/ozone/ozone/hadoop-ozone/integration-test/target/test-dir/MiniOzoneClusterImpl-5cdafbed-51d9-4f54-a43e-7c7e014ba032/datanode-0/data/ratis/0fadf5aa-82d9-4948-921c-fb8eca65829d does not exist. Creating ...
2022-10-18 03:53:33,270 [pool-122-thread-1] INFO  storage.RaftStorageDirectory (RaftStorageDirectoryImpl.java:tryLock(230)) - Lock on /home/runner/work/ozone/ozone/hadoop-ozone/integration-test/target/test-dir/MiniOzoneClusterImpl-5cdafbed-51d9-4f54-a43e-7c7e014ba032/datanode-0/data/ratis/0fadf5aa-82d9-4948-921c-fb8eca65829d/in_use.lock acquired by nodename 30743@fv-az573-760
2022-10-18 03:53:33,272 [pool-122-thread-1] INFO  storage.RaftStorage (RaftStorageImpl.java:format(89)) - Storage directory /home/runner/work/ozone/ozone/hadoop-ozone/integration-test/target/test-dir/MiniOzoneClusterImpl-5cdafbed-51d9-4f54-a43e-7c7e014ba032/datanode-0/data/ratis/0fadf5aa-82d9-4948-921c-fb8eca65829d has been successfully formatted.
2022-10-18 03:53:33,273 [pool-122-thread-1] INFO  ratis.ContainerStateMachine (ContainerStateMachine.java:loadSnapshot(236)) - group-FB8ECA65829D: The snapshot info is null. Setting the last applied indexto:(t:0, i:~)
2022-10-18 03:53:33,273 [pool-122-thread-1] INFO  server.RaftServerConfigKeys (ConfUtils.java:logGet(46)) - raft.server.notification.no-leader.timeout = 300s (custom)
2022-10-18 03:53:33,274 [pool-122-thread-1] INFO  server.RaftServerConfigKeys (ConfUtils.java:logGet(46)) - raft.server.log.use.memory = false (default)
2022-10-18 03:53:33,275 [EventQueue-OpenPipelineForHealthyPipelineSafeModeRule] INFO  safemode.SCMSafeModeManager (HealthyPipelineSafeModeRule.java:process(137)) - SCM in safe mode. Healthy pipelines reported count is 0, required healthy pipeline reported count is 1
2022-10-18 03:53:33,275 [pool-122-thread-1] INFO  server.RaftServerConfigKeys (ConfUtils.java:logGet(46)) - raft.server.log.purge.gap = 1000000 (custom)
2022-10-18 03:53:33,275 [pool-122-thread-1] INFO  server.RaftServerConfigKeys (ConfUtils.java:logGet(46)) - raft.server.log.appender.buffer.byte-limit = 33554432 (custom)
2022-10-18 03:53:33,275 [pool-122-thread-1] INFO  server.RaftServerConfigKeys (ConfUtils.java:logGet(46)) - raft.server.log.statemachine.data.read.timeout = 1000ms (default)
2022-10-18 03:53:33,275 [pool-122-thread-1] INFO  server.RaftServerConfigKeys (ConfUtils.java:logGet(46)) - raft.server.log.segment.size.max = 1048576 (custom)
2022-10-18 03:53:33,276 [pool-122-thread-1] INFO  server.RaftServerConfigKeys (ConfUtils.java:logGet(46)) - raft.server.log.segment.cache.num.max = 2 (custom)
2022-10-18 03:53:33,276 [pool-122-thread-1] INFO  server.RaftServerConfigKeys (ConfUtils.java:logGet(46)) - raft.server.log.segment.cache.size.max = 200MB (=209715200) (default)
2022-10-18 03:53:33,278 [pool-122-thread-1] INFO  segmented.SegmentedRaftLogWorker (SegmentedRaftLogWorker.java:<init>(187)) - new d82b3d45-d655-4a89-a275-3b2497edd339@group-FB8ECA65829D-SegmentedRaftLogWorker for RaftStorageImpl:Storage Directory /home/runner/work/ozone/ozone/hadoop-ozone/integration-test/target/test-dir/MiniOzoneClusterImpl-5cdafbed-51d9-4f54-a43e-7c7e014ba032/datanode-0/data/ratis/0fadf5aa-82d9-4948-921c-fb8eca65829d
2022-10-18 03:53:33,278 [pool-122-thread-1] INFO  server.RaftServerConfigKeys (ConfUtils.java:logGet(46)) - raft.server.log.queue.byte-limit = 4294967296 (custom)
2022-10-18 03:53:33,278 [pool-122-thread-1] INFO  server.RaftServerConfigKeys (ConfUtils.java:logGet(46)) - raft.server.log.queue.element-limit = 1024 (custom)
2022-10-18 03:53:33,279 [pool-122-thread-1] INFO  server.RaftServerConfigKeys (ConfUtils.java:logGet(46)) - raft.server.log.segment.size.max = 1048576 (custom)
2022-10-18 03:53:33,279 [pool-122-thread-1] INFO  server.RaftServerConfigKeys (ConfUtils.java:logGet(46)) - raft.server.log.preallocated.size = 16384 (custom)
2022-10-18 03:53:33,279 [pool-122-thread-1] INFO  server.RaftServerConfigKeys (ConfUtils.java:logGet(46)) - raft.server.log.force.sync.num = 128 (default)
2022-10-18 03:53:33,279 [pool-122-thread-1] INFO  server.RaftServerConfigKeys (ConfUtils.java:logGet(46)) - raft.server.log.statemachine.data.sync = true (default)
2022-10-18 03:53:33,279 [pool-122-thread-1] INFO  server.RaftServerConfigKeys (ConfUtils.java:logGet(46)) - raft.server.log.statemachine.data.sync.timeout = 10s (default)
2022-10-18 03:53:33,279 [pool-122-thread-1] INFO  server.RaftServerConfigKeys (ConfUtils.java:logGet(46)) - raft.server.log.statemachine.data.sync.timeout.retry = -1 (default)
2022-10-18 03:53:33,281 [pool-122-thread-1] INFO  server.RaftServerConfigKeys (ConfUtils.java:logGet(46)) - raft.server.log.write.buffer.size = 1048576 (custom)
2022-10-18 03:53:33,282 [pool-122-thread-1] INFO  server.RaftServerConfigKeys (ConfUtils.java:logGet(46)) - raft.server.log.unsafe-flush.enabled = false (default)
2022-10-18 03:53:33,282 [pool-122-thread-1] INFO  server.RaftServerConfigKeys (ConfUtils.java:logGet(46)) - raft.server.log.statemachine.data.caching.enabled = true (custom)
2022-10-18 03:53:33,282 [pool-122-thread-1] INFO  segmented.SegmentedRaftLogWorker (SegmentedRaftLogWorker.java:lambda$new$0(135)) - d82b3d45-d655-4a89-a275-3b2497edd339@group-FB8ECA65829D-SegmentedRaftLogWorker: flushIndex: setUnconditionally 0 -> -1
2022-10-18 03:53:33,282 [pool-122-thread-1] INFO  segmented.SegmentedRaftLogWorker (SegmentedRaftLogWorker.java:lambda$new$0(135)) - d82b3d45-d655-4a89-a275-3b2497edd339@group-FB8ECA65829D-SegmentedRaftLogWorker: safeCacheEvictIndex: setUnconditionally 0 -> -1
2022-10-18 03:53:33,288 [pool-122-thread-1] INFO  server.RaftServerConfigKeys (ConfUtils.java:logGet(46)) - raft.server.snapshot.auto.trigger.enabled = true (custom)
2022-10-18 03:53:33,288 [pool-122-thread-1] INFO  server.RaftServerConfigKeys (ConfUtils.java:logGet(46)) - raft.server.snapshot.auto.trigger.threshold = 10000 (custom)
2022-10-18 03:53:33,288 [pool-122-thread-1] INFO  server.RaftServerConfigKeys (ConfUtils.java:logGet(46)) - raft.server.snapshot.retention.file.num = 5 (custom)
2022-10-18 03:53:33,288 [pool-122-thread-1] INFO  server.RaftServerConfigKeys (ConfUtils.java:logGet(46)) - raft.server.log.purge.upto.snapshot.index = false (default)
2022-10-18 03:53:33,288 [pool-122-thread-1] INFO  server.RaftServerConfigKeys (ConfUtils.java:logGet(46)) - raft.server.retrycache.expirytime = 600000ms (custom)
2022-10-18 03:53:33,288 [pool-122-thread-1] INFO  server.RaftServerConfigKeys (ConfUtils.java:logGet(46)) - raft.server.retrycache.statistics.expirytime = 100μs (default)
2022-10-18 03:53:33,289 [pool-122-thread-1] INFO  server.RaftServerConfigKeys (ConfUtils.java:logGet(46)) - raft.server.log.appender.install.snapshot.enabled = false (custom)
2022-10-18 03:53:33,289 [pool-122-thread-1] INFO  server.RaftServerConfigKeys (ConfUtils.java:logGet(46)) - raft.server.threadpool.server.cached = true (default)
2022-10-18 03:53:33,289 [pool-122-thread-1] INFO  server.RaftServerConfigKeys (ConfUtils.java:logGet(46)) - raft.server.threadpool.server.size = 0 (default)
2022-10-18 03:53:33,290 [pool-122-thread-1] INFO  server.RaftServerConfigKeys (ConfUtils.java:logGet(46)) - raft.server.threadpool.client.cached = true (default)
2022-10-18 03:53:33,290 [pool-122-thread-1] INFO  server.RaftServerConfigKeys (ConfUtils.java:logGet(46)) - raft.server.threadpool.client.size = 0 (default)
2022-10-18 03:53:33,290 [pool-122-thread-1] INFO  server.RaftServer$Division (RaftServerImpl.java:start(310)) - d82b3d45-d655-4a89-a275-3b2497edd339@group-FB8ECA65829D: start as a follower, conf=-1: [d82b3d45-d655-4a89-a275-3b2497edd339|rpc:10.1.0.75:43445|priority:0, f6f53d54-4cd3-435a-b21b-2cdd3dcfe81c|rpc:10.1.0.75:42257|priority:0, e292a541-f338-4081-a529-9c633adc47b7|rpc:10.1.0.75:35469|priority:1], old=null
2022-10-18 03:53:33,290 [pool-122-thread-1] INFO  server.RaftServer$Division (RaftServerImpl.java:setRole(299)) - d82b3d45-d655-4a89-a275-3b2497edd339@group-FB8ECA65829D: changes role from      null to FOLLOWER at term 0 for startAsFollower
2022-10-18 03:53:33,290 [pool-122-thread-1] INFO  impl.RoleInfo (RoleInfo.java:updateAndGet(139)) - d82b3d45-d655-4a89-a275-3b2497edd339: start d82b3d45-d655-4a89-a275-3b2497edd339@group-FB8ECA65829D-FollowerState
2022-10-18 03:53:33,290 [pool-122-thread-1] INFO  util.JmxRegister (JmxRegister.java:tryRegister(44)) - Successfully registered JMX Bean with object name Ratis:service=RaftServer,group=group-FB8ECA65829D,id=d82b3d45-d655-4a89-a275-3b2497edd339
2022-10-18 03:53:33,294 [Command processor thread] INFO  ratis.XceiverServerRatis (XceiverServerRatis.java:addGroup(765)) - Created group PipelineID=0fadf5aa-82d9-4948-921c-fb8eca65829d
2022-10-18 03:53:33,308 [grpc-default-executor-2] INFO  server.RaftServer (RaftServerProxy.java:addNew(96)) - e292a541-f338-4081-a529-9c633adc47b7: addNew group-FB8ECA65829D:[d82b3d45-d655-4a89-a275-3b2497edd339|rpc:10.1.0.75:43445|dataStream:|priority:0, f6f53d54-4cd3-435a-b21b-2cdd3dcfe81c|rpc:10.1.0.75:42257|dataStream:|priority:0, e292a541-f338-4081-a529-9c633adc47b7|rpc:10.1.0.75:35469|dataStream:|priority:1] returns group-FB8ECA65829D:java.util.concurrent.CompletableFuture@2041487c[Not completed]
2022-10-18 03:53:33,309 [pool-145-thread-1] INFO  server.RaftServer$Division (RaftServerImpl.java:<init>(190)) - e292a541-f338-4081-a529-9c633adc47b7: new RaftServerImpl for group-FB8ECA65829D:[d82b3d45-d655-4a89-a275-3b2497edd339|rpc:10.1.0.75:43445|dataStream:|priority:0, f6f53d54-4cd3-435a-b21b-2cdd3dcfe81c|rpc:10.1.0.75:42257|dataStream:|priority:0, e292a541-f338-4081-a529-9c633adc47b7|rpc:10.1.0.75:35469|dataStream:|priority:1] with ContainerStateMachine:uninitialized
2022-10-18 03:53:33,310 [pool-145-thread-1] INFO  server.RaftServerConfigKeys (ConfUtils.java:logGet(46)) - raft.server.rpc.timeout.min = 5s (custom)
2022-10-18 03:53:33,310 [pool-145-thread-1] INFO  server.RaftServerConfigKeys (ConfUtils.java:logGet(46)) - raft.server.rpc.timeout.max = 5200ms (custom)
2022-10-18 03:53:33,310 [pool-145-thread-1] INFO  server.RaftServerConfigKeys (ConfUtils.java:logGet(46)) - raft.server.rpc.sleep.time = 25ms (default)
2022-10-18 03:53:33,310 [pool-145-thread-1] INFO  server.RaftServerConfigKeys (ConfUtils.java:logGet(46)) - raft.server.rpc.slowness.timeout = 300s (custom)
2022-10-18 03:53:33,310 [pool-145-thread-1] INFO  server.RaftServerConfigKeys (ConfUtils.java:logGet(46)) - raft.server.leaderelection.leader.step-down.wait-time = 10s (default)
2022-10-18 03:53:33,310 [pool-145-thread-1] INFO  server.RaftServerConfigKeys (ConfUtils.java:logGet(46)) - raft.server.sleep.deviation.threshold = 300ms (default)
2022-10-18 03:53:33,310 [pool-145-thread-1] INFO  server.RaftServer$Division (ServerState.java:<init>(107)) - e292a541-f338-4081-a529-9c633adc47b7@group-FB8ECA65829D: ConfigurationManager, init=-1: [d82b3d45-d655-4a89-a275-3b2497edd339|rpc:10.1.0.75:43445|dataStream:|priority:0, f6f53d54-4cd3-435a-b21b-2cdd3dcfe81c|rpc:10.1.0.75:42257|dataStream:|priority:0, e292a541-f338-4081-a529-9c633adc47b7|rpc:10.1.0.75:35469|dataStream:|priority:1], old=null, confs=<EMPTY_MAP>
2022-10-18 03:53:33,310 [pool-145-thread-1] INFO  server.RaftServerConfigKeys (ConfUtils.java:logGet(46)) - raft.server.storage.dir = [/home/runner/work/ozone/ozone/hadoop-ozone/integration-test/target/test-dir/MiniOzoneClusterImpl-5cdafbed-51d9-4f54-a43e-7c7e014ba032/datanode-1/data/ratis] (custom)
2022-10-18 03:53:33,311 [pool-145-thread-1] INFO  server.RaftServerConfigKeys (ConfUtils.java:logGet(46)) - raft.server.log.corruption.policy = EXCEPTION (default)
2022-10-18 03:53:33,311 [pool-145-thread-1] INFO  server.RaftServerConfigKeys (ConfUtils.java:logGet(46)) - raft.server.storage.free-space.min = 0MB (=0) (default)
2022-10-18 03:53:33,311 [pool-145-thread-1] INFO  storage.RaftStorageDirectory (RaftStorageDirectoryImpl.java:analyzeStorage(135)) - The storage directory /home/runner/work/ozone/ozone/hadoop-ozone/integration-test/target/test-dir/MiniOzoneClusterImpl-5cdafbed-51d9-4f54-a43e-7c7e014ba032/datanode-1/data/ratis/0fadf5aa-82d9-4948-921c-fb8eca65829d does not exist. Creating ...
2022-10-18 03:53:33,312 [pool-145-thread-1] INFO  storage.RaftStorageDirectory (RaftStorageDirectoryImpl.java:tryLock(230)) - Lock on /home/runner/work/ozone/ozone/hadoop-ozone/integration-test/target/test-dir/MiniOzoneClusterImpl-5cdafbed-51d9-4f54-a43e-7c7e014ba032/datanode-1/data/ratis/0fadf5aa-82d9-4948-921c-fb8eca65829d/in_use.lock acquired by nodename 30743@fv-az573-760
2022-10-18 03:53:33,314 [pool-145-thread-1] INFO  storage.RaftStorage (RaftStorageImpl.java:format(89)) - Storage directory /home/runner/work/ozone/ozone/hadoop-ozone/integration-test/target/test-dir/MiniOzoneClusterImpl-5cdafbed-51d9-4f54-a43e-7c7e014ba032/datanode-1/data/ratis/0fadf5aa-82d9-4948-921c-fb8eca65829d has been successfully formatted.
2022-10-18 03:53:33,315 [pool-145-thread-1] INFO  ratis.ContainerStateMachine (ContainerStateMachine.java:loadSnapshot(236)) - group-FB8ECA65829D: The snapshot info is null. Setting the last applied indexto:(t:0, i:~)
2022-10-18 03:53:33,316 [pool-145-thread-1] INFO  server.RaftServerConfigKeys (ConfUtils.java:logGet(46)) - raft.server.notification.no-leader.timeout = 300s (custom)
2022-10-18 03:53:33,316 [pool-145-thread-1] INFO  server.RaftServerConfigKeys (ConfUtils.java:logGet(46)) - raft.server.log.use.memory = false (default)
2022-10-18 03:53:33,317 [pool-145-thread-1] INFO  server.RaftServerConfigKeys (ConfUtils.java:logGet(46)) - raft.server.log.purge.gap = 1000000 (custom)
2022-10-18 03:53:33,317 [pool-145-thread-1] INFO  server.RaftServerConfigKeys (ConfUtils.java:logGet(46)) - raft.server.log.appender.buffer.byte-limit = 33554432 (custom)
2022-10-18 03:53:33,317 [pool-145-thread-1] INFO  server.RaftServerConfigKeys (ConfUtils.java:logGet(46)) - raft.server.log.statemachine.data.read.timeout = 1000ms (default)
2022-10-18 03:53:33,317 [pool-145-thread-1] INFO  server.RaftServerConfigKeys (ConfUtils.java:logGet(46)) - raft.server.log.segment.size.max = 1048576 (custom)
2022-10-18 03:53:33,318 [pool-145-thread-1] INFO  server.RaftServerConfigKeys (ConfUtils.java:logGet(46)) - raft.server.log.segment.cache.num.max = 2 (custom)
2022-10-18 03:53:33,318 [pool-145-thread-1] INFO  server.RaftServerConfigKeys (ConfUtils.java:logGet(46)) - raft.server.log.segment.cache.size.max = 200MB (=209715200) (default)
2022-10-18 03:53:33,318 [pool-145-thread-1] INFO  segmented.SegmentedRaftLogWorker (SegmentedRaftLogWorker.java:<init>(187)) - new e292a541-f338-4081-a529-9c633adc47b7@group-FB8ECA65829D-SegmentedRaftLogWorker for RaftStorageImpl:Storage Directory /home/runner/work/ozone/ozone/hadoop-ozone/integration-test/target/test-dir/MiniOzoneClusterImpl-5cdafbed-51d9-4f54-a43e-7c7e014ba032/datanode-1/data/ratis/0fadf5aa-82d9-4948-921c-fb8eca65829d
2022-10-18 03:53:33,318 [pool-145-thread-1] INFO  server.RaftServerConfigKeys (ConfUtils.java:logGet(46)) - raft.server.log.queue.byte-limit = 4294967296 (custom)
2022-10-18 03:53:33,318 [pool-145-thread-1] INFO  server.RaftServerConfigKeys (ConfUtils.java:logGet(46)) - raft.server.log.queue.element-limit = 1024 (custom)
2022-10-18 03:53:33,319 [pool-145-thread-1] INFO  server.RaftServerConfigKeys (ConfUtils.java:logGet(46)) - raft.server.log.segment.size.max = 1048576 (custom)
2022-10-18 03:53:33,319 [pool-145-thread-1] INFO  server.RaftServerConfigKeys (ConfUtils.java:logGet(46)) - raft.server.log.preallocated.size = 16384 (custom)
2022-10-18 03:53:33,319 [pool-145-thread-1] INFO  server.RaftServerConfigKeys (ConfUtils.java:logGet(46)) - raft.server.log.force.sync.num = 128 (default)
2022-10-18 03:53:33,319 [pool-145-thread-1] INFO  server.RaftServerConfigKeys (ConfUtils.java:logGet(46)) - raft.server.log.statemachine.data.sync = true (default)
2022-10-18 03:53:33,319 [pool-145-thread-1] INFO  server.RaftServerConfigKeys (ConfUtils.java:logGet(46)) - raft.server.log.statemachine.data.sync.timeout = 10s (default)
2022-10-18 03:53:33,319 [pool-145-thread-1] INFO  server.RaftServerConfigKeys (ConfUtils.java:logGet(46)) - raft.server.log.statemachine.data.sync.timeout.retry = -1 (default)
2022-10-18 03:53:33,320 [pool-145-thread-1] INFO  server.RaftServerConfigKeys (ConfUtils.java:logGet(46)) - raft.server.log.write.buffer.size = 1048576 (custom)
2022-10-18 03:53:33,321 [pool-145-thread-1] INFO  server.RaftServerConfigKeys (ConfUtils.java:logGet(46)) - raft.server.log.unsafe-flush.enabled = false (default)
2022-10-18 03:53:33,321 [pool-145-thread-1] INFO  server.RaftServerConfigKeys (ConfUtils.java:logGet(46)) - raft.server.log.statemachine.data.caching.enabled = true (custom)
2022-10-18 03:53:33,322 [pool-145-thread-1] INFO  segmented.SegmentedRaftLogWorker (SegmentedRaftLogWorker.java:lambda$new$0(135)) - e292a541-f338-4081-a529-9c633adc47b7@group-FB8ECA65829D-SegmentedRaftLogWorker: flushIndex: setUnconditionally 0 -> -1
2022-10-18 03:53:33,322 [pool-145-thread-1] INFO  segmented.SegmentedRaftLogWorker (SegmentedRaftLogWorker.java:lambda$new$0(135)) - e292a541-f338-4081-a529-9c633adc47b7@group-FB8ECA65829D-SegmentedRaftLogWorker: safeCacheEvictIndex: setUnconditionally 0 -> -1
2022-10-18 03:53:33,325 [pool-145-thread-1] INFO  server.RaftServerConfigKeys (ConfUtils.java:logGet(46)) - raft.server.snapshot.auto.trigger.enabled = true (custom)
2022-10-18 03:53:33,325 [pool-145-thread-1] INFO  server.RaftServerConfigKeys (ConfUtils.java:logGet(46)) - raft.server.snapshot.auto.trigger.threshold = 10000 (custom)
2022-10-18 03:53:33,325 [pool-145-thread-1] INFO  server.RaftServerConfigKeys (ConfUtils.java:logGet(46)) - raft.server.snapshot.retention.file.num = 5 (custom)
2022-10-18 03:53:33,325 [pool-145-thread-1] INFO  server.RaftServerConfigKeys (ConfUtils.java:logGet(46)) - raft.server.log.purge.upto.snapshot.index = false (default)
2022-10-18 03:53:33,325 [pool-145-thread-1] INFO  server.RaftServerConfigKeys (ConfUtils.java:logGet(46)) - raft.server.retrycache.expirytime = 600000ms (custom)
2022-10-18 03:53:33,325 [pool-145-thread-1] INFO  server.RaftServerConfigKeys (ConfUtils.java:logGet(46)) - raft.server.retrycache.statistics.expirytime = 100μs (default)
2022-10-18 03:53:33,327 [pool-145-thread-1] INFO  server.RaftServerConfigKeys (ConfUtils.java:logGet(46)) - raft.server.log.appender.install.snapshot.enabled = false (custom)
2022-10-18 03:53:33,327 [pool-145-thread-1] INFO  server.RaftServerConfigKeys (ConfUtils.java:logGet(46)) - raft.server.threadpool.server.cached = true (default)
2022-10-18 03:53:33,327 [pool-145-thread-1] INFO  server.RaftServerConfigKeys (ConfUtils.java:logGet(46)) - raft.server.threadpool.server.size = 0 (default)
2022-10-18 03:53:33,327 [pool-145-thread-1] INFO  server.RaftServerConfigKeys (ConfUtils.java:logGet(46)) - raft.server.threadpool.client.cached = true (default)
2022-10-18 03:53:33,327 [pool-145-thread-1] INFO  server.RaftServerConfigKeys (ConfUtils.java:logGet(46)) - raft.server.threadpool.client.size = 0 (default)
2022-10-18 03:53:33,327 [pool-145-thread-1] INFO  server.RaftServer$Division (RaftServerImpl.java:start(310)) - e292a541-f338-4081-a529-9c633adc47b7@group-FB8ECA65829D: start as a follower, conf=-1: [d82b3d45-d655-4a89-a275-3b2497edd339|rpc:10.1.0.75:43445|dataStream:|priority:0, f6f53d54-4cd3-435a-b21b-2cdd3dcfe81c|rpc:10.1.0.75:42257|dataStream:|priority:0, e292a541-f338-4081-a529-9c633adc47b7|rpc:10.1.0.75:35469|dataStream:|priority:1], old=null
2022-10-18 03:53:33,327 [pool-145-thread-1] INFO  server.RaftServer$Division (RaftServerImpl.java:setRole(299)) - e292a541-f338-4081-a529-9c633adc47b7@group-FB8ECA65829D: changes role from      null to FOLLOWER at term 0 for startAsFollower
2022-10-18 03:53:33,327 [pool-145-thread-1] INFO  impl.RoleInfo (RoleInfo.java:updateAndGet(139)) - e292a541-f338-4081-a529-9c633adc47b7: start e292a541-f338-4081-a529-9c633adc47b7@group-FB8ECA65829D-FollowerState
2022-10-18 03:53:33,328 [pool-145-thread-1] INFO  util.JmxRegister (JmxRegister.java:tryRegister(44)) - Successfully registered JMX Bean with object name Ratis:service=RaftServer,group=group-FB8ECA65829D,id=e292a541-f338-4081-a529-9c633adc47b7
2022-10-18 03:53:33,347 [grpc-default-executor-2] INFO  server.RaftServer (RaftServerProxy.java:addNew(96)) - f6f53d54-4cd3-435a-b21b-2cdd3dcfe81c: addNew group-FB8ECA65829D:[d82b3d45-d655-4a89-a275-3b2497edd339|rpc:10.1.0.75:43445|dataStream:|priority:0, f6f53d54-4cd3-435a-b21b-2cdd3dcfe81c|rpc:10.1.0.75:42257|dataStream:|priority:0, e292a541-f338-4081-a529-9c633adc47b7|rpc:10.1.0.75:35469|dataStream:|priority:1] returns group-FB8ECA65829D:java.util.concurrent.CompletableFuture@4f8b9f33[Not completed]
2022-10-18 03:53:33,349 [pool-168-thread-1] INFO  server.RaftServer$Division (RaftServerImpl.java:<init>(190)) - f6f53d54-4cd3-435a-b21b-2cdd3dcfe81c: new RaftServerImpl for group-FB8ECA65829D:[d82b3d45-d655-4a89-a275-3b2497edd339|rpc:10.1.0.75:43445|dataStream:|priority:0, f6f53d54-4cd3-435a-b21b-2cdd3dcfe81c|rpc:10.1.0.75:42257|dataStream:|priority:0, e292a541-f338-4081-a529-9c633adc47b7|rpc:10.1.0.75:35469|dataStream:|priority:1] with ContainerStateMachine:uninitialized
2022-10-18 03:53:33,349 [pool-168-thread-1] INFO  server.RaftServerConfigKeys (ConfUtils.java:logGet(46)) - raft.server.rpc.timeout.min = 5s (custom)
2022-10-18 03:53:33,349 [pool-168-thread-1] INFO  server.RaftServerConfigKeys (ConfUtils.java:logGet(46)) - raft.server.rpc.timeout.max = 5200ms (custom)
2022-10-18 03:53:33,349 [pool-168-thread-1] INFO  server.RaftServerConfigKeys (ConfUtils.java:logGet(46)) - raft.server.rpc.sleep.time = 25ms (default)
2022-10-18 03:53:33,349 [pool-168-thread-1] INFO  server.RaftServerConfigKeys (ConfUtils.java:logGet(46)) - raft.server.rpc.slowness.timeout = 300s (custom)
2022-10-18 03:53:33,349 [pool-168-thread-1] INFO  server.RaftServerConfigKeys (ConfUtils.java:logGet(46)) - raft.server.leaderelection.leader.step-down.wait-time = 10s (default)
2022-10-18 03:53:33,350 [pool-168-thread-1] INFO  server.RaftServerConfigKeys (ConfUtils.java:logGet(46)) - raft.server.sleep.deviation.threshold = 300ms (default)
2022-10-18 03:53:33,350 [pool-168-thread-1] INFO  server.RaftServer$Division (ServerState.java:<init>(107)) - f6f53d54-4cd3-435a-b21b-2cdd3dcfe81c@group-FB8ECA65829D: ConfigurationManager, init=-1: [d82b3d45-d655-4a89-a275-3b2497edd339|rpc:10.1.0.75:43445|dataStream:|priority:0, f6f53d54-4cd3-435a-b21b-2cdd3dcfe81c|rpc:10.1.0.75:42257|dataStream:|priority:0, e292a541-f338-4081-a529-9c633adc47b7|rpc:10.1.0.75:35469|dataStream:|priority:1], old=null, confs=<EMPTY_MAP>
2022-10-18 03:53:33,350 [pool-168-thread-1] INFO  server.RaftServerConfigKeys (ConfUtils.java:logGet(46)) - raft.server.storage.dir = [/home/runner/work/ozone/ozone/hadoop-ozone/integration-test/target/test-dir/MiniOzoneClusterImpl-5cdafbed-51d9-4f54-a43e-7c7e014ba032/datanode-2/data/ratis] (custom)
2022-10-18 03:53:33,350 [pool-168-thread-1] INFO  server.RaftServerConfigKeys (ConfUtils.java:logGet(46)) - raft.server.log.corruption.policy = EXCEPTION (default)
2022-10-18 03:53:33,350 [pool-168-thread-1] INFO  server.RaftServerConfigKeys (ConfUtils.java:logGet(46)) - raft.server.storage.free-space.min = 0MB (=0) (default)
2022-10-18 03:53:33,350 [pool-168-thread-1] INFO  storage.RaftStorageDirectory (RaftStorageDirectoryImpl.java:analyzeStorage(135)) - The storage directory /home/runner/work/ozone/ozone/hadoop-ozone/integration-test/target/test-dir/MiniOzoneClusterImpl-5cdafbed-51d9-4f54-a43e-7c7e014ba032/datanode-2/data/ratis/0fadf5aa-82d9-4948-921c-fb8eca65829d does not exist. Creating ...
2022-10-18 03:53:33,351 [pool-168-thread-1] INFO  storage.RaftStorageDirectory (RaftStorageDirectoryImpl.java:tryLock(230)) - Lock on /home/runner/work/ozone/ozone/hadoop-ozone/integration-test/target/test-dir/MiniOzoneClusterImpl-5cdafbed-51d9-4f54-a43e-7c7e014ba032/datanode-2/data/ratis/0fadf5aa-82d9-4948-921c-fb8eca65829d/in_use.lock acquired by nodename 30743@fv-az573-760
2022-10-18 03:53:33,353 [pool-168-thread-1] INFO  storage.RaftStorage (RaftStorageImpl.java:format(89)) - Storage directory /home/runner/work/ozone/ozone/hadoop-ozone/integration-test/target/test-dir/MiniOzoneClusterImpl-5cdafbed-51d9-4f54-a43e-7c7e014ba032/datanode-2/data/ratis/0fadf5aa-82d9-4948-921c-fb8eca65829d has been successfully formatted.
2022-10-18 03:53:33,355 [pool-168-thread-1] INFO  ratis.ContainerStateMachine (ContainerStateMachine.java:loadSnapshot(236)) - group-FB8ECA65829D: The snapshot info is null. Setting the last applied indexto:(t:0, i:~)
2022-10-18 03:53:33,356 [pool-168-thread-1] INFO  server.RaftServerConfigKeys (ConfUtils.java:logGet(46)) - raft.server.notification.no-leader.timeout = 300s (custom)
2022-10-18 03:53:33,356 [pool-168-thread-1] INFO  server.RaftServerConfigKeys (ConfUtils.java:logGet(46)) - raft.server.log.use.memory = false (default)
2022-10-18 03:53:33,356 [pool-168-thread-1] INFO  server.RaftServerConfigKeys (ConfUtils.java:logGet(46)) - raft.server.log.purge.gap = 1000000 (custom)
2022-10-18 03:53:33,356 [pool-168-thread-1] INFO  server.RaftServerConfigKeys (ConfUtils.java:logGet(46)) - raft.server.log.appender.buffer.byte-limit = 33554432 (custom)
2022-10-18 03:53:33,356 [pool-168-thread-1] INFO  server.RaftServerConfigKeys (ConfUtils.java:logGet(46)) - raft.server.log.statemachine.data.read.timeout = 1000ms (default)
2022-10-18 03:53:33,357 [pool-168-thread-1] INFO  server.RaftServerConfigKeys (ConfUtils.java:logGet(46)) - raft.server.log.segment.size.max = 1048576 (custom)
2022-10-18 03:53:33,357 [pool-168-thread-1] INFO  server.RaftServerConfigKeys (ConfUtils.java:logGet(46)) - raft.server.log.segment.cache.num.max = 2 (custom)
2022-10-18 03:53:33,357 [pool-168-thread-1] INFO  server.RaftServerConfigKeys (ConfUtils.java:logGet(46)) - raft.server.log.segment.cache.size.max = 200MB (=209715200) (default)
2022-10-18 03:53:33,357 [pool-168-thread-1] INFO  segmented.SegmentedRaftLogWorker (SegmentedRaftLogWorker.java:<init>(187)) - new f6f53d54-4cd3-435a-b21b-2cdd3dcfe81c@group-FB8ECA65829D-SegmentedRaftLogWorker for RaftStorageImpl:Storage Directory /home/runner/work/ozone/ozone/hadoop-ozone/integration-test/target/test-dir/MiniOzoneClusterImpl-5cdafbed-51d9-4f54-a43e-7c7e014ba032/datanode-2/data/ratis/0fadf5aa-82d9-4948-921c-fb8eca65829d
2022-10-18 03:53:33,357 [pool-168-thread-1] INFO  server.RaftServerConfigKeys (ConfUtils.java:logGet(46)) - raft.server.log.queue.byte-limit = 4294967296 (custom)
2022-10-18 03:53:33,357 [pool-168-thread-1] INFO  server.RaftServerConfigKeys (ConfUtils.java:logGet(46)) - raft.server.log.queue.element-limit = 1024 (custom)
2022-10-18 03:53:33,357 [pool-168-thread-1] INFO  server.RaftServerConfigKeys (ConfUtils.java:logGet(46)) - raft.server.log.segment.size.max = 1048576 (custom)
2022-10-18 03:53:33,358 [pool-168-thread-1] INFO  server.RaftServerConfigKeys (ConfUtils.java:logGet(46)) - raft.server.log.preallocated.size = 16384 (custom)
2022-10-18 03:53:33,358 [pool-168-thread-1] INFO  server.RaftServerConfigKeys (ConfUtils.java:logGet(46)) - raft.server.log.force.sync.num = 128 (default)
2022-10-18 03:53:33,358 [pool-168-thread-1] INFO  server.RaftServerConfigKeys (ConfUtils.java:logGet(46)) - raft.server.log.statemachine.data.sync = true (default)
2022-10-18 03:53:33,358 [pool-168-thread-1] INFO  server.RaftServerConfigKeys (ConfUtils.java:logGet(46)) - raft.server.log.statemachine.data.sync.timeout = 10s (default)
2022-10-18 03:53:33,358 [pool-168-thread-1] INFO  server.RaftServerConfigKeys (ConfUtils.java:logGet(46)) - raft.server.log.statemachine.data.sync.timeout.retry = -1 (default)
2022-10-18 03:53:33,359 [pool-168-thread-1] INFO  server.RaftServerConfigKeys (ConfUtils.java:logGet(46)) - raft.server.log.write.buffer.size = 1048576 (custom)
2022-10-18 03:53:33,359 [pool-168-thread-1] INFO  server.RaftServerConfigKeys (ConfUtils.java:logGet(46)) - raft.server.log.unsafe-flush.enabled = false (default)
2022-10-18 03:53:33,359 [pool-168-thread-1] INFO  server.RaftServerConfigKeys (ConfUtils.java:logGet(46)) - raft.server.log.statemachine.data.caching.enabled = true (custom)
2022-10-18 03:53:33,360 [pool-168-thread-1] INFO  segmented.SegmentedRaftLogWorker (SegmentedRaftLogWorker.java:lambda$new$0(135)) - f6f53d54-4cd3-435a-b21b-2cdd3dcfe81c@group-FB8ECA65829D-SegmentedRaftLogWorker: flushIndex: setUnconditionally 0 -> -1
2022-10-18 03:53:33,360 [pool-168-thread-1] INFO  segmented.SegmentedRaftLogWorker (SegmentedRaftLogWorker.java:lambda$new$0(135)) - f6f53d54-4cd3-435a-b21b-2cdd3dcfe81c@group-FB8ECA65829D-SegmentedRaftLogWorker: safeCacheEvictIndex: setUnconditionally 0 -> -1
2022-10-18 03:53:33,360 [pool-168-thread-1] INFO  server.RaftServerConfigKeys (ConfUtils.java:logGet(46)) - raft.server.snapshot.auto.trigger.enabled = true (custom)
2022-10-18 03:53:33,360 [pool-168-thread-1] INFO  server.RaftServerConfigKeys (ConfUtils.java:logGet(46)) - raft.server.snapshot.auto.trigger.threshold = 10000 (custom)
2022-10-18 03:53:33,360 [pool-168-thread-1] INFO  server.RaftServerConfigKeys (ConfUtils.java:logGet(46)) - raft.server.snapshot.retention.file.num = 5 (custom)
2022-10-18 03:53:33,360 [pool-168-thread-1] INFO  server.RaftServerConfigKeys (ConfUtils.java:logGet(46)) - raft.server.log.purge.upto.snapshot.index = false (default)
2022-10-18 03:53:33,360 [pool-168-thread-1] INFO  server.RaftServerConfigKeys (ConfUtils.java:logGet(46)) - raft.server.retrycache.expirytime = 600000ms (custom)
2022-10-18 03:53:33,360 [pool-168-thread-1] INFO  server.RaftServerConfigKeys (ConfUtils.java:logGet(46)) - raft.server.retrycache.statistics.expirytime = 100μs (default)
2022-10-18 03:53:33,361 [pool-168-thread-1] INFO  server.RaftServerConfigKeys (ConfUtils.java:logGet(46)) - raft.server.log.appender.install.snapshot.enabled = false (custom)
2022-10-18 03:53:33,361 [pool-168-thread-1] INFO  server.RaftServerConfigKeys (ConfUtils.java:logGet(46)) - raft.server.threadpool.server.cached = true (default)
2022-10-18 03:53:33,362 [pool-168-thread-1] INFO  server.RaftServerConfigKeys (ConfUtils.java:logGet(46)) - raft.server.threadpool.server.size = 0 (default)
2022-10-18 03:53:33,362 [pool-168-thread-1] INFO  server.RaftServerConfigKeys (ConfUtils.java:logGet(46)) - raft.server.threadpool.client.cached = true (default)
2022-10-18 03:53:33,362 [pool-168-thread-1] INFO  server.RaftServerConfigKeys (ConfUtils.java:logGet(46)) - raft.server.threadpool.client.size = 0 (default)
2022-10-18 03:53:33,362 [pool-168-thread-1] INFO  server.RaftServer$Division (RaftServerImpl.java:start(310)) - f6f53d54-4cd3-435a-b21b-2cdd3dcfe81c@group-FB8ECA65829D: start as a follower, conf=-1: [d82b3d45-d655-4a89-a275-3b2497edd339|rpc:10.1.0.75:43445|dataStream:|priority:0, f6f53d54-4cd3-435a-b21b-2cdd3dcfe81c|rpc:10.1.0.75:42257|dataStream:|priority:0, e292a541-f338-4081-a529-9c633adc47b7|rpc:10.1.0.75:35469|dataStream:|priority:1], old=null
2022-10-18 03:53:33,362 [pool-168-thread-1] INFO  server.RaftServer$Division (RaftServerImpl.java:setRole(299)) - f6f53d54-4cd3-435a-b21b-2cdd3dcfe81c@group-FB8ECA65829D: changes role from      null to FOLLOWER at term 0 for startAsFollower
2022-10-18 03:53:33,362 [pool-168-thread-1] INFO  impl.RoleInfo (RoleInfo.java:updateAndGet(139)) - f6f53d54-4cd3-435a-b21b-2cdd3dcfe81c: start f6f53d54-4cd3-435a-b21b-2cdd3dcfe81c@group-FB8ECA65829D-FollowerState
2022-10-18 03:53:33,362 [pool-168-thread-1] INFO  util.JmxRegister (JmxRegister.java:tryRegister(44)) - Successfully registered JMX Bean with object name Ratis:service=RaftServer,group=group-FB8ECA65829D,id=f6f53d54-4cd3-435a-b21b-2cdd3dcfe81c
2022-10-18 03:53:33,368 [Command processor thread] INFO  commandhandler.CreatePipelineCommandHandler (CreatePipelineCommandHandler.java:handle(113)) - Created Pipeline RATIS THREE PipelineID=0fadf5aa-82d9-4948-921c-fb8eca65829d.
2022-10-18 03:53:33,628 [Command processor thread] INFO  server.RaftServer (RaftServerProxy.java:addNew(96)) - e292a541-f338-4081-a529-9c633adc47b7: addNew group-564086F3F3C4:[e292a541-f338-4081-a529-9c633adc47b7|rpc:10.1.0.75:35469|priority:1] returns group-564086F3F3C4:java.util.concurrent.CompletableFuture@f3597[Not completed]
2022-10-18 03:53:33,629 [pool-145-thread-1] INFO  server.RaftServer$Division (RaftServerImpl.java:<init>(190)) - e292a541-f338-4081-a529-9c633adc47b7: new RaftServerImpl for group-564086F3F3C4:[e292a541-f338-4081-a529-9c633adc47b7|rpc:10.1.0.75:35469|priority:1] with ContainerStateMachine:uninitialized
2022-10-18 03:53:33,629 [pool-145-thread-1] INFO  server.RaftServerConfigKeys (ConfUtils.java:logGet(46)) - raft.server.rpc.timeout.min = 5s (custom)
2022-10-18 03:53:33,629 [pool-145-thread-1] INFO  server.RaftServerConfigKeys (ConfUtils.java:logGet(46)) - raft.server.rpc.timeout.max = 5200ms (custom)
2022-10-18 03:53:33,630 [pool-145-thread-1] INFO  server.RaftServerConfigKeys (ConfUtils.java:logGet(46)) - raft.server.rpc.sleep.time = 25ms (default)
2022-10-18 03:53:33,630 [pool-145-thread-1] INFO  server.RaftServerConfigKeys (ConfUtils.java:logGet(46)) - raft.server.rpc.slowness.timeout = 300s (custom)
2022-10-18 03:53:33,630 [pool-145-thread-1] INFO  server.RaftServerConfigKeys (ConfUtils.java:logGet(46)) - raft.server.leaderelection.leader.step-down.wait-time = 10s (default)
2022-10-18 03:53:33,630 [pool-145-thread-1] INFO  server.RaftServerConfigKeys (ConfUtils.java:logGet(46)) - raft.server.sleep.deviation.threshold = 300ms (default)
2022-10-18 03:53:33,630 [pool-145-thread-1] INFO  server.RaftServer$Division (ServerState.java:<init>(107)) - e292a541-f338-4081-a529-9c633adc47b7@group-564086F3F3C4: ConfigurationManager, init=-1: [e292a541-f338-4081-a529-9c633adc47b7|rpc:10.1.0.75:35469|priority:1], old=null, confs=<EMPTY_MAP>
2022-10-18 03:53:33,630 [pool-145-thread-1] INFO  server.RaftServerConfigKeys (ConfUtils.java:logGet(46)) - raft.server.storage.dir = [/home/runner/work/ozone/ozone/hadoop-ozone/integration-test/target/test-dir/MiniOzoneClusterImpl-5cdafbed-51d9-4f54-a43e-7c7e014ba032/datanode-1/data/ratis] (custom)
2022-10-18 03:53:33,630 [pool-145-thread-1] INFO  server.RaftServerConfigKeys (ConfUtils.java:logGet(46)) - raft.server.log.corruption.policy = EXCEPTION (default)
2022-10-18 03:53:33,630 [pool-145-thread-1] INFO  server.RaftServerConfigKeys (ConfUtils.java:logGet(46)) - raft.server.storage.free-space.min = 0MB (=0) (default)
2022-10-18 03:53:33,630 [pool-145-thread-1] INFO  storage.RaftStorageDirectory (RaftStorageDirectoryImpl.java:analyzeStorage(135)) - The storage directory /home/runner/work/ozone/ozone/hadoop-ozone/integration-test/target/test-dir/MiniOzoneClusterImpl-5cdafbed-51d9-4f54-a43e-7c7e014ba032/datanode-1/data/ratis/8ee39dd3-e69a-4daf-b1e4-564086f3f3c4 does not exist. Creating ...
2022-10-18 03:53:33,632 [pool-145-thread-1] INFO  storage.RaftStorageDirectory (RaftStorageDirectoryImpl.java:tryLock(230)) - Lock on /home/runner/work/ozone/ozone/hadoop-ozone/integration-test/target/test-dir/MiniOzoneClusterImpl-5cdafbed-51d9-4f54-a43e-7c7e014ba032/datanode-1/data/ratis/8ee39dd3-e69a-4daf-b1e4-564086f3f3c4/in_use.lock acquired by nodename 30743@fv-az573-760
2022-10-18 03:53:33,634 [pool-145-thread-1] INFO  storage.RaftStorage (RaftStorageImpl.java:format(89)) - Storage directory /home/runner/work/ozone/ozone/hadoop-ozone/integration-test/target/test-dir/MiniOzoneClusterImpl-5cdafbed-51d9-4f54-a43e-7c7e014ba032/datanode-1/data/ratis/8ee39dd3-e69a-4daf-b1e4-564086f3f3c4 has been successfully formatted.
2022-10-18 03:53:33,634 [pool-145-thread-1] INFO  ratis.ContainerStateMachine (ContainerStateMachine.java:loadSnapshot(236)) - group-564086F3F3C4: The snapshot info is null. Setting the last applied indexto:(t:0, i:~)
2022-10-18 03:53:33,634 [pool-145-thread-1] INFO  server.RaftServerConfigKeys (ConfUtils.java:logGet(46)) - raft.server.notification.no-leader.timeout = 300s (custom)
2022-10-18 03:53:33,634 [pool-145-thread-1] INFO  server.RaftServerConfigKeys (ConfUtils.java:logGet(46)) - raft.server.log.use.memory = false (default)
2022-10-18 03:53:33,635 [pool-145-thread-1] INFO  server.RaftServerConfigKeys (ConfUtils.java:logGet(46)) - raft.server.log.purge.gap = 1000000 (custom)
2022-10-18 03:53:33,635 [pool-145-thread-1] INFO  server.RaftServerConfigKeys (ConfUtils.java:logGet(46)) - raft.server.log.appender.buffer.byte-limit = 33554432 (custom)
2022-10-18 03:53:33,635 [pool-145-thread-1] INFO  server.RaftServerConfigKeys (ConfUtils.java:logGet(46)) - raft.server.log.statemachine.data.read.timeout = 1000ms (default)
2022-10-18 03:53:33,635 [pool-145-thread-1] INFO  server.RaftServerConfigKeys (ConfUtils.java:logGet(46)) - raft.server.log.segment.size.max = 1048576 (custom)
2022-10-18 03:53:33,637 [EventQueue-PipelineReportForPipelineReportHandler] INFO  pipeline.PipelineManagerImpl (PipelineManagerImpl.java:openPipeline(367)) - Pipeline Pipeline[ Id: 8ee39dd3-e69a-4daf-b1e4-564086f3f3c4, Nodes: e292a541-f338-4081-a529-9c633adc47b7{ip: 10.1.0.75, host: fv-az573-760.uspngagyt4suddso0aj1djjezg.dx.internal.cloudapp.net, ports: [REPLICATION=33457, RATIS=35469, RATIS_ADMIN=35469, RATIS_SERVER=35469, STANDALONE=38419], networkLocation: /default-rack, certSerialId: null, persistedOpState: IN_SERVICE, persistedOpStateExpiryEpochSec: 0}, ReplicationConfig: RATIS/ONE, State:ALLOCATED, leaderId:e292a541-f338-4081-a529-9c633adc47b7, CreationTimestamp2022-10-18T03:53:30.632Z[Etc/UTC]] moved to OPEN state
2022-10-18 03:53:33,637 [EventQueue-OpenPipelineForHealthyPipelineSafeModeRule] INFO  safemode.SCMSafeModeManager (HealthyPipelineSafeModeRule.java:process(137)) - SCM in safe mode. Healthy pipelines reported count is 0, required healthy pipeline reported count is 1
2022-10-18 03:53:33,639 [pool-145-thread-1] INFO  server.RaftServerConfigKeys (ConfUtils.java:logGet(46)) - raft.server.log.segment.cache.num.max = 2 (custom)
2022-10-18 03:53:33,639 [pool-145-thread-1] INFO  server.RaftServerConfigKeys (ConfUtils.java:logGet(46)) - raft.server.log.segment.cache.size.max = 200MB (=209715200) (default)
2022-10-18 03:53:33,639 [pool-145-thread-1] INFO  segmented.SegmentedRaftLogWorker (SegmentedRaftLogWorker.java:<init>(187)) - new e292a541-f338-4081-a529-9c633adc47b7@group-564086F3F3C4-SegmentedRaftLogWorker for RaftStorageImpl:Storage Directory /home/runner/work/ozone/ozone/hadoop-ozone/integration-test/target/test-dir/MiniOzoneClusterImpl-5cdafbed-51d9-4f54-a43e-7c7e014ba032/datanode-1/data/ratis/8ee39dd3-e69a-4daf-b1e4-564086f3f3c4
2022-10-18 03:53:33,639 [pool-145-thread-1] INFO  server.RaftServerConfigKeys (ConfUtils.java:logGet(46)) - raft.server.log.queue.byte-limit = 4294967296 (custom)
2022-10-18 03:53:33,639 [pool-145-thread-1] INFO  server.RaftServerConfigKeys (ConfUtils.java:logGet(46)) - raft.server.log.queue.element-limit = 1024 (custom)
2022-10-18 03:53:33,639 [pool-145-thread-1] INFO  server.RaftServerConfigKeys (ConfUtils.java:logGet(46)) - raft.server.log.segment.size.max = 1048576 (custom)
2022-10-18 03:53:33,640 [pool-145-thread-1] INFO  server.RaftServerConfigKeys (ConfUtils.java:logGet(46)) - raft.server.log.preallocated.size = 16384 (custom)
2022-10-18 03:53:33,640 [pool-145-thread-1] INFO  server.RaftServerConfigKeys (ConfUtils.java:logGet(46)) - raft.server.log.force.sync.num = 128 (default)
2022-10-18 03:53:33,640 [pool-145-thread-1] INFO  server.RaftServerConfigKeys (ConfUtils.java:logGet(46)) - raft.server.log.statemachine.data.sync = true (default)
2022-10-18 03:53:33,640 [pool-145-thread-1] INFO  server.RaftServerConfigKeys (ConfUtils.java:logGet(46)) - raft.server.log.statemachine.data.sync.timeout = 10s (default)
2022-10-18 03:53:33,640 [pool-145-thread-1] INFO  server.RaftServerConfigKeys (ConfUtils.java:logGet(46)) - raft.server.log.statemachine.data.sync.timeout.retry = -1 (default)
2022-10-18 03:53:33,641 [pool-145-thread-1] INFO  server.RaftServerConfigKeys (ConfUtils.java:logGet(46)) - raft.server.log.write.buffer.size = 1048576 (custom)
2022-10-18 03:53:33,641 [pool-145-thread-1] INFO  server.RaftServerConfigKeys (ConfUtils.java:logGet(46)) - raft.server.log.unsafe-flush.enabled = false (default)
2022-10-18 03:53:33,641 [pool-145-thread-1] INFO  server.RaftServerConfigKeys (ConfUtils.java:logGet(46)) - raft.server.log.statemachine.data.caching.enabled = true (custom)
2022-10-18 03:53:33,642 [pool-145-thread-1] INFO  segmented.SegmentedRaftLogWorker (SegmentedRaftLogWorker.java:lambda$new$0(135)) - e292a541-f338-4081-a529-9c633adc47b7@group-564086F3F3C4-SegmentedRaftLogWorker: flushIndex: setUnconditionally 0 -> -1
2022-10-18 03:53:33,642 [pool-145-thread-1] INFO  segmented.SegmentedRaftLogWorker (SegmentedRaftLogWorker.java:lambda$new$0(135)) - e292a541-f338-4081-a529-9c633adc47b7@group-564086F3F3C4-SegmentedRaftLogWorker: safeCacheEvictIndex: setUnconditionally 0 -> -1
2022-10-18 03:53:33,642 [pool-145-thread-1] INFO  server.RaftServerConfigKeys (ConfUtils.java:logGet(46)) - raft.server.snapshot.auto.trigger.enabled = true (custom)
2022-10-18 03:53:33,642 [pool-145-thread-1] INFO  server.RaftServerConfigKeys (ConfUtils.java:logGet(46)) - raft.server.snapshot.auto.trigger.threshold = 10000 (custom)
2022-10-18 03:53:33,642 [pool-145-thread-1] INFO  server.RaftServerConfigKeys (ConfUtils.java:logGet(46)) - raft.server.snapshot.retention.file.num = 5 (custom)
2022-10-18 03:53:33,642 [pool-145-thread-1] INFO  server.RaftServerConfigKeys (ConfUtils.java:logGet(46)) - raft.server.log.purge.upto.snapshot.index = false (default)
2022-10-18 03:53:33,642 [pool-145-thread-1] INFO  server.RaftServerConfigKeys (ConfUtils.java:logGet(46)) - raft.server.retrycache.expirytime = 600000ms (custom)
2022-10-18 03:53:33,642 [pool-145-thread-1] INFO  server.RaftServerConfigKeys (ConfUtils.java:logGet(46)) - raft.server.retrycache.statistics.expirytime = 100μs (default)
2022-10-18 03:53:33,644 [pool-145-thread-1] INFO  server.RaftServerConfigKeys (ConfUtils.java:logGet(46)) - raft.server.log.appender.install.snapshot.enabled = false (custom)
2022-10-18 03:53:33,644 [pool-145-thread-1] INFO  server.RaftServerConfigKeys (ConfUtils.java:logGet(46)) - raft.server.threadpool.server.cached = true (default)
2022-10-18 03:53:33,644 [pool-145-thread-1] INFO  server.RaftServerConfigKeys (ConfUtils.java:logGet(46)) - raft.server.threadpool.server.size = 0 (default)
2022-10-18 03:53:33,644 [pool-145-thread-1] INFO  server.RaftServerConfigKeys (ConfUtils.java:logGet(46)) - raft.server.threadpool.client.cached = true (default)
2022-10-18 03:53:33,644 [pool-145-thread-1] INFO  server.RaftServerConfigKeys (ConfUtils.java:logGet(46)) - raft.server.threadpool.client.size = 0 (default)
2022-10-18 03:53:33,645 [pool-145-thread-1] INFO  server.RaftServer$Division (RaftServerImpl.java:start(310)) - e292a541-f338-4081-a529-9c633adc47b7@group-564086F3F3C4: start as a follower, conf=-1: [e292a541-f338-4081-a529-9c633adc47b7|rpc:10.1.0.75:35469|priority:1], old=null
2022-10-18 03:53:33,645 [pool-145-thread-1] INFO  server.RaftServer$Division (RaftServerImpl.java:setRole(299)) - e292a541-f338-4081-a529-9c633adc47b7@group-564086F3F3C4: changes role from      null to FOLLOWER at term 0 for startAsFollower
2022-10-18 03:53:33,645 [pool-145-thread-1] INFO  impl.RoleInfo (RoleInfo.java:updateAndGet(139)) - e292a541-f338-4081-a529-9c633adc47b7: start e292a541-f338-4081-a529-9c633adc47b7@group-564086F3F3C4-FollowerState
2022-10-18 03:53:33,645 [pool-145-thread-1] INFO  util.JmxRegister (JmxRegister.java:tryRegister(44)) - Successfully registered JMX Bean with object name Ratis:service=RaftServer,group=group-564086F3F3C4,id=e292a541-f338-4081-a529-9c633adc47b7
2022-10-18 03:53:33,650 [Command processor thread] INFO  ratis.XceiverServerRatis (XceiverServerRatis.java:addGroup(765)) - Created group PipelineID=8ee39dd3-e69a-4daf-b1e4-564086f3f3c4
2022-10-18 03:53:33,650 [Command processor thread] INFO  commandhandler.CreatePipelineCommandHandler (CreatePipelineCommandHandler.java:handle(113)) - Created Pipeline RATIS ONE PipelineID=8ee39dd3-e69a-4daf-b1e4-564086f3f3c4.
2022-10-18 03:53:33,960 [Command processor thread] INFO  server.RaftServer (RaftServerProxy.java:addNew(96)) - f6f53d54-4cd3-435a-b21b-2cdd3dcfe81c: addNew group-89962059C845:[f6f53d54-4cd3-435a-b21b-2cdd3dcfe81c|rpc:10.1.0.75:42257|priority:1] returns group-89962059C845:java.util.concurrent.CompletableFuture@454934be[Not completed]
2022-10-18 03:53:33,961 [pool-168-thread-1] INFO  server.RaftServer$Division (RaftServerImpl.java:<init>(190)) - f6f53d54-4cd3-435a-b21b-2cdd3dcfe81c: new RaftServerImpl for group-89962059C845:[f6f53d54-4cd3-435a-b21b-2cdd3dcfe81c|rpc:10.1.0.75:42257|priority:1] with ContainerStateMachine:uninitialized
2022-10-18 03:53:33,961 [pool-168-thread-1] INFO  server.RaftServerConfigKeys (ConfUtils.java:logGet(46)) - raft.server.rpc.timeout.min = 5s (custom)
2022-10-18 03:53:33,962 [pool-168-thread-1] INFO  server.RaftServerConfigKeys (ConfUtils.java:logGet(46)) - raft.server.rpc.timeout.max = 5200ms (custom)
2022-10-18 03:53:33,962 [pool-168-thread-1] INFO  server.RaftServerConfigKeys (ConfUtils.java:logGet(46)) - raft.server.rpc.sleep.time = 25ms (default)
2022-10-18 03:53:33,962 [pool-168-thread-1] INFO  server.RaftServerConfigKeys (ConfUtils.java:logGet(46)) - raft.server.rpc.slowness.timeout = 300s (custom)
2022-10-18 03:53:33,962 [pool-168-thread-1] INFO  server.RaftServerConfigKeys (ConfUtils.java:logGet(46)) - raft.server.leaderelection.leader.step-down.wait-time = 10s (default)
2022-10-18 03:53:33,962 [pool-168-thread-1] INFO  server.RaftServerConfigKeys (ConfUtils.java:logGet(46)) - raft.server.sleep.deviation.threshold = 300ms (default)
2022-10-18 03:53:33,962 [pool-168-thread-1] INFO  server.RaftServer$Division (ServerState.java:<init>(107)) - f6f53d54-4cd3-435a-b21b-2cdd3dcfe81c@group-89962059C845: ConfigurationManager, init=-1: [f6f53d54-4cd3-435a-b21b-2cdd3dcfe81c|rpc:10.1.0.75:42257|priority:1], old=null, confs=<EMPTY_MAP>
2022-10-18 03:53:33,962 [pool-168-thread-1] INFO  server.RaftServerConfigKeys (ConfUtils.java:logGet(46)) - raft.server.storage.dir = [/home/runner/work/ozone/ozone/hadoop-ozone/integration-test/target/test-dir/MiniOzoneClusterImpl-5cdafbed-51d9-4f54-a43e-7c7e014ba032/datanode-2/data/ratis] (custom)
2022-10-18 03:53:33,962 [pool-168-thread-1] INFO  server.RaftServerConfigKeys (ConfUtils.java:logGet(46)) - raft.server.log.corruption.policy = EXCEPTION (default)
2022-10-18 03:53:33,962 [pool-168-thread-1] INFO  server.RaftServerConfigKeys (ConfUtils.java:logGet(46)) - raft.server.storage.free-space.min = 0MB (=0) (default)
2022-10-18 03:53:33,963 [pool-168-thread-1] INFO  storage.RaftStorageDirectory (RaftStorageDirectoryImpl.java:analyzeStorage(135)) - The storage directory /home/runner/work/ozone/ozone/hadoop-ozone/integration-test/target/test-dir/MiniOzoneClusterImpl-5cdafbed-51d9-4f54-a43e-7c7e014ba032/datanode-2/data/ratis/bfab1f81-d9be-4af5-a8e8-89962059c845 does not exist. Creating ...
2022-10-18 03:53:33,963 [Listener at 127.0.0.1/45489] INFO  ozone.MiniOzoneClusterImpl (MiniOzoneClusterImpl.java:lambda$waitForClusterToBeReady$0(216)) - Nodes are ready. Got 3 of 3 DN Heartbeats.
2022-10-18 03:53:33,963 [Listener at 127.0.0.1/45489] INFO  ozone.MiniOzoneClusterImpl (MiniOzoneClusterImpl.java:lambda$waitForClusterToBeReady$0(219)) - Waiting for cluster to exit safe mode
2022-10-18 03:53:33,963 [Listener at 127.0.0.1/45489] INFO  ozone.MiniOzoneClusterImpl (MiniOzoneClusterImpl.java:lambda$waitForClusterToBeReady$0(221)) - SCM became leader
2022-10-18 03:53:33,964 [pool-168-thread-1] INFO  storage.RaftStorageDirectory (RaftStorageDirectoryImpl.java:tryLock(230)) - Lock on /home/runner/work/ozone/ozone/hadoop-ozone/integration-test/target/test-dir/MiniOzoneClusterImpl-5cdafbed-51d9-4f54-a43e-7c7e014ba032/datanode-2/data/ratis/bfab1f81-d9be-4af5-a8e8-89962059c845/in_use.lock acquired by nodename 30743@fv-az573-760
2022-10-18 03:53:33,966 [pool-168-thread-1] INFO  storage.RaftStorage (RaftStorageImpl.java:format(89)) - Storage directory /home/runner/work/ozone/ozone/hadoop-ozone/integration-test/target/test-dir/MiniOzoneClusterImpl-5cdafbed-51d9-4f54-a43e-7c7e014ba032/datanode-2/data/ratis/bfab1f81-d9be-4af5-a8e8-89962059c845 has been successfully formatted.
2022-10-18 03:53:33,966 [pool-168-thread-1] INFO  ratis.ContainerStateMachine (ContainerStateMachine.java:loadSnapshot(236)) - group-89962059C845: The snapshot info is null. Setting the last applied indexto:(t:0, i:~)
2022-10-18 03:53:33,966 [pool-168-thread-1] INFO  server.RaftServerConfigKeys (ConfUtils.java:logGet(46)) - raft.server.notification.no-leader.timeout = 300s (custom)
2022-10-18 03:53:33,967 [pool-168-thread-1] INFO  server.RaftServerConfigKeys (ConfUtils.java:logGet(46)) - raft.server.log.use.memory = false (default)
2022-10-18 03:53:33,967 [pool-168-thread-1] INFO  server.RaftServerConfigKeys (ConfUtils.java:logGet(46)) - raft.server.log.purge.gap = 1000000 (custom)
2022-10-18 03:53:33,967 [pool-168-thread-1] INFO  server.RaftServerConfigKeys (ConfUtils.java:logGet(46)) - raft.server.log.appender.buffer.byte-limit = 33554432 (custom)
2022-10-18 03:53:33,967 [pool-168-thread-1] INFO  server.RaftServerConfigKeys (ConfUtils.java:logGet(46)) - raft.server.log.statemachine.data.read.timeout = 1000ms (default)
2022-10-18 03:53:33,969 [EventQueue-PipelineReportForPipelineReportHandler] INFO  pipeline.PipelineManagerImpl (PipelineManagerImpl.java:openPipeline(367)) - Pipeline Pipeline[ Id: bfab1f81-d9be-4af5-a8e8-89962059c845, Nodes: f6f53d54-4cd3-435a-b21b-2cdd3dcfe81c{ip: 10.1.0.75, host: fv-az573-760.uspngagyt4suddso0aj1djjezg.dx.internal.cloudapp.net, ports: [REPLICATION=32957, RATIS=42257, RATIS_ADMIN=42257, RATIS_SERVER=42257, STANDALONE=42793], networkLocation: /default-rack, certSerialId: null, persistedOpState: IN_SERVICE, persistedOpStateExpiryEpochSec: 0}, ReplicationConfig: RATIS/ONE, State:ALLOCATED, leaderId:f6f53d54-4cd3-435a-b21b-2cdd3dcfe81c, CreationTimestamp2022-10-18T03:53:30.963Z[Etc/UTC]] moved to OPEN state
2022-10-18 03:53:33,969 [pool-168-thread-1] INFO  server.RaftServerConfigKeys (ConfUtils.java:logGet(46)) - raft.server.log.segment.size.max = 1048576 (custom)
2022-10-18 03:53:33,970 [EventQueue-OpenPipelineForHealthyPipelineSafeModeRule] INFO  safemode.SCMSafeModeManager (HealthyPipelineSafeModeRule.java:process(137)) - SCM in safe mode. Healthy pipelines reported count is 0, required healthy pipeline reported count is 1
2022-10-18 03:53:33,971 [pool-168-thread-1] INFO  server.RaftServerConfigKeys (ConfUtils.java:logGet(46)) - raft.server.log.segment.cache.num.max = 2 (custom)
2022-10-18 03:53:33,971 [pool-168-thread-1] INFO  server.RaftServerConfigKeys (ConfUtils.java:logGet(46)) - raft.server.log.segment.cache.size.max = 200MB (=209715200) (default)
2022-10-18 03:53:33,971 [pool-168-thread-1] INFO  segmented.SegmentedRaftLogWorker (SegmentedRaftLogWorker.java:<init>(187)) - new f6f53d54-4cd3-435a-b21b-2cdd3dcfe81c@group-89962059C845-SegmentedRaftLogWorker for RaftStorageImpl:Storage Directory /home/runner/work/ozone/ozone/hadoop-ozone/integration-test/target/test-dir/MiniOzoneClusterImpl-5cdafbed-51d9-4f54-a43e-7c7e014ba032/datanode-2/data/ratis/bfab1f81-d9be-4af5-a8e8-89962059c845
2022-10-18 03:53:33,971 [pool-168-thread-1] INFO  server.RaftServerConfigKeys (ConfUtils.java:logGet(46)) - raft.server.log.queue.byte-limit = 4294967296 (custom)
2022-10-18 03:53:33,971 [pool-168-thread-1] INFO  server.RaftServerConfigKeys (ConfUtils.java:logGet(46)) - raft.server.log.queue.element-limit = 1024 (custom)
2022-10-18 03:53:33,971 [pool-168-thread-1] INFO  server.RaftServerConfigKeys (ConfUtils.java:logGet(46)) - raft.server.log.segment.size.max = 1048576 (custom)
2022-10-18 03:53:33,971 [pool-168-thread-1] INFO  server.RaftServerConfigKeys (ConfUtils.java:logGet(46)) - raft.server.log.preallocated.size = 16384 (custom)
2022-10-18 03:53:33,971 [pool-168-thread-1] INFO  server.RaftServerConfigKeys (ConfUtils.java:logGet(46)) - raft.server.log.force.sync.num = 128 (default)
2022-10-18 03:53:33,971 [pool-168-thread-1] INFO  server.RaftServerConfigKeys (ConfUtils.java:logGet(46)) - raft.server.log.statemachine.data.sync = true (default)
2022-10-18 03:53:33,972 [pool-168-thread-1] INFO  server.RaftServerConfigKeys (ConfUtils.java:logGet(46)) - raft.server.log.statemachine.data.sync.timeout = 10s (default)
2022-10-18 03:53:33,972 [pool-168-thread-1] INFO  server.RaftServerConfigKeys (ConfUtils.java:logGet(46)) - raft.server.log.statemachine.data.sync.timeout.retry = -1 (default)
2022-10-18 03:53:33,972 [pool-168-thread-1] INFO  server.RaftServerConfigKeys (ConfUtils.java:logGet(46)) - raft.server.log.write.buffer.size = 1048576 (custom)
2022-10-18 03:53:33,973 [pool-168-thread-1] INFO  server.RaftServerConfigKeys (ConfUtils.java:logGet(46)) - raft.server.log.unsafe-flush.enabled = false (default)
2022-10-18 03:53:33,973 [pool-168-thread-1] INFO  server.RaftServerConfigKeys (ConfUtils.java:logGet(46)) - raft.server.log.statemachine.data.caching.enabled = true (custom)
2022-10-18 03:53:33,973 [pool-168-thread-1] INFO  segmented.SegmentedRaftLogWorker (SegmentedRaftLogWorker.java:lambda$new$0(135)) - f6f53d54-4cd3-435a-b21b-2cdd3dcfe81c@group-89962059C845-SegmentedRaftLogWorker: flushIndex: setUnconditionally 0 -> -1
2022-10-18 03:53:33,974 [pool-168-thread-1] INFO  segmented.SegmentedRaftLogWorker (SegmentedRaftLogWorker.java:lambda$new$0(135)) - f6f53d54-4cd3-435a-b21b-2cdd3dcfe81c@group-89962059C845-SegmentedRaftLogWorker: safeCacheEvictIndex: setUnconditionally 0 -> -1
2022-10-18 03:53:33,974 [pool-168-thread-1] INFO  server.RaftServerConfigKeys (ConfUtils.java:logGet(46)) - raft.server.snapshot.auto.trigger.enabled = true (custom)
2022-10-18 03:53:33,974 [pool-168-thread-1] INFO  server.RaftServerConfigKeys (ConfUtils.java:logGet(46)) - raft.server.snapshot.auto.trigger.threshold = 10000 (custom)
2022-10-18 03:53:33,974 [pool-168-thread-1] INFO  server.RaftServerConfigKeys (ConfUtils.java:logGet(46)) - raft.server.snapshot.retention.file.num = 5 (custom)
2022-10-18 03:53:33,974 [pool-168-thread-1] INFO  server.RaftServerConfigKeys (ConfUtils.java:logGet(46)) - raft.server.log.purge.upto.snapshot.index = false (default)
2022-10-18 03:53:33,974 [pool-168-thread-1] INFO  server.RaftServerConfigKeys (ConfUtils.java:logGet(46)) - raft.server.retrycache.expirytime = 600000ms (custom)
2022-10-18 03:53:33,974 [pool-168-thread-1] INFO  server.RaftServerConfigKeys (ConfUtils.java:logGet(46)) - raft.server.retrycache.statistics.expirytime = 100μs (default)
2022-10-18 03:53:33,975 [pool-168-thread-1] INFO  server.RaftServerConfigKeys (ConfUtils.java:logGet(46)) - raft.server.log.appender.install.snapshot.enabled = false (custom)
2022-10-18 03:53:33,975 [pool-168-thread-1] INFO  server.RaftServerConfigKeys (ConfUtils.java:logGet(46)) - raft.server.threadpool.server.cached = true (default)
2022-10-18 03:53:33,975 [pool-168-thread-1] INFO  server.RaftServerConfigKeys (ConfUtils.java:logGet(46)) - raft.server.threadpool.server.size = 0 (default)
2022-10-18 03:53:33,976 [pool-168-thread-1] INFO  server.RaftServerConfigKeys (ConfUtils.java:logGet(46)) - raft.server.threadpool.client.cached = true (default)
2022-10-18 03:53:33,976 [pool-168-thread-1] INFO  server.RaftServerConfigKeys (ConfUtils.java:logGet(46)) - raft.server.threadpool.client.size = 0 (default)
2022-10-18 03:53:33,976 [pool-168-thread-1] INFO  server.RaftServer$Division (RaftServerImpl.java:start(310)) - f6f53d54-4cd3-435a-b21b-2cdd3dcfe81c@group-89962059C845: start as a follower, conf=-1: [f6f53d54-4cd3-435a-b21b-2cdd3dcfe81c|rpc:10.1.0.75:42257|priority:1], old=null
2022-10-18 03:53:33,976 [pool-168-thread-1] INFO  server.RaftServer$Division (RaftServerImpl.java:setRole(299)) - f6f53d54-4cd3-435a-b21b-2cdd3dcfe81c@group-89962059C845: changes role from      null to FOLLOWER at term 0 for startAsFollower
2022-10-18 03:53:33,976 [pool-168-thread-1] INFO  impl.RoleInfo (RoleInfo.java:updateAndGet(139)) - f6f53d54-4cd3-435a-b21b-2cdd3dcfe81c: start f6f53d54-4cd3-435a-b21b-2cdd3dcfe81c@group-89962059C845-FollowerState
2022-10-18 03:53:33,977 [pool-168-thread-1] INFO  util.JmxRegister (JmxRegister.java:tryRegister(44)) - Successfully registered JMX Bean with object name Ratis:service=RaftServer,group=group-89962059C845,id=f6f53d54-4cd3-435a-b21b-2cdd3dcfe81c
2022-10-18 03:53:33,977 [Command processor thread] INFO  ratis.XceiverServerRatis (XceiverServerRatis.java:addGroup(765)) - Created group PipelineID=bfab1f81-d9be-4af5-a8e8-89962059c845
2022-10-18 03:53:33,977 [Command processor thread] INFO  commandhandler.CreatePipelineCommandHandler (CreatePipelineCommandHandler.java:handle(113)) - Created Pipeline RATIS ONE PipelineID=bfab1f81-d9be-4af5-a8e8-89962059c845.
2022-10-18 03:53:34,963 [Listener at 127.0.0.1/45489] INFO  ozone.MiniOzoneClusterImpl (MiniOzoneClusterImpl.java:lambda$waitForClusterToBeReady$0(216)) - Nodes are ready. Got 3 of 3 DN Heartbeats.
2022-10-18 03:53:34,964 [Listener at 127.0.0.1/45489] INFO  ozone.MiniOzoneClusterImpl (MiniOzoneClusterImpl.java:lambda$waitForClusterToBeReady$0(219)) - Waiting for cluster to exit safe mode
2022-10-18 03:53:34,964 [Listener at 127.0.0.1/45489] INFO  ozone.MiniOzoneClusterImpl (MiniOzoneClusterImpl.java:lambda$waitForClusterToBeReady$0(221)) - SCM became leader
2022-10-18 03:53:35,964 [Listener at 127.0.0.1/45489] INFO  ozone.MiniOzoneClusterImpl (MiniOzoneClusterImpl.java:lambda$waitForClusterToBeReady$0(216)) - Nodes are ready. Got 3 of 3 DN Heartbeats.
2022-10-18 03:53:35,964 [Listener at 127.0.0.1/45489] INFO  ozone.MiniOzoneClusterImpl (MiniOzoneClusterImpl.java:lambda$waitForClusterToBeReady$0(219)) - Waiting for cluster to exit safe mode
2022-10-18 03:53:35,965 [Listener at 127.0.0.1/45489] INFO  ozone.MiniOzoneClusterImpl (MiniOzoneClusterImpl.java:lambda$waitForClusterToBeReady$0(221)) - SCM became leader
2022-10-18 03:53:36,965 [Listener at 127.0.0.1/45489] INFO  ozone.MiniOzoneClusterImpl (MiniOzoneClusterImpl.java:lambda$waitForClusterToBeReady$0(216)) - Nodes are ready. Got 3 of 3 DN Heartbeats.
2022-10-18 03:53:36,965 [Listener at 127.0.0.1/45489] INFO  ozone.MiniOzoneClusterImpl (MiniOzoneClusterImpl.java:lambda$waitForClusterToBeReady$0(219)) - Waiting for cluster to exit safe mode
2022-10-18 03:53:36,965 [Listener at 127.0.0.1/45489] INFO  ozone.MiniOzoneClusterImpl (MiniOzoneClusterImpl.java:lambda$waitForClusterToBeReady$0(221)) - SCM became leader
2022-10-18 03:53:37,966 [Listener at 127.0.0.1/45489] INFO  ozone.MiniOzoneClusterImpl (MiniOzoneClusterImpl.java:lambda$waitForClusterToBeReady$0(216)) - Nodes are ready. Got 3 of 3 DN Heartbeats.
2022-10-18 03:53:37,966 [Listener at 127.0.0.1/45489] INFO  ozone.MiniOzoneClusterImpl (MiniOzoneClusterImpl.java:lambda$waitForClusterToBeReady$0(219)) - Waiting for cluster to exit safe mode
2022-10-18 03:53:37,966 [Listener at 127.0.0.1/45489] INFO  ozone.MiniOzoneClusterImpl (MiniOzoneClusterImpl.java:lambda$waitForClusterToBeReady$0(221)) - SCM became leader
2022-10-18 03:53:38,089 [d82b3d45-d655-4a89-a275-3b2497edd339@group-F77B1AE49E46-FollowerState] INFO  impl.FollowerState (FollowerState.java:run(143)) - d82b3d45-d655-4a89-a275-3b2497edd339@group-F77B1AE49E46-FollowerState: change to CANDIDATE, lastRpcElapsedTime:5053238721ns, electionTimeout:5052ms
2022-10-18 03:53:38,090 [d82b3d45-d655-4a89-a275-3b2497edd339@group-F77B1AE49E46-FollowerState] INFO  impl.RoleInfo (RoleInfo.java:shutdownFollowerState(110)) - d82b3d45-d655-4a89-a275-3b2497edd339: shutdown d82b3d45-d655-4a89-a275-3b2497edd339@group-F77B1AE49E46-FollowerState
2022-10-18 03:53:38,090 [d82b3d45-d655-4a89-a275-3b2497edd339@group-F77B1AE49E46-FollowerState] INFO  server.RaftServer$Division (RaftServerImpl.java:setRole(299)) - d82b3d45-d655-4a89-a275-3b2497edd339@group-F77B1AE49E46: changes role from  FOLLOWER to CANDIDATE at term 0 for changeToCandidate
2022-10-18 03:53:38,090 [d82b3d45-d655-4a89-a275-3b2497edd339@group-F77B1AE49E46-FollowerState] INFO  server.RaftServerConfigKeys (ConfUtils.java:logGet(46)) - raft.server.leaderelection.pre-vote = false (custom)
2022-10-18 03:53:38,090 [d82b3d45-d655-4a89-a275-3b2497edd339@group-F77B1AE49E46-FollowerState] INFO  impl.RoleInfo (RoleInfo.java:updateAndGet(139)) - d82b3d45-d655-4a89-a275-3b2497edd339: start d82b3d45-d655-4a89-a275-3b2497edd339@group-F77B1AE49E46-LeaderElection4
2022-10-18 03:53:38,094 [d82b3d45-d655-4a89-a275-3b2497edd339@group-F77B1AE49E46-LeaderElection4] INFO  impl.LeaderElection (LeaderElection.java:askForVotes(310)) - d82b3d45-d655-4a89-a275-3b2497edd339@group-F77B1AE49E46-LeaderElection4 ELECTION round 0: submit vote requests at term 1 for -1: [d82b3d45-d655-4a89-a275-3b2497edd339|rpc:10.1.0.75:43445|priority:1], old=null
2022-10-18 03:53:38,094 [d82b3d45-d655-4a89-a275-3b2497edd339@group-F77B1AE49E46-LeaderElection4] INFO  impl.LeaderElection (LeaderElection.java:askForVotes(312)) - d82b3d45-d655-4a89-a275-3b2497edd339@group-F77B1AE49E46-LeaderElection4 ELECTION round 0: result PASSED (term=1)
2022-10-18 03:53:38,094 [d82b3d45-d655-4a89-a275-3b2497edd339@group-F77B1AE49E46-LeaderElection4] INFO  impl.RoleInfo (RoleInfo.java:shutdownLeaderElection(130)) - d82b3d45-d655-4a89-a275-3b2497edd339: shutdown d82b3d45-d655-4a89-a275-3b2497edd339@group-F77B1AE49E46-LeaderElection4
2022-10-18 03:53:38,094 [d82b3d45-d655-4a89-a275-3b2497edd339@group-F77B1AE49E46-LeaderElection4] INFO  server.RaftServer$Division (RaftServerImpl.java:setRole(299)) - d82b3d45-d655-4a89-a275-3b2497edd339@group-F77B1AE49E46: changes role from CANDIDATE to LEADER at term 1 for changeToLeader
2022-10-18 03:53:38,094 [d82b3d45-d655-4a89-a275-3b2497edd339@group-F77B1AE49E46-LeaderElection4] INFO  ratis.XceiverServerRatis (XceiverServerRatis.java:handleLeaderChangedNotification(863)) - Leader change notification received for group: group-F77B1AE49E46 with new leaderId: d82b3d45-d655-4a89-a275-3b2497edd339
2022-10-18 03:53:38,095 [d82b3d45-d655-4a89-a275-3b2497edd339@group-F77B1AE49E46-LeaderElection4] INFO  server.RaftServer$Division (ServerState.java:setLeader(287)) - d82b3d45-d655-4a89-a275-3b2497edd339@group-F77B1AE49E46: change Leader from null to d82b3d45-d655-4a89-a275-3b2497edd339 at term 1 for becomeLeader, leader elected after 5065ms
2022-10-18 03:53:38,095 [d82b3d45-d655-4a89-a275-3b2497edd339@group-F77B1AE49E46-LeaderElection4] INFO  server.RaftServerConfigKeys (ConfUtils.java:logGet(46)) - raft.server.staging.catchup.gap = 1000 (default)
2022-10-18 03:53:38,095 [d82b3d45-d655-4a89-a275-3b2497edd339@group-F77B1AE49E46-LeaderElection4] INFO  server.RaftServerConfigKeys (ConfUtils.java:logGet(46)) - raft.server.write.element-limit = 1024 (custom)
2022-10-18 03:53:38,095 [d82b3d45-d655-4a89-a275-3b2497edd339@group-F77B1AE49E46-LeaderElection4] INFO  server.RaftServerConfigKeys (ConfUtils.java:logGet(46)) - raft.server.write.byte-limit = 1024 M (=1073741824) (custom)
2022-10-18 03:53:38,096 [d82b3d45-d655-4a89-a275-3b2497edd339@group-F77B1AE49E46-LeaderElection4] INFO  server.RaftServerConfigKeys (ConfUtils.java:logGet(46)) - raft.server.watch.timeout = 180s (custom)
2022-10-18 03:53:38,096 [d82b3d45-d655-4a89-a275-3b2497edd339@group-F77B1AE49E46-LeaderElection4] INFO  server.RaftServerConfigKeys (ConfUtils.java:logGet(46)) - raft.server.watch.timeout.denomination = 1s (default)
2022-10-18 03:53:38,096 [d82b3d45-d655-4a89-a275-3b2497edd339@group-F77B1AE49E46-LeaderElection4] INFO  server.RaftServerConfigKeys (ConfUtils.java:logGet(46)) - raft.server.watch.element-limit = 65536 (default)
2022-10-18 03:53:38,096 [d82b3d45-d655-4a89-a275-3b2497edd339@group-F77B1AE49E46-LeaderElection4] INFO  server.RaftServerConfigKeys (ConfUtils.java:logGet(46)) - raft.server.write.element-limit = 1024 (custom)
2022-10-18 03:53:38,096 [d82b3d45-d655-4a89-a275-3b2497edd339@group-F77B1AE49E46-LeaderElection4] INFO  server.RaftServerConfigKeys (ConfUtils.java:logGet(46)) - raft.server.write.follower.gap.ratio.max = -1.0 (default)
2022-10-18 03:53:38,096 [d82b3d45-d655-4a89-a275-3b2497edd339@group-F77B1AE49E46-LeaderElection4] INFO  impl.RoleInfo (RoleInfo.java:updateAndGet(139)) - d82b3d45-d655-4a89-a275-3b2497edd339: start d82b3d45-d655-4a89-a275-3b2497edd339@group-F77B1AE49E46-LeaderStateImpl
2022-10-18 03:53:38,097 [d82b3d45-d655-4a89-a275-3b2497edd339@group-F77B1AE49E46-LeaderElection4] INFO  segmented.SegmentedRaftLogWorker (SegmentedRaftLogWorker.java:startLogSegment(425)) - d82b3d45-d655-4a89-a275-3b2497edd339@group-F77B1AE49E46-SegmentedRaftLogWorker: Starting segment from index:0
2022-10-18 03:53:38,102 [d82b3d45-d655-4a89-a275-3b2497edd339@group-F77B1AE49E46-LeaderElection4] INFO  server.RaftServer$Division (ServerState.java:setRaftConf(393)) - d82b3d45-d655-4a89-a275-3b2497edd339@group-F77B1AE49E46: set configuration 0: [d82b3d45-d655-4a89-a275-3b2497edd339|rpc:10.1.0.75:43445|dataStream:|priority:1], old=null
2022-10-18 03:53:38,103 [d82b3d45-d655-4a89-a275-3b2497edd339@group-F77B1AE49E46-SegmentedRaftLogWorker] INFO  segmented.SegmentedRaftLogWorker (SegmentedRaftLogWorker.java:execute(629)) - d82b3d45-d655-4a89-a275-3b2497edd339@group-F77B1AE49E46-SegmentedRaftLogWorker: created new log segment /home/runner/work/ozone/ozone/hadoop-ozone/integration-test/target/test-dir/MiniOzoneClusterImpl-5cdafbed-51d9-4f54-a43e-7c7e014ba032/datanode-0/data/ratis/1bc7a4c0-ae37-4790-b001-f77b1ae49e46/current/log_inprogress_0
2022-10-18 03:53:38,106 [EventQueue-OpenPipelineForHealthyPipelineSafeModeRule] INFO  safemode.SCMSafeModeManager (HealthyPipelineSafeModeRule.java:process(137)) - SCM in safe mode. Healthy pipelines reported count is 0, required healthy pipeline reported count is 1
2022-10-18 03:53:38,124 [d82b3d45-d655-4a89-a275-3b2497edd339@group-7C090B2D8C9D-FollowerState] INFO  impl.FollowerState (FollowerState.java:run(143)) - d82b3d45-d655-4a89-a275-3b2497edd339@group-7C090B2D8C9D-FollowerState: change to CANDIDATE, lastRpcElapsedTime:5051478715ns, electionTimeout:5045ms
2022-10-18 03:53:38,124 [d82b3d45-d655-4a89-a275-3b2497edd339@group-7C090B2D8C9D-FollowerState] INFO  impl.RoleInfo (RoleInfo.java:shutdownFollowerState(110)) - d82b3d45-d655-4a89-a275-3b2497edd339: shutdown d82b3d45-d655-4a89-a275-3b2497edd339@group-7C090B2D8C9D-FollowerState
2022-10-18 03:53:38,124 [d82b3d45-d655-4a89-a275-3b2497edd339@group-7C090B2D8C9D-FollowerState] INFO  server.RaftServer$Division (RaftServerImpl.java:setRole(299)) - d82b3d45-d655-4a89-a275-3b2497edd339@group-7C090B2D8C9D: changes role from  FOLLOWER to CANDIDATE at term 0 for changeToCandidate
2022-10-18 03:53:38,124 [d82b3d45-d655-4a89-a275-3b2497edd339@group-7C090B2D8C9D-FollowerState] INFO  server.RaftServerConfigKeys (ConfUtils.java:logGet(46)) - raft.server.leaderelection.pre-vote = false (custom)
2022-10-18 03:53:38,124 [d82b3d45-d655-4a89-a275-3b2497edd339@group-7C090B2D8C9D-FollowerState] INFO  impl.RoleInfo (RoleInfo.java:updateAndGet(139)) - d82b3d45-d655-4a89-a275-3b2497edd339: start d82b3d45-d655-4a89-a275-3b2497edd339@group-7C090B2D8C9D-LeaderElection5
2022-10-18 03:53:38,128 [d82b3d45-d655-4a89-a275-3b2497edd339@group-7C090B2D8C9D-LeaderElection5] INFO  impl.LeaderElection (LeaderElection.java:askForVotes(310)) - d82b3d45-d655-4a89-a275-3b2497edd339@group-7C090B2D8C9D-LeaderElection5 ELECTION round 0: submit vote requests at term 1 for -1: [d82b3d45-d655-4a89-a275-3b2497edd339|rpc:10.1.0.75:43445|priority:1, f6f53d54-4cd3-435a-b21b-2cdd3dcfe81c|rpc:10.1.0.75:42257|priority:0, e292a541-f338-4081-a529-9c633adc47b7|rpc:10.1.0.75:35469|priority:0], old=null
2022-10-18 03:53:38,148 [grpc-default-executor-2] INFO  server.RaftServer$Division (RaftServerImpl.java:requestVote(1152)) - e292a541-f338-4081-a529-9c633adc47b7@group-7C090B2D8C9D: receive requestVote(ELECTION, d82b3d45-d655-4a89-a275-3b2497edd339, group-7C090B2D8C9D, 1, (t:0, i:0))
2022-10-18 03:53:38,148 [grpc-default-executor-2] INFO  impl.VoteContext (VoteContext.java:log(48)) - e292a541-f338-4081-a529-9c633adc47b7@group-7C090B2D8C9D-FOLLOWER: accept ELECTION from d82b3d45-d655-4a89-a275-3b2497edd339: our priority 0 <= candidate's priority 1
2022-10-18 03:53:38,148 [grpc-default-executor-2] INFO  server.RaftServer$Division (RaftServerImpl.java:setRole(299)) - e292a541-f338-4081-a529-9c633adc47b7@group-7C090B2D8C9D: changes role from  FOLLOWER to FOLLOWER at term 1 for candidate:d82b3d45-d655-4a89-a275-3b2497edd339
2022-10-18 03:53:38,148 [grpc-default-executor-2] INFO  impl.RoleInfo (RoleInfo.java:shutdownFollowerState(110)) - e292a541-f338-4081-a529-9c633adc47b7: shutdown e292a541-f338-4081-a529-9c633adc47b7@group-7C090B2D8C9D-FollowerState
2022-10-18 03:53:38,149 [grpc-default-executor-2] INFO  impl.RoleInfo (RoleInfo.java:updateAndGet(139)) - e292a541-f338-4081-a529-9c633adc47b7: start e292a541-f338-4081-a529-9c633adc47b7@group-7C090B2D8C9D-FollowerState
2022-10-18 03:53:38,149 [e292a541-f338-4081-a529-9c633adc47b7@group-7C090B2D8C9D-FollowerState] INFO  impl.FollowerState (FollowerState.java:run(152)) - e292a541-f338-4081-a529-9c633adc47b7@group-7C090B2D8C9D-FollowerState was interrupted
2022-10-18 03:53:38,152 [grpc-default-executor-2] INFO  server.RaftServer$Division (RaftServerImpl.java:requestVote(1184)) - e292a541-f338-4081-a529-9c633adc47b7@group-7C090B2D8C9D replies to ELECTION vote request: d82b3d45-d655-4a89-a275-3b2497edd339<-e292a541-f338-4081-a529-9c633adc47b7#0:OK-t1. Peer's state: e292a541-f338-4081-a529-9c633adc47b7@group-7C090B2D8C9D:t1, leader=null, voted=d82b3d45-d655-4a89-a275-3b2497edd339, raftlog=e292a541-f338-4081-a529-9c633adc47b7@group-7C090B2D8C9D-SegmentedRaftLog:OPENED:c-1, conf=-1: [d82b3d45-d655-4a89-a275-3b2497edd339|rpc:10.1.0.75:43445|dataStream:|priority:1, f6f53d54-4cd3-435a-b21b-2cdd3dcfe81c|rpc:10.1.0.75:42257|dataStream:|priority:0, e292a541-f338-4081-a529-9c633adc47b7|rpc:10.1.0.75:35469|dataStream:|priority:0], old=null
2022-10-18 03:53:38,157 [grpc-default-executor-1] INFO  server.RaftServer$Division (RaftServerImpl.java:requestVote(1152)) - f6f53d54-4cd3-435a-b21b-2cdd3dcfe81c@group-7C090B2D8C9D: receive requestVote(ELECTION, d82b3d45-d655-4a89-a275-3b2497edd339, group-7C090B2D8C9D, 1, (t:0, i:0))
2022-10-18 03:53:38,157 [grpc-default-executor-1] INFO  impl.VoteContext (VoteContext.java:log(48)) - f6f53d54-4cd3-435a-b21b-2cdd3dcfe81c@group-7C090B2D8C9D-FOLLOWER: accept ELECTION from d82b3d45-d655-4a89-a275-3b2497edd339: our priority 0 <= candidate's priority 1
2022-10-18 03:53:38,158 [grpc-default-executor-1] INFO  server.RaftServer$Division (RaftServerImpl.java:setRole(299)) - f6f53d54-4cd3-435a-b21b-2cdd3dcfe81c@group-7C090B2D8C9D: changes role from  FOLLOWER to FOLLOWER at term 1 for candidate:d82b3d45-d655-4a89-a275-3b2497edd339
2022-10-18 03:53:38,158 [grpc-default-executor-1] INFO  impl.RoleInfo (RoleInfo.java:shutdownFollowerState(110)) - f6f53d54-4cd3-435a-b21b-2cdd3dcfe81c: shutdown f6f53d54-4cd3-435a-b21b-2cdd3dcfe81c@group-7C090B2D8C9D-FollowerState
2022-10-18 03:53:38,158 [grpc-default-executor-1] INFO  impl.RoleInfo (RoleInfo.java:updateAndGet(139)) - f6f53d54-4cd3-435a-b21b-2cdd3dcfe81c: start f6f53d54-4cd3-435a-b21b-2cdd3dcfe81c@group-7C090B2D8C9D-FollowerState
2022-10-18 03:53:38,158 [f6f53d54-4cd3-435a-b21b-2cdd3dcfe81c@group-7C090B2D8C9D-FollowerState] INFO  impl.FollowerState (FollowerState.java:run(152)) - f6f53d54-4cd3-435a-b21b-2cdd3dcfe81c@group-7C090B2D8C9D-FollowerState was interrupted
2022-10-18 03:53:38,162 [grpc-default-executor-1] INFO  server.RaftServer$Division (RaftServerImpl.java:requestVote(1184)) - f6f53d54-4cd3-435a-b21b-2cdd3dcfe81c@group-7C090B2D8C9D replies to ELECTION vote request: d82b3d45-d655-4a89-a275-3b2497edd339<-f6f53d54-4cd3-435a-b21b-2cdd3dcfe81c#0:OK-t1. Peer's state: f6f53d54-4cd3-435a-b21b-2cdd3dcfe81c@group-7C090B2D8C9D:t1, leader=null, voted=d82b3d45-d655-4a89-a275-3b2497edd339, raftlog=f6f53d54-4cd3-435a-b21b-2cdd3dcfe81c@group-7C090B2D8C9D-SegmentedRaftLog:OPENED:c-1, conf=-1: [d82b3d45-d655-4a89-a275-3b2497edd339|rpc:10.1.0.75:43445|dataStream:|priority:1, f6f53d54-4cd3-435a-b21b-2cdd3dcfe81c|rpc:10.1.0.75:42257|dataStream:|priority:0, e292a541-f338-4081-a529-9c633adc47b7|rpc:10.1.0.75:35469|dataStream:|priority:0], old=null
2022-10-18 03:53:38,163 [d82b3d45-d655-4a89-a275-3b2497edd339@group-7C090B2D8C9D-LeaderElection5] INFO  impl.LeaderElection (LeaderElection.java:logAndReturn(90)) - d82b3d45-d655-4a89-a275-3b2497edd339@group-7C090B2D8C9D-LeaderElection5: ELECTION PASSED received 1 response(s) and 0 exception(s):
2022-10-18 03:53:38,163 [d82b3d45-d655-4a89-a275-3b2497edd339@group-7C090B2D8C9D-LeaderElection5] INFO  impl.LeaderElection (LeaderElection.java:logAndReturn(94)) -   Response 0: d82b3d45-d655-4a89-a275-3b2497edd339<-e292a541-f338-4081-a529-9c633adc47b7#0:OK-t1
2022-10-18 03:53:38,163 [d82b3d45-d655-4a89-a275-3b2497edd339@group-7C090B2D8C9D-LeaderElection5] INFO  impl.LeaderElection (LeaderElection.java:askForVotes(312)) - d82b3d45-d655-4a89-a275-3b2497edd339@group-7C090B2D8C9D-LeaderElection5 ELECTION round 0: result PASSED
2022-10-18 03:53:38,163 [d82b3d45-d655-4a89-a275-3b2497edd339@group-7C090B2D8C9D-LeaderElection5] INFO  impl.RoleInfo (RoleInfo.java:shutdownLeaderElection(130)) - d82b3d45-d655-4a89-a275-3b2497edd339: shutdown d82b3d45-d655-4a89-a275-3b2497edd339@group-7C090B2D8C9D-LeaderElection5
2022-10-18 03:53:38,163 [d82b3d45-d655-4a89-a275-3b2497edd339@group-7C090B2D8C9D-LeaderElection5] INFO  server.RaftServer$Division (RaftServerImpl.java:setRole(299)) - d82b3d45-d655-4a89-a275-3b2497edd339@group-7C090B2D8C9D: changes role from CANDIDATE to LEADER at term 1 for changeToLeader
2022-10-18 03:53:38,163 [d82b3d45-d655-4a89-a275-3b2497edd339@group-7C090B2D8C9D-LeaderElection5] INFO  ratis.XceiverServerRatis (XceiverServerRatis.java:handleLeaderChangedNotification(863)) - Leader change notification received for group: group-7C090B2D8C9D with new leaderId: d82b3d45-d655-4a89-a275-3b2497edd339
2022-10-18 03:53:38,163 [d82b3d45-d655-4a89-a275-3b2497edd339@group-7C090B2D8C9D-LeaderElection5] INFO  server.RaftServer$Division (ServerState.java:setLeader(287)) - d82b3d45-d655-4a89-a275-3b2497edd339@group-7C090B2D8C9D: change Leader from null to d82b3d45-d655-4a89-a275-3b2497edd339 at term 1 for becomeLeader, leader elected after 5102ms
2022-10-18 03:53:38,163 [d82b3d45-d655-4a89-a275-3b2497edd339@group-7C090B2D8C9D-LeaderElection5] INFO  server.RaftServerConfigKeys (ConfUtils.java:logGet(46)) - raft.server.staging.catchup.gap = 1000 (default)
2022-10-18 03:53:38,164 [d82b3d45-d655-4a89-a275-3b2497edd339@group-7C090B2D8C9D-LeaderElection5] INFO  server.RaftServerConfigKeys (ConfUtils.java:logGet(46)) - raft.server.write.element-limit = 1024 (custom)
2022-10-18 03:53:38,164 [d82b3d45-d655-4a89-a275-3b2497edd339@group-7C090B2D8C9D-LeaderElection5] INFO  server.RaftServerConfigKeys (ConfUtils.java:logGet(46)) - raft.server.write.byte-limit = 1024 M (=1073741824) (custom)
2022-10-18 03:53:38,164 [d82b3d45-d655-4a89-a275-3b2497edd339@group-7C090B2D8C9D-LeaderElection5] INFO  server.RaftServerConfigKeys (ConfUtils.java:logGet(46)) - raft.server.watch.timeout = 180s (custom)
2022-10-18 03:53:38,165 [d82b3d45-d655-4a89-a275-3b2497edd339@group-7C090B2D8C9D-LeaderElection5] INFO  server.RaftServerConfigKeys (ConfUtils.java:logGet(46)) - raft.server.watch.timeout.denomination = 1s (default)
2022-10-18 03:53:38,165 [d82b3d45-d655-4a89-a275-3b2497edd339@group-7C090B2D8C9D-LeaderElection5] INFO  server.RaftServerConfigKeys (ConfUtils.java:logGet(46)) - raft.server.watch.element-limit = 65536 (default)
2022-10-18 03:53:38,165 [d82b3d45-d655-4a89-a275-3b2497edd339@group-7C090B2D8C9D-LeaderElection5] INFO  server.RaftServerConfigKeys (ConfUtils.java:logGet(46)) - raft.server.write.element-limit = 1024 (custom)
2022-10-18 03:53:38,165 [d82b3d45-d655-4a89-a275-3b2497edd339@group-7C090B2D8C9D-LeaderElection5] INFO  server.RaftServerConfigKeys (ConfUtils.java:logGet(46)) - raft.server.write.follower.gap.ratio.max = -1.0 (default)
2022-10-18 03:53:38,167 [d82b3d45-d655-4a89-a275-3b2497edd339@group-7C090B2D8C9D-LeaderElection5] INFO  server.RaftServerConfigKeys (ConfUtils.java:logGet(46)) - raft.server.log.appender.snapshot.chunk.size.max = 16MB (=16777216) (default)
2022-10-18 03:53:38,167 [d82b3d45-d655-4a89-a275-3b2497edd339@group-7C090B2D8C9D-LeaderElection5] INFO  server.RaftServerConfigKeys (ConfUtils.java:logGet(46)) - raft.server.log.appender.buffer.byte-limit = 33554432 (custom)
2022-10-18 03:53:38,167 [d82b3d45-d655-4a89-a275-3b2497edd339@group-7C090B2D8C9D-LeaderElection5] INFO  server.RaftServerConfigKeys (ConfUtils.java:logGet(46)) - raft.server.log.appender.buffer.element-limit = 1 (custom)
2022-10-18 03:53:38,167 [d82b3d45-d655-4a89-a275-3b2497edd339@group-7C090B2D8C9D-LeaderElection5] INFO  grpc.GrpcConfigKeys (ConfUtils.java:logGet(46)) - raft.grpc.server.leader.outstanding.appends.max = 128 (default)
2022-10-18 03:53:38,167 [d82b3d45-d655-4a89-a275-3b2497edd339@group-7C090B2D8C9D-LeaderElection5] INFO  server.RaftServerConfigKeys (ConfUtils.java:logGet(46)) - raft.server.rpc.request.timeout = 60s (custom)
2022-10-18 03:53:38,168 [d82b3d45-d655-4a89-a275-3b2497edd339@group-7C090B2D8C9D-LeaderElection5] INFO  server.RaftServerConfigKeys (ConfUtils.java:logGet(46)) - raft.server.log.appender.install.snapshot.enabled = false (custom)
2022-10-18 03:53:38,168 [d82b3d45-d655-4a89-a275-3b2497edd339@group-7C090B2D8C9D-LeaderElection5] INFO  server.RaftServerConfigKeys (ConfUtils.java:logGet(46)) - raft.server.log.appender.snapshot.chunk.size.max = 16MB (=16777216) (default)
2022-10-18 03:53:38,169 [d82b3d45-d655-4a89-a275-3b2497edd339@group-7C090B2D8C9D-LeaderElection5] INFO  server.RaftServerConfigKeys (ConfUtils.java:logGet(46)) - raft.server.log.appender.buffer.byte-limit = 33554432 (custom)
2022-10-18 03:53:38,169 [d82b3d45-d655-4a89-a275-3b2497edd339@group-7C090B2D8C9D-LeaderElection5] INFO  server.RaftServerConfigKeys (ConfUtils.java:logGet(46)) - raft.server.log.appender.buffer.element-limit = 1 (custom)
2022-10-18 03:53:38,169 [d82b3d45-d655-4a89-a275-3b2497edd339@group-7C090B2D8C9D-LeaderElection5] INFO  grpc.GrpcConfigKeys (ConfUtils.java:logGet(46)) - raft.grpc.server.leader.outstanding.appends.max = 128 (default)
2022-10-18 03:53:38,169 [d82b3d45-d655-4a89-a275-3b2497edd339@group-7C090B2D8C9D-LeaderElection5] INFO  server.RaftServerConfigKeys (ConfUtils.java:logGet(46)) - raft.server.rpc.request.timeout = 60s (custom)
2022-10-18 03:53:38,169 [d82b3d45-d655-4a89-a275-3b2497edd339@group-7C090B2D8C9D-LeaderElection5] INFO  server.RaftServerConfigKeys (ConfUtils.java:logGet(46)) - raft.server.log.appender.install.snapshot.enabled = false (custom)
2022-10-18 03:53:38,173 [EventQueue-OpenPipelineForHealthyPipelineSafeModeRule] INFO  safemode.SCMSafeModeManager (HealthyPipelineSafeModeRule.java:process(137)) - SCM in safe mode. Healthy pipelines reported count is 0, required healthy pipeline reported count is 1
2022-10-18 03:53:38,173 [EventQueue-PipelineReportForPipelineReportHandler] INFO  pipeline.PipelineManagerImpl (PipelineManagerImpl.java:openPipeline(367)) - Pipeline Pipeline[ Id: dc47a2af-6ab2-4aaf-adf4-7c090b2d8c9d, Nodes: f6f53d54-4cd3-435a-b21b-2cdd3dcfe81c{ip: 10.1.0.75, host: fv-az573-760.uspngagyt4suddso0aj1djjezg.dx.internal.cloudapp.net, ports: [REPLICATION=32957, RATIS=42257, RATIS_ADMIN=42257, RATIS_SERVER=42257, STANDALONE=42793], networkLocation: /default-rack, certSerialId: null, persistedOpState: IN_SERVICE, persistedOpStateExpiryEpochSec: 0}d82b3d45-d655-4a89-a275-3b2497edd339{ip: 10.1.0.75, host: fv-az573-760.uspngagyt4suddso0aj1djjezg.dx.internal.cloudapp.net, ports: [REPLICATION=42045, RATIS=43445, RATIS_ADMIN=43445, RATIS_SERVER=43445, STANDALONE=39893], networkLocation: /default-rack, certSerialId: null, persistedOpState: IN_SERVICE, persistedOpStateExpiryEpochSec: 0}e292a541-f338-4081-a529-9c633adc47b7{ip: 10.1.0.75, host: fv-az573-760.uspngagyt4suddso0aj1djjezg.dx.internal.cloudapp.net, ports: [REPLICATION=33457, RATIS=35469, RATIS_ADMIN=35469, RATIS_SERVER=35469, STANDALONE=38419], networkLocation: /default-rack, certSerialId: null, persistedOpState: IN_SERVICE, persistedOpStateExpiryEpochSec: 0}, ReplicationConfig: RATIS/THREE, State:ALLOCATED, leaderId:d82b3d45-d655-4a89-a275-3b2497edd339, CreationTimestamp2022-10-18T03:53:30.969Z[Etc/UTC]] moved to OPEN state
2022-10-18 03:53:38,174 [d82b3d45-d655-4a89-a275-3b2497edd339@group-7C090B2D8C9D-LeaderElection5] INFO  impl.RoleInfo (RoleInfo.java:updateAndGet(139)) - d82b3d45-d655-4a89-a275-3b2497edd339: start d82b3d45-d655-4a89-a275-3b2497edd339@group-7C090B2D8C9D-LeaderStateImpl
2022-10-18 03:53:38,175 [d82b3d45-d655-4a89-a275-3b2497edd339@group-7C090B2D8C9D-LeaderElection5] INFO  segmented.SegmentedRaftLogWorker (SegmentedRaftLogWorker.java:startLogSegment(425)) - d82b3d45-d655-4a89-a275-3b2497edd339@group-7C090B2D8C9D-SegmentedRaftLogWorker: Starting segment from index:0
2022-10-18 03:53:38,175 [EventQueue-OpenPipelineForHealthyPipelineSafeModeRule] INFO  safemode.SCMSafeModeManager (HealthyPipelineSafeModeRule.java:process(137)) - SCM in safe mode. Healthy pipelines reported count is 1, required healthy pipeline reported count is 1
2022-10-18 03:53:38,188 [EventQueue-OpenPipelineForHealthyPipelineSafeModeRule] INFO  safemode.SCMSafeModeManager (SCMSafeModeManager.java:validateSafeModeExitRules(204)) - HealthyPipelineSafeModeRule rule is successfully validated
2022-10-18 03:53:38,178 [d82b3d45-d655-4a89-a275-3b2497edd339@group-7C090B2D8C9D-SegmentedRaftLogWorker] INFO  segmented.SegmentedRaftLogWorker (SegmentedRaftLogWorker.java:execute(629)) - d82b3d45-d655-4a89-a275-3b2497edd339@group-7C090B2D8C9D-SegmentedRaftLogWorker: created new log segment /home/runner/work/ozone/ozone/hadoop-ozone/integration-test/target/test-dir/MiniOzoneClusterImpl-5cdafbed-51d9-4f54-a43e-7c7e014ba032/datanode-0/data/ratis/dc47a2af-6ab2-4aaf-adf4-7c090b2d8c9d/current/log_inprogress_0
2022-10-18 03:53:38,188 [EventQueue-OpenPipelineForHealthyPipelineSafeModeRule] INFO  safemode.SCMSafeModeManager (SCMSafeModeManager.java:validateSafeModeExitRules(219)) - ScmSafeModeManager, all rules are successfully validated
2022-10-18 03:53:38,188 [EventQueue-OpenPipelineForHealthyPipelineSafeModeRule] INFO  safemode.SCMSafeModeManager (SCMSafeModeManager.java:exitSafeMode(248)) - SCM exiting safe mode.
2022-10-18 03:53:38,188 [EventQueue-OpenPipelineForHealthyPipelineSafeModeRule] WARN  events.EventQueue (EventQueue.java:fireEvent(216)) - No event handler registered for event TypedEvent{payloadType=SafeModeStatus, name='Safe mode status'}
2022-10-18 03:53:38,188 [EventQueue-OpenPipelineForHealthyPipelineSafeModeRule] INFO  ha.SCMContext (SCMContext.java:updateSafeModeStatus(228)) - Update SafeModeStatus from SafeModeStatus{safeModeStatus=true, preCheckPassed=true} to SafeModeStatus{safeModeStatus=false, preCheckPassed=true}.
2022-10-18 03:53:38,188 [EventQueue-OpenPipelineForHealthyPipelineSafeModeRule] INFO  pipeline.BackgroundPipelineCreator (BackgroundPipelineCreator.java:notifyStatusChanged(254)) - Service BackgroundPipelineCreator transitions to RUNNING.
2022-10-18 03:53:38,188 [EventQueue-OpenPipelineForHealthyPipelineSafeModeRule] INFO  BackgroundPipelineScrubber (BackgroundSCMService.java:notifyStatusChanged(82)) - Service BackgroundPipelineScrubber transitions to RUNNING.
2022-10-18 03:53:38,188 [EventQueue-OpenPipelineForHealthyPipelineSafeModeRule] INFO  ExpiredContainerReplicaOpScrubber (BackgroundSCMService.java:notifyStatusChanged(82)) - Service ExpiredContainerReplicaOpScrubber transitions to RUNNING.
2022-10-18 03:53:38,189 [EventQueue-OpenPipelineForHealthyPipelineSafeModeRule] INFO  replication.ReplicationManager (ReplicationManager.java:notifyStatusChanged(728)) - Service ReplicationManager transitions to RUNNING.
2022-10-18 03:53:38,188 [d82b3d45-d655-4a89-a275-3b2497edd339@group-7C090B2D8C9D-LeaderElection5] INFO  server.RaftServer$Division (ServerState.java:setRaftConf(393)) - d82b3d45-d655-4a89-a275-3b2497edd339@group-7C090B2D8C9D: set configuration 0: [d82b3d45-d655-4a89-a275-3b2497edd339|rpc:10.1.0.75:43445|dataStream:|priority:1, f6f53d54-4cd3-435a-b21b-2cdd3dcfe81c|rpc:10.1.0.75:42257|dataStream:|priority:0, e292a541-f338-4081-a529-9c633adc47b7|rpc:10.1.0.75:35469|dataStream:|priority:0], old=null
2022-10-18 03:53:38,195 [EventQueue-OpenPipelineForHealthyPipelineSafeModeRule] WARN  balancer.ContainerBalancer (ContainerBalancer.java:shouldRun(131)) - Could not find persisted configuration for ContainerBalancer when checking if ContainerBalancer should run. ContainerBalancer should not run now.
2022-10-18 03:53:38,204 [f6f53d54-4cd3-435a-b21b-2cdd3dcfe81c-server-thread1] INFO  ratis.XceiverServerRatis (XceiverServerRatis.java:handleLeaderChangedNotification(863)) - Leader change notification received for group: group-7C090B2D8C9D with new leaderId: d82b3d45-d655-4a89-a275-3b2497edd339
2022-10-18 03:53:38,204 [f6f53d54-4cd3-435a-b21b-2cdd3dcfe81c-server-thread1] INFO  server.RaftServer$Division (ServerState.java:setLeader(287)) - f6f53d54-4cd3-435a-b21b-2cdd3dcfe81c@group-7C090B2D8C9D: change Leader from null to d82b3d45-d655-4a89-a275-3b2497edd339 at term 1 for appendEntries, leader elected after 5033ms
2022-10-18 03:53:38,207 [f6f53d54-4cd3-435a-b21b-2cdd3dcfe81c-server-thread1] INFO  server.RaftServer$Division (ServerState.java:setRaftConf(393)) - f6f53d54-4cd3-435a-b21b-2cdd3dcfe81c@group-7C090B2D8C9D: set configuration 0: [d82b3d45-d655-4a89-a275-3b2497edd339|rpc:10.1.0.75:43445|dataStream:|priority:1, f6f53d54-4cd3-435a-b21b-2cdd3dcfe81c|rpc:10.1.0.75:42257|dataStream:|priority:0, e292a541-f338-4081-a529-9c633adc47b7|rpc:10.1.0.75:35469|dataStream:|priority:0], old=null
2022-10-18 03:53:38,207 [f6f53d54-4cd3-435a-b21b-2cdd3dcfe81c-server-thread1] INFO  segmented.SegmentedRaftLogWorker (SegmentedRaftLogWorker.java:startLogSegment(425)) - f6f53d54-4cd3-435a-b21b-2cdd3dcfe81c@group-7C090B2D8C9D-SegmentedRaftLogWorker: Starting segment from index:0
2022-10-18 03:53:38,210 [f6f53d54-4cd3-435a-b21b-2cdd3dcfe81c@group-7C090B2D8C9D-SegmentedRaftLogWorker] INFO  segmented.SegmentedRaftLogWorker (SegmentedRaftLogWorker.java:execute(629)) - f6f53d54-4cd3-435a-b21b-2cdd3dcfe81c@group-7C090B2D8C9D-SegmentedRaftLogWorker: created new log segment /home/runner/work/ozone/ozone/hadoop-ozone/integration-test/target/test-dir/MiniOzoneClusterImpl-5cdafbed-51d9-4f54-a43e-7c7e014ba032/datanode-2/data/ratis/dc47a2af-6ab2-4aaf-adf4-7c090b2d8c9d/current/log_inprogress_0
2022-10-18 03:53:38,217 [e292a541-f338-4081-a529-9c633adc47b7-server-thread1] INFO  ratis.XceiverServerRatis (XceiverServerRatis.java:handleLeaderChangedNotification(863)) - Leader change notification received for group: group-7C090B2D8C9D with new leaderId: d82b3d45-d655-4a89-a275-3b2497edd339
2022-10-18 03:53:38,218 [e292a541-f338-4081-a529-9c633adc47b7-server-thread1] INFO  server.RaftServer$Division (ServerState.java:setLeader(287)) - e292a541-f338-4081-a529-9c633adc47b7@group-7C090B2D8C9D: change Leader from null to d82b3d45-d655-4a89-a275-3b2497edd339 at term 1 for appendEntries, leader elected after 4976ms
2022-10-18 03:53:38,226 [e292a541-f338-4081-a529-9c633adc47b7-server-thread1] INFO  server.RaftServer$Division (ServerState.java:setRaftConf(393)) - e292a541-f338-4081-a529-9c633adc47b7@group-7C090B2D8C9D: set configuration 0: [d82b3d45-d655-4a89-a275-3b2497edd339|rpc:10.1.0.75:43445|dataStream:|priority:1, f6f53d54-4cd3-435a-b21b-2cdd3dcfe81c|rpc:10.1.0.75:42257|dataStream:|priority:0, e292a541-f338-4081-a529-9c633adc47b7|rpc:10.1.0.75:35469|dataStream:|priority:0], old=null
2022-10-18 03:53:38,227 [e292a541-f338-4081-a529-9c633adc47b7-server-thread1] INFO  segmented.SegmentedRaftLogWorker (SegmentedRaftLogWorker.java:startLogSegment(425)) - e292a541-f338-4081-a529-9c633adc47b7@group-7C090B2D8C9D-SegmentedRaftLogWorker: Starting segment from index:0
2022-10-18 03:53:38,229 [e292a541-f338-4081-a529-9c633adc47b7@group-7C090B2D8C9D-SegmentedRaftLogWorker] INFO  segmented.SegmentedRaftLogWorker (SegmentedRaftLogWorker.java:execute(629)) - e292a541-f338-4081-a529-9c633adc47b7@group-7C090B2D8C9D-SegmentedRaftLogWorker: created new log segment /home/runner/work/ozone/ozone/hadoop-ozone/integration-test/target/test-dir/MiniOzoneClusterImpl-5cdafbed-51d9-4f54-a43e-7c7e014ba032/datanode-1/data/ratis/dc47a2af-6ab2-4aaf-adf4-7c090b2d8c9d/current/log_inprogress_0
2022-10-18 03:53:38,405 [e292a541-f338-4081-a529-9c633adc47b7@group-FB8ECA65829D-FollowerState] INFO  impl.FollowerState (FollowerState.java:run(143)) - e292a541-f338-4081-a529-9c633adc47b7@group-FB8ECA65829D-FollowerState: change to CANDIDATE, lastRpcElapsedTime:5077278972ns, electionTimeout:5076ms
2022-10-18 03:53:38,405 [e292a541-f338-4081-a529-9c633adc47b7@group-FB8ECA65829D-FollowerState] INFO  impl.RoleInfo (RoleInfo.java:shutdownFollowerState(110)) - e292a541-f338-4081-a529-9c633adc47b7: shutdown e292a541-f338-4081-a529-9c633adc47b7@group-FB8ECA65829D-FollowerState
2022-10-18 03:53:38,405 [e292a541-f338-4081-a529-9c633adc47b7@group-FB8ECA65829D-FollowerState] INFO  server.RaftServer$Division (RaftServerImpl.java:setRole(299)) - e292a541-f338-4081-a529-9c633adc47b7@group-FB8ECA65829D: changes role from  FOLLOWER to CANDIDATE at term 0 for changeToCandidate
2022-10-18 03:53:38,405 [e292a541-f338-4081-a529-9c633adc47b7@group-FB8ECA65829D-FollowerState] INFO  server.RaftServerConfigKeys (ConfUtils.java:logGet(46)) - raft.server.leaderelection.pre-vote = false (custom)
2022-10-18 03:53:38,405 [e292a541-f338-4081-a529-9c633adc47b7@group-FB8ECA65829D-FollowerState] INFO  impl.RoleInfo (RoleInfo.java:updateAndGet(139)) - e292a541-f338-4081-a529-9c633adc47b7: start e292a541-f338-4081-a529-9c633adc47b7@group-FB8ECA65829D-LeaderElection6
2022-10-18 03:53:38,409 [e292a541-f338-4081-a529-9c633adc47b7@group-FB8ECA65829D-LeaderElection6] INFO  impl.LeaderElection (LeaderElection.java:askForVotes(310)) - e292a541-f338-4081-a529-9c633adc47b7@group-FB8ECA65829D-LeaderElection6 ELECTION round 0: submit vote requests at term 1 for -1: [d82b3d45-d655-4a89-a275-3b2497edd339|rpc:10.1.0.75:43445|dataStream:|priority:0, f6f53d54-4cd3-435a-b21b-2cdd3dcfe81c|rpc:10.1.0.75:42257|dataStream:|priority:0, e292a541-f338-4081-a529-9c633adc47b7|rpc:10.1.0.75:35469|dataStream:|priority:1], old=null
2022-10-18 03:53:38,424 [d82b3d45-d655-4a89-a275-3b2497edd339@group-FB8ECA65829D-FollowerState] INFO  impl.FollowerState (FollowerState.java:run(143)) - d82b3d45-d655-4a89-a275-3b2497edd339@group-FB8ECA65829D-FollowerState: change to CANDIDATE, lastRpcElapsedTime:5133693970ns, electionTimeout:5130ms
2022-10-18 03:53:38,424 [d82b3d45-d655-4a89-a275-3b2497edd339@group-FB8ECA65829D-FollowerState] INFO  impl.RoleInfo (RoleInfo.java:shutdownFollowerState(110)) - d82b3d45-d655-4a89-a275-3b2497edd339: shutdown d82b3d45-d655-4a89-a275-3b2497edd339@group-FB8ECA65829D-FollowerState
2022-10-18 03:53:38,424 [d82b3d45-d655-4a89-a275-3b2497edd339@group-FB8ECA65829D-FollowerState] INFO  server.RaftServer$Division (RaftServerImpl.java:setRole(299)) - d82b3d45-d655-4a89-a275-3b2497edd339@group-FB8ECA65829D: changes role from  FOLLOWER to CANDIDATE at term 0 for changeToCandidate
2022-10-18 03:53:38,424 [d82b3d45-d655-4a89-a275-3b2497edd339@group-FB8ECA65829D-FollowerState] INFO  server.RaftServerConfigKeys (ConfUtils.java:logGet(46)) - raft.server.leaderelection.pre-vote = false (custom)
2022-10-18 03:53:38,424 [d82b3d45-d655-4a89-a275-3b2497edd339@group-FB8ECA65829D-FollowerState] INFO  impl.RoleInfo (RoleInfo.java:updateAndGet(139)) - d82b3d45-d655-4a89-a275-3b2497edd339: start d82b3d45-d655-4a89-a275-3b2497edd339@group-FB8ECA65829D-LeaderElection7
2022-10-18 03:53:38,428 [d82b3d45-d655-4a89-a275-3b2497edd339@group-FB8ECA65829D-LeaderElection7] INFO  impl.LeaderElection (LeaderElection.java:askForVotes(310)) - d82b3d45-d655-4a89-a275-3b2497edd339@group-FB8ECA65829D-LeaderElection7 ELECTION round 0: submit vote requests at term 1 for -1: [d82b3d45-d655-4a89-a275-3b2497edd339|rpc:10.1.0.75:43445|priority:0, f6f53d54-4cd3-435a-b21b-2cdd3dcfe81c|rpc:10.1.0.75:42257|priority:0, e292a541-f338-4081-a529-9c633adc47b7|rpc:10.1.0.75:35469|priority:1], old=null
2022-10-18 03:53:38,429 [grpc-default-executor-2] INFO  server.RaftServer$Division (RaftServerImpl.java:requestVote(1152)) - d82b3d45-d655-4a89-a275-3b2497edd339@group-FB8ECA65829D: receive requestVote(ELECTION, e292a541-f338-4081-a529-9c633adc47b7, group-FB8ECA65829D, 1, (t:0, i:0))
2022-10-18 03:53:38,429 [grpc-default-executor-2] INFO  impl.VoteContext (VoteContext.java:log(48)) - d82b3d45-d655-4a89-a275-3b2497edd339@group-FB8ECA65829D-CANDIDATE: reject ELECTION from e292a541-f338-4081-a529-9c633adc47b7: already has voted for d82b3d45-d655-4a89-a275-3b2497edd339 at current term 1
2022-10-18 03:53:38,430 [grpc-default-executor-2] INFO  server.RaftServer$Division (RaftServerImpl.java:requestVote(1184)) - d82b3d45-d655-4a89-a275-3b2497edd339@group-FB8ECA65829D replies to ELECTION vote request: e292a541-f338-4081-a529-9c633adc47b7<-d82b3d45-d655-4a89-a275-3b2497edd339#0:FAIL-t1. Peer's state: d82b3d45-d655-4a89-a275-3b2497edd339@group-FB8ECA65829D:t1, leader=null, voted=d82b3d45-d655-4a89-a275-3b2497edd339, raftlog=d82b3d45-d655-4a89-a275-3b2497edd339@group-FB8ECA65829D-SegmentedRaftLog:OPENED:c-1, conf=-1: [d82b3d45-d655-4a89-a275-3b2497edd339|rpc:10.1.0.75:43445|priority:0, f6f53d54-4cd3-435a-b21b-2cdd3dcfe81c|rpc:10.1.0.75:42257|priority:0, e292a541-f338-4081-a529-9c633adc47b7|rpc:10.1.0.75:35469|priority:1], old=null
2022-10-18 03:53:38,442 [grpc-default-executor-1] INFO  server.RaftServer$Division (RaftServerImpl.java:requestVote(1152)) - f6f53d54-4cd3-435a-b21b-2cdd3dcfe81c@group-FB8ECA65829D: receive requestVote(ELECTION, e292a541-f338-4081-a529-9c633adc47b7, group-FB8ECA65829D, 1, (t:0, i:0))
2022-10-18 03:53:38,442 [grpc-default-executor-1] INFO  impl.VoteContext (VoteContext.java:log(48)) - f6f53d54-4cd3-435a-b21b-2cdd3dcfe81c@group-FB8ECA65829D-FOLLOWER: accept ELECTION from e292a541-f338-4081-a529-9c633adc47b7: our priority 0 <= candidate's priority 1
2022-10-18 03:53:38,443 [grpc-default-executor-1] INFO  server.RaftServer$Division (RaftServerImpl.java:setRole(299)) - f6f53d54-4cd3-435a-b21b-2cdd3dcfe81c@group-FB8ECA65829D: changes role from  FOLLOWER to FOLLOWER at term 1 for candidate:e292a541-f338-4081-a529-9c633adc47b7
2022-10-18 03:53:38,443 [grpc-default-executor-1] INFO  impl.RoleInfo (RoleInfo.java:shutdownFollowerState(110)) - f6f53d54-4cd3-435a-b21b-2cdd3dcfe81c: shutdown f6f53d54-4cd3-435a-b21b-2cdd3dcfe81c@group-FB8ECA65829D-FollowerState
2022-10-18 03:53:38,444 [grpc-default-executor-1] INFO  impl.RoleInfo (RoleInfo.java:updateAndGet(139)) - f6f53d54-4cd3-435a-b21b-2cdd3dcfe81c: start f6f53d54-4cd3-435a-b21b-2cdd3dcfe81c@group-FB8ECA65829D-FollowerState
2022-10-18 03:53:38,444 [f6f53d54-4cd3-435a-b21b-2cdd3dcfe81c@group-FB8ECA65829D-FollowerState] INFO  impl.FollowerState (FollowerState.java:run(152)) - f6f53d54-4cd3-435a-b21b-2cdd3dcfe81c@group-FB8ECA65829D-FollowerState was interrupted
2022-10-18 03:53:38,451 [grpc-default-executor-2] INFO  server.RaftServer$Division (RaftServerImpl.java:requestVote(1152)) - e292a541-f338-4081-a529-9c633adc47b7@group-FB8ECA65829D: receive requestVote(ELECTION, d82b3d45-d655-4a89-a275-3b2497edd339, group-FB8ECA65829D, 1, (t:0, i:0))
2022-10-18 03:53:38,451 [grpc-default-executor-0] INFO  server.RaftServer$Division (RaftServerImpl.java:requestVote(1152)) - f6f53d54-4cd3-435a-b21b-2cdd3dcfe81c@group-FB8ECA65829D: receive requestVote(ELECTION, d82b3d45-d655-4a89-a275-3b2497edd339, group-FB8ECA65829D, 1, (t:0, i:0))
2022-10-18 03:53:38,451 [grpc-default-executor-2] INFO  impl.VoteContext (VoteContext.java:log(48)) - e292a541-f338-4081-a529-9c633adc47b7@group-FB8ECA65829D-CANDIDATE: reject ELECTION from d82b3d45-d655-4a89-a275-3b2497edd339: already has voted for e292a541-f338-4081-a529-9c633adc47b7 at current term 1
2022-10-18 03:53:38,452 [grpc-default-executor-2] INFO  server.RaftServer$Division (RaftServerImpl.java:requestVote(1184)) - e292a541-f338-4081-a529-9c633adc47b7@group-FB8ECA65829D replies to ELECTION vote request: d82b3d45-d655-4a89-a275-3b2497edd339<-e292a541-f338-4081-a529-9c633adc47b7#0:FAIL-t1. Peer's state: e292a541-f338-4081-a529-9c633adc47b7@group-FB8ECA65829D:t1, leader=null, voted=e292a541-f338-4081-a529-9c633adc47b7, raftlog=e292a541-f338-4081-a529-9c633adc47b7@group-FB8ECA65829D-SegmentedRaftLog:OPENED:c-1, conf=-1: [d82b3d45-d655-4a89-a275-3b2497edd339|rpc:10.1.0.75:43445|dataStream:|priority:0, f6f53d54-4cd3-435a-b21b-2cdd3dcfe81c|rpc:10.1.0.75:42257|dataStream:|priority:0, e292a541-f338-4081-a529-9c633adc47b7|rpc:10.1.0.75:35469|dataStream:|priority:1], old=null
2022-10-18 03:53:38,453 [grpc-default-executor-1] INFO  server.RaftServer$Division (RaftServerImpl.java:requestVote(1184)) - f6f53d54-4cd3-435a-b21b-2cdd3dcfe81c@group-FB8ECA65829D replies to ELECTION vote request: e292a541-f338-4081-a529-9c633adc47b7<-f6f53d54-4cd3-435a-b21b-2cdd3dcfe81c#0:OK-t1. Peer's state: f6f53d54-4cd3-435a-b21b-2cdd3dcfe81c@group-FB8ECA65829D:t1, leader=null, voted=e292a541-f338-4081-a529-9c633adc47b7, raftlog=f6f53d54-4cd3-435a-b21b-2cdd3dcfe81c@group-FB8ECA65829D-SegmentedRaftLog:OPENED:c-1, conf=-1: [d82b3d45-d655-4a89-a275-3b2497edd339|rpc:10.1.0.75:43445|dataStream:|priority:0, f6f53d54-4cd3-435a-b21b-2cdd3dcfe81c|rpc:10.1.0.75:42257|dataStream:|priority:0, e292a541-f338-4081-a529-9c633adc47b7|rpc:10.1.0.75:35469|dataStream:|priority:1], old=null
2022-10-18 03:53:38,454 [grpc-default-executor-0] INFO  impl.VoteContext (VoteContext.java:log(48)) - f6f53d54-4cd3-435a-b21b-2cdd3dcfe81c@group-FB8ECA65829D-FOLLOWER: reject ELECTION from d82b3d45-d655-4a89-a275-3b2497edd339: already has voted for e292a541-f338-4081-a529-9c633adc47b7 at current term 1
2022-10-18 03:53:38,456 [grpc-default-executor-0] INFO  server.RaftServer$Division (RaftServerImpl.java:requestVote(1184)) - f6f53d54-4cd3-435a-b21b-2cdd3dcfe81c@group-FB8ECA65829D replies to ELECTION vote request: d82b3d45-d655-4a89-a275-3b2497edd339<-f6f53d54-4cd3-435a-b21b-2cdd3dcfe81c#0:FAIL-t1. Peer's state: f6f53d54-4cd3-435a-b21b-2cdd3dcfe81c@group-FB8ECA65829D:t1, leader=null, voted=e292a541-f338-4081-a529-9c633adc47b7, raftlog=f6f53d54-4cd3-435a-b21b-2cdd3dcfe81c@group-FB8ECA65829D-SegmentedRaftLog:OPENED:c-1, conf=-1: [d82b3d45-d655-4a89-a275-3b2497edd339|rpc:10.1.0.75:43445|dataStream:|priority:0, f6f53d54-4cd3-435a-b21b-2cdd3dcfe81c|rpc:10.1.0.75:42257|dataStream:|priority:0, e292a541-f338-4081-a529-9c633adc47b7|rpc:10.1.0.75:35469|dataStream:|priority:1], old=null
2022-10-18 03:53:38,456 [e292a541-f338-4081-a529-9c633adc47b7@group-FB8ECA65829D-LeaderElection6] INFO  impl.LeaderElection (LeaderElection.java:logAndReturn(90)) - e292a541-f338-4081-a529-9c633adc47b7@group-FB8ECA65829D-LeaderElection6: ELECTION PASSED received 2 response(s) and 0 exception(s):
2022-10-18 03:53:38,458 [e292a541-f338-4081-a529-9c633adc47b7@group-FB8ECA65829D-LeaderElection6] INFO  impl.LeaderElection (LeaderElection.java:logAndReturn(94)) -   Response 0: e292a541-f338-4081-a529-9c633adc47b7<-d82b3d45-d655-4a89-a275-3b2497edd339#0:FAIL-t1
2022-10-18 03:53:38,458 [e292a541-f338-4081-a529-9c633adc47b7@group-FB8ECA65829D-LeaderElection6] INFO  impl.LeaderElection (LeaderElection.java:logAndReturn(94)) -   Response 1: e292a541-f338-4081-a529-9c633adc47b7<-f6f53d54-4cd3-435a-b21b-2cdd3dcfe81c#0:OK-t1
2022-10-18 03:53:38,458 [e292a541-f338-4081-a529-9c633adc47b7@group-FB8ECA65829D-LeaderElection6] INFO  impl.LeaderElection (LeaderElection.java:askForVotes(312)) - e292a541-f338-4081-a529-9c633adc47b7@group-FB8ECA65829D-LeaderElection6 ELECTION round 0: result PASSED
2022-10-18 03:53:38,458 [e292a541-f338-4081-a529-9c633adc47b7@group-FB8ECA65829D-LeaderElection6] INFO  impl.RoleInfo (RoleInfo.java:shutdownLeaderElection(130)) - e292a541-f338-4081-a529-9c633adc47b7: shutdown e292a541-f338-4081-a529-9c633adc47b7@group-FB8ECA65829D-LeaderElection6
2022-10-18 03:53:38,459 [d82b3d45-d655-4a89-a275-3b2497edd339@group-FB8ECA65829D-LeaderElection7] INFO  impl.LeaderElection (LeaderElection.java:logAndReturn(90)) - d82b3d45-d655-4a89-a275-3b2497edd339@group-FB8ECA65829D-LeaderElection7: ELECTION REJECTED received 1 response(s) and 0 exception(s):
2022-10-18 03:53:38,460 [e292a541-f338-4081-a529-9c633adc47b7@group-FB8ECA65829D-LeaderElection6] INFO  server.RaftServer$Division (RaftServerImpl.java:setRole(299)) - e292a541-f338-4081-a529-9c633adc47b7@group-FB8ECA65829D: changes role from CANDIDATE to LEADER at term 1 for changeToLeader
2022-10-18 03:53:38,460 [d82b3d45-d655-4a89-a275-3b2497edd339@group-FB8ECA65829D-LeaderElection7] INFO  impl.LeaderElection (LeaderElection.java:logAndReturn(94)) -   Response 0: d82b3d45-d655-4a89-a275-3b2497edd339<-e292a541-f338-4081-a529-9c633adc47b7#0:FAIL-t1
2022-10-18 03:53:38,460 [e292a541-f338-4081-a529-9c633adc47b7@group-FB8ECA65829D-LeaderElection6] INFO  ratis.XceiverServerRatis (XceiverServerRatis.java:handleLeaderChangedNotification(863)) - Leader change notification received for group: group-FB8ECA65829D with new leaderId: e292a541-f338-4081-a529-9c633adc47b7
2022-10-18 03:53:38,460 [d82b3d45-d655-4a89-a275-3b2497edd339@group-FB8ECA65829D-LeaderElection7] INFO  impl.LeaderElection (LeaderElection.java:askForVotes(312)) - d82b3d45-d655-4a89-a275-3b2497edd339@group-FB8ECA65829D-LeaderElection7 ELECTION round 0: result REJECTED
2022-10-18 03:53:38,461 [d82b3d45-d655-4a89-a275-3b2497edd339@group-FB8ECA65829D-LeaderElection7] INFO  server.RaftServer$Division (RaftServerImpl.java:setRole(299)) - d82b3d45-d655-4a89-a275-3b2497edd339@group-FB8ECA65829D: changes role from CANDIDATE to FOLLOWER at term 1 for REJECTED
2022-10-18 03:53:38,461 [d82b3d45-d655-4a89-a275-3b2497edd339@group-FB8ECA65829D-LeaderElection7] INFO  impl.RoleInfo (RoleInfo.java:shutdownLeaderElection(130)) - d82b3d45-d655-4a89-a275-3b2497edd339: shutdown d82b3d45-d655-4a89-a275-3b2497edd339@group-FB8ECA65829D-LeaderElection7
2022-10-18 03:53:38,461 [e292a541-f338-4081-a529-9c633adc47b7@group-FB8ECA65829D-LeaderElection6] INFO  server.RaftServer$Division (ServerState.java:setLeader(287)) - e292a541-f338-4081-a529-9c633adc47b7@group-FB8ECA65829D: change Leader from null to e292a541-f338-4081-a529-9c633adc47b7 at term 1 for becomeLeader, leader elected after 5144ms
2022-10-18 03:53:38,461 [d82b3d45-d655-4a89-a275-3b2497edd339@group-FB8ECA65829D-LeaderElection7] INFO  impl.RoleInfo (RoleInfo.java:updateAndGet(139)) - d82b3d45-d655-4a89-a275-3b2497edd339: start d82b3d45-d655-4a89-a275-3b2497edd339@group-FB8ECA65829D-FollowerState
2022-10-18 03:53:38,461 [e292a541-f338-4081-a529-9c633adc47b7@group-FB8ECA65829D-LeaderElection6] INFO  server.RaftServerConfigKeys (ConfUtils.java:logGet(46)) - raft.server.staging.catchup.gap = 1000 (default)
2022-10-18 03:53:38,469 [e292a541-f338-4081-a529-9c633adc47b7@group-FB8ECA65829D-LeaderElection6] INFO  server.RaftServerConfigKeys (ConfUtils.java:logGet(46)) - raft.server.write.element-limit = 1024 (custom)
2022-10-18 03:53:38,469 [e292a541-f338-4081-a529-9c633adc47b7@group-FB8ECA65829D-LeaderElection6] INFO  server.RaftServerConfigKeys (ConfUtils.java:logGet(46)) - raft.server.write.byte-limit = 1024 M (=1073741824) (custom)
2022-10-18 03:53:38,469 [e292a541-f338-4081-a529-9c633adc47b7@group-FB8ECA65829D-LeaderElection6] INFO  server.RaftServerConfigKeys (ConfUtils.java:logGet(46)) - raft.server.watch.timeout = 180s (custom)
2022-10-18 03:53:38,469 [e292a541-f338-4081-a529-9c633adc47b7@group-FB8ECA65829D-LeaderElection6] INFO  server.RaftServerConfigKeys (ConfUtils.java:logGet(46)) - raft.server.watch.timeout.denomination = 1s (default)
2022-10-18 03:53:38,469 [e292a541-f338-4081-a529-9c633adc47b7@group-FB8ECA65829D-LeaderElection6] INFO  server.RaftServerConfigKeys (ConfUtils.java:logGet(46)) - raft.server.watch.element-limit = 65536 (default)
2022-10-18 03:53:38,469 [e292a541-f338-4081-a529-9c633adc47b7@group-FB8ECA65829D-LeaderElection6] INFO  server.RaftServerConfigKeys (ConfUtils.java:logGet(46)) - raft.server.write.element-limit = 1024 (custom)
2022-10-18 03:53:38,469 [e292a541-f338-4081-a529-9c633adc47b7@group-FB8ECA65829D-LeaderElection6] INFO  server.RaftServerConfigKeys (ConfUtils.java:logGet(46)) - raft.server.write.follower.gap.ratio.max = -1.0 (default)
2022-10-18 03:53:38,470 [e292a541-f338-4081-a529-9c633adc47b7@group-FB8ECA65829D-LeaderElection6] INFO  server.RaftServerConfigKeys (ConfUtils.java:logGet(46)) - raft.server.log.appender.snapshot.chunk.size.max = 16MB (=16777216) (default)
2022-10-18 03:53:38,470 [e292a541-f338-4081-a529-9c633adc47b7@group-FB8ECA65829D-LeaderElection6] INFO  server.RaftServerConfigKeys (ConfUtils.java:logGet(46)) - raft.server.log.appender.buffer.byte-limit = 33554432 (custom)
2022-10-18 03:53:38,470 [e292a541-f338-4081-a529-9c633adc47b7@group-FB8ECA65829D-LeaderElection6] INFO  server.RaftServerConfigKeys (ConfUtils.java:logGet(46)) - raft.server.log.appender.buffer.element-limit = 1 (custom)
2022-10-18 03:53:38,470 [e292a541-f338-4081-a529-9c633adc47b7@group-FB8ECA65829D-LeaderElection6] INFO  grpc.GrpcConfigKeys (ConfUtils.java:logGet(46)) - raft.grpc.server.leader.outstanding.appends.max = 128 (default)
2022-10-18 03:53:38,470 [e292a541-f338-4081-a529-9c633adc47b7@group-FB8ECA65829D-LeaderElection6] INFO  server.RaftServerConfigKeys (ConfUtils.java:logGet(46)) - raft.server.rpc.request.timeout = 60s (custom)
2022-10-18 03:53:38,471 [e292a541-f338-4081-a529-9c633adc47b7@group-FB8ECA65829D-LeaderElection6] INFO  server.RaftServerConfigKeys (ConfUtils.java:logGet(46)) - raft.server.log.appender.install.snapshot.enabled = false (custom)
2022-10-18 03:53:38,471 [e292a541-f338-4081-a529-9c633adc47b7@group-FB8ECA65829D-LeaderElection6] INFO  server.RaftServerConfigKeys (ConfUtils.java:logGet(46)) - raft.server.log.appender.snapshot.chunk.size.max = 16MB (=16777216) (default)
2022-10-18 03:53:38,471 [e292a541-f338-4081-a529-9c633adc47b7@group-FB8ECA65829D-LeaderElection6] INFO  server.RaftServerConfigKeys (ConfUtils.java:logGet(46)) - raft.server.log.appender.buffer.byte-limit = 33554432 (custom)
2022-10-18 03:53:38,472 [e292a541-f338-4081-a529-9c633adc47b7@group-FB8ECA65829D-LeaderElection6] INFO  server.RaftServerConfigKeys (ConfUtils.java:logGet(46)) - raft.server.log.appender.buffer.element-limit = 1 (custom)
2022-10-18 03:53:38,472 [e292a541-f338-4081-a529-9c633adc47b7@group-FB8ECA65829D-LeaderElection6] INFO  grpc.GrpcConfigKeys (ConfUtils.java:logGet(46)) - raft.grpc.server.leader.outstanding.appends.max = 128 (default)
2022-10-18 03:53:38,472 [e292a541-f338-4081-a529-9c633adc47b7@group-FB8ECA65829D-LeaderElection6] INFO  server.RaftServerConfigKeys (ConfUtils.java:logGet(46)) - raft.server.rpc.request.timeout = 60s (custom)
2022-10-18 03:53:38,472 [e292a541-f338-4081-a529-9c633adc47b7@group-FB8ECA65829D-LeaderElection6] INFO  server.RaftServerConfigKeys (ConfUtils.java:logGet(46)) - raft.server.log.appender.install.snapshot.enabled = false (custom)
2022-10-18 03:53:38,472 [e292a541-f338-4081-a529-9c633adc47b7@group-FB8ECA65829D-LeaderElection6] INFO  impl.RoleInfo (RoleInfo.java:updateAndGet(139)) - e292a541-f338-4081-a529-9c633adc47b7: start e292a541-f338-4081-a529-9c633adc47b7@group-FB8ECA65829D-LeaderStateImpl
2022-10-18 03:53:38,472 [e292a541-f338-4081-a529-9c633adc47b7@group-FB8ECA65829D-LeaderElection6] INFO  segmented.SegmentedRaftLogWorker (SegmentedRaftLogWorker.java:startLogSegment(425)) - e292a541-f338-4081-a529-9c633adc47b7@group-FB8ECA65829D-SegmentedRaftLogWorker: Starting segment from index:0
2022-10-18 03:53:38,474 [EventQueue-PipelineReportForPipelineReportHandler] INFO  pipeline.PipelineManagerImpl (PipelineManagerImpl.java:openPipeline(367)) - Pipeline Pipeline[ Id: 0fadf5aa-82d9-4948-921c-fb8eca65829d, Nodes: d82b3d45-d655-4a89-a275-3b2497edd339{ip: 10.1.0.75, host: fv-az573-760.uspngagyt4suddso0aj1djjezg.dx.internal.cloudapp.net, ports: [REPLICATION=42045, RATIS=43445, RATIS_ADMIN=43445, RATIS_SERVER=43445, STANDALONE=39893], networkLocation: /default-rack, certSerialId: null, persistedOpState: IN_SERVICE, persistedOpStateExpiryEpochSec: 0}e292a541-f338-4081-a529-9c633adc47b7{ip: 10.1.0.75, host: fv-az573-760.uspngagyt4suddso0aj1djjezg.dx.internal.cloudapp.net, ports: [REPLICATION=33457, RATIS=35469, RATIS_ADMIN=35469, RATIS_SERVER=35469, STANDALONE=38419], networkLocation: /default-rack, certSerialId: null, persistedOpState: IN_SERVICE, persistedOpStateExpiryEpochSec: 0}f6f53d54-4cd3-435a-b21b-2cdd3dcfe81c{ip: 10.1.0.75, host: fv-az573-760.uspngagyt4suddso0aj1djjezg.dx.internal.cloudapp.net, ports: [REPLICATION=32957, RATIS=42257, RATIS_ADMIN=42257, RATIS_SERVER=42257, STANDALONE=42793], networkLocation: /default-rack, certSerialId: null, persistedOpState: IN_SERVICE, persistedOpStateExpiryEpochSec: 0}, ReplicationConfig: RATIS/THREE, State:ALLOCATED, leaderId:e292a541-f338-4081-a529-9c633adc47b7, CreationTimestamp2022-10-18T03:53:30.973Z[Etc/UTC]] moved to OPEN state
2022-10-18 03:53:38,477 [e292a541-f338-4081-a529-9c633adc47b7@group-FB8ECA65829D-SegmentedRaftLogWorker] INFO  segmented.SegmentedRaftLogWorker (SegmentedRaftLogWorker.java:execute(629)) - e292a541-f338-4081-a529-9c633adc47b7@group-FB8ECA65829D-SegmentedRaftLogWorker: created new log segment /home/runner/work/ozone/ozone/hadoop-ozone/integration-test/target/test-dir/MiniOzoneClusterImpl-5cdafbed-51d9-4f54-a43e-7c7e014ba032/datanode-1/data/ratis/0fadf5aa-82d9-4948-921c-fb8eca65829d/current/log_inprogress_0
2022-10-18 03:53:38,486 [e292a541-f338-4081-a529-9c633adc47b7@group-FB8ECA65829D-LeaderElection6] INFO  server.RaftServer$Division (ServerState.java:setRaftConf(393)) - e292a541-f338-4081-a529-9c633adc47b7@group-FB8ECA65829D: set configuration 0: [d82b3d45-d655-4a89-a275-3b2497edd339|rpc:10.1.0.75:43445|dataStream:|priority:0, f6f53d54-4cd3-435a-b21b-2cdd3dcfe81c|rpc:10.1.0.75:42257|dataStream:|priority:0, e292a541-f338-4081-a529-9c633adc47b7|rpc:10.1.0.75:35469|dataStream:|priority:1], old=null
2022-10-18 03:53:38,490 [d82b3d45-d655-4a89-a275-3b2497edd339-server-thread1] INFO  ratis.XceiverServerRatis (XceiverServerRatis.java:handleLeaderChangedNotification(863)) - Leader change notification received for group: group-FB8ECA65829D with new leaderId: e292a541-f338-4081-a529-9c633adc47b7
2022-10-18 03:53:38,490 [d82b3d45-d655-4a89-a275-3b2497edd339-server-thread1] INFO  server.RaftServer$Division (ServerState.java:setLeader(287)) - d82b3d45-d655-4a89-a275-3b2497edd339@group-FB8ECA65829D: change Leader from null to e292a541-f338-4081-a529-9c633adc47b7 at term 1 for appendEntries, leader elected after 5216ms
2022-10-18 03:53:38,490 [f6f53d54-4cd3-435a-b21b-2cdd3dcfe81c-server-thread1] INFO  ratis.XceiverServerRatis (XceiverServerRatis.java:handleLeaderChangedNotification(863)) - Leader change notification received for group: group-FB8ECA65829D with new leaderId: e292a541-f338-4081-a529-9c633adc47b7
2022-10-18 03:53:38,490 [f6f53d54-4cd3-435a-b21b-2cdd3dcfe81c-server-thread1] INFO  server.RaftServer$Division (ServerState.java:setLeader(287)) - f6f53d54-4cd3-435a-b21b-2cdd3dcfe81c@group-FB8ECA65829D: change Leader from null to e292a541-f338-4081-a529-9c633adc47b7 at term 1 for appendEntries, leader elected after 5134ms
2022-10-18 03:53:38,501 [f6f53d54-4cd3-435a-b21b-2cdd3dcfe81c-server-thread1] INFO  server.RaftServer$Division (ServerState.java:setRaftConf(393)) - f6f53d54-4cd3-435a-b21b-2cdd3dcfe81c@group-FB8ECA65829D: set configuration 0: [d82b3d45-d655-4a89-a275-3b2497edd339|rpc:10.1.0.75:43445|dataStream:|priority:0, f6f53d54-4cd3-435a-b21b-2cdd3dcfe81c|rpc:10.1.0.75:42257|dataStream:|priority:0, e292a541-f338-4081-a529-9c633adc47b7|rpc:10.1.0.75:35469|dataStream:|priority:1], old=null
2022-10-18 03:53:38,501 [f6f53d54-4cd3-435a-b21b-2cdd3dcfe81c-server-thread1] INFO  segmented.SegmentedRaftLogWorker (SegmentedRaftLogWorker.java:startLogSegment(425)) - f6f53d54-4cd3-435a-b21b-2cdd3dcfe81c@group-FB8ECA65829D-SegmentedRaftLogWorker: Starting segment from index:0
2022-10-18 03:53:38,503 [f6f53d54-4cd3-435a-b21b-2cdd3dcfe81c@group-FB8ECA65829D-SegmentedRaftLogWorker] INFO  segmented.SegmentedRaftLogWorker (SegmentedRaftLogWorker.java:execute(629)) - f6f53d54-4cd3-435a-b21b-2cdd3dcfe81c@group-FB8ECA65829D-SegmentedRaftLogWorker: created new log segment /home/runner/work/ozone/ozone/hadoop-ozone/integration-test/target/test-dir/MiniOzoneClusterImpl-5cdafbed-51d9-4f54-a43e-7c7e014ba032/datanode-2/data/ratis/0fadf5aa-82d9-4948-921c-fb8eca65829d/current/log_inprogress_0
2022-10-18 03:53:38,507 [d82b3d45-d655-4a89-a275-3b2497edd339-server-thread2] INFO  server.RaftServer$Division (ServerState.java:setRaftConf(393)) - d82b3d45-d655-4a89-a275-3b2497edd339@group-FB8ECA65829D: set configuration 0: [d82b3d45-d655-4a89-a275-3b2497edd339|rpc:10.1.0.75:43445|dataStream:|priority:0, f6f53d54-4cd3-435a-b21b-2cdd3dcfe81c|rpc:10.1.0.75:42257|dataStream:|priority:0, e292a541-f338-4081-a529-9c633adc47b7|rpc:10.1.0.75:35469|dataStream:|priority:1], old=null
2022-10-18 03:53:38,507 [d82b3d45-d655-4a89-a275-3b2497edd339-server-thread2] INFO  segmented.SegmentedRaftLogWorker (SegmentedRaftLogWorker.java:startLogSegment(425)) - d82b3d45-d655-4a89-a275-3b2497edd339@group-FB8ECA65829D-SegmentedRaftLogWorker: Starting segment from index:0
2022-10-18 03:53:38,509 [d82b3d45-d655-4a89-a275-3b2497edd339@group-FB8ECA65829D-SegmentedRaftLogWorker] INFO  segmented.SegmentedRaftLogWorker (SegmentedRaftLogWorker.java:execute(629)) - d82b3d45-d655-4a89-a275-3b2497edd339@group-FB8ECA65829D-SegmentedRaftLogWorker: created new log segment /home/runner/work/ozone/ozone/hadoop-ozone/integration-test/target/test-dir/MiniOzoneClusterImpl-5cdafbed-51d9-4f54-a43e-7c7e014ba032/datanode-0/data/ratis/0fadf5aa-82d9-4948-921c-fb8eca65829d/current/log_inprogress_0
2022-10-18 03:53:38,661 [e292a541-f338-4081-a529-9c633adc47b7@group-564086F3F3C4-FollowerState] INFO  impl.FollowerState (FollowerState.java:run(143)) - e292a541-f338-4081-a529-9c633adc47b7@group-564086F3F3C4-FollowerState: change to CANDIDATE, lastRpcElapsedTime:5016092649ns, electionTimeout:5015ms
2022-10-18 03:53:38,661 [e292a541-f338-4081-a529-9c633adc47b7@group-564086F3F3C4-FollowerState] INFO  impl.RoleInfo (RoleInfo.java:shutdownFollowerState(110)) - e292a541-f338-4081-a529-9c633adc47b7: shutdown e292a541-f338-4081-a529-9c633adc47b7@group-564086F3F3C4-FollowerState
2022-10-18 03:53:38,661 [e292a541-f338-4081-a529-9c633adc47b7@group-564086F3F3C4-FollowerState] INFO  server.RaftServer$Division (RaftServerImpl.java:setRole(299)) - e292a541-f338-4081-a529-9c633adc47b7@group-564086F3F3C4: changes role from  FOLLOWER to CANDIDATE at term 0 for changeToCandidate
2022-10-18 03:53:38,661 [e292a541-f338-4081-a529-9c633adc47b7@group-564086F3F3C4-FollowerState] INFO  server.RaftServerConfigKeys (ConfUtils.java:logGet(46)) - raft.server.leaderelection.pre-vote = false (custom)
2022-10-18 03:53:38,661 [e292a541-f338-4081-a529-9c633adc47b7@group-564086F3F3C4-FollowerState] INFO  impl.RoleInfo (RoleInfo.java:updateAndGet(139)) - e292a541-f338-4081-a529-9c633adc47b7: start e292a541-f338-4081-a529-9c633adc47b7@group-564086F3F3C4-LeaderElection8
2022-10-18 03:53:38,665 [e292a541-f338-4081-a529-9c633adc47b7@group-564086F3F3C4-LeaderElection8] INFO  impl.LeaderElection (LeaderElection.java:askForVotes(310)) - e292a541-f338-4081-a529-9c633adc47b7@group-564086F3F3C4-LeaderElection8 ELECTION round 0: submit vote requests at term 1 for -1: [e292a541-f338-4081-a529-9c633adc47b7|rpc:10.1.0.75:35469|priority:1], old=null
2022-10-18 03:53:38,665 [e292a541-f338-4081-a529-9c633adc47b7@group-564086F3F3C4-LeaderElection8] INFO  impl.LeaderElection (LeaderElection.java:askForVotes(312)) - e292a541-f338-4081-a529-9c633adc47b7@group-564086F3F3C4-LeaderElection8 ELECTION round 0: result PASSED (term=1)
2022-10-18 03:53:38,665 [e292a541-f338-4081-a529-9c633adc47b7@group-564086F3F3C4-LeaderElection8] INFO  impl.RoleInfo (RoleInfo.java:shutdownLeaderElection(130)) - e292a541-f338-4081-a529-9c633adc47b7: shutdown e292a541-f338-4081-a529-9c633adc47b7@group-564086F3F3C4-LeaderElection8
2022-10-18 03:53:38,665 [e292a541-f338-4081-a529-9c633adc47b7@group-564086F3F3C4-LeaderElection8] INFO  server.RaftServer$Division (RaftServerImpl.java:setRole(299)) - e292a541-f338-4081-a529-9c633adc47b7@group-564086F3F3C4: changes role from CANDIDATE to LEADER at term 1 for changeToLeader
2022-10-18 03:53:38,665 [e292a541-f338-4081-a529-9c633adc47b7@group-564086F3F3C4-LeaderElection8] INFO  ratis.XceiverServerRatis (XceiverServerRatis.java:handleLeaderChangedNotification(863)) - Leader change notification received for group: group-564086F3F3C4 with new leaderId: e292a541-f338-4081-a529-9c633adc47b7
2022-10-18 03:53:38,665 [e292a541-f338-4081-a529-9c633adc47b7@group-564086F3F3C4-LeaderElection8] INFO  server.RaftServer$Division (ServerState.java:setLeader(287)) - e292a541-f338-4081-a529-9c633adc47b7@group-564086F3F3C4: change Leader from null to e292a541-f338-4081-a529-9c633adc47b7 at term 1 for becomeLeader, leader elected after 5030ms
2022-10-18 03:53:38,666 [e292a541-f338-4081-a529-9c633adc47b7@group-564086F3F3C4-LeaderElection8] INFO  server.RaftServerConfigKeys (ConfUtils.java:logGet(46)) - raft.server.staging.catchup.gap = 1000 (default)
2022-10-18 03:53:38,666 [e292a541-f338-4081-a529-9c633adc47b7@group-564086F3F3C4-LeaderElection8] INFO  server.RaftServerConfigKeys (ConfUtils.java:logGet(46)) - raft.server.write.element-limit = 1024 (custom)
2022-10-18 03:53:38,666 [e292a541-f338-4081-a529-9c633adc47b7@group-564086F3F3C4-LeaderElection8] INFO  server.RaftServerConfigKeys (ConfUtils.java:logGet(46)) - raft.server.write.byte-limit = 1024 M (=1073741824) (custom)
2022-10-18 03:53:38,669 [e292a541-f338-4081-a529-9c633adc47b7@group-564086F3F3C4-LeaderElection8] INFO  server.RaftServerConfigKeys (ConfUtils.java:logGet(46)) - raft.server.watch.timeout = 180s (custom)
2022-10-18 03:53:38,670 [e292a541-f338-4081-a529-9c633adc47b7@group-564086F3F3C4-LeaderElection8] INFO  server.RaftServerConfigKeys (ConfUtils.java:logGet(46)) - raft.server.watch.timeout.denomination = 1s (default)
2022-10-18 03:53:38,670 [e292a541-f338-4081-a529-9c633adc47b7@group-564086F3F3C4-LeaderElection8] INFO  server.RaftServerConfigKeys (ConfUtils.java:logGet(46)) - raft.server.watch.element-limit = 65536 (default)
2022-10-18 03:53:38,670 [e292a541-f338-4081-a529-9c633adc47b7@group-564086F3F3C4-LeaderElection8] INFO  server.RaftServerConfigKeys (ConfUtils.java:logGet(46)) - raft.server.write.element-limit = 1024 (custom)
2022-10-18 03:53:38,670 [e292a541-f338-4081-a529-9c633adc47b7@group-564086F3F3C4-LeaderElection8] INFO  server.RaftServerConfigKeys (ConfUtils.java:logGet(46)) - raft.server.write.follower.gap.ratio.max = -1.0 (default)
2022-10-18 03:53:38,670 [e292a541-f338-4081-a529-9c633adc47b7@group-564086F3F3C4-LeaderElection8] INFO  impl.RoleInfo (RoleInfo.java:updateAndGet(139)) - e292a541-f338-4081-a529-9c633adc47b7: start e292a541-f338-4081-a529-9c633adc47b7@group-564086F3F3C4-LeaderStateImpl
2022-10-18 03:53:38,670 [e292a541-f338-4081-a529-9c633adc47b7@group-564086F3F3C4-LeaderElection8] INFO  segmented.SegmentedRaftLogWorker (SegmentedRaftLogWorker.java:startLogSegment(425)) - e292a541-f338-4081-a529-9c633adc47b7@group-564086F3F3C4-SegmentedRaftLogWorker: Starting segment from index:0
2022-10-18 03:53:38,676 [e292a541-f338-4081-a529-9c633adc47b7@group-564086F3F3C4-SegmentedRaftLogWorker] INFO  segmented.SegmentedRaftLogWorker (SegmentedRaftLogWorker.java:execute(629)) - e292a541-f338-4081-a529-9c633adc47b7@group-564086F3F3C4-SegmentedRaftLogWorker: created new log segment /home/runner/work/ozone/ozone/hadoop-ozone/integration-test/target/test-dir/MiniOzoneClusterImpl-5cdafbed-51d9-4f54-a43e-7c7e014ba032/datanode-1/data/ratis/8ee39dd3-e69a-4daf-b1e4-564086f3f3c4/current/log_inprogress_0
2022-10-18 03:53:38,681 [e292a541-f338-4081-a529-9c633adc47b7@group-564086F3F3C4-LeaderElection8] INFO  server.RaftServer$Division (ServerState.java:setRaftConf(393)) - e292a541-f338-4081-a529-9c633adc47b7@group-564086F3F3C4: set configuration 0: [e292a541-f338-4081-a529-9c633adc47b7|rpc:10.1.0.75:35469|dataStream:|priority:1], old=null
2022-10-18 03:53:38,966 [Listener at 127.0.0.1/45489] INFO  ozone.MiniOzoneClusterImpl (MiniOzoneClusterImpl.java:lambda$waitForClusterToBeReady$0(216)) - Nodes are ready. Got 3 of 3 DN Heartbeats.
2022-10-18 03:53:38,967 [Listener at 127.0.0.1/45489] INFO  ozone.MiniOzoneClusterImpl (MiniOzoneClusterImpl.java:lambda$waitForClusterToBeReady$0(219)) - Cluster exits safe mode
2022-10-18 03:53:38,967 [Listener at 127.0.0.1/45489] INFO  ozone.MiniOzoneClusterImpl (MiniOzoneClusterImpl.java:lambda$waitForClusterToBeReady$0(221)) - SCM became leader
2022-10-18 03:53:39,043 [f6f53d54-4cd3-435a-b21b-2cdd3dcfe81c@group-89962059C845-FollowerState] INFO  impl.FollowerState (FollowerState.java:run(143)) - f6f53d54-4cd3-435a-b21b-2cdd3dcfe81c@group-89962059C845-FollowerState: change to CANDIDATE, lastRpcElapsedTime:5067417722ns, electionTimeout:5067ms
2022-10-18 03:53:39,044 [f6f53d54-4cd3-435a-b21b-2cdd3dcfe81c@group-89962059C845-FollowerState] INFO  impl.RoleInfo (RoleInfo.java:shutdownFollowerState(110)) - f6f53d54-4cd3-435a-b21b-2cdd3dcfe81c: shutdown f6f53d54-4cd3-435a-b21b-2cdd3dcfe81c@group-89962059C845-FollowerState
2022-10-18 03:53:39,044 [f6f53d54-4cd3-435a-b21b-2cdd3dcfe81c@group-89962059C845-FollowerState] INFO  server.RaftServer$Division (RaftServerImpl.java:setRole(299)) - f6f53d54-4cd3-435a-b21b-2cdd3dcfe81c@group-89962059C845: changes role from  FOLLOWER to CANDIDATE at term 0 for changeToCandidate
2022-10-18 03:53:39,044 [f6f53d54-4cd3-435a-b21b-2cdd3dcfe81c@group-89962059C845-FollowerState] INFO  server.RaftServerConfigKeys (ConfUtils.java:logGet(46)) - raft.server.leaderelection.pre-vote = false (custom)
2022-10-18 03:53:39,044 [f6f53d54-4cd3-435a-b21b-2cdd3dcfe81c@group-89962059C845-FollowerState] INFO  impl.RoleInfo (RoleInfo.java:updateAndGet(139)) - f6f53d54-4cd3-435a-b21b-2cdd3dcfe81c: start f6f53d54-4cd3-435a-b21b-2cdd3dcfe81c@group-89962059C845-LeaderElection9
2022-10-18 03:53:39,062 [f6f53d54-4cd3-435a-b21b-2cdd3dcfe81c@group-89962059C845-LeaderElection9] INFO  impl.LeaderElection (LeaderElection.java:askForVotes(310)) - f6f53d54-4cd3-435a-b21b-2cdd3dcfe81c@group-89962059C845-LeaderElection9 ELECTION round 0: submit vote requests at term 1 for -1: [f6f53d54-4cd3-435a-b21b-2cdd3dcfe81c|rpc:10.1.0.75:42257|priority:1], old=null
2022-10-18 03:53:39,062 [f6f53d54-4cd3-435a-b21b-2cdd3dcfe81c@group-89962059C845-LeaderElection9] INFO  impl.LeaderElection (LeaderElection.java:askForVotes(312)) - f6f53d54-4cd3-435a-b21b-2cdd3dcfe81c@group-89962059C845-LeaderElection9 ELECTION round 0: result PASSED (term=1)
2022-10-18 03:53:39,062 [f6f53d54-4cd3-435a-b21b-2cdd3dcfe81c@group-89962059C845-LeaderElection9] INFO  impl.RoleInfo (RoleInfo.java:shutdownLeaderElection(130)) - f6f53d54-4cd3-435a-b21b-2cdd3dcfe81c: shutdown f6f53d54-4cd3-435a-b21b-2cdd3dcfe81c@group-89962059C845-LeaderElection9
2022-10-18 03:53:39,063 [f6f53d54-4cd3-435a-b21b-2cdd3dcfe81c@group-89962059C845-LeaderElection9] INFO  server.RaftServer$Division (RaftServerImpl.java:setRole(299)) - f6f53d54-4cd3-435a-b21b-2cdd3dcfe81c@group-89962059C845: changes role from CANDIDATE to LEADER at term 1 for changeToLeader
2022-10-18 03:53:39,063 [f6f53d54-4cd3-435a-b21b-2cdd3dcfe81c@group-89962059C845-LeaderElection9] INFO  ratis.XceiverServerRatis (XceiverServerRatis.java:handleLeaderChangedNotification(863)) - Leader change notification received for group: group-89962059C845 with new leaderId: f6f53d54-4cd3-435a-b21b-2cdd3dcfe81c
2022-10-18 03:53:39,063 [f6f53d54-4cd3-435a-b21b-2cdd3dcfe81c@group-89962059C845-LeaderElection9] INFO  server.RaftServer$Division (ServerState.java:setLeader(287)) - f6f53d54-4cd3-435a-b21b-2cdd3dcfe81c@group-89962059C845: change Leader from null to f6f53d54-4cd3-435a-b21b-2cdd3dcfe81c at term 1 for becomeLeader, leader elected after 5096ms
2022-10-18 03:53:39,068 [f6f53d54-4cd3-435a-b21b-2cdd3dcfe81c@group-89962059C845-LeaderElection9] INFO  server.RaftServerConfigKeys (ConfUtils.java:logGet(46)) - raft.server.staging.catchup.gap = 1000 (default)
2022-10-18 03:53:39,068 [f6f53d54-4cd3-435a-b21b-2cdd3dcfe81c@group-89962059C845-LeaderElection9] INFO  server.RaftServerConfigKeys (ConfUtils.java:logGet(46)) - raft.server.write.element-limit = 1024 (custom)
2022-10-18 03:53:39,068 [f6f53d54-4cd3-435a-b21b-2cdd3dcfe81c@group-89962059C845-LeaderElection9] INFO  server.RaftServerConfigKeys (ConfUtils.java:logGet(46)) - raft.server.write.byte-limit = 1024 M (=1073741824) (custom)
2022-10-18 03:53:39,068 [f6f53d54-4cd3-435a-b21b-2cdd3dcfe81c@group-89962059C845-LeaderElection9] INFO  server.RaftServerConfigKeys (ConfUtils.java:logGet(46)) - raft.server.watch.timeout = 180s (custom)
2022-10-18 03:53:39,068 [f6f53d54-4cd3-435a-b21b-2cdd3dcfe81c@group-89962059C845-LeaderElection9] INFO  server.RaftServerConfigKeys (ConfUtils.java:logGet(46)) - raft.server.watch.timeout.denomination = 1s (default)
2022-10-18 03:53:39,068 [f6f53d54-4cd3-435a-b21b-2cdd3dcfe81c@group-89962059C845-LeaderElection9] INFO  server.RaftServerConfigKeys (ConfUtils.java:logGet(46)) - raft.server.watch.element-limit = 65536 (default)
2022-10-18 03:53:39,069 [f6f53d54-4cd3-435a-b21b-2cdd3dcfe81c@group-89962059C845-LeaderElection9] INFO  server.RaftServerConfigKeys (ConfUtils.java:logGet(46)) - raft.server.write.element-limit = 1024 (custom)
2022-10-18 03:53:39,069 [f6f53d54-4cd3-435a-b21b-2cdd3dcfe81c@group-89962059C845-LeaderElection9] INFO  server.RaftServerConfigKeys (ConfUtils.java:logGet(46)) - raft.server.write.follower.gap.ratio.max = -1.0 (default)
2022-10-18 03:53:39,069 [f6f53d54-4cd3-435a-b21b-2cdd3dcfe81c@group-89962059C845-LeaderElection9] INFO  impl.RoleInfo (RoleInfo.java:updateAndGet(139)) - f6f53d54-4cd3-435a-b21b-2cdd3dcfe81c: start f6f53d54-4cd3-435a-b21b-2cdd3dcfe81c@group-89962059C845-LeaderStateImpl
2022-10-18 03:53:39,069 [f6f53d54-4cd3-435a-b21b-2cdd3dcfe81c@group-89962059C845-LeaderElection9] INFO  segmented.SegmentedRaftLogWorker (SegmentedRaftLogWorker.java:startLogSegment(425)) - f6f53d54-4cd3-435a-b21b-2cdd3dcfe81c@group-89962059C845-SegmentedRaftLogWorker: Starting segment from index:0
2022-10-18 03:53:39,071 [f6f53d54-4cd3-435a-b21b-2cdd3dcfe81c@group-89962059C845-SegmentedRaftLogWorker] INFO  segmented.SegmentedRaftLogWorker (SegmentedRaftLogWorker.java:execute(629)) - f6f53d54-4cd3-435a-b21b-2cdd3dcfe81c@group-89962059C845-SegmentedRaftLogWorker: created new log segment /home/runner/work/ozone/ozone/hadoop-ozone/integration-test/target/test-dir/MiniOzoneClusterImpl-5cdafbed-51d9-4f54-a43e-7c7e014ba032/datanode-2/data/ratis/bfab1f81-d9be-4af5-a8e8-89962059c845/current/log_inprogress_0
2022-10-18 03:53:39,078 [f6f53d54-4cd3-435a-b21b-2cdd3dcfe81c@group-89962059C845-LeaderElection9] INFO  server.RaftServer$Division (ServerState.java:setRaftConf(393)) - f6f53d54-4cd3-435a-b21b-2cdd3dcfe81c@group-89962059C845: set configuration 0: [f6f53d54-4cd3-435a-b21b-2cdd3dcfe81c|rpc:10.1.0.75:42257|dataStream:|priority:1], old=null
2022-10-18 03:53:39,604 [Listener at 127.0.0.1/45489] INFO  rpc.RpcClient (RpcClient.java:createVolume(471)) - Creating Volume: volume50862, with user52886 as owner and space quota set to -1 bytes, counts quota set to -1
2022-10-18 03:53:39,677 [OM StateMachine ApplyTransaction Thread - 0] INFO  volume.OMVolumeCreateRequest (OMVolumeCreateRequest.java:validateAndUpdateCache(195)) - created volume:volume50862 for user:user52886
2022-10-18 03:53:39,682 [OM StateMachine ApplyTransaction Thread - 0] INFO  volume.OMVolumeCreateRequest (OMVolumeCreateRequest.java:validateAndUpdateCache(195)) - created volume:volume50862 for user:user52886
2022-10-18 03:53:39,680 [OM StateMachine ApplyTransaction Thread - 0] INFO  volume.OMVolumeCreateRequest (OMVolumeCreateRequest.java:validateAndUpdateCache(195)) - created volume:volume50862 for user:user52886
2022-10-18 03:53:39,711 [Listener at 127.0.0.1/45489] INFO  rpc.RpcClient (RpcClient.java:createBucket(674)) - Creating Bucket: volume50862/7aa0f201-1e82-4e94-8756-89f873241646, with server-side default bucket layout, runner as owner, Versioning false, Storage Type set to DISK and Encryption set to false 
2022-10-18 03:53:39,739 [OM StateMachine ApplyTransaction Thread - 0] INFO  bucket.OMBucketCreateRequest (OMBucketCreateRequest.java:validateAndUpdateCache(260)) - created bucket: 7aa0f201-1e82-4e94-8756-89f873241646 of layout LEGACY in volume: volume50862
2022-10-18 03:53:39,740 [OM StateMachine ApplyTransaction Thread - 0] INFO  bucket.OMBucketCreateRequest (OMBucketCreateRequest.java:validateAndUpdateCache(260)) - created bucket: 7aa0f201-1e82-4e94-8756-89f873241646 of layout LEGACY in volume: volume50862
2022-10-18 03:53:39,740 [OM StateMachine ApplyTransaction Thread - 0] INFO  bucket.OMBucketCreateRequest (OMBucketCreateRequest.java:validateAndUpdateCache(260)) - created bucket: 7aa0f201-1e82-4e94-8756-89f873241646 of layout LEGACY in volume: volume50862
2022-10-18 03:53:39,887 [IPC Server handler 2 on default port 40109] INFO  ha.SequenceIdGenerator (SequenceIdGenerator.java:getNextId(128)) - Allocate a batch for containerId, change lastId from 0 to 1000.
2022-10-18 03:53:39,900 [IPC Server handler 2 on default port 40109] WARN  ha.SequenceIdGenerator (SequenceIdGenerator.java:allocateBatch(237)) - Failed to allocate a batch for localId, expected lastId is 0, actual lastId is 109611004723200000.
2022-10-18 03:53:39,900 [IPC Server handler 2 on default port 40109] INFO  ha.SequenceIdGenerator (SequenceIdGenerator.java:getNextId(128)) - Allocate a batch for localId, change lastId from 109611004723200000 to 109611004723201000.
2022-10-18 03:53:39,983 [Listener at 127.0.0.1/45489] INFO  impl.MetricsSystemImpl (MetricsSystemImpl.java:init(158)) - XceiverClientMetrics metrics system started (again)
2022-10-18 03:53:40,658 [Listener at 127.0.0.1/45489] INFO  rpc.RpcClient (RpcClient.java:createVolume(471)) - Creating Volume: volume71683, with user72792 as owner and space quota set to -1 bytes, counts quota set to -1
2022-10-18 03:53:40,665 [OM StateMachine ApplyTransaction Thread - 0] INFO  volume.OMVolumeCreateRequest (OMVolumeCreateRequest.java:validateAndUpdateCache(195)) - created volume:volume71683 for user:user72792
2022-10-18 03:53:40,668 [Listener at 127.0.0.1/45489] INFO  rpc.RpcClient (RpcClient.java:createBucket(674)) - Creating Bucket: volume71683/2b4df433-f74b-4c92-b055-a907866b9082, with server-side default bucket layout, runner as owner, Versioning false, Storage Type set to DISK and Encryption set to false 
2022-10-18 03:53:40,680 [OM StateMachine ApplyTransaction Thread - 0] INFO  volume.OMVolumeCreateRequest (OMVolumeCreateRequest.java:validateAndUpdateCache(195)) - created volume:volume71683 for user:user72792
2022-10-18 03:53:40,682 [OM StateMachine ApplyTransaction Thread - 0] INFO  volume.OMVolumeCreateRequest (OMVolumeCreateRequest.java:validateAndUpdateCache(195)) - created volume:volume71683 for user:user72792
2022-10-18 03:53:40,689 [OM StateMachine ApplyTransaction Thread - 0] INFO  bucket.OMBucketCreateRequest (OMBucketCreateRequest.java:validateAndUpdateCache(260)) - created bucket: 2b4df433-f74b-4c92-b055-a907866b9082 of layout LEGACY in volume: volume71683
2022-10-18 03:53:40,698 [OM StateMachine ApplyTransaction Thread - 0] INFO  bucket.OMBucketCreateRequest (OMBucketCreateRequest.java:validateAndUpdateCache(260)) - created bucket: 2b4df433-f74b-4c92-b055-a907866b9082 of layout LEGACY in volume: volume71683
2022-10-18 03:53:40,703 [OM StateMachine ApplyTransaction Thread - 0] INFO  bucket.OMBucketCreateRequest (OMBucketCreateRequest.java:validateAndUpdateCache(260)) - created bucket: 2b4df433-f74b-4c92-b055-a907866b9082 of layout LEGACY in volume: volume71683
2022-10-18 03:53:40,711 [Listener at 127.0.0.1/45489] INFO  om.OzoneManager (OzoneManager.java:stop(2034)) - omNode-1[localhost:35797]: Stopping Ozone Manager
2022-10-18 03:53:40,711 [Listener at 127.0.0.1/45489] INFO  ipc.Server (Server.java:stop(3428)) - Stopping server on 35797
2022-10-18 03:53:40,729 [IPC Server Responder] INFO  ipc.Server (Server.java:run(1517)) - Stopping IPC Server Responder
2022-10-18 03:53:40,729 [IPC Server listener on 35797] INFO  ipc.Server (Server.java:run(1384)) - Stopping IPC Server listener on 35797
2022-10-18 03:53:40,734 [Listener at 127.0.0.1/45489] INFO  server.RaftServer (RaftServerProxy.java:lambda$close$7(398)) - omNode-1: close
2022-10-18 03:53:40,734 [Listener at 127.0.0.1/45489] INFO  server.RaftServer$Division (RaftServerImpl.java:lambda$close$4(434)) - omNode-1@group-523986131536: shutdown
2022-10-18 03:53:40,735 [Listener at 127.0.0.1/45489] INFO  util.JmxRegister (JmxRegister.java:unregister(73)) - Successfully un-registered JMX Bean with object name Ratis:service=RaftServer,group=group-523986131536,id=omNode-1
2022-10-18 03:53:40,735 [Listener at 127.0.0.1/45489] INFO  impl.RoleInfo (RoleInfo.java:shutdownLeaderState(93)) - omNode-1: shutdown omNode-1@group-523986131536-LeaderStateImpl
2022-10-18 03:53:40,737 [omNode-1@group-523986131536->omNode-3-GrpcLogAppender-LogAppenderDaemon] WARN  server.GrpcLogAppender (GrpcLogAppender.java:mayWait(171)) - omNode-1@group-523986131536->omNode-3-GrpcLogAppender: Wait interrupted by java.lang.InterruptedException
2022-10-18 03:53:40,738 [Listener at 127.0.0.1/45489] INFO  impl.PendingRequests (PendingRequests.java:sendNotLeaderResponses(282)) - omNode-1@group-523986131536-PendingRequests: sendNotLeaderResponses
2022-10-18 03:53:40,740 [grpc-default-executor-2] INFO  server.GrpcServerProtocolService (GrpcServerProtocolService.java:onCompleted(140)) - omNode-3: Completed APPEND_ENTRIES, lastRequest: omNode-1->omNode-3#209-t2,previous=(t:2, i:19),leaderCommit=19,initializing? true,entries: size=1, first=(t:2, i:20), METADATAENTRY(c:19)
2022-10-18 03:53:40,740 [omNode-1@group-523986131536->omNode-2-GrpcLogAppender-LogAppenderDaemon] WARN  server.GrpcLogAppender (GrpcLogAppender.java:mayWait(171)) - omNode-1@group-523986131536->omNode-2-GrpcLogAppender: Wait interrupted by java.lang.InterruptedException
2022-10-18 03:53:40,741 [grpc-default-executor-0] INFO  server.GrpcLogAppender (GrpcLogAppender.java:onCompleted(339)) - omNode-1@group-523986131536->omNode-3-AppendLogResponseHandler: follower responses appendEntries COMPLETED
2022-10-18 03:53:40,746 [grpc-default-executor-0] INFO  leader.FollowerInfo (FollowerInfoImpl.java:lambda$new$0(48)) - omNode-1@group-523986131536->omNode-3: nextIndex: updateUnconditionally 21 -> 20
2022-10-18 03:53:40,748 [grpc-default-executor-2] INFO  server.GrpcServerProtocolService (GrpcServerProtocolService.java:onCompleted(140)) - omNode-2: Completed APPEND_ENTRIES, lastRequest: omNode-1->omNode-2#211-t2,previous=(t:2, i:19),leaderCommit=19,initializing? true,entries: size=1, first=(t:2, i:20), METADATAENTRY(c:19)
2022-10-18 03:53:40,749 [grpc-default-executor-0] INFO  server.GrpcLogAppender (GrpcLogAppender.java:onCompleted(339)) - omNode-1@group-523986131536->omNode-2-AppendLogResponseHandler: follower responses appendEntries COMPLETED
2022-10-18 03:53:40,749 [grpc-default-executor-0] INFO  leader.FollowerInfo (FollowerInfoImpl.java:lambda$new$0(48)) - omNode-1@group-523986131536->omNode-2: nextIndex: updateUnconditionally 21 -> 20
2022-10-18 03:53:40,750 [omNode-1@group-523986131536-StateMachineUpdater] INFO  ratis.OzoneManagerStateMachine (OzoneManagerStateMachine.java:takeSnapshot(441)) - Current Snapshot Index (t:2, i:20)
2022-10-18 03:53:40,752 [omNode-1@group-523986131536-StateMachineUpdater] INFO  impl.StateMachineUpdater (StateMachineUpdater.java:takeSnapshot(287)) - omNode-1@group-523986131536-StateMachineUpdater: Took a snapshot at index 20
2022-10-18 03:53:40,752 [omNode-1@group-523986131536-StateMachineUpdater] INFO  impl.StateMachineUpdater (StateMachineUpdater.java:lambda$new$0(92)) - omNode-1@group-523986131536-StateMachineUpdater: snapshotIndex: updateIncreasingly -1 -> 20
2022-10-18 03:53:40,752 [omNode-1@group-523986131536-StateMachineUpdater] INFO  ratis.OzoneManagerStateMachine (OzoneManagerStateMachine.java:close(495)) - StateMachine has shutdown. Shutdown OzoneManager if not already shutdown.
2022-10-18 03:53:40,752 [omNode-1@group-523986131536-StateMachineUpdater] INFO  ratis.OzoneManagerDoubleBuffer (OzoneManagerDoubleBuffer.java:stop(466)) - Stopping OMDoubleBuffer flush thread
2022-10-18 03:53:40,752 [OMDoubleBufferFlushThread] INFO  ratis.OzoneManagerDoubleBuffer (OzoneManagerDoubleBuffer.java:flushTransactions(385)) - OMDoubleBuffer flush thread OMDoubleBufferFlushThread is interrupted and will exit.
2022-10-18 03:53:40,753 [Listener at 127.0.0.1/45489] INFO  impl.StateMachineUpdater (StateMachineUpdater.java:stopAndJoin(153)) - omNode-1@group-523986131536-StateMachineUpdater: set stopIndex = 20
2022-10-18 03:53:40,754 [Listener at 127.0.0.1/45489] INFO  server.RaftServer$Division (ServerState.java:close(429)) - omNode-1@group-523986131536: closes. applyIndex: 20
2022-10-18 03:53:40,755 [omNode-1@group-523986131536-SegmentedRaftLogWorker] INFO  segmented.SegmentedRaftLogWorker (SegmentedRaftLogWorker.java:run(336)) - omNode-1@group-523986131536-SegmentedRaftLogWorker was interrupted, exiting. There are 0 tasks remaining in the queue.
2022-10-18 03:53:40,759 [Listener at 127.0.0.1/45489] INFO  segmented.SegmentedRaftLogWorker (SegmentedRaftLogWorker.java:close(246)) - omNode-1@group-523986131536-SegmentedRaftLogWorker close()
2022-10-18 03:53:40,760 [Listener at 127.0.0.1/45489] INFO  server.GrpcService (GrpcService.java:closeImpl(269)) - omNode-1: shutdown server with port 42747 now
2022-10-18 03:53:40,775 [Listener at 127.0.0.1/45489] INFO  server.GrpcService (GrpcService.java:closeImpl(278)) - omNode-1: shutdown server with port 42747 successfully
2022-10-18 03:53:40,775 [org.apache.ratis.util.JvmPauseMonitor$$Lambda$703/726954313@429a6f95] INFO  util.JvmPauseMonitor (JvmPauseMonitor.java:run(109)) - JvmPauseMonitor-omNode-1: Stopped
2022-10-18 03:53:40,775 [Listener at 127.0.0.1/45489] INFO  ratis.OzoneManagerStateMachine (OzoneManagerStateMachine.java:close(495)) - StateMachine has shutdown. Shutdown OzoneManager if not already shutdown.
2022-10-18 03:53:40,776 [Listener at 127.0.0.1/45489] INFO  ratis.OzoneManagerDoubleBuffer (OzoneManagerDoubleBuffer.java:stop(478)) - OMDoubleBuffer flush thread is not running.
2022-10-18 03:53:40,776 [Listener at 127.0.0.1/45489] INFO  utils.BackgroundService (BackgroundService.java:shutdown(141)) - Shutting down service KeyDeletingService
2022-10-18 03:53:40,776 [Listener at 127.0.0.1/45489] INFO  utils.BackgroundService (BackgroundService.java:shutdown(141)) - Shutting down service DirectoryDeletingService
2022-10-18 03:53:40,777 [Listener at 127.0.0.1/45489] INFO  utils.BackgroundService (BackgroundService.java:shutdown(141)) - Shutting down service OpenKeyCleanupService
2022-10-18 03:53:40,778 [Listener at 127.0.0.1/45489] INFO  handler.ContextHandler (ContextHandler.java:doStop(1153)) - Stopped o.e.j.w.WebAppContext@7e1b80d3{ozoneManager,/,null,STOPPED}{file:/home/runner/work/ozone/ozone/hadoop-ozone/integration-test/target/test-classes/webapps/ozoneManager}
2022-10-18 03:53:40,785 [Listener at 127.0.0.1/45489] INFO  server.AbstractConnector (AbstractConnector.java:doStop(381)) - Stopped ServerConnector@62204c5b{HTTP/1.1, (http/1.1)}{0.0.0.0:41161}
2022-10-18 03:53:40,785 [Listener at 127.0.0.1/45489] INFO  server.session (HouseKeeper.java:stopScavenging(149)) - node0 Stopped scavenging
2022-10-18 03:53:40,786 [Listener at 127.0.0.1/45489] INFO  handler.ContextHandler (ContextHandler.java:doStop(1153)) - Stopped o.e.j.s.ServletContextHandler@6f45aa40{static,/static,file:///home/runner/work/ozone/ozone/hadoop-ozone/integration-test/target/test-classes/webapps/static,STOPPED}
2022-10-18 03:53:40,786 [Listener at 127.0.0.1/45489] INFO  handler.ContextHandler (ContextHandler.java:doStop(1153)) - Stopped o.e.j.s.ServletContextHandler@2f83346f{logs,/logs,file:///home/runner/work/ozone/ozone/hadoop-ozone/integration-test/target/log,STOPPED}
2022-10-18 03:53:42,473 [omNode-3@group-523986131536-FollowerState] INFO  impl.FollowerState (FollowerState.java:run(143)) - omNode-3@group-523986131536-FollowerState: change to CANDIDATE, lastRpcElapsedTime:1751960967ns, electionTimeout:1122ms
2022-10-18 03:53:42,474 [omNode-3@group-523986131536-FollowerState] INFO  impl.RoleInfo (RoleInfo.java:shutdownFollowerState(110)) - omNode-3: shutdown omNode-3@group-523986131536-FollowerState
2022-10-18 03:53:42,474 [omNode-3@group-523986131536-FollowerState] INFO  server.RaftServer$Division (RaftServerImpl.java:setRole(299)) - omNode-3@group-523986131536: changes role from  FOLLOWER to CANDIDATE at term 2 for changeToCandidate
2022-10-18 03:53:42,474 [omNode-3@group-523986131536-FollowerState] INFO  server.RaftServerConfigKeys (ConfUtils.java:logGet(46)) - raft.server.leaderelection.pre-vote = false (custom)
2022-10-18 03:53:42,474 [omNode-3@group-523986131536-FollowerState] INFO  impl.RoleInfo (RoleInfo.java:updateAndGet(139)) - omNode-3: start omNode-3@group-523986131536-LeaderElection10
2022-10-18 03:53:42,475 [omNode-3@group-523986131536-LeaderElection10] INFO  server.RaftServer$Division (ServerState.java:setLeader(287)) - omNode-3@group-523986131536: change Leader from omNode-1 to null at term 2 for ELECTION
2022-10-18 03:53:42,478 [omNode-3@group-523986131536-LeaderElection10] INFO  impl.LeaderElection (LeaderElection.java:askForVotes(310)) - omNode-3@group-523986131536-LeaderElection10 ELECTION round 0: submit vote requests at term 3 for 0: [omNode-3|rpc:localhost:44279|admin:|client:|dataStream:|priority:0, omNode-1|rpc:localhost:42747|admin:|client:|dataStream:|priority:0, omNode-2|rpc:localhost:37241|admin:|client:|dataStream:|priority:0], old=null
2022-10-18 03:53:42,485 [omNode-3@group-523986131536-LeaderElection10] INFO  impl.LeaderElection (LogUtils.java:infoOrTrace(137)) - omNode-3@group-523986131536-LeaderElection10 got exception when requesting votes: java.util.concurrent.ExecutionException: org.apache.ratis.thirdparty.io.grpc.StatusRuntimeException: UNAVAILABLE: io exception
2022-10-18 03:53:42,493 [grpc-default-executor-2] INFO  server.RaftServer$Division (RaftServerImpl.java:requestVote(1152)) - omNode-2@group-523986131536: receive requestVote(ELECTION, omNode-3, group-523986131536, 3, (t:2, i:20))
2022-10-18 03:53:42,493 [grpc-default-executor-2] INFO  impl.VoteContext (VoteContext.java:log(48)) - omNode-2@group-523986131536-FOLLOWER: accept ELECTION from omNode-3: our priority 0 <= candidate's priority 0
2022-10-18 03:53:42,493 [grpc-default-executor-2] INFO  server.RaftServer$Division (ServerState.java:setLeader(287)) - omNode-2@group-523986131536: change Leader from omNode-1 to null at term 3 for updateCurrentTerm
2022-10-18 03:53:42,494 [grpc-default-executor-2] INFO  server.RaftServer$Division (RaftServerImpl.java:setRole(299)) - omNode-2@group-523986131536: changes role from  FOLLOWER to FOLLOWER at term 3 for candidate:omNode-3
2022-10-18 03:53:42,494 [grpc-default-executor-2] INFO  impl.RoleInfo (RoleInfo.java:shutdownFollowerState(110)) - omNode-2: shutdown omNode-2@group-523986131536-FollowerState
2022-10-18 03:53:42,494 [grpc-default-executor-2] INFO  impl.RoleInfo (RoleInfo.java:updateAndGet(139)) - omNode-2: start omNode-2@group-523986131536-FollowerState
2022-10-18 03:53:42,494 [omNode-2@group-523986131536-FollowerState] INFO  impl.FollowerState (FollowerState.java:run(152)) - omNode-2@group-523986131536-FollowerState was interrupted
2022-10-18 03:53:42,496 [grpc-default-executor-2] INFO  server.RaftServer$Division (RaftServerImpl.java:requestVote(1184)) - omNode-2@group-523986131536 replies to ELECTION vote request: omNode-3<-omNode-2#0:OK-t3. Peer's state: omNode-2@group-523986131536:t3, leader=null, voted=omNode-3, raftlog=omNode-2@group-523986131536-SegmentedRaftLog:OPENED:c19, conf=0: [omNode-3|rpc:localhost:44279|admin:|client:|dataStream:|priority:0, omNode-1|rpc:localhost:42747|admin:|client:|dataStream:|priority:0, omNode-2|rpc:localhost:37241|admin:|client:|dataStream:|priority:0], old=null
2022-10-18 03:53:42,497 [omNode-3@group-523986131536-LeaderElection10] INFO  impl.LeaderElection (LeaderElection.java:logAndReturn(90)) - omNode-3@group-523986131536-LeaderElection10: ELECTION PASSED received 1 response(s) and 1 exception(s):
2022-10-18 03:53:42,497 [omNode-3@group-523986131536-LeaderElection10] INFO  impl.LeaderElection (LeaderElection.java:logAndReturn(94)) -   Response 0: omNode-3<-omNode-2#0:OK-t3
2022-10-18 03:53:42,497 [omNode-3@group-523986131536-LeaderElection10] INFO  impl.LeaderElection (LogUtils.java:infoOrTrace(137)) -   Exception 1: java.util.concurrent.ExecutionException: org.apache.ratis.thirdparty.io.grpc.StatusRuntimeException: UNAVAILABLE: io exception
2022-10-18 03:53:42,497 [omNode-3@group-523986131536-LeaderElection10] INFO  impl.LeaderElection (LeaderElection.java:askForVotes(312)) - omNode-3@group-523986131536-LeaderElection10 ELECTION round 0: result PASSED
2022-10-18 03:53:42,497 [omNode-3@group-523986131536-LeaderElection10] INFO  impl.RoleInfo (RoleInfo.java:shutdownLeaderElection(130)) - omNode-3: shutdown omNode-3@group-523986131536-LeaderElection10
2022-10-18 03:53:42,497 [omNode-3@group-523986131536-LeaderElection10] INFO  server.RaftServer$Division (RaftServerImpl.java:setRole(299)) - omNode-3@group-523986131536: changes role from CANDIDATE to LEADER at term 3 for changeToLeader
2022-10-18 03:53:42,498 [omNode-3@group-523986131536-LeaderElection10] INFO  server.RaftServer$Division (ServerState.java:setLeader(287)) - omNode-3@group-523986131536: change Leader from null to omNode-3 at term 3 for becomeLeader, leader elected after 22ms
2022-10-18 03:53:42,498 [omNode-3@group-523986131536-LeaderElection10] INFO  server.RaftServerConfigKeys (ConfUtils.java:logGet(46)) - raft.server.staging.catchup.gap = 1000 (default)
2022-10-18 03:53:42,498 [omNode-3@group-523986131536-LeaderElection10] INFO  server.RaftServerConfigKeys (ConfUtils.java:logGet(46)) - raft.server.write.element-limit = 4096 (default)
2022-10-18 03:53:42,498 [omNode-3@group-523986131536-LeaderElection10] INFO  server.RaftServerConfigKeys (ConfUtils.java:logGet(46)) - raft.server.write.byte-limit = 64MB (=67108864) (default)
2022-10-18 03:53:42,498 [omNode-3@group-523986131536-LeaderElection10] INFO  server.RaftServerConfigKeys (ConfUtils.java:logGet(46)) - raft.server.watch.timeout = 10s (default)
2022-10-18 03:53:42,498 [omNode-3@group-523986131536-LeaderElection10] INFO  server.RaftServerConfigKeys (ConfUtils.java:logGet(46)) - raft.server.watch.timeout.denomination = 1s (default)
2022-10-18 03:53:42,498 [omNode-3@group-523986131536-LeaderElection10] INFO  server.RaftServerConfigKeys (ConfUtils.java:logGet(46)) - raft.server.watch.element-limit = 65536 (default)
2022-10-18 03:53:42,498 [omNode-3@group-523986131536-LeaderElection10] INFO  server.RaftServerConfigKeys (ConfUtils.java:logGet(46)) - raft.server.write.element-limit = 4096 (default)
2022-10-18 03:53:42,499 [omNode-3@group-523986131536-LeaderElection10] INFO  server.RaftServerConfigKeys (ConfUtils.java:logGet(46)) - raft.server.write.follower.gap.ratio.max = -1.0 (default)
2022-10-18 03:53:42,499 [omNode-3@group-523986131536-LeaderElection10] INFO  server.RaftServerConfigKeys (ConfUtils.java:logGet(46)) - raft.server.log.appender.snapshot.chunk.size.max = 16MB (=16777216) (default)
2022-10-18 03:53:42,499 [omNode-3@group-523986131536-LeaderElection10] INFO  server.RaftServerConfigKeys (ConfUtils.java:logGet(46)) - raft.server.log.appender.buffer.byte-limit = 33554432 (custom)
2022-10-18 03:53:42,500 [omNode-3@group-523986131536-LeaderElection10] INFO  server.RaftServerConfigKeys (ConfUtils.java:logGet(46)) - raft.server.log.appender.buffer.element-limit = 1024 (custom)
2022-10-18 03:53:42,500 [omNode-3@group-523986131536-LeaderElection10] INFO  grpc.GrpcConfigKeys (ConfUtils.java:logGet(46)) - raft.grpc.server.leader.outstanding.appends.max = 128 (default)
2022-10-18 03:53:42,500 [omNode-3@group-523986131536-LeaderElection10] INFO  server.RaftServerConfigKeys (ConfUtils.java:logGet(46)) - raft.server.rpc.request.timeout = 3000ms (default)
2022-10-18 03:53:42,500 [omNode-3@group-523986131536-LeaderElection10] INFO  server.RaftServerConfigKeys (ConfUtils.java:logGet(46)) - raft.server.log.appender.install.snapshot.enabled = false (custom)
2022-10-18 03:53:42,501 [omNode-3@group-523986131536-LeaderElection10] INFO  server.RaftServerConfigKeys (ConfUtils.java:logGet(46)) - raft.server.log.appender.snapshot.chunk.size.max = 16MB (=16777216) (default)
2022-10-18 03:53:42,501 [omNode-3@group-523986131536-LeaderElection10] INFO  server.RaftServerConfigKeys (ConfUtils.java:logGet(46)) - raft.server.log.appender.buffer.byte-limit = 33554432 (custom)
2022-10-18 03:53:42,501 [omNode-3@group-523986131536-LeaderElection10] INFO  server.RaftServerConfigKeys (ConfUtils.java:logGet(46)) - raft.server.log.appender.buffer.element-limit = 1024 (custom)
2022-10-18 03:53:42,501 [omNode-3@group-523986131536-LeaderElection10] INFO  grpc.GrpcConfigKeys (ConfUtils.java:logGet(46)) - raft.grpc.server.leader.outstanding.appends.max = 128 (default)
2022-10-18 03:53:42,501 [omNode-3@group-523986131536-LeaderElection10] INFO  server.RaftServerConfigKeys (ConfUtils.java:logGet(46)) - raft.server.rpc.request.timeout = 3000ms (default)
2022-10-18 03:53:42,501 [omNode-3@group-523986131536-LeaderElection10] INFO  server.RaftServerConfigKeys (ConfUtils.java:logGet(46)) - raft.server.log.appender.install.snapshot.enabled = false (custom)
2022-10-18 03:53:42,501 [omNode-3@group-523986131536-LeaderElection10] INFO  impl.RoleInfo (RoleInfo.java:updateAndGet(139)) - omNode-3: start omNode-3@group-523986131536-LeaderStateImpl
2022-10-18 03:53:42,507 [omNode-3@group-523986131536-LeaderElection10] INFO  segmented.SegmentedRaftLogWorker (SegmentedRaftLogWorker.java:rollLogSegment(430)) - omNode-3@group-523986131536-SegmentedRaftLogWorker: Rolling segment log-0_20 to index:20
2022-10-18 03:53:42,509 [omNode-3@group-523986131536-SegmentedRaftLogWorker] INFO  segmented.SegmentedRaftLogWorker (SegmentedRaftLogWorker.java:execute(586)) - omNode-3@group-523986131536-SegmentedRaftLogWorker: Rolled log segment from /home/runner/work/ozone/ozone/hadoop-ozone/integration-test/target/test-dir/MiniOzoneClusterImpl-5cdafbed-51d9-4f54-a43e-7c7e014ba032/omNode-3/ratis/c9bc4cf4-3bc3-3c60-a66b-523986131536/current/log_inprogress_0 to /home/runner/work/ozone/ozone/hadoop-ozone/integration-test/target/test-dir/MiniOzoneClusterImpl-5cdafbed-51d9-4f54-a43e-7c7e014ba032/omNode-3/ratis/c9bc4cf4-3bc3-3c60-a66b-523986131536/current/log_0-20
2022-10-18 03:53:42,510 [grpc-default-executor-2] WARN  server.GrpcLogAppender (LogUtils.java:warn(122)) - omNode-3@group-523986131536->omNode-1-AppendLogResponseHandler: Failed appendEntries: org.apache.ratis.thirdparty.io.grpc.StatusRuntimeException: UNAVAILABLE: io exception
2022-10-18 03:53:42,512 [grpc-default-executor-2] WARN  server.GrpcLogAppender (GrpcLogAppender.java:resetClient(111)) - omNode-3@group-523986131536->omNode-1-GrpcLogAppender: Leader has not got in touch with Follower omNode-3@group-523986131536->omNode-1(c-1,m0,n22, attendVote=true, lastRpcSendTime=1, lastRpcResponseTime=1213) yet, just keep nextIndex unchanged and retry.
2022-10-18 03:53:42,515 [omNode-3@group-523986131536-LeaderElection10] INFO  server.RaftServer$Division (ServerState.java:setRaftConf(393)) - omNode-3@group-523986131536: set configuration 21: [omNode-3|rpc:localhost:44279|admin:|client:|dataStream:|priority:0, omNode-1|rpc:localhost:42747|admin:|client:|dataStream:|priority:0, omNode-2|rpc:localhost:37241|admin:|client:|dataStream:|priority:0], old=null
2022-10-18 03:53:42,524 [omNode-3@group-523986131536-SegmentedRaftLogWorker] INFO  segmented.SegmentedRaftLogWorker (SegmentedRaftLogWorker.java:execute(629)) - omNode-3@group-523986131536-SegmentedRaftLogWorker: created new log segment /home/runner/work/ozone/ozone/hadoop-ozone/integration-test/target/test-dir/MiniOzoneClusterImpl-5cdafbed-51d9-4f54-a43e-7c7e014ba032/omNode-3/ratis/c9bc4cf4-3bc3-3c60-a66b-523986131536/current/log_inprogress_21
2022-10-18 03:53:42,526 [omNode-2-server-thread1] INFO  server.RaftServer$Division (ServerState.java:setLeader(287)) - omNode-2@group-523986131536: change Leader from null to omNode-3 at term 3 for appendEntries, leader elected after 32ms
2022-10-18 03:53:42,530 [omNode-2-server-thread1] INFO  server.RaftServer$Division (ServerState.java:setRaftConf(393)) - omNode-2@group-523986131536: set configuration 21: [omNode-3|rpc:localhost:44279|admin:|client:|dataStream:|priority:0, omNode-1|rpc:localhost:42747|admin:|client:|dataStream:|priority:0, omNode-2|rpc:localhost:37241|admin:|client:|dataStream:|priority:0], old=null
2022-10-18 03:53:42,530 [omNode-2-server-thread1] INFO  segmented.SegmentedRaftLogWorker (SegmentedRaftLogWorker.java:rollLogSegment(430)) - omNode-2@group-523986131536-SegmentedRaftLogWorker: Rolling segment log-0_20 to index:20
2022-10-18 03:53:42,531 [omNode-2@group-523986131536-SegmentedRaftLogWorker] INFO  segmented.SegmentedRaftLogWorker (SegmentedRaftLogWorker.java:execute(586)) - omNode-2@group-523986131536-SegmentedRaftLogWorker: Rolled log segment from /home/runner/work/ozone/ozone/hadoop-ozone/integration-test/target/test-dir/MiniOzoneClusterImpl-5cdafbed-51d9-4f54-a43e-7c7e014ba032/omNode-2/ratis/c9bc4cf4-3bc3-3c60-a66b-523986131536/current/log_inprogress_0 to /home/runner/work/ozone/ozone/hadoop-ozone/integration-test/target/test-dir/MiniOzoneClusterImpl-5cdafbed-51d9-4f54-a43e-7c7e014ba032/omNode-2/ratis/c9bc4cf4-3bc3-3c60-a66b-523986131536/current/log_0-20
2022-10-18 03:53:42,545 [omNode-2@group-523986131536-SegmentedRaftLogWorker] INFO  segmented.SegmentedRaftLogWorker (SegmentedRaftLogWorker.java:execute(629)) - omNode-2@group-523986131536-SegmentedRaftLogWorker: created new log segment /home/runner/work/ozone/ozone/hadoop-ozone/integration-test/target/test-dir/MiniOzoneClusterImpl-5cdafbed-51d9-4f54-a43e-7c7e014ba032/omNode-2/ratis/c9bc4cf4-3bc3-3c60-a66b-523986131536/current/log_inprogress_21
2022-10-18 03:53:42,558 [omNode-3@group-523986131536-StateMachineUpdater] INFO  ratis.OzoneManagerStateMachine (OzoneManagerStateMachine.java:notifyConfigurationChanged(192)) - Received Configuration change notification from Ratis. New Peer list:
[id: "omNode-3"
address: "localhost:44279"
, id: "omNode-1"
address: "localhost:42747"
, id: "omNode-2"
address: "localhost:37241"
]
2022-10-18 03:53:42,563 [grpc-default-executor-2] WARN  server.GrpcLogAppender (LogUtils.java:warn(122)) - omNode-3@group-523986131536->omNode-1-AppendLogResponseHandler: Failed appendEntries: org.apache.ratis.thirdparty.io.grpc.StatusRuntimeException: UNAVAILABLE: io exception
2022-10-18 03:53:42,564 [grpc-default-executor-2] WARN  server.GrpcLogAppender (GrpcLogAppender.java:resetClient(111)) - omNode-3@group-523986131536->omNode-1-GrpcLogAppender: Leader has not got in touch with Follower omNode-3@group-523986131536->omNode-1(c-1,m0,n23, attendVote=true, lastRpcSendTime=53, lastRpcResponseTime=1265) yet, just keep nextIndex unchanged and retry.
2022-10-18 03:53:42,571 [omNode-2@group-523986131536-StateMachineUpdater] INFO  ratis.OzoneManagerStateMachine (OzoneManagerStateMachine.java:notifyConfigurationChanged(192)) - Received Configuration change notification from Ratis. New Peer list:
[id: "omNode-3"
address: "localhost:44279"
, id: "omNode-1"
address: "localhost:42747"
, id: "omNode-2"
address: "localhost:37241"
]
2022-10-18 03:53:42,761 [grpc-default-executor-2] WARN  server.GrpcLogAppender (LogUtils.java:warn(122)) - omNode-3@group-523986131536->omNode-1-AppendLogResponseHandler: Failed appendEntries: org.apache.ratis.thirdparty.io.grpc.StatusRuntimeException: UNAVAILABLE: io exception
2022-10-18 03:53:42,762 [grpc-default-executor-2] WARN  server.GrpcLogAppender (GrpcLogAppender.java:resetClient(111)) - omNode-3@group-523986131536->omNode-1-GrpcLogAppender: Leader has not got in touch with Follower omNode-3@group-523986131536->omNode-1(c-1,m0,n23, attendVote=true, lastRpcSendTime=191, lastRpcResponseTime=1462) yet, just keep nextIndex unchanged and retry.
2022-10-18 03:53:43,018 [grpc-default-executor-2] WARN  server.GrpcLogAppender (LogUtils.java:warn(122)) - omNode-3@group-523986131536->omNode-1-AppendLogResponseHandler: Failed appendEntries: org.apache.ratis.thirdparty.io.grpc.StatusRuntimeException: UNAVAILABLE: io exception
2022-10-18 03:53:43,019 [grpc-default-executor-2] WARN  server.GrpcLogAppender (GrpcLogAppender.java:resetClient(111)) - omNode-3@group-523986131536->omNode-1-GrpcLogAppender: Leader has not got in touch with Follower omNode-3@group-523986131536->omNode-1(c-1,m0,n23, attendVote=true, lastRpcSendTime=0, lastRpcResponseTime=1720) yet, just keep nextIndex unchanged and retry.
2022-10-18 03:53:43,269 [grpc-default-executor-2] WARN  server.GrpcLogAppender (LogUtils.java:warn(122)) - omNode-3@group-523986131536->omNode-1-AppendLogResponseHandler: Failed appendEntries: org.apache.ratis.thirdparty.io.grpc.StatusRuntimeException: UNAVAILABLE: io exception
2022-10-18 03:53:43,270 [grpc-default-executor-2] WARN  server.GrpcLogAppender (GrpcLogAppender.java:resetClient(111)) - omNode-3@group-523986131536->omNode-1-GrpcLogAppender: Leader has not got in touch with Follower omNode-3@group-523986131536->omNode-1(c-1,m0,n23, attendVote=true, lastRpcSendTime=0, lastRpcResponseTime=1971) yet, just keep nextIndex unchanged and retry.
2022-10-18 03:53:43,520 [grpc-default-executor-0] WARN  server.GrpcLogAppender (LogUtils.java:warn(122)) - omNode-3@group-523986131536->omNode-1-AppendLogResponseHandler: Failed appendEntries: org.apache.ratis.thirdparty.io.grpc.StatusRuntimeException: UNAVAILABLE: io exception
2022-10-18 03:53:43,521 [grpc-default-executor-0] WARN  server.GrpcLogAppender (GrpcLogAppender.java:resetClient(111)) - omNode-3@group-523986131536->omNode-1-GrpcLogAppender: Leader has not got in touch with Follower omNode-3@group-523986131536->omNode-1(c-1,m0,n23, attendVote=true, lastRpcSendTime=1, lastRpcResponseTime=2222) yet, just keep nextIndex unchanged and retry.
2022-10-18 03:53:43,770 [grpc-default-executor-2] WARN  server.GrpcLogAppender (LogUtils.java:warn(122)) - omNode-3@group-523986131536->omNode-1-AppendLogResponseHandler: Failed appendEntries: org.apache.ratis.thirdparty.io.grpc.StatusRuntimeException: UNAVAILABLE: io exception
2022-10-18 03:53:43,771 [grpc-default-executor-2] WARN  server.GrpcLogAppender (GrpcLogAppender.java:resetClient(111)) - omNode-3@group-523986131536->omNode-1-GrpcLogAppender: Leader has not got in touch with Follower omNode-3@group-523986131536->omNode-1(c-1,m0,n23, attendVote=true, lastRpcSendTime=0, lastRpcResponseTime=2472) yet, just keep nextIndex unchanged and retry.
2022-10-18 03:53:44,020 [grpc-default-executor-2] WARN  server.GrpcLogAppender (LogUtils.java:warn(122)) - omNode-3@group-523986131536->omNode-1-AppendLogResponseHandler: Failed appendEntries: org.apache.ratis.thirdparty.io.grpc.StatusRuntimeException: UNAVAILABLE: io exception
2022-10-18 03:53:44,021 [grpc-default-executor-2] WARN  server.GrpcLogAppender (GrpcLogAppender.java:resetClient(111)) - omNode-3@group-523986131536->omNode-1-GrpcLogAppender: Leader has not got in touch with Follower omNode-3@group-523986131536->omNode-1(c-1,m0,n23, attendVote=true, lastRpcSendTime=0, lastRpcResponseTime=2722) yet, just keep nextIndex unchanged and retry.
2022-10-18 03:53:44,271 [grpc-default-executor-2] WARN  server.GrpcLogAppender (LogUtils.java:warn(122)) - omNode-3@group-523986131536->omNode-1-AppendLogResponseHandler: Failed appendEntries: org.apache.ratis.thirdparty.io.grpc.StatusRuntimeException: UNAVAILABLE: io exception
2022-10-18 03:53:44,272 [grpc-default-executor-2] WARN  server.GrpcLogAppender (GrpcLogAppender.java:resetClient(111)) - omNode-3@group-523986131536->omNode-1-GrpcLogAppender: Leader has not got in touch with Follower omNode-3@group-523986131536->omNode-1(c-1,m0,n23, attendVote=true, lastRpcSendTime=0, lastRpcResponseTime=2973) yet, just keep nextIndex unchanged and retry.
2022-10-18 03:53:44,521 [grpc-default-executor-2] WARN  server.GrpcLogAppender (LogUtils.java:warn(122)) - omNode-3@group-523986131536->omNode-1-AppendLogResponseHandler: Failed appendEntries: org.apache.ratis.thirdparty.io.grpc.StatusRuntimeException: UNAVAILABLE: io exception
2022-10-18 03:53:44,522 [grpc-default-executor-2] WARN  server.GrpcLogAppender (GrpcLogAppender.java:resetClient(111)) - omNode-3@group-523986131536->omNode-1-GrpcLogAppender: Leader has not got in touch with Follower omNode-3@group-523986131536->omNode-1(c-1,m0,n23, attendVote=true, lastRpcSendTime=1, lastRpcResponseTime=3223) yet, just keep nextIndex unchanged and retry.
2022-10-18 03:53:44,772 [grpc-default-executor-2] WARN  server.GrpcLogAppender (LogUtils.java:warn(122)) - omNode-3@group-523986131536->omNode-1-AppendLogResponseHandler: Failed appendEntries: org.apache.ratis.thirdparty.io.grpc.StatusRuntimeException: UNAVAILABLE: io exception
2022-10-18 03:53:44,789 [grpc-default-executor-2] WARN  server.GrpcLogAppender (GrpcLogAppender.java:resetClient(111)) - omNode-3@group-523986131536->omNode-1-GrpcLogAppender: Leader has not got in touch with Follower omNode-3@group-523986131536->omNode-1(c-1,m0,n23, attendVote=true, lastRpcSendTime=16, lastRpcResponseTime=3490) yet, just keep nextIndex unchanged and retry.
2022-10-18 03:53:45,023 [grpc-default-executor-2] WARN  server.GrpcLogAppender (LogUtils.java:warn(122)) - omNode-3@group-523986131536->omNode-1-AppendLogResponseHandler: Failed appendEntries: org.apache.ratis.thirdparty.io.grpc.StatusRuntimeException: UNAVAILABLE: io exception
2022-10-18 03:53:45,023 [grpc-default-executor-2] WARN  server.GrpcLogAppender (GrpcLogAppender.java:resetClient(111)) - omNode-3@group-523986131536->omNode-1-GrpcLogAppender: Leader has not got in touch with Follower omNode-3@group-523986131536->omNode-1(c-1,m0,n23, attendVote=true, lastRpcSendTime=0, lastRpcResponseTime=3724) yet, just keep nextIndex unchanged and retry.
2022-10-18 03:53:45,274 [grpc-default-executor-2] WARN  server.GrpcLogAppender (LogUtils.java:warn(122)) - omNode-3@group-523986131536->omNode-1-AppendLogResponseHandler: Failed appendEntries: org.apache.ratis.thirdparty.io.grpc.StatusRuntimeException: UNAVAILABLE: io exception
2022-10-18 03:53:45,275 [grpc-default-executor-2] WARN  server.GrpcLogAppender (GrpcLogAppender.java:resetClient(111)) - omNode-3@group-523986131536->omNode-1-GrpcLogAppender: Leader has not got in touch with Follower omNode-3@group-523986131536->omNode-1(c-1,m0,n23, attendVote=true, lastRpcSendTime=0, lastRpcResponseTime=3975) yet, just keep nextIndex unchanged and retry.
2022-10-18 03:53:45,524 [grpc-default-executor-2] WARN  server.GrpcLogAppender (LogUtils.java:warn(122)) - omNode-3@group-523986131536->omNode-1-AppendLogResponseHandler: Failed appendEntries: org.apache.ratis.thirdparty.io.grpc.StatusRuntimeException: UNAVAILABLE: io exception
2022-10-18 03:53:45,525 [grpc-default-executor-2] WARN  server.GrpcLogAppender (GrpcLogAppender.java:resetClient(111)) - omNode-3@group-523986131536->omNode-1-GrpcLogAppender: Leader has not got in touch with Follower omNode-3@group-523986131536->omNode-1(c-1,m0,n23, attendVote=true, lastRpcSendTime=0, lastRpcResponseTime=4226) yet, just keep nextIndex unchanged and retry.
2022-10-18 03:53:45,775 [grpc-default-executor-2] WARN  server.GrpcLogAppender (LogUtils.java:warn(122)) - omNode-3@group-523986131536->omNode-1-AppendLogResponseHandler: Failed appendEntries: org.apache.ratis.thirdparty.io.grpc.StatusRuntimeException: UNAVAILABLE: io exception
2022-10-18 03:53:45,776 [grpc-default-executor-2] WARN  server.GrpcLogAppender (GrpcLogAppender.java:resetClient(111)) - omNode-3@group-523986131536->omNode-1-GrpcLogAppender: Leader has not got in touch with Follower omNode-3@group-523986131536->omNode-1(c-1,m0,n23, attendVote=true, lastRpcSendTime=1, lastRpcResponseTime=4476) yet, just keep nextIndex unchanged and retry.
2022-10-18 03:53:46,025 [grpc-default-executor-2] WARN  server.GrpcLogAppender (LogUtils.java:warn(122)) - omNode-3@group-523986131536->omNode-1-AppendLogResponseHandler: Failed appendEntries: org.apache.ratis.thirdparty.io.grpc.StatusRuntimeException: UNAVAILABLE: io exception
2022-10-18 03:53:46,026 [grpc-default-executor-2] WARN  server.GrpcLogAppender (GrpcLogAppender.java:resetClient(111)) - omNode-3@group-523986131536->omNode-1-GrpcLogAppender: Leader has not got in touch with Follower omNode-3@group-523986131536->omNode-1(c-1,m0,n23, attendVote=true, lastRpcSendTime=1, lastRpcResponseTime=4727) yet, just keep nextIndex unchanged and retry.
2022-10-18 03:53:46,276 [grpc-default-executor-0] WARN  server.GrpcLogAppender (LogUtils.java:warn(122)) - omNode-3@group-523986131536->omNode-1-AppendLogResponseHandler: Failed appendEntries: org.apache.ratis.thirdparty.io.grpc.StatusRuntimeException: UNAVAILABLE: io exception
2022-10-18 03:53:46,277 [grpc-default-executor-0] WARN  server.GrpcLogAppender (GrpcLogAppender.java:resetClient(111)) - omNode-3@group-523986131536->omNode-1-GrpcLogAppender: Leader has not got in touch with Follower omNode-3@group-523986131536->omNode-1(c-1,m0,n23, attendVote=true, lastRpcSendTime=0, lastRpcResponseTime=4977) yet, just keep nextIndex unchanged and retry.
2022-10-18 03:53:46,526 [grpc-default-executor-0] WARN  server.GrpcLogAppender (LogUtils.java:warn(122)) - omNode-3@group-523986131536->omNode-1-AppendLogResponseHandler: Failed appendEntries: org.apache.ratis.thirdparty.io.grpc.StatusRuntimeException: UNAVAILABLE: io exception
2022-10-18 03:53:46,528 [grpc-default-executor-0] WARN  server.GrpcLogAppender (GrpcLogAppender.java:resetClient(111)) - omNode-3@group-523986131536->omNode-1-GrpcLogAppender: Leader has not got in touch with Follower omNode-3@group-523986131536->omNode-1(c-1,m0,n23, attendVote=true, lastRpcSendTime=1, lastRpcResponseTime=5229) yet, just keep nextIndex unchanged and retry.
2022-10-18 03:53:46,777 [grpc-default-executor-0] WARN  server.GrpcLogAppender (LogUtils.java:warn(122)) - omNode-3@group-523986131536->omNode-1-AppendLogResponseHandler: Failed appendEntries: org.apache.ratis.thirdparty.io.grpc.StatusRuntimeException: UNAVAILABLE: io exception
2022-10-18 03:53:46,777 [grpc-default-executor-0] WARN  server.GrpcLogAppender (GrpcLogAppender.java:resetClient(111)) - omNode-3@group-523986131536->omNode-1-GrpcLogAppender: Leader has not got in touch with Follower omNode-3@group-523986131536->omNode-1(c-1,m0,n23, attendVote=true, lastRpcSendTime=0, lastRpcResponseTime=5478) yet, just keep nextIndex unchanged and retry.
2022-10-18 03:53:47,028 [grpc-default-executor-0] WARN  server.GrpcLogAppender (LogUtils.java:warn(122)) - omNode-3@group-523986131536->omNode-1-AppendLogResponseHandler: Failed appendEntries: org.apache.ratis.thirdparty.io.grpc.StatusRuntimeException: UNAVAILABLE: io exception
2022-10-18 03:53:47,029 [grpc-default-executor-0] WARN  server.GrpcLogAppender (GrpcLogAppender.java:resetClient(111)) - omNode-3@group-523986131536->omNode-1-GrpcLogAppender: Leader has not got in touch with Follower omNode-3@group-523986131536->omNode-1(c-1,m0,n23, attendVote=true, lastRpcSendTime=0, lastRpcResponseTime=5729) yet, just keep nextIndex unchanged and retry.
2022-10-18 03:53:47,278 [grpc-default-executor-0] WARN  server.GrpcLogAppender (LogUtils.java:warn(122)) - omNode-3@group-523986131536->omNode-1-AppendLogResponseHandler: Failed appendEntries: org.apache.ratis.thirdparty.io.grpc.StatusRuntimeException: UNAVAILABLE: io exception
2022-10-18 03:53:47,279 [grpc-default-executor-0] WARN  server.GrpcLogAppender (GrpcLogAppender.java:resetClient(111)) - omNode-3@group-523986131536->omNode-1-GrpcLogAppender: Leader has not got in touch with Follower omNode-3@group-523986131536->omNode-1(c-1,m0,n23, attendVote=true, lastRpcSendTime=0, lastRpcResponseTime=5980) yet, just keep nextIndex unchanged and retry.
2022-10-18 03:53:47,529 [grpc-default-executor-0] WARN  server.GrpcLogAppender (LogUtils.java:warn(122)) - omNode-3@group-523986131536->omNode-1-AppendLogResponseHandler: Failed appendEntries: org.apache.ratis.thirdparty.io.grpc.StatusRuntimeException: UNAVAILABLE: io exception
2022-10-18 03:53:47,530 [grpc-default-executor-0] WARN  server.GrpcLogAppender (GrpcLogAppender.java:resetClient(111)) - omNode-3@group-523986131536->omNode-1-GrpcLogAppender: Leader has not got in touch with Follower omNode-3@group-523986131536->omNode-1(c-1,m0,n23, attendVote=true, lastRpcSendTime=0, lastRpcResponseTime=6231) yet, just keep nextIndex unchanged and retry.
2022-10-18 03:53:47,779 [grpc-default-executor-0] WARN  server.GrpcLogAppender (LogUtils.java:warn(122)) - omNode-3@group-523986131536->omNode-1-AppendLogResponseHandler: Failed appendEntries: org.apache.ratis.thirdparty.io.grpc.StatusRuntimeException: UNAVAILABLE: io exception
2022-10-18 03:53:47,780 [grpc-default-executor-0] WARN  server.GrpcLogAppender (GrpcLogAppender.java:resetClient(111)) - omNode-3@group-523986131536->omNode-1-GrpcLogAppender: Leader has not got in touch with Follower omNode-3@group-523986131536->omNode-1(c-1,m0,n23, attendVote=true, lastRpcSendTime=0, lastRpcResponseTime=6481) yet, just keep nextIndex unchanged and retry.
2022-10-18 03:53:48,018 [Under Replicated Processor] INFO  replication.UnderReplicatedProcessor (UnderReplicatedProcessor.java:processAll(92)) - Processed 0 under replicated containers, failed processing 0
2022-10-18 03:53:48,026 [Over Replicated Processor] INFO  replication.OverReplicatedProcessor (OverReplicatedProcessor.java:processAll(90)) - Processed 0 over replicated containers, failed processing 0
2022-10-18 03:53:48,030 [grpc-default-executor-0] WARN  server.GrpcLogAppender (LogUtils.java:warn(122)) - omNode-3@group-523986131536->omNode-1-AppendLogResponseHandler: Failed appendEntries: org.apache.ratis.thirdparty.io.grpc.StatusRuntimeException: UNAVAILABLE: io exception
2022-10-18 03:53:48,031 [grpc-default-executor-0] WARN  server.GrpcLogAppender (GrpcLogAppender.java:resetClient(111)) - omNode-3@group-523986131536->omNode-1-GrpcLogAppender: Leader has not got in touch with Follower omNode-3@group-523986131536->omNode-1(c-1,m0,n23, attendVote=true, lastRpcSendTime=0, lastRpcResponseTime=6731) yet, just keep nextIndex unchanged and retry.
2022-10-18 03:53:48,281 [grpc-default-executor-0] WARN  server.GrpcLogAppender (LogUtils.java:warn(122)) - omNode-3@group-523986131536->omNode-1-AppendLogResponseHandler: Failed appendEntries: org.apache.ratis.thirdparty.io.grpc.StatusRuntimeException: UNAVAILABLE: io exception
2022-10-18 03:53:48,281 [grpc-default-executor-0] WARN  server.GrpcLogAppender (GrpcLogAppender.java:resetClient(111)) - omNode-3@group-523986131536->omNode-1-GrpcLogAppender: Leader has not got in touch with Follower omNode-3@group-523986131536->omNode-1(c-1,m0,n23, attendVote=true, lastRpcSendTime=0, lastRpcResponseTime=6982) yet, just keep nextIndex unchanged and retry.
2022-10-18 03:53:48,531 [grpc-default-executor-2] WARN  server.GrpcLogAppender (LogUtils.java:warn(122)) - omNode-3@group-523986131536->omNode-1-AppendLogResponseHandler: Failed appendEntries: org.apache.ratis.thirdparty.io.grpc.StatusRuntimeException: UNAVAILABLE: io exception
2022-10-18 03:53:48,532 [grpc-default-executor-2] WARN  server.GrpcLogAppender (GrpcLogAppender.java:resetClient(111)) - omNode-3@group-523986131536->omNode-1-GrpcLogAppender: Leader has not got in touch with Follower omNode-3@group-523986131536->omNode-1(c-1,m0,n23, attendVote=true, lastRpcSendTime=1, lastRpcResponseTime=7233) yet, just keep nextIndex unchanged and retry.
2022-10-18 03:53:48,781 [grpc-default-executor-2] WARN  server.GrpcLogAppender (LogUtils.java:warn(122)) - omNode-3@group-523986131536->omNode-1-AppendLogResponseHandler: Failed appendEntries: org.apache.ratis.thirdparty.io.grpc.StatusRuntimeException: UNAVAILABLE: io exception
2022-10-18 03:53:48,782 [grpc-default-executor-2] WARN  server.GrpcLogAppender (GrpcLogAppender.java:resetClient(111)) - omNode-3@group-523986131536->omNode-1-GrpcLogAppender: Leader has not got in touch with Follower omNode-3@group-523986131536->omNode-1(c-1,m0,n23, attendVote=true, lastRpcSendTime=0, lastRpcResponseTime=7483) yet, just keep nextIndex unchanged and retry.
2022-10-18 03:53:48,798 [Listener at 127.0.0.1/45489] INFO  retry.RetryInvocationHandler (RetryInvocationHandler.java:log(411)) - com.google.protobuf.ServiceException: java.io.EOFException: End of File Exception between local host is: "fv-az573-760/10.1.0.75"; destination host is: "localhost":35797; : java.io.EOFException; For more details see:  http://wiki.apache.org/hadoop/EOFException, while invoking $Proxy55.submitRequest over nodeId=omNode-1,nodeAddress=127.0.0.1:35797. Trying to failover immediately.
2022-10-18 03:53:48,809 [Listener at 127.0.0.1/45489] INFO  retry.RetryInvocationHandler (RetryInvocationHandler.java:log(411)) - com.google.protobuf.ServiceException: org.apache.hadoop.ipc.RemoteException(org.apache.hadoop.ozone.om.exceptions.OMNotLeaderException): OM:omNode-2 is not the leader. Could not determine the leader node.
	at org.apache.hadoop.ozone.om.OzoneManager.checkLeaderStatus(OzoneManager.java:4115)
	at org.apache.hadoop.ozone.om.ratis.utils.OzoneManagerRatisUtils.checkLeaderStatus(OzoneManagerRatisUtils.java:446)
	at org.apache.hadoop.ozone.protocolPB.OzoneManagerProtocolServerSideTranslatorPB.processRequest(OzoneManagerProtocolServerSideTranslatorPB.java:181)
	at org.apache.hadoop.hdds.server.OzoneProtocolMessageDispatcher.processRequest(OzoneProtocolMessageDispatcher.java:87)
	at org.apache.hadoop.ozone.protocolPB.OzoneManagerProtocolServerSideTranslatorPB.submitRequest(OzoneManagerProtocolServerSideTranslatorPB.java:147)
	at org.apache.hadoop.ozone.protocol.proto.OzoneManagerProtocolProtos$OzoneManagerService$2.callBlockingMethod(OzoneManagerProtocolProtos.java)
	at org.apache.hadoop.ipc.ProtobufRpcEngine$Server.processCall(ProtobufRpcEngine.java:465)
	at org.apache.hadoop.ipc.ProtobufRpcEngine2$Server$ProtoBufRpcInvoker.call(ProtobufRpcEngine2.java:578)
	at org.apache.hadoop.ipc.ProtobufRpcEngine2$Server$ProtoBufRpcInvoker.call(ProtobufRpcEngine2.java:556)
	at org.apache.hadoop.ipc.RPC$Server.call(RPC.java:1093)
	at org.apache.hadoop.ipc.Server$RpcCall.run(Server.java:1043)
	at org.apache.hadoop.ipc.Server$RpcCall.run(Server.java:971)
	at java.security.AccessController.doPrivileged(Native Method)
	at javax.security.auth.Subject.doAs(Subject.java:422)
	at org.apache.hadoop.security.UserGroupInformation.doAs(UserGroupInformation.java:1878)
	at org.apache.hadoop.ipc.Server$Handler.run(Server.java:2976)
, while invoking $Proxy55.submitRequest over nodeId=omNode-2,nodeAddress=127.0.0.1:37159 after 1 failover attempts. Trying to failover immediately.
2022-10-18 03:53:48,827 [grpc-default-executor-0] WARN  server.GrpcLogAppender (LogUtils.java:warn(122)) - omNode-3@group-523986131536->omNode-1-AppendLogResponseHandler: Failed appendEntries: org.apache.ratis.thirdparty.io.grpc.StatusRuntimeException: UNAVAILABLE: io exception
2022-10-18 03:53:48,828 [grpc-default-executor-0] WARN  server.GrpcLogAppender (GrpcLogAppender.java:resetClient(111)) - omNode-3@group-523986131536->omNode-1-GrpcLogAppender: Leader has not got in touch with Follower omNode-3@group-523986131536->omNode-1(c-1,m0,n24, attendVote=true, lastRpcSendTime=0, lastRpcResponseTime=7529) yet, just keep nextIndex unchanged and retry.
2022-10-18 03:53:48,840 [grpc-default-executor-2] WARN  server.GrpcLogAppender (LogUtils.java:warn(122)) - omNode-3@group-523986131536->omNode-1-AppendLogResponseHandler: Failed appendEntries: org.apache.ratis.thirdparty.io.grpc.StatusRuntimeException: UNAVAILABLE: io exception
2022-10-18 03:53:48,842 [grpc-default-executor-2] WARN  server.GrpcLogAppender (GrpcLogAppender.java:resetClient(111)) - omNode-3@group-523986131536->omNode-1-GrpcLogAppender: Leader has not got in touch with Follower omNode-3@group-523986131536->omNode-1(c-1,m0,n25, attendVote=true, lastRpcSendTime=1, lastRpcResponseTime=7543) yet, just keep nextIndex unchanged and retry.
2022-10-18 03:53:48,863 [grpc-default-executor-0] WARN  server.GrpcLogAppender (LogUtils.java:warn(122)) - omNode-3@group-523986131536->omNode-1-AppendLogResponseHandler: Failed appendEntries: org.apache.ratis.thirdparty.io.grpc.StatusRuntimeException: UNAVAILABLE: io exception
2022-10-18 03:53:48,864 [grpc-default-executor-0] WARN  server.GrpcLogAppender (GrpcLogAppender.java:resetClient(111)) - omNode-3@group-523986131536->omNode-1-GrpcLogAppender: Leader has not got in touch with Follower omNode-3@group-523986131536->omNode-1(c-1,m0,n26, attendVote=true, lastRpcSendTime=0, lastRpcResponseTime=7565) yet, just keep nextIndex unchanged and retry.
2022-10-18 03:53:48,871 [grpc-default-executor-0] WARN  server.GrpcLogAppender (LogUtils.java:warn(122)) - omNode-3@group-523986131536->omNode-1-AppendLogResponseHandler: Failed appendEntries: org.apache.ratis.thirdparty.io.grpc.StatusRuntimeException: UNAVAILABLE: io exception
2022-10-18 03:53:48,871 [grpc-default-executor-0] WARN  server.GrpcLogAppender (GrpcLogAppender.java:resetClient(111)) - omNode-3@group-523986131536->omNode-1-GrpcLogAppender: Leader has not got in touch with Follower omNode-3@group-523986131536->omNode-1(c-1,m0,n27, attendVote=true, lastRpcSendTime=8, lastRpcResponseTime=7572) yet, just keep nextIndex unchanged and retry.
2022-10-18 03:53:49,033 [grpc-default-executor-0] WARN  server.GrpcLogAppender (LogUtils.java:warn(122)) - omNode-3@group-523986131536->omNode-1-AppendLogResponseHandler: Failed appendEntries: org.apache.ratis.thirdparty.io.grpc.StatusRuntimeException: UNAVAILABLE: io exception
2022-10-18 03:53:49,034 [grpc-default-executor-0] WARN  server.GrpcLogAppender (GrpcLogAppender.java:resetClient(111)) - omNode-3@group-523986131536->omNode-1-GrpcLogAppender: Leader has not got in touch with Follower omNode-3@group-523986131536->omNode-1(c-1,m0,n27, attendVote=true, lastRpcSendTime=2, lastRpcResponseTime=7735) yet, just keep nextIndex unchanged and retry.
2022-10-18 03:53:49,037 [grpc-default-executor-2] WARN  server.GrpcLogAppender (LogUtils.java:warn(122)) - omNode-3@group-523986131536->omNode-1-AppendLogResponseHandler: Failed appendEntries: org.apache.ratis.thirdparty.io.grpc.StatusRuntimeException: UNAVAILABLE: io exception
2022-10-18 03:53:49,037 [grpc-default-executor-2] WARN  server.GrpcLogAppender (GrpcLogAppender.java:resetClient(111)) - omNode-3@group-523986131536->omNode-1-GrpcLogAppender: Leader has not got in touch with Follower omNode-3@group-523986131536->omNode-1(c-1,m0,n28, attendVote=true, lastRpcSendTime=5, lastRpcResponseTime=7738) yet, just keep nextIndex unchanged and retry.
2022-10-18 03:53:49,050 [grpc-default-executor-0] WARN  server.GrpcLogAppender (LogUtils.java:warn(122)) - omNode-3@group-523986131536->omNode-1-AppendLogResponseHandler: Failed appendEntries: org.apache.ratis.thirdparty.io.grpc.StatusRuntimeException: UNAVAILABLE: io exception
2022-10-18 03:53:49,051 [grpc-default-executor-0] WARN  server.GrpcLogAppender (GrpcLogAppender.java:resetClient(111)) - omNode-3@group-523986131536->omNode-1-GrpcLogAppender: Leader has not got in touch with Follower omNode-3@group-523986131536->omNode-1(c-1,m0,n29, attendVote=true, lastRpcSendTime=12, lastRpcResponseTime=7752) yet, just keep nextIndex unchanged and retry.
2022-10-18 03:53:49,054 [grpc-default-executor-0] WARN  server.GrpcLogAppender (LogUtils.java:warn(122)) - omNode-3@group-523986131536->omNode-1-AppendLogResponseHandler: Failed appendEntries: org.apache.ratis.thirdparty.io.grpc.StatusRuntimeException: UNAVAILABLE: io exception
2022-10-18 03:53:49,055 [grpc-default-executor-0] WARN  server.GrpcLogAppender (GrpcLogAppender.java:resetClient(111)) - omNode-3@group-523986131536->omNode-1-GrpcLogAppender: Leader has not got in touch with Follower omNode-3@group-523986131536->omNode-1(c-1,m0,n30, attendVote=true, lastRpcSendTime=2, lastRpcResponseTime=7755) yet, just keep nextIndex unchanged and retry.
2022-10-18 03:53:49,078 [grpc-default-executor-0] WARN  server.GrpcLogAppender (LogUtils.java:warn(122)) - omNode-3@group-523986131536->omNode-1-AppendLogResponseHandler: Failed appendEntries: org.apache.ratis.thirdparty.io.grpc.StatusRuntimeException: UNAVAILABLE: io exception
2022-10-18 03:53:49,079 [grpc-default-executor-0] WARN  server.GrpcLogAppender (GrpcLogAppender.java:resetClient(111)) - omNode-3@group-523986131536->omNode-1-GrpcLogAppender: Leader has not got in touch with Follower omNode-3@group-523986131536->omNode-1(c-1,m0,n31, attendVote=true, lastRpcSendTime=0, lastRpcResponseTime=7780) yet, just keep nextIndex unchanged and retry.
2022-10-18 03:53:49,166 [Listener at 127.0.0.1/45489] INFO  om.OzoneManager (OzoneManager.java:stop(2034)) - omNode-3[localhost:45489]: Stopping Ozone Manager
2022-10-18 03:53:49,167 [Listener at 127.0.0.1/45489] INFO  ipc.Server (Server.java:stop(3428)) - Stopping server on 45489
2022-10-18 03:53:49,179 [IPC Server Responder] INFO  ipc.Server (Server.java:run(1517)) - Stopping IPC Server Responder
2022-10-18 03:53:49,183 [IPC Server listener on 45489] INFO  ipc.Server (Server.java:run(1384)) - Stopping IPC Server listener on 45489
2022-10-18 03:53:49,183 [Listener at 127.0.0.1/45489] INFO  server.RaftServer (RaftServerProxy.java:lambda$close$7(398)) - omNode-3: close
2022-10-18 03:53:49,184 [Listener at 127.0.0.1/45489] INFO  server.RaftServer$Division (RaftServerImpl.java:lambda$close$4(434)) - omNode-3@group-523986131536: shutdown
2022-10-18 03:53:49,184 [Listener at 127.0.0.1/45489] INFO  util.JmxRegister (JmxRegister.java:unregister(73)) - Successfully un-registered JMX Bean with object name Ratis:service=RaftServer,group=group-523986131536,id=omNode-3
2022-10-18 03:53:49,184 [Listener at 127.0.0.1/45489] INFO  impl.RoleInfo (RoleInfo.java:shutdownLeaderState(93)) - omNode-3: shutdown omNode-3@group-523986131536-LeaderStateImpl
2022-10-18 03:53:49,185 [Listener at 127.0.0.1/45489] INFO  impl.PendingRequests (PendingRequests.java:sendNotLeaderResponses(282)) - omNode-3@group-523986131536-PendingRequests: sendNotLeaderResponses
2022-10-18 03:53:49,185 [omNode-3@group-523986131536->omNode-2-GrpcLogAppender-LogAppenderDaemon] WARN  server.GrpcLogAppender (GrpcLogAppender.java:mayWait(171)) - omNode-3@group-523986131536->omNode-2-GrpcLogAppender: Wait interrupted by java.lang.InterruptedException
2022-10-18 03:53:49,186 [grpc-default-executor-2] INFO  server.GrpcServerProtocolService (GrpcServerProtocolService.java:onCompleted(140)) - omNode-2: Completed APPEND_ENTRIES, lastRequest: omNode-3->omNode-2#89-t3,previous=(t:3, i:29),leaderCommit=29,initializing? true,entries: size=1, first=(t:3, i:30), METADATAENTRY(c:29)
2022-10-18 03:53:49,190 [grpc-default-executor-0] INFO  server.GrpcLogAppender (GrpcLogAppender.java:onCompleted(339)) - omNode-3@group-523986131536->omNode-2-AppendLogResponseHandler: follower responses appendEntries COMPLETED
2022-10-18 03:53:49,191 [grpc-default-executor-0] INFO  leader.FollowerInfo (FollowerInfoImpl.java:lambda$new$0(48)) - omNode-3@group-523986131536->omNode-2: nextIndex: updateUnconditionally 31 -> 30
2022-10-18 03:53:49,191 [Listener at 127.0.0.1/45489] INFO  impl.StateMachineUpdater (StateMachineUpdater.java:stopAndJoin(153)) - omNode-3@group-523986131536-StateMachineUpdater: set stopIndex = 30
2022-10-18 03:53:49,192 [omNode-3@group-523986131536-StateMachineUpdater] INFO  ratis.OzoneManagerStateMachine (OzoneManagerStateMachine.java:takeSnapshot(441)) - Current Snapshot Index (t:3, i:30)
2022-10-18 03:53:49,192 [omNode-3@group-523986131536-StateMachineUpdater] INFO  impl.StateMachineUpdater (StateMachineUpdater.java:takeSnapshot(287)) - omNode-3@group-523986131536-StateMachineUpdater: Took a snapshot at index 30
2022-10-18 03:53:49,192 [omNode-3@group-523986131536-StateMachineUpdater] INFO  impl.StateMachineUpdater (StateMachineUpdater.java:lambda$new$0(92)) - omNode-3@group-523986131536-StateMachineUpdater: snapshotIndex: updateIncreasingly -1 -> 30
2022-10-18 03:53:49,192 [omNode-3@group-523986131536-StateMachineUpdater] INFO  ratis.OzoneManagerStateMachine (OzoneManagerStateMachine.java:close(495)) - StateMachine has shutdown. Shutdown OzoneManager if not already shutdown.
2022-10-18 03:53:49,192 [omNode-3@group-523986131536-StateMachineUpdater] INFO  ratis.OzoneManagerDoubleBuffer (OzoneManagerDoubleBuffer.java:stop(466)) - Stopping OMDoubleBuffer flush thread
2022-10-18 03:53:49,193 [OMDoubleBufferFlushThread] INFO  ratis.OzoneManagerDoubleBuffer (OzoneManagerDoubleBuffer.java:flushTransactions(385)) - OMDoubleBuffer flush thread OMDoubleBufferFlushThread is interrupted and will exit.
2022-10-18 03:53:49,193 [Listener at 127.0.0.1/45489] INFO  server.RaftServer$Division (ServerState.java:close(429)) - omNode-3@group-523986131536: closes. applyIndex: 30
2022-10-18 03:53:49,194 [omNode-3@group-523986131536-SegmentedRaftLogWorker] INFO  segmented.SegmentedRaftLogWorker (SegmentedRaftLogWorker.java:run(336)) - omNode-3@group-523986131536-SegmentedRaftLogWorker was interrupted, exiting. There are 0 tasks remaining in the queue.
2022-10-18 03:53:49,196 [Listener at 127.0.0.1/45489] INFO  segmented.SegmentedRaftLogWorker (SegmentedRaftLogWorker.java:close(246)) - omNode-3@group-523986131536-SegmentedRaftLogWorker close()
2022-10-18 03:53:49,197 [Listener at 127.0.0.1/45489] INFO  server.GrpcService (GrpcService.java:closeImpl(269)) - omNode-3: shutdown server with port 44279 now
2022-10-18 03:53:49,213 [Listener at 127.0.0.1/45489] INFO  server.GrpcService (GrpcService.java:closeImpl(278)) - omNode-3: shutdown server with port 44279 successfully
2022-10-18 03:53:49,214 [org.apache.ratis.util.JvmPauseMonitor$$Lambda$703/726954313@1107df15] INFO  util.JvmPauseMonitor (JvmPauseMonitor.java:run(109)) - JvmPauseMonitor-omNode-3: Stopped
2022-10-18 03:53:49,214 [Listener at 127.0.0.1/45489] INFO  ratis.OzoneManagerStateMachine (OzoneManagerStateMachine.java:close(495)) - StateMachine has shutdown. Shutdown OzoneManager if not already shutdown.
2022-10-18 03:53:49,214 [Listener at 127.0.0.1/45489] INFO  ratis.OzoneManagerDoubleBuffer (OzoneManagerDoubleBuffer.java:stop(478)) - OMDoubleBuffer flush thread is not running.
2022-10-18 03:53:49,214 [Listener at 127.0.0.1/45489] INFO  utils.BackgroundService (BackgroundService.java:shutdown(141)) - Shutting down service KeyDeletingService
2022-10-18 03:53:49,215 [Listener at 127.0.0.1/45489] INFO  utils.BackgroundService (BackgroundService.java:shutdown(141)) - Shutting down service DirectoryDeletingService
2022-10-18 03:53:49,215 [Listener at 127.0.0.1/45489] INFO  utils.BackgroundService (BackgroundService.java:shutdown(141)) - Shutting down service OpenKeyCleanupService
2022-10-18 03:53:49,216 [Listener at 127.0.0.1/45489] INFO  handler.ContextHandler (ContextHandler.java:doStop(1153)) - Stopped o.e.j.w.WebAppContext@3c042ee3{ozoneManager,/,null,STOPPED}{file:/home/runner/work/ozone/ozone/hadoop-ozone/integration-test/target/test-classes/webapps/ozoneManager}
2022-10-18 03:53:49,217 [Listener at 127.0.0.1/45489] INFO  server.AbstractConnector (AbstractConnector.java:doStop(381)) - Stopped ServerConnector@23d3c1d1{HTTP/1.1, (http/1.1)}{0.0.0.0:34765}
2022-10-18 03:53:49,217 [Listener at 127.0.0.1/45489] INFO  server.session (HouseKeeper.java:stopScavenging(149)) - node0 Stopped scavenging
2022-10-18 03:53:49,218 [Listener at 127.0.0.1/45489] INFO  handler.ContextHandler (ContextHandler.java:doStop(1153)) - Stopped o.e.j.s.ServletContextHandler@1881fb7d{static,/static,file:///home/runner/work/ozone/ozone/hadoop-ozone/integration-test/target/test-classes/webapps/static,STOPPED}
2022-10-18 03:53:49,218 [Listener at 127.0.0.1/45489] INFO  handler.ContextHandler (ContextHandler.java:doStop(1153)) - Stopped o.e.j.s.ServletContextHandler@7fabe964{logs,/logs,file:///home/runner/work/ozone/ozone/hadoop-ozone/integration-test/target/log,STOPPED}
2022-10-18 03:53:49,221 [Listener at 127.0.0.1/45489] INFO  om.OzoneManager (OzoneManager.java:restart(1571)) - OzoneManager RPC server is listening at localhost/127.0.0.1:45489
2022-10-18 03:53:49,221 [Listener at 127.0.0.1/45489] INFO  impl.MetricsSystemImpl (MetricsSystemImpl.java:init(158)) - OzoneManager metrics system started (again)
2022-10-18 03:53:49,234 [Listener at 127.0.0.1/45489] WARN  server.ServerUtils (ServerUtils.java:getDBPath(225)) - ozone.om.db.dirs is not configured. We recommend adding this setting. Falling back to ozone.metadata.dirs instead.
2022-10-18 03:53:49,235 [Listener at 127.0.0.1/45489] INFO  codec.OmKeyInfoCodec (OmKeyInfoCodec.java:<init>(49)) - OmKeyInfoCodec ignorePipeline = true
2022-10-18 03:53:49,235 [Listener at 127.0.0.1/45489] INFO  codec.RepeatedOmKeyInfoCodec (RepeatedOmKeyInfoCodec.java:<init>(41)) - RepeatedOmKeyInfoCodec ignorePipeline = true
2022-10-18 03:53:49,293 [Listener at 127.0.0.1/45489] INFO  om.OzoneManager (OzoneManager.java:instantiateServices(712)) - S3 Multi-Tenancy is disabled
2022-10-18 03:53:49,308 [Listener at 127.0.0.1/45489] WARN  server.ServerUtils (ServerUtils.java:getDefaultRatisDirectory(237)) - Storage directory for Ratis is not configured. It is a good idea to map this to an SSD disk. Falling back to ozone.metadata.dirs
2022-10-18 03:53:49,309 [Listener at 127.0.0.1/45489] INFO  ratis.OzoneManagerRatisServer (OzoneManagerRatisServer.java:<init>(160)) - Instantiating OM Ratis server with groupID: om-service-test1 and peers: localhost:44279, localhost:42747, localhost:37241
2022-10-18 03:53:49,310 [Listener at 127.0.0.1/45489] INFO  ratis.OzoneManagerStateMachine (OzoneManagerStateMachine.java:loadSnapshotInfoFromDB(632)) - LastAppliedIndex is set from TransactionInfo from OM DB as (t:3, i:30)
2022-10-18 03:53:49,314 [Listener at 127.0.0.1/45489] INFO  server.RaftServer (ConfUtils.java:logGet(46)) - raft.rpc.type = GRPC (default)
2022-10-18 03:53:49,314 [Listener at 127.0.0.1/45489] INFO  grpc.GrpcFactory (GrpcFactory.java:checkPooledByteBufAllocatorUseCacheForAllThreads(48)) - PERFORMANCE WARNING: useCacheForAllThreads is true that may cause Netty to create a lot garbage objects and, as a result, trigger GC.
	It is recommended to disable useCacheForAllThreads by setting -Dorg.apache.ratis.thirdparty.io.netty.allocator.useCacheForAllThreads=false in command line.
2022-10-18 03:53:49,314 [Listener at 127.0.0.1/45489] INFO  grpc.GrpcConfigKeys (ConfUtils.java:logGet(46)) - raft.grpc.admin.port = -1 (default)
2022-10-18 03:53:49,314 [Listener at 127.0.0.1/45489] INFO  grpc.GrpcConfigKeys (ConfUtils.java:logGet(46)) - raft.grpc.server.port = 44279 (custom)
2022-10-18 03:53:49,315 [Listener at 127.0.0.1/45489] INFO  grpc.GrpcConfigKeys (ConfUtils.java:logGet(46)) - raft.grpc.client.port = -1 (default)
2022-10-18 03:53:49,315 [Listener at 127.0.0.1/45489] INFO  grpc.GrpcConfigKeys (ConfUtils.java:logGet(46)) - raft.grpc.server.port = 44279 (custom)
2022-10-18 03:53:49,315 [Listener at 127.0.0.1/45489] INFO  grpc.GrpcConfigKeys (ConfUtils.java:logGet(46)) - raft.grpc.server.port = 44279 (custom)
2022-10-18 03:53:49,315 [Listener at 127.0.0.1/45489] INFO  server.GrpcService (ConfUtils.java:logGet(46)) - raft.grpc.message.size.max = 33554432 (custom)
2022-10-18 03:53:49,315 [Listener at 127.0.0.1/45489] INFO  server.RaftServerConfigKeys (ConfUtils.java:logGet(46)) - raft.server.log.appender.buffer.byte-limit = 33554432 (custom)
2022-10-18 03:53:49,316 [Listener at 127.0.0.1/45489] INFO  server.GrpcService (ConfUtils.java:logGet(46)) - raft.grpc.flow.control.window = 1MB (=1048576) (default)
2022-10-18 03:53:49,316 [Listener at 127.0.0.1/45489] INFO  server.RaftServerConfigKeys (ConfUtils.java:logGet(46)) - raft.server.rpc.request.timeout = 3000ms (default)
2022-10-18 03:53:49,316 [Listener at 127.0.0.1/45489] INFO  grpc.GrpcConfigKeys (ConfUtils.java:logGet(46)) - raft.grpc.server.async.request.thread.pool.cached = true (default)
2022-10-18 03:53:49,316 [Listener at 127.0.0.1/45489] INFO  grpc.GrpcConfigKeys (ConfUtils.java:logGet(46)) - raft.grpc.server.async.request.thread.pool.size = 32 (default)
2022-10-18 03:53:49,318 [Listener at 127.0.0.1/45489] INFO  impl.DataStreamServerImpl (ConfUtils.java:logGet(46)) - raft.datastream.type = DISABLED (default)
2022-10-18 03:53:49,318 [Listener at 127.0.0.1/45489] INFO  server.RaftServerConfigKeys (ConfUtils.java:logGet(46)) - raft.server.threadpool.proxy.cached = true (default)
2022-10-18 03:53:49,318 [Listener at 127.0.0.1/45489] INFO  server.RaftServerConfigKeys (ConfUtils.java:logGet(46)) - raft.server.threadpool.proxy.size = 0 (default)
2022-10-18 03:53:49,318 [Listener at 127.0.0.1/45489] INFO  server.RaftServerConfigKeys (ConfUtils.java:logGet(46)) - raft.server.rpc.slowness.timeout = 2s (custom)
2022-10-18 03:53:49,318 [Listener at 127.0.0.1/45489] INFO  server.RaftServerConfigKeys (ConfUtils.java:logGet(46)) - raft.server.leaderelection.leader.step-down.wait-time = 10s (default)
2022-10-18 03:53:49,319 [Listener at 127.0.0.1/45489] INFO  server.RaftServerConfigKeys (ConfUtils.java:logGet(46)) - raft.server.storage.dir = [/home/runner/work/ozone/ozone/hadoop-ozone/integration-test/target/test-dir/MiniOzoneClusterImpl-5cdafbed-51d9-4f54-a43e-7c7e014ba032/omNode-3/ratis] (custom)
2022-10-18 03:53:49,319 [omNode-3-impl-thread1] INFO  server.RaftServer (RaftServerProxy.java:initGroupDir(247)) - omNode-3: found a subdirectory /home/runner/work/ozone/ozone/hadoop-ozone/integration-test/target/test-dir/MiniOzoneClusterImpl-5cdafbed-51d9-4f54-a43e-7c7e014ba032/omNode-3/ratis/c9bc4cf4-3bc3-3c60-a66b-523986131536
2022-10-18 03:53:49,319 [Listener at 127.0.0.1/45489] INFO  server.RaftServer (RaftServerProxy.java:addNew(96)) - omNode-3: addNew group-523986131536:[omNode-3|rpc:localhost:44279|priority:0, omNode-1|rpc:localhost:42747|priority:0, omNode-2|rpc:localhost:37241|priority:0] returns group-523986131536:java.util.concurrent.CompletableFuture@7767c493[Not completed]
2022-10-18 03:53:49,320 [pool-232-thread-1] INFO  server.RaftServer$Division (RaftServerImpl.java:<init>(190)) - omNode-3: new RaftServerImpl for group-523986131536:[omNode-3|rpc:localhost:44279|priority:0, omNode-1|rpc:localhost:42747|priority:0, omNode-2|rpc:localhost:37241|priority:0] with OzoneManagerStateMachine:uninitialized
2022-10-18 03:53:49,320 [Listener at 127.0.0.1/45489] INFO  om.OzoneManager (OzoneManager.java:initializeRatisServer(1975)) - OzoneManager Ratis server initialized at port 44279
2022-10-18 03:53:49,320 [pool-232-thread-1] INFO  server.RaftServerConfigKeys (ConfUtils.java:logGet(46)) - raft.server.rpc.timeout.min = 1s (custom)
2022-10-18 03:53:49,320 [Listener at 127.0.0.1/45489] INFO  ratis.OzoneManagerRatisServer (OzoneManagerRatisServer.java:start(555)) - Starting OzoneManagerRatisServer omNode-3 at port 44279
2022-10-18 03:53:49,320 [pool-232-thread-1] INFO  server.RaftServerConfigKeys (ConfUtils.java:logGet(46)) - raft.server.rpc.timeout.max = 1200ms (custom)
2022-10-18 03:53:49,320 [pool-232-thread-1] INFO  server.RaftServerConfigKeys (ConfUtils.java:logGet(46)) - raft.server.rpc.sleep.time = 25ms (default)
2022-10-18 03:53:49,320 [pool-232-thread-1] INFO  server.RaftServerConfigKeys (ConfUtils.java:logGet(46)) - raft.server.rpc.slowness.timeout = 2s (custom)
2022-10-18 03:53:49,320 [pool-232-thread-1] INFO  server.RaftServerConfigKeys (ConfUtils.java:logGet(46)) - raft.server.leaderelection.leader.step-down.wait-time = 10s (default)
2022-10-18 03:53:49,320 [pool-232-thread-1] INFO  server.RaftServerConfigKeys (ConfUtils.java:logGet(46)) - raft.server.sleep.deviation.threshold = 300ms (default)
2022-10-18 03:53:49,321 [pool-232-thread-1] INFO  server.RaftServer$Division (ServerState.java:<init>(107)) - omNode-3@group-523986131536: ConfigurationManager, init=-1: [omNode-3|rpc:localhost:44279|priority:0, omNode-1|rpc:localhost:42747|priority:0, omNode-2|rpc:localhost:37241|priority:0], old=null, confs=<EMPTY_MAP>
2022-10-18 03:53:49,321 [pool-232-thread-1] INFO  server.RaftServerConfigKeys (ConfUtils.java:logGet(46)) - raft.server.storage.dir = [/home/runner/work/ozone/ozone/hadoop-ozone/integration-test/target/test-dir/MiniOzoneClusterImpl-5cdafbed-51d9-4f54-a43e-7c7e014ba032/omNode-3/ratis] (custom)
2022-10-18 03:53:49,321 [pool-232-thread-1] INFO  server.RaftServerConfigKeys (ConfUtils.java:logGet(46)) - raft.server.log.corruption.policy = EXCEPTION (default)
2022-10-18 03:53:49,323 [pool-232-thread-1] INFO  server.RaftServerConfigKeys (ConfUtils.java:logGet(46)) - raft.server.storage.free-space.min = 0MB (=0) (default)
2022-10-18 03:53:49,324 [pool-232-thread-1] INFO  storage.RaftStorageDirectory (RaftStorageDirectoryImpl.java:tryLock(230)) - Lock on /home/runner/work/ozone/ozone/hadoop-ozone/integration-test/target/test-dir/MiniOzoneClusterImpl-5cdafbed-51d9-4f54-a43e-7c7e014ba032/omNode-3/ratis/c9bc4cf4-3bc3-3c60-a66b-523986131536/in_use.lock acquired by nodename 30743@fv-az573-760
2022-10-18 03:53:49,325 [pool-232-thread-1] INFO  storage.RaftStorage (RaftStorageImpl.java:analyzeAndRecoverStorage(110)) - Read RaftStorageMetadata{term=3, votedFor=omNode-3} from /home/runner/work/ozone/ozone/hadoop-ozone/integration-test/target/test-dir/MiniOzoneClusterImpl-5cdafbed-51d9-4f54-a43e-7c7e014ba032/omNode-3/ratis/c9bc4cf4-3bc3-3c60-a66b-523986131536/current/raft-meta
2022-10-18 03:53:49,327 [pool-232-thread-1] INFO  server.RaftServer$Division (ServerState.java:setRaftConf(393)) - omNode-3@group-523986131536: set configuration 21: [omNode-3|rpc:localhost:44279|admin:|client:|dataStream:|priority:0, omNode-1|rpc:localhost:42747|admin:|client:|dataStream:|priority:0, omNode-2|rpc:localhost:37241|admin:|client:|dataStream:|priority:0], old=null
2022-10-18 03:53:49,327 [pool-232-thread-1] INFO  server.RaftServerConfigKeys (ConfUtils.java:logGet(46)) - raft.server.notification.no-leader.timeout = 2s (custom)
2022-10-18 03:53:49,327 [pool-232-thread-1] INFO  server.RaftServerConfigKeys (ConfUtils.java:logGet(46)) - raft.server.log.use.memory = false (default)
2022-10-18 03:53:49,327 [pool-232-thread-1] INFO  server.RaftServerConfigKeys (ConfUtils.java:logGet(46)) - raft.server.log.purge.gap = 50 (custom)
2022-10-18 03:53:49,327 [pool-232-thread-1] INFO  server.RaftServerConfigKeys (ConfUtils.java:logGet(46)) - raft.server.log.appender.buffer.byte-limit = 33554432 (custom)
2022-10-18 03:53:49,327 [pool-232-thread-1] INFO  server.RaftServerConfigKeys (ConfUtils.java:logGet(46)) - raft.server.log.statemachine.data.read.timeout = 1000ms (default)
2022-10-18 03:53:49,327 [pool-232-thread-1] INFO  server.RaftServerConfigKeys (ConfUtils.java:logGet(46)) - raft.server.log.segment.size.max = 4194304 (custom)
2022-10-18 03:53:49,328 [pool-232-thread-1] INFO  server.RaftServerConfigKeys (ConfUtils.java:logGet(46)) - raft.server.log.segment.cache.num.max = 2 (custom)
2022-10-18 03:53:49,328 [pool-232-thread-1] INFO  server.RaftServerConfigKeys (ConfUtils.java:logGet(46)) - raft.server.log.segment.cache.size.max = 200MB (=209715200) (default)
2022-10-18 03:53:49,328 [pool-232-thread-1] INFO  segmented.SegmentedRaftLogWorker (SegmentedRaftLogWorker.java:<init>(187)) - new omNode-3@group-523986131536-SegmentedRaftLogWorker for RaftStorageImpl:Storage Directory /home/runner/work/ozone/ozone/hadoop-ozone/integration-test/target/test-dir/MiniOzoneClusterImpl-5cdafbed-51d9-4f54-a43e-7c7e014ba032/omNode-3/ratis/c9bc4cf4-3bc3-3c60-a66b-523986131536
2022-10-18 03:53:49,328 [pool-232-thread-1] INFO  server.RaftServerConfigKeys (ConfUtils.java:logGet(46)) - raft.server.log.queue.byte-limit = 64MB (=67108864) (default)
2022-10-18 03:53:49,328 [pool-232-thread-1] INFO  server.RaftServerConfigKeys (ConfUtils.java:logGet(46)) - raft.server.log.queue.element-limit = 4096 (default)
2022-10-18 03:53:49,328 [pool-232-thread-1] INFO  server.RaftServerConfigKeys (ConfUtils.java:logGet(46)) - raft.server.log.segment.size.max = 4194304 (custom)
2022-10-18 03:53:49,328 [pool-232-thread-1] INFO  server.RaftServerConfigKeys (ConfUtils.java:logGet(46)) - raft.server.log.preallocated.size = 4194304 (custom)
2022-10-18 03:53:49,328 [pool-232-thread-1] INFO  server.RaftServerConfigKeys (ConfUtils.java:logGet(46)) - raft.server.log.force.sync.num = 128 (default)
2022-10-18 03:53:49,328 [pool-232-thread-1] INFO  server.RaftServerConfigKeys (ConfUtils.java:logGet(46)) - raft.server.log.statemachine.data.sync = true (default)
2022-10-18 03:53:49,328 [pool-232-thread-1] INFO  server.RaftServerConfigKeys (ConfUtils.java:logGet(46)) - raft.server.log.statemachine.data.sync.timeout = 10s (default)
2022-10-18 03:53:49,329 [pool-232-thread-1] INFO  server.RaftServerConfigKeys (ConfUtils.java:logGet(46)) - raft.server.log.statemachine.data.sync.timeout.retry = -1 (default)
2022-10-18 03:53:49,329 [pool-232-thread-1] INFO  server.RaftServerConfigKeys (ConfUtils.java:logGet(46)) - raft.server.log.write.buffer.size = 64KB (=65536) (default)
2022-10-18 03:53:49,329 [pool-232-thread-1] INFO  server.RaftServerConfigKeys (ConfUtils.java:logGet(46)) - raft.server.log.unsafe-flush.enabled = false (default)
2022-10-18 03:53:49,329 [pool-232-thread-1] INFO  server.RaftServerConfigKeys (ConfUtils.java:logGet(46)) - raft.server.log.statemachine.data.caching.enabled = false (default)
2022-10-18 03:53:49,336 [pool-232-thread-1] INFO  server.RaftServer$Division (ServerState.java:setRaftConf(393)) - omNode-3@group-523986131536: set configuration 0: [omNode-3|rpc:localhost:44279|admin:|client:|dataStream:|priority:0, omNode-1|rpc:localhost:42747|admin:|client:|dataStream:|priority:0, omNode-2|rpc:localhost:37241|admin:|client:|dataStream:|priority:0], old=null
2022-10-18 03:53:49,337 [pool-232-thread-1] INFO  segmented.LogSegment (LogSegment.java:loadSegment(173)) - Successfully read 21 entries from segment file /home/runner/work/ozone/ozone/hadoop-ozone/integration-test/target/test-dir/MiniOzoneClusterImpl-5cdafbed-51d9-4f54-a43e-7c7e014ba032/omNode-3/ratis/c9bc4cf4-3bc3-3c60-a66b-523986131536/current/log_0-20
2022-10-18 03:53:49,338 [pool-232-thread-1] INFO  server.RaftServer$Division (ServerState.java:setRaftConf(393)) - omNode-3@group-523986131536: set configuration 21: [omNode-3|rpc:localhost:44279|admin:|client:|dataStream:|priority:0, omNode-1|rpc:localhost:42747|admin:|client:|dataStream:|priority:0, omNode-2|rpc:localhost:37241|admin:|client:|dataStream:|priority:0], old=null
2022-10-18 03:53:49,338 [pool-232-thread-1] INFO  segmented.LogSegment (LogSegment.java:loadSegment(173)) - Successfully read 10 entries from segment file /home/runner/work/ozone/ozone/hadoop-ozone/integration-test/target/test-dir/MiniOzoneClusterImpl-5cdafbed-51d9-4f54-a43e-7c7e014ba032/omNode-3/ratis/c9bc4cf4-3bc3-3c60-a66b-523986131536/current/log_inprogress_21
2022-10-18 03:53:49,339 [pool-232-thread-1] INFO  segmented.SegmentedRaftLogWorker (SegmentedRaftLogWorker.java:lambda$new$0(135)) - omNode-3@group-523986131536-SegmentedRaftLogWorker: flushIndex: setUnconditionally 0 -> 30
2022-10-18 03:53:49,339 [pool-232-thread-1] INFO  segmented.SegmentedRaftLogWorker (SegmentedRaftLogWorker.java:lambda$new$0(135)) - omNode-3@group-523986131536-SegmentedRaftLogWorker: safeCacheEvictIndex: setUnconditionally 0 -> 20
2022-10-18 03:53:49,339 [pool-232-thread-1] INFO  raftlog.RaftLog (RaftLogBase.java:lambda$new$0(53)) - omNode-3@group-523986131536-SegmentedRaftLog: commitIndex: updateToMax old=30, new=29, updated? false
2022-10-18 03:53:49,340 [pool-232-thread-1] INFO  server.RaftServerConfigKeys (ConfUtils.java:logGet(46)) - raft.server.snapshot.auto.trigger.enabled = true (custom)
2022-10-18 03:53:49,340 [pool-232-thread-1] INFO  server.RaftServerConfigKeys (ConfUtils.java:logGet(46)) - raft.server.snapshot.auto.trigger.threshold = 50 (custom)
2022-10-18 03:53:49,340 [pool-232-thread-1] INFO  server.RaftServerConfigKeys (ConfUtils.java:logGet(46)) - raft.server.snapshot.retention.file.num = -1 (default)
2022-10-18 03:53:49,340 [pool-232-thread-1] INFO  server.RaftServerConfigKeys (ConfUtils.java:logGet(46)) - raft.server.log.purge.upto.snapshot.index = true (custom)
2022-10-18 03:53:49,340 [pool-232-thread-1] INFO  server.RaftServerConfigKeys (ConfUtils.java:logGet(46)) - raft.server.retrycache.expirytime = 30000ms (custom)
2022-10-18 03:53:49,340 [pool-232-thread-1] INFO  server.RaftServerConfigKeys (ConfUtils.java:logGet(46)) - raft.server.retrycache.statistics.expirytime = 100μs (default)
2022-10-18 03:53:49,341 [pool-232-thread-1] INFO  server.RaftServerConfigKeys (ConfUtils.java:logGet(46)) - raft.server.log.appender.install.snapshot.enabled = false (custom)
2022-10-18 03:53:49,341 [pool-232-thread-1] INFO  server.RaftServerConfigKeys (ConfUtils.java:logGet(46)) - raft.server.threadpool.server.cached = true (default)
2022-10-18 03:53:49,341 [pool-232-thread-1] INFO  server.RaftServerConfigKeys (ConfUtils.java:logGet(46)) - raft.server.threadpool.server.size = 0 (default)
2022-10-18 03:53:49,341 [pool-232-thread-1] INFO  server.RaftServerConfigKeys (ConfUtils.java:logGet(46)) - raft.server.threadpool.client.cached = true (default)
2022-10-18 03:53:49,341 [pool-232-thread-1] INFO  server.RaftServerConfigKeys (ConfUtils.java:logGet(46)) - raft.server.threadpool.client.size = 0 (default)
2022-10-18 03:53:49,342 [omNode-3-impl-thread1] INFO  server.RaftServer$Division (RaftServerImpl.java:start(310)) - omNode-3@group-523986131536: start as a follower, conf=21: [omNode-3|rpc:localhost:44279|admin:|client:|dataStream:|priority:0, omNode-1|rpc:localhost:42747|admin:|client:|dataStream:|priority:0, omNode-2|rpc:localhost:37241|admin:|client:|dataStream:|priority:0], old=null
2022-10-18 03:53:49,342 [omNode-3-impl-thread1] INFO  server.RaftServer$Division (RaftServerImpl.java:setRole(299)) - omNode-3@group-523986131536: changes role from      null to FOLLOWER at term 3 for startAsFollower
2022-10-18 03:53:49,342 [omNode-3-impl-thread1] INFO  impl.RoleInfo (RoleInfo.java:updateAndGet(139)) - omNode-3: start omNode-3@group-523986131536-FollowerState
2022-10-18 03:53:49,342 [omNode-3-impl-thread1] INFO  util.JmxRegister (JmxRegister.java:tryRegister(44)) - Successfully registered JMX Bean with object name Ratis:service=RaftServer,group=group-523986131536,id=omNode-3
2022-10-18 03:53:49,343 [Listener at 127.0.0.1/45489] INFO  server.RaftServer (RaftServerProxy.java:lambda$start$6(382)) - omNode-3: start RPC server
2022-10-18 03:53:49,346 [Listener at 127.0.0.1/45489] INFO  server.GrpcService (GrpcService.java:startImpl(260)) - omNode-3: GrpcService started, listening on 44279
2022-10-18 03:53:49,350 [Listener at 127.0.0.1/45489] INFO  om.OzoneManager (OzoneManager.java:getRpcServer(1101)) - Creating RPC Server
2022-10-18 03:53:49,352 [org.apache.ratis.util.JvmPauseMonitor$$Lambda$703/726954313@13c56b25] INFO  util.JvmPauseMonitor (JvmPauseMonitor.java:run(103)) - JvmPauseMonitor-omNode-3: Started
2022-10-18 03:53:49,749 [Listener at 127.0.0.1/45489] INFO  reflections.Reflections (Reflections.java:scan(232)) - Reflections took 398 ms to scan 19 urls, producing 67 keys and 4238 values [using 2 cores]
2022-10-18 03:53:49,751 [Listener at 127.0.0.1/45489] INFO  ipc.CallQueueManager (CallQueueManager.java:<init>(90)) - Using callQueue: class java.util.concurrent.LinkedBlockingQueue, queueCapacity: 2000, scheduler: class org.apache.hadoop.ipc.DefaultRpcScheduler, ipcBackoff: false.
2022-10-18 03:53:49,752 [Socket Reader #1 for port 45489] INFO  ipc.Server (Server.java:run(1273)) - Starting Socket Reader #1 for port 45489
2022-10-18 03:53:49,759 [Listener at localhost/45489] INFO  http.BaseHttpServer (BaseHttpServer.java:newHttpServer2BuilderForOzone(213)) - Starting Web-server for ozoneManager at: http://0.0.0.0:34765
2022-10-18 03:53:49,759 [Listener at localhost/45489] INFO  http.BaseHttpServer (BaseHttpServer.java:<init>(108)) - Hadoop Security Enabled: false Ozone Security Enabled: false Ozone HTTP Security Enabled: false 
2022-10-18 03:53:49,761 [Listener at localhost/45489] WARN  server.AuthenticationFilter (AuthenticationFilter.java:constructSecretProvider(240)) - Unable to initialize FileSignerSecretProvider, falling back to use random secrets. Reason: Could not read signature secret file: /home/runner/hadoop-http-auth-signature-secret
2022-10-18 03:53:49,762 [Listener at localhost/45489] WARN  http.HttpRequestLog (HttpRequestLog.java:getRequestLog(103)) - Jetty request log can only be enabled using Log4j
2022-10-18 03:53:49,764 [Listener at localhost/45489] INFO  http.HttpServer2 (HttpServer2.java:addGlobalFilter(1031)) - Added global filter 'safety' (class=org.apache.hadoop.hdds.server.http.HttpServer2$QuotingInputFilter)
2022-10-18 03:53:49,764 [Listener at localhost/45489] INFO  http.HttpServer2 (HttpServer2.java:addFilter(1007)) - Added filter static_user_filter (class=org.apache.hadoop.http.lib.StaticUserWebFilter$StaticUserFilter) to context ozoneManager
2022-10-18 03:53:49,765 [Listener at localhost/45489] INFO  http.HttpServer2 (HttpServer2.java:addFilter(1015)) - Added filter static_user_filter (class=org.apache.hadoop.http.lib.StaticUserWebFilter$StaticUserFilter) to context logs
2022-10-18 03:53:49,765 [Listener at localhost/45489] INFO  http.HttpServer2 (HttpServer2.java:addFilter(1015)) - Added filter static_user_filter (class=org.apache.hadoop.http.lib.StaticUserWebFilter$StaticUserFilter) to context static
2022-10-18 03:53:49,766 [Listener at localhost/45489] INFO  http.HttpServer2 (HttpServer2.java:bindListener(1250)) - Jetty bound to port 34765
2022-10-18 03:53:49,766 [Listener at localhost/45489] INFO  server.Server (Server.java:doStart(375)) - jetty-9.4.43.v20210629; built: 2021-06-30T11:07:22.254Z; git: 526006ecfa3af7f1a27ef3a288e2bef7ea9dd7e8; jvm 1.8.0_345-b01
2022-10-18 03:53:49,767 [Listener at localhost/45489] INFO  server.session (DefaultSessionIdManager.java:doStart(334)) - DefaultSessionIdManager workerName=node0
2022-10-18 03:53:49,768 [Listener at localhost/45489] INFO  server.session (DefaultSessionIdManager.java:doStart(339)) - No SessionScavenger set, using defaults
2022-10-18 03:53:49,768 [Listener at localhost/45489] INFO  server.session (HouseKeeper.java:startScavenging(132)) - node0 Scavenging every 660000ms
2022-10-18 03:53:49,769 [Listener at localhost/45489] INFO  handler.ContextHandler (ContextHandler.java:doStart(915)) - Started o.e.j.s.ServletContextHandler@58b6268f{logs,/logs,file:///home/runner/work/ozone/ozone/hadoop-ozone/integration-test/target/log,AVAILABLE}
2022-10-18 03:53:49,769 [Listener at localhost/45489] INFO  handler.ContextHandler (ContextHandler.java:doStart(915)) - Started o.e.j.s.ServletContextHandler@33c17518{static,/static,file:///home/runner/work/ozone/ozone/hadoop-ozone/integration-test/target/test-classes/webapps/static,AVAILABLE}
2022-10-18 03:53:49,776 [Listener at localhost/45489] INFO  handler.ContextHandler (ContextHandler.java:doStart(915)) - Started o.e.j.w.WebAppContext@1161beb2{ozoneManager,/,file:///home/runner/work/ozone/ozone/hadoop-ozone/integration-test/target/test-classes/webapps/ozoneManager/,AVAILABLE}{file:/home/runner/work/ozone/ozone/hadoop-ozone/integration-test/target/test-classes/webapps/ozoneManager}
2022-10-18 03:53:49,779 [Listener at localhost/45489] INFO  server.AbstractConnector (AbstractConnector.java:doStart(331)) - Started ServerConnector@f096b2a{HTTP/1.1, (http/1.1)}{0.0.0.0:34765}
2022-10-18 03:53:49,779 [Listener at localhost/45489] INFO  server.Server (Server.java:doStart(415)) - Started @35467ms
2022-10-18 03:53:49,779 [Listener at localhost/45489] WARN  impl.MetricsSystemImpl (MetricsSystemImpl.java:register(279)) - Sink prometheus already exists!
2022-10-18 03:53:49,780 [Listener at localhost/45489] INFO  http.BaseHttpServer (BaseHttpServer.java:updateConnectorAddress(333)) - HTTP server of ozoneManager listening at http://0.0.0.0:34765
2022-10-18 03:53:49,782 [IPC Server Responder] INFO  ipc.Server (Server.java:run(1512)) - IPC Server Responder: starting
2022-10-18 03:53:49,786 [IPC Server listener on 45489] INFO  ipc.Server (Server.java:run(1352)) - IPC Server listener on 45489: starting
2022-10-18 03:53:49,790 [Listener at localhost/45489] INFO  om.OzoneManager (OzoneManager.java:startTrashEmptier(1919)) - Trash Interval set to 0. Files deleted won't move to trash
2022-10-18 03:53:49,791 [Listener at localhost/45489] INFO  om.OzoneManager (OzoneManager.java:stop(2034)) - omNode-1[localhost:35797]: Stopping Ozone Manager
2022-10-18 03:53:49,791 [org.apache.hadoop.util.JvmPauseMonitor$Monitor@106ec81e] INFO  util.JvmPauseMonitor (JvmPauseMonitor.java:run(188)) - Starting JVM pause monitor
2022-10-18 03:53:49,791 [Listener at localhost/45489] INFO  om.OzoneManager (OzoneManager.java:restart(1571)) - OzoneManager RPC server is listening at localhost/127.0.0.1:35797
2022-10-18 03:53:49,791 [Listener at localhost/45489] INFO  impl.MetricsSystemImpl (MetricsSystemImpl.java:init(158)) - OzoneManager metrics system started (again)
2022-10-18 03:53:49,809 [Listener at localhost/45489] WARN  server.ServerUtils (ServerUtils.java:getDBPath(225)) - ozone.om.db.dirs is not configured. We recommend adding this setting. Falling back to ozone.metadata.dirs instead.
2022-10-18 03:53:49,809 [Listener at localhost/45489] INFO  codec.OmKeyInfoCodec (OmKeyInfoCodec.java:<init>(49)) - OmKeyInfoCodec ignorePipeline = true
2022-10-18 03:53:49,809 [Listener at localhost/45489] INFO  codec.RepeatedOmKeyInfoCodec (RepeatedOmKeyInfoCodec.java:<init>(41)) - RepeatedOmKeyInfoCodec ignorePipeline = true
2022-10-18 03:53:49,853 [Listener at localhost/45489] INFO  om.OzoneManager (OzoneManager.java:instantiateServices(712)) - S3 Multi-Tenancy is disabled
2022-10-18 03:53:49,855 [Listener at localhost/45489] WARN  impl.MetricRegistriesImpl (MetricRegistriesImpl.java:addReporterRegistration(111)) - New reporters are added after registries were created. Some metrics will be missing from the reporter. Please add reporter before adding any new registry.
2022-10-18 03:53:49,855 [Listener at localhost/45489] WARN  impl.MetricRegistriesImpl (MetricRegistriesImpl.java:addReporterRegistration(111)) - New reporters are added after registries were created. Some metrics will be missing from the reporter. Please add reporter before adding any new registry.
2022-10-18 03:53:49,855 [Listener at localhost/45489] WARN  server.ServerUtils (ServerUtils.java:getDefaultRatisDirectory(237)) - Storage directory for Ratis is not configured. It is a good idea to map this to an SSD disk. Falling back to ozone.metadata.dirs
2022-10-18 03:53:49,857 [Listener at localhost/45489] INFO  ratis.OzoneManagerRatisServer (OzoneManagerRatisServer.java:<init>(160)) - Instantiating OM Ratis server with groupID: om-service-test1 and peers: localhost:42747, localhost:44279, localhost:37241
2022-10-18 03:53:49,857 [Listener at localhost/45489] INFO  ratis.OzoneManagerStateMachine (OzoneManagerStateMachine.java:loadSnapshotInfoFromDB(632)) - LastAppliedIndex is set from TransactionInfo from OM DB as (t:2, i:20)
2022-10-18 03:53:49,858 [Listener at localhost/45489] INFO  server.RaftServer (ConfUtils.java:logGet(46)) - raft.rpc.type = GRPC (default)
2022-10-18 03:53:49,858 [Listener at localhost/45489] INFO  grpc.GrpcFactory (GrpcFactory.java:checkPooledByteBufAllocatorUseCacheForAllThreads(48)) - PERFORMANCE WARNING: useCacheForAllThreads is true that may cause Netty to create a lot garbage objects and, as a result, trigger GC.
	It is recommended to disable useCacheForAllThreads by setting -Dorg.apache.ratis.thirdparty.io.netty.allocator.useCacheForAllThreads=false in command line.
2022-10-18 03:53:49,858 [Listener at localhost/45489] INFO  grpc.GrpcConfigKeys (ConfUtils.java:logGet(46)) - raft.grpc.admin.port = -1 (default)
2022-10-18 03:53:49,858 [Listener at localhost/45489] INFO  grpc.GrpcConfigKeys (ConfUtils.java:logGet(46)) - raft.grpc.server.port = 42747 (custom)
2022-10-18 03:53:49,858 [Listener at localhost/45489] INFO  grpc.GrpcConfigKeys (ConfUtils.java:logGet(46)) - raft.grpc.client.port = -1 (default)
2022-10-18 03:53:49,859 [Listener at localhost/45489] INFO  grpc.GrpcConfigKeys (ConfUtils.java:logGet(46)) - raft.grpc.server.port = 42747 (custom)
2022-10-18 03:53:49,859 [Listener at localhost/45489] INFO  grpc.GrpcConfigKeys (ConfUtils.java:logGet(46)) - raft.grpc.server.port = 42747 (custom)
2022-10-18 03:53:49,859 [Listener at localhost/45489] INFO  server.GrpcService (ConfUtils.java:logGet(46)) - raft.grpc.message.size.max = 33554432 (custom)
2022-10-18 03:53:49,859 [Listener at localhost/45489] INFO  server.RaftServerConfigKeys (ConfUtils.java:logGet(46)) - raft.server.log.appender.buffer.byte-limit = 33554432 (custom)
2022-10-18 03:53:49,859 [Listener at localhost/45489] INFO  server.GrpcService (ConfUtils.java:logGet(46)) - raft.grpc.flow.control.window = 1MB (=1048576) (default)
2022-10-18 03:53:49,860 [Listener at localhost/45489] INFO  server.RaftServerConfigKeys (ConfUtils.java:logGet(46)) - raft.server.rpc.request.timeout = 3000ms (default)
2022-10-18 03:53:49,860 [Listener at localhost/45489] INFO  grpc.GrpcConfigKeys (ConfUtils.java:logGet(46)) - raft.grpc.server.async.request.thread.pool.cached = true (default)
2022-10-18 03:53:49,860 [Listener at localhost/45489] INFO  grpc.GrpcConfigKeys (ConfUtils.java:logGet(46)) - raft.grpc.server.async.request.thread.pool.size = 32 (default)
2022-10-18 03:53:49,861 [Listener at localhost/45489] INFO  impl.DataStreamServerImpl (ConfUtils.java:logGet(46)) - raft.datastream.type = DISABLED (default)
2022-10-18 03:53:49,862 [Listener at localhost/45489] INFO  server.RaftServerConfigKeys (ConfUtils.java:logGet(46)) - raft.server.threadpool.proxy.cached = true (default)
2022-10-18 03:53:49,862 [Listener at localhost/45489] INFO  server.RaftServerConfigKeys (ConfUtils.java:logGet(46)) - raft.server.threadpool.proxy.size = 0 (default)
2022-10-18 03:53:49,862 [Listener at localhost/45489] INFO  server.RaftServerConfigKeys (ConfUtils.java:logGet(46)) - raft.server.rpc.slowness.timeout = 2s (custom)
2022-10-18 03:53:49,862 [Listener at localhost/45489] INFO  server.RaftServerConfigKeys (ConfUtils.java:logGet(46)) - raft.server.leaderelection.leader.step-down.wait-time = 10s (default)
2022-10-18 03:53:49,862 [Listener at localhost/45489] INFO  server.RaftServerConfigKeys (ConfUtils.java:logGet(46)) - raft.server.storage.dir = [/home/runner/work/ozone/ozone/hadoop-ozone/integration-test/target/test-dir/MiniOzoneClusterImpl-5cdafbed-51d9-4f54-a43e-7c7e014ba032/omNode-1/ratis] (custom)
2022-10-18 03:53:49,863 [omNode-1-impl-thread1] INFO  server.RaftServer (RaftServerProxy.java:initGroupDir(247)) - omNode-1: found a subdirectory /home/runner/work/ozone/ozone/hadoop-ozone/integration-test/target/test-dir/MiniOzoneClusterImpl-5cdafbed-51d9-4f54-a43e-7c7e014ba032/omNode-1/ratis/c9bc4cf4-3bc3-3c60-a66b-523986131536
2022-10-18 03:53:49,863 [Listener at localhost/45489] INFO  server.RaftServer (RaftServerProxy.java:addNew(96)) - omNode-1: addNew group-523986131536:[omNode-3|rpc:localhost:44279|priority:0, omNode-1|rpc:localhost:42747|priority:0, omNode-2|rpc:localhost:37241|priority:0] returns group-523986131536:java.util.concurrent.CompletableFuture@10a190d1[Not completed]
2022-10-18 03:53:49,864 [pool-256-thread-1] INFO  server.RaftServer$Division (RaftServerImpl.java:<init>(190)) - omNode-1: new RaftServerImpl for group-523986131536:[omNode-3|rpc:localhost:44279|priority:0, omNode-1|rpc:localhost:42747|priority:0, omNode-2|rpc:localhost:37241|priority:0] with OzoneManagerStateMachine:uninitialized
2022-10-18 03:53:49,864 [Listener at localhost/45489] INFO  om.OzoneManager (OzoneManager.java:initializeRatisServer(1975)) - OzoneManager Ratis server initialized at port 42747
2022-10-18 03:53:49,864 [pool-256-thread-1] INFO  server.RaftServerConfigKeys (ConfUtils.java:logGet(46)) - raft.server.rpc.timeout.min = 1s (custom)
2022-10-18 03:53:49,864 [Listener at localhost/45489] INFO  ratis.OzoneManagerRatisServer (OzoneManagerRatisServer.java:start(555)) - Starting OzoneManagerRatisServer omNode-1 at port 42747
2022-10-18 03:53:49,864 [pool-256-thread-1] INFO  server.RaftServerConfigKeys (ConfUtils.java:logGet(46)) - raft.server.rpc.timeout.max = 1200ms (custom)
2022-10-18 03:53:49,864 [pool-256-thread-1] INFO  server.RaftServerConfigKeys (ConfUtils.java:logGet(46)) - raft.server.rpc.sleep.time = 25ms (default)
2022-10-18 03:53:49,864 [pool-256-thread-1] INFO  server.RaftServerConfigKeys (ConfUtils.java:logGet(46)) - raft.server.rpc.slowness.timeout = 2s (custom)
2022-10-18 03:53:49,864 [pool-256-thread-1] INFO  server.RaftServerConfigKeys (ConfUtils.java:logGet(46)) - raft.server.leaderelection.leader.step-down.wait-time = 10s (default)
2022-10-18 03:53:49,864 [pool-256-thread-1] INFO  server.RaftServerConfigKeys (ConfUtils.java:logGet(46)) - raft.server.sleep.deviation.threshold = 300ms (default)
2022-10-18 03:53:49,864 [pool-256-thread-1] INFO  server.RaftServer$Division (ServerState.java:<init>(107)) - omNode-1@group-523986131536: ConfigurationManager, init=-1: [omNode-3|rpc:localhost:44279|priority:0, omNode-1|rpc:localhost:42747|priority:0, omNode-2|rpc:localhost:37241|priority:0], old=null, confs=<EMPTY_MAP>
2022-10-18 03:53:49,865 [pool-256-thread-1] INFO  server.RaftServerConfigKeys (ConfUtils.java:logGet(46)) - raft.server.storage.dir = [/home/runner/work/ozone/ozone/hadoop-ozone/integration-test/target/test-dir/MiniOzoneClusterImpl-5cdafbed-51d9-4f54-a43e-7c7e014ba032/omNode-1/ratis] (custom)
2022-10-18 03:53:49,865 [pool-256-thread-1] INFO  server.RaftServerConfigKeys (ConfUtils.java:logGet(46)) - raft.server.log.corruption.policy = EXCEPTION (default)
2022-10-18 03:53:49,865 [pool-256-thread-1] INFO  server.RaftServerConfigKeys (ConfUtils.java:logGet(46)) - raft.server.storage.free-space.min = 0MB (=0) (default)
2022-10-18 03:53:49,866 [pool-256-thread-1] INFO  storage.RaftStorageDirectory (RaftStorageDirectoryImpl.java:tryLock(230)) - Lock on /home/runner/work/ozone/ozone/hadoop-ozone/integration-test/target/test-dir/MiniOzoneClusterImpl-5cdafbed-51d9-4f54-a43e-7c7e014ba032/omNode-1/ratis/c9bc4cf4-3bc3-3c60-a66b-523986131536/in_use.lock acquired by nodename 30743@fv-az573-760
2022-10-18 03:53:49,866 [pool-256-thread-1] INFO  storage.RaftStorage (RaftStorageImpl.java:analyzeAndRecoverStorage(110)) - Read RaftStorageMetadata{term=2, votedFor=omNode-1} from /home/runner/work/ozone/ozone/hadoop-ozone/integration-test/target/test-dir/MiniOzoneClusterImpl-5cdafbed-51d9-4f54-a43e-7c7e014ba032/omNode-1/ratis/c9bc4cf4-3bc3-3c60-a66b-523986131536/current/raft-meta
2022-10-18 03:53:49,867 [pool-256-thread-1] INFO  server.RaftServer$Division (ServerState.java:setRaftConf(393)) - omNode-1@group-523986131536: set configuration 0: [omNode-3|rpc:localhost:44279|admin:|client:|dataStream:|priority:0, omNode-1|rpc:localhost:42747|admin:|client:|dataStream:|priority:0, omNode-2|rpc:localhost:37241|admin:|client:|dataStream:|priority:0], old=null
2022-10-18 03:53:49,867 [pool-256-thread-1] INFO  server.RaftServerConfigKeys (ConfUtils.java:logGet(46)) - raft.server.notification.no-leader.timeout = 2s (custom)
2022-10-18 03:53:49,867 [pool-256-thread-1] INFO  server.RaftServerConfigKeys (ConfUtils.java:logGet(46)) - raft.server.log.use.memory = false (default)
2022-10-18 03:53:49,867 [pool-256-thread-1] INFO  server.RaftServerConfigKeys (ConfUtils.java:logGet(46)) - raft.server.log.purge.gap = 50 (custom)
2022-10-18 03:53:49,867 [pool-256-thread-1] INFO  server.RaftServerConfigKeys (ConfUtils.java:logGet(46)) - raft.server.log.appender.buffer.byte-limit = 33554432 (custom)
2022-10-18 03:53:49,867 [pool-256-thread-1] INFO  server.RaftServerConfigKeys (ConfUtils.java:logGet(46)) - raft.server.log.statemachine.data.read.timeout = 1000ms (default)
2022-10-18 03:53:49,868 [pool-256-thread-1] INFO  server.RaftServerConfigKeys (ConfUtils.java:logGet(46)) - raft.server.log.segment.size.max = 4194304 (custom)
2022-10-18 03:53:49,869 [pool-256-thread-1] INFO  server.RaftServerConfigKeys (ConfUtils.java:logGet(46)) - raft.server.log.segment.cache.num.max = 2 (custom)
2022-10-18 03:53:49,869 [pool-256-thread-1] INFO  server.RaftServerConfigKeys (ConfUtils.java:logGet(46)) - raft.server.log.segment.cache.size.max = 200MB (=209715200) (default)
2022-10-18 03:53:49,869 [pool-256-thread-1] INFO  segmented.SegmentedRaftLogWorker (SegmentedRaftLogWorker.java:<init>(187)) - new omNode-1@group-523986131536-SegmentedRaftLogWorker for RaftStorageImpl:Storage Directory /home/runner/work/ozone/ozone/hadoop-ozone/integration-test/target/test-dir/MiniOzoneClusterImpl-5cdafbed-51d9-4f54-a43e-7c7e014ba032/omNode-1/ratis/c9bc4cf4-3bc3-3c60-a66b-523986131536
2022-10-18 03:53:49,869 [pool-256-thread-1] INFO  server.RaftServerConfigKeys (ConfUtils.java:logGet(46)) - raft.server.log.queue.byte-limit = 64MB (=67108864) (default)
2022-10-18 03:53:49,869 [pool-256-thread-1] INFO  server.RaftServerConfigKeys (ConfUtils.java:logGet(46)) - raft.server.log.queue.element-limit = 4096 (default)
2022-10-18 03:53:49,869 [pool-256-thread-1] INFO  server.RaftServerConfigKeys (ConfUtils.java:logGet(46)) - raft.server.log.segment.size.max = 4194304 (custom)
2022-10-18 03:53:49,869 [pool-256-thread-1] INFO  server.RaftServerConfigKeys (ConfUtils.java:logGet(46)) - raft.server.log.preallocated.size = 4194304 (custom)
2022-10-18 03:53:49,869 [pool-256-thread-1] INFO  server.RaftServerConfigKeys (ConfUtils.java:logGet(46)) - raft.server.log.force.sync.num = 128 (default)
2022-10-18 03:53:49,869 [pool-256-thread-1] INFO  server.RaftServerConfigKeys (ConfUtils.java:logGet(46)) - raft.server.log.statemachine.data.sync = true (default)
2022-10-18 03:53:49,869 [pool-256-thread-1] INFO  server.RaftServerConfigKeys (ConfUtils.java:logGet(46)) - raft.server.log.statemachine.data.sync.timeout = 10s (default)
2022-10-18 03:53:49,870 [pool-256-thread-1] INFO  server.RaftServerConfigKeys (ConfUtils.java:logGet(46)) - raft.server.log.statemachine.data.sync.timeout.retry = -1 (default)
2022-10-18 03:53:49,870 [pool-256-thread-1] INFO  server.RaftServerConfigKeys (ConfUtils.java:logGet(46)) - raft.server.log.write.buffer.size = 64KB (=65536) (default)
2022-10-18 03:53:49,871 [pool-256-thread-1] INFO  server.RaftServerConfigKeys (ConfUtils.java:logGet(46)) - raft.server.log.unsafe-flush.enabled = false (default)
2022-10-18 03:53:49,871 [pool-256-thread-1] INFO  server.RaftServerConfigKeys (ConfUtils.java:logGet(46)) - raft.server.log.statemachine.data.caching.enabled = false (default)
2022-10-18 03:53:49,872 [pool-256-thread-1] INFO  server.RaftServer$Division (ServerState.java:setRaftConf(393)) - omNode-1@group-523986131536: set configuration 0: [omNode-3|rpc:localhost:44279|admin:|client:|dataStream:|priority:0, omNode-1|rpc:localhost:42747|admin:|client:|dataStream:|priority:0, omNode-2|rpc:localhost:37241|admin:|client:|dataStream:|priority:0], old=null
2022-10-18 03:53:49,874 [pool-256-thread-1] INFO  segmented.LogSegment (LogSegment.java:loadSegment(173)) - Successfully read 21 entries from segment file /home/runner/work/ozone/ozone/hadoop-ozone/integration-test/target/test-dir/MiniOzoneClusterImpl-5cdafbed-51d9-4f54-a43e-7c7e014ba032/omNode-1/ratis/c9bc4cf4-3bc3-3c60-a66b-523986131536/current/log_inprogress_0
2022-10-18 03:53:49,876 [pool-256-thread-1] INFO  segmented.SegmentedRaftLogWorker (SegmentedRaftLogWorker.java:lambda$new$0(135)) - omNode-1@group-523986131536-SegmentedRaftLogWorker: flushIndex: setUnconditionally 0 -> 20
2022-10-18 03:53:49,876 [pool-256-thread-1] INFO  segmented.SegmentedRaftLogWorker (SegmentedRaftLogWorker.java:lambda$new$0(135)) - omNode-1@group-523986131536-SegmentedRaftLogWorker: safeCacheEvictIndex: setUnconditionally 0 -> -1
2022-10-18 03:53:49,876 [pool-256-thread-1] INFO  raftlog.RaftLog (RaftLogBase.java:lambda$new$0(53)) - omNode-1@group-523986131536-SegmentedRaftLog: commitIndex: updateToMax old=20, new=19, updated? false
2022-10-18 03:53:49,880 [pool-256-thread-1] INFO  server.RaftServerConfigKeys (ConfUtils.java:logGet(46)) - raft.server.snapshot.auto.trigger.enabled = true (custom)
2022-10-18 03:53:49,880 [pool-256-thread-1] INFO  server.RaftServerConfigKeys (ConfUtils.java:logGet(46)) - raft.server.snapshot.auto.trigger.threshold = 50 (custom)
2022-10-18 03:53:49,880 [pool-256-thread-1] INFO  server.RaftServerConfigKeys (ConfUtils.java:logGet(46)) - raft.server.snapshot.retention.file.num = -1 (default)
2022-10-18 03:53:49,880 [pool-256-thread-1] INFO  server.RaftServerConfigKeys (ConfUtils.java:logGet(46)) - raft.server.log.purge.upto.snapshot.index = true (custom)
2022-10-18 03:53:49,880 [pool-256-thread-1] INFO  server.RaftServerConfigKeys (ConfUtils.java:logGet(46)) - raft.server.retrycache.expirytime = 30000ms (custom)
2022-10-18 03:53:49,880 [pool-256-thread-1] INFO  server.RaftServerConfigKeys (ConfUtils.java:logGet(46)) - raft.server.retrycache.statistics.expirytime = 100μs (default)
2022-10-18 03:53:49,882 [pool-256-thread-1] INFO  server.RaftServerConfigKeys (ConfUtils.java:logGet(46)) - raft.server.log.appender.install.snapshot.enabled = false (custom)
2022-10-18 03:53:49,882 [pool-256-thread-1] INFO  server.RaftServerConfigKeys (ConfUtils.java:logGet(46)) - raft.server.threadpool.server.cached = true (default)
2022-10-18 03:53:49,882 [pool-256-thread-1] INFO  server.RaftServerConfigKeys (ConfUtils.java:logGet(46)) - raft.server.threadpool.server.size = 0 (default)
2022-10-18 03:53:49,882 [pool-256-thread-1] INFO  server.RaftServerConfigKeys (ConfUtils.java:logGet(46)) - raft.server.threadpool.client.cached = true (default)
2022-10-18 03:53:49,882 [pool-256-thread-1] INFO  server.RaftServerConfigKeys (ConfUtils.java:logGet(46)) - raft.server.threadpool.client.size = 0 (default)
2022-10-18 03:53:49,882 [omNode-1-impl-thread1] INFO  server.RaftServer$Division (RaftServerImpl.java:start(310)) - omNode-1@group-523986131536: start as a follower, conf=0: [omNode-3|rpc:localhost:44279|admin:|client:|dataStream:|priority:0, omNode-1|rpc:localhost:42747|admin:|client:|dataStream:|priority:0, omNode-2|rpc:localhost:37241|admin:|client:|dataStream:|priority:0], old=null
2022-10-18 03:53:49,882 [omNode-1-impl-thread1] INFO  server.RaftServer$Division (RaftServerImpl.java:setRole(299)) - omNode-1@group-523986131536: changes role from      null to FOLLOWER at term 2 for startAsFollower
2022-10-18 03:53:49,882 [omNode-1-impl-thread1] INFO  impl.RoleInfo (RoleInfo.java:updateAndGet(139)) - omNode-1: start omNode-1@group-523986131536-FollowerState
2022-10-18 03:53:49,885 [omNode-1-impl-thread1] INFO  util.JmxRegister (JmxRegister.java:tryRegister(44)) - Successfully registered JMX Bean with object name Ratis:service=RaftServer,group=group-523986131536,id=omNode-1
2022-10-18 03:53:49,886 [Listener at localhost/45489] INFO  server.RaftServer (RaftServerProxy.java:lambda$start$6(382)) - omNode-1: start RPC server
2022-10-18 03:53:49,888 [Listener at localhost/45489] INFO  server.GrpcService (GrpcService.java:startImpl(260)) - omNode-1: GrpcService started, listening on 42747
2022-10-18 03:53:49,888 [Listener at localhost/45489] INFO  om.OzoneManager (OzoneManager.java:getRpcServer(1101)) - Creating RPC Server
2022-10-18 03:53:49,888 [org.apache.ratis.util.JvmPauseMonitor$$Lambda$703/726954313@11742b4f] INFO  util.JvmPauseMonitor (JvmPauseMonitor.java:run(103)) - JvmPauseMonitor-omNode-1: Started
2022-10-18 03:53:50,215 [omNode-2@group-523986131536-FollowerState] INFO  impl.FollowerState (FollowerState.java:run(143)) - omNode-2@group-523986131536-FollowerState: change to CANDIDATE, lastRpcElapsedTime:1126371322ns, electionTimeout:1086ms
2022-10-18 03:53:50,216 [omNode-2@group-523986131536-FollowerState] INFO  impl.RoleInfo (RoleInfo.java:shutdownFollowerState(110)) - omNode-2: shutdown omNode-2@group-523986131536-FollowerState
2022-10-18 03:53:50,216 [omNode-2@group-523986131536-FollowerState] INFO  server.RaftServer$Division (RaftServerImpl.java:setRole(299)) - omNode-2@group-523986131536: changes role from  FOLLOWER to CANDIDATE at term 3 for changeToCandidate
2022-10-18 03:53:50,216 [omNode-2@group-523986131536-FollowerState] INFO  server.RaftServerConfigKeys (ConfUtils.java:logGet(46)) - raft.server.leaderelection.pre-vote = false (custom)
2022-10-18 03:53:50,216 [omNode-2@group-523986131536-FollowerState] INFO  impl.RoleInfo (RoleInfo.java:updateAndGet(139)) - omNode-2: start omNode-2@group-523986131536-LeaderElection11
2022-10-18 03:53:50,216 [omNode-2@group-523986131536-LeaderElection11] INFO  server.RaftServer$Division (ServerState.java:setLeader(287)) - omNode-2@group-523986131536: change Leader from omNode-3 to null at term 3 for ELECTION
2022-10-18 03:53:50,227 [org.apache.ratis.util.JvmPauseMonitor$$Lambda$703/726954313@3b628acc] WARN  util.JvmPauseMonitor (JvmPauseMonitor.java:detectPause(124)) - JvmPauseMonitor-f6f53d54-4cd3-435a-b21b-2cdd3dcfe81c: Detected pause in JVM or host machine (eg GC): pause of approximately 148904552ns.
GC pool 'PS MarkSweep' had collection(s): count=1 time=170ms
GC pool 'PS Scavenge' had collection(s): count=1 time=55ms
2022-10-18 03:53:50,235 [omNode-2@group-523986131536-LeaderElection11] INFO  impl.LeaderElection (LeaderElection.java:askForVotes(310)) - omNode-2@group-523986131536-LeaderElection11 ELECTION round 0: submit vote requests at term 4 for 21: [omNode-3|rpc:localhost:44279|admin:|client:|dataStream:|priority:0, omNode-1|rpc:localhost:42747|admin:|client:|dataStream:|priority:0, omNode-2|rpc:localhost:37241|admin:|client:|dataStream:|priority:0], old=null
2022-10-18 03:53:50,262 [grpc-default-executor-0] INFO  server.RaftServer$Division (RaftServerImpl.java:requestVote(1152)) - omNode-1@group-523986131536: receive requestVote(ELECTION, omNode-2, group-523986131536, 4, (t:3, i:30))
2022-10-18 03:53:50,263 [grpc-default-executor-0] INFO  impl.VoteContext (VoteContext.java:log(48)) - omNode-1@group-523986131536-FOLLOWER: accept ELECTION from omNode-2: our last entry (t:2, i:20) < candidate's last entry (t:3, i:30)
2022-10-18 03:53:50,263 [grpc-default-executor-0] INFO  server.RaftServer$Division (RaftServerImpl.java:setRole(299)) - omNode-1@group-523986131536: changes role from  FOLLOWER to FOLLOWER at term 4 for candidate:omNode-2
2022-10-18 03:53:50,263 [grpc-default-executor-0] INFO  impl.RoleInfo (RoleInfo.java:shutdownFollowerState(110)) - omNode-1: shutdown omNode-1@group-523986131536-FollowerState
2022-10-18 03:53:50,263 [grpc-default-executor-0] INFO  impl.RoleInfo (RoleInfo.java:updateAndGet(139)) - omNode-1: start omNode-1@group-523986131536-FollowerState
2022-10-18 03:53:50,263 [omNode-1@group-523986131536-FollowerState] INFO  impl.FollowerState (FollowerState.java:run(152)) - omNode-1@group-523986131536-FollowerState was interrupted
2022-10-18 03:53:50,267 [grpc-default-executor-2] INFO  server.RaftServer$Division (RaftServerImpl.java:requestVote(1152)) - omNode-3@group-523986131536: receive requestVote(ELECTION, omNode-2, group-523986131536, 4, (t:3, i:30))
2022-10-18 03:53:50,267 [grpc-default-executor-2] INFO  impl.VoteContext (VoteContext.java:log(48)) - omNode-3@group-523986131536-FOLLOWER: accept ELECTION from omNode-2: our priority 0 <= candidate's priority 0
2022-10-18 03:53:50,267 [grpc-default-executor-0] INFO  server.RaftServer$Division (RaftServerImpl.java:requestVote(1184)) - omNode-1@group-523986131536 replies to ELECTION vote request: omNode-2<-omNode-1#0:OK-t4. Peer's state: omNode-1@group-523986131536:t4, leader=null, voted=omNode-2, raftlog=omNode-1@group-523986131536-SegmentedRaftLog:OPENED:c20, conf=0: [omNode-3|rpc:localhost:44279|admin:|client:|dataStream:|priority:0, omNode-1|rpc:localhost:42747|admin:|client:|dataStream:|priority:0, omNode-2|rpc:localhost:37241|admin:|client:|dataStream:|priority:0], old=null
2022-10-18 03:53:50,267 [grpc-default-executor-2] INFO  server.RaftServer$Division (RaftServerImpl.java:setRole(299)) - omNode-3@group-523986131536: changes role from  FOLLOWER to FOLLOWER at term 4 for candidate:omNode-2
2022-10-18 03:53:50,268 [grpc-default-executor-2] INFO  impl.RoleInfo (RoleInfo.java:shutdownFollowerState(110)) - omNode-3: shutdown omNode-3@group-523986131536-FollowerState
2022-10-18 03:53:50,268 [grpc-default-executor-2] INFO  impl.RoleInfo (RoleInfo.java:updateAndGet(139)) - omNode-3: start omNode-3@group-523986131536-FollowerState
2022-10-18 03:53:50,268 [omNode-3@group-523986131536-FollowerState] INFO  impl.FollowerState (FollowerState.java:run(152)) - omNode-3@group-523986131536-FollowerState was interrupted
2022-10-18 03:53:50,279 [grpc-default-executor-2] INFO  server.RaftServer$Division (RaftServerImpl.java:requestVote(1184)) - omNode-3@group-523986131536 replies to ELECTION vote request: omNode-2<-omNode-3#0:OK-t4. Peer's state: omNode-3@group-523986131536:t4, leader=null, voted=omNode-2, raftlog=omNode-3@group-523986131536-SegmentedRaftLog:OPENED:c30, conf=21: [omNode-3|rpc:localhost:44279|admin:|client:|dataStream:|priority:0, omNode-1|rpc:localhost:42747|admin:|client:|dataStream:|priority:0, omNode-2|rpc:localhost:37241|admin:|client:|dataStream:|priority:0], old=null
2022-10-18 03:53:50,281 [omNode-2@group-523986131536-LeaderElection11] INFO  impl.LeaderElection (LeaderElection.java:logAndReturn(90)) - omNode-2@group-523986131536-LeaderElection11: ELECTION PASSED received 1 response(s) and 0 exception(s):
2022-10-18 03:53:50,281 [omNode-2@group-523986131536-LeaderElection11] INFO  impl.LeaderElection (LeaderElection.java:logAndReturn(94)) -   Response 0: omNode-2<-omNode-1#0:OK-t4
2022-10-18 03:53:50,281 [omNode-2@group-523986131536-LeaderElection11] INFO  impl.LeaderElection (LeaderElection.java:askForVotes(312)) - omNode-2@group-523986131536-LeaderElection11 ELECTION round 0: result PASSED
2022-10-18 03:53:50,281 [omNode-2@group-523986131536-LeaderElection11] INFO  impl.RoleInfo (RoleInfo.java:shutdownLeaderElection(130)) - omNode-2: shutdown omNode-2@group-523986131536-LeaderElection11
2022-10-18 03:53:50,282 [omNode-2@group-523986131536-LeaderElection11] INFO  server.RaftServer$Division (RaftServerImpl.java:setRole(299)) - omNode-2@group-523986131536: changes role from CANDIDATE to LEADER at term 4 for changeToLeader
2022-10-18 03:53:50,282 [omNode-2@group-523986131536-LeaderElection11] INFO  server.RaftServer$Division (ServerState.java:setLeader(287)) - omNode-2@group-523986131536: change Leader from null to omNode-2 at term 4 for becomeLeader, leader elected after 65ms
2022-10-18 03:53:50,282 [omNode-2@group-523986131536-LeaderElection11] INFO  server.RaftServerConfigKeys (ConfUtils.java:logGet(46)) - raft.server.staging.catchup.gap = 1000 (default)
2022-10-18 03:53:50,282 [omNode-2@group-523986131536-LeaderElection11] INFO  server.RaftServerConfigKeys (ConfUtils.java:logGet(46)) - raft.server.write.element-limit = 4096 (default)
2022-10-18 03:53:50,282 [omNode-2@group-523986131536-LeaderElection11] INFO  server.RaftServerConfigKeys (ConfUtils.java:logGet(46)) - raft.server.write.byte-limit = 64MB (=67108864) (default)
2022-10-18 03:53:50,282 [omNode-2@group-523986131536-LeaderElection11] INFO  server.RaftServerConfigKeys (ConfUtils.java:logGet(46)) - raft.server.watch.timeout = 10s (default)
2022-10-18 03:53:50,282 [omNode-2@group-523986131536-LeaderElection11] INFO  server.RaftServerConfigKeys (ConfUtils.java:logGet(46)) - raft.server.watch.timeout.denomination = 1s (default)
2022-10-18 03:53:50,283 [omNode-2@group-523986131536-LeaderElection11] INFO  server.RaftServerConfigKeys (ConfUtils.java:logGet(46)) - raft.server.watch.element-limit = 65536 (default)
2022-10-18 03:53:50,283 [omNode-2@group-523986131536-LeaderElection11] INFO  server.RaftServerConfigKeys (ConfUtils.java:logGet(46)) - raft.server.write.element-limit = 4096 (default)
2022-10-18 03:53:50,283 [omNode-2@group-523986131536-LeaderElection11] INFO  server.RaftServerConfigKeys (ConfUtils.java:logGet(46)) - raft.server.write.follower.gap.ratio.max = -1.0 (default)
2022-10-18 03:53:50,283 [omNode-2@group-523986131536-LeaderElection11] INFO  server.RaftServerConfigKeys (ConfUtils.java:logGet(46)) - raft.server.log.appender.snapshot.chunk.size.max = 16MB (=16777216) (default)
2022-10-18 03:53:50,283 [omNode-2@group-523986131536-LeaderElection11] INFO  server.RaftServerConfigKeys (ConfUtils.java:logGet(46)) - raft.server.log.appender.buffer.byte-limit = 33554432 (custom)
2022-10-18 03:53:50,283 [omNode-2@group-523986131536-LeaderElection11] INFO  server.RaftServerConfigKeys (ConfUtils.java:logGet(46)) - raft.server.log.appender.buffer.element-limit = 1024 (custom)
2022-10-18 03:53:50,284 [omNode-2@group-523986131536-LeaderElection11] INFO  grpc.GrpcConfigKeys (ConfUtils.java:logGet(46)) - raft.grpc.server.leader.outstanding.appends.max = 128 (default)
2022-10-18 03:53:50,284 [omNode-2@group-523986131536-LeaderElection11] INFO  server.RaftServerConfigKeys (ConfUtils.java:logGet(46)) - raft.server.rpc.request.timeout = 3000ms (default)
2022-10-18 03:53:50,284 [omNode-2@group-523986131536-LeaderElection11] INFO  server.RaftServerConfigKeys (ConfUtils.java:logGet(46)) - raft.server.log.appender.install.snapshot.enabled = false (custom)
2022-10-18 03:53:50,285 [omNode-2@group-523986131536-LeaderElection11] INFO  server.RaftServerConfigKeys (ConfUtils.java:logGet(46)) - raft.server.log.appender.snapshot.chunk.size.max = 16MB (=16777216) (default)
2022-10-18 03:53:50,285 [omNode-2@group-523986131536-LeaderElection11] INFO  server.RaftServerConfigKeys (ConfUtils.java:logGet(46)) - raft.server.log.appender.buffer.byte-limit = 33554432 (custom)
2022-10-18 03:53:50,285 [omNode-2@group-523986131536-LeaderElection11] INFO  server.RaftServerConfigKeys (ConfUtils.java:logGet(46)) - raft.server.log.appender.buffer.element-limit = 1024 (custom)
2022-10-18 03:53:50,285 [omNode-2@group-523986131536-LeaderElection11] INFO  grpc.GrpcConfigKeys (ConfUtils.java:logGet(46)) - raft.grpc.server.leader.outstanding.appends.max = 128 (default)
2022-10-18 03:53:50,285 [omNode-2@group-523986131536-LeaderElection11] INFO  server.RaftServerConfigKeys (ConfUtils.java:logGet(46)) - raft.server.rpc.request.timeout = 3000ms (default)
2022-10-18 03:53:50,285 [omNode-2@group-523986131536-LeaderElection11] INFO  server.RaftServerConfigKeys (ConfUtils.java:logGet(46)) - raft.server.log.appender.install.snapshot.enabled = false (custom)
2022-10-18 03:53:50,290 [omNode-2@group-523986131536-LeaderElection11] INFO  impl.RoleInfo (RoleInfo.java:updateAndGet(139)) - omNode-2: start omNode-2@group-523986131536-LeaderStateImpl
2022-10-18 03:53:50,290 [omNode-2@group-523986131536-LeaderElection11] INFO  segmented.SegmentedRaftLogWorker (SegmentedRaftLogWorker.java:rollLogSegment(430)) - omNode-2@group-523986131536-SegmentedRaftLogWorker: Rolling segment log-21_30 to index:30
2022-10-18 03:53:50,291 [omNode-2@group-523986131536-SegmentedRaftLogWorker] INFO  segmented.SegmentedRaftLogWorker (SegmentedRaftLogWorker.java:execute(586)) - omNode-2@group-523986131536-SegmentedRaftLogWorker: Rolled log segment from /home/runner/work/ozone/ozone/hadoop-ozone/integration-test/target/test-dir/MiniOzoneClusterImpl-5cdafbed-51d9-4f54-a43e-7c7e014ba032/omNode-2/ratis/c9bc4cf4-3bc3-3c60-a66b-523986131536/current/log_inprogress_21 to /home/runner/work/ozone/ozone/hadoop-ozone/integration-test/target/test-dir/MiniOzoneClusterImpl-5cdafbed-51d9-4f54-a43e-7c7e014ba032/omNode-2/ratis/c9bc4cf4-3bc3-3c60-a66b-523986131536/current/log_21-30
2022-10-18 03:53:50,305 [omNode-2@group-523986131536-LeaderElection11] INFO  server.RaftServer$Division (ServerState.java:setRaftConf(393)) - omNode-2@group-523986131536: set configuration 31: [omNode-3|rpc:localhost:44279|admin:|client:|dataStream:|priority:0, omNode-1|rpc:localhost:42747|admin:|client:|dataStream:|priority:0, omNode-2|rpc:localhost:37241|admin:|client:|dataStream:|priority:0], old=null
2022-10-18 03:53:50,323 [omNode-3-server-thread1] INFO  server.RaftServer$Division (ServerState.java:setLeader(287)) - omNode-3@group-523986131536: change Leader from null to omNode-2 at term 4 for appendEntries, leader elected after 996ms
2022-10-18 03:53:50,323 [omNode-1-server-thread1] INFO  server.RaftServer$Division (ServerState.java:setLeader(287)) - omNode-1@group-523986131536: change Leader from null to omNode-2 at term 4 for appendEntries, leader elected after 456ms
2022-10-18 03:53:50,324 [omNode-1-server-thread1] INFO  server.RaftServer$Division (RaftServerImpl.java:checkInconsistentAppendEntries(1424)) - omNode-1@group-523986131536: Failed appendEntries as previous log entry ((t:3, i:30)) is not found
2022-10-18 03:53:50,324 [omNode-1-server-thread1] INFO  server.RaftServer$Division (RaftServerImpl.java:checkInconsistentAppendEntries(1394)) - omNode-1@group-523986131536: inconsistency entries. Reply:omNode-2<-omNode-1#0:FAIL-t4,INCONSISTENCY,nextIndex=21,followerCommit=20
2022-10-18 03:53:50,327 [omNode-2@group-523986131536-SegmentedRaftLogWorker] INFO  segmented.SegmentedRaftLogWorker (SegmentedRaftLogWorker.java:execute(629)) - omNode-2@group-523986131536-SegmentedRaftLogWorker: created new log segment /home/runner/work/ozone/ozone/hadoop-ozone/integration-test/target/test-dir/MiniOzoneClusterImpl-5cdafbed-51d9-4f54-a43e-7c7e014ba032/omNode-2/ratis/c9bc4cf4-3bc3-3c60-a66b-523986131536/current/log_inprogress_31
2022-10-18 03:53:50,329 [grpc-default-executor-1] INFO  leader.FollowerInfo (FollowerInfoImpl.java:lambda$new$0(48)) - omNode-2@group-523986131536->omNode-1: nextIndex: updateUnconditionally 32 -> 21
2022-10-18 03:53:50,347 [omNode-3-server-thread1] INFO  server.RaftServer$Division (ServerState.java:setRaftConf(393)) - omNode-3@group-523986131536: set configuration 31: [omNode-3|rpc:localhost:44279|admin:|client:|dataStream:|priority:0, omNode-1|rpc:localhost:42747|admin:|client:|dataStream:|priority:0, omNode-2|rpc:localhost:37241|admin:|client:|dataStream:|priority:0], old=null
2022-10-18 03:53:50,347 [omNode-3-server-thread1] INFO  segmented.SegmentedRaftLogWorker (SegmentedRaftLogWorker.java:rollLogSegment(430)) - omNode-3@group-523986131536-SegmentedRaftLogWorker: Rolling segment log-21_30 to index:30
2022-10-18 03:53:50,347 [omNode-1-server-thread2] INFO  server.RaftServer$Division (RaftServerImpl.java:checkInconsistentAppendEntries(1424)) - omNode-1@group-523986131536: Failed appendEntries as previous log entry ((t:3, i:30)) is not found
2022-10-18 03:53:50,352 [omNode-3@group-523986131536-SegmentedRaftLogWorker] INFO  segmented.SegmentedRaftLogWorker (SegmentedRaftLogWorker.java:execute(586)) - omNode-3@group-523986131536-SegmentedRaftLogWorker: Rolled log segment from /home/runner/work/ozone/ozone/hadoop-ozone/integration-test/target/test-dir/MiniOzoneClusterImpl-5cdafbed-51d9-4f54-a43e-7c7e014ba032/omNode-3/ratis/c9bc4cf4-3bc3-3c60-a66b-523986131536/current/log_inprogress_21 to /home/runner/work/ozone/ozone/hadoop-ozone/integration-test/target/test-dir/MiniOzoneClusterImpl-5cdafbed-51d9-4f54-a43e-7c7e014ba032/omNode-3/ratis/c9bc4cf4-3bc3-3c60-a66b-523986131536/current/log_21-30
2022-10-18 03:53:50,357 [omNode-1-server-thread2] INFO  server.RaftServer$Division (RaftServerImpl.java:checkInconsistentAppendEntries(1394)) - omNode-1@group-523986131536: inconsistency entries. Reply:omNode-2<-omNode-1#1:FAIL-t4,INCONSISTENCY,nextIndex=21,followerCommit=20
2022-10-18 03:53:50,358 [grpc-default-executor-1] INFO  leader.FollowerInfo (FollowerInfoImpl.java:lambda$new$0(48)) - omNode-2@group-523986131536->omNode-1: nextIndex: updateUnconditionally 32 -> 21
2022-10-18 03:53:50,360 [omNode-1-server-thread1] INFO  server.RaftServer$Division (ServerState.java:setRaftConf(393)) - omNode-1@group-523986131536: set configuration 21: [omNode-3|rpc:localhost:44279|admin:|client:|dataStream:|priority:0, omNode-1|rpc:localhost:42747|admin:|client:|dataStream:|priority:0, omNode-2|rpc:localhost:37241|admin:|client:|dataStream:|priority:0], old=null
2022-10-18 03:53:50,360 [omNode-1-server-thread1] INFO  server.RaftServer$Division (ServerState.java:setRaftConf(393)) - omNode-1@group-523986131536: set configuration 31: [omNode-3|rpc:localhost:44279|admin:|client:|dataStream:|priority:0, omNode-1|rpc:localhost:42747|admin:|client:|dataStream:|priority:0, omNode-2|rpc:localhost:37241|admin:|client:|dataStream:|priority:0], old=null
2022-10-18 03:53:50,360 [omNode-1-server-thread1] INFO  segmented.SegmentedRaftLogWorker (SegmentedRaftLogWorker.java:rollLogSegment(430)) - omNode-1@group-523986131536-SegmentedRaftLogWorker: Rolling segment log-0_20 to index:20
2022-10-18 03:53:50,361 [omNode-1-server-thread1] INFO  segmented.SegmentedRaftLogWorker (SegmentedRaftLogWorker.java:rollLogSegment(430)) - omNode-1@group-523986131536-SegmentedRaftLogWorker: Rolling segment log-21_30 to index:30
2022-10-18 03:53:50,365 [omNode-3@group-523986131536-SegmentedRaftLogWorker] INFO  segmented.SegmentedRaftLogWorker (SegmentedRaftLogWorker.java:execute(629)) - omNode-3@group-523986131536-SegmentedRaftLogWorker: created new log segment /home/runner/work/ozone/ozone/hadoop-ozone/integration-test/target/test-dir/MiniOzoneClusterImpl-5cdafbed-51d9-4f54-a43e-7c7e014ba032/omNode-3/ratis/c9bc4cf4-3bc3-3c60-a66b-523986131536/current/log_inprogress_31
2022-10-18 03:53:50,365 [omNode-1@group-523986131536-SegmentedRaftLogWorker] INFO  segmented.SegmentedRaftLogWorker (SegmentedRaftLogWorker.java:execute(586)) - omNode-1@group-523986131536-SegmentedRaftLogWorker: Rolled log segment from /home/runner/work/ozone/ozone/hadoop-ozone/integration-test/target/test-dir/MiniOzoneClusterImpl-5cdafbed-51d9-4f54-a43e-7c7e014ba032/omNode-1/ratis/c9bc4cf4-3bc3-3c60-a66b-523986131536/current/log_inprogress_0 to /home/runner/work/ozone/ozone/hadoop-ozone/integration-test/target/test-dir/MiniOzoneClusterImpl-5cdafbed-51d9-4f54-a43e-7c7e014ba032/omNode-1/ratis/c9bc4cf4-3bc3-3c60-a66b-523986131536/current/log_0-20
2022-10-18 03:53:50,371 [omNode-1-server-thread1] INFO  server.RaftServer$Division (ServerState.java:setRaftConf(393)) - omNode-1@group-523986131536: set configuration 21: [omNode-3|rpc:localhost:44279|admin:|client:|dataStream:|priority:0, omNode-1|rpc:localhost:42747|admin:|client:|dataStream:|priority:0, omNode-2|rpc:localhost:37241|admin:|client:|dataStream:|priority:0], old=null
2022-10-18 03:53:50,371 [omNode-1-server-thread1] INFO  server.RaftServer$Division (ServerState.java:setRaftConf(393)) - omNode-1@group-523986131536: set configuration 31: [omNode-3|rpc:localhost:44279|admin:|client:|dataStream:|priority:0, omNode-1|rpc:localhost:42747|admin:|client:|dataStream:|priority:0, omNode-2|rpc:localhost:37241|admin:|client:|dataStream:|priority:0], old=null
2022-10-18 03:53:50,379 [omNode-1@group-523986131536-SegmentedRaftLogWorker] INFO  segmented.SegmentedRaftLogWorker (SegmentedRaftLogWorker.java:execute(629)) - omNode-1@group-523986131536-SegmentedRaftLogWorker: created new log segment /home/runner/work/ozone/ozone/hadoop-ozone/integration-test/target/test-dir/MiniOzoneClusterImpl-5cdafbed-51d9-4f54-a43e-7c7e014ba032/omNode-1/ratis/c9bc4cf4-3bc3-3c60-a66b-523986131536/current/log_inprogress_21
2022-10-18 03:53:50,392 [omNode-1@group-523986131536-SegmentedRaftLogWorker] INFO  segmented.SegmentedRaftLogWorker (SegmentedRaftLogWorker.java:execute(586)) - omNode-1@group-523986131536-SegmentedRaftLogWorker: Rolled log segment from /home/runner/work/ozone/ozone/hadoop-ozone/integration-test/target/test-dir/MiniOzoneClusterImpl-5cdafbed-51d9-4f54-a43e-7c7e014ba032/omNode-1/ratis/c9bc4cf4-3bc3-3c60-a66b-523986131536/current/log_inprogress_21 to /home/runner/work/ozone/ozone/hadoop-ozone/integration-test/target/test-dir/MiniOzoneClusterImpl-5cdafbed-51d9-4f54-a43e-7c7e014ba032/omNode-1/ratis/c9bc4cf4-3bc3-3c60-a66b-523986131536/current/log_21-30
2022-10-18 03:53:50,396 [omNode-2@group-523986131536-StateMachineUpdater] INFO  ratis.OzoneManagerStateMachine (OzoneManagerStateMachine.java:notifyConfigurationChanged(192)) - Received Configuration change notification from Ratis. New Peer list:
[id: "omNode-3"
address: "localhost:44279"
, id: "omNode-1"
address: "localhost:42747"
, id: "omNode-2"
address: "localhost:37241"
]
2022-10-18 03:53:50,411 [omNode-3@group-523986131536-StateMachineUpdater] INFO  ratis.OzoneManagerStateMachine (OzoneManagerStateMachine.java:notifyConfigurationChanged(192)) - Received Configuration change notification from Ratis. New Peer list:
[id: "omNode-3"
address: "localhost:44279"
, id: "omNode-1"
address: "localhost:42747"
, id: "omNode-2"
address: "localhost:37241"
]
2022-10-18 03:53:50,418 [omNode-1@group-523986131536-SegmentedRaftLogWorker] INFO  segmented.SegmentedRaftLogWorker (SegmentedRaftLogWorker.java:execute(629)) - omNode-1@group-523986131536-SegmentedRaftLogWorker: created new log segment /home/runner/work/ozone/ozone/hadoop-ozone/integration-test/target/test-dir/MiniOzoneClusterImpl-5cdafbed-51d9-4f54-a43e-7c7e014ba032/omNode-1/ratis/c9bc4cf4-3bc3-3c60-a66b-523986131536/current/log_inprogress_31
2022-10-18 03:53:50,426 [omNode-1@group-523986131536-StateMachineUpdater] INFO  ratis.OzoneManagerStateMachine (OzoneManagerStateMachine.java:notifyConfigurationChanged(192)) - Received Configuration change notification from Ratis. New Peer list:
[id: "omNode-3"
address: "localhost:44279"
, id: "omNode-1"
address: "localhost:42747"
, id: "omNode-2"
address: "localhost:37241"
]
2022-10-18 03:53:50,431 [omNode-1@group-523986131536-StateMachineUpdater] INFO  ratis.OzoneManagerStateMachine (OzoneManagerStateMachine.java:notifyConfigurationChanged(192)) - Received Configuration change notification from Ratis. New Peer list:
[id: "omNode-3"
address: "localhost:44279"
, id: "omNode-1"
address: "localhost:42747"
, id: "omNode-2"
address: "localhost:37241"
]
2022-10-18 03:53:50,585 [Listener at localhost/45489] INFO  reflections.Reflections (Reflections.java:scan(232)) - Reflections took 696 ms to scan 19 urls, producing 67 keys and 4238 values [using 2 cores]
2022-10-18 03:53:50,588 [Listener at localhost/45489] INFO  ipc.CallQueueManager (CallQueueManager.java:<init>(90)) - Using callQueue: class java.util.concurrent.LinkedBlockingQueue, queueCapacity: 2000, scheduler: class org.apache.hadoop.ipc.DefaultRpcScheduler, ipcBackoff: false.
2022-10-18 03:53:50,592 [Socket Reader #1 for port 35797] INFO  ipc.Server (Server.java:run(1273)) - Starting Socket Reader #1 for port 35797
2022-10-18 03:53:50,599 [Listener at localhost/35797] INFO  http.BaseHttpServer (BaseHttpServer.java:newHttpServer2BuilderForOzone(213)) - Starting Web-server for ozoneManager at: http://0.0.0.0:41161
2022-10-18 03:53:50,599 [Listener at localhost/35797] INFO  http.BaseHttpServer (BaseHttpServer.java:<init>(108)) - Hadoop Security Enabled: false Ozone Security Enabled: false Ozone HTTP Security Enabled: false 
2022-10-18 03:53:50,601 [Listener at localhost/35797] WARN  server.AuthenticationFilter (AuthenticationFilter.java:constructSecretProvider(240)) - Unable to initialize FileSignerSecretProvider, falling back to use random secrets. Reason: Could not read signature secret file: /home/runner/hadoop-http-auth-signature-secret
2022-10-18 03:53:50,601 [Listener at localhost/35797] WARN  http.HttpRequestLog (HttpRequestLog.java:getRequestLog(103)) - Jetty request log can only be enabled using Log4j
2022-10-18 03:53:50,603 [Listener at localhost/35797] INFO  http.HttpServer2 (HttpServer2.java:addGlobalFilter(1031)) - Added global filter 'safety' (class=org.apache.hadoop.hdds.server.http.HttpServer2$QuotingInputFilter)
2022-10-18 03:53:50,604 [Listener at localhost/35797] INFO  http.HttpServer2 (HttpServer2.java:addFilter(1007)) - Added filter static_user_filter (class=org.apache.hadoop.http.lib.StaticUserWebFilter$StaticUserFilter) to context ozoneManager
2022-10-18 03:53:50,604 [Listener at localhost/35797] INFO  http.HttpServer2 (HttpServer2.java:addFilter(1015)) - Added filter static_user_filter (class=org.apache.hadoop.http.lib.StaticUserWebFilter$StaticUserFilter) to context static
2022-10-18 03:53:50,604 [Listener at localhost/35797] INFO  http.HttpServer2 (HttpServer2.java:addFilter(1015)) - Added filter static_user_filter (class=org.apache.hadoop.http.lib.StaticUserWebFilter$StaticUserFilter) to context logs
2022-10-18 03:53:50,605 [Listener at localhost/35797] INFO  http.HttpServer2 (HttpServer2.java:bindListener(1250)) - Jetty bound to port 41161
2022-10-18 03:53:50,605 [Listener at localhost/35797] INFO  server.Server (Server.java:doStart(375)) - jetty-9.4.43.v20210629; built: 2021-06-30T11:07:22.254Z; git: 526006ecfa3af7f1a27ef3a288e2bef7ea9dd7e8; jvm 1.8.0_345-b01
2022-10-18 03:53:50,607 [Listener at localhost/35797] INFO  server.session (DefaultSessionIdManager.java:doStart(334)) - DefaultSessionIdManager workerName=node0
2022-10-18 03:53:50,607 [Listener at localhost/35797] INFO  server.session (DefaultSessionIdManager.java:doStart(339)) - No SessionScavenger set, using defaults
2022-10-18 03:53:50,608 [Listener at localhost/35797] INFO  server.session (HouseKeeper.java:startScavenging(132)) - node0 Scavenging every 660000ms
2022-10-18 03:53:50,609 [Listener at localhost/35797] INFO  handler.ContextHandler (ContextHandler.java:doStart(915)) - Started o.e.j.s.ServletContextHandler@6216a80b{logs,/logs,file:///home/runner/work/ozone/ozone/hadoop-ozone/integration-test/target/log,AVAILABLE}
2022-10-18 03:53:50,609 [Listener at localhost/35797] INFO  handler.ContextHandler (ContextHandler.java:doStart(915)) - Started o.e.j.s.ServletContextHandler@50ea1add{static,/static,file:///home/runner/work/ozone/ozone/hadoop-ozone/integration-test/target/test-classes/webapps/static,AVAILABLE}
2022-10-18 03:53:50,614 [Listener at localhost/35797] INFO  handler.ContextHandler (ContextHandler.java:doStart(915)) - Started o.e.j.w.WebAppContext@260072a8{ozoneManager,/,file:///home/runner/work/ozone/ozone/hadoop-ozone/integration-test/target/test-classes/webapps/ozoneManager/,AVAILABLE}{file:/home/runner/work/ozone/ozone/hadoop-ozone/integration-test/target/test-classes/webapps/ozoneManager}
2022-10-18 03:53:50,617 [Listener at localhost/35797] INFO  server.AbstractConnector (AbstractConnector.java:doStart(331)) - Started ServerConnector@3677a08a{HTTP/1.1, (http/1.1)}{0.0.0.0:41161}
2022-10-18 03:53:50,618 [Listener at localhost/35797] INFO  server.Server (Server.java:doStart(415)) - Started @36306ms
2022-10-18 03:53:50,618 [Listener at localhost/35797] WARN  impl.MetricsSystemImpl (MetricsSystemImpl.java:register(279)) - Sink prometheus already exists!
2022-10-18 03:53:50,619 [Listener at localhost/35797] INFO  http.BaseHttpServer (BaseHttpServer.java:updateConnectorAddress(333)) - HTTP server of ozoneManager listening at http://0.0.0.0:41161
2022-10-18 03:53:50,619 [IPC Server Responder] INFO  ipc.Server (Server.java:run(1512)) - IPC Server Responder: starting
2022-10-18 03:53:50,622 [IPC Server listener on 35797] INFO  ipc.Server (Server.java:run(1352)) - IPC Server listener on 35797: starting
2022-10-18 03:53:50,625 [Listener at localhost/35797] INFO  om.OzoneManager (OzoneManager.java:startTrashEmptier(1919)) - Trash Interval set to 0. Files deleted won't move to trash
2022-10-18 03:53:50,626 [Listener at localhost/35797] INFO  om.OzoneManager (OzoneManager.java:stop(2034)) - omNode-2[localhost:37159]: Stopping Ozone Manager
2022-10-18 03:53:50,626 [org.apache.hadoop.util.JvmPauseMonitor$Monitor@b9252ac] INFO  util.JvmPauseMonitor (JvmPauseMonitor.java:run(188)) - Starting JVM pause monitor
2022-10-18 03:53:50,626 [Listener at localhost/35797] INFO  ipc.Server (Server.java:stop(3428)) - Stopping server on 37159
2022-10-18 03:53:50,635 [IPC Server listener on 37159] INFO  ipc.Server (Server.java:run(1384)) - Stopping IPC Server listener on 37159
2022-10-18 03:53:50,638 [IPC Server Responder] INFO  ipc.Server (Server.java:run(1517)) - Stopping IPC Server Responder
2022-10-18 03:53:50,638 [Listener at localhost/35797] INFO  server.RaftServer (RaftServerProxy.java:lambda$close$7(398)) - omNode-2: close
2022-10-18 03:53:50,639 [Listener at localhost/35797] INFO  server.RaftServer$Division (RaftServerImpl.java:lambda$close$4(434)) - omNode-2@group-523986131536: shutdown
2022-10-18 03:53:50,639 [Listener at localhost/35797] INFO  util.JmxRegister (JmxRegister.java:unregister(73)) - Successfully un-registered JMX Bean with object name Ratis:service=RaftServer,group=group-523986131536,id=omNode-2
2022-10-18 03:53:50,639 [Listener at localhost/35797] INFO  impl.RoleInfo (RoleInfo.java:shutdownLeaderState(93)) - omNode-2: shutdown omNode-2@group-523986131536-LeaderStateImpl
2022-10-18 03:53:50,639 [omNode-2@group-523986131536->omNode-3-GrpcLogAppender-LogAppenderDaemon] WARN  server.GrpcLogAppender (GrpcLogAppender.java:mayWait(171)) - omNode-2@group-523986131536->omNode-3-GrpcLogAppender: Wait interrupted by java.lang.InterruptedException
2022-10-18 03:53:50,640 [Listener at localhost/35797] INFO  impl.PendingRequests (PendingRequests.java:sendNotLeaderResponses(282)) - omNode-2@group-523986131536-PendingRequests: sendNotLeaderResponses
2022-10-18 03:53:50,640 [omNode-2@group-523986131536->omNode-1-GrpcLogAppender-LogAppenderDaemon] WARN  server.GrpcLogAppender (GrpcLogAppender.java:mayWait(171)) - omNode-2@group-523986131536->omNode-1-GrpcLogAppender: Wait interrupted by java.lang.InterruptedException
2022-10-18 03:53:50,640 [grpc-default-executor-0] INFO  server.GrpcServerProtocolService (GrpcServerProtocolService.java:onCompleted(140)) - omNode-3: Completed APPEND_ENTRIES, lastRequest: omNode-2->omNode-3#2-t4,previous=(t:4, i:31),leaderCommit=31,initializing? true,entries: size=1, first=(t:4, i:32), METADATAENTRY(c:31)
2022-10-18 03:53:50,642 [grpc-default-executor-1] INFO  server.GrpcServerProtocolService (GrpcServerProtocolService.java:onCompleted(140)) - omNode-1: Completed APPEND_ENTRIES, lastRequest: omNode-2->omNode-1#10-t4,previous=(t:4, i:31),leaderCommit=31,initializing? true,entries: size=1, first=(t:4, i:32), METADATAENTRY(c:31)
2022-10-18 03:53:50,642 [grpc-default-executor-1] INFO  server.GrpcLogAppender (GrpcLogAppender.java:onCompleted(339)) - omNode-2@group-523986131536->omNode-3-AppendLogResponseHandler: follower responses appendEntries COMPLETED
2022-10-18 03:53:50,642 [grpc-default-executor-1] INFO  leader.FollowerInfo (FollowerInfoImpl.java:lambda$new$0(48)) - omNode-2@group-523986131536->omNode-3: nextIndex: updateUnconditionally 33 -> 32
2022-10-18 03:53:50,643 [grpc-default-executor-1] INFO  server.GrpcLogAppender (GrpcLogAppender.java:onCompleted(339)) - omNode-2@group-523986131536->omNode-1-AppendLogResponseHandler: follower responses appendEntries COMPLETED
2022-10-18 03:53:50,644 [grpc-default-executor-1] INFO  leader.FollowerInfo (FollowerInfoImpl.java:lambda$new$0(48)) - omNode-2@group-523986131536->omNode-1: nextIndex: updateUnconditionally 33 -> 32
2022-10-18 03:53:50,646 [Listener at localhost/35797] INFO  impl.StateMachineUpdater (StateMachineUpdater.java:stopAndJoin(153)) - omNode-2@group-523986131536-StateMachineUpdater: set stopIndex = 32
2022-10-18 03:53:50,646 [omNode-2@group-523986131536-StateMachineUpdater] INFO  ratis.OzoneManagerStateMachine (OzoneManagerStateMachine.java:takeSnapshot(441)) - Current Snapshot Index (t:4, i:32)
2022-10-18 03:53:50,646 [omNode-2@group-523986131536-StateMachineUpdater] INFO  impl.StateMachineUpdater (StateMachineUpdater.java:takeSnapshot(287)) - omNode-2@group-523986131536-StateMachineUpdater: Took a snapshot at index 32
2022-10-18 03:53:50,646 [omNode-2@group-523986131536-StateMachineUpdater] INFO  impl.StateMachineUpdater (StateMachineUpdater.java:lambda$new$0(92)) - omNode-2@group-523986131536-StateMachineUpdater: snapshotIndex: updateIncreasingly -1 -> 32
2022-10-18 03:53:50,646 [omNode-2@group-523986131536-StateMachineUpdater] INFO  ratis.OzoneManagerStateMachine (OzoneManagerStateMachine.java:close(495)) - StateMachine has shutdown. Shutdown OzoneManager if not already shutdown.
2022-10-18 03:53:50,646 [omNode-2@group-523986131536-StateMachineUpdater] INFO  ratis.OzoneManagerDoubleBuffer (OzoneManagerDoubleBuffer.java:stop(466)) - Stopping OMDoubleBuffer flush thread
2022-10-18 03:53:50,647 [OMDoubleBufferFlushThread] INFO  ratis.OzoneManagerDoubleBuffer (OzoneManagerDoubleBuffer.java:flushTransactions(385)) - OMDoubleBuffer flush thread OMDoubleBufferFlushThread is interrupted and will exit.
2022-10-18 03:53:50,648 [Listener at localhost/35797] INFO  server.RaftServer$Division (ServerState.java:close(429)) - omNode-2@group-523986131536: closes. applyIndex: 32
2022-10-18 03:53:50,648 [omNode-2@group-523986131536-SegmentedRaftLogWorker] INFO  segmented.SegmentedRaftLogWorker (SegmentedRaftLogWorker.java:run(336)) - omNode-2@group-523986131536-SegmentedRaftLogWorker was interrupted, exiting. There are 0 tasks remaining in the queue.
2022-10-18 03:53:50,650 [Listener at localhost/35797] INFO  segmented.SegmentedRaftLogWorker (SegmentedRaftLogWorker.java:close(246)) - omNode-2@group-523986131536-SegmentedRaftLogWorker close()
2022-10-18 03:53:50,652 [Listener at localhost/35797] INFO  server.GrpcService (GrpcService.java:closeImpl(269)) - omNode-2: shutdown server with port 37241 now
2022-10-18 03:53:50,655 [Listener at localhost/35797] INFO  server.GrpcService (GrpcService.java:closeImpl(278)) - omNode-2: shutdown server with port 37241 successfully
2022-10-18 03:53:50,655 [org.apache.ratis.util.JvmPauseMonitor$$Lambda$703/726954313@5c3c0e5] INFO  util.JvmPauseMonitor (JvmPauseMonitor.java:run(109)) - JvmPauseMonitor-omNode-2: Stopped
2022-10-18 03:53:50,656 [Listener at localhost/35797] INFO  ratis.OzoneManagerStateMachine (OzoneManagerStateMachine.java:close(495)) - StateMachine has shutdown. Shutdown OzoneManager if not already shutdown.
2022-10-18 03:53:50,656 [Listener at localhost/35797] INFO  ratis.OzoneManagerDoubleBuffer (OzoneManagerDoubleBuffer.java:stop(478)) - OMDoubleBuffer flush thread is not running.
2022-10-18 03:53:50,656 [Listener at localhost/35797] INFO  utils.BackgroundService (BackgroundService.java:shutdown(141)) - Shutting down service KeyDeletingService
2022-10-18 03:53:50,656 [Listener at localhost/35797] INFO  utils.BackgroundService (BackgroundService.java:shutdown(141)) - Shutting down service DirectoryDeletingService
2022-10-18 03:53:50,656 [Listener at localhost/35797] INFO  utils.BackgroundService (BackgroundService.java:shutdown(141)) - Shutting down service OpenKeyCleanupService
2022-10-18 03:53:50,657 [Listener at localhost/35797] INFO  handler.ContextHandler (ContextHandler.java:doStop(1153)) - Stopped o.e.j.w.WebAppContext@1d113d9d{ozoneManager,/,null,STOPPED}{file:/home/runner/work/ozone/ozone/hadoop-ozone/integration-test/target/test-classes/webapps/ozoneManager}
2022-10-18 03:53:50,658 [Listener at localhost/35797] INFO  server.AbstractConnector (AbstractConnector.java:doStop(381)) - Stopped ServerConnector@15c8c97{HTTP/1.1, (http/1.1)}{0.0.0.0:33977}
2022-10-18 03:53:50,658 [Listener at localhost/35797] INFO  server.session (HouseKeeper.java:stopScavenging(149)) - node0 Stopped scavenging
2022-10-18 03:53:50,658 [Listener at localhost/35797] INFO  handler.ContextHandler (ContextHandler.java:doStop(1153)) - Stopped o.e.j.s.ServletContextHandler@cbec4b5{static,/static,file:///home/runner/work/ozone/ozone/hadoop-ozone/integration-test/target/test-classes/webapps/static,STOPPED}
2022-10-18 03:53:50,659 [Listener at localhost/35797] INFO  handler.ContextHandler (ContextHandler.java:doStop(1153)) - Stopped o.e.j.s.ServletContextHandler@4467fbd8{logs,/logs,file:///home/runner/work/ozone/ozone/hadoop-ozone/integration-test/target/log,STOPPED}
2022-10-18 03:53:50,662 [Listener at localhost/35797] INFO  om.OzoneManager (OzoneManager.java:restart(1571)) - OzoneManager RPC server is listening at localhost/127.0.0.1:37159
2022-10-18 03:53:50,663 [Listener at localhost/35797] INFO  impl.MetricsSystemImpl (MetricsSystemImpl.java:init(158)) - OzoneManager metrics system started (again)
2022-10-18 03:53:50,676 [Listener at localhost/35797] WARN  server.ServerUtils (ServerUtils.java:getDBPath(225)) - ozone.om.db.dirs is not configured. We recommend adding this setting. Falling back to ozone.metadata.dirs instead.
2022-10-18 03:53:50,676 [Listener at localhost/35797] INFO  codec.OmKeyInfoCodec (OmKeyInfoCodec.java:<init>(49)) - OmKeyInfoCodec ignorePipeline = true
2022-10-18 03:53:50,676 [Listener at localhost/35797] INFO  codec.RepeatedOmKeyInfoCodec (RepeatedOmKeyInfoCodec.java:<init>(41)) - RepeatedOmKeyInfoCodec ignorePipeline = true
2022-10-18 03:53:50,721 [Listener at localhost/35797] INFO  om.OzoneManager (OzoneManager.java:instantiateServices(712)) - S3 Multi-Tenancy is disabled
2022-10-18 03:53:50,724 [Listener at localhost/35797] WARN  server.ServerUtils (ServerUtils.java:getDefaultRatisDirectory(237)) - Storage directory for Ratis is not configured. It is a good idea to map this to an SSD disk. Falling back to ozone.metadata.dirs
2022-10-18 03:53:50,725 [Listener at localhost/35797] INFO  ratis.OzoneManagerRatisServer (OzoneManagerRatisServer.java:<init>(160)) - Instantiating OM Ratis server with groupID: om-service-test1 and peers: localhost:37241, localhost:44279, localhost:42747
2022-10-18 03:53:50,726 [Listener at localhost/35797] INFO  ratis.OzoneManagerStateMachine (OzoneManagerStateMachine.java:loadSnapshotInfoFromDB(632)) - LastAppliedIndex is set from TransactionInfo from OM DB as (t:4, i:32)
2022-10-18 03:53:50,727 [Listener at localhost/35797] INFO  server.RaftServer (ConfUtils.java:logGet(46)) - raft.rpc.type = GRPC (default)
2022-10-18 03:53:50,727 [Listener at localhost/35797] INFO  grpc.GrpcFactory (GrpcFactory.java:checkPooledByteBufAllocatorUseCacheForAllThreads(48)) - PERFORMANCE WARNING: useCacheForAllThreads is true that may cause Netty to create a lot garbage objects and, as a result, trigger GC.
	It is recommended to disable useCacheForAllThreads by setting -Dorg.apache.ratis.thirdparty.io.netty.allocator.useCacheForAllThreads=false in command line.
2022-10-18 03:53:50,727 [Listener at localhost/35797] INFO  grpc.GrpcConfigKeys (ConfUtils.java:logGet(46)) - raft.grpc.admin.port = -1 (default)
2022-10-18 03:53:50,727 [Listener at localhost/35797] INFO  grpc.GrpcConfigKeys (ConfUtils.java:logGet(46)) - raft.grpc.server.port = 37241 (custom)
2022-10-18 03:53:50,727 [Listener at localhost/35797] INFO  grpc.GrpcConfigKeys (ConfUtils.java:logGet(46)) - raft.grpc.client.port = -1 (default)
2022-10-18 03:53:50,728 [Listener at localhost/35797] INFO  grpc.GrpcConfigKeys (ConfUtils.java:logGet(46)) - raft.grpc.server.port = 37241 (custom)
2022-10-18 03:53:50,728 [Listener at localhost/35797] INFO  grpc.GrpcConfigKeys (ConfUtils.java:logGet(46)) - raft.grpc.server.port = 37241 (custom)
2022-10-18 03:53:50,728 [Listener at localhost/35797] INFO  server.GrpcService (ConfUtils.java:logGet(46)) - raft.grpc.message.size.max = 33554432 (custom)
2022-10-18 03:53:50,728 [Listener at localhost/35797] INFO  server.RaftServerConfigKeys (ConfUtils.java:logGet(46)) - raft.server.log.appender.buffer.byte-limit = 33554432 (custom)
2022-10-18 03:53:50,728 [Listener at localhost/35797] INFO  server.GrpcService (ConfUtils.java:logGet(46)) - raft.grpc.flow.control.window = 1MB (=1048576) (default)
2022-10-18 03:53:50,729 [Listener at localhost/35797] INFO  server.RaftServerConfigKeys (ConfUtils.java:logGet(46)) - raft.server.rpc.request.timeout = 3000ms (default)
2022-10-18 03:53:50,729 [Listener at localhost/35797] INFO  grpc.GrpcConfigKeys (ConfUtils.java:logGet(46)) - raft.grpc.server.async.request.thread.pool.cached = true (default)
2022-10-18 03:53:50,729 [Listener at localhost/35797] INFO  grpc.GrpcConfigKeys (ConfUtils.java:logGet(46)) - raft.grpc.server.async.request.thread.pool.size = 32 (default)
2022-10-18 03:53:50,730 [Listener at localhost/35797] INFO  impl.DataStreamServerImpl (ConfUtils.java:logGet(46)) - raft.datastream.type = DISABLED (default)
2022-10-18 03:53:50,731 [Listener at localhost/35797] INFO  server.RaftServerConfigKeys (ConfUtils.java:logGet(46)) - raft.server.threadpool.proxy.cached = true (default)
2022-10-18 03:53:50,731 [Listener at localhost/35797] INFO  server.RaftServerConfigKeys (ConfUtils.java:logGet(46)) - raft.server.threadpool.proxy.size = 0 (default)
2022-10-18 03:53:50,731 [Listener at localhost/35797] INFO  server.RaftServerConfigKeys (ConfUtils.java:logGet(46)) - raft.server.rpc.slowness.timeout = 2s (custom)
2022-10-18 03:53:50,731 [Listener at localhost/35797] INFO  server.RaftServerConfigKeys (ConfUtils.java:logGet(46)) - raft.server.leaderelection.leader.step-down.wait-time = 10s (default)
2022-10-18 03:53:50,731 [Listener at localhost/35797] INFO  server.RaftServerConfigKeys (ConfUtils.java:logGet(46)) - raft.server.storage.dir = [/home/runner/work/ozone/ozone/hadoop-ozone/integration-test/target/test-dir/MiniOzoneClusterImpl-5cdafbed-51d9-4f54-a43e-7c7e014ba032/omNode-2/ratis] (custom)
2022-10-18 03:53:50,732 [omNode-2-impl-thread1] INFO  server.RaftServer (RaftServerProxy.java:initGroupDir(247)) - omNode-2: found a subdirectory /home/runner/work/ozone/ozone/hadoop-ozone/integration-test/target/test-dir/MiniOzoneClusterImpl-5cdafbed-51d9-4f54-a43e-7c7e014ba032/omNode-2/ratis/c9bc4cf4-3bc3-3c60-a66b-523986131536
2022-10-18 03:53:50,732 [Listener at localhost/35797] INFO  server.RaftServer (RaftServerProxy.java:addNew(96)) - omNode-2: addNew group-523986131536:[omNode-3|rpc:localhost:44279|priority:0, omNode-1|rpc:localhost:42747|priority:0, omNode-2|rpc:localhost:37241|priority:0] returns group-523986131536:java.util.concurrent.CompletableFuture@1f302749[Not completed]
2022-10-18 03:53:50,732 [pool-280-thread-1] INFO  server.RaftServer$Division (RaftServerImpl.java:<init>(190)) - omNode-2: new RaftServerImpl for group-523986131536:[omNode-3|rpc:localhost:44279|priority:0, omNode-1|rpc:localhost:42747|priority:0, omNode-2|rpc:localhost:37241|priority:0] with OzoneManagerStateMachine:uninitialized
2022-10-18 03:53:50,733 [Listener at localhost/35797] INFO  om.OzoneManager (OzoneManager.java:initializeRatisServer(1975)) - OzoneManager Ratis server initialized at port 37241
2022-10-18 03:53:50,733 [pool-280-thread-1] INFO  server.RaftServerConfigKeys (ConfUtils.java:logGet(46)) - raft.server.rpc.timeout.min = 1s (custom)
2022-10-18 03:53:50,733 [Listener at localhost/35797] INFO  ratis.OzoneManagerRatisServer (OzoneManagerRatisServer.java:start(555)) - Starting OzoneManagerRatisServer omNode-2 at port 37241
2022-10-18 03:53:50,733 [pool-280-thread-1] INFO  server.RaftServerConfigKeys (ConfUtils.java:logGet(46)) - raft.server.rpc.timeout.max = 1200ms (custom)
2022-10-18 03:53:50,733 [pool-280-thread-1] INFO  server.RaftServerConfigKeys (ConfUtils.java:logGet(46)) - raft.server.rpc.sleep.time = 25ms (default)
2022-10-18 03:53:50,733 [pool-280-thread-1] INFO  server.RaftServerConfigKeys (ConfUtils.java:logGet(46)) - raft.server.rpc.slowness.timeout = 2s (custom)
2022-10-18 03:53:50,733 [pool-280-thread-1] INFO  server.RaftServerConfigKeys (ConfUtils.java:logGet(46)) - raft.server.leaderelection.leader.step-down.wait-time = 10s (default)
2022-10-18 03:53:50,733 [pool-280-thread-1] INFO  server.RaftServerConfigKeys (ConfUtils.java:logGet(46)) - raft.server.sleep.deviation.threshold = 300ms (default)
2022-10-18 03:53:50,734 [pool-280-thread-1] INFO  server.RaftServer$Division (ServerState.java:<init>(107)) - omNode-2@group-523986131536: ConfigurationManager, init=-1: [omNode-3|rpc:localhost:44279|priority:0, omNode-1|rpc:localhost:42747|priority:0, omNode-2|rpc:localhost:37241|priority:0], old=null, confs=<EMPTY_MAP>
2022-10-18 03:53:50,734 [pool-280-thread-1] INFO  server.RaftServerConfigKeys (ConfUtils.java:logGet(46)) - raft.server.storage.dir = [/home/runner/work/ozone/ozone/hadoop-ozone/integration-test/target/test-dir/MiniOzoneClusterImpl-5cdafbed-51d9-4f54-a43e-7c7e014ba032/omNode-2/ratis] (custom)
2022-10-18 03:53:50,734 [pool-280-thread-1] INFO  server.RaftServerConfigKeys (ConfUtils.java:logGet(46)) - raft.server.log.corruption.policy = EXCEPTION (default)
2022-10-18 03:53:50,734 [pool-280-thread-1] INFO  server.RaftServerConfigKeys (ConfUtils.java:logGet(46)) - raft.server.storage.free-space.min = 0MB (=0) (default)
2022-10-18 03:53:50,735 [pool-280-thread-1] INFO  storage.RaftStorageDirectory (RaftStorageDirectoryImpl.java:tryLock(230)) - Lock on /home/runner/work/ozone/ozone/hadoop-ozone/integration-test/target/test-dir/MiniOzoneClusterImpl-5cdafbed-51d9-4f54-a43e-7c7e014ba032/omNode-2/ratis/c9bc4cf4-3bc3-3c60-a66b-523986131536/in_use.lock acquired by nodename 30743@fv-az573-760
2022-10-18 03:53:50,736 [pool-280-thread-1] INFO  storage.RaftStorage (RaftStorageImpl.java:analyzeAndRecoverStorage(110)) - Read RaftStorageMetadata{term=4, votedFor=omNode-2} from /home/runner/work/ozone/ozone/hadoop-ozone/integration-test/target/test-dir/MiniOzoneClusterImpl-5cdafbed-51d9-4f54-a43e-7c7e014ba032/omNode-2/ratis/c9bc4cf4-3bc3-3c60-a66b-523986131536/current/raft-meta
2022-10-18 03:53:50,736 [pool-280-thread-1] INFO  server.RaftServer$Division (ServerState.java:setRaftConf(393)) - omNode-2@group-523986131536: set configuration 31: [omNode-3|rpc:localhost:44279|admin:|client:|dataStream:|priority:0, omNode-1|rpc:localhost:42747|admin:|client:|dataStream:|priority:0, omNode-2|rpc:localhost:37241|admin:|client:|dataStream:|priority:0], old=null
2022-10-18 03:53:50,736 [pool-280-thread-1] INFO  server.RaftServerConfigKeys (ConfUtils.java:logGet(46)) - raft.server.notification.no-leader.timeout = 2s (custom)
2022-10-18 03:53:50,736 [pool-280-thread-1] INFO  server.RaftServerConfigKeys (ConfUtils.java:logGet(46)) - raft.server.log.use.memory = false (default)
2022-10-18 03:53:50,736 [pool-280-thread-1] INFO  server.RaftServerConfigKeys (ConfUtils.java:logGet(46)) - raft.server.log.purge.gap = 50 (custom)
2022-10-18 03:53:50,736 [pool-280-thread-1] INFO  server.RaftServerConfigKeys (ConfUtils.java:logGet(46)) - raft.server.log.appender.buffer.byte-limit = 33554432 (custom)
2022-10-18 03:53:50,736 [pool-280-thread-1] INFO  server.RaftServerConfigKeys (ConfUtils.java:logGet(46)) - raft.server.log.statemachine.data.read.timeout = 1000ms (default)
2022-10-18 03:53:50,737 [pool-280-thread-1] INFO  server.RaftServerConfigKeys (ConfUtils.java:logGet(46)) - raft.server.log.segment.size.max = 4194304 (custom)
2022-10-18 03:53:50,737 [pool-280-thread-1] INFO  server.RaftServerConfigKeys (ConfUtils.java:logGet(46)) - raft.server.log.segment.cache.num.max = 2 (custom)
2022-10-18 03:53:50,737 [pool-280-thread-1] INFO  server.RaftServerConfigKeys (ConfUtils.java:logGet(46)) - raft.server.log.segment.cache.size.max = 200MB (=209715200) (default)
2022-10-18 03:53:50,737 [pool-280-thread-1] INFO  segmented.SegmentedRaftLogWorker (SegmentedRaftLogWorker.java:<init>(187)) - new omNode-2@group-523986131536-SegmentedRaftLogWorker for RaftStorageImpl:Storage Directory /home/runner/work/ozone/ozone/hadoop-ozone/integration-test/target/test-dir/MiniOzoneClusterImpl-5cdafbed-51d9-4f54-a43e-7c7e014ba032/omNode-2/ratis/c9bc4cf4-3bc3-3c60-a66b-523986131536
2022-10-18 03:53:50,737 [pool-280-thread-1] INFO  server.RaftServerConfigKeys (ConfUtils.java:logGet(46)) - raft.server.log.queue.byte-limit = 64MB (=67108864) (default)
2022-10-18 03:53:50,737 [pool-280-thread-1] INFO  server.RaftServerConfigKeys (ConfUtils.java:logGet(46)) - raft.server.log.queue.element-limit = 4096 (default)
2022-10-18 03:53:50,738 [pool-280-thread-1] INFO  server.RaftServerConfigKeys (ConfUtils.java:logGet(46)) - raft.server.log.segment.size.max = 4194304 (custom)
2022-10-18 03:53:50,738 [pool-280-thread-1] INFO  server.RaftServerConfigKeys (ConfUtils.java:logGet(46)) - raft.server.log.preallocated.size = 4194304 (custom)
2022-10-18 03:53:50,738 [pool-280-thread-1] INFO  server.RaftServerConfigKeys (ConfUtils.java:logGet(46)) - raft.server.log.force.sync.num = 128 (default)
2022-10-18 03:53:50,738 [pool-280-thread-1] INFO  server.RaftServerConfigKeys (ConfUtils.java:logGet(46)) - raft.server.log.statemachine.data.sync = true (default)
2022-10-18 03:53:50,738 [pool-280-thread-1] INFO  server.RaftServerConfigKeys (ConfUtils.java:logGet(46)) - raft.server.log.statemachine.data.sync.timeout = 10s (default)
2022-10-18 03:53:50,738 [pool-280-thread-1] INFO  server.RaftServerConfigKeys (ConfUtils.java:logGet(46)) - raft.server.log.statemachine.data.sync.timeout.retry = -1 (default)
2022-10-18 03:53:50,739 [pool-280-thread-1] INFO  server.RaftServerConfigKeys (ConfUtils.java:logGet(46)) - raft.server.log.write.buffer.size = 64KB (=65536) (default)
2022-10-18 03:53:50,739 [pool-280-thread-1] INFO  server.RaftServerConfigKeys (ConfUtils.java:logGet(46)) - raft.server.log.unsafe-flush.enabled = false (default)
2022-10-18 03:53:50,739 [pool-280-thread-1] INFO  server.RaftServerConfigKeys (ConfUtils.java:logGet(46)) - raft.server.log.statemachine.data.caching.enabled = false (default)
2022-10-18 03:53:50,740 [pool-280-thread-1] INFO  server.RaftServer$Division (ServerState.java:setRaftConf(393)) - omNode-2@group-523986131536: set configuration 0: [omNode-3|rpc:localhost:44279|admin:|client:|dataStream:|priority:0, omNode-1|rpc:localhost:42747|admin:|client:|dataStream:|priority:0, omNode-2|rpc:localhost:37241|admin:|client:|dataStream:|priority:0], old=null
2022-10-18 03:53:50,741 [pool-280-thread-1] INFO  segmented.LogSegment (LogSegment.java:loadSegment(173)) - Successfully read 21 entries from segment file /home/runner/work/ozone/ozone/hadoop-ozone/integration-test/target/test-dir/MiniOzoneClusterImpl-5cdafbed-51d9-4f54-a43e-7c7e014ba032/omNode-2/ratis/c9bc4cf4-3bc3-3c60-a66b-523986131536/current/log_0-20
2022-10-18 03:53:50,741 [pool-280-thread-1] INFO  server.RaftServer$Division (ServerState.java:setRaftConf(393)) - omNode-2@group-523986131536: set configuration 21: [omNode-3|rpc:localhost:44279|admin:|client:|dataStream:|priority:0, omNode-1|rpc:localhost:42747|admin:|client:|dataStream:|priority:0, omNode-2|rpc:localhost:37241|admin:|client:|dataStream:|priority:0], old=null
2022-10-18 03:53:50,741 [pool-280-thread-1] INFO  segmented.LogSegment (LogSegment.java:loadSegment(173)) - Successfully read 10 entries from segment file /home/runner/work/ozone/ozone/hadoop-ozone/integration-test/target/test-dir/MiniOzoneClusterImpl-5cdafbed-51d9-4f54-a43e-7c7e014ba032/omNode-2/ratis/c9bc4cf4-3bc3-3c60-a66b-523986131536/current/log_21-30
2022-10-18 03:53:50,742 [pool-280-thread-1] INFO  server.RaftServer$Division (ServerState.java:setRaftConf(393)) - omNode-2@group-523986131536: set configuration 31: [omNode-3|rpc:localhost:44279|admin:|client:|dataStream:|priority:0, omNode-1|rpc:localhost:42747|admin:|client:|dataStream:|priority:0, omNode-2|rpc:localhost:37241|admin:|client:|dataStream:|priority:0], old=null
2022-10-18 03:53:50,742 [pool-280-thread-1] INFO  segmented.LogSegment (LogSegment.java:loadSegment(173)) - Successfully read 2 entries from segment file /home/runner/work/ozone/ozone/hadoop-ozone/integration-test/target/test-dir/MiniOzoneClusterImpl-5cdafbed-51d9-4f54-a43e-7c7e014ba032/omNode-2/ratis/c9bc4cf4-3bc3-3c60-a66b-523986131536/current/log_inprogress_31
2022-10-18 03:53:50,742 [pool-280-thread-1] INFO  segmented.SegmentedRaftLogWorker (SegmentedRaftLogWorker.java:lambda$new$0(135)) - omNode-2@group-523986131536-SegmentedRaftLogWorker: flushIndex: setUnconditionally 0 -> 32
2022-10-18 03:53:50,742 [pool-280-thread-1] INFO  segmented.SegmentedRaftLogWorker (SegmentedRaftLogWorker.java:lambda$new$0(135)) - omNode-2@group-523986131536-SegmentedRaftLogWorker: safeCacheEvictIndex: setUnconditionally 0 -> 30
2022-10-18 03:53:50,742 [pool-280-thread-1] INFO  raftlog.RaftLog (RaftLogBase.java:lambda$new$0(53)) - omNode-2@group-523986131536-SegmentedRaftLog: commitIndex: updateToMax old=32, new=31, updated? false
2022-10-18 03:53:50,742 [pool-280-thread-1] INFO  server.RaftServerConfigKeys (ConfUtils.java:logGet(46)) - raft.server.snapshot.auto.trigger.enabled = true (custom)
2022-10-18 03:53:50,743 [pool-280-thread-1] INFO  server.RaftServerConfigKeys (ConfUtils.java:logGet(46)) - raft.server.snapshot.auto.trigger.threshold = 50 (custom)
2022-10-18 03:53:50,743 [pool-280-thread-1] INFO  server.RaftServerConfigKeys (ConfUtils.java:logGet(46)) - raft.server.snapshot.retention.file.num = -1 (default)
2022-10-18 03:53:50,743 [pool-280-thread-1] INFO  server.RaftServerConfigKeys (ConfUtils.java:logGet(46)) - raft.server.log.purge.upto.snapshot.index = true (custom)
2022-10-18 03:53:50,743 [pool-280-thread-1] INFO  server.RaftServerConfigKeys (ConfUtils.java:logGet(46)) - raft.server.retrycache.expirytime = 30000ms (custom)
2022-10-18 03:53:50,743 [pool-280-thread-1] INFO  server.RaftServerConfigKeys (ConfUtils.java:logGet(46)) - raft.server.retrycache.statistics.expirytime = 100μs (default)
2022-10-18 03:53:50,744 [pool-280-thread-1] INFO  server.RaftServerConfigKeys (ConfUtils.java:logGet(46)) - raft.server.log.appender.install.snapshot.enabled = false (custom)
2022-10-18 03:53:50,744 [pool-280-thread-1] INFO  server.RaftServerConfigKeys (ConfUtils.java:logGet(46)) - raft.server.threadpool.server.cached = true (default)
2022-10-18 03:53:50,744 [pool-280-thread-1] INFO  server.RaftServerConfigKeys (ConfUtils.java:logGet(46)) - raft.server.threadpool.server.size = 0 (default)
2022-10-18 03:53:50,744 [pool-280-thread-1] INFO  server.RaftServerConfigKeys (ConfUtils.java:logGet(46)) - raft.server.threadpool.client.cached = true (default)
2022-10-18 03:53:50,744 [pool-280-thread-1] INFO  server.RaftServerConfigKeys (ConfUtils.java:logGet(46)) - raft.server.threadpool.client.size = 0 (default)
2022-10-18 03:53:50,746 [omNode-2-impl-thread1] INFO  server.RaftServer$Division (RaftServerImpl.java:start(310)) - omNode-2@group-523986131536: start as a follower, conf=31: [omNode-3|rpc:localhost:44279|admin:|client:|dataStream:|priority:0, omNode-1|rpc:localhost:42747|admin:|client:|dataStream:|priority:0, omNode-2|rpc:localhost:37241|admin:|client:|dataStream:|priority:0], old=null
2022-10-18 03:53:50,746 [omNode-2-impl-thread1] INFO  server.RaftServer$Division (RaftServerImpl.java:setRole(299)) - omNode-2@group-523986131536: changes role from      null to FOLLOWER at term 4 for startAsFollower
2022-10-18 03:53:50,746 [omNode-2-impl-thread1] INFO  impl.RoleInfo (RoleInfo.java:updateAndGet(139)) - omNode-2: start omNode-2@group-523986131536-FollowerState
2022-10-18 03:53:50,749 [omNode-2-impl-thread1] INFO  util.JmxRegister (JmxRegister.java:tryRegister(44)) - Successfully registered JMX Bean with object name Ratis:service=RaftServer,group=group-523986131536,id=omNode-2
2022-10-18 03:53:50,755 [Listener at localhost/35797] INFO  server.RaftServer (RaftServerProxy.java:lambda$start$6(382)) - omNode-2: start RPC server
2022-10-18 03:53:50,757 [Listener at localhost/35797] INFO  server.GrpcService (GrpcService.java:startImpl(260)) - omNode-2: GrpcService started, listening on 37241
2022-10-18 03:53:50,759 [Listener at localhost/35797] INFO  om.OzoneManager (OzoneManager.java:getRpcServer(1101)) - Creating RPC Server
2022-10-18 03:53:50,759 [org.apache.ratis.util.JvmPauseMonitor$$Lambda$703/726954313@58bb5d97] INFO  util.JvmPauseMonitor (JvmPauseMonitor.java:run(103)) - JvmPauseMonitor-omNode-2: Started
2022-10-18 03:53:51,095 [Listener at localhost/35797] INFO  reflections.Reflections (Reflections.java:scan(232)) - Reflections took 335 ms to scan 19 urls, producing 67 keys and 4238 values [using 2 cores]
2022-10-18 03:53:51,097 [Listener at localhost/35797] INFO  ipc.CallQueueManager (CallQueueManager.java:<init>(90)) - Using callQueue: class java.util.concurrent.LinkedBlockingQueue, queueCapacity: 2000, scheduler: class org.apache.hadoop.ipc.DefaultRpcScheduler, ipcBackoff: false.
2022-10-18 03:53:51,097 [Socket Reader #1 for port 37159] INFO  ipc.Server (Server.java:run(1273)) - Starting Socket Reader #1 for port 37159
2022-10-18 03:53:51,101 [Listener at localhost/37159] INFO  http.BaseHttpServer (BaseHttpServer.java:newHttpServer2BuilderForOzone(213)) - Starting Web-server for ozoneManager at: http://0.0.0.0:33977
2022-10-18 03:53:51,101 [Listener at localhost/37159] INFO  http.BaseHttpServer (BaseHttpServer.java:<init>(108)) - Hadoop Security Enabled: false Ozone Security Enabled: false Ozone HTTP Security Enabled: false 
2022-10-18 03:53:51,103 [Listener at localhost/37159] WARN  server.AuthenticationFilter (AuthenticationFilter.java:constructSecretProvider(240)) - Unable to initialize FileSignerSecretProvider, falling back to use random secrets. Reason: Could not read signature secret file: /home/runner/hadoop-http-auth-signature-secret
2022-10-18 03:53:51,103 [Listener at localhost/37159] WARN  http.HttpRequestLog (HttpRequestLog.java:getRequestLog(103)) - Jetty request log can only be enabled using Log4j
2022-10-18 03:53:51,105 [Listener at localhost/37159] INFO  http.HttpServer2 (HttpServer2.java:addGlobalFilter(1031)) - Added global filter 'safety' (class=org.apache.hadoop.hdds.server.http.HttpServer2$QuotingInputFilter)
2022-10-18 03:53:51,106 [Listener at localhost/37159] INFO  http.HttpServer2 (HttpServer2.java:addFilter(1007)) - Added filter static_user_filter (class=org.apache.hadoop.http.lib.StaticUserWebFilter$StaticUserFilter) to context ozoneManager
2022-10-18 03:53:51,106 [Listener at localhost/37159] INFO  http.HttpServer2 (HttpServer2.java:addFilter(1015)) - Added filter static_user_filter (class=org.apache.hadoop.http.lib.StaticUserWebFilter$StaticUserFilter) to context static
2022-10-18 03:53:51,106 [Listener at localhost/37159] INFO  http.HttpServer2 (HttpServer2.java:addFilter(1015)) - Added filter static_user_filter (class=org.apache.hadoop.http.lib.StaticUserWebFilter$StaticUserFilter) to context logs
2022-10-18 03:53:51,107 [Listener at localhost/37159] INFO  http.HttpServer2 (HttpServer2.java:bindListener(1250)) - Jetty bound to port 33977
2022-10-18 03:53:51,107 [Listener at localhost/37159] INFO  server.Server (Server.java:doStart(375)) - jetty-9.4.43.v20210629; built: 2021-06-30T11:07:22.254Z; git: 526006ecfa3af7f1a27ef3a288e2bef7ea9dd7e8; jvm 1.8.0_345-b01
2022-10-18 03:53:51,110 [Listener at localhost/37159] INFO  server.session (DefaultSessionIdManager.java:doStart(334)) - DefaultSessionIdManager workerName=node0
2022-10-18 03:53:51,110 [Listener at localhost/37159] INFO  server.session (DefaultSessionIdManager.java:doStart(339)) - No SessionScavenger set, using defaults
2022-10-18 03:53:51,111 [Listener at localhost/37159] INFO  server.session (HouseKeeper.java:startScavenging(132)) - node0 Scavenging every 660000ms
2022-10-18 03:53:51,111 [Listener at localhost/37159] INFO  handler.ContextHandler (ContextHandler.java:doStart(915)) - Started o.e.j.s.ServletContextHandler@4ebdcc8a{logs,/logs,file:///home/runner/work/ozone/ozone/hadoop-ozone/integration-test/target/log,AVAILABLE}
2022-10-18 03:53:51,112 [Listener at localhost/37159] INFO  handler.ContextHandler (ContextHandler.java:doStart(915)) - Started o.e.j.s.ServletContextHandler@2c684f4e{static,/static,file:///home/runner/work/ozone/ozone/hadoop-ozone/integration-test/target/test-classes/webapps/static,AVAILABLE}
2022-10-18 03:53:51,116 [Listener at localhost/37159] INFO  handler.ContextHandler (ContextHandler.java:doStart(915)) - Started o.e.j.w.WebAppContext@49b79071{ozoneManager,/,file:///home/runner/work/ozone/ozone/hadoop-ozone/integration-test/target/test-classes/webapps/ozoneManager/,AVAILABLE}{file:/home/runner/work/ozone/ozone/hadoop-ozone/integration-test/target/test-classes/webapps/ozoneManager}
2022-10-18 03:53:51,119 [Listener at localhost/37159] INFO  server.AbstractConnector (AbstractConnector.java:doStart(331)) - Started ServerConnector@6cd8046e{HTTP/1.1, (http/1.1)}{0.0.0.0:33977}
2022-10-18 03:53:51,119 [Listener at localhost/37159] INFO  server.Server (Server.java:doStart(415)) - Started @36807ms
2022-10-18 03:53:51,119 [Listener at localhost/37159] WARN  impl.MetricsSystemImpl (MetricsSystemImpl.java:register(279)) - Sink prometheus already exists!
2022-10-18 03:53:51,120 [Listener at localhost/37159] INFO  http.BaseHttpServer (BaseHttpServer.java:updateConnectorAddress(333)) - HTTP server of ozoneManager listening at http://0.0.0.0:33977
2022-10-18 03:53:51,120 [IPC Server Responder] INFO  ipc.Server (Server.java:run(1512)) - IPC Server Responder: starting
2022-10-18 03:53:51,120 [IPC Server listener on 37159] INFO  ipc.Server (Server.java:run(1352)) - IPC Server listener on 37159: starting
2022-10-18 03:53:51,125 [Listener at localhost/37159] INFO  om.OzoneManager (OzoneManager.java:startTrashEmptier(1919)) - Trash Interval set to 0. Files deleted won't move to trash
]]></system-out>
  </testcase>
  <testcase name="testListParts" classname="org.apache.hadoop.ozone.om.TestOzoneManagerHAWithData" time="16.663">
    <system-out><![CDATA[2022-10-18 03:53:51,134 [org.apache.hadoop.util.JvmPauseMonitor$Monitor@747a8258] INFO  util.JvmPauseMonitor (JvmPauseMonitor.java:run(188)) - Starting JVM pause monitor
2022-10-18 03:53:51,150 [Listener at localhost/37159] INFO  rpc.RpcClient (RpcClient.java:createVolume(471)) - Creating Volume: volume16162, with user62809 as owner and space quota set to -1 bytes, counts quota set to -1
2022-10-18 03:53:51,151 [Listener at localhost/37159] INFO  retry.RetryInvocationHandler (RetryInvocationHandler.java:log(411)) - com.google.protobuf.ServiceException: java.io.EOFException: End of File Exception between local host is: "fv-az573-760/10.1.0.75"; destination host is: "localhost":45489; : java.io.EOFException; For more details see:  http://wiki.apache.org/hadoop/EOFException, while invoking $Proxy55.submitRequest over nodeId=omNode-3,nodeAddress=127.0.0.1:45489. Trying to failover after sleeping for 2000ms.
2022-10-18 03:53:51,884 [omNode-2@group-523986131536-FollowerState] INFO  impl.FollowerState (FollowerState.java:run(143)) - omNode-2@group-523986131536-FollowerState: change to CANDIDATE, lastRpcElapsedTime:1137337748ns, electionTimeout:1130ms
2022-10-18 03:53:51,884 [omNode-2@group-523986131536-FollowerState] INFO  impl.RoleInfo (RoleInfo.java:shutdownFollowerState(110)) - omNode-2: shutdown omNode-2@group-523986131536-FollowerState
2022-10-18 03:53:51,884 [omNode-2@group-523986131536-FollowerState] INFO  server.RaftServer$Division (RaftServerImpl.java:setRole(299)) - omNode-2@group-523986131536: changes role from  FOLLOWER to CANDIDATE at term 4 for changeToCandidate
2022-10-18 03:53:51,884 [omNode-2@group-523986131536-FollowerState] INFO  server.RaftServerConfigKeys (ConfUtils.java:logGet(46)) - raft.server.leaderelection.pre-vote = false (custom)
2022-10-18 03:53:51,884 [omNode-2@group-523986131536-FollowerState] INFO  impl.RoleInfo (RoleInfo.java:updateAndGet(139)) - omNode-2: start omNode-2@group-523986131536-LeaderElection12
2022-10-18 03:53:51,890 [omNode-2@group-523986131536-LeaderElection12] INFO  impl.LeaderElection (LeaderElection.java:askForVotes(310)) - omNode-2@group-523986131536-LeaderElection12 ELECTION round 0: submit vote requests at term 5 for 31: [omNode-3|rpc:localhost:44279|admin:|client:|dataStream:|priority:0, omNode-1|rpc:localhost:42747|admin:|client:|dataStream:|priority:0, omNode-2|rpc:localhost:37241|admin:|client:|dataStream:|priority:0], old=null
2022-10-18 03:53:51,901 [grpc-default-executor-0] INFO  server.RaftServer$Division (RaftServerImpl.java:requestVote(1152)) - omNode-1@group-523986131536: receive requestVote(ELECTION, omNode-2, group-523986131536, 5, (t:4, i:32))
2022-10-18 03:53:51,902 [grpc-default-executor-0] INFO  impl.VoteContext (VoteContext.java:log(48)) - omNode-1@group-523986131536-FOLLOWER: accept ELECTION from omNode-2: our priority 0 <= candidate's priority 0
2022-10-18 03:53:51,902 [grpc-default-executor-0] INFO  server.RaftServer$Division (ServerState.java:setLeader(287)) - omNode-1@group-523986131536: change Leader from omNode-2 to null at term 5 for updateCurrentTerm
2022-10-18 03:53:51,902 [grpc-default-executor-0] INFO  server.RaftServer$Division (RaftServerImpl.java:setRole(299)) - omNode-1@group-523986131536: changes role from  FOLLOWER to FOLLOWER at term 5 for candidate:omNode-2
2022-10-18 03:53:51,902 [grpc-default-executor-0] INFO  impl.RoleInfo (RoleInfo.java:shutdownFollowerState(110)) - omNode-1: shutdown omNode-1@group-523986131536-FollowerState
2022-10-18 03:53:51,902 [grpc-default-executor-0] INFO  impl.RoleInfo (RoleInfo.java:updateAndGet(139)) - omNode-1: start omNode-1@group-523986131536-FollowerState
2022-10-18 03:53:51,902 [omNode-1@group-523986131536-FollowerState] INFO  impl.FollowerState (FollowerState.java:run(152)) - omNode-1@group-523986131536-FollowerState was interrupted
2022-10-18 03:53:51,907 [grpc-default-executor-0] INFO  server.RaftServer$Division (RaftServerImpl.java:requestVote(1184)) - omNode-1@group-523986131536 replies to ELECTION vote request: omNode-2<-omNode-1#0:OK-t5. Peer's state: omNode-1@group-523986131536:t5, leader=null, voted=omNode-2, raftlog=omNode-1@group-523986131536-SegmentedRaftLog:OPENED:c31, conf=31: [omNode-3|rpc:localhost:44279|admin:|client:|dataStream:|priority:0, omNode-1|rpc:localhost:42747|admin:|client:|dataStream:|priority:0, omNode-2|rpc:localhost:37241|admin:|client:|dataStream:|priority:0], old=null
2022-10-18 03:53:51,910 [grpc-default-executor-0] INFO  server.RaftServer$Division (RaftServerImpl.java:requestVote(1152)) - omNode-3@group-523986131536: receive requestVote(ELECTION, omNode-2, group-523986131536, 5, (t:4, i:32))
2022-10-18 03:53:51,910 [grpc-default-executor-0] INFO  impl.VoteContext (VoteContext.java:log(48)) - omNode-3@group-523986131536-FOLLOWER: accept ELECTION from omNode-2: our priority 0 <= candidate's priority 0
2022-10-18 03:53:51,910 [grpc-default-executor-0] INFO  server.RaftServer$Division (ServerState.java:setLeader(287)) - omNode-3@group-523986131536: change Leader from omNode-2 to null at term 5 for updateCurrentTerm
2022-10-18 03:53:51,911 [grpc-default-executor-0] INFO  server.RaftServer$Division (RaftServerImpl.java:setRole(299)) - omNode-3@group-523986131536: changes role from  FOLLOWER to FOLLOWER at term 5 for candidate:omNode-2
2022-10-18 03:53:51,911 [grpc-default-executor-0] INFO  impl.RoleInfo (RoleInfo.java:shutdownFollowerState(110)) - omNode-3: shutdown omNode-3@group-523986131536-FollowerState
2022-10-18 03:53:51,911 [grpc-default-executor-0] INFO  impl.RoleInfo (RoleInfo.java:updateAndGet(139)) - omNode-3: start omNode-3@group-523986131536-FollowerState
2022-10-18 03:53:51,911 [omNode-3@group-523986131536-FollowerState] INFO  impl.FollowerState (FollowerState.java:run(152)) - omNode-3@group-523986131536-FollowerState was interrupted
2022-10-18 03:53:51,914 [omNode-2@group-523986131536-LeaderElection12] INFO  impl.LeaderElection (LeaderElection.java:logAndReturn(90)) - omNode-2@group-523986131536-LeaderElection12: ELECTION PASSED received 1 response(s) and 0 exception(s):
2022-10-18 03:53:51,914 [omNode-2@group-523986131536-LeaderElection12] INFO  impl.LeaderElection (LeaderElection.java:logAndReturn(94)) -   Response 0: omNode-2<-omNode-1#0:OK-t5
2022-10-18 03:53:51,914 [omNode-2@group-523986131536-LeaderElection12] INFO  impl.LeaderElection (LeaderElection.java:askForVotes(312)) - omNode-2@group-523986131536-LeaderElection12 ELECTION round 0: result PASSED
2022-10-18 03:53:51,914 [omNode-2@group-523986131536-LeaderElection12] INFO  impl.RoleInfo (RoleInfo.java:shutdownLeaderElection(130)) - omNode-2: shutdown omNode-2@group-523986131536-LeaderElection12
2022-10-18 03:53:51,914 [omNode-2@group-523986131536-LeaderElection12] INFO  server.RaftServer$Division (RaftServerImpl.java:setRole(299)) - omNode-2@group-523986131536: changes role from CANDIDATE to LEADER at term 5 for changeToLeader
2022-10-18 03:53:51,915 [omNode-2@group-523986131536-LeaderElection12] INFO  server.RaftServer$Division (ServerState.java:setLeader(287)) - omNode-2@group-523986131536: change Leader from null to omNode-2 at term 5 for becomeLeader, leader elected after 1178ms
2022-10-18 03:53:51,915 [omNode-2@group-523986131536-LeaderElection12] INFO  server.RaftServerConfigKeys (ConfUtils.java:logGet(46)) - raft.server.staging.catchup.gap = 1000 (default)
2022-10-18 03:53:51,915 [grpc-default-executor-0] INFO  server.RaftServer$Division (RaftServerImpl.java:requestVote(1184)) - omNode-3@group-523986131536 replies to ELECTION vote request: omNode-2<-omNode-3#0:OK-t5. Peer's state: omNode-3@group-523986131536:t5, leader=null, voted=omNode-2, raftlog=omNode-3@group-523986131536-SegmentedRaftLog:OPENED:c31, conf=31: [omNode-3|rpc:localhost:44279|admin:|client:|dataStream:|priority:0, omNode-1|rpc:localhost:42747|admin:|client:|dataStream:|priority:0, omNode-2|rpc:localhost:37241|admin:|client:|dataStream:|priority:0], old=null
2022-10-18 03:53:51,915 [omNode-2@group-523986131536-LeaderElection12] INFO  server.RaftServerConfigKeys (ConfUtils.java:logGet(46)) - raft.server.write.element-limit = 4096 (default)
2022-10-18 03:53:51,915 [omNode-2@group-523986131536-LeaderElection12] INFO  server.RaftServerConfigKeys (ConfUtils.java:logGet(46)) - raft.server.write.byte-limit = 64MB (=67108864) (default)
2022-10-18 03:53:51,915 [omNode-2@group-523986131536-LeaderElection12] INFO  server.RaftServerConfigKeys (ConfUtils.java:logGet(46)) - raft.server.watch.timeout = 10s (default)
2022-10-18 03:53:51,916 [omNode-2@group-523986131536-LeaderElection12] INFO  server.RaftServerConfigKeys (ConfUtils.java:logGet(46)) - raft.server.watch.timeout.denomination = 1s (default)
2022-10-18 03:53:51,916 [omNode-2@group-523986131536-LeaderElection12] INFO  server.RaftServerConfigKeys (ConfUtils.java:logGet(46)) - raft.server.watch.element-limit = 65536 (default)
2022-10-18 03:53:51,916 [omNode-2@group-523986131536-LeaderElection12] INFO  server.RaftServerConfigKeys (ConfUtils.java:logGet(46)) - raft.server.write.element-limit = 4096 (default)
2022-10-18 03:53:51,921 [omNode-2@group-523986131536-LeaderElection12] INFO  server.RaftServerConfigKeys (ConfUtils.java:logGet(46)) - raft.server.write.follower.gap.ratio.max = -1.0 (default)
2022-10-18 03:53:51,921 [omNode-2@group-523986131536-LeaderElection12] INFO  server.RaftServerConfigKeys (ConfUtils.java:logGet(46)) - raft.server.log.appender.snapshot.chunk.size.max = 16MB (=16777216) (default)
2022-10-18 03:53:51,921 [omNode-2@group-523986131536-LeaderElection12] INFO  server.RaftServerConfigKeys (ConfUtils.java:logGet(46)) - raft.server.log.appender.buffer.byte-limit = 33554432 (custom)
2022-10-18 03:53:51,921 [omNode-2@group-523986131536-LeaderElection12] INFO  server.RaftServerConfigKeys (ConfUtils.java:logGet(46)) - raft.server.log.appender.buffer.element-limit = 1024 (custom)
2022-10-18 03:53:51,922 [omNode-2@group-523986131536-LeaderElection12] INFO  grpc.GrpcConfigKeys (ConfUtils.java:logGet(46)) - raft.grpc.server.leader.outstanding.appends.max = 128 (default)
2022-10-18 03:53:51,922 [omNode-2@group-523986131536-LeaderElection12] INFO  server.RaftServerConfigKeys (ConfUtils.java:logGet(46)) - raft.server.rpc.request.timeout = 3000ms (default)
2022-10-18 03:53:51,922 [omNode-2@group-523986131536-LeaderElection12] INFO  server.RaftServerConfigKeys (ConfUtils.java:logGet(46)) - raft.server.log.appender.install.snapshot.enabled = false (custom)
2022-10-18 03:53:51,923 [omNode-2@group-523986131536-LeaderElection12] INFO  server.RaftServerConfigKeys (ConfUtils.java:logGet(46)) - raft.server.log.appender.snapshot.chunk.size.max = 16MB (=16777216) (default)
2022-10-18 03:53:51,923 [omNode-2@group-523986131536-LeaderElection12] INFO  server.RaftServerConfigKeys (ConfUtils.java:logGet(46)) - raft.server.log.appender.buffer.byte-limit = 33554432 (custom)
2022-10-18 03:53:51,923 [omNode-2@group-523986131536-LeaderElection12] INFO  server.RaftServerConfigKeys (ConfUtils.java:logGet(46)) - raft.server.log.appender.buffer.element-limit = 1024 (custom)
2022-10-18 03:53:51,923 [omNode-2@group-523986131536-LeaderElection12] INFO  grpc.GrpcConfigKeys (ConfUtils.java:logGet(46)) - raft.grpc.server.leader.outstanding.appends.max = 128 (default)
2022-10-18 03:53:51,923 [omNode-2@group-523986131536-LeaderElection12] INFO  server.RaftServerConfigKeys (ConfUtils.java:logGet(46)) - raft.server.rpc.request.timeout = 3000ms (default)
2022-10-18 03:53:51,923 [omNode-2@group-523986131536-LeaderElection12] INFO  server.RaftServerConfigKeys (ConfUtils.java:logGet(46)) - raft.server.log.appender.install.snapshot.enabled = false (custom)
2022-10-18 03:53:51,923 [omNode-2@group-523986131536-LeaderElection12] INFO  impl.RoleInfo (RoleInfo.java:updateAndGet(139)) - omNode-2: start omNode-2@group-523986131536-LeaderStateImpl
2022-10-18 03:53:51,924 [omNode-2@group-523986131536-LeaderElection12] INFO  segmented.SegmentedRaftLogWorker (SegmentedRaftLogWorker.java:rollLogSegment(430)) - omNode-2@group-523986131536-SegmentedRaftLogWorker: Rolling segment log-31_32 to index:32
2022-10-18 03:53:51,934 [omNode-2@group-523986131536-SegmentedRaftLogWorker] INFO  segmented.SegmentedRaftLogWorker (SegmentedRaftLogWorker.java:execute(586)) - omNode-2@group-523986131536-SegmentedRaftLogWorker: Rolled log segment from /home/runner/work/ozone/ozone/hadoop-ozone/integration-test/target/test-dir/MiniOzoneClusterImpl-5cdafbed-51d9-4f54-a43e-7c7e014ba032/omNode-2/ratis/c9bc4cf4-3bc3-3c60-a66b-523986131536/current/log_inprogress_31 to /home/runner/work/ozone/ozone/hadoop-ozone/integration-test/target/test-dir/MiniOzoneClusterImpl-5cdafbed-51d9-4f54-a43e-7c7e014ba032/omNode-2/ratis/c9bc4cf4-3bc3-3c60-a66b-523986131536/current/log_31-32
2022-10-18 03:53:51,934 [omNode-2@group-523986131536-LeaderElection12] INFO  server.RaftServer$Division (ServerState.java:setRaftConf(393)) - omNode-2@group-523986131536: set configuration 33: [omNode-3|rpc:localhost:44279|admin:|client:|dataStream:|priority:0, omNode-1|rpc:localhost:42747|admin:|client:|dataStream:|priority:0, omNode-2|rpc:localhost:37241|admin:|client:|dataStream:|priority:0], old=null
2022-10-18 03:53:51,940 [omNode-3-server-thread1] INFO  server.RaftServer$Division (ServerState.java:setLeader(287)) - omNode-3@group-523986131536: change Leader from null to omNode-2 at term 5 for appendEntries, leader elected after 29ms
2022-10-18 03:53:51,940 [omNode-1-server-thread1] INFO  server.RaftServer$Division (ServerState.java:setLeader(287)) - omNode-1@group-523986131536: change Leader from null to omNode-2 at term 5 for appendEntries, leader elected after 38ms
2022-10-18 03:53:51,943 [omNode-3-server-thread1] INFO  server.RaftServer$Division (ServerState.java:setRaftConf(393)) - omNode-3@group-523986131536: set configuration 33: [omNode-3|rpc:localhost:44279|admin:|client:|dataStream:|priority:0, omNode-1|rpc:localhost:42747|admin:|client:|dataStream:|priority:0, omNode-2|rpc:localhost:37241|admin:|client:|dataStream:|priority:0], old=null
2022-10-18 03:53:51,943 [omNode-3-server-thread1] INFO  segmented.SegmentedRaftLogWorker (SegmentedRaftLogWorker.java:rollLogSegment(430)) - omNode-3@group-523986131536-SegmentedRaftLogWorker: Rolling segment log-31_32 to index:32
2022-10-18 03:53:51,945 [omNode-3@group-523986131536-SegmentedRaftLogWorker] INFO  segmented.SegmentedRaftLogWorker (SegmentedRaftLogWorker.java:execute(586)) - omNode-3@group-523986131536-SegmentedRaftLogWorker: Rolled log segment from /home/runner/work/ozone/ozone/hadoop-ozone/integration-test/target/test-dir/MiniOzoneClusterImpl-5cdafbed-51d9-4f54-a43e-7c7e014ba032/omNode-3/ratis/c9bc4cf4-3bc3-3c60-a66b-523986131536/current/log_inprogress_31 to /home/runner/work/ozone/ozone/hadoop-ozone/integration-test/target/test-dir/MiniOzoneClusterImpl-5cdafbed-51d9-4f54-a43e-7c7e014ba032/omNode-3/ratis/c9bc4cf4-3bc3-3c60-a66b-523986131536/current/log_31-32
2022-10-18 03:53:51,950 [omNode-1-server-thread1] INFO  server.RaftServer$Division (ServerState.java:setRaftConf(393)) - omNode-1@group-523986131536: set configuration 33: [omNode-3|rpc:localhost:44279|admin:|client:|dataStream:|priority:0, omNode-1|rpc:localhost:42747|admin:|client:|dataStream:|priority:0, omNode-2|rpc:localhost:37241|admin:|client:|dataStream:|priority:0], old=null
2022-10-18 03:53:51,950 [omNode-1-server-thread1] INFO  segmented.SegmentedRaftLogWorker (SegmentedRaftLogWorker.java:rollLogSegment(430)) - omNode-1@group-523986131536-SegmentedRaftLogWorker: Rolling segment log-31_32 to index:32
2022-10-18 03:53:51,950 [omNode-2@group-523986131536-SegmentedRaftLogWorker] INFO  segmented.SegmentedRaftLogWorker (SegmentedRaftLogWorker.java:execute(629)) - omNode-2@group-523986131536-SegmentedRaftLogWorker: created new log segment /home/runner/work/ozone/ozone/hadoop-ozone/integration-test/target/test-dir/MiniOzoneClusterImpl-5cdafbed-51d9-4f54-a43e-7c7e014ba032/omNode-2/ratis/c9bc4cf4-3bc3-3c60-a66b-523986131536/current/log_inprogress_33
2022-10-18 03:53:51,952 [omNode-1@group-523986131536-SegmentedRaftLogWorker] INFO  segmented.SegmentedRaftLogWorker (SegmentedRaftLogWorker.java:execute(586)) - omNode-1@group-523986131536-SegmentedRaftLogWorker: Rolled log segment from /home/runner/work/ozone/ozone/hadoop-ozone/integration-test/target/test-dir/MiniOzoneClusterImpl-5cdafbed-51d9-4f54-a43e-7c7e014ba032/omNode-1/ratis/c9bc4cf4-3bc3-3c60-a66b-523986131536/current/log_inprogress_31 to /home/runner/work/ozone/ozone/hadoop-ozone/integration-test/target/test-dir/MiniOzoneClusterImpl-5cdafbed-51d9-4f54-a43e-7c7e014ba032/omNode-1/ratis/c9bc4cf4-3bc3-3c60-a66b-523986131536/current/log_31-32
2022-10-18 03:53:51,964 [omNode-3@group-523986131536-SegmentedRaftLogWorker] INFO  segmented.SegmentedRaftLogWorker (SegmentedRaftLogWorker.java:execute(629)) - omNode-3@group-523986131536-SegmentedRaftLogWorker: created new log segment /home/runner/work/ozone/ozone/hadoop-ozone/integration-test/target/test-dir/MiniOzoneClusterImpl-5cdafbed-51d9-4f54-a43e-7c7e014ba032/omNode-3/ratis/c9bc4cf4-3bc3-3c60-a66b-523986131536/current/log_inprogress_33
2022-10-18 03:53:51,965 [omNode-1@group-523986131536-SegmentedRaftLogWorker] INFO  segmented.SegmentedRaftLogWorker (SegmentedRaftLogWorker.java:execute(629)) - omNode-1@group-523986131536-SegmentedRaftLogWorker: created new log segment /home/runner/work/ozone/ozone/hadoop-ozone/integration-test/target/test-dir/MiniOzoneClusterImpl-5cdafbed-51d9-4f54-a43e-7c7e014ba032/omNode-1/ratis/c9bc4cf4-3bc3-3c60-a66b-523986131536/current/log_inprogress_33
2022-10-18 03:53:51,973 [omNode-2@group-523986131536-StateMachineUpdater] INFO  ratis.OzoneManagerStateMachine (OzoneManagerStateMachine.java:notifyConfigurationChanged(192)) - Received Configuration change notification from Ratis. New Peer list:
[id: "omNode-3"
address: "localhost:44279"
, id: "omNode-1"
address: "localhost:42747"
, id: "omNode-2"
address: "localhost:37241"
]
2022-10-18 03:53:51,978 [omNode-3@group-523986131536-StateMachineUpdater] INFO  ratis.OzoneManagerStateMachine (OzoneManagerStateMachine.java:notifyConfigurationChanged(192)) - Received Configuration change notification from Ratis. New Peer list:
[id: "omNode-3"
address: "localhost:44279"
, id: "omNode-1"
address: "localhost:42747"
, id: "omNode-2"
address: "localhost:37241"
]
2022-10-18 03:53:51,981 [omNode-1@group-523986131536-StateMachineUpdater] INFO  ratis.OzoneManagerStateMachine (OzoneManagerStateMachine.java:notifyConfigurationChanged(192)) - Received Configuration change notification from Ratis. New Peer list:
[id: "omNode-3"
address: "localhost:44279"
, id: "omNode-1"
address: "localhost:42747"
, id: "omNode-2"
address: "localhost:37241"
]
2022-10-18 03:53:53,157 [Listener at localhost/37159] INFO  retry.RetryInvocationHandler (RetryInvocationHandler.java:log(411)) - com.google.protobuf.ServiceException: org.apache.hadoop.ipc.RemoteException(org.apache.hadoop.ozone.om.exceptions.OMNotLeaderException): OM:omNode-1 is not the leader. Could not determine the leader node.
	at org.apache.hadoop.ozone.om.OzoneManager.checkLeaderStatus(OzoneManager.java:4115)
	at org.apache.hadoop.ozone.om.ratis.utils.OzoneManagerRatisUtils.checkLeaderStatus(OzoneManagerRatisUtils.java:446)
	at org.apache.hadoop.ozone.protocolPB.OzoneManagerProtocolServerSideTranslatorPB.processRequest(OzoneManagerProtocolServerSideTranslatorPB.java:181)
	at org.apache.hadoop.hdds.server.OzoneProtocolMessageDispatcher.processRequest(OzoneProtocolMessageDispatcher.java:87)
	at org.apache.hadoop.ozone.protocolPB.OzoneManagerProtocolServerSideTranslatorPB.submitRequest(OzoneManagerProtocolServerSideTranslatorPB.java:147)
	at org.apache.hadoop.ozone.protocol.proto.OzoneManagerProtocolProtos$OzoneManagerService$2.callBlockingMethod(OzoneManagerProtocolProtos.java)
	at org.apache.hadoop.ipc.ProtobufRpcEngine$Server.processCall(ProtobufRpcEngine.java:465)
	at org.apache.hadoop.ipc.ProtobufRpcEngine2$Server$ProtoBufRpcInvoker.call(ProtobufRpcEngine2.java:578)
	at org.apache.hadoop.ipc.ProtobufRpcEngine2$Server$ProtoBufRpcInvoker.call(ProtobufRpcEngine2.java:556)
	at org.apache.hadoop.ipc.RPC$Server.call(RPC.java:1093)
	at org.apache.hadoop.ipc.Server$RpcCall.run(Server.java:1043)
	at org.apache.hadoop.ipc.Server$RpcCall.run(Server.java:971)
	at java.security.AccessController.doPrivileged(Native Method)
	at javax.security.auth.Subject.doAs(Subject.java:422)
	at org.apache.hadoop.security.UserGroupInformation.doAs(UserGroupInformation.java:1878)
	at org.apache.hadoop.ipc.Server$Handler.run(Server.java:2976)
, while invoking $Proxy55.submitRequest over nodeId=omNode-1,nodeAddress=127.0.0.1:35797 after 1 failover attempts. Trying to failover immediately.
2022-10-18 03:53:53,159 [Listener at localhost/37159] INFO  retry.RetryInvocationHandler (RetryInvocationHandler.java:log(411)) - com.google.protobuf.ServiceException: java.io.EOFException: End of File Exception between local host is: "fv-az573-760/10.1.0.75"; destination host is: "localhost":37159; : java.io.EOFException; For more details see:  http://wiki.apache.org/hadoop/EOFException, while invoking $Proxy55.submitRequest over nodeId=omNode-2,nodeAddress=127.0.0.1:37159 after 2 failover attempts. Trying to failover immediately.
2022-10-18 03:53:53,168 [Listener at localhost/37159] INFO  retry.RetryInvocationHandler (RetryInvocationHandler.java:log(411)) - com.google.protobuf.ServiceException: org.apache.hadoop.ipc.RemoteException(org.apache.hadoop.ozone.om.exceptions.OMNotLeaderException): OM:omNode-3 is not the leader. Could not determine the leader node.
	at org.apache.hadoop.ozone.om.OzoneManager.checkLeaderStatus(OzoneManager.java:4115)
	at org.apache.hadoop.ozone.om.ratis.utils.OzoneManagerRatisUtils.checkLeaderStatus(OzoneManagerRatisUtils.java:446)
	at org.apache.hadoop.ozone.protocolPB.OzoneManagerProtocolServerSideTranslatorPB.processRequest(OzoneManagerProtocolServerSideTranslatorPB.java:181)
	at org.apache.hadoop.hdds.server.OzoneProtocolMessageDispatcher.processRequest(OzoneProtocolMessageDispatcher.java:87)
	at org.apache.hadoop.ozone.protocolPB.OzoneManagerProtocolServerSideTranslatorPB.submitRequest(OzoneManagerProtocolServerSideTranslatorPB.java:147)
	at org.apache.hadoop.ozone.protocol.proto.OzoneManagerProtocolProtos$OzoneManagerService$2.callBlockingMethod(OzoneManagerProtocolProtos.java)
	at org.apache.hadoop.ipc.ProtobufRpcEngine$Server.processCall(ProtobufRpcEngine.java:465)
	at org.apache.hadoop.ipc.ProtobufRpcEngine2$Server$ProtoBufRpcInvoker.call(ProtobufRpcEngine2.java:578)
	at org.apache.hadoop.ipc.ProtobufRpcEngine2$Server$ProtoBufRpcInvoker.call(ProtobufRpcEngine2.java:556)
	at org.apache.hadoop.ipc.RPC$Server.call(RPC.java:1093)
	at org.apache.hadoop.ipc.Server$RpcCall.run(Server.java:1043)
	at org.apache.hadoop.ipc.Server$RpcCall.run(Server.java:971)
	at java.security.AccessController.doPrivileged(Native Method)
	at javax.security.auth.Subject.doAs(Subject.java:422)
	at org.apache.hadoop.security.UserGroupInformation.doAs(UserGroupInformation.java:1878)
	at org.apache.hadoop.ipc.Server$Handler.run(Server.java:2976)
, while invoking $Proxy55.submitRequest over nodeId=omNode-3,nodeAddress=127.0.0.1:45489 after 3 failover attempts. Trying to failover after sleeping for 2000ms.
2022-10-18 03:53:55,174 [Listener at localhost/37159] INFO  retry.RetryInvocationHandler (RetryInvocationHandler.java:log(411)) - com.google.protobuf.ServiceException: org.apache.hadoop.ipc.RemoteException(org.apache.hadoop.ozone.om.exceptions.OMNotLeaderException): OM:omNode-1 is not the leader. Could not determine the leader node.
	at org.apache.hadoop.ozone.om.OzoneManager.checkLeaderStatus(OzoneManager.java:4115)
	at org.apache.hadoop.ozone.om.ratis.utils.OzoneManagerRatisUtils.checkLeaderStatus(OzoneManagerRatisUtils.java:446)
	at org.apache.hadoop.ozone.protocolPB.OzoneManagerProtocolServerSideTranslatorPB.processRequest(OzoneManagerProtocolServerSideTranslatorPB.java:181)
	at org.apache.hadoop.hdds.server.OzoneProtocolMessageDispatcher.processRequest(OzoneProtocolMessageDispatcher.java:87)
	at org.apache.hadoop.ozone.protocolPB.OzoneManagerProtocolServerSideTranslatorPB.submitRequest(OzoneManagerProtocolServerSideTranslatorPB.java:147)
	at org.apache.hadoop.ozone.protocol.proto.OzoneManagerProtocolProtos$OzoneManagerService$2.callBlockingMethod(OzoneManagerProtocolProtos.java)
	at org.apache.hadoop.ipc.ProtobufRpcEngine$Server.processCall(ProtobufRpcEngine.java:465)
	at org.apache.hadoop.ipc.ProtobufRpcEngine2$Server$ProtoBufRpcInvoker.call(ProtobufRpcEngine2.java:578)
	at org.apache.hadoop.ipc.ProtobufRpcEngine2$Server$ProtoBufRpcInvoker.call(ProtobufRpcEngine2.java:556)
	at org.apache.hadoop.ipc.RPC$Server.call(RPC.java:1093)
	at org.apache.hadoop.ipc.Server$RpcCall.run(Server.java:1043)
	at org.apache.hadoop.ipc.Server$RpcCall.run(Server.java:971)
	at java.security.AccessController.doPrivileged(Native Method)
	at javax.security.auth.Subject.doAs(Subject.java:422)
	at org.apache.hadoop.security.UserGroupInformation.doAs(UserGroupInformation.java:1878)
	at org.apache.hadoop.ipc.Server$Handler.run(Server.java:2976)
, while invoking $Proxy55.submitRequest over nodeId=omNode-1,nodeAddress=127.0.0.1:35797 after 4 failover attempts. Trying to failover immediately.
2022-10-18 03:53:55,189 [OM StateMachine ApplyTransaction Thread - 0] INFO  volume.OMVolumeCreateRequest (OMVolumeCreateRequest.java:validateAndUpdateCache(195)) - created volume:volume16162 for user:user62809
2022-10-18 03:53:55,199 [OM StateMachine ApplyTransaction Thread - 0] INFO  volume.OMVolumeCreateRequest (OMVolumeCreateRequest.java:validateAndUpdateCache(195)) - created volume:volume16162 for user:user62809
2022-10-18 03:53:55,200 [OM StateMachine ApplyTransaction Thread - 0] INFO  volume.OMVolumeCreateRequest (OMVolumeCreateRequest.java:validateAndUpdateCache(195)) - created volume:volume16162 for user:user62809
2022-10-18 03:53:55,207 [Listener at localhost/37159] INFO  rpc.RpcClient (RpcClient.java:createBucket(674)) - Creating Bucket: volume16162/1ad9532a-6756-4f96-aa6b-b78033586585, with server-side default bucket layout, runner as owner, Versioning false, Storage Type set to DISK and Encryption set to false 
2022-10-18 03:53:55,227 [OM StateMachine ApplyTransaction Thread - 0] INFO  bucket.OMBucketCreateRequest (OMBucketCreateRequest.java:validateAndUpdateCache(260)) - created bucket: 1ad9532a-6756-4f96-aa6b-b78033586585 of layout LEGACY in volume: volume16162
2022-10-18 03:53:55,229 [OM StateMachine ApplyTransaction Thread - 0] INFO  bucket.OMBucketCreateRequest (OMBucketCreateRequest.java:validateAndUpdateCache(260)) - created bucket: 1ad9532a-6756-4f96-aa6b-b78033586585 of layout LEGACY in volume: volume16162
2022-10-18 03:53:55,239 [OM StateMachine ApplyTransaction Thread - 0] INFO  bucket.OMBucketCreateRequest (OMBucketCreateRequest.java:validateAndUpdateCache(260)) - created bucket: 1ad9532a-6756-4f96-aa6b-b78033586585 of layout LEGACY in volume: volume16162
2022-10-18 03:53:55,627 [Listener at localhost/37159] INFO  om.OzoneManager (OzoneManager.java:stop(2034)) - omNode-2[localhost:37159]: Stopping Ozone Manager
2022-10-18 03:53:55,628 [Listener at localhost/37159] INFO  ipc.Server (Server.java:stop(3428)) - Stopping server on 37159
2022-10-18 03:53:55,637 [IPC Server Responder] INFO  ipc.Server (Server.java:run(1517)) - Stopping IPC Server Responder
2022-10-18 03:53:55,637 [IPC Server listener on 37159] INFO  ipc.Server (Server.java:run(1384)) - Stopping IPC Server listener on 37159
2022-10-18 03:53:55,638 [Listener at localhost/37159] INFO  server.RaftServer (RaftServerProxy.java:lambda$close$7(398)) - omNode-2: close
2022-10-18 03:53:55,638 [Listener at localhost/37159] INFO  server.RaftServer$Division (RaftServerImpl.java:lambda$close$4(434)) - omNode-2@group-523986131536: shutdown
2022-10-18 03:53:55,639 [Listener at localhost/37159] INFO  util.JmxRegister (JmxRegister.java:unregister(73)) - Successfully un-registered JMX Bean with object name Ratis:service=RaftServer,group=group-523986131536,id=omNode-2
2022-10-18 03:53:55,639 [Listener at localhost/37159] INFO  impl.RoleInfo (RoleInfo.java:shutdownLeaderState(93)) - omNode-2: shutdown omNode-2@group-523986131536-LeaderStateImpl
2022-10-18 03:53:55,639 [omNode-2@group-523986131536->omNode-3-GrpcLogAppender-LogAppenderDaemon] WARN  server.GrpcLogAppender (GrpcLogAppender.java:mayWait(171)) - omNode-2@group-523986131536->omNode-3-GrpcLogAppender: Wait interrupted by java.lang.InterruptedException
2022-10-18 03:53:55,639 [Listener at localhost/37159] INFO  impl.PendingRequests (PendingRequests.java:sendNotLeaderResponses(282)) - omNode-2@group-523986131536-PendingRequests: sendNotLeaderResponses
2022-10-18 03:53:55,640 [omNode-2@group-523986131536->omNode-1-GrpcLogAppender-LogAppenderDaemon] WARN  server.GrpcLogAppender (GrpcLogAppender.java:mayWait(171)) - omNode-2@group-523986131536->omNode-1-GrpcLogAppender: Wait interrupted by java.lang.InterruptedException
2022-10-18 03:53:55,640 [grpc-default-executor-3] INFO  server.GrpcServerProtocolService (GrpcServerProtocolService.java:onCompleted(140)) - omNode-3: Completed APPEND_ENTRIES, lastRequest: omNode-2->omNode-3#135-t5,previous=(t:5, i:57),leaderCommit=57,initializing? true,entries: size=1, first=(t:5, i:58), METADATAENTRY(c:57)
2022-10-18 03:53:55,641 [grpc-default-executor-2] INFO  server.GrpcServerProtocolService (GrpcServerProtocolService.java:onCompleted(140)) - omNode-1: Completed APPEND_ENTRIES, lastRequest: omNode-2->omNode-1#136-t5,previous=(t:5, i:57),leaderCommit=57,initializing? true,entries: size=1, first=(t:5, i:58), METADATAENTRY(c:57)
2022-10-18 03:53:55,641 [grpc-default-executor-1] INFO  server.GrpcLogAppender (GrpcLogAppender.java:onCompleted(339)) - omNode-2@group-523986131536->omNode-3-AppendLogResponseHandler: follower responses appendEntries COMPLETED
2022-10-18 03:53:55,641 [grpc-default-executor-1] INFO  leader.FollowerInfo (FollowerInfoImpl.java:lambda$new$0(48)) - omNode-2@group-523986131536->omNode-3: nextIndex: updateUnconditionally 59 -> 58
2022-10-18 03:53:55,641 [grpc-default-executor-0] INFO  server.GrpcLogAppender (GrpcLogAppender.java:onCompleted(339)) - omNode-2@group-523986131536->omNode-1-AppendLogResponseHandler: follower responses appendEntries COMPLETED
2022-10-18 03:53:55,641 [grpc-default-executor-0] INFO  leader.FollowerInfo (FollowerInfoImpl.java:lambda$new$0(48)) - omNode-2@group-523986131536->omNode-1: nextIndex: updateUnconditionally 59 -> 58
2022-10-18 03:53:55,643 [Listener at localhost/37159] INFO  impl.StateMachineUpdater (StateMachineUpdater.java:stopAndJoin(153)) - omNode-2@group-523986131536-StateMachineUpdater: set stopIndex = 58
2022-10-18 03:53:55,643 [omNode-2@group-523986131536-StateMachineUpdater] INFO  ratis.OzoneManagerStateMachine (OzoneManagerStateMachine.java:takeSnapshot(441)) - Current Snapshot Index (t:5, i:58)
2022-10-18 03:53:55,643 [omNode-2@group-523986131536-StateMachineUpdater] INFO  impl.StateMachineUpdater (StateMachineUpdater.java:takeSnapshot(287)) - omNode-2@group-523986131536-StateMachineUpdater: Took a snapshot at index 58
2022-10-18 03:53:55,643 [omNode-2@group-523986131536-StateMachineUpdater] INFO  impl.StateMachineUpdater (StateMachineUpdater.java:lambda$new$0(92)) - omNode-2@group-523986131536-StateMachineUpdater: snapshotIndex: updateIncreasingly 32 -> 58
2022-10-18 03:53:55,643 [omNode-2@group-523986131536-StateMachineUpdater] INFO  raftlog.RaftLog (RaftLogBase.java:purge(308)) - omNode-2@group-523986131536-SegmentedRaftLog: purge 58
2022-10-18 03:53:55,645 [omNode-2@group-523986131536-StateMachineUpdater] INFO  raftlog.RaftLog (RaftLogBase.java:lambda$new$0(53)) - omNode-2@group-523986131536-SegmentedRaftLog: snapshotIndex: updateIncreasingly 32 -> 58
2022-10-18 03:53:55,646 [omNode-2@group-523986131536-StateMachineUpdater] INFO  ratis.OzoneManagerStateMachine (OzoneManagerStateMachine.java:close(495)) - StateMachine has shutdown. Shutdown OzoneManager if not already shutdown.
2022-10-18 03:53:55,646 [omNode-2@group-523986131536-StateMachineUpdater] INFO  ratis.OzoneManagerDoubleBuffer (OzoneManagerDoubleBuffer.java:stop(466)) - Stopping OMDoubleBuffer flush thread
2022-10-18 03:53:55,646 [OMDoubleBufferFlushThread] INFO  ratis.OzoneManagerDoubleBuffer (OzoneManagerDoubleBuffer.java:flushTransactions(385)) - OMDoubleBuffer flush thread OMDoubleBufferFlushThread is interrupted and will exit.
2022-10-18 03:53:55,647 [omNode-2@group-523986131536-SegmentedRaftLogWorker] INFO  raftlog.RaftLog (RaftLogBase.java:lambda$new$0(53)) - omNode-2@group-523986131536-SegmentedRaftLog: purgeIndex: updateToMax old=-1, new=32, updated? true
2022-10-18 03:53:55,647 [Listener at localhost/37159] INFO  server.RaftServer$Division (ServerState.java:close(429)) - omNode-2@group-523986131536: closes. applyIndex: 58
2022-10-18 03:53:55,648 [omNode-2@group-523986131536-SegmentedRaftLogWorker] INFO  segmented.SegmentedRaftLogWorker (SegmentedRaftLogWorker.java:run(336)) - omNode-2@group-523986131536-SegmentedRaftLogWorker was interrupted, exiting. There are 0 tasks remaining in the queue.
2022-10-18 03:53:55,649 [Listener at localhost/37159] INFO  segmented.SegmentedRaftLogWorker (SegmentedRaftLogWorker.java:close(246)) - omNode-2@group-523986131536-SegmentedRaftLogWorker close()
2022-10-18 03:53:55,651 [Listener at localhost/37159] INFO  server.GrpcService (GrpcService.java:closeImpl(269)) - omNode-2: shutdown server with port 37241 now
2022-10-18 03:53:55,656 [Listener at localhost/37159] INFO  server.GrpcService (GrpcService.java:closeImpl(278)) - omNode-2: shutdown server with port 37241 successfully
2022-10-18 03:53:55,656 [org.apache.ratis.util.JvmPauseMonitor$$Lambda$703/726954313@58bb5d97] INFO  util.JvmPauseMonitor (JvmPauseMonitor.java:run(109)) - JvmPauseMonitor-omNode-2: Stopped
2022-10-18 03:53:55,656 [Listener at localhost/37159] INFO  ratis.OzoneManagerStateMachine (OzoneManagerStateMachine.java:close(495)) - StateMachine has shutdown. Shutdown OzoneManager if not already shutdown.
2022-10-18 03:53:55,657 [Listener at localhost/37159] INFO  ratis.OzoneManagerDoubleBuffer (OzoneManagerDoubleBuffer.java:stop(478)) - OMDoubleBuffer flush thread is not running.
2022-10-18 03:53:55,657 [Listener at localhost/37159] INFO  handler.ContextHandler (ContextHandler.java:doStop(1153)) - Stopped o.e.j.w.WebAppContext@49b79071{ozoneManager,/,null,STOPPED}{file:/home/runner/work/ozone/ozone/hadoop-ozone/integration-test/target/test-classes/webapps/ozoneManager}
2022-10-18 03:53:55,658 [Listener at localhost/37159] INFO  server.AbstractConnector (AbstractConnector.java:doStop(381)) - Stopped ServerConnector@6cd8046e{HTTP/1.1, (http/1.1)}{0.0.0.0:33977}
2022-10-18 03:53:55,658 [Listener at localhost/37159] INFO  server.session (HouseKeeper.java:stopScavenging(149)) - node0 Stopped scavenging
2022-10-18 03:53:55,659 [Listener at localhost/37159] INFO  handler.ContextHandler (ContextHandler.java:doStop(1153)) - Stopped o.e.j.s.ServletContextHandler@2c684f4e{static,/static,file:///home/runner/work/ozone/ozone/hadoop-ozone/integration-test/target/test-classes/webapps/static,STOPPED}
2022-10-18 03:53:55,659 [Listener at localhost/37159] INFO  handler.ContextHandler (ContextHandler.java:doStop(1153)) - Stopped o.e.j.s.ServletContextHandler@4ebdcc8a{logs,/logs,file:///home/runner/work/ozone/ozone/hadoop-ozone/integration-test/target/log,STOPPED}
2022-10-18 03:53:57,437 [omNode-1@group-523986131536-FollowerState] INFO  impl.FollowerState (FollowerState.java:run(143)) - omNode-1@group-523986131536-FollowerState: change to CANDIDATE, lastRpcElapsedTime:1830524739ns, electionTimeout:1094ms
2022-10-18 03:53:57,438 [omNode-1@group-523986131536-FollowerState] INFO  impl.RoleInfo (RoleInfo.java:shutdownFollowerState(110)) - omNode-1: shutdown omNode-1@group-523986131536-FollowerState
2022-10-18 03:53:57,438 [omNode-1@group-523986131536-FollowerState] INFO  server.RaftServer$Division (RaftServerImpl.java:setRole(299)) - omNode-1@group-523986131536: changes role from  FOLLOWER to CANDIDATE at term 5 for changeToCandidate
2022-10-18 03:53:57,438 [omNode-1@group-523986131536-FollowerState] INFO  server.RaftServerConfigKeys (ConfUtils.java:logGet(46)) - raft.server.leaderelection.pre-vote = false (custom)
2022-10-18 03:53:57,438 [omNode-1@group-523986131536-FollowerState] INFO  impl.RoleInfo (RoleInfo.java:updateAndGet(139)) - omNode-1: start omNode-1@group-523986131536-LeaderElection13
2022-10-18 03:53:57,439 [omNode-1@group-523986131536-LeaderElection13] INFO  server.RaftServer$Division (ServerState.java:setLeader(287)) - omNode-1@group-523986131536: change Leader from omNode-2 to null at term 5 for ELECTION
2022-10-18 03:53:57,442 [omNode-1@group-523986131536-LeaderElection13] INFO  impl.LeaderElection (LeaderElection.java:askForVotes(310)) - omNode-1@group-523986131536-LeaderElection13 ELECTION round 0: submit vote requests at term 6 for 33: [omNode-3|rpc:localhost:44279|admin:|client:|dataStream:|priority:0, omNode-1|rpc:localhost:42747|admin:|client:|dataStream:|priority:0, omNode-2|rpc:localhost:37241|admin:|client:|dataStream:|priority:0], old=null
2022-10-18 03:53:57,453 [omNode-1@group-523986131536-LeaderElection13] INFO  impl.LeaderElection (LogUtils.java:infoOrTrace(137)) - omNode-1@group-523986131536-LeaderElection13 got exception when requesting votes: java.util.concurrent.ExecutionException: org.apache.ratis.thirdparty.io.grpc.StatusRuntimeException: UNAVAILABLE: io exception
2022-10-18 03:53:57,455 [grpc-default-executor-3] INFO  server.RaftServer$Division (RaftServerImpl.java:requestVote(1152)) - omNode-3@group-523986131536: receive requestVote(ELECTION, omNode-1, group-523986131536, 6, (t:5, i:58))
2022-10-18 03:53:57,455 [grpc-default-executor-3] INFO  impl.VoteContext (VoteContext.java:log(48)) - omNode-3@group-523986131536-FOLLOWER: accept ELECTION from omNode-1: our priority 0 <= candidate's priority 0
2022-10-18 03:53:57,455 [grpc-default-executor-3] INFO  server.RaftServer$Division (ServerState.java:setLeader(287)) - omNode-3@group-523986131536: change Leader from omNode-2 to null at term 6 for updateCurrentTerm
2022-10-18 03:53:57,455 [grpc-default-executor-3] INFO  server.RaftServer$Division (RaftServerImpl.java:setRole(299)) - omNode-3@group-523986131536: changes role from  FOLLOWER to FOLLOWER at term 6 for candidate:omNode-1
2022-10-18 03:53:57,455 [grpc-default-executor-3] INFO  impl.RoleInfo (RoleInfo.java:shutdownFollowerState(110)) - omNode-3: shutdown omNode-3@group-523986131536-FollowerState
2022-10-18 03:53:57,455 [grpc-default-executor-3] INFO  impl.RoleInfo (RoleInfo.java:updateAndGet(139)) - omNode-3: start omNode-3@group-523986131536-FollowerState
2022-10-18 03:53:57,455 [omNode-3@group-523986131536-FollowerState] INFO  impl.FollowerState (FollowerState.java:run(152)) - omNode-3@group-523986131536-FollowerState was interrupted
2022-10-18 03:53:57,459 [grpc-default-executor-3] INFO  server.RaftServer$Division (RaftServerImpl.java:requestVote(1184)) - omNode-3@group-523986131536 replies to ELECTION vote request: omNode-1<-omNode-3#0:OK-t6. Peer's state: omNode-3@group-523986131536:t6, leader=null, voted=omNode-1, raftlog=omNode-3@group-523986131536-SegmentedRaftLog:OPENED:c57, conf=33: [omNode-3|rpc:localhost:44279|admin:|client:|dataStream:|priority:0, omNode-1|rpc:localhost:42747|admin:|client:|dataStream:|priority:0, omNode-2|rpc:localhost:37241|admin:|client:|dataStream:|priority:0], old=null
2022-10-18 03:53:57,461 [omNode-1@group-523986131536-LeaderElection13] INFO  impl.LeaderElection (LeaderElection.java:logAndReturn(90)) - omNode-1@group-523986131536-LeaderElection13: ELECTION PASSED received 1 response(s) and 1 exception(s):
2022-10-18 03:53:57,461 [omNode-1@group-523986131536-LeaderElection13] INFO  impl.LeaderElection (LeaderElection.java:logAndReturn(94)) -   Response 0: omNode-1<-omNode-3#0:OK-t6
2022-10-18 03:53:57,461 [omNode-1@group-523986131536-LeaderElection13] INFO  impl.LeaderElection (LogUtils.java:infoOrTrace(137)) -   Exception 1: java.util.concurrent.ExecutionException: org.apache.ratis.thirdparty.io.grpc.StatusRuntimeException: UNAVAILABLE: io exception
2022-10-18 03:53:57,461 [omNode-1@group-523986131536-LeaderElection13] INFO  impl.LeaderElection (LeaderElection.java:askForVotes(312)) - omNode-1@group-523986131536-LeaderElection13 ELECTION round 0: result PASSED
2022-10-18 03:53:57,461 [omNode-1@group-523986131536-LeaderElection13] INFO  impl.RoleInfo (RoleInfo.java:shutdownLeaderElection(130)) - omNode-1: shutdown omNode-1@group-523986131536-LeaderElection13
2022-10-18 03:53:57,461 [omNode-1@group-523986131536-LeaderElection13] INFO  server.RaftServer$Division (RaftServerImpl.java:setRole(299)) - omNode-1@group-523986131536: changes role from CANDIDATE to LEADER at term 6 for changeToLeader
2022-10-18 03:53:57,461 [omNode-1@group-523986131536-LeaderElection13] INFO  server.RaftServer$Division (ServerState.java:setLeader(287)) - omNode-1@group-523986131536: change Leader from null to omNode-1 at term 6 for becomeLeader, leader elected after 21ms
2022-10-18 03:53:57,461 [omNode-1@group-523986131536-LeaderElection13] INFO  server.RaftServerConfigKeys (ConfUtils.java:logGet(46)) - raft.server.staging.catchup.gap = 1000 (default)
2022-10-18 03:53:57,462 [omNode-1@group-523986131536-LeaderElection13] INFO  server.RaftServerConfigKeys (ConfUtils.java:logGet(46)) - raft.server.write.element-limit = 4096 (default)
2022-10-18 03:53:57,462 [omNode-1@group-523986131536-LeaderElection13] INFO  server.RaftServerConfigKeys (ConfUtils.java:logGet(46)) - raft.server.write.byte-limit = 64MB (=67108864) (default)
2022-10-18 03:53:57,462 [omNode-1@group-523986131536-LeaderElection13] INFO  server.RaftServerConfigKeys (ConfUtils.java:logGet(46)) - raft.server.watch.timeout = 10s (default)
2022-10-18 03:53:57,462 [omNode-1@group-523986131536-LeaderElection13] INFO  server.RaftServerConfigKeys (ConfUtils.java:logGet(46)) - raft.server.watch.timeout.denomination = 1s (default)
2022-10-18 03:53:57,462 [omNode-1@group-523986131536-LeaderElection13] INFO  server.RaftServerConfigKeys (ConfUtils.java:logGet(46)) - raft.server.watch.element-limit = 65536 (default)
2022-10-18 03:53:57,462 [omNode-1@group-523986131536-LeaderElection13] INFO  server.RaftServerConfigKeys (ConfUtils.java:logGet(46)) - raft.server.write.element-limit = 4096 (default)
2022-10-18 03:53:57,462 [omNode-1@group-523986131536-LeaderElection13] INFO  server.RaftServerConfigKeys (ConfUtils.java:logGet(46)) - raft.server.write.follower.gap.ratio.max = -1.0 (default)
2022-10-18 03:53:57,463 [omNode-1@group-523986131536-LeaderElection13] INFO  server.RaftServerConfigKeys (ConfUtils.java:logGet(46)) - raft.server.log.appender.snapshot.chunk.size.max = 16MB (=16777216) (default)
2022-10-18 03:53:57,463 [omNode-1@group-523986131536-LeaderElection13] INFO  server.RaftServerConfigKeys (ConfUtils.java:logGet(46)) - raft.server.log.appender.buffer.byte-limit = 33554432 (custom)
2022-10-18 03:53:57,464 [omNode-1@group-523986131536-LeaderElection13] INFO  server.RaftServerConfigKeys (ConfUtils.java:logGet(46)) - raft.server.log.appender.buffer.element-limit = 1024 (custom)
2022-10-18 03:53:57,465 [omNode-1@group-523986131536-LeaderElection13] INFO  grpc.GrpcConfigKeys (ConfUtils.java:logGet(46)) - raft.grpc.server.leader.outstanding.appends.max = 128 (default)
2022-10-18 03:53:57,465 [omNode-1@group-523986131536-LeaderElection13] INFO  server.RaftServerConfigKeys (ConfUtils.java:logGet(46)) - raft.server.rpc.request.timeout = 3000ms (default)
2022-10-18 03:53:57,465 [omNode-1@group-523986131536-LeaderElection13] INFO  server.RaftServerConfigKeys (ConfUtils.java:logGet(46)) - raft.server.log.appender.install.snapshot.enabled = false (custom)
2022-10-18 03:53:57,470 [omNode-1@group-523986131536-LeaderElection13] INFO  server.RaftServerConfigKeys (ConfUtils.java:logGet(46)) - raft.server.log.appender.snapshot.chunk.size.max = 16MB (=16777216) (default)
2022-10-18 03:53:57,470 [omNode-1@group-523986131536-LeaderElection13] INFO  server.RaftServerConfigKeys (ConfUtils.java:logGet(46)) - raft.server.log.appender.buffer.byte-limit = 33554432 (custom)
2022-10-18 03:53:57,470 [omNode-1@group-523986131536-LeaderElection13] INFO  server.RaftServerConfigKeys (ConfUtils.java:logGet(46)) - raft.server.log.appender.buffer.element-limit = 1024 (custom)
2022-10-18 03:53:57,471 [omNode-1@group-523986131536-LeaderElection13] INFO  grpc.GrpcConfigKeys (ConfUtils.java:logGet(46)) - raft.grpc.server.leader.outstanding.appends.max = 128 (default)
2022-10-18 03:53:57,471 [omNode-1@group-523986131536-LeaderElection13] INFO  server.RaftServerConfigKeys (ConfUtils.java:logGet(46)) - raft.server.rpc.request.timeout = 3000ms (default)
2022-10-18 03:53:57,471 [omNode-1@group-523986131536-LeaderElection13] INFO  server.RaftServerConfigKeys (ConfUtils.java:logGet(46)) - raft.server.log.appender.install.snapshot.enabled = false (custom)
2022-10-18 03:53:57,473 [omNode-1@group-523986131536-LeaderElection13] INFO  impl.RoleInfo (RoleInfo.java:updateAndGet(139)) - omNode-1: start omNode-1@group-523986131536-LeaderStateImpl
2022-10-18 03:53:57,473 [omNode-1@group-523986131536-LeaderElection13] INFO  segmented.SegmentedRaftLogWorker (SegmentedRaftLogWorker.java:rollLogSegment(430)) - omNode-1@group-523986131536-SegmentedRaftLogWorker: Rolling segment log-33_58 to index:58
2022-10-18 03:53:57,474 [omNode-1@group-523986131536-SegmentedRaftLogWorker] INFO  segmented.SegmentedRaftLogWorker (SegmentedRaftLogWorker.java:execute(586)) - omNode-1@group-523986131536-SegmentedRaftLogWorker: Rolled log segment from /home/runner/work/ozone/ozone/hadoop-ozone/integration-test/target/test-dir/MiniOzoneClusterImpl-5cdafbed-51d9-4f54-a43e-7c7e014ba032/omNode-1/ratis/c9bc4cf4-3bc3-3c60-a66b-523986131536/current/log_inprogress_33 to /home/runner/work/ozone/ozone/hadoop-ozone/integration-test/target/test-dir/MiniOzoneClusterImpl-5cdafbed-51d9-4f54-a43e-7c7e014ba032/omNode-1/ratis/c9bc4cf4-3bc3-3c60-a66b-523986131536/current/log_33-58
2022-10-18 03:53:57,479 [omNode-1@group-523986131536-LeaderElection13] INFO  server.RaftServer$Division (ServerState.java:setRaftConf(393)) - omNode-1@group-523986131536: set configuration 59: [omNode-3|rpc:localhost:44279|admin:|client:|dataStream:|priority:0, omNode-1|rpc:localhost:42747|admin:|client:|dataStream:|priority:0, omNode-2|rpc:localhost:37241|admin:|client:|dataStream:|priority:0], old=null
2022-10-18 03:53:57,480 [grpc-default-executor-3] WARN  server.GrpcLogAppender (LogUtils.java:warn(122)) - omNode-1@group-523986131536->omNode-2-AppendLogResponseHandler: Failed appendEntries: org.apache.ratis.thirdparty.io.grpc.StatusRuntimeException: UNAVAILABLE: io exception
2022-10-18 03:53:57,483 [grpc-default-executor-3] WARN  server.GrpcLogAppender (GrpcLogAppender.java:resetClient(111)) - omNode-1@group-523986131536->omNode-2-GrpcLogAppender: Leader has not got in touch with Follower omNode-1@group-523986131536->omNode-2(c-1,m0,n60, attendVote=true, lastRpcSendTime=0, lastRpcResponseTime=1220) yet, just keep nextIndex unchanged and retry.
2022-10-18 03:53:57,486 [omNode-1@group-523986131536-SegmentedRaftLogWorker] INFO  segmented.SegmentedRaftLogWorker (SegmentedRaftLogWorker.java:execute(629)) - omNode-1@group-523986131536-SegmentedRaftLogWorker: created new log segment /home/runner/work/ozone/ozone/hadoop-ozone/integration-test/target/test-dir/MiniOzoneClusterImpl-5cdafbed-51d9-4f54-a43e-7c7e014ba032/omNode-1/ratis/c9bc4cf4-3bc3-3c60-a66b-523986131536/current/log_inprogress_59
2022-10-18 03:53:57,486 [omNode-3-server-thread1] INFO  server.RaftServer$Division (ServerState.java:setLeader(287)) - omNode-3@group-523986131536: change Leader from null to omNode-1 at term 6 for appendEntries, leader elected after 31ms
2022-10-18 03:53:57,487 [omNode-3-server-thread1] INFO  server.RaftServer$Division (ServerState.java:setRaftConf(393)) - omNode-3@group-523986131536: set configuration 59: [omNode-3|rpc:localhost:44279|admin:|client:|dataStream:|priority:0, omNode-1|rpc:localhost:42747|admin:|client:|dataStream:|priority:0, omNode-2|rpc:localhost:37241|admin:|client:|dataStream:|priority:0], old=null
2022-10-18 03:53:57,487 [omNode-3-server-thread1] INFO  segmented.SegmentedRaftLogWorker (SegmentedRaftLogWorker.java:rollLogSegment(430)) - omNode-3@group-523986131536-SegmentedRaftLogWorker: Rolling segment log-33_58 to index:58
2022-10-18 03:53:57,488 [omNode-3@group-523986131536-SegmentedRaftLogWorker] INFO  segmented.SegmentedRaftLogWorker (SegmentedRaftLogWorker.java:execute(586)) - omNode-3@group-523986131536-SegmentedRaftLogWorker: Rolled log segment from /home/runner/work/ozone/ozone/hadoop-ozone/integration-test/target/test-dir/MiniOzoneClusterImpl-5cdafbed-51d9-4f54-a43e-7c7e014ba032/omNode-3/ratis/c9bc4cf4-3bc3-3c60-a66b-523986131536/current/log_inprogress_33 to /home/runner/work/ozone/ozone/hadoop-ozone/integration-test/target/test-dir/MiniOzoneClusterImpl-5cdafbed-51d9-4f54-a43e-7c7e014ba032/omNode-3/ratis/c9bc4cf4-3bc3-3c60-a66b-523986131536/current/log_33-58
2022-10-18 03:53:57,500 [omNode-3@group-523986131536-SegmentedRaftLogWorker] INFO  segmented.SegmentedRaftLogWorker (SegmentedRaftLogWorker.java:execute(629)) - omNode-3@group-523986131536-SegmentedRaftLogWorker: created new log segment /home/runner/work/ozone/ozone/hadoop-ozone/integration-test/target/test-dir/MiniOzoneClusterImpl-5cdafbed-51d9-4f54-a43e-7c7e014ba032/omNode-3/ratis/c9bc4cf4-3bc3-3c60-a66b-523986131536/current/log_inprogress_59
2022-10-18 03:53:57,510 [grpc-default-executor-3] WARN  server.GrpcLogAppender (LogUtils.java:warn(122)) - omNode-1@group-523986131536->omNode-2-AppendLogResponseHandler: Failed appendEntries: org.apache.ratis.thirdparty.io.grpc.StatusRuntimeException: UNAVAILABLE: io exception
2022-10-18 03:53:57,511 [grpc-default-executor-3] WARN  server.GrpcLogAppender (GrpcLogAppender.java:resetClient(111)) - omNode-1@group-523986131536->omNode-2-GrpcLogAppender: Leader has not got in touch with Follower omNode-1@group-523986131536->omNode-2(c-1,m0,n61, attendVote=true, lastRpcSendTime=27, lastRpcResponseTime=1247) yet, just keep nextIndex unchanged and retry.
2022-10-18 03:53:57,517 [omNode-1@group-523986131536-StateMachineUpdater] INFO  ratis.OzoneManagerStateMachine (OzoneManagerStateMachine.java:notifyConfigurationChanged(192)) - Received Configuration change notification from Ratis. New Peer list:
[id: "omNode-3"
address: "localhost:44279"
, id: "omNode-1"
address: "localhost:42747"
, id: "omNode-2"
address: "localhost:37241"
]
2022-10-18 03:53:57,522 [omNode-3@group-523986131536-StateMachineUpdater] INFO  ratis.OzoneManagerStateMachine (OzoneManagerStateMachine.java:notifyConfigurationChanged(192)) - Received Configuration change notification from Ratis. New Peer list:
[id: "omNode-3"
address: "localhost:44279"
, id: "omNode-1"
address: "localhost:42747"
, id: "omNode-2"
address: "localhost:37241"
]
2022-10-18 03:53:57,733 [grpc-default-executor-3] WARN  server.GrpcLogAppender (LogUtils.java:warn(122)) - omNode-1@group-523986131536->omNode-2-AppendLogResponseHandler: Failed appendEntries: org.apache.ratis.thirdparty.io.grpc.StatusRuntimeException: UNAVAILABLE: io exception
2022-10-18 03:53:57,734 [grpc-default-executor-3] WARN  server.GrpcLogAppender (GrpcLogAppender.java:resetClient(111)) - omNode-1@group-523986131536->omNode-2-GrpcLogAppender: Leader has not got in touch with Follower omNode-1@group-523986131536->omNode-2(c-1,m0,n61, attendVote=true, lastRpcSendTime=222, lastRpcResponseTime=1471) yet, just keep nextIndex unchanged and retry.
2022-10-18 03:53:57,984 [grpc-default-executor-3] WARN  server.GrpcLogAppender (LogUtils.java:warn(122)) - omNode-1@group-523986131536->omNode-2-AppendLogResponseHandler: Failed appendEntries: org.apache.ratis.thirdparty.io.grpc.StatusRuntimeException: UNAVAILABLE: io exception
2022-10-18 03:53:57,985 [grpc-default-executor-3] WARN  server.GrpcLogAppender (GrpcLogAppender.java:resetClient(111)) - omNode-1@group-523986131536->omNode-2-GrpcLogAppender: Leader has not got in touch with Follower omNode-1@group-523986131536->omNode-2(c-1,m0,n61, attendVote=true, lastRpcSendTime=0, lastRpcResponseTime=1722) yet, just keep nextIndex unchanged and retry.
2022-10-18 03:53:58,235 [grpc-default-executor-3] WARN  server.GrpcLogAppender (LogUtils.java:warn(122)) - omNode-1@group-523986131536->omNode-2-AppendLogResponseHandler: Failed appendEntries: org.apache.ratis.thirdparty.io.grpc.StatusRuntimeException: UNAVAILABLE: io exception
2022-10-18 03:53:58,236 [grpc-default-executor-3] WARN  server.GrpcLogAppender (GrpcLogAppender.java:resetClient(111)) - omNode-1@group-523986131536->omNode-2-GrpcLogAppender: Leader has not got in touch with Follower omNode-1@group-523986131536->omNode-2(c-1,m0,n61, attendVote=true, lastRpcSendTime=0, lastRpcResponseTime=1973) yet, just keep nextIndex unchanged and retry.
2022-10-18 03:53:58,485 [grpc-default-executor-3] WARN  server.GrpcLogAppender (LogUtils.java:warn(122)) - omNode-1@group-523986131536->omNode-2-AppendLogResponseHandler: Failed appendEntries: org.apache.ratis.thirdparty.io.grpc.StatusRuntimeException: UNAVAILABLE: io exception
2022-10-18 03:53:58,486 [grpc-default-executor-3] WARN  server.GrpcLogAppender (GrpcLogAppender.java:resetClient(111)) - omNode-1@group-523986131536->omNode-2-GrpcLogAppender: Leader has not got in touch with Follower omNode-1@group-523986131536->omNode-2(c-1,m0,n61, attendVote=true, lastRpcSendTime=0, lastRpcResponseTime=2223) yet, just keep nextIndex unchanged and retry.
2022-10-18 03:53:58,736 [grpc-default-executor-3] WARN  server.GrpcLogAppender (LogUtils.java:warn(122)) - omNode-1@group-523986131536->omNode-2-AppendLogResponseHandler: Failed appendEntries: org.apache.ratis.thirdparty.io.grpc.StatusRuntimeException: UNAVAILABLE: io exception
2022-10-18 03:53:58,737 [grpc-default-executor-3] WARN  server.GrpcLogAppender (GrpcLogAppender.java:resetClient(111)) - omNode-1@group-523986131536->omNode-2-GrpcLogAppender: Leader has not got in touch with Follower omNode-1@group-523986131536->omNode-2(c-1,m0,n61, attendVote=true, lastRpcSendTime=0, lastRpcResponseTime=2474) yet, just keep nextIndex unchanged and retry.
2022-10-18 03:53:58,986 [grpc-default-executor-3] WARN  server.GrpcLogAppender (LogUtils.java:warn(122)) - omNode-1@group-523986131536->omNode-2-AppendLogResponseHandler: Failed appendEntries: org.apache.ratis.thirdparty.io.grpc.StatusRuntimeException: UNAVAILABLE: io exception
2022-10-18 03:53:58,989 [grpc-default-executor-3] WARN  server.GrpcLogAppender (GrpcLogAppender.java:resetClient(111)) - omNode-1@group-523986131536->omNode-2-GrpcLogAppender: Leader has not got in touch with Follower omNode-1@group-523986131536->omNode-2(c-1,m0,n61, attendVote=true, lastRpcSendTime=253, lastRpcResponseTime=2726) yet, just keep nextIndex unchanged and retry.
2022-10-18 03:53:59,242 [grpc-default-executor-3] WARN  server.GrpcLogAppender (LogUtils.java:warn(122)) - omNode-1@group-523986131536->omNode-2-AppendLogResponseHandler: Failed appendEntries: org.apache.ratis.thirdparty.io.grpc.StatusRuntimeException: UNAVAILABLE: io exception
2022-10-18 03:53:59,243 [grpc-default-executor-3] WARN  server.GrpcLogAppender (GrpcLogAppender.java:resetClient(111)) - omNode-1@group-523986131536->omNode-2-GrpcLogAppender: Leader has not got in touch with Follower omNode-1@group-523986131536->omNode-2(c-1,m0,n61, attendVote=true, lastRpcSendTime=0, lastRpcResponseTime=2980) yet, just keep nextIndex unchanged and retry.
2022-10-18 03:53:59,493 [grpc-default-executor-3] WARN  server.GrpcLogAppender (LogUtils.java:warn(122)) - omNode-1@group-523986131536->omNode-2-AppendLogResponseHandler: Failed appendEntries: org.apache.ratis.thirdparty.io.grpc.StatusRuntimeException: UNAVAILABLE: io exception
2022-10-18 03:53:59,494 [grpc-default-executor-3] WARN  server.GrpcLogAppender (GrpcLogAppender.java:resetClient(111)) - omNode-1@group-523986131536->omNode-2-GrpcLogAppender: Leader has not got in touch with Follower omNode-1@group-523986131536->omNode-2(c-1,m0,n61, attendVote=true, lastRpcSendTime=0, lastRpcResponseTime=3231) yet, just keep nextIndex unchanged and retry.
2022-10-18 03:53:59,744 [grpc-default-executor-3] WARN  server.GrpcLogAppender (LogUtils.java:warn(122)) - omNode-1@group-523986131536->omNode-2-AppendLogResponseHandler: Failed appendEntries: org.apache.ratis.thirdparty.io.grpc.StatusRuntimeException: UNAVAILABLE: io exception
2022-10-18 03:53:59,744 [grpc-default-executor-3] WARN  server.GrpcLogAppender (GrpcLogAppender.java:resetClient(111)) - omNode-1@group-523986131536->omNode-2-GrpcLogAppender: Leader has not got in touch with Follower omNode-1@group-523986131536->omNode-2(c-1,m0,n61, attendVote=true, lastRpcSendTime=0, lastRpcResponseTime=3481) yet, just keep nextIndex unchanged and retry.
2022-10-18 03:53:59,994 [grpc-default-executor-3] WARN  server.GrpcLogAppender (LogUtils.java:warn(122)) - omNode-1@group-523986131536->omNode-2-AppendLogResponseHandler: Failed appendEntries: org.apache.ratis.thirdparty.io.grpc.StatusRuntimeException: UNAVAILABLE: io exception
2022-10-18 03:53:59,995 [grpc-default-executor-3] WARN  server.GrpcLogAppender (GrpcLogAppender.java:resetClient(111)) - omNode-1@group-523986131536->omNode-2-GrpcLogAppender: Leader has not got in touch with Follower omNode-1@group-523986131536->omNode-2(c-1,m0,n61, attendVote=true, lastRpcSendTime=0, lastRpcResponseTime=3732) yet, just keep nextIndex unchanged and retry.
2022-10-18 03:54:00,245 [grpc-default-executor-3] WARN  server.GrpcLogAppender (LogUtils.java:warn(122)) - omNode-1@group-523986131536->omNode-2-AppendLogResponseHandler: Failed appendEntries: org.apache.ratis.thirdparty.io.grpc.StatusRuntimeException: UNAVAILABLE: io exception
2022-10-18 03:54:00,246 [grpc-default-executor-3] WARN  server.GrpcLogAppender (GrpcLogAppender.java:resetClient(111)) - omNode-1@group-523986131536->omNode-2-GrpcLogAppender: Leader has not got in touch with Follower omNode-1@group-523986131536->omNode-2(c-1,m0,n61, attendVote=true, lastRpcSendTime=1, lastRpcResponseTime=3983) yet, just keep nextIndex unchanged and retry.
2022-10-18 03:54:00,495 [grpc-default-executor-3] WARN  server.GrpcLogAppender (LogUtils.java:warn(122)) - omNode-1@group-523986131536->omNode-2-AppendLogResponseHandler: Failed appendEntries: org.apache.ratis.thirdparty.io.grpc.StatusRuntimeException: UNAVAILABLE: io exception
2022-10-18 03:54:00,496 [grpc-default-executor-3] WARN  server.GrpcLogAppender (GrpcLogAppender.java:resetClient(111)) - omNode-1@group-523986131536->omNode-2-GrpcLogAppender: Leader has not got in touch with Follower omNode-1@group-523986131536->omNode-2(c-1,m0,n61, attendVote=true, lastRpcSendTime=0, lastRpcResponseTime=4233) yet, just keep nextIndex unchanged and retry.
2022-10-18 03:54:00,745 [grpc-default-executor-3] WARN  server.GrpcLogAppender (LogUtils.java:warn(122)) - omNode-1@group-523986131536->omNode-2-AppendLogResponseHandler: Failed appendEntries: org.apache.ratis.thirdparty.io.grpc.StatusRuntimeException: UNAVAILABLE: io exception
2022-10-18 03:54:00,746 [grpc-default-executor-3] WARN  server.GrpcLogAppender (GrpcLogAppender.java:resetClient(111)) - omNode-1@group-523986131536->omNode-2-GrpcLogAppender: Leader has not got in touch with Follower omNode-1@group-523986131536->omNode-2(c-1,m0,n61, attendVote=true, lastRpcSendTime=0, lastRpcResponseTime=4483) yet, just keep nextIndex unchanged and retry.
2022-10-18 03:54:00,996 [grpc-default-executor-3] WARN  server.GrpcLogAppender (LogUtils.java:warn(122)) - omNode-1@group-523986131536->omNode-2-AppendLogResponseHandler: Failed appendEntries: org.apache.ratis.thirdparty.io.grpc.StatusRuntimeException: UNAVAILABLE: io exception
2022-10-18 03:54:00,997 [grpc-default-executor-3] WARN  server.GrpcLogAppender (GrpcLogAppender.java:resetClient(111)) - omNode-1@group-523986131536->omNode-2-GrpcLogAppender: Leader has not got in touch with Follower omNode-1@group-523986131536->omNode-2(c-1,m0,n61, attendVote=true, lastRpcSendTime=0, lastRpcResponseTime=4734) yet, just keep nextIndex unchanged and retry.
2022-10-18 03:54:01,246 [grpc-default-executor-2] WARN  server.GrpcLogAppender (LogUtils.java:warn(122)) - omNode-1@group-523986131536->omNode-2-AppendLogResponseHandler: Failed appendEntries: org.apache.ratis.thirdparty.io.grpc.StatusRuntimeException: UNAVAILABLE: io exception
2022-10-18 03:54:01,247 [grpc-default-executor-2] WARN  server.GrpcLogAppender (GrpcLogAppender.java:resetClient(111)) - omNode-1@group-523986131536->omNode-2-GrpcLogAppender: Leader has not got in touch with Follower omNode-1@group-523986131536->omNode-2(c-1,m0,n61, attendVote=true, lastRpcSendTime=0, lastRpcResponseTime=4984) yet, just keep nextIndex unchanged and retry.
2022-10-18 03:54:01,497 [grpc-default-executor-2] WARN  server.GrpcLogAppender (LogUtils.java:warn(122)) - omNode-1@group-523986131536->omNode-2-AppendLogResponseHandler: Failed appendEntries: org.apache.ratis.thirdparty.io.grpc.StatusRuntimeException: UNAVAILABLE: io exception
2022-10-18 03:54:01,498 [grpc-default-executor-2] WARN  server.GrpcLogAppender (GrpcLogAppender.java:resetClient(111)) - omNode-1@group-523986131536->omNode-2-GrpcLogAppender: Leader has not got in touch with Follower omNode-1@group-523986131536->omNode-2(c-1,m0,n61, attendVote=true, lastRpcSendTime=0, lastRpcResponseTime=5235) yet, just keep nextIndex unchanged and retry.
2022-10-18 03:54:01,747 [grpc-default-executor-2] WARN  server.GrpcLogAppender (LogUtils.java:warn(122)) - omNode-1@group-523986131536->omNode-2-AppendLogResponseHandler: Failed appendEntries: org.apache.ratis.thirdparty.io.grpc.StatusRuntimeException: UNAVAILABLE: io exception
2022-10-18 03:54:01,748 [grpc-default-executor-2] WARN  server.GrpcLogAppender (GrpcLogAppender.java:resetClient(111)) - omNode-1@group-523986131536->omNode-2-GrpcLogAppender: Leader has not got in touch with Follower omNode-1@group-523986131536->omNode-2(c-1,m0,n61, attendVote=true, lastRpcSendTime=0, lastRpcResponseTime=5485) yet, just keep nextIndex unchanged and retry.
2022-10-18 03:54:01,998 [grpc-default-executor-2] WARN  server.GrpcLogAppender (LogUtils.java:warn(122)) - omNode-1@group-523986131536->omNode-2-AppendLogResponseHandler: Failed appendEntries: org.apache.ratis.thirdparty.io.grpc.StatusRuntimeException: UNAVAILABLE: io exception
2022-10-18 03:54:01,999 [grpc-default-executor-2] WARN  server.GrpcLogAppender (GrpcLogAppender.java:resetClient(111)) - omNode-1@group-523986131536->omNode-2-GrpcLogAppender: Leader has not got in touch with Follower omNode-1@group-523986131536->omNode-2(c-1,m0,n61, attendVote=true, lastRpcSendTime=0, lastRpcResponseTime=5736) yet, just keep nextIndex unchanged and retry.
2022-10-18 03:54:02,248 [grpc-default-executor-2] WARN  server.GrpcLogAppender (LogUtils.java:warn(122)) - omNode-1@group-523986131536->omNode-2-AppendLogResponseHandler: Failed appendEntries: org.apache.ratis.thirdparty.io.grpc.StatusRuntimeException: UNAVAILABLE: io exception
2022-10-18 03:54:02,249 [grpc-default-executor-2] WARN  server.GrpcLogAppender (GrpcLogAppender.java:resetClient(111)) - omNode-1@group-523986131536->omNode-2-GrpcLogAppender: Leader has not got in touch with Follower omNode-1@group-523986131536->omNode-2(c-1,m0,n61, attendVote=true, lastRpcSendTime=0, lastRpcResponseTime=5986) yet, just keep nextIndex unchanged and retry.
2022-10-18 03:54:02,499 [grpc-default-executor-2] WARN  server.GrpcLogAppender (LogUtils.java:warn(122)) - omNode-1@group-523986131536->omNode-2-AppendLogResponseHandler: Failed appendEntries: org.apache.ratis.thirdparty.io.grpc.StatusRuntimeException: UNAVAILABLE: io exception
2022-10-18 03:54:02,499 [grpc-default-executor-2] WARN  server.GrpcLogAppender (GrpcLogAppender.java:resetClient(111)) - omNode-1@group-523986131536->omNode-2-GrpcLogAppender: Leader has not got in touch with Follower omNode-1@group-523986131536->omNode-2(c-1,m0,n61, attendVote=true, lastRpcSendTime=0, lastRpcResponseTime=6236) yet, just keep nextIndex unchanged and retry.
2022-10-18 03:54:02,749 [grpc-default-executor-2] WARN  server.GrpcLogAppender (LogUtils.java:warn(122)) - omNode-1@group-523986131536->omNode-2-AppendLogResponseHandler: Failed appendEntries: org.apache.ratis.thirdparty.io.grpc.StatusRuntimeException: UNAVAILABLE: io exception
2022-10-18 03:54:02,750 [grpc-default-executor-2] WARN  server.GrpcLogAppender (GrpcLogAppender.java:resetClient(111)) - omNode-1@group-523986131536->omNode-2-GrpcLogAppender: Leader has not got in touch with Follower omNode-1@group-523986131536->omNode-2(c-1,m0,n61, attendVote=true, lastRpcSendTime=0, lastRpcResponseTime=6487) yet, just keep nextIndex unchanged and retry.
2022-10-18 03:54:03,000 [grpc-default-executor-2] WARN  server.GrpcLogAppender (LogUtils.java:warn(122)) - omNode-1@group-523986131536->omNode-2-AppendLogResponseHandler: Failed appendEntries: org.apache.ratis.thirdparty.io.grpc.StatusRuntimeException: UNAVAILABLE: io exception
2022-10-18 03:54:03,000 [grpc-default-executor-2] WARN  server.GrpcLogAppender (GrpcLogAppender.java:resetClient(111)) - omNode-1@group-523986131536->omNode-2-GrpcLogAppender: Leader has not got in touch with Follower omNode-1@group-523986131536->omNode-2(c-1,m0,n61, attendVote=true, lastRpcSendTime=0, lastRpcResponseTime=6737) yet, just keep nextIndex unchanged and retry.
2022-10-18 03:54:03,250 [grpc-default-executor-2] WARN  server.GrpcLogAppender (LogUtils.java:warn(122)) - omNode-1@group-523986131536->omNode-2-AppendLogResponseHandler: Failed appendEntries: org.apache.ratis.thirdparty.io.grpc.StatusRuntimeException: UNAVAILABLE: io exception
2022-10-18 03:54:03,251 [grpc-default-executor-2] WARN  server.GrpcLogAppender (GrpcLogAppender.java:resetClient(111)) - omNode-1@group-523986131536->omNode-2-GrpcLogAppender: Leader has not got in touch with Follower omNode-1@group-523986131536->omNode-2(c-1,m0,n61, attendVote=true, lastRpcSendTime=0, lastRpcResponseTime=6988) yet, just keep nextIndex unchanged and retry.
2022-10-18 03:54:03,501 [grpc-default-executor-2] WARN  server.GrpcLogAppender (LogUtils.java:warn(122)) - omNode-1@group-523986131536->omNode-2-AppendLogResponseHandler: Failed appendEntries: org.apache.ratis.thirdparty.io.grpc.StatusRuntimeException: UNAVAILABLE: io exception
2022-10-18 03:54:03,502 [grpc-default-executor-2] WARN  server.GrpcLogAppender (GrpcLogAppender.java:resetClient(111)) - omNode-1@group-523986131536->omNode-2-GrpcLogAppender: Leader has not got in touch with Follower omNode-1@group-523986131536->omNode-2(c-1,m0,n61, attendVote=true, lastRpcSendTime=0, lastRpcResponseTime=7239) yet, just keep nextIndex unchanged and retry.
2022-10-18 03:54:03,664 [Listener at localhost/37159] INFO  retry.RetryInvocationHandler (RetryInvocationHandler.java:log(411)) - com.google.protobuf.ServiceException: java.io.EOFException: End of File Exception between local host is: "fv-az573-760/10.1.0.75"; destination host is: "localhost":37159; : java.io.EOFException; For more details see:  http://wiki.apache.org/hadoop/EOFException, while invoking $Proxy55.submitRequest over nodeId=omNode-2,nodeAddress=127.0.0.1:37159. Trying to failover immediately.
2022-10-18 03:54:03,678 [Listener at localhost/37159] INFO  retry.RetryInvocationHandler (RetryInvocationHandler.java:log(411)) - com.google.protobuf.ServiceException: org.apache.hadoop.ipc.RemoteException(org.apache.hadoop.ozone.om.exceptions.OMNotLeaderException): OM:omNode-3 is not the leader. Could not determine the leader node.
	at org.apache.hadoop.ozone.protocolPB.OzoneManagerProtocolServerSideTranslatorPB.createNotLeaderException(OzoneManagerProtocolServerSideTranslatorPB.java:248)
	at org.apache.hadoop.ozone.protocolPB.OzoneManagerProtocolServerSideTranslatorPB.createLeaderErrorException(OzoneManagerProtocolServerSideTranslatorPB.java:235)
	at org.apache.hadoop.ozone.protocolPB.OzoneManagerProtocolServerSideTranslatorPB.submitReadRequestToOM(OzoneManagerProtocolServerSideTranslatorPB.java:228)
	at org.apache.hadoop.ozone.protocolPB.OzoneManagerProtocolServerSideTranslatorPB.processRequest(OzoneManagerProtocolServerSideTranslatorPB.java:175)
	at org.apache.hadoop.hdds.server.OzoneProtocolMessageDispatcher.processRequest(OzoneProtocolMessageDispatcher.java:87)
	at org.apache.hadoop.ozone.protocolPB.OzoneManagerProtocolServerSideTranslatorPB.submitRequest(OzoneManagerProtocolServerSideTranslatorPB.java:147)
	at org.apache.hadoop.ozone.protocol.proto.OzoneManagerProtocolProtos$OzoneManagerService$2.callBlockingMethod(OzoneManagerProtocolProtos.java)
	at org.apache.hadoop.ipc.ProtobufRpcEngine$Server.processCall(ProtobufRpcEngine.java:465)
	at org.apache.hadoop.ipc.ProtobufRpcEngine2$Server$ProtoBufRpcInvoker.call(ProtobufRpcEngine2.java:578)
	at org.apache.hadoop.ipc.ProtobufRpcEngine2$Server$ProtoBufRpcInvoker.call(ProtobufRpcEngine2.java:556)
	at org.apache.hadoop.ipc.RPC$Server.call(RPC.java:1093)
	at org.apache.hadoop.ipc.Server$RpcCall.run(Server.java:1043)
	at org.apache.hadoop.ipc.Server$RpcCall.run(Server.java:971)
	at java.security.AccessController.doPrivileged(Native Method)
	at javax.security.auth.Subject.doAs(Subject.java:422)
	at org.apache.hadoop.security.UserGroupInformation.doAs(UserGroupInformation.java:1878)
	at org.apache.hadoop.ipc.Server$Handler.run(Server.java:2976)
, while invoking $Proxy55.submitRequest over nodeId=omNode-3,nodeAddress=127.0.0.1:45489 after 1 failover attempts. Trying to failover after sleeping for 2000ms.
2022-10-18 03:54:03,752 [grpc-default-executor-2] WARN  server.GrpcLogAppender (LogUtils.java:warn(122)) - omNode-1@group-523986131536->omNode-2-AppendLogResponseHandler: Failed appendEntries: org.apache.ratis.thirdparty.io.grpc.StatusRuntimeException: UNAVAILABLE: io exception
2022-10-18 03:54:03,753 [grpc-default-executor-2] WARN  server.GrpcLogAppender (GrpcLogAppender.java:resetClient(111)) - omNode-1@group-523986131536->omNode-2-GrpcLogAppender: Leader has not got in touch with Follower omNode-1@group-523986131536->omNode-2(c-1,m0,n61, attendVote=true, lastRpcSendTime=0, lastRpcResponseTime=7490) yet, just keep nextIndex unchanged and retry.
2022-10-18 03:54:04,002 [grpc-default-executor-2] WARN  server.GrpcLogAppender (LogUtils.java:warn(122)) - omNode-1@group-523986131536->omNode-2-AppendLogResponseHandler: Failed appendEntries: org.apache.ratis.thirdparty.io.grpc.StatusRuntimeException: UNAVAILABLE: io exception
2022-10-18 03:54:04,003 [grpc-default-executor-2] WARN  server.GrpcLogAppender (GrpcLogAppender.java:resetClient(111)) - omNode-1@group-523986131536->omNode-2-GrpcLogAppender: Leader has not got in touch with Follower omNode-1@group-523986131536->omNode-2(c-1,m0,n61, attendVote=true, lastRpcSendTime=1, lastRpcResponseTime=7740) yet, just keep nextIndex unchanged and retry.
2022-10-18 03:54:04,253 [grpc-default-executor-2] WARN  server.GrpcLogAppender (LogUtils.java:warn(122)) - omNode-1@group-523986131536->omNode-2-AppendLogResponseHandler: Failed appendEntries: org.apache.ratis.thirdparty.io.grpc.StatusRuntimeException: UNAVAILABLE: io exception
2022-10-18 03:54:04,253 [grpc-default-executor-2] WARN  server.GrpcLogAppender (GrpcLogAppender.java:resetClient(111)) - omNode-1@group-523986131536->omNode-2-GrpcLogAppender: Leader has not got in touch with Follower omNode-1@group-523986131536->omNode-2(c-1,m0,n61, attendVote=true, lastRpcSendTime=0, lastRpcResponseTime=7990) yet, just keep nextIndex unchanged and retry.
2022-10-18 03:54:04,503 [grpc-default-executor-2] WARN  server.GrpcLogAppender (LogUtils.java:warn(122)) - omNode-1@group-523986131536->omNode-2-AppendLogResponseHandler: Failed appendEntries: org.apache.ratis.thirdparty.io.grpc.StatusRuntimeException: UNAVAILABLE: io exception
2022-10-18 03:54:04,504 [grpc-default-executor-2] WARN  server.GrpcLogAppender (GrpcLogAppender.java:resetClient(111)) - omNode-1@group-523986131536->omNode-2-GrpcLogAppender: Leader has not got in touch with Follower omNode-1@group-523986131536->omNode-2(c-1,m0,n61, attendVote=true, lastRpcSendTime=0, lastRpcResponseTime=8241) yet, just keep nextIndex unchanged and retry.
2022-10-18 03:54:04,754 [grpc-default-executor-2] WARN  server.GrpcLogAppender (LogUtils.java:warn(122)) - omNode-1@group-523986131536->omNode-2-AppendLogResponseHandler: Failed appendEntries: org.apache.ratis.thirdparty.io.grpc.StatusRuntimeException: UNAVAILABLE: io exception
2022-10-18 03:54:04,754 [grpc-default-executor-2] WARN  server.GrpcLogAppender (GrpcLogAppender.java:resetClient(111)) - omNode-1@group-523986131536->omNode-2-GrpcLogAppender: Leader has not got in touch with Follower omNode-1@group-523986131536->omNode-2(c-1,m0,n61, attendVote=true, lastRpcSendTime=251, lastRpcResponseTime=8491) yet, just keep nextIndex unchanged and retry.
2022-10-18 03:54:05,005 [grpc-default-executor-2] WARN  server.GrpcLogAppender (LogUtils.java:warn(122)) - omNode-1@group-523986131536->omNode-2-AppendLogResponseHandler: Failed appendEntries: org.apache.ratis.thirdparty.io.grpc.StatusRuntimeException: UNAVAILABLE: io exception
2022-10-18 03:54:05,006 [grpc-default-executor-2] WARN  server.GrpcLogAppender (GrpcLogAppender.java:resetClient(111)) - omNode-1@group-523986131536->omNode-2-GrpcLogAppender: Leader has not got in touch with Follower omNode-1@group-523986131536->omNode-2(c-1,m0,n61, attendVote=true, lastRpcSendTime=0, lastRpcResponseTime=8743) yet, just keep nextIndex unchanged and retry.
2022-10-18 03:54:05,255 [grpc-default-executor-2] WARN  server.GrpcLogAppender (LogUtils.java:warn(122)) - omNode-1@group-523986131536->omNode-2-AppendLogResponseHandler: Failed appendEntries: org.apache.ratis.thirdparty.io.grpc.StatusRuntimeException: UNAVAILABLE: io exception
2022-10-18 03:54:05,256 [grpc-default-executor-2] WARN  server.GrpcLogAppender (GrpcLogAppender.java:resetClient(111)) - omNode-1@group-523986131536->omNode-2-GrpcLogAppender: Leader has not got in touch with Follower omNode-1@group-523986131536->omNode-2(c-1,m0,n61, attendVote=true, lastRpcSendTime=0, lastRpcResponseTime=8993) yet, just keep nextIndex unchanged and retry.
2022-10-18 03:54:05,506 [grpc-default-executor-2] WARN  server.GrpcLogAppender (LogUtils.java:warn(122)) - omNode-1@group-523986131536->omNode-2-AppendLogResponseHandler: Failed appendEntries: org.apache.ratis.thirdparty.io.grpc.StatusRuntimeException: UNAVAILABLE: io exception
2022-10-18 03:54:05,507 [grpc-default-executor-2] WARN  server.GrpcLogAppender (GrpcLogAppender.java:resetClient(111)) - omNode-1@group-523986131536->omNode-2-GrpcLogAppender: Leader has not got in touch with Follower omNode-1@group-523986131536->omNode-2(c-1,m0,n61, attendVote=true, lastRpcSendTime=0, lastRpcResponseTime=9244) yet, just keep nextIndex unchanged and retry.
2022-10-18 03:54:05,692 [Listener at localhost/37159] INFO  om.OzoneManager (OzoneManager.java:stop(2034)) - omNode-3[localhost:45489]: Stopping Ozone Manager
2022-10-18 03:54:05,693 [Listener at localhost/37159] INFO  ipc.Server (Server.java:stop(3428)) - Stopping server on 45489
2022-10-18 03:54:05,696 [IPC Server Responder] INFO  ipc.Server (Server.java:run(1517)) - Stopping IPC Server Responder
2022-10-18 03:54:05,697 [IPC Server listener on 45489] INFO  ipc.Server (Server.java:run(1384)) - Stopping IPC Server listener on 45489
2022-10-18 03:54:05,697 [Listener at localhost/37159] INFO  server.RaftServer (RaftServerProxy.java:lambda$close$7(398)) - omNode-3: close
2022-10-18 03:54:05,697 [Listener at localhost/37159] INFO  server.RaftServer$Division (RaftServerImpl.java:lambda$close$4(434)) - omNode-3@group-523986131536: shutdown
2022-10-18 03:54:05,698 [Listener at localhost/37159] INFO  util.JmxRegister (JmxRegister.java:unregister(73)) - Successfully un-registered JMX Bean with object name Ratis:service=RaftServer,group=group-523986131536,id=omNode-3
2022-10-18 03:54:05,698 [Listener at localhost/37159] INFO  impl.RoleInfo (RoleInfo.java:shutdownFollowerState(110)) - omNode-3: shutdown omNode-3@group-523986131536-FollowerState
2022-10-18 03:54:05,698 [omNode-3@group-523986131536-FollowerState] INFO  impl.FollowerState (FollowerState.java:run(152)) - omNode-3@group-523986131536-FollowerState was interrupted
2022-10-18 03:54:05,698 [omNode-3@group-523986131536-StateMachineUpdater] INFO  ratis.OzoneManagerStateMachine (OzoneManagerStateMachine.java:takeSnapshot(441)) - Current Snapshot Index (t:6, i:60)
2022-10-18 03:54:05,699 [omNode-3@group-523986131536-StateMachineUpdater] INFO  impl.StateMachineUpdater (StateMachineUpdater.java:takeSnapshot(287)) - omNode-3@group-523986131536-StateMachineUpdater: Took a snapshot at index 60
2022-10-18 03:54:05,699 [omNode-3@group-523986131536-StateMachineUpdater] INFO  impl.StateMachineUpdater (StateMachineUpdater.java:lambda$new$0(92)) - omNode-3@group-523986131536-StateMachineUpdater: snapshotIndex: updateIncreasingly 30 -> 60
2022-10-18 03:54:05,699 [omNode-3@group-523986131536-StateMachineUpdater] INFO  raftlog.RaftLog (RaftLogBase.java:purge(308)) - omNode-3@group-523986131536-SegmentedRaftLog: purge 60
2022-10-18 03:54:05,699 [omNode-3@group-523986131536-StateMachineUpdater] INFO  raftlog.RaftLog (RaftLogBase.java:lambda$new$0(53)) - omNode-3@group-523986131536-SegmentedRaftLog: snapshotIndex: updateIncreasingly 30 -> 60
2022-10-18 03:54:05,699 [omNode-3@group-523986131536-StateMachineUpdater] INFO  ratis.OzoneManagerStateMachine (OzoneManagerStateMachine.java:close(495)) - StateMachine has shutdown. Shutdown OzoneManager if not already shutdown.
2022-10-18 03:54:05,699 [omNode-3@group-523986131536-StateMachineUpdater] INFO  ratis.OzoneManagerDoubleBuffer (OzoneManagerDoubleBuffer.java:stop(466)) - Stopping OMDoubleBuffer flush thread
2022-10-18 03:54:05,699 [OMDoubleBufferFlushThread] INFO  ratis.OzoneManagerDoubleBuffer (OzoneManagerDoubleBuffer.java:flushTransactions(385)) - OMDoubleBuffer flush thread OMDoubleBufferFlushThread is interrupted and will exit.
2022-10-18 03:54:05,700 [omNode-3@group-523986131536-SegmentedRaftLogWorker] INFO  raftlog.RaftLog (RaftLogBase.java:lambda$new$0(53)) - omNode-3@group-523986131536-SegmentedRaftLog: purgeIndex: updateToMax old=-1, new=58, updated? true
2022-10-18 03:54:05,700 [Listener at localhost/37159] INFO  impl.StateMachineUpdater (StateMachineUpdater.java:stopAndJoin(153)) - omNode-3@group-523986131536-StateMachineUpdater: set stopIndex = 60
2022-10-18 03:54:05,701 [Listener at localhost/37159] INFO  server.RaftServer$Division (ServerState.java:close(429)) - omNode-3@group-523986131536: closes. applyIndex: 60
2022-10-18 03:54:05,701 [omNode-3@group-523986131536-SegmentedRaftLogWorker] INFO  segmented.SegmentedRaftLogWorker (SegmentedRaftLogWorker.java:run(336)) - omNode-3@group-523986131536-SegmentedRaftLogWorker was interrupted, exiting. There are 0 tasks remaining in the queue.
2022-10-18 03:54:05,703 [Listener at localhost/37159] INFO  segmented.SegmentedRaftLogWorker (SegmentedRaftLogWorker.java:close(246)) - omNode-3@group-523986131536-SegmentedRaftLogWorker close()
2022-10-18 03:54:05,705 [Listener at localhost/37159] INFO  server.GrpcService (GrpcService.java:closeImpl(269)) - omNode-3: shutdown server with port 44279 now
2022-10-18 03:54:05,710 [grpc-default-executor-3] WARN  server.GrpcServerProtocolService (LogUtils.java:warn(122)) - omNode-3: installSnapshot onError, lastRequest: omNode-1->omNode-3#2-t6,previous=(t:6, i:59),leaderCommit=59,initializing? true,entries: size=1, first=(t:6, i:60), METADATAENTRY(c:59): org.apache.ratis.thirdparty.io.grpc.StatusRuntimeException: CANCELLED: client cancelled
2022-10-18 03:54:05,714 [Listener at localhost/37159] INFO  server.GrpcService (GrpcService.java:closeImpl(278)) - omNode-3: shutdown server with port 44279 successfully
2022-10-18 03:54:05,714 [org.apache.ratis.util.JvmPauseMonitor$$Lambda$703/726954313@13c56b25] INFO  util.JvmPauseMonitor (JvmPauseMonitor.java:run(109)) - JvmPauseMonitor-omNode-3: Stopped
2022-10-18 03:54:05,715 [Listener at localhost/37159] INFO  ratis.OzoneManagerStateMachine (OzoneManagerStateMachine.java:close(495)) - StateMachine has shutdown. Shutdown OzoneManager if not already shutdown.
2022-10-18 03:54:05,715 [Listener at localhost/37159] INFO  ratis.OzoneManagerDoubleBuffer (OzoneManagerDoubleBuffer.java:stop(478)) - OMDoubleBuffer flush thread is not running.
2022-10-18 03:54:05,715 [Listener at localhost/37159] INFO  handler.ContextHandler (ContextHandler.java:doStop(1153)) - Stopped o.e.j.w.WebAppContext@1161beb2{ozoneManager,/,null,STOPPED}{file:/home/runner/work/ozone/ozone/hadoop-ozone/integration-test/target/test-classes/webapps/ozoneManager}
2022-10-18 03:54:05,716 [Listener at localhost/37159] INFO  server.AbstractConnector (AbstractConnector.java:doStop(381)) - Stopped ServerConnector@f096b2a{HTTP/1.1, (http/1.1)}{0.0.0.0:34765}
2022-10-18 03:54:05,716 [Listener at localhost/37159] INFO  server.session (HouseKeeper.java:stopScavenging(149)) - node0 Stopped scavenging
2022-10-18 03:54:05,717 [Listener at localhost/37159] INFO  handler.ContextHandler (ContextHandler.java:doStop(1153)) - Stopped o.e.j.s.ServletContextHandler@33c17518{static,/static,file:///home/runner/work/ozone/ozone/hadoop-ozone/integration-test/target/test-classes/webapps/static,STOPPED}
2022-10-18 03:54:05,717 [Listener at localhost/37159] INFO  handler.ContextHandler (ContextHandler.java:doStop(1153)) - Stopped o.e.j.s.ServletContextHandler@58b6268f{logs,/logs,file:///home/runner/work/ozone/ozone/hadoop-ozone/integration-test/target/log,STOPPED}
2022-10-18 03:54:05,722 [Listener at localhost/37159] INFO  om.OzoneManager (OzoneManager.java:restart(1571)) - OzoneManager RPC server is listening at localhost/127.0.0.1:45489
2022-10-18 03:54:05,723 [Listener at localhost/37159] INFO  impl.MetricsSystemImpl (MetricsSystemImpl.java:init(158)) - OzoneManager metrics system started (again)
2022-10-18 03:54:05,726 [grpc-default-executor-2] WARN  server.GrpcLogAppender (LogUtils.java:warn(122)) - omNode-1@group-523986131536->omNode-3-AppendLogResponseHandler: Failed appendEntries: org.apache.ratis.thirdparty.io.grpc.StatusRuntimeException: CANCELLED: RST_STREAM closed stream. HTTP/2 error code: CANCEL
2022-10-18 03:54:05,726 [grpc-default-executor-2] INFO  leader.FollowerInfo (FollowerInfoImpl.java:lambda$new$0(48)) - omNode-1@group-523986131536->omNode-3: nextIndex: updateUnconditionally 61 -> 60
2022-10-18 03:54:05,730 [grpc-default-executor-3] WARN  server.GrpcLogAppender (LogUtils.java:warn(122)) - omNode-1@group-523986131536->omNode-3-AppendLogResponseHandler: Failed appendEntries: org.apache.ratis.thirdparty.io.grpc.StatusRuntimeException: UNAVAILABLE: io exception
2022-10-18 03:54:05,730 [grpc-default-executor-3] INFO  leader.FollowerInfo (FollowerInfoImpl.java:lambda$new$0(48)) - omNode-1@group-523986131536->omNode-3: nextIndex: updateUnconditionally 61 -> 60
2022-10-18 03:54:05,747 [Listener at localhost/37159] WARN  server.ServerUtils (ServerUtils.java:getDBPath(225)) - ozone.om.db.dirs is not configured. We recommend adding this setting. Falling back to ozone.metadata.dirs instead.
2022-10-18 03:54:05,748 [Listener at localhost/37159] INFO  codec.OmKeyInfoCodec (OmKeyInfoCodec.java:<init>(49)) - OmKeyInfoCodec ignorePipeline = true
2022-10-18 03:54:05,748 [Listener at localhost/37159] INFO  codec.RepeatedOmKeyInfoCodec (RepeatedOmKeyInfoCodec.java:<init>(41)) - RepeatedOmKeyInfoCodec ignorePipeline = true
2022-10-18 03:54:05,756 [grpc-default-executor-3] WARN  server.GrpcLogAppender (LogUtils.java:warn(122)) - omNode-1@group-523986131536->omNode-2-AppendLogResponseHandler: Failed appendEntries: org.apache.ratis.thirdparty.io.grpc.StatusRuntimeException: UNAVAILABLE: io exception
2022-10-18 03:54:05,757 [grpc-default-executor-3] WARN  server.GrpcLogAppender (GrpcLogAppender.java:resetClient(111)) - omNode-1@group-523986131536->omNode-2-GrpcLogAppender: Leader has not got in touch with Follower omNode-1@group-523986131536->omNode-2(c-1,m0,n61, attendVote=true, lastRpcSendTime=0, lastRpcResponseTime=9494) yet, just keep nextIndex unchanged and retry.
2022-10-18 03:54:05,811 [Listener at localhost/37159] INFO  om.OzoneManager (OzoneManager.java:instantiateServices(712)) - S3 Multi-Tenancy is disabled
2022-10-18 03:54:05,818 [Listener at localhost/37159] WARN  server.ServerUtils (ServerUtils.java:getDefaultRatisDirectory(237)) - Storage directory for Ratis is not configured. It is a good idea to map this to an SSD disk. Falling back to ozone.metadata.dirs
2022-10-18 03:54:05,819 [Listener at localhost/37159] INFO  ratis.OzoneManagerRatisServer (OzoneManagerRatisServer.java:<init>(160)) - Instantiating OM Ratis server with groupID: om-service-test1 and peers: localhost:44279, localhost:42747, localhost:37241
2022-10-18 03:54:05,820 [Listener at localhost/37159] INFO  ratis.OzoneManagerStateMachine (OzoneManagerStateMachine.java:loadSnapshotInfoFromDB(632)) - LastAppliedIndex is set from TransactionInfo from OM DB as (t:6, i:60)
2022-10-18 03:54:05,822 [Listener at localhost/37159] INFO  server.RaftServer (ConfUtils.java:logGet(46)) - raft.rpc.type = GRPC (default)
2022-10-18 03:54:05,822 [Listener at localhost/37159] INFO  grpc.GrpcFactory (GrpcFactory.java:checkPooledByteBufAllocatorUseCacheForAllThreads(48)) - PERFORMANCE WARNING: useCacheForAllThreads is true that may cause Netty to create a lot garbage objects and, as a result, trigger GC.
	It is recommended to disable useCacheForAllThreads by setting -Dorg.apache.ratis.thirdparty.io.netty.allocator.useCacheForAllThreads=false in command line.
2022-10-18 03:54:05,822 [Listener at localhost/37159] INFO  grpc.GrpcConfigKeys (ConfUtils.java:logGet(46)) - raft.grpc.admin.port = -1 (default)
2022-10-18 03:54:05,822 [Listener at localhost/37159] INFO  grpc.GrpcConfigKeys (ConfUtils.java:logGet(46)) - raft.grpc.server.port = 44279 (custom)
2022-10-18 03:54:05,823 [Listener at localhost/37159] INFO  grpc.GrpcConfigKeys (ConfUtils.java:logGet(46)) - raft.grpc.client.port = -1 (default)
2022-10-18 03:54:05,823 [Listener at localhost/37159] INFO  grpc.GrpcConfigKeys (ConfUtils.java:logGet(46)) - raft.grpc.server.port = 44279 (custom)
2022-10-18 03:54:05,823 [Listener at localhost/37159] INFO  grpc.GrpcConfigKeys (ConfUtils.java:logGet(46)) - raft.grpc.server.port = 44279 (custom)
2022-10-18 03:54:05,823 [Listener at localhost/37159] INFO  server.GrpcService (ConfUtils.java:logGet(46)) - raft.grpc.message.size.max = 33554432 (custom)
2022-10-18 03:54:05,823 [Listener at localhost/37159] INFO  server.RaftServerConfigKeys (ConfUtils.java:logGet(46)) - raft.server.log.appender.buffer.byte-limit = 33554432 (custom)
2022-10-18 03:54:05,824 [Listener at localhost/37159] INFO  server.GrpcService (ConfUtils.java:logGet(46)) - raft.grpc.flow.control.window = 1MB (=1048576) (default)
2022-10-18 03:54:05,824 [Listener at localhost/37159] INFO  server.RaftServerConfigKeys (ConfUtils.java:logGet(46)) - raft.server.rpc.request.timeout = 3000ms (default)
2022-10-18 03:54:05,824 [Listener at localhost/37159] INFO  grpc.GrpcConfigKeys (ConfUtils.java:logGet(46)) - raft.grpc.server.async.request.thread.pool.cached = true (default)
2022-10-18 03:54:05,824 [Listener at localhost/37159] INFO  grpc.GrpcConfigKeys (ConfUtils.java:logGet(46)) - raft.grpc.server.async.request.thread.pool.size = 32 (default)
2022-10-18 03:54:05,826 [Listener at localhost/37159] INFO  impl.DataStreamServerImpl (ConfUtils.java:logGet(46)) - raft.datastream.type = DISABLED (default)
2022-10-18 03:54:05,826 [Listener at localhost/37159] INFO  server.RaftServerConfigKeys (ConfUtils.java:logGet(46)) - raft.server.threadpool.proxy.cached = true (default)
2022-10-18 03:54:05,826 [Listener at localhost/37159] INFO  server.RaftServerConfigKeys (ConfUtils.java:logGet(46)) - raft.server.threadpool.proxy.size = 0 (default)
2022-10-18 03:54:05,826 [Listener at localhost/37159] INFO  server.RaftServerConfigKeys (ConfUtils.java:logGet(46)) - raft.server.rpc.slowness.timeout = 2s (custom)
2022-10-18 03:54:05,826 [Listener at localhost/37159] INFO  server.RaftServerConfigKeys (ConfUtils.java:logGet(46)) - raft.server.leaderelection.leader.step-down.wait-time = 10s (default)
2022-10-18 03:54:05,827 [Listener at localhost/37159] INFO  server.RaftServerConfigKeys (ConfUtils.java:logGet(46)) - raft.server.storage.dir = [/home/runner/work/ozone/ozone/hadoop-ozone/integration-test/target/test-dir/MiniOzoneClusterImpl-5cdafbed-51d9-4f54-a43e-7c7e014ba032/omNode-3/ratis] (custom)
2022-10-18 03:54:05,827 [omNode-3-impl-thread1] INFO  server.RaftServer (RaftServerProxy.java:initGroupDir(247)) - omNode-3: found a subdirectory /home/runner/work/ozone/ozone/hadoop-ozone/integration-test/target/test-dir/MiniOzoneClusterImpl-5cdafbed-51d9-4f54-a43e-7c7e014ba032/omNode-3/ratis/c9bc4cf4-3bc3-3c60-a66b-523986131536
2022-10-18 03:54:05,828 [Listener at localhost/37159] INFO  server.RaftServer (RaftServerProxy.java:addNew(96)) - omNode-3: addNew group-523986131536:[omNode-3|rpc:localhost:44279|priority:0, omNode-1|rpc:localhost:42747|priority:0, omNode-2|rpc:localhost:37241|priority:0] returns group-523986131536:java.util.concurrent.CompletableFuture@45959d[Not completed]
2022-10-18 03:54:05,828 [Listener at localhost/37159] INFO  om.OzoneManager (OzoneManager.java:initializeRatisServer(1975)) - OzoneManager Ratis server initialized at port 44279
2022-10-18 03:54:05,828 [Listener at localhost/37159] INFO  ratis.OzoneManagerRatisServer (OzoneManagerRatisServer.java:start(555)) - Starting OzoneManagerRatisServer omNode-3 at port 44279
2022-10-18 03:54:05,828 [pool-319-thread-1] INFO  server.RaftServer$Division (RaftServerImpl.java:<init>(190)) - omNode-3: new RaftServerImpl for group-523986131536:[omNode-3|rpc:localhost:44279|priority:0, omNode-1|rpc:localhost:42747|priority:0, omNode-2|rpc:localhost:37241|priority:0] with OzoneManagerStateMachine:uninitialized
2022-10-18 03:54:05,828 [pool-319-thread-1] INFO  server.RaftServerConfigKeys (ConfUtils.java:logGet(46)) - raft.server.rpc.timeout.min = 1s (custom)
2022-10-18 03:54:05,829 [pool-319-thread-1] INFO  server.RaftServerConfigKeys (ConfUtils.java:logGet(46)) - raft.server.rpc.timeout.max = 1200ms (custom)
2022-10-18 03:54:05,829 [pool-319-thread-1] INFO  server.RaftServerConfigKeys (ConfUtils.java:logGet(46)) - raft.server.rpc.sleep.time = 25ms (default)
2022-10-18 03:54:05,829 [pool-319-thread-1] INFO  server.RaftServerConfigKeys (ConfUtils.java:logGet(46)) - raft.server.rpc.slowness.timeout = 2s (custom)
2022-10-18 03:54:05,829 [pool-319-thread-1] INFO  server.RaftServerConfigKeys (ConfUtils.java:logGet(46)) - raft.server.leaderelection.leader.step-down.wait-time = 10s (default)
2022-10-18 03:54:05,829 [pool-319-thread-1] INFO  server.RaftServerConfigKeys (ConfUtils.java:logGet(46)) - raft.server.sleep.deviation.threshold = 300ms (default)
2022-10-18 03:54:05,829 [pool-319-thread-1] INFO  server.RaftServer$Division (ServerState.java:<init>(107)) - omNode-3@group-523986131536: ConfigurationManager, init=-1: [omNode-3|rpc:localhost:44279|priority:0, omNode-1|rpc:localhost:42747|priority:0, omNode-2|rpc:localhost:37241|priority:0], old=null, confs=<EMPTY_MAP>
2022-10-18 03:54:05,829 [pool-319-thread-1] INFO  server.RaftServerConfigKeys (ConfUtils.java:logGet(46)) - raft.server.storage.dir = [/home/runner/work/ozone/ozone/hadoop-ozone/integration-test/target/test-dir/MiniOzoneClusterImpl-5cdafbed-51d9-4f54-a43e-7c7e014ba032/omNode-3/ratis] (custom)
2022-10-18 03:54:05,829 [pool-319-thread-1] INFO  server.RaftServerConfigKeys (ConfUtils.java:logGet(46)) - raft.server.log.corruption.policy = EXCEPTION (default)
2022-10-18 03:54:05,829 [pool-319-thread-1] INFO  server.RaftServerConfigKeys (ConfUtils.java:logGet(46)) - raft.server.storage.free-space.min = 0MB (=0) (default)
2022-10-18 03:54:05,832 [pool-319-thread-1] INFO  storage.RaftStorageDirectory (RaftStorageDirectoryImpl.java:tryLock(230)) - Lock on /home/runner/work/ozone/ozone/hadoop-ozone/integration-test/target/test-dir/MiniOzoneClusterImpl-5cdafbed-51d9-4f54-a43e-7c7e014ba032/omNode-3/ratis/c9bc4cf4-3bc3-3c60-a66b-523986131536/in_use.lock acquired by nodename 30743@fv-az573-760
2022-10-18 03:54:05,832 [pool-319-thread-1] INFO  storage.RaftStorage (RaftStorageImpl.java:analyzeAndRecoverStorage(110)) - Read RaftStorageMetadata{term=6, votedFor=omNode-1} from /home/runner/work/ozone/ozone/hadoop-ozone/integration-test/target/test-dir/MiniOzoneClusterImpl-5cdafbed-51d9-4f54-a43e-7c7e014ba032/omNode-3/ratis/c9bc4cf4-3bc3-3c60-a66b-523986131536/current/raft-meta
2022-10-18 03:54:05,833 [pool-319-thread-1] INFO  server.RaftServer$Division (ServerState.java:setRaftConf(393)) - omNode-3@group-523986131536: set configuration 59: [omNode-3|rpc:localhost:44279|admin:|client:|dataStream:|priority:0, omNode-1|rpc:localhost:42747|admin:|client:|dataStream:|priority:0, omNode-2|rpc:localhost:37241|admin:|client:|dataStream:|priority:0], old=null
2022-10-18 03:54:05,833 [pool-319-thread-1] INFO  server.RaftServerConfigKeys (ConfUtils.java:logGet(46)) - raft.server.notification.no-leader.timeout = 2s (custom)
2022-10-18 03:54:05,833 [pool-319-thread-1] INFO  server.RaftServerConfigKeys (ConfUtils.java:logGet(46)) - raft.server.log.use.memory = false (default)
2022-10-18 03:54:05,833 [pool-319-thread-1] INFO  server.RaftServerConfigKeys (ConfUtils.java:logGet(46)) - raft.server.log.purge.gap = 50 (custom)
2022-10-18 03:54:05,833 [pool-319-thread-1] INFO  server.RaftServerConfigKeys (ConfUtils.java:logGet(46)) - raft.server.log.appender.buffer.byte-limit = 33554432 (custom)
2022-10-18 03:54:05,833 [pool-319-thread-1] INFO  server.RaftServerConfigKeys (ConfUtils.java:logGet(46)) - raft.server.log.statemachine.data.read.timeout = 1000ms (default)
2022-10-18 03:54:05,833 [pool-319-thread-1] INFO  server.RaftServerConfigKeys (ConfUtils.java:logGet(46)) - raft.server.log.segment.size.max = 4194304 (custom)
2022-10-18 03:54:05,834 [pool-319-thread-1] INFO  server.RaftServerConfigKeys (ConfUtils.java:logGet(46)) - raft.server.log.segment.cache.num.max = 2 (custom)
2022-10-18 03:54:05,834 [pool-319-thread-1] INFO  server.RaftServerConfigKeys (ConfUtils.java:logGet(46)) - raft.server.log.segment.cache.size.max = 200MB (=209715200) (default)
2022-10-18 03:54:05,834 [pool-319-thread-1] INFO  segmented.SegmentedRaftLogWorker (SegmentedRaftLogWorker.java:<init>(187)) - new omNode-3@group-523986131536-SegmentedRaftLogWorker for RaftStorageImpl:Storage Directory /home/runner/work/ozone/ozone/hadoop-ozone/integration-test/target/test-dir/MiniOzoneClusterImpl-5cdafbed-51d9-4f54-a43e-7c7e014ba032/omNode-3/ratis/c9bc4cf4-3bc3-3c60-a66b-523986131536
2022-10-18 03:54:05,834 [pool-319-thread-1] INFO  server.RaftServerConfigKeys (ConfUtils.java:logGet(46)) - raft.server.log.queue.byte-limit = 64MB (=67108864) (default)
2022-10-18 03:54:05,834 [pool-319-thread-1] INFO  server.RaftServerConfigKeys (ConfUtils.java:logGet(46)) - raft.server.log.queue.element-limit = 4096 (default)
2022-10-18 03:54:05,834 [pool-319-thread-1] INFO  server.RaftServerConfigKeys (ConfUtils.java:logGet(46)) - raft.server.log.segment.size.max = 4194304 (custom)
2022-10-18 03:54:05,834 [pool-319-thread-1] INFO  server.RaftServerConfigKeys (ConfUtils.java:logGet(46)) - raft.server.log.preallocated.size = 4194304 (custom)
2022-10-18 03:54:05,834 [pool-319-thread-1] INFO  server.RaftServerConfigKeys (ConfUtils.java:logGet(46)) - raft.server.log.force.sync.num = 128 (default)
2022-10-18 03:54:05,834 [pool-319-thread-1] INFO  server.RaftServerConfigKeys (ConfUtils.java:logGet(46)) - raft.server.log.statemachine.data.sync = true (default)
2022-10-18 03:54:05,834 [pool-319-thread-1] INFO  server.RaftServerConfigKeys (ConfUtils.java:logGet(46)) - raft.server.log.statemachine.data.sync.timeout = 10s (default)
2022-10-18 03:54:05,835 [pool-319-thread-1] INFO  server.RaftServerConfigKeys (ConfUtils.java:logGet(46)) - raft.server.log.statemachine.data.sync.timeout.retry = -1 (default)
2022-10-18 03:54:05,835 [pool-319-thread-1] INFO  server.RaftServerConfigKeys (ConfUtils.java:logGet(46)) - raft.server.log.write.buffer.size = 64KB (=65536) (default)
2022-10-18 03:54:05,838 [pool-319-thread-1] INFO  server.RaftServerConfigKeys (ConfUtils.java:logGet(46)) - raft.server.log.unsafe-flush.enabled = false (default)
2022-10-18 03:54:05,839 [pool-319-thread-1] INFO  server.RaftServerConfigKeys (ConfUtils.java:logGet(46)) - raft.server.log.statemachine.data.caching.enabled = false (default)
2022-10-18 03:54:05,839 [pool-319-thread-1] INFO  server.RaftServer$Division (ServerState.java:setRaftConf(393)) - omNode-3@group-523986131536: set configuration 59: [omNode-3|rpc:localhost:44279|admin:|client:|dataStream:|priority:0, omNode-1|rpc:localhost:42747|admin:|client:|dataStream:|priority:0, omNode-2|rpc:localhost:37241|admin:|client:|dataStream:|priority:0], old=null
2022-10-18 03:54:05,839 [pool-319-thread-1] INFO  segmented.LogSegment (LogSegment.java:loadSegment(173)) - Successfully read 2 entries from segment file /home/runner/work/ozone/ozone/hadoop-ozone/integration-test/target/test-dir/MiniOzoneClusterImpl-5cdafbed-51d9-4f54-a43e-7c7e014ba032/omNode-3/ratis/c9bc4cf4-3bc3-3c60-a66b-523986131536/current/log_inprogress_59
2022-10-18 03:54:05,840 [pool-319-thread-1] INFO  segmented.SegmentedRaftLogWorker (SegmentedRaftLogWorker.java:lambda$new$0(135)) - omNode-3@group-523986131536-SegmentedRaftLogWorker: flushIndex: setUnconditionally 0 -> 60
2022-10-18 03:54:05,840 [pool-319-thread-1] INFO  segmented.SegmentedRaftLogWorker (SegmentedRaftLogWorker.java:lambda$new$0(135)) - omNode-3@group-523986131536-SegmentedRaftLogWorker: safeCacheEvictIndex: setUnconditionally 0 -> -1
2022-10-18 03:54:05,846 [pool-319-thread-1] INFO  raftlog.RaftLog (RaftLogBase.java:lambda$new$0(53)) - omNode-3@group-523986131536-SegmentedRaftLog: commitIndex: updateToMax old=60, new=59, updated? false
2022-10-18 03:54:05,846 [pool-319-thread-1] INFO  raftlog.RaftLog (RaftLogBase.java:lambda$new$0(53)) - omNode-3@group-523986131536-SegmentedRaftLog: purgeIndex: updateIncreasingly -1 -> 58
2022-10-18 03:54:05,846 [pool-319-thread-1] INFO  server.RaftServerConfigKeys (ConfUtils.java:logGet(46)) - raft.server.snapshot.auto.trigger.enabled = true (custom)
2022-10-18 03:54:05,846 [pool-319-thread-1] INFO  server.RaftServerConfigKeys (ConfUtils.java:logGet(46)) - raft.server.snapshot.auto.trigger.threshold = 50 (custom)
2022-10-18 03:54:05,846 [pool-319-thread-1] INFO  server.RaftServerConfigKeys (ConfUtils.java:logGet(46)) - raft.server.snapshot.retention.file.num = -1 (default)
2022-10-18 03:54:05,846 [pool-319-thread-1] INFO  server.RaftServerConfigKeys (ConfUtils.java:logGet(46)) - raft.server.log.purge.upto.snapshot.index = true (custom)
2022-10-18 03:54:05,846 [pool-319-thread-1] INFO  server.RaftServerConfigKeys (ConfUtils.java:logGet(46)) - raft.server.retrycache.expirytime = 30000ms (custom)
2022-10-18 03:54:05,846 [pool-319-thread-1] INFO  server.RaftServerConfigKeys (ConfUtils.java:logGet(46)) - raft.server.retrycache.statistics.expirytime = 100μs (default)
2022-10-18 03:54:05,847 [pool-319-thread-1] INFO  server.RaftServerConfigKeys (ConfUtils.java:logGet(46)) - raft.server.log.appender.install.snapshot.enabled = false (custom)
2022-10-18 03:54:05,847 [pool-319-thread-1] INFO  server.RaftServerConfigKeys (ConfUtils.java:logGet(46)) - raft.server.threadpool.server.cached = true (default)
2022-10-18 03:54:05,848 [pool-319-thread-1] INFO  server.RaftServerConfigKeys (ConfUtils.java:logGet(46)) - raft.server.threadpool.server.size = 0 (default)
2022-10-18 03:54:05,848 [pool-319-thread-1] INFO  server.RaftServerConfigKeys (ConfUtils.java:logGet(46)) - raft.server.threadpool.client.cached = true (default)
2022-10-18 03:54:05,848 [pool-319-thread-1] INFO  server.RaftServerConfigKeys (ConfUtils.java:logGet(46)) - raft.server.threadpool.client.size = 0 (default)
2022-10-18 03:54:05,848 [omNode-3-impl-thread1] INFO  server.RaftServer$Division (RaftServerImpl.java:start(310)) - omNode-3@group-523986131536: start as a follower, conf=59: [omNode-3|rpc:localhost:44279|admin:|client:|dataStream:|priority:0, omNode-1|rpc:localhost:42747|admin:|client:|dataStream:|priority:0, omNode-2|rpc:localhost:37241|admin:|client:|dataStream:|priority:0], old=null
2022-10-18 03:54:05,848 [omNode-3-impl-thread1] INFO  server.RaftServer$Division (RaftServerImpl.java:setRole(299)) - omNode-3@group-523986131536: changes role from      null to FOLLOWER at term 6 for startAsFollower
2022-10-18 03:54:05,848 [omNode-3-impl-thread1] INFO  impl.RoleInfo (RoleInfo.java:updateAndGet(139)) - omNode-3: start omNode-3@group-523986131536-FollowerState
2022-10-18 03:54:05,853 [omNode-3-impl-thread1] INFO  util.JmxRegister (JmxRegister.java:tryRegister(44)) - Successfully registered JMX Bean with object name Ratis:service=RaftServer,group=group-523986131536,id=omNode-3
2022-10-18 03:54:05,858 [Listener at localhost/37159] INFO  server.RaftServer (RaftServerProxy.java:lambda$start$6(382)) - omNode-3: start RPC server
2022-10-18 03:54:05,877 [Listener at localhost/37159] INFO  server.GrpcService (GrpcService.java:startImpl(260)) - omNode-3: GrpcService started, listening on 44279
2022-10-18 03:54:05,877 [Listener at localhost/37159] INFO  om.OzoneManager (OzoneManager.java:getRpcServer(1101)) - Creating RPC Server
2022-10-18 03:54:05,880 [org.apache.ratis.util.JvmPauseMonitor$$Lambda$703/726954313@7c4acde5] INFO  util.JvmPauseMonitor (JvmPauseMonitor.java:run(103)) - JvmPauseMonitor-omNode-3: Started
2022-10-18 03:54:06,007 [grpc-default-executor-3] WARN  server.GrpcLogAppender (LogUtils.java:warn(122)) - omNode-1@group-523986131536->omNode-2-AppendLogResponseHandler: Failed appendEntries: org.apache.ratis.thirdparty.io.grpc.StatusRuntimeException: UNAVAILABLE: io exception
2022-10-18 03:54:06,007 [grpc-default-executor-3] WARN  server.GrpcLogAppender (GrpcLogAppender.java:resetClient(111)) - omNode-1@group-523986131536->omNode-2-GrpcLogAppender: Leader has not got in touch with Follower omNode-1@group-523986131536->omNode-2(c-1,m0,n61, attendVote=true, lastRpcSendTime=0, lastRpcResponseTime=9744) yet, just keep nextIndex unchanged and retry.
2022-10-18 03:54:06,096 [grpc-default-executor-3] WARN  server.GrpcLogAppender (LogUtils.java:warn(122)) - omNode-1@group-523986131536->omNode-3-AppendLogResponseHandler: Failed appendEntries: org.apache.ratis.thirdparty.io.grpc.StatusRuntimeException: UNAVAILABLE: io exception
2022-10-18 03:54:06,097 [grpc-default-executor-3] INFO  leader.FollowerInfo (FollowerInfoImpl.java:lambda$new$0(48)) - omNode-1@group-523986131536->omNode-3: nextIndex: updateUnconditionally 61 -> 60
2022-10-18 03:54:06,262 [grpc-default-executor-3] WARN  server.GrpcLogAppender (LogUtils.java:warn(122)) - omNode-1@group-523986131536->omNode-2-AppendLogResponseHandler: Failed appendEntries: org.apache.ratis.thirdparty.io.grpc.StatusRuntimeException: UNAVAILABLE: io exception
2022-10-18 03:54:06,263 [grpc-default-executor-3] WARN  server.GrpcLogAppender (GrpcLogAppender.java:resetClient(111)) - omNode-1@group-523986131536->omNode-2-GrpcLogAppender: Leader has not got in touch with Follower omNode-1@group-523986131536->omNode-2(c-1,m0,n61, attendVote=true, lastRpcSendTime=255, lastRpcResponseTime=9999) yet, just keep nextIndex unchanged and retry.
2022-10-18 03:54:06,352 [omNode-3-server-thread1] INFO  server.RaftServer$Division (ServerState.java:setLeader(287)) - omNode-3@group-523986131536: change Leader from null to omNode-1 at term 6 for appendEntries, leader elected after 518ms
2022-10-18 03:54:06,352 [omNode-3-server-thread1] INFO  server.RaftServer$Division (RaftServerImpl.java:checkInconsistentAppendEntries(1414)) - omNode-3@group-523986131536: Failed appendEntries as the first entry (index 60) already exists (snapshotIndex: 60, commitIndex: 60)
2022-10-18 03:54:06,353 [omNode-3-server-thread1] INFO  server.RaftServer$Division (RaftServerImpl.java:checkInconsistentAppendEntries(1394)) - omNode-3@group-523986131536: inconsistency entries. Reply:omNode-1<-omNode-3#68:FAIL-t6,INCONSISTENCY,nextIndex=61,followerCommit=60
2022-10-18 03:54:06,354 [grpc-default-executor-3] INFO  leader.FollowerInfo (FollowerInfoImpl.java:lambda$new$0(48)) - omNode-1@group-523986131536->omNode-3: nextIndex: updateUnconditionally 61 -> 61
2022-10-18 03:54:06,494 [Listener at localhost/37159] INFO  reflections.Reflections (Reflections.java:scan(232)) - Reflections took 614 ms to scan 19 urls, producing 67 keys and 4238 values [using 2 cores]
2022-10-18 03:54:06,496 [Listener at localhost/37159] INFO  ipc.CallQueueManager (CallQueueManager.java:<init>(90)) - Using callQueue: class java.util.concurrent.LinkedBlockingQueue, queueCapacity: 2000, scheduler: class org.apache.hadoop.ipc.DefaultRpcScheduler, ipcBackoff: false.
2022-10-18 03:54:06,497 [Socket Reader #1 for port 45489] INFO  ipc.Server (Server.java:run(1273)) - Starting Socket Reader #1 for port 45489
2022-10-18 03:54:06,501 [Listener at localhost/45489] INFO  http.BaseHttpServer (BaseHttpServer.java:newHttpServer2BuilderForOzone(213)) - Starting Web-server for ozoneManager at: http://0.0.0.0:34765
2022-10-18 03:54:06,502 [Listener at localhost/45489] INFO  http.BaseHttpServer (BaseHttpServer.java:<init>(108)) - Hadoop Security Enabled: false Ozone Security Enabled: false Ozone HTTP Security Enabled: false 
2022-10-18 03:54:06,503 [Listener at localhost/45489] WARN  server.AuthenticationFilter (AuthenticationFilter.java:constructSecretProvider(240)) - Unable to initialize FileSignerSecretProvider, falling back to use random secrets. Reason: Could not read signature secret file: /home/runner/hadoop-http-auth-signature-secret
2022-10-18 03:54:06,504 [Listener at localhost/45489] WARN  http.HttpRequestLog (HttpRequestLog.java:getRequestLog(103)) - Jetty request log can only be enabled using Log4j
2022-10-18 03:54:06,505 [Listener at localhost/45489] INFO  http.HttpServer2 (HttpServer2.java:addGlobalFilter(1031)) - Added global filter 'safety' (class=org.apache.hadoop.hdds.server.http.HttpServer2$QuotingInputFilter)
2022-10-18 03:54:06,509 [Listener at localhost/45489] INFO  http.HttpServer2 (HttpServer2.java:addFilter(1007)) - Added filter static_user_filter (class=org.apache.hadoop.http.lib.StaticUserWebFilter$StaticUserFilter) to context ozoneManager
2022-10-18 03:54:06,509 [Listener at localhost/45489] INFO  http.HttpServer2 (HttpServer2.java:addFilter(1015)) - Added filter static_user_filter (class=org.apache.hadoop.http.lib.StaticUserWebFilter$StaticUserFilter) to context static
2022-10-18 03:54:06,509 [Listener at localhost/45489] INFO  http.HttpServer2 (HttpServer2.java:addFilter(1015)) - Added filter static_user_filter (class=org.apache.hadoop.http.lib.StaticUserWebFilter$StaticUserFilter) to context logs
2022-10-18 03:54:06,510 [Listener at localhost/45489] INFO  http.HttpServer2 (HttpServer2.java:bindListener(1250)) - Jetty bound to port 34765
2022-10-18 03:54:06,510 [Listener at localhost/45489] INFO  server.Server (Server.java:doStart(375)) - jetty-9.4.43.v20210629; built: 2021-06-30T11:07:22.254Z; git: 526006ecfa3af7f1a27ef3a288e2bef7ea9dd7e8; jvm 1.8.0_345-b01
2022-10-18 03:54:06,513 [Listener at localhost/45489] INFO  server.session (DefaultSessionIdManager.java:doStart(334)) - DefaultSessionIdManager workerName=node0
2022-10-18 03:54:06,513 [Listener at localhost/45489] INFO  server.session (DefaultSessionIdManager.java:doStart(339)) - No SessionScavenger set, using defaults
2022-10-18 03:54:06,513 [Listener at localhost/45489] INFO  server.session (HouseKeeper.java:startScavenging(132)) - node0 Scavenging every 600000ms
2022-10-18 03:54:06,514 [grpc-default-executor-3] WARN  server.GrpcLogAppender (LogUtils.java:warn(122)) - omNode-1@group-523986131536->omNode-2-AppendLogResponseHandler: Failed appendEntries: org.apache.ratis.thirdparty.io.grpc.StatusRuntimeException: UNAVAILABLE: io exception
2022-10-18 03:54:06,514 [Listener at localhost/45489] INFO  handler.ContextHandler (ContextHandler.java:doStart(915)) - Started o.e.j.s.ServletContextHandler@274e52b7{logs,/logs,file:///home/runner/work/ozone/ozone/hadoop-ozone/integration-test/target/log,AVAILABLE}
2022-10-18 03:54:06,514 [grpc-default-executor-3] WARN  server.GrpcLogAppender (GrpcLogAppender.java:resetClient(111)) - omNode-1@group-523986131536->omNode-2-GrpcLogAppender: Leader has not got in touch with Follower omNode-1@group-523986131536->omNode-2(c-1,m0,n61, attendVote=true, lastRpcSendTime=0, lastRpcResponseTime=10251) yet, just keep nextIndex unchanged and retry.
2022-10-18 03:54:06,515 [Listener at localhost/45489] INFO  handler.ContextHandler (ContextHandler.java:doStart(915)) - Started o.e.j.s.ServletContextHandler@5f1975cd{static,/static,file:///home/runner/work/ozone/ozone/hadoop-ozone/integration-test/target/test-classes/webapps/static,AVAILABLE}
2022-10-18 03:54:06,519 [Listener at localhost/45489] INFO  handler.ContextHandler (ContextHandler.java:doStart(915)) - Started o.e.j.w.WebAppContext@49996836{ozoneManager,/,file:///home/runner/work/ozone/ozone/hadoop-ozone/integration-test/target/test-classes/webapps/ozoneManager/,AVAILABLE}{file:/home/runner/work/ozone/ozone/hadoop-ozone/integration-test/target/test-classes/webapps/ozoneManager}
2022-10-18 03:54:06,523 [Listener at localhost/45489] INFO  server.AbstractConnector (AbstractConnector.java:doStart(331)) - Started ServerConnector@723cab47{HTTP/1.1, (http/1.1)}{0.0.0.0:34765}
2022-10-18 03:54:06,523 [Listener at localhost/45489] INFO  server.Server (Server.java:doStart(415)) - Started @52211ms
2022-10-18 03:54:06,523 [Listener at localhost/45489] WARN  impl.MetricsSystemImpl (MetricsSystemImpl.java:register(279)) - Sink prometheus already exists!
2022-10-18 03:54:06,524 [Listener at localhost/45489] INFO  http.BaseHttpServer (BaseHttpServer.java:updateConnectorAddress(333)) - HTTP server of ozoneManager listening at http://0.0.0.0:34765
2022-10-18 03:54:06,524 [IPC Server Responder] INFO  ipc.Server (Server.java:run(1512)) - IPC Server Responder: starting
2022-10-18 03:54:06,524 [IPC Server listener on 45489] INFO  ipc.Server (Server.java:run(1352)) - IPC Server listener on 45489: starting
2022-10-18 03:54:06,534 [Listener at localhost/45489] INFO  om.OzoneManager (OzoneManager.java:startTrashEmptier(1919)) - Trash Interval set to 0. Files deleted won't move to trash
2022-10-18 03:54:06,540 [Listener at localhost/45489] INFO  om.OzoneManager (OzoneManager.java:stop(2034)) - omNode-1[localhost:35797]: Stopping Ozone Manager
2022-10-18 03:54:06,542 [Listener at localhost/45489] INFO  ipc.Server (Server.java:stop(3428)) - Stopping server on 35797
2022-10-18 03:54:06,541 [org.apache.hadoop.util.JvmPauseMonitor$Monitor@33d155c9] INFO  util.JvmPauseMonitor (JvmPauseMonitor.java:run(188)) - Starting JVM pause monitor
2022-10-18 03:54:06,548 [Listener at localhost/45489] INFO  server.RaftServer (RaftServerProxy.java:lambda$close$7(398)) - omNode-1: close
2022-10-18 03:54:06,549 [Listener at localhost/45489] INFO  server.RaftServer$Division (RaftServerImpl.java:lambda$close$4(434)) - omNode-1@group-523986131536: shutdown
2022-10-18 03:54:06,549 [Listener at localhost/45489] INFO  util.JmxRegister (JmxRegister.java:unregister(73)) - Successfully un-registered JMX Bean with object name Ratis:service=RaftServer,group=group-523986131536,id=omNode-1
2022-10-18 03:54:06,549 [Listener at localhost/45489] INFO  impl.RoleInfo (RoleInfo.java:shutdownLeaderState(93)) - omNode-1: shutdown omNode-1@group-523986131536-LeaderStateImpl
2022-10-18 03:54:06,549 [Listener at localhost/45489] INFO  impl.PendingRequests (PendingRequests.java:sendNotLeaderResponses(282)) - omNode-1@group-523986131536-PendingRequests: sendNotLeaderResponses
2022-10-18 03:54:06,550 [Listener at localhost/45489] INFO  impl.StateMachineUpdater (StateMachineUpdater.java:stopAndJoin(153)) - omNode-1@group-523986131536-StateMachineUpdater: set stopIndex = 60
2022-10-18 03:54:06,550 [omNode-1@group-523986131536->omNode-3-GrpcLogAppender-LogAppenderDaemon] WARN  server.GrpcLogAppender (GrpcLogAppender.java:mayWait(171)) - omNode-1@group-523986131536->omNode-3-GrpcLogAppender: Wait interrupted by java.lang.InterruptedException
2022-10-18 03:54:06,548 [IPC Server listener on 35797] INFO  ipc.Server (Server.java:run(1384)) - Stopping IPC Server listener on 35797
2022-10-18 03:54:06,551 [grpc-default-executor-3] INFO  server.GrpcServerProtocolService (GrpcServerProtocolService.java:onCompleted(140)) - omNode-3: Completed APPEND_ENTRIES, lastRequest: omNode-1->omNode-3#68-t6,previous=(t:6, i:59),leaderCommit=60,initializing? true,entries: size=1, first=(t:6, i:60), METADATAENTRY(c:59)
2022-10-18 03:54:06,548 [IPC Server Responder] INFO  ipc.Server (Server.java:run(1517)) - Stopping IPC Server Responder
2022-10-18 03:54:06,559 [omNode-1@group-523986131536-StateMachineUpdater] INFO  ratis.OzoneManagerStateMachine (OzoneManagerStateMachine.java:takeSnapshot(441)) - Current Snapshot Index (t:6, i:60)
2022-10-18 03:54:06,559 [omNode-1@group-523986131536-StateMachineUpdater] INFO  impl.StateMachineUpdater (StateMachineUpdater.java:takeSnapshot(287)) - omNode-1@group-523986131536-StateMachineUpdater: Took a snapshot at index 60
2022-10-18 03:54:06,559 [omNode-1@group-523986131536-StateMachineUpdater] INFO  impl.StateMachineUpdater (StateMachineUpdater.java:lambda$new$0(92)) - omNode-1@group-523986131536-StateMachineUpdater: snapshotIndex: updateIncreasingly 20 -> 60
2022-10-18 03:54:06,559 [omNode-1@group-523986131536-StateMachineUpdater] INFO  raftlog.RaftLog (RaftLogBase.java:purge(308)) - omNode-1@group-523986131536-SegmentedRaftLog: purge 60
2022-10-18 03:54:06,559 [omNode-1@group-523986131536-StateMachineUpdater] INFO  raftlog.RaftLog (RaftLogBase.java:lambda$new$0(53)) - omNode-1@group-523986131536-SegmentedRaftLog: snapshotIndex: updateIncreasingly 20 -> 60
2022-10-18 03:54:06,559 [omNode-1@group-523986131536-StateMachineUpdater] INFO  ratis.OzoneManagerStateMachine (OzoneManagerStateMachine.java:close(495)) - StateMachine has shutdown. Shutdown OzoneManager if not already shutdown.
2022-10-18 03:54:06,559 [omNode-1@group-523986131536-StateMachineUpdater] INFO  ratis.OzoneManagerDoubleBuffer (OzoneManagerDoubleBuffer.java:stop(466)) - Stopping OMDoubleBuffer flush thread
2022-10-18 03:54:06,560 [grpc-default-executor-3] INFO  server.GrpcLogAppender (GrpcLogAppender.java:onCompleted(339)) - omNode-1@group-523986131536->omNode-3-AppendLogResponseHandler: follower responses appendEntries COMPLETED
2022-10-18 03:54:06,560 [grpc-default-executor-3] INFO  leader.FollowerInfo (FollowerInfoImpl.java:lambda$new$0(48)) - omNode-1@group-523986131536->omNode-3: nextIndex: updateUnconditionally 61 -> 60
2022-10-18 03:54:06,560 [omNode-1@group-523986131536-SegmentedRaftLogWorker] INFO  raftlog.RaftLog (RaftLogBase.java:lambda$new$0(53)) - omNode-1@group-523986131536-SegmentedRaftLog: purgeIndex: updateToMax old=-1, new=58, updated? true
2022-10-18 03:54:06,561 [OMDoubleBufferFlushThread] INFO  ratis.OzoneManagerDoubleBuffer (OzoneManagerDoubleBuffer.java:flushTransactions(385)) - OMDoubleBuffer flush thread OMDoubleBufferFlushThread is interrupted and will exit.
2022-10-18 03:54:06,563 [Listener at localhost/45489] INFO  server.RaftServer$Division (ServerState.java:close(429)) - omNode-1@group-523986131536: closes. applyIndex: 60
2022-10-18 03:54:06,564 [omNode-1@group-523986131536-SegmentedRaftLogWorker] INFO  segmented.SegmentedRaftLogWorker (SegmentedRaftLogWorker.java:run(336)) - omNode-1@group-523986131536-SegmentedRaftLogWorker was interrupted, exiting. There are 0 tasks remaining in the queue.
2022-10-18 03:54:06,565 [Listener at localhost/45489] INFO  segmented.SegmentedRaftLogWorker (SegmentedRaftLogWorker.java:close(246)) - omNode-1@group-523986131536-SegmentedRaftLogWorker close()
2022-10-18 03:54:06,569 [Listener at localhost/45489] INFO  server.GrpcService (GrpcService.java:closeImpl(269)) - omNode-1: shutdown server with port 42747 now
2022-10-18 03:54:06,573 [Listener at localhost/45489] INFO  server.GrpcService (GrpcService.java:closeImpl(278)) - omNode-1: shutdown server with port 42747 successfully
2022-10-18 03:54:06,573 [org.apache.ratis.util.JvmPauseMonitor$$Lambda$703/726954313@11742b4f] INFO  util.JvmPauseMonitor (JvmPauseMonitor.java:run(109)) - JvmPauseMonitor-omNode-1: Stopped
2022-10-18 03:54:06,573 [Listener at localhost/45489] INFO  ratis.OzoneManagerStateMachine (OzoneManagerStateMachine.java:close(495)) - StateMachine has shutdown. Shutdown OzoneManager if not already shutdown.
2022-10-18 03:54:06,573 [Listener at localhost/45489] INFO  ratis.OzoneManagerDoubleBuffer (OzoneManagerDoubleBuffer.java:stop(478)) - OMDoubleBuffer flush thread is not running.
2022-10-18 03:54:06,574 [Listener at localhost/45489] INFO  handler.ContextHandler (ContextHandler.java:doStop(1153)) - Stopped o.e.j.w.WebAppContext@260072a8{ozoneManager,/,null,STOPPED}{file:/home/runner/work/ozone/ozone/hadoop-ozone/integration-test/target/test-classes/webapps/ozoneManager}
2022-10-18 03:54:06,575 [Listener at localhost/45489] INFO  server.AbstractConnector (AbstractConnector.java:doStop(381)) - Stopped ServerConnector@3677a08a{HTTP/1.1, (http/1.1)}{0.0.0.0:41161}
2022-10-18 03:54:06,575 [Listener at localhost/45489] INFO  server.session (HouseKeeper.java:stopScavenging(149)) - node0 Stopped scavenging
2022-10-18 03:54:06,575 [Listener at localhost/45489] INFO  handler.ContextHandler (ContextHandler.java:doStop(1153)) - Stopped o.e.j.s.ServletContextHandler@50ea1add{static,/static,file:///home/runner/work/ozone/ozone/hadoop-ozone/integration-test/target/test-classes/webapps/static,STOPPED}
2022-10-18 03:54:06,575 [Listener at localhost/45489] INFO  handler.ContextHandler (ContextHandler.java:doStop(1153)) - Stopped o.e.j.s.ServletContextHandler@6216a80b{logs,/logs,file:///home/runner/work/ozone/ozone/hadoop-ozone/integration-test/target/log,STOPPED}
2022-10-18 03:54:06,580 [Listener at localhost/45489] INFO  om.OzoneManager (OzoneManager.java:restart(1571)) - OzoneManager RPC server is listening at localhost/127.0.0.1:35797
2022-10-18 03:54:06,580 [Listener at localhost/45489] INFO  impl.MetricsSystemImpl (MetricsSystemImpl.java:init(158)) - OzoneManager metrics system started (again)
2022-10-18 03:54:06,593 [Listener at localhost/45489] WARN  server.ServerUtils (ServerUtils.java:getDBPath(225)) - ozone.om.db.dirs is not configured. We recommend adding this setting. Falling back to ozone.metadata.dirs instead.
2022-10-18 03:54:06,593 [Listener at localhost/45489] INFO  codec.OmKeyInfoCodec (OmKeyInfoCodec.java:<init>(49)) - OmKeyInfoCodec ignorePipeline = true
2022-10-18 03:54:06,593 [Listener at localhost/45489] INFO  codec.RepeatedOmKeyInfoCodec (RepeatedOmKeyInfoCodec.java:<init>(41)) - RepeatedOmKeyInfoCodec ignorePipeline = true
2022-10-18 03:54:06,643 [Listener at localhost/45489] INFO  om.OzoneManager (OzoneManager.java:instantiateServices(712)) - S3 Multi-Tenancy is disabled
2022-10-18 03:54:06,644 [Listener at localhost/45489] WARN  server.ServerUtils (ServerUtils.java:getDefaultRatisDirectory(237)) - Storage directory for Ratis is not configured. It is a good idea to map this to an SSD disk. Falling back to ozone.metadata.dirs
2022-10-18 03:54:06,646 [Listener at localhost/45489] INFO  ratis.OzoneManagerRatisServer (OzoneManagerRatisServer.java:<init>(160)) - Instantiating OM Ratis server with groupID: om-service-test1 and peers: localhost:42747, localhost:44279, localhost:37241
2022-10-18 03:54:06,646 [Listener at localhost/45489] INFO  ratis.OzoneManagerStateMachine (OzoneManagerStateMachine.java:loadSnapshotInfoFromDB(632)) - LastAppliedIndex is set from TransactionInfo from OM DB as (t:6, i:60)
2022-10-18 03:54:06,647 [Listener at localhost/45489] INFO  server.RaftServer (ConfUtils.java:logGet(46)) - raft.rpc.type = GRPC (default)
2022-10-18 03:54:06,647 [Listener at localhost/45489] INFO  grpc.GrpcFactory (GrpcFactory.java:checkPooledByteBufAllocatorUseCacheForAllThreads(48)) - PERFORMANCE WARNING: useCacheForAllThreads is true that may cause Netty to create a lot garbage objects and, as a result, trigger GC.
	It is recommended to disable useCacheForAllThreads by setting -Dorg.apache.ratis.thirdparty.io.netty.allocator.useCacheForAllThreads=false in command line.
2022-10-18 03:54:06,647 [Listener at localhost/45489] INFO  grpc.GrpcConfigKeys (ConfUtils.java:logGet(46)) - raft.grpc.admin.port = -1 (default)
2022-10-18 03:54:06,647 [Listener at localhost/45489] INFO  grpc.GrpcConfigKeys (ConfUtils.java:logGet(46)) - raft.grpc.server.port = 42747 (custom)
2022-10-18 03:54:06,648 [Listener at localhost/45489] INFO  grpc.GrpcConfigKeys (ConfUtils.java:logGet(46)) - raft.grpc.client.port = -1 (default)
2022-10-18 03:54:06,648 [Listener at localhost/45489] INFO  grpc.GrpcConfigKeys (ConfUtils.java:logGet(46)) - raft.grpc.server.port = 42747 (custom)
2022-10-18 03:54:06,648 [Listener at localhost/45489] INFO  grpc.GrpcConfigKeys (ConfUtils.java:logGet(46)) - raft.grpc.server.port = 42747 (custom)
2022-10-18 03:54:06,648 [Listener at localhost/45489] INFO  server.GrpcService (ConfUtils.java:logGet(46)) - raft.grpc.message.size.max = 33554432 (custom)
2022-10-18 03:54:06,648 [Listener at localhost/45489] INFO  server.RaftServerConfigKeys (ConfUtils.java:logGet(46)) - raft.server.log.appender.buffer.byte-limit = 33554432 (custom)
2022-10-18 03:54:06,648 [Listener at localhost/45489] INFO  server.GrpcService (ConfUtils.java:logGet(46)) - raft.grpc.flow.control.window = 1MB (=1048576) (default)
2022-10-18 03:54:06,649 [Listener at localhost/45489] INFO  server.RaftServerConfigKeys (ConfUtils.java:logGet(46)) - raft.server.rpc.request.timeout = 3000ms (default)
2022-10-18 03:54:06,649 [Listener at localhost/45489] INFO  grpc.GrpcConfigKeys (ConfUtils.java:logGet(46)) - raft.grpc.server.async.request.thread.pool.cached = true (default)
2022-10-18 03:54:06,649 [Listener at localhost/45489] INFO  grpc.GrpcConfigKeys (ConfUtils.java:logGet(46)) - raft.grpc.server.async.request.thread.pool.size = 32 (default)
2022-10-18 03:54:06,650 [Listener at localhost/45489] INFO  impl.DataStreamServerImpl (ConfUtils.java:logGet(46)) - raft.datastream.type = DISABLED (default)
2022-10-18 03:54:06,650 [Listener at localhost/45489] INFO  server.RaftServerConfigKeys (ConfUtils.java:logGet(46)) - raft.server.threadpool.proxy.cached = true (default)
2022-10-18 03:54:06,651 [Listener at localhost/45489] INFO  server.RaftServerConfigKeys (ConfUtils.java:logGet(46)) - raft.server.threadpool.proxy.size = 0 (default)
2022-10-18 03:54:06,651 [Listener at localhost/45489] INFO  server.RaftServerConfigKeys (ConfUtils.java:logGet(46)) - raft.server.rpc.slowness.timeout = 2s (custom)
2022-10-18 03:54:06,651 [Listener at localhost/45489] INFO  server.RaftServerConfigKeys (ConfUtils.java:logGet(46)) - raft.server.leaderelection.leader.step-down.wait-time = 10s (default)
2022-10-18 03:54:06,651 [Listener at localhost/45489] INFO  server.RaftServerConfigKeys (ConfUtils.java:logGet(46)) - raft.server.storage.dir = [/home/runner/work/ozone/ozone/hadoop-ozone/integration-test/target/test-dir/MiniOzoneClusterImpl-5cdafbed-51d9-4f54-a43e-7c7e014ba032/omNode-1/ratis] (custom)
2022-10-18 03:54:06,652 [omNode-1-impl-thread1] INFO  server.RaftServer (RaftServerProxy.java:initGroupDir(247)) - omNode-1: found a subdirectory /home/runner/work/ozone/ozone/hadoop-ozone/integration-test/target/test-dir/MiniOzoneClusterImpl-5cdafbed-51d9-4f54-a43e-7c7e014ba032/omNode-1/ratis/c9bc4cf4-3bc3-3c60-a66b-523986131536
2022-10-18 03:54:06,652 [Listener at localhost/45489] INFO  server.RaftServer (RaftServerProxy.java:addNew(96)) - omNode-1: addNew group-523986131536:[omNode-3|rpc:localhost:44279|priority:0, omNode-1|rpc:localhost:42747|priority:0, omNode-2|rpc:localhost:37241|priority:0] returns group-523986131536:java.util.concurrent.CompletableFuture@8538bb8[Not completed]
2022-10-18 03:54:06,652 [pool-343-thread-1] INFO  server.RaftServer$Division (RaftServerImpl.java:<init>(190)) - omNode-1: new RaftServerImpl for group-523986131536:[omNode-3|rpc:localhost:44279|priority:0, omNode-1|rpc:localhost:42747|priority:0, omNode-2|rpc:localhost:37241|priority:0] with OzoneManagerStateMachine:uninitialized
2022-10-18 03:54:06,652 [Listener at localhost/45489] INFO  om.OzoneManager (OzoneManager.java:initializeRatisServer(1975)) - OzoneManager Ratis server initialized at port 42747
2022-10-18 03:54:06,653 [pool-343-thread-1] INFO  server.RaftServerConfigKeys (ConfUtils.java:logGet(46)) - raft.server.rpc.timeout.min = 1s (custom)
2022-10-18 03:54:06,653 [Listener at localhost/45489] INFO  ratis.OzoneManagerRatisServer (OzoneManagerRatisServer.java:start(555)) - Starting OzoneManagerRatisServer omNode-1 at port 42747
2022-10-18 03:54:06,653 [pool-343-thread-1] INFO  server.RaftServerConfigKeys (ConfUtils.java:logGet(46)) - raft.server.rpc.timeout.max = 1200ms (custom)
2022-10-18 03:54:06,653 [pool-343-thread-1] INFO  server.RaftServerConfigKeys (ConfUtils.java:logGet(46)) - raft.server.rpc.sleep.time = 25ms (default)
2022-10-18 03:54:06,653 [pool-343-thread-1] INFO  server.RaftServerConfigKeys (ConfUtils.java:logGet(46)) - raft.server.rpc.slowness.timeout = 2s (custom)
2022-10-18 03:54:06,653 [pool-343-thread-1] INFO  server.RaftServerConfigKeys (ConfUtils.java:logGet(46)) - raft.server.leaderelection.leader.step-down.wait-time = 10s (default)
2022-10-18 03:54:06,653 [pool-343-thread-1] INFO  server.RaftServerConfigKeys (ConfUtils.java:logGet(46)) - raft.server.sleep.deviation.threshold = 300ms (default)
2022-10-18 03:54:06,653 [pool-343-thread-1] INFO  server.RaftServer$Division (ServerState.java:<init>(107)) - omNode-1@group-523986131536: ConfigurationManager, init=-1: [omNode-3|rpc:localhost:44279|priority:0, omNode-1|rpc:localhost:42747|priority:0, omNode-2|rpc:localhost:37241|priority:0], old=null, confs=<EMPTY_MAP>
2022-10-18 03:54:06,653 [pool-343-thread-1] INFO  server.RaftServerConfigKeys (ConfUtils.java:logGet(46)) - raft.server.storage.dir = [/home/runner/work/ozone/ozone/hadoop-ozone/integration-test/target/test-dir/MiniOzoneClusterImpl-5cdafbed-51d9-4f54-a43e-7c7e014ba032/omNode-1/ratis] (custom)
2022-10-18 03:54:06,654 [pool-343-thread-1] INFO  server.RaftServerConfigKeys (ConfUtils.java:logGet(46)) - raft.server.log.corruption.policy = EXCEPTION (default)
2022-10-18 03:54:06,654 [pool-343-thread-1] INFO  server.RaftServerConfigKeys (ConfUtils.java:logGet(46)) - raft.server.storage.free-space.min = 0MB (=0) (default)
2022-10-18 03:54:06,655 [pool-343-thread-1] INFO  storage.RaftStorageDirectory (RaftStorageDirectoryImpl.java:tryLock(230)) - Lock on /home/runner/work/ozone/ozone/hadoop-ozone/integration-test/target/test-dir/MiniOzoneClusterImpl-5cdafbed-51d9-4f54-a43e-7c7e014ba032/omNode-1/ratis/c9bc4cf4-3bc3-3c60-a66b-523986131536/in_use.lock acquired by nodename 30743@fv-az573-760
2022-10-18 03:54:06,656 [pool-343-thread-1] INFO  storage.RaftStorage (RaftStorageImpl.java:analyzeAndRecoverStorage(110)) - Read RaftStorageMetadata{term=6, votedFor=omNode-1} from /home/runner/work/ozone/ozone/hadoop-ozone/integration-test/target/test-dir/MiniOzoneClusterImpl-5cdafbed-51d9-4f54-a43e-7c7e014ba032/omNode-1/ratis/c9bc4cf4-3bc3-3c60-a66b-523986131536/current/raft-meta
2022-10-18 03:54:06,657 [pool-343-thread-1] INFO  server.RaftServer$Division (ServerState.java:setRaftConf(393)) - omNode-1@group-523986131536: set configuration 59: [omNode-3|rpc:localhost:44279|admin:|client:|dataStream:|priority:0, omNode-1|rpc:localhost:42747|admin:|client:|dataStream:|priority:0, omNode-2|rpc:localhost:37241|admin:|client:|dataStream:|priority:0], old=null
2022-10-18 03:54:06,657 [pool-343-thread-1] INFO  server.RaftServerConfigKeys (ConfUtils.java:logGet(46)) - raft.server.notification.no-leader.timeout = 2s (custom)
2022-10-18 03:54:06,657 [pool-343-thread-1] INFO  server.RaftServerConfigKeys (ConfUtils.java:logGet(46)) - raft.server.log.use.memory = false (default)
2022-10-18 03:54:06,657 [pool-343-thread-1] INFO  server.RaftServerConfigKeys (ConfUtils.java:logGet(46)) - raft.server.log.purge.gap = 50 (custom)
2022-10-18 03:54:06,657 [pool-343-thread-1] INFO  server.RaftServerConfigKeys (ConfUtils.java:logGet(46)) - raft.server.log.appender.buffer.byte-limit = 33554432 (custom)
2022-10-18 03:54:06,657 [pool-343-thread-1] INFO  server.RaftServerConfigKeys (ConfUtils.java:logGet(46)) - raft.server.log.statemachine.data.read.timeout = 1000ms (default)
2022-10-18 03:54:06,657 [pool-343-thread-1] INFO  server.RaftServerConfigKeys (ConfUtils.java:logGet(46)) - raft.server.log.segment.size.max = 4194304 (custom)
2022-10-18 03:54:06,658 [pool-343-thread-1] INFO  server.RaftServerConfigKeys (ConfUtils.java:logGet(46)) - raft.server.log.segment.cache.num.max = 2 (custom)
2022-10-18 03:54:06,658 [pool-343-thread-1] INFO  server.RaftServerConfigKeys (ConfUtils.java:logGet(46)) - raft.server.log.segment.cache.size.max = 200MB (=209715200) (default)
2022-10-18 03:54:06,658 [pool-343-thread-1] INFO  segmented.SegmentedRaftLogWorker (SegmentedRaftLogWorker.java:<init>(187)) - new omNode-1@group-523986131536-SegmentedRaftLogWorker for RaftStorageImpl:Storage Directory /home/runner/work/ozone/ozone/hadoop-ozone/integration-test/target/test-dir/MiniOzoneClusterImpl-5cdafbed-51d9-4f54-a43e-7c7e014ba032/omNode-1/ratis/c9bc4cf4-3bc3-3c60-a66b-523986131536
2022-10-18 03:54:06,658 [pool-343-thread-1] INFO  server.RaftServerConfigKeys (ConfUtils.java:logGet(46)) - raft.server.log.queue.byte-limit = 64MB (=67108864) (default)
2022-10-18 03:54:06,658 [pool-343-thread-1] INFO  server.RaftServerConfigKeys (ConfUtils.java:logGet(46)) - raft.server.log.queue.element-limit = 4096 (default)
2022-10-18 03:54:06,658 [pool-343-thread-1] INFO  server.RaftServerConfigKeys (ConfUtils.java:logGet(46)) - raft.server.log.segment.size.max = 4194304 (custom)
2022-10-18 03:54:06,658 [pool-343-thread-1] INFO  server.RaftServerConfigKeys (ConfUtils.java:logGet(46)) - raft.server.log.preallocated.size = 4194304 (custom)
2022-10-18 03:54:06,658 [pool-343-thread-1] INFO  server.RaftServerConfigKeys (ConfUtils.java:logGet(46)) - raft.server.log.force.sync.num = 128 (default)
2022-10-18 03:54:06,658 [pool-343-thread-1] INFO  server.RaftServerConfigKeys (ConfUtils.java:logGet(46)) - raft.server.log.statemachine.data.sync = true (default)
2022-10-18 03:54:06,658 [pool-343-thread-1] INFO  server.RaftServerConfigKeys (ConfUtils.java:logGet(46)) - raft.server.log.statemachine.data.sync.timeout = 10s (default)
2022-10-18 03:54:06,658 [pool-343-thread-1] INFO  server.RaftServerConfigKeys (ConfUtils.java:logGet(46)) - raft.server.log.statemachine.data.sync.timeout.retry = -1 (default)
2022-10-18 03:54:06,659 [pool-343-thread-1] INFO  server.RaftServerConfigKeys (ConfUtils.java:logGet(46)) - raft.server.log.write.buffer.size = 64KB (=65536) (default)
2022-10-18 03:54:06,660 [pool-343-thread-1] INFO  server.RaftServerConfigKeys (ConfUtils.java:logGet(46)) - raft.server.log.unsafe-flush.enabled = false (default)
2022-10-18 03:54:06,660 [pool-343-thread-1] INFO  server.RaftServerConfigKeys (ConfUtils.java:logGet(46)) - raft.server.log.statemachine.data.caching.enabled = false (default)
2022-10-18 03:54:06,660 [pool-343-thread-1] INFO  server.RaftServer$Division (ServerState.java:setRaftConf(393)) - omNode-1@group-523986131536: set configuration 59: [omNode-3|rpc:localhost:44279|admin:|client:|dataStream:|priority:0, omNode-1|rpc:localhost:42747|admin:|client:|dataStream:|priority:0, omNode-2|rpc:localhost:37241|admin:|client:|dataStream:|priority:0], old=null
2022-10-18 03:54:06,661 [pool-343-thread-1] INFO  segmented.LogSegment (LogSegment.java:loadSegment(173)) - Successfully read 2 entries from segment file /home/runner/work/ozone/ozone/hadoop-ozone/integration-test/target/test-dir/MiniOzoneClusterImpl-5cdafbed-51d9-4f54-a43e-7c7e014ba032/omNode-1/ratis/c9bc4cf4-3bc3-3c60-a66b-523986131536/current/log_inprogress_59
2022-10-18 03:54:06,661 [pool-343-thread-1] INFO  segmented.SegmentedRaftLogWorker (SegmentedRaftLogWorker.java:lambda$new$0(135)) - omNode-1@group-523986131536-SegmentedRaftLogWorker: flushIndex: setUnconditionally 0 -> 60
2022-10-18 03:54:06,661 [pool-343-thread-1] INFO  segmented.SegmentedRaftLogWorker (SegmentedRaftLogWorker.java:lambda$new$0(135)) - omNode-1@group-523986131536-SegmentedRaftLogWorker: safeCacheEvictIndex: setUnconditionally 0 -> -1
2022-10-18 03:54:06,661 [pool-343-thread-1] INFO  raftlog.RaftLog (RaftLogBase.java:lambda$new$0(53)) - omNode-1@group-523986131536-SegmentedRaftLog: commitIndex: updateToMax old=60, new=59, updated? false
2022-10-18 03:54:06,661 [pool-343-thread-1] INFO  raftlog.RaftLog (RaftLogBase.java:lambda$new$0(53)) - omNode-1@group-523986131536-SegmentedRaftLog: purgeIndex: updateIncreasingly -1 -> 58
2022-10-18 03:54:06,661 [pool-343-thread-1] INFO  server.RaftServerConfigKeys (ConfUtils.java:logGet(46)) - raft.server.snapshot.auto.trigger.enabled = true (custom)
2022-10-18 03:54:06,661 [pool-343-thread-1] INFO  server.RaftServerConfigKeys (ConfUtils.java:logGet(46)) - raft.server.snapshot.auto.trigger.threshold = 50 (custom)
2022-10-18 03:54:06,661 [pool-343-thread-1] INFO  server.RaftServerConfigKeys (ConfUtils.java:logGet(46)) - raft.server.snapshot.retention.file.num = -1 (default)
2022-10-18 03:54:06,661 [pool-343-thread-1] INFO  server.RaftServerConfigKeys (ConfUtils.java:logGet(46)) - raft.server.log.purge.upto.snapshot.index = true (custom)
2022-10-18 03:54:06,662 [pool-343-thread-1] INFO  server.RaftServerConfigKeys (ConfUtils.java:logGet(46)) - raft.server.retrycache.expirytime = 30000ms (custom)
2022-10-18 03:54:06,662 [pool-343-thread-1] INFO  server.RaftServerConfigKeys (ConfUtils.java:logGet(46)) - raft.server.retrycache.statistics.expirytime = 100μs (default)
2022-10-18 03:54:06,663 [pool-343-thread-1] INFO  server.RaftServerConfigKeys (ConfUtils.java:logGet(46)) - raft.server.log.appender.install.snapshot.enabled = false (custom)
2022-10-18 03:54:06,663 [pool-343-thread-1] INFO  server.RaftServerConfigKeys (ConfUtils.java:logGet(46)) - raft.server.threadpool.server.cached = true (default)
2022-10-18 03:54:06,663 [pool-343-thread-1] INFO  server.RaftServerConfigKeys (ConfUtils.java:logGet(46)) - raft.server.threadpool.server.size = 0 (default)
2022-10-18 03:54:06,663 [pool-343-thread-1] INFO  server.RaftServerConfigKeys (ConfUtils.java:logGet(46)) - raft.server.threadpool.client.cached = true (default)
2022-10-18 03:54:06,663 [pool-343-thread-1] INFO  server.RaftServerConfigKeys (ConfUtils.java:logGet(46)) - raft.server.threadpool.client.size = 0 (default)
2022-10-18 03:54:06,663 [omNode-1-impl-thread1] INFO  server.RaftServer$Division (RaftServerImpl.java:start(310)) - omNode-1@group-523986131536: start as a follower, conf=59: [omNode-3|rpc:localhost:44279|admin:|client:|dataStream:|priority:0, omNode-1|rpc:localhost:42747|admin:|client:|dataStream:|priority:0, omNode-2|rpc:localhost:37241|admin:|client:|dataStream:|priority:0], old=null
2022-10-18 03:54:06,663 [omNode-1-impl-thread1] INFO  server.RaftServer$Division (RaftServerImpl.java:setRole(299)) - omNode-1@group-523986131536: changes role from      null to FOLLOWER at term 6 for startAsFollower
2022-10-18 03:54:06,663 [omNode-1-impl-thread1] INFO  impl.RoleInfo (RoleInfo.java:updateAndGet(139)) - omNode-1: start omNode-1@group-523986131536-FollowerState
2022-10-18 03:54:06,664 [omNode-1-impl-thread1] INFO  util.JmxRegister (JmxRegister.java:tryRegister(44)) - Successfully registered JMX Bean with object name Ratis:service=RaftServer,group=group-523986131536,id=omNode-1
2022-10-18 03:54:06,664 [Listener at localhost/45489] INFO  server.RaftServer (RaftServerProxy.java:lambda$start$6(382)) - omNode-1: start RPC server
2022-10-18 03:54:06,667 [Listener at localhost/45489] INFO  server.GrpcService (GrpcService.java:startImpl(260)) - omNode-1: GrpcService started, listening on 42747
2022-10-18 03:54:06,670 [Listener at localhost/45489] INFO  om.OzoneManager (OzoneManager.java:getRpcServer(1101)) - Creating RPC Server
2022-10-18 03:54:06,671 [org.apache.ratis.util.JvmPauseMonitor$$Lambda$703/726954313@1fad3858] INFO  util.JvmPauseMonitor (JvmPauseMonitor.java:run(103)) - JvmPauseMonitor-omNode-1: Started
2022-10-18 03:54:07,016 [Listener at localhost/45489] INFO  reflections.Reflections (Reflections.java:scan(232)) - Reflections took 345 ms to scan 19 urls, producing 67 keys and 4238 values [using 2 cores]
2022-10-18 03:54:07,018 [Listener at localhost/45489] INFO  ipc.CallQueueManager (CallQueueManager.java:<init>(90)) - Using callQueue: class java.util.concurrent.LinkedBlockingQueue, queueCapacity: 2000, scheduler: class org.apache.hadoop.ipc.DefaultRpcScheduler, ipcBackoff: false.
2022-10-18 03:54:07,019 [Socket Reader #1 for port 35797] INFO  ipc.Server (Server.java:run(1273)) - Starting Socket Reader #1 for port 35797
2022-10-18 03:54:07,022 [Listener at localhost/35797] INFO  http.BaseHttpServer (BaseHttpServer.java:newHttpServer2BuilderForOzone(213)) - Starting Web-server for ozoneManager at: http://0.0.0.0:41161
2022-10-18 03:54:07,024 [Listener at localhost/35797] INFO  http.BaseHttpServer (BaseHttpServer.java:<init>(108)) - Hadoop Security Enabled: false Ozone Security Enabled: false Ozone HTTP Security Enabled: false 
2022-10-18 03:54:07,025 [Listener at localhost/35797] WARN  server.AuthenticationFilter (AuthenticationFilter.java:constructSecretProvider(240)) - Unable to initialize FileSignerSecretProvider, falling back to use random secrets. Reason: Could not read signature secret file: /home/runner/hadoop-http-auth-signature-secret
2022-10-18 03:54:07,027 [Listener at localhost/35797] WARN  http.HttpRequestLog (HttpRequestLog.java:getRequestLog(103)) - Jetty request log can only be enabled using Log4j
2022-10-18 03:54:07,031 [Listener at localhost/35797] INFO  http.HttpServer2 (HttpServer2.java:addGlobalFilter(1031)) - Added global filter 'safety' (class=org.apache.hadoop.hdds.server.http.HttpServer2$QuotingInputFilter)
2022-10-18 03:54:07,031 [Listener at localhost/35797] INFO  http.HttpServer2 (HttpServer2.java:addFilter(1007)) - Added filter static_user_filter (class=org.apache.hadoop.http.lib.StaticUserWebFilter$StaticUserFilter) to context ozoneManager
2022-10-18 03:54:07,032 [Listener at localhost/35797] INFO  http.HttpServer2 (HttpServer2.java:addFilter(1015)) - Added filter static_user_filter (class=org.apache.hadoop.http.lib.StaticUserWebFilter$StaticUserFilter) to context static
2022-10-18 03:54:07,032 [Listener at localhost/35797] INFO  http.HttpServer2 (HttpServer2.java:addFilter(1015)) - Added filter static_user_filter (class=org.apache.hadoop.http.lib.StaticUserWebFilter$StaticUserFilter) to context logs
2022-10-18 03:54:07,032 [Listener at localhost/35797] INFO  http.HttpServer2 (HttpServer2.java:bindListener(1250)) - Jetty bound to port 41161
2022-10-18 03:54:07,033 [Listener at localhost/35797] INFO  server.Server (Server.java:doStart(375)) - jetty-9.4.43.v20210629; built: 2021-06-30T11:07:22.254Z; git: 526006ecfa3af7f1a27ef3a288e2bef7ea9dd7e8; jvm 1.8.0_345-b01
2022-10-18 03:54:07,036 [Listener at localhost/35797] INFO  server.session (DefaultSessionIdManager.java:doStart(334)) - DefaultSessionIdManager workerName=node0
2022-10-18 03:54:07,037 [Listener at localhost/35797] INFO  server.session (DefaultSessionIdManager.java:doStart(339)) - No SessionScavenger set, using defaults
2022-10-18 03:54:07,037 [Listener at localhost/35797] INFO  server.session (HouseKeeper.java:startScavenging(132)) - node0 Scavenging every 600000ms
2022-10-18 03:54:07,038 [Listener at localhost/35797] INFO  handler.ContextHandler (ContextHandler.java:doStart(915)) - Started o.e.j.s.ServletContextHandler@36b819{logs,/logs,file:///home/runner/work/ozone/ozone/hadoop-ozone/integration-test/target/log,AVAILABLE}
2022-10-18 03:54:07,038 [Listener at localhost/35797] INFO  handler.ContextHandler (ContextHandler.java:doStart(915)) - Started o.e.j.s.ServletContextHandler@591ac40f{static,/static,file:///home/runner/work/ozone/ozone/hadoop-ozone/integration-test/target/test-classes/webapps/static,AVAILABLE}
2022-10-18 03:54:07,042 [Listener at localhost/35797] INFO  handler.ContextHandler (ContextHandler.java:doStart(915)) - Started o.e.j.w.WebAppContext@6ce9cc4f{ozoneManager,/,file:///home/runner/work/ozone/ozone/hadoop-ozone/integration-test/target/test-classes/webapps/ozoneManager/,AVAILABLE}{file:/home/runner/work/ozone/ozone/hadoop-ozone/integration-test/target/test-classes/webapps/ozoneManager}
2022-10-18 03:54:07,044 [Listener at localhost/35797] INFO  server.AbstractConnector (AbstractConnector.java:doStart(331)) - Started ServerConnector@5ceec24{HTTP/1.1, (http/1.1)}{0.0.0.0:41161}
2022-10-18 03:54:07,044 [Listener at localhost/35797] INFO  server.Server (Server.java:doStart(415)) - Started @52732ms
2022-10-18 03:54:07,044 [Listener at localhost/35797] WARN  impl.MetricsSystemImpl (MetricsSystemImpl.java:register(279)) - Sink prometheus already exists!
2022-10-18 03:54:07,045 [Listener at localhost/35797] INFO  http.BaseHttpServer (BaseHttpServer.java:updateConnectorAddress(333)) - HTTP server of ozoneManager listening at http://0.0.0.0:41161
2022-10-18 03:54:07,045 [IPC Server Responder] INFO  ipc.Server (Server.java:run(1512)) - IPC Server Responder: starting
2022-10-18 03:54:07,048 [IPC Server listener on 35797] INFO  ipc.Server (Server.java:run(1352)) - IPC Server listener on 35797: starting
2022-10-18 03:54:07,053 [Listener at localhost/35797] INFO  om.OzoneManager (OzoneManager.java:startTrashEmptier(1919)) - Trash Interval set to 0. Files deleted won't move to trash
2022-10-18 03:54:07,054 [Listener at localhost/35797] INFO  om.OzoneManager (OzoneManager.java:stop(2034)) - omNode-2[localhost:37159]: Stopping Ozone Manager
2022-10-18 03:54:07,054 [org.apache.hadoop.util.JvmPauseMonitor$Monitor@2ab826c0] INFO  util.JvmPauseMonitor (JvmPauseMonitor.java:run(188)) - Starting JVM pause monitor
2022-10-18 03:54:07,054 [Listener at localhost/35797] INFO  om.OzoneManager (OzoneManager.java:restart(1571)) - OzoneManager RPC server is listening at localhost/127.0.0.1:37159
2022-10-18 03:54:07,054 [Listener at localhost/35797] INFO  impl.MetricsSystemImpl (MetricsSystemImpl.java:init(158)) - OzoneManager metrics system started (again)
2022-10-18 03:54:07,072 [Listener at localhost/35797] WARN  server.ServerUtils (ServerUtils.java:getDBPath(225)) - ozone.om.db.dirs is not configured. We recommend adding this setting. Falling back to ozone.metadata.dirs instead.
2022-10-18 03:54:07,072 [Listener at localhost/35797] INFO  codec.OmKeyInfoCodec (OmKeyInfoCodec.java:<init>(49)) - OmKeyInfoCodec ignorePipeline = true
2022-10-18 03:54:07,072 [Listener at localhost/35797] INFO  codec.RepeatedOmKeyInfoCodec (RepeatedOmKeyInfoCodec.java:<init>(41)) - RepeatedOmKeyInfoCodec ignorePipeline = true
2022-10-18 03:54:07,131 [Listener at localhost/35797] INFO  om.OzoneManager (OzoneManager.java:instantiateServices(712)) - S3 Multi-Tenancy is disabled
2022-10-18 03:54:07,134 [Listener at localhost/35797] WARN  impl.MetricRegistriesImpl (MetricRegistriesImpl.java:addReporterRegistration(111)) - New reporters are added after registries were created. Some metrics will be missing from the reporter. Please add reporter before adding any new registry.
2022-10-18 03:54:07,134 [Listener at localhost/35797] WARN  impl.MetricRegistriesImpl (MetricRegistriesImpl.java:addReporterRegistration(111)) - New reporters are added after registries were created. Some metrics will be missing from the reporter. Please add reporter before adding any new registry.
2022-10-18 03:54:07,135 [Listener at localhost/35797] WARN  server.ServerUtils (ServerUtils.java:getDefaultRatisDirectory(237)) - Storage directory for Ratis is not configured. It is a good idea to map this to an SSD disk. Falling back to ozone.metadata.dirs
2022-10-18 03:54:07,136 [Listener at localhost/35797] INFO  ratis.OzoneManagerRatisServer (OzoneManagerRatisServer.java:<init>(160)) - Instantiating OM Ratis server with groupID: om-service-test1 and peers: localhost:37241, localhost:44279, localhost:42747
2022-10-18 03:54:07,136 [Listener at localhost/35797] INFO  ratis.OzoneManagerStateMachine (OzoneManagerStateMachine.java:loadSnapshotInfoFromDB(632)) - LastAppliedIndex is set from TransactionInfo from OM DB as (t:5, i:58)
2022-10-18 03:54:07,136 [Listener at localhost/35797] INFO  server.RaftServer (ConfUtils.java:logGet(46)) - raft.rpc.type = GRPC (default)
2022-10-18 03:54:07,136 [Listener at localhost/35797] INFO  grpc.GrpcFactory (GrpcFactory.java:checkPooledByteBufAllocatorUseCacheForAllThreads(48)) - PERFORMANCE WARNING: useCacheForAllThreads is true that may cause Netty to create a lot garbage objects and, as a result, trigger GC.
	It is recommended to disable useCacheForAllThreads by setting -Dorg.apache.ratis.thirdparty.io.netty.allocator.useCacheForAllThreads=false in command line.
2022-10-18 03:54:07,137 [Listener at localhost/35797] INFO  grpc.GrpcConfigKeys (ConfUtils.java:logGet(46)) - raft.grpc.admin.port = -1 (default)
2022-10-18 03:54:07,137 [Listener at localhost/35797] INFO  grpc.GrpcConfigKeys (ConfUtils.java:logGet(46)) - raft.grpc.server.port = 37241 (custom)
2022-10-18 03:54:07,137 [Listener at localhost/35797] INFO  grpc.GrpcConfigKeys (ConfUtils.java:logGet(46)) - raft.grpc.client.port = -1 (default)
2022-10-18 03:54:07,137 [Listener at localhost/35797] INFO  grpc.GrpcConfigKeys (ConfUtils.java:logGet(46)) - raft.grpc.server.port = 37241 (custom)
2022-10-18 03:54:07,137 [Listener at localhost/35797] INFO  grpc.GrpcConfigKeys (ConfUtils.java:logGet(46)) - raft.grpc.server.port = 37241 (custom)
2022-10-18 03:54:07,138 [Listener at localhost/35797] INFO  server.GrpcService (ConfUtils.java:logGet(46)) - raft.grpc.message.size.max = 33554432 (custom)
2022-10-18 03:54:07,138 [Listener at localhost/35797] INFO  server.RaftServerConfigKeys (ConfUtils.java:logGet(46)) - raft.server.log.appender.buffer.byte-limit = 33554432 (custom)
2022-10-18 03:54:07,138 [Listener at localhost/35797] INFO  server.GrpcService (ConfUtils.java:logGet(46)) - raft.grpc.flow.control.window = 1MB (=1048576) (default)
2022-10-18 03:54:07,138 [Listener at localhost/35797] INFO  server.RaftServerConfigKeys (ConfUtils.java:logGet(46)) - raft.server.rpc.request.timeout = 3000ms (default)
2022-10-18 03:54:07,138 [Listener at localhost/35797] INFO  grpc.GrpcConfigKeys (ConfUtils.java:logGet(46)) - raft.grpc.server.async.request.thread.pool.cached = true (default)
2022-10-18 03:54:07,139 [Listener at localhost/35797] INFO  grpc.GrpcConfigKeys (ConfUtils.java:logGet(46)) - raft.grpc.server.async.request.thread.pool.size = 32 (default)
2022-10-18 03:54:07,140 [Listener at localhost/35797] INFO  impl.DataStreamServerImpl (ConfUtils.java:logGet(46)) - raft.datastream.type = DISABLED (default)
2022-10-18 03:54:07,140 [Listener at localhost/35797] INFO  server.RaftServerConfigKeys (ConfUtils.java:logGet(46)) - raft.server.threadpool.proxy.cached = true (default)
2022-10-18 03:54:07,140 [Listener at localhost/35797] INFO  server.RaftServerConfigKeys (ConfUtils.java:logGet(46)) - raft.server.threadpool.proxy.size = 0 (default)
2022-10-18 03:54:07,140 [Listener at localhost/35797] INFO  server.RaftServerConfigKeys (ConfUtils.java:logGet(46)) - raft.server.rpc.slowness.timeout = 2s (custom)
2022-10-18 03:54:07,141 [Listener at localhost/35797] INFO  server.RaftServerConfigKeys (ConfUtils.java:logGet(46)) - raft.server.leaderelection.leader.step-down.wait-time = 10s (default)
2022-10-18 03:54:07,141 [Listener at localhost/35797] INFO  server.RaftServerConfigKeys (ConfUtils.java:logGet(46)) - raft.server.storage.dir = [/home/runner/work/ozone/ozone/hadoop-ozone/integration-test/target/test-dir/MiniOzoneClusterImpl-5cdafbed-51d9-4f54-a43e-7c7e014ba032/omNode-2/ratis] (custom)
2022-10-18 03:54:07,141 [omNode-2-impl-thread1] INFO  server.RaftServer (RaftServerProxy.java:initGroupDir(247)) - omNode-2: found a subdirectory /home/runner/work/ozone/ozone/hadoop-ozone/integration-test/target/test-dir/MiniOzoneClusterImpl-5cdafbed-51d9-4f54-a43e-7c7e014ba032/omNode-2/ratis/c9bc4cf4-3bc3-3c60-a66b-523986131536
2022-10-18 03:54:07,142 [Listener at localhost/35797] INFO  server.RaftServer (RaftServerProxy.java:addNew(96)) - omNode-2: addNew group-523986131536:[omNode-3|rpc:localhost:44279|priority:0, omNode-1|rpc:localhost:42747|priority:0, omNode-2|rpc:localhost:37241|priority:0] returns group-523986131536:java.util.concurrent.CompletableFuture@22129dac[Not completed]
2022-10-18 03:54:07,142 [pool-367-thread-1] INFO  server.RaftServer$Division (RaftServerImpl.java:<init>(190)) - omNode-2: new RaftServerImpl for group-523986131536:[omNode-3|rpc:localhost:44279|priority:0, omNode-1|rpc:localhost:42747|priority:0, omNode-2|rpc:localhost:37241|priority:0] with OzoneManagerStateMachine:uninitialized
2022-10-18 03:54:07,142 [Listener at localhost/35797] INFO  om.OzoneManager (OzoneManager.java:initializeRatisServer(1975)) - OzoneManager Ratis server initialized at port 37241
2022-10-18 03:54:07,142 [pool-367-thread-1] INFO  server.RaftServerConfigKeys (ConfUtils.java:logGet(46)) - raft.server.rpc.timeout.min = 1s (custom)
2022-10-18 03:54:07,142 [Listener at localhost/35797] INFO  ratis.OzoneManagerRatisServer (OzoneManagerRatisServer.java:start(555)) - Starting OzoneManagerRatisServer omNode-2 at port 37241
2022-10-18 03:54:07,142 [pool-367-thread-1] INFO  server.RaftServerConfigKeys (ConfUtils.java:logGet(46)) - raft.server.rpc.timeout.max = 1200ms (custom)
2022-10-18 03:54:07,142 [pool-367-thread-1] INFO  server.RaftServerConfigKeys (ConfUtils.java:logGet(46)) - raft.server.rpc.sleep.time = 25ms (default)
2022-10-18 03:54:07,143 [pool-367-thread-1] INFO  server.RaftServerConfigKeys (ConfUtils.java:logGet(46)) - raft.server.rpc.slowness.timeout = 2s (custom)
2022-10-18 03:54:07,143 [pool-367-thread-1] INFO  server.RaftServerConfigKeys (ConfUtils.java:logGet(46)) - raft.server.leaderelection.leader.step-down.wait-time = 10s (default)
2022-10-18 03:54:07,143 [pool-367-thread-1] INFO  server.RaftServerConfigKeys (ConfUtils.java:logGet(46)) - raft.server.sleep.deviation.threshold = 300ms (default)
2022-10-18 03:54:07,143 [pool-367-thread-1] INFO  server.RaftServer$Division (ServerState.java:<init>(107)) - omNode-2@group-523986131536: ConfigurationManager, init=-1: [omNode-3|rpc:localhost:44279|priority:0, omNode-1|rpc:localhost:42747|priority:0, omNode-2|rpc:localhost:37241|priority:0], old=null, confs=<EMPTY_MAP>
2022-10-18 03:54:07,143 [pool-367-thread-1] INFO  server.RaftServerConfigKeys (ConfUtils.java:logGet(46)) - raft.server.storage.dir = [/home/runner/work/ozone/ozone/hadoop-ozone/integration-test/target/test-dir/MiniOzoneClusterImpl-5cdafbed-51d9-4f54-a43e-7c7e014ba032/omNode-2/ratis] (custom)
2022-10-18 03:54:07,143 [pool-367-thread-1] INFO  server.RaftServerConfigKeys (ConfUtils.java:logGet(46)) - raft.server.log.corruption.policy = EXCEPTION (default)
2022-10-18 03:54:07,143 [pool-367-thread-1] INFO  server.RaftServerConfigKeys (ConfUtils.java:logGet(46)) - raft.server.storage.free-space.min = 0MB (=0) (default)
2022-10-18 03:54:07,144 [pool-367-thread-1] INFO  storage.RaftStorageDirectory (RaftStorageDirectoryImpl.java:tryLock(230)) - Lock on /home/runner/work/ozone/ozone/hadoop-ozone/integration-test/target/test-dir/MiniOzoneClusterImpl-5cdafbed-51d9-4f54-a43e-7c7e014ba032/omNode-2/ratis/c9bc4cf4-3bc3-3c60-a66b-523986131536/in_use.lock acquired by nodename 30743@fv-az573-760
2022-10-18 03:54:07,145 [pool-367-thread-1] INFO  storage.RaftStorage (RaftStorageImpl.java:analyzeAndRecoverStorage(110)) - Read RaftStorageMetadata{term=5, votedFor=omNode-2} from /home/runner/work/ozone/ozone/hadoop-ozone/integration-test/target/test-dir/MiniOzoneClusterImpl-5cdafbed-51d9-4f54-a43e-7c7e014ba032/omNode-2/ratis/c9bc4cf4-3bc3-3c60-a66b-523986131536/current/raft-meta
2022-10-18 03:54:07,145 [pool-367-thread-1] INFO  server.RaftServer$Division (ServerState.java:setRaftConf(393)) - omNode-2@group-523986131536: set configuration 33: [omNode-3|rpc:localhost:44279|admin:|client:|dataStream:|priority:0, omNode-1|rpc:localhost:42747|admin:|client:|dataStream:|priority:0, omNode-2|rpc:localhost:37241|admin:|client:|dataStream:|priority:0], old=null
2022-10-18 03:54:07,145 [pool-367-thread-1] INFO  server.RaftServerConfigKeys (ConfUtils.java:logGet(46)) - raft.server.notification.no-leader.timeout = 2s (custom)
2022-10-18 03:54:07,145 [pool-367-thread-1] INFO  server.RaftServerConfigKeys (ConfUtils.java:logGet(46)) - raft.server.log.use.memory = false (default)
2022-10-18 03:54:07,145 [pool-367-thread-1] INFO  server.RaftServerConfigKeys (ConfUtils.java:logGet(46)) - raft.server.log.purge.gap = 50 (custom)
2022-10-18 03:54:07,145 [pool-367-thread-1] INFO  server.RaftServerConfigKeys (ConfUtils.java:logGet(46)) - raft.server.log.appender.buffer.byte-limit = 33554432 (custom)
2022-10-18 03:54:07,145 [pool-367-thread-1] INFO  server.RaftServerConfigKeys (ConfUtils.java:logGet(46)) - raft.server.log.statemachine.data.read.timeout = 1000ms (default)
2022-10-18 03:54:07,146 [pool-367-thread-1] INFO  server.RaftServerConfigKeys (ConfUtils.java:logGet(46)) - raft.server.log.segment.size.max = 4194304 (custom)
2022-10-18 03:54:07,146 [pool-367-thread-1] INFO  server.RaftServerConfigKeys (ConfUtils.java:logGet(46)) - raft.server.log.segment.cache.num.max = 2 (custom)
2022-10-18 03:54:07,146 [pool-367-thread-1] INFO  server.RaftServerConfigKeys (ConfUtils.java:logGet(46)) - raft.server.log.segment.cache.size.max = 200MB (=209715200) (default)
2022-10-18 03:54:07,146 [pool-367-thread-1] INFO  segmented.SegmentedRaftLogWorker (SegmentedRaftLogWorker.java:<init>(187)) - new omNode-2@group-523986131536-SegmentedRaftLogWorker for RaftStorageImpl:Storage Directory /home/runner/work/ozone/ozone/hadoop-ozone/integration-test/target/test-dir/MiniOzoneClusterImpl-5cdafbed-51d9-4f54-a43e-7c7e014ba032/omNode-2/ratis/c9bc4cf4-3bc3-3c60-a66b-523986131536
2022-10-18 03:54:07,146 [pool-367-thread-1] INFO  server.RaftServerConfigKeys (ConfUtils.java:logGet(46)) - raft.server.log.queue.byte-limit = 64MB (=67108864) (default)
2022-10-18 03:54:07,146 [pool-367-thread-1] INFO  server.RaftServerConfigKeys (ConfUtils.java:logGet(46)) - raft.server.log.queue.element-limit = 4096 (default)
2022-10-18 03:54:07,147 [pool-367-thread-1] INFO  server.RaftServerConfigKeys (ConfUtils.java:logGet(46)) - raft.server.log.segment.size.max = 4194304 (custom)
2022-10-18 03:54:07,147 [pool-367-thread-1] INFO  server.RaftServerConfigKeys (ConfUtils.java:logGet(46)) - raft.server.log.preallocated.size = 4194304 (custom)
2022-10-18 03:54:07,147 [pool-367-thread-1] INFO  server.RaftServerConfigKeys (ConfUtils.java:logGet(46)) - raft.server.log.force.sync.num = 128 (default)
2022-10-18 03:54:07,147 [pool-367-thread-1] INFO  server.RaftServerConfigKeys (ConfUtils.java:logGet(46)) - raft.server.log.statemachine.data.sync = true (default)
2022-10-18 03:54:07,147 [pool-367-thread-1] INFO  server.RaftServerConfigKeys (ConfUtils.java:logGet(46)) - raft.server.log.statemachine.data.sync.timeout = 10s (default)
2022-10-18 03:54:07,147 [pool-367-thread-1] INFO  server.RaftServerConfigKeys (ConfUtils.java:logGet(46)) - raft.server.log.statemachine.data.sync.timeout.retry = -1 (default)
2022-10-18 03:54:07,148 [pool-367-thread-1] INFO  server.RaftServerConfigKeys (ConfUtils.java:logGet(46)) - raft.server.log.write.buffer.size = 64KB (=65536) (default)
2022-10-18 03:54:07,148 [pool-367-thread-1] INFO  server.RaftServerConfigKeys (ConfUtils.java:logGet(46)) - raft.server.log.unsafe-flush.enabled = false (default)
2022-10-18 03:54:07,148 [pool-367-thread-1] INFO  server.RaftServerConfigKeys (ConfUtils.java:logGet(46)) - raft.server.log.statemachine.data.caching.enabled = false (default)
2022-10-18 03:54:07,149 [pool-367-thread-1] INFO  server.RaftServer$Division (ServerState.java:setRaftConf(393)) - omNode-2@group-523986131536: set configuration 33: [omNode-3|rpc:localhost:44279|admin:|client:|dataStream:|priority:0, omNode-1|rpc:localhost:42747|admin:|client:|dataStream:|priority:0, omNode-2|rpc:localhost:37241|admin:|client:|dataStream:|priority:0], old=null
2022-10-18 03:54:07,150 [pool-367-thread-1] INFO  segmented.LogSegment (LogSegment.java:loadSegment(173)) - Successfully read 26 entries from segment file /home/runner/work/ozone/ozone/hadoop-ozone/integration-test/target/test-dir/MiniOzoneClusterImpl-5cdafbed-51d9-4f54-a43e-7c7e014ba032/omNode-2/ratis/c9bc4cf4-3bc3-3c60-a66b-523986131536/current/log_inprogress_33
2022-10-18 03:54:07,150 [pool-367-thread-1] INFO  segmented.SegmentedRaftLogWorker (SegmentedRaftLogWorker.java:lambda$new$0(135)) - omNode-2@group-523986131536-SegmentedRaftLogWorker: flushIndex: setUnconditionally 0 -> 58
2022-10-18 03:54:07,150 [pool-367-thread-1] INFO  segmented.SegmentedRaftLogWorker (SegmentedRaftLogWorker.java:lambda$new$0(135)) - omNode-2@group-523986131536-SegmentedRaftLogWorker: safeCacheEvictIndex: setUnconditionally 0 -> -1
2022-10-18 03:54:07,150 [pool-367-thread-1] INFO  raftlog.RaftLog (RaftLogBase.java:lambda$new$0(53)) - omNode-2@group-523986131536-SegmentedRaftLog: commitIndex: updateToMax old=58, new=57, updated? false
2022-10-18 03:54:07,150 [pool-367-thread-1] INFO  raftlog.RaftLog (RaftLogBase.java:lambda$new$0(53)) - omNode-2@group-523986131536-SegmentedRaftLog: purgeIndex: updateIncreasingly -1 -> 32
2022-10-18 03:54:07,150 [pool-367-thread-1] INFO  server.RaftServerConfigKeys (ConfUtils.java:logGet(46)) - raft.server.snapshot.auto.trigger.enabled = true (custom)
2022-10-18 03:54:07,150 [pool-367-thread-1] INFO  server.RaftServerConfigKeys (ConfUtils.java:logGet(46)) - raft.server.snapshot.auto.trigger.threshold = 50 (custom)
2022-10-18 03:54:07,150 [pool-367-thread-1] INFO  server.RaftServerConfigKeys (ConfUtils.java:logGet(46)) - raft.server.snapshot.retention.file.num = -1 (default)
2022-10-18 03:54:07,151 [pool-367-thread-1] INFO  server.RaftServerConfigKeys (ConfUtils.java:logGet(46)) - raft.server.log.purge.upto.snapshot.index = true (custom)
2022-10-18 03:54:07,151 [pool-367-thread-1] INFO  server.RaftServerConfigKeys (ConfUtils.java:logGet(46)) - raft.server.retrycache.expirytime = 30000ms (custom)
2022-10-18 03:54:07,151 [pool-367-thread-1] INFO  server.RaftServerConfigKeys (ConfUtils.java:logGet(46)) - raft.server.retrycache.statistics.expirytime = 100μs (default)
2022-10-18 03:54:07,152 [pool-367-thread-1] INFO  server.RaftServerConfigKeys (ConfUtils.java:logGet(46)) - raft.server.log.appender.install.snapshot.enabled = false (custom)
2022-10-18 03:54:07,152 [pool-367-thread-1] INFO  server.RaftServerConfigKeys (ConfUtils.java:logGet(46)) - raft.server.threadpool.server.cached = true (default)
2022-10-18 03:54:07,152 [pool-367-thread-1] INFO  server.RaftServerConfigKeys (ConfUtils.java:logGet(46)) - raft.server.threadpool.server.size = 0 (default)
2022-10-18 03:54:07,152 [pool-367-thread-1] INFO  server.RaftServerConfigKeys (ConfUtils.java:logGet(46)) - raft.server.threadpool.client.cached = true (default)
2022-10-18 03:54:07,152 [pool-367-thread-1] INFO  server.RaftServerConfigKeys (ConfUtils.java:logGet(46)) - raft.server.threadpool.client.size = 0 (default)
2022-10-18 03:54:07,155 [omNode-2-impl-thread1] INFO  server.RaftServer$Division (RaftServerImpl.java:start(310)) - omNode-2@group-523986131536: start as a follower, conf=33: [omNode-3|rpc:localhost:44279|admin:|client:|dataStream:|priority:0, omNode-1|rpc:localhost:42747|admin:|client:|dataStream:|priority:0, omNode-2|rpc:localhost:37241|admin:|client:|dataStream:|priority:0], old=null
2022-10-18 03:54:07,155 [omNode-2-impl-thread1] INFO  server.RaftServer$Division (RaftServerImpl.java:setRole(299)) - omNode-2@group-523986131536: changes role from      null to FOLLOWER at term 5 for startAsFollower
2022-10-18 03:54:07,155 [omNode-2-impl-thread1] INFO  impl.RoleInfo (RoleInfo.java:updateAndGet(139)) - omNode-2: start omNode-2@group-523986131536-FollowerState
2022-10-18 03:54:07,158 [omNode-2-impl-thread1] INFO  util.JmxRegister (JmxRegister.java:tryRegister(44)) - Successfully registered JMX Bean with object name Ratis:service=RaftServer,group=group-523986131536,id=omNode-2
2022-10-18 03:54:07,158 [Listener at localhost/35797] INFO  server.RaftServer (RaftServerProxy.java:lambda$start$6(382)) - omNode-2: start RPC server
2022-10-18 03:54:07,161 [Listener at localhost/35797] INFO  server.GrpcService (GrpcService.java:startImpl(260)) - omNode-2: GrpcService started, listening on 37241
2022-10-18 03:54:07,162 [Listener at localhost/35797] INFO  om.OzoneManager (OzoneManager.java:getRpcServer(1101)) - Creating RPC Server
2022-10-18 03:54:07,164 [org.apache.ratis.util.JvmPauseMonitor$$Lambda$703/726954313@cd0c71e] INFO  util.JvmPauseMonitor (JvmPauseMonitor.java:run(103)) - JvmPauseMonitor-omNode-2: Started
2022-10-18 03:54:07,402 [org.apache.ratis.util.JvmPauseMonitor$$Lambda$703/726954313@3b628acc] WARN  util.JvmPauseMonitor (JvmPauseMonitor.java:detectPause(124)) - JvmPauseMonitor-f6f53d54-4cd3-435a-b21b-2cdd3dcfe81c: Detected pause in JVM or host machine (eg GC): pause of approximately 169436238ns.
GC pool 'PS MarkSweep' had collection(s): count=1 time=148ms
GC pool 'PS Scavenge' had collection(s): count=1 time=38ms
2022-10-18 03:54:07,402 [org.apache.ratis.util.JvmPauseMonitor$$Lambda$703/726954313@370ec882] WARN  util.JvmPauseMonitor (JvmPauseMonitor.java:detectPause(124)) - JvmPauseMonitor-d82b3d45-d655-4a89-a275-3b2497edd339: Detected pause in JVM or host machine (eg GC): pause of approximately 169667539ns.
GC pool 'PS MarkSweep' had collection(s): count=1 time=148ms
GC pool 'PS Scavenge' had collection(s): count=1 time=38ms
2022-10-18 03:54:07,402 [org.apache.ratis.util.JvmPauseMonitor$$Lambda$703/726954313@f3e6745] WARN  util.JvmPauseMonitor (JvmPauseMonitor.java:detectPause(124)) - JvmPauseMonitor-e292a541-f338-4081-a529-9c633adc47b7: Detected pause in JVM or host machine (eg GC): pause of approximately 177793676ns.
GC pool 'PS MarkSweep' had collection(s): count=1 time=148ms
GC pool 'PS Scavenge' had collection(s): count=1 time=38ms
2022-10-18 03:54:07,768 [Listener at localhost/35797] INFO  reflections.Reflections (Reflections.java:scan(232)) - Reflections took 605 ms to scan 19 urls, producing 67 keys and 4238 values [using 2 cores]
2022-10-18 03:54:07,770 [Listener at localhost/35797] INFO  ipc.CallQueueManager (CallQueueManager.java:<init>(90)) - Using callQueue: class java.util.concurrent.LinkedBlockingQueue, queueCapacity: 2000, scheduler: class org.apache.hadoop.ipc.DefaultRpcScheduler, ipcBackoff: false.
2022-10-18 03:54:07,771 [Socket Reader #1 for port 37159] INFO  ipc.Server (Server.java:run(1273)) - Starting Socket Reader #1 for port 37159
2022-10-18 03:54:07,774 [Listener at localhost/37159] INFO  http.BaseHttpServer (BaseHttpServer.java:newHttpServer2BuilderForOzone(213)) - Starting Web-server for ozoneManager at: http://0.0.0.0:33977
2022-10-18 03:54:07,775 [Listener at localhost/37159] INFO  http.BaseHttpServer (BaseHttpServer.java:<init>(108)) - Hadoop Security Enabled: false Ozone Security Enabled: false Ozone HTTP Security Enabled: false 
2022-10-18 03:54:07,776 [Listener at localhost/37159] WARN  server.AuthenticationFilter (AuthenticationFilter.java:constructSecretProvider(240)) - Unable to initialize FileSignerSecretProvider, falling back to use random secrets. Reason: Could not read signature secret file: /home/runner/hadoop-http-auth-signature-secret
2022-10-18 03:54:07,777 [Listener at localhost/37159] WARN  http.HttpRequestLog (HttpRequestLog.java:getRequestLog(103)) - Jetty request log can only be enabled using Log4j
2022-10-18 03:54:07,779 [Listener at localhost/37159] INFO  http.HttpServer2 (HttpServer2.java:addGlobalFilter(1031)) - Added global filter 'safety' (class=org.apache.hadoop.hdds.server.http.HttpServer2$QuotingInputFilter)
2022-10-18 03:54:07,779 [Listener at localhost/37159] INFO  http.HttpServer2 (HttpServer2.java:addFilter(1007)) - Added filter static_user_filter (class=org.apache.hadoop.http.lib.StaticUserWebFilter$StaticUserFilter) to context ozoneManager
2022-10-18 03:54:07,779 [Listener at localhost/37159] INFO  http.HttpServer2 (HttpServer2.java:addFilter(1015)) - Added filter static_user_filter (class=org.apache.hadoop.http.lib.StaticUserWebFilter$StaticUserFilter) to context logs
2022-10-18 03:54:07,780 [Listener at localhost/37159] INFO  http.HttpServer2 (HttpServer2.java:addFilter(1015)) - Added filter static_user_filter (class=org.apache.hadoop.http.lib.StaticUserWebFilter$StaticUserFilter) to context static
2022-10-18 03:54:07,780 [Listener at localhost/37159] INFO  http.HttpServer2 (HttpServer2.java:bindListener(1250)) - Jetty bound to port 33977
2022-10-18 03:54:07,780 [Listener at localhost/37159] INFO  server.Server (Server.java:doStart(375)) - jetty-9.4.43.v20210629; built: 2021-06-30T11:07:22.254Z; git: 526006ecfa3af7f1a27ef3a288e2bef7ea9dd7e8; jvm 1.8.0_345-b01
2022-10-18 03:54:07,783 [Listener at localhost/37159] INFO  server.session (DefaultSessionIdManager.java:doStart(334)) - DefaultSessionIdManager workerName=node0
2022-10-18 03:54:07,783 [Listener at localhost/37159] INFO  server.session (DefaultSessionIdManager.java:doStart(339)) - No SessionScavenger set, using defaults
2022-10-18 03:54:07,783 [Listener at localhost/37159] INFO  server.session (HouseKeeper.java:startScavenging(132)) - node0 Scavenging every 600000ms
2022-10-18 03:54:07,784 [Listener at localhost/37159] INFO  handler.ContextHandler (ContextHandler.java:doStart(915)) - Started o.e.j.s.ServletContextHandler@21b26eb6{logs,/logs,file:///home/runner/work/ozone/ozone/hadoop-ozone/integration-test/target/log,AVAILABLE}
2022-10-18 03:54:07,784 [Listener at localhost/37159] INFO  handler.ContextHandler (ContextHandler.java:doStart(915)) - Started o.e.j.s.ServletContextHandler@5f97adc9{static,/static,file:///home/runner/work/ozone/ozone/hadoop-ozone/integration-test/target/test-classes/webapps/static,AVAILABLE}
2022-10-18 03:54:07,789 [Listener at localhost/37159] INFO  handler.ContextHandler (ContextHandler.java:doStart(915)) - Started o.e.j.w.WebAppContext@31b38a32{ozoneManager,/,file:///home/runner/work/ozone/ozone/hadoop-ozone/integration-test/target/test-classes/webapps/ozoneManager/,AVAILABLE}{file:/home/runner/work/ozone/ozone/hadoop-ozone/integration-test/target/test-classes/webapps/ozoneManager}
2022-10-18 03:54:07,790 [Listener at localhost/37159] INFO  server.AbstractConnector (AbstractConnector.java:doStart(331)) - Started ServerConnector@e49055a{HTTP/1.1, (http/1.1)}{0.0.0.0:33977}
2022-10-18 03:54:07,790 [Listener at localhost/37159] INFO  server.Server (Server.java:doStart(415)) - Started @53478ms
2022-10-18 03:54:07,790 [Listener at localhost/37159] WARN  impl.MetricsSystemImpl (MetricsSystemImpl.java:register(279)) - Sink prometheus already exists!
2022-10-18 03:54:07,791 [Listener at localhost/37159] INFO  http.BaseHttpServer (BaseHttpServer.java:updateConnectorAddress(333)) - HTTP server of ozoneManager listening at http://0.0.0.0:33977
2022-10-18 03:54:07,792 [IPC Server Responder] INFO  ipc.Server (Server.java:run(1512)) - IPC Server Responder: starting
2022-10-18 03:54:07,792 [IPC Server listener on 37159] INFO  ipc.Server (Server.java:run(1352)) - IPC Server listener on 37159: starting
2022-10-18 03:54:07,798 [Listener at localhost/37159] INFO  om.OzoneManager (OzoneManager.java:startTrashEmptier(1919)) - Trash Interval set to 0. Files deleted won't move to trash
]]></system-out>
  </testcase>
  <testcase name="testFileOperationsAndDelete" classname="org.apache.hadoop.ozone.om.TestOzoneManagerHAWithData" time="10.333">
    <system-out><![CDATA[2022-10-18 03:54:07,804 [org.apache.hadoop.util.JvmPauseMonitor$Monitor@557a2fe7] INFO  util.JvmPauseMonitor (JvmPauseMonitor.java:run(188)) - Starting JVM pause monitor
2022-10-18 03:54:07,818 [Listener at localhost/37159] INFO  rpc.RpcClient (RpcClient.java:createVolume(471)) - Creating Volume: volume37393, with user86149 as owner and space quota set to -1 bytes, counts quota set to -1
2022-10-18 03:54:07,820 [Listener at localhost/37159] INFO  retry.RetryInvocationHandler (RetryInvocationHandler.java:log(411)) - com.google.protobuf.ServiceException: java.io.EOFException: End of File Exception between local host is: "fv-az573-760/10.1.0.75"; destination host is: "localhost":35797; : java.io.EOFException; For more details see:  http://wiki.apache.org/hadoop/EOFException, while invoking $Proxy55.submitRequest over nodeId=omNode-1,nodeAddress=127.0.0.1:35797. Trying to failover immediately.
2022-10-18 03:54:07,825 [omNode-1@group-523986131536-FollowerState] INFO  impl.FollowerState (FollowerState.java:run(143)) - omNode-1@group-523986131536-FollowerState: change to CANDIDATE, lastRpcElapsedTime:1161887873ns, electionTimeout:1160ms
2022-10-18 03:54:07,826 [omNode-1@group-523986131536-FollowerState] INFO  impl.RoleInfo (RoleInfo.java:shutdownFollowerState(110)) - omNode-1: shutdown omNode-1@group-523986131536-FollowerState
2022-10-18 03:54:07,826 [omNode-1@group-523986131536-FollowerState] INFO  server.RaftServer$Division (RaftServerImpl.java:setRole(299)) - omNode-1@group-523986131536: changes role from  FOLLOWER to CANDIDATE at term 6 for changeToCandidate
2022-10-18 03:54:07,826 [omNode-1@group-523986131536-FollowerState] INFO  server.RaftServerConfigKeys (ConfUtils.java:logGet(46)) - raft.server.leaderelection.pre-vote = false (custom)
2022-10-18 03:54:07,826 [omNode-1@group-523986131536-FollowerState] INFO  impl.RoleInfo (RoleInfo.java:updateAndGet(139)) - omNode-1: start omNode-1@group-523986131536-LeaderElection14
2022-10-18 03:54:07,838 [Listener at localhost/37159] INFO  retry.RetryInvocationHandler (RetryInvocationHandler.java:log(411)) - com.google.protobuf.ServiceException: org.apache.hadoop.ipc.RemoteException(org.apache.hadoop.ozone.om.exceptions.OMNotLeaderException): OM:omNode-2 is not the leader. Could not determine the leader node.
	at org.apache.hadoop.ozone.om.OzoneManager.checkLeaderStatus(OzoneManager.java:4115)
	at org.apache.hadoop.ozone.om.ratis.utils.OzoneManagerRatisUtils.checkLeaderStatus(OzoneManagerRatisUtils.java:446)
	at org.apache.hadoop.ozone.protocolPB.OzoneManagerProtocolServerSideTranslatorPB.processRequest(OzoneManagerProtocolServerSideTranslatorPB.java:181)
	at org.apache.hadoop.hdds.server.OzoneProtocolMessageDispatcher.processRequest(OzoneProtocolMessageDispatcher.java:87)
	at org.apache.hadoop.ozone.protocolPB.OzoneManagerProtocolServerSideTranslatorPB.submitRequest(OzoneManagerProtocolServerSideTranslatorPB.java:147)
	at org.apache.hadoop.ozone.protocol.proto.OzoneManagerProtocolProtos$OzoneManagerService$2.callBlockingMethod(OzoneManagerProtocolProtos.java)
	at org.apache.hadoop.ipc.ProtobufRpcEngine$Server.processCall(ProtobufRpcEngine.java:465)
	at org.apache.hadoop.ipc.ProtobufRpcEngine2$Server$ProtoBufRpcInvoker.call(ProtobufRpcEngine2.java:578)
	at org.apache.hadoop.ipc.ProtobufRpcEngine2$Server$ProtoBufRpcInvoker.call(ProtobufRpcEngine2.java:556)
	at org.apache.hadoop.ipc.RPC$Server.call(RPC.java:1093)
	at org.apache.hadoop.ipc.Server$RpcCall.run(Server.java:1043)
	at org.apache.hadoop.ipc.Server$RpcCall.run(Server.java:971)
	at java.security.AccessController.doPrivileged(Native Method)
	at javax.security.auth.Subject.doAs(Subject.java:422)
	at org.apache.hadoop.security.UserGroupInformation.doAs(UserGroupInformation.java:1878)
	at org.apache.hadoop.ipc.Server$Handler.run(Server.java:2976)
, while invoking $Proxy55.submitRequest over nodeId=omNode-2,nodeAddress=127.0.0.1:37159 after 1 failover attempts. Trying to failover immediately.
2022-10-18 03:54:07,841 [Listener at localhost/37159] INFO  retry.RetryInvocationHandler (RetryInvocationHandler.java:log(411)) - com.google.protobuf.ServiceException: java.io.EOFException: End of File Exception between local host is: "fv-az573-760/10.1.0.75"; destination host is: "localhost":45489; : java.io.EOFException; For more details see:  http://wiki.apache.org/hadoop/EOFException, while invoking $Proxy55.submitRequest over nodeId=omNode-3,nodeAddress=127.0.0.1:45489 after 2 failover attempts. Trying to failover after sleeping for 2000ms.
2022-10-18 03:54:07,844 [omNode-1@group-523986131536-LeaderElection14] INFO  impl.LeaderElection (LeaderElection.java:askForVotes(310)) - omNode-1@group-523986131536-LeaderElection14 ELECTION round 0: submit vote requests at term 7 for 59: [omNode-3|rpc:localhost:44279|admin:|client:|dataStream:|priority:0, omNode-1|rpc:localhost:42747|admin:|client:|dataStream:|priority:0, omNode-2|rpc:localhost:37241|admin:|client:|dataStream:|priority:0], old=null
2022-10-18 03:54:07,861 [grpc-default-executor-3] INFO  server.RaftServer$Division (RaftServerImpl.java:requestVote(1152)) - omNode-3@group-523986131536: receive requestVote(ELECTION, omNode-1, group-523986131536, 7, (t:6, i:60))
2022-10-18 03:54:07,861 [grpc-default-executor-3] INFO  impl.VoteContext (VoteContext.java:log(48)) - omNode-3@group-523986131536-FOLLOWER: accept ELECTION from omNode-1: our priority 0 <= candidate's priority 0
2022-10-18 03:54:07,861 [grpc-default-executor-3] INFO  server.RaftServer$Division (ServerState.java:setLeader(287)) - omNode-3@group-523986131536: change Leader from omNode-1 to null at term 7 for updateCurrentTerm
2022-10-18 03:54:07,861 [grpc-default-executor-3] INFO  server.RaftServer$Division (RaftServerImpl.java:setRole(299)) - omNode-3@group-523986131536: changes role from  FOLLOWER to FOLLOWER at term 7 for candidate:omNode-1
2022-10-18 03:54:07,861 [grpc-default-executor-3] INFO  impl.RoleInfo (RoleInfo.java:shutdownFollowerState(110)) - omNode-3: shutdown omNode-3@group-523986131536-FollowerState
2022-10-18 03:54:07,861 [grpc-default-executor-3] INFO  impl.RoleInfo (RoleInfo.java:updateAndGet(139)) - omNode-3: start omNode-3@group-523986131536-FollowerState
2022-10-18 03:54:07,861 [omNode-3@group-523986131536-FollowerState] INFO  impl.FollowerState (FollowerState.java:run(152)) - omNode-3@group-523986131536-FollowerState was interrupted
2022-10-18 03:54:07,865 [grpc-default-executor-3] INFO  server.RaftServer$Division (RaftServerImpl.java:requestVote(1184)) - omNode-3@group-523986131536 replies to ELECTION vote request: omNode-1<-omNode-3#0:OK-t7. Peer's state: omNode-3@group-523986131536:t7, leader=null, voted=omNode-1, raftlog=omNode-3@group-523986131536-SegmentedRaftLog:OPENED:c60, conf=59: [omNode-3|rpc:localhost:44279|admin:|client:|dataStream:|priority:0, omNode-1|rpc:localhost:42747|admin:|client:|dataStream:|priority:0, omNode-2|rpc:localhost:37241|admin:|client:|dataStream:|priority:0], old=null
2022-10-18 03:54:07,865 [grpc-default-executor-3] INFO  server.RaftServer$Division (RaftServerImpl.java:requestVote(1152)) - omNode-2@group-523986131536: receive requestVote(ELECTION, omNode-1, group-523986131536, 7, (t:6, i:60))
2022-10-18 03:54:07,865 [grpc-default-executor-3] INFO  impl.VoteContext (VoteContext.java:log(48)) - omNode-2@group-523986131536-FOLLOWER: accept ELECTION from omNode-1: our last entry (t:5, i:58) < candidate's last entry (t:6, i:60)
2022-10-18 03:54:07,866 [grpc-default-executor-3] INFO  server.RaftServer$Division (RaftServerImpl.java:setRole(299)) - omNode-2@group-523986131536: changes role from  FOLLOWER to FOLLOWER at term 7 for candidate:omNode-1
2022-10-18 03:54:07,866 [grpc-default-executor-3] INFO  impl.RoleInfo (RoleInfo.java:shutdownFollowerState(110)) - omNode-2: shutdown omNode-2@group-523986131536-FollowerState
2022-10-18 03:54:07,866 [omNode-2@group-523986131536-FollowerState] INFO  impl.FollowerState (FollowerState.java:run(152)) - omNode-2@group-523986131536-FollowerState was interrupted
2022-10-18 03:54:07,866 [grpc-default-executor-3] INFO  impl.RoleInfo (RoleInfo.java:updateAndGet(139)) - omNode-2: start omNode-2@group-523986131536-FollowerState
2022-10-18 03:54:07,871 [grpc-default-executor-3] INFO  server.RaftServer$Division (RaftServerImpl.java:requestVote(1184)) - omNode-2@group-523986131536 replies to ELECTION vote request: omNode-1<-omNode-2#0:OK-t7. Peer's state: omNode-2@group-523986131536:t7, leader=null, voted=omNode-1, raftlog=omNode-2@group-523986131536-SegmentedRaftLog:OPENED:c58, conf=33: [omNode-3|rpc:localhost:44279|admin:|client:|dataStream:|priority:0, omNode-1|rpc:localhost:42747|admin:|client:|dataStream:|priority:0, omNode-2|rpc:localhost:37241|admin:|client:|dataStream:|priority:0], old=null
2022-10-18 03:54:07,872 [omNode-1@group-523986131536-LeaderElection14] INFO  impl.LeaderElection (LeaderElection.java:logAndReturn(90)) - omNode-1@group-523986131536-LeaderElection14: ELECTION PASSED received 1 response(s) and 0 exception(s):
2022-10-18 03:54:07,872 [omNode-1@group-523986131536-LeaderElection14] INFO  impl.LeaderElection (LeaderElection.java:logAndReturn(94)) -   Response 0: omNode-1<-omNode-3#0:OK-t7
2022-10-18 03:54:07,872 [omNode-1@group-523986131536-LeaderElection14] INFO  impl.LeaderElection (LeaderElection.java:askForVotes(312)) - omNode-1@group-523986131536-LeaderElection14 ELECTION round 0: result PASSED
2022-10-18 03:54:07,872 [omNode-1@group-523986131536-LeaderElection14] INFO  impl.RoleInfo (RoleInfo.java:shutdownLeaderElection(130)) - omNode-1: shutdown omNode-1@group-523986131536-LeaderElection14
2022-10-18 03:54:07,872 [omNode-1@group-523986131536-LeaderElection14] INFO  server.RaftServer$Division (RaftServerImpl.java:setRole(299)) - omNode-1@group-523986131536: changes role from CANDIDATE to LEADER at term 7 for changeToLeader
2022-10-18 03:54:07,872 [omNode-1@group-523986131536-LeaderElection14] INFO  server.RaftServer$Division (ServerState.java:setLeader(287)) - omNode-1@group-523986131536: change Leader from null to omNode-1 at term 7 for becomeLeader, leader elected after 1215ms
2022-10-18 03:54:07,872 [omNode-1@group-523986131536-LeaderElection14] INFO  server.RaftServerConfigKeys (ConfUtils.java:logGet(46)) - raft.server.staging.catchup.gap = 1000 (default)
2022-10-18 03:54:07,873 [omNode-1@group-523986131536-LeaderElection14] INFO  server.RaftServerConfigKeys (ConfUtils.java:logGet(46)) - raft.server.write.element-limit = 4096 (default)
2022-10-18 03:54:07,873 [omNode-1@group-523986131536-LeaderElection14] INFO  server.RaftServerConfigKeys (ConfUtils.java:logGet(46)) - raft.server.write.byte-limit = 64MB (=67108864) (default)
2022-10-18 03:54:07,873 [omNode-1@group-523986131536-LeaderElection14] INFO  server.RaftServerConfigKeys (ConfUtils.java:logGet(46)) - raft.server.watch.timeout = 10s (default)
2022-10-18 03:54:07,873 [omNode-1@group-523986131536-LeaderElection14] INFO  server.RaftServerConfigKeys (ConfUtils.java:logGet(46)) - raft.server.watch.timeout.denomination = 1s (default)
2022-10-18 03:54:07,873 [omNode-1@group-523986131536-LeaderElection14] INFO  server.RaftServerConfigKeys (ConfUtils.java:logGet(46)) - raft.server.watch.element-limit = 65536 (default)
2022-10-18 03:54:07,873 [omNode-1@group-523986131536-LeaderElection14] INFO  server.RaftServerConfigKeys (ConfUtils.java:logGet(46)) - raft.server.write.element-limit = 4096 (default)
2022-10-18 03:54:07,873 [omNode-1@group-523986131536-LeaderElection14] INFO  server.RaftServerConfigKeys (ConfUtils.java:logGet(46)) - raft.server.write.follower.gap.ratio.max = -1.0 (default)
2022-10-18 03:54:07,874 [omNode-1@group-523986131536-LeaderElection14] INFO  server.RaftServerConfigKeys (ConfUtils.java:logGet(46)) - raft.server.log.appender.snapshot.chunk.size.max = 16MB (=16777216) (default)
2022-10-18 03:54:07,874 [omNode-1@group-523986131536-LeaderElection14] INFO  server.RaftServerConfigKeys (ConfUtils.java:logGet(46)) - raft.server.log.appender.buffer.byte-limit = 33554432 (custom)
2022-10-18 03:54:07,874 [omNode-1@group-523986131536-LeaderElection14] INFO  server.RaftServerConfigKeys (ConfUtils.java:logGet(46)) - raft.server.log.appender.buffer.element-limit = 1024 (custom)
2022-10-18 03:54:07,875 [omNode-1@group-523986131536-LeaderElection14] INFO  grpc.GrpcConfigKeys (ConfUtils.java:logGet(46)) - raft.grpc.server.leader.outstanding.appends.max = 128 (default)
2022-10-18 03:54:07,875 [omNode-1@group-523986131536-LeaderElection14] INFO  server.RaftServerConfigKeys (ConfUtils.java:logGet(46)) - raft.server.rpc.request.timeout = 3000ms (default)
2022-10-18 03:54:07,875 [omNode-1@group-523986131536-LeaderElection14] INFO  server.RaftServerConfigKeys (ConfUtils.java:logGet(46)) - raft.server.log.appender.install.snapshot.enabled = false (custom)
2022-10-18 03:54:07,876 [omNode-1@group-523986131536-LeaderElection14] INFO  server.RaftServerConfigKeys (ConfUtils.java:logGet(46)) - raft.server.log.appender.snapshot.chunk.size.max = 16MB (=16777216) (default)
2022-10-18 03:54:07,876 [omNode-1@group-523986131536-LeaderElection14] INFO  server.RaftServerConfigKeys (ConfUtils.java:logGet(46)) - raft.server.log.appender.buffer.byte-limit = 33554432 (custom)
2022-10-18 03:54:07,876 [omNode-1@group-523986131536-LeaderElection14] INFO  server.RaftServerConfigKeys (ConfUtils.java:logGet(46)) - raft.server.log.appender.buffer.element-limit = 1024 (custom)
2022-10-18 03:54:07,876 [omNode-1@group-523986131536-LeaderElection14] INFO  grpc.GrpcConfigKeys (ConfUtils.java:logGet(46)) - raft.grpc.server.leader.outstanding.appends.max = 128 (default)
2022-10-18 03:54:07,876 [omNode-1@group-523986131536-LeaderElection14] INFO  server.RaftServerConfigKeys (ConfUtils.java:logGet(46)) - raft.server.rpc.request.timeout = 3000ms (default)
2022-10-18 03:54:07,876 [omNode-1@group-523986131536-LeaderElection14] INFO  server.RaftServerConfigKeys (ConfUtils.java:logGet(46)) - raft.server.log.appender.install.snapshot.enabled = false (custom)
2022-10-18 03:54:07,876 [omNode-1@group-523986131536-LeaderElection14] INFO  impl.RoleInfo (RoleInfo.java:updateAndGet(139)) - omNode-1: start omNode-1@group-523986131536-LeaderStateImpl
2022-10-18 03:54:07,877 [omNode-1@group-523986131536-LeaderElection14] INFO  segmented.SegmentedRaftLogWorker (SegmentedRaftLogWorker.java:rollLogSegment(430)) - omNode-1@group-523986131536-SegmentedRaftLogWorker: Rolling segment log-59_60 to index:60
2022-10-18 03:54:07,879 [omNode-1@group-523986131536-SegmentedRaftLogWorker] INFO  segmented.SegmentedRaftLogWorker (SegmentedRaftLogWorker.java:execute(586)) - omNode-1@group-523986131536-SegmentedRaftLogWorker: Rolled log segment from /home/runner/work/ozone/ozone/hadoop-ozone/integration-test/target/test-dir/MiniOzoneClusterImpl-5cdafbed-51d9-4f54-a43e-7c7e014ba032/omNode-1/ratis/c9bc4cf4-3bc3-3c60-a66b-523986131536/current/log_inprogress_59 to /home/runner/work/ozone/ozone/hadoop-ozone/integration-test/target/test-dir/MiniOzoneClusterImpl-5cdafbed-51d9-4f54-a43e-7c7e014ba032/omNode-1/ratis/c9bc4cf4-3bc3-3c60-a66b-523986131536/current/log_59-60
2022-10-18 03:54:07,894 [omNode-1@group-523986131536-SegmentedRaftLogWorker] INFO  segmented.SegmentedRaftLogWorker (SegmentedRaftLogWorker.java:execute(629)) - omNode-1@group-523986131536-SegmentedRaftLogWorker: created new log segment /home/runner/work/ozone/ozone/hadoop-ozone/integration-test/target/test-dir/MiniOzoneClusterImpl-5cdafbed-51d9-4f54-a43e-7c7e014ba032/omNode-1/ratis/c9bc4cf4-3bc3-3c60-a66b-523986131536/current/log_inprogress_61
2022-10-18 03:54:07,894 [omNode-1@group-523986131536-LeaderElection14] INFO  server.RaftServer$Division (ServerState.java:setRaftConf(393)) - omNode-1@group-523986131536: set configuration 61: [omNode-3|rpc:localhost:44279|admin:|client:|dataStream:|priority:0, omNode-1|rpc:localhost:42747|admin:|client:|dataStream:|priority:0, omNode-2|rpc:localhost:37241|admin:|client:|dataStream:|priority:0], old=null
2022-10-18 03:54:07,899 [omNode-3-server-thread1] INFO  server.RaftServer$Division (ServerState.java:setLeader(287)) - omNode-3@group-523986131536: change Leader from null to omNode-1 at term 7 for appendEntries, leader elected after 37ms
2022-10-18 03:54:07,906 [omNode-2-server-thread1] INFO  server.RaftServer$Division (ServerState.java:setLeader(287)) - omNode-2@group-523986131536: change Leader from null to omNode-1 at term 7 for appendEntries, leader elected after 761ms
2022-10-18 03:54:07,906 [omNode-2-server-thread1] INFO  server.RaftServer$Division (RaftServerImpl.java:checkInconsistentAppendEntries(1424)) - omNode-2@group-523986131536: Failed appendEntries as previous log entry ((t:6, i:60)) is not found
2022-10-18 03:54:07,906 [omNode-2-server-thread1] INFO  server.RaftServer$Division (RaftServerImpl.java:checkInconsistentAppendEntries(1394)) - omNode-2@group-523986131536: inconsistency entries. Reply:omNode-1<-omNode-2#0:FAIL-t7,INCONSISTENCY,nextIndex=59,followerCommit=58
2022-10-18 03:54:07,909 [grpc-default-executor-2] INFO  leader.FollowerInfo (FollowerInfoImpl.java:lambda$new$0(48)) - omNode-1@group-523986131536->omNode-2: nextIndex: updateUnconditionally 62 -> 59
2022-10-18 03:54:07,910 [omNode-2-server-thread1] INFO  server.RaftServer$Division (RaftServerImpl.java:checkInconsistentAppendEntries(1424)) - omNode-2@group-523986131536: Failed appendEntries as previous log entry ((t:6, i:60)) is not found
2022-10-18 03:54:07,910 [omNode-2-server-thread1] INFO  server.RaftServer$Division (RaftServerImpl.java:checkInconsistentAppendEntries(1394)) - omNode-2@group-523986131536: inconsistency entries. Reply:omNode-1<-omNode-2#1:FAIL-t7,INCONSISTENCY,nextIndex=59,followerCommit=58
2022-10-18 03:54:07,914 [omNode-1@group-523986131536->omNode-2-GrpcLogAppender-LogAppenderDaemon] ERROR leader.LogAppenderDaemon (LogAppenderDaemon.java:run(86)) - omNode-1@group-523986131536->omNode-2-GrpcLogAppender-LogAppenderDaemon failed
java.lang.NullPointerException: omNode-1@group-523986131536->omNode-2: Previous TermIndex not found for firstIndex = 59
	at java.util.Objects.requireNonNull(Objects.java:290)
	at org.apache.ratis.server.leader.LogAppenderBase.assertProtos(LogAppenderBase.java:176)
	at org.apache.ratis.server.leader.LogAppenderBase.newAppendEntriesRequest(LogAppenderBase.java:161)
	at org.apache.ratis.grpc.server.GrpcLogAppender.appendLog(GrpcLogAppender.java:206)
	at org.apache.ratis.grpc.server.GrpcLogAppender.run(GrpcLogAppender.java:148)
	at org.apache.ratis.server.leader.LogAppenderDaemon.run(LogAppenderDaemon.java:77)
	at java.lang.Thread.run(Thread.java:750)
2022-10-18 03:54:07,916 [omNode-1@group-523986131536->omNode-2-GrpcLogAppender-LogAppenderDaemon] INFO  server.RaftServer$Division (LeaderStateImpl.java:restart(532)) - omNode-1@group-523986131536-LeaderStateImpl: Restarting GrpcLogAppender for omNode-1@group-523986131536->omNode-2
2022-10-18 03:54:07,916 [omNode-1@group-523986131536->omNode-2-GrpcLogAppender-LogAppenderDaemon] INFO  server.RaftServerConfigKeys (ConfUtils.java:logGet(46)) - raft.server.log.appender.snapshot.chunk.size.max = 16MB (=16777216) (default)
2022-10-18 03:54:07,916 [omNode-1@group-523986131536->omNode-2-GrpcLogAppender-LogAppenderDaemon] INFO  server.RaftServerConfigKeys (ConfUtils.java:logGet(46)) - raft.server.log.appender.buffer.byte-limit = 33554432 (custom)
2022-10-18 03:54:07,917 [omNode-1@group-523986131536->omNode-2-GrpcLogAppender-LogAppenderDaemon] INFO  server.RaftServerConfigKeys (ConfUtils.java:logGet(46)) - raft.server.log.appender.buffer.element-limit = 1024 (custom)
2022-10-18 03:54:07,918 [omNode-1@group-523986131536->omNode-2-GrpcLogAppender-LogAppenderDaemon] INFO  grpc.GrpcConfigKeys (ConfUtils.java:logGet(46)) - raft.grpc.server.leader.outstanding.appends.max = 128 (default)
2022-10-18 03:54:07,918 [omNode-1@group-523986131536->omNode-2-GrpcLogAppender-LogAppenderDaemon] INFO  server.RaftServerConfigKeys (ConfUtils.java:logGet(46)) - raft.server.rpc.request.timeout = 3000ms (default)
2022-10-18 03:54:07,918 [omNode-1@group-523986131536->omNode-2-GrpcLogAppender-LogAppenderDaemon] INFO  server.RaftServerConfigKeys (ConfUtils.java:logGet(46)) - raft.server.log.appender.install.snapshot.enabled = false (custom)
2022-10-18 03:54:07,920 [omNode-3-server-thread1] INFO  server.RaftServer$Division (ServerState.java:setRaftConf(393)) - omNode-3@group-523986131536: set configuration 61: [omNode-3|rpc:localhost:44279|admin:|client:|dataStream:|priority:0, omNode-1|rpc:localhost:42747|admin:|client:|dataStream:|priority:0, omNode-2|rpc:localhost:37241|admin:|client:|dataStream:|priority:0], old=null
2022-10-18 03:54:07,920 [omNode-1@group-523986131536->omNode-2-GrpcLogAppender-LogAppenderDaemon] INFO  server.GrpcLogAppender (GrpcLogAppender.java:installSnapshot(541)) - omNode-1@group-523986131536->omNode-2-GrpcLogAppender: followerNextIndex = 0 but logStartIndex = 59, notify follower to install snapshot-(t:6, i:59)
2022-10-18 03:54:07,920 [omNode-3-server-thread1] INFO  segmented.SegmentedRaftLogWorker (SegmentedRaftLogWorker.java:rollLogSegment(430)) - omNode-3@group-523986131536-SegmentedRaftLogWorker: Rolling segment log-59_60 to index:60
2022-10-18 03:54:07,921 [grpc-default-executor-0] INFO  leader.FollowerInfo (FollowerInfoImpl.java:lambda$new$0(48)) - omNode-1@group-523986131536->omNode-2: nextIndex: updateUnconditionally 59 -> 59
2022-10-18 03:54:07,922 [omNode-2-server-thread1] INFO  server.RaftServer$Division (RaftServerImpl.java:checkInconsistentAppendEntries(1424)) - omNode-2@group-523986131536: Failed appendEntries as previous log entry ((t:7, i:61)) is not found
2022-10-18 03:54:07,922 [omNode-2-server-thread1] INFO  server.RaftServer$Division (RaftServerImpl.java:checkInconsistentAppendEntries(1394)) - omNode-2@group-523986131536: inconsistency entries. Reply:omNode-1<-omNode-2#2:FAIL-t7,INCONSISTENCY,nextIndex=59,followerCommit=58
2022-10-18 03:54:07,922 [omNode-3@group-523986131536-SegmentedRaftLogWorker] INFO  segmented.SegmentedRaftLogWorker (SegmentedRaftLogWorker.java:execute(586)) - omNode-3@group-523986131536-SegmentedRaftLogWorker: Rolled log segment from /home/runner/work/ozone/ozone/hadoop-ozone/integration-test/target/test-dir/MiniOzoneClusterImpl-5cdafbed-51d9-4f54-a43e-7c7e014ba032/omNode-3/ratis/c9bc4cf4-3bc3-3c60-a66b-523986131536/current/log_inprogress_59 to /home/runner/work/ozone/ozone/hadoop-ozone/integration-test/target/test-dir/MiniOzoneClusterImpl-5cdafbed-51d9-4f54-a43e-7c7e014ba032/omNode-3/ratis/c9bc4cf4-3bc3-3c60-a66b-523986131536/current/log_59-60
2022-10-18 03:54:07,927 [grpc-default-executor-3] INFO  leader.FollowerInfo (FollowerInfoImpl.java:lambda$new$0(48)) - omNode-1@group-523986131536->omNode-2: nextIndex: updateUnconditionally 59 -> 59
2022-10-18 03:54:07,930 [omNode-1@group-523986131536->omNode-2-GrpcLogAppender-LogAppenderDaemon] INFO  server.GrpcLogAppender (GrpcLogAppender.java:installSnapshot(549)) - omNode-1@group-523986131536->omNode-2-GrpcLogAppender: send omNode-1->omNode-2#0-t7,notify:(t:6, i:59)
2022-10-18 03:54:07,935 [omNode-3@group-523986131536-SegmentedRaftLogWorker] INFO  segmented.SegmentedRaftLogWorker (SegmentedRaftLogWorker.java:execute(629)) - omNode-3@group-523986131536-SegmentedRaftLogWorker: created new log segment /home/runner/work/ozone/ozone/hadoop-ozone/integration-test/target/test-dir/MiniOzoneClusterImpl-5cdafbed-51d9-4f54-a43e-7c7e014ba032/omNode-3/ratis/c9bc4cf4-3bc3-3c60-a66b-523986131536/current/log_inprogress_61
2022-10-18 03:54:07,935 [grpc-default-executor-0] INFO  impl.SnapshotInstallationHandler (SnapshotInstallationHandler.java:installSnapshot(84)) - omNode-2@group-523986131536: receive installSnapshot: omNode-1->omNode-2#0-t7,notify:(t:6, i:59)
2022-10-18 03:54:07,935 [grpc-default-executor-0] INFO  impl.SnapshotInstallationHandler (SnapshotInstallationHandler.java:notifyStateMachineToInstallSnapshot(215)) - omNode-2@group-523986131536: Received notification to install snapshot at index 59
2022-10-18 03:54:07,935 [grpc-default-executor-0] INFO  impl.SnapshotInstallationHandler (SnapshotInstallationHandler.java:notifyStateMachineToInstallSnapshot(224)) - omNode-2@group-523986131536: InstallSnapshot notification result: ALREADY_INSTALLED, current snapshot index: 58
2022-10-18 03:54:07,946 [grpc-default-executor-0] INFO  impl.SnapshotInstallationHandler (SnapshotInstallationHandler.java:installSnapshotImpl(129)) - omNode-2@group-523986131536: set new configuration index: 61
configurationEntry {
  peers {
    id: "omNode-3"
    address: "localhost:44279"
  }
  peers {
    id: "omNode-1"
    address: "localhost:42747"
  }
  peers {
    id: "omNode-2"
    address: "localhost:37241"
  }
}
 from snapshot
2022-10-18 03:54:07,951 [grpc-default-executor-0] INFO  server.RaftServer$Division (ServerState.java:setRaftConf(393)) - omNode-2@group-523986131536: set configuration 61: [omNode-3|rpc:localhost:44279|admin:|client:|dataStream:|priority:0, omNode-1|rpc:localhost:42747|admin:|client:|dataStream:|priority:0, omNode-2|rpc:localhost:37241|admin:|client:|dataStream:|priority:0], old=null
2022-10-18 03:54:07,951 [grpc-default-executor-0] INFO  ratis.OzoneManagerStateMachine (OzoneManagerStateMachine.java:notifyConfigurationChanged(192)) - Received Configuration change notification from Ratis. New Peer list:
[id: "omNode-3"
address: "localhost:44279"
, id: "omNode-1"
address: "localhost:42747"
, id: "omNode-2"
address: "localhost:37241"
]
2022-10-18 03:54:07,951 [grpc-default-executor-0] INFO  impl.SnapshotInstallationHandler (SnapshotInstallationHandler.java:installSnapshot(95)) - omNode-2@group-523986131536: reply installSnapshot: omNode-1<-omNode-2#0:FAIL-t7,ALREADY_INSTALLED,snapshotIndex=58
2022-10-18 03:54:07,952 [grpc-default-executor-3] INFO  server.GrpcLogAppender (GrpcLogAppender.java:onNext(403)) - omNode-1@group-523986131536->omNode-2-InstallSnapshotResponseHandler: received the first reply omNode-1<-omNode-2#0:FAIL-t7,ALREADY_INSTALLED,snapshotIndex=58
2022-10-18 03:54:07,952 [grpc-default-executor-3] INFO  server.GrpcLogAppender (GrpcLogAppender.java:onNext(426)) - omNode-1@group-523986131536->omNode-2-InstallSnapshotResponseHandler: Follower snapshot is already at index 58.
2022-10-18 03:54:07,952 [grpc-default-executor-3] INFO  leader.FollowerInfo (FollowerInfoImpl.java:lambda$new$0(48)) - omNode-1@group-523986131536->omNode-2: snapshotIndex: setUnconditionally 0 -> 58
2022-10-18 03:54:07,952 [grpc-default-executor-3] INFO  leader.FollowerInfo (FollowerInfoImpl.java:lambda$new$0(48)) - omNode-1@group-523986131536->omNode-2: matchIndex: setUnconditionally 0 -> 58
2022-10-18 03:54:07,952 [grpc-default-executor-3] INFO  leader.FollowerInfo (FollowerInfoImpl.java:lambda$new$0(48)) - omNode-1@group-523986131536->omNode-2: nextIndex: setUnconditionally 0 -> 59
2022-10-18 03:54:07,952 [grpc-default-executor-3] INFO  leader.FollowerInfo (FollowerInfoImpl.java:setAttemptedToInstallSnapshot(118)) - Follower omNode-1@group-523986131536->omNode-2 acknowledged installing snapshot
2022-10-18 03:54:07,953 [grpc-default-executor-3] INFO  leader.FollowerInfo (FollowerInfoImpl.java:lambda$new$0(48)) - omNode-1@group-523986131536->omNode-2: nextIndex: updateToMax old=59, new=59, updated? false
2022-10-18 03:54:07,953 [grpc-default-executor-0] INFO  server.GrpcServerProtocolService (GrpcServerProtocolService.java:onCompleted(140)) - omNode-2: Completed INSTALL_SNAPSHOT, lastRequest: omNode-1->omNode-2#0-t7,notify:(t:6, i:59)
2022-10-18 03:54:07,956 [omNode-1@group-523986131536-StateMachineUpdater] INFO  ratis.OzoneManagerStateMachine (OzoneManagerStateMachine.java:notifyConfigurationChanged(192)) - Received Configuration change notification from Ratis. New Peer list:
[id: "omNode-3"
address: "localhost:44279"
, id: "omNode-1"
address: "localhost:42747"
, id: "omNode-2"
address: "localhost:37241"
]
2022-10-18 03:54:07,963 [omNode-3@group-523986131536-StateMachineUpdater] INFO  ratis.OzoneManagerStateMachine (OzoneManagerStateMachine.java:notifyConfigurationChanged(192)) - Received Configuration change notification from Ratis. New Peer list:
[id: "omNode-3"
address: "localhost:44279"
, id: "omNode-1"
address: "localhost:42747"
, id: "omNode-2"
address: "localhost:37241"
]
2022-10-18 03:54:08,465 [omNode-2-server-thread1] INFO  server.RaftServer$Division (RaftServerImpl.java:checkInconsistentAppendEntries(1424)) - omNode-2@group-523986131536: Failed appendEntries as previous log entry ((t:7, i:62)) is not found
2022-10-18 03:54:08,466 [omNode-2-server-thread1] INFO  server.RaftServer$Division (RaftServerImpl.java:checkInconsistentAppendEntries(1394)) - omNode-2@group-523986131536: inconsistency entries. Reply:omNode-1<-omNode-2#55:FAIL-t7,INCONSISTENCY,nextIndex=59,followerCommit=58
2022-10-18 03:54:08,468 [grpc-default-executor-3] INFO  leader.FollowerInfo (FollowerInfoImpl.java:lambda$new$0(48)) - omNode-1@group-523986131536->omNode-2: nextIndex: updateUnconditionally 63 -> 59
2022-10-18 03:54:08,970 [omNode-2-server-thread1] INFO  server.RaftServer$Division (RaftServerImpl.java:checkInconsistentAppendEntries(1424)) - omNode-2@group-523986131536: Failed appendEntries as previous log entry ((t:7, i:62)) is not found
2022-10-18 03:54:08,970 [omNode-2-server-thread1] INFO  server.RaftServer$Division (RaftServerImpl.java:checkInconsistentAppendEntries(1394)) - omNode-2@group-523986131536: inconsistency entries. Reply:omNode-1<-omNode-2#106:FAIL-t7,INCONSISTENCY,nextIndex=59,followerCommit=58
2022-10-18 03:54:08,970 [grpc-default-executor-0] INFO  leader.FollowerInfo (FollowerInfoImpl.java:lambda$new$0(48)) - omNode-1@group-523986131536->omNode-2: nextIndex: updateUnconditionally 63 -> 59
2022-10-18 03:54:09,472 [omNode-2-server-thread1] INFO  server.RaftServer$Division (RaftServerImpl.java:checkInconsistentAppendEntries(1424)) - omNode-2@group-523986131536: Failed appendEntries as previous log entry ((t:7, i:62)) is not found
2022-10-18 03:54:09,472 [omNode-2-server-thread1] INFO  server.RaftServer$Division (RaftServerImpl.java:checkInconsistentAppendEntries(1394)) - omNode-2@group-523986131536: inconsistency entries. Reply:omNode-1<-omNode-2#157:FAIL-t7,INCONSISTENCY,nextIndex=59,followerCommit=58
2022-10-18 03:54:09,473 [grpc-default-executor-0] INFO  leader.FollowerInfo (FollowerInfoImpl.java:lambda$new$0(48)) - omNode-1@group-523986131536->omNode-2: nextIndex: updateUnconditionally 63 -> 59
2022-10-18 03:54:09,852 [omNode-2-server-thread1] INFO  server.RaftServer$Division (RaftServerImpl.java:checkInconsistentAppendEntries(1424)) - omNode-2@group-523986131536: Failed appendEntries as previous log entry ((t:7, i:62)) is not found
2022-10-18 03:54:09,852 [omNode-2-server-thread1] INFO  server.RaftServer$Division (RaftServerImpl.java:checkInconsistentAppendEntries(1394)) - omNode-2@group-523986131536: inconsistency entries. Reply:omNode-1<-omNode-2#196:FAIL-t7,INCONSISTENCY,nextIndex=59,followerCommit=58
2022-10-18 03:54:09,856 [omNode-2-server-thread1] INFO  server.RaftServer$Division (RaftServerImpl.java:checkInconsistentAppendEntries(1424)) - omNode-2@group-523986131536: Failed appendEntries as previous log entry ((t:7, i:63)) is not found
2022-10-18 03:54:09,856 [omNode-2-server-thread1] INFO  server.RaftServer$Division (RaftServerImpl.java:checkInconsistentAppendEntries(1394)) - omNode-2@group-523986131536: inconsistency entries. Reply:omNode-1<-omNode-2#197:FAIL-t7,INCONSISTENCY,nextIndex=59,followerCommit=58
2022-10-18 03:54:09,859 [OM StateMachine ApplyTransaction Thread - 0] INFO  volume.OMVolumeCreateRequest (OMVolumeCreateRequest.java:validateAndUpdateCache(195)) - created volume:volume37393 for user:user86149
2022-10-18 03:54:09,861 [OM StateMachine ApplyTransaction Thread - 0] INFO  volume.OMVolumeCreateRequest (OMVolumeCreateRequest.java:validateAndUpdateCache(195)) - created volume:volume37393 for user:user86149
2022-10-18 03:54:09,873 [Listener at localhost/37159] INFO  rpc.RpcClient (RpcClient.java:createBucket(674)) - Creating Bucket: volume37393/b046d52d-9494-44a7-b356-7ec24215ee66, with server-side default bucket layout, runner as owner, Versioning false, Storage Type set to DISK and Encryption set to false 
2022-10-18 03:54:09,876 [omNode-2-server-thread1] INFO  server.RaftServer$Division (RaftServerImpl.java:checkInconsistentAppendEntries(1424)) - omNode-2@group-523986131536: Failed appendEntries as previous log entry ((t:7, i:64)) is not found
2022-10-18 03:54:09,876 [omNode-2-server-thread1] INFO  server.RaftServer$Division (RaftServerImpl.java:checkInconsistentAppendEntries(1394)) - omNode-2@group-523986131536: inconsistency entries. Reply:omNode-1<-omNode-2#201:FAIL-t7,INCONSISTENCY,nextIndex=59,followerCommit=58
2022-10-18 03:54:09,879 [OM StateMachine ApplyTransaction Thread - 0] INFO  bucket.OMBucketCreateRequest (OMBucketCreateRequest.java:validateAndUpdateCache(260)) - created bucket: b046d52d-9494-44a7-b356-7ec24215ee66 of layout LEGACY in volume: volume37393
2022-10-18 03:54:09,879 [omNode-2-server-thread1] INFO  server.RaftServer$Division (RaftServerImpl.java:checkInconsistentAppendEntries(1424)) - omNode-2@group-523986131536: Failed appendEntries as previous log entry ((t:7, i:65)) is not found
2022-10-18 03:54:09,880 [omNode-2-server-thread1] INFO  server.RaftServer$Division (RaftServerImpl.java:checkInconsistentAppendEntries(1394)) - omNode-2@group-523986131536: inconsistency entries. Reply:omNode-1<-omNode-2#203:FAIL-t7,INCONSISTENCY,nextIndex=59,followerCommit=58
2022-10-18 03:54:09,892 [OM StateMachine ApplyTransaction Thread - 0] INFO  bucket.OMBucketCreateRequest (OMBucketCreateRequest.java:validateAndUpdateCache(260)) - created bucket: b046d52d-9494-44a7-b356-7ec24215ee66 of layout LEGACY in volume: volume37393
2022-10-18 03:54:09,911 [omNode-2-server-thread1] INFO  server.RaftServer$Division (RaftServerImpl.java:checkInconsistentAppendEntries(1424)) - omNode-2@group-523986131536: Failed appendEntries as previous log entry ((t:7, i:66)) is not found
2022-10-18 03:54:09,911 [omNode-2-server-thread1] INFO  server.RaftServer$Division (RaftServerImpl.java:checkInconsistentAppendEntries(1394)) - omNode-2@group-523986131536: inconsistency entries. Reply:omNode-1<-omNode-2#207:FAIL-t7,INCONSISTENCY,nextIndex=59,followerCommit=58
2022-10-18 03:54:09,918 [omNode-2-server-thread1] INFO  server.RaftServer$Division (RaftServerImpl.java:checkInconsistentAppendEntries(1424)) - omNode-2@group-523986131536: Failed appendEntries as previous log entry ((t:7, i:67)) is not found
2022-10-18 03:54:09,918 [omNode-2-server-thread1] INFO  server.RaftServer$Division (RaftServerImpl.java:checkInconsistentAppendEntries(1394)) - omNode-2@group-523986131536: inconsistency entries. Reply:omNode-1<-omNode-2#208:FAIL-t7,INCONSISTENCY,nextIndex=59,followerCommit=58
2022-10-18 03:54:09,975 [omNode-2-server-thread1] INFO  server.RaftServer$Division (RaftServerImpl.java:checkInconsistentAppendEntries(1424)) - omNode-2@group-523986131536: Failed appendEntries as previous log entry ((t:7, i:68)) is not found
2022-10-18 03:54:09,975 [omNode-2-server-thread1] INFO  server.RaftServer$Division (RaftServerImpl.java:checkInconsistentAppendEntries(1394)) - omNode-2@group-523986131536: inconsistency entries. Reply:omNode-1<-omNode-2#216:FAIL-t7,INCONSISTENCY,nextIndex=59,followerCommit=58
2022-10-18 03:54:09,975 [grpc-default-executor-2] INFO  leader.FollowerInfo (FollowerInfoImpl.java:lambda$new$0(48)) - omNode-1@group-523986131536->omNode-2: nextIndex: updateUnconditionally 69 -> 59
2022-10-18 03:54:10,013 [omNode-2-server-thread1] INFO  server.RaftServer$Division (RaftServerImpl.java:checkInconsistentAppendEntries(1424)) - omNode-2@group-523986131536: Failed appendEntries as previous log entry ((t:7, i:68)) is not found
2022-10-18 03:54:10,013 [omNode-2-server-thread1] INFO  server.RaftServer$Division (RaftServerImpl.java:checkInconsistentAppendEntries(1394)) - omNode-2@group-523986131536: inconsistency entries. Reply:omNode-1<-omNode-2#221:FAIL-t7,INCONSISTENCY,nextIndex=59,followerCommit=58
2022-10-18 03:54:10,020 [omNode-2-server-thread1] INFO  server.RaftServer$Division (RaftServerImpl.java:checkInconsistentAppendEntries(1424)) - omNode-2@group-523986131536: Failed appendEntries as previous log entry ((t:7, i:69)) is not found
2022-10-18 03:54:10,020 [omNode-2-server-thread1] INFO  server.RaftServer$Division (RaftServerImpl.java:checkInconsistentAppendEntries(1394)) - omNode-2@group-523986131536: inconsistency entries. Reply:omNode-1<-omNode-2#222:FAIL-t7,INCONSISTENCY,nextIndex=59,followerCommit=58
2022-10-18 03:54:10,079 [omNode-2-server-thread1] INFO  server.RaftServer$Division (RaftServerImpl.java:checkInconsistentAppendEntries(1424)) - omNode-2@group-523986131536: Failed appendEntries as previous log entry ((t:7, i:70)) is not found
2022-10-18 03:54:10,079 [omNode-2-server-thread1] INFO  server.RaftServer$Division (RaftServerImpl.java:checkInconsistentAppendEntries(1394)) - omNode-2@group-523986131536: inconsistency entries. Reply:omNode-1<-omNode-2#229:FAIL-t7,INCONSISTENCY,nextIndex=59,followerCommit=58
2022-10-18 03:54:10,084 [omNode-2-server-thread1] INFO  server.RaftServer$Division (RaftServerImpl.java:checkInconsistentAppendEntries(1424)) - omNode-2@group-523986131536: Failed appendEntries as previous log entry ((t:7, i:71)) is not found
2022-10-18 03:54:10,084 [omNode-2-server-thread1] INFO  server.RaftServer$Division (RaftServerImpl.java:checkInconsistentAppendEntries(1394)) - omNode-2@group-523986131536: inconsistency entries. Reply:omNode-1<-omNode-2#231:FAIL-t7,INCONSISTENCY,nextIndex=59,followerCommit=58
2022-10-18 03:54:10,172 [omNode-2-server-thread1] INFO  server.RaftServer$Division (RaftServerImpl.java:checkInconsistentAppendEntries(1424)) - omNode-2@group-523986131536: Failed appendEntries as previous log entry ((t:7, i:72)) is not found
2022-10-18 03:54:10,172 [omNode-2-server-thread1] INFO  server.RaftServer$Division (RaftServerImpl.java:checkInconsistentAppendEntries(1394)) - omNode-2@group-523986131536: inconsistency entries. Reply:omNode-1<-omNode-2#241:FAIL-t7,INCONSISTENCY,nextIndex=59,followerCommit=58
2022-10-18 03:54:10,178 [omNode-2-server-thread1] INFO  server.RaftServer$Division (RaftServerImpl.java:checkInconsistentAppendEntries(1424)) - omNode-2@group-523986131536: Failed appendEntries as previous log entry ((t:7, i:73)) is not found
2022-10-18 03:54:10,178 [omNode-2-server-thread1] INFO  server.RaftServer$Division (RaftServerImpl.java:checkInconsistentAppendEntries(1394)) - omNode-2@group-523986131536: inconsistency entries. Reply:omNode-1<-omNode-2#243:FAIL-t7,INCONSISTENCY,nextIndex=59,followerCommit=58
2022-10-18 03:54:10,210 [omNode-2-server-thread1] INFO  server.RaftServer$Division (RaftServerImpl.java:checkInconsistentAppendEntries(1424)) - omNode-2@group-523986131536: Failed appendEntries as previous log entry ((t:7, i:74)) is not found
2022-10-18 03:54:10,210 [omNode-2-server-thread1] INFO  server.RaftServer$Division (RaftServerImpl.java:checkInconsistentAppendEntries(1394)) - omNode-2@group-523986131536: inconsistency entries. Reply:omNode-1<-omNode-2#248:FAIL-t7,INCONSISTENCY,nextIndex=59,followerCommit=58
2022-10-18 03:54:10,216 [omNode-2-server-thread1] INFO  server.RaftServer$Division (RaftServerImpl.java:checkInconsistentAppendEntries(1424)) - omNode-2@group-523986131536: Failed appendEntries as previous log entry ((t:7, i:75)) is not found
2022-10-18 03:54:10,216 [omNode-2-server-thread1] INFO  server.RaftServer$Division (RaftServerImpl.java:checkInconsistentAppendEntries(1394)) - omNode-2@group-523986131536: inconsistency entries. Reply:omNode-1<-omNode-2#249:FAIL-t7,INCONSISTENCY,nextIndex=59,followerCommit=58
2022-10-18 03:54:10,290 [omNode-2-server-thread1] INFO  server.RaftServer$Division (RaftServerImpl.java:checkInconsistentAppendEntries(1424)) - omNode-2@group-523986131536: Failed appendEntries as previous log entry ((t:7, i:76)) is not found
2022-10-18 03:54:10,290 [omNode-2-server-thread1] INFO  server.RaftServer$Division (RaftServerImpl.java:checkInconsistentAppendEntries(1394)) - omNode-2@group-523986131536: inconsistency entries. Reply:omNode-1<-omNode-2#259:FAIL-t7,INCONSISTENCY,nextIndex=59,followerCommit=58
2022-10-18 03:54:10,298 [omNode-2-server-thread1] INFO  server.RaftServer$Division (RaftServerImpl.java:checkInconsistentAppendEntries(1424)) - omNode-2@group-523986131536: Failed appendEntries as previous log entry ((t:7, i:77)) is not found
2022-10-18 03:54:10,298 [omNode-2-server-thread1] INFO  server.RaftServer$Division (RaftServerImpl.java:checkInconsistentAppendEntries(1394)) - omNode-2@group-523986131536: inconsistency entries. Reply:omNode-1<-omNode-2#261:FAIL-t7,INCONSISTENCY,nextIndex=59,followerCommit=58
2022-10-18 03:54:10,330 [omNode-2-server-thread1] INFO  server.RaftServer$Division (RaftServerImpl.java:checkInconsistentAppendEntries(1424)) - omNode-2@group-523986131536: Failed appendEntries as previous log entry ((t:7, i:78)) is not found
2022-10-18 03:54:10,330 [omNode-2-server-thread1] INFO  server.RaftServer$Division (RaftServerImpl.java:checkInconsistentAppendEntries(1394)) - omNode-2@group-523986131536: inconsistency entries. Reply:omNode-1<-omNode-2#266:FAIL-t7,INCONSISTENCY,nextIndex=59,followerCommit=58
2022-10-18 03:54:10,338 [omNode-2-server-thread1] INFO  server.RaftServer$Division (RaftServerImpl.java:checkInconsistentAppendEntries(1424)) - omNode-2@group-523986131536: Failed appendEntries as previous log entry ((t:7, i:79)) is not found
2022-10-18 03:54:10,338 [omNode-2-server-thread1] INFO  server.RaftServer$Division (RaftServerImpl.java:checkInconsistentAppendEntries(1394)) - omNode-2@group-523986131536: inconsistency entries. Reply:omNode-1<-omNode-2#268:FAIL-t7,INCONSISTENCY,nextIndex=59,followerCommit=58
03:54:10.340 [OM StateMachine ApplyTransaction Thread - 0] ERROR OMAudit - user=runner | ip=127.0.0.1 | op=CREATE_FILE {volume=volume37393, bucket=b046d52d-9494-44a7-b356-7ec24215ee66, key=dir1/dir2/dir3/file1, dataSize=23, replicationType=RATIS, replicationFactor=ONE} | ret=FAILURE
org.apache.hadoop.ozone.om.exceptions.OMException: File dir1/dir2/dir3/file1 already exists
	at org.apache.hadoop.ozone.om.request.file.OMFileCreateRequest.checkDirectoryResult(OMFileCreateRequest.java:360) ~[ozone-manager-1.3.0-SNAPSHOT.jar:?]
	at org.apache.hadoop.ozone.om.request.file.OMFileCreateRequest.validateAndUpdateCache(OMFileCreateRequest.java:240) ~[ozone-manager-1.3.0-SNAPSHOT.jar:?]
	at org.apache.hadoop.ozone.protocolPB.OzoneManagerRequestHandler.handleWriteRequest(OzoneManagerRequestHandler.java:311) ~[ozone-manager-1.3.0-SNAPSHOT.jar:?]
	at org.apache.hadoop.ozone.om.ratis.OzoneManagerStateMachine.runCommand(OzoneManagerStateMachine.java:529) ~[ozone-manager-1.3.0-SNAPSHOT.jar:?]
	at org.apache.hadoop.ozone.om.ratis.OzoneManagerStateMachine.lambda$1(OzoneManagerStateMachine.java:324) ~[ozone-manager-1.3.0-SNAPSHOT.jar:?]
	at java.util.concurrent.CompletableFuture$AsyncSupply.run(CompletableFuture.java:1604) [?:1.8.0_345]
	at java.util.concurrent.ThreadPoolExecutor.runWorker(ThreadPoolExecutor.java:1149) [?:1.8.0_345]
	at java.util.concurrent.ThreadPoolExecutor$Worker.run(ThreadPoolExecutor.java:624) [?:1.8.0_345]
	at java.lang.Thread.run(Thread.java:750) [?:1.8.0_345]
03:54:10.337 [OM StateMachine ApplyTransaction Thread - 0] ERROR OMAudit - user=runner | ip=127.0.0.1 | op=CREATE_FILE {volume=volume37393, bucket=b046d52d-9494-44a7-b356-7ec24215ee66, key=dir1/dir2/dir3/file1, dataSize=23, replicationType=RATIS, replicationFactor=ONE} | ret=FAILURE
org.apache.hadoop.ozone.om.exceptions.OMException: File dir1/dir2/dir3/file1 already exists
	at org.apache.hadoop.ozone.om.request.file.OMFileCreateRequest.checkDirectoryResult(OMFileCreateRequest.java:360) ~[ozone-manager-1.3.0-SNAPSHOT.jar:?]
	at org.apache.hadoop.ozone.om.request.file.OMFileCreateRequest.validateAndUpdateCache(OMFileCreateRequest.java:240) ~[ozone-manager-1.3.0-SNAPSHOT.jar:?]
	at org.apache.hadoop.ozone.protocolPB.OzoneManagerRequestHandler.handleWriteRequest(OzoneManagerRequestHandler.java:311) ~[ozone-manager-1.3.0-SNAPSHOT.jar:?]
	at org.apache.hadoop.ozone.om.ratis.OzoneManagerStateMachine.runCommand(OzoneManagerStateMachine.java:529) ~[ozone-manager-1.3.0-SNAPSHOT.jar:?]
	at org.apache.hadoop.ozone.om.ratis.OzoneManagerStateMachine.lambda$1(OzoneManagerStateMachine.java:324) ~[ozone-manager-1.3.0-SNAPSHOT.jar:?]
	at java.util.concurrent.CompletableFuture$AsyncSupply.run(CompletableFuture.java:1604) [?:1.8.0_345]
	at java.util.concurrent.ThreadPoolExecutor.runWorker(ThreadPoolExecutor.java:1149) [?:1.8.0_345]
	at java.util.concurrent.ThreadPoolExecutor$Worker.run(ThreadPoolExecutor.java:624) [?:1.8.0_345]
	at java.lang.Thread.run(Thread.java:750) [?:1.8.0_345]
2022-10-18 03:54:10,362 [OM StateMachine ApplyTransaction Thread - 0] ERROR file.OMFileCreateRequest (OMFileCreateRequest.java:validateAndUpdateCache(337)) - File create failed. Volume:volume37393, Bucket:b046d52d-9494-44a7-b356-7ec24215ee66, Keydir1/dir2/dir3/file1.
FILE_ALREADY_EXISTS org.apache.hadoop.ozone.om.exceptions.OMException: File dir1/dir2/dir3/file1 already exists
	at org.apache.hadoop.ozone.om.request.file.OMFileCreateRequest.checkDirectoryResult(OMFileCreateRequest.java:360)
	at org.apache.hadoop.ozone.om.request.file.OMFileCreateRequest.validateAndUpdateCache(OMFileCreateRequest.java:240)
	at org.apache.hadoop.ozone.protocolPB.OzoneManagerRequestHandler.handleWriteRequest(OzoneManagerRequestHandler.java:311)
	at org.apache.hadoop.ozone.om.ratis.OzoneManagerStateMachine.runCommand(OzoneManagerStateMachine.java:529)
	at org.apache.hadoop.ozone.om.ratis.OzoneManagerStateMachine.lambda$1(OzoneManagerStateMachine.java:324)
	at java.util.concurrent.CompletableFuture$AsyncSupply.run(CompletableFuture.java:1604)
	at java.util.concurrent.ThreadPoolExecutor.runWorker(ThreadPoolExecutor.java:1149)
	at java.util.concurrent.ThreadPoolExecutor$Worker.run(ThreadPoolExecutor.java:624)
	at java.lang.Thread.run(Thread.java:750)
2022-10-18 03:54:10,369 [omNode-2-server-thread1] INFO  server.RaftServer$Division (RaftServerImpl.java:checkInconsistentAppendEntries(1424)) - omNode-2@group-523986131536: Failed appendEntries as previous log entry ((t:7, i:80)) is not found
2022-10-18 03:54:10,369 [omNode-2-server-thread1] INFO  server.RaftServer$Division (RaftServerImpl.java:checkInconsistentAppendEntries(1394)) - omNode-2@group-523986131536: inconsistency entries. Reply:omNode-1<-omNode-2#273:FAIL-t7,INCONSISTENCY,nextIndex=59,followerCommit=58
2022-10-18 03:54:10,371 [OM StateMachine ApplyTransaction Thread - 0] ERROR file.OMFileCreateRequest (OMFileCreateRequest.java:validateAndUpdateCache(337)) - File create failed. Volume:volume37393, Bucket:b046d52d-9494-44a7-b356-7ec24215ee66, Keydir1/dir2/dir3/file1.
FILE_ALREADY_EXISTS org.apache.hadoop.ozone.om.exceptions.OMException: File dir1/dir2/dir3/file1 already exists
	at org.apache.hadoop.ozone.om.request.file.OMFileCreateRequest.checkDirectoryResult(OMFileCreateRequest.java:360)
	at org.apache.hadoop.ozone.om.request.file.OMFileCreateRequest.validateAndUpdateCache(OMFileCreateRequest.java:240)
	at org.apache.hadoop.ozone.protocolPB.OzoneManagerRequestHandler.handleWriteRequest(OzoneManagerRequestHandler.java:311)
	at org.apache.hadoop.ozone.om.ratis.OzoneManagerStateMachine.runCommand(OzoneManagerStateMachine.java:529)
	at org.apache.hadoop.ozone.om.ratis.OzoneManagerStateMachine.lambda$1(OzoneManagerStateMachine.java:324)
	at java.util.concurrent.CompletableFuture$AsyncSupply.run(CompletableFuture.java:1604)
	at java.util.concurrent.ThreadPoolExecutor.runWorker(ThreadPoolExecutor.java:1149)
	at java.util.concurrent.ThreadPoolExecutor$Worker.run(ThreadPoolExecutor.java:624)
	at java.lang.Thread.run(Thread.java:750)
2022-10-18 03:54:10,377 [omNode-2-server-thread1] INFO  server.RaftServer$Division (RaftServerImpl.java:checkInconsistentAppendEntries(1424)) - omNode-2@group-523986131536: Failed appendEntries as previous log entry ((t:7, i:81)) is not found
2022-10-18 03:54:10,377 [omNode-2-server-thread1] INFO  server.RaftServer$Division (RaftServerImpl.java:checkInconsistentAppendEntries(1394)) - omNode-2@group-523986131536: inconsistency entries. Reply:omNode-1<-omNode-2#275:FAIL-t7,INCONSISTENCY,nextIndex=59,followerCommit=58
2022-10-18 03:54:10,386 [omNode-2-server-thread1] INFO  server.RaftServer$Division (RaftServerImpl.java:checkInconsistentAppendEntries(1424)) - omNode-2@group-523986131536: Failed appendEntries as previous log entry ((t:7, i:82)) is not found
2022-10-18 03:54:10,386 [omNode-2-server-thread1] INFO  server.RaftServer$Division (RaftServerImpl.java:checkInconsistentAppendEntries(1394)) - omNode-2@group-523986131536: inconsistency entries. Reply:omNode-1<-omNode-2#278:FAIL-t7,INCONSISTENCY,nextIndex=59,followerCommit=58
03:54:10.388 [OM StateMachine ApplyTransaction Thread - 0] ERROR OMAudit - user=runner | ip=127.0.0.1 | op=CREATE_FILE {volume=volume37393, bucket=b046d52d-9494-44a7-b356-7ec24215ee66, key=folder/folder2, dataSize=23, replicationType=RATIS, replicationFactor=ONE} | ret=FAILURE
org.apache.hadoop.ozone.om.exceptions.OMException: Can not write to directory: folder/folder2
	at org.apache.hadoop.ozone.om.request.file.OMFileCreateRequest.checkDirectoryResult(OMFileCreateRequest.java:364) ~[ozone-manager-1.3.0-SNAPSHOT.jar:?]
	at org.apache.hadoop.ozone.om.request.file.OMFileCreateRequest.validateAndUpdateCache(OMFileCreateRequest.java:240) ~[ozone-manager-1.3.0-SNAPSHOT.jar:?]
	at org.apache.hadoop.ozone.protocolPB.OzoneManagerRequestHandler.handleWriteRequest(OzoneManagerRequestHandler.java:311) ~[ozone-manager-1.3.0-SNAPSHOT.jar:?]
	at org.apache.hadoop.ozone.om.ratis.OzoneManagerStateMachine.runCommand(OzoneManagerStateMachine.java:529) ~[ozone-manager-1.3.0-SNAPSHOT.jar:?]
	at org.apache.hadoop.ozone.om.ratis.OzoneManagerStateMachine.lambda$1(OzoneManagerStateMachine.java:324) ~[ozone-manager-1.3.0-SNAPSHOT.jar:?]
	at java.util.concurrent.CompletableFuture$AsyncSupply.run(CompletableFuture.java:1604) [?:1.8.0_345]
	at java.util.concurrent.ThreadPoolExecutor.runWorker(ThreadPoolExecutor.java:1149) [?:1.8.0_345]
	at java.util.concurrent.ThreadPoolExecutor$Worker.run(ThreadPoolExecutor.java:624) [?:1.8.0_345]
	at java.lang.Thread.run(Thread.java:750) [?:1.8.0_345]
2022-10-18 03:54:10,389 [OM StateMachine ApplyTransaction Thread - 0] ERROR file.OMFileCreateRequest (OMFileCreateRequest.java:validateAndUpdateCache(337)) - File create failed. Volume:volume37393, Bucket:b046d52d-9494-44a7-b356-7ec24215ee66, Keyfolder/folder2.
NOT_A_FILE org.apache.hadoop.ozone.om.exceptions.OMException: Can not write to directory: folder/folder2
	at org.apache.hadoop.ozone.om.request.file.OMFileCreateRequest.checkDirectoryResult(OMFileCreateRequest.java:364)
	at org.apache.hadoop.ozone.om.request.file.OMFileCreateRequest.validateAndUpdateCache(OMFileCreateRequest.java:240)
	at org.apache.hadoop.ozone.protocolPB.OzoneManagerRequestHandler.handleWriteRequest(OzoneManagerRequestHandler.java:311)
	at org.apache.hadoop.ozone.om.ratis.OzoneManagerStateMachine.runCommand(OzoneManagerStateMachine.java:529)
	at org.apache.hadoop.ozone.om.ratis.OzoneManagerStateMachine.lambda$1(OzoneManagerStateMachine.java:324)
	at java.util.concurrent.CompletableFuture$AsyncSupply.run(CompletableFuture.java:1604)
	at java.util.concurrent.ThreadPoolExecutor.runWorker(ThreadPoolExecutor.java:1149)
	at java.util.concurrent.ThreadPoolExecutor$Worker.run(ThreadPoolExecutor.java:624)
	at java.lang.Thread.run(Thread.java:750)
2022-10-18 03:54:10,390 [omNode-2-server-thread1] INFO  server.RaftServer$Division (RaftServerImpl.java:checkInconsistentAppendEntries(1424)) - omNode-2@group-523986131536: Failed appendEntries as previous log entry ((t:7, i:83)) is not found
2022-10-18 03:54:10,391 [omNode-2-server-thread1] INFO  server.RaftServer$Division (RaftServerImpl.java:checkInconsistentAppendEntries(1394)) - omNode-2@group-523986131536: inconsistency entries. Reply:omNode-1<-omNode-2#280:FAIL-t7,INCONSISTENCY,nextIndex=59,followerCommit=58
03:54:10.392 [OM StateMachine ApplyTransaction Thread - 0] ERROR OMAudit - user=runner | ip=127.0.0.1 | op=CREATE_FILE {volume=volume37393, bucket=b046d52d-9494-44a7-b356-7ec24215ee66, key=folder/folder2, dataSize=23, replicationType=RATIS, replicationFactor=ONE} | ret=FAILURE
org.apache.hadoop.ozone.om.exceptions.OMException: Can not write to directory: folder/folder2
	at org.apache.hadoop.ozone.om.request.file.OMFileCreateRequest.checkDirectoryResult(OMFileCreateRequest.java:364) ~[ozone-manager-1.3.0-SNAPSHOT.jar:?]
	at org.apache.hadoop.ozone.om.request.file.OMFileCreateRequest.validateAndUpdateCache(OMFileCreateRequest.java:240) ~[ozone-manager-1.3.0-SNAPSHOT.jar:?]
	at org.apache.hadoop.ozone.protocolPB.OzoneManagerRequestHandler.handleWriteRequest(OzoneManagerRequestHandler.java:311) ~[ozone-manager-1.3.0-SNAPSHOT.jar:?]
	at org.apache.hadoop.ozone.om.ratis.OzoneManagerStateMachine.runCommand(OzoneManagerStateMachine.java:529) ~[ozone-manager-1.3.0-SNAPSHOT.jar:?]
	at org.apache.hadoop.ozone.om.ratis.OzoneManagerStateMachine.lambda$1(OzoneManagerStateMachine.java:324) ~[ozone-manager-1.3.0-SNAPSHOT.jar:?]
	at java.util.concurrent.CompletableFuture$AsyncSupply.run(CompletableFuture.java:1604) [?:1.8.0_345]
	at java.util.concurrent.ThreadPoolExecutor.runWorker(ThreadPoolExecutor.java:1149) [?:1.8.0_345]
	at java.util.concurrent.ThreadPoolExecutor$Worker.run(ThreadPoolExecutor.java:624) [?:1.8.0_345]
	at java.lang.Thread.run(Thread.java:750) [?:1.8.0_345]
2022-10-18 03:54:10,392 [OM StateMachine ApplyTransaction Thread - 0] ERROR file.OMFileCreateRequest (OMFileCreateRequest.java:validateAndUpdateCache(337)) - File create failed. Volume:volume37393, Bucket:b046d52d-9494-44a7-b356-7ec24215ee66, Keyfolder/folder2.
NOT_A_FILE org.apache.hadoop.ozone.om.exceptions.OMException: Can not write to directory: folder/folder2
	at org.apache.hadoop.ozone.om.request.file.OMFileCreateRequest.checkDirectoryResult(OMFileCreateRequest.java:364)
	at org.apache.hadoop.ozone.om.request.file.OMFileCreateRequest.validateAndUpdateCache(OMFileCreateRequest.java:240)
	at org.apache.hadoop.ozone.protocolPB.OzoneManagerRequestHandler.handleWriteRequest(OzoneManagerRequestHandler.java:311)
	at org.apache.hadoop.ozone.om.ratis.OzoneManagerStateMachine.runCommand(OzoneManagerStateMachine.java:529)
	at org.apache.hadoop.ozone.om.ratis.OzoneManagerStateMachine.lambda$1(OzoneManagerStateMachine.java:324)
	at java.util.concurrent.CompletableFuture$AsyncSupply.run(CompletableFuture.java:1604)
	at java.util.concurrent.ThreadPoolExecutor.runWorker(ThreadPoolExecutor.java:1149)
	at java.util.concurrent.ThreadPoolExecutor$Worker.run(ThreadPoolExecutor.java:624)
	at java.lang.Thread.run(Thread.java:750)
2022-10-18 03:54:10,405 [Listener at localhost/37159] INFO  rpc.RpcClient (RpcClient.java:createVolume(471)) - Creating Volume: volume64691, with user00177 as owner and space quota set to -1 bytes, counts quota set to -1
2022-10-18 03:54:10,409 [omNode-2-server-thread1] INFO  server.RaftServer$Division (RaftServerImpl.java:checkInconsistentAppendEntries(1424)) - omNode-2@group-523986131536: Failed appendEntries as previous log entry ((t:7, i:84)) is not found
2022-10-18 03:54:10,409 [omNode-2-server-thread1] INFO  server.RaftServer$Division (RaftServerImpl.java:checkInconsistentAppendEntries(1394)) - omNode-2@group-523986131536: inconsistency entries. Reply:omNode-1<-omNode-2#285:FAIL-t7,INCONSISTENCY,nextIndex=59,followerCommit=58
2022-10-18 03:54:10,412 [OM StateMachine ApplyTransaction Thread - 0] INFO  volume.OMVolumeCreateRequest (OMVolumeCreateRequest.java:validateAndUpdateCache(195)) - created volume:volume64691 for user:user00177
2022-10-18 03:54:10,412 [omNode-2-server-thread1] INFO  server.RaftServer$Division (RaftServerImpl.java:checkInconsistentAppendEntries(1424)) - omNode-2@group-523986131536: Failed appendEntries as previous log entry ((t:7, i:85)) is not found
2022-10-18 03:54:10,413 [omNode-2-server-thread1] INFO  server.RaftServer$Division (RaftServerImpl.java:checkInconsistentAppendEntries(1394)) - omNode-2@group-523986131536: inconsistency entries. Reply:omNode-1<-omNode-2#286:FAIL-t7,INCONSISTENCY,nextIndex=59,followerCommit=58
2022-10-18 03:54:10,414 [OM StateMachine ApplyTransaction Thread - 0] INFO  volume.OMVolumeCreateRequest (OMVolumeCreateRequest.java:validateAndUpdateCache(195)) - created volume:volume64691 for user:user00177
2022-10-18 03:54:10,415 [Listener at localhost/37159] INFO  rpc.RpcClient (RpcClient.java:createBucket(674)) - Creating Bucket: volume64691/0e6144c6-bd76-427d-99de-c1a81a345c47, with server-side default bucket layout, runner as owner, Versioning false, Storage Type set to DISK and Encryption set to false 
2022-10-18 03:54:10,419 [omNode-2-server-thread1] INFO  server.RaftServer$Division (RaftServerImpl.java:checkInconsistentAppendEntries(1424)) - omNode-2@group-523986131536: Failed appendEntries as previous log entry ((t:7, i:86)) is not found
2022-10-18 03:54:10,419 [omNode-2-server-thread1] INFO  server.RaftServer$Division (RaftServerImpl.java:checkInconsistentAppendEntries(1394)) - omNode-2@group-523986131536: inconsistency entries. Reply:omNode-1<-omNode-2#288:FAIL-t7,INCONSISTENCY,nextIndex=59,followerCommit=58
2022-10-18 03:54:10,421 [OM StateMachine ApplyTransaction Thread - 0] INFO  bucket.OMBucketCreateRequest (OMBucketCreateRequest.java:validateAndUpdateCache(260)) - created bucket: 0e6144c6-bd76-427d-99de-c1a81a345c47 of layout LEGACY in volume: volume64691
2022-10-18 03:54:10,423 [omNode-2-server-thread1] INFO  server.RaftServer$Division (RaftServerImpl.java:checkInconsistentAppendEntries(1424)) - omNode-2@group-523986131536: Failed appendEntries as previous log entry ((t:7, i:87)) is not found
2022-10-18 03:54:10,424 [omNode-2-server-thread1] INFO  server.RaftServer$Division (RaftServerImpl.java:checkInconsistentAppendEntries(1394)) - omNode-2@group-523986131536: inconsistency entries. Reply:omNode-1<-omNode-2#289:FAIL-t7,INCONSISTENCY,nextIndex=59,followerCommit=58
2022-10-18 03:54:10,431 [OM StateMachine ApplyTransaction Thread - 0] INFO  bucket.OMBucketCreateRequest (OMBucketCreateRequest.java:validateAndUpdateCache(260)) - created bucket: 0e6144c6-bd76-427d-99de-c1a81a345c47 of layout LEGACY in volume: volume64691
2022-10-18 03:54:10,437 [omNode-2-server-thread1] INFO  server.RaftServer$Division (RaftServerImpl.java:checkInconsistentAppendEntries(1424)) - omNode-2@group-523986131536: Failed appendEntries as previous log entry ((t:7, i:88)) is not found
2022-10-18 03:54:10,438 [omNode-2-server-thread1] INFO  server.RaftServer$Division (RaftServerImpl.java:checkInconsistentAppendEntries(1394)) - omNode-2@group-523986131536: inconsistency entries. Reply:omNode-1<-omNode-2#292:FAIL-t7,INCONSISTENCY,nextIndex=59,followerCommit=58
2022-10-18 03:54:10,445 [omNode-2-server-thread1] INFO  server.RaftServer$Division (RaftServerImpl.java:checkInconsistentAppendEntries(1424)) - omNode-2@group-523986131536: Failed appendEntries as previous log entry ((t:7, i:89)) is not found
2022-10-18 03:54:10,445 [omNode-2-server-thread1] INFO  server.RaftServer$Division (RaftServerImpl.java:checkInconsistentAppendEntries(1394)) - omNode-2@group-523986131536: inconsistency entries. Reply:omNode-1<-omNode-2#294:FAIL-t7,INCONSISTENCY,nextIndex=59,followerCommit=58
2022-10-18 03:54:10,470 [omNode-2-server-thread1] INFO  server.RaftServer$Division (RaftServerImpl.java:checkInconsistentAppendEntries(1424)) - omNode-2@group-523986131536: Failed appendEntries as previous log entry ((t:7, i:90)) is not found
2022-10-18 03:54:10,471 [omNode-2-server-thread1] INFO  server.RaftServer$Division (RaftServerImpl.java:checkInconsistentAppendEntries(1394)) - omNode-2@group-523986131536: inconsistency entries. Reply:omNode-1<-omNode-2#297:FAIL-t7,INCONSISTENCY,nextIndex=59,followerCommit=58
2022-10-18 03:54:10,476 [omNode-2-server-thread1] INFO  server.RaftServer$Division (RaftServerImpl.java:checkInconsistentAppendEntries(1424)) - omNode-2@group-523986131536: Failed appendEntries as previous log entry ((t:7, i:91)) is not found
2022-10-18 03:54:10,476 [omNode-2-server-thread1] INFO  server.RaftServer$Division (RaftServerImpl.java:checkInconsistentAppendEntries(1394)) - omNode-2@group-523986131536: inconsistency entries. Reply:omNode-1<-omNode-2#299:FAIL-t7,INCONSISTENCY,nextIndex=59,followerCommit=58
2022-10-18 03:54:10,477 [grpc-default-executor-2] INFO  leader.FollowerInfo (FollowerInfoImpl.java:lambda$new$0(48)) - omNode-1@group-523986131536->omNode-2: nextIndex: updateUnconditionally 93 -> 59
2022-10-18 03:54:10,477 [omNode-2-server-thread1] INFO  server.RaftServer$Division (RaftServerImpl.java:checkInconsistentAppendEntries(1424)) - omNode-2@group-523986131536: Failed appendEntries as previous log entry ((t:7, i:91)) is not found
2022-10-18 03:54:10,477 [omNode-2-server-thread1] INFO  server.RaftServer$Division (RaftServerImpl.java:checkInconsistentAppendEntries(1394)) - omNode-2@group-523986131536: inconsistency entries. Reply:omNode-1<-omNode-2#300:FAIL-t7,INCONSISTENCY,nextIndex=59,followerCommit=58
2022-10-18 03:54:10,502 [omNode-2-server-thread1] INFO  server.RaftServer$Division (RaftServerImpl.java:checkInconsistentAppendEntries(1424)) - omNode-2@group-523986131536: Failed appendEntries as previous log entry ((t:7, i:92)) is not found
2022-10-18 03:54:10,502 [omNode-2-server-thread1] INFO  server.RaftServer$Division (RaftServerImpl.java:checkInconsistentAppendEntries(1394)) - omNode-2@group-523986131536: inconsistency entries. Reply:omNode-1<-omNode-2#304:FAIL-t7,INCONSISTENCY,nextIndex=59,followerCommit=58
03:54:10.505 [OM StateMachine ApplyTransaction Thread - 0] ERROR OMAudit - user=runner | ip=127.0.0.1 | op=CREATE_FILE {volume=volume64691, bucket=0e6144c6-bd76-427d-99de-c1a81a345c47, key=dir1/dir2/dir3/file1, dataSize=11, replicationType=RATIS, replicationFactor=ONE} | ret=FAILURE
org.apache.hadoop.ozone.om.exceptions.OMException: Cannot create file : dir1/dir2/dir3/file1 as one of parent directory is not created
	at org.apache.hadoop.ozone.om.request.file.OMFileCreateRequest.checkAllParentsExist(OMFileCreateRequest.java:387) ~[ozone-manager-1.3.0-SNAPSHOT.jar:?]
	at org.apache.hadoop.ozone.om.request.file.OMFileCreateRequest.validateAndUpdateCache(OMFileCreateRequest.java:243) ~[ozone-manager-1.3.0-SNAPSHOT.jar:?]
	at org.apache.hadoop.ozone.protocolPB.OzoneManagerRequestHandler.handleWriteRequest(OzoneManagerRequestHandler.java:311) ~[ozone-manager-1.3.0-SNAPSHOT.jar:?]
	at org.apache.hadoop.ozone.om.ratis.OzoneManagerStateMachine.runCommand(OzoneManagerStateMachine.java:529) ~[ozone-manager-1.3.0-SNAPSHOT.jar:?]
	at org.apache.hadoop.ozone.om.ratis.OzoneManagerStateMachine.lambda$1(OzoneManagerStateMachine.java:324) ~[ozone-manager-1.3.0-SNAPSHOT.jar:?]
	at java.util.concurrent.CompletableFuture$AsyncSupply.run(CompletableFuture.java:1604) [?:1.8.0_345]
	at java.util.concurrent.ThreadPoolExecutor.runWorker(ThreadPoolExecutor.java:1149) [?:1.8.0_345]
	at java.util.concurrent.ThreadPoolExecutor$Worker.run(ThreadPoolExecutor.java:624) [?:1.8.0_345]
	at java.lang.Thread.run(Thread.java:750) [?:1.8.0_345]
2022-10-18 03:54:10,505 [OM StateMachine ApplyTransaction Thread - 0] ERROR file.OMFileCreateRequest (OMFileCreateRequest.java:validateAndUpdateCache(337)) - File create failed. Volume:volume64691, Bucket:0e6144c6-bd76-427d-99de-c1a81a345c47, Keydir1/dir2/dir3/file1.
DIRECTORY_NOT_FOUND org.apache.hadoop.ozone.om.exceptions.OMException: Cannot create file : dir1/dir2/dir3/file1 as one of parent directory is not created
	at org.apache.hadoop.ozone.om.request.file.OMFileCreateRequest.checkAllParentsExist(OMFileCreateRequest.java:387)
	at org.apache.hadoop.ozone.om.request.file.OMFileCreateRequest.validateAndUpdateCache(OMFileCreateRequest.java:243)
	at org.apache.hadoop.ozone.protocolPB.OzoneManagerRequestHandler.handleWriteRequest(OzoneManagerRequestHandler.java:311)
	at org.apache.hadoop.ozone.om.ratis.OzoneManagerStateMachine.runCommand(OzoneManagerStateMachine.java:529)
	at org.apache.hadoop.ozone.om.ratis.OzoneManagerStateMachine.lambda$1(OzoneManagerStateMachine.java:324)
	at java.util.concurrent.CompletableFuture$AsyncSupply.run(CompletableFuture.java:1604)
	at java.util.concurrent.ThreadPoolExecutor.runWorker(ThreadPoolExecutor.java:1149)
	at java.util.concurrent.ThreadPoolExecutor$Worker.run(ThreadPoolExecutor.java:624)
	at java.lang.Thread.run(Thread.java:750)
2022-10-18 03:54:10,506 [omNode-2-server-thread1] INFO  server.RaftServer$Division (RaftServerImpl.java:checkInconsistentAppendEntries(1424)) - omNode-2@group-523986131536: Failed appendEntries as previous log entry ((t:7, i:93)) is not found
2022-10-18 03:54:10,506 [omNode-2-server-thread1] INFO  server.RaftServer$Division (RaftServerImpl.java:checkInconsistentAppendEntries(1394)) - omNode-2@group-523986131536: inconsistency entries. Reply:omNode-1<-omNode-2#306:FAIL-t7,INCONSISTENCY,nextIndex=59,followerCommit=58
03:54:10.507 [OM StateMachine ApplyTransaction Thread - 0] ERROR OMAudit - user=runner | ip=127.0.0.1 | op=CREATE_FILE {volume=volume64691, bucket=0e6144c6-bd76-427d-99de-c1a81a345c47, key=dir1/dir2/dir3/file1, dataSize=11, replicationType=RATIS, replicationFactor=ONE} | ret=FAILURE
org.apache.hadoop.ozone.om.exceptions.OMException: Cannot create file : dir1/dir2/dir3/file1 as one of parent directory is not created
	at org.apache.hadoop.ozone.om.request.file.OMFileCreateRequest.checkAllParentsExist(OMFileCreateRequest.java:387) ~[ozone-manager-1.3.0-SNAPSHOT.jar:?]
	at org.apache.hadoop.ozone.om.request.file.OMFileCreateRequest.validateAndUpdateCache(OMFileCreateRequest.java:243) ~[ozone-manager-1.3.0-SNAPSHOT.jar:?]
	at org.apache.hadoop.ozone.protocolPB.OzoneManagerRequestHandler.handleWriteRequest(OzoneManagerRequestHandler.java:311) ~[ozone-manager-1.3.0-SNAPSHOT.jar:?]
	at org.apache.hadoop.ozone.om.ratis.OzoneManagerStateMachine.runCommand(OzoneManagerStateMachine.java:529) ~[ozone-manager-1.3.0-SNAPSHOT.jar:?]
	at org.apache.hadoop.ozone.om.ratis.OzoneManagerStateMachine.lambda$1(OzoneManagerStateMachine.java:324) ~[ozone-manager-1.3.0-SNAPSHOT.jar:?]
	at java.util.concurrent.CompletableFuture$AsyncSupply.run(CompletableFuture.java:1604) [?:1.8.0_345]
	at java.util.concurrent.ThreadPoolExecutor.runWorker(ThreadPoolExecutor.java:1149) [?:1.8.0_345]
	at java.util.concurrent.ThreadPoolExecutor$Worker.run(ThreadPoolExecutor.java:624) [?:1.8.0_345]
	at java.lang.Thread.run(Thread.java:750) [?:1.8.0_345]
2022-10-18 03:54:10,507 [OM StateMachine ApplyTransaction Thread - 0] ERROR file.OMFileCreateRequest (OMFileCreateRequest.java:validateAndUpdateCache(337)) - File create failed. Volume:volume64691, Bucket:0e6144c6-bd76-427d-99de-c1a81a345c47, Keydir1/dir2/dir3/file1.
DIRECTORY_NOT_FOUND org.apache.hadoop.ozone.om.exceptions.OMException: Cannot create file : dir1/dir2/dir3/file1 as one of parent directory is not created
	at org.apache.hadoop.ozone.om.request.file.OMFileCreateRequest.checkAllParentsExist(OMFileCreateRequest.java:387)
	at org.apache.hadoop.ozone.om.request.file.OMFileCreateRequest.validateAndUpdateCache(OMFileCreateRequest.java:243)
	at org.apache.hadoop.ozone.protocolPB.OzoneManagerRequestHandler.handleWriteRequest(OzoneManagerRequestHandler.java:311)
	at org.apache.hadoop.ozone.om.ratis.OzoneManagerStateMachine.runCommand(OzoneManagerStateMachine.java:529)
	at org.apache.hadoop.ozone.om.ratis.OzoneManagerStateMachine.lambda$1(OzoneManagerStateMachine.java:324)
	at java.util.concurrent.CompletableFuture$AsyncSupply.run(CompletableFuture.java:1604)
	at java.util.concurrent.ThreadPoolExecutor.runWorker(ThreadPoolExecutor.java:1149)
	at java.util.concurrent.ThreadPoolExecutor$Worker.run(ThreadPoolExecutor.java:624)
	at java.lang.Thread.run(Thread.java:750)
2022-10-18 03:54:10,511 [omNode-2-server-thread1] INFO  server.RaftServer$Division (RaftServerImpl.java:checkInconsistentAppendEntries(1424)) - omNode-2@group-523986131536: Failed appendEntries as previous log entry ((t:7, i:94)) is not found
2022-10-18 03:54:10,511 [omNode-2-server-thread1] INFO  server.RaftServer$Division (RaftServerImpl.java:checkInconsistentAppendEntries(1394)) - omNode-2@group-523986131536: inconsistency entries. Reply:omNode-1<-omNode-2#307:FAIL-t7,INCONSISTENCY,nextIndex=59,followerCommit=58
2022-10-18 03:54:10,521 [omNode-2-server-thread1] INFO  server.RaftServer$Division (RaftServerImpl.java:checkInconsistentAppendEntries(1424)) - omNode-2@group-523986131536: Failed appendEntries as previous log entry ((t:7, i:95)) is not found
2022-10-18 03:54:10,521 [omNode-2-server-thread1] INFO  server.RaftServer$Division (RaftServerImpl.java:checkInconsistentAppendEntries(1394)) - omNode-2@group-523986131536: inconsistency entries. Reply:omNode-1<-omNode-2#310:FAIL-t7,INCONSISTENCY,nextIndex=59,followerCommit=58
2022-10-18 03:54:10,526 [omNode-2-server-thread1] INFO  server.RaftServer$Division (RaftServerImpl.java:checkInconsistentAppendEntries(1424)) - omNode-2@group-523986131536: Failed appendEntries as previous log entry ((t:7, i:96)) is not found
2022-10-18 03:54:10,526 [omNode-2-server-thread1] INFO  server.RaftServer$Division (RaftServerImpl.java:checkInconsistentAppendEntries(1394)) - omNode-2@group-523986131536: inconsistency entries. Reply:omNode-1<-omNode-2#311:FAIL-t7,INCONSISTENCY,nextIndex=59,followerCommit=58
2022-10-18 03:54:10,537 [omNode-2-server-thread1] INFO  server.RaftServer$Division (RaftServerImpl.java:checkInconsistentAppendEntries(1424)) - omNode-2@group-523986131536: Failed appendEntries as previous log entry ((t:7, i:97)) is not found
2022-10-18 03:54:10,538 [omNode-2-server-thread1] INFO  server.RaftServer$Division (RaftServerImpl.java:checkInconsistentAppendEntries(1394)) - omNode-2@group-523986131536: inconsistency entries. Reply:omNode-1<-omNode-2#314:FAIL-t7,INCONSISTENCY,nextIndex=59,followerCommit=58
2022-10-18 03:54:10,608 [omNode-2-server-thread1] INFO  server.RaftServer$Division (RaftServerImpl.java:checkInconsistentAppendEntries(1424)) - omNode-2@group-523986131536: Failed appendEntries as previous log entry ((t:7, i:98)) is not found
2022-10-18 03:54:10,608 [omNode-2-server-thread1] INFO  server.RaftServer$Division (RaftServerImpl.java:checkInconsistentAppendEntries(1394)) - omNode-2@group-523986131536: inconsistency entries. Reply:omNode-1<-omNode-2#323:FAIL-t7,INCONSISTENCY,nextIndex=59,followerCommit=58
2022-10-18 03:54:10,617 [omNode-2-server-thread1] INFO  server.RaftServer$Division (RaftServerImpl.java:checkInconsistentAppendEntries(1424)) - omNode-2@group-523986131536: Failed appendEntries as previous log entry ((t:7, i:99)) is not found
2022-10-18 03:54:10,618 [omNode-2-server-thread1] INFO  server.RaftServer$Division (RaftServerImpl.java:checkInconsistentAppendEntries(1394)) - omNode-2@group-523986131536: inconsistency entries. Reply:omNode-1<-omNode-2#324:FAIL-t7,INCONSISTENCY,nextIndex=59,followerCommit=58
2022-10-18 03:54:10,647 [omNode-2-server-thread1] INFO  server.RaftServer$Division (RaftServerImpl.java:checkInconsistentAppendEntries(1424)) - omNode-2@group-523986131536: Failed appendEntries as previous log entry ((t:7, i:100)) is not found
2022-10-18 03:54:10,647 [omNode-2-server-thread1] INFO  server.RaftServer$Division (RaftServerImpl.java:checkInconsistentAppendEntries(1394)) - omNode-2@group-523986131536: inconsistency entries. Reply:omNode-1<-omNode-2#328:FAIL-t7,INCONSISTENCY,nextIndex=59,followerCommit=58
2022-10-18 03:54:10,658 [omNode-2-server-thread1] INFO  server.RaftServer$Division (RaftServerImpl.java:checkInconsistentAppendEntries(1424)) - omNode-2@group-523986131536: Failed appendEntries as previous log entry ((t:7, i:101)) is not found
2022-10-18 03:54:10,658 [omNode-2-server-thread1] INFO  server.RaftServer$Division (RaftServerImpl.java:checkInconsistentAppendEntries(1394)) - omNode-2@group-523986131536: inconsistency entries. Reply:omNode-1<-omNode-2#330:FAIL-t7,INCONSISTENCY,nextIndex=59,followerCommit=58
2022-10-18 03:54:10,682 [omNode-2-server-thread1] INFO  server.RaftServer$Division (RaftServerImpl.java:checkInconsistentAppendEntries(1424)) - omNode-2@group-523986131536: Failed appendEntries as previous log entry ((t:7, i:102)) is not found
2022-10-18 03:54:10,683 [omNode-2-server-thread1] INFO  server.RaftServer$Division (RaftServerImpl.java:checkInconsistentAppendEntries(1394)) - omNode-2@group-523986131536: inconsistency entries. Reply:omNode-1<-omNode-2#335:FAIL-t7,INCONSISTENCY,nextIndex=59,followerCommit=58
2022-10-18 03:54:10,686 [omNode-2-server-thread1] INFO  server.RaftServer$Division (RaftServerImpl.java:checkInconsistentAppendEntries(1424)) - omNode-2@group-523986131536: Failed appendEntries as previous log entry ((t:7, i:103)) is not found
2022-10-18 03:54:10,686 [omNode-2-server-thread1] INFO  server.RaftServer$Division (RaftServerImpl.java:checkInconsistentAppendEntries(1394)) - omNode-2@group-523986131536: inconsistency entries. Reply:omNode-1<-omNode-2#337:FAIL-t7,INCONSISTENCY,nextIndex=59,followerCommit=58
2022-10-18 03:54:10,709 [omNode-2-server-thread1] INFO  server.RaftServer$Division (RaftServerImpl.java:checkInconsistentAppendEntries(1424)) - omNode-2@group-523986131536: Failed appendEntries as previous log entry ((t:7, i:104)) is not found
2022-10-18 03:54:10,709 [omNode-2-server-thread1] INFO  server.RaftServer$Division (RaftServerImpl.java:checkInconsistentAppendEntries(1394)) - omNode-2@group-523986131536: inconsistency entries. Reply:omNode-1<-omNode-2#340:FAIL-t7,INCONSISTENCY,nextIndex=59,followerCommit=58
03:54:10.712 [OM StateMachine ApplyTransaction Thread - 0] ERROR OMAudit - user=runner | ip=127.0.0.1 | op=CREATE_FILE {volume=volume64691, bucket=0e6144c6-bd76-427d-99de-c1a81a345c47, key=dir1/dir2/dir3/file1, dataSize=23, replicationType=RATIS, replicationFactor=ONE} | ret=FAILURE
org.apache.hadoop.ozone.om.exceptions.OMException: File dir1/dir2/dir3/file1 already exists
	at org.apache.hadoop.ozone.om.request.file.OMFileCreateRequest.checkDirectoryResult(OMFileCreateRequest.java:360) ~[ozone-manager-1.3.0-SNAPSHOT.jar:?]
	at org.apache.hadoop.ozone.om.request.file.OMFileCreateRequest.validateAndUpdateCache(OMFileCreateRequest.java:240) ~[ozone-manager-1.3.0-SNAPSHOT.jar:?]
	at org.apache.hadoop.ozone.protocolPB.OzoneManagerRequestHandler.handleWriteRequest(OzoneManagerRequestHandler.java:311) ~[ozone-manager-1.3.0-SNAPSHOT.jar:?]
	at org.apache.hadoop.ozone.om.ratis.OzoneManagerStateMachine.runCommand(OzoneManagerStateMachine.java:529) ~[ozone-manager-1.3.0-SNAPSHOT.jar:?]
	at org.apache.hadoop.ozone.om.ratis.OzoneManagerStateMachine.lambda$1(OzoneManagerStateMachine.java:324) ~[ozone-manager-1.3.0-SNAPSHOT.jar:?]
	at java.util.concurrent.CompletableFuture$AsyncSupply.run(CompletableFuture.java:1604) [?:1.8.0_345]
	at java.util.concurrent.ThreadPoolExecutor.runWorker(ThreadPoolExecutor.java:1149) [?:1.8.0_345]
	at java.util.concurrent.ThreadPoolExecutor$Worker.run(ThreadPoolExecutor.java:624) [?:1.8.0_345]
	at java.lang.Thread.run(Thread.java:750) [?:1.8.0_345]
2022-10-18 03:54:10,712 [OM StateMachine ApplyTransaction Thread - 0] ERROR file.OMFileCreateRequest (OMFileCreateRequest.java:validateAndUpdateCache(337)) - File create failed. Volume:volume64691, Bucket:0e6144c6-bd76-427d-99de-c1a81a345c47, Keydir1/dir2/dir3/file1.
FILE_ALREADY_EXISTS org.apache.hadoop.ozone.om.exceptions.OMException: File dir1/dir2/dir3/file1 already exists
	at org.apache.hadoop.ozone.om.request.file.OMFileCreateRequest.checkDirectoryResult(OMFileCreateRequest.java:360)
	at org.apache.hadoop.ozone.om.request.file.OMFileCreateRequest.validateAndUpdateCache(OMFileCreateRequest.java:240)
	at org.apache.hadoop.ozone.protocolPB.OzoneManagerRequestHandler.handleWriteRequest(OzoneManagerRequestHandler.java:311)
	at org.apache.hadoop.ozone.om.ratis.OzoneManagerStateMachine.runCommand(OzoneManagerStateMachine.java:529)
	at org.apache.hadoop.ozone.om.ratis.OzoneManagerStateMachine.lambda$1(OzoneManagerStateMachine.java:324)
	at java.util.concurrent.CompletableFuture$AsyncSupply.run(CompletableFuture.java:1604)
	at java.util.concurrent.ThreadPoolExecutor.runWorker(ThreadPoolExecutor.java:1149)
	at java.util.concurrent.ThreadPoolExecutor$Worker.run(ThreadPoolExecutor.java:624)
	at java.lang.Thread.run(Thread.java:750)
2022-10-18 03:54:10,713 [omNode-2-server-thread1] INFO  server.RaftServer$Division (RaftServerImpl.java:checkInconsistentAppendEntries(1424)) - omNode-2@group-523986131536: Failed appendEntries as previous log entry ((t:7, i:105)) is not found
2022-10-18 03:54:10,713 [omNode-2-server-thread1] INFO  server.RaftServer$Division (RaftServerImpl.java:checkInconsistentAppendEntries(1394)) - omNode-2@group-523986131536: inconsistency entries. Reply:omNode-1<-omNode-2#341:FAIL-t7,INCONSISTENCY,nextIndex=59,followerCommit=58
2022-10-18 03:54:10,715 [omNode-2-server-thread1] INFO  server.RaftServer$Division (RaftServerImpl.java:checkInconsistentAppendEntries(1424)) - omNode-2@group-523986131536: Failed appendEntries as previous log entry ((t:7, i:106)) is not found
2022-10-18 03:54:10,715 [omNode-2-server-thread1] INFO  server.RaftServer$Division (RaftServerImpl.java:checkInconsistentAppendEntries(1394)) - omNode-2@group-523986131536: inconsistency entries. Reply:omNode-1<-omNode-2#342:FAIL-t7,INCONSISTENCY,nextIndex=59,followerCommit=58
03:54:10.718 [OM StateMachine ApplyTransaction Thread - 0] ERROR OMAudit - user=runner | ip=127.0.0.1 | op=CREATE_FILE {volume=volume64691, bucket=0e6144c6-bd76-427d-99de-c1a81a345c47, key=dir1/dir2/dir3/file1, dataSize=23, replicationType=RATIS, replicationFactor=ONE} | ret=FAILURE
org.apache.hadoop.ozone.om.exceptions.OMException: File dir1/dir2/dir3/file1 already exists
	at org.apache.hadoop.ozone.om.request.file.OMFileCreateRequest.checkDirectoryResult(OMFileCreateRequest.java:360) ~[ozone-manager-1.3.0-SNAPSHOT.jar:?]
	at org.apache.hadoop.ozone.om.request.file.OMFileCreateRequest.validateAndUpdateCache(OMFileCreateRequest.java:240) ~[ozone-manager-1.3.0-SNAPSHOT.jar:?]
	at org.apache.hadoop.ozone.protocolPB.OzoneManagerRequestHandler.handleWriteRequest(OzoneManagerRequestHandler.java:311) ~[ozone-manager-1.3.0-SNAPSHOT.jar:?]
	at org.apache.hadoop.ozone.om.ratis.OzoneManagerStateMachine.runCommand(OzoneManagerStateMachine.java:529) ~[ozone-manager-1.3.0-SNAPSHOT.jar:?]
	at org.apache.hadoop.ozone.om.ratis.OzoneManagerStateMachine.lambda$1(OzoneManagerStateMachine.java:324) ~[ozone-manager-1.3.0-SNAPSHOT.jar:?]
	at java.util.concurrent.CompletableFuture$AsyncSupply.run(CompletableFuture.java:1604) [?:1.8.0_345]
	at java.util.concurrent.ThreadPoolExecutor.runWorker(ThreadPoolExecutor.java:1149) [?:1.8.0_345]
	at java.util.concurrent.ThreadPoolExecutor$Worker.run(ThreadPoolExecutor.java:624) [?:1.8.0_345]
	at java.lang.Thread.run(Thread.java:750) [?:1.8.0_345]
2022-10-18 03:54:10,718 [OM StateMachine ApplyTransaction Thread - 0] ERROR file.OMFileCreateRequest (OMFileCreateRequest.java:validateAndUpdateCache(337)) - File create failed. Volume:volume64691, Bucket:0e6144c6-bd76-427d-99de-c1a81a345c47, Keydir1/dir2/dir3/file1.
FILE_ALREADY_EXISTS org.apache.hadoop.ozone.om.exceptions.OMException: File dir1/dir2/dir3/file1 already exists
	at org.apache.hadoop.ozone.om.request.file.OMFileCreateRequest.checkDirectoryResult(OMFileCreateRequest.java:360)
	at org.apache.hadoop.ozone.om.request.file.OMFileCreateRequest.validateAndUpdateCache(OMFileCreateRequest.java:240)
	at org.apache.hadoop.ozone.protocolPB.OzoneManagerRequestHandler.handleWriteRequest(OzoneManagerRequestHandler.java:311)
	at org.apache.hadoop.ozone.om.ratis.OzoneManagerStateMachine.runCommand(OzoneManagerStateMachine.java:529)
	at org.apache.hadoop.ozone.om.ratis.OzoneManagerStateMachine.lambda$1(OzoneManagerStateMachine.java:324)
	at java.util.concurrent.CompletableFuture$AsyncSupply.run(CompletableFuture.java:1604)
	at java.util.concurrent.ThreadPoolExecutor.runWorker(ThreadPoolExecutor.java:1149)
	at java.util.concurrent.ThreadPoolExecutor$Worker.run(ThreadPoolExecutor.java:624)
	at java.lang.Thread.run(Thread.java:750)
2022-10-18 03:54:10,722 [omNode-2-server-thread1] INFO  server.RaftServer$Division (RaftServerImpl.java:checkInconsistentAppendEntries(1424)) - omNode-2@group-523986131536: Failed appendEntries as previous log entry ((t:7, i:107)) is not found
2022-10-18 03:54:10,722 [omNode-2-server-thread1] INFO  server.RaftServer$Division (RaftServerImpl.java:checkInconsistentAppendEntries(1394)) - omNode-2@group-523986131536: inconsistency entries. Reply:omNode-1<-omNode-2#345:FAIL-t7,INCONSISTENCY,nextIndex=59,followerCommit=58
2022-10-18 03:54:10,727 [omNode-2-server-thread1] INFO  server.RaftServer$Division (RaftServerImpl.java:checkInconsistentAppendEntries(1424)) - omNode-2@group-523986131536: Failed appendEntries as previous log entry ((t:7, i:108)) is not found
2022-10-18 03:54:10,727 [omNode-2-server-thread1] INFO  server.RaftServer$Division (RaftServerImpl.java:checkInconsistentAppendEntries(1394)) - omNode-2@group-523986131536: inconsistency entries. Reply:omNode-1<-omNode-2#346:FAIL-t7,INCONSISTENCY,nextIndex=59,followerCommit=58
2022-10-18 03:54:10,738 [omNode-2-server-thread1] INFO  server.RaftServer$Division (RaftServerImpl.java:checkInconsistentAppendEntries(1424)) - omNode-2@group-523986131536: Failed appendEntries as previous log entry ((t:7, i:109)) is not found
2022-10-18 03:54:10,738 [omNode-2-server-thread1] INFO  server.RaftServer$Division (RaftServerImpl.java:checkInconsistentAppendEntries(1394)) - omNode-2@group-523986131536: inconsistency entries. Reply:omNode-1<-omNode-2#349:FAIL-t7,INCONSISTENCY,nextIndex=59,followerCommit=58
2022-10-18 03:54:10,748 [omNode-1@group-523986131536-StateMachineUpdater] INFO  ratis.OzoneManagerStateMachine (OzoneManagerStateMachine.java:takeSnapshot(441)) - Current Snapshot Index (t:7, i:110)
2022-10-18 03:54:10,749 [omNode-1@group-523986131536-StateMachineUpdater] INFO  impl.StateMachineUpdater (StateMachineUpdater.java:takeSnapshot(287)) - omNode-1@group-523986131536-StateMachineUpdater: Took a snapshot at index 110
2022-10-18 03:54:10,749 [omNode-1@group-523986131536-StateMachineUpdater] INFO  impl.StateMachineUpdater (StateMachineUpdater.java:lambda$new$0(92)) - omNode-1@group-523986131536-StateMachineUpdater: snapshotIndex: updateIncreasingly 60 -> 110
2022-10-18 03:54:10,749 [omNode-1@group-523986131536-StateMachineUpdater] INFO  raftlog.RaftLog (RaftLogBase.java:purge(308)) - omNode-1@group-523986131536-SegmentedRaftLog: purge 110
2022-10-18 03:54:10,749 [omNode-1@group-523986131536-StateMachineUpdater] INFO  raftlog.RaftLog (RaftLogBase.java:lambda$new$0(53)) - omNode-1@group-523986131536-SegmentedRaftLog: snapshotIndex: updateIncreasingly 60 -> 110
2022-10-18 03:54:10,749 [omNode-1@group-523986131536-SegmentedRaftLogWorker] INFO  raftlog.RaftLog (RaftLogBase.java:lambda$new$0(53)) - omNode-1@group-523986131536-SegmentedRaftLog: purgeIndex: updateToMax old=58, new=60, updated? true
2022-10-18 03:54:10,764 [omNode-2-server-thread1] INFO  server.RaftServer$Division (RaftServerImpl.java:checkInconsistentAppendEntries(1424)) - omNode-2@group-523986131536: Failed appendEntries as previous log entry ((t:7, i:110)) is not found
2022-10-18 03:54:10,765 [omNode-2-server-thread1] INFO  server.RaftServer$Division (RaftServerImpl.java:checkInconsistentAppendEntries(1394)) - omNode-2@group-523986131536: inconsistency entries. Reply:omNode-1<-omNode-2#353:FAIL-t7,INCONSISTENCY,nextIndex=59,followerCommit=58
2022-10-18 03:54:10,767 [omNode-3@group-523986131536-StateMachineUpdater] INFO  ratis.OzoneManagerStateMachine (OzoneManagerStateMachine.java:takeSnapshot(441)) - Current Snapshot Index (t:7, i:110)
2022-10-18 03:54:10,767 [omNode-3@group-523986131536-StateMachineUpdater] INFO  impl.StateMachineUpdater (StateMachineUpdater.java:takeSnapshot(287)) - omNode-3@group-523986131536-StateMachineUpdater: Took a snapshot at index 110
2022-10-18 03:54:10,767 [omNode-3@group-523986131536-StateMachineUpdater] INFO  impl.StateMachineUpdater (StateMachineUpdater.java:lambda$new$0(92)) - omNode-3@group-523986131536-StateMachineUpdater: snapshotIndex: updateIncreasingly 60 -> 110
2022-10-18 03:54:10,767 [omNode-3@group-523986131536-StateMachineUpdater] INFO  raftlog.RaftLog (RaftLogBase.java:purge(308)) - omNode-3@group-523986131536-SegmentedRaftLog: purge 110
2022-10-18 03:54:10,767 [omNode-3@group-523986131536-StateMachineUpdater] INFO  raftlog.RaftLog (RaftLogBase.java:lambda$new$0(53)) - omNode-3@group-523986131536-SegmentedRaftLog: snapshotIndex: updateIncreasingly 60 -> 110
2022-10-18 03:54:10,768 [omNode-3@group-523986131536-SegmentedRaftLogWorker] INFO  raftlog.RaftLog (RaftLogBase.java:lambda$new$0(53)) - omNode-3@group-523986131536-SegmentedRaftLog: purgeIndex: updateToMax old=58, new=60, updated? true
2022-10-18 03:54:10,770 [omNode-2-server-thread1] INFO  server.RaftServer$Division (RaftServerImpl.java:checkInconsistentAppendEntries(1424)) - omNode-2@group-523986131536: Failed appendEntries as previous log entry ((t:7, i:111)) is not found
2022-10-18 03:54:10,770 [omNode-2-server-thread1] INFO  server.RaftServer$Division (RaftServerImpl.java:checkInconsistentAppendEntries(1394)) - omNode-2@group-523986131536: inconsistency entries. Reply:omNode-1<-omNode-2#355:FAIL-t7,INCONSISTENCY,nextIndex=59,followerCommit=58
2022-10-18 03:54:10,794 [omNode-2-server-thread1] INFO  server.RaftServer$Division (RaftServerImpl.java:checkInconsistentAppendEntries(1424)) - omNode-2@group-523986131536: Failed appendEntries as previous log entry ((t:7, i:112)) is not found
2022-10-18 03:54:10,794 [omNode-2-server-thread1] INFO  server.RaftServer$Division (RaftServerImpl.java:checkInconsistentAppendEntries(1394)) - omNode-2@group-523986131536: inconsistency entries. Reply:omNode-1<-omNode-2#358:FAIL-t7,INCONSISTENCY,nextIndex=59,followerCommit=58
2022-10-18 03:54:10,802 [omNode-2-server-thread1] INFO  server.RaftServer$Division (RaftServerImpl.java:checkInconsistentAppendEntries(1424)) - omNode-2@group-523986131536: Failed appendEntries as previous log entry ((t:7, i:113)) is not found
2022-10-18 03:54:10,802 [omNode-2-server-thread1] INFO  server.RaftServer$Division (RaftServerImpl.java:checkInconsistentAppendEntries(1394)) - omNode-2@group-523986131536: inconsistency entries. Reply:omNode-1<-omNode-2#360:FAIL-t7,INCONSISTENCY,nextIndex=59,followerCommit=58
2022-10-18 03:54:10,833 [omNode-2-server-thread1] INFO  server.RaftServer$Division (RaftServerImpl.java:checkInconsistentAppendEntries(1424)) - omNode-2@group-523986131536: Failed appendEntries as previous log entry ((t:7, i:114)) is not found
2022-10-18 03:54:10,833 [omNode-2-server-thread1] INFO  server.RaftServer$Division (RaftServerImpl.java:checkInconsistentAppendEntries(1394)) - omNode-2@group-523986131536: inconsistency entries. Reply:omNode-1<-omNode-2#365:FAIL-t7,INCONSISTENCY,nextIndex=59,followerCommit=58
2022-10-18 03:54:10,843 [omNode-2-server-thread1] INFO  server.RaftServer$Division (RaftServerImpl.java:checkInconsistentAppendEntries(1424)) - omNode-2@group-523986131536: Failed appendEntries as previous log entry ((t:7, i:115)) is not found
2022-10-18 03:54:10,843 [omNode-2-server-thread1] INFO  server.RaftServer$Division (RaftServerImpl.java:checkInconsistentAppendEntries(1394)) - omNode-2@group-523986131536: inconsistency entries. Reply:omNode-1<-omNode-2#367:FAIL-t7,INCONSISTENCY,nextIndex=59,followerCommit=58
2022-10-18 03:54:10,857 [omNode-2-server-thread1] INFO  server.RaftServer$Division (RaftServerImpl.java:checkInconsistentAppendEntries(1424)) - omNode-2@group-523986131536: Failed appendEntries as previous log entry ((t:7, i:116)) is not found
2022-10-18 03:54:10,857 [omNode-2-server-thread1] INFO  server.RaftServer$Division (RaftServerImpl.java:checkInconsistentAppendEntries(1394)) - omNode-2@group-523986131536: inconsistency entries. Reply:omNode-1<-omNode-2#369:FAIL-t7,INCONSISTENCY,nextIndex=59,followerCommit=58
2022-10-18 03:54:10,868 [omNode-2-server-thread1] INFO  server.RaftServer$Division (RaftServerImpl.java:checkInconsistentAppendEntries(1424)) - omNode-2@group-523986131536: Failed appendEntries as previous log entry ((t:7, i:117)) is not found
2022-10-18 03:54:10,868 [omNode-2-server-thread1] INFO  server.RaftServer$Division (RaftServerImpl.java:checkInconsistentAppendEntries(1394)) - omNode-2@group-523986131536: inconsistency entries. Reply:omNode-1<-omNode-2#372:FAIL-t7,INCONSISTENCY,nextIndex=59,followerCommit=58
2022-10-18 03:54:10,871 [omNode-2-server-thread1] INFO  server.RaftServer$Division (RaftServerImpl.java:checkInconsistentAppendEntries(1424)) - omNode-2@group-523986131536: Failed appendEntries as previous log entry ((t:7, i:118)) is not found
2022-10-18 03:54:10,871 [omNode-2-server-thread1] INFO  server.RaftServer$Division (RaftServerImpl.java:checkInconsistentAppendEntries(1394)) - omNode-2@group-523986131536: inconsistency entries. Reply:omNode-1<-omNode-2#373:FAIL-t7,INCONSISTENCY,nextIndex=59,followerCommit=58
03:54:10.881 [OM StateMachine ApplyTransaction Thread - 0] ERROR OMAudit - user=runner | ip=127.0.0.1 | op=CREATE_FILE {volume=volume64691, bucket=0e6144c6-bd76-427d-99de-c1a81a345c47, key=folder/folder2, dataSize=23, replicationType=RATIS, replicationFactor=ONE} | ret=FAILURE
org.apache.hadoop.ozone.om.exceptions.OMException: Can not write to directory: folder/folder2
	at org.apache.hadoop.ozone.om.request.file.OMFileCreateRequest.checkDirectoryResult(OMFileCreateRequest.java:364) ~[ozone-manager-1.3.0-SNAPSHOT.jar:?]
	at org.apache.hadoop.ozone.om.request.file.OMFileCreateRequest.validateAndUpdateCache(OMFileCreateRequest.java:240) ~[ozone-manager-1.3.0-SNAPSHOT.jar:?]
	at org.apache.hadoop.ozone.protocolPB.OzoneManagerRequestHandler.handleWriteRequest(OzoneManagerRequestHandler.java:311) ~[ozone-manager-1.3.0-SNAPSHOT.jar:?]
	at org.apache.hadoop.ozone.om.ratis.OzoneManagerStateMachine.runCommand(OzoneManagerStateMachine.java:529) ~[ozone-manager-1.3.0-SNAPSHOT.jar:?]
	at org.apache.hadoop.ozone.om.ratis.OzoneManagerStateMachine.lambda$1(OzoneManagerStateMachine.java:324) ~[ozone-manager-1.3.0-SNAPSHOT.jar:?]
	at java.util.concurrent.CompletableFuture$AsyncSupply.run(CompletableFuture.java:1604) [?:1.8.0_345]
	at java.util.concurrent.ThreadPoolExecutor.runWorker(ThreadPoolExecutor.java:1149) [?:1.8.0_345]
	at java.util.concurrent.ThreadPoolExecutor$Worker.run(ThreadPoolExecutor.java:624) [?:1.8.0_345]
	at java.lang.Thread.run(Thread.java:750) [?:1.8.0_345]
2022-10-18 03:54:10,881 [OM StateMachine ApplyTransaction Thread - 0] ERROR file.OMFileCreateRequest (OMFileCreateRequest.java:validateAndUpdateCache(337)) - File create failed. Volume:volume64691, Bucket:0e6144c6-bd76-427d-99de-c1a81a345c47, Keyfolder/folder2.
NOT_A_FILE org.apache.hadoop.ozone.om.exceptions.OMException: Can not write to directory: folder/folder2
	at org.apache.hadoop.ozone.om.request.file.OMFileCreateRequest.checkDirectoryResult(OMFileCreateRequest.java:364)
	at org.apache.hadoop.ozone.om.request.file.OMFileCreateRequest.validateAndUpdateCache(OMFileCreateRequest.java:240)
	at org.apache.hadoop.ozone.protocolPB.OzoneManagerRequestHandler.handleWriteRequest(OzoneManagerRequestHandler.java:311)
	at org.apache.hadoop.ozone.om.ratis.OzoneManagerStateMachine.runCommand(OzoneManagerStateMachine.java:529)
	at org.apache.hadoop.ozone.om.ratis.OzoneManagerStateMachine.lambda$1(OzoneManagerStateMachine.java:324)
	at java.util.concurrent.CompletableFuture$AsyncSupply.run(CompletableFuture.java:1604)
	at java.util.concurrent.ThreadPoolExecutor.runWorker(ThreadPoolExecutor.java:1149)
	at java.util.concurrent.ThreadPoolExecutor$Worker.run(ThreadPoolExecutor.java:624)
	at java.lang.Thread.run(Thread.java:750)
2022-10-18 03:54:10,883 [omNode-2-server-thread1] INFO  server.RaftServer$Division (RaftServerImpl.java:checkInconsistentAppendEntries(1424)) - omNode-2@group-523986131536: Failed appendEntries as previous log entry ((t:7, i:119)) is not found
2022-10-18 03:54:10,884 [omNode-2-server-thread1] INFO  server.RaftServer$Division (RaftServerImpl.java:checkInconsistentAppendEntries(1394)) - omNode-2@group-523986131536: inconsistency entries. Reply:omNode-1<-omNode-2#376:FAIL-t7,INCONSISTENCY,nextIndex=59,followerCommit=58
03:54:10.888 [OM StateMachine ApplyTransaction Thread - 0] ERROR OMAudit - user=runner | ip=127.0.0.1 | op=CREATE_FILE {volume=volume64691, bucket=0e6144c6-bd76-427d-99de-c1a81a345c47, key=folder/folder2, dataSize=23, replicationType=RATIS, replicationFactor=ONE} | ret=FAILURE
org.apache.hadoop.ozone.om.exceptions.OMException: Can not write to directory: folder/folder2
	at org.apache.hadoop.ozone.om.request.file.OMFileCreateRequest.checkDirectoryResult(OMFileCreateRequest.java:364) ~[ozone-manager-1.3.0-SNAPSHOT.jar:?]
	at org.apache.hadoop.ozone.om.request.file.OMFileCreateRequest.validateAndUpdateCache(OMFileCreateRequest.java:240) ~[ozone-manager-1.3.0-SNAPSHOT.jar:?]
	at org.apache.hadoop.ozone.protocolPB.OzoneManagerRequestHandler.handleWriteRequest(OzoneManagerRequestHandler.java:311) ~[ozone-manager-1.3.0-SNAPSHOT.jar:?]
	at org.apache.hadoop.ozone.om.ratis.OzoneManagerStateMachine.runCommand(OzoneManagerStateMachine.java:529) ~[ozone-manager-1.3.0-SNAPSHOT.jar:?]
	at org.apache.hadoop.ozone.om.ratis.OzoneManagerStateMachine.lambda$1(OzoneManagerStateMachine.java:324) ~[ozone-manager-1.3.0-SNAPSHOT.jar:?]
	at java.util.concurrent.CompletableFuture$AsyncSupply.run(CompletableFuture.java:1604) [?:1.8.0_345]
	at java.util.concurrent.ThreadPoolExecutor.runWorker(ThreadPoolExecutor.java:1149) [?:1.8.0_345]
	at java.util.concurrent.ThreadPoolExecutor$Worker.run(ThreadPoolExecutor.java:624) [?:1.8.0_345]
	at java.lang.Thread.run(Thread.java:750) [?:1.8.0_345]
2022-10-18 03:54:10,888 [OM StateMachine ApplyTransaction Thread - 0] ERROR file.OMFileCreateRequest (OMFileCreateRequest.java:validateAndUpdateCache(337)) - File create failed. Volume:volume64691, Bucket:0e6144c6-bd76-427d-99de-c1a81a345c47, Keyfolder/folder2.
NOT_A_FILE org.apache.hadoop.ozone.om.exceptions.OMException: Can not write to directory: folder/folder2
	at org.apache.hadoop.ozone.om.request.file.OMFileCreateRequest.checkDirectoryResult(OMFileCreateRequest.java:364)
	at org.apache.hadoop.ozone.om.request.file.OMFileCreateRequest.validateAndUpdateCache(OMFileCreateRequest.java:240)
	at org.apache.hadoop.ozone.protocolPB.OzoneManagerRequestHandler.handleWriteRequest(OzoneManagerRequestHandler.java:311)
	at org.apache.hadoop.ozone.om.ratis.OzoneManagerStateMachine.runCommand(OzoneManagerStateMachine.java:529)
	at org.apache.hadoop.ozone.om.ratis.OzoneManagerStateMachine.lambda$1(OzoneManagerStateMachine.java:324)
	at java.util.concurrent.CompletableFuture$AsyncSupply.run(CompletableFuture.java:1604)
	at java.util.concurrent.ThreadPoolExecutor.runWorker(ThreadPoolExecutor.java:1149)
	at java.util.concurrent.ThreadPoolExecutor$Worker.run(ThreadPoolExecutor.java:624)
	at java.lang.Thread.run(Thread.java:750)
2022-10-18 03:54:10,897 [Listener at localhost/37159] INFO  rpc.RpcClient (RpcClient.java:createVolume(471)) - Creating Volume: volume21700, with user72481 as owner and space quota set to -1 bytes, counts quota set to -1
2022-10-18 03:54:10,901 [omNode-2-server-thread1] INFO  server.RaftServer$Division (RaftServerImpl.java:checkInconsistentAppendEntries(1424)) - omNode-2@group-523986131536: Failed appendEntries as previous log entry ((t:7, i:120)) is not found
2022-10-18 03:54:10,901 [omNode-2-server-thread1] INFO  server.RaftServer$Division (RaftServerImpl.java:checkInconsistentAppendEntries(1394)) - omNode-2@group-523986131536: inconsistency entries. Reply:omNode-1<-omNode-2#380:FAIL-t7,INCONSISTENCY,nextIndex=59,followerCommit=58
2022-10-18 03:54:10,909 [OM StateMachine ApplyTransaction Thread - 0] INFO  volume.OMVolumeCreateRequest (OMVolumeCreateRequest.java:validateAndUpdateCache(195)) - created volume:volume21700 for user:user72481
2022-10-18 03:54:10,909 [omNode-2-server-thread1] INFO  server.RaftServer$Division (RaftServerImpl.java:checkInconsistentAppendEntries(1424)) - omNode-2@group-523986131536: Failed appendEntries as previous log entry ((t:7, i:121)) is not found
2022-10-18 03:54:10,909 [omNode-2-server-thread1] INFO  server.RaftServer$Division (RaftServerImpl.java:checkInconsistentAppendEntries(1394)) - omNode-2@group-523986131536: inconsistency entries. Reply:omNode-1<-omNode-2#382:FAIL-t7,INCONSISTENCY,nextIndex=59,followerCommit=58
2022-10-18 03:54:10,912 [Listener at localhost/37159] INFO  rpc.RpcClient (RpcClient.java:createBucket(674)) - Creating Bucket: volume21700/2d0bc3ba-932b-490c-8f52-fd0eb8a65e0c, with server-side default bucket layout, runner as owner, Versioning false, Storage Type set to DISK and Encryption set to false 
2022-10-18 03:54:10,914 [omNode-2-server-thread1] INFO  server.RaftServer$Division (RaftServerImpl.java:checkInconsistentAppendEntries(1424)) - omNode-2@group-523986131536: Failed appendEntries as previous log entry ((t:7, i:122)) is not found
2022-10-18 03:54:10,915 [omNode-2-server-thread1] INFO  server.RaftServer$Division (RaftServerImpl.java:checkInconsistentAppendEntries(1394)) - omNode-2@group-523986131536: inconsistency entries. Reply:omNode-1<-omNode-2#383:FAIL-t7,INCONSISTENCY,nextIndex=59,followerCommit=58
2022-10-18 03:54:10,923 [OM StateMachine ApplyTransaction Thread - 0] INFO  volume.OMVolumeCreateRequest (OMVolumeCreateRequest.java:validateAndUpdateCache(195)) - created volume:volume21700 for user:user72481
2022-10-18 03:54:10,925 [OM StateMachine ApplyTransaction Thread - 0] INFO  bucket.OMBucketCreateRequest (OMBucketCreateRequest.java:validateAndUpdateCache(260)) - created bucket: 2d0bc3ba-932b-490c-8f52-fd0eb8a65e0c of layout LEGACY in volume: volume21700
2022-10-18 03:54:10,926 [omNode-2-server-thread1] INFO  server.RaftServer$Division (RaftServerImpl.java:checkInconsistentAppendEntries(1424)) - omNode-2@group-523986131536: Failed appendEntries as previous log entry ((t:7, i:123)) is not found
2022-10-18 03:54:10,926 [omNode-2-server-thread1] INFO  server.RaftServer$Division (RaftServerImpl.java:checkInconsistentAppendEntries(1394)) - omNode-2@group-523986131536: inconsistency entries. Reply:omNode-1<-omNode-2#385:FAIL-t7,INCONSISTENCY,nextIndex=59,followerCommit=58
2022-10-18 03:54:10,932 [omNode-2-server-thread1] INFO  server.RaftServer$Division (RaftServerImpl.java:checkInconsistentAppendEntries(1424)) - omNode-2@group-523986131536: Failed appendEntries as previous log entry ((t:7, i:124)) is not found
2022-10-18 03:54:10,933 [omNode-2-server-thread1] INFO  server.RaftServer$Division (RaftServerImpl.java:checkInconsistentAppendEntries(1394)) - omNode-2@group-523986131536: inconsistency entries. Reply:omNode-1<-omNode-2#386:FAIL-t7,INCONSISTENCY,nextIndex=59,followerCommit=58
2022-10-18 03:54:10,934 [OM StateMachine ApplyTransaction Thread - 0] INFO  bucket.OMBucketCreateRequest (OMBucketCreateRequest.java:validateAndUpdateCache(260)) - created bucket: 2d0bc3ba-932b-490c-8f52-fd0eb8a65e0c of layout LEGACY in volume: volume21700
2022-10-18 03:54:10,942 [omNode-2-server-thread1] INFO  server.RaftServer$Division (RaftServerImpl.java:checkInconsistentAppendEntries(1424)) - omNode-2@group-523986131536: Failed appendEntries as previous log entry ((t:7, i:125)) is not found
2022-10-18 03:54:10,942 [omNode-2-server-thread1] INFO  server.RaftServer$Division (RaftServerImpl.java:checkInconsistentAppendEntries(1394)) - omNode-2@group-523986131536: inconsistency entries. Reply:omNode-1<-omNode-2#389:FAIL-t7,INCONSISTENCY,nextIndex=59,followerCommit=58
2022-10-18 03:54:10,954 [omNode-2-server-thread1] INFO  server.RaftServer$Division (RaftServerImpl.java:checkInconsistentAppendEntries(1424)) - omNode-2@group-523986131536: Failed appendEntries as previous log entry ((t:7, i:126)) is not found
2022-10-18 03:54:10,955 [omNode-2-server-thread1] INFO  server.RaftServer$Division (RaftServerImpl.java:checkInconsistentAppendEntries(1394)) - omNode-2@group-523986131536: inconsistency entries. Reply:omNode-1<-omNode-2#393:FAIL-t7,INCONSISTENCY,nextIndex=59,followerCommit=58
2022-10-18 03:54:10,960 [omNode-2-server-thread1] INFO  server.RaftServer$Division (RaftServerImpl.java:checkInconsistentAppendEntries(1424)) - omNode-2@group-523986131536: Failed appendEntries as previous log entry ((t:7, i:127)) is not found
2022-10-18 03:54:10,960 [omNode-2-server-thread1] INFO  server.RaftServer$Division (RaftServerImpl.java:checkInconsistentAppendEntries(1394)) - omNode-2@group-523986131536: inconsistency entries. Reply:omNode-1<-omNode-2#395:FAIL-t7,INCONSISTENCY,nextIndex=59,followerCommit=58
2022-10-18 03:54:10,978 [omNode-2-server-thread1] INFO  server.RaftServer$Division (RaftServerImpl.java:checkInconsistentAppendEntries(1424)) - omNode-2@group-523986131536: Failed appendEntries as previous log entry ((t:7, i:128)) is not found
2022-10-18 03:54:10,978 [omNode-2-server-thread1] INFO  server.RaftServer$Division (RaftServerImpl.java:checkInconsistentAppendEntries(1394)) - omNode-2@group-523986131536: inconsistency entries. Reply:omNode-1<-omNode-2#399:FAIL-t7,INCONSISTENCY,nextIndex=59,followerCommit=58
2022-10-18 03:54:10,978 [grpc-default-executor-2] INFO  leader.FollowerInfo (FollowerInfoImpl.java:lambda$new$0(48)) - omNode-1@group-523986131536->omNode-2: nextIndex: updateUnconditionally 130 -> 59
2022-10-18 03:54:10,979 [omNode-1@group-523986131536->omNode-2-GrpcLogAppender-LogAppenderDaemon] INFO  server.GrpcLogAppender (GrpcLogAppender.java:installSnapshot(541)) - omNode-1@group-523986131536->omNode-2-GrpcLogAppender: followerNextIndex = 59 but logStartIndex = 61, notify follower to install snapshot-(t:7, i:61)
2022-10-18 03:54:10,979 [omNode-2-server-thread1] INFO  server.RaftServer$Division (RaftServerImpl.java:checkInconsistentAppendEntries(1424)) - omNode-2@group-523986131536: Failed appendEntries as previous log entry ((t:7, i:128)) is not found
2022-10-18 03:54:10,979 [omNode-1@group-523986131536->omNode-2-GrpcLogAppender-LogAppenderDaemon] INFO  server.GrpcLogAppender (GrpcLogAppender.java:installSnapshot(549)) - omNode-1@group-523986131536->omNode-2-GrpcLogAppender: send omNode-1->omNode-2#0-t7,notify:(t:7, i:61)
2022-10-18 03:54:10,979 [omNode-2-server-thread1] INFO  server.RaftServer$Division (RaftServerImpl.java:checkInconsistentAppendEntries(1394)) - omNode-2@group-523986131536: inconsistency entries. Reply:omNode-1<-omNode-2#400:FAIL-t7,INCONSISTENCY,nextIndex=59,followerCommit=58
2022-10-18 03:54:10,980 [grpc-default-executor-3] INFO  impl.SnapshotInstallationHandler (SnapshotInstallationHandler.java:installSnapshot(84)) - omNode-2@group-523986131536: receive installSnapshot: omNode-1->omNode-2#0-t7,notify:(t:7, i:61)
2022-10-18 03:54:10,986 [grpc-default-executor-3] INFO  impl.SnapshotInstallationHandler (SnapshotInstallationHandler.java:notifyStateMachineToInstallSnapshot(215)) - omNode-2@group-523986131536: Received notification to install snapshot at index 61
2022-10-18 03:54:10,997 [grpc-default-executor-3] INFO  impl.SnapshotInstallationHandler (SnapshotInstallationHandler.java:notifyStateMachineToInstallSnapshot(248)) - omNode-2@group-523986131536: notifyInstallSnapshot: nextIndex is 59 but the leader's first available index is 61.
2022-10-18 03:54:10,997 [grpc-default-executor-3] INFO  ratis.OzoneManagerStateMachine (OzoneManagerStateMachine.java:notifyInstallSnapshotFromLeader(470)) - Received install snapshot notification from OM leader: omNode-1 with term index: (t:7, i:61)
2022-10-18 03:54:11,004 [grpc-default-executor-3] INFO  impl.SnapshotInstallationHandler (SnapshotInstallationHandler.java:installSnapshot(95)) - omNode-2@group-523986131536: reply installSnapshot: omNode-1<-omNode-2#0:FAIL-t7,IN_PROGRESS
2022-10-18 03:54:11,005 [grpc-default-executor-2] INFO  server.GrpcLogAppender (GrpcLogAppender.java:onNext(403)) - omNode-1@group-523986131536->omNode-2-InstallSnapshotResponseHandler: received a reply omNode-1<-omNode-2#0:FAIL-t7,IN_PROGRESS
2022-10-18 03:54:11,005 [grpc-default-executor-2] INFO  server.GrpcLogAppender (GrpcLogAppender.java:onNext(421)) - omNode-1@group-523986131536->omNode-2-InstallSnapshotResponseHandler: InstallSnapshot in progress.
2022-10-18 03:54:11,005 [grpc-default-executor-3] INFO  server.GrpcServerProtocolService (GrpcServerProtocolService.java:onCompleted(140)) - omNode-2: Completed INSTALL_SNAPSHOT, lastRequest: omNode-1->omNode-2#0-t7,notify:(t:7, i:61)
2022-10-18 03:54:11,006 [omNode-1@group-523986131536->omNode-2-GrpcLogAppender-LogAppenderDaemon] INFO  server.GrpcLogAppender (GrpcLogAppender.java:installSnapshot(541)) - omNode-1@group-523986131536->omNode-2-GrpcLogAppender: followerNextIndex = 59 but logStartIndex = 61, notify follower to install snapshot-(t:7, i:61)
2022-10-18 03:54:11,006 [omNode-1@group-523986131536->omNode-2-GrpcLogAppender-LogAppenderDaemon] INFO  server.GrpcLogAppender (GrpcLogAppender.java:installSnapshot(549)) - omNode-1@group-523986131536->omNode-2-GrpcLogAppender: send omNode-1->omNode-2#0-t7,notify:(t:7, i:61)
2022-10-18 03:54:11,008 [omNode-2-server-thread1] INFO  server.RaftServer$Division (RaftServerImpl.java:checkInconsistentAppendEntries(1402)) - omNode-2@group-523986131536: Failed appendEntries as snapshot (61) installation is in progress
2022-10-18 03:54:11,008 [omNode-2-server-thread1] INFO  server.RaftServer$Division (RaftServerImpl.java:checkInconsistentAppendEntries(1394)) - omNode-2@group-523986131536: inconsistency entries. Reply:omNode-1<-omNode-2#401:FAIL-t7,INCONSISTENCY,nextIndex=59,followerCommit=58
2022-10-18 03:54:11,008 [grpc-default-executor-1] INFO  leader.FollowerInfo (FollowerInfoImpl.java:lambda$new$0(48)) - omNode-1@group-523986131536->omNode-2: nextIndex: updateUnconditionally 59 -> 59
2022-10-18 03:54:11,008 [grpc-default-executor-2] INFO  impl.SnapshotInstallationHandler (SnapshotInstallationHandler.java:installSnapshot(84)) - omNode-2@group-523986131536: receive installSnapshot: omNode-1->omNode-2#0-t7,notify:(t:7, i:61)
2022-10-18 03:54:11,009 [grpc-default-executor-2] INFO  impl.SnapshotInstallationHandler (SnapshotInstallationHandler.java:installSnapshot(95)) - omNode-2@group-523986131536: reply installSnapshot: omNode-1<-omNode-2#0:FAIL-t7,IN_PROGRESS
2022-10-18 03:54:11,009 [grpc-default-executor-2] INFO  server.GrpcServerProtocolService (GrpcServerProtocolService.java:onCompleted(140)) - omNode-2: Completed INSTALL_SNAPSHOT, lastRequest: omNode-1->omNode-2#0-t7,notify:(t:7, i:61)
2022-10-18 03:54:11,010 [grpc-default-executor-1] INFO  server.GrpcLogAppender (GrpcLogAppender.java:onNext(403)) - omNode-1@group-523986131536->omNode-2-InstallSnapshotResponseHandler: received a reply omNode-1<-omNode-2#0:FAIL-t7,IN_PROGRESS
2022-10-18 03:54:11,010 [grpc-default-executor-1] INFO  server.GrpcLogAppender (GrpcLogAppender.java:onNext(421)) - omNode-1@group-523986131536->omNode-2-InstallSnapshotResponseHandler: InstallSnapshot in progress.
2022-10-18 03:54:11,010 [omNode-1@group-523986131536->omNode-2-GrpcLogAppender-LogAppenderDaemon] INFO  server.GrpcLogAppender (GrpcLogAppender.java:installSnapshot(541)) - omNode-1@group-523986131536->omNode-2-GrpcLogAppender: followerNextIndex = 59 but logStartIndex = 61, notify follower to install snapshot-(t:7, i:61)
2022-10-18 03:54:11,010 [omNode-1@group-523986131536->omNode-2-GrpcLogAppender-LogAppenderDaemon] INFO  server.GrpcLogAppender (GrpcLogAppender.java:installSnapshot(549)) - omNode-1@group-523986131536->omNode-2-GrpcLogAppender: send omNode-1->omNode-2#0-t7,notify:(t:7, i:61)
2022-10-18 03:54:11,011 [omNode-2-server-thread1] INFO  server.RaftServer$Division (RaftServerImpl.java:checkInconsistentAppendEntries(1402)) - omNode-2@group-523986131536: Failed appendEntries as snapshot (61) installation is in progress
2022-10-18 03:54:11,011 [omNode-2-server-thread1] INFO  server.RaftServer$Division (RaftServerImpl.java:checkInconsistentAppendEntries(1394)) - omNode-2@group-523986131536: inconsistency entries. Reply:omNode-1<-omNode-2#402:FAIL-t7,INCONSISTENCY,nextIndex=59,followerCommit=58
2022-10-18 03:54:11,012 [grpc-default-executor-1] INFO  impl.SnapshotInstallationHandler (SnapshotInstallationHandler.java:installSnapshot(84)) - omNode-2@group-523986131536: receive installSnapshot: omNode-1->omNode-2#0-t7,notify:(t:7, i:61)
2022-10-18 03:54:11,012 [grpc-default-executor-1] INFO  impl.SnapshotInstallationHandler (SnapshotInstallationHandler.java:installSnapshot(95)) - omNode-2@group-523986131536: reply installSnapshot: omNode-1<-omNode-2#0:FAIL-t7,IN_PROGRESS
2022-10-18 03:54:11,012 [grpc-default-executor-1] INFO  server.GrpcServerProtocolService (GrpcServerProtocolService.java:onCompleted(140)) - omNode-2: Completed INSTALL_SNAPSHOT, lastRequest: omNode-1->omNode-2#0-t7,notify:(t:7, i:61)
2022-10-18 03:54:11,003 [pool-366-thread-1] INFO  om.OzoneManager (OzoneManager.java:getDBCheckpointFromLeader(3903)) - Downloading checkpoint from leader OM omNode-1 and reloading state from the checkpoint.
2022-10-18 03:54:11,013 [pool-366-thread-1] INFO  snapshot.OzoneManagerSnapshotProvider (OzoneManagerSnapshotProvider.java:getOzoneManagerDBSnapshot(122)) - Downloading latest checkpoint from Leader OM omNode-1. Checkpoint URL: http://127.0.0.1:41161/dbCheckpoint?flushBeforeCheckpoint=true
2022-10-18 03:54:11,013 [grpc-default-executor-1] INFO  leader.FollowerInfo (FollowerInfoImpl.java:lambda$new$0(48)) - omNode-1@group-523986131536->omNode-2: nextIndex: updateUnconditionally 59 -> 59
2022-10-18 03:54:11,013 [grpc-default-executor-1] INFO  server.GrpcLogAppender (GrpcLogAppender.java:onNext(403)) - omNode-1@group-523986131536->omNode-2-InstallSnapshotResponseHandler: received a reply omNode-1<-omNode-2#0:FAIL-t7,IN_PROGRESS
2022-10-18 03:54:11,013 [grpc-default-executor-1] INFO  server.GrpcLogAppender (GrpcLogAppender.java:onNext(421)) - omNode-1@group-523986131536->omNode-2-InstallSnapshotResponseHandler: InstallSnapshot in progress.
2022-10-18 03:54:11,014 [omNode-1@group-523986131536->omNode-2-GrpcLogAppender-LogAppenderDaemon] INFO  server.GrpcLogAppender (GrpcLogAppender.java:installSnapshot(541)) - omNode-1@group-523986131536->omNode-2-GrpcLogAppender: followerNextIndex = 59 but logStartIndex = 61, notify follower to install snapshot-(t:7, i:61)
2022-10-18 03:54:11,014 [omNode-1@group-523986131536->omNode-2-GrpcLogAppender-LogAppenderDaemon] INFO  server.GrpcLogAppender (GrpcLogAppender.java:installSnapshot(549)) - omNode-1@group-523986131536->omNode-2-GrpcLogAppender: send omNode-1->omNode-2#0-t7,notify:(t:7, i:61)
2022-10-18 03:54:11,015 [omNode-2-server-thread1] INFO  server.RaftServer$Division (RaftServerImpl.java:checkInconsistentAppendEntries(1402)) - omNode-2@group-523986131536: Failed appendEntries as snapshot (61) installation is in progress
2022-10-18 03:54:11,015 [omNode-2-server-thread1] INFO  server.RaftServer$Division (RaftServerImpl.java:checkInconsistentAppendEntries(1394)) - omNode-2@group-523986131536: inconsistency entries. Reply:omNode-1<-omNode-2#403:FAIL-t7,INCONSISTENCY,nextIndex=59,followerCommit=58
2022-10-18 03:54:11,016 [grpc-default-executor-1] INFO  impl.SnapshotInstallationHandler (SnapshotInstallationHandler.java:installSnapshot(84)) - omNode-2@group-523986131536: receive installSnapshot: omNode-1->omNode-2#0-t7,notify:(t:7, i:61)
2022-10-18 03:54:11,016 [grpc-default-executor-1] INFO  impl.SnapshotInstallationHandler (SnapshotInstallationHandler.java:installSnapshot(95)) - omNode-2@group-523986131536: reply installSnapshot: omNode-1<-omNode-2#0:FAIL-t7,IN_PROGRESS
2022-10-18 03:54:11,016 [grpc-default-executor-1] INFO  server.GrpcServerProtocolService (GrpcServerProtocolService.java:onCompleted(140)) - omNode-2: Completed INSTALL_SNAPSHOT, lastRequest: omNode-1->omNode-2#0-t7,notify:(t:7, i:61)
2022-10-18 03:54:11,017 [grpc-default-executor-1] INFO  leader.FollowerInfo (FollowerInfoImpl.java:lambda$new$0(48)) - omNode-1@group-523986131536->omNode-2: nextIndex: updateUnconditionally 59 -> 59
2022-10-18 03:54:11,017 [grpc-default-executor-1] INFO  server.GrpcLogAppender (GrpcLogAppender.java:onNext(403)) - omNode-1@group-523986131536->omNode-2-InstallSnapshotResponseHandler: received a reply omNode-1<-omNode-2#0:FAIL-t7,IN_PROGRESS
2022-10-18 03:54:11,017 [grpc-default-executor-1] INFO  server.GrpcLogAppender (GrpcLogAppender.java:onNext(421)) - omNode-1@group-523986131536->omNode-2-InstallSnapshotResponseHandler: InstallSnapshot in progress.
2022-10-18 03:54:11,017 [omNode-1@group-523986131536->omNode-2-GrpcLogAppender-LogAppenderDaemon] INFO  server.GrpcLogAppender (GrpcLogAppender.java:installSnapshot(541)) - omNode-1@group-523986131536->omNode-2-GrpcLogAppender: followerNextIndex = 59 but logStartIndex = 61, notify follower to install snapshot-(t:7, i:61)
2022-10-18 03:54:11,017 [omNode-1@group-523986131536->omNode-2-GrpcLogAppender-LogAppenderDaemon] INFO  server.GrpcLogAppender (GrpcLogAppender.java:installSnapshot(549)) - omNode-1@group-523986131536->omNode-2-GrpcLogAppender: send omNode-1->omNode-2#0-t7,notify:(t:7, i:61)
2022-10-18 03:54:11,027 [omNode-2-server-thread1] INFO  server.RaftServer$Division (RaftServerImpl.java:checkInconsistentAppendEntries(1402)) - omNode-2@group-523986131536: Failed appendEntries as snapshot (61) installation is in progress
2022-10-18 03:54:11,027 [omNode-2-server-thread1] INFO  server.RaftServer$Division (RaftServerImpl.java:checkInconsistentAppendEntries(1394)) - omNode-2@group-523986131536: inconsistency entries. Reply:omNode-1<-omNode-2#404:FAIL-t7,INCONSISTENCY,nextIndex=59,followerCommit=58
2022-10-18 03:54:11,027 [grpc-default-executor-1] INFO  impl.SnapshotInstallationHandler (SnapshotInstallationHandler.java:installSnapshot(84)) - omNode-2@group-523986131536: receive installSnapshot: omNode-1->omNode-2#0-t7,notify:(t:7, i:61)
2022-10-18 03:54:11,028 [grpc-default-executor-1] INFO  impl.SnapshotInstallationHandler (SnapshotInstallationHandler.java:installSnapshot(95)) - omNode-2@group-523986131536: reply installSnapshot: omNode-1<-omNode-2#0:FAIL-t7,IN_PROGRESS
2022-10-18 03:54:11,028 [grpc-default-executor-1] INFO  server.GrpcServerProtocolService (GrpcServerProtocolService.java:onCompleted(140)) - omNode-2: Completed INSTALL_SNAPSHOT, lastRequest: omNode-1->omNode-2#0-t7,notify:(t:7, i:61)
2022-10-18 03:54:11,028 [grpc-default-executor-0] INFO  server.GrpcLogAppender (GrpcLogAppender.java:onNext(403)) - omNode-1@group-523986131536->omNode-2-InstallSnapshotResponseHandler: received a reply omNode-1<-omNode-2#0:FAIL-t7,IN_PROGRESS
2022-10-18 03:54:11,028 [grpc-default-executor-0] INFO  server.GrpcLogAppender (GrpcLogAppender.java:onNext(421)) - omNode-1@group-523986131536->omNode-2-InstallSnapshotResponseHandler: InstallSnapshot in progress.
2022-10-18 03:54:11,029 [omNode-1@group-523986131536->omNode-2-GrpcLogAppender-LogAppenderDaemon] INFO  server.GrpcLogAppender (GrpcLogAppender.java:installSnapshot(541)) - omNode-1@group-523986131536->omNode-2-GrpcLogAppender: followerNextIndex = 59 but logStartIndex = 61, notify follower to install snapshot-(t:7, i:61)
2022-10-18 03:54:11,029 [omNode-1@group-523986131536->omNode-2-GrpcLogAppender-LogAppenderDaemon] INFO  server.GrpcLogAppender (GrpcLogAppender.java:installSnapshot(549)) - omNode-1@group-523986131536->omNode-2-GrpcLogAppender: send omNode-1->omNode-2#0-t7,notify:(t:7, i:61)
2022-10-18 03:54:11,029 [omNode-2-server-thread1] INFO  server.RaftServer$Division (RaftServerImpl.java:checkInconsistentAppendEntries(1402)) - omNode-2@group-523986131536: Failed appendEntries as snapshot (61) installation is in progress
2022-10-18 03:54:11,030 [omNode-2-server-thread1] INFO  server.RaftServer$Division (RaftServerImpl.java:checkInconsistentAppendEntries(1394)) - omNode-2@group-523986131536: inconsistency entries. Reply:omNode-1<-omNode-2#405:FAIL-t7,INCONSISTENCY,nextIndex=59,followerCommit=58
2022-10-18 03:54:11,030 [grpc-default-executor-1] INFO  leader.FollowerInfo (FollowerInfoImpl.java:lambda$new$0(48)) - omNode-1@group-523986131536->omNode-2: nextIndex: updateUnconditionally 59 -> 59
2022-10-18 03:54:11,030 [grpc-default-executor-1] INFO  impl.SnapshotInstallationHandler (SnapshotInstallationHandler.java:installSnapshot(84)) - omNode-2@group-523986131536: receive installSnapshot: omNode-1->omNode-2#0-t7,notify:(t:7, i:61)
2022-10-18 03:54:11,030 [grpc-default-executor-1] INFO  impl.SnapshotInstallationHandler (SnapshotInstallationHandler.java:installSnapshot(95)) - omNode-2@group-523986131536: reply installSnapshot: omNode-1<-omNode-2#0:FAIL-t7,IN_PROGRESS
2022-10-18 03:54:11,030 [grpc-default-executor-1] INFO  server.GrpcServerProtocolService (GrpcServerProtocolService.java:onCompleted(140)) - omNode-2: Completed INSTALL_SNAPSHOT, lastRequest: omNode-1->omNode-2#0-t7,notify:(t:7, i:61)
2022-10-18 03:54:11,031 [grpc-default-executor-1] INFO  leader.FollowerInfo (FollowerInfoImpl.java:lambda$new$0(48)) - omNode-1@group-523986131536->omNode-2: nextIndex: updateUnconditionally 59 -> 59
2022-10-18 03:54:11,031 [grpc-default-executor-1] INFO  server.GrpcLogAppender (GrpcLogAppender.java:onNext(403)) - omNode-1@group-523986131536->omNode-2-InstallSnapshotResponseHandler: received a reply omNode-1<-omNode-2#0:FAIL-t7,IN_PROGRESS
2022-10-18 03:54:11,031 [grpc-default-executor-1] INFO  server.GrpcLogAppender (GrpcLogAppender.java:onNext(421)) - omNode-1@group-523986131536->omNode-2-InstallSnapshotResponseHandler: InstallSnapshot in progress.
2022-10-18 03:54:11,032 [omNode-1@group-523986131536->omNode-2-GrpcLogAppender-LogAppenderDaemon] INFO  server.GrpcLogAppender (GrpcLogAppender.java:installSnapshot(541)) - omNode-1@group-523986131536->omNode-2-GrpcLogAppender: followerNextIndex = 59 but logStartIndex = 61, notify follower to install snapshot-(t:7, i:61)
2022-10-18 03:54:11,032 [omNode-1@group-523986131536->omNode-2-GrpcLogAppender-LogAppenderDaemon] INFO  server.GrpcLogAppender (GrpcLogAppender.java:installSnapshot(549)) - omNode-1@group-523986131536->omNode-2-GrpcLogAppender: send omNode-1->omNode-2#0-t7,notify:(t:7, i:61)
2022-10-18 03:54:11,035 [omNode-2-server-thread1] INFO  server.RaftServer$Division (RaftServerImpl.java:checkInconsistentAppendEntries(1402)) - omNode-2@group-523986131536: Failed appendEntries as snapshot (61) installation is in progress
2022-10-18 03:54:11,035 [omNode-2-server-thread1] INFO  server.RaftServer$Division (RaftServerImpl.java:checkInconsistentAppendEntries(1394)) - omNode-2@group-523986131536: inconsistency entries. Reply:omNode-1<-omNode-2#406:FAIL-t7,INCONSISTENCY,nextIndex=59,followerCommit=58
2022-10-18 03:54:11,035 [grpc-default-executor-2] INFO  impl.SnapshotInstallationHandler (SnapshotInstallationHandler.java:installSnapshot(84)) - omNode-2@group-523986131536: receive installSnapshot: omNode-1->omNode-2#0-t7,notify:(t:7, i:61)
2022-10-18 03:54:11,035 [grpc-default-executor-2] INFO  impl.SnapshotInstallationHandler (SnapshotInstallationHandler.java:installSnapshot(95)) - omNode-2@group-523986131536: reply installSnapshot: omNode-1<-omNode-2#0:FAIL-t7,IN_PROGRESS
2022-10-18 03:54:11,035 [grpc-default-executor-2] INFO  server.GrpcServerProtocolService (GrpcServerProtocolService.java:onCompleted(140)) - omNode-2: Completed INSTALL_SNAPSHOT, lastRequest: omNode-1->omNode-2#0-t7,notify:(t:7, i:61)
2022-10-18 03:54:11,036 [grpc-default-executor-1] INFO  server.GrpcLogAppender (GrpcLogAppender.java:onNext(403)) - omNode-1@group-523986131536->omNode-2-InstallSnapshotResponseHandler: received a reply omNode-1<-omNode-2#0:FAIL-t7,IN_PROGRESS
2022-10-18 03:54:11,036 [grpc-default-executor-1] INFO  server.GrpcLogAppender (GrpcLogAppender.java:onNext(421)) - omNode-1@group-523986131536->omNode-2-InstallSnapshotResponseHandler: InstallSnapshot in progress.
2022-10-18 03:54:11,036 [omNode-1@group-523986131536->omNode-2-GrpcLogAppender-LogAppenderDaemon] INFO  server.GrpcLogAppender (GrpcLogAppender.java:installSnapshot(541)) - omNode-1@group-523986131536->omNode-2-GrpcLogAppender: followerNextIndex = 59 but logStartIndex = 61, notify follower to install snapshot-(t:7, i:61)
2022-10-18 03:54:11,036 [omNode-1@group-523986131536->omNode-2-GrpcLogAppender-LogAppenderDaemon] INFO  server.GrpcLogAppender (GrpcLogAppender.java:installSnapshot(549)) - omNode-1@group-523986131536->omNode-2-GrpcLogAppender: send omNode-1->omNode-2#0-t7,notify:(t:7, i:61)
2022-10-18 03:54:11,037 [grpc-default-executor-1] INFO  leader.FollowerInfo (FollowerInfoImpl.java:lambda$new$0(48)) - omNode-1@group-523986131536->omNode-2: nextIndex: updateUnconditionally 59 -> 59
2022-10-18 03:54:11,040 [omNode-2-server-thread1] INFO  server.RaftServer$Division (RaftServerImpl.java:checkInconsistentAppendEntries(1402)) - omNode-2@group-523986131536: Failed appendEntries as snapshot (61) installation is in progress
2022-10-18 03:54:11,040 [omNode-2-server-thread1] INFO  server.RaftServer$Division (RaftServerImpl.java:checkInconsistentAppendEntries(1394)) - omNode-2@group-523986131536: inconsistency entries. Reply:omNode-1<-omNode-2#407:FAIL-t7,INCONSISTENCY,nextIndex=59,followerCommit=58
2022-10-18 03:54:11,041 [grpc-default-executor-2] INFO  leader.FollowerInfo (FollowerInfoImpl.java:lambda$new$0(48)) - omNode-1@group-523986131536->omNode-2: nextIndex: updateUnconditionally 59 -> 59
2022-10-18 03:54:11,041 [grpc-default-executor-1] INFO  impl.SnapshotInstallationHandler (SnapshotInstallationHandler.java:installSnapshot(84)) - omNode-2@group-523986131536: receive installSnapshot: omNode-1->omNode-2#0-t7,notify:(t:7, i:61)
2022-10-18 03:54:11,041 [grpc-default-executor-1] INFO  impl.SnapshotInstallationHandler (SnapshotInstallationHandler.java:installSnapshot(95)) - omNode-2@group-523986131536: reply installSnapshot: omNode-1<-omNode-2#0:FAIL-t7,IN_PROGRESS
2022-10-18 03:54:11,042 [grpc-default-executor-1] INFO  server.GrpcServerProtocolService (GrpcServerProtocolService.java:onCompleted(140)) - omNode-2: Completed INSTALL_SNAPSHOT, lastRequest: omNode-1->omNode-2#0-t7,notify:(t:7, i:61)
2022-10-18 03:54:11,044 [grpc-default-executor-1] INFO  server.GrpcLogAppender (GrpcLogAppender.java:onNext(403)) - omNode-1@group-523986131536->omNode-2-InstallSnapshotResponseHandler: received a reply omNode-1<-omNode-2#0:FAIL-t7,IN_PROGRESS
2022-10-18 03:54:11,044 [grpc-default-executor-1] INFO  server.GrpcLogAppender (GrpcLogAppender.java:onNext(421)) - omNode-1@group-523986131536->omNode-2-InstallSnapshotResponseHandler: InstallSnapshot in progress.
2022-10-18 03:54:11,045 [omNode-1@group-523986131536->omNode-2-GrpcLogAppender-LogAppenderDaemon] INFO  server.GrpcLogAppender (GrpcLogAppender.java:installSnapshot(541)) - omNode-1@group-523986131536->omNode-2-GrpcLogAppender: followerNextIndex = 59 but logStartIndex = 61, notify follower to install snapshot-(t:7, i:61)
2022-10-18 03:54:11,045 [omNode-1@group-523986131536->omNode-2-GrpcLogAppender-LogAppenderDaemon] INFO  server.GrpcLogAppender (GrpcLogAppender.java:installSnapshot(549)) - omNode-1@group-523986131536->omNode-2-GrpcLogAppender: send omNode-1->omNode-2#0-t7,notify:(t:7, i:61)
2022-10-18 03:54:11,045 [omNode-2-server-thread1] INFO  server.RaftServer$Division (RaftServerImpl.java:checkInconsistentAppendEntries(1402)) - omNode-2@group-523986131536: Failed appendEntries as snapshot (61) installation is in progress
2022-10-18 03:54:11,045 [omNode-2-server-thread1] INFO  server.RaftServer$Division (RaftServerImpl.java:checkInconsistentAppendEntries(1394)) - omNode-2@group-523986131536: inconsistency entries. Reply:omNode-1<-omNode-2#408:FAIL-t7,INCONSISTENCY,nextIndex=59,followerCommit=58
2022-10-18 03:54:11,050 [grpc-default-executor-3] INFO  leader.FollowerInfo (FollowerInfoImpl.java:lambda$new$0(48)) - omNode-1@group-523986131536->omNode-2: nextIndex: updateUnconditionally 59 -> 59
2022-10-18 03:54:11,050 [grpc-default-executor-3] INFO  impl.SnapshotInstallationHandler (SnapshotInstallationHandler.java:installSnapshot(84)) - omNode-2@group-523986131536: receive installSnapshot: omNode-1->omNode-2#0-t7,notify:(t:7, i:61)
2022-10-18 03:54:11,051 [grpc-default-executor-3] INFO  impl.SnapshotInstallationHandler (SnapshotInstallationHandler.java:installSnapshot(95)) - omNode-2@group-523986131536: reply installSnapshot: omNode-1<-omNode-2#0:FAIL-t7,IN_PROGRESS
2022-10-18 03:54:11,051 [grpc-default-executor-3] INFO  server.GrpcServerProtocolService (GrpcServerProtocolService.java:onCompleted(140)) - omNode-2: Completed INSTALL_SNAPSHOT, lastRequest: omNode-1->omNode-2#0-t7,notify:(t:7, i:61)
2022-10-18 03:54:11,052 [grpc-default-executor-3] INFO  server.GrpcLogAppender (GrpcLogAppender.java:onNext(403)) - omNode-1@group-523986131536->omNode-2-InstallSnapshotResponseHandler: received a reply omNode-1<-omNode-2#0:FAIL-t7,IN_PROGRESS
2022-10-18 03:54:11,052 [grpc-default-executor-3] INFO  server.GrpcLogAppender (GrpcLogAppender.java:onNext(421)) - omNode-1@group-523986131536->omNode-2-InstallSnapshotResponseHandler: InstallSnapshot in progress.
2022-10-18 03:54:11,055 [omNode-1@group-523986131536->omNode-2-GrpcLogAppender-LogAppenderDaemon] INFO  server.GrpcLogAppender (GrpcLogAppender.java:installSnapshot(541)) - omNode-1@group-523986131536->omNode-2-GrpcLogAppender: followerNextIndex = 59 but logStartIndex = 61, notify follower to install snapshot-(t:7, i:61)
2022-10-18 03:54:11,055 [omNode-1@group-523986131536->omNode-2-GrpcLogAppender-LogAppenderDaemon] INFO  server.GrpcLogAppender (GrpcLogAppender.java:installSnapshot(549)) - omNode-1@group-523986131536->omNode-2-GrpcLogAppender: send omNode-1->omNode-2#0-t7,notify:(t:7, i:61)
2022-10-18 03:54:11,057 [omNode-2-server-thread1] INFO  server.RaftServer$Division (RaftServerImpl.java:checkInconsistentAppendEntries(1402)) - omNode-2@group-523986131536: Failed appendEntries as snapshot (61) installation is in progress
2022-10-18 03:54:11,057 [omNode-2-server-thread1] INFO  server.RaftServer$Division (RaftServerImpl.java:checkInconsistentAppendEntries(1394)) - omNode-2@group-523986131536: inconsistency entries. Reply:omNode-1<-omNode-2#409:FAIL-t7,INCONSISTENCY,nextIndex=59,followerCommit=58
2022-10-18 03:54:11,058 [grpc-default-executor-3] INFO  impl.SnapshotInstallationHandler (SnapshotInstallationHandler.java:installSnapshot(84)) - omNode-2@group-523986131536: receive installSnapshot: omNode-1->omNode-2#0-t7,notify:(t:7, i:61)
2022-10-18 03:54:11,059 [grpc-default-executor-3] INFO  impl.SnapshotInstallationHandler (SnapshotInstallationHandler.java:installSnapshot(95)) - omNode-2@group-523986131536: reply installSnapshot: omNode-1<-omNode-2#0:FAIL-t7,IN_PROGRESS
2022-10-18 03:54:11,060 [grpc-default-executor-3] INFO  server.GrpcServerProtocolService (GrpcServerProtocolService.java:onCompleted(140)) - omNode-2: Completed INSTALL_SNAPSHOT, lastRequest: omNode-1->omNode-2#0-t7,notify:(t:7, i:61)
2022-10-18 03:54:11,062 [grpc-default-executor-1] INFO  server.GrpcLogAppender (GrpcLogAppender.java:onNext(403)) - omNode-1@group-523986131536->omNode-2-InstallSnapshotResponseHandler: received a reply omNode-1<-omNode-2#0:FAIL-t7,IN_PROGRESS
2022-10-18 03:54:11,062 [grpc-default-executor-1] INFO  server.GrpcLogAppender (GrpcLogAppender.java:onNext(421)) - omNode-1@group-523986131536->omNode-2-InstallSnapshotResponseHandler: InstallSnapshot in progress.
2022-10-18 03:54:11,063 [grpc-default-executor-2] INFO  leader.FollowerInfo (FollowerInfoImpl.java:lambda$new$0(48)) - omNode-1@group-523986131536->omNode-2: nextIndex: updateUnconditionally 59 -> 59
2022-10-18 03:54:11,063 [omNode-1@group-523986131536->omNode-2-GrpcLogAppender-LogAppenderDaemon] INFO  server.GrpcLogAppender (GrpcLogAppender.java:installSnapshot(541)) - omNode-1@group-523986131536->omNode-2-GrpcLogAppender: followerNextIndex = 59 but logStartIndex = 61, notify follower to install snapshot-(t:7, i:61)
2022-10-18 03:54:11,063 [omNode-1@group-523986131536->omNode-2-GrpcLogAppender-LogAppenderDaemon] INFO  server.GrpcLogAppender (GrpcLogAppender.java:installSnapshot(549)) - omNode-1@group-523986131536->omNode-2-GrpcLogAppender: send omNode-1->omNode-2#0-t7,notify:(t:7, i:61)
2022-10-18 03:54:11,068 [omNode-2-server-thread1] INFO  server.RaftServer$Division (RaftServerImpl.java:checkInconsistentAppendEntries(1402)) - omNode-2@group-523986131536: Failed appendEntries as snapshot (61) installation is in progress
2022-10-18 03:54:11,068 [omNode-2-server-thread1] INFO  server.RaftServer$Division (RaftServerImpl.java:checkInconsistentAppendEntries(1394)) - omNode-2@group-523986131536: inconsistency entries. Reply:omNode-1<-omNode-2#410:FAIL-t7,INCONSISTENCY,nextIndex=59,followerCommit=58
2022-10-18 03:54:11,069 [grpc-default-executor-0] INFO  leader.FollowerInfo (FollowerInfoImpl.java:lambda$new$0(48)) - omNode-1@group-523986131536->omNode-2: nextIndex: updateUnconditionally 59 -> 59
2022-10-18 03:54:11,069 [grpc-default-executor-0] INFO  impl.SnapshotInstallationHandler (SnapshotInstallationHandler.java:installSnapshot(84)) - omNode-2@group-523986131536: receive installSnapshot: omNode-1->omNode-2#0-t7,notify:(t:7, i:61)
2022-10-18 03:54:11,069 [grpc-default-executor-0] INFO  impl.SnapshotInstallationHandler (SnapshotInstallationHandler.java:installSnapshot(95)) - omNode-2@group-523986131536: reply installSnapshot: omNode-1<-omNode-2#0:FAIL-t7,IN_PROGRESS
2022-10-18 03:54:11,069 [grpc-default-executor-0] INFO  server.GrpcServerProtocolService (GrpcServerProtocolService.java:onCompleted(140)) - omNode-2: Completed INSTALL_SNAPSHOT, lastRequest: omNode-1->omNode-2#0-t7,notify:(t:7, i:61)
2022-10-18 03:54:11,072 [grpc-default-executor-0] INFO  server.GrpcLogAppender (GrpcLogAppender.java:onNext(403)) - omNode-1@group-523986131536->omNode-2-InstallSnapshotResponseHandler: received a reply omNode-1<-omNode-2#0:FAIL-t7,IN_PROGRESS
2022-10-18 03:54:11,072 [grpc-default-executor-0] INFO  server.GrpcLogAppender (GrpcLogAppender.java:onNext(421)) - omNode-1@group-523986131536->omNode-2-InstallSnapshotResponseHandler: InstallSnapshot in progress.
2022-10-18 03:54:11,072 [omNode-1@group-523986131536->omNode-2-GrpcLogAppender-LogAppenderDaemon] INFO  server.GrpcLogAppender (GrpcLogAppender.java:installSnapshot(541)) - omNode-1@group-523986131536->omNode-2-GrpcLogAppender: followerNextIndex = 59 but logStartIndex = 61, notify follower to install snapshot-(t:7, i:61)
2022-10-18 03:54:11,072 [omNode-1@group-523986131536->omNode-2-GrpcLogAppender-LogAppenderDaemon] INFO  server.GrpcLogAppender (GrpcLogAppender.java:installSnapshot(549)) - omNode-1@group-523986131536->omNode-2-GrpcLogAppender: send omNode-1->omNode-2#0-t7,notify:(t:7, i:61)
2022-10-18 03:54:11,074 [omNode-2-server-thread1] INFO  server.RaftServer$Division (RaftServerImpl.java:checkInconsistentAppendEntries(1402)) - omNode-2@group-523986131536: Failed appendEntries as snapshot (61) installation is in progress
2022-10-18 03:54:11,074 [omNode-2-server-thread1] INFO  server.RaftServer$Division (RaftServerImpl.java:checkInconsistentAppendEntries(1394)) - omNode-2@group-523986131536: inconsistency entries. Reply:omNode-1<-omNode-2#411:FAIL-t7,INCONSISTENCY,nextIndex=59,followerCommit=58
2022-10-18 03:54:11,074 [grpc-default-executor-1] INFO  impl.SnapshotInstallationHandler (SnapshotInstallationHandler.java:installSnapshot(84)) - omNode-2@group-523986131536: receive installSnapshot: omNode-1->omNode-2#0-t7,notify:(t:7, i:61)
2022-10-18 03:54:11,074 [grpc-default-executor-1] INFO  impl.SnapshotInstallationHandler (SnapshotInstallationHandler.java:installSnapshot(95)) - omNode-2@group-523986131536: reply installSnapshot: omNode-1<-omNode-2#0:FAIL-t7,IN_PROGRESS
2022-10-18 03:54:11,074 [grpc-default-executor-1] INFO  server.GrpcServerProtocolService (GrpcServerProtocolService.java:onCompleted(140)) - omNode-2: Completed INSTALL_SNAPSHOT, lastRequest: omNode-1->omNode-2#0-t7,notify:(t:7, i:61)
2022-10-18 03:54:11,075 [grpc-default-executor-2] INFO  leader.FollowerInfo (FollowerInfoImpl.java:lambda$new$0(48)) - omNode-1@group-523986131536->omNode-2: nextIndex: updateUnconditionally 59 -> 59
2022-10-18 03:54:11,100 [grpc-default-executor-2] INFO  server.GrpcLogAppender (GrpcLogAppender.java:onNext(403)) - omNode-1@group-523986131536->omNode-2-InstallSnapshotResponseHandler: received a reply omNode-1<-omNode-2#0:FAIL-t7,IN_PROGRESS
2022-10-18 03:54:11,100 [grpc-default-executor-2] INFO  server.GrpcLogAppender (GrpcLogAppender.java:onNext(421)) - omNode-1@group-523986131536->omNode-2-InstallSnapshotResponseHandler: InstallSnapshot in progress.
2022-10-18 03:54:11,100 [omNode-1@group-523986131536->omNode-2-GrpcLogAppender-LogAppenderDaemon] INFO  server.GrpcLogAppender (GrpcLogAppender.java:installSnapshot(541)) - omNode-1@group-523986131536->omNode-2-GrpcLogAppender: followerNextIndex = 59 but logStartIndex = 61, notify follower to install snapshot-(t:7, i:61)
2022-10-18 03:54:11,101 [omNode-1@group-523986131536->omNode-2-GrpcLogAppender-LogAppenderDaemon] INFO  server.GrpcLogAppender (GrpcLogAppender.java:installSnapshot(549)) - omNode-1@group-523986131536->omNode-2-GrpcLogAppender: send omNode-1->omNode-2#0-t7,notify:(t:7, i:61)
2022-10-18 03:54:11,103 [omNode-2-server-thread1] INFO  server.RaftServer$Division (RaftServerImpl.java:checkInconsistentAppendEntries(1402)) - omNode-2@group-523986131536: Failed appendEntries as snapshot (61) installation is in progress
2022-10-18 03:54:11,103 [grpc-default-executor-0] INFO  impl.SnapshotInstallationHandler (SnapshotInstallationHandler.java:installSnapshot(84)) - omNode-2@group-523986131536: receive installSnapshot: omNode-1->omNode-2#0-t7,notify:(t:7, i:61)
2022-10-18 03:54:11,103 [omNode-2-server-thread1] INFO  server.RaftServer$Division (RaftServerImpl.java:checkInconsistentAppendEntries(1394)) - omNode-2@group-523986131536: inconsistency entries. Reply:omNode-1<-omNode-2#412:FAIL-t7,INCONSISTENCY,nextIndex=59,followerCommit=58
2022-10-18 03:54:11,103 [grpc-default-executor-0] INFO  impl.SnapshotInstallationHandler (SnapshotInstallationHandler.java:installSnapshot(95)) - omNode-2@group-523986131536: reply installSnapshot: omNode-1<-omNode-2#0:FAIL-t7,IN_PROGRESS
2022-10-18 03:54:11,103 [grpc-default-executor-0] INFO  server.GrpcServerProtocolService (GrpcServerProtocolService.java:onCompleted(140)) - omNode-2: Completed INSTALL_SNAPSHOT, lastRequest: omNode-1->omNode-2#0-t7,notify:(t:7, i:61)
2022-10-18 03:54:11,109 [grpc-default-executor-0] INFO  leader.FollowerInfo (FollowerInfoImpl.java:lambda$new$0(48)) - omNode-1@group-523986131536->omNode-2: nextIndex: updateUnconditionally 59 -> 59
2022-10-18 03:54:11,109 [grpc-default-executor-1] INFO  server.GrpcLogAppender (GrpcLogAppender.java:onNext(403)) - omNode-1@group-523986131536->omNode-2-InstallSnapshotResponseHandler: received a reply omNode-1<-omNode-2#0:FAIL-t7,IN_PROGRESS
2022-10-18 03:54:11,110 [grpc-default-executor-1] INFO  server.GrpcLogAppender (GrpcLogAppender.java:onNext(421)) - omNode-1@group-523986131536->omNode-2-InstallSnapshotResponseHandler: InstallSnapshot in progress.
2022-10-18 03:54:11,110 [omNode-1@group-523986131536->omNode-2-GrpcLogAppender-LogAppenderDaemon] INFO  server.GrpcLogAppender (GrpcLogAppender.java:installSnapshot(541)) - omNode-1@group-523986131536->omNode-2-GrpcLogAppender: followerNextIndex = 59 but logStartIndex = 61, notify follower to install snapshot-(t:7, i:61)
2022-10-18 03:54:11,110 [omNode-1@group-523986131536->omNode-2-GrpcLogAppender-LogAppenderDaemon] INFO  server.GrpcLogAppender (GrpcLogAppender.java:installSnapshot(549)) - omNode-1@group-523986131536->omNode-2-GrpcLogAppender: send omNode-1->omNode-2#0-t7,notify:(t:7, i:61)
2022-10-18 03:54:11,113 [omNode-2-server-thread1] INFO  server.RaftServer$Division (RaftServerImpl.java:checkInconsistentAppendEntries(1402)) - omNode-2@group-523986131536: Failed appendEntries as snapshot (61) installation is in progress
2022-10-18 03:54:11,113 [grpc-default-executor-2] INFO  impl.SnapshotInstallationHandler (SnapshotInstallationHandler.java:installSnapshot(84)) - omNode-2@group-523986131536: receive installSnapshot: omNode-1->omNode-2#0-t7,notify:(t:7, i:61)
2022-10-18 03:54:11,113 [omNode-2-server-thread1] INFO  server.RaftServer$Division (RaftServerImpl.java:checkInconsistentAppendEntries(1394)) - omNode-2@group-523986131536: inconsistency entries. Reply:omNode-1<-omNode-2#413:FAIL-t7,INCONSISTENCY,nextIndex=59,followerCommit=58
2022-10-18 03:54:11,114 [grpc-default-executor-2] INFO  impl.SnapshotInstallationHandler (SnapshotInstallationHandler.java:installSnapshot(95)) - omNode-2@group-523986131536: reply installSnapshot: omNode-1<-omNode-2#0:FAIL-t7,IN_PROGRESS
2022-10-18 03:54:11,114 [grpc-default-executor-2] INFO  server.GrpcServerProtocolService (GrpcServerProtocolService.java:onCompleted(140)) - omNode-2: Completed INSTALL_SNAPSHOT, lastRequest: omNode-1->omNode-2#0-t7,notify:(t:7, i:61)
2022-10-18 03:54:11,115 [grpc-default-executor-2] INFO  leader.FollowerInfo (FollowerInfoImpl.java:lambda$new$0(48)) - omNode-1@group-523986131536->omNode-2: nextIndex: updateUnconditionally 59 -> 59
2022-10-18 03:54:11,115 [grpc-default-executor-0] INFO  server.GrpcLogAppender (GrpcLogAppender.java:onNext(403)) - omNode-1@group-523986131536->omNode-2-InstallSnapshotResponseHandler: received a reply omNode-1<-omNode-2#0:FAIL-t7,IN_PROGRESS
2022-10-18 03:54:11,115 [grpc-default-executor-0] INFO  server.GrpcLogAppender (GrpcLogAppender.java:onNext(421)) - omNode-1@group-523986131536->omNode-2-InstallSnapshotResponseHandler: InstallSnapshot in progress.
2022-10-18 03:54:11,115 [omNode-1@group-523986131536->omNode-2-GrpcLogAppender-LogAppenderDaemon] INFO  server.GrpcLogAppender (GrpcLogAppender.java:installSnapshot(541)) - omNode-1@group-523986131536->omNode-2-GrpcLogAppender: followerNextIndex = 59 but logStartIndex = 61, notify follower to install snapshot-(t:7, i:61)
2022-10-18 03:54:11,115 [omNode-1@group-523986131536->omNode-2-GrpcLogAppender-LogAppenderDaemon] INFO  server.GrpcLogAppender (GrpcLogAppender.java:installSnapshot(549)) - omNode-1@group-523986131536->omNode-2-GrpcLogAppender: send omNode-1->omNode-2#0-t7,notify:(t:7, i:61)
2022-10-18 03:54:11,117 [grpc-default-executor-3] INFO  impl.SnapshotInstallationHandler (SnapshotInstallationHandler.java:installSnapshot(84)) - omNode-2@group-523986131536: receive installSnapshot: omNode-1->omNode-2#0-t7,notify:(t:7, i:61)
2022-10-18 03:54:11,117 [grpc-default-executor-3] INFO  impl.SnapshotInstallationHandler (SnapshotInstallationHandler.java:installSnapshot(95)) - omNode-2@group-523986131536: reply installSnapshot: omNode-1<-omNode-2#0:FAIL-t7,IN_PROGRESS
2022-10-18 03:54:11,117 [grpc-default-executor-3] INFO  server.GrpcServerProtocolService (GrpcServerProtocolService.java:onCompleted(140)) - omNode-2: Completed INSTALL_SNAPSHOT, lastRequest: omNode-1->omNode-2#0-t7,notify:(t:7, i:61)
2022-10-18 03:54:11,117 [omNode-2-server-thread1] INFO  server.RaftServer$Division (RaftServerImpl.java:checkInconsistentAppendEntries(1402)) - omNode-2@group-523986131536: Failed appendEntries as snapshot (61) installation is in progress
2022-10-18 03:54:11,120 [omNode-2-server-thread1] INFO  server.RaftServer$Division (RaftServerImpl.java:checkInconsistentAppendEntries(1394)) - omNode-2@group-523986131536: inconsistency entries. Reply:omNode-1<-omNode-2#414:FAIL-t7,INCONSISTENCY,nextIndex=59,followerCommit=58
2022-10-18 03:54:11,122 [grpc-default-executor-3] INFO  server.GrpcLogAppender (GrpcLogAppender.java:onNext(403)) - omNode-1@group-523986131536->omNode-2-InstallSnapshotResponseHandler: received a reply omNode-1<-omNode-2#0:FAIL-t7,IN_PROGRESS
2022-10-18 03:54:11,122 [grpc-default-executor-3] INFO  server.GrpcLogAppender (GrpcLogAppender.java:onNext(421)) - omNode-1@group-523986131536->omNode-2-InstallSnapshotResponseHandler: InstallSnapshot in progress.
2022-10-18 03:54:11,122 [grpc-default-executor-3] INFO  leader.FollowerInfo (FollowerInfoImpl.java:lambda$new$0(48)) - omNode-1@group-523986131536->omNode-2: nextIndex: updateUnconditionally 59 -> 59
2022-10-18 03:54:11,123 [omNode-1@group-523986131536->omNode-2-GrpcLogAppender-LogAppenderDaemon] INFO  server.GrpcLogAppender (GrpcLogAppender.java:installSnapshot(541)) - omNode-1@group-523986131536->omNode-2-GrpcLogAppender: followerNextIndex = 59 but logStartIndex = 61, notify follower to install snapshot-(t:7, i:61)
2022-10-18 03:54:11,123 [omNode-1@group-523986131536->omNode-2-GrpcLogAppender-LogAppenderDaemon] INFO  server.GrpcLogAppender (GrpcLogAppender.java:installSnapshot(549)) - omNode-1@group-523986131536->omNode-2-GrpcLogAppender: send omNode-1->omNode-2#0-t7,notify:(t:7, i:61)
2022-10-18 03:54:11,124 [omNode-2-server-thread1] INFO  server.RaftServer$Division (RaftServerImpl.java:checkInconsistentAppendEntries(1402)) - omNode-2@group-523986131536: Failed appendEntries as snapshot (61) installation is in progress
2022-10-18 03:54:11,124 [omNode-2-server-thread1] INFO  server.RaftServer$Division (RaftServerImpl.java:checkInconsistentAppendEntries(1394)) - omNode-2@group-523986131536: inconsistency entries. Reply:omNode-1<-omNode-2#415:FAIL-t7,INCONSISTENCY,nextIndex=59,followerCommit=58
2022-10-18 03:54:11,127 [grpc-default-executor-3] INFO  leader.FollowerInfo (FollowerInfoImpl.java:lambda$new$0(48)) - omNode-1@group-523986131536->omNode-2: nextIndex: updateUnconditionally 59 -> 59
2022-10-18 03:54:11,128 [grpc-default-executor-3] INFO  impl.SnapshotInstallationHandler (SnapshotInstallationHandler.java:installSnapshot(84)) - omNode-2@group-523986131536: receive installSnapshot: omNode-1->omNode-2#0-t7,notify:(t:7, i:61)
2022-10-18 03:54:11,128 [grpc-default-executor-3] INFO  impl.SnapshotInstallationHandler (SnapshotInstallationHandler.java:installSnapshot(95)) - omNode-2@group-523986131536: reply installSnapshot: omNode-1<-omNode-2#0:FAIL-t7,IN_PROGRESS
2022-10-18 03:54:11,128 [grpc-default-executor-3] INFO  server.GrpcServerProtocolService (GrpcServerProtocolService.java:onCompleted(140)) - omNode-2: Completed INSTALL_SNAPSHOT, lastRequest: omNode-1->omNode-2#0-t7,notify:(t:7, i:61)
2022-10-18 03:54:11,130 [grpc-default-executor-3] INFO  server.GrpcLogAppender (GrpcLogAppender.java:onNext(403)) - omNode-1@group-523986131536->omNode-2-InstallSnapshotResponseHandler: received a reply omNode-1<-omNode-2#0:FAIL-t7,IN_PROGRESS
2022-10-18 03:54:11,130 [grpc-default-executor-3] INFO  server.GrpcLogAppender (GrpcLogAppender.java:onNext(421)) - omNode-1@group-523986131536->omNode-2-InstallSnapshotResponseHandler: InstallSnapshot in progress.
2022-10-18 03:54:11,130 [omNode-1@group-523986131536->omNode-2-GrpcLogAppender-LogAppenderDaemon] INFO  server.GrpcLogAppender (GrpcLogAppender.java:installSnapshot(541)) - omNode-1@group-523986131536->omNode-2-GrpcLogAppender: followerNextIndex = 59 but logStartIndex = 61, notify follower to install snapshot-(t:7, i:61)
2022-10-18 03:54:11,130 [omNode-1@group-523986131536->omNode-2-GrpcLogAppender-LogAppenderDaemon] INFO  server.GrpcLogAppender (GrpcLogAppender.java:installSnapshot(549)) - omNode-1@group-523986131536->omNode-2-GrpcLogAppender: send omNode-1->omNode-2#0-t7,notify:(t:7, i:61)
2022-10-18 03:54:11,131 [omNode-2-server-thread1] INFO  server.RaftServer$Division (RaftServerImpl.java:checkInconsistentAppendEntries(1402)) - omNode-2@group-523986131536: Failed appendEntries as snapshot (61) installation is in progress
2022-10-18 03:54:11,131 [omNode-2-server-thread1] INFO  server.RaftServer$Division (RaftServerImpl.java:checkInconsistentAppendEntries(1394)) - omNode-2@group-523986131536: inconsistency entries. Reply:omNode-1<-omNode-2#416:FAIL-t7,INCONSISTENCY,nextIndex=59,followerCommit=58
2022-10-18 03:54:11,132 [grpc-default-executor-3] INFO  leader.FollowerInfo (FollowerInfoImpl.java:lambda$new$0(48)) - omNode-1@group-523986131536->omNode-2: nextIndex: updateUnconditionally 59 -> 59
2022-10-18 03:54:11,132 [grpc-default-executor-3] INFO  impl.SnapshotInstallationHandler (SnapshotInstallationHandler.java:installSnapshot(84)) - omNode-2@group-523986131536: receive installSnapshot: omNode-1->omNode-2#0-t7,notify:(t:7, i:61)
2022-10-18 03:54:11,132 [grpc-default-executor-3] INFO  impl.SnapshotInstallationHandler (SnapshotInstallationHandler.java:installSnapshot(95)) - omNode-2@group-523986131536: reply installSnapshot: omNode-1<-omNode-2#0:FAIL-t7,IN_PROGRESS
2022-10-18 03:54:11,133 [grpc-default-executor-3] INFO  server.GrpcServerProtocolService (GrpcServerProtocolService.java:onCompleted(140)) - omNode-2: Completed INSTALL_SNAPSHOT, lastRequest: omNode-1->omNode-2#0-t7,notify:(t:7, i:61)
2022-10-18 03:54:11,133 [grpc-default-executor-3] INFO  server.GrpcLogAppender (GrpcLogAppender.java:onNext(403)) - omNode-1@group-523986131536->omNode-2-InstallSnapshotResponseHandler: received a reply omNode-1<-omNode-2#0:FAIL-t7,IN_PROGRESS
2022-10-18 03:54:11,133 [grpc-default-executor-3] INFO  server.GrpcLogAppender (GrpcLogAppender.java:onNext(421)) - omNode-1@group-523986131536->omNode-2-InstallSnapshotResponseHandler: InstallSnapshot in progress.
2022-10-18 03:54:11,134 [omNode-1@group-523986131536->omNode-2-GrpcLogAppender-LogAppenderDaemon] INFO  server.GrpcLogAppender (GrpcLogAppender.java:installSnapshot(541)) - omNode-1@group-523986131536->omNode-2-GrpcLogAppender: followerNextIndex = 59 but logStartIndex = 61, notify follower to install snapshot-(t:7, i:61)
2022-10-18 03:54:11,134 [omNode-2-server-thread1] INFO  server.RaftServer$Division (RaftServerImpl.java:checkInconsistentAppendEntries(1402)) - omNode-2@group-523986131536: Failed appendEntries as snapshot (61) installation is in progress
2022-10-18 03:54:11,134 [omNode-2-server-thread1] INFO  server.RaftServer$Division (RaftServerImpl.java:checkInconsistentAppendEntries(1394)) - omNode-2@group-523986131536: inconsistency entries. Reply:omNode-1<-omNode-2#417:FAIL-t7,INCONSISTENCY,nextIndex=59,followerCommit=58
2022-10-18 03:54:11,136 [omNode-1@group-523986131536->omNode-2-GrpcLogAppender-LogAppenderDaemon] INFO  server.GrpcLogAppender (GrpcLogAppender.java:installSnapshot(549)) - omNode-1@group-523986131536->omNode-2-GrpcLogAppender: send omNode-1->omNode-2#0-t7,notify:(t:7, i:61)
2022-10-18 03:54:11,136 [grpc-default-executor-3] INFO  leader.FollowerInfo (FollowerInfoImpl.java:lambda$new$0(48)) - omNode-1@group-523986131536->omNode-2: nextIndex: updateUnconditionally 59 -> 59
2022-10-18 03:54:11,137 [grpc-default-executor-3] INFO  impl.SnapshotInstallationHandler (SnapshotInstallationHandler.java:installSnapshot(84)) - omNode-2@group-523986131536: receive installSnapshot: omNode-1->omNode-2#0-t7,notify:(t:7, i:61)
2022-10-18 03:54:11,137 [grpc-default-executor-3] INFO  impl.SnapshotInstallationHandler (SnapshotInstallationHandler.java:installSnapshot(95)) - omNode-2@group-523986131536: reply installSnapshot: omNode-1<-omNode-2#0:FAIL-t7,IN_PROGRESS
2022-10-18 03:54:11,137 [grpc-default-executor-3] INFO  server.GrpcServerProtocolService (GrpcServerProtocolService.java:onCompleted(140)) - omNode-2: Completed INSTALL_SNAPSHOT, lastRequest: omNode-1->omNode-2#0-t7,notify:(t:7, i:61)
2022-10-18 03:54:11,138 [grpc-default-executor-3] INFO  server.GrpcLogAppender (GrpcLogAppender.java:onNext(403)) - omNode-1@group-523986131536->omNode-2-InstallSnapshotResponseHandler: received a reply omNode-1<-omNode-2#0:FAIL-t7,IN_PROGRESS
2022-10-18 03:54:11,138 [grpc-default-executor-3] INFO  server.GrpcLogAppender (GrpcLogAppender.java:onNext(421)) - omNode-1@group-523986131536->omNode-2-InstallSnapshotResponseHandler: InstallSnapshot in progress.
2022-10-18 03:54:11,139 [omNode-1@group-523986131536->omNode-2-GrpcLogAppender-LogAppenderDaemon] INFO  server.GrpcLogAppender (GrpcLogAppender.java:installSnapshot(541)) - omNode-1@group-523986131536->omNode-2-GrpcLogAppender: followerNextIndex = 59 but logStartIndex = 61, notify follower to install snapshot-(t:7, i:61)
2022-10-18 03:54:11,139 [omNode-1@group-523986131536->omNode-2-GrpcLogAppender-LogAppenderDaemon] INFO  server.GrpcLogAppender (GrpcLogAppender.java:installSnapshot(549)) - omNode-1@group-523986131536->omNode-2-GrpcLogAppender: send omNode-1->omNode-2#0-t7,notify:(t:7, i:61)
2022-10-18 03:54:11,154 [grpc-default-executor-2] INFO  impl.SnapshotInstallationHandler (SnapshotInstallationHandler.java:installSnapshot(84)) - omNode-2@group-523986131536: receive installSnapshot: omNode-1->omNode-2#0-t7,notify:(t:7, i:61)
2022-10-18 03:54:11,154 [omNode-2-server-thread1] INFO  server.RaftServer$Division (RaftServerImpl.java:checkInconsistentAppendEntries(1402)) - omNode-2@group-523986131536: Failed appendEntries as snapshot (61) installation is in progress
2022-10-18 03:54:11,154 [grpc-default-executor-2] INFO  impl.SnapshotInstallationHandler (SnapshotInstallationHandler.java:installSnapshot(95)) - omNode-2@group-523986131536: reply installSnapshot: omNode-1<-omNode-2#0:FAIL-t7,IN_PROGRESS
2022-10-18 03:54:11,154 [omNode-2-server-thread1] INFO  server.RaftServer$Division (RaftServerImpl.java:checkInconsistentAppendEntries(1394)) - omNode-2@group-523986131536: inconsistency entries. Reply:omNode-1<-omNode-2#418:FAIL-t7,INCONSISTENCY,nextIndex=59,followerCommit=58
2022-10-18 03:54:11,155 [grpc-default-executor-2] INFO  server.GrpcServerProtocolService (GrpcServerProtocolService.java:onCompleted(140)) - omNode-2: Completed INSTALL_SNAPSHOT, lastRequest: omNode-1->omNode-2#0-t7,notify:(t:7, i:61)
2022-10-18 03:54:11,155 [grpc-default-executor-0] INFO  server.GrpcLogAppender (GrpcLogAppender.java:onNext(403)) - omNode-1@group-523986131536->omNode-2-InstallSnapshotResponseHandler: received a reply omNode-1<-omNode-2#0:FAIL-t7,IN_PROGRESS
2022-10-18 03:54:11,156 [grpc-default-executor-0] INFO  server.GrpcLogAppender (GrpcLogAppender.java:onNext(421)) - omNode-1@group-523986131536->omNode-2-InstallSnapshotResponseHandler: InstallSnapshot in progress.
2022-10-18 03:54:11,155 [grpc-default-executor-3] INFO  leader.FollowerInfo (FollowerInfoImpl.java:lambda$new$0(48)) - omNode-1@group-523986131536->omNode-2: nextIndex: updateUnconditionally 59 -> 59
2022-10-18 03:54:11,157 [omNode-1@group-523986131536->omNode-2-GrpcLogAppender-LogAppenderDaemon] INFO  server.GrpcLogAppender (GrpcLogAppender.java:installSnapshot(541)) - omNode-1@group-523986131536->omNode-2-GrpcLogAppender: followerNextIndex = 59 but logStartIndex = 61, notify follower to install snapshot-(t:7, i:61)
2022-10-18 03:54:11,157 [omNode-1@group-523986131536->omNode-2-GrpcLogAppender-LogAppenderDaemon] INFO  server.GrpcLogAppender (GrpcLogAppender.java:installSnapshot(549)) - omNode-1@group-523986131536->omNode-2-GrpcLogAppender: send omNode-1->omNode-2#0-t7,notify:(t:7, i:61)
2022-10-18 03:54:11,158 [grpc-default-executor-0] INFO  impl.SnapshotInstallationHandler (SnapshotInstallationHandler.java:installSnapshot(84)) - omNode-2@group-523986131536: receive installSnapshot: omNode-1->omNode-2#0-t7,notify:(t:7, i:61)
2022-10-18 03:54:11,158 [grpc-default-executor-0] INFO  impl.SnapshotInstallationHandler (SnapshotInstallationHandler.java:installSnapshot(95)) - omNode-2@group-523986131536: reply installSnapshot: omNode-1<-omNode-2#0:FAIL-t7,IN_PROGRESS
2022-10-18 03:54:11,159 [grpc-default-executor-0] INFO  server.GrpcServerProtocolService (GrpcServerProtocolService.java:onCompleted(140)) - omNode-2: Completed INSTALL_SNAPSHOT, lastRequest: omNode-1->omNode-2#0-t7,notify:(t:7, i:61)
2022-10-18 03:54:11,159 [omNode-2-server-thread1] INFO  server.RaftServer$Division (RaftServerImpl.java:checkInconsistentAppendEntries(1402)) - omNode-2@group-523986131536: Failed appendEntries as snapshot (61) installation is in progress
2022-10-18 03:54:11,159 [omNode-2-server-thread1] INFO  server.RaftServer$Division (RaftServerImpl.java:checkInconsistentAppendEntries(1394)) - omNode-2@group-523986131536: inconsistency entries. Reply:omNode-1<-omNode-2#419:FAIL-t7,INCONSISTENCY,nextIndex=59,followerCommit=58
2022-10-18 03:54:11,160 [grpc-default-executor-0] INFO  server.GrpcLogAppender (GrpcLogAppender.java:onNext(403)) - omNode-1@group-523986131536->omNode-2-InstallSnapshotResponseHandler: received a reply omNode-1<-omNode-2#0:FAIL-t7,IN_PROGRESS
2022-10-18 03:54:11,160 [grpc-default-executor-0] INFO  server.GrpcLogAppender (GrpcLogAppender.java:onNext(421)) - omNode-1@group-523986131536->omNode-2-InstallSnapshotResponseHandler: InstallSnapshot in progress.
2022-10-18 03:54:11,160 [omNode-1@group-523986131536->omNode-2-GrpcLogAppender-LogAppenderDaemon] INFO  server.GrpcLogAppender (GrpcLogAppender.java:installSnapshot(541)) - omNode-1@group-523986131536->omNode-2-GrpcLogAppender: followerNextIndex = 59 but logStartIndex = 61, notify follower to install snapshot-(t:7, i:61)
2022-10-18 03:54:11,160 [omNode-1@group-523986131536->omNode-2-GrpcLogAppender-LogAppenderDaemon] INFO  server.GrpcLogAppender (GrpcLogAppender.java:installSnapshot(549)) - omNode-1@group-523986131536->omNode-2-GrpcLogAppender: send omNode-1->omNode-2#0-t7,notify:(t:7, i:61)
2022-10-18 03:54:11,164 [grpc-default-executor-3] INFO  leader.FollowerInfo (FollowerInfoImpl.java:lambda$new$0(48)) - omNode-1@group-523986131536->omNode-2: nextIndex: updateUnconditionally 59 -> 59
2022-10-18 03:54:11,166 [omNode-2-server-thread1] INFO  server.RaftServer$Division (RaftServerImpl.java:checkInconsistentAppendEntries(1402)) - omNode-2@group-523986131536: Failed appendEntries as snapshot (61) installation is in progress
2022-10-18 03:54:11,166 [omNode-2-server-thread1] INFO  server.RaftServer$Division (RaftServerImpl.java:checkInconsistentAppendEntries(1394)) - omNode-2@group-523986131536: inconsistency entries. Reply:omNode-1<-omNode-2#420:FAIL-t7,INCONSISTENCY,nextIndex=59,followerCommit=58
2022-10-18 03:54:11,166 [grpc-default-executor-1] INFO  impl.SnapshotInstallationHandler (SnapshotInstallationHandler.java:installSnapshot(84)) - omNode-2@group-523986131536: receive installSnapshot: omNode-1->omNode-2#0-t7,notify:(t:7, i:61)
2022-10-18 03:54:11,166 [grpc-default-executor-1] INFO  impl.SnapshotInstallationHandler (SnapshotInstallationHandler.java:installSnapshot(95)) - omNode-2@group-523986131536: reply installSnapshot: omNode-1<-omNode-2#0:FAIL-t7,IN_PROGRESS
2022-10-18 03:54:11,166 [grpc-default-executor-2] INFO  leader.FollowerInfo (FollowerInfoImpl.java:lambda$new$0(48)) - omNode-1@group-523986131536->omNode-2: nextIndex: updateUnconditionally 59 -> 59
2022-10-18 03:54:11,166 [grpc-default-executor-1] INFO  server.GrpcServerProtocolService (GrpcServerProtocolService.java:onCompleted(140)) - omNode-2: Completed INSTALL_SNAPSHOT, lastRequest: omNode-1->omNode-2#0-t7,notify:(t:7, i:61)
2022-10-18 03:54:11,167 [grpc-default-executor-1] INFO  server.GrpcLogAppender (GrpcLogAppender.java:onNext(403)) - omNode-1@group-523986131536->omNode-2-InstallSnapshotResponseHandler: received a reply omNode-1<-omNode-2#0:FAIL-t7,IN_PROGRESS
2022-10-18 03:54:11,167 [grpc-default-executor-1] INFO  server.GrpcLogAppender (GrpcLogAppender.java:onNext(421)) - omNode-1@group-523986131536->omNode-2-InstallSnapshotResponseHandler: InstallSnapshot in progress.
2022-10-18 03:54:11,167 [omNode-1@group-523986131536->omNode-2-GrpcLogAppender-LogAppenderDaemon] INFO  server.GrpcLogAppender (GrpcLogAppender.java:installSnapshot(541)) - omNode-1@group-523986131536->omNode-2-GrpcLogAppender: followerNextIndex = 59 but logStartIndex = 61, notify follower to install snapshot-(t:7, i:61)
2022-10-18 03:54:11,167 [omNode-1@group-523986131536->omNode-2-GrpcLogAppender-LogAppenderDaemon] INFO  server.GrpcLogAppender (GrpcLogAppender.java:installSnapshot(549)) - omNode-1@group-523986131536->omNode-2-GrpcLogAppender: send omNode-1->omNode-2#0-t7,notify:(t:7, i:61)
2022-10-18 03:54:11,171 [omNode-2-server-thread1] INFO  server.RaftServer$Division (RaftServerImpl.java:checkInconsistentAppendEntries(1402)) - omNode-2@group-523986131536: Failed appendEntries as snapshot (61) installation is in progress
2022-10-18 03:54:11,171 [omNode-2-server-thread1] INFO  server.RaftServer$Division (RaftServerImpl.java:checkInconsistentAppendEntries(1394)) - omNode-2@group-523986131536: inconsistency entries. Reply:omNode-1<-omNode-2#421:FAIL-t7,INCONSISTENCY,nextIndex=59,followerCommit=58
2022-10-18 03:54:11,171 [grpc-default-executor-1] INFO  impl.SnapshotInstallationHandler (SnapshotInstallationHandler.java:installSnapshot(84)) - omNode-2@group-523986131536: receive installSnapshot: omNode-1->omNode-2#0-t7,notify:(t:7, i:61)
2022-10-18 03:54:11,171 [grpc-default-executor-1] INFO  impl.SnapshotInstallationHandler (SnapshotInstallationHandler.java:installSnapshot(95)) - omNode-2@group-523986131536: reply installSnapshot: omNode-1<-omNode-2#0:FAIL-t7,IN_PROGRESS
2022-10-18 03:54:11,171 [grpc-default-executor-1] INFO  server.GrpcServerProtocolService (GrpcServerProtocolService.java:onCompleted(140)) - omNode-2: Completed INSTALL_SNAPSHOT, lastRequest: omNode-1->omNode-2#0-t7,notify:(t:7, i:61)
2022-10-18 03:54:11,171 [grpc-default-executor-2] INFO  leader.FollowerInfo (FollowerInfoImpl.java:lambda$new$0(48)) - omNode-1@group-523986131536->omNode-2: nextIndex: updateUnconditionally 59 -> 59
2022-10-18 03:54:11,186 [grpc-default-executor-2] INFO  server.GrpcLogAppender (GrpcLogAppender.java:onNext(403)) - omNode-1@group-523986131536->omNode-2-InstallSnapshotResponseHandler: received a reply omNode-1<-omNode-2#0:FAIL-t7,IN_PROGRESS
2022-10-18 03:54:11,186 [grpc-default-executor-2] INFO  server.GrpcLogAppender (GrpcLogAppender.java:onNext(421)) - omNode-1@group-523986131536->omNode-2-InstallSnapshotResponseHandler: InstallSnapshot in progress.
2022-10-18 03:54:11,187 [omNode-1@group-523986131536->omNode-2-GrpcLogAppender-LogAppenderDaemon] INFO  server.GrpcLogAppender (GrpcLogAppender.java:installSnapshot(541)) - omNode-1@group-523986131536->omNode-2-GrpcLogAppender: followerNextIndex = 59 but logStartIndex = 61, notify follower to install snapshot-(t:7, i:61)
2022-10-18 03:54:11,187 [omNode-1@group-523986131536->omNode-2-GrpcLogAppender-LogAppenderDaemon] INFO  server.GrpcLogAppender (GrpcLogAppender.java:installSnapshot(549)) - omNode-1@group-523986131536->omNode-2-GrpcLogAppender: send omNode-1->omNode-2#0-t7,notify:(t:7, i:61)
2022-10-18 03:54:11,191 [grpc-default-executor-1] INFO  impl.SnapshotInstallationHandler (SnapshotInstallationHandler.java:installSnapshot(84)) - omNode-2@group-523986131536: receive installSnapshot: omNode-1->omNode-2#0-t7,notify:(t:7, i:61)
2022-10-18 03:54:11,191 [grpc-default-executor-1] INFO  impl.SnapshotInstallationHandler (SnapshotInstallationHandler.java:installSnapshot(95)) - omNode-2@group-523986131536: reply installSnapshot: omNode-1<-omNode-2#0:FAIL-t7,IN_PROGRESS
2022-10-18 03:54:11,191 [grpc-default-executor-1] INFO  server.GrpcServerProtocolService (GrpcServerProtocolService.java:onCompleted(140)) - omNode-2: Completed INSTALL_SNAPSHOT, lastRequest: omNode-1->omNode-2#0-t7,notify:(t:7, i:61)
2022-10-18 03:54:11,192 [omNode-2-server-thread1] INFO  server.RaftServer$Division (RaftServerImpl.java:checkInconsistentAppendEntries(1402)) - omNode-2@group-523986131536: Failed appendEntries as snapshot (61) installation is in progress
2022-10-18 03:54:11,192 [omNode-2-server-thread1] INFO  server.RaftServer$Division (RaftServerImpl.java:checkInconsistentAppendEntries(1394)) - omNode-2@group-523986131536: inconsistency entries. Reply:omNode-1<-omNode-2#422:FAIL-t7,INCONSISTENCY,nextIndex=59,followerCommit=58
2022-10-18 03:54:11,193 [grpc-default-executor-3] INFO  server.GrpcLogAppender (GrpcLogAppender.java:onNext(403)) - omNode-1@group-523986131536->omNode-2-InstallSnapshotResponseHandler: received a reply omNode-1<-omNode-2#0:FAIL-t7,IN_PROGRESS
2022-10-18 03:54:11,193 [grpc-default-executor-3] INFO  server.GrpcLogAppender (GrpcLogAppender.java:onNext(421)) - omNode-1@group-523986131536->omNode-2-InstallSnapshotResponseHandler: InstallSnapshot in progress.
2022-10-18 03:54:11,193 [omNode-1@group-523986131536->omNode-2-GrpcLogAppender-LogAppenderDaemon] INFO  server.GrpcLogAppender (GrpcLogAppender.java:installSnapshot(541)) - omNode-1@group-523986131536->omNode-2-GrpcLogAppender: followerNextIndex = 59 but logStartIndex = 61, notify follower to install snapshot-(t:7, i:61)
2022-10-18 03:54:11,193 [omNode-1@group-523986131536->omNode-2-GrpcLogAppender-LogAppenderDaemon] INFO  server.GrpcLogAppender (GrpcLogAppender.java:installSnapshot(549)) - omNode-1@group-523986131536->omNode-2-GrpcLogAppender: send omNode-1->omNode-2#0-t7,notify:(t:7, i:61)
2022-10-18 03:54:11,194 [grpc-default-executor-2] INFO  leader.FollowerInfo (FollowerInfoImpl.java:lambda$new$0(48)) - omNode-1@group-523986131536->omNode-2: nextIndex: updateUnconditionally 59 -> 59
2022-10-18 03:54:11,195 [grpc-default-executor-2] INFO  impl.SnapshotInstallationHandler (SnapshotInstallationHandler.java:installSnapshot(84)) - omNode-2@group-523986131536: receive installSnapshot: omNode-1->omNode-2#0-t7,notify:(t:7, i:61)
2022-10-18 03:54:11,195 [grpc-default-executor-2] INFO  impl.SnapshotInstallationHandler (SnapshotInstallationHandler.java:installSnapshot(95)) - omNode-2@group-523986131536: reply installSnapshot: omNode-1<-omNode-2#0:FAIL-t7,IN_PROGRESS
2022-10-18 03:54:11,195 [grpc-default-executor-2] INFO  server.GrpcServerProtocolService (GrpcServerProtocolService.java:onCompleted(140)) - omNode-2: Completed INSTALL_SNAPSHOT, lastRequest: omNode-1->omNode-2#0-t7,notify:(t:7, i:61)
2022-10-18 03:54:11,195 [omNode-2-server-thread1] INFO  server.RaftServer$Division (RaftServerImpl.java:checkInconsistentAppendEntries(1402)) - omNode-2@group-523986131536: Failed appendEntries as snapshot (61) installation is in progress
2022-10-18 03:54:11,196 [omNode-2-server-thread1] INFO  server.RaftServer$Division (RaftServerImpl.java:checkInconsistentAppendEntries(1394)) - omNode-2@group-523986131536: inconsistency entries. Reply:omNode-1<-omNode-2#423:FAIL-t7,INCONSISTENCY,nextIndex=59,followerCommit=58
2022-10-18 03:54:11,196 [grpc-default-executor-3] INFO  server.GrpcLogAppender (GrpcLogAppender.java:onNext(403)) - omNode-1@group-523986131536->omNode-2-InstallSnapshotResponseHandler: received a reply omNode-1<-omNode-2#0:FAIL-t7,IN_PROGRESS
2022-10-18 03:54:11,196 [grpc-default-executor-3] INFO  server.GrpcLogAppender (GrpcLogAppender.java:onNext(421)) - omNode-1@group-523986131536->omNode-2-InstallSnapshotResponseHandler: InstallSnapshot in progress.
2022-10-18 03:54:11,196 [grpc-default-executor-2] INFO  leader.FollowerInfo (FollowerInfoImpl.java:lambda$new$0(48)) - omNode-1@group-523986131536->omNode-2: nextIndex: updateUnconditionally 59 -> 59
2022-10-18 03:54:11,197 [omNode-1@group-523986131536->omNode-2-GrpcLogAppender-LogAppenderDaemon] INFO  server.GrpcLogAppender (GrpcLogAppender.java:installSnapshot(541)) - omNode-1@group-523986131536->omNode-2-GrpcLogAppender: followerNextIndex = 59 but logStartIndex = 61, notify follower to install snapshot-(t:7, i:61)
2022-10-18 03:54:11,197 [omNode-1@group-523986131536->omNode-2-GrpcLogAppender-LogAppenderDaemon] INFO  server.GrpcLogAppender (GrpcLogAppender.java:installSnapshot(549)) - omNode-1@group-523986131536->omNode-2-GrpcLogAppender: send omNode-1->omNode-2#0-t7,notify:(t:7, i:61)
2022-10-18 03:54:11,210 [omNode-2-server-thread1] INFO  server.RaftServer$Division (RaftServerImpl.java:checkInconsistentAppendEntries(1402)) - omNode-2@group-523986131536: Failed appendEntries as snapshot (61) installation is in progress
2022-10-18 03:54:11,210 [grpc-default-executor-1] INFO  impl.SnapshotInstallationHandler (SnapshotInstallationHandler.java:installSnapshot(84)) - omNode-2@group-523986131536: receive installSnapshot: omNode-1->omNode-2#0-t7,notify:(t:7, i:61)
2022-10-18 03:54:11,211 [omNode-2-server-thread1] INFO  server.RaftServer$Division (RaftServerImpl.java:checkInconsistentAppendEntries(1394)) - omNode-2@group-523986131536: inconsistency entries. Reply:omNode-1<-omNode-2#424:FAIL-t7,INCONSISTENCY,nextIndex=59,followerCommit=58
2022-10-18 03:54:11,211 [grpc-default-executor-1] INFO  impl.SnapshotInstallationHandler (SnapshotInstallationHandler.java:installSnapshot(95)) - omNode-2@group-523986131536: reply installSnapshot: omNode-1<-omNode-2#0:FAIL-t7,IN_PROGRESS
2022-10-18 03:54:11,212 [grpc-default-executor-1] INFO  server.GrpcServerProtocolService (GrpcServerProtocolService.java:onCompleted(140)) - omNode-2: Completed INSTALL_SNAPSHOT, lastRequest: omNode-1->omNode-2#0-t7,notify:(t:7, i:61)
2022-10-18 03:54:11,212 [grpc-default-executor-3] INFO  server.GrpcLogAppender (GrpcLogAppender.java:onNext(403)) - omNode-1@group-523986131536->omNode-2-InstallSnapshotResponseHandler: received a reply omNode-1<-omNode-2#0:FAIL-t7,IN_PROGRESS
2022-10-18 03:54:11,213 [grpc-default-executor-3] INFO  server.GrpcLogAppender (GrpcLogAppender.java:onNext(421)) - omNode-1@group-523986131536->omNode-2-InstallSnapshotResponseHandler: InstallSnapshot in progress.
2022-10-18 03:54:11,213 [grpc-default-executor-3] INFO  leader.FollowerInfo (FollowerInfoImpl.java:lambda$new$0(48)) - omNode-1@group-523986131536->omNode-2: nextIndex: updateUnconditionally 59 -> 59
2022-10-18 03:54:11,215 [omNode-1@group-523986131536->omNode-2-GrpcLogAppender-LogAppenderDaemon] INFO  server.GrpcLogAppender (GrpcLogAppender.java:installSnapshot(541)) - omNode-1@group-523986131536->omNode-2-GrpcLogAppender: followerNextIndex = 59 but logStartIndex = 61, notify follower to install snapshot-(t:7, i:61)
2022-10-18 03:54:11,216 [omNode-1@group-523986131536->omNode-2-GrpcLogAppender-LogAppenderDaemon] INFO  server.GrpcLogAppender (GrpcLogAppender.java:installSnapshot(549)) - omNode-1@group-523986131536->omNode-2-GrpcLogAppender: send omNode-1->omNode-2#0-t7,notify:(t:7, i:61)
2022-10-18 03:54:11,218 [grpc-default-executor-1] INFO  impl.SnapshotInstallationHandler (SnapshotInstallationHandler.java:installSnapshot(84)) - omNode-2@group-523986131536: receive installSnapshot: omNode-1->omNode-2#0-t7,notify:(t:7, i:61)
2022-10-18 03:54:11,219 [grpc-default-executor-1] INFO  impl.SnapshotInstallationHandler (SnapshotInstallationHandler.java:installSnapshot(95)) - omNode-2@group-523986131536: reply installSnapshot: omNode-1<-omNode-2#0:FAIL-t7,IN_PROGRESS
2022-10-18 03:54:11,219 [grpc-default-executor-1] INFO  server.GrpcServerProtocolService (GrpcServerProtocolService.java:onCompleted(140)) - omNode-2: Completed INSTALL_SNAPSHOT, lastRequest: omNode-1->omNode-2#0-t7,notify:(t:7, i:61)
2022-10-18 03:54:11,220 [grpc-default-executor-1] INFO  server.GrpcLogAppender (GrpcLogAppender.java:onNext(403)) - omNode-1@group-523986131536->omNode-2-InstallSnapshotResponseHandler: received a reply omNode-1<-omNode-2#0:FAIL-t7,IN_PROGRESS
2022-10-18 03:54:11,220 [grpc-default-executor-1] INFO  server.GrpcLogAppender (GrpcLogAppender.java:onNext(421)) - omNode-1@group-523986131536->omNode-2-InstallSnapshotResponseHandler: InstallSnapshot in progress.
2022-10-18 03:54:11,220 [omNode-2-server-thread1] INFO  server.RaftServer$Division (RaftServerImpl.java:checkInconsistentAppendEntries(1402)) - omNode-2@group-523986131536: Failed appendEntries as snapshot (61) installation is in progress
2022-10-18 03:54:11,220 [omNode-2-server-thread1] INFO  server.RaftServer$Division (RaftServerImpl.java:checkInconsistentAppendEntries(1394)) - omNode-2@group-523986131536: inconsistency entries. Reply:omNode-1<-omNode-2#425:FAIL-t7,INCONSISTENCY,nextIndex=59,followerCommit=58
2022-10-18 03:54:11,220 [omNode-1@group-523986131536->omNode-2-GrpcLogAppender-LogAppenderDaemon] INFO  server.GrpcLogAppender (GrpcLogAppender.java:installSnapshot(541)) - omNode-1@group-523986131536->omNode-2-GrpcLogAppender: followerNextIndex = 59 but logStartIndex = 61, notify follower to install snapshot-(t:7, i:61)
2022-10-18 03:54:11,221 [omNode-1@group-523986131536->omNode-2-GrpcLogAppender-LogAppenderDaemon] INFO  server.GrpcLogAppender (GrpcLogAppender.java:installSnapshot(549)) - omNode-1@group-523986131536->omNode-2-GrpcLogAppender: send omNode-1->omNode-2#0-t7,notify:(t:7, i:61)
2022-10-18 03:54:11,221 [grpc-default-executor-1] INFO  leader.FollowerInfo (FollowerInfoImpl.java:lambda$new$0(48)) - omNode-1@group-523986131536->omNode-2: nextIndex: updateUnconditionally 59 -> 59
2022-10-18 03:54:11,221 [omNode-2-server-thread1] INFO  server.RaftServer$Division (RaftServerImpl.java:checkInconsistentAppendEntries(1402)) - omNode-2@group-523986131536: Failed appendEntries as snapshot (61) installation is in progress
2022-10-18 03:54:11,221 [omNode-2-server-thread1] INFO  server.RaftServer$Division (RaftServerImpl.java:checkInconsistentAppendEntries(1394)) - omNode-2@group-523986131536: inconsistency entries. Reply:omNode-1<-omNode-2#426:FAIL-t7,INCONSISTENCY,nextIndex=59,followerCommit=58
2022-10-18 03:54:11,223 [grpc-default-executor-1] INFO  leader.FollowerInfo (FollowerInfoImpl.java:lambda$new$0(48)) - omNode-1@group-523986131536->omNode-2: nextIndex: updateUnconditionally 59 -> 59
2022-10-18 03:54:11,226 [grpc-default-executor-3] INFO  impl.SnapshotInstallationHandler (SnapshotInstallationHandler.java:installSnapshot(84)) - omNode-2@group-523986131536: receive installSnapshot: omNode-1->omNode-2#0-t7,notify:(t:7, i:61)
2022-10-18 03:54:11,226 [grpc-default-executor-3] INFO  impl.SnapshotInstallationHandler (SnapshotInstallationHandler.java:installSnapshot(95)) - omNode-2@group-523986131536: reply installSnapshot: omNode-1<-omNode-2#0:FAIL-t7,IN_PROGRESS
2022-10-18 03:54:11,226 [grpc-default-executor-3] INFO  server.GrpcServerProtocolService (GrpcServerProtocolService.java:onCompleted(140)) - omNode-2: Completed INSTALL_SNAPSHOT, lastRequest: omNode-1->omNode-2#0-t7,notify:(t:7, i:61)
2022-10-18 03:54:11,227 [grpc-default-executor-3] INFO  server.GrpcLogAppender (GrpcLogAppender.java:onNext(403)) - omNode-1@group-523986131536->omNode-2-InstallSnapshotResponseHandler: received a reply omNode-1<-omNode-2#0:FAIL-t7,IN_PROGRESS
2022-10-18 03:54:11,227 [grpc-default-executor-3] INFO  server.GrpcLogAppender (GrpcLogAppender.java:onNext(421)) - omNode-1@group-523986131536->omNode-2-InstallSnapshotResponseHandler: InstallSnapshot in progress.
2022-10-18 03:54:11,227 [omNode-1@group-523986131536->omNode-2-GrpcLogAppender-LogAppenderDaemon] INFO  server.GrpcLogAppender (GrpcLogAppender.java:installSnapshot(541)) - omNode-1@group-523986131536->omNode-2-GrpcLogAppender: followerNextIndex = 59 but logStartIndex = 61, notify follower to install snapshot-(t:7, i:61)
2022-10-18 03:54:11,228 [omNode-1@group-523986131536->omNode-2-GrpcLogAppender-LogAppenderDaemon] INFO  server.GrpcLogAppender (GrpcLogAppender.java:installSnapshot(549)) - omNode-1@group-523986131536->omNode-2-GrpcLogAppender: send omNode-1->omNode-2#0-t7,notify:(t:7, i:61)
2022-10-18 03:54:11,232 [omNode-2-server-thread1] INFO  server.RaftServer$Division (RaftServerImpl.java:checkInconsistentAppendEntries(1402)) - omNode-2@group-523986131536: Failed appendEntries as snapshot (61) installation is in progress
2022-10-18 03:54:11,232 [omNode-2-server-thread1] INFO  server.RaftServer$Division (RaftServerImpl.java:checkInconsistentAppendEntries(1394)) - omNode-2@group-523986131536: inconsistency entries. Reply:omNode-1<-omNode-2#427:FAIL-t7,INCONSISTENCY,nextIndex=59,followerCommit=58
2022-10-18 03:54:11,232 [grpc-default-executor-3] INFO  impl.SnapshotInstallationHandler (SnapshotInstallationHandler.java:installSnapshot(84)) - omNode-2@group-523986131536: receive installSnapshot: omNode-1->omNode-2#0-t7,notify:(t:7, i:61)
2022-10-18 03:54:11,233 [grpc-default-executor-3] INFO  impl.SnapshotInstallationHandler (SnapshotInstallationHandler.java:installSnapshot(95)) - omNode-2@group-523986131536: reply installSnapshot: omNode-1<-omNode-2#0:FAIL-t7,IN_PROGRESS
2022-10-18 03:54:11,233 [grpc-default-executor-3] INFO  server.GrpcServerProtocolService (GrpcServerProtocolService.java:onCompleted(140)) - omNode-2: Completed INSTALL_SNAPSHOT, lastRequest: omNode-1->omNode-2#0-t7,notify:(t:7, i:61)
2022-10-18 03:54:11,235 [grpc-default-executor-3] INFO  leader.FollowerInfo (FollowerInfoImpl.java:lambda$new$0(48)) - omNode-1@group-523986131536->omNode-2: nextIndex: updateUnconditionally 59 -> 59
2022-10-18 03:54:11,235 [grpc-default-executor-3] INFO  server.GrpcLogAppender (GrpcLogAppender.java:onNext(403)) - omNode-1@group-523986131536->omNode-2-InstallSnapshotResponseHandler: received a reply omNode-1<-omNode-2#0:FAIL-t7,IN_PROGRESS
2022-10-18 03:54:11,235 [grpc-default-executor-3] INFO  server.GrpcLogAppender (GrpcLogAppender.java:onNext(421)) - omNode-1@group-523986131536->omNode-2-InstallSnapshotResponseHandler: InstallSnapshot in progress.
2022-10-18 03:54:11,235 [omNode-1@group-523986131536->omNode-2-GrpcLogAppender-LogAppenderDaemon] INFO  server.GrpcLogAppender (GrpcLogAppender.java:installSnapshot(541)) - omNode-1@group-523986131536->omNode-2-GrpcLogAppender: followerNextIndex = 59 but logStartIndex = 61, notify follower to install snapshot-(t:7, i:61)
2022-10-18 03:54:11,236 [omNode-1@group-523986131536->omNode-2-GrpcLogAppender-LogAppenderDaemon] INFO  server.GrpcLogAppender (GrpcLogAppender.java:installSnapshot(549)) - omNode-1@group-523986131536->omNode-2-GrpcLogAppender: send omNode-1->omNode-2#0-t7,notify:(t:7, i:61)
2022-10-18 03:54:11,237 [grpc-default-executor-1] INFO  impl.SnapshotInstallationHandler (SnapshotInstallationHandler.java:installSnapshot(84)) - omNode-2@group-523986131536: receive installSnapshot: omNode-1->omNode-2#0-t7,notify:(t:7, i:61)
2022-10-18 03:54:11,238 [grpc-default-executor-1] INFO  impl.SnapshotInstallationHandler (SnapshotInstallationHandler.java:installSnapshot(95)) - omNode-2@group-523986131536: reply installSnapshot: omNode-1<-omNode-2#0:FAIL-t7,IN_PROGRESS
2022-10-18 03:54:11,238 [omNode-2-server-thread1] INFO  server.RaftServer$Division (RaftServerImpl.java:checkInconsistentAppendEntries(1402)) - omNode-2@group-523986131536: Failed appendEntries as snapshot (61) installation is in progress
2022-10-18 03:54:11,238 [omNode-2-server-thread1] INFO  server.RaftServer$Division (RaftServerImpl.java:checkInconsistentAppendEntries(1394)) - omNode-2@group-523986131536: inconsistency entries. Reply:omNode-1<-omNode-2#428:FAIL-t7,INCONSISTENCY,nextIndex=59,followerCommit=58
2022-10-18 03:54:11,243 [grpc-default-executor-3] INFO  server.GrpcServerProtocolService (GrpcServerProtocolService.java:onCompleted(140)) - omNode-2: Completed INSTALL_SNAPSHOT, lastRequest: omNode-1->omNode-2#0-t7,notify:(t:7, i:61)
2022-10-18 03:54:11,244 [grpc-default-executor-1] INFO  server.GrpcLogAppender (GrpcLogAppender.java:onNext(403)) - omNode-1@group-523986131536->omNode-2-InstallSnapshotResponseHandler: received a reply omNode-1<-omNode-2#0:FAIL-t7,IN_PROGRESS
2022-10-18 03:54:11,244 [grpc-default-executor-1] INFO  server.GrpcLogAppender (GrpcLogAppender.java:onNext(421)) - omNode-1@group-523986131536->omNode-2-InstallSnapshotResponseHandler: InstallSnapshot in progress.
2022-10-18 03:54:11,245 [omNode-1@group-523986131536->omNode-2-GrpcLogAppender-LogAppenderDaemon] INFO  server.GrpcLogAppender (GrpcLogAppender.java:installSnapshot(541)) - omNode-1@group-523986131536->omNode-2-GrpcLogAppender: followerNextIndex = 59 but logStartIndex = 61, notify follower to install snapshot-(t:7, i:61)
2022-10-18 03:54:11,245 [omNode-1@group-523986131536->omNode-2-GrpcLogAppender-LogAppenderDaemon] INFO  server.GrpcLogAppender (GrpcLogAppender.java:installSnapshot(549)) - omNode-1@group-523986131536->omNode-2-GrpcLogAppender: send omNode-1->omNode-2#0-t7,notify:(t:7, i:61)
2022-10-18 03:54:11,250 [grpc-default-executor-3] INFO  leader.FollowerInfo (FollowerInfoImpl.java:lambda$new$0(48)) - omNode-1@group-523986131536->omNode-2: nextIndex: updateUnconditionally 59 -> 59
2022-10-18 03:54:11,251 [omNode-2-server-thread1] INFO  server.RaftServer$Division (RaftServerImpl.java:checkInconsistentAppendEntries(1402)) - omNode-2@group-523986131536: Failed appendEntries as snapshot (61) installation is in progress
2022-10-18 03:54:11,251 [grpc-default-executor-2] INFO  impl.SnapshotInstallationHandler (SnapshotInstallationHandler.java:installSnapshot(84)) - omNode-2@group-523986131536: receive installSnapshot: omNode-1->omNode-2#0-t7,notify:(t:7, i:61)
2022-10-18 03:54:11,251 [omNode-2-server-thread1] INFO  server.RaftServer$Division (RaftServerImpl.java:checkInconsistentAppendEntries(1394)) - omNode-2@group-523986131536: inconsistency entries. Reply:omNode-1<-omNode-2#429:FAIL-t7,INCONSISTENCY,nextIndex=59,followerCommit=58
2022-10-18 03:54:11,252 [grpc-default-executor-2] INFO  impl.SnapshotInstallationHandler (SnapshotInstallationHandler.java:installSnapshot(95)) - omNode-2@group-523986131536: reply installSnapshot: omNode-1<-omNode-2#0:FAIL-t7,IN_PROGRESS
2022-10-18 03:54:11,252 [grpc-default-executor-2] INFO  server.GrpcServerProtocolService (GrpcServerProtocolService.java:onCompleted(140)) - omNode-2: Completed INSTALL_SNAPSHOT, lastRequest: omNode-1->omNode-2#0-t7,notify:(t:7, i:61)
2022-10-18 03:54:11,253 [grpc-default-executor-1] INFO  server.GrpcLogAppender (GrpcLogAppender.java:onNext(403)) - omNode-1@group-523986131536->omNode-2-InstallSnapshotResponseHandler: received a reply omNode-1<-omNode-2#0:FAIL-t7,IN_PROGRESS
2022-10-18 03:54:11,253 [grpc-default-executor-1] INFO  server.GrpcLogAppender (GrpcLogAppender.java:onNext(421)) - omNode-1@group-523986131536->omNode-2-InstallSnapshotResponseHandler: InstallSnapshot in progress.
2022-10-18 03:54:11,253 [omNode-1@group-523986131536->omNode-2-GrpcLogAppender-LogAppenderDaemon] INFO  server.GrpcLogAppender (GrpcLogAppender.java:installSnapshot(541)) - omNode-1@group-523986131536->omNode-2-GrpcLogAppender: followerNextIndex = 59 but logStartIndex = 61, notify follower to install snapshot-(t:7, i:61)
2022-10-18 03:54:11,253 [omNode-1@group-523986131536->omNode-2-GrpcLogAppender-LogAppenderDaemon] INFO  server.GrpcLogAppender (GrpcLogAppender.java:installSnapshot(549)) - omNode-1@group-523986131536->omNode-2-GrpcLogAppender: send omNode-1->omNode-2#0-t7,notify:(t:7, i:61)
2022-10-18 03:54:11,254 [grpc-default-executor-1] INFO  leader.FollowerInfo (FollowerInfoImpl.java:lambda$new$0(48)) - omNode-1@group-523986131536->omNode-2: nextIndex: updateUnconditionally 59 -> 59
2022-10-18 03:54:11,255 [omNode-2-server-thread1] INFO  server.RaftServer$Division (RaftServerImpl.java:checkInconsistentAppendEntries(1402)) - omNode-2@group-523986131536: Failed appendEntries as snapshot (61) installation is in progress
2022-10-18 03:54:11,255 [grpc-default-executor-2] INFO  impl.SnapshotInstallationHandler (SnapshotInstallationHandler.java:installSnapshot(84)) - omNode-2@group-523986131536: receive installSnapshot: omNode-1->omNode-2#0-t7,notify:(t:7, i:61)
2022-10-18 03:54:11,255 [omNode-2-server-thread1] INFO  server.RaftServer$Division (RaftServerImpl.java:checkInconsistentAppendEntries(1394)) - omNode-2@group-523986131536: inconsistency entries. Reply:omNode-1<-omNode-2#430:FAIL-t7,INCONSISTENCY,nextIndex=59,followerCommit=58
2022-10-18 03:54:11,255 [grpc-default-executor-2] INFO  impl.SnapshotInstallationHandler (SnapshotInstallationHandler.java:installSnapshot(95)) - omNode-2@group-523986131536: reply installSnapshot: omNode-1<-omNode-2#0:FAIL-t7,IN_PROGRESS
2022-10-18 03:54:11,255 [grpc-default-executor-2] INFO  server.GrpcServerProtocolService (GrpcServerProtocolService.java:onCompleted(140)) - omNode-2: Completed INSTALL_SNAPSHOT, lastRequest: omNode-1->omNode-2#0-t7,notify:(t:7, i:61)
2022-10-18 03:54:11,256 [grpc-default-executor-1] INFO  server.GrpcLogAppender (GrpcLogAppender.java:onNext(403)) - omNode-1@group-523986131536->omNode-2-InstallSnapshotResponseHandler: received a reply omNode-1<-omNode-2#0:FAIL-t7,IN_PROGRESS
2022-10-18 03:54:11,256 [grpc-default-executor-1] INFO  server.GrpcLogAppender (GrpcLogAppender.java:onNext(421)) - omNode-1@group-523986131536->omNode-2-InstallSnapshotResponseHandler: InstallSnapshot in progress.
2022-10-18 03:54:11,256 [omNode-1@group-523986131536->omNode-2-GrpcLogAppender-LogAppenderDaemon] INFO  server.GrpcLogAppender (GrpcLogAppender.java:installSnapshot(541)) - omNode-1@group-523986131536->omNode-2-GrpcLogAppender: followerNextIndex = 59 but logStartIndex = 61, notify follower to install snapshot-(t:7, i:61)
2022-10-18 03:54:11,257 [omNode-1@group-523986131536->omNode-2-GrpcLogAppender-LogAppenderDaemon] INFO  server.GrpcLogAppender (GrpcLogAppender.java:installSnapshot(549)) - omNode-1@group-523986131536->omNode-2-GrpcLogAppender: send omNode-1->omNode-2#0-t7,notify:(t:7, i:61)
2022-10-18 03:54:11,257 [grpc-default-executor-1] INFO  leader.FollowerInfo (FollowerInfoImpl.java:lambda$new$0(48)) - omNode-1@group-523986131536->omNode-2: nextIndex: updateUnconditionally 59 -> 59
2022-10-18 03:54:11,258 [omNode-2-server-thread1] INFO  server.RaftServer$Division (RaftServerImpl.java:checkInconsistentAppendEntries(1402)) - omNode-2@group-523986131536: Failed appendEntries as snapshot (61) installation is in progress
2022-10-18 03:54:11,258 [omNode-2-server-thread1] INFO  server.RaftServer$Division (RaftServerImpl.java:checkInconsistentAppendEntries(1394)) - omNode-2@group-523986131536: inconsistency entries. Reply:omNode-1<-omNode-2#431:FAIL-t7,INCONSISTENCY,nextIndex=59,followerCommit=58
2022-10-18 03:54:11,258 [grpc-default-executor-2] INFO  impl.SnapshotInstallationHandler (SnapshotInstallationHandler.java:installSnapshot(84)) - omNode-2@group-523986131536: receive installSnapshot: omNode-1->omNode-2#0-t7,notify:(t:7, i:61)
2022-10-18 03:54:11,258 [grpc-default-executor-2] INFO  impl.SnapshotInstallationHandler (SnapshotInstallationHandler.java:installSnapshot(95)) - omNode-2@group-523986131536: reply installSnapshot: omNode-1<-omNode-2#0:FAIL-t7,IN_PROGRESS
2022-10-18 03:54:11,258 [grpc-default-executor-2] INFO  server.GrpcServerProtocolService (GrpcServerProtocolService.java:onCompleted(140)) - omNode-2: Completed INSTALL_SNAPSHOT, lastRequest: omNode-1->omNode-2#0-t7,notify:(t:7, i:61)
2022-10-18 03:54:11,259 [grpc-default-executor-1] INFO  server.GrpcLogAppender (GrpcLogAppender.java:onNext(403)) - omNode-1@group-523986131536->omNode-2-InstallSnapshotResponseHandler: received a reply omNode-1<-omNode-2#0:FAIL-t7,IN_PROGRESS
2022-10-18 03:54:11,259 [grpc-default-executor-1] INFO  server.GrpcLogAppender (GrpcLogAppender.java:onNext(421)) - omNode-1@group-523986131536->omNode-2-InstallSnapshotResponseHandler: InstallSnapshot in progress.
2022-10-18 03:54:11,260 [omNode-1@group-523986131536->omNode-2-GrpcLogAppender-LogAppenderDaemon] INFO  server.GrpcLogAppender (GrpcLogAppender.java:installSnapshot(541)) - omNode-1@group-523986131536->omNode-2-GrpcLogAppender: followerNextIndex = 59 but logStartIndex = 61, notify follower to install snapshot-(t:7, i:61)
2022-10-18 03:54:11,260 [omNode-1@group-523986131536->omNode-2-GrpcLogAppender-LogAppenderDaemon] INFO  server.GrpcLogAppender (GrpcLogAppender.java:installSnapshot(549)) - omNode-1@group-523986131536->omNode-2-GrpcLogAppender: send omNode-1->omNode-2#0-t7,notify:(t:7, i:61)
2022-10-18 03:54:11,260 [grpc-default-executor-1] INFO  leader.FollowerInfo (FollowerInfoImpl.java:lambda$new$0(48)) - omNode-1@group-523986131536->omNode-2: nextIndex: updateUnconditionally 59 -> 59
2022-10-18 03:54:11,273 [omNode-2-server-thread1] INFO  server.RaftServer$Division (RaftServerImpl.java:checkInconsistentAppendEntries(1402)) - omNode-2@group-523986131536: Failed appendEntries as snapshot (61) installation is in progress
2022-10-18 03:54:11,273 [omNode-2-server-thread1] INFO  server.RaftServer$Division (RaftServerImpl.java:checkInconsistentAppendEntries(1394)) - omNode-2@group-523986131536: inconsistency entries. Reply:omNode-1<-omNode-2#432:FAIL-t7,INCONSISTENCY,nextIndex=59,followerCommit=58
2022-10-18 03:54:11,274 [grpc-default-executor-3] INFO  impl.SnapshotInstallationHandler (SnapshotInstallationHandler.java:installSnapshot(84)) - omNode-2@group-523986131536: receive installSnapshot: omNode-1->omNode-2#0-t7,notify:(t:7, i:61)
2022-10-18 03:54:11,274 [grpc-default-executor-3] INFO  impl.SnapshotInstallationHandler (SnapshotInstallationHandler.java:installSnapshot(95)) - omNode-2@group-523986131536: reply installSnapshot: omNode-1<-omNode-2#0:FAIL-t7,IN_PROGRESS
2022-10-18 03:54:11,275 [grpc-default-executor-3] INFO  server.GrpcServerProtocolService (GrpcServerProtocolService.java:onCompleted(140)) - omNode-2: Completed INSTALL_SNAPSHOT, lastRequest: omNode-1->omNode-2#0-t7,notify:(t:7, i:61)
2022-10-18 03:54:11,280 [grpc-default-executor-3] INFO  leader.FollowerInfo (FollowerInfoImpl.java:lambda$new$0(48)) - omNode-1@group-523986131536->omNode-2: nextIndex: updateUnconditionally 59 -> 59
2022-10-18 03:54:11,280 [grpc-default-executor-3] INFO  server.GrpcLogAppender (GrpcLogAppender.java:onNext(403)) - omNode-1@group-523986131536->omNode-2-InstallSnapshotResponseHandler: received a reply omNode-1<-omNode-2#0:FAIL-t7,IN_PROGRESS
2022-10-18 03:54:11,280 [grpc-default-executor-3] INFO  server.GrpcLogAppender (GrpcLogAppender.java:onNext(421)) - omNode-1@group-523986131536->omNode-2-InstallSnapshotResponseHandler: InstallSnapshot in progress.
2022-10-18 03:54:11,283 [omNode-1@group-523986131536->omNode-2-GrpcLogAppender-LogAppenderDaemon] INFO  server.GrpcLogAppender (GrpcLogAppender.java:installSnapshot(541)) - omNode-1@group-523986131536->omNode-2-GrpcLogAppender: followerNextIndex = 59 but logStartIndex = 61, notify follower to install snapshot-(t:7, i:61)
2022-10-18 03:54:11,283 [omNode-1@group-523986131536->omNode-2-GrpcLogAppender-LogAppenderDaemon] INFO  server.GrpcLogAppender (GrpcLogAppender.java:installSnapshot(549)) - omNode-1@group-523986131536->omNode-2-GrpcLogAppender: send omNode-1->omNode-2#0-t7,notify:(t:7, i:61)
2022-10-18 03:54:11,284 [omNode-2-server-thread1] INFO  server.RaftServer$Division (RaftServerImpl.java:checkInconsistentAppendEntries(1402)) - omNode-2@group-523986131536: Failed appendEntries as snapshot (61) installation is in progress
2022-10-18 03:54:11,284 [omNode-2-server-thread1] INFO  server.RaftServer$Division (RaftServerImpl.java:checkInconsistentAppendEntries(1394)) - omNode-2@group-523986131536: inconsistency entries. Reply:omNode-1<-omNode-2#433:FAIL-t7,INCONSISTENCY,nextIndex=59,followerCommit=58
2022-10-18 03:54:11,284 [grpc-default-executor-0] INFO  impl.SnapshotInstallationHandler (SnapshotInstallationHandler.java:installSnapshot(84)) - omNode-2@group-523986131536: receive installSnapshot: omNode-1->omNode-2#0-t7,notify:(t:7, i:61)
2022-10-18 03:54:11,285 [grpc-default-executor-0] INFO  impl.SnapshotInstallationHandler (SnapshotInstallationHandler.java:installSnapshot(95)) - omNode-2@group-523986131536: reply installSnapshot: omNode-1<-omNode-2#0:FAIL-t7,IN_PROGRESS
2022-10-18 03:54:11,285 [grpc-default-executor-0] INFO  server.GrpcServerProtocolService (GrpcServerProtocolService.java:onCompleted(140)) - omNode-2: Completed INSTALL_SNAPSHOT, lastRequest: omNode-1->omNode-2#0-t7,notify:(t:7, i:61)
2022-10-18 03:54:11,285 [grpc-default-executor-1] INFO  server.GrpcLogAppender (GrpcLogAppender.java:onNext(403)) - omNode-1@group-523986131536->omNode-2-InstallSnapshotResponseHandler: received a reply omNode-1<-omNode-2#0:FAIL-t7,IN_PROGRESS
2022-10-18 03:54:11,285 [grpc-default-executor-1] INFO  server.GrpcLogAppender (GrpcLogAppender.java:onNext(421)) - omNode-1@group-523986131536->omNode-2-InstallSnapshotResponseHandler: InstallSnapshot in progress.
2022-10-18 03:54:11,286 [omNode-1@group-523986131536->omNode-2-GrpcLogAppender-LogAppenderDaemon] INFO  server.GrpcLogAppender (GrpcLogAppender.java:installSnapshot(541)) - omNode-1@group-523986131536->omNode-2-GrpcLogAppender: followerNextIndex = 59 but logStartIndex = 61, notify follower to install snapshot-(t:7, i:61)
2022-10-18 03:54:11,286 [omNode-1@group-523986131536->omNode-2-GrpcLogAppender-LogAppenderDaemon] INFO  server.GrpcLogAppender (GrpcLogAppender.java:installSnapshot(549)) - omNode-1@group-523986131536->omNode-2-GrpcLogAppender: send omNode-1->omNode-2#0-t7,notify:(t:7, i:61)
2022-10-18 03:54:11,286 [grpc-default-executor-0] INFO  leader.FollowerInfo (FollowerInfoImpl.java:lambda$new$0(48)) - omNode-1@group-523986131536->omNode-2: nextIndex: updateUnconditionally 59 -> 59
2022-10-18 03:54:11,288 [omNode-2-server-thread1] INFO  server.RaftServer$Division (RaftServerImpl.java:checkInconsistentAppendEntries(1402)) - omNode-2@group-523986131536: Failed appendEntries as snapshot (61) installation is in progress
2022-10-18 03:54:11,288 [omNode-2-server-thread1] INFO  server.RaftServer$Division (RaftServerImpl.java:checkInconsistentAppendEntries(1394)) - omNode-2@group-523986131536: inconsistency entries. Reply:omNode-1<-omNode-2#434:FAIL-t7,INCONSISTENCY,nextIndex=59,followerCommit=58
2022-10-18 03:54:11,289 [grpc-default-executor-0] INFO  impl.SnapshotInstallationHandler (SnapshotInstallationHandler.java:installSnapshot(84)) - omNode-2@group-523986131536: receive installSnapshot: omNode-1->omNode-2#0-t7,notify:(t:7, i:61)
2022-10-18 03:54:11,289 [grpc-default-executor-0] INFO  impl.SnapshotInstallationHandler (SnapshotInstallationHandler.java:installSnapshot(95)) - omNode-2@group-523986131536: reply installSnapshot: omNode-1<-omNode-2#0:FAIL-t7,IN_PROGRESS
2022-10-18 03:54:11,289 [grpc-default-executor-0] INFO  server.GrpcServerProtocolService (GrpcServerProtocolService.java:onCompleted(140)) - omNode-2: Completed INSTALL_SNAPSHOT, lastRequest: omNode-1->omNode-2#0-t7,notify:(t:7, i:61)
2022-10-18 03:54:11,289 [grpc-default-executor-2] INFO  leader.FollowerInfo (FollowerInfoImpl.java:lambda$new$0(48)) - omNode-1@group-523986131536->omNode-2: nextIndex: updateUnconditionally 59 -> 59
2022-10-18 03:54:11,289 [grpc-default-executor-0] INFO  server.GrpcLogAppender (GrpcLogAppender.java:onNext(403)) - omNode-1@group-523986131536->omNode-2-InstallSnapshotResponseHandler: received a reply omNode-1<-omNode-2#0:FAIL-t7,IN_PROGRESS
2022-10-18 03:54:11,289 [grpc-default-executor-0] INFO  server.GrpcLogAppender (GrpcLogAppender.java:onNext(421)) - omNode-1@group-523986131536->omNode-2-InstallSnapshotResponseHandler: InstallSnapshot in progress.
2022-10-18 03:54:11,292 [omNode-1@group-523986131536->omNode-2-GrpcLogAppender-LogAppenderDaemon] INFO  server.GrpcLogAppender (GrpcLogAppender.java:installSnapshot(541)) - omNode-1@group-523986131536->omNode-2-GrpcLogAppender: followerNextIndex = 59 but logStartIndex = 61, notify follower to install snapshot-(t:7, i:61)
2022-10-18 03:54:11,292 [omNode-1@group-523986131536->omNode-2-GrpcLogAppender-LogAppenderDaemon] INFO  server.GrpcLogAppender (GrpcLogAppender.java:installSnapshot(549)) - omNode-1@group-523986131536->omNode-2-GrpcLogAppender: send omNode-1->omNode-2#0-t7,notify:(t:7, i:61)
2022-10-18 03:54:11,293 [omNode-2-server-thread1] INFO  server.RaftServer$Division (RaftServerImpl.java:checkInconsistentAppendEntries(1402)) - omNode-2@group-523986131536: Failed appendEntries as snapshot (61) installation is in progress
2022-10-18 03:54:11,293 [omNode-2-server-thread1] INFO  server.RaftServer$Division (RaftServerImpl.java:checkInconsistentAppendEntries(1394)) - omNode-2@group-523986131536: inconsistency entries. Reply:omNode-1<-omNode-2#435:FAIL-t7,INCONSISTENCY,nextIndex=59,followerCommit=58
2022-10-18 03:54:11,294 [grpc-default-executor-1] INFO  leader.FollowerInfo (FollowerInfoImpl.java:lambda$new$0(48)) - omNode-1@group-523986131536->omNode-2: nextIndex: updateUnconditionally 59 -> 59
2022-10-18 03:54:11,298 [grpc-default-executor-0] INFO  impl.SnapshotInstallationHandler (SnapshotInstallationHandler.java:installSnapshot(84)) - omNode-2@group-523986131536: receive installSnapshot: omNode-1->omNode-2#0-t7,notify:(t:7, i:61)
2022-10-18 03:54:11,298 [grpc-default-executor-0] INFO  impl.SnapshotInstallationHandler (SnapshotInstallationHandler.java:installSnapshot(95)) - omNode-2@group-523986131536: reply installSnapshot: omNode-1<-omNode-2#0:FAIL-t7,IN_PROGRESS
2022-10-18 03:54:11,298 [grpc-default-executor-0] INFO  server.GrpcServerProtocolService (GrpcServerProtocolService.java:onCompleted(140)) - omNode-2: Completed INSTALL_SNAPSHOT, lastRequest: omNode-1->omNode-2#0-t7,notify:(t:7, i:61)
2022-10-18 03:54:11,300 [grpc-default-executor-0] INFO  server.GrpcLogAppender (GrpcLogAppender.java:onNext(403)) - omNode-1@group-523986131536->omNode-2-InstallSnapshotResponseHandler: received a reply omNode-1<-omNode-2#0:FAIL-t7,IN_PROGRESS
2022-10-18 03:54:11,300 [grpc-default-executor-0] INFO  server.GrpcLogAppender (GrpcLogAppender.java:onNext(421)) - omNode-1@group-523986131536->omNode-2-InstallSnapshotResponseHandler: InstallSnapshot in progress.
2022-10-18 03:54:11,301 [omNode-1@group-523986131536->omNode-2-GrpcLogAppender-LogAppenderDaemon] INFO  server.GrpcLogAppender (GrpcLogAppender.java:installSnapshot(541)) - omNode-1@group-523986131536->omNode-2-GrpcLogAppender: followerNextIndex = 59 but logStartIndex = 61, notify follower to install snapshot-(t:7, i:61)
2022-10-18 03:54:11,301 [omNode-1@group-523986131536->omNode-2-GrpcLogAppender-LogAppenderDaemon] INFO  server.GrpcLogAppender (GrpcLogAppender.java:installSnapshot(549)) - omNode-1@group-523986131536->omNode-2-GrpcLogAppender: send omNode-1->omNode-2#0-t7,notify:(t:7, i:61)
2022-10-18 03:54:11,303 [omNode-2-server-thread1] INFO  server.RaftServer$Division (RaftServerImpl.java:checkInconsistentAppendEntries(1402)) - omNode-2@group-523986131536: Failed appendEntries as snapshot (61) installation is in progress
2022-10-18 03:54:11,303 [omNode-2-server-thread1] INFO  server.RaftServer$Division (RaftServerImpl.java:checkInconsistentAppendEntries(1394)) - omNode-2@group-523986131536: inconsistency entries. Reply:omNode-1<-omNode-2#436:FAIL-t7,INCONSISTENCY,nextIndex=59,followerCommit=58
2022-10-18 03:54:11,303 [grpc-default-executor-2] INFO  leader.FollowerInfo (FollowerInfoImpl.java:lambda$new$0(48)) - omNode-1@group-523986131536->omNode-2: nextIndex: updateUnconditionally 59 -> 59
2022-10-18 03:54:11,304 [grpc-default-executor-2] INFO  impl.SnapshotInstallationHandler (SnapshotInstallationHandler.java:installSnapshot(84)) - omNode-2@group-523986131536: receive installSnapshot: omNode-1->omNode-2#0-t7,notify:(t:7, i:61)
2022-10-18 03:54:11,304 [grpc-default-executor-2] INFO  impl.SnapshotInstallationHandler (SnapshotInstallationHandler.java:installSnapshot(95)) - omNode-2@group-523986131536: reply installSnapshot: omNode-1<-omNode-2#0:FAIL-t7,IN_PROGRESS
2022-10-18 03:54:11,305 [grpc-default-executor-2] INFO  server.GrpcServerProtocolService (GrpcServerProtocolService.java:onCompleted(140)) - omNode-2: Completed INSTALL_SNAPSHOT, lastRequest: omNode-1->omNode-2#0-t7,notify:(t:7, i:61)
2022-10-18 03:54:11,305 [grpc-default-executor-2] INFO  server.GrpcLogAppender (GrpcLogAppender.java:onNext(403)) - omNode-1@group-523986131536->omNode-2-InstallSnapshotResponseHandler: received a reply omNode-1<-omNode-2#0:FAIL-t7,IN_PROGRESS
2022-10-18 03:54:11,305 [grpc-default-executor-2] INFO  server.GrpcLogAppender (GrpcLogAppender.java:onNext(421)) - omNode-1@group-523986131536->omNode-2-InstallSnapshotResponseHandler: InstallSnapshot in progress.
2022-10-18 03:54:11,306 [omNode-1@group-523986131536->omNode-2-GrpcLogAppender-LogAppenderDaemon] INFO  server.GrpcLogAppender (GrpcLogAppender.java:installSnapshot(541)) - omNode-1@group-523986131536->omNode-2-GrpcLogAppender: followerNextIndex = 59 but logStartIndex = 61, notify follower to install snapshot-(t:7, i:61)
2022-10-18 03:54:11,306 [omNode-1@group-523986131536->omNode-2-GrpcLogAppender-LogAppenderDaemon] INFO  server.GrpcLogAppender (GrpcLogAppender.java:installSnapshot(549)) - omNode-1@group-523986131536->omNode-2-GrpcLogAppender: send omNode-1->omNode-2#0-t7,notify:(t:7, i:61)
2022-10-18 03:54:11,311 [omNode-2-server-thread1] INFO  server.RaftServer$Division (RaftServerImpl.java:checkInconsistentAppendEntries(1402)) - omNode-2@group-523986131536: Failed appendEntries as snapshot (61) installation is in progress
2022-10-18 03:54:11,311 [omNode-2-server-thread1] INFO  server.RaftServer$Division (RaftServerImpl.java:checkInconsistentAppendEntries(1394)) - omNode-2@group-523986131536: inconsistency entries. Reply:omNode-1<-omNode-2#437:FAIL-t7,INCONSISTENCY,nextIndex=59,followerCommit=58
2022-10-18 03:54:11,311 [grpc-default-executor-2] INFO  impl.SnapshotInstallationHandler (SnapshotInstallationHandler.java:installSnapshot(84)) - omNode-2@group-523986131536: receive installSnapshot: omNode-1->omNode-2#0-t7,notify:(t:7, i:61)
2022-10-18 03:54:11,312 [grpc-default-executor-0] INFO  leader.FollowerInfo (FollowerInfoImpl.java:lambda$new$0(48)) - omNode-1@group-523986131536->omNode-2: nextIndex: updateUnconditionally 59 -> 59
2022-10-18 03:54:11,321 [grpc-default-executor-2] INFO  impl.SnapshotInstallationHandler (SnapshotInstallationHandler.java:installSnapshot(95)) - omNode-2@group-523986131536: reply installSnapshot: omNode-1<-omNode-2#0:FAIL-t7,IN_PROGRESS
2022-10-18 03:54:11,321 [grpc-default-executor-2] INFO  server.GrpcServerProtocolService (GrpcServerProtocolService.java:onCompleted(140)) - omNode-2: Completed INSTALL_SNAPSHOT, lastRequest: omNode-1->omNode-2#0-t7,notify:(t:7, i:61)
2022-10-18 03:54:11,323 [grpc-default-executor-1] INFO  server.GrpcLogAppender (GrpcLogAppender.java:onNext(403)) - omNode-1@group-523986131536->omNode-2-InstallSnapshotResponseHandler: received a reply omNode-1<-omNode-2#0:FAIL-t7,IN_PROGRESS
2022-10-18 03:54:11,323 [grpc-default-executor-1] INFO  server.GrpcLogAppender (GrpcLogAppender.java:onNext(421)) - omNode-1@group-523986131536->omNode-2-InstallSnapshotResponseHandler: InstallSnapshot in progress.
2022-10-18 03:54:11,324 [omNode-1@group-523986131536->omNode-2-GrpcLogAppender-LogAppenderDaemon] INFO  server.GrpcLogAppender (GrpcLogAppender.java:installSnapshot(541)) - omNode-1@group-523986131536->omNode-2-GrpcLogAppender: followerNextIndex = 59 but logStartIndex = 61, notify follower to install snapshot-(t:7, i:61)
2022-10-18 03:54:11,324 [omNode-1@group-523986131536->omNode-2-GrpcLogAppender-LogAppenderDaemon] INFO  server.GrpcLogAppender (GrpcLogAppender.java:installSnapshot(549)) - omNode-1@group-523986131536->omNode-2-GrpcLogAppender: send omNode-1->omNode-2#0-t7,notify:(t:7, i:61)
2022-10-18 03:54:11,324 [omNode-2-server-thread1] INFO  server.RaftServer$Division (RaftServerImpl.java:checkInconsistentAppendEntries(1402)) - omNode-2@group-523986131536: Failed appendEntries as snapshot (61) installation is in progress
2022-10-18 03:54:11,324 [omNode-2-server-thread1] INFO  server.RaftServer$Division (RaftServerImpl.java:checkInconsistentAppendEntries(1394)) - omNode-2@group-523986131536: inconsistency entries. Reply:omNode-1<-omNode-2#438:FAIL-t7,INCONSISTENCY,nextIndex=59,followerCommit=58
2022-10-18 03:54:11,325 [grpc-default-executor-2] INFO  leader.FollowerInfo (FollowerInfoImpl.java:lambda$new$0(48)) - omNode-1@group-523986131536->omNode-2: nextIndex: updateUnconditionally 59 -> 59
2022-10-18 03:54:11,328 [grpc-default-executor-1] INFO  impl.SnapshotInstallationHandler (SnapshotInstallationHandler.java:installSnapshot(84)) - omNode-2@group-523986131536: receive installSnapshot: omNode-1->omNode-2#0-t7,notify:(t:7, i:61)
2022-10-18 03:54:11,328 [grpc-default-executor-1] INFO  impl.SnapshotInstallationHandler (SnapshotInstallationHandler.java:installSnapshot(95)) - omNode-2@group-523986131536: reply installSnapshot: omNode-1<-omNode-2#0:FAIL-t7,IN_PROGRESS
2022-10-18 03:54:11,328 [grpc-default-executor-1] INFO  server.GrpcServerProtocolService (GrpcServerProtocolService.java:onCompleted(140)) - omNode-2: Completed INSTALL_SNAPSHOT, lastRequest: omNode-1->omNode-2#0-t7,notify:(t:7, i:61)
2022-10-18 03:54:11,329 [grpc-default-executor-1] INFO  server.GrpcLogAppender (GrpcLogAppender.java:onNext(403)) - omNode-1@group-523986131536->omNode-2-InstallSnapshotResponseHandler: received a reply omNode-1<-omNode-2#0:FAIL-t7,IN_PROGRESS
2022-10-18 03:54:11,329 [grpc-default-executor-1] INFO  server.GrpcLogAppender (GrpcLogAppender.java:onNext(421)) - omNode-1@group-523986131536->omNode-2-InstallSnapshotResponseHandler: InstallSnapshot in progress.
2022-10-18 03:54:11,329 [omNode-1@group-523986131536->omNode-2-GrpcLogAppender-LogAppenderDaemon] INFO  server.GrpcLogAppender (GrpcLogAppender.java:installSnapshot(541)) - omNode-1@group-523986131536->omNode-2-GrpcLogAppender: followerNextIndex = 59 but logStartIndex = 61, notify follower to install snapshot-(t:7, i:61)
2022-10-18 03:54:11,329 [omNode-1@group-523986131536->omNode-2-GrpcLogAppender-LogAppenderDaemon] INFO  server.GrpcLogAppender (GrpcLogAppender.java:installSnapshot(549)) - omNode-1@group-523986131536->omNode-2-GrpcLogAppender: send omNode-1->omNode-2#0-t7,notify:(t:7, i:61)
2022-10-18 03:54:11,330 [omNode-2-server-thread1] INFO  server.RaftServer$Division (RaftServerImpl.java:checkInconsistentAppendEntries(1402)) - omNode-2@group-523986131536: Failed appendEntries as snapshot (61) installation is in progress
2022-10-18 03:54:11,330 [omNode-2-server-thread1] INFO  server.RaftServer$Division (RaftServerImpl.java:checkInconsistentAppendEntries(1394)) - omNode-2@group-523986131536: inconsistency entries. Reply:omNode-1<-omNode-2#439:FAIL-t7,INCONSISTENCY,nextIndex=59,followerCommit=58
2022-10-18 03:54:11,331 [grpc-default-executor-2] INFO  impl.SnapshotInstallationHandler (SnapshotInstallationHandler.java:installSnapshot(84)) - omNode-2@group-523986131536: receive installSnapshot: omNode-1->omNode-2#0-t7,notify:(t:7, i:61)
2022-10-18 03:54:11,331 [grpc-default-executor-2] INFO  impl.SnapshotInstallationHandler (SnapshotInstallationHandler.java:installSnapshot(95)) - omNode-2@group-523986131536: reply installSnapshot: omNode-1<-omNode-2#0:FAIL-t7,IN_PROGRESS
2022-10-18 03:54:11,331 [grpc-default-executor-2] INFO  server.GrpcServerProtocolService (GrpcServerProtocolService.java:onCompleted(140)) - omNode-2: Completed INSTALL_SNAPSHOT, lastRequest: omNode-1->omNode-2#0-t7,notify:(t:7, i:61)
2022-10-18 03:54:11,332 [grpc-default-executor-2] INFO  server.GrpcLogAppender (GrpcLogAppender.java:onNext(403)) - omNode-1@group-523986131536->omNode-2-InstallSnapshotResponseHandler: received a reply omNode-1<-omNode-2#0:FAIL-t7,IN_PROGRESS
2022-10-18 03:54:11,332 [grpc-default-executor-2] INFO  server.GrpcLogAppender (GrpcLogAppender.java:onNext(421)) - omNode-1@group-523986131536->omNode-2-InstallSnapshotResponseHandler: InstallSnapshot in progress.
2022-10-18 03:54:11,333 [omNode-1@group-523986131536->omNode-2-GrpcLogAppender-LogAppenderDaemon] INFO  server.GrpcLogAppender (GrpcLogAppender.java:installSnapshot(541)) - omNode-1@group-523986131536->omNode-2-GrpcLogAppender: followerNextIndex = 59 but logStartIndex = 61, notify follower to install snapshot-(t:7, i:61)
2022-10-18 03:54:11,333 [grpc-default-executor-2] INFO  leader.FollowerInfo (FollowerInfoImpl.java:lambda$new$0(48)) - omNode-1@group-523986131536->omNode-2: nextIndex: updateUnconditionally 59 -> 59
2022-10-18 03:54:11,333 [omNode-1@group-523986131536->omNode-2-GrpcLogAppender-LogAppenderDaemon] INFO  server.GrpcLogAppender (GrpcLogAppender.java:installSnapshot(549)) - omNode-1@group-523986131536->omNode-2-GrpcLogAppender: send omNode-1->omNode-2#0-t7,notify:(t:7, i:61)
2022-10-18 03:54:11,334 [omNode-2-server-thread1] INFO  server.RaftServer$Division (RaftServerImpl.java:checkInconsistentAppendEntries(1402)) - omNode-2@group-523986131536: Failed appendEntries as snapshot (61) installation is in progress
2022-10-18 03:54:11,334 [omNode-2-server-thread1] INFO  server.RaftServer$Division (RaftServerImpl.java:checkInconsistentAppendEntries(1394)) - omNode-2@group-523986131536: inconsistency entries. Reply:omNode-1<-omNode-2#440:FAIL-t7,INCONSISTENCY,nextIndex=59,followerCommit=58
2022-10-18 03:54:11,337 [grpc-default-executor-2] INFO  impl.SnapshotInstallationHandler (SnapshotInstallationHandler.java:installSnapshot(84)) - omNode-2@group-523986131536: receive installSnapshot: omNode-1->omNode-2#0-t7,notify:(t:7, i:61)
2022-10-18 03:54:11,337 [grpc-default-executor-2] INFO  impl.SnapshotInstallationHandler (SnapshotInstallationHandler.java:installSnapshot(95)) - omNode-2@group-523986131536: reply installSnapshot: omNode-1<-omNode-2#0:FAIL-t7,IN_PROGRESS
2022-10-18 03:54:11,338 [grpc-default-executor-2] INFO  server.GrpcServerProtocolService (GrpcServerProtocolService.java:onCompleted(140)) - omNode-2: Completed INSTALL_SNAPSHOT, lastRequest: omNode-1->omNode-2#0-t7,notify:(t:7, i:61)
2022-10-18 03:54:11,348 [grpc-default-executor-2] INFO  leader.FollowerInfo (FollowerInfoImpl.java:lambda$new$0(48)) - omNode-1@group-523986131536->omNode-2: nextIndex: updateUnconditionally 59 -> 59
2022-10-18 03:54:11,349 [grpc-default-executor-1] INFO  server.GrpcLogAppender (GrpcLogAppender.java:onNext(403)) - omNode-1@group-523986131536->omNode-2-InstallSnapshotResponseHandler: received a reply omNode-1<-omNode-2#0:FAIL-t7,IN_PROGRESS
2022-10-18 03:54:11,349 [grpc-default-executor-1] INFO  server.GrpcLogAppender (GrpcLogAppender.java:onNext(421)) - omNode-1@group-523986131536->omNode-2-InstallSnapshotResponseHandler: InstallSnapshot in progress.
2022-10-18 03:54:11,349 [omNode-1@group-523986131536->omNode-2-GrpcLogAppender-LogAppenderDaemon] INFO  server.GrpcLogAppender (GrpcLogAppender.java:installSnapshot(541)) - omNode-1@group-523986131536->omNode-2-GrpcLogAppender: followerNextIndex = 59 but logStartIndex = 61, notify follower to install snapshot-(t:7, i:61)
2022-10-18 03:54:11,349 [omNode-1@group-523986131536->omNode-2-GrpcLogAppender-LogAppenderDaemon] INFO  server.GrpcLogAppender (GrpcLogAppender.java:installSnapshot(549)) - omNode-1@group-523986131536->omNode-2-GrpcLogAppender: send omNode-1->omNode-2#0-t7,notify:(t:7, i:61)
2022-10-18 03:54:11,353 [grpc-default-executor-0] INFO  impl.SnapshotInstallationHandler (SnapshotInstallationHandler.java:installSnapshot(84)) - omNode-2@group-523986131536: receive installSnapshot: omNode-1->omNode-2#0-t7,notify:(t:7, i:61)
2022-10-18 03:54:11,353 [grpc-default-executor-0] INFO  impl.SnapshotInstallationHandler (SnapshotInstallationHandler.java:installSnapshot(95)) - omNode-2@group-523986131536: reply installSnapshot: omNode-1<-omNode-2#0:FAIL-t7,IN_PROGRESS
2022-10-18 03:54:11,354 [omNode-2-server-thread1] INFO  server.RaftServer$Division (RaftServerImpl.java:checkInconsistentAppendEntries(1402)) - omNode-2@group-523986131536: Failed appendEntries as snapshot (61) installation is in progress
2022-10-18 03:54:11,354 [omNode-2-server-thread1] INFO  server.RaftServer$Division (RaftServerImpl.java:checkInconsistentAppendEntries(1394)) - omNode-2@group-523986131536: inconsistency entries. Reply:omNode-1<-omNode-2#441:FAIL-t7,INCONSISTENCY,nextIndex=59,followerCommit=58
2022-10-18 03:54:11,354 [grpc-default-executor-0] INFO  server.GrpcServerProtocolService (GrpcServerProtocolService.java:onCompleted(140)) - omNode-2: Completed INSTALL_SNAPSHOT, lastRequest: omNode-1->omNode-2#0-t7,notify:(t:7, i:61)
2022-10-18 03:54:11,356 [grpc-default-executor-1] INFO  server.GrpcLogAppender (GrpcLogAppender.java:onNext(403)) - omNode-1@group-523986131536->omNode-2-InstallSnapshotResponseHandler: received a reply omNode-1<-omNode-2#0:FAIL-t7,IN_PROGRESS
2022-10-18 03:54:11,356 [grpc-default-executor-1] INFO  server.GrpcLogAppender (GrpcLogAppender.java:onNext(421)) - omNode-1@group-523986131536->omNode-2-InstallSnapshotResponseHandler: InstallSnapshot in progress.
2022-10-18 03:54:11,356 [omNode-1@group-523986131536->omNode-2-GrpcLogAppender-LogAppenderDaemon] INFO  server.GrpcLogAppender (GrpcLogAppender.java:installSnapshot(541)) - omNode-1@group-523986131536->omNode-2-GrpcLogAppender: followerNextIndex = 59 but logStartIndex = 61, notify follower to install snapshot-(t:7, i:61)
2022-10-18 03:54:11,356 [omNode-1@group-523986131536->omNode-2-GrpcLogAppender-LogAppenderDaemon] INFO  server.GrpcLogAppender (GrpcLogAppender.java:installSnapshot(549)) - omNode-1@group-523986131536->omNode-2-GrpcLogAppender: send omNode-1->omNode-2#0-t7,notify:(t:7, i:61)
2022-10-18 03:54:11,357 [grpc-default-executor-2] INFO  leader.FollowerInfo (FollowerInfoImpl.java:lambda$new$0(48)) - omNode-1@group-523986131536->omNode-2: nextIndex: updateUnconditionally 59 -> 59
2022-10-18 03:54:11,358 [grpc-default-executor-1] INFO  impl.SnapshotInstallationHandler (SnapshotInstallationHandler.java:installSnapshot(84)) - omNode-2@group-523986131536: receive installSnapshot: omNode-1->omNode-2#0-t7,notify:(t:7, i:61)
2022-10-18 03:54:11,358 [grpc-default-executor-1] INFO  impl.SnapshotInstallationHandler (SnapshotInstallationHandler.java:installSnapshot(95)) - omNode-2@group-523986131536: reply installSnapshot: omNode-1<-omNode-2#0:FAIL-t7,IN_PROGRESS
2022-10-18 03:54:11,358 [grpc-default-executor-1] INFO  server.GrpcServerProtocolService (GrpcServerProtocolService.java:onCompleted(140)) - omNode-2: Completed INSTALL_SNAPSHOT, lastRequest: omNode-1->omNode-2#0-t7,notify:(t:7, i:61)
2022-10-18 03:54:11,359 [grpc-default-executor-1] INFO  server.GrpcLogAppender (GrpcLogAppender.java:onNext(403)) - omNode-1@group-523986131536->omNode-2-InstallSnapshotResponseHandler: received a reply omNode-1<-omNode-2#0:FAIL-t7,IN_PROGRESS
2022-10-18 03:54:11,359 [grpc-default-executor-1] INFO  server.GrpcLogAppender (GrpcLogAppender.java:onNext(421)) - omNode-1@group-523986131536->omNode-2-InstallSnapshotResponseHandler: InstallSnapshot in progress.
2022-10-18 03:54:11,359 [omNode-2-server-thread1] INFO  server.RaftServer$Division (RaftServerImpl.java:checkInconsistentAppendEntries(1402)) - omNode-2@group-523986131536: Failed appendEntries as snapshot (61) installation is in progress
2022-10-18 03:54:11,359 [omNode-2-server-thread1] INFO  server.RaftServer$Division (RaftServerImpl.java:checkInconsistentAppendEntries(1394)) - omNode-2@group-523986131536: inconsistency entries. Reply:omNode-1<-omNode-2#442:FAIL-t7,INCONSISTENCY,nextIndex=59,followerCommit=58
2022-10-18 03:54:11,359 [omNode-1@group-523986131536->omNode-2-GrpcLogAppender-LogAppenderDaemon] INFO  server.GrpcLogAppender (GrpcLogAppender.java:installSnapshot(541)) - omNode-1@group-523986131536->omNode-2-GrpcLogAppender: followerNextIndex = 59 but logStartIndex = 61, notify follower to install snapshot-(t:7, i:61)
2022-10-18 03:54:11,359 [omNode-1@group-523986131536->omNode-2-GrpcLogAppender-LogAppenderDaemon] INFO  server.GrpcLogAppender (GrpcLogAppender.java:installSnapshot(549)) - omNode-1@group-523986131536->omNode-2-GrpcLogAppender: send omNode-1->omNode-2#0-t7,notify:(t:7, i:61)
2022-10-18 03:54:11,369 [omNode-2-server-thread1] INFO  server.RaftServer$Division (RaftServerImpl.java:checkInconsistentAppendEntries(1402)) - omNode-2@group-523986131536: Failed appendEntries as snapshot (61) installation is in progress
2022-10-18 03:54:11,370 [omNode-2-server-thread1] INFO  server.RaftServer$Division (RaftServerImpl.java:checkInconsistentAppendEntries(1394)) - omNode-2@group-523986131536: inconsistency entries. Reply:omNode-1<-omNode-2#443:FAIL-t7,INCONSISTENCY,nextIndex=59,followerCommit=58
2022-10-18 03:54:11,370 [grpc-default-executor-1] INFO  leader.FollowerInfo (FollowerInfoImpl.java:lambda$new$0(48)) - omNode-1@group-523986131536->omNode-2: nextIndex: updateUnconditionally 59 -> 59
2022-10-18 03:54:11,373 [grpc-default-executor-2] INFO  impl.SnapshotInstallationHandler (SnapshotInstallationHandler.java:installSnapshot(84)) - omNode-2@group-523986131536: receive installSnapshot: omNode-1->omNode-2#0-t7,notify:(t:7, i:61)
2022-10-18 03:54:11,373 [grpc-default-executor-2] INFO  impl.SnapshotInstallationHandler (SnapshotInstallationHandler.java:installSnapshot(95)) - omNode-2@group-523986131536: reply installSnapshot: omNode-1<-omNode-2#0:FAIL-t7,IN_PROGRESS
2022-10-18 03:54:11,373 [grpc-default-executor-3] INFO  leader.FollowerInfo (FollowerInfoImpl.java:lambda$new$0(48)) - omNode-1@group-523986131536->omNode-2: nextIndex: updateUnconditionally 59 -> 59
2022-10-18 03:54:11,373 [grpc-default-executor-2] INFO  server.GrpcServerProtocolService (GrpcServerProtocolService.java:onCompleted(140)) - omNode-2: Completed INSTALL_SNAPSHOT, lastRequest: omNode-1->omNode-2#0-t7,notify:(t:7, i:61)
2022-10-18 03:54:11,374 [grpc-default-executor-3] INFO  server.GrpcLogAppender (GrpcLogAppender.java:onNext(403)) - omNode-1@group-523986131536->omNode-2-InstallSnapshotResponseHandler: received a reply omNode-1<-omNode-2#0:FAIL-t7,IN_PROGRESS
2022-10-18 03:54:11,374 [grpc-default-executor-3] INFO  server.GrpcLogAppender (GrpcLogAppender.java:onNext(421)) - omNode-1@group-523986131536->omNode-2-InstallSnapshotResponseHandler: InstallSnapshot in progress.
2022-10-18 03:54:11,374 [omNode-1@group-523986131536->omNode-2-GrpcLogAppender-LogAppenderDaemon] INFO  server.GrpcLogAppender (GrpcLogAppender.java:installSnapshot(541)) - omNode-1@group-523986131536->omNode-2-GrpcLogAppender: followerNextIndex = 59 but logStartIndex = 61, notify follower to install snapshot-(t:7, i:61)
2022-10-18 03:54:11,375 [omNode-1@group-523986131536->omNode-2-GrpcLogAppender-LogAppenderDaemon] INFO  server.GrpcLogAppender (GrpcLogAppender.java:installSnapshot(549)) - omNode-1@group-523986131536->omNode-2-GrpcLogAppender: send omNode-1->omNode-2#0-t7,notify:(t:7, i:61)
2022-10-18 03:54:11,378 [omNode-2-server-thread1] INFO  server.RaftServer$Division (RaftServerImpl.java:checkInconsistentAppendEntries(1402)) - omNode-2@group-523986131536: Failed appendEntries as snapshot (61) installation is in progress
2022-10-18 03:54:11,379 [omNode-2-server-thread1] INFO  server.RaftServer$Division (RaftServerImpl.java:checkInconsistentAppendEntries(1394)) - omNode-2@group-523986131536: inconsistency entries. Reply:omNode-1<-omNode-2#444:FAIL-t7,INCONSISTENCY,nextIndex=59,followerCommit=58
2022-10-18 03:54:11,386 [grpc-default-executor-2] INFO  impl.SnapshotInstallationHandler (SnapshotInstallationHandler.java:installSnapshot(84)) - omNode-2@group-523986131536: receive installSnapshot: omNode-1->omNode-2#0-t7,notify:(t:7, i:61)
2022-10-18 03:54:11,386 [grpc-default-executor-2] INFO  impl.SnapshotInstallationHandler (SnapshotInstallationHandler.java:installSnapshot(95)) - omNode-2@group-523986131536: reply installSnapshot: omNode-1<-omNode-2#0:FAIL-t7,IN_PROGRESS
2022-10-18 03:54:11,387 [grpc-default-executor-2] INFO  server.GrpcServerProtocolService (GrpcServerProtocolService.java:onCompleted(140)) - omNode-2: Completed INSTALL_SNAPSHOT, lastRequest: omNode-1->omNode-2#0-t7,notify:(t:7, i:61)
2022-10-18 03:54:11,389 [grpc-default-executor-2] INFO  leader.FollowerInfo (FollowerInfoImpl.java:lambda$new$0(48)) - omNode-1@group-523986131536->omNode-2: nextIndex: updateUnconditionally 59 -> 59
2022-10-18 03:54:11,389 [grpc-default-executor-2] INFO  server.GrpcLogAppender (GrpcLogAppender.java:onNext(403)) - omNode-1@group-523986131536->omNode-2-InstallSnapshotResponseHandler: received a reply omNode-1<-omNode-2#0:FAIL-t7,IN_PROGRESS
2022-10-18 03:54:11,389 [grpc-default-executor-2] INFO  server.GrpcLogAppender (GrpcLogAppender.java:onNext(421)) - omNode-1@group-523986131536->omNode-2-InstallSnapshotResponseHandler: InstallSnapshot in progress.
2022-10-18 03:54:11,390 [omNode-1@group-523986131536->omNode-2-GrpcLogAppender-LogAppenderDaemon] INFO  server.GrpcLogAppender (GrpcLogAppender.java:installSnapshot(541)) - omNode-1@group-523986131536->omNode-2-GrpcLogAppender: followerNextIndex = 59 but logStartIndex = 61, notify follower to install snapshot-(t:7, i:61)
2022-10-18 03:54:11,390 [omNode-1@group-523986131536->omNode-2-GrpcLogAppender-LogAppenderDaemon] INFO  server.GrpcLogAppender (GrpcLogAppender.java:installSnapshot(549)) - omNode-1@group-523986131536->omNode-2-GrpcLogAppender: send omNode-1->omNode-2#0-t7,notify:(t:7, i:61)
2022-10-18 03:54:11,394 [omNode-2-server-thread1] INFO  server.RaftServer$Division (RaftServerImpl.java:checkInconsistentAppendEntries(1402)) - omNode-2@group-523986131536: Failed appendEntries as snapshot (61) installation is in progress
2022-10-18 03:54:11,395 [omNode-2-server-thread1] INFO  server.RaftServer$Division (RaftServerImpl.java:checkInconsistentAppendEntries(1394)) - omNode-2@group-523986131536: inconsistency entries. Reply:omNode-1<-omNode-2#445:FAIL-t7,INCONSISTENCY,nextIndex=59,followerCommit=58
2022-10-18 03:54:11,395 [grpc-default-executor-0] INFO  impl.SnapshotInstallationHandler (SnapshotInstallationHandler.java:installSnapshot(84)) - omNode-2@group-523986131536: receive installSnapshot: omNode-1->omNode-2#0-t7,notify:(t:7, i:61)
2022-10-18 03:54:11,395 [grpc-default-executor-2] INFO  leader.FollowerInfo (FollowerInfoImpl.java:lambda$new$0(48)) - omNode-1@group-523986131536->omNode-2: nextIndex: updateUnconditionally 59 -> 59
2022-10-18 03:54:11,395 [grpc-default-executor-0] INFO  impl.SnapshotInstallationHandler (SnapshotInstallationHandler.java:installSnapshot(95)) - omNode-2@group-523986131536: reply installSnapshot: omNode-1<-omNode-2#0:FAIL-t7,IN_PROGRESS
2022-10-18 03:54:11,396 [grpc-default-executor-0] INFO  server.GrpcServerProtocolService (GrpcServerProtocolService.java:onCompleted(140)) - omNode-2: Completed INSTALL_SNAPSHOT, lastRequest: omNode-1->omNode-2#0-t7,notify:(t:7, i:61)
2022-10-18 03:54:11,396 [grpc-default-executor-0] INFO  server.GrpcLogAppender (GrpcLogAppender.java:onNext(403)) - omNode-1@group-523986131536->omNode-2-InstallSnapshotResponseHandler: received a reply omNode-1<-omNode-2#0:FAIL-t7,IN_PROGRESS
2022-10-18 03:54:11,396 [grpc-default-executor-0] INFO  server.GrpcLogAppender (GrpcLogAppender.java:onNext(421)) - omNode-1@group-523986131536->omNode-2-InstallSnapshotResponseHandler: InstallSnapshot in progress.
2022-10-18 03:54:11,396 [omNode-1@group-523986131536->omNode-2-GrpcLogAppender-LogAppenderDaemon] INFO  server.GrpcLogAppender (GrpcLogAppender.java:installSnapshot(541)) - omNode-1@group-523986131536->omNode-2-GrpcLogAppender: followerNextIndex = 59 but logStartIndex = 61, notify follower to install snapshot-(t:7, i:61)
2022-10-18 03:54:11,397 [omNode-1@group-523986131536->omNode-2-GrpcLogAppender-LogAppenderDaemon] INFO  server.GrpcLogAppender (GrpcLogAppender.java:installSnapshot(549)) - omNode-1@group-523986131536->omNode-2-GrpcLogAppender: send omNode-1->omNode-2#0-t7,notify:(t:7, i:61)
2022-10-18 03:54:11,398 [omNode-2-server-thread1] INFO  server.RaftServer$Division (RaftServerImpl.java:checkInconsistentAppendEntries(1402)) - omNode-2@group-523986131536: Failed appendEntries as snapshot (61) installation is in progress
2022-10-18 03:54:11,398 [omNode-2-server-thread1] INFO  server.RaftServer$Division (RaftServerImpl.java:checkInconsistentAppendEntries(1394)) - omNode-2@group-523986131536: inconsistency entries. Reply:omNode-1<-omNode-2#446:FAIL-t7,INCONSISTENCY,nextIndex=59,followerCommit=58
2022-10-18 03:54:11,398 [grpc-default-executor-2] INFO  impl.SnapshotInstallationHandler (SnapshotInstallationHandler.java:installSnapshot(84)) - omNode-2@group-523986131536: receive installSnapshot: omNode-1->omNode-2#0-t7,notify:(t:7, i:61)
2022-10-18 03:54:11,398 [grpc-default-executor-2] INFO  impl.SnapshotInstallationHandler (SnapshotInstallationHandler.java:installSnapshot(95)) - omNode-2@group-523986131536: reply installSnapshot: omNode-1<-omNode-2#0:FAIL-t7,IN_PROGRESS
2022-10-18 03:54:11,398 [grpc-default-executor-2] INFO  server.GrpcServerProtocolService (GrpcServerProtocolService.java:onCompleted(140)) - omNode-2: Completed INSTALL_SNAPSHOT, lastRequest: omNode-1->omNode-2#0-t7,notify:(t:7, i:61)
2022-10-18 03:54:11,399 [grpc-default-executor-2] INFO  leader.FollowerInfo (FollowerInfoImpl.java:lambda$new$0(48)) - omNode-1@group-523986131536->omNode-2: nextIndex: updateUnconditionally 59 -> 59
2022-10-18 03:54:11,399 [grpc-default-executor-2] INFO  server.GrpcLogAppender (GrpcLogAppender.java:onNext(403)) - omNode-1@group-523986131536->omNode-2-InstallSnapshotResponseHandler: received a reply omNode-1<-omNode-2#0:FAIL-t7,IN_PROGRESS
2022-10-18 03:54:11,399 [grpc-default-executor-2] INFO  server.GrpcLogAppender (GrpcLogAppender.java:onNext(421)) - omNode-1@group-523986131536->omNode-2-InstallSnapshotResponseHandler: InstallSnapshot in progress.
2022-10-18 03:54:11,402 [omNode-1@group-523986131536->omNode-2-GrpcLogAppender-LogAppenderDaemon] INFO  server.GrpcLogAppender (GrpcLogAppender.java:installSnapshot(541)) - omNode-1@group-523986131536->omNode-2-GrpcLogAppender: followerNextIndex = 59 but logStartIndex = 61, notify follower to install snapshot-(t:7, i:61)
2022-10-18 03:54:11,402 [omNode-1@group-523986131536->omNode-2-GrpcLogAppender-LogAppenderDaemon] INFO  server.GrpcLogAppender (GrpcLogAppender.java:installSnapshot(549)) - omNode-1@group-523986131536->omNode-2-GrpcLogAppender: send omNode-1->omNode-2#0-t7,notify:(t:7, i:61)
2022-10-18 03:54:11,403 [omNode-2-server-thread1] INFO  server.RaftServer$Division (RaftServerImpl.java:checkInconsistentAppendEntries(1402)) - omNode-2@group-523986131536: Failed appendEntries as snapshot (61) installation is in progress
2022-10-18 03:54:11,403 [omNode-2-server-thread1] INFO  server.RaftServer$Division (RaftServerImpl.java:checkInconsistentAppendEntries(1394)) - omNode-2@group-523986131536: inconsistency entries. Reply:omNode-1<-omNode-2#447:FAIL-t7,INCONSISTENCY,nextIndex=59,followerCommit=58
2022-10-18 03:54:11,404 [grpc-default-executor-2] INFO  impl.SnapshotInstallationHandler (SnapshotInstallationHandler.java:installSnapshot(84)) - omNode-2@group-523986131536: receive installSnapshot: omNode-1->omNode-2#0-t7,notify:(t:7, i:61)
2022-10-18 03:54:11,404 [grpc-default-executor-2] INFO  impl.SnapshotInstallationHandler (SnapshotInstallationHandler.java:installSnapshot(95)) - omNode-2@group-523986131536: reply installSnapshot: omNode-1<-omNode-2#0:FAIL-t7,IN_PROGRESS
2022-10-18 03:54:11,404 [grpc-default-executor-2] INFO  server.GrpcServerProtocolService (GrpcServerProtocolService.java:onCompleted(140)) - omNode-2: Completed INSTALL_SNAPSHOT, lastRequest: omNode-1->omNode-2#0-t7,notify:(t:7, i:61)
2022-10-18 03:54:11,405 [grpc-default-executor-2] INFO  leader.FollowerInfo (FollowerInfoImpl.java:lambda$new$0(48)) - omNode-1@group-523986131536->omNode-2: nextIndex: updateUnconditionally 59 -> 59
2022-10-18 03:54:11,405 [grpc-default-executor-2] INFO  server.GrpcLogAppender (GrpcLogAppender.java:onNext(403)) - omNode-1@group-523986131536->omNode-2-InstallSnapshotResponseHandler: received a reply omNode-1<-omNode-2#0:FAIL-t7,IN_PROGRESS
2022-10-18 03:54:11,405 [grpc-default-executor-2] INFO  server.GrpcLogAppender (GrpcLogAppender.java:onNext(421)) - omNode-1@group-523986131536->omNode-2-InstallSnapshotResponseHandler: InstallSnapshot in progress.
2022-10-18 03:54:11,406 [omNode-1@group-523986131536->omNode-2-GrpcLogAppender-LogAppenderDaemon] INFO  server.GrpcLogAppender (GrpcLogAppender.java:installSnapshot(541)) - omNode-1@group-523986131536->omNode-2-GrpcLogAppender: followerNextIndex = 59 but logStartIndex = 61, notify follower to install snapshot-(t:7, i:61)
2022-10-18 03:54:11,406 [omNode-1@group-523986131536->omNode-2-GrpcLogAppender-LogAppenderDaemon] INFO  server.GrpcLogAppender (GrpcLogAppender.java:installSnapshot(549)) - omNode-1@group-523986131536->omNode-2-GrpcLogAppender: send omNode-1->omNode-2#0-t7,notify:(t:7, i:61)
2022-10-18 03:54:11,408 [omNode-2-server-thread1] INFO  server.RaftServer$Division (RaftServerImpl.java:checkInconsistentAppendEntries(1402)) - omNode-2@group-523986131536: Failed appendEntries as snapshot (61) installation is in progress
2022-10-18 03:54:11,408 [omNode-2-server-thread1] INFO  server.RaftServer$Division (RaftServerImpl.java:checkInconsistentAppendEntries(1394)) - omNode-2@group-523986131536: inconsistency entries. Reply:omNode-1<-omNode-2#448:FAIL-t7,INCONSISTENCY,nextIndex=59,followerCommit=58
2022-10-18 03:54:11,408 [grpc-default-executor-2] INFO  impl.SnapshotInstallationHandler (SnapshotInstallationHandler.java:installSnapshot(84)) - omNode-2@group-523986131536: receive installSnapshot: omNode-1->omNode-2#0-t7,notify:(t:7, i:61)
2022-10-18 03:54:11,408 [grpc-default-executor-2] INFO  impl.SnapshotInstallationHandler (SnapshotInstallationHandler.java:installSnapshot(95)) - omNode-2@group-523986131536: reply installSnapshot: omNode-1<-omNode-2#0:FAIL-t7,IN_PROGRESS
2022-10-18 03:54:11,408 [grpc-default-executor-2] INFO  server.GrpcServerProtocolService (GrpcServerProtocolService.java:onCompleted(140)) - omNode-2: Completed INSTALL_SNAPSHOT, lastRequest: omNode-1->omNode-2#0-t7,notify:(t:7, i:61)
2022-10-18 03:54:11,410 [grpc-default-executor-2] INFO  leader.FollowerInfo (FollowerInfoImpl.java:lambda$new$0(48)) - omNode-1@group-523986131536->omNode-2: nextIndex: updateUnconditionally 59 -> 59
2022-10-18 03:54:11,410 [grpc-default-executor-2] INFO  server.GrpcLogAppender (GrpcLogAppender.java:onNext(403)) - omNode-1@group-523986131536->omNode-2-InstallSnapshotResponseHandler: received a reply omNode-1<-omNode-2#0:FAIL-t7,IN_PROGRESS
2022-10-18 03:54:11,410 [grpc-default-executor-2] INFO  server.GrpcLogAppender (GrpcLogAppender.java:onNext(421)) - omNode-1@group-523986131536->omNode-2-InstallSnapshotResponseHandler: InstallSnapshot in progress.
2022-10-18 03:54:11,411 [omNode-1@group-523986131536->omNode-2-GrpcLogAppender-LogAppenderDaemon] INFO  server.GrpcLogAppender (GrpcLogAppender.java:installSnapshot(541)) - omNode-1@group-523986131536->omNode-2-GrpcLogAppender: followerNextIndex = 59 but logStartIndex = 61, notify follower to install snapshot-(t:7, i:61)
2022-10-18 03:54:11,411 [omNode-1@group-523986131536->omNode-2-GrpcLogAppender-LogAppenderDaemon] INFO  server.GrpcLogAppender (GrpcLogAppender.java:installSnapshot(549)) - omNode-1@group-523986131536->omNode-2-GrpcLogAppender: send omNode-1->omNode-2#0-t7,notify:(t:7, i:61)
2022-10-18 03:54:11,416 [omNode-2-server-thread1] INFO  server.RaftServer$Division (RaftServerImpl.java:checkInconsistentAppendEntries(1402)) - omNode-2@group-523986131536: Failed appendEntries as snapshot (61) installation is in progress
2022-10-18 03:54:11,416 [omNode-2-server-thread1] INFO  server.RaftServer$Division (RaftServerImpl.java:checkInconsistentAppendEntries(1394)) - omNode-2@group-523986131536: inconsistency entries. Reply:omNode-1<-omNode-2#449:FAIL-t7,INCONSISTENCY,nextIndex=59,followerCommit=58
2022-10-18 03:54:11,418 [grpc-default-executor-2] INFO  impl.SnapshotInstallationHandler (SnapshotInstallationHandler.java:installSnapshot(84)) - omNode-2@group-523986131536: receive installSnapshot: omNode-1->omNode-2#0-t7,notify:(t:7, i:61)
2022-10-18 03:54:11,418 [grpc-default-executor-2] INFO  impl.SnapshotInstallationHandler (SnapshotInstallationHandler.java:installSnapshot(95)) - omNode-2@group-523986131536: reply installSnapshot: omNode-1<-omNode-2#0:FAIL-t7,IN_PROGRESS
2022-10-18 03:54:11,418 [grpc-default-executor-2] INFO  server.GrpcServerProtocolService (GrpcServerProtocolService.java:onCompleted(140)) - omNode-2: Completed INSTALL_SNAPSHOT, lastRequest: omNode-1->omNode-2#0-t7,notify:(t:7, i:61)
2022-10-18 03:54:11,419 [OM StateMachine ApplyTransaction Thread - 0] ERROR key.OMKeysDeleteRequest (OMKeysDeleteRequest.java:validateAndUpdateCache(146)) - Received a request to delete a Key does not exist /volume21700/2d0bc3ba-932b-490c-8f52-fd0eb8a65e0c/dir/file3
2022-10-18 03:54:11,421 [Listener at localhost/37159] INFO  om.OzoneManager (OzoneManager.java:stop(2034)) - omNode-3[localhost:45489]: Stopping Ozone Manager
2022-10-18 03:54:11,421 [Listener at localhost/37159] INFO  ipc.Server (Server.java:stop(3428)) - Stopping server on 45489
2022-10-18 03:54:11,421 [grpc-default-executor-2] INFO  leader.FollowerInfo (FollowerInfoImpl.java:lambda$new$0(48)) - omNode-1@group-523986131536->omNode-2: nextIndex: updateUnconditionally 59 -> 59
2022-10-18 03:54:11,425 [grpc-default-executor-0] INFO  server.GrpcLogAppender (GrpcLogAppender.java:onNext(403)) - omNode-1@group-523986131536->omNode-2-InstallSnapshotResponseHandler: received a reply omNode-1<-omNode-2#0:FAIL-t7,IN_PROGRESS
2022-10-18 03:54:11,425 [grpc-default-executor-0] INFO  server.GrpcLogAppender (GrpcLogAppender.java:onNext(421)) - omNode-1@group-523986131536->omNode-2-InstallSnapshotResponseHandler: InstallSnapshot in progress.
2022-10-18 03:54:11,426 [omNode-1@group-523986131536->omNode-2-GrpcLogAppender-LogAppenderDaemon] INFO  server.GrpcLogAppender (GrpcLogAppender.java:installSnapshot(541)) - omNode-1@group-523986131536->omNode-2-GrpcLogAppender: followerNextIndex = 59 but logStartIndex = 61, notify follower to install snapshot-(t:7, i:61)
2022-10-18 03:54:11,426 [omNode-1@group-523986131536->omNode-2-GrpcLogAppender-LogAppenderDaemon] INFO  server.GrpcLogAppender (GrpcLogAppender.java:installSnapshot(549)) - omNode-1@group-523986131536->omNode-2-GrpcLogAppender: send omNode-1->omNode-2#0-t7,notify:(t:7, i:61)
2022-10-18 03:54:11,435 [IPC Server Responder] INFO  ipc.Server (Server.java:run(1517)) - Stopping IPC Server Responder
2022-10-18 03:54:11,437 [IPC Server listener on 45489] INFO  ipc.Server (Server.java:run(1384)) - Stopping IPC Server listener on 45489
2022-10-18 03:54:11,437 [Listener at localhost/37159] INFO  server.RaftServer (RaftServerProxy.java:lambda$close$7(398)) - omNode-3: close
2022-10-18 03:54:11,437 [Listener at localhost/37159] INFO  server.RaftServer$Division (RaftServerImpl.java:lambda$close$4(434)) - omNode-3@group-523986131536: shutdown
2022-10-18 03:54:11,437 [Listener at localhost/37159] INFO  util.JmxRegister (JmxRegister.java:unregister(73)) - Successfully un-registered JMX Bean with object name Ratis:service=RaftServer,group=group-523986131536,id=omNode-3
2022-10-18 03:54:11,437 [Listener at localhost/37159] INFO  impl.RoleInfo (RoleInfo.java:shutdownFollowerState(110)) - omNode-3: shutdown omNode-3@group-523986131536-FollowerState
2022-10-18 03:54:11,438 [Listener at localhost/37159] INFO  impl.StateMachineUpdater (StateMachineUpdater.java:stopAndJoin(153)) - omNode-3@group-523986131536-StateMachineUpdater: set stopIndex = 145
2022-10-18 03:54:11,438 [omNode-3@group-523986131536-FollowerState] INFO  impl.FollowerState (FollowerState.java:run(152)) - omNode-3@group-523986131536-FollowerState was interrupted
2022-10-18 03:54:11,438 [omNode-2-server-thread1] INFO  server.RaftServer$Division (RaftServerImpl.java:checkInconsistentAppendEntries(1402)) - omNode-2@group-523986131536: Failed appendEntries as snapshot (61) installation is in progress
2022-10-18 03:54:11,438 [omNode-2-server-thread1] INFO  server.RaftServer$Division (RaftServerImpl.java:checkInconsistentAppendEntries(1394)) - omNode-2@group-523986131536: inconsistency entries. Reply:omNode-1<-omNode-2#450:FAIL-t7,INCONSISTENCY,nextIndex=59,followerCommit=58
2022-10-18 03:54:11,438 [omNode-3@group-523986131536-StateMachineUpdater] INFO  ratis.OzoneManagerStateMachine (OzoneManagerStateMachine.java:takeSnapshot(441)) - Current Snapshot Index (t:7, i:144)
2022-10-18 03:54:11,439 [omNode-3@group-523986131536-StateMachineUpdater] INFO  impl.StateMachineUpdater (StateMachineUpdater.java:takeSnapshot(287)) - omNode-3@group-523986131536-StateMachineUpdater: Took a snapshot at index 144
2022-10-18 03:54:11,439 [omNode-3@group-523986131536-StateMachineUpdater] INFO  impl.StateMachineUpdater (StateMachineUpdater.java:lambda$new$0(92)) - omNode-3@group-523986131536-StateMachineUpdater: snapshotIndex: updateIncreasingly 110 -> 144
2022-10-18 03:54:11,439 [omNode-3@group-523986131536-StateMachineUpdater] INFO  raftlog.RaftLog (RaftLogBase.java:purge(308)) - omNode-3@group-523986131536-SegmentedRaftLog: purge 144
2022-10-18 03:54:11,439 [omNode-3@group-523986131536-StateMachineUpdater] INFO  raftlog.RaftLog (RaftLogBase.java:lambda$new$0(53)) - omNode-3@group-523986131536-SegmentedRaftLog: snapshotIndex: updateIncreasingly 110 -> 144
2022-10-18 03:54:11,439 [omNode-3@group-523986131536-StateMachineUpdater] INFO  raftlog.RaftLog (RaftLogBase.java:lambda$new$0(53)) - omNode-3@group-523986131536-SegmentedRaftLog: purgeIndex: updateToMax old=60, new=144, updated? true
2022-10-18 03:54:11,439 [omNode-3@group-523986131536-StateMachineUpdater] INFO  ratis.OzoneManagerStateMachine (OzoneManagerStateMachine.java:takeSnapshot(441)) - Current Snapshot Index (t:7, i:144)
2022-10-18 03:54:11,439 [omNode-3@group-523986131536-StateMachineUpdater] INFO  impl.StateMachineUpdater (StateMachineUpdater.java:takeSnapshot(287)) - omNode-3@group-523986131536-StateMachineUpdater: Took a snapshot at index 144
2022-10-18 03:54:11,439 [omNode-3@group-523986131536-StateMachineUpdater] INFO  impl.StateMachineUpdater (StateMachineUpdater.java:lambda$new$0(92)) - omNode-3@group-523986131536-StateMachineUpdater: snapshotIndex: updateIncreasingly 144 -> 144
2022-10-18 03:54:11,439 [omNode-3@group-523986131536-StateMachineUpdater] INFO  ratis.OzoneManagerStateMachine (OzoneManagerStateMachine.java:close(495)) - StateMachine has shutdown. Shutdown OzoneManager if not already shutdown.
2022-10-18 03:54:11,439 [omNode-3@group-523986131536-StateMachineUpdater] INFO  ratis.OzoneManagerDoubleBuffer (OzoneManagerDoubleBuffer.java:stop(466)) - Stopping OMDoubleBuffer flush thread
2022-10-18 03:54:11,439 [OMDoubleBufferFlushThread] INFO  ratis.OzoneManagerDoubleBuffer (OzoneManagerDoubleBuffer.java:flushTransactions(385)) - OMDoubleBuffer flush thread OMDoubleBufferFlushThread is interrupted and will exit.
2022-10-18 03:54:11,440 [grpc-default-executor-2] INFO  leader.FollowerInfo (FollowerInfoImpl.java:lambda$new$0(48)) - omNode-1@group-523986131536->omNode-2: nextIndex: updateUnconditionally 59 -> 59
2022-10-18 03:54:11,441 [grpc-default-executor-0] INFO  impl.SnapshotInstallationHandler (SnapshotInstallationHandler.java:installSnapshot(84)) - omNode-2@group-523986131536: receive installSnapshot: omNode-1->omNode-2#0-t7,notify:(t:7, i:61)
2022-10-18 03:54:11,441 [grpc-default-executor-0] INFO  impl.SnapshotInstallationHandler (SnapshotInstallationHandler.java:installSnapshot(95)) - omNode-2@group-523986131536: reply installSnapshot: omNode-1<-omNode-2#0:FAIL-t7,IN_PROGRESS
2022-10-18 03:54:11,441 [grpc-default-executor-0] INFO  server.GrpcServerProtocolService (GrpcServerProtocolService.java:onCompleted(140)) - omNode-2: Completed INSTALL_SNAPSHOT, lastRequest: omNode-1->omNode-2#0-t7,notify:(t:7, i:61)
2022-10-18 03:54:11,442 [grpc-default-executor-3] INFO  server.GrpcLogAppender (GrpcLogAppender.java:onNext(403)) - omNode-1@group-523986131536->omNode-2-InstallSnapshotResponseHandler: received a reply omNode-1<-omNode-2#0:FAIL-t7,IN_PROGRESS
2022-10-18 03:54:11,442 [grpc-default-executor-3] INFO  server.GrpcLogAppender (GrpcLogAppender.java:onNext(421)) - omNode-1@group-523986131536->omNode-2-InstallSnapshotResponseHandler: InstallSnapshot in progress.
2022-10-18 03:54:11,442 [omNode-1@group-523986131536->omNode-2-GrpcLogAppender-LogAppenderDaemon] INFO  server.GrpcLogAppender (GrpcLogAppender.java:installSnapshot(541)) - omNode-1@group-523986131536->omNode-2-GrpcLogAppender: followerNextIndex = 59 but logStartIndex = 61, notify follower to install snapshot-(t:7, i:61)
2022-10-18 03:54:11,442 [omNode-1@group-523986131536->omNode-2-GrpcLogAppender-LogAppenderDaemon] INFO  server.GrpcLogAppender (GrpcLogAppender.java:installSnapshot(549)) - omNode-1@group-523986131536->omNode-2-GrpcLogAppender: send omNode-1->omNode-2#0-t7,notify:(t:7, i:61)
2022-10-18 03:54:11,445 [omNode-2-server-thread1] INFO  server.RaftServer$Division (RaftServerImpl.java:checkInconsistentAppendEntries(1402)) - omNode-2@group-523986131536: Failed appendEntries as snapshot (61) installation is in progress
2022-10-18 03:54:11,445 [omNode-2-server-thread1] INFO  server.RaftServer$Division (RaftServerImpl.java:checkInconsistentAppendEntries(1394)) - omNode-2@group-523986131536: inconsistency entries. Reply:omNode-1<-omNode-2#451:FAIL-t7,INCONSISTENCY,nextIndex=59,followerCommit=58
2022-10-18 03:54:11,445 [grpc-default-executor-3] INFO  impl.SnapshotInstallationHandler (SnapshotInstallationHandler.java:installSnapshot(84)) - omNode-2@group-523986131536: receive installSnapshot: omNode-1->omNode-2#0-t7,notify:(t:7, i:61)
2022-10-18 03:54:11,445 [grpc-default-executor-3] INFO  impl.SnapshotInstallationHandler (SnapshotInstallationHandler.java:installSnapshot(95)) - omNode-2@group-523986131536: reply installSnapshot: omNode-1<-omNode-2#0:FAIL-t7,IN_PROGRESS
2022-10-18 03:54:11,445 [grpc-default-executor-3] INFO  server.GrpcServerProtocolService (GrpcServerProtocolService.java:onCompleted(140)) - omNode-2: Completed INSTALL_SNAPSHOT, lastRequest: omNode-1->omNode-2#0-t7,notify:(t:7, i:61)
2022-10-18 03:54:11,446 [grpc-default-executor-3] INFO  leader.FollowerInfo (FollowerInfoImpl.java:lambda$new$0(48)) - omNode-1@group-523986131536->omNode-2: nextIndex: updateUnconditionally 59 -> 59
2022-10-18 03:54:11,446 [grpc-default-executor-3] INFO  server.GrpcLogAppender (GrpcLogAppender.java:onNext(403)) - omNode-1@group-523986131536->omNode-2-InstallSnapshotResponseHandler: received a reply omNode-1<-omNode-2#0:FAIL-t7,IN_PROGRESS
2022-10-18 03:54:11,446 [grpc-default-executor-3] INFO  server.GrpcLogAppender (GrpcLogAppender.java:onNext(421)) - omNode-1@group-523986131536->omNode-2-InstallSnapshotResponseHandler: InstallSnapshot in progress.
2022-10-18 03:54:11,447 [omNode-1@group-523986131536->omNode-2-GrpcLogAppender-LogAppenderDaemon] INFO  server.GrpcLogAppender (GrpcLogAppender.java:installSnapshot(541)) - omNode-1@group-523986131536->omNode-2-GrpcLogAppender: followerNextIndex = 59 but logStartIndex = 61, notify follower to install snapshot-(t:7, i:61)
2022-10-18 03:54:11,447 [omNode-1@group-523986131536->omNode-2-GrpcLogAppender-LogAppenderDaemon] INFO  server.GrpcLogAppender (GrpcLogAppender.java:installSnapshot(549)) - omNode-1@group-523986131536->omNode-2-GrpcLogAppender: send omNode-1->omNode-2#0-t7,notify:(t:7, i:61)
2022-10-18 03:54:11,436 [OM StateMachine ApplyTransaction Thread - 0] ERROR key.OMKeysDeleteRequest (OMKeysDeleteRequest.java:validateAndUpdateCache(146)) - Received a request to delete a Key does not exist /volume21700/2d0bc3ba-932b-490c-8f52-fd0eb8a65e0c/dir/file3
2022-10-18 03:54:11,449 [Listener at localhost/37159] INFO  server.RaftServer$Division (ServerState.java:close(429)) - omNode-3@group-523986131536: closes. applyIndex: 144
2022-10-18 03:54:11,449 [omNode-3@group-523986131536-SegmentedRaftLogWorker] INFO  segmented.SegmentedRaftLogWorker (SegmentedRaftLogWorker.java:run(336)) - omNode-3@group-523986131536-SegmentedRaftLogWorker was interrupted, exiting. There are 0 tasks remaining in the queue.
2022-10-18 03:54:11,450 [omNode-2-server-thread1] INFO  server.RaftServer$Division (RaftServerImpl.java:checkInconsistentAppendEntries(1402)) - omNode-2@group-523986131536: Failed appendEntries as snapshot (61) installation is in progress
2022-10-18 03:54:11,450 [omNode-2-server-thread1] INFO  server.RaftServer$Division (RaftServerImpl.java:checkInconsistentAppendEntries(1394)) - omNode-2@group-523986131536: inconsistency entries. Reply:omNode-1<-omNode-2#452:FAIL-t7,INCONSISTENCY,nextIndex=59,followerCommit=58
2022-10-18 03:54:11,450 [grpc-default-executor-3] INFO  impl.SnapshotInstallationHandler (SnapshotInstallationHandler.java:installSnapshot(84)) - omNode-2@group-523986131536: receive installSnapshot: omNode-1->omNode-2#0-t7,notify:(t:7, i:61)
2022-10-18 03:54:11,451 [grpc-default-executor-3] INFO  impl.SnapshotInstallationHandler (SnapshotInstallationHandler.java:installSnapshot(95)) - omNode-2@group-523986131536: reply installSnapshot: omNode-1<-omNode-2#0:FAIL-t7,IN_PROGRESS
2022-10-18 03:54:11,451 [grpc-default-executor-3] INFO  server.GrpcServerProtocolService (GrpcServerProtocolService.java:onCompleted(140)) - omNode-2: Completed INSTALL_SNAPSHOT, lastRequest: omNode-1->omNode-2#0-t7,notify:(t:7, i:61)
2022-10-18 03:54:11,456 [grpc-default-executor-3] INFO  leader.FollowerInfo (FollowerInfoImpl.java:lambda$new$0(48)) - omNode-1@group-523986131536->omNode-2: nextIndex: updateUnconditionally 59 -> 59
2022-10-18 03:54:11,456 [grpc-default-executor-3] INFO  server.GrpcLogAppender (GrpcLogAppender.java:onNext(403)) - omNode-1@group-523986131536->omNode-2-InstallSnapshotResponseHandler: received a reply omNode-1<-omNode-2#0:FAIL-t7,IN_PROGRESS
2022-10-18 03:54:11,456 [grpc-default-executor-3] INFO  server.GrpcLogAppender (GrpcLogAppender.java:onNext(421)) - omNode-1@group-523986131536->omNode-2-InstallSnapshotResponseHandler: InstallSnapshot in progress.
2022-10-18 03:54:11,456 [omNode-1@group-523986131536->omNode-2-GrpcLogAppender-LogAppenderDaemon] INFO  server.GrpcLogAppender (GrpcLogAppender.java:installSnapshot(541)) - omNode-1@group-523986131536->omNode-2-GrpcLogAppender: followerNextIndex = 59 but logStartIndex = 61, notify follower to install snapshot-(t:7, i:61)
2022-10-18 03:54:11,456 [omNode-1@group-523986131536->omNode-2-GrpcLogAppender-LogAppenderDaemon] INFO  server.GrpcLogAppender (GrpcLogAppender.java:installSnapshot(549)) - omNode-1@group-523986131536->omNode-2-GrpcLogAppender: send omNode-1->omNode-2#0-t7,notify:(t:7, i:61)
2022-10-18 03:54:11,457 [omNode-2-server-thread1] INFO  server.RaftServer$Division (RaftServerImpl.java:checkInconsistentAppendEntries(1402)) - omNode-2@group-523986131536: Failed appendEntries as snapshot (61) installation is in progress
2022-10-18 03:54:11,458 [omNode-2-server-thread1] INFO  server.RaftServer$Division (RaftServerImpl.java:checkInconsistentAppendEntries(1394)) - omNode-2@group-523986131536: inconsistency entries. Reply:omNode-1<-omNode-2#453:FAIL-t7,INCONSISTENCY,nextIndex=59,followerCommit=58
2022-10-18 03:54:11,458 [grpc-default-executor-3] INFO  impl.SnapshotInstallationHandler (SnapshotInstallationHandler.java:installSnapshot(84)) - omNode-2@group-523986131536: receive installSnapshot: omNode-1->omNode-2#0-t7,notify:(t:7, i:61)
2022-10-18 03:54:11,458 [grpc-default-executor-3] INFO  impl.SnapshotInstallationHandler (SnapshotInstallationHandler.java:installSnapshot(95)) - omNode-2@group-523986131536: reply installSnapshot: omNode-1<-omNode-2#0:FAIL-t7,IN_PROGRESS
2022-10-18 03:54:11,458 [grpc-default-executor-3] INFO  server.GrpcServerProtocolService (GrpcServerProtocolService.java:onCompleted(140)) - omNode-2: Completed INSTALL_SNAPSHOT, lastRequest: omNode-1->omNode-2#0-t7,notify:(t:7, i:61)
2022-10-18 03:54:11,459 [grpc-default-executor-3] INFO  leader.FollowerInfo (FollowerInfoImpl.java:lambda$new$0(48)) - omNode-1@group-523986131536->omNode-2: nextIndex: updateUnconditionally 59 -> 59
2022-10-18 03:54:11,459 [grpc-default-executor-3] INFO  server.GrpcLogAppender (GrpcLogAppender.java:onNext(403)) - omNode-1@group-523986131536->omNode-2-InstallSnapshotResponseHandler: received a reply omNode-1<-omNode-2#0:FAIL-t7,IN_PROGRESS
2022-10-18 03:54:11,459 [grpc-default-executor-3] INFO  server.GrpcLogAppender (GrpcLogAppender.java:onNext(421)) - omNode-1@group-523986131536->omNode-2-InstallSnapshotResponseHandler: InstallSnapshot in progress.
2022-10-18 03:54:11,460 [omNode-1@group-523986131536->omNode-2-GrpcLogAppender-LogAppenderDaemon] INFO  server.GrpcLogAppender (GrpcLogAppender.java:installSnapshot(541)) - omNode-1@group-523986131536->omNode-2-GrpcLogAppender: followerNextIndex = 59 but logStartIndex = 61, notify follower to install snapshot-(t:7, i:61)
2022-10-18 03:54:11,460 [omNode-1@group-523986131536->omNode-2-GrpcLogAppender-LogAppenderDaemon] INFO  server.GrpcLogAppender (GrpcLogAppender.java:installSnapshot(549)) - omNode-1@group-523986131536->omNode-2-GrpcLogAppender: send omNode-1->omNode-2#0-t7,notify:(t:7, i:61)
2022-10-18 03:54:11,461 [omNode-2-server-thread1] INFO  server.RaftServer$Division (RaftServerImpl.java:checkInconsistentAppendEntries(1402)) - omNode-2@group-523986131536: Failed appendEntries as snapshot (61) installation is in progress
2022-10-18 03:54:11,461 [omNode-2-server-thread1] INFO  server.RaftServer$Division (RaftServerImpl.java:checkInconsistentAppendEntries(1394)) - omNode-2@group-523986131536: inconsistency entries. Reply:omNode-1<-omNode-2#454:FAIL-t7,INCONSISTENCY,nextIndex=59,followerCommit=58
2022-10-18 03:54:11,461 [grpc-default-executor-3] INFO  impl.SnapshotInstallationHandler (SnapshotInstallationHandler.java:installSnapshot(84)) - omNode-2@group-523986131536: receive installSnapshot: omNode-1->omNode-2#0-t7,notify:(t:7, i:61)
2022-10-18 03:54:11,462 [grpc-default-executor-3] INFO  impl.SnapshotInstallationHandler (SnapshotInstallationHandler.java:installSnapshot(95)) - omNode-2@group-523986131536: reply installSnapshot: omNode-1<-omNode-2#0:FAIL-t7,IN_PROGRESS
2022-10-18 03:54:11,462 [Listener at localhost/37159] INFO  segmented.SegmentedRaftLogWorker (SegmentedRaftLogWorker.java:close(246)) - omNode-3@group-523986131536-SegmentedRaftLogWorker close()
2022-10-18 03:54:11,468 [Listener at localhost/37159] INFO  server.GrpcService (GrpcService.java:closeImpl(269)) - omNode-3: shutdown server with port 44279 now
2022-10-18 03:54:11,469 [grpc-default-executor-0] WARN  server.GrpcServerProtocolService (LogUtils.java:warn(122)) - omNode-3: installSnapshot onError, lastRequest: omNode-1->omNode-3#279-t7,previous=(t:7, i:145),leaderCommit=145,initializing? true,entries: size=1, first=(t:7, i:146), METADATAENTRY(c:145): org.apache.ratis.thirdparty.io.grpc.StatusRuntimeException: CANCELLED: client cancelled
2022-10-18 03:54:11,470 [grpc-default-executor-0] INFO  leader.FollowerInfo (FollowerInfoImpl.java:lambda$new$0(48)) - omNode-1@group-523986131536->omNode-2: nextIndex: updateUnconditionally 59 -> 59
2022-10-18 03:54:11,470 [grpc-default-executor-0] INFO  server.GrpcLogAppender (GrpcLogAppender.java:onNext(403)) - omNode-1@group-523986131536->omNode-2-InstallSnapshotResponseHandler: received a reply omNode-1<-omNode-2#0:FAIL-t7,IN_PROGRESS
2022-10-18 03:54:11,470 [grpc-default-executor-0] INFO  server.GrpcLogAppender (GrpcLogAppender.java:onNext(421)) - omNode-1@group-523986131536->omNode-2-InstallSnapshotResponseHandler: InstallSnapshot in progress.
2022-10-18 03:54:11,471 [grpc-default-executor-0] WARN  server.GrpcLogAppender (LogUtils.java:warn(122)) - omNode-1@group-523986131536->omNode-3-AppendLogResponseHandler: Failed appendEntries: org.apache.ratis.thirdparty.io.grpc.StatusRuntimeException: CANCELLED: RST_STREAM closed stream. HTTP/2 error code: CANCEL
2022-10-18 03:54:11,471 [grpc-default-executor-0] INFO  leader.FollowerInfo (FollowerInfoImpl.java:lambda$new$0(48)) - omNode-1@group-523986131536->omNode-3: nextIndex: updateUnconditionally 147 -> 146
2022-10-18 03:54:11,474 [Listener at localhost/37159] INFO  server.GrpcService (GrpcService.java:closeImpl(278)) - omNode-3: shutdown server with port 44279 successfully
2022-10-18 03:54:11,474 [org.apache.ratis.util.JvmPauseMonitor$$Lambda$703/726954313@7c4acde5] INFO  util.JvmPauseMonitor (JvmPauseMonitor.java:run(109)) - JvmPauseMonitor-omNode-3: Stopped
2022-10-18 03:54:11,474 [grpc-default-executor-3] INFO  server.GrpcServerProtocolService (GrpcServerProtocolService.java:onCompleted(140)) - omNode-2: Completed INSTALL_SNAPSHOT, lastRequest: omNode-1->omNode-2#0-t7,notify:(t:7, i:61)
2022-10-18 03:54:11,475 [Listener at localhost/37159] INFO  ratis.OzoneManagerStateMachine (OzoneManagerStateMachine.java:close(495)) - StateMachine has shutdown. Shutdown OzoneManager if not already shutdown.
2022-10-18 03:54:11,475 [Listener at localhost/37159] INFO  ratis.OzoneManagerDoubleBuffer (OzoneManagerDoubleBuffer.java:stop(478)) - OMDoubleBuffer flush thread is not running.
2022-10-18 03:54:11,476 [Listener at localhost/37159] INFO  handler.ContextHandler (ContextHandler.java:doStop(1153)) - Stopped o.e.j.w.WebAppContext@49996836{ozoneManager,/,null,STOPPED}{file:/home/runner/work/ozone/ozone/hadoop-ozone/integration-test/target/test-classes/webapps/ozoneManager}
2022-10-18 03:54:11,477 [Listener at localhost/37159] INFO  server.AbstractConnector (AbstractConnector.java:doStop(381)) - Stopped ServerConnector@723cab47{HTTP/1.1, (http/1.1)}{0.0.0.0:34765}
2022-10-18 03:54:11,477 [Listener at localhost/37159] INFO  server.session (HouseKeeper.java:stopScavenging(149)) - node0 Stopped scavenging
2022-10-18 03:54:11,477 [Listener at localhost/37159] INFO  handler.ContextHandler (ContextHandler.java:doStop(1153)) - Stopped o.e.j.s.ServletContextHandler@5f1975cd{static,/static,file:///home/runner/work/ozone/ozone/hadoop-ozone/integration-test/target/test-classes/webapps/static,STOPPED}
2022-10-18 03:54:11,477 [Listener at localhost/37159] INFO  handler.ContextHandler (ContextHandler.java:doStop(1153)) - Stopped o.e.j.s.ServletContextHandler@274e52b7{logs,/logs,file:///home/runner/work/ozone/ozone/hadoop-ozone/integration-test/target/log,STOPPED}
2022-10-18 03:54:11,479 [omNode-1@group-523986131536->omNode-2-GrpcLogAppender-LogAppenderDaemon] INFO  server.GrpcLogAppender (GrpcLogAppender.java:installSnapshot(541)) - omNode-1@group-523986131536->omNode-2-GrpcLogAppender: followerNextIndex = 59 but logStartIndex = 61, notify follower to install snapshot-(t:7, i:61)
2022-10-18 03:54:11,479 [omNode-1@group-523986131536->omNode-2-GrpcLogAppender-LogAppenderDaemon] INFO  server.GrpcLogAppender (GrpcLogAppender.java:installSnapshot(549)) - omNode-1@group-523986131536->omNode-2-GrpcLogAppender: send omNode-1->omNode-2#0-t7,notify:(t:7, i:61)
2022-10-18 03:54:11,481 [grpc-default-executor-3] WARN  server.GrpcLogAppender (LogUtils.java:warn(122)) - omNode-1@group-523986131536->omNode-3-AppendLogResponseHandler: Failed appendEntries: org.apache.ratis.thirdparty.io.grpc.StatusRuntimeException: UNAVAILABLE: io exception
2022-10-18 03:54:11,481 [grpc-default-executor-3] INFO  leader.FollowerInfo (FollowerInfoImpl.java:lambda$new$0(48)) - omNode-1@group-523986131536->omNode-3: nextIndex: updateUnconditionally 147 -> 146
2022-10-18 03:54:11,482 [qtp401510562-1084] INFO  utils.DBCheckpointServlet (DBCheckpointServlet.java:doGet(109)) - Received request to obtain DB checkpoint snapshot
2022-10-18 03:54:11,484 [Listener at localhost/37159] INFO  om.OzoneManager (OzoneManager.java:restart(1571)) - OzoneManager RPC server is listening at localhost/127.0.0.1:45489
2022-10-18 03:54:11,484 [Listener at localhost/37159] INFO  impl.MetricsSystemImpl (MetricsSystemImpl.java:init(158)) - OzoneManager metrics system started (again)
2022-10-18 03:54:11,487 [grpc-default-executor-3] INFO  impl.SnapshotInstallationHandler (SnapshotInstallationHandler.java:installSnapshot(84)) - omNode-2@group-523986131536: receive installSnapshot: omNode-1->omNode-2#0-t7,notify:(t:7, i:61)
2022-10-18 03:54:11,488 [grpc-default-executor-3] INFO  impl.SnapshotInstallationHandler (SnapshotInstallationHandler.java:installSnapshot(95)) - omNode-2@group-523986131536: reply installSnapshot: omNode-1<-omNode-2#0:FAIL-t7,IN_PROGRESS
2022-10-18 03:54:11,488 [grpc-default-executor-3] INFO  server.GrpcServerProtocolService (GrpcServerProtocolService.java:onCompleted(140)) - omNode-2: Completed INSTALL_SNAPSHOT, lastRequest: omNode-1->omNode-2#0-t7,notify:(t:7, i:61)
2022-10-18 03:54:11,489 [grpc-default-executor-3] INFO  server.GrpcLogAppender (GrpcLogAppender.java:onNext(403)) - omNode-1@group-523986131536->omNode-2-InstallSnapshotResponseHandler: received a reply omNode-1<-omNode-2#0:FAIL-t7,IN_PROGRESS
2022-10-18 03:54:11,489 [grpc-default-executor-3] INFO  server.GrpcLogAppender (GrpcLogAppender.java:onNext(421)) - omNode-1@group-523986131536->omNode-2-InstallSnapshotResponseHandler: InstallSnapshot in progress.
2022-10-18 03:54:11,489 [omNode-2-server-thread1] INFO  server.RaftServer$Division (RaftServerImpl.java:checkInconsistentAppendEntries(1402)) - omNode-2@group-523986131536: Failed appendEntries as snapshot (61) installation is in progress
2022-10-18 03:54:11,489 [omNode-2-server-thread1] INFO  server.RaftServer$Division (RaftServerImpl.java:checkInconsistentAppendEntries(1394)) - omNode-2@group-523986131536: inconsistency entries. Reply:omNode-1<-omNode-2#455:FAIL-t7,INCONSISTENCY,nextIndex=59,followerCommit=58
2022-10-18 03:54:11,495 [omNode-1@group-523986131536->omNode-2-GrpcLogAppender-LogAppenderDaemon] INFO  server.GrpcLogAppender (GrpcLogAppender.java:installSnapshot(541)) - omNode-1@group-523986131536->omNode-2-GrpcLogAppender: followerNextIndex = 59 but logStartIndex = 61, notify follower to install snapshot-(t:7, i:61)
2022-10-18 03:54:11,496 [omNode-1@group-523986131536->omNode-2-GrpcLogAppender-LogAppenderDaemon] INFO  server.GrpcLogAppender (GrpcLogAppender.java:installSnapshot(549)) - omNode-1@group-523986131536->omNode-2-GrpcLogAppender: send omNode-1->omNode-2#0-t7,notify:(t:7, i:61)
2022-10-18 03:54:11,500 [omNode-2-server-thread1] INFO  server.RaftServer$Division (RaftServerImpl.java:checkInconsistentAppendEntries(1402)) - omNode-2@group-523986131536: Failed appendEntries as snapshot (61) installation is in progress
2022-10-18 03:54:11,500 [omNode-2-server-thread1] INFO  server.RaftServer$Division (RaftServerImpl.java:checkInconsistentAppendEntries(1394)) - omNode-2@group-523986131536: inconsistency entries. Reply:omNode-1<-omNode-2#456:FAIL-t7,INCONSISTENCY,nextIndex=59,followerCommit=58
2022-10-18 03:54:11,501 [grpc-default-executor-3] INFO  leader.FollowerInfo (FollowerInfoImpl.java:lambda$new$0(48)) - omNode-1@group-523986131536->omNode-2: nextIndex: updateUnconditionally 59 -> 59
2022-10-18 03:54:11,501 [grpc-default-executor-3] INFO  impl.SnapshotInstallationHandler (SnapshotInstallationHandler.java:installSnapshot(84)) - omNode-2@group-523986131536: receive installSnapshot: omNode-1->omNode-2#0-t7,notify:(t:7, i:61)
2022-10-18 03:54:11,501 [grpc-default-executor-3] INFO  impl.SnapshotInstallationHandler (SnapshotInstallationHandler.java:installSnapshot(95)) - omNode-2@group-523986131536: reply installSnapshot: omNode-1<-omNode-2#0:FAIL-t7,IN_PROGRESS
2022-10-18 03:54:11,502 [grpc-default-executor-3] INFO  server.GrpcServerProtocolService (GrpcServerProtocolService.java:onCompleted(140)) - omNode-2: Completed INSTALL_SNAPSHOT, lastRequest: omNode-1->omNode-2#0-t7,notify:(t:7, i:61)
2022-10-18 03:54:11,504 [grpc-default-executor-3] INFO  leader.FollowerInfo (FollowerInfoImpl.java:lambda$new$0(48)) - omNode-1@group-523986131536->omNode-2: nextIndex: updateUnconditionally 59 -> 59
2022-10-18 03:54:11,505 [grpc-default-executor-3] INFO  server.GrpcLogAppender (GrpcLogAppender.java:onNext(403)) - omNode-1@group-523986131536->omNode-2-InstallSnapshotResponseHandler: received a reply omNode-1<-omNode-2#0:FAIL-t7,IN_PROGRESS
2022-10-18 03:54:11,505 [grpc-default-executor-3] INFO  server.GrpcLogAppender (GrpcLogAppender.java:onNext(421)) - omNode-1@group-523986131536->omNode-2-InstallSnapshotResponseHandler: InstallSnapshot in progress.
2022-10-18 03:54:11,505 [omNode-1@group-523986131536->omNode-2-GrpcLogAppender-LogAppenderDaemon] INFO  server.GrpcLogAppender (GrpcLogAppender.java:installSnapshot(541)) - omNode-1@group-523986131536->omNode-2-GrpcLogAppender: followerNextIndex = 59 but logStartIndex = 61, notify follower to install snapshot-(t:7, i:61)
2022-10-18 03:54:11,505 [omNode-1@group-523986131536->omNode-2-GrpcLogAppender-LogAppenderDaemon] INFO  server.GrpcLogAppender (GrpcLogAppender.java:installSnapshot(549)) - omNode-1@group-523986131536->omNode-2-GrpcLogAppender: send omNode-1->omNode-2#0-t7,notify:(t:7, i:61)
2022-10-18 03:54:11,509 [omNode-2-server-thread1] INFO  server.RaftServer$Division (RaftServerImpl.java:checkInconsistentAppendEntries(1402)) - omNode-2@group-523986131536: Failed appendEntries as snapshot (61) installation is in progress
2022-10-18 03:54:11,509 [omNode-2-server-thread1] INFO  server.RaftServer$Division (RaftServerImpl.java:checkInconsistentAppendEntries(1394)) - omNode-2@group-523986131536: inconsistency entries. Reply:omNode-1<-omNode-2#457:FAIL-t7,INCONSISTENCY,nextIndex=59,followerCommit=58
2022-10-18 03:54:11,510 [grpc-default-executor-3] INFO  impl.SnapshotInstallationHandler (SnapshotInstallationHandler.java:installSnapshot(84)) - omNode-2@group-523986131536: receive installSnapshot: omNode-1->omNode-2#0-t7,notify:(t:7, i:61)
2022-10-18 03:54:11,510 [grpc-default-executor-3] INFO  impl.SnapshotInstallationHandler (SnapshotInstallationHandler.java:installSnapshot(95)) - omNode-2@group-523986131536: reply installSnapshot: omNode-1<-omNode-2#0:FAIL-t7,IN_PROGRESS
2022-10-18 03:54:11,510 [grpc-default-executor-3] INFO  server.GrpcServerProtocolService (GrpcServerProtocolService.java:onCompleted(140)) - omNode-2: Completed INSTALL_SNAPSHOT, lastRequest: omNode-1->omNode-2#0-t7,notify:(t:7, i:61)
2022-10-18 03:54:11,514 [grpc-default-executor-3] INFO  leader.FollowerInfo (FollowerInfoImpl.java:lambda$new$0(48)) - omNode-1@group-523986131536->omNode-2: nextIndex: updateUnconditionally 59 -> 59
2022-10-18 03:54:11,514 [grpc-default-executor-3] INFO  server.GrpcLogAppender (GrpcLogAppender.java:onNext(403)) - omNode-1@group-523986131536->omNode-2-InstallSnapshotResponseHandler: received a reply omNode-1<-omNode-2#0:FAIL-t7,IN_PROGRESS
2022-10-18 03:54:11,514 [grpc-default-executor-3] INFO  server.GrpcLogAppender (GrpcLogAppender.java:onNext(421)) - omNode-1@group-523986131536->omNode-2-InstallSnapshotResponseHandler: InstallSnapshot in progress.
2022-10-18 03:54:11,515 [omNode-1@group-523986131536->omNode-2-GrpcLogAppender-LogAppenderDaemon] INFO  server.GrpcLogAppender (GrpcLogAppender.java:installSnapshot(541)) - omNode-1@group-523986131536->omNode-2-GrpcLogAppender: followerNextIndex = 59 but logStartIndex = 61, notify follower to install snapshot-(t:7, i:61)
2022-10-18 03:54:11,515 [omNode-1@group-523986131536->omNode-2-GrpcLogAppender-LogAppenderDaemon] INFO  server.GrpcLogAppender (GrpcLogAppender.java:installSnapshot(549)) - omNode-1@group-523986131536->omNode-2-GrpcLogAppender: send omNode-1->omNode-2#0-t7,notify:(t:7, i:61)
2022-10-18 03:54:11,516 [omNode-2-server-thread1] INFO  server.RaftServer$Division (RaftServerImpl.java:checkInconsistentAppendEntries(1402)) - omNode-2@group-523986131536: Failed appendEntries as snapshot (61) installation is in progress
2022-10-18 03:54:11,516 [omNode-2-server-thread1] INFO  server.RaftServer$Division (RaftServerImpl.java:checkInconsistentAppendEntries(1394)) - omNode-2@group-523986131536: inconsistency entries. Reply:omNode-1<-omNode-2#458:FAIL-t7,INCONSISTENCY,nextIndex=59,followerCommit=58
2022-10-18 03:54:11,517 [grpc-default-executor-3] INFO  impl.SnapshotInstallationHandler (SnapshotInstallationHandler.java:installSnapshot(84)) - omNode-2@group-523986131536: receive installSnapshot: omNode-1->omNode-2#0-t7,notify:(t:7, i:61)
2022-10-18 03:54:11,517 [grpc-default-executor-3] INFO  impl.SnapshotInstallationHandler (SnapshotInstallationHandler.java:installSnapshot(95)) - omNode-2@group-523986131536: reply installSnapshot: omNode-1<-omNode-2#0:FAIL-t7,IN_PROGRESS
2022-10-18 03:54:11,517 [grpc-default-executor-3] INFO  server.GrpcServerProtocolService (GrpcServerProtocolService.java:onCompleted(140)) - omNode-2: Completed INSTALL_SNAPSHOT, lastRequest: omNode-1->omNode-2#0-t7,notify:(t:7, i:61)
2022-10-18 03:54:11,518 [grpc-default-executor-3] INFO  leader.FollowerInfo (FollowerInfoImpl.java:lambda$new$0(48)) - omNode-1@group-523986131536->omNode-2: nextIndex: updateUnconditionally 59 -> 59
2022-10-18 03:54:11,518 [Listener at localhost/37159] WARN  server.ServerUtils (ServerUtils.java:getDBPath(225)) - ozone.om.db.dirs is not configured. We recommend adding this setting. Falling back to ozone.metadata.dirs instead.
2022-10-18 03:54:11,518 [grpc-default-executor-3] INFO  server.GrpcLogAppender (GrpcLogAppender.java:onNext(403)) - omNode-1@group-523986131536->omNode-2-InstallSnapshotResponseHandler: received a reply omNode-1<-omNode-2#0:FAIL-t7,IN_PROGRESS
2022-10-18 03:54:11,518 [grpc-default-executor-3] INFO  server.GrpcLogAppender (GrpcLogAppender.java:onNext(421)) - omNode-1@group-523986131536->omNode-2-InstallSnapshotResponseHandler: InstallSnapshot in progress.
2022-10-18 03:54:11,519 [omNode-1@group-523986131536->omNode-2-GrpcLogAppender-LogAppenderDaemon] INFO  server.GrpcLogAppender (GrpcLogAppender.java:installSnapshot(541)) - omNode-1@group-523986131536->omNode-2-GrpcLogAppender: followerNextIndex = 59 but logStartIndex = 61, notify follower to install snapshot-(t:7, i:61)
2022-10-18 03:54:11,519 [omNode-1@group-523986131536->omNode-2-GrpcLogAppender-LogAppenderDaemon] INFO  server.GrpcLogAppender (GrpcLogAppender.java:installSnapshot(549)) - omNode-1@group-523986131536->omNode-2-GrpcLogAppender: send omNode-1->omNode-2#0-t7,notify:(t:7, i:61)
2022-10-18 03:54:11,519 [Listener at localhost/37159] INFO  codec.OmKeyInfoCodec (OmKeyInfoCodec.java:<init>(49)) - OmKeyInfoCodec ignorePipeline = true
2022-10-18 03:54:11,520 [Listener at localhost/37159] INFO  codec.RepeatedOmKeyInfoCodec (RepeatedOmKeyInfoCodec.java:<init>(41)) - RepeatedOmKeyInfoCodec ignorePipeline = true
2022-10-18 03:54:11,520 [grpc-default-executor-0] INFO  impl.SnapshotInstallationHandler (SnapshotInstallationHandler.java:installSnapshot(84)) - omNode-2@group-523986131536: receive installSnapshot: omNode-1->omNode-2#0-t7,notify:(t:7, i:61)
2022-10-18 03:54:11,520 [omNode-2-server-thread1] INFO  server.RaftServer$Division (RaftServerImpl.java:checkInconsistentAppendEntries(1402)) - omNode-2@group-523986131536: Failed appendEntries as snapshot (61) installation is in progress
2022-10-18 03:54:11,521 [omNode-2-server-thread1] INFO  server.RaftServer$Division (RaftServerImpl.java:checkInconsistentAppendEntries(1394)) - omNode-2@group-523986131536: inconsistency entries. Reply:omNode-1<-omNode-2#459:FAIL-t7,INCONSISTENCY,nextIndex=59,followerCommit=58
2022-10-18 03:54:11,521 [grpc-default-executor-0] INFO  impl.SnapshotInstallationHandler (SnapshotInstallationHandler.java:installSnapshot(95)) - omNode-2@group-523986131536: reply installSnapshot: omNode-1<-omNode-2#0:FAIL-t7,IN_PROGRESS
2022-10-18 03:54:11,522 [grpc-default-executor-0] INFO  server.GrpcServerProtocolService (GrpcServerProtocolService.java:onCompleted(140)) - omNode-2: Completed INSTALL_SNAPSHOT, lastRequest: omNode-1->omNode-2#0-t7,notify:(t:7, i:61)
2022-10-18 03:54:11,522 [grpc-default-executor-0] INFO  leader.FollowerInfo (FollowerInfoImpl.java:lambda$new$0(48)) - omNode-1@group-523986131536->omNode-2: nextIndex: updateUnconditionally 59 -> 59
2022-10-18 03:54:11,523 [grpc-default-executor-0] INFO  server.GrpcLogAppender (GrpcLogAppender.java:onNext(403)) - omNode-1@group-523986131536->omNode-2-InstallSnapshotResponseHandler: received a reply omNode-1<-omNode-2#0:FAIL-t7,IN_PROGRESS
2022-10-18 03:54:11,523 [grpc-default-executor-0] INFO  server.GrpcLogAppender (GrpcLogAppender.java:onNext(421)) - omNode-1@group-523986131536->omNode-2-InstallSnapshotResponseHandler: InstallSnapshot in progress.
2022-10-18 03:54:11,523 [omNode-1@group-523986131536->omNode-2-GrpcLogAppender-LogAppenderDaemon] INFO  server.GrpcLogAppender (GrpcLogAppender.java:installSnapshot(541)) - omNode-1@group-523986131536->omNode-2-GrpcLogAppender: followerNextIndex = 59 but logStartIndex = 61, notify follower to install snapshot-(t:7, i:61)
2022-10-18 03:54:11,523 [omNode-1@group-523986131536->omNode-2-GrpcLogAppender-LogAppenderDaemon] INFO  server.GrpcLogAppender (GrpcLogAppender.java:installSnapshot(549)) - omNode-1@group-523986131536->omNode-2-GrpcLogAppender: send omNode-1->omNode-2#0-t7,notify:(t:7, i:61)
2022-10-18 03:54:11,526 [omNode-2-server-thread1] INFO  server.RaftServer$Division (RaftServerImpl.java:checkInconsistentAppendEntries(1402)) - omNode-2@group-523986131536: Failed appendEntries as snapshot (61) installation is in progress
2022-10-18 03:54:11,526 [omNode-2-server-thread1] INFO  server.RaftServer$Division (RaftServerImpl.java:checkInconsistentAppendEntries(1394)) - omNode-2@group-523986131536: inconsistency entries. Reply:omNode-1<-omNode-2#460:FAIL-t7,INCONSISTENCY,nextIndex=59,followerCommit=58
2022-10-18 03:54:11,529 [grpc-default-executor-0] INFO  impl.SnapshotInstallationHandler (SnapshotInstallationHandler.java:installSnapshot(84)) - omNode-2@group-523986131536: receive installSnapshot: omNode-1->omNode-2#0-t7,notify:(t:7, i:61)
2022-10-18 03:54:11,529 [grpc-default-executor-0] INFO  impl.SnapshotInstallationHandler (SnapshotInstallationHandler.java:installSnapshot(95)) - omNode-2@group-523986131536: reply installSnapshot: omNode-1<-omNode-2#0:FAIL-t7,IN_PROGRESS
2022-10-18 03:54:11,529 [grpc-default-executor-0] INFO  server.GrpcServerProtocolService (GrpcServerProtocolService.java:onCompleted(140)) - omNode-2: Completed INSTALL_SNAPSHOT, lastRequest: omNode-1->omNode-2#0-t7,notify:(t:7, i:61)
2022-10-18 03:54:11,529 [qtp401510562-1084] INFO  db.RDBCheckpointManager (RDBCheckpointManager.java:createCheckpoint(81)) - Created checkpoint at /home/runner/work/ozone/ozone/hadoop-ozone/integration-test/target/test-dir/MiniOzoneClusterImpl-5cdafbed-51d9-4f54-a43e-7c7e014ba032/omNode-1/db.checkpoints/om.db_checkpoint_1666065251498 in 31 milliseconds
2022-10-18 03:54:11,538 [grpc-default-executor-0] INFO  leader.FollowerInfo (FollowerInfoImpl.java:lambda$new$0(48)) - omNode-1@group-523986131536->omNode-2: nextIndex: updateUnconditionally 59 -> 59
2022-10-18 03:54:11,538 [grpc-default-executor-0] INFO  server.GrpcLogAppender (GrpcLogAppender.java:onNext(403)) - omNode-1@group-523986131536->omNode-2-InstallSnapshotResponseHandler: received a reply omNode-1<-omNode-2#0:FAIL-t7,IN_PROGRESS
2022-10-18 03:54:11,538 [grpc-default-executor-0] INFO  server.GrpcLogAppender (GrpcLogAppender.java:onNext(421)) - omNode-1@group-523986131536->omNode-2-InstallSnapshotResponseHandler: InstallSnapshot in progress.
2022-10-18 03:54:11,539 [omNode-1@group-523986131536->omNode-2-GrpcLogAppender-LogAppenderDaemon] INFO  server.GrpcLogAppender (GrpcLogAppender.java:installSnapshot(541)) - omNode-1@group-523986131536->omNode-2-GrpcLogAppender: followerNextIndex = 59 but logStartIndex = 61, notify follower to install snapshot-(t:7, i:61)
2022-10-18 03:54:11,539 [omNode-1@group-523986131536->omNode-2-GrpcLogAppender-LogAppenderDaemon] INFO  server.GrpcLogAppender (GrpcLogAppender.java:installSnapshot(549)) - omNode-1@group-523986131536->omNode-2-GrpcLogAppender: send omNode-1->omNode-2#0-t7,notify:(t:7, i:61)
2022-10-18 03:54:11,540 [omNode-2-server-thread1] INFO  server.RaftServer$Division (RaftServerImpl.java:checkInconsistentAppendEntries(1402)) - omNode-2@group-523986131536: Failed appendEntries as snapshot (61) installation is in progress
2022-10-18 03:54:11,540 [omNode-2-server-thread1] INFO  server.RaftServer$Division (RaftServerImpl.java:checkInconsistentAppendEntries(1394)) - omNode-2@group-523986131536: inconsistency entries. Reply:omNode-1<-omNode-2#461:FAIL-t7,INCONSISTENCY,nextIndex=59,followerCommit=58
2022-10-18 03:54:11,540 [grpc-default-executor-0] INFO  impl.SnapshotInstallationHandler (SnapshotInstallationHandler.java:installSnapshot(84)) - omNode-2@group-523986131536: receive installSnapshot: omNode-1->omNode-2#0-t7,notify:(t:7, i:61)
2022-10-18 03:54:11,541 [grpc-default-executor-0] INFO  impl.SnapshotInstallationHandler (SnapshotInstallationHandler.java:installSnapshot(95)) - omNode-2@group-523986131536: reply installSnapshot: omNode-1<-omNode-2#0:FAIL-t7,IN_PROGRESS
2022-10-18 03:54:11,541 [grpc-default-executor-0] INFO  server.GrpcServerProtocolService (GrpcServerProtocolService.java:onCompleted(140)) - omNode-2: Completed INSTALL_SNAPSHOT, lastRequest: omNode-1->omNode-2#0-t7,notify:(t:7, i:61)
2022-10-18 03:54:11,553 [grpc-default-executor-3] INFO  leader.FollowerInfo (FollowerInfoImpl.java:lambda$new$0(48)) - omNode-1@group-523986131536->omNode-2: nextIndex: updateUnconditionally 59 -> 59
2022-10-18 03:54:11,555 [grpc-default-executor-0] INFO  server.GrpcLogAppender (GrpcLogAppender.java:onNext(403)) - omNode-1@group-523986131536->omNode-2-InstallSnapshotResponseHandler: received a reply omNode-1<-omNode-2#0:FAIL-t7,IN_PROGRESS
2022-10-18 03:54:11,555 [grpc-default-executor-0] INFO  server.GrpcLogAppender (GrpcLogAppender.java:onNext(421)) - omNode-1@group-523986131536->omNode-2-InstallSnapshotResponseHandler: InstallSnapshot in progress.
2022-10-18 03:54:11,556 [omNode-1@group-523986131536->omNode-2-GrpcLogAppender-LogAppenderDaemon] INFO  server.GrpcLogAppender (GrpcLogAppender.java:installSnapshot(541)) - omNode-1@group-523986131536->omNode-2-GrpcLogAppender: followerNextIndex = 59 but logStartIndex = 61, notify follower to install snapshot-(t:7, i:61)
2022-10-18 03:54:11,556 [omNode-1@group-523986131536->omNode-2-GrpcLogAppender-LogAppenderDaemon] INFO  server.GrpcLogAppender (GrpcLogAppender.java:installSnapshot(549)) - omNode-1@group-523986131536->omNode-2-GrpcLogAppender: send omNode-1->omNode-2#0-t7,notify:(t:7, i:61)
2022-10-18 03:54:11,556 [omNode-2-server-thread1] INFO  server.RaftServer$Division (RaftServerImpl.java:checkInconsistentAppendEntries(1402)) - omNode-2@group-523986131536: Failed appendEntries as snapshot (61) installation is in progress
2022-10-18 03:54:11,556 [omNode-2-server-thread1] INFO  server.RaftServer$Division (RaftServerImpl.java:checkInconsistentAppendEntries(1394)) - omNode-2@group-523986131536: inconsistency entries. Reply:omNode-1<-omNode-2#462:FAIL-t7,INCONSISTENCY,nextIndex=59,followerCommit=58
2022-10-18 03:54:11,557 [grpc-default-executor-0] INFO  leader.FollowerInfo (FollowerInfoImpl.java:lambda$new$0(48)) - omNode-1@group-523986131536->omNode-2: nextIndex: updateUnconditionally 59 -> 59
2022-10-18 03:54:11,557 [grpc-default-executor-0] INFO  impl.SnapshotInstallationHandler (SnapshotInstallationHandler.java:installSnapshot(84)) - omNode-2@group-523986131536: receive installSnapshot: omNode-1->omNode-2#0-t7,notify:(t:7, i:61)
2022-10-18 03:54:11,558 [grpc-default-executor-0] INFO  impl.SnapshotInstallationHandler (SnapshotInstallationHandler.java:installSnapshot(95)) - omNode-2@group-523986131536: reply installSnapshot: omNode-1<-omNode-2#0:FAIL-t7,IN_PROGRESS
2022-10-18 03:54:11,558 [grpc-default-executor-0] INFO  server.GrpcServerProtocolService (GrpcServerProtocolService.java:onCompleted(140)) - omNode-2: Completed INSTALL_SNAPSHOT, lastRequest: omNode-1->omNode-2#0-t7,notify:(t:7, i:61)
2022-10-18 03:54:11,559 [grpc-default-executor-3] INFO  server.GrpcLogAppender (GrpcLogAppender.java:onNext(403)) - omNode-1@group-523986131536->omNode-2-InstallSnapshotResponseHandler: received a reply omNode-1<-omNode-2#0:FAIL-t7,IN_PROGRESS
2022-10-18 03:54:11,559 [grpc-default-executor-3] INFO  server.GrpcLogAppender (GrpcLogAppender.java:onNext(421)) - omNode-1@group-523986131536->omNode-2-InstallSnapshotResponseHandler: InstallSnapshot in progress.
2022-10-18 03:54:11,559 [omNode-1@group-523986131536->omNode-2-GrpcLogAppender-LogAppenderDaemon] INFO  server.GrpcLogAppender (GrpcLogAppender.java:installSnapshot(541)) - omNode-1@group-523986131536->omNode-2-GrpcLogAppender: followerNextIndex = 59 but logStartIndex = 61, notify follower to install snapshot-(t:7, i:61)
2022-10-18 03:54:11,559 [omNode-1@group-523986131536->omNode-2-GrpcLogAppender-LogAppenderDaemon] INFO  server.GrpcLogAppender (GrpcLogAppender.java:installSnapshot(549)) - omNode-1@group-523986131536->omNode-2-GrpcLogAppender: send omNode-1->omNode-2#0-t7,notify:(t:7, i:61)
2022-10-18 03:54:11,560 [omNode-2-server-thread1] INFO  server.RaftServer$Division (RaftServerImpl.java:checkInconsistentAppendEntries(1402)) - omNode-2@group-523986131536: Failed appendEntries as snapshot (61) installation is in progress
2022-10-18 03:54:11,561 [omNode-2-server-thread1] INFO  server.RaftServer$Division (RaftServerImpl.java:checkInconsistentAppendEntries(1394)) - omNode-2@group-523986131536: inconsistency entries. Reply:omNode-1<-omNode-2#463:FAIL-t7,INCONSISTENCY,nextIndex=59,followerCommit=58
2022-10-18 03:54:11,561 [grpc-default-executor-3] INFO  impl.SnapshotInstallationHandler (SnapshotInstallationHandler.java:installSnapshot(84)) - omNode-2@group-523986131536: receive installSnapshot: omNode-1->omNode-2#0-t7,notify:(t:7, i:61)
2022-10-18 03:54:11,561 [grpc-default-executor-0] INFO  leader.FollowerInfo (FollowerInfoImpl.java:lambda$new$0(48)) - omNode-1@group-523986131536->omNode-2: nextIndex: updateUnconditionally 59 -> 59
2022-10-18 03:54:11,563 [grpc-default-executor-3] INFO  impl.SnapshotInstallationHandler (SnapshotInstallationHandler.java:installSnapshot(95)) - omNode-2@group-523986131536: reply installSnapshot: omNode-1<-omNode-2#0:FAIL-t7,IN_PROGRESS
2022-10-18 03:54:11,563 [grpc-default-executor-3] INFO  server.GrpcServerProtocolService (GrpcServerProtocolService.java:onCompleted(140)) - omNode-2: Completed INSTALL_SNAPSHOT, lastRequest: omNode-1->omNode-2#0-t7,notify:(t:7, i:61)
2022-10-18 03:54:11,564 [grpc-default-executor-0] INFO  server.GrpcLogAppender (GrpcLogAppender.java:onNext(403)) - omNode-1@group-523986131536->omNode-2-InstallSnapshotResponseHandler: received a reply omNode-1<-omNode-2#0:FAIL-t7,IN_PROGRESS
2022-10-18 03:54:11,564 [grpc-default-executor-0] INFO  server.GrpcLogAppender (GrpcLogAppender.java:onNext(421)) - omNode-1@group-523986131536->omNode-2-InstallSnapshotResponseHandler: InstallSnapshot in progress.
2022-10-18 03:54:11,564 [omNode-1@group-523986131536->omNode-2-GrpcLogAppender-LogAppenderDaemon] INFO  server.GrpcLogAppender (GrpcLogAppender.java:installSnapshot(541)) - omNode-1@group-523986131536->omNode-2-GrpcLogAppender: followerNextIndex = 59 but logStartIndex = 61, notify follower to install snapshot-(t:7, i:61)
2022-10-18 03:54:11,564 [omNode-1@group-523986131536->omNode-2-GrpcLogAppender-LogAppenderDaemon] INFO  server.GrpcLogAppender (GrpcLogAppender.java:installSnapshot(549)) - omNode-1@group-523986131536->omNode-2-GrpcLogAppender: send omNode-1->omNode-2#0-t7,notify:(t:7, i:61)
2022-10-18 03:54:11,565 [omNode-2-server-thread1] INFO  server.RaftServer$Division (RaftServerImpl.java:checkInconsistentAppendEntries(1402)) - omNode-2@group-523986131536: Failed appendEntries as snapshot (61) installation is in progress
2022-10-18 03:54:11,565 [omNode-2-server-thread1] INFO  server.RaftServer$Division (RaftServerImpl.java:checkInconsistentAppendEntries(1394)) - omNode-2@group-523986131536: inconsistency entries. Reply:omNode-1<-omNode-2#464:FAIL-t7,INCONSISTENCY,nextIndex=59,followerCommit=58
2022-10-18 03:54:11,566 [grpc-default-executor-2] INFO  leader.FollowerInfo (FollowerInfoImpl.java:lambda$new$0(48)) - omNode-1@group-523986131536->omNode-2: nextIndex: updateUnconditionally 59 -> 59
2022-10-18 03:54:11,566 [grpc-default-executor-3] INFO  impl.SnapshotInstallationHandler (SnapshotInstallationHandler.java:installSnapshot(84)) - omNode-2@group-523986131536: receive installSnapshot: omNode-1->omNode-2#0-t7,notify:(t:7, i:61)
2022-10-18 03:54:11,566 [grpc-default-executor-3] INFO  impl.SnapshotInstallationHandler (SnapshotInstallationHandler.java:installSnapshot(95)) - omNode-2@group-523986131536: reply installSnapshot: omNode-1<-omNode-2#0:FAIL-t7,IN_PROGRESS
2022-10-18 03:54:11,566 [grpc-default-executor-3] INFO  server.GrpcServerProtocolService (GrpcServerProtocolService.java:onCompleted(140)) - omNode-2: Completed INSTALL_SNAPSHOT, lastRequest: omNode-1->omNode-2#0-t7,notify:(t:7, i:61)
2022-10-18 03:54:11,567 [grpc-default-executor-2] INFO  server.GrpcLogAppender (GrpcLogAppender.java:onNext(403)) - omNode-1@group-523986131536->omNode-2-InstallSnapshotResponseHandler: received a reply omNode-1<-omNode-2#0:FAIL-t7,IN_PROGRESS
2022-10-18 03:54:11,567 [grpc-default-executor-2] INFO  server.GrpcLogAppender (GrpcLogAppender.java:onNext(421)) - omNode-1@group-523986131536->omNode-2-InstallSnapshotResponseHandler: InstallSnapshot in progress.
2022-10-18 03:54:11,568 [omNode-1@group-523986131536->omNode-2-GrpcLogAppender-LogAppenderDaemon] INFO  server.GrpcLogAppender (GrpcLogAppender.java:installSnapshot(541)) - omNode-1@group-523986131536->omNode-2-GrpcLogAppender: followerNextIndex = 59 but logStartIndex = 61, notify follower to install snapshot-(t:7, i:61)
2022-10-18 03:54:11,568 [omNode-1@group-523986131536->omNode-2-GrpcLogAppender-LogAppenderDaemon] INFO  server.GrpcLogAppender (GrpcLogAppender.java:installSnapshot(549)) - omNode-1@group-523986131536->omNode-2-GrpcLogAppender: send omNode-1->omNode-2#0-t7,notify:(t:7, i:61)
2022-10-18 03:54:11,569 [omNode-2-server-thread1] INFO  server.RaftServer$Division (RaftServerImpl.java:checkInconsistentAppendEntries(1402)) - omNode-2@group-523986131536: Failed appendEntries as snapshot (61) installation is in progress
2022-10-18 03:54:11,569 [omNode-2-server-thread1] INFO  server.RaftServer$Division (RaftServerImpl.java:checkInconsistentAppendEntries(1394)) - omNode-2@group-523986131536: inconsistency entries. Reply:omNode-1<-omNode-2#465:FAIL-t7,INCONSISTENCY,nextIndex=59,followerCommit=58
2022-10-18 03:54:11,569 [grpc-default-executor-0] INFO  leader.FollowerInfo (FollowerInfoImpl.java:lambda$new$0(48)) - omNode-1@group-523986131536->omNode-2: nextIndex: updateUnconditionally 59 -> 59
2022-10-18 03:54:11,570 [grpc-default-executor-3] INFO  impl.SnapshotInstallationHandler (SnapshotInstallationHandler.java:installSnapshot(84)) - omNode-2@group-523986131536: receive installSnapshot: omNode-1->omNode-2#0-t7,notify:(t:7, i:61)
2022-10-18 03:54:11,570 [grpc-default-executor-3] INFO  impl.SnapshotInstallationHandler (SnapshotInstallationHandler.java:installSnapshot(95)) - omNode-2@group-523986131536: reply installSnapshot: omNode-1<-omNode-2#0:FAIL-t7,IN_PROGRESS
2022-10-18 03:54:11,570 [grpc-default-executor-3] INFO  server.GrpcServerProtocolService (GrpcServerProtocolService.java:onCompleted(140)) - omNode-2: Completed INSTALL_SNAPSHOT, lastRequest: omNode-1->omNode-2#0-t7,notify:(t:7, i:61)
2022-10-18 03:54:11,570 [grpc-default-executor-0] INFO  server.GrpcLogAppender (GrpcLogAppender.java:onNext(403)) - omNode-1@group-523986131536->omNode-2-InstallSnapshotResponseHandler: received a reply omNode-1<-omNode-2#0:FAIL-t7,IN_PROGRESS
2022-10-18 03:54:11,571 [grpc-default-executor-0] INFO  server.GrpcLogAppender (GrpcLogAppender.java:onNext(421)) - omNode-1@group-523986131536->omNode-2-InstallSnapshotResponseHandler: InstallSnapshot in progress.
2022-10-18 03:54:11,571 [omNode-1@group-523986131536->omNode-2-GrpcLogAppender-LogAppenderDaemon] INFO  server.GrpcLogAppender (GrpcLogAppender.java:installSnapshot(541)) - omNode-1@group-523986131536->omNode-2-GrpcLogAppender: followerNextIndex = 59 but logStartIndex = 61, notify follower to install snapshot-(t:7, i:61)
2022-10-18 03:54:11,571 [omNode-1@group-523986131536->omNode-2-GrpcLogAppender-LogAppenderDaemon] INFO  server.GrpcLogAppender (GrpcLogAppender.java:installSnapshot(549)) - omNode-1@group-523986131536->omNode-2-GrpcLogAppender: send omNode-1->omNode-2#0-t7,notify:(t:7, i:61)
2022-10-18 03:54:11,572 [omNode-2-server-thread1] INFO  server.RaftServer$Division (RaftServerImpl.java:checkInconsistentAppendEntries(1402)) - omNode-2@group-523986131536: Failed appendEntries as snapshot (61) installation is in progress
2022-10-18 03:54:11,572 [omNode-2-server-thread1] INFO  server.RaftServer$Division (RaftServerImpl.java:checkInconsistentAppendEntries(1394)) - omNode-2@group-523986131536: inconsistency entries. Reply:omNode-1<-omNode-2#466:FAIL-t7,INCONSISTENCY,nextIndex=59,followerCommit=58
2022-10-18 03:54:11,572 [grpc-default-executor-0] INFO  impl.SnapshotInstallationHandler (SnapshotInstallationHandler.java:installSnapshot(84)) - omNode-2@group-523986131536: receive installSnapshot: omNode-1->omNode-2#0-t7,notify:(t:7, i:61)
2022-10-18 03:54:11,573 [grpc-default-executor-0] INFO  impl.SnapshotInstallationHandler (SnapshotInstallationHandler.java:installSnapshot(95)) - omNode-2@group-523986131536: reply installSnapshot: omNode-1<-omNode-2#0:FAIL-t7,IN_PROGRESS
2022-10-18 03:54:11,573 [grpc-default-executor-0] INFO  server.GrpcServerProtocolService (GrpcServerProtocolService.java:onCompleted(140)) - omNode-2: Completed INSTALL_SNAPSHOT, lastRequest: omNode-1->omNode-2#0-t7,notify:(t:7, i:61)
2022-10-18 03:54:11,573 [grpc-default-executor-0] INFO  leader.FollowerInfo (FollowerInfoImpl.java:lambda$new$0(48)) - omNode-1@group-523986131536->omNode-2: nextIndex: updateUnconditionally 59 -> 59
2022-10-18 03:54:11,574 [grpc-default-executor-0] INFO  server.GrpcLogAppender (GrpcLogAppender.java:onNext(403)) - omNode-1@group-523986131536->omNode-2-InstallSnapshotResponseHandler: received a reply omNode-1<-omNode-2#0:FAIL-t7,IN_PROGRESS
2022-10-18 03:54:11,574 [grpc-default-executor-0] INFO  server.GrpcLogAppender (GrpcLogAppender.java:onNext(421)) - omNode-1@group-523986131536->omNode-2-InstallSnapshotResponseHandler: InstallSnapshot in progress.
2022-10-18 03:54:11,574 [omNode-1@group-523986131536->omNode-2-GrpcLogAppender-LogAppenderDaemon] INFO  server.GrpcLogAppender (GrpcLogAppender.java:installSnapshot(541)) - omNode-1@group-523986131536->omNode-2-GrpcLogAppender: followerNextIndex = 59 but logStartIndex = 61, notify follower to install snapshot-(t:7, i:61)
2022-10-18 03:54:11,574 [omNode-1@group-523986131536->omNode-2-GrpcLogAppender-LogAppenderDaemon] INFO  server.GrpcLogAppender (GrpcLogAppender.java:installSnapshot(549)) - omNode-1@group-523986131536->omNode-2-GrpcLogAppender: send omNode-1->omNode-2#0-t7,notify:(t:7, i:61)
2022-10-18 03:54:11,575 [omNode-2-server-thread1] INFO  server.RaftServer$Division (RaftServerImpl.java:checkInconsistentAppendEntries(1402)) - omNode-2@group-523986131536: Failed appendEntries as snapshot (61) installation is in progress
2022-10-18 03:54:11,575 [omNode-2-server-thread1] INFO  server.RaftServer$Division (RaftServerImpl.java:checkInconsistentAppendEntries(1394)) - omNode-2@group-523986131536: inconsistency entries. Reply:omNode-1<-omNode-2#467:FAIL-t7,INCONSISTENCY,nextIndex=59,followerCommit=58
2022-10-18 03:54:11,576 [grpc-default-executor-0] INFO  impl.SnapshotInstallationHandler (SnapshotInstallationHandler.java:installSnapshot(84)) - omNode-2@group-523986131536: receive installSnapshot: omNode-1->omNode-2#0-t7,notify:(t:7, i:61)
2022-10-18 03:54:11,576 [grpc-default-executor-0] INFO  impl.SnapshotInstallationHandler (SnapshotInstallationHandler.java:installSnapshot(95)) - omNode-2@group-523986131536: reply installSnapshot: omNode-1<-omNode-2#0:FAIL-t7,IN_PROGRESS
2022-10-18 03:54:11,576 [grpc-default-executor-0] INFO  server.GrpcServerProtocolService (GrpcServerProtocolService.java:onCompleted(140)) - omNode-2: Completed INSTALL_SNAPSHOT, lastRequest: omNode-1->omNode-2#0-t7,notify:(t:7, i:61)
2022-10-18 03:54:11,577 [grpc-default-executor-0] INFO  leader.FollowerInfo (FollowerInfoImpl.java:lambda$new$0(48)) - omNode-1@group-523986131536->omNode-2: nextIndex: updateUnconditionally 59 -> 59
2022-10-18 03:54:11,577 [grpc-default-executor-0] INFO  server.GrpcLogAppender (GrpcLogAppender.java:onNext(403)) - omNode-1@group-523986131536->omNode-2-InstallSnapshotResponseHandler: received a reply omNode-1<-omNode-2#0:FAIL-t7,IN_PROGRESS
2022-10-18 03:54:11,577 [grpc-default-executor-0] INFO  server.GrpcLogAppender (GrpcLogAppender.java:onNext(421)) - omNode-1@group-523986131536->omNode-2-InstallSnapshotResponseHandler: InstallSnapshot in progress.
2022-10-18 03:54:11,577 [omNode-1@group-523986131536->omNode-2-GrpcLogAppender-LogAppenderDaemon] INFO  server.GrpcLogAppender (GrpcLogAppender.java:installSnapshot(541)) - omNode-1@group-523986131536->omNode-2-GrpcLogAppender: followerNextIndex = 59 but logStartIndex = 61, notify follower to install snapshot-(t:7, i:61)
2022-10-18 03:54:11,577 [omNode-1@group-523986131536->omNode-2-GrpcLogAppender-LogAppenderDaemon] INFO  server.GrpcLogAppender (GrpcLogAppender.java:installSnapshot(549)) - omNode-1@group-523986131536->omNode-2-GrpcLogAppender: send omNode-1->omNode-2#0-t7,notify:(t:7, i:61)
2022-10-18 03:54:11,579 [omNode-2-server-thread1] INFO  server.RaftServer$Division (RaftServerImpl.java:checkInconsistentAppendEntries(1402)) - omNode-2@group-523986131536: Failed appendEntries as snapshot (61) installation is in progress
2022-10-18 03:54:11,579 [omNode-2-server-thread1] INFO  server.RaftServer$Division (RaftServerImpl.java:checkInconsistentAppendEntries(1394)) - omNode-2@group-523986131536: inconsistency entries. Reply:omNode-1<-omNode-2#468:FAIL-t7,INCONSISTENCY,nextIndex=59,followerCommit=58
2022-10-18 03:54:11,579 [grpc-default-executor-0] INFO  impl.SnapshotInstallationHandler (SnapshotInstallationHandler.java:installSnapshot(84)) - omNode-2@group-523986131536: receive installSnapshot: omNode-1->omNode-2#0-t7,notify:(t:7, i:61)
2022-10-18 03:54:11,579 [grpc-default-executor-0] INFO  impl.SnapshotInstallationHandler (SnapshotInstallationHandler.java:installSnapshot(95)) - omNode-2@group-523986131536: reply installSnapshot: omNode-1<-omNode-2#0:FAIL-t7,IN_PROGRESS
2022-10-18 03:54:11,580 [grpc-default-executor-0] INFO  server.GrpcServerProtocolService (GrpcServerProtocolService.java:onCompleted(140)) - omNode-2: Completed INSTALL_SNAPSHOT, lastRequest: omNode-1->omNode-2#0-t7,notify:(t:7, i:61)
2022-10-18 03:54:11,580 [grpc-default-executor-0] INFO  leader.FollowerInfo (FollowerInfoImpl.java:lambda$new$0(48)) - omNode-1@group-523986131536->omNode-2: nextIndex: updateUnconditionally 59 -> 59
2022-10-18 03:54:11,580 [grpc-default-executor-0] INFO  server.GrpcLogAppender (GrpcLogAppender.java:onNext(403)) - omNode-1@group-523986131536->omNode-2-InstallSnapshotResponseHandler: received a reply omNode-1<-omNode-2#0:FAIL-t7,IN_PROGRESS
2022-10-18 03:54:11,580 [grpc-default-executor-0] INFO  server.GrpcLogAppender (GrpcLogAppender.java:onNext(421)) - omNode-1@group-523986131536->omNode-2-InstallSnapshotResponseHandler: InstallSnapshot in progress.
2022-10-18 03:54:11,581 [omNode-1@group-523986131536->omNode-2-GrpcLogAppender-LogAppenderDaemon] INFO  server.GrpcLogAppender (GrpcLogAppender.java:installSnapshot(541)) - omNode-1@group-523986131536->omNode-2-GrpcLogAppender: followerNextIndex = 59 but logStartIndex = 61, notify follower to install snapshot-(t:7, i:61)
2022-10-18 03:54:11,581 [omNode-1@group-523986131536->omNode-2-GrpcLogAppender-LogAppenderDaemon] INFO  server.GrpcLogAppender (GrpcLogAppender.java:installSnapshot(549)) - omNode-1@group-523986131536->omNode-2-GrpcLogAppender: send omNode-1->omNode-2#0-t7,notify:(t:7, i:61)
2022-10-18 03:54:11,584 [omNode-2-server-thread1] INFO  server.RaftServer$Division (RaftServerImpl.java:checkInconsistentAppendEntries(1402)) - omNode-2@group-523986131536: Failed appendEntries as snapshot (61) installation is in progress
2022-10-18 03:54:11,589 [omNode-2-server-thread1] INFO  server.RaftServer$Division (RaftServerImpl.java:checkInconsistentAppendEntries(1394)) - omNode-2@group-523986131536: inconsistency entries. Reply:omNode-1<-omNode-2#469:FAIL-t7,INCONSISTENCY,nextIndex=59,followerCommit=58
2022-10-18 03:54:11,585 [grpc-default-executor-3] INFO  impl.SnapshotInstallationHandler (SnapshotInstallationHandler.java:installSnapshot(84)) - omNode-2@group-523986131536: receive installSnapshot: omNode-1->omNode-2#0-t7,notify:(t:7, i:61)
2022-10-18 03:54:11,589 [grpc-default-executor-3] INFO  impl.SnapshotInstallationHandler (SnapshotInstallationHandler.java:installSnapshot(95)) - omNode-2@group-523986131536: reply installSnapshot: omNode-1<-omNode-2#0:FAIL-t7,IN_PROGRESS
2022-10-18 03:54:11,590 [grpc-default-executor-3] INFO  server.GrpcServerProtocolService (GrpcServerProtocolService.java:onCompleted(140)) - omNode-2: Completed INSTALL_SNAPSHOT, lastRequest: omNode-1->omNode-2#0-t7,notify:(t:7, i:61)
2022-10-18 03:54:11,591 [grpc-default-executor-2] INFO  leader.FollowerInfo (FollowerInfoImpl.java:lambda$new$0(48)) - omNode-1@group-523986131536->omNode-2: nextIndex: updateUnconditionally 59 -> 59
2022-10-18 03:54:11,591 [grpc-default-executor-3] INFO  server.GrpcLogAppender (GrpcLogAppender.java:onNext(403)) - omNode-1@group-523986131536->omNode-2-InstallSnapshotResponseHandler: received a reply omNode-1<-omNode-2#0:FAIL-t7,IN_PROGRESS
2022-10-18 03:54:11,591 [grpc-default-executor-3] INFO  server.GrpcLogAppender (GrpcLogAppender.java:onNext(421)) - omNode-1@group-523986131536->omNode-2-InstallSnapshotResponseHandler: InstallSnapshot in progress.
2022-10-18 03:54:11,592 [omNode-1@group-523986131536->omNode-2-GrpcLogAppender-LogAppenderDaemon] INFO  server.GrpcLogAppender (GrpcLogAppender.java:installSnapshot(541)) - omNode-1@group-523986131536->omNode-2-GrpcLogAppender: followerNextIndex = 59 but logStartIndex = 61, notify follower to install snapshot-(t:7, i:61)
2022-10-18 03:54:11,592 [omNode-1@group-523986131536->omNode-2-GrpcLogAppender-LogAppenderDaemon] INFO  server.GrpcLogAppender (GrpcLogAppender.java:installSnapshot(549)) - omNode-1@group-523986131536->omNode-2-GrpcLogAppender: send omNode-1->omNode-2#0-t7,notify:(t:7, i:61)
2022-10-18 03:54:11,593 [omNode-2-server-thread1] INFO  server.RaftServer$Division (RaftServerImpl.java:checkInconsistentAppendEntries(1402)) - omNode-2@group-523986131536: Failed appendEntries as snapshot (61) installation is in progress
2022-10-18 03:54:11,593 [omNode-2-server-thread1] INFO  server.RaftServer$Division (RaftServerImpl.java:checkInconsistentAppendEntries(1394)) - omNode-2@group-523986131536: inconsistency entries. Reply:omNode-1<-omNode-2#470:FAIL-t7,INCONSISTENCY,nextIndex=59,followerCommit=58
2022-10-18 03:54:11,593 [grpc-default-executor-2] INFO  leader.FollowerInfo (FollowerInfoImpl.java:lambda$new$0(48)) - omNode-1@group-523986131536->omNode-2: nextIndex: updateUnconditionally 59 -> 59
2022-10-18 03:54:11,593 [grpc-default-executor-3] INFO  impl.SnapshotInstallationHandler (SnapshotInstallationHandler.java:installSnapshot(84)) - omNode-2@group-523986131536: receive installSnapshot: omNode-1->omNode-2#0-t7,notify:(t:7, i:61)
2022-10-18 03:54:11,594 [grpc-default-executor-3] INFO  impl.SnapshotInstallationHandler (SnapshotInstallationHandler.java:installSnapshot(95)) - omNode-2@group-523986131536: reply installSnapshot: omNode-1<-omNode-2#0:FAIL-t7,IN_PROGRESS
2022-10-18 03:54:11,594 [grpc-default-executor-3] INFO  server.GrpcServerProtocolService (GrpcServerProtocolService.java:onCompleted(140)) - omNode-2: Completed INSTALL_SNAPSHOT, lastRequest: omNode-1->omNode-2#0-t7,notify:(t:7, i:61)
2022-10-18 03:54:11,595 [grpc-default-executor-2] INFO  server.GrpcLogAppender (GrpcLogAppender.java:onNext(403)) - omNode-1@group-523986131536->omNode-2-InstallSnapshotResponseHandler: received a reply omNode-1<-omNode-2#0:FAIL-t7,IN_PROGRESS
2022-10-18 03:54:11,595 [grpc-default-executor-2] INFO  server.GrpcLogAppender (GrpcLogAppender.java:onNext(421)) - omNode-1@group-523986131536->omNode-2-InstallSnapshotResponseHandler: InstallSnapshot in progress.
2022-10-18 03:54:11,595 [omNode-1@group-523986131536->omNode-2-GrpcLogAppender-LogAppenderDaemon] INFO  server.GrpcLogAppender (GrpcLogAppender.java:installSnapshot(541)) - omNode-1@group-523986131536->omNode-2-GrpcLogAppender: followerNextIndex = 59 but logStartIndex = 61, notify follower to install snapshot-(t:7, i:61)
2022-10-18 03:54:11,595 [omNode-1@group-523986131536->omNode-2-GrpcLogAppender-LogAppenderDaemon] INFO  server.GrpcLogAppender (GrpcLogAppender.java:installSnapshot(549)) - omNode-1@group-523986131536->omNode-2-GrpcLogAppender: send omNode-1->omNode-2#0-t7,notify:(t:7, i:61)
2022-10-18 03:54:11,596 [omNode-2-server-thread1] INFO  server.RaftServer$Division (RaftServerImpl.java:checkInconsistentAppendEntries(1402)) - omNode-2@group-523986131536: Failed appendEntries as snapshot (61) installation is in progress
2022-10-18 03:54:11,597 [omNode-2-server-thread1] INFO  server.RaftServer$Division (RaftServerImpl.java:checkInconsistentAppendEntries(1394)) - omNode-2@group-523986131536: inconsistency entries. Reply:omNode-1<-omNode-2#471:FAIL-t7,INCONSISTENCY,nextIndex=59,followerCommit=58
2022-10-18 03:54:11,597 [grpc-default-executor-0] INFO  impl.SnapshotInstallationHandler (SnapshotInstallationHandler.java:installSnapshot(84)) - omNode-2@group-523986131536: receive installSnapshot: omNode-1->omNode-2#0-t7,notify:(t:7, i:61)
2022-10-18 03:54:11,597 [grpc-default-executor-0] INFO  impl.SnapshotInstallationHandler (SnapshotInstallationHandler.java:installSnapshot(95)) - omNode-2@group-523986131536: reply installSnapshot: omNode-1<-omNode-2#0:FAIL-t7,IN_PROGRESS
2022-10-18 03:54:11,598 [grpc-default-executor-0] INFO  server.GrpcServerProtocolService (GrpcServerProtocolService.java:onCompleted(140)) - omNode-2: Completed INSTALL_SNAPSHOT, lastRequest: omNode-1->omNode-2#0-t7,notify:(t:7, i:61)
2022-10-18 03:54:11,598 [grpc-default-executor-2] INFO  server.GrpcLogAppender (GrpcLogAppender.java:onNext(403)) - omNode-1@group-523986131536->omNode-2-InstallSnapshotResponseHandler: received a reply omNode-1<-omNode-2#0:FAIL-t7,IN_PROGRESS
2022-10-18 03:54:11,598 [grpc-default-executor-2] INFO  server.GrpcLogAppender (GrpcLogAppender.java:onNext(421)) - omNode-1@group-523986131536->omNode-2-InstallSnapshotResponseHandler: InstallSnapshot in progress.
2022-10-18 03:54:11,599 [omNode-1@group-523986131536->omNode-2-GrpcLogAppender-LogAppenderDaemon] INFO  server.GrpcLogAppender (GrpcLogAppender.java:installSnapshot(541)) - omNode-1@group-523986131536->omNode-2-GrpcLogAppender: followerNextIndex = 59 but logStartIndex = 61, notify follower to install snapshot-(t:7, i:61)
2022-10-18 03:54:11,599 [omNode-1@group-523986131536->omNode-2-GrpcLogAppender-LogAppenderDaemon] INFO  server.GrpcLogAppender (GrpcLogAppender.java:installSnapshot(549)) - omNode-1@group-523986131536->omNode-2-GrpcLogAppender: send omNode-1->omNode-2#0-t7,notify:(t:7, i:61)
2022-10-18 03:54:11,599 [grpc-default-executor-3] INFO  leader.FollowerInfo (FollowerInfoImpl.java:lambda$new$0(48)) - omNode-1@group-523986131536->omNode-2: nextIndex: updateUnconditionally 59 -> 59
2022-10-18 03:54:11,602 [omNode-2-server-thread1] INFO  server.RaftServer$Division (RaftServerImpl.java:checkInconsistentAppendEntries(1402)) - omNode-2@group-523986131536: Failed appendEntries as snapshot (61) installation is in progress
2022-10-18 03:54:11,602 [omNode-2-server-thread1] INFO  server.RaftServer$Division (RaftServerImpl.java:checkInconsistentAppendEntries(1394)) - omNode-2@group-523986131536: inconsistency entries. Reply:omNode-1<-omNode-2#472:FAIL-t7,INCONSISTENCY,nextIndex=59,followerCommit=58
2022-10-18 03:54:11,603 [grpc-default-executor-2] INFO  impl.SnapshotInstallationHandler (SnapshotInstallationHandler.java:installSnapshot(84)) - omNode-2@group-523986131536: receive installSnapshot: omNode-1->omNode-2#0-t7,notify:(t:7, i:61)
2022-10-18 03:54:11,603 [grpc-default-executor-2] INFO  impl.SnapshotInstallationHandler (SnapshotInstallationHandler.java:installSnapshot(95)) - omNode-2@group-523986131536: reply installSnapshot: omNode-1<-omNode-2#0:FAIL-t7,IN_PROGRESS
2022-10-18 03:54:11,603 [grpc-default-executor-2] INFO  server.GrpcServerProtocolService (GrpcServerProtocolService.java:onCompleted(140)) - omNode-2: Completed INSTALL_SNAPSHOT, lastRequest: omNode-1->omNode-2#0-t7,notify:(t:7, i:61)
2022-10-18 03:54:11,604 [grpc-default-executor-3] INFO  leader.FollowerInfo (FollowerInfoImpl.java:lambda$new$0(48)) - omNode-1@group-523986131536->omNode-2: nextIndex: updateUnconditionally 59 -> 59
2022-10-18 03:54:11,604 [grpc-default-executor-3] INFO  server.GrpcLogAppender (GrpcLogAppender.java:onNext(403)) - omNode-1@group-523986131536->omNode-2-InstallSnapshotResponseHandler: received a reply omNode-1<-omNode-2#0:FAIL-t7,IN_PROGRESS
2022-10-18 03:54:11,604 [grpc-default-executor-3] INFO  server.GrpcLogAppender (GrpcLogAppender.java:onNext(421)) - omNode-1@group-523986131536->omNode-2-InstallSnapshotResponseHandler: InstallSnapshot in progress.
2022-10-18 03:54:11,605 [omNode-1@group-523986131536->omNode-2-GrpcLogAppender-LogAppenderDaemon] INFO  server.GrpcLogAppender (GrpcLogAppender.java:installSnapshot(541)) - omNode-1@group-523986131536->omNode-2-GrpcLogAppender: followerNextIndex = 59 but logStartIndex = 61, notify follower to install snapshot-(t:7, i:61)
2022-10-18 03:54:11,605 [omNode-1@group-523986131536->omNode-2-GrpcLogAppender-LogAppenderDaemon] INFO  server.GrpcLogAppender (GrpcLogAppender.java:installSnapshot(549)) - omNode-1@group-523986131536->omNode-2-GrpcLogAppender: send omNode-1->omNode-2#0-t7,notify:(t:7, i:61)
2022-10-18 03:54:11,606 [omNode-2-server-thread1] INFO  server.RaftServer$Division (RaftServerImpl.java:checkInconsistentAppendEntries(1402)) - omNode-2@group-523986131536: Failed appendEntries as snapshot (61) installation is in progress
2022-10-18 03:54:11,606 [omNode-2-server-thread1] INFO  server.RaftServer$Division (RaftServerImpl.java:checkInconsistentAppendEntries(1394)) - omNode-2@group-523986131536: inconsistency entries. Reply:omNode-1<-omNode-2#473:FAIL-t7,INCONSISTENCY,nextIndex=59,followerCommit=58
2022-10-18 03:54:11,606 [grpc-default-executor-3] INFO  impl.SnapshotInstallationHandler (SnapshotInstallationHandler.java:installSnapshot(84)) - omNode-2@group-523986131536: receive installSnapshot: omNode-1->omNode-2#0-t7,notify:(t:7, i:61)
2022-10-18 03:54:11,606 [grpc-default-executor-3] INFO  impl.SnapshotInstallationHandler (SnapshotInstallationHandler.java:installSnapshot(95)) - omNode-2@group-523986131536: reply installSnapshot: omNode-1<-omNode-2#0:FAIL-t7,IN_PROGRESS
2022-10-18 03:54:11,614 [grpc-default-executor-3] INFO  server.GrpcServerProtocolService (GrpcServerProtocolService.java:onCompleted(140)) - omNode-2: Completed INSTALL_SNAPSHOT, lastRequest: omNode-1->omNode-2#0-t7,notify:(t:7, i:61)
2022-10-18 03:54:11,614 [grpc-default-executor-3] INFO  leader.FollowerInfo (FollowerInfoImpl.java:lambda$new$0(48)) - omNode-1@group-523986131536->omNode-2: nextIndex: updateUnconditionally 59 -> 59
2022-10-18 03:54:11,615 [grpc-default-executor-3] INFO  server.GrpcLogAppender (GrpcLogAppender.java:onNext(403)) - omNode-1@group-523986131536->omNode-2-InstallSnapshotResponseHandler: received a reply omNode-1<-omNode-2#0:FAIL-t7,IN_PROGRESS
2022-10-18 03:54:11,615 [grpc-default-executor-3] INFO  server.GrpcLogAppender (GrpcLogAppender.java:onNext(421)) - omNode-1@group-523986131536->omNode-2-InstallSnapshotResponseHandler: InstallSnapshot in progress.
2022-10-18 03:54:11,615 [omNode-1@group-523986131536->omNode-2-GrpcLogAppender-LogAppenderDaemon] INFO  server.GrpcLogAppender (GrpcLogAppender.java:installSnapshot(541)) - omNode-1@group-523986131536->omNode-2-GrpcLogAppender: followerNextIndex = 59 but logStartIndex = 61, notify follower to install snapshot-(t:7, i:61)
2022-10-18 03:54:11,615 [omNode-1@group-523986131536->omNode-2-GrpcLogAppender-LogAppenderDaemon] INFO  server.GrpcLogAppender (GrpcLogAppender.java:installSnapshot(549)) - omNode-1@group-523986131536->omNode-2-GrpcLogAppender: send omNode-1->omNode-2#0-t7,notify:(t:7, i:61)
2022-10-18 03:54:11,617 [omNode-2-server-thread1] INFO  server.RaftServer$Division (RaftServerImpl.java:checkInconsistentAppendEntries(1402)) - omNode-2@group-523986131536: Failed appendEntries as snapshot (61) installation is in progress
2022-10-18 03:54:11,617 [omNode-2-server-thread1] INFO  server.RaftServer$Division (RaftServerImpl.java:checkInconsistentAppendEntries(1394)) - omNode-2@group-523986131536: inconsistency entries. Reply:omNode-1<-omNode-2#474:FAIL-t7,INCONSISTENCY,nextIndex=59,followerCommit=58
2022-10-18 03:54:11,617 [grpc-default-executor-3] INFO  impl.SnapshotInstallationHandler (SnapshotInstallationHandler.java:installSnapshot(84)) - omNode-2@group-523986131536: receive installSnapshot: omNode-1->omNode-2#0-t7,notify:(t:7, i:61)
2022-10-18 03:54:11,617 [grpc-default-executor-3] INFO  impl.SnapshotInstallationHandler (SnapshotInstallationHandler.java:installSnapshot(95)) - omNode-2@group-523986131536: reply installSnapshot: omNode-1<-omNode-2#0:FAIL-t7,IN_PROGRESS
2022-10-18 03:54:11,617 [grpc-default-executor-3] INFO  server.GrpcServerProtocolService (GrpcServerProtocolService.java:onCompleted(140)) - omNode-2: Completed INSTALL_SNAPSHOT, lastRequest: omNode-1->omNode-2#0-t7,notify:(t:7, i:61)
2022-10-18 03:54:11,620 [grpc-default-executor-3] INFO  leader.FollowerInfo (FollowerInfoImpl.java:lambda$new$0(48)) - omNode-1@group-523986131536->omNode-2: nextIndex: updateUnconditionally 59 -> 59
2022-10-18 03:54:11,620 [grpc-default-executor-3] INFO  server.GrpcLogAppender (GrpcLogAppender.java:onNext(403)) - omNode-1@group-523986131536->omNode-2-InstallSnapshotResponseHandler: received a reply omNode-1<-omNode-2#0:FAIL-t7,IN_PROGRESS
2022-10-18 03:54:11,620 [grpc-default-executor-3] INFO  server.GrpcLogAppender (GrpcLogAppender.java:onNext(421)) - omNode-1@group-523986131536->omNode-2-InstallSnapshotResponseHandler: InstallSnapshot in progress.
2022-10-18 03:54:11,620 [omNode-1@group-523986131536->omNode-2-GrpcLogAppender-LogAppenderDaemon] INFO  server.GrpcLogAppender (GrpcLogAppender.java:installSnapshot(541)) - omNode-1@group-523986131536->omNode-2-GrpcLogAppender: followerNextIndex = 59 but logStartIndex = 61, notify follower to install snapshot-(t:7, i:61)
2022-10-18 03:54:11,620 [omNode-1@group-523986131536->omNode-2-GrpcLogAppender-LogAppenderDaemon] INFO  server.GrpcLogAppender (GrpcLogAppender.java:installSnapshot(549)) - omNode-1@group-523986131536->omNode-2-GrpcLogAppender: send omNode-1->omNode-2#0-t7,notify:(t:7, i:61)
2022-10-18 03:54:11,621 [omNode-2-server-thread1] INFO  server.RaftServer$Division (RaftServerImpl.java:checkInconsistentAppendEntries(1402)) - omNode-2@group-523986131536: Failed appendEntries as snapshot (61) installation is in progress
2022-10-18 03:54:11,621 [omNode-2-server-thread1] INFO  server.RaftServer$Division (RaftServerImpl.java:checkInconsistentAppendEntries(1394)) - omNode-2@group-523986131536: inconsistency entries. Reply:omNode-1<-omNode-2#475:FAIL-t7,INCONSISTENCY,nextIndex=59,followerCommit=58
2022-10-18 03:54:11,621 [grpc-default-executor-3] INFO  impl.SnapshotInstallationHandler (SnapshotInstallationHandler.java:installSnapshot(84)) - omNode-2@group-523986131536: receive installSnapshot: omNode-1->omNode-2#0-t7,notify:(t:7, i:61)
2022-10-18 03:54:11,622 [grpc-default-executor-3] INFO  impl.SnapshotInstallationHandler (SnapshotInstallationHandler.java:installSnapshot(95)) - omNode-2@group-523986131536: reply installSnapshot: omNode-1<-omNode-2#0:FAIL-t7,IN_PROGRESS
2022-10-18 03:54:11,622 [grpc-default-executor-2] INFO  leader.FollowerInfo (FollowerInfoImpl.java:lambda$new$0(48)) - omNode-1@group-523986131536->omNode-2: nextIndex: updateUnconditionally 59 -> 59
2022-10-18 03:54:11,622 [grpc-default-executor-2] INFO  server.GrpcLogAppender (GrpcLogAppender.java:onNext(403)) - omNode-1@group-523986131536->omNode-2-InstallSnapshotResponseHandler: received a reply omNode-1<-omNode-2#0:FAIL-t7,IN_PROGRESS
2022-10-18 03:54:11,622 [grpc-default-executor-2] INFO  server.GrpcLogAppender (GrpcLogAppender.java:onNext(421)) - omNode-1@group-523986131536->omNode-2-InstallSnapshotResponseHandler: InstallSnapshot in progress.
2022-10-18 03:54:11,623 [grpc-default-executor-3] INFO  server.GrpcServerProtocolService (GrpcServerProtocolService.java:onCompleted(140)) - omNode-2: Completed INSTALL_SNAPSHOT, lastRequest: omNode-1->omNode-2#0-t7,notify:(t:7, i:61)
2022-10-18 03:54:11,623 [omNode-1@group-523986131536->omNode-2-GrpcLogAppender-LogAppenderDaemon] INFO  server.GrpcLogAppender (GrpcLogAppender.java:installSnapshot(541)) - omNode-1@group-523986131536->omNode-2-GrpcLogAppender: followerNextIndex = 59 but logStartIndex = 61, notify follower to install snapshot-(t:7, i:61)
2022-10-18 03:54:11,623 [omNode-1@group-523986131536->omNode-2-GrpcLogAppender-LogAppenderDaemon] INFO  server.GrpcLogAppender (GrpcLogAppender.java:installSnapshot(549)) - omNode-1@group-523986131536->omNode-2-GrpcLogAppender: send omNode-1->omNode-2#0-t7,notify:(t:7, i:61)
2022-10-18 03:54:11,624 [qtp401510562-1084] INFO  utils.DBCheckpointServlet (DBCheckpointServlet.java:doGet(182)) - Time taken to write the checkpoint to response output stream: 93 milliseconds
2022-10-18 03:54:11,624 [qtp401510562-1084] INFO  db.RocksDBCheckpoint (RocksDBCheckpoint.java:cleanupCheckpoint(78)) - Cleaning up RocksDB checkpoint at /home/runner/work/ozone/ozone/hadoop-ozone/integration-test/target/test-dir/MiniOzoneClusterImpl-5cdafbed-51d9-4f54-a43e-7c7e014ba032/omNode-1/db.checkpoints/om.db_checkpoint_1666065251498
2022-10-18 03:54:11,626 [omNode-2-server-thread1] INFO  server.RaftServer$Division (RaftServerImpl.java:checkInconsistentAppendEntries(1402)) - omNode-2@group-523986131536: Failed appendEntries as snapshot (61) installation is in progress
2022-10-18 03:54:11,626 [omNode-2-server-thread1] INFO  server.RaftServer$Division (RaftServerImpl.java:checkInconsistentAppendEntries(1394)) - omNode-2@group-523986131536: inconsistency entries. Reply:omNode-1<-omNode-2#476:FAIL-t7,INCONSISTENCY,nextIndex=59,followerCommit=58
2022-10-18 03:54:11,627 [grpc-default-executor-2] INFO  impl.SnapshotInstallationHandler (SnapshotInstallationHandler.java:installSnapshot(84)) - omNode-2@group-523986131536: receive installSnapshot: omNode-1->omNode-2#0-t7,notify:(t:7, i:61)
2022-10-18 03:54:11,627 [grpc-default-executor-2] INFO  impl.SnapshotInstallationHandler (SnapshotInstallationHandler.java:installSnapshot(95)) - omNode-2@group-523986131536: reply installSnapshot: omNode-1<-omNode-2#0:FAIL-t7,IN_PROGRESS
2022-10-18 03:54:11,627 [grpc-default-executor-2] INFO  server.GrpcServerProtocolService (GrpcServerProtocolService.java:onCompleted(140)) - omNode-2: Completed INSTALL_SNAPSHOT, lastRequest: omNode-1->omNode-2#0-t7,notify:(t:7, i:61)
2022-10-18 03:54:11,628 [grpc-default-executor-2] INFO  leader.FollowerInfo (FollowerInfoImpl.java:lambda$new$0(48)) - omNode-1@group-523986131536->omNode-2: nextIndex: updateUnconditionally 59 -> 59
2022-10-18 03:54:11,628 [grpc-default-executor-2] INFO  server.GrpcLogAppender (GrpcLogAppender.java:onNext(403)) - omNode-1@group-523986131536->omNode-2-InstallSnapshotResponseHandler: received a reply omNode-1<-omNode-2#0:FAIL-t7,IN_PROGRESS
2022-10-18 03:54:11,628 [grpc-default-executor-2] INFO  server.GrpcLogAppender (GrpcLogAppender.java:onNext(421)) - omNode-1@group-523986131536->omNode-2-InstallSnapshotResponseHandler: InstallSnapshot in progress.
2022-10-18 03:54:11,628 [omNode-1@group-523986131536->omNode-2-GrpcLogAppender-LogAppenderDaemon] INFO  server.GrpcLogAppender (GrpcLogAppender.java:installSnapshot(541)) - omNode-1@group-523986131536->omNode-2-GrpcLogAppender: followerNextIndex = 59 but logStartIndex = 61, notify follower to install snapshot-(t:7, i:61)
2022-10-18 03:54:11,628 [omNode-1@group-523986131536->omNode-2-GrpcLogAppender-LogAppenderDaemon] INFO  server.GrpcLogAppender (GrpcLogAppender.java:installSnapshot(549)) - omNode-1@group-523986131536->omNode-2-GrpcLogAppender: send omNode-1->omNode-2#0-t7,notify:(t:7, i:61)
2022-10-18 03:54:11,634 [omNode-2-server-thread1] INFO  server.RaftServer$Division (RaftServerImpl.java:checkInconsistentAppendEntries(1402)) - omNode-2@group-523986131536: Failed appendEntries as snapshot (61) installation is in progress
2022-10-18 03:54:11,634 [omNode-2-server-thread1] INFO  server.RaftServer$Division (RaftServerImpl.java:checkInconsistentAppendEntries(1394)) - omNode-2@group-523986131536: inconsistency entries. Reply:omNode-1<-omNode-2#477:FAIL-t7,INCONSISTENCY,nextIndex=59,followerCommit=58
2022-10-18 03:54:11,634 [grpc-default-executor-2] INFO  impl.SnapshotInstallationHandler (SnapshotInstallationHandler.java:installSnapshot(84)) - omNode-2@group-523986131536: receive installSnapshot: omNode-1->omNode-2#0-t7,notify:(t:7, i:61)
2022-10-18 03:54:11,635 [grpc-default-executor-2] INFO  impl.SnapshotInstallationHandler (SnapshotInstallationHandler.java:installSnapshot(95)) - omNode-2@group-523986131536: reply installSnapshot: omNode-1<-omNode-2#0:FAIL-t7,IN_PROGRESS
2022-10-18 03:54:11,635 [grpc-default-executor-2] INFO  server.GrpcServerProtocolService (GrpcServerProtocolService.java:onCompleted(140)) - omNode-2: Completed INSTALL_SNAPSHOT, lastRequest: omNode-1->omNode-2#0-t7,notify:(t:7, i:61)
2022-10-18 03:54:11,636 [grpc-default-executor-2] INFO  leader.FollowerInfo (FollowerInfoImpl.java:lambda$new$0(48)) - omNode-1@group-523986131536->omNode-2: nextIndex: updateUnconditionally 59 -> 59
2022-10-18 03:54:11,636 [grpc-default-executor-2] INFO  server.GrpcLogAppender (GrpcLogAppender.java:onNext(403)) - omNode-1@group-523986131536->omNode-2-InstallSnapshotResponseHandler: received a reply omNode-1<-omNode-2#0:FAIL-t7,IN_PROGRESS
2022-10-18 03:54:11,636 [grpc-default-executor-2] INFO  server.GrpcLogAppender (GrpcLogAppender.java:onNext(421)) - omNode-1@group-523986131536->omNode-2-InstallSnapshotResponseHandler: InstallSnapshot in progress.
2022-10-18 03:54:11,636 [omNode-1@group-523986131536->omNode-2-GrpcLogAppender-LogAppenderDaemon] INFO  server.GrpcLogAppender (GrpcLogAppender.java:installSnapshot(541)) - omNode-1@group-523986131536->omNode-2-GrpcLogAppender: followerNextIndex = 59 but logStartIndex = 61, notify follower to install snapshot-(t:7, i:61)
2022-10-18 03:54:11,636 [omNode-1@group-523986131536->omNode-2-GrpcLogAppender-LogAppenderDaemon] INFO  server.GrpcLogAppender (GrpcLogAppender.java:installSnapshot(549)) - omNode-1@group-523986131536->omNode-2-GrpcLogAppender: send omNode-1->omNode-2#0-t7,notify:(t:7, i:61)
2022-10-18 03:54:11,637 [omNode-2-server-thread1] INFO  server.RaftServer$Division (RaftServerImpl.java:checkInconsistentAppendEntries(1402)) - omNode-2@group-523986131536: Failed appendEntries as snapshot (61) installation is in progress
2022-10-18 03:54:11,637 [omNode-2-server-thread1] INFO  server.RaftServer$Division (RaftServerImpl.java:checkInconsistentAppendEntries(1394)) - omNode-2@group-523986131536: inconsistency entries. Reply:omNode-1<-omNode-2#478:FAIL-t7,INCONSISTENCY,nextIndex=59,followerCommit=58
2022-10-18 03:54:11,642 [grpc-default-executor-3] INFO  leader.FollowerInfo (FollowerInfoImpl.java:lambda$new$0(48)) - omNode-1@group-523986131536->omNode-2: nextIndex: updateUnconditionally 59 -> 59
2022-10-18 03:54:11,643 [grpc-default-executor-2] INFO  impl.SnapshotInstallationHandler (SnapshotInstallationHandler.java:installSnapshot(84)) - omNode-2@group-523986131536: receive installSnapshot: omNode-1->omNode-2#0-t7,notify:(t:7, i:61)
2022-10-18 03:54:11,643 [grpc-default-executor-2] INFO  impl.SnapshotInstallationHandler (SnapshotInstallationHandler.java:installSnapshot(95)) - omNode-2@group-523986131536: reply installSnapshot: omNode-1<-omNode-2#0:FAIL-t7,IN_PROGRESS
2022-10-18 03:54:11,643 [grpc-default-executor-2] INFO  server.GrpcServerProtocolService (GrpcServerProtocolService.java:onCompleted(140)) - omNode-2: Completed INSTALL_SNAPSHOT, lastRequest: omNode-1->omNode-2#0-t7,notify:(t:7, i:61)
2022-10-18 03:54:11,644 [grpc-default-executor-2] INFO  server.GrpcLogAppender (GrpcLogAppender.java:onNext(403)) - omNode-1@group-523986131536->omNode-2-InstallSnapshotResponseHandler: received a reply omNode-1<-omNode-2#0:FAIL-t7,IN_PROGRESS
2022-10-18 03:54:11,644 [grpc-default-executor-2] INFO  server.GrpcLogAppender (GrpcLogAppender.java:onNext(421)) - omNode-1@group-523986131536->omNode-2-InstallSnapshotResponseHandler: InstallSnapshot in progress.
2022-10-18 03:54:11,644 [omNode-1@group-523986131536->omNode-2-GrpcLogAppender-LogAppenderDaemon] INFO  server.GrpcLogAppender (GrpcLogAppender.java:installSnapshot(541)) - omNode-1@group-523986131536->omNode-2-GrpcLogAppender: followerNextIndex = 59 but logStartIndex = 61, notify follower to install snapshot-(t:7, i:61)
2022-10-18 03:54:11,644 [omNode-1@group-523986131536->omNode-2-GrpcLogAppender-LogAppenderDaemon] INFO  server.GrpcLogAppender (GrpcLogAppender.java:installSnapshot(549)) - omNode-1@group-523986131536->omNode-2-GrpcLogAppender: send omNode-1->omNode-2#0-t7,notify:(t:7, i:61)
2022-10-18 03:54:11,646 [omNode-2-server-thread1] INFO  server.RaftServer$Division (RaftServerImpl.java:checkInconsistentAppendEntries(1402)) - omNode-2@group-523986131536: Failed appendEntries as snapshot (61) installation is in progress
2022-10-18 03:54:11,646 [omNode-2-server-thread1] INFO  server.RaftServer$Division (RaftServerImpl.java:checkInconsistentAppendEntries(1394)) - omNode-2@group-523986131536: inconsistency entries. Reply:omNode-1<-omNode-2#479:FAIL-t7,INCONSISTENCY,nextIndex=59,followerCommit=58
2022-10-18 03:54:11,646 [grpc-default-executor-2] INFO  impl.SnapshotInstallationHandler (SnapshotInstallationHandler.java:installSnapshot(84)) - omNode-2@group-523986131536: receive installSnapshot: omNode-1->omNode-2#0-t7,notify:(t:7, i:61)
2022-10-18 03:54:11,646 [grpc-default-executor-2] INFO  impl.SnapshotInstallationHandler (SnapshotInstallationHandler.java:installSnapshot(95)) - omNode-2@group-523986131536: reply installSnapshot: omNode-1<-omNode-2#0:FAIL-t7,IN_PROGRESS
2022-10-18 03:54:11,646 [grpc-default-executor-2] INFO  server.GrpcServerProtocolService (GrpcServerProtocolService.java:onCompleted(140)) - omNode-2: Completed INSTALL_SNAPSHOT, lastRequest: omNode-1->omNode-2#0-t7,notify:(t:7, i:61)
2022-10-18 03:54:11,647 [grpc-default-executor-2] INFO  leader.FollowerInfo (FollowerInfoImpl.java:lambda$new$0(48)) - omNode-1@group-523986131536->omNode-2: nextIndex: updateUnconditionally 59 -> 59
2022-10-18 03:54:11,647 [grpc-default-executor-2] INFO  server.GrpcLogAppender (GrpcLogAppender.java:onNext(403)) - omNode-1@group-523986131536->omNode-2-InstallSnapshotResponseHandler: received a reply omNode-1<-omNode-2#0:FAIL-t7,IN_PROGRESS
2022-10-18 03:54:11,647 [grpc-default-executor-2] INFO  server.GrpcLogAppender (GrpcLogAppender.java:onNext(421)) - omNode-1@group-523986131536->omNode-2-InstallSnapshotResponseHandler: InstallSnapshot in progress.
2022-10-18 03:54:11,648 [omNode-1@group-523986131536->omNode-2-GrpcLogAppender-LogAppenderDaemon] INFO  server.GrpcLogAppender (GrpcLogAppender.java:installSnapshot(541)) - omNode-1@group-523986131536->omNode-2-GrpcLogAppender: followerNextIndex = 59 but logStartIndex = 61, notify follower to install snapshot-(t:7, i:61)
2022-10-18 03:54:11,648 [omNode-1@group-523986131536->omNode-2-GrpcLogAppender-LogAppenderDaemon] INFO  server.GrpcLogAppender (GrpcLogAppender.java:installSnapshot(549)) - omNode-1@group-523986131536->omNode-2-GrpcLogAppender: send omNode-1->omNode-2#0-t7,notify:(t:7, i:61)
2022-10-18 03:54:11,649 [omNode-2-server-thread1] INFO  server.RaftServer$Division (RaftServerImpl.java:checkInconsistentAppendEntries(1402)) - omNode-2@group-523986131536: Failed appendEntries as snapshot (61) installation is in progress
2022-10-18 03:54:11,649 [omNode-2-server-thread1] INFO  server.RaftServer$Division (RaftServerImpl.java:checkInconsistentAppendEntries(1394)) - omNode-2@group-523986131536: inconsistency entries. Reply:omNode-1<-omNode-2#480:FAIL-t7,INCONSISTENCY,nextIndex=59,followerCommit=58
2022-10-18 03:54:11,649 [grpc-default-executor-2] INFO  impl.SnapshotInstallationHandler (SnapshotInstallationHandler.java:installSnapshot(84)) - omNode-2@group-523986131536: receive installSnapshot: omNode-1->omNode-2#0-t7,notify:(t:7, i:61)
2022-10-18 03:54:11,649 [grpc-default-executor-2] INFO  impl.SnapshotInstallationHandler (SnapshotInstallationHandler.java:installSnapshot(95)) - omNode-2@group-523986131536: reply installSnapshot: omNode-1<-omNode-2#0:FAIL-t7,IN_PROGRESS
2022-10-18 03:54:11,649 [grpc-default-executor-2] INFO  server.GrpcServerProtocolService (GrpcServerProtocolService.java:onCompleted(140)) - omNode-2: Completed INSTALL_SNAPSHOT, lastRequest: omNode-1->omNode-2#0-t7,notify:(t:7, i:61)
2022-10-18 03:54:11,650 [grpc-default-executor-2] INFO  leader.FollowerInfo (FollowerInfoImpl.java:lambda$new$0(48)) - omNode-1@group-523986131536->omNode-2: nextIndex: updateUnconditionally 59 -> 59
2022-10-18 03:54:11,650 [grpc-default-executor-2] INFO  server.GrpcLogAppender (GrpcLogAppender.java:onNext(403)) - omNode-1@group-523986131536->omNode-2-InstallSnapshotResponseHandler: received a reply omNode-1<-omNode-2#0:FAIL-t7,IN_PROGRESS
2022-10-18 03:54:11,650 [grpc-default-executor-2] INFO  server.GrpcLogAppender (GrpcLogAppender.java:onNext(421)) - omNode-1@group-523986131536->omNode-2-InstallSnapshotResponseHandler: InstallSnapshot in progress.
2022-10-18 03:54:11,651 [omNode-1@group-523986131536->omNode-2-GrpcLogAppender-LogAppenderDaemon] INFO  server.GrpcLogAppender (GrpcLogAppender.java:installSnapshot(541)) - omNode-1@group-523986131536->omNode-2-GrpcLogAppender: followerNextIndex = 59 but logStartIndex = 61, notify follower to install snapshot-(t:7, i:61)
2022-10-18 03:54:11,651 [omNode-1@group-523986131536->omNode-2-GrpcLogAppender-LogAppenderDaemon] INFO  server.GrpcLogAppender (GrpcLogAppender.java:installSnapshot(549)) - omNode-1@group-523986131536->omNode-2-GrpcLogAppender: send omNode-1->omNode-2#0-t7,notify:(t:7, i:61)
2022-10-18 03:54:11,655 [omNode-2-server-thread1] INFO  server.RaftServer$Division (RaftServerImpl.java:checkInconsistentAppendEntries(1402)) - omNode-2@group-523986131536: Failed appendEntries as snapshot (61) installation is in progress
2022-10-18 03:54:11,655 [omNode-2-server-thread1] INFO  server.RaftServer$Division (RaftServerImpl.java:checkInconsistentAppendEntries(1394)) - omNode-2@group-523986131536: inconsistency entries. Reply:omNode-1<-omNode-2#481:FAIL-t7,INCONSISTENCY,nextIndex=59,followerCommit=58
2022-10-18 03:54:11,655 [grpc-default-executor-2] INFO  impl.SnapshotInstallationHandler (SnapshotInstallationHandler.java:installSnapshot(84)) - omNode-2@group-523986131536: receive installSnapshot: omNode-1->omNode-2#0-t7,notify:(t:7, i:61)
2022-10-18 03:54:11,655 [grpc-default-executor-2] INFO  impl.SnapshotInstallationHandler (SnapshotInstallationHandler.java:installSnapshot(95)) - omNode-2@group-523986131536: reply installSnapshot: omNode-1<-omNode-2#0:FAIL-t7,IN_PROGRESS
2022-10-18 03:54:11,656 [grpc-default-executor-2] INFO  server.GrpcServerProtocolService (GrpcServerProtocolService.java:onCompleted(140)) - omNode-2: Completed INSTALL_SNAPSHOT, lastRequest: omNode-1->omNode-2#0-t7,notify:(t:7, i:61)
2022-10-18 03:54:11,656 [grpc-default-executor-2] INFO  leader.FollowerInfo (FollowerInfoImpl.java:lambda$new$0(48)) - omNode-1@group-523986131536->omNode-2: nextIndex: updateUnconditionally 59 -> 59
2022-10-18 03:54:11,656 [grpc-default-executor-2] INFO  server.GrpcLogAppender (GrpcLogAppender.java:onNext(403)) - omNode-1@group-523986131536->omNode-2-InstallSnapshotResponseHandler: received a reply omNode-1<-omNode-2#0:FAIL-t7,IN_PROGRESS
2022-10-18 03:54:11,657 [grpc-default-executor-2] INFO  server.GrpcLogAppender (GrpcLogAppender.java:onNext(421)) - omNode-1@group-523986131536->omNode-2-InstallSnapshotResponseHandler: InstallSnapshot in progress.
2022-10-18 03:54:11,657 [omNode-1@group-523986131536->omNode-2-GrpcLogAppender-LogAppenderDaemon] INFO  server.GrpcLogAppender (GrpcLogAppender.java:installSnapshot(541)) - omNode-1@group-523986131536->omNode-2-GrpcLogAppender: followerNextIndex = 59 but logStartIndex = 61, notify follower to install snapshot-(t:7, i:61)
2022-10-18 03:54:11,657 [omNode-1@group-523986131536->omNode-2-GrpcLogAppender-LogAppenderDaemon] INFO  server.GrpcLogAppender (GrpcLogAppender.java:installSnapshot(549)) - omNode-1@group-523986131536->omNode-2-GrpcLogAppender: send omNode-1->omNode-2#0-t7,notify:(t:7, i:61)
2022-10-18 03:54:11,658 [omNode-2-server-thread1] INFO  server.RaftServer$Division (RaftServerImpl.java:checkInconsistentAppendEntries(1402)) - omNode-2@group-523986131536: Failed appendEntries as snapshot (61) installation is in progress
2022-10-18 03:54:11,658 [omNode-2-server-thread1] INFO  server.RaftServer$Division (RaftServerImpl.java:checkInconsistentAppendEntries(1394)) - omNode-2@group-523986131536: inconsistency entries. Reply:omNode-1<-omNode-2#482:FAIL-t7,INCONSISTENCY,nextIndex=59,followerCommit=58
2022-10-18 03:54:11,658 [grpc-default-executor-2] INFO  impl.SnapshotInstallationHandler (SnapshotInstallationHandler.java:installSnapshot(84)) - omNode-2@group-523986131536: receive installSnapshot: omNode-1->omNode-2#0-t7,notify:(t:7, i:61)
2022-10-18 03:54:11,659 [grpc-default-executor-2] INFO  impl.SnapshotInstallationHandler (SnapshotInstallationHandler.java:installSnapshot(95)) - omNode-2@group-523986131536: reply installSnapshot: omNode-1<-omNode-2#0:FAIL-t7,IN_PROGRESS
2022-10-18 03:54:11,659 [grpc-default-executor-2] INFO  server.GrpcServerProtocolService (GrpcServerProtocolService.java:onCompleted(140)) - omNode-2: Completed INSTALL_SNAPSHOT, lastRequest: omNode-1->omNode-2#0-t7,notify:(t:7, i:61)
2022-10-18 03:54:11,659 [grpc-default-executor-2] INFO  leader.FollowerInfo (FollowerInfoImpl.java:lambda$new$0(48)) - omNode-1@group-523986131536->omNode-2: nextIndex: updateUnconditionally 59 -> 59
2022-10-18 03:54:11,660 [grpc-default-executor-2] INFO  server.GrpcLogAppender (GrpcLogAppender.java:onNext(403)) - omNode-1@group-523986131536->omNode-2-InstallSnapshotResponseHandler: received a reply omNode-1<-omNode-2#0:FAIL-t7,IN_PROGRESS
2022-10-18 03:54:11,660 [grpc-default-executor-2] INFO  server.GrpcLogAppender (GrpcLogAppender.java:onNext(421)) - omNode-1@group-523986131536->omNode-2-InstallSnapshotResponseHandler: InstallSnapshot in progress.
2022-10-18 03:54:11,660 [omNode-1@group-523986131536->omNode-2-GrpcLogAppender-LogAppenderDaemon] INFO  server.GrpcLogAppender (GrpcLogAppender.java:installSnapshot(541)) - omNode-1@group-523986131536->omNode-2-GrpcLogAppender: followerNextIndex = 59 but logStartIndex = 61, notify follower to install snapshot-(t:7, i:61)
2022-10-18 03:54:11,660 [omNode-1@group-523986131536->omNode-2-GrpcLogAppender-LogAppenderDaemon] INFO  server.GrpcLogAppender (GrpcLogAppender.java:installSnapshot(549)) - omNode-1@group-523986131536->omNode-2-GrpcLogAppender: send omNode-1->omNode-2#0-t7,notify:(t:7, i:61)
2022-10-18 03:54:11,661 [omNode-2-server-thread1] INFO  server.RaftServer$Division (RaftServerImpl.java:checkInconsistentAppendEntries(1402)) - omNode-2@group-523986131536: Failed appendEntries as snapshot (61) installation is in progress
2022-10-18 03:54:11,661 [omNode-2-server-thread1] INFO  server.RaftServer$Division (RaftServerImpl.java:checkInconsistentAppendEntries(1394)) - omNode-2@group-523986131536: inconsistency entries. Reply:omNode-1<-omNode-2#483:FAIL-t7,INCONSISTENCY,nextIndex=59,followerCommit=58
2022-10-18 03:54:11,661 [grpc-default-executor-2] INFO  impl.SnapshotInstallationHandler (SnapshotInstallationHandler.java:installSnapshot(84)) - omNode-2@group-523986131536: receive installSnapshot: omNode-1->omNode-2#0-t7,notify:(t:7, i:61)
2022-10-18 03:54:11,662 [grpc-default-executor-2] INFO  impl.SnapshotInstallationHandler (SnapshotInstallationHandler.java:installSnapshot(95)) - omNode-2@group-523986131536: reply installSnapshot: omNode-1<-omNode-2#0:FAIL-t7,IN_PROGRESS
2022-10-18 03:54:11,662 [grpc-default-executor-2] INFO  server.GrpcServerProtocolService (GrpcServerProtocolService.java:onCompleted(140)) - omNode-2: Completed INSTALL_SNAPSHOT, lastRequest: omNode-1->omNode-2#0-t7,notify:(t:7, i:61)
2022-10-18 03:54:11,662 [grpc-default-executor-2] INFO  leader.FollowerInfo (FollowerInfoImpl.java:lambda$new$0(48)) - omNode-1@group-523986131536->omNode-2: nextIndex: updateUnconditionally 59 -> 59
2022-10-18 03:54:11,664 [grpc-default-executor-2] INFO  server.GrpcLogAppender (GrpcLogAppender.java:onNext(403)) - omNode-1@group-523986131536->omNode-2-InstallSnapshotResponseHandler: received a reply omNode-1<-omNode-2#0:FAIL-t7,IN_PROGRESS
2022-10-18 03:54:11,664 [grpc-default-executor-2] INFO  server.GrpcLogAppender (GrpcLogAppender.java:onNext(421)) - omNode-1@group-523986131536->omNode-2-InstallSnapshotResponseHandler: InstallSnapshot in progress.
2022-10-18 03:54:11,665 [omNode-1@group-523986131536->omNode-2-GrpcLogAppender-LogAppenderDaemon] INFO  server.GrpcLogAppender (GrpcLogAppender.java:installSnapshot(541)) - omNode-1@group-523986131536->omNode-2-GrpcLogAppender: followerNextIndex = 59 but logStartIndex = 61, notify follower to install snapshot-(t:7, i:61)
2022-10-18 03:54:11,665 [omNode-1@group-523986131536->omNode-2-GrpcLogAppender-LogAppenderDaemon] INFO  server.GrpcLogAppender (GrpcLogAppender.java:installSnapshot(549)) - omNode-1@group-523986131536->omNode-2-GrpcLogAppender: send omNode-1->omNode-2#0-t7,notify:(t:7, i:61)
2022-10-18 03:54:11,666 [omNode-2-server-thread1] INFO  server.RaftServer$Division (RaftServerImpl.java:checkInconsistentAppendEntries(1402)) - omNode-2@group-523986131536: Failed appendEntries as snapshot (61) installation is in progress
2022-10-18 03:54:11,667 [omNode-2-server-thread1] INFO  server.RaftServer$Division (RaftServerImpl.java:checkInconsistentAppendEntries(1394)) - omNode-2@group-523986131536: inconsistency entries. Reply:omNode-1<-omNode-2#484:FAIL-t7,INCONSISTENCY,nextIndex=59,followerCommit=58
2022-10-18 03:54:11,667 [grpc-default-executor-2] INFO  impl.SnapshotInstallationHandler (SnapshotInstallationHandler.java:installSnapshot(84)) - omNode-2@group-523986131536: receive installSnapshot: omNode-1->omNode-2#0-t7,notify:(t:7, i:61)
2022-10-18 03:54:11,667 [grpc-default-executor-2] INFO  impl.SnapshotInstallationHandler (SnapshotInstallationHandler.java:installSnapshot(95)) - omNode-2@group-523986131536: reply installSnapshot: omNode-1<-omNode-2#0:FAIL-t7,IN_PROGRESS
2022-10-18 03:54:11,667 [grpc-default-executor-2] INFO  server.GrpcServerProtocolService (GrpcServerProtocolService.java:onCompleted(140)) - omNode-2: Completed INSTALL_SNAPSHOT, lastRequest: omNode-1->omNode-2#0-t7,notify:(t:7, i:61)
2022-10-18 03:54:11,673 [grpc-default-executor-2] INFO  leader.FollowerInfo (FollowerInfoImpl.java:lambda$new$0(48)) - omNode-1@group-523986131536->omNode-2: nextIndex: updateUnconditionally 59 -> 59
2022-10-18 03:54:11,673 [grpc-default-executor-3] INFO  server.GrpcLogAppender (GrpcLogAppender.java:onNext(403)) - omNode-1@group-523986131536->omNode-2-InstallSnapshotResponseHandler: received a reply omNode-1<-omNode-2#0:FAIL-t7,IN_PROGRESS
2022-10-18 03:54:11,673 [grpc-default-executor-3] INFO  server.GrpcLogAppender (GrpcLogAppender.java:onNext(421)) - omNode-1@group-523986131536->omNode-2-InstallSnapshotResponseHandler: InstallSnapshot in progress.
2022-10-18 03:54:11,673 [omNode-1@group-523986131536->omNode-2-GrpcLogAppender-LogAppenderDaemon] INFO  server.GrpcLogAppender (GrpcLogAppender.java:installSnapshot(541)) - omNode-1@group-523986131536->omNode-2-GrpcLogAppender: followerNextIndex = 59 but logStartIndex = 61, notify follower to install snapshot-(t:7, i:61)
2022-10-18 03:54:11,673 [omNode-1@group-523986131536->omNode-2-GrpcLogAppender-LogAppenderDaemon] INFO  server.GrpcLogAppender (GrpcLogAppender.java:installSnapshot(549)) - omNode-1@group-523986131536->omNode-2-GrpcLogAppender: send omNode-1->omNode-2#0-t7,notify:(t:7, i:61)
2022-10-18 03:54:11,674 [omNode-2-server-thread1] INFO  server.RaftServer$Division (RaftServerImpl.java:checkInconsistentAppendEntries(1402)) - omNode-2@group-523986131536: Failed appendEntries as snapshot (61) installation is in progress
2022-10-18 03:54:11,674 [omNode-2-server-thread1] INFO  server.RaftServer$Division (RaftServerImpl.java:checkInconsistentAppendEntries(1394)) - omNode-2@group-523986131536: inconsistency entries. Reply:omNode-1<-omNode-2#485:FAIL-t7,INCONSISTENCY,nextIndex=59,followerCommit=58
2022-10-18 03:54:11,674 [grpc-default-executor-3] INFO  leader.FollowerInfo (FollowerInfoImpl.java:lambda$new$0(48)) - omNode-1@group-523986131536->omNode-2: nextIndex: updateUnconditionally 59 -> 59
2022-10-18 03:54:11,683 [grpc-default-executor-2] INFO  impl.SnapshotInstallationHandler (SnapshotInstallationHandler.java:installSnapshot(84)) - omNode-2@group-523986131536: receive installSnapshot: omNode-1->omNode-2#0-t7,notify:(t:7, i:61)
2022-10-18 03:54:11,683 [grpc-default-executor-2] INFO  impl.SnapshotInstallationHandler (SnapshotInstallationHandler.java:installSnapshot(95)) - omNode-2@group-523986131536: reply installSnapshot: omNode-1<-omNode-2#0:FAIL-t7,IN_PROGRESS
2022-10-18 03:54:11,683 [grpc-default-executor-2] INFO  server.GrpcServerProtocolService (GrpcServerProtocolService.java:onCompleted(140)) - omNode-2: Completed INSTALL_SNAPSHOT, lastRequest: omNode-1->omNode-2#0-t7,notify:(t:7, i:61)
2022-10-18 03:54:11,684 [grpc-default-executor-3] INFO  server.GrpcLogAppender (GrpcLogAppender.java:onNext(403)) - omNode-1@group-523986131536->omNode-2-InstallSnapshotResponseHandler: received a reply omNode-1<-omNode-2#0:FAIL-t7,IN_PROGRESS
2022-10-18 03:54:11,684 [grpc-default-executor-3] INFO  server.GrpcLogAppender (GrpcLogAppender.java:onNext(421)) - omNode-1@group-523986131536->omNode-2-InstallSnapshotResponseHandler: InstallSnapshot in progress.
2022-10-18 03:54:11,684 [omNode-1@group-523986131536->omNode-2-GrpcLogAppender-LogAppenderDaemon] INFO  server.GrpcLogAppender (GrpcLogAppender.java:installSnapshot(541)) - omNode-1@group-523986131536->omNode-2-GrpcLogAppender: followerNextIndex = 59 but logStartIndex = 61, notify follower to install snapshot-(t:7, i:61)
2022-10-18 03:54:11,684 [omNode-1@group-523986131536->omNode-2-GrpcLogAppender-LogAppenderDaemon] INFO  server.GrpcLogAppender (GrpcLogAppender.java:installSnapshot(549)) - omNode-1@group-523986131536->omNode-2-GrpcLogAppender: send omNode-1->omNode-2#0-t7,notify:(t:7, i:61)
2022-10-18 03:54:11,684 [omNode-2-server-thread1] INFO  server.RaftServer$Division (RaftServerImpl.java:checkInconsistentAppendEntries(1402)) - omNode-2@group-523986131536: Failed appendEntries as snapshot (61) installation is in progress
2022-10-18 03:54:11,684 [omNode-2-server-thread1] INFO  server.RaftServer$Division (RaftServerImpl.java:checkInconsistentAppendEntries(1394)) - omNode-2@group-523986131536: inconsistency entries. Reply:omNode-1<-omNode-2#486:FAIL-t7,INCONSISTENCY,nextIndex=59,followerCommit=58
2022-10-18 03:54:11,685 [grpc-default-executor-0] INFO  leader.FollowerInfo (FollowerInfoImpl.java:lambda$new$0(48)) - omNode-1@group-523986131536->omNode-2: nextIndex: updateUnconditionally 59 -> 59
2022-10-18 03:54:11,685 [grpc-default-executor-2] INFO  impl.SnapshotInstallationHandler (SnapshotInstallationHandler.java:installSnapshot(84)) - omNode-2@group-523986131536: receive installSnapshot: omNode-1->omNode-2#0-t7,notify:(t:7, i:61)
2022-10-18 03:54:11,686 [grpc-default-executor-2] INFO  impl.SnapshotInstallationHandler (SnapshotInstallationHandler.java:installSnapshot(95)) - omNode-2@group-523986131536: reply installSnapshot: omNode-1<-omNode-2#0:FAIL-t7,IN_PROGRESS
2022-10-18 03:54:11,686 [grpc-default-executor-2] INFO  server.GrpcServerProtocolService (GrpcServerProtocolService.java:onCompleted(140)) - omNode-2: Completed INSTALL_SNAPSHOT, lastRequest: omNode-1->omNode-2#0-t7,notify:(t:7, i:61)
2022-10-18 03:54:11,687 [grpc-default-executor-3] INFO  server.GrpcLogAppender (GrpcLogAppender.java:onNext(403)) - omNode-1@group-523986131536->omNode-2-InstallSnapshotResponseHandler: received a reply omNode-1<-omNode-2#0:FAIL-t7,IN_PROGRESS
2022-10-18 03:54:11,687 [grpc-default-executor-3] INFO  server.GrpcLogAppender (GrpcLogAppender.java:onNext(421)) - omNode-1@group-523986131536->omNode-2-InstallSnapshotResponseHandler: InstallSnapshot in progress.
2022-10-18 03:54:11,687 [omNode-1@group-523986131536->omNode-2-GrpcLogAppender-LogAppenderDaemon] INFO  server.GrpcLogAppender (GrpcLogAppender.java:installSnapshot(541)) - omNode-1@group-523986131536->omNode-2-GrpcLogAppender: followerNextIndex = 59 but logStartIndex = 61, notify follower to install snapshot-(t:7, i:61)
2022-10-18 03:54:11,687 [omNode-1@group-523986131536->omNode-2-GrpcLogAppender-LogAppenderDaemon] INFO  server.GrpcLogAppender (GrpcLogAppender.java:installSnapshot(549)) - omNode-1@group-523986131536->omNode-2-GrpcLogAppender: send omNode-1->omNode-2#0-t7,notify:(t:7, i:61)
2022-10-18 03:54:11,689 [omNode-2-server-thread1] INFO  server.RaftServer$Division (RaftServerImpl.java:checkInconsistentAppendEntries(1402)) - omNode-2@group-523986131536: Failed appendEntries as snapshot (61) installation is in progress
2022-10-18 03:54:11,689 [omNode-2-server-thread1] INFO  server.RaftServer$Division (RaftServerImpl.java:checkInconsistentAppendEntries(1394)) - omNode-2@group-523986131536: inconsistency entries. Reply:omNode-1<-omNode-2#487:FAIL-t7,INCONSISTENCY,nextIndex=59,followerCommit=58
2022-10-18 03:54:11,689 [grpc-default-executor-3] INFO  impl.SnapshotInstallationHandler (SnapshotInstallationHandler.java:installSnapshot(84)) - omNode-2@group-523986131536: receive installSnapshot: omNode-1->omNode-2#0-t7,notify:(t:7, i:61)
2022-10-18 03:54:11,689 [grpc-default-executor-3] INFO  impl.SnapshotInstallationHandler (SnapshotInstallationHandler.java:installSnapshot(95)) - omNode-2@group-523986131536: reply installSnapshot: omNode-1<-omNode-2#0:FAIL-t7,IN_PROGRESS
2022-10-18 03:54:11,690 [grpc-default-executor-3] INFO  server.GrpcServerProtocolService (GrpcServerProtocolService.java:onCompleted(140)) - omNode-2: Completed INSTALL_SNAPSHOT, lastRequest: omNode-1->omNode-2#0-t7,notify:(t:7, i:61)
2022-10-18 03:54:11,690 [grpc-default-executor-2] INFO  leader.FollowerInfo (FollowerInfoImpl.java:lambda$new$0(48)) - omNode-1@group-523986131536->omNode-2: nextIndex: updateUnconditionally 59 -> 59
2022-10-18 03:54:11,690 [grpc-default-executor-0] INFO  server.GrpcLogAppender (GrpcLogAppender.java:onNext(403)) - omNode-1@group-523986131536->omNode-2-InstallSnapshotResponseHandler: received a reply omNode-1<-omNode-2#0:FAIL-t7,IN_PROGRESS
2022-10-18 03:54:11,690 [grpc-default-executor-0] INFO  server.GrpcLogAppender (GrpcLogAppender.java:onNext(421)) - omNode-1@group-523986131536->omNode-2-InstallSnapshotResponseHandler: InstallSnapshot in progress.
2022-10-18 03:54:11,691 [omNode-1@group-523986131536->omNode-2-GrpcLogAppender-LogAppenderDaemon] INFO  server.GrpcLogAppender (GrpcLogAppender.java:installSnapshot(541)) - omNode-1@group-523986131536->omNode-2-GrpcLogAppender: followerNextIndex = 59 but logStartIndex = 61, notify follower to install snapshot-(t:7, i:61)
2022-10-18 03:54:11,691 [omNode-1@group-523986131536->omNode-2-GrpcLogAppender-LogAppenderDaemon] INFO  server.GrpcLogAppender (GrpcLogAppender.java:installSnapshot(549)) - omNode-1@group-523986131536->omNode-2-GrpcLogAppender: send omNode-1->omNode-2#0-t7,notify:(t:7, i:61)
2022-10-18 03:54:11,692 [omNode-2-server-thread1] INFO  server.RaftServer$Division (RaftServerImpl.java:checkInconsistentAppendEntries(1402)) - omNode-2@group-523986131536: Failed appendEntries as snapshot (61) installation is in progress
2022-10-18 03:54:11,692 [omNode-2-server-thread1] INFO  server.RaftServer$Division (RaftServerImpl.java:checkInconsistentAppendEntries(1394)) - omNode-2@group-523986131536: inconsistency entries. Reply:omNode-1<-omNode-2#488:FAIL-t7,INCONSISTENCY,nextIndex=59,followerCommit=58
2022-10-18 03:54:11,692 [grpc-default-executor-0] INFO  impl.SnapshotInstallationHandler (SnapshotInstallationHandler.java:installSnapshot(84)) - omNode-2@group-523986131536: receive installSnapshot: omNode-1->omNode-2#0-t7,notify:(t:7, i:61)
2022-10-18 03:54:11,692 [grpc-default-executor-0] INFO  impl.SnapshotInstallationHandler (SnapshotInstallationHandler.java:installSnapshot(95)) - omNode-2@group-523986131536: reply installSnapshot: omNode-1<-omNode-2#0:FAIL-t7,IN_PROGRESS
2022-10-18 03:54:11,693 [grpc-default-executor-0] INFO  server.GrpcServerProtocolService (GrpcServerProtocolService.java:onCompleted(140)) - omNode-2: Completed INSTALL_SNAPSHOT, lastRequest: omNode-1->omNode-2#0-t7,notify:(t:7, i:61)
2022-10-18 03:54:11,693 [grpc-default-executor-0] INFO  leader.FollowerInfo (FollowerInfoImpl.java:lambda$new$0(48)) - omNode-1@group-523986131536->omNode-2: nextIndex: updateUnconditionally 59 -> 59
2022-10-18 03:54:11,694 [grpc-default-executor-0] INFO  server.GrpcLogAppender (GrpcLogAppender.java:onNext(403)) - omNode-1@group-523986131536->omNode-2-InstallSnapshotResponseHandler: received a reply omNode-1<-omNode-2#0:FAIL-t7,IN_PROGRESS
2022-10-18 03:54:11,694 [grpc-default-executor-0] INFO  server.GrpcLogAppender (GrpcLogAppender.java:onNext(421)) - omNode-1@group-523986131536->omNode-2-InstallSnapshotResponseHandler: InstallSnapshot in progress.
2022-10-18 03:54:11,694 [omNode-1@group-523986131536->omNode-2-GrpcLogAppender-LogAppenderDaemon] INFO  server.GrpcLogAppender (GrpcLogAppender.java:installSnapshot(541)) - omNode-1@group-523986131536->omNode-2-GrpcLogAppender: followerNextIndex = 59 but logStartIndex = 61, notify follower to install snapshot-(t:7, i:61)
2022-10-18 03:54:11,694 [omNode-1@group-523986131536->omNode-2-GrpcLogAppender-LogAppenderDaemon] INFO  server.GrpcLogAppender (GrpcLogAppender.java:installSnapshot(549)) - omNode-1@group-523986131536->omNode-2-GrpcLogAppender: send omNode-1->omNode-2#0-t7,notify:(t:7, i:61)
2022-10-18 03:54:11,695 [omNode-2-server-thread1] INFO  server.RaftServer$Division (RaftServerImpl.java:checkInconsistentAppendEntries(1402)) - omNode-2@group-523986131536: Failed appendEntries as snapshot (61) installation is in progress
2022-10-18 03:54:11,695 [omNode-2-server-thread1] INFO  server.RaftServer$Division (RaftServerImpl.java:checkInconsistentAppendEntries(1394)) - omNode-2@group-523986131536: inconsistency entries. Reply:omNode-1<-omNode-2#489:FAIL-t7,INCONSISTENCY,nextIndex=59,followerCommit=58
2022-10-18 03:54:11,696 [grpc-default-executor-0] INFO  impl.SnapshotInstallationHandler (SnapshotInstallationHandler.java:installSnapshot(84)) - omNode-2@group-523986131536: receive installSnapshot: omNode-1->omNode-2#0-t7,notify:(t:7, i:61)
2022-10-18 03:54:11,697 [grpc-default-executor-0] INFO  impl.SnapshotInstallationHandler (SnapshotInstallationHandler.java:installSnapshot(95)) - omNode-2@group-523986131536: reply installSnapshot: omNode-1<-omNode-2#0:FAIL-t7,IN_PROGRESS
2022-10-18 03:54:11,697 [grpc-default-executor-0] INFO  server.GrpcServerProtocolService (GrpcServerProtocolService.java:onCompleted(140)) - omNode-2: Completed INSTALL_SNAPSHOT, lastRequest: omNode-1->omNode-2#0-t7,notify:(t:7, i:61)
2022-10-18 03:54:11,697 [grpc-default-executor-0] INFO  leader.FollowerInfo (FollowerInfoImpl.java:lambda$new$0(48)) - omNode-1@group-523986131536->omNode-2: nextIndex: updateUnconditionally 59 -> 59
2022-10-18 03:54:11,698 [grpc-default-executor-0] INFO  server.GrpcLogAppender (GrpcLogAppender.java:onNext(403)) - omNode-1@group-523986131536->omNode-2-InstallSnapshotResponseHandler: received a reply omNode-1<-omNode-2#0:FAIL-t7,IN_PROGRESS
2022-10-18 03:54:11,698 [grpc-default-executor-0] INFO  server.GrpcLogAppender (GrpcLogAppender.java:onNext(421)) - omNode-1@group-523986131536->omNode-2-InstallSnapshotResponseHandler: InstallSnapshot in progress.
2022-10-18 03:54:11,698 [omNode-1@group-523986131536->omNode-2-GrpcLogAppender-LogAppenderDaemon] INFO  server.GrpcLogAppender (GrpcLogAppender.java:installSnapshot(541)) - omNode-1@group-523986131536->omNode-2-GrpcLogAppender: followerNextIndex = 59 but logStartIndex = 61, notify follower to install snapshot-(t:7, i:61)
2022-10-18 03:54:11,698 [omNode-1@group-523986131536->omNode-2-GrpcLogAppender-LogAppenderDaemon] INFO  server.GrpcLogAppender (GrpcLogAppender.java:installSnapshot(549)) - omNode-1@group-523986131536->omNode-2-GrpcLogAppender: send omNode-1->omNode-2#0-t7,notify:(t:7, i:61)
2022-10-18 03:54:11,701 [omNode-2-server-thread1] INFO  server.RaftServer$Division (RaftServerImpl.java:checkInconsistentAppendEntries(1402)) - omNode-2@group-523986131536: Failed appendEntries as snapshot (61) installation is in progress
2022-10-18 03:54:11,702 [omNode-2-server-thread1] INFO  server.RaftServer$Division (RaftServerImpl.java:checkInconsistentAppendEntries(1394)) - omNode-2@group-523986131536: inconsistency entries. Reply:omNode-1<-omNode-2#490:FAIL-t7,INCONSISTENCY,nextIndex=59,followerCommit=58
2022-10-18 03:54:11,702 [grpc-default-executor-0] INFO  impl.SnapshotInstallationHandler (SnapshotInstallationHandler.java:installSnapshot(84)) - omNode-2@group-523986131536: receive installSnapshot: omNode-1->omNode-2#0-t7,notify:(t:7, i:61)
2022-10-18 03:54:11,702 [grpc-default-executor-0] INFO  impl.SnapshotInstallationHandler (SnapshotInstallationHandler.java:installSnapshot(95)) - omNode-2@group-523986131536: reply installSnapshot: omNode-1<-omNode-2#0:FAIL-t7,IN_PROGRESS
2022-10-18 03:54:11,702 [grpc-default-executor-0] INFO  server.GrpcServerProtocolService (GrpcServerProtocolService.java:onCompleted(140)) - omNode-2: Completed INSTALL_SNAPSHOT, lastRequest: omNode-1->omNode-2#0-t7,notify:(t:7, i:61)
2022-10-18 03:54:11,703 [grpc-default-executor-0] INFO  leader.FollowerInfo (FollowerInfoImpl.java:lambda$new$0(48)) - omNode-1@group-523986131536->omNode-2: nextIndex: updateUnconditionally 59 -> 59
2022-10-18 03:54:11,703 [grpc-default-executor-0] INFO  server.GrpcLogAppender (GrpcLogAppender.java:onNext(403)) - omNode-1@group-523986131536->omNode-2-InstallSnapshotResponseHandler: received a reply omNode-1<-omNode-2#0:FAIL-t7,IN_PROGRESS
2022-10-18 03:54:11,703 [grpc-default-executor-0] INFO  server.GrpcLogAppender (GrpcLogAppender.java:onNext(421)) - omNode-1@group-523986131536->omNode-2-InstallSnapshotResponseHandler: InstallSnapshot in progress.
2022-10-18 03:54:11,704 [omNode-1@group-523986131536->omNode-2-GrpcLogAppender-LogAppenderDaemon] INFO  server.GrpcLogAppender (GrpcLogAppender.java:installSnapshot(541)) - omNode-1@group-523986131536->omNode-2-GrpcLogAppender: followerNextIndex = 59 but logStartIndex = 61, notify follower to install snapshot-(t:7, i:61)
2022-10-18 03:54:11,704 [omNode-1@group-523986131536->omNode-2-GrpcLogAppender-LogAppenderDaemon] INFO  server.GrpcLogAppender (GrpcLogAppender.java:installSnapshot(549)) - omNode-1@group-523986131536->omNode-2-GrpcLogAppender: send omNode-1->omNode-2#0-t7,notify:(t:7, i:61)
2022-10-18 03:54:11,705 [omNode-2-server-thread1] INFO  server.RaftServer$Division (RaftServerImpl.java:checkInconsistentAppendEntries(1402)) - omNode-2@group-523986131536: Failed appendEntries as snapshot (61) installation is in progress
2022-10-18 03:54:11,705 [omNode-2-server-thread1] INFO  server.RaftServer$Division (RaftServerImpl.java:checkInconsistentAppendEntries(1394)) - omNode-2@group-523986131536: inconsistency entries. Reply:omNode-1<-omNode-2#491:FAIL-t7,INCONSISTENCY,nextIndex=59,followerCommit=58
2022-10-18 03:54:11,705 [grpc-default-executor-0] INFO  impl.SnapshotInstallationHandler (SnapshotInstallationHandler.java:installSnapshot(84)) - omNode-2@group-523986131536: receive installSnapshot: omNode-1->omNode-2#0-t7,notify:(t:7, i:61)
2022-10-18 03:54:11,706 [grpc-default-executor-0] INFO  impl.SnapshotInstallationHandler (SnapshotInstallationHandler.java:installSnapshot(95)) - omNode-2@group-523986131536: reply installSnapshot: omNode-1<-omNode-2#0:FAIL-t7,IN_PROGRESS
2022-10-18 03:54:11,706 [grpc-default-executor-0] INFO  server.GrpcServerProtocolService (GrpcServerProtocolService.java:onCompleted(140)) - omNode-2: Completed INSTALL_SNAPSHOT, lastRequest: omNode-1->omNode-2#0-t7,notify:(t:7, i:61)
2022-10-18 03:54:11,706 [grpc-default-executor-0] INFO  leader.FollowerInfo (FollowerInfoImpl.java:lambda$new$0(48)) - omNode-1@group-523986131536->omNode-2: nextIndex: updateUnconditionally 59 -> 59
2022-10-18 03:54:11,707 [grpc-default-executor-0] INFO  server.GrpcLogAppender (GrpcLogAppender.java:onNext(403)) - omNode-1@group-523986131536->omNode-2-InstallSnapshotResponseHandler: received a reply omNode-1<-omNode-2#0:FAIL-t7,IN_PROGRESS
2022-10-18 03:54:11,707 [grpc-default-executor-0] INFO  server.GrpcLogAppender (GrpcLogAppender.java:onNext(421)) - omNode-1@group-523986131536->omNode-2-InstallSnapshotResponseHandler: InstallSnapshot in progress.
2022-10-18 03:54:11,707 [omNode-1@group-523986131536->omNode-2-GrpcLogAppender-LogAppenderDaemon] INFO  server.GrpcLogAppender (GrpcLogAppender.java:installSnapshot(541)) - omNode-1@group-523986131536->omNode-2-GrpcLogAppender: followerNextIndex = 59 but logStartIndex = 61, notify follower to install snapshot-(t:7, i:61)
2022-10-18 03:54:11,707 [omNode-1@group-523986131536->omNode-2-GrpcLogAppender-LogAppenderDaemon] INFO  server.GrpcLogAppender (GrpcLogAppender.java:installSnapshot(549)) - omNode-1@group-523986131536->omNode-2-GrpcLogAppender: send omNode-1->omNode-2#0-t7,notify:(t:7, i:61)
2022-10-18 03:54:11,708 [omNode-2-server-thread1] INFO  server.RaftServer$Division (RaftServerImpl.java:checkInconsistentAppendEntries(1402)) - omNode-2@group-523986131536: Failed appendEntries as snapshot (61) installation is in progress
2022-10-18 03:54:11,708 [omNode-2-server-thread1] INFO  server.RaftServer$Division (RaftServerImpl.java:checkInconsistentAppendEntries(1394)) - omNode-2@group-523986131536: inconsistency entries. Reply:omNode-1<-omNode-2#492:FAIL-t7,INCONSISTENCY,nextIndex=59,followerCommit=58
2022-10-18 03:54:11,708 [grpc-default-executor-0] INFO  impl.SnapshotInstallationHandler (SnapshotInstallationHandler.java:installSnapshot(84)) - omNode-2@group-523986131536: receive installSnapshot: omNode-1->omNode-2#0-t7,notify:(t:7, i:61)
2022-10-18 03:54:11,709 [grpc-default-executor-0] INFO  impl.SnapshotInstallationHandler (SnapshotInstallationHandler.java:installSnapshot(95)) - omNode-2@group-523986131536: reply installSnapshot: omNode-1<-omNode-2#0:FAIL-t7,IN_PROGRESS
2022-10-18 03:54:11,709 [grpc-default-executor-0] INFO  server.GrpcServerProtocolService (GrpcServerProtocolService.java:onCompleted(140)) - omNode-2: Completed INSTALL_SNAPSHOT, lastRequest: omNode-1->omNode-2#0-t7,notify:(t:7, i:61)
2022-10-18 03:54:11,715 [grpc-default-executor-0] INFO  leader.FollowerInfo (FollowerInfoImpl.java:lambda$new$0(48)) - omNode-1@group-523986131536->omNode-2: nextIndex: updateUnconditionally 59 -> 59
2022-10-18 03:54:11,718 [grpc-default-executor-0] INFO  server.GrpcLogAppender (GrpcLogAppender.java:onNext(403)) - omNode-1@group-523986131536->omNode-2-InstallSnapshotResponseHandler: received a reply omNode-1<-omNode-2#0:FAIL-t7,IN_PROGRESS
2022-10-18 03:54:11,718 [grpc-default-executor-0] INFO  server.GrpcLogAppender (GrpcLogAppender.java:onNext(421)) - omNode-1@group-523986131536->omNode-2-InstallSnapshotResponseHandler: InstallSnapshot in progress.
2022-10-18 03:54:11,718 [omNode-1@group-523986131536->omNode-2-GrpcLogAppender-LogAppenderDaemon] INFO  server.GrpcLogAppender (GrpcLogAppender.java:installSnapshot(541)) - omNode-1@group-523986131536->omNode-2-GrpcLogAppender: followerNextIndex = 59 but logStartIndex = 61, notify follower to install snapshot-(t:7, i:61)
2022-10-18 03:54:11,718 [omNode-1@group-523986131536->omNode-2-GrpcLogAppender-LogAppenderDaemon] INFO  server.GrpcLogAppender (GrpcLogAppender.java:installSnapshot(549)) - omNode-1@group-523986131536->omNode-2-GrpcLogAppender: send omNode-1->omNode-2#0-t7,notify:(t:7, i:61)
2022-10-18 03:54:11,721 [pool-366-thread-1] INFO  snapshot.OzoneManagerSnapshotProvider (OzoneManagerSnapshotProvider.java:getOzoneManagerDBSnapshot(154)) - Successfully downloaded latest checkpoint from leader OM: omNode-1
2022-10-18 03:54:11,722 [pool-366-thread-1] INFO  om.OzoneManager (OzoneManager.java:installSnapshotFromLeader(3720)) - Downloaded checkpoint from Leader omNode-1 to the location /home/runner/work/ozone/ozone/hadoop-ozone/integration-test/target/test-dir/MiniOzoneClusterImpl-5cdafbed-51d9-4f54-a43e-7c7e014ba032/omNode-2/snapshot/om.db-omNode-1-1666065251013
2022-10-18 03:54:11,723 [pool-366-thread-1] INFO  codec.RepeatedOmKeyInfoCodec (RepeatedOmKeyInfoCodec.java:<init>(41)) - RepeatedOmKeyInfoCodec ignorePipeline = true
2022-10-18 03:54:11,725 [pool-366-thread-1] INFO  codec.OmKeyInfoCodec (OmKeyInfoCodec.java:<init>(49)) - OmKeyInfoCodec ignorePipeline = true
2022-10-18 03:54:11,725 [pool-366-thread-1] INFO  codec.OmKeyInfoCodec (OmKeyInfoCodec.java:<init>(49)) - OmKeyInfoCodec ignorePipeline = true
2022-10-18 03:54:11,725 [pool-366-thread-1] INFO  codec.OmKeyInfoCodec (OmKeyInfoCodec.java:<init>(49)) - OmKeyInfoCodec ignorePipeline = true
2022-10-18 03:54:11,725 [pool-366-thread-1] INFO  codec.OmKeyInfoCodec (OmKeyInfoCodec.java:<init>(49)) - OmKeyInfoCodec ignorePipeline = true
2022-10-18 03:54:11,725 [pool-366-thread-1] INFO  codec.OmKeyInfoCodec (OmKeyInfoCodec.java:<init>(49)) - OmKeyInfoCodec ignorePipeline = true
2022-10-18 03:54:11,732 [omNode-2-server-thread1] INFO  server.RaftServer$Division (RaftServerImpl.java:checkInconsistentAppendEntries(1402)) - omNode-2@group-523986131536: Failed appendEntries as snapshot (61) installation is in progress
2022-10-18 03:54:11,732 [omNode-2-server-thread1] INFO  server.RaftServer$Division (RaftServerImpl.java:checkInconsistentAppendEntries(1394)) - omNode-2@group-523986131536: inconsistency entries. Reply:omNode-1<-omNode-2#493:FAIL-t7,INCONSISTENCY,nextIndex=59,followerCommit=58
2022-10-18 03:54:11,733 [grpc-default-executor-0] INFO  impl.SnapshotInstallationHandler (SnapshotInstallationHandler.java:installSnapshot(84)) - omNode-2@group-523986131536: receive installSnapshot: omNode-1->omNode-2#0-t7,notify:(t:7, i:61)
2022-10-18 03:54:11,733 [grpc-default-executor-0] INFO  impl.SnapshotInstallationHandler (SnapshotInstallationHandler.java:installSnapshot(95)) - omNode-2@group-523986131536: reply installSnapshot: omNode-1<-omNode-2#0:FAIL-t7,IN_PROGRESS
2022-10-18 03:54:11,733 [grpc-default-executor-2] INFO  leader.FollowerInfo (FollowerInfoImpl.java:lambda$new$0(48)) - omNode-1@group-523986131536->omNode-2: nextIndex: updateUnconditionally 59 -> 59
2022-10-18 03:54:11,733 [grpc-default-executor-0] INFO  server.GrpcServerProtocolService (GrpcServerProtocolService.java:onCompleted(140)) - omNode-2: Completed INSTALL_SNAPSHOT, lastRequest: omNode-1->omNode-2#0-t7,notify:(t:7, i:61)
2022-10-18 03:54:11,734 [grpc-default-executor-0] INFO  server.GrpcLogAppender (GrpcLogAppender.java:onNext(403)) - omNode-1@group-523986131536->omNode-2-InstallSnapshotResponseHandler: received a reply omNode-1<-omNode-2#0:FAIL-t7,IN_PROGRESS
2022-10-18 03:54:11,734 [grpc-default-executor-0] INFO  server.GrpcLogAppender (GrpcLogAppender.java:onNext(421)) - omNode-1@group-523986131536->omNode-2-InstallSnapshotResponseHandler: InstallSnapshot in progress.
2022-10-18 03:54:11,734 [omNode-1@group-523986131536->omNode-2-GrpcLogAppender-LogAppenderDaemon] INFO  server.GrpcLogAppender (GrpcLogAppender.java:installSnapshot(541)) - omNode-1@group-523986131536->omNode-2-GrpcLogAppender: followerNextIndex = 59 but logStartIndex = 61, notify follower to install snapshot-(t:7, i:61)
2022-10-18 03:54:11,734 [omNode-1@group-523986131536->omNode-2-GrpcLogAppender-LogAppenderDaemon] INFO  server.GrpcLogAppender (GrpcLogAppender.java:installSnapshot(549)) - omNode-1@group-523986131536->omNode-2-GrpcLogAppender: send omNode-1->omNode-2#0-t7,notify:(t:7, i:61)
2022-10-18 03:54:11,734 [omNode-2-server-thread1] INFO  server.RaftServer$Division (RaftServerImpl.java:checkInconsistentAppendEntries(1402)) - omNode-2@group-523986131536: Failed appendEntries as snapshot (61) installation is in progress
2022-10-18 03:54:11,735 [omNode-2-server-thread1] INFO  server.RaftServer$Division (RaftServerImpl.java:checkInconsistentAppendEntries(1394)) - omNode-2@group-523986131536: inconsistency entries. Reply:omNode-1<-omNode-2#494:FAIL-t7,INCONSISTENCY,nextIndex=59,followerCommit=58
2022-10-18 03:54:11,735 [grpc-default-executor-0] INFO  impl.SnapshotInstallationHandler (SnapshotInstallationHandler.java:installSnapshot(84)) - omNode-2@group-523986131536: receive installSnapshot: omNode-1->omNode-2#0-t7,notify:(t:7, i:61)
2022-10-18 03:54:11,735 [grpc-default-executor-2] INFO  leader.FollowerInfo (FollowerInfoImpl.java:lambda$new$0(48)) - omNode-1@group-523986131536->omNode-2: nextIndex: updateUnconditionally 59 -> 59
2022-10-18 03:54:11,735 [grpc-default-executor-0] INFO  impl.SnapshotInstallationHandler (SnapshotInstallationHandler.java:installSnapshot(95)) - omNode-2@group-523986131536: reply installSnapshot: omNode-1<-omNode-2#0:FAIL-t7,IN_PROGRESS
2022-10-18 03:54:11,735 [grpc-default-executor-0] INFO  server.GrpcServerProtocolService (GrpcServerProtocolService.java:onCompleted(140)) - omNode-2: Completed INSTALL_SNAPSHOT, lastRequest: omNode-1->omNode-2#0-t7,notify:(t:7, i:61)
2022-10-18 03:54:11,736 [Listener at localhost/37159] INFO  om.OzoneManager (OzoneManager.java:instantiateServices(712)) - S3 Multi-Tenancy is disabled
2022-10-18 03:54:11,738 [grpc-default-executor-2] INFO  server.GrpcLogAppender (GrpcLogAppender.java:onNext(403)) - omNode-1@group-523986131536->omNode-2-InstallSnapshotResponseHandler: received a reply omNode-1<-omNode-2#0:FAIL-t7,IN_PROGRESS
2022-10-18 03:54:11,738 [grpc-default-executor-2] INFO  server.GrpcLogAppender (GrpcLogAppender.java:onNext(421)) - omNode-1@group-523986131536->omNode-2-InstallSnapshotResponseHandler: InstallSnapshot in progress.
2022-10-18 03:54:11,738 [omNode-1@group-523986131536->omNode-2-GrpcLogAppender-LogAppenderDaemon] INFO  server.GrpcLogAppender (GrpcLogAppender.java:installSnapshot(541)) - omNode-1@group-523986131536->omNode-2-GrpcLogAppender: followerNextIndex = 59 but logStartIndex = 61, notify follower to install snapshot-(t:7, i:61)
2022-10-18 03:54:11,739 [omNode-1@group-523986131536->omNode-2-GrpcLogAppender-LogAppenderDaemon] INFO  server.GrpcLogAppender (GrpcLogAppender.java:installSnapshot(549)) - omNode-1@group-523986131536->omNode-2-GrpcLogAppender: send omNode-1->omNode-2#0-t7,notify:(t:7, i:61)
2022-10-18 03:54:11,739 [omNode-2-server-thread1] INFO  server.RaftServer$Division (RaftServerImpl.java:checkInconsistentAppendEntries(1402)) - omNode-2@group-523986131536: Failed appendEntries as snapshot (61) installation is in progress
2022-10-18 03:54:11,739 [omNode-2-server-thread1] INFO  server.RaftServer$Division (RaftServerImpl.java:checkInconsistentAppendEntries(1394)) - omNode-2@group-523986131536: inconsistency entries. Reply:omNode-1<-omNode-2#495:FAIL-t7,INCONSISTENCY,nextIndex=59,followerCommit=58
2022-10-18 03:54:11,740 [grpc-default-executor-2] INFO  impl.SnapshotInstallationHandler (SnapshotInstallationHandler.java:installSnapshot(84)) - omNode-2@group-523986131536: receive installSnapshot: omNode-1->omNode-2#0-t7,notify:(t:7, i:61)
2022-10-18 03:54:11,740 [grpc-default-executor-2] INFO  impl.SnapshotInstallationHandler (SnapshotInstallationHandler.java:installSnapshot(95)) - omNode-2@group-523986131536: reply installSnapshot: omNode-1<-omNode-2#0:FAIL-t7,IN_PROGRESS
2022-10-18 03:54:11,740 [grpc-default-executor-2] INFO  server.GrpcServerProtocolService (GrpcServerProtocolService.java:onCompleted(140)) - omNode-2: Completed INSTALL_SNAPSHOT, lastRequest: omNode-1->omNode-2#0-t7,notify:(t:7, i:61)
2022-10-18 03:54:11,740 [grpc-default-executor-2] INFO  leader.FollowerInfo (FollowerInfoImpl.java:lambda$new$0(48)) - omNode-1@group-523986131536->omNode-2: nextIndex: updateUnconditionally 59 -> 59
2022-10-18 03:54:11,741 [grpc-default-executor-2] INFO  server.GrpcLogAppender (GrpcLogAppender.java:onNext(403)) - omNode-1@group-523986131536->omNode-2-InstallSnapshotResponseHandler: received a reply omNode-1<-omNode-2#0:FAIL-t7,IN_PROGRESS
2022-10-18 03:54:11,741 [grpc-default-executor-2] INFO  server.GrpcLogAppender (GrpcLogAppender.java:onNext(421)) - omNode-1@group-523986131536->omNode-2-InstallSnapshotResponseHandler: InstallSnapshot in progress.
2022-10-18 03:54:11,741 [omNode-1@group-523986131536->omNode-2-GrpcLogAppender-LogAppenderDaemon] INFO  server.GrpcLogAppender (GrpcLogAppender.java:installSnapshot(541)) - omNode-1@group-523986131536->omNode-2-GrpcLogAppender: followerNextIndex = 59 but logStartIndex = 61, notify follower to install snapshot-(t:7, i:61)
2022-10-18 03:54:11,741 [omNode-1@group-523986131536->omNode-2-GrpcLogAppender-LogAppenderDaemon] INFO  server.GrpcLogAppender (GrpcLogAppender.java:installSnapshot(549)) - omNode-1@group-523986131536->omNode-2-GrpcLogAppender: send omNode-1->omNode-2#0-t7,notify:(t:7, i:61)
2022-10-18 03:54:11,742 [omNode-2-server-thread1] INFO  server.RaftServer$Division (RaftServerImpl.java:checkInconsistentAppendEntries(1402)) - omNode-2@group-523986131536: Failed appendEntries as snapshot (61) installation is in progress
2022-10-18 03:54:11,742 [omNode-2-server-thread1] INFO  server.RaftServer$Division (RaftServerImpl.java:checkInconsistentAppendEntries(1394)) - omNode-2@group-523986131536: inconsistency entries. Reply:omNode-1<-omNode-2#496:FAIL-t7,INCONSISTENCY,nextIndex=59,followerCommit=58
2022-10-18 03:54:11,742 [grpc-default-executor-2] INFO  impl.SnapshotInstallationHandler (SnapshotInstallationHandler.java:installSnapshot(84)) - omNode-2@group-523986131536: receive installSnapshot: omNode-1->omNode-2#0-t7,notify:(t:7, i:61)
2022-10-18 03:54:11,743 [grpc-default-executor-2] INFO  impl.SnapshotInstallationHandler (SnapshotInstallationHandler.java:installSnapshot(95)) - omNode-2@group-523986131536: reply installSnapshot: omNode-1<-omNode-2#0:FAIL-t7,IN_PROGRESS
2022-10-18 03:54:11,743 [grpc-default-executor-2] INFO  server.GrpcServerProtocolService (GrpcServerProtocolService.java:onCompleted(140)) - omNode-2: Completed INSTALL_SNAPSHOT, lastRequest: omNode-1->omNode-2#0-t7,notify:(t:7, i:61)
2022-10-18 03:54:11,743 [grpc-default-executor-2] INFO  leader.FollowerInfo (FollowerInfoImpl.java:lambda$new$0(48)) - omNode-1@group-523986131536->omNode-2: nextIndex: updateUnconditionally 59 -> 59
2022-10-18 03:54:11,744 [grpc-default-executor-2] INFO  server.GrpcLogAppender (GrpcLogAppender.java:onNext(403)) - omNode-1@group-523986131536->omNode-2-InstallSnapshotResponseHandler: received a reply omNode-1<-omNode-2#0:FAIL-t7,IN_PROGRESS
2022-10-18 03:54:11,744 [grpc-default-executor-2] INFO  server.GrpcLogAppender (GrpcLogAppender.java:onNext(421)) - omNode-1@group-523986131536->omNode-2-InstallSnapshotResponseHandler: InstallSnapshot in progress.
2022-10-18 03:54:11,744 [omNode-1@group-523986131536->omNode-2-GrpcLogAppender-LogAppenderDaemon] INFO  server.GrpcLogAppender (GrpcLogAppender.java:installSnapshot(541)) - omNode-1@group-523986131536->omNode-2-GrpcLogAppender: followerNextIndex = 59 but logStartIndex = 61, notify follower to install snapshot-(t:7, i:61)
2022-10-18 03:54:11,744 [omNode-1@group-523986131536->omNode-2-GrpcLogAppender-LogAppenderDaemon] INFO  server.GrpcLogAppender (GrpcLogAppender.java:installSnapshot(549)) - omNode-1@group-523986131536->omNode-2-GrpcLogAppender: send omNode-1->omNode-2#0-t7,notify:(t:7, i:61)
2022-10-18 03:54:11,744 [Listener at localhost/37159] WARN  server.ServerUtils (ServerUtils.java:getDefaultRatisDirectory(237)) - Storage directory for Ratis is not configured. It is a good idea to map this to an SSD disk. Falling back to ozone.metadata.dirs
2022-10-18 03:54:11,744 [omNode-2-server-thread1] INFO  server.RaftServer$Division (RaftServerImpl.java:checkInconsistentAppendEntries(1402)) - omNode-2@group-523986131536: Failed appendEntries as snapshot (61) installation is in progress
2022-10-18 03:54:11,745 [omNode-2-server-thread1] INFO  server.RaftServer$Division (RaftServerImpl.java:checkInconsistentAppendEntries(1394)) - omNode-2@group-523986131536: inconsistency entries. Reply:omNode-1<-omNode-2#497:FAIL-t7,INCONSISTENCY,nextIndex=59,followerCommit=58
2022-10-18 03:54:11,745 [grpc-default-executor-2] INFO  leader.FollowerInfo (FollowerInfoImpl.java:lambda$new$0(48)) - omNode-1@group-523986131536->omNode-2: nextIndex: updateUnconditionally 59 -> 59
2022-10-18 03:54:11,746 [grpc-default-executor-2] INFO  impl.SnapshotInstallationHandler (SnapshotInstallationHandler.java:installSnapshot(84)) - omNode-2@group-523986131536: receive installSnapshot: omNode-1->omNode-2#0-t7,notify:(t:7, i:61)
2022-10-18 03:54:11,746 [grpc-default-executor-2] INFO  impl.SnapshotInstallationHandler (SnapshotInstallationHandler.java:installSnapshot(95)) - omNode-2@group-523986131536: reply installSnapshot: omNode-1<-omNode-2#0:FAIL-t7,IN_PROGRESS
2022-10-18 03:54:11,746 [grpc-default-executor-2] INFO  server.GrpcServerProtocolService (GrpcServerProtocolService.java:onCompleted(140)) - omNode-2: Completed INSTALL_SNAPSHOT, lastRequest: omNode-1->omNode-2#0-t7,notify:(t:7, i:61)
2022-10-18 03:54:11,748 [Listener at localhost/37159] INFO  ratis.OzoneManagerRatisServer (OzoneManagerRatisServer.java:<init>(160)) - Instantiating OM Ratis server with groupID: om-service-test1 and peers: localhost:44279, localhost:42747, localhost:37241
2022-10-18 03:54:11,748 [Listener at localhost/37159] INFO  ratis.OzoneManagerStateMachine (OzoneManagerStateMachine.java:loadSnapshotInfoFromDB(632)) - LastAppliedIndex is set from TransactionInfo from OM DB as (t:7, i:144)
2022-10-18 03:54:11,748 [grpc-default-executor-2] INFO  server.GrpcLogAppender (GrpcLogAppender.java:onNext(403)) - omNode-1@group-523986131536->omNode-2-InstallSnapshotResponseHandler: received a reply omNode-1<-omNode-2#0:FAIL-t7,IN_PROGRESS
2022-10-18 03:54:11,748 [grpc-default-executor-2] INFO  server.GrpcLogAppender (GrpcLogAppender.java:onNext(421)) - omNode-1@group-523986131536->omNode-2-InstallSnapshotResponseHandler: InstallSnapshot in progress.
2022-10-18 03:54:11,749 [omNode-1@group-523986131536->omNode-2-GrpcLogAppender-LogAppenderDaemon] INFO  server.GrpcLogAppender (GrpcLogAppender.java:installSnapshot(541)) - omNode-1@group-523986131536->omNode-2-GrpcLogAppender: followerNextIndex = 59 but logStartIndex = 61, notify follower to install snapshot-(t:7, i:61)
2022-10-18 03:54:11,749 [omNode-1@group-523986131536->omNode-2-GrpcLogAppender-LogAppenderDaemon] INFO  server.GrpcLogAppender (GrpcLogAppender.java:installSnapshot(549)) - omNode-1@group-523986131536->omNode-2-GrpcLogAppender: send omNode-1->omNode-2#0-t7,notify:(t:7, i:61)
2022-10-18 03:54:11,750 [omNode-2-server-thread1] INFO  server.RaftServer$Division (RaftServerImpl.java:checkInconsistentAppendEntries(1402)) - omNode-2@group-523986131536: Failed appendEntries as snapshot (61) installation is in progress
2022-10-18 03:54:11,750 [omNode-2-server-thread1] INFO  server.RaftServer$Division (RaftServerImpl.java:checkInconsistentAppendEntries(1394)) - omNode-2@group-523986131536: inconsistency entries. Reply:omNode-1<-omNode-2#498:FAIL-t7,INCONSISTENCY,nextIndex=59,followerCommit=58
2022-10-18 03:54:11,750 [grpc-default-executor-2] INFO  impl.SnapshotInstallationHandler (SnapshotInstallationHandler.java:installSnapshot(84)) - omNode-2@group-523986131536: receive installSnapshot: omNode-1->omNode-2#0-t7,notify:(t:7, i:61)
2022-10-18 03:54:11,751 [grpc-default-executor-2] INFO  impl.SnapshotInstallationHandler (SnapshotInstallationHandler.java:installSnapshot(95)) - omNode-2@group-523986131536: reply installSnapshot: omNode-1<-omNode-2#0:FAIL-t7,IN_PROGRESS
2022-10-18 03:54:11,751 [grpc-default-executor-2] INFO  server.GrpcServerProtocolService (GrpcServerProtocolService.java:onCompleted(140)) - omNode-2: Completed INSTALL_SNAPSHOT, lastRequest: omNode-1->omNode-2#0-t7,notify:(t:7, i:61)
2022-10-18 03:54:11,751 [grpc-default-executor-2] INFO  leader.FollowerInfo (FollowerInfoImpl.java:lambda$new$0(48)) - omNode-1@group-523986131536->omNode-2: nextIndex: updateUnconditionally 59 -> 59
2022-10-18 03:54:11,752 [grpc-default-executor-2] INFO  server.GrpcLogAppender (GrpcLogAppender.java:onNext(403)) - omNode-1@group-523986131536->omNode-2-InstallSnapshotResponseHandler: received a reply omNode-1<-omNode-2#0:FAIL-t7,IN_PROGRESS
2022-10-18 03:54:11,752 [grpc-default-executor-2] INFO  server.GrpcLogAppender (GrpcLogAppender.java:onNext(421)) - omNode-1@group-523986131536->omNode-2-InstallSnapshotResponseHandler: InstallSnapshot in progress.
2022-10-18 03:54:11,752 [omNode-1@group-523986131536->omNode-2-GrpcLogAppender-LogAppenderDaemon] INFO  server.GrpcLogAppender (GrpcLogAppender.java:installSnapshot(541)) - omNode-1@group-523986131536->omNode-2-GrpcLogAppender: followerNextIndex = 59 but logStartIndex = 61, notify follower to install snapshot-(t:7, i:61)
2022-10-18 03:54:11,752 [omNode-1@group-523986131536->omNode-2-GrpcLogAppender-LogAppenderDaemon] INFO  server.GrpcLogAppender (GrpcLogAppender.java:installSnapshot(549)) - omNode-1@group-523986131536->omNode-2-GrpcLogAppender: send omNode-1->omNode-2#0-t7,notify:(t:7, i:61)
2022-10-18 03:54:11,753 [omNode-2-server-thread1] INFO  server.RaftServer$Division (RaftServerImpl.java:checkInconsistentAppendEntries(1402)) - omNode-2@group-523986131536: Failed appendEntries as snapshot (61) installation is in progress
2022-10-18 03:54:11,753 [omNode-2-server-thread1] INFO  server.RaftServer$Division (RaftServerImpl.java:checkInconsistentAppendEntries(1394)) - omNode-2@group-523986131536: inconsistency entries. Reply:omNode-1<-omNode-2#499:FAIL-t7,INCONSISTENCY,nextIndex=59,followerCommit=58
2022-10-18 03:54:11,753 [grpc-default-executor-0] INFO  impl.SnapshotInstallationHandler (SnapshotInstallationHandler.java:installSnapshot(84)) - omNode-2@group-523986131536: receive installSnapshot: omNode-1->omNode-2#0-t7,notify:(t:7, i:61)
2022-10-18 03:54:11,753 [grpc-default-executor-0] INFO  impl.SnapshotInstallationHandler (SnapshotInstallationHandler.java:installSnapshot(95)) - omNode-2@group-523986131536: reply installSnapshot: omNode-1<-omNode-2#0:FAIL-t7,IN_PROGRESS
2022-10-18 03:54:11,753 [grpc-default-executor-2] INFO  leader.FollowerInfo (FollowerInfoImpl.java:lambda$new$0(48)) - omNode-1@group-523986131536->omNode-2: nextIndex: updateUnconditionally 59 -> 59
2022-10-18 03:54:11,754 [grpc-default-executor-0] INFO  server.GrpcServerProtocolService (GrpcServerProtocolService.java:onCompleted(140)) - omNode-2: Completed INSTALL_SNAPSHOT, lastRequest: omNode-1->omNode-2#0-t7,notify:(t:7, i:61)
2022-10-18 03:54:11,754 [grpc-default-executor-0] INFO  server.GrpcLogAppender (GrpcLogAppender.java:onNext(403)) - omNode-1@group-523986131536->omNode-2-InstallSnapshotResponseHandler: received a reply omNode-1<-omNode-2#0:FAIL-t7,IN_PROGRESS
2022-10-18 03:54:11,754 [grpc-default-executor-0] INFO  server.GrpcLogAppender (GrpcLogAppender.java:onNext(421)) - omNode-1@group-523986131536->omNode-2-InstallSnapshotResponseHandler: InstallSnapshot in progress.
2022-10-18 03:54:11,754 [omNode-1@group-523986131536->omNode-2-GrpcLogAppender-LogAppenderDaemon] INFO  server.GrpcLogAppender (GrpcLogAppender.java:installSnapshot(541)) - omNode-1@group-523986131536->omNode-2-GrpcLogAppender: followerNextIndex = 59 but logStartIndex = 61, notify follower to install snapshot-(t:7, i:61)
2022-10-18 03:54:11,754 [omNode-1@group-523986131536->omNode-2-GrpcLogAppender-LogAppenderDaemon] INFO  server.GrpcLogAppender (GrpcLogAppender.java:installSnapshot(549)) - omNode-1@group-523986131536->omNode-2-GrpcLogAppender: send omNode-1->omNode-2#0-t7,notify:(t:7, i:61)
2022-10-18 03:54:11,754 [Listener at localhost/37159] INFO  server.RaftServer (ConfUtils.java:logGet(46)) - raft.rpc.type = GRPC (default)
2022-10-18 03:54:11,755 [Listener at localhost/37159] INFO  grpc.GrpcFactory (GrpcFactory.java:checkPooledByteBufAllocatorUseCacheForAllThreads(48)) - PERFORMANCE WARNING: useCacheForAllThreads is true that may cause Netty to create a lot garbage objects and, as a result, trigger GC.
	It is recommended to disable useCacheForAllThreads by setting -Dorg.apache.ratis.thirdparty.io.netty.allocator.useCacheForAllThreads=false in command line.
2022-10-18 03:54:11,755 [omNode-2-server-thread1] INFO  server.RaftServer$Division (RaftServerImpl.java:checkInconsistentAppendEntries(1402)) - omNode-2@group-523986131536: Failed appendEntries as snapshot (61) installation is in progress
2022-10-18 03:54:11,755 [omNode-2-server-thread1] INFO  server.RaftServer$Division (RaftServerImpl.java:checkInconsistentAppendEntries(1394)) - omNode-2@group-523986131536: inconsistency entries. Reply:omNode-1<-omNode-2#500:FAIL-t7,INCONSISTENCY,nextIndex=59,followerCommit=58
2022-10-18 03:54:11,755 [Listener at localhost/37159] INFO  grpc.GrpcConfigKeys (ConfUtils.java:logGet(46)) - raft.grpc.admin.port = -1 (default)
2022-10-18 03:54:11,756 [Listener at localhost/37159] INFO  grpc.GrpcConfigKeys (ConfUtils.java:logGet(46)) - raft.grpc.server.port = 44279 (custom)
2022-10-18 03:54:11,756 [Listener at localhost/37159] INFO  grpc.GrpcConfigKeys (ConfUtils.java:logGet(46)) - raft.grpc.client.port = -1 (default)
2022-10-18 03:54:11,756 [Listener at localhost/37159] INFO  grpc.GrpcConfigKeys (ConfUtils.java:logGet(46)) - raft.grpc.server.port = 44279 (custom)
2022-10-18 03:54:11,756 [Listener at localhost/37159] INFO  grpc.GrpcConfigKeys (ConfUtils.java:logGet(46)) - raft.grpc.server.port = 44279 (custom)
2022-10-18 03:54:11,757 [Listener at localhost/37159] INFO  server.GrpcService (ConfUtils.java:logGet(46)) - raft.grpc.message.size.max = 33554432 (custom)
2022-10-18 03:54:11,757 [Listener at localhost/37159] INFO  server.RaftServerConfigKeys (ConfUtils.java:logGet(46)) - raft.server.log.appender.buffer.byte-limit = 33554432 (custom)
2022-10-18 03:54:11,757 [Listener at localhost/37159] INFO  server.GrpcService (ConfUtils.java:logGet(46)) - raft.grpc.flow.control.window = 1MB (=1048576) (default)
2022-10-18 03:54:11,757 [Listener at localhost/37159] INFO  server.RaftServerConfigKeys (ConfUtils.java:logGet(46)) - raft.server.rpc.request.timeout = 3000ms (default)
2022-10-18 03:54:11,757 [Listener at localhost/37159] INFO  grpc.GrpcConfigKeys (ConfUtils.java:logGet(46)) - raft.grpc.server.async.request.thread.pool.cached = true (default)
2022-10-18 03:54:11,757 [Listener at localhost/37159] INFO  grpc.GrpcConfigKeys (ConfUtils.java:logGet(46)) - raft.grpc.server.async.request.thread.pool.size = 32 (default)
2022-10-18 03:54:11,759 [Listener at localhost/37159] INFO  impl.DataStreamServerImpl (ConfUtils.java:logGet(46)) - raft.datastream.type = DISABLED (default)
2022-10-18 03:54:11,759 [Listener at localhost/37159] INFO  server.RaftServerConfigKeys (ConfUtils.java:logGet(46)) - raft.server.threadpool.proxy.cached = true (default)
2022-10-18 03:54:11,759 [Listener at localhost/37159] INFO  server.RaftServerConfigKeys (ConfUtils.java:logGet(46)) - raft.server.threadpool.proxy.size = 0 (default)
2022-10-18 03:54:11,760 [Listener at localhost/37159] INFO  server.RaftServerConfigKeys (ConfUtils.java:logGet(46)) - raft.server.rpc.slowness.timeout = 2s (custom)
2022-10-18 03:54:11,760 [Listener at localhost/37159] INFO  server.RaftServerConfigKeys (ConfUtils.java:logGet(46)) - raft.server.leaderelection.leader.step-down.wait-time = 10s (default)
2022-10-18 03:54:11,760 [Listener at localhost/37159] INFO  server.RaftServerConfigKeys (ConfUtils.java:logGet(46)) - raft.server.storage.dir = [/home/runner/work/ozone/ozone/hadoop-ozone/integration-test/target/test-dir/MiniOzoneClusterImpl-5cdafbed-51d9-4f54-a43e-7c7e014ba032/omNode-3/ratis] (custom)
2022-10-18 03:54:11,761 [grpc-default-executor-2] INFO  leader.FollowerInfo (FollowerInfoImpl.java:lambda$new$0(48)) - omNode-1@group-523986131536->omNode-2: nextIndex: updateUnconditionally 59 -> 59
2022-10-18 03:54:11,761 [grpc-default-executor-2] INFO  impl.SnapshotInstallationHandler (SnapshotInstallationHandler.java:installSnapshot(84)) - omNode-2@group-523986131536: receive installSnapshot: omNode-1->omNode-2#0-t7,notify:(t:7, i:61)
2022-10-18 03:54:11,761 [grpc-default-executor-2] INFO  impl.SnapshotInstallationHandler (SnapshotInstallationHandler.java:installSnapshot(95)) - omNode-2@group-523986131536: reply installSnapshot: omNode-1<-omNode-2#0:FAIL-t7,IN_PROGRESS
2022-10-18 03:54:11,761 [grpc-default-executor-2] INFO  server.GrpcServerProtocolService (GrpcServerProtocolService.java:onCompleted(140)) - omNode-2: Completed INSTALL_SNAPSHOT, lastRequest: omNode-1->omNode-2#0-t7,notify:(t:7, i:61)
2022-10-18 03:54:11,762 [grpc-default-executor-2] INFO  server.GrpcLogAppender (GrpcLogAppender.java:onNext(403)) - omNode-1@group-523986131536->omNode-2-InstallSnapshotResponseHandler: received a reply omNode-1<-omNode-2#0:FAIL-t7,IN_PROGRESS
2022-10-18 03:54:11,762 [grpc-default-executor-2] INFO  server.GrpcLogAppender (GrpcLogAppender.java:onNext(421)) - omNode-1@group-523986131536->omNode-2-InstallSnapshotResponseHandler: InstallSnapshot in progress.
2022-10-18 03:54:11,762 [omNode-1@group-523986131536->omNode-2-GrpcLogAppender-LogAppenderDaemon] INFO  server.GrpcLogAppender (GrpcLogAppender.java:installSnapshot(541)) - omNode-1@group-523986131536->omNode-2-GrpcLogAppender: followerNextIndex = 59 but logStartIndex = 61, notify follower to install snapshot-(t:7, i:61)
2022-10-18 03:54:11,763 [omNode-1@group-523986131536->omNode-2-GrpcLogAppender-LogAppenderDaemon] INFO  server.GrpcLogAppender (GrpcLogAppender.java:installSnapshot(549)) - omNode-1@group-523986131536->omNode-2-GrpcLogAppender: send omNode-1->omNode-2#0-t7,notify:(t:7, i:61)
2022-10-18 03:54:11,763 [omNode-2-server-thread1] INFO  server.RaftServer$Division (RaftServerImpl.java:checkInconsistentAppendEntries(1402)) - omNode-2@group-523986131536: Failed appendEntries as snapshot (61) installation is in progress
2022-10-18 03:54:11,763 [omNode-2-server-thread1] INFO  server.RaftServer$Division (RaftServerImpl.java:checkInconsistentAppendEntries(1394)) - omNode-2@group-523986131536: inconsistency entries. Reply:omNode-1<-omNode-2#501:FAIL-t7,INCONSISTENCY,nextIndex=59,followerCommit=58
2022-10-18 03:54:11,764 [grpc-default-executor-2] INFO  leader.FollowerInfo (FollowerInfoImpl.java:lambda$new$0(48)) - omNode-1@group-523986131536->omNode-2: nextIndex: updateUnconditionally 59 -> 59
2022-10-18 03:54:11,764 [grpc-default-executor-2] INFO  impl.SnapshotInstallationHandler (SnapshotInstallationHandler.java:installSnapshot(84)) - omNode-2@group-523986131536: receive installSnapshot: omNode-1->omNode-2#0-t7,notify:(t:7, i:61)
2022-10-18 03:54:11,765 [grpc-default-executor-2] INFO  impl.SnapshotInstallationHandler (SnapshotInstallationHandler.java:installSnapshot(95)) - omNode-2@group-523986131536: reply installSnapshot: omNode-1<-omNode-2#0:FAIL-t7,IN_PROGRESS
2022-10-18 03:54:11,765 [grpc-default-executor-2] INFO  server.GrpcServerProtocolService (GrpcServerProtocolService.java:onCompleted(140)) - omNode-2: Completed INSTALL_SNAPSHOT, lastRequest: omNode-1->omNode-2#0-t7,notify:(t:7, i:61)
2022-10-18 03:54:11,765 [grpc-default-executor-2] INFO  server.GrpcLogAppender (GrpcLogAppender.java:onNext(403)) - omNode-1@group-523986131536->omNode-2-InstallSnapshotResponseHandler: received a reply omNode-1<-omNode-2#0:FAIL-t7,IN_PROGRESS
2022-10-18 03:54:11,765 [grpc-default-executor-2] INFO  server.GrpcLogAppender (GrpcLogAppender.java:onNext(421)) - omNode-1@group-523986131536->omNode-2-InstallSnapshotResponseHandler: InstallSnapshot in progress.
2022-10-18 03:54:11,766 [omNode-1@group-523986131536->omNode-2-GrpcLogAppender-LogAppenderDaemon] INFO  server.GrpcLogAppender (GrpcLogAppender.java:installSnapshot(541)) - omNode-1@group-523986131536->omNode-2-GrpcLogAppender: followerNextIndex = 59 but logStartIndex = 61, notify follower to install snapshot-(t:7, i:61)
2022-10-18 03:54:11,766 [omNode-1@group-523986131536->omNode-2-GrpcLogAppender-LogAppenderDaemon] INFO  server.GrpcLogAppender (GrpcLogAppender.java:installSnapshot(549)) - omNode-1@group-523986131536->omNode-2-GrpcLogAppender: send omNode-1->omNode-2#0-t7,notify:(t:7, i:61)
2022-10-18 03:54:11,766 [omNode-3-impl-thread1] INFO  server.RaftServer (RaftServerProxy.java:initGroupDir(247)) - omNode-3: found a subdirectory /home/runner/work/ozone/ozone/hadoop-ozone/integration-test/target/test-dir/MiniOzoneClusterImpl-5cdafbed-51d9-4f54-a43e-7c7e014ba032/omNode-3/ratis/c9bc4cf4-3bc3-3c60-a66b-523986131536
2022-10-18 03:54:11,767 [grpc-default-executor-0] INFO  impl.SnapshotInstallationHandler (SnapshotInstallationHandler.java:installSnapshot(84)) - omNode-2@group-523986131536: receive installSnapshot: omNode-1->omNode-2#0-t7,notify:(t:7, i:61)
2022-10-18 03:54:11,766 [omNode-2-server-thread1] INFO  server.RaftServer$Division (RaftServerImpl.java:checkInconsistentAppendEntries(1402)) - omNode-2@group-523986131536: Failed appendEntries as snapshot (61) installation is in progress
2022-10-18 03:54:11,767 [omNode-2-server-thread1] INFO  server.RaftServer$Division (RaftServerImpl.java:checkInconsistentAppendEntries(1394)) - omNode-2@group-523986131536: inconsistency entries. Reply:omNode-1<-omNode-2#502:FAIL-t7,INCONSISTENCY,nextIndex=59,followerCommit=58
2022-10-18 03:54:11,767 [Listener at localhost/37159] INFO  server.RaftServer (RaftServerProxy.java:addNew(96)) - omNode-3: addNew group-523986131536:[omNode-3|rpc:localhost:44279|priority:0, omNode-1|rpc:localhost:42747|priority:0, omNode-2|rpc:localhost:37241|priority:0] returns group-523986131536:java.util.concurrent.CompletableFuture@5e8811a1[Not completed]
2022-10-18 03:54:11,767 [grpc-default-executor-2] INFO  leader.FollowerInfo (FollowerInfoImpl.java:lambda$new$0(48)) - omNode-1@group-523986131536->omNode-2: nextIndex: updateUnconditionally 59 -> 59
2022-10-18 03:54:11,767 [grpc-default-executor-0] INFO  impl.SnapshotInstallationHandler (SnapshotInstallationHandler.java:installSnapshot(95)) - omNode-2@group-523986131536: reply installSnapshot: omNode-1<-omNode-2#0:FAIL-t7,IN_PROGRESS
2022-10-18 03:54:11,768 [Listener at localhost/37159] INFO  om.OzoneManager (OzoneManager.java:initializeRatisServer(1975)) - OzoneManager Ratis server initialized at port 44279
2022-10-18 03:54:11,768 [grpc-default-executor-0] INFO  server.GrpcServerProtocolService (GrpcServerProtocolService.java:onCompleted(140)) - omNode-2: Completed INSTALL_SNAPSHOT, lastRequest: omNode-1->omNode-2#0-t7,notify:(t:7, i:61)
2022-10-18 03:54:11,768 [grpc-default-executor-0] INFO  server.GrpcLogAppender (GrpcLogAppender.java:onNext(403)) - omNode-1@group-523986131536->omNode-2-InstallSnapshotResponseHandler: received a reply omNode-1<-omNode-2#0:FAIL-t7,IN_PROGRESS
2022-10-18 03:54:11,768 [grpc-default-executor-0] INFO  server.GrpcLogAppender (GrpcLogAppender.java:onNext(421)) - omNode-1@group-523986131536->omNode-2-InstallSnapshotResponseHandler: InstallSnapshot in progress.
2022-10-18 03:54:11,768 [Listener at localhost/37159] INFO  ratis.OzoneManagerRatisServer (OzoneManagerRatisServer.java:start(555)) - Starting OzoneManagerRatisServer omNode-3 at port 44279
2022-10-18 03:54:11,769 [omNode-1@group-523986131536->omNode-2-GrpcLogAppender-LogAppenderDaemon] INFO  server.GrpcLogAppender (GrpcLogAppender.java:installSnapshot(541)) - omNode-1@group-523986131536->omNode-2-GrpcLogAppender: followerNextIndex = 59 but logStartIndex = 61, notify follower to install snapshot-(t:7, i:61)
2022-10-18 03:54:11,769 [omNode-1@group-523986131536->omNode-2-GrpcLogAppender-LogAppenderDaemon] INFO  server.GrpcLogAppender (GrpcLogAppender.java:installSnapshot(549)) - omNode-1@group-523986131536->omNode-2-GrpcLogAppender: send omNode-1->omNode-2#0-t7,notify:(t:7, i:61)
2022-10-18 03:54:11,769 [pool-419-thread-1] INFO  server.RaftServer$Division (RaftServerImpl.java:<init>(190)) - omNode-3: new RaftServerImpl for group-523986131536:[omNode-3|rpc:localhost:44279|priority:0, omNode-1|rpc:localhost:42747|priority:0, omNode-2|rpc:localhost:37241|priority:0] with OzoneManagerStateMachine:uninitialized
2022-10-18 03:54:11,770 [grpc-default-executor-2] INFO  impl.SnapshotInstallationHandler (SnapshotInstallationHandler.java:installSnapshot(84)) - omNode-2@group-523986131536: receive installSnapshot: omNode-1->omNode-2#0-t7,notify:(t:7, i:61)
2022-10-18 03:54:11,769 [omNode-2-server-thread1] INFO  server.RaftServer$Division (RaftServerImpl.java:checkInconsistentAppendEntries(1402)) - omNode-2@group-523986131536: Failed appendEntries as snapshot (61) installation is in progress
2022-10-18 03:54:11,770 [pool-419-thread-1] INFO  server.RaftServerConfigKeys (ConfUtils.java:logGet(46)) - raft.server.rpc.timeout.min = 1s (custom)
2022-10-18 03:54:11,770 [omNode-2-server-thread1] INFO  server.RaftServer$Division (RaftServerImpl.java:checkInconsistentAppendEntries(1394)) - omNode-2@group-523986131536: inconsistency entries. Reply:omNode-1<-omNode-2#503:FAIL-t7,INCONSISTENCY,nextIndex=59,followerCommit=58
2022-10-18 03:54:11,770 [grpc-default-executor-2] INFO  impl.SnapshotInstallationHandler (SnapshotInstallationHandler.java:installSnapshot(95)) - omNode-2@group-523986131536: reply installSnapshot: omNode-1<-omNode-2#0:FAIL-t7,IN_PROGRESS
2022-10-18 03:54:11,771 [grpc-default-executor-2] INFO  server.GrpcServerProtocolService (GrpcServerProtocolService.java:onCompleted(140)) - omNode-2: Completed INSTALL_SNAPSHOT, lastRequest: omNode-1->omNode-2#0-t7,notify:(t:7, i:61)
2022-10-18 03:54:11,771 [grpc-default-executor-2] INFO  leader.FollowerInfo (FollowerInfoImpl.java:lambda$new$0(48)) - omNode-1@group-523986131536->omNode-2: nextIndex: updateUnconditionally 59 -> 59
2022-10-18 03:54:11,771 [grpc-default-executor-2] INFO  server.GrpcLogAppender (GrpcLogAppender.java:onNext(403)) - omNode-1@group-523986131536->omNode-2-InstallSnapshotResponseHandler: received a reply omNode-1<-omNode-2#0:FAIL-t7,IN_PROGRESS
2022-10-18 03:54:11,771 [grpc-default-executor-2] INFO  server.GrpcLogAppender (GrpcLogAppender.java:onNext(421)) - omNode-1@group-523986131536->omNode-2-InstallSnapshotResponseHandler: InstallSnapshot in progress.
2022-10-18 03:54:11,770 [pool-419-thread-1] INFO  server.RaftServerConfigKeys (ConfUtils.java:logGet(46)) - raft.server.rpc.timeout.max = 1200ms (custom)
2022-10-18 03:54:11,772 [pool-419-thread-1] INFO  server.RaftServerConfigKeys (ConfUtils.java:logGet(46)) - raft.server.rpc.sleep.time = 25ms (default)
2022-10-18 03:54:11,772 [pool-419-thread-1] INFO  server.RaftServerConfigKeys (ConfUtils.java:logGet(46)) - raft.server.rpc.slowness.timeout = 2s (custom)
2022-10-18 03:54:11,772 [pool-419-thread-1] INFO  server.RaftServerConfigKeys (ConfUtils.java:logGet(46)) - raft.server.leaderelection.leader.step-down.wait-time = 10s (default)
2022-10-18 03:54:11,772 [pool-419-thread-1] INFO  server.RaftServerConfigKeys (ConfUtils.java:logGet(46)) - raft.server.sleep.deviation.threshold = 300ms (default)
2022-10-18 03:54:11,772 [pool-419-thread-1] INFO  server.RaftServer$Division (ServerState.java:<init>(107)) - omNode-3@group-523986131536: ConfigurationManager, init=-1: [omNode-3|rpc:localhost:44279|priority:0, omNode-1|rpc:localhost:42747|priority:0, omNode-2|rpc:localhost:37241|priority:0], old=null, confs=<EMPTY_MAP>
2022-10-18 03:54:11,772 [pool-419-thread-1] INFO  server.RaftServerConfigKeys (ConfUtils.java:logGet(46)) - raft.server.storage.dir = [/home/runner/work/ozone/ozone/hadoop-ozone/integration-test/target/test-dir/MiniOzoneClusterImpl-5cdafbed-51d9-4f54-a43e-7c7e014ba032/omNode-3/ratis] (custom)
2022-10-18 03:54:11,772 [pool-419-thread-1] INFO  server.RaftServerConfigKeys (ConfUtils.java:logGet(46)) - raft.server.log.corruption.policy = EXCEPTION (default)
2022-10-18 03:54:11,772 [pool-419-thread-1] INFO  server.RaftServerConfigKeys (ConfUtils.java:logGet(46)) - raft.server.storage.free-space.min = 0MB (=0) (default)
2022-10-18 03:54:11,774 [pool-419-thread-1] INFO  storage.RaftStorageDirectory (RaftStorageDirectoryImpl.java:tryLock(230)) - Lock on /home/runner/work/ozone/ozone/hadoop-ozone/integration-test/target/test-dir/MiniOzoneClusterImpl-5cdafbed-51d9-4f54-a43e-7c7e014ba032/omNode-3/ratis/c9bc4cf4-3bc3-3c60-a66b-523986131536/in_use.lock acquired by nodename 30743@fv-az573-760
2022-10-18 03:54:11,774 [omNode-1@group-523986131536->omNode-2-GrpcLogAppender-LogAppenderDaemon] INFO  server.GrpcLogAppender (GrpcLogAppender.java:installSnapshot(541)) - omNode-1@group-523986131536->omNode-2-GrpcLogAppender: followerNextIndex = 59 but logStartIndex = 61, notify follower to install snapshot-(t:7, i:61)
2022-10-18 03:54:11,774 [omNode-1@group-523986131536->omNode-2-GrpcLogAppender-LogAppenderDaemon] INFO  server.GrpcLogAppender (GrpcLogAppender.java:installSnapshot(549)) - omNode-1@group-523986131536->omNode-2-GrpcLogAppender: send omNode-1->omNode-2#0-t7,notify:(t:7, i:61)
2022-10-18 03:54:11,774 [omNode-2-server-thread1] INFO  server.RaftServer$Division (RaftServerImpl.java:checkInconsistentAppendEntries(1402)) - omNode-2@group-523986131536: Failed appendEntries as snapshot (61) installation is in progress
2022-10-18 03:54:11,774 [omNode-2-server-thread1] INFO  server.RaftServer$Division (RaftServerImpl.java:checkInconsistentAppendEntries(1394)) - omNode-2@group-523986131536: inconsistency entries. Reply:omNode-1<-omNode-2#504:FAIL-t7,INCONSISTENCY,nextIndex=59,followerCommit=58
2022-10-18 03:54:11,775 [grpc-default-executor-2] INFO  leader.FollowerInfo (FollowerInfoImpl.java:lambda$new$0(48)) - omNode-1@group-523986131536->omNode-2: nextIndex: updateUnconditionally 59 -> 59
2022-10-18 03:54:11,775 [grpc-default-executor-2] INFO  impl.SnapshotInstallationHandler (SnapshotInstallationHandler.java:installSnapshot(84)) - omNode-2@group-523986131536: receive installSnapshot: omNode-1->omNode-2#0-t7,notify:(t:7, i:61)
2022-10-18 03:54:11,775 [grpc-default-executor-2] INFO  impl.SnapshotInstallationHandler (SnapshotInstallationHandler.java:installSnapshot(95)) - omNode-2@group-523986131536: reply installSnapshot: omNode-1<-omNode-2#0:FAIL-t7,IN_PROGRESS
2022-10-18 03:54:11,776 [grpc-default-executor-2] INFO  server.GrpcServerProtocolService (GrpcServerProtocolService.java:onCompleted(140)) - omNode-2: Completed INSTALL_SNAPSHOT, lastRequest: omNode-1->omNode-2#0-t7,notify:(t:7, i:61)
2022-10-18 03:54:11,776 [grpc-default-executor-2] INFO  server.GrpcLogAppender (GrpcLogAppender.java:onNext(403)) - omNode-1@group-523986131536->omNode-2-InstallSnapshotResponseHandler: received a reply omNode-1<-omNode-2#0:FAIL-t7,IN_PROGRESS
2022-10-18 03:54:11,776 [grpc-default-executor-2] INFO  server.GrpcLogAppender (GrpcLogAppender.java:onNext(421)) - omNode-1@group-523986131536->omNode-2-InstallSnapshotResponseHandler: InstallSnapshot in progress.
2022-10-18 03:54:11,777 [omNode-1@group-523986131536->omNode-2-GrpcLogAppender-LogAppenderDaemon] INFO  server.GrpcLogAppender (GrpcLogAppender.java:installSnapshot(541)) - omNode-1@group-523986131536->omNode-2-GrpcLogAppender: followerNextIndex = 59 but logStartIndex = 61, notify follower to install snapshot-(t:7, i:61)
2022-10-18 03:54:11,777 [pool-419-thread-1] INFO  storage.RaftStorage (RaftStorageImpl.java:analyzeAndRecoverStorage(110)) - Read RaftStorageMetadata{term=7, votedFor=omNode-1} from /home/runner/work/ozone/ozone/hadoop-ozone/integration-test/target/test-dir/MiniOzoneClusterImpl-5cdafbed-51d9-4f54-a43e-7c7e014ba032/omNode-3/ratis/c9bc4cf4-3bc3-3c60-a66b-523986131536/current/raft-meta
2022-10-18 03:54:11,777 [omNode-1@group-523986131536->omNode-2-GrpcLogAppender-LogAppenderDaemon] INFO  server.GrpcLogAppender (GrpcLogAppender.java:installSnapshot(549)) - omNode-1@group-523986131536->omNode-2-GrpcLogAppender: send omNode-1->omNode-2#0-t7,notify:(t:7, i:61)
2022-10-18 03:54:11,777 [pool-419-thread-1] INFO  server.RaftServer$Division (ServerState.java:setRaftConf(393)) - omNode-3@group-523986131536: set configuration 61: [omNode-3|rpc:localhost:44279|admin:|client:|dataStream:|priority:0, omNode-1|rpc:localhost:42747|admin:|client:|dataStream:|priority:0, omNode-2|rpc:localhost:37241|admin:|client:|dataStream:|priority:0], old=null
2022-10-18 03:54:11,777 [pool-419-thread-1] INFO  server.RaftServerConfigKeys (ConfUtils.java:logGet(46)) - raft.server.notification.no-leader.timeout = 2s (custom)
2022-10-18 03:54:11,777 [pool-419-thread-1] INFO  server.RaftServerConfigKeys (ConfUtils.java:logGet(46)) - raft.server.log.use.memory = false (default)
2022-10-18 03:54:11,778 [pool-419-thread-1] INFO  server.RaftServerConfigKeys (ConfUtils.java:logGet(46)) - raft.server.log.purge.gap = 50 (custom)
2022-10-18 03:54:11,778 [pool-419-thread-1] INFO  server.RaftServerConfigKeys (ConfUtils.java:logGet(46)) - raft.server.log.appender.buffer.byte-limit = 33554432 (custom)
2022-10-18 03:54:11,778 [pool-419-thread-1] INFO  server.RaftServerConfigKeys (ConfUtils.java:logGet(46)) - raft.server.log.statemachine.data.read.timeout = 1000ms (default)
2022-10-18 03:54:11,778 [pool-419-thread-1] INFO  server.RaftServerConfigKeys (ConfUtils.java:logGet(46)) - raft.server.log.segment.size.max = 4194304 (custom)
2022-10-18 03:54:11,778 [pool-419-thread-1] INFO  server.RaftServerConfigKeys (ConfUtils.java:logGet(46)) - raft.server.log.segment.cache.num.max = 2 (custom)
2022-10-18 03:54:11,778 [pool-419-thread-1] INFO  server.RaftServerConfigKeys (ConfUtils.java:logGet(46)) - raft.server.log.segment.cache.size.max = 200MB (=209715200) (default)
2022-10-18 03:54:11,779 [pool-419-thread-1] INFO  segmented.SegmentedRaftLogWorker (SegmentedRaftLogWorker.java:<init>(187)) - new omNode-3@group-523986131536-SegmentedRaftLogWorker for RaftStorageImpl:Storage Directory /home/runner/work/ozone/ozone/hadoop-ozone/integration-test/target/test-dir/MiniOzoneClusterImpl-5cdafbed-51d9-4f54-a43e-7c7e014ba032/omNode-3/ratis/c9bc4cf4-3bc3-3c60-a66b-523986131536
2022-10-18 03:54:11,779 [pool-419-thread-1] INFO  server.RaftServerConfigKeys (ConfUtils.java:logGet(46)) - raft.server.log.queue.byte-limit = 64MB (=67108864) (default)
2022-10-18 03:54:11,779 [pool-419-thread-1] INFO  server.RaftServerConfigKeys (ConfUtils.java:logGet(46)) - raft.server.log.queue.element-limit = 4096 (default)
2022-10-18 03:54:11,779 [pool-419-thread-1] INFO  server.RaftServerConfigKeys (ConfUtils.java:logGet(46)) - raft.server.log.segment.size.max = 4194304 (custom)
2022-10-18 03:54:11,779 [pool-419-thread-1] INFO  server.RaftServerConfigKeys (ConfUtils.java:logGet(46)) - raft.server.log.preallocated.size = 4194304 (custom)
2022-10-18 03:54:11,779 [pool-419-thread-1] INFO  server.RaftServerConfigKeys (ConfUtils.java:logGet(46)) - raft.server.log.force.sync.num = 128 (default)
2022-10-18 03:54:11,779 [pool-419-thread-1] INFO  server.RaftServerConfigKeys (ConfUtils.java:logGet(46)) - raft.server.log.statemachine.data.sync = true (default)
2022-10-18 03:54:11,779 [pool-419-thread-1] INFO  server.RaftServerConfigKeys (ConfUtils.java:logGet(46)) - raft.server.log.statemachine.data.sync.timeout = 10s (default)
2022-10-18 03:54:11,779 [pool-419-thread-1] INFO  server.RaftServerConfigKeys (ConfUtils.java:logGet(46)) - raft.server.log.statemachine.data.sync.timeout.retry = -1 (default)
2022-10-18 03:54:11,780 [omNode-2-server-thread1] INFO  server.RaftServer$Division (RaftServerImpl.java:checkInconsistentAppendEntries(1402)) - omNode-2@group-523986131536: Failed appendEntries as snapshot (61) installation is in progress
2022-10-18 03:54:11,781 [omNode-2-server-thread1] INFO  server.RaftServer$Division (RaftServerImpl.java:checkInconsistentAppendEntries(1394)) - omNode-2@group-523986131536: inconsistency entries. Reply:omNode-1<-omNode-2#505:FAIL-t7,INCONSISTENCY,nextIndex=59,followerCommit=58
2022-10-18 03:54:11,781 [grpc-default-executor-0] INFO  impl.SnapshotInstallationHandler (SnapshotInstallationHandler.java:installSnapshot(84)) - omNode-2@group-523986131536: receive installSnapshot: omNode-1->omNode-2#0-t7,notify:(t:7, i:61)
2022-10-18 03:54:11,781 [grpc-default-executor-0] INFO  impl.SnapshotInstallationHandler (SnapshotInstallationHandler.java:installSnapshot(95)) - omNode-2@group-523986131536: reply installSnapshot: omNode-1<-omNode-2#0:FAIL-t7,IN_PROGRESS
2022-10-18 03:54:11,781 [grpc-default-executor-2] INFO  leader.FollowerInfo (FollowerInfoImpl.java:lambda$new$0(48)) - omNode-1@group-523986131536->omNode-2: nextIndex: updateUnconditionally 59 -> 59
2022-10-18 03:54:11,781 [grpc-default-executor-0] INFO  server.GrpcServerProtocolService (GrpcServerProtocolService.java:onCompleted(140)) - omNode-2: Completed INSTALL_SNAPSHOT, lastRequest: omNode-1->omNode-2#0-t7,notify:(t:7, i:61)
2022-10-18 03:54:11,782 [grpc-default-executor-2] INFO  server.GrpcLogAppender (GrpcLogAppender.java:onNext(403)) - omNode-1@group-523986131536->omNode-2-InstallSnapshotResponseHandler: received a reply omNode-1<-omNode-2#0:FAIL-t7,IN_PROGRESS
2022-10-18 03:54:11,782 [grpc-default-executor-2] INFO  server.GrpcLogAppender (GrpcLogAppender.java:onNext(421)) - omNode-1@group-523986131536->omNode-2-InstallSnapshotResponseHandler: InstallSnapshot in progress.
2022-10-18 03:54:11,782 [omNode-1@group-523986131536->omNode-2-GrpcLogAppender-LogAppenderDaemon] INFO  server.GrpcLogAppender (GrpcLogAppender.java:installSnapshot(541)) - omNode-1@group-523986131536->omNode-2-GrpcLogAppender: followerNextIndex = 59 but logStartIndex = 61, notify follower to install snapshot-(t:7, i:61)
2022-10-18 03:54:11,782 [omNode-1@group-523986131536->omNode-2-GrpcLogAppender-LogAppenderDaemon] INFO  server.GrpcLogAppender (GrpcLogAppender.java:installSnapshot(549)) - omNode-1@group-523986131536->omNode-2-GrpcLogAppender: send omNode-1->omNode-2#0-t7,notify:(t:7, i:61)
2022-10-18 03:54:11,782 [pool-419-thread-1] INFO  server.RaftServerConfigKeys (ConfUtils.java:logGet(46)) - raft.server.log.write.buffer.size = 64KB (=65536) (default)
2022-10-18 03:54:11,783 [omNode-2-server-thread1] INFO  server.RaftServer$Division (RaftServerImpl.java:checkInconsistentAppendEntries(1402)) - omNode-2@group-523986131536: Failed appendEntries as snapshot (61) installation is in progress
2022-10-18 03:54:11,785 [omNode-2-server-thread1] INFO  server.RaftServer$Division (RaftServerImpl.java:checkInconsistentAppendEntries(1394)) - omNode-2@group-523986131536: inconsistency entries. Reply:omNode-1<-omNode-2#506:FAIL-t7,INCONSISTENCY,nextIndex=59,followerCommit=58
2022-10-18 03:54:11,785 [grpc-default-executor-0] INFO  impl.SnapshotInstallationHandler (SnapshotInstallationHandler.java:installSnapshot(84)) - omNode-2@group-523986131536: receive installSnapshot: omNode-1->omNode-2#0-t7,notify:(t:7, i:61)
2022-10-18 03:54:11,786 [grpc-default-executor-2] INFO  leader.FollowerInfo (FollowerInfoImpl.java:lambda$new$0(48)) - omNode-1@group-523986131536->omNode-2: nextIndex: updateUnconditionally 59 -> 59
2022-10-18 03:54:11,785 [pool-419-thread-1] INFO  server.RaftServerConfigKeys (ConfUtils.java:logGet(46)) - raft.server.log.unsafe-flush.enabled = false (default)
2022-10-18 03:54:11,786 [grpc-default-executor-0] INFO  impl.SnapshotInstallationHandler (SnapshotInstallationHandler.java:installSnapshot(95)) - omNode-2@group-523986131536: reply installSnapshot: omNode-1<-omNode-2#0:FAIL-t7,IN_PROGRESS
2022-10-18 03:54:11,786 [pool-419-thread-1] INFO  server.RaftServerConfigKeys (ConfUtils.java:logGet(46)) - raft.server.log.statemachine.data.caching.enabled = false (default)
2022-10-18 03:54:11,786 [grpc-default-executor-0] INFO  server.GrpcServerProtocolService (GrpcServerProtocolService.java:onCompleted(140)) - omNode-2: Completed INSTALL_SNAPSHOT, lastRequest: omNode-1->omNode-2#0-t7,notify:(t:7, i:61)
2022-10-18 03:54:11,787 [pool-419-thread-1] INFO  server.RaftServer$Division (ServerState.java:setRaftConf(393)) - omNode-3@group-523986131536: set configuration 61: [omNode-3|rpc:localhost:44279|admin:|client:|dataStream:|priority:0, omNode-1|rpc:localhost:42747|admin:|client:|dataStream:|priority:0, omNode-2|rpc:localhost:37241|admin:|client:|dataStream:|priority:0], old=null
2022-10-18 03:54:11,788 [pool-419-thread-1] INFO  segmented.LogSegment (LogSegment.java:loadSegment(173)) - Successfully read 86 entries from segment file /home/runner/work/ozone/ozone/hadoop-ozone/integration-test/target/test-dir/MiniOzoneClusterImpl-5cdafbed-51d9-4f54-a43e-7c7e014ba032/omNode-3/ratis/c9bc4cf4-3bc3-3c60-a66b-523986131536/current/log_inprogress_61
2022-10-18 03:54:11,788 [pool-419-thread-1] INFO  segmented.SegmentedRaftLogWorker (SegmentedRaftLogWorker.java:lambda$new$0(135)) - omNode-3@group-523986131536-SegmentedRaftLogWorker: flushIndex: setUnconditionally 0 -> 146
2022-10-18 03:54:11,788 [pool-419-thread-1] INFO  segmented.SegmentedRaftLogWorker (SegmentedRaftLogWorker.java:lambda$new$0(135)) - omNode-3@group-523986131536-SegmentedRaftLogWorker: safeCacheEvictIndex: setUnconditionally 0 -> -1
2022-10-18 03:54:11,789 [grpc-default-executor-0] INFO  server.GrpcLogAppender (GrpcLogAppender.java:onNext(403)) - omNode-1@group-523986131536->omNode-2-InstallSnapshotResponseHandler: received a reply omNode-1<-omNode-2#0:FAIL-t7,IN_PROGRESS
2022-10-18 03:54:11,789 [grpc-default-executor-0] INFO  server.GrpcLogAppender (GrpcLogAppender.java:onNext(421)) - omNode-1@group-523986131536->omNode-2-InstallSnapshotResponseHandler: InstallSnapshot in progress.
2022-10-18 03:54:11,789 [omNode-1@group-523986131536->omNode-2-GrpcLogAppender-LogAppenderDaemon] INFO  server.GrpcLogAppender (GrpcLogAppender.java:installSnapshot(541)) - omNode-1@group-523986131536->omNode-2-GrpcLogAppender: followerNextIndex = 59 but logStartIndex = 61, notify follower to install snapshot-(t:7, i:61)
2022-10-18 03:54:11,789 [omNode-1@group-523986131536->omNode-2-GrpcLogAppender-LogAppenderDaemon] INFO  server.GrpcLogAppender (GrpcLogAppender.java:installSnapshot(549)) - omNode-1@group-523986131536->omNode-2-GrpcLogAppender: send omNode-1->omNode-2#0-t7,notify:(t:7, i:61)
2022-10-18 03:54:11,790 [omNode-2-server-thread1] INFO  server.RaftServer$Division (RaftServerImpl.java:checkInconsistentAppendEntries(1402)) - omNode-2@group-523986131536: Failed appendEntries as snapshot (61) installation is in progress
2022-10-18 03:54:11,790 [omNode-2-server-thread1] INFO  server.RaftServer$Division (RaftServerImpl.java:checkInconsistentAppendEntries(1394)) - omNode-2@group-523986131536: inconsistency entries. Reply:omNode-1<-omNode-2#507:FAIL-t7,INCONSISTENCY,nextIndex=59,followerCommit=58
2022-10-18 03:54:11,790 [grpc-default-executor-2] INFO  impl.SnapshotInstallationHandler (SnapshotInstallationHandler.java:installSnapshot(84)) - omNode-2@group-523986131536: receive installSnapshot: omNode-1->omNode-2#0-t7,notify:(t:7, i:61)
2022-10-18 03:54:11,791 [grpc-default-executor-2] INFO  impl.SnapshotInstallationHandler (SnapshotInstallationHandler.java:installSnapshot(95)) - omNode-2@group-523986131536: reply installSnapshot: omNode-1<-omNode-2#0:FAIL-t7,IN_PROGRESS
2022-10-18 03:54:11,791 [grpc-default-executor-2] INFO  server.GrpcServerProtocolService (GrpcServerProtocolService.java:onCompleted(140)) - omNode-2: Completed INSTALL_SNAPSHOT, lastRequest: omNode-1->omNode-2#0-t7,notify:(t:7, i:61)
2022-10-18 03:54:11,791 [grpc-default-executor-2] INFO  leader.FollowerInfo (FollowerInfoImpl.java:lambda$new$0(48)) - omNode-1@group-523986131536->omNode-2: nextIndex: updateUnconditionally 59 -> 59
2022-10-18 03:54:11,792 [grpc-default-executor-2] INFO  server.GrpcLogAppender (GrpcLogAppender.java:onNext(403)) - omNode-1@group-523986131536->omNode-2-InstallSnapshotResponseHandler: received a reply omNode-1<-omNode-2#0:FAIL-t7,IN_PROGRESS
2022-10-18 03:54:11,792 [grpc-default-executor-2] INFO  server.GrpcLogAppender (GrpcLogAppender.java:onNext(421)) - omNode-1@group-523986131536->omNode-2-InstallSnapshotResponseHandler: InstallSnapshot in progress.
2022-10-18 03:54:11,792 [omNode-1@group-523986131536->omNode-2-GrpcLogAppender-LogAppenderDaemon] INFO  server.GrpcLogAppender (GrpcLogAppender.java:installSnapshot(541)) - omNode-1@group-523986131536->omNode-2-GrpcLogAppender: followerNextIndex = 59 but logStartIndex = 61, notify follower to install snapshot-(t:7, i:61)
2022-10-18 03:54:11,792 [omNode-1@group-523986131536->omNode-2-GrpcLogAppender-LogAppenderDaemon] INFO  server.GrpcLogAppender (GrpcLogAppender.java:installSnapshot(549)) - omNode-1@group-523986131536->omNode-2-GrpcLogAppender: send omNode-1->omNode-2#0-t7,notify:(t:7, i:61)
2022-10-18 03:54:11,793 [omNode-2-server-thread1] INFO  server.RaftServer$Division (RaftServerImpl.java:checkInconsistentAppendEntries(1402)) - omNode-2@group-523986131536: Failed appendEntries as snapshot (61) installation is in progress
2022-10-18 03:54:11,793 [omNode-2-server-thread1] INFO  server.RaftServer$Division (RaftServerImpl.java:checkInconsistentAppendEntries(1394)) - omNode-2@group-523986131536: inconsistency entries. Reply:omNode-1<-omNode-2#508:FAIL-t7,INCONSISTENCY,nextIndex=59,followerCommit=58
2022-10-18 03:54:11,793 [grpc-default-executor-2] INFO  impl.SnapshotInstallationHandler (SnapshotInstallationHandler.java:installSnapshot(84)) - omNode-2@group-523986131536: receive installSnapshot: omNode-1->omNode-2#0-t7,notify:(t:7, i:61)
2022-10-18 03:54:11,793 [grpc-default-executor-2] INFO  impl.SnapshotInstallationHandler (SnapshotInstallationHandler.java:installSnapshot(95)) - omNode-2@group-523986131536: reply installSnapshot: omNode-1<-omNode-2#0:FAIL-t7,IN_PROGRESS
2022-10-18 03:54:11,794 [grpc-default-executor-2] INFO  server.GrpcServerProtocolService (GrpcServerProtocolService.java:onCompleted(140)) - omNode-2: Completed INSTALL_SNAPSHOT, lastRequest: omNode-1->omNode-2#0-t7,notify:(t:7, i:61)
2022-10-18 03:54:11,794 [grpc-default-executor-2] INFO  leader.FollowerInfo (FollowerInfoImpl.java:lambda$new$0(48)) - omNode-1@group-523986131536->omNode-2: nextIndex: updateUnconditionally 59 -> 59
2022-10-18 03:54:11,795 [grpc-default-executor-2] INFO  server.GrpcLogAppender (GrpcLogAppender.java:onNext(403)) - omNode-1@group-523986131536->omNode-2-InstallSnapshotResponseHandler: received a reply omNode-1<-omNode-2#0:FAIL-t7,IN_PROGRESS
2022-10-18 03:54:11,795 [grpc-default-executor-2] INFO  server.GrpcLogAppender (GrpcLogAppender.java:onNext(421)) - omNode-1@group-523986131536->omNode-2-InstallSnapshotResponseHandler: InstallSnapshot in progress.
2022-10-18 03:54:11,795 [pool-419-thread-1] INFO  raftlog.RaftLog (RaftLogBase.java:lambda$new$0(53)) - omNode-3@group-523986131536-SegmentedRaftLog: commitIndex: updateToMax old=144, new=145, updated? true
2022-10-18 03:54:11,795 [omNode-1@group-523986131536->omNode-2-GrpcLogAppender-LogAppenderDaemon] INFO  server.GrpcLogAppender (GrpcLogAppender.java:installSnapshot(541)) - omNode-1@group-523986131536->omNode-2-GrpcLogAppender: followerNextIndex = 59 but logStartIndex = 61, notify follower to install snapshot-(t:7, i:61)
2022-10-18 03:54:11,795 [omNode-1@group-523986131536->omNode-2-GrpcLogAppender-LogAppenderDaemon] INFO  server.GrpcLogAppender (GrpcLogAppender.java:installSnapshot(549)) - omNode-1@group-523986131536->omNode-2-GrpcLogAppender: send omNode-1->omNode-2#0-t7,notify:(t:7, i:61)
2022-10-18 03:54:11,795 [pool-419-thread-1] INFO  raftlog.RaftLog (RaftLogBase.java:lambda$new$0(53)) - omNode-3@group-523986131536-SegmentedRaftLog: purgeIndex: updateIncreasingly -1 -> 60
2022-10-18 03:54:11,795 [pool-419-thread-1] INFO  server.RaftServerConfigKeys (ConfUtils.java:logGet(46)) - raft.server.snapshot.auto.trigger.enabled = true (custom)
2022-10-18 03:54:11,795 [pool-419-thread-1] INFO  server.RaftServerConfigKeys (ConfUtils.java:logGet(46)) - raft.server.snapshot.auto.trigger.threshold = 50 (custom)
2022-10-18 03:54:11,795 [omNode-2-server-thread1] INFO  server.RaftServer$Division (RaftServerImpl.java:checkInconsistentAppendEntries(1402)) - omNode-2@group-523986131536: Failed appendEntries as snapshot (61) installation is in progress
2022-10-18 03:54:11,796 [omNode-2-server-thread1] INFO  server.RaftServer$Division (RaftServerImpl.java:checkInconsistentAppendEntries(1394)) - omNode-2@group-523986131536: inconsistency entries. Reply:omNode-1<-omNode-2#509:FAIL-t7,INCONSISTENCY,nextIndex=59,followerCommit=58
2022-10-18 03:54:11,795 [pool-419-thread-1] INFO  server.RaftServerConfigKeys (ConfUtils.java:logGet(46)) - raft.server.snapshot.retention.file.num = -1 (default)
2022-10-18 03:54:11,796 [pool-419-thread-1] INFO  server.RaftServerConfigKeys (ConfUtils.java:logGet(46)) - raft.server.log.purge.upto.snapshot.index = true (custom)
2022-10-18 03:54:11,797 [grpc-default-executor-2] INFO  leader.FollowerInfo (FollowerInfoImpl.java:lambda$new$0(48)) - omNode-1@group-523986131536->omNode-2: nextIndex: updateUnconditionally 59 -> 59
2022-10-18 03:54:11,797 [grpc-default-executor-2] INFO  impl.SnapshotInstallationHandler (SnapshotInstallationHandler.java:installSnapshot(84)) - omNode-2@group-523986131536: receive installSnapshot: omNode-1->omNode-2#0-t7,notify:(t:7, i:61)
2022-10-18 03:54:11,797 [grpc-default-executor-2] INFO  impl.SnapshotInstallationHandler (SnapshotInstallationHandler.java:installSnapshot(95)) - omNode-2@group-523986131536: reply installSnapshot: omNode-1<-omNode-2#0:FAIL-t7,IN_PROGRESS
2022-10-18 03:54:11,797 [grpc-default-executor-2] INFO  server.GrpcServerProtocolService (GrpcServerProtocolService.java:onCompleted(140)) - omNode-2: Completed INSTALL_SNAPSHOT, lastRequest: omNode-1->omNode-2#0-t7,notify:(t:7, i:61)
2022-10-18 03:54:11,798 [pool-419-thread-1] INFO  server.RaftServerConfigKeys (ConfUtils.java:logGet(46)) - raft.server.retrycache.expirytime = 30000ms (custom)
2022-10-18 03:54:11,798 [pool-419-thread-1] INFO  server.RaftServerConfigKeys (ConfUtils.java:logGet(46)) - raft.server.retrycache.statistics.expirytime = 100μs (default)
2022-10-18 03:54:11,799 [grpc-default-executor-2] INFO  server.GrpcLogAppender (GrpcLogAppender.java:onNext(403)) - omNode-1@group-523986131536->omNode-2-InstallSnapshotResponseHandler: received a reply omNode-1<-omNode-2#0:FAIL-t7,IN_PROGRESS
2022-10-18 03:54:11,799 [grpc-default-executor-2] INFO  server.GrpcLogAppender (GrpcLogAppender.java:onNext(421)) - omNode-1@group-523986131536->omNode-2-InstallSnapshotResponseHandler: InstallSnapshot in progress.
2022-10-18 03:54:11,799 [omNode-1@group-523986131536->omNode-2-GrpcLogAppender-LogAppenderDaemon] INFO  server.GrpcLogAppender (GrpcLogAppender.java:installSnapshot(541)) - omNode-1@group-523986131536->omNode-2-GrpcLogAppender: followerNextIndex = 59 but logStartIndex = 61, notify follower to install snapshot-(t:7, i:61)
2022-10-18 03:54:11,799 [omNode-1@group-523986131536->omNode-2-GrpcLogAppender-LogAppenderDaemon] INFO  server.GrpcLogAppender (GrpcLogAppender.java:installSnapshot(549)) - omNode-1@group-523986131536->omNode-2-GrpcLogAppender: send omNode-1->omNode-2#0-t7,notify:(t:7, i:61)
2022-10-18 03:54:11,800 [pool-419-thread-1] INFO  server.RaftServerConfigKeys (ConfUtils.java:logGet(46)) - raft.server.log.appender.install.snapshot.enabled = false (custom)
2022-10-18 03:54:11,800 [pool-419-thread-1] INFO  server.RaftServerConfigKeys (ConfUtils.java:logGet(46)) - raft.server.threadpool.server.cached = true (default)
2022-10-18 03:54:11,800 [pool-419-thread-1] INFO  server.RaftServerConfigKeys (ConfUtils.java:logGet(46)) - raft.server.threadpool.server.size = 0 (default)
2022-10-18 03:54:11,800 [pool-419-thread-1] INFO  server.RaftServerConfigKeys (ConfUtils.java:logGet(46)) - raft.server.threadpool.client.cached = true (default)
2022-10-18 03:54:11,800 [pool-419-thread-1] INFO  server.RaftServerConfigKeys (ConfUtils.java:logGet(46)) - raft.server.threadpool.client.size = 0 (default)
2022-10-18 03:54:11,801 [omNode-2-server-thread1] INFO  server.RaftServer$Division (RaftServerImpl.java:checkInconsistentAppendEntries(1402)) - omNode-2@group-523986131536: Failed appendEntries as snapshot (61) installation is in progress
2022-10-18 03:54:11,801 [omNode-2-server-thread1] INFO  server.RaftServer$Division (RaftServerImpl.java:checkInconsistentAppendEntries(1394)) - omNode-2@group-523986131536: inconsistency entries. Reply:omNode-1<-omNode-2#510:FAIL-t7,INCONSISTENCY,nextIndex=59,followerCommit=58
2022-10-18 03:54:11,801 [omNode-3-impl-thread1] INFO  server.RaftServer$Division (RaftServerImpl.java:start(310)) - omNode-3@group-523986131536: start as a follower, conf=61: [omNode-3|rpc:localhost:44279|admin:|client:|dataStream:|priority:0, omNode-1|rpc:localhost:42747|admin:|client:|dataStream:|priority:0, omNode-2|rpc:localhost:37241|admin:|client:|dataStream:|priority:0], old=null
2022-10-18 03:54:11,801 [grpc-default-executor-0] INFO  impl.SnapshotInstallationHandler (SnapshotInstallationHandler.java:installSnapshot(84)) - omNode-2@group-523986131536: receive installSnapshot: omNode-1->omNode-2#0-t7,notify:(t:7, i:61)
2022-10-18 03:54:11,801 [omNode-3-impl-thread1] INFO  server.RaftServer$Division (RaftServerImpl.java:setRole(299)) - omNode-3@group-523986131536: changes role from      null to FOLLOWER at term 7 for startAsFollower
2022-10-18 03:54:11,801 [grpc-default-executor-0] INFO  impl.SnapshotInstallationHandler (SnapshotInstallationHandler.java:installSnapshot(95)) - omNode-2@group-523986131536: reply installSnapshot: omNode-1<-omNode-2#0:FAIL-t7,IN_PROGRESS
2022-10-18 03:54:11,801 [omNode-3-impl-thread1] INFO  impl.RoleInfo (RoleInfo.java:updateAndGet(139)) - omNode-3: start omNode-3@group-523986131536-FollowerState
2022-10-18 03:54:11,801 [grpc-default-executor-0] INFO  server.GrpcServerProtocolService (GrpcServerProtocolService.java:onCompleted(140)) - omNode-2: Completed INSTALL_SNAPSHOT, lastRequest: omNode-1->omNode-2#0-t7,notify:(t:7, i:61)
2022-10-18 03:54:11,802 [grpc-default-executor-2] INFO  leader.FollowerInfo (FollowerInfoImpl.java:lambda$new$0(48)) - omNode-1@group-523986131536->omNode-2: nextIndex: updateUnconditionally 59 -> 59
2022-10-18 03:54:11,802 [grpc-default-executor-2] INFO  server.GrpcLogAppender (GrpcLogAppender.java:onNext(403)) - omNode-1@group-523986131536->omNode-2-InstallSnapshotResponseHandler: received a reply omNode-1<-omNode-2#0:FAIL-t7,IN_PROGRESS
2022-10-18 03:54:11,802 [grpc-default-executor-2] INFO  server.GrpcLogAppender (GrpcLogAppender.java:onNext(421)) - omNode-1@group-523986131536->omNode-2-InstallSnapshotResponseHandler: InstallSnapshot in progress.
2022-10-18 03:54:11,802 [omNode-1@group-523986131536->omNode-2-GrpcLogAppender-LogAppenderDaemon] INFO  server.GrpcLogAppender (GrpcLogAppender.java:installSnapshot(541)) - omNode-1@group-523986131536->omNode-2-GrpcLogAppender: followerNextIndex = 59 but logStartIndex = 61, notify follower to install snapshot-(t:7, i:61)
2022-10-18 03:54:11,803 [omNode-1@group-523986131536->omNode-2-GrpcLogAppender-LogAppenderDaemon] INFO  server.GrpcLogAppender (GrpcLogAppender.java:installSnapshot(549)) - omNode-1@group-523986131536->omNode-2-GrpcLogAppender: send omNode-1->omNode-2#0-t7,notify:(t:7, i:61)
2022-10-18 03:54:11,803 [omNode-2-server-thread1] INFO  server.RaftServer$Division (RaftServerImpl.java:checkInconsistentAppendEntries(1402)) - omNode-2@group-523986131536: Failed appendEntries as snapshot (61) installation is in progress
2022-10-18 03:54:11,803 [omNode-2-server-thread1] INFO  server.RaftServer$Division (RaftServerImpl.java:checkInconsistentAppendEntries(1394)) - omNode-2@group-523986131536: inconsistency entries. Reply:omNode-1<-omNode-2#511:FAIL-t7,INCONSISTENCY,nextIndex=59,followerCommit=58
2022-10-18 03:54:11,804 [grpc-default-executor-2] INFO  impl.SnapshotInstallationHandler (SnapshotInstallationHandler.java:installSnapshot(84)) - omNode-2@group-523986131536: receive installSnapshot: omNode-1->omNode-2#0-t7,notify:(t:7, i:61)
2022-10-18 03:54:11,804 [grpc-default-executor-2] INFO  impl.SnapshotInstallationHandler (SnapshotInstallationHandler.java:installSnapshot(95)) - omNode-2@group-523986131536: reply installSnapshot: omNode-1<-omNode-2#0:FAIL-t7,IN_PROGRESS
2022-10-18 03:54:11,804 [grpc-default-executor-2] INFO  server.GrpcServerProtocolService (GrpcServerProtocolService.java:onCompleted(140)) - omNode-2: Completed INSTALL_SNAPSHOT, lastRequest: omNode-1->omNode-2#0-t7,notify:(t:7, i:61)
2022-10-18 03:54:11,805 [grpc-default-executor-2] INFO  leader.FollowerInfo (FollowerInfoImpl.java:lambda$new$0(48)) - omNode-1@group-523986131536->omNode-2: nextIndex: updateUnconditionally 59 -> 59
2022-10-18 03:54:11,805 [grpc-default-executor-2] INFO  server.GrpcLogAppender (GrpcLogAppender.java:onNext(403)) - omNode-1@group-523986131536->omNode-2-InstallSnapshotResponseHandler: received a reply omNode-1<-omNode-2#0:FAIL-t7,IN_PROGRESS
2022-10-18 03:54:11,805 [grpc-default-executor-2] INFO  server.GrpcLogAppender (GrpcLogAppender.java:onNext(421)) - omNode-1@group-523986131536->omNode-2-InstallSnapshotResponseHandler: InstallSnapshot in progress.
2022-10-18 03:54:11,805 [omNode-1@group-523986131536->omNode-2-GrpcLogAppender-LogAppenderDaemon] INFO  server.GrpcLogAppender (GrpcLogAppender.java:installSnapshot(541)) - omNode-1@group-523986131536->omNode-2-GrpcLogAppender: followerNextIndex = 59 but logStartIndex = 61, notify follower to install snapshot-(t:7, i:61)
2022-10-18 03:54:11,806 [omNode-1@group-523986131536->omNode-2-GrpcLogAppender-LogAppenderDaemon] INFO  server.GrpcLogAppender (GrpcLogAppender.java:installSnapshot(549)) - omNode-1@group-523986131536->omNode-2-GrpcLogAppender: send omNode-1->omNode-2#0-t7,notify:(t:7, i:61)
2022-10-18 03:54:11,806 [omNode-2-server-thread1] INFO  server.RaftServer$Division (RaftServerImpl.java:checkInconsistentAppendEntries(1402)) - omNode-2@group-523986131536: Failed appendEntries as snapshot (61) installation is in progress
2022-10-18 03:54:11,806 [omNode-2-server-thread1] INFO  server.RaftServer$Division (RaftServerImpl.java:checkInconsistentAppendEntries(1394)) - omNode-2@group-523986131536: inconsistency entries. Reply:omNode-1<-omNode-2#512:FAIL-t7,INCONSISTENCY,nextIndex=59,followerCommit=58
2022-10-18 03:54:11,807 [grpc-default-executor-2] INFO  impl.SnapshotInstallationHandler (SnapshotInstallationHandler.java:installSnapshot(84)) - omNode-2@group-523986131536: receive installSnapshot: omNode-1->omNode-2#0-t7,notify:(t:7, i:61)
2022-10-18 03:54:11,807 [grpc-default-executor-2] INFO  impl.SnapshotInstallationHandler (SnapshotInstallationHandler.java:installSnapshot(95)) - omNode-2@group-523986131536: reply installSnapshot: omNode-1<-omNode-2#0:FAIL-t7,IN_PROGRESS
2022-10-18 03:54:11,807 [grpc-default-executor-2] INFO  server.GrpcServerProtocolService (GrpcServerProtocolService.java:onCompleted(140)) - omNode-2: Completed INSTALL_SNAPSHOT, lastRequest: omNode-1->omNode-2#0-t7,notify:(t:7, i:61)
2022-10-18 03:54:11,808 [grpc-default-executor-2] INFO  leader.FollowerInfo (FollowerInfoImpl.java:lambda$new$0(48)) - omNode-1@group-523986131536->omNode-2: nextIndex: updateUnconditionally 59 -> 59
2022-10-18 03:54:11,808 [grpc-default-executor-2] INFO  server.GrpcLogAppender (GrpcLogAppender.java:onNext(403)) - omNode-1@group-523986131536->omNode-2-InstallSnapshotResponseHandler: received a reply omNode-1<-omNode-2#0:FAIL-t7,IN_PROGRESS
2022-10-18 03:54:11,808 [grpc-default-executor-2] INFO  server.GrpcLogAppender (GrpcLogAppender.java:onNext(421)) - omNode-1@group-523986131536->omNode-2-InstallSnapshotResponseHandler: InstallSnapshot in progress.
2022-10-18 03:54:11,810 [omNode-3-impl-thread1] INFO  util.JmxRegister (JmxRegister.java:tryRegister(44)) - Successfully registered JMX Bean with object name Ratis:service=RaftServer,group=group-523986131536,id=omNode-3
2022-10-18 03:54:11,810 [Listener at localhost/37159] INFO  server.RaftServer (RaftServerProxy.java:lambda$start$6(382)) - omNode-3: start RPC server
2022-10-18 03:54:11,818 [omNode-1@group-523986131536->omNode-2-GrpcLogAppender-LogAppenderDaemon] INFO  server.GrpcLogAppender (GrpcLogAppender.java:installSnapshot(541)) - omNode-1@group-523986131536->omNode-2-GrpcLogAppender: followerNextIndex = 59 but logStartIndex = 61, notify follower to install snapshot-(t:7, i:61)
2022-10-18 03:54:11,818 [omNode-1@group-523986131536->omNode-2-GrpcLogAppender-LogAppenderDaemon] INFO  server.GrpcLogAppender (GrpcLogAppender.java:installSnapshot(549)) - omNode-1@group-523986131536->omNode-2-GrpcLogAppender: send omNode-1->omNode-2#0-t7,notify:(t:7, i:61)
2022-10-18 03:54:11,822 [omNode-2-server-thread1] INFO  server.RaftServer$Division (RaftServerImpl.java:checkInconsistentAppendEntries(1402)) - omNode-2@group-523986131536: Failed appendEntries as snapshot (61) installation is in progress
2022-10-18 03:54:11,822 [omNode-2-server-thread1] INFO  server.RaftServer$Division (RaftServerImpl.java:checkInconsistentAppendEntries(1394)) - omNode-2@group-523986131536: inconsistency entries. Reply:omNode-1<-omNode-2#513:FAIL-t7,INCONSISTENCY,nextIndex=59,followerCommit=58
2022-10-18 03:54:11,823 [grpc-default-executor-3] INFO  leader.FollowerInfo (FollowerInfoImpl.java:lambda$new$0(48)) - omNode-1@group-523986131536->omNode-2: nextIndex: updateUnconditionally 59 -> 59
2022-10-18 03:54:11,823 [grpc-default-executor-2] INFO  impl.SnapshotInstallationHandler (SnapshotInstallationHandler.java:installSnapshot(84)) - omNode-2@group-523986131536: receive installSnapshot: omNode-1->omNode-2#0-t7,notify:(t:7, i:61)
2022-10-18 03:54:11,823 [grpc-default-executor-2] INFO  impl.SnapshotInstallationHandler (SnapshotInstallationHandler.java:installSnapshot(95)) - omNode-2@group-523986131536: reply installSnapshot: omNode-1<-omNode-2#0:FAIL-t7,IN_PROGRESS
2022-10-18 03:54:11,824 [grpc-default-executor-2] INFO  server.GrpcServerProtocolService (GrpcServerProtocolService.java:onCompleted(140)) - omNode-2: Completed INSTALL_SNAPSHOT, lastRequest: omNode-1->omNode-2#0-t7,notify:(t:7, i:61)
2022-10-18 03:54:11,827 [Listener at localhost/37159] INFO  server.GrpcService (GrpcService.java:startImpl(260)) - omNode-3: GrpcService started, listening on 44279
2022-10-18 03:54:11,827 [OM StateMachine ApplyTransaction Thread - 0] ERROR key.OMKeysDeleteRequest (OMKeysDeleteRequest.java:validateAndUpdateCache(146)) - Received a request to delete a Key does not exist /volume21700/2d0bc3ba-932b-490c-8f52-fd0eb8a65e0c/dir/file3
2022-10-18 03:54:11,828 [Listener at localhost/37159] INFO  om.OzoneManager (OzoneManager.java:getRpcServer(1101)) - Creating RPC Server
2022-10-18 03:54:11,830 [org.apache.ratis.util.JvmPauseMonitor$$Lambda$703/726954313@13e1191a] INFO  util.JvmPauseMonitor (JvmPauseMonitor.java:run(103)) - JvmPauseMonitor-omNode-3: Started
2022-10-18 03:54:11,839 [grpc-default-executor-2] INFO  server.GrpcLogAppender (GrpcLogAppender.java:onNext(403)) - omNode-1@group-523986131536->omNode-2-InstallSnapshotResponseHandler: received a reply omNode-1<-omNode-2#0:FAIL-t7,IN_PROGRESS
2022-10-18 03:54:11,839 [grpc-default-executor-2] INFO  server.GrpcLogAppender (GrpcLogAppender.java:onNext(421)) - omNode-1@group-523986131536->omNode-2-InstallSnapshotResponseHandler: InstallSnapshot in progress.
2022-10-18 03:54:11,839 [omNode-1@group-523986131536->omNode-2-GrpcLogAppender-LogAppenderDaemon] INFO  server.GrpcLogAppender (GrpcLogAppender.java:installSnapshot(541)) - omNode-1@group-523986131536->omNode-2-GrpcLogAppender: followerNextIndex = 59 but logStartIndex = 61, notify follower to install snapshot-(t:7, i:61)
2022-10-18 03:54:11,840 [omNode-1@group-523986131536->omNode-2-GrpcLogAppender-LogAppenderDaemon] INFO  server.GrpcLogAppender (GrpcLogAppender.java:installSnapshot(549)) - omNode-1@group-523986131536->omNode-2-GrpcLogAppender: send omNode-1->omNode-2#0-t7,notify:(t:7, i:61)
2022-10-18 03:54:11,842 [omNode-2-server-thread1] INFO  server.RaftServer$Division (RaftServerImpl.java:checkInconsistentAppendEntries(1402)) - omNode-2@group-523986131536: Failed appendEntries as snapshot (61) installation is in progress
2022-10-18 03:54:11,842 [omNode-2-server-thread1] INFO  server.RaftServer$Division (RaftServerImpl.java:checkInconsistentAppendEntries(1394)) - omNode-2@group-523986131536: inconsistency entries. Reply:omNode-1<-omNode-2#514:FAIL-t7,INCONSISTENCY,nextIndex=59,followerCommit=58
2022-10-18 03:54:11,843 [grpc-default-executor-3] INFO  impl.SnapshotInstallationHandler (SnapshotInstallationHandler.java:installSnapshot(84)) - omNode-2@group-523986131536: receive installSnapshot: omNode-1->omNode-2#0-t7,notify:(t:7, i:61)
2022-10-18 03:54:11,843 [grpc-default-executor-3] INFO  impl.SnapshotInstallationHandler (SnapshotInstallationHandler.java:installSnapshot(95)) - omNode-2@group-523986131536: reply installSnapshot: omNode-1<-omNode-2#0:FAIL-t7,IN_PROGRESS
2022-10-18 03:54:11,844 [grpc-default-executor-3] INFO  server.GrpcServerProtocolService (GrpcServerProtocolService.java:onCompleted(140)) - omNode-2: Completed INSTALL_SNAPSHOT, lastRequest: omNode-1->omNode-2#0-t7,notify:(t:7, i:61)
2022-10-18 03:54:11,844 [grpc-default-executor-0] INFO  leader.FollowerInfo (FollowerInfoImpl.java:lambda$new$0(48)) - omNode-1@group-523986131536->omNode-2: nextIndex: updateUnconditionally 59 -> 59
2022-10-18 03:54:11,845 [grpc-default-executor-3] INFO  server.GrpcLogAppender (GrpcLogAppender.java:onNext(403)) - omNode-1@group-523986131536->omNode-2-InstallSnapshotResponseHandler: received a reply omNode-1<-omNode-2#0:FAIL-t7,IN_PROGRESS
2022-10-18 03:54:11,846 [grpc-default-executor-3] INFO  server.GrpcLogAppender (GrpcLogAppender.java:onNext(421)) - omNode-1@group-523986131536->omNode-2-InstallSnapshotResponseHandler: InstallSnapshot in progress.
2022-10-18 03:54:11,846 [omNode-1@group-523986131536->omNode-2-GrpcLogAppender-LogAppenderDaemon] INFO  server.GrpcLogAppender (GrpcLogAppender.java:installSnapshot(541)) - omNode-1@group-523986131536->omNode-2-GrpcLogAppender: followerNextIndex = 59 but logStartIndex = 61, notify follower to install snapshot-(t:7, i:61)
2022-10-18 03:54:11,846 [omNode-1@group-523986131536->omNode-2-GrpcLogAppender-LogAppenderDaemon] INFO  server.GrpcLogAppender (GrpcLogAppender.java:installSnapshot(549)) - omNode-1@group-523986131536->omNode-2-GrpcLogAppender: send omNode-1->omNode-2#0-t7,notify:(t:7, i:61)
2022-10-18 03:54:11,857 [omNode-2-server-thread1] INFO  server.RaftServer$Division (RaftServerImpl.java:checkInconsistentAppendEntries(1402)) - omNode-2@group-523986131536: Failed appendEntries as snapshot (61) installation is in progress
2022-10-18 03:54:11,858 [omNode-2-server-thread1] INFO  server.RaftServer$Division (RaftServerImpl.java:checkInconsistentAppendEntries(1394)) - omNode-2@group-523986131536: inconsistency entries. Reply:omNode-1<-omNode-2#515:FAIL-t7,INCONSISTENCY,nextIndex=59,followerCommit=58
2022-10-18 03:54:11,858 [grpc-default-executor-0] INFO  leader.FollowerInfo (FollowerInfoImpl.java:lambda$new$0(48)) - omNode-1@group-523986131536->omNode-2: nextIndex: updateUnconditionally 59 -> 59
2022-10-18 03:54:11,858 [grpc-default-executor-3] INFO  impl.SnapshotInstallationHandler (SnapshotInstallationHandler.java:installSnapshot(84)) - omNode-2@group-523986131536: receive installSnapshot: omNode-1->omNode-2#0-t7,notify:(t:7, i:61)
2022-10-18 03:54:11,859 [grpc-default-executor-3] INFO  impl.SnapshotInstallationHandler (SnapshotInstallationHandler.java:installSnapshot(95)) - omNode-2@group-523986131536: reply installSnapshot: omNode-1<-omNode-2#0:FAIL-t7,IN_PROGRESS
2022-10-18 03:54:11,859 [grpc-default-executor-3] INFO  server.GrpcServerProtocolService (GrpcServerProtocolService.java:onCompleted(140)) - omNode-2: Completed INSTALL_SNAPSHOT, lastRequest: omNode-1->omNode-2#0-t7,notify:(t:7, i:61)
2022-10-18 03:54:11,862 [grpc-default-executor-0] INFO  server.GrpcLogAppender (GrpcLogAppender.java:onNext(403)) - omNode-1@group-523986131536->omNode-2-InstallSnapshotResponseHandler: received a reply omNode-1<-omNode-2#0:FAIL-t7,IN_PROGRESS
2022-10-18 03:54:11,862 [grpc-default-executor-0] INFO  server.GrpcLogAppender (GrpcLogAppender.java:onNext(421)) - omNode-1@group-523986131536->omNode-2-InstallSnapshotResponseHandler: InstallSnapshot in progress.
2022-10-18 03:54:11,863 [omNode-1@group-523986131536->omNode-2-GrpcLogAppender-LogAppenderDaemon] INFO  server.GrpcLogAppender (GrpcLogAppender.java:installSnapshot(541)) - omNode-1@group-523986131536->omNode-2-GrpcLogAppender: followerNextIndex = 59 but logStartIndex = 61, notify follower to install snapshot-(t:7, i:61)
2022-10-18 03:54:11,863 [omNode-1@group-523986131536->omNode-2-GrpcLogAppender-LogAppenderDaemon] INFO  server.GrpcLogAppender (GrpcLogAppender.java:installSnapshot(549)) - omNode-1@group-523986131536->omNode-2-GrpcLogAppender: send omNode-1->omNode-2#0-t7,notify:(t:7, i:61)
2022-10-18 03:54:11,865 [grpc-default-executor-3] INFO  impl.SnapshotInstallationHandler (SnapshotInstallationHandler.java:installSnapshot(84)) - omNode-2@group-523986131536: receive installSnapshot: omNode-1->omNode-2#0-t7,notify:(t:7, i:61)
2022-10-18 03:54:11,865 [grpc-default-executor-3] INFO  impl.SnapshotInstallationHandler (SnapshotInstallationHandler.java:installSnapshot(95)) - omNode-2@group-523986131536: reply installSnapshot: omNode-1<-omNode-2#0:FAIL-t7,IN_PROGRESS
2022-10-18 03:54:11,865 [omNode-2-server-thread1] INFO  server.RaftServer$Division (RaftServerImpl.java:checkInconsistentAppendEntries(1402)) - omNode-2@group-523986131536: Failed appendEntries as snapshot (61) installation is in progress
2022-10-18 03:54:11,865 [omNode-2-server-thread1] INFO  server.RaftServer$Division (RaftServerImpl.java:checkInconsistentAppendEntries(1394)) - omNode-2@group-523986131536: inconsistency entries. Reply:omNode-1<-omNode-2#516:FAIL-t7,INCONSISTENCY,nextIndex=59,followerCommit=58
2022-10-18 03:54:11,866 [grpc-default-executor-0] INFO  server.GrpcLogAppender (GrpcLogAppender.java:onNext(403)) - omNode-1@group-523986131536->omNode-2-InstallSnapshotResponseHandler: received a reply omNode-1<-omNode-2#0:FAIL-t7,IN_PROGRESS
2022-10-18 03:54:11,866 [grpc-default-executor-0] INFO  server.GrpcLogAppender (GrpcLogAppender.java:onNext(421)) - omNode-1@group-523986131536->omNode-2-InstallSnapshotResponseHandler: InstallSnapshot in progress.
2022-10-18 03:54:11,868 [grpc-default-executor-2] INFO  leader.FollowerInfo (FollowerInfoImpl.java:lambda$new$0(48)) - omNode-1@group-523986131536->omNode-2: nextIndex: updateUnconditionally 59 -> 59
2022-10-18 03:54:11,868 [grpc-default-executor-3] INFO  server.GrpcServerProtocolService (GrpcServerProtocolService.java:onCompleted(140)) - omNode-2: Completed INSTALL_SNAPSHOT, lastRequest: omNode-1->omNode-2#0-t7,notify:(t:7, i:61)
2022-10-18 03:54:11,871 [omNode-1@group-523986131536->omNode-2-GrpcLogAppender-LogAppenderDaemon] INFO  server.GrpcLogAppender (GrpcLogAppender.java:installSnapshot(541)) - omNode-1@group-523986131536->omNode-2-GrpcLogAppender: followerNextIndex = 59 but logStartIndex = 61, notify follower to install snapshot-(t:7, i:61)
2022-10-18 03:54:11,871 [omNode-1@group-523986131536->omNode-2-GrpcLogAppender-LogAppenderDaemon] INFO  server.GrpcLogAppender (GrpcLogAppender.java:installSnapshot(549)) - omNode-1@group-523986131536->omNode-2-GrpcLogAppender: send omNode-1->omNode-2#0-t7,notify:(t:7, i:61)
2022-10-18 03:54:11,875 [omNode-2-server-thread1] INFO  server.RaftServer$Division (RaftServerImpl.java:checkInconsistentAppendEntries(1402)) - omNode-2@group-523986131536: Failed appendEntries as snapshot (61) installation is in progress
2022-10-18 03:54:11,875 [omNode-2-server-thread1] INFO  server.RaftServer$Division (RaftServerImpl.java:checkInconsistentAppendEntries(1394)) - omNode-2@group-523986131536: inconsistency entries. Reply:omNode-1<-omNode-2#517:FAIL-t7,INCONSISTENCY,nextIndex=59,followerCommit=58
2022-10-18 03:54:11,876 [grpc-default-executor-3] INFO  impl.SnapshotInstallationHandler (SnapshotInstallationHandler.java:installSnapshot(84)) - omNode-2@group-523986131536: receive installSnapshot: omNode-1->omNode-2#0-t7,notify:(t:7, i:61)
2022-10-18 03:54:11,876 [grpc-default-executor-3] INFO  impl.SnapshotInstallationHandler (SnapshotInstallationHandler.java:installSnapshot(95)) - omNode-2@group-523986131536: reply installSnapshot: omNode-1<-omNode-2#0:FAIL-t7,IN_PROGRESS
2022-10-18 03:54:11,876 [grpc-default-executor-3] INFO  server.GrpcServerProtocolService (GrpcServerProtocolService.java:onCompleted(140)) - omNode-2: Completed INSTALL_SNAPSHOT, lastRequest: omNode-1->omNode-2#0-t7,notify:(t:7, i:61)
2022-10-18 03:54:11,877 [grpc-default-executor-2] INFO  server.GrpcLogAppender (GrpcLogAppender.java:onNext(403)) - omNode-1@group-523986131536->omNode-2-InstallSnapshotResponseHandler: received a reply omNode-1<-omNode-2#0:FAIL-t7,IN_PROGRESS
2022-10-18 03:54:11,877 [grpc-default-executor-2] INFO  server.GrpcLogAppender (GrpcLogAppender.java:onNext(421)) - omNode-1@group-523986131536->omNode-2-InstallSnapshotResponseHandler: InstallSnapshot in progress.
2022-10-18 03:54:11,877 [grpc-default-executor-2] INFO  leader.FollowerInfo (FollowerInfoImpl.java:lambda$new$0(48)) - omNode-1@group-523986131536->omNode-2: nextIndex: updateUnconditionally 59 -> 59
2022-10-18 03:54:11,877 [omNode-1@group-523986131536->omNode-2-GrpcLogAppender-LogAppenderDaemon] INFO  server.GrpcLogAppender (GrpcLogAppender.java:installSnapshot(541)) - omNode-1@group-523986131536->omNode-2-GrpcLogAppender: followerNextIndex = 59 but logStartIndex = 61, notify follower to install snapshot-(t:7, i:61)
2022-10-18 03:54:11,878 [omNode-1@group-523986131536->omNode-2-GrpcLogAppender-LogAppenderDaemon] INFO  server.GrpcLogAppender (GrpcLogAppender.java:installSnapshot(549)) - omNode-1@group-523986131536->omNode-2-GrpcLogAppender: send omNode-1->omNode-2#0-t7,notify:(t:7, i:61)
2022-10-18 03:54:11,878 [omNode-2-server-thread1] INFO  server.RaftServer$Division (RaftServerImpl.java:checkInconsistentAppendEntries(1402)) - omNode-2@group-523986131536: Failed appendEntries as snapshot (61) installation is in progress
2022-10-18 03:54:11,878 [omNode-2-server-thread1] INFO  server.RaftServer$Division (RaftServerImpl.java:checkInconsistentAppendEntries(1394)) - omNode-2@group-523986131536: inconsistency entries. Reply:omNode-1<-omNode-2#518:FAIL-t7,INCONSISTENCY,nextIndex=59,followerCommit=58
2022-10-18 03:54:11,882 [grpc-default-executor-2] INFO  leader.FollowerInfo (FollowerInfoImpl.java:lambda$new$0(48)) - omNode-1@group-523986131536->omNode-2: nextIndex: updateUnconditionally 59 -> 59
2022-10-18 03:54:11,882 [grpc-default-executor-2] INFO  impl.SnapshotInstallationHandler (SnapshotInstallationHandler.java:installSnapshot(84)) - omNode-2@group-523986131536: receive installSnapshot: omNode-1->omNode-2#0-t7,notify:(t:7, i:61)
2022-10-18 03:54:11,883 [grpc-default-executor-2] INFO  impl.SnapshotInstallationHandler (SnapshotInstallationHandler.java:installSnapshot(95)) - omNode-2@group-523986131536: reply installSnapshot: omNode-1<-omNode-2#0:FAIL-t7,IN_PROGRESS
2022-10-18 03:54:11,883 [grpc-default-executor-2] INFO  server.GrpcServerProtocolService (GrpcServerProtocolService.java:onCompleted(140)) - omNode-2: Completed INSTALL_SNAPSHOT, lastRequest: omNode-1->omNode-2#0-t7,notify:(t:7, i:61)
2022-10-18 03:54:11,883 [grpc-default-executor-2] INFO  server.GrpcLogAppender (GrpcLogAppender.java:onNext(403)) - omNode-1@group-523986131536->omNode-2-InstallSnapshotResponseHandler: received a reply omNode-1<-omNode-2#0:FAIL-t7,IN_PROGRESS
2022-10-18 03:54:11,884 [grpc-default-executor-2] INFO  server.GrpcLogAppender (GrpcLogAppender.java:onNext(421)) - omNode-1@group-523986131536->omNode-2-InstallSnapshotResponseHandler: InstallSnapshot in progress.
2022-10-18 03:54:11,884 [omNode-1@group-523986131536->omNode-2-GrpcLogAppender-LogAppenderDaemon] INFO  server.GrpcLogAppender (GrpcLogAppender.java:installSnapshot(541)) - omNode-1@group-523986131536->omNode-2-GrpcLogAppender: followerNextIndex = 59 but logStartIndex = 61, notify follower to install snapshot-(t:7, i:61)
2022-10-18 03:54:11,884 [omNode-1@group-523986131536->omNode-2-GrpcLogAppender-LogAppenderDaemon] INFO  server.GrpcLogAppender (GrpcLogAppender.java:installSnapshot(549)) - omNode-1@group-523986131536->omNode-2-GrpcLogAppender: send omNode-1->omNode-2#0-t7,notify:(t:7, i:61)
2022-10-18 03:54:11,885 [omNode-2-server-thread1] INFO  server.RaftServer$Division (RaftServerImpl.java:checkInconsistentAppendEntries(1402)) - omNode-2@group-523986131536: Failed appendEntries as snapshot (61) installation is in progress
2022-10-18 03:54:11,885 [omNode-2-server-thread1] INFO  server.RaftServer$Division (RaftServerImpl.java:checkInconsistentAppendEntries(1394)) - omNode-2@group-523986131536: inconsistency entries. Reply:omNode-1<-omNode-2#519:FAIL-t7,INCONSISTENCY,nextIndex=59,followerCommit=58
2022-10-18 03:54:11,886 [grpc-default-executor-2] INFO  leader.FollowerInfo (FollowerInfoImpl.java:lambda$new$0(48)) - omNode-1@group-523986131536->omNode-2: nextIndex: updateUnconditionally 59 -> 59
2022-10-18 03:54:11,886 [grpc-default-executor-2] INFO  impl.SnapshotInstallationHandler (SnapshotInstallationHandler.java:installSnapshot(84)) - omNode-2@group-523986131536: receive installSnapshot: omNode-1->omNode-2#0-t7,notify:(t:7, i:61)
2022-10-18 03:54:11,887 [grpc-default-executor-2] INFO  impl.SnapshotInstallationHandler (SnapshotInstallationHandler.java:installSnapshot(95)) - omNode-2@group-523986131536: reply installSnapshot: omNode-1<-omNode-2#0:FAIL-t7,IN_PROGRESS
2022-10-18 03:54:11,887 [grpc-default-executor-2] INFO  server.GrpcServerProtocolService (GrpcServerProtocolService.java:onCompleted(140)) - omNode-2: Completed INSTALL_SNAPSHOT, lastRequest: omNode-1->omNode-2#0-t7,notify:(t:7, i:61)
2022-10-18 03:54:11,888 [grpc-default-executor-2] INFO  server.GrpcLogAppender (GrpcLogAppender.java:onNext(403)) - omNode-1@group-523986131536->omNode-2-InstallSnapshotResponseHandler: received a reply omNode-1<-omNode-2#0:FAIL-t7,IN_PROGRESS
2022-10-18 03:54:11,888 [grpc-default-executor-2] INFO  server.GrpcLogAppender (GrpcLogAppender.java:onNext(421)) - omNode-1@group-523986131536->omNode-2-InstallSnapshotResponseHandler: InstallSnapshot in progress.
2022-10-18 03:54:11,889 [omNode-1@group-523986131536->omNode-2-GrpcLogAppender-LogAppenderDaemon] INFO  server.GrpcLogAppender (GrpcLogAppender.java:installSnapshot(541)) - omNode-1@group-523986131536->omNode-2-GrpcLogAppender: followerNextIndex = 59 but logStartIndex = 61, notify follower to install snapshot-(t:7, i:61)
2022-10-18 03:54:11,889 [omNode-1@group-523986131536->omNode-2-GrpcLogAppender-LogAppenderDaemon] INFO  server.GrpcLogAppender (GrpcLogAppender.java:installSnapshot(549)) - omNode-1@group-523986131536->omNode-2-GrpcLogAppender: send omNode-1->omNode-2#0-t7,notify:(t:7, i:61)
2022-10-18 03:54:11,891 [omNode-2-server-thread1] INFO  server.RaftServer$Division (RaftServerImpl.java:checkInconsistentAppendEntries(1402)) - omNode-2@group-523986131536: Failed appendEntries as snapshot (61) installation is in progress
2022-10-18 03:54:11,891 [omNode-2-server-thread1] INFO  server.RaftServer$Division (RaftServerImpl.java:checkInconsistentAppendEntries(1394)) - omNode-2@group-523986131536: inconsistency entries. Reply:omNode-1<-omNode-2#520:FAIL-t7,INCONSISTENCY,nextIndex=59,followerCommit=58
2022-10-18 03:54:11,891 [grpc-default-executor-3] INFO  impl.SnapshotInstallationHandler (SnapshotInstallationHandler.java:installSnapshot(84)) - omNode-2@group-523986131536: receive installSnapshot: omNode-1->omNode-2#0-t7,notify:(t:7, i:61)
2022-10-18 03:54:11,891 [grpc-default-executor-3] INFO  impl.SnapshotInstallationHandler (SnapshotInstallationHandler.java:installSnapshot(95)) - omNode-2@group-523986131536: reply installSnapshot: omNode-1<-omNode-2#0:FAIL-t7,IN_PROGRESS
2022-10-18 03:54:11,891 [grpc-default-executor-2] INFO  leader.FollowerInfo (FollowerInfoImpl.java:lambda$new$0(48)) - omNode-1@group-523986131536->omNode-2: nextIndex: updateUnconditionally 59 -> 59
2022-10-18 03:54:11,891 [grpc-default-executor-3] INFO  server.GrpcServerProtocolService (GrpcServerProtocolService.java:onCompleted(140)) - omNode-2: Completed INSTALL_SNAPSHOT, lastRequest: omNode-1->omNode-2#0-t7,notify:(t:7, i:61)
2022-10-18 03:54:11,892 [grpc-default-executor-2] INFO  server.GrpcLogAppender (GrpcLogAppender.java:onNext(403)) - omNode-1@group-523986131536->omNode-2-InstallSnapshotResponseHandler: received a reply omNode-1<-omNode-2#0:FAIL-t7,IN_PROGRESS
2022-10-18 03:54:11,892 [grpc-default-executor-2] INFO  server.GrpcLogAppender (GrpcLogAppender.java:onNext(421)) - omNode-1@group-523986131536->omNode-2-InstallSnapshotResponseHandler: InstallSnapshot in progress.
2022-10-18 03:54:11,892 [omNode-1@group-523986131536->omNode-2-GrpcLogAppender-LogAppenderDaemon] INFO  server.GrpcLogAppender (GrpcLogAppender.java:installSnapshot(541)) - omNode-1@group-523986131536->omNode-2-GrpcLogAppender: followerNextIndex = 59 but logStartIndex = 61, notify follower to install snapshot-(t:7, i:61)
2022-10-18 03:54:11,892 [omNode-1@group-523986131536->omNode-2-GrpcLogAppender-LogAppenderDaemon] INFO  server.GrpcLogAppender (GrpcLogAppender.java:installSnapshot(549)) - omNode-1@group-523986131536->omNode-2-GrpcLogAppender: send omNode-1->omNode-2#0-t7,notify:(t:7, i:61)
2022-10-18 03:54:11,897 [omNode-2-server-thread1] INFO  server.RaftServer$Division (RaftServerImpl.java:checkInconsistentAppendEntries(1402)) - omNode-2@group-523986131536: Failed appendEntries as snapshot (61) installation is in progress
2022-10-18 03:54:11,897 [omNode-2-server-thread1] INFO  server.RaftServer$Division (RaftServerImpl.java:checkInconsistentAppendEntries(1394)) - omNode-2@group-523986131536: inconsistency entries. Reply:omNode-1<-omNode-2#521:FAIL-t7,INCONSISTENCY,nextIndex=59,followerCommit=58
2022-10-18 03:54:11,897 [grpc-default-executor-3] INFO  impl.SnapshotInstallationHandler (SnapshotInstallationHandler.java:installSnapshot(84)) - omNode-2@group-523986131536: receive installSnapshot: omNode-1->omNode-2#0-t7,notify:(t:7, i:61)
2022-10-18 03:54:11,898 [grpc-default-executor-3] INFO  impl.SnapshotInstallationHandler (SnapshotInstallationHandler.java:installSnapshot(95)) - omNode-2@group-523986131536: reply installSnapshot: omNode-1<-omNode-2#0:FAIL-t7,IN_PROGRESS
2022-10-18 03:54:11,898 [grpc-default-executor-2] INFO  leader.FollowerInfo (FollowerInfoImpl.java:lambda$new$0(48)) - omNode-1@group-523986131536->omNode-2: nextIndex: updateUnconditionally 59 -> 59
2022-10-18 03:54:11,898 [grpc-default-executor-3] INFO  server.GrpcServerProtocolService (GrpcServerProtocolService.java:onCompleted(140)) - omNode-2: Completed INSTALL_SNAPSHOT, lastRequest: omNode-1->omNode-2#0-t7,notify:(t:7, i:61)
2022-10-18 03:54:11,898 [grpc-default-executor-3] INFO  server.GrpcLogAppender (GrpcLogAppender.java:onNext(403)) - omNode-1@group-523986131536->omNode-2-InstallSnapshotResponseHandler: received a reply omNode-1<-omNode-2#0:FAIL-t7,IN_PROGRESS
2022-10-18 03:54:11,898 [grpc-default-executor-3] INFO  server.GrpcLogAppender (GrpcLogAppender.java:onNext(421)) - omNode-1@group-523986131536->omNode-2-InstallSnapshotResponseHandler: InstallSnapshot in progress.
2022-10-18 03:54:11,899 [omNode-1@group-523986131536->omNode-2-GrpcLogAppender-LogAppenderDaemon] INFO  server.GrpcLogAppender (GrpcLogAppender.java:installSnapshot(541)) - omNode-1@group-523986131536->omNode-2-GrpcLogAppender: followerNextIndex = 59 but logStartIndex = 61, notify follower to install snapshot-(t:7, i:61)
2022-10-18 03:54:11,899 [omNode-1@group-523986131536->omNode-2-GrpcLogAppender-LogAppenderDaemon] INFO  server.GrpcLogAppender (GrpcLogAppender.java:installSnapshot(549)) - omNode-1@group-523986131536->omNode-2-GrpcLogAppender: send omNode-1->omNode-2#0-t7,notify:(t:7, i:61)
2022-10-18 03:54:11,899 [omNode-2-server-thread1] INFO  server.RaftServer$Division (RaftServerImpl.java:checkInconsistentAppendEntries(1402)) - omNode-2@group-523986131536: Failed appendEntries as snapshot (61) installation is in progress
2022-10-18 03:54:11,899 [omNode-2-server-thread1] INFO  server.RaftServer$Division (RaftServerImpl.java:checkInconsistentAppendEntries(1394)) - omNode-2@group-523986131536: inconsistency entries. Reply:omNode-1<-omNode-2#522:FAIL-t7,INCONSISTENCY,nextIndex=59,followerCommit=58
2022-10-18 03:54:11,900 [grpc-default-executor-3] INFO  impl.SnapshotInstallationHandler (SnapshotInstallationHandler.java:installSnapshot(84)) - omNode-2@group-523986131536: receive installSnapshot: omNode-1->omNode-2#0-t7,notify:(t:7, i:61)
2022-10-18 03:54:11,900 [grpc-default-executor-2] INFO  leader.FollowerInfo (FollowerInfoImpl.java:lambda$new$0(48)) - omNode-1@group-523986131536->omNode-2: nextIndex: updateUnconditionally 59 -> 59
2022-10-18 03:54:11,900 [grpc-default-executor-3] INFO  impl.SnapshotInstallationHandler (SnapshotInstallationHandler.java:installSnapshot(95)) - omNode-2@group-523986131536: reply installSnapshot: omNode-1<-omNode-2#0:FAIL-t7,IN_PROGRESS
2022-10-18 03:54:11,900 [grpc-default-executor-3] INFO  server.GrpcServerProtocolService (GrpcServerProtocolService.java:onCompleted(140)) - omNode-2: Completed INSTALL_SNAPSHOT, lastRequest: omNode-1->omNode-2#0-t7,notify:(t:7, i:61)
2022-10-18 03:54:11,901 [grpc-default-executor-2] INFO  server.GrpcLogAppender (GrpcLogAppender.java:onNext(403)) - omNode-1@group-523986131536->omNode-2-InstallSnapshotResponseHandler: received a reply omNode-1<-omNode-2#0:FAIL-t7,IN_PROGRESS
2022-10-18 03:54:11,901 [grpc-default-executor-2] INFO  server.GrpcLogAppender (GrpcLogAppender.java:onNext(421)) - omNode-1@group-523986131536->omNode-2-InstallSnapshotResponseHandler: InstallSnapshot in progress.
2022-10-18 03:54:11,901 [omNode-1@group-523986131536->omNode-2-GrpcLogAppender-LogAppenderDaemon] INFO  server.GrpcLogAppender (GrpcLogAppender.java:installSnapshot(541)) - omNode-1@group-523986131536->omNode-2-GrpcLogAppender: followerNextIndex = 59 but logStartIndex = 61, notify follower to install snapshot-(t:7, i:61)
2022-10-18 03:54:11,901 [omNode-1@group-523986131536->omNode-2-GrpcLogAppender-LogAppenderDaemon] INFO  server.GrpcLogAppender (GrpcLogAppender.java:installSnapshot(549)) - omNode-1@group-523986131536->omNode-2-GrpcLogAppender: send omNode-1->omNode-2#0-t7,notify:(t:7, i:61)
2022-10-18 03:54:11,902 [omNode-2-server-thread1] INFO  server.RaftServer$Division (RaftServerImpl.java:checkInconsistentAppendEntries(1402)) - omNode-2@group-523986131536: Failed appendEntries as snapshot (61) installation is in progress
2022-10-18 03:54:11,902 [omNode-2-server-thread1] INFO  server.RaftServer$Division (RaftServerImpl.java:checkInconsistentAppendEntries(1394)) - omNode-2@group-523986131536: inconsistency entries. Reply:omNode-1<-omNode-2#523:FAIL-t7,INCONSISTENCY,nextIndex=59,followerCommit=58
2022-10-18 03:54:11,903 [grpc-default-executor-2] INFO  leader.FollowerInfo (FollowerInfoImpl.java:lambda$new$0(48)) - omNode-1@group-523986131536->omNode-2: nextIndex: updateUnconditionally 59 -> 59
2022-10-18 03:54:11,903 [grpc-default-executor-2] INFO  impl.SnapshotInstallationHandler (SnapshotInstallationHandler.java:installSnapshot(84)) - omNode-2@group-523986131536: receive installSnapshot: omNode-1->omNode-2#0-t7,notify:(t:7, i:61)
2022-10-18 03:54:11,903 [grpc-default-executor-2] INFO  impl.SnapshotInstallationHandler (SnapshotInstallationHandler.java:installSnapshot(95)) - omNode-2@group-523986131536: reply installSnapshot: omNode-1<-omNode-2#0:FAIL-t7,IN_PROGRESS
2022-10-18 03:54:11,903 [grpc-default-executor-2] INFO  server.GrpcServerProtocolService (GrpcServerProtocolService.java:onCompleted(140)) - omNode-2: Completed INSTALL_SNAPSHOT, lastRequest: omNode-1->omNode-2#0-t7,notify:(t:7, i:61)
2022-10-18 03:54:11,904 [grpc-default-executor-2] INFO  server.GrpcLogAppender (GrpcLogAppender.java:onNext(403)) - omNode-1@group-523986131536->omNode-2-InstallSnapshotResponseHandler: received a reply omNode-1<-omNode-2#0:FAIL-t7,IN_PROGRESS
2022-10-18 03:54:11,904 [grpc-default-executor-2] INFO  server.GrpcLogAppender (GrpcLogAppender.java:onNext(421)) - omNode-1@group-523986131536->omNode-2-InstallSnapshotResponseHandler: InstallSnapshot in progress.
2022-10-18 03:54:11,904 [omNode-1@group-523986131536->omNode-2-GrpcLogAppender-LogAppenderDaemon] INFO  server.GrpcLogAppender (GrpcLogAppender.java:installSnapshot(541)) - omNode-1@group-523986131536->omNode-2-GrpcLogAppender: followerNextIndex = 59 but logStartIndex = 61, notify follower to install snapshot-(t:7, i:61)
2022-10-18 03:54:11,904 [omNode-1@group-523986131536->omNode-2-GrpcLogAppender-LogAppenderDaemon] INFO  server.GrpcLogAppender (GrpcLogAppender.java:installSnapshot(549)) - omNode-1@group-523986131536->omNode-2-GrpcLogAppender: send omNode-1->omNode-2#0-t7,notify:(t:7, i:61)
2022-10-18 03:54:11,905 [omNode-2-server-thread1] INFO  server.RaftServer$Division (RaftServerImpl.java:checkInconsistentAppendEntries(1402)) - omNode-2@group-523986131536: Failed appendEntries as snapshot (61) installation is in progress
2022-10-18 03:54:11,905 [omNode-2-server-thread1] INFO  server.RaftServer$Division (RaftServerImpl.java:checkInconsistentAppendEntries(1394)) - omNode-2@group-523986131536: inconsistency entries. Reply:omNode-1<-omNode-2#524:FAIL-t7,INCONSISTENCY,nextIndex=59,followerCommit=58
2022-10-18 03:54:11,906 [grpc-default-executor-2] INFO  impl.SnapshotInstallationHandler (SnapshotInstallationHandler.java:installSnapshot(84)) - omNode-2@group-523986131536: receive installSnapshot: omNode-1->omNode-2#0-t7,notify:(t:7, i:61)
2022-10-18 03:54:11,906 [grpc-default-executor-2] INFO  impl.SnapshotInstallationHandler (SnapshotInstallationHandler.java:installSnapshot(95)) - omNode-2@group-523986131536: reply installSnapshot: omNode-1<-omNode-2#0:FAIL-t7,IN_PROGRESS
2022-10-18 03:54:11,906 [grpc-default-executor-2] INFO  server.GrpcServerProtocolService (GrpcServerProtocolService.java:onCompleted(140)) - omNode-2: Completed INSTALL_SNAPSHOT, lastRequest: omNode-1->omNode-2#0-t7,notify:(t:7, i:61)
2022-10-18 03:54:11,906 [grpc-default-executor-2] INFO  leader.FollowerInfo (FollowerInfoImpl.java:lambda$new$0(48)) - omNode-1@group-523986131536->omNode-2: nextIndex: updateUnconditionally 59 -> 59
2022-10-18 03:54:11,908 [grpc-default-executor-2] INFO  server.GrpcLogAppender (GrpcLogAppender.java:onNext(403)) - omNode-1@group-523986131536->omNode-2-InstallSnapshotResponseHandler: received a reply omNode-1<-omNode-2#0:FAIL-t7,IN_PROGRESS
2022-10-18 03:54:11,908 [grpc-default-executor-2] INFO  server.GrpcLogAppender (GrpcLogAppender.java:onNext(421)) - omNode-1@group-523986131536->omNode-2-InstallSnapshotResponseHandler: InstallSnapshot in progress.
2022-10-18 03:54:11,908 [omNode-1@group-523986131536->omNode-2-GrpcLogAppender-LogAppenderDaemon] INFO  server.GrpcLogAppender (GrpcLogAppender.java:installSnapshot(541)) - omNode-1@group-523986131536->omNode-2-GrpcLogAppender: followerNextIndex = 59 but logStartIndex = 61, notify follower to install snapshot-(t:7, i:61)
2022-10-18 03:54:11,908 [omNode-1@group-523986131536->omNode-2-GrpcLogAppender-LogAppenderDaemon] INFO  server.GrpcLogAppender (GrpcLogAppender.java:installSnapshot(549)) - omNode-1@group-523986131536->omNode-2-GrpcLogAppender: send omNode-1->omNode-2#0-t7,notify:(t:7, i:61)
2022-10-18 03:54:11,910 [omNode-2-server-thread1] INFO  server.RaftServer$Division (RaftServerImpl.java:checkInconsistentAppendEntries(1402)) - omNode-2@group-523986131536: Failed appendEntries as snapshot (61) installation is in progress
2022-10-18 03:54:11,911 [omNode-2-server-thread1] INFO  server.RaftServer$Division (RaftServerImpl.java:checkInconsistentAppendEntries(1394)) - omNode-2@group-523986131536: inconsistency entries. Reply:omNode-1<-omNode-2#525:FAIL-t7,INCONSISTENCY,nextIndex=59,followerCommit=58
2022-10-18 03:54:11,911 [grpc-default-executor-3] INFO  impl.SnapshotInstallationHandler (SnapshotInstallationHandler.java:installSnapshot(84)) - omNode-2@group-523986131536: receive installSnapshot: omNode-1->omNode-2#0-t7,notify:(t:7, i:61)
2022-10-18 03:54:11,911 [grpc-default-executor-3] INFO  impl.SnapshotInstallationHandler (SnapshotInstallationHandler.java:installSnapshot(95)) - omNode-2@group-523986131536: reply installSnapshot: omNode-1<-omNode-2#0:FAIL-t7,IN_PROGRESS
2022-10-18 03:54:11,911 [grpc-default-executor-2] INFO  server.GrpcServerProtocolService (GrpcServerProtocolService.java:onCompleted(140)) - omNode-2: Completed INSTALL_SNAPSHOT, lastRequest: omNode-1->omNode-2#0-t7,notify:(t:7, i:61)
2022-10-18 03:54:11,912 [grpc-default-executor-2] INFO  server.GrpcLogAppender (GrpcLogAppender.java:onNext(403)) - omNode-1@group-523986131536->omNode-2-InstallSnapshotResponseHandler: received a reply omNode-1<-omNode-2#0:FAIL-t7,IN_PROGRESS
2022-10-18 03:54:11,912 [grpc-default-executor-2] INFO  server.GrpcLogAppender (GrpcLogAppender.java:onNext(421)) - omNode-1@group-523986131536->omNode-2-InstallSnapshotResponseHandler: InstallSnapshot in progress.
2022-10-18 03:54:11,912 [omNode-1@group-523986131536->omNode-2-GrpcLogAppender-LogAppenderDaemon] INFO  server.GrpcLogAppender (GrpcLogAppender.java:installSnapshot(541)) - omNode-1@group-523986131536->omNode-2-GrpcLogAppender: followerNextIndex = 59 but logStartIndex = 61, notify follower to install snapshot-(t:7, i:61)
2022-10-18 03:54:11,912 [grpc-default-executor-2] INFO  leader.FollowerInfo (FollowerInfoImpl.java:lambda$new$0(48)) - omNode-1@group-523986131536->omNode-2: nextIndex: updateUnconditionally 59 -> 59
2022-10-18 03:54:11,912 [omNode-1@group-523986131536->omNode-2-GrpcLogAppender-LogAppenderDaemon] INFO  server.GrpcLogAppender (GrpcLogAppender.java:installSnapshot(549)) - omNode-1@group-523986131536->omNode-2-GrpcLogAppender: send omNode-1->omNode-2#0-t7,notify:(t:7, i:61)
2022-10-18 03:54:11,913 [omNode-2-server-thread1] INFO  server.RaftServer$Division (RaftServerImpl.java:checkInconsistentAppendEntries(1402)) - omNode-2@group-523986131536: Failed appendEntries as snapshot (61) installation is in progress
2022-10-18 03:54:11,913 [omNode-2-server-thread1] INFO  server.RaftServer$Division (RaftServerImpl.java:checkInconsistentAppendEntries(1394)) - omNode-2@group-523986131536: inconsistency entries. Reply:omNode-1<-omNode-2#526:FAIL-t7,INCONSISTENCY,nextIndex=59,followerCommit=58
2022-10-18 03:54:11,913 [grpc-default-executor-3] INFO  leader.FollowerInfo (FollowerInfoImpl.java:lambda$new$0(48)) - omNode-1@group-523986131536->omNode-2: nextIndex: updateUnconditionally 59 -> 59
2022-10-18 03:54:11,914 [grpc-default-executor-3] INFO  impl.SnapshotInstallationHandler (SnapshotInstallationHandler.java:installSnapshot(84)) - omNode-2@group-523986131536: receive installSnapshot: omNode-1->omNode-2#0-t7,notify:(t:7, i:61)
2022-10-18 03:54:11,914 [grpc-default-executor-3] INFO  impl.SnapshotInstallationHandler (SnapshotInstallationHandler.java:installSnapshot(95)) - omNode-2@group-523986131536: reply installSnapshot: omNode-1<-omNode-2#0:FAIL-t7,IN_PROGRESS
2022-10-18 03:54:11,914 [grpc-default-executor-3] INFO  server.GrpcServerProtocolService (GrpcServerProtocolService.java:onCompleted(140)) - omNode-2: Completed INSTALL_SNAPSHOT, lastRequest: omNode-1->omNode-2#0-t7,notify:(t:7, i:61)
2022-10-18 03:54:11,915 [grpc-default-executor-3] INFO  server.GrpcLogAppender (GrpcLogAppender.java:onNext(403)) - omNode-1@group-523986131536->omNode-2-InstallSnapshotResponseHandler: received a reply omNode-1<-omNode-2#0:FAIL-t7,IN_PROGRESS
2022-10-18 03:54:11,915 [grpc-default-executor-3] INFO  server.GrpcLogAppender (GrpcLogAppender.java:onNext(421)) - omNode-1@group-523986131536->omNode-2-InstallSnapshotResponseHandler: InstallSnapshot in progress.
2022-10-18 03:54:11,917 [omNode-1@group-523986131536->omNode-2-GrpcLogAppender-LogAppenderDaemon] INFO  server.GrpcLogAppender (GrpcLogAppender.java:installSnapshot(541)) - omNode-1@group-523986131536->omNode-2-GrpcLogAppender: followerNextIndex = 59 but logStartIndex = 61, notify follower to install snapshot-(t:7, i:61)
2022-10-18 03:54:11,917 [omNode-1@group-523986131536->omNode-2-GrpcLogAppender-LogAppenderDaemon] INFO  server.GrpcLogAppender (GrpcLogAppender.java:installSnapshot(549)) - omNode-1@group-523986131536->omNode-2-GrpcLogAppender: send omNode-1->omNode-2#0-t7,notify:(t:7, i:61)
2022-10-18 03:54:11,918 [omNode-2-server-thread1] INFO  server.RaftServer$Division (RaftServerImpl.java:checkInconsistentAppendEntries(1402)) - omNode-2@group-523986131536: Failed appendEntries as snapshot (61) installation is in progress
2022-10-18 03:54:11,918 [omNode-2-server-thread1] INFO  server.RaftServer$Division (RaftServerImpl.java:checkInconsistentAppendEntries(1394)) - omNode-2@group-523986131536: inconsistency entries. Reply:omNode-1<-omNode-2#527:FAIL-t7,INCONSISTENCY,nextIndex=59,followerCommit=58
2022-10-18 03:54:11,918 [grpc-default-executor-2] INFO  impl.SnapshotInstallationHandler (SnapshotInstallationHandler.java:installSnapshot(84)) - omNode-2@group-523986131536: receive installSnapshot: omNode-1->omNode-2#0-t7,notify:(t:7, i:61)
2022-10-18 03:54:11,918 [grpc-default-executor-2] INFO  impl.SnapshotInstallationHandler (SnapshotInstallationHandler.java:installSnapshot(95)) - omNode-2@group-523986131536: reply installSnapshot: omNode-1<-omNode-2#0:FAIL-t7,IN_PROGRESS
2022-10-18 03:54:11,919 [grpc-default-executor-3] INFO  server.GrpcServerProtocolService (GrpcServerProtocolService.java:onCompleted(140)) - omNode-2: Completed INSTALL_SNAPSHOT, lastRequest: omNode-1->omNode-2#0-t7,notify:(t:7, i:61)
2022-10-18 03:54:11,919 [grpc-default-executor-3] INFO  server.GrpcLogAppender (GrpcLogAppender.java:onNext(403)) - omNode-1@group-523986131536->omNode-2-InstallSnapshotResponseHandler: received a reply omNode-1<-omNode-2#0:FAIL-t7,IN_PROGRESS
2022-10-18 03:54:11,919 [grpc-default-executor-3] INFO  server.GrpcLogAppender (GrpcLogAppender.java:onNext(421)) - omNode-1@group-523986131536->omNode-2-InstallSnapshotResponseHandler: InstallSnapshot in progress.
2022-10-18 03:54:11,920 [omNode-1@group-523986131536->omNode-2-GrpcLogAppender-LogAppenderDaemon] INFO  server.GrpcLogAppender (GrpcLogAppender.java:installSnapshot(541)) - omNode-1@group-523986131536->omNode-2-GrpcLogAppender: followerNextIndex = 59 but logStartIndex = 61, notify follower to install snapshot-(t:7, i:61)
2022-10-18 03:54:11,920 [omNode-1@group-523986131536->omNode-2-GrpcLogAppender-LogAppenderDaemon] INFO  server.GrpcLogAppender (GrpcLogAppender.java:installSnapshot(549)) - omNode-1@group-523986131536->omNode-2-GrpcLogAppender: send omNode-1->omNode-2#0-t7,notify:(t:7, i:61)
2022-10-18 03:54:11,920 [grpc-default-executor-3] INFO  leader.FollowerInfo (FollowerInfoImpl.java:lambda$new$0(48)) - omNode-1@group-523986131536->omNode-2: nextIndex: updateUnconditionally 59 -> 59
2022-10-18 03:54:11,921 [omNode-2-server-thread1] INFO  server.RaftServer$Division (RaftServerImpl.java:checkInconsistentAppendEntries(1402)) - omNode-2@group-523986131536: Failed appendEntries as snapshot (61) installation is in progress
2022-10-18 03:54:11,921 [grpc-default-executor-2] INFO  impl.SnapshotInstallationHandler (SnapshotInstallationHandler.java:installSnapshot(84)) - omNode-2@group-523986131536: receive installSnapshot: omNode-1->omNode-2#0-t7,notify:(t:7, i:61)
2022-10-18 03:54:11,921 [omNode-2-server-thread1] INFO  server.RaftServer$Division (RaftServerImpl.java:checkInconsistentAppendEntries(1394)) - omNode-2@group-523986131536: inconsistency entries. Reply:omNode-1<-omNode-2#528:FAIL-t7,INCONSISTENCY,nextIndex=59,followerCommit=58
2022-10-18 03:54:11,921 [grpc-default-executor-2] INFO  impl.SnapshotInstallationHandler (SnapshotInstallationHandler.java:installSnapshot(95)) - omNode-2@group-523986131536: reply installSnapshot: omNode-1<-omNode-2#0:FAIL-t7,IN_PROGRESS
2022-10-18 03:54:11,922 [grpc-default-executor-2] INFO  server.GrpcServerProtocolService (GrpcServerProtocolService.java:onCompleted(140)) - omNode-2: Completed INSTALL_SNAPSHOT, lastRequest: omNode-1->omNode-2#0-t7,notify:(t:7, i:61)
2022-10-18 03:54:11,924 [grpc-default-executor-3] INFO  server.GrpcLogAppender (GrpcLogAppender.java:onNext(403)) - omNode-1@group-523986131536->omNode-2-InstallSnapshotResponseHandler: received a reply omNode-1<-omNode-2#0:FAIL-t7,IN_PROGRESS
2022-10-18 03:54:11,924 [grpc-default-executor-3] INFO  server.GrpcLogAppender (GrpcLogAppender.java:onNext(421)) - omNode-1@group-523986131536->omNode-2-InstallSnapshotResponseHandler: InstallSnapshot in progress.
2022-10-18 03:54:11,927 [omNode-1@group-523986131536->omNode-2-GrpcLogAppender-LogAppenderDaemon] INFO  server.GrpcLogAppender (GrpcLogAppender.java:installSnapshot(541)) - omNode-1@group-523986131536->omNode-2-GrpcLogAppender: followerNextIndex = 59 but logStartIndex = 61, notify follower to install snapshot-(t:7, i:61)
2022-10-18 03:54:11,927 [omNode-1@group-523986131536->omNode-2-GrpcLogAppender-LogAppenderDaemon] INFO  server.GrpcLogAppender (GrpcLogAppender.java:installSnapshot(549)) - omNode-1@group-523986131536->omNode-2-GrpcLogAppender: send omNode-1->omNode-2#0-t7,notify:(t:7, i:61)
2022-10-18 03:54:11,927 [grpc-default-executor-3] INFO  leader.FollowerInfo (FollowerInfoImpl.java:lambda$new$0(48)) - omNode-1@group-523986131536->omNode-2: nextIndex: updateUnconditionally 59 -> 59
2022-10-18 03:54:11,928 [omNode-2-server-thread1] INFO  server.RaftServer$Division (RaftServerImpl.java:checkInconsistentAppendEntries(1402)) - omNode-2@group-523986131536: Failed appendEntries as snapshot (61) installation is in progress
2022-10-18 03:54:11,928 [omNode-2-server-thread1] INFO  server.RaftServer$Division (RaftServerImpl.java:checkInconsistentAppendEntries(1394)) - omNode-2@group-523986131536: inconsistency entries. Reply:omNode-1<-omNode-2#529:FAIL-t7,INCONSISTENCY,nextIndex=59,followerCommit=58
2022-10-18 03:54:11,928 [grpc-default-executor-2] INFO  impl.SnapshotInstallationHandler (SnapshotInstallationHandler.java:installSnapshot(84)) - omNode-2@group-523986131536: receive installSnapshot: omNode-1->omNode-2#0-t7,notify:(t:7, i:61)
2022-10-18 03:54:11,929 [grpc-default-executor-2] INFO  impl.SnapshotInstallationHandler (SnapshotInstallationHandler.java:installSnapshot(95)) - omNode-2@group-523986131536: reply installSnapshot: omNode-1<-omNode-2#0:FAIL-t7,IN_PROGRESS
2022-10-18 03:54:11,929 [pool-366-thread-1] INFO  om.OzoneManager (OzoneManager.java:installCheckpoint(3745)) - Installing checkpoint with OMTransactionInfo 7#145
2022-10-18 03:54:11,929 [pool-366-thread-1] INFO  ratis.OzoneManagerStateMachine (OzoneManagerStateMachine.java:pause(389)) - OzoneManagerStateMachine is pausing
2022-10-18 03:54:11,929 [grpc-default-executor-2] INFO  server.GrpcLogAppender (GrpcLogAppender.java:onNext(403)) - omNode-1@group-523986131536->omNode-2-InstallSnapshotResponseHandler: received a reply omNode-1<-omNode-2#0:FAIL-t7,IN_PROGRESS
2022-10-18 03:54:11,929 [grpc-default-executor-2] INFO  server.GrpcLogAppender (GrpcLogAppender.java:onNext(421)) - omNode-1@group-523986131536->omNode-2-InstallSnapshotResponseHandler: InstallSnapshot in progress.
2022-10-18 03:54:11,929 [grpc-default-executor-2] INFO  leader.FollowerInfo (FollowerInfoImpl.java:lambda$new$0(48)) - omNode-1@group-523986131536->omNode-2: nextIndex: updateUnconditionally 59 -> 59
2022-10-18 03:54:11,929 [grpc-default-executor-3] INFO  server.GrpcServerProtocolService (GrpcServerProtocolService.java:onCompleted(140)) - omNode-2: Completed INSTALL_SNAPSHOT, lastRequest: omNode-1->omNode-2#0-t7,notify:(t:7, i:61)
2022-10-18 03:54:11,930 [pool-366-thread-1] INFO  ratis.OzoneManagerDoubleBuffer (OzoneManagerDoubleBuffer.java:stop(466)) - Stopping OMDoubleBuffer flush thread
2022-10-18 03:54:11,930 [OMDoubleBufferFlushThread] INFO  ratis.OzoneManagerDoubleBuffer (OzoneManagerDoubleBuffer.java:flushTransactions(385)) - OMDoubleBuffer flush thread OMDoubleBufferFlushThread is interrupted and will exit.
2022-10-18 03:54:11,931 [omNode-1@group-523986131536->omNode-2-GrpcLogAppender-LogAppenderDaemon] INFO  server.GrpcLogAppender (GrpcLogAppender.java:installSnapshot(541)) - omNode-1@group-523986131536->omNode-2-GrpcLogAppender: followerNextIndex = 59 but logStartIndex = 61, notify follower to install snapshot-(t:7, i:61)
2022-10-18 03:54:11,931 [omNode-1@group-523986131536->omNode-2-GrpcLogAppender-LogAppenderDaemon] INFO  server.GrpcLogAppender (GrpcLogAppender.java:installSnapshot(549)) - omNode-1@group-523986131536->omNode-2-GrpcLogAppender: send omNode-1->omNode-2#0-t7,notify:(t:7, i:61)
2022-10-18 03:54:11,941 [grpc-default-executor-3] WARN  server.GrpcLogAppender (LogUtils.java:warn(122)) - omNode-1@group-523986131536->omNode-3-AppendLogResponseHandler: Failed appendEntries: org.apache.ratis.thirdparty.io.grpc.StatusRuntimeException: UNAVAILABLE: io exception
2022-10-18 03:54:11,942 [pool-366-thread-1] INFO  ipc.Server (Server.java:stop(3428)) - Stopping server on 37159
2022-10-18 03:54:11,943 [grpc-default-executor-3] INFO  leader.FollowerInfo (FollowerInfoImpl.java:lambda$new$0(48)) - omNode-1@group-523986131536->omNode-3: nextIndex: updateUnconditionally 146 -> 145
2022-10-18 03:54:11,944 [omNode-2-server-thread1] INFO  server.RaftServer$Division (RaftServerImpl.java:checkInconsistentAppendEntries(1402)) - omNode-2@group-523986131536: Failed appendEntries as snapshot (61) installation is in progress
2022-10-18 03:54:11,944 [omNode-2-server-thread1] INFO  server.RaftServer$Division (RaftServerImpl.java:checkInconsistentAppendEntries(1394)) - omNode-2@group-523986131536: inconsistency entries. Reply:omNode-1<-omNode-2#530:FAIL-t7,INCONSISTENCY,nextIndex=59,followerCommit=58
2022-10-18 03:54:11,947 [IPC Server listener on 37159] INFO  ipc.Server (Server.java:run(1384)) - Stopping IPC Server listener on 37159
2022-10-18 03:54:11,950 [grpc-default-executor-2] INFO  impl.SnapshotInstallationHandler (SnapshotInstallationHandler.java:installSnapshot(84)) - omNode-2@group-523986131536: receive installSnapshot: omNode-1->omNode-2#0-t7,notify:(t:7, i:61)
2022-10-18 03:54:11,951 [grpc-default-executor-2] INFO  impl.SnapshotInstallationHandler (SnapshotInstallationHandler.java:installSnapshot(95)) - omNode-2@group-523986131536: reply installSnapshot: omNode-1<-omNode-2#0:FAIL-t7,IN_PROGRESS
2022-10-18 03:54:11,951 [grpc-default-executor-2] INFO  server.GrpcServerProtocolService (GrpcServerProtocolService.java:onCompleted(140)) - omNode-2: Completed INSTALL_SNAPSHOT, lastRequest: omNode-1->omNode-2#0-t7,notify:(t:7, i:61)
2022-10-18 03:54:11,949 [grpc-default-executor-0] INFO  leader.FollowerInfo (FollowerInfoImpl.java:lambda$new$0(48)) - omNode-1@group-523986131536->omNode-2: nextIndex: updateUnconditionally 59 -> 59
2022-10-18 03:54:11,948 [pool-366-thread-1] INFO  om.OzoneManager (OzoneManager.java:installCheckpoint(3796)) - RPC server is stopped. Spend 7 ms.
2022-10-18 03:54:11,951 [IPC Server Responder] INFO  ipc.Server (Server.java:run(1517)) - Stopping IPC Server Responder
2022-10-18 03:54:11,954 [pool-366-thread-1] INFO  om.OzoneManager (OzoneManager.java:installCheckpoint(3803)) - metadataManager is stopped. Spend 2 ms.
2022-10-18 03:54:11,961 [grpc-default-executor-2] INFO  server.GrpcLogAppender (GrpcLogAppender.java:onNext(403)) - omNode-1@group-523986131536->omNode-2-InstallSnapshotResponseHandler: received a reply omNode-1<-omNode-2#0:FAIL-t7,IN_PROGRESS
2022-10-18 03:54:11,961 [grpc-default-executor-2] INFO  server.GrpcLogAppender (GrpcLogAppender.java:onNext(421)) - omNode-1@group-523986131536->omNode-2-InstallSnapshotResponseHandler: InstallSnapshot in progress.
2022-10-18 03:54:11,961 [omNode-1@group-523986131536->omNode-2-GrpcLogAppender-LogAppenderDaemon] INFO  server.GrpcLogAppender (GrpcLogAppender.java:installSnapshot(541)) - omNode-1@group-523986131536->omNode-2-GrpcLogAppender: followerNextIndex = 59 but logStartIndex = 61, notify follower to install snapshot-(t:7, i:61)
2022-10-18 03:54:11,961 [omNode-1@group-523986131536->omNode-2-GrpcLogAppender-LogAppenderDaemon] INFO  server.GrpcLogAppender (GrpcLogAppender.java:installSnapshot(549)) - omNode-1@group-523986131536->omNode-2-GrpcLogAppender: send omNode-1->omNode-2#0-t7,notify:(t:7, i:61)
2022-10-18 03:54:11,962 [omNode-2-server-thread1] INFO  server.RaftServer$Division (RaftServerImpl.java:checkInconsistentAppendEntries(1402)) - omNode-2@group-523986131536: Failed appendEntries as snapshot (61) installation is in progress
2022-10-18 03:54:11,962 [omNode-2-server-thread1] INFO  server.RaftServer$Division (RaftServerImpl.java:checkInconsistentAppendEntries(1394)) - omNode-2@group-523986131536: inconsistency entries. Reply:omNode-1<-omNode-2#531:FAIL-t7,INCONSISTENCY,nextIndex=59,followerCommit=58
2022-10-18 03:54:11,962 [grpc-default-executor-2] INFO  impl.SnapshotInstallationHandler (SnapshotInstallationHandler.java:installSnapshot(84)) - omNode-2@group-523986131536: receive installSnapshot: omNode-1->omNode-2#0-t7,notify:(t:7, i:61)
2022-10-18 03:54:11,963 [grpc-default-executor-3] INFO  leader.FollowerInfo (FollowerInfoImpl.java:lambda$new$0(48)) - omNode-1@group-523986131536->omNode-2: nextIndex: updateUnconditionally 59 -> 59
2022-10-18 03:54:11,963 [grpc-default-executor-2] INFO  impl.SnapshotInstallationHandler (SnapshotInstallationHandler.java:installSnapshot(95)) - omNode-2@group-523986131536: reply installSnapshot: omNode-1<-omNode-2#0:FAIL-t7,IN_PROGRESS
2022-10-18 03:54:11,963 [grpc-default-executor-2] INFO  server.GrpcServerProtocolService (GrpcServerProtocolService.java:onCompleted(140)) - omNode-2: Completed INSTALL_SNAPSHOT, lastRequest: omNode-1->omNode-2#0-t7,notify:(t:7, i:61)
2022-10-18 03:54:11,964 [grpc-default-executor-2] INFO  server.GrpcLogAppender (GrpcLogAppender.java:onNext(403)) - omNode-1@group-523986131536->omNode-2-InstallSnapshotResponseHandler: received a reply omNode-1<-omNode-2#0:FAIL-t7,IN_PROGRESS
2022-10-18 03:54:11,964 [grpc-default-executor-2] INFO  server.GrpcLogAppender (GrpcLogAppender.java:onNext(421)) - omNode-1@group-523986131536->omNode-2-InstallSnapshotResponseHandler: InstallSnapshot in progress.
2022-10-18 03:54:11,964 [pool-366-thread-1] INFO  om.OzoneManager (OzoneManager.java:installCheckpoint(3817)) - Replaced DB with checkpoint from OM: omNode-1, term: 7, index: 145, time: 11 ms
2022-10-18 03:54:11,965 [omNode-1@group-523986131536->omNode-2-GrpcLogAppender-LogAppenderDaemon] INFO  server.GrpcLogAppender (GrpcLogAppender.java:installSnapshot(541)) - omNode-1@group-523986131536->omNode-2-GrpcLogAppender: followerNextIndex = 59 but logStartIndex = 61, notify follower to install snapshot-(t:7, i:61)
2022-10-18 03:54:11,965 [omNode-1@group-523986131536->omNode-2-GrpcLogAppender-LogAppenderDaemon] INFO  server.GrpcLogAppender (GrpcLogAppender.java:installSnapshot(549)) - omNode-1@group-523986131536->omNode-2-GrpcLogAppender: send omNode-1->omNode-2#0-t7,notify:(t:7, i:61)
2022-10-18 03:54:11,965 [omNode-2-server-thread1] INFO  server.RaftServer$Division (RaftServerImpl.java:checkInconsistentAppendEntries(1402)) - omNode-2@group-523986131536: Failed appendEntries as snapshot (61) installation is in progress
2022-10-18 03:54:11,965 [omNode-2-server-thread1] INFO  server.RaftServer$Division (RaftServerImpl.java:checkInconsistentAppendEntries(1394)) - omNode-2@group-523986131536: inconsistency entries. Reply:omNode-1<-omNode-2#532:FAIL-t7,INCONSISTENCY,nextIndex=59,followerCommit=58
2022-10-18 03:54:11,966 [grpc-default-executor-3] INFO  leader.FollowerInfo (FollowerInfoImpl.java:lambda$new$0(48)) - omNode-1@group-523986131536->omNode-2: nextIndex: updateUnconditionally 59 -> 59
2022-10-18 03:54:11,966 [grpc-default-executor-1] INFO  impl.SnapshotInstallationHandler (SnapshotInstallationHandler.java:installSnapshot(84)) - omNode-2@group-523986131536: receive installSnapshot: omNode-1->omNode-2#0-t7,notify:(t:7, i:61)
2022-10-18 03:54:11,966 [grpc-default-executor-1] INFO  impl.SnapshotInstallationHandler (SnapshotInstallationHandler.java:installSnapshot(95)) - omNode-2@group-523986131536: reply installSnapshot: omNode-1<-omNode-2#0:FAIL-t7,IN_PROGRESS
2022-10-18 03:54:11,967 [grpc-default-executor-1] INFO  server.GrpcServerProtocolService (GrpcServerProtocolService.java:onCompleted(140)) - omNode-2: Completed INSTALL_SNAPSHOT, lastRequest: omNode-1->omNode-2#0-t7,notify:(t:7, i:61)
2022-10-18 03:54:11,967 [grpc-default-executor-3] INFO  server.GrpcLogAppender (GrpcLogAppender.java:onNext(403)) - omNode-1@group-523986131536->omNode-2-InstallSnapshotResponseHandler: received a reply omNode-1<-omNode-2#0:FAIL-t7,IN_PROGRESS
2022-10-18 03:54:11,967 [grpc-default-executor-3] INFO  server.GrpcLogAppender (GrpcLogAppender.java:onNext(421)) - omNode-1@group-523986131536->omNode-2-InstallSnapshotResponseHandler: InstallSnapshot in progress.
2022-10-18 03:54:11,967 [omNode-1@group-523986131536->omNode-2-GrpcLogAppender-LogAppenderDaemon] INFO  server.GrpcLogAppender (GrpcLogAppender.java:installSnapshot(541)) - omNode-1@group-523986131536->omNode-2-GrpcLogAppender: followerNextIndex = 59 but logStartIndex = 61, notify follower to install snapshot-(t:7, i:61)
2022-10-18 03:54:11,967 [omNode-1@group-523986131536->omNode-2-GrpcLogAppender-LogAppenderDaemon] INFO  server.GrpcLogAppender (GrpcLogAppender.java:installSnapshot(549)) - omNode-1@group-523986131536->omNode-2-GrpcLogAppender: send omNode-1->omNode-2#0-t7,notify:(t:7, i:61)
2022-10-18 03:54:11,969 [omNode-2-server-thread1] INFO  server.RaftServer$Division (RaftServerImpl.java:checkInconsistentAppendEntries(1402)) - omNode-2@group-523986131536: Failed appendEntries as snapshot (61) installation is in progress
2022-10-18 03:54:11,969 [omNode-2-server-thread1] INFO  server.RaftServer$Division (RaftServerImpl.java:checkInconsistentAppendEntries(1394)) - omNode-2@group-523986131536: inconsistency entries. Reply:omNode-1<-omNode-2#533:FAIL-t7,INCONSISTENCY,nextIndex=59,followerCommit=58
2022-10-18 03:54:11,970 [grpc-default-executor-1] INFO  impl.SnapshotInstallationHandler (SnapshotInstallationHandler.java:installSnapshot(84)) - omNode-2@group-523986131536: receive installSnapshot: omNode-1->omNode-2#0-t7,notify:(t:7, i:61)
2022-10-18 03:54:11,970 [grpc-default-executor-1] INFO  impl.SnapshotInstallationHandler (SnapshotInstallationHandler.java:installSnapshot(95)) - omNode-2@group-523986131536: reply installSnapshot: omNode-1<-omNode-2#0:FAIL-t7,IN_PROGRESS
2022-10-18 03:54:11,970 [grpc-default-executor-1] INFO  server.GrpcServerProtocolService (GrpcServerProtocolService.java:onCompleted(140)) - omNode-2: Completed INSTALL_SNAPSHOT, lastRequest: omNode-1->omNode-2#0-t7,notify:(t:7, i:61)
2022-10-18 03:54:11,970 [grpc-default-executor-1] INFO  leader.FollowerInfo (FollowerInfoImpl.java:lambda$new$0(48)) - omNode-1@group-523986131536->omNode-2: nextIndex: updateUnconditionally 59 -> 59
2022-10-18 03:54:11,972 [omNode-3-server-thread1] INFO  server.RaftServer$Division (ServerState.java:setLeader(287)) - omNode-3@group-523986131536: change Leader from null to omNode-1 at term 7 for appendEntries, leader elected after 194ms
2022-10-18 03:54:11,972 [omNode-3-server-thread1] INFO  server.RaftServer$Division (RaftServerImpl.java:checkInconsistentAppendEntries(1414)) - omNode-3@group-523986131536: Failed appendEntries as the first entry (index 145) already exists (snapshotIndex: 144, commitIndex: 145)
2022-10-18 03:54:11,972 [omNode-3-server-thread1] INFO  server.RaftServer$Division (RaftServerImpl.java:checkInconsistentAppendEntries(1394)) - omNode-3@group-523986131536: inconsistency entries. Reply:omNode-1<-omNode-3#287:FAIL-t7,INCONSISTENCY,nextIndex=146,followerCommit=145
2022-10-18 03:54:11,974 [grpc-default-executor-1] INFO  server.GrpcLogAppender (GrpcLogAppender.java:onNext(403)) - omNode-1@group-523986131536->omNode-2-InstallSnapshotResponseHandler: received a reply omNode-1<-omNode-2#0:FAIL-t7,IN_PROGRESS
2022-10-18 03:54:11,974 [grpc-default-executor-1] INFO  server.GrpcLogAppender (GrpcLogAppender.java:onNext(421)) - omNode-1@group-523986131536->omNode-2-InstallSnapshotResponseHandler: InstallSnapshot in progress.
2022-10-18 03:54:11,974 [omNode-1@group-523986131536->omNode-2-GrpcLogAppender-LogAppenderDaemon] INFO  server.GrpcLogAppender (GrpcLogAppender.java:installSnapshot(541)) - omNode-1@group-523986131536->omNode-2-GrpcLogAppender: followerNextIndex = 59 but logStartIndex = 61, notify follower to install snapshot-(t:7, i:61)
2022-10-18 03:54:11,974 [omNode-1@group-523986131536->omNode-2-GrpcLogAppender-LogAppenderDaemon] INFO  server.GrpcLogAppender (GrpcLogAppender.java:installSnapshot(549)) - omNode-1@group-523986131536->omNode-2-GrpcLogAppender: send omNode-1->omNode-2#0-t7,notify:(t:7, i:61)
2022-10-18 03:54:11,978 [grpc-default-executor-0] INFO  leader.FollowerInfo (FollowerInfoImpl.java:lambda$new$0(48)) - omNode-1@group-523986131536->omNode-3: nextIndex: updateUnconditionally 147 -> 146
2022-10-18 03:54:11,978 [omNode-2-server-thread1] INFO  server.RaftServer$Division (RaftServerImpl.java:checkInconsistentAppendEntries(1402)) - omNode-2@group-523986131536: Failed appendEntries as snapshot (61) installation is in progress
2022-10-18 03:54:11,978 [omNode-2-server-thread1] INFO  server.RaftServer$Division (RaftServerImpl.java:checkInconsistentAppendEntries(1394)) - omNode-2@group-523986131536: inconsistency entries. Reply:omNode-1<-omNode-2#534:FAIL-t7,INCONSISTENCY,nextIndex=59,followerCommit=58
2022-10-18 03:54:11,995 [grpc-default-executor-0] INFO  leader.FollowerInfo (FollowerInfoImpl.java:lambda$new$0(48)) - omNode-1@group-523986131536->omNode-2: nextIndex: updateUnconditionally 59 -> 59
2022-10-18 03:54:11,995 [grpc-default-executor-1] INFO  impl.SnapshotInstallationHandler (SnapshotInstallationHandler.java:installSnapshot(84)) - omNode-2@group-523986131536: receive installSnapshot: omNode-1->omNode-2#0-t7,notify:(t:7, i:61)
2022-10-18 03:54:11,995 [grpc-default-executor-1] INFO  impl.SnapshotInstallationHandler (SnapshotInstallationHandler.java:installSnapshot(95)) - omNode-2@group-523986131536: reply installSnapshot: omNode-1<-omNode-2#0:FAIL-t7,IN_PROGRESS
2022-10-18 03:54:11,996 [grpc-default-executor-1] INFO  server.GrpcServerProtocolService (GrpcServerProtocolService.java:onCompleted(140)) - omNode-2: Completed INSTALL_SNAPSHOT, lastRequest: omNode-1->omNode-2#0-t7,notify:(t:7, i:61)
2022-10-18 03:54:11,996 [grpc-default-executor-1] INFO  server.GrpcLogAppender (GrpcLogAppender.java:onNext(403)) - omNode-1@group-523986131536->omNode-2-InstallSnapshotResponseHandler: received a reply omNode-1<-omNode-2#0:FAIL-t7,IN_PROGRESS
2022-10-18 03:54:11,996 [grpc-default-executor-1] INFO  server.GrpcLogAppender (GrpcLogAppender.java:onNext(421)) - omNode-1@group-523986131536->omNode-2-InstallSnapshotResponseHandler: InstallSnapshot in progress.
2022-10-18 03:54:11,997 [omNode-1@group-523986131536->omNode-2-GrpcLogAppender-LogAppenderDaemon] INFO  server.GrpcLogAppender (GrpcLogAppender.java:installSnapshot(541)) - omNode-1@group-523986131536->omNode-2-GrpcLogAppender: followerNextIndex = 59 but logStartIndex = 61, notify follower to install snapshot-(t:7, i:61)
2022-10-18 03:54:11,997 [omNode-1@group-523986131536->omNode-2-GrpcLogAppender-LogAppenderDaemon] INFO  server.GrpcLogAppender (GrpcLogAppender.java:installSnapshot(549)) - omNode-1@group-523986131536->omNode-2-GrpcLogAppender: send omNode-1->omNode-2#0-t7,notify:(t:7, i:61)
2022-10-18 03:54:11,999 [omNode-2-server-thread1] INFO  server.RaftServer$Division (RaftServerImpl.java:checkInconsistentAppendEntries(1402)) - omNode-2@group-523986131536: Failed appendEntries as snapshot (61) installation is in progress
2022-10-18 03:54:11,999 [grpc-default-executor-0] INFO  impl.SnapshotInstallationHandler (SnapshotInstallationHandler.java:installSnapshot(84)) - omNode-2@group-523986131536: receive installSnapshot: omNode-1->omNode-2#0-t7,notify:(t:7, i:61)
2022-10-18 03:54:12,000 [omNode-2-server-thread1] INFO  server.RaftServer$Division (RaftServerImpl.java:checkInconsistentAppendEntries(1394)) - omNode-2@group-523986131536: inconsistency entries. Reply:omNode-1<-omNode-2#535:FAIL-t7,INCONSISTENCY,nextIndex=59,followerCommit=58
2022-10-18 03:54:12,000 [grpc-default-executor-0] INFO  impl.SnapshotInstallationHandler (SnapshotInstallationHandler.java:installSnapshot(95)) - omNode-2@group-523986131536: reply installSnapshot: omNode-1<-omNode-2#0:FAIL-t7,IN_PROGRESS
2022-10-18 03:54:12,000 [grpc-default-executor-0] INFO  server.GrpcServerProtocolService (GrpcServerProtocolService.java:onCompleted(140)) - omNode-2: Completed INSTALL_SNAPSHOT, lastRequest: omNode-1->omNode-2#0-t7,notify:(t:7, i:61)
2022-10-18 03:54:12,002 [pool-366-thread-1] WARN  server.ServerUtils (ServerUtils.java:getDBPath(225)) - ozone.om.db.dirs is not configured. We recommend adding this setting. Falling back to ozone.metadata.dirs instead.
2022-10-18 03:54:12,002 [pool-366-thread-1] INFO  codec.OmKeyInfoCodec (OmKeyInfoCodec.java:<init>(49)) - OmKeyInfoCodec ignorePipeline = true
2022-10-18 03:54:12,002 [pool-366-thread-1] INFO  codec.RepeatedOmKeyInfoCodec (RepeatedOmKeyInfoCodec.java:<init>(41)) - RepeatedOmKeyInfoCodec ignorePipeline = true
2022-10-18 03:54:12,002 [grpc-default-executor-1] INFO  server.GrpcLogAppender (GrpcLogAppender.java:onNext(403)) - omNode-1@group-523986131536->omNode-2-InstallSnapshotResponseHandler: received a reply omNode-1<-omNode-2#0:FAIL-t7,IN_PROGRESS
2022-10-18 03:54:12,002 [grpc-default-executor-1] INFO  server.GrpcLogAppender (GrpcLogAppender.java:onNext(421)) - omNode-1@group-523986131536->omNode-2-InstallSnapshotResponseHandler: InstallSnapshot in progress.
2022-10-18 03:54:12,003 [omNode-1@group-523986131536->omNode-2-GrpcLogAppender-LogAppenderDaemon] INFO  server.GrpcLogAppender (GrpcLogAppender.java:installSnapshot(541)) - omNode-1@group-523986131536->omNode-2-GrpcLogAppender: followerNextIndex = 59 but logStartIndex = 61, notify follower to install snapshot-(t:7, i:61)
2022-10-18 03:54:12,003 [omNode-1@group-523986131536->omNode-2-GrpcLogAppender-LogAppenderDaemon] INFO  server.GrpcLogAppender (GrpcLogAppender.java:installSnapshot(549)) - omNode-1@group-523986131536->omNode-2-GrpcLogAppender: send omNode-1->omNode-2#0-t7,notify:(t:7, i:61)
2022-10-18 03:54:12,003 [grpc-default-executor-1] INFO  leader.FollowerInfo (FollowerInfoImpl.java:lambda$new$0(48)) - omNode-1@group-523986131536->omNode-2: nextIndex: updateUnconditionally 59 -> 59
2022-10-18 03:54:12,004 [omNode-2-server-thread1] INFO  server.RaftServer$Division (RaftServerImpl.java:checkInconsistentAppendEntries(1402)) - omNode-2@group-523986131536: Failed appendEntries as snapshot (61) installation is in progress
2022-10-18 03:54:12,004 [grpc-default-executor-0] INFO  impl.SnapshotInstallationHandler (SnapshotInstallationHandler.java:installSnapshot(84)) - omNode-2@group-523986131536: receive installSnapshot: omNode-1->omNode-2#0-t7,notify:(t:7, i:61)
2022-10-18 03:54:12,004 [omNode-2-server-thread1] INFO  server.RaftServer$Division (RaftServerImpl.java:checkInconsistentAppendEntries(1394)) - omNode-2@group-523986131536: inconsistency entries. Reply:omNode-1<-omNode-2#536:FAIL-t7,INCONSISTENCY,nextIndex=59,followerCommit=58
2022-10-18 03:54:12,005 [grpc-default-executor-0] INFO  impl.SnapshotInstallationHandler (SnapshotInstallationHandler.java:installSnapshot(95)) - omNode-2@group-523986131536: reply installSnapshot: omNode-1<-omNode-2#0:FAIL-t7,IN_PROGRESS
2022-10-18 03:54:12,005 [grpc-default-executor-0] INFO  server.GrpcServerProtocolService (GrpcServerProtocolService.java:onCompleted(140)) - omNode-2: Completed INSTALL_SNAPSHOT, lastRequest: omNode-1->omNode-2#0-t7,notify:(t:7, i:61)
2022-10-18 03:54:12,005 [grpc-default-executor-1] INFO  server.GrpcLogAppender (GrpcLogAppender.java:onNext(403)) - omNode-1@group-523986131536->omNode-2-InstallSnapshotResponseHandler: received a reply omNode-1<-omNode-2#0:FAIL-t7,IN_PROGRESS
2022-10-18 03:54:12,006 [grpc-default-executor-1] INFO  server.GrpcLogAppender (GrpcLogAppender.java:onNext(421)) - omNode-1@group-523986131536->omNode-2-InstallSnapshotResponseHandler: InstallSnapshot in progress.
2022-10-18 03:54:12,006 [omNode-1@group-523986131536->omNode-2-GrpcLogAppender-LogAppenderDaemon] INFO  server.GrpcLogAppender (GrpcLogAppender.java:installSnapshot(541)) - omNode-1@group-523986131536->omNode-2-GrpcLogAppender: followerNextIndex = 59 but logStartIndex = 61, notify follower to install snapshot-(t:7, i:61)
2022-10-18 03:54:12,006 [omNode-1@group-523986131536->omNode-2-GrpcLogAppender-LogAppenderDaemon] INFO  server.GrpcLogAppender (GrpcLogAppender.java:installSnapshot(549)) - omNode-1@group-523986131536->omNode-2-GrpcLogAppender: send omNode-1->omNode-2#0-t7,notify:(t:7, i:61)
2022-10-18 03:54:12,006 [grpc-default-executor-1] INFO  leader.FollowerInfo (FollowerInfoImpl.java:lambda$new$0(48)) - omNode-1@group-523986131536->omNode-2: nextIndex: updateUnconditionally 59 -> 59
2022-10-18 03:54:12,008 [omNode-2-server-thread1] INFO  server.RaftServer$Division (RaftServerImpl.java:checkInconsistentAppendEntries(1402)) - omNode-2@group-523986131536: Failed appendEntries as snapshot (61) installation is in progress
2022-10-18 03:54:12,009 [grpc-default-executor-0] INFO  impl.SnapshotInstallationHandler (SnapshotInstallationHandler.java:installSnapshot(84)) - omNode-2@group-523986131536: receive installSnapshot: omNode-1->omNode-2#0-t7,notify:(t:7, i:61)
2022-10-18 03:54:12,009 [omNode-2-server-thread1] INFO  server.RaftServer$Division (RaftServerImpl.java:checkInconsistentAppendEntries(1394)) - omNode-2@group-523986131536: inconsistency entries. Reply:omNode-1<-omNode-2#537:FAIL-t7,INCONSISTENCY,nextIndex=59,followerCommit=58
2022-10-18 03:54:12,009 [grpc-default-executor-0] INFO  impl.SnapshotInstallationHandler (SnapshotInstallationHandler.java:installSnapshot(95)) - omNode-2@group-523986131536: reply installSnapshot: omNode-1<-omNode-2#0:FAIL-t7,IN_PROGRESS
2022-10-18 03:54:12,009 [grpc-default-executor-0] INFO  server.GrpcServerProtocolService (GrpcServerProtocolService.java:onCompleted(140)) - omNode-2: Completed INSTALL_SNAPSHOT, lastRequest: omNode-1->omNode-2#0-t7,notify:(t:7, i:61)
2022-10-18 03:54:12,011 [grpc-default-executor-1] INFO  server.GrpcLogAppender (GrpcLogAppender.java:onNext(403)) - omNode-1@group-523986131536->omNode-2-InstallSnapshotResponseHandler: received a reply omNode-1<-omNode-2#0:FAIL-t7,IN_PROGRESS
2022-10-18 03:54:12,012 [grpc-default-executor-1] INFO  server.GrpcLogAppender (GrpcLogAppender.java:onNext(421)) - omNode-1@group-523986131536->omNode-2-InstallSnapshotResponseHandler: InstallSnapshot in progress.
2022-10-18 03:54:12,012 [omNode-1@group-523986131536->omNode-2-GrpcLogAppender-LogAppenderDaemon] INFO  server.GrpcLogAppender (GrpcLogAppender.java:installSnapshot(541)) - omNode-1@group-523986131536->omNode-2-GrpcLogAppender: followerNextIndex = 59 but logStartIndex = 61, notify follower to install snapshot-(t:7, i:61)
2022-10-18 03:54:12,013 [omNode-1@group-523986131536->omNode-2-GrpcLogAppender-LogAppenderDaemon] INFO  server.GrpcLogAppender (GrpcLogAppender.java:installSnapshot(549)) - omNode-1@group-523986131536->omNode-2-GrpcLogAppender: send omNode-1->omNode-2#0-t7,notify:(t:7, i:61)
2022-10-18 03:54:12,013 [grpc-default-executor-1] INFO  leader.FollowerInfo (FollowerInfoImpl.java:lambda$new$0(48)) - omNode-1@group-523986131536->omNode-2: nextIndex: updateUnconditionally 59 -> 59
2022-10-18 03:54:12,015 [omNode-2-server-thread1] INFO  server.RaftServer$Division (RaftServerImpl.java:checkInconsistentAppendEntries(1402)) - omNode-2@group-523986131536: Failed appendEntries as snapshot (61) installation is in progress
2022-10-18 03:54:12,015 [omNode-2-server-thread1] INFO  server.RaftServer$Division (RaftServerImpl.java:checkInconsistentAppendEntries(1394)) - omNode-2@group-523986131536: inconsistency entries. Reply:omNode-1<-omNode-2#538:FAIL-t7,INCONSISTENCY,nextIndex=59,followerCommit=58
2022-10-18 03:54:12,016 [grpc-default-executor-1] INFO  impl.SnapshotInstallationHandler (SnapshotInstallationHandler.java:installSnapshot(84)) - omNode-2@group-523986131536: receive installSnapshot: omNode-1->omNode-2#0-t7,notify:(t:7, i:61)
2022-10-18 03:54:12,016 [grpc-default-executor-1] INFO  impl.SnapshotInstallationHandler (SnapshotInstallationHandler.java:installSnapshot(95)) - omNode-2@group-523986131536: reply installSnapshot: omNode-1<-omNode-2#0:FAIL-t7,IN_PROGRESS
2022-10-18 03:54:12,016 [grpc-default-executor-1] INFO  server.GrpcServerProtocolService (GrpcServerProtocolService.java:onCompleted(140)) - omNode-2: Completed INSTALL_SNAPSHOT, lastRequest: omNode-1->omNode-2#0-t7,notify:(t:7, i:61)
2022-10-18 03:54:12,016 [grpc-default-executor-1] INFO  leader.FollowerInfo (FollowerInfoImpl.java:lambda$new$0(48)) - omNode-1@group-523986131536->omNode-2: nextIndex: updateUnconditionally 59 -> 59
2022-10-18 03:54:12,017 [grpc-default-executor-1] INFO  server.GrpcLogAppender (GrpcLogAppender.java:onNext(403)) - omNode-1@group-523986131536->omNode-2-InstallSnapshotResponseHandler: received a reply omNode-1<-omNode-2#0:FAIL-t7,IN_PROGRESS
2022-10-18 03:54:12,017 [grpc-default-executor-1] INFO  server.GrpcLogAppender (GrpcLogAppender.java:onNext(421)) - omNode-1@group-523986131536->omNode-2-InstallSnapshotResponseHandler: InstallSnapshot in progress.
2022-10-18 03:54:12,017 [omNode-1@group-523986131536->omNode-2-GrpcLogAppender-LogAppenderDaemon] INFO  server.GrpcLogAppender (GrpcLogAppender.java:installSnapshot(541)) - omNode-1@group-523986131536->omNode-2-GrpcLogAppender: followerNextIndex = 59 but logStartIndex = 61, notify follower to install snapshot-(t:7, i:61)
2022-10-18 03:54:12,017 [omNode-1@group-523986131536->omNode-2-GrpcLogAppender-LogAppenderDaemon] INFO  server.GrpcLogAppender (GrpcLogAppender.java:installSnapshot(549)) - omNode-1@group-523986131536->omNode-2-GrpcLogAppender: send omNode-1->omNode-2#0-t7,notify:(t:7, i:61)
2022-10-18 03:54:12,020 [omNode-2-server-thread1] INFO  server.RaftServer$Division (RaftServerImpl.java:checkInconsistentAppendEntries(1402)) - omNode-2@group-523986131536: Failed appendEntries as snapshot (61) installation is in progress
2022-10-18 03:54:12,020 [omNode-2-server-thread1] INFO  server.RaftServer$Division (RaftServerImpl.java:checkInconsistentAppendEntries(1394)) - omNode-2@group-523986131536: inconsistency entries. Reply:omNode-1<-omNode-2#539:FAIL-t7,INCONSISTENCY,nextIndex=59,followerCommit=58
2022-10-18 03:54:12,022 [grpc-default-executor-1] INFO  impl.SnapshotInstallationHandler (SnapshotInstallationHandler.java:installSnapshot(84)) - omNode-2@group-523986131536: receive installSnapshot: omNode-1->omNode-2#0-t7,notify:(t:7, i:61)
2022-10-18 03:54:12,023 [grpc-default-executor-1] INFO  impl.SnapshotInstallationHandler (SnapshotInstallationHandler.java:installSnapshot(95)) - omNode-2@group-523986131536: reply installSnapshot: omNode-1<-omNode-2#0:FAIL-t7,IN_PROGRESS
2022-10-18 03:54:12,023 [grpc-default-executor-1] INFO  server.GrpcServerProtocolService (GrpcServerProtocolService.java:onCompleted(140)) - omNode-2: Completed INSTALL_SNAPSHOT, lastRequest: omNode-1->omNode-2#0-t7,notify:(t:7, i:61)
2022-10-18 03:54:12,023 [grpc-default-executor-1] INFO  leader.FollowerInfo (FollowerInfoImpl.java:lambda$new$0(48)) - omNode-1@group-523986131536->omNode-2: nextIndex: updateUnconditionally 59 -> 59
2022-10-18 03:54:12,024 [grpc-default-executor-1] INFO  server.GrpcLogAppender (GrpcLogAppender.java:onNext(403)) - omNode-1@group-523986131536->omNode-2-InstallSnapshotResponseHandler: received a reply omNode-1<-omNode-2#0:FAIL-t7,IN_PROGRESS
2022-10-18 03:54:12,024 [grpc-default-executor-1] INFO  server.GrpcLogAppender (GrpcLogAppender.java:onNext(421)) - omNode-1@group-523986131536->omNode-2-InstallSnapshotResponseHandler: InstallSnapshot in progress.
2022-10-18 03:54:12,024 [omNode-1@group-523986131536->omNode-2-GrpcLogAppender-LogAppenderDaemon] INFO  server.GrpcLogAppender (GrpcLogAppender.java:installSnapshot(541)) - omNode-1@group-523986131536->omNode-2-GrpcLogAppender: followerNextIndex = 59 but logStartIndex = 61, notify follower to install snapshot-(t:7, i:61)
2022-10-18 03:54:12,024 [omNode-1@group-523986131536->omNode-2-GrpcLogAppender-LogAppenderDaemon] INFO  server.GrpcLogAppender (GrpcLogAppender.java:installSnapshot(549)) - omNode-1@group-523986131536->omNode-2-GrpcLogAppender: send omNode-1->omNode-2#0-t7,notify:(t:7, i:61)
2022-10-18 03:54:12,025 [omNode-2-server-thread1] INFO  server.RaftServer$Division (RaftServerImpl.java:checkInconsistentAppendEntries(1402)) - omNode-2@group-523986131536: Failed appendEntries as snapshot (61) installation is in progress
2022-10-18 03:54:12,025 [omNode-2-server-thread1] INFO  server.RaftServer$Division (RaftServerImpl.java:checkInconsistentAppendEntries(1394)) - omNode-2@group-523986131536: inconsistency entries. Reply:omNode-1<-omNode-2#540:FAIL-t7,INCONSISTENCY,nextIndex=59,followerCommit=58
2022-10-18 03:54:12,025 [grpc-default-executor-1] INFO  impl.SnapshotInstallationHandler (SnapshotInstallationHandler.java:installSnapshot(84)) - omNode-2@group-523986131536: receive installSnapshot: omNode-1->omNode-2#0-t7,notify:(t:7, i:61)
2022-10-18 03:54:12,026 [grpc-default-executor-1] INFO  impl.SnapshotInstallationHandler (SnapshotInstallationHandler.java:installSnapshot(95)) - omNode-2@group-523986131536: reply installSnapshot: omNode-1<-omNode-2#0:FAIL-t7,IN_PROGRESS
2022-10-18 03:54:12,026 [grpc-default-executor-1] INFO  server.GrpcServerProtocolService (GrpcServerProtocolService.java:onCompleted(140)) - omNode-2: Completed INSTALL_SNAPSHOT, lastRequest: omNode-1->omNode-2#0-t7,notify:(t:7, i:61)
2022-10-18 03:54:12,026 [grpc-default-executor-1] INFO  leader.FollowerInfo (FollowerInfoImpl.java:lambda$new$0(48)) - omNode-1@group-523986131536->omNode-2: nextIndex: updateUnconditionally 59 -> 59
2022-10-18 03:54:12,029 [grpc-default-executor-1] INFO  server.GrpcLogAppender (GrpcLogAppender.java:onNext(403)) - omNode-1@group-523986131536->omNode-2-InstallSnapshotResponseHandler: received a reply omNode-1<-omNode-2#0:FAIL-t7,IN_PROGRESS
2022-10-18 03:54:12,029 [grpc-default-executor-1] INFO  server.GrpcLogAppender (GrpcLogAppender.java:onNext(421)) - omNode-1@group-523986131536->omNode-2-InstallSnapshotResponseHandler: InstallSnapshot in progress.
2022-10-18 03:54:12,029 [omNode-1@group-523986131536->omNode-2-GrpcLogAppender-LogAppenderDaemon] INFO  server.GrpcLogAppender (GrpcLogAppender.java:installSnapshot(541)) - omNode-1@group-523986131536->omNode-2-GrpcLogAppender: followerNextIndex = 59 but logStartIndex = 61, notify follower to install snapshot-(t:7, i:61)
2022-10-18 03:54:12,029 [omNode-1@group-523986131536->omNode-2-GrpcLogAppender-LogAppenderDaemon] INFO  server.GrpcLogAppender (GrpcLogAppender.java:installSnapshot(549)) - omNode-1@group-523986131536->omNode-2-GrpcLogAppender: send omNode-1->omNode-2#0-t7,notify:(t:7, i:61)
2022-10-18 03:54:12,031 [omNode-2-server-thread1] INFO  server.RaftServer$Division (RaftServerImpl.java:checkInconsistentAppendEntries(1402)) - omNode-2@group-523986131536: Failed appendEntries as snapshot (61) installation is in progress
2022-10-18 03:54:12,031 [omNode-2-server-thread1] INFO  server.RaftServer$Division (RaftServerImpl.java:checkInconsistentAppendEntries(1394)) - omNode-2@group-523986131536: inconsistency entries. Reply:omNode-1<-omNode-2#541:FAIL-t7,INCONSISTENCY,nextIndex=59,followerCommit=58
2022-10-18 03:54:12,031 [grpc-default-executor-1] INFO  impl.SnapshotInstallationHandler (SnapshotInstallationHandler.java:installSnapshot(84)) - omNode-2@group-523986131536: receive installSnapshot: omNode-1->omNode-2#0-t7,notify:(t:7, i:61)
2022-10-18 03:54:12,031 [grpc-default-executor-1] INFO  impl.SnapshotInstallationHandler (SnapshotInstallationHandler.java:installSnapshot(95)) - omNode-2@group-523986131536: reply installSnapshot: omNode-1<-omNode-2#0:FAIL-t7,IN_PROGRESS
2022-10-18 03:54:12,032 [grpc-default-executor-1] INFO  server.GrpcServerProtocolService (GrpcServerProtocolService.java:onCompleted(140)) - omNode-2: Completed INSTALL_SNAPSHOT, lastRequest: omNode-1->omNode-2#0-t7,notify:(t:7, i:61)
2022-10-18 03:54:12,032 [grpc-default-executor-1] INFO  leader.FollowerInfo (FollowerInfoImpl.java:lambda$new$0(48)) - omNode-1@group-523986131536->omNode-2: nextIndex: updateUnconditionally 59 -> 59
2022-10-18 03:54:12,032 [grpc-default-executor-1] INFO  server.GrpcLogAppender (GrpcLogAppender.java:onNext(403)) - omNode-1@group-523986131536->omNode-2-InstallSnapshotResponseHandler: received a reply omNode-1<-omNode-2#0:FAIL-t7,IN_PROGRESS
2022-10-18 03:54:12,032 [grpc-default-executor-1] INFO  server.GrpcLogAppender (GrpcLogAppender.java:onNext(421)) - omNode-1@group-523986131536->omNode-2-InstallSnapshotResponseHandler: InstallSnapshot in progress.
2022-10-18 03:54:12,033 [omNode-1@group-523986131536->omNode-2-GrpcLogAppender-LogAppenderDaemon] INFO  server.GrpcLogAppender (GrpcLogAppender.java:installSnapshot(541)) - omNode-1@group-523986131536->omNode-2-GrpcLogAppender: followerNextIndex = 59 but logStartIndex = 61, notify follower to install snapshot-(t:7, i:61)
2022-10-18 03:54:12,033 [omNode-1@group-523986131536->omNode-2-GrpcLogAppender-LogAppenderDaemon] INFO  server.GrpcLogAppender (GrpcLogAppender.java:installSnapshot(549)) - omNode-1@group-523986131536->omNode-2-GrpcLogAppender: send omNode-1->omNode-2#0-t7,notify:(t:7, i:61)
2022-10-18 03:54:12,034 [omNode-2-server-thread1] INFO  server.RaftServer$Division (RaftServerImpl.java:checkInconsistentAppendEntries(1402)) - omNode-2@group-523986131536: Failed appendEntries as snapshot (61) installation is in progress
2022-10-18 03:54:12,034 [omNode-2-server-thread1] INFO  server.RaftServer$Division (RaftServerImpl.java:checkInconsistentAppendEntries(1394)) - omNode-2@group-523986131536: inconsistency entries. Reply:omNode-1<-omNode-2#542:FAIL-t7,INCONSISTENCY,nextIndex=59,followerCommit=58
2022-10-18 03:54:12,034 [grpc-default-executor-1] INFO  impl.SnapshotInstallationHandler (SnapshotInstallationHandler.java:installSnapshot(84)) - omNode-2@group-523986131536: receive installSnapshot: omNode-1->omNode-2#0-t7,notify:(t:7, i:61)
2022-10-18 03:54:12,034 [grpc-default-executor-1] INFO  impl.SnapshotInstallationHandler (SnapshotInstallationHandler.java:installSnapshot(95)) - omNode-2@group-523986131536: reply installSnapshot: omNode-1<-omNode-2#0:FAIL-t7,IN_PROGRESS
2022-10-18 03:54:12,034 [grpc-default-executor-1] INFO  server.GrpcServerProtocolService (GrpcServerProtocolService.java:onCompleted(140)) - omNode-2: Completed INSTALL_SNAPSHOT, lastRequest: omNode-1->omNode-2#0-t7,notify:(t:7, i:61)
2022-10-18 03:54:12,035 [grpc-default-executor-1] INFO  leader.FollowerInfo (FollowerInfoImpl.java:lambda$new$0(48)) - omNode-1@group-523986131536->omNode-2: nextIndex: updateUnconditionally 59 -> 59
2022-10-18 03:54:12,036 [grpc-default-executor-1] INFO  server.GrpcLogAppender (GrpcLogAppender.java:onNext(403)) - omNode-1@group-523986131536->omNode-2-InstallSnapshotResponseHandler: received a reply omNode-1<-omNode-2#0:FAIL-t7,IN_PROGRESS
2022-10-18 03:54:12,036 [grpc-default-executor-1] INFO  server.GrpcLogAppender (GrpcLogAppender.java:onNext(421)) - omNode-1@group-523986131536->omNode-2-InstallSnapshotResponseHandler: InstallSnapshot in progress.
2022-10-18 03:54:12,036 [omNode-1@group-523986131536->omNode-2-GrpcLogAppender-LogAppenderDaemon] INFO  server.GrpcLogAppender (GrpcLogAppender.java:installSnapshot(541)) - omNode-1@group-523986131536->omNode-2-GrpcLogAppender: followerNextIndex = 59 but logStartIndex = 61, notify follower to install snapshot-(t:7, i:61)
2022-10-18 03:54:12,036 [omNode-1@group-523986131536->omNode-2-GrpcLogAppender-LogAppenderDaemon] INFO  server.GrpcLogAppender (GrpcLogAppender.java:installSnapshot(549)) - omNode-1@group-523986131536->omNode-2-GrpcLogAppender: send omNode-1->omNode-2#0-t7,notify:(t:7, i:61)
2022-10-18 03:54:12,042 [omNode-2-server-thread1] INFO  server.RaftServer$Division (RaftServerImpl.java:checkInconsistentAppendEntries(1402)) - omNode-2@group-523986131536: Failed appendEntries as snapshot (61) installation is in progress
2022-10-18 03:54:12,042 [omNode-2-server-thread1] INFO  server.RaftServer$Division (RaftServerImpl.java:checkInconsistentAppendEntries(1394)) - omNode-2@group-523986131536: inconsistency entries. Reply:omNode-1<-omNode-2#543:FAIL-t7,INCONSISTENCY,nextIndex=59,followerCommit=58
2022-10-18 03:54:12,042 [grpc-default-executor-1] INFO  impl.SnapshotInstallationHandler (SnapshotInstallationHandler.java:installSnapshot(84)) - omNode-2@group-523986131536: receive installSnapshot: omNode-1->omNode-2#0-t7,notify:(t:7, i:61)
2022-10-18 03:54:12,043 [grpc-default-executor-1] INFO  impl.SnapshotInstallationHandler (SnapshotInstallationHandler.java:installSnapshot(95)) - omNode-2@group-523986131536: reply installSnapshot: omNode-1<-omNode-2#0:FAIL-t7,IN_PROGRESS
2022-10-18 03:54:12,043 [grpc-default-executor-1] INFO  server.GrpcServerProtocolService (GrpcServerProtocolService.java:onCompleted(140)) - omNode-2: Completed INSTALL_SNAPSHOT, lastRequest: omNode-1->omNode-2#0-t7,notify:(t:7, i:61)
2022-10-18 03:54:12,044 [grpc-default-executor-1] INFO  leader.FollowerInfo (FollowerInfoImpl.java:lambda$new$0(48)) - omNode-1@group-523986131536->omNode-2: nextIndex: updateUnconditionally 59 -> 59
2022-10-18 03:54:12,044 [grpc-default-executor-1] INFO  server.GrpcLogAppender (GrpcLogAppender.java:onNext(403)) - omNode-1@group-523986131536->omNode-2-InstallSnapshotResponseHandler: received a reply omNode-1<-omNode-2#0:FAIL-t7,IN_PROGRESS
2022-10-18 03:54:12,044 [grpc-default-executor-1] INFO  server.GrpcLogAppender (GrpcLogAppender.java:onNext(421)) - omNode-1@group-523986131536->omNode-2-InstallSnapshotResponseHandler: InstallSnapshot in progress.
2022-10-18 03:54:12,045 [omNode-1@group-523986131536->omNode-2-GrpcLogAppender-LogAppenderDaemon] INFO  server.GrpcLogAppender (GrpcLogAppender.java:installSnapshot(541)) - omNode-1@group-523986131536->omNode-2-GrpcLogAppender: followerNextIndex = 59 but logStartIndex = 61, notify follower to install snapshot-(t:7, i:61)
2022-10-18 03:54:12,045 [omNode-1@group-523986131536->omNode-2-GrpcLogAppender-LogAppenderDaemon] INFO  server.GrpcLogAppender (GrpcLogAppender.java:installSnapshot(549)) - omNode-1@group-523986131536->omNode-2-GrpcLogAppender: send omNode-1->omNode-2#0-t7,notify:(t:7, i:61)
2022-10-18 03:54:12,046 [omNode-2-server-thread1] INFO  server.RaftServer$Division (RaftServerImpl.java:checkInconsistentAppendEntries(1402)) - omNode-2@group-523986131536: Failed appendEntries as snapshot (61) installation is in progress
2022-10-18 03:54:12,047 [omNode-2-server-thread1] INFO  server.RaftServer$Division (RaftServerImpl.java:checkInconsistentAppendEntries(1394)) - omNode-2@group-523986131536: inconsistency entries. Reply:omNode-1<-omNode-2#544:FAIL-t7,INCONSISTENCY,nextIndex=59,followerCommit=58
2022-10-18 03:54:12,047 [grpc-default-executor-1] INFO  impl.SnapshotInstallationHandler (SnapshotInstallationHandler.java:installSnapshot(84)) - omNode-2@group-523986131536: receive installSnapshot: omNode-1->omNode-2#0-t7,notify:(t:7, i:61)
2022-10-18 03:54:12,047 [grpc-default-executor-1] INFO  impl.SnapshotInstallationHandler (SnapshotInstallationHandler.java:installSnapshot(95)) - omNode-2@group-523986131536: reply installSnapshot: omNode-1<-omNode-2#0:FAIL-t7,IN_PROGRESS
2022-10-18 03:54:12,048 [grpc-default-executor-1] INFO  server.GrpcServerProtocolService (GrpcServerProtocolService.java:onCompleted(140)) - omNode-2: Completed INSTALL_SNAPSHOT, lastRequest: omNode-1->omNode-2#0-t7,notify:(t:7, i:61)
2022-10-18 03:54:12,048 [grpc-default-executor-1] INFO  leader.FollowerInfo (FollowerInfoImpl.java:lambda$new$0(48)) - omNode-1@group-523986131536->omNode-2: nextIndex: updateUnconditionally 59 -> 59
2022-10-18 03:54:12,048 [grpc-default-executor-1] INFO  server.GrpcLogAppender (GrpcLogAppender.java:onNext(403)) - omNode-1@group-523986131536->omNode-2-InstallSnapshotResponseHandler: received a reply omNode-1<-omNode-2#0:FAIL-t7,IN_PROGRESS
2022-10-18 03:54:12,048 [grpc-default-executor-1] INFO  server.GrpcLogAppender (GrpcLogAppender.java:onNext(421)) - omNode-1@group-523986131536->omNode-2-InstallSnapshotResponseHandler: InstallSnapshot in progress.
2022-10-18 03:54:12,049 [omNode-1@group-523986131536->omNode-2-GrpcLogAppender-LogAppenderDaemon] INFO  server.GrpcLogAppender (GrpcLogAppender.java:installSnapshot(541)) - omNode-1@group-523986131536->omNode-2-GrpcLogAppender: followerNextIndex = 59 but logStartIndex = 61, notify follower to install snapshot-(t:7, i:61)
2022-10-18 03:54:12,049 [omNode-1@group-523986131536->omNode-2-GrpcLogAppender-LogAppenderDaemon] INFO  server.GrpcLogAppender (GrpcLogAppender.java:installSnapshot(549)) - omNode-1@group-523986131536->omNode-2-GrpcLogAppender: send omNode-1->omNode-2#0-t7,notify:(t:7, i:61)
2022-10-18 03:54:12,050 [omNode-2-server-thread1] INFO  server.RaftServer$Division (RaftServerImpl.java:checkInconsistentAppendEntries(1402)) - omNode-2@group-523986131536: Failed appendEntries as snapshot (61) installation is in progress
2022-10-18 03:54:12,050 [omNode-2-server-thread1] INFO  server.RaftServer$Division (RaftServerImpl.java:checkInconsistentAppendEntries(1394)) - omNode-2@group-523986131536: inconsistency entries. Reply:omNode-1<-omNode-2#545:FAIL-t7,INCONSISTENCY,nextIndex=59,followerCommit=58
2022-10-18 03:54:12,050 [grpc-default-executor-1] INFO  impl.SnapshotInstallationHandler (SnapshotInstallationHandler.java:installSnapshot(84)) - omNode-2@group-523986131536: receive installSnapshot: omNode-1->omNode-2#0-t7,notify:(t:7, i:61)
2022-10-18 03:54:12,050 [grpc-default-executor-1] INFO  impl.SnapshotInstallationHandler (SnapshotInstallationHandler.java:installSnapshot(95)) - omNode-2@group-523986131536: reply installSnapshot: omNode-1<-omNode-2#0:FAIL-t7,IN_PROGRESS
2022-10-18 03:54:12,051 [grpc-default-executor-1] INFO  server.GrpcServerProtocolService (GrpcServerProtocolService.java:onCompleted(140)) - omNode-2: Completed INSTALL_SNAPSHOT, lastRequest: omNode-1->omNode-2#0-t7,notify:(t:7, i:61)
2022-10-18 03:54:12,051 [grpc-default-executor-1] INFO  leader.FollowerInfo (FollowerInfoImpl.java:lambda$new$0(48)) - omNode-1@group-523986131536->omNode-2: nextIndex: updateUnconditionally 59 -> 59
2022-10-18 03:54:12,051 [grpc-default-executor-1] INFO  server.GrpcLogAppender (GrpcLogAppender.java:onNext(403)) - omNode-1@group-523986131536->omNode-2-InstallSnapshotResponseHandler: received a reply omNode-1<-omNode-2#0:FAIL-t7,IN_PROGRESS
2022-10-18 03:54:12,051 [grpc-default-executor-1] INFO  server.GrpcLogAppender (GrpcLogAppender.java:onNext(421)) - omNode-1@group-523986131536->omNode-2-InstallSnapshotResponseHandler: InstallSnapshot in progress.
2022-10-18 03:54:12,052 [omNode-1@group-523986131536->omNode-2-GrpcLogAppender-LogAppenderDaemon] INFO  server.GrpcLogAppender (GrpcLogAppender.java:installSnapshot(541)) - omNode-1@group-523986131536->omNode-2-GrpcLogAppender: followerNextIndex = 59 but logStartIndex = 61, notify follower to install snapshot-(t:7, i:61)
2022-10-18 03:54:12,052 [omNode-1@group-523986131536->omNode-2-GrpcLogAppender-LogAppenderDaemon] INFO  server.GrpcLogAppender (GrpcLogAppender.java:installSnapshot(549)) - omNode-1@group-523986131536->omNode-2-GrpcLogAppender: send omNode-1->omNode-2#0-t7,notify:(t:7, i:61)
2022-10-18 03:54:12,053 [omNode-2-server-thread1] INFO  server.RaftServer$Division (RaftServerImpl.java:checkInconsistentAppendEntries(1402)) - omNode-2@group-523986131536: Failed appendEntries as snapshot (61) installation is in progress
2022-10-18 03:54:12,053 [omNode-2-server-thread1] INFO  server.RaftServer$Division (RaftServerImpl.java:checkInconsistentAppendEntries(1394)) - omNode-2@group-523986131536: inconsistency entries. Reply:omNode-1<-omNode-2#546:FAIL-t7,INCONSISTENCY,nextIndex=59,followerCommit=58
2022-10-18 03:54:12,053 [grpc-default-executor-1] INFO  impl.SnapshotInstallationHandler (SnapshotInstallationHandler.java:installSnapshot(84)) - omNode-2@group-523986131536: receive installSnapshot: omNode-1->omNode-2#0-t7,notify:(t:7, i:61)
2022-10-18 03:54:12,053 [grpc-default-executor-1] INFO  impl.SnapshotInstallationHandler (SnapshotInstallationHandler.java:installSnapshot(95)) - omNode-2@group-523986131536: reply installSnapshot: omNode-1<-omNode-2#0:FAIL-t7,IN_PROGRESS
2022-10-18 03:54:12,053 [grpc-default-executor-1] INFO  server.GrpcServerProtocolService (GrpcServerProtocolService.java:onCompleted(140)) - omNode-2: Completed INSTALL_SNAPSHOT, lastRequest: omNode-1->omNode-2#0-t7,notify:(t:7, i:61)
2022-10-18 03:54:12,054 [grpc-default-executor-1] INFO  leader.FollowerInfo (FollowerInfoImpl.java:lambda$new$0(48)) - omNode-1@group-523986131536->omNode-2: nextIndex: updateUnconditionally 59 -> 59
2022-10-18 03:54:12,054 [grpc-default-executor-1] INFO  server.GrpcLogAppender (GrpcLogAppender.java:onNext(403)) - omNode-1@group-523986131536->omNode-2-InstallSnapshotResponseHandler: received a reply omNode-1<-omNode-2#0:FAIL-t7,IN_PROGRESS
2022-10-18 03:54:12,054 [grpc-default-executor-1] INFO  server.GrpcLogAppender (GrpcLogAppender.java:onNext(421)) - omNode-1@group-523986131536->omNode-2-InstallSnapshotResponseHandler: InstallSnapshot in progress.
2022-10-18 03:54:12,055 [omNode-1@group-523986131536->omNode-2-GrpcLogAppender-LogAppenderDaemon] INFO  server.GrpcLogAppender (GrpcLogAppender.java:installSnapshot(541)) - omNode-1@group-523986131536->omNode-2-GrpcLogAppender: followerNextIndex = 59 but logStartIndex = 61, notify follower to install snapshot-(t:7, i:61)
2022-10-18 03:54:12,055 [omNode-1@group-523986131536->omNode-2-GrpcLogAppender-LogAppenderDaemon] INFO  server.GrpcLogAppender (GrpcLogAppender.java:installSnapshot(549)) - omNode-1@group-523986131536->omNode-2-GrpcLogAppender: send omNode-1->omNode-2#0-t7,notify:(t:7, i:61)
2022-10-18 03:54:12,057 [omNode-2-server-thread1] INFO  server.RaftServer$Division (RaftServerImpl.java:checkInconsistentAppendEntries(1402)) - omNode-2@group-523986131536: Failed appendEntries as snapshot (61) installation is in progress
2022-10-18 03:54:12,057 [omNode-2-server-thread1] INFO  server.RaftServer$Division (RaftServerImpl.java:checkInconsistentAppendEntries(1394)) - omNode-2@group-523986131536: inconsistency entries. Reply:omNode-1<-omNode-2#547:FAIL-t7,INCONSISTENCY,nextIndex=59,followerCommit=58
2022-10-18 03:54:12,058 [grpc-default-executor-1] INFO  impl.SnapshotInstallationHandler (SnapshotInstallationHandler.java:installSnapshot(84)) - omNode-2@group-523986131536: receive installSnapshot: omNode-1->omNode-2#0-t7,notify:(t:7, i:61)
2022-10-18 03:54:12,058 [grpc-default-executor-1] INFO  impl.SnapshotInstallationHandler (SnapshotInstallationHandler.java:installSnapshot(95)) - omNode-2@group-523986131536: reply installSnapshot: omNode-1<-omNode-2#0:FAIL-t7,IN_PROGRESS
2022-10-18 03:54:12,058 [grpc-default-executor-0] INFO  leader.FollowerInfo (FollowerInfoImpl.java:lambda$new$0(48)) - omNode-1@group-523986131536->omNode-2: nextIndex: updateUnconditionally 59 -> 59
2022-10-18 03:54:12,059 [grpc-default-executor-0] INFO  server.GrpcLogAppender (GrpcLogAppender.java:onNext(403)) - omNode-1@group-523986131536->omNode-2-InstallSnapshotResponseHandler: received a reply omNode-1<-omNode-2#0:FAIL-t7,IN_PROGRESS
2022-10-18 03:54:12,059 [grpc-default-executor-0] INFO  server.GrpcLogAppender (GrpcLogAppender.java:onNext(421)) - omNode-1@group-523986131536->omNode-2-InstallSnapshotResponseHandler: InstallSnapshot in progress.
2022-10-18 03:54:12,063 [grpc-default-executor-1] INFO  server.GrpcServerProtocolService (GrpcServerProtocolService.java:onCompleted(140)) - omNode-2: Completed INSTALL_SNAPSHOT, lastRequest: omNode-1->omNode-2#0-t7,notify:(t:7, i:61)
2022-10-18 03:54:12,063 [omNode-1@group-523986131536->omNode-2-GrpcLogAppender-LogAppenderDaemon] INFO  server.GrpcLogAppender (GrpcLogAppender.java:installSnapshot(541)) - omNode-1@group-523986131536->omNode-2-GrpcLogAppender: followerNextIndex = 59 but logStartIndex = 61, notify follower to install snapshot-(t:7, i:61)
2022-10-18 03:54:12,064 [omNode-1@group-523986131536->omNode-2-GrpcLogAppender-LogAppenderDaemon] INFO  server.GrpcLogAppender (GrpcLogAppender.java:installSnapshot(549)) - omNode-1@group-523986131536->omNode-2-GrpcLogAppender: send omNode-1->omNode-2#0-t7,notify:(t:7, i:61)
2022-10-18 03:54:12,070 [omNode-2-server-thread1] INFO  server.RaftServer$Division (RaftServerImpl.java:checkInconsistentAppendEntries(1402)) - omNode-2@group-523986131536: Failed appendEntries as snapshot (61) installation is in progress
2022-10-18 03:54:12,071 [omNode-2-server-thread1] INFO  server.RaftServer$Division (RaftServerImpl.java:checkInconsistentAppendEntries(1394)) - omNode-2@group-523986131536: inconsistency entries. Reply:omNode-1<-omNode-2#548:FAIL-t7,INCONSISTENCY,nextIndex=59,followerCommit=58
2022-10-18 03:54:12,071 [grpc-default-executor-1] INFO  impl.SnapshotInstallationHandler (SnapshotInstallationHandler.java:installSnapshot(84)) - omNode-2@group-523986131536: receive installSnapshot: omNode-1->omNode-2#0-t7,notify:(t:7, i:61)
2022-10-18 03:54:12,071 [grpc-default-executor-1] INFO  impl.SnapshotInstallationHandler (SnapshotInstallationHandler.java:installSnapshot(95)) - omNode-2@group-523986131536: reply installSnapshot: omNode-1<-omNode-2#0:FAIL-t7,IN_PROGRESS
2022-10-18 03:54:12,071 [grpc-default-executor-1] INFO  server.GrpcServerProtocolService (GrpcServerProtocolService.java:onCompleted(140)) - omNode-2: Completed INSTALL_SNAPSHOT, lastRequest: omNode-1->omNode-2#0-t7,notify:(t:7, i:61)
2022-10-18 03:54:12,072 [grpc-default-executor-1] INFO  leader.FollowerInfo (FollowerInfoImpl.java:lambda$new$0(48)) - omNode-1@group-523986131536->omNode-2: nextIndex: updateUnconditionally 59 -> 59
2022-10-18 03:54:12,072 [grpc-default-executor-1] INFO  server.GrpcLogAppender (GrpcLogAppender.java:onNext(403)) - omNode-1@group-523986131536->omNode-2-InstallSnapshotResponseHandler: received a reply omNode-1<-omNode-2#0:FAIL-t7,IN_PROGRESS
2022-10-18 03:54:12,072 [grpc-default-executor-1] INFO  server.GrpcLogAppender (GrpcLogAppender.java:onNext(421)) - omNode-1@group-523986131536->omNode-2-InstallSnapshotResponseHandler: InstallSnapshot in progress.
2022-10-18 03:54:12,073 [omNode-1@group-523986131536->omNode-2-GrpcLogAppender-LogAppenderDaemon] INFO  server.GrpcLogAppender (GrpcLogAppender.java:installSnapshot(541)) - omNode-1@group-523986131536->omNode-2-GrpcLogAppender: followerNextIndex = 59 but logStartIndex = 61, notify follower to install snapshot-(t:7, i:61)
2022-10-18 03:54:12,073 [omNode-1@group-523986131536->omNode-2-GrpcLogAppender-LogAppenderDaemon] INFO  server.GrpcLogAppender (GrpcLogAppender.java:installSnapshot(549)) - omNode-1@group-523986131536->omNode-2-GrpcLogAppender: send omNode-1->omNode-2#0-t7,notify:(t:7, i:61)
2022-10-18 03:54:12,074 [omNode-2-server-thread1] INFO  server.RaftServer$Division (RaftServerImpl.java:checkInconsistentAppendEntries(1402)) - omNode-2@group-523986131536: Failed appendEntries as snapshot (61) installation is in progress
2022-10-18 03:54:12,074 [omNode-2-server-thread1] INFO  server.RaftServer$Division (RaftServerImpl.java:checkInconsistentAppendEntries(1394)) - omNode-2@group-523986131536: inconsistency entries. Reply:omNode-1<-omNode-2#549:FAIL-t7,INCONSISTENCY,nextIndex=59,followerCommit=58
2022-10-18 03:54:12,076 [grpc-default-executor-1] INFO  impl.SnapshotInstallationHandler (SnapshotInstallationHandler.java:installSnapshot(84)) - omNode-2@group-523986131536: receive installSnapshot: omNode-1->omNode-2#0-t7,notify:(t:7, i:61)
2022-10-18 03:54:12,076 [grpc-default-executor-1] INFO  impl.SnapshotInstallationHandler (SnapshotInstallationHandler.java:installSnapshot(95)) - omNode-2@group-523986131536: reply installSnapshot: omNode-1<-omNode-2#0:FAIL-t7,IN_PROGRESS
2022-10-18 03:54:12,076 [grpc-default-executor-1] INFO  server.GrpcServerProtocolService (GrpcServerProtocolService.java:onCompleted(140)) - omNode-2: Completed INSTALL_SNAPSHOT, lastRequest: omNode-1->omNode-2#0-t7,notify:(t:7, i:61)
2022-10-18 03:54:12,078 [grpc-default-executor-1] INFO  leader.FollowerInfo (FollowerInfoImpl.java:lambda$new$0(48)) - omNode-1@group-523986131536->omNode-2: nextIndex: updateUnconditionally 59 -> 59
2022-10-18 03:54:12,078 [grpc-default-executor-1] INFO  server.GrpcLogAppender (GrpcLogAppender.java:onNext(403)) - omNode-1@group-523986131536->omNode-2-InstallSnapshotResponseHandler: received a reply omNode-1<-omNode-2#0:FAIL-t7,IN_PROGRESS
2022-10-18 03:54:12,078 [grpc-default-executor-1] INFO  server.GrpcLogAppender (GrpcLogAppender.java:onNext(421)) - omNode-1@group-523986131536->omNode-2-InstallSnapshotResponseHandler: InstallSnapshot in progress.
2022-10-18 03:54:12,079 [omNode-1@group-523986131536->omNode-2-GrpcLogAppender-LogAppenderDaemon] INFO  server.GrpcLogAppender (GrpcLogAppender.java:installSnapshot(541)) - omNode-1@group-523986131536->omNode-2-GrpcLogAppender: followerNextIndex = 59 but logStartIndex = 61, notify follower to install snapshot-(t:7, i:61)
2022-10-18 03:54:12,079 [omNode-1@group-523986131536->omNode-2-GrpcLogAppender-LogAppenderDaemon] INFO  server.GrpcLogAppender (GrpcLogAppender.java:installSnapshot(549)) - omNode-1@group-523986131536->omNode-2-GrpcLogAppender: send omNode-1->omNode-2#0-t7,notify:(t:7, i:61)
2022-10-18 03:54:12,080 [omNode-2-server-thread1] INFO  server.RaftServer$Division (RaftServerImpl.java:checkInconsistentAppendEntries(1402)) - omNode-2@group-523986131536: Failed appendEntries as snapshot (61) installation is in progress
2022-10-18 03:54:12,080 [omNode-2-server-thread1] INFO  server.RaftServer$Division (RaftServerImpl.java:checkInconsistentAppendEntries(1394)) - omNode-2@group-523986131536: inconsistency entries. Reply:omNode-1<-omNode-2#550:FAIL-t7,INCONSISTENCY,nextIndex=59,followerCommit=58
2022-10-18 03:54:12,080 [grpc-default-executor-1] INFO  impl.SnapshotInstallationHandler (SnapshotInstallationHandler.java:installSnapshot(84)) - omNode-2@group-523986131536: receive installSnapshot: omNode-1->omNode-2#0-t7,notify:(t:7, i:61)
2022-10-18 03:54:12,080 [grpc-default-executor-1] INFO  impl.SnapshotInstallationHandler (SnapshotInstallationHandler.java:installSnapshot(95)) - omNode-2@group-523986131536: reply installSnapshot: omNode-1<-omNode-2#0:FAIL-t7,IN_PROGRESS
2022-10-18 03:54:12,081 [grpc-default-executor-1] INFO  server.GrpcServerProtocolService (GrpcServerProtocolService.java:onCompleted(140)) - omNode-2: Completed INSTALL_SNAPSHOT, lastRequest: omNode-1->omNode-2#0-t7,notify:(t:7, i:61)
2022-10-18 03:54:12,083 [grpc-default-executor-1] INFO  leader.FollowerInfo (FollowerInfoImpl.java:lambda$new$0(48)) - omNode-1@group-523986131536->omNode-2: nextIndex: updateUnconditionally 59 -> 59
2022-10-18 03:54:12,084 [grpc-default-executor-1] INFO  server.GrpcLogAppender (GrpcLogAppender.java:onNext(403)) - omNode-1@group-523986131536->omNode-2-InstallSnapshotResponseHandler: received a reply omNode-1<-omNode-2#0:FAIL-t7,IN_PROGRESS
2022-10-18 03:54:12,084 [grpc-default-executor-1] INFO  server.GrpcLogAppender (GrpcLogAppender.java:onNext(421)) - omNode-1@group-523986131536->omNode-2-InstallSnapshotResponseHandler: InstallSnapshot in progress.
2022-10-18 03:54:12,084 [omNode-1@group-523986131536->omNode-2-GrpcLogAppender-LogAppenderDaemon] INFO  server.GrpcLogAppender (GrpcLogAppender.java:installSnapshot(541)) - omNode-1@group-523986131536->omNode-2-GrpcLogAppender: followerNextIndex = 59 but logStartIndex = 61, notify follower to install snapshot-(t:7, i:61)
2022-10-18 03:54:12,084 [omNode-1@group-523986131536->omNode-2-GrpcLogAppender-LogAppenderDaemon] INFO  server.GrpcLogAppender (GrpcLogAppender.java:installSnapshot(549)) - omNode-1@group-523986131536->omNode-2-GrpcLogAppender: send omNode-1->omNode-2#0-t7,notify:(t:7, i:61)
2022-10-18 03:54:12,088 [omNode-2-server-thread1] INFO  server.RaftServer$Division (RaftServerImpl.java:checkInconsistentAppendEntries(1402)) - omNode-2@group-523986131536: Failed appendEntries as snapshot (61) installation is in progress
2022-10-18 03:54:12,088 [omNode-2-server-thread1] INFO  server.RaftServer$Division (RaftServerImpl.java:checkInconsistentAppendEntries(1394)) - omNode-2@group-523986131536: inconsistency entries. Reply:omNode-1<-omNode-2#551:FAIL-t7,INCONSISTENCY,nextIndex=59,followerCommit=58
2022-10-18 03:54:12,088 [grpc-default-executor-1] INFO  impl.SnapshotInstallationHandler (SnapshotInstallationHandler.java:installSnapshot(84)) - omNode-2@group-523986131536: receive installSnapshot: omNode-1->omNode-2#0-t7,notify:(t:7, i:61)
2022-10-18 03:54:12,088 [grpc-default-executor-1] INFO  impl.SnapshotInstallationHandler (SnapshotInstallationHandler.java:installSnapshot(95)) - omNode-2@group-523986131536: reply installSnapshot: omNode-1<-omNode-2#0:FAIL-t7,IN_PROGRESS
2022-10-18 03:54:12,089 [grpc-default-executor-1] INFO  server.GrpcServerProtocolService (GrpcServerProtocolService.java:onCompleted(140)) - omNode-2: Completed INSTALL_SNAPSHOT, lastRequest: omNode-1->omNode-2#0-t7,notify:(t:7, i:61)
2022-10-18 03:54:12,089 [grpc-default-executor-1] INFO  leader.FollowerInfo (FollowerInfoImpl.java:lambda$new$0(48)) - omNode-1@group-523986131536->omNode-2: nextIndex: updateUnconditionally 59 -> 59
2022-10-18 03:54:12,150 [grpc-default-executor-0] INFO  server.GrpcLogAppender (GrpcLogAppender.java:onNext(403)) - omNode-1@group-523986131536->omNode-2-InstallSnapshotResponseHandler: received a reply omNode-1<-omNode-2#0:FAIL-t7,IN_PROGRESS
2022-10-18 03:54:12,150 [grpc-default-executor-0] INFO  server.GrpcLogAppender (GrpcLogAppender.java:onNext(421)) - omNode-1@group-523986131536->omNode-2-InstallSnapshotResponseHandler: InstallSnapshot in progress.
2022-10-18 03:54:12,158 [omNode-1@group-523986131536->omNode-2-GrpcLogAppender-LogAppenderDaemon] INFO  server.GrpcLogAppender (GrpcLogAppender.java:installSnapshot(541)) - omNode-1@group-523986131536->omNode-2-GrpcLogAppender: followerNextIndex = 59 but logStartIndex = 61, notify follower to install snapshot-(t:7, i:61)
2022-10-18 03:54:12,158 [omNode-1@group-523986131536->omNode-2-GrpcLogAppender-LogAppenderDaemon] INFO  server.GrpcLogAppender (GrpcLogAppender.java:installSnapshot(549)) - omNode-1@group-523986131536->omNode-2-GrpcLogAppender: send omNode-1->omNode-2#0-t7,notify:(t:7, i:61)
2022-10-18 03:54:12,159 [omNode-2-server-thread1] INFO  server.RaftServer$Division (RaftServerImpl.java:checkInconsistentAppendEntries(1402)) - omNode-2@group-523986131536: Failed appendEntries as snapshot (61) installation is in progress
2022-10-18 03:54:12,159 [omNode-2-server-thread1] INFO  server.RaftServer$Division (RaftServerImpl.java:checkInconsistentAppendEntries(1394)) - omNode-2@group-523986131536: inconsistency entries. Reply:omNode-1<-omNode-2#552:FAIL-t7,INCONSISTENCY,nextIndex=59,followerCommit=58
2022-10-18 03:54:12,160 [grpc-default-executor-3] INFO  leader.FollowerInfo (FollowerInfoImpl.java:lambda$new$0(48)) - omNode-1@group-523986131536->omNode-2: nextIndex: updateUnconditionally 59 -> 59
2022-10-18 03:54:12,165 [grpc-default-executor-0] INFO  impl.SnapshotInstallationHandler (SnapshotInstallationHandler.java:installSnapshot(84)) - omNode-2@group-523986131536: receive installSnapshot: omNode-1->omNode-2#0-t7,notify:(t:7, i:61)
2022-10-18 03:54:12,165 [grpc-default-executor-0] INFO  impl.SnapshotInstallationHandler (SnapshotInstallationHandler.java:installSnapshot(95)) - omNode-2@group-523986131536: reply installSnapshot: omNode-1<-omNode-2#0:FAIL-t7,IN_PROGRESS
2022-10-18 03:54:12,165 [grpc-default-executor-0] INFO  server.GrpcServerProtocolService (GrpcServerProtocolService.java:onCompleted(140)) - omNode-2: Completed INSTALL_SNAPSHOT, lastRequest: omNode-1->omNode-2#0-t7,notify:(t:7, i:61)
2022-10-18 03:54:12,166 [pool-366-thread-1] INFO  om.OzoneManager (OzoneManager.java:instantiateServices(712)) - S3 Multi-Tenancy is disabled
2022-10-18 03:54:12,170 [grpc-default-executor-0] INFO  server.GrpcLogAppender (GrpcLogAppender.java:onNext(403)) - omNode-1@group-523986131536->omNode-2-InstallSnapshotResponseHandler: received a reply omNode-1<-omNode-2#0:FAIL-t7,IN_PROGRESS
2022-10-18 03:54:12,170 [grpc-default-executor-0] INFO  server.GrpcLogAppender (GrpcLogAppender.java:onNext(421)) - omNode-1@group-523986131536->omNode-2-InstallSnapshotResponseHandler: InstallSnapshot in progress.
2022-10-18 03:54:12,170 [omNode-1@group-523986131536->omNode-2-GrpcLogAppender-LogAppenderDaemon] INFO  server.GrpcLogAppender (GrpcLogAppender.java:installSnapshot(541)) - omNode-1@group-523986131536->omNode-2-GrpcLogAppender: followerNextIndex = 59 but logStartIndex = 61, notify follower to install snapshot-(t:7, i:61)
2022-10-18 03:54:12,170 [omNode-1@group-523986131536->omNode-2-GrpcLogAppender-LogAppenderDaemon] INFO  server.GrpcLogAppender (GrpcLogAppender.java:installSnapshot(549)) - omNode-1@group-523986131536->omNode-2-GrpcLogAppender: send omNode-1->omNode-2#0-t7,notify:(t:7, i:61)
2022-10-18 03:54:12,171 [omNode-2-server-thread1] INFO  server.RaftServer$Division (RaftServerImpl.java:checkInconsistentAppendEntries(1402)) - omNode-2@group-523986131536: Failed appendEntries as snapshot (61) installation is in progress
2022-10-18 03:54:12,171 [omNode-2-server-thread1] INFO  server.RaftServer$Division (RaftServerImpl.java:checkInconsistentAppendEntries(1394)) - omNode-2@group-523986131536: inconsistency entries. Reply:omNode-1<-omNode-2#553:FAIL-t7,INCONSISTENCY,nextIndex=59,followerCommit=58
2022-10-18 03:54:12,171 [grpc-default-executor-1] INFO  leader.FollowerInfo (FollowerInfoImpl.java:lambda$new$0(48)) - omNode-1@group-523986131536->omNode-2: nextIndex: updateUnconditionally 59 -> 59
2022-10-18 03:54:12,174 [grpc-default-executor-0] INFO  impl.SnapshotInstallationHandler (SnapshotInstallationHandler.java:installSnapshot(84)) - omNode-2@group-523986131536: receive installSnapshot: omNode-1->omNode-2#0-t7,notify:(t:7, i:61)
2022-10-18 03:54:12,174 [grpc-default-executor-0] INFO  impl.SnapshotInstallationHandler (SnapshotInstallationHandler.java:installSnapshot(95)) - omNode-2@group-523986131536: reply installSnapshot: omNode-1<-omNode-2#0:FAIL-t7,IN_PROGRESS
2022-10-18 03:54:12,174 [grpc-default-executor-0] INFO  server.GrpcServerProtocolService (GrpcServerProtocolService.java:onCompleted(140)) - omNode-2: Completed INSTALL_SNAPSHOT, lastRequest: omNode-1->omNode-2#0-t7,notify:(t:7, i:61)
2022-10-18 03:54:12,177 [grpc-default-executor-0] INFO  server.GrpcLogAppender (GrpcLogAppender.java:onNext(403)) - omNode-1@group-523986131536->omNode-2-InstallSnapshotResponseHandler: received a reply omNode-1<-omNode-2#0:FAIL-t7,IN_PROGRESS
2022-10-18 03:54:12,177 [grpc-default-executor-0] INFO  server.GrpcLogAppender (GrpcLogAppender.java:onNext(421)) - omNode-1@group-523986131536->omNode-2-InstallSnapshotResponseHandler: InstallSnapshot in progress.
2022-10-18 03:54:12,178 [omNode-1@group-523986131536->omNode-2-GrpcLogAppender-LogAppenderDaemon] INFO  server.GrpcLogAppender (GrpcLogAppender.java:installSnapshot(541)) - omNode-1@group-523986131536->omNode-2-GrpcLogAppender: followerNextIndex = 59 but logStartIndex = 61, notify follower to install snapshot-(t:7, i:61)
2022-10-18 03:54:12,178 [omNode-1@group-523986131536->omNode-2-GrpcLogAppender-LogAppenderDaemon] INFO  server.GrpcLogAppender (GrpcLogAppender.java:installSnapshot(549)) - omNode-1@group-523986131536->omNode-2-GrpcLogAppender: send omNode-1->omNode-2#0-t7,notify:(t:7, i:61)
2022-10-18 03:54:12,178 [omNode-2-server-thread1] INFO  server.RaftServer$Division (RaftServerImpl.java:checkInconsistentAppendEntries(1402)) - omNode-2@group-523986131536: Failed appendEntries as snapshot (61) installation is in progress
2022-10-18 03:54:12,178 [omNode-2-server-thread1] INFO  server.RaftServer$Division (RaftServerImpl.java:checkInconsistentAppendEntries(1394)) - omNode-2@group-523986131536: inconsistency entries. Reply:omNode-1<-omNode-2#554:FAIL-t7,INCONSISTENCY,nextIndex=59,followerCommit=58
2022-10-18 03:54:12,179 [grpc-default-executor-0] INFO  leader.FollowerInfo (FollowerInfoImpl.java:lambda$new$0(48)) - omNode-1@group-523986131536->omNode-2: nextIndex: updateUnconditionally 59 -> 59
2022-10-18 03:54:12,179 [grpc-default-executor-1] INFO  impl.SnapshotInstallationHandler (SnapshotInstallationHandler.java:installSnapshot(84)) - omNode-2@group-523986131536: receive installSnapshot: omNode-1->omNode-2#0-t7,notify:(t:7, i:61)
2022-10-18 03:54:12,179 [grpc-default-executor-1] INFO  impl.SnapshotInstallationHandler (SnapshotInstallationHandler.java:installSnapshot(95)) - omNode-2@group-523986131536: reply installSnapshot: omNode-1<-omNode-2#0:FAIL-t7,IN_PROGRESS
2022-10-18 03:54:12,179 [grpc-default-executor-1] INFO  server.GrpcServerProtocolService (GrpcServerProtocolService.java:onCompleted(140)) - omNode-2: Completed INSTALL_SNAPSHOT, lastRequest: omNode-1->omNode-2#0-t7,notify:(t:7, i:61)
2022-10-18 03:54:12,180 [grpc-default-executor-0] INFO  server.GrpcLogAppender (GrpcLogAppender.java:onNext(403)) - omNode-1@group-523986131536->omNode-2-InstallSnapshotResponseHandler: received a reply omNode-1<-omNode-2#0:FAIL-t7,IN_PROGRESS
2022-10-18 03:54:12,180 [grpc-default-executor-0] INFO  server.GrpcLogAppender (GrpcLogAppender.java:onNext(421)) - omNode-1@group-523986131536->omNode-2-InstallSnapshotResponseHandler: InstallSnapshot in progress.
2022-10-18 03:54:12,180 [omNode-1@group-523986131536->omNode-2-GrpcLogAppender-LogAppenderDaemon] INFO  server.GrpcLogAppender (GrpcLogAppender.java:installSnapshot(541)) - omNode-1@group-523986131536->omNode-2-GrpcLogAppender: followerNextIndex = 59 but logStartIndex = 61, notify follower to install snapshot-(t:7, i:61)
2022-10-18 03:54:12,180 [omNode-1@group-523986131536->omNode-2-GrpcLogAppender-LogAppenderDaemon] INFO  server.GrpcLogAppender (GrpcLogAppender.java:installSnapshot(549)) - omNode-1@group-523986131536->omNode-2-GrpcLogAppender: send omNode-1->omNode-2#0-t7,notify:(t:7, i:61)
2022-10-18 03:54:12,180 [omNode-2-server-thread1] INFO  server.RaftServer$Division (RaftServerImpl.java:checkInconsistentAppendEntries(1402)) - omNode-2@group-523986131536: Failed appendEntries as snapshot (61) installation is in progress
2022-10-18 03:54:12,181 [omNode-2-server-thread1] INFO  server.RaftServer$Division (RaftServerImpl.java:checkInconsistentAppendEntries(1394)) - omNode-2@group-523986131536: inconsistency entries. Reply:omNode-1<-omNode-2#555:FAIL-t7,INCONSISTENCY,nextIndex=59,followerCommit=58
2022-10-18 03:54:12,181 [grpc-default-executor-0] INFO  impl.SnapshotInstallationHandler (SnapshotInstallationHandler.java:installSnapshot(84)) - omNode-2@group-523986131536: receive installSnapshot: omNode-1->omNode-2#0-t7,notify:(t:7, i:61)
2022-10-18 03:54:12,181 [grpc-default-executor-1] INFO  leader.FollowerInfo (FollowerInfoImpl.java:lambda$new$0(48)) - omNode-1@group-523986131536->omNode-2: nextIndex: updateUnconditionally 59 -> 59
2022-10-18 03:54:12,182 [grpc-default-executor-0] INFO  impl.SnapshotInstallationHandler (SnapshotInstallationHandler.java:installSnapshot(95)) - omNode-2@group-523986131536: reply installSnapshot: omNode-1<-omNode-2#0:FAIL-t7,IN_PROGRESS
2022-10-18 03:54:12,182 [grpc-default-executor-0] INFO  server.GrpcServerProtocolService (GrpcServerProtocolService.java:onCompleted(140)) - omNode-2: Completed INSTALL_SNAPSHOT, lastRequest: omNode-1->omNode-2#0-t7,notify:(t:7, i:61)
2022-10-18 03:54:12,182 [grpc-default-executor-0] INFO  server.GrpcLogAppender (GrpcLogAppender.java:onNext(403)) - omNode-1@group-523986131536->omNode-2-InstallSnapshotResponseHandler: received a reply omNode-1<-omNode-2#0:FAIL-t7,IN_PROGRESS
2022-10-18 03:54:12,182 [grpc-default-executor-0] INFO  server.GrpcLogAppender (GrpcLogAppender.java:onNext(421)) - omNode-1@group-523986131536->omNode-2-InstallSnapshotResponseHandler: InstallSnapshot in progress.
2022-10-18 03:54:12,182 [omNode-1@group-523986131536->omNode-2-GrpcLogAppender-LogAppenderDaemon] INFO  server.GrpcLogAppender (GrpcLogAppender.java:installSnapshot(541)) - omNode-1@group-523986131536->omNode-2-GrpcLogAppender: followerNextIndex = 59 but logStartIndex = 61, notify follower to install snapshot-(t:7, i:61)
2022-10-18 03:54:12,183 [omNode-1@group-523986131536->omNode-2-GrpcLogAppender-LogAppenderDaemon] INFO  server.GrpcLogAppender (GrpcLogAppender.java:installSnapshot(549)) - omNode-1@group-523986131536->omNode-2-GrpcLogAppender: send omNode-1->omNode-2#0-t7,notify:(t:7, i:61)
2022-10-18 03:54:12,183 [omNode-2-server-thread1] INFO  server.RaftServer$Division (RaftServerImpl.java:checkInconsistentAppendEntries(1402)) - omNode-2@group-523986131536: Failed appendEntries as snapshot (61) installation is in progress
2022-10-18 03:54:12,184 [omNode-2-server-thread1] INFO  server.RaftServer$Division (RaftServerImpl.java:checkInconsistentAppendEntries(1394)) - omNode-2@group-523986131536: inconsistency entries. Reply:omNode-1<-omNode-2#556:FAIL-t7,INCONSISTENCY,nextIndex=59,followerCommit=58
2022-10-18 03:54:12,184 [grpc-default-executor-3] INFO  leader.FollowerInfo (FollowerInfoImpl.java:lambda$new$0(48)) - omNode-1@group-523986131536->omNode-2: nextIndex: updateUnconditionally 59 -> 59
2022-10-18 03:54:12,187 [grpc-default-executor-0] INFO  impl.SnapshotInstallationHandler (SnapshotInstallationHandler.java:installSnapshot(84)) - omNode-2@group-523986131536: receive installSnapshot: omNode-1->omNode-2#0-t7,notify:(t:7, i:61)
2022-10-18 03:54:12,187 [grpc-default-executor-0] INFO  impl.SnapshotInstallationHandler (SnapshotInstallationHandler.java:installSnapshot(95)) - omNode-2@group-523986131536: reply installSnapshot: omNode-1<-omNode-2#0:FAIL-t7,IN_PROGRESS
2022-10-18 03:54:12,187 [grpc-default-executor-0] INFO  server.GrpcServerProtocolService (GrpcServerProtocolService.java:onCompleted(140)) - omNode-2: Completed INSTALL_SNAPSHOT, lastRequest: omNode-1->omNode-2#0-t7,notify:(t:7, i:61)
2022-10-18 03:54:12,187 [grpc-default-executor-0] INFO  server.GrpcLogAppender (GrpcLogAppender.java:onNext(403)) - omNode-1@group-523986131536->omNode-2-InstallSnapshotResponseHandler: received a reply omNode-1<-omNode-2#0:FAIL-t7,IN_PROGRESS
2022-10-18 03:54:12,188 [grpc-default-executor-0] INFO  server.GrpcLogAppender (GrpcLogAppender.java:onNext(421)) - omNode-1@group-523986131536->omNode-2-InstallSnapshotResponseHandler: InstallSnapshot in progress.
2022-10-18 03:54:12,188 [omNode-1@group-523986131536->omNode-2-GrpcLogAppender-LogAppenderDaemon] INFO  server.GrpcLogAppender (GrpcLogAppender.java:installSnapshot(541)) - omNode-1@group-523986131536->omNode-2-GrpcLogAppender: followerNextIndex = 59 but logStartIndex = 61, notify follower to install snapshot-(t:7, i:61)
2022-10-18 03:54:12,188 [omNode-1@group-523986131536->omNode-2-GrpcLogAppender-LogAppenderDaemon] INFO  server.GrpcLogAppender (GrpcLogAppender.java:installSnapshot(549)) - omNode-1@group-523986131536->omNode-2-GrpcLogAppender: send omNode-1->omNode-2#0-t7,notify:(t:7, i:61)
2022-10-18 03:54:12,189 [omNode-2-server-thread1] INFO  server.RaftServer$Division (RaftServerImpl.java:checkInconsistentAppendEntries(1402)) - omNode-2@group-523986131536: Failed appendEntries as snapshot (61) installation is in progress
2022-10-18 03:54:12,189 [omNode-2-server-thread1] INFO  server.RaftServer$Division (RaftServerImpl.java:checkInconsistentAppendEntries(1394)) - omNode-2@group-523986131536: inconsistency entries. Reply:omNode-1<-omNode-2#557:FAIL-t7,INCONSISTENCY,nextIndex=59,followerCommit=58
2022-10-18 03:54:12,189 [grpc-default-executor-1] INFO  leader.FollowerInfo (FollowerInfoImpl.java:lambda$new$0(48)) - omNode-1@group-523986131536->omNode-2: nextIndex: updateUnconditionally 59 -> 59
2022-10-18 03:54:12,190 [grpc-default-executor-0] INFO  impl.SnapshotInstallationHandler (SnapshotInstallationHandler.java:installSnapshot(84)) - omNode-2@group-523986131536: receive installSnapshot: omNode-1->omNode-2#0-t7,notify:(t:7, i:61)
2022-10-18 03:54:12,190 [grpc-default-executor-0] INFO  impl.SnapshotInstallationHandler (SnapshotInstallationHandler.java:installSnapshot(95)) - omNode-2@group-523986131536: reply installSnapshot: omNode-1<-omNode-2#0:FAIL-t7,IN_PROGRESS
2022-10-18 03:54:12,190 [grpc-default-executor-0] INFO  server.GrpcServerProtocolService (GrpcServerProtocolService.java:onCompleted(140)) - omNode-2: Completed INSTALL_SNAPSHOT, lastRequest: omNode-1->omNode-2#0-t7,notify:(t:7, i:61)
2022-10-18 03:54:12,191 [grpc-default-executor-0] INFO  server.GrpcLogAppender (GrpcLogAppender.java:onNext(403)) - omNode-1@group-523986131536->omNode-2-InstallSnapshotResponseHandler: received a reply omNode-1<-omNode-2#0:FAIL-t7,IN_PROGRESS
2022-10-18 03:54:12,191 [grpc-default-executor-0] INFO  server.GrpcLogAppender (GrpcLogAppender.java:onNext(421)) - omNode-1@group-523986131536->omNode-2-InstallSnapshotResponseHandler: InstallSnapshot in progress.
2022-10-18 03:54:12,191 [omNode-1@group-523986131536->omNode-2-GrpcLogAppender-LogAppenderDaemon] INFO  server.GrpcLogAppender (GrpcLogAppender.java:installSnapshot(541)) - omNode-1@group-523986131536->omNode-2-GrpcLogAppender: followerNextIndex = 59 but logStartIndex = 61, notify follower to install snapshot-(t:7, i:61)
2022-10-18 03:54:12,191 [omNode-1@group-523986131536->omNode-2-GrpcLogAppender-LogAppenderDaemon] INFO  server.GrpcLogAppender (GrpcLogAppender.java:installSnapshot(549)) - omNode-1@group-523986131536->omNode-2-GrpcLogAppender: send omNode-1->omNode-2#0-t7,notify:(t:7, i:61)
2022-10-18 03:54:12,192 [omNode-2-server-thread1] INFO  server.RaftServer$Division (RaftServerImpl.java:checkInconsistentAppendEntries(1402)) - omNode-2@group-523986131536: Failed appendEntries as snapshot (61) installation is in progress
2022-10-18 03:54:12,192 [omNode-2-server-thread1] INFO  server.RaftServer$Division (RaftServerImpl.java:checkInconsistentAppendEntries(1394)) - omNode-2@group-523986131536: inconsistency entries. Reply:omNode-1<-omNode-2#558:FAIL-t7,INCONSISTENCY,nextIndex=59,followerCommit=58
2022-10-18 03:54:12,192 [grpc-default-executor-3] INFO  impl.SnapshotInstallationHandler (SnapshotInstallationHandler.java:installSnapshot(84)) - omNode-2@group-523986131536: receive installSnapshot: omNode-1->omNode-2#0-t7,notify:(t:7, i:61)
2022-10-18 03:54:12,192 [grpc-default-executor-3] INFO  impl.SnapshotInstallationHandler (SnapshotInstallationHandler.java:installSnapshot(95)) - omNode-2@group-523986131536: reply installSnapshot: omNode-1<-omNode-2#0:FAIL-t7,IN_PROGRESS
2022-10-18 03:54:12,193 [grpc-default-executor-3] INFO  server.GrpcServerProtocolService (GrpcServerProtocolService.java:onCompleted(140)) - omNode-2: Completed INSTALL_SNAPSHOT, lastRequest: omNode-1->omNode-2#0-t7,notify:(t:7, i:61)
2022-10-18 03:54:12,193 [grpc-default-executor-1] INFO  leader.FollowerInfo (FollowerInfoImpl.java:lambda$new$0(48)) - omNode-1@group-523986131536->omNode-2: nextIndex: updateUnconditionally 59 -> 59
2022-10-18 03:54:12,193 [grpc-default-executor-1] INFO  server.GrpcLogAppender (GrpcLogAppender.java:onNext(403)) - omNode-1@group-523986131536->omNode-2-InstallSnapshotResponseHandler: received a reply omNode-1<-omNode-2#0:FAIL-t7,IN_PROGRESS
2022-10-18 03:54:12,193 [grpc-default-executor-1] INFO  server.GrpcLogAppender (GrpcLogAppender.java:onNext(421)) - omNode-1@group-523986131536->omNode-2-InstallSnapshotResponseHandler: InstallSnapshot in progress.
2022-10-18 03:54:12,194 [omNode-1@group-523986131536->omNode-2-GrpcLogAppender-LogAppenderDaemon] INFO  server.GrpcLogAppender (GrpcLogAppender.java:installSnapshot(541)) - omNode-1@group-523986131536->omNode-2-GrpcLogAppender: followerNextIndex = 59 but logStartIndex = 61, notify follower to install snapshot-(t:7, i:61)
2022-10-18 03:54:12,194 [omNode-1@group-523986131536->omNode-2-GrpcLogAppender-LogAppenderDaemon] INFO  server.GrpcLogAppender (GrpcLogAppender.java:installSnapshot(549)) - omNode-1@group-523986131536->omNode-2-GrpcLogAppender: send omNode-1->omNode-2#0-t7,notify:(t:7, i:61)
2022-10-18 03:54:12,195 [omNode-2-server-thread1] INFO  server.RaftServer$Division (RaftServerImpl.java:checkInconsistentAppendEntries(1402)) - omNode-2@group-523986131536: Failed appendEntries as snapshot (61) installation is in progress
2022-10-18 03:54:12,195 [omNode-2-server-thread1] INFO  server.RaftServer$Division (RaftServerImpl.java:checkInconsistentAppendEntries(1394)) - omNode-2@group-523986131536: inconsistency entries. Reply:omNode-1<-omNode-2#559:FAIL-t7,INCONSISTENCY,nextIndex=59,followerCommit=58
2022-10-18 03:54:12,195 [grpc-default-executor-1] INFO  impl.SnapshotInstallationHandler (SnapshotInstallationHandler.java:installSnapshot(84)) - omNode-2@group-523986131536: receive installSnapshot: omNode-1->omNode-2#0-t7,notify:(t:7, i:61)
2022-10-18 03:54:12,195 [grpc-default-executor-1] INFO  impl.SnapshotInstallationHandler (SnapshotInstallationHandler.java:installSnapshot(95)) - omNode-2@group-523986131536: reply installSnapshot: omNode-1<-omNode-2#0:FAIL-t7,IN_PROGRESS
2022-10-18 03:54:12,196 [grpc-default-executor-1] INFO  server.GrpcServerProtocolService (GrpcServerProtocolService.java:onCompleted(140)) - omNode-2: Completed INSTALL_SNAPSHOT, lastRequest: omNode-1->omNode-2#0-t7,notify:(t:7, i:61)
2022-10-18 03:54:12,196 [grpc-default-executor-1] INFO  leader.FollowerInfo (FollowerInfoImpl.java:lambda$new$0(48)) - omNode-1@group-523986131536->omNode-2: nextIndex: updateUnconditionally 59 -> 59
2022-10-18 03:54:12,196 [grpc-default-executor-1] INFO  server.GrpcLogAppender (GrpcLogAppender.java:onNext(403)) - omNode-1@group-523986131536->omNode-2-InstallSnapshotResponseHandler: received a reply omNode-1<-omNode-2#0:FAIL-t7,IN_PROGRESS
2022-10-18 03:54:12,196 [grpc-default-executor-1] INFO  server.GrpcLogAppender (GrpcLogAppender.java:onNext(421)) - omNode-1@group-523986131536->omNode-2-InstallSnapshotResponseHandler: InstallSnapshot in progress.
2022-10-18 03:54:12,197 [omNode-1@group-523986131536->omNode-2-GrpcLogAppender-LogAppenderDaemon] INFO  server.GrpcLogAppender (GrpcLogAppender.java:installSnapshot(541)) - omNode-1@group-523986131536->omNode-2-GrpcLogAppender: followerNextIndex = 59 but logStartIndex = 61, notify follower to install snapshot-(t:7, i:61)
2022-10-18 03:54:12,197 [omNode-1@group-523986131536->omNode-2-GrpcLogAppender-LogAppenderDaemon] INFO  server.GrpcLogAppender (GrpcLogAppender.java:installSnapshot(549)) - omNode-1@group-523986131536->omNode-2-GrpcLogAppender: send omNode-1->omNode-2#0-t7,notify:(t:7, i:61)
2022-10-18 03:54:12,198 [omNode-2-server-thread1] INFO  server.RaftServer$Division (RaftServerImpl.java:checkInconsistentAppendEntries(1402)) - omNode-2@group-523986131536: Failed appendEntries as snapshot (61) installation is in progress
2022-10-18 03:54:12,198 [omNode-2-server-thread1] INFO  server.RaftServer$Division (RaftServerImpl.java:checkInconsistentAppendEntries(1394)) - omNode-2@group-523986131536: inconsistency entries. Reply:omNode-1<-omNode-2#560:FAIL-t7,INCONSISTENCY,nextIndex=59,followerCommit=58
2022-10-18 03:54:12,198 [grpc-default-executor-1] INFO  impl.SnapshotInstallationHandler (SnapshotInstallationHandler.java:installSnapshot(84)) - omNode-2@group-523986131536: receive installSnapshot: omNode-1->omNode-2#0-t7,notify:(t:7, i:61)
2022-10-18 03:54:12,198 [grpc-default-executor-1] INFO  impl.SnapshotInstallationHandler (SnapshotInstallationHandler.java:installSnapshot(95)) - omNode-2@group-523986131536: reply installSnapshot: omNode-1<-omNode-2#0:FAIL-t7,IN_PROGRESS
2022-10-18 03:54:12,198 [grpc-default-executor-1] INFO  server.GrpcServerProtocolService (GrpcServerProtocolService.java:onCompleted(140)) - omNode-2: Completed INSTALL_SNAPSHOT, lastRequest: omNode-1->omNode-2#0-t7,notify:(t:7, i:61)
2022-10-18 03:54:12,199 [grpc-default-executor-1] INFO  leader.FollowerInfo (FollowerInfoImpl.java:lambda$new$0(48)) - omNode-1@group-523986131536->omNode-2: nextIndex: updateUnconditionally 59 -> 59
2022-10-18 03:54:12,199 [grpc-default-executor-1] INFO  server.GrpcLogAppender (GrpcLogAppender.java:onNext(403)) - omNode-1@group-523986131536->omNode-2-InstallSnapshotResponseHandler: received a reply omNode-1<-omNode-2#0:FAIL-t7,IN_PROGRESS
2022-10-18 03:54:12,199 [grpc-default-executor-1] INFO  server.GrpcLogAppender (GrpcLogAppender.java:onNext(421)) - omNode-1@group-523986131536->omNode-2-InstallSnapshotResponseHandler: InstallSnapshot in progress.
2022-10-18 03:54:12,199 [omNode-1@group-523986131536->omNode-2-GrpcLogAppender-LogAppenderDaemon] INFO  server.GrpcLogAppender (GrpcLogAppender.java:installSnapshot(541)) - omNode-1@group-523986131536->omNode-2-GrpcLogAppender: followerNextIndex = 59 but logStartIndex = 61, notify follower to install snapshot-(t:7, i:61)
2022-10-18 03:54:12,199 [omNode-1@group-523986131536->omNode-2-GrpcLogAppender-LogAppenderDaemon] INFO  server.GrpcLogAppender (GrpcLogAppender.java:installSnapshot(549)) - omNode-1@group-523986131536->omNode-2-GrpcLogAppender: send omNode-1->omNode-2#0-t7,notify:(t:7, i:61)
2022-10-18 03:54:12,201 [omNode-2-server-thread1] INFO  server.RaftServer$Division (RaftServerImpl.java:checkInconsistentAppendEntries(1402)) - omNode-2@group-523986131536: Failed appendEntries as snapshot (61) installation is in progress
2022-10-18 03:54:12,201 [omNode-2-server-thread1] INFO  server.RaftServer$Division (RaftServerImpl.java:checkInconsistentAppendEntries(1394)) - omNode-2@group-523986131536: inconsistency entries. Reply:omNode-1<-omNode-2#561:FAIL-t7,INCONSISTENCY,nextIndex=59,followerCommit=58
2022-10-18 03:54:12,201 [grpc-default-executor-1] INFO  impl.SnapshotInstallationHandler (SnapshotInstallationHandler.java:installSnapshot(84)) - omNode-2@group-523986131536: receive installSnapshot: omNode-1->omNode-2#0-t7,notify:(t:7, i:61)
2022-10-18 03:54:12,201 [grpc-default-executor-1] INFO  impl.SnapshotInstallationHandler (SnapshotInstallationHandler.java:installSnapshot(95)) - omNode-2@group-523986131536: reply installSnapshot: omNode-1<-omNode-2#0:FAIL-t7,IN_PROGRESS
2022-10-18 03:54:12,201 [grpc-default-executor-1] INFO  server.GrpcServerProtocolService (GrpcServerProtocolService.java:onCompleted(140)) - omNode-2: Completed INSTALL_SNAPSHOT, lastRequest: omNode-1->omNode-2#0-t7,notify:(t:7, i:61)
2022-10-18 03:54:12,202 [grpc-default-executor-1] INFO  leader.FollowerInfo (FollowerInfoImpl.java:lambda$new$0(48)) - omNode-1@group-523986131536->omNode-2: nextIndex: updateUnconditionally 59 -> 59
2022-10-18 03:54:12,202 [grpc-default-executor-1] INFO  server.GrpcLogAppender (GrpcLogAppender.java:onNext(403)) - omNode-1@group-523986131536->omNode-2-InstallSnapshotResponseHandler: received a reply omNode-1<-omNode-2#0:FAIL-t7,IN_PROGRESS
2022-10-18 03:54:12,202 [grpc-default-executor-1] INFO  server.GrpcLogAppender (GrpcLogAppender.java:onNext(421)) - omNode-1@group-523986131536->omNode-2-InstallSnapshotResponseHandler: InstallSnapshot in progress.
2022-10-18 03:54:12,203 [omNode-1@group-523986131536->omNode-2-GrpcLogAppender-LogAppenderDaemon] INFO  server.GrpcLogAppender (GrpcLogAppender.java:installSnapshot(541)) - omNode-1@group-523986131536->omNode-2-GrpcLogAppender: followerNextIndex = 59 but logStartIndex = 61, notify follower to install snapshot-(t:7, i:61)
2022-10-18 03:54:12,203 [omNode-1@group-523986131536->omNode-2-GrpcLogAppender-LogAppenderDaemon] INFO  server.GrpcLogAppender (GrpcLogAppender.java:installSnapshot(549)) - omNode-1@group-523986131536->omNode-2-GrpcLogAppender: send omNode-1->omNode-2#0-t7,notify:(t:7, i:61)
2022-10-18 03:54:12,210 [omNode-2-server-thread1] INFO  server.RaftServer$Division (RaftServerImpl.java:checkInconsistentAppendEntries(1402)) - omNode-2@group-523986131536: Failed appendEntries as snapshot (61) installation is in progress
2022-10-18 03:54:12,210 [omNode-2-server-thread1] INFO  server.RaftServer$Division (RaftServerImpl.java:checkInconsistentAppendEntries(1394)) - omNode-2@group-523986131536: inconsistency entries. Reply:omNode-1<-omNode-2#562:FAIL-t7,INCONSISTENCY,nextIndex=59,followerCommit=58
2022-10-18 03:54:12,210 [grpc-default-executor-1] INFO  impl.SnapshotInstallationHandler (SnapshotInstallationHandler.java:installSnapshot(84)) - omNode-2@group-523986131536: receive installSnapshot: omNode-1->omNode-2#0-t7,notify:(t:7, i:61)
2022-10-18 03:54:12,210 [grpc-default-executor-1] INFO  impl.SnapshotInstallationHandler (SnapshotInstallationHandler.java:installSnapshot(95)) - omNode-2@group-523986131536: reply installSnapshot: omNode-1<-omNode-2#0:FAIL-t7,IN_PROGRESS
2022-10-18 03:54:12,211 [grpc-default-executor-1] INFO  server.GrpcServerProtocolService (GrpcServerProtocolService.java:onCompleted(140)) - omNode-2: Completed INSTALL_SNAPSHOT, lastRequest: omNode-1->omNode-2#0-t7,notify:(t:7, i:61)
2022-10-18 03:54:12,211 [grpc-default-executor-1] INFO  leader.FollowerInfo (FollowerInfoImpl.java:lambda$new$0(48)) - omNode-1@group-523986131536->omNode-2: nextIndex: updateUnconditionally 59 -> 59
2022-10-18 03:54:12,211 [grpc-default-executor-1] INFO  server.GrpcLogAppender (GrpcLogAppender.java:onNext(403)) - omNode-1@group-523986131536->omNode-2-InstallSnapshotResponseHandler: received a reply omNode-1<-omNode-2#0:FAIL-t7,IN_PROGRESS
2022-10-18 03:54:12,211 [grpc-default-executor-1] INFO  server.GrpcLogAppender (GrpcLogAppender.java:onNext(421)) - omNode-1@group-523986131536->omNode-2-InstallSnapshotResponseHandler: InstallSnapshot in progress.
2022-10-18 03:54:12,212 [omNode-1@group-523986131536->omNode-2-GrpcLogAppender-LogAppenderDaemon] INFO  server.GrpcLogAppender (GrpcLogAppender.java:installSnapshot(541)) - omNode-1@group-523986131536->omNode-2-GrpcLogAppender: followerNextIndex = 59 but logStartIndex = 61, notify follower to install snapshot-(t:7, i:61)
2022-10-18 03:54:12,212 [omNode-1@group-523986131536->omNode-2-GrpcLogAppender-LogAppenderDaemon] INFO  server.GrpcLogAppender (GrpcLogAppender.java:installSnapshot(549)) - omNode-1@group-523986131536->omNode-2-GrpcLogAppender: send omNode-1->omNode-2#0-t7,notify:(t:7, i:61)
2022-10-18 03:54:12,213 [omNode-2-server-thread1] INFO  server.RaftServer$Division (RaftServerImpl.java:checkInconsistentAppendEntries(1402)) - omNode-2@group-523986131536: Failed appendEntries as snapshot (61) installation is in progress
2022-10-18 03:54:12,213 [omNode-2-server-thread1] INFO  server.RaftServer$Division (RaftServerImpl.java:checkInconsistentAppendEntries(1394)) - omNode-2@group-523986131536: inconsistency entries. Reply:omNode-1<-omNode-2#563:FAIL-t7,INCONSISTENCY,nextIndex=59,followerCommit=58
2022-10-18 03:54:12,213 [grpc-default-executor-1] INFO  impl.SnapshotInstallationHandler (SnapshotInstallationHandler.java:installSnapshot(84)) - omNode-2@group-523986131536: receive installSnapshot: omNode-1->omNode-2#0-t7,notify:(t:7, i:61)
2022-10-18 03:54:12,213 [grpc-default-executor-1] INFO  impl.SnapshotInstallationHandler (SnapshotInstallationHandler.java:installSnapshot(95)) - omNode-2@group-523986131536: reply installSnapshot: omNode-1<-omNode-2#0:FAIL-t7,IN_PROGRESS
2022-10-18 03:54:12,214 [grpc-default-executor-1] INFO  server.GrpcServerProtocolService (GrpcServerProtocolService.java:onCompleted(140)) - omNode-2: Completed INSTALL_SNAPSHOT, lastRequest: omNode-1->omNode-2#0-t7,notify:(t:7, i:61)
2022-10-18 03:54:12,214 [grpc-default-executor-1] INFO  leader.FollowerInfo (FollowerInfoImpl.java:lambda$new$0(48)) - omNode-1@group-523986131536->omNode-2: nextIndex: updateUnconditionally 59 -> 59
2022-10-18 03:54:12,214 [grpc-default-executor-1] INFO  server.GrpcLogAppender (GrpcLogAppender.java:onNext(403)) - omNode-1@group-523986131536->omNode-2-InstallSnapshotResponseHandler: received a reply omNode-1<-omNode-2#0:FAIL-t7,IN_PROGRESS
2022-10-18 03:54:12,214 [grpc-default-executor-1] INFO  server.GrpcLogAppender (GrpcLogAppender.java:onNext(421)) - omNode-1@group-523986131536->omNode-2-InstallSnapshotResponseHandler: InstallSnapshot in progress.
2022-10-18 03:54:12,215 [omNode-1@group-523986131536->omNode-2-GrpcLogAppender-LogAppenderDaemon] INFO  server.GrpcLogAppender (GrpcLogAppender.java:installSnapshot(541)) - omNode-1@group-523986131536->omNode-2-GrpcLogAppender: followerNextIndex = 59 but logStartIndex = 61, notify follower to install snapshot-(t:7, i:61)
2022-10-18 03:54:12,215 [omNode-1@group-523986131536->omNode-2-GrpcLogAppender-LogAppenderDaemon] INFO  server.GrpcLogAppender (GrpcLogAppender.java:installSnapshot(549)) - omNode-1@group-523986131536->omNode-2-GrpcLogAppender: send omNode-1->omNode-2#0-t7,notify:(t:7, i:61)
2022-10-18 03:54:12,216 [omNode-2-server-thread1] INFO  server.RaftServer$Division (RaftServerImpl.java:checkInconsistentAppendEntries(1402)) - omNode-2@group-523986131536: Failed appendEntries as snapshot (61) installation is in progress
2022-10-18 03:54:12,216 [omNode-2-server-thread1] INFO  server.RaftServer$Division (RaftServerImpl.java:checkInconsistentAppendEntries(1394)) - omNode-2@group-523986131536: inconsistency entries. Reply:omNode-1<-omNode-2#564:FAIL-t7,INCONSISTENCY,nextIndex=59,followerCommit=58
2022-10-18 03:54:12,217 [grpc-default-executor-1] INFO  impl.SnapshotInstallationHandler (SnapshotInstallationHandler.java:installSnapshot(84)) - omNode-2@group-523986131536: receive installSnapshot: omNode-1->omNode-2#0-t7,notify:(t:7, i:61)
2022-10-18 03:54:12,217 [grpc-default-executor-1] INFO  impl.SnapshotInstallationHandler (SnapshotInstallationHandler.java:installSnapshot(95)) - omNode-2@group-523986131536: reply installSnapshot: omNode-1<-omNode-2#0:FAIL-t7,IN_PROGRESS
2022-10-18 03:54:12,217 [grpc-default-executor-1] INFO  server.GrpcServerProtocolService (GrpcServerProtocolService.java:onCompleted(140)) - omNode-2: Completed INSTALL_SNAPSHOT, lastRequest: omNode-1->omNode-2#0-t7,notify:(t:7, i:61)
2022-10-18 03:54:12,217 [grpc-default-executor-3] INFO  leader.FollowerInfo (FollowerInfoImpl.java:lambda$new$0(48)) - omNode-1@group-523986131536->omNode-2: nextIndex: updateUnconditionally 59 -> 59
2022-10-18 03:54:12,218 [grpc-default-executor-3] INFO  server.GrpcLogAppender (GrpcLogAppender.java:onNext(403)) - omNode-1@group-523986131536->omNode-2-InstallSnapshotResponseHandler: received a reply omNode-1<-omNode-2#0:FAIL-t7,IN_PROGRESS
2022-10-18 03:54:12,218 [grpc-default-executor-3] INFO  server.GrpcLogAppender (GrpcLogAppender.java:onNext(421)) - omNode-1@group-523986131536->omNode-2-InstallSnapshotResponseHandler: InstallSnapshot in progress.
2022-10-18 03:54:12,218 [omNode-1@group-523986131536->omNode-2-GrpcLogAppender-LogAppenderDaemon] INFO  server.GrpcLogAppender (GrpcLogAppender.java:installSnapshot(541)) - omNode-1@group-523986131536->omNode-2-GrpcLogAppender: followerNextIndex = 59 but logStartIndex = 61, notify follower to install snapshot-(t:7, i:61)
2022-10-18 03:54:12,218 [omNode-1@group-523986131536->omNode-2-GrpcLogAppender-LogAppenderDaemon] INFO  server.GrpcLogAppender (GrpcLogAppender.java:installSnapshot(549)) - omNode-1@group-523986131536->omNode-2-GrpcLogAppender: send omNode-1->omNode-2#0-t7,notify:(t:7, i:61)
2022-10-18 03:54:12,219 [omNode-2-server-thread1] INFO  server.RaftServer$Division (RaftServerImpl.java:checkInconsistentAppendEntries(1402)) - omNode-2@group-523986131536: Failed appendEntries as snapshot (61) installation is in progress
2022-10-18 03:54:12,219 [omNode-2-server-thread1] INFO  server.RaftServer$Division (RaftServerImpl.java:checkInconsistentAppendEntries(1394)) - omNode-2@group-523986131536: inconsistency entries. Reply:omNode-1<-omNode-2#565:FAIL-t7,INCONSISTENCY,nextIndex=59,followerCommit=58
2022-10-18 03:54:12,220 [grpc-default-executor-3] INFO  impl.SnapshotInstallationHandler (SnapshotInstallationHandler.java:installSnapshot(84)) - omNode-2@group-523986131536: receive installSnapshot: omNode-1->omNode-2#0-t7,notify:(t:7, i:61)
2022-10-18 03:54:12,220 [grpc-default-executor-3] INFO  impl.SnapshotInstallationHandler (SnapshotInstallationHandler.java:installSnapshot(95)) - omNode-2@group-523986131536: reply installSnapshot: omNode-1<-omNode-2#0:FAIL-t7,IN_PROGRESS
2022-10-18 03:54:12,220 [grpc-default-executor-3] INFO  server.GrpcServerProtocolService (GrpcServerProtocolService.java:onCompleted(140)) - omNode-2: Completed INSTALL_SNAPSHOT, lastRequest: omNode-1->omNode-2#0-t7,notify:(t:7, i:61)
2022-10-18 03:54:12,221 [grpc-default-executor-3] INFO  leader.FollowerInfo (FollowerInfoImpl.java:lambda$new$0(48)) - omNode-1@group-523986131536->omNode-2: nextIndex: updateUnconditionally 59 -> 59
2022-10-18 03:54:12,221 [grpc-default-executor-3] INFO  server.GrpcLogAppender (GrpcLogAppender.java:onNext(403)) - omNode-1@group-523986131536->omNode-2-InstallSnapshotResponseHandler: received a reply omNode-1<-omNode-2#0:FAIL-t7,IN_PROGRESS
2022-10-18 03:54:12,221 [grpc-default-executor-3] INFO  server.GrpcLogAppender (GrpcLogAppender.java:onNext(421)) - omNode-1@group-523986131536->omNode-2-InstallSnapshotResponseHandler: InstallSnapshot in progress.
2022-10-18 03:54:12,221 [omNode-1@group-523986131536->omNode-2-GrpcLogAppender-LogAppenderDaemon] INFO  server.GrpcLogAppender (GrpcLogAppender.java:installSnapshot(541)) - omNode-1@group-523986131536->omNode-2-GrpcLogAppender: followerNextIndex = 59 but logStartIndex = 61, notify follower to install snapshot-(t:7, i:61)
2022-10-18 03:54:12,221 [omNode-1@group-523986131536->omNode-2-GrpcLogAppender-LogAppenderDaemon] INFO  server.GrpcLogAppender (GrpcLogAppender.java:installSnapshot(549)) - omNode-1@group-523986131536->omNode-2-GrpcLogAppender: send omNode-1->omNode-2#0-t7,notify:(t:7, i:61)
2022-10-18 03:54:12,222 [omNode-2-server-thread1] INFO  server.RaftServer$Division (RaftServerImpl.java:checkInconsistentAppendEntries(1402)) - omNode-2@group-523986131536: Failed appendEntries as snapshot (61) installation is in progress
2022-10-18 03:54:12,222 [omNode-2-server-thread1] INFO  server.RaftServer$Division (RaftServerImpl.java:checkInconsistentAppendEntries(1394)) - omNode-2@group-523986131536: inconsistency entries. Reply:omNode-1<-omNode-2#566:FAIL-t7,INCONSISTENCY,nextIndex=59,followerCommit=58
2022-10-18 03:54:12,223 [grpc-default-executor-3] INFO  impl.SnapshotInstallationHandler (SnapshotInstallationHandler.java:installSnapshot(84)) - omNode-2@group-523986131536: receive installSnapshot: omNode-1->omNode-2#0-t7,notify:(t:7, i:61)
2022-10-18 03:54:12,223 [grpc-default-executor-3] INFO  impl.SnapshotInstallationHandler (SnapshotInstallationHandler.java:installSnapshot(95)) - omNode-2@group-523986131536: reply installSnapshot: omNode-1<-omNode-2#0:FAIL-t7,IN_PROGRESS
2022-10-18 03:54:12,223 [grpc-default-executor-3] INFO  server.GrpcServerProtocolService (GrpcServerProtocolService.java:onCompleted(140)) - omNode-2: Completed INSTALL_SNAPSHOT, lastRequest: omNode-1->omNode-2#0-t7,notify:(t:7, i:61)
2022-10-18 03:54:12,224 [grpc-default-executor-3] INFO  leader.FollowerInfo (FollowerInfoImpl.java:lambda$new$0(48)) - omNode-1@group-523986131536->omNode-2: nextIndex: updateUnconditionally 59 -> 59
2022-10-18 03:54:12,224 [grpc-default-executor-3] INFO  server.GrpcLogAppender (GrpcLogAppender.java:onNext(403)) - omNode-1@group-523986131536->omNode-2-InstallSnapshotResponseHandler: received a reply omNode-1<-omNode-2#0:FAIL-t7,IN_PROGRESS
2022-10-18 03:54:12,224 [grpc-default-executor-3] INFO  server.GrpcLogAppender (GrpcLogAppender.java:onNext(421)) - omNode-1@group-523986131536->omNode-2-InstallSnapshotResponseHandler: InstallSnapshot in progress.
2022-10-18 03:54:12,224 [omNode-1@group-523986131536->omNode-2-GrpcLogAppender-LogAppenderDaemon] INFO  server.GrpcLogAppender (GrpcLogAppender.java:installSnapshot(541)) - omNode-1@group-523986131536->omNode-2-GrpcLogAppender: followerNextIndex = 59 but logStartIndex = 61, notify follower to install snapshot-(t:7, i:61)
2022-10-18 03:54:12,224 [omNode-1@group-523986131536->omNode-2-GrpcLogAppender-LogAppenderDaemon] INFO  server.GrpcLogAppender (GrpcLogAppender.java:installSnapshot(549)) - omNode-1@group-523986131536->omNode-2-GrpcLogAppender: send omNode-1->omNode-2#0-t7,notify:(t:7, i:61)
2022-10-18 03:54:12,225 [omNode-2-server-thread1] INFO  server.RaftServer$Division (RaftServerImpl.java:checkInconsistentAppendEntries(1402)) - omNode-2@group-523986131536: Failed appendEntries as snapshot (61) installation is in progress
2022-10-18 03:54:12,225 [omNode-2-server-thread1] INFO  server.RaftServer$Division (RaftServerImpl.java:checkInconsistentAppendEntries(1394)) - omNode-2@group-523986131536: inconsistency entries. Reply:omNode-1<-omNode-2#567:FAIL-t7,INCONSISTENCY,nextIndex=59,followerCommit=58
2022-10-18 03:54:12,226 [pool-366-thread-1] INFO  om.OzoneManager (OzoneManager.java:startTrashEmptier(1919)) - Trash Interval set to 0. Files deleted won't move to trash
2022-10-18 03:54:12,226 [pool-366-thread-1] INFO  ratis.OzoneManagerStateMachine (OzoneManagerStateMachine.java:unpause(406)) - OzoneManagerStateMachine is un-pausing
2022-10-18 03:54:12,227 [grpc-default-executor-3] INFO  impl.SnapshotInstallationHandler (SnapshotInstallationHandler.java:installSnapshot(84)) - omNode-2@group-523986131536: receive installSnapshot: omNode-1->omNode-2#0-t7,notify:(t:7, i:61)
2022-10-18 03:54:12,228 [grpc-default-executor-3] INFO  impl.SnapshotInstallationHandler (SnapshotInstallationHandler.java:installSnapshot(95)) - omNode-2@group-523986131536: reply installSnapshot: omNode-1<-omNode-2#0:FAIL-t7,IN_PROGRESS
2022-10-18 03:54:12,228 [grpc-default-executor-3] INFO  server.GrpcServerProtocolService (GrpcServerProtocolService.java:onCompleted(140)) - omNode-2: Completed INSTALL_SNAPSHOT, lastRequest: omNode-1->omNode-2#0-t7,notify:(t:7, i:61)
2022-10-18 03:54:12,232 [grpc-default-executor-3] INFO  leader.FollowerInfo (FollowerInfoImpl.java:lambda$new$0(48)) - omNode-1@group-523986131536->omNode-2: nextIndex: updateUnconditionally 59 -> 59
2022-10-18 03:54:12,232 [grpc-default-executor-3] INFO  server.GrpcLogAppender (GrpcLogAppender.java:onNext(403)) - omNode-1@group-523986131536->omNode-2-InstallSnapshotResponseHandler: received a reply omNode-1<-omNode-2#0:FAIL-t7,IN_PROGRESS
2022-10-18 03:54:12,232 [grpc-default-executor-3] INFO  server.GrpcLogAppender (GrpcLogAppender.java:onNext(421)) - omNode-1@group-523986131536->omNode-2-InstallSnapshotResponseHandler: InstallSnapshot in progress.
2022-10-18 03:54:12,232 [omNode-1@group-523986131536->omNode-2-GrpcLogAppender-LogAppenderDaemon] INFO  server.GrpcLogAppender (GrpcLogAppender.java:installSnapshot(541)) - omNode-1@group-523986131536->omNode-2-GrpcLogAppender: followerNextIndex = 59 but logStartIndex = 61, notify follower to install snapshot-(t:7, i:61)
2022-10-18 03:54:12,232 [omNode-1@group-523986131536->omNode-2-GrpcLogAppender-LogAppenderDaemon] INFO  server.GrpcLogAppender (GrpcLogAppender.java:installSnapshot(549)) - omNode-1@group-523986131536->omNode-2-GrpcLogAppender: send omNode-1->omNode-2#0-t7,notify:(t:7, i:61)
2022-10-18 03:54:12,233 [omNode-2-server-thread1] INFO  server.RaftServer$Division (RaftServerImpl.java:checkInconsistentAppendEntries(1402)) - omNode-2@group-523986131536: Failed appendEntries as snapshot (61) installation is in progress
2022-10-18 03:54:12,234 [omNode-2-server-thread1] INFO  server.RaftServer$Division (RaftServerImpl.java:checkInconsistentAppendEntries(1394)) - omNode-2@group-523986131536: inconsistency entries. Reply:omNode-1<-omNode-2#568:FAIL-t7,INCONSISTENCY,nextIndex=59,followerCommit=58
2022-10-18 03:54:12,234 [grpc-default-executor-3] INFO  impl.SnapshotInstallationHandler (SnapshotInstallationHandler.java:installSnapshot(84)) - omNode-2@group-523986131536: receive installSnapshot: omNode-1->omNode-2#0-t7,notify:(t:7, i:61)
2022-10-18 03:54:12,234 [grpc-default-executor-3] INFO  impl.SnapshotInstallationHandler (SnapshotInstallationHandler.java:installSnapshot(95)) - omNode-2@group-523986131536: reply installSnapshot: omNode-1<-omNode-2#0:FAIL-t7,IN_PROGRESS
2022-10-18 03:54:12,234 [grpc-default-executor-3] INFO  server.GrpcServerProtocolService (GrpcServerProtocolService.java:onCompleted(140)) - omNode-2: Completed INSTALL_SNAPSHOT, lastRequest: omNode-1->omNode-2#0-t7,notify:(t:7, i:61)
2022-10-18 03:54:12,235 [grpc-default-executor-3] INFO  leader.FollowerInfo (FollowerInfoImpl.java:lambda$new$0(48)) - omNode-1@group-523986131536->omNode-2: nextIndex: updateUnconditionally 59 -> 59
2022-10-18 03:54:12,235 [grpc-default-executor-3] INFO  server.GrpcLogAppender (GrpcLogAppender.java:onNext(403)) - omNode-1@group-523986131536->omNode-2-InstallSnapshotResponseHandler: received a reply omNode-1<-omNode-2#0:FAIL-t7,IN_PROGRESS
2022-10-18 03:54:12,235 [grpc-default-executor-3] INFO  server.GrpcLogAppender (GrpcLogAppender.java:onNext(421)) - omNode-1@group-523986131536->omNode-2-InstallSnapshotResponseHandler: InstallSnapshot in progress.
2022-10-18 03:54:12,235 [omNode-1@group-523986131536->omNode-2-GrpcLogAppender-LogAppenderDaemon] INFO  server.GrpcLogAppender (GrpcLogAppender.java:installSnapshot(541)) - omNode-1@group-523986131536->omNode-2-GrpcLogAppender: followerNextIndex = 59 but logStartIndex = 61, notify follower to install snapshot-(t:7, i:61)
2022-10-18 03:54:12,236 [omNode-1@group-523986131536->omNode-2-GrpcLogAppender-LogAppenderDaemon] INFO  server.GrpcLogAppender (GrpcLogAppender.java:installSnapshot(549)) - omNode-1@group-523986131536->omNode-2-GrpcLogAppender: send omNode-1->omNode-2#0-t7,notify:(t:7, i:61)
2022-10-18 03:54:12,237 [omNode-2-server-thread1] INFO  server.RaftServer$Division (RaftServerImpl.java:checkInconsistentAppendEntries(1402)) - omNode-2@group-523986131536: Failed appendEntries as snapshot (61) installation is in progress
2022-10-18 03:54:12,237 [omNode-2-server-thread1] INFO  server.RaftServer$Division (RaftServerImpl.java:checkInconsistentAppendEntries(1394)) - omNode-2@group-523986131536: inconsistency entries. Reply:omNode-1<-omNode-2#569:FAIL-t7,INCONSISTENCY,nextIndex=59,followerCommit=58
2022-10-18 03:54:12,237 [grpc-default-executor-3] INFO  impl.SnapshotInstallationHandler (SnapshotInstallationHandler.java:installSnapshot(84)) - omNode-2@group-523986131536: receive installSnapshot: omNode-1->omNode-2#0-t7,notify:(t:7, i:61)
2022-10-18 03:54:12,237 [grpc-default-executor-3] INFO  impl.SnapshotInstallationHandler (SnapshotInstallationHandler.java:installSnapshot(95)) - omNode-2@group-523986131536: reply installSnapshot: omNode-1<-omNode-2#0:FAIL-t7,IN_PROGRESS
2022-10-18 03:54:12,237 [grpc-default-executor-3] INFO  server.GrpcServerProtocolService (GrpcServerProtocolService.java:onCompleted(140)) - omNode-2: Completed INSTALL_SNAPSHOT, lastRequest: omNode-1->omNode-2#0-t7,notify:(t:7, i:61)
2022-10-18 03:54:12,238 [grpc-default-executor-3] INFO  leader.FollowerInfo (FollowerInfoImpl.java:lambda$new$0(48)) - omNode-1@group-523986131536->omNode-2: nextIndex: updateUnconditionally 59 -> 59
2022-10-18 03:54:12,238 [grpc-default-executor-3] INFO  server.GrpcLogAppender (GrpcLogAppender.java:onNext(403)) - omNode-1@group-523986131536->omNode-2-InstallSnapshotResponseHandler: received a reply omNode-1<-omNode-2#0:FAIL-t7,IN_PROGRESS
2022-10-18 03:54:12,238 [grpc-default-executor-3] INFO  server.GrpcLogAppender (GrpcLogAppender.java:onNext(421)) - omNode-1@group-523986131536->omNode-2-InstallSnapshotResponseHandler: InstallSnapshot in progress.
2022-10-18 03:54:12,239 [omNode-1@group-523986131536->omNode-2-GrpcLogAppender-LogAppenderDaemon] INFO  server.GrpcLogAppender (GrpcLogAppender.java:installSnapshot(541)) - omNode-1@group-523986131536->omNode-2-GrpcLogAppender: followerNextIndex = 59 but logStartIndex = 61, notify follower to install snapshot-(t:7, i:61)
2022-10-18 03:54:12,239 [omNode-1@group-523986131536->omNode-2-GrpcLogAppender-LogAppenderDaemon] INFO  server.GrpcLogAppender (GrpcLogAppender.java:installSnapshot(549)) - omNode-1@group-523986131536->omNode-2-GrpcLogAppender: send omNode-1->omNode-2#0-t7,notify:(t:7, i:61)
2022-10-18 03:54:12,239 [pool-366-thread-1] INFO  om.OzoneManager (OzoneManager.java:installCheckpoint(3839)) - Reloaded OM state with Term: 7 and Index: 145. Spend 275 ms
2022-10-18 03:54:12,239 [pool-366-thread-1] INFO  om.OzoneManager (OzoneManager.java:getRpcServer(1101)) - Creating RPC Server
2022-10-18 03:54:12,242 [omNode-2-server-thread1] INFO  server.RaftServer$Division (RaftServerImpl.java:checkInconsistentAppendEntries(1402)) - omNode-2@group-523986131536: Failed appendEntries as snapshot (61) installation is in progress
2022-10-18 03:54:12,242 [omNode-2-server-thread1] INFO  server.RaftServer$Division (RaftServerImpl.java:checkInconsistentAppendEntries(1394)) - omNode-2@group-523986131536: inconsistency entries. Reply:omNode-1<-omNode-2#570:FAIL-t7,INCONSISTENCY,nextIndex=59,followerCommit=58
2022-10-18 03:54:12,242 [grpc-default-executor-3] INFO  impl.SnapshotInstallationHandler (SnapshotInstallationHandler.java:installSnapshot(84)) - omNode-2@group-523986131536: receive installSnapshot: omNode-1->omNode-2#0-t7,notify:(t:7, i:61)
2022-10-18 03:54:12,242 [grpc-default-executor-3] INFO  impl.SnapshotInstallationHandler (SnapshotInstallationHandler.java:installSnapshot(95)) - omNode-2@group-523986131536: reply installSnapshot: omNode-1<-omNode-2#0:FAIL-t7,IN_PROGRESS
2022-10-18 03:54:12,242 [grpc-default-executor-3] INFO  server.GrpcServerProtocolService (GrpcServerProtocolService.java:onCompleted(140)) - omNode-2: Completed INSTALL_SNAPSHOT, lastRequest: omNode-1->omNode-2#0-t7,notify:(t:7, i:61)
2022-10-18 03:54:12,246 [grpc-default-executor-3] INFO  leader.FollowerInfo (FollowerInfoImpl.java:lambda$new$0(48)) - omNode-1@group-523986131536->omNode-2: nextIndex: updateUnconditionally 59 -> 59
2022-10-18 03:54:12,247 [grpc-default-executor-3] INFO  server.GrpcLogAppender (GrpcLogAppender.java:onNext(403)) - omNode-1@group-523986131536->omNode-2-InstallSnapshotResponseHandler: received a reply omNode-1<-omNode-2#0:FAIL-t7,IN_PROGRESS
2022-10-18 03:54:12,247 [grpc-default-executor-3] INFO  server.GrpcLogAppender (GrpcLogAppender.java:onNext(421)) - omNode-1@group-523986131536->omNode-2-InstallSnapshotResponseHandler: InstallSnapshot in progress.
2022-10-18 03:54:12,247 [omNode-1@group-523986131536->omNode-2-GrpcLogAppender-LogAppenderDaemon] INFO  server.GrpcLogAppender (GrpcLogAppender.java:installSnapshot(541)) - omNode-1@group-523986131536->omNode-2-GrpcLogAppender: followerNextIndex = 59 but logStartIndex = 61, notify follower to install snapshot-(t:7, i:61)
2022-10-18 03:54:12,247 [omNode-1@group-523986131536->omNode-2-GrpcLogAppender-LogAppenderDaemon] INFO  server.GrpcLogAppender (GrpcLogAppender.java:installSnapshot(549)) - omNode-1@group-523986131536->omNode-2-GrpcLogAppender: send omNode-1->omNode-2#0-t7,notify:(t:7, i:61)
2022-10-18 03:54:12,248 [omNode-2-server-thread1] INFO  server.RaftServer$Division (RaftServerImpl.java:checkInconsistentAppendEntries(1402)) - omNode-2@group-523986131536: Failed appendEntries as snapshot (61) installation is in progress
2022-10-18 03:54:12,248 [omNode-2-server-thread1] INFO  server.RaftServer$Division (RaftServerImpl.java:checkInconsistentAppendEntries(1394)) - omNode-2@group-523986131536: inconsistency entries. Reply:omNode-1<-omNode-2#571:FAIL-t7,INCONSISTENCY,nextIndex=59,followerCommit=58
2022-10-18 03:54:12,248 [grpc-default-executor-3] INFO  impl.SnapshotInstallationHandler (SnapshotInstallationHandler.java:installSnapshot(84)) - omNode-2@group-523986131536: receive installSnapshot: omNode-1->omNode-2#0-t7,notify:(t:7, i:61)
2022-10-18 03:54:12,249 [grpc-default-executor-3] INFO  impl.SnapshotInstallationHandler (SnapshotInstallationHandler.java:installSnapshot(95)) - omNode-2@group-523986131536: reply installSnapshot: omNode-1<-omNode-2#0:FAIL-t7,IN_PROGRESS
2022-10-18 03:54:12,249 [grpc-default-executor-3] INFO  server.GrpcServerProtocolService (GrpcServerProtocolService.java:onCompleted(140)) - omNode-2: Completed INSTALL_SNAPSHOT, lastRequest: omNode-1->omNode-2#0-t7,notify:(t:7, i:61)
2022-10-18 03:54:12,249 [grpc-default-executor-3] INFO  leader.FollowerInfo (FollowerInfoImpl.java:lambda$new$0(48)) - omNode-1@group-523986131536->omNode-2: nextIndex: updateUnconditionally 59 -> 59
2022-10-18 03:54:12,250 [grpc-default-executor-3] INFO  server.GrpcLogAppender (GrpcLogAppender.java:onNext(403)) - omNode-1@group-523986131536->omNode-2-InstallSnapshotResponseHandler: received a reply omNode-1<-omNode-2#0:FAIL-t7,IN_PROGRESS
2022-10-18 03:54:12,250 [grpc-default-executor-3] INFO  server.GrpcLogAppender (GrpcLogAppender.java:onNext(421)) - omNode-1@group-523986131536->omNode-2-InstallSnapshotResponseHandler: InstallSnapshot in progress.
2022-10-18 03:54:12,250 [omNode-1@group-523986131536->omNode-2-GrpcLogAppender-LogAppenderDaemon] INFO  server.GrpcLogAppender (GrpcLogAppender.java:installSnapshot(541)) - omNode-1@group-523986131536->omNode-2-GrpcLogAppender: followerNextIndex = 59 but logStartIndex = 61, notify follower to install snapshot-(t:7, i:61)
2022-10-18 03:54:12,250 [omNode-1@group-523986131536->omNode-2-GrpcLogAppender-LogAppenderDaemon] INFO  server.GrpcLogAppender (GrpcLogAppender.java:installSnapshot(549)) - omNode-1@group-523986131536->omNode-2-GrpcLogAppender: send omNode-1->omNode-2#0-t7,notify:(t:7, i:61)
2022-10-18 03:54:12,252 [omNode-2-server-thread1] INFO  server.RaftServer$Division (RaftServerImpl.java:checkInconsistentAppendEntries(1402)) - omNode-2@group-523986131536: Failed appendEntries as snapshot (61) installation is in progress
2022-10-18 03:54:12,252 [omNode-2-server-thread1] INFO  server.RaftServer$Division (RaftServerImpl.java:checkInconsistentAppendEntries(1394)) - omNode-2@group-523986131536: inconsistency entries. Reply:omNode-1<-omNode-2#572:FAIL-t7,INCONSISTENCY,nextIndex=59,followerCommit=58
2022-10-18 03:54:12,252 [grpc-default-executor-3] INFO  impl.SnapshotInstallationHandler (SnapshotInstallationHandler.java:installSnapshot(84)) - omNode-2@group-523986131536: receive installSnapshot: omNode-1->omNode-2#0-t7,notify:(t:7, i:61)
2022-10-18 03:54:12,252 [grpc-default-executor-3] INFO  impl.SnapshotInstallationHandler (SnapshotInstallationHandler.java:installSnapshot(95)) - omNode-2@group-523986131536: reply installSnapshot: omNode-1<-omNode-2#0:FAIL-t7,IN_PROGRESS
2022-10-18 03:54:12,252 [grpc-default-executor-3] INFO  server.GrpcServerProtocolService (GrpcServerProtocolService.java:onCompleted(140)) - omNode-2: Completed INSTALL_SNAPSHOT, lastRequest: omNode-1->omNode-2#0-t7,notify:(t:7, i:61)
2022-10-18 03:54:12,258 [grpc-default-executor-3] INFO  leader.FollowerInfo (FollowerInfoImpl.java:lambda$new$0(48)) - omNode-1@group-523986131536->omNode-2: nextIndex: updateUnconditionally 59 -> 59
2022-10-18 03:54:12,258 [grpc-default-executor-3] INFO  server.GrpcLogAppender (GrpcLogAppender.java:onNext(403)) - omNode-1@group-523986131536->omNode-2-InstallSnapshotResponseHandler: received a reply omNode-1<-omNode-2#0:FAIL-t7,IN_PROGRESS
2022-10-18 03:54:12,258 [grpc-default-executor-3] INFO  server.GrpcLogAppender (GrpcLogAppender.java:onNext(421)) - omNode-1@group-523986131536->omNode-2-InstallSnapshotResponseHandler: InstallSnapshot in progress.
2022-10-18 03:54:12,258 [omNode-1@group-523986131536->omNode-2-GrpcLogAppender-LogAppenderDaemon] INFO  server.GrpcLogAppender (GrpcLogAppender.java:installSnapshot(541)) - omNode-1@group-523986131536->omNode-2-GrpcLogAppender: followerNextIndex = 59 but logStartIndex = 61, notify follower to install snapshot-(t:7, i:61)
2022-10-18 03:54:12,258 [omNode-1@group-523986131536->omNode-2-GrpcLogAppender-LogAppenderDaemon] INFO  server.GrpcLogAppender (GrpcLogAppender.java:installSnapshot(549)) - omNode-1@group-523986131536->omNode-2-GrpcLogAppender: send omNode-1->omNode-2#0-t7,notify:(t:7, i:61)
2022-10-18 03:54:12,266 [omNode-2-server-thread1] INFO  server.RaftServer$Division (RaftServerImpl.java:checkInconsistentAppendEntries(1402)) - omNode-2@group-523986131536: Failed appendEntries as snapshot (61) installation is in progress
2022-10-18 03:54:12,266 [omNode-2-server-thread1] INFO  server.RaftServer$Division (RaftServerImpl.java:checkInconsistentAppendEntries(1394)) - omNode-2@group-523986131536: inconsistency entries. Reply:omNode-1<-omNode-2#573:FAIL-t7,INCONSISTENCY,nextIndex=59,followerCommit=58
2022-10-18 03:54:12,266 [grpc-default-executor-1] INFO  leader.FollowerInfo (FollowerInfoImpl.java:lambda$new$0(48)) - omNode-1@group-523986131536->omNode-2: nextIndex: updateUnconditionally 59 -> 59
2022-10-18 03:54:12,272 [grpc-default-executor-3] INFO  impl.SnapshotInstallationHandler (SnapshotInstallationHandler.java:installSnapshot(84)) - omNode-2@group-523986131536: receive installSnapshot: omNode-1->omNode-2#0-t7,notify:(t:7, i:61)
2022-10-18 03:54:12,272 [grpc-default-executor-3] INFO  impl.SnapshotInstallationHandler (SnapshotInstallationHandler.java:installSnapshot(95)) - omNode-2@group-523986131536: reply installSnapshot: omNode-1<-omNode-2#0:FAIL-t7,IN_PROGRESS
2022-10-18 03:54:12,272 [grpc-default-executor-3] INFO  server.GrpcServerProtocolService (GrpcServerProtocolService.java:onCompleted(140)) - omNode-2: Completed INSTALL_SNAPSHOT, lastRequest: omNode-1->omNode-2#0-t7,notify:(t:7, i:61)
2022-10-18 03:54:12,278 [grpc-default-executor-3] INFO  server.GrpcLogAppender (GrpcLogAppender.java:onNext(403)) - omNode-1@group-523986131536->omNode-2-InstallSnapshotResponseHandler: received a reply omNode-1<-omNode-2#0:FAIL-t7,IN_PROGRESS
2022-10-18 03:54:12,278 [grpc-default-executor-3] INFO  server.GrpcLogAppender (GrpcLogAppender.java:onNext(421)) - omNode-1@group-523986131536->omNode-2-InstallSnapshotResponseHandler: InstallSnapshot in progress.
2022-10-18 03:54:12,278 [omNode-1@group-523986131536->omNode-2-GrpcLogAppender-LogAppenderDaemon] INFO  server.GrpcLogAppender (GrpcLogAppender.java:installSnapshot(541)) - omNode-1@group-523986131536->omNode-2-GrpcLogAppender: followerNextIndex = 59 but logStartIndex = 61, notify follower to install snapshot-(t:7, i:61)
2022-10-18 03:54:12,278 [omNode-1@group-523986131536->omNode-2-GrpcLogAppender-LogAppenderDaemon] INFO  server.GrpcLogAppender (GrpcLogAppender.java:installSnapshot(549)) - omNode-1@group-523986131536->omNode-2-GrpcLogAppender: send omNode-1->omNode-2#0-t7,notify:(t:7, i:61)
2022-10-18 03:54:12,280 [omNode-2-server-thread1] INFO  server.RaftServer$Division (RaftServerImpl.java:checkInconsistentAppendEntries(1402)) - omNode-2@group-523986131536: Failed appendEntries as snapshot (61) installation is in progress
2022-10-18 03:54:12,281 [omNode-2-server-thread1] INFO  server.RaftServer$Division (RaftServerImpl.java:checkInconsistentAppendEntries(1394)) - omNode-2@group-523986131536: inconsistency entries. Reply:omNode-1<-omNode-2#574:FAIL-t7,INCONSISTENCY,nextIndex=59,followerCommit=58
2022-10-18 03:54:12,281 [grpc-default-executor-3] INFO  impl.SnapshotInstallationHandler (SnapshotInstallationHandler.java:installSnapshot(84)) - omNode-2@group-523986131536: receive installSnapshot: omNode-1->omNode-2#0-t7,notify:(t:7, i:61)
2022-10-18 03:54:12,281 [grpc-default-executor-3] INFO  impl.SnapshotInstallationHandler (SnapshotInstallationHandler.java:installSnapshot(95)) - omNode-2@group-523986131536: reply installSnapshot: omNode-1<-omNode-2#0:FAIL-t7,IN_PROGRESS
2022-10-18 03:54:12,282 [grpc-default-executor-3] INFO  server.GrpcServerProtocolService (GrpcServerProtocolService.java:onCompleted(140)) - omNode-2: Completed INSTALL_SNAPSHOT, lastRequest: omNode-1->omNode-2#0-t7,notify:(t:7, i:61)
2022-10-18 03:54:12,282 [grpc-default-executor-1] INFO  leader.FollowerInfo (FollowerInfoImpl.java:lambda$new$0(48)) - omNode-1@group-523986131536->omNode-2: nextIndex: updateUnconditionally 59 -> 59
2022-10-18 03:54:12,282 [grpc-default-executor-0] INFO  server.GrpcLogAppender (GrpcLogAppender.java:onNext(403)) - omNode-1@group-523986131536->omNode-2-InstallSnapshotResponseHandler: received a reply omNode-1<-omNode-2#0:FAIL-t7,IN_PROGRESS
2022-10-18 03:54:12,282 [grpc-default-executor-0] INFO  server.GrpcLogAppender (GrpcLogAppender.java:onNext(421)) - omNode-1@group-523986131536->omNode-2-InstallSnapshotResponseHandler: InstallSnapshot in progress.
2022-10-18 03:54:12,282 [omNode-1@group-523986131536->omNode-2-GrpcLogAppender-LogAppenderDaemon] INFO  server.GrpcLogAppender (GrpcLogAppender.java:installSnapshot(541)) - omNode-1@group-523986131536->omNode-2-GrpcLogAppender: followerNextIndex = 59 but logStartIndex = 61, notify follower to install snapshot-(t:7, i:61)
2022-10-18 03:54:12,282 [omNode-1@group-523986131536->omNode-2-GrpcLogAppender-LogAppenderDaemon] INFO  server.GrpcLogAppender (GrpcLogAppender.java:installSnapshot(549)) - omNode-1@group-523986131536->omNode-2-GrpcLogAppender: send omNode-1->omNode-2#0-t7,notify:(t:7, i:61)
2022-10-18 03:54:12,290 [omNode-2-server-thread1] INFO  server.RaftServer$Division (RaftServerImpl.java:checkInconsistentAppendEntries(1402)) - omNode-2@group-523986131536: Failed appendEntries as snapshot (61) installation is in progress
2022-10-18 03:54:12,290 [omNode-2-server-thread1] INFO  server.RaftServer$Division (RaftServerImpl.java:checkInconsistentAppendEntries(1394)) - omNode-2@group-523986131536: inconsistency entries. Reply:omNode-1<-omNode-2#575:FAIL-t7,INCONSISTENCY,nextIndex=59,followerCommit=58
2022-10-18 03:54:12,290 [grpc-default-executor-3] INFO  impl.SnapshotInstallationHandler (SnapshotInstallationHandler.java:installSnapshot(84)) - omNode-2@group-523986131536: receive installSnapshot: omNode-1->omNode-2#0-t7,notify:(t:7, i:61)
2022-10-18 03:54:12,291 [grpc-default-executor-3] INFO  impl.SnapshotInstallationHandler (SnapshotInstallationHandler.java:installSnapshot(95)) - omNode-2@group-523986131536: reply installSnapshot: omNode-1<-omNode-2#0:FAIL-t7,IN_PROGRESS
2022-10-18 03:54:12,291 [grpc-default-executor-3] INFO  server.GrpcServerProtocolService (GrpcServerProtocolService.java:onCompleted(140)) - omNode-2: Completed INSTALL_SNAPSHOT, lastRequest: omNode-1->omNode-2#0-t7,notify:(t:7, i:61)
2022-10-18 03:54:12,294 [grpc-default-executor-0] INFO  server.GrpcLogAppender (GrpcLogAppender.java:onNext(403)) - omNode-1@group-523986131536->omNode-2-InstallSnapshotResponseHandler: received a reply omNode-1<-omNode-2#0:FAIL-t7,IN_PROGRESS
2022-10-18 03:54:12,295 [grpc-default-executor-0] INFO  server.GrpcLogAppender (GrpcLogAppender.java:onNext(421)) - omNode-1@group-523986131536->omNode-2-InstallSnapshotResponseHandler: InstallSnapshot in progress.
2022-10-18 03:54:12,295 [omNode-1@group-523986131536->omNode-2-GrpcLogAppender-LogAppenderDaemon] INFO  server.GrpcLogAppender (GrpcLogAppender.java:installSnapshot(541)) - omNode-1@group-523986131536->omNode-2-GrpcLogAppender: followerNextIndex = 59 but logStartIndex = 61, notify follower to install snapshot-(t:7, i:61)
2022-10-18 03:54:12,295 [omNode-1@group-523986131536->omNode-2-GrpcLogAppender-LogAppenderDaemon] INFO  server.GrpcLogAppender (GrpcLogAppender.java:installSnapshot(549)) - omNode-1@group-523986131536->omNode-2-GrpcLogAppender: send omNode-1->omNode-2#0-t7,notify:(t:7, i:61)
2022-10-18 03:54:12,296 [omNode-2-server-thread1] INFO  server.RaftServer$Division (RaftServerImpl.java:checkInconsistentAppendEntries(1402)) - omNode-2@group-523986131536: Failed appendEntries as snapshot (61) installation is in progress
2022-10-18 03:54:12,296 [omNode-2-server-thread1] INFO  server.RaftServer$Division (RaftServerImpl.java:checkInconsistentAppendEntries(1394)) - omNode-2@group-523986131536: inconsistency entries. Reply:omNode-1<-omNode-2#576:FAIL-t7,INCONSISTENCY,nextIndex=59,followerCommit=58
2022-10-18 03:54:12,296 [grpc-default-executor-0] INFO  leader.FollowerInfo (FollowerInfoImpl.java:lambda$new$0(48)) - omNode-1@group-523986131536->omNode-2: nextIndex: updateUnconditionally 59 -> 59
2022-10-18 03:54:12,297 [grpc-default-executor-0] INFO  impl.SnapshotInstallationHandler (SnapshotInstallationHandler.java:installSnapshot(84)) - omNode-2@group-523986131536: receive installSnapshot: omNode-1->omNode-2#0-t7,notify:(t:7, i:61)
2022-10-18 03:54:12,297 [grpc-default-executor-0] INFO  impl.SnapshotInstallationHandler (SnapshotInstallationHandler.java:installSnapshot(95)) - omNode-2@group-523986131536: reply installSnapshot: omNode-1<-omNode-2#0:FAIL-t7,IN_PROGRESS
2022-10-18 03:54:12,298 [grpc-default-executor-0] INFO  server.GrpcServerProtocolService (GrpcServerProtocolService.java:onCompleted(140)) - omNode-2: Completed INSTALL_SNAPSHOT, lastRequest: omNode-1->omNode-2#0-t7,notify:(t:7, i:61)
2022-10-18 03:54:12,298 [grpc-default-executor-3] INFO  leader.FollowerInfo (FollowerInfoImpl.java:lambda$new$0(48)) - omNode-1@group-523986131536->omNode-2: nextIndex: updateUnconditionally 59 -> 59
2022-10-18 03:54:12,299 [grpc-default-executor-3] INFO  server.GrpcLogAppender (GrpcLogAppender.java:onNext(403)) - omNode-1@group-523986131536->omNode-2-InstallSnapshotResponseHandler: received a reply omNode-1<-omNode-2#0:FAIL-t7,IN_PROGRESS
2022-10-18 03:54:12,299 [grpc-default-executor-3] INFO  server.GrpcLogAppender (GrpcLogAppender.java:onNext(421)) - omNode-1@group-523986131536->omNode-2-InstallSnapshotResponseHandler: InstallSnapshot in progress.
2022-10-18 03:54:12,299 [omNode-1@group-523986131536->omNode-2-GrpcLogAppender-LogAppenderDaemon] INFO  server.GrpcLogAppender (GrpcLogAppender.java:installSnapshot(541)) - omNode-1@group-523986131536->omNode-2-GrpcLogAppender: followerNextIndex = 59 but logStartIndex = 61, notify follower to install snapshot-(t:7, i:61)
2022-10-18 03:54:12,299 [omNode-1@group-523986131536->omNode-2-GrpcLogAppender-LogAppenderDaemon] INFO  server.GrpcLogAppender (GrpcLogAppender.java:installSnapshot(549)) - omNode-1@group-523986131536->omNode-2-GrpcLogAppender: send omNode-1->omNode-2#0-t7,notify:(t:7, i:61)
2022-10-18 03:54:12,301 [omNode-2-server-thread1] INFO  server.RaftServer$Division (RaftServerImpl.java:checkInconsistentAppendEntries(1402)) - omNode-2@group-523986131536: Failed appendEntries as snapshot (61) installation is in progress
2022-10-18 03:54:12,302 [omNode-2-server-thread1] INFO  server.RaftServer$Division (RaftServerImpl.java:checkInconsistentAppendEntries(1394)) - omNode-2@group-523986131536: inconsistency entries. Reply:omNode-1<-omNode-2#577:FAIL-t7,INCONSISTENCY,nextIndex=59,followerCommit=58
2022-10-18 03:54:12,302 [grpc-default-executor-3] INFO  impl.SnapshotInstallationHandler (SnapshotInstallationHandler.java:installSnapshot(84)) - omNode-2@group-523986131536: receive installSnapshot: omNode-1->omNode-2#0-t7,notify:(t:7, i:61)
2022-10-18 03:54:12,302 [grpc-default-executor-3] INFO  impl.SnapshotInstallationHandler (SnapshotInstallationHandler.java:installSnapshot(95)) - omNode-2@group-523986131536: reply installSnapshot: omNode-1<-omNode-2#0:FAIL-t7,IN_PROGRESS
2022-10-18 03:54:12,302 [grpc-default-executor-3] INFO  server.GrpcServerProtocolService (GrpcServerProtocolService.java:onCompleted(140)) - omNode-2: Completed INSTALL_SNAPSHOT, lastRequest: omNode-1->omNode-2#0-t7,notify:(t:7, i:61)
2022-10-18 03:54:12,302 [grpc-default-executor-3] INFO  server.GrpcLogAppender (GrpcLogAppender.java:onNext(403)) - omNode-1@group-523986131536->omNode-2-InstallSnapshotResponseHandler: received a reply omNode-1<-omNode-2#0:FAIL-t7,IN_PROGRESS
2022-10-18 03:54:12,302 [grpc-default-executor-3] INFO  server.GrpcLogAppender (GrpcLogAppender.java:onNext(421)) - omNode-1@group-523986131536->omNode-2-InstallSnapshotResponseHandler: InstallSnapshot in progress.
2022-10-18 03:54:12,303 [omNode-1@group-523986131536->omNode-2-GrpcLogAppender-LogAppenderDaemon] INFO  server.GrpcLogAppender (GrpcLogAppender.java:installSnapshot(541)) - omNode-1@group-523986131536->omNode-2-GrpcLogAppender: followerNextIndex = 59 but logStartIndex = 61, notify follower to install snapshot-(t:7, i:61)
2022-10-18 03:54:12,303 [omNode-1@group-523986131536->omNode-2-GrpcLogAppender-LogAppenderDaemon] INFO  server.GrpcLogAppender (GrpcLogAppender.java:installSnapshot(549)) - omNode-1@group-523986131536->omNode-2-GrpcLogAppender: send omNode-1->omNode-2#0-t7,notify:(t:7, i:61)
2022-10-18 03:54:12,303 [grpc-default-executor-0] INFO  leader.FollowerInfo (FollowerInfoImpl.java:lambda$new$0(48)) - omNode-1@group-523986131536->omNode-2: nextIndex: updateUnconditionally 59 -> 59
2022-10-18 03:54:12,305 [omNode-2-server-thread1] INFO  server.RaftServer$Division (RaftServerImpl.java:checkInconsistentAppendEntries(1402)) - omNode-2@group-523986131536: Failed appendEntries as snapshot (61) installation is in progress
2022-10-18 03:54:12,306 [omNode-2-server-thread1] INFO  server.RaftServer$Division (RaftServerImpl.java:checkInconsistentAppendEntries(1394)) - omNode-2@group-523986131536: inconsistency entries. Reply:omNode-1<-omNode-2#578:FAIL-t7,INCONSISTENCY,nextIndex=59,followerCommit=58
2022-10-18 03:54:12,306 [grpc-default-executor-0] INFO  impl.SnapshotInstallationHandler (SnapshotInstallationHandler.java:installSnapshot(84)) - omNode-2@group-523986131536: receive installSnapshot: omNode-1->omNode-2#0-t7,notify:(t:7, i:61)
2022-10-18 03:54:12,306 [grpc-default-executor-0] INFO  impl.SnapshotInstallationHandler (SnapshotInstallationHandler.java:installSnapshot(95)) - omNode-2@group-523986131536: reply installSnapshot: omNode-1<-omNode-2#0:FAIL-t7,IN_PROGRESS
2022-10-18 03:54:12,306 [grpc-default-executor-0] INFO  server.GrpcServerProtocolService (GrpcServerProtocolService.java:onCompleted(140)) - omNode-2: Completed INSTALL_SNAPSHOT, lastRequest: omNode-1->omNode-2#0-t7,notify:(t:7, i:61)
2022-10-18 03:54:12,306 [grpc-default-executor-0] INFO  server.GrpcLogAppender (GrpcLogAppender.java:onNext(403)) - omNode-1@group-523986131536->omNode-2-InstallSnapshotResponseHandler: received a reply omNode-1<-omNode-2#0:FAIL-t7,IN_PROGRESS
2022-10-18 03:54:12,306 [grpc-default-executor-0] INFO  server.GrpcLogAppender (GrpcLogAppender.java:onNext(421)) - omNode-1@group-523986131536->omNode-2-InstallSnapshotResponseHandler: InstallSnapshot in progress.
2022-10-18 03:54:12,307 [omNode-1@group-523986131536->omNode-2-GrpcLogAppender-LogAppenderDaemon] INFO  server.GrpcLogAppender (GrpcLogAppender.java:installSnapshot(541)) - omNode-1@group-523986131536->omNode-2-GrpcLogAppender: followerNextIndex = 59 but logStartIndex = 61, notify follower to install snapshot-(t:7, i:61)
2022-10-18 03:54:12,307 [omNode-1@group-523986131536->omNode-2-GrpcLogAppender-LogAppenderDaemon] INFO  server.GrpcLogAppender (GrpcLogAppender.java:installSnapshot(549)) - omNode-1@group-523986131536->omNode-2-GrpcLogAppender: send omNode-1->omNode-2#0-t7,notify:(t:7, i:61)
2022-10-18 03:54:12,307 [grpc-default-executor-3] INFO  leader.FollowerInfo (FollowerInfoImpl.java:lambda$new$0(48)) - omNode-1@group-523986131536->omNode-2: nextIndex: updateUnconditionally 59 -> 59
2022-10-18 03:54:12,310 [omNode-2-server-thread1] INFO  server.RaftServer$Division (RaftServerImpl.java:checkInconsistentAppendEntries(1402)) - omNode-2@group-523986131536: Failed appendEntries as snapshot (61) installation is in progress
2022-10-18 03:54:12,310 [omNode-2-server-thread1] INFO  server.RaftServer$Division (RaftServerImpl.java:checkInconsistentAppendEntries(1394)) - omNode-2@group-523986131536: inconsistency entries. Reply:omNode-1<-omNode-2#579:FAIL-t7,INCONSISTENCY,nextIndex=59,followerCommit=58
2022-10-18 03:54:12,310 [grpc-default-executor-3] INFO  impl.SnapshotInstallationHandler (SnapshotInstallationHandler.java:installSnapshot(84)) - omNode-2@group-523986131536: receive installSnapshot: omNode-1->omNode-2#0-t7,notify:(t:7, i:61)
2022-10-18 03:54:12,310 [grpc-default-executor-3] INFO  impl.SnapshotInstallationHandler (SnapshotInstallationHandler.java:installSnapshot(95)) - omNode-2@group-523986131536: reply installSnapshot: omNode-1<-omNode-2#0:FAIL-t7,IN_PROGRESS
2022-10-18 03:54:12,310 [grpc-default-executor-3] INFO  server.GrpcServerProtocolService (GrpcServerProtocolService.java:onCompleted(140)) - omNode-2: Completed INSTALL_SNAPSHOT, lastRequest: omNode-1->omNode-2#0-t7,notify:(t:7, i:61)
2022-10-18 03:54:12,311 [grpc-default-executor-0] INFO  server.GrpcLogAppender (GrpcLogAppender.java:onNext(403)) - omNode-1@group-523986131536->omNode-2-InstallSnapshotResponseHandler: received a reply omNode-1<-omNode-2#0:FAIL-t7,IN_PROGRESS
2022-10-18 03:54:12,311 [grpc-default-executor-0] INFO  server.GrpcLogAppender (GrpcLogAppender.java:onNext(421)) - omNode-1@group-523986131536->omNode-2-InstallSnapshotResponseHandler: InstallSnapshot in progress.
2022-10-18 03:54:12,311 [omNode-1@group-523986131536->omNode-2-GrpcLogAppender-LogAppenderDaemon] INFO  server.GrpcLogAppender (GrpcLogAppender.java:installSnapshot(541)) - omNode-1@group-523986131536->omNode-2-GrpcLogAppender: followerNextIndex = 59 but logStartIndex = 61, notify follower to install snapshot-(t:7, i:61)
2022-10-18 03:54:12,311 [omNode-1@group-523986131536->omNode-2-GrpcLogAppender-LogAppenderDaemon] INFO  server.GrpcLogAppender (GrpcLogAppender.java:installSnapshot(549)) - omNode-1@group-523986131536->omNode-2-GrpcLogAppender: send omNode-1->omNode-2#0-t7,notify:(t:7, i:61)
2022-10-18 03:54:12,312 [omNode-2-server-thread1] INFO  server.RaftServer$Division (RaftServerImpl.java:checkInconsistentAppendEntries(1402)) - omNode-2@group-523986131536: Failed appendEntries as snapshot (61) installation is in progress
2022-10-18 03:54:12,312 [omNode-2-server-thread1] INFO  server.RaftServer$Division (RaftServerImpl.java:checkInconsistentAppendEntries(1394)) - omNode-2@group-523986131536: inconsistency entries. Reply:omNode-1<-omNode-2#580:FAIL-t7,INCONSISTENCY,nextIndex=59,followerCommit=58
2022-10-18 03:54:12,312 [grpc-default-executor-3] INFO  leader.FollowerInfo (FollowerInfoImpl.java:lambda$new$0(48)) - omNode-1@group-523986131536->omNode-2: nextIndex: updateUnconditionally 59 -> 59
2022-10-18 03:54:12,314 [grpc-default-executor-0] INFO  leader.FollowerInfo (FollowerInfoImpl.java:lambda$new$0(48)) - omNode-1@group-523986131536->omNode-2: nextIndex: updateUnconditionally 59 -> 59
2022-10-18 03:54:12,314 [grpc-default-executor-3] INFO  impl.SnapshotInstallationHandler (SnapshotInstallationHandler.java:installSnapshot(84)) - omNode-2@group-523986131536: receive installSnapshot: omNode-1->omNode-2#0-t7,notify:(t:7, i:61)
2022-10-18 03:54:12,314 [grpc-default-executor-3] INFO  impl.SnapshotInstallationHandler (SnapshotInstallationHandler.java:installSnapshot(95)) - omNode-2@group-523986131536: reply installSnapshot: omNode-1<-omNode-2#0:FAIL-t7,IN_PROGRESS
2022-10-18 03:54:12,314 [grpc-default-executor-3] INFO  server.GrpcServerProtocolService (GrpcServerProtocolService.java:onCompleted(140)) - omNode-2: Completed INSTALL_SNAPSHOT, lastRequest: omNode-1->omNode-2#0-t7,notify:(t:7, i:61)
2022-10-18 03:54:12,318 [grpc-default-executor-3] INFO  server.GrpcLogAppender (GrpcLogAppender.java:onNext(403)) - omNode-1@group-523986131536->omNode-2-InstallSnapshotResponseHandler: received a reply omNode-1<-omNode-2#0:FAIL-t7,IN_PROGRESS
2022-10-18 03:54:12,318 [grpc-default-executor-3] INFO  server.GrpcLogAppender (GrpcLogAppender.java:onNext(421)) - omNode-1@group-523986131536->omNode-2-InstallSnapshotResponseHandler: InstallSnapshot in progress.
2022-10-18 03:54:12,318 [omNode-1@group-523986131536->omNode-2-GrpcLogAppender-LogAppenderDaemon] INFO  server.GrpcLogAppender (GrpcLogAppender.java:installSnapshot(541)) - omNode-1@group-523986131536->omNode-2-GrpcLogAppender: followerNextIndex = 59 but logStartIndex = 61, notify follower to install snapshot-(t:7, i:61)
2022-10-18 03:54:12,318 [omNode-1@group-523986131536->omNode-2-GrpcLogAppender-LogAppenderDaemon] INFO  server.GrpcLogAppender (GrpcLogAppender.java:installSnapshot(549)) - omNode-1@group-523986131536->omNode-2-GrpcLogAppender: send omNode-1->omNode-2#0-t7,notify:(t:7, i:61)
2022-10-18 03:54:12,326 [omNode-2-server-thread1] INFO  server.RaftServer$Division (RaftServerImpl.java:checkInconsistentAppendEntries(1402)) - omNode-2@group-523986131536: Failed appendEntries as snapshot (61) installation is in progress
2022-10-18 03:54:12,326 [omNode-2-server-thread1] INFO  server.RaftServer$Division (RaftServerImpl.java:checkInconsistentAppendEntries(1394)) - omNode-2@group-523986131536: inconsistency entries. Reply:omNode-1<-omNode-2#581:FAIL-t7,INCONSISTENCY,nextIndex=59,followerCommit=58
2022-10-18 03:54:12,326 [grpc-default-executor-3] INFO  impl.SnapshotInstallationHandler (SnapshotInstallationHandler.java:installSnapshot(84)) - omNode-2@group-523986131536: receive installSnapshot: omNode-1->omNode-2#0-t7,notify:(t:7, i:61)
2022-10-18 03:54:12,326 [grpc-default-executor-3] INFO  impl.SnapshotInstallationHandler (SnapshotInstallationHandler.java:installSnapshot(95)) - omNode-2@group-523986131536: reply installSnapshot: omNode-1<-omNode-2#0:FAIL-t7,IN_PROGRESS
2022-10-18 03:54:12,326 [grpc-default-executor-3] INFO  server.GrpcServerProtocolService (GrpcServerProtocolService.java:onCompleted(140)) - omNode-2: Completed INSTALL_SNAPSHOT, lastRequest: omNode-1->omNode-2#0-t7,notify:(t:7, i:61)
2022-10-18 03:54:12,329 [grpc-default-executor-3] INFO  leader.FollowerInfo (FollowerInfoImpl.java:lambda$new$0(48)) - omNode-1@group-523986131536->omNode-2: nextIndex: updateUnconditionally 59 -> 59
2022-10-18 03:54:12,329 [grpc-default-executor-0] INFO  server.GrpcLogAppender (GrpcLogAppender.java:onNext(403)) - omNode-1@group-523986131536->omNode-2-InstallSnapshotResponseHandler: received a reply omNode-1<-omNode-2#0:FAIL-t7,IN_PROGRESS
2022-10-18 03:54:12,329 [grpc-default-executor-0] INFO  server.GrpcLogAppender (GrpcLogAppender.java:onNext(421)) - omNode-1@group-523986131536->omNode-2-InstallSnapshotResponseHandler: InstallSnapshot in progress.
2022-10-18 03:54:12,330 [omNode-1@group-523986131536->omNode-2-GrpcLogAppender-LogAppenderDaemon] INFO  server.GrpcLogAppender (GrpcLogAppender.java:installSnapshot(541)) - omNode-1@group-523986131536->omNode-2-GrpcLogAppender: followerNextIndex = 59 but logStartIndex = 61, notify follower to install snapshot-(t:7, i:61)
2022-10-18 03:54:12,330 [omNode-1@group-523986131536->omNode-2-GrpcLogAppender-LogAppenderDaemon] INFO  server.GrpcLogAppender (GrpcLogAppender.java:installSnapshot(549)) - omNode-1@group-523986131536->omNode-2-GrpcLogAppender: send omNode-1->omNode-2#0-t7,notify:(t:7, i:61)
2022-10-18 03:54:12,330 [omNode-2-server-thread1] INFO  server.RaftServer$Division (RaftServerImpl.java:checkInconsistentAppendEntries(1402)) - omNode-2@group-523986131536: Failed appendEntries as snapshot (61) installation is in progress
2022-10-18 03:54:12,330 [omNode-2-server-thread1] INFO  server.RaftServer$Division (RaftServerImpl.java:checkInconsistentAppendEntries(1394)) - omNode-2@group-523986131536: inconsistency entries. Reply:omNode-1<-omNode-2#582:FAIL-t7,INCONSISTENCY,nextIndex=59,followerCommit=58
2022-10-18 03:54:12,331 [grpc-default-executor-0] INFO  leader.FollowerInfo (FollowerInfoImpl.java:lambda$new$0(48)) - omNode-1@group-523986131536->omNode-2: nextIndex: updateUnconditionally 59 -> 59
2022-10-18 03:54:12,331 [grpc-default-executor-3] INFO  impl.SnapshotInstallationHandler (SnapshotInstallationHandler.java:installSnapshot(84)) - omNode-2@group-523986131536: receive installSnapshot: omNode-1->omNode-2#0-t7,notify:(t:7, i:61)
2022-10-18 03:54:12,331 [grpc-default-executor-3] INFO  impl.SnapshotInstallationHandler (SnapshotInstallationHandler.java:installSnapshot(95)) - omNode-2@group-523986131536: reply installSnapshot: omNode-1<-omNode-2#0:FAIL-t7,IN_PROGRESS
2022-10-18 03:54:12,331 [grpc-default-executor-3] INFO  server.GrpcServerProtocolService (GrpcServerProtocolService.java:onCompleted(140)) - omNode-2: Completed INSTALL_SNAPSHOT, lastRequest: omNode-1->omNode-2#0-t7,notify:(t:7, i:61)
2022-10-18 03:54:12,334 [grpc-default-executor-3] INFO  server.GrpcLogAppender (GrpcLogAppender.java:onNext(403)) - omNode-1@group-523986131536->omNode-2-InstallSnapshotResponseHandler: received a reply omNode-1<-omNode-2#0:FAIL-t7,IN_PROGRESS
2022-10-18 03:54:12,334 [grpc-default-executor-3] INFO  server.GrpcLogAppender (GrpcLogAppender.java:onNext(421)) - omNode-1@group-523986131536->omNode-2-InstallSnapshotResponseHandler: InstallSnapshot in progress.
2022-10-18 03:54:12,335 [omNode-1@group-523986131536->omNode-2-GrpcLogAppender-LogAppenderDaemon] INFO  server.GrpcLogAppender (GrpcLogAppender.java:installSnapshot(541)) - omNode-1@group-523986131536->omNode-2-GrpcLogAppender: followerNextIndex = 59 but logStartIndex = 61, notify follower to install snapshot-(t:7, i:61)
2022-10-18 03:54:12,335 [omNode-1@group-523986131536->omNode-2-GrpcLogAppender-LogAppenderDaemon] INFO  server.GrpcLogAppender (GrpcLogAppender.java:installSnapshot(549)) - omNode-1@group-523986131536->omNode-2-GrpcLogAppender: send omNode-1->omNode-2#0-t7,notify:(t:7, i:61)
2022-10-18 03:54:12,335 [omNode-2-server-thread1] INFO  server.RaftServer$Division (RaftServerImpl.java:checkInconsistentAppendEntries(1402)) - omNode-2@group-523986131536: Failed appendEntries as snapshot (61) installation is in progress
2022-10-18 03:54:12,335 [omNode-2-server-thread1] INFO  server.RaftServer$Division (RaftServerImpl.java:checkInconsistentAppendEntries(1394)) - omNode-2@group-523986131536: inconsistency entries. Reply:omNode-1<-omNode-2#583:FAIL-t7,INCONSISTENCY,nextIndex=59,followerCommit=58
2022-10-18 03:54:12,336 [grpc-default-executor-3] INFO  impl.SnapshotInstallationHandler (SnapshotInstallationHandler.java:installSnapshot(84)) - omNode-2@group-523986131536: receive installSnapshot: omNode-1->omNode-2#0-t7,notify:(t:7, i:61)
2022-10-18 03:54:12,336 [grpc-default-executor-3] INFO  impl.SnapshotInstallationHandler (SnapshotInstallationHandler.java:installSnapshot(95)) - omNode-2@group-523986131536: reply installSnapshot: omNode-1<-omNode-2#0:FAIL-t7,IN_PROGRESS
2022-10-18 03:54:12,336 [grpc-default-executor-3] INFO  server.GrpcServerProtocolService (GrpcServerProtocolService.java:onCompleted(140)) - omNode-2: Completed INSTALL_SNAPSHOT, lastRequest: omNode-1->omNode-2#0-t7,notify:(t:7, i:61)
2022-10-18 03:54:12,336 [grpc-default-executor-0] INFO  leader.FollowerInfo (FollowerInfoImpl.java:lambda$new$0(48)) - omNode-1@group-523986131536->omNode-2: nextIndex: updateUnconditionally 59 -> 59
2022-10-18 03:54:12,338 [grpc-default-executor-0] INFO  server.GrpcLogAppender (GrpcLogAppender.java:onNext(403)) - omNode-1@group-523986131536->omNode-2-InstallSnapshotResponseHandler: received a reply omNode-1<-omNode-2#0:FAIL-t7,IN_PROGRESS
2022-10-18 03:54:12,338 [grpc-default-executor-0] INFO  server.GrpcLogAppender (GrpcLogAppender.java:onNext(421)) - omNode-1@group-523986131536->omNode-2-InstallSnapshotResponseHandler: InstallSnapshot in progress.
2022-10-18 03:54:12,338 [omNode-1@group-523986131536->omNode-2-GrpcLogAppender-LogAppenderDaemon] INFO  server.GrpcLogAppender (GrpcLogAppender.java:installSnapshot(541)) - omNode-1@group-523986131536->omNode-2-GrpcLogAppender: followerNextIndex = 59 but logStartIndex = 61, notify follower to install snapshot-(t:7, i:61)
2022-10-18 03:54:12,338 [omNode-1@group-523986131536->omNode-2-GrpcLogAppender-LogAppenderDaemon] INFO  server.GrpcLogAppender (GrpcLogAppender.java:installSnapshot(549)) - omNode-1@group-523986131536->omNode-2-GrpcLogAppender: send omNode-1->omNode-2#0-t7,notify:(t:7, i:61)
2022-10-18 03:54:12,342 [omNode-2-server-thread1] INFO  server.RaftServer$Division (RaftServerImpl.java:checkInconsistentAppendEntries(1402)) - omNode-2@group-523986131536: Failed appendEntries as snapshot (61) installation is in progress
2022-10-18 03:54:12,342 [omNode-2-server-thread1] INFO  server.RaftServer$Division (RaftServerImpl.java:checkInconsistentAppendEntries(1394)) - omNode-2@group-523986131536: inconsistency entries. Reply:omNode-1<-omNode-2#584:FAIL-t7,INCONSISTENCY,nextIndex=59,followerCommit=58
2022-10-18 03:54:12,343 [grpc-default-executor-0] INFO  impl.SnapshotInstallationHandler (SnapshotInstallationHandler.java:installSnapshot(84)) - omNode-2@group-523986131536: receive installSnapshot: omNode-1->omNode-2#0-t7,notify:(t:7, i:61)
2022-10-18 03:54:12,343 [grpc-default-executor-0] INFO  impl.SnapshotInstallationHandler (SnapshotInstallationHandler.java:installSnapshot(95)) - omNode-2@group-523986131536: reply installSnapshot: omNode-1<-omNode-2#0:FAIL-t7,IN_PROGRESS
2022-10-18 03:54:12,343 [grpc-default-executor-0] INFO  server.GrpcServerProtocolService (GrpcServerProtocolService.java:onCompleted(140)) - omNode-2: Completed INSTALL_SNAPSHOT, lastRequest: omNode-1->omNode-2#0-t7,notify:(t:7, i:61)
2022-10-18 03:54:12,344 [grpc-default-executor-0] INFO  leader.FollowerInfo (FollowerInfoImpl.java:lambda$new$0(48)) - omNode-1@group-523986131536->omNode-2: nextIndex: updateUnconditionally 59 -> 59
2022-10-18 03:54:12,344 [grpc-default-executor-3] INFO  server.GrpcLogAppender (GrpcLogAppender.java:onNext(403)) - omNode-1@group-523986131536->omNode-2-InstallSnapshotResponseHandler: received a reply omNode-1<-omNode-2#0:FAIL-t7,IN_PROGRESS
2022-10-18 03:54:12,344 [grpc-default-executor-3] INFO  server.GrpcLogAppender (GrpcLogAppender.java:onNext(421)) - omNode-1@group-523986131536->omNode-2-InstallSnapshotResponseHandler: InstallSnapshot in progress.
2022-10-18 03:54:12,344 [omNode-1@group-523986131536->omNode-2-GrpcLogAppender-LogAppenderDaemon] INFO  server.GrpcLogAppender (GrpcLogAppender.java:installSnapshot(541)) - omNode-1@group-523986131536->omNode-2-GrpcLogAppender: followerNextIndex = 59 but logStartIndex = 61, notify follower to install snapshot-(t:7, i:61)
2022-10-18 03:54:12,344 [omNode-1@group-523986131536->omNode-2-GrpcLogAppender-LogAppenderDaemon] INFO  server.GrpcLogAppender (GrpcLogAppender.java:installSnapshot(549)) - omNode-1@group-523986131536->omNode-2-GrpcLogAppender: send omNode-1->omNode-2#0-t7,notify:(t:7, i:61)
2022-10-18 03:54:12,345 [omNode-2-server-thread1] INFO  server.RaftServer$Division (RaftServerImpl.java:checkInconsistentAppendEntries(1402)) - omNode-2@group-523986131536: Failed appendEntries as snapshot (61) installation is in progress
2022-10-18 03:54:12,345 [omNode-2-server-thread1] INFO  server.RaftServer$Division (RaftServerImpl.java:checkInconsistentAppendEntries(1394)) - omNode-2@group-523986131536: inconsistency entries. Reply:omNode-1<-omNode-2#585:FAIL-t7,INCONSISTENCY,nextIndex=59,followerCommit=58
2022-10-18 03:54:12,346 [grpc-default-executor-3] INFO  impl.SnapshotInstallationHandler (SnapshotInstallationHandler.java:installSnapshot(84)) - omNode-2@group-523986131536: receive installSnapshot: omNode-1->omNode-2#0-t7,notify:(t:7, i:61)
2022-10-18 03:54:12,346 [grpc-default-executor-3] INFO  impl.SnapshotInstallationHandler (SnapshotInstallationHandler.java:installSnapshot(95)) - omNode-2@group-523986131536: reply installSnapshot: omNode-1<-omNode-2#0:FAIL-t7,IN_PROGRESS
2022-10-18 03:54:12,346 [grpc-default-executor-3] INFO  server.GrpcServerProtocolService (GrpcServerProtocolService.java:onCompleted(140)) - omNode-2: Completed INSTALL_SNAPSHOT, lastRequest: omNode-1->omNode-2#0-t7,notify:(t:7, i:61)
2022-10-18 03:54:12,350 [grpc-default-executor-0] INFO  server.GrpcLogAppender (GrpcLogAppender.java:onNext(403)) - omNode-1@group-523986131536->omNode-2-InstallSnapshotResponseHandler: received a reply omNode-1<-omNode-2#0:FAIL-t7,IN_PROGRESS
2022-10-18 03:54:12,350 [grpc-default-executor-0] INFO  server.GrpcLogAppender (GrpcLogAppender.java:onNext(421)) - omNode-1@group-523986131536->omNode-2-InstallSnapshotResponseHandler: InstallSnapshot in progress.
2022-10-18 03:54:12,350 [omNode-1@group-523986131536->omNode-2-GrpcLogAppender-LogAppenderDaemon] INFO  server.GrpcLogAppender (GrpcLogAppender.java:installSnapshot(541)) - omNode-1@group-523986131536->omNode-2-GrpcLogAppender: followerNextIndex = 59 but logStartIndex = 61, notify follower to install snapshot-(t:7, i:61)
2022-10-18 03:54:12,350 [omNode-1@group-523986131536->omNode-2-GrpcLogAppender-LogAppenderDaemon] INFO  server.GrpcLogAppender (GrpcLogAppender.java:installSnapshot(549)) - omNode-1@group-523986131536->omNode-2-GrpcLogAppender: send omNode-1->omNode-2#0-t7,notify:(t:7, i:61)
2022-10-18 03:54:12,351 [grpc-default-executor-3] INFO  leader.FollowerInfo (FollowerInfoImpl.java:lambda$new$0(48)) - omNode-1@group-523986131536->omNode-2: nextIndex: updateUnconditionally 59 -> 59
2022-10-18 03:54:12,353 [omNode-2-server-thread1] INFO  server.RaftServer$Division (RaftServerImpl.java:checkInconsistentAppendEntries(1402)) - omNode-2@group-523986131536: Failed appendEntries as snapshot (61) installation is in progress
2022-10-18 03:54:12,353 [omNode-2-server-thread1] INFO  server.RaftServer$Division (RaftServerImpl.java:checkInconsistentAppendEntries(1394)) - omNode-2@group-523986131536: inconsistency entries. Reply:omNode-1<-omNode-2#586:FAIL-t7,INCONSISTENCY,nextIndex=59,followerCommit=58
2022-10-18 03:54:12,353 [grpc-default-executor-3] INFO  impl.SnapshotInstallationHandler (SnapshotInstallationHandler.java:installSnapshot(84)) - omNode-2@group-523986131536: receive installSnapshot: omNode-1->omNode-2#0-t7,notify:(t:7, i:61)
2022-10-18 03:54:12,353 [grpc-default-executor-3] INFO  impl.SnapshotInstallationHandler (SnapshotInstallationHandler.java:installSnapshot(95)) - omNode-2@group-523986131536: reply installSnapshot: omNode-1<-omNode-2#0:FAIL-t7,IN_PROGRESS
2022-10-18 03:54:12,353 [grpc-default-executor-3] INFO  server.GrpcServerProtocolService (GrpcServerProtocolService.java:onCompleted(140)) - omNode-2: Completed INSTALL_SNAPSHOT, lastRequest: omNode-1->omNode-2#0-t7,notify:(t:7, i:61)
2022-10-18 03:54:12,355 [grpc-default-executor-3] INFO  leader.FollowerInfo (FollowerInfoImpl.java:lambda$new$0(48)) - omNode-1@group-523986131536->omNode-2: nextIndex: updateUnconditionally 59 -> 59
2022-10-18 03:54:12,355 [grpc-default-executor-0] INFO  server.GrpcLogAppender (GrpcLogAppender.java:onNext(403)) - omNode-1@group-523986131536->omNode-2-InstallSnapshotResponseHandler: received a reply omNode-1<-omNode-2#0:FAIL-t7,IN_PROGRESS
2022-10-18 03:54:12,355 [grpc-default-executor-0] INFO  server.GrpcLogAppender (GrpcLogAppender.java:onNext(421)) - omNode-1@group-523986131536->omNode-2-InstallSnapshotResponseHandler: InstallSnapshot in progress.
2022-10-18 03:54:12,355 [omNode-1@group-523986131536->omNode-2-GrpcLogAppender-LogAppenderDaemon] INFO  server.GrpcLogAppender (GrpcLogAppender.java:installSnapshot(541)) - omNode-1@group-523986131536->omNode-2-GrpcLogAppender: followerNextIndex = 59 but logStartIndex = 61, notify follower to install snapshot-(t:7, i:61)
2022-10-18 03:54:12,355 [omNode-1@group-523986131536->omNode-2-GrpcLogAppender-LogAppenderDaemon] INFO  server.GrpcLogAppender (GrpcLogAppender.java:installSnapshot(549)) - omNode-1@group-523986131536->omNode-2-GrpcLogAppender: send omNode-1->omNode-2#0-t7,notify:(t:7, i:61)
2022-10-18 03:54:12,358 [omNode-2-server-thread1] INFO  server.RaftServer$Division (RaftServerImpl.java:checkInconsistentAppendEntries(1402)) - omNode-2@group-523986131536: Failed appendEntries as snapshot (61) installation is in progress
2022-10-18 03:54:12,358 [omNode-2-server-thread1] INFO  server.RaftServer$Division (RaftServerImpl.java:checkInconsistentAppendEntries(1394)) - omNode-2@group-523986131536: inconsistency entries. Reply:omNode-1<-omNode-2#587:FAIL-t7,INCONSISTENCY,nextIndex=59,followerCommit=58
2022-10-18 03:54:12,358 [grpc-default-executor-0] INFO  impl.SnapshotInstallationHandler (SnapshotInstallationHandler.java:installSnapshot(84)) - omNode-2@group-523986131536: receive installSnapshot: omNode-1->omNode-2#0-t7,notify:(t:7, i:61)
2022-10-18 03:54:12,359 [grpc-default-executor-0] INFO  impl.SnapshotInstallationHandler (SnapshotInstallationHandler.java:installSnapshot(95)) - omNode-2@group-523986131536: reply installSnapshot: omNode-1<-omNode-2#0:FAIL-t7,IN_PROGRESS
2022-10-18 03:54:12,359 [grpc-default-executor-0] INFO  server.GrpcServerProtocolService (GrpcServerProtocolService.java:onCompleted(140)) - omNode-2: Completed INSTALL_SNAPSHOT, lastRequest: omNode-1->omNode-2#0-t7,notify:(t:7, i:61)
2022-10-18 03:54:12,359 [grpc-default-executor-3] INFO  leader.FollowerInfo (FollowerInfoImpl.java:lambda$new$0(48)) - omNode-1@group-523986131536->omNode-2: nextIndex: updateUnconditionally 59 -> 59
2022-10-18 03:54:12,359 [grpc-default-executor-0] INFO  server.GrpcLogAppender (GrpcLogAppender.java:onNext(403)) - omNode-1@group-523986131536->omNode-2-InstallSnapshotResponseHandler: received a reply omNode-1<-omNode-2#0:FAIL-t7,IN_PROGRESS
2022-10-18 03:54:12,359 [grpc-default-executor-0] INFO  server.GrpcLogAppender (GrpcLogAppender.java:onNext(421)) - omNode-1@group-523986131536->omNode-2-InstallSnapshotResponseHandler: InstallSnapshot in progress.
2022-10-18 03:54:12,359 [omNode-1@group-523986131536->omNode-2-GrpcLogAppender-LogAppenderDaemon] INFO  server.GrpcLogAppender (GrpcLogAppender.java:installSnapshot(541)) - omNode-1@group-523986131536->omNode-2-GrpcLogAppender: followerNextIndex = 59 but logStartIndex = 61, notify follower to install snapshot-(t:7, i:61)
2022-10-18 03:54:12,360 [omNode-1@group-523986131536->omNode-2-GrpcLogAppender-LogAppenderDaemon] INFO  server.GrpcLogAppender (GrpcLogAppender.java:installSnapshot(549)) - omNode-1@group-523986131536->omNode-2-GrpcLogAppender: send omNode-1->omNode-2#0-t7,notify:(t:7, i:61)
2022-10-18 03:54:12,362 [omNode-2-server-thread1] INFO  server.RaftServer$Division (RaftServerImpl.java:checkInconsistentAppendEntries(1402)) - omNode-2@group-523986131536: Failed appendEntries as snapshot (61) installation is in progress
2022-10-18 03:54:12,362 [omNode-2-server-thread1] INFO  server.RaftServer$Division (RaftServerImpl.java:checkInconsistentAppendEntries(1394)) - omNode-2@group-523986131536: inconsistency entries. Reply:omNode-1<-omNode-2#588:FAIL-t7,INCONSISTENCY,nextIndex=59,followerCommit=58
2022-10-18 03:54:12,362 [grpc-default-executor-3] INFO  impl.SnapshotInstallationHandler (SnapshotInstallationHandler.java:installSnapshot(84)) - omNode-2@group-523986131536: receive installSnapshot: omNode-1->omNode-2#0-t7,notify:(t:7, i:61)
2022-10-18 03:54:12,363 [grpc-default-executor-3] INFO  impl.SnapshotInstallationHandler (SnapshotInstallationHandler.java:installSnapshot(95)) - omNode-2@group-523986131536: reply installSnapshot: omNode-1<-omNode-2#0:FAIL-t7,IN_PROGRESS
2022-10-18 03:54:12,363 [grpc-default-executor-3] INFO  server.GrpcServerProtocolService (GrpcServerProtocolService.java:onCompleted(140)) - omNode-2: Completed INSTALL_SNAPSHOT, lastRequest: omNode-1->omNode-2#0-t7,notify:(t:7, i:61)
2022-10-18 03:54:12,366 [grpc-default-executor-0] INFO  server.GrpcLogAppender (GrpcLogAppender.java:onNext(403)) - omNode-1@group-523986131536->omNode-2-InstallSnapshotResponseHandler: received a reply omNode-1<-omNode-2#0:FAIL-t7,IN_PROGRESS
2022-10-18 03:54:12,366 [grpc-default-executor-0] INFO  server.GrpcLogAppender (GrpcLogAppender.java:onNext(421)) - omNode-1@group-523986131536->omNode-2-InstallSnapshotResponseHandler: InstallSnapshot in progress.
2022-10-18 03:54:12,366 [omNode-1@group-523986131536->omNode-2-GrpcLogAppender-LogAppenderDaemon] INFO  server.GrpcLogAppender (GrpcLogAppender.java:installSnapshot(541)) - omNode-1@group-523986131536->omNode-2-GrpcLogAppender: followerNextIndex = 59 but logStartIndex = 61, notify follower to install snapshot-(t:7, i:61)
2022-10-18 03:54:12,366 [omNode-1@group-523986131536->omNode-2-GrpcLogAppender-LogAppenderDaemon] INFO  server.GrpcLogAppender (GrpcLogAppender.java:installSnapshot(549)) - omNode-1@group-523986131536->omNode-2-GrpcLogAppender: send omNode-1->omNode-2#0-t7,notify:(t:7, i:61)
2022-10-18 03:54:12,367 [grpc-default-executor-3] INFO  leader.FollowerInfo (FollowerInfoImpl.java:lambda$new$0(48)) - omNode-1@group-523986131536->omNode-2: nextIndex: updateUnconditionally 59 -> 59
2022-10-18 03:54:12,367 [omNode-2-server-thread1] INFO  server.RaftServer$Division (RaftServerImpl.java:checkInconsistentAppendEntries(1402)) - omNode-2@group-523986131536: Failed appendEntries as snapshot (61) installation is in progress
2022-10-18 03:54:12,367 [omNode-2-server-thread1] INFO  server.RaftServer$Division (RaftServerImpl.java:checkInconsistentAppendEntries(1394)) - omNode-2@group-523986131536: inconsistency entries. Reply:omNode-1<-omNode-2#589:FAIL-t7,INCONSISTENCY,nextIndex=59,followerCommit=58
2022-10-18 03:54:12,370 [grpc-default-executor-0] INFO  impl.SnapshotInstallationHandler (SnapshotInstallationHandler.java:installSnapshot(84)) - omNode-2@group-523986131536: receive installSnapshot: omNode-1->omNode-2#0-t7,notify:(t:7, i:61)
2022-10-18 03:54:12,370 [grpc-default-executor-0] INFO  impl.SnapshotInstallationHandler (SnapshotInstallationHandler.java:installSnapshot(95)) - omNode-2@group-523986131536: reply installSnapshot: omNode-1<-omNode-2#0:FAIL-t7,IN_PROGRESS
2022-10-18 03:54:12,370 [grpc-default-executor-0] INFO  server.GrpcServerProtocolService (GrpcServerProtocolService.java:onCompleted(140)) - omNode-2: Completed INSTALL_SNAPSHOT, lastRequest: omNode-1->omNode-2#0-t7,notify:(t:7, i:61)
2022-10-18 03:54:12,370 [grpc-default-executor-1] INFO  leader.FollowerInfo (FollowerInfoImpl.java:lambda$new$0(48)) - omNode-1@group-523986131536->omNode-2: nextIndex: updateUnconditionally 59 -> 59
2022-10-18 03:54:12,372 [grpc-default-executor-1] INFO  server.GrpcLogAppender (GrpcLogAppender.java:onNext(403)) - omNode-1@group-523986131536->omNode-2-InstallSnapshotResponseHandler: received a reply omNode-1<-omNode-2#0:FAIL-t7,IN_PROGRESS
2022-10-18 03:54:12,372 [grpc-default-executor-1] INFO  server.GrpcLogAppender (GrpcLogAppender.java:onNext(421)) - omNode-1@group-523986131536->omNode-2-InstallSnapshotResponseHandler: InstallSnapshot in progress.
2022-10-18 03:54:12,373 [omNode-1@group-523986131536->omNode-2-GrpcLogAppender-LogAppenderDaemon] INFO  server.GrpcLogAppender (GrpcLogAppender.java:installSnapshot(541)) - omNode-1@group-523986131536->omNode-2-GrpcLogAppender: followerNextIndex = 59 but logStartIndex = 61, notify follower to install snapshot-(t:7, i:61)
2022-10-18 03:54:12,373 [omNode-1@group-523986131536->omNode-2-GrpcLogAppender-LogAppenderDaemon] INFO  server.GrpcLogAppender (GrpcLogAppender.java:installSnapshot(549)) - omNode-1@group-523986131536->omNode-2-GrpcLogAppender: send omNode-1->omNode-2#0-t7,notify:(t:7, i:61)
2022-10-18 03:54:12,373 [omNode-2-server-thread1] INFO  server.RaftServer$Division (RaftServerImpl.java:checkInconsistentAppendEntries(1402)) - omNode-2@group-523986131536: Failed appendEntries as snapshot (61) installation is in progress
2022-10-18 03:54:12,373 [omNode-2-server-thread1] INFO  server.RaftServer$Division (RaftServerImpl.java:checkInconsistentAppendEntries(1394)) - omNode-2@group-523986131536: inconsistency entries. Reply:omNode-1<-omNode-2#590:FAIL-t7,INCONSISTENCY,nextIndex=59,followerCommit=58
2022-10-18 03:54:12,374 [grpc-default-executor-1] INFO  impl.SnapshotInstallationHandler (SnapshotInstallationHandler.java:installSnapshot(84)) - omNode-2@group-523986131536: receive installSnapshot: omNode-1->omNode-2#0-t7,notify:(t:7, i:61)
2022-10-18 03:54:12,374 [grpc-default-executor-1] INFO  impl.SnapshotInstallationHandler (SnapshotInstallationHandler.java:installSnapshot(95)) - omNode-2@group-523986131536: reply installSnapshot: omNode-1<-omNode-2#0:FAIL-t7,IN_PROGRESS
2022-10-18 03:54:12,374 [grpc-default-executor-1] INFO  server.GrpcServerProtocolService (GrpcServerProtocolService.java:onCompleted(140)) - omNode-2: Completed INSTALL_SNAPSHOT, lastRequest: omNode-1->omNode-2#0-t7,notify:(t:7, i:61)
2022-10-18 03:54:12,374 [grpc-default-executor-0] INFO  leader.FollowerInfo (FollowerInfoImpl.java:lambda$new$0(48)) - omNode-1@group-523986131536->omNode-2: nextIndex: updateUnconditionally 59 -> 59
2022-10-18 03:54:12,375 [grpc-default-executor-1] INFO  server.GrpcLogAppender (GrpcLogAppender.java:onNext(403)) - omNode-1@group-523986131536->omNode-2-InstallSnapshotResponseHandler: received a reply omNode-1<-omNode-2#0:FAIL-t7,IN_PROGRESS
2022-10-18 03:54:12,375 [grpc-default-executor-1] INFO  server.GrpcLogAppender (GrpcLogAppender.java:onNext(421)) - omNode-1@group-523986131536->omNode-2-InstallSnapshotResponseHandler: InstallSnapshot in progress.
2022-10-18 03:54:12,375 [omNode-1@group-523986131536->omNode-2-GrpcLogAppender-LogAppenderDaemon] INFO  server.GrpcLogAppender (GrpcLogAppender.java:installSnapshot(541)) - omNode-1@group-523986131536->omNode-2-GrpcLogAppender: followerNextIndex = 59 but logStartIndex = 61, notify follower to install snapshot-(t:7, i:61)
2022-10-18 03:54:12,375 [omNode-1@group-523986131536->omNode-2-GrpcLogAppender-LogAppenderDaemon] INFO  server.GrpcLogAppender (GrpcLogAppender.java:installSnapshot(549)) - omNode-1@group-523986131536->omNode-2-GrpcLogAppender: send omNode-1->omNode-2#0-t7,notify:(t:7, i:61)
2022-10-18 03:54:12,375 [omNode-2-server-thread1] INFO  server.RaftServer$Division (RaftServerImpl.java:checkInconsistentAppendEntries(1402)) - omNode-2@group-523986131536: Failed appendEntries as snapshot (61) installation is in progress
2022-10-18 03:54:12,375 [omNode-2-server-thread1] INFO  server.RaftServer$Division (RaftServerImpl.java:checkInconsistentAppendEntries(1394)) - omNode-2@group-523986131536: inconsistency entries. Reply:omNode-1<-omNode-2#591:FAIL-t7,INCONSISTENCY,nextIndex=59,followerCommit=58
2022-10-18 03:54:12,376 [grpc-default-executor-1] INFO  impl.SnapshotInstallationHandler (SnapshotInstallationHandler.java:installSnapshot(84)) - omNode-2@group-523986131536: receive installSnapshot: omNode-1->omNode-2#0-t7,notify:(t:7, i:61)
2022-10-18 03:54:12,376 [grpc-default-executor-1] INFO  impl.SnapshotInstallationHandler (SnapshotInstallationHandler.java:installSnapshot(95)) - omNode-2@group-523986131536: reply installSnapshot: omNode-1<-omNode-2#0:FAIL-t7,IN_PROGRESS
2022-10-18 03:54:12,376 [grpc-default-executor-1] INFO  server.GrpcServerProtocolService (GrpcServerProtocolService.java:onCompleted(140)) - omNode-2: Completed INSTALL_SNAPSHOT, lastRequest: omNode-1->omNode-2#0-t7,notify:(t:7, i:61)
2022-10-18 03:54:12,376 [grpc-default-executor-3] INFO  leader.FollowerInfo (FollowerInfoImpl.java:lambda$new$0(48)) - omNode-1@group-523986131536->omNode-2: nextIndex: updateUnconditionally 59 -> 59
2022-10-18 03:54:12,378 [grpc-default-executor-3] INFO  server.GrpcLogAppender (GrpcLogAppender.java:onNext(403)) - omNode-1@group-523986131536->omNode-2-InstallSnapshotResponseHandler: received a reply omNode-1<-omNode-2#0:FAIL-t7,IN_PROGRESS
2022-10-18 03:54:12,378 [grpc-default-executor-3] INFO  server.GrpcLogAppender (GrpcLogAppender.java:onNext(421)) - omNode-1@group-523986131536->omNode-2-InstallSnapshotResponseHandler: InstallSnapshot in progress.
2022-10-18 03:54:12,378 [omNode-1@group-523986131536->omNode-2-GrpcLogAppender-LogAppenderDaemon] INFO  server.GrpcLogAppender (GrpcLogAppender.java:installSnapshot(541)) - omNode-1@group-523986131536->omNode-2-GrpcLogAppender: followerNextIndex = 59 but logStartIndex = 61, notify follower to install snapshot-(t:7, i:61)
2022-10-18 03:54:12,378 [omNode-1@group-523986131536->omNode-2-GrpcLogAppender-LogAppenderDaemon] INFO  server.GrpcLogAppender (GrpcLogAppender.java:installSnapshot(549)) - omNode-1@group-523986131536->omNode-2-GrpcLogAppender: send omNode-1->omNode-2#0-t7,notify:(t:7, i:61)
2022-10-18 03:54:12,379 [omNode-2-server-thread1] INFO  server.RaftServer$Division (RaftServerImpl.java:checkInconsistentAppendEntries(1402)) - omNode-2@group-523986131536: Failed appendEntries as snapshot (61) installation is in progress
2022-10-18 03:54:12,379 [omNode-2-server-thread1] INFO  server.RaftServer$Division (RaftServerImpl.java:checkInconsistentAppendEntries(1394)) - omNode-2@group-523986131536: inconsistency entries. Reply:omNode-1<-omNode-2#592:FAIL-t7,INCONSISTENCY,nextIndex=59,followerCommit=58
2022-10-18 03:54:12,380 [grpc-default-executor-3] INFO  impl.SnapshotInstallationHandler (SnapshotInstallationHandler.java:installSnapshot(84)) - omNode-2@group-523986131536: receive installSnapshot: omNode-1->omNode-2#0-t7,notify:(t:7, i:61)
2022-10-18 03:54:12,380 [grpc-default-executor-3] INFO  impl.SnapshotInstallationHandler (SnapshotInstallationHandler.java:installSnapshot(95)) - omNode-2@group-523986131536: reply installSnapshot: omNode-1<-omNode-2#0:FAIL-t7,IN_PROGRESS
2022-10-18 03:54:12,380 [grpc-default-executor-3] INFO  server.GrpcServerProtocolService (GrpcServerProtocolService.java:onCompleted(140)) - omNode-2: Completed INSTALL_SNAPSHOT, lastRequest: omNode-1->omNode-2#0-t7,notify:(t:7, i:61)
2022-10-18 03:54:12,386 [grpc-default-executor-1] INFO  server.GrpcLogAppender (GrpcLogAppender.java:onNext(403)) - omNode-1@group-523986131536->omNode-2-InstallSnapshotResponseHandler: received a reply omNode-1<-omNode-2#0:FAIL-t7,IN_PROGRESS
2022-10-18 03:54:12,386 [grpc-default-executor-1] INFO  server.GrpcLogAppender (GrpcLogAppender.java:onNext(421)) - omNode-1@group-523986131536->omNode-2-InstallSnapshotResponseHandler: InstallSnapshot in progress.
2022-10-18 03:54:12,386 [grpc-default-executor-3] INFO  leader.FollowerInfo (FollowerInfoImpl.java:lambda$new$0(48)) - omNode-1@group-523986131536->omNode-2: nextIndex: updateUnconditionally 59 -> 59
2022-10-18 03:54:12,387 [omNode-1@group-523986131536->omNode-2-GrpcLogAppender-LogAppenderDaemon] INFO  server.GrpcLogAppender (GrpcLogAppender.java:installSnapshot(541)) - omNode-1@group-523986131536->omNode-2-GrpcLogAppender: followerNextIndex = 59 but logStartIndex = 61, notify follower to install snapshot-(t:7, i:61)
2022-10-18 03:54:12,387 [omNode-1@group-523986131536->omNode-2-GrpcLogAppender-LogAppenderDaemon] INFO  server.GrpcLogAppender (GrpcLogAppender.java:installSnapshot(549)) - omNode-1@group-523986131536->omNode-2-GrpcLogAppender: send omNode-1->omNode-2#0-t7,notify:(t:7, i:61)
2022-10-18 03:54:12,390 [omNode-2-server-thread1] INFO  server.RaftServer$Division (RaftServerImpl.java:checkInconsistentAppendEntries(1402)) - omNode-2@group-523986131536: Failed appendEntries as snapshot (61) installation is in progress
2022-10-18 03:54:12,390 [omNode-2-server-thread1] INFO  server.RaftServer$Division (RaftServerImpl.java:checkInconsistentAppendEntries(1394)) - omNode-2@group-523986131536: inconsistency entries. Reply:omNode-1<-omNode-2#593:FAIL-t7,INCONSISTENCY,nextIndex=59,followerCommit=58
2022-10-18 03:54:12,391 [grpc-default-executor-3] INFO  impl.SnapshotInstallationHandler (SnapshotInstallationHandler.java:installSnapshot(84)) - omNode-2@group-523986131536: receive installSnapshot: omNode-1->omNode-2#0-t7,notify:(t:7, i:61)
2022-10-18 03:54:12,391 [grpc-default-executor-3] INFO  impl.SnapshotInstallationHandler (SnapshotInstallationHandler.java:installSnapshot(95)) - omNode-2@group-523986131536: reply installSnapshot: omNode-1<-omNode-2#0:FAIL-t7,IN_PROGRESS
2022-10-18 03:54:12,391 [grpc-default-executor-3] INFO  server.GrpcServerProtocolService (GrpcServerProtocolService.java:onCompleted(140)) - omNode-2: Completed INSTALL_SNAPSHOT, lastRequest: omNode-1->omNode-2#0-t7,notify:(t:7, i:61)
2022-10-18 03:54:12,394 [grpc-default-executor-3] INFO  leader.FollowerInfo (FollowerInfoImpl.java:lambda$new$0(48)) - omNode-1@group-523986131536->omNode-2: nextIndex: updateUnconditionally 59 -> 59
2022-10-18 03:54:12,394 [grpc-default-executor-1] INFO  server.GrpcLogAppender (GrpcLogAppender.java:onNext(403)) - omNode-1@group-523986131536->omNode-2-InstallSnapshotResponseHandler: received a reply omNode-1<-omNode-2#0:FAIL-t7,IN_PROGRESS
2022-10-18 03:54:12,394 [grpc-default-executor-1] INFO  server.GrpcLogAppender (GrpcLogAppender.java:onNext(421)) - omNode-1@group-523986131536->omNode-2-InstallSnapshotResponseHandler: InstallSnapshot in progress.
2022-10-18 03:54:12,394 [omNode-1@group-523986131536->omNode-2-GrpcLogAppender-LogAppenderDaemon] INFO  server.GrpcLogAppender (GrpcLogAppender.java:installSnapshot(541)) - omNode-1@group-523986131536->omNode-2-GrpcLogAppender: followerNextIndex = 59 but logStartIndex = 61, notify follower to install snapshot-(t:7, i:61)
2022-10-18 03:54:12,395 [omNode-1@group-523986131536->omNode-2-GrpcLogAppender-LogAppenderDaemon] INFO  server.GrpcLogAppender (GrpcLogAppender.java:installSnapshot(549)) - omNode-1@group-523986131536->omNode-2-GrpcLogAppender: send omNode-1->omNode-2#0-t7,notify:(t:7, i:61)
2022-10-18 03:54:12,395 [omNode-2-server-thread1] INFO  server.RaftServer$Division (RaftServerImpl.java:checkInconsistentAppendEntries(1402)) - omNode-2@group-523986131536: Failed appendEntries as snapshot (61) installation is in progress
2022-10-18 03:54:12,395 [omNode-2-server-thread1] INFO  server.RaftServer$Division (RaftServerImpl.java:checkInconsistentAppendEntries(1394)) - omNode-2@group-523986131536: inconsistency entries. Reply:omNode-1<-omNode-2#594:FAIL-t7,INCONSISTENCY,nextIndex=59,followerCommit=58
2022-10-18 03:54:12,395 [grpc-default-executor-1] INFO  impl.SnapshotInstallationHandler (SnapshotInstallationHandler.java:installSnapshot(84)) - omNode-2@group-523986131536: receive installSnapshot: omNode-1->omNode-2#0-t7,notify:(t:7, i:61)
2022-10-18 03:54:12,396 [grpc-default-executor-1] INFO  impl.SnapshotInstallationHandler (SnapshotInstallationHandler.java:installSnapshot(95)) - omNode-2@group-523986131536: reply installSnapshot: omNode-1<-omNode-2#0:FAIL-t7,IN_PROGRESS
2022-10-18 03:54:12,396 [grpc-default-executor-1] INFO  server.GrpcServerProtocolService (GrpcServerProtocolService.java:onCompleted(140)) - omNode-2: Completed INSTALL_SNAPSHOT, lastRequest: omNode-1->omNode-2#0-t7,notify:(t:7, i:61)
2022-10-18 03:54:12,396 [grpc-default-executor-3] INFO  leader.FollowerInfo (FollowerInfoImpl.java:lambda$new$0(48)) - omNode-1@group-523986131536->omNode-2: nextIndex: updateUnconditionally 59 -> 59
2022-10-18 03:54:12,396 [grpc-default-executor-1] INFO  server.GrpcLogAppender (GrpcLogAppender.java:onNext(403)) - omNode-1@group-523986131536->omNode-2-InstallSnapshotResponseHandler: received a reply omNode-1<-omNode-2#0:FAIL-t7,IN_PROGRESS
2022-10-18 03:54:12,396 [grpc-default-executor-1] INFO  server.GrpcLogAppender (GrpcLogAppender.java:onNext(421)) - omNode-1@group-523986131536->omNode-2-InstallSnapshotResponseHandler: InstallSnapshot in progress.
2022-10-18 03:54:12,396 [omNode-1@group-523986131536->omNode-2-GrpcLogAppender-LogAppenderDaemon] INFO  server.GrpcLogAppender (GrpcLogAppender.java:installSnapshot(541)) - omNode-1@group-523986131536->omNode-2-GrpcLogAppender: followerNextIndex = 59 but logStartIndex = 61, notify follower to install snapshot-(t:7, i:61)
2022-10-18 03:54:12,397 [omNode-1@group-523986131536->omNode-2-GrpcLogAppender-LogAppenderDaemon] INFO  server.GrpcLogAppender (GrpcLogAppender.java:installSnapshot(549)) - omNode-1@group-523986131536->omNode-2-GrpcLogAppender: send omNode-1->omNode-2#0-t7,notify:(t:7, i:61)
2022-10-18 03:54:12,398 [omNode-2-server-thread1] INFO  server.RaftServer$Division (RaftServerImpl.java:checkInconsistentAppendEntries(1402)) - omNode-2@group-523986131536: Failed appendEntries as snapshot (61) installation is in progress
2022-10-18 03:54:12,398 [omNode-2-server-thread1] INFO  server.RaftServer$Division (RaftServerImpl.java:checkInconsistentAppendEntries(1394)) - omNode-2@group-523986131536: inconsistency entries. Reply:omNode-1<-omNode-2#595:FAIL-t7,INCONSISTENCY,nextIndex=59,followerCommit=58
2022-10-18 03:54:12,398 [grpc-default-executor-3] INFO  impl.SnapshotInstallationHandler (SnapshotInstallationHandler.java:installSnapshot(84)) - omNode-2@group-523986131536: receive installSnapshot: omNode-1->omNode-2#0-t7,notify:(t:7, i:61)
2022-10-18 03:54:12,398 [grpc-default-executor-3] INFO  impl.SnapshotInstallationHandler (SnapshotInstallationHandler.java:installSnapshot(95)) - omNode-2@group-523986131536: reply installSnapshot: omNode-1<-omNode-2#0:FAIL-t7,IN_PROGRESS
2022-10-18 03:54:12,399 [grpc-default-executor-3] INFO  server.GrpcServerProtocolService (GrpcServerProtocolService.java:onCompleted(140)) - omNode-2: Completed INSTALL_SNAPSHOT, lastRequest: omNode-1->omNode-2#0-t7,notify:(t:7, i:61)
2022-10-18 03:54:12,399 [grpc-default-executor-1] INFO  server.GrpcLogAppender (GrpcLogAppender.java:onNext(403)) - omNode-1@group-523986131536->omNode-2-InstallSnapshotResponseHandler: received a reply omNode-1<-omNode-2#0:FAIL-t7,IN_PROGRESS
2022-10-18 03:54:12,399 [grpc-default-executor-1] INFO  server.GrpcLogAppender (GrpcLogAppender.java:onNext(421)) - omNode-1@group-523986131536->omNode-2-InstallSnapshotResponseHandler: InstallSnapshot in progress.
2022-10-18 03:54:12,399 [omNode-1@group-523986131536->omNode-2-GrpcLogAppender-LogAppenderDaemon] INFO  server.GrpcLogAppender (GrpcLogAppender.java:installSnapshot(541)) - omNode-1@group-523986131536->omNode-2-GrpcLogAppender: followerNextIndex = 59 but logStartIndex = 61, notify follower to install snapshot-(t:7, i:61)
2022-10-18 03:54:12,399 [omNode-1@group-523986131536->omNode-2-GrpcLogAppender-LogAppenderDaemon] INFO  server.GrpcLogAppender (GrpcLogAppender.java:installSnapshot(549)) - omNode-1@group-523986131536->omNode-2-GrpcLogAppender: send omNode-1->omNode-2#0-t7,notify:(t:7, i:61)
2022-10-18 03:54:12,400 [grpc-default-executor-3] INFO  leader.FollowerInfo (FollowerInfoImpl.java:lambda$new$0(48)) - omNode-1@group-523986131536->omNode-2: nextIndex: updateUnconditionally 59 -> 59
2022-10-18 03:54:12,402 [omNode-2-server-thread1] INFO  server.RaftServer$Division (RaftServerImpl.java:checkInconsistentAppendEntries(1402)) - omNode-2@group-523986131536: Failed appendEntries as snapshot (61) installation is in progress
2022-10-18 03:54:12,402 [omNode-2-server-thread1] INFO  server.RaftServer$Division (RaftServerImpl.java:checkInconsistentAppendEntries(1394)) - omNode-2@group-523986131536: inconsistency entries. Reply:omNode-1<-omNode-2#596:FAIL-t7,INCONSISTENCY,nextIndex=59,followerCommit=58
2022-10-18 03:54:12,402 [grpc-default-executor-3] INFO  impl.SnapshotInstallationHandler (SnapshotInstallationHandler.java:installSnapshot(84)) - omNode-2@group-523986131536: receive installSnapshot: omNode-1->omNode-2#0-t7,notify:(t:7, i:61)
2022-10-18 03:54:12,403 [grpc-default-executor-3] INFO  impl.SnapshotInstallationHandler (SnapshotInstallationHandler.java:installSnapshot(95)) - omNode-2@group-523986131536: reply installSnapshot: omNode-1<-omNode-2#0:FAIL-t7,IN_PROGRESS
2022-10-18 03:54:12,403 [grpc-default-executor-3] INFO  server.GrpcServerProtocolService (GrpcServerProtocolService.java:onCompleted(140)) - omNode-2: Completed INSTALL_SNAPSHOT, lastRequest: omNode-1->omNode-2#0-t7,notify:(t:7, i:61)
2022-10-18 03:54:12,403 [grpc-default-executor-3] INFO  leader.FollowerInfo (FollowerInfoImpl.java:lambda$new$0(48)) - omNode-1@group-523986131536->omNode-2: nextIndex: updateUnconditionally 59 -> 59
2022-10-18 03:54:12,403 [grpc-default-executor-1] INFO  server.GrpcLogAppender (GrpcLogAppender.java:onNext(403)) - omNode-1@group-523986131536->omNode-2-InstallSnapshotResponseHandler: received a reply omNode-1<-omNode-2#0:FAIL-t7,IN_PROGRESS
2022-10-18 03:54:12,403 [grpc-default-executor-1] INFO  server.GrpcLogAppender (GrpcLogAppender.java:onNext(421)) - omNode-1@group-523986131536->omNode-2-InstallSnapshotResponseHandler: InstallSnapshot in progress.
2022-10-18 03:54:12,404 [omNode-1@group-523986131536->omNode-2-GrpcLogAppender-LogAppenderDaemon] INFO  server.GrpcLogAppender (GrpcLogAppender.java:installSnapshot(541)) - omNode-1@group-523986131536->omNode-2-GrpcLogAppender: followerNextIndex = 59 but logStartIndex = 61, notify follower to install snapshot-(t:7, i:61)
2022-10-18 03:54:12,404 [omNode-1@group-523986131536->omNode-2-GrpcLogAppender-LogAppenderDaemon] INFO  server.GrpcLogAppender (GrpcLogAppender.java:installSnapshot(549)) - omNode-1@group-523986131536->omNode-2-GrpcLogAppender: send omNode-1->omNode-2#0-t7,notify:(t:7, i:61)
2022-10-18 03:54:12,406 [omNode-2-server-thread1] INFO  server.RaftServer$Division (RaftServerImpl.java:checkInconsistentAppendEntries(1402)) - omNode-2@group-523986131536: Failed appendEntries as snapshot (61) installation is in progress
2022-10-18 03:54:12,406 [omNode-2-server-thread1] INFO  server.RaftServer$Division (RaftServerImpl.java:checkInconsistentAppendEntries(1394)) - omNode-2@group-523986131536: inconsistency entries. Reply:omNode-1<-omNode-2#597:FAIL-t7,INCONSISTENCY,nextIndex=59,followerCommit=58
2022-10-18 03:54:12,406 [grpc-default-executor-1] INFO  impl.SnapshotInstallationHandler (SnapshotInstallationHandler.java:installSnapshot(84)) - omNode-2@group-523986131536: receive installSnapshot: omNode-1->omNode-2#0-t7,notify:(t:7, i:61)
2022-10-18 03:54:12,406 [grpc-default-executor-1] INFO  impl.SnapshotInstallationHandler (SnapshotInstallationHandler.java:installSnapshot(95)) - omNode-2@group-523986131536: reply installSnapshot: omNode-1<-omNode-2#0:FAIL-t7,IN_PROGRESS
2022-10-18 03:54:12,407 [grpc-default-executor-1] INFO  server.GrpcServerProtocolService (GrpcServerProtocolService.java:onCompleted(140)) - omNode-2: Completed INSTALL_SNAPSHOT, lastRequest: omNode-1->omNode-2#0-t7,notify:(t:7, i:61)
2022-10-18 03:54:12,408 [grpc-default-executor-3] INFO  server.GrpcLogAppender (GrpcLogAppender.java:onNext(403)) - omNode-1@group-523986131536->omNode-2-InstallSnapshotResponseHandler: received a reply omNode-1<-omNode-2#0:FAIL-t7,IN_PROGRESS
2022-10-18 03:54:12,408 [grpc-default-executor-3] INFO  server.GrpcLogAppender (GrpcLogAppender.java:onNext(421)) - omNode-1@group-523986131536->omNode-2-InstallSnapshotResponseHandler: InstallSnapshot in progress.
2022-10-18 03:54:12,408 [omNode-1@group-523986131536->omNode-2-GrpcLogAppender-LogAppenderDaemon] INFO  server.GrpcLogAppender (GrpcLogAppender.java:installSnapshot(541)) - omNode-1@group-523986131536->omNode-2-GrpcLogAppender: followerNextIndex = 59 but logStartIndex = 61, notify follower to install snapshot-(t:7, i:61)
2022-10-18 03:54:12,408 [omNode-1@group-523986131536->omNode-2-GrpcLogAppender-LogAppenderDaemon] INFO  server.GrpcLogAppender (GrpcLogAppender.java:installSnapshot(549)) - omNode-1@group-523986131536->omNode-2-GrpcLogAppender: send omNode-1->omNode-2#0-t7,notify:(t:7, i:61)
2022-10-18 03:54:12,409 [grpc-default-executor-1] INFO  leader.FollowerInfo (FollowerInfoImpl.java:lambda$new$0(48)) - omNode-1@group-523986131536->omNode-2: nextIndex: updateUnconditionally 59 -> 59
2022-10-18 03:54:12,411 [omNode-2-server-thread1] INFO  server.RaftServer$Division (RaftServerImpl.java:checkInconsistentAppendEntries(1402)) - omNode-2@group-523986131536: Failed appendEntries as snapshot (61) installation is in progress
2022-10-18 03:54:12,411 [omNode-2-server-thread1] INFO  server.RaftServer$Division (RaftServerImpl.java:checkInconsistentAppendEntries(1394)) - omNode-2@group-523986131536: inconsistency entries. Reply:omNode-1<-omNode-2#598:FAIL-t7,INCONSISTENCY,nextIndex=59,followerCommit=58
2022-10-18 03:54:12,413 [grpc-default-executor-3] INFO  leader.FollowerInfo (FollowerInfoImpl.java:lambda$new$0(48)) - omNode-1@group-523986131536->omNode-2: nextIndex: updateUnconditionally 59 -> 59
2022-10-18 03:54:12,414 [grpc-default-executor-3] INFO  impl.SnapshotInstallationHandler (SnapshotInstallationHandler.java:installSnapshot(84)) - omNode-2@group-523986131536: receive installSnapshot: omNode-1->omNode-2#0-t7,notify:(t:7, i:61)
2022-10-18 03:54:12,414 [grpc-default-executor-3] INFO  impl.SnapshotInstallationHandler (SnapshotInstallationHandler.java:installSnapshot(95)) - omNode-2@group-523986131536: reply installSnapshot: omNode-1<-omNode-2#0:FAIL-t7,IN_PROGRESS
2022-10-18 03:54:12,415 [grpc-default-executor-3] INFO  server.GrpcServerProtocolService (GrpcServerProtocolService.java:onCompleted(140)) - omNode-2: Completed INSTALL_SNAPSHOT, lastRequest: omNode-1->omNode-2#0-t7,notify:(t:7, i:61)
2022-10-18 03:54:12,415 [grpc-default-executor-3] INFO  server.GrpcLogAppender (GrpcLogAppender.java:onNext(403)) - omNode-1@group-523986131536->omNode-2-InstallSnapshotResponseHandler: received a reply omNode-1<-omNode-2#0:FAIL-t7,IN_PROGRESS
2022-10-18 03:54:12,415 [grpc-default-executor-3] INFO  server.GrpcLogAppender (GrpcLogAppender.java:onNext(421)) - omNode-1@group-523986131536->omNode-2-InstallSnapshotResponseHandler: InstallSnapshot in progress.
2022-10-18 03:54:12,415 [omNode-1@group-523986131536->omNode-2-GrpcLogAppender-LogAppenderDaemon] INFO  server.GrpcLogAppender (GrpcLogAppender.java:installSnapshot(541)) - omNode-1@group-523986131536->omNode-2-GrpcLogAppender: followerNextIndex = 59 but logStartIndex = 61, notify follower to install snapshot-(t:7, i:61)
2022-10-18 03:54:12,415 [omNode-1@group-523986131536->omNode-2-GrpcLogAppender-LogAppenderDaemon] INFO  server.GrpcLogAppender (GrpcLogAppender.java:installSnapshot(549)) - omNode-1@group-523986131536->omNode-2-GrpcLogAppender: send omNode-1->omNode-2#0-t7,notify:(t:7, i:61)
2022-10-18 03:54:12,416 [omNode-2-server-thread1] INFO  server.RaftServer$Division (RaftServerImpl.java:checkInconsistentAppendEntries(1402)) - omNode-2@group-523986131536: Failed appendEntries as snapshot (61) installation is in progress
2022-10-18 03:54:12,416 [omNode-2-server-thread1] INFO  server.RaftServer$Division (RaftServerImpl.java:checkInconsistentAppendEntries(1394)) - omNode-2@group-523986131536: inconsistency entries. Reply:omNode-1<-omNode-2#599:FAIL-t7,INCONSISTENCY,nextIndex=59,followerCommit=58
2022-10-18 03:54:12,418 [grpc-default-executor-1] INFO  leader.FollowerInfo (FollowerInfoImpl.java:lambda$new$0(48)) - omNode-1@group-523986131536->omNode-2: nextIndex: updateUnconditionally 59 -> 59
2022-10-18 03:54:12,418 [grpc-default-executor-3] INFO  impl.SnapshotInstallationHandler (SnapshotInstallationHandler.java:installSnapshot(84)) - omNode-2@group-523986131536: receive installSnapshot: omNode-1->omNode-2#0-t7,notify:(t:7, i:61)
2022-10-18 03:54:12,418 [grpc-default-executor-3] INFO  impl.SnapshotInstallationHandler (SnapshotInstallationHandler.java:installSnapshot(95)) - omNode-2@group-523986131536: reply installSnapshot: omNode-1<-omNode-2#0:FAIL-t7,IN_PROGRESS
2022-10-18 03:54:12,419 [grpc-default-executor-3] INFO  server.GrpcServerProtocolService (GrpcServerProtocolService.java:onCompleted(140)) - omNode-2: Completed INSTALL_SNAPSHOT, lastRequest: omNode-1->omNode-2#0-t7,notify:(t:7, i:61)
2022-10-18 03:54:12,422 [grpc-default-executor-3] INFO  server.GrpcLogAppender (GrpcLogAppender.java:onNext(403)) - omNode-1@group-523986131536->omNode-2-InstallSnapshotResponseHandler: received a reply omNode-1<-omNode-2#0:FAIL-t7,IN_PROGRESS
2022-10-18 03:54:12,422 [grpc-default-executor-3] INFO  server.GrpcLogAppender (GrpcLogAppender.java:onNext(421)) - omNode-1@group-523986131536->omNode-2-InstallSnapshotResponseHandler: InstallSnapshot in progress.
2022-10-18 03:54:12,422 [omNode-1@group-523986131536->omNode-2-GrpcLogAppender-LogAppenderDaemon] INFO  server.GrpcLogAppender (GrpcLogAppender.java:installSnapshot(541)) - omNode-1@group-523986131536->omNode-2-GrpcLogAppender: followerNextIndex = 59 but logStartIndex = 61, notify follower to install snapshot-(t:7, i:61)
2022-10-18 03:54:12,422 [omNode-1@group-523986131536->omNode-2-GrpcLogAppender-LogAppenderDaemon] INFO  server.GrpcLogAppender (GrpcLogAppender.java:installSnapshot(549)) - omNode-1@group-523986131536->omNode-2-GrpcLogAppender: send omNode-1->omNode-2#0-t7,notify:(t:7, i:61)
2022-10-18 03:54:12,426 [omNode-2-server-thread1] INFO  server.RaftServer$Division (RaftServerImpl.java:checkInconsistentAppendEntries(1402)) - omNode-2@group-523986131536: Failed appendEntries as snapshot (61) installation is in progress
2022-10-18 03:54:12,426 [omNode-2-server-thread1] INFO  server.RaftServer$Division (RaftServerImpl.java:checkInconsistentAppendEntries(1394)) - omNode-2@group-523986131536: inconsistency entries. Reply:omNode-1<-omNode-2#600:FAIL-t7,INCONSISTENCY,nextIndex=59,followerCommit=58
2022-10-18 03:54:12,427 [grpc-default-executor-3] INFO  impl.SnapshotInstallationHandler (SnapshotInstallationHandler.java:installSnapshot(84)) - omNode-2@group-523986131536: receive installSnapshot: omNode-1->omNode-2#0-t7,notify:(t:7, i:61)
2022-10-18 03:54:12,427 [grpc-default-executor-3] INFO  impl.SnapshotInstallationHandler (SnapshotInstallationHandler.java:installSnapshot(95)) - omNode-2@group-523986131536: reply installSnapshot: omNode-1<-omNode-2#0:FAIL-t7,IN_PROGRESS
2022-10-18 03:54:12,427 [grpc-default-executor-3] INFO  server.GrpcServerProtocolService (GrpcServerProtocolService.java:onCompleted(140)) - omNode-2: Completed INSTALL_SNAPSHOT, lastRequest: omNode-1->omNode-2#0-t7,notify:(t:7, i:61)
2022-10-18 03:54:12,427 [grpc-default-executor-3] INFO  server.GrpcLogAppender (GrpcLogAppender.java:onNext(403)) - omNode-1@group-523986131536->omNode-2-InstallSnapshotResponseHandler: received a reply omNode-1<-omNode-2#0:FAIL-t7,IN_PROGRESS
2022-10-18 03:54:12,427 [grpc-default-executor-3] INFO  server.GrpcLogAppender (GrpcLogAppender.java:onNext(421)) - omNode-1@group-523986131536->omNode-2-InstallSnapshotResponseHandler: InstallSnapshot in progress.
2022-10-18 03:54:12,428 [omNode-1@group-523986131536->omNode-2-GrpcLogAppender-LogAppenderDaemon] INFO  server.GrpcLogAppender (GrpcLogAppender.java:installSnapshot(541)) - omNode-1@group-523986131536->omNode-2-GrpcLogAppender: followerNextIndex = 59 but logStartIndex = 61, notify follower to install snapshot-(t:7, i:61)
2022-10-18 03:54:12,428 [omNode-1@group-523986131536->omNode-2-GrpcLogAppender-LogAppenderDaemon] INFO  server.GrpcLogAppender (GrpcLogAppender.java:installSnapshot(549)) - omNode-1@group-523986131536->omNode-2-GrpcLogAppender: send omNode-1->omNode-2#0-t7,notify:(t:7, i:61)
2022-10-18 03:54:12,428 [grpc-default-executor-1] INFO  leader.FollowerInfo (FollowerInfoImpl.java:lambda$new$0(48)) - omNode-1@group-523986131536->omNode-2: nextIndex: updateUnconditionally 59 -> 59
2022-10-18 03:54:12,429 [omNode-2-server-thread1] INFO  server.RaftServer$Division (RaftServerImpl.java:checkInconsistentAppendEntries(1402)) - omNode-2@group-523986131536: Failed appendEntries as snapshot (61) installation is in progress
2022-10-18 03:54:12,429 [omNode-2-server-thread1] INFO  server.RaftServer$Division (RaftServerImpl.java:checkInconsistentAppendEntries(1394)) - omNode-2@group-523986131536: inconsistency entries. Reply:omNode-1<-omNode-2#601:FAIL-t7,INCONSISTENCY,nextIndex=59,followerCommit=58
2022-10-18 03:54:12,429 [grpc-default-executor-3] INFO  impl.SnapshotInstallationHandler (SnapshotInstallationHandler.java:installSnapshot(84)) - omNode-2@group-523986131536: receive installSnapshot: omNode-1->omNode-2#0-t7,notify:(t:7, i:61)
2022-10-18 03:54:12,429 [grpc-default-executor-3] INFO  impl.SnapshotInstallationHandler (SnapshotInstallationHandler.java:installSnapshot(95)) - omNode-2@group-523986131536: reply installSnapshot: omNode-1<-omNode-2#0:FAIL-t7,IN_PROGRESS
2022-10-18 03:54:12,429 [grpc-default-executor-3] INFO  server.GrpcServerProtocolService (GrpcServerProtocolService.java:onCompleted(140)) - omNode-2: Completed INSTALL_SNAPSHOT, lastRequest: omNode-1->omNode-2#0-t7,notify:(t:7, i:61)
2022-10-18 03:54:12,429 [grpc-default-executor-0] INFO  leader.FollowerInfo (FollowerInfoImpl.java:lambda$new$0(48)) - omNode-1@group-523986131536->omNode-2: nextIndex: updateUnconditionally 59 -> 59
2022-10-18 03:54:12,432 [grpc-default-executor-0] INFO  server.GrpcLogAppender (GrpcLogAppender.java:onNext(403)) - omNode-1@group-523986131536->omNode-2-InstallSnapshotResponseHandler: received a reply omNode-1<-omNode-2#0:FAIL-t7,IN_PROGRESS
2022-10-18 03:54:12,432 [grpc-default-executor-0] INFO  server.GrpcLogAppender (GrpcLogAppender.java:onNext(421)) - omNode-1@group-523986131536->omNode-2-InstallSnapshotResponseHandler: InstallSnapshot in progress.
2022-10-18 03:54:12,432 [omNode-1@group-523986131536->omNode-2-GrpcLogAppender-LogAppenderDaemon] INFO  server.GrpcLogAppender (GrpcLogAppender.java:installSnapshot(541)) - omNode-1@group-523986131536->omNode-2-GrpcLogAppender: followerNextIndex = 59 but logStartIndex = 61, notify follower to install snapshot-(t:7, i:61)
2022-10-18 03:54:12,432 [omNode-1@group-523986131536->omNode-2-GrpcLogAppender-LogAppenderDaemon] INFO  server.GrpcLogAppender (GrpcLogAppender.java:installSnapshot(549)) - omNode-1@group-523986131536->omNode-2-GrpcLogAppender: send omNode-1->omNode-2#0-t7,notify:(t:7, i:61)
2022-10-18 03:54:12,434 [omNode-2-server-thread1] INFO  server.RaftServer$Division (RaftServerImpl.java:checkInconsistentAppendEntries(1402)) - omNode-2@group-523986131536: Failed appendEntries as snapshot (61) installation is in progress
2022-10-18 03:54:12,434 [omNode-2-server-thread1] INFO  server.RaftServer$Division (RaftServerImpl.java:checkInconsistentAppendEntries(1394)) - omNode-2@group-523986131536: inconsistency entries. Reply:omNode-1<-omNode-2#602:FAIL-t7,INCONSISTENCY,nextIndex=59,followerCommit=58
2022-10-18 03:54:12,434 [grpc-default-executor-0] INFO  impl.SnapshotInstallationHandler (SnapshotInstallationHandler.java:installSnapshot(84)) - omNode-2@group-523986131536: receive installSnapshot: omNode-1->omNode-2#0-t7,notify:(t:7, i:61)
2022-10-18 03:54:12,435 [grpc-default-executor-0] INFO  impl.SnapshotInstallationHandler (SnapshotInstallationHandler.java:installSnapshot(95)) - omNode-2@group-523986131536: reply installSnapshot: omNode-1<-omNode-2#0:FAIL-t7,IN_PROGRESS
2022-10-18 03:54:12,435 [grpc-default-executor-0] INFO  server.GrpcServerProtocolService (GrpcServerProtocolService.java:onCompleted(140)) - omNode-2: Completed INSTALL_SNAPSHOT, lastRequest: omNode-1->omNode-2#0-t7,notify:(t:7, i:61)
2022-10-18 03:54:12,438 [grpc-default-executor-3] INFO  server.GrpcLogAppender (GrpcLogAppender.java:onNext(403)) - omNode-1@group-523986131536->omNode-2-InstallSnapshotResponseHandler: received a reply omNode-1<-omNode-2#0:FAIL-t7,IN_PROGRESS
2022-10-18 03:54:12,438 [grpc-default-executor-3] INFO  server.GrpcLogAppender (GrpcLogAppender.java:onNext(421)) - omNode-1@group-523986131536->omNode-2-InstallSnapshotResponseHandler: InstallSnapshot in progress.
2022-10-18 03:54:12,438 [grpc-default-executor-0] INFO  leader.FollowerInfo (FollowerInfoImpl.java:lambda$new$0(48)) - omNode-1@group-523986131536->omNode-2: nextIndex: updateUnconditionally 59 -> 59
2022-10-18 03:54:12,438 [omNode-1@group-523986131536->omNode-2-GrpcLogAppender-LogAppenderDaemon] INFO  server.GrpcLogAppender (GrpcLogAppender.java:installSnapshot(541)) - omNode-1@group-523986131536->omNode-2-GrpcLogAppender: followerNextIndex = 59 but logStartIndex = 61, notify follower to install snapshot-(t:7, i:61)
2022-10-18 03:54:12,438 [omNode-1@group-523986131536->omNode-2-GrpcLogAppender-LogAppenderDaemon] INFO  server.GrpcLogAppender (GrpcLogAppender.java:installSnapshot(549)) - omNode-1@group-523986131536->omNode-2-GrpcLogAppender: send omNode-1->omNode-2#0-t7,notify:(t:7, i:61)
2022-10-18 03:54:12,439 [omNode-2-server-thread1] INFO  server.RaftServer$Division (RaftServerImpl.java:checkInconsistentAppendEntries(1402)) - omNode-2@group-523986131536: Failed appendEntries as snapshot (61) installation is in progress
2022-10-18 03:54:12,439 [omNode-2-server-thread1] INFO  server.RaftServer$Division (RaftServerImpl.java:checkInconsistentAppendEntries(1394)) - omNode-2@group-523986131536: inconsistency entries. Reply:omNode-1<-omNode-2#603:FAIL-t7,INCONSISTENCY,nextIndex=59,followerCommit=58
2022-10-18 03:54:12,439 [grpc-default-executor-3] INFO  impl.SnapshotInstallationHandler (SnapshotInstallationHandler.java:installSnapshot(84)) - omNode-2@group-523986131536: receive installSnapshot: omNode-1->omNode-2#0-t7,notify:(t:7, i:61)
2022-10-18 03:54:12,439 [grpc-default-executor-3] INFO  impl.SnapshotInstallationHandler (SnapshotInstallationHandler.java:installSnapshot(95)) - omNode-2@group-523986131536: reply installSnapshot: omNode-1<-omNode-2#0:FAIL-t7,IN_PROGRESS
2022-10-18 03:54:12,440 [grpc-default-executor-3] INFO  server.GrpcServerProtocolService (GrpcServerProtocolService.java:onCompleted(140)) - omNode-2: Completed INSTALL_SNAPSHOT, lastRequest: omNode-1->omNode-2#0-t7,notify:(t:7, i:61)
2022-10-18 03:54:12,440 [grpc-default-executor-0] INFO  leader.FollowerInfo (FollowerInfoImpl.java:lambda$new$0(48)) - omNode-1@group-523986131536->omNode-2: nextIndex: updateUnconditionally 59 -> 59
2022-10-18 03:54:12,440 [grpc-default-executor-0] INFO  server.GrpcLogAppender (GrpcLogAppender.java:onNext(403)) - omNode-1@group-523986131536->omNode-2-InstallSnapshotResponseHandler: received a reply omNode-1<-omNode-2#0:FAIL-t7,IN_PROGRESS
2022-10-18 03:54:12,440 [grpc-default-executor-0] INFO  server.GrpcLogAppender (GrpcLogAppender.java:onNext(421)) - omNode-1@group-523986131536->omNode-2-InstallSnapshotResponseHandler: InstallSnapshot in progress.
2022-10-18 03:54:12,441 [omNode-1@group-523986131536->omNode-2-GrpcLogAppender-LogAppenderDaemon] INFO  server.GrpcLogAppender (GrpcLogAppender.java:installSnapshot(541)) - omNode-1@group-523986131536->omNode-2-GrpcLogAppender: followerNextIndex = 59 but logStartIndex = 61, notify follower to install snapshot-(t:7, i:61)
2022-10-18 03:54:12,441 [omNode-1@group-523986131536->omNode-2-GrpcLogAppender-LogAppenderDaemon] INFO  server.GrpcLogAppender (GrpcLogAppender.java:installSnapshot(549)) - omNode-1@group-523986131536->omNode-2-GrpcLogAppender: send omNode-1->omNode-2#0-t7,notify:(t:7, i:61)
2022-10-18 03:54:12,446 [omNode-2-server-thread1] INFO  server.RaftServer$Division (RaftServerImpl.java:checkInconsistentAppendEntries(1402)) - omNode-2@group-523986131536: Failed appendEntries as snapshot (61) installation is in progress
2022-10-18 03:54:12,446 [omNode-2-server-thread1] INFO  server.RaftServer$Division (RaftServerImpl.java:checkInconsistentAppendEntries(1394)) - omNode-2@group-523986131536: inconsistency entries. Reply:omNode-1<-omNode-2#604:FAIL-t7,INCONSISTENCY,nextIndex=59,followerCommit=58
2022-10-18 03:54:12,447 [grpc-default-executor-0] INFO  impl.SnapshotInstallationHandler (SnapshotInstallationHandler.java:installSnapshot(84)) - omNode-2@group-523986131536: receive installSnapshot: omNode-1->omNode-2#0-t7,notify:(t:7, i:61)
2022-10-18 03:54:12,447 [grpc-default-executor-0] INFO  impl.SnapshotInstallationHandler (SnapshotInstallationHandler.java:installSnapshot(95)) - omNode-2@group-523986131536: reply installSnapshot: omNode-1<-omNode-2#0:FAIL-t7,IN_PROGRESS
2022-10-18 03:54:12,447 [grpc-default-executor-0] INFO  server.GrpcServerProtocolService (GrpcServerProtocolService.java:onCompleted(140)) - omNode-2: Completed INSTALL_SNAPSHOT, lastRequest: omNode-1->omNode-2#0-t7,notify:(t:7, i:61)
2022-10-18 03:54:12,448 [grpc-default-executor-0] INFO  leader.FollowerInfo (FollowerInfoImpl.java:lambda$new$0(48)) - omNode-1@group-523986131536->omNode-2: nextIndex: updateUnconditionally 59 -> 59
2022-10-18 03:54:12,448 [grpc-default-executor-3] INFO  server.GrpcLogAppender (GrpcLogAppender.java:onNext(403)) - omNode-1@group-523986131536->omNode-2-InstallSnapshotResponseHandler: received a reply omNode-1<-omNode-2#0:FAIL-t7,IN_PROGRESS
2022-10-18 03:54:12,448 [grpc-default-executor-3] INFO  server.GrpcLogAppender (GrpcLogAppender.java:onNext(421)) - omNode-1@group-523986131536->omNode-2-InstallSnapshotResponseHandler: InstallSnapshot in progress.
2022-10-18 03:54:12,448 [omNode-1@group-523986131536->omNode-2-GrpcLogAppender-LogAppenderDaemon] INFO  server.GrpcLogAppender (GrpcLogAppender.java:installSnapshot(541)) - omNode-1@group-523986131536->omNode-2-GrpcLogAppender: followerNextIndex = 59 but logStartIndex = 61, notify follower to install snapshot-(t:7, i:61)
2022-10-18 03:54:12,448 [omNode-1@group-523986131536->omNode-2-GrpcLogAppender-LogAppenderDaemon] INFO  server.GrpcLogAppender (GrpcLogAppender.java:installSnapshot(549)) - omNode-1@group-523986131536->omNode-2-GrpcLogAppender: send omNode-1->omNode-2#0-t7,notify:(t:7, i:61)
2022-10-18 03:54:12,451 [omNode-2-server-thread1] INFO  server.RaftServer$Division (RaftServerImpl.java:checkInconsistentAppendEntries(1402)) - omNode-2@group-523986131536: Failed appendEntries as snapshot (61) installation is in progress
2022-10-18 03:54:12,451 [omNode-2-server-thread1] INFO  server.RaftServer$Division (RaftServerImpl.java:checkInconsistentAppendEntries(1394)) - omNode-2@group-523986131536: inconsistency entries. Reply:omNode-1<-omNode-2#605:FAIL-t7,INCONSISTENCY,nextIndex=59,followerCommit=58
2022-10-18 03:54:12,451 [grpc-default-executor-3] INFO  impl.SnapshotInstallationHandler (SnapshotInstallationHandler.java:installSnapshot(84)) - omNode-2@group-523986131536: receive installSnapshot: omNode-1->omNode-2#0-t7,notify:(t:7, i:61)
2022-10-18 03:54:12,452 [grpc-default-executor-3] INFO  impl.SnapshotInstallationHandler (SnapshotInstallationHandler.java:installSnapshot(95)) - omNode-2@group-523986131536: reply installSnapshot: omNode-1<-omNode-2#0:FAIL-t7,IN_PROGRESS
2022-10-18 03:54:12,452 [grpc-default-executor-3] INFO  server.GrpcServerProtocolService (GrpcServerProtocolService.java:onCompleted(140)) - omNode-2: Completed INSTALL_SNAPSHOT, lastRequest: omNode-1->omNode-2#0-t7,notify:(t:7, i:61)
2022-10-18 03:54:12,452 [grpc-default-executor-0] INFO  leader.FollowerInfo (FollowerInfoImpl.java:lambda$new$0(48)) - omNode-1@group-523986131536->omNode-2: nextIndex: updateUnconditionally 59 -> 59
2022-10-18 03:54:12,452 [grpc-default-executor-3] INFO  server.GrpcLogAppender (GrpcLogAppender.java:onNext(403)) - omNode-1@group-523986131536->omNode-2-InstallSnapshotResponseHandler: received a reply omNode-1<-omNode-2#0:FAIL-t7,IN_PROGRESS
2022-10-18 03:54:12,452 [grpc-default-executor-3] INFO  server.GrpcLogAppender (GrpcLogAppender.java:onNext(421)) - omNode-1@group-523986131536->omNode-2-InstallSnapshotResponseHandler: InstallSnapshot in progress.
2022-10-18 03:54:12,452 [omNode-1@group-523986131536->omNode-2-GrpcLogAppender-LogAppenderDaemon] INFO  server.GrpcLogAppender (GrpcLogAppender.java:installSnapshot(541)) - omNode-1@group-523986131536->omNode-2-GrpcLogAppender: followerNextIndex = 59 but logStartIndex = 61, notify follower to install snapshot-(t:7, i:61)
2022-10-18 03:54:12,453 [omNode-1@group-523986131536->omNode-2-GrpcLogAppender-LogAppenderDaemon] INFO  server.GrpcLogAppender (GrpcLogAppender.java:installSnapshot(549)) - omNode-1@group-523986131536->omNode-2-GrpcLogAppender: send omNode-1->omNode-2#0-t7,notify:(t:7, i:61)
2022-10-18 03:54:12,453 [omNode-2-server-thread1] INFO  server.RaftServer$Division (RaftServerImpl.java:checkInconsistentAppendEntries(1402)) - omNode-2@group-523986131536: Failed appendEntries as snapshot (61) installation is in progress
2022-10-18 03:54:12,453 [omNode-2-server-thread1] INFO  server.RaftServer$Division (RaftServerImpl.java:checkInconsistentAppendEntries(1394)) - omNode-2@group-523986131536: inconsistency entries. Reply:omNode-1<-omNode-2#606:FAIL-t7,INCONSISTENCY,nextIndex=59,followerCommit=58
2022-10-18 03:54:12,454 [grpc-default-executor-3] INFO  impl.SnapshotInstallationHandler (SnapshotInstallationHandler.java:installSnapshot(84)) - omNode-2@group-523986131536: receive installSnapshot: omNode-1->omNode-2#0-t7,notify:(t:7, i:61)
2022-10-18 03:54:12,454 [grpc-default-executor-3] INFO  impl.SnapshotInstallationHandler (SnapshotInstallationHandler.java:installSnapshot(95)) - omNode-2@group-523986131536: reply installSnapshot: omNode-1<-omNode-2#0:FAIL-t7,IN_PROGRESS
2022-10-18 03:54:12,454 [grpc-default-executor-3] INFO  server.GrpcServerProtocolService (GrpcServerProtocolService.java:onCompleted(140)) - omNode-2: Completed INSTALL_SNAPSHOT, lastRequest: omNode-1->omNode-2#0-t7,notify:(t:7, i:61)
2022-10-18 03:54:12,454 [grpc-default-executor-0] INFO  leader.FollowerInfo (FollowerInfoImpl.java:lambda$new$0(48)) - omNode-1@group-523986131536->omNode-2: nextIndex: updateUnconditionally 59 -> 59
2022-10-18 03:54:12,454 [grpc-default-executor-3] INFO  server.GrpcLogAppender (GrpcLogAppender.java:onNext(403)) - omNode-1@group-523986131536->omNode-2-InstallSnapshotResponseHandler: received a reply omNode-1<-omNode-2#0:FAIL-t7,IN_PROGRESS
2022-10-18 03:54:12,454 [grpc-default-executor-3] INFO  server.GrpcLogAppender (GrpcLogAppender.java:onNext(421)) - omNode-1@group-523986131536->omNode-2-InstallSnapshotResponseHandler: InstallSnapshot in progress.
2022-10-18 03:54:12,455 [omNode-1@group-523986131536->omNode-2-GrpcLogAppender-LogAppenderDaemon] INFO  server.GrpcLogAppender (GrpcLogAppender.java:installSnapshot(541)) - omNode-1@group-523986131536->omNode-2-GrpcLogAppender: followerNextIndex = 59 but logStartIndex = 61, notify follower to install snapshot-(t:7, i:61)
2022-10-18 03:54:12,455 [omNode-1@group-523986131536->omNode-2-GrpcLogAppender-LogAppenderDaemon] INFO  server.GrpcLogAppender (GrpcLogAppender.java:installSnapshot(549)) - omNode-1@group-523986131536->omNode-2-GrpcLogAppender: send omNode-1->omNode-2#0-t7,notify:(t:7, i:61)
2022-10-18 03:54:12,458 [omNode-2-server-thread1] INFO  server.RaftServer$Division (RaftServerImpl.java:checkInconsistentAppendEntries(1402)) - omNode-2@group-523986131536: Failed appendEntries as snapshot (61) installation is in progress
2022-10-18 03:54:12,458 [omNode-2-server-thread1] INFO  server.RaftServer$Division (RaftServerImpl.java:checkInconsistentAppendEntries(1394)) - omNode-2@group-523986131536: inconsistency entries. Reply:omNode-1<-omNode-2#607:FAIL-t7,INCONSISTENCY,nextIndex=59,followerCommit=58
2022-10-18 03:54:12,458 [grpc-default-executor-3] INFO  impl.SnapshotInstallationHandler (SnapshotInstallationHandler.java:installSnapshot(84)) - omNode-2@group-523986131536: receive installSnapshot: omNode-1->omNode-2#0-t7,notify:(t:7, i:61)
2022-10-18 03:54:12,459 [grpc-default-executor-3] INFO  impl.SnapshotInstallationHandler (SnapshotInstallationHandler.java:installSnapshot(95)) - omNode-2@group-523986131536: reply installSnapshot: omNode-1<-omNode-2#0:FAIL-t7,IN_PROGRESS
2022-10-18 03:54:12,459 [grpc-default-executor-3] INFO  server.GrpcServerProtocolService (GrpcServerProtocolService.java:onCompleted(140)) - omNode-2: Completed INSTALL_SNAPSHOT, lastRequest: omNode-1->omNode-2#0-t7,notify:(t:7, i:61)
2022-10-18 03:54:12,459 [grpc-default-executor-3] INFO  leader.FollowerInfo (FollowerInfoImpl.java:lambda$new$0(48)) - omNode-1@group-523986131536->omNode-2: nextIndex: updateUnconditionally 59 -> 59
2022-10-18 03:54:12,459 [grpc-default-executor-0] INFO  server.GrpcLogAppender (GrpcLogAppender.java:onNext(403)) - omNode-1@group-523986131536->omNode-2-InstallSnapshotResponseHandler: received a reply omNode-1<-omNode-2#0:FAIL-t7,IN_PROGRESS
2022-10-18 03:54:12,459 [grpc-default-executor-0] INFO  server.GrpcLogAppender (GrpcLogAppender.java:onNext(421)) - omNode-1@group-523986131536->omNode-2-InstallSnapshotResponseHandler: InstallSnapshot in progress.
2022-10-18 03:54:12,460 [omNode-1@group-523986131536->omNode-2-GrpcLogAppender-LogAppenderDaemon] INFO  server.GrpcLogAppender (GrpcLogAppender.java:installSnapshot(541)) - omNode-1@group-523986131536->omNode-2-GrpcLogAppender: followerNextIndex = 59 but logStartIndex = 61, notify follower to install snapshot-(t:7, i:61)
2022-10-18 03:54:12,460 [omNode-1@group-523986131536->omNode-2-GrpcLogAppender-LogAppenderDaemon] INFO  server.GrpcLogAppender (GrpcLogAppender.java:installSnapshot(549)) - omNode-1@group-523986131536->omNode-2-GrpcLogAppender: send omNode-1->omNode-2#0-t7,notify:(t:7, i:61)
2022-10-18 03:54:12,460 [omNode-2-server-thread1] INFO  server.RaftServer$Division (RaftServerImpl.java:checkInconsistentAppendEntries(1402)) - omNode-2@group-523986131536: Failed appendEntries as snapshot (61) installation is in progress
2022-10-18 03:54:12,460 [omNode-2-server-thread1] INFO  server.RaftServer$Division (RaftServerImpl.java:checkInconsistentAppendEntries(1394)) - omNode-2@group-523986131536: inconsistency entries. Reply:omNode-1<-omNode-2#608:FAIL-t7,INCONSISTENCY,nextIndex=59,followerCommit=58
2022-10-18 03:54:12,461 [grpc-default-executor-0] INFO  leader.FollowerInfo (FollowerInfoImpl.java:lambda$new$0(48)) - omNode-1@group-523986131536->omNode-2: nextIndex: updateUnconditionally 59 -> 59
2022-10-18 03:54:12,461 [grpc-default-executor-3] INFO  impl.SnapshotInstallationHandler (SnapshotInstallationHandler.java:installSnapshot(84)) - omNode-2@group-523986131536: receive installSnapshot: omNode-1->omNode-2#0-t7,notify:(t:7, i:61)
2022-10-18 03:54:12,461 [grpc-default-executor-3] INFO  impl.SnapshotInstallationHandler (SnapshotInstallationHandler.java:installSnapshot(95)) - omNode-2@group-523986131536: reply installSnapshot: omNode-1<-omNode-2#0:FAIL-t7,IN_PROGRESS
2022-10-18 03:54:12,461 [grpc-default-executor-3] INFO  server.GrpcServerProtocolService (GrpcServerProtocolService.java:onCompleted(140)) - omNode-2: Completed INSTALL_SNAPSHOT, lastRequest: omNode-1->omNode-2#0-t7,notify:(t:7, i:61)
2022-10-18 03:54:12,466 [grpc-default-executor-3] INFO  server.GrpcLogAppender (GrpcLogAppender.java:onNext(403)) - omNode-1@group-523986131536->omNode-2-InstallSnapshotResponseHandler: received a reply omNode-1<-omNode-2#0:FAIL-t7,IN_PROGRESS
2022-10-18 03:54:12,466 [grpc-default-executor-3] INFO  server.GrpcLogAppender (GrpcLogAppender.java:onNext(421)) - omNode-1@group-523986131536->omNode-2-InstallSnapshotResponseHandler: InstallSnapshot in progress.
2022-10-18 03:54:12,466 [omNode-1@group-523986131536->omNode-2-GrpcLogAppender-LogAppenderDaemon] INFO  server.GrpcLogAppender (GrpcLogAppender.java:installSnapshot(541)) - omNode-1@group-523986131536->omNode-2-GrpcLogAppender: followerNextIndex = 59 but logStartIndex = 61, notify follower to install snapshot-(t:7, i:61)
2022-10-18 03:54:12,466 [omNode-1@group-523986131536->omNode-2-GrpcLogAppender-LogAppenderDaemon] INFO  server.GrpcLogAppender (GrpcLogAppender.java:installSnapshot(549)) - omNode-1@group-523986131536->omNode-2-GrpcLogAppender: send omNode-1->omNode-2#0-t7,notify:(t:7, i:61)
2022-10-18 03:54:12,467 [omNode-2-server-thread1] INFO  server.RaftServer$Division (RaftServerImpl.java:checkInconsistentAppendEntries(1402)) - omNode-2@group-523986131536: Failed appendEntries as snapshot (61) installation is in progress
2022-10-18 03:54:12,467 [omNode-2-server-thread1] INFO  server.RaftServer$Division (RaftServerImpl.java:checkInconsistentAppendEntries(1394)) - omNode-2@group-523986131536: inconsistency entries. Reply:omNode-1<-omNode-2#609:FAIL-t7,INCONSISTENCY,nextIndex=59,followerCommit=58
2022-10-18 03:54:12,467 [grpc-default-executor-0] INFO  impl.SnapshotInstallationHandler (SnapshotInstallationHandler.java:installSnapshot(84)) - omNode-2@group-523986131536: receive installSnapshot: omNode-1->omNode-2#0-t7,notify:(t:7, i:61)
2022-10-18 03:54:12,467 [grpc-default-executor-0] INFO  impl.SnapshotInstallationHandler (SnapshotInstallationHandler.java:installSnapshot(95)) - omNode-2@group-523986131536: reply installSnapshot: omNode-1<-omNode-2#0:FAIL-t7,IN_PROGRESS
2022-10-18 03:54:12,467 [grpc-default-executor-0] INFO  server.GrpcServerProtocolService (GrpcServerProtocolService.java:onCompleted(140)) - omNode-2: Completed INSTALL_SNAPSHOT, lastRequest: omNode-1->omNode-2#0-t7,notify:(t:7, i:61)
2022-10-18 03:54:12,468 [grpc-default-executor-3] INFO  leader.FollowerInfo (FollowerInfoImpl.java:lambda$new$0(48)) - omNode-1@group-523986131536->omNode-2: nextIndex: updateUnconditionally 59 -> 59
2022-10-18 03:54:12,470 [grpc-default-executor-3] INFO  server.GrpcLogAppender (GrpcLogAppender.java:onNext(403)) - omNode-1@group-523986131536->omNode-2-InstallSnapshotResponseHandler: received a reply omNode-1<-omNode-2#0:FAIL-t7,IN_PROGRESS
2022-10-18 03:54:12,470 [grpc-default-executor-3] INFO  server.GrpcLogAppender (GrpcLogAppender.java:onNext(421)) - omNode-1@group-523986131536->omNode-2-InstallSnapshotResponseHandler: InstallSnapshot in progress.
2022-10-18 03:54:12,470 [omNode-1@group-523986131536->omNode-2-GrpcLogAppender-LogAppenderDaemon] INFO  server.GrpcLogAppender (GrpcLogAppender.java:installSnapshot(541)) - omNode-1@group-523986131536->omNode-2-GrpcLogAppender: followerNextIndex = 59 but logStartIndex = 61, notify follower to install snapshot-(t:7, i:61)
2022-10-18 03:54:12,470 [omNode-1@group-523986131536->omNode-2-GrpcLogAppender-LogAppenderDaemon] INFO  server.GrpcLogAppender (GrpcLogAppender.java:installSnapshot(549)) - omNode-1@group-523986131536->omNode-2-GrpcLogAppender: send omNode-1->omNode-2#0-t7,notify:(t:7, i:61)
2022-10-18 03:54:12,472 [omNode-2-server-thread1] INFO  server.RaftServer$Division (RaftServerImpl.java:checkInconsistentAppendEntries(1402)) - omNode-2@group-523986131536: Failed appendEntries as snapshot (61) installation is in progress
2022-10-18 03:54:12,472 [omNode-2-server-thread1] INFO  server.RaftServer$Division (RaftServerImpl.java:checkInconsistentAppendEntries(1394)) - omNode-2@group-523986131536: inconsistency entries. Reply:omNode-1<-omNode-2#610:FAIL-t7,INCONSISTENCY,nextIndex=59,followerCommit=58
2022-10-18 03:54:12,472 [grpc-default-executor-3] INFO  impl.SnapshotInstallationHandler (SnapshotInstallationHandler.java:installSnapshot(84)) - omNode-2@group-523986131536: receive installSnapshot: omNode-1->omNode-2#0-t7,notify:(t:7, i:61)
2022-10-18 03:54:12,473 [grpc-default-executor-3] INFO  impl.SnapshotInstallationHandler (SnapshotInstallationHandler.java:installSnapshot(95)) - omNode-2@group-523986131536: reply installSnapshot: omNode-1<-omNode-2#0:FAIL-t7,IN_PROGRESS
2022-10-18 03:54:12,473 [grpc-default-executor-3] INFO  server.GrpcServerProtocolService (GrpcServerProtocolService.java:onCompleted(140)) - omNode-2: Completed INSTALL_SNAPSHOT, lastRequest: omNode-1->omNode-2#0-t7,notify:(t:7, i:61)
2022-10-18 03:54:12,473 [grpc-default-executor-3] INFO  leader.FollowerInfo (FollowerInfoImpl.java:lambda$new$0(48)) - omNode-1@group-523986131536->omNode-2: nextIndex: updateUnconditionally 59 -> 59
2022-10-18 03:54:12,473 [grpc-default-executor-0] INFO  server.GrpcLogAppender (GrpcLogAppender.java:onNext(403)) - omNode-1@group-523986131536->omNode-2-InstallSnapshotResponseHandler: received a reply omNode-1<-omNode-2#0:FAIL-t7,IN_PROGRESS
2022-10-18 03:54:12,474 [grpc-default-executor-0] INFO  server.GrpcLogAppender (GrpcLogAppender.java:onNext(421)) - omNode-1@group-523986131536->omNode-2-InstallSnapshotResponseHandler: InstallSnapshot in progress.
2022-10-18 03:54:12,474 [omNode-1@group-523986131536->omNode-2-GrpcLogAppender-LogAppenderDaemon] INFO  server.GrpcLogAppender (GrpcLogAppender.java:installSnapshot(541)) - omNode-1@group-523986131536->omNode-2-GrpcLogAppender: followerNextIndex = 59 but logStartIndex = 61, notify follower to install snapshot-(t:7, i:61)
2022-10-18 03:54:12,474 [omNode-1@group-523986131536->omNode-2-GrpcLogAppender-LogAppenderDaemon] INFO  server.GrpcLogAppender (GrpcLogAppender.java:installSnapshot(549)) - omNode-1@group-523986131536->omNode-2-GrpcLogAppender: send omNode-1->omNode-2#0-t7,notify:(t:7, i:61)
2022-10-18 03:54:12,478 [omNode-2-server-thread1] INFO  server.RaftServer$Division (RaftServerImpl.java:checkInconsistentAppendEntries(1402)) - omNode-2@group-523986131536: Failed appendEntries as snapshot (61) installation is in progress
2022-10-18 03:54:12,478 [omNode-2-server-thread1] INFO  server.RaftServer$Division (RaftServerImpl.java:checkInconsistentAppendEntries(1394)) - omNode-2@group-523986131536: inconsistency entries. Reply:omNode-1<-omNode-2#611:FAIL-t7,INCONSISTENCY,nextIndex=59,followerCommit=58
2022-10-18 03:54:12,478 [grpc-default-executor-0] INFO  impl.SnapshotInstallationHandler (SnapshotInstallationHandler.java:installSnapshot(84)) - omNode-2@group-523986131536: receive installSnapshot: omNode-1->omNode-2#0-t7,notify:(t:7, i:61)
2022-10-18 03:54:12,479 [grpc-default-executor-0] INFO  impl.SnapshotInstallationHandler (SnapshotInstallationHandler.java:installSnapshot(95)) - omNode-2@group-523986131536: reply installSnapshot: omNode-1<-omNode-2#0:FAIL-t7,IN_PROGRESS
2022-10-18 03:54:12,479 [grpc-default-executor-0] INFO  server.GrpcServerProtocolService (GrpcServerProtocolService.java:onCompleted(140)) - omNode-2: Completed INSTALL_SNAPSHOT, lastRequest: omNode-1->omNode-2#0-t7,notify:(t:7, i:61)
2022-10-18 03:54:12,479 [grpc-default-executor-0] INFO  leader.FollowerInfo (FollowerInfoImpl.java:lambda$new$0(48)) - omNode-1@group-523986131536->omNode-2: nextIndex: updateUnconditionally 59 -> 59
2022-10-18 03:54:12,479 [grpc-default-executor-3] INFO  server.GrpcLogAppender (GrpcLogAppender.java:onNext(403)) - omNode-1@group-523986131536->omNode-2-InstallSnapshotResponseHandler: received a reply omNode-1<-omNode-2#0:FAIL-t7,IN_PROGRESS
2022-10-18 03:54:12,479 [grpc-default-executor-3] INFO  server.GrpcLogAppender (GrpcLogAppender.java:onNext(421)) - omNode-1@group-523986131536->omNode-2-InstallSnapshotResponseHandler: InstallSnapshot in progress.
2022-10-18 03:54:12,480 [omNode-1@group-523986131536->omNode-2-GrpcLogAppender-LogAppenderDaemon] INFO  server.GrpcLogAppender (GrpcLogAppender.java:installSnapshot(541)) - omNode-1@group-523986131536->omNode-2-GrpcLogAppender: followerNextIndex = 59 but logStartIndex = 61, notify follower to install snapshot-(t:7, i:61)
2022-10-18 03:54:12,480 [omNode-1@group-523986131536->omNode-2-GrpcLogAppender-LogAppenderDaemon] INFO  server.GrpcLogAppender (GrpcLogAppender.java:installSnapshot(549)) - omNode-1@group-523986131536->omNode-2-GrpcLogAppender: send omNode-1->omNode-2#0-t7,notify:(t:7, i:61)
2022-10-18 03:54:12,480 [omNode-2-server-thread1] INFO  server.RaftServer$Division (RaftServerImpl.java:checkInconsistentAppendEntries(1402)) - omNode-2@group-523986131536: Failed appendEntries as snapshot (61) installation is in progress
2022-10-18 03:54:12,480 [omNode-2-server-thread1] INFO  server.RaftServer$Division (RaftServerImpl.java:checkInconsistentAppendEntries(1394)) - omNode-2@group-523986131536: inconsistency entries. Reply:omNode-1<-omNode-2#612:FAIL-t7,INCONSISTENCY,nextIndex=59,followerCommit=58
2022-10-18 03:54:12,481 [grpc-default-executor-0] INFO  impl.SnapshotInstallationHandler (SnapshotInstallationHandler.java:installSnapshot(84)) - omNode-2@group-523986131536: receive installSnapshot: omNode-1->omNode-2#0-t7,notify:(t:7, i:61)
2022-10-18 03:54:12,481 [grpc-default-executor-0] INFO  impl.SnapshotInstallationHandler (SnapshotInstallationHandler.java:installSnapshot(95)) - omNode-2@group-523986131536: reply installSnapshot: omNode-1<-omNode-2#0:FAIL-t7,IN_PROGRESS
2022-10-18 03:54:12,481 [grpc-default-executor-0] INFO  server.GrpcServerProtocolService (GrpcServerProtocolService.java:onCompleted(140)) - omNode-2: Completed INSTALL_SNAPSHOT, lastRequest: omNode-1->omNode-2#0-t7,notify:(t:7, i:61)
2022-10-18 03:54:12,481 [grpc-default-executor-3] INFO  leader.FollowerInfo (FollowerInfoImpl.java:lambda$new$0(48)) - omNode-1@group-523986131536->omNode-2: nextIndex: updateUnconditionally 59 -> 59
2022-10-18 03:54:12,481 [grpc-default-executor-0] INFO  server.GrpcLogAppender (GrpcLogAppender.java:onNext(403)) - omNode-1@group-523986131536->omNode-2-InstallSnapshotResponseHandler: received a reply omNode-1<-omNode-2#0:FAIL-t7,IN_PROGRESS
2022-10-18 03:54:12,481 [grpc-default-executor-0] INFO  server.GrpcLogAppender (GrpcLogAppender.java:onNext(421)) - omNode-1@group-523986131536->omNode-2-InstallSnapshotResponseHandler: InstallSnapshot in progress.
2022-10-18 03:54:12,481 [omNode-1@group-523986131536->omNode-2-GrpcLogAppender-LogAppenderDaemon] INFO  server.GrpcLogAppender (GrpcLogAppender.java:installSnapshot(541)) - omNode-1@group-523986131536->omNode-2-GrpcLogAppender: followerNextIndex = 59 but logStartIndex = 61, notify follower to install snapshot-(t:7, i:61)
2022-10-18 03:54:12,482 [omNode-1@group-523986131536->omNode-2-GrpcLogAppender-LogAppenderDaemon] INFO  server.GrpcLogAppender (GrpcLogAppender.java:installSnapshot(549)) - omNode-1@group-523986131536->omNode-2-GrpcLogAppender: send omNode-1->omNode-2#0-t7,notify:(t:7, i:61)
2022-10-18 03:54:12,482 [omNode-2-server-thread1] INFO  server.RaftServer$Division (RaftServerImpl.java:checkInconsistentAppendEntries(1402)) - omNode-2@group-523986131536: Failed appendEntries as snapshot (61) installation is in progress
2022-10-18 03:54:12,482 [omNode-2-server-thread1] INFO  server.RaftServer$Division (RaftServerImpl.java:checkInconsistentAppendEntries(1394)) - omNode-2@group-523986131536: inconsistency entries. Reply:omNode-1<-omNode-2#613:FAIL-t7,INCONSISTENCY,nextIndex=59,followerCommit=58
2022-10-18 03:54:12,483 [grpc-default-executor-0] INFO  leader.FollowerInfo (FollowerInfoImpl.java:lambda$new$0(48)) - omNode-1@group-523986131536->omNode-2: nextIndex: updateUnconditionally 59 -> 59
2022-10-18 03:54:12,483 [grpc-default-executor-3] INFO  impl.SnapshotInstallationHandler (SnapshotInstallationHandler.java:installSnapshot(84)) - omNode-2@group-523986131536: receive installSnapshot: omNode-1->omNode-2#0-t7,notify:(t:7, i:61)
2022-10-18 03:54:12,483 [grpc-default-executor-3] INFO  impl.SnapshotInstallationHandler (SnapshotInstallationHandler.java:installSnapshot(95)) - omNode-2@group-523986131536: reply installSnapshot: omNode-1<-omNode-2#0:FAIL-t7,IN_PROGRESS
2022-10-18 03:54:12,483 [grpc-default-executor-3] INFO  server.GrpcServerProtocolService (GrpcServerProtocolService.java:onCompleted(140)) - omNode-2: Completed INSTALL_SNAPSHOT, lastRequest: omNode-1->omNode-2#0-t7,notify:(t:7, i:61)
2022-10-18 03:54:12,490 [grpc-default-executor-3] INFO  server.GrpcLogAppender (GrpcLogAppender.java:onNext(403)) - omNode-1@group-523986131536->omNode-2-InstallSnapshotResponseHandler: received a reply omNode-1<-omNode-2#0:FAIL-t7,IN_PROGRESS
2022-10-18 03:54:12,490 [grpc-default-executor-3] INFO  server.GrpcLogAppender (GrpcLogAppender.java:onNext(421)) - omNode-1@group-523986131536->omNode-2-InstallSnapshotResponseHandler: InstallSnapshot in progress.
2022-10-18 03:54:12,490 [omNode-1@group-523986131536->omNode-2-GrpcLogAppender-LogAppenderDaemon] INFO  server.GrpcLogAppender (GrpcLogAppender.java:installSnapshot(541)) - omNode-1@group-523986131536->omNode-2-GrpcLogAppender: followerNextIndex = 59 but logStartIndex = 61, notify follower to install snapshot-(t:7, i:61)
2022-10-18 03:54:12,490 [omNode-1@group-523986131536->omNode-2-GrpcLogAppender-LogAppenderDaemon] INFO  server.GrpcLogAppender (GrpcLogAppender.java:installSnapshot(549)) - omNode-1@group-523986131536->omNode-2-GrpcLogAppender: send omNode-1->omNode-2#0-t7,notify:(t:7, i:61)
2022-10-18 03:54:12,491 [omNode-2-server-thread1] INFO  server.RaftServer$Division (RaftServerImpl.java:checkInconsistentAppendEntries(1402)) - omNode-2@group-523986131536: Failed appendEntries as snapshot (61) installation is in progress
2022-10-18 03:54:12,491 [omNode-2-server-thread1] INFO  server.RaftServer$Division (RaftServerImpl.java:checkInconsistentAppendEntries(1394)) - omNode-2@group-523986131536: inconsistency entries. Reply:omNode-1<-omNode-2#614:FAIL-t7,INCONSISTENCY,nextIndex=59,followerCommit=58
2022-10-18 03:54:12,493 [grpc-default-executor-3] INFO  impl.SnapshotInstallationHandler (SnapshotInstallationHandler.java:installSnapshot(84)) - omNode-2@group-523986131536: receive installSnapshot: omNode-1->omNode-2#0-t7,notify:(t:7, i:61)
2022-10-18 03:54:12,494 [grpc-default-executor-3] INFO  impl.SnapshotInstallationHandler (SnapshotInstallationHandler.java:installSnapshot(95)) - omNode-2@group-523986131536: reply installSnapshot: omNode-1<-omNode-2#0:FAIL-t7,IN_PROGRESS
2022-10-18 03:54:12,494 [grpc-default-executor-3] INFO  server.GrpcServerProtocolService (GrpcServerProtocolService.java:onCompleted(140)) - omNode-2: Completed INSTALL_SNAPSHOT, lastRequest: omNode-1->omNode-2#0-t7,notify:(t:7, i:61)
2022-10-18 03:54:12,494 [grpc-default-executor-0] INFO  leader.FollowerInfo (FollowerInfoImpl.java:lambda$new$0(48)) - omNode-1@group-523986131536->omNode-2: nextIndex: updateUnconditionally 59 -> 59
2022-10-18 03:54:12,496 [grpc-default-executor-3] INFO  server.GrpcLogAppender (GrpcLogAppender.java:onNext(403)) - omNode-1@group-523986131536->omNode-2-InstallSnapshotResponseHandler: received a reply omNode-1<-omNode-2#0:FAIL-t7,IN_PROGRESS
2022-10-18 03:54:12,496 [grpc-default-executor-3] INFO  server.GrpcLogAppender (GrpcLogAppender.java:onNext(421)) - omNode-1@group-523986131536->omNode-2-InstallSnapshotResponseHandler: InstallSnapshot in progress.
2022-10-18 03:54:12,496 [omNode-1@group-523986131536->omNode-2-GrpcLogAppender-LogAppenderDaemon] INFO  server.GrpcLogAppender (GrpcLogAppender.java:installSnapshot(541)) - omNode-1@group-523986131536->omNode-2-GrpcLogAppender: followerNextIndex = 59 but logStartIndex = 61, notify follower to install snapshot-(t:7, i:61)
2022-10-18 03:54:12,496 [omNode-1@group-523986131536->omNode-2-GrpcLogAppender-LogAppenderDaemon] INFO  server.GrpcLogAppender (GrpcLogAppender.java:installSnapshot(549)) - omNode-1@group-523986131536->omNode-2-GrpcLogAppender: send omNode-1->omNode-2#0-t7,notify:(t:7, i:61)
2022-10-18 03:54:12,498 [grpc-default-executor-2] INFO  impl.SnapshotInstallationHandler (SnapshotInstallationHandler.java:installSnapshot(84)) - omNode-2@group-523986131536: receive installSnapshot: omNode-1->omNode-2#0-t7,notify:(t:7, i:61)
2022-10-18 03:54:12,499 [grpc-default-executor-2] INFO  impl.SnapshotInstallationHandler (SnapshotInstallationHandler.java:installSnapshot(95)) - omNode-2@group-523986131536: reply installSnapshot: omNode-1<-omNode-2#0:FAIL-t7,IN_PROGRESS
2022-10-18 03:54:12,499 [grpc-default-executor-2] INFO  server.GrpcServerProtocolService (GrpcServerProtocolService.java:onCompleted(140)) - omNode-2: Completed INSTALL_SNAPSHOT, lastRequest: omNode-1->omNode-2#0-t7,notify:(t:7, i:61)
2022-10-18 03:54:12,499 [omNode-2-server-thread1] INFO  server.RaftServer$Division (RaftServerImpl.java:checkInconsistentAppendEntries(1402)) - omNode-2@group-523986131536: Failed appendEntries as snapshot (61) installation is in progress
2022-10-18 03:54:12,499 [omNode-2-server-thread1] INFO  server.RaftServer$Division (RaftServerImpl.java:checkInconsistentAppendEntries(1394)) - omNode-2@group-523986131536: inconsistency entries. Reply:omNode-1<-omNode-2#615:FAIL-t7,INCONSISTENCY,nextIndex=59,followerCommit=58
2022-10-18 03:54:12,501 [grpc-default-executor-1] INFO  server.GrpcLogAppender (GrpcLogAppender.java:onNext(403)) - omNode-1@group-523986131536->omNode-2-InstallSnapshotResponseHandler: received a reply omNode-1<-omNode-2#0:FAIL-t7,IN_PROGRESS
2022-10-18 03:54:12,502 [grpc-default-executor-1] INFO  server.GrpcLogAppender (GrpcLogAppender.java:onNext(421)) - omNode-1@group-523986131536->omNode-2-InstallSnapshotResponseHandler: InstallSnapshot in progress.
2022-10-18 03:54:12,502 [omNode-1@group-523986131536->omNode-2-GrpcLogAppender-LogAppenderDaemon] INFO  server.GrpcLogAppender (GrpcLogAppender.java:installSnapshot(541)) - omNode-1@group-523986131536->omNode-2-GrpcLogAppender: followerNextIndex = 59 but logStartIndex = 61, notify follower to install snapshot-(t:7, i:61)
2022-10-18 03:54:12,502 [omNode-1@group-523986131536->omNode-2-GrpcLogAppender-LogAppenderDaemon] INFO  server.GrpcLogAppender (GrpcLogAppender.java:installSnapshot(549)) - omNode-1@group-523986131536->omNode-2-GrpcLogAppender: send omNode-1->omNode-2#0-t7,notify:(t:7, i:61)
2022-10-18 03:54:12,502 [grpc-default-executor-2] INFO  leader.FollowerInfo (FollowerInfoImpl.java:lambda$new$0(48)) - omNode-1@group-523986131536->omNode-2: nextIndex: updateUnconditionally 59 -> 59
2022-10-18 03:54:12,506 [omNode-2-server-thread1] INFO  server.RaftServer$Division (RaftServerImpl.java:checkInconsistentAppendEntries(1402)) - omNode-2@group-523986131536: Failed appendEntries as snapshot (61) installation is in progress
2022-10-18 03:54:12,506 [omNode-2-server-thread1] INFO  server.RaftServer$Division (RaftServerImpl.java:checkInconsistentAppendEntries(1394)) - omNode-2@group-523986131536: inconsistency entries. Reply:omNode-1<-omNode-2#616:FAIL-t7,INCONSISTENCY,nextIndex=59,followerCommit=58
2022-10-18 03:54:12,507 [grpc-default-executor-0] INFO  impl.SnapshotInstallationHandler (SnapshotInstallationHandler.java:installSnapshot(84)) - omNode-2@group-523986131536: receive installSnapshot: omNode-1->omNode-2#0-t7,notify:(t:7, i:61)
2022-10-18 03:54:12,507 [grpc-default-executor-0] INFO  impl.SnapshotInstallationHandler (SnapshotInstallationHandler.java:installSnapshot(95)) - omNode-2@group-523986131536: reply installSnapshot: omNode-1<-omNode-2#0:FAIL-t7,IN_PROGRESS
2022-10-18 03:54:12,507 [grpc-default-executor-0] INFO  server.GrpcServerProtocolService (GrpcServerProtocolService.java:onCompleted(140)) - omNode-2: Completed INSTALL_SNAPSHOT, lastRequest: omNode-1->omNode-2#0-t7,notify:(t:7, i:61)
2022-10-18 03:54:12,507 [grpc-default-executor-2] INFO  leader.FollowerInfo (FollowerInfoImpl.java:lambda$new$0(48)) - omNode-1@group-523986131536->omNode-2: nextIndex: updateUnconditionally 59 -> 59
2022-10-18 03:54:12,507 [grpc-default-executor-0] INFO  server.GrpcLogAppender (GrpcLogAppender.java:onNext(403)) - omNode-1@group-523986131536->omNode-2-InstallSnapshotResponseHandler: received a reply omNode-1<-omNode-2#0:FAIL-t7,IN_PROGRESS
2022-10-18 03:54:12,507 [grpc-default-executor-0] INFO  server.GrpcLogAppender (GrpcLogAppender.java:onNext(421)) - omNode-1@group-523986131536->omNode-2-InstallSnapshotResponseHandler: InstallSnapshot in progress.
2022-10-18 03:54:12,508 [omNode-1@group-523986131536->omNode-2-GrpcLogAppender-LogAppenderDaemon] INFO  server.GrpcLogAppender (GrpcLogAppender.java:installSnapshot(541)) - omNode-1@group-523986131536->omNode-2-GrpcLogAppender: followerNextIndex = 59 but logStartIndex = 61, notify follower to install snapshot-(t:7, i:61)
2022-10-18 03:54:12,508 [omNode-1@group-523986131536->omNode-2-GrpcLogAppender-LogAppenderDaemon] INFO  server.GrpcLogAppender (GrpcLogAppender.java:installSnapshot(549)) - omNode-1@group-523986131536->omNode-2-GrpcLogAppender: send omNode-1->omNode-2#0-t7,notify:(t:7, i:61)
2022-10-18 03:54:12,508 [omNode-2-server-thread1] INFO  server.RaftServer$Division (RaftServerImpl.java:checkInconsistentAppendEntries(1402)) - omNode-2@group-523986131536: Failed appendEntries as snapshot (61) installation is in progress
2022-10-18 03:54:12,508 [omNode-2-server-thread1] INFO  server.RaftServer$Division (RaftServerImpl.java:checkInconsistentAppendEntries(1394)) - omNode-2@group-523986131536: inconsistency entries. Reply:omNode-1<-omNode-2#617:FAIL-t7,INCONSISTENCY,nextIndex=59,followerCommit=58
2022-10-18 03:54:12,508 [grpc-default-executor-0] INFO  impl.SnapshotInstallationHandler (SnapshotInstallationHandler.java:installSnapshot(84)) - omNode-2@group-523986131536: receive installSnapshot: omNode-1->omNode-2#0-t7,notify:(t:7, i:61)
2022-10-18 03:54:12,509 [grpc-default-executor-0] INFO  impl.SnapshotInstallationHandler (SnapshotInstallationHandler.java:installSnapshot(95)) - omNode-2@group-523986131536: reply installSnapshot: omNode-1<-omNode-2#0:FAIL-t7,IN_PROGRESS
2022-10-18 03:54:12,509 [grpc-default-executor-0] INFO  server.GrpcServerProtocolService (GrpcServerProtocolService.java:onCompleted(140)) - omNode-2: Completed INSTALL_SNAPSHOT, lastRequest: omNode-1->omNode-2#0-t7,notify:(t:7, i:61)
2022-10-18 03:54:12,509 [grpc-default-executor-1] INFO  leader.FollowerInfo (FollowerInfoImpl.java:lambda$new$0(48)) - omNode-1@group-523986131536->omNode-2: nextIndex: updateUnconditionally 59 -> 59
2022-10-18 03:54:12,510 [grpc-default-executor-0] INFO  server.GrpcLogAppender (GrpcLogAppender.java:onNext(403)) - omNode-1@group-523986131536->omNode-2-InstallSnapshotResponseHandler: received a reply omNode-1<-omNode-2#0:FAIL-t7,IN_PROGRESS
2022-10-18 03:54:12,510 [grpc-default-executor-0] INFO  server.GrpcLogAppender (GrpcLogAppender.java:onNext(421)) - omNode-1@group-523986131536->omNode-2-InstallSnapshotResponseHandler: InstallSnapshot in progress.
2022-10-18 03:54:12,510 [omNode-1@group-523986131536->omNode-2-GrpcLogAppender-LogAppenderDaemon] INFO  server.GrpcLogAppender (GrpcLogAppender.java:installSnapshot(541)) - omNode-1@group-523986131536->omNode-2-GrpcLogAppender: followerNextIndex = 59 but logStartIndex = 61, notify follower to install snapshot-(t:7, i:61)
2022-10-18 03:54:12,510 [omNode-1@group-523986131536->omNode-2-GrpcLogAppender-LogAppenderDaemon] INFO  server.GrpcLogAppender (GrpcLogAppender.java:installSnapshot(549)) - omNode-1@group-523986131536->omNode-2-GrpcLogAppender: send omNode-1->omNode-2#0-t7,notify:(t:7, i:61)
2022-10-18 03:54:12,510 [omNode-2-server-thread1] INFO  server.RaftServer$Division (RaftServerImpl.java:checkInconsistentAppendEntries(1402)) - omNode-2@group-523986131536: Failed appendEntries as snapshot (61) installation is in progress
2022-10-18 03:54:12,511 [omNode-2-server-thread1] INFO  server.RaftServer$Division (RaftServerImpl.java:checkInconsistentAppendEntries(1394)) - omNode-2@group-523986131536: inconsistency entries. Reply:omNode-1<-omNode-2#618:FAIL-t7,INCONSISTENCY,nextIndex=59,followerCommit=58
2022-10-18 03:54:12,511 [grpc-default-executor-0] INFO  impl.SnapshotInstallationHandler (SnapshotInstallationHandler.java:installSnapshot(84)) - omNode-2@group-523986131536: receive installSnapshot: omNode-1->omNode-2#0-t7,notify:(t:7, i:61)
2022-10-18 03:54:12,511 [grpc-default-executor-0] INFO  impl.SnapshotInstallationHandler (SnapshotInstallationHandler.java:installSnapshot(95)) - omNode-2@group-523986131536: reply installSnapshot: omNode-1<-omNode-2#0:FAIL-t7,IN_PROGRESS
2022-10-18 03:54:12,511 [grpc-default-executor-0] INFO  server.GrpcServerProtocolService (GrpcServerProtocolService.java:onCompleted(140)) - omNode-2: Completed INSTALL_SNAPSHOT, lastRequest: omNode-1->omNode-2#0-t7,notify:(t:7, i:61)
2022-10-18 03:54:12,511 [grpc-default-executor-1] INFO  leader.FollowerInfo (FollowerInfoImpl.java:lambda$new$0(48)) - omNode-1@group-523986131536->omNode-2: nextIndex: updateUnconditionally 59 -> 59
2022-10-18 03:54:12,512 [grpc-default-executor-1] INFO  server.GrpcLogAppender (GrpcLogAppender.java:onNext(403)) - omNode-1@group-523986131536->omNode-2-InstallSnapshotResponseHandler: received a reply omNode-1<-omNode-2#0:FAIL-t7,IN_PROGRESS
2022-10-18 03:54:12,512 [grpc-default-executor-1] INFO  server.GrpcLogAppender (GrpcLogAppender.java:onNext(421)) - omNode-1@group-523986131536->omNode-2-InstallSnapshotResponseHandler: InstallSnapshot in progress.
2022-10-18 03:54:12,512 [omNode-1@group-523986131536->omNode-2-GrpcLogAppender-LogAppenderDaemon] INFO  server.GrpcLogAppender (GrpcLogAppender.java:installSnapshot(541)) - omNode-1@group-523986131536->omNode-2-GrpcLogAppender: followerNextIndex = 59 but logStartIndex = 61, notify follower to install snapshot-(t:7, i:61)
2022-10-18 03:54:12,512 [omNode-1@group-523986131536->omNode-2-GrpcLogAppender-LogAppenderDaemon] INFO  server.GrpcLogAppender (GrpcLogAppender.java:installSnapshot(549)) - omNode-1@group-523986131536->omNode-2-GrpcLogAppender: send omNode-1->omNode-2#0-t7,notify:(t:7, i:61)
2022-10-18 03:54:12,513 [omNode-2-server-thread1] INFO  server.RaftServer$Division (RaftServerImpl.java:checkInconsistentAppendEntries(1402)) - omNode-2@group-523986131536: Failed appendEntries as snapshot (61) installation is in progress
2022-10-18 03:54:12,513 [omNode-2-server-thread1] INFO  server.RaftServer$Division (RaftServerImpl.java:checkInconsistentAppendEntries(1394)) - omNode-2@group-523986131536: inconsistency entries. Reply:omNode-1<-omNode-2#619:FAIL-t7,INCONSISTENCY,nextIndex=59,followerCommit=58
2022-10-18 03:54:12,513 [grpc-default-executor-1] INFO  impl.SnapshotInstallationHandler (SnapshotInstallationHandler.java:installSnapshot(84)) - omNode-2@group-523986131536: receive installSnapshot: omNode-1->omNode-2#0-t7,notify:(t:7, i:61)
2022-10-18 03:54:12,514 [grpc-default-executor-1] INFO  impl.SnapshotInstallationHandler (SnapshotInstallationHandler.java:installSnapshot(95)) - omNode-2@group-523986131536: reply installSnapshot: omNode-1<-omNode-2#0:FAIL-t7,IN_PROGRESS
2022-10-18 03:54:12,514 [grpc-default-executor-1] INFO  server.GrpcServerProtocolService (GrpcServerProtocolService.java:onCompleted(140)) - omNode-2: Completed INSTALL_SNAPSHOT, lastRequest: omNode-1->omNode-2#0-t7,notify:(t:7, i:61)
2022-10-18 03:54:12,514 [grpc-default-executor-0] INFO  server.GrpcLogAppender (GrpcLogAppender.java:onNext(403)) - omNode-1@group-523986131536->omNode-2-InstallSnapshotResponseHandler: received a reply omNode-1<-omNode-2#0:FAIL-t7,IN_PROGRESS
2022-10-18 03:54:12,514 [grpc-default-executor-0] INFO  server.GrpcLogAppender (GrpcLogAppender.java:onNext(421)) - omNode-1@group-523986131536->omNode-2-InstallSnapshotResponseHandler: InstallSnapshot in progress.
2022-10-18 03:54:12,514 [omNode-1@group-523986131536->omNode-2-GrpcLogAppender-LogAppenderDaemon] INFO  server.GrpcLogAppender (GrpcLogAppender.java:installSnapshot(541)) - omNode-1@group-523986131536->omNode-2-GrpcLogAppender: followerNextIndex = 59 but logStartIndex = 61, notify follower to install snapshot-(t:7, i:61)
2022-10-18 03:54:12,515 [omNode-1@group-523986131536->omNode-2-GrpcLogAppender-LogAppenderDaemon] INFO  server.GrpcLogAppender (GrpcLogAppender.java:installSnapshot(549)) - omNode-1@group-523986131536->omNode-2-GrpcLogAppender: send omNode-1->omNode-2#0-t7,notify:(t:7, i:61)
2022-10-18 03:54:12,515 [grpc-default-executor-0] INFO  leader.FollowerInfo (FollowerInfoImpl.java:lambda$new$0(48)) - omNode-1@group-523986131536->omNode-2: nextIndex: updateUnconditionally 59 -> 59
2022-10-18 03:54:12,518 [omNode-2-server-thread1] INFO  server.RaftServer$Division (RaftServerImpl.java:checkInconsistentAppendEntries(1402)) - omNode-2@group-523986131536: Failed appendEntries as snapshot (61) installation is in progress
2022-10-18 03:54:12,518 [omNode-2-server-thread1] INFO  server.RaftServer$Division (RaftServerImpl.java:checkInconsistentAppendEntries(1394)) - omNode-2@group-523986131536: inconsistency entries. Reply:omNode-1<-omNode-2#620:FAIL-t7,INCONSISTENCY,nextIndex=59,followerCommit=58
2022-10-18 03:54:12,518 [grpc-default-executor-0] INFO  impl.SnapshotInstallationHandler (SnapshotInstallationHandler.java:installSnapshot(84)) - omNode-2@group-523986131536: receive installSnapshot: omNode-1->omNode-2#0-t7,notify:(t:7, i:61)
2022-10-18 03:54:12,518 [grpc-default-executor-0] INFO  impl.SnapshotInstallationHandler (SnapshotInstallationHandler.java:installSnapshot(95)) - omNode-2@group-523986131536: reply installSnapshot: omNode-1<-omNode-2#0:FAIL-t7,IN_PROGRESS
2022-10-18 03:54:12,519 [grpc-default-executor-0] INFO  server.GrpcServerProtocolService (GrpcServerProtocolService.java:onCompleted(140)) - omNode-2: Completed INSTALL_SNAPSHOT, lastRequest: omNode-1->omNode-2#0-t7,notify:(t:7, i:61)
2022-10-18 03:54:12,522 [grpc-default-executor-0] INFO  leader.FollowerInfo (FollowerInfoImpl.java:lambda$new$0(48)) - omNode-1@group-523986131536->omNode-2: nextIndex: updateUnconditionally 59 -> 59
2022-10-18 03:54:12,522 [grpc-default-executor-1] INFO  server.GrpcLogAppender (GrpcLogAppender.java:onNext(403)) - omNode-1@group-523986131536->omNode-2-InstallSnapshotResponseHandler: received a reply omNode-1<-omNode-2#0:FAIL-t7,IN_PROGRESS
2022-10-18 03:54:12,522 [grpc-default-executor-1] INFO  server.GrpcLogAppender (GrpcLogAppender.java:onNext(421)) - omNode-1@group-523986131536->omNode-2-InstallSnapshotResponseHandler: InstallSnapshot in progress.
2022-10-18 03:54:12,522 [omNode-1@group-523986131536->omNode-2-GrpcLogAppender-LogAppenderDaemon] INFO  server.GrpcLogAppender (GrpcLogAppender.java:installSnapshot(541)) - omNode-1@group-523986131536->omNode-2-GrpcLogAppender: followerNextIndex = 59 but logStartIndex = 61, notify follower to install snapshot-(t:7, i:61)
2022-10-18 03:54:12,522 [omNode-1@group-523986131536->omNode-2-GrpcLogAppender-LogAppenderDaemon] INFO  server.GrpcLogAppender (GrpcLogAppender.java:installSnapshot(549)) - omNode-1@group-523986131536->omNode-2-GrpcLogAppender: send omNode-1->omNode-2#0-t7,notify:(t:7, i:61)
2022-10-18 03:54:12,526 [omNode-2-server-thread1] INFO  server.RaftServer$Division (RaftServerImpl.java:checkInconsistentAppendEntries(1402)) - omNode-2@group-523986131536: Failed appendEntries as snapshot (61) installation is in progress
2022-10-18 03:54:12,526 [omNode-2-server-thread1] INFO  server.RaftServer$Division (RaftServerImpl.java:checkInconsistentAppendEntries(1394)) - omNode-2@group-523986131536: inconsistency entries. Reply:omNode-1<-omNode-2#621:FAIL-t7,INCONSISTENCY,nextIndex=59,followerCommit=58
2022-10-18 03:54:12,526 [grpc-default-executor-1] INFO  impl.SnapshotInstallationHandler (SnapshotInstallationHandler.java:installSnapshot(84)) - omNode-2@group-523986131536: receive installSnapshot: omNode-1->omNode-2#0-t7,notify:(t:7, i:61)
2022-10-18 03:54:12,527 [grpc-default-executor-1] INFO  impl.SnapshotInstallationHandler (SnapshotInstallationHandler.java:installSnapshot(95)) - omNode-2@group-523986131536: reply installSnapshot: omNode-1<-omNode-2#0:FAIL-t7,IN_PROGRESS
2022-10-18 03:54:12,527 [grpc-default-executor-1] INFO  server.GrpcServerProtocolService (GrpcServerProtocolService.java:onCompleted(140)) - omNode-2: Completed INSTALL_SNAPSHOT, lastRequest: omNode-1->omNode-2#0-t7,notify:(t:7, i:61)
2022-10-18 03:54:12,529 [grpc-default-executor-1] INFO  leader.FollowerInfo (FollowerInfoImpl.java:lambda$new$0(48)) - omNode-1@group-523986131536->omNode-2: nextIndex: updateUnconditionally 59 -> 59
2022-10-18 03:54:12,530 [grpc-default-executor-0] INFO  server.GrpcLogAppender (GrpcLogAppender.java:onNext(403)) - omNode-1@group-523986131536->omNode-2-InstallSnapshotResponseHandler: received a reply omNode-1<-omNode-2#0:FAIL-t7,IN_PROGRESS
2022-10-18 03:54:12,530 [grpc-default-executor-0] INFO  server.GrpcLogAppender (GrpcLogAppender.java:onNext(421)) - omNode-1@group-523986131536->omNode-2-InstallSnapshotResponseHandler: InstallSnapshot in progress.
2022-10-18 03:54:12,530 [omNode-1@group-523986131536->omNode-2-GrpcLogAppender-LogAppenderDaemon] INFO  server.GrpcLogAppender (GrpcLogAppender.java:installSnapshot(541)) - omNode-1@group-523986131536->omNode-2-GrpcLogAppender: followerNextIndex = 59 but logStartIndex = 61, notify follower to install snapshot-(t:7, i:61)
2022-10-18 03:54:12,530 [omNode-1@group-523986131536->omNode-2-GrpcLogAppender-LogAppenderDaemon] INFO  server.GrpcLogAppender (GrpcLogAppender.java:installSnapshot(549)) - omNode-1@group-523986131536->omNode-2-GrpcLogAppender: send omNode-1->omNode-2#0-t7,notify:(t:7, i:61)
2022-10-18 03:54:12,530 [omNode-2-server-thread1] INFO  server.RaftServer$Division (RaftServerImpl.java:checkInconsistentAppendEntries(1402)) - omNode-2@group-523986131536: Failed appendEntries as snapshot (61) installation is in progress
2022-10-18 03:54:12,530 [omNode-2-server-thread1] INFO  server.RaftServer$Division (RaftServerImpl.java:checkInconsistentAppendEntries(1394)) - omNode-2@group-523986131536: inconsistency entries. Reply:omNode-1<-omNode-2#622:FAIL-t7,INCONSISTENCY,nextIndex=59,followerCommit=58
2022-10-18 03:54:12,531 [grpc-default-executor-1] INFO  impl.SnapshotInstallationHandler (SnapshotInstallationHandler.java:installSnapshot(84)) - omNode-2@group-523986131536: receive installSnapshot: omNode-1->omNode-2#0-t7,notify:(t:7, i:61)
2022-10-18 03:54:12,531 [grpc-default-executor-1] INFO  impl.SnapshotInstallationHandler (SnapshotInstallationHandler.java:installSnapshot(95)) - omNode-2@group-523986131536: reply installSnapshot: omNode-1<-omNode-2#0:FAIL-t7,IN_PROGRESS
2022-10-18 03:54:12,531 [grpc-default-executor-1] INFO  server.GrpcServerProtocolService (GrpcServerProtocolService.java:onCompleted(140)) - omNode-2: Completed INSTALL_SNAPSHOT, lastRequest: omNode-1->omNode-2#0-t7,notify:(t:7, i:61)
2022-10-18 03:54:12,531 [grpc-default-executor-2] INFO  leader.FollowerInfo (FollowerInfoImpl.java:lambda$new$0(48)) - omNode-1@group-523986131536->omNode-2: nextIndex: updateUnconditionally 59 -> 59
2022-10-18 03:54:12,531 [grpc-default-executor-1] INFO  server.GrpcLogAppender (GrpcLogAppender.java:onNext(403)) - omNode-1@group-523986131536->omNode-2-InstallSnapshotResponseHandler: received a reply omNode-1<-omNode-2#0:FAIL-t7,IN_PROGRESS
2022-10-18 03:54:12,531 [grpc-default-executor-1] INFO  server.GrpcLogAppender (GrpcLogAppender.java:onNext(421)) - omNode-1@group-523986131536->omNode-2-InstallSnapshotResponseHandler: InstallSnapshot in progress.
2022-10-18 03:54:12,532 [omNode-1@group-523986131536->omNode-2-GrpcLogAppender-LogAppenderDaemon] INFO  server.GrpcLogAppender (GrpcLogAppender.java:installSnapshot(541)) - omNode-1@group-523986131536->omNode-2-GrpcLogAppender: followerNextIndex = 59 but logStartIndex = 61, notify follower to install snapshot-(t:7, i:61)
2022-10-18 03:54:12,532 [omNode-1@group-523986131536->omNode-2-GrpcLogAppender-LogAppenderDaemon] INFO  server.GrpcLogAppender (GrpcLogAppender.java:installSnapshot(549)) - omNode-1@group-523986131536->omNode-2-GrpcLogAppender: send omNode-1->omNode-2#0-t7,notify:(t:7, i:61)
2022-10-18 03:54:12,534 [omNode-2-server-thread1] INFO  server.RaftServer$Division (RaftServerImpl.java:checkInconsistentAppendEntries(1402)) - omNode-2@group-523986131536: Failed appendEntries as snapshot (61) installation is in progress
2022-10-18 03:54:12,534 [omNode-2-server-thread1] INFO  server.RaftServer$Division (RaftServerImpl.java:checkInconsistentAppendEntries(1394)) - omNode-2@group-523986131536: inconsistency entries. Reply:omNode-1<-omNode-2#623:FAIL-t7,INCONSISTENCY,nextIndex=59,followerCommit=58
2022-10-18 03:54:12,534 [grpc-default-executor-1] INFO  impl.SnapshotInstallationHandler (SnapshotInstallationHandler.java:installSnapshot(84)) - omNode-2@group-523986131536: receive installSnapshot: omNode-1->omNode-2#0-t7,notify:(t:7, i:61)
2022-10-18 03:54:12,535 [grpc-default-executor-1] INFO  impl.SnapshotInstallationHandler (SnapshotInstallationHandler.java:installSnapshot(95)) - omNode-2@group-523986131536: reply installSnapshot: omNode-1<-omNode-2#0:FAIL-t7,IN_PROGRESS
2022-10-18 03:54:12,535 [grpc-default-executor-1] INFO  server.GrpcServerProtocolService (GrpcServerProtocolService.java:onCompleted(140)) - omNode-2: Completed INSTALL_SNAPSHOT, lastRequest: omNode-1->omNode-2#0-t7,notify:(t:7, i:61)
2022-10-18 03:54:12,538 [grpc-default-executor-1] INFO  leader.FollowerInfo (FollowerInfoImpl.java:lambda$new$0(48)) - omNode-1@group-523986131536->omNode-2: nextIndex: updateUnconditionally 59 -> 59
2022-10-18 03:54:12,538 [grpc-default-executor-2] INFO  server.GrpcLogAppender (GrpcLogAppender.java:onNext(403)) - omNode-1@group-523986131536->omNode-2-InstallSnapshotResponseHandler: received a reply omNode-1<-omNode-2#0:FAIL-t7,IN_PROGRESS
2022-10-18 03:54:12,538 [grpc-default-executor-2] INFO  server.GrpcLogAppender (GrpcLogAppender.java:onNext(421)) - omNode-1@group-523986131536->omNode-2-InstallSnapshotResponseHandler: InstallSnapshot in progress.
2022-10-18 03:54:12,538 [omNode-1@group-523986131536->omNode-2-GrpcLogAppender-LogAppenderDaemon] INFO  server.GrpcLogAppender (GrpcLogAppender.java:installSnapshot(541)) - omNode-1@group-523986131536->omNode-2-GrpcLogAppender: followerNextIndex = 59 but logStartIndex = 61, notify follower to install snapshot-(t:7, i:61)
2022-10-18 03:54:12,538 [omNode-1@group-523986131536->omNode-2-GrpcLogAppender-LogAppenderDaemon] INFO  server.GrpcLogAppender (GrpcLogAppender.java:installSnapshot(549)) - omNode-1@group-523986131536->omNode-2-GrpcLogAppender: send omNode-1->omNode-2#0-t7,notify:(t:7, i:61)
2022-10-18 03:54:12,540 [omNode-2-server-thread1] INFO  server.RaftServer$Division (RaftServerImpl.java:checkInconsistentAppendEntries(1402)) - omNode-2@group-523986131536: Failed appendEntries as snapshot (61) installation is in progress
2022-10-18 03:54:12,540 [omNode-2-server-thread1] INFO  server.RaftServer$Division (RaftServerImpl.java:checkInconsistentAppendEntries(1394)) - omNode-2@group-523986131536: inconsistency entries. Reply:omNode-1<-omNode-2#624:FAIL-t7,INCONSISTENCY,nextIndex=59,followerCommit=58
2022-10-18 03:54:12,540 [grpc-default-executor-2] INFO  impl.SnapshotInstallationHandler (SnapshotInstallationHandler.java:installSnapshot(84)) - omNode-2@group-523986131536: receive installSnapshot: omNode-1->omNode-2#0-t7,notify:(t:7, i:61)
2022-10-18 03:54:12,540 [grpc-default-executor-2] INFO  impl.SnapshotInstallationHandler (SnapshotInstallationHandler.java:installSnapshot(95)) - omNode-2@group-523986131536: reply installSnapshot: omNode-1<-omNode-2#0:FAIL-t7,IN_PROGRESS
2022-10-18 03:54:12,540 [grpc-default-executor-2] INFO  server.GrpcServerProtocolService (GrpcServerProtocolService.java:onCompleted(140)) - omNode-2: Completed INSTALL_SNAPSHOT, lastRequest: omNode-1->omNode-2#0-t7,notify:(t:7, i:61)
2022-10-18 03:54:12,540 [grpc-default-executor-1] INFO  leader.FollowerInfo (FollowerInfoImpl.java:lambda$new$0(48)) - omNode-1@group-523986131536->omNode-2: nextIndex: updateUnconditionally 59 -> 59
2022-10-18 03:54:12,541 [grpc-default-executor-2] INFO  server.GrpcLogAppender (GrpcLogAppender.java:onNext(403)) - omNode-1@group-523986131536->omNode-2-InstallSnapshotResponseHandler: received a reply omNode-1<-omNode-2#0:FAIL-t7,IN_PROGRESS
2022-10-18 03:54:12,541 [grpc-default-executor-2] INFO  server.GrpcLogAppender (GrpcLogAppender.java:onNext(421)) - omNode-1@group-523986131536->omNode-2-InstallSnapshotResponseHandler: InstallSnapshot in progress.
2022-10-18 03:54:12,541 [omNode-1@group-523986131536->omNode-2-GrpcLogAppender-LogAppenderDaemon] INFO  server.GrpcLogAppender (GrpcLogAppender.java:installSnapshot(541)) - omNode-1@group-523986131536->omNode-2-GrpcLogAppender: followerNextIndex = 59 but logStartIndex = 61, notify follower to install snapshot-(t:7, i:61)
2022-10-18 03:54:12,541 [omNode-1@group-523986131536->omNode-2-GrpcLogAppender-LogAppenderDaemon] INFO  server.GrpcLogAppender (GrpcLogAppender.java:installSnapshot(549)) - omNode-1@group-523986131536->omNode-2-GrpcLogAppender: send omNode-1->omNode-2#0-t7,notify:(t:7, i:61)
2022-10-18 03:54:12,541 [omNode-2-server-thread1] INFO  server.RaftServer$Division (RaftServerImpl.java:checkInconsistentAppendEntries(1402)) - omNode-2@group-523986131536: Failed appendEntries as snapshot (61) installation is in progress
2022-10-18 03:54:12,541 [omNode-2-server-thread1] INFO  server.RaftServer$Division (RaftServerImpl.java:checkInconsistentAppendEntries(1394)) - omNode-2@group-523986131536: inconsistency entries. Reply:omNode-1<-omNode-2#625:FAIL-t7,INCONSISTENCY,nextIndex=59,followerCommit=58
2022-10-18 03:54:12,542 [grpc-default-executor-2] INFO  impl.SnapshotInstallationHandler (SnapshotInstallationHandler.java:installSnapshot(84)) - omNode-2@group-523986131536: receive installSnapshot: omNode-1->omNode-2#0-t7,notify:(t:7, i:61)
2022-10-18 03:54:12,542 [grpc-default-executor-2] INFO  impl.SnapshotInstallationHandler (SnapshotInstallationHandler.java:installSnapshot(95)) - omNode-2@group-523986131536: reply installSnapshot: omNode-1<-omNode-2#0:FAIL-t7,IN_PROGRESS
2022-10-18 03:54:12,542 [grpc-default-executor-2] INFO  server.GrpcServerProtocolService (GrpcServerProtocolService.java:onCompleted(140)) - omNode-2: Completed INSTALL_SNAPSHOT, lastRequest: omNode-1->omNode-2#0-t7,notify:(t:7, i:61)
2022-10-18 03:54:12,542 [grpc-default-executor-0] INFO  leader.FollowerInfo (FollowerInfoImpl.java:lambda$new$0(48)) - omNode-1@group-523986131536->omNode-2: nextIndex: updateUnconditionally 59 -> 59
2022-10-18 03:54:12,546 [grpc-default-executor-0] INFO  server.GrpcLogAppender (GrpcLogAppender.java:onNext(403)) - omNode-1@group-523986131536->omNode-2-InstallSnapshotResponseHandler: received a reply omNode-1<-omNode-2#0:FAIL-t7,IN_PROGRESS
2022-10-18 03:54:12,546 [grpc-default-executor-0] INFO  server.GrpcLogAppender (GrpcLogAppender.java:onNext(421)) - omNode-1@group-523986131536->omNode-2-InstallSnapshotResponseHandler: InstallSnapshot in progress.
2022-10-18 03:54:12,546 [omNode-1@group-523986131536->omNode-2-GrpcLogAppender-LogAppenderDaemon] INFO  server.GrpcLogAppender (GrpcLogAppender.java:installSnapshot(541)) - omNode-1@group-523986131536->omNode-2-GrpcLogAppender: followerNextIndex = 59 but logStartIndex = 61, notify follower to install snapshot-(t:7, i:61)
2022-10-18 03:54:12,546 [omNode-1@group-523986131536->omNode-2-GrpcLogAppender-LogAppenderDaemon] INFO  server.GrpcLogAppender (GrpcLogAppender.java:installSnapshot(549)) - omNode-1@group-523986131536->omNode-2-GrpcLogAppender: send omNode-1->omNode-2#0-t7,notify:(t:7, i:61)
2022-10-18 03:54:12,547 [omNode-2-server-thread1] INFO  server.RaftServer$Division (RaftServerImpl.java:checkInconsistentAppendEntries(1402)) - omNode-2@group-523986131536: Failed appendEntries as snapshot (61) installation is in progress
2022-10-18 03:54:12,548 [omNode-2-server-thread1] INFO  server.RaftServer$Division (RaftServerImpl.java:checkInconsistentAppendEntries(1394)) - omNode-2@group-523986131536: inconsistency entries. Reply:omNode-1<-omNode-2#626:FAIL-t7,INCONSISTENCY,nextIndex=59,followerCommit=58
2022-10-18 03:54:12,548 [grpc-default-executor-0] INFO  impl.SnapshotInstallationHandler (SnapshotInstallationHandler.java:installSnapshot(84)) - omNode-2@group-523986131536: receive installSnapshot: omNode-1->omNode-2#0-t7,notify:(t:7, i:61)
2022-10-18 03:54:12,548 [grpc-default-executor-0] INFO  impl.SnapshotInstallationHandler (SnapshotInstallationHandler.java:installSnapshot(95)) - omNode-2@group-523986131536: reply installSnapshot: omNode-1<-omNode-2#0:FAIL-t7,IN_PROGRESS
2022-10-18 03:54:12,548 [grpc-default-executor-0] INFO  server.GrpcServerProtocolService (GrpcServerProtocolService.java:onCompleted(140)) - omNode-2: Completed INSTALL_SNAPSHOT, lastRequest: omNode-1->omNode-2#0-t7,notify:(t:7, i:61)
2022-10-18 03:54:12,552 [grpc-default-executor-2] INFO  server.GrpcLogAppender (GrpcLogAppender.java:onNext(403)) - omNode-1@group-523986131536->omNode-2-InstallSnapshotResponseHandler: received a reply omNode-1<-omNode-2#0:FAIL-t7,IN_PROGRESS
2022-10-18 03:54:12,553 [grpc-default-executor-2] INFO  server.GrpcLogAppender (GrpcLogAppender.java:onNext(421)) - omNode-1@group-523986131536->omNode-2-InstallSnapshotResponseHandler: InstallSnapshot in progress.
2022-10-18 03:54:12,553 [grpc-default-executor-0] INFO  leader.FollowerInfo (FollowerInfoImpl.java:lambda$new$0(48)) - omNode-1@group-523986131536->omNode-2: nextIndex: updateUnconditionally 59 -> 59
2022-10-18 03:54:12,553 [omNode-1@group-523986131536->omNode-2-GrpcLogAppender-LogAppenderDaemon] INFO  server.GrpcLogAppender (GrpcLogAppender.java:installSnapshot(541)) - omNode-1@group-523986131536->omNode-2-GrpcLogAppender: followerNextIndex = 59 but logStartIndex = 61, notify follower to install snapshot-(t:7, i:61)
2022-10-18 03:54:12,553 [omNode-1@group-523986131536->omNode-2-GrpcLogAppender-LogAppenderDaemon] INFO  server.GrpcLogAppender (GrpcLogAppender.java:installSnapshot(549)) - omNode-1@group-523986131536->omNode-2-GrpcLogAppender: send omNode-1->omNode-2#0-t7,notify:(t:7, i:61)
2022-10-18 03:54:12,553 [omNode-2-server-thread1] INFO  server.RaftServer$Division (RaftServerImpl.java:checkInconsistentAppendEntries(1402)) - omNode-2@group-523986131536: Failed appendEntries as snapshot (61) installation is in progress
2022-10-18 03:54:12,554 [omNode-2-server-thread1] INFO  server.RaftServer$Division (RaftServerImpl.java:checkInconsistentAppendEntries(1394)) - omNode-2@group-523986131536: inconsistency entries. Reply:omNode-1<-omNode-2#627:FAIL-t7,INCONSISTENCY,nextIndex=59,followerCommit=58
2022-10-18 03:54:12,555 [grpc-default-executor-0] INFO  leader.FollowerInfo (FollowerInfoImpl.java:lambda$new$0(48)) - omNode-1@group-523986131536->omNode-2: nextIndex: updateUnconditionally 59 -> 59
2022-10-18 03:54:12,555 [grpc-default-executor-2] INFO  impl.SnapshotInstallationHandler (SnapshotInstallationHandler.java:installSnapshot(84)) - omNode-2@group-523986131536: receive installSnapshot: omNode-1->omNode-2#0-t7,notify:(t:7, i:61)
2022-10-18 03:54:12,555 [grpc-default-executor-2] INFO  impl.SnapshotInstallationHandler (SnapshotInstallationHandler.java:installSnapshot(95)) - omNode-2@group-523986131536: reply installSnapshot: omNode-1<-omNode-2#0:FAIL-t7,IN_PROGRESS
2022-10-18 03:54:12,556 [grpc-default-executor-2] INFO  server.GrpcServerProtocolService (GrpcServerProtocolService.java:onCompleted(140)) - omNode-2: Completed INSTALL_SNAPSHOT, lastRequest: omNode-1->omNode-2#0-t7,notify:(t:7, i:61)
2022-10-18 03:54:12,558 [grpc-default-executor-2] INFO  server.GrpcLogAppender (GrpcLogAppender.java:onNext(403)) - omNode-1@group-523986131536->omNode-2-InstallSnapshotResponseHandler: received a reply omNode-1<-omNode-2#0:FAIL-t7,IN_PROGRESS
2022-10-18 03:54:12,558 [grpc-default-executor-2] INFO  server.GrpcLogAppender (GrpcLogAppender.java:onNext(421)) - omNode-1@group-523986131536->omNode-2-InstallSnapshotResponseHandler: InstallSnapshot in progress.
2022-10-18 03:54:12,558 [omNode-1@group-523986131536->omNode-2-GrpcLogAppender-LogAppenderDaemon] INFO  server.GrpcLogAppender (GrpcLogAppender.java:installSnapshot(541)) - omNode-1@group-523986131536->omNode-2-GrpcLogAppender: followerNextIndex = 59 but logStartIndex = 61, notify follower to install snapshot-(t:7, i:61)
2022-10-18 03:54:12,558 [omNode-1@group-523986131536->omNode-2-GrpcLogAppender-LogAppenderDaemon] INFO  server.GrpcLogAppender (GrpcLogAppender.java:installSnapshot(549)) - omNode-1@group-523986131536->omNode-2-GrpcLogAppender: send omNode-1->omNode-2#0-t7,notify:(t:7, i:61)
2022-10-18 03:54:12,559 [omNode-2-server-thread1] INFO  server.RaftServer$Division (RaftServerImpl.java:checkInconsistentAppendEntries(1402)) - omNode-2@group-523986131536: Failed appendEntries as snapshot (61) installation is in progress
2022-10-18 03:54:12,560 [omNode-2-server-thread1] INFO  server.RaftServer$Division (RaftServerImpl.java:checkInconsistentAppendEntries(1394)) - omNode-2@group-523986131536: inconsistency entries. Reply:omNode-1<-omNode-2#628:FAIL-t7,INCONSISTENCY,nextIndex=59,followerCommit=58
2022-10-18 03:54:12,560 [grpc-default-executor-2] INFO  impl.SnapshotInstallationHandler (SnapshotInstallationHandler.java:installSnapshot(84)) - omNode-2@group-523986131536: receive installSnapshot: omNode-1->omNode-2#0-t7,notify:(t:7, i:61)
2022-10-18 03:54:12,560 [grpc-default-executor-2] INFO  impl.SnapshotInstallationHandler (SnapshotInstallationHandler.java:installSnapshot(95)) - omNode-2@group-523986131536: reply installSnapshot: omNode-1<-omNode-2#0:FAIL-t7,IN_PROGRESS
2022-10-18 03:54:12,560 [grpc-default-executor-2] INFO  server.GrpcServerProtocolService (GrpcServerProtocolService.java:onCompleted(140)) - omNode-2: Completed INSTALL_SNAPSHOT, lastRequest: omNode-1->omNode-2#0-t7,notify:(t:7, i:61)
2022-10-18 03:54:12,561 [grpc-default-executor-2] INFO  leader.FollowerInfo (FollowerInfoImpl.java:lambda$new$0(48)) - omNode-1@group-523986131536->omNode-2: nextIndex: updateUnconditionally 59 -> 59
2022-10-18 03:54:12,561 [grpc-default-executor-0] INFO  server.GrpcLogAppender (GrpcLogAppender.java:onNext(403)) - omNode-1@group-523986131536->omNode-2-InstallSnapshotResponseHandler: received a reply omNode-1<-omNode-2#0:FAIL-t7,IN_PROGRESS
2022-10-18 03:54:12,561 [grpc-default-executor-0] INFO  server.GrpcLogAppender (GrpcLogAppender.java:onNext(421)) - omNode-1@group-523986131536->omNode-2-InstallSnapshotResponseHandler: InstallSnapshot in progress.
2022-10-18 03:54:12,561 [omNode-1@group-523986131536->omNode-2-GrpcLogAppender-LogAppenderDaemon] INFO  server.GrpcLogAppender (GrpcLogAppender.java:installSnapshot(541)) - omNode-1@group-523986131536->omNode-2-GrpcLogAppender: followerNextIndex = 59 but logStartIndex = 61, notify follower to install snapshot-(t:7, i:61)
2022-10-18 03:54:12,561 [omNode-1@group-523986131536->omNode-2-GrpcLogAppender-LogAppenderDaemon] INFO  server.GrpcLogAppender (GrpcLogAppender.java:installSnapshot(549)) - omNode-1@group-523986131536->omNode-2-GrpcLogAppender: send omNode-1->omNode-2#0-t7,notify:(t:7, i:61)
2022-10-18 03:54:12,562 [omNode-2-server-thread1] INFO  server.RaftServer$Division (RaftServerImpl.java:checkInconsistentAppendEntries(1402)) - omNode-2@group-523986131536: Failed appendEntries as snapshot (61) installation is in progress
2022-10-18 03:54:12,562 [omNode-2-server-thread1] INFO  server.RaftServer$Division (RaftServerImpl.java:checkInconsistentAppendEntries(1394)) - omNode-2@group-523986131536: inconsistency entries. Reply:omNode-1<-omNode-2#629:FAIL-t7,INCONSISTENCY,nextIndex=59,followerCommit=58
2022-10-18 03:54:12,562 [grpc-default-executor-0] INFO  impl.SnapshotInstallationHandler (SnapshotInstallationHandler.java:installSnapshot(84)) - omNode-2@group-523986131536: receive installSnapshot: omNode-1->omNode-2#0-t7,notify:(t:7, i:61)
2022-10-18 03:54:12,562 [grpc-default-executor-0] INFO  impl.SnapshotInstallationHandler (SnapshotInstallationHandler.java:installSnapshot(95)) - omNode-2@group-523986131536: reply installSnapshot: omNode-1<-omNode-2#0:FAIL-t7,IN_PROGRESS
2022-10-18 03:54:12,563 [grpc-default-executor-0] INFO  server.GrpcServerProtocolService (GrpcServerProtocolService.java:onCompleted(140)) - omNode-2: Completed INSTALL_SNAPSHOT, lastRequest: omNode-1->omNode-2#0-t7,notify:(t:7, i:61)
2022-10-18 03:54:12,570 [grpc-default-executor-2] INFO  server.GrpcLogAppender (GrpcLogAppender.java:onNext(403)) - omNode-1@group-523986131536->omNode-2-InstallSnapshotResponseHandler: received a reply omNode-1<-omNode-2#0:FAIL-t7,IN_PROGRESS
2022-10-18 03:54:12,570 [grpc-default-executor-2] INFO  server.GrpcLogAppender (GrpcLogAppender.java:onNext(421)) - omNode-1@group-523986131536->omNode-2-InstallSnapshotResponseHandler: InstallSnapshot in progress.
2022-10-18 03:54:12,570 [omNode-1@group-523986131536->omNode-2-GrpcLogAppender-LogAppenderDaemon] INFO  server.GrpcLogAppender (GrpcLogAppender.java:installSnapshot(541)) - omNode-1@group-523986131536->omNode-2-GrpcLogAppender: followerNextIndex = 59 but logStartIndex = 61, notify follower to install snapshot-(t:7, i:61)
2022-10-18 03:54:12,570 [omNode-1@group-523986131536->omNode-2-GrpcLogAppender-LogAppenderDaemon] INFO  server.GrpcLogAppender (GrpcLogAppender.java:installSnapshot(549)) - omNode-1@group-523986131536->omNode-2-GrpcLogAppender: send omNode-1->omNode-2#0-t7,notify:(t:7, i:61)
2022-10-18 03:54:12,572 [omNode-2-server-thread1] INFO  server.RaftServer$Division (RaftServerImpl.java:checkInconsistentAppendEntries(1402)) - omNode-2@group-523986131536: Failed appendEntries as snapshot (61) installation is in progress
2022-10-18 03:54:12,572 [omNode-2-server-thread1] INFO  server.RaftServer$Division (RaftServerImpl.java:checkInconsistentAppendEntries(1394)) - omNode-2@group-523986131536: inconsistency entries. Reply:omNode-1<-omNode-2#630:FAIL-t7,INCONSISTENCY,nextIndex=59,followerCommit=58
2022-10-18 03:54:12,573 [grpc-default-executor-2] INFO  impl.SnapshotInstallationHandler (SnapshotInstallationHandler.java:installSnapshot(84)) - omNode-2@group-523986131536: receive installSnapshot: omNode-1->omNode-2#0-t7,notify:(t:7, i:61)
2022-10-18 03:54:12,573 [grpc-default-executor-2] INFO  impl.SnapshotInstallationHandler (SnapshotInstallationHandler.java:installSnapshot(95)) - omNode-2@group-523986131536: reply installSnapshot: omNode-1<-omNode-2#0:FAIL-t7,IN_PROGRESS
2022-10-18 03:54:12,573 [grpc-default-executor-2] INFO  server.GrpcServerProtocolService (GrpcServerProtocolService.java:onCompleted(140)) - omNode-2: Completed INSTALL_SNAPSHOT, lastRequest: omNode-1->omNode-2#0-t7,notify:(t:7, i:61)
2022-10-18 03:54:12,574 [grpc-default-executor-2] INFO  server.GrpcLogAppender (GrpcLogAppender.java:onNext(403)) - omNode-1@group-523986131536->omNode-2-InstallSnapshotResponseHandler: received a reply omNode-1<-omNode-2#0:FAIL-t7,IN_PROGRESS
2022-10-18 03:54:12,574 [grpc-default-executor-2] INFO  server.GrpcLogAppender (GrpcLogAppender.java:onNext(421)) - omNode-1@group-523986131536->omNode-2-InstallSnapshotResponseHandler: InstallSnapshot in progress.
2022-10-18 03:54:12,574 [grpc-default-executor-0] INFO  leader.FollowerInfo (FollowerInfoImpl.java:lambda$new$0(48)) - omNode-1@group-523986131536->omNode-2: nextIndex: updateUnconditionally 59 -> 59
2022-10-18 03:54:12,574 [omNode-1@group-523986131536->omNode-2-GrpcLogAppender-LogAppenderDaemon] INFO  server.GrpcLogAppender (GrpcLogAppender.java:installSnapshot(541)) - omNode-1@group-523986131536->omNode-2-GrpcLogAppender: followerNextIndex = 59 but logStartIndex = 61, notify follower to install snapshot-(t:7, i:61)
2022-10-18 03:54:12,574 [omNode-1@group-523986131536->omNode-2-GrpcLogAppender-LogAppenderDaemon] INFO  server.GrpcLogAppender (GrpcLogAppender.java:installSnapshot(549)) - omNode-1@group-523986131536->omNode-2-GrpcLogAppender: send omNode-1->omNode-2#0-t7,notify:(t:7, i:61)
2022-10-18 03:54:12,575 [grpc-default-executor-2] INFO  leader.FollowerInfo (FollowerInfoImpl.java:lambda$new$0(48)) - omNode-1@group-523986131536->omNode-2: nextIndex: updateUnconditionally 59 -> 59
2022-10-18 03:54:12,576 [omNode-2-server-thread1] INFO  server.RaftServer$Division (RaftServerImpl.java:checkInconsistentAppendEntries(1402)) - omNode-2@group-523986131536: Failed appendEntries as snapshot (61) installation is in progress
2022-10-18 03:54:12,576 [omNode-2-server-thread1] INFO  server.RaftServer$Division (RaftServerImpl.java:checkInconsistentAppendEntries(1394)) - omNode-2@group-523986131536: inconsistency entries. Reply:omNode-1<-omNode-2#631:FAIL-t7,INCONSISTENCY,nextIndex=59,followerCommit=58
2022-10-18 03:54:12,576 [grpc-default-executor-2] INFO  impl.SnapshotInstallationHandler (SnapshotInstallationHandler.java:installSnapshot(84)) - omNode-2@group-523986131536: receive installSnapshot: omNode-1->omNode-2#0-t7,notify:(t:7, i:61)
2022-10-18 03:54:12,576 [grpc-default-executor-2] INFO  impl.SnapshotInstallationHandler (SnapshotInstallationHandler.java:installSnapshot(95)) - omNode-2@group-523986131536: reply installSnapshot: omNode-1<-omNode-2#0:FAIL-t7,IN_PROGRESS
2022-10-18 03:54:12,576 [grpc-default-executor-2] INFO  server.GrpcServerProtocolService (GrpcServerProtocolService.java:onCompleted(140)) - omNode-2: Completed INSTALL_SNAPSHOT, lastRequest: omNode-1->omNode-2#0-t7,notify:(t:7, i:61)
2022-10-18 03:54:12,578 [grpc-default-executor-2] INFO  leader.FollowerInfo (FollowerInfoImpl.java:lambda$new$0(48)) - omNode-1@group-523986131536->omNode-2: nextIndex: updateUnconditionally 59 -> 59
2022-10-18 03:54:12,578 [grpc-default-executor-0] INFO  server.GrpcLogAppender (GrpcLogAppender.java:onNext(403)) - omNode-1@group-523986131536->omNode-2-InstallSnapshotResponseHandler: received a reply omNode-1<-omNode-2#0:FAIL-t7,IN_PROGRESS
2022-10-18 03:54:12,578 [grpc-default-executor-0] INFO  server.GrpcLogAppender (GrpcLogAppender.java:onNext(421)) - omNode-1@group-523986131536->omNode-2-InstallSnapshotResponseHandler: InstallSnapshot in progress.
2022-10-18 03:54:12,578 [omNode-1@group-523986131536->omNode-2-GrpcLogAppender-LogAppenderDaemon] INFO  server.GrpcLogAppender (GrpcLogAppender.java:installSnapshot(541)) - omNode-1@group-523986131536->omNode-2-GrpcLogAppender: followerNextIndex = 59 but logStartIndex = 61, notify follower to install snapshot-(t:7, i:61)
2022-10-18 03:54:12,578 [omNode-1@group-523986131536->omNode-2-GrpcLogAppender-LogAppenderDaemon] INFO  server.GrpcLogAppender (GrpcLogAppender.java:installSnapshot(549)) - omNode-1@group-523986131536->omNode-2-GrpcLogAppender: send omNode-1->omNode-2#0-t7,notify:(t:7, i:61)
2022-10-18 03:54:12,579 [omNode-2-server-thread1] INFO  server.RaftServer$Division (RaftServerImpl.java:checkInconsistentAppendEntries(1402)) - omNode-2@group-523986131536: Failed appendEntries as snapshot (61) installation is in progress
2022-10-18 03:54:12,579 [omNode-2-server-thread1] INFO  server.RaftServer$Division (RaftServerImpl.java:checkInconsistentAppendEntries(1394)) - omNode-2@group-523986131536: inconsistency entries. Reply:omNode-1<-omNode-2#632:FAIL-t7,INCONSISTENCY,nextIndex=59,followerCommit=58
2022-10-18 03:54:12,580 [grpc-default-executor-0] INFO  impl.SnapshotInstallationHandler (SnapshotInstallationHandler.java:installSnapshot(84)) - omNode-2@group-523986131536: receive installSnapshot: omNode-1->omNode-2#0-t7,notify:(t:7, i:61)
2022-10-18 03:54:12,580 [grpc-default-executor-0] INFO  impl.SnapshotInstallationHandler (SnapshotInstallationHandler.java:installSnapshot(95)) - omNode-2@group-523986131536: reply installSnapshot: omNode-1<-omNode-2#0:FAIL-t7,IN_PROGRESS
2022-10-18 03:54:12,580 [grpc-default-executor-0] INFO  server.GrpcServerProtocolService (GrpcServerProtocolService.java:onCompleted(140)) - omNode-2: Completed INSTALL_SNAPSHOT, lastRequest: omNode-1->omNode-2#0-t7,notify:(t:7, i:61)
2022-10-18 03:54:12,582 [grpc-default-executor-2] INFO  server.GrpcLogAppender (GrpcLogAppender.java:onNext(403)) - omNode-1@group-523986131536->omNode-2-InstallSnapshotResponseHandler: received a reply omNode-1<-omNode-2#0:FAIL-t7,IN_PROGRESS
2022-10-18 03:54:12,582 [grpc-default-executor-2] INFO  server.GrpcLogAppender (GrpcLogAppender.java:onNext(421)) - omNode-1@group-523986131536->omNode-2-InstallSnapshotResponseHandler: InstallSnapshot in progress.
2022-10-18 03:54:12,582 [grpc-default-executor-0] INFO  leader.FollowerInfo (FollowerInfoImpl.java:lambda$new$0(48)) - omNode-1@group-523986131536->omNode-2: nextIndex: updateUnconditionally 59 -> 59
2022-10-18 03:54:12,582 [omNode-1@group-523986131536->omNode-2-GrpcLogAppender-LogAppenderDaemon] INFO  server.GrpcLogAppender (GrpcLogAppender.java:installSnapshot(541)) - omNode-1@group-523986131536->omNode-2-GrpcLogAppender: followerNextIndex = 59 but logStartIndex = 61, notify follower to install snapshot-(t:7, i:61)
2022-10-18 03:54:12,583 [omNode-1@group-523986131536->omNode-2-GrpcLogAppender-LogAppenderDaemon] INFO  server.GrpcLogAppender (GrpcLogAppender.java:installSnapshot(549)) - omNode-1@group-523986131536->omNode-2-GrpcLogAppender: send omNode-1->omNode-2#0-t7,notify:(t:7, i:61)
2022-10-18 03:54:12,583 [omNode-2-server-thread1] INFO  server.RaftServer$Division (RaftServerImpl.java:checkInconsistentAppendEntries(1402)) - omNode-2@group-523986131536: Failed appendEntries as snapshot (61) installation is in progress
2022-10-18 03:54:12,583 [omNode-2-server-thread1] INFO  server.RaftServer$Division (RaftServerImpl.java:checkInconsistentAppendEntries(1394)) - omNode-2@group-523986131536: inconsistency entries. Reply:omNode-1<-omNode-2#633:FAIL-t7,INCONSISTENCY,nextIndex=59,followerCommit=58
2022-10-18 03:54:12,584 [grpc-default-executor-0] INFO  impl.SnapshotInstallationHandler (SnapshotInstallationHandler.java:installSnapshot(84)) - omNode-2@group-523986131536: receive installSnapshot: omNode-1->omNode-2#0-t7,notify:(t:7, i:61)
2022-10-18 03:54:12,584 [grpc-default-executor-0] INFO  impl.SnapshotInstallationHandler (SnapshotInstallationHandler.java:installSnapshot(95)) - omNode-2@group-523986131536: reply installSnapshot: omNode-1<-omNode-2#0:FAIL-t7,IN_PROGRESS
2022-10-18 03:54:12,584 [grpc-default-executor-0] INFO  server.GrpcServerProtocolService (GrpcServerProtocolService.java:onCompleted(140)) - omNode-2: Completed INSTALL_SNAPSHOT, lastRequest: omNode-1->omNode-2#0-t7,notify:(t:7, i:61)
2022-10-18 03:54:12,584 [grpc-default-executor-0] INFO  leader.FollowerInfo (FollowerInfoImpl.java:lambda$new$0(48)) - omNode-1@group-523986131536->omNode-2: nextIndex: updateUnconditionally 59 -> 59
2022-10-18 03:54:12,585 [grpc-default-executor-2] INFO  server.GrpcLogAppender (GrpcLogAppender.java:onNext(403)) - omNode-1@group-523986131536->omNode-2-InstallSnapshotResponseHandler: received a reply omNode-1<-omNode-2#0:FAIL-t7,IN_PROGRESS
2022-10-18 03:54:12,585 [grpc-default-executor-2] INFO  server.GrpcLogAppender (GrpcLogAppender.java:onNext(421)) - omNode-1@group-523986131536->omNode-2-InstallSnapshotResponseHandler: InstallSnapshot in progress.
2022-10-18 03:54:12,585 [omNode-1@group-523986131536->omNode-2-GrpcLogAppender-LogAppenderDaemon] INFO  server.GrpcLogAppender (GrpcLogAppender.java:installSnapshot(541)) - omNode-1@group-523986131536->omNode-2-GrpcLogAppender: followerNextIndex = 59 but logStartIndex = 61, notify follower to install snapshot-(t:7, i:61)
2022-10-18 03:54:12,585 [omNode-1@group-523986131536->omNode-2-GrpcLogAppender-LogAppenderDaemon] INFO  server.GrpcLogAppender (GrpcLogAppender.java:installSnapshot(549)) - omNode-1@group-523986131536->omNode-2-GrpcLogAppender: send omNode-1->omNode-2#0-t7,notify:(t:7, i:61)
2022-10-18 03:54:12,586 [omNode-2-server-thread1] INFO  server.RaftServer$Division (RaftServerImpl.java:checkInconsistentAppendEntries(1402)) - omNode-2@group-523986131536: Failed appendEntries as snapshot (61) installation is in progress
2022-10-18 03:54:12,586 [omNode-2-server-thread1] INFO  server.RaftServer$Division (RaftServerImpl.java:checkInconsistentAppendEntries(1394)) - omNode-2@group-523986131536: inconsistency entries. Reply:omNode-1<-omNode-2#634:FAIL-t7,INCONSISTENCY,nextIndex=59,followerCommit=58
2022-10-18 03:54:12,586 [grpc-default-executor-2] INFO  impl.SnapshotInstallationHandler (SnapshotInstallationHandler.java:installSnapshot(84)) - omNode-2@group-523986131536: receive installSnapshot: omNode-1->omNode-2#0-t7,notify:(t:7, i:61)
2022-10-18 03:54:12,586 [grpc-default-executor-2] INFO  impl.SnapshotInstallationHandler (SnapshotInstallationHandler.java:installSnapshot(95)) - omNode-2@group-523986131536: reply installSnapshot: omNode-1<-omNode-2#0:FAIL-t7,IN_PROGRESS
2022-10-18 03:54:12,587 [grpc-default-executor-2] INFO  server.GrpcServerProtocolService (GrpcServerProtocolService.java:onCompleted(140)) - omNode-2: Completed INSTALL_SNAPSHOT, lastRequest: omNode-1->omNode-2#0-t7,notify:(t:7, i:61)
2022-10-18 03:54:12,588 [grpc-default-executor-1] INFO  leader.FollowerInfo (FollowerInfoImpl.java:lambda$new$0(48)) - omNode-1@group-523986131536->omNode-2: nextIndex: updateUnconditionally 59 -> 59
2022-10-18 03:54:12,588 [grpc-default-executor-2] INFO  server.GrpcLogAppender (GrpcLogAppender.java:onNext(403)) - omNode-1@group-523986131536->omNode-2-InstallSnapshotResponseHandler: received a reply omNode-1<-omNode-2#0:FAIL-t7,IN_PROGRESS
2022-10-18 03:54:12,588 [grpc-default-executor-2] INFO  server.GrpcLogAppender (GrpcLogAppender.java:onNext(421)) - omNode-1@group-523986131536->omNode-2-InstallSnapshotResponseHandler: InstallSnapshot in progress.
2022-10-18 03:54:12,588 [omNode-1@group-523986131536->omNode-2-GrpcLogAppender-LogAppenderDaemon] INFO  server.GrpcLogAppender (GrpcLogAppender.java:installSnapshot(541)) - omNode-1@group-523986131536->omNode-2-GrpcLogAppender: followerNextIndex = 59 but logStartIndex = 61, notify follower to install snapshot-(t:7, i:61)
2022-10-18 03:54:12,588 [omNode-1@group-523986131536->omNode-2-GrpcLogAppender-LogAppenderDaemon] INFO  server.GrpcLogAppender (GrpcLogAppender.java:installSnapshot(549)) - omNode-1@group-523986131536->omNode-2-GrpcLogAppender: send omNode-1->omNode-2#0-t7,notify:(t:7, i:61)
2022-10-18 03:54:12,589 [omNode-2-server-thread1] INFO  server.RaftServer$Division (RaftServerImpl.java:checkInconsistentAppendEntries(1402)) - omNode-2@group-523986131536: Failed appendEntries as snapshot (61) installation is in progress
2022-10-18 03:54:12,589 [omNode-2-server-thread1] INFO  server.RaftServer$Division (RaftServerImpl.java:checkInconsistentAppendEntries(1394)) - omNode-2@group-523986131536: inconsistency entries. Reply:omNode-1<-omNode-2#635:FAIL-t7,INCONSISTENCY,nextIndex=59,followerCommit=58
2022-10-18 03:54:12,589 [grpc-default-executor-2] INFO  impl.SnapshotInstallationHandler (SnapshotInstallationHandler.java:installSnapshot(84)) - omNode-2@group-523986131536: receive installSnapshot: omNode-1->omNode-2#0-t7,notify:(t:7, i:61)
2022-10-18 03:54:12,589 [grpc-default-executor-2] INFO  impl.SnapshotInstallationHandler (SnapshotInstallationHandler.java:installSnapshot(95)) - omNode-2@group-523986131536: reply installSnapshot: omNode-1<-omNode-2#0:FAIL-t7,IN_PROGRESS
2022-10-18 03:54:12,589 [grpc-default-executor-2] INFO  server.GrpcServerProtocolService (GrpcServerProtocolService.java:onCompleted(140)) - omNode-2: Completed INSTALL_SNAPSHOT, lastRequest: omNode-1->omNode-2#0-t7,notify:(t:7, i:61)
2022-10-18 03:54:12,590 [grpc-default-executor-0] INFO  leader.FollowerInfo (FollowerInfoImpl.java:lambda$new$0(48)) - omNode-1@group-523986131536->omNode-2: nextIndex: updateUnconditionally 59 -> 59
2022-10-18 03:54:12,591 [grpc-default-executor-0] INFO  server.GrpcLogAppender (GrpcLogAppender.java:onNext(403)) - omNode-1@group-523986131536->omNode-2-InstallSnapshotResponseHandler: received a reply omNode-1<-omNode-2#0:FAIL-t7,IN_PROGRESS
2022-10-18 03:54:12,591 [grpc-default-executor-0] INFO  server.GrpcLogAppender (GrpcLogAppender.java:onNext(421)) - omNode-1@group-523986131536->omNode-2-InstallSnapshotResponseHandler: InstallSnapshot in progress.
2022-10-18 03:54:12,591 [omNode-1@group-523986131536->omNode-2-GrpcLogAppender-LogAppenderDaemon] INFO  server.GrpcLogAppender (GrpcLogAppender.java:installSnapshot(541)) - omNode-1@group-523986131536->omNode-2-GrpcLogAppender: followerNextIndex = 59 but logStartIndex = 61, notify follower to install snapshot-(t:7, i:61)
2022-10-18 03:54:12,592 [omNode-1@group-523986131536->omNode-2-GrpcLogAppender-LogAppenderDaemon] INFO  server.GrpcLogAppender (GrpcLogAppender.java:installSnapshot(549)) - omNode-1@group-523986131536->omNode-2-GrpcLogAppender: send omNode-1->omNode-2#0-t7,notify:(t:7, i:61)
2022-10-18 03:54:12,592 [omNode-2-server-thread1] INFO  server.RaftServer$Division (RaftServerImpl.java:checkInconsistentAppendEntries(1402)) - omNode-2@group-523986131536: Failed appendEntries as snapshot (61) installation is in progress
2022-10-18 03:54:12,592 [omNode-2-server-thread1] INFO  server.RaftServer$Division (RaftServerImpl.java:checkInconsistentAppendEntries(1394)) - omNode-2@group-523986131536: inconsistency entries. Reply:omNode-1<-omNode-2#636:FAIL-t7,INCONSISTENCY,nextIndex=59,followerCommit=58
2022-10-18 03:54:12,592 [grpc-default-executor-2] INFO  impl.SnapshotInstallationHandler (SnapshotInstallationHandler.java:installSnapshot(84)) - omNode-2@group-523986131536: receive installSnapshot: omNode-1->omNode-2#0-t7,notify:(t:7, i:61)
2022-10-18 03:54:12,593 [grpc-default-executor-2] INFO  impl.SnapshotInstallationHandler (SnapshotInstallationHandler.java:installSnapshot(95)) - omNode-2@group-523986131536: reply installSnapshot: omNode-1<-omNode-2#0:FAIL-t7,IN_PROGRESS
2022-10-18 03:54:12,593 [grpc-default-executor-2] INFO  server.GrpcServerProtocolService (GrpcServerProtocolService.java:onCompleted(140)) - omNode-2: Completed INSTALL_SNAPSHOT, lastRequest: omNode-1->omNode-2#0-t7,notify:(t:7, i:61)
2022-10-18 03:54:12,593 [grpc-default-executor-0] INFO  leader.FollowerInfo (FollowerInfoImpl.java:lambda$new$0(48)) - omNode-1@group-523986131536->omNode-2: nextIndex: updateUnconditionally 59 -> 59
2022-10-18 03:54:12,594 [grpc-default-executor-0] INFO  server.GrpcLogAppender (GrpcLogAppender.java:onNext(403)) - omNode-1@group-523986131536->omNode-2-InstallSnapshotResponseHandler: received a reply omNode-1<-omNode-2#0:FAIL-t7,IN_PROGRESS
2022-10-18 03:54:12,594 [grpc-default-executor-0] INFO  server.GrpcLogAppender (GrpcLogAppender.java:onNext(421)) - omNode-1@group-523986131536->omNode-2-InstallSnapshotResponseHandler: InstallSnapshot in progress.
2022-10-18 03:54:12,594 [omNode-1@group-523986131536->omNode-2-GrpcLogAppender-LogAppenderDaemon] INFO  server.GrpcLogAppender (GrpcLogAppender.java:installSnapshot(541)) - omNode-1@group-523986131536->omNode-2-GrpcLogAppender: followerNextIndex = 59 but logStartIndex = 61, notify follower to install snapshot-(t:7, i:61)
2022-10-18 03:54:12,594 [omNode-1@group-523986131536->omNode-2-GrpcLogAppender-LogAppenderDaemon] INFO  server.GrpcLogAppender (GrpcLogAppender.java:installSnapshot(549)) - omNode-1@group-523986131536->omNode-2-GrpcLogAppender: send omNode-1->omNode-2#0-t7,notify:(t:7, i:61)
2022-10-18 03:54:12,596 [omNode-2-server-thread1] INFO  server.RaftServer$Division (RaftServerImpl.java:checkInconsistentAppendEntries(1402)) - omNode-2@group-523986131536: Failed appendEntries as snapshot (61) installation is in progress
2022-10-18 03:54:12,596 [omNode-2-server-thread1] INFO  server.RaftServer$Division (RaftServerImpl.java:checkInconsistentAppendEntries(1394)) - omNode-2@group-523986131536: inconsistency entries. Reply:omNode-1<-omNode-2#637:FAIL-t7,INCONSISTENCY,nextIndex=59,followerCommit=58
2022-10-18 03:54:12,597 [grpc-default-executor-0] INFO  impl.SnapshotInstallationHandler (SnapshotInstallationHandler.java:installSnapshot(84)) - omNode-2@group-523986131536: receive installSnapshot: omNode-1->omNode-2#0-t7,notify:(t:7, i:61)
2022-10-18 03:54:12,597 [grpc-default-executor-0] INFO  impl.SnapshotInstallationHandler (SnapshotInstallationHandler.java:installSnapshot(95)) - omNode-2@group-523986131536: reply installSnapshot: omNode-1<-omNode-2#0:FAIL-t7,IN_PROGRESS
2022-10-18 03:54:12,597 [grpc-default-executor-0] INFO  server.GrpcServerProtocolService (GrpcServerProtocolService.java:onCompleted(140)) - omNode-2: Completed INSTALL_SNAPSHOT, lastRequest: omNode-1->omNode-2#0-t7,notify:(t:7, i:61)
2022-10-18 03:54:12,597 [grpc-default-executor-2] INFO  server.GrpcLogAppender (GrpcLogAppender.java:onNext(403)) - omNode-1@group-523986131536->omNode-2-InstallSnapshotResponseHandler: received a reply omNode-1<-omNode-2#0:FAIL-t7,IN_PROGRESS
2022-10-18 03:54:12,597 [grpc-default-executor-2] INFO  server.GrpcLogAppender (GrpcLogAppender.java:onNext(421)) - omNode-1@group-523986131536->omNode-2-InstallSnapshotResponseHandler: InstallSnapshot in progress.
2022-10-18 03:54:12,598 [omNode-1@group-523986131536->omNode-2-GrpcLogAppender-LogAppenderDaemon] INFO  server.GrpcLogAppender (GrpcLogAppender.java:installSnapshot(541)) - omNode-1@group-523986131536->omNode-2-GrpcLogAppender: followerNextIndex = 59 but logStartIndex = 61, notify follower to install snapshot-(t:7, i:61)
2022-10-18 03:54:12,598 [omNode-1@group-523986131536->omNode-2-GrpcLogAppender-LogAppenderDaemon] INFO  server.GrpcLogAppender (GrpcLogAppender.java:installSnapshot(549)) - omNode-1@group-523986131536->omNode-2-GrpcLogAppender: send omNode-1->omNode-2#0-t7,notify:(t:7, i:61)
2022-10-18 03:54:12,598 [grpc-default-executor-2] INFO  leader.FollowerInfo (FollowerInfoImpl.java:lambda$new$0(48)) - omNode-1@group-523986131536->omNode-2: nextIndex: updateUnconditionally 59 -> 59
2022-10-18 03:54:12,602 [omNode-2-server-thread1] INFO  server.RaftServer$Division (RaftServerImpl.java:checkInconsistentAppendEntries(1402)) - omNode-2@group-523986131536: Failed appendEntries as snapshot (61) installation is in progress
2022-10-18 03:54:12,602 [omNode-2-server-thread1] INFO  server.RaftServer$Division (RaftServerImpl.java:checkInconsistentAppendEntries(1394)) - omNode-2@group-523986131536: inconsistency entries. Reply:omNode-1<-omNode-2#638:FAIL-t7,INCONSISTENCY,nextIndex=59,followerCommit=58
2022-10-18 03:54:12,602 [grpc-default-executor-2] INFO  impl.SnapshotInstallationHandler (SnapshotInstallationHandler.java:installSnapshot(84)) - omNode-2@group-523986131536: receive installSnapshot: omNode-1->omNode-2#0-t7,notify:(t:7, i:61)
2022-10-18 03:54:12,603 [grpc-default-executor-2] INFO  impl.SnapshotInstallationHandler (SnapshotInstallationHandler.java:installSnapshot(95)) - omNode-2@group-523986131536: reply installSnapshot: omNode-1<-omNode-2#0:FAIL-t7,IN_PROGRESS
2022-10-18 03:54:12,603 [grpc-default-executor-2] INFO  server.GrpcServerProtocolService (GrpcServerProtocolService.java:onCompleted(140)) - omNode-2: Completed INSTALL_SNAPSHOT, lastRequest: omNode-1->omNode-2#0-t7,notify:(t:7, i:61)
2022-10-18 03:54:12,605 [grpc-default-executor-2] INFO  leader.FollowerInfo (FollowerInfoImpl.java:lambda$new$0(48)) - omNode-1@group-523986131536->omNode-2: nextIndex: updateUnconditionally 59 -> 59
2022-10-18 03:54:12,605 [grpc-default-executor-0] INFO  server.GrpcLogAppender (GrpcLogAppender.java:onNext(403)) - omNode-1@group-523986131536->omNode-2-InstallSnapshotResponseHandler: received a reply omNode-1<-omNode-2#0:FAIL-t7,IN_PROGRESS
2022-10-18 03:54:12,605 [grpc-default-executor-0] INFO  server.GrpcLogAppender (GrpcLogAppender.java:onNext(421)) - omNode-1@group-523986131536->omNode-2-InstallSnapshotResponseHandler: InstallSnapshot in progress.
2022-10-18 03:54:12,605 [omNode-1@group-523986131536->omNode-2-GrpcLogAppender-LogAppenderDaemon] INFO  server.GrpcLogAppender (GrpcLogAppender.java:installSnapshot(541)) - omNode-1@group-523986131536->omNode-2-GrpcLogAppender: followerNextIndex = 59 but logStartIndex = 61, notify follower to install snapshot-(t:7, i:61)
2022-10-18 03:54:12,605 [omNode-1@group-523986131536->omNode-2-GrpcLogAppender-LogAppenderDaemon] INFO  server.GrpcLogAppender (GrpcLogAppender.java:installSnapshot(549)) - omNode-1@group-523986131536->omNode-2-GrpcLogAppender: send omNode-1->omNode-2#0-t7,notify:(t:7, i:61)
2022-10-18 03:54:12,606 [omNode-2-server-thread1] INFO  server.RaftServer$Division (RaftServerImpl.java:checkInconsistentAppendEntries(1402)) - omNode-2@group-523986131536: Failed appendEntries as snapshot (61) installation is in progress
2022-10-18 03:54:12,606 [omNode-2-server-thread1] INFO  server.RaftServer$Division (RaftServerImpl.java:checkInconsistentAppendEntries(1394)) - omNode-2@group-523986131536: inconsistency entries. Reply:omNode-1<-omNode-2#639:FAIL-t7,INCONSISTENCY,nextIndex=59,followerCommit=58
2022-10-18 03:54:12,606 [grpc-default-executor-2] INFO  impl.SnapshotInstallationHandler (SnapshotInstallationHandler.java:installSnapshot(84)) - omNode-2@group-523986131536: receive installSnapshot: omNode-1->omNode-2#0-t7,notify:(t:7, i:61)
2022-10-18 03:54:12,606 [grpc-default-executor-2] INFO  impl.SnapshotInstallationHandler (SnapshotInstallationHandler.java:installSnapshot(95)) - omNode-2@group-523986131536: reply installSnapshot: omNode-1<-omNode-2#0:FAIL-t7,IN_PROGRESS
2022-10-18 03:54:12,606 [grpc-default-executor-2] INFO  server.GrpcServerProtocolService (GrpcServerProtocolService.java:onCompleted(140)) - omNode-2: Completed INSTALL_SNAPSHOT, lastRequest: omNode-1->omNode-2#0-t7,notify:(t:7, i:61)
2022-10-18 03:54:12,607 [grpc-default-executor-1] INFO  leader.FollowerInfo (FollowerInfoImpl.java:lambda$new$0(48)) - omNode-1@group-523986131536->omNode-2: nextIndex: updateUnconditionally 59 -> 59
2022-10-18 03:54:12,607 [grpc-default-executor-1] INFO  server.GrpcLogAppender (GrpcLogAppender.java:onNext(403)) - omNode-1@group-523986131536->omNode-2-InstallSnapshotResponseHandler: received a reply omNode-1<-omNode-2#0:FAIL-t7,IN_PROGRESS
2022-10-18 03:54:12,607 [grpc-default-executor-1] INFO  server.GrpcLogAppender (GrpcLogAppender.java:onNext(421)) - omNode-1@group-523986131536->omNode-2-InstallSnapshotResponseHandler: InstallSnapshot in progress.
2022-10-18 03:54:12,607 [omNode-1@group-523986131536->omNode-2-GrpcLogAppender-LogAppenderDaemon] INFO  server.GrpcLogAppender (GrpcLogAppender.java:installSnapshot(541)) - omNode-1@group-523986131536->omNode-2-GrpcLogAppender: followerNextIndex = 59 but logStartIndex = 61, notify follower to install snapshot-(t:7, i:61)
2022-10-18 03:54:12,607 [omNode-1@group-523986131536->omNode-2-GrpcLogAppender-LogAppenderDaemon] INFO  server.GrpcLogAppender (GrpcLogAppender.java:installSnapshot(549)) - omNode-1@group-523986131536->omNode-2-GrpcLogAppender: send omNode-1->omNode-2#0-t7,notify:(t:7, i:61)
2022-10-18 03:54:12,608 [omNode-2-server-thread1] INFO  server.RaftServer$Division (RaftServerImpl.java:checkInconsistentAppendEntries(1402)) - omNode-2@group-523986131536: Failed appendEntries as snapshot (61) installation is in progress
2022-10-18 03:54:12,608 [omNode-2-server-thread1] INFO  server.RaftServer$Division (RaftServerImpl.java:checkInconsistentAppendEntries(1394)) - omNode-2@group-523986131536: inconsistency entries. Reply:omNode-1<-omNode-2#640:FAIL-t7,INCONSISTENCY,nextIndex=59,followerCommit=58
2022-10-18 03:54:12,609 [grpc-default-executor-2] INFO  leader.FollowerInfo (FollowerInfoImpl.java:lambda$new$0(48)) - omNode-1@group-523986131536->omNode-2: nextIndex: updateUnconditionally 59 -> 59
2022-10-18 03:54:12,609 [grpc-default-executor-1] INFO  impl.SnapshotInstallationHandler (SnapshotInstallationHandler.java:installSnapshot(84)) - omNode-2@group-523986131536: receive installSnapshot: omNode-1->omNode-2#0-t7,notify:(t:7, i:61)
2022-10-18 03:54:12,609 [grpc-default-executor-1] INFO  impl.SnapshotInstallationHandler (SnapshotInstallationHandler.java:installSnapshot(95)) - omNode-2@group-523986131536: reply installSnapshot: omNode-1<-omNode-2#0:FAIL-t7,IN_PROGRESS
2022-10-18 03:54:12,609 [grpc-default-executor-1] INFO  server.GrpcServerProtocolService (GrpcServerProtocolService.java:onCompleted(140)) - omNode-2: Completed INSTALL_SNAPSHOT, lastRequest: omNode-1->omNode-2#0-t7,notify:(t:7, i:61)
2022-10-18 03:54:12,611 [grpc-default-executor-1] INFO  server.GrpcLogAppender (GrpcLogAppender.java:onNext(403)) - omNode-1@group-523986131536->omNode-2-InstallSnapshotResponseHandler: received a reply omNode-1<-omNode-2#0:FAIL-t7,IN_PROGRESS
2022-10-18 03:54:12,611 [grpc-default-executor-1] INFO  server.GrpcLogAppender (GrpcLogAppender.java:onNext(421)) - omNode-1@group-523986131536->omNode-2-InstallSnapshotResponseHandler: InstallSnapshot in progress.
2022-10-18 03:54:12,611 [omNode-1@group-523986131536->omNode-2-GrpcLogAppender-LogAppenderDaemon] INFO  server.GrpcLogAppender (GrpcLogAppender.java:installSnapshot(541)) - omNode-1@group-523986131536->omNode-2-GrpcLogAppender: followerNextIndex = 59 but logStartIndex = 61, notify follower to install snapshot-(t:7, i:61)
2022-10-18 03:54:12,611 [omNode-1@group-523986131536->omNode-2-GrpcLogAppender-LogAppenderDaemon] INFO  server.GrpcLogAppender (GrpcLogAppender.java:installSnapshot(549)) - omNode-1@group-523986131536->omNode-2-GrpcLogAppender: send omNode-1->omNode-2#0-t7,notify:(t:7, i:61)
2022-10-18 03:54:12,615 [omNode-2-server-thread1] INFO  server.RaftServer$Division (RaftServerImpl.java:checkInconsistentAppendEntries(1402)) - omNode-2@group-523986131536: Failed appendEntries as snapshot (61) installation is in progress
2022-10-18 03:54:12,615 [omNode-2-server-thread1] INFO  server.RaftServer$Division (RaftServerImpl.java:checkInconsistentAppendEntries(1394)) - omNode-2@group-523986131536: inconsistency entries. Reply:omNode-1<-omNode-2#641:FAIL-t7,INCONSISTENCY,nextIndex=59,followerCommit=58
2022-10-18 03:54:12,615 [grpc-default-executor-1] INFO  impl.SnapshotInstallationHandler (SnapshotInstallationHandler.java:installSnapshot(84)) - omNode-2@group-523986131536: receive installSnapshot: omNode-1->omNode-2#0-t7,notify:(t:7, i:61)
2022-10-18 03:54:12,615 [grpc-default-executor-1] INFO  impl.SnapshotInstallationHandler (SnapshotInstallationHandler.java:installSnapshot(95)) - omNode-2@group-523986131536: reply installSnapshot: omNode-1<-omNode-2#0:FAIL-t7,IN_PROGRESS
2022-10-18 03:54:12,615 [grpc-default-executor-1] INFO  server.GrpcServerProtocolService (GrpcServerProtocolService.java:onCompleted(140)) - omNode-2: Completed INSTALL_SNAPSHOT, lastRequest: omNode-1->omNode-2#0-t7,notify:(t:7, i:61)
2022-10-18 03:54:12,616 [grpc-default-executor-1] INFO  leader.FollowerInfo (FollowerInfoImpl.java:lambda$new$0(48)) - omNode-1@group-523986131536->omNode-2: nextIndex: updateUnconditionally 59 -> 59
2022-10-18 03:54:12,617 [grpc-default-executor-2] INFO  server.GrpcLogAppender (GrpcLogAppender.java:onNext(403)) - omNode-1@group-523986131536->omNode-2-InstallSnapshotResponseHandler: received a reply omNode-1<-omNode-2#0:FAIL-t7,IN_PROGRESS
2022-10-18 03:54:12,617 [grpc-default-executor-2] INFO  server.GrpcLogAppender (GrpcLogAppender.java:onNext(421)) - omNode-1@group-523986131536->omNode-2-InstallSnapshotResponseHandler: InstallSnapshot in progress.
2022-10-18 03:54:12,617 [omNode-1@group-523986131536->omNode-2-GrpcLogAppender-LogAppenderDaemon] INFO  server.GrpcLogAppender (GrpcLogAppender.java:installSnapshot(541)) - omNode-1@group-523986131536->omNode-2-GrpcLogAppender: followerNextIndex = 59 but logStartIndex = 61, notify follower to install snapshot-(t:7, i:61)
2022-10-18 03:54:12,617 [omNode-1@group-523986131536->omNode-2-GrpcLogAppender-LogAppenderDaemon] INFO  server.GrpcLogAppender (GrpcLogAppender.java:installSnapshot(549)) - omNode-1@group-523986131536->omNode-2-GrpcLogAppender: send omNode-1->omNode-2#0-t7,notify:(t:7, i:61)
2022-10-18 03:54:12,617 [omNode-2-server-thread1] INFO  server.RaftServer$Division (RaftServerImpl.java:checkInconsistentAppendEntries(1402)) - omNode-2@group-523986131536: Failed appendEntries as snapshot (61) installation is in progress
2022-10-18 03:54:12,617 [omNode-2-server-thread1] INFO  server.RaftServer$Division (RaftServerImpl.java:checkInconsistentAppendEntries(1394)) - omNode-2@group-523986131536: inconsistency entries. Reply:omNode-1<-omNode-2#642:FAIL-t7,INCONSISTENCY,nextIndex=59,followerCommit=58
2022-10-18 03:54:12,618 [grpc-default-executor-1] INFO  impl.SnapshotInstallationHandler (SnapshotInstallationHandler.java:installSnapshot(84)) - omNode-2@group-523986131536: receive installSnapshot: omNode-1->omNode-2#0-t7,notify:(t:7, i:61)
2022-10-18 03:54:12,618 [grpc-default-executor-1] INFO  impl.SnapshotInstallationHandler (SnapshotInstallationHandler.java:installSnapshot(95)) - omNode-2@group-523986131536: reply installSnapshot: omNode-1<-omNode-2#0:FAIL-t7,IN_PROGRESS
2022-10-18 03:54:12,619 [grpc-default-executor-1] INFO  server.GrpcServerProtocolService (GrpcServerProtocolService.java:onCompleted(140)) - omNode-2: Completed INSTALL_SNAPSHOT, lastRequest: omNode-1->omNode-2#0-t7,notify:(t:7, i:61)
2022-10-18 03:54:12,619 [grpc-default-executor-2] INFO  leader.FollowerInfo (FollowerInfoImpl.java:lambda$new$0(48)) - omNode-1@group-523986131536->omNode-2: nextIndex: updateUnconditionally 59 -> 59
2022-10-18 03:54:12,619 [grpc-default-executor-1] INFO  server.GrpcLogAppender (GrpcLogAppender.java:onNext(403)) - omNode-1@group-523986131536->omNode-2-InstallSnapshotResponseHandler: received a reply omNode-1<-omNode-2#0:FAIL-t7,IN_PROGRESS
2022-10-18 03:54:12,619 [grpc-default-executor-1] INFO  server.GrpcLogAppender (GrpcLogAppender.java:onNext(421)) - omNode-1@group-523986131536->omNode-2-InstallSnapshotResponseHandler: InstallSnapshot in progress.
2022-10-18 03:54:12,619 [omNode-1@group-523986131536->omNode-2-GrpcLogAppender-LogAppenderDaemon] INFO  server.GrpcLogAppender (GrpcLogAppender.java:installSnapshot(541)) - omNode-1@group-523986131536->omNode-2-GrpcLogAppender: followerNextIndex = 59 but logStartIndex = 61, notify follower to install snapshot-(t:7, i:61)
2022-10-18 03:54:12,619 [omNode-1@group-523986131536->omNode-2-GrpcLogAppender-LogAppenderDaemon] INFO  server.GrpcLogAppender (GrpcLogAppender.java:installSnapshot(549)) - omNode-1@group-523986131536->omNode-2-GrpcLogAppender: send omNode-1->omNode-2#0-t7,notify:(t:7, i:61)
2022-10-18 03:54:12,620 [omNode-2-server-thread1] INFO  server.RaftServer$Division (RaftServerImpl.java:checkInconsistentAppendEntries(1402)) - omNode-2@group-523986131536: Failed appendEntries as snapshot (61) installation is in progress
2022-10-18 03:54:12,620 [omNode-2-server-thread1] INFO  server.RaftServer$Division (RaftServerImpl.java:checkInconsistentAppendEntries(1394)) - omNode-2@group-523986131536: inconsistency entries. Reply:omNode-1<-omNode-2#643:FAIL-t7,INCONSISTENCY,nextIndex=59,followerCommit=58
2022-10-18 03:54:12,620 [grpc-default-executor-2] INFO  impl.SnapshotInstallationHandler (SnapshotInstallationHandler.java:installSnapshot(84)) - omNode-2@group-523986131536: receive installSnapshot: omNode-1->omNode-2#0-t7,notify:(t:7, i:61)
2022-10-18 03:54:12,621 [grpc-default-executor-2] INFO  impl.SnapshotInstallationHandler (SnapshotInstallationHandler.java:installSnapshot(95)) - omNode-2@group-523986131536: reply installSnapshot: omNode-1<-omNode-2#0:FAIL-t7,IN_PROGRESS
2022-10-18 03:54:12,621 [grpc-default-executor-2] INFO  server.GrpcServerProtocolService (GrpcServerProtocolService.java:onCompleted(140)) - omNode-2: Completed INSTALL_SNAPSHOT, lastRequest: omNode-1->omNode-2#0-t7,notify:(t:7, i:61)
2022-10-18 03:54:12,621 [grpc-default-executor-1] INFO  server.GrpcLogAppender (GrpcLogAppender.java:onNext(403)) - omNode-1@group-523986131536->omNode-2-InstallSnapshotResponseHandler: received a reply omNode-1<-omNode-2#0:FAIL-t7,IN_PROGRESS
2022-10-18 03:54:12,621 [grpc-default-executor-1] INFO  server.GrpcLogAppender (GrpcLogAppender.java:onNext(421)) - omNode-1@group-523986131536->omNode-2-InstallSnapshotResponseHandler: InstallSnapshot in progress.
2022-10-18 03:54:12,621 [omNode-1@group-523986131536->omNode-2-GrpcLogAppender-LogAppenderDaemon] INFO  server.GrpcLogAppender (GrpcLogAppender.java:installSnapshot(541)) - omNode-1@group-523986131536->omNode-2-GrpcLogAppender: followerNextIndex = 59 but logStartIndex = 61, notify follower to install snapshot-(t:7, i:61)
2022-10-18 03:54:12,621 [omNode-1@group-523986131536->omNode-2-GrpcLogAppender-LogAppenderDaemon] INFO  server.GrpcLogAppender (GrpcLogAppender.java:installSnapshot(549)) - omNode-1@group-523986131536->omNode-2-GrpcLogAppender: send omNode-1->omNode-2#0-t7,notify:(t:7, i:61)
2022-10-18 03:54:12,622 [grpc-default-executor-1] INFO  leader.FollowerInfo (FollowerInfoImpl.java:lambda$new$0(48)) - omNode-1@group-523986131536->omNode-2: nextIndex: updateUnconditionally 59 -> 59
2022-10-18 03:54:12,624 [omNode-2-server-thread1] INFO  server.RaftServer$Division (RaftServerImpl.java:checkInconsistentAppendEntries(1402)) - omNode-2@group-523986131536: Failed appendEntries as snapshot (61) installation is in progress
2022-10-18 03:54:12,624 [omNode-2-server-thread1] INFO  server.RaftServer$Division (RaftServerImpl.java:checkInconsistentAppendEntries(1394)) - omNode-2@group-523986131536: inconsistency entries. Reply:omNode-1<-omNode-2#644:FAIL-t7,INCONSISTENCY,nextIndex=59,followerCommit=58
2022-10-18 03:54:12,624 [grpc-default-executor-1] INFO  impl.SnapshotInstallationHandler (SnapshotInstallationHandler.java:installSnapshot(84)) - omNode-2@group-523986131536: receive installSnapshot: omNode-1->omNode-2#0-t7,notify:(t:7, i:61)
2022-10-18 03:54:12,624 [grpc-default-executor-1] INFO  impl.SnapshotInstallationHandler (SnapshotInstallationHandler.java:installSnapshot(95)) - omNode-2@group-523986131536: reply installSnapshot: omNode-1<-omNode-2#0:FAIL-t7,IN_PROGRESS
2022-10-18 03:54:12,624 [grpc-default-executor-1] INFO  server.GrpcServerProtocolService (GrpcServerProtocolService.java:onCompleted(140)) - omNode-2: Completed INSTALL_SNAPSHOT, lastRequest: omNode-1->omNode-2#0-t7,notify:(t:7, i:61)
2022-10-18 03:54:12,627 [grpc-default-executor-1] INFO  leader.FollowerInfo (FollowerInfoImpl.java:lambda$new$0(48)) - omNode-1@group-523986131536->omNode-2: nextIndex: updateUnconditionally 59 -> 59
2022-10-18 03:54:12,627 [grpc-default-executor-2] INFO  server.GrpcLogAppender (GrpcLogAppender.java:onNext(403)) - omNode-1@group-523986131536->omNode-2-InstallSnapshotResponseHandler: received a reply omNode-1<-omNode-2#0:FAIL-t7,IN_PROGRESS
2022-10-18 03:54:12,627 [grpc-default-executor-2] INFO  server.GrpcLogAppender (GrpcLogAppender.java:onNext(421)) - omNode-1@group-523986131536->omNode-2-InstallSnapshotResponseHandler: InstallSnapshot in progress.
2022-10-18 03:54:12,627 [omNode-1@group-523986131536->omNode-2-GrpcLogAppender-LogAppenderDaemon] INFO  server.GrpcLogAppender (GrpcLogAppender.java:installSnapshot(541)) - omNode-1@group-523986131536->omNode-2-GrpcLogAppender: followerNextIndex = 59 but logStartIndex = 61, notify follower to install snapshot-(t:7, i:61)
2022-10-18 03:54:12,627 [omNode-1@group-523986131536->omNode-2-GrpcLogAppender-LogAppenderDaemon] INFO  server.GrpcLogAppender (GrpcLogAppender.java:installSnapshot(549)) - omNode-1@group-523986131536->omNode-2-GrpcLogAppender: send omNode-1->omNode-2#0-t7,notify:(t:7, i:61)
2022-10-18 03:54:12,630 [omNode-2-server-thread1] INFO  server.RaftServer$Division (RaftServerImpl.java:checkInconsistentAppendEntries(1402)) - omNode-2@group-523986131536: Failed appendEntries as snapshot (61) installation is in progress
2022-10-18 03:54:12,630 [omNode-2-server-thread1] INFO  server.RaftServer$Division (RaftServerImpl.java:checkInconsistentAppendEntries(1394)) - omNode-2@group-523986131536: inconsistency entries. Reply:omNode-1<-omNode-2#645:FAIL-t7,INCONSISTENCY,nextIndex=59,followerCommit=58
2022-10-18 03:54:12,630 [grpc-default-executor-2] INFO  impl.SnapshotInstallationHandler (SnapshotInstallationHandler.java:installSnapshot(84)) - omNode-2@group-523986131536: receive installSnapshot: omNode-1->omNode-2#0-t7,notify:(t:7, i:61)
2022-10-18 03:54:12,630 [grpc-default-executor-2] INFO  impl.SnapshotInstallationHandler (SnapshotInstallationHandler.java:installSnapshot(95)) - omNode-2@group-523986131536: reply installSnapshot: omNode-1<-omNode-2#0:FAIL-t7,IN_PROGRESS
2022-10-18 03:54:12,630 [grpc-default-executor-2] INFO  server.GrpcServerProtocolService (GrpcServerProtocolService.java:onCompleted(140)) - omNode-2: Completed INSTALL_SNAPSHOT, lastRequest: omNode-1->omNode-2#0-t7,notify:(t:7, i:61)
2022-10-18 03:54:12,630 [grpc-default-executor-1] INFO  leader.FollowerInfo (FollowerInfoImpl.java:lambda$new$0(48)) - omNode-1@group-523986131536->omNode-2: nextIndex: updateUnconditionally 59 -> 59
2022-10-18 03:54:12,631 [grpc-default-executor-2] INFO  server.GrpcLogAppender (GrpcLogAppender.java:onNext(403)) - omNode-1@group-523986131536->omNode-2-InstallSnapshotResponseHandler: received a reply omNode-1<-omNode-2#0:FAIL-t7,IN_PROGRESS
2022-10-18 03:54:12,631 [grpc-default-executor-2] INFO  server.GrpcLogAppender (GrpcLogAppender.java:onNext(421)) - omNode-1@group-523986131536->omNode-2-InstallSnapshotResponseHandler: InstallSnapshot in progress.
2022-10-18 03:54:12,631 [omNode-1@group-523986131536->omNode-2-GrpcLogAppender-LogAppenderDaemon] INFO  server.GrpcLogAppender (GrpcLogAppender.java:installSnapshot(541)) - omNode-1@group-523986131536->omNode-2-GrpcLogAppender: followerNextIndex = 59 but logStartIndex = 61, notify follower to install snapshot-(t:7, i:61)
2022-10-18 03:54:12,631 [omNode-1@group-523986131536->omNode-2-GrpcLogAppender-LogAppenderDaemon] INFO  server.GrpcLogAppender (GrpcLogAppender.java:installSnapshot(549)) - omNode-1@group-523986131536->omNode-2-GrpcLogAppender: send omNode-1->omNode-2#0-t7,notify:(t:7, i:61)
2022-10-18 03:54:12,631 [omNode-2-server-thread1] INFO  server.RaftServer$Division (RaftServerImpl.java:checkInconsistentAppendEntries(1402)) - omNode-2@group-523986131536: Failed appendEntries as snapshot (61) installation is in progress
2022-10-18 03:54:12,631 [omNode-2-server-thread1] INFO  server.RaftServer$Division (RaftServerImpl.java:checkInconsistentAppendEntries(1394)) - omNode-2@group-523986131536: inconsistency entries. Reply:omNode-1<-omNode-2#646:FAIL-t7,INCONSISTENCY,nextIndex=59,followerCommit=58
2022-10-18 03:54:12,632 [grpc-default-executor-1] INFO  impl.SnapshotInstallationHandler (SnapshotInstallationHandler.java:installSnapshot(84)) - omNode-2@group-523986131536: receive installSnapshot: omNode-1->omNode-2#0-t7,notify:(t:7, i:61)
2022-10-18 03:54:12,632 [grpc-default-executor-1] INFO  impl.SnapshotInstallationHandler (SnapshotInstallationHandler.java:installSnapshot(95)) - omNode-2@group-523986131536: reply installSnapshot: omNode-1<-omNode-2#0:FAIL-t7,IN_PROGRESS
2022-10-18 03:54:12,632 [grpc-default-executor-1] INFO  server.GrpcServerProtocolService (GrpcServerProtocolService.java:onCompleted(140)) - omNode-2: Completed INSTALL_SNAPSHOT, lastRequest: omNode-1->omNode-2#0-t7,notify:(t:7, i:61)
2022-10-18 03:54:12,632 [grpc-default-executor-2] INFO  server.GrpcLogAppender (GrpcLogAppender.java:onNext(403)) - omNode-1@group-523986131536->omNode-2-InstallSnapshotResponseHandler: received a reply omNode-1<-omNode-2#0:FAIL-t7,IN_PROGRESS
2022-10-18 03:54:12,632 [grpc-default-executor-2] INFO  server.GrpcLogAppender (GrpcLogAppender.java:onNext(421)) - omNode-1@group-523986131536->omNode-2-InstallSnapshotResponseHandler: InstallSnapshot in progress.
2022-10-18 03:54:12,632 [omNode-1@group-523986131536->omNode-2-GrpcLogAppender-LogAppenderDaemon] INFO  server.GrpcLogAppender (GrpcLogAppender.java:installSnapshot(541)) - omNode-1@group-523986131536->omNode-2-GrpcLogAppender: followerNextIndex = 59 but logStartIndex = 61, notify follower to install snapshot-(t:7, i:61)
2022-10-18 03:54:12,633 [omNode-1@group-523986131536->omNode-2-GrpcLogAppender-LogAppenderDaemon] INFO  server.GrpcLogAppender (GrpcLogAppender.java:installSnapshot(549)) - omNode-1@group-523986131536->omNode-2-GrpcLogAppender: send omNode-1->omNode-2#0-t7,notify:(t:7, i:61)
2022-10-18 03:54:12,633 [grpc-default-executor-1] INFO  leader.FollowerInfo (FollowerInfoImpl.java:lambda$new$0(48)) - omNode-1@group-523986131536->omNode-2: nextIndex: updateUnconditionally 59 -> 59
2022-10-18 03:54:12,633 [omNode-2-server-thread1] INFO  server.RaftServer$Division (RaftServerImpl.java:checkInconsistentAppendEntries(1402)) - omNode-2@group-523986131536: Failed appendEntries as snapshot (61) installation is in progress
2022-10-18 03:54:12,633 [omNode-2-server-thread1] INFO  server.RaftServer$Division (RaftServerImpl.java:checkInconsistentAppendEntries(1394)) - omNode-2@group-523986131536: inconsistency entries. Reply:omNode-1<-omNode-2#647:FAIL-t7,INCONSISTENCY,nextIndex=59,followerCommit=58
2022-10-18 03:54:12,638 [grpc-default-executor-2] INFO  impl.SnapshotInstallationHandler (SnapshotInstallationHandler.java:installSnapshot(84)) - omNode-2@group-523986131536: receive installSnapshot: omNode-1->omNode-2#0-t7,notify:(t:7, i:61)
2022-10-18 03:54:12,638 [grpc-default-executor-2] INFO  impl.SnapshotInstallationHandler (SnapshotInstallationHandler.java:installSnapshot(95)) - omNode-2@group-523986131536: reply installSnapshot: omNode-1<-omNode-2#0:FAIL-t7,IN_PROGRESS
2022-10-18 03:54:12,638 [grpc-default-executor-2] INFO  server.GrpcServerProtocolService (GrpcServerProtocolService.java:onCompleted(140)) - omNode-2: Completed INSTALL_SNAPSHOT, lastRequest: omNode-1->omNode-2#0-t7,notify:(t:7, i:61)
2022-10-18 03:54:12,638 [grpc-default-executor-0] INFO  leader.FollowerInfo (FollowerInfoImpl.java:lambda$new$0(48)) - omNode-1@group-523986131536->omNode-2: nextIndex: updateUnconditionally 59 -> 59
2022-10-18 03:54:12,641 [grpc-default-executor-0] INFO  server.GrpcLogAppender (GrpcLogAppender.java:onNext(403)) - omNode-1@group-523986131536->omNode-2-InstallSnapshotResponseHandler: received a reply omNode-1<-omNode-2#0:FAIL-t7,IN_PROGRESS
2022-10-18 03:54:12,641 [grpc-default-executor-0] INFO  server.GrpcLogAppender (GrpcLogAppender.java:onNext(421)) - omNode-1@group-523986131536->omNode-2-InstallSnapshotResponseHandler: InstallSnapshot in progress.
2022-10-18 03:54:12,641 [omNode-1@group-523986131536->omNode-2-GrpcLogAppender-LogAppenderDaemon] INFO  server.GrpcLogAppender (GrpcLogAppender.java:installSnapshot(541)) - omNode-1@group-523986131536->omNode-2-GrpcLogAppender: followerNextIndex = 59 but logStartIndex = 61, notify follower to install snapshot-(t:7, i:61)
2022-10-18 03:54:12,641 [omNode-1@group-523986131536->omNode-2-GrpcLogAppender-LogAppenderDaemon] INFO  server.GrpcLogAppender (GrpcLogAppender.java:installSnapshot(549)) - omNode-1@group-523986131536->omNode-2-GrpcLogAppender: send omNode-1->omNode-2#0-t7,notify:(t:7, i:61)
2022-10-18 03:54:12,642 [omNode-2-server-thread1] INFO  server.RaftServer$Division (RaftServerImpl.java:checkInconsistentAppendEntries(1402)) - omNode-2@group-523986131536: Failed appendEntries as snapshot (61) installation is in progress
2022-10-18 03:54:12,642 [omNode-2-server-thread1] INFO  server.RaftServer$Division (RaftServerImpl.java:checkInconsistentAppendEntries(1394)) - omNode-2@group-523986131536: inconsistency entries. Reply:omNode-1<-omNode-2#648:FAIL-t7,INCONSISTENCY,nextIndex=59,followerCommit=58
2022-10-18 03:54:12,644 [grpc-default-executor-0] INFO  leader.FollowerInfo (FollowerInfoImpl.java:lambda$new$0(48)) - omNode-1@group-523986131536->omNode-2: nextIndex: updateUnconditionally 59 -> 59
2022-10-18 03:54:12,644 [grpc-default-executor-2] INFO  impl.SnapshotInstallationHandler (SnapshotInstallationHandler.java:installSnapshot(84)) - omNode-2@group-523986131536: receive installSnapshot: omNode-1->omNode-2#0-t7,notify:(t:7, i:61)
2022-10-18 03:54:12,644 [grpc-default-executor-2] INFO  impl.SnapshotInstallationHandler (SnapshotInstallationHandler.java:installSnapshot(95)) - omNode-2@group-523986131536: reply installSnapshot: omNode-1<-omNode-2#0:FAIL-t7,IN_PROGRESS
2022-10-18 03:54:12,644 [grpc-default-executor-2] INFO  server.GrpcServerProtocolService (GrpcServerProtocolService.java:onCompleted(140)) - omNode-2: Completed INSTALL_SNAPSHOT, lastRequest: omNode-1->omNode-2#0-t7,notify:(t:7, i:61)
2022-10-18 03:54:12,645 [grpc-default-executor-2] INFO  server.GrpcLogAppender (GrpcLogAppender.java:onNext(403)) - omNode-1@group-523986131536->omNode-2-InstallSnapshotResponseHandler: received a reply omNode-1<-omNode-2#0:FAIL-t7,IN_PROGRESS
2022-10-18 03:54:12,645 [grpc-default-executor-2] INFO  server.GrpcLogAppender (GrpcLogAppender.java:onNext(421)) - omNode-1@group-523986131536->omNode-2-InstallSnapshotResponseHandler: InstallSnapshot in progress.
2022-10-18 03:54:12,645 [omNode-1@group-523986131536->omNode-2-GrpcLogAppender-LogAppenderDaemon] INFO  server.GrpcLogAppender (GrpcLogAppender.java:installSnapshot(541)) - omNode-1@group-523986131536->omNode-2-GrpcLogAppender: followerNextIndex = 59 but logStartIndex = 61, notify follower to install snapshot-(t:7, i:61)
2022-10-18 03:54:12,645 [omNode-1@group-523986131536->omNode-2-GrpcLogAppender-LogAppenderDaemon] INFO  server.GrpcLogAppender (GrpcLogAppender.java:installSnapshot(549)) - omNode-1@group-523986131536->omNode-2-GrpcLogAppender: send omNode-1->omNode-2#0-t7,notify:(t:7, i:61)
2022-10-18 03:54:12,646 [omNode-2-server-thread1] INFO  server.RaftServer$Division (RaftServerImpl.java:checkInconsistentAppendEntries(1402)) - omNode-2@group-523986131536: Failed appendEntries as snapshot (61) installation is in progress
2022-10-18 03:54:12,646 [omNode-2-server-thread1] INFO  server.RaftServer$Division (RaftServerImpl.java:checkInconsistentAppendEntries(1394)) - omNode-2@group-523986131536: inconsistency entries. Reply:omNode-1<-omNode-2#649:FAIL-t7,INCONSISTENCY,nextIndex=59,followerCommit=58
2022-10-18 03:54:12,646 [grpc-default-executor-1] INFO  impl.SnapshotInstallationHandler (SnapshotInstallationHandler.java:installSnapshot(84)) - omNode-2@group-523986131536: receive installSnapshot: omNode-1->omNode-2#0-t7,notify:(t:7, i:61)
2022-10-18 03:54:12,646 [grpc-default-executor-1] INFO  impl.SnapshotInstallationHandler (SnapshotInstallationHandler.java:installSnapshot(95)) - omNode-2@group-523986131536: reply installSnapshot: omNode-1<-omNode-2#0:FAIL-t7,IN_PROGRESS
2022-10-18 03:54:12,646 [grpc-default-executor-1] INFO  server.GrpcServerProtocolService (GrpcServerProtocolService.java:onCompleted(140)) - omNode-2: Completed INSTALL_SNAPSHOT, lastRequest: omNode-1->omNode-2#0-t7,notify:(t:7, i:61)
2022-10-18 03:54:12,647 [grpc-default-executor-2] INFO  leader.FollowerInfo (FollowerInfoImpl.java:lambda$new$0(48)) - omNode-1@group-523986131536->omNode-2: nextIndex: updateUnconditionally 59 -> 59
2022-10-18 03:54:12,647 [grpc-default-executor-1] INFO  server.GrpcLogAppender (GrpcLogAppender.java:onNext(403)) - omNode-1@group-523986131536->omNode-2-InstallSnapshotResponseHandler: received a reply omNode-1<-omNode-2#0:FAIL-t7,IN_PROGRESS
2022-10-18 03:54:12,647 [grpc-default-executor-1] INFO  server.GrpcLogAppender (GrpcLogAppender.java:onNext(421)) - omNode-1@group-523986131536->omNode-2-InstallSnapshotResponseHandler: InstallSnapshot in progress.
2022-10-18 03:54:12,647 [omNode-1@group-523986131536->omNode-2-GrpcLogAppender-LogAppenderDaemon] INFO  server.GrpcLogAppender (GrpcLogAppender.java:installSnapshot(541)) - omNode-1@group-523986131536->omNode-2-GrpcLogAppender: followerNextIndex = 59 but logStartIndex = 61, notify follower to install snapshot-(t:7, i:61)
2022-10-18 03:54:12,647 [omNode-1@group-523986131536->omNode-2-GrpcLogAppender-LogAppenderDaemon] INFO  server.GrpcLogAppender (GrpcLogAppender.java:installSnapshot(549)) - omNode-1@group-523986131536->omNode-2-GrpcLogAppender: send omNode-1->omNode-2#0-t7,notify:(t:7, i:61)
2022-10-18 03:54:12,647 [omNode-2-server-thread1] INFO  server.RaftServer$Division (RaftServerImpl.java:checkInconsistentAppendEntries(1402)) - omNode-2@group-523986131536: Failed appendEntries as snapshot (61) installation is in progress
2022-10-18 03:54:12,647 [omNode-2-server-thread1] INFO  server.RaftServer$Division (RaftServerImpl.java:checkInconsistentAppendEntries(1394)) - omNode-2@group-523986131536: inconsistency entries. Reply:omNode-1<-omNode-2#650:FAIL-t7,INCONSISTENCY,nextIndex=59,followerCommit=58
2022-10-18 03:54:12,648 [grpc-default-executor-2] INFO  leader.FollowerInfo (FollowerInfoImpl.java:lambda$new$0(48)) - omNode-1@group-523986131536->omNode-2: nextIndex: updateUnconditionally 59 -> 59
2022-10-18 03:54:12,649 [grpc-default-executor-2] INFO  impl.SnapshotInstallationHandler (SnapshotInstallationHandler.java:installSnapshot(84)) - omNode-2@group-523986131536: receive installSnapshot: omNode-1->omNode-2#0-t7,notify:(t:7, i:61)
2022-10-18 03:54:12,649 [grpc-default-executor-2] INFO  impl.SnapshotInstallationHandler (SnapshotInstallationHandler.java:installSnapshot(95)) - omNode-2@group-523986131536: reply installSnapshot: omNode-1<-omNode-2#0:FAIL-t7,IN_PROGRESS
2022-10-18 03:54:12,649 [grpc-default-executor-2] INFO  server.GrpcServerProtocolService (GrpcServerProtocolService.java:onCompleted(140)) - omNode-2: Completed INSTALL_SNAPSHOT, lastRequest: omNode-1->omNode-2#0-t7,notify:(t:7, i:61)
2022-10-18 03:54:12,649 [grpc-default-executor-2] INFO  server.GrpcLogAppender (GrpcLogAppender.java:onNext(403)) - omNode-1@group-523986131536->omNode-2-InstallSnapshotResponseHandler: received a reply omNode-1<-omNode-2#0:FAIL-t7,IN_PROGRESS
2022-10-18 03:54:12,649 [grpc-default-executor-2] INFO  server.GrpcLogAppender (GrpcLogAppender.java:onNext(421)) - omNode-1@group-523986131536->omNode-2-InstallSnapshotResponseHandler: InstallSnapshot in progress.
2022-10-18 03:54:12,649 [omNode-1@group-523986131536->omNode-2-GrpcLogAppender-LogAppenderDaemon] INFO  server.GrpcLogAppender (GrpcLogAppender.java:installSnapshot(541)) - omNode-1@group-523986131536->omNode-2-GrpcLogAppender: followerNextIndex = 59 but logStartIndex = 61, notify follower to install snapshot-(t:7, i:61)
2022-10-18 03:54:12,650 [omNode-1@group-523986131536->omNode-2-GrpcLogAppender-LogAppenderDaemon] INFO  server.GrpcLogAppender (GrpcLogAppender.java:installSnapshot(549)) - omNode-1@group-523986131536->omNode-2-GrpcLogAppender: send omNode-1->omNode-2#0-t7,notify:(t:7, i:61)
2022-10-18 03:54:12,653 [omNode-2-server-thread1] INFO  server.RaftServer$Division (RaftServerImpl.java:checkInconsistentAppendEntries(1402)) - omNode-2@group-523986131536: Failed appendEntries as snapshot (61) installation is in progress
2022-10-18 03:54:12,653 [omNode-2-server-thread1] INFO  server.RaftServer$Division (RaftServerImpl.java:checkInconsistentAppendEntries(1394)) - omNode-2@group-523986131536: inconsistency entries. Reply:omNode-1<-omNode-2#651:FAIL-t7,INCONSISTENCY,nextIndex=59,followerCommit=58
2022-10-18 03:54:12,653 [grpc-default-executor-1] INFO  impl.SnapshotInstallationHandler (SnapshotInstallationHandler.java:installSnapshot(84)) - omNode-2@group-523986131536: receive installSnapshot: omNode-1->omNode-2#0-t7,notify:(t:7, i:61)
2022-10-18 03:54:12,653 [grpc-default-executor-1] INFO  impl.SnapshotInstallationHandler (SnapshotInstallationHandler.java:installSnapshot(95)) - omNode-2@group-523986131536: reply installSnapshot: omNode-1<-omNode-2#0:FAIL-t7,IN_PROGRESS
2022-10-18 03:54:12,653 [grpc-default-executor-1] INFO  server.GrpcServerProtocolService (GrpcServerProtocolService.java:onCompleted(140)) - omNode-2: Completed INSTALL_SNAPSHOT, lastRequest: omNode-1->omNode-2#0-t7,notify:(t:7, i:61)
2022-10-18 03:54:12,656 [grpc-default-executor-2] INFO  server.GrpcLogAppender (GrpcLogAppender.java:onNext(403)) - omNode-1@group-523986131536->omNode-2-InstallSnapshotResponseHandler: received a reply omNode-1<-omNode-2#0:FAIL-t7,IN_PROGRESS
2022-10-18 03:54:12,656 [grpc-default-executor-2] INFO  server.GrpcLogAppender (GrpcLogAppender.java:onNext(421)) - omNode-1@group-523986131536->omNode-2-InstallSnapshotResponseHandler: InstallSnapshot in progress.
2022-10-18 03:54:12,656 [omNode-1@group-523986131536->omNode-2-GrpcLogAppender-LogAppenderDaemon] INFO  server.GrpcLogAppender (GrpcLogAppender.java:installSnapshot(541)) - omNode-1@group-523986131536->omNode-2-GrpcLogAppender: followerNextIndex = 59 but logStartIndex = 61, notify follower to install snapshot-(t:7, i:61)
2022-10-18 03:54:12,656 [omNode-1@group-523986131536->omNode-2-GrpcLogAppender-LogAppenderDaemon] INFO  server.GrpcLogAppender (GrpcLogAppender.java:installSnapshot(549)) - omNode-1@group-523986131536->omNode-2-GrpcLogAppender: send omNode-1->omNode-2#0-t7,notify:(t:7, i:61)
2022-10-18 03:54:12,656 [grpc-default-executor-1] INFO  leader.FollowerInfo (FollowerInfoImpl.java:lambda$new$0(48)) - omNode-1@group-523986131536->omNode-2: nextIndex: updateUnconditionally 59 -> 59
2022-10-18 03:54:12,657 [omNode-2-server-thread1] INFO  server.RaftServer$Division (RaftServerImpl.java:checkInconsistentAppendEntries(1402)) - omNode-2@group-523986131536: Failed appendEntries as snapshot (61) installation is in progress
2022-10-18 03:54:12,657 [omNode-2-server-thread1] INFO  server.RaftServer$Division (RaftServerImpl.java:checkInconsistentAppendEntries(1394)) - omNode-2@group-523986131536: inconsistency entries. Reply:omNode-1<-omNode-2#652:FAIL-t7,INCONSISTENCY,nextIndex=59,followerCommit=58
2022-10-18 03:54:12,657 [grpc-default-executor-0] INFO  impl.SnapshotInstallationHandler (SnapshotInstallationHandler.java:installSnapshot(84)) - omNode-2@group-523986131536: receive installSnapshot: omNode-1->omNode-2#0-t7,notify:(t:7, i:61)
2022-10-18 03:54:12,657 [grpc-default-executor-0] INFO  impl.SnapshotInstallationHandler (SnapshotInstallationHandler.java:installSnapshot(95)) - omNode-2@group-523986131536: reply installSnapshot: omNode-1<-omNode-2#0:FAIL-t7,IN_PROGRESS
2022-10-18 03:54:12,657 [grpc-default-executor-0] INFO  server.GrpcServerProtocolService (GrpcServerProtocolService.java:onCompleted(140)) - omNode-2: Completed INSTALL_SNAPSHOT, lastRequest: omNode-1->omNode-2#0-t7,notify:(t:7, i:61)
2022-10-18 03:54:12,657 [grpc-default-executor-2] INFO  leader.FollowerInfo (FollowerInfoImpl.java:lambda$new$0(48)) - omNode-1@group-523986131536->omNode-2: nextIndex: updateUnconditionally 59 -> 59
2022-10-18 03:54:12,658 [grpc-default-executor-0] INFO  server.GrpcLogAppender (GrpcLogAppender.java:onNext(403)) - omNode-1@group-523986131536->omNode-2-InstallSnapshotResponseHandler: received a reply omNode-1<-omNode-2#0:FAIL-t7,IN_PROGRESS
2022-10-18 03:54:12,658 [grpc-default-executor-0] INFO  server.GrpcLogAppender (GrpcLogAppender.java:onNext(421)) - omNode-1@group-523986131536->omNode-2-InstallSnapshotResponseHandler: InstallSnapshot in progress.
2022-10-18 03:54:12,658 [omNode-1@group-523986131536->omNode-2-GrpcLogAppender-LogAppenderDaemon] INFO  server.GrpcLogAppender (GrpcLogAppender.java:installSnapshot(541)) - omNode-1@group-523986131536->omNode-2-GrpcLogAppender: followerNextIndex = 59 but logStartIndex = 61, notify follower to install snapshot-(t:7, i:61)
2022-10-18 03:54:12,658 [omNode-1@group-523986131536->omNode-2-GrpcLogAppender-LogAppenderDaemon] INFO  server.GrpcLogAppender (GrpcLogAppender.java:installSnapshot(549)) - omNode-1@group-523986131536->omNode-2-GrpcLogAppender: send omNode-1->omNode-2#0-t7,notify:(t:7, i:61)
2022-10-18 03:54:12,658 [omNode-2-server-thread1] INFO  server.RaftServer$Division (RaftServerImpl.java:checkInconsistentAppendEntries(1402)) - omNode-2@group-523986131536: Failed appendEntries as snapshot (61) installation is in progress
2022-10-18 03:54:12,658 [omNode-2-server-thread1] INFO  server.RaftServer$Division (RaftServerImpl.java:checkInconsistentAppendEntries(1394)) - omNode-2@group-523986131536: inconsistency entries. Reply:omNode-1<-omNode-2#653:FAIL-t7,INCONSISTENCY,nextIndex=59,followerCommit=58
2022-10-18 03:54:12,659 [grpc-default-executor-1] INFO  impl.SnapshotInstallationHandler (SnapshotInstallationHandler.java:installSnapshot(84)) - omNode-2@group-523986131536: receive installSnapshot: omNode-1->omNode-2#0-t7,notify:(t:7, i:61)
2022-10-18 03:54:12,659 [grpc-default-executor-1] INFO  impl.SnapshotInstallationHandler (SnapshotInstallationHandler.java:installSnapshot(95)) - omNode-2@group-523986131536: reply installSnapshot: omNode-1<-omNode-2#0:FAIL-t7,IN_PROGRESS
2022-10-18 03:54:12,659 [grpc-default-executor-1] INFO  server.GrpcServerProtocolService (GrpcServerProtocolService.java:onCompleted(140)) - omNode-2: Completed INSTALL_SNAPSHOT, lastRequest: omNode-1->omNode-2#0-t7,notify:(t:7, i:61)
2022-10-18 03:54:12,659 [grpc-default-executor-0] INFO  leader.FollowerInfo (FollowerInfoImpl.java:lambda$new$0(48)) - omNode-1@group-523986131536->omNode-2: nextIndex: updateUnconditionally 59 -> 59
2022-10-18 03:54:12,659 [grpc-default-executor-0] INFO  server.GrpcLogAppender (GrpcLogAppender.java:onNext(403)) - omNode-1@group-523986131536->omNode-2-InstallSnapshotResponseHandler: received a reply omNode-1<-omNode-2#0:FAIL-t7,IN_PROGRESS
2022-10-18 03:54:12,659 [grpc-default-executor-0] INFO  server.GrpcLogAppender (GrpcLogAppender.java:onNext(421)) - omNode-1@group-523986131536->omNode-2-InstallSnapshotResponseHandler: InstallSnapshot in progress.
2022-10-18 03:54:12,660 [omNode-1@group-523986131536->omNode-2-GrpcLogAppender-LogAppenderDaemon] INFO  server.GrpcLogAppender (GrpcLogAppender.java:installSnapshot(541)) - omNode-1@group-523986131536->omNode-2-GrpcLogAppender: followerNextIndex = 59 but logStartIndex = 61, notify follower to install snapshot-(t:7, i:61)
2022-10-18 03:54:12,660 [omNode-1@group-523986131536->omNode-2-GrpcLogAppender-LogAppenderDaemon] INFO  server.GrpcLogAppender (GrpcLogAppender.java:installSnapshot(549)) - omNode-1@group-523986131536->omNode-2-GrpcLogAppender: send omNode-1->omNode-2#0-t7,notify:(t:7, i:61)
2022-10-18 03:54:12,661 [omNode-2-server-thread1] INFO  server.RaftServer$Division (RaftServerImpl.java:checkInconsistentAppendEntries(1402)) - omNode-2@group-523986131536: Failed appendEntries as snapshot (61) installation is in progress
2022-10-18 03:54:12,661 [omNode-2-server-thread1] INFO  server.RaftServer$Division (RaftServerImpl.java:checkInconsistentAppendEntries(1394)) - omNode-2@group-523986131536: inconsistency entries. Reply:omNode-1<-omNode-2#654:FAIL-t7,INCONSISTENCY,nextIndex=59,followerCommit=58
2022-10-18 03:54:12,661 [grpc-default-executor-0] INFO  impl.SnapshotInstallationHandler (SnapshotInstallationHandler.java:installSnapshot(84)) - omNode-2@group-523986131536: receive installSnapshot: omNode-1->omNode-2#0-t7,notify:(t:7, i:61)
2022-10-18 03:54:12,662 [grpc-default-executor-0] INFO  impl.SnapshotInstallationHandler (SnapshotInstallationHandler.java:installSnapshot(95)) - omNode-2@group-523986131536: reply installSnapshot: omNode-1<-omNode-2#0:FAIL-t7,IN_PROGRESS
2022-10-18 03:54:12,662 [grpc-default-executor-0] INFO  server.GrpcServerProtocolService (GrpcServerProtocolService.java:onCompleted(140)) - omNode-2: Completed INSTALL_SNAPSHOT, lastRequest: omNode-1->omNode-2#0-t7,notify:(t:7, i:61)
2022-10-18 03:54:12,666 [grpc-default-executor-0] INFO  leader.FollowerInfo (FollowerInfoImpl.java:lambda$new$0(48)) - omNode-1@group-523986131536->omNode-2: nextIndex: updateUnconditionally 59 -> 59
2022-10-18 03:54:12,666 [grpc-default-executor-1] INFO  server.GrpcLogAppender (GrpcLogAppender.java:onNext(403)) - omNode-1@group-523986131536->omNode-2-InstallSnapshotResponseHandler: received a reply omNode-1<-omNode-2#0:FAIL-t7,IN_PROGRESS
2022-10-18 03:54:12,666 [grpc-default-executor-1] INFO  server.GrpcLogAppender (GrpcLogAppender.java:onNext(421)) - omNode-1@group-523986131536->omNode-2-InstallSnapshotResponseHandler: InstallSnapshot in progress.
2022-10-18 03:54:12,666 [omNode-1@group-523986131536->omNode-2-GrpcLogAppender-LogAppenderDaemon] INFO  server.GrpcLogAppender (GrpcLogAppender.java:installSnapshot(541)) - omNode-1@group-523986131536->omNode-2-GrpcLogAppender: followerNextIndex = 59 but logStartIndex = 61, notify follower to install snapshot-(t:7, i:61)
2022-10-18 03:54:12,666 [omNode-1@group-523986131536->omNode-2-GrpcLogAppender-LogAppenderDaemon] INFO  server.GrpcLogAppender (GrpcLogAppender.java:installSnapshot(549)) - omNode-1@group-523986131536->omNode-2-GrpcLogAppender: send omNode-1->omNode-2#0-t7,notify:(t:7, i:61)
2022-10-18 03:54:12,670 [omNode-2-server-thread1] INFO  server.RaftServer$Division (RaftServerImpl.java:checkInconsistentAppendEntries(1402)) - omNode-2@group-523986131536: Failed appendEntries as snapshot (61) installation is in progress
2022-10-18 03:54:12,670 [omNode-2-server-thread1] INFO  server.RaftServer$Division (RaftServerImpl.java:checkInconsistentAppendEntries(1394)) - omNode-2@group-523986131536: inconsistency entries. Reply:omNode-1<-omNode-2#655:FAIL-t7,INCONSISTENCY,nextIndex=59,followerCommit=58
2022-10-18 03:54:12,670 [grpc-default-executor-1] INFO  impl.SnapshotInstallationHandler (SnapshotInstallationHandler.java:installSnapshot(84)) - omNode-2@group-523986131536: receive installSnapshot: omNode-1->omNode-2#0-t7,notify:(t:7, i:61)
2022-10-18 03:54:12,671 [grpc-default-executor-1] INFO  impl.SnapshotInstallationHandler (SnapshotInstallationHandler.java:installSnapshot(95)) - omNode-2@group-523986131536: reply installSnapshot: omNode-1<-omNode-2#0:FAIL-t7,IN_PROGRESS
2022-10-18 03:54:12,671 [grpc-default-executor-1] INFO  server.GrpcServerProtocolService (GrpcServerProtocolService.java:onCompleted(140)) - omNode-2: Completed INSTALL_SNAPSHOT, lastRequest: omNode-1->omNode-2#0-t7,notify:(t:7, i:61)
2022-10-18 03:54:12,671 [grpc-default-executor-0] INFO  server.GrpcLogAppender (GrpcLogAppender.java:onNext(403)) - omNode-1@group-523986131536->omNode-2-InstallSnapshotResponseHandler: received a reply omNode-1<-omNode-2#0:FAIL-t7,IN_PROGRESS
2022-10-18 03:54:12,671 [grpc-default-executor-0] INFO  server.GrpcLogAppender (GrpcLogAppender.java:onNext(421)) - omNode-1@group-523986131536->omNode-2-InstallSnapshotResponseHandler: InstallSnapshot in progress.
2022-10-18 03:54:12,671 [omNode-1@group-523986131536->omNode-2-GrpcLogAppender-LogAppenderDaemon] INFO  server.GrpcLogAppender (GrpcLogAppender.java:installSnapshot(541)) - omNode-1@group-523986131536->omNode-2-GrpcLogAppender: followerNextIndex = 59 but logStartIndex = 61, notify follower to install snapshot-(t:7, i:61)
2022-10-18 03:54:12,671 [omNode-1@group-523986131536->omNode-2-GrpcLogAppender-LogAppenderDaemon] INFO  server.GrpcLogAppender (GrpcLogAppender.java:installSnapshot(549)) - omNode-1@group-523986131536->omNode-2-GrpcLogAppender: send omNode-1->omNode-2#0-t7,notify:(t:7, i:61)
2022-10-18 03:54:12,672 [omNode-2-server-thread1] INFO  server.RaftServer$Division (RaftServerImpl.java:checkInconsistentAppendEntries(1402)) - omNode-2@group-523986131536: Failed appendEntries as snapshot (61) installation is in progress
2022-10-18 03:54:12,672 [omNode-2-server-thread1] INFO  server.RaftServer$Division (RaftServerImpl.java:checkInconsistentAppendEntries(1394)) - omNode-2@group-523986131536: inconsistency entries. Reply:omNode-1<-omNode-2#656:FAIL-t7,INCONSISTENCY,nextIndex=59,followerCommit=58
2022-10-18 03:54:12,672 [grpc-default-executor-1] INFO  leader.FollowerInfo (FollowerInfoImpl.java:lambda$new$0(48)) - omNode-1@group-523986131536->omNode-2: nextIndex: updateUnconditionally 59 -> 59
2022-10-18 03:54:12,672 [grpc-default-executor-2] INFO  impl.SnapshotInstallationHandler (SnapshotInstallationHandler.java:installSnapshot(84)) - omNode-2@group-523986131536: receive installSnapshot: omNode-1->omNode-2#0-t7,notify:(t:7, i:61)
2022-10-18 03:54:12,672 [grpc-default-executor-2] INFO  impl.SnapshotInstallationHandler (SnapshotInstallationHandler.java:installSnapshot(95)) - omNode-2@group-523986131536: reply installSnapshot: omNode-1<-omNode-2#0:FAIL-t7,IN_PROGRESS
2022-10-18 03:54:12,673 [grpc-default-executor-2] INFO  server.GrpcServerProtocolService (GrpcServerProtocolService.java:onCompleted(140)) - omNode-2: Completed INSTALL_SNAPSHOT, lastRequest: omNode-1->omNode-2#0-t7,notify:(t:7, i:61)
2022-10-18 03:54:12,673 [grpc-default-executor-1] INFO  leader.FollowerInfo (FollowerInfoImpl.java:lambda$new$0(48)) - omNode-1@group-523986131536->omNode-2: nextIndex: updateUnconditionally 59 -> 59
2022-10-18 03:54:12,673 [grpc-default-executor-2] INFO  server.GrpcLogAppender (GrpcLogAppender.java:onNext(403)) - omNode-1@group-523986131536->omNode-2-InstallSnapshotResponseHandler: received a reply omNode-1<-omNode-2#0:FAIL-t7,IN_PROGRESS
2022-10-18 03:54:12,673 [grpc-default-executor-2] INFO  server.GrpcLogAppender (GrpcLogAppender.java:onNext(421)) - omNode-1@group-523986131536->omNode-2-InstallSnapshotResponseHandler: InstallSnapshot in progress.
2022-10-18 03:54:12,673 [omNode-1@group-523986131536->omNode-2-GrpcLogAppender-LogAppenderDaemon] INFO  server.GrpcLogAppender (GrpcLogAppender.java:installSnapshot(541)) - omNode-1@group-523986131536->omNode-2-GrpcLogAppender: followerNextIndex = 59 but logStartIndex = 61, notify follower to install snapshot-(t:7, i:61)
2022-10-18 03:54:12,673 [omNode-1@group-523986131536->omNode-2-GrpcLogAppender-LogAppenderDaemon] INFO  server.GrpcLogAppender (GrpcLogAppender.java:installSnapshot(549)) - omNode-1@group-523986131536->omNode-2-GrpcLogAppender: send omNode-1->omNode-2#0-t7,notify:(t:7, i:61)
2022-10-18 03:54:12,674 [omNode-2-server-thread1] INFO  server.RaftServer$Division (RaftServerImpl.java:checkInconsistentAppendEntries(1402)) - omNode-2@group-523986131536: Failed appendEntries as snapshot (61) installation is in progress
2022-10-18 03:54:12,674 [omNode-2-server-thread1] INFO  server.RaftServer$Division (RaftServerImpl.java:checkInconsistentAppendEntries(1394)) - omNode-2@group-523986131536: inconsistency entries. Reply:omNode-1<-omNode-2#657:FAIL-t7,INCONSISTENCY,nextIndex=59,followerCommit=58
2022-10-18 03:54:12,674 [grpc-default-executor-2] INFO  impl.SnapshotInstallationHandler (SnapshotInstallationHandler.java:installSnapshot(84)) - omNode-2@group-523986131536: receive installSnapshot: omNode-1->omNode-2#0-t7,notify:(t:7, i:61)
2022-10-18 03:54:12,674 [grpc-default-executor-2] INFO  impl.SnapshotInstallationHandler (SnapshotInstallationHandler.java:installSnapshot(95)) - omNode-2@group-523986131536: reply installSnapshot: omNode-1<-omNode-2#0:FAIL-t7,IN_PROGRESS
2022-10-18 03:54:12,674 [grpc-default-executor-2] INFO  server.GrpcServerProtocolService (GrpcServerProtocolService.java:onCompleted(140)) - omNode-2: Completed INSTALL_SNAPSHOT, lastRequest: omNode-1->omNode-2#0-t7,notify:(t:7, i:61)
2022-10-18 03:54:12,675 [grpc-default-executor-1] INFO  leader.FollowerInfo (FollowerInfoImpl.java:lambda$new$0(48)) - omNode-1@group-523986131536->omNode-2: nextIndex: updateUnconditionally 59 -> 59
2022-10-18 03:54:12,675 [grpc-default-executor-2] INFO  server.GrpcLogAppender (GrpcLogAppender.java:onNext(403)) - omNode-1@group-523986131536->omNode-2-InstallSnapshotResponseHandler: received a reply omNode-1<-omNode-2#0:FAIL-t7,IN_PROGRESS
2022-10-18 03:54:12,675 [grpc-default-executor-2] INFO  server.GrpcLogAppender (GrpcLogAppender.java:onNext(421)) - omNode-1@group-523986131536->omNode-2-InstallSnapshotResponseHandler: InstallSnapshot in progress.
2022-10-18 03:54:12,675 [omNode-1@group-523986131536->omNode-2-GrpcLogAppender-LogAppenderDaemon] INFO  server.GrpcLogAppender (GrpcLogAppender.java:installSnapshot(541)) - omNode-1@group-523986131536->omNode-2-GrpcLogAppender: followerNextIndex = 59 but logStartIndex = 61, notify follower to install snapshot-(t:7, i:61)
2022-10-18 03:54:12,675 [omNode-1@group-523986131536->omNode-2-GrpcLogAppender-LogAppenderDaemon] INFO  server.GrpcLogAppender (GrpcLogAppender.java:installSnapshot(549)) - omNode-1@group-523986131536->omNode-2-GrpcLogAppender: send omNode-1->omNode-2#0-t7,notify:(t:7, i:61)
2022-10-18 03:54:12,676 [omNode-2-server-thread1] INFO  server.RaftServer$Division (RaftServerImpl.java:checkInconsistentAppendEntries(1402)) - omNode-2@group-523986131536: Failed appendEntries as snapshot (61) installation is in progress
2022-10-18 03:54:12,676 [omNode-2-server-thread1] INFO  server.RaftServer$Division (RaftServerImpl.java:checkInconsistentAppendEntries(1394)) - omNode-2@group-523986131536: inconsistency entries. Reply:omNode-1<-omNode-2#658:FAIL-t7,INCONSISTENCY,nextIndex=59,followerCommit=58
2022-10-18 03:54:12,676 [grpc-default-executor-0] INFO  impl.SnapshotInstallationHandler (SnapshotInstallationHandler.java:installSnapshot(84)) - omNode-2@group-523986131536: receive installSnapshot: omNode-1->omNode-2#0-t7,notify:(t:7, i:61)
2022-10-18 03:54:12,676 [grpc-default-executor-0] INFO  impl.SnapshotInstallationHandler (SnapshotInstallationHandler.java:installSnapshot(95)) - omNode-2@group-523986131536: reply installSnapshot: omNode-1<-omNode-2#0:FAIL-t7,IN_PROGRESS
2022-10-18 03:54:12,676 [grpc-default-executor-0] INFO  server.GrpcServerProtocolService (GrpcServerProtocolService.java:onCompleted(140)) - omNode-2: Completed INSTALL_SNAPSHOT, lastRequest: omNode-1->omNode-2#0-t7,notify:(t:7, i:61)
2022-10-18 03:54:12,676 [grpc-default-executor-2] INFO  leader.FollowerInfo (FollowerInfoImpl.java:lambda$new$0(48)) - omNode-1@group-523986131536->omNode-2: nextIndex: updateUnconditionally 59 -> 59
2022-10-18 03:54:12,680 [grpc-default-executor-2] INFO  server.GrpcLogAppender (GrpcLogAppender.java:onNext(403)) - omNode-1@group-523986131536->omNode-2-InstallSnapshotResponseHandler: received a reply omNode-1<-omNode-2#0:FAIL-t7,IN_PROGRESS
2022-10-18 03:54:12,680 [grpc-default-executor-2] INFO  server.GrpcLogAppender (GrpcLogAppender.java:onNext(421)) - omNode-1@group-523986131536->omNode-2-InstallSnapshotResponseHandler: InstallSnapshot in progress.
2022-10-18 03:54:12,680 [omNode-1@group-523986131536->omNode-2-GrpcLogAppender-LogAppenderDaemon] INFO  server.GrpcLogAppender (GrpcLogAppender.java:installSnapshot(541)) - omNode-1@group-523986131536->omNode-2-GrpcLogAppender: followerNextIndex = 59 but logStartIndex = 61, notify follower to install snapshot-(t:7, i:61)
2022-10-18 03:54:12,680 [omNode-1@group-523986131536->omNode-2-GrpcLogAppender-LogAppenderDaemon] INFO  server.GrpcLogAppender (GrpcLogAppender.java:installSnapshot(549)) - omNode-1@group-523986131536->omNode-2-GrpcLogAppender: send omNode-1->omNode-2#0-t7,notify:(t:7, i:61)
2022-10-18 03:54:12,686 [omNode-2-server-thread1] INFO  server.RaftServer$Division (RaftServerImpl.java:checkInconsistentAppendEntries(1402)) - omNode-2@group-523986131536: Failed appendEntries as snapshot (61) installation is in progress
2022-10-18 03:54:12,686 [omNode-2-server-thread1] INFO  server.RaftServer$Division (RaftServerImpl.java:checkInconsistentAppendEntries(1394)) - omNode-2@group-523986131536: inconsistency entries. Reply:omNode-1<-omNode-2#659:FAIL-t7,INCONSISTENCY,nextIndex=59,followerCommit=58
2022-10-18 03:54:12,686 [grpc-default-executor-2] INFO  impl.SnapshotInstallationHandler (SnapshotInstallationHandler.java:installSnapshot(84)) - omNode-2@group-523986131536: receive installSnapshot: omNode-1->omNode-2#0-t7,notify:(t:7, i:61)
2022-10-18 03:54:12,687 [grpc-default-executor-2] INFO  impl.SnapshotInstallationHandler (SnapshotInstallationHandler.java:installSnapshot(95)) - omNode-2@group-523986131536: reply installSnapshot: omNode-1<-omNode-2#0:FAIL-t7,IN_PROGRESS
2022-10-18 03:54:12,687 [grpc-default-executor-2] INFO  server.GrpcServerProtocolService (GrpcServerProtocolService.java:onCompleted(140)) - omNode-2: Completed INSTALL_SNAPSHOT, lastRequest: omNode-1->omNode-2#0-t7,notify:(t:7, i:61)
2022-10-18 03:54:12,687 [grpc-default-executor-0] INFO  leader.FollowerInfo (FollowerInfoImpl.java:lambda$new$0(48)) - omNode-1@group-523986131536->omNode-2: nextIndex: updateUnconditionally 59 -> 59
2022-10-18 03:54:12,687 [grpc-default-executor-2] INFO  server.GrpcLogAppender (GrpcLogAppender.java:onNext(403)) - omNode-1@group-523986131536->omNode-2-InstallSnapshotResponseHandler: received a reply omNode-1<-omNode-2#0:FAIL-t7,IN_PROGRESS
2022-10-18 03:54:12,687 [grpc-default-executor-2] INFO  server.GrpcLogAppender (GrpcLogAppender.java:onNext(421)) - omNode-1@group-523986131536->omNode-2-InstallSnapshotResponseHandler: InstallSnapshot in progress.
2022-10-18 03:54:12,687 [omNode-1@group-523986131536->omNode-2-GrpcLogAppender-LogAppenderDaemon] INFO  server.GrpcLogAppender (GrpcLogAppender.java:installSnapshot(541)) - omNode-1@group-523986131536->omNode-2-GrpcLogAppender: followerNextIndex = 59 but logStartIndex = 61, notify follower to install snapshot-(t:7, i:61)
2022-10-18 03:54:12,688 [omNode-1@group-523986131536->omNode-2-GrpcLogAppender-LogAppenderDaemon] INFO  server.GrpcLogAppender (GrpcLogAppender.java:installSnapshot(549)) - omNode-1@group-523986131536->omNode-2-GrpcLogAppender: send omNode-1->omNode-2#0-t7,notify:(t:7, i:61)
2022-10-18 03:54:12,688 [omNode-2-server-thread1] INFO  server.RaftServer$Division (RaftServerImpl.java:checkInconsistentAppendEntries(1402)) - omNode-2@group-523986131536: Failed appendEntries as snapshot (61) installation is in progress
2022-10-18 03:54:12,688 [omNode-2-server-thread1] INFO  server.RaftServer$Division (RaftServerImpl.java:checkInconsistentAppendEntries(1394)) - omNode-2@group-523986131536: inconsistency entries. Reply:omNode-1<-omNode-2#660:FAIL-t7,INCONSISTENCY,nextIndex=59,followerCommit=58
2022-10-18 03:54:12,688 [grpc-default-executor-1] INFO  impl.SnapshotInstallationHandler (SnapshotInstallationHandler.java:installSnapshot(84)) - omNode-2@group-523986131536: receive installSnapshot: omNode-1->omNode-2#0-t7,notify:(t:7, i:61)
2022-10-18 03:54:12,688 [grpc-default-executor-1] INFO  impl.SnapshotInstallationHandler (SnapshotInstallationHandler.java:installSnapshot(95)) - omNode-2@group-523986131536: reply installSnapshot: omNode-1<-omNode-2#0:FAIL-t7,IN_PROGRESS
2022-10-18 03:54:12,689 [grpc-default-executor-1] INFO  server.GrpcServerProtocolService (GrpcServerProtocolService.java:onCompleted(140)) - omNode-2: Completed INSTALL_SNAPSHOT, lastRequest: omNode-1->omNode-2#0-t7,notify:(t:7, i:61)
2022-10-18 03:54:12,689 [grpc-default-executor-1] INFO  server.GrpcLogAppender (GrpcLogAppender.java:onNext(403)) - omNode-1@group-523986131536->omNode-2-InstallSnapshotResponseHandler: received a reply omNode-1<-omNode-2#0:FAIL-t7,IN_PROGRESS
2022-10-18 03:54:12,689 [grpc-default-executor-1] INFO  server.GrpcLogAppender (GrpcLogAppender.java:onNext(421)) - omNode-1@group-523986131536->omNode-2-InstallSnapshotResponseHandler: InstallSnapshot in progress.
2022-10-18 03:54:12,689 [omNode-1@group-523986131536->omNode-2-GrpcLogAppender-LogAppenderDaemon] INFO  server.GrpcLogAppender (GrpcLogAppender.java:installSnapshot(541)) - omNode-1@group-523986131536->omNode-2-GrpcLogAppender: followerNextIndex = 59 but logStartIndex = 61, notify follower to install snapshot-(t:7, i:61)
2022-10-18 03:54:12,689 [omNode-1@group-523986131536->omNode-2-GrpcLogAppender-LogAppenderDaemon] INFO  server.GrpcLogAppender (GrpcLogAppender.java:installSnapshot(549)) - omNode-1@group-523986131536->omNode-2-GrpcLogAppender: send omNode-1->omNode-2#0-t7,notify:(t:7, i:61)
2022-10-18 03:54:12,690 [omNode-2-server-thread1] INFO  server.RaftServer$Division (RaftServerImpl.java:checkInconsistentAppendEntries(1402)) - omNode-2@group-523986131536: Failed appendEntries as snapshot (61) installation is in progress
2022-10-18 03:54:12,690 [omNode-2-server-thread1] INFO  server.RaftServer$Division (RaftServerImpl.java:checkInconsistentAppendEntries(1394)) - omNode-2@group-523986131536: inconsistency entries. Reply:omNode-1<-omNode-2#661:FAIL-t7,INCONSISTENCY,nextIndex=59,followerCommit=58
2022-10-18 03:54:12,690 [grpc-default-executor-0] INFO  impl.SnapshotInstallationHandler (SnapshotInstallationHandler.java:installSnapshot(84)) - omNode-2@group-523986131536: receive installSnapshot: omNode-1->omNode-2#0-t7,notify:(t:7, i:61)
2022-10-18 03:54:12,690 [grpc-default-executor-0] INFO  impl.SnapshotInstallationHandler (SnapshotInstallationHandler.java:installSnapshot(95)) - omNode-2@group-523986131536: reply installSnapshot: omNode-1<-omNode-2#0:FAIL-t7,IN_PROGRESS
2022-10-18 03:54:12,690 [grpc-default-executor-0] INFO  server.GrpcServerProtocolService (GrpcServerProtocolService.java:onCompleted(140)) - omNode-2: Completed INSTALL_SNAPSHOT, lastRequest: omNode-1->omNode-2#0-t7,notify:(t:7, i:61)
2022-10-18 03:54:12,690 [grpc-default-executor-2] INFO  leader.FollowerInfo (FollowerInfoImpl.java:lambda$new$0(48)) - omNode-1@group-523986131536->omNode-2: nextIndex: updateUnconditionally 59 -> 59
2022-10-18 03:54:12,691 [grpc-default-executor-0] INFO  server.GrpcLogAppender (GrpcLogAppender.java:onNext(403)) - omNode-1@group-523986131536->omNode-2-InstallSnapshotResponseHandler: received a reply omNode-1<-omNode-2#0:FAIL-t7,IN_PROGRESS
2022-10-18 03:54:12,691 [grpc-default-executor-0] INFO  server.GrpcLogAppender (GrpcLogAppender.java:onNext(421)) - omNode-1@group-523986131536->omNode-2-InstallSnapshotResponseHandler: InstallSnapshot in progress.
2022-10-18 03:54:12,691 [grpc-default-executor-1] INFO  leader.FollowerInfo (FollowerInfoImpl.java:lambda$new$0(48)) - omNode-1@group-523986131536->omNode-2: nextIndex: updateUnconditionally 59 -> 59
2022-10-18 03:54:12,691 [omNode-1@group-523986131536->omNode-2-GrpcLogAppender-LogAppenderDaemon] INFO  server.GrpcLogAppender (GrpcLogAppender.java:installSnapshot(541)) - omNode-1@group-523986131536->omNode-2-GrpcLogAppender: followerNextIndex = 59 but logStartIndex = 61, notify follower to install snapshot-(t:7, i:61)
2022-10-18 03:54:12,691 [omNode-1@group-523986131536->omNode-2-GrpcLogAppender-LogAppenderDaemon] INFO  server.GrpcLogAppender (GrpcLogAppender.java:installSnapshot(549)) - omNode-1@group-523986131536->omNode-2-GrpcLogAppender: send omNode-1->omNode-2#0-t7,notify:(t:7, i:61)
2022-10-18 03:54:12,691 [omNode-2-server-thread1] INFO  server.RaftServer$Division (RaftServerImpl.java:checkInconsistentAppendEntries(1402)) - omNode-2@group-523986131536: Failed appendEntries as snapshot (61) installation is in progress
2022-10-18 03:54:12,691 [omNode-2-server-thread1] INFO  server.RaftServer$Division (RaftServerImpl.java:checkInconsistentAppendEntries(1394)) - omNode-2@group-523986131536: inconsistency entries. Reply:omNode-1<-omNode-2#662:FAIL-t7,INCONSISTENCY,nextIndex=59,followerCommit=58
2022-10-18 03:54:12,692 [grpc-default-executor-1] INFO  impl.SnapshotInstallationHandler (SnapshotInstallationHandler.java:installSnapshot(84)) - omNode-2@group-523986131536: receive installSnapshot: omNode-1->omNode-2#0-t7,notify:(t:7, i:61)
2022-10-18 03:54:12,692 [grpc-default-executor-1] INFO  impl.SnapshotInstallationHandler (SnapshotInstallationHandler.java:installSnapshot(95)) - omNode-2@group-523986131536: reply installSnapshot: omNode-1<-omNode-2#0:FAIL-t7,IN_PROGRESS
2022-10-18 03:54:12,692 [grpc-default-executor-1] INFO  server.GrpcServerProtocolService (GrpcServerProtocolService.java:onCompleted(140)) - omNode-2: Completed INSTALL_SNAPSHOT, lastRequest: omNode-1->omNode-2#0-t7,notify:(t:7, i:61)
2022-10-18 03:54:12,692 [grpc-default-executor-0] INFO  leader.FollowerInfo (FollowerInfoImpl.java:lambda$new$0(48)) - omNode-1@group-523986131536->omNode-2: nextIndex: updateUnconditionally 59 -> 59
2022-10-18 03:54:12,698 [grpc-default-executor-0] INFO  server.GrpcLogAppender (GrpcLogAppender.java:onNext(403)) - omNode-1@group-523986131536->omNode-2-InstallSnapshotResponseHandler: received a reply omNode-1<-omNode-2#0:FAIL-t7,IN_PROGRESS
2022-10-18 03:54:12,698 [grpc-default-executor-0] INFO  server.GrpcLogAppender (GrpcLogAppender.java:onNext(421)) - omNode-1@group-523986131536->omNode-2-InstallSnapshotResponseHandler: InstallSnapshot in progress.
2022-10-18 03:54:12,698 [omNode-1@group-523986131536->omNode-2-GrpcLogAppender-LogAppenderDaemon] INFO  server.GrpcLogAppender (GrpcLogAppender.java:installSnapshot(541)) - omNode-1@group-523986131536->omNode-2-GrpcLogAppender: followerNextIndex = 59 but logStartIndex = 61, notify follower to install snapshot-(t:7, i:61)
2022-10-18 03:54:12,698 [omNode-1@group-523986131536->omNode-2-GrpcLogAppender-LogAppenderDaemon] INFO  server.GrpcLogAppender (GrpcLogAppender.java:installSnapshot(549)) - omNode-1@group-523986131536->omNode-2-GrpcLogAppender: send omNode-1->omNode-2#0-t7,notify:(t:7, i:61)
2022-10-18 03:54:12,699 [omNode-2-server-thread1] INFO  server.RaftServer$Division (RaftServerImpl.java:checkInconsistentAppendEntries(1402)) - omNode-2@group-523986131536: Failed appendEntries as snapshot (61) installation is in progress
2022-10-18 03:54:12,699 [omNode-2-server-thread1] INFO  server.RaftServer$Division (RaftServerImpl.java:checkInconsistentAppendEntries(1394)) - omNode-2@group-523986131536: inconsistency entries. Reply:omNode-1<-omNode-2#663:FAIL-t7,INCONSISTENCY,nextIndex=59,followerCommit=58
2022-10-18 03:54:12,699 [grpc-default-executor-0] INFO  impl.SnapshotInstallationHandler (SnapshotInstallationHandler.java:installSnapshot(84)) - omNode-2@group-523986131536: receive installSnapshot: omNode-1->omNode-2#0-t7,notify:(t:7, i:61)
2022-10-18 03:54:12,700 [grpc-default-executor-0] INFO  impl.SnapshotInstallationHandler (SnapshotInstallationHandler.java:installSnapshot(95)) - omNode-2@group-523986131536: reply installSnapshot: omNode-1<-omNode-2#0:FAIL-t7,IN_PROGRESS
2022-10-18 03:54:12,700 [grpc-default-executor-0] INFO  server.GrpcServerProtocolService (GrpcServerProtocolService.java:onCompleted(140)) - omNode-2: Completed INSTALL_SNAPSHOT, lastRequest: omNode-1->omNode-2#0-t7,notify:(t:7, i:61)
2022-10-18 03:54:12,700 [grpc-default-executor-1] INFO  leader.FollowerInfo (FollowerInfoImpl.java:lambda$new$0(48)) - omNode-1@group-523986131536->omNode-2: nextIndex: updateUnconditionally 59 -> 59
2022-10-18 03:54:12,700 [grpc-default-executor-0] INFO  server.GrpcLogAppender (GrpcLogAppender.java:onNext(403)) - omNode-1@group-523986131536->omNode-2-InstallSnapshotResponseHandler: received a reply omNode-1<-omNode-2#0:FAIL-t7,IN_PROGRESS
2022-10-18 03:54:12,700 [grpc-default-executor-0] INFO  server.GrpcLogAppender (GrpcLogAppender.java:onNext(421)) - omNode-1@group-523986131536->omNode-2-InstallSnapshotResponseHandler: InstallSnapshot in progress.
2022-10-18 03:54:12,700 [omNode-1@group-523986131536->omNode-2-GrpcLogAppender-LogAppenderDaemon] INFO  server.GrpcLogAppender (GrpcLogAppender.java:installSnapshot(541)) - omNode-1@group-523986131536->omNode-2-GrpcLogAppender: followerNextIndex = 59 but logStartIndex = 61, notify follower to install snapshot-(t:7, i:61)
2022-10-18 03:54:12,701 [omNode-1@group-523986131536->omNode-2-GrpcLogAppender-LogAppenderDaemon] INFO  server.GrpcLogAppender (GrpcLogAppender.java:installSnapshot(549)) - omNode-1@group-523986131536->omNode-2-GrpcLogAppender: send omNode-1->omNode-2#0-t7,notify:(t:7, i:61)
2022-10-18 03:54:12,706 [omNode-2-server-thread1] INFO  server.RaftServer$Division (RaftServerImpl.java:checkInconsistentAppendEntries(1402)) - omNode-2@group-523986131536: Failed appendEntries as snapshot (61) installation is in progress
2022-10-18 03:54:12,706 [omNode-2-server-thread1] INFO  server.RaftServer$Division (RaftServerImpl.java:checkInconsistentAppendEntries(1394)) - omNode-2@group-523986131536: inconsistency entries. Reply:omNode-1<-omNode-2#664:FAIL-t7,INCONSISTENCY,nextIndex=59,followerCommit=58
2022-10-18 03:54:12,706 [grpc-default-executor-0] INFO  impl.SnapshotInstallationHandler (SnapshotInstallationHandler.java:installSnapshot(84)) - omNode-2@group-523986131536: receive installSnapshot: omNode-1->omNode-2#0-t7,notify:(t:7, i:61)
2022-10-18 03:54:12,706 [grpc-default-executor-0] INFO  impl.SnapshotInstallationHandler (SnapshotInstallationHandler.java:installSnapshot(95)) - omNode-2@group-523986131536: reply installSnapshot: omNode-1<-omNode-2#0:FAIL-t7,IN_PROGRESS
2022-10-18 03:54:12,706 [grpc-default-executor-0] INFO  server.GrpcServerProtocolService (GrpcServerProtocolService.java:onCompleted(140)) - omNode-2: Completed INSTALL_SNAPSHOT, lastRequest: omNode-1->omNode-2#0-t7,notify:(t:7, i:61)
2022-10-18 03:54:12,706 [grpc-default-executor-1] INFO  leader.FollowerInfo (FollowerInfoImpl.java:lambda$new$0(48)) - omNode-1@group-523986131536->omNode-2: nextIndex: updateUnconditionally 59 -> 59
2022-10-18 03:54:12,706 [grpc-default-executor-0] INFO  server.GrpcLogAppender (GrpcLogAppender.java:onNext(403)) - omNode-1@group-523986131536->omNode-2-InstallSnapshotResponseHandler: received a reply omNode-1<-omNode-2#0:FAIL-t7,IN_PROGRESS
2022-10-18 03:54:12,707 [grpc-default-executor-0] INFO  server.GrpcLogAppender (GrpcLogAppender.java:onNext(421)) - omNode-1@group-523986131536->omNode-2-InstallSnapshotResponseHandler: InstallSnapshot in progress.
2022-10-18 03:54:12,707 [omNode-1@group-523986131536->omNode-2-GrpcLogAppender-LogAppenderDaemon] INFO  server.GrpcLogAppender (GrpcLogAppender.java:installSnapshot(541)) - omNode-1@group-523986131536->omNode-2-GrpcLogAppender: followerNextIndex = 59 but logStartIndex = 61, notify follower to install snapshot-(t:7, i:61)
2022-10-18 03:54:12,707 [omNode-1@group-523986131536->omNode-2-GrpcLogAppender-LogAppenderDaemon] INFO  server.GrpcLogAppender (GrpcLogAppender.java:installSnapshot(549)) - omNode-1@group-523986131536->omNode-2-GrpcLogAppender: send omNode-1->omNode-2#0-t7,notify:(t:7, i:61)
2022-10-18 03:54:12,709 [omNode-2-server-thread1] INFO  server.RaftServer$Division (RaftServerImpl.java:checkInconsistentAppendEntries(1402)) - omNode-2@group-523986131536: Failed appendEntries as snapshot (61) installation is in progress
2022-10-18 03:54:12,709 [omNode-2-server-thread1] INFO  server.RaftServer$Division (RaftServerImpl.java:checkInconsistentAppendEntries(1394)) - omNode-2@group-523986131536: inconsistency entries. Reply:omNode-1<-omNode-2#665:FAIL-t7,INCONSISTENCY,nextIndex=59,followerCommit=58
2022-10-18 03:54:12,709 [grpc-default-executor-0] INFO  impl.SnapshotInstallationHandler (SnapshotInstallationHandler.java:installSnapshot(84)) - omNode-2@group-523986131536: receive installSnapshot: omNode-1->omNode-2#0-t7,notify:(t:7, i:61)
2022-10-18 03:54:12,709 [grpc-default-executor-0] INFO  impl.SnapshotInstallationHandler (SnapshotInstallationHandler.java:installSnapshot(95)) - omNode-2@group-523986131536: reply installSnapshot: omNode-1<-omNode-2#0:FAIL-t7,IN_PROGRESS
2022-10-18 03:54:12,709 [grpc-default-executor-0] INFO  server.GrpcServerProtocolService (GrpcServerProtocolService.java:onCompleted(140)) - omNode-2: Completed INSTALL_SNAPSHOT, lastRequest: omNode-1->omNode-2#0-t7,notify:(t:7, i:61)
2022-10-18 03:54:12,710 [grpc-default-executor-1] INFO  leader.FollowerInfo (FollowerInfoImpl.java:lambda$new$0(48)) - omNode-1@group-523986131536->omNode-2: nextIndex: updateUnconditionally 59 -> 59
2022-10-18 03:54:12,710 [grpc-default-executor-0] INFO  server.GrpcLogAppender (GrpcLogAppender.java:onNext(403)) - omNode-1@group-523986131536->omNode-2-InstallSnapshotResponseHandler: received a reply omNode-1<-omNode-2#0:FAIL-t7,IN_PROGRESS
2022-10-18 03:54:12,710 [grpc-default-executor-0] INFO  server.GrpcLogAppender (GrpcLogAppender.java:onNext(421)) - omNode-1@group-523986131536->omNode-2-InstallSnapshotResponseHandler: InstallSnapshot in progress.
2022-10-18 03:54:12,710 [omNode-1@group-523986131536->omNode-2-GrpcLogAppender-LogAppenderDaemon] INFO  server.GrpcLogAppender (GrpcLogAppender.java:installSnapshot(541)) - omNode-1@group-523986131536->omNode-2-GrpcLogAppender: followerNextIndex = 59 but logStartIndex = 61, notify follower to install snapshot-(t:7, i:61)
2022-10-18 03:54:12,710 [omNode-1@group-523986131536->omNode-2-GrpcLogAppender-LogAppenderDaemon] INFO  server.GrpcLogAppender (GrpcLogAppender.java:installSnapshot(549)) - omNode-1@group-523986131536->omNode-2-GrpcLogAppender: send omNode-1->omNode-2#0-t7,notify:(t:7, i:61)
2022-10-18 03:54:12,711 [omNode-2-server-thread1] INFO  server.RaftServer$Division (RaftServerImpl.java:checkInconsistentAppendEntries(1402)) - omNode-2@group-523986131536: Failed appendEntries as snapshot (61) installation is in progress
2022-10-18 03:54:12,711 [omNode-2-server-thread1] INFO  server.RaftServer$Division (RaftServerImpl.java:checkInconsistentAppendEntries(1394)) - omNode-2@group-523986131536: inconsistency entries. Reply:omNode-1<-omNode-2#666:FAIL-t7,INCONSISTENCY,nextIndex=59,followerCommit=58
2022-10-18 03:54:12,711 [grpc-default-executor-0] INFO  impl.SnapshotInstallationHandler (SnapshotInstallationHandler.java:installSnapshot(84)) - omNode-2@group-523986131536: receive installSnapshot: omNode-1->omNode-2#0-t7,notify:(t:7, i:61)
2022-10-18 03:54:12,711 [grpc-default-executor-0] INFO  impl.SnapshotInstallationHandler (SnapshotInstallationHandler.java:installSnapshot(95)) - omNode-2@group-523986131536: reply installSnapshot: omNode-1<-omNode-2#0:FAIL-t7,IN_PROGRESS
2022-10-18 03:54:12,711 [grpc-default-executor-0] INFO  server.GrpcServerProtocolService (GrpcServerProtocolService.java:onCompleted(140)) - omNode-2: Completed INSTALL_SNAPSHOT, lastRequest: omNode-1->omNode-2#0-t7,notify:(t:7, i:61)
2022-10-18 03:54:12,711 [grpc-default-executor-1] INFO  leader.FollowerInfo (FollowerInfoImpl.java:lambda$new$0(48)) - omNode-1@group-523986131536->omNode-2: nextIndex: updateUnconditionally 59 -> 59
2022-10-18 03:54:12,712 [grpc-default-executor-0] INFO  server.GrpcLogAppender (GrpcLogAppender.java:onNext(403)) - omNode-1@group-523986131536->omNode-2-InstallSnapshotResponseHandler: received a reply omNode-1<-omNode-2#0:FAIL-t7,IN_PROGRESS
2022-10-18 03:54:12,712 [grpc-default-executor-0] INFO  server.GrpcLogAppender (GrpcLogAppender.java:onNext(421)) - omNode-1@group-523986131536->omNode-2-InstallSnapshotResponseHandler: InstallSnapshot in progress.
2022-10-18 03:54:12,712 [omNode-1@group-523986131536->omNode-2-GrpcLogAppender-LogAppenderDaemon] INFO  server.GrpcLogAppender (GrpcLogAppender.java:installSnapshot(541)) - omNode-1@group-523986131536->omNode-2-GrpcLogAppender: followerNextIndex = 59 but logStartIndex = 61, notify follower to install snapshot-(t:7, i:61)
2022-10-18 03:54:12,712 [omNode-1@group-523986131536->omNode-2-GrpcLogAppender-LogAppenderDaemon] INFO  server.GrpcLogAppender (GrpcLogAppender.java:installSnapshot(549)) - omNode-1@group-523986131536->omNode-2-GrpcLogAppender: send omNode-1->omNode-2#0-t7,notify:(t:7, i:61)
2022-10-18 03:54:12,712 [omNode-2-server-thread1] INFO  server.RaftServer$Division (RaftServerImpl.java:checkInconsistentAppendEntries(1402)) - omNode-2@group-523986131536: Failed appendEntries as snapshot (61) installation is in progress
2022-10-18 03:54:12,712 [omNode-2-server-thread1] INFO  server.RaftServer$Division (RaftServerImpl.java:checkInconsistentAppendEntries(1394)) - omNode-2@group-523986131536: inconsistency entries. Reply:omNode-1<-omNode-2#667:FAIL-t7,INCONSISTENCY,nextIndex=59,followerCommit=58
2022-10-18 03:54:12,713 [grpc-default-executor-2] INFO  impl.SnapshotInstallationHandler (SnapshotInstallationHandler.java:installSnapshot(84)) - omNode-2@group-523986131536: receive installSnapshot: omNode-1->omNode-2#0-t7,notify:(t:7, i:61)
2022-10-18 03:54:12,713 [grpc-default-executor-2] INFO  impl.SnapshotInstallationHandler (SnapshotInstallationHandler.java:installSnapshot(95)) - omNode-2@group-523986131536: reply installSnapshot: omNode-1<-omNode-2#0:FAIL-t7,IN_PROGRESS
2022-10-18 03:54:12,713 [grpc-default-executor-2] INFO  server.GrpcServerProtocolService (GrpcServerProtocolService.java:onCompleted(140)) - omNode-2: Completed INSTALL_SNAPSHOT, lastRequest: omNode-1->omNode-2#0-t7,notify:(t:7, i:61)
2022-10-18 03:54:12,713 [grpc-default-executor-2] INFO  server.GrpcLogAppender (GrpcLogAppender.java:onNext(403)) - omNode-1@group-523986131536->omNode-2-InstallSnapshotResponseHandler: received a reply omNode-1<-omNode-2#0:FAIL-t7,IN_PROGRESS
2022-10-18 03:54:12,713 [grpc-default-executor-2] INFO  server.GrpcLogAppender (GrpcLogAppender.java:onNext(421)) - omNode-1@group-523986131536->omNode-2-InstallSnapshotResponseHandler: InstallSnapshot in progress.
2022-10-18 03:54:12,713 [omNode-1@group-523986131536->omNode-2-GrpcLogAppender-LogAppenderDaemon] INFO  server.GrpcLogAppender (GrpcLogAppender.java:installSnapshot(541)) - omNode-1@group-523986131536->omNode-2-GrpcLogAppender: followerNextIndex = 59 but logStartIndex = 61, notify follower to install snapshot-(t:7, i:61)
2022-10-18 03:54:12,714 [omNode-1@group-523986131536->omNode-2-GrpcLogAppender-LogAppenderDaemon] INFO  server.GrpcLogAppender (GrpcLogAppender.java:installSnapshot(549)) - omNode-1@group-523986131536->omNode-2-GrpcLogAppender: send omNode-1->omNode-2#0-t7,notify:(t:7, i:61)
2022-10-18 03:54:12,714 [omNode-2-server-thread1] INFO  server.RaftServer$Division (RaftServerImpl.java:checkInconsistentAppendEntries(1402)) - omNode-2@group-523986131536: Failed appendEntries as snapshot (61) installation is in progress
2022-10-18 03:54:12,714 [omNode-2-server-thread1] INFO  server.RaftServer$Division (RaftServerImpl.java:checkInconsistentAppendEntries(1394)) - omNode-2@group-523986131536: inconsistency entries. Reply:omNode-1<-omNode-2#668:FAIL-t7,INCONSISTENCY,nextIndex=59,followerCommit=58
2022-10-18 03:54:12,714 [grpc-default-executor-0] INFO  leader.FollowerInfo (FollowerInfoImpl.java:lambda$new$0(48)) - omNode-1@group-523986131536->omNode-2: nextIndex: updateUnconditionally 59 -> 59
2022-10-18 03:54:12,714 [grpc-default-executor-2] INFO  impl.SnapshotInstallationHandler (SnapshotInstallationHandler.java:installSnapshot(84)) - omNode-2@group-523986131536: receive installSnapshot: omNode-1->omNode-2#0-t7,notify:(t:7, i:61)
2022-10-18 03:54:12,715 [grpc-default-executor-2] INFO  impl.SnapshotInstallationHandler (SnapshotInstallationHandler.java:installSnapshot(95)) - omNode-2@group-523986131536: reply installSnapshot: omNode-1<-omNode-2#0:FAIL-t7,IN_PROGRESS
2022-10-18 03:54:12,715 [grpc-default-executor-2] INFO  server.GrpcServerProtocolService (GrpcServerProtocolService.java:onCompleted(140)) - omNode-2: Completed INSTALL_SNAPSHOT, lastRequest: omNode-1->omNode-2#0-t7,notify:(t:7, i:61)
2022-10-18 03:54:12,715 [grpc-default-executor-0] INFO  leader.FollowerInfo (FollowerInfoImpl.java:lambda$new$0(48)) - omNode-1@group-523986131536->omNode-2: nextIndex: updateUnconditionally 59 -> 59
2022-10-18 03:54:12,716 [grpc-default-executor-0] INFO  server.GrpcLogAppender (GrpcLogAppender.java:onNext(403)) - omNode-1@group-523986131536->omNode-2-InstallSnapshotResponseHandler: received a reply omNode-1<-omNode-2#0:FAIL-t7,IN_PROGRESS
2022-10-18 03:54:12,716 [grpc-default-executor-0] INFO  server.GrpcLogAppender (GrpcLogAppender.java:onNext(421)) - omNode-1@group-523986131536->omNode-2-InstallSnapshotResponseHandler: InstallSnapshot in progress.
2022-10-18 03:54:12,716 [omNode-1@group-523986131536->omNode-2-GrpcLogAppender-LogAppenderDaemon] INFO  server.GrpcLogAppender (GrpcLogAppender.java:installSnapshot(541)) - omNode-1@group-523986131536->omNode-2-GrpcLogAppender: followerNextIndex = 59 but logStartIndex = 61, notify follower to install snapshot-(t:7, i:61)
2022-10-18 03:54:12,716 [omNode-1@group-523986131536->omNode-2-GrpcLogAppender-LogAppenderDaemon] INFO  server.GrpcLogAppender (GrpcLogAppender.java:installSnapshot(549)) - omNode-1@group-523986131536->omNode-2-GrpcLogAppender: send omNode-1->omNode-2#0-t7,notify:(t:7, i:61)
2022-10-18 03:54:12,722 [omNode-2-server-thread1] INFO  server.RaftServer$Division (RaftServerImpl.java:checkInconsistentAppendEntries(1402)) - omNode-2@group-523986131536: Failed appendEntries as snapshot (61) installation is in progress
2022-10-18 03:54:12,722 [omNode-2-server-thread1] INFO  server.RaftServer$Division (RaftServerImpl.java:checkInconsistentAppendEntries(1394)) - omNode-2@group-523986131536: inconsistency entries. Reply:omNode-1<-omNode-2#669:FAIL-t7,INCONSISTENCY,nextIndex=59,followerCommit=58
2022-10-18 03:54:12,722 [grpc-default-executor-0] INFO  impl.SnapshotInstallationHandler (SnapshotInstallationHandler.java:installSnapshot(84)) - omNode-2@group-523986131536: receive installSnapshot: omNode-1->omNode-2#0-t7,notify:(t:7, i:61)
2022-10-18 03:54:12,723 [grpc-default-executor-0] INFO  impl.SnapshotInstallationHandler (SnapshotInstallationHandler.java:installSnapshot(95)) - omNode-2@group-523986131536: reply installSnapshot: omNode-1<-omNode-2#0:FAIL-t7,IN_PROGRESS
2022-10-18 03:54:12,723 [grpc-default-executor-0] INFO  server.GrpcServerProtocolService (GrpcServerProtocolService.java:onCompleted(140)) - omNode-2: Completed INSTALL_SNAPSHOT, lastRequest: omNode-1->omNode-2#0-t7,notify:(t:7, i:61)
2022-10-18 03:54:12,723 [grpc-default-executor-2] INFO  leader.FollowerInfo (FollowerInfoImpl.java:lambda$new$0(48)) - omNode-1@group-523986131536->omNode-2: nextIndex: updateUnconditionally 59 -> 59
2022-10-18 03:54:12,723 [grpc-default-executor-0] INFO  server.GrpcLogAppender (GrpcLogAppender.java:onNext(403)) - omNode-1@group-523986131536->omNode-2-InstallSnapshotResponseHandler: received a reply omNode-1<-omNode-2#0:FAIL-t7,IN_PROGRESS
2022-10-18 03:54:12,723 [grpc-default-executor-0] INFO  server.GrpcLogAppender (GrpcLogAppender.java:onNext(421)) - omNode-1@group-523986131536->omNode-2-InstallSnapshotResponseHandler: InstallSnapshot in progress.
2022-10-18 03:54:12,723 [omNode-1@group-523986131536->omNode-2-GrpcLogAppender-LogAppenderDaemon] INFO  server.GrpcLogAppender (GrpcLogAppender.java:installSnapshot(541)) - omNode-1@group-523986131536->omNode-2-GrpcLogAppender: followerNextIndex = 59 but logStartIndex = 61, notify follower to install snapshot-(t:7, i:61)
2022-10-18 03:54:12,724 [omNode-1@group-523986131536->omNode-2-GrpcLogAppender-LogAppenderDaemon] INFO  server.GrpcLogAppender (GrpcLogAppender.java:installSnapshot(549)) - omNode-1@group-523986131536->omNode-2-GrpcLogAppender: send omNode-1->omNode-2#0-t7,notify:(t:7, i:61)
2022-10-18 03:54:12,724 [omNode-2-server-thread1] INFO  server.RaftServer$Division (RaftServerImpl.java:checkInconsistentAppendEntries(1402)) - omNode-2@group-523986131536: Failed appendEntries as snapshot (61) installation is in progress
2022-10-18 03:54:12,724 [omNode-2-server-thread1] INFO  server.RaftServer$Division (RaftServerImpl.java:checkInconsistentAppendEntries(1394)) - omNode-2@group-523986131536: inconsistency entries. Reply:omNode-1<-omNode-2#670:FAIL-t7,INCONSISTENCY,nextIndex=59,followerCommit=58
2022-10-18 03:54:12,724 [grpc-default-executor-1] INFO  impl.SnapshotInstallationHandler (SnapshotInstallationHandler.java:installSnapshot(84)) - omNode-2@group-523986131536: receive installSnapshot: omNode-1->omNode-2#0-t7,notify:(t:7, i:61)
2022-10-18 03:54:12,724 [grpc-default-executor-1] INFO  impl.SnapshotInstallationHandler (SnapshotInstallationHandler.java:installSnapshot(95)) - omNode-2@group-523986131536: reply installSnapshot: omNode-1<-omNode-2#0:FAIL-t7,IN_PROGRESS
2022-10-18 03:54:12,725 [grpc-default-executor-1] INFO  server.GrpcServerProtocolService (GrpcServerProtocolService.java:onCompleted(140)) - omNode-2: Completed INSTALL_SNAPSHOT, lastRequest: omNode-1->omNode-2#0-t7,notify:(t:7, i:61)
2022-10-18 03:54:12,725 [grpc-default-executor-0] INFO  leader.FollowerInfo (FollowerInfoImpl.java:lambda$new$0(48)) - omNode-1@group-523986131536->omNode-2: nextIndex: updateUnconditionally 59 -> 59
2022-10-18 03:54:12,725 [grpc-default-executor-1] INFO  server.GrpcLogAppender (GrpcLogAppender.java:onNext(403)) - omNode-1@group-523986131536->omNode-2-InstallSnapshotResponseHandler: received a reply omNode-1<-omNode-2#0:FAIL-t7,IN_PROGRESS
2022-10-18 03:54:12,725 [grpc-default-executor-1] INFO  server.GrpcLogAppender (GrpcLogAppender.java:onNext(421)) - omNode-1@group-523986131536->omNode-2-InstallSnapshotResponseHandler: InstallSnapshot in progress.
2022-10-18 03:54:12,725 [omNode-1@group-523986131536->omNode-2-GrpcLogAppender-LogAppenderDaemon] INFO  server.GrpcLogAppender (GrpcLogAppender.java:installSnapshot(541)) - omNode-1@group-523986131536->omNode-2-GrpcLogAppender: followerNextIndex = 59 but logStartIndex = 61, notify follower to install snapshot-(t:7, i:61)
2022-10-18 03:54:12,725 [omNode-1@group-523986131536->omNode-2-GrpcLogAppender-LogAppenderDaemon] INFO  server.GrpcLogAppender (GrpcLogAppender.java:installSnapshot(549)) - omNode-1@group-523986131536->omNode-2-GrpcLogAppender: send omNode-1->omNode-2#0-t7,notify:(t:7, i:61)
2022-10-18 03:54:12,726 [omNode-2-server-thread1] INFO  server.RaftServer$Division (RaftServerImpl.java:checkInconsistentAppendEntries(1402)) - omNode-2@group-523986131536: Failed appendEntries as snapshot (61) installation is in progress
2022-10-18 03:54:12,726 [omNode-2-server-thread1] INFO  server.RaftServer$Division (RaftServerImpl.java:checkInconsistentAppendEntries(1394)) - omNode-2@group-523986131536: inconsistency entries. Reply:omNode-1<-omNode-2#671:FAIL-t7,INCONSISTENCY,nextIndex=59,followerCommit=58
2022-10-18 03:54:12,726 [grpc-default-executor-0] INFO  impl.SnapshotInstallationHandler (SnapshotInstallationHandler.java:installSnapshot(84)) - omNode-2@group-523986131536: receive installSnapshot: omNode-1->omNode-2#0-t7,notify:(t:7, i:61)
2022-10-18 03:54:12,726 [grpc-default-executor-0] INFO  impl.SnapshotInstallationHandler (SnapshotInstallationHandler.java:installSnapshot(95)) - omNode-2@group-523986131536: reply installSnapshot: omNode-1<-omNode-2#0:FAIL-t7,IN_PROGRESS
2022-10-18 03:54:12,727 [grpc-default-executor-0] INFO  server.GrpcServerProtocolService (GrpcServerProtocolService.java:onCompleted(140)) - omNode-2: Completed INSTALL_SNAPSHOT, lastRequest: omNode-1->omNode-2#0-t7,notify:(t:7, i:61)
2022-10-18 03:54:12,727 [grpc-default-executor-2] INFO  leader.FollowerInfo (FollowerInfoImpl.java:lambda$new$0(48)) - omNode-1@group-523986131536->omNode-2: nextIndex: updateUnconditionally 59 -> 59
2022-10-18 03:54:12,727 [grpc-default-executor-0] INFO  server.GrpcLogAppender (GrpcLogAppender.java:onNext(403)) - omNode-1@group-523986131536->omNode-2-InstallSnapshotResponseHandler: received a reply omNode-1<-omNode-2#0:FAIL-t7,IN_PROGRESS
2022-10-18 03:54:12,727 [grpc-default-executor-0] INFO  server.GrpcLogAppender (GrpcLogAppender.java:onNext(421)) - omNode-1@group-523986131536->omNode-2-InstallSnapshotResponseHandler: InstallSnapshot in progress.
2022-10-18 03:54:12,727 [omNode-1@group-523986131536->omNode-2-GrpcLogAppender-LogAppenderDaemon] INFO  server.GrpcLogAppender (GrpcLogAppender.java:installSnapshot(541)) - omNode-1@group-523986131536->omNode-2-GrpcLogAppender: followerNextIndex = 59 but logStartIndex = 61, notify follower to install snapshot-(t:7, i:61)
2022-10-18 03:54:12,727 [omNode-1@group-523986131536->omNode-2-GrpcLogAppender-LogAppenderDaemon] INFO  server.GrpcLogAppender (GrpcLogAppender.java:installSnapshot(549)) - omNode-1@group-523986131536->omNode-2-GrpcLogAppender: send omNode-1->omNode-2#0-t7,notify:(t:7, i:61)
2022-10-18 03:54:12,727 [omNode-2-server-thread1] INFO  server.RaftServer$Division (RaftServerImpl.java:checkInconsistentAppendEntries(1402)) - omNode-2@group-523986131536: Failed appendEntries as snapshot (61) installation is in progress
2022-10-18 03:54:12,728 [omNode-2-server-thread1] INFO  server.RaftServer$Division (RaftServerImpl.java:checkInconsistentAppendEntries(1394)) - omNode-2@group-523986131536: inconsistency entries. Reply:omNode-1<-omNode-2#672:FAIL-t7,INCONSISTENCY,nextIndex=59,followerCommit=58
2022-10-18 03:54:12,728 [grpc-default-executor-2] INFO  impl.SnapshotInstallationHandler (SnapshotInstallationHandler.java:installSnapshot(84)) - omNode-2@group-523986131536: receive installSnapshot: omNode-1->omNode-2#0-t7,notify:(t:7, i:61)
2022-10-18 03:54:12,728 [grpc-default-executor-2] INFO  impl.SnapshotInstallationHandler (SnapshotInstallationHandler.java:installSnapshot(95)) - omNode-2@group-523986131536: reply installSnapshot: omNode-1<-omNode-2#0:FAIL-t7,IN_PROGRESS
2022-10-18 03:54:12,728 [grpc-default-executor-2] INFO  server.GrpcServerProtocolService (GrpcServerProtocolService.java:onCompleted(140)) - omNode-2: Completed INSTALL_SNAPSHOT, lastRequest: omNode-1->omNode-2#0-t7,notify:(t:7, i:61)
2022-10-18 03:54:12,728 [grpc-default-executor-0] INFO  leader.FollowerInfo (FollowerInfoImpl.java:lambda$new$0(48)) - omNode-1@group-523986131536->omNode-2: nextIndex: updateUnconditionally 59 -> 59
2022-10-18 03:54:12,729 [grpc-default-executor-2] INFO  server.GrpcLogAppender (GrpcLogAppender.java:onNext(403)) - omNode-1@group-523986131536->omNode-2-InstallSnapshotResponseHandler: received a reply omNode-1<-omNode-2#0:FAIL-t7,IN_PROGRESS
2022-10-18 03:54:12,729 [grpc-default-executor-2] INFO  server.GrpcLogAppender (GrpcLogAppender.java:onNext(421)) - omNode-1@group-523986131536->omNode-2-InstallSnapshotResponseHandler: InstallSnapshot in progress.
2022-10-18 03:54:12,729 [omNode-1@group-523986131536->omNode-2-GrpcLogAppender-LogAppenderDaemon] INFO  server.GrpcLogAppender (GrpcLogAppender.java:installSnapshot(541)) - omNode-1@group-523986131536->omNode-2-GrpcLogAppender: followerNextIndex = 59 but logStartIndex = 61, notify follower to install snapshot-(t:7, i:61)
2022-10-18 03:54:12,729 [omNode-1@group-523986131536->omNode-2-GrpcLogAppender-LogAppenderDaemon] INFO  server.GrpcLogAppender (GrpcLogAppender.java:installSnapshot(549)) - omNode-1@group-523986131536->omNode-2-GrpcLogAppender: send omNode-1->omNode-2#0-t7,notify:(t:7, i:61)
2022-10-18 03:54:12,729 [omNode-2-server-thread1] INFO  server.RaftServer$Division (RaftServerImpl.java:checkInconsistentAppendEntries(1402)) - omNode-2@group-523986131536: Failed appendEntries as snapshot (61) installation is in progress
2022-10-18 03:54:12,729 [omNode-2-server-thread1] INFO  server.RaftServer$Division (RaftServerImpl.java:checkInconsistentAppendEntries(1394)) - omNode-2@group-523986131536: inconsistency entries. Reply:omNode-1<-omNode-2#673:FAIL-t7,INCONSISTENCY,nextIndex=59,followerCommit=58
2022-10-18 03:54:12,731 [grpc-default-executor-2] INFO  leader.FollowerInfo (FollowerInfoImpl.java:lambda$new$0(48)) - omNode-1@group-523986131536->omNode-2: nextIndex: updateUnconditionally 59 -> 59
2022-10-18 03:54:12,731 [grpc-default-executor-0] INFO  impl.SnapshotInstallationHandler (SnapshotInstallationHandler.java:installSnapshot(84)) - omNode-2@group-523986131536: receive installSnapshot: omNode-1->omNode-2#0-t7,notify:(t:7, i:61)
2022-10-18 03:54:12,731 [grpc-default-executor-0] INFO  impl.SnapshotInstallationHandler (SnapshotInstallationHandler.java:installSnapshot(95)) - omNode-2@group-523986131536: reply installSnapshot: omNode-1<-omNode-2#0:FAIL-t7,IN_PROGRESS
2022-10-18 03:54:12,732 [grpc-default-executor-0] INFO  server.GrpcServerProtocolService (GrpcServerProtocolService.java:onCompleted(140)) - omNode-2: Completed INSTALL_SNAPSHOT, lastRequest: omNode-1->omNode-2#0-t7,notify:(t:7, i:61)
2022-10-18 03:54:12,732 [grpc-default-executor-0] INFO  server.GrpcLogAppender (GrpcLogAppender.java:onNext(403)) - omNode-1@group-523986131536->omNode-2-InstallSnapshotResponseHandler: received a reply omNode-1<-omNode-2#0:FAIL-t7,IN_PROGRESS
2022-10-18 03:54:12,732 [grpc-default-executor-0] INFO  server.GrpcLogAppender (GrpcLogAppender.java:onNext(421)) - omNode-1@group-523986131536->omNode-2-InstallSnapshotResponseHandler: InstallSnapshot in progress.
2022-10-18 03:54:12,732 [omNode-1@group-523986131536->omNode-2-GrpcLogAppender-LogAppenderDaemon] INFO  server.GrpcLogAppender (GrpcLogAppender.java:installSnapshot(541)) - omNode-1@group-523986131536->omNode-2-GrpcLogAppender: followerNextIndex = 59 but logStartIndex = 61, notify follower to install snapshot-(t:7, i:61)
2022-10-18 03:54:12,732 [omNode-1@group-523986131536->omNode-2-GrpcLogAppender-LogAppenderDaemon] INFO  server.GrpcLogAppender (GrpcLogAppender.java:installSnapshot(549)) - omNode-1@group-523986131536->omNode-2-GrpcLogAppender: send omNode-1->omNode-2#0-t7,notify:(t:7, i:61)
2022-10-18 03:54:12,733 [omNode-2-server-thread1] INFO  server.RaftServer$Division (RaftServerImpl.java:checkInconsistentAppendEntries(1402)) - omNode-2@group-523986131536: Failed appendEntries as snapshot (61) installation is in progress
2022-10-18 03:54:12,733 [omNode-2-server-thread1] INFO  server.RaftServer$Division (RaftServerImpl.java:checkInconsistentAppendEntries(1394)) - omNode-2@group-523986131536: inconsistency entries. Reply:omNode-1<-omNode-2#674:FAIL-t7,INCONSISTENCY,nextIndex=59,followerCommit=58
2022-10-18 03:54:12,733 [grpc-default-executor-0] INFO  leader.FollowerInfo (FollowerInfoImpl.java:lambda$new$0(48)) - omNode-1@group-523986131536->omNode-2: nextIndex: updateUnconditionally 59 -> 59
2022-10-18 03:54:12,734 [grpc-default-executor-2] INFO  impl.SnapshotInstallationHandler (SnapshotInstallationHandler.java:installSnapshot(84)) - omNode-2@group-523986131536: receive installSnapshot: omNode-1->omNode-2#0-t7,notify:(t:7, i:61)
2022-10-18 03:54:12,734 [grpc-default-executor-2] INFO  impl.SnapshotInstallationHandler (SnapshotInstallationHandler.java:installSnapshot(95)) - omNode-2@group-523986131536: reply installSnapshot: omNode-1<-omNode-2#0:FAIL-t7,IN_PROGRESS
2022-10-18 03:54:12,734 [grpc-default-executor-2] INFO  server.GrpcServerProtocolService (GrpcServerProtocolService.java:onCompleted(140)) - omNode-2: Completed INSTALL_SNAPSHOT, lastRequest: omNode-1->omNode-2#0-t7,notify:(t:7, i:61)
2022-10-18 03:54:12,734 [grpc-default-executor-2] INFO  server.GrpcLogAppender (GrpcLogAppender.java:onNext(403)) - omNode-1@group-523986131536->omNode-2-InstallSnapshotResponseHandler: received a reply omNode-1<-omNode-2#0:FAIL-t7,IN_PROGRESS
2022-10-18 03:54:12,734 [grpc-default-executor-2] INFO  server.GrpcLogAppender (GrpcLogAppender.java:onNext(421)) - omNode-1@group-523986131536->omNode-2-InstallSnapshotResponseHandler: InstallSnapshot in progress.
2022-10-18 03:54:12,734 [omNode-1@group-523986131536->omNode-2-GrpcLogAppender-LogAppenderDaemon] INFO  server.GrpcLogAppender (GrpcLogAppender.java:installSnapshot(541)) - omNode-1@group-523986131536->omNode-2-GrpcLogAppender: followerNextIndex = 59 but logStartIndex = 61, notify follower to install snapshot-(t:7, i:61)
2022-10-18 03:54:12,734 [omNode-1@group-523986131536->omNode-2-GrpcLogAppender-LogAppenderDaemon] INFO  server.GrpcLogAppender (GrpcLogAppender.java:installSnapshot(549)) - omNode-1@group-523986131536->omNode-2-GrpcLogAppender: send omNode-1->omNode-2#0-t7,notify:(t:7, i:61)
2022-10-18 03:54:12,738 [omNode-2-server-thread1] INFO  server.RaftServer$Division (RaftServerImpl.java:checkInconsistentAppendEntries(1402)) - omNode-2@group-523986131536: Failed appendEntries as snapshot (61) installation is in progress
2022-10-18 03:54:12,738 [omNode-2-server-thread1] INFO  server.RaftServer$Division (RaftServerImpl.java:checkInconsistentAppendEntries(1394)) - omNode-2@group-523986131536: inconsistency entries. Reply:omNode-1<-omNode-2#675:FAIL-t7,INCONSISTENCY,nextIndex=59,followerCommit=58
2022-10-18 03:54:12,738 [grpc-default-executor-0] INFO  impl.SnapshotInstallationHandler (SnapshotInstallationHandler.java:installSnapshot(84)) - omNode-2@group-523986131536: receive installSnapshot: omNode-1->omNode-2#0-t7,notify:(t:7, i:61)
2022-10-18 03:54:12,739 [grpc-default-executor-0] INFO  impl.SnapshotInstallationHandler (SnapshotInstallationHandler.java:installSnapshot(95)) - omNode-2@group-523986131536: reply installSnapshot: omNode-1<-omNode-2#0:FAIL-t7,IN_PROGRESS
2022-10-18 03:54:12,739 [grpc-default-executor-0] INFO  server.GrpcServerProtocolService (GrpcServerProtocolService.java:onCompleted(140)) - omNode-2: Completed INSTALL_SNAPSHOT, lastRequest: omNode-1->omNode-2#0-t7,notify:(t:7, i:61)
2022-10-18 03:54:12,742 [grpc-default-executor-0] INFO  leader.FollowerInfo (FollowerInfoImpl.java:lambda$new$0(48)) - omNode-1@group-523986131536->omNode-2: nextIndex: updateUnconditionally 59 -> 59
2022-10-18 03:54:12,742 [grpc-default-executor-2] INFO  server.GrpcLogAppender (GrpcLogAppender.java:onNext(403)) - omNode-1@group-523986131536->omNode-2-InstallSnapshotResponseHandler: received a reply omNode-1<-omNode-2#0:FAIL-t7,IN_PROGRESS
2022-10-18 03:54:12,742 [grpc-default-executor-2] INFO  server.GrpcLogAppender (GrpcLogAppender.java:onNext(421)) - omNode-1@group-523986131536->omNode-2-InstallSnapshotResponseHandler: InstallSnapshot in progress.
2022-10-18 03:54:12,742 [omNode-1@group-523986131536->omNode-2-GrpcLogAppender-LogAppenderDaemon] INFO  server.GrpcLogAppender (GrpcLogAppender.java:installSnapshot(541)) - omNode-1@group-523986131536->omNode-2-GrpcLogAppender: followerNextIndex = 59 but logStartIndex = 61, notify follower to install snapshot-(t:7, i:61)
2022-10-18 03:54:12,742 [omNode-1@group-523986131536->omNode-2-GrpcLogAppender-LogAppenderDaemon] INFO  server.GrpcLogAppender (GrpcLogAppender.java:installSnapshot(549)) - omNode-1@group-523986131536->omNode-2-GrpcLogAppender: send omNode-1->omNode-2#0-t7,notify:(t:7, i:61)
2022-10-18 03:54:12,743 [omNode-2-server-thread1] INFO  server.RaftServer$Division (RaftServerImpl.java:checkInconsistentAppendEntries(1402)) - omNode-2@group-523986131536: Failed appendEntries as snapshot (61) installation is in progress
2022-10-18 03:54:12,743 [omNode-2-server-thread1] INFO  server.RaftServer$Division (RaftServerImpl.java:checkInconsistentAppendEntries(1394)) - omNode-2@group-523986131536: inconsistency entries. Reply:omNode-1<-omNode-2#676:FAIL-t7,INCONSISTENCY,nextIndex=59,followerCommit=58
2022-10-18 03:54:12,743 [grpc-default-executor-2] INFO  impl.SnapshotInstallationHandler (SnapshotInstallationHandler.java:installSnapshot(84)) - omNode-2@group-523986131536: receive installSnapshot: omNode-1->omNode-2#0-t7,notify:(t:7, i:61)
2022-10-18 03:54:12,743 [grpc-default-executor-2] INFO  impl.SnapshotInstallationHandler (SnapshotInstallationHandler.java:installSnapshot(95)) - omNode-2@group-523986131536: reply installSnapshot: omNode-1<-omNode-2#0:FAIL-t7,IN_PROGRESS
2022-10-18 03:54:12,743 [grpc-default-executor-2] INFO  server.GrpcServerProtocolService (GrpcServerProtocolService.java:onCompleted(140)) - omNode-2: Completed INSTALL_SNAPSHOT, lastRequest: omNode-1->omNode-2#0-t7,notify:(t:7, i:61)
2022-10-18 03:54:12,744 [grpc-default-executor-0] INFO  leader.FollowerInfo (FollowerInfoImpl.java:lambda$new$0(48)) - omNode-1@group-523986131536->omNode-2: nextIndex: updateUnconditionally 59 -> 59
2022-10-18 03:54:12,744 [grpc-default-executor-2] INFO  server.GrpcLogAppender (GrpcLogAppender.java:onNext(403)) - omNode-1@group-523986131536->omNode-2-InstallSnapshotResponseHandler: received a reply omNode-1<-omNode-2#0:FAIL-t7,IN_PROGRESS
2022-10-18 03:54:12,744 [grpc-default-executor-2] INFO  server.GrpcLogAppender (GrpcLogAppender.java:onNext(421)) - omNode-1@group-523986131536->omNode-2-InstallSnapshotResponseHandler: InstallSnapshot in progress.
2022-10-18 03:54:12,744 [omNode-1@group-523986131536->omNode-2-GrpcLogAppender-LogAppenderDaemon] INFO  server.GrpcLogAppender (GrpcLogAppender.java:installSnapshot(541)) - omNode-1@group-523986131536->omNode-2-GrpcLogAppender: followerNextIndex = 59 but logStartIndex = 61, notify follower to install snapshot-(t:7, i:61)
2022-10-18 03:54:12,744 [omNode-1@group-523986131536->omNode-2-GrpcLogAppender-LogAppenderDaemon] INFO  server.GrpcLogAppender (GrpcLogAppender.java:installSnapshot(549)) - omNode-1@group-523986131536->omNode-2-GrpcLogAppender: send omNode-1->omNode-2#0-t7,notify:(t:7, i:61)
2022-10-18 03:54:12,744 [omNode-2-server-thread1] INFO  server.RaftServer$Division (RaftServerImpl.java:checkInconsistentAppendEntries(1402)) - omNode-2@group-523986131536: Failed appendEntries as snapshot (61) installation is in progress
2022-10-18 03:54:12,745 [omNode-2-server-thread1] INFO  server.RaftServer$Division (RaftServerImpl.java:checkInconsistentAppendEntries(1394)) - omNode-2@group-523986131536: inconsistency entries. Reply:omNode-1<-omNode-2#677:FAIL-t7,INCONSISTENCY,nextIndex=59,followerCommit=58
2022-10-18 03:54:12,746 [grpc-default-executor-2] INFO  leader.FollowerInfo (FollowerInfoImpl.java:lambda$new$0(48)) - omNode-1@group-523986131536->omNode-2: nextIndex: updateUnconditionally 59 -> 59
2022-10-18 03:54:12,746 [grpc-default-executor-1] INFO  impl.SnapshotInstallationHandler (SnapshotInstallationHandler.java:installSnapshot(84)) - omNode-2@group-523986131536: receive installSnapshot: omNode-1->omNode-2#0-t7,notify:(t:7, i:61)
2022-10-18 03:54:12,747 [grpc-default-executor-1] INFO  impl.SnapshotInstallationHandler (SnapshotInstallationHandler.java:installSnapshot(95)) - omNode-2@group-523986131536: reply installSnapshot: omNode-1<-omNode-2#0:FAIL-t7,IN_PROGRESS
2022-10-18 03:54:12,747 [grpc-default-executor-1] INFO  server.GrpcServerProtocolService (GrpcServerProtocolService.java:onCompleted(140)) - omNode-2: Completed INSTALL_SNAPSHOT, lastRequest: omNode-1->omNode-2#0-t7,notify:(t:7, i:61)
2022-10-18 03:54:12,747 [grpc-default-executor-1] INFO  server.GrpcLogAppender (GrpcLogAppender.java:onNext(403)) - omNode-1@group-523986131536->omNode-2-InstallSnapshotResponseHandler: received a reply omNode-1<-omNode-2#0:FAIL-t7,IN_PROGRESS
2022-10-18 03:54:12,747 [grpc-default-executor-1] INFO  server.GrpcLogAppender (GrpcLogAppender.java:onNext(421)) - omNode-1@group-523986131536->omNode-2-InstallSnapshotResponseHandler: InstallSnapshot in progress.
2022-10-18 03:54:12,747 [omNode-1@group-523986131536->omNode-2-GrpcLogAppender-LogAppenderDaemon] INFO  server.GrpcLogAppender (GrpcLogAppender.java:installSnapshot(541)) - omNode-1@group-523986131536->omNode-2-GrpcLogAppender: followerNextIndex = 59 but logStartIndex = 61, notify follower to install snapshot-(t:7, i:61)
2022-10-18 03:54:12,747 [omNode-1@group-523986131536->omNode-2-GrpcLogAppender-LogAppenderDaemon] INFO  server.GrpcLogAppender (GrpcLogAppender.java:installSnapshot(549)) - omNode-1@group-523986131536->omNode-2-GrpcLogAppender: send omNode-1->omNode-2#0-t7,notify:(t:7, i:61)
2022-10-18 03:54:12,748 [omNode-2-server-thread1] INFO  server.RaftServer$Division (RaftServerImpl.java:checkInconsistentAppendEntries(1402)) - omNode-2@group-523986131536: Failed appendEntries as snapshot (61) installation is in progress
2022-10-18 03:54:12,748 [omNode-2-server-thread1] INFO  server.RaftServer$Division (RaftServerImpl.java:checkInconsistentAppendEntries(1394)) - omNode-2@group-523986131536: inconsistency entries. Reply:omNode-1<-omNode-2#678:FAIL-t7,INCONSISTENCY,nextIndex=59,followerCommit=58
2022-10-18 03:54:12,749 [grpc-default-executor-2] INFO  impl.SnapshotInstallationHandler (SnapshotInstallationHandler.java:installSnapshot(84)) - omNode-2@group-523986131536: receive installSnapshot: omNode-1->omNode-2#0-t7,notify:(t:7, i:61)
2022-10-18 03:54:12,749 [grpc-default-executor-2] INFO  impl.SnapshotInstallationHandler (SnapshotInstallationHandler.java:installSnapshot(95)) - omNode-2@group-523986131536: reply installSnapshot: omNode-1<-omNode-2#0:FAIL-t7,IN_PROGRESS
2022-10-18 03:54:12,749 [grpc-default-executor-2] INFO  server.GrpcServerProtocolService (GrpcServerProtocolService.java:onCompleted(140)) - omNode-2: Completed INSTALL_SNAPSHOT, lastRequest: omNode-1->omNode-2#0-t7,notify:(t:7, i:61)
2022-10-18 03:54:12,749 [grpc-default-executor-1] INFO  leader.FollowerInfo (FollowerInfoImpl.java:lambda$new$0(48)) - omNode-1@group-523986131536->omNode-2: nextIndex: updateUnconditionally 59 -> 59
2022-10-18 03:54:12,749 [grpc-default-executor-2] INFO  server.GrpcLogAppender (GrpcLogAppender.java:onNext(403)) - omNode-1@group-523986131536->omNode-2-InstallSnapshotResponseHandler: received a reply omNode-1<-omNode-2#0:FAIL-t7,IN_PROGRESS
2022-10-18 03:54:12,749 [grpc-default-executor-2] INFO  server.GrpcLogAppender (GrpcLogAppender.java:onNext(421)) - omNode-1@group-523986131536->omNode-2-InstallSnapshotResponseHandler: InstallSnapshot in progress.
2022-10-18 03:54:12,750 [omNode-1@group-523986131536->omNode-2-GrpcLogAppender-LogAppenderDaemon] INFO  server.GrpcLogAppender (GrpcLogAppender.java:installSnapshot(541)) - omNode-1@group-523986131536->omNode-2-GrpcLogAppender: followerNextIndex = 59 but logStartIndex = 61, notify follower to install snapshot-(t:7, i:61)
2022-10-18 03:54:12,750 [omNode-1@group-523986131536->omNode-2-GrpcLogAppender-LogAppenderDaemon] INFO  server.GrpcLogAppender (GrpcLogAppender.java:installSnapshot(549)) - omNode-1@group-523986131536->omNode-2-GrpcLogAppender: send omNode-1->omNode-2#0-t7,notify:(t:7, i:61)
2022-10-18 03:54:12,753 [omNode-2-server-thread1] INFO  server.RaftServer$Division (RaftServerImpl.java:checkInconsistentAppendEntries(1402)) - omNode-2@group-523986131536: Failed appendEntries as snapshot (61) installation is in progress
2022-10-18 03:54:12,753 [omNode-2-server-thread1] INFO  server.RaftServer$Division (RaftServerImpl.java:checkInconsistentAppendEntries(1394)) - omNode-2@group-523986131536: inconsistency entries. Reply:omNode-1<-omNode-2#679:FAIL-t7,INCONSISTENCY,nextIndex=59,followerCommit=58
2022-10-18 03:54:12,753 [grpc-default-executor-1] INFO  impl.SnapshotInstallationHandler (SnapshotInstallationHandler.java:installSnapshot(84)) - omNode-2@group-523986131536: receive installSnapshot: omNode-1->omNode-2#0-t7,notify:(t:7, i:61)
2022-10-18 03:54:12,753 [grpc-default-executor-1] INFO  impl.SnapshotInstallationHandler (SnapshotInstallationHandler.java:installSnapshot(95)) - omNode-2@group-523986131536: reply installSnapshot: omNode-1<-omNode-2#0:FAIL-t7,IN_PROGRESS
2022-10-18 03:54:12,753 [grpc-default-executor-1] INFO  server.GrpcServerProtocolService (GrpcServerProtocolService.java:onCompleted(140)) - omNode-2: Completed INSTALL_SNAPSHOT, lastRequest: omNode-1->omNode-2#0-t7,notify:(t:7, i:61)
2022-10-18 03:54:12,755 [grpc-default-executor-2] INFO  server.GrpcLogAppender (GrpcLogAppender.java:onNext(403)) - omNode-1@group-523986131536->omNode-2-InstallSnapshotResponseHandler: received a reply omNode-1<-omNode-2#0:FAIL-t7,IN_PROGRESS
2022-10-18 03:54:12,756 [grpc-default-executor-2] INFO  server.GrpcLogAppender (GrpcLogAppender.java:onNext(421)) - omNode-1@group-523986131536->omNode-2-InstallSnapshotResponseHandler: InstallSnapshot in progress.
2022-10-18 03:54:12,756 [grpc-default-executor-1] INFO  leader.FollowerInfo (FollowerInfoImpl.java:lambda$new$0(48)) - omNode-1@group-523986131536->omNode-2: nextIndex: updateUnconditionally 59 -> 59
2022-10-18 03:54:12,756 [omNode-1@group-523986131536->omNode-2-GrpcLogAppender-LogAppenderDaemon] INFO  server.GrpcLogAppender (GrpcLogAppender.java:installSnapshot(541)) - omNode-1@group-523986131536->omNode-2-GrpcLogAppender: followerNextIndex = 59 but logStartIndex = 61, notify follower to install snapshot-(t:7, i:61)
2022-10-18 03:54:12,756 [omNode-1@group-523986131536->omNode-2-GrpcLogAppender-LogAppenderDaemon] INFO  server.GrpcLogAppender (GrpcLogAppender.java:installSnapshot(549)) - omNode-1@group-523986131536->omNode-2-GrpcLogAppender: send omNode-1->omNode-2#0-t7,notify:(t:7, i:61)
2022-10-18 03:54:12,756 [omNode-2-server-thread1] INFO  server.RaftServer$Division (RaftServerImpl.java:checkInconsistentAppendEntries(1402)) - omNode-2@group-523986131536: Failed appendEntries as snapshot (61) installation is in progress
2022-10-18 03:54:12,756 [omNode-2-server-thread1] INFO  server.RaftServer$Division (RaftServerImpl.java:checkInconsistentAppendEntries(1394)) - omNode-2@group-523986131536: inconsistency entries. Reply:omNode-1<-omNode-2#680:FAIL-t7,INCONSISTENCY,nextIndex=59,followerCommit=58
2022-10-18 03:54:12,757 [grpc-default-executor-1] INFO  leader.FollowerInfo (FollowerInfoImpl.java:lambda$new$0(48)) - omNode-1@group-523986131536->omNode-2: nextIndex: updateUnconditionally 59 -> 59
2022-10-18 03:54:12,757 [grpc-default-executor-2] INFO  impl.SnapshotInstallationHandler (SnapshotInstallationHandler.java:installSnapshot(84)) - omNode-2@group-523986131536: receive installSnapshot: omNode-1->omNode-2#0-t7,notify:(t:7, i:61)
2022-10-18 03:54:12,757 [grpc-default-executor-2] INFO  impl.SnapshotInstallationHandler (SnapshotInstallationHandler.java:installSnapshot(95)) - omNode-2@group-523986131536: reply installSnapshot: omNode-1<-omNode-2#0:FAIL-t7,IN_PROGRESS
2022-10-18 03:54:12,757 [grpc-default-executor-2] INFO  server.GrpcServerProtocolService (GrpcServerProtocolService.java:onCompleted(140)) - omNode-2: Completed INSTALL_SNAPSHOT, lastRequest: omNode-1->omNode-2#0-t7,notify:(t:7, i:61)
2022-10-18 03:54:12,758 [grpc-default-executor-2] INFO  server.GrpcLogAppender (GrpcLogAppender.java:onNext(403)) - omNode-1@group-523986131536->omNode-2-InstallSnapshotResponseHandler: received a reply omNode-1<-omNode-2#0:FAIL-t7,IN_PROGRESS
2022-10-18 03:54:12,758 [grpc-default-executor-2] INFO  server.GrpcLogAppender (GrpcLogAppender.java:onNext(421)) - omNode-1@group-523986131536->omNode-2-InstallSnapshotResponseHandler: InstallSnapshot in progress.
2022-10-18 03:54:12,758 [omNode-1@group-523986131536->omNode-2-GrpcLogAppender-LogAppenderDaemon] INFO  server.GrpcLogAppender (GrpcLogAppender.java:installSnapshot(541)) - omNode-1@group-523986131536->omNode-2-GrpcLogAppender: followerNextIndex = 59 but logStartIndex = 61, notify follower to install snapshot-(t:7, i:61)
2022-10-18 03:54:12,758 [omNode-1@group-523986131536->omNode-2-GrpcLogAppender-LogAppenderDaemon] INFO  server.GrpcLogAppender (GrpcLogAppender.java:installSnapshot(549)) - omNode-1@group-523986131536->omNode-2-GrpcLogAppender: send omNode-1->omNode-2#0-t7,notify:(t:7, i:61)
2022-10-18 03:54:12,758 [omNode-2-server-thread1] INFO  server.RaftServer$Division (RaftServerImpl.java:checkInconsistentAppendEntries(1402)) - omNode-2@group-523986131536: Failed appendEntries as snapshot (61) installation is in progress
2022-10-18 03:54:12,758 [omNode-2-server-thread1] INFO  server.RaftServer$Division (RaftServerImpl.java:checkInconsistentAppendEntries(1394)) - omNode-2@group-523986131536: inconsistency entries. Reply:omNode-1<-omNode-2#681:FAIL-t7,INCONSISTENCY,nextIndex=59,followerCommit=58
2022-10-18 03:54:12,759 [grpc-default-executor-2] INFO  impl.SnapshotInstallationHandler (SnapshotInstallationHandler.java:installSnapshot(84)) - omNode-2@group-523986131536: receive installSnapshot: omNode-1->omNode-2#0-t7,notify:(t:7, i:61)
2022-10-18 03:54:12,759 [grpc-default-executor-2] INFO  impl.SnapshotInstallationHandler (SnapshotInstallationHandler.java:installSnapshot(95)) - omNode-2@group-523986131536: reply installSnapshot: omNode-1<-omNode-2#0:FAIL-t7,IN_PROGRESS
2022-10-18 03:54:12,759 [grpc-default-executor-2] INFO  server.GrpcServerProtocolService (GrpcServerProtocolService.java:onCompleted(140)) - omNode-2: Completed INSTALL_SNAPSHOT, lastRequest: omNode-1->omNode-2#0-t7,notify:(t:7, i:61)
2022-10-18 03:54:12,760 [grpc-default-executor-1] INFO  leader.FollowerInfo (FollowerInfoImpl.java:lambda$new$0(48)) - omNode-1@group-523986131536->omNode-2: nextIndex: updateUnconditionally 59 -> 59
2022-10-18 03:54:12,762 [grpc-default-executor-1] INFO  server.GrpcLogAppender (GrpcLogAppender.java:onNext(403)) - omNode-1@group-523986131536->omNode-2-InstallSnapshotResponseHandler: received a reply omNode-1<-omNode-2#0:FAIL-t7,IN_PROGRESS
2022-10-18 03:54:12,762 [grpc-default-executor-1] INFO  server.GrpcLogAppender (GrpcLogAppender.java:onNext(421)) - omNode-1@group-523986131536->omNode-2-InstallSnapshotResponseHandler: InstallSnapshot in progress.
2022-10-18 03:54:12,762 [omNode-1@group-523986131536->omNode-2-GrpcLogAppender-LogAppenderDaemon] INFO  server.GrpcLogAppender (GrpcLogAppender.java:installSnapshot(541)) - omNode-1@group-523986131536->omNode-2-GrpcLogAppender: followerNextIndex = 59 but logStartIndex = 61, notify follower to install snapshot-(t:7, i:61)
2022-10-18 03:54:12,762 [omNode-1@group-523986131536->omNode-2-GrpcLogAppender-LogAppenderDaemon] INFO  server.GrpcLogAppender (GrpcLogAppender.java:installSnapshot(549)) - omNode-1@group-523986131536->omNode-2-GrpcLogAppender: send omNode-1->omNode-2#0-t7,notify:(t:7, i:61)
2022-10-18 03:54:12,766 [omNode-2-server-thread1] INFO  server.RaftServer$Division (RaftServerImpl.java:checkInconsistentAppendEntries(1402)) - omNode-2@group-523986131536: Failed appendEntries as snapshot (61) installation is in progress
2022-10-18 03:54:12,766 [omNode-2-server-thread1] INFO  server.RaftServer$Division (RaftServerImpl.java:checkInconsistentAppendEntries(1394)) - omNode-2@group-523986131536: inconsistency entries. Reply:omNode-1<-omNode-2#682:FAIL-t7,INCONSISTENCY,nextIndex=59,followerCommit=58
2022-10-18 03:54:12,766 [grpc-default-executor-1] INFO  impl.SnapshotInstallationHandler (SnapshotInstallationHandler.java:installSnapshot(84)) - omNode-2@group-523986131536: receive installSnapshot: omNode-1->omNode-2#0-t7,notify:(t:7, i:61)
2022-10-18 03:54:12,767 [grpc-default-executor-1] INFO  impl.SnapshotInstallationHandler (SnapshotInstallationHandler.java:installSnapshot(95)) - omNode-2@group-523986131536: reply installSnapshot: omNode-1<-omNode-2#0:FAIL-t7,IN_PROGRESS
2022-10-18 03:54:12,767 [grpc-default-executor-1] INFO  server.GrpcServerProtocolService (GrpcServerProtocolService.java:onCompleted(140)) - omNode-2: Completed INSTALL_SNAPSHOT, lastRequest: omNode-1->omNode-2#0-t7,notify:(t:7, i:61)
2022-10-18 03:54:12,770 [grpc-default-executor-1] INFO  leader.FollowerInfo (FollowerInfoImpl.java:lambda$new$0(48)) - omNode-1@group-523986131536->omNode-2: nextIndex: updateUnconditionally 59 -> 59
2022-10-18 03:54:12,770 [grpc-default-executor-2] INFO  server.GrpcLogAppender (GrpcLogAppender.java:onNext(403)) - omNode-1@group-523986131536->omNode-2-InstallSnapshotResponseHandler: received a reply omNode-1<-omNode-2#0:FAIL-t7,IN_PROGRESS
2022-10-18 03:54:12,770 [grpc-default-executor-2] INFO  server.GrpcLogAppender (GrpcLogAppender.java:onNext(421)) - omNode-1@group-523986131536->omNode-2-InstallSnapshotResponseHandler: InstallSnapshot in progress.
2022-10-18 03:54:12,771 [omNode-1@group-523986131536->omNode-2-GrpcLogAppender-LogAppenderDaemon] INFO  server.GrpcLogAppender (GrpcLogAppender.java:installSnapshot(541)) - omNode-1@group-523986131536->omNode-2-GrpcLogAppender: followerNextIndex = 59 but logStartIndex = 61, notify follower to install snapshot-(t:7, i:61)
2022-10-18 03:54:12,771 [omNode-1@group-523986131536->omNode-2-GrpcLogAppender-LogAppenderDaemon] INFO  server.GrpcLogAppender (GrpcLogAppender.java:installSnapshot(549)) - omNode-1@group-523986131536->omNode-2-GrpcLogAppender: send omNode-1->omNode-2#0-t7,notify:(t:7, i:61)
2022-10-18 03:54:12,771 [omNode-2-server-thread1] INFO  server.RaftServer$Division (RaftServerImpl.java:checkInconsistentAppendEntries(1402)) - omNode-2@group-523986131536: Failed appendEntries as snapshot (61) installation is in progress
2022-10-18 03:54:12,771 [omNode-2-server-thread1] INFO  server.RaftServer$Division (RaftServerImpl.java:checkInconsistentAppendEntries(1394)) - omNode-2@group-523986131536: inconsistency entries. Reply:omNode-1<-omNode-2#683:FAIL-t7,INCONSISTENCY,nextIndex=59,followerCommit=58
2022-10-18 03:54:12,771 [grpc-default-executor-0] INFO  impl.SnapshotInstallationHandler (SnapshotInstallationHandler.java:installSnapshot(84)) - omNode-2@group-523986131536: receive installSnapshot: omNode-1->omNode-2#0-t7,notify:(t:7, i:61)
2022-10-18 03:54:12,772 [grpc-default-executor-0] INFO  impl.SnapshotInstallationHandler (SnapshotInstallationHandler.java:installSnapshot(95)) - omNode-2@group-523986131536: reply installSnapshot: omNode-1<-omNode-2#0:FAIL-t7,IN_PROGRESS
2022-10-18 03:54:12,772 [grpc-default-executor-0] INFO  server.GrpcServerProtocolService (GrpcServerProtocolService.java:onCompleted(140)) - omNode-2: Completed INSTALL_SNAPSHOT, lastRequest: omNode-1->omNode-2#0-t7,notify:(t:7, i:61)
2022-10-18 03:54:12,772 [grpc-default-executor-1] INFO  leader.FollowerInfo (FollowerInfoImpl.java:lambda$new$0(48)) - omNode-1@group-523986131536->omNode-2: nextIndex: updateUnconditionally 59 -> 59
2022-10-18 03:54:12,773 [grpc-default-executor-2] INFO  server.GrpcLogAppender (GrpcLogAppender.java:onNext(403)) - omNode-1@group-523986131536->omNode-2-InstallSnapshotResponseHandler: received a reply omNode-1<-omNode-2#0:FAIL-t7,IN_PROGRESS
2022-10-18 03:54:12,773 [grpc-default-executor-2] INFO  server.GrpcLogAppender (GrpcLogAppender.java:onNext(421)) - omNode-1@group-523986131536->omNode-2-InstallSnapshotResponseHandler: InstallSnapshot in progress.
2022-10-18 03:54:12,773 [omNode-1@group-523986131536->omNode-2-GrpcLogAppender-LogAppenderDaemon] INFO  server.GrpcLogAppender (GrpcLogAppender.java:installSnapshot(541)) - omNode-1@group-523986131536->omNode-2-GrpcLogAppender: followerNextIndex = 59 but logStartIndex = 61, notify follower to install snapshot-(t:7, i:61)
2022-10-18 03:54:12,773 [omNode-1@group-523986131536->omNode-2-GrpcLogAppender-LogAppenderDaemon] INFO  server.GrpcLogAppender (GrpcLogAppender.java:installSnapshot(549)) - omNode-1@group-523986131536->omNode-2-GrpcLogAppender: send omNode-1->omNode-2#0-t7,notify:(t:7, i:61)
2022-10-18 03:54:12,773 [omNode-2-server-thread1] INFO  server.RaftServer$Division (RaftServerImpl.java:checkInconsistentAppendEntries(1402)) - omNode-2@group-523986131536: Failed appendEntries as snapshot (61) installation is in progress
2022-10-18 03:54:12,773 [omNode-2-server-thread1] INFO  server.RaftServer$Division (RaftServerImpl.java:checkInconsistentAppendEntries(1394)) - omNode-2@group-523986131536: inconsistency entries. Reply:omNode-1<-omNode-2#684:FAIL-t7,INCONSISTENCY,nextIndex=59,followerCommit=58
2022-10-18 03:54:12,774 [grpc-default-executor-0] INFO  leader.FollowerInfo (FollowerInfoImpl.java:lambda$new$0(48)) - omNode-1@group-523986131536->omNode-2: nextIndex: updateUnconditionally 59 -> 59
2022-10-18 03:54:12,774 [grpc-default-executor-2] INFO  impl.SnapshotInstallationHandler (SnapshotInstallationHandler.java:installSnapshot(84)) - omNode-2@group-523986131536: receive installSnapshot: omNode-1->omNode-2#0-t7,notify:(t:7, i:61)
2022-10-18 03:54:12,774 [grpc-default-executor-2] INFO  impl.SnapshotInstallationHandler (SnapshotInstallationHandler.java:installSnapshot(95)) - omNode-2@group-523986131536: reply installSnapshot: omNode-1<-omNode-2#0:FAIL-t7,IN_PROGRESS
2022-10-18 03:54:12,774 [grpc-default-executor-2] INFO  server.GrpcServerProtocolService (GrpcServerProtocolService.java:onCompleted(140)) - omNode-2: Completed INSTALL_SNAPSHOT, lastRequest: omNode-1->omNode-2#0-t7,notify:(t:7, i:61)
2022-10-18 03:54:12,775 [grpc-default-executor-2] INFO  server.GrpcLogAppender (GrpcLogAppender.java:onNext(403)) - omNode-1@group-523986131536->omNode-2-InstallSnapshotResponseHandler: received a reply omNode-1<-omNode-2#0:FAIL-t7,IN_PROGRESS
2022-10-18 03:54:12,775 [grpc-default-executor-2] INFO  server.GrpcLogAppender (GrpcLogAppender.java:onNext(421)) - omNode-1@group-523986131536->omNode-2-InstallSnapshotResponseHandler: InstallSnapshot in progress.
2022-10-18 03:54:12,775 [omNode-1@group-523986131536->omNode-2-GrpcLogAppender-LogAppenderDaemon] INFO  server.GrpcLogAppender (GrpcLogAppender.java:installSnapshot(541)) - omNode-1@group-523986131536->omNode-2-GrpcLogAppender: followerNextIndex = 59 but logStartIndex = 61, notify follower to install snapshot-(t:7, i:61)
2022-10-18 03:54:12,775 [omNode-1@group-523986131536->omNode-2-GrpcLogAppender-LogAppenderDaemon] INFO  server.GrpcLogAppender (GrpcLogAppender.java:installSnapshot(549)) - omNode-1@group-523986131536->omNode-2-GrpcLogAppender: send omNode-1->omNode-2#0-t7,notify:(t:7, i:61)
2022-10-18 03:54:12,776 [omNode-2-server-thread1] INFO  server.RaftServer$Division (RaftServerImpl.java:checkInconsistentAppendEntries(1402)) - omNode-2@group-523986131536: Failed appendEntries as snapshot (61) installation is in progress
2022-10-18 03:54:12,776 [omNode-2-server-thread1] INFO  server.RaftServer$Division (RaftServerImpl.java:checkInconsistentAppendEntries(1394)) - omNode-2@group-523986131536: inconsistency entries. Reply:omNode-1<-omNode-2#685:FAIL-t7,INCONSISTENCY,nextIndex=59,followerCommit=58
2022-10-18 03:54:12,776 [grpc-default-executor-0] INFO  impl.SnapshotInstallationHandler (SnapshotInstallationHandler.java:installSnapshot(84)) - omNode-2@group-523986131536: receive installSnapshot: omNode-1->omNode-2#0-t7,notify:(t:7, i:61)
2022-10-18 03:54:12,776 [grpc-default-executor-0] INFO  impl.SnapshotInstallationHandler (SnapshotInstallationHandler.java:installSnapshot(95)) - omNode-2@group-523986131536: reply installSnapshot: omNode-1<-omNode-2#0:FAIL-t7,IN_PROGRESS
2022-10-18 03:54:12,776 [grpc-default-executor-0] INFO  server.GrpcServerProtocolService (GrpcServerProtocolService.java:onCompleted(140)) - omNode-2: Completed INSTALL_SNAPSHOT, lastRequest: omNode-1->omNode-2#0-t7,notify:(t:7, i:61)
2022-10-18 03:54:12,776 [grpc-default-executor-2] INFO  leader.FollowerInfo (FollowerInfoImpl.java:lambda$new$0(48)) - omNode-1@group-523986131536->omNode-2: nextIndex: updateUnconditionally 59 -> 59
2022-10-18 03:54:12,777 [grpc-default-executor-0] INFO  server.GrpcLogAppender (GrpcLogAppender.java:onNext(403)) - omNode-1@group-523986131536->omNode-2-InstallSnapshotResponseHandler: received a reply omNode-1<-omNode-2#0:FAIL-t7,IN_PROGRESS
2022-10-18 03:54:12,777 [grpc-default-executor-0] INFO  server.GrpcLogAppender (GrpcLogAppender.java:onNext(421)) - omNode-1@group-523986131536->omNode-2-InstallSnapshotResponseHandler: InstallSnapshot in progress.
2022-10-18 03:54:12,777 [omNode-1@group-523986131536->omNode-2-GrpcLogAppender-LogAppenderDaemon] INFO  server.GrpcLogAppender (GrpcLogAppender.java:installSnapshot(541)) - omNode-1@group-523986131536->omNode-2-GrpcLogAppender: followerNextIndex = 59 but logStartIndex = 61, notify follower to install snapshot-(t:7, i:61)
2022-10-18 03:54:12,777 [omNode-1@group-523986131536->omNode-2-GrpcLogAppender-LogAppenderDaemon] INFO  server.GrpcLogAppender (GrpcLogAppender.java:installSnapshot(549)) - omNode-1@group-523986131536->omNode-2-GrpcLogAppender: send omNode-1->omNode-2#0-t7,notify:(t:7, i:61)
2022-10-18 03:54:12,779 [omNode-2-server-thread1] INFO  server.RaftServer$Division (RaftServerImpl.java:checkInconsistentAppendEntries(1402)) - omNode-2@group-523986131536: Failed appendEntries as snapshot (61) installation is in progress
2022-10-18 03:54:12,779 [omNode-2-server-thread1] INFO  server.RaftServer$Division (RaftServerImpl.java:checkInconsistentAppendEntries(1394)) - omNode-2@group-523986131536: inconsistency entries. Reply:omNode-1<-omNode-2#686:FAIL-t7,INCONSISTENCY,nextIndex=59,followerCommit=58
2022-10-18 03:54:12,779 [grpc-default-executor-0] INFO  impl.SnapshotInstallationHandler (SnapshotInstallationHandler.java:installSnapshot(84)) - omNode-2@group-523986131536: receive installSnapshot: omNode-1->omNode-2#0-t7,notify:(t:7, i:61)
2022-10-18 03:54:12,780 [grpc-default-executor-0] INFO  impl.SnapshotInstallationHandler (SnapshotInstallationHandler.java:installSnapshot(95)) - omNode-2@group-523986131536: reply installSnapshot: omNode-1<-omNode-2#0:FAIL-t7,IN_PROGRESS
2022-10-18 03:54:12,780 [grpc-default-executor-0] INFO  server.GrpcServerProtocolService (GrpcServerProtocolService.java:onCompleted(140)) - omNode-2: Completed INSTALL_SNAPSHOT, lastRequest: omNode-1->omNode-2#0-t7,notify:(t:7, i:61)
2022-10-18 03:54:12,781 [grpc-default-executor-0] INFO  leader.FollowerInfo (FollowerInfoImpl.java:lambda$new$0(48)) - omNode-1@group-523986131536->omNode-2: nextIndex: updateUnconditionally 59 -> 59
2022-10-18 03:54:12,781 [grpc-default-executor-2] INFO  server.GrpcLogAppender (GrpcLogAppender.java:onNext(403)) - omNode-1@group-523986131536->omNode-2-InstallSnapshotResponseHandler: received a reply omNode-1<-omNode-2#0:FAIL-t7,IN_PROGRESS
2022-10-18 03:54:12,781 [grpc-default-executor-2] INFO  server.GrpcLogAppender (GrpcLogAppender.java:onNext(421)) - omNode-1@group-523986131536->omNode-2-InstallSnapshotResponseHandler: InstallSnapshot in progress.
2022-10-18 03:54:12,782 [omNode-1@group-523986131536->omNode-2-GrpcLogAppender-LogAppenderDaemon] INFO  server.GrpcLogAppender (GrpcLogAppender.java:installSnapshot(541)) - omNode-1@group-523986131536->omNode-2-GrpcLogAppender: followerNextIndex = 59 but logStartIndex = 61, notify follower to install snapshot-(t:7, i:61)
2022-10-18 03:54:12,782 [omNode-1@group-523986131536->omNode-2-GrpcLogAppender-LogAppenderDaemon] INFO  server.GrpcLogAppender (GrpcLogAppender.java:installSnapshot(549)) - omNode-1@group-523986131536->omNode-2-GrpcLogAppender: send omNode-1->omNode-2#0-t7,notify:(t:7, i:61)
2022-10-18 03:54:12,783 [omNode-2-server-thread1] INFO  server.RaftServer$Division (RaftServerImpl.java:checkInconsistentAppendEntries(1402)) - omNode-2@group-523986131536: Failed appendEntries as snapshot (61) installation is in progress
2022-10-18 03:54:12,783 [omNode-2-server-thread1] INFO  server.RaftServer$Division (RaftServerImpl.java:checkInconsistentAppendEntries(1394)) - omNode-2@group-523986131536: inconsistency entries. Reply:omNode-1<-omNode-2#687:FAIL-t7,INCONSISTENCY,nextIndex=59,followerCommit=58
2022-10-18 03:54:12,783 [grpc-default-executor-1] INFO  leader.FollowerInfo (FollowerInfoImpl.java:lambda$new$0(48)) - omNode-1@group-523986131536->omNode-2: nextIndex: updateUnconditionally 59 -> 59
2022-10-18 03:54:12,784 [grpc-default-executor-0] INFO  impl.SnapshotInstallationHandler (SnapshotInstallationHandler.java:installSnapshot(84)) - omNode-2@group-523986131536: receive installSnapshot: omNode-1->omNode-2#0-t7,notify:(t:7, i:61)
2022-10-18 03:54:12,784 [grpc-default-executor-0] INFO  impl.SnapshotInstallationHandler (SnapshotInstallationHandler.java:installSnapshot(95)) - omNode-2@group-523986131536: reply installSnapshot: omNode-1<-omNode-2#0:FAIL-t7,IN_PROGRESS
2022-10-18 03:54:12,784 [grpc-default-executor-0] INFO  server.GrpcServerProtocolService (GrpcServerProtocolService.java:onCompleted(140)) - omNode-2: Completed INSTALL_SNAPSHOT, lastRequest: omNode-1->omNode-2#0-t7,notify:(t:7, i:61)
2022-10-18 03:54:12,784 [grpc-default-executor-0] INFO  server.GrpcLogAppender (GrpcLogAppender.java:onNext(403)) - omNode-1@group-523986131536->omNode-2-InstallSnapshotResponseHandler: received a reply omNode-1<-omNode-2#0:FAIL-t7,IN_PROGRESS
2022-10-18 03:54:12,784 [grpc-default-executor-0] INFO  server.GrpcLogAppender (GrpcLogAppender.java:onNext(421)) - omNode-1@group-523986131536->omNode-2-InstallSnapshotResponseHandler: InstallSnapshot in progress.
2022-10-18 03:54:12,784 [omNode-1@group-523986131536->omNode-2-GrpcLogAppender-LogAppenderDaemon] INFO  server.GrpcLogAppender (GrpcLogAppender.java:installSnapshot(541)) - omNode-1@group-523986131536->omNode-2-GrpcLogAppender: followerNextIndex = 59 but logStartIndex = 61, notify follower to install snapshot-(t:7, i:61)
2022-10-18 03:54:12,785 [omNode-1@group-523986131536->omNode-2-GrpcLogAppender-LogAppenderDaemon] INFO  server.GrpcLogAppender (GrpcLogAppender.java:installSnapshot(549)) - omNode-1@group-523986131536->omNode-2-GrpcLogAppender: send omNode-1->omNode-2#0-t7,notify:(t:7, i:61)
2022-10-18 03:54:12,785 [omNode-2-server-thread1] INFO  server.RaftServer$Division (RaftServerImpl.java:checkInconsistentAppendEntries(1402)) - omNode-2@group-523986131536: Failed appendEntries as snapshot (61) installation is in progress
2022-10-18 03:54:12,785 [omNode-2-server-thread1] INFO  server.RaftServer$Division (RaftServerImpl.java:checkInconsistentAppendEntries(1394)) - omNode-2@group-523986131536: inconsistency entries. Reply:omNode-1<-omNode-2#688:FAIL-t7,INCONSISTENCY,nextIndex=59,followerCommit=58
2022-10-18 03:54:12,790 [grpc-default-executor-1] INFO  leader.FollowerInfo (FollowerInfoImpl.java:lambda$new$0(48)) - omNode-1@group-523986131536->omNode-2: nextIndex: updateUnconditionally 59 -> 59
2022-10-18 03:54:12,790 [grpc-default-executor-0] INFO  impl.SnapshotInstallationHandler (SnapshotInstallationHandler.java:installSnapshot(84)) - omNode-2@group-523986131536: receive installSnapshot: omNode-1->omNode-2#0-t7,notify:(t:7, i:61)
2022-10-18 03:54:12,790 [grpc-default-executor-0] INFO  impl.SnapshotInstallationHandler (SnapshotInstallationHandler.java:installSnapshot(95)) - omNode-2@group-523986131536: reply installSnapshot: omNode-1<-omNode-2#0:FAIL-t7,IN_PROGRESS
2022-10-18 03:54:12,791 [grpc-default-executor-0] INFO  server.GrpcServerProtocolService (GrpcServerProtocolService.java:onCompleted(140)) - omNode-2: Completed INSTALL_SNAPSHOT, lastRequest: omNode-1->omNode-2#0-t7,notify:(t:7, i:61)
2022-10-18 03:54:12,793 [grpc-default-executor-0] INFO  server.GrpcLogAppender (GrpcLogAppender.java:onNext(403)) - omNode-1@group-523986131536->omNode-2-InstallSnapshotResponseHandler: received a reply omNode-1<-omNode-2#0:FAIL-t7,IN_PROGRESS
2022-10-18 03:54:12,793 [grpc-default-executor-0] INFO  server.GrpcLogAppender (GrpcLogAppender.java:onNext(421)) - omNode-1@group-523986131536->omNode-2-InstallSnapshotResponseHandler: InstallSnapshot in progress.
2022-10-18 03:54:12,793 [omNode-1@group-523986131536->omNode-2-GrpcLogAppender-LogAppenderDaemon] INFO  server.GrpcLogAppender (GrpcLogAppender.java:installSnapshot(541)) - omNode-1@group-523986131536->omNode-2-GrpcLogAppender: followerNextIndex = 59 but logStartIndex = 61, notify follower to install snapshot-(t:7, i:61)
2022-10-18 03:54:12,793 [omNode-1@group-523986131536->omNode-2-GrpcLogAppender-LogAppenderDaemon] INFO  server.GrpcLogAppender (GrpcLogAppender.java:installSnapshot(549)) - omNode-1@group-523986131536->omNode-2-GrpcLogAppender: send omNode-1->omNode-2#0-t7,notify:(t:7, i:61)
2022-10-18 03:54:12,794 [omNode-2-server-thread1] INFO  server.RaftServer$Division (RaftServerImpl.java:checkInconsistentAppendEntries(1402)) - omNode-2@group-523986131536: Failed appendEntries as snapshot (61) installation is in progress
2022-10-18 03:54:12,794 [omNode-2-server-thread1] INFO  server.RaftServer$Division (RaftServerImpl.java:checkInconsistentAppendEntries(1394)) - omNode-2@group-523986131536: inconsistency entries. Reply:omNode-1<-omNode-2#689:FAIL-t7,INCONSISTENCY,nextIndex=59,followerCommit=58
2022-10-18 03:54:12,794 [grpc-default-executor-1] INFO  impl.SnapshotInstallationHandler (SnapshotInstallationHandler.java:installSnapshot(84)) - omNode-2@group-523986131536: receive installSnapshot: omNode-1->omNode-2#0-t7,notify:(t:7, i:61)
2022-10-18 03:54:12,794 [grpc-default-executor-1] INFO  impl.SnapshotInstallationHandler (SnapshotInstallationHandler.java:installSnapshot(95)) - omNode-2@group-523986131536: reply installSnapshot: omNode-1<-omNode-2#0:FAIL-t7,IN_PROGRESS
2022-10-18 03:54:12,794 [grpc-default-executor-1] INFO  server.GrpcServerProtocolService (GrpcServerProtocolService.java:onCompleted(140)) - omNode-2: Completed INSTALL_SNAPSHOT, lastRequest: omNode-1->omNode-2#0-t7,notify:(t:7, i:61)
2022-10-18 03:54:12,795 [grpc-default-executor-0] INFO  leader.FollowerInfo (FollowerInfoImpl.java:lambda$new$0(48)) - omNode-1@group-523986131536->omNode-2: nextIndex: updateUnconditionally 59 -> 59
2022-10-18 03:54:12,795 [grpc-default-executor-1] INFO  server.GrpcLogAppender (GrpcLogAppender.java:onNext(403)) - omNode-1@group-523986131536->omNode-2-InstallSnapshotResponseHandler: received a reply omNode-1<-omNode-2#0:FAIL-t7,IN_PROGRESS
2022-10-18 03:54:12,795 [grpc-default-executor-1] INFO  server.GrpcLogAppender (GrpcLogAppender.java:onNext(421)) - omNode-1@group-523986131536->omNode-2-InstallSnapshotResponseHandler: InstallSnapshot in progress.
2022-10-18 03:54:12,796 [omNode-1@group-523986131536->omNode-2-GrpcLogAppender-LogAppenderDaemon] INFO  server.GrpcLogAppender (GrpcLogAppender.java:installSnapshot(541)) - omNode-1@group-523986131536->omNode-2-GrpcLogAppender: followerNextIndex = 59 but logStartIndex = 61, notify follower to install snapshot-(t:7, i:61)
2022-10-18 03:54:12,796 [omNode-1@group-523986131536->omNode-2-GrpcLogAppender-LogAppenderDaemon] INFO  server.GrpcLogAppender (GrpcLogAppender.java:installSnapshot(549)) - omNode-1@group-523986131536->omNode-2-GrpcLogAppender: send omNode-1->omNode-2#0-t7,notify:(t:7, i:61)
2022-10-18 03:54:12,796 [omNode-2-server-thread1] INFO  server.RaftServer$Division (RaftServerImpl.java:checkInconsistentAppendEntries(1402)) - omNode-2@group-523986131536: Failed appendEntries as snapshot (61) installation is in progress
2022-10-18 03:54:12,796 [omNode-2-server-thread1] INFO  server.RaftServer$Division (RaftServerImpl.java:checkInconsistentAppendEntries(1394)) - omNode-2@group-523986131536: inconsistency entries. Reply:omNode-1<-omNode-2#690:FAIL-t7,INCONSISTENCY,nextIndex=59,followerCommit=58
2022-10-18 03:54:12,796 [grpc-default-executor-1] INFO  impl.SnapshotInstallationHandler (SnapshotInstallationHandler.java:installSnapshot(84)) - omNode-2@group-523986131536: receive installSnapshot: omNode-1->omNode-2#0-t7,notify:(t:7, i:61)
2022-10-18 03:54:12,797 [grpc-default-executor-1] INFO  impl.SnapshotInstallationHandler (SnapshotInstallationHandler.java:installSnapshot(95)) - omNode-2@group-523986131536: reply installSnapshot: omNode-1<-omNode-2#0:FAIL-t7,IN_PROGRESS
2022-10-18 03:54:12,797 [grpc-default-executor-1] INFO  server.GrpcServerProtocolService (GrpcServerProtocolService.java:onCompleted(140)) - omNode-2: Completed INSTALL_SNAPSHOT, lastRequest: omNode-1->omNode-2#0-t7,notify:(t:7, i:61)
2022-10-18 03:54:12,797 [grpc-default-executor-2] INFO  leader.FollowerInfo (FollowerInfoImpl.java:lambda$new$0(48)) - omNode-1@group-523986131536->omNode-2: nextIndex: updateUnconditionally 59 -> 59
2022-10-18 03:54:12,797 [grpc-default-executor-1] INFO  server.GrpcLogAppender (GrpcLogAppender.java:onNext(403)) - omNode-1@group-523986131536->omNode-2-InstallSnapshotResponseHandler: received a reply omNode-1<-omNode-2#0:FAIL-t7,IN_PROGRESS
2022-10-18 03:54:12,797 [grpc-default-executor-1] INFO  server.GrpcLogAppender (GrpcLogAppender.java:onNext(421)) - omNode-1@group-523986131536->omNode-2-InstallSnapshotResponseHandler: InstallSnapshot in progress.
2022-10-18 03:54:12,797 [omNode-1@group-523986131536->omNode-2-GrpcLogAppender-LogAppenderDaemon] INFO  server.GrpcLogAppender (GrpcLogAppender.java:installSnapshot(541)) - omNode-1@group-523986131536->omNode-2-GrpcLogAppender: followerNextIndex = 59 but logStartIndex = 61, notify follower to install snapshot-(t:7, i:61)
2022-10-18 03:54:12,797 [omNode-1@group-523986131536->omNode-2-GrpcLogAppender-LogAppenderDaemon] INFO  server.GrpcLogAppender (GrpcLogAppender.java:installSnapshot(549)) - omNode-1@group-523986131536->omNode-2-GrpcLogAppender: send omNode-1->omNode-2#0-t7,notify:(t:7, i:61)
2022-10-18 03:54:12,798 [omNode-2-server-thread1] INFO  server.RaftServer$Division (RaftServerImpl.java:checkInconsistentAppendEntries(1402)) - omNode-2@group-523986131536: Failed appendEntries as snapshot (61) installation is in progress
2022-10-18 03:54:12,798 [omNode-2-server-thread1] INFO  server.RaftServer$Division (RaftServerImpl.java:checkInconsistentAppendEntries(1394)) - omNode-2@group-523986131536: inconsistency entries. Reply:omNode-1<-omNode-2#691:FAIL-t7,INCONSISTENCY,nextIndex=59,followerCommit=58
2022-10-18 03:54:12,798 [grpc-default-executor-1] INFO  impl.SnapshotInstallationHandler (SnapshotInstallationHandler.java:installSnapshot(84)) - omNode-2@group-523986131536: receive installSnapshot: omNode-1->omNode-2#0-t7,notify:(t:7, i:61)
2022-10-18 03:54:12,798 [grpc-default-executor-1] INFO  impl.SnapshotInstallationHandler (SnapshotInstallationHandler.java:installSnapshot(95)) - omNode-2@group-523986131536: reply installSnapshot: omNode-1<-omNode-2#0:FAIL-t7,IN_PROGRESS
2022-10-18 03:54:12,799 [grpc-default-executor-1] INFO  server.GrpcServerProtocolService (GrpcServerProtocolService.java:onCompleted(140)) - omNode-2: Completed INSTALL_SNAPSHOT, lastRequest: omNode-1->omNode-2#0-t7,notify:(t:7, i:61)
2022-10-18 03:54:12,799 [grpc-default-executor-2] INFO  leader.FollowerInfo (FollowerInfoImpl.java:lambda$new$0(48)) - omNode-1@group-523986131536->omNode-2: nextIndex: updateUnconditionally 59 -> 59
2022-10-18 03:54:12,799 [grpc-default-executor-1] INFO  server.GrpcLogAppender (GrpcLogAppender.java:onNext(403)) - omNode-1@group-523986131536->omNode-2-InstallSnapshotResponseHandler: received a reply omNode-1<-omNode-2#0:FAIL-t7,IN_PROGRESS
2022-10-18 03:54:12,799 [grpc-default-executor-1] INFO  server.GrpcLogAppender (GrpcLogAppender.java:onNext(421)) - omNode-1@group-523986131536->omNode-2-InstallSnapshotResponseHandler: InstallSnapshot in progress.
2022-10-18 03:54:12,799 [omNode-1@group-523986131536->omNode-2-GrpcLogAppender-LogAppenderDaemon] INFO  server.GrpcLogAppender (GrpcLogAppender.java:installSnapshot(541)) - omNode-1@group-523986131536->omNode-2-GrpcLogAppender: followerNextIndex = 59 but logStartIndex = 61, notify follower to install snapshot-(t:7, i:61)
2022-10-18 03:54:12,799 [omNode-1@group-523986131536->omNode-2-GrpcLogAppender-LogAppenderDaemon] INFO  server.GrpcLogAppender (GrpcLogAppender.java:installSnapshot(549)) - omNode-1@group-523986131536->omNode-2-GrpcLogAppender: send omNode-1->omNode-2#0-t7,notify:(t:7, i:61)
2022-10-18 03:54:12,800 [omNode-2-server-thread1] INFO  server.RaftServer$Division (RaftServerImpl.java:checkInconsistentAppendEntries(1402)) - omNode-2@group-523986131536: Failed appendEntries as snapshot (61) installation is in progress
2022-10-18 03:54:12,800 [omNode-2-server-thread1] INFO  server.RaftServer$Division (RaftServerImpl.java:checkInconsistentAppendEntries(1394)) - omNode-2@group-523986131536: inconsistency entries. Reply:omNode-1<-omNode-2#692:FAIL-t7,INCONSISTENCY,nextIndex=59,followerCommit=58
2022-10-18 03:54:12,800 [grpc-default-executor-0] INFO  impl.SnapshotInstallationHandler (SnapshotInstallationHandler.java:installSnapshot(84)) - omNode-2@group-523986131536: receive installSnapshot: omNode-1->omNode-2#0-t7,notify:(t:7, i:61)
2022-10-18 03:54:12,800 [grpc-default-executor-0] INFO  impl.SnapshotInstallationHandler (SnapshotInstallationHandler.java:installSnapshot(95)) - omNode-2@group-523986131536: reply installSnapshot: omNode-1<-omNode-2#0:FAIL-t7,IN_PROGRESS
2022-10-18 03:54:12,800 [grpc-default-executor-0] INFO  server.GrpcServerProtocolService (GrpcServerProtocolService.java:onCompleted(140)) - omNode-2: Completed INSTALL_SNAPSHOT, lastRequest: omNode-1->omNode-2#0-t7,notify:(t:7, i:61)
2022-10-18 03:54:12,800 [grpc-default-executor-1] INFO  leader.FollowerInfo (FollowerInfoImpl.java:lambda$new$0(48)) - omNode-1@group-523986131536->omNode-2: nextIndex: updateUnconditionally 59 -> 59
2022-10-18 03:54:12,805 [grpc-default-executor-1] INFO  server.GrpcLogAppender (GrpcLogAppender.java:onNext(403)) - omNode-1@group-523986131536->omNode-2-InstallSnapshotResponseHandler: received a reply omNode-1<-omNode-2#0:FAIL-t7,IN_PROGRESS
2022-10-18 03:54:12,805 [grpc-default-executor-1] INFO  server.GrpcLogAppender (GrpcLogAppender.java:onNext(421)) - omNode-1@group-523986131536->omNode-2-InstallSnapshotResponseHandler: InstallSnapshot in progress.
2022-10-18 03:54:12,806 [omNode-1@group-523986131536->omNode-2-GrpcLogAppender-LogAppenderDaemon] INFO  server.GrpcLogAppender (GrpcLogAppender.java:installSnapshot(541)) - omNode-1@group-523986131536->omNode-2-GrpcLogAppender: followerNextIndex = 59 but logStartIndex = 61, notify follower to install snapshot-(t:7, i:61)
2022-10-18 03:54:12,806 [omNode-1@group-523986131536->omNode-2-GrpcLogAppender-LogAppenderDaemon] INFO  server.GrpcLogAppender (GrpcLogAppender.java:installSnapshot(549)) - omNode-1@group-523986131536->omNode-2-GrpcLogAppender: send omNode-1->omNode-2#0-t7,notify:(t:7, i:61)
2022-10-18 03:54:12,807 [omNode-2-server-thread1] INFO  server.RaftServer$Division (RaftServerImpl.java:checkInconsistentAppendEntries(1402)) - omNode-2@group-523986131536: Failed appendEntries as snapshot (61) installation is in progress
2022-10-18 03:54:12,807 [omNode-2-server-thread1] INFO  server.RaftServer$Division (RaftServerImpl.java:checkInconsistentAppendEntries(1394)) - omNode-2@group-523986131536: inconsistency entries. Reply:omNode-1<-omNode-2#693:FAIL-t7,INCONSISTENCY,nextIndex=59,followerCommit=58
2022-10-18 03:54:12,807 [grpc-default-executor-1] INFO  impl.SnapshotInstallationHandler (SnapshotInstallationHandler.java:installSnapshot(84)) - omNode-2@group-523986131536: receive installSnapshot: omNode-1->omNode-2#0-t7,notify:(t:7, i:61)
2022-10-18 03:54:12,807 [grpc-default-executor-1] INFO  impl.SnapshotInstallationHandler (SnapshotInstallationHandler.java:installSnapshot(95)) - omNode-2@group-523986131536: reply installSnapshot: omNode-1<-omNode-2#0:FAIL-t7,IN_PROGRESS
2022-10-18 03:54:12,807 [grpc-default-executor-1] INFO  server.GrpcServerProtocolService (GrpcServerProtocolService.java:onCompleted(140)) - omNode-2: Completed INSTALL_SNAPSHOT, lastRequest: omNode-1->omNode-2#0-t7,notify:(t:7, i:61)
2022-10-18 03:54:12,808 [grpc-default-executor-0] INFO  leader.FollowerInfo (FollowerInfoImpl.java:lambda$new$0(48)) - omNode-1@group-523986131536->omNode-2: nextIndex: updateUnconditionally 59 -> 59
2022-10-18 03:54:12,808 [grpc-default-executor-0] INFO  server.GrpcLogAppender (GrpcLogAppender.java:onNext(403)) - omNode-1@group-523986131536->omNode-2-InstallSnapshotResponseHandler: received a reply omNode-1<-omNode-2#0:FAIL-t7,IN_PROGRESS
2022-10-18 03:54:12,808 [grpc-default-executor-0] INFO  server.GrpcLogAppender (GrpcLogAppender.java:onNext(421)) - omNode-1@group-523986131536->omNode-2-InstallSnapshotResponseHandler: InstallSnapshot in progress.
2022-10-18 03:54:12,808 [omNode-1@group-523986131536->omNode-2-GrpcLogAppender-LogAppenderDaemon] INFO  server.GrpcLogAppender (GrpcLogAppender.java:installSnapshot(541)) - omNode-1@group-523986131536->omNode-2-GrpcLogAppender: followerNextIndex = 59 but logStartIndex = 61, notify follower to install snapshot-(t:7, i:61)
2022-10-18 03:54:12,808 [omNode-1@group-523986131536->omNode-2-GrpcLogAppender-LogAppenderDaemon] INFO  server.GrpcLogAppender (GrpcLogAppender.java:installSnapshot(549)) - omNode-1@group-523986131536->omNode-2-GrpcLogAppender: send omNode-1->omNode-2#0-t7,notify:(t:7, i:61)
2022-10-18 03:54:12,812 [omNode-2-server-thread1] INFO  server.RaftServer$Division (RaftServerImpl.java:checkInconsistentAppendEntries(1402)) - omNode-2@group-523986131536: Failed appendEntries as snapshot (61) installation is in progress
2022-10-18 03:54:12,812 [omNode-2-server-thread1] INFO  server.RaftServer$Division (RaftServerImpl.java:checkInconsistentAppendEntries(1394)) - omNode-2@group-523986131536: inconsistency entries. Reply:omNode-1<-omNode-2#694:FAIL-t7,INCONSISTENCY,nextIndex=59,followerCommit=58
2022-10-18 03:54:12,812 [grpc-default-executor-0] INFO  impl.SnapshotInstallationHandler (SnapshotInstallationHandler.java:installSnapshot(84)) - omNode-2@group-523986131536: receive installSnapshot: omNode-1->omNode-2#0-t7,notify:(t:7, i:61)
2022-10-18 03:54:12,813 [grpc-default-executor-0] INFO  impl.SnapshotInstallationHandler (SnapshotInstallationHandler.java:installSnapshot(95)) - omNode-2@group-523986131536: reply installSnapshot: omNode-1<-omNode-2#0:FAIL-t7,IN_PROGRESS
2022-10-18 03:54:12,813 [grpc-default-executor-0] INFO  server.GrpcServerProtocolService (GrpcServerProtocolService.java:onCompleted(140)) - omNode-2: Completed INSTALL_SNAPSHOT, lastRequest: omNode-1->omNode-2#0-t7,notify:(t:7, i:61)
2022-10-18 03:54:12,813 [grpc-default-executor-1] INFO  server.GrpcLogAppender (GrpcLogAppender.java:onNext(403)) - omNode-1@group-523986131536->omNode-2-InstallSnapshotResponseHandler: received a reply omNode-1<-omNode-2#0:FAIL-t7,IN_PROGRESS
2022-10-18 03:54:12,813 [grpc-default-executor-1] INFO  server.GrpcLogAppender (GrpcLogAppender.java:onNext(421)) - omNode-1@group-523986131536->omNode-2-InstallSnapshotResponseHandler: InstallSnapshot in progress.
2022-10-18 03:54:12,813 [omNode-1@group-523986131536->omNode-2-GrpcLogAppender-LogAppenderDaemon] INFO  server.GrpcLogAppender (GrpcLogAppender.java:installSnapshot(541)) - omNode-1@group-523986131536->omNode-2-GrpcLogAppender: followerNextIndex = 59 but logStartIndex = 61, notify follower to install snapshot-(t:7, i:61)
2022-10-18 03:54:12,813 [omNode-1@group-523986131536->omNode-2-GrpcLogAppender-LogAppenderDaemon] INFO  server.GrpcLogAppender (GrpcLogAppender.java:installSnapshot(549)) - omNode-1@group-523986131536->omNode-2-GrpcLogAppender: send omNode-1->omNode-2#0-t7,notify:(t:7, i:61)
2022-10-18 03:54:12,814 [omNode-2-server-thread1] INFO  server.RaftServer$Division (RaftServerImpl.java:checkInconsistentAppendEntries(1402)) - omNode-2@group-523986131536: Failed appendEntries as snapshot (61) installation is in progress
2022-10-18 03:54:12,814 [omNode-2-server-thread1] INFO  server.RaftServer$Division (RaftServerImpl.java:checkInconsistentAppendEntries(1394)) - omNode-2@group-523986131536: inconsistency entries. Reply:omNode-1<-omNode-2#695:FAIL-t7,INCONSISTENCY,nextIndex=59,followerCommit=58
2022-10-18 03:54:12,814 [grpc-default-executor-0] INFO  leader.FollowerInfo (FollowerInfoImpl.java:lambda$new$0(48)) - omNode-1@group-523986131536->omNode-2: nextIndex: updateUnconditionally 59 -> 59
2022-10-18 03:54:12,814 [grpc-default-executor-2] INFO  impl.SnapshotInstallationHandler (SnapshotInstallationHandler.java:installSnapshot(84)) - omNode-2@group-523986131536: receive installSnapshot: omNode-1->omNode-2#0-t7,notify:(t:7, i:61)
2022-10-18 03:54:12,814 [grpc-default-executor-2] INFO  impl.SnapshotInstallationHandler (SnapshotInstallationHandler.java:installSnapshot(95)) - omNode-2@group-523986131536: reply installSnapshot: omNode-1<-omNode-2#0:FAIL-t7,IN_PROGRESS
2022-10-18 03:54:12,815 [grpc-default-executor-2] INFO  server.GrpcServerProtocolService (GrpcServerProtocolService.java:onCompleted(140)) - omNode-2: Completed INSTALL_SNAPSHOT, lastRequest: omNode-1->omNode-2#0-t7,notify:(t:7, i:61)
2022-10-18 03:54:12,815 [grpc-default-executor-2] INFO  server.GrpcLogAppender (GrpcLogAppender.java:onNext(403)) - omNode-1@group-523986131536->omNode-2-InstallSnapshotResponseHandler: received a reply omNode-1<-omNode-2#0:FAIL-t7,IN_PROGRESS
2022-10-18 03:54:12,815 [grpc-default-executor-2] INFO  server.GrpcLogAppender (GrpcLogAppender.java:onNext(421)) - omNode-1@group-523986131536->omNode-2-InstallSnapshotResponseHandler: InstallSnapshot in progress.
2022-10-18 03:54:12,815 [omNode-1@group-523986131536->omNode-2-GrpcLogAppender-LogAppenderDaemon] INFO  server.GrpcLogAppender (GrpcLogAppender.java:installSnapshot(541)) - omNode-1@group-523986131536->omNode-2-GrpcLogAppender: followerNextIndex = 59 but logStartIndex = 61, notify follower to install snapshot-(t:7, i:61)
2022-10-18 03:54:12,815 [omNode-1@group-523986131536->omNode-2-GrpcLogAppender-LogAppenderDaemon] INFO  server.GrpcLogAppender (GrpcLogAppender.java:installSnapshot(549)) - omNode-1@group-523986131536->omNode-2-GrpcLogAppender: send omNode-1->omNode-2#0-t7,notify:(t:7, i:61)
2022-10-18 03:54:12,815 [omNode-2-server-thread1] INFO  server.RaftServer$Division (RaftServerImpl.java:checkInconsistentAppendEntries(1402)) - omNode-2@group-523986131536: Failed appendEntries as snapshot (61) installation is in progress
2022-10-18 03:54:12,815 [omNode-2-server-thread1] INFO  server.RaftServer$Division (RaftServerImpl.java:checkInconsistentAppendEntries(1394)) - omNode-2@group-523986131536: inconsistency entries. Reply:omNode-1<-omNode-2#696:FAIL-t7,INCONSISTENCY,nextIndex=59,followerCommit=58
2022-10-18 03:54:12,816 [grpc-default-executor-0] INFO  leader.FollowerInfo (FollowerInfoImpl.java:lambda$new$0(48)) - omNode-1@group-523986131536->omNode-2: nextIndex: updateUnconditionally 59 -> 59
2022-10-18 03:54:12,816 [grpc-default-executor-1] INFO  impl.SnapshotInstallationHandler (SnapshotInstallationHandler.java:installSnapshot(84)) - omNode-2@group-523986131536: receive installSnapshot: omNode-1->omNode-2#0-t7,notify:(t:7, i:61)
2022-10-18 03:54:12,816 [grpc-default-executor-1] INFO  impl.SnapshotInstallationHandler (SnapshotInstallationHandler.java:installSnapshot(95)) - omNode-2@group-523986131536: reply installSnapshot: omNode-1<-omNode-2#0:FAIL-t7,IN_PROGRESS
2022-10-18 03:54:12,816 [grpc-default-executor-1] INFO  server.GrpcServerProtocolService (GrpcServerProtocolService.java:onCompleted(140)) - omNode-2: Completed INSTALL_SNAPSHOT, lastRequest: omNode-1->omNode-2#0-t7,notify:(t:7, i:61)
2022-10-18 03:54:12,816 [grpc-default-executor-0] INFO  leader.FollowerInfo (FollowerInfoImpl.java:lambda$new$0(48)) - omNode-1@group-523986131536->omNode-2: nextIndex: updateUnconditionally 59 -> 59
2022-10-18 03:54:12,817 [grpc-default-executor-1] INFO  server.GrpcLogAppender (GrpcLogAppender.java:onNext(403)) - omNode-1@group-523986131536->omNode-2-InstallSnapshotResponseHandler: received a reply omNode-1<-omNode-2#0:FAIL-t7,IN_PROGRESS
2022-10-18 03:54:12,817 [grpc-default-executor-1] INFO  server.GrpcLogAppender (GrpcLogAppender.java:onNext(421)) - omNode-1@group-523986131536->omNode-2-InstallSnapshotResponseHandler: InstallSnapshot in progress.
2022-10-18 03:54:12,817 [omNode-1@group-523986131536->omNode-2-GrpcLogAppender-LogAppenderDaemon] INFO  server.GrpcLogAppender (GrpcLogAppender.java:installSnapshot(541)) - omNode-1@group-523986131536->omNode-2-GrpcLogAppender: followerNextIndex = 59 but logStartIndex = 61, notify follower to install snapshot-(t:7, i:61)
2022-10-18 03:54:12,817 [omNode-1@group-523986131536->omNode-2-GrpcLogAppender-LogAppenderDaemon] INFO  server.GrpcLogAppender (GrpcLogAppender.java:installSnapshot(549)) - omNode-1@group-523986131536->omNode-2-GrpcLogAppender: send omNode-1->omNode-2#0-t7,notify:(t:7, i:61)
2022-10-18 03:54:12,817 [omNode-2-server-thread1] INFO  server.RaftServer$Division (RaftServerImpl.java:checkInconsistentAppendEntries(1402)) - omNode-2@group-523986131536: Failed appendEntries as snapshot (61) installation is in progress
2022-10-18 03:54:12,817 [omNode-2-server-thread1] INFO  server.RaftServer$Division (RaftServerImpl.java:checkInconsistentAppendEntries(1394)) - omNode-2@group-523986131536: inconsistency entries. Reply:omNode-1<-omNode-2#697:FAIL-t7,INCONSISTENCY,nextIndex=59,followerCommit=58
2022-10-18 03:54:12,818 [grpc-default-executor-0] INFO  leader.FollowerInfo (FollowerInfoImpl.java:lambda$new$0(48)) - omNode-1@group-523986131536->omNode-2: nextIndex: updateUnconditionally 59 -> 59
2022-10-18 03:54:12,818 [grpc-default-executor-1] INFO  impl.SnapshotInstallationHandler (SnapshotInstallationHandler.java:installSnapshot(84)) - omNode-2@group-523986131536: receive installSnapshot: omNode-1->omNode-2#0-t7,notify:(t:7, i:61)
2022-10-18 03:54:12,818 [grpc-default-executor-1] INFO  impl.SnapshotInstallationHandler (SnapshotInstallationHandler.java:installSnapshot(95)) - omNode-2@group-523986131536: reply installSnapshot: omNode-1<-omNode-2#0:FAIL-t7,IN_PROGRESS
2022-10-18 03:54:12,818 [grpc-default-executor-1] INFO  server.GrpcServerProtocolService (GrpcServerProtocolService.java:onCompleted(140)) - omNode-2: Completed INSTALL_SNAPSHOT, lastRequest: omNode-1->omNode-2#0-t7,notify:(t:7, i:61)
2022-10-18 03:54:12,819 [grpc-default-executor-1] INFO  server.GrpcLogAppender (GrpcLogAppender.java:onNext(403)) - omNode-1@group-523986131536->omNode-2-InstallSnapshotResponseHandler: received a reply omNode-1<-omNode-2#0:FAIL-t7,IN_PROGRESS
2022-10-18 03:54:12,819 [grpc-default-executor-1] INFO  server.GrpcLogAppender (GrpcLogAppender.java:onNext(421)) - omNode-1@group-523986131536->omNode-2-InstallSnapshotResponseHandler: InstallSnapshot in progress.
2022-10-18 03:54:12,819 [omNode-1@group-523986131536->omNode-2-GrpcLogAppender-LogAppenderDaemon] INFO  server.GrpcLogAppender (GrpcLogAppender.java:installSnapshot(541)) - omNode-1@group-523986131536->omNode-2-GrpcLogAppender: followerNextIndex = 59 but logStartIndex = 61, notify follower to install snapshot-(t:7, i:61)
2022-10-18 03:54:12,819 [omNode-1@group-523986131536->omNode-2-GrpcLogAppender-LogAppenderDaemon] INFO  server.GrpcLogAppender (GrpcLogAppender.java:installSnapshot(549)) - omNode-1@group-523986131536->omNode-2-GrpcLogAppender: send omNode-1->omNode-2#0-t7,notify:(t:7, i:61)
2022-10-18 03:54:12,822 [omNode-2-server-thread1] INFO  server.RaftServer$Division (RaftServerImpl.java:checkInconsistentAppendEntries(1402)) - omNode-2@group-523986131536: Failed appendEntries as snapshot (61) installation is in progress
2022-10-18 03:54:12,822 [omNode-2-server-thread1] INFO  server.RaftServer$Division (RaftServerImpl.java:checkInconsistentAppendEntries(1394)) - omNode-2@group-523986131536: inconsistency entries. Reply:omNode-1<-omNode-2#698:FAIL-t7,INCONSISTENCY,nextIndex=59,followerCommit=58
2022-10-18 03:54:12,822 [grpc-default-executor-1] INFO  impl.SnapshotInstallationHandler (SnapshotInstallationHandler.java:installSnapshot(84)) - omNode-2@group-523986131536: receive installSnapshot: omNode-1->omNode-2#0-t7,notify:(t:7, i:61)
2022-10-18 03:54:12,823 [grpc-default-executor-1] INFO  impl.SnapshotInstallationHandler (SnapshotInstallationHandler.java:installSnapshot(95)) - omNode-2@group-523986131536: reply installSnapshot: omNode-1<-omNode-2#0:FAIL-t7,IN_PROGRESS
2022-10-18 03:54:12,823 [grpc-default-executor-1] INFO  server.GrpcServerProtocolService (GrpcServerProtocolService.java:onCompleted(140)) - omNode-2: Completed INSTALL_SNAPSHOT, lastRequest: omNode-1->omNode-2#0-t7,notify:(t:7, i:61)
2022-10-18 03:54:12,825 [grpc-default-executor-0] INFO  server.GrpcLogAppender (GrpcLogAppender.java:onNext(403)) - omNode-1@group-523986131536->omNode-2-InstallSnapshotResponseHandler: received a reply omNode-1<-omNode-2#0:FAIL-t7,IN_PROGRESS
2022-10-18 03:54:12,825 [grpc-default-executor-0] INFO  server.GrpcLogAppender (GrpcLogAppender.java:onNext(421)) - omNode-1@group-523986131536->omNode-2-InstallSnapshotResponseHandler: InstallSnapshot in progress.
2022-10-18 03:54:12,825 [omNode-1@group-523986131536->omNode-2-GrpcLogAppender-LogAppenderDaemon] INFO  server.GrpcLogAppender (GrpcLogAppender.java:installSnapshot(541)) - omNode-1@group-523986131536->omNode-2-GrpcLogAppender: followerNextIndex = 59 but logStartIndex = 61, notify follower to install snapshot-(t:7, i:61)
2022-10-18 03:54:12,825 [omNode-1@group-523986131536->omNode-2-GrpcLogAppender-LogAppenderDaemon] INFO  server.GrpcLogAppender (GrpcLogAppender.java:installSnapshot(549)) - omNode-1@group-523986131536->omNode-2-GrpcLogAppender: send omNode-1->omNode-2#0-t7,notify:(t:7, i:61)
2022-10-18 03:54:12,825 [grpc-default-executor-1] INFO  leader.FollowerInfo (FollowerInfoImpl.java:lambda$new$0(48)) - omNode-1@group-523986131536->omNode-2: nextIndex: updateUnconditionally 59 -> 59
2022-10-18 03:54:12,830 [omNode-2-server-thread1] INFO  server.RaftServer$Division (RaftServerImpl.java:checkInconsistentAppendEntries(1402)) - omNode-2@group-523986131536: Failed appendEntries as snapshot (61) installation is in progress
2022-10-18 03:54:12,830 [omNode-2-server-thread1] INFO  server.RaftServer$Division (RaftServerImpl.java:checkInconsistentAppendEntries(1394)) - omNode-2@group-523986131536: inconsistency entries. Reply:omNode-1<-omNode-2#699:FAIL-t7,INCONSISTENCY,nextIndex=59,followerCommit=58
2022-10-18 03:54:12,830 [grpc-default-executor-1] INFO  impl.SnapshotInstallationHandler (SnapshotInstallationHandler.java:installSnapshot(84)) - omNode-2@group-523986131536: receive installSnapshot: omNode-1->omNode-2#0-t7,notify:(t:7, i:61)
2022-10-18 03:54:12,831 [grpc-default-executor-1] INFO  impl.SnapshotInstallationHandler (SnapshotInstallationHandler.java:installSnapshot(95)) - omNode-2@group-523986131536: reply installSnapshot: omNode-1<-omNode-2#0:FAIL-t7,IN_PROGRESS
2022-10-18 03:54:12,831 [grpc-default-executor-1] INFO  server.GrpcServerProtocolService (GrpcServerProtocolService.java:onCompleted(140)) - omNode-2: Completed INSTALL_SNAPSHOT, lastRequest: omNode-1->omNode-2#0-t7,notify:(t:7, i:61)
2022-10-18 03:54:12,831 [grpc-default-executor-0] INFO  leader.FollowerInfo (FollowerInfoImpl.java:lambda$new$0(48)) - omNode-1@group-523986131536->omNode-2: nextIndex: updateUnconditionally 59 -> 59
2022-10-18 03:54:12,831 [grpc-default-executor-1] INFO  server.GrpcLogAppender (GrpcLogAppender.java:onNext(403)) - omNode-1@group-523986131536->omNode-2-InstallSnapshotResponseHandler: received a reply omNode-1<-omNode-2#0:FAIL-t7,IN_PROGRESS
2022-10-18 03:54:12,831 [grpc-default-executor-1] INFO  server.GrpcLogAppender (GrpcLogAppender.java:onNext(421)) - omNode-1@group-523986131536->omNode-2-InstallSnapshotResponseHandler: InstallSnapshot in progress.
2022-10-18 03:54:12,831 [omNode-1@group-523986131536->omNode-2-GrpcLogAppender-LogAppenderDaemon] INFO  server.GrpcLogAppender (GrpcLogAppender.java:installSnapshot(541)) - omNode-1@group-523986131536->omNode-2-GrpcLogAppender: followerNextIndex = 59 but logStartIndex = 61, notify follower to install snapshot-(t:7, i:61)
2022-10-18 03:54:12,831 [omNode-1@group-523986131536->omNode-2-GrpcLogAppender-LogAppenderDaemon] INFO  server.GrpcLogAppender (GrpcLogAppender.java:installSnapshot(549)) - omNode-1@group-523986131536->omNode-2-GrpcLogAppender: send omNode-1->omNode-2#0-t7,notify:(t:7, i:61)
2022-10-18 03:54:12,832 [omNode-2-server-thread1] INFO  server.RaftServer$Division (RaftServerImpl.java:checkInconsistentAppendEntries(1402)) - omNode-2@group-523986131536: Failed appendEntries as snapshot (61) installation is in progress
2022-10-18 03:54:12,832 [omNode-2-server-thread1] INFO  server.RaftServer$Division (RaftServerImpl.java:checkInconsistentAppendEntries(1394)) - omNode-2@group-523986131536: inconsistency entries. Reply:omNode-1<-omNode-2#700:FAIL-t7,INCONSISTENCY,nextIndex=59,followerCommit=58
2022-10-18 03:54:12,832 [grpc-default-executor-2] INFO  impl.SnapshotInstallationHandler (SnapshotInstallationHandler.java:installSnapshot(84)) - omNode-2@group-523986131536: receive installSnapshot: omNode-1->omNode-2#0-t7,notify:(t:7, i:61)
2022-10-18 03:54:12,832 [grpc-default-executor-2] INFO  impl.SnapshotInstallationHandler (SnapshotInstallationHandler.java:installSnapshot(95)) - omNode-2@group-523986131536: reply installSnapshot: omNode-1<-omNode-2#0:FAIL-t7,IN_PROGRESS
2022-10-18 03:54:12,832 [grpc-default-executor-2] INFO  server.GrpcServerProtocolService (GrpcServerProtocolService.java:onCompleted(140)) - omNode-2: Completed INSTALL_SNAPSHOT, lastRequest: omNode-1->omNode-2#0-t7,notify:(t:7, i:61)
2022-10-18 03:54:12,838 [grpc-default-executor-2] INFO  leader.FollowerInfo (FollowerInfoImpl.java:lambda$new$0(48)) - omNode-1@group-523986131536->omNode-2: nextIndex: updateUnconditionally 59 -> 59
2022-10-18 03:54:12,838 [grpc-default-executor-1] INFO  server.GrpcLogAppender (GrpcLogAppender.java:onNext(403)) - omNode-1@group-523986131536->omNode-2-InstallSnapshotResponseHandler: received a reply omNode-1<-omNode-2#0:FAIL-t7,IN_PROGRESS
2022-10-18 03:54:12,838 [grpc-default-executor-1] INFO  server.GrpcLogAppender (GrpcLogAppender.java:onNext(421)) - omNode-1@group-523986131536->omNode-2-InstallSnapshotResponseHandler: InstallSnapshot in progress.
2022-10-18 03:54:12,838 [omNode-1@group-523986131536->omNode-2-GrpcLogAppender-LogAppenderDaemon] INFO  server.GrpcLogAppender (GrpcLogAppender.java:installSnapshot(541)) - omNode-1@group-523986131536->omNode-2-GrpcLogAppender: followerNextIndex = 59 but logStartIndex = 61, notify follower to install snapshot-(t:7, i:61)
2022-10-18 03:54:12,838 [omNode-1@group-523986131536->omNode-2-GrpcLogAppender-LogAppenderDaemon] INFO  server.GrpcLogAppender (GrpcLogAppender.java:installSnapshot(549)) - omNode-1@group-523986131536->omNode-2-GrpcLogAppender: send omNode-1->omNode-2#0-t7,notify:(t:7, i:61)
2022-10-18 03:54:12,839 [omNode-2-server-thread1] INFO  server.RaftServer$Division (RaftServerImpl.java:checkInconsistentAppendEntries(1402)) - omNode-2@group-523986131536: Failed appendEntries as snapshot (61) installation is in progress
2022-10-18 03:54:12,839 [omNode-2-server-thread1] INFO  server.RaftServer$Division (RaftServerImpl.java:checkInconsistentAppendEntries(1394)) - omNode-2@group-523986131536: inconsistency entries. Reply:omNode-1<-omNode-2#701:FAIL-t7,INCONSISTENCY,nextIndex=59,followerCommit=58
2022-10-18 03:54:12,839 [grpc-default-executor-2] INFO  impl.SnapshotInstallationHandler (SnapshotInstallationHandler.java:installSnapshot(84)) - omNode-2@group-523986131536: receive installSnapshot: omNode-1->omNode-2#0-t7,notify:(t:7, i:61)
2022-10-18 03:54:12,839 [grpc-default-executor-2] INFO  impl.SnapshotInstallationHandler (SnapshotInstallationHandler.java:installSnapshot(95)) - omNode-2@group-523986131536: reply installSnapshot: omNode-1<-omNode-2#0:FAIL-t7,IN_PROGRESS
2022-10-18 03:54:12,839 [grpc-default-executor-2] INFO  server.GrpcServerProtocolService (GrpcServerProtocolService.java:onCompleted(140)) - omNode-2: Completed INSTALL_SNAPSHOT, lastRequest: omNode-1->omNode-2#0-t7,notify:(t:7, i:61)
2022-10-18 03:54:12,840 [grpc-default-executor-1] INFO  leader.FollowerInfo (FollowerInfoImpl.java:lambda$new$0(48)) - omNode-1@group-523986131536->omNode-2: nextIndex: updateUnconditionally 59 -> 59
2022-10-18 03:54:12,840 [grpc-default-executor-2] INFO  server.GrpcLogAppender (GrpcLogAppender.java:onNext(403)) - omNode-1@group-523986131536->omNode-2-InstallSnapshotResponseHandler: received a reply omNode-1<-omNode-2#0:FAIL-t7,IN_PROGRESS
2022-10-18 03:54:12,840 [grpc-default-executor-2] INFO  server.GrpcLogAppender (GrpcLogAppender.java:onNext(421)) - omNode-1@group-523986131536->omNode-2-InstallSnapshotResponseHandler: InstallSnapshot in progress.
2022-10-18 03:54:12,840 [omNode-1@group-523986131536->omNode-2-GrpcLogAppender-LogAppenderDaemon] INFO  server.GrpcLogAppender (GrpcLogAppender.java:installSnapshot(541)) - omNode-1@group-523986131536->omNode-2-GrpcLogAppender: followerNextIndex = 59 but logStartIndex = 61, notify follower to install snapshot-(t:7, i:61)
2022-10-18 03:54:12,840 [omNode-1@group-523986131536->omNode-2-GrpcLogAppender-LogAppenderDaemon] INFO  server.GrpcLogAppender (GrpcLogAppender.java:installSnapshot(549)) - omNode-1@group-523986131536->omNode-2-GrpcLogAppender: send omNode-1->omNode-2#0-t7,notify:(t:7, i:61)
2022-10-18 03:54:12,840 [omNode-2-server-thread1] INFO  server.RaftServer$Division (RaftServerImpl.java:checkInconsistentAppendEntries(1402)) - omNode-2@group-523986131536: Failed appendEntries as snapshot (61) installation is in progress
2022-10-18 03:54:12,840 [omNode-2-server-thread1] INFO  server.RaftServer$Division (RaftServerImpl.java:checkInconsistentAppendEntries(1394)) - omNode-2@group-523986131536: inconsistency entries. Reply:omNode-1<-omNode-2#702:FAIL-t7,INCONSISTENCY,nextIndex=59,followerCommit=58
2022-10-18 03:54:12,841 [grpc-default-executor-0] INFO  impl.SnapshotInstallationHandler (SnapshotInstallationHandler.java:installSnapshot(84)) - omNode-2@group-523986131536: receive installSnapshot: omNode-1->omNode-2#0-t7,notify:(t:7, i:61)
2022-10-18 03:54:12,841 [grpc-default-executor-0] INFO  impl.SnapshotInstallationHandler (SnapshotInstallationHandler.java:installSnapshot(95)) - omNode-2@group-523986131536: reply installSnapshot: omNode-1<-omNode-2#0:FAIL-t7,IN_PROGRESS
2022-10-18 03:54:12,841 [grpc-default-executor-0] INFO  server.GrpcServerProtocolService (GrpcServerProtocolService.java:onCompleted(140)) - omNode-2: Completed INSTALL_SNAPSHOT, lastRequest: omNode-1->omNode-2#0-t7,notify:(t:7, i:61)
2022-10-18 03:54:12,841 [grpc-default-executor-2] INFO  leader.FollowerInfo (FollowerInfoImpl.java:lambda$new$0(48)) - omNode-1@group-523986131536->omNode-2: nextIndex: updateUnconditionally 59 -> 59
2022-10-18 03:54:12,841 [grpc-default-executor-0] INFO  server.GrpcLogAppender (GrpcLogAppender.java:onNext(403)) - omNode-1@group-523986131536->omNode-2-InstallSnapshotResponseHandler: received a reply omNode-1<-omNode-2#0:FAIL-t7,IN_PROGRESS
2022-10-18 03:54:12,841 [grpc-default-executor-0] INFO  server.GrpcLogAppender (GrpcLogAppender.java:onNext(421)) - omNode-1@group-523986131536->omNode-2-InstallSnapshotResponseHandler: InstallSnapshot in progress.
2022-10-18 03:54:12,842 [omNode-1@group-523986131536->omNode-2-GrpcLogAppender-LogAppenderDaemon] INFO  server.GrpcLogAppender (GrpcLogAppender.java:installSnapshot(541)) - omNode-1@group-523986131536->omNode-2-GrpcLogAppender: followerNextIndex = 59 but logStartIndex = 61, notify follower to install snapshot-(t:7, i:61)
2022-10-18 03:54:12,842 [omNode-1@group-523986131536->omNode-2-GrpcLogAppender-LogAppenderDaemon] INFO  server.GrpcLogAppender (GrpcLogAppender.java:installSnapshot(549)) - omNode-1@group-523986131536->omNode-2-GrpcLogAppender: send omNode-1->omNode-2#0-t7,notify:(t:7, i:61)
2022-10-18 03:54:12,842 [omNode-2-server-thread1] INFO  server.RaftServer$Division (RaftServerImpl.java:checkInconsistentAppendEntries(1402)) - omNode-2@group-523986131536: Failed appendEntries as snapshot (61) installation is in progress
2022-10-18 03:54:12,842 [omNode-2-server-thread1] INFO  server.RaftServer$Division (RaftServerImpl.java:checkInconsistentAppendEntries(1394)) - omNode-2@group-523986131536: inconsistency entries. Reply:omNode-1<-omNode-2#703:FAIL-t7,INCONSISTENCY,nextIndex=59,followerCommit=58
2022-10-18 03:54:12,842 [grpc-default-executor-2] INFO  impl.SnapshotInstallationHandler (SnapshotInstallationHandler.java:installSnapshot(84)) - omNode-2@group-523986131536: receive installSnapshot: omNode-1->omNode-2#0-t7,notify:(t:7, i:61)
2022-10-18 03:54:12,843 [grpc-default-executor-2] INFO  impl.SnapshotInstallationHandler (SnapshotInstallationHandler.java:installSnapshot(95)) - omNode-2@group-523986131536: reply installSnapshot: omNode-1<-omNode-2#0:FAIL-t7,IN_PROGRESS
2022-10-18 03:54:12,843 [grpc-default-executor-2] INFO  server.GrpcServerProtocolService (GrpcServerProtocolService.java:onCompleted(140)) - omNode-2: Completed INSTALL_SNAPSHOT, lastRequest: omNode-1->omNode-2#0-t7,notify:(t:7, i:61)
2022-10-18 03:54:12,843 [grpc-default-executor-1] INFO  leader.FollowerInfo (FollowerInfoImpl.java:lambda$new$0(48)) - omNode-1@group-523986131536->omNode-2: nextIndex: updateUnconditionally 59 -> 59
2022-10-18 03:54:12,843 [grpc-default-executor-2] INFO  server.GrpcLogAppender (GrpcLogAppender.java:onNext(403)) - omNode-1@group-523986131536->omNode-2-InstallSnapshotResponseHandler: received a reply omNode-1<-omNode-2#0:FAIL-t7,IN_PROGRESS
2022-10-18 03:54:12,843 [grpc-default-executor-2] INFO  server.GrpcLogAppender (GrpcLogAppender.java:onNext(421)) - omNode-1@group-523986131536->omNode-2-InstallSnapshotResponseHandler: InstallSnapshot in progress.
2022-10-18 03:54:12,843 [omNode-1@group-523986131536->omNode-2-GrpcLogAppender-LogAppenderDaemon] INFO  server.GrpcLogAppender (GrpcLogAppender.java:installSnapshot(541)) - omNode-1@group-523986131536->omNode-2-GrpcLogAppender: followerNextIndex = 59 but logStartIndex = 61, notify follower to install snapshot-(t:7, i:61)
2022-10-18 03:54:12,843 [omNode-1@group-523986131536->omNode-2-GrpcLogAppender-LogAppenderDaemon] INFO  server.GrpcLogAppender (GrpcLogAppender.java:installSnapshot(549)) - omNode-1@group-523986131536->omNode-2-GrpcLogAppender: send omNode-1->omNode-2#0-t7,notify:(t:7, i:61)
2022-10-18 03:54:12,847 [omNode-2-server-thread1] INFO  server.RaftServer$Division (RaftServerImpl.java:checkInconsistentAppendEntries(1402)) - omNode-2@group-523986131536: Failed appendEntries as snapshot (61) installation is in progress
2022-10-18 03:54:12,847 [omNode-2-server-thread1] INFO  server.RaftServer$Division (RaftServerImpl.java:checkInconsistentAppendEntries(1394)) - omNode-2@group-523986131536: inconsistency entries. Reply:omNode-1<-omNode-2#704:FAIL-t7,INCONSISTENCY,nextIndex=59,followerCommit=58
2022-10-18 03:54:12,847 [grpc-default-executor-2] INFO  impl.SnapshotInstallationHandler (SnapshotInstallationHandler.java:installSnapshot(84)) - omNode-2@group-523986131536: receive installSnapshot: omNode-1->omNode-2#0-t7,notify:(t:7, i:61)
2022-10-18 03:54:12,847 [grpc-default-executor-2] INFO  impl.SnapshotInstallationHandler (SnapshotInstallationHandler.java:installSnapshot(95)) - omNode-2@group-523986131536: reply installSnapshot: omNode-1<-omNode-2#0:FAIL-t7,IN_PROGRESS
2022-10-18 03:54:12,847 [grpc-default-executor-2] INFO  server.GrpcServerProtocolService (GrpcServerProtocolService.java:onCompleted(140)) - omNode-2: Completed INSTALL_SNAPSHOT, lastRequest: omNode-1->omNode-2#0-t7,notify:(t:7, i:61)
2022-10-18 03:54:12,848 [grpc-default-executor-0] INFO  leader.FollowerInfo (FollowerInfoImpl.java:lambda$new$0(48)) - omNode-1@group-523986131536->omNode-2: nextIndex: updateUnconditionally 59 -> 59
2022-10-18 03:54:12,848 [grpc-default-executor-2] INFO  server.GrpcLogAppender (GrpcLogAppender.java:onNext(403)) - omNode-1@group-523986131536->omNode-2-InstallSnapshotResponseHandler: received a reply omNode-1<-omNode-2#0:FAIL-t7,IN_PROGRESS
2022-10-18 03:54:12,848 [grpc-default-executor-2] INFO  server.GrpcLogAppender (GrpcLogAppender.java:onNext(421)) - omNode-1@group-523986131536->omNode-2-InstallSnapshotResponseHandler: InstallSnapshot in progress.
2022-10-18 03:54:12,848 [omNode-1@group-523986131536->omNode-2-GrpcLogAppender-LogAppenderDaemon] INFO  server.GrpcLogAppender (GrpcLogAppender.java:installSnapshot(541)) - omNode-1@group-523986131536->omNode-2-GrpcLogAppender: followerNextIndex = 59 but logStartIndex = 61, notify follower to install snapshot-(t:7, i:61)
2022-10-18 03:54:12,848 [omNode-1@group-523986131536->omNode-2-GrpcLogAppender-LogAppenderDaemon] INFO  server.GrpcLogAppender (GrpcLogAppender.java:installSnapshot(549)) - omNode-1@group-523986131536->omNode-2-GrpcLogAppender: send omNode-1->omNode-2#0-t7,notify:(t:7, i:61)
2022-10-18 03:54:12,849 [omNode-2-server-thread1] INFO  server.RaftServer$Division (RaftServerImpl.java:checkInconsistentAppendEntries(1402)) - omNode-2@group-523986131536: Failed appendEntries as snapshot (61) installation is in progress
2022-10-18 03:54:12,849 [omNode-2-server-thread1] INFO  server.RaftServer$Division (RaftServerImpl.java:checkInconsistentAppendEntries(1394)) - omNode-2@group-523986131536: inconsistency entries. Reply:omNode-1<-omNode-2#705:FAIL-t7,INCONSISTENCY,nextIndex=59,followerCommit=58
2022-10-18 03:54:12,849 [grpc-default-executor-1] INFO  impl.SnapshotInstallationHandler (SnapshotInstallationHandler.java:installSnapshot(84)) - omNode-2@group-523986131536: receive installSnapshot: omNode-1->omNode-2#0-t7,notify:(t:7, i:61)
2022-10-18 03:54:12,849 [grpc-default-executor-1] INFO  impl.SnapshotInstallationHandler (SnapshotInstallationHandler.java:installSnapshot(95)) - omNode-2@group-523986131536: reply installSnapshot: omNode-1<-omNode-2#0:FAIL-t7,IN_PROGRESS
2022-10-18 03:54:12,849 [grpc-default-executor-1] INFO  server.GrpcServerProtocolService (GrpcServerProtocolService.java:onCompleted(140)) - omNode-2: Completed INSTALL_SNAPSHOT, lastRequest: omNode-1->omNode-2#0-t7,notify:(t:7, i:61)
2022-10-18 03:54:12,849 [grpc-default-executor-2] INFO  leader.FollowerInfo (FollowerInfoImpl.java:lambda$new$0(48)) - omNode-1@group-523986131536->omNode-2: nextIndex: updateUnconditionally 59 -> 59
2022-10-18 03:54:12,850 [grpc-default-executor-1] INFO  server.GrpcLogAppender (GrpcLogAppender.java:onNext(403)) - omNode-1@group-523986131536->omNode-2-InstallSnapshotResponseHandler: received a reply omNode-1<-omNode-2#0:FAIL-t7,IN_PROGRESS
2022-10-18 03:54:12,850 [grpc-default-executor-1] INFO  server.GrpcLogAppender (GrpcLogAppender.java:onNext(421)) - omNode-1@group-523986131536->omNode-2-InstallSnapshotResponseHandler: InstallSnapshot in progress.
2022-10-18 03:54:12,850 [omNode-1@group-523986131536->omNode-2-GrpcLogAppender-LogAppenderDaemon] INFO  server.GrpcLogAppender (GrpcLogAppender.java:installSnapshot(541)) - omNode-1@group-523986131536->omNode-2-GrpcLogAppender: followerNextIndex = 59 but logStartIndex = 61, notify follower to install snapshot-(t:7, i:61)
2022-10-18 03:54:12,850 [omNode-1@group-523986131536->omNode-2-GrpcLogAppender-LogAppenderDaemon] INFO  server.GrpcLogAppender (GrpcLogAppender.java:installSnapshot(549)) - omNode-1@group-523986131536->omNode-2-GrpcLogAppender: send omNode-1->omNode-2#0-t7,notify:(t:7, i:61)
2022-10-18 03:54:12,850 [omNode-2-server-thread1] INFO  server.RaftServer$Division (RaftServerImpl.java:checkInconsistentAppendEntries(1402)) - omNode-2@group-523986131536: Failed appendEntries as snapshot (61) installation is in progress
2022-10-18 03:54:12,850 [omNode-2-server-thread1] INFO  server.RaftServer$Division (RaftServerImpl.java:checkInconsistentAppendEntries(1394)) - omNode-2@group-523986131536: inconsistency entries. Reply:omNode-1<-omNode-2#706:FAIL-t7,INCONSISTENCY,nextIndex=59,followerCommit=58
2022-10-18 03:54:12,851 [grpc-default-executor-2] INFO  impl.SnapshotInstallationHandler (SnapshotInstallationHandler.java:installSnapshot(84)) - omNode-2@group-523986131536: receive installSnapshot: omNode-1->omNode-2#0-t7,notify:(t:7, i:61)
2022-10-18 03:54:12,851 [grpc-default-executor-2] INFO  impl.SnapshotInstallationHandler (SnapshotInstallationHandler.java:installSnapshot(95)) - omNode-2@group-523986131536: reply installSnapshot: omNode-1<-omNode-2#0:FAIL-t7,IN_PROGRESS
2022-10-18 03:54:12,851 [grpc-default-executor-2] INFO  server.GrpcServerProtocolService (GrpcServerProtocolService.java:onCompleted(140)) - omNode-2: Completed INSTALL_SNAPSHOT, lastRequest: omNode-1->omNode-2#0-t7,notify:(t:7, i:61)
2022-10-18 03:54:12,851 [grpc-default-executor-0] INFO  leader.FollowerInfo (FollowerInfoImpl.java:lambda$new$0(48)) - omNode-1@group-523986131536->omNode-2: nextIndex: updateUnconditionally 59 -> 59
2022-10-18 03:54:12,852 [grpc-default-executor-0] INFO  server.GrpcLogAppender (GrpcLogAppender.java:onNext(403)) - omNode-1@group-523986131536->omNode-2-InstallSnapshotResponseHandler: received a reply omNode-1<-omNode-2#0:FAIL-t7,IN_PROGRESS
2022-10-18 03:54:12,852 [grpc-default-executor-0] INFO  server.GrpcLogAppender (GrpcLogAppender.java:onNext(421)) - omNode-1@group-523986131536->omNode-2-InstallSnapshotResponseHandler: InstallSnapshot in progress.
2022-10-18 03:54:12,852 [omNode-1@group-523986131536->omNode-2-GrpcLogAppender-LogAppenderDaemon] INFO  server.GrpcLogAppender (GrpcLogAppender.java:installSnapshot(541)) - omNode-1@group-523986131536->omNode-2-GrpcLogAppender: followerNextIndex = 59 but logStartIndex = 61, notify follower to install snapshot-(t:7, i:61)
2022-10-18 03:54:12,852 [omNode-1@group-523986131536->omNode-2-GrpcLogAppender-LogAppenderDaemon] INFO  server.GrpcLogAppender (GrpcLogAppender.java:installSnapshot(549)) - omNode-1@group-523986131536->omNode-2-GrpcLogAppender: send omNode-1->omNode-2#0-t7,notify:(t:7, i:61)
2022-10-18 03:54:12,853 [omNode-2-server-thread1] INFO  server.RaftServer$Division (RaftServerImpl.java:checkInconsistentAppendEntries(1402)) - omNode-2@group-523986131536: Failed appendEntries as snapshot (61) installation is in progress
2022-10-18 03:54:12,853 [omNode-2-server-thread1] INFO  server.RaftServer$Division (RaftServerImpl.java:checkInconsistentAppendEntries(1394)) - omNode-2@group-523986131536: inconsistency entries. Reply:omNode-1<-omNode-2#707:FAIL-t7,INCONSISTENCY,nextIndex=59,followerCommit=58
2022-10-18 03:54:12,853 [grpc-default-executor-0] INFO  impl.SnapshotInstallationHandler (SnapshotInstallationHandler.java:installSnapshot(84)) - omNode-2@group-523986131536: receive installSnapshot: omNode-1->omNode-2#0-t7,notify:(t:7, i:61)
2022-10-18 03:54:12,853 [grpc-default-executor-0] INFO  impl.SnapshotInstallationHandler (SnapshotInstallationHandler.java:installSnapshot(95)) - omNode-2@group-523986131536: reply installSnapshot: omNode-1<-omNode-2#0:FAIL-t7,IN_PROGRESS
2022-10-18 03:54:12,853 [grpc-default-executor-0] INFO  server.GrpcServerProtocolService (GrpcServerProtocolService.java:onCompleted(140)) - omNode-2: Completed INSTALL_SNAPSHOT, lastRequest: omNode-1->omNode-2#0-t7,notify:(t:7, i:61)
2022-10-18 03:54:12,855 [grpc-default-executor-2] INFO  server.GrpcLogAppender (GrpcLogAppender.java:onNext(403)) - omNode-1@group-523986131536->omNode-2-InstallSnapshotResponseHandler: received a reply omNode-1<-omNode-2#0:FAIL-t7,IN_PROGRESS
2022-10-18 03:54:12,855 [grpc-default-executor-2] INFO  server.GrpcLogAppender (GrpcLogAppender.java:onNext(421)) - omNode-1@group-523986131536->omNode-2-InstallSnapshotResponseHandler: InstallSnapshot in progress.
2022-10-18 03:54:12,855 [grpc-default-executor-0] INFO  leader.FollowerInfo (FollowerInfoImpl.java:lambda$new$0(48)) - omNode-1@group-523986131536->omNode-2: nextIndex: updateUnconditionally 59 -> 59
2022-10-18 03:54:12,855 [omNode-1@group-523986131536->omNode-2-GrpcLogAppender-LogAppenderDaemon] INFO  server.GrpcLogAppender (GrpcLogAppender.java:installSnapshot(541)) - omNode-1@group-523986131536->omNode-2-GrpcLogAppender: followerNextIndex = 59 but logStartIndex = 61, notify follower to install snapshot-(t:7, i:61)
2022-10-18 03:54:12,855 [omNode-1@group-523986131536->omNode-2-GrpcLogAppender-LogAppenderDaemon] INFO  server.GrpcLogAppender (GrpcLogAppender.java:installSnapshot(549)) - omNode-1@group-523986131536->omNode-2-GrpcLogAppender: send omNode-1->omNode-2#0-t7,notify:(t:7, i:61)
2022-10-18 03:54:12,860 [omNode-2-server-thread1] INFO  server.RaftServer$Division (RaftServerImpl.java:checkInconsistentAppendEntries(1402)) - omNode-2@group-523986131536: Failed appendEntries as snapshot (61) installation is in progress
2022-10-18 03:54:12,860 [omNode-2-server-thread1] INFO  server.RaftServer$Division (RaftServerImpl.java:checkInconsistentAppendEntries(1394)) - omNode-2@group-523986131536: inconsistency entries. Reply:omNode-1<-omNode-2#708:FAIL-t7,INCONSISTENCY,nextIndex=59,followerCommit=58
2022-10-18 03:54:12,860 [grpc-default-executor-0] INFO  impl.SnapshotInstallationHandler (SnapshotInstallationHandler.java:installSnapshot(84)) - omNode-2@group-523986131536: receive installSnapshot: omNode-1->omNode-2#0-t7,notify:(t:7, i:61)
2022-10-18 03:54:12,860 [grpc-default-executor-0] INFO  impl.SnapshotInstallationHandler (SnapshotInstallationHandler.java:installSnapshot(95)) - omNode-2@group-523986131536: reply installSnapshot: omNode-1<-omNode-2#0:FAIL-t7,IN_PROGRESS
2022-10-18 03:54:12,860 [grpc-default-executor-0] INFO  server.GrpcServerProtocolService (GrpcServerProtocolService.java:onCompleted(140)) - omNode-2: Completed INSTALL_SNAPSHOT, lastRequest: omNode-1->omNode-2#0-t7,notify:(t:7, i:61)
2022-10-18 03:54:12,860 [grpc-default-executor-2] INFO  server.GrpcLogAppender (GrpcLogAppender.java:onNext(403)) - omNode-1@group-523986131536->omNode-2-InstallSnapshotResponseHandler: received a reply omNode-1<-omNode-2#0:FAIL-t7,IN_PROGRESS
2022-10-18 03:54:12,861 [grpc-default-executor-2] INFO  server.GrpcLogAppender (GrpcLogAppender.java:onNext(421)) - omNode-1@group-523986131536->omNode-2-InstallSnapshotResponseHandler: InstallSnapshot in progress.
2022-10-18 03:54:12,861 [omNode-1@group-523986131536->omNode-2-GrpcLogAppender-LogAppenderDaemon] INFO  server.GrpcLogAppender (GrpcLogAppender.java:installSnapshot(541)) - omNode-1@group-523986131536->omNode-2-GrpcLogAppender: followerNextIndex = 59 but logStartIndex = 61, notify follower to install snapshot-(t:7, i:61)
2022-10-18 03:54:12,861 [omNode-1@group-523986131536->omNode-2-GrpcLogAppender-LogAppenderDaemon] INFO  server.GrpcLogAppender (GrpcLogAppender.java:installSnapshot(549)) - omNode-1@group-523986131536->omNode-2-GrpcLogAppender: send omNode-1->omNode-2#0-t7,notify:(t:7, i:61)
2022-10-18 03:54:12,864 [grpc-default-executor-1] INFO  impl.SnapshotInstallationHandler (SnapshotInstallationHandler.java:installSnapshot(84)) - omNode-2@group-523986131536: receive installSnapshot: omNode-1->omNode-2#0-t7,notify:(t:7, i:61)
2022-10-18 03:54:12,864 [grpc-default-executor-1] INFO  impl.SnapshotInstallationHandler (SnapshotInstallationHandler.java:installSnapshot(95)) - omNode-2@group-523986131536: reply installSnapshot: omNode-1<-omNode-2#0:FAIL-t7,IN_PROGRESS
2022-10-18 03:54:12,864 [grpc-default-executor-1] INFO  server.GrpcServerProtocolService (GrpcServerProtocolService.java:onCompleted(140)) - omNode-2: Completed INSTALL_SNAPSHOT, lastRequest: omNode-1->omNode-2#0-t7,notify:(t:7, i:61)
2022-10-18 03:54:12,865 [omNode-2-server-thread1] INFO  server.RaftServer$Division (RaftServerImpl.java:checkInconsistentAppendEntries(1402)) - omNode-2@group-523986131536: Failed appendEntries as snapshot (61) installation is in progress
2022-10-18 03:54:12,865 [omNode-2-server-thread1] INFO  server.RaftServer$Division (RaftServerImpl.java:checkInconsistentAppendEntries(1394)) - omNode-2@group-523986131536: inconsistency entries. Reply:omNode-1<-omNode-2#709:FAIL-t7,INCONSISTENCY,nextIndex=59,followerCommit=58
2022-10-18 03:54:12,865 [grpc-default-executor-2] INFO  server.GrpcLogAppender (GrpcLogAppender.java:onNext(403)) - omNode-1@group-523986131536->omNode-2-InstallSnapshotResponseHandler: received a reply omNode-1<-omNode-2#0:FAIL-t7,IN_PROGRESS
2022-10-18 03:54:12,865 [grpc-default-executor-2] INFO  server.GrpcLogAppender (GrpcLogAppender.java:onNext(421)) - omNode-1@group-523986131536->omNode-2-InstallSnapshotResponseHandler: InstallSnapshot in progress.
2022-10-18 03:54:12,865 [omNode-1@group-523986131536->omNode-2-GrpcLogAppender-LogAppenderDaemon] INFO  server.GrpcLogAppender (GrpcLogAppender.java:installSnapshot(541)) - omNode-1@group-523986131536->omNode-2-GrpcLogAppender: followerNextIndex = 59 but logStartIndex = 61, notify follower to install snapshot-(t:7, i:61)
2022-10-18 03:54:12,865 [omNode-1@group-523986131536->omNode-2-GrpcLogAppender-LogAppenderDaemon] INFO  server.GrpcLogAppender (GrpcLogAppender.java:installSnapshot(549)) - omNode-1@group-523986131536->omNode-2-GrpcLogAppender: send omNode-1->omNode-2#0-t7,notify:(t:7, i:61)
2022-10-18 03:54:12,866 [omNode-2-server-thread1] INFO  server.RaftServer$Division (RaftServerImpl.java:checkInconsistentAppendEntries(1402)) - omNode-2@group-523986131536: Failed appendEntries as snapshot (61) installation is in progress
2022-10-18 03:54:12,866 [omNode-2-server-thread1] INFO  server.RaftServer$Division (RaftServerImpl.java:checkInconsistentAppendEntries(1394)) - omNode-2@group-523986131536: inconsistency entries. Reply:omNode-1<-omNode-2#710:FAIL-t7,INCONSISTENCY,nextIndex=59,followerCommit=58
2022-10-18 03:54:12,866 [grpc-default-executor-0] INFO  leader.FollowerInfo (FollowerInfoImpl.java:lambda$new$0(48)) - omNode-1@group-523986131536->omNode-2: nextIndex: updateUnconditionally 59 -> 59
2022-10-18 03:54:12,866 [grpc-default-executor-3] INFO  impl.SnapshotInstallationHandler (SnapshotInstallationHandler.java:installSnapshot(84)) - omNode-2@group-523986131536: receive installSnapshot: omNode-1->omNode-2#0-t7,notify:(t:7, i:61)
2022-10-18 03:54:12,866 [grpc-default-executor-3] INFO  impl.SnapshotInstallationHandler (SnapshotInstallationHandler.java:installSnapshot(95)) - omNode-2@group-523986131536: reply installSnapshot: omNode-1<-omNode-2#0:FAIL-t7,IN_PROGRESS
2022-10-18 03:54:12,866 [grpc-default-executor-3] INFO  server.GrpcServerProtocolService (GrpcServerProtocolService.java:onCompleted(140)) - omNode-2: Completed INSTALL_SNAPSHOT, lastRequest: omNode-1->omNode-2#0-t7,notify:(t:7, i:61)
2022-10-18 03:54:12,867 [grpc-default-executor-0] INFO  leader.FollowerInfo (FollowerInfoImpl.java:lambda$new$0(48)) - omNode-1@group-523986131536->omNode-2: nextIndex: updateUnconditionally 59 -> 59
2022-10-18 03:54:12,867 [grpc-default-executor-1] INFO  server.GrpcLogAppender (GrpcLogAppender.java:onNext(403)) - omNode-1@group-523986131536->omNode-2-InstallSnapshotResponseHandler: received a reply omNode-1<-omNode-2#0:FAIL-t7,IN_PROGRESS
2022-10-18 03:54:12,867 [grpc-default-executor-1] INFO  server.GrpcLogAppender (GrpcLogAppender.java:onNext(421)) - omNode-1@group-523986131536->omNode-2-InstallSnapshotResponseHandler: InstallSnapshot in progress.
2022-10-18 03:54:12,867 [grpc-default-executor-0] INFO  leader.FollowerInfo (FollowerInfoImpl.java:lambda$new$0(48)) - omNode-1@group-523986131536->omNode-2: nextIndex: updateUnconditionally 59 -> 59
2022-10-18 03:54:12,867 [omNode-1@group-523986131536->omNode-2-GrpcLogAppender-LogAppenderDaemon] INFO  server.GrpcLogAppender (GrpcLogAppender.java:installSnapshot(541)) - omNode-1@group-523986131536->omNode-2-GrpcLogAppender: followerNextIndex = 59 but logStartIndex = 61, notify follower to install snapshot-(t:7, i:61)
2022-10-18 03:54:12,867 [omNode-1@group-523986131536->omNode-2-GrpcLogAppender-LogAppenderDaemon] INFO  server.GrpcLogAppender (GrpcLogAppender.java:installSnapshot(549)) - omNode-1@group-523986131536->omNode-2-GrpcLogAppender: send omNode-1->omNode-2#0-t7,notify:(t:7, i:61)
2022-10-18 03:54:12,868 [omNode-2-server-thread1] INFO  server.RaftServer$Division (RaftServerImpl.java:checkInconsistentAppendEntries(1402)) - omNode-2@group-523986131536: Failed appendEntries as snapshot (61) installation is in progress
2022-10-18 03:54:12,868 [omNode-2-server-thread1] INFO  server.RaftServer$Division (RaftServerImpl.java:checkInconsistentAppendEntries(1394)) - omNode-2@group-523986131536: inconsistency entries. Reply:omNode-1<-omNode-2#711:FAIL-t7,INCONSISTENCY,nextIndex=59,followerCommit=58
2022-10-18 03:54:12,870 [grpc-default-executor-1] INFO  impl.SnapshotInstallationHandler (SnapshotInstallationHandler.java:installSnapshot(84)) - omNode-2@group-523986131536: receive installSnapshot: omNode-1->omNode-2#0-t7,notify:(t:7, i:61)
2022-10-18 03:54:12,870 [grpc-default-executor-1] INFO  impl.SnapshotInstallationHandler (SnapshotInstallationHandler.java:installSnapshot(95)) - omNode-2@group-523986131536: reply installSnapshot: omNode-1<-omNode-2#0:FAIL-t7,IN_PROGRESS
2022-10-18 03:54:12,870 [grpc-default-executor-1] INFO  server.GrpcServerProtocolService (GrpcServerProtocolService.java:onCompleted(140)) - omNode-2: Completed INSTALL_SNAPSHOT, lastRequest: omNode-1->omNode-2#0-t7,notify:(t:7, i:61)
2022-10-18 03:54:12,870 [grpc-default-executor-0] INFO  leader.FollowerInfo (FollowerInfoImpl.java:lambda$new$0(48)) - omNode-1@group-523986131536->omNode-2: nextIndex: updateUnconditionally 59 -> 59
2022-10-18 03:54:12,870 [grpc-default-executor-1] INFO  server.GrpcLogAppender (GrpcLogAppender.java:onNext(403)) - omNode-1@group-523986131536->omNode-2-InstallSnapshotResponseHandler: received a reply omNode-1<-omNode-2#0:FAIL-t7,IN_PROGRESS
2022-10-18 03:54:12,870 [grpc-default-executor-1] INFO  server.GrpcLogAppender (GrpcLogAppender.java:onNext(421)) - omNode-1@group-523986131536->omNode-2-InstallSnapshotResponseHandler: InstallSnapshot in progress.
2022-10-18 03:54:12,870 [omNode-1@group-523986131536->omNode-2-GrpcLogAppender-LogAppenderDaemon] INFO  server.GrpcLogAppender (GrpcLogAppender.java:installSnapshot(541)) - omNode-1@group-523986131536->omNode-2-GrpcLogAppender: followerNextIndex = 59 but logStartIndex = 61, notify follower to install snapshot-(t:7, i:61)
2022-10-18 03:54:12,871 [omNode-1@group-523986131536->omNode-2-GrpcLogAppender-LogAppenderDaemon] INFO  server.GrpcLogAppender (GrpcLogAppender.java:installSnapshot(549)) - omNode-1@group-523986131536->omNode-2-GrpcLogAppender: send omNode-1->omNode-2#0-t7,notify:(t:7, i:61)
2022-10-18 03:54:12,874 [omNode-2-server-thread1] INFO  server.RaftServer$Division (RaftServerImpl.java:checkInconsistentAppendEntries(1402)) - omNode-2@group-523986131536: Failed appendEntries as snapshot (61) installation is in progress
2022-10-18 03:54:12,874 [omNode-2-server-thread1] INFO  server.RaftServer$Division (RaftServerImpl.java:checkInconsistentAppendEntries(1394)) - omNode-2@group-523986131536: inconsistency entries. Reply:omNode-1<-omNode-2#712:FAIL-t7,INCONSISTENCY,nextIndex=59,followerCommit=58
2022-10-18 03:54:12,874 [grpc-default-executor-0] INFO  impl.SnapshotInstallationHandler (SnapshotInstallationHandler.java:installSnapshot(84)) - omNode-2@group-523986131536: receive installSnapshot: omNode-1->omNode-2#0-t7,notify:(t:7, i:61)
2022-10-18 03:54:12,874 [grpc-default-executor-0] INFO  impl.SnapshotInstallationHandler (SnapshotInstallationHandler.java:installSnapshot(95)) - omNode-2@group-523986131536: reply installSnapshot: omNode-1<-omNode-2#0:FAIL-t7,IN_PROGRESS
2022-10-18 03:54:12,875 [grpc-default-executor-0] INFO  server.GrpcServerProtocolService (GrpcServerProtocolService.java:onCompleted(140)) - omNode-2: Completed INSTALL_SNAPSHOT, lastRequest: omNode-1->omNode-2#0-t7,notify:(t:7, i:61)
2022-10-18 03:54:12,875 [grpc-default-executor-0] INFO  server.GrpcLogAppender (GrpcLogAppender.java:onNext(403)) - omNode-1@group-523986131536->omNode-2-InstallSnapshotResponseHandler: received a reply omNode-1<-omNode-2#0:FAIL-t7,IN_PROGRESS
2022-10-18 03:54:12,875 [grpc-default-executor-0] INFO  server.GrpcLogAppender (GrpcLogAppender.java:onNext(421)) - omNode-1@group-523986131536->omNode-2-InstallSnapshotResponseHandler: InstallSnapshot in progress.
2022-10-18 03:54:12,875 [omNode-1@group-523986131536->omNode-2-GrpcLogAppender-LogAppenderDaemon] INFO  server.GrpcLogAppender (GrpcLogAppender.java:installSnapshot(541)) - omNode-1@group-523986131536->omNode-2-GrpcLogAppender: followerNextIndex = 59 but logStartIndex = 61, notify follower to install snapshot-(t:7, i:61)
2022-10-18 03:54:12,875 [omNode-1@group-523986131536->omNode-2-GrpcLogAppender-LogAppenderDaemon] INFO  server.GrpcLogAppender (GrpcLogAppender.java:installSnapshot(549)) - omNode-1@group-523986131536->omNode-2-GrpcLogAppender: send omNode-1->omNode-2#0-t7,notify:(t:7, i:61)
2022-10-18 03:54:12,876 [grpc-default-executor-1] INFO  leader.FollowerInfo (FollowerInfoImpl.java:lambda$new$0(48)) - omNode-1@group-523986131536->omNode-2: nextIndex: updateUnconditionally 59 -> 59
2022-10-18 03:54:12,876 [omNode-2-server-thread1] INFO  server.RaftServer$Division (RaftServerImpl.java:checkInconsistentAppendEntries(1402)) - omNode-2@group-523986131536: Failed appendEntries as snapshot (61) installation is in progress
2022-10-18 03:54:12,876 [omNode-2-server-thread1] INFO  server.RaftServer$Division (RaftServerImpl.java:checkInconsistentAppendEntries(1394)) - omNode-2@group-523986131536: inconsistency entries. Reply:omNode-1<-omNode-2#713:FAIL-t7,INCONSISTENCY,nextIndex=59,followerCommit=58
2022-10-18 03:54:12,876 [grpc-default-executor-3] INFO  impl.SnapshotInstallationHandler (SnapshotInstallationHandler.java:installSnapshot(84)) - omNode-2@group-523986131536: receive installSnapshot: omNode-1->omNode-2#0-t7,notify:(t:7, i:61)
2022-10-18 03:54:12,876 [grpc-default-executor-3] INFO  impl.SnapshotInstallationHandler (SnapshotInstallationHandler.java:installSnapshot(95)) - omNode-2@group-523986131536: reply installSnapshot: omNode-1<-omNode-2#0:FAIL-t7,IN_PROGRESS
2022-10-18 03:54:12,877 [grpc-default-executor-3] INFO  server.GrpcServerProtocolService (GrpcServerProtocolService.java:onCompleted(140)) - omNode-2: Completed INSTALL_SNAPSHOT, lastRequest: omNode-1->omNode-2#0-t7,notify:(t:7, i:61)
2022-10-18 03:54:12,877 [grpc-default-executor-3] INFO  server.GrpcLogAppender (GrpcLogAppender.java:onNext(403)) - omNode-1@group-523986131536->omNode-2-InstallSnapshotResponseHandler: received a reply omNode-1<-omNode-2#0:FAIL-t7,IN_PROGRESS
2022-10-18 03:54:12,877 [grpc-default-executor-3] INFO  server.GrpcLogAppender (GrpcLogAppender.java:onNext(421)) - omNode-1@group-523986131536->omNode-2-InstallSnapshotResponseHandler: InstallSnapshot in progress.
2022-10-18 03:54:12,877 [omNode-1@group-523986131536->omNode-2-GrpcLogAppender-LogAppenderDaemon] INFO  server.GrpcLogAppender (GrpcLogAppender.java:installSnapshot(541)) - omNode-1@group-523986131536->omNode-2-GrpcLogAppender: followerNextIndex = 59 but logStartIndex = 61, notify follower to install snapshot-(t:7, i:61)
2022-10-18 03:54:12,877 [omNode-1@group-523986131536->omNode-2-GrpcLogAppender-LogAppenderDaemon] INFO  server.GrpcLogAppender (GrpcLogAppender.java:installSnapshot(549)) - omNode-1@group-523986131536->omNode-2-GrpcLogAppender: send omNode-1->omNode-2#0-t7,notify:(t:7, i:61)
2022-10-18 03:54:12,878 [omNode-2-server-thread1] INFO  server.RaftServer$Division (RaftServerImpl.java:checkInconsistentAppendEntries(1402)) - omNode-2@group-523986131536: Failed appendEntries as snapshot (61) installation is in progress
2022-10-18 03:54:12,878 [omNode-2-server-thread1] INFO  server.RaftServer$Division (RaftServerImpl.java:checkInconsistentAppendEntries(1394)) - omNode-2@group-523986131536: inconsistency entries. Reply:omNode-1<-omNode-2#714:FAIL-t7,INCONSISTENCY,nextIndex=59,followerCommit=58
2022-10-18 03:54:12,878 [grpc-default-executor-0] INFO  leader.FollowerInfo (FollowerInfoImpl.java:lambda$new$0(48)) - omNode-1@group-523986131536->omNode-2: nextIndex: updateUnconditionally 59 -> 59
2022-10-18 03:54:12,878 [grpc-default-executor-3] INFO  impl.SnapshotInstallationHandler (SnapshotInstallationHandler.java:installSnapshot(84)) - omNode-2@group-523986131536: receive installSnapshot: omNode-1->omNode-2#0-t7,notify:(t:7, i:61)
2022-10-18 03:54:12,878 [grpc-default-executor-3] INFO  impl.SnapshotInstallationHandler (SnapshotInstallationHandler.java:installSnapshot(95)) - omNode-2@group-523986131536: reply installSnapshot: omNode-1<-omNode-2#0:FAIL-t7,IN_PROGRESS
2022-10-18 03:54:12,878 [grpc-default-executor-3] INFO  server.GrpcServerProtocolService (GrpcServerProtocolService.java:onCompleted(140)) - omNode-2: Completed INSTALL_SNAPSHOT, lastRequest: omNode-1->omNode-2#0-t7,notify:(t:7, i:61)
2022-10-18 03:54:12,879 [grpc-default-executor-0] INFO  leader.FollowerInfo (FollowerInfoImpl.java:lambda$new$0(48)) - omNode-1@group-523986131536->omNode-2: nextIndex: updateUnconditionally 59 -> 59
2022-10-18 03:54:12,879 [grpc-default-executor-0] INFO  server.GrpcLogAppender (GrpcLogAppender.java:onNext(403)) - omNode-1@group-523986131536->omNode-2-InstallSnapshotResponseHandler: received a reply omNode-1<-omNode-2#0:FAIL-t7,IN_PROGRESS
2022-10-18 03:54:12,879 [grpc-default-executor-0] INFO  server.GrpcLogAppender (GrpcLogAppender.java:onNext(421)) - omNode-1@group-523986131536->omNode-2-InstallSnapshotResponseHandler: InstallSnapshot in progress.
2022-10-18 03:54:12,880 [omNode-1@group-523986131536->omNode-2-GrpcLogAppender-LogAppenderDaemon] INFO  server.GrpcLogAppender (GrpcLogAppender.java:installSnapshot(541)) - omNode-1@group-523986131536->omNode-2-GrpcLogAppender: followerNextIndex = 59 but logStartIndex = 61, notify follower to install snapshot-(t:7, i:61)
2022-10-18 03:54:12,880 [omNode-1@group-523986131536->omNode-2-GrpcLogAppender-LogAppenderDaemon] INFO  server.GrpcLogAppender (GrpcLogAppender.java:installSnapshot(549)) - omNode-1@group-523986131536->omNode-2-GrpcLogAppender: send omNode-1->omNode-2#0-t7,notify:(t:7, i:61)
2022-10-18 03:54:12,881 [omNode-2-server-thread1] INFO  server.RaftServer$Division (RaftServerImpl.java:checkInconsistentAppendEntries(1402)) - omNode-2@group-523986131536: Failed appendEntries as snapshot (61) installation is in progress
2022-10-18 03:54:12,881 [omNode-2-server-thread1] INFO  server.RaftServer$Division (RaftServerImpl.java:checkInconsistentAppendEntries(1394)) - omNode-2@group-523986131536: inconsistency entries. Reply:omNode-1<-omNode-2#715:FAIL-t7,INCONSISTENCY,nextIndex=59,followerCommit=58
2022-10-18 03:54:12,882 [grpc-default-executor-0] INFO  impl.SnapshotInstallationHandler (SnapshotInstallationHandler.java:installSnapshot(84)) - omNode-2@group-523986131536: receive installSnapshot: omNode-1->omNode-2#0-t7,notify:(t:7, i:61)
2022-10-18 03:54:12,882 [grpc-default-executor-0] INFO  impl.SnapshotInstallationHandler (SnapshotInstallationHandler.java:installSnapshot(95)) - omNode-2@group-523986131536: reply installSnapshot: omNode-1<-omNode-2#0:FAIL-t7,IN_PROGRESS
2022-10-18 03:54:12,882 [grpc-default-executor-0] INFO  server.GrpcServerProtocolService (GrpcServerProtocolService.java:onCompleted(140)) - omNode-2: Completed INSTALL_SNAPSHOT, lastRequest: omNode-1->omNode-2#0-t7,notify:(t:7, i:61)
2022-10-18 03:54:12,883 [grpc-default-executor-0] INFO  leader.FollowerInfo (FollowerInfoImpl.java:lambda$new$0(48)) - omNode-1@group-523986131536->omNode-2: nextIndex: updateUnconditionally 59 -> 59
2022-10-18 03:54:12,883 [grpc-default-executor-3] INFO  server.GrpcLogAppender (GrpcLogAppender.java:onNext(403)) - omNode-1@group-523986131536->omNode-2-InstallSnapshotResponseHandler: received a reply omNode-1<-omNode-2#0:FAIL-t7,IN_PROGRESS
2022-10-18 03:54:12,884 [grpc-default-executor-3] INFO  server.GrpcLogAppender (GrpcLogAppender.java:onNext(421)) - omNode-1@group-523986131536->omNode-2-InstallSnapshotResponseHandler: InstallSnapshot in progress.
2022-10-18 03:54:12,884 [omNode-1@group-523986131536->omNode-2-GrpcLogAppender-LogAppenderDaemon] INFO  server.GrpcLogAppender (GrpcLogAppender.java:installSnapshot(541)) - omNode-1@group-523986131536->omNode-2-GrpcLogAppender: followerNextIndex = 59 but logStartIndex = 61, notify follower to install snapshot-(t:7, i:61)
2022-10-18 03:54:12,884 [omNode-1@group-523986131536->omNode-2-GrpcLogAppender-LogAppenderDaemon] INFO  server.GrpcLogAppender (GrpcLogAppender.java:installSnapshot(549)) - omNode-1@group-523986131536->omNode-2-GrpcLogAppender: send omNode-1->omNode-2#0-t7,notify:(t:7, i:61)
2022-10-18 03:54:12,890 [omNode-2-server-thread1] INFO  server.RaftServer$Division (RaftServerImpl.java:checkInconsistentAppendEntries(1402)) - omNode-2@group-523986131536: Failed appendEntries as snapshot (61) installation is in progress
2022-10-18 03:54:12,890 [omNode-2-server-thread1] INFO  server.RaftServer$Division (RaftServerImpl.java:checkInconsistentAppendEntries(1394)) - omNode-2@group-523986131536: inconsistency entries. Reply:omNode-1<-omNode-2#716:FAIL-t7,INCONSISTENCY,nextIndex=59,followerCommit=58
2022-10-18 03:54:12,890 [grpc-default-executor-3] INFO  impl.SnapshotInstallationHandler (SnapshotInstallationHandler.java:installSnapshot(84)) - omNode-2@group-523986131536: receive installSnapshot: omNode-1->omNode-2#0-t7,notify:(t:7, i:61)
2022-10-18 03:54:12,891 [grpc-default-executor-3] INFO  impl.SnapshotInstallationHandler (SnapshotInstallationHandler.java:installSnapshot(95)) - omNode-2@group-523986131536: reply installSnapshot: omNode-1<-omNode-2#0:FAIL-t7,IN_PROGRESS
2022-10-18 03:54:12,891 [grpc-default-executor-3] INFO  server.GrpcServerProtocolService (GrpcServerProtocolService.java:onCompleted(140)) - omNode-2: Completed INSTALL_SNAPSHOT, lastRequest: omNode-1->omNode-2#0-t7,notify:(t:7, i:61)
2022-10-18 03:54:12,894 [grpc-default-executor-3] INFO  leader.FollowerInfo (FollowerInfoImpl.java:lambda$new$0(48)) - omNode-1@group-523986131536->omNode-2: nextIndex: updateUnconditionally 59 -> 59
2022-10-18 03:54:12,894 [grpc-default-executor-0] INFO  server.GrpcLogAppender (GrpcLogAppender.java:onNext(403)) - omNode-1@group-523986131536->omNode-2-InstallSnapshotResponseHandler: received a reply omNode-1<-omNode-2#0:FAIL-t7,IN_PROGRESS
2022-10-18 03:54:12,894 [grpc-default-executor-0] INFO  server.GrpcLogAppender (GrpcLogAppender.java:onNext(421)) - omNode-1@group-523986131536->omNode-2-InstallSnapshotResponseHandler: InstallSnapshot in progress.
2022-10-18 03:54:12,894 [omNode-1@group-523986131536->omNode-2-GrpcLogAppender-LogAppenderDaemon] INFO  server.GrpcLogAppender (GrpcLogAppender.java:installSnapshot(541)) - omNode-1@group-523986131536->omNode-2-GrpcLogAppender: followerNextIndex = 59 but logStartIndex = 61, notify follower to install snapshot-(t:7, i:61)
2022-10-18 03:54:12,895 [omNode-1@group-523986131536->omNode-2-GrpcLogAppender-LogAppenderDaemon] INFO  server.GrpcLogAppender (GrpcLogAppender.java:installSnapshot(549)) - omNode-1@group-523986131536->omNode-2-GrpcLogAppender: send omNode-1->omNode-2#0-t7,notify:(t:7, i:61)
2022-10-18 03:54:12,895 [omNode-2-server-thread1] INFO  server.RaftServer$Division (RaftServerImpl.java:checkInconsistentAppendEntries(1402)) - omNode-2@group-523986131536: Failed appendEntries as snapshot (61) installation is in progress
2022-10-18 03:54:12,895 [omNode-2-server-thread1] INFO  server.RaftServer$Division (RaftServerImpl.java:checkInconsistentAppendEntries(1394)) - omNode-2@group-523986131536: inconsistency entries. Reply:omNode-1<-omNode-2#717:FAIL-t7,INCONSISTENCY,nextIndex=59,followerCommit=58
2022-10-18 03:54:12,895 [grpc-default-executor-1] INFO  impl.SnapshotInstallationHandler (SnapshotInstallationHandler.java:installSnapshot(84)) - omNode-2@group-523986131536: receive installSnapshot: omNode-1->omNode-2#0-t7,notify:(t:7, i:61)
2022-10-18 03:54:12,895 [grpc-default-executor-1] INFO  impl.SnapshotInstallationHandler (SnapshotInstallationHandler.java:installSnapshot(95)) - omNode-2@group-523986131536: reply installSnapshot: omNode-1<-omNode-2#0:FAIL-t7,IN_PROGRESS
2022-10-18 03:54:12,896 [grpc-default-executor-1] INFO  server.GrpcServerProtocolService (GrpcServerProtocolService.java:onCompleted(140)) - omNode-2: Completed INSTALL_SNAPSHOT, lastRequest: omNode-1->omNode-2#0-t7,notify:(t:7, i:61)
2022-10-18 03:54:12,896 [grpc-default-executor-1] INFO  server.GrpcLogAppender (GrpcLogAppender.java:onNext(403)) - omNode-1@group-523986131536->omNode-2-InstallSnapshotResponseHandler: received a reply omNode-1<-omNode-2#0:FAIL-t7,IN_PROGRESS
2022-10-18 03:54:12,896 [grpc-default-executor-1] INFO  server.GrpcLogAppender (GrpcLogAppender.java:onNext(421)) - omNode-1@group-523986131536->omNode-2-InstallSnapshotResponseHandler: InstallSnapshot in progress.
2022-10-18 03:54:12,896 [omNode-1@group-523986131536->omNode-2-GrpcLogAppender-LogAppenderDaemon] INFO  server.GrpcLogAppender (GrpcLogAppender.java:installSnapshot(541)) - omNode-1@group-523986131536->omNode-2-GrpcLogAppender: followerNextIndex = 59 but logStartIndex = 61, notify follower to install snapshot-(t:7, i:61)
2022-10-18 03:54:12,896 [omNode-1@group-523986131536->omNode-2-GrpcLogAppender-LogAppenderDaemon] INFO  server.GrpcLogAppender (GrpcLogAppender.java:installSnapshot(549)) - omNode-1@group-523986131536->omNode-2-GrpcLogAppender: send omNode-1->omNode-2#0-t7,notify:(t:7, i:61)
2022-10-18 03:54:12,897 [omNode-2-server-thread1] INFO  server.RaftServer$Division (RaftServerImpl.java:checkInconsistentAppendEntries(1402)) - omNode-2@group-523986131536: Failed appendEntries as snapshot (61) installation is in progress
2022-10-18 03:54:12,897 [omNode-2-server-thread1] INFO  server.RaftServer$Division (RaftServerImpl.java:checkInconsistentAppendEntries(1394)) - omNode-2@group-523986131536: inconsistency entries. Reply:omNode-1<-omNode-2#718:FAIL-t7,INCONSISTENCY,nextIndex=59,followerCommit=58
2022-10-18 03:54:12,897 [grpc-default-executor-1] INFO  leader.FollowerInfo (FollowerInfoImpl.java:lambda$new$0(48)) - omNode-1@group-523986131536->omNode-2: nextIndex: updateUnconditionally 59 -> 59
2022-10-18 03:54:12,897 [grpc-default-executor-3] INFO  impl.SnapshotInstallationHandler (SnapshotInstallationHandler.java:installSnapshot(84)) - omNode-2@group-523986131536: receive installSnapshot: omNode-1->omNode-2#0-t7,notify:(t:7, i:61)
2022-10-18 03:54:12,897 [grpc-default-executor-3] INFO  impl.SnapshotInstallationHandler (SnapshotInstallationHandler.java:installSnapshot(95)) - omNode-2@group-523986131536: reply installSnapshot: omNode-1<-omNode-2#0:FAIL-t7,IN_PROGRESS
2022-10-18 03:54:12,897 [grpc-default-executor-3] INFO  server.GrpcServerProtocolService (GrpcServerProtocolService.java:onCompleted(140)) - omNode-2: Completed INSTALL_SNAPSHOT, lastRequest: omNode-1->omNode-2#0-t7,notify:(t:7, i:61)
2022-10-18 03:54:12,897 [grpc-default-executor-1] INFO  leader.FollowerInfo (FollowerInfoImpl.java:lambda$new$0(48)) - omNode-1@group-523986131536->omNode-2: nextIndex: updateUnconditionally 59 -> 59
2022-10-18 03:54:12,898 [grpc-default-executor-3] INFO  server.GrpcLogAppender (GrpcLogAppender.java:onNext(403)) - omNode-1@group-523986131536->omNode-2-InstallSnapshotResponseHandler: received a reply omNode-1<-omNode-2#0:FAIL-t7,IN_PROGRESS
2022-10-18 03:54:12,898 [grpc-default-executor-3] INFO  server.GrpcLogAppender (GrpcLogAppender.java:onNext(421)) - omNode-1@group-523986131536->omNode-2-InstallSnapshotResponseHandler: InstallSnapshot in progress.
2022-10-18 03:54:12,898 [omNode-1@group-523986131536->omNode-2-GrpcLogAppender-LogAppenderDaemon] INFO  server.GrpcLogAppender (GrpcLogAppender.java:installSnapshot(541)) - omNode-1@group-523986131536->omNode-2-GrpcLogAppender: followerNextIndex = 59 but logStartIndex = 61, notify follower to install snapshot-(t:7, i:61)
2022-10-18 03:54:12,898 [omNode-1@group-523986131536->omNode-2-GrpcLogAppender-LogAppenderDaemon] INFO  server.GrpcLogAppender (GrpcLogAppender.java:installSnapshot(549)) - omNode-1@group-523986131536->omNode-2-GrpcLogAppender: send omNode-1->omNode-2#0-t7,notify:(t:7, i:61)
2022-10-18 03:54:12,898 [omNode-2-server-thread1] INFO  server.RaftServer$Division (RaftServerImpl.java:checkInconsistentAppendEntries(1402)) - omNode-2@group-523986131536: Failed appendEntries as snapshot (61) installation is in progress
2022-10-18 03:54:12,898 [omNode-2-server-thread1] INFO  server.RaftServer$Division (RaftServerImpl.java:checkInconsistentAppendEntries(1394)) - omNode-2@group-523986131536: inconsistency entries. Reply:omNode-1<-omNode-2#719:FAIL-t7,INCONSISTENCY,nextIndex=59,followerCommit=58
2022-10-18 03:54:12,899 [grpc-default-executor-1] INFO  impl.SnapshotInstallationHandler (SnapshotInstallationHandler.java:installSnapshot(84)) - omNode-2@group-523986131536: receive installSnapshot: omNode-1->omNode-2#0-t7,notify:(t:7, i:61)
2022-10-18 03:54:12,899 [grpc-default-executor-1] INFO  impl.SnapshotInstallationHandler (SnapshotInstallationHandler.java:installSnapshot(95)) - omNode-2@group-523986131536: reply installSnapshot: omNode-1<-omNode-2#0:FAIL-t7,IN_PROGRESS
2022-10-18 03:54:12,899 [grpc-default-executor-1] INFO  server.GrpcServerProtocolService (GrpcServerProtocolService.java:onCompleted(140)) - omNode-2: Completed INSTALL_SNAPSHOT, lastRequest: omNode-1->omNode-2#0-t7,notify:(t:7, i:61)
2022-10-18 03:54:12,899 [grpc-default-executor-3] INFO  leader.FollowerInfo (FollowerInfoImpl.java:lambda$new$0(48)) - omNode-1@group-523986131536->omNode-2: nextIndex: updateUnconditionally 59 -> 59
2022-10-18 03:54:12,899 [grpc-default-executor-1] INFO  server.GrpcLogAppender (GrpcLogAppender.java:onNext(403)) - omNode-1@group-523986131536->omNode-2-InstallSnapshotResponseHandler: received a reply omNode-1<-omNode-2#0:FAIL-t7,IN_PROGRESS
2022-10-18 03:54:12,899 [grpc-default-executor-1] INFO  server.GrpcLogAppender (GrpcLogAppender.java:onNext(421)) - omNode-1@group-523986131536->omNode-2-InstallSnapshotResponseHandler: InstallSnapshot in progress.
2022-10-18 03:54:12,900 [omNode-1@group-523986131536->omNode-2-GrpcLogAppender-LogAppenderDaemon] INFO  server.GrpcLogAppender (GrpcLogAppender.java:installSnapshot(541)) - omNode-1@group-523986131536->omNode-2-GrpcLogAppender: followerNextIndex = 59 but logStartIndex = 61, notify follower to install snapshot-(t:7, i:61)
2022-10-18 03:54:12,900 [omNode-1@group-523986131536->omNode-2-GrpcLogAppender-LogAppenderDaemon] INFO  server.GrpcLogAppender (GrpcLogAppender.java:installSnapshot(549)) - omNode-1@group-523986131536->omNode-2-GrpcLogAppender: send omNode-1->omNode-2#0-t7,notify:(t:7, i:61)
2022-10-18 03:54:12,900 [omNode-2-server-thread1] INFO  server.RaftServer$Division (RaftServerImpl.java:checkInconsistentAppendEntries(1402)) - omNode-2@group-523986131536: Failed appendEntries as snapshot (61) installation is in progress
2022-10-18 03:54:12,900 [omNode-2-server-thread1] INFO  server.RaftServer$Division (RaftServerImpl.java:checkInconsistentAppendEntries(1394)) - omNode-2@group-523986131536: inconsistency entries. Reply:omNode-1<-omNode-2#720:FAIL-t7,INCONSISTENCY,nextIndex=59,followerCommit=58
2022-10-18 03:54:12,900 [grpc-default-executor-3] INFO  impl.SnapshotInstallationHandler (SnapshotInstallationHandler.java:installSnapshot(84)) - omNode-2@group-523986131536: receive installSnapshot: omNode-1->omNode-2#0-t7,notify:(t:7, i:61)
2022-10-18 03:54:12,901 [grpc-default-executor-3] INFO  impl.SnapshotInstallationHandler (SnapshotInstallationHandler.java:installSnapshot(95)) - omNode-2@group-523986131536: reply installSnapshot: omNode-1<-omNode-2#0:FAIL-t7,IN_PROGRESS
2022-10-18 03:54:12,901 [grpc-default-executor-3] INFO  server.GrpcServerProtocolService (GrpcServerProtocolService.java:onCompleted(140)) - omNode-2: Completed INSTALL_SNAPSHOT, lastRequest: omNode-1->omNode-2#0-t7,notify:(t:7, i:61)
2022-10-18 03:54:12,901 [grpc-default-executor-1] INFO  leader.FollowerInfo (FollowerInfoImpl.java:lambda$new$0(48)) - omNode-1@group-523986131536->omNode-2: nextIndex: updateUnconditionally 59 -> 59
2022-10-18 03:54:12,901 [grpc-default-executor-3] INFO  server.GrpcLogAppender (GrpcLogAppender.java:onNext(403)) - omNode-1@group-523986131536->omNode-2-InstallSnapshotResponseHandler: received a reply omNode-1<-omNode-2#0:FAIL-t7,IN_PROGRESS
2022-10-18 03:54:12,901 [grpc-default-executor-3] INFO  server.GrpcLogAppender (GrpcLogAppender.java:onNext(421)) - omNode-1@group-523986131536->omNode-2-InstallSnapshotResponseHandler: InstallSnapshot in progress.
2022-10-18 03:54:12,901 [omNode-1@group-523986131536->omNode-2-GrpcLogAppender-LogAppenderDaemon] INFO  server.GrpcLogAppender (GrpcLogAppender.java:installSnapshot(541)) - omNode-1@group-523986131536->omNode-2-GrpcLogAppender: followerNextIndex = 59 but logStartIndex = 61, notify follower to install snapshot-(t:7, i:61)
2022-10-18 03:54:12,901 [omNode-1@group-523986131536->omNode-2-GrpcLogAppender-LogAppenderDaemon] INFO  server.GrpcLogAppender (GrpcLogAppender.java:installSnapshot(549)) - omNode-1@group-523986131536->omNode-2-GrpcLogAppender: send omNode-1->omNode-2#0-t7,notify:(t:7, i:61)
2022-10-18 03:54:12,906 [omNode-2-server-thread1] INFO  server.RaftServer$Division (RaftServerImpl.java:checkInconsistentAppendEntries(1402)) - omNode-2@group-523986131536: Failed appendEntries as snapshot (61) installation is in progress
2022-10-18 03:54:12,906 [omNode-2-server-thread1] INFO  server.RaftServer$Division (RaftServerImpl.java:checkInconsistentAppendEntries(1394)) - omNode-2@group-523986131536: inconsistency entries. Reply:omNode-1<-omNode-2#721:FAIL-t7,INCONSISTENCY,nextIndex=59,followerCommit=58
2022-10-18 03:54:12,907 [grpc-default-executor-3] INFO  impl.SnapshotInstallationHandler (SnapshotInstallationHandler.java:installSnapshot(84)) - omNode-2@group-523986131536: receive installSnapshot: omNode-1->omNode-2#0-t7,notify:(t:7, i:61)
2022-10-18 03:54:12,907 [grpc-default-executor-3] INFO  impl.SnapshotInstallationHandler (SnapshotInstallationHandler.java:installSnapshot(95)) - omNode-2@group-523986131536: reply installSnapshot: omNode-1<-omNode-2#0:FAIL-t7,IN_PROGRESS
2022-10-18 03:54:12,907 [grpc-default-executor-3] INFO  server.GrpcServerProtocolService (GrpcServerProtocolService.java:onCompleted(140)) - omNode-2: Completed INSTALL_SNAPSHOT, lastRequest: omNode-1->omNode-2#0-t7,notify:(t:7, i:61)
2022-10-18 03:54:12,908 [grpc-default-executor-3] INFO  leader.FollowerInfo (FollowerInfoImpl.java:lambda$new$0(48)) - omNode-1@group-523986131536->omNode-2: nextIndex: updateUnconditionally 59 -> 59
2022-10-18 03:54:12,908 [grpc-default-executor-0] INFO  server.GrpcLogAppender (GrpcLogAppender.java:onNext(403)) - omNode-1@group-523986131536->omNode-2-InstallSnapshotResponseHandler: received a reply omNode-1<-omNode-2#0:FAIL-t7,IN_PROGRESS
2022-10-18 03:54:12,908 [grpc-default-executor-0] INFO  server.GrpcLogAppender (GrpcLogAppender.java:onNext(421)) - omNode-1@group-523986131536->omNode-2-InstallSnapshotResponseHandler: InstallSnapshot in progress.
2022-10-18 03:54:12,909 [omNode-1@group-523986131536->omNode-2-GrpcLogAppender-LogAppenderDaemon] INFO  server.GrpcLogAppender (GrpcLogAppender.java:installSnapshot(541)) - omNode-1@group-523986131536->omNode-2-GrpcLogAppender: followerNextIndex = 59 but logStartIndex = 61, notify follower to install snapshot-(t:7, i:61)
2022-10-18 03:54:12,909 [omNode-1@group-523986131536->omNode-2-GrpcLogAppender-LogAppenderDaemon] INFO  server.GrpcLogAppender (GrpcLogAppender.java:installSnapshot(549)) - omNode-1@group-523986131536->omNode-2-GrpcLogAppender: send omNode-1->omNode-2#0-t7,notify:(t:7, i:61)
2022-10-18 03:54:12,909 [omNode-2-server-thread1] INFO  server.RaftServer$Division (RaftServerImpl.java:checkInconsistentAppendEntries(1402)) - omNode-2@group-523986131536: Failed appendEntries as snapshot (61) installation is in progress
2022-10-18 03:54:12,909 [omNode-2-server-thread1] INFO  server.RaftServer$Division (RaftServerImpl.java:checkInconsistentAppendEntries(1394)) - omNode-2@group-523986131536: inconsistency entries. Reply:omNode-1<-omNode-2#722:FAIL-t7,INCONSISTENCY,nextIndex=59,followerCommit=58
2022-10-18 03:54:12,909 [grpc-default-executor-3] INFO  impl.SnapshotInstallationHandler (SnapshotInstallationHandler.java:installSnapshot(84)) - omNode-2@group-523986131536: receive installSnapshot: omNode-1->omNode-2#0-t7,notify:(t:7, i:61)
2022-10-18 03:54:12,910 [grpc-default-executor-3] INFO  impl.SnapshotInstallationHandler (SnapshotInstallationHandler.java:installSnapshot(95)) - omNode-2@group-523986131536: reply installSnapshot: omNode-1<-omNode-2#0:FAIL-t7,IN_PROGRESS
2022-10-18 03:54:12,910 [grpc-default-executor-3] INFO  server.GrpcServerProtocolService (GrpcServerProtocolService.java:onCompleted(140)) - omNode-2: Completed INSTALL_SNAPSHOT, lastRequest: omNode-1->omNode-2#0-t7,notify:(t:7, i:61)
2022-10-18 03:54:12,910 [grpc-default-executor-1] INFO  server.GrpcLogAppender (GrpcLogAppender.java:onNext(403)) - omNode-1@group-523986131536->omNode-2-InstallSnapshotResponseHandler: received a reply omNode-1<-omNode-2#0:FAIL-t7,IN_PROGRESS
2022-10-18 03:54:12,910 [grpc-default-executor-1] INFO  server.GrpcLogAppender (GrpcLogAppender.java:onNext(421)) - omNode-1@group-523986131536->omNode-2-InstallSnapshotResponseHandler: InstallSnapshot in progress.
2022-10-18 03:54:12,910 [grpc-default-executor-0] INFO  leader.FollowerInfo (FollowerInfoImpl.java:lambda$new$0(48)) - omNode-1@group-523986131536->omNode-2: nextIndex: updateUnconditionally 59 -> 59
2022-10-18 03:54:12,911 [omNode-1@group-523986131536->omNode-2-GrpcLogAppender-LogAppenderDaemon] INFO  server.GrpcLogAppender (GrpcLogAppender.java:installSnapshot(541)) - omNode-1@group-523986131536->omNode-2-GrpcLogAppender: followerNextIndex = 59 but logStartIndex = 61, notify follower to install snapshot-(t:7, i:61)
2022-10-18 03:54:12,911 [omNode-1@group-523986131536->omNode-2-GrpcLogAppender-LogAppenderDaemon] INFO  server.GrpcLogAppender (GrpcLogAppender.java:installSnapshot(549)) - omNode-1@group-523986131536->omNode-2-GrpcLogAppender: send omNode-1->omNode-2#0-t7,notify:(t:7, i:61)
2022-10-18 03:54:12,912 [omNode-2-server-thread1] INFO  server.RaftServer$Division (RaftServerImpl.java:checkInconsistentAppendEntries(1402)) - omNode-2@group-523986131536: Failed appendEntries as snapshot (61) installation is in progress
2022-10-18 03:54:12,912 [omNode-2-server-thread1] INFO  server.RaftServer$Division (RaftServerImpl.java:checkInconsistentAppendEntries(1394)) - omNode-2@group-523986131536: inconsistency entries. Reply:omNode-1<-omNode-2#723:FAIL-t7,INCONSISTENCY,nextIndex=59,followerCommit=58
2022-10-18 03:54:12,913 [grpc-default-executor-3] INFO  impl.SnapshotInstallationHandler (SnapshotInstallationHandler.java:installSnapshot(84)) - omNode-2@group-523986131536: receive installSnapshot: omNode-1->omNode-2#0-t7,notify:(t:7, i:61)
2022-10-18 03:54:12,913 [grpc-default-executor-3] INFO  impl.SnapshotInstallationHandler (SnapshotInstallationHandler.java:installSnapshot(95)) - omNode-2@group-523986131536: reply installSnapshot: omNode-1<-omNode-2#0:FAIL-t7,IN_PROGRESS
2022-10-18 03:54:12,913 [grpc-default-executor-3] INFO  server.GrpcServerProtocolService (GrpcServerProtocolService.java:onCompleted(140)) - omNode-2: Completed INSTALL_SNAPSHOT, lastRequest: omNode-1->omNode-2#0-t7,notify:(t:7, i:61)
2022-10-18 03:54:12,913 [grpc-default-executor-1] INFO  leader.FollowerInfo (FollowerInfoImpl.java:lambda$new$0(48)) - omNode-1@group-523986131536->omNode-2: nextIndex: updateUnconditionally 59 -> 59
2022-10-18 03:54:12,913 [grpc-default-executor-3] INFO  server.GrpcLogAppender (GrpcLogAppender.java:onNext(403)) - omNode-1@group-523986131536->omNode-2-InstallSnapshotResponseHandler: received a reply omNode-1<-omNode-2#0:FAIL-t7,IN_PROGRESS
2022-10-18 03:54:12,913 [grpc-default-executor-3] INFO  server.GrpcLogAppender (GrpcLogAppender.java:onNext(421)) - omNode-1@group-523986131536->omNode-2-InstallSnapshotResponseHandler: InstallSnapshot in progress.
2022-10-18 03:54:12,913 [omNode-1@group-523986131536->omNode-2-GrpcLogAppender-LogAppenderDaemon] INFO  server.GrpcLogAppender (GrpcLogAppender.java:installSnapshot(541)) - omNode-1@group-523986131536->omNode-2-GrpcLogAppender: followerNextIndex = 59 but logStartIndex = 61, notify follower to install snapshot-(t:7, i:61)
2022-10-18 03:54:12,913 [omNode-1@group-523986131536->omNode-2-GrpcLogAppender-LogAppenderDaemon] INFO  server.GrpcLogAppender (GrpcLogAppender.java:installSnapshot(549)) - omNode-1@group-523986131536->omNode-2-GrpcLogAppender: send omNode-1->omNode-2#0-t7,notify:(t:7, i:61)
2022-10-18 03:54:12,914 [omNode-2-server-thread1] INFO  server.RaftServer$Division (RaftServerImpl.java:checkInconsistentAppendEntries(1402)) - omNode-2@group-523986131536: Failed appendEntries as snapshot (61) installation is in progress
2022-10-18 03:54:12,914 [omNode-2-server-thread1] INFO  server.RaftServer$Division (RaftServerImpl.java:checkInconsistentAppendEntries(1394)) - omNode-2@group-523986131536: inconsistency entries. Reply:omNode-1<-omNode-2#724:FAIL-t7,INCONSISTENCY,nextIndex=59,followerCommit=58
2022-10-18 03:54:12,914 [grpc-default-executor-0] INFO  leader.FollowerInfo (FollowerInfoImpl.java:lambda$new$0(48)) - omNode-1@group-523986131536->omNode-2: nextIndex: updateUnconditionally 59 -> 59
2022-10-18 03:54:12,914 [grpc-default-executor-3] INFO  impl.SnapshotInstallationHandler (SnapshotInstallationHandler.java:installSnapshot(84)) - omNode-2@group-523986131536: receive installSnapshot: omNode-1->omNode-2#0-t7,notify:(t:7, i:61)
2022-10-18 03:54:12,914 [grpc-default-executor-3] INFO  impl.SnapshotInstallationHandler (SnapshotInstallationHandler.java:installSnapshot(95)) - omNode-2@group-523986131536: reply installSnapshot: omNode-1<-omNode-2#0:FAIL-t7,IN_PROGRESS
2022-10-18 03:54:12,915 [grpc-default-executor-3] INFO  server.GrpcServerProtocolService (GrpcServerProtocolService.java:onCompleted(140)) - omNode-2: Completed INSTALL_SNAPSHOT, lastRequest: omNode-1->omNode-2#0-t7,notify:(t:7, i:61)
2022-10-18 03:54:12,915 [grpc-default-executor-3] INFO  server.GrpcLogAppender (GrpcLogAppender.java:onNext(403)) - omNode-1@group-523986131536->omNode-2-InstallSnapshotResponseHandler: received a reply omNode-1<-omNode-2#0:FAIL-t7,IN_PROGRESS
2022-10-18 03:54:12,915 [grpc-default-executor-3] INFO  server.GrpcLogAppender (GrpcLogAppender.java:onNext(421)) - omNode-1@group-523986131536->omNode-2-InstallSnapshotResponseHandler: InstallSnapshot in progress.
2022-10-18 03:54:12,915 [omNode-1@group-523986131536->omNode-2-GrpcLogAppender-LogAppenderDaemon] INFO  server.GrpcLogAppender (GrpcLogAppender.java:installSnapshot(541)) - omNode-1@group-523986131536->omNode-2-GrpcLogAppender: followerNextIndex = 59 but logStartIndex = 61, notify follower to install snapshot-(t:7, i:61)
2022-10-18 03:54:12,915 [omNode-1@group-523986131536->omNode-2-GrpcLogAppender-LogAppenderDaemon] INFO  server.GrpcLogAppender (GrpcLogAppender.java:installSnapshot(549)) - omNode-1@group-523986131536->omNode-2-GrpcLogAppender: send omNode-1->omNode-2#0-t7,notify:(t:7, i:61)
2022-10-18 03:54:12,916 [omNode-2-server-thread1] INFO  server.RaftServer$Division (RaftServerImpl.java:checkInconsistentAppendEntries(1402)) - omNode-2@group-523986131536: Failed appendEntries as snapshot (61) installation is in progress
2022-10-18 03:54:12,916 [omNode-2-server-thread1] INFO  server.RaftServer$Division (RaftServerImpl.java:checkInconsistentAppendEntries(1394)) - omNode-2@group-523986131536: inconsistency entries. Reply:omNode-1<-omNode-2#725:FAIL-t7,INCONSISTENCY,nextIndex=59,followerCommit=58
2022-10-18 03:54:12,916 [grpc-default-executor-3] INFO  impl.SnapshotInstallationHandler (SnapshotInstallationHandler.java:installSnapshot(84)) - omNode-2@group-523986131536: receive installSnapshot: omNode-1->omNode-2#0-t7,notify:(t:7, i:61)
2022-10-18 03:54:12,917 [grpc-default-executor-3] INFO  impl.SnapshotInstallationHandler (SnapshotInstallationHandler.java:installSnapshot(95)) - omNode-2@group-523986131536: reply installSnapshot: omNode-1<-omNode-2#0:FAIL-t7,IN_PROGRESS
2022-10-18 03:54:12,917 [grpc-default-executor-3] INFO  server.GrpcServerProtocolService (GrpcServerProtocolService.java:onCompleted(140)) - omNode-2: Completed INSTALL_SNAPSHOT, lastRequest: omNode-1->omNode-2#0-t7,notify:(t:7, i:61)
2022-10-18 03:54:12,918 [grpc-default-executor-0] INFO  server.GrpcLogAppender (GrpcLogAppender.java:onNext(403)) - omNode-1@group-523986131536->omNode-2-InstallSnapshotResponseHandler: received a reply omNode-1<-omNode-2#0:FAIL-t7,IN_PROGRESS
2022-10-18 03:54:12,918 [grpc-default-executor-0] INFO  server.GrpcLogAppender (GrpcLogAppender.java:onNext(421)) - omNode-1@group-523986131536->omNode-2-InstallSnapshotResponseHandler: InstallSnapshot in progress.
2022-10-18 03:54:12,919 [omNode-1@group-523986131536->omNode-2-GrpcLogAppender-LogAppenderDaemon] INFO  server.GrpcLogAppender (GrpcLogAppender.java:installSnapshot(541)) - omNode-1@group-523986131536->omNode-2-GrpcLogAppender: followerNextIndex = 59 but logStartIndex = 61, notify follower to install snapshot-(t:7, i:61)
2022-10-18 03:54:12,919 [omNode-1@group-523986131536->omNode-2-GrpcLogAppender-LogAppenderDaemon] INFO  server.GrpcLogAppender (GrpcLogAppender.java:installSnapshot(549)) - omNode-1@group-523986131536->omNode-2-GrpcLogAppender: send omNode-1->omNode-2#0-t7,notify:(t:7, i:61)
2022-10-18 03:54:12,919 [grpc-default-executor-3] INFO  leader.FollowerInfo (FollowerInfoImpl.java:lambda$new$0(48)) - omNode-1@group-523986131536->omNode-2: nextIndex: updateUnconditionally 59 -> 59
2022-10-18 03:54:12,922 [omNode-2-server-thread1] INFO  server.RaftServer$Division (RaftServerImpl.java:checkInconsistentAppendEntries(1402)) - omNode-2@group-523986131536: Failed appendEntries as snapshot (61) installation is in progress
2022-10-18 03:54:12,922 [omNode-2-server-thread1] INFO  server.RaftServer$Division (RaftServerImpl.java:checkInconsistentAppendEntries(1394)) - omNode-2@group-523986131536: inconsistency entries. Reply:omNode-1<-omNode-2#726:FAIL-t7,INCONSISTENCY,nextIndex=59,followerCommit=58
2022-10-18 03:54:12,922 [grpc-default-executor-3] INFO  impl.SnapshotInstallationHandler (SnapshotInstallationHandler.java:installSnapshot(84)) - omNode-2@group-523986131536: receive installSnapshot: omNode-1->omNode-2#0-t7,notify:(t:7, i:61)
2022-10-18 03:54:12,923 [grpc-default-executor-3] INFO  impl.SnapshotInstallationHandler (SnapshotInstallationHandler.java:installSnapshot(95)) - omNode-2@group-523986131536: reply installSnapshot: omNode-1<-omNode-2#0:FAIL-t7,IN_PROGRESS
2022-10-18 03:54:12,923 [grpc-default-executor-3] INFO  server.GrpcServerProtocolService (GrpcServerProtocolService.java:onCompleted(140)) - omNode-2: Completed INSTALL_SNAPSHOT, lastRequest: omNode-1->omNode-2#0-t7,notify:(t:7, i:61)
2022-10-18 03:54:12,926 [grpc-default-executor-3] INFO  leader.FollowerInfo (FollowerInfoImpl.java:lambda$new$0(48)) - omNode-1@group-523986131536->omNode-2: nextIndex: updateUnconditionally 59 -> 59
2022-10-18 03:54:12,926 [grpc-default-executor-0] INFO  server.GrpcLogAppender (GrpcLogAppender.java:onNext(403)) - omNode-1@group-523986131536->omNode-2-InstallSnapshotResponseHandler: received a reply omNode-1<-omNode-2#0:FAIL-t7,IN_PROGRESS
2022-10-18 03:54:12,926 [grpc-default-executor-0] INFO  server.GrpcLogAppender (GrpcLogAppender.java:onNext(421)) - omNode-1@group-523986131536->omNode-2-InstallSnapshotResponseHandler: InstallSnapshot in progress.
2022-10-18 03:54:12,926 [omNode-1@group-523986131536->omNode-2-GrpcLogAppender-LogAppenderDaemon] INFO  server.GrpcLogAppender (GrpcLogAppender.java:installSnapshot(541)) - omNode-1@group-523986131536->omNode-2-GrpcLogAppender: followerNextIndex = 59 but logStartIndex = 61, notify follower to install snapshot-(t:7, i:61)
2022-10-18 03:54:12,926 [omNode-1@group-523986131536->omNode-2-GrpcLogAppender-LogAppenderDaemon] INFO  server.GrpcLogAppender (GrpcLogAppender.java:installSnapshot(549)) - omNode-1@group-523986131536->omNode-2-GrpcLogAppender: send omNode-1->omNode-2#0-t7,notify:(t:7, i:61)
2022-10-18 03:54:12,928 [omNode-2-server-thread1] INFO  server.RaftServer$Division (RaftServerImpl.java:checkInconsistentAppendEntries(1402)) - omNode-2@group-523986131536: Failed appendEntries as snapshot (61) installation is in progress
2022-10-18 03:54:12,929 [omNode-2-server-thread1] INFO  server.RaftServer$Division (RaftServerImpl.java:checkInconsistentAppendEntries(1394)) - omNode-2@group-523986131536: inconsistency entries. Reply:omNode-1<-omNode-2#727:FAIL-t7,INCONSISTENCY,nextIndex=59,followerCommit=58
2022-10-18 03:54:12,929 [grpc-default-executor-0] INFO  impl.SnapshotInstallationHandler (SnapshotInstallationHandler.java:installSnapshot(84)) - omNode-2@group-523986131536: receive installSnapshot: omNode-1->omNode-2#0-t7,notify:(t:7, i:61)
2022-10-18 03:54:12,929 [grpc-default-executor-0] INFO  impl.SnapshotInstallationHandler (SnapshotInstallationHandler.java:installSnapshot(95)) - omNode-2@group-523986131536: reply installSnapshot: omNode-1<-omNode-2#0:FAIL-t7,IN_PROGRESS
2022-10-18 03:54:12,929 [grpc-default-executor-0] INFO  server.GrpcServerProtocolService (GrpcServerProtocolService.java:onCompleted(140)) - omNode-2: Completed INSTALL_SNAPSHOT, lastRequest: omNode-1->omNode-2#0-t7,notify:(t:7, i:61)
2022-10-18 03:54:12,929 [grpc-default-executor-0] INFO  server.GrpcLogAppender (GrpcLogAppender.java:onNext(403)) - omNode-1@group-523986131536->omNode-2-InstallSnapshotResponseHandler: received a reply omNode-1<-omNode-2#0:FAIL-t7,IN_PROGRESS
2022-10-18 03:54:12,929 [grpc-default-executor-0] INFO  server.GrpcLogAppender (GrpcLogAppender.java:onNext(421)) - omNode-1@group-523986131536->omNode-2-InstallSnapshotResponseHandler: InstallSnapshot in progress.
2022-10-18 03:54:12,930 [omNode-1@group-523986131536->omNode-2-GrpcLogAppender-LogAppenderDaemon] INFO  server.GrpcLogAppender (GrpcLogAppender.java:installSnapshot(541)) - omNode-1@group-523986131536->omNode-2-GrpcLogAppender: followerNextIndex = 59 but logStartIndex = 61, notify follower to install snapshot-(t:7, i:61)
2022-10-18 03:54:12,930 [omNode-1@group-523986131536->omNode-2-GrpcLogAppender-LogAppenderDaemon] INFO  server.GrpcLogAppender (GrpcLogAppender.java:installSnapshot(549)) - omNode-1@group-523986131536->omNode-2-GrpcLogAppender: send omNode-1->omNode-2#0-t7,notify:(t:7, i:61)
2022-10-18 03:54:12,930 [omNode-2-server-thread1] INFO  server.RaftServer$Division (RaftServerImpl.java:checkInconsistentAppendEntries(1402)) - omNode-2@group-523986131536: Failed appendEntries as snapshot (61) installation is in progress
2022-10-18 03:54:12,930 [omNode-2-server-thread1] INFO  server.RaftServer$Division (RaftServerImpl.java:checkInconsistentAppendEntries(1394)) - omNode-2@group-523986131536: inconsistency entries. Reply:omNode-1<-omNode-2#728:FAIL-t7,INCONSISTENCY,nextIndex=59,followerCommit=58
2022-10-18 03:54:12,930 [grpc-default-executor-3] INFO  leader.FollowerInfo (FollowerInfoImpl.java:lambda$new$0(48)) - omNode-1@group-523986131536->omNode-2: nextIndex: updateUnconditionally 59 -> 59
2022-10-18 03:54:12,931 [grpc-default-executor-1] INFO  impl.SnapshotInstallationHandler (SnapshotInstallationHandler.java:installSnapshot(84)) - omNode-2@group-523986131536: receive installSnapshot: omNode-1->omNode-2#0-t7,notify:(t:7, i:61)
2022-10-18 03:54:12,931 [grpc-default-executor-1] INFO  impl.SnapshotInstallationHandler (SnapshotInstallationHandler.java:installSnapshot(95)) - omNode-2@group-523986131536: reply installSnapshot: omNode-1<-omNode-2#0:FAIL-t7,IN_PROGRESS
2022-10-18 03:54:12,931 [grpc-default-executor-1] INFO  server.GrpcServerProtocolService (GrpcServerProtocolService.java:onCompleted(140)) - omNode-2: Completed INSTALL_SNAPSHOT, lastRequest: omNode-1->omNode-2#0-t7,notify:(t:7, i:61)
2022-10-18 03:54:12,931 [grpc-default-executor-3] INFO  leader.FollowerInfo (FollowerInfoImpl.java:lambda$new$0(48)) - omNode-1@group-523986131536->omNode-2: nextIndex: updateUnconditionally 59 -> 59
2022-10-18 03:54:12,931 [grpc-default-executor-1] INFO  server.GrpcLogAppender (GrpcLogAppender.java:onNext(403)) - omNode-1@group-523986131536->omNode-2-InstallSnapshotResponseHandler: received a reply omNode-1<-omNode-2#0:FAIL-t7,IN_PROGRESS
2022-10-18 03:54:12,931 [grpc-default-executor-1] INFO  server.GrpcLogAppender (GrpcLogAppender.java:onNext(421)) - omNode-1@group-523986131536->omNode-2-InstallSnapshotResponseHandler: InstallSnapshot in progress.
2022-10-18 03:54:12,932 [omNode-1@group-523986131536->omNode-2-GrpcLogAppender-LogAppenderDaemon] INFO  server.GrpcLogAppender (GrpcLogAppender.java:installSnapshot(541)) - omNode-1@group-523986131536->omNode-2-GrpcLogAppender: followerNextIndex = 59 but logStartIndex = 61, notify follower to install snapshot-(t:7, i:61)
2022-10-18 03:54:12,932 [omNode-1@group-523986131536->omNode-2-GrpcLogAppender-LogAppenderDaemon] INFO  server.GrpcLogAppender (GrpcLogAppender.java:installSnapshot(549)) - omNode-1@group-523986131536->omNode-2-GrpcLogAppender: send omNode-1->omNode-2#0-t7,notify:(t:7, i:61)
2022-10-18 03:54:12,934 [omNode-2-server-thread1] INFO  server.RaftServer$Division (RaftServerImpl.java:checkInconsistentAppendEntries(1402)) - omNode-2@group-523986131536: Failed appendEntries as snapshot (61) installation is in progress
2022-10-18 03:54:12,934 [omNode-2-server-thread1] INFO  server.RaftServer$Division (RaftServerImpl.java:checkInconsistentAppendEntries(1394)) - omNode-2@group-523986131536: inconsistency entries. Reply:omNode-1<-omNode-2#729:FAIL-t7,INCONSISTENCY,nextIndex=59,followerCommit=58
2022-10-18 03:54:12,934 [grpc-default-executor-3] INFO  impl.SnapshotInstallationHandler (SnapshotInstallationHandler.java:installSnapshot(84)) - omNode-2@group-523986131536: receive installSnapshot: omNode-1->omNode-2#0-t7,notify:(t:7, i:61)
2022-10-18 03:54:12,934 [grpc-default-executor-3] INFO  impl.SnapshotInstallationHandler (SnapshotInstallationHandler.java:installSnapshot(95)) - omNode-2@group-523986131536: reply installSnapshot: omNode-1<-omNode-2#0:FAIL-t7,IN_PROGRESS
2022-10-18 03:54:12,935 [grpc-default-executor-3] INFO  server.GrpcServerProtocolService (GrpcServerProtocolService.java:onCompleted(140)) - omNode-2: Completed INSTALL_SNAPSHOT, lastRequest: omNode-1->omNode-2#0-t7,notify:(t:7, i:61)
2022-10-18 03:54:12,938 [grpc-default-executor-3] INFO  leader.FollowerInfo (FollowerInfoImpl.java:lambda$new$0(48)) - omNode-1@group-523986131536->omNode-2: nextIndex: updateUnconditionally 59 -> 59
2022-10-18 03:54:12,938 [grpc-default-executor-1] INFO  server.GrpcLogAppender (GrpcLogAppender.java:onNext(403)) - omNode-1@group-523986131536->omNode-2-InstallSnapshotResponseHandler: received a reply omNode-1<-omNode-2#0:FAIL-t7,IN_PROGRESS
2022-10-18 03:54:12,938 [grpc-default-executor-1] INFO  server.GrpcLogAppender (GrpcLogAppender.java:onNext(421)) - omNode-1@group-523986131536->omNode-2-InstallSnapshotResponseHandler: InstallSnapshot in progress.
2022-10-18 03:54:12,938 [omNode-1@group-523986131536->omNode-2-GrpcLogAppender-LogAppenderDaemon] INFO  server.GrpcLogAppender (GrpcLogAppender.java:installSnapshot(541)) - omNode-1@group-523986131536->omNode-2-GrpcLogAppender: followerNextIndex = 59 but logStartIndex = 61, notify follower to install snapshot-(t:7, i:61)
2022-10-18 03:54:12,939 [omNode-1@group-523986131536->omNode-2-GrpcLogAppender-LogAppenderDaemon] INFO  server.GrpcLogAppender (GrpcLogAppender.java:installSnapshot(549)) - omNode-1@group-523986131536->omNode-2-GrpcLogAppender: send omNode-1->omNode-2#0-t7,notify:(t:7, i:61)
2022-10-18 03:54:12,940 [omNode-2-server-thread1] INFO  server.RaftServer$Division (RaftServerImpl.java:checkInconsistentAppendEntries(1402)) - omNode-2@group-523986131536: Failed appendEntries as snapshot (61) installation is in progress
2022-10-18 03:54:12,940 [omNode-2-server-thread1] INFO  server.RaftServer$Division (RaftServerImpl.java:checkInconsistentAppendEntries(1394)) - omNode-2@group-523986131536: inconsistency entries. Reply:omNode-1<-omNode-2#730:FAIL-t7,INCONSISTENCY,nextIndex=59,followerCommit=58
2022-10-18 03:54:12,940 [grpc-default-executor-1] INFO  impl.SnapshotInstallationHandler (SnapshotInstallationHandler.java:installSnapshot(84)) - omNode-2@group-523986131536: receive installSnapshot: omNode-1->omNode-2#0-t7,notify:(t:7, i:61)
2022-10-18 03:54:12,940 [grpc-default-executor-1] INFO  impl.SnapshotInstallationHandler (SnapshotInstallationHandler.java:installSnapshot(95)) - omNode-2@group-523986131536: reply installSnapshot: omNode-1<-omNode-2#0:FAIL-t7,IN_PROGRESS
2022-10-18 03:54:12,940 [grpc-default-executor-1] INFO  server.GrpcServerProtocolService (GrpcServerProtocolService.java:onCompleted(140)) - omNode-2: Completed INSTALL_SNAPSHOT, lastRequest: omNode-1->omNode-2#0-t7,notify:(t:7, i:61)
2022-10-18 03:54:12,941 [grpc-default-executor-3] INFO  leader.FollowerInfo (FollowerInfoImpl.java:lambda$new$0(48)) - omNode-1@group-523986131536->omNode-2: nextIndex: updateUnconditionally 59 -> 59
2022-10-18 03:54:12,941 [grpc-default-executor-3] INFO  server.GrpcLogAppender (GrpcLogAppender.java:onNext(403)) - omNode-1@group-523986131536->omNode-2-InstallSnapshotResponseHandler: received a reply omNode-1<-omNode-2#0:FAIL-t7,IN_PROGRESS
2022-10-18 03:54:12,941 [grpc-default-executor-3] INFO  server.GrpcLogAppender (GrpcLogAppender.java:onNext(421)) - omNode-1@group-523986131536->omNode-2-InstallSnapshotResponseHandler: InstallSnapshot in progress.
2022-10-18 03:54:12,942 [omNode-1@group-523986131536->omNode-2-GrpcLogAppender-LogAppenderDaemon] INFO  server.GrpcLogAppender (GrpcLogAppender.java:installSnapshot(541)) - omNode-1@group-523986131536->omNode-2-GrpcLogAppender: followerNextIndex = 59 but logStartIndex = 61, notify follower to install snapshot-(t:7, i:61)
2022-10-18 03:54:12,942 [omNode-1@group-523986131536->omNode-2-GrpcLogAppender-LogAppenderDaemon] INFO  server.GrpcLogAppender (GrpcLogAppender.java:installSnapshot(549)) - omNode-1@group-523986131536->omNode-2-GrpcLogAppender: send omNode-1->omNode-2#0-t7,notify:(t:7, i:61)
2022-10-18 03:54:12,944 [omNode-2-server-thread1] INFO  server.RaftServer$Division (RaftServerImpl.java:checkInconsistentAppendEntries(1402)) - omNode-2@group-523986131536: Failed appendEntries as snapshot (61) installation is in progress
2022-10-18 03:54:12,944 [omNode-2-server-thread1] INFO  server.RaftServer$Division (RaftServerImpl.java:checkInconsistentAppendEntries(1394)) - omNode-2@group-523986131536: inconsistency entries. Reply:omNode-1<-omNode-2#731:FAIL-t7,INCONSISTENCY,nextIndex=59,followerCommit=58
2022-10-18 03:54:12,944 [grpc-default-executor-3] INFO  impl.SnapshotInstallationHandler (SnapshotInstallationHandler.java:installSnapshot(84)) - omNode-2@group-523986131536: receive installSnapshot: omNode-1->omNode-2#0-t7,notify:(t:7, i:61)
2022-10-18 03:54:12,944 [grpc-default-executor-3] INFO  impl.SnapshotInstallationHandler (SnapshotInstallationHandler.java:installSnapshot(95)) - omNode-2@group-523986131536: reply installSnapshot: omNode-1<-omNode-2#0:FAIL-t7,IN_PROGRESS
2022-10-18 03:54:12,944 [grpc-default-executor-3] INFO  server.GrpcServerProtocolService (GrpcServerProtocolService.java:onCompleted(140)) - omNode-2: Completed INSTALL_SNAPSHOT, lastRequest: omNode-1->omNode-2#0-t7,notify:(t:7, i:61)
2022-10-18 03:54:12,949 [grpc-default-executor-3] INFO  leader.FollowerInfo (FollowerInfoImpl.java:lambda$new$0(48)) - omNode-1@group-523986131536->omNode-2: nextIndex: updateUnconditionally 59 -> 59
2022-10-18 03:54:12,949 [grpc-default-executor-1] INFO  server.GrpcLogAppender (GrpcLogAppender.java:onNext(403)) - omNode-1@group-523986131536->omNode-2-InstallSnapshotResponseHandler: received a reply omNode-1<-omNode-2#0:FAIL-t7,IN_PROGRESS
2022-10-18 03:54:12,949 [grpc-default-executor-1] INFO  server.GrpcLogAppender (GrpcLogAppender.java:onNext(421)) - omNode-1@group-523986131536->omNode-2-InstallSnapshotResponseHandler: InstallSnapshot in progress.
2022-10-18 03:54:12,949 [omNode-1@group-523986131536->omNode-2-GrpcLogAppender-LogAppenderDaemon] INFO  server.GrpcLogAppender (GrpcLogAppender.java:installSnapshot(541)) - omNode-1@group-523986131536->omNode-2-GrpcLogAppender: followerNextIndex = 59 but logStartIndex = 61, notify follower to install snapshot-(t:7, i:61)
2022-10-18 03:54:12,949 [omNode-1@group-523986131536->omNode-2-GrpcLogAppender-LogAppenderDaemon] INFO  server.GrpcLogAppender (GrpcLogAppender.java:installSnapshot(549)) - omNode-1@group-523986131536->omNode-2-GrpcLogAppender: send omNode-1->omNode-2#0-t7,notify:(t:7, i:61)
2022-10-18 03:54:12,950 [omNode-2-server-thread1] INFO  server.RaftServer$Division (RaftServerImpl.java:checkInconsistentAppendEntries(1402)) - omNode-2@group-523986131536: Failed appendEntries as snapshot (61) installation is in progress
2022-10-18 03:54:12,950 [omNode-2-server-thread1] INFO  server.RaftServer$Division (RaftServerImpl.java:checkInconsistentAppendEntries(1394)) - omNode-2@group-523986131536: inconsistency entries. Reply:omNode-1<-omNode-2#732:FAIL-t7,INCONSISTENCY,nextIndex=59,followerCommit=58
2022-10-18 03:54:12,952 [grpc-default-executor-1] INFO  leader.FollowerInfo (FollowerInfoImpl.java:lambda$new$0(48)) - omNode-1@group-523986131536->omNode-2: nextIndex: updateUnconditionally 59 -> 59
2022-10-18 03:54:12,952 [grpc-default-executor-3] INFO  impl.SnapshotInstallationHandler (SnapshotInstallationHandler.java:installSnapshot(84)) - omNode-2@group-523986131536: receive installSnapshot: omNode-1->omNode-2#0-t7,notify:(t:7, i:61)
2022-10-18 03:54:12,952 [grpc-default-executor-3] INFO  impl.SnapshotInstallationHandler (SnapshotInstallationHandler.java:installSnapshot(95)) - omNode-2@group-523986131536: reply installSnapshot: omNode-1<-omNode-2#0:FAIL-t7,IN_PROGRESS
2022-10-18 03:54:12,952 [grpc-default-executor-3] INFO  server.GrpcServerProtocolService (GrpcServerProtocolService.java:onCompleted(140)) - omNode-2: Completed INSTALL_SNAPSHOT, lastRequest: omNode-1->omNode-2#0-t7,notify:(t:7, i:61)
2022-10-18 03:54:12,953 [grpc-default-executor-3] INFO  server.GrpcLogAppender (GrpcLogAppender.java:onNext(403)) - omNode-1@group-523986131536->omNode-2-InstallSnapshotResponseHandler: received a reply omNode-1<-omNode-2#0:FAIL-t7,IN_PROGRESS
2022-10-18 03:54:12,953 [grpc-default-executor-3] INFO  server.GrpcLogAppender (GrpcLogAppender.java:onNext(421)) - omNode-1@group-523986131536->omNode-2-InstallSnapshotResponseHandler: InstallSnapshot in progress.
2022-10-18 03:54:12,953 [omNode-1@group-523986131536->omNode-2-GrpcLogAppender-LogAppenderDaemon] INFO  server.GrpcLogAppender (GrpcLogAppender.java:installSnapshot(541)) - omNode-1@group-523986131536->omNode-2-GrpcLogAppender: followerNextIndex = 59 but logStartIndex = 61, notify follower to install snapshot-(t:7, i:61)
2022-10-18 03:54:12,953 [omNode-1@group-523986131536->omNode-2-GrpcLogAppender-LogAppenderDaemon] INFO  server.GrpcLogAppender (GrpcLogAppender.java:installSnapshot(549)) - omNode-1@group-523986131536->omNode-2-GrpcLogAppender: send omNode-1->omNode-2#0-t7,notify:(t:7, i:61)
2022-10-18 03:54:12,960 [omNode-2-server-thread1] INFO  server.RaftServer$Division (RaftServerImpl.java:checkInconsistentAppendEntries(1402)) - omNode-2@group-523986131536: Failed appendEntries as snapshot (61) installation is in progress
2022-10-18 03:54:12,960 [omNode-2-server-thread1] INFO  server.RaftServer$Division (RaftServerImpl.java:checkInconsistentAppendEntries(1394)) - omNode-2@group-523986131536: inconsistency entries. Reply:omNode-1<-omNode-2#733:FAIL-t7,INCONSISTENCY,nextIndex=59,followerCommit=58
2022-10-18 03:54:12,960 [grpc-default-executor-3] INFO  impl.SnapshotInstallationHandler (SnapshotInstallationHandler.java:installSnapshot(84)) - omNode-2@group-523986131536: receive installSnapshot: omNode-1->omNode-2#0-t7,notify:(t:7, i:61)
2022-10-18 03:54:12,960 [grpc-default-executor-3] INFO  impl.SnapshotInstallationHandler (SnapshotInstallationHandler.java:installSnapshot(95)) - omNode-2@group-523986131536: reply installSnapshot: omNode-1<-omNode-2#0:FAIL-t7,IN_PROGRESS
2022-10-18 03:54:12,960 [grpc-default-executor-3] INFO  server.GrpcServerProtocolService (GrpcServerProtocolService.java:onCompleted(140)) - omNode-2: Completed INSTALL_SNAPSHOT, lastRequest: omNode-1->omNode-2#0-t7,notify:(t:7, i:61)
2022-10-18 03:54:12,962 [grpc-default-executor-3] INFO  leader.FollowerInfo (FollowerInfoImpl.java:lambda$new$0(48)) - omNode-1@group-523986131536->omNode-2: nextIndex: updateUnconditionally 59 -> 59
2022-10-18 03:54:12,962 [grpc-default-executor-1] INFO  server.GrpcLogAppender (GrpcLogAppender.java:onNext(403)) - omNode-1@group-523986131536->omNode-2-InstallSnapshotResponseHandler: received a reply omNode-1<-omNode-2#0:FAIL-t7,IN_PROGRESS
2022-10-18 03:54:12,962 [grpc-default-executor-1] INFO  server.GrpcLogAppender (GrpcLogAppender.java:onNext(421)) - omNode-1@group-523986131536->omNode-2-InstallSnapshotResponseHandler: InstallSnapshot in progress.
2022-10-18 03:54:12,962 [omNode-1@group-523986131536->omNode-2-GrpcLogAppender-LogAppenderDaemon] INFO  server.GrpcLogAppender (GrpcLogAppender.java:installSnapshot(541)) - omNode-1@group-523986131536->omNode-2-GrpcLogAppender: followerNextIndex = 59 but logStartIndex = 61, notify follower to install snapshot-(t:7, i:61)
2022-10-18 03:54:12,963 [omNode-1@group-523986131536->omNode-2-GrpcLogAppender-LogAppenderDaemon] INFO  server.GrpcLogAppender (GrpcLogAppender.java:installSnapshot(549)) - omNode-1@group-523986131536->omNode-2-GrpcLogAppender: send omNode-1->omNode-2#0-t7,notify:(t:7, i:61)
2022-10-18 03:54:12,964 [omNode-2-server-thread1] INFO  server.RaftServer$Division (RaftServerImpl.java:checkInconsistentAppendEntries(1402)) - omNode-2@group-523986131536: Failed appendEntries as snapshot (61) installation is in progress
2022-10-18 03:54:12,964 [omNode-2-server-thread1] INFO  server.RaftServer$Division (RaftServerImpl.java:checkInconsistentAppendEntries(1394)) - omNode-2@group-523986131536: inconsistency entries. Reply:omNode-1<-omNode-2#734:FAIL-t7,INCONSISTENCY,nextIndex=59,followerCommit=58
2022-10-18 03:54:12,964 [grpc-default-executor-1] INFO  impl.SnapshotInstallationHandler (SnapshotInstallationHandler.java:installSnapshot(84)) - omNode-2@group-523986131536: receive installSnapshot: omNode-1->omNode-2#0-t7,notify:(t:7, i:61)
2022-10-18 03:54:12,964 [grpc-default-executor-1] INFO  impl.SnapshotInstallationHandler (SnapshotInstallationHandler.java:installSnapshot(95)) - omNode-2@group-523986131536: reply installSnapshot: omNode-1<-omNode-2#0:FAIL-t7,IN_PROGRESS
2022-10-18 03:54:12,964 [grpc-default-executor-1] INFO  server.GrpcServerProtocolService (GrpcServerProtocolService.java:onCompleted(140)) - omNode-2: Completed INSTALL_SNAPSHOT, lastRequest: omNode-1->omNode-2#0-t7,notify:(t:7, i:61)
2022-10-18 03:54:12,965 [grpc-default-executor-1] INFO  leader.FollowerInfo (FollowerInfoImpl.java:lambda$new$0(48)) - omNode-1@group-523986131536->omNode-2: nextIndex: updateUnconditionally 59 -> 59
2022-10-18 03:54:12,965 [grpc-default-executor-3] INFO  server.GrpcLogAppender (GrpcLogAppender.java:onNext(403)) - omNode-1@group-523986131536->omNode-2-InstallSnapshotResponseHandler: received a reply omNode-1<-omNode-2#0:FAIL-t7,IN_PROGRESS
2022-10-18 03:54:12,965 [grpc-default-executor-3] INFO  server.GrpcLogAppender (GrpcLogAppender.java:onNext(421)) - omNode-1@group-523986131536->omNode-2-InstallSnapshotResponseHandler: InstallSnapshot in progress.
2022-10-18 03:54:12,966 [omNode-1@group-523986131536->omNode-2-GrpcLogAppender-LogAppenderDaemon] INFO  server.GrpcLogAppender (GrpcLogAppender.java:installSnapshot(541)) - omNode-1@group-523986131536->omNode-2-GrpcLogAppender: followerNextIndex = 59 but logStartIndex = 61, notify follower to install snapshot-(t:7, i:61)
2022-10-18 03:54:12,966 [omNode-1@group-523986131536->omNode-2-GrpcLogAppender-LogAppenderDaemon] INFO  server.GrpcLogAppender (GrpcLogAppender.java:installSnapshot(549)) - omNode-1@group-523986131536->omNode-2-GrpcLogAppender: send omNode-1->omNode-2#0-t7,notify:(t:7, i:61)
2022-10-18 03:54:12,969 [omNode-2-server-thread1] INFO  server.RaftServer$Division (RaftServerImpl.java:checkInconsistentAppendEntries(1402)) - omNode-2@group-523986131536: Failed appendEntries as snapshot (61) installation is in progress
2022-10-18 03:54:12,969 [omNode-2-server-thread1] INFO  server.RaftServer$Division (RaftServerImpl.java:checkInconsistentAppendEntries(1394)) - omNode-2@group-523986131536: inconsistency entries. Reply:omNode-1<-omNode-2#735:FAIL-t7,INCONSISTENCY,nextIndex=59,followerCommit=58
2022-10-18 03:54:12,969 [grpc-default-executor-3] INFO  impl.SnapshotInstallationHandler (SnapshotInstallationHandler.java:installSnapshot(84)) - omNode-2@group-523986131536: receive installSnapshot: omNode-1->omNode-2#0-t7,notify:(t:7, i:61)
2022-10-18 03:54:12,970 [grpc-default-executor-3] INFO  impl.SnapshotInstallationHandler (SnapshotInstallationHandler.java:installSnapshot(95)) - omNode-2@group-523986131536: reply installSnapshot: omNode-1<-omNode-2#0:FAIL-t7,IN_PROGRESS
2022-10-18 03:54:12,970 [grpc-default-executor-3] INFO  server.GrpcServerProtocolService (GrpcServerProtocolService.java:onCompleted(140)) - omNode-2: Completed INSTALL_SNAPSHOT, lastRequest: omNode-1->omNode-2#0-t7,notify:(t:7, i:61)
2022-10-18 03:54:12,973 [grpc-default-executor-3] INFO  leader.FollowerInfo (FollowerInfoImpl.java:lambda$new$0(48)) - omNode-1@group-523986131536->omNode-2: nextIndex: updateUnconditionally 59 -> 59
2022-10-18 03:54:12,974 [grpc-default-executor-1] INFO  server.GrpcLogAppender (GrpcLogAppender.java:onNext(403)) - omNode-1@group-523986131536->omNode-2-InstallSnapshotResponseHandler: received a reply omNode-1<-omNode-2#0:FAIL-t7,IN_PROGRESS
2022-10-18 03:54:12,974 [grpc-default-executor-1] INFO  server.GrpcLogAppender (GrpcLogAppender.java:onNext(421)) - omNode-1@group-523986131536->omNode-2-InstallSnapshotResponseHandler: InstallSnapshot in progress.
2022-10-18 03:54:12,974 [omNode-1@group-523986131536->omNode-2-GrpcLogAppender-LogAppenderDaemon] INFO  server.GrpcLogAppender (GrpcLogAppender.java:installSnapshot(541)) - omNode-1@group-523986131536->omNode-2-GrpcLogAppender: followerNextIndex = 59 but logStartIndex = 61, notify follower to install snapshot-(t:7, i:61)
2022-10-18 03:54:12,974 [omNode-1@group-523986131536->omNode-2-GrpcLogAppender-LogAppenderDaemon] INFO  server.GrpcLogAppender (GrpcLogAppender.java:installSnapshot(549)) - omNode-1@group-523986131536->omNode-2-GrpcLogAppender: send omNode-1->omNode-2#0-t7,notify:(t:7, i:61)
2022-10-18 03:54:12,974 [omNode-2-server-thread1] INFO  server.RaftServer$Division (RaftServerImpl.java:checkInconsistentAppendEntries(1402)) - omNode-2@group-523986131536: Failed appendEntries as snapshot (61) installation is in progress
2022-10-18 03:54:12,974 [omNode-2-server-thread1] INFO  server.RaftServer$Division (RaftServerImpl.java:checkInconsistentAppendEntries(1394)) - omNode-2@group-523986131536: inconsistency entries. Reply:omNode-1<-omNode-2#736:FAIL-t7,INCONSISTENCY,nextIndex=59,followerCommit=58
2022-10-18 03:54:12,975 [grpc-default-executor-1] INFO  impl.SnapshotInstallationHandler (SnapshotInstallationHandler.java:installSnapshot(84)) - omNode-2@group-523986131536: receive installSnapshot: omNode-1->omNode-2#0-t7,notify:(t:7, i:61)
2022-10-18 03:54:12,975 [grpc-default-executor-1] INFO  impl.SnapshotInstallationHandler (SnapshotInstallationHandler.java:installSnapshot(95)) - omNode-2@group-523986131536: reply installSnapshot: omNode-1<-omNode-2#0:FAIL-t7,IN_PROGRESS
2022-10-18 03:54:12,975 [grpc-default-executor-1] INFO  server.GrpcServerProtocolService (GrpcServerProtocolService.java:onCompleted(140)) - omNode-2: Completed INSTALL_SNAPSHOT, lastRequest: omNode-1->omNode-2#0-t7,notify:(t:7, i:61)
2022-10-18 03:54:12,975 [grpc-default-executor-3] INFO  leader.FollowerInfo (FollowerInfoImpl.java:lambda$new$0(48)) - omNode-1@group-523986131536->omNode-2: nextIndex: updateUnconditionally 59 -> 59
2022-10-18 03:54:12,975 [grpc-default-executor-1] INFO  server.GrpcLogAppender (GrpcLogAppender.java:onNext(403)) - omNode-1@group-523986131536->omNode-2-InstallSnapshotResponseHandler: received a reply omNode-1<-omNode-2#0:FAIL-t7,IN_PROGRESS
2022-10-18 03:54:12,975 [grpc-default-executor-1] INFO  server.GrpcLogAppender (GrpcLogAppender.java:onNext(421)) - omNode-1@group-523986131536->omNode-2-InstallSnapshotResponseHandler: InstallSnapshot in progress.
2022-10-18 03:54:12,976 [omNode-1@group-523986131536->omNode-2-GrpcLogAppender-LogAppenderDaemon] INFO  server.GrpcLogAppender (GrpcLogAppender.java:installSnapshot(541)) - omNode-1@group-523986131536->omNode-2-GrpcLogAppender: followerNextIndex = 59 but logStartIndex = 61, notify follower to install snapshot-(t:7, i:61)
2022-10-18 03:54:12,976 [omNode-1@group-523986131536->omNode-2-GrpcLogAppender-LogAppenderDaemon] INFO  server.GrpcLogAppender (GrpcLogAppender.java:installSnapshot(549)) - omNode-1@group-523986131536->omNode-2-GrpcLogAppender: send omNode-1->omNode-2#0-t7,notify:(t:7, i:61)
2022-10-18 03:54:12,976 [omNode-2-server-thread1] INFO  server.RaftServer$Division (RaftServerImpl.java:checkInconsistentAppendEntries(1402)) - omNode-2@group-523986131536: Failed appendEntries as snapshot (61) installation is in progress
2022-10-18 03:54:12,976 [omNode-2-server-thread1] INFO  server.RaftServer$Division (RaftServerImpl.java:checkInconsistentAppendEntries(1394)) - omNode-2@group-523986131536: inconsistency entries. Reply:omNode-1<-omNode-2#737:FAIL-t7,INCONSISTENCY,nextIndex=59,followerCommit=58
2022-10-18 03:54:12,976 [grpc-default-executor-3] INFO  impl.SnapshotInstallationHandler (SnapshotInstallationHandler.java:installSnapshot(84)) - omNode-2@group-523986131536: receive installSnapshot: omNode-1->omNode-2#0-t7,notify:(t:7, i:61)
2022-10-18 03:54:12,977 [grpc-default-executor-3] INFO  impl.SnapshotInstallationHandler (SnapshotInstallationHandler.java:installSnapshot(95)) - omNode-2@group-523986131536: reply installSnapshot: omNode-1<-omNode-2#0:FAIL-t7,IN_PROGRESS
2022-10-18 03:54:12,977 [grpc-default-executor-3] INFO  server.GrpcServerProtocolService (GrpcServerProtocolService.java:onCompleted(140)) - omNode-2: Completed INSTALL_SNAPSHOT, lastRequest: omNode-1->omNode-2#0-t7,notify:(t:7, i:61)
2022-10-18 03:54:12,977 [grpc-default-executor-1] INFO  leader.FollowerInfo (FollowerInfoImpl.java:lambda$new$0(48)) - omNode-1@group-523986131536->omNode-2: nextIndex: updateUnconditionally 59 -> 59
2022-10-18 03:54:12,977 [grpc-default-executor-3] INFO  server.GrpcLogAppender (GrpcLogAppender.java:onNext(403)) - omNode-1@group-523986131536->omNode-2-InstallSnapshotResponseHandler: received a reply omNode-1<-omNode-2#0:FAIL-t7,IN_PROGRESS
2022-10-18 03:54:12,977 [grpc-default-executor-3] INFO  server.GrpcLogAppender (GrpcLogAppender.java:onNext(421)) - omNode-1@group-523986131536->omNode-2-InstallSnapshotResponseHandler: InstallSnapshot in progress.
2022-10-18 03:54:12,977 [omNode-1@group-523986131536->omNode-2-GrpcLogAppender-LogAppenderDaemon] INFO  server.GrpcLogAppender (GrpcLogAppender.java:installSnapshot(541)) - omNode-1@group-523986131536->omNode-2-GrpcLogAppender: followerNextIndex = 59 but logStartIndex = 61, notify follower to install snapshot-(t:7, i:61)
2022-10-18 03:54:12,977 [omNode-1@group-523986131536->omNode-2-GrpcLogAppender-LogAppenderDaemon] INFO  server.GrpcLogAppender (GrpcLogAppender.java:installSnapshot(549)) - omNode-1@group-523986131536->omNode-2-GrpcLogAppender: send omNode-1->omNode-2#0-t7,notify:(t:7, i:61)
2022-10-18 03:54:12,979 [omNode-2-server-thread1] INFO  server.RaftServer$Division (RaftServerImpl.java:checkInconsistentAppendEntries(1402)) - omNode-2@group-523986131536: Failed appendEntries as snapshot (61) installation is in progress
2022-10-18 03:54:12,979 [omNode-2-server-thread1] INFO  server.RaftServer$Division (RaftServerImpl.java:checkInconsistentAppendEntries(1394)) - omNode-2@group-523986131536: inconsistency entries. Reply:omNode-1<-omNode-2#738:FAIL-t7,INCONSISTENCY,nextIndex=59,followerCommit=58
2022-10-18 03:54:12,979 [grpc-default-executor-3] INFO  impl.SnapshotInstallationHandler (SnapshotInstallationHandler.java:installSnapshot(84)) - omNode-2@group-523986131536: receive installSnapshot: omNode-1->omNode-2#0-t7,notify:(t:7, i:61)
2022-10-18 03:54:12,980 [grpc-default-executor-3] INFO  impl.SnapshotInstallationHandler (SnapshotInstallationHandler.java:installSnapshot(95)) - omNode-2@group-523986131536: reply installSnapshot: omNode-1<-omNode-2#0:FAIL-t7,IN_PROGRESS
2022-10-18 03:54:12,980 [grpc-default-executor-3] INFO  server.GrpcServerProtocolService (GrpcServerProtocolService.java:onCompleted(140)) - omNode-2: Completed INSTALL_SNAPSHOT, lastRequest: omNode-1->omNode-2#0-t7,notify:(t:7, i:61)
2022-10-18 03:54:12,981 [grpc-default-executor-3] INFO  leader.FollowerInfo (FollowerInfoImpl.java:lambda$new$0(48)) - omNode-1@group-523986131536->omNode-2: nextIndex: updateUnconditionally 59 -> 59
2022-10-18 03:54:12,981 [grpc-default-executor-0] INFO  server.GrpcLogAppender (GrpcLogAppender.java:onNext(403)) - omNode-1@group-523986131536->omNode-2-InstallSnapshotResponseHandler: received a reply omNode-1<-omNode-2#0:FAIL-t7,IN_PROGRESS
2022-10-18 03:54:12,981 [grpc-default-executor-0] INFO  server.GrpcLogAppender (GrpcLogAppender.java:onNext(421)) - omNode-1@group-523986131536->omNode-2-InstallSnapshotResponseHandler: InstallSnapshot in progress.
2022-10-18 03:54:12,982 [omNode-1@group-523986131536->omNode-2-GrpcLogAppender-LogAppenderDaemon] INFO  server.GrpcLogAppender (GrpcLogAppender.java:installSnapshot(541)) - omNode-1@group-523986131536->omNode-2-GrpcLogAppender: followerNextIndex = 59 but logStartIndex = 61, notify follower to install snapshot-(t:7, i:61)
2022-10-18 03:54:12,982 [omNode-1@group-523986131536->omNode-2-GrpcLogAppender-LogAppenderDaemon] INFO  server.GrpcLogAppender (GrpcLogAppender.java:installSnapshot(549)) - omNode-1@group-523986131536->omNode-2-GrpcLogAppender: send omNode-1->omNode-2#0-t7,notify:(t:7, i:61)
2022-10-18 03:54:12,982 [omNode-2-server-thread1] INFO  server.RaftServer$Division (RaftServerImpl.java:checkInconsistentAppendEntries(1402)) - omNode-2@group-523986131536: Failed appendEntries as snapshot (61) installation is in progress
2022-10-18 03:54:12,982 [omNode-2-server-thread1] INFO  server.RaftServer$Division (RaftServerImpl.java:checkInconsistentAppendEntries(1394)) - omNode-2@group-523986131536: inconsistency entries. Reply:omNode-1<-omNode-2#739:FAIL-t7,INCONSISTENCY,nextIndex=59,followerCommit=58
2022-10-18 03:54:12,982 [grpc-default-executor-3] INFO  impl.SnapshotInstallationHandler (SnapshotInstallationHandler.java:installSnapshot(84)) - omNode-2@group-523986131536: receive installSnapshot: omNode-1->omNode-2#0-t7,notify:(t:7, i:61)
2022-10-18 03:54:12,983 [grpc-default-executor-3] INFO  impl.SnapshotInstallationHandler (SnapshotInstallationHandler.java:installSnapshot(95)) - omNode-2@group-523986131536: reply installSnapshot: omNode-1<-omNode-2#0:FAIL-t7,IN_PROGRESS
2022-10-18 03:54:12,983 [grpc-default-executor-3] INFO  server.GrpcServerProtocolService (GrpcServerProtocolService.java:onCompleted(140)) - omNode-2: Completed INSTALL_SNAPSHOT, lastRequest: omNode-1->omNode-2#0-t7,notify:(t:7, i:61)
2022-10-18 03:54:12,983 [grpc-default-executor-1] INFO  leader.FollowerInfo (FollowerInfoImpl.java:lambda$new$0(48)) - omNode-1@group-523986131536->omNode-2: nextIndex: updateUnconditionally 59 -> 59
2022-10-18 03:54:12,983 [grpc-default-executor-1] INFO  server.GrpcLogAppender (GrpcLogAppender.java:onNext(403)) - omNode-1@group-523986131536->omNode-2-InstallSnapshotResponseHandler: received a reply omNode-1<-omNode-2#0:FAIL-t7,IN_PROGRESS
2022-10-18 03:54:12,984 [grpc-default-executor-1] INFO  server.GrpcLogAppender (GrpcLogAppender.java:onNext(421)) - omNode-1@group-523986131536->omNode-2-InstallSnapshotResponseHandler: InstallSnapshot in progress.
2022-10-18 03:54:12,984 [omNode-1@group-523986131536->omNode-2-GrpcLogAppender-LogAppenderDaemon] INFO  server.GrpcLogAppender (GrpcLogAppender.java:installSnapshot(541)) - omNode-1@group-523986131536->omNode-2-GrpcLogAppender: followerNextIndex = 59 but logStartIndex = 61, notify follower to install snapshot-(t:7, i:61)
2022-10-18 03:54:12,984 [omNode-1@group-523986131536->omNode-2-GrpcLogAppender-LogAppenderDaemon] INFO  server.GrpcLogAppender (GrpcLogAppender.java:installSnapshot(549)) - omNode-1@group-523986131536->omNode-2-GrpcLogAppender: send omNode-1->omNode-2#0-t7,notify:(t:7, i:61)
2022-10-18 03:54:12,988 [omNode-2-server-thread1] INFO  server.RaftServer$Division (RaftServerImpl.java:checkInconsistentAppendEntries(1402)) - omNode-2@group-523986131536: Failed appendEntries as snapshot (61) installation is in progress
2022-10-18 03:54:12,988 [omNode-2-server-thread1] INFO  server.RaftServer$Division (RaftServerImpl.java:checkInconsistentAppendEntries(1394)) - omNode-2@group-523986131536: inconsistency entries. Reply:omNode-1<-omNode-2#740:FAIL-t7,INCONSISTENCY,nextIndex=59,followerCommit=58
2022-10-18 03:54:12,988 [grpc-default-executor-1] INFO  impl.SnapshotInstallationHandler (SnapshotInstallationHandler.java:installSnapshot(84)) - omNode-2@group-523986131536: receive installSnapshot: omNode-1->omNode-2#0-t7,notify:(t:7, i:61)
2022-10-18 03:54:12,988 [grpc-default-executor-1] INFO  impl.SnapshotInstallationHandler (SnapshotInstallationHandler.java:installSnapshot(95)) - omNode-2@group-523986131536: reply installSnapshot: omNode-1<-omNode-2#0:FAIL-t7,IN_PROGRESS
2022-10-18 03:54:12,988 [grpc-default-executor-1] INFO  server.GrpcServerProtocolService (GrpcServerProtocolService.java:onCompleted(140)) - omNode-2: Completed INSTALL_SNAPSHOT, lastRequest: omNode-1->omNode-2#0-t7,notify:(t:7, i:61)
2022-10-18 03:54:12,989 [grpc-default-executor-3] INFO  server.GrpcLogAppender (GrpcLogAppender.java:onNext(403)) - omNode-1@group-523986131536->omNode-2-InstallSnapshotResponseHandler: received a reply omNode-1<-omNode-2#0:FAIL-t7,IN_PROGRESS
2022-10-18 03:54:12,989 [grpc-default-executor-3] INFO  server.GrpcLogAppender (GrpcLogAppender.java:onNext(421)) - omNode-1@group-523986131536->omNode-2-InstallSnapshotResponseHandler: InstallSnapshot in progress.
2022-10-18 03:54:12,989 [omNode-1@group-523986131536->omNode-2-GrpcLogAppender-LogAppenderDaemon] INFO  server.GrpcLogAppender (GrpcLogAppender.java:installSnapshot(541)) - omNode-1@group-523986131536->omNode-2-GrpcLogAppender: followerNextIndex = 59 but logStartIndex = 61, notify follower to install snapshot-(t:7, i:61)
2022-10-18 03:54:12,989 [omNode-1@group-523986131536->omNode-2-GrpcLogAppender-LogAppenderDaemon] INFO  server.GrpcLogAppender (GrpcLogAppender.java:installSnapshot(549)) - omNode-1@group-523986131536->omNode-2-GrpcLogAppender: send omNode-1->omNode-2#0-t7,notify:(t:7, i:61)
2022-10-18 03:54:12,990 [grpc-default-executor-1] INFO  leader.FollowerInfo (FollowerInfoImpl.java:lambda$new$0(48)) - omNode-1@group-523986131536->omNode-2: nextIndex: updateUnconditionally 59 -> 59
2022-10-18 03:54:12,991 [omNode-2-server-thread1] INFO  server.RaftServer$Division (RaftServerImpl.java:checkInconsistentAppendEntries(1402)) - omNode-2@group-523986131536: Failed appendEntries as snapshot (61) installation is in progress
2022-10-18 03:54:12,991 [omNode-2-server-thread1] INFO  server.RaftServer$Division (RaftServerImpl.java:checkInconsistentAppendEntries(1394)) - omNode-2@group-523986131536: inconsistency entries. Reply:omNode-1<-omNode-2#741:FAIL-t7,INCONSISTENCY,nextIndex=59,followerCommit=58
2022-10-18 03:54:12,991 [grpc-default-executor-1] INFO  impl.SnapshotInstallationHandler (SnapshotInstallationHandler.java:installSnapshot(84)) - omNode-2@group-523986131536: receive installSnapshot: omNode-1->omNode-2#0-t7,notify:(t:7, i:61)
2022-10-18 03:54:12,991 [grpc-default-executor-1] INFO  impl.SnapshotInstallationHandler (SnapshotInstallationHandler.java:installSnapshot(95)) - omNode-2@group-523986131536: reply installSnapshot: omNode-1<-omNode-2#0:FAIL-t7,IN_PROGRESS
2022-10-18 03:54:12,992 [grpc-default-executor-1] INFO  server.GrpcServerProtocolService (GrpcServerProtocolService.java:onCompleted(140)) - omNode-2: Completed INSTALL_SNAPSHOT, lastRequest: omNode-1->omNode-2#0-t7,notify:(t:7, i:61)
2022-10-18 03:54:12,992 [grpc-default-executor-3] INFO  leader.FollowerInfo (FollowerInfoImpl.java:lambda$new$0(48)) - omNode-1@group-523986131536->omNode-2: nextIndex: updateUnconditionally 59 -> 59
2022-10-18 03:54:12,992 [grpc-default-executor-1] INFO  server.GrpcLogAppender (GrpcLogAppender.java:onNext(403)) - omNode-1@group-523986131536->omNode-2-InstallSnapshotResponseHandler: received a reply omNode-1<-omNode-2#0:FAIL-t7,IN_PROGRESS
2022-10-18 03:54:12,992 [grpc-default-executor-1] INFO  server.GrpcLogAppender (GrpcLogAppender.java:onNext(421)) - omNode-1@group-523986131536->omNode-2-InstallSnapshotResponseHandler: InstallSnapshot in progress.
2022-10-18 03:54:12,992 [omNode-1@group-523986131536->omNode-2-GrpcLogAppender-LogAppenderDaemon] INFO  server.GrpcLogAppender (GrpcLogAppender.java:installSnapshot(541)) - omNode-1@group-523986131536->omNode-2-GrpcLogAppender: followerNextIndex = 59 but logStartIndex = 61, notify follower to install snapshot-(t:7, i:61)
2022-10-18 03:54:12,992 [omNode-1@group-523986131536->omNode-2-GrpcLogAppender-LogAppenderDaemon] INFO  server.GrpcLogAppender (GrpcLogAppender.java:installSnapshot(549)) - omNode-1@group-523986131536->omNode-2-GrpcLogAppender: send omNode-1->omNode-2#0-t7,notify:(t:7, i:61)
2022-10-18 03:54:12,993 [omNode-2-server-thread1] INFO  server.RaftServer$Division (RaftServerImpl.java:checkInconsistentAppendEntries(1402)) - omNode-2@group-523986131536: Failed appendEntries as snapshot (61) installation is in progress
2022-10-18 03:54:12,993 [omNode-2-server-thread1] INFO  server.RaftServer$Division (RaftServerImpl.java:checkInconsistentAppendEntries(1394)) - omNode-2@group-523986131536: inconsistency entries. Reply:omNode-1<-omNode-2#742:FAIL-t7,INCONSISTENCY,nextIndex=59,followerCommit=58
2022-10-18 03:54:12,993 [grpc-default-executor-1] INFO  impl.SnapshotInstallationHandler (SnapshotInstallationHandler.java:installSnapshot(84)) - omNode-2@group-523986131536: receive installSnapshot: omNode-1->omNode-2#0-t7,notify:(t:7, i:61)
2022-10-18 03:54:12,993 [grpc-default-executor-1] INFO  impl.SnapshotInstallationHandler (SnapshotInstallationHandler.java:installSnapshot(95)) - omNode-2@group-523986131536: reply installSnapshot: omNode-1<-omNode-2#0:FAIL-t7,IN_PROGRESS
2022-10-18 03:54:12,994 [grpc-default-executor-1] INFO  server.GrpcServerProtocolService (GrpcServerProtocolService.java:onCompleted(140)) - omNode-2: Completed INSTALL_SNAPSHOT, lastRequest: omNode-1->omNode-2#0-t7,notify:(t:7, i:61)
2022-10-18 03:54:12,994 [grpc-default-executor-2] INFO  leader.FollowerInfo (FollowerInfoImpl.java:lambda$new$0(48)) - omNode-1@group-523986131536->omNode-2: nextIndex: updateUnconditionally 59 -> 59
2022-10-18 03:54:12,998 [grpc-default-executor-2] INFO  server.GrpcLogAppender (GrpcLogAppender.java:onNext(403)) - omNode-1@group-523986131536->omNode-2-InstallSnapshotResponseHandler: received a reply omNode-1<-omNode-2#0:FAIL-t7,IN_PROGRESS
2022-10-18 03:54:12,998 [grpc-default-executor-2] INFO  server.GrpcLogAppender (GrpcLogAppender.java:onNext(421)) - omNode-1@group-523986131536->omNode-2-InstallSnapshotResponseHandler: InstallSnapshot in progress.
2022-10-18 03:54:12,998 [omNode-1@group-523986131536->omNode-2-GrpcLogAppender-LogAppenderDaemon] INFO  server.GrpcLogAppender (GrpcLogAppender.java:installSnapshot(541)) - omNode-1@group-523986131536->omNode-2-GrpcLogAppender: followerNextIndex = 59 but logStartIndex = 61, notify follower to install snapshot-(t:7, i:61)
2022-10-18 03:54:12,998 [omNode-1@group-523986131536->omNode-2-GrpcLogAppender-LogAppenderDaemon] INFO  server.GrpcLogAppender (GrpcLogAppender.java:installSnapshot(549)) - omNode-1@group-523986131536->omNode-2-GrpcLogAppender: send omNode-1->omNode-2#0-t7,notify:(t:7, i:61)
2022-10-18 03:54:12,999 [omNode-2-server-thread1] INFO  server.RaftServer$Division (RaftServerImpl.java:checkInconsistentAppendEntries(1402)) - omNode-2@group-523986131536: Failed appendEntries as snapshot (61) installation is in progress
2022-10-18 03:54:13,000 [omNode-2-server-thread1] INFO  server.RaftServer$Division (RaftServerImpl.java:checkInconsistentAppendEntries(1394)) - omNode-2@group-523986131536: inconsistency entries. Reply:omNode-1<-omNode-2#743:FAIL-t7,INCONSISTENCY,nextIndex=59,followerCommit=58
2022-10-18 03:54:13,000 [grpc-default-executor-1] INFO  impl.SnapshotInstallationHandler (SnapshotInstallationHandler.java:installSnapshot(84)) - omNode-2@group-523986131536: receive installSnapshot: omNode-1->omNode-2#0-t7,notify:(t:7, i:61)
2022-10-18 03:54:13,000 [grpc-default-executor-1] INFO  impl.SnapshotInstallationHandler (SnapshotInstallationHandler.java:installSnapshot(95)) - omNode-2@group-523986131536: reply installSnapshot: omNode-1<-omNode-2#0:FAIL-t7,IN_PROGRESS
2022-10-18 03:54:13,000 [grpc-default-executor-1] INFO  server.GrpcServerProtocolService (GrpcServerProtocolService.java:onCompleted(140)) - omNode-2: Completed INSTALL_SNAPSHOT, lastRequest: omNode-1->omNode-2#0-t7,notify:(t:7, i:61)
2022-10-18 03:54:13,001 [grpc-default-executor-1] INFO  leader.FollowerInfo (FollowerInfoImpl.java:lambda$new$0(48)) - omNode-1@group-523986131536->omNode-2: nextIndex: updateUnconditionally 59 -> 59
2022-10-18 03:54:13,001 [grpc-default-executor-1] INFO  server.GrpcLogAppender (GrpcLogAppender.java:onNext(403)) - omNode-1@group-523986131536->omNode-2-InstallSnapshotResponseHandler: received a reply omNode-1<-omNode-2#0:FAIL-t7,IN_PROGRESS
2022-10-18 03:54:13,001 [grpc-default-executor-1] INFO  server.GrpcLogAppender (GrpcLogAppender.java:onNext(421)) - omNode-1@group-523986131536->omNode-2-InstallSnapshotResponseHandler: InstallSnapshot in progress.
2022-10-18 03:54:13,001 [omNode-1@group-523986131536->omNode-2-GrpcLogAppender-LogAppenderDaemon] INFO  server.GrpcLogAppender (GrpcLogAppender.java:installSnapshot(541)) - omNode-1@group-523986131536->omNode-2-GrpcLogAppender: followerNextIndex = 59 but logStartIndex = 61, notify follower to install snapshot-(t:7, i:61)
2022-10-18 03:54:13,002 [omNode-1@group-523986131536->omNode-2-GrpcLogAppender-LogAppenderDaemon] INFO  server.GrpcLogAppender (GrpcLogAppender.java:installSnapshot(549)) - omNode-1@group-523986131536->omNode-2-GrpcLogAppender: send omNode-1->omNode-2#0-t7,notify:(t:7, i:61)
2022-10-18 03:54:13,004 [omNode-2-server-thread1] INFO  server.RaftServer$Division (RaftServerImpl.java:checkInconsistentAppendEntries(1402)) - omNode-2@group-523986131536: Failed appendEntries as snapshot (61) installation is in progress
2022-10-18 03:54:13,004 [omNode-2-server-thread1] INFO  server.RaftServer$Division (RaftServerImpl.java:checkInconsistentAppendEntries(1394)) - omNode-2@group-523986131536: inconsistency entries. Reply:omNode-1<-omNode-2#744:FAIL-t7,INCONSISTENCY,nextIndex=59,followerCommit=58
2022-10-18 03:54:13,004 [grpc-default-executor-1] INFO  impl.SnapshotInstallationHandler (SnapshotInstallationHandler.java:installSnapshot(84)) - omNode-2@group-523986131536: receive installSnapshot: omNode-1->omNode-2#0-t7,notify:(t:7, i:61)
2022-10-18 03:54:13,004 [grpc-default-executor-1] INFO  impl.SnapshotInstallationHandler (SnapshotInstallationHandler.java:installSnapshot(95)) - omNode-2@group-523986131536: reply installSnapshot: omNode-1<-omNode-2#0:FAIL-t7,IN_PROGRESS
2022-10-18 03:54:13,005 [grpc-default-executor-1] INFO  server.GrpcServerProtocolService (GrpcServerProtocolService.java:onCompleted(140)) - omNode-2: Completed INSTALL_SNAPSHOT, lastRequest: omNode-1->omNode-2#0-t7,notify:(t:7, i:61)
2022-10-18 03:54:13,005 [grpc-default-executor-1] INFO  leader.FollowerInfo (FollowerInfoImpl.java:lambda$new$0(48)) - omNode-1@group-523986131536->omNode-2: nextIndex: updateUnconditionally 59 -> 59
2022-10-18 03:54:13,005 [grpc-default-executor-1] INFO  server.GrpcLogAppender (GrpcLogAppender.java:onNext(403)) - omNode-1@group-523986131536->omNode-2-InstallSnapshotResponseHandler: received a reply omNode-1<-omNode-2#0:FAIL-t7,IN_PROGRESS
2022-10-18 03:54:13,005 [grpc-default-executor-1] INFO  server.GrpcLogAppender (GrpcLogAppender.java:onNext(421)) - omNode-1@group-523986131536->omNode-2-InstallSnapshotResponseHandler: InstallSnapshot in progress.
2022-10-18 03:54:13,006 [omNode-1@group-523986131536->omNode-2-GrpcLogAppender-LogAppenderDaemon] INFO  server.GrpcLogAppender (GrpcLogAppender.java:installSnapshot(541)) - omNode-1@group-523986131536->omNode-2-GrpcLogAppender: followerNextIndex = 59 but logStartIndex = 61, notify follower to install snapshot-(t:7, i:61)
2022-10-18 03:54:13,006 [omNode-1@group-523986131536->omNode-2-GrpcLogAppender-LogAppenderDaemon] INFO  server.GrpcLogAppender (GrpcLogAppender.java:installSnapshot(549)) - omNode-1@group-523986131536->omNode-2-GrpcLogAppender: send omNode-1->omNode-2#0-t7,notify:(t:7, i:61)
2022-10-18 03:54:13,006 [omNode-2-server-thread1] INFO  server.RaftServer$Division (RaftServerImpl.java:checkInconsistentAppendEntries(1402)) - omNode-2@group-523986131536: Failed appendEntries as snapshot (61) installation is in progress
2022-10-18 03:54:13,006 [omNode-2-server-thread1] INFO  server.RaftServer$Division (RaftServerImpl.java:checkInconsistentAppendEntries(1394)) - omNode-2@group-523986131536: inconsistency entries. Reply:omNode-1<-omNode-2#745:FAIL-t7,INCONSISTENCY,nextIndex=59,followerCommit=58
2022-10-18 03:54:13,006 [grpc-default-executor-1] INFO  leader.FollowerInfo (FollowerInfoImpl.java:lambda$new$0(48)) - omNode-1@group-523986131536->omNode-2: nextIndex: updateUnconditionally 59 -> 59
2022-10-18 03:54:13,007 [grpc-default-executor-1] INFO  impl.SnapshotInstallationHandler (SnapshotInstallationHandler.java:installSnapshot(84)) - omNode-2@group-523986131536: receive installSnapshot: omNode-1->omNode-2#0-t7,notify:(t:7, i:61)
2022-10-18 03:54:13,007 [grpc-default-executor-1] INFO  impl.SnapshotInstallationHandler (SnapshotInstallationHandler.java:installSnapshot(95)) - omNode-2@group-523986131536: reply installSnapshot: omNode-1<-omNode-2#0:FAIL-t7,IN_PROGRESS
2022-10-18 03:54:13,007 [grpc-default-executor-1] INFO  server.GrpcServerProtocolService (GrpcServerProtocolService.java:onCompleted(140)) - omNode-2: Completed INSTALL_SNAPSHOT, lastRequest: omNode-1->omNode-2#0-t7,notify:(t:7, i:61)
2022-10-18 03:54:13,008 [grpc-default-executor-1] INFO  server.GrpcLogAppender (GrpcLogAppender.java:onNext(403)) - omNode-1@group-523986131536->omNode-2-InstallSnapshotResponseHandler: received a reply omNode-1<-omNode-2#0:FAIL-t7,IN_PROGRESS
2022-10-18 03:54:13,008 [grpc-default-executor-1] INFO  server.GrpcLogAppender (GrpcLogAppender.java:onNext(421)) - omNode-1@group-523986131536->omNode-2-InstallSnapshotResponseHandler: InstallSnapshot in progress.
2022-10-18 03:54:13,008 [omNode-1@group-523986131536->omNode-2-GrpcLogAppender-LogAppenderDaemon] INFO  server.GrpcLogAppender (GrpcLogAppender.java:installSnapshot(541)) - omNode-1@group-523986131536->omNode-2-GrpcLogAppender: followerNextIndex = 59 but logStartIndex = 61, notify follower to install snapshot-(t:7, i:61)
2022-10-18 03:54:13,008 [omNode-1@group-523986131536->omNode-2-GrpcLogAppender-LogAppenderDaemon] INFO  server.GrpcLogAppender (GrpcLogAppender.java:installSnapshot(549)) - omNode-1@group-523986131536->omNode-2-GrpcLogAppender: send omNode-1->omNode-2#0-t7,notify:(t:7, i:61)
2022-10-18 03:54:13,008 [omNode-2-server-thread1] INFO  server.RaftServer$Division (RaftServerImpl.java:checkInconsistentAppendEntries(1402)) - omNode-2@group-523986131536: Failed appendEntries as snapshot (61) installation is in progress
2022-10-18 03:54:13,008 [omNode-2-server-thread1] INFO  server.RaftServer$Division (RaftServerImpl.java:checkInconsistentAppendEntries(1394)) - omNode-2@group-523986131536: inconsistency entries. Reply:omNode-1<-omNode-2#746:FAIL-t7,INCONSISTENCY,nextIndex=59,followerCommit=58
2022-10-18 03:54:13,009 [grpc-default-executor-1] INFO  leader.FollowerInfo (FollowerInfoImpl.java:lambda$new$0(48)) - omNode-1@group-523986131536->omNode-2: nextIndex: updateUnconditionally 59 -> 59
2022-10-18 03:54:13,009 [grpc-default-executor-1] INFO  impl.SnapshotInstallationHandler (SnapshotInstallationHandler.java:installSnapshot(84)) - omNode-2@group-523986131536: receive installSnapshot: omNode-1->omNode-2#0-t7,notify:(t:7, i:61)
2022-10-18 03:54:13,009 [grpc-default-executor-1] INFO  impl.SnapshotInstallationHandler (SnapshotInstallationHandler.java:installSnapshot(95)) - omNode-2@group-523986131536: reply installSnapshot: omNode-1<-omNode-2#0:FAIL-t7,IN_PROGRESS
2022-10-18 03:54:13,010 [grpc-default-executor-1] INFO  server.GrpcServerProtocolService (GrpcServerProtocolService.java:onCompleted(140)) - omNode-2: Completed INSTALL_SNAPSHOT, lastRequest: omNode-1->omNode-2#0-t7,notify:(t:7, i:61)
2022-10-18 03:54:13,017 [grpc-default-executor-1] INFO  server.GrpcLogAppender (GrpcLogAppender.java:onNext(403)) - omNode-1@group-523986131536->omNode-2-InstallSnapshotResponseHandler: received a reply omNode-1<-omNode-2#0:FAIL-t7,IN_PROGRESS
2022-10-18 03:54:13,017 [grpc-default-executor-1] INFO  server.GrpcLogAppender (GrpcLogAppender.java:onNext(421)) - omNode-1@group-523986131536->omNode-2-InstallSnapshotResponseHandler: InstallSnapshot in progress.
2022-10-18 03:54:13,017 [omNode-1@group-523986131536->omNode-2-GrpcLogAppender-LogAppenderDaemon] INFO  server.GrpcLogAppender (GrpcLogAppender.java:installSnapshot(541)) - omNode-1@group-523986131536->omNode-2-GrpcLogAppender: followerNextIndex = 59 but logStartIndex = 61, notify follower to install snapshot-(t:7, i:61)
2022-10-18 03:54:13,017 [omNode-1@group-523986131536->omNode-2-GrpcLogAppender-LogAppenderDaemon] INFO  server.GrpcLogAppender (GrpcLogAppender.java:installSnapshot(549)) - omNode-1@group-523986131536->omNode-2-GrpcLogAppender: send omNode-1->omNode-2#0-t7,notify:(t:7, i:61)
2022-10-18 03:54:13,017 [omNode-2-server-thread1] INFO  server.RaftServer$Division (RaftServerImpl.java:checkInconsistentAppendEntries(1402)) - omNode-2@group-523986131536: Failed appendEntries as snapshot (61) installation is in progress
2022-10-18 03:54:13,018 [omNode-2-server-thread1] INFO  server.RaftServer$Division (RaftServerImpl.java:checkInconsistentAppendEntries(1394)) - omNode-2@group-523986131536: inconsistency entries. Reply:omNode-1<-omNode-2#747:FAIL-t7,INCONSISTENCY,nextIndex=59,followerCommit=58
2022-10-18 03:54:13,022 [grpc-default-executor-1] INFO  leader.FollowerInfo (FollowerInfoImpl.java:lambda$new$0(48)) - omNode-1@group-523986131536->omNode-2: nextIndex: updateUnconditionally 59 -> 59
2022-10-18 03:54:13,022 [grpc-default-executor-3] INFO  impl.SnapshotInstallationHandler (SnapshotInstallationHandler.java:installSnapshot(84)) - omNode-2@group-523986131536: receive installSnapshot: omNode-1->omNode-2#0-t7,notify:(t:7, i:61)
2022-10-18 03:54:13,023 [grpc-default-executor-3] INFO  impl.SnapshotInstallationHandler (SnapshotInstallationHandler.java:installSnapshot(95)) - omNode-2@group-523986131536: reply installSnapshot: omNode-1<-omNode-2#0:FAIL-t7,IN_PROGRESS
2022-10-18 03:54:13,023 [grpc-default-executor-3] INFO  server.GrpcServerProtocolService (GrpcServerProtocolService.java:onCompleted(140)) - omNode-2: Completed INSTALL_SNAPSHOT, lastRequest: omNode-1->omNode-2#0-t7,notify:(t:7, i:61)
2022-10-18 03:54:13,023 [grpc-default-executor-3] INFO  server.GrpcLogAppender (GrpcLogAppender.java:onNext(403)) - omNode-1@group-523986131536->omNode-2-InstallSnapshotResponseHandler: received a reply omNode-1<-omNode-2#0:FAIL-t7,IN_PROGRESS
2022-10-18 03:54:13,023 [grpc-default-executor-3] INFO  server.GrpcLogAppender (GrpcLogAppender.java:onNext(421)) - omNode-1@group-523986131536->omNode-2-InstallSnapshotResponseHandler: InstallSnapshot in progress.
2022-10-18 03:54:13,024 [omNode-1@group-523986131536->omNode-2-GrpcLogAppender-LogAppenderDaemon] INFO  server.GrpcLogAppender (GrpcLogAppender.java:installSnapshot(541)) - omNode-1@group-523986131536->omNode-2-GrpcLogAppender: followerNextIndex = 59 but logStartIndex = 61, notify follower to install snapshot-(t:7, i:61)
2022-10-18 03:54:13,024 [omNode-1@group-523986131536->omNode-2-GrpcLogAppender-LogAppenderDaemon] INFO  server.GrpcLogAppender (GrpcLogAppender.java:installSnapshot(549)) - omNode-1@group-523986131536->omNode-2-GrpcLogAppender: send omNode-1->omNode-2#0-t7,notify:(t:7, i:61)
2022-10-18 03:54:13,024 [omNode-2-server-thread1] INFO  server.RaftServer$Division (RaftServerImpl.java:checkInconsistentAppendEntries(1402)) - omNode-2@group-523986131536: Failed appendEntries as snapshot (61) installation is in progress
2022-10-18 03:54:13,024 [omNode-2-server-thread1] INFO  server.RaftServer$Division (RaftServerImpl.java:checkInconsistentAppendEntries(1394)) - omNode-2@group-523986131536: inconsistency entries. Reply:omNode-1<-omNode-2#748:FAIL-t7,INCONSISTENCY,nextIndex=59,followerCommit=58
2022-10-18 03:54:13,026 [grpc-default-executor-3] INFO  leader.FollowerInfo (FollowerInfoImpl.java:lambda$new$0(48)) - omNode-1@group-523986131536->omNode-2: nextIndex: updateUnconditionally 59 -> 59
2022-10-18 03:54:13,027 [grpc-default-executor-3] INFO  impl.SnapshotInstallationHandler (SnapshotInstallationHandler.java:installSnapshot(84)) - omNode-2@group-523986131536: receive installSnapshot: omNode-1->omNode-2#0-t7,notify:(t:7, i:61)
2022-10-18 03:54:13,027 [grpc-default-executor-3] INFO  impl.SnapshotInstallationHandler (SnapshotInstallationHandler.java:installSnapshot(95)) - omNode-2@group-523986131536: reply installSnapshot: omNode-1<-omNode-2#0:FAIL-t7,IN_PROGRESS
2022-10-18 03:54:13,027 [grpc-default-executor-3] INFO  server.GrpcServerProtocolService (GrpcServerProtocolService.java:onCompleted(140)) - omNode-2: Completed INSTALL_SNAPSHOT, lastRequest: omNode-1->omNode-2#0-t7,notify:(t:7, i:61)
2022-10-18 03:54:13,027 [grpc-default-executor-3] INFO  server.GrpcLogAppender (GrpcLogAppender.java:onNext(403)) - omNode-1@group-523986131536->omNode-2-InstallSnapshotResponseHandler: received a reply omNode-1<-omNode-2#0:FAIL-t7,IN_PROGRESS
2022-10-18 03:54:13,028 [grpc-default-executor-3] INFO  server.GrpcLogAppender (GrpcLogAppender.java:onNext(421)) - omNode-1@group-523986131536->omNode-2-InstallSnapshotResponseHandler: InstallSnapshot in progress.
2022-10-18 03:54:13,030 [omNode-1@group-523986131536->omNode-2-GrpcLogAppender-LogAppenderDaemon] INFO  server.GrpcLogAppender (GrpcLogAppender.java:installSnapshot(541)) - omNode-1@group-523986131536->omNode-2-GrpcLogAppender: followerNextIndex = 59 but logStartIndex = 61, notify follower to install snapshot-(t:7, i:61)
2022-10-18 03:54:13,030 [omNode-1@group-523986131536->omNode-2-GrpcLogAppender-LogAppenderDaemon] INFO  server.GrpcLogAppender (GrpcLogAppender.java:installSnapshot(549)) - omNode-1@group-523986131536->omNode-2-GrpcLogAppender: send omNode-1->omNode-2#0-t7,notify:(t:7, i:61)
2022-10-18 03:54:13,030 [omNode-2-server-thread1] INFO  server.RaftServer$Division (RaftServerImpl.java:checkInconsistentAppendEntries(1402)) - omNode-2@group-523986131536: Failed appendEntries as snapshot (61) installation is in progress
2022-10-18 03:54:13,030 [omNode-2-server-thread1] INFO  server.RaftServer$Division (RaftServerImpl.java:checkInconsistentAppendEntries(1394)) - omNode-2@group-523986131536: inconsistency entries. Reply:omNode-1<-omNode-2#749:FAIL-t7,INCONSISTENCY,nextIndex=59,followerCommit=58
2022-10-18 03:54:13,032 [grpc-default-executor-2] INFO  leader.FollowerInfo (FollowerInfoImpl.java:lambda$new$0(48)) - omNode-1@group-523986131536->omNode-2: nextIndex: updateUnconditionally 59 -> 59
2022-10-18 03:54:13,035 [grpc-default-executor-3] INFO  impl.SnapshotInstallationHandler (SnapshotInstallationHandler.java:installSnapshot(84)) - omNode-2@group-523986131536: receive installSnapshot: omNode-1->omNode-2#0-t7,notify:(t:7, i:61)
2022-10-18 03:54:13,036 [grpc-default-executor-3] INFO  impl.SnapshotInstallationHandler (SnapshotInstallationHandler.java:installSnapshot(95)) - omNode-2@group-523986131536: reply installSnapshot: omNode-1<-omNode-2#0:FAIL-t7,IN_PROGRESS
2022-10-18 03:54:13,036 [grpc-default-executor-3] INFO  server.GrpcServerProtocolService (GrpcServerProtocolService.java:onCompleted(140)) - omNode-2: Completed INSTALL_SNAPSHOT, lastRequest: omNode-1->omNode-2#0-t7,notify:(t:7, i:61)
2022-10-18 03:54:13,037 [grpc-default-executor-3] INFO  server.GrpcLogAppender (GrpcLogAppender.java:onNext(403)) - omNode-1@group-523986131536->omNode-2-InstallSnapshotResponseHandler: received a reply omNode-1<-omNode-2#0:FAIL-t7,IN_PROGRESS
2022-10-18 03:54:13,037 [grpc-default-executor-3] INFO  server.GrpcLogAppender (GrpcLogAppender.java:onNext(421)) - omNode-1@group-523986131536->omNode-2-InstallSnapshotResponseHandler: InstallSnapshot in progress.
2022-10-18 03:54:13,037 [omNode-1@group-523986131536->omNode-2-GrpcLogAppender-LogAppenderDaemon] INFO  server.GrpcLogAppender (GrpcLogAppender.java:installSnapshot(541)) - omNode-1@group-523986131536->omNode-2-GrpcLogAppender: followerNextIndex = 59 but logStartIndex = 61, notify follower to install snapshot-(t:7, i:61)
2022-10-18 03:54:13,037 [omNode-1@group-523986131536->omNode-2-GrpcLogAppender-LogAppenderDaemon] INFO  server.GrpcLogAppender (GrpcLogAppender.java:installSnapshot(549)) - omNode-1@group-523986131536->omNode-2-GrpcLogAppender: send omNode-1->omNode-2#0-t7,notify:(t:7, i:61)
2022-10-18 03:54:13,042 [omNode-2-server-thread1] INFO  server.RaftServer$Division (RaftServerImpl.java:checkInconsistentAppendEntries(1402)) - omNode-2@group-523986131536: Failed appendEntries as snapshot (61) installation is in progress
2022-10-18 03:54:13,043 [omNode-2-server-thread1] INFO  server.RaftServer$Division (RaftServerImpl.java:checkInconsistentAppendEntries(1394)) - omNode-2@group-523986131536: inconsistency entries. Reply:omNode-1<-omNode-2#750:FAIL-t7,INCONSISTENCY,nextIndex=59,followerCommit=58
2022-10-18 03:54:13,043 [grpc-default-executor-2] INFO  impl.SnapshotInstallationHandler (SnapshotInstallationHandler.java:installSnapshot(84)) - omNode-2@group-523986131536: receive installSnapshot: omNode-1->omNode-2#0-t7,notify:(t:7, i:61)
2022-10-18 03:54:13,043 [grpc-default-executor-3] INFO  leader.FollowerInfo (FollowerInfoImpl.java:lambda$new$0(48)) - omNode-1@group-523986131536->omNode-2: nextIndex: updateUnconditionally 59 -> 59
2022-10-18 03:54:13,043 [grpc-default-executor-2] INFO  impl.SnapshotInstallationHandler (SnapshotInstallationHandler.java:installSnapshot(95)) - omNode-2@group-523986131536: reply installSnapshot: omNode-1<-omNode-2#0:FAIL-t7,IN_PROGRESS
2022-10-18 03:54:13,043 [grpc-default-executor-2] INFO  server.GrpcServerProtocolService (GrpcServerProtocolService.java:onCompleted(140)) - omNode-2: Completed INSTALL_SNAPSHOT, lastRequest: omNode-1->omNode-2#0-t7,notify:(t:7, i:61)
2022-10-18 03:54:13,047 [grpc-default-executor-2] INFO  server.GrpcLogAppender (GrpcLogAppender.java:onNext(403)) - omNode-1@group-523986131536->omNode-2-InstallSnapshotResponseHandler: received a reply omNode-1<-omNode-2#0:FAIL-t7,IN_PROGRESS
2022-10-18 03:54:13,048 [grpc-default-executor-2] INFO  server.GrpcLogAppender (GrpcLogAppender.java:onNext(421)) - omNode-1@group-523986131536->omNode-2-InstallSnapshotResponseHandler: InstallSnapshot in progress.
2022-10-18 03:54:13,048 [omNode-1@group-523986131536->omNode-2-GrpcLogAppender-LogAppenderDaemon] INFO  server.GrpcLogAppender (GrpcLogAppender.java:installSnapshot(541)) - omNode-1@group-523986131536->omNode-2-GrpcLogAppender: followerNextIndex = 59 but logStartIndex = 61, notify follower to install snapshot-(t:7, i:61)
2022-10-18 03:54:13,048 [omNode-1@group-523986131536->omNode-2-GrpcLogAppender-LogAppenderDaemon] INFO  server.GrpcLogAppender (GrpcLogAppender.java:installSnapshot(549)) - omNode-1@group-523986131536->omNode-2-GrpcLogAppender: send omNode-1->omNode-2#0-t7,notify:(t:7, i:61)
2022-10-18 03:54:13,048 [omNode-2-server-thread1] INFO  server.RaftServer$Division (RaftServerImpl.java:checkInconsistentAppendEntries(1402)) - omNode-2@group-523986131536: Failed appendEntries as snapshot (61) installation is in progress
2022-10-18 03:54:13,048 [omNode-2-server-thread1] INFO  server.RaftServer$Division (RaftServerImpl.java:checkInconsistentAppendEntries(1394)) - omNode-2@group-523986131536: inconsistency entries. Reply:omNode-1<-omNode-2#751:FAIL-t7,INCONSISTENCY,nextIndex=59,followerCommit=58
2022-10-18 03:54:13,049 [grpc-default-executor-2] INFO  impl.SnapshotInstallationHandler (SnapshotInstallationHandler.java:installSnapshot(84)) - omNode-2@group-523986131536: receive installSnapshot: omNode-1->omNode-2#0-t7,notify:(t:7, i:61)
2022-10-18 03:54:13,049 [grpc-default-executor-3] INFO  leader.FollowerInfo (FollowerInfoImpl.java:lambda$new$0(48)) - omNode-1@group-523986131536->omNode-2: nextIndex: updateUnconditionally 59 -> 59
2022-10-18 03:54:13,049 [grpc-default-executor-2] INFO  impl.SnapshotInstallationHandler (SnapshotInstallationHandler.java:installSnapshot(95)) - omNode-2@group-523986131536: reply installSnapshot: omNode-1<-omNode-2#0:FAIL-t7,IN_PROGRESS
2022-10-18 03:54:13,049 [grpc-default-executor-2] INFO  server.GrpcServerProtocolService (GrpcServerProtocolService.java:onCompleted(140)) - omNode-2: Completed INSTALL_SNAPSHOT, lastRequest: omNode-1->omNode-2#0-t7,notify:(t:7, i:61)
2022-10-18 03:54:13,050 [grpc-default-executor-2] INFO  server.GrpcLogAppender (GrpcLogAppender.java:onNext(403)) - omNode-1@group-523986131536->omNode-2-InstallSnapshotResponseHandler: received a reply omNode-1<-omNode-2#0:FAIL-t7,IN_PROGRESS
2022-10-18 03:54:13,050 [grpc-default-executor-2] INFO  server.GrpcLogAppender (GrpcLogAppender.java:onNext(421)) - omNode-1@group-523986131536->omNode-2-InstallSnapshotResponseHandler: InstallSnapshot in progress.
2022-10-18 03:54:13,050 [omNode-1@group-523986131536->omNode-2-GrpcLogAppender-LogAppenderDaemon] INFO  server.GrpcLogAppender (GrpcLogAppender.java:installSnapshot(541)) - omNode-1@group-523986131536->omNode-2-GrpcLogAppender: followerNextIndex = 59 but logStartIndex = 61, notify follower to install snapshot-(t:7, i:61)
2022-10-18 03:54:13,050 [omNode-1@group-523986131536->omNode-2-GrpcLogAppender-LogAppenderDaemon] INFO  server.GrpcLogAppender (GrpcLogAppender.java:installSnapshot(549)) - omNode-1@group-523986131536->omNode-2-GrpcLogAppender: send omNode-1->omNode-2#0-t7,notify:(t:7, i:61)
2022-10-18 03:54:13,050 [omNode-2-server-thread1] INFO  server.RaftServer$Division (RaftServerImpl.java:checkInconsistentAppendEntries(1402)) - omNode-2@group-523986131536: Failed appendEntries as snapshot (61) installation is in progress
2022-10-18 03:54:13,050 [omNode-2-server-thread1] INFO  server.RaftServer$Division (RaftServerImpl.java:checkInconsistentAppendEntries(1394)) - omNode-2@group-523986131536: inconsistency entries. Reply:omNode-1<-omNode-2#752:FAIL-t7,INCONSISTENCY,nextIndex=59,followerCommit=58
2022-10-18 03:54:13,051 [grpc-default-executor-2] INFO  impl.SnapshotInstallationHandler (SnapshotInstallationHandler.java:installSnapshot(84)) - omNode-2@group-523986131536: receive installSnapshot: omNode-1->omNode-2#0-t7,notify:(t:7, i:61)
2022-10-18 03:54:13,051 [grpc-default-executor-3] INFO  leader.FollowerInfo (FollowerInfoImpl.java:lambda$new$0(48)) - omNode-1@group-523986131536->omNode-2: nextIndex: updateUnconditionally 59 -> 59
2022-10-18 03:54:13,051 [grpc-default-executor-2] INFO  impl.SnapshotInstallationHandler (SnapshotInstallationHandler.java:installSnapshot(95)) - omNode-2@group-523986131536: reply installSnapshot: omNode-1<-omNode-2#0:FAIL-t7,IN_PROGRESS
2022-10-18 03:54:13,051 [grpc-default-executor-2] INFO  server.GrpcServerProtocolService (GrpcServerProtocolService.java:onCompleted(140)) - omNode-2: Completed INSTALL_SNAPSHOT, lastRequest: omNode-1->omNode-2#0-t7,notify:(t:7, i:61)
2022-10-18 03:54:13,051 [grpc-default-executor-3] INFO  server.GrpcLogAppender (GrpcLogAppender.java:onNext(403)) - omNode-1@group-523986131536->omNode-2-InstallSnapshotResponseHandler: received a reply omNode-1<-omNode-2#0:FAIL-t7,IN_PROGRESS
2022-10-18 03:54:13,052 [grpc-default-executor-3] INFO  server.GrpcLogAppender (GrpcLogAppender.java:onNext(421)) - omNode-1@group-523986131536->omNode-2-InstallSnapshotResponseHandler: InstallSnapshot in progress.
2022-10-18 03:54:13,053 [omNode-1@group-523986131536->omNode-2-GrpcLogAppender-LogAppenderDaemon] INFO  server.GrpcLogAppender (GrpcLogAppender.java:installSnapshot(541)) - omNode-1@group-523986131536->omNode-2-GrpcLogAppender: followerNextIndex = 59 but logStartIndex = 61, notify follower to install snapshot-(t:7, i:61)
2022-10-18 03:54:13,053 [omNode-1@group-523986131536->omNode-2-GrpcLogAppender-LogAppenderDaemon] INFO  server.GrpcLogAppender (GrpcLogAppender.java:installSnapshot(549)) - omNode-1@group-523986131536->omNode-2-GrpcLogAppender: send omNode-1->omNode-2#0-t7,notify:(t:7, i:61)
2022-10-18 03:54:13,053 [omNode-2-server-thread1] INFO  server.RaftServer$Division (RaftServerImpl.java:checkInconsistentAppendEntries(1402)) - omNode-2@group-523986131536: Failed appendEntries as snapshot (61) installation is in progress
2022-10-18 03:54:13,053 [omNode-2-server-thread1] INFO  server.RaftServer$Division (RaftServerImpl.java:checkInconsistentAppendEntries(1394)) - omNode-2@group-523986131536: inconsistency entries. Reply:omNode-1<-omNode-2#753:FAIL-t7,INCONSISTENCY,nextIndex=59,followerCommit=58
2022-10-18 03:54:13,054 [grpc-default-executor-3] INFO  leader.FollowerInfo (FollowerInfoImpl.java:lambda$new$0(48)) - omNode-1@group-523986131536->omNode-2: nextIndex: updateUnconditionally 59 -> 59
2022-10-18 03:54:13,054 [grpc-default-executor-3] INFO  impl.SnapshotInstallationHandler (SnapshotInstallationHandler.java:installSnapshot(84)) - omNode-2@group-523986131536: receive installSnapshot: omNode-1->omNode-2#0-t7,notify:(t:7, i:61)
2022-10-18 03:54:13,055 [grpc-default-executor-3] INFO  impl.SnapshotInstallationHandler (SnapshotInstallationHandler.java:installSnapshot(95)) - omNode-2@group-523986131536: reply installSnapshot: omNode-1<-omNode-2#0:FAIL-t7,IN_PROGRESS
2022-10-18 03:54:13,055 [grpc-default-executor-3] INFO  server.GrpcServerProtocolService (GrpcServerProtocolService.java:onCompleted(140)) - omNode-2: Completed INSTALL_SNAPSHOT, lastRequest: omNode-1->omNode-2#0-t7,notify:(t:7, i:61)
2022-10-18 03:54:13,055 [grpc-default-executor-3] INFO  server.GrpcLogAppender (GrpcLogAppender.java:onNext(403)) - omNode-1@group-523986131536->omNode-2-InstallSnapshotResponseHandler: received a reply omNode-1<-omNode-2#0:FAIL-t7,IN_PROGRESS
2022-10-18 03:54:13,055 [grpc-default-executor-3] INFO  server.GrpcLogAppender (GrpcLogAppender.java:onNext(421)) - omNode-1@group-523986131536->omNode-2-InstallSnapshotResponseHandler: InstallSnapshot in progress.
2022-10-18 03:54:13,056 [omNode-1@group-523986131536->omNode-2-GrpcLogAppender-LogAppenderDaemon] INFO  server.GrpcLogAppender (GrpcLogAppender.java:installSnapshot(541)) - omNode-1@group-523986131536->omNode-2-GrpcLogAppender: followerNextIndex = 59 but logStartIndex = 61, notify follower to install snapshot-(t:7, i:61)
2022-10-18 03:54:13,056 [omNode-1@group-523986131536->omNode-2-GrpcLogAppender-LogAppenderDaemon] INFO  server.GrpcLogAppender (GrpcLogAppender.java:installSnapshot(549)) - omNode-1@group-523986131536->omNode-2-GrpcLogAppender: send omNode-1->omNode-2#0-t7,notify:(t:7, i:61)
2022-10-18 03:54:13,056 [omNode-2-server-thread1] INFO  server.RaftServer$Division (RaftServerImpl.java:checkInconsistentAppendEntries(1402)) - omNode-2@group-523986131536: Failed appendEntries as snapshot (61) installation is in progress
2022-10-18 03:54:13,056 [omNode-2-server-thread1] INFO  server.RaftServer$Division (RaftServerImpl.java:checkInconsistentAppendEntries(1394)) - omNode-2@group-523986131536: inconsistency entries. Reply:omNode-1<-omNode-2#754:FAIL-t7,INCONSISTENCY,nextIndex=59,followerCommit=58
2022-10-18 03:54:13,057 [grpc-default-executor-3] INFO  leader.FollowerInfo (FollowerInfoImpl.java:lambda$new$0(48)) - omNode-1@group-523986131536->omNode-2: nextIndex: updateUnconditionally 59 -> 59
2022-10-18 03:54:13,057 [grpc-default-executor-3] INFO  impl.SnapshotInstallationHandler (SnapshotInstallationHandler.java:installSnapshot(84)) - omNode-2@group-523986131536: receive installSnapshot: omNode-1->omNode-2#0-t7,notify:(t:7, i:61)
2022-10-18 03:54:13,058 [grpc-default-executor-3] INFO  impl.SnapshotInstallationHandler (SnapshotInstallationHandler.java:installSnapshot(95)) - omNode-2@group-523986131536: reply installSnapshot: omNode-1<-omNode-2#0:FAIL-t7,IN_PROGRESS
2022-10-18 03:54:13,058 [grpc-default-executor-3] INFO  server.GrpcServerProtocolService (GrpcServerProtocolService.java:onCompleted(140)) - omNode-2: Completed INSTALL_SNAPSHOT, lastRequest: omNode-1->omNode-2#0-t7,notify:(t:7, i:61)
2022-10-18 03:54:13,058 [grpc-default-executor-3] INFO  server.GrpcLogAppender (GrpcLogAppender.java:onNext(403)) - omNode-1@group-523986131536->omNode-2-InstallSnapshotResponseHandler: received a reply omNode-1<-omNode-2#0:FAIL-t7,IN_PROGRESS
2022-10-18 03:54:13,058 [grpc-default-executor-3] INFO  server.GrpcLogAppender (GrpcLogAppender.java:onNext(421)) - omNode-1@group-523986131536->omNode-2-InstallSnapshotResponseHandler: InstallSnapshot in progress.
2022-10-18 03:54:13,059 [omNode-1@group-523986131536->omNode-2-GrpcLogAppender-LogAppenderDaemon] INFO  server.GrpcLogAppender (GrpcLogAppender.java:installSnapshot(541)) - omNode-1@group-523986131536->omNode-2-GrpcLogAppender: followerNextIndex = 59 but logStartIndex = 61, notify follower to install snapshot-(t:7, i:61)
2022-10-18 03:54:13,059 [omNode-1@group-523986131536->omNode-2-GrpcLogAppender-LogAppenderDaemon] INFO  server.GrpcLogAppender (GrpcLogAppender.java:installSnapshot(549)) - omNode-1@group-523986131536->omNode-2-GrpcLogAppender: send omNode-1->omNode-2#0-t7,notify:(t:7, i:61)
2022-10-18 03:54:13,068 [omNode-2-server-thread1] INFO  server.RaftServer$Division (RaftServerImpl.java:checkInconsistentAppendEntries(1402)) - omNode-2@group-523986131536: Failed appendEntries as snapshot (61) installation is in progress
2022-10-18 03:54:13,068 [omNode-2-server-thread1] INFO  server.RaftServer$Division (RaftServerImpl.java:checkInconsistentAppendEntries(1394)) - omNode-2@group-523986131536: inconsistency entries. Reply:omNode-1<-omNode-2#755:FAIL-t7,INCONSISTENCY,nextIndex=59,followerCommit=58
2022-10-18 03:54:13,068 [grpc-default-executor-2] INFO  impl.SnapshotInstallationHandler (SnapshotInstallationHandler.java:installSnapshot(84)) - omNode-2@group-523986131536: receive installSnapshot: omNode-1->omNode-2#0-t7,notify:(t:7, i:61)
2022-10-18 03:54:13,068 [grpc-default-executor-3] INFO  leader.FollowerInfo (FollowerInfoImpl.java:lambda$new$0(48)) - omNode-1@group-523986131536->omNode-2: nextIndex: updateUnconditionally 59 -> 59
2022-10-18 03:54:13,068 [grpc-default-executor-2] INFO  impl.SnapshotInstallationHandler (SnapshotInstallationHandler.java:installSnapshot(95)) - omNode-2@group-523986131536: reply installSnapshot: omNode-1<-omNode-2#0:FAIL-t7,IN_PROGRESS
2022-10-18 03:54:13,068 [grpc-default-executor-2] INFO  server.GrpcServerProtocolService (GrpcServerProtocolService.java:onCompleted(140)) - omNode-2: Completed INSTALL_SNAPSHOT, lastRequest: omNode-1->omNode-2#0-t7,notify:(t:7, i:61)
2022-10-18 03:54:13,069 [grpc-default-executor-2] INFO  server.GrpcLogAppender (GrpcLogAppender.java:onNext(403)) - omNode-1@group-523986131536->omNode-2-InstallSnapshotResponseHandler: received a reply omNode-1<-omNode-2#0:FAIL-t7,IN_PROGRESS
2022-10-18 03:54:13,069 [grpc-default-executor-2] INFO  server.GrpcLogAppender (GrpcLogAppender.java:onNext(421)) - omNode-1@group-523986131536->omNode-2-InstallSnapshotResponseHandler: InstallSnapshot in progress.
2022-10-18 03:54:13,069 [omNode-1@group-523986131536->omNode-2-GrpcLogAppender-LogAppenderDaemon] INFO  server.GrpcLogAppender (GrpcLogAppender.java:installSnapshot(541)) - omNode-1@group-523986131536->omNode-2-GrpcLogAppender: followerNextIndex = 59 but logStartIndex = 61, notify follower to install snapshot-(t:7, i:61)
2022-10-18 03:54:13,070 [omNode-1@group-523986131536->omNode-2-GrpcLogAppender-LogAppenderDaemon] INFO  server.GrpcLogAppender (GrpcLogAppender.java:installSnapshot(549)) - omNode-1@group-523986131536->omNode-2-GrpcLogAppender: send omNode-1->omNode-2#0-t7,notify:(t:7, i:61)
2022-10-18 03:54:13,074 [omNode-2-server-thread1] INFO  server.RaftServer$Division (RaftServerImpl.java:checkInconsistentAppendEntries(1402)) - omNode-2@group-523986131536: Failed appendEntries as snapshot (61) installation is in progress
2022-10-18 03:54:13,074 [grpc-default-executor-3] INFO  impl.SnapshotInstallationHandler (SnapshotInstallationHandler.java:installSnapshot(84)) - omNode-2@group-523986131536: receive installSnapshot: omNode-1->omNode-2#0-t7,notify:(t:7, i:61)
2022-10-18 03:54:13,074 [omNode-2-server-thread1] INFO  server.RaftServer$Division (RaftServerImpl.java:checkInconsistentAppendEntries(1394)) - omNode-2@group-523986131536: inconsistency entries. Reply:omNode-1<-omNode-2#756:FAIL-t7,INCONSISTENCY,nextIndex=59,followerCommit=58
2022-10-18 03:54:13,075 [grpc-default-executor-3] INFO  impl.SnapshotInstallationHandler (SnapshotInstallationHandler.java:installSnapshot(95)) - omNode-2@group-523986131536: reply installSnapshot: omNode-1<-omNode-2#0:FAIL-t7,IN_PROGRESS
2022-10-18 03:54:13,075 [grpc-default-executor-3] INFO  server.GrpcServerProtocolService (GrpcServerProtocolService.java:onCompleted(140)) - omNode-2: Completed INSTALL_SNAPSHOT, lastRequest: omNode-1->omNode-2#0-t7,notify:(t:7, i:61)
2022-10-18 03:54:13,075 [grpc-default-executor-3] INFO  leader.FollowerInfo (FollowerInfoImpl.java:lambda$new$0(48)) - omNode-1@group-523986131536->omNode-2: nextIndex: updateUnconditionally 59 -> 59
2022-10-18 03:54:13,075 [grpc-default-executor-3] INFO  server.GrpcLogAppender (GrpcLogAppender.java:onNext(403)) - omNode-1@group-523986131536->omNode-2-InstallSnapshotResponseHandler: received a reply omNode-1<-omNode-2#0:FAIL-t7,IN_PROGRESS
2022-10-18 03:54:13,076 [grpc-default-executor-3] INFO  server.GrpcLogAppender (GrpcLogAppender.java:onNext(421)) - omNode-1@group-523986131536->omNode-2-InstallSnapshotResponseHandler: InstallSnapshot in progress.
2022-10-18 03:54:13,076 [omNode-1@group-523986131536->omNode-2-GrpcLogAppender-LogAppenderDaemon] INFO  server.GrpcLogAppender (GrpcLogAppender.java:installSnapshot(541)) - omNode-1@group-523986131536->omNode-2-GrpcLogAppender: followerNextIndex = 59 but logStartIndex = 61, notify follower to install snapshot-(t:7, i:61)
2022-10-18 03:54:13,076 [omNode-1@group-523986131536->omNode-2-GrpcLogAppender-LogAppenderDaemon] INFO  server.GrpcLogAppender (GrpcLogAppender.java:installSnapshot(549)) - omNode-1@group-523986131536->omNode-2-GrpcLogAppender: send omNode-1->omNode-2#0-t7,notify:(t:7, i:61)
2022-10-18 03:54:13,076 [omNode-2-server-thread1] INFO  server.RaftServer$Division (RaftServerImpl.java:checkInconsistentAppendEntries(1402)) - omNode-2@group-523986131536: Failed appendEntries as snapshot (61) installation is in progress
2022-10-18 03:54:13,076 [omNode-2-server-thread1] INFO  server.RaftServer$Division (RaftServerImpl.java:checkInconsistentAppendEntries(1394)) - omNode-2@group-523986131536: inconsistency entries. Reply:omNode-1<-omNode-2#757:FAIL-t7,INCONSISTENCY,nextIndex=59,followerCommit=58
2022-10-18 03:54:13,077 [grpc-default-executor-3] INFO  impl.SnapshotInstallationHandler (SnapshotInstallationHandler.java:installSnapshot(84)) - omNode-2@group-523986131536: receive installSnapshot: omNode-1->omNode-2#0-t7,notify:(t:7, i:61)
2022-10-18 03:54:13,077 [grpc-default-executor-3] INFO  impl.SnapshotInstallationHandler (SnapshotInstallationHandler.java:installSnapshot(95)) - omNode-2@group-523986131536: reply installSnapshot: omNode-1<-omNode-2#0:FAIL-t7,IN_PROGRESS
2022-10-18 03:54:13,077 [grpc-default-executor-3] INFO  server.GrpcServerProtocolService (GrpcServerProtocolService.java:onCompleted(140)) - omNode-2: Completed INSTALL_SNAPSHOT, lastRequest: omNode-1->omNode-2#0-t7,notify:(t:7, i:61)
2022-10-18 03:54:13,078 [grpc-default-executor-3] INFO  leader.FollowerInfo (FollowerInfoImpl.java:lambda$new$0(48)) - omNode-1@group-523986131536->omNode-2: nextIndex: updateUnconditionally 59 -> 59
2022-10-18 03:54:13,078 [grpc-default-executor-3] INFO  server.GrpcLogAppender (GrpcLogAppender.java:onNext(403)) - omNode-1@group-523986131536->omNode-2-InstallSnapshotResponseHandler: received a reply omNode-1<-omNode-2#0:FAIL-t7,IN_PROGRESS
2022-10-18 03:54:13,078 [grpc-default-executor-3] INFO  server.GrpcLogAppender (GrpcLogAppender.java:onNext(421)) - omNode-1@group-523986131536->omNode-2-InstallSnapshotResponseHandler: InstallSnapshot in progress.
2022-10-18 03:54:13,078 [omNode-1@group-523986131536->omNode-2-GrpcLogAppender-LogAppenderDaemon] INFO  server.GrpcLogAppender (GrpcLogAppender.java:installSnapshot(541)) - omNode-1@group-523986131536->omNode-2-GrpcLogAppender: followerNextIndex = 59 but logStartIndex = 61, notify follower to install snapshot-(t:7, i:61)
2022-10-18 03:54:13,079 [omNode-1@group-523986131536->omNode-2-GrpcLogAppender-LogAppenderDaemon] INFO  server.GrpcLogAppender (GrpcLogAppender.java:installSnapshot(549)) - omNode-1@group-523986131536->omNode-2-GrpcLogAppender: send omNode-1->omNode-2#0-t7,notify:(t:7, i:61)
2022-10-18 03:54:13,079 [omNode-2-server-thread1] INFO  server.RaftServer$Division (RaftServerImpl.java:checkInconsistentAppendEntries(1402)) - omNode-2@group-523986131536: Failed appendEntries as snapshot (61) installation is in progress
2022-10-18 03:54:13,079 [omNode-2-server-thread1] INFO  server.RaftServer$Division (RaftServerImpl.java:checkInconsistentAppendEntries(1394)) - omNode-2@group-523986131536: inconsistency entries. Reply:omNode-1<-omNode-2#758:FAIL-t7,INCONSISTENCY,nextIndex=59,followerCommit=58
2022-10-18 03:54:13,079 [grpc-default-executor-3] INFO  impl.SnapshotInstallationHandler (SnapshotInstallationHandler.java:installSnapshot(84)) - omNode-2@group-523986131536: receive installSnapshot: omNode-1->omNode-2#0-t7,notify:(t:7, i:61)
2022-10-18 03:54:13,080 [grpc-default-executor-3] INFO  impl.SnapshotInstallationHandler (SnapshotInstallationHandler.java:installSnapshot(95)) - omNode-2@group-523986131536: reply installSnapshot: omNode-1<-omNode-2#0:FAIL-t7,IN_PROGRESS
2022-10-18 03:54:13,080 [grpc-default-executor-3] INFO  server.GrpcServerProtocolService (GrpcServerProtocolService.java:onCompleted(140)) - omNode-2: Completed INSTALL_SNAPSHOT, lastRequest: omNode-1->omNode-2#0-t7,notify:(t:7, i:61)
2022-10-18 03:54:13,080 [grpc-default-executor-3] INFO  leader.FollowerInfo (FollowerInfoImpl.java:lambda$new$0(48)) - omNode-1@group-523986131536->omNode-2: nextIndex: updateUnconditionally 59 -> 59
2022-10-18 03:54:13,080 [grpc-default-executor-3] INFO  server.GrpcLogAppender (GrpcLogAppender.java:onNext(403)) - omNode-1@group-523986131536->omNode-2-InstallSnapshotResponseHandler: received a reply omNode-1<-omNode-2#0:FAIL-t7,IN_PROGRESS
2022-10-18 03:54:13,080 [grpc-default-executor-3] INFO  server.GrpcLogAppender (GrpcLogAppender.java:onNext(421)) - omNode-1@group-523986131536->omNode-2-InstallSnapshotResponseHandler: InstallSnapshot in progress.
2022-10-18 03:54:13,081 [omNode-1@group-523986131536->omNode-2-GrpcLogAppender-LogAppenderDaemon] INFO  server.GrpcLogAppender (GrpcLogAppender.java:installSnapshot(541)) - omNode-1@group-523986131536->omNode-2-GrpcLogAppender: followerNextIndex = 59 but logStartIndex = 61, notify follower to install snapshot-(t:7, i:61)
2022-10-18 03:54:13,081 [omNode-1@group-523986131536->omNode-2-GrpcLogAppender-LogAppenderDaemon] INFO  server.GrpcLogAppender (GrpcLogAppender.java:installSnapshot(549)) - omNode-1@group-523986131536->omNode-2-GrpcLogAppender: send omNode-1->omNode-2#0-t7,notify:(t:7, i:61)
2022-10-18 03:54:13,086 [omNode-2-server-thread1] INFO  server.RaftServer$Division (RaftServerImpl.java:checkInconsistentAppendEntries(1402)) - omNode-2@group-523986131536: Failed appendEntries as snapshot (61) installation is in progress
2022-10-18 03:54:13,086 [omNode-2-server-thread1] INFO  server.RaftServer$Division (RaftServerImpl.java:checkInconsistentAppendEntries(1394)) - omNode-2@group-523986131536: inconsistency entries. Reply:omNode-1<-omNode-2#759:FAIL-t7,INCONSISTENCY,nextIndex=59,followerCommit=58
2022-10-18 03:54:13,086 [grpc-default-executor-2] INFO  impl.SnapshotInstallationHandler (SnapshotInstallationHandler.java:installSnapshot(84)) - omNode-2@group-523986131536: receive installSnapshot: omNode-1->omNode-2#0-t7,notify:(t:7, i:61)
2022-10-18 03:54:13,087 [grpc-default-executor-2] INFO  impl.SnapshotInstallationHandler (SnapshotInstallationHandler.java:installSnapshot(95)) - omNode-2@group-523986131536: reply installSnapshot: omNode-1<-omNode-2#0:FAIL-t7,IN_PROGRESS
2022-10-18 03:54:13,087 [grpc-default-executor-3] INFO  leader.FollowerInfo (FollowerInfoImpl.java:lambda$new$0(48)) - omNode-1@group-523986131536->omNode-2: nextIndex: updateUnconditionally 59 -> 59
2022-10-18 03:54:13,087 [grpc-default-executor-2] INFO  server.GrpcServerProtocolService (GrpcServerProtocolService.java:onCompleted(140)) - omNode-2: Completed INSTALL_SNAPSHOT, lastRequest: omNode-1->omNode-2#0-t7,notify:(t:7, i:61)
2022-10-18 03:54:13,087 [grpc-default-executor-2] INFO  server.GrpcLogAppender (GrpcLogAppender.java:onNext(403)) - omNode-1@group-523986131536->omNode-2-InstallSnapshotResponseHandler: received a reply omNode-1<-omNode-2#0:FAIL-t7,IN_PROGRESS
2022-10-18 03:54:13,087 [grpc-default-executor-2] INFO  server.GrpcLogAppender (GrpcLogAppender.java:onNext(421)) - omNode-1@group-523986131536->omNode-2-InstallSnapshotResponseHandler: InstallSnapshot in progress.
2022-10-18 03:54:13,087 [omNode-1@group-523986131536->omNode-2-GrpcLogAppender-LogAppenderDaemon] INFO  server.GrpcLogAppender (GrpcLogAppender.java:installSnapshot(541)) - omNode-1@group-523986131536->omNode-2-GrpcLogAppender: followerNextIndex = 59 but logStartIndex = 61, notify follower to install snapshot-(t:7, i:61)
2022-10-18 03:54:13,088 [omNode-1@group-523986131536->omNode-2-GrpcLogAppender-LogAppenderDaemon] INFO  server.GrpcLogAppender (GrpcLogAppender.java:installSnapshot(549)) - omNode-1@group-523986131536->omNode-2-GrpcLogAppender: send omNode-1->omNode-2#0-t7,notify:(t:7, i:61)
2022-10-18 03:54:13,088 [omNode-2-server-thread1] INFO  server.RaftServer$Division (RaftServerImpl.java:checkInconsistentAppendEntries(1402)) - omNode-2@group-523986131536: Failed appendEntries as snapshot (61) installation is in progress
2022-10-18 03:54:13,088 [omNode-2-server-thread1] INFO  server.RaftServer$Division (RaftServerImpl.java:checkInconsistentAppendEntries(1394)) - omNode-2@group-523986131536: inconsistency entries. Reply:omNode-1<-omNode-2#760:FAIL-t7,INCONSISTENCY,nextIndex=59,followerCommit=58
2022-10-18 03:54:13,094 [grpc-default-executor-2] INFO  leader.FollowerInfo (FollowerInfoImpl.java:lambda$new$0(48)) - omNode-1@group-523986131536->omNode-2: nextIndex: updateUnconditionally 59 -> 59
2022-10-18 03:54:13,094 [grpc-default-executor-3] INFO  impl.SnapshotInstallationHandler (SnapshotInstallationHandler.java:installSnapshot(84)) - omNode-2@group-523986131536: receive installSnapshot: omNode-1->omNode-2#0-t7,notify:(t:7, i:61)
2022-10-18 03:54:13,095 [grpc-default-executor-3] INFO  impl.SnapshotInstallationHandler (SnapshotInstallationHandler.java:installSnapshot(95)) - omNode-2@group-523986131536: reply installSnapshot: omNode-1<-omNode-2#0:FAIL-t7,IN_PROGRESS
2022-10-18 03:54:13,095 [grpc-default-executor-3] INFO  server.GrpcServerProtocolService (GrpcServerProtocolService.java:onCompleted(140)) - omNode-2: Completed INSTALL_SNAPSHOT, lastRequest: omNode-1->omNode-2#0-t7,notify:(t:7, i:61)
2022-10-18 03:54:13,095 [grpc-default-executor-2] INFO  server.GrpcLogAppender (GrpcLogAppender.java:onNext(403)) - omNode-1@group-523986131536->omNode-2-InstallSnapshotResponseHandler: received a reply omNode-1<-omNode-2#0:FAIL-t7,IN_PROGRESS
2022-10-18 03:54:13,095 [grpc-default-executor-2] INFO  server.GrpcLogAppender (GrpcLogAppender.java:onNext(421)) - omNode-1@group-523986131536->omNode-2-InstallSnapshotResponseHandler: InstallSnapshot in progress.
2022-10-18 03:54:13,095 [omNode-1@group-523986131536->omNode-2-GrpcLogAppender-LogAppenderDaemon] INFO  server.GrpcLogAppender (GrpcLogAppender.java:installSnapshot(541)) - omNode-1@group-523986131536->omNode-2-GrpcLogAppender: followerNextIndex = 59 but logStartIndex = 61, notify follower to install snapshot-(t:7, i:61)
2022-10-18 03:54:13,096 [omNode-1@group-523986131536->omNode-2-GrpcLogAppender-LogAppenderDaemon] INFO  server.GrpcLogAppender (GrpcLogAppender.java:installSnapshot(549)) - omNode-1@group-523986131536->omNode-2-GrpcLogAppender: send omNode-1->omNode-2#0-t7,notify:(t:7, i:61)
2022-10-18 03:54:13,096 [omNode-2-server-thread1] INFO  server.RaftServer$Division (RaftServerImpl.java:checkInconsistentAppendEntries(1402)) - omNode-2@group-523986131536: Failed appendEntries as snapshot (61) installation is in progress
2022-10-18 03:54:13,096 [omNode-2-server-thread1] INFO  server.RaftServer$Division (RaftServerImpl.java:checkInconsistentAppendEntries(1394)) - omNode-2@group-523986131536: inconsistency entries. Reply:omNode-1<-omNode-2#761:FAIL-t7,INCONSISTENCY,nextIndex=59,followerCommit=58
2022-10-18 03:54:13,096 [grpc-default-executor-1] INFO  impl.SnapshotInstallationHandler (SnapshotInstallationHandler.java:installSnapshot(84)) - omNode-2@group-523986131536: receive installSnapshot: omNode-1->omNode-2#0-t7,notify:(t:7, i:61)
2022-10-18 03:54:13,096 [grpc-default-executor-1] INFO  impl.SnapshotInstallationHandler (SnapshotInstallationHandler.java:installSnapshot(95)) - omNode-2@group-523986131536: reply installSnapshot: omNode-1<-omNode-2#0:FAIL-t7,IN_PROGRESS
2022-10-18 03:54:13,097 [grpc-default-executor-1] INFO  server.GrpcServerProtocolService (GrpcServerProtocolService.java:onCompleted(140)) - omNode-2: Completed INSTALL_SNAPSHOT, lastRequest: omNode-1->omNode-2#0-t7,notify:(t:7, i:61)
2022-10-18 03:54:13,097 [grpc-default-executor-2] INFO  leader.FollowerInfo (FollowerInfoImpl.java:lambda$new$0(48)) - omNode-1@group-523986131536->omNode-2: nextIndex: updateUnconditionally 59 -> 59
2022-10-18 03:54:13,097 [grpc-default-executor-1] INFO  server.GrpcLogAppender (GrpcLogAppender.java:onNext(403)) - omNode-1@group-523986131536->omNode-2-InstallSnapshotResponseHandler: received a reply omNode-1<-omNode-2#0:FAIL-t7,IN_PROGRESS
2022-10-18 03:54:13,097 [grpc-default-executor-1] INFO  server.GrpcLogAppender (GrpcLogAppender.java:onNext(421)) - omNode-1@group-523986131536->omNode-2-InstallSnapshotResponseHandler: InstallSnapshot in progress.
2022-10-18 03:54:13,097 [omNode-1@group-523986131536->omNode-2-GrpcLogAppender-LogAppenderDaemon] INFO  server.GrpcLogAppender (GrpcLogAppender.java:installSnapshot(541)) - omNode-1@group-523986131536->omNode-2-GrpcLogAppender: followerNextIndex = 59 but logStartIndex = 61, notify follower to install snapshot-(t:7, i:61)
2022-10-18 03:54:13,097 [omNode-1@group-523986131536->omNode-2-GrpcLogAppender-LogAppenderDaemon] INFO  server.GrpcLogAppender (GrpcLogAppender.java:installSnapshot(549)) - omNode-1@group-523986131536->omNode-2-GrpcLogAppender: send omNode-1->omNode-2#0-t7,notify:(t:7, i:61)
2022-10-18 03:54:13,098 [omNode-2-server-thread1] INFO  server.RaftServer$Division (RaftServerImpl.java:checkInconsistentAppendEntries(1402)) - omNode-2@group-523986131536: Failed appendEntries as snapshot (61) installation is in progress
2022-10-18 03:54:13,098 [omNode-2-server-thread1] INFO  server.RaftServer$Division (RaftServerImpl.java:checkInconsistentAppendEntries(1394)) - omNode-2@group-523986131536: inconsistency entries. Reply:omNode-1<-omNode-2#762:FAIL-t7,INCONSISTENCY,nextIndex=59,followerCommit=58
2022-10-18 03:54:13,098 [grpc-default-executor-1] INFO  impl.SnapshotInstallationHandler (SnapshotInstallationHandler.java:installSnapshot(84)) - omNode-2@group-523986131536: receive installSnapshot: omNode-1->omNode-2#0-t7,notify:(t:7, i:61)
2022-10-18 03:54:13,098 [grpc-default-executor-3] INFO  leader.FollowerInfo (FollowerInfoImpl.java:lambda$new$0(48)) - omNode-1@group-523986131536->omNode-2: nextIndex: updateUnconditionally 59 -> 59
2022-10-18 03:54:13,098 [grpc-default-executor-1] INFO  impl.SnapshotInstallationHandler (SnapshotInstallationHandler.java:installSnapshot(95)) - omNode-2@group-523986131536: reply installSnapshot: omNode-1<-omNode-2#0:FAIL-t7,IN_PROGRESS
2022-10-18 03:54:13,098 [grpc-default-executor-1] INFO  server.GrpcServerProtocolService (GrpcServerProtocolService.java:onCompleted(140)) - omNode-2: Completed INSTALL_SNAPSHOT, lastRequest: omNode-1->omNode-2#0-t7,notify:(t:7, i:61)
2022-10-18 03:54:13,099 [grpc-default-executor-1] INFO  server.GrpcLogAppender (GrpcLogAppender.java:onNext(403)) - omNode-1@group-523986131536->omNode-2-InstallSnapshotResponseHandler: received a reply omNode-1<-omNode-2#0:FAIL-t7,IN_PROGRESS
2022-10-18 03:54:13,099 [grpc-default-executor-1] INFO  server.GrpcLogAppender (GrpcLogAppender.java:onNext(421)) - omNode-1@group-523986131536->omNode-2-InstallSnapshotResponseHandler: InstallSnapshot in progress.
2022-10-18 03:54:13,099 [omNode-1@group-523986131536->omNode-2-GrpcLogAppender-LogAppenderDaemon] INFO  server.GrpcLogAppender (GrpcLogAppender.java:installSnapshot(541)) - omNode-1@group-523986131536->omNode-2-GrpcLogAppender: followerNextIndex = 59 but logStartIndex = 61, notify follower to install snapshot-(t:7, i:61)
2022-10-18 03:54:13,099 [omNode-1@group-523986131536->omNode-2-GrpcLogAppender-LogAppenderDaemon] INFO  server.GrpcLogAppender (GrpcLogAppender.java:installSnapshot(549)) - omNode-1@group-523986131536->omNode-2-GrpcLogAppender: send omNode-1->omNode-2#0-t7,notify:(t:7, i:61)
2022-10-18 03:54:13,100 [omNode-2-server-thread1] INFO  server.RaftServer$Division (RaftServerImpl.java:checkInconsistentAppendEntries(1402)) - omNode-2@group-523986131536: Failed appendEntries as snapshot (61) installation is in progress
2022-10-18 03:54:13,100 [omNode-2-server-thread1] INFO  server.RaftServer$Division (RaftServerImpl.java:checkInconsistentAppendEntries(1394)) - omNode-2@group-523986131536: inconsistency entries. Reply:omNode-1<-omNode-2#763:FAIL-t7,INCONSISTENCY,nextIndex=59,followerCommit=58
2022-10-18 03:54:13,100 [grpc-default-executor-1] INFO  impl.SnapshotInstallationHandler (SnapshotInstallationHandler.java:installSnapshot(84)) - omNode-2@group-523986131536: receive installSnapshot: omNode-1->omNode-2#0-t7,notify:(t:7, i:61)
2022-10-18 03:54:13,100 [grpc-default-executor-1] INFO  impl.SnapshotInstallationHandler (SnapshotInstallationHandler.java:installSnapshot(95)) - omNode-2@group-523986131536: reply installSnapshot: omNode-1<-omNode-2#0:FAIL-t7,IN_PROGRESS
2022-10-18 03:54:13,100 [grpc-default-executor-1] INFO  server.GrpcServerProtocolService (GrpcServerProtocolService.java:onCompleted(140)) - omNode-2: Completed INSTALL_SNAPSHOT, lastRequest: omNode-1->omNode-2#0-t7,notify:(t:7, i:61)
2022-10-18 03:54:13,100 [grpc-default-executor-3] INFO  leader.FollowerInfo (FollowerInfoImpl.java:lambda$new$0(48)) - omNode-1@group-523986131536->omNode-2: nextIndex: updateUnconditionally 59 -> 59
2022-10-18 03:54:13,100 [grpc-default-executor-1] INFO  server.GrpcLogAppender (GrpcLogAppender.java:onNext(403)) - omNode-1@group-523986131536->omNode-2-InstallSnapshotResponseHandler: received a reply omNode-1<-omNode-2#0:FAIL-t7,IN_PROGRESS
2022-10-18 03:54:13,101 [grpc-default-executor-1] INFO  server.GrpcLogAppender (GrpcLogAppender.java:onNext(421)) - omNode-1@group-523986131536->omNode-2-InstallSnapshotResponseHandler: InstallSnapshot in progress.
2022-10-18 03:54:13,101 [omNode-1@group-523986131536->omNode-2-GrpcLogAppender-LogAppenderDaemon] INFO  server.GrpcLogAppender (GrpcLogAppender.java:installSnapshot(541)) - omNode-1@group-523986131536->omNode-2-GrpcLogAppender: followerNextIndex = 59 but logStartIndex = 61, notify follower to install snapshot-(t:7, i:61)
2022-10-18 03:54:13,101 [omNode-1@group-523986131536->omNode-2-GrpcLogAppender-LogAppenderDaemon] INFO  server.GrpcLogAppender (GrpcLogAppender.java:installSnapshot(549)) - omNode-1@group-523986131536->omNode-2-GrpcLogAppender: send omNode-1->omNode-2#0-t7,notify:(t:7, i:61)
2022-10-18 03:54:13,101 [omNode-2-server-thread1] INFO  server.RaftServer$Division (RaftServerImpl.java:checkInconsistentAppendEntries(1402)) - omNode-2@group-523986131536: Failed appendEntries as snapshot (61) installation is in progress
2022-10-18 03:54:13,101 [omNode-2-server-thread1] INFO  server.RaftServer$Division (RaftServerImpl.java:checkInconsistentAppendEntries(1394)) - omNode-2@group-523986131536: inconsistency entries. Reply:omNode-1<-omNode-2#764:FAIL-t7,INCONSISTENCY,nextIndex=59,followerCommit=58
2022-10-18 03:54:13,102 [grpc-default-executor-1] INFO  impl.SnapshotInstallationHandler (SnapshotInstallationHandler.java:installSnapshot(84)) - omNode-2@group-523986131536: receive installSnapshot: omNode-1->omNode-2#0-t7,notify:(t:7, i:61)
2022-10-18 03:54:13,102 [grpc-default-executor-3] INFO  leader.FollowerInfo (FollowerInfoImpl.java:lambda$new$0(48)) - omNode-1@group-523986131536->omNode-2: nextIndex: updateUnconditionally 59 -> 59
2022-10-18 03:54:13,102 [grpc-default-executor-1] INFO  impl.SnapshotInstallationHandler (SnapshotInstallationHandler.java:installSnapshot(95)) - omNode-2@group-523986131536: reply installSnapshot: omNode-1<-omNode-2#0:FAIL-t7,IN_PROGRESS
2022-10-18 03:54:13,102 [grpc-default-executor-1] INFO  server.GrpcServerProtocolService (GrpcServerProtocolService.java:onCompleted(140)) - omNode-2: Completed INSTALL_SNAPSHOT, lastRequest: omNode-1->omNode-2#0-t7,notify:(t:7, i:61)
2022-10-18 03:54:13,106 [grpc-default-executor-1] INFO  server.GrpcLogAppender (GrpcLogAppender.java:onNext(403)) - omNode-1@group-523986131536->omNode-2-InstallSnapshotResponseHandler: received a reply omNode-1<-omNode-2#0:FAIL-t7,IN_PROGRESS
2022-10-18 03:54:13,106 [grpc-default-executor-1] INFO  server.GrpcLogAppender (GrpcLogAppender.java:onNext(421)) - omNode-1@group-523986131536->omNode-2-InstallSnapshotResponseHandler: InstallSnapshot in progress.
2022-10-18 03:54:13,106 [omNode-1@group-523986131536->omNode-2-GrpcLogAppender-LogAppenderDaemon] INFO  server.GrpcLogAppender (GrpcLogAppender.java:installSnapshot(541)) - omNode-1@group-523986131536->omNode-2-GrpcLogAppender: followerNextIndex = 59 but logStartIndex = 61, notify follower to install snapshot-(t:7, i:61)
2022-10-18 03:54:13,106 [omNode-1@group-523986131536->omNode-2-GrpcLogAppender-LogAppenderDaemon] INFO  server.GrpcLogAppender (GrpcLogAppender.java:installSnapshot(549)) - omNode-1@group-523986131536->omNode-2-GrpcLogAppender: send omNode-1->omNode-2#0-t7,notify:(t:7, i:61)
2022-10-18 03:54:13,108 [omNode-2-server-thread1] INFO  server.RaftServer$Division (RaftServerImpl.java:checkInconsistentAppendEntries(1402)) - omNode-2@group-523986131536: Failed appendEntries as snapshot (61) installation is in progress
2022-10-18 03:54:13,108 [omNode-2-server-thread1] INFO  server.RaftServer$Division (RaftServerImpl.java:checkInconsistentAppendEntries(1394)) - omNode-2@group-523986131536: inconsistency entries. Reply:omNode-1<-omNode-2#765:FAIL-t7,INCONSISTENCY,nextIndex=59,followerCommit=58
2022-10-18 03:54:13,108 [grpc-default-executor-1] INFO  impl.SnapshotInstallationHandler (SnapshotInstallationHandler.java:installSnapshot(84)) - omNode-2@group-523986131536: receive installSnapshot: omNode-1->omNode-2#0-t7,notify:(t:7, i:61)
2022-10-18 03:54:13,108 [grpc-default-executor-1] INFO  impl.SnapshotInstallationHandler (SnapshotInstallationHandler.java:installSnapshot(95)) - omNode-2@group-523986131536: reply installSnapshot: omNode-1<-omNode-2#0:FAIL-t7,IN_PROGRESS
2022-10-18 03:54:13,109 [grpc-default-executor-1] INFO  server.GrpcServerProtocolService (GrpcServerProtocolService.java:onCompleted(140)) - omNode-2: Completed INSTALL_SNAPSHOT, lastRequest: omNode-1->omNode-2#0-t7,notify:(t:7, i:61)
2022-10-18 03:54:13,108 [grpc-default-executor-3] INFO  leader.FollowerInfo (FollowerInfoImpl.java:lambda$new$0(48)) - omNode-1@group-523986131536->omNode-2: nextIndex: updateUnconditionally 59 -> 59
2022-10-18 03:54:13,114 [grpc-default-executor-1] INFO  server.GrpcLogAppender (GrpcLogAppender.java:onNext(403)) - omNode-1@group-523986131536->omNode-2-InstallSnapshotResponseHandler: received a reply omNode-1<-omNode-2#0:FAIL-t7,IN_PROGRESS
2022-10-18 03:54:13,114 [grpc-default-executor-1] INFO  server.GrpcLogAppender (GrpcLogAppender.java:onNext(421)) - omNode-1@group-523986131536->omNode-2-InstallSnapshotResponseHandler: InstallSnapshot in progress.
2022-10-18 03:54:13,114 [omNode-1@group-523986131536->omNode-2-GrpcLogAppender-LogAppenderDaemon] INFO  server.GrpcLogAppender (GrpcLogAppender.java:installSnapshot(541)) - omNode-1@group-523986131536->omNode-2-GrpcLogAppender: followerNextIndex = 59 but logStartIndex = 61, notify follower to install snapshot-(t:7, i:61)
2022-10-18 03:54:13,114 [omNode-1@group-523986131536->omNode-2-GrpcLogAppender-LogAppenderDaemon] INFO  server.GrpcLogAppender (GrpcLogAppender.java:installSnapshot(549)) - omNode-1@group-523986131536->omNode-2-GrpcLogAppender: send omNode-1->omNode-2#0-t7,notify:(t:7, i:61)
2022-10-18 03:54:13,115 [omNode-2-server-thread1] INFO  server.RaftServer$Division (RaftServerImpl.java:checkInconsistentAppendEntries(1402)) - omNode-2@group-523986131536: Failed appendEntries as snapshot (61) installation is in progress
2022-10-18 03:54:13,115 [omNode-2-server-thread1] INFO  server.RaftServer$Division (RaftServerImpl.java:checkInconsistentAppendEntries(1394)) - omNode-2@group-523986131536: inconsistency entries. Reply:omNode-1<-omNode-2#766:FAIL-t7,INCONSISTENCY,nextIndex=59,followerCommit=58
2022-10-18 03:54:13,115 [grpc-default-executor-3] INFO  impl.SnapshotInstallationHandler (SnapshotInstallationHandler.java:installSnapshot(84)) - omNode-2@group-523986131536: receive installSnapshot: omNode-1->omNode-2#0-t7,notify:(t:7, i:61)
2022-10-18 03:54:13,115 [grpc-default-executor-1] INFO  leader.FollowerInfo (FollowerInfoImpl.java:lambda$new$0(48)) - omNode-1@group-523986131536->omNode-2: nextIndex: updateUnconditionally 59 -> 59
2022-10-18 03:54:13,116 [grpc-default-executor-3] INFO  impl.SnapshotInstallationHandler (SnapshotInstallationHandler.java:installSnapshot(95)) - omNode-2@group-523986131536: reply installSnapshot: omNode-1<-omNode-2#0:FAIL-t7,IN_PROGRESS
2022-10-18 03:54:13,116 [grpc-default-executor-3] INFO  server.GrpcServerProtocolService (GrpcServerProtocolService.java:onCompleted(140)) - omNode-2: Completed INSTALL_SNAPSHOT, lastRequest: omNode-1->omNode-2#0-t7,notify:(t:7, i:61)
2022-10-18 03:54:13,116 [grpc-default-executor-1] INFO  server.GrpcLogAppender (GrpcLogAppender.java:onNext(403)) - omNode-1@group-523986131536->omNode-2-InstallSnapshotResponseHandler: received a reply omNode-1<-omNode-2#0:FAIL-t7,IN_PROGRESS
2022-10-18 03:54:13,116 [grpc-default-executor-1] INFO  server.GrpcLogAppender (GrpcLogAppender.java:onNext(421)) - omNode-1@group-523986131536->omNode-2-InstallSnapshotResponseHandler: InstallSnapshot in progress.
2022-10-18 03:54:13,116 [omNode-1@group-523986131536->omNode-2-GrpcLogAppender-LogAppenderDaemon] INFO  server.GrpcLogAppender (GrpcLogAppender.java:installSnapshot(541)) - omNode-1@group-523986131536->omNode-2-GrpcLogAppender: followerNextIndex = 59 but logStartIndex = 61, notify follower to install snapshot-(t:7, i:61)
2022-10-18 03:54:13,116 [omNode-1@group-523986131536->omNode-2-GrpcLogAppender-LogAppenderDaemon] INFO  server.GrpcLogAppender (GrpcLogAppender.java:installSnapshot(549)) - omNode-1@group-523986131536->omNode-2-GrpcLogAppender: send omNode-1->omNode-2#0-t7,notify:(t:7, i:61)
2022-10-18 03:54:13,117 [omNode-2-server-thread1] INFO  server.RaftServer$Division (RaftServerImpl.java:checkInconsistentAppendEntries(1402)) - omNode-2@group-523986131536: Failed appendEntries as snapshot (61) installation is in progress
2022-10-18 03:54:13,117 [omNode-2-server-thread1] INFO  server.RaftServer$Division (RaftServerImpl.java:checkInconsistentAppendEntries(1394)) - omNode-2@group-523986131536: inconsistency entries. Reply:omNode-1<-omNode-2#767:FAIL-t7,INCONSISTENCY,nextIndex=59,followerCommit=58
2022-10-18 03:54:13,117 [grpc-default-executor-3] INFO  impl.SnapshotInstallationHandler (SnapshotInstallationHandler.java:installSnapshot(84)) - omNode-2@group-523986131536: receive installSnapshot: omNode-1->omNode-2#0-t7,notify:(t:7, i:61)
2022-10-18 03:54:13,117 [grpc-default-executor-3] INFO  impl.SnapshotInstallationHandler (SnapshotInstallationHandler.java:installSnapshot(95)) - omNode-2@group-523986131536: reply installSnapshot: omNode-1<-omNode-2#0:FAIL-t7,IN_PROGRESS
2022-10-18 03:54:13,118 [grpc-default-executor-3] INFO  server.GrpcServerProtocolService (GrpcServerProtocolService.java:onCompleted(140)) - omNode-2: Completed INSTALL_SNAPSHOT, lastRequest: omNode-1->omNode-2#0-t7,notify:(t:7, i:61)
2022-10-18 03:54:13,118 [grpc-default-executor-1] INFO  leader.FollowerInfo (FollowerInfoImpl.java:lambda$new$0(48)) - omNode-1@group-523986131536->omNode-2: nextIndex: updateUnconditionally 59 -> 59
2022-10-18 03:54:13,118 [grpc-default-executor-2] INFO  server.GrpcLogAppender (GrpcLogAppender.java:onNext(403)) - omNode-1@group-523986131536->omNode-2-InstallSnapshotResponseHandler: received a reply omNode-1<-omNode-2#0:FAIL-t7,IN_PROGRESS
2022-10-18 03:54:13,118 [grpc-default-executor-2] INFO  server.GrpcLogAppender (GrpcLogAppender.java:onNext(421)) - omNode-1@group-523986131536->omNode-2-InstallSnapshotResponseHandler: InstallSnapshot in progress.
2022-10-18 03:54:13,118 [omNode-1@group-523986131536->omNode-2-GrpcLogAppender-LogAppenderDaemon] INFO  server.GrpcLogAppender (GrpcLogAppender.java:installSnapshot(541)) - omNode-1@group-523986131536->omNode-2-GrpcLogAppender: followerNextIndex = 59 but logStartIndex = 61, notify follower to install snapshot-(t:7, i:61)
2022-10-18 03:54:13,119 [omNode-1@group-523986131536->omNode-2-GrpcLogAppender-LogAppenderDaemon] INFO  server.GrpcLogAppender (GrpcLogAppender.java:installSnapshot(549)) - omNode-1@group-523986131536->omNode-2-GrpcLogAppender: send omNode-1->omNode-2#0-t7,notify:(t:7, i:61)
2022-10-18 03:54:13,119 [omNode-2-server-thread1] INFO  server.RaftServer$Division (RaftServerImpl.java:checkInconsistentAppendEntries(1402)) - omNode-2@group-523986131536: Failed appendEntries as snapshot (61) installation is in progress
2022-10-18 03:54:13,119 [omNode-2-server-thread1] INFO  server.RaftServer$Division (RaftServerImpl.java:checkInconsistentAppendEntries(1394)) - omNode-2@group-523986131536: inconsistency entries. Reply:omNode-1<-omNode-2#768:FAIL-t7,INCONSISTENCY,nextIndex=59,followerCommit=58
2022-10-18 03:54:13,119 [grpc-default-executor-2] INFO  impl.SnapshotInstallationHandler (SnapshotInstallationHandler.java:installSnapshot(84)) - omNode-2@group-523986131536: receive installSnapshot: omNode-1->omNode-2#0-t7,notify:(t:7, i:61)
2022-10-18 03:54:13,120 [grpc-default-executor-2] INFO  impl.SnapshotInstallationHandler (SnapshotInstallationHandler.java:installSnapshot(95)) - omNode-2@group-523986131536: reply installSnapshot: omNode-1<-omNode-2#0:FAIL-t7,IN_PROGRESS
2022-10-18 03:54:13,120 [grpc-default-executor-2] INFO  server.GrpcServerProtocolService (GrpcServerProtocolService.java:onCompleted(140)) - omNode-2: Completed INSTALL_SNAPSHOT, lastRequest: omNode-1->omNode-2#0-t7,notify:(t:7, i:61)
2022-10-18 03:54:13,119 [grpc-default-executor-3] INFO  leader.FollowerInfo (FollowerInfoImpl.java:lambda$new$0(48)) - omNode-1@group-523986131536->omNode-2: nextIndex: updateUnconditionally 59 -> 59
2022-10-18 03:54:13,120 [grpc-default-executor-2] INFO  server.GrpcLogAppender (GrpcLogAppender.java:onNext(403)) - omNode-1@group-523986131536->omNode-2-InstallSnapshotResponseHandler: received a reply omNode-1<-omNode-2#0:FAIL-t7,IN_PROGRESS
2022-10-18 03:54:13,120 [grpc-default-executor-2] INFO  server.GrpcLogAppender (GrpcLogAppender.java:onNext(421)) - omNode-1@group-523986131536->omNode-2-InstallSnapshotResponseHandler: InstallSnapshot in progress.
2022-10-18 03:54:13,120 [omNode-1@group-523986131536->omNode-2-GrpcLogAppender-LogAppenderDaemon] INFO  server.GrpcLogAppender (GrpcLogAppender.java:installSnapshot(541)) - omNode-1@group-523986131536->omNode-2-GrpcLogAppender: followerNextIndex = 59 but logStartIndex = 61, notify follower to install snapshot-(t:7, i:61)
2022-10-18 03:54:13,120 [omNode-1@group-523986131536->omNode-2-GrpcLogAppender-LogAppenderDaemon] INFO  server.GrpcLogAppender (GrpcLogAppender.java:installSnapshot(549)) - omNode-1@group-523986131536->omNode-2-GrpcLogAppender: send omNode-1->omNode-2#0-t7,notify:(t:7, i:61)
2022-10-18 03:54:13,126 [omNode-2-server-thread1] INFO  server.RaftServer$Division (RaftServerImpl.java:checkInconsistentAppendEntries(1402)) - omNode-2@group-523986131536: Failed appendEntries as snapshot (61) installation is in progress
2022-10-18 03:54:13,126 [omNode-2-server-thread1] INFO  server.RaftServer$Division (RaftServerImpl.java:checkInconsistentAppendEntries(1394)) - omNode-2@group-523986131536: inconsistency entries. Reply:omNode-1<-omNode-2#769:FAIL-t7,INCONSISTENCY,nextIndex=59,followerCommit=58
2022-10-18 03:54:13,126 [grpc-default-executor-2] INFO  impl.SnapshotInstallationHandler (SnapshotInstallationHandler.java:installSnapshot(84)) - omNode-2@group-523986131536: receive installSnapshot: omNode-1->omNode-2#0-t7,notify:(t:7, i:61)
2022-10-18 03:54:13,126 [grpc-default-executor-3] INFO  leader.FollowerInfo (FollowerInfoImpl.java:lambda$new$0(48)) - omNode-1@group-523986131536->omNode-2: nextIndex: updateUnconditionally 59 -> 59
2022-10-18 03:54:13,126 [grpc-default-executor-2] INFO  impl.SnapshotInstallationHandler (SnapshotInstallationHandler.java:installSnapshot(95)) - omNode-2@group-523986131536: reply installSnapshot: omNode-1<-omNode-2#0:FAIL-t7,IN_PROGRESS
2022-10-18 03:54:13,127 [grpc-default-executor-2] INFO  server.GrpcServerProtocolService (GrpcServerProtocolService.java:onCompleted(140)) - omNode-2: Completed INSTALL_SNAPSHOT, lastRequest: omNode-1->omNode-2#0-t7,notify:(t:7, i:61)
2022-10-18 03:54:13,127 [grpc-default-executor-2] INFO  server.GrpcLogAppender (GrpcLogAppender.java:onNext(403)) - omNode-1@group-523986131536->omNode-2-InstallSnapshotResponseHandler: received a reply omNode-1<-omNode-2#0:FAIL-t7,IN_PROGRESS
2022-10-18 03:54:13,127 [grpc-default-executor-2] INFO  server.GrpcLogAppender (GrpcLogAppender.java:onNext(421)) - omNode-1@group-523986131536->omNode-2-InstallSnapshotResponseHandler: InstallSnapshot in progress.
2022-10-18 03:54:13,127 [omNode-1@group-523986131536->omNode-2-GrpcLogAppender-LogAppenderDaemon] INFO  server.GrpcLogAppender (GrpcLogAppender.java:installSnapshot(541)) - omNode-1@group-523986131536->omNode-2-GrpcLogAppender: followerNextIndex = 59 but logStartIndex = 61, notify follower to install snapshot-(t:7, i:61)
2022-10-18 03:54:13,127 [omNode-1@group-523986131536->omNode-2-GrpcLogAppender-LogAppenderDaemon] INFO  server.GrpcLogAppender (GrpcLogAppender.java:installSnapshot(549)) - omNode-1@group-523986131536->omNode-2-GrpcLogAppender: send omNode-1->omNode-2#0-t7,notify:(t:7, i:61)
2022-10-18 03:54:13,128 [omNode-2-server-thread1] INFO  server.RaftServer$Division (RaftServerImpl.java:checkInconsistentAppendEntries(1402)) - omNode-2@group-523986131536: Failed appendEntries as snapshot (61) installation is in progress
2022-10-18 03:54:13,128 [omNode-2-server-thread1] INFO  server.RaftServer$Division (RaftServerImpl.java:checkInconsistentAppendEntries(1394)) - omNode-2@group-523986131536: inconsistency entries. Reply:omNode-1<-omNode-2#770:FAIL-t7,INCONSISTENCY,nextIndex=59,followerCommit=58
2022-10-18 03:54:13,128 [grpc-default-executor-2] INFO  impl.SnapshotInstallationHandler (SnapshotInstallationHandler.java:installSnapshot(84)) - omNode-2@group-523986131536: receive installSnapshot: omNode-1->omNode-2#0-t7,notify:(t:7, i:61)
2022-10-18 03:54:13,128 [grpc-default-executor-3] INFO  leader.FollowerInfo (FollowerInfoImpl.java:lambda$new$0(48)) - omNode-1@group-523986131536->omNode-2: nextIndex: updateUnconditionally 59 -> 59
2022-10-18 03:54:13,128 [grpc-default-executor-2] INFO  impl.SnapshotInstallationHandler (SnapshotInstallationHandler.java:installSnapshot(95)) - omNode-2@group-523986131536: reply installSnapshot: omNode-1<-omNode-2#0:FAIL-t7,IN_PROGRESS
2022-10-18 03:54:13,129 [grpc-default-executor-2] INFO  server.GrpcServerProtocolService (GrpcServerProtocolService.java:onCompleted(140)) - omNode-2: Completed INSTALL_SNAPSHOT, lastRequest: omNode-1->omNode-2#0-t7,notify:(t:7, i:61)
2022-10-18 03:54:13,134 [grpc-default-executor-2] INFO  server.GrpcLogAppender (GrpcLogAppender.java:onNext(403)) - omNode-1@group-523986131536->omNode-2-InstallSnapshotResponseHandler: received a reply omNode-1<-omNode-2#0:FAIL-t7,IN_PROGRESS
2022-10-18 03:54:13,134 [grpc-default-executor-2] INFO  server.GrpcLogAppender (GrpcLogAppender.java:onNext(421)) - omNode-1@group-523986131536->omNode-2-InstallSnapshotResponseHandler: InstallSnapshot in progress.
2022-10-18 03:54:13,134 [omNode-1@group-523986131536->omNode-2-GrpcLogAppender-LogAppenderDaemon] INFO  server.GrpcLogAppender (GrpcLogAppender.java:installSnapshot(541)) - omNode-1@group-523986131536->omNode-2-GrpcLogAppender: followerNextIndex = 59 but logStartIndex = 61, notify follower to install snapshot-(t:7, i:61)
2022-10-18 03:54:13,134 [omNode-1@group-523986131536->omNode-2-GrpcLogAppender-LogAppenderDaemon] INFO  server.GrpcLogAppender (GrpcLogAppender.java:installSnapshot(549)) - omNode-1@group-523986131536->omNode-2-GrpcLogAppender: send omNode-1->omNode-2#0-t7,notify:(t:7, i:61)
2022-10-18 03:54:13,135 [omNode-2-server-thread1] INFO  server.RaftServer$Division (RaftServerImpl.java:checkInconsistentAppendEntries(1402)) - omNode-2@group-523986131536: Failed appendEntries as snapshot (61) installation is in progress
2022-10-18 03:54:13,135 [omNode-2-server-thread1] INFO  server.RaftServer$Division (RaftServerImpl.java:checkInconsistentAppendEntries(1394)) - omNode-2@group-523986131536: inconsistency entries. Reply:omNode-1<-omNode-2#771:FAIL-t7,INCONSISTENCY,nextIndex=59,followerCommit=58
2022-10-18 03:54:13,138 [grpc-default-executor-1] INFO  impl.SnapshotInstallationHandler (SnapshotInstallationHandler.java:installSnapshot(84)) - omNode-2@group-523986131536: receive installSnapshot: omNode-1->omNode-2#0-t7,notify:(t:7, i:61)
2022-10-18 03:54:13,138 [grpc-default-executor-1] INFO  impl.SnapshotInstallationHandler (SnapshotInstallationHandler.java:installSnapshot(95)) - omNode-2@group-523986131536: reply installSnapshot: omNode-1<-omNode-2#0:FAIL-t7,IN_PROGRESS
2022-10-18 03:54:13,138 [grpc-default-executor-1] INFO  server.GrpcServerProtocolService (GrpcServerProtocolService.java:onCompleted(140)) - omNode-2: Completed INSTALL_SNAPSHOT, lastRequest: omNode-1->omNode-2#0-t7,notify:(t:7, i:61)
2022-10-18 03:54:13,138 [grpc-default-executor-2] INFO  leader.FollowerInfo (FollowerInfoImpl.java:lambda$new$0(48)) - omNode-1@group-523986131536->omNode-2: nextIndex: updateUnconditionally 59 -> 59
2022-10-18 03:54:13,138 [grpc-default-executor-3] INFO  server.GrpcLogAppender (GrpcLogAppender.java:onNext(403)) - omNode-1@group-523986131536->omNode-2-InstallSnapshotResponseHandler: received a reply omNode-1<-omNode-2#0:FAIL-t7,IN_PROGRESS
2022-10-18 03:54:13,138 [grpc-default-executor-3] INFO  server.GrpcLogAppender (GrpcLogAppender.java:onNext(421)) - omNode-1@group-523986131536->omNode-2-InstallSnapshotResponseHandler: InstallSnapshot in progress.
2022-10-18 03:54:13,139 [omNode-1@group-523986131536->omNode-2-GrpcLogAppender-LogAppenderDaemon] INFO  server.GrpcLogAppender (GrpcLogAppender.java:installSnapshot(541)) - omNode-1@group-523986131536->omNode-2-GrpcLogAppender: followerNextIndex = 59 but logStartIndex = 61, notify follower to install snapshot-(t:7, i:61)
2022-10-18 03:54:13,139 [omNode-1@group-523986131536->omNode-2-GrpcLogAppender-LogAppenderDaemon] INFO  server.GrpcLogAppender (GrpcLogAppender.java:installSnapshot(549)) - omNode-1@group-523986131536->omNode-2-GrpcLogAppender: send omNode-1->omNode-2#0-t7,notify:(t:7, i:61)
2022-10-18 03:54:13,139 [omNode-2-server-thread1] INFO  server.RaftServer$Division (RaftServerImpl.java:checkInconsistentAppendEntries(1402)) - omNode-2@group-523986131536: Failed appendEntries as snapshot (61) installation is in progress
2022-10-18 03:54:13,139 [omNode-2-server-thread1] INFO  server.RaftServer$Division (RaftServerImpl.java:checkInconsistentAppendEntries(1394)) - omNode-2@group-523986131536: inconsistency entries. Reply:omNode-1<-omNode-2#772:FAIL-t7,INCONSISTENCY,nextIndex=59,followerCommit=58
2022-10-18 03:54:13,140 [grpc-default-executor-1] INFO  leader.FollowerInfo (FollowerInfoImpl.java:lambda$new$0(48)) - omNode-1@group-523986131536->omNode-2: nextIndex: updateUnconditionally 59 -> 59
2022-10-18 03:54:13,140 [grpc-default-executor-3] INFO  impl.SnapshotInstallationHandler (SnapshotInstallationHandler.java:installSnapshot(84)) - omNode-2@group-523986131536: receive installSnapshot: omNode-1->omNode-2#0-t7,notify:(t:7, i:61)
2022-10-18 03:54:13,140 [grpc-default-executor-3] INFO  impl.SnapshotInstallationHandler (SnapshotInstallationHandler.java:installSnapshot(95)) - omNode-2@group-523986131536: reply installSnapshot: omNode-1<-omNode-2#0:FAIL-t7,IN_PROGRESS
2022-10-18 03:54:13,140 [grpc-default-executor-3] INFO  server.GrpcServerProtocolService (GrpcServerProtocolService.java:onCompleted(140)) - omNode-2: Completed INSTALL_SNAPSHOT, lastRequest: omNode-1->omNode-2#0-t7,notify:(t:7, i:61)
2022-10-18 03:54:13,140 [grpc-default-executor-2] INFO  server.GrpcLogAppender (GrpcLogAppender.java:onNext(403)) - omNode-1@group-523986131536->omNode-2-InstallSnapshotResponseHandler: received a reply omNode-1<-omNode-2#0:FAIL-t7,IN_PROGRESS
2022-10-18 03:54:13,141 [grpc-default-executor-2] INFO  server.GrpcLogAppender (GrpcLogAppender.java:onNext(421)) - omNode-1@group-523986131536->omNode-2-InstallSnapshotResponseHandler: InstallSnapshot in progress.
2022-10-18 03:54:13,141 [omNode-1@group-523986131536->omNode-2-GrpcLogAppender-LogAppenderDaemon] INFO  server.GrpcLogAppender (GrpcLogAppender.java:installSnapshot(541)) - omNode-1@group-523986131536->omNode-2-GrpcLogAppender: followerNextIndex = 59 but logStartIndex = 61, notify follower to install snapshot-(t:7, i:61)
2022-10-18 03:54:13,141 [omNode-1@group-523986131536->omNode-2-GrpcLogAppender-LogAppenderDaemon] INFO  server.GrpcLogAppender (GrpcLogAppender.java:installSnapshot(549)) - omNode-1@group-523986131536->omNode-2-GrpcLogAppender: send omNode-1->omNode-2#0-t7,notify:(t:7, i:61)
2022-10-18 03:54:13,141 [omNode-2-server-thread1] INFO  server.RaftServer$Division (RaftServerImpl.java:checkInconsistentAppendEntries(1402)) - omNode-2@group-523986131536: Failed appendEntries as snapshot (61) installation is in progress
2022-10-18 03:54:13,141 [omNode-2-server-thread1] INFO  server.RaftServer$Division (RaftServerImpl.java:checkInconsistentAppendEntries(1394)) - omNode-2@group-523986131536: inconsistency entries. Reply:omNode-1<-omNode-2#773:FAIL-t7,INCONSISTENCY,nextIndex=59,followerCommit=58
2022-10-18 03:54:13,141 [grpc-default-executor-2] INFO  impl.SnapshotInstallationHandler (SnapshotInstallationHandler.java:installSnapshot(84)) - omNode-2@group-523986131536: receive installSnapshot: omNode-1->omNode-2#0-t7,notify:(t:7, i:61)
2022-10-18 03:54:13,142 [grpc-default-executor-2] INFO  impl.SnapshotInstallationHandler (SnapshotInstallationHandler.java:installSnapshot(95)) - omNode-2@group-523986131536: reply installSnapshot: omNode-1<-omNode-2#0:FAIL-t7,IN_PROGRESS
2022-10-18 03:54:13,142 [grpc-default-executor-2] INFO  server.GrpcServerProtocolService (GrpcServerProtocolService.java:onCompleted(140)) - omNode-2: Completed INSTALL_SNAPSHOT, lastRequest: omNode-1->omNode-2#0-t7,notify:(t:7, i:61)
2022-10-18 03:54:13,142 [grpc-default-executor-1] INFO  leader.FollowerInfo (FollowerInfoImpl.java:lambda$new$0(48)) - omNode-1@group-523986131536->omNode-2: nextIndex: updateUnconditionally 59 -> 59
2022-10-18 03:54:13,142 [grpc-default-executor-2] INFO  server.GrpcLogAppender (GrpcLogAppender.java:onNext(403)) - omNode-1@group-523986131536->omNode-2-InstallSnapshotResponseHandler: received a reply omNode-1<-omNode-2#0:FAIL-t7,IN_PROGRESS
2022-10-18 03:54:13,142 [grpc-default-executor-2] INFO  server.GrpcLogAppender (GrpcLogAppender.java:onNext(421)) - omNode-1@group-523986131536->omNode-2-InstallSnapshotResponseHandler: InstallSnapshot in progress.
2022-10-18 03:54:13,142 [omNode-1@group-523986131536->omNode-2-GrpcLogAppender-LogAppenderDaemon] INFO  server.GrpcLogAppender (GrpcLogAppender.java:installSnapshot(541)) - omNode-1@group-523986131536->omNode-2-GrpcLogAppender: followerNextIndex = 59 but logStartIndex = 61, notify follower to install snapshot-(t:7, i:61)
2022-10-18 03:54:13,142 [omNode-1@group-523986131536->omNode-2-GrpcLogAppender-LogAppenderDaemon] INFO  server.GrpcLogAppender (GrpcLogAppender.java:installSnapshot(549)) - omNode-1@group-523986131536->omNode-2-GrpcLogAppender: send omNode-1->omNode-2#0-t7,notify:(t:7, i:61)
2022-10-18 03:54:13,143 [omNode-2-server-thread1] INFO  server.RaftServer$Division (RaftServerImpl.java:checkInconsistentAppendEntries(1402)) - omNode-2@group-523986131536: Failed appendEntries as snapshot (61) installation is in progress
2022-10-18 03:54:13,143 [omNode-2-server-thread1] INFO  server.RaftServer$Division (RaftServerImpl.java:checkInconsistentAppendEntries(1394)) - omNode-2@group-523986131536: inconsistency entries. Reply:omNode-1<-omNode-2#774:FAIL-t7,INCONSISTENCY,nextIndex=59,followerCommit=58
2022-10-18 03:54:13,143 [grpc-default-executor-1] INFO  impl.SnapshotInstallationHandler (SnapshotInstallationHandler.java:installSnapshot(84)) - omNode-2@group-523986131536: receive installSnapshot: omNode-1->omNode-2#0-t7,notify:(t:7, i:61)
2022-10-18 03:54:13,143 [grpc-default-executor-1] INFO  impl.SnapshotInstallationHandler (SnapshotInstallationHandler.java:installSnapshot(95)) - omNode-2@group-523986131536: reply installSnapshot: omNode-1<-omNode-2#0:FAIL-t7,IN_PROGRESS
2022-10-18 03:54:13,143 [grpc-default-executor-1] INFO  server.GrpcServerProtocolService (GrpcServerProtocolService.java:onCompleted(140)) - omNode-2: Completed INSTALL_SNAPSHOT, lastRequest: omNode-1->omNode-2#0-t7,notify:(t:7, i:61)
2022-10-18 03:54:13,144 [grpc-default-executor-2] INFO  leader.FollowerInfo (FollowerInfoImpl.java:lambda$new$0(48)) - omNode-1@group-523986131536->omNode-2: nextIndex: updateUnconditionally 59 -> 59
2022-10-18 03:54:13,144 [grpc-default-executor-1] INFO  server.GrpcLogAppender (GrpcLogAppender.java:onNext(403)) - omNode-1@group-523986131536->omNode-2-InstallSnapshotResponseHandler: received a reply omNode-1<-omNode-2#0:FAIL-t7,IN_PROGRESS
2022-10-18 03:54:13,144 [grpc-default-executor-1] INFO  server.GrpcLogAppender (GrpcLogAppender.java:onNext(421)) - omNode-1@group-523986131536->omNode-2-InstallSnapshotResponseHandler: InstallSnapshot in progress.
2022-10-18 03:54:13,144 [omNode-1@group-523986131536->omNode-2-GrpcLogAppender-LogAppenderDaemon] INFO  server.GrpcLogAppender (GrpcLogAppender.java:installSnapshot(541)) - omNode-1@group-523986131536->omNode-2-GrpcLogAppender: followerNextIndex = 59 but logStartIndex = 61, notify follower to install snapshot-(t:7, i:61)
2022-10-18 03:54:13,144 [omNode-1@group-523986131536->omNode-2-GrpcLogAppender-LogAppenderDaemon] INFO  server.GrpcLogAppender (GrpcLogAppender.java:installSnapshot(549)) - omNode-1@group-523986131536->omNode-2-GrpcLogAppender: send omNode-1->omNode-2#0-t7,notify:(t:7, i:61)
2022-10-18 03:54:13,144 [omNode-2-server-thread1] INFO  server.RaftServer$Division (RaftServerImpl.java:checkInconsistentAppendEntries(1402)) - omNode-2@group-523986131536: Failed appendEntries as snapshot (61) installation is in progress
2022-10-18 03:54:13,144 [omNode-2-server-thread1] INFO  server.RaftServer$Division (RaftServerImpl.java:checkInconsistentAppendEntries(1394)) - omNode-2@group-523986131536: inconsistency entries. Reply:omNode-1<-omNode-2#775:FAIL-t7,INCONSISTENCY,nextIndex=59,followerCommit=58
2022-10-18 03:54:13,145 [grpc-default-executor-3] INFO  impl.SnapshotInstallationHandler (SnapshotInstallationHandler.java:installSnapshot(84)) - omNode-2@group-523986131536: receive installSnapshot: omNode-1->omNode-2#0-t7,notify:(t:7, i:61)
2022-10-18 03:54:13,145 [grpc-default-executor-3] INFO  impl.SnapshotInstallationHandler (SnapshotInstallationHandler.java:installSnapshot(95)) - omNode-2@group-523986131536: reply installSnapshot: omNode-1<-omNode-2#0:FAIL-t7,IN_PROGRESS
2022-10-18 03:54:13,145 [grpc-default-executor-3] INFO  server.GrpcServerProtocolService (GrpcServerProtocolService.java:onCompleted(140)) - omNode-2: Completed INSTALL_SNAPSHOT, lastRequest: omNode-1->omNode-2#0-t7,notify:(t:7, i:61)
2022-10-18 03:54:13,146 [grpc-default-executor-3] INFO  leader.FollowerInfo (FollowerInfoImpl.java:lambda$new$0(48)) - omNode-1@group-523986131536->omNode-2: nextIndex: updateUnconditionally 59 -> 59
2022-10-18 03:54:13,146 [grpc-default-executor-3] INFO  server.GrpcLogAppender (GrpcLogAppender.java:onNext(403)) - omNode-1@group-523986131536->omNode-2-InstallSnapshotResponseHandler: received a reply omNode-1<-omNode-2#0:FAIL-t7,IN_PROGRESS
2022-10-18 03:54:13,146 [grpc-default-executor-3] INFO  server.GrpcLogAppender (GrpcLogAppender.java:onNext(421)) - omNode-1@group-523986131536->omNode-2-InstallSnapshotResponseHandler: InstallSnapshot in progress.
2022-10-18 03:54:13,146 [omNode-1@group-523986131536->omNode-2-GrpcLogAppender-LogAppenderDaemon] INFO  server.GrpcLogAppender (GrpcLogAppender.java:installSnapshot(541)) - omNode-1@group-523986131536->omNode-2-GrpcLogAppender: followerNextIndex = 59 but logStartIndex = 61, notify follower to install snapshot-(t:7, i:61)
2022-10-18 03:54:13,146 [omNode-1@group-523986131536->omNode-2-GrpcLogAppender-LogAppenderDaemon] INFO  server.GrpcLogAppender (GrpcLogAppender.java:installSnapshot(549)) - omNode-1@group-523986131536->omNode-2-GrpcLogAppender: send omNode-1->omNode-2#0-t7,notify:(t:7, i:61)
2022-10-18 03:54:13,147 [omNode-2-server-thread1] INFO  server.RaftServer$Division (RaftServerImpl.java:checkInconsistentAppendEntries(1402)) - omNode-2@group-523986131536: Failed appendEntries as snapshot (61) installation is in progress
2022-10-18 03:54:13,147 [omNode-2-server-thread1] INFO  server.RaftServer$Division (RaftServerImpl.java:checkInconsistentAppendEntries(1394)) - omNode-2@group-523986131536: inconsistency entries. Reply:omNode-1<-omNode-2#776:FAIL-t7,INCONSISTENCY,nextIndex=59,followerCommit=58
2022-10-18 03:54:13,147 [grpc-default-executor-3] INFO  impl.SnapshotInstallationHandler (SnapshotInstallationHandler.java:installSnapshot(84)) - omNode-2@group-523986131536: receive installSnapshot: omNode-1->omNode-2#0-t7,notify:(t:7, i:61)
2022-10-18 03:54:13,147 [grpc-default-executor-3] INFO  impl.SnapshotInstallationHandler (SnapshotInstallationHandler.java:installSnapshot(95)) - omNode-2@group-523986131536: reply installSnapshot: omNode-1<-omNode-2#0:FAIL-t7,IN_PROGRESS
2022-10-18 03:54:13,148 [grpc-default-executor-3] INFO  server.GrpcServerProtocolService (GrpcServerProtocolService.java:onCompleted(140)) - omNode-2: Completed INSTALL_SNAPSHOT, lastRequest: omNode-1->omNode-2#0-t7,notify:(t:7, i:61)
2022-10-18 03:54:13,148 [grpc-default-executor-3] INFO  leader.FollowerInfo (FollowerInfoImpl.java:lambda$new$0(48)) - omNode-1@group-523986131536->omNode-2: nextIndex: updateUnconditionally 59 -> 59
2022-10-18 03:54:13,148 [grpc-default-executor-3] INFO  server.GrpcLogAppender (GrpcLogAppender.java:onNext(403)) - omNode-1@group-523986131536->omNode-2-InstallSnapshotResponseHandler: received a reply omNode-1<-omNode-2#0:FAIL-t7,IN_PROGRESS
2022-10-18 03:54:13,148 [grpc-default-executor-3] INFO  server.GrpcLogAppender (GrpcLogAppender.java:onNext(421)) - omNode-1@group-523986131536->omNode-2-InstallSnapshotResponseHandler: InstallSnapshot in progress.
2022-10-18 03:54:13,149 [omNode-1@group-523986131536->omNode-2-GrpcLogAppender-LogAppenderDaemon] INFO  server.GrpcLogAppender (GrpcLogAppender.java:installSnapshot(541)) - omNode-1@group-523986131536->omNode-2-GrpcLogAppender: followerNextIndex = 59 but logStartIndex = 61, notify follower to install snapshot-(t:7, i:61)
2022-10-18 03:54:13,149 [omNode-1@group-523986131536->omNode-2-GrpcLogAppender-LogAppenderDaemon] INFO  server.GrpcLogAppender (GrpcLogAppender.java:installSnapshot(549)) - omNode-1@group-523986131536->omNode-2-GrpcLogAppender: send omNode-1->omNode-2#0-t7,notify:(t:7, i:61)
2022-10-18 03:54:13,151 [omNode-2-server-thread1] INFO  server.RaftServer$Division (RaftServerImpl.java:checkInconsistentAppendEntries(1402)) - omNode-2@group-523986131536: Failed appendEntries as snapshot (61) installation is in progress
2022-10-18 03:54:13,151 [omNode-2-server-thread1] INFO  server.RaftServer$Division (RaftServerImpl.java:checkInconsistentAppendEntries(1394)) - omNode-2@group-523986131536: inconsistency entries. Reply:omNode-1<-omNode-2#777:FAIL-t7,INCONSISTENCY,nextIndex=59,followerCommit=58
2022-10-18 03:54:13,151 [grpc-default-executor-1] INFO  impl.SnapshotInstallationHandler (SnapshotInstallationHandler.java:installSnapshot(84)) - omNode-2@group-523986131536: receive installSnapshot: omNode-1->omNode-2#0-t7,notify:(t:7, i:61)
2022-10-18 03:54:13,152 [grpc-default-executor-3] INFO  leader.FollowerInfo (FollowerInfoImpl.java:lambda$new$0(48)) - omNode-1@group-523986131536->omNode-2: nextIndex: updateUnconditionally 59 -> 59
2022-10-18 03:54:13,152 [grpc-default-executor-1] INFO  impl.SnapshotInstallationHandler (SnapshotInstallationHandler.java:installSnapshot(95)) - omNode-2@group-523986131536: reply installSnapshot: omNode-1<-omNode-2#0:FAIL-t7,IN_PROGRESS
2022-10-18 03:54:13,152 [grpc-default-executor-1] INFO  server.GrpcServerProtocolService (GrpcServerProtocolService.java:onCompleted(140)) - omNode-2: Completed INSTALL_SNAPSHOT, lastRequest: omNode-1->omNode-2#0-t7,notify:(t:7, i:61)
2022-10-18 03:54:13,153 [grpc-default-executor-1] INFO  server.GrpcLogAppender (GrpcLogAppender.java:onNext(403)) - omNode-1@group-523986131536->omNode-2-InstallSnapshotResponseHandler: received a reply omNode-1<-omNode-2#0:FAIL-t7,IN_PROGRESS
2022-10-18 03:54:13,154 [grpc-default-executor-1] INFO  server.GrpcLogAppender (GrpcLogAppender.java:onNext(421)) - omNode-1@group-523986131536->omNode-2-InstallSnapshotResponseHandler: InstallSnapshot in progress.
2022-10-18 03:54:13,154 [omNode-1@group-523986131536->omNode-2-GrpcLogAppender-LogAppenderDaemon] INFO  server.GrpcLogAppender (GrpcLogAppender.java:installSnapshot(541)) - omNode-1@group-523986131536->omNode-2-GrpcLogAppender: followerNextIndex = 59 but logStartIndex = 61, notify follower to install snapshot-(t:7, i:61)
2022-10-18 03:54:13,154 [omNode-1@group-523986131536->omNode-2-GrpcLogAppender-LogAppenderDaemon] INFO  server.GrpcLogAppender (GrpcLogAppender.java:installSnapshot(549)) - omNode-1@group-523986131536->omNode-2-GrpcLogAppender: send omNode-1->omNode-2#0-t7,notify:(t:7, i:61)
2022-10-18 03:54:13,154 [omNode-2-server-thread1] INFO  server.RaftServer$Division (RaftServerImpl.java:checkInconsistentAppendEntries(1402)) - omNode-2@group-523986131536: Failed appendEntries as snapshot (61) installation is in progress
2022-10-18 03:54:13,154 [omNode-2-server-thread1] INFO  server.RaftServer$Division (RaftServerImpl.java:checkInconsistentAppendEntries(1394)) - omNode-2@group-523986131536: inconsistency entries. Reply:omNode-1<-omNode-2#778:FAIL-t7,INCONSISTENCY,nextIndex=59,followerCommit=58
2022-10-18 03:54:13,155 [grpc-default-executor-1] INFO  impl.SnapshotInstallationHandler (SnapshotInstallationHandler.java:installSnapshot(84)) - omNode-2@group-523986131536: receive installSnapshot: omNode-1->omNode-2#0-t7,notify:(t:7, i:61)
2022-10-18 03:54:13,155 [grpc-default-executor-1] INFO  impl.SnapshotInstallationHandler (SnapshotInstallationHandler.java:installSnapshot(95)) - omNode-2@group-523986131536: reply installSnapshot: omNode-1<-omNode-2#0:FAIL-t7,IN_PROGRESS
2022-10-18 03:54:13,155 [grpc-default-executor-1] INFO  server.GrpcServerProtocolService (GrpcServerProtocolService.java:onCompleted(140)) - omNode-2: Completed INSTALL_SNAPSHOT, lastRequest: omNode-1->omNode-2#0-t7,notify:(t:7, i:61)
2022-10-18 03:54:13,155 [grpc-default-executor-3] INFO  leader.FollowerInfo (FollowerInfoImpl.java:lambda$new$0(48)) - omNode-1@group-523986131536->omNode-2: nextIndex: updateUnconditionally 59 -> 59
2022-10-18 03:54:13,157 [grpc-default-executor-3] INFO  server.GrpcLogAppender (GrpcLogAppender.java:onNext(403)) - omNode-1@group-523986131536->omNode-2-InstallSnapshotResponseHandler: received a reply omNode-1<-omNode-2#0:FAIL-t7,IN_PROGRESS
2022-10-18 03:54:13,157 [grpc-default-executor-3] INFO  server.GrpcLogAppender (GrpcLogAppender.java:onNext(421)) - omNode-1@group-523986131536->omNode-2-InstallSnapshotResponseHandler: InstallSnapshot in progress.
2022-10-18 03:54:13,157 [omNode-1@group-523986131536->omNode-2-GrpcLogAppender-LogAppenderDaemon] INFO  server.GrpcLogAppender (GrpcLogAppender.java:installSnapshot(541)) - omNode-1@group-523986131536->omNode-2-GrpcLogAppender: followerNextIndex = 59 but logStartIndex = 61, notify follower to install snapshot-(t:7, i:61)
2022-10-18 03:54:13,157 [omNode-1@group-523986131536->omNode-2-GrpcLogAppender-LogAppenderDaemon] INFO  server.GrpcLogAppender (GrpcLogAppender.java:installSnapshot(549)) - omNode-1@group-523986131536->omNode-2-GrpcLogAppender: send omNode-1->omNode-2#0-t7,notify:(t:7, i:61)
2022-10-18 03:54:13,159 [omNode-2-server-thread1] INFO  server.RaftServer$Division (RaftServerImpl.java:checkInconsistentAppendEntries(1402)) - omNode-2@group-523986131536: Failed appendEntries as snapshot (61) installation is in progress
2022-10-18 03:54:13,159 [omNode-2-server-thread1] INFO  server.RaftServer$Division (RaftServerImpl.java:checkInconsistentAppendEntries(1394)) - omNode-2@group-523986131536: inconsistency entries. Reply:omNode-1<-omNode-2#779:FAIL-t7,INCONSISTENCY,nextIndex=59,followerCommit=58
2022-10-18 03:54:13,159 [grpc-default-executor-1] INFO  impl.SnapshotInstallationHandler (SnapshotInstallationHandler.java:installSnapshot(84)) - omNode-2@group-523986131536: receive installSnapshot: omNode-1->omNode-2#0-t7,notify:(t:7, i:61)
2022-10-18 03:54:13,160 [grpc-default-executor-1] INFO  impl.SnapshotInstallationHandler (SnapshotInstallationHandler.java:installSnapshot(95)) - omNode-2@group-523986131536: reply installSnapshot: omNode-1<-omNode-2#0:FAIL-t7,IN_PROGRESS
2022-10-18 03:54:13,160 [grpc-default-executor-3] INFO  leader.FollowerInfo (FollowerInfoImpl.java:lambda$new$0(48)) - omNode-1@group-523986131536->omNode-2: nextIndex: updateUnconditionally 59 -> 59
2022-10-18 03:54:13,160 [grpc-default-executor-1] INFO  server.GrpcServerProtocolService (GrpcServerProtocolService.java:onCompleted(140)) - omNode-2: Completed INSTALL_SNAPSHOT, lastRequest: omNode-1->omNode-2#0-t7,notify:(t:7, i:61)
2022-10-18 03:54:13,161 [grpc-default-executor-1] INFO  server.GrpcLogAppender (GrpcLogAppender.java:onNext(403)) - omNode-1@group-523986131536->omNode-2-InstallSnapshotResponseHandler: received a reply omNode-1<-omNode-2#0:FAIL-t7,IN_PROGRESS
2022-10-18 03:54:13,162 [grpc-default-executor-1] INFO  server.GrpcLogAppender (GrpcLogAppender.java:onNext(421)) - omNode-1@group-523986131536->omNode-2-InstallSnapshotResponseHandler: InstallSnapshot in progress.
2022-10-18 03:54:13,162 [omNode-1@group-523986131536->omNode-2-GrpcLogAppender-LogAppenderDaemon] INFO  server.GrpcLogAppender (GrpcLogAppender.java:installSnapshot(541)) - omNode-1@group-523986131536->omNode-2-GrpcLogAppender: followerNextIndex = 59 but logStartIndex = 61, notify follower to install snapshot-(t:7, i:61)
2022-10-18 03:54:13,162 [omNode-1@group-523986131536->omNode-2-GrpcLogAppender-LogAppenderDaemon] INFO  server.GrpcLogAppender (GrpcLogAppender.java:installSnapshot(549)) - omNode-1@group-523986131536->omNode-2-GrpcLogAppender: send omNode-1->omNode-2#0-t7,notify:(t:7, i:61)
2022-10-18 03:54:13,162 [omNode-2-server-thread1] INFO  server.RaftServer$Division (RaftServerImpl.java:checkInconsistentAppendEntries(1402)) - omNode-2@group-523986131536: Failed appendEntries as snapshot (61) installation is in progress
2022-10-18 03:54:13,162 [omNode-2-server-thread1] INFO  server.RaftServer$Division (RaftServerImpl.java:checkInconsistentAppendEntries(1394)) - omNode-2@group-523986131536: inconsistency entries. Reply:omNode-1<-omNode-2#780:FAIL-t7,INCONSISTENCY,nextIndex=59,followerCommit=58
2022-10-18 03:54:13,166 [grpc-default-executor-1] INFO  leader.FollowerInfo (FollowerInfoImpl.java:lambda$new$0(48)) - omNode-1@group-523986131536->omNode-2: nextIndex: updateUnconditionally 59 -> 59
2022-10-18 03:54:13,166 [grpc-default-executor-3] INFO  impl.SnapshotInstallationHandler (SnapshotInstallationHandler.java:installSnapshot(84)) - omNode-2@group-523986131536: receive installSnapshot: omNode-1->omNode-2#0-t7,notify:(t:7, i:61)
2022-10-18 03:54:13,166 [grpc-default-executor-3] INFO  impl.SnapshotInstallationHandler (SnapshotInstallationHandler.java:installSnapshot(95)) - omNode-2@group-523986131536: reply installSnapshot: omNode-1<-omNode-2#0:FAIL-t7,IN_PROGRESS
2022-10-18 03:54:13,167 [grpc-default-executor-3] INFO  server.GrpcServerProtocolService (GrpcServerProtocolService.java:onCompleted(140)) - omNode-2: Completed INSTALL_SNAPSHOT, lastRequest: omNode-1->omNode-2#0-t7,notify:(t:7, i:61)
2022-10-18 03:54:13,167 [grpc-default-executor-3] INFO  server.GrpcLogAppender (GrpcLogAppender.java:onNext(403)) - omNode-1@group-523986131536->omNode-2-InstallSnapshotResponseHandler: received a reply omNode-1<-omNode-2#0:FAIL-t7,IN_PROGRESS
2022-10-18 03:54:13,167 [grpc-default-executor-3] INFO  server.GrpcLogAppender (GrpcLogAppender.java:onNext(421)) - omNode-1@group-523986131536->omNode-2-InstallSnapshotResponseHandler: InstallSnapshot in progress.
2022-10-18 03:54:13,167 [omNode-1@group-523986131536->omNode-2-GrpcLogAppender-LogAppenderDaemon] INFO  server.GrpcLogAppender (GrpcLogAppender.java:installSnapshot(541)) - omNode-1@group-523986131536->omNode-2-GrpcLogAppender: followerNextIndex = 59 but logStartIndex = 61, notify follower to install snapshot-(t:7, i:61)
2022-10-18 03:54:13,167 [omNode-1@group-523986131536->omNode-2-GrpcLogAppender-LogAppenderDaemon] INFO  server.GrpcLogAppender (GrpcLogAppender.java:installSnapshot(549)) - omNode-1@group-523986131536->omNode-2-GrpcLogAppender: send omNode-1->omNode-2#0-t7,notify:(t:7, i:61)
2022-10-18 03:54:13,168 [grpc-default-executor-1] INFO  impl.SnapshotInstallationHandler (SnapshotInstallationHandler.java:installSnapshot(84)) - omNode-2@group-523986131536: receive installSnapshot: omNode-1->omNode-2#0-t7,notify:(t:7, i:61)
2022-10-18 03:54:13,169 [grpc-default-executor-1] INFO  impl.SnapshotInstallationHandler (SnapshotInstallationHandler.java:installSnapshot(95)) - omNode-2@group-523986131536: reply installSnapshot: omNode-1<-omNode-2#0:FAIL-t7,IN_PROGRESS
2022-10-18 03:54:13,169 [grpc-default-executor-1] INFO  server.GrpcServerProtocolService (GrpcServerProtocolService.java:onCompleted(140)) - omNode-2: Completed INSTALL_SNAPSHOT, lastRequest: omNode-1->omNode-2#0-t7,notify:(t:7, i:61)
2022-10-18 03:54:13,169 [grpc-default-executor-2] INFO  server.GrpcLogAppender (GrpcLogAppender.java:onNext(403)) - omNode-1@group-523986131536->omNode-2-InstallSnapshotResponseHandler: received a reply omNode-1<-omNode-2#0:FAIL-t7,IN_PROGRESS
2022-10-18 03:54:13,169 [grpc-default-executor-2] INFO  server.GrpcLogAppender (GrpcLogAppender.java:onNext(421)) - omNode-1@group-523986131536->omNode-2-InstallSnapshotResponseHandler: InstallSnapshot in progress.
2022-10-18 03:54:13,169 [omNode-1@group-523986131536->omNode-2-GrpcLogAppender-LogAppenderDaemon] INFO  server.GrpcLogAppender (GrpcLogAppender.java:installSnapshot(541)) - omNode-1@group-523986131536->omNode-2-GrpcLogAppender: followerNextIndex = 59 but logStartIndex = 61, notify follower to install snapshot-(t:7, i:61)
2022-10-18 03:54:13,169 [omNode-1@group-523986131536->omNode-2-GrpcLogAppender-LogAppenderDaemon] INFO  server.GrpcLogAppender (GrpcLogAppender.java:installSnapshot(549)) - omNode-1@group-523986131536->omNode-2-GrpcLogAppender: send omNode-1->omNode-2#0-t7,notify:(t:7, i:61)
2022-10-18 03:54:13,170 [omNode-2-server-thread1] INFO  server.RaftServer$Division (RaftServerImpl.java:checkInconsistentAppendEntries(1402)) - omNode-2@group-523986131536: Failed appendEntries as snapshot (61) installation is in progress
2022-10-18 03:54:13,170 [omNode-2-server-thread1] INFO  server.RaftServer$Division (RaftServerImpl.java:checkInconsistentAppendEntries(1394)) - omNode-2@group-523986131536: inconsistency entries. Reply:omNode-1<-omNode-2#781:FAIL-t7,INCONSISTENCY,nextIndex=59,followerCommit=58
2022-10-18 03:54:13,173 [omNode-2-server-thread1] INFO  server.RaftServer$Division (RaftServerImpl.java:checkInconsistentAppendEntries(1402)) - omNode-2@group-523986131536: Failed appendEntries as snapshot (61) installation is in progress
2022-10-18 03:54:13,173 [omNode-2-server-thread1] INFO  server.RaftServer$Division (RaftServerImpl.java:checkInconsistentAppendEntries(1394)) - omNode-2@group-523986131536: inconsistency entries. Reply:omNode-1<-omNode-2#782:FAIL-t7,INCONSISTENCY,nextIndex=59,followerCommit=58
2022-10-18 03:54:13,174 [grpc-default-executor-2] INFO  impl.SnapshotInstallationHandler (SnapshotInstallationHandler.java:installSnapshot(84)) - omNode-2@group-523986131536: receive installSnapshot: omNode-1->omNode-2#0-t7,notify:(t:7, i:61)
2022-10-18 03:54:13,174 [grpc-default-executor-2] INFO  impl.SnapshotInstallationHandler (SnapshotInstallationHandler.java:installSnapshot(95)) - omNode-2@group-523986131536: reply installSnapshot: omNode-1<-omNode-2#0:FAIL-t7,IN_PROGRESS
2022-10-18 03:54:13,174 [grpc-default-executor-2] INFO  server.GrpcServerProtocolService (GrpcServerProtocolService.java:onCompleted(140)) - omNode-2: Completed INSTALL_SNAPSHOT, lastRequest: omNode-1->omNode-2#0-t7,notify:(t:7, i:61)
2022-10-18 03:54:13,176 [grpc-default-executor-1] INFO  leader.FollowerInfo (FollowerInfoImpl.java:lambda$new$0(48)) - omNode-1@group-523986131536->omNode-2: nextIndex: updateUnconditionally 59 -> 59
2022-10-18 03:54:13,177 [grpc-default-executor-2] INFO  server.GrpcLogAppender (GrpcLogAppender.java:onNext(403)) - omNode-1@group-523986131536->omNode-2-InstallSnapshotResponseHandler: received a reply omNode-1<-omNode-2#0:FAIL-t7,IN_PROGRESS
2022-10-18 03:54:13,177 [grpc-default-executor-2] INFO  server.GrpcLogAppender (GrpcLogAppender.java:onNext(421)) - omNode-1@group-523986131536->omNode-2-InstallSnapshotResponseHandler: InstallSnapshot in progress.
2022-10-18 03:54:13,177 [omNode-1@group-523986131536->omNode-2-GrpcLogAppender-LogAppenderDaemon] INFO  server.GrpcLogAppender (GrpcLogAppender.java:installSnapshot(541)) - omNode-1@group-523986131536->omNode-2-GrpcLogAppender: followerNextIndex = 59 but logStartIndex = 61, notify follower to install snapshot-(t:7, i:61)
2022-10-18 03:54:13,177 [omNode-1@group-523986131536->omNode-2-GrpcLogAppender-LogAppenderDaemon] INFO  server.GrpcLogAppender (GrpcLogAppender.java:installSnapshot(549)) - omNode-1@group-523986131536->omNode-2-GrpcLogAppender: send omNode-1->omNode-2#0-t7,notify:(t:7, i:61)
2022-10-18 03:54:13,177 [grpc-default-executor-3] INFO  leader.FollowerInfo (FollowerInfoImpl.java:lambda$new$0(48)) - omNode-1@group-523986131536->omNode-2: nextIndex: updateUnconditionally 59 -> 59
2022-10-18 03:54:13,177 [omNode-2-server-thread1] INFO  server.RaftServer$Division (RaftServerImpl.java:checkInconsistentAppendEntries(1402)) - omNode-2@group-523986131536: Failed appendEntries as snapshot (61) installation is in progress
2022-10-18 03:54:13,178 [omNode-2-server-thread1] INFO  server.RaftServer$Division (RaftServerImpl.java:checkInconsistentAppendEntries(1394)) - omNode-2@group-523986131536: inconsistency entries. Reply:omNode-1<-omNode-2#783:FAIL-t7,INCONSISTENCY,nextIndex=59,followerCommit=58
2022-10-18 03:54:13,178 [grpc-default-executor-1] INFO  impl.SnapshotInstallationHandler (SnapshotInstallationHandler.java:installSnapshot(84)) - omNode-2@group-523986131536: receive installSnapshot: omNode-1->omNode-2#0-t7,notify:(t:7, i:61)
2022-10-18 03:54:13,178 [grpc-default-executor-1] INFO  impl.SnapshotInstallationHandler (SnapshotInstallationHandler.java:installSnapshot(95)) - omNode-2@group-523986131536: reply installSnapshot: omNode-1<-omNode-2#0:FAIL-t7,IN_PROGRESS
2022-10-18 03:54:13,178 [grpc-default-executor-1] INFO  server.GrpcServerProtocolService (GrpcServerProtocolService.java:onCompleted(140)) - omNode-2: Completed INSTALL_SNAPSHOT, lastRequest: omNode-1->omNode-2#0-t7,notify:(t:7, i:61)
2022-10-18 03:54:13,178 [grpc-default-executor-2] INFO  leader.FollowerInfo (FollowerInfoImpl.java:lambda$new$0(48)) - omNode-1@group-523986131536->omNode-2: nextIndex: updateUnconditionally 59 -> 59
2022-10-18 03:54:13,178 [grpc-default-executor-1] INFO  server.GrpcLogAppender (GrpcLogAppender.java:onNext(403)) - omNode-1@group-523986131536->omNode-2-InstallSnapshotResponseHandler: received a reply omNode-1<-omNode-2#0:FAIL-t7,IN_PROGRESS
2022-10-18 03:54:13,178 [grpc-default-executor-1] INFO  server.GrpcLogAppender (GrpcLogAppender.java:onNext(421)) - omNode-1@group-523986131536->omNode-2-InstallSnapshotResponseHandler: InstallSnapshot in progress.
2022-10-18 03:54:13,179 [omNode-1@group-523986131536->omNode-2-GrpcLogAppender-LogAppenderDaemon] INFO  server.GrpcLogAppender (GrpcLogAppender.java:installSnapshot(541)) - omNode-1@group-523986131536->omNode-2-GrpcLogAppender: followerNextIndex = 59 but logStartIndex = 61, notify follower to install snapshot-(t:7, i:61)
2022-10-18 03:54:13,179 [omNode-1@group-523986131536->omNode-2-GrpcLogAppender-LogAppenderDaemon] INFO  server.GrpcLogAppender (GrpcLogAppender.java:installSnapshot(549)) - omNode-1@group-523986131536->omNode-2-GrpcLogAppender: send omNode-1->omNode-2#0-t7,notify:(t:7, i:61)
2022-10-18 03:54:13,179 [omNode-2-server-thread1] INFO  server.RaftServer$Division (RaftServerImpl.java:checkInconsistentAppendEntries(1402)) - omNode-2@group-523986131536: Failed appendEntries as snapshot (61) installation is in progress
2022-10-18 03:54:13,179 [omNode-2-server-thread1] INFO  server.RaftServer$Division (RaftServerImpl.java:checkInconsistentAppendEntries(1394)) - omNode-2@group-523986131536: inconsistency entries. Reply:omNode-1<-omNode-2#784:FAIL-t7,INCONSISTENCY,nextIndex=59,followerCommit=58
2022-10-18 03:54:13,179 [grpc-default-executor-3] INFO  impl.SnapshotInstallationHandler (SnapshotInstallationHandler.java:installSnapshot(84)) - omNode-2@group-523986131536: receive installSnapshot: omNode-1->omNode-2#0-t7,notify:(t:7, i:61)
2022-10-18 03:54:13,179 [grpc-default-executor-3] INFO  impl.SnapshotInstallationHandler (SnapshotInstallationHandler.java:installSnapshot(95)) - omNode-2@group-523986131536: reply installSnapshot: omNode-1<-omNode-2#0:FAIL-t7,IN_PROGRESS
2022-10-18 03:54:13,180 [grpc-default-executor-3] INFO  server.GrpcServerProtocolService (GrpcServerProtocolService.java:onCompleted(140)) - omNode-2: Completed INSTALL_SNAPSHOT, lastRequest: omNode-1->omNode-2#0-t7,notify:(t:7, i:61)
2022-10-18 03:54:13,180 [grpc-default-executor-3] INFO  server.GrpcLogAppender (GrpcLogAppender.java:onNext(403)) - omNode-1@group-523986131536->omNode-2-InstallSnapshotResponseHandler: received a reply omNode-1<-omNode-2#0:FAIL-t7,IN_PROGRESS
2022-10-18 03:54:13,180 [grpc-default-executor-3] INFO  server.GrpcLogAppender (GrpcLogAppender.java:onNext(421)) - omNode-1@group-523986131536->omNode-2-InstallSnapshotResponseHandler: InstallSnapshot in progress.
2022-10-18 03:54:13,180 [omNode-1@group-523986131536->omNode-2-GrpcLogAppender-LogAppenderDaemon] INFO  server.GrpcLogAppender (GrpcLogAppender.java:installSnapshot(541)) - omNode-1@group-523986131536->omNode-2-GrpcLogAppender: followerNextIndex = 59 but logStartIndex = 61, notify follower to install snapshot-(t:7, i:61)
2022-10-18 03:54:13,180 [omNode-1@group-523986131536->omNode-2-GrpcLogAppender-LogAppenderDaemon] INFO  server.GrpcLogAppender (GrpcLogAppender.java:installSnapshot(549)) - omNode-1@group-523986131536->omNode-2-GrpcLogAppender: send omNode-1->omNode-2#0-t7,notify:(t:7, i:61)
2022-10-18 03:54:13,181 [grpc-default-executor-1] INFO  leader.FollowerInfo (FollowerInfoImpl.java:lambda$new$0(48)) - omNode-1@group-523986131536->omNode-2: nextIndex: updateUnconditionally 59 -> 59
2022-10-18 03:54:13,181 [omNode-2-server-thread1] INFO  server.RaftServer$Division (RaftServerImpl.java:checkInconsistentAppendEntries(1402)) - omNode-2@group-523986131536: Failed appendEntries as snapshot (61) installation is in progress
2022-10-18 03:54:13,181 [omNode-2-server-thread1] INFO  server.RaftServer$Division (RaftServerImpl.java:checkInconsistentAppendEntries(1394)) - omNode-2@group-523986131536: inconsistency entries. Reply:omNode-1<-omNode-2#785:FAIL-t7,INCONSISTENCY,nextIndex=59,followerCommit=58
2022-10-18 03:54:13,181 [grpc-default-executor-2] INFO  impl.SnapshotInstallationHandler (SnapshotInstallationHandler.java:installSnapshot(84)) - omNode-2@group-523986131536: receive installSnapshot: omNode-1->omNode-2#0-t7,notify:(t:7, i:61)
2022-10-18 03:54:13,181 [grpc-default-executor-2] INFO  impl.SnapshotInstallationHandler (SnapshotInstallationHandler.java:installSnapshot(95)) - omNode-2@group-523986131536: reply installSnapshot: omNode-1<-omNode-2#0:FAIL-t7,IN_PROGRESS
2022-10-18 03:54:13,181 [grpc-default-executor-2] INFO  server.GrpcServerProtocolService (GrpcServerProtocolService.java:onCompleted(140)) - omNode-2: Completed INSTALL_SNAPSHOT, lastRequest: omNode-1->omNode-2#0-t7,notify:(t:7, i:61)
2022-10-18 03:54:13,182 [grpc-default-executor-2] INFO  server.GrpcLogAppender (GrpcLogAppender.java:onNext(403)) - omNode-1@group-523986131536->omNode-2-InstallSnapshotResponseHandler: received a reply omNode-1<-omNode-2#0:FAIL-t7,IN_PROGRESS
2022-10-18 03:54:13,182 [grpc-default-executor-2] INFO  server.GrpcLogAppender (GrpcLogAppender.java:onNext(421)) - omNode-1@group-523986131536->omNode-2-InstallSnapshotResponseHandler: InstallSnapshot in progress.
2022-10-18 03:54:13,182 [omNode-1@group-523986131536->omNode-2-GrpcLogAppender-LogAppenderDaemon] INFO  server.GrpcLogAppender (GrpcLogAppender.java:installSnapshot(541)) - omNode-1@group-523986131536->omNode-2-GrpcLogAppender: followerNextIndex = 59 but logStartIndex = 61, notify follower to install snapshot-(t:7, i:61)
2022-10-18 03:54:13,182 [omNode-1@group-523986131536->omNode-2-GrpcLogAppender-LogAppenderDaemon] INFO  server.GrpcLogAppender (GrpcLogAppender.java:installSnapshot(549)) - omNode-1@group-523986131536->omNode-2-GrpcLogAppender: send omNode-1->omNode-2#0-t7,notify:(t:7, i:61)
2022-10-18 03:54:13,182 [grpc-default-executor-3] INFO  leader.FollowerInfo (FollowerInfoImpl.java:lambda$new$0(48)) - omNode-1@group-523986131536->omNode-2: nextIndex: updateUnconditionally 59 -> 59
2022-10-18 03:54:13,186 [omNode-2-server-thread1] INFO  server.RaftServer$Division (RaftServerImpl.java:checkInconsistentAppendEntries(1402)) - omNode-2@group-523986131536: Failed appendEntries as snapshot (61) installation is in progress
2022-10-18 03:54:13,186 [omNode-2-server-thread1] INFO  server.RaftServer$Division (RaftServerImpl.java:checkInconsistentAppendEntries(1394)) - omNode-2@group-523986131536: inconsistency entries. Reply:omNode-1<-omNode-2#786:FAIL-t7,INCONSISTENCY,nextIndex=59,followerCommit=58
2022-10-18 03:54:13,186 [grpc-default-executor-3] INFO  impl.SnapshotInstallationHandler (SnapshotInstallationHandler.java:installSnapshot(84)) - omNode-2@group-523986131536: receive installSnapshot: omNode-1->omNode-2#0-t7,notify:(t:7, i:61)
2022-10-18 03:54:13,187 [grpc-default-executor-3] INFO  impl.SnapshotInstallationHandler (SnapshotInstallationHandler.java:installSnapshot(95)) - omNode-2@group-523986131536: reply installSnapshot: omNode-1<-omNode-2#0:FAIL-t7,IN_PROGRESS
2022-10-18 03:54:13,187 [grpc-default-executor-3] INFO  server.GrpcServerProtocolService (GrpcServerProtocolService.java:onCompleted(140)) - omNode-2: Completed INSTALL_SNAPSHOT, lastRequest: omNode-1->omNode-2#0-t7,notify:(t:7, i:61)
2022-10-18 03:54:13,189 [grpc-default-executor-3] INFO  leader.FollowerInfo (FollowerInfoImpl.java:lambda$new$0(48)) - omNode-1@group-523986131536->omNode-2: nextIndex: updateUnconditionally 59 -> 59
2022-10-18 03:54:13,189 [grpc-default-executor-2] INFO  server.GrpcLogAppender (GrpcLogAppender.java:onNext(403)) - omNode-1@group-523986131536->omNode-2-InstallSnapshotResponseHandler: received a reply omNode-1<-omNode-2#0:FAIL-t7,IN_PROGRESS
2022-10-18 03:54:13,189 [grpc-default-executor-2] INFO  server.GrpcLogAppender (GrpcLogAppender.java:onNext(421)) - omNode-1@group-523986131536->omNode-2-InstallSnapshotResponseHandler: InstallSnapshot in progress.
2022-10-18 03:54:13,189 [omNode-1@group-523986131536->omNode-2-GrpcLogAppender-LogAppenderDaemon] INFO  server.GrpcLogAppender (GrpcLogAppender.java:installSnapshot(541)) - omNode-1@group-523986131536->omNode-2-GrpcLogAppender: followerNextIndex = 59 but logStartIndex = 61, notify follower to install snapshot-(t:7, i:61)
2022-10-18 03:54:13,189 [omNode-1@group-523986131536->omNode-2-GrpcLogAppender-LogAppenderDaemon] INFO  server.GrpcLogAppender (GrpcLogAppender.java:installSnapshot(549)) - omNode-1@group-523986131536->omNode-2-GrpcLogAppender: send omNode-1->omNode-2#0-t7,notify:(t:7, i:61)
2022-10-18 03:54:13,190 [omNode-2-server-thread1] INFO  server.RaftServer$Division (RaftServerImpl.java:checkInconsistentAppendEntries(1402)) - omNode-2@group-523986131536: Failed appendEntries as snapshot (61) installation is in progress
2022-10-18 03:54:13,190 [omNode-2-server-thread1] INFO  server.RaftServer$Division (RaftServerImpl.java:checkInconsistentAppendEntries(1394)) - omNode-2@group-523986131536: inconsistency entries. Reply:omNode-1<-omNode-2#787:FAIL-t7,INCONSISTENCY,nextIndex=59,followerCommit=58
2022-10-18 03:54:13,190 [grpc-default-executor-3] INFO  impl.SnapshotInstallationHandler (SnapshotInstallationHandler.java:installSnapshot(84)) - omNode-2@group-523986131536: receive installSnapshot: omNode-1->omNode-2#0-t7,notify:(t:7, i:61)
2022-10-18 03:54:13,190 [grpc-default-executor-3] INFO  impl.SnapshotInstallationHandler (SnapshotInstallationHandler.java:installSnapshot(95)) - omNode-2@group-523986131536: reply installSnapshot: omNode-1<-omNode-2#0:FAIL-t7,IN_PROGRESS
2022-10-18 03:54:13,190 [grpc-default-executor-3] INFO  server.GrpcServerProtocolService (GrpcServerProtocolService.java:onCompleted(140)) - omNode-2: Completed INSTALL_SNAPSHOT, lastRequest: omNode-1->omNode-2#0-t7,notify:(t:7, i:61)
2022-10-18 03:54:13,191 [grpc-default-executor-1] INFO  leader.FollowerInfo (FollowerInfoImpl.java:lambda$new$0(48)) - omNode-1@group-523986131536->omNode-2: nextIndex: updateUnconditionally 59 -> 59
2022-10-18 03:54:13,191 [grpc-default-executor-1] INFO  server.GrpcLogAppender (GrpcLogAppender.java:onNext(403)) - omNode-1@group-523986131536->omNode-2-InstallSnapshotResponseHandler: received a reply omNode-1<-omNode-2#0:FAIL-t7,IN_PROGRESS
2022-10-18 03:54:13,191 [grpc-default-executor-1] INFO  server.GrpcLogAppender (GrpcLogAppender.java:onNext(421)) - omNode-1@group-523986131536->omNode-2-InstallSnapshotResponseHandler: InstallSnapshot in progress.
2022-10-18 03:54:13,191 [omNode-1@group-523986131536->omNode-2-GrpcLogAppender-LogAppenderDaemon] INFO  server.GrpcLogAppender (GrpcLogAppender.java:installSnapshot(541)) - omNode-1@group-523986131536->omNode-2-GrpcLogAppender: followerNextIndex = 59 but logStartIndex = 61, notify follower to install snapshot-(t:7, i:61)
2022-10-18 03:54:13,191 [omNode-1@group-523986131536->omNode-2-GrpcLogAppender-LogAppenderDaemon] INFO  server.GrpcLogAppender (GrpcLogAppender.java:installSnapshot(549)) - omNode-1@group-523986131536->omNode-2-GrpcLogAppender: send omNode-1->omNode-2#0-t7,notify:(t:7, i:61)
2022-10-18 03:54:13,192 [omNode-2-server-thread1] INFO  server.RaftServer$Division (RaftServerImpl.java:checkInconsistentAppendEntries(1402)) - omNode-2@group-523986131536: Failed appendEntries as snapshot (61) installation is in progress
2022-10-18 03:54:13,192 [omNode-2-server-thread1] INFO  server.RaftServer$Division (RaftServerImpl.java:checkInconsistentAppendEntries(1394)) - omNode-2@group-523986131536: inconsistency entries. Reply:omNode-1<-omNode-2#788:FAIL-t7,INCONSISTENCY,nextIndex=59,followerCommit=58
2022-10-18 03:54:13,192 [grpc-default-executor-3] INFO  impl.SnapshotInstallationHandler (SnapshotInstallationHandler.java:installSnapshot(84)) - omNode-2@group-523986131536: receive installSnapshot: omNode-1->omNode-2#0-t7,notify:(t:7, i:61)
2022-10-18 03:54:13,192 [grpc-default-executor-3] INFO  impl.SnapshotInstallationHandler (SnapshotInstallationHandler.java:installSnapshot(95)) - omNode-2@group-523986131536: reply installSnapshot: omNode-1<-omNode-2#0:FAIL-t7,IN_PROGRESS
2022-10-18 03:54:13,192 [grpc-default-executor-3] INFO  server.GrpcServerProtocolService (GrpcServerProtocolService.java:onCompleted(140)) - omNode-2: Completed INSTALL_SNAPSHOT, lastRequest: omNode-1->omNode-2#0-t7,notify:(t:7, i:61)
2022-10-18 03:54:13,192 [grpc-default-executor-2] INFO  leader.FollowerInfo (FollowerInfoImpl.java:lambda$new$0(48)) - omNode-1@group-523986131536->omNode-2: nextIndex: updateUnconditionally 59 -> 59
2022-10-18 03:54:13,193 [grpc-default-executor-3] INFO  server.GrpcLogAppender (GrpcLogAppender.java:onNext(403)) - omNode-1@group-523986131536->omNode-2-InstallSnapshotResponseHandler: received a reply omNode-1<-omNode-2#0:FAIL-t7,IN_PROGRESS
2022-10-18 03:54:13,193 [grpc-default-executor-3] INFO  server.GrpcLogAppender (GrpcLogAppender.java:onNext(421)) - omNode-1@group-523986131536->omNode-2-InstallSnapshotResponseHandler: InstallSnapshot in progress.
2022-10-18 03:54:13,193 [omNode-1@group-523986131536->omNode-2-GrpcLogAppender-LogAppenderDaemon] INFO  server.GrpcLogAppender (GrpcLogAppender.java:installSnapshot(541)) - omNode-1@group-523986131536->omNode-2-GrpcLogAppender: followerNextIndex = 59 but logStartIndex = 61, notify follower to install snapshot-(t:7, i:61)
2022-10-18 03:54:13,193 [omNode-1@group-523986131536->omNode-2-GrpcLogAppender-LogAppenderDaemon] INFO  server.GrpcLogAppender (GrpcLogAppender.java:installSnapshot(549)) - omNode-1@group-523986131536->omNode-2-GrpcLogAppender: send omNode-1->omNode-2#0-t7,notify:(t:7, i:61)
2022-10-18 03:54:13,193 [omNode-2-server-thread1] INFO  server.RaftServer$Division (RaftServerImpl.java:checkInconsistentAppendEntries(1402)) - omNode-2@group-523986131536: Failed appendEntries as snapshot (61) installation is in progress
2022-10-18 03:54:13,193 [omNode-2-server-thread1] INFO  server.RaftServer$Division (RaftServerImpl.java:checkInconsistentAppendEntries(1394)) - omNode-2@group-523986131536: inconsistency entries. Reply:omNode-1<-omNode-2#789:FAIL-t7,INCONSISTENCY,nextIndex=59,followerCommit=58
2022-10-18 03:54:13,194 [grpc-default-executor-2] INFO  impl.SnapshotInstallationHandler (SnapshotInstallationHandler.java:installSnapshot(84)) - omNode-2@group-523986131536: receive installSnapshot: omNode-1->omNode-2#0-t7,notify:(t:7, i:61)
2022-10-18 03:54:13,194 [grpc-default-executor-2] INFO  impl.SnapshotInstallationHandler (SnapshotInstallationHandler.java:installSnapshot(95)) - omNode-2@group-523986131536: reply installSnapshot: omNode-1<-omNode-2#0:FAIL-t7,IN_PROGRESS
2022-10-18 03:54:13,194 [grpc-default-executor-2] INFO  server.GrpcServerProtocolService (GrpcServerProtocolService.java:onCompleted(140)) - omNode-2: Completed INSTALL_SNAPSHOT, lastRequest: omNode-1->omNode-2#0-t7,notify:(t:7, i:61)
2022-10-18 03:54:13,194 [grpc-default-executor-3] INFO  leader.FollowerInfo (FollowerInfoImpl.java:lambda$new$0(48)) - omNode-1@group-523986131536->omNode-2: nextIndex: updateUnconditionally 59 -> 59
2022-10-18 03:54:13,198 [grpc-default-executor-3] INFO  server.GrpcLogAppender (GrpcLogAppender.java:onNext(403)) - omNode-1@group-523986131536->omNode-2-InstallSnapshotResponseHandler: received a reply omNode-1<-omNode-2#0:FAIL-t7,IN_PROGRESS
2022-10-18 03:54:13,198 [grpc-default-executor-3] INFO  server.GrpcLogAppender (GrpcLogAppender.java:onNext(421)) - omNode-1@group-523986131536->omNode-2-InstallSnapshotResponseHandler: InstallSnapshot in progress.
2022-10-18 03:54:13,198 [omNode-1@group-523986131536->omNode-2-GrpcLogAppender-LogAppenderDaemon] INFO  server.GrpcLogAppender (GrpcLogAppender.java:installSnapshot(541)) - omNode-1@group-523986131536->omNode-2-GrpcLogAppender: followerNextIndex = 59 but logStartIndex = 61, notify follower to install snapshot-(t:7, i:61)
2022-10-18 03:54:13,198 [omNode-1@group-523986131536->omNode-2-GrpcLogAppender-LogAppenderDaemon] INFO  server.GrpcLogAppender (GrpcLogAppender.java:installSnapshot(549)) - omNode-1@group-523986131536->omNode-2-GrpcLogAppender: send omNode-1->omNode-2#0-t7,notify:(t:7, i:61)
2022-10-18 03:54:13,199 [omNode-2-server-thread1] INFO  server.RaftServer$Division (RaftServerImpl.java:checkInconsistentAppendEntries(1402)) - omNode-2@group-523986131536: Failed appendEntries as snapshot (61) installation is in progress
2022-10-18 03:54:13,199 [omNode-2-server-thread1] INFO  server.RaftServer$Division (RaftServerImpl.java:checkInconsistentAppendEntries(1394)) - omNode-2@group-523986131536: inconsistency entries. Reply:omNode-1<-omNode-2#790:FAIL-t7,INCONSISTENCY,nextIndex=59,followerCommit=58
2022-10-18 03:54:13,199 [grpc-default-executor-3] INFO  impl.SnapshotInstallationHandler (SnapshotInstallationHandler.java:installSnapshot(84)) - omNode-2@group-523986131536: receive installSnapshot: omNode-1->omNode-2#0-t7,notify:(t:7, i:61)
2022-10-18 03:54:13,199 [grpc-default-executor-3] INFO  impl.SnapshotInstallationHandler (SnapshotInstallationHandler.java:installSnapshot(95)) - omNode-2@group-523986131536: reply installSnapshot: omNode-1<-omNode-2#0:FAIL-t7,IN_PROGRESS
2022-10-18 03:54:13,200 [grpc-default-executor-3] INFO  server.GrpcServerProtocolService (GrpcServerProtocolService.java:onCompleted(140)) - omNode-2: Completed INSTALL_SNAPSHOT, lastRequest: omNode-1->omNode-2#0-t7,notify:(t:7, i:61)
2022-10-18 03:54:13,200 [grpc-default-executor-3] INFO  leader.FollowerInfo (FollowerInfoImpl.java:lambda$new$0(48)) - omNode-1@group-523986131536->omNode-2: nextIndex: updateUnconditionally 59 -> 59
2022-10-18 03:54:13,200 [grpc-default-executor-2] INFO  server.GrpcLogAppender (GrpcLogAppender.java:onNext(403)) - omNode-1@group-523986131536->omNode-2-InstallSnapshotResponseHandler: received a reply omNode-1<-omNode-2#0:FAIL-t7,IN_PROGRESS
2022-10-18 03:54:13,200 [grpc-default-executor-2] INFO  server.GrpcLogAppender (GrpcLogAppender.java:onNext(421)) - omNode-1@group-523986131536->omNode-2-InstallSnapshotResponseHandler: InstallSnapshot in progress.
2022-10-18 03:54:13,200 [omNode-1@group-523986131536->omNode-2-GrpcLogAppender-LogAppenderDaemon] INFO  server.GrpcLogAppender (GrpcLogAppender.java:installSnapshot(541)) - omNode-1@group-523986131536->omNode-2-GrpcLogAppender: followerNextIndex = 59 but logStartIndex = 61, notify follower to install snapshot-(t:7, i:61)
2022-10-18 03:54:13,201 [omNode-1@group-523986131536->omNode-2-GrpcLogAppender-LogAppenderDaemon] INFO  server.GrpcLogAppender (GrpcLogAppender.java:installSnapshot(549)) - omNode-1@group-523986131536->omNode-2-GrpcLogAppender: send omNode-1->omNode-2#0-t7,notify:(t:7, i:61)
2022-10-18 03:54:13,203 [omNode-2-server-thread1] INFO  server.RaftServer$Division (RaftServerImpl.java:checkInconsistentAppendEntries(1402)) - omNode-2@group-523986131536: Failed appendEntries as snapshot (61) installation is in progress
2022-10-18 03:54:13,204 [omNode-2-server-thread1] INFO  server.RaftServer$Division (RaftServerImpl.java:checkInconsistentAppendEntries(1394)) - omNode-2@group-523986131536: inconsistency entries. Reply:omNode-1<-omNode-2#791:FAIL-t7,INCONSISTENCY,nextIndex=59,followerCommit=58
2022-10-18 03:54:13,204 [grpc-default-executor-2] INFO  impl.SnapshotInstallationHandler (SnapshotInstallationHandler.java:installSnapshot(84)) - omNode-2@group-523986131536: receive installSnapshot: omNode-1->omNode-2#0-t7,notify:(t:7, i:61)
2022-10-18 03:54:13,204 [grpc-default-executor-2] INFO  impl.SnapshotInstallationHandler (SnapshotInstallationHandler.java:installSnapshot(95)) - omNode-2@group-523986131536: reply installSnapshot: omNode-1<-omNode-2#0:FAIL-t7,IN_PROGRESS
2022-10-18 03:54:13,204 [grpc-default-executor-2] INFO  server.GrpcServerProtocolService (GrpcServerProtocolService.java:onCompleted(140)) - omNode-2: Completed INSTALL_SNAPSHOT, lastRequest: omNode-1->omNode-2#0-t7,notify:(t:7, i:61)
2022-10-18 03:54:13,204 [grpc-default-executor-3] INFO  leader.FollowerInfo (FollowerInfoImpl.java:lambda$new$0(48)) - omNode-1@group-523986131536->omNode-2: nextIndex: updateUnconditionally 59 -> 59
2022-10-18 03:54:13,204 [grpc-default-executor-2] INFO  server.GrpcLogAppender (GrpcLogAppender.java:onNext(403)) - omNode-1@group-523986131536->omNode-2-InstallSnapshotResponseHandler: received a reply omNode-1<-omNode-2#0:FAIL-t7,IN_PROGRESS
2022-10-18 03:54:13,204 [grpc-default-executor-2] INFO  server.GrpcLogAppender (GrpcLogAppender.java:onNext(421)) - omNode-1@group-523986131536->omNode-2-InstallSnapshotResponseHandler: InstallSnapshot in progress.
2022-10-18 03:54:13,205 [omNode-1@group-523986131536->omNode-2-GrpcLogAppender-LogAppenderDaemon] INFO  server.GrpcLogAppender (GrpcLogAppender.java:installSnapshot(541)) - omNode-1@group-523986131536->omNode-2-GrpcLogAppender: followerNextIndex = 59 but logStartIndex = 61, notify follower to install snapshot-(t:7, i:61)
2022-10-18 03:54:13,205 [omNode-1@group-523986131536->omNode-2-GrpcLogAppender-LogAppenderDaemon] INFO  server.GrpcLogAppender (GrpcLogAppender.java:installSnapshot(549)) - omNode-1@group-523986131536->omNode-2-GrpcLogAppender: send omNode-1->omNode-2#0-t7,notify:(t:7, i:61)
2022-10-18 03:54:13,205 [omNode-2-server-thread1] INFO  server.RaftServer$Division (RaftServerImpl.java:checkInconsistentAppendEntries(1402)) - omNode-2@group-523986131536: Failed appendEntries as snapshot (61) installation is in progress
2022-10-18 03:54:13,205 [omNode-2-server-thread1] INFO  server.RaftServer$Division (RaftServerImpl.java:checkInconsistentAppendEntries(1394)) - omNode-2@group-523986131536: inconsistency entries. Reply:omNode-1<-omNode-2#792:FAIL-t7,INCONSISTENCY,nextIndex=59,followerCommit=58
2022-10-18 03:54:13,206 [grpc-default-executor-1] INFO  leader.FollowerInfo (FollowerInfoImpl.java:lambda$new$0(48)) - omNode-1@group-523986131536->omNode-2: nextIndex: updateUnconditionally 59 -> 59
2022-10-18 03:54:13,207 [grpc-default-executor-2] INFO  impl.SnapshotInstallationHandler (SnapshotInstallationHandler.java:installSnapshot(84)) - omNode-2@group-523986131536: receive installSnapshot: omNode-1->omNode-2#0-t7,notify:(t:7, i:61)
2022-10-18 03:54:13,207 [grpc-default-executor-2] INFO  impl.SnapshotInstallationHandler (SnapshotInstallationHandler.java:installSnapshot(95)) - omNode-2@group-523986131536: reply installSnapshot: omNode-1<-omNode-2#0:FAIL-t7,IN_PROGRESS
2022-10-18 03:54:13,207 [grpc-default-executor-2] INFO  server.GrpcServerProtocolService (GrpcServerProtocolService.java:onCompleted(140)) - omNode-2: Completed INSTALL_SNAPSHOT, lastRequest: omNode-1->omNode-2#0-t7,notify:(t:7, i:61)
2022-10-18 03:54:13,208 [grpc-default-executor-2] INFO  server.GrpcLogAppender (GrpcLogAppender.java:onNext(403)) - omNode-1@group-523986131536->omNode-2-InstallSnapshotResponseHandler: received a reply omNode-1<-omNode-2#0:FAIL-t7,IN_PROGRESS
2022-10-18 03:54:13,208 [grpc-default-executor-2] INFO  server.GrpcLogAppender (GrpcLogAppender.java:onNext(421)) - omNode-1@group-523986131536->omNode-2-InstallSnapshotResponseHandler: InstallSnapshot in progress.
2022-10-18 03:54:13,208 [omNode-1@group-523986131536->omNode-2-GrpcLogAppender-LogAppenderDaemon] INFO  server.GrpcLogAppender (GrpcLogAppender.java:installSnapshot(541)) - omNode-1@group-523986131536->omNode-2-GrpcLogAppender: followerNextIndex = 59 but logStartIndex = 61, notify follower to install snapshot-(t:7, i:61)
2022-10-18 03:54:13,208 [omNode-1@group-523986131536->omNode-2-GrpcLogAppender-LogAppenderDaemon] INFO  server.GrpcLogAppender (GrpcLogAppender.java:installSnapshot(549)) - omNode-1@group-523986131536->omNode-2-GrpcLogAppender: send omNode-1->omNode-2#0-t7,notify:(t:7, i:61)
2022-10-18 03:54:13,208 [omNode-2-server-thread1] INFO  server.RaftServer$Division (RaftServerImpl.java:checkInconsistentAppendEntries(1402)) - omNode-2@group-523986131536: Failed appendEntries as snapshot (61) installation is in progress
2022-10-18 03:54:13,208 [omNode-2-server-thread1] INFO  server.RaftServer$Division (RaftServerImpl.java:checkInconsistentAppendEntries(1394)) - omNode-2@group-523986131536: inconsistency entries. Reply:omNode-1<-omNode-2#793:FAIL-t7,INCONSISTENCY,nextIndex=59,followerCommit=58
2022-10-18 03:54:13,209 [grpc-default-executor-3] INFO  impl.SnapshotInstallationHandler (SnapshotInstallationHandler.java:installSnapshot(84)) - omNode-2@group-523986131536: receive installSnapshot: omNode-1->omNode-2#0-t7,notify:(t:7, i:61)
2022-10-18 03:54:13,209 [grpc-default-executor-3] INFO  impl.SnapshotInstallationHandler (SnapshotInstallationHandler.java:installSnapshot(95)) - omNode-2@group-523986131536: reply installSnapshot: omNode-1<-omNode-2#0:FAIL-t7,IN_PROGRESS
2022-10-18 03:54:13,209 [grpc-default-executor-3] INFO  server.GrpcServerProtocolService (GrpcServerProtocolService.java:onCompleted(140)) - omNode-2: Completed INSTALL_SNAPSHOT, lastRequest: omNode-1->omNode-2#0-t7,notify:(t:7, i:61)
2022-10-18 03:54:13,209 [grpc-default-executor-2] INFO  leader.FollowerInfo (FollowerInfoImpl.java:lambda$new$0(48)) - omNode-1@group-523986131536->omNode-2: nextIndex: updateUnconditionally 59 -> 59
2022-10-18 03:54:13,209 [grpc-default-executor-3] INFO  server.GrpcLogAppender (GrpcLogAppender.java:onNext(403)) - omNode-1@group-523986131536->omNode-2-InstallSnapshotResponseHandler: received a reply omNode-1<-omNode-2#0:FAIL-t7,IN_PROGRESS
2022-10-18 03:54:13,209 [grpc-default-executor-3] INFO  server.GrpcLogAppender (GrpcLogAppender.java:onNext(421)) - omNode-1@group-523986131536->omNode-2-InstallSnapshotResponseHandler: InstallSnapshot in progress.
2022-10-18 03:54:13,209 [omNode-1@group-523986131536->omNode-2-GrpcLogAppender-LogAppenderDaemon] INFO  server.GrpcLogAppender (GrpcLogAppender.java:installSnapshot(541)) - omNode-1@group-523986131536->omNode-2-GrpcLogAppender: followerNextIndex = 59 but logStartIndex = 61, notify follower to install snapshot-(t:7, i:61)
2022-10-18 03:54:13,209 [omNode-1@group-523986131536->omNode-2-GrpcLogAppender-LogAppenderDaemon] INFO  server.GrpcLogAppender (GrpcLogAppender.java:installSnapshot(549)) - omNode-1@group-523986131536->omNode-2-GrpcLogAppender: send omNode-1->omNode-2#0-t7,notify:(t:7, i:61)
2022-10-18 03:54:13,210 [omNode-2-server-thread1] INFO  server.RaftServer$Division (RaftServerImpl.java:checkInconsistentAppendEntries(1402)) - omNode-2@group-523986131536: Failed appendEntries as snapshot (61) installation is in progress
2022-10-18 03:54:13,210 [omNode-2-server-thread1] INFO  server.RaftServer$Division (RaftServerImpl.java:checkInconsistentAppendEntries(1394)) - omNode-2@group-523986131536: inconsistency entries. Reply:omNode-1<-omNode-2#794:FAIL-t7,INCONSISTENCY,nextIndex=59,followerCommit=58
2022-10-18 03:54:13,210 [grpc-default-executor-2] INFO  leader.FollowerInfo (FollowerInfoImpl.java:lambda$new$0(48)) - omNode-1@group-523986131536->omNode-2: nextIndex: updateUnconditionally 59 -> 59
2022-10-18 03:54:13,211 [grpc-default-executor-3] INFO  impl.SnapshotInstallationHandler (SnapshotInstallationHandler.java:installSnapshot(84)) - omNode-2@group-523986131536: receive installSnapshot: omNode-1->omNode-2#0-t7,notify:(t:7, i:61)
2022-10-18 03:54:13,211 [grpc-default-executor-3] INFO  impl.SnapshotInstallationHandler (SnapshotInstallationHandler.java:installSnapshot(95)) - omNode-2@group-523986131536: reply installSnapshot: omNode-1<-omNode-2#0:FAIL-t7,IN_PROGRESS
2022-10-18 03:54:13,211 [grpc-default-executor-3] INFO  server.GrpcServerProtocolService (GrpcServerProtocolService.java:onCompleted(140)) - omNode-2: Completed INSTALL_SNAPSHOT, lastRequest: omNode-1->omNode-2#0-t7,notify:(t:7, i:61)
2022-10-18 03:54:13,214 [grpc-default-executor-3] INFO  server.GrpcLogAppender (GrpcLogAppender.java:onNext(403)) - omNode-1@group-523986131536->omNode-2-InstallSnapshotResponseHandler: received a reply omNode-1<-omNode-2#0:FAIL-t7,IN_PROGRESS
2022-10-18 03:54:13,214 [grpc-default-executor-3] INFO  server.GrpcLogAppender (GrpcLogAppender.java:onNext(421)) - omNode-1@group-523986131536->omNode-2-InstallSnapshotResponseHandler: InstallSnapshot in progress.
2022-10-18 03:54:13,214 [omNode-1@group-523986131536->omNode-2-GrpcLogAppender-LogAppenderDaemon] INFO  server.GrpcLogAppender (GrpcLogAppender.java:installSnapshot(541)) - omNode-1@group-523986131536->omNode-2-GrpcLogAppender: followerNextIndex = 59 but logStartIndex = 61, notify follower to install snapshot-(t:7, i:61)
2022-10-18 03:54:13,214 [omNode-1@group-523986131536->omNode-2-GrpcLogAppender-LogAppenderDaemon] INFO  server.GrpcLogAppender (GrpcLogAppender.java:installSnapshot(549)) - omNode-1@group-523986131536->omNode-2-GrpcLogAppender: send omNode-1->omNode-2#0-t7,notify:(t:7, i:61)
2022-10-18 03:54:13,216 [omNode-2-server-thread1] INFO  server.RaftServer$Division (RaftServerImpl.java:checkInconsistentAppendEntries(1402)) - omNode-2@group-523986131536: Failed appendEntries as snapshot (61) installation is in progress
2022-10-18 03:54:13,216 [omNode-2-server-thread1] INFO  server.RaftServer$Division (RaftServerImpl.java:checkInconsistentAppendEntries(1394)) - omNode-2@group-523986131536: inconsistency entries. Reply:omNode-1<-omNode-2#795:FAIL-t7,INCONSISTENCY,nextIndex=59,followerCommit=58
2022-10-18 03:54:13,216 [grpc-default-executor-3] INFO  impl.SnapshotInstallationHandler (SnapshotInstallationHandler.java:installSnapshot(84)) - omNode-2@group-523986131536: receive installSnapshot: omNode-1->omNode-2#0-t7,notify:(t:7, i:61)
2022-10-18 03:54:13,216 [grpc-default-executor-3] INFO  impl.SnapshotInstallationHandler (SnapshotInstallationHandler.java:installSnapshot(95)) - omNode-2@group-523986131536: reply installSnapshot: omNode-1<-omNode-2#0:FAIL-t7,IN_PROGRESS
2022-10-18 03:54:13,216 [grpc-default-executor-3] INFO  server.GrpcServerProtocolService (GrpcServerProtocolService.java:onCompleted(140)) - omNode-2: Completed INSTALL_SNAPSHOT, lastRequest: omNode-1->omNode-2#0-t7,notify:(t:7, i:61)
2022-10-18 03:54:13,216 [grpc-default-executor-2] INFO  leader.FollowerInfo (FollowerInfoImpl.java:lambda$new$0(48)) - omNode-1@group-523986131536->omNode-2: nextIndex: updateUnconditionally 59 -> 59
2022-10-18 03:54:13,216 [grpc-default-executor-3] INFO  server.GrpcLogAppender (GrpcLogAppender.java:onNext(403)) - omNode-1@group-523986131536->omNode-2-InstallSnapshotResponseHandler: received a reply omNode-1<-omNode-2#0:FAIL-t7,IN_PROGRESS
2022-10-18 03:54:13,216 [grpc-default-executor-3] INFO  server.GrpcLogAppender (GrpcLogAppender.java:onNext(421)) - omNode-1@group-523986131536->omNode-2-InstallSnapshotResponseHandler: InstallSnapshot in progress.
2022-10-18 03:54:13,217 [omNode-1@group-523986131536->omNode-2-GrpcLogAppender-LogAppenderDaemon] INFO  server.GrpcLogAppender (GrpcLogAppender.java:installSnapshot(541)) - omNode-1@group-523986131536->omNode-2-GrpcLogAppender: followerNextIndex = 59 but logStartIndex = 61, notify follower to install snapshot-(t:7, i:61)
2022-10-18 03:54:13,217 [omNode-1@group-523986131536->omNode-2-GrpcLogAppender-LogAppenderDaemon] INFO  server.GrpcLogAppender (GrpcLogAppender.java:installSnapshot(549)) - omNode-1@group-523986131536->omNode-2-GrpcLogAppender: send omNode-1->omNode-2#0-t7,notify:(t:7, i:61)
2022-10-18 03:54:13,219 [omNode-2-server-thread1] INFO  server.RaftServer$Division (RaftServerImpl.java:checkInconsistentAppendEntries(1402)) - omNode-2@group-523986131536: Failed appendEntries as snapshot (61) installation is in progress
2022-10-18 03:54:13,219 [omNode-2-server-thread1] INFO  server.RaftServer$Division (RaftServerImpl.java:checkInconsistentAppendEntries(1394)) - omNode-2@group-523986131536: inconsistency entries. Reply:omNode-1<-omNode-2#796:FAIL-t7,INCONSISTENCY,nextIndex=59,followerCommit=58
2022-10-18 03:54:13,219 [grpc-default-executor-3] INFO  impl.SnapshotInstallationHandler (SnapshotInstallationHandler.java:installSnapshot(84)) - omNode-2@group-523986131536: receive installSnapshot: omNode-1->omNode-2#0-t7,notify:(t:7, i:61)
2022-10-18 03:54:13,220 [grpc-default-executor-3] INFO  impl.SnapshotInstallationHandler (SnapshotInstallationHandler.java:installSnapshot(95)) - omNode-2@group-523986131536: reply installSnapshot: omNode-1<-omNode-2#0:FAIL-t7,IN_PROGRESS
2022-10-18 03:54:13,220 [grpc-default-executor-3] INFO  server.GrpcServerProtocolService (GrpcServerProtocolService.java:onCompleted(140)) - omNode-2: Completed INSTALL_SNAPSHOT, lastRequest: omNode-1->omNode-2#0-t7,notify:(t:7, i:61)
2022-10-18 03:54:13,220 [grpc-default-executor-1] INFO  leader.FollowerInfo (FollowerInfoImpl.java:lambda$new$0(48)) - omNode-1@group-523986131536->omNode-2: nextIndex: updateUnconditionally 59 -> 59
2022-10-18 03:54:13,220 [grpc-default-executor-3] INFO  server.GrpcLogAppender (GrpcLogAppender.java:onNext(403)) - omNode-1@group-523986131536->omNode-2-InstallSnapshotResponseHandler: received a reply omNode-1<-omNode-2#0:FAIL-t7,IN_PROGRESS
2022-10-18 03:54:13,220 [grpc-default-executor-3] INFO  server.GrpcLogAppender (GrpcLogAppender.java:onNext(421)) - omNode-1@group-523986131536->omNode-2-InstallSnapshotResponseHandler: InstallSnapshot in progress.
2022-10-18 03:54:13,220 [omNode-1@group-523986131536->omNode-2-GrpcLogAppender-LogAppenderDaemon] INFO  server.GrpcLogAppender (GrpcLogAppender.java:installSnapshot(541)) - omNode-1@group-523986131536->omNode-2-GrpcLogAppender: followerNextIndex = 59 but logStartIndex = 61, notify follower to install snapshot-(t:7, i:61)
2022-10-18 03:54:13,220 [omNode-1@group-523986131536->omNode-2-GrpcLogAppender-LogAppenderDaemon] INFO  server.GrpcLogAppender (GrpcLogAppender.java:installSnapshot(549)) - omNode-1@group-523986131536->omNode-2-GrpcLogAppender: send omNode-1->omNode-2#0-t7,notify:(t:7, i:61)
2022-10-18 03:54:13,221 [omNode-2-server-thread1] INFO  server.RaftServer$Division (RaftServerImpl.java:checkInconsistentAppendEntries(1402)) - omNode-2@group-523986131536: Failed appendEntries as snapshot (61) installation is in progress
2022-10-18 03:54:13,221 [omNode-2-server-thread1] INFO  server.RaftServer$Division (RaftServerImpl.java:checkInconsistentAppendEntries(1394)) - omNode-2@group-523986131536: inconsistency entries. Reply:omNode-1<-omNode-2#797:FAIL-t7,INCONSISTENCY,nextIndex=59,followerCommit=58
2022-10-18 03:54:13,221 [grpc-default-executor-2] INFO  impl.SnapshotInstallationHandler (SnapshotInstallationHandler.java:installSnapshot(84)) - omNode-2@group-523986131536: receive installSnapshot: omNode-1->omNode-2#0-t7,notify:(t:7, i:61)
2022-10-18 03:54:13,221 [grpc-default-executor-2] INFO  impl.SnapshotInstallationHandler (SnapshotInstallationHandler.java:installSnapshot(95)) - omNode-2@group-523986131536: reply installSnapshot: omNode-1<-omNode-2#0:FAIL-t7,IN_PROGRESS
2022-10-18 03:54:13,221 [grpc-default-executor-2] INFO  server.GrpcServerProtocolService (GrpcServerProtocolService.java:onCompleted(140)) - omNode-2: Completed INSTALL_SNAPSHOT, lastRequest: omNode-1->omNode-2#0-t7,notify:(t:7, i:61)
2022-10-18 03:54:13,221 [grpc-default-executor-3] INFO  leader.FollowerInfo (FollowerInfoImpl.java:lambda$new$0(48)) - omNode-1@group-523986131536->omNode-2: nextIndex: updateUnconditionally 59 -> 59
2022-10-18 03:54:13,222 [grpc-default-executor-2] INFO  server.GrpcLogAppender (GrpcLogAppender.java:onNext(403)) - omNode-1@group-523986131536->omNode-2-InstallSnapshotResponseHandler: received a reply omNode-1<-omNode-2#0:FAIL-t7,IN_PROGRESS
2022-10-18 03:54:13,222 [grpc-default-executor-2] INFO  server.GrpcLogAppender (GrpcLogAppender.java:onNext(421)) - omNode-1@group-523986131536->omNode-2-InstallSnapshotResponseHandler: InstallSnapshot in progress.
2022-10-18 03:54:13,222 [omNode-1@group-523986131536->omNode-2-GrpcLogAppender-LogAppenderDaemon] INFO  server.GrpcLogAppender (GrpcLogAppender.java:installSnapshot(541)) - omNode-1@group-523986131536->omNode-2-GrpcLogAppender: followerNextIndex = 59 but logStartIndex = 61, notify follower to install snapshot-(t:7, i:61)
2022-10-18 03:54:13,222 [omNode-1@group-523986131536->omNode-2-GrpcLogAppender-LogAppenderDaemon] INFO  server.GrpcLogAppender (GrpcLogAppender.java:installSnapshot(549)) - omNode-1@group-523986131536->omNode-2-GrpcLogAppender: send omNode-1->omNode-2#0-t7,notify:(t:7, i:61)
2022-10-18 03:54:13,222 [omNode-2-server-thread1] INFO  server.RaftServer$Division (RaftServerImpl.java:checkInconsistentAppendEntries(1402)) - omNode-2@group-523986131536: Failed appendEntries as snapshot (61) installation is in progress
2022-10-18 03:54:13,222 [omNode-2-server-thread1] INFO  server.RaftServer$Division (RaftServerImpl.java:checkInconsistentAppendEntries(1394)) - omNode-2@group-523986131536: inconsistency entries. Reply:omNode-1<-omNode-2#798:FAIL-t7,INCONSISTENCY,nextIndex=59,followerCommit=58
2022-10-18 03:54:13,223 [grpc-default-executor-3] INFO  impl.SnapshotInstallationHandler (SnapshotInstallationHandler.java:installSnapshot(84)) - omNode-2@group-523986131536: receive installSnapshot: omNode-1->omNode-2#0-t7,notify:(t:7, i:61)
2022-10-18 03:54:13,223 [grpc-default-executor-3] INFO  impl.SnapshotInstallationHandler (SnapshotInstallationHandler.java:installSnapshot(95)) - omNode-2@group-523986131536: reply installSnapshot: omNode-1<-omNode-2#0:FAIL-t7,IN_PROGRESS
2022-10-18 03:54:13,223 [grpc-default-executor-3] INFO  server.GrpcServerProtocolService (GrpcServerProtocolService.java:onCompleted(140)) - omNode-2: Completed INSTALL_SNAPSHOT, lastRequest: omNode-1->omNode-2#0-t7,notify:(t:7, i:61)
2022-10-18 03:54:13,223 [grpc-default-executor-1] INFO  leader.FollowerInfo (FollowerInfoImpl.java:lambda$new$0(48)) - omNode-1@group-523986131536->omNode-2: nextIndex: updateUnconditionally 59 -> 59
2022-10-18 03:54:13,226 [grpc-default-executor-1] INFO  server.GrpcLogAppender (GrpcLogAppender.java:onNext(403)) - omNode-1@group-523986131536->omNode-2-InstallSnapshotResponseHandler: received a reply omNode-1<-omNode-2#0:FAIL-t7,IN_PROGRESS
2022-10-18 03:54:13,226 [grpc-default-executor-1] INFO  server.GrpcLogAppender (GrpcLogAppender.java:onNext(421)) - omNode-1@group-523986131536->omNode-2-InstallSnapshotResponseHandler: InstallSnapshot in progress.
2022-10-18 03:54:13,226 [omNode-1@group-523986131536->omNode-2-GrpcLogAppender-LogAppenderDaemon] INFO  server.GrpcLogAppender (GrpcLogAppender.java:installSnapshot(541)) - omNode-1@group-523986131536->omNode-2-GrpcLogAppender: followerNextIndex = 59 but logStartIndex = 61, notify follower to install snapshot-(t:7, i:61)
2022-10-18 03:54:13,226 [omNode-1@group-523986131536->omNode-2-GrpcLogAppender-LogAppenderDaemon] INFO  server.GrpcLogAppender (GrpcLogAppender.java:installSnapshot(549)) - omNode-1@group-523986131536->omNode-2-GrpcLogAppender: send omNode-1->omNode-2#0-t7,notify:(t:7, i:61)
2022-10-18 03:54:13,229 [omNode-2-server-thread1] INFO  server.RaftServer$Division (RaftServerImpl.java:checkInconsistentAppendEntries(1402)) - omNode-2@group-523986131536: Failed appendEntries as snapshot (61) installation is in progress
2022-10-18 03:54:13,229 [omNode-2-server-thread1] INFO  server.RaftServer$Division (RaftServerImpl.java:checkInconsistentAppendEntries(1394)) - omNode-2@group-523986131536: inconsistency entries. Reply:omNode-1<-omNode-2#799:FAIL-t7,INCONSISTENCY,nextIndex=59,followerCommit=58
2022-10-18 03:54:13,232 [grpc-default-executor-1] INFO  impl.SnapshotInstallationHandler (SnapshotInstallationHandler.java:installSnapshot(84)) - omNode-2@group-523986131536: receive installSnapshot: omNode-1->omNode-2#0-t7,notify:(t:7, i:61)
2022-10-18 03:54:13,232 [grpc-default-executor-1] INFO  impl.SnapshotInstallationHandler (SnapshotInstallationHandler.java:installSnapshot(95)) - omNode-2@group-523986131536: reply installSnapshot: omNode-1<-omNode-2#0:FAIL-t7,IN_PROGRESS
2022-10-18 03:54:13,232 [grpc-default-executor-1] INFO  server.GrpcServerProtocolService (GrpcServerProtocolService.java:onCompleted(140)) - omNode-2: Completed INSTALL_SNAPSHOT, lastRequest: omNode-1->omNode-2#0-t7,notify:(t:7, i:61)
2022-10-18 03:54:13,232 [grpc-default-executor-3] INFO  leader.FollowerInfo (FollowerInfoImpl.java:lambda$new$0(48)) - omNode-1@group-523986131536->omNode-2: nextIndex: updateUnconditionally 59 -> 59
2022-10-18 03:54:13,232 [grpc-default-executor-1] INFO  server.GrpcLogAppender (GrpcLogAppender.java:onNext(403)) - omNode-1@group-523986131536->omNode-2-InstallSnapshotResponseHandler: received a reply omNode-1<-omNode-2#0:FAIL-t7,IN_PROGRESS
2022-10-18 03:54:13,232 [grpc-default-executor-1] INFO  server.GrpcLogAppender (GrpcLogAppender.java:onNext(421)) - omNode-1@group-523986131536->omNode-2-InstallSnapshotResponseHandler: InstallSnapshot in progress.
2022-10-18 03:54:13,232 [omNode-1@group-523986131536->omNode-2-GrpcLogAppender-LogAppenderDaemon] INFO  server.GrpcLogAppender (GrpcLogAppender.java:installSnapshot(541)) - omNode-1@group-523986131536->omNode-2-GrpcLogAppender: followerNextIndex = 59 but logStartIndex = 61, notify follower to install snapshot-(t:7, i:61)
2022-10-18 03:54:13,233 [omNode-1@group-523986131536->omNode-2-GrpcLogAppender-LogAppenderDaemon] INFO  server.GrpcLogAppender (GrpcLogAppender.java:installSnapshot(549)) - omNode-1@group-523986131536->omNode-2-GrpcLogAppender: send omNode-1->omNode-2#0-t7,notify:(t:7, i:61)
2022-10-18 03:54:13,233 [omNode-2-server-thread1] INFO  server.RaftServer$Division (RaftServerImpl.java:checkInconsistentAppendEntries(1402)) - omNode-2@group-523986131536: Failed appendEntries as snapshot (61) installation is in progress
2022-10-18 03:54:13,233 [omNode-2-server-thread1] INFO  server.RaftServer$Division (RaftServerImpl.java:checkInconsistentAppendEntries(1394)) - omNode-2@group-523986131536: inconsistency entries. Reply:omNode-1<-omNode-2#800:FAIL-t7,INCONSISTENCY,nextIndex=59,followerCommit=58
2022-10-18 03:54:13,233 [grpc-default-executor-3] INFO  impl.SnapshotInstallationHandler (SnapshotInstallationHandler.java:installSnapshot(84)) - omNode-2@group-523986131536: receive installSnapshot: omNode-1->omNode-2#0-t7,notify:(t:7, i:61)
2022-10-18 03:54:13,233 [grpc-default-executor-3] INFO  impl.SnapshotInstallationHandler (SnapshotInstallationHandler.java:installSnapshot(95)) - omNode-2@group-523986131536: reply installSnapshot: omNode-1<-omNode-2#0:FAIL-t7,IN_PROGRESS
2022-10-18 03:54:13,233 [grpc-default-executor-3] INFO  server.GrpcServerProtocolService (GrpcServerProtocolService.java:onCompleted(140)) - omNode-2: Completed INSTALL_SNAPSHOT, lastRequest: omNode-1->omNode-2#0-t7,notify:(t:7, i:61)
2022-10-18 03:54:13,234 [grpc-default-executor-2] INFO  server.GrpcLogAppender (GrpcLogAppender.java:onNext(403)) - omNode-1@group-523986131536->omNode-2-InstallSnapshotResponseHandler: received a reply omNode-1<-omNode-2#0:FAIL-t7,IN_PROGRESS
2022-10-18 03:54:13,234 [grpc-default-executor-2] INFO  server.GrpcLogAppender (GrpcLogAppender.java:onNext(421)) - omNode-1@group-523986131536->omNode-2-InstallSnapshotResponseHandler: InstallSnapshot in progress.
2022-10-18 03:54:13,234 [omNode-1@group-523986131536->omNode-2-GrpcLogAppender-LogAppenderDaemon] INFO  server.GrpcLogAppender (GrpcLogAppender.java:installSnapshot(541)) - omNode-1@group-523986131536->omNode-2-GrpcLogAppender: followerNextIndex = 59 but logStartIndex = 61, notify follower to install snapshot-(t:7, i:61)
2022-10-18 03:54:13,234 [omNode-1@group-523986131536->omNode-2-GrpcLogAppender-LogAppenderDaemon] INFO  server.GrpcLogAppender (GrpcLogAppender.java:installSnapshot(549)) - omNode-1@group-523986131536->omNode-2-GrpcLogAppender: send omNode-1->omNode-2#0-t7,notify:(t:7, i:61)
2022-10-18 03:54:13,235 [grpc-default-executor-0] INFO  impl.SnapshotInstallationHandler (SnapshotInstallationHandler.java:installSnapshot(84)) - omNode-2@group-523986131536: receive installSnapshot: omNode-1->omNode-2#0-t7,notify:(t:7, i:61)
2022-10-18 03:54:13,235 [grpc-default-executor-0] INFO  impl.SnapshotInstallationHandler (SnapshotInstallationHandler.java:installSnapshot(95)) - omNode-2@group-523986131536: reply installSnapshot: omNode-1<-omNode-2#0:FAIL-t7,IN_PROGRESS
2022-10-18 03:54:13,235 [grpc-default-executor-0] INFO  server.GrpcServerProtocolService (GrpcServerProtocolService.java:onCompleted(140)) - omNode-2: Completed INSTALL_SNAPSHOT, lastRequest: omNode-1->omNode-2#0-t7,notify:(t:7, i:61)
2022-10-18 03:54:13,236 [grpc-default-executor-0] INFO  server.GrpcLogAppender (GrpcLogAppender.java:onNext(403)) - omNode-1@group-523986131536->omNode-2-InstallSnapshotResponseHandler: received a reply omNode-1<-omNode-2#0:FAIL-t7,IN_PROGRESS
2022-10-18 03:54:13,236 [grpc-default-executor-0] INFO  server.GrpcLogAppender (GrpcLogAppender.java:onNext(421)) - omNode-1@group-523986131536->omNode-2-InstallSnapshotResponseHandler: InstallSnapshot in progress.
2022-10-18 03:54:13,236 [omNode-2-server-thread1] INFO  server.RaftServer$Division (RaftServerImpl.java:checkInconsistentAppendEntries(1402)) - omNode-2@group-523986131536: Failed appendEntries as snapshot (61) installation is in progress
2022-10-18 03:54:13,236 [omNode-2-server-thread1] INFO  server.RaftServer$Division (RaftServerImpl.java:checkInconsistentAppendEntries(1394)) - omNode-2@group-523986131536: inconsistency entries. Reply:omNode-1<-omNode-2#801:FAIL-t7,INCONSISTENCY,nextIndex=59,followerCommit=58
2022-10-18 03:54:13,236 [omNode-1@group-523986131536->omNode-2-GrpcLogAppender-LogAppenderDaemon] INFO  server.GrpcLogAppender (GrpcLogAppender.java:installSnapshot(541)) - omNode-1@group-523986131536->omNode-2-GrpcLogAppender: followerNextIndex = 59 but logStartIndex = 61, notify follower to install snapshot-(t:7, i:61)
2022-10-18 03:54:13,236 [grpc-default-executor-1] INFO  leader.FollowerInfo (FollowerInfoImpl.java:lambda$new$0(48)) - omNode-1@group-523986131536->omNode-2: nextIndex: updateUnconditionally 59 -> 59
2022-10-18 03:54:13,236 [omNode-1@group-523986131536->omNode-2-GrpcLogAppender-LogAppenderDaemon] INFO  server.GrpcLogAppender (GrpcLogAppender.java:installSnapshot(549)) - omNode-1@group-523986131536->omNode-2-GrpcLogAppender: send omNode-1->omNode-2#0-t7,notify:(t:7, i:61)
2022-10-18 03:54:13,236 [omNode-2-server-thread1] INFO  server.RaftServer$Division (RaftServerImpl.java:checkInconsistentAppendEntries(1402)) - omNode-2@group-523986131536: Failed appendEntries as snapshot (61) installation is in progress
2022-10-18 03:54:13,236 [omNode-2-server-thread1] INFO  server.RaftServer$Division (RaftServerImpl.java:checkInconsistentAppendEntries(1394)) - omNode-2@group-523986131536: inconsistency entries. Reply:omNode-1<-omNode-2#802:FAIL-t7,INCONSISTENCY,nextIndex=59,followerCommit=58
2022-10-18 03:54:13,237 [grpc-default-executor-1] INFO  leader.FollowerInfo (FollowerInfoImpl.java:lambda$new$0(48)) - omNode-1@group-523986131536->omNode-2: nextIndex: updateUnconditionally 59 -> 59
2022-10-18 03:54:13,237 [grpc-default-executor-1] INFO  leader.FollowerInfo (FollowerInfoImpl.java:lambda$new$0(48)) - omNode-1@group-523986131536->omNode-2: nextIndex: updateUnconditionally 59 -> 59
2022-10-18 03:54:13,237 [grpc-default-executor-3] INFO  impl.SnapshotInstallationHandler (SnapshotInstallationHandler.java:installSnapshot(84)) - omNode-2@group-523986131536: receive installSnapshot: omNode-1->omNode-2#0-t7,notify:(t:7, i:61)
2022-10-18 03:54:13,237 [grpc-default-executor-3] INFO  impl.SnapshotInstallationHandler (SnapshotInstallationHandler.java:installSnapshot(95)) - omNode-2@group-523986131536: reply installSnapshot: omNode-1<-omNode-2#0:FAIL-t7,IN_PROGRESS
2022-10-18 03:54:13,237 [grpc-default-executor-3] INFO  server.GrpcServerProtocolService (GrpcServerProtocolService.java:onCompleted(140)) - omNode-2: Completed INSTALL_SNAPSHOT, lastRequest: omNode-1->omNode-2#0-t7,notify:(t:7, i:61)
2022-10-18 03:54:13,239 [grpc-default-executor-3] INFO  server.GrpcLogAppender (GrpcLogAppender.java:onNext(403)) - omNode-1@group-523986131536->omNode-2-InstallSnapshotResponseHandler: received a reply omNode-1<-omNode-2#0:FAIL-t7,IN_PROGRESS
2022-10-18 03:54:13,239 [grpc-default-executor-3] INFO  server.GrpcLogAppender (GrpcLogAppender.java:onNext(421)) - omNode-1@group-523986131536->omNode-2-InstallSnapshotResponseHandler: InstallSnapshot in progress.
2022-10-18 03:54:13,239 [omNode-1@group-523986131536->omNode-2-GrpcLogAppender-LogAppenderDaemon] INFO  server.GrpcLogAppender (GrpcLogAppender.java:installSnapshot(541)) - omNode-1@group-523986131536->omNode-2-GrpcLogAppender: followerNextIndex = 59 but logStartIndex = 61, notify follower to install snapshot-(t:7, i:61)
2022-10-18 03:54:13,240 [omNode-1@group-523986131536->omNode-2-GrpcLogAppender-LogAppenderDaemon] INFO  server.GrpcLogAppender (GrpcLogAppender.java:installSnapshot(549)) - omNode-1@group-523986131536->omNode-2-GrpcLogAppender: send omNode-1->omNode-2#0-t7,notify:(t:7, i:61)
2022-10-18 03:54:13,240 [omNode-2-server-thread1] INFO  server.RaftServer$Division (RaftServerImpl.java:checkInconsistentAppendEntries(1402)) - omNode-2@group-523986131536: Failed appendEntries as snapshot (61) installation is in progress
2022-10-18 03:54:13,241 [omNode-2-server-thread1] INFO  server.RaftServer$Division (RaftServerImpl.java:checkInconsistentAppendEntries(1394)) - omNode-2@group-523986131536: inconsistency entries. Reply:omNode-1<-omNode-2#803:FAIL-t7,INCONSISTENCY,nextIndex=59,followerCommit=58
2022-10-18 03:54:13,241 [grpc-default-executor-3] INFO  impl.SnapshotInstallationHandler (SnapshotInstallationHandler.java:installSnapshot(84)) - omNode-2@group-523986131536: receive installSnapshot: omNode-1->omNode-2#0-t7,notify:(t:7, i:61)
2022-10-18 03:54:13,241 [grpc-default-executor-3] INFO  impl.SnapshotInstallationHandler (SnapshotInstallationHandler.java:installSnapshot(95)) - omNode-2@group-523986131536: reply installSnapshot: omNode-1<-omNode-2#0:FAIL-t7,IN_PROGRESS
2022-10-18 03:54:13,242 [grpc-default-executor-3] INFO  server.GrpcServerProtocolService (GrpcServerProtocolService.java:onCompleted(140)) - omNode-2: Completed INSTALL_SNAPSHOT, lastRequest: omNode-1->omNode-2#0-t7,notify:(t:7, i:61)
2022-10-18 03:54:13,242 [grpc-default-executor-1] INFO  leader.FollowerInfo (FollowerInfoImpl.java:lambda$new$0(48)) - omNode-1@group-523986131536->omNode-2: nextIndex: updateUnconditionally 59 -> 59
2022-10-18 03:54:13,242 [grpc-default-executor-1] INFO  server.GrpcLogAppender (GrpcLogAppender.java:onNext(403)) - omNode-1@group-523986131536->omNode-2-InstallSnapshotResponseHandler: received a reply omNode-1<-omNode-2#0:FAIL-t7,IN_PROGRESS
2022-10-18 03:54:13,242 [grpc-default-executor-1] INFO  server.GrpcLogAppender (GrpcLogAppender.java:onNext(421)) - omNode-1@group-523986131536->omNode-2-InstallSnapshotResponseHandler: InstallSnapshot in progress.
2022-10-18 03:54:13,242 [omNode-1@group-523986131536->omNode-2-GrpcLogAppender-LogAppenderDaemon] INFO  server.GrpcLogAppender (GrpcLogAppender.java:installSnapshot(541)) - omNode-1@group-523986131536->omNode-2-GrpcLogAppender: followerNextIndex = 59 but logStartIndex = 61, notify follower to install snapshot-(t:7, i:61)
2022-10-18 03:54:13,242 [omNode-1@group-523986131536->omNode-2-GrpcLogAppender-LogAppenderDaemon] INFO  server.GrpcLogAppender (GrpcLogAppender.java:installSnapshot(549)) - omNode-1@group-523986131536->omNode-2-GrpcLogAppender: send omNode-1->omNode-2#0-t7,notify:(t:7, i:61)
2022-10-18 03:54:13,243 [omNode-2-server-thread1] INFO  server.RaftServer$Division (RaftServerImpl.java:checkInconsistentAppendEntries(1402)) - omNode-2@group-523986131536: Failed appendEntries as snapshot (61) installation is in progress
2022-10-18 03:54:13,243 [omNode-2-server-thread1] INFO  server.RaftServer$Division (RaftServerImpl.java:checkInconsistentAppendEntries(1394)) - omNode-2@group-523986131536: inconsistency entries. Reply:omNode-1<-omNode-2#804:FAIL-t7,INCONSISTENCY,nextIndex=59,followerCommit=58
2022-10-18 03:54:13,243 [grpc-default-executor-3] INFO  impl.SnapshotInstallationHandler (SnapshotInstallationHandler.java:installSnapshot(84)) - omNode-2@group-523986131536: receive installSnapshot: omNode-1->omNode-2#0-t7,notify:(t:7, i:61)
2022-10-18 03:54:13,243 [grpc-default-executor-3] INFO  impl.SnapshotInstallationHandler (SnapshotInstallationHandler.java:installSnapshot(95)) - omNode-2@group-523986131536: reply installSnapshot: omNode-1<-omNode-2#0:FAIL-t7,IN_PROGRESS
2022-10-18 03:54:13,243 [grpc-default-executor-3] INFO  server.GrpcServerProtocolService (GrpcServerProtocolService.java:onCompleted(140)) - omNode-2: Completed INSTALL_SNAPSHOT, lastRequest: omNode-1->omNode-2#0-t7,notify:(t:7, i:61)
2022-10-18 03:54:13,243 [grpc-default-executor-1] INFO  leader.FollowerInfo (FollowerInfoImpl.java:lambda$new$0(48)) - omNode-1@group-523986131536->omNode-2: nextIndex: updateUnconditionally 59 -> 59
2022-10-18 03:54:13,246 [grpc-default-executor-1] INFO  server.GrpcLogAppender (GrpcLogAppender.java:onNext(403)) - omNode-1@group-523986131536->omNode-2-InstallSnapshotResponseHandler: received a reply omNode-1<-omNode-2#0:FAIL-t7,IN_PROGRESS
2022-10-18 03:54:13,246 [grpc-default-executor-1] INFO  server.GrpcLogAppender (GrpcLogAppender.java:onNext(421)) - omNode-1@group-523986131536->omNode-2-InstallSnapshotResponseHandler: InstallSnapshot in progress.
2022-10-18 03:54:13,246 [omNode-1@group-523986131536->omNode-2-GrpcLogAppender-LogAppenderDaemon] INFO  server.GrpcLogAppender (GrpcLogAppender.java:installSnapshot(541)) - omNode-1@group-523986131536->omNode-2-GrpcLogAppender: followerNextIndex = 59 but logStartIndex = 61, notify follower to install snapshot-(t:7, i:61)
2022-10-18 03:54:13,246 [omNode-1@group-523986131536->omNode-2-GrpcLogAppender-LogAppenderDaemon] INFO  server.GrpcLogAppender (GrpcLogAppender.java:installSnapshot(549)) - omNode-1@group-523986131536->omNode-2-GrpcLogAppender: send omNode-1->omNode-2#0-t7,notify:(t:7, i:61)
2022-10-18 03:54:13,249 [omNode-2-server-thread1] INFO  server.RaftServer$Division (RaftServerImpl.java:checkInconsistentAppendEntries(1402)) - omNode-2@group-523986131536: Failed appendEntries as snapshot (61) installation is in progress
2022-10-18 03:54:13,249 [omNode-2-server-thread1] INFO  server.RaftServer$Division (RaftServerImpl.java:checkInconsistentAppendEntries(1394)) - omNode-2@group-523986131536: inconsistency entries. Reply:omNode-1<-omNode-2#805:FAIL-t7,INCONSISTENCY,nextIndex=59,followerCommit=58
2022-10-18 03:54:13,249 [grpc-default-executor-1] INFO  impl.SnapshotInstallationHandler (SnapshotInstallationHandler.java:installSnapshot(84)) - omNode-2@group-523986131536: receive installSnapshot: omNode-1->omNode-2#0-t7,notify:(t:7, i:61)
2022-10-18 03:54:13,250 [grpc-default-executor-1] INFO  impl.SnapshotInstallationHandler (SnapshotInstallationHandler.java:installSnapshot(95)) - omNode-2@group-523986131536: reply installSnapshot: omNode-1<-omNode-2#0:FAIL-t7,IN_PROGRESS
2022-10-18 03:54:13,250 [grpc-default-executor-1] INFO  server.GrpcServerProtocolService (GrpcServerProtocolService.java:onCompleted(140)) - omNode-2: Completed INSTALL_SNAPSHOT, lastRequest: omNode-1->omNode-2#0-t7,notify:(t:7, i:61)
2022-10-18 03:54:13,250 [grpc-default-executor-3] INFO  leader.FollowerInfo (FollowerInfoImpl.java:lambda$new$0(48)) - omNode-1@group-523986131536->omNode-2: nextIndex: updateUnconditionally 59 -> 59
2022-10-18 03:54:13,250 [grpc-default-executor-1] INFO  server.GrpcLogAppender (GrpcLogAppender.java:onNext(403)) - omNode-1@group-523986131536->omNode-2-InstallSnapshotResponseHandler: received a reply omNode-1<-omNode-2#0:FAIL-t7,IN_PROGRESS
2022-10-18 03:54:13,250 [grpc-default-executor-1] INFO  server.GrpcLogAppender (GrpcLogAppender.java:onNext(421)) - omNode-1@group-523986131536->omNode-2-InstallSnapshotResponseHandler: InstallSnapshot in progress.
2022-10-18 03:54:13,250 [omNode-1@group-523986131536->omNode-2-GrpcLogAppender-LogAppenderDaemon] INFO  server.GrpcLogAppender (GrpcLogAppender.java:installSnapshot(541)) - omNode-1@group-523986131536->omNode-2-GrpcLogAppender: followerNextIndex = 59 but logStartIndex = 61, notify follower to install snapshot-(t:7, i:61)
2022-10-18 03:54:13,250 [omNode-1@group-523986131536->omNode-2-GrpcLogAppender-LogAppenderDaemon] INFO  server.GrpcLogAppender (GrpcLogAppender.java:installSnapshot(549)) - omNode-1@group-523986131536->omNode-2-GrpcLogAppender: send omNode-1->omNode-2#0-t7,notify:(t:7, i:61)
2022-10-18 03:54:13,251 [omNode-2-server-thread1] INFO  server.RaftServer$Division (RaftServerImpl.java:checkInconsistentAppendEntries(1402)) - omNode-2@group-523986131536: Failed appendEntries as snapshot (61) installation is in progress
2022-10-18 03:54:13,251 [omNode-2-server-thread1] INFO  server.RaftServer$Division (RaftServerImpl.java:checkInconsistentAppendEntries(1394)) - omNode-2@group-523986131536: inconsistency entries. Reply:omNode-1<-omNode-2#806:FAIL-t7,INCONSISTENCY,nextIndex=59,followerCommit=58
2022-10-18 03:54:13,251 [grpc-default-executor-3] INFO  impl.SnapshotInstallationHandler (SnapshotInstallationHandler.java:installSnapshot(84)) - omNode-2@group-523986131536: receive installSnapshot: omNode-1->omNode-2#0-t7,notify:(t:7, i:61)
2022-10-18 03:54:13,251 [grpc-default-executor-3] INFO  impl.SnapshotInstallationHandler (SnapshotInstallationHandler.java:installSnapshot(95)) - omNode-2@group-523986131536: reply installSnapshot: omNode-1<-omNode-2#0:FAIL-t7,IN_PROGRESS
2022-10-18 03:54:13,251 [grpc-default-executor-3] INFO  server.GrpcServerProtocolService (GrpcServerProtocolService.java:onCompleted(140)) - omNode-2: Completed INSTALL_SNAPSHOT, lastRequest: omNode-1->omNode-2#0-t7,notify:(t:7, i:61)
2022-10-18 03:54:13,251 [grpc-default-executor-1] INFO  leader.FollowerInfo (FollowerInfoImpl.java:lambda$new$0(48)) - omNode-1@group-523986131536->omNode-2: nextIndex: updateUnconditionally 59 -> 59
2022-10-18 03:54:13,252 [grpc-default-executor-1] INFO  server.GrpcLogAppender (GrpcLogAppender.java:onNext(403)) - omNode-1@group-523986131536->omNode-2-InstallSnapshotResponseHandler: received a reply omNode-1<-omNode-2#0:FAIL-t7,IN_PROGRESS
2022-10-18 03:54:13,252 [grpc-default-executor-1] INFO  server.GrpcLogAppender (GrpcLogAppender.java:onNext(421)) - omNode-1@group-523986131536->omNode-2-InstallSnapshotResponseHandler: InstallSnapshot in progress.
2022-10-18 03:54:13,252 [omNode-1@group-523986131536->omNode-2-GrpcLogAppender-LogAppenderDaemon] INFO  server.GrpcLogAppender (GrpcLogAppender.java:installSnapshot(541)) - omNode-1@group-523986131536->omNode-2-GrpcLogAppender: followerNextIndex = 59 but logStartIndex = 61, notify follower to install snapshot-(t:7, i:61)
2022-10-18 03:54:13,252 [omNode-1@group-523986131536->omNode-2-GrpcLogAppender-LogAppenderDaemon] INFO  server.GrpcLogAppender (GrpcLogAppender.java:installSnapshot(549)) - omNode-1@group-523986131536->omNode-2-GrpcLogAppender: send omNode-1->omNode-2#0-t7,notify:(t:7, i:61)
2022-10-18 03:54:13,252 [omNode-2-server-thread1] INFO  server.RaftServer$Division (RaftServerImpl.java:checkInconsistentAppendEntries(1402)) - omNode-2@group-523986131536: Failed appendEntries as snapshot (61) installation is in progress
2022-10-18 03:54:13,252 [omNode-2-server-thread1] INFO  server.RaftServer$Division (RaftServerImpl.java:checkInconsistentAppendEntries(1394)) - omNode-2@group-523986131536: inconsistency entries. Reply:omNode-1<-omNode-2#807:FAIL-t7,INCONSISTENCY,nextIndex=59,followerCommit=58
2022-10-18 03:54:13,253 [grpc-default-executor-2] INFO  impl.SnapshotInstallationHandler (SnapshotInstallationHandler.java:installSnapshot(84)) - omNode-2@group-523986131536: receive installSnapshot: omNode-1->omNode-2#0-t7,notify:(t:7, i:61)
2022-10-18 03:54:13,253 [grpc-default-executor-2] INFO  impl.SnapshotInstallationHandler (SnapshotInstallationHandler.java:installSnapshot(95)) - omNode-2@group-523986131536: reply installSnapshot: omNode-1<-omNode-2#0:FAIL-t7,IN_PROGRESS
2022-10-18 03:54:13,253 [grpc-default-executor-2] INFO  server.GrpcServerProtocolService (GrpcServerProtocolService.java:onCompleted(140)) - omNode-2: Completed INSTALL_SNAPSHOT, lastRequest: omNode-1->omNode-2#0-t7,notify:(t:7, i:61)
2022-10-18 03:54:13,256 [grpc-default-executor-2] INFO  leader.FollowerInfo (FollowerInfoImpl.java:lambda$new$0(48)) - omNode-1@group-523986131536->omNode-2: nextIndex: updateUnconditionally 59 -> 59
2022-10-18 03:54:13,256 [grpc-default-executor-1] INFO  server.GrpcLogAppender (GrpcLogAppender.java:onNext(403)) - omNode-1@group-523986131536->omNode-2-InstallSnapshotResponseHandler: received a reply omNode-1<-omNode-2#0:FAIL-t7,IN_PROGRESS
2022-10-18 03:54:13,256 [grpc-default-executor-1] INFO  server.GrpcLogAppender (GrpcLogAppender.java:onNext(421)) - omNode-1@group-523986131536->omNode-2-InstallSnapshotResponseHandler: InstallSnapshot in progress.
2022-10-18 03:54:13,256 [omNode-1@group-523986131536->omNode-2-GrpcLogAppender-LogAppenderDaemon] INFO  server.GrpcLogAppender (GrpcLogAppender.java:installSnapshot(541)) - omNode-1@group-523986131536->omNode-2-GrpcLogAppender: followerNextIndex = 59 but logStartIndex = 61, notify follower to install snapshot-(t:7, i:61)
2022-10-18 03:54:13,256 [omNode-1@group-523986131536->omNode-2-GrpcLogAppender-LogAppenderDaemon] INFO  server.GrpcLogAppender (GrpcLogAppender.java:installSnapshot(549)) - omNode-1@group-523986131536->omNode-2-GrpcLogAppender: send omNode-1->omNode-2#0-t7,notify:(t:7, i:61)
2022-10-18 03:54:13,260 [omNode-2-server-thread1] INFO  server.RaftServer$Division (RaftServerImpl.java:checkInconsistentAppendEntries(1402)) - omNode-2@group-523986131536: Failed appendEntries as snapshot (61) installation is in progress
2022-10-18 03:54:13,260 [omNode-2-server-thread1] INFO  server.RaftServer$Division (RaftServerImpl.java:checkInconsistentAppendEntries(1394)) - omNode-2@group-523986131536: inconsistency entries. Reply:omNode-1<-omNode-2#808:FAIL-t7,INCONSISTENCY,nextIndex=59,followerCommit=58
2022-10-18 03:54:13,260 [grpc-default-executor-2] INFO  impl.SnapshotInstallationHandler (SnapshotInstallationHandler.java:installSnapshot(84)) - omNode-2@group-523986131536: receive installSnapshot: omNode-1->omNode-2#0-t7,notify:(t:7, i:61)
2022-10-18 03:54:13,261 [grpc-default-executor-2] INFO  impl.SnapshotInstallationHandler (SnapshotInstallationHandler.java:installSnapshot(95)) - omNode-2@group-523986131536: reply installSnapshot: omNode-1<-omNode-2#0:FAIL-t7,IN_PROGRESS
2022-10-18 03:54:13,261 [grpc-default-executor-2] INFO  server.GrpcServerProtocolService (GrpcServerProtocolService.java:onCompleted(140)) - omNode-2: Completed INSTALL_SNAPSHOT, lastRequest: omNode-1->omNode-2#0-t7,notify:(t:7, i:61)
2022-10-18 03:54:13,265 [grpc-default-executor-2] INFO  server.GrpcLogAppender (GrpcLogAppender.java:onNext(403)) - omNode-1@group-523986131536->omNode-2-InstallSnapshotResponseHandler: received a reply omNode-1<-omNode-2#0:FAIL-t7,IN_PROGRESS
2022-10-18 03:54:13,265 [grpc-default-executor-2] INFO  server.GrpcLogAppender (GrpcLogAppender.java:onNext(421)) - omNode-1@group-523986131536->omNode-2-InstallSnapshotResponseHandler: InstallSnapshot in progress.
2022-10-18 03:54:13,265 [omNode-1@group-523986131536->omNode-2-GrpcLogAppender-LogAppenderDaemon] INFO  server.GrpcLogAppender (GrpcLogAppender.java:installSnapshot(541)) - omNode-1@group-523986131536->omNode-2-GrpcLogAppender: followerNextIndex = 59 but logStartIndex = 61, notify follower to install snapshot-(t:7, i:61)
2022-10-18 03:54:13,265 [omNode-1@group-523986131536->omNode-2-GrpcLogAppender-LogAppenderDaemon] INFO  server.GrpcLogAppender (GrpcLogAppender.java:installSnapshot(549)) - omNode-1@group-523986131536->omNode-2-GrpcLogAppender: send omNode-1->omNode-2#0-t7,notify:(t:7, i:61)
2022-10-18 03:54:13,265 [grpc-default-executor-1] INFO  leader.FollowerInfo (FollowerInfoImpl.java:lambda$new$0(48)) - omNode-1@group-523986131536->omNode-2: nextIndex: updateUnconditionally 59 -> 59
2022-10-18 03:54:13,265 [omNode-2-server-thread1] INFO  server.RaftServer$Division (RaftServerImpl.java:checkInconsistentAppendEntries(1402)) - omNode-2@group-523986131536: Failed appendEntries as snapshot (61) installation is in progress
2022-10-18 03:54:13,265 [omNode-2-server-thread1] INFO  server.RaftServer$Division (RaftServerImpl.java:checkInconsistentAppendEntries(1394)) - omNode-2@group-523986131536: inconsistency entries. Reply:omNode-1<-omNode-2#809:FAIL-t7,INCONSISTENCY,nextIndex=59,followerCommit=58
2022-10-18 03:54:13,266 [grpc-default-executor-3] INFO  impl.SnapshotInstallationHandler (SnapshotInstallationHandler.java:installSnapshot(84)) - omNode-2@group-523986131536: receive installSnapshot: omNode-1->omNode-2#0-t7,notify:(t:7, i:61)
2022-10-18 03:54:13,266 [grpc-default-executor-3] INFO  impl.SnapshotInstallationHandler (SnapshotInstallationHandler.java:installSnapshot(95)) - omNode-2@group-523986131536: reply installSnapshot: omNode-1<-omNode-2#0:FAIL-t7,IN_PROGRESS
2022-10-18 03:54:13,266 [grpc-default-executor-3] INFO  server.GrpcServerProtocolService (GrpcServerProtocolService.java:onCompleted(140)) - omNode-2: Completed INSTALL_SNAPSHOT, lastRequest: omNode-1->omNode-2#0-t7,notify:(t:7, i:61)
2022-10-18 03:54:13,266 [grpc-default-executor-2] INFO  leader.FollowerInfo (FollowerInfoImpl.java:lambda$new$0(48)) - omNode-1@group-523986131536->omNode-2: nextIndex: updateUnconditionally 59 -> 59
2022-10-18 03:54:13,266 [grpc-default-executor-3] INFO  server.GrpcLogAppender (GrpcLogAppender.java:onNext(403)) - omNode-1@group-523986131536->omNode-2-InstallSnapshotResponseHandler: received a reply omNode-1<-omNode-2#0:FAIL-t7,IN_PROGRESS
2022-10-18 03:54:13,266 [grpc-default-executor-3] INFO  server.GrpcLogAppender (GrpcLogAppender.java:onNext(421)) - omNode-1@group-523986131536->omNode-2-InstallSnapshotResponseHandler: InstallSnapshot in progress.
2022-10-18 03:54:13,266 [omNode-1@group-523986131536->omNode-2-GrpcLogAppender-LogAppenderDaemon] INFO  server.GrpcLogAppender (GrpcLogAppender.java:installSnapshot(541)) - omNode-1@group-523986131536->omNode-2-GrpcLogAppender: followerNextIndex = 59 but logStartIndex = 61, notify follower to install snapshot-(t:7, i:61)
2022-10-18 03:54:13,267 [omNode-1@group-523986131536->omNode-2-GrpcLogAppender-LogAppenderDaemon] INFO  server.GrpcLogAppender (GrpcLogAppender.java:installSnapshot(549)) - omNode-1@group-523986131536->omNode-2-GrpcLogAppender: send omNode-1->omNode-2#0-t7,notify:(t:7, i:61)
2022-10-18 03:54:13,267 [omNode-2-server-thread1] INFO  server.RaftServer$Division (RaftServerImpl.java:checkInconsistentAppendEntries(1402)) - omNode-2@group-523986131536: Failed appendEntries as snapshot (61) installation is in progress
2022-10-18 03:54:13,267 [omNode-2-server-thread1] INFO  server.RaftServer$Division (RaftServerImpl.java:checkInconsistentAppendEntries(1394)) - omNode-2@group-523986131536: inconsistency entries. Reply:omNode-1<-omNode-2#810:FAIL-t7,INCONSISTENCY,nextIndex=59,followerCommit=58
2022-10-18 03:54:13,267 [grpc-default-executor-2] INFO  impl.SnapshotInstallationHandler (SnapshotInstallationHandler.java:installSnapshot(84)) - omNode-2@group-523986131536: receive installSnapshot: omNode-1->omNode-2#0-t7,notify:(t:7, i:61)
2022-10-18 03:54:13,267 [grpc-default-executor-2] INFO  impl.SnapshotInstallationHandler (SnapshotInstallationHandler.java:installSnapshot(95)) - omNode-2@group-523986131536: reply installSnapshot: omNode-1<-omNode-2#0:FAIL-t7,IN_PROGRESS
2022-10-18 03:54:13,267 [grpc-default-executor-2] INFO  server.GrpcServerProtocolService (GrpcServerProtocolService.java:onCompleted(140)) - omNode-2: Completed INSTALL_SNAPSHOT, lastRequest: omNode-1->omNode-2#0-t7,notify:(t:7, i:61)
2022-10-18 03:54:13,268 [grpc-default-executor-1] INFO  leader.FollowerInfo (FollowerInfoImpl.java:lambda$new$0(48)) - omNode-1@group-523986131536->omNode-2: nextIndex: updateUnconditionally 59 -> 59
2022-10-18 03:54:13,268 [grpc-default-executor-2] INFO  server.GrpcLogAppender (GrpcLogAppender.java:onNext(403)) - omNode-1@group-523986131536->omNode-2-InstallSnapshotResponseHandler: received a reply omNode-1<-omNode-2#0:FAIL-t7,IN_PROGRESS
2022-10-18 03:54:13,268 [grpc-default-executor-2] INFO  server.GrpcLogAppender (GrpcLogAppender.java:onNext(421)) - omNode-1@group-523986131536->omNode-2-InstallSnapshotResponseHandler: InstallSnapshot in progress.
2022-10-18 03:54:13,268 [omNode-1@group-523986131536->omNode-2-GrpcLogAppender-LogAppenderDaemon] INFO  server.GrpcLogAppender (GrpcLogAppender.java:installSnapshot(541)) - omNode-1@group-523986131536->omNode-2-GrpcLogAppender: followerNextIndex = 59 but logStartIndex = 61, notify follower to install snapshot-(t:7, i:61)
2022-10-18 03:54:13,268 [omNode-1@group-523986131536->omNode-2-GrpcLogAppender-LogAppenderDaemon] INFO  server.GrpcLogAppender (GrpcLogAppender.java:installSnapshot(549)) - omNode-1@group-523986131536->omNode-2-GrpcLogAppender: send omNode-1->omNode-2#0-t7,notify:(t:7, i:61)
2022-10-18 03:54:13,268 [omNode-2-server-thread1] INFO  server.RaftServer$Division (RaftServerImpl.java:checkInconsistentAppendEntries(1402)) - omNode-2@group-523986131536: Failed appendEntries as snapshot (61) installation is in progress
2022-10-18 03:54:13,269 [omNode-2-server-thread1] INFO  server.RaftServer$Division (RaftServerImpl.java:checkInconsistentAppendEntries(1394)) - omNode-2@group-523986131536: inconsistency entries. Reply:omNode-1<-omNode-2#811:FAIL-t7,INCONSISTENCY,nextIndex=59,followerCommit=58
2022-10-18 03:54:13,269 [grpc-default-executor-2] INFO  impl.SnapshotInstallationHandler (SnapshotInstallationHandler.java:installSnapshot(84)) - omNode-2@group-523986131536: receive installSnapshot: omNode-1->omNode-2#0-t7,notify:(t:7, i:61)
2022-10-18 03:54:13,269 [grpc-default-executor-2] INFO  impl.SnapshotInstallationHandler (SnapshotInstallationHandler.java:installSnapshot(95)) - omNode-2@group-523986131536: reply installSnapshot: omNode-1<-omNode-2#0:FAIL-t7,IN_PROGRESS
2022-10-18 03:54:13,269 [grpc-default-executor-2] INFO  server.GrpcServerProtocolService (GrpcServerProtocolService.java:onCompleted(140)) - omNode-2: Completed INSTALL_SNAPSHOT, lastRequest: omNode-1->omNode-2#0-t7,notify:(t:7, i:61)
2022-10-18 03:54:13,269 [grpc-default-executor-3] INFO  leader.FollowerInfo (FollowerInfoImpl.java:lambda$new$0(48)) - omNode-1@group-523986131536->omNode-2: nextIndex: updateUnconditionally 59 -> 59
2022-10-18 03:54:13,269 [grpc-default-executor-2] INFO  server.GrpcLogAppender (GrpcLogAppender.java:onNext(403)) - omNode-1@group-523986131536->omNode-2-InstallSnapshotResponseHandler: received a reply omNode-1<-omNode-2#0:FAIL-t7,IN_PROGRESS
2022-10-18 03:54:13,269 [grpc-default-executor-2] INFO  server.GrpcLogAppender (GrpcLogAppender.java:onNext(421)) - omNode-1@group-523986131536->omNode-2-InstallSnapshotResponseHandler: InstallSnapshot in progress.
2022-10-18 03:54:13,270 [omNode-1@group-523986131536->omNode-2-GrpcLogAppender-LogAppenderDaemon] INFO  server.GrpcLogAppender (GrpcLogAppender.java:installSnapshot(541)) - omNode-1@group-523986131536->omNode-2-GrpcLogAppender: followerNextIndex = 59 but logStartIndex = 61, notify follower to install snapshot-(t:7, i:61)
2022-10-18 03:54:13,270 [omNode-1@group-523986131536->omNode-2-GrpcLogAppender-LogAppenderDaemon] INFO  server.GrpcLogAppender (GrpcLogAppender.java:installSnapshot(549)) - omNode-1@group-523986131536->omNode-2-GrpcLogAppender: send omNode-1->omNode-2#0-t7,notify:(t:7, i:61)
2022-10-18 03:54:13,271 [omNode-2-server-thread1] INFO  server.RaftServer$Division (RaftServerImpl.java:checkInconsistentAppendEntries(1402)) - omNode-2@group-523986131536: Failed appendEntries as snapshot (61) installation is in progress
2022-10-18 03:54:13,271 [omNode-2-server-thread1] INFO  server.RaftServer$Division (RaftServerImpl.java:checkInconsistentAppendEntries(1394)) - omNode-2@group-523986131536: inconsistency entries. Reply:omNode-1<-omNode-2#812:FAIL-t7,INCONSISTENCY,nextIndex=59,followerCommit=58
2022-10-18 03:54:13,271 [grpc-default-executor-3] INFO  impl.SnapshotInstallationHandler (SnapshotInstallationHandler.java:installSnapshot(84)) - omNode-2@group-523986131536: receive installSnapshot: omNode-1->omNode-2#0-t7,notify:(t:7, i:61)
2022-10-18 03:54:13,271 [grpc-default-executor-3] INFO  impl.SnapshotInstallationHandler (SnapshotInstallationHandler.java:installSnapshot(95)) - omNode-2@group-523986131536: reply installSnapshot: omNode-1<-omNode-2#0:FAIL-t7,IN_PROGRESS
2022-10-18 03:54:13,271 [grpc-default-executor-3] INFO  server.GrpcServerProtocolService (GrpcServerProtocolService.java:onCompleted(140)) - omNode-2: Completed INSTALL_SNAPSHOT, lastRequest: omNode-1->omNode-2#0-t7,notify:(t:7, i:61)
2022-10-18 03:54:13,272 [grpc-default-executor-2] INFO  server.GrpcLogAppender (GrpcLogAppender.java:onNext(403)) - omNode-1@group-523986131536->omNode-2-InstallSnapshotResponseHandler: received a reply omNode-1<-omNode-2#0:FAIL-t7,IN_PROGRESS
2022-10-18 03:54:13,272 [grpc-default-executor-2] INFO  server.GrpcLogAppender (GrpcLogAppender.java:onNext(421)) - omNode-1@group-523986131536->omNode-2-InstallSnapshotResponseHandler: InstallSnapshot in progress.
2022-10-18 03:54:13,272 [omNode-1@group-523986131536->omNode-2-GrpcLogAppender-LogAppenderDaemon] INFO  server.GrpcLogAppender (GrpcLogAppender.java:installSnapshot(541)) - omNode-1@group-523986131536->omNode-2-GrpcLogAppender: followerNextIndex = 59 but logStartIndex = 61, notify follower to install snapshot-(t:7, i:61)
2022-10-18 03:54:13,273 [omNode-1@group-523986131536->omNode-2-GrpcLogAppender-LogAppenderDaemon] INFO  server.GrpcLogAppender (GrpcLogAppender.java:installSnapshot(549)) - omNode-1@group-523986131536->omNode-2-GrpcLogAppender: send omNode-1->omNode-2#0-t7,notify:(t:7, i:61)
2022-10-18 03:54:13,273 [omNode-2-server-thread1] INFO  server.RaftServer$Division (RaftServerImpl.java:checkInconsistentAppendEntries(1402)) - omNode-2@group-523986131536: Failed appendEntries as snapshot (61) installation is in progress
2022-10-18 03:54:13,273 [omNode-2-server-thread1] INFO  server.RaftServer$Division (RaftServerImpl.java:checkInconsistentAppendEntries(1394)) - omNode-2@group-523986131536: inconsistency entries. Reply:omNode-1<-omNode-2#813:FAIL-t7,INCONSISTENCY,nextIndex=59,followerCommit=58
2022-10-18 03:54:13,273 [grpc-default-executor-3] INFO  leader.FollowerInfo (FollowerInfoImpl.java:lambda$new$0(48)) - omNode-1@group-523986131536->omNode-2: nextIndex: updateUnconditionally 59 -> 59
2022-10-18 03:54:13,273 [grpc-default-executor-3] INFO  leader.FollowerInfo (FollowerInfoImpl.java:lambda$new$0(48)) - omNode-1@group-523986131536->omNode-2: nextIndex: updateUnconditionally 59 -> 59
2022-10-18 03:54:13,273 [grpc-default-executor-1] INFO  impl.SnapshotInstallationHandler (SnapshotInstallationHandler.java:installSnapshot(84)) - omNode-2@group-523986131536: receive installSnapshot: omNode-1->omNode-2#0-t7,notify:(t:7, i:61)
2022-10-18 03:54:13,273 [grpc-default-executor-1] INFO  impl.SnapshotInstallationHandler (SnapshotInstallationHandler.java:installSnapshot(95)) - omNode-2@group-523986131536: reply installSnapshot: omNode-1<-omNode-2#0:FAIL-t7,IN_PROGRESS
2022-10-18 03:54:13,274 [grpc-default-executor-1] INFO  server.GrpcServerProtocolService (GrpcServerProtocolService.java:onCompleted(140)) - omNode-2: Completed INSTALL_SNAPSHOT, lastRequest: omNode-1->omNode-2#0-t7,notify:(t:7, i:61)
2022-10-18 03:54:13,277 [grpc-default-executor-2] INFO  server.GrpcLogAppender (GrpcLogAppender.java:onNext(403)) - omNode-1@group-523986131536->omNode-2-InstallSnapshotResponseHandler: received a reply omNode-1<-omNode-2#0:FAIL-t7,IN_PROGRESS
2022-10-18 03:54:13,277 [grpc-default-executor-2] INFO  server.GrpcLogAppender (GrpcLogAppender.java:onNext(421)) - omNode-1@group-523986131536->omNode-2-InstallSnapshotResponseHandler: InstallSnapshot in progress.
2022-10-18 03:54:13,277 [omNode-1@group-523986131536->omNode-2-GrpcLogAppender-LogAppenderDaemon] INFO  server.GrpcLogAppender (GrpcLogAppender.java:installSnapshot(541)) - omNode-1@group-523986131536->omNode-2-GrpcLogAppender: followerNextIndex = 59 but logStartIndex = 61, notify follower to install snapshot-(t:7, i:61)
2022-10-18 03:54:13,277 [omNode-1@group-523986131536->omNode-2-GrpcLogAppender-LogAppenderDaemon] INFO  server.GrpcLogAppender (GrpcLogAppender.java:installSnapshot(549)) - omNode-1@group-523986131536->omNode-2-GrpcLogAppender: send omNode-1->omNode-2#0-t7,notify:(t:7, i:61)
2022-10-18 03:54:13,278 [omNode-2-server-thread1] INFO  server.RaftServer$Division (RaftServerImpl.java:checkInconsistentAppendEntries(1402)) - omNode-2@group-523986131536: Failed appendEntries as snapshot (61) installation is in progress
2022-10-18 03:54:13,278 [omNode-2-server-thread1] INFO  server.RaftServer$Division (RaftServerImpl.java:checkInconsistentAppendEntries(1394)) - omNode-2@group-523986131536: inconsistency entries. Reply:omNode-1<-omNode-2#814:FAIL-t7,INCONSISTENCY,nextIndex=59,followerCommit=58
2022-10-18 03:54:13,278 [grpc-default-executor-2] INFO  impl.SnapshotInstallationHandler (SnapshotInstallationHandler.java:installSnapshot(84)) - omNode-2@group-523986131536: receive installSnapshot: omNode-1->omNode-2#0-t7,notify:(t:7, i:61)
2022-10-18 03:54:13,279 [grpc-default-executor-2] INFO  impl.SnapshotInstallationHandler (SnapshotInstallationHandler.java:installSnapshot(95)) - omNode-2@group-523986131536: reply installSnapshot: omNode-1<-omNode-2#0:FAIL-t7,IN_PROGRESS
2022-10-18 03:54:13,279 [grpc-default-executor-2] INFO  server.GrpcServerProtocolService (GrpcServerProtocolService.java:onCompleted(140)) - omNode-2: Completed INSTALL_SNAPSHOT, lastRequest: omNode-1->omNode-2#0-t7,notify:(t:7, i:61)
2022-10-18 03:54:13,281 [grpc-default-executor-2] INFO  leader.FollowerInfo (FollowerInfoImpl.java:lambda$new$0(48)) - omNode-1@group-523986131536->omNode-2: nextIndex: updateUnconditionally 59 -> 59
2022-10-18 03:54:13,281 [grpc-default-executor-1] INFO  server.GrpcLogAppender (GrpcLogAppender.java:onNext(403)) - omNode-1@group-523986131536->omNode-2-InstallSnapshotResponseHandler: received a reply omNode-1<-omNode-2#0:FAIL-t7,IN_PROGRESS
2022-10-18 03:54:13,281 [grpc-default-executor-1] INFO  server.GrpcLogAppender (GrpcLogAppender.java:onNext(421)) - omNode-1@group-523986131536->omNode-2-InstallSnapshotResponseHandler: InstallSnapshot in progress.
2022-10-18 03:54:13,281 [omNode-1@group-523986131536->omNode-2-GrpcLogAppender-LogAppenderDaemon] INFO  server.GrpcLogAppender (GrpcLogAppender.java:installSnapshot(541)) - omNode-1@group-523986131536->omNode-2-GrpcLogAppender: followerNextIndex = 59 but logStartIndex = 61, notify follower to install snapshot-(t:7, i:61)
2022-10-18 03:54:13,282 [omNode-1@group-523986131536->omNode-2-GrpcLogAppender-LogAppenderDaemon] INFO  server.GrpcLogAppender (GrpcLogAppender.java:installSnapshot(549)) - omNode-1@group-523986131536->omNode-2-GrpcLogAppender: send omNode-1->omNode-2#0-t7,notify:(t:7, i:61)
2022-10-18 03:54:13,286 [omNode-2-server-thread1] INFO  server.RaftServer$Division (RaftServerImpl.java:checkInconsistentAppendEntries(1402)) - omNode-2@group-523986131536: Failed appendEntries as snapshot (61) installation is in progress
2022-10-18 03:54:13,287 [omNode-2-server-thread1] INFO  server.RaftServer$Division (RaftServerImpl.java:checkInconsistentAppendEntries(1394)) - omNode-2@group-523986131536: inconsistency entries. Reply:omNode-1<-omNode-2#815:FAIL-t7,INCONSISTENCY,nextIndex=59,followerCommit=58
2022-10-18 03:54:13,287 [grpc-default-executor-3] INFO  impl.SnapshotInstallationHandler (SnapshotInstallationHandler.java:installSnapshot(84)) - omNode-2@group-523986131536: receive installSnapshot: omNode-1->omNode-2#0-t7,notify:(t:7, i:61)
2022-10-18 03:54:13,287 [grpc-default-executor-3] INFO  impl.SnapshotInstallationHandler (SnapshotInstallationHandler.java:installSnapshot(95)) - omNode-2@group-523986131536: reply installSnapshot: omNode-1<-omNode-2#0:FAIL-t7,IN_PROGRESS
2022-10-18 03:54:13,287 [grpc-default-executor-3] INFO  server.GrpcServerProtocolService (GrpcServerProtocolService.java:onCompleted(140)) - omNode-2: Completed INSTALL_SNAPSHOT, lastRequest: omNode-1->omNode-2#0-t7,notify:(t:7, i:61)
2022-10-18 03:54:13,287 [grpc-default-executor-3] INFO  server.GrpcLogAppender (GrpcLogAppender.java:onNext(403)) - omNode-1@group-523986131536->omNode-2-InstallSnapshotResponseHandler: received a reply omNode-1<-omNode-2#0:FAIL-t7,IN_PROGRESS
2022-10-18 03:54:13,287 [grpc-default-executor-3] INFO  server.GrpcLogAppender (GrpcLogAppender.java:onNext(421)) - omNode-1@group-523986131536->omNode-2-InstallSnapshotResponseHandler: InstallSnapshot in progress.
2022-10-18 03:54:13,288 [omNode-1@group-523986131536->omNode-2-GrpcLogAppender-LogAppenderDaemon] INFO  server.GrpcLogAppender (GrpcLogAppender.java:installSnapshot(541)) - omNode-1@group-523986131536->omNode-2-GrpcLogAppender: followerNextIndex = 59 but logStartIndex = 61, notify follower to install snapshot-(t:7, i:61)
2022-10-18 03:54:13,288 [omNode-1@group-523986131536->omNode-2-GrpcLogAppender-LogAppenderDaemon] INFO  server.GrpcLogAppender (GrpcLogAppender.java:installSnapshot(549)) - omNode-1@group-523986131536->omNode-2-GrpcLogAppender: send omNode-1->omNode-2#0-t7,notify:(t:7, i:61)
2022-10-18 03:54:13,288 [grpc-default-executor-3] INFO  leader.FollowerInfo (FollowerInfoImpl.java:lambda$new$0(48)) - omNode-1@group-523986131536->omNode-2: nextIndex: updateUnconditionally 59 -> 59
2022-10-18 03:54:13,290 [omNode-2-server-thread1] INFO  server.RaftServer$Division (RaftServerImpl.java:checkInconsistentAppendEntries(1402)) - omNode-2@group-523986131536: Failed appendEntries as snapshot (61) installation is in progress
2022-10-18 03:54:13,291 [omNode-2-server-thread1] INFO  server.RaftServer$Division (RaftServerImpl.java:checkInconsistentAppendEntries(1394)) - omNode-2@group-523986131536: inconsistency entries. Reply:omNode-1<-omNode-2#816:FAIL-t7,INCONSISTENCY,nextIndex=59,followerCommit=58
2022-10-18 03:54:13,291 [grpc-default-executor-2] INFO  impl.SnapshotInstallationHandler (SnapshotInstallationHandler.java:installSnapshot(84)) - omNode-2@group-523986131536: receive installSnapshot: omNode-1->omNode-2#0-t7,notify:(t:7, i:61)
2022-10-18 03:54:13,291 [grpc-default-executor-2] INFO  impl.SnapshotInstallationHandler (SnapshotInstallationHandler.java:installSnapshot(95)) - omNode-2@group-523986131536: reply installSnapshot: omNode-1<-omNode-2#0:FAIL-t7,IN_PROGRESS
2022-10-18 03:54:13,291 [grpc-default-executor-2] INFO  server.GrpcServerProtocolService (GrpcServerProtocolService.java:onCompleted(140)) - omNode-2: Completed INSTALL_SNAPSHOT, lastRequest: omNode-1->omNode-2#0-t7,notify:(t:7, i:61)
2022-10-18 03:54:13,291 [grpc-default-executor-2] INFO  server.GrpcLogAppender (GrpcLogAppender.java:onNext(403)) - omNode-1@group-523986131536->omNode-2-InstallSnapshotResponseHandler: received a reply omNode-1<-omNode-2#0:FAIL-t7,IN_PROGRESS
2022-10-18 03:54:13,291 [grpc-default-executor-2] INFO  server.GrpcLogAppender (GrpcLogAppender.java:onNext(421)) - omNode-1@group-523986131536->omNode-2-InstallSnapshotResponseHandler: InstallSnapshot in progress.
2022-10-18 03:54:13,291 [omNode-1@group-523986131536->omNode-2-GrpcLogAppender-LogAppenderDaemon] INFO  server.GrpcLogAppender (GrpcLogAppender.java:installSnapshot(541)) - omNode-1@group-523986131536->omNode-2-GrpcLogAppender: followerNextIndex = 59 but logStartIndex = 61, notify follower to install snapshot-(t:7, i:61)
2022-10-18 03:54:13,292 [omNode-1@group-523986131536->omNode-2-GrpcLogAppender-LogAppenderDaemon] INFO  server.GrpcLogAppender (GrpcLogAppender.java:installSnapshot(549)) - omNode-1@group-523986131536->omNode-2-GrpcLogAppender: send omNode-1->omNode-2#0-t7,notify:(t:7, i:61)
2022-10-18 03:54:13,292 [omNode-2-server-thread1] INFO  server.RaftServer$Division (RaftServerImpl.java:checkInconsistentAppendEntries(1402)) - omNode-2@group-523986131536: Failed appendEntries as snapshot (61) installation is in progress
2022-10-18 03:54:13,292 [omNode-2-server-thread1] INFO  server.RaftServer$Division (RaftServerImpl.java:checkInconsistentAppendEntries(1394)) - omNode-2@group-523986131536: inconsistency entries. Reply:omNode-1<-omNode-2#817:FAIL-t7,INCONSISTENCY,nextIndex=59,followerCommit=58
2022-10-18 03:54:13,292 [grpc-default-executor-3] INFO  leader.FollowerInfo (FollowerInfoImpl.java:lambda$new$0(48)) - omNode-1@group-523986131536->omNode-2: nextIndex: updateUnconditionally 59 -> 59
2022-10-18 03:54:13,292 [grpc-default-executor-2] INFO  leader.FollowerInfo (FollowerInfoImpl.java:lambda$new$0(48)) - omNode-1@group-523986131536->omNode-2: nextIndex: updateUnconditionally 59 -> 59
2022-10-18 03:54:13,292 [grpc-default-executor-3] INFO  impl.SnapshotInstallationHandler (SnapshotInstallationHandler.java:installSnapshot(84)) - omNode-2@group-523986131536: receive installSnapshot: omNode-1->omNode-2#0-t7,notify:(t:7, i:61)
2022-10-18 03:54:13,293 [grpc-default-executor-3] INFO  impl.SnapshotInstallationHandler (SnapshotInstallationHandler.java:installSnapshot(95)) - omNode-2@group-523986131536: reply installSnapshot: omNode-1<-omNode-2#0:FAIL-t7,IN_PROGRESS
2022-10-18 03:54:13,293 [grpc-default-executor-3] INFO  server.GrpcServerProtocolService (GrpcServerProtocolService.java:onCompleted(140)) - omNode-2: Completed INSTALL_SNAPSHOT, lastRequest: omNode-1->omNode-2#0-t7,notify:(t:7, i:61)
2022-10-18 03:54:13,293 [grpc-default-executor-3] INFO  server.GrpcLogAppender (GrpcLogAppender.java:onNext(403)) - omNode-1@group-523986131536->omNode-2-InstallSnapshotResponseHandler: received a reply omNode-1<-omNode-2#0:FAIL-t7,IN_PROGRESS
2022-10-18 03:54:13,293 [grpc-default-executor-3] INFO  server.GrpcLogAppender (GrpcLogAppender.java:onNext(421)) - omNode-1@group-523986131536->omNode-2-InstallSnapshotResponseHandler: InstallSnapshot in progress.
2022-10-18 03:54:13,294 [omNode-1@group-523986131536->omNode-2-GrpcLogAppender-LogAppenderDaemon] INFO  server.GrpcLogAppender (GrpcLogAppender.java:installSnapshot(541)) - omNode-1@group-523986131536->omNode-2-GrpcLogAppender: followerNextIndex = 59 but logStartIndex = 61, notify follower to install snapshot-(t:7, i:61)
2022-10-18 03:54:13,294 [omNode-1@group-523986131536->omNode-2-GrpcLogAppender-LogAppenderDaemon] INFO  server.GrpcLogAppender (GrpcLogAppender.java:installSnapshot(549)) - omNode-1@group-523986131536->omNode-2-GrpcLogAppender: send omNode-1->omNode-2#0-t7,notify:(t:7, i:61)
2022-10-18 03:54:13,295 [omNode-2-server-thread1] INFO  server.RaftServer$Division (RaftServerImpl.java:checkInconsistentAppendEntries(1402)) - omNode-2@group-523986131536: Failed appendEntries as snapshot (61) installation is in progress
2022-10-18 03:54:13,295 [omNode-2-server-thread1] INFO  server.RaftServer$Division (RaftServerImpl.java:checkInconsistentAppendEntries(1394)) - omNode-2@group-523986131536: inconsistency entries. Reply:omNode-1<-omNode-2#818:FAIL-t7,INCONSISTENCY,nextIndex=59,followerCommit=58
2022-10-18 03:54:13,295 [grpc-default-executor-0] INFO  impl.SnapshotInstallationHandler (SnapshotInstallationHandler.java:installSnapshot(84)) - omNode-2@group-523986131536: receive installSnapshot: omNode-1->omNode-2#0-t7,notify:(t:7, i:61)
2022-10-18 03:54:13,295 [grpc-default-executor-0] INFO  impl.SnapshotInstallationHandler (SnapshotInstallationHandler.java:installSnapshot(95)) - omNode-2@group-523986131536: reply installSnapshot: omNode-1<-omNode-2#0:FAIL-t7,IN_PROGRESS
2022-10-18 03:54:13,296 [grpc-default-executor-0] INFO  server.GrpcServerProtocolService (GrpcServerProtocolService.java:onCompleted(140)) - omNode-2: Completed INSTALL_SNAPSHOT, lastRequest: omNode-1->omNode-2#0-t7,notify:(t:7, i:61)
2022-10-18 03:54:13,296 [grpc-default-executor-0] INFO  leader.FollowerInfo (FollowerInfoImpl.java:lambda$new$0(48)) - omNode-1@group-523986131536->omNode-2: nextIndex: updateUnconditionally 59 -> 59
2022-10-18 03:54:13,296 [grpc-default-executor-0] INFO  server.GrpcLogAppender (GrpcLogAppender.java:onNext(403)) - omNode-1@group-523986131536->omNode-2-InstallSnapshotResponseHandler: received a reply omNode-1<-omNode-2#0:FAIL-t7,IN_PROGRESS
2022-10-18 03:54:13,296 [grpc-default-executor-0] INFO  server.GrpcLogAppender (GrpcLogAppender.java:onNext(421)) - omNode-1@group-523986131536->omNode-2-InstallSnapshotResponseHandler: InstallSnapshot in progress.
2022-10-18 03:54:13,297 [omNode-1@group-523986131536->omNode-2-GrpcLogAppender-LogAppenderDaemon] INFO  server.GrpcLogAppender (GrpcLogAppender.java:installSnapshot(541)) - omNode-1@group-523986131536->omNode-2-GrpcLogAppender: followerNextIndex = 59 but logStartIndex = 61, notify follower to install snapshot-(t:7, i:61)
2022-10-18 03:54:13,297 [omNode-1@group-523986131536->omNode-2-GrpcLogAppender-LogAppenderDaemon] INFO  server.GrpcLogAppender (GrpcLogAppender.java:installSnapshot(549)) - omNode-1@group-523986131536->omNode-2-GrpcLogAppender: send omNode-1->omNode-2#0-t7,notify:(t:7, i:61)
2022-10-18 03:54:13,297 [omNode-2-server-thread1] INFO  server.RaftServer$Division (RaftServerImpl.java:checkInconsistentAppendEntries(1402)) - omNode-2@group-523986131536: Failed appendEntries as snapshot (61) installation is in progress
2022-10-18 03:54:13,298 [omNode-2-server-thread1] INFO  server.RaftServer$Division (RaftServerImpl.java:checkInconsistentAppendEntries(1394)) - omNode-2@group-523986131536: inconsistency entries. Reply:omNode-1<-omNode-2#819:FAIL-t7,INCONSISTENCY,nextIndex=59,followerCommit=58
2022-10-18 03:54:13,298 [grpc-default-executor-0] INFO  impl.SnapshotInstallationHandler (SnapshotInstallationHandler.java:installSnapshot(84)) - omNode-2@group-523986131536: receive installSnapshot: omNode-1->omNode-2#0-t7,notify:(t:7, i:61)
2022-10-18 03:54:13,298 [grpc-default-executor-0] INFO  impl.SnapshotInstallationHandler (SnapshotInstallationHandler.java:installSnapshot(95)) - omNode-2@group-523986131536: reply installSnapshot: omNode-1<-omNode-2#0:FAIL-t7,IN_PROGRESS
2022-10-18 03:54:13,298 [grpc-default-executor-0] INFO  server.GrpcServerProtocolService (GrpcServerProtocolService.java:onCompleted(140)) - omNode-2: Completed INSTALL_SNAPSHOT, lastRequest: omNode-1->omNode-2#0-t7,notify:(t:7, i:61)
2022-10-18 03:54:13,299 [grpc-default-executor-0] INFO  leader.FollowerInfo (FollowerInfoImpl.java:lambda$new$0(48)) - omNode-1@group-523986131536->omNode-2: nextIndex: updateUnconditionally 59 -> 59
2022-10-18 03:54:13,299 [grpc-default-executor-0] INFO  server.GrpcLogAppender (GrpcLogAppender.java:onNext(403)) - omNode-1@group-523986131536->omNode-2-InstallSnapshotResponseHandler: received a reply omNode-1<-omNode-2#0:FAIL-t7,IN_PROGRESS
2022-10-18 03:54:13,299 [grpc-default-executor-0] INFO  server.GrpcLogAppender (GrpcLogAppender.java:onNext(421)) - omNode-1@group-523986131536->omNode-2-InstallSnapshotResponseHandler: InstallSnapshot in progress.
2022-10-18 03:54:13,299 [omNode-1@group-523986131536->omNode-2-GrpcLogAppender-LogAppenderDaemon] INFO  server.GrpcLogAppender (GrpcLogAppender.java:installSnapshot(541)) - omNode-1@group-523986131536->omNode-2-GrpcLogAppender: followerNextIndex = 59 but logStartIndex = 61, notify follower to install snapshot-(t:7, i:61)
2022-10-18 03:54:13,299 [omNode-1@group-523986131536->omNode-2-GrpcLogAppender-LogAppenderDaemon] INFO  server.GrpcLogAppender (GrpcLogAppender.java:installSnapshot(549)) - omNode-1@group-523986131536->omNode-2-GrpcLogAppender: send omNode-1->omNode-2#0-t7,notify:(t:7, i:61)
2022-10-18 03:54:13,300 [omNode-2-server-thread1] INFO  server.RaftServer$Division (RaftServerImpl.java:checkInconsistentAppendEntries(1402)) - omNode-2@group-523986131536: Failed appendEntries as snapshot (61) installation is in progress
2022-10-18 03:54:13,300 [omNode-2-server-thread1] INFO  server.RaftServer$Division (RaftServerImpl.java:checkInconsistentAppendEntries(1394)) - omNode-2@group-523986131536: inconsistency entries. Reply:omNode-1<-omNode-2#820:FAIL-t7,INCONSISTENCY,nextIndex=59,followerCommit=58
2022-10-18 03:54:13,302 [grpc-default-executor-0] INFO  impl.SnapshotInstallationHandler (SnapshotInstallationHandler.java:installSnapshot(84)) - omNode-2@group-523986131536: receive installSnapshot: omNode-1->omNode-2#0-t7,notify:(t:7, i:61)
2022-10-18 03:54:13,302 [grpc-default-executor-0] INFO  impl.SnapshotInstallationHandler (SnapshotInstallationHandler.java:installSnapshot(95)) - omNode-2@group-523986131536: reply installSnapshot: omNode-1<-omNode-2#0:FAIL-t7,IN_PROGRESS
2022-10-18 03:54:13,303 [grpc-default-executor-0] INFO  server.GrpcServerProtocolService (GrpcServerProtocolService.java:onCompleted(140)) - omNode-2: Completed INSTALL_SNAPSHOT, lastRequest: omNode-1->omNode-2#0-t7,notify:(t:7, i:61)
2022-10-18 03:54:13,303 [grpc-default-executor-0] INFO  leader.FollowerInfo (FollowerInfoImpl.java:lambda$new$0(48)) - omNode-1@group-523986131536->omNode-2: nextIndex: updateUnconditionally 59 -> 59
2022-10-18 03:54:13,303 [grpc-default-executor-0] INFO  server.GrpcLogAppender (GrpcLogAppender.java:onNext(403)) - omNode-1@group-523986131536->omNode-2-InstallSnapshotResponseHandler: received a reply omNode-1<-omNode-2#0:FAIL-t7,IN_PROGRESS
2022-10-18 03:54:13,303 [grpc-default-executor-0] INFO  server.GrpcLogAppender (GrpcLogAppender.java:onNext(421)) - omNode-1@group-523986131536->omNode-2-InstallSnapshotResponseHandler: InstallSnapshot in progress.
2022-10-18 03:54:13,304 [omNode-1@group-523986131536->omNode-2-GrpcLogAppender-LogAppenderDaemon] INFO  server.GrpcLogAppender (GrpcLogAppender.java:installSnapshot(541)) - omNode-1@group-523986131536->omNode-2-GrpcLogAppender: followerNextIndex = 59 but logStartIndex = 61, notify follower to install snapshot-(t:7, i:61)
2022-10-18 03:54:13,304 [omNode-1@group-523986131536->omNode-2-GrpcLogAppender-LogAppenderDaemon] INFO  server.GrpcLogAppender (GrpcLogAppender.java:installSnapshot(549)) - omNode-1@group-523986131536->omNode-2-GrpcLogAppender: send omNode-1->omNode-2#0-t7,notify:(t:7, i:61)
2022-10-18 03:54:13,304 [omNode-2-server-thread1] INFO  server.RaftServer$Division (RaftServerImpl.java:checkInconsistentAppendEntries(1402)) - omNode-2@group-523986131536: Failed appendEntries as snapshot (61) installation is in progress
2022-10-18 03:54:13,305 [omNode-2-server-thread1] INFO  server.RaftServer$Division (RaftServerImpl.java:checkInconsistentAppendEntries(1394)) - omNode-2@group-523986131536: inconsistency entries. Reply:omNode-1<-omNode-2#821:FAIL-t7,INCONSISTENCY,nextIndex=59,followerCommit=58
2022-10-18 03:54:13,305 [grpc-default-executor-0] INFO  impl.SnapshotInstallationHandler (SnapshotInstallationHandler.java:installSnapshot(84)) - omNode-2@group-523986131536: receive installSnapshot: omNode-1->omNode-2#0-t7,notify:(t:7, i:61)
2022-10-18 03:54:13,305 [grpc-default-executor-0] INFO  impl.SnapshotInstallationHandler (SnapshotInstallationHandler.java:installSnapshot(95)) - omNode-2@group-523986131536: reply installSnapshot: omNode-1<-omNode-2#0:FAIL-t7,IN_PROGRESS
2022-10-18 03:54:13,305 [grpc-default-executor-0] INFO  server.GrpcServerProtocolService (GrpcServerProtocolService.java:onCompleted(140)) - omNode-2: Completed INSTALL_SNAPSHOT, lastRequest: omNode-1->omNode-2#0-t7,notify:(t:7, i:61)
2022-10-18 03:54:13,305 [Listener at localhost/37159] INFO  reflections.Reflections (Reflections.java:scan(232)) - Reflections took 1476 ms to scan 19 urls, producing 67 keys and 4238 values [using 2 cores]
2022-10-18 03:54:13,306 [grpc-default-executor-0] INFO  leader.FollowerInfo (FollowerInfoImpl.java:lambda$new$0(48)) - omNode-1@group-523986131536->omNode-2: nextIndex: updateUnconditionally 59 -> 59
2022-10-18 03:54:13,306 [grpc-default-executor-0] INFO  server.GrpcLogAppender (GrpcLogAppender.java:onNext(403)) - omNode-1@group-523986131536->omNode-2-InstallSnapshotResponseHandler: received a reply omNode-1<-omNode-2#0:FAIL-t7,IN_PROGRESS
2022-10-18 03:54:13,306 [grpc-default-executor-0] INFO  server.GrpcLogAppender (GrpcLogAppender.java:onNext(421)) - omNode-1@group-523986131536->omNode-2-InstallSnapshotResponseHandler: InstallSnapshot in progress.
2022-10-18 03:54:13,306 [omNode-1@group-523986131536->omNode-2-GrpcLogAppender-LogAppenderDaemon] INFO  server.GrpcLogAppender (GrpcLogAppender.java:installSnapshot(541)) - omNode-1@group-523986131536->omNode-2-GrpcLogAppender: followerNextIndex = 59 but logStartIndex = 61, notify follower to install snapshot-(t:7, i:61)
2022-10-18 03:54:13,306 [omNode-1@group-523986131536->omNode-2-GrpcLogAppender-LogAppenderDaemon] INFO  server.GrpcLogAppender (GrpcLogAppender.java:installSnapshot(549)) - omNode-1@group-523986131536->omNode-2-GrpcLogAppender: send omNode-1->omNode-2#0-t7,notify:(t:7, i:61)
2022-10-18 03:54:13,307 [Listener at localhost/37159] INFO  ipc.CallQueueManager (CallQueueManager.java:<init>(90)) - Using callQueue: class java.util.concurrent.LinkedBlockingQueue, queueCapacity: 2000, scheduler: class org.apache.hadoop.ipc.DefaultRpcScheduler, ipcBackoff: false.
2022-10-18 03:54:13,307 [omNode-2-server-thread1] INFO  server.RaftServer$Division (RaftServerImpl.java:checkInconsistentAppendEntries(1402)) - omNode-2@group-523986131536: Failed appendEntries as snapshot (61) installation is in progress
2022-10-18 03:54:13,307 [omNode-2-server-thread1] INFO  server.RaftServer$Division (RaftServerImpl.java:checkInconsistentAppendEntries(1394)) - omNode-2@group-523986131536: inconsistency entries. Reply:omNode-1<-omNode-2#822:FAIL-t7,INCONSISTENCY,nextIndex=59,followerCommit=58
2022-10-18 03:54:13,308 [pool-366-thread-1] ERROR om.OzoneManager (ExitUtils.java:terminate(133)) - Terminating with exit status 1: Failed to start RPC Server.
java.lang.RuntimeException: java.util.concurrent.ExecutionException: java.lang.IllegalStateException: zip file closed
	at org.reflections.Reflections.scan(Reflections.java:213)
	at org.reflections.Reflections.<init>(Reflections.java:123)
	at org.apache.hadoop.ozone.om.request.validation.ValidatorRegistry.<init>(ValidatorRegistry.java:71)
	at org.apache.hadoop.ozone.om.request.validation.ValidatorRegistry.<init>(ValidatorRegistry.java:59)
	at org.apache.hadoop.ozone.om.request.validation.RequestValidations.load(RequestValidations.java:59)
	at org.apache.hadoop.ozone.protocolPB.OzoneManagerProtocolServerSideTranslatorPB.<init>(OzoneManagerProtocolServerSideTranslatorPB.java:127)
	at org.apache.hadoop.ozone.om.OzoneManager.getRpcServer(OzoneManager.java:1118)
	at org.apache.hadoop.ozone.om.OzoneManager.installCheckpoint(OzoneManager.java:3860)
	at org.apache.hadoop.ozone.om.OzoneManager.installCheckpoint(OzoneManager.java:3748)
	at org.apache.hadoop.ozone.om.OzoneManager.installSnapshotFromLeader(OzoneManager.java:3725)
	at org.apache.hadoop.ozone.om.ratis.OzoneManagerStateMachine.lambda$6(OzoneManagerStateMachine.java:474)
	at java.util.concurrent.CompletableFuture$AsyncSupply.run(CompletableFuture.java:1604)
	at java.util.concurrent.ThreadPoolExecutor.runWorker(ThreadPoolExecutor.java:1149)
	at java.util.concurrent.ThreadPoolExecutor$Worker.run(ThreadPoolExecutor.java:624)
	at java.lang.Thread.run(Thread.java:750)
Caused by: java.util.concurrent.ExecutionException: java.lang.IllegalStateException: zip file closed
	at java.util.concurrent.FutureTask.report(FutureTask.java:122)
	at java.util.concurrent.FutureTask.get(FutureTask.java:192)
	... 15 more
Caused by: java.lang.IllegalStateException: zip file closed
	at java.util.zip.ZipFile.ensureOpen(ZipFile.java:690)
	at java.util.zip.ZipFile.access$200(ZipFile.java:61)
	at java.util.zip.ZipFile$ZipEntryIterator.hasNext(ZipFile.java:512)
	at java.util.zip.ZipFile$ZipEntryIterator.hasMoreElements(ZipFile.java:507)
	at java.util.jar.JarFile$JarEntryIterator.hasNext(JarFile.java:264)
	at java.util.jar.JarFile$JarEntryIterator.hasMoreElements(JarFile.java:273)
	at org.reflections.vfs.ZipDir$1$1.computeNext(ZipDir.java:30)
	at org.reflections.vfs.ZipDir$1$1.computeNext(ZipDir.java:26)
	at com.google.common.collect.AbstractIterator.tryToComputeNext(AbstractIterator.java:146)
	at com.google.common.collect.AbstractIterator.hasNext(AbstractIterator.java:141)
	at org.reflections.Reflections.scan(Reflections.java:243)
	at org.reflections.Reflections$1.run(Reflections.java:198)
	at java.util.concurrent.Executors$RunnableAdapter.call(Executors.java:511)
	at java.util.concurrent.FutureTask.run(FutureTask.java:266)
	... 3 more
2022-10-18 03:54:13,310 [Socket Reader #1 for port 45489] INFO  ipc.Server (Server.java:run(1273)) - Starting Socket Reader #1 for port 45489
2022-10-18 03:54:13,308 [grpc-default-executor-1] INFO  leader.FollowerInfo (FollowerInfoImpl.java:lambda$new$0(48)) - omNode-1@group-523986131536->omNode-2: nextIndex: updateUnconditionally 59 -> 59
2022-10-18 03:54:13,308 [grpc-default-executor-0] INFO  impl.SnapshotInstallationHandler (SnapshotInstallationHandler.java:installSnapshot(84)) - omNode-2@group-523986131536: receive installSnapshot: omNode-1->omNode-2#0-t7,notify:(t:7, i:61)
2022-10-18 03:54:13,321 [pool-366-thread-1] ERROR om.OzoneManager (OzoneManager.java:installSnapshotFromLeader(3727)) - Failed to install snapshot from Leader OM.
org.apache.ratis.util.ExitUtils$ExitException: Failed to start RPC Server.
	at org.apache.ratis.util.ExitUtils.terminate(ExitUtils.java:141)
	at org.apache.ratis.util.ExitUtils.terminate(ExitUtils.java:151)
	at org.apache.hadoop.hdds.ExitManager.exitSystem(ExitManager.java:32)
	at org.apache.hadoop.ozone.om.OzoneManager.installCheckpoint(OzoneManager.java:3867)
	at org.apache.hadoop.ozone.om.OzoneManager.installCheckpoint(OzoneManager.java:3748)
	at org.apache.hadoop.ozone.om.OzoneManager.installSnapshotFromLeader(OzoneManager.java:3725)
	at org.apache.hadoop.ozone.om.ratis.OzoneManagerStateMachine.lambda$6(OzoneManagerStateMachine.java:474)
	at java.util.concurrent.CompletableFuture$AsyncSupply.run(CompletableFuture.java:1604)
	at java.util.concurrent.ThreadPoolExecutor.runWorker(ThreadPoolExecutor.java:1149)
	at java.util.concurrent.ThreadPoolExecutor$Worker.run(ThreadPoolExecutor.java:624)
	at java.lang.Thread.run(Thread.java:750)
Caused by: java.lang.RuntimeException: java.util.concurrent.ExecutionException: java.lang.IllegalStateException: zip file closed
	at org.reflections.Reflections.scan(Reflections.java:213)
	at org.reflections.Reflections.<init>(Reflections.java:123)
	at org.apache.hadoop.ozone.om.request.validation.ValidatorRegistry.<init>(ValidatorRegistry.java:71)
	at org.apache.hadoop.ozone.om.request.validation.ValidatorRegistry.<init>(ValidatorRegistry.java:59)
	at org.apache.hadoop.ozone.om.request.validation.RequestValidations.load(RequestValidations.java:59)
	at org.apache.hadoop.ozone.protocolPB.OzoneManagerProtocolServerSideTranslatorPB.<init>(OzoneManagerProtocolServerSideTranslatorPB.java:127)
	at org.apache.hadoop.ozone.om.OzoneManager.getRpcServer(OzoneManager.java:1118)
	at org.apache.hadoop.ozone.om.OzoneManager.installCheckpoint(OzoneManager.java:3860)
	... 7 more
Caused by: java.util.concurrent.ExecutionException: java.lang.IllegalStateException: zip file closed
	at java.util.concurrent.FutureTask.report(FutureTask.java:122)
	at java.util.concurrent.FutureTask.get(FutureTask.java:192)
	... 15 more
Caused by: java.lang.IllegalStateException: zip file closed
	at java.util.zip.ZipFile.ensureOpen(ZipFile.java:690)
	at java.util.zip.ZipFile.access$200(ZipFile.java:61)
	at java.util.zip.ZipFile$ZipEntryIterator.hasNext(ZipFile.java:512)
	at java.util.zip.ZipFile$ZipEntryIterator.hasMoreElements(ZipFile.java:507)
	at java.util.jar.JarFile$JarEntryIterator.hasNext(JarFile.java:264)
	at java.util.jar.JarFile$JarEntryIterator.hasMoreElements(JarFile.java:273)
	at org.reflections.vfs.ZipDir$1$1.computeNext(ZipDir.java:30)
	at org.reflections.vfs.ZipDir$1$1.computeNext(ZipDir.java:26)
	at com.google.common.collect.AbstractIterator.tryToComputeNext(AbstractIterator.java:146)
	at com.google.common.collect.AbstractIterator.hasNext(AbstractIterator.java:141)
	at org.reflections.Reflections.scan(Reflections.java:243)
	at org.reflections.Reflections$1.run(Reflections.java:198)
	at java.util.concurrent.Executors$RunnableAdapter.call(Executors.java:511)
	at java.util.concurrent.FutureTask.run(FutureTask.java:266)
	... 3 more
2022-10-18 03:54:13,323 [Listener at localhost/45489] INFO  http.BaseHttpServer (BaseHttpServer.java:newHttpServer2BuilderForOzone(213)) - Starting Web-server for ozoneManager at: http://0.0.0.0:34765
2022-10-18 03:54:13,323 [Listener at localhost/45489] INFO  http.BaseHttpServer (BaseHttpServer.java:<init>(108)) - Hadoop Security Enabled: false Ozone Security Enabled: false Ozone HTTP Security Enabled: false 
2022-10-18 03:54:13,325 [Listener at localhost/45489] WARN  server.AuthenticationFilter (AuthenticationFilter.java:constructSecretProvider(240)) - Unable to initialize FileSignerSecretProvider, falling back to use random secrets. Reason: Could not read signature secret file: /home/runner/hadoop-http-auth-signature-secret
2022-10-18 03:54:13,322 [grpc-default-executor-0] INFO  impl.SnapshotInstallationHandler (SnapshotInstallationHandler.java:installSnapshot(95)) - omNode-2@group-523986131536: reply installSnapshot: omNode-1<-omNode-2#0:FAIL-t7,IN_PROGRESS
2022-10-18 03:54:13,367 [grpc-default-executor-0] INFO  server.GrpcServerProtocolService (GrpcServerProtocolService.java:onCompleted(140)) - omNode-2: Completed INSTALL_SNAPSHOT, lastRequest: omNode-1->omNode-2#0-t7,notify:(t:7, i:61)
2022-10-18 03:54:13,367 [Listener at localhost/45489] WARN  http.HttpRequestLog (HttpRequestLog.java:getRequestLog(103)) - Jetty request log can only be enabled using Log4j
2022-10-18 03:54:13,369 [Listener at localhost/45489] INFO  http.HttpServer2 (HttpServer2.java:addGlobalFilter(1031)) - Added global filter 'safety' (class=org.apache.hadoop.hdds.server.http.HttpServer2$QuotingInputFilter)
2022-10-18 03:54:13,370 [grpc-default-executor-1] INFO  server.GrpcLogAppender (GrpcLogAppender.java:onNext(403)) - omNode-1@group-523986131536->omNode-2-InstallSnapshotResponseHandler: received a reply omNode-1<-omNode-2#0:FAIL-t7,IN_PROGRESS
2022-10-18 03:54:13,370 [grpc-default-executor-1] INFO  server.GrpcLogAppender (GrpcLogAppender.java:onNext(421)) - omNode-1@group-523986131536->omNode-2-InstallSnapshotResponseHandler: InstallSnapshot in progress.
2022-10-18 03:54:13,371 [omNode-1@group-523986131536->omNode-2-GrpcLogAppender-LogAppenderDaemon] INFO  server.GrpcLogAppender (GrpcLogAppender.java:installSnapshot(541)) - omNode-1@group-523986131536->omNode-2-GrpcLogAppender: followerNextIndex = 59 but logStartIndex = 61, notify follower to install snapshot-(t:7, i:61)
2022-10-18 03:54:13,371 [omNode-1@group-523986131536->omNode-2-GrpcLogAppender-LogAppenderDaemon] INFO  server.GrpcLogAppender (GrpcLogAppender.java:installSnapshot(549)) - omNode-1@group-523986131536->omNode-2-GrpcLogAppender: send omNode-1->omNode-2#0-t7,notify:(t:7, i:61)
2022-10-18 03:54:13,371 [Listener at localhost/45489] INFO  http.HttpServer2 (HttpServer2.java:addFilter(1007)) - Added filter static_user_filter (class=org.apache.hadoop.http.lib.StaticUserWebFilter$StaticUserFilter) to context ozoneManager
2022-10-18 03:54:13,372 [Listener at localhost/45489] INFO  http.HttpServer2 (HttpServer2.java:addFilter(1015)) - Added filter static_user_filter (class=org.apache.hadoop.http.lib.StaticUserWebFilter$StaticUserFilter) to context static
2022-10-18 03:54:13,372 [Listener at localhost/45489] INFO  http.HttpServer2 (HttpServer2.java:addFilter(1015)) - Added filter static_user_filter (class=org.apache.hadoop.http.lib.StaticUserWebFilter$StaticUserFilter) to context logs
2022-10-18 03:54:13,372 [omNode-2-server-thread1] INFO  server.RaftServer$Division (RaftServerImpl.java:checkInconsistentAppendEntries(1402)) - omNode-2@group-523986131536: Failed appendEntries as snapshot (61) installation is in progress
2022-10-18 03:54:13,374 [omNode-2-server-thread1] INFO  server.RaftServer$Division (RaftServerImpl.java:checkInconsistentAppendEntries(1394)) - omNode-2@group-523986131536: inconsistency entries. Reply:omNode-1<-omNode-2#823:FAIL-t7,INCONSISTENCY,nextIndex=59,followerCommit=58
2022-10-18 03:54:13,374 [Listener at localhost/45489] INFO  http.HttpServer2 (HttpServer2.java:bindListener(1250)) - Jetty bound to port 34765
2022-10-18 03:54:13,375 [Listener at localhost/45489] INFO  server.Server (Server.java:doStart(375)) - jetty-9.4.43.v20210629; built: 2021-06-30T11:07:22.254Z; git: 526006ecfa3af7f1a27ef3a288e2bef7ea9dd7e8; jvm 1.8.0_345-b01
2022-10-18 03:54:13,378 [grpc-default-executor-1] INFO  impl.SnapshotInstallationHandler (SnapshotInstallationHandler.java:installSnapshot(84)) - omNode-2@group-523986131536: receive installSnapshot: omNode-1->omNode-2#0-t7,notify:(t:7, i:61)
2022-10-18 03:54:13,378 [grpc-default-executor-1] INFO  impl.SnapshotInstallationHandler (SnapshotInstallationHandler.java:notifyStateMachineToInstallSnapshot(299)) - omNode-2@group-523986131536: InstallSnapshot notification result: SNAPSHOT_UNAVAILABLE
2022-10-18 03:54:13,378 [grpc-default-executor-1] INFO  impl.SnapshotInstallationHandler (SnapshotInstallationHandler.java:installSnapshot(95)) - omNode-2@group-523986131536: reply installSnapshot: omNode-1<-omNode-2#0:FAIL-t7,SNAPSHOT_UNAVAILABLE
2022-10-18 03:54:13,378 [grpc-default-executor-1] INFO  server.GrpcServerProtocolService (GrpcServerProtocolService.java:onCompleted(140)) - omNode-2: Completed INSTALL_SNAPSHOT, lastRequest: omNode-1->omNode-2#0-t7,notify:(t:7, i:61)
2022-10-18 03:54:13,378 [grpc-default-executor-0] INFO  leader.FollowerInfo (FollowerInfoImpl.java:lambda$new$0(48)) - omNode-1@group-523986131536->omNode-2: nextIndex: updateUnconditionally 59 -> 59
2022-10-18 03:54:13,378 [grpc-default-executor-0] INFO  server.GrpcLogAppender (GrpcLogAppender.java:onNext(403)) - omNode-1@group-523986131536->omNode-2-InstallSnapshotResponseHandler: received a reply omNode-1<-omNode-2#0:FAIL-t7,SNAPSHOT_UNAVAILABLE
2022-10-18 03:54:13,379 [grpc-default-executor-0] INFO  server.GrpcLogAppender (GrpcLogAppender.java:onNext(451)) - omNode-1@group-523986131536->omNode-2-InstallSnapshotResponseHandler: Follower could not install snapshot as it is not available.
2022-10-18 03:54:13,379 [grpc-default-executor-0] INFO  leader.FollowerInfo (FollowerInfoImpl.java:setAttemptedToInstallSnapshot(118)) - Follower omNode-1@group-523986131536->omNode-2 acknowledged installing snapshot
2022-10-18 03:54:13,379 [omNode-1@group-523986131536->omNode-2-GrpcLogAppender-LogAppenderDaemon] INFO  server.GrpcLogAppender (GrpcLogAppender.java:installSnapshot(541)) - omNode-1@group-523986131536->omNode-2-GrpcLogAppender: followerNextIndex = 59 but logStartIndex = 61, notify follower to install snapshot-(t:7, i:61)
2022-10-18 03:54:13,379 [omNode-1@group-523986131536->omNode-2-GrpcLogAppender-LogAppenderDaemon] INFO  server.GrpcLogAppender (GrpcLogAppender.java:installSnapshot(549)) - omNode-1@group-523986131536->omNode-2-GrpcLogAppender: send omNode-1->omNode-2#0-t7,notify:(t:7, i:61)
2022-10-18 03:54:13,380 [grpc-default-executor-3] INFO  impl.SnapshotInstallationHandler (SnapshotInstallationHandler.java:installSnapshot(84)) - omNode-2@group-523986131536: receive installSnapshot: omNode-1->omNode-2#0-t7,notify:(t:7, i:61)
2022-10-18 03:54:13,380 [grpc-default-executor-3] INFO  impl.SnapshotInstallationHandler (SnapshotInstallationHandler.java:notifyStateMachineToInstallSnapshot(215)) - omNode-2@group-523986131536: Received notification to install snapshot at index 61
2022-10-18 03:54:13,380 [grpc-default-executor-3] INFO  impl.SnapshotInstallationHandler (SnapshotInstallationHandler.java:notifyStateMachineToInstallSnapshot(248)) - omNode-2@group-523986131536: notifyInstallSnapshot: nextIndex is 59 but the leader's first available index is 61.
2022-10-18 03:54:13,380 [grpc-default-executor-3] INFO  ratis.OzoneManagerStateMachine (OzoneManagerStateMachine.java:notifyInstallSnapshotFromLeader(470)) - Received install snapshot notification from OM leader: omNode-1 with term index: (t:7, i:61)
2022-10-18 03:54:13,380 [pool-366-thread-1] INFO  om.OzoneManager (OzoneManager.java:getDBCheckpointFromLeader(3903)) - Downloading checkpoint from leader OM omNode-1 and reloading state from the checkpoint.
2022-10-18 03:54:13,380 [grpc-default-executor-3] INFO  impl.SnapshotInstallationHandler (SnapshotInstallationHandler.java:installSnapshot(95)) - omNode-2@group-523986131536: reply installSnapshot: omNode-1<-omNode-2#0:FAIL-t7,IN_PROGRESS
2022-10-18 03:54:13,380 [pool-366-thread-1] INFO  snapshot.OzoneManagerSnapshotProvider (OzoneManagerSnapshotProvider.java:getOzoneManagerDBSnapshot(122)) - Downloading latest checkpoint from Leader OM omNode-1. Checkpoint URL: http://127.0.0.1:41161/dbCheckpoint?flushBeforeCheckpoint=true
2022-10-18 03:54:13,381 [grpc-default-executor-3] INFO  server.GrpcServerProtocolService (GrpcServerProtocolService.java:onCompleted(140)) - omNode-2: Completed INSTALL_SNAPSHOT, lastRequest: omNode-1->omNode-2#0-t7,notify:(t:7, i:61)
2022-10-18 03:54:13,382 [grpc-default-executor-3] INFO  server.GrpcLogAppender (GrpcLogAppender.java:onNext(403)) - omNode-1@group-523986131536->omNode-2-InstallSnapshotResponseHandler: received a reply omNode-1<-omNode-2#0:FAIL-t7,IN_PROGRESS
2022-10-18 03:54:13,382 [grpc-default-executor-3] INFO  server.GrpcLogAppender (GrpcLogAppender.java:onNext(421)) - omNode-1@group-523986131536->omNode-2-InstallSnapshotResponseHandler: InstallSnapshot in progress.
2022-10-18 03:54:13,382 [omNode-1@group-523986131536->omNode-2-GrpcLogAppender-LogAppenderDaemon] INFO  server.GrpcLogAppender (GrpcLogAppender.java:installSnapshot(541)) - omNode-1@group-523986131536->omNode-2-GrpcLogAppender: followerNextIndex = 59 but logStartIndex = 61, notify follower to install snapshot-(t:7, i:61)
2022-10-18 03:54:13,382 [omNode-1@group-523986131536->omNode-2-GrpcLogAppender-LogAppenderDaemon] INFO  server.GrpcLogAppender (GrpcLogAppender.java:installSnapshot(549)) - omNode-1@group-523986131536->omNode-2-GrpcLogAppender: send omNode-1->omNode-2#0-t7,notify:(t:7, i:61)
2022-10-18 03:54:13,383 [grpc-default-executor-3] INFO  impl.SnapshotInstallationHandler (SnapshotInstallationHandler.java:installSnapshot(84)) - omNode-2@group-523986131536: receive installSnapshot: omNode-1->omNode-2#0-t7,notify:(t:7, i:61)
2022-10-18 03:54:13,383 [grpc-default-executor-3] INFO  impl.SnapshotInstallationHandler (SnapshotInstallationHandler.java:installSnapshot(95)) - omNode-2@group-523986131536: reply installSnapshot: omNode-1<-omNode-2#0:FAIL-t7,IN_PROGRESS
2022-10-18 03:54:13,383 [grpc-default-executor-3] INFO  server.GrpcServerProtocolService (GrpcServerProtocolService.java:onCompleted(140)) - omNode-2: Completed INSTALL_SNAPSHOT, lastRequest: omNode-1->omNode-2#0-t7,notify:(t:7, i:61)
2022-10-18 03:54:13,383 [grpc-default-executor-3] INFO  server.GrpcLogAppender (GrpcLogAppender.java:onNext(403)) - omNode-1@group-523986131536->omNode-2-InstallSnapshotResponseHandler: received a reply omNode-1<-omNode-2#0:FAIL-t7,IN_PROGRESS
2022-10-18 03:54:13,383 [grpc-default-executor-3] INFO  server.GrpcLogAppender (GrpcLogAppender.java:onNext(421)) - omNode-1@group-523986131536->omNode-2-InstallSnapshotResponseHandler: InstallSnapshot in progress.
2022-10-18 03:54:13,384 [Listener at localhost/45489] INFO  server.session (DefaultSessionIdManager.java:doStart(334)) - DefaultSessionIdManager workerName=node0
2022-10-18 03:54:13,384 [Listener at localhost/45489] INFO  server.session (DefaultSessionIdManager.java:doStart(339)) - No SessionScavenger set, using defaults
2022-10-18 03:54:13,384 [Listener at localhost/45489] INFO  server.session (HouseKeeper.java:startScavenging(132)) - node0 Scavenging every 660000ms
2022-10-18 03:54:13,385 [omNode-1@group-523986131536->omNode-2-GrpcLogAppender-LogAppenderDaemon] INFO  server.GrpcLogAppender (GrpcLogAppender.java:installSnapshot(541)) - omNode-1@group-523986131536->omNode-2-GrpcLogAppender: followerNextIndex = 59 but logStartIndex = 61, notify follower to install snapshot-(t:7, i:61)
2022-10-18 03:54:13,385 [omNode-1@group-523986131536->omNode-2-GrpcLogAppender-LogAppenderDaemon] INFO  server.GrpcLogAppender (GrpcLogAppender.java:installSnapshot(549)) - omNode-1@group-523986131536->omNode-2-GrpcLogAppender: send omNode-1->omNode-2#0-t7,notify:(t:7, i:61)
2022-10-18 03:54:13,385 [Listener at localhost/45489] INFO  handler.ContextHandler (ContextHandler.java:doStart(915)) - Started o.e.j.s.ServletContextHandler@4c954ace{logs,/logs,file:///home/runner/work/ozone/ozone/hadoop-ozone/integration-test/target/log,AVAILABLE}
2022-10-18 03:54:13,386 [Listener at localhost/45489] INFO  handler.ContextHandler (ContextHandler.java:doStart(915)) - Started o.e.j.s.ServletContextHandler@1cebd5fd{static,/static,file:///home/runner/work/ozone/ozone/hadoop-ozone/integration-test/target/test-classes/webapps/static,AVAILABLE}
2022-10-18 03:54:13,390 [grpc-default-executor-1] INFO  impl.SnapshotInstallationHandler (SnapshotInstallationHandler.java:installSnapshot(84)) - omNode-2@group-523986131536: receive installSnapshot: omNode-1->omNode-2#0-t7,notify:(t:7, i:61)
2022-10-18 03:54:13,390 [grpc-default-executor-1] INFO  impl.SnapshotInstallationHandler (SnapshotInstallationHandler.java:installSnapshot(95)) - omNode-2@group-523986131536: reply installSnapshot: omNode-1<-omNode-2#0:FAIL-t7,IN_PROGRESS
2022-10-18 03:54:13,390 [grpc-default-executor-1] INFO  server.GrpcServerProtocolService (GrpcServerProtocolService.java:onCompleted(140)) - omNode-2: Completed INSTALL_SNAPSHOT, lastRequest: omNode-1->omNode-2#0-t7,notify:(t:7, i:61)
2022-10-18 03:54:13,390 [Listener at localhost/45489] INFO  handler.ContextHandler (ContextHandler.java:doStart(915)) - Started o.e.j.w.WebAppContext@2ef35e7d{ozoneManager,/,file:///home/runner/work/ozone/ozone/hadoop-ozone/integration-test/target/test-classes/webapps/ozoneManager/,AVAILABLE}{file:/home/runner/work/ozone/ozone/hadoop-ozone/integration-test/target/test-classes/webapps/ozoneManager}
2022-10-18 03:54:13,392 [grpc-default-executor-1] INFO  server.GrpcLogAppender (GrpcLogAppender.java:onNext(403)) - omNode-1@group-523986131536->omNode-2-InstallSnapshotResponseHandler: received a reply omNode-1<-omNode-2#0:FAIL-t7,IN_PROGRESS
2022-10-18 03:54:13,392 [grpc-default-executor-1] INFO  server.GrpcLogAppender (GrpcLogAppender.java:onNext(421)) - omNode-1@group-523986131536->omNode-2-InstallSnapshotResponseHandler: InstallSnapshot in progress.
2022-10-18 03:54:13,393 [omNode-1@group-523986131536->omNode-2-GrpcLogAppender-LogAppenderDaemon] INFO  server.GrpcLogAppender (GrpcLogAppender.java:installSnapshot(541)) - omNode-1@group-523986131536->omNode-2-GrpcLogAppender: followerNextIndex = 59 but logStartIndex = 61, notify follower to install snapshot-(t:7, i:61)
2022-10-18 03:54:13,393 [omNode-1@group-523986131536->omNode-2-GrpcLogAppender-LogAppenderDaemon] INFO  server.GrpcLogAppender (GrpcLogAppender.java:installSnapshot(549)) - omNode-1@group-523986131536->omNode-2-GrpcLogAppender: send omNode-1->omNode-2#0-t7,notify:(t:7, i:61)
2022-10-18 03:54:13,393 [grpc-default-executor-1] INFO  impl.SnapshotInstallationHandler (SnapshotInstallationHandler.java:installSnapshot(84)) - omNode-2@group-523986131536: receive installSnapshot: omNode-1->omNode-2#0-t7,notify:(t:7, i:61)
2022-10-18 03:54:13,399 [grpc-default-executor-1] INFO  impl.SnapshotInstallationHandler (SnapshotInstallationHandler.java:installSnapshot(95)) - omNode-2@group-523986131536: reply installSnapshot: omNode-1<-omNode-2#0:FAIL-t7,IN_PROGRESS
2022-10-18 03:54:13,399 [grpc-default-executor-1] INFO  server.GrpcServerProtocolService (GrpcServerProtocolService.java:onCompleted(140)) - omNode-2: Completed INSTALL_SNAPSHOT, lastRequest: omNode-1->omNode-2#0-t7,notify:(t:7, i:61)
2022-10-18 03:54:13,399 [grpc-default-executor-1] INFO  server.GrpcLogAppender (GrpcLogAppender.java:onNext(403)) - omNode-1@group-523986131536->omNode-2-InstallSnapshotResponseHandler: received a reply omNode-1<-omNode-2#0:FAIL-t7,IN_PROGRESS
2022-10-18 03:54:13,399 [grpc-default-executor-1] INFO  server.GrpcLogAppender (GrpcLogAppender.java:onNext(421)) - omNode-1@group-523986131536->omNode-2-InstallSnapshotResponseHandler: InstallSnapshot in progress.
2022-10-18 03:54:13,399 [omNode-1@group-523986131536->omNode-2-GrpcLogAppender-LogAppenderDaemon] INFO  server.GrpcLogAppender (GrpcLogAppender.java:installSnapshot(541)) - omNode-1@group-523986131536->omNode-2-GrpcLogAppender: followerNextIndex = 59 but logStartIndex = 61, notify follower to install snapshot-(t:7, i:61)
2022-10-18 03:54:13,400 [omNode-1@group-523986131536->omNode-2-GrpcLogAppender-LogAppenderDaemon] INFO  server.GrpcLogAppender (GrpcLogAppender.java:installSnapshot(549)) - omNode-1@group-523986131536->omNode-2-GrpcLogAppender: send omNode-1->omNode-2#0-t7,notify:(t:7, i:61)
2022-10-18 03:54:13,400 [omNode-2-server-thread1] INFO  server.RaftServer$Division (RaftServerImpl.java:checkInconsistentAppendEntries(1402)) - omNode-2@group-523986131536: Failed appendEntries as snapshot (61) installation is in progress
2022-10-18 03:54:13,400 [omNode-2-server-thread1] INFO  server.RaftServer$Division (RaftServerImpl.java:checkInconsistentAppendEntries(1394)) - omNode-2@group-523986131536: inconsistency entries. Reply:omNode-1<-omNode-2#825:FAIL-t7,INCONSISTENCY,nextIndex=59,followerCommit=58
2022-10-18 03:54:13,400 [grpc-default-executor-1] INFO  impl.SnapshotInstallationHandler (SnapshotInstallationHandler.java:installSnapshot(84)) - omNode-2@group-523986131536: receive installSnapshot: omNode-1->omNode-2#0-t7,notify:(t:7, i:61)
2022-10-18 03:54:13,401 [grpc-default-executor-1] INFO  impl.SnapshotInstallationHandler (SnapshotInstallationHandler.java:installSnapshot(95)) - omNode-2@group-523986131536: reply installSnapshot: omNode-1<-omNode-2#0:FAIL-t7,IN_PROGRESS
2022-10-18 03:54:13,401 [grpc-default-executor-1] INFO  server.GrpcServerProtocolService (GrpcServerProtocolService.java:onCompleted(140)) - omNode-2: Completed INSTALL_SNAPSHOT, lastRequest: omNode-1->omNode-2#0-t7,notify:(t:7, i:61)
2022-10-18 03:54:13,401 [grpc-default-executor-2] INFO  leader.FollowerInfo (FollowerInfoImpl.java:lambda$new$0(48)) - omNode-1@group-523986131536->omNode-2: nextIndex: updateUnconditionally 59 -> 59
2022-10-18 03:54:13,401 [omNode-2-server-thread1] INFO  server.RaftServer$Division (RaftServerImpl.java:checkInconsistentAppendEntries(1402)) - omNode-2@group-523986131536: Failed appendEntries as snapshot (61) installation is in progress
2022-10-18 03:54:13,402 [omNode-2-server-thread1] INFO  server.RaftServer$Division (RaftServerImpl.java:checkInconsistentAppendEntries(1394)) - omNode-2@group-523986131536: inconsistency entries. Reply:omNode-1<-omNode-2#826:FAIL-t7,INCONSISTENCY,nextIndex=59,followerCommit=58
2022-10-18 03:54:13,401 [grpc-default-executor-3] INFO  server.GrpcLogAppender (GrpcLogAppender.java:onNext(403)) - omNode-1@group-523986131536->omNode-2-InstallSnapshotResponseHandler: received a reply omNode-1<-omNode-2#0:FAIL-t7,IN_PROGRESS
2022-10-18 03:54:13,402 [grpc-default-executor-3] INFO  server.GrpcLogAppender (GrpcLogAppender.java:onNext(421)) - omNode-1@group-523986131536->omNode-2-InstallSnapshotResponseHandler: InstallSnapshot in progress.
2022-10-18 03:54:13,402 [omNode-1@group-523986131536->omNode-2-GrpcLogAppender-LogAppenderDaemon] INFO  server.GrpcLogAppender (GrpcLogAppender.java:installSnapshot(541)) - omNode-1@group-523986131536->omNode-2-GrpcLogAppender: followerNextIndex = 59 but logStartIndex = 61, notify follower to install snapshot-(t:7, i:61)
2022-10-18 03:54:13,402 [omNode-1@group-523986131536->omNode-2-GrpcLogAppender-LogAppenderDaemon] INFO  server.GrpcLogAppender (GrpcLogAppender.java:installSnapshot(549)) - omNode-1@group-523986131536->omNode-2-GrpcLogAppender: send omNode-1->omNode-2#0-t7,notify:(t:7, i:61)
2022-10-18 03:54:13,403 [omNode-2-server-thread1] INFO  server.RaftServer$Division (RaftServerImpl.java:checkInconsistentAppendEntries(1402)) - omNode-2@group-523986131536: Failed appendEntries as snapshot (61) installation is in progress
2022-10-18 03:54:13,403 [omNode-2-server-thread1] INFO  server.RaftServer$Division (RaftServerImpl.java:checkInconsistentAppendEntries(1394)) - omNode-2@group-523986131536: inconsistency entries. Reply:omNode-1<-omNode-2#827:FAIL-t7,INCONSISTENCY,nextIndex=59,followerCommit=58
2022-10-18 03:54:13,403 [omNode-2-server-thread1] INFO  server.RaftServer$Division (RaftServerImpl.java:checkInconsistentAppendEntries(1402)) - omNode-2@group-523986131536: Failed appendEntries as snapshot (61) installation is in progress
2022-10-18 03:54:13,403 [omNode-2-server-thread1] INFO  server.RaftServer$Division (RaftServerImpl.java:checkInconsistentAppendEntries(1394)) - omNode-2@group-523986131536: inconsistency entries. Reply:omNode-1<-omNode-2#828:FAIL-t7,INCONSISTENCY,nextIndex=59,followerCommit=58
2022-10-18 03:54:13,404 [grpc-default-executor-0] INFO  leader.FollowerInfo (FollowerInfoImpl.java:lambda$new$0(48)) - omNode-1@group-523986131536->omNode-2: nextIndex: updateUnconditionally 59 -> 59
2022-10-18 03:54:13,404 [omNode-2-server-thread1] INFO  server.RaftServer$Division (RaftServerImpl.java:checkInconsistentAppendEntries(1402)) - omNode-2@group-523986131536: Failed appendEntries as snapshot (61) installation is in progress
2022-10-18 03:54:13,404 [omNode-2-server-thread1] INFO  server.RaftServer$Division (RaftServerImpl.java:checkInconsistentAppendEntries(1394)) - omNode-2@group-523986131536: inconsistency entries. Reply:omNode-1<-omNode-2#829:FAIL-t7,INCONSISTENCY,nextIndex=59,followerCommit=58
2022-10-18 03:54:13,404 [grpc-default-executor-0] INFO  leader.FollowerInfo (FollowerInfoImpl.java:lambda$new$0(48)) - omNode-1@group-523986131536->omNode-2: nextIndex: updateUnconditionally 59 -> 59
2022-10-18 03:54:13,405 [grpc-default-executor-0] INFO  impl.SnapshotInstallationHandler (SnapshotInstallationHandler.java:installSnapshot(84)) - omNode-2@group-523986131536: receive installSnapshot: omNode-1->omNode-2#0-t7,notify:(t:7, i:61)
2022-10-18 03:54:13,405 [grpc-default-executor-0] INFO  impl.SnapshotInstallationHandler (SnapshotInstallationHandler.java:installSnapshot(95)) - omNode-2@group-523986131536: reply installSnapshot: omNode-1<-omNode-2#0:FAIL-t7,IN_PROGRESS
2022-10-18 03:54:13,405 [grpc-default-executor-0] INFO  server.GrpcServerProtocolService (GrpcServerProtocolService.java:onCompleted(140)) - omNode-2: Completed INSTALL_SNAPSHOT, lastRequest: omNode-1->omNode-2#0-t7,notify:(t:7, i:61)
2022-10-18 03:54:13,405 [grpc-default-executor-0] INFO  leader.FollowerInfo (FollowerInfoImpl.java:lambda$new$0(48)) - omNode-1@group-523986131536->omNode-2: nextIndex: updateUnconditionally 59 -> 59
2022-10-18 03:54:13,405 [grpc-default-executor-0] INFO  leader.FollowerInfo (FollowerInfoImpl.java:lambda$new$0(48)) - omNode-1@group-523986131536->omNode-2: nextIndex: updateUnconditionally 59 -> 59
2022-10-18 03:54:13,406 [grpc-default-executor-0] INFO  server.GrpcLogAppender (GrpcLogAppender.java:onNext(403)) - omNode-1@group-523986131536->omNode-2-InstallSnapshotResponseHandler: received a reply omNode-1<-omNode-2#0:FAIL-t7,IN_PROGRESS
2022-10-18 03:54:13,406 [grpc-default-executor-0] INFO  server.GrpcLogAppender (GrpcLogAppender.java:onNext(421)) - omNode-1@group-523986131536->omNode-2-InstallSnapshotResponseHandler: InstallSnapshot in progress.
2022-10-18 03:54:13,406 [omNode-1@group-523986131536->omNode-2-GrpcLogAppender-LogAppenderDaemon] INFO  server.GrpcLogAppender (GrpcLogAppender.java:installSnapshot(541)) - omNode-1@group-523986131536->omNode-2-GrpcLogAppender: followerNextIndex = 59 but logStartIndex = 61, notify follower to install snapshot-(t:7, i:61)
2022-10-18 03:54:13,406 [omNode-1@group-523986131536->omNode-2-GrpcLogAppender-LogAppenderDaemon] INFO  server.GrpcLogAppender (GrpcLogAppender.java:installSnapshot(549)) - omNode-1@group-523986131536->omNode-2-GrpcLogAppender: send omNode-1->omNode-2#0-t7,notify:(t:7, i:61)
2022-10-18 03:54:13,407 [omNode-2-server-thread1] INFO  server.RaftServer$Division (RaftServerImpl.java:checkInconsistentAppendEntries(1402)) - omNode-2@group-523986131536: Failed appendEntries as snapshot (61) installation is in progress
2022-10-18 03:54:13,407 [omNode-2-server-thread1] INFO  server.RaftServer$Division (RaftServerImpl.java:checkInconsistentAppendEntries(1394)) - omNode-2@group-523986131536: inconsistency entries. Reply:omNode-1<-omNode-2#830:FAIL-t7,INCONSISTENCY,nextIndex=59,followerCommit=58
2022-10-18 03:54:13,407 [grpc-default-executor-1] INFO  impl.SnapshotInstallationHandler (SnapshotInstallationHandler.java:installSnapshot(84)) - omNode-2@group-523986131536: receive installSnapshot: omNode-1->omNode-2#0-t7,notify:(t:7, i:61)
2022-10-18 03:54:13,407 [grpc-default-executor-1] INFO  impl.SnapshotInstallationHandler (SnapshotInstallationHandler.java:installSnapshot(95)) - omNode-2@group-523986131536: reply installSnapshot: omNode-1<-omNode-2#0:FAIL-t7,IN_PROGRESS
2022-10-18 03:54:13,407 [grpc-default-executor-1] INFO  server.GrpcServerProtocolService (GrpcServerProtocolService.java:onCompleted(140)) - omNode-2: Completed INSTALL_SNAPSHOT, lastRequest: omNode-1->omNode-2#0-t7,notify:(t:7, i:61)
2022-10-18 03:54:13,408 [grpc-default-executor-1] INFO  leader.FollowerInfo (FollowerInfoImpl.java:lambda$new$0(48)) - omNode-1@group-523986131536->omNode-2: nextIndex: updateUnconditionally 59 -> 59
2022-10-18 03:54:13,408 [grpc-default-executor-1] INFO  server.GrpcLogAppender (GrpcLogAppender.java:onNext(403)) - omNode-1@group-523986131536->omNode-2-InstallSnapshotResponseHandler: received a reply omNode-1<-omNode-2#0:FAIL-t7,IN_PROGRESS
2022-10-18 03:54:13,408 [grpc-default-executor-1] INFO  server.GrpcLogAppender (GrpcLogAppender.java:onNext(421)) - omNode-1@group-523986131536->omNode-2-InstallSnapshotResponseHandler: InstallSnapshot in progress.
2022-10-18 03:54:13,408 [omNode-1@group-523986131536->omNode-2-GrpcLogAppender-LogAppenderDaemon] INFO  server.GrpcLogAppender (GrpcLogAppender.java:installSnapshot(541)) - omNode-1@group-523986131536->omNode-2-GrpcLogAppender: followerNextIndex = 59 but logStartIndex = 61, notify follower to install snapshot-(t:7, i:61)
2022-10-18 03:54:13,408 [omNode-1@group-523986131536->omNode-2-GrpcLogAppender-LogAppenderDaemon] INFO  server.GrpcLogAppender (GrpcLogAppender.java:installSnapshot(549)) - omNode-1@group-523986131536->omNode-2-GrpcLogAppender: send omNode-1->omNode-2#0-t7,notify:(t:7, i:61)
2022-10-18 03:54:13,409 [omNode-2-server-thread1] INFO  server.RaftServer$Division (RaftServerImpl.java:checkInconsistentAppendEntries(1402)) - omNode-2@group-523986131536: Failed appendEntries as snapshot (61) installation is in progress
2022-10-18 03:54:13,409 [omNode-2-server-thread1] INFO  server.RaftServer$Division (RaftServerImpl.java:checkInconsistentAppendEntries(1394)) - omNode-2@group-523986131536: inconsistency entries. Reply:omNode-1<-omNode-2#831:FAIL-t7,INCONSISTENCY,nextIndex=59,followerCommit=58
2022-10-18 03:54:13,410 [grpc-default-executor-1] INFO  impl.SnapshotInstallationHandler (SnapshotInstallationHandler.java:installSnapshot(84)) - omNode-2@group-523986131536: receive installSnapshot: omNode-1->omNode-2#0-t7,notify:(t:7, i:61)
2022-10-18 03:54:13,410 [grpc-default-executor-1] INFO  impl.SnapshotInstallationHandler (SnapshotInstallationHandler.java:installSnapshot(95)) - omNode-2@group-523986131536: reply installSnapshot: omNode-1<-omNode-2#0:FAIL-t7,IN_PROGRESS
2022-10-18 03:54:13,410 [grpc-default-executor-1] INFO  server.GrpcServerProtocolService (GrpcServerProtocolService.java:onCompleted(140)) - omNode-2: Completed INSTALL_SNAPSHOT, lastRequest: omNode-1->omNode-2#0-t7,notify:(t:7, i:61)
2022-10-18 03:54:13,412 [grpc-default-executor-1] INFO  leader.FollowerInfo (FollowerInfoImpl.java:lambda$new$0(48)) - omNode-1@group-523986131536->omNode-2: nextIndex: updateUnconditionally 59 -> 59
2022-10-18 03:54:13,412 [grpc-default-executor-1] INFO  server.GrpcLogAppender (GrpcLogAppender.java:onNext(403)) - omNode-1@group-523986131536->omNode-2-InstallSnapshotResponseHandler: received a reply omNode-1<-omNode-2#0:FAIL-t7,IN_PROGRESS
2022-10-18 03:54:13,412 [grpc-default-executor-1] INFO  server.GrpcLogAppender (GrpcLogAppender.java:onNext(421)) - omNode-1@group-523986131536->omNode-2-InstallSnapshotResponseHandler: InstallSnapshot in progress.
2022-10-18 03:54:13,412 [omNode-1@group-523986131536->omNode-2-GrpcLogAppender-LogAppenderDaemon] INFO  server.GrpcLogAppender (GrpcLogAppender.java:installSnapshot(541)) - omNode-1@group-523986131536->omNode-2-GrpcLogAppender: followerNextIndex = 59 but logStartIndex = 61, notify follower to install snapshot-(t:7, i:61)
2022-10-18 03:54:13,412 [omNode-1@group-523986131536->omNode-2-GrpcLogAppender-LogAppenderDaemon] INFO  server.GrpcLogAppender (GrpcLogAppender.java:installSnapshot(549)) - omNode-1@group-523986131536->omNode-2-GrpcLogAppender: send omNode-1->omNode-2#0-t7,notify:(t:7, i:61)
2022-10-18 03:54:13,413 [omNode-2-server-thread1] INFO  server.RaftServer$Division (RaftServerImpl.java:checkInconsistentAppendEntries(1402)) - omNode-2@group-523986131536: Failed appendEntries as snapshot (61) installation is in progress
2022-10-18 03:54:13,413 [omNode-2-server-thread1] INFO  server.RaftServer$Division (RaftServerImpl.java:checkInconsistentAppendEntries(1394)) - omNode-2@group-523986131536: inconsistency entries. Reply:omNode-1<-omNode-2#832:FAIL-t7,INCONSISTENCY,nextIndex=59,followerCommit=58
2022-10-18 03:54:13,413 [grpc-default-executor-1] INFO  impl.SnapshotInstallationHandler (SnapshotInstallationHandler.java:installSnapshot(84)) - omNode-2@group-523986131536: receive installSnapshot: omNode-1->omNode-2#0-t7,notify:(t:7, i:61)
2022-10-18 03:54:13,414 [grpc-default-executor-1] INFO  impl.SnapshotInstallationHandler (SnapshotInstallationHandler.java:installSnapshot(95)) - omNode-2@group-523986131536: reply installSnapshot: omNode-1<-omNode-2#0:FAIL-t7,IN_PROGRESS
2022-10-18 03:54:13,414 [grpc-default-executor-1] INFO  server.GrpcServerProtocolService (GrpcServerProtocolService.java:onCompleted(140)) - omNode-2: Completed INSTALL_SNAPSHOT, lastRequest: omNode-1->omNode-2#0-t7,notify:(t:7, i:61)
2022-10-18 03:54:13,414 [grpc-default-executor-1] INFO  leader.FollowerInfo (FollowerInfoImpl.java:lambda$new$0(48)) - omNode-1@group-523986131536->omNode-2: nextIndex: updateUnconditionally 59 -> 59
2022-10-18 03:54:13,414 [grpc-default-executor-1] INFO  server.GrpcLogAppender (GrpcLogAppender.java:onNext(403)) - omNode-1@group-523986131536->omNode-2-InstallSnapshotResponseHandler: received a reply omNode-1<-omNode-2#0:FAIL-t7,IN_PROGRESS
2022-10-18 03:54:13,414 [grpc-default-executor-1] INFO  server.GrpcLogAppender (GrpcLogAppender.java:onNext(421)) - omNode-1@group-523986131536->omNode-2-InstallSnapshotResponseHandler: InstallSnapshot in progress.
2022-10-18 03:54:13,415 [omNode-1@group-523986131536->omNode-2-GrpcLogAppender-LogAppenderDaemon] INFO  server.GrpcLogAppender (GrpcLogAppender.java:installSnapshot(541)) - omNode-1@group-523986131536->omNode-2-GrpcLogAppender: followerNextIndex = 59 but logStartIndex = 61, notify follower to install snapshot-(t:7, i:61)
2022-10-18 03:54:13,415 [omNode-1@group-523986131536->omNode-2-GrpcLogAppender-LogAppenderDaemon] INFO  server.GrpcLogAppender (GrpcLogAppender.java:installSnapshot(549)) - omNode-1@group-523986131536->omNode-2-GrpcLogAppender: send omNode-1->omNode-2#0-t7,notify:(t:7, i:61)
2022-10-18 03:54:13,399 [qtp401510562-1081] INFO  utils.DBCheckpointServlet (DBCheckpointServlet.java:doGet(109)) - Received request to obtain DB checkpoint snapshot
2022-10-18 03:54:13,416 [Listener at localhost/45489] INFO  server.AbstractConnector (AbstractConnector.java:doStart(331)) - Started ServerConnector@66b4a0e4{HTTP/1.1, (http/1.1)}{0.0.0.0:34765}
2022-10-18 03:54:13,416 [Listener at localhost/45489] INFO  server.Server (Server.java:doStart(415)) - Started @59104ms
2022-10-18 03:54:13,417 [Listener at localhost/45489] WARN  impl.MetricsSystemImpl (MetricsSystemImpl.java:register(279)) - Sink prometheus already exists!
2022-10-18 03:54:13,418 [Listener at localhost/45489] INFO  http.BaseHttpServer (BaseHttpServer.java:updateConnectorAddress(333)) - HTTP server of ozoneManager listening at http://0.0.0.0:34765
2022-10-18 03:54:13,419 [IPC Server Responder] INFO  ipc.Server (Server.java:run(1512)) - IPC Server Responder: starting
2022-10-18 03:54:13,419 [IPC Server listener on 45489] INFO  ipc.Server (Server.java:run(1352)) - IPC Server listener on 45489: starting
2022-10-18 03:54:13,420 [qtp401510562-1081] INFO  db.RDBCheckpointManager (RDBCheckpointManager.java:createCheckpoint(81)) - Created checkpoint at /home/runner/work/ozone/ozone/hadoop-ozone/integration-test/target/test-dir/MiniOzoneClusterImpl-5cdafbed-51d9-4f54-a43e-7c7e014ba032/omNode-1/db.checkpoints/om.db_checkpoint_1666065253415 in 5 milliseconds
2022-10-18 03:54:13,435 [omNode-2-server-thread1] INFO  server.RaftServer$Division (RaftServerImpl.java:checkInconsistentAppendEntries(1402)) - omNode-2@group-523986131536: Failed appendEntries as snapshot (61) installation is in progress
2022-10-18 03:54:13,435 [omNode-2-server-thread1] INFO  server.RaftServer$Division (RaftServerImpl.java:checkInconsistentAppendEntries(1394)) - omNode-2@group-523986131536: inconsistency entries. Reply:omNode-1<-omNode-2#833:FAIL-t7,INCONSISTENCY,nextIndex=59,followerCommit=58
2022-10-18 03:54:13,435 [qtp401510562-1081] INFO  utils.DBCheckpointServlet (DBCheckpointServlet.java:doGet(182)) - Time taken to write the checkpoint to response output stream: 15 milliseconds
2022-10-18 03:54:13,435 [grpc-default-executor-0] INFO  impl.SnapshotInstallationHandler (SnapshotInstallationHandler.java:installSnapshot(84)) - omNode-2@group-523986131536: receive installSnapshot: omNode-1->omNode-2#0-t7,notify:(t:7, i:61)
2022-10-18 03:54:13,435 [grpc-default-executor-0] INFO  impl.SnapshotInstallationHandler (SnapshotInstallationHandler.java:installSnapshot(95)) - omNode-2@group-523986131536: reply installSnapshot: omNode-1<-omNode-2#0:FAIL-t7,IN_PROGRESS
2022-10-18 03:54:13,436 [grpc-default-executor-0] INFO  server.GrpcServerProtocolService (GrpcServerProtocolService.java:onCompleted(140)) - omNode-2: Completed INSTALL_SNAPSHOT, lastRequest: omNode-1->omNode-2#0-t7,notify:(t:7, i:61)
2022-10-18 03:54:13,437 [grpc-default-executor-3] INFO  leader.FollowerInfo (FollowerInfoImpl.java:lambda$new$0(48)) - omNode-1@group-523986131536->omNode-2: nextIndex: updateUnconditionally 59 -> 59
2022-10-18 03:54:13,447 [Listener at localhost/45489] INFO  om.OzoneManager (OzoneManager.java:startTrashEmptier(1919)) - Trash Interval set to 0. Files deleted won't move to trash
2022-10-18 03:54:13,449 [Listener at localhost/45489] INFO  om.OzoneManager (OzoneManager.java:stop(2034)) - omNode-1[localhost:35797]: Stopping Ozone Manager
2022-10-18 03:54:13,449 [Listener at localhost/45489] INFO  ipc.Server (Server.java:stop(3428)) - Stopping server on 35797
2022-10-18 03:54:13,451 [grpc-default-executor-1] INFO  server.GrpcLogAppender (GrpcLogAppender.java:onNext(403)) - omNode-1@group-523986131536->omNode-2-InstallSnapshotResponseHandler: received a reply omNode-1<-omNode-2#0:FAIL-t7,IN_PROGRESS
2022-10-18 03:54:13,451 [grpc-default-executor-1] INFO  server.GrpcLogAppender (GrpcLogAppender.java:onNext(421)) - omNode-1@group-523986131536->omNode-2-InstallSnapshotResponseHandler: InstallSnapshot in progress.
2022-10-18 03:54:13,451 [omNode-1@group-523986131536->omNode-2-GrpcLogAppender-LogAppenderDaemon] INFO  server.GrpcLogAppender (GrpcLogAppender.java:installSnapshot(541)) - omNode-1@group-523986131536->omNode-2-GrpcLogAppender: followerNextIndex = 59 but logStartIndex = 61, notify follower to install snapshot-(t:7, i:61)
2022-10-18 03:54:13,452 [omNode-1@group-523986131536->omNode-2-GrpcLogAppender-LogAppenderDaemon] INFO  server.GrpcLogAppender (GrpcLogAppender.java:installSnapshot(549)) - omNode-1@group-523986131536->omNode-2-GrpcLogAppender: send omNode-1->omNode-2#0-t7,notify:(t:7, i:61)
2022-10-18 03:54:13,452 [omNode-2-server-thread1] INFO  server.RaftServer$Division (RaftServerImpl.java:checkInconsistentAppendEntries(1402)) - omNode-2@group-523986131536: Failed appendEntries as snapshot (61) installation is in progress
2022-10-18 03:54:13,452 [omNode-2-server-thread1] INFO  server.RaftServer$Division (RaftServerImpl.java:checkInconsistentAppendEntries(1394)) - omNode-2@group-523986131536: inconsistency entries. Reply:omNode-1<-omNode-2#834:FAIL-t7,INCONSISTENCY,nextIndex=59,followerCommit=58
2022-10-18 03:54:13,453 [org.apache.hadoop.util.JvmPauseMonitor$Monitor@21d6c7ba] INFO  util.JvmPauseMonitor (JvmPauseMonitor.java:run(188)) - Starting JVM pause monitor
2022-10-18 03:54:13,455 [grpc-default-executor-1] INFO  impl.SnapshotInstallationHandler (SnapshotInstallationHandler.java:installSnapshot(84)) - omNode-2@group-523986131536: receive installSnapshot: omNode-1->omNode-2#0-t7,notify:(t:7, i:61)
2022-10-18 03:54:13,455 [grpc-default-executor-1] INFO  impl.SnapshotInstallationHandler (SnapshotInstallationHandler.java:installSnapshot(95)) - omNode-2@group-523986131536: reply installSnapshot: omNode-1<-omNode-2#0:FAIL-t7,IN_PROGRESS
2022-10-18 03:54:13,435 [qtp401510562-1081] INFO  db.RocksDBCheckpoint (RocksDBCheckpoint.java:cleanupCheckpoint(78)) - Cleaning up RocksDB checkpoint at /home/runner/work/ozone/ozone/hadoop-ozone/integration-test/target/test-dir/MiniOzoneClusterImpl-5cdafbed-51d9-4f54-a43e-7c7e014ba032/omNode-1/db.checkpoints/om.db_checkpoint_1666065253415
2022-10-18 03:54:13,456 [IPC Server Responder] INFO  ipc.Server (Server.java:run(1517)) - Stopping IPC Server Responder
2022-10-18 03:54:13,455 [grpc-default-executor-0] INFO  leader.FollowerInfo (FollowerInfoImpl.java:lambda$new$0(48)) - omNode-1@group-523986131536->omNode-2: nextIndex: updateUnconditionally 59 -> 59
2022-10-18 03:54:13,457 [Listener at localhost/45489] INFO  server.RaftServer (RaftServerProxy.java:lambda$close$7(398)) - omNode-1: close
2022-10-18 03:54:13,457 [Listener at localhost/45489] INFO  server.RaftServer$Division (RaftServerImpl.java:lambda$close$4(434)) - omNode-1@group-523986131536: shutdown
2022-10-18 03:54:13,457 [Listener at localhost/45489] INFO  util.JmxRegister (JmxRegister.java:unregister(73)) - Successfully un-registered JMX Bean with object name Ratis:service=RaftServer,group=group-523986131536,id=omNode-1
2022-10-18 03:54:13,458 [IPC Server listener on 35797] INFO  ipc.Server (Server.java:run(1384)) - Stopping IPC Server listener on 35797
2022-10-18 03:54:13,458 [grpc-default-executor-0] INFO  server.GrpcLogAppender (GrpcLogAppender.java:onNext(403)) - omNode-1@group-523986131536->omNode-2-InstallSnapshotResponseHandler: received a reply omNode-1<-omNode-2#0:FAIL-t7,IN_PROGRESS
2022-10-18 03:54:13,458 [grpc-default-executor-0] INFO  server.GrpcLogAppender (GrpcLogAppender.java:onNext(421)) - omNode-1@group-523986131536->omNode-2-InstallSnapshotResponseHandler: InstallSnapshot in progress.
2022-10-18 03:54:13,456 [grpc-default-executor-1] INFO  server.GrpcServerProtocolService (GrpcServerProtocolService.java:onCompleted(140)) - omNode-2: Completed INSTALL_SNAPSHOT, lastRequest: omNode-1->omNode-2#0-t7,notify:(t:7, i:61)
2022-10-18 03:54:13,458 [Listener at localhost/45489] INFO  impl.RoleInfo (RoleInfo.java:shutdownLeaderState(93)) - omNode-1: shutdown omNode-1@group-523986131536-LeaderStateImpl
2022-10-18 03:54:13,459 [Listener at localhost/45489] INFO  impl.PendingRequests (PendingRequests.java:sendNotLeaderResponses(282)) - omNode-1@group-523986131536-PendingRequests: sendNotLeaderResponses
2022-10-18 03:54:13,459 [omNode-1@group-523986131536->omNode-3-GrpcLogAppender-LogAppenderDaemon] WARN  server.GrpcLogAppender (GrpcLogAppender.java:mayWait(171)) - omNode-1@group-523986131536->omNode-3-GrpcLogAppender: Wait interrupted by java.lang.InterruptedException
2022-10-18 03:54:13,466 [Listener at localhost/45489] INFO  impl.StateMachineUpdater (StateMachineUpdater.java:stopAndJoin(153)) - omNode-1@group-523986131536-StateMachineUpdater: set stopIndex = 146
2022-10-18 03:54:13,466 [omNode-1@group-523986131536-StateMachineUpdater] INFO  ratis.OzoneManagerStateMachine (OzoneManagerStateMachine.java:takeSnapshot(441)) - Current Snapshot Index (t:7, i:146)
2022-10-18 03:54:13,466 [grpc-default-executor-1] INFO  server.GrpcServerProtocolService (GrpcServerProtocolService.java:onCompleted(140)) - omNode-3: Completed APPEND_ENTRIES, lastRequest: omNode-1->omNode-3#288-t7,previous=(t:7, i:145),leaderCommit=146,initializing? true,entries: size=1, first=(t:7, i:146), METADATAENTRY(c:145)
2022-10-18 03:54:13,467 [omNode-1@group-523986131536-StateMachineUpdater] INFO  impl.StateMachineUpdater (StateMachineUpdater.java:takeSnapshot(287)) - omNode-1@group-523986131536-StateMachineUpdater: Took a snapshot at index 146
2022-10-18 03:54:13,467 [omNode-1@group-523986131536-StateMachineUpdater] INFO  impl.StateMachineUpdater (StateMachineUpdater.java:lambda$new$0(92)) - omNode-1@group-523986131536-StateMachineUpdater: snapshotIndex: updateIncreasingly 110 -> 146
2022-10-18 03:54:13,467 [omNode-1@group-523986131536-StateMachineUpdater] INFO  raftlog.RaftLog (RaftLogBase.java:purge(308)) - omNode-1@group-523986131536-SegmentedRaftLog: purge 146
2022-10-18 03:54:13,467 [omNode-1@group-523986131536-StateMachineUpdater] INFO  raftlog.RaftLog (RaftLogBase.java:lambda$new$0(53)) - omNode-1@group-523986131536-SegmentedRaftLog: snapshotIndex: updateIncreasingly 110 -> 146
2022-10-18 03:54:13,467 [omNode-1@group-523986131536-StateMachineUpdater] INFO  raftlog.RaftLog (RaftLogBase.java:lambda$new$0(53)) - omNode-1@group-523986131536-SegmentedRaftLog: purgeIndex: updateToMax old=60, new=146, updated? true
2022-10-18 03:54:13,467 [omNode-1@group-523986131536-StateMachineUpdater] INFO  ratis.OzoneManagerStateMachine (OzoneManagerStateMachine.java:close(495)) - StateMachine has shutdown. Shutdown OzoneManager if not already shutdown.
2022-10-18 03:54:13,467 [omNode-1@group-523986131536-StateMachineUpdater] INFO  ratis.OzoneManagerDoubleBuffer (OzoneManagerDoubleBuffer.java:stop(466)) - Stopping OMDoubleBuffer flush thread
2022-10-18 03:54:13,467 [OMDoubleBufferFlushThread] INFO  ratis.OzoneManagerDoubleBuffer (OzoneManagerDoubleBuffer.java:flushTransactions(385)) - OMDoubleBuffer flush thread OMDoubleBufferFlushThread is interrupted and will exit.
2022-10-18 03:54:13,468 [grpc-default-executor-0] INFO  server.GrpcLogAppender (GrpcLogAppender.java:onCompleted(339)) - omNode-1@group-523986131536->omNode-3-AppendLogResponseHandler: follower responses appendEntries COMPLETED
2022-10-18 03:54:13,468 [grpc-default-executor-0] INFO  leader.FollowerInfo (FollowerInfoImpl.java:lambda$new$0(48)) - omNode-1@group-523986131536->omNode-3: nextIndex: updateUnconditionally 147 -> 146
2022-10-18 03:54:13,470 [grpc-default-executor-3] INFO  server.GrpcServerProtocolService (GrpcServerProtocolService.java:onCompleted(140)) - omNode-2: Completed APPEND_ENTRIES, lastRequest: omNode-1->omNode-2#400-t7,previous=(t:7, i:128),leaderCommit=128,initializing? false,entries: size=1, first=(t:7, i:129), STATEMACHINELOGENTRY, 275@client-0117AD76A498
2022-10-18 03:54:13,470 [grpc-default-executor-1] INFO  server.GrpcLogAppender (GrpcLogAppender.java:onCompleted(339)) - omNode-1@group-523986131536->omNode-2-AppendLogResponseHandler: follower responses appendEntries COMPLETED
2022-10-18 03:54:13,470 [grpc-default-executor-1] INFO  leader.FollowerInfo (FollowerInfoImpl.java:lambda$new$0(48)) - omNode-1@group-523986131536->omNode-2: nextIndex: updateUnconditionally 59 -> 58
2022-10-18 03:54:13,470 [Listener at localhost/45489] INFO  server.RaftServer$Division (ServerState.java:close(429)) - omNode-1@group-523986131536: closes. applyIndex: 146
2022-10-18 03:54:13,471 [omNode-1@group-523986131536-SegmentedRaftLogWorker] INFO  segmented.SegmentedRaftLogWorker (SegmentedRaftLogWorker.java:run(336)) - omNode-1@group-523986131536-SegmentedRaftLogWorker was interrupted, exiting. There are 0 tasks remaining in the queue.
2022-10-18 03:54:13,473 [pool-366-thread-1] INFO  snapshot.OzoneManagerSnapshotProvider (OzoneManagerSnapshotProvider.java:getOzoneManagerDBSnapshot(154)) - Successfully downloaded latest checkpoint from leader OM: omNode-1
2022-10-18 03:54:13,473 [pool-366-thread-1] INFO  om.OzoneManager (OzoneManager.java:installSnapshotFromLeader(3720)) - Downloaded checkpoint from Leader omNode-1 to the location /home/runner/work/ozone/ozone/hadoop-ozone/integration-test/target/test-dir/MiniOzoneClusterImpl-5cdafbed-51d9-4f54-a43e-7c7e014ba032/omNode-2/snapshot/om.db-omNode-1-1666065253380
2022-10-18 03:54:13,473 [Listener at localhost/45489] INFO  segmented.SegmentedRaftLogWorker (SegmentedRaftLogWorker.java:close(246)) - omNode-1@group-523986131536-SegmentedRaftLogWorker close()
2022-10-18 03:54:13,477 [Listener at localhost/45489] INFO  server.GrpcService (GrpcService.java:closeImpl(269)) - omNode-1: shutdown server with port 42747 now
2022-10-18 03:54:13,519 [pool-366-thread-1] INFO  om.OzoneManager (OzoneManager.java:installCheckpoint(3745)) - Installing checkpoint with OMTransactionInfo 7#145
2022-10-18 03:54:13,520 [pool-366-thread-1] INFO  utils.BackgroundService (BackgroundService.java:shutdown(141)) - Shutting down service KeyDeletingService
2022-10-18 03:54:13,520 [pool-366-thread-1] INFO  utils.BackgroundService (BackgroundService.java:shutdown(141)) - Shutting down service DirectoryDeletingService
2022-10-18 03:54:13,521 [pool-366-thread-1] INFO  utils.BackgroundService (BackgroundService.java:shutdown(141)) - Shutting down service OpenKeyCleanupService
2022-10-18 03:54:13,521 [pool-366-thread-1] INFO  ratis.OzoneManagerStateMachine (OzoneManagerStateMachine.java:pause(389)) - OzoneManagerStateMachine is pausing
2022-10-18 03:54:13,522 [pool-366-thread-1] INFO  ratis.OzoneManagerDoubleBuffer (OzoneManagerDoubleBuffer.java:stop(466)) - Stopping OMDoubleBuffer flush thread
2022-10-18 03:54:13,522 [OMDoubleBufferFlushThread] INFO  ratis.OzoneManagerDoubleBuffer (OzoneManagerDoubleBuffer.java:flushTransactions(385)) - OMDoubleBuffer flush thread OMDoubleBufferFlushThread is interrupted and will exit.
2022-10-18 03:54:13,522 [pool-366-thread-1] ERROR om.OzoneManager (HAUtils.java:verifyTransactionInfo(300)) - Failed to install checkpoint from SCM leader: omNode-1. The last applied index: 145 is greater than or equal to the checkpoint's applied index: 145. Deleting the downloaded checkpoint /home/runner/work/ozone/ozone/hadoop-ozone/integration-test/target/test-dir/MiniOzoneClusterImpl-5cdafbed-51d9-4f54-a43e-7c7e014ba032/omNode-2/snapshot/om.db-omNode-1-1666065253380
2022-10-18 03:54:13,524 [pool-366-thread-1] WARN  om.OzoneManager (OzoneManager.java:installCheckpoint(3825)) - Cannot proceed with InstallSnapshot as OM is at TermIndex (t:7, i:145) and checkpoint has lower TermIndex (t:7, i:145). Reloading old state of OM.
2022-10-18 03:54:13,524 [pool-366-thread-1] INFO  om.OzoneManager (OzoneManager.java:startTrashEmptier(1919)) - Trash Interval set to 0. Files deleted won't move to trash
2022-10-18 03:54:13,524 [pool-366-thread-1] INFO  ratis.OzoneManagerStateMachine (OzoneManagerStateMachine.java:unpause(406)) - OzoneManagerStateMachine is un-pausing
2022-10-18 03:54:13,524 [pool-366-thread-1] INFO  om.OzoneManager (OzoneManager.java:installCheckpoint(3847)) - OM DB is not stopped. Started services with Term: 7 and Index: 145
2022-10-18 03:54:13,525 [pool-366-thread-1] INFO  om.OzoneManager (OzoneManager.java:installCheckpoint(3889)) - Install Checkpoint is finished with Term: 7 and Index: 145. Spend 5 ms.
2022-10-18 03:54:13,525 [pool-366-thread-1] INFO  impl.SnapshotInstallationHandler (SnapshotInstallationHandler.java:lambda$notifyStateMachineToInstallSnapshot$2(271)) - omNode-2@group-523986131536: StateMachine successfully installed snapshot index 145. Reloading the StateMachine.
2022-10-18 03:54:14,914 [omNode-2@group-523986131536-FollowerState] INFO  impl.FollowerState (FollowerState.java:run(143)) - omNode-2@group-523986131536-FollowerState: change to CANDIDATE, lastRpcElapsedTime:1458859436ns, electionTimeout:1195ms
2022-10-18 03:54:14,914 [omNode-2@group-523986131536-FollowerState] INFO  impl.RoleInfo (RoleInfo.java:shutdownFollowerState(110)) - omNode-2: shutdown omNode-2@group-523986131536-FollowerState
2022-10-18 03:54:14,915 [omNode-2@group-523986131536-FollowerState] INFO  server.RaftServer$Division (RaftServerImpl.java:setRole(299)) - omNode-2@group-523986131536: changes role from  FOLLOWER to CANDIDATE at term 7 for changeToCandidate
2022-10-18 03:54:14,915 [omNode-2@group-523986131536-FollowerState] INFO  server.RaftServerConfigKeys (ConfUtils.java:logGet(46)) - raft.server.leaderelection.pre-vote = false (custom)
2022-10-18 03:54:14,915 [omNode-2@group-523986131536-FollowerState] INFO  impl.RoleInfo (RoleInfo.java:updateAndGet(139)) - omNode-2: start omNode-2@group-523986131536-LeaderElection15
2022-10-18 03:54:14,918 [omNode-2@group-523986131536-LeaderElection15] INFO  server.RaftServer$Division (ServerState.java:setLeader(287)) - omNode-2@group-523986131536: change Leader from omNode-1 to null at term 7 for ELECTION
2022-10-18 03:54:14,920 [omNode-2@group-523986131536-LeaderElection15] INFO  impl.LeaderElection (LeaderElection.java:askForVotes(310)) - omNode-2@group-523986131536-LeaderElection15 ELECTION round 0: submit vote requests at term 8 for 61: [omNode-3|rpc:localhost:44279|admin:|client:|dataStream:|priority:0, omNode-1|rpc:localhost:42747|admin:|client:|dataStream:|priority:0, omNode-2|rpc:localhost:37241|admin:|client:|dataStream:|priority:0], old=null
2022-10-18 03:54:14,931 [grpc-default-executor-1] INFO  server.RaftServer$Division (RaftServerImpl.java:requestVote(1152)) - omNode-3@group-523986131536: receive requestVote(ELECTION, omNode-2, group-523986131536, 8, (t:5, i:58))
2022-10-18 03:54:14,931 [grpc-default-executor-1] INFO  impl.VoteContext (VoteContext.java:log(48)) - omNode-3@group-523986131536-FOLLOWER: reject ELECTION from omNode-2: our last entry (t:7, i:146) > candidate's last entry (t:5, i:58)
2022-10-18 03:54:14,931 [grpc-default-executor-1] INFO  server.RaftServer$Division (ServerState.java:setLeader(287)) - omNode-3@group-523986131536: change Leader from omNode-1 to null at term 8 for updateCurrentTerm
2022-10-18 03:54:14,931 [grpc-default-executor-1] INFO  server.RaftServer$Division (RaftServerImpl.java:setRole(299)) - omNode-3@group-523986131536: changes role from  FOLLOWER to FOLLOWER at term 8 for candidate:omNode-2
2022-10-18 03:54:14,931 [grpc-default-executor-1] INFO  impl.RoleInfo (RoleInfo.java:shutdownFollowerState(110)) - omNode-3: shutdown omNode-3@group-523986131536-FollowerState
2022-10-18 03:54:14,931 [grpc-default-executor-1] INFO  impl.RoleInfo (RoleInfo.java:updateAndGet(139)) - omNode-3: start omNode-3@group-523986131536-FollowerState
2022-10-18 03:54:14,931 [omNode-3@group-523986131536-FollowerState] INFO  impl.FollowerState (FollowerState.java:run(152)) - omNode-3@group-523986131536-FollowerState was interrupted
2022-10-18 03:54:14,932 [omNode-2@group-523986131536-LeaderElection15] INFO  impl.LeaderElection (LogUtils.java:infoOrTrace(137)) - omNode-2@group-523986131536-LeaderElection15 got exception when requesting votes: java.util.concurrent.ExecutionException: org.apache.ratis.thirdparty.io.grpc.StatusRuntimeException: UNAVAILABLE: io exception
2022-10-18 03:54:14,934 [grpc-default-executor-1] INFO  server.RaftServer$Division (RaftServerImpl.java:requestVote(1184)) - omNode-3@group-523986131536 replies to ELECTION vote request: omNode-2<-omNode-3#0:FAIL-t8. Peer's state: omNode-3@group-523986131536:t8, leader=null, voted=null, raftlog=omNode-3@group-523986131536-SegmentedRaftLog:OPENED:c146, conf=61: [omNode-3|rpc:localhost:44279|admin:|client:|dataStream:|priority:0, omNode-1|rpc:localhost:42747|admin:|client:|dataStream:|priority:0, omNode-2|rpc:localhost:37241|admin:|client:|dataStream:|priority:0], old=null
2022-10-18 03:54:14,935 [omNode-2@group-523986131536-LeaderElection15] INFO  impl.LeaderElection (LeaderElection.java:logAndReturn(90)) - omNode-2@group-523986131536-LeaderElection15: ELECTION REJECTED received 1 response(s) and 1 exception(s):
2022-10-18 03:54:14,935 [omNode-2@group-523986131536-LeaderElection15] INFO  impl.LeaderElection (LeaderElection.java:logAndReturn(94)) -   Response 0: omNode-2<-omNode-3#0:FAIL-t8
2022-10-18 03:54:14,935 [omNode-2@group-523986131536-LeaderElection15] INFO  impl.LeaderElection (LogUtils.java:infoOrTrace(137)) -   Exception 1: java.util.concurrent.ExecutionException: org.apache.ratis.thirdparty.io.grpc.StatusRuntimeException: UNAVAILABLE: io exception
2022-10-18 03:54:14,935 [omNode-2@group-523986131536-LeaderElection15] INFO  impl.LeaderElection (LeaderElection.java:askForVotes(312)) - omNode-2@group-523986131536-LeaderElection15 ELECTION round 0: result REJECTED
2022-10-18 03:54:14,935 [omNode-2@group-523986131536-LeaderElection15] INFO  server.RaftServer$Division (RaftServerImpl.java:setRole(299)) - omNode-2@group-523986131536: changes role from CANDIDATE to FOLLOWER at term 8 for REJECTED
2022-10-18 03:54:14,935 [omNode-2@group-523986131536-LeaderElection15] INFO  impl.RoleInfo (RoleInfo.java:shutdownLeaderElection(130)) - omNode-2: shutdown omNode-2@group-523986131536-LeaderElection15
2022-10-18 03:54:14,935 [omNode-2@group-523986131536-LeaderElection15] INFO  impl.RoleInfo (RoleInfo.java:updateAndGet(139)) - omNode-2: start omNode-2@group-523986131536-FollowerState
2022-10-18 03:54:15,948 [omNode-2@group-523986131536-FollowerState] INFO  impl.FollowerState (FollowerState.java:run(143)) - omNode-2@group-523986131536-FollowerState: change to CANDIDATE, lastRpcElapsedTime:1012518353ns, electionTimeout:1006ms
2022-10-18 03:54:15,948 [omNode-2@group-523986131536-FollowerState] INFO  impl.RoleInfo (RoleInfo.java:shutdownFollowerState(110)) - omNode-2: shutdown omNode-2@group-523986131536-FollowerState
2022-10-18 03:54:15,948 [omNode-2@group-523986131536-FollowerState] INFO  server.RaftServer$Division (RaftServerImpl.java:setRole(299)) - omNode-2@group-523986131536: changes role from  FOLLOWER to CANDIDATE at term 8 for changeToCandidate
2022-10-18 03:54:15,948 [omNode-2@group-523986131536-FollowerState] INFO  server.RaftServerConfigKeys (ConfUtils.java:logGet(46)) - raft.server.leaderelection.pre-vote = false (custom)
2022-10-18 03:54:15,948 [omNode-2@group-523986131536-FollowerState] INFO  impl.RoleInfo (RoleInfo.java:updateAndGet(139)) - omNode-2: start omNode-2@group-523986131536-LeaderElection16
2022-10-18 03:54:15,951 [omNode-2@group-523986131536-LeaderElection16] INFO  impl.LeaderElection (LeaderElection.java:askForVotes(310)) - omNode-2@group-523986131536-LeaderElection16 ELECTION round 0: submit vote requests at term 9 for 61: [omNode-3|rpc:localhost:44279|admin:|client:|dataStream:|priority:0, omNode-1|rpc:localhost:42747|admin:|client:|dataStream:|priority:0, omNode-2|rpc:localhost:37241|admin:|client:|dataStream:|priority:0], old=null
2022-10-18 03:54:15,953 [grpc-default-executor-1] INFO  server.RaftServer$Division (RaftServerImpl.java:requestVote(1152)) - omNode-3@group-523986131536: receive requestVote(ELECTION, omNode-2, group-523986131536, 9, (t:5, i:58))
2022-10-18 03:54:15,953 [grpc-default-executor-1] INFO  impl.VoteContext (VoteContext.java:log(48)) - omNode-3@group-523986131536-FOLLOWER: reject ELECTION from omNode-2: our last entry (t:7, i:146) > candidate's last entry (t:5, i:58)
2022-10-18 03:54:15,953 [grpc-default-executor-1] INFO  server.RaftServer$Division (RaftServerImpl.java:setRole(299)) - omNode-3@group-523986131536: changes role from  FOLLOWER to FOLLOWER at term 9 for candidate:omNode-2
2022-10-18 03:54:15,953 [grpc-default-executor-1] INFO  impl.RoleInfo (RoleInfo.java:shutdownFollowerState(110)) - omNode-3: shutdown omNode-3@group-523986131536-FollowerState
2022-10-18 03:54:15,953 [grpc-default-executor-1] INFO  impl.RoleInfo (RoleInfo.java:updateAndGet(139)) - omNode-3: start omNode-3@group-523986131536-FollowerState
2022-10-18 03:54:15,953 [omNode-3@group-523986131536-FollowerState] INFO  impl.FollowerState (FollowerState.java:run(152)) - omNode-3@group-523986131536-FollowerState was interrupted
2022-10-18 03:54:15,959 [grpc-default-executor-1] INFO  server.RaftServer$Division (RaftServerImpl.java:requestVote(1184)) - omNode-3@group-523986131536 replies to ELECTION vote request: omNode-2<-omNode-3#0:FAIL-t9. Peer's state: omNode-3@group-523986131536:t9, leader=null, voted=null, raftlog=omNode-3@group-523986131536-SegmentedRaftLog:OPENED:c146, conf=61: [omNode-3|rpc:localhost:44279|admin:|client:|dataStream:|priority:0, omNode-1|rpc:localhost:42747|admin:|client:|dataStream:|priority:0, omNode-2|rpc:localhost:37241|admin:|client:|dataStream:|priority:0], old=null
2022-10-18 03:54:15,959 [omNode-2@group-523986131536-LeaderElection16] INFO  impl.LeaderElection (LogUtils.java:infoOrTrace(137)) - omNode-2@group-523986131536-LeaderElection16 got exception when requesting votes: java.util.concurrent.ExecutionException: org.apache.ratis.thirdparty.io.grpc.StatusRuntimeException: UNAVAILABLE: io exception
2022-10-18 03:54:15,959 [omNode-2@group-523986131536-LeaderElection16] INFO  impl.LeaderElection (LeaderElection.java:logAndReturn(90)) - omNode-2@group-523986131536-LeaderElection16: ELECTION REJECTED received 1 response(s) and 1 exception(s):
2022-10-18 03:54:15,959 [omNode-2@group-523986131536-LeaderElection16] INFO  impl.LeaderElection (LeaderElection.java:logAndReturn(94)) -   Response 0: omNode-2<-omNode-3#0:FAIL-t9
2022-10-18 03:54:15,959 [omNode-2@group-523986131536-LeaderElection16] INFO  impl.LeaderElection (LogUtils.java:infoOrTrace(137)) -   Exception 1: java.util.concurrent.ExecutionException: org.apache.ratis.thirdparty.io.grpc.StatusRuntimeException: UNAVAILABLE: io exception
2022-10-18 03:54:15,959 [omNode-2@group-523986131536-LeaderElection16] INFO  impl.LeaderElection (LeaderElection.java:askForVotes(312)) - omNode-2@group-523986131536-LeaderElection16 ELECTION round 0: result REJECTED
2022-10-18 03:54:15,959 [omNode-2@group-523986131536-LeaderElection16] INFO  server.RaftServer$Division (RaftServerImpl.java:setRole(299)) - omNode-2@group-523986131536: changes role from CANDIDATE to FOLLOWER at term 9 for REJECTED
2022-10-18 03:54:15,959 [omNode-2@group-523986131536-LeaderElection16] INFO  impl.RoleInfo (RoleInfo.java:shutdownLeaderElection(130)) - omNode-2: shutdown omNode-2@group-523986131536-LeaderElection16
2022-10-18 03:54:15,959 [omNode-2@group-523986131536-LeaderElection16] INFO  impl.RoleInfo (RoleInfo.java:updateAndGet(139)) - omNode-2: start omNode-2@group-523986131536-FollowerState
2022-10-18 03:54:16,493 [Listener at localhost/45489] WARN  grpc.GrpcUtil (GrpcUtil.java:shutdownManagedChannel(216)) - Timed out gracefully shutting down connection: ManagedChannelOrphanWrapper{delegate=ManagedChannelImpl{logId=333, target=localhost:37241}}. 
2022-10-18 03:54:16,498 [grpc-default-executor-1] INFO  server.GrpcLogAppender (GrpcLogAppender.java:onError(328)) - omNode-1@group-523986131536->omNode-2-GrpcLogAppender is stopped
2022-10-18 03:54:16,500 [Listener at localhost/45489] INFO  server.GrpcService (GrpcService.java:closeImpl(278)) - omNode-1: shutdown server with port 42747 successfully
2022-10-18 03:54:16,500 [org.apache.ratis.util.JvmPauseMonitor$$Lambda$703/726954313@1fad3858] INFO  util.JvmPauseMonitor (JvmPauseMonitor.java:run(109)) - JvmPauseMonitor-omNode-1: Stopped
2022-10-18 03:54:16,500 [grpc-default-executor-3] WARN  server.GrpcServerProtocolService (LogUtils.java:warn(122)) - omNode-2: installSnapshot onError, lastRequest: omNode-1->omNode-2#1-t7,previous=(t:6, i:60),leaderCommit=60,initializing? true,entries: size=1, first=(t:7, i:61), CONFIGURATIONENTRY: org.apache.ratis.thirdparty.io.grpc.StatusRuntimeException: CANCELLED: client cancelled
2022-10-18 03:54:16,501 [Listener at localhost/45489] INFO  ratis.OzoneManagerStateMachine (OzoneManagerStateMachine.java:close(495)) - StateMachine has shutdown. Shutdown OzoneManager if not already shutdown.
2022-10-18 03:54:16,501 [Listener at localhost/45489] INFO  ratis.OzoneManagerDoubleBuffer (OzoneManagerDoubleBuffer.java:stop(478)) - OMDoubleBuffer flush thread is not running.
2022-10-18 03:54:16,502 [Listener at localhost/45489] INFO  handler.ContextHandler (ContextHandler.java:doStop(1153)) - Stopped o.e.j.w.WebAppContext@6ce9cc4f{ozoneManager,/,null,STOPPED}{file:/home/runner/work/ozone/ozone/hadoop-ozone/integration-test/target/test-classes/webapps/ozoneManager}
2022-10-18 03:54:16,504 [Listener at localhost/45489] INFO  server.AbstractConnector (AbstractConnector.java:doStop(381)) - Stopped ServerConnector@5ceec24{HTTP/1.1, (http/1.1)}{0.0.0.0:41161}
2022-10-18 03:54:16,504 [Listener at localhost/45489] INFO  server.session (HouseKeeper.java:stopScavenging(149)) - node0 Stopped scavenging
2022-10-18 03:54:16,504 [Listener at localhost/45489] INFO  handler.ContextHandler (ContextHandler.java:doStop(1153)) - Stopped o.e.j.s.ServletContextHandler@591ac40f{static,/static,file:///home/runner/work/ozone/ozone/hadoop-ozone/integration-test/target/test-classes/webapps/static,STOPPED}
2022-10-18 03:54:16,505 [Listener at localhost/45489] INFO  handler.ContextHandler (ContextHandler.java:doStop(1153)) - Stopped o.e.j.s.ServletContextHandler@36b819{logs,/logs,file:///home/runner/work/ozone/ozone/hadoop-ozone/integration-test/target/log,STOPPED}
2022-10-18 03:54:16,509 [Listener at localhost/45489] INFO  om.OzoneManager (OzoneManager.java:restart(1571)) - OzoneManager RPC server is listening at localhost/127.0.0.1:35797
2022-10-18 03:54:16,509 [Listener at localhost/45489] INFO  impl.MetricsSystemImpl (MetricsSystemImpl.java:init(158)) - OzoneManager metrics system started (again)
2022-10-18 03:54:16,526 [Listener at localhost/45489] WARN  server.ServerUtils (ServerUtils.java:getDBPath(225)) - ozone.om.db.dirs is not configured. We recommend adding this setting. Falling back to ozone.metadata.dirs instead.
2022-10-18 03:54:16,526 [Listener at localhost/45489] INFO  codec.OmKeyInfoCodec (OmKeyInfoCodec.java:<init>(49)) - OmKeyInfoCodec ignorePipeline = true
2022-10-18 03:54:16,526 [Listener at localhost/45489] INFO  codec.RepeatedOmKeyInfoCodec (RepeatedOmKeyInfoCodec.java:<init>(41)) - RepeatedOmKeyInfoCodec ignorePipeline = true
2022-10-18 03:54:16,568 [Listener at localhost/45489] INFO  om.OzoneManager (OzoneManager.java:instantiateServices(712)) - S3 Multi-Tenancy is disabled
2022-10-18 03:54:16,569 [Listener at localhost/45489] WARN  server.ServerUtils (ServerUtils.java:getDefaultRatisDirectory(237)) - Storage directory for Ratis is not configured. It is a good idea to map this to an SSD disk. Falling back to ozone.metadata.dirs
2022-10-18 03:54:16,570 [Listener at localhost/45489] INFO  ratis.OzoneManagerRatisServer (OzoneManagerRatisServer.java:<init>(160)) - Instantiating OM Ratis server with groupID: om-service-test1 and peers: localhost:42747, localhost:44279, localhost:37241
2022-10-18 03:54:16,571 [Listener at localhost/45489] INFO  ratis.OzoneManagerStateMachine (OzoneManagerStateMachine.java:loadSnapshotInfoFromDB(632)) - LastAppliedIndex is set from TransactionInfo from OM DB as (t:7, i:146)
2022-10-18 03:54:16,571 [Listener at localhost/45489] INFO  server.RaftServer (ConfUtils.java:logGet(46)) - raft.rpc.type = GRPC (default)
2022-10-18 03:54:16,571 [Listener at localhost/45489] INFO  grpc.GrpcFactory (GrpcFactory.java:checkPooledByteBufAllocatorUseCacheForAllThreads(48)) - PERFORMANCE WARNING: useCacheForAllThreads is true that may cause Netty to create a lot garbage objects and, as a result, trigger GC.
	It is recommended to disable useCacheForAllThreads by setting -Dorg.apache.ratis.thirdparty.io.netty.allocator.useCacheForAllThreads=false in command line.
2022-10-18 03:54:16,571 [Listener at localhost/45489] INFO  grpc.GrpcConfigKeys (ConfUtils.java:logGet(46)) - raft.grpc.admin.port = -1 (default)
2022-10-18 03:54:16,572 [Listener at localhost/45489] INFO  grpc.GrpcConfigKeys (ConfUtils.java:logGet(46)) - raft.grpc.server.port = 42747 (custom)
2022-10-18 03:54:16,572 [Listener at localhost/45489] INFO  grpc.GrpcConfigKeys (ConfUtils.java:logGet(46)) - raft.grpc.client.port = -1 (default)
2022-10-18 03:54:16,572 [Listener at localhost/45489] INFO  grpc.GrpcConfigKeys (ConfUtils.java:logGet(46)) - raft.grpc.server.port = 42747 (custom)
2022-10-18 03:54:16,572 [Listener at localhost/45489] INFO  grpc.GrpcConfigKeys (ConfUtils.java:logGet(46)) - raft.grpc.server.port = 42747 (custom)
2022-10-18 03:54:16,572 [Listener at localhost/45489] INFO  server.GrpcService (ConfUtils.java:logGet(46)) - raft.grpc.message.size.max = 33554432 (custom)
2022-10-18 03:54:16,572 [Listener at localhost/45489] INFO  server.RaftServerConfigKeys (ConfUtils.java:logGet(46)) - raft.server.log.appender.buffer.byte-limit = 33554432 (custom)
2022-10-18 03:54:16,573 [Listener at localhost/45489] INFO  server.GrpcService (ConfUtils.java:logGet(46)) - raft.grpc.flow.control.window = 1MB (=1048576) (default)
2022-10-18 03:54:16,573 [Listener at localhost/45489] INFO  server.RaftServerConfigKeys (ConfUtils.java:logGet(46)) - raft.server.rpc.request.timeout = 3000ms (default)
2022-10-18 03:54:16,573 [Listener at localhost/45489] INFO  grpc.GrpcConfigKeys (ConfUtils.java:logGet(46)) - raft.grpc.server.async.request.thread.pool.cached = true (default)
2022-10-18 03:54:16,573 [Listener at localhost/45489] INFO  grpc.GrpcConfigKeys (ConfUtils.java:logGet(46)) - raft.grpc.server.async.request.thread.pool.size = 32 (default)
2022-10-18 03:54:16,575 [Listener at localhost/45489] INFO  impl.DataStreamServerImpl (ConfUtils.java:logGet(46)) - raft.datastream.type = DISABLED (default)
2022-10-18 03:54:16,575 [Listener at localhost/45489] INFO  server.RaftServerConfigKeys (ConfUtils.java:logGet(46)) - raft.server.threadpool.proxy.cached = true (default)
2022-10-18 03:54:16,575 [Listener at localhost/45489] INFO  server.RaftServerConfigKeys (ConfUtils.java:logGet(46)) - raft.server.threadpool.proxy.size = 0 (default)
2022-10-18 03:54:16,575 [Listener at localhost/45489] INFO  server.RaftServerConfigKeys (ConfUtils.java:logGet(46)) - raft.server.rpc.slowness.timeout = 2s (custom)
2022-10-18 03:54:16,575 [Listener at localhost/45489] INFO  server.RaftServerConfigKeys (ConfUtils.java:logGet(46)) - raft.server.leaderelection.leader.step-down.wait-time = 10s (default)
2022-10-18 03:54:16,576 [Listener at localhost/45489] INFO  server.RaftServerConfigKeys (ConfUtils.java:logGet(46)) - raft.server.storage.dir = [/home/runner/work/ozone/ozone/hadoop-ozone/integration-test/target/test-dir/MiniOzoneClusterImpl-5cdafbed-51d9-4f54-a43e-7c7e014ba032/omNode-1/ratis] (custom)
2022-10-18 03:54:16,576 [omNode-1-impl-thread1] INFO  server.RaftServer (RaftServerProxy.java:initGroupDir(247)) - omNode-1: found a subdirectory /home/runner/work/ozone/ozone/hadoop-ozone/integration-test/target/test-dir/MiniOzoneClusterImpl-5cdafbed-51d9-4f54-a43e-7c7e014ba032/omNode-1/ratis/c9bc4cf4-3bc3-3c60-a66b-523986131536
2022-10-18 03:54:16,577 [Listener at localhost/45489] INFO  server.RaftServer (RaftServerProxy.java:addNew(96)) - omNode-1: addNew group-523986131536:[omNode-3|rpc:localhost:44279|priority:0, omNode-1|rpc:localhost:42747|priority:0, omNode-2|rpc:localhost:37241|priority:0] returns group-523986131536:java.util.concurrent.CompletableFuture@4fdcff18[Not completed]
2022-10-18 03:54:16,578 [pool-465-thread-1] INFO  server.RaftServer$Division (RaftServerImpl.java:<init>(190)) - omNode-1: new RaftServerImpl for group-523986131536:[omNode-3|rpc:localhost:44279|priority:0, omNode-1|rpc:localhost:42747|priority:0, omNode-2|rpc:localhost:37241|priority:0] with OzoneManagerStateMachine:uninitialized
2022-10-18 03:54:16,578 [Listener at localhost/45489] INFO  om.OzoneManager (OzoneManager.java:initializeRatisServer(1975)) - OzoneManager Ratis server initialized at port 42747
2022-10-18 03:54:16,578 [pool-465-thread-1] INFO  server.RaftServerConfigKeys (ConfUtils.java:logGet(46)) - raft.server.rpc.timeout.min = 1s (custom)
2022-10-18 03:54:16,578 [Listener at localhost/45489] INFO  ratis.OzoneManagerRatisServer (OzoneManagerRatisServer.java:start(555)) - Starting OzoneManagerRatisServer omNode-1 at port 42747
2022-10-18 03:54:16,578 [pool-465-thread-1] INFO  server.RaftServerConfigKeys (ConfUtils.java:logGet(46)) - raft.server.rpc.timeout.max = 1200ms (custom)
2022-10-18 03:54:16,578 [pool-465-thread-1] INFO  server.RaftServerConfigKeys (ConfUtils.java:logGet(46)) - raft.server.rpc.sleep.time = 25ms (default)
2022-10-18 03:54:16,579 [pool-465-thread-1] INFO  server.RaftServerConfigKeys (ConfUtils.java:logGet(46)) - raft.server.rpc.slowness.timeout = 2s (custom)
2022-10-18 03:54:16,579 [pool-465-thread-1] INFO  server.RaftServerConfigKeys (ConfUtils.java:logGet(46)) - raft.server.leaderelection.leader.step-down.wait-time = 10s (default)
2022-10-18 03:54:16,579 [pool-465-thread-1] INFO  server.RaftServerConfigKeys (ConfUtils.java:logGet(46)) - raft.server.sleep.deviation.threshold = 300ms (default)
2022-10-18 03:54:16,579 [pool-465-thread-1] INFO  server.RaftServer$Division (ServerState.java:<init>(107)) - omNode-1@group-523986131536: ConfigurationManager, init=-1: [omNode-3|rpc:localhost:44279|priority:0, omNode-1|rpc:localhost:42747|priority:0, omNode-2|rpc:localhost:37241|priority:0], old=null, confs=<EMPTY_MAP>
2022-10-18 03:54:16,579 [pool-465-thread-1] INFO  server.RaftServerConfigKeys (ConfUtils.java:logGet(46)) - raft.server.storage.dir = [/home/runner/work/ozone/ozone/hadoop-ozone/integration-test/target/test-dir/MiniOzoneClusterImpl-5cdafbed-51d9-4f54-a43e-7c7e014ba032/omNode-1/ratis] (custom)
2022-10-18 03:54:16,579 [pool-465-thread-1] INFO  server.RaftServerConfigKeys (ConfUtils.java:logGet(46)) - raft.server.log.corruption.policy = EXCEPTION (default)
2022-10-18 03:54:16,579 [pool-465-thread-1] INFO  server.RaftServerConfigKeys (ConfUtils.java:logGet(46)) - raft.server.storage.free-space.min = 0MB (=0) (default)
2022-10-18 03:54:16,580 [pool-465-thread-1] INFO  storage.RaftStorageDirectory (RaftStorageDirectoryImpl.java:tryLock(230)) - Lock on /home/runner/work/ozone/ozone/hadoop-ozone/integration-test/target/test-dir/MiniOzoneClusterImpl-5cdafbed-51d9-4f54-a43e-7c7e014ba032/omNode-1/ratis/c9bc4cf4-3bc3-3c60-a66b-523986131536/in_use.lock acquired by nodename 30743@fv-az573-760
2022-10-18 03:54:16,581 [pool-465-thread-1] INFO  storage.RaftStorage (RaftStorageImpl.java:analyzeAndRecoverStorage(110)) - Read RaftStorageMetadata{term=7, votedFor=omNode-1} from /home/runner/work/ozone/ozone/hadoop-ozone/integration-test/target/test-dir/MiniOzoneClusterImpl-5cdafbed-51d9-4f54-a43e-7c7e014ba032/omNode-1/ratis/c9bc4cf4-3bc3-3c60-a66b-523986131536/current/raft-meta
2022-10-18 03:54:16,581 [pool-465-thread-1] INFO  server.RaftServer$Division (ServerState.java:setRaftConf(393)) - omNode-1@group-523986131536: set configuration 61: [omNode-3|rpc:localhost:44279|admin:|client:|dataStream:|priority:0, omNode-1|rpc:localhost:42747|admin:|client:|dataStream:|priority:0, omNode-2|rpc:localhost:37241|admin:|client:|dataStream:|priority:0], old=null
2022-10-18 03:54:16,581 [pool-465-thread-1] INFO  server.RaftServerConfigKeys (ConfUtils.java:logGet(46)) - raft.server.notification.no-leader.timeout = 2s (custom)
2022-10-18 03:54:16,581 [pool-465-thread-1] INFO  server.RaftServerConfigKeys (ConfUtils.java:logGet(46)) - raft.server.log.use.memory = false (default)
2022-10-18 03:54:16,581 [pool-465-thread-1] INFO  server.RaftServerConfigKeys (ConfUtils.java:logGet(46)) - raft.server.log.purge.gap = 50 (custom)
2022-10-18 03:54:16,581 [pool-465-thread-1] INFO  server.RaftServerConfigKeys (ConfUtils.java:logGet(46)) - raft.server.log.appender.buffer.byte-limit = 33554432 (custom)
2022-10-18 03:54:16,582 [pool-465-thread-1] INFO  server.RaftServerConfigKeys (ConfUtils.java:logGet(46)) - raft.server.log.statemachine.data.read.timeout = 1000ms (default)
2022-10-18 03:54:16,582 [pool-465-thread-1] INFO  server.RaftServerConfigKeys (ConfUtils.java:logGet(46)) - raft.server.log.segment.size.max = 4194304 (custom)
2022-10-18 03:54:16,582 [pool-465-thread-1] INFO  server.RaftServerConfigKeys (ConfUtils.java:logGet(46)) - raft.server.log.segment.cache.num.max = 2 (custom)
2022-10-18 03:54:16,582 [pool-465-thread-1] INFO  server.RaftServerConfigKeys (ConfUtils.java:logGet(46)) - raft.server.log.segment.cache.size.max = 200MB (=209715200) (default)
2022-10-18 03:54:16,582 [pool-465-thread-1] INFO  segmented.SegmentedRaftLogWorker (SegmentedRaftLogWorker.java:<init>(187)) - new omNode-1@group-523986131536-SegmentedRaftLogWorker for RaftStorageImpl:Storage Directory /home/runner/work/ozone/ozone/hadoop-ozone/integration-test/target/test-dir/MiniOzoneClusterImpl-5cdafbed-51d9-4f54-a43e-7c7e014ba032/omNode-1/ratis/c9bc4cf4-3bc3-3c60-a66b-523986131536
2022-10-18 03:54:16,582 [pool-465-thread-1] INFO  server.RaftServerConfigKeys (ConfUtils.java:logGet(46)) - raft.server.log.queue.byte-limit = 64MB (=67108864) (default)
2022-10-18 03:54:16,582 [pool-465-thread-1] INFO  server.RaftServerConfigKeys (ConfUtils.java:logGet(46)) - raft.server.log.queue.element-limit = 4096 (default)
2022-10-18 03:54:16,582 [pool-465-thread-1] INFO  server.RaftServerConfigKeys (ConfUtils.java:logGet(46)) - raft.server.log.segment.size.max = 4194304 (custom)
2022-10-18 03:54:16,583 [pool-465-thread-1] INFO  server.RaftServerConfigKeys (ConfUtils.java:logGet(46)) - raft.server.log.preallocated.size = 4194304 (custom)
2022-10-18 03:54:16,583 [pool-465-thread-1] INFO  server.RaftServerConfigKeys (ConfUtils.java:logGet(46)) - raft.server.log.force.sync.num = 128 (default)
2022-10-18 03:54:16,583 [pool-465-thread-1] INFO  server.RaftServerConfigKeys (ConfUtils.java:logGet(46)) - raft.server.log.statemachine.data.sync = true (default)
2022-10-18 03:54:16,583 [pool-465-thread-1] INFO  server.RaftServerConfigKeys (ConfUtils.java:logGet(46)) - raft.server.log.statemachine.data.sync.timeout = 10s (default)
2022-10-18 03:54:16,583 [pool-465-thread-1] INFO  server.RaftServerConfigKeys (ConfUtils.java:logGet(46)) - raft.server.log.statemachine.data.sync.timeout.retry = -1 (default)
2022-10-18 03:54:16,584 [pool-465-thread-1] INFO  server.RaftServerConfigKeys (ConfUtils.java:logGet(46)) - raft.server.log.write.buffer.size = 64KB (=65536) (default)
2022-10-18 03:54:16,584 [pool-465-thread-1] INFO  server.RaftServerConfigKeys (ConfUtils.java:logGet(46)) - raft.server.log.unsafe-flush.enabled = false (default)
2022-10-18 03:54:16,584 [pool-465-thread-1] INFO  server.RaftServerConfigKeys (ConfUtils.java:logGet(46)) - raft.server.log.statemachine.data.caching.enabled = false (default)
2022-10-18 03:54:16,585 [pool-465-thread-1] INFO  server.RaftServer$Division (ServerState.java:setRaftConf(393)) - omNode-1@group-523986131536: set configuration 61: [omNode-3|rpc:localhost:44279|admin:|client:|dataStream:|priority:0, omNode-1|rpc:localhost:42747|admin:|client:|dataStream:|priority:0, omNode-2|rpc:localhost:37241|admin:|client:|dataStream:|priority:0], old=null
2022-10-18 03:54:16,591 [pool-465-thread-1] INFO  segmented.LogSegment (LogSegment.java:loadSegment(173)) - Successfully read 86 entries from segment file /home/runner/work/ozone/ozone/hadoop-ozone/integration-test/target/test-dir/MiniOzoneClusterImpl-5cdafbed-51d9-4f54-a43e-7c7e014ba032/omNode-1/ratis/c9bc4cf4-3bc3-3c60-a66b-523986131536/current/log_inprogress_61
2022-10-18 03:54:16,591 [pool-465-thread-1] INFO  segmented.SegmentedRaftLogWorker (SegmentedRaftLogWorker.java:lambda$new$0(135)) - omNode-1@group-523986131536-SegmentedRaftLogWorker: flushIndex: setUnconditionally 0 -> 146
2022-10-18 03:54:16,591 [pool-465-thread-1] INFO  segmented.SegmentedRaftLogWorker (SegmentedRaftLogWorker.java:lambda$new$0(135)) - omNode-1@group-523986131536-SegmentedRaftLogWorker: safeCacheEvictIndex: setUnconditionally 0 -> -1
2022-10-18 03:54:16,594 [pool-465-thread-1] INFO  raftlog.RaftLog (RaftLogBase.java:lambda$new$0(53)) - omNode-1@group-523986131536-SegmentedRaftLog: commitIndex: updateToMax old=146, new=145, updated? false
2022-10-18 03:54:16,594 [pool-465-thread-1] INFO  raftlog.RaftLog (RaftLogBase.java:lambda$new$0(53)) - omNode-1@group-523986131536-SegmentedRaftLog: purgeIndex: updateIncreasingly -1 -> 60
2022-10-18 03:54:16,594 [pool-465-thread-1] INFO  server.RaftServerConfigKeys (ConfUtils.java:logGet(46)) - raft.server.snapshot.auto.trigger.enabled = true (custom)
2022-10-18 03:54:16,594 [pool-465-thread-1] INFO  server.RaftServerConfigKeys (ConfUtils.java:logGet(46)) - raft.server.snapshot.auto.trigger.threshold = 50 (custom)
2022-10-18 03:54:16,594 [pool-465-thread-1] INFO  server.RaftServerConfigKeys (ConfUtils.java:logGet(46)) - raft.server.snapshot.retention.file.num = -1 (default)
2022-10-18 03:54:16,594 [pool-465-thread-1] INFO  server.RaftServerConfigKeys (ConfUtils.java:logGet(46)) - raft.server.log.purge.upto.snapshot.index = true (custom)
2022-10-18 03:54:16,594 [pool-465-thread-1] INFO  server.RaftServerConfigKeys (ConfUtils.java:logGet(46)) - raft.server.retrycache.expirytime = 30000ms (custom)
2022-10-18 03:54:16,594 [pool-465-thread-1] INFO  server.RaftServerConfigKeys (ConfUtils.java:logGet(46)) - raft.server.retrycache.statistics.expirytime = 100μs (default)
2022-10-18 03:54:16,595 [pool-465-thread-1] INFO  server.RaftServerConfigKeys (ConfUtils.java:logGet(46)) - raft.server.log.appender.install.snapshot.enabled = false (custom)
2022-10-18 03:54:16,595 [pool-465-thread-1] INFO  server.RaftServerConfigKeys (ConfUtils.java:logGet(46)) - raft.server.threadpool.server.cached = true (default)
2022-10-18 03:54:16,595 [pool-465-thread-1] INFO  server.RaftServerConfigKeys (ConfUtils.java:logGet(46)) - raft.server.threadpool.server.size = 0 (default)
2022-10-18 03:54:16,596 [pool-465-thread-1] INFO  server.RaftServerConfigKeys (ConfUtils.java:logGet(46)) - raft.server.threadpool.client.cached = true (default)
2022-10-18 03:54:16,596 [pool-465-thread-1] INFO  server.RaftServerConfigKeys (ConfUtils.java:logGet(46)) - raft.server.threadpool.client.size = 0 (default)
2022-10-18 03:54:16,596 [omNode-1-impl-thread1] INFO  server.RaftServer$Division (RaftServerImpl.java:start(310)) - omNode-1@group-523986131536: start as a follower, conf=61: [omNode-3|rpc:localhost:44279|admin:|client:|dataStream:|priority:0, omNode-1|rpc:localhost:42747|admin:|client:|dataStream:|priority:0, omNode-2|rpc:localhost:37241|admin:|client:|dataStream:|priority:0], old=null
2022-10-18 03:54:16,596 [omNode-1-impl-thread1] INFO  server.RaftServer$Division (RaftServerImpl.java:setRole(299)) - omNode-1@group-523986131536: changes role from      null to FOLLOWER at term 7 for startAsFollower
2022-10-18 03:54:16,596 [omNode-1-impl-thread1] INFO  impl.RoleInfo (RoleInfo.java:updateAndGet(139)) - omNode-1: start omNode-1@group-523986131536-FollowerState
2022-10-18 03:54:16,603 [omNode-1-impl-thread1] INFO  util.JmxRegister (JmxRegister.java:tryRegister(44)) - Successfully registered JMX Bean with object name Ratis:service=RaftServer,group=group-523986131536,id=omNode-1
2022-10-18 03:54:16,603 [Listener at localhost/45489] INFO  server.RaftServer (RaftServerProxy.java:lambda$start$6(382)) - omNode-1: start RPC server
2022-10-18 03:54:16,615 [Listener at localhost/45489] INFO  server.GrpcService (GrpcService.java:startImpl(260)) - omNode-1: GrpcService started, listening on 42747
2022-10-18 03:54:16,615 [Listener at localhost/45489] INFO  om.OzoneManager (OzoneManager.java:getRpcServer(1101)) - Creating RPC Server
2022-10-18 03:54:16,617 [org.apache.ratis.util.JvmPauseMonitor$$Lambda$703/726954313@7db2b057] INFO  util.JvmPauseMonitor (JvmPauseMonitor.java:run(103)) - JvmPauseMonitor-omNode-1: Started
2022-10-18 03:54:17,000 [Listener at localhost/45489] INFO  reflections.Reflections (Reflections.java:scan(232)) - Reflections took 384 ms to scan 19 urls, producing 67 keys and 4238 values [using 2 cores]
2022-10-18 03:54:17,001 [Listener at localhost/45489] INFO  ipc.CallQueueManager (CallQueueManager.java:<init>(90)) - Using callQueue: class java.util.concurrent.LinkedBlockingQueue, queueCapacity: 2000, scheduler: class org.apache.hadoop.ipc.DefaultRpcScheduler, ipcBackoff: false.
2022-10-18 03:54:17,002 [Socket Reader #1 for port 35797] INFO  ipc.Server (Server.java:run(1273)) - Starting Socket Reader #1 for port 35797
2022-10-18 03:54:17,005 [Listener at localhost/35797] INFO  http.BaseHttpServer (BaseHttpServer.java:newHttpServer2BuilderForOzone(213)) - Starting Web-server for ozoneManager at: http://0.0.0.0:41161
2022-10-18 03:54:17,006 [Listener at localhost/35797] INFO  http.BaseHttpServer (BaseHttpServer.java:<init>(108)) - Hadoop Security Enabled: false Ozone Security Enabled: false Ozone HTTP Security Enabled: false 
2022-10-18 03:54:17,009 [omNode-3@group-523986131536-FollowerState] INFO  impl.FollowerState (FollowerState.java:run(143)) - omNode-3@group-523986131536-FollowerState: change to CANDIDATE, lastRpcElapsedTime:1055392763ns, electionTimeout:1050ms
2022-10-18 03:54:17,009 [omNode-3@group-523986131536-FollowerState] INFO  impl.RoleInfo (RoleInfo.java:shutdownFollowerState(110)) - omNode-3: shutdown omNode-3@group-523986131536-FollowerState
2022-10-18 03:54:17,009 [omNode-3@group-523986131536-FollowerState] INFO  server.RaftServer$Division (RaftServerImpl.java:setRole(299)) - omNode-3@group-523986131536: changes role from  FOLLOWER to CANDIDATE at term 9 for changeToCandidate
2022-10-18 03:54:17,009 [omNode-3@group-523986131536-FollowerState] INFO  server.RaftServerConfigKeys (ConfUtils.java:logGet(46)) - raft.server.leaderelection.pre-vote = false (custom)
2022-10-18 03:54:17,009 [omNode-3@group-523986131536-FollowerState] INFO  impl.RoleInfo (RoleInfo.java:updateAndGet(139)) - omNode-3: start omNode-3@group-523986131536-LeaderElection17
2022-10-18 03:54:17,015 [Listener at localhost/35797] WARN  server.AuthenticationFilter (AuthenticationFilter.java:constructSecretProvider(240)) - Unable to initialize FileSignerSecretProvider, falling back to use random secrets. Reason: Could not read signature secret file: /home/runner/hadoop-http-auth-signature-secret
2022-10-18 03:54:17,016 [Listener at localhost/35797] WARN  http.HttpRequestLog (HttpRequestLog.java:getRequestLog(103)) - Jetty request log can only be enabled using Log4j
2022-10-18 03:54:17,018 [Listener at localhost/35797] INFO  http.HttpServer2 (HttpServer2.java:addGlobalFilter(1031)) - Added global filter 'safety' (class=org.apache.hadoop.hdds.server.http.HttpServer2$QuotingInputFilter)
2022-10-18 03:54:17,019 [Listener at localhost/35797] INFO  http.HttpServer2 (HttpServer2.java:addFilter(1007)) - Added filter static_user_filter (class=org.apache.hadoop.http.lib.StaticUserWebFilter$StaticUserFilter) to context ozoneManager
2022-10-18 03:54:17,019 [Listener at localhost/35797] INFO  http.HttpServer2 (HttpServer2.java:addFilter(1015)) - Added filter static_user_filter (class=org.apache.hadoop.http.lib.StaticUserWebFilter$StaticUserFilter) to context logs
2022-10-18 03:54:17,019 [Listener at localhost/35797] INFO  http.HttpServer2 (HttpServer2.java:addFilter(1015)) - Added filter static_user_filter (class=org.apache.hadoop.http.lib.StaticUserWebFilter$StaticUserFilter) to context static
2022-10-18 03:54:17,021 [Listener at localhost/35797] INFO  http.HttpServer2 (HttpServer2.java:bindListener(1250)) - Jetty bound to port 41161
2022-10-18 03:54:17,021 [Listener at localhost/35797] INFO  server.Server (Server.java:doStart(375)) - jetty-9.4.43.v20210629; built: 2021-06-30T11:07:22.254Z; git: 526006ecfa3af7f1a27ef3a288e2bef7ea9dd7e8; jvm 1.8.0_345-b01
2022-10-18 03:54:17,023 [omNode-3@group-523986131536-LeaderElection17] INFO  impl.LeaderElection (LeaderElection.java:askForVotes(310)) - omNode-3@group-523986131536-LeaderElection17 ELECTION round 0: submit vote requests at term 10 for 61: [omNode-3|rpc:localhost:44279|admin:|client:|dataStream:|priority:0, omNode-1|rpc:localhost:42747|admin:|client:|dataStream:|priority:0, omNode-2|rpc:localhost:37241|admin:|client:|dataStream:|priority:0], old=null
2022-10-18 03:54:17,027 [Listener at localhost/35797] INFO  server.session (DefaultSessionIdManager.java:doStart(334)) - DefaultSessionIdManager workerName=node0
2022-10-18 03:54:17,027 [Listener at localhost/35797] INFO  server.session (DefaultSessionIdManager.java:doStart(339)) - No SessionScavenger set, using defaults
2022-10-18 03:54:17,027 [Listener at localhost/35797] INFO  server.session (HouseKeeper.java:startScavenging(132)) - node0 Scavenging every 600000ms
2022-10-18 03:54:17,028 [Listener at localhost/35797] INFO  handler.ContextHandler (ContextHandler.java:doStart(915)) - Started o.e.j.s.ServletContextHandler@2fde59bd{logs,/logs,file:///home/runner/work/ozone/ozone/hadoop-ozone/integration-test/target/log,AVAILABLE}
2022-10-18 03:54:17,028 [Listener at localhost/35797] INFO  handler.ContextHandler (ContextHandler.java:doStart(915)) - Started o.e.j.s.ServletContextHandler@26c265ab{static,/static,file:///home/runner/work/ozone/ozone/hadoop-ozone/integration-test/target/test-classes/webapps/static,AVAILABLE}
2022-10-18 03:54:17,037 [Listener at localhost/35797] INFO  handler.ContextHandler (ContextHandler.java:doStart(915)) - Started o.e.j.w.WebAppContext@2856b10a{ozoneManager,/,file:///home/runner/work/ozone/ozone/hadoop-ozone/integration-test/target/test-classes/webapps/ozoneManager/,AVAILABLE}{file:/home/runner/work/ozone/ozone/hadoop-ozone/integration-test/target/test-classes/webapps/ozoneManager}
2022-10-18 03:54:17,042 [Listener at localhost/35797] INFO  server.AbstractConnector (AbstractConnector.java:doStart(331)) - Started ServerConnector@2c78e1a2{HTTP/1.1, (http/1.1)}{0.0.0.0:41161}
2022-10-18 03:54:17,042 [Listener at localhost/35797] INFO  server.Server (Server.java:doStart(415)) - Started @62730ms
2022-10-18 03:54:17,043 [Listener at localhost/35797] WARN  impl.MetricsSystemImpl (MetricsSystemImpl.java:register(279)) - Sink prometheus already exists!
2022-10-18 03:54:17,043 [Listener at localhost/35797] INFO  http.BaseHttpServer (BaseHttpServer.java:updateConnectorAddress(333)) - HTTP server of ozoneManager listening at http://0.0.0.0:41161
2022-10-18 03:54:17,047 [grpc-default-executor-3] INFO  server.RaftServer$Division (RaftServerImpl.java:requestVote(1152)) - omNode-1@group-523986131536: receive requestVote(ELECTION, omNode-3, group-523986131536, 10, (t:7, i:146))
2022-10-18 03:54:17,047 [grpc-default-executor-3] INFO  impl.VoteContext (VoteContext.java:log(48)) - omNode-1@group-523986131536-FOLLOWER: accept ELECTION from omNode-3: our priority 0 <= candidate's priority 0
2022-10-18 03:54:17,047 [grpc-default-executor-3] INFO  server.RaftServer$Division (RaftServerImpl.java:setRole(299)) - omNode-1@group-523986131536: changes role from  FOLLOWER to FOLLOWER at term 10 for candidate:omNode-3
2022-10-18 03:54:17,047 [grpc-default-executor-3] INFO  impl.RoleInfo (RoleInfo.java:shutdownFollowerState(110)) - omNode-1: shutdown omNode-1@group-523986131536-FollowerState
2022-10-18 03:54:17,051 [IPC Server Responder] INFO  ipc.Server (Server.java:run(1512)) - IPC Server Responder: starting
2022-10-18 03:54:17,057 [IPC Server listener on 35797] INFO  ipc.Server (Server.java:run(1352)) - IPC Server listener on 35797: starting
2022-10-18 03:54:17,061 [Listener at localhost/35797] INFO  om.OzoneManager (OzoneManager.java:startTrashEmptier(1919)) - Trash Interval set to 0. Files deleted won't move to trash
2022-10-18 03:54:17,061 [Listener at localhost/35797] INFO  om.OzoneManager (OzoneManager.java:stop(2034)) - omNode-2[localhost:37159]: Stopping Ozone Manager
2022-10-18 03:54:17,062 [Listener at localhost/35797] INFO  ipc.Server (Server.java:stop(3428)) - Stopping server on 37159
2022-10-18 03:54:17,063 [grpc-default-executor-3] INFO  impl.RoleInfo (RoleInfo.java:updateAndGet(139)) - omNode-1: start omNode-1@group-523986131536-FollowerState
2022-10-18 03:54:17,063 [omNode-1@group-523986131536-FollowerState] INFO  impl.FollowerState (FollowerState.java:run(152)) - omNode-1@group-523986131536-FollowerState was interrupted
2022-10-18 03:54:17,064 [Listener at localhost/35797] INFO  server.RaftServer (RaftServerProxy.java:lambda$close$7(398)) - omNode-2: close
2022-10-18 03:54:17,064 [Listener at localhost/35797] INFO  server.RaftServer$Division (RaftServerImpl.java:lambda$close$4(434)) - omNode-2@group-523986131536: shutdown
2022-10-18 03:54:17,064 [org.apache.hadoop.util.JvmPauseMonitor$Monitor@6197b1fc] INFO  util.JvmPauseMonitor (JvmPauseMonitor.java:run(188)) - Starting JVM pause monitor
2022-10-18 03:54:17,065 [grpc-default-executor-3] INFO  server.RaftServer$Division (RaftServerImpl.java:requestVote(1184)) - omNode-1@group-523986131536 replies to ELECTION vote request: omNode-3<-omNode-1#0:OK-t10. Peer's state: omNode-1@group-523986131536:t10, leader=null, voted=omNode-3, raftlog=omNode-1@group-523986131536-SegmentedRaftLog:OPENED:c146, conf=61: [omNode-3|rpc:localhost:44279|admin:|client:|dataStream:|priority:0, omNode-1|rpc:localhost:42747|admin:|client:|dataStream:|priority:0, omNode-2|rpc:localhost:37241|admin:|client:|dataStream:|priority:0], old=null
2022-10-18 03:54:17,066 [grpc-default-executor-1] INFO  server.RaftServer$Division (RaftServerImpl.java:requestVote(1152)) - omNode-2@group-523986131536: receive requestVote(ELECTION, omNode-3, group-523986131536, 10, (t:7, i:146))
2022-10-18 03:54:17,067 [grpc-default-executor-1] WARN  server.GrpcServerProtocolService (LogUtils.java:warn(122)) - omNode-2: Failed requestVote omNode-3->omNode-2#0: org.apache.ratis.protocol.exceptions.ServerNotReadyException: omNode-2@group-523986131536 is not in [RUNNING]: current state is CLOSING
2022-10-18 03:54:17,064 [Listener at localhost/35797] INFO  util.JmxRegister (JmxRegister.java:unregister(73)) - Successfully un-registered JMX Bean with object name Ratis:service=RaftServer,group=group-523986131536,id=omNode-2
2022-10-18 03:54:17,068 [Listener at localhost/35797] INFO  impl.RoleInfo (RoleInfo.java:shutdownFollowerState(110)) - omNode-2: shutdown omNode-2@group-523986131536-FollowerState
2022-10-18 03:54:17,068 [Listener at localhost/35797] INFO  impl.StateMachineUpdater (StateMachineUpdater.java:stopAndJoin(153)) - omNode-2@group-523986131536-StateMachineUpdater: set stopIndex = 58
2022-10-18 03:54:17,066 [omNode-3@group-523986131536-LeaderElection17] INFO  impl.LeaderElection (LeaderElection.java:logAndReturn(90)) - omNode-3@group-523986131536-LeaderElection17: ELECTION PASSED received 1 response(s) and 0 exception(s):
2022-10-18 03:54:17,068 [omNode-3@group-523986131536-LeaderElection17] INFO  impl.LeaderElection (LeaderElection.java:logAndReturn(94)) -   Response 0: omNode-3<-omNode-1#0:OK-t10
2022-10-18 03:54:17,068 [omNode-3@group-523986131536-LeaderElection17] INFO  impl.LeaderElection (LeaderElection.java:askForVotes(312)) - omNode-3@group-523986131536-LeaderElection17 ELECTION round 0: result PASSED
2022-10-18 03:54:17,068 [omNode-3@group-523986131536-LeaderElection17] INFO  impl.RoleInfo (RoleInfo.java:shutdownLeaderElection(130)) - omNode-3: shutdown omNode-3@group-523986131536-LeaderElection17
2022-10-18 03:54:17,068 [omNode-3@group-523986131536-LeaderElection17] INFO  server.RaftServer$Division (RaftServerImpl.java:setRole(299)) - omNode-3@group-523986131536: changes role from CANDIDATE to LEADER at term 10 for changeToLeader
2022-10-18 03:54:17,068 [omNode-3@group-523986131536-LeaderElection17] INFO  server.RaftServer$Division (ServerState.java:setLeader(287)) - omNode-3@group-523986131536: change Leader from null to omNode-3 at term 10 for becomeLeader, leader elected after 2137ms
2022-10-18 03:54:17,068 [omNode-3@group-523986131536-LeaderElection17] INFO  server.RaftServerConfigKeys (ConfUtils.java:logGet(46)) - raft.server.staging.catchup.gap = 1000 (default)
2022-10-18 03:54:17,069 [omNode-3@group-523986131536-LeaderElection17] INFO  server.RaftServerConfigKeys (ConfUtils.java:logGet(46)) - raft.server.write.element-limit = 4096 (default)
2022-10-18 03:54:17,069 [omNode-3@group-523986131536-LeaderElection17] INFO  server.RaftServerConfigKeys (ConfUtils.java:logGet(46)) - raft.server.write.byte-limit = 64MB (=67108864) (default)
2022-10-18 03:54:17,069 [omNode-3@group-523986131536-LeaderElection17] INFO  server.RaftServerConfigKeys (ConfUtils.java:logGet(46)) - raft.server.watch.timeout = 10s (default)
2022-10-18 03:54:17,069 [omNode-3@group-523986131536-LeaderElection17] INFO  server.RaftServerConfigKeys (ConfUtils.java:logGet(46)) - raft.server.watch.timeout.denomination = 1s (default)
2022-10-18 03:54:17,069 [omNode-3@group-523986131536-LeaderElection17] INFO  server.RaftServerConfigKeys (ConfUtils.java:logGet(46)) - raft.server.watch.element-limit = 65536 (default)
2022-10-18 03:54:17,069 [omNode-3@group-523986131536-LeaderElection17] INFO  server.RaftServerConfigKeys (ConfUtils.java:logGet(46)) - raft.server.write.element-limit = 4096 (default)
2022-10-18 03:54:17,069 [omNode-3@group-523986131536-LeaderElection17] INFO  server.RaftServerConfigKeys (ConfUtils.java:logGet(46)) - raft.server.write.follower.gap.ratio.max = -1.0 (default)
2022-10-18 03:54:17,070 [omNode-2@group-523986131536-StateMachineUpdater] INFO  ratis.OzoneManagerStateMachine (OzoneManagerStateMachine.java:close(495)) - StateMachine has shutdown. Shutdown OzoneManager if not already shutdown.
2022-10-18 03:54:17,070 [omNode-2@group-523986131536-StateMachineUpdater] INFO  ratis.OzoneManagerDoubleBuffer (OzoneManagerDoubleBuffer.java:stop(466)) - Stopping OMDoubleBuffer flush thread
2022-10-18 03:54:17,070 [omNode-2@group-523986131536-FollowerState] INFO  impl.FollowerState (FollowerState.java:run(152)) - omNode-2@group-523986131536-FollowerState was interrupted
2022-10-18 03:54:17,070 [OMDoubleBufferFlushThread] INFO  ratis.OzoneManagerDoubleBuffer (OzoneManagerDoubleBuffer.java:flushTransactions(385)) - OMDoubleBuffer flush thread OMDoubleBufferFlushThread is interrupted and will exit.
2022-10-18 03:54:17,072 [omNode-3@group-523986131536-LeaderElection17] INFO  server.RaftServerConfigKeys (ConfUtils.java:logGet(46)) - raft.server.log.appender.snapshot.chunk.size.max = 16MB (=16777216) (default)
2022-10-18 03:54:17,073 [omNode-3@group-523986131536-LeaderElection17] INFO  server.RaftServerConfigKeys (ConfUtils.java:logGet(46)) - raft.server.log.appender.buffer.byte-limit = 33554432 (custom)
2022-10-18 03:54:17,073 [omNode-3@group-523986131536-LeaderElection17] INFO  server.RaftServerConfigKeys (ConfUtils.java:logGet(46)) - raft.server.log.appender.buffer.element-limit = 1024 (custom)
2022-10-18 03:54:17,073 [omNode-3@group-523986131536-LeaderElection17] INFO  grpc.GrpcConfigKeys (ConfUtils.java:logGet(46)) - raft.grpc.server.leader.outstanding.appends.max = 128 (default)
2022-10-18 03:54:17,073 [omNode-3@group-523986131536-LeaderElection17] INFO  server.RaftServerConfigKeys (ConfUtils.java:logGet(46)) - raft.server.rpc.request.timeout = 3000ms (default)
2022-10-18 03:54:17,073 [omNode-3@group-523986131536-LeaderElection17] INFO  server.RaftServerConfigKeys (ConfUtils.java:logGet(46)) - raft.server.log.appender.install.snapshot.enabled = false (custom)
2022-10-18 03:54:17,074 [Listener at localhost/35797] INFO  server.RaftServer$Division (ServerState.java:close(429)) - omNode-2@group-523986131536: closes. applyIndex: 145
2022-10-18 03:54:17,074 [omNode-2@group-523986131536-SegmentedRaftLogWorker] INFO  segmented.SegmentedRaftLogWorker (SegmentedRaftLogWorker.java:run(336)) - omNode-2@group-523986131536-SegmentedRaftLogWorker was interrupted, exiting. There are 0 tasks remaining in the queue.
2022-10-18 03:54:17,074 [omNode-3@group-523986131536-LeaderElection17] INFO  server.RaftServerConfigKeys (ConfUtils.java:logGet(46)) - raft.server.log.appender.snapshot.chunk.size.max = 16MB (=16777216) (default)
2022-10-18 03:54:17,074 [omNode-3@group-523986131536-LeaderElection17] INFO  server.RaftServerConfigKeys (ConfUtils.java:logGet(46)) - raft.server.log.appender.buffer.byte-limit = 33554432 (custom)
2022-10-18 03:54:17,074 [omNode-3@group-523986131536-LeaderElection17] INFO  server.RaftServerConfigKeys (ConfUtils.java:logGet(46)) - raft.server.log.appender.buffer.element-limit = 1024 (custom)
2022-10-18 03:54:17,075 [omNode-3@group-523986131536-LeaderElection17] INFO  grpc.GrpcConfigKeys (ConfUtils.java:logGet(46)) - raft.grpc.server.leader.outstanding.appends.max = 128 (default)
2022-10-18 03:54:17,075 [omNode-3@group-523986131536-LeaderElection17] INFO  server.RaftServerConfigKeys (ConfUtils.java:logGet(46)) - raft.server.rpc.request.timeout = 3000ms (default)
2022-10-18 03:54:17,075 [omNode-3@group-523986131536-LeaderElection17] INFO  server.RaftServerConfigKeys (ConfUtils.java:logGet(46)) - raft.server.log.appender.install.snapshot.enabled = false (custom)
2022-10-18 03:54:17,075 [omNode-3@group-523986131536-LeaderElection17] INFO  impl.RoleInfo (RoleInfo.java:updateAndGet(139)) - omNode-3: start omNode-3@group-523986131536-LeaderStateImpl
2022-10-18 03:54:17,076 [Listener at localhost/35797] INFO  segmented.SegmentedRaftLogWorker (SegmentedRaftLogWorker.java:close(246)) - omNode-2@group-523986131536-SegmentedRaftLogWorker close()
2022-10-18 03:54:17,078 [Listener at localhost/35797] INFO  server.GrpcService (GrpcService.java:closeImpl(269)) - omNode-2: shutdown server with port 37241 now
2022-10-18 03:54:17,078 [omNode-3@group-523986131536-LeaderElection17] INFO  segmented.SegmentedRaftLogWorker (SegmentedRaftLogWorker.java:rollLogSegment(430)) - omNode-3@group-523986131536-SegmentedRaftLogWorker: Rolling segment log-61_146 to index:146
2022-10-18 03:54:17,084 [omNode-3@group-523986131536-SegmentedRaftLogWorker] INFO  segmented.SegmentedRaftLogWorker (SegmentedRaftLogWorker.java:execute(586)) - omNode-3@group-523986131536-SegmentedRaftLogWorker: Rolled log segment from /home/runner/work/ozone/ozone/hadoop-ozone/integration-test/target/test-dir/MiniOzoneClusterImpl-5cdafbed-51d9-4f54-a43e-7c7e014ba032/omNode-3/ratis/c9bc4cf4-3bc3-3c60-a66b-523986131536/current/log_inprogress_61 to /home/runner/work/ozone/ozone/hadoop-ozone/integration-test/target/test-dir/MiniOzoneClusterImpl-5cdafbed-51d9-4f54-a43e-7c7e014ba032/omNode-3/ratis/c9bc4cf4-3bc3-3c60-a66b-523986131536/current/log_61-146
2022-10-18 03:54:17,089 [Listener at localhost/35797] INFO  server.GrpcService (GrpcService.java:closeImpl(278)) - omNode-2: shutdown server with port 37241 successfully
2022-10-18 03:54:17,089 [org.apache.ratis.util.JvmPauseMonitor$$Lambda$703/726954313@cd0c71e] INFO  util.JvmPauseMonitor (JvmPauseMonitor.java:run(109)) - JvmPauseMonitor-omNode-2: Stopped
2022-10-18 03:54:17,098 [omNode-3@group-523986131536-LeaderElection17] INFO  server.RaftServer$Division (ServerState.java:setRaftConf(393)) - omNode-3@group-523986131536: set configuration 147: [omNode-3|rpc:localhost:44279|admin:|client:|dataStream:|priority:0, omNode-1|rpc:localhost:42747|admin:|client:|dataStream:|priority:0, omNode-2|rpc:localhost:37241|admin:|client:|dataStream:|priority:0], old=null
2022-10-18 03:54:17,099 [Listener at localhost/35797] INFO  ratis.OzoneManagerStateMachine (OzoneManagerStateMachine.java:close(495)) - StateMachine has shutdown. Shutdown OzoneManager if not already shutdown.
2022-10-18 03:54:17,099 [Listener at localhost/35797] INFO  ratis.OzoneManagerDoubleBuffer (OzoneManagerDoubleBuffer.java:stop(478)) - OMDoubleBuffer flush thread is not running.
2022-10-18 03:54:17,099 [Listener at localhost/35797] INFO  utils.BackgroundService (BackgroundService.java:shutdown(141)) - Shutting down service KeyDeletingService
2022-10-18 03:54:17,101 [omNode-3@group-523986131536-SegmentedRaftLogWorker] INFO  segmented.SegmentedRaftLogWorker (SegmentedRaftLogWorker.java:execute(629)) - omNode-3@group-523986131536-SegmentedRaftLogWorker: created new log segment /home/runner/work/ozone/ozone/hadoop-ozone/integration-test/target/test-dir/MiniOzoneClusterImpl-5cdafbed-51d9-4f54-a43e-7c7e014ba032/omNode-3/ratis/c9bc4cf4-3bc3-3c60-a66b-523986131536/current/log_inprogress_147
2022-10-18 03:54:17,102 [Listener at localhost/35797] INFO  utils.BackgroundService (BackgroundService.java:shutdown(141)) - Shutting down service DirectoryDeletingService
2022-10-18 03:54:17,104 [Listener at localhost/35797] INFO  utils.BackgroundService (BackgroundService.java:shutdown(141)) - Shutting down service OpenKeyCleanupService
2022-10-18 03:54:17,104 [Listener at localhost/35797] INFO  handler.ContextHandler (ContextHandler.java:doStop(1153)) - Stopped o.e.j.w.WebAppContext@31b38a32{ozoneManager,/,null,STOPPED}{file:/home/runner/work/ozone/ozone/hadoop-ozone/integration-test/target/test-classes/webapps/ozoneManager}
2022-10-18 03:54:17,111 [Listener at localhost/35797] INFO  server.AbstractConnector (AbstractConnector.java:doStop(381)) - Stopped ServerConnector@e49055a{HTTP/1.1, (http/1.1)}{0.0.0.0:33977}
2022-10-18 03:54:17,112 [Listener at localhost/35797] INFO  server.session (HouseKeeper.java:stopScavenging(149)) - node0 Stopped scavenging
2022-10-18 03:54:17,112 [Listener at localhost/35797] INFO  handler.ContextHandler (ContextHandler.java:doStop(1153)) - Stopped o.e.j.s.ServletContextHandler@5f97adc9{static,/static,file:///home/runner/work/ozone/ozone/hadoop-ozone/integration-test/target/test-classes/webapps/static,STOPPED}
2022-10-18 03:54:17,112 [Listener at localhost/35797] INFO  handler.ContextHandler (ContextHandler.java:doStop(1153)) - Stopped o.e.j.s.ServletContextHandler@21b26eb6{logs,/logs,file:///home/runner/work/ozone/ozone/hadoop-ozone/integration-test/target/log,STOPPED}
2022-10-18 03:54:17,130 [grpc-default-executor-2] WARN  server.GrpcLogAppender (LogUtils.java:warn(122)) - omNode-3@group-523986131536->omNode-2-AppendLogResponseHandler: Failed appendEntries: org.apache.ratis.thirdparty.io.grpc.StatusRuntimeException: UNAVAILABLE: io exception
2022-10-18 03:54:17,131 [Listener at localhost/35797] INFO  om.OzoneManager (OzoneManager.java:restart(1571)) - OzoneManager RPC server is listening at localhost/127.0.0.1:37159
2022-10-18 03:54:17,131 [Listener at localhost/35797] INFO  impl.MetricsSystemImpl (MetricsSystemImpl.java:init(158)) - OzoneManager metrics system started (again)
2022-10-18 03:54:17,146 [grpc-default-executor-2] WARN  server.GrpcLogAppender (GrpcLogAppender.java:resetClient(111)) - omNode-3@group-523986131536->omNode-2-GrpcLogAppender: Leader has not got in touch with Follower omNode-3@group-523986131536->omNode-2(c-1,m0,n148, attendVote=true, lastRpcSendTime=23, lastRpcResponseTime=1276) yet, just keep nextIndex unchanged and retry.
2022-10-18 03:54:17,148 [omNode-1-server-thread1] INFO  server.RaftServer$Division (ServerState.java:setLeader(287)) - omNode-1@group-523986131536: change Leader from null to omNode-3 at term 10 for appendEntries, leader elected after 567ms
2022-10-18 03:54:17,156 [Listener at localhost/35797] WARN  server.ServerUtils (ServerUtils.java:getDBPath(225)) - ozone.om.db.dirs is not configured. We recommend adding this setting. Falling back to ozone.metadata.dirs instead.
2022-10-18 03:54:17,156 [Listener at localhost/35797] INFO  codec.OmKeyInfoCodec (OmKeyInfoCodec.java:<init>(49)) - OmKeyInfoCodec ignorePipeline = true
2022-10-18 03:54:17,157 [Listener at localhost/35797] INFO  codec.RepeatedOmKeyInfoCodec (RepeatedOmKeyInfoCodec.java:<init>(41)) - RepeatedOmKeyInfoCodec ignorePipeline = true
2022-10-18 03:54:17,160 [omNode-1-server-thread1] INFO  server.RaftServer$Division (ServerState.java:setRaftConf(393)) - omNode-1@group-523986131536: set configuration 147: [omNode-3|rpc:localhost:44279|admin:|client:|dataStream:|priority:0, omNode-1|rpc:localhost:42747|admin:|client:|dataStream:|priority:0, omNode-2|rpc:localhost:37241|admin:|client:|dataStream:|priority:0], old=null
2022-10-18 03:54:17,160 [omNode-1-server-thread1] INFO  segmented.SegmentedRaftLogWorker (SegmentedRaftLogWorker.java:rollLogSegment(430)) - omNode-1@group-523986131536-SegmentedRaftLogWorker: Rolling segment log-61_146 to index:146
2022-10-18 03:54:17,163 [omNode-1@group-523986131536-SegmentedRaftLogWorker] INFO  segmented.SegmentedRaftLogWorker (SegmentedRaftLogWorker.java:execute(586)) - omNode-1@group-523986131536-SegmentedRaftLogWorker: Rolled log segment from /home/runner/work/ozone/ozone/hadoop-ozone/integration-test/target/test-dir/MiniOzoneClusterImpl-5cdafbed-51d9-4f54-a43e-7c7e014ba032/omNode-1/ratis/c9bc4cf4-3bc3-3c60-a66b-523986131536/current/log_inprogress_61 to /home/runner/work/ozone/ozone/hadoop-ozone/integration-test/target/test-dir/MiniOzoneClusterImpl-5cdafbed-51d9-4f54-a43e-7c7e014ba032/omNode-1/ratis/c9bc4cf4-3bc3-3c60-a66b-523986131536/current/log_61-146
2022-10-18 03:54:17,181 [omNode-1@group-523986131536-SegmentedRaftLogWorker] INFO  segmented.SegmentedRaftLogWorker (SegmentedRaftLogWorker.java:execute(629)) - omNode-1@group-523986131536-SegmentedRaftLogWorker: created new log segment /home/runner/work/ozone/ozone/hadoop-ozone/integration-test/target/test-dir/MiniOzoneClusterImpl-5cdafbed-51d9-4f54-a43e-7c7e014ba032/omNode-1/ratis/c9bc4cf4-3bc3-3c60-a66b-523986131536/current/log_inprogress_147
2022-10-18 03:54:17,199 [omNode-3@group-523986131536-StateMachineUpdater] INFO  ratis.OzoneManagerStateMachine (OzoneManagerStateMachine.java:notifyConfigurationChanged(192)) - Received Configuration change notification from Ratis. New Peer list:
[id: "omNode-3"
address: "localhost:44279"
, id: "omNode-1"
address: "localhost:42747"
, id: "omNode-2"
address: "localhost:37241"
]
2022-10-18 03:54:17,204 [grpc-default-executor-2] WARN  server.GrpcLogAppender (LogUtils.java:warn(122)) - omNode-3@group-523986131536->omNode-2-AppendLogResponseHandler: Failed appendEntries: org.apache.ratis.thirdparty.io.grpc.StatusRuntimeException: UNAVAILABLE: io exception
2022-10-18 03:54:17,205 [grpc-default-executor-2] WARN  server.GrpcLogAppender (GrpcLogAppender.java:resetClient(111)) - omNode-3@group-523986131536->omNode-2-GrpcLogAppender: Leader has not got in touch with Follower omNode-3@group-523986131536->omNode-2(c-1,m0,n149, attendVote=true, lastRpcSendTime=0, lastRpcResponseTime=1335) yet, just keep nextIndex unchanged and retry.
2022-10-18 03:54:17,208 [omNode-1@group-523986131536-StateMachineUpdater] INFO  ratis.OzoneManagerStateMachine (OzoneManagerStateMachine.java:notifyConfigurationChanged(192)) - Received Configuration change notification from Ratis. New Peer list:
[id: "omNode-3"
address: "localhost:44279"
, id: "omNode-1"
address: "localhost:42747"
, id: "omNode-2"
address: "localhost:37241"
]
2022-10-18 03:54:17,372 [grpc-default-executor-2] WARN  server.GrpcLogAppender (LogUtils.java:warn(122)) - omNode-3@group-523986131536->omNode-2-AppendLogResponseHandler: Failed appendEntries: org.apache.ratis.thirdparty.io.grpc.StatusRuntimeException: UNAVAILABLE: io exception
2022-10-18 03:54:17,373 [grpc-default-executor-2] WARN  server.GrpcLogAppender (GrpcLogAppender.java:resetClient(111)) - omNode-3@group-523986131536->omNode-2-GrpcLogAppender: Leader has not got in touch with Follower omNode-3@group-523986131536->omNode-2(c-1,m0,n149, attendVote=true, lastRpcSendTime=168, lastRpcResponseTime=1503) yet, just keep nextIndex unchanged and retry.
2022-10-18 03:54:17,377 [Listener at localhost/35797] INFO  om.OzoneManager (OzoneManager.java:instantiateServices(712)) - S3 Multi-Tenancy is disabled
2022-10-18 03:54:17,385 [Listener at localhost/35797] WARN  server.ServerUtils (ServerUtils.java:getDefaultRatisDirectory(237)) - Storage directory for Ratis is not configured. It is a good idea to map this to an SSD disk. Falling back to ozone.metadata.dirs
2022-10-18 03:54:17,387 [Listener at localhost/35797] INFO  ratis.OzoneManagerRatisServer (OzoneManagerRatisServer.java:<init>(160)) - Instantiating OM Ratis server with groupID: om-service-test1 and peers: localhost:37241, localhost:44279, localhost:42747
2022-10-18 03:54:17,387 [Listener at localhost/35797] INFO  ratis.OzoneManagerStateMachine (OzoneManagerStateMachine.java:loadSnapshotInfoFromDB(632)) - LastAppliedIndex is set from TransactionInfo from OM DB as (t:7, i:145)
2022-10-18 03:54:17,392 [Listener at localhost/35797] INFO  server.RaftServer (ConfUtils.java:logGet(46)) - raft.rpc.type = GRPC (default)
2022-10-18 03:54:17,392 [Listener at localhost/35797] INFO  grpc.GrpcFactory (GrpcFactory.java:checkPooledByteBufAllocatorUseCacheForAllThreads(48)) - PERFORMANCE WARNING: useCacheForAllThreads is true that may cause Netty to create a lot garbage objects and, as a result, trigger GC.
	It is recommended to disable useCacheForAllThreads by setting -Dorg.apache.ratis.thirdparty.io.netty.allocator.useCacheForAllThreads=false in command line.
2022-10-18 03:54:17,392 [Listener at localhost/35797] INFO  grpc.GrpcConfigKeys (ConfUtils.java:logGet(46)) - raft.grpc.admin.port = -1 (default)
2022-10-18 03:54:17,392 [Listener at localhost/35797] INFO  grpc.GrpcConfigKeys (ConfUtils.java:logGet(46)) - raft.grpc.server.port = 37241 (custom)
2022-10-18 03:54:17,393 [Listener at localhost/35797] INFO  grpc.GrpcConfigKeys (ConfUtils.java:logGet(46)) - raft.grpc.client.port = -1 (default)
2022-10-18 03:54:17,393 [Listener at localhost/35797] INFO  grpc.GrpcConfigKeys (ConfUtils.java:logGet(46)) - raft.grpc.server.port = 37241 (custom)
2022-10-18 03:54:17,393 [Listener at localhost/35797] INFO  grpc.GrpcConfigKeys (ConfUtils.java:logGet(46)) - raft.grpc.server.port = 37241 (custom)
2022-10-18 03:54:17,393 [Listener at localhost/35797] INFO  server.GrpcService (ConfUtils.java:logGet(46)) - raft.grpc.message.size.max = 33554432 (custom)
2022-10-18 03:54:17,393 [Listener at localhost/35797] INFO  server.RaftServerConfigKeys (ConfUtils.java:logGet(46)) - raft.server.log.appender.buffer.byte-limit = 33554432 (custom)
2022-10-18 03:54:17,393 [Listener at localhost/35797] INFO  server.GrpcService (ConfUtils.java:logGet(46)) - raft.grpc.flow.control.window = 1MB (=1048576) (default)
2022-10-18 03:54:17,394 [Listener at localhost/35797] INFO  server.RaftServerConfigKeys (ConfUtils.java:logGet(46)) - raft.server.rpc.request.timeout = 3000ms (default)
2022-10-18 03:54:17,394 [Listener at localhost/35797] INFO  grpc.GrpcConfigKeys (ConfUtils.java:logGet(46)) - raft.grpc.server.async.request.thread.pool.cached = true (default)
2022-10-18 03:54:17,394 [Listener at localhost/35797] INFO  grpc.GrpcConfigKeys (ConfUtils.java:logGet(46)) - raft.grpc.server.async.request.thread.pool.size = 32 (default)
2022-10-18 03:54:17,395 [Listener at localhost/35797] INFO  impl.DataStreamServerImpl (ConfUtils.java:logGet(46)) - raft.datastream.type = DISABLED (default)
2022-10-18 03:54:17,396 [Listener at localhost/35797] INFO  server.RaftServerConfigKeys (ConfUtils.java:logGet(46)) - raft.server.threadpool.proxy.cached = true (default)
2022-10-18 03:54:17,396 [Listener at localhost/35797] INFO  server.RaftServerConfigKeys (ConfUtils.java:logGet(46)) - raft.server.threadpool.proxy.size = 0 (default)
2022-10-18 03:54:17,396 [Listener at localhost/35797] INFO  server.RaftServerConfigKeys (ConfUtils.java:logGet(46)) - raft.server.rpc.slowness.timeout = 2s (custom)
2022-10-18 03:54:17,396 [Listener at localhost/35797] INFO  server.RaftServerConfigKeys (ConfUtils.java:logGet(46)) - raft.server.leaderelection.leader.step-down.wait-time = 10s (default)
2022-10-18 03:54:17,396 [Listener at localhost/35797] INFO  server.RaftServerConfigKeys (ConfUtils.java:logGet(46)) - raft.server.storage.dir = [/home/runner/work/ozone/ozone/hadoop-ozone/integration-test/target/test-dir/MiniOzoneClusterImpl-5cdafbed-51d9-4f54-a43e-7c7e014ba032/omNode-2/ratis] (custom)
2022-10-18 03:54:17,403 [omNode-2-impl-thread1] INFO  server.RaftServer (RaftServerProxy.java:initGroupDir(247)) - omNode-2: found a subdirectory /home/runner/work/ozone/ozone/hadoop-ozone/integration-test/target/test-dir/MiniOzoneClusterImpl-5cdafbed-51d9-4f54-a43e-7c7e014ba032/omNode-2/ratis/c9bc4cf4-3bc3-3c60-a66b-523986131536
2022-10-18 03:54:17,408 [Listener at localhost/35797] INFO  server.RaftServer (RaftServerProxy.java:addNew(96)) - omNode-2: addNew group-523986131536:[omNode-3|rpc:localhost:44279|priority:0, omNode-1|rpc:localhost:42747|priority:0, omNode-2|rpc:localhost:37241|priority:0] returns group-523986131536:java.util.concurrent.CompletableFuture@59e1b2e4[Not completed]
2022-10-18 03:54:17,408 [Listener at localhost/35797] INFO  om.OzoneManager (OzoneManager.java:initializeRatisServer(1975)) - OzoneManager Ratis server initialized at port 37241
2022-10-18 03:54:17,409 [Listener at localhost/35797] INFO  ratis.OzoneManagerRatisServer (OzoneManagerRatisServer.java:start(555)) - Starting OzoneManagerRatisServer omNode-2 at port 37241
2022-10-18 03:54:17,409 [pool-489-thread-1] INFO  server.RaftServer$Division (RaftServerImpl.java:<init>(190)) - omNode-2: new RaftServerImpl for group-523986131536:[omNode-3|rpc:localhost:44279|priority:0, omNode-1|rpc:localhost:42747|priority:0, omNode-2|rpc:localhost:37241|priority:0] with OzoneManagerStateMachine:uninitialized
2022-10-18 03:54:17,470 [pool-489-thread-1] INFO  server.RaftServerConfigKeys (ConfUtils.java:logGet(46)) - raft.server.rpc.timeout.min = 1s (custom)
2022-10-18 03:54:17,470 [pool-489-thread-1] INFO  server.RaftServerConfigKeys (ConfUtils.java:logGet(46)) - raft.server.rpc.timeout.max = 1200ms (custom)
2022-10-18 03:54:17,470 [pool-489-thread-1] INFO  server.RaftServerConfigKeys (ConfUtils.java:logGet(46)) - raft.server.rpc.sleep.time = 25ms (default)
2022-10-18 03:54:17,470 [pool-489-thread-1] INFO  server.RaftServerConfigKeys (ConfUtils.java:logGet(46)) - raft.server.rpc.slowness.timeout = 2s (custom)
2022-10-18 03:54:17,470 [pool-489-thread-1] INFO  server.RaftServerConfigKeys (ConfUtils.java:logGet(46)) - raft.server.leaderelection.leader.step-down.wait-time = 10s (default)
2022-10-18 03:54:17,470 [pool-489-thread-1] INFO  server.RaftServerConfigKeys (ConfUtils.java:logGet(46)) - raft.server.sleep.deviation.threshold = 300ms (default)
2022-10-18 03:54:17,470 [pool-489-thread-1] INFO  server.RaftServer$Division (ServerState.java:<init>(107)) - omNode-2@group-523986131536: ConfigurationManager, init=-1: [omNode-3|rpc:localhost:44279|priority:0, omNode-1|rpc:localhost:42747|priority:0, omNode-2|rpc:localhost:37241|priority:0], old=null, confs=<EMPTY_MAP>
2022-10-18 03:54:17,470 [pool-489-thread-1] INFO  server.RaftServerConfigKeys (ConfUtils.java:logGet(46)) - raft.server.storage.dir = [/home/runner/work/ozone/ozone/hadoop-ozone/integration-test/target/test-dir/MiniOzoneClusterImpl-5cdafbed-51d9-4f54-a43e-7c7e014ba032/omNode-2/ratis] (custom)
2022-10-18 03:54:17,471 [pool-489-thread-1] INFO  server.RaftServerConfigKeys (ConfUtils.java:logGet(46)) - raft.server.log.corruption.policy = EXCEPTION (default)
2022-10-18 03:54:17,471 [pool-489-thread-1] INFO  server.RaftServerConfigKeys (ConfUtils.java:logGet(46)) - raft.server.storage.free-space.min = 0MB (=0) (default)
2022-10-18 03:54:17,477 [pool-489-thread-1] INFO  storage.RaftStorageDirectory (RaftStorageDirectoryImpl.java:tryLock(230)) - Lock on /home/runner/work/ozone/ozone/hadoop-ozone/integration-test/target/test-dir/MiniOzoneClusterImpl-5cdafbed-51d9-4f54-a43e-7c7e014ba032/omNode-2/ratis/c9bc4cf4-3bc3-3c60-a66b-523986131536/in_use.lock acquired by nodename 30743@fv-az573-760
2022-10-18 03:54:17,478 [pool-489-thread-1] INFO  storage.RaftStorage (RaftStorageImpl.java:analyzeAndRecoverStorage(110)) - Read RaftStorageMetadata{term=9, votedFor=omNode-2} from /home/runner/work/ozone/ozone/hadoop-ozone/integration-test/target/test-dir/MiniOzoneClusterImpl-5cdafbed-51d9-4f54-a43e-7c7e014ba032/omNode-2/ratis/c9bc4cf4-3bc3-3c60-a66b-523986131536/current/raft-meta
2022-10-18 03:54:17,478 [pool-489-thread-1] INFO  server.RaftServer$Division (ServerState.java:setRaftConf(393)) - omNode-2@group-523986131536: set configuration 61: [omNode-3|rpc:localhost:44279|admin:|client:|dataStream:|priority:0, omNode-1|rpc:localhost:42747|admin:|client:|dataStream:|priority:0, omNode-2|rpc:localhost:37241|admin:|client:|dataStream:|priority:0], old=null
2022-10-18 03:54:17,478 [pool-489-thread-1] INFO  server.RaftServerConfigKeys (ConfUtils.java:logGet(46)) - raft.server.notification.no-leader.timeout = 2s (custom)
2022-10-18 03:54:17,478 [pool-489-thread-1] INFO  server.RaftServerConfigKeys (ConfUtils.java:logGet(46)) - raft.server.log.use.memory = false (default)
2022-10-18 03:54:17,478 [pool-489-thread-1] INFO  server.RaftServerConfigKeys (ConfUtils.java:logGet(46)) - raft.server.log.purge.gap = 50 (custom)
2022-10-18 03:54:17,478 [pool-489-thread-1] INFO  server.RaftServerConfigKeys (ConfUtils.java:logGet(46)) - raft.server.log.appender.buffer.byte-limit = 33554432 (custom)
2022-10-18 03:54:17,478 [pool-489-thread-1] INFO  server.RaftServerConfigKeys (ConfUtils.java:logGet(46)) - raft.server.log.statemachine.data.read.timeout = 1000ms (default)
2022-10-18 03:54:17,479 [pool-489-thread-1] INFO  server.RaftServerConfigKeys (ConfUtils.java:logGet(46)) - raft.server.log.segment.size.max = 4194304 (custom)
2022-10-18 03:54:17,479 [pool-489-thread-1] INFO  server.RaftServerConfigKeys (ConfUtils.java:logGet(46)) - raft.server.log.segment.cache.num.max = 2 (custom)
2022-10-18 03:54:17,479 [pool-489-thread-1] INFO  server.RaftServerConfigKeys (ConfUtils.java:logGet(46)) - raft.server.log.segment.cache.size.max = 200MB (=209715200) (default)
2022-10-18 03:54:17,479 [pool-489-thread-1] INFO  segmented.SegmentedRaftLogWorker (SegmentedRaftLogWorker.java:<init>(187)) - new omNode-2@group-523986131536-SegmentedRaftLogWorker for RaftStorageImpl:Storage Directory /home/runner/work/ozone/ozone/hadoop-ozone/integration-test/target/test-dir/MiniOzoneClusterImpl-5cdafbed-51d9-4f54-a43e-7c7e014ba032/omNode-2/ratis/c9bc4cf4-3bc3-3c60-a66b-523986131536
2022-10-18 03:54:17,479 [pool-489-thread-1] INFO  server.RaftServerConfigKeys (ConfUtils.java:logGet(46)) - raft.server.log.queue.byte-limit = 64MB (=67108864) (default)
2022-10-18 03:54:17,479 [pool-489-thread-1] INFO  server.RaftServerConfigKeys (ConfUtils.java:logGet(46)) - raft.server.log.queue.element-limit = 4096 (default)
2022-10-18 03:54:17,479 [pool-489-thread-1] INFO  server.RaftServerConfigKeys (ConfUtils.java:logGet(46)) - raft.server.log.segment.size.max = 4194304 (custom)
2022-10-18 03:54:17,479 [pool-489-thread-1] INFO  server.RaftServerConfigKeys (ConfUtils.java:logGet(46)) - raft.server.log.preallocated.size = 4194304 (custom)
2022-10-18 03:54:17,479 [pool-489-thread-1] INFO  server.RaftServerConfigKeys (ConfUtils.java:logGet(46)) - raft.server.log.force.sync.num = 128 (default)
2022-10-18 03:54:17,479 [pool-489-thread-1] INFO  server.RaftServerConfigKeys (ConfUtils.java:logGet(46)) - raft.server.log.statemachine.data.sync = true (default)
2022-10-18 03:54:17,480 [pool-489-thread-1] INFO  server.RaftServerConfigKeys (ConfUtils.java:logGet(46)) - raft.server.log.statemachine.data.sync.timeout = 10s (default)
2022-10-18 03:54:17,480 [pool-489-thread-1] INFO  server.RaftServerConfigKeys (ConfUtils.java:logGet(46)) - raft.server.log.statemachine.data.sync.timeout.retry = -1 (default)
2022-10-18 03:54:17,480 [pool-489-thread-1] INFO  server.RaftServerConfigKeys (ConfUtils.java:logGet(46)) - raft.server.log.write.buffer.size = 64KB (=65536) (default)
2022-10-18 03:54:17,481 [pool-489-thread-1] INFO  server.RaftServerConfigKeys (ConfUtils.java:logGet(46)) - raft.server.log.unsafe-flush.enabled = false (default)
2022-10-18 03:54:17,486 [pool-489-thread-1] INFO  server.RaftServerConfigKeys (ConfUtils.java:logGet(46)) - raft.server.log.statemachine.data.caching.enabled = false (default)
2022-10-18 03:54:17,489 [pool-489-thread-1] INFO  server.RaftServer$Division (ServerState.java:setRaftConf(393)) - omNode-2@group-523986131536: set configuration 33: [omNode-3|rpc:localhost:44279|admin:|client:|dataStream:|priority:0, omNode-1|rpc:localhost:42747|admin:|client:|dataStream:|priority:0, omNode-2|rpc:localhost:37241|admin:|client:|dataStream:|priority:0], old=null
2022-10-18 03:54:17,490 [pool-489-thread-1] INFO  segmented.LogSegment (LogSegment.java:loadSegment(173)) - Successfully read 26 entries from segment file /home/runner/work/ozone/ozone/hadoop-ozone/integration-test/target/test-dir/MiniOzoneClusterImpl-5cdafbed-51d9-4f54-a43e-7c7e014ba032/omNode-2/ratis/c9bc4cf4-3bc3-3c60-a66b-523986131536/current/log_inprogress_33
2022-10-18 03:54:17,490 [pool-489-thread-1] WARN  raftlog.RaftLog (SegmentedRaftLog.java:loadLogSegments(250)) - End log index 58 is smaller than last index in snapshot 145
2022-10-18 03:54:17,490 [pool-489-thread-1] INFO  segmented.SegmentedRaftLogWorker (SegmentedRaftLogWorker.java:lambda$new$0(135)) - omNode-2@group-523986131536-SegmentedRaftLogWorker: flushIndex: setUnconditionally 0 -> 145
2022-10-18 03:54:17,490 [pool-489-thread-1] INFO  segmented.SegmentedRaftLogWorker (SegmentedRaftLogWorker.java:lambda$new$0(135)) - omNode-2@group-523986131536-SegmentedRaftLogWorker: safeCacheEvictIndex: setUnconditionally 0 -> -1
2022-10-18 03:54:17,497 [pool-489-thread-1] INFO  raftlog.RaftLog (RaftLogBase.java:lambda$new$0(53)) - omNode-2@group-523986131536-SegmentedRaftLog: commitIndex: updateToMax old=145, new=57, updated? false
2022-10-18 03:54:17,497 [pool-489-thread-1] INFO  raftlog.RaftLog (RaftLogBase.java:lambda$new$0(53)) - omNode-2@group-523986131536-SegmentedRaftLog: purgeIndex: updateIncreasingly -1 -> 32
2022-10-18 03:54:17,497 [pool-489-thread-1] INFO  server.RaftServerConfigKeys (ConfUtils.java:logGet(46)) - raft.server.snapshot.auto.trigger.enabled = true (custom)
2022-10-18 03:54:17,497 [pool-489-thread-1] INFO  server.RaftServerConfigKeys (ConfUtils.java:logGet(46)) - raft.server.snapshot.auto.trigger.threshold = 50 (custom)
2022-10-18 03:54:17,497 [pool-489-thread-1] INFO  server.RaftServerConfigKeys (ConfUtils.java:logGet(46)) - raft.server.snapshot.retention.file.num = -1 (default)
2022-10-18 03:54:17,497 [pool-489-thread-1] INFO  server.RaftServerConfigKeys (ConfUtils.java:logGet(46)) - raft.server.log.purge.upto.snapshot.index = true (custom)
2022-10-18 03:54:17,497 [pool-489-thread-1] INFO  server.RaftServerConfigKeys (ConfUtils.java:logGet(46)) - raft.server.retrycache.expirytime = 30000ms (custom)
2022-10-18 03:54:17,497 [pool-489-thread-1] INFO  server.RaftServerConfigKeys (ConfUtils.java:logGet(46)) - raft.server.retrycache.statistics.expirytime = 100μs (default)
2022-10-18 03:54:17,498 [pool-489-thread-1] INFO  server.RaftServerConfigKeys (ConfUtils.java:logGet(46)) - raft.server.log.appender.install.snapshot.enabled = false (custom)
2022-10-18 03:54:17,499 [pool-489-thread-1] INFO  server.RaftServerConfigKeys (ConfUtils.java:logGet(46)) - raft.server.threadpool.server.cached = true (default)
2022-10-18 03:54:17,499 [pool-489-thread-1] INFO  server.RaftServerConfigKeys (ConfUtils.java:logGet(46)) - raft.server.threadpool.server.size = 0 (default)
2022-10-18 03:54:17,499 [pool-489-thread-1] INFO  server.RaftServerConfigKeys (ConfUtils.java:logGet(46)) - raft.server.threadpool.client.cached = true (default)
2022-10-18 03:54:17,499 [pool-489-thread-1] INFO  server.RaftServerConfigKeys (ConfUtils.java:logGet(46)) - raft.server.threadpool.client.size = 0 (default)
2022-10-18 03:54:17,499 [omNode-2-impl-thread1] INFO  server.RaftServer$Division (RaftServerImpl.java:start(310)) - omNode-2@group-523986131536: start as a follower, conf=61: [omNode-3|rpc:localhost:44279|admin:|client:|dataStream:|priority:0, omNode-1|rpc:localhost:42747|admin:|client:|dataStream:|priority:0, omNode-2|rpc:localhost:37241|admin:|client:|dataStream:|priority:0], old=null
2022-10-18 03:54:17,499 [omNode-2-impl-thread1] INFO  server.RaftServer$Division (RaftServerImpl.java:setRole(299)) - omNode-2@group-523986131536: changes role from      null to FOLLOWER at term 9 for startAsFollower
2022-10-18 03:54:17,499 [omNode-2-impl-thread1] INFO  impl.RoleInfo (RoleInfo.java:updateAndGet(139)) - omNode-2: start omNode-2@group-523986131536-FollowerState
2022-10-18 03:54:17,507 [omNode-2-impl-thread1] INFO  util.JmxRegister (JmxRegister.java:tryRegister(44)) - Successfully registered JMX Bean with object name Ratis:service=RaftServer,group=group-523986131536,id=omNode-2
2022-10-18 03:54:17,512 [Listener at localhost/35797] INFO  server.RaftServer (RaftServerProxy.java:lambda$start$6(382)) - omNode-2: start RPC server
2022-10-18 03:54:17,516 [Listener at localhost/35797] INFO  server.GrpcService (GrpcService.java:startImpl(260)) - omNode-2: GrpcService started, listening on 37241
2022-10-18 03:54:17,516 [Listener at localhost/35797] INFO  om.OzoneManager (OzoneManager.java:getRpcServer(1101)) - Creating RPC Server
2022-10-18 03:54:17,518 [org.apache.ratis.util.JvmPauseMonitor$$Lambda$703/726954313@67c784a6] INFO  util.JvmPauseMonitor (JvmPauseMonitor.java:run(103)) - JvmPauseMonitor-omNode-2: Started
2022-10-18 03:54:17,633 [grpc-default-executor-2] WARN  server.GrpcLogAppender (LogUtils.java:warn(122)) - omNode-3@group-523986131536->omNode-2-AppendLogResponseHandler: Failed appendEntries: org.apache.ratis.thirdparty.io.grpc.StatusRuntimeException: UNAVAILABLE: io exception
2022-10-18 03:54:17,634 [grpc-default-executor-2] WARN  server.GrpcLogAppender (GrpcLogAppender.java:resetClient(111)) - omNode-3@group-523986131536->omNode-2-GrpcLogAppender: Leader has not got in touch with Follower omNode-3@group-523986131536->omNode-2(c-1,m0,n149, attendVote=true, lastRpcSendTime=258, lastRpcResponseTime=1764) yet, just keep nextIndex unchanged and retry.
2022-10-18 03:54:17,904 [omNode-2-server-thread1] INFO  server.RaftServer$Division (ServerState.java:setLeader(287)) - omNode-2@group-523986131536: change Leader from null to omNode-3 at term 10 for appendEntries, leader elected after 426ms
2022-10-18 03:54:17,904 [omNode-2-server-thread1] INFO  server.RaftServer$Division (RaftServerImpl.java:checkInconsistentAppendEntries(1424)) - omNode-2@group-523986131536: Failed appendEntries as previous log entry ((t:10, i:148)) is not found
2022-10-18 03:54:17,905 [omNode-2-server-thread1] INFO  server.RaftServer$Division (RaftServerImpl.java:checkInconsistentAppendEntries(1394)) - omNode-2@group-523986131536: inconsistency entries. Reply:omNode-3<-omNode-2#561510:FAIL-t9,INCONSISTENCY,nextIndex=146,followerCommit=145
2022-10-18 03:54:17,905 [grpc-default-executor-2] INFO  leader.FollowerInfo (FollowerInfoImpl.java:lambda$new$0(48)) - omNode-3@group-523986131536->omNode-2: nextIndex: updateUnconditionally 149 -> 146
2022-10-18 03:54:17,908 [omNode-2-server-thread1] INFO  server.RaftServer$Division (ServerState.java:setRaftConf(393)) - omNode-2@group-523986131536: set configuration 147: [omNode-3|rpc:localhost:44279|admin:|client:|dataStream:|priority:0, omNode-1|rpc:localhost:42747|admin:|client:|dataStream:|priority:0, omNode-2|rpc:localhost:37241|admin:|client:|dataStream:|priority:0], old=null
2022-10-18 03:54:17,908 [omNode-2-server-thread1] INFO  segmented.SegmentedRaftLogWorker (SegmentedRaftLogWorker.java:rollLogSegment(430)) - omNode-2@group-523986131536-SegmentedRaftLogWorker: Rolling segment log-33_58 to index:58
2022-10-18 03:54:17,908 [omNode-2-server-thread1] ERROR raftlog.RaftLog (SegmentedRaftLog.java:appendEntryImpl(418)) - omNode-2@group-523986131536-SegmentedRaftLog: Failed to append (t:7, i:146), METADATAENTRY(c:145)
java.lang.IllegalStateException: gap between start index 59 and first entry to append 146
	at org.apache.ratis.util.Preconditions.assertTrue(Preconditions.java:60)
	at org.apache.ratis.server.raftlog.segmented.LogSegment.append(LogSegment.java:312)
	at org.apache.ratis.server.raftlog.segmented.LogSegment.appendToOpenSegment(LogSegment.java:306)
	at org.apache.ratis.server.raftlog.segmented.SegmentedRaftLogCache.appendEntry(SegmentedRaftLogCache.java:554)
	at org.apache.ratis.server.raftlog.segmented.SegmentedRaftLog.appendEntryImpl(SegmentedRaftLog.java:414)
	at org.apache.ratis.server.raftlog.RaftLogBase.lambda$appendEntry$10(RaftLogBase.java:323)
	at org.apache.ratis.server.raftlog.RaftLogSequentialOps$Runner.runSequentially(RaftLogSequentialOps.java:77)
	at org.apache.ratis.server.raftlog.RaftLogBase.appendEntry(RaftLogBase.java:323)
	at org.apache.ratis.server.raftlog.segmented.SegmentedRaftLog.appendImpl(SegmentedRaftLog.java:457)
	at org.apache.ratis.server.raftlog.RaftLogBase.lambda$append$11(RaftLogBase.java:330)
	at org.apache.ratis.server.raftlog.RaftLogSequentialOps$Runner.runSequentially(RaftLogSequentialOps.java:68)
	at org.apache.ratis.server.raftlog.RaftLogBase.append(RaftLogBase.java:330)
	at org.apache.ratis.server.impl.RaftServerImpl.appendEntriesAsync(RaftServerImpl.java:1356)
	at org.apache.ratis.server.impl.RaftServerImpl.appendEntriesAsync(RaftServerImpl.java:1243)
	at org.apache.ratis.server.impl.RaftServerProxy.lambda$null$26(RaftServerProxy.java:615)
	at org.apache.ratis.util.JavaUtils.callAsUnchecked(JavaUtils.java:115)
	at org.apache.ratis.server.impl.RaftServerImpl.lambda$executeSubmitServerRequestAsync$11(RaftServerImpl.java:777)
	at java.util.concurrent.CompletableFuture$AsyncSupply.run(CompletableFuture.java:1604)
	at java.util.concurrent.ThreadPoolExecutor.runWorker(ThreadPoolExecutor.java:1149)
	at java.util.concurrent.ThreadPoolExecutor$Worker.run(ThreadPoolExecutor.java:624)
	at java.lang.Thread.run(Thread.java:750)
2022-10-18 03:54:17,909 [omNode-2@group-523986131536-SegmentedRaftLogWorker] INFO  segmented.SegmentedRaftLogWorker (SegmentedRaftLogWorker.java:execute(586)) - omNode-2@group-523986131536-SegmentedRaftLogWorker: Rolled log segment from /home/runner/work/ozone/ozone/hadoop-ozone/integration-test/target/test-dir/MiniOzoneClusterImpl-5cdafbed-51d9-4f54-a43e-7c7e014ba032/omNode-2/ratis/c9bc4cf4-3bc3-3c60-a66b-523986131536/current/log_inprogress_33 to /home/runner/work/ozone/ozone/hadoop-ozone/integration-test/target/test-dir/MiniOzoneClusterImpl-5cdafbed-51d9-4f54-a43e-7c7e014ba032/omNode-2/ratis/c9bc4cf4-3bc3-3c60-a66b-523986131536/current/log_33-58
2022-10-18 03:54:17,922 [omNode-2@group-523986131536-SegmentedRaftLogWorker] INFO  segmented.SegmentedRaftLogWorker (SegmentedRaftLogWorker.java:execute(629)) - omNode-2@group-523986131536-SegmentedRaftLogWorker: created new log segment /home/runner/work/ozone/ozone/hadoop-ozone/integration-test/target/test-dir/MiniOzoneClusterImpl-5cdafbed-51d9-4f54-a43e-7c7e014ba032/omNode-2/ratis/c9bc4cf4-3bc3-3c60-a66b-523986131536/current/log_inprogress_59
2022-10-18 03:54:17,923 [omNode-2-server-thread1] ERROR server.RaftServer$Division (RaftServerImpl.java:appendEntriesAsync(1246)) - omNode-2@group-523986131536: Failed appendEntriesAsync serverRequest {
  requestorId: "omNode-3"
  replyId: "omNode-2"
  raftGroupId {
    id: "\311\274L\364;\303<`\246kR9\206\023\0256"
  }
  callId: 561512
  slidingWindowEntry {
  }
}
leaderTerm: 10
previousLog {
  term: 7
  index: 145
}
entries {
  term: 7
  index: 146
  metadataEntry {
    commitIndex: 145
  }
}
entries {
  term: 10
  index: 147
  configurationEntry {
    peers {
      id: "omNode-3"
      address: "localhost:44279"
    }
    peers {
      id: "omNode-1"
      address: "localhost:42747"
    }
    peers {
      id: "omNode-2"
      address: "localhost:37241"
    }
  }
}
entries {
  term: 10
  index: 148
  metadataEntry {
    commitIndex: 147
  }
}
leaderCommit: 148
initializing: true
commitInfos {
  server {
    id: "omNode-3"
    address: "localhost:44279"
  }
  commitIndex: 148
}
commitInfos {
  server {
    id: "omNode-1"
    address: "localhost:42747"
  }
  commitIndex: 148
}
commitInfos {
  server {
    id: "omNode-2"
    address: "localhost:37241"
  }
  commitIndex: 58
}

java.lang.IllegalStateException: gap between start index 59 and first entry to append 146
	at org.apache.ratis.util.Preconditions.assertTrue(Preconditions.java:60)
	at org.apache.ratis.server.raftlog.segmented.LogSegment.append(LogSegment.java:312)
	at org.apache.ratis.server.raftlog.segmented.LogSegment.appendToOpenSegment(LogSegment.java:306)
	at org.apache.ratis.server.raftlog.segmented.SegmentedRaftLogCache.appendEntry(SegmentedRaftLogCache.java:554)
	at org.apache.ratis.server.raftlog.segmented.SegmentedRaftLog.appendEntryImpl(SegmentedRaftLog.java:414)
	at org.apache.ratis.server.raftlog.RaftLogBase.lambda$appendEntry$10(RaftLogBase.java:323)
	at org.apache.ratis.server.raftlog.RaftLogSequentialOps$Runner.runSequentially(RaftLogSequentialOps.java:77)
	at org.apache.ratis.server.raftlog.RaftLogBase.appendEntry(RaftLogBase.java:323)
	at org.apache.ratis.server.raftlog.segmented.SegmentedRaftLog.appendImpl(SegmentedRaftLog.java:457)
	at org.apache.ratis.server.raftlog.RaftLogBase.lambda$append$11(RaftLogBase.java:330)
	at org.apache.ratis.server.raftlog.RaftLogSequentialOps$Runner.runSequentially(RaftLogSequentialOps.java:68)
	at org.apache.ratis.server.raftlog.RaftLogBase.append(RaftLogBase.java:330)
	at org.apache.ratis.server.impl.RaftServerImpl.appendEntriesAsync(RaftServerImpl.java:1356)
	at org.apache.ratis.server.impl.RaftServerImpl.appendEntriesAsync(RaftServerImpl.java:1243)
	at org.apache.ratis.server.impl.RaftServerProxy.lambda$null$26(RaftServerProxy.java:615)
	at org.apache.ratis.util.JavaUtils.callAsUnchecked(JavaUtils.java:115)
	at org.apache.ratis.server.impl.RaftServerImpl.lambda$executeSubmitServerRequestAsync$11(RaftServerImpl.java:777)
	at java.util.concurrent.CompletableFuture$AsyncSupply.run(CompletableFuture.java:1604)
	at java.util.concurrent.ThreadPoolExecutor.runWorker(ThreadPoolExecutor.java:1149)
	at java.util.concurrent.ThreadPoolExecutor$Worker.run(ThreadPoolExecutor.java:624)
	at java.lang.Thread.run(Thread.java:750)
2022-10-18 03:54:18,018 [Under Replicated Processor] INFO  replication.UnderReplicatedProcessor (UnderReplicatedProcessor.java:processAll(92)) - Processed 0 under replicated containers, failed processing 0
2022-10-18 03:54:18,026 [Over Replicated Processor] INFO  replication.OverReplicatedProcessor (OverReplicatedProcessor.java:processAll(90)) - Processed 0 over replicated containers, failed processing 0
2022-10-18 03:54:18,093 [Listener at localhost/35797] INFO  reflections.Reflections (Reflections.java:scan(232)) - Reflections took 576 ms to scan 19 urls, producing 67 keys and 4238 values [using 2 cores]
2022-10-18 03:54:18,094 [Listener at localhost/35797] INFO  ipc.CallQueueManager (CallQueueManager.java:<init>(90)) - Using callQueue: class java.util.concurrent.LinkedBlockingQueue, queueCapacity: 2000, scheduler: class org.apache.hadoop.ipc.DefaultRpcScheduler, ipcBackoff: false.
2022-10-18 03:54:18,095 [Socket Reader #1 for port 37159] INFO  ipc.Server (Server.java:run(1273)) - Starting Socket Reader #1 for port 37159
2022-10-18 03:54:18,099 [Listener at localhost/37159] INFO  http.BaseHttpServer (BaseHttpServer.java:newHttpServer2BuilderForOzone(213)) - Starting Web-server for ozoneManager at: http://0.0.0.0:33977
2022-10-18 03:54:18,099 [Listener at localhost/37159] INFO  http.BaseHttpServer (BaseHttpServer.java:<init>(108)) - Hadoop Security Enabled: false Ozone Security Enabled: false Ozone HTTP Security Enabled: false 
2022-10-18 03:54:18,101 [Listener at localhost/37159] WARN  server.AuthenticationFilter (AuthenticationFilter.java:constructSecretProvider(240)) - Unable to initialize FileSignerSecretProvider, falling back to use random secrets. Reason: Could not read signature secret file: /home/runner/hadoop-http-auth-signature-secret
2022-10-18 03:54:18,102 [Listener at localhost/37159] WARN  http.HttpRequestLog (HttpRequestLog.java:getRequestLog(103)) - Jetty request log can only be enabled using Log4j
2022-10-18 03:54:18,103 [Listener at localhost/37159] INFO  http.HttpServer2 (HttpServer2.java:addGlobalFilter(1031)) - Added global filter 'safety' (class=org.apache.hadoop.hdds.server.http.HttpServer2$QuotingInputFilter)
2022-10-18 03:54:18,105 [Listener at localhost/37159] INFO  http.HttpServer2 (HttpServer2.java:addFilter(1007)) - Added filter static_user_filter (class=org.apache.hadoop.http.lib.StaticUserWebFilter$StaticUserFilter) to context ozoneManager
2022-10-18 03:54:18,105 [Listener at localhost/37159] INFO  http.HttpServer2 (HttpServer2.java:addFilter(1015)) - Added filter static_user_filter (class=org.apache.hadoop.http.lib.StaticUserWebFilter$StaticUserFilter) to context logs
2022-10-18 03:54:18,105 [Listener at localhost/37159] INFO  http.HttpServer2 (HttpServer2.java:addFilter(1015)) - Added filter static_user_filter (class=org.apache.hadoop.http.lib.StaticUserWebFilter$StaticUserFilter) to context static
2022-10-18 03:54:18,106 [Listener at localhost/37159] INFO  http.HttpServer2 (HttpServer2.java:bindListener(1250)) - Jetty bound to port 33977
2022-10-18 03:54:18,106 [Listener at localhost/37159] INFO  server.Server (Server.java:doStart(375)) - jetty-9.4.43.v20210629; built: 2021-06-30T11:07:22.254Z; git: 526006ecfa3af7f1a27ef3a288e2bef7ea9dd7e8; jvm 1.8.0_345-b01
2022-10-18 03:54:18,114 [Listener at localhost/37159] INFO  server.session (DefaultSessionIdManager.java:doStart(334)) - DefaultSessionIdManager workerName=node0
2022-10-18 03:54:18,114 [Listener at localhost/37159] INFO  server.session (DefaultSessionIdManager.java:doStart(339)) - No SessionScavenger set, using defaults
2022-10-18 03:54:18,115 [Listener at localhost/37159] INFO  server.session (HouseKeeper.java:startScavenging(132)) - node0 Scavenging every 600000ms
2022-10-18 03:54:18,116 [Listener at localhost/37159] INFO  handler.ContextHandler (ContextHandler.java:doStart(915)) - Started o.e.j.s.ServletContextHandler@250db31d{logs,/logs,file:///home/runner/work/ozone/ozone/hadoop-ozone/integration-test/target/log,AVAILABLE}
2022-10-18 03:54:18,116 [Listener at localhost/37159] INFO  handler.ContextHandler (ContextHandler.java:doStart(915)) - Started o.e.j.s.ServletContextHandler@f3e3cb1{static,/static,file:///home/runner/work/ozone/ozone/hadoop-ozone/integration-test/target/test-classes/webapps/static,AVAILABLE}
2022-10-18 03:54:18,121 [Listener at localhost/37159] INFO  handler.ContextHandler (ContextHandler.java:doStart(915)) - Started o.e.j.w.WebAppContext@2a12b003{ozoneManager,/,file:///home/runner/work/ozone/ozone/hadoop-ozone/integration-test/target/test-classes/webapps/ozoneManager/,AVAILABLE}{file:/home/runner/work/ozone/ozone/hadoop-ozone/integration-test/target/test-classes/webapps/ozoneManager}
2022-10-18 03:54:18,123 [Listener at localhost/37159] INFO  server.AbstractConnector (AbstractConnector.java:doStart(331)) - Started ServerConnector@25a086ac{HTTP/1.1, (http/1.1)}{0.0.0.0:33977}
2022-10-18 03:54:18,123 [Listener at localhost/37159] INFO  server.Server (Server.java:doStart(415)) - Started @63811ms
2022-10-18 03:54:18,124 [Listener at localhost/37159] WARN  impl.MetricsSystemImpl (MetricsSystemImpl.java:register(279)) - Sink prometheus already exists!
2022-10-18 03:54:18,125 [Listener at localhost/37159] INFO  http.BaseHttpServer (BaseHttpServer.java:updateConnectorAddress(333)) - HTTP server of ozoneManager listening at http://0.0.0.0:33977
2022-10-18 03:54:18,125 [IPC Server Responder] INFO  ipc.Server (Server.java:run(1512)) - IPC Server Responder: starting
2022-10-18 03:54:18,131 [Listener at localhost/37159] INFO  om.OzoneManager (OzoneManager.java:startTrashEmptier(1919)) - Trash Interval set to 0. Files deleted won't move to trash
]]></system-out>
  </testcase>
  <testcase name="testTwoOMNodesDown" classname="org.apache.hadoop.ozone.om.TestOzoneManagerHAWithData" time="15.326">
    <error type="java.io.IOException"><![CDATA[java.io.IOException: java.lang.IllegalStateException: gap between start index 59 and first entry to append 146
	at org.apache.ratis.util.IOUtils.asIOException(IOUtils.java:56)
	at org.apache.ratis.util.IOUtils.toIOException(IOUtils.java:61)
	at org.apache.ratis.util.IOUtils.getFromFuture(IOUtils.java:71)
	at org.apache.ratis.server.impl.RaftServerProxy.getImpls(RaftServerProxy.java:362)
	at org.apache.ratis.server.impl.RaftServerProxy.start(RaftServerProxy.java:379)
	at org.apache.hadoop.ozone.om.ratis.OzoneManagerRatisServer.start(OzoneManagerRatisServer.java:557)
	at org.apache.hadoop.ozone.om.OzoneManager.restart(OzoneManager.java:1606)
	at org.apache.hadoop.ozone.MiniOzoneHAClusterImpl.restartOzoneManager(MiniOzoneHAClusterImpl.java:229)
	at org.apache.hadoop.ozone.om.TestOzoneManagerHA.resetCluster(TestOzoneManagerHA.java:188)
	at sun.reflect.NativeMethodAccessorImpl.invoke0(Native Method)
	at sun.reflect.NativeMethodAccessorImpl.invoke(NativeMethodAccessorImpl.java:62)
	at sun.reflect.DelegatingMethodAccessorImpl.invoke(DelegatingMethodAccessorImpl.java:43)
	at java.lang.reflect.Method.invoke(Method.java:498)
	at org.junit.platform.commons.util.ReflectionUtils.invokeMethod(ReflectionUtils.java:725)
	at org.junit.jupiter.engine.execution.MethodInvocation.proceed(MethodInvocation.java:60)
	at org.junit.jupiter.engine.execution.InvocationInterceptorChain$ValidatingInvocation.proceed(InvocationInterceptorChain.java:131)
	at org.junit.jupiter.engine.extension.TimeoutExtension.intercept(TimeoutExtension.java:149)
	at org.junit.jupiter.engine.extension.TimeoutExtension.interceptLifecycleMethod(TimeoutExtension.java:126)
	at org.junit.jupiter.engine.extension.TimeoutExtension.interceptAfterEachMethod(TimeoutExtension.java:108)
	at org.junit.jupiter.engine.execution.ExecutableInvoker$ReflectiveInterceptorCall.lambda$ofVoidMethod$0(ExecutableInvoker.java:115)
	at org.junit.jupiter.engine.execution.ExecutableInvoker.lambda$invoke$0(ExecutableInvoker.java:105)
	at org.junit.jupiter.engine.execution.InvocationInterceptorChain$InterceptedInvocation.proceed(InvocationInterceptorChain.java:106)
	at org.junit.jupiter.engine.execution.InvocationInterceptorChain.proceed(InvocationInterceptorChain.java:64)
	at org.junit.jupiter.engine.execution.InvocationInterceptorChain.chainAndInvoke(InvocationInterceptorChain.java:45)
	at org.junit.jupiter.engine.execution.InvocationInterceptorChain.invoke(InvocationInterceptorChain.java:37)
	at org.junit.jupiter.engine.execution.ExecutableInvoker.invoke(ExecutableInvoker.java:104)
	at org.junit.jupiter.engine.execution.ExecutableInvoker.invoke(ExecutableInvoker.java:98)
	at org.junit.jupiter.engine.descriptor.ClassBasedTestDescriptor.invokeMethodInExtensionContext(ClassBasedTestDescriptor.java:506)
	at org.junit.jupiter.engine.descriptor.ClassBasedTestDescriptor.lambda$synthesizeAfterEachMethodAdapter$22(ClassBasedTestDescriptor.java:496)
	at org.junit.jupiter.engine.descriptor.TestMethodTestDescriptor.lambda$invokeAfterEachMethods$10(TestMethodTestDescriptor.java:240)
	at org.junit.jupiter.engine.descriptor.TestMethodTestDescriptor.lambda$invokeAllAfterMethodsOrCallbacks$13(TestMethodTestDescriptor.java:273)
	at org.junit.platform.engine.support.hierarchical.ThrowableCollector.execute(ThrowableCollector.java:73)
	at org.junit.jupiter.engine.descriptor.TestMethodTestDescriptor.lambda$invokeAllAfterMethodsOrCallbacks$14(TestMethodTestDescriptor.java:273)
	at java.util.ArrayList.forEach(ArrayList.java:1259)
	at org.junit.jupiter.engine.descriptor.TestMethodTestDescriptor.invokeAllAfterMethodsOrCallbacks(TestMethodTestDescriptor.java:272)
	at org.junit.jupiter.engine.descriptor.TestMethodTestDescriptor.invokeAfterEachMethods(TestMethodTestDescriptor.java:238)
	at org.junit.jupiter.engine.descriptor.TestMethodTestDescriptor.execute(TestMethodTestDescriptor.java:139)
	at org.junit.jupiter.engine.descriptor.TestMethodTestDescriptor.execute(TestMethodTestDescriptor.java:66)
	at org.junit.platform.engine.support.hierarchical.NodeTestTask.lambda$executeRecursively$6(NodeTestTask.java:151)
	at org.junit.platform.engine.support.hierarchical.ThrowableCollector.execute(ThrowableCollector.java:73)
	at org.junit.platform.engine.support.hierarchical.NodeTestTask.lambda$executeRecursively$8(NodeTestTask.java:141)
	at org.junit.platform.engine.support.hierarchical.Node.around(Node.java:137)
	at org.junit.platform.engine.support.hierarchical.NodeTestTask.lambda$executeRecursively$9(NodeTestTask.java:139)
	at org.junit.platform.engine.support.hierarchical.ThrowableCollector.execute(ThrowableCollector.java:73)
	at org.junit.platform.engine.support.hierarchical.NodeTestTask.executeRecursively(NodeTestTask.java:138)
	at org.junit.platform.engine.support.hierarchical.NodeTestTask.execute(NodeTestTask.java:95)
	at java.util.ArrayList.forEach(ArrayList.java:1259)
	at org.junit.platform.engine.support.hierarchical.SameThreadHierarchicalTestExecutorService.invokeAll(SameThreadHierarchicalTestExecutorService.java:41)
	at org.junit.platform.engine.support.hierarchical.NodeTestTask.lambda$executeRecursively$6(NodeTestTask.java:155)
	at org.junit.platform.engine.support.hierarchical.ThrowableCollector.execute(ThrowableCollector.java:73)
	at org.junit.platform.engine.support.hierarchical.NodeTestTask.lambda$executeRecursively$8(NodeTestTask.java:141)
	at org.junit.platform.engine.support.hierarchical.Node.around(Node.java:137)
	at org.junit.platform.engine.support.hierarchical.NodeTestTask.lambda$executeRecursively$9(NodeTestTask.java:139)
	at org.junit.platform.engine.support.hierarchical.ThrowableCollector.execute(ThrowableCollector.java:73)
	at org.junit.platform.engine.support.hierarchical.NodeTestTask.executeRecursively(NodeTestTask.java:138)
	at org.junit.platform.engine.support.hierarchical.NodeTestTask.execute(NodeTestTask.java:95)
	at java.util.ArrayList.forEach(ArrayList.java:1259)
	at org.junit.platform.engine.support.hierarchical.SameThreadHierarchicalTestExecutorService.invokeAll(SameThreadHierarchicalTestExecutorService.java:41)
	at org.junit.platform.engine.support.hierarchical.NodeTestTask.lambda$executeRecursively$6(NodeTestTask.java:155)
	at org.junit.platform.engine.support.hierarchical.ThrowableCollector.execute(ThrowableCollector.java:73)
	at org.junit.platform.engine.support.hierarchical.NodeTestTask.lambda$executeRecursively$8(NodeTestTask.java:141)
	at org.junit.platform.engine.support.hierarchical.Node.around(Node.java:137)
	at org.junit.platform.engine.support.hierarchical.NodeTestTask.lambda$executeRecursively$9(NodeTestTask.java:139)
	at org.junit.platform.engine.support.hierarchical.ThrowableCollector.execute(ThrowableCollector.java:73)
	at org.junit.platform.engine.support.hierarchical.NodeTestTask.executeRecursively(NodeTestTask.java:138)
	at org.junit.platform.engine.support.hierarchical.NodeTestTask.execute(NodeTestTask.java:95)
	at org.junit.platform.engine.support.hierarchical.SameThreadHierarchicalTestExecutorService.submit(SameThreadHierarchicalTestExecutorService.java:35)
	at org.junit.platform.engine.support.hierarchical.HierarchicalTestExecutor.execute(HierarchicalTestExecutor.java:57)
	at org.junit.platform.engine.support.hierarchical.HierarchicalTestEngine.execute(HierarchicalTestEngine.java:54)
	at org.junit.platform.launcher.core.EngineExecutionOrchestrator.execute(EngineExecutionOrchestrator.java:107)
	at org.junit.platform.launcher.core.EngineExecutionOrchestrator.execute(EngineExecutionOrchestrator.java:88)
	at org.junit.platform.launcher.core.EngineExecutionOrchestrator.lambda$execute$0(EngineExecutionOrchestrator.java:54)
	at org.junit.platform.launcher.core.EngineExecutionOrchestrator.withInterceptedStreams(EngineExecutionOrchestrator.java:67)
	at org.junit.platform.launcher.core.EngineExecutionOrchestrator.execute(EngineExecutionOrchestrator.java:52)
	at org.junit.platform.launcher.core.DefaultLauncher.execute(DefaultLauncher.java:114)
	at org.junit.platform.launcher.core.DefaultLauncher.execute(DefaultLauncher.java:86)
	at org.junit.platform.launcher.core.DefaultLauncherSession$DelegatingLauncher.execute(DefaultLauncherSession.java:86)
	at org.junit.platform.launcher.core.SessionPerRequestLauncher.execute(SessionPerRequestLauncher.java:53)
	at org.apache.maven.surefire.junitplatform.JUnitPlatformProvider.execute(JUnitPlatformProvider.java:188)
	at org.apache.maven.surefire.junitplatform.JUnitPlatformProvider.invokeAllTests(JUnitPlatformProvider.java:154)
	at org.apache.maven.surefire.junitplatform.JUnitPlatformProvider.invoke(JUnitPlatformProvider.java:124)
	at org.apache.maven.surefire.booter.ForkedBooter.runSuitesInProcess(ForkedBooter.java:428)
	at org.apache.maven.surefire.booter.ForkedBooter.execute(ForkedBooter.java:162)
	at org.apache.maven.surefire.booter.ForkedBooter.run(ForkedBooter.java:562)
	at org.apache.maven.surefire.booter.ForkedBooter.main(ForkedBooter.java:548)
Caused by: java.lang.IllegalStateException: gap between start index 59 and first entry to append 146
	at org.apache.ratis.util.Preconditions.assertTrue(Preconditions.java:60)
	at org.apache.ratis.server.raftlog.segmented.LogSegment.append(LogSegment.java:312)
	at org.apache.ratis.server.raftlog.segmented.LogSegment.lambda$loadSegment$2(LogSegment.java:168)
	at org.apache.ratis.server.raftlog.segmented.LogSegment.readSegmentFile(LogSegment.java:141)
	at org.apache.ratis.server.raftlog.segmented.LogSegment.readSegmentFile(LogSegment.java:125)
	at org.apache.ratis.server.raftlog.segmented.LogSegment.loadSegment(LogSegment.java:167)
	at org.apache.ratis.server.raftlog.segmented.SegmentedRaftLogCache.loadSegment(SegmentedRaftLogCache.java:387)
	at org.apache.ratis.server.raftlog.segmented.SegmentedRaftLog.loadLogSegments(SegmentedRaftLog.java:241)
	at org.apache.ratis.server.raftlog.segmented.SegmentedRaftLog.openImpl(SegmentedRaftLog.java:214)
	at org.apache.ratis.server.raftlog.RaftLogBase.open(RaftLogBase.java:249)
	at org.apache.ratis.server.impl.ServerState.initRaftLog(ServerState.java:210)
	at org.apache.ratis.server.impl.ServerState.<init>(ServerState.java:152)
	at org.apache.ratis.server.impl.RaftServerImpl.<init>(RaftServerImpl.java:201)
	at org.apache.ratis.server.impl.RaftServerProxy.lambda$newRaftServerImpl$5(RaftServerProxy.java:274)
	at java.util.concurrent.CompletableFuture$AsyncSupply.run(CompletableFuture.java:1604)
	at java.util.concurrent.ThreadPoolExecutor.runWorker(ThreadPoolExecutor.java:1149)
	at java.util.concurrent.ThreadPoolExecutor$Worker.run(ThreadPoolExecutor.java:624)
	at java.lang.Thread.run(Thread.java:750)
]]></error>
    <system-out><![CDATA[2022-10-18 03:54:18,133 [Listener at localhost/37159] INFO  om.OzoneManager (OzoneManager.java:stop(2034)) - omNode-1[localhost:35797]: Stopping Ozone Manager
2022-10-18 03:54:18,135 [Listener at localhost/37159] INFO  ipc.Server (Server.java:stop(3428)) - Stopping server on 35797
2022-10-18 03:54:18,134 [IPC Server listener on 37159] INFO  ipc.Server (Server.java:run(1352)) - IPC Server listener on 37159: starting
2022-10-18 03:54:18,138 [IPC Server listener on 35797] INFO  ipc.Server (Server.java:run(1384)) - Stopping IPC Server listener on 35797
2022-10-18 03:54:18,145 [org.apache.hadoop.util.JvmPauseMonitor$Monitor@7ab953cf] INFO  util.JvmPauseMonitor (JvmPauseMonitor.java:run(188)) - Starting JVM pause monitor
2022-10-18 03:54:18,145 [IPC Server Responder] INFO  ipc.Server (Server.java:run(1517)) - Stopping IPC Server Responder
2022-10-18 03:54:18,145 [Listener at localhost/37159] INFO  server.RaftServer (RaftServerProxy.java:lambda$close$7(398)) - omNode-1: close
2022-10-18 03:54:18,146 [Listener at localhost/37159] INFO  server.RaftServer$Division (RaftServerImpl.java:lambda$close$4(434)) - omNode-1@group-523986131536: shutdown
2022-10-18 03:54:18,146 [Listener at localhost/37159] INFO  util.JmxRegister (JmxRegister.java:unregister(73)) - Successfully un-registered JMX Bean with object name Ratis:service=RaftServer,group=group-523986131536,id=omNode-1
2022-10-18 03:54:18,146 [Listener at localhost/37159] INFO  impl.RoleInfo (RoleInfo.java:shutdownFollowerState(110)) - omNode-1: shutdown omNode-1@group-523986131536-FollowerState
2022-10-18 03:54:18,146 [omNode-1@group-523986131536-FollowerState] INFO  impl.FollowerState (FollowerState.java:run(152)) - omNode-1@group-523986131536-FollowerState was interrupted
2022-10-18 03:54:18,147 [Listener at localhost/37159] INFO  impl.StateMachineUpdater (StateMachineUpdater.java:stopAndJoin(153)) - omNode-1@group-523986131536-StateMachineUpdater: set stopIndex = 148
2022-10-18 03:54:18,147 [omNode-1@group-523986131536-StateMachineUpdater] INFO  ratis.OzoneManagerStateMachine (OzoneManagerStateMachine.java:takeSnapshot(441)) - Current Snapshot Index (t:10, i:148)
2022-10-18 03:54:18,148 [omNode-1@group-523986131536-StateMachineUpdater] INFO  impl.StateMachineUpdater (StateMachineUpdater.java:takeSnapshot(287)) - omNode-1@group-523986131536-StateMachineUpdater: Took a snapshot at index 148
2022-10-18 03:54:18,148 [omNode-1@group-523986131536-StateMachineUpdater] INFO  impl.StateMachineUpdater (StateMachineUpdater.java:lambda$new$0(92)) - omNode-1@group-523986131536-StateMachineUpdater: snapshotIndex: updateIncreasingly 146 -> 148
2022-10-18 03:54:18,148 [omNode-1@group-523986131536-StateMachineUpdater] INFO  raftlog.RaftLog (RaftLogBase.java:purge(308)) - omNode-1@group-523986131536-SegmentedRaftLog: purge 148
2022-10-18 03:54:18,148 [omNode-1@group-523986131536-StateMachineUpdater] INFO  raftlog.RaftLog (RaftLogBase.java:lambda$new$0(53)) - omNode-1@group-523986131536-SegmentedRaftLog: snapshotIndex: updateIncreasingly 146 -> 148
2022-10-18 03:54:18,148 [omNode-1@group-523986131536-StateMachineUpdater] INFO  ratis.OzoneManagerStateMachine (OzoneManagerStateMachine.java:close(495)) - StateMachine has shutdown. Shutdown OzoneManager if not already shutdown.
2022-10-18 03:54:18,148 [omNode-1@group-523986131536-StateMachineUpdater] INFO  ratis.OzoneManagerDoubleBuffer (OzoneManagerDoubleBuffer.java:stop(466)) - Stopping OMDoubleBuffer flush thread
2022-10-18 03:54:18,148 [omNode-1@group-523986131536-SegmentedRaftLogWorker] INFO  raftlog.RaftLog (RaftLogBase.java:lambda$new$0(53)) - omNode-1@group-523986131536-SegmentedRaftLog: purgeIndex: updateToMax old=60, new=146, updated? true
2022-10-18 03:54:18,149 [OMDoubleBufferFlushThread] INFO  ratis.OzoneManagerDoubleBuffer (OzoneManagerDoubleBuffer.java:flushTransactions(385)) - OMDoubleBuffer flush thread OMDoubleBufferFlushThread is interrupted and will exit.
2022-10-18 03:54:18,154 [Listener at localhost/37159] INFO  server.RaftServer$Division (ServerState.java:close(429)) - omNode-1@group-523986131536: closes. applyIndex: 148
2022-10-18 03:54:18,155 [omNode-1@group-523986131536-SegmentedRaftLogWorker] INFO  segmented.SegmentedRaftLogWorker (SegmentedRaftLogWorker.java:run(336)) - omNode-1@group-523986131536-SegmentedRaftLogWorker was interrupted, exiting. There are 0 tasks remaining in the queue.
2022-10-18 03:54:18,156 [Listener at localhost/37159] INFO  segmented.SegmentedRaftLogWorker (SegmentedRaftLogWorker.java:close(246)) - omNode-1@group-523986131536-SegmentedRaftLogWorker close()
2022-10-18 03:54:18,158 [Listener at localhost/37159] INFO  server.GrpcService (GrpcService.java:closeImpl(269)) - omNode-1: shutdown server with port 42747 now
2022-10-18 03:54:18,160 [grpc-default-executor-0] WARN  server.GrpcServerProtocolService (LogUtils.java:warn(122)) - omNode-1: installSnapshot onError, lastRequest: omNode-3->omNode-1#2-t10,previous=(t:10, i:147),leaderCommit=147,initializing? true,entries: size=1, first=(t:10, i:148), METADATAENTRY(c:147): org.apache.ratis.thirdparty.io.grpc.StatusRuntimeException: CANCELLED: client cancelled
2022-10-18 03:54:18,163 [grpc-default-executor-1] WARN  server.GrpcLogAppender (LogUtils.java:warn(122)) - omNode-3@group-523986131536->omNode-1-AppendLogResponseHandler: Failed appendEntries: org.apache.ratis.thirdparty.io.grpc.StatusRuntimeException: CANCELLED: RST_STREAM closed stream. HTTP/2 error code: CANCEL
2022-10-18 03:54:18,163 [grpc-default-executor-1] INFO  leader.FollowerInfo (FollowerInfoImpl.java:lambda$new$0(48)) - omNode-3@group-523986131536->omNode-1: nextIndex: updateUnconditionally 149 -> 148
2022-10-18 03:54:18,163 [Listener at localhost/37159] INFO  server.GrpcService (GrpcService.java:closeImpl(278)) - omNode-1: shutdown server with port 42747 successfully
2022-10-18 03:54:18,163 [org.apache.ratis.util.JvmPauseMonitor$$Lambda$703/726954313@7db2b057] INFO  util.JvmPauseMonitor (JvmPauseMonitor.java:run(109)) - JvmPauseMonitor-omNode-1: Stopped
2022-10-18 03:54:18,163 [Listener at localhost/37159] INFO  ratis.OzoneManagerStateMachine (OzoneManagerStateMachine.java:close(495)) - StateMachine has shutdown. Shutdown OzoneManager if not already shutdown.
2022-10-18 03:54:18,164 [Listener at localhost/37159] INFO  ratis.OzoneManagerDoubleBuffer (OzoneManagerDoubleBuffer.java:stop(478)) - OMDoubleBuffer flush thread is not running.
2022-10-18 03:54:18,164 [Listener at localhost/37159] INFO  handler.ContextHandler (ContextHandler.java:doStop(1153)) - Stopped o.e.j.w.WebAppContext@2856b10a{ozoneManager,/,null,STOPPED}{file:/home/runner/work/ozone/ozone/hadoop-ozone/integration-test/target/test-classes/webapps/ozoneManager}
2022-10-18 03:54:18,166 [Listener at localhost/37159] INFO  server.AbstractConnector (AbstractConnector.java:doStop(381)) - Stopped ServerConnector@2c78e1a2{HTTP/1.1, (http/1.1)}{0.0.0.0:41161}
2022-10-18 03:54:18,167 [Listener at localhost/37159] INFO  server.session (HouseKeeper.java:stopScavenging(149)) - node0 Stopped scavenging
2022-10-18 03:54:18,170 [Listener at localhost/37159] INFO  handler.ContextHandler (ContextHandler.java:doStop(1153)) - Stopped o.e.j.s.ServletContextHandler@26c265ab{static,/static,file:///home/runner/work/ozone/ozone/hadoop-ozone/integration-test/target/test-classes/webapps/static,STOPPED}
2022-10-18 03:54:18,170 [Listener at localhost/37159] INFO  handler.ContextHandler (ContextHandler.java:doStop(1153)) - Stopped o.e.j.s.ServletContextHandler@2fde59bd{logs,/logs,file:///home/runner/work/ozone/ozone/hadoop-ozone/integration-test/target/log,STOPPED}
2022-10-18 03:54:18,176 [grpc-default-executor-0] WARN  server.GrpcLogAppender (LogUtils.java:warn(122)) - omNode-3@group-523986131536->omNode-1-AppendLogResponseHandler: Failed appendEntries: org.apache.ratis.thirdparty.io.grpc.StatusRuntimeException: UNAVAILABLE: io exception
2022-10-18 03:54:18,177 [grpc-default-executor-0] INFO  leader.FollowerInfo (FollowerInfoImpl.java:lambda$new$0(48)) - omNode-3@group-523986131536->omNode-1: nextIndex: updateUnconditionally 149 -> 148
2022-10-18 03:54:18,178 [Listener at localhost/37159] INFO  om.OzoneManager (OzoneManager.java:stop(2034)) - omNode-2[localhost:37159]: Stopping Ozone Manager
2022-10-18 03:54:18,178 [Listener at localhost/37159] INFO  ipc.Server (Server.java:stop(3428)) - Stopping server on 37159
2022-10-18 03:54:18,183 [IPC Server Responder] INFO  ipc.Server (Server.java:run(1517)) - Stopping IPC Server Responder
2022-10-18 03:54:18,183 [IPC Server listener on 37159] INFO  ipc.Server (Server.java:run(1384)) - Stopping IPC Server listener on 37159
2022-10-18 03:54:18,183 [Listener at localhost/37159] INFO  server.RaftServer (RaftServerProxy.java:lambda$close$7(398)) - omNode-2: close
2022-10-18 03:54:18,184 [Listener at localhost/37159] INFO  server.RaftServer$Division (RaftServerImpl.java:lambda$close$4(434)) - omNode-2@group-523986131536: shutdown
2022-10-18 03:54:18,184 [Listener at localhost/37159] INFO  util.JmxRegister (JmxRegister.java:unregister(73)) - Successfully un-registered JMX Bean with object name Ratis:service=RaftServer,group=group-523986131536,id=omNode-2
2022-10-18 03:54:18,184 [Listener at localhost/37159] INFO  impl.RoleInfo (RoleInfo.java:shutdownFollowerState(110)) - omNode-2: shutdown omNode-2@group-523986131536-FollowerState
2022-10-18 03:54:18,184 [Listener at localhost/37159] INFO  impl.StateMachineUpdater (StateMachineUpdater.java:stopAndJoin(153)) - omNode-2@group-523986131536-StateMachineUpdater: set stopIndex = 145
2022-10-18 03:54:18,184 [omNode-2@group-523986131536-StateMachineUpdater] INFO  ratis.OzoneManagerStateMachine (OzoneManagerStateMachine.java:close(495)) - StateMachine has shutdown. Shutdown OzoneManager if not already shutdown.
2022-10-18 03:54:18,184 [omNode-2@group-523986131536-StateMachineUpdater] INFO  ratis.OzoneManagerDoubleBuffer (OzoneManagerDoubleBuffer.java:stop(466)) - Stopping OMDoubleBuffer flush thread
2022-10-18 03:54:18,185 [OMDoubleBufferFlushThread] INFO  ratis.OzoneManagerDoubleBuffer (OzoneManagerDoubleBuffer.java:flushTransactions(385)) - OMDoubleBuffer flush thread OMDoubleBufferFlushThread is interrupted and will exit.
2022-10-18 03:54:18,184 [omNode-2@group-523986131536-FollowerState] INFO  impl.FollowerState (FollowerState.java:run(152)) - omNode-2@group-523986131536-FollowerState was interrupted
2022-10-18 03:54:18,187 [Listener at localhost/37159] INFO  server.RaftServer$Division (ServerState.java:close(429)) - omNode-2@group-523986131536: closes. applyIndex: 145
2022-10-18 03:54:18,187 [omNode-2@group-523986131536-SegmentedRaftLogWorker] INFO  segmented.SegmentedRaftLogWorker (SegmentedRaftLogWorker.java:run(336)) - omNode-2@group-523986131536-SegmentedRaftLogWorker was interrupted, exiting. There are 0 tasks remaining in the queue.
2022-10-18 03:54:18,188 [Listener at localhost/37159] INFO  segmented.SegmentedRaftLogWorker (SegmentedRaftLogWorker.java:close(246)) - omNode-2@group-523986131536-SegmentedRaftLogWorker close()
2022-10-18 03:54:18,194 [Listener at localhost/37159] INFO  server.GrpcService (GrpcService.java:closeImpl(269)) - omNode-2: shutdown server with port 37241 now
2022-10-18 03:54:18,196 [grpc-default-executor-1] WARN  server.GrpcServerProtocolService (LogUtils.java:warn(122)) - omNode-2: installSnapshot onError, lastRequest: omNode-3->omNode-2#561512-t10,previous=(t:7, i:145),leaderCommit=148,initializing? true,entries: size=3, first=(t:7, i:146), METADATAENTRY(c:145): org.apache.ratis.thirdparty.io.grpc.StatusRuntimeException: CANCELLED: client cancelled
2022-10-18 03:54:18,196 [grpc-default-executor-2] WARN  server.GrpcLogAppender (LogUtils.java:warn(122)) - omNode-3@group-523986131536->omNode-2-AppendLogResponseHandler: Failed appendEntries: org.apache.ratis.thirdparty.io.grpc.StatusRuntimeException: CANCELLED: RST_STREAM closed stream. HTTP/2 error code: CANCEL
2022-10-18 03:54:18,196 [grpc-default-executor-2] WARN  server.GrpcLogAppender (GrpcLogAppender.java:resetClient(111)) - omNode-3@group-523986131536->omNode-2-GrpcLogAppender: Leader has not got in touch with Follower omNode-3@group-523986131536->omNode-2(c-1,m0,n149, attendVote=true, lastRpcSendTime=289, lastRpcResponseTime=290) yet, just keep nextIndex unchanged and retry.
2022-10-18 03:54:18,196 [Listener at localhost/37159] INFO  server.GrpcService (GrpcService.java:closeImpl(278)) - omNode-2: shutdown server with port 37241 successfully
2022-10-18 03:54:18,196 [org.apache.ratis.util.JvmPauseMonitor$$Lambda$703/726954313@67c784a6] INFO  util.JvmPauseMonitor (JvmPauseMonitor.java:run(109)) - JvmPauseMonitor-omNode-2: Stopped
2022-10-18 03:54:18,196 [Listener at localhost/37159] INFO  ratis.OzoneManagerStateMachine (OzoneManagerStateMachine.java:close(495)) - StateMachine has shutdown. Shutdown OzoneManager if not already shutdown.
2022-10-18 03:54:18,197 [Listener at localhost/37159] INFO  ratis.OzoneManagerDoubleBuffer (OzoneManagerDoubleBuffer.java:stop(478)) - OMDoubleBuffer flush thread is not running.
2022-10-18 03:54:18,197 [Listener at localhost/37159] INFO  handler.ContextHandler (ContextHandler.java:doStop(1153)) - Stopped o.e.j.w.WebAppContext@2a12b003{ozoneManager,/,null,STOPPED}{file:/home/runner/work/ozone/ozone/hadoop-ozone/integration-test/target/test-classes/webapps/ozoneManager}
2022-10-18 03:54:18,199 [Listener at localhost/37159] INFO  server.AbstractConnector (AbstractConnector.java:doStop(381)) - Stopped ServerConnector@25a086ac{HTTP/1.1, (http/1.1)}{0.0.0.0:33977}
2022-10-18 03:54:18,199 [Listener at localhost/37159] INFO  server.session (HouseKeeper.java:stopScavenging(149)) - node0 Stopped scavenging
2022-10-18 03:54:18,199 [Listener at localhost/37159] INFO  handler.ContextHandler (ContextHandler.java:doStop(1153)) - Stopped o.e.j.s.ServletContextHandler@f3e3cb1{static,/static,file:///home/runner/work/ozone/ozone/hadoop-ozone/integration-test/target/test-classes/webapps/static,STOPPED}
2022-10-18 03:54:18,200 [Listener at localhost/37159] INFO  handler.ContextHandler (ContextHandler.java:doStop(1153)) - Stopped o.e.j.s.ServletContextHandler@250db31d{logs,/logs,file:///home/runner/work/ozone/ozone/hadoop-ozone/integration-test/target/log,STOPPED}
2022-10-18 03:54:18,220 [grpc-default-executor-2] WARN  server.GrpcLogAppender (LogUtils.java:warn(122)) - omNode-3@group-523986131536->omNode-1-AppendLogResponseHandler: Failed appendEntries: org.apache.ratis.thirdparty.io.grpc.StatusRuntimeException: UNAVAILABLE: io exception
2022-10-18 03:54:18,222 [grpc-default-executor-2] INFO  leader.FollowerInfo (FollowerInfoImpl.java:lambda$new$0(48)) - omNode-3@group-523986131536->omNode-1: nextIndex: updateUnconditionally 149 -> 148
2022-10-18 03:54:18,410 [grpc-default-executor-1] WARN  server.GrpcLogAppender (LogUtils.java:warn(122)) - omNode-3@group-523986131536->omNode-2-AppendLogResponseHandler: Failed appendEntries: org.apache.ratis.thirdparty.io.grpc.StatusRuntimeException: UNAVAILABLE: io exception
2022-10-18 03:54:18,410 [grpc-default-executor-1] WARN  server.GrpcLogAppender (GrpcLogAppender.java:resetClient(111)) - omNode-3@group-523986131536->omNode-2-GrpcLogAppender: Leader has not got in touch with Follower omNode-3@group-523986131536->omNode-2(c-1,m0,n149, attendVote=true, lastRpcSendTime=4, lastRpcResponseTime=505) yet, just keep nextIndex unchanged and retry.
2022-10-18 03:54:18,470 [grpc-default-executor-1] WARN  server.GrpcLogAppender (LogUtils.java:warn(122)) - omNode-3@group-523986131536->omNode-1-AppendLogResponseHandler: Failed appendEntries: org.apache.ratis.thirdparty.io.grpc.StatusRuntimeException: UNAVAILABLE: io exception
2022-10-18 03:54:18,471 [grpc-default-executor-1] INFO  leader.FollowerInfo (FollowerInfoImpl.java:lambda$new$0(48)) - omNode-3@group-523986131536->omNode-1: nextIndex: updateUnconditionally 149 -> 148
2022-10-18 03:54:18,656 [grpc-default-executor-1] WARN  server.GrpcLogAppender (LogUtils.java:warn(122)) - omNode-3@group-523986131536->omNode-2-AppendLogResponseHandler: Failed appendEntries: org.apache.ratis.thirdparty.io.grpc.StatusRuntimeException: UNAVAILABLE: io exception
2022-10-18 03:54:18,657 [grpc-default-executor-1] WARN  server.GrpcLogAppender (GrpcLogAppender.java:resetClient(111)) - omNode-3@group-523986131536->omNode-2-GrpcLogAppender: Leader has not got in touch with Follower omNode-3@group-523986131536->omNode-2(c-1,m0,n149, attendVote=true, lastRpcSendTime=0, lastRpcResponseTime=751) yet, just keep nextIndex unchanged and retry.
2022-10-18 03:54:18,721 [grpc-default-executor-1] WARN  server.GrpcLogAppender (LogUtils.java:warn(122)) - omNode-3@group-523986131536->omNode-1-AppendLogResponseHandler: Failed appendEntries: org.apache.ratis.thirdparty.io.grpc.StatusRuntimeException: UNAVAILABLE: io exception
2022-10-18 03:54:18,722 [grpc-default-executor-1] INFO  leader.FollowerInfo (FollowerInfoImpl.java:lambda$new$0(48)) - omNode-3@group-523986131536->omNode-1: nextIndex: updateUnconditionally 149 -> 148
2022-10-18 03:54:18,910 [grpc-default-executor-1] WARN  server.GrpcLogAppender (LogUtils.java:warn(122)) - omNode-3@group-523986131536->omNode-2-AppendLogResponseHandler: Failed appendEntries: org.apache.ratis.thirdparty.io.grpc.StatusRuntimeException: UNAVAILABLE: io exception
2022-10-18 03:54:18,911 [grpc-default-executor-1] WARN  server.GrpcLogAppender (GrpcLogAppender.java:resetClient(111)) - omNode-3@group-523986131536->omNode-2-GrpcLogAppender: Leader has not got in touch with Follower omNode-3@group-523986131536->omNode-2(c-1,m0,n149, attendVote=true, lastRpcSendTime=0, lastRpcResponseTime=1005) yet, just keep nextIndex unchanged and retry.
2022-10-18 03:54:18,971 [grpc-default-executor-1] WARN  server.GrpcLogAppender (LogUtils.java:warn(122)) - omNode-3@group-523986131536->omNode-1-AppendLogResponseHandler: Failed appendEntries: org.apache.ratis.thirdparty.io.grpc.StatusRuntimeException: UNAVAILABLE: io exception
2022-10-18 03:54:18,972 [grpc-default-executor-1] INFO  leader.FollowerInfo (FollowerInfoImpl.java:lambda$new$0(48)) - omNode-3@group-523986131536->omNode-1: nextIndex: updateUnconditionally 149 -> 148
2022-10-18 03:54:19,160 [grpc-default-executor-1] WARN  server.GrpcLogAppender (LogUtils.java:warn(122)) - omNode-3@group-523986131536->omNode-2-AppendLogResponseHandler: Failed appendEntries: org.apache.ratis.thirdparty.io.grpc.StatusRuntimeException: UNAVAILABLE: io exception
2022-10-18 03:54:19,161 [grpc-default-executor-1] WARN  server.GrpcLogAppender (GrpcLogAppender.java:resetClient(111)) - omNode-3@group-523986131536->omNode-2-GrpcLogAppender: Leader has not got in touch with Follower omNode-3@group-523986131536->omNode-2(c-1,m0,n149, attendVote=true, lastRpcSendTime=0, lastRpcResponseTime=1256) yet, just keep nextIndex unchanged and retry.
2022-10-18 03:54:19,222 [grpc-default-executor-1] WARN  server.GrpcLogAppender (LogUtils.java:warn(122)) - omNode-3@group-523986131536->omNode-1-AppendLogResponseHandler: Failed appendEntries: org.apache.ratis.thirdparty.io.grpc.StatusRuntimeException: UNAVAILABLE: io exception
2022-10-18 03:54:19,222 [grpc-default-executor-1] INFO  leader.FollowerInfo (FollowerInfoImpl.java:lambda$new$0(48)) - omNode-3@group-523986131536->omNode-1: nextIndex: updateUnconditionally 149 -> 148
2022-10-18 03:54:19,411 [grpc-default-executor-1] WARN  server.GrpcLogAppender (LogUtils.java:warn(122)) - omNode-3@group-523986131536->omNode-2-AppendLogResponseHandler: Failed appendEntries: org.apache.ratis.thirdparty.io.grpc.StatusRuntimeException: UNAVAILABLE: io exception
2022-10-18 03:54:19,411 [grpc-default-executor-1] WARN  server.GrpcLogAppender (GrpcLogAppender.java:resetClient(111)) - omNode-3@group-523986131536->omNode-2-GrpcLogAppender: Leader has not got in touch with Follower omNode-3@group-523986131536->omNode-2(c-1,m0,n149, attendVote=true, lastRpcSendTime=0, lastRpcResponseTime=1506) yet, just keep nextIndex unchanged and retry.
2022-10-18 03:54:19,472 [grpc-default-executor-1] WARN  server.GrpcLogAppender (LogUtils.java:warn(122)) - omNode-3@group-523986131536->omNode-1-AppendLogResponseHandler: Failed appendEntries: org.apache.ratis.thirdparty.io.grpc.StatusRuntimeException: UNAVAILABLE: io exception
2022-10-18 03:54:19,473 [grpc-default-executor-1] INFO  leader.FollowerInfo (FollowerInfoImpl.java:lambda$new$0(48)) - omNode-3@group-523986131536->omNode-1: nextIndex: updateUnconditionally 149 -> 148
2022-10-18 03:54:19,622 [omNode-3@group-523986131536-LeaderStateImpl] WARN  server.RaftServer$Division (LeaderStateImpl.java:checkLeadership(1018)) - omNode-3@group-523986131536-LeaderStateImpl: Lost leadership on term: 10. Election timeout: 1200ms. In charge for: 2553ms. Conf: 147: [omNode-3|rpc:localhost:44279|admin:|client:|dataStream:|priority:0, omNode-1|rpc:localhost:42747|admin:|client:|dataStream:|priority:0, omNode-2|rpc:localhost:37241|admin:|client:|dataStream:|priority:0], old=null
2022-10-18 03:54:19,623 [omNode-3@group-523986131536-LeaderStateImpl] WARN  server.RaftServer$Division (LeaderStateImpl.java:lambda$checkLeadership$17(1022)) - Follower omNode-3@group-523986131536->omNode-1(c148,m148,n148, attendVote=true, lastRpcSendTime=150, lastRpcResponseTime=1903)
2022-10-18 03:54:19,623 [omNode-3@group-523986131536-LeaderStateImpl] WARN  server.RaftServer$Division (LeaderStateImpl.java:lambda$checkLeadership$17(1022)) - Follower omNode-3@group-523986131536->omNode-2(c-1,m0,n149, attendVote=true, lastRpcSendTime=212, lastRpcResponseTime=1717)
2022-10-18 03:54:19,623 [omNode-3@group-523986131536-LeaderStateImpl] INFO  server.RaftServer$Division (RaftServerImpl.java:setRole(299)) - omNode-3@group-523986131536: changes role from    LEADER to FOLLOWER at term 10 for StepDownReason:LOST_MAJORITY_HEARTBEATS
2022-10-18 03:54:19,623 [omNode-3@group-523986131536-LeaderStateImpl] INFO  impl.RoleInfo (RoleInfo.java:shutdownLeaderState(93)) - omNode-3: shutdown omNode-3@group-523986131536-LeaderStateImpl
2022-10-18 03:54:19,623 [omNode-3@group-523986131536-LeaderStateImpl] INFO  impl.PendingRequests (PendingRequests.java:sendNotLeaderResponses(282)) - omNode-3@group-523986131536-PendingRequests: sendNotLeaderResponses
2022-10-18 03:54:19,624 [omNode-3@group-523986131536->omNode-1-GrpcLogAppender-LogAppenderDaemon] WARN  server.GrpcLogAppender (GrpcLogAppender.java:mayWait(171)) - omNode-3@group-523986131536->omNode-1-GrpcLogAppender: Wait interrupted by java.lang.InterruptedException
2022-10-18 03:54:19,625 [omNode-3@group-523986131536-LeaderStateImpl] INFO  impl.RoleInfo (RoleInfo.java:updateAndGet(139)) - omNode-3: start omNode-3@group-523986131536-FollowerState
2022-10-18 03:54:20,688 [omNode-3@group-523986131536-FollowerState] INFO  impl.FollowerState (FollowerState.java:lostMajorityHeartbeatsRecently(108)) - omNode-3@group-523986131536-FollowerState: Skipping leader election since it stepped down recently (elapsed = 1062ms < waitTime = 10s)
2022-10-18 03:54:21,821 [omNode-3@group-523986131536-FollowerState] INFO  impl.FollowerState (FollowerState.java:lostMajorityHeartbeatsRecently(108)) - omNode-3@group-523986131536-FollowerState: Skipping leader election since it stepped down recently (elapsed = 2195ms < waitTime = 10s)
2022-10-18 03:54:22,848 [omNode-3@group-523986131536-FollowerState] INFO  impl.FollowerState (FollowerState.java:lostMajorityHeartbeatsRecently(108)) - omNode-3@group-523986131536-FollowerState: Skipping leader election since it stepped down recently (elapsed = 3223ms < waitTime = 10s)
2022-10-18 03:54:23,938 [omNode-3@group-523986131536-FollowerState] INFO  impl.FollowerState (FollowerState.java:lostMajorityHeartbeatsRecently(108)) - omNode-3@group-523986131536-FollowerState: Skipping leader election since it stepped down recently (elapsed = 4312ms < waitTime = 10s)
2022-10-18 03:54:24,998 [omNode-3@group-523986131536-FollowerState] INFO  impl.FollowerState (FollowerState.java:lostMajorityHeartbeatsRecently(108)) - omNode-3@group-523986131536-FollowerState: Skipping leader election since it stepped down recently (elapsed = 5372ms < waitTime = 10s)
2022-10-18 03:54:26,054 [omNode-3@group-523986131536-FollowerState] INFO  impl.FollowerState (FollowerState.java:lostMajorityHeartbeatsRecently(108)) - omNode-3@group-523986131536-FollowerState: Skipping leader election since it stepped down recently (elapsed = 6429ms < waitTime = 10s)
2022-10-18 03:54:26,236 [Listener at localhost/37159] INFO  rpc.RpcClient (RpcClient.java:createVolume(471)) - Creating Volume: volume57899, with user97013 as owner and space quota set to -1 bytes, counts quota set to -1
2022-10-18 03:54:26,238 [Listener at localhost/37159] INFO  retry.RetryInvocationHandler (RetryInvocationHandler.java:log(411)) - com.google.protobuf.ServiceException: java.net.ConnectException: Call From fv-az573-760/10.1.0.75 to localhost:35797 failed on connection exception: java.net.ConnectException: Connection refused; For more details see:  http://wiki.apache.org/hadoop/ConnectionRefused, while invoking $Proxy55.submitRequest over nodeId=omNode-1,nodeAddress=127.0.0.1:35797. Trying to failover immediately.
2022-10-18 03:54:26,241 [Listener at localhost/37159] INFO  retry.RetryInvocationHandler (RetryInvocationHandler.java:log(411)) - com.google.protobuf.ServiceException: java.net.ConnectException: Call From fv-az573-760/10.1.0.75 to localhost:37159 failed on connection exception: java.net.ConnectException: Connection refused; For more details see:  http://wiki.apache.org/hadoop/ConnectionRefused, while invoking $Proxy55.submitRequest over nodeId=omNode-2,nodeAddress=127.0.0.1:37159 after 1 failover attempts. Trying to failover immediately.
2022-10-18 03:54:26,247 [Listener at localhost/37159] INFO  retry.RetryInvocationHandler (RetryInvocationHandler.java:log(411)) - com.google.protobuf.ServiceException: org.apache.hadoop.ipc.RemoteException(org.apache.hadoop.ozone.om.exceptions.OMNotLeaderException): OM:omNode-3 is not the leader. Could not determine the leader node.
	at org.apache.hadoop.ozone.om.OzoneManager.checkLeaderStatus(OzoneManager.java:4115)
	at org.apache.hadoop.ozone.om.ratis.utils.OzoneManagerRatisUtils.checkLeaderStatus(OzoneManagerRatisUtils.java:446)
	at org.apache.hadoop.ozone.protocolPB.OzoneManagerProtocolServerSideTranslatorPB.processRequest(OzoneManagerProtocolServerSideTranslatorPB.java:181)
	at org.apache.hadoop.hdds.server.OzoneProtocolMessageDispatcher.processRequest(OzoneProtocolMessageDispatcher.java:87)
	at org.apache.hadoop.ozone.protocolPB.OzoneManagerProtocolServerSideTranslatorPB.submitRequest(OzoneManagerProtocolServerSideTranslatorPB.java:147)
	at org.apache.hadoop.ozone.protocol.proto.OzoneManagerProtocolProtos$OzoneManagerService$2.callBlockingMethod(OzoneManagerProtocolProtos.java)
	at org.apache.hadoop.ipc.ProtobufRpcEngine$Server.processCall(ProtobufRpcEngine.java:465)
	at org.apache.hadoop.ipc.ProtobufRpcEngine2$Server$ProtoBufRpcInvoker.call(ProtobufRpcEngine2.java:578)
	at org.apache.hadoop.ipc.ProtobufRpcEngine2$Server$ProtoBufRpcInvoker.call(ProtobufRpcEngine2.java:556)
	at org.apache.hadoop.ipc.RPC$Server.call(RPC.java:1093)
	at org.apache.hadoop.ipc.Server$RpcCall.run(Server.java:1043)
	at org.apache.hadoop.ipc.Server$RpcCall.run(Server.java:971)
	at java.security.AccessController.doPrivileged(Native Method)
	at javax.security.auth.Subject.doAs(Subject.java:422)
	at org.apache.hadoop.security.UserGroupInformation.doAs(UserGroupInformation.java:1878)
	at org.apache.hadoop.ipc.Server$Handler.run(Server.java:2976)
, while invoking $Proxy55.submitRequest over nodeId=omNode-3,nodeAddress=127.0.0.1:45489 after 2 failover attempts. Trying to failover after sleeping for 2000ms.
2022-10-18 03:54:27,123 [omNode-3@group-523986131536-FollowerState] INFO  impl.FollowerState (FollowerState.java:lostMajorityHeartbeatsRecently(108)) - omNode-3@group-523986131536-FollowerState: Skipping leader election since it stepped down recently (elapsed = 7497ms < waitTime = 10s)
2022-10-18 03:54:28,179 [omNode-3@group-523986131536-FollowerState] INFO  impl.FollowerState (FollowerState.java:lostMajorityHeartbeatsRecently(108)) - omNode-3@group-523986131536-FollowerState: Skipping leader election since it stepped down recently (elapsed = 8553ms < waitTime = 10s)
2022-10-18 03:54:28,250 [Listener at localhost/37159] INFO  retry.RetryInvocationHandler (RetryInvocationHandler.java:log(411)) - com.google.protobuf.ServiceException: java.net.ConnectException: Call From fv-az573-760/10.1.0.75 to localhost:35797 failed on connection exception: java.net.ConnectException: Connection refused; For more details see:  http://wiki.apache.org/hadoop/ConnectionRefused, while invoking $Proxy55.submitRequest over nodeId=omNode-1,nodeAddress=127.0.0.1:35797 after 3 failover attempts. Trying to failover immediately.
2022-10-18 03:54:28,251 [Listener at localhost/37159] INFO  retry.RetryInvocationHandler (RetryInvocationHandler.java:log(411)) - com.google.protobuf.ServiceException: java.net.ConnectException: Call From fv-az573-760/10.1.0.75 to localhost:37159 failed on connection exception: java.net.ConnectException: Connection refused; For more details see:  http://wiki.apache.org/hadoop/ConnectionRefused, while invoking $Proxy55.submitRequest over nodeId=omNode-2,nodeAddress=127.0.0.1:37159 after 4 failover attempts. Trying to failover immediately.
2022-10-18 03:54:28,254 [Listener at localhost/37159] ERROR ha.OMFailoverProxyProviderBase (OMFailoverProxyProviderBase.java:getRetryAction(211)) - Failed to connect to OMs: [omNode-1, omNode-2, omNode-3]. Attempted 5 failovers.
2022-10-18 03:54:28,270 [Listener at localhost/37159] INFO  rpc.RpcClient (RpcClient.java:createVolume(471)) - Creating Volume: volume25881, with user62186 as owner and space quota set to -1 bytes, counts quota set to -1
2022-10-18 03:54:28,281 [Listener at localhost/37159] INFO  retry.RetryInvocationHandler (RetryInvocationHandler.java:log(411)) - com.google.protobuf.ServiceException: org.apache.hadoop.ipc.RemoteException(org.apache.hadoop.ozone.om.exceptions.OMNotLeaderException): OM:omNode-3 is not the leader. Could not determine the leader node.
	at org.apache.hadoop.ozone.om.OzoneManager.checkLeaderStatus(OzoneManager.java:4115)
	at org.apache.hadoop.ozone.om.ratis.utils.OzoneManagerRatisUtils.checkLeaderStatus(OzoneManagerRatisUtils.java:446)
	at org.apache.hadoop.ozone.protocolPB.OzoneManagerProtocolServerSideTranslatorPB.processRequest(OzoneManagerProtocolServerSideTranslatorPB.java:181)
	at org.apache.hadoop.hdds.server.OzoneProtocolMessageDispatcher.processRequest(OzoneProtocolMessageDispatcher.java:87)
	at org.apache.hadoop.ozone.protocolPB.OzoneManagerProtocolServerSideTranslatorPB.submitRequest(OzoneManagerProtocolServerSideTranslatorPB.java:147)
	at org.apache.hadoop.ozone.protocol.proto.OzoneManagerProtocolProtos$OzoneManagerService$2.callBlockingMethod(OzoneManagerProtocolProtos.java)
	at org.apache.hadoop.ipc.ProtobufRpcEngine$Server.processCall(ProtobufRpcEngine.java:465)
	at org.apache.hadoop.ipc.ProtobufRpcEngine2$Server$ProtoBufRpcInvoker.call(ProtobufRpcEngine2.java:578)
	at org.apache.hadoop.ipc.ProtobufRpcEngine2$Server$ProtoBufRpcInvoker.call(ProtobufRpcEngine2.java:556)
	at org.apache.hadoop.ipc.RPC$Server.call(RPC.java:1093)
	at org.apache.hadoop.ipc.Server$RpcCall.run(Server.java:1043)
	at org.apache.hadoop.ipc.Server$RpcCall.run(Server.java:971)
	at java.security.AccessController.doPrivileged(Native Method)
	at javax.security.auth.Subject.doAs(Subject.java:422)
	at org.apache.hadoop.security.UserGroupInformation.doAs(UserGroupInformation.java:1878)
	at org.apache.hadoop.ipc.Server$Handler.run(Server.java:2976)
, while invoking $Proxy55.submitRequest over nodeId=omNode-3,nodeAddress=127.0.0.1:45489. Trying to failover after sleeping for 2000ms.
2022-10-18 03:54:29,191 [omNode-3@group-523986131536-FollowerState] INFO  impl.FollowerState (FollowerState.java:lostMajorityHeartbeatsRecently(108)) - omNode-3@group-523986131536-FollowerState: Skipping leader election since it stepped down recently (elapsed = 9565ms < waitTime = 10s)
2022-10-18 03:54:30,282 [Listener at localhost/37159] INFO  retry.RetryInvocationHandler (RetryInvocationHandler.java:log(411)) - com.google.protobuf.ServiceException: java.net.ConnectException: Call From fv-az573-760/10.1.0.75 to localhost:35797 failed on connection exception: java.net.ConnectException: Connection refused; For more details see:  http://wiki.apache.org/hadoop/ConnectionRefused, while invoking $Proxy55.submitRequest over nodeId=omNode-1,nodeAddress=127.0.0.1:35797 after 1 failover attempts. Trying to failover immediately.
2022-10-18 03:54:30,283 [Listener at localhost/37159] INFO  retry.RetryInvocationHandler (RetryInvocationHandler.java:log(411)) - com.google.protobuf.ServiceException: java.net.ConnectException: Call From fv-az573-760/10.1.0.75 to localhost:37159 failed on connection exception: java.net.ConnectException: Connection refused; For more details see:  http://wiki.apache.org/hadoop/ConnectionRefused, while invoking $Proxy55.submitRequest over nodeId=omNode-2,nodeAddress=127.0.0.1:37159 after 2 failover attempts. Trying to failover immediately.
2022-10-18 03:54:30,286 [Listener at localhost/37159] INFO  retry.RetryInvocationHandler (RetryInvocationHandler.java:log(411)) - com.google.protobuf.ServiceException: org.apache.hadoop.ipc.RemoteException(org.apache.hadoop.ozone.om.exceptions.OMNotLeaderException): OM:omNode-3 is not the leader. Could not determine the leader node.
	at org.apache.hadoop.ozone.om.OzoneManager.checkLeaderStatus(OzoneManager.java:4115)
	at org.apache.hadoop.ozone.om.ratis.utils.OzoneManagerRatisUtils.checkLeaderStatus(OzoneManagerRatisUtils.java:446)
	at org.apache.hadoop.ozone.protocolPB.OzoneManagerProtocolServerSideTranslatorPB.processRequest(OzoneManagerProtocolServerSideTranslatorPB.java:181)
	at org.apache.hadoop.hdds.server.OzoneProtocolMessageDispatcher.processRequest(OzoneProtocolMessageDispatcher.java:87)
	at org.apache.hadoop.ozone.protocolPB.OzoneManagerProtocolServerSideTranslatorPB.submitRequest(OzoneManagerProtocolServerSideTranslatorPB.java:147)
	at org.apache.hadoop.ozone.protocol.proto.OzoneManagerProtocolProtos$OzoneManagerService$2.callBlockingMethod(OzoneManagerProtocolProtos.java)
	at org.apache.hadoop.ipc.ProtobufRpcEngine$Server.processCall(ProtobufRpcEngine.java:465)
	at org.apache.hadoop.ipc.ProtobufRpcEngine2$Server$ProtoBufRpcInvoker.call(ProtobufRpcEngine2.java:578)
	at org.apache.hadoop.ipc.ProtobufRpcEngine2$Server$ProtoBufRpcInvoker.call(ProtobufRpcEngine2.java:556)
	at org.apache.hadoop.ipc.RPC$Server.call(RPC.java:1093)
	at org.apache.hadoop.ipc.Server$RpcCall.run(Server.java:1043)
	at org.apache.hadoop.ipc.Server$RpcCall.run(Server.java:971)
	at java.security.AccessController.doPrivileged(Native Method)
	at javax.security.auth.Subject.doAs(Subject.java:422)
	at org.apache.hadoop.security.UserGroupInformation.doAs(UserGroupInformation.java:1878)
	at org.apache.hadoop.ipc.Server$Handler.run(Server.java:2976)
, while invoking $Proxy55.submitRequest over nodeId=omNode-3,nodeAddress=127.0.0.1:45489 after 3 failover attempts. Trying to failover after sleeping for 2000ms.
2022-10-18 03:54:30,313 [omNode-3@group-523986131536-FollowerState] INFO  impl.FollowerState (FollowerState.java:run(143)) - omNode-3@group-523986131536-FollowerState: change to CANDIDATE, lastRpcElapsedTime:10687284585ns, electionTimeout:1121ms
2022-10-18 03:54:30,313 [omNode-3@group-523986131536-FollowerState] INFO  impl.RoleInfo (RoleInfo.java:shutdownFollowerState(110)) - omNode-3: shutdown omNode-3@group-523986131536-FollowerState
2022-10-18 03:54:30,313 [omNode-3@group-523986131536-FollowerState] INFO  server.RaftServer$Division (RaftServerImpl.java:setRole(299)) - omNode-3@group-523986131536: changes role from  FOLLOWER to CANDIDATE at term 10 for changeToCandidate
2022-10-18 03:54:30,313 [omNode-3@group-523986131536-FollowerState] INFO  server.RaftServerConfigKeys (ConfUtils.java:logGet(46)) - raft.server.leaderelection.pre-vote = false (custom)
2022-10-18 03:54:30,313 [omNode-3@group-523986131536-FollowerState] INFO  impl.RoleInfo (RoleInfo.java:updateAndGet(139)) - omNode-3: start omNode-3@group-523986131536-LeaderElection18
2022-10-18 03:54:30,314 [omNode-3@group-523986131536-LeaderElection18] INFO  server.RaftServer$Division (ServerState.java:setLeader(287)) - omNode-3@group-523986131536: change Leader from omNode-3 to null at term 10 for ELECTION
2022-10-18 03:54:30,316 [omNode-3@group-523986131536-LeaderElection18] INFO  impl.LeaderElection (LeaderElection.java:askForVotes(310)) - omNode-3@group-523986131536-LeaderElection18 ELECTION round 0: submit vote requests at term 11 for 147: [omNode-3|rpc:localhost:44279|admin:|client:|dataStream:|priority:0, omNode-1|rpc:localhost:42747|admin:|client:|dataStream:|priority:0, omNode-2|rpc:localhost:37241|admin:|client:|dataStream:|priority:0], old=null
2022-10-18 03:54:30,317 [omNode-3@group-523986131536-LeaderElection18] INFO  impl.LeaderElection (LogUtils.java:infoOrTrace(137)) - omNode-3@group-523986131536-LeaderElection18 got exception when requesting votes: java.util.concurrent.ExecutionException: org.apache.ratis.thirdparty.io.grpc.StatusRuntimeException: UNAVAILABLE: io exception
2022-10-18 03:54:30,317 [omNode-3@group-523986131536-LeaderElection18] INFO  impl.LeaderElection (LogUtils.java:infoOrTrace(137)) - omNode-3@group-523986131536-LeaderElection18 got exception when requesting votes: java.util.concurrent.ExecutionException: org.apache.ratis.thirdparty.io.grpc.StatusRuntimeException: UNAVAILABLE: io exception
2022-10-18 03:54:30,317 [omNode-3@group-523986131536-LeaderElection18] INFO  impl.LeaderElection (LeaderElection.java:logAndReturn(90)) - omNode-3@group-523986131536-LeaderElection18: ELECTION REJECTED received 0 response(s) and 2 exception(s):
2022-10-18 03:54:30,317 [omNode-3@group-523986131536-LeaderElection18] INFO  impl.LeaderElection (LogUtils.java:infoOrTrace(137)) -   Exception 0: java.util.concurrent.ExecutionException: org.apache.ratis.thirdparty.io.grpc.StatusRuntimeException: UNAVAILABLE: io exception
2022-10-18 03:54:30,317 [omNode-3@group-523986131536-LeaderElection18] INFO  impl.LeaderElection (LogUtils.java:infoOrTrace(137)) -   Exception 1: java.util.concurrent.ExecutionException: org.apache.ratis.thirdparty.io.grpc.StatusRuntimeException: UNAVAILABLE: io exception
2022-10-18 03:54:30,317 [omNode-3@group-523986131536-LeaderElection18] INFO  impl.LeaderElection (LeaderElection.java:askForVotes(312)) - omNode-3@group-523986131536-LeaderElection18 ELECTION round 0: result REJECTED
2022-10-18 03:54:30,318 [omNode-3@group-523986131536-LeaderElection18] INFO  server.RaftServer$Division (RaftServerImpl.java:setRole(299)) - omNode-3@group-523986131536: changes role from CANDIDATE to FOLLOWER at term 11 for REJECTED
2022-10-18 03:54:30,318 [omNode-3@group-523986131536-LeaderElection18] INFO  impl.RoleInfo (RoleInfo.java:shutdownLeaderElection(130)) - omNode-3: shutdown omNode-3@group-523986131536-LeaderElection18
2022-10-18 03:54:30,318 [omNode-3@group-523986131536-LeaderElection18] INFO  impl.RoleInfo (RoleInfo.java:updateAndGet(139)) - omNode-3: start omNode-3@group-523986131536-FollowerState
2022-10-18 03:54:31,380 [omNode-3@group-523986131536-FollowerState] INFO  impl.FollowerState (FollowerState.java:run(143)) - omNode-3@group-523986131536-FollowerState: change to CANDIDATE, lastRpcElapsedTime:1062338493ns, electionTimeout:1062ms
2022-10-18 03:54:31,380 [omNode-3@group-523986131536-FollowerState] INFO  impl.RoleInfo (RoleInfo.java:shutdownFollowerState(110)) - omNode-3: shutdown omNode-3@group-523986131536-FollowerState
2022-10-18 03:54:31,380 [omNode-3@group-523986131536-FollowerState] INFO  server.RaftServer$Division (RaftServerImpl.java:setRole(299)) - omNode-3@group-523986131536: changes role from  FOLLOWER to CANDIDATE at term 11 for changeToCandidate
2022-10-18 03:54:31,380 [omNode-3@group-523986131536-FollowerState] INFO  server.RaftServerConfigKeys (ConfUtils.java:logGet(46)) - raft.server.leaderelection.pre-vote = false (custom)
2022-10-18 03:54:31,380 [omNode-3@group-523986131536-FollowerState] INFO  impl.RoleInfo (RoleInfo.java:updateAndGet(139)) - omNode-3: start omNode-3@group-523986131536-LeaderElection19
2022-10-18 03:54:31,384 [omNode-3@group-523986131536-LeaderElection19] INFO  impl.LeaderElection (LeaderElection.java:askForVotes(310)) - omNode-3@group-523986131536-LeaderElection19 ELECTION round 0: submit vote requests at term 12 for 147: [omNode-3|rpc:localhost:44279|admin:|client:|dataStream:|priority:0, omNode-1|rpc:localhost:42747|admin:|client:|dataStream:|priority:0, omNode-2|rpc:localhost:37241|admin:|client:|dataStream:|priority:0], old=null
2022-10-18 03:54:31,384 [omNode-3@group-523986131536-LeaderElection19] INFO  impl.LeaderElection (LogUtils.java:infoOrTrace(137)) - omNode-3@group-523986131536-LeaderElection19 got exception when requesting votes: java.util.concurrent.ExecutionException: org.apache.ratis.thirdparty.io.grpc.StatusRuntimeException: UNAVAILABLE: io exception
2022-10-18 03:54:31,384 [omNode-3@group-523986131536-LeaderElection19] INFO  impl.LeaderElection (LogUtils.java:infoOrTrace(137)) - omNode-3@group-523986131536-LeaderElection19 got exception when requesting votes: java.util.concurrent.ExecutionException: org.apache.ratis.thirdparty.io.grpc.StatusRuntimeException: UNAVAILABLE: io exception
2022-10-18 03:54:31,385 [omNode-3@group-523986131536-LeaderElection19] INFO  impl.LeaderElection (LeaderElection.java:logAndReturn(90)) - omNode-3@group-523986131536-LeaderElection19: ELECTION REJECTED received 0 response(s) and 2 exception(s):
2022-10-18 03:54:31,385 [omNode-3@group-523986131536-LeaderElection19] INFO  impl.LeaderElection (LogUtils.java:infoOrTrace(137)) -   Exception 0: java.util.concurrent.ExecutionException: org.apache.ratis.thirdparty.io.grpc.StatusRuntimeException: UNAVAILABLE: io exception
2022-10-18 03:54:31,385 [omNode-3@group-523986131536-LeaderElection19] INFO  impl.LeaderElection (LogUtils.java:infoOrTrace(137)) -   Exception 1: java.util.concurrent.ExecutionException: org.apache.ratis.thirdparty.io.grpc.StatusRuntimeException: UNAVAILABLE: io exception
2022-10-18 03:54:31,385 [omNode-3@group-523986131536-LeaderElection19] INFO  impl.LeaderElection (LeaderElection.java:askForVotes(312)) - omNode-3@group-523986131536-LeaderElection19 ELECTION round 0: result REJECTED
2022-10-18 03:54:31,385 [omNode-3@group-523986131536-LeaderElection19] INFO  server.RaftServer$Division (RaftServerImpl.java:setRole(299)) - omNode-3@group-523986131536: changes role from CANDIDATE to FOLLOWER at term 12 for REJECTED
2022-10-18 03:54:31,385 [omNode-3@group-523986131536-LeaderElection19] INFO  impl.RoleInfo (RoleInfo.java:shutdownLeaderElection(130)) - omNode-3: shutdown omNode-3@group-523986131536-LeaderElection19
2022-10-18 03:54:31,385 [omNode-3@group-523986131536-LeaderElection19] INFO  impl.RoleInfo (RoleInfo.java:updateAndGet(139)) - omNode-3: start omNode-3@group-523986131536-FollowerState
2022-10-18 03:54:32,288 [Listener at localhost/37159] INFO  retry.RetryInvocationHandler (RetryInvocationHandler.java:log(411)) - com.google.protobuf.ServiceException: java.net.ConnectException: Call From fv-az573-760/10.1.0.75 to localhost:35797 failed on connection exception: java.net.ConnectException: Connection refused; For more details see:  http://wiki.apache.org/hadoop/ConnectionRefused, while invoking $Proxy55.submitRequest over nodeId=omNode-1,nodeAddress=127.0.0.1:35797 after 4 failover attempts. Trying to failover immediately.
2022-10-18 03:54:32,288 [Listener at localhost/37159] ERROR ha.OMFailoverProxyProviderBase (OMFailoverProxyProviderBase.java:getRetryAction(211)) - Failed to connect to OMs: [omNode-1, omNode-2, omNode-3]. Attempted 5 failovers.
2022-10-18 03:54:32,290 [Listener at localhost/37159] INFO  om.OzoneManager (OzoneManager.java:stop(2034)) - omNode-3[localhost:45489]: Stopping Ozone Manager
2022-10-18 03:54:32,290 [Listener at localhost/37159] INFO  ipc.Server (Server.java:stop(3428)) - Stopping server on 45489
2022-10-18 03:54:32,291 [IPC Server listener on 45489] INFO  ipc.Server (Server.java:run(1384)) - Stopping IPC Server listener on 45489
2022-10-18 03:54:32,293 [IPC Server Responder] INFO  ipc.Server (Server.java:run(1517)) - Stopping IPC Server Responder
2022-10-18 03:54:32,294 [Listener at localhost/37159] INFO  server.RaftServer (RaftServerProxy.java:lambda$close$7(398)) - omNode-3: close
2022-10-18 03:54:32,294 [Listener at localhost/37159] INFO  server.RaftServer$Division (RaftServerImpl.java:lambda$close$4(434)) - omNode-3@group-523986131536: shutdown
2022-10-18 03:54:32,294 [Listener at localhost/37159] INFO  util.JmxRegister (JmxRegister.java:unregister(73)) - Successfully un-registered JMX Bean with object name Ratis:service=RaftServer,group=group-523986131536,id=omNode-3
2022-10-18 03:54:32,294 [Listener at localhost/37159] INFO  impl.RoleInfo (RoleInfo.java:shutdownFollowerState(110)) - omNode-3: shutdown omNode-3@group-523986131536-FollowerState
2022-10-18 03:54:32,295 [omNode-3@group-523986131536-FollowerState] INFO  impl.FollowerState (FollowerState.java:run(152)) - omNode-3@group-523986131536-FollowerState was interrupted
2022-10-18 03:54:32,295 [Listener at localhost/37159] INFO  impl.StateMachineUpdater (StateMachineUpdater.java:stopAndJoin(153)) - omNode-3@group-523986131536-StateMachineUpdater: set stopIndex = 148
2022-10-18 03:54:32,296 [omNode-3@group-523986131536-StateMachineUpdater] INFO  ratis.OzoneManagerStateMachine (OzoneManagerStateMachine.java:takeSnapshot(441)) - Current Snapshot Index (t:10, i:148)
2022-10-18 03:54:32,296 [omNode-3@group-523986131536-StateMachineUpdater] INFO  impl.StateMachineUpdater (StateMachineUpdater.java:takeSnapshot(287)) - omNode-3@group-523986131536-StateMachineUpdater: Took a snapshot at index 148
2022-10-18 03:54:32,296 [omNode-3@group-523986131536-StateMachineUpdater] INFO  impl.StateMachineUpdater (StateMachineUpdater.java:lambda$new$0(92)) - omNode-3@group-523986131536-StateMachineUpdater: snapshotIndex: updateIncreasingly 144 -> 148
2022-10-18 03:54:32,296 [omNode-3@group-523986131536-StateMachineUpdater] INFO  raftlog.RaftLog (RaftLogBase.java:purge(308)) - omNode-3@group-523986131536-SegmentedRaftLog: purge 148
2022-10-18 03:54:32,296 [omNode-3@group-523986131536-StateMachineUpdater] INFO  raftlog.RaftLog (RaftLogBase.java:lambda$new$0(53)) - omNode-3@group-523986131536-SegmentedRaftLog: snapshotIndex: updateIncreasingly 144 -> 148
2022-10-18 03:54:32,296 [omNode-3@group-523986131536-StateMachineUpdater] INFO  ratis.OzoneManagerStateMachine (OzoneManagerStateMachine.java:close(495)) - StateMachine has shutdown. Shutdown OzoneManager if not already shutdown.
2022-10-18 03:54:32,296 [omNode-3@group-523986131536-StateMachineUpdater] INFO  ratis.OzoneManagerDoubleBuffer (OzoneManagerDoubleBuffer.java:stop(466)) - Stopping OMDoubleBuffer flush thread
2022-10-18 03:54:32,297 [omNode-3@group-523986131536-SegmentedRaftLogWorker] INFO  raftlog.RaftLog (RaftLogBase.java:lambda$new$0(53)) - omNode-3@group-523986131536-SegmentedRaftLog: purgeIndex: updateToMax old=60, new=146, updated? true
2022-10-18 03:54:32,297 [OMDoubleBufferFlushThread] INFO  ratis.OzoneManagerDoubleBuffer (OzoneManagerDoubleBuffer.java:flushTransactions(385)) - OMDoubleBuffer flush thread OMDoubleBufferFlushThread is interrupted and will exit.
2022-10-18 03:54:32,303 [Listener at localhost/37159] INFO  server.RaftServer$Division (ServerState.java:close(429)) - omNode-3@group-523986131536: closes. applyIndex: 148
2022-10-18 03:54:32,303 [omNode-3@group-523986131536-SegmentedRaftLogWorker] INFO  segmented.SegmentedRaftLogWorker (SegmentedRaftLogWorker.java:run(336)) - omNode-3@group-523986131536-SegmentedRaftLogWorker was interrupted, exiting. There are 0 tasks remaining in the queue.
2022-10-18 03:54:32,304 [Listener at localhost/37159] INFO  segmented.SegmentedRaftLogWorker (SegmentedRaftLogWorker.java:close(246)) - omNode-3@group-523986131536-SegmentedRaftLogWorker close()
2022-10-18 03:54:32,306 [Listener at localhost/37159] INFO  server.GrpcService (GrpcService.java:closeImpl(269)) - omNode-3: shutdown server with port 44279 now
2022-10-18 03:54:32,308 [Listener at localhost/37159] INFO  server.GrpcService (GrpcService.java:closeImpl(278)) - omNode-3: shutdown server with port 44279 successfully
2022-10-18 03:54:32,308 [org.apache.ratis.util.JvmPauseMonitor$$Lambda$703/726954313@13e1191a] INFO  util.JvmPauseMonitor (JvmPauseMonitor.java:run(109)) - JvmPauseMonitor-omNode-3: Stopped
2022-10-18 03:54:32,308 [Listener at localhost/37159] INFO  ratis.OzoneManagerStateMachine (OzoneManagerStateMachine.java:close(495)) - StateMachine has shutdown. Shutdown OzoneManager if not already shutdown.
2022-10-18 03:54:32,309 [Listener at localhost/37159] INFO  ratis.OzoneManagerDoubleBuffer (OzoneManagerDoubleBuffer.java:stop(478)) - OMDoubleBuffer flush thread is not running.
2022-10-18 03:54:32,309 [Listener at localhost/37159] INFO  handler.ContextHandler (ContextHandler.java:doStop(1153)) - Stopped o.e.j.w.WebAppContext@2ef35e7d{ozoneManager,/,null,STOPPED}{file:/home/runner/work/ozone/ozone/hadoop-ozone/integration-test/target/test-classes/webapps/ozoneManager}
2022-10-18 03:54:32,310 [Listener at localhost/37159] INFO  server.AbstractConnector (AbstractConnector.java:doStop(381)) - Stopped ServerConnector@66b4a0e4{HTTP/1.1, (http/1.1)}{0.0.0.0:34765}
2022-10-18 03:54:32,310 [Listener at localhost/37159] INFO  server.session (HouseKeeper.java:stopScavenging(149)) - node0 Stopped scavenging
2022-10-18 03:54:32,311 [Listener at localhost/37159] INFO  handler.ContextHandler (ContextHandler.java:doStop(1153)) - Stopped o.e.j.s.ServletContextHandler@1cebd5fd{static,/static,file:///home/runner/work/ozone/ozone/hadoop-ozone/integration-test/target/test-classes/webapps/static,STOPPED}
2022-10-18 03:54:32,311 [Listener at localhost/37159] INFO  handler.ContextHandler (ContextHandler.java:doStop(1153)) - Stopped o.e.j.s.ServletContextHandler@4c954ace{logs,/logs,file:///home/runner/work/ozone/ozone/hadoop-ozone/integration-test/target/log,STOPPED}
2022-10-18 03:54:32,314 [Listener at localhost/37159] INFO  om.OzoneManager (OzoneManager.java:restart(1571)) - OzoneManager RPC server is listening at localhost/127.0.0.1:45489
2022-10-18 03:54:32,315 [Listener at localhost/37159] INFO  impl.MetricsSystemImpl (MetricsSystemImpl.java:init(158)) - OzoneManager metrics system started (again)
2022-10-18 03:54:32,328 [Listener at localhost/37159] WARN  server.ServerUtils (ServerUtils.java:getDBPath(225)) - ozone.om.db.dirs is not configured. We recommend adding this setting. Falling back to ozone.metadata.dirs instead.
2022-10-18 03:54:32,328 [Listener at localhost/37159] INFO  codec.OmKeyInfoCodec (OmKeyInfoCodec.java:<init>(49)) - OmKeyInfoCodec ignorePipeline = true
2022-10-18 03:54:32,328 [Listener at localhost/37159] INFO  codec.RepeatedOmKeyInfoCodec (RepeatedOmKeyInfoCodec.java:<init>(41)) - RepeatedOmKeyInfoCodec ignorePipeline = true
2022-10-18 03:54:32,373 [Listener at localhost/37159] INFO  om.OzoneManager (OzoneManager.java:instantiateServices(712)) - S3 Multi-Tenancy is disabled
2022-10-18 03:54:32,378 [Listener at localhost/37159] WARN  server.ServerUtils (ServerUtils.java:getDefaultRatisDirectory(237)) - Storage directory for Ratis is not configured. It is a good idea to map this to an SSD disk. Falling back to ozone.metadata.dirs
2022-10-18 03:54:32,379 [Listener at localhost/37159] INFO  ratis.OzoneManagerRatisServer (OzoneManagerRatisServer.java:<init>(160)) - Instantiating OM Ratis server with groupID: om-service-test1 and peers: localhost:44279, localhost:42747, localhost:37241
2022-10-18 03:54:32,382 [Listener at localhost/37159] INFO  ratis.OzoneManagerStateMachine (OzoneManagerStateMachine.java:loadSnapshotInfoFromDB(632)) - LastAppliedIndex is set from TransactionInfo from OM DB as (t:10, i:148)
2022-10-18 03:54:32,386 [Listener at localhost/37159] INFO  server.RaftServer (ConfUtils.java:logGet(46)) - raft.rpc.type = GRPC (default)
2022-10-18 03:54:32,386 [Listener at localhost/37159] INFO  grpc.GrpcFactory (GrpcFactory.java:checkPooledByteBufAllocatorUseCacheForAllThreads(48)) - PERFORMANCE WARNING: useCacheForAllThreads is true that may cause Netty to create a lot garbage objects and, as a result, trigger GC.
	It is recommended to disable useCacheForAllThreads by setting -Dorg.apache.ratis.thirdparty.io.netty.allocator.useCacheForAllThreads=false in command line.
2022-10-18 03:54:32,386 [Listener at localhost/37159] INFO  grpc.GrpcConfigKeys (ConfUtils.java:logGet(46)) - raft.grpc.admin.port = -1 (default)
2022-10-18 03:54:32,387 [Listener at localhost/37159] INFO  grpc.GrpcConfigKeys (ConfUtils.java:logGet(46)) - raft.grpc.server.port = 44279 (custom)
2022-10-18 03:54:32,387 [Listener at localhost/37159] INFO  grpc.GrpcConfigKeys (ConfUtils.java:logGet(46)) - raft.grpc.client.port = -1 (default)
2022-10-18 03:54:32,387 [Listener at localhost/37159] INFO  grpc.GrpcConfigKeys (ConfUtils.java:logGet(46)) - raft.grpc.server.port = 44279 (custom)
2022-10-18 03:54:32,387 [Listener at localhost/37159] INFO  grpc.GrpcConfigKeys (ConfUtils.java:logGet(46)) - raft.grpc.server.port = 44279 (custom)
2022-10-18 03:54:32,387 [Listener at localhost/37159] INFO  server.GrpcService (ConfUtils.java:logGet(46)) - raft.grpc.message.size.max = 33554432 (custom)
2022-10-18 03:54:32,387 [Listener at localhost/37159] INFO  server.RaftServerConfigKeys (ConfUtils.java:logGet(46)) - raft.server.log.appender.buffer.byte-limit = 33554432 (custom)
2022-10-18 03:54:32,388 [Listener at localhost/37159] INFO  server.GrpcService (ConfUtils.java:logGet(46)) - raft.grpc.flow.control.window = 1MB (=1048576) (default)
2022-10-18 03:54:32,388 [Listener at localhost/37159] INFO  server.RaftServerConfigKeys (ConfUtils.java:logGet(46)) - raft.server.rpc.request.timeout = 3000ms (default)
2022-10-18 03:54:32,388 [Listener at localhost/37159] INFO  grpc.GrpcConfigKeys (ConfUtils.java:logGet(46)) - raft.grpc.server.async.request.thread.pool.cached = true (default)
2022-10-18 03:54:32,388 [Listener at localhost/37159] INFO  grpc.GrpcConfigKeys (ConfUtils.java:logGet(46)) - raft.grpc.server.async.request.thread.pool.size = 32 (default)
2022-10-18 03:54:32,389 [Listener at localhost/37159] INFO  impl.DataStreamServerImpl (ConfUtils.java:logGet(46)) - raft.datastream.type = DISABLED (default)
2022-10-18 03:54:32,390 [Listener at localhost/37159] INFO  server.RaftServerConfigKeys (ConfUtils.java:logGet(46)) - raft.server.threadpool.proxy.cached = true (default)
2022-10-18 03:54:32,390 [Listener at localhost/37159] INFO  server.RaftServerConfigKeys (ConfUtils.java:logGet(46)) - raft.server.threadpool.proxy.size = 0 (default)
2022-10-18 03:54:32,390 [Listener at localhost/37159] INFO  server.RaftServerConfigKeys (ConfUtils.java:logGet(46)) - raft.server.rpc.slowness.timeout = 2s (custom)
2022-10-18 03:54:32,391 [Listener at localhost/37159] INFO  server.RaftServerConfigKeys (ConfUtils.java:logGet(46)) - raft.server.leaderelection.leader.step-down.wait-time = 10s (default)
2022-10-18 03:54:32,391 [Listener at localhost/37159] INFO  server.RaftServerConfigKeys (ConfUtils.java:logGet(46)) - raft.server.storage.dir = [/home/runner/work/ozone/ozone/hadoop-ozone/integration-test/target/test-dir/MiniOzoneClusterImpl-5cdafbed-51d9-4f54-a43e-7c7e014ba032/omNode-3/ratis] (custom)
2022-10-18 03:54:32,394 [omNode-3-impl-thread1] INFO  server.RaftServer (RaftServerProxy.java:initGroupDir(247)) - omNode-3: found a subdirectory /home/runner/work/ozone/ozone/hadoop-ozone/integration-test/target/test-dir/MiniOzoneClusterImpl-5cdafbed-51d9-4f54-a43e-7c7e014ba032/omNode-3/ratis/c9bc4cf4-3bc3-3c60-a66b-523986131536
2022-10-18 03:54:32,394 [Listener at localhost/37159] INFO  server.RaftServer (RaftServerProxy.java:addNew(96)) - omNode-3: addNew group-523986131536:[omNode-3|rpc:localhost:44279|priority:0, omNode-1|rpc:localhost:42747|priority:0, omNode-2|rpc:localhost:37241|priority:0] returns group-523986131536:java.util.concurrent.CompletableFuture@4a00533a[Not completed]
2022-10-18 03:54:32,394 [Listener at localhost/37159] INFO  om.OzoneManager (OzoneManager.java:initializeRatisServer(1975)) - OzoneManager Ratis server initialized at port 44279
2022-10-18 03:54:32,394 [Listener at localhost/37159] INFO  ratis.OzoneManagerRatisServer (OzoneManagerRatisServer.java:start(555)) - Starting OzoneManagerRatisServer omNode-3 at port 44279
2022-10-18 03:54:32,395 [pool-513-thread-1] INFO  server.RaftServer$Division (RaftServerImpl.java:<init>(190)) - omNode-3: new RaftServerImpl for group-523986131536:[omNode-3|rpc:localhost:44279|priority:0, omNode-1|rpc:localhost:42747|priority:0, omNode-2|rpc:localhost:37241|priority:0] with OzoneManagerStateMachine:uninitialized
2022-10-18 03:54:32,395 [pool-513-thread-1] INFO  server.RaftServerConfigKeys (ConfUtils.java:logGet(46)) - raft.server.rpc.timeout.min = 1s (custom)
2022-10-18 03:54:32,395 [pool-513-thread-1] INFO  server.RaftServerConfigKeys (ConfUtils.java:logGet(46)) - raft.server.rpc.timeout.max = 1200ms (custom)
2022-10-18 03:54:32,395 [pool-513-thread-1] INFO  server.RaftServerConfigKeys (ConfUtils.java:logGet(46)) - raft.server.rpc.sleep.time = 25ms (default)
2022-10-18 03:54:32,395 [pool-513-thread-1] INFO  server.RaftServerConfigKeys (ConfUtils.java:logGet(46)) - raft.server.rpc.slowness.timeout = 2s (custom)
2022-10-18 03:54:32,395 [pool-513-thread-1] INFO  server.RaftServerConfigKeys (ConfUtils.java:logGet(46)) - raft.server.leaderelection.leader.step-down.wait-time = 10s (default)
2022-10-18 03:54:32,395 [pool-513-thread-1] INFO  server.RaftServerConfigKeys (ConfUtils.java:logGet(46)) - raft.server.sleep.deviation.threshold = 300ms (default)
2022-10-18 03:54:32,395 [pool-513-thread-1] INFO  server.RaftServer$Division (ServerState.java:<init>(107)) - omNode-3@group-523986131536: ConfigurationManager, init=-1: [omNode-3|rpc:localhost:44279|priority:0, omNode-1|rpc:localhost:42747|priority:0, omNode-2|rpc:localhost:37241|priority:0], old=null, confs=<EMPTY_MAP>
2022-10-18 03:54:32,395 [pool-513-thread-1] INFO  server.RaftServerConfigKeys (ConfUtils.java:logGet(46)) - raft.server.storage.dir = [/home/runner/work/ozone/ozone/hadoop-ozone/integration-test/target/test-dir/MiniOzoneClusterImpl-5cdafbed-51d9-4f54-a43e-7c7e014ba032/omNode-3/ratis] (custom)
2022-10-18 03:54:32,395 [pool-513-thread-1] INFO  server.RaftServerConfigKeys (ConfUtils.java:logGet(46)) - raft.server.log.corruption.policy = EXCEPTION (default)
2022-10-18 03:54:32,395 [pool-513-thread-1] INFO  server.RaftServerConfigKeys (ConfUtils.java:logGet(46)) - raft.server.storage.free-space.min = 0MB (=0) (default)
2022-10-18 03:54:32,397 [pool-513-thread-1] INFO  storage.RaftStorageDirectory (RaftStorageDirectoryImpl.java:tryLock(230)) - Lock on /home/runner/work/ozone/ozone/hadoop-ozone/integration-test/target/test-dir/MiniOzoneClusterImpl-5cdafbed-51d9-4f54-a43e-7c7e014ba032/omNode-3/ratis/c9bc4cf4-3bc3-3c60-a66b-523986131536/in_use.lock acquired by nodename 30743@fv-az573-760
2022-10-18 03:54:32,397 [pool-513-thread-1] INFO  storage.RaftStorage (RaftStorageImpl.java:analyzeAndRecoverStorage(110)) - Read RaftStorageMetadata{term=12, votedFor=omNode-3} from /home/runner/work/ozone/ozone/hadoop-ozone/integration-test/target/test-dir/MiniOzoneClusterImpl-5cdafbed-51d9-4f54-a43e-7c7e014ba032/omNode-3/ratis/c9bc4cf4-3bc3-3c60-a66b-523986131536/current/raft-meta
2022-10-18 03:54:32,397 [pool-513-thread-1] INFO  server.RaftServer$Division (ServerState.java:setRaftConf(393)) - omNode-3@group-523986131536: set configuration 147: [omNode-3|rpc:localhost:44279|admin:|client:|dataStream:|priority:0, omNode-1|rpc:localhost:42747|admin:|client:|dataStream:|priority:0, omNode-2|rpc:localhost:37241|admin:|client:|dataStream:|priority:0], old=null
2022-10-18 03:54:32,398 [pool-513-thread-1] INFO  server.RaftServerConfigKeys (ConfUtils.java:logGet(46)) - raft.server.notification.no-leader.timeout = 2s (custom)
2022-10-18 03:54:32,398 [pool-513-thread-1] INFO  server.RaftServerConfigKeys (ConfUtils.java:logGet(46)) - raft.server.log.use.memory = false (default)
2022-10-18 03:54:32,398 [pool-513-thread-1] INFO  server.RaftServerConfigKeys (ConfUtils.java:logGet(46)) - raft.server.log.purge.gap = 50 (custom)
2022-10-18 03:54:32,398 [pool-513-thread-1] INFO  server.RaftServerConfigKeys (ConfUtils.java:logGet(46)) - raft.server.log.appender.buffer.byte-limit = 33554432 (custom)
2022-10-18 03:54:32,398 [pool-513-thread-1] INFO  server.RaftServerConfigKeys (ConfUtils.java:logGet(46)) - raft.server.log.statemachine.data.read.timeout = 1000ms (default)
2022-10-18 03:54:32,398 [pool-513-thread-1] INFO  server.RaftServerConfigKeys (ConfUtils.java:logGet(46)) - raft.server.log.segment.size.max = 4194304 (custom)
2022-10-18 03:54:32,399 [pool-513-thread-1] INFO  server.RaftServerConfigKeys (ConfUtils.java:logGet(46)) - raft.server.log.segment.cache.num.max = 2 (custom)
2022-10-18 03:54:32,399 [pool-513-thread-1] INFO  server.RaftServerConfigKeys (ConfUtils.java:logGet(46)) - raft.server.log.segment.cache.size.max = 200MB (=209715200) (default)
2022-10-18 03:54:32,399 [pool-513-thread-1] INFO  segmented.SegmentedRaftLogWorker (SegmentedRaftLogWorker.java:<init>(187)) - new omNode-3@group-523986131536-SegmentedRaftLogWorker for RaftStorageImpl:Storage Directory /home/runner/work/ozone/ozone/hadoop-ozone/integration-test/target/test-dir/MiniOzoneClusterImpl-5cdafbed-51d9-4f54-a43e-7c7e014ba032/omNode-3/ratis/c9bc4cf4-3bc3-3c60-a66b-523986131536
2022-10-18 03:54:32,399 [pool-513-thread-1] INFO  server.RaftServerConfigKeys (ConfUtils.java:logGet(46)) - raft.server.log.queue.byte-limit = 64MB (=67108864) (default)
2022-10-18 03:54:32,399 [pool-513-thread-1] INFO  server.RaftServerConfigKeys (ConfUtils.java:logGet(46)) - raft.server.log.queue.element-limit = 4096 (default)
2022-10-18 03:54:32,399 [pool-513-thread-1] INFO  server.RaftServerConfigKeys (ConfUtils.java:logGet(46)) - raft.server.log.segment.size.max = 4194304 (custom)
2022-10-18 03:54:32,399 [pool-513-thread-1] INFO  server.RaftServerConfigKeys (ConfUtils.java:logGet(46)) - raft.server.log.preallocated.size = 4194304 (custom)
2022-10-18 03:54:32,399 [pool-513-thread-1] INFO  server.RaftServerConfigKeys (ConfUtils.java:logGet(46)) - raft.server.log.force.sync.num = 128 (default)
2022-10-18 03:54:32,399 [pool-513-thread-1] INFO  server.RaftServerConfigKeys (ConfUtils.java:logGet(46)) - raft.server.log.statemachine.data.sync = true (default)
2022-10-18 03:54:32,399 [pool-513-thread-1] INFO  server.RaftServerConfigKeys (ConfUtils.java:logGet(46)) - raft.server.log.statemachine.data.sync.timeout = 10s (default)
2022-10-18 03:54:32,399 [pool-513-thread-1] INFO  server.RaftServerConfigKeys (ConfUtils.java:logGet(46)) - raft.server.log.statemachine.data.sync.timeout.retry = -1 (default)
2022-10-18 03:54:32,400 [pool-513-thread-1] INFO  server.RaftServerConfigKeys (ConfUtils.java:logGet(46)) - raft.server.log.write.buffer.size = 64KB (=65536) (default)
2022-10-18 03:54:32,400 [pool-513-thread-1] INFO  server.RaftServerConfigKeys (ConfUtils.java:logGet(46)) - raft.server.log.unsafe-flush.enabled = false (default)
2022-10-18 03:54:32,400 [pool-513-thread-1] INFO  server.RaftServerConfigKeys (ConfUtils.java:logGet(46)) - raft.server.log.statemachine.data.caching.enabled = false (default)
2022-10-18 03:54:32,401 [pool-513-thread-1] INFO  server.RaftServer$Division (ServerState.java:setRaftConf(393)) - omNode-3@group-523986131536: set configuration 147: [omNode-3|rpc:localhost:44279|admin:|client:|dataStream:|priority:0, omNode-1|rpc:localhost:42747|admin:|client:|dataStream:|priority:0, omNode-2|rpc:localhost:37241|admin:|client:|dataStream:|priority:0], old=null
2022-10-18 03:54:32,401 [pool-513-thread-1] INFO  segmented.LogSegment (LogSegment.java:loadSegment(173)) - Successfully read 2 entries from segment file /home/runner/work/ozone/ozone/hadoop-ozone/integration-test/target/test-dir/MiniOzoneClusterImpl-5cdafbed-51d9-4f54-a43e-7c7e014ba032/omNode-3/ratis/c9bc4cf4-3bc3-3c60-a66b-523986131536/current/log_inprogress_147
2022-10-18 03:54:32,401 [pool-513-thread-1] INFO  segmented.SegmentedRaftLogWorker (SegmentedRaftLogWorker.java:lambda$new$0(135)) - omNode-3@group-523986131536-SegmentedRaftLogWorker: flushIndex: setUnconditionally 0 -> 148
2022-10-18 03:54:32,401 [pool-513-thread-1] INFO  segmented.SegmentedRaftLogWorker (SegmentedRaftLogWorker.java:lambda$new$0(135)) - omNode-3@group-523986131536-SegmentedRaftLogWorker: safeCacheEvictIndex: setUnconditionally 0 -> -1
2022-10-18 03:54:32,402 [pool-513-thread-1] INFO  raftlog.RaftLog (RaftLogBase.java:lambda$new$0(53)) - omNode-3@group-523986131536-SegmentedRaftLog: commitIndex: updateToMax old=148, new=147, updated? false
2022-10-18 03:54:32,402 [pool-513-thread-1] INFO  raftlog.RaftLog (RaftLogBase.java:lambda$new$0(53)) - omNode-3@group-523986131536-SegmentedRaftLog: purgeIndex: updateIncreasingly -1 -> 146
2022-10-18 03:54:32,402 [pool-513-thread-1] INFO  server.RaftServerConfigKeys (ConfUtils.java:logGet(46)) - raft.server.snapshot.auto.trigger.enabled = true (custom)
2022-10-18 03:54:32,402 [pool-513-thread-1] INFO  server.RaftServerConfigKeys (ConfUtils.java:logGet(46)) - raft.server.snapshot.auto.trigger.threshold = 50 (custom)
2022-10-18 03:54:32,402 [pool-513-thread-1] INFO  server.RaftServerConfigKeys (ConfUtils.java:logGet(46)) - raft.server.snapshot.retention.file.num = -1 (default)
2022-10-18 03:54:32,402 [pool-513-thread-1] INFO  server.RaftServerConfigKeys (ConfUtils.java:logGet(46)) - raft.server.log.purge.upto.snapshot.index = true (custom)
2022-10-18 03:54:32,402 [pool-513-thread-1] INFO  server.RaftServerConfigKeys (ConfUtils.java:logGet(46)) - raft.server.retrycache.expirytime = 30000ms (custom)
2022-10-18 03:54:32,402 [pool-513-thread-1] INFO  server.RaftServerConfigKeys (ConfUtils.java:logGet(46)) - raft.server.retrycache.statistics.expirytime = 100μs (default)
2022-10-18 03:54:32,403 [pool-513-thread-1] INFO  server.RaftServerConfigKeys (ConfUtils.java:logGet(46)) - raft.server.log.appender.install.snapshot.enabled = false (custom)
2022-10-18 03:54:32,403 [pool-513-thread-1] INFO  server.RaftServerConfigKeys (ConfUtils.java:logGet(46)) - raft.server.threadpool.server.cached = true (default)
2022-10-18 03:54:32,403 [pool-513-thread-1] INFO  server.RaftServerConfigKeys (ConfUtils.java:logGet(46)) - raft.server.threadpool.server.size = 0 (default)
2022-10-18 03:54:32,403 [pool-513-thread-1] INFO  server.RaftServerConfigKeys (ConfUtils.java:logGet(46)) - raft.server.threadpool.client.cached = true (default)
2022-10-18 03:54:32,403 [pool-513-thread-1] INFO  server.RaftServerConfigKeys (ConfUtils.java:logGet(46)) - raft.server.threadpool.client.size = 0 (default)
2022-10-18 03:54:32,404 [omNode-3-impl-thread1] INFO  server.RaftServer$Division (RaftServerImpl.java:start(310)) - omNode-3@group-523986131536: start as a follower, conf=147: [omNode-3|rpc:localhost:44279|admin:|client:|dataStream:|priority:0, omNode-1|rpc:localhost:42747|admin:|client:|dataStream:|priority:0, omNode-2|rpc:localhost:37241|admin:|client:|dataStream:|priority:0], old=null
2022-10-18 03:54:32,404 [omNode-3-impl-thread1] INFO  server.RaftServer$Division (RaftServerImpl.java:setRole(299)) - omNode-3@group-523986131536: changes role from      null to FOLLOWER at term 12 for startAsFollower
2022-10-18 03:54:32,404 [omNode-3-impl-thread1] INFO  impl.RoleInfo (RoleInfo.java:updateAndGet(139)) - omNode-3: start omNode-3@group-523986131536-FollowerState
2022-10-18 03:54:32,404 [omNode-3-impl-thread1] INFO  util.JmxRegister (JmxRegister.java:tryRegister(44)) - Successfully registered JMX Bean with object name Ratis:service=RaftServer,group=group-523986131536,id=omNode-3
2022-10-18 03:54:32,405 [Listener at localhost/37159] INFO  server.RaftServer (RaftServerProxy.java:lambda$start$6(382)) - omNode-3: start RPC server
2022-10-18 03:54:32,411 [Listener at localhost/37159] INFO  server.GrpcService (GrpcService.java:startImpl(260)) - omNode-3: GrpcService started, listening on 44279
2022-10-18 03:54:32,411 [Listener at localhost/37159] INFO  om.OzoneManager (OzoneManager.java:getRpcServer(1101)) - Creating RPC Server
2022-10-18 03:54:32,411 [org.apache.ratis.util.JvmPauseMonitor$$Lambda$703/726954313@61579702] INFO  util.JvmPauseMonitor (JvmPauseMonitor.java:run(103)) - JvmPauseMonitor-omNode-3: Started
2022-10-18 03:54:32,773 [Listener at localhost/37159] INFO  reflections.Reflections (Reflections.java:scan(232)) - Reflections took 361 ms to scan 19 urls, producing 67 keys and 4238 values [using 2 cores]
2022-10-18 03:54:32,775 [Listener at localhost/37159] INFO  ipc.CallQueueManager (CallQueueManager.java:<init>(90)) - Using callQueue: class java.util.concurrent.LinkedBlockingQueue, queueCapacity: 2000, scheduler: class org.apache.hadoop.ipc.DefaultRpcScheduler, ipcBackoff: false.
2022-10-18 03:54:32,776 [Socket Reader #1 for port 45489] INFO  ipc.Server (Server.java:run(1273)) - Starting Socket Reader #1 for port 45489
2022-10-18 03:54:32,779 [Listener at localhost/45489] INFO  http.BaseHttpServer (BaseHttpServer.java:newHttpServer2BuilderForOzone(213)) - Starting Web-server for ozoneManager at: http://0.0.0.0:34765
2022-10-18 03:54:32,781 [Listener at localhost/45489] INFO  http.BaseHttpServer (BaseHttpServer.java:<init>(108)) - Hadoop Security Enabled: false Ozone Security Enabled: false Ozone HTTP Security Enabled: false 
2022-10-18 03:54:32,784 [Listener at localhost/45489] WARN  server.AuthenticationFilter (AuthenticationFilter.java:constructSecretProvider(240)) - Unable to initialize FileSignerSecretProvider, falling back to use random secrets. Reason: Could not read signature secret file: /home/runner/hadoop-http-auth-signature-secret
2022-10-18 03:54:32,785 [Listener at localhost/45489] WARN  http.HttpRequestLog (HttpRequestLog.java:getRequestLog(103)) - Jetty request log can only be enabled using Log4j
2022-10-18 03:54:32,786 [Listener at localhost/45489] INFO  http.HttpServer2 (HttpServer2.java:addGlobalFilter(1031)) - Added global filter 'safety' (class=org.apache.hadoop.hdds.server.http.HttpServer2$QuotingInputFilter)
2022-10-18 03:54:32,786 [Listener at localhost/45489] INFO  http.HttpServer2 (HttpServer2.java:addFilter(1007)) - Added filter static_user_filter (class=org.apache.hadoop.http.lib.StaticUserWebFilter$StaticUserFilter) to context ozoneManager
2022-10-18 03:54:32,787 [Listener at localhost/45489] INFO  http.HttpServer2 (HttpServer2.java:addFilter(1015)) - Added filter static_user_filter (class=org.apache.hadoop.http.lib.StaticUserWebFilter$StaticUserFilter) to context static
2022-10-18 03:54:32,787 [Listener at localhost/45489] INFO  http.HttpServer2 (HttpServer2.java:addFilter(1015)) - Added filter static_user_filter (class=org.apache.hadoop.http.lib.StaticUserWebFilter$StaticUserFilter) to context logs
2022-10-18 03:54:32,787 [Listener at localhost/45489] INFO  http.HttpServer2 (HttpServer2.java:bindListener(1250)) - Jetty bound to port 34765
2022-10-18 03:54:32,788 [Listener at localhost/45489] INFO  server.Server (Server.java:doStart(375)) - jetty-9.4.43.v20210629; built: 2021-06-30T11:07:22.254Z; git: 526006ecfa3af7f1a27ef3a288e2bef7ea9dd7e8; jvm 1.8.0_345-b01
2022-10-18 03:54:32,792 [Listener at localhost/45489] INFO  server.session (DefaultSessionIdManager.java:doStart(334)) - DefaultSessionIdManager workerName=node0
2022-10-18 03:54:32,792 [Listener at localhost/45489] INFO  server.session (DefaultSessionIdManager.java:doStart(339)) - No SessionScavenger set, using defaults
2022-10-18 03:54:32,792 [Listener at localhost/45489] INFO  server.session (HouseKeeper.java:startScavenging(132)) - node0 Scavenging every 660000ms
2022-10-18 03:54:32,793 [Listener at localhost/45489] INFO  handler.ContextHandler (ContextHandler.java:doStart(915)) - Started o.e.j.s.ServletContextHandler@6f74e852{logs,/logs,file:///home/runner/work/ozone/ozone/hadoop-ozone/integration-test/target/log,AVAILABLE}
2022-10-18 03:54:32,794 [Listener at localhost/45489] INFO  handler.ContextHandler (ContextHandler.java:doStart(915)) - Started o.e.j.s.ServletContextHandler@2c257485{static,/static,file:///home/runner/work/ozone/ozone/hadoop-ozone/integration-test/target/test-classes/webapps/static,AVAILABLE}
2022-10-18 03:54:32,799 [Listener at localhost/45489] INFO  handler.ContextHandler (ContextHandler.java:doStart(915)) - Started o.e.j.w.WebAppContext@31b4c916{ozoneManager,/,file:///home/runner/work/ozone/ozone/hadoop-ozone/integration-test/target/test-classes/webapps/ozoneManager/,AVAILABLE}{file:/home/runner/work/ozone/ozone/hadoop-ozone/integration-test/target/test-classes/webapps/ozoneManager}
2022-10-18 03:54:32,801 [Listener at localhost/45489] INFO  server.AbstractConnector (AbstractConnector.java:doStart(331)) - Started ServerConnector@748e7561{HTTP/1.1, (http/1.1)}{0.0.0.0:34765}
2022-10-18 03:54:32,801 [Listener at localhost/45489] INFO  server.Server (Server.java:doStart(415)) - Started @78489ms
2022-10-18 03:54:32,801 [Listener at localhost/45489] WARN  impl.MetricsSystemImpl (MetricsSystemImpl.java:register(279)) - Sink prometheus already exists!
2022-10-18 03:54:32,802 [Listener at localhost/45489] INFO  http.BaseHttpServer (BaseHttpServer.java:updateConnectorAddress(333)) - HTTP server of ozoneManager listening at http://0.0.0.0:34765
2022-10-18 03:54:32,805 [IPC Server Responder] INFO  ipc.Server (Server.java:run(1512)) - IPC Server Responder: starting
2022-10-18 03:54:32,805 [IPC Server listener on 45489] INFO  ipc.Server (Server.java:run(1352)) - IPC Server listener on 45489: starting
2022-10-18 03:54:32,811 [Listener at localhost/45489] INFO  om.OzoneManager (OzoneManager.java:startTrashEmptier(1919)) - Trash Interval set to 0. Files deleted won't move to trash
2022-10-18 03:54:32,812 [Listener at localhost/45489] INFO  om.OzoneManager (OzoneManager.java:stop(2034)) - omNode-1[localhost:35797]: Stopping Ozone Manager
2022-10-18 03:54:32,812 [org.apache.hadoop.util.JvmPauseMonitor$Monitor@33d7afba] INFO  util.JvmPauseMonitor (JvmPauseMonitor.java:run(188)) - Starting JVM pause monitor
2022-10-18 03:54:32,812 [Listener at localhost/45489] INFO  om.OzoneManager (OzoneManager.java:restart(1571)) - OzoneManager RPC server is listening at localhost/127.0.0.1:35797
2022-10-18 03:54:32,812 [Listener at localhost/45489] INFO  impl.MetricsSystemImpl (MetricsSystemImpl.java:init(158)) - OzoneManager metrics system started (again)
2022-10-18 03:54:32,825 [Listener at localhost/45489] WARN  server.ServerUtils (ServerUtils.java:getDBPath(225)) - ozone.om.db.dirs is not configured. We recommend adding this setting. Falling back to ozone.metadata.dirs instead.
2022-10-18 03:54:32,825 [Listener at localhost/45489] INFO  codec.OmKeyInfoCodec (OmKeyInfoCodec.java:<init>(49)) - OmKeyInfoCodec ignorePipeline = true
2022-10-18 03:54:32,826 [Listener at localhost/45489] INFO  codec.RepeatedOmKeyInfoCodec (RepeatedOmKeyInfoCodec.java:<init>(41)) - RepeatedOmKeyInfoCodec ignorePipeline = true
2022-10-18 03:54:32,863 [Listener at localhost/45489] INFO  om.OzoneManager (OzoneManager.java:instantiateServices(712)) - S3 Multi-Tenancy is disabled
2022-10-18 03:54:32,864 [Listener at localhost/45489] WARN  impl.MetricRegistriesImpl (MetricRegistriesImpl.java:addReporterRegistration(111)) - New reporters are added after registries were created. Some metrics will be missing from the reporter. Please add reporter before adding any new registry.
2022-10-18 03:54:32,865 [Listener at localhost/45489] WARN  impl.MetricRegistriesImpl (MetricRegistriesImpl.java:addReporterRegistration(111)) - New reporters are added after registries were created. Some metrics will be missing from the reporter. Please add reporter before adding any new registry.
2022-10-18 03:54:32,865 [Listener at localhost/45489] WARN  server.ServerUtils (ServerUtils.java:getDefaultRatisDirectory(237)) - Storage directory for Ratis is not configured. It is a good idea to map this to an SSD disk. Falling back to ozone.metadata.dirs
2022-10-18 03:54:32,866 [Listener at localhost/45489] INFO  ratis.OzoneManagerRatisServer (OzoneManagerRatisServer.java:<init>(160)) - Instantiating OM Ratis server with groupID: om-service-test1 and peers: localhost:42747, localhost:44279, localhost:37241
2022-10-18 03:54:32,866 [Listener at localhost/45489] INFO  ratis.OzoneManagerStateMachine (OzoneManagerStateMachine.java:loadSnapshotInfoFromDB(632)) - LastAppliedIndex is set from TransactionInfo from OM DB as (t:10, i:148)
2022-10-18 03:54:32,870 [Listener at localhost/45489] INFO  server.RaftServer (ConfUtils.java:logGet(46)) - raft.rpc.type = GRPC (default)
2022-10-18 03:54:32,870 [Listener at localhost/45489] INFO  grpc.GrpcFactory (GrpcFactory.java:checkPooledByteBufAllocatorUseCacheForAllThreads(48)) - PERFORMANCE WARNING: useCacheForAllThreads is true that may cause Netty to create a lot garbage objects and, as a result, trigger GC.
	It is recommended to disable useCacheForAllThreads by setting -Dorg.apache.ratis.thirdparty.io.netty.allocator.useCacheForAllThreads=false in command line.
2022-10-18 03:54:32,870 [Listener at localhost/45489] INFO  grpc.GrpcConfigKeys (ConfUtils.java:logGet(46)) - raft.grpc.admin.port = -1 (default)
2022-10-18 03:54:32,870 [Listener at localhost/45489] INFO  grpc.GrpcConfigKeys (ConfUtils.java:logGet(46)) - raft.grpc.server.port = 42747 (custom)
2022-10-18 03:54:32,870 [Listener at localhost/45489] INFO  grpc.GrpcConfigKeys (ConfUtils.java:logGet(46)) - raft.grpc.client.port = -1 (default)
2022-10-18 03:54:32,871 [Listener at localhost/45489] INFO  grpc.GrpcConfigKeys (ConfUtils.java:logGet(46)) - raft.grpc.server.port = 42747 (custom)
2022-10-18 03:54:32,871 [Listener at localhost/45489] INFO  grpc.GrpcConfigKeys (ConfUtils.java:logGet(46)) - raft.grpc.server.port = 42747 (custom)
2022-10-18 03:54:32,871 [Listener at localhost/45489] INFO  server.GrpcService (ConfUtils.java:logGet(46)) - raft.grpc.message.size.max = 33554432 (custom)
2022-10-18 03:54:32,871 [Listener at localhost/45489] INFO  server.RaftServerConfigKeys (ConfUtils.java:logGet(46)) - raft.server.log.appender.buffer.byte-limit = 33554432 (custom)
2022-10-18 03:54:32,871 [Listener at localhost/45489] INFO  server.GrpcService (ConfUtils.java:logGet(46)) - raft.grpc.flow.control.window = 1MB (=1048576) (default)
2022-10-18 03:54:32,872 [Listener at localhost/45489] INFO  server.RaftServerConfigKeys (ConfUtils.java:logGet(46)) - raft.server.rpc.request.timeout = 3000ms (default)
2022-10-18 03:54:32,872 [Listener at localhost/45489] INFO  grpc.GrpcConfigKeys (ConfUtils.java:logGet(46)) - raft.grpc.server.async.request.thread.pool.cached = true (default)
2022-10-18 03:54:32,872 [Listener at localhost/45489] INFO  grpc.GrpcConfigKeys (ConfUtils.java:logGet(46)) - raft.grpc.server.async.request.thread.pool.size = 32 (default)
2022-10-18 03:54:32,873 [Listener at localhost/45489] INFO  impl.DataStreamServerImpl (ConfUtils.java:logGet(46)) - raft.datastream.type = DISABLED (default)
2022-10-18 03:54:32,873 [Listener at localhost/45489] INFO  server.RaftServerConfigKeys (ConfUtils.java:logGet(46)) - raft.server.threadpool.proxy.cached = true (default)
2022-10-18 03:54:32,874 [Listener at localhost/45489] INFO  server.RaftServerConfigKeys (ConfUtils.java:logGet(46)) - raft.server.threadpool.proxy.size = 0 (default)
2022-10-18 03:54:32,874 [Listener at localhost/45489] INFO  server.RaftServerConfigKeys (ConfUtils.java:logGet(46)) - raft.server.rpc.slowness.timeout = 2s (custom)
2022-10-18 03:54:32,874 [Listener at localhost/45489] INFO  server.RaftServerConfigKeys (ConfUtils.java:logGet(46)) - raft.server.leaderelection.leader.step-down.wait-time = 10s (default)
2022-10-18 03:54:32,874 [Listener at localhost/45489] INFO  server.RaftServerConfigKeys (ConfUtils.java:logGet(46)) - raft.server.storage.dir = [/home/runner/work/ozone/ozone/hadoop-ozone/integration-test/target/test-dir/MiniOzoneClusterImpl-5cdafbed-51d9-4f54-a43e-7c7e014ba032/omNode-1/ratis] (custom)
2022-10-18 03:54:32,875 [omNode-1-impl-thread1] INFO  server.RaftServer (RaftServerProxy.java:initGroupDir(247)) - omNode-1: found a subdirectory /home/runner/work/ozone/ozone/hadoop-ozone/integration-test/target/test-dir/MiniOzoneClusterImpl-5cdafbed-51d9-4f54-a43e-7c7e014ba032/omNode-1/ratis/c9bc4cf4-3bc3-3c60-a66b-523986131536
2022-10-18 03:54:32,875 [Listener at localhost/45489] INFO  server.RaftServer (RaftServerProxy.java:addNew(96)) - omNode-1: addNew group-523986131536:[omNode-3|rpc:localhost:44279|priority:0, omNode-1|rpc:localhost:42747|priority:0, omNode-2|rpc:localhost:37241|priority:0] returns group-523986131536:java.util.concurrent.CompletableFuture@17f3d5e2[Not completed]
2022-10-18 03:54:32,875 [Listener at localhost/45489] INFO  om.OzoneManager (OzoneManager.java:initializeRatisServer(1975)) - OzoneManager Ratis server initialized at port 42747
2022-10-18 03:54:32,875 [Listener at localhost/45489] INFO  ratis.OzoneManagerRatisServer (OzoneManagerRatisServer.java:start(555)) - Starting OzoneManagerRatisServer omNode-1 at port 42747
2022-10-18 03:54:32,876 [pool-537-thread-1] INFO  server.RaftServer$Division (RaftServerImpl.java:<init>(190)) - omNode-1: new RaftServerImpl for group-523986131536:[omNode-3|rpc:localhost:44279|priority:0, omNode-1|rpc:localhost:42747|priority:0, omNode-2|rpc:localhost:37241|priority:0] with OzoneManagerStateMachine:uninitialized
2022-10-18 03:54:32,876 [pool-537-thread-1] INFO  server.RaftServerConfigKeys (ConfUtils.java:logGet(46)) - raft.server.rpc.timeout.min = 1s (custom)
2022-10-18 03:54:32,876 [pool-537-thread-1] INFO  server.RaftServerConfigKeys (ConfUtils.java:logGet(46)) - raft.server.rpc.timeout.max = 1200ms (custom)
2022-10-18 03:54:32,876 [pool-537-thread-1] INFO  server.RaftServerConfigKeys (ConfUtils.java:logGet(46)) - raft.server.rpc.sleep.time = 25ms (default)
2022-10-18 03:54:32,876 [pool-537-thread-1] INFO  server.RaftServerConfigKeys (ConfUtils.java:logGet(46)) - raft.server.rpc.slowness.timeout = 2s (custom)
2022-10-18 03:54:32,876 [pool-537-thread-1] INFO  server.RaftServerConfigKeys (ConfUtils.java:logGet(46)) - raft.server.leaderelection.leader.step-down.wait-time = 10s (default)
2022-10-18 03:54:32,876 [pool-537-thread-1] INFO  server.RaftServerConfigKeys (ConfUtils.java:logGet(46)) - raft.server.sleep.deviation.threshold = 300ms (default)
2022-10-18 03:54:32,876 [pool-537-thread-1] INFO  server.RaftServer$Division (ServerState.java:<init>(107)) - omNode-1@group-523986131536: ConfigurationManager, init=-1: [omNode-3|rpc:localhost:44279|priority:0, omNode-1|rpc:localhost:42747|priority:0, omNode-2|rpc:localhost:37241|priority:0], old=null, confs=<EMPTY_MAP>
2022-10-18 03:54:32,876 [pool-537-thread-1] INFO  server.RaftServerConfigKeys (ConfUtils.java:logGet(46)) - raft.server.storage.dir = [/home/runner/work/ozone/ozone/hadoop-ozone/integration-test/target/test-dir/MiniOzoneClusterImpl-5cdafbed-51d9-4f54-a43e-7c7e014ba032/omNode-1/ratis] (custom)
2022-10-18 03:54:32,877 [pool-537-thread-1] INFO  server.RaftServerConfigKeys (ConfUtils.java:logGet(46)) - raft.server.log.corruption.policy = EXCEPTION (default)
2022-10-18 03:54:32,877 [pool-537-thread-1] INFO  server.RaftServerConfigKeys (ConfUtils.java:logGet(46)) - raft.server.storage.free-space.min = 0MB (=0) (default)
2022-10-18 03:54:32,878 [pool-537-thread-1] INFO  storage.RaftStorageDirectory (RaftStorageDirectoryImpl.java:tryLock(230)) - Lock on /home/runner/work/ozone/ozone/hadoop-ozone/integration-test/target/test-dir/MiniOzoneClusterImpl-5cdafbed-51d9-4f54-a43e-7c7e014ba032/omNode-1/ratis/c9bc4cf4-3bc3-3c60-a66b-523986131536/in_use.lock acquired by nodename 30743@fv-az573-760
2022-10-18 03:54:32,879 [pool-537-thread-1] INFO  storage.RaftStorage (RaftStorageImpl.java:analyzeAndRecoverStorage(110)) - Read RaftStorageMetadata{term=10, votedFor=omNode-3} from /home/runner/work/ozone/ozone/hadoop-ozone/integration-test/target/test-dir/MiniOzoneClusterImpl-5cdafbed-51d9-4f54-a43e-7c7e014ba032/omNode-1/ratis/c9bc4cf4-3bc3-3c60-a66b-523986131536/current/raft-meta
2022-10-18 03:54:32,879 [pool-537-thread-1] INFO  server.RaftServer$Division (ServerState.java:setRaftConf(393)) - omNode-1@group-523986131536: set configuration 147: [omNode-3|rpc:localhost:44279|admin:|client:|dataStream:|priority:0, omNode-1|rpc:localhost:42747|admin:|client:|dataStream:|priority:0, omNode-2|rpc:localhost:37241|admin:|client:|dataStream:|priority:0], old=null
2022-10-18 03:54:32,879 [pool-537-thread-1] INFO  server.RaftServerConfigKeys (ConfUtils.java:logGet(46)) - raft.server.notification.no-leader.timeout = 2s (custom)
2022-10-18 03:54:32,879 [pool-537-thread-1] INFO  server.RaftServerConfigKeys (ConfUtils.java:logGet(46)) - raft.server.log.use.memory = false (default)
2022-10-18 03:54:32,879 [pool-537-thread-1] INFO  server.RaftServerConfigKeys (ConfUtils.java:logGet(46)) - raft.server.log.purge.gap = 50 (custom)
2022-10-18 03:54:32,879 [pool-537-thread-1] INFO  server.RaftServerConfigKeys (ConfUtils.java:logGet(46)) - raft.server.log.appender.buffer.byte-limit = 33554432 (custom)
2022-10-18 03:54:32,879 [pool-537-thread-1] INFO  server.RaftServerConfigKeys (ConfUtils.java:logGet(46)) - raft.server.log.statemachine.data.read.timeout = 1000ms (default)
2022-10-18 03:54:32,880 [pool-537-thread-1] INFO  server.RaftServerConfigKeys (ConfUtils.java:logGet(46)) - raft.server.log.segment.size.max = 4194304 (custom)
2022-10-18 03:54:32,880 [pool-537-thread-1] INFO  server.RaftServerConfigKeys (ConfUtils.java:logGet(46)) - raft.server.log.segment.cache.num.max = 2 (custom)
2022-10-18 03:54:32,880 [pool-537-thread-1] INFO  server.RaftServerConfigKeys (ConfUtils.java:logGet(46)) - raft.server.log.segment.cache.size.max = 200MB (=209715200) (default)
2022-10-18 03:54:32,880 [pool-537-thread-1] INFO  segmented.SegmentedRaftLogWorker (SegmentedRaftLogWorker.java:<init>(187)) - new omNode-1@group-523986131536-SegmentedRaftLogWorker for RaftStorageImpl:Storage Directory /home/runner/work/ozone/ozone/hadoop-ozone/integration-test/target/test-dir/MiniOzoneClusterImpl-5cdafbed-51d9-4f54-a43e-7c7e014ba032/omNode-1/ratis/c9bc4cf4-3bc3-3c60-a66b-523986131536
2022-10-18 03:54:32,880 [pool-537-thread-1] INFO  server.RaftServerConfigKeys (ConfUtils.java:logGet(46)) - raft.server.log.queue.byte-limit = 64MB (=67108864) (default)
2022-10-18 03:54:32,880 [pool-537-thread-1] INFO  server.RaftServerConfigKeys (ConfUtils.java:logGet(46)) - raft.server.log.queue.element-limit = 4096 (default)
2022-10-18 03:54:32,880 [pool-537-thread-1] INFO  server.RaftServerConfigKeys (ConfUtils.java:logGet(46)) - raft.server.log.segment.size.max = 4194304 (custom)
2022-10-18 03:54:32,880 [pool-537-thread-1] INFO  server.RaftServerConfigKeys (ConfUtils.java:logGet(46)) - raft.server.log.preallocated.size = 4194304 (custom)
2022-10-18 03:54:32,880 [pool-537-thread-1] INFO  server.RaftServerConfigKeys (ConfUtils.java:logGet(46)) - raft.server.log.force.sync.num = 128 (default)
2022-10-18 03:54:32,881 [pool-537-thread-1] INFO  server.RaftServerConfigKeys (ConfUtils.java:logGet(46)) - raft.server.log.statemachine.data.sync = true (default)
2022-10-18 03:54:32,881 [pool-537-thread-1] INFO  server.RaftServerConfigKeys (ConfUtils.java:logGet(46)) - raft.server.log.statemachine.data.sync.timeout = 10s (default)
2022-10-18 03:54:32,881 [pool-537-thread-1] INFO  server.RaftServerConfigKeys (ConfUtils.java:logGet(46)) - raft.server.log.statemachine.data.sync.timeout.retry = -1 (default)
2022-10-18 03:54:32,882 [pool-537-thread-1] INFO  server.RaftServerConfigKeys (ConfUtils.java:logGet(46)) - raft.server.log.write.buffer.size = 64KB (=65536) (default)
2022-10-18 03:54:32,882 [pool-537-thread-1] INFO  server.RaftServerConfigKeys (ConfUtils.java:logGet(46)) - raft.server.log.unsafe-flush.enabled = false (default)
2022-10-18 03:54:32,882 [pool-537-thread-1] INFO  server.RaftServerConfigKeys (ConfUtils.java:logGet(46)) - raft.server.log.statemachine.data.caching.enabled = false (default)
2022-10-18 03:54:32,882 [pool-537-thread-1] INFO  server.RaftServer$Division (ServerState.java:setRaftConf(393)) - omNode-1@group-523986131536: set configuration 147: [omNode-3|rpc:localhost:44279|admin:|client:|dataStream:|priority:0, omNode-1|rpc:localhost:42747|admin:|client:|dataStream:|priority:0, omNode-2|rpc:localhost:37241|admin:|client:|dataStream:|priority:0], old=null
2022-10-18 03:54:32,882 [pool-537-thread-1] INFO  segmented.LogSegment (LogSegment.java:loadSegment(173)) - Successfully read 2 entries from segment file /home/runner/work/ozone/ozone/hadoop-ozone/integration-test/target/test-dir/MiniOzoneClusterImpl-5cdafbed-51d9-4f54-a43e-7c7e014ba032/omNode-1/ratis/c9bc4cf4-3bc3-3c60-a66b-523986131536/current/log_inprogress_147
2022-10-18 03:54:32,883 [pool-537-thread-1] INFO  segmented.SegmentedRaftLogWorker (SegmentedRaftLogWorker.java:lambda$new$0(135)) - omNode-1@group-523986131536-SegmentedRaftLogWorker: flushIndex: setUnconditionally 0 -> 148
2022-10-18 03:54:32,883 [pool-537-thread-1] INFO  segmented.SegmentedRaftLogWorker (SegmentedRaftLogWorker.java:lambda$new$0(135)) - omNode-1@group-523986131536-SegmentedRaftLogWorker: safeCacheEvictIndex: setUnconditionally 0 -> -1
2022-10-18 03:54:32,883 [pool-537-thread-1] INFO  raftlog.RaftLog (RaftLogBase.java:lambda$new$0(53)) - omNode-1@group-523986131536-SegmentedRaftLog: commitIndex: updateToMax old=148, new=147, updated? false
2022-10-18 03:54:32,883 [pool-537-thread-1] INFO  raftlog.RaftLog (RaftLogBase.java:lambda$new$0(53)) - omNode-1@group-523986131536-SegmentedRaftLog: purgeIndex: updateIncreasingly -1 -> 146
2022-10-18 03:54:32,883 [pool-537-thread-1] INFO  server.RaftServerConfigKeys (ConfUtils.java:logGet(46)) - raft.server.snapshot.auto.trigger.enabled = true (custom)
2022-10-18 03:54:32,883 [pool-537-thread-1] INFO  server.RaftServerConfigKeys (ConfUtils.java:logGet(46)) - raft.server.snapshot.auto.trigger.threshold = 50 (custom)
2022-10-18 03:54:32,883 [pool-537-thread-1] INFO  server.RaftServerConfigKeys (ConfUtils.java:logGet(46)) - raft.server.snapshot.retention.file.num = -1 (default)
2022-10-18 03:54:32,883 [pool-537-thread-1] INFO  server.RaftServerConfigKeys (ConfUtils.java:logGet(46)) - raft.server.log.purge.upto.snapshot.index = true (custom)
2022-10-18 03:54:32,883 [pool-537-thread-1] INFO  server.RaftServerConfigKeys (ConfUtils.java:logGet(46)) - raft.server.retrycache.expirytime = 30000ms (custom)
2022-10-18 03:54:32,883 [pool-537-thread-1] INFO  server.RaftServerConfigKeys (ConfUtils.java:logGet(46)) - raft.server.retrycache.statistics.expirytime = 100μs (default)
2022-10-18 03:54:32,884 [pool-537-thread-1] INFO  server.RaftServerConfigKeys (ConfUtils.java:logGet(46)) - raft.server.log.appender.install.snapshot.enabled = false (custom)
2022-10-18 03:54:32,885 [pool-537-thread-1] INFO  server.RaftServerConfigKeys (ConfUtils.java:logGet(46)) - raft.server.threadpool.server.cached = true (default)
2022-10-18 03:54:32,885 [pool-537-thread-1] INFO  server.RaftServerConfigKeys (ConfUtils.java:logGet(46)) - raft.server.threadpool.server.size = 0 (default)
2022-10-18 03:54:32,885 [pool-537-thread-1] INFO  server.RaftServerConfigKeys (ConfUtils.java:logGet(46)) - raft.server.threadpool.client.cached = true (default)
2022-10-18 03:54:32,885 [pool-537-thread-1] INFO  server.RaftServerConfigKeys (ConfUtils.java:logGet(46)) - raft.server.threadpool.client.size = 0 (default)
2022-10-18 03:54:32,885 [omNode-1-impl-thread1] INFO  server.RaftServer$Division (RaftServerImpl.java:start(310)) - omNode-1@group-523986131536: start as a follower, conf=147: [omNode-3|rpc:localhost:44279|admin:|client:|dataStream:|priority:0, omNode-1|rpc:localhost:42747|admin:|client:|dataStream:|priority:0, omNode-2|rpc:localhost:37241|admin:|client:|dataStream:|priority:0], old=null
2022-10-18 03:54:32,885 [omNode-1-impl-thread1] INFO  server.RaftServer$Division (RaftServerImpl.java:setRole(299)) - omNode-1@group-523986131536: changes role from      null to FOLLOWER at term 10 for startAsFollower
2022-10-18 03:54:32,885 [omNode-1-impl-thread1] INFO  impl.RoleInfo (RoleInfo.java:updateAndGet(139)) - omNode-1: start omNode-1@group-523986131536-FollowerState
2022-10-18 03:54:32,885 [omNode-1-impl-thread1] INFO  util.JmxRegister (JmxRegister.java:tryRegister(44)) - Successfully registered JMX Bean with object name Ratis:service=RaftServer,group=group-523986131536,id=omNode-1
2022-10-18 03:54:32,886 [Listener at localhost/45489] INFO  server.RaftServer (RaftServerProxy.java:lambda$start$6(382)) - omNode-1: start RPC server
2022-10-18 03:54:32,888 [Listener at localhost/45489] INFO  server.GrpcService (GrpcService.java:startImpl(260)) - omNode-1: GrpcService started, listening on 42747
2022-10-18 03:54:32,889 [Listener at localhost/45489] INFO  om.OzoneManager (OzoneManager.java:getRpcServer(1101)) - Creating RPC Server
2022-10-18 03:54:32,890 [org.apache.ratis.util.JvmPauseMonitor$$Lambda$703/726954313@50ef69d] INFO  util.JvmPauseMonitor (JvmPauseMonitor.java:run(103)) - JvmPauseMonitor-omNode-1: Started
2022-10-18 03:54:33,327 [Listener at localhost/45489] INFO  reflections.Reflections (Reflections.java:scan(232)) - Reflections took 437 ms to scan 19 urls, producing 67 keys and 4238 values [using 2 cores]
2022-10-18 03:54:33,329 [Listener at localhost/45489] INFO  ipc.CallQueueManager (CallQueueManager.java:<init>(90)) - Using callQueue: class java.util.concurrent.LinkedBlockingQueue, queueCapacity: 2000, scheduler: class org.apache.hadoop.ipc.DefaultRpcScheduler, ipcBackoff: false.
2022-10-18 03:54:33,329 [Socket Reader #1 for port 35797] INFO  ipc.Server (Server.java:run(1273)) - Starting Socket Reader #1 for port 35797
2022-10-18 03:54:33,331 [Listener at localhost/35797] INFO  http.BaseHttpServer (BaseHttpServer.java:newHttpServer2BuilderForOzone(213)) - Starting Web-server for ozoneManager at: http://0.0.0.0:41161
2022-10-18 03:54:33,332 [Listener at localhost/35797] INFO  http.BaseHttpServer (BaseHttpServer.java:<init>(108)) - Hadoop Security Enabled: false Ozone Security Enabled: false Ozone HTTP Security Enabled: false 
2022-10-18 03:54:33,333 [Listener at localhost/35797] WARN  server.AuthenticationFilter (AuthenticationFilter.java:constructSecretProvider(240)) - Unable to initialize FileSignerSecretProvider, falling back to use random secrets. Reason: Could not read signature secret file: /home/runner/hadoop-http-auth-signature-secret
2022-10-18 03:54:33,333 [Listener at localhost/35797] WARN  http.HttpRequestLog (HttpRequestLog.java:getRequestLog(103)) - Jetty request log can only be enabled using Log4j
2022-10-18 03:54:33,336 [Listener at localhost/35797] INFO  http.HttpServer2 (HttpServer2.java:addGlobalFilter(1031)) - Added global filter 'safety' (class=org.apache.hadoop.hdds.server.http.HttpServer2$QuotingInputFilter)
2022-10-18 03:54:33,336 [Listener at localhost/35797] INFO  http.HttpServer2 (HttpServer2.java:addFilter(1007)) - Added filter static_user_filter (class=org.apache.hadoop.http.lib.StaticUserWebFilter$StaticUserFilter) to context ozoneManager
2022-10-18 03:54:33,337 [Listener at localhost/35797] INFO  http.HttpServer2 (HttpServer2.java:addFilter(1015)) - Added filter static_user_filter (class=org.apache.hadoop.http.lib.StaticUserWebFilter$StaticUserFilter) to context static
2022-10-18 03:54:33,337 [Listener at localhost/35797] INFO  http.HttpServer2 (HttpServer2.java:addFilter(1015)) - Added filter static_user_filter (class=org.apache.hadoop.http.lib.StaticUserWebFilter$StaticUserFilter) to context logs
2022-10-18 03:54:33,337 [Listener at localhost/35797] INFO  http.HttpServer2 (HttpServer2.java:bindListener(1250)) - Jetty bound to port 41161
2022-10-18 03:54:33,341 [Listener at localhost/35797] INFO  server.Server (Server.java:doStart(375)) - jetty-9.4.43.v20210629; built: 2021-06-30T11:07:22.254Z; git: 526006ecfa3af7f1a27ef3a288e2bef7ea9dd7e8; jvm 1.8.0_345-b01
2022-10-18 03:54:33,346 [Listener at localhost/35797] INFO  server.session (DefaultSessionIdManager.java:doStart(334)) - DefaultSessionIdManager workerName=node0
2022-10-18 03:54:33,346 [Listener at localhost/35797] INFO  server.session (DefaultSessionIdManager.java:doStart(339)) - No SessionScavenger set, using defaults
2022-10-18 03:54:33,346 [Listener at localhost/35797] INFO  server.session (HouseKeeper.java:startScavenging(132)) - node0 Scavenging every 660000ms
2022-10-18 03:54:33,347 [Listener at localhost/35797] INFO  handler.ContextHandler (ContextHandler.java:doStart(915)) - Started o.e.j.s.ServletContextHandler@3e4bca9{logs,/logs,file:///home/runner/work/ozone/ozone/hadoop-ozone/integration-test/target/log,AVAILABLE}
2022-10-18 03:54:33,347 [Listener at localhost/35797] INFO  handler.ContextHandler (ContextHandler.java:doStart(915)) - Started o.e.j.s.ServletContextHandler@72521696{static,/static,file:///home/runner/work/ozone/ozone/hadoop-ozone/integration-test/target/test-classes/webapps/static,AVAILABLE}
2022-10-18 03:54:33,351 [Listener at localhost/35797] INFO  handler.ContextHandler (ContextHandler.java:doStart(915)) - Started o.e.j.w.WebAppContext@33e0224e{ozoneManager,/,file:///home/runner/work/ozone/ozone/hadoop-ozone/integration-test/target/test-classes/webapps/ozoneManager/,AVAILABLE}{file:/home/runner/work/ozone/ozone/hadoop-ozone/integration-test/target/test-classes/webapps/ozoneManager}
2022-10-18 03:54:33,363 [Listener at localhost/35797] INFO  server.AbstractConnector (AbstractConnector.java:doStart(331)) - Started ServerConnector@3ce2ca81{HTTP/1.1, (http/1.1)}{0.0.0.0:41161}
2022-10-18 03:54:33,363 [Listener at localhost/35797] INFO  server.Server (Server.java:doStart(415)) - Started @79051ms
2022-10-18 03:54:33,363 [Listener at localhost/35797] WARN  impl.MetricsSystemImpl (MetricsSystemImpl.java:register(279)) - Sink prometheus already exists!
2022-10-18 03:54:33,364 [Listener at localhost/35797] INFO  http.BaseHttpServer (BaseHttpServer.java:updateConnectorAddress(333)) - HTTP server of ozoneManager listening at http://0.0.0.0:41161
2022-10-18 03:54:33,364 [IPC Server Responder] INFO  ipc.Server (Server.java:run(1512)) - IPC Server Responder: starting
2022-10-18 03:54:33,364 [IPC Server listener on 35797] INFO  ipc.Server (Server.java:run(1352)) - IPC Server listener on 35797: starting
2022-10-18 03:54:33,375 [Listener at localhost/35797] INFO  om.OzoneManager (OzoneManager.java:startTrashEmptier(1919)) - Trash Interval set to 0. Files deleted won't move to trash
2022-10-18 03:54:33,375 [Listener at localhost/35797] INFO  om.OzoneManager (OzoneManager.java:stop(2034)) - omNode-2[localhost:37159]: Stopping Ozone Manager
2022-10-18 03:54:33,375 [Listener at localhost/35797] INFO  om.OzoneManager (OzoneManager.java:restart(1571)) - OzoneManager RPC server is listening at localhost/127.0.0.1:37159
2022-10-18 03:54:33,375 [Listener at localhost/35797] INFO  impl.MetricsSystemImpl (MetricsSystemImpl.java:init(158)) - OzoneManager metrics system started (again)
2022-10-18 03:54:33,382 [org.apache.hadoop.util.JvmPauseMonitor$Monitor@4270d80f] INFO  util.JvmPauseMonitor (JvmPauseMonitor.java:run(188)) - Starting JVM pause monitor
2022-10-18 03:54:33,389 [Listener at localhost/35797] WARN  server.ServerUtils (ServerUtils.java:getDBPath(225)) - ozone.om.db.dirs is not configured. We recommend adding this setting. Falling back to ozone.metadata.dirs instead.
2022-10-18 03:54:33,389 [Listener at localhost/35797] INFO  codec.OmKeyInfoCodec (OmKeyInfoCodec.java:<init>(49)) - OmKeyInfoCodec ignorePipeline = true
2022-10-18 03:54:33,390 [Listener at localhost/35797] INFO  codec.RepeatedOmKeyInfoCodec (RepeatedOmKeyInfoCodec.java:<init>(41)) - RepeatedOmKeyInfoCodec ignorePipeline = true
2022-10-18 03:54:33,436 [Listener at localhost/35797] INFO  om.OzoneManager (OzoneManager.java:instantiateServices(712)) - S3 Multi-Tenancy is disabled
2022-10-18 03:54:33,440 [Listener at localhost/35797] WARN  impl.MetricRegistriesImpl (MetricRegistriesImpl.java:addReporterRegistration(111)) - New reporters are added after registries were created. Some metrics will be missing from the reporter. Please add reporter before adding any new registry.
2022-10-18 03:54:33,440 [Listener at localhost/35797] WARN  impl.MetricRegistriesImpl (MetricRegistriesImpl.java:addReporterRegistration(111)) - New reporters are added after registries were created. Some metrics will be missing from the reporter. Please add reporter before adding any new registry.
2022-10-18 03:54:33,440 [Listener at localhost/35797] WARN  server.ServerUtils (ServerUtils.java:getDefaultRatisDirectory(237)) - Storage directory for Ratis is not configured. It is a good idea to map this to an SSD disk. Falling back to ozone.metadata.dirs
2022-10-18 03:54:33,442 [Listener at localhost/35797] INFO  ratis.OzoneManagerRatisServer (OzoneManagerRatisServer.java:<init>(160)) - Instantiating OM Ratis server with groupID: om-service-test1 and peers: localhost:37241, localhost:44279, localhost:42747
2022-10-18 03:54:33,442 [Listener at localhost/35797] INFO  ratis.OzoneManagerStateMachine (OzoneManagerStateMachine.java:loadSnapshotInfoFromDB(632)) - LastAppliedIndex is set from TransactionInfo from OM DB as (t:7, i:145)
2022-10-18 03:54:33,442 [Listener at localhost/35797] INFO  server.RaftServer (ConfUtils.java:logGet(46)) - raft.rpc.type = GRPC (default)
2022-10-18 03:54:33,442 [Listener at localhost/35797] INFO  grpc.GrpcFactory (GrpcFactory.java:checkPooledByteBufAllocatorUseCacheForAllThreads(48)) - PERFORMANCE WARNING: useCacheForAllThreads is true that may cause Netty to create a lot garbage objects and, as a result, trigger GC.
	It is recommended to disable useCacheForAllThreads by setting -Dorg.apache.ratis.thirdparty.io.netty.allocator.useCacheForAllThreads=false in command line.
2022-10-18 03:54:33,443 [Listener at localhost/35797] INFO  grpc.GrpcConfigKeys (ConfUtils.java:logGet(46)) - raft.grpc.admin.port = -1 (default)
2022-10-18 03:54:33,443 [Listener at localhost/35797] INFO  grpc.GrpcConfigKeys (ConfUtils.java:logGet(46)) - raft.grpc.server.port = 37241 (custom)
2022-10-18 03:54:33,443 [Listener at localhost/35797] INFO  grpc.GrpcConfigKeys (ConfUtils.java:logGet(46)) - raft.grpc.client.port = -1 (default)
2022-10-18 03:54:33,443 [Listener at localhost/35797] INFO  grpc.GrpcConfigKeys (ConfUtils.java:logGet(46)) - raft.grpc.server.port = 37241 (custom)
2022-10-18 03:54:33,443 [Listener at localhost/35797] INFO  grpc.GrpcConfigKeys (ConfUtils.java:logGet(46)) - raft.grpc.server.port = 37241 (custom)
2022-10-18 03:54:33,443 [Listener at localhost/35797] INFO  server.GrpcService (ConfUtils.java:logGet(46)) - raft.grpc.message.size.max = 33554432 (custom)
2022-10-18 03:54:33,444 [Listener at localhost/35797] INFO  server.RaftServerConfigKeys (ConfUtils.java:logGet(46)) - raft.server.log.appender.buffer.byte-limit = 33554432 (custom)
2022-10-18 03:54:33,444 [Listener at localhost/35797] INFO  server.GrpcService (ConfUtils.java:logGet(46)) - raft.grpc.flow.control.window = 1MB (=1048576) (default)
2022-10-18 03:54:33,444 [Listener at localhost/35797] INFO  server.RaftServerConfigKeys (ConfUtils.java:logGet(46)) - raft.server.rpc.request.timeout = 3000ms (default)
2022-10-18 03:54:33,444 [Listener at localhost/35797] INFO  grpc.GrpcConfigKeys (ConfUtils.java:logGet(46)) - raft.grpc.server.async.request.thread.pool.cached = true (default)
2022-10-18 03:54:33,445 [Listener at localhost/35797] INFO  grpc.GrpcConfigKeys (ConfUtils.java:logGet(46)) - raft.grpc.server.async.request.thread.pool.size = 32 (default)
2022-10-18 03:54:33,446 [Listener at localhost/35797] INFO  impl.DataStreamServerImpl (ConfUtils.java:logGet(46)) - raft.datastream.type = DISABLED (default)
2022-10-18 03:54:33,446 [Listener at localhost/35797] INFO  server.RaftServerConfigKeys (ConfUtils.java:logGet(46)) - raft.server.threadpool.proxy.cached = true (default)
2022-10-18 03:54:33,446 [Listener at localhost/35797] INFO  server.RaftServerConfigKeys (ConfUtils.java:logGet(46)) - raft.server.threadpool.proxy.size = 0 (default)
2022-10-18 03:54:33,446 [Listener at localhost/35797] INFO  server.RaftServerConfigKeys (ConfUtils.java:logGet(46)) - raft.server.rpc.slowness.timeout = 2s (custom)
2022-10-18 03:54:33,447 [Listener at localhost/35797] INFO  server.RaftServerConfigKeys (ConfUtils.java:logGet(46)) - raft.server.leaderelection.leader.step-down.wait-time = 10s (default)
2022-10-18 03:54:33,447 [Listener at localhost/35797] INFO  server.RaftServerConfigKeys (ConfUtils.java:logGet(46)) - raft.server.storage.dir = [/home/runner/work/ozone/ozone/hadoop-ozone/integration-test/target/test-dir/MiniOzoneClusterImpl-5cdafbed-51d9-4f54-a43e-7c7e014ba032/omNode-2/ratis] (custom)
2022-10-18 03:54:33,447 [omNode-2-impl-thread1] INFO  server.RaftServer (RaftServerProxy.java:initGroupDir(247)) - omNode-2: found a subdirectory /home/runner/work/ozone/ozone/hadoop-ozone/integration-test/target/test-dir/MiniOzoneClusterImpl-5cdafbed-51d9-4f54-a43e-7c7e014ba032/omNode-2/ratis/c9bc4cf4-3bc3-3c60-a66b-523986131536
2022-10-18 03:54:33,448 [Listener at localhost/35797] INFO  server.RaftServer (RaftServerProxy.java:addNew(96)) - omNode-2: addNew group-523986131536:[omNode-3|rpc:localhost:44279|priority:0, omNode-1|rpc:localhost:42747|priority:0, omNode-2|rpc:localhost:37241|priority:0] returns group-523986131536:java.util.concurrent.CompletableFuture@25829025[Not completed]
2022-10-18 03:54:33,448 [pool-561-thread-1] INFO  server.RaftServer$Division (RaftServerImpl.java:<init>(190)) - omNode-2: new RaftServerImpl for group-523986131536:[omNode-3|rpc:localhost:44279|priority:0, omNode-1|rpc:localhost:42747|priority:0, omNode-2|rpc:localhost:37241|priority:0] with OzoneManagerStateMachine:uninitialized
2022-10-18 03:54:33,448 [Listener at localhost/35797] INFO  om.OzoneManager (OzoneManager.java:initializeRatisServer(1975)) - OzoneManager Ratis server initialized at port 37241
2022-10-18 03:54:33,448 [pool-561-thread-1] INFO  server.RaftServerConfigKeys (ConfUtils.java:logGet(46)) - raft.server.rpc.timeout.min = 1s (custom)
2022-10-18 03:54:33,448 [Listener at localhost/35797] INFO  ratis.OzoneManagerRatisServer (OzoneManagerRatisServer.java:start(555)) - Starting OzoneManagerRatisServer omNode-2 at port 37241
2022-10-18 03:54:33,448 [pool-561-thread-1] INFO  server.RaftServerConfigKeys (ConfUtils.java:logGet(46)) - raft.server.rpc.timeout.max = 1200ms (custom)
2022-10-18 03:54:33,449 [pool-561-thread-1] INFO  server.RaftServerConfigKeys (ConfUtils.java:logGet(46)) - raft.server.rpc.sleep.time = 25ms (default)
2022-10-18 03:54:33,449 [pool-561-thread-1] INFO  server.RaftServerConfigKeys (ConfUtils.java:logGet(46)) - raft.server.rpc.slowness.timeout = 2s (custom)
2022-10-18 03:54:33,449 [pool-561-thread-1] INFO  server.RaftServerConfigKeys (ConfUtils.java:logGet(46)) - raft.server.leaderelection.leader.step-down.wait-time = 10s (default)
2022-10-18 03:54:33,449 [pool-561-thread-1] INFO  server.RaftServerConfigKeys (ConfUtils.java:logGet(46)) - raft.server.sleep.deviation.threshold = 300ms (default)
2022-10-18 03:54:33,449 [pool-561-thread-1] INFO  server.RaftServer$Division (ServerState.java:<init>(107)) - omNode-2@group-523986131536: ConfigurationManager, init=-1: [omNode-3|rpc:localhost:44279|priority:0, omNode-1|rpc:localhost:42747|priority:0, omNode-2|rpc:localhost:37241|priority:0], old=null, confs=<EMPTY_MAP>
2022-10-18 03:54:33,449 [pool-561-thread-1] INFO  server.RaftServerConfigKeys (ConfUtils.java:logGet(46)) - raft.server.storage.dir = [/home/runner/work/ozone/ozone/hadoop-ozone/integration-test/target/test-dir/MiniOzoneClusterImpl-5cdafbed-51d9-4f54-a43e-7c7e014ba032/omNode-2/ratis] (custom)
2022-10-18 03:54:33,449 [pool-561-thread-1] INFO  server.RaftServerConfigKeys (ConfUtils.java:logGet(46)) - raft.server.log.corruption.policy = EXCEPTION (default)
2022-10-18 03:54:33,449 [pool-561-thread-1] INFO  server.RaftServerConfigKeys (ConfUtils.java:logGet(46)) - raft.server.storage.free-space.min = 0MB (=0) (default)
2022-10-18 03:54:33,450 [pool-561-thread-1] INFO  storage.RaftStorageDirectory (RaftStorageDirectoryImpl.java:tryLock(230)) - Lock on /home/runner/work/ozone/ozone/hadoop-ozone/integration-test/target/test-dir/MiniOzoneClusterImpl-5cdafbed-51d9-4f54-a43e-7c7e014ba032/omNode-2/ratis/c9bc4cf4-3bc3-3c60-a66b-523986131536/in_use.lock acquired by nodename 30743@fv-az573-760
2022-10-18 03:54:33,451 [pool-561-thread-1] INFO  storage.RaftStorage (RaftStorageImpl.java:analyzeAndRecoverStorage(110)) - Read RaftStorageMetadata{term=10, votedFor=} from /home/runner/work/ozone/ozone/hadoop-ozone/integration-test/target/test-dir/MiniOzoneClusterImpl-5cdafbed-51d9-4f54-a43e-7c7e014ba032/omNode-2/ratis/c9bc4cf4-3bc3-3c60-a66b-523986131536/current/raft-meta
2022-10-18 03:54:33,452 [pool-561-thread-1] INFO  server.RaftServer$Division (ServerState.java:setRaftConf(393)) - omNode-2@group-523986131536: set configuration 61: [omNode-3|rpc:localhost:44279|admin:|client:|dataStream:|priority:0, omNode-1|rpc:localhost:42747|admin:|client:|dataStream:|priority:0, omNode-2|rpc:localhost:37241|admin:|client:|dataStream:|priority:0], old=null
2022-10-18 03:54:33,452 [pool-561-thread-1] INFO  server.RaftServerConfigKeys (ConfUtils.java:logGet(46)) - raft.server.notification.no-leader.timeout = 2s (custom)
2022-10-18 03:54:33,452 [pool-561-thread-1] INFO  server.RaftServerConfigKeys (ConfUtils.java:logGet(46)) - raft.server.log.use.memory = false (default)
2022-10-18 03:54:33,452 [pool-561-thread-1] INFO  server.RaftServerConfigKeys (ConfUtils.java:logGet(46)) - raft.server.log.purge.gap = 50 (custom)
2022-10-18 03:54:33,452 [pool-561-thread-1] INFO  server.RaftServerConfigKeys (ConfUtils.java:logGet(46)) - raft.server.log.appender.buffer.byte-limit = 33554432 (custom)
2022-10-18 03:54:33,452 [pool-561-thread-1] INFO  server.RaftServerConfigKeys (ConfUtils.java:logGet(46)) - raft.server.log.statemachine.data.read.timeout = 1000ms (default)
2022-10-18 03:54:33,453 [pool-561-thread-1] INFO  server.RaftServerConfigKeys (ConfUtils.java:logGet(46)) - raft.server.log.segment.size.max = 4194304 (custom)
2022-10-18 03:54:33,453 [pool-561-thread-1] INFO  server.RaftServerConfigKeys (ConfUtils.java:logGet(46)) - raft.server.log.segment.cache.num.max = 2 (custom)
2022-10-18 03:54:33,453 [pool-561-thread-1] INFO  server.RaftServerConfigKeys (ConfUtils.java:logGet(46)) - raft.server.log.segment.cache.size.max = 200MB (=209715200) (default)
2022-10-18 03:54:33,453 [pool-561-thread-1] INFO  segmented.SegmentedRaftLogWorker (SegmentedRaftLogWorker.java:<init>(187)) - new omNode-2@group-523986131536-SegmentedRaftLogWorker for RaftStorageImpl:Storage Directory /home/runner/work/ozone/ozone/hadoop-ozone/integration-test/target/test-dir/MiniOzoneClusterImpl-5cdafbed-51d9-4f54-a43e-7c7e014ba032/omNode-2/ratis/c9bc4cf4-3bc3-3c60-a66b-523986131536
2022-10-18 03:54:33,453 [pool-561-thread-1] INFO  server.RaftServerConfigKeys (ConfUtils.java:logGet(46)) - raft.server.log.queue.byte-limit = 64MB (=67108864) (default)
2022-10-18 03:54:33,453 [pool-561-thread-1] INFO  server.RaftServerConfigKeys (ConfUtils.java:logGet(46)) - raft.server.log.queue.element-limit = 4096 (default)
2022-10-18 03:54:33,453 [pool-561-thread-1] INFO  server.RaftServerConfigKeys (ConfUtils.java:logGet(46)) - raft.server.log.segment.size.max = 4194304 (custom)
2022-10-18 03:54:33,453 [pool-561-thread-1] INFO  server.RaftServerConfigKeys (ConfUtils.java:logGet(46)) - raft.server.log.preallocated.size = 4194304 (custom)
2022-10-18 03:54:33,453 [pool-561-thread-1] INFO  server.RaftServerConfigKeys (ConfUtils.java:logGet(46)) - raft.server.log.force.sync.num = 128 (default)
2022-10-18 03:54:33,453 [pool-561-thread-1] INFO  server.RaftServerConfigKeys (ConfUtils.java:logGet(46)) - raft.server.log.statemachine.data.sync = true (default)
2022-10-18 03:54:33,453 [pool-561-thread-1] INFO  server.RaftServerConfigKeys (ConfUtils.java:logGet(46)) - raft.server.log.statemachine.data.sync.timeout = 10s (default)
2022-10-18 03:54:33,453 [pool-561-thread-1] INFO  server.RaftServerConfigKeys (ConfUtils.java:logGet(46)) - raft.server.log.statemachine.data.sync.timeout.retry = -1 (default)
2022-10-18 03:54:33,455 [pool-561-thread-1] INFO  server.RaftServerConfigKeys (ConfUtils.java:logGet(46)) - raft.server.log.write.buffer.size = 64KB (=65536) (default)
2022-10-18 03:54:33,455 [pool-561-thread-1] INFO  server.RaftServerConfigKeys (ConfUtils.java:logGet(46)) - raft.server.log.unsafe-flush.enabled = false (default)
2022-10-18 03:54:33,455 [pool-561-thread-1] INFO  server.RaftServerConfigKeys (ConfUtils.java:logGet(46)) - raft.server.log.statemachine.data.caching.enabled = false (default)
2022-10-18 03:54:33,455 [pool-561-thread-1] INFO  server.RaftServer$Division (ServerState.java:setRaftConf(393)) - omNode-2@group-523986131536: set configuration 33: [omNode-3|rpc:localhost:44279|admin:|client:|dataStream:|priority:0, omNode-1|rpc:localhost:42747|admin:|client:|dataStream:|priority:0, omNode-2|rpc:localhost:37241|admin:|client:|dataStream:|priority:0], old=null
2022-10-18 03:54:33,456 [pool-561-thread-1] INFO  segmented.LogSegment (LogSegment.java:loadSegment(173)) - Successfully read 26 entries from segment file /home/runner/work/ozone/ozone/hadoop-ozone/integration-test/target/test-dir/MiniOzoneClusterImpl-5cdafbed-51d9-4f54-a43e-7c7e014ba032/omNode-2/ratis/c9bc4cf4-3bc3-3c60-a66b-523986131536/current/log_33-58
]]></system-out>
  </testcase>
  <testcase name="testOMRestart" classname="org.apache.hadoop.ozone.om.TestOzoneManagerHAWithData" time="29.057">
    <system-out><![CDATA[2022-10-18 03:54:33,468 [Listener at localhost/35797] INFO  ozone.MiniOzoneClusterImpl (MiniOzoneClusterImpl.java:shutdown(448)) - Shutting down the Mini Ozone Cluster
2022-10-18 03:54:33,468 [Listener at localhost/35797] INFO  ozone.MiniOzoneHAClusterImpl (MiniOzoneHAClusterImpl.java:stop(312)) - Stopping the OzoneManager omNode-3
2022-10-18 03:54:33,468 [Listener at localhost/35797] INFO  om.OzoneManager (OzoneManager.java:stop(2034)) - omNode-3[localhost:45489]: Stopping Ozone Manager
2022-10-18 03:54:33,469 [Listener at localhost/35797] INFO  ipc.Server (Server.java:stop(3428)) - Stopping server on 45489
2022-10-18 03:54:33,472 [IPC Server listener on 45489] INFO  ipc.Server (Server.java:run(1384)) - Stopping IPC Server listener on 45489
2022-10-18 03:54:33,472 [Listener at localhost/35797] INFO  server.RaftServer (RaftServerProxy.java:lambda$close$7(398)) - omNode-3: close
2022-10-18 03:54:33,473 [Listener at localhost/35797] INFO  server.RaftServer$Division (RaftServerImpl.java:lambda$close$4(434)) - omNode-3@group-523986131536: shutdown
2022-10-18 03:54:33,472 [IPC Server Responder] INFO  ipc.Server (Server.java:run(1517)) - Stopping IPC Server Responder
2022-10-18 03:54:33,473 [Listener at localhost/35797] INFO  util.JmxRegister (JmxRegister.java:unregister(73)) - Successfully un-registered JMX Bean with object name Ratis:service=RaftServer,group=group-523986131536,id=omNode-3
2022-10-18 03:54:33,474 [Listener at localhost/35797] INFO  impl.RoleInfo (RoleInfo.java:shutdownFollowerState(110)) - omNode-3: shutdown omNode-3@group-523986131536-FollowerState
2022-10-18 03:54:33,474 [omNode-3@group-523986131536-FollowerState] INFO  impl.FollowerState (FollowerState.java:run(152)) - omNode-3@group-523986131536-FollowerState was interrupted
2022-10-18 03:54:33,475 [omNode-3@group-523986131536-StateMachineUpdater] INFO  ratis.OzoneManagerStateMachine (OzoneManagerStateMachine.java:close(495)) - StateMachine has shutdown. Shutdown OzoneManager if not already shutdown.
2022-10-18 03:54:33,475 [omNode-3@group-523986131536-StateMachineUpdater] INFO  ratis.OzoneManagerDoubleBuffer (OzoneManagerDoubleBuffer.java:stop(466)) - Stopping OMDoubleBuffer flush thread
2022-10-18 03:54:33,475 [OMDoubleBufferFlushThread] INFO  ratis.OzoneManagerDoubleBuffer (OzoneManagerDoubleBuffer.java:flushTransactions(385)) - OMDoubleBuffer flush thread OMDoubleBufferFlushThread is interrupted and will exit.
2022-10-18 03:54:33,476 [Listener at localhost/35797] INFO  impl.StateMachineUpdater (StateMachineUpdater.java:stopAndJoin(153)) - omNode-3@group-523986131536-StateMachineUpdater: set stopIndex = 148
2022-10-18 03:54:33,476 [Listener at localhost/35797] INFO  server.RaftServer$Division (ServerState.java:close(429)) - omNode-3@group-523986131536: closes. applyIndex: 148
2022-10-18 03:54:33,476 [omNode-3@group-523986131536-SegmentedRaftLogWorker] INFO  segmented.SegmentedRaftLogWorker (SegmentedRaftLogWorker.java:run(336)) - omNode-3@group-523986131536-SegmentedRaftLogWorker was interrupted, exiting. There are 0 tasks remaining in the queue.
2022-10-18 03:54:33,477 [Listener at localhost/35797] INFO  segmented.SegmentedRaftLogWorker (SegmentedRaftLogWorker.java:close(246)) - omNode-3@group-523986131536-SegmentedRaftLogWorker close()
2022-10-18 03:54:33,478 [Listener at localhost/35797] INFO  server.GrpcService (GrpcService.java:closeImpl(269)) - omNode-3: shutdown server with port 44279 now
2022-10-18 03:54:33,479 [Listener at localhost/35797] INFO  server.GrpcService (GrpcService.java:closeImpl(278)) - omNode-3: shutdown server with port 44279 successfully
2022-10-18 03:54:33,480 [org.apache.ratis.util.JvmPauseMonitor$$Lambda$703/726954313@61579702] INFO  util.JvmPauseMonitor (JvmPauseMonitor.java:run(109)) - JvmPauseMonitor-omNode-3: Stopped
2022-10-18 03:54:33,480 [Listener at localhost/35797] INFO  ratis.OzoneManagerStateMachine (OzoneManagerStateMachine.java:close(495)) - StateMachine has shutdown. Shutdown OzoneManager if not already shutdown.
2022-10-18 03:54:33,480 [Listener at localhost/35797] INFO  ratis.OzoneManagerDoubleBuffer (OzoneManagerDoubleBuffer.java:stop(478)) - OMDoubleBuffer flush thread is not running.
2022-10-18 03:54:33,481 [Listener at localhost/35797] INFO  handler.ContextHandler (ContextHandler.java:doStop(1153)) - Stopped o.e.j.w.WebAppContext@31b4c916{ozoneManager,/,null,STOPPED}{file:/home/runner/work/ozone/ozone/hadoop-ozone/integration-test/target/test-classes/webapps/ozoneManager}
2022-10-18 03:54:33,482 [Listener at localhost/35797] INFO  server.AbstractConnector (AbstractConnector.java:doStop(381)) - Stopped ServerConnector@748e7561{HTTP/1.1, (http/1.1)}{0.0.0.0:34765}
2022-10-18 03:54:33,482 [Listener at localhost/35797] INFO  server.session (HouseKeeper.java:stopScavenging(149)) - node0 Stopped scavenging
2022-10-18 03:54:33,482 [Listener at localhost/35797] INFO  handler.ContextHandler (ContextHandler.java:doStop(1153)) - Stopped o.e.j.s.ServletContextHandler@2c257485{static,/static,file:///home/runner/work/ozone/ozone/hadoop-ozone/integration-test/target/test-classes/webapps/static,STOPPED}
2022-10-18 03:54:33,482 [Listener at localhost/35797] INFO  handler.ContextHandler (ContextHandler.java:doStop(1153)) - Stopped o.e.j.s.ServletContextHandler@6f74e852{logs,/logs,file:///home/runner/work/ozone/ozone/hadoop-ozone/integration-test/target/log,STOPPED}
2022-10-18 03:54:33,485 [Listener at localhost/35797] INFO  ozone.MiniOzoneHAClusterImpl (MiniOzoneHAClusterImpl.java:stop(312)) - Stopping the OzoneManager omNode-1
2022-10-18 03:54:33,485 [Listener at localhost/35797] INFO  om.OzoneManager (OzoneManager.java:stop(2034)) - omNode-1[localhost:35797]: Stopping Ozone Manager
2022-10-18 03:54:33,486 [Listener at localhost/35797] INFO  ipc.Server (Server.java:stop(3428)) - Stopping server on 35797
2022-10-18 03:54:33,487 [IPC Server listener on 35797] INFO  ipc.Server (Server.java:run(1384)) - Stopping IPC Server listener on 35797
2022-10-18 03:54:33,498 [IPC Server Responder] INFO  ipc.Server (Server.java:run(1517)) - Stopping IPC Server Responder
2022-10-18 03:54:33,498 [Listener at localhost/35797] INFO  server.RaftServer (RaftServerProxy.java:lambda$close$7(398)) - omNode-1: close
2022-10-18 03:54:33,498 [Listener at localhost/35797] INFO  server.RaftServer$Division (RaftServerImpl.java:lambda$close$4(434)) - omNode-1@group-523986131536: shutdown
2022-10-18 03:54:33,498 [Listener at localhost/35797] INFO  util.JmxRegister (JmxRegister.java:unregister(73)) - Successfully un-registered JMX Bean with object name Ratis:service=RaftServer,group=group-523986131536,id=omNode-1
2022-10-18 03:54:33,499 [Listener at localhost/35797] INFO  impl.RoleInfo (RoleInfo.java:shutdownFollowerState(110)) - omNode-1: shutdown omNode-1@group-523986131536-FollowerState
2022-10-18 03:54:33,499 [omNode-1@group-523986131536-StateMachineUpdater] INFO  ratis.OzoneManagerStateMachine (OzoneManagerStateMachine.java:close(495)) - StateMachine has shutdown. Shutdown OzoneManager if not already shutdown.
2022-10-18 03:54:33,499 [omNode-1@group-523986131536-FollowerState] INFO  impl.FollowerState (FollowerState.java:run(152)) - omNode-1@group-523986131536-FollowerState was interrupted
2022-10-18 03:54:33,499 [Listener at localhost/35797] INFO  impl.StateMachineUpdater (StateMachineUpdater.java:stopAndJoin(153)) - omNode-1@group-523986131536-StateMachineUpdater: set stopIndex = 148
2022-10-18 03:54:33,499 [omNode-1@group-523986131536-StateMachineUpdater] INFO  ratis.OzoneManagerDoubleBuffer (OzoneManagerDoubleBuffer.java:stop(466)) - Stopping OMDoubleBuffer flush thread
2022-10-18 03:54:33,505 [OMDoubleBufferFlushThread] INFO  ratis.OzoneManagerDoubleBuffer (OzoneManagerDoubleBuffer.java:flushTransactions(385)) - OMDoubleBuffer flush thread OMDoubleBufferFlushThread is interrupted and will exit.
2022-10-18 03:54:33,506 [Listener at localhost/35797] INFO  server.RaftServer$Division (ServerState.java:close(429)) - omNode-1@group-523986131536: closes. applyIndex: 148
2022-10-18 03:54:33,506 [omNode-1@group-523986131536-SegmentedRaftLogWorker] INFO  segmented.SegmentedRaftLogWorker (SegmentedRaftLogWorker.java:run(336)) - omNode-1@group-523986131536-SegmentedRaftLogWorker was interrupted, exiting. There are 0 tasks remaining in the queue.
2022-10-18 03:54:33,507 [Listener at localhost/35797] INFO  segmented.SegmentedRaftLogWorker (SegmentedRaftLogWorker.java:close(246)) - omNode-1@group-523986131536-SegmentedRaftLogWorker close()
2022-10-18 03:54:33,508 [Listener at localhost/35797] INFO  server.GrpcService (GrpcService.java:closeImpl(269)) - omNode-1: shutdown server with port 42747 now
2022-10-18 03:54:33,508 [Listener at localhost/35797] INFO  server.GrpcService (GrpcService.java:closeImpl(278)) - omNode-1: shutdown server with port 42747 successfully
2022-10-18 03:54:33,509 [org.apache.ratis.util.JvmPauseMonitor$$Lambda$703/726954313@50ef69d] INFO  util.JvmPauseMonitor (JvmPauseMonitor.java:run(109)) - JvmPauseMonitor-omNode-1: Stopped
2022-10-18 03:54:33,509 [Listener at localhost/35797] INFO  ratis.OzoneManagerStateMachine (OzoneManagerStateMachine.java:close(495)) - StateMachine has shutdown. Shutdown OzoneManager if not already shutdown.
2022-10-18 03:54:33,509 [Listener at localhost/35797] INFO  ratis.OzoneManagerDoubleBuffer (OzoneManagerDoubleBuffer.java:stop(478)) - OMDoubleBuffer flush thread is not running.
2022-10-18 03:54:33,510 [Listener at localhost/35797] INFO  handler.ContextHandler (ContextHandler.java:doStop(1153)) - Stopped o.e.j.w.WebAppContext@33e0224e{ozoneManager,/,null,STOPPED}{file:/home/runner/work/ozone/ozone/hadoop-ozone/integration-test/target/test-classes/webapps/ozoneManager}
2022-10-18 03:54:33,510 [Listener at localhost/35797] INFO  server.AbstractConnector (AbstractConnector.java:doStop(381)) - Stopped ServerConnector@3ce2ca81{HTTP/1.1, (http/1.1)}{0.0.0.0:41161}
2022-10-18 03:54:33,511 [Listener at localhost/35797] INFO  server.session (HouseKeeper.java:stopScavenging(149)) - node0 Stopped scavenging
2022-10-18 03:54:33,511 [Listener at localhost/35797] INFO  handler.ContextHandler (ContextHandler.java:doStop(1153)) - Stopped o.e.j.s.ServletContextHandler@72521696{static,/static,file:///home/runner/work/ozone/ozone/hadoop-ozone/integration-test/target/test-classes/webapps/static,STOPPED}
2022-10-18 03:54:33,511 [Listener at localhost/35797] INFO  handler.ContextHandler (ContextHandler.java:doStop(1153)) - Stopped o.e.j.s.ServletContextHandler@3e4bca9{logs,/logs,file:///home/runner/work/ozone/ozone/hadoop-ozone/integration-test/target/log,STOPPED}
2022-10-18 03:54:33,513 [Listener at localhost/35797] INFO  ozone.MiniOzoneHAClusterImpl (MiniOzoneHAClusterImpl.java:stop(312)) - Stopping the OzoneManager omNode-2
2022-10-18 03:54:33,514 [Listener at localhost/35797] INFO  om.OzoneManager (OzoneManager.java:stop(2034)) - omNode-2[localhost:37159]: Stopping Ozone Manager
2022-10-18 03:54:33,514 [Listener at localhost/35797] INFO  ozone.MiniOzoneHAClusterImpl (MiniOzoneHAClusterImpl.java:stop(320)) - Stopping the StorageContainerManager 5d5b2f67-1229-4ca9-8a7a-60ed2903cab6
2022-10-18 03:54:33,514 [Listener at localhost/35797] INFO  server.StorageContainerManager (StorageContainerManager.java:stop(1528)) - Container Balancer is not running.
2022-10-18 03:54:33,514 [Listener at localhost/35797] INFO  server.StorageContainerManager (StorageContainerManager.java:stop(1535)) - Stopping Replication Manager Service.
2022-10-18 03:54:33,514 [Listener at localhost/35797] INFO  replication.ReplicationManager (ReplicationManager.java:stop(257)) - Stopping Replication Monitor Thread.
2022-10-18 03:54:33,514 [Listener at localhost/35797] INFO  server.StorageContainerManager (StorageContainerManager.java:stop(1542)) - Stopping the Datanode Admin Monitor.
2022-10-18 03:54:33,515 [ReplicationMonitor] INFO  replication.ReplicationManager (ReplicationManager.java:run(509)) - Replication Monitor Thread is stopped
2022-10-18 03:54:33,515 [Over Replicated Processor] WARN  replication.OverReplicatedProcessor (OverReplicatedProcessor.java:run(137)) - Over Replicated Processor interrupted. Exiting...
2022-10-18 03:54:33,514 [Under Replicated Processor] WARN  replication.UnderReplicatedProcessor (UnderReplicatedProcessor.java:run(148)) - Under Replicated Processor interrupted. Exiting...
2022-10-18 03:54:33,515 [Listener at localhost/35797] INFO  server.StorageContainerManager (StorageContainerManager.java:stop(1549)) - Stopping Lease Manager of the command watchers
2022-10-18 03:54:33,516 [Listener at localhost/35797] INFO  server.StorageContainerManager (StorageContainerManager.java:stop(1556)) - Stopping datanode service RPC server
2022-10-18 03:54:33,516 [Listener at localhost/35797] INFO  server.SCMDatanodeProtocolServer (SCMDatanodeProtocolServer.java:stop(414)) - Stopping the RPC server for DataNodes
2022-10-18 03:54:33,516 [Listener at localhost/35797] INFO  ipc.Server (Server.java:stop(3428)) - Stopping server on 43069
2022-10-18 03:54:33,517 [IPC Server listener on 0] INFO  ipc.Server (Server.java:run(1384)) - Stopping IPC Server listener on 0
2022-10-18 03:54:33,520 [IPC Server Responder] INFO  ipc.Server (Server.java:run(1517)) - Stopping IPC Server Responder
2022-10-18 03:54:33,550 [SCM Heartbeat Processing Thread - 0] WARN  node.NodeStateManager (NodeStateManager.java:scheduleNextHealthCheck(870)) - Current Thread is interrupted, shutting down HB processing thread for Node Manager.
2022-10-18 03:54:33,552 [Listener at localhost/35797] INFO  server.StorageContainerManager (StorageContainerManager.java:stop(1564)) - Stopping block service RPC server
2022-10-18 03:54:33,552 [Listener at localhost/35797] INFO  server.SCMBlockProtocolServer (SCMBlockProtocolServer.java:stop(161)) - Stopping the RPC server for Block Protocol
2022-10-18 03:54:33,552 [Listener at localhost/35797] INFO  ipc.Server (Server.java:stop(3428)) - Stopping server on 40109
2022-10-18 03:54:33,553 [IPC Server Responder] INFO  ipc.Server (Server.java:run(1517)) - Stopping IPC Server Responder
2022-10-18 03:54:33,553 [Listener at localhost/35797] INFO  server.StorageContainerManager (StorageContainerManager.java:stop(1571)) - Stopping the StorageContainerLocationProtocol RPC server
2022-10-18 03:54:33,553 [IPC Server listener on 0] INFO  ipc.Server (Server.java:run(1384)) - Stopping IPC Server listener on 0
2022-10-18 03:54:33,553 [Listener at localhost/35797] INFO  server.SCMClientProtocolServer (SCMClientProtocolServer.java:stop(179)) - Stopping the RPC server for Client Protocol
2022-10-18 03:54:33,554 [Listener at localhost/35797] INFO  ipc.Server (Server.java:stop(3428)) - Stopping server on 33641
2022-10-18 03:54:33,555 [IPC Server listener on 0] INFO  ipc.Server (Server.java:run(1384)) - Stopping IPC Server listener on 0
2022-10-18 03:54:33,556 [IPC Server Responder] INFO  ipc.Server (Server.java:run(1517)) - Stopping IPC Server Responder
2022-10-18 03:54:33,557 [Listener at localhost/35797] INFO  server.StorageContainerManager (StorageContainerManager.java:stop(1578)) - Stopping Storage Container Manager HTTP server.
2022-10-18 03:54:33,558 [Listener at localhost/35797] INFO  handler.ContextHandler (ContextHandler.java:doStop(1153)) - Stopped o.e.j.w.WebAppContext@46baac0d{scm,/,null,STOPPED}{file:/home/runner/work/ozone/ozone/hadoop-ozone/integration-test/target/test-classes/webapps/scm}
2022-10-18 03:54:33,559 [Listener at localhost/35797] INFO  server.AbstractConnector (AbstractConnector.java:doStop(381)) - Stopped ServerConnector@1f4b8027{HTTP/1.1, (http/1.1)}{0.0.0.0:0}
2022-10-18 03:54:33,559 [Listener at localhost/35797] INFO  server.session (HouseKeeper.java:stopScavenging(149)) - node0 Stopped scavenging
2022-10-18 03:54:33,559 [Listener at localhost/35797] INFO  handler.ContextHandler (ContextHandler.java:doStop(1153)) - Stopped o.e.j.s.ServletContextHandler@14b9817b{static,/static,file:///home/runner/work/ozone/ozone/hadoop-ozone/integration-test/target/test-classes/webapps/static,STOPPED}
2022-10-18 03:54:33,560 [Listener at localhost/35797] INFO  handler.ContextHandler (ContextHandler.java:doStop(1153)) - Stopped o.e.j.s.ServletContextHandler@1a59500b{logs,/logs,file:///home/runner/work/ozone/ozone/hadoop-ozone/integration-test/target/log,STOPPED}
2022-10-18 03:54:33,561 [Listener at localhost/35797] INFO  server.StorageContainerManager (StorageContainerManager.java:stop(1584)) - Stopping SCM LayoutVersionManager Service.
2022-10-18 03:54:33,561 [Listener at localhost/35797] INFO  server.StorageContainerManager (StorageContainerManager.java:stop(1592)) - Stopping Block Manager Service.
2022-10-18 03:54:33,561 [Listener at localhost/35797] INFO  utils.BackgroundService (BackgroundService.java:shutdown(141)) - Shutting down service SCMBlockDeletingService
2022-10-18 03:54:33,561 [Listener at localhost/35797] INFO  utils.BackgroundService (BackgroundService.java:shutdown(141)) - Shutting down service SCMBlockDeletingService
2022-10-18 03:54:33,566 [Listener at localhost/35797] INFO  server.StorageContainerManager (StorageContainerManager.java:stop(1619)) - Stopping SCM Event Queue.
2022-10-18 03:54:33,574 [Listener at localhost/35797] INFO  server.StorageContainerManager (StorageContainerManager.java:stop(1630)) - Stopping SCM HA services.
2022-10-18 03:54:33,574 [Listener at localhost/35797] INFO  pipeline.BackgroundPipelineCreator (BackgroundPipelineCreator.java:stop(149)) - Stopping RatisPipelineUtilsThread.
2022-10-18 03:54:33,574 [RatisPipelineUtilsThread - 0] WARN  pipeline.BackgroundPipelineCreator (BackgroundPipelineCreator.java:run(180)) - RatisPipelineUtilsThread is interrupted.
2022-10-18 03:54:33,574 [Listener at localhost/35797] INFO  BackgroundPipelineScrubber (BackgroundSCMService.java:stop(131)) - Stopping BackgroundPipelineScrubber Service.
2022-10-18 03:54:33,575 [BackgroundPipelineScrubberThread] WARN  BackgroundPipelineScrubber (BackgroundSCMService.java:run(115)) - BackgroundPipelineScrubber is interrupted, exit
2022-10-18 03:54:33,576 [Listener at localhost/35797] INFO  impl.MetricsSystemImpl (MetricsSystemImpl.java:stop(210)) - Stopping OzoneManager metrics system...
2022-10-18 03:54:33,587 [prometheus] INFO  impl.MetricsSinkAdapter (MetricsSinkAdapter.java:publishMetricsFromQueue(141)) - prometheus thread interrupted.
2022-10-18 03:54:33,587 [Listener at localhost/35797] INFO  impl.MetricsSystemImpl (MetricsSystemImpl.java:stop(216)) - OzoneManager metrics system stopped.
2022-10-18 03:54:33,588 [Listener at localhost/35797] WARN  pipeline.BackgroundPipelineCreator (BackgroundPipelineCreator.java:stop(145)) - RatisPipelineUtilsThread is not running, just ignore.
2022-10-18 03:54:33,588 [Listener at localhost/35797] INFO  BackgroundPipelineScrubber (BackgroundSCMService.java:stop(126)) - BackgroundPipelineScrubber Service is not running, skip stop.
2022-10-18 03:54:33,588 [Listener at localhost/35797] INFO  ExpiredContainerReplicaOpScrubber (BackgroundSCMService.java:stop(131)) - Stopping ExpiredContainerReplicaOpScrubber Service.
2022-10-18 03:54:33,588 [ExpiredContainerReplicaOpScrubberThread] WARN  ExpiredContainerReplicaOpScrubber (BackgroundSCMService.java:run(115)) - ExpiredContainerReplicaOpScrubber is interrupted, exit
2022-10-18 03:54:33,588 [Listener at localhost/35797] INFO  utils.BackgroundService (BackgroundService.java:shutdown(141)) - Shutting down service SCMBlockDeletingService
2022-10-18 03:54:33,589 [Listener at localhost/35797] INFO  replication.ReplicationManager (ReplicationManager.java:stop(265)) - Replication Monitor Thread is not running.
2022-10-18 03:54:33,589 [Listener at localhost/35797] WARN  balancer.ContainerBalancer (ContainerBalancer.java:stop(322)) - Cannot stop Container Balancer because it's not running or stopping
2022-10-18 03:54:33,589 [Listener at localhost/35797] INFO  server.StorageContainerManager (StorageContainerManager.java:stop(1648)) - Stopping SCM MetadataStore.
2022-10-18 03:54:33,590 [Listener at localhost/35797] INFO  ozone.MiniOzoneClusterImpl (MiniOzoneClusterImpl.java:stop(463)) - Stopping the Mini Ozone Cluster
2022-10-18 03:54:33,591 [Listener at localhost/35797] INFO  ozone.MiniOzoneClusterImpl (MiniOzoneClusterImpl.java:stopDatanodes(522)) - Stopping the HddsDatanodes
2022-10-18 03:54:33,592 [EndpointStateMachine task thread for /0.0.0.0:43069 - 0 ] WARN  statemachine.EndpointStateMachine (EndpointStateMachine.java:logIfNeeded(242)) - Unable to communicate to SCM server at 0.0.0.0:43069 for past 0 seconds.
java.io.EOFException: End of File Exception between local host is: "fv-az573-760/10.1.0.75"; destination host is: "0.0.0.0":43069; : java.io.EOFException; For more details see:  http://wiki.apache.org/hadoop/EOFException
	at sun.reflect.NativeConstructorAccessorImpl.newInstance0(Native Method)
	at sun.reflect.NativeConstructorAccessorImpl.newInstance(NativeConstructorAccessorImpl.java:62)
	at sun.reflect.DelegatingConstructorAccessorImpl.newInstance(DelegatingConstructorAccessorImpl.java:45)
	at java.lang.reflect.Constructor.newInstance(Constructor.java:423)
	at org.apache.hadoop.net.NetUtils.wrapWithMessage(NetUtils.java:913)
	at org.apache.hadoop.net.NetUtils.wrapException(NetUtils.java:862)
	at org.apache.hadoop.ipc.Client.getRpcResponse(Client.java:1616)
	at org.apache.hadoop.ipc.Client.call(Client.java:1558)
	at org.apache.hadoop.ipc.Client.call(Client.java:1455)
	at org.apache.hadoop.ipc.ProtobufRpcEngine$Invoker.invoke(ProtobufRpcEngine.java:235)
	at org.apache.hadoop.ipc.ProtobufRpcEngine$Invoker.invoke(ProtobufRpcEngine.java:122)
	at com.sun.proxy.$Proxy54.submitRequest(Unknown Source)
	at org.apache.hadoop.ozone.protocolPB.StorageContainerDatanodeProtocolClientSideTranslatorPB.submitRequest(StorageContainerDatanodeProtocolClientSideTranslatorPB.java:117)
	at org.apache.hadoop.ozone.protocolPB.StorageContainerDatanodeProtocolClientSideTranslatorPB.sendHeartbeat(StorageContainerDatanodeProtocolClientSideTranslatorPB.java:149)
	at org.apache.hadoop.ozone.container.common.states.endpoint.HeartbeatEndpointTask.call(HeartbeatEndpointTask.java:185)
	at org.apache.hadoop.ozone.container.common.states.endpoint.HeartbeatEndpointTask.call(HeartbeatEndpointTask.java:87)
	at java.util.concurrent.FutureTask.run(FutureTask.java:266)
	at java.util.concurrent.ThreadPoolExecutor.runWorker(ThreadPoolExecutor.java:1149)
	at java.util.concurrent.ThreadPoolExecutor$Worker.run(ThreadPoolExecutor.java:624)
	at java.lang.Thread.run(Thread.java:750)
Caused by: java.io.EOFException
	at java.io.DataInputStream.readInt(DataInputStream.java:392)
	at org.apache.hadoop.ipc.Client$IpcStreams.readResponse(Client.java:1922)
	at org.apache.hadoop.ipc.Client$Connection.receiveRpcResponse(Client.java:1238)
	at org.apache.hadoop.ipc.Client$Connection.run(Client.java:1134)
2022-10-18 03:54:33,597 [ForkJoinPool.commonPool-worker-0] INFO  ozoneimpl.OzoneContainer (OzoneContainer.java:stop(400)) - Attempting to stop container services.
2022-10-18 03:54:33,597 [Listener at localhost/35797] INFO  ozoneimpl.OzoneContainer (OzoneContainer.java:stop(400)) - Attempting to stop container services.
2022-10-18 03:54:33,598 [ForkJoinPool.commonPool-worker-0] INFO  server.RaftServer (RaftServerProxy.java:lambda$close$7(398)) - d82b3d45-d655-4a89-a275-3b2497edd339: close
2022-10-18 03:54:33,599 [ForkJoinPool.commonPool-worker-0] INFO  server.RaftServer$Division (RaftServerImpl.java:lambda$close$4(434)) - d82b3d45-d655-4a89-a275-3b2497edd339@group-F77B1AE49E46: shutdown
2022-10-18 03:54:33,599 [ForkJoinPool.commonPool-worker-0] INFO  util.JmxRegister (JmxRegister.java:unregister(73)) - Successfully un-registered JMX Bean with object name Ratis:service=RaftServer,group=group-F77B1AE49E46,id=d82b3d45-d655-4a89-a275-3b2497edd339
2022-10-18 03:54:33,599 [ForkJoinPool.commonPool-worker-0] INFO  impl.RoleInfo (RoleInfo.java:shutdownLeaderState(93)) - d82b3d45-d655-4a89-a275-3b2497edd339: shutdown d82b3d45-d655-4a89-a275-3b2497edd339@group-F77B1AE49E46-LeaderStateImpl
2022-10-18 03:54:33,599 [ForkJoinPool.commonPool-worker-0] INFO  impl.PendingRequests (PendingRequests.java:sendNotLeaderResponses(282)) - d82b3d45-d655-4a89-a275-3b2497edd339@group-F77B1AE49E46-PendingRequests: sendNotLeaderResponses
2022-10-18 03:54:33,601 [ForkJoinPool.commonPool-worker-0] INFO  impl.StateMachineUpdater (StateMachineUpdater.java:stopAndJoin(153)) - d82b3d45-d655-4a89-a275-3b2497edd339@group-F77B1AE49E46-StateMachineUpdater: set stopIndex = 22
2022-10-18 03:54:33,602 [d82b3d45-d655-4a89-a275-3b2497edd339@group-F77B1AE49E46-StateMachineUpdater] INFO  ratis.ContainerStateMachine (ContainerStateMachine.java:takeSnapshot(304)) - group-F77B1AE49E46: Taking a snapshot at:(t:1, i:22) file /home/runner/work/ozone/ozone/hadoop-ozone/integration-test/target/test-dir/MiniOzoneClusterImpl-5cdafbed-51d9-4f54-a43e-7c7e014ba032/datanode-0/data/ratis/1bc7a4c0-ae37-4790-b001-f77b1ae49e46/sm/snapshot.1_22
2022-10-18 03:54:33,612 [Listener at localhost/35797] INFO  server.RaftServer (RaftServerProxy.java:lambda$close$7(398)) - e292a541-f338-4081-a529-9c633adc47b7: close
2022-10-18 03:54:33,612 [Listener at localhost/35797] INFO  server.RaftServer$Division (RaftServerImpl.java:lambda$close$4(434)) - e292a541-f338-4081-a529-9c633adc47b7@group-564086F3F3C4: shutdown
2022-10-18 03:54:33,612 [Listener at localhost/35797] INFO  util.JmxRegister (JmxRegister.java:unregister(73)) - Successfully un-registered JMX Bean with object name Ratis:service=RaftServer,group=group-564086F3F3C4,id=e292a541-f338-4081-a529-9c633adc47b7
2022-10-18 03:54:33,612 [Listener at localhost/35797] INFO  impl.RoleInfo (RoleInfo.java:shutdownLeaderState(93)) - e292a541-f338-4081-a529-9c633adc47b7: shutdown e292a541-f338-4081-a529-9c633adc47b7@group-564086F3F3C4-LeaderStateImpl
2022-10-18 03:54:33,613 [Listener at localhost/35797] INFO  impl.PendingRequests (PendingRequests.java:sendNotLeaderResponses(282)) - e292a541-f338-4081-a529-9c633adc47b7@group-564086F3F3C4-PendingRequests: sendNotLeaderResponses
2022-10-18 03:54:33,618 [Listener at localhost/35797] INFO  impl.StateMachineUpdater (StateMachineUpdater.java:stopAndJoin(153)) - e292a541-f338-4081-a529-9c633adc47b7@group-564086F3F3C4-StateMachineUpdater: set stopIndex = 20
2022-10-18 03:54:33,619 [e292a541-f338-4081-a529-9c633adc47b7@group-564086F3F3C4-StateMachineUpdater] INFO  ratis.ContainerStateMachine (ContainerStateMachine.java:takeSnapshot(304)) - group-564086F3F3C4: Taking a snapshot at:(t:1, i:20) file /home/runner/work/ozone/ozone/hadoop-ozone/integration-test/target/test-dir/MiniOzoneClusterImpl-5cdafbed-51d9-4f54-a43e-7c7e014ba032/datanode-1/data/ratis/8ee39dd3-e69a-4daf-b1e4-564086f3f3c4/sm/snapshot.1_20
2022-10-18 03:54:33,625 [e292a541-f338-4081-a529-9c633adc47b7@group-564086F3F3C4-StateMachineUpdater] INFO  ratis.ContainerStateMachine (ContainerStateMachine.java:takeSnapshot(315)) - group-564086F3F3C4: Finished taking a snapshot at:(t:1, i:20) file:/home/runner/work/ozone/ozone/hadoop-ozone/integration-test/target/test-dir/MiniOzoneClusterImpl-5cdafbed-51d9-4f54-a43e-7c7e014ba032/datanode-1/data/ratis/8ee39dd3-e69a-4daf-b1e4-564086f3f3c4/sm/snapshot.1_20 took: 6 ms
2022-10-18 03:54:33,627 [d82b3d45-d655-4a89-a275-3b2497edd339@group-F77B1AE49E46-StateMachineUpdater] INFO  ratis.ContainerStateMachine (ContainerStateMachine.java:takeSnapshot(315)) - group-F77B1AE49E46: Finished taking a snapshot at:(t:1, i:22) file:/home/runner/work/ozone/ozone/hadoop-ozone/integration-test/target/test-dir/MiniOzoneClusterImpl-5cdafbed-51d9-4f54-a43e-7c7e014ba032/datanode-0/data/ratis/1bc7a4c0-ae37-4790-b001-f77b1ae49e46/sm/snapshot.1_22 took: 25 ms
2022-10-18 03:54:33,627 [e292a541-f338-4081-a529-9c633adc47b7@group-564086F3F3C4-StateMachineUpdater] INFO  impl.StateMachineUpdater (StateMachineUpdater.java:takeSnapshot(287)) - e292a541-f338-4081-a529-9c633adc47b7@group-564086F3F3C4-StateMachineUpdater: Took a snapshot at index 20
2022-10-18 03:54:33,627 [e292a541-f338-4081-a529-9c633adc47b7@group-564086F3F3C4-StateMachineUpdater] INFO  impl.StateMachineUpdater (StateMachineUpdater.java:lambda$new$0(92)) - e292a541-f338-4081-a529-9c633adc47b7@group-564086F3F3C4-StateMachineUpdater: snapshotIndex: updateIncreasingly -1 -> 20
2022-10-18 03:54:33,629 [d82b3d45-d655-4a89-a275-3b2497edd339@group-F77B1AE49E46-StateMachineUpdater] INFO  impl.StateMachineUpdater (StateMachineUpdater.java:takeSnapshot(287)) - d82b3d45-d655-4a89-a275-3b2497edd339@group-F77B1AE49E46-StateMachineUpdater: Took a snapshot at index 22
2022-10-18 03:54:33,629 [d82b3d45-d655-4a89-a275-3b2497edd339@group-F77B1AE49E46-StateMachineUpdater] INFO  impl.StateMachineUpdater (StateMachineUpdater.java:lambda$new$0(92)) - d82b3d45-d655-4a89-a275-3b2497edd339@group-F77B1AE49E46-StateMachineUpdater: snapshotIndex: updateIncreasingly -1 -> 22
2022-10-18 03:54:33,631 [ForkJoinPool.commonPool-worker-0] INFO  server.RaftServer$Division (ServerState.java:close(429)) - d82b3d45-d655-4a89-a275-3b2497edd339@group-F77B1AE49E46: closes. applyIndex: 22
2022-10-18 03:54:33,631 [d82b3d45-d655-4a89-a275-3b2497edd339@group-F77B1AE49E46-SegmentedRaftLogWorker] INFO  segmented.SegmentedRaftLogWorker (SegmentedRaftLogWorker.java:run(336)) - d82b3d45-d655-4a89-a275-3b2497edd339@group-F77B1AE49E46-SegmentedRaftLogWorker was interrupted, exiting. There are 0 tasks remaining in the queue.
2022-10-18 03:54:33,631 [ForkJoinPool.commonPool-worker-0] INFO  segmented.SegmentedRaftLogWorker (SegmentedRaftLogWorker.java:close(246)) - d82b3d45-d655-4a89-a275-3b2497edd339@group-F77B1AE49E46-SegmentedRaftLogWorker close()
2022-10-18 03:54:33,632 [ForkJoinPool.commonPool-worker-0] INFO  server.RaftServer$Division (RaftServerImpl.java:lambda$close$4(434)) - d82b3d45-d655-4a89-a275-3b2497edd339@group-7C090B2D8C9D: shutdown
2022-10-18 03:54:33,632 [ForkJoinPool.commonPool-worker-0] INFO  util.JmxRegister (JmxRegister.java:unregister(73)) - Successfully un-registered JMX Bean with object name Ratis:service=RaftServer,group=group-7C090B2D8C9D,id=d82b3d45-d655-4a89-a275-3b2497edd339
2022-10-18 03:54:33,632 [ForkJoinPool.commonPool-worker-0] INFO  impl.RoleInfo (RoleInfo.java:shutdownLeaderState(93)) - d82b3d45-d655-4a89-a275-3b2497edd339: shutdown d82b3d45-d655-4a89-a275-3b2497edd339@group-7C090B2D8C9D-LeaderStateImpl
2022-10-18 03:54:33,632 [d82b3d45-d655-4a89-a275-3b2497edd339@group-7C090B2D8C9D->f6f53d54-4cd3-435a-b21b-2cdd3dcfe81c-GrpcLogAppender-LogAppenderDaemon] WARN  server.GrpcLogAppender (GrpcLogAppender.java:mayWait(171)) - d82b3d45-d655-4a89-a275-3b2497edd339@group-7C090B2D8C9D->f6f53d54-4cd3-435a-b21b-2cdd3dcfe81c-GrpcLogAppender: Wait interrupted by java.lang.InterruptedException
2022-10-18 03:54:33,632 [ForkJoinPool.commonPool-worker-0] INFO  impl.PendingRequests (PendingRequests.java:sendNotLeaderResponses(282)) - d82b3d45-d655-4a89-a275-3b2497edd339@group-7C090B2D8C9D-PendingRequests: sendNotLeaderResponses
2022-10-18 03:54:33,632 [d82b3d45-d655-4a89-a275-3b2497edd339@group-7C090B2D8C9D->e292a541-f338-4081-a529-9c633adc47b7-GrpcLogAppender-LogAppenderDaemon] WARN  server.GrpcLogAppender (GrpcLogAppender.java:mayWait(171)) - d82b3d45-d655-4a89-a275-3b2497edd339@group-7C090B2D8C9D->e292a541-f338-4081-a529-9c633adc47b7-GrpcLogAppender: Wait interrupted by java.lang.InterruptedException
2022-10-18 03:54:33,633 [ForkJoinPool.commonPool-worker-0] INFO  impl.StateMachineUpdater (StateMachineUpdater.java:stopAndJoin(153)) - d82b3d45-d655-4a89-a275-3b2497edd339@group-7C090B2D8C9D-StateMachineUpdater: set stopIndex = 0
2022-10-18 03:54:33,633 [d82b3d45-d655-4a89-a275-3b2497edd339@group-7C090B2D8C9D-StateMachineUpdater] INFO  ratis.ContainerStateMachine (ContainerStateMachine.java:takeSnapshot(304)) - group-7C090B2D8C9D: Taking a snapshot at:(t:1, i:0) file /home/runner/work/ozone/ozone/hadoop-ozone/integration-test/target/test-dir/MiniOzoneClusterImpl-5cdafbed-51d9-4f54-a43e-7c7e014ba032/datanode-0/data/ratis/dc47a2af-6ab2-4aaf-adf4-7c090b2d8c9d/sm/snapshot.1_0
2022-10-18 03:54:33,633 [grpc-default-executor-1] INFO  server.GrpcServerProtocolService (GrpcServerProtocolService.java:onCompleted(140)) - f6f53d54-4cd3-435a-b21b-2cdd3dcfe81c: Completed APPEND_ENTRIES, lastRequest: d82b3d45-d655-4a89-a275-3b2497edd339->f6f53d54-4cd3-435a-b21b-2cdd3dcfe81c#1-t1,previous=(t:0, i:0),leaderCommit=-1,initializing? true,entries: size=1, first=(t:1, i:0), CONFIGURATIONENTRY
2022-10-18 03:54:33,634 [grpc-default-executor-2] INFO  server.GrpcServerProtocolService (GrpcServerProtocolService.java:onCompleted(140)) - e292a541-f338-4081-a529-9c633adc47b7: Completed APPEND_ENTRIES, lastRequest: d82b3d45-d655-4a89-a275-3b2497edd339->e292a541-f338-4081-a529-9c633adc47b7#1-t1,previous=(t:0, i:0),leaderCommit=0,initializing? true,entries: size=1, first=(t:1, i:0), CONFIGURATIONENTRY
2022-10-18 03:54:33,634 [d82b3d45-d655-4a89-a275-3b2497edd339@group-7C090B2D8C9D-StateMachineUpdater] INFO  ratis.ContainerStateMachine (ContainerStateMachine.java:takeSnapshot(315)) - group-7C090B2D8C9D: Finished taking a snapshot at:(t:1, i:0) file:/home/runner/work/ozone/ozone/hadoop-ozone/integration-test/target/test-dir/MiniOzoneClusterImpl-5cdafbed-51d9-4f54-a43e-7c7e014ba032/datanode-0/data/ratis/dc47a2af-6ab2-4aaf-adf4-7c090b2d8c9d/sm/snapshot.1_0 took: 1 ms
2022-10-18 03:54:33,634 [d82b3d45-d655-4a89-a275-3b2497edd339@group-7C090B2D8C9D-StateMachineUpdater] INFO  impl.StateMachineUpdater (StateMachineUpdater.java:takeSnapshot(287)) - d82b3d45-d655-4a89-a275-3b2497edd339@group-7C090B2D8C9D-StateMachineUpdater: Took a snapshot at index 0
2022-10-18 03:54:33,634 [grpc-default-executor-2] INFO  server.GrpcLogAppender (GrpcLogAppender.java:onCompleted(339)) - d82b3d45-d655-4a89-a275-3b2497edd339@group-7C090B2D8C9D->f6f53d54-4cd3-435a-b21b-2cdd3dcfe81c-AppendLogResponseHandler: follower responses appendEntries COMPLETED
2022-10-18 03:54:33,634 [d82b3d45-d655-4a89-a275-3b2497edd339@group-7C090B2D8C9D-StateMachineUpdater] INFO  impl.StateMachineUpdater (StateMachineUpdater.java:lambda$new$0(92)) - d82b3d45-d655-4a89-a275-3b2497edd339@group-7C090B2D8C9D-StateMachineUpdater: snapshotIndex: updateIncreasingly -1 -> 0
2022-10-18 03:54:33,634 [grpc-default-executor-2] INFO  leader.FollowerInfo (FollowerInfoImpl.java:lambda$new$0(48)) - d82b3d45-d655-4a89-a275-3b2497edd339@group-7C090B2D8C9D->f6f53d54-4cd3-435a-b21b-2cdd3dcfe81c: nextIndex: updateUnconditionally 1 -> 0
2022-10-18 03:54:33,635 [grpc-default-executor-0] INFO  server.GrpcLogAppender (GrpcLogAppender.java:onCompleted(339)) - d82b3d45-d655-4a89-a275-3b2497edd339@group-7C090B2D8C9D->e292a541-f338-4081-a529-9c633adc47b7-AppendLogResponseHandler: follower responses appendEntries COMPLETED
2022-10-18 03:54:33,635 [grpc-default-executor-0] INFO  leader.FollowerInfo (FollowerInfoImpl.java:lambda$new$0(48)) - d82b3d45-d655-4a89-a275-3b2497edd339@group-7C090B2D8C9D->e292a541-f338-4081-a529-9c633adc47b7: nextIndex: updateUnconditionally 1 -> 0
2022-10-18 03:54:33,635 [ForkJoinPool.commonPool-worker-0] INFO  server.RaftServer$Division (ServerState.java:close(429)) - d82b3d45-d655-4a89-a275-3b2497edd339@group-7C090B2D8C9D: closes. applyIndex: 0
2022-10-18 03:54:33,636 [d82b3d45-d655-4a89-a275-3b2497edd339@group-7C090B2D8C9D-SegmentedRaftLogWorker] INFO  segmented.SegmentedRaftLogWorker (SegmentedRaftLogWorker.java:run(336)) - d82b3d45-d655-4a89-a275-3b2497edd339@group-7C090B2D8C9D-SegmentedRaftLogWorker was interrupted, exiting. There are 0 tasks remaining in the queue.
2022-10-18 03:54:33,636 [ForkJoinPool.commonPool-worker-0] INFO  segmented.SegmentedRaftLogWorker (SegmentedRaftLogWorker.java:close(246)) - d82b3d45-d655-4a89-a275-3b2497edd339@group-7C090B2D8C9D-SegmentedRaftLogWorker close()
2022-10-18 03:54:33,637 [ForkJoinPool.commonPool-worker-0] INFO  server.RaftServer$Division (RaftServerImpl.java:lambda$close$4(434)) - d82b3d45-d655-4a89-a275-3b2497edd339@group-FB8ECA65829D: shutdown
2022-10-18 03:54:33,637 [ForkJoinPool.commonPool-worker-0] INFO  util.JmxRegister (JmxRegister.java:unregister(73)) - Successfully un-registered JMX Bean with object name Ratis:service=RaftServer,group=group-FB8ECA65829D,id=d82b3d45-d655-4a89-a275-3b2497edd339
2022-10-18 03:54:33,637 [ForkJoinPool.commonPool-worker-0] INFO  impl.RoleInfo (RoleInfo.java:shutdownFollowerState(110)) - d82b3d45-d655-4a89-a275-3b2497edd339: shutdown d82b3d45-d655-4a89-a275-3b2497edd339@group-FB8ECA65829D-FollowerState
2022-10-18 03:54:33,638 [ForkJoinPool.commonPool-worker-0] INFO  impl.StateMachineUpdater (StateMachineUpdater.java:stopAndJoin(153)) - d82b3d45-d655-4a89-a275-3b2497edd339@group-FB8ECA65829D-StateMachineUpdater: set stopIndex = 0
2022-10-18 03:54:33,638 [d82b3d45-d655-4a89-a275-3b2497edd339@group-FB8ECA65829D-FollowerState] INFO  impl.FollowerState (FollowerState.java:run(152)) - d82b3d45-d655-4a89-a275-3b2497edd339@group-FB8ECA65829D-FollowerState was interrupted
2022-10-18 03:54:33,638 [d82b3d45-d655-4a89-a275-3b2497edd339@group-FB8ECA65829D-StateMachineUpdater] INFO  ratis.ContainerStateMachine (ContainerStateMachine.java:takeSnapshot(304)) - group-FB8ECA65829D: Taking a snapshot at:(t:1, i:0) file /home/runner/work/ozone/ozone/hadoop-ozone/integration-test/target/test-dir/MiniOzoneClusterImpl-5cdafbed-51d9-4f54-a43e-7c7e014ba032/datanode-0/data/ratis/0fadf5aa-82d9-4948-921c-fb8eca65829d/sm/snapshot.1_0
2022-10-18 03:54:33,638 [Listener at localhost/35797] INFO  server.RaftServer$Division (ServerState.java:close(429)) - e292a541-f338-4081-a529-9c633adc47b7@group-564086F3F3C4: closes. applyIndex: 20
2022-10-18 03:54:33,639 [e292a541-f338-4081-a529-9c633adc47b7@group-564086F3F3C4-SegmentedRaftLogWorker] INFO  segmented.SegmentedRaftLogWorker (SegmentedRaftLogWorker.java:run(336)) - e292a541-f338-4081-a529-9c633adc47b7@group-564086F3F3C4-SegmentedRaftLogWorker was interrupted, exiting. There are 0 tasks remaining in the queue.
2022-10-18 03:54:33,639 [d82b3d45-d655-4a89-a275-3b2497edd339@group-FB8ECA65829D-StateMachineUpdater] INFO  ratis.ContainerStateMachine (ContainerStateMachine.java:takeSnapshot(315)) - group-FB8ECA65829D: Finished taking a snapshot at:(t:1, i:0) file:/home/runner/work/ozone/ozone/hadoop-ozone/integration-test/target/test-dir/MiniOzoneClusterImpl-5cdafbed-51d9-4f54-a43e-7c7e014ba032/datanode-0/data/ratis/0fadf5aa-82d9-4948-921c-fb8eca65829d/sm/snapshot.1_0 took: 1 ms
2022-10-18 03:54:33,639 [d82b3d45-d655-4a89-a275-3b2497edd339@group-FB8ECA65829D-StateMachineUpdater] INFO  impl.StateMachineUpdater (StateMachineUpdater.java:takeSnapshot(287)) - d82b3d45-d655-4a89-a275-3b2497edd339@group-FB8ECA65829D-StateMachineUpdater: Took a snapshot at index 0
2022-10-18 03:54:33,639 [d82b3d45-d655-4a89-a275-3b2497edd339@group-FB8ECA65829D-StateMachineUpdater] INFO  impl.StateMachineUpdater (StateMachineUpdater.java:lambda$new$0(92)) - d82b3d45-d655-4a89-a275-3b2497edd339@group-FB8ECA65829D-StateMachineUpdater: snapshotIndex: updateIncreasingly -1 -> 0
2022-10-18 03:54:33,639 [ForkJoinPool.commonPool-worker-0] INFO  server.RaftServer$Division (ServerState.java:close(429)) - d82b3d45-d655-4a89-a275-3b2497edd339@group-FB8ECA65829D: closes. applyIndex: 0
2022-10-18 03:54:33,640 [d82b3d45-d655-4a89-a275-3b2497edd339@group-FB8ECA65829D-SegmentedRaftLogWorker] INFO  segmented.SegmentedRaftLogWorker (SegmentedRaftLogWorker.java:run(336)) - d82b3d45-d655-4a89-a275-3b2497edd339@group-FB8ECA65829D-SegmentedRaftLogWorker was interrupted, exiting. There are 0 tasks remaining in the queue.
2022-10-18 03:54:33,640 [Listener at localhost/35797] INFO  segmented.SegmentedRaftLogWorker (SegmentedRaftLogWorker.java:close(246)) - e292a541-f338-4081-a529-9c633adc47b7@group-564086F3F3C4-SegmentedRaftLogWorker close()
2022-10-18 03:54:33,640 [ForkJoinPool.commonPool-worker-0] INFO  segmented.SegmentedRaftLogWorker (SegmentedRaftLogWorker.java:close(246)) - d82b3d45-d655-4a89-a275-3b2497edd339@group-FB8ECA65829D-SegmentedRaftLogWorker close()
2022-10-18 03:54:33,641 [Listener at localhost/35797] INFO  server.RaftServer$Division (RaftServerImpl.java:lambda$close$4(434)) - e292a541-f338-4081-a529-9c633adc47b7@group-7C090B2D8C9D: shutdown
2022-10-18 03:54:33,641 [Listener at localhost/35797] INFO  util.JmxRegister (JmxRegister.java:unregister(73)) - Successfully un-registered JMX Bean with object name Ratis:service=RaftServer,group=group-7C090B2D8C9D,id=e292a541-f338-4081-a529-9c633adc47b7
2022-10-18 03:54:33,642 [Listener at localhost/35797] INFO  impl.RoleInfo (RoleInfo.java:shutdownFollowerState(110)) - e292a541-f338-4081-a529-9c633adc47b7: shutdown e292a541-f338-4081-a529-9c633adc47b7@group-7C090B2D8C9D-FollowerState
2022-10-18 03:54:33,642 [Listener at localhost/35797] INFO  impl.StateMachineUpdater (StateMachineUpdater.java:stopAndJoin(153)) - e292a541-f338-4081-a529-9c633adc47b7@group-7C090B2D8C9D-StateMachineUpdater: set stopIndex = 0
2022-10-18 03:54:33,642 [e292a541-f338-4081-a529-9c633adc47b7@group-7C090B2D8C9D-FollowerState] INFO  impl.FollowerState (FollowerState.java:run(152)) - e292a541-f338-4081-a529-9c633adc47b7@group-7C090B2D8C9D-FollowerState was interrupted
2022-10-18 03:54:33,642 [e292a541-f338-4081-a529-9c633adc47b7@group-7C090B2D8C9D-StateMachineUpdater] INFO  ratis.ContainerStateMachine (ContainerStateMachine.java:takeSnapshot(304)) - group-7C090B2D8C9D: Taking a snapshot at:(t:1, i:0) file /home/runner/work/ozone/ozone/hadoop-ozone/integration-test/target/test-dir/MiniOzoneClusterImpl-5cdafbed-51d9-4f54-a43e-7c7e014ba032/datanode-1/data/ratis/dc47a2af-6ab2-4aaf-adf4-7c090b2d8c9d/sm/snapshot.1_0
2022-10-18 03:54:33,643 [ForkJoinPool.commonPool-worker-0] INFO  server.GrpcService (GrpcService.java:closeImpl(269)) - d82b3d45-d655-4a89-a275-3b2497edd339: shutdown server with port 43445 now
2022-10-18 03:54:33,650 [grpc-default-executor-0] WARN  server.GrpcServerProtocolService (LogUtils.java:warn(122)) - d82b3d45-d655-4a89-a275-3b2497edd339: installSnapshot onError, lastRequest: e292a541-f338-4081-a529-9c633adc47b7->d82b3d45-d655-4a89-a275-3b2497edd339#1-t1,previous=(t:0, i:0),leaderCommit=-1,initializing? true,entries: size=1, first=(t:1, i:0), CONFIGURATIONENTRY: org.apache.ratis.thirdparty.io.grpc.StatusRuntimeException: CANCELLED: client cancelled
2022-10-18 03:54:33,651 [e292a541-f338-4081-a529-9c633adc47b7@group-7C090B2D8C9D-StateMachineUpdater] INFO  ratis.ContainerStateMachine (ContainerStateMachine.java:takeSnapshot(315)) - group-7C090B2D8C9D: Finished taking a snapshot at:(t:1, i:0) file:/home/runner/work/ozone/ozone/hadoop-ozone/integration-test/target/test-dir/MiniOzoneClusterImpl-5cdafbed-51d9-4f54-a43e-7c7e014ba032/datanode-1/data/ratis/dc47a2af-6ab2-4aaf-adf4-7c090b2d8c9d/sm/snapshot.1_0 took: 8 ms
2022-10-18 03:54:33,651 [e292a541-f338-4081-a529-9c633adc47b7@group-7C090B2D8C9D-StateMachineUpdater] INFO  impl.StateMachineUpdater (StateMachineUpdater.java:takeSnapshot(287)) - e292a541-f338-4081-a529-9c633adc47b7@group-7C090B2D8C9D-StateMachineUpdater: Took a snapshot at index 0
2022-10-18 03:54:33,651 [e292a541-f338-4081-a529-9c633adc47b7@group-7C090B2D8C9D-StateMachineUpdater] INFO  impl.StateMachineUpdater (StateMachineUpdater.java:lambda$new$0(92)) - e292a541-f338-4081-a529-9c633adc47b7@group-7C090B2D8C9D-StateMachineUpdater: snapshotIndex: updateIncreasingly -1 -> 0
2022-10-18 03:54:33,651 [Listener at localhost/35797] INFO  server.RaftServer$Division (ServerState.java:close(429)) - e292a541-f338-4081-a529-9c633adc47b7@group-7C090B2D8C9D: closes. applyIndex: 0
2022-10-18 03:54:33,651 [ForkJoinPool.commonPool-worker-0] INFO  server.GrpcService (GrpcService.java:closeImpl(278)) - d82b3d45-d655-4a89-a275-3b2497edd339: shutdown server with port 43445 successfully
2022-10-18 03:54:33,651 [e292a541-f338-4081-a529-9c633adc47b7@group-7C090B2D8C9D-SegmentedRaftLogWorker] INFO  segmented.SegmentedRaftLogWorker (SegmentedRaftLogWorker.java:run(336)) - e292a541-f338-4081-a529-9c633adc47b7@group-7C090B2D8C9D-SegmentedRaftLogWorker was interrupted, exiting. There are 0 tasks remaining in the queue.
2022-10-18 03:54:33,652 [grpc-default-executor-1] WARN  server.GrpcLogAppender (LogUtils.java:warn(122)) - e292a541-f338-4081-a529-9c633adc47b7@group-FB8ECA65829D->d82b3d45-d655-4a89-a275-3b2497edd339-AppendLogResponseHandler: Failed appendEntries: org.apache.ratis.thirdparty.io.grpc.StatusRuntimeException: CANCELLED: RST_STREAM closed stream. HTTP/2 error code: CANCEL
2022-10-18 03:54:33,652 [Listener at localhost/35797] INFO  segmented.SegmentedRaftLogWorker (SegmentedRaftLogWorker.java:close(246)) - e292a541-f338-4081-a529-9c633adc47b7@group-7C090B2D8C9D-SegmentedRaftLogWorker close()
2022-10-18 03:54:33,652 [org.apache.ratis.util.JvmPauseMonitor$$Lambda$703/726954313@370ec882] INFO  util.JvmPauseMonitor (JvmPauseMonitor.java:run(109)) - JvmPauseMonitor-d82b3d45-d655-4a89-a275-3b2497edd339: Stopped
2022-10-18 03:54:33,652 [grpc-default-executor-1] WARN  server.GrpcLogAppender (GrpcLogAppender.java:resetClient(111)) - e292a541-f338-4081-a529-9c633adc47b7@group-FB8ECA65829D->d82b3d45-d655-4a89-a275-3b2497edd339-GrpcLogAppender: Leader has not got in touch with Follower e292a541-f338-4081-a529-9c633adc47b7@group-FB8ECA65829D->d82b3d45-d655-4a89-a275-3b2497edd339(c0,m0,n1, attendVote=true, lastRpcSendTime=18, lastRpcResponseTime=13) yet, just keep nextIndex unchanged and retry.
2022-10-18 03:54:33,654 [Listener at localhost/35797] INFO  server.RaftServer$Division (RaftServerImpl.java:lambda$close$4(434)) - e292a541-f338-4081-a529-9c633adc47b7@group-FB8ECA65829D: shutdown
2022-10-18 03:54:33,654 [Listener at localhost/35797] INFO  util.JmxRegister (JmxRegister.java:unregister(73)) - Successfully un-registered JMX Bean with object name Ratis:service=RaftServer,group=group-FB8ECA65829D,id=e292a541-f338-4081-a529-9c633adc47b7
2022-10-18 03:54:33,657 [Listener at localhost/35797] INFO  impl.RoleInfo (RoleInfo.java:shutdownLeaderState(93)) - e292a541-f338-4081-a529-9c633adc47b7: shutdown e292a541-f338-4081-a529-9c633adc47b7@group-FB8ECA65829D-LeaderStateImpl
2022-10-18 03:54:33,657 [e292a541-f338-4081-a529-9c633adc47b7@group-FB8ECA65829D->d82b3d45-d655-4a89-a275-3b2497edd339-GrpcLogAppender-LogAppenderDaemon] WARN  server.GrpcLogAppender (GrpcLogAppender.java:mayWait(171)) - e292a541-f338-4081-a529-9c633adc47b7@group-FB8ECA65829D->d82b3d45-d655-4a89-a275-3b2497edd339-GrpcLogAppender: Wait interrupted by java.lang.InterruptedException
2022-10-18 03:54:33,657 [Listener at localhost/35797] INFO  impl.PendingRequests (PendingRequests.java:sendNotLeaderResponses(282)) - e292a541-f338-4081-a529-9c633adc47b7@group-FB8ECA65829D-PendingRequests: sendNotLeaderResponses
2022-10-18 03:54:33,657 [e292a541-f338-4081-a529-9c633adc47b7@group-FB8ECA65829D->f6f53d54-4cd3-435a-b21b-2cdd3dcfe81c-GrpcLogAppender-LogAppenderDaemon] WARN  server.GrpcLogAppender (GrpcLogAppender.java:mayWait(171)) - e292a541-f338-4081-a529-9c633adc47b7@group-FB8ECA65829D->f6f53d54-4cd3-435a-b21b-2cdd3dcfe81c-GrpcLogAppender: Wait interrupted by java.lang.InterruptedException
2022-10-18 03:54:33,658 [grpc-default-executor-1] INFO  server.GrpcServerProtocolService (GrpcServerProtocolService.java:onCompleted(140)) - f6f53d54-4cd3-435a-b21b-2cdd3dcfe81c: Completed APPEND_ENTRIES, lastRequest: e292a541-f338-4081-a529-9c633adc47b7->f6f53d54-4cd3-435a-b21b-2cdd3dcfe81c#1-t1,previous=(t:0, i:0),leaderCommit=0,initializing? true,entries: size=1, first=(t:1, i:0), CONFIGURATIONENTRY
2022-10-18 03:54:33,658 [e292a541-f338-4081-a529-9c633adc47b7@group-FB8ECA65829D-StateMachineUpdater] INFO  ratis.ContainerStateMachine (ContainerStateMachine.java:takeSnapshot(304)) - group-FB8ECA65829D: Taking a snapshot at:(t:1, i:0) file /home/runner/work/ozone/ozone/hadoop-ozone/integration-test/target/test-dir/MiniOzoneClusterImpl-5cdafbed-51d9-4f54-a43e-7c7e014ba032/datanode-1/data/ratis/0fadf5aa-82d9-4948-921c-fb8eca65829d/sm/snapshot.1_0
2022-10-18 03:54:33,658 [Listener at localhost/35797] INFO  impl.StateMachineUpdater (StateMachineUpdater.java:stopAndJoin(153)) - e292a541-f338-4081-a529-9c633adc47b7@group-FB8ECA65829D-StateMachineUpdater: set stopIndex = 0
2022-10-18 03:54:33,658 [grpc-default-executor-0] INFO  server.GrpcLogAppender (GrpcLogAppender.java:onCompleted(339)) - e292a541-f338-4081-a529-9c633adc47b7@group-FB8ECA65829D->f6f53d54-4cd3-435a-b21b-2cdd3dcfe81c-AppendLogResponseHandler: follower responses appendEntries COMPLETED
2022-10-18 03:54:33,659 [grpc-default-executor-0] INFO  leader.FollowerInfo (FollowerInfoImpl.java:lambda$new$0(48)) - e292a541-f338-4081-a529-9c633adc47b7@group-FB8ECA65829D->f6f53d54-4cd3-435a-b21b-2cdd3dcfe81c: nextIndex: updateUnconditionally 1 -> 0
2022-10-18 03:54:33,659 [e292a541-f338-4081-a529-9c633adc47b7@group-FB8ECA65829D-StateMachineUpdater] INFO  ratis.ContainerStateMachine (ContainerStateMachine.java:takeSnapshot(315)) - group-FB8ECA65829D: Finished taking a snapshot at:(t:1, i:0) file:/home/runner/work/ozone/ozone/hadoop-ozone/integration-test/target/test-dir/MiniOzoneClusterImpl-5cdafbed-51d9-4f54-a43e-7c7e014ba032/datanode-1/data/ratis/0fadf5aa-82d9-4948-921c-fb8eca65829d/sm/snapshot.1_0 took: 1 ms
2022-10-18 03:54:33,659 [e292a541-f338-4081-a529-9c633adc47b7@group-FB8ECA65829D-StateMachineUpdater] INFO  impl.StateMachineUpdater (StateMachineUpdater.java:takeSnapshot(287)) - e292a541-f338-4081-a529-9c633adc47b7@group-FB8ECA65829D-StateMachineUpdater: Took a snapshot at index 0
2022-10-18 03:54:33,659 [e292a541-f338-4081-a529-9c633adc47b7@group-FB8ECA65829D-StateMachineUpdater] INFO  impl.StateMachineUpdater (StateMachineUpdater.java:lambda$new$0(92)) - e292a541-f338-4081-a529-9c633adc47b7@group-FB8ECA65829D-StateMachineUpdater: snapshotIndex: updateIncreasingly -1 -> 0
2022-10-18 03:54:33,659 [Listener at localhost/35797] INFO  server.RaftServer$Division (ServerState.java:close(429)) - e292a541-f338-4081-a529-9c633adc47b7@group-FB8ECA65829D: closes. applyIndex: 0
2022-10-18 03:54:33,660 [e292a541-f338-4081-a529-9c633adc47b7@group-FB8ECA65829D-SegmentedRaftLogWorker] INFO  segmented.SegmentedRaftLogWorker (SegmentedRaftLogWorker.java:run(336)) - e292a541-f338-4081-a529-9c633adc47b7@group-FB8ECA65829D-SegmentedRaftLogWorker was interrupted, exiting. There are 0 tasks remaining in the queue.
2022-10-18 03:54:33,660 [Listener at localhost/35797] INFO  segmented.SegmentedRaftLogWorker (SegmentedRaftLogWorker.java:close(246)) - e292a541-f338-4081-a529-9c633adc47b7@group-FB8ECA65829D-SegmentedRaftLogWorker close()
2022-10-18 03:54:33,667 [Listener at localhost/35797] INFO  server.GrpcService (GrpcService.java:closeImpl(269)) - e292a541-f338-4081-a529-9c633adc47b7: shutdown server with port 35469 now
2022-10-18 03:54:33,674 [Listener at localhost/35797] INFO  server.GrpcService (GrpcService.java:closeImpl(278)) - e292a541-f338-4081-a529-9c633adc47b7: shutdown server with port 35469 successfully
2022-10-18 03:54:33,674 [org.apache.ratis.util.JvmPauseMonitor$$Lambda$703/726954313@f3e6745] INFO  util.JvmPauseMonitor (JvmPauseMonitor.java:run(109)) - JvmPauseMonitor-e292a541-f338-4081-a529-9c633adc47b7: Stopped
2022-10-18 03:54:35,165 [EndpointStateMachine task thread for /0.0.0.0:43069 - 0 ] INFO  ipc.Client (Client.java:handleConnectionFailure(1010)) - Retrying connect to server: 0.0.0.0/0.0.0.0:43069. Already tried 0 time(s); retry policy is RetryUpToMaximumCountWithFixedSleep(maxRetries=15, sleepTime=1000 MILLISECONDS)
2022-10-18 03:54:35,688 [Listener at localhost/35797] INFO  utils.BackgroundService (BackgroundService.java:shutdown(141)) - Shutting down service BlockDeletingService
2022-10-18 03:54:35,689 [Listener at localhost/35797] INFO  utils.BackgroundService (BackgroundService.java:shutdown(141)) - Shutting down service StaleRecoveringContainerScrubbingService
2022-10-18 03:54:35,689 [ForkJoinPool.commonPool-worker-0] INFO  utils.BackgroundService (BackgroundService.java:shutdown(141)) - Shutting down service BlockDeletingService
2022-10-18 03:54:35,691 [ForkJoinPool.commonPool-worker-0] INFO  utils.BackgroundService (BackgroundService.java:shutdown(141)) - Shutting down service StaleRecoveringContainerScrubbingService
2022-10-18 03:54:35,691 [Listener at localhost/35797] INFO  statemachine.DatanodeStateMachine (DatanodeStateMachine.java:stopDaemon(580)) - Ozone container server stopped.
2022-10-18 03:54:35,695 [ForkJoinPool.commonPool-worker-0] INFO  statemachine.DatanodeStateMachine (DatanodeStateMachine.java:stopDaemon(580)) - Ozone container server stopped.
2022-10-18 03:54:35,705 [Listener at localhost/35797] INFO  handler.ContextHandler (ContextHandler.java:doStop(1153)) - Stopped o.e.j.w.WebAppContext@18853e65{hddsDatanode,/,null,STOPPED}{jar:file:/home/runner/.m2/repository/org/apache/ozone/hdds-container-service/1.3.0-SNAPSHOT/hdds-container-service-1.3.0-SNAPSHOT.jar!/webapps/hddsDatanode}
2022-10-18 03:54:35,706 [Listener at localhost/35797] INFO  server.AbstractConnector (AbstractConnector.java:doStop(381)) - Stopped ServerConnector@4669e93a{HTTP/1.1, (http/1.1)}{0.0.0.0:0}
2022-10-18 03:54:35,706 [Listener at localhost/35797] INFO  server.session (HouseKeeper.java:stopScavenging(149)) - node0 Stopped scavenging
2022-10-18 03:54:35,707 [Listener at localhost/35797] INFO  handler.ContextHandler (ContextHandler.java:doStop(1153)) - Stopped o.e.j.s.ServletContextHandler@2451c25{static,/static,jar:file:/home/runner/.m2/repository/org/apache/ozone/hdds-container-service/1.3.0-SNAPSHOT/hdds-container-service-1.3.0-SNAPSHOT.jar!/webapps/static,STOPPED}
2022-10-18 03:54:35,707 [Listener at localhost/35797] INFO  handler.ContextHandler (ContextHandler.java:doStop(1153)) - Stopped o.e.j.s.ServletContextHandler@1bae1991{logs,/logs,file:///home/runner/work/ozone/ozone/hadoop-ozone/integration-test/target/log,STOPPED}
2022-10-18 03:54:35,718 [ForkJoinPool.commonPool-worker-0] INFO  handler.ContextHandler (ContextHandler.java:doStop(1153)) - Stopped o.e.j.w.WebAppContext@397b68ed{hddsDatanode,/,null,STOPPED}{jar:file:/home/runner/.m2/repository/org/apache/ozone/hdds-container-service/1.3.0-SNAPSHOT/hdds-container-service-1.3.0-SNAPSHOT.jar!/webapps/hddsDatanode}
2022-10-18 03:54:35,727 [ForkJoinPool.commonPool-worker-0] INFO  server.AbstractConnector (AbstractConnector.java:doStop(381)) - Stopped ServerConnector@50dc7396{HTTP/1.1, (http/1.1)}{0.0.0.0:0}
2022-10-18 03:54:35,727 [ForkJoinPool.commonPool-worker-0] INFO  server.session (HouseKeeper.java:stopScavenging(149)) - node0 Stopped scavenging
2022-10-18 03:54:35,728 [ForkJoinPool.commonPool-worker-0] INFO  handler.ContextHandler (ContextHandler.java:doStop(1153)) - Stopped o.e.j.s.ServletContextHandler@7f1d809e{static,/static,jar:file:/home/runner/.m2/repository/org/apache/ozone/hdds-container-service/1.3.0-SNAPSHOT/hdds-container-service-1.3.0-SNAPSHOT.jar!/webapps/static,STOPPED}
2022-10-18 03:54:35,729 [ForkJoinPool.commonPool-worker-0] INFO  handler.ContextHandler (ContextHandler.java:doStop(1153)) - Stopped o.e.j.s.ServletContextHandler@16987824{logs,/logs,file:///home/runner/work/ozone/ozone/hadoop-ozone/integration-test/target/log,STOPPED}
2022-10-18 03:54:36,164 [Listener at localhost/35797] INFO  ozoneimpl.OzoneContainer (OzoneContainer.java:stop(400)) - Attempting to stop container services.
2022-10-18 03:54:36,165 [Listener at localhost/35797] INFO  server.RaftServer (RaftServerProxy.java:lambda$close$7(398)) - f6f53d54-4cd3-435a-b21b-2cdd3dcfe81c: close
2022-10-18 03:54:36,165 [Listener at localhost/35797] INFO  server.RaftServer$Division (RaftServerImpl.java:lambda$close$4(434)) - f6f53d54-4cd3-435a-b21b-2cdd3dcfe81c@group-89962059C845: shutdown
2022-10-18 03:54:36,165 [ForkJoinPool.commonPool-worker-0] INFO  server.RaftServer$Division (RaftServerImpl.java:lambda$close$4(434)) - f6f53d54-4cd3-435a-b21b-2cdd3dcfe81c@group-7C090B2D8C9D: shutdown
2022-10-18 03:54:36,166 [Listener at localhost/35797] INFO  util.JmxRegister (JmxRegister.java:unregister(73)) - Successfully un-registered JMX Bean with object name Ratis:service=RaftServer,group=group-89962059C845,id=f6f53d54-4cd3-435a-b21b-2cdd3dcfe81c
2022-10-18 03:54:36,166 [ForkJoinPool.commonPool-worker-0] INFO  util.JmxRegister (JmxRegister.java:unregister(73)) - Successfully un-registered JMX Bean with object name Ratis:service=RaftServer,group=group-7C090B2D8C9D,id=f6f53d54-4cd3-435a-b21b-2cdd3dcfe81c
2022-10-18 03:54:36,166 [ForkJoinPool.commonPool-worker-0] INFO  impl.RoleInfo (RoleInfo.java:shutdownFollowerState(110)) - f6f53d54-4cd3-435a-b21b-2cdd3dcfe81c: shutdown f6f53d54-4cd3-435a-b21b-2cdd3dcfe81c@group-7C090B2D8C9D-FollowerState
2022-10-18 03:54:36,166 [Listener at localhost/35797] INFO  impl.RoleInfo (RoleInfo.java:shutdownLeaderState(93)) - f6f53d54-4cd3-435a-b21b-2cdd3dcfe81c: shutdown f6f53d54-4cd3-435a-b21b-2cdd3dcfe81c@group-89962059C845-LeaderStateImpl
2022-10-18 03:54:36,166 [Listener at localhost/35797] INFO  impl.PendingRequests (PendingRequests.java:sendNotLeaderResponses(282)) - f6f53d54-4cd3-435a-b21b-2cdd3dcfe81c@group-89962059C845-PendingRequests: sendNotLeaderResponses
2022-10-18 03:54:36,166 [f6f53d54-4cd3-435a-b21b-2cdd3dcfe81c@group-7C090B2D8C9D-FollowerState] INFO  impl.FollowerState (FollowerState.java:run(152)) - f6f53d54-4cd3-435a-b21b-2cdd3dcfe81c@group-7C090B2D8C9D-FollowerState was interrupted
2022-10-18 03:54:36,166 [ForkJoinPool.commonPool-worker-0] INFO  impl.StateMachineUpdater (StateMachineUpdater.java:stopAndJoin(153)) - f6f53d54-4cd3-435a-b21b-2cdd3dcfe81c@group-7C090B2D8C9D-StateMachineUpdater: set stopIndex = 0
2022-10-18 03:54:36,166 [EndpointStateMachine task thread for /0.0.0.0:43069 - 0 ] INFO  ipc.Client (Client.java:handleConnectionFailure(1010)) - Retrying connect to server: 0.0.0.0/0.0.0.0:43069. Already tried 1 time(s); retry policy is RetryUpToMaximumCountWithFixedSleep(maxRetries=15, sleepTime=1000 MILLISECONDS)
2022-10-18 03:54:36,166 [f6f53d54-4cd3-435a-b21b-2cdd3dcfe81c@group-7C090B2D8C9D-StateMachineUpdater] INFO  ratis.ContainerStateMachine (ContainerStateMachine.java:takeSnapshot(304)) - group-7C090B2D8C9D: Taking a snapshot at:(t:1, i:0) file /home/runner/work/ozone/ozone/hadoop-ozone/integration-test/target/test-dir/MiniOzoneClusterImpl-5cdafbed-51d9-4f54-a43e-7c7e014ba032/datanode-2/data/ratis/dc47a2af-6ab2-4aaf-adf4-7c090b2d8c9d/sm/snapshot.1_0
2022-10-18 03:54:36,170 [Listener at localhost/35797] INFO  impl.StateMachineUpdater (StateMachineUpdater.java:stopAndJoin(153)) - f6f53d54-4cd3-435a-b21b-2cdd3dcfe81c@group-89962059C845-StateMachineUpdater: set stopIndex = 16
2022-10-18 03:54:36,173 [f6f53d54-4cd3-435a-b21b-2cdd3dcfe81c@group-89962059C845-StateMachineUpdater] INFO  ratis.ContainerStateMachine (ContainerStateMachine.java:takeSnapshot(304)) - group-89962059C845: Taking a snapshot at:(t:1, i:16) file /home/runner/work/ozone/ozone/hadoop-ozone/integration-test/target/test-dir/MiniOzoneClusterImpl-5cdafbed-51d9-4f54-a43e-7c7e014ba032/datanode-2/data/ratis/bfab1f81-d9be-4af5-a8e8-89962059c845/sm/snapshot.1_16
2022-10-18 03:54:36,174 [f6f53d54-4cd3-435a-b21b-2cdd3dcfe81c@group-7C090B2D8C9D-StateMachineUpdater] INFO  ratis.ContainerStateMachine (ContainerStateMachine.java:takeSnapshot(315)) - group-7C090B2D8C9D: Finished taking a snapshot at:(t:1, i:0) file:/home/runner/work/ozone/ozone/hadoop-ozone/integration-test/target/test-dir/MiniOzoneClusterImpl-5cdafbed-51d9-4f54-a43e-7c7e014ba032/datanode-2/data/ratis/dc47a2af-6ab2-4aaf-adf4-7c090b2d8c9d/sm/snapshot.1_0 took: 7 ms
2022-10-18 03:54:36,174 [f6f53d54-4cd3-435a-b21b-2cdd3dcfe81c@group-89962059C845-StateMachineUpdater] INFO  ratis.ContainerStateMachine (ContainerStateMachine.java:takeSnapshot(315)) - group-89962059C845: Finished taking a snapshot at:(t:1, i:16) file:/home/runner/work/ozone/ozone/hadoop-ozone/integration-test/target/test-dir/MiniOzoneClusterImpl-5cdafbed-51d9-4f54-a43e-7c7e014ba032/datanode-2/data/ratis/bfab1f81-d9be-4af5-a8e8-89962059c845/sm/snapshot.1_16 took: 1 ms
2022-10-18 03:54:36,175 [f6f53d54-4cd3-435a-b21b-2cdd3dcfe81c@group-89962059C845-StateMachineUpdater] INFO  impl.StateMachineUpdater (StateMachineUpdater.java:takeSnapshot(287)) - f6f53d54-4cd3-435a-b21b-2cdd3dcfe81c@group-89962059C845-StateMachineUpdater: Took a snapshot at index 16
2022-10-18 03:54:36,175 [f6f53d54-4cd3-435a-b21b-2cdd3dcfe81c@group-89962059C845-StateMachineUpdater] INFO  impl.StateMachineUpdater (StateMachineUpdater.java:lambda$new$0(92)) - f6f53d54-4cd3-435a-b21b-2cdd3dcfe81c@group-89962059C845-StateMachineUpdater: snapshotIndex: updateIncreasingly -1 -> 16
2022-10-18 03:54:36,175 [f6f53d54-4cd3-435a-b21b-2cdd3dcfe81c@group-7C090B2D8C9D-StateMachineUpdater] INFO  impl.StateMachineUpdater (StateMachineUpdater.java:takeSnapshot(287)) - f6f53d54-4cd3-435a-b21b-2cdd3dcfe81c@group-7C090B2D8C9D-StateMachineUpdater: Took a snapshot at index 0
2022-10-18 03:54:36,175 [f6f53d54-4cd3-435a-b21b-2cdd3dcfe81c@group-7C090B2D8C9D-StateMachineUpdater] INFO  impl.StateMachineUpdater (StateMachineUpdater.java:lambda$new$0(92)) - f6f53d54-4cd3-435a-b21b-2cdd3dcfe81c@group-7C090B2D8C9D-StateMachineUpdater: snapshotIndex: updateIncreasingly -1 -> 0
2022-10-18 03:54:36,176 [ForkJoinPool.commonPool-worker-0] INFO  server.RaftServer$Division (ServerState.java:close(429)) - f6f53d54-4cd3-435a-b21b-2cdd3dcfe81c@group-7C090B2D8C9D: closes. applyIndex: 0
2022-10-18 03:54:36,176 [f6f53d54-4cd3-435a-b21b-2cdd3dcfe81c@group-7C090B2D8C9D-SegmentedRaftLogWorker] INFO  segmented.SegmentedRaftLogWorker (SegmentedRaftLogWorker.java:run(336)) - f6f53d54-4cd3-435a-b21b-2cdd3dcfe81c@group-7C090B2D8C9D-SegmentedRaftLogWorker was interrupted, exiting. There are 0 tasks remaining in the queue.
2022-10-18 03:54:36,176 [ForkJoinPool.commonPool-worker-0] INFO  segmented.SegmentedRaftLogWorker (SegmentedRaftLogWorker.java:close(246)) - f6f53d54-4cd3-435a-b21b-2cdd3dcfe81c@group-7C090B2D8C9D-SegmentedRaftLogWorker close()
2022-10-18 03:54:36,177 [ForkJoinPool.commonPool-worker-0] INFO  server.RaftServer$Division (RaftServerImpl.java:lambda$close$4(434)) - f6f53d54-4cd3-435a-b21b-2cdd3dcfe81c@group-FB8ECA65829D: shutdown
2022-10-18 03:54:36,177 [Listener at localhost/35797] INFO  server.RaftServer$Division (ServerState.java:close(429)) - f6f53d54-4cd3-435a-b21b-2cdd3dcfe81c@group-89962059C845: closes. applyIndex: 16
2022-10-18 03:54:36,177 [ForkJoinPool.commonPool-worker-0] INFO  util.JmxRegister (JmxRegister.java:unregister(73)) - Successfully un-registered JMX Bean with object name Ratis:service=RaftServer,group=group-FB8ECA65829D,id=f6f53d54-4cd3-435a-b21b-2cdd3dcfe81c
2022-10-18 03:54:36,177 [f6f53d54-4cd3-435a-b21b-2cdd3dcfe81c@group-89962059C845-SegmentedRaftLogWorker] INFO  segmented.SegmentedRaftLogWorker (SegmentedRaftLogWorker.java:run(336)) - f6f53d54-4cd3-435a-b21b-2cdd3dcfe81c@group-89962059C845-SegmentedRaftLogWorker was interrupted, exiting. There are 0 tasks remaining in the queue.
2022-10-18 03:54:36,177 [ForkJoinPool.commonPool-worker-0] INFO  impl.RoleInfo (RoleInfo.java:shutdownFollowerState(110)) - f6f53d54-4cd3-435a-b21b-2cdd3dcfe81c: shutdown f6f53d54-4cd3-435a-b21b-2cdd3dcfe81c@group-FB8ECA65829D-FollowerState
2022-10-18 03:54:36,177 [Listener at localhost/35797] INFO  segmented.SegmentedRaftLogWorker (SegmentedRaftLogWorker.java:close(246)) - f6f53d54-4cd3-435a-b21b-2cdd3dcfe81c@group-89962059C845-SegmentedRaftLogWorker close()
2022-10-18 03:54:36,178 [f6f53d54-4cd3-435a-b21b-2cdd3dcfe81c@group-FB8ECA65829D-StateMachineUpdater] INFO  ratis.ContainerStateMachine (ContainerStateMachine.java:takeSnapshot(304)) - group-FB8ECA65829D: Taking a snapshot at:(t:1, i:0) file /home/runner/work/ozone/ozone/hadoop-ozone/integration-test/target/test-dir/MiniOzoneClusterImpl-5cdafbed-51d9-4f54-a43e-7c7e014ba032/datanode-2/data/ratis/0fadf5aa-82d9-4948-921c-fb8eca65829d/sm/snapshot.1_0
2022-10-18 03:54:36,178 [ForkJoinPool.commonPool-worker-0] INFO  impl.StateMachineUpdater (StateMachineUpdater.java:stopAndJoin(153)) - f6f53d54-4cd3-435a-b21b-2cdd3dcfe81c@group-FB8ECA65829D-StateMachineUpdater: set stopIndex = 0
2022-10-18 03:54:36,177 [f6f53d54-4cd3-435a-b21b-2cdd3dcfe81c@group-FB8ECA65829D-FollowerState] INFO  impl.FollowerState (FollowerState.java:run(152)) - f6f53d54-4cd3-435a-b21b-2cdd3dcfe81c@group-FB8ECA65829D-FollowerState was interrupted
2022-10-18 03:54:36,179 [f6f53d54-4cd3-435a-b21b-2cdd3dcfe81c@group-FB8ECA65829D-StateMachineUpdater] INFO  ratis.ContainerStateMachine (ContainerStateMachine.java:takeSnapshot(315)) - group-FB8ECA65829D: Finished taking a snapshot at:(t:1, i:0) file:/home/runner/work/ozone/ozone/hadoop-ozone/integration-test/target/test-dir/MiniOzoneClusterImpl-5cdafbed-51d9-4f54-a43e-7c7e014ba032/datanode-2/data/ratis/0fadf5aa-82d9-4948-921c-fb8eca65829d/sm/snapshot.1_0 took: 1 ms
2022-10-18 03:54:36,179 [f6f53d54-4cd3-435a-b21b-2cdd3dcfe81c@group-FB8ECA65829D-StateMachineUpdater] INFO  impl.StateMachineUpdater (StateMachineUpdater.java:takeSnapshot(287)) - f6f53d54-4cd3-435a-b21b-2cdd3dcfe81c@group-FB8ECA65829D-StateMachineUpdater: Took a snapshot at index 0
2022-10-18 03:54:36,179 [f6f53d54-4cd3-435a-b21b-2cdd3dcfe81c@group-FB8ECA65829D-StateMachineUpdater] INFO  impl.StateMachineUpdater (StateMachineUpdater.java:lambda$new$0(92)) - f6f53d54-4cd3-435a-b21b-2cdd3dcfe81c@group-FB8ECA65829D-StateMachineUpdater: snapshotIndex: updateIncreasingly -1 -> 0
2022-10-18 03:54:36,180 [ForkJoinPool.commonPool-worker-0] INFO  server.RaftServer$Division (ServerState.java:close(429)) - f6f53d54-4cd3-435a-b21b-2cdd3dcfe81c@group-FB8ECA65829D: closes. applyIndex: 0
2022-10-18 03:54:36,180 [f6f53d54-4cd3-435a-b21b-2cdd3dcfe81c@group-FB8ECA65829D-SegmentedRaftLogWorker] INFO  segmented.SegmentedRaftLogWorker (SegmentedRaftLogWorker.java:run(336)) - f6f53d54-4cd3-435a-b21b-2cdd3dcfe81c@group-FB8ECA65829D-SegmentedRaftLogWorker was interrupted, exiting. There are 0 tasks remaining in the queue.
2022-10-18 03:54:36,180 [ForkJoinPool.commonPool-worker-0] INFO  segmented.SegmentedRaftLogWorker (SegmentedRaftLogWorker.java:close(246)) - f6f53d54-4cd3-435a-b21b-2cdd3dcfe81c@group-FB8ECA65829D-SegmentedRaftLogWorker close()
2022-10-18 03:54:36,181 [Listener at localhost/35797] INFO  server.GrpcService (GrpcService.java:closeImpl(269)) - f6f53d54-4cd3-435a-b21b-2cdd3dcfe81c: shutdown server with port 42257 now
2022-10-18 03:54:36,182 [Listener at localhost/35797] INFO  server.GrpcService (GrpcService.java:closeImpl(278)) - f6f53d54-4cd3-435a-b21b-2cdd3dcfe81c: shutdown server with port 42257 successfully
2022-10-18 03:54:36,182 [org.apache.ratis.util.JvmPauseMonitor$$Lambda$703/726954313@3b628acc] INFO  util.JvmPauseMonitor (JvmPauseMonitor.java:run(109)) - JvmPauseMonitor-f6f53d54-4cd3-435a-b21b-2cdd3dcfe81c: Stopped
2022-10-18 03:54:37,168 [EndpointStateMachine task thread for /0.0.0.0:43069 - 0 ] INFO  ipc.Client (Client.java:handleConnectionFailure(1010)) - Retrying connect to server: 0.0.0.0/0.0.0.0:43069. Already tried 2 time(s); retry policy is RetryUpToMaximumCountWithFixedSleep(maxRetries=15, sleepTime=1000 MILLISECONDS)
2022-10-18 03:54:38,169 [EndpointStateMachine task thread for /0.0.0.0:43069 - 0 ] INFO  ipc.Client (Client.java:handleConnectionFailure(1010)) - Retrying connect to server: 0.0.0.0/0.0.0.0:43069. Already tried 3 time(s); retry policy is RetryUpToMaximumCountWithFixedSleep(maxRetries=15, sleepTime=1000 MILLISECONDS)
2022-10-18 03:54:38,191 [Listener at localhost/35797] INFO  utils.BackgroundService (BackgroundService.java:shutdown(141)) - Shutting down service BlockDeletingService
2022-10-18 03:54:38,192 [Listener at localhost/35797] INFO  utils.BackgroundService (BackgroundService.java:shutdown(141)) - Shutting down service StaleRecoveringContainerScrubbingService
2022-10-18 03:54:38,193 [Listener at localhost/35797] INFO  statemachine.DatanodeStateMachine (DatanodeStateMachine.java:stopDaemon(580)) - Ozone container server stopped.
2022-10-18 03:54:38,203 [Listener at localhost/35797] INFO  handler.ContextHandler (ContextHandler.java:doStop(1153)) - Stopped o.e.j.w.WebAppContext@4bc757c1{hddsDatanode,/,null,STOPPED}{jar:file:/home/runner/.m2/repository/org/apache/ozone/hdds-container-service/1.3.0-SNAPSHOT/hdds-container-service-1.3.0-SNAPSHOT.jar!/webapps/hddsDatanode}
2022-10-18 03:54:38,204 [Listener at localhost/35797] INFO  server.AbstractConnector (AbstractConnector.java:doStop(381)) - Stopped ServerConnector@293432e6{HTTP/1.1, (http/1.1)}{0.0.0.0:0}
2022-10-18 03:54:38,204 [Listener at localhost/35797] INFO  server.session (HouseKeeper.java:stopScavenging(149)) - node0 Stopped scavenging
2022-10-18 03:54:38,204 [Listener at localhost/35797] INFO  handler.ContextHandler (ContextHandler.java:doStop(1153)) - Stopped o.e.j.s.ServletContextHandler@4f5ff2e1{static,/static,jar:file:/home/runner/.m2/repository/org/apache/ozone/hdds-container-service/1.3.0-SNAPSHOT/hdds-container-service-1.3.0-SNAPSHOT.jar!/webapps/static,STOPPED}
2022-10-18 03:54:38,205 [Listener at localhost/35797] INFO  handler.ContextHandler (ContextHandler.java:doStop(1153)) - Stopped o.e.j.s.ServletContextHandler@1855b845{logs,/logs,file:///home/runner/work/ozone/ozone/hadoop-ozone/integration-test/target/log,STOPPED}
2022-10-18 03:54:38,294 [Listener at localhost/35797] WARN  server.ServerUtils (ServerUtils.java:getScmDbDir(148)) - ozone.scm.db.dirs is not configured. We recommend adding this setting. Falling back to ozone.metadata.dirs instead.
2022-10-18 03:54:38,299 [Listener at localhost/35797] WARN  server.ServerUtils (ServerUtils.java:getScmDbDir(148)) - ozone.scm.db.dirs is not configured. We recommend adding this setting. Falling back to ozone.metadata.dirs instead.
2022-10-18 03:54:38,300 [Listener at localhost/35797] INFO  ha.SCMHANodeDetails (SCMHANodeDetails.java:loadSCMHAConfig(209)) - ServiceID for StorageContainerManager is null
2022-10-18 03:54:38,300 [Listener at localhost/35797] INFO  ha.SCMHANodeDetails (SCMHANodeDetails.java:loadSCMHAConfig(214)) - ozone.scm.default.service.id is not defined, falling back to ozone.scm.service.ids to find serviceID for StorageContainerManager if it is HA enabled cluster
2022-10-18 03:54:38,300 [Listener at localhost/35797] WARN  utils.HAUtils (HAUtils.java:getMetaDir(342)) - ozone.scm.db.dirs is not configured. We recommend adding this setting. Falling back to ozone.metadata.dirs instead.
2022-10-18 03:54:38,301 [Listener at localhost/35797] WARN  db.DBStoreBuilder (DBStoreBuilder.java:applyDBDefinition(144)) - ozone.scm.db.dirs is not configured. We recommend adding this setting. Falling back to ozone.metadata.dirs instead.
2022-10-18 03:54:38,424 [Listener at localhost/35797] INFO  net.NodeSchemaLoader (NodeSchemaLoader.java:loadSchemaFromFile(129)) - Loading schema from [jar:file:/home/runner/.m2/repository/org/apache/ozone/hdds-common/1.3.0-SNAPSHOT/hdds-common-1.3.0-SNAPSHOT.jar!/network-topology-default.xml]
2022-10-18 03:54:38,424 [Listener at localhost/35797] INFO  net.NodeSchemaLoader (NodeSchemaLoader.java:loadSchema(176)) - Loading network topology layer schema file
2022-10-18 03:54:38,427 [Listener at localhost/35797] INFO  upgrade.AbstractLayoutVersionManager (AbstractLayoutVersionManager.java:init(83)) - Initializing Layout version manager with metadata layout = DATANODE_SCHEMA_V3 (version = 4), software layout = DATANODE_SCHEMA_V3 (version = 4)
2022-10-18 03:54:38,473 [Listener at localhost/35797] INFO  reflections.Reflections (Reflections.java:scan(232)) - Reflections took 45 ms to scan 7 urls, producing 137 keys and 328 values 
2022-10-18 03:54:38,476 [Listener at localhost/35797] INFO  ha.SequenceIdGenerator (SequenceIdGenerator.java:upgradeToSequenceId(349)) - upgrade localId to 109611004723200000
2022-10-18 03:54:38,476 [Listener at localhost/35797] INFO  ha.SequenceIdGenerator (SequenceIdGenerator.java:upgradeToSequenceId(359)) - upgrade delTxnId to 0
2022-10-18 03:54:38,477 [Listener at localhost/35797] INFO  ha.SequenceIdGenerator (SequenceIdGenerator.java:upgradeToSequenceId(376)) - upgrade containerId to 0
2022-10-18 03:54:38,477 [Listener at localhost/35797] INFO  ha.SequenceIdGenerator (SequenceIdGenerator.java:<init>(220)) - Init the HA SequenceIdGenerator.
2022-10-18 03:54:38,477 [Listener at localhost/35797] WARN  server.ServerUtils (ServerUtils.java:sanitizeUserArgs(73)) - ozone.scm.stale.node.interval value = 300000 is larger than max = 100000 based on the key value of ozone.scm.heartbeat.thread.interval, reset to the max value 100000.
2022-10-18 03:54:38,477 [Listener at localhost/35797] WARN  server.ServerUtils (ServerUtils.java:sanitizeUserArgs(73)) - ozone.scm.stale.node.interval value = 300000 is larger than max = 100000 based on the key value of ozone.scm.heartbeat.thread.interval, reset to the max value 100000.
2022-10-18 03:54:38,478 [Listener at localhost/35797] INFO  node.SCMNodeManager (SCMNodeManager.java:<init>(149)) - Entering startup safe mode.
2022-10-18 03:54:38,478 [Listener at localhost/35797] INFO  algorithms.ContainerPlacementPolicyFactory (ContainerPlacementPolicyFactory.java:getPolicyInternal(86)) - Create container placement policy of type org.apache.hadoop.hdds.scm.container.placement.algorithms.SCMContainerPlacementRandom
2022-10-18 03:54:38,479 [Listener at localhost/35797] INFO  algorithms.ContainerPlacementPolicyFactory (ContainerPlacementPolicyFactory.java:getPolicyInternal(86)) - Create container placement policy of type org.apache.hadoop.hdds.scm.container.placement.algorithms.SCMContainerPlacementRackScatter
2022-10-18 03:54:38,479 [Listener at localhost/35797] INFO  pipeline.PipelineStateManagerImpl (PipelineStateManagerImpl.java:initialize(78)) - No pipeline exists in current db
2022-10-18 03:54:38,479 [Listener at localhost/35797] INFO  algorithms.LeaderChoosePolicyFactory (LeaderChoosePolicyFactory.java:getPolicy(57)) - Create leader choose policy of type org.apache.hadoop.hdds.scm.pipeline.leader.choose.algorithms.MinLeaderCountChoosePolicy
2022-10-18 03:54:38,479 [Listener at localhost/35797] INFO  algorithms.ContainerPlacementPolicyFactory (ContainerPlacementPolicyFactory.java:getPolicyInternal(86)) - Create container placement policy of type org.apache.hadoop.hdds.scm.container.placement.algorithms.SCMContainerPlacementRackScatter
2022-10-18 03:54:38,480 [Listener at localhost/35797] INFO  ha.SCMServiceManager (SCMServiceManager.java:register(42)) - Registering service BackgroundPipelineCreator.
2022-10-18 03:54:38,480 [Listener at localhost/35797] INFO  pipeline.BackgroundPipelineCreator (BackgroundPipelineCreator.java:start(124)) - Starting RatisPipelineUtilsThread.
2022-10-18 03:54:38,480 [Listener at localhost/35797] INFO  BackgroundPipelineScrubber (BackgroundSCMService.java:start(68)) - Starting BackgroundPipelineScrubber Service.
2022-10-18 03:54:38,480 [Listener at localhost/35797] INFO  ha.SCMServiceManager (SCMServiceManager.java:register(42)) - Registering service BackgroundPipelineScrubber.
2022-10-18 03:54:38,481 [Listener at localhost/35797] INFO  ExpiredContainerReplicaOpScrubber (BackgroundSCMService.java:start(68)) - Starting ExpiredContainerReplicaOpScrubber Service.
2022-10-18 03:54:38,481 [Listener at localhost/35797] INFO  ha.SCMServiceManager (SCMServiceManager.java:register(42)) - Registering service ExpiredContainerReplicaOpScrubber.
2022-10-18 03:54:38,483 [Listener at localhost/35797] INFO  algorithms.PipelineChoosePolicyFactory (PipelineChoosePolicyFactory.java:createPipelineChoosePolicyFromClass(73)) - Create pipeline choose policy of type org.apache.hadoop.hdds.scm.pipeline.choose.algorithms.RandomPipelineChoosePolicy
2022-10-18 03:54:38,483 [Listener at localhost/35797] INFO  ha.SCMServiceManager (SCMServiceManager.java:register(42)) - Registering service SCMBlockDeletingService.
2022-10-18 03:54:38,484 [Listener at localhost/35797] INFO  replication.ReplicationManager (ReplicationManager.java:start(223)) - Starting Replication Monitor Thread.
2022-10-18 03:54:38,485 [Listener at localhost/35797] INFO  ha.SCMServiceManager (SCMServiceManager.java:register(42)) - Registering service ReplicationManager.
2022-10-18 03:54:38,485 [Listener at localhost/35797] INFO  safemode.ContainerSafeModeRule (ContainerSafeModeRule.java:<init>(89)) - containers with one replica threshold count 0
2022-10-18 03:54:38,485 [Listener at localhost/35797] INFO  safemode.HealthyPipelineSafeModeRule (HealthyPipelineSafeModeRule.java:initializeRule(169)) - Total pipeline count is 0, healthy pipeline threshold count is 1
2022-10-18 03:54:38,486 [Listener at localhost/35797] INFO  safemode.OneReplicaPipelineSafeModeRule (OneReplicaPipelineSafeModeRule.java:initializeRule(180)) - Total pipeline count is 0, pipeline's with at least one datanode reported threshold count is 0
2022-10-18 03:54:38,486 [Listener at localhost/35797] INFO  ipc.CallQueueManager (CallQueueManager.java:<init>(90)) - Using callQueue: class java.util.concurrent.LinkedBlockingQueue, queueCapacity: 2000, scheduler: class org.apache.hadoop.ipc.DefaultRpcScheduler, ipcBackoff: false.
2022-10-18 03:54:38,490 [ReplicationMonitor] INFO  replication.ReplicationManager (ReplicationManager.java:processAll(291)) - Replication Manager is not ready to run until 3000ms after safemode exit
2022-10-18 03:54:38,491 [Listener at 0.0.0.0/44963] INFO  ipc.CallQueueManager (CallQueueManager.java:<init>(90)) - Using callQueue: class java.util.concurrent.LinkedBlockingQueue, queueCapacity: 2000, scheduler: class org.apache.hadoop.ipc.DefaultRpcScheduler, ipcBackoff: false.
2022-10-18 03:54:38,491 [Socket Reader #1 for port 0] INFO  ipc.Server (Server.java:run(1273)) - Starting Socket Reader #1 for port 0
2022-10-18 03:54:38,492 [Listener at 0.0.0.0/45921] INFO  ipc.CallQueueManager (CallQueueManager.java:<init>(90)) - Using callQueue: class java.util.concurrent.LinkedBlockingQueue, queueCapacity: 2000, scheduler: class org.apache.hadoop.ipc.DefaultRpcScheduler, ipcBackoff: false.
2022-10-18 03:54:38,491 [Socket Reader #1 for port 0] INFO  ipc.Server (Server.java:run(1273)) - Starting Socket Reader #1 for port 0
2022-10-18 03:54:38,493 [Socket Reader #1 for port 0] INFO  ipc.Server (Server.java:run(1273)) - Starting Socket Reader #1 for port 0
2022-10-18 03:54:38,516 [Listener at 0.0.0.0/34135] INFO  ha.SCMServiceManager (SCMServiceManager.java:register(42)) - Registering service ContainerBalancer.
2022-10-18 03:54:38,517 [Listener at 0.0.0.0/34135] INFO  server.StorageContainerManager (StorageContainerManager.java:<init>(410)) - 
Container Balancer status:
Key                            Value
Running                        true
Container Balancer Configuration values:
Key                                                Value
Threshold                                          10
Max Datanodes to Involve per Iteration(percent)    20
Max Size to Move per Iteration                     500GB
Max Size Entering Target per Iteration             26GB
Max Size Leaving Source per Iteration              26GB

2022-10-18 03:54:38,517 [Listener at 0.0.0.0/34135] WARN  events.EventQueue (EventQueue.java:fireEvent(216)) - No event handler registered for event TypedEvent{payloadType=SafeModeStatus, name='Safe mode status'}
2022-10-18 03:54:38,517 [Listener at 0.0.0.0/34135] INFO  ha.SCMContext (SCMContext.java:updateSafeModeStatus(228)) - Update SafeModeStatus from SafeModeStatus{safeModeStatus=true, preCheckPassed=false} to SafeModeStatus{safeModeStatus=true, preCheckPassed=false}.
2022-10-18 03:54:38,518 [Listener at 0.0.0.0/34135] INFO  server.StorageContainerManager (StorageContainerManager.java:start(1436)) - StorageContainerLocationProtocol RPC server is listening at /0.0.0.0:34135
2022-10-18 03:54:38,519 [Listener at 0.0.0.0/34135] WARN  impl.MetricsConfig (MetricsConfig.java:loadFirst(136)) - Cannot locate configuration: tried hadoop-metrics2-storagecontainermanager.properties,hadoop-metrics2.properties
2022-10-18 03:54:38,520 [Listener at 0.0.0.0/34135] INFO  impl.MetricsSystemImpl (MetricsSystemImpl.java:startTimer(378)) - Scheduled Metric snapshot period at 10 second(s).
2022-10-18 03:54:38,520 [Listener at 0.0.0.0/34135] INFO  impl.MetricsSystemImpl (MetricsSystemImpl.java:start(191)) - StorageContainerManager metrics system started
2022-10-18 03:54:38,550 [Listener at 0.0.0.0/34135] INFO  impl.MetricsSinkAdapter (MetricsSinkAdapter.java:start(204)) - Sink prometheus started
2022-10-18 03:54:38,550 [Listener at 0.0.0.0/34135] INFO  impl.MetricsSystemImpl (MetricsSystemImpl.java:registerSink(305)) - Registered sink prometheus
2022-10-18 03:54:38,578 [Listener at 0.0.0.0/34135] INFO  server.SCMClientProtocolServer (SCMClientProtocolServer.java:start(170)) - RPC server for Client  is listening at /0.0.0.0:34135
2022-10-18 03:54:38,579 [IPC Server Responder] INFO  ipc.Server (Server.java:run(1512)) - IPC Server Responder: starting
2022-10-18 03:54:38,579 [IPC Server listener on 0] INFO  ipc.Server (Server.java:run(1352)) - IPC Server listener on 0: starting
2022-10-18 03:54:38,584 [Listener at 0.0.0.0/34135] INFO  server.StorageContainerManager (StorageContainerManager.java:start(1451)) - ScmBlockLocationProtocol RPC server is listening at /0.0.0.0:45921
2022-10-18 03:54:38,584 [Listener at 0.0.0.0/34135] INFO  server.SCMBlockProtocolServer (SCMBlockProtocolServer.java:start(152)) - RPC server for Block Protocol is listening at /0.0.0.0:45921
2022-10-18 03:54:38,585 [IPC Server Responder] INFO  ipc.Server (Server.java:run(1512)) - IPC Server Responder: starting
2022-10-18 03:54:38,585 [IPC Server listener on 0] INFO  ipc.Server (Server.java:run(1352)) - IPC Server listener on 0: starting
2022-10-18 03:54:38,587 [Listener at 0.0.0.0/34135] INFO  server.SCMDatanodeProtocolServer (SCMDatanodeProtocolServer.java:start(186)) - ScmDatanodeProtocol RPC server for DataNodes is listening at /0.0.0.0:44963
2022-10-18 03:54:38,588 [IPC Server Responder] INFO  ipc.Server (Server.java:run(1512)) - IPC Server Responder: starting
2022-10-18 03:54:38,588 [IPC Server listener on 0] INFO  ipc.Server (Server.java:run(1352)) - IPC Server listener on 0: starting
2022-10-18 03:54:38,592 [Listener at 0.0.0.0/34135] INFO  http.BaseHttpServer (BaseHttpServer.java:newHttpServer2BuilderForOzone(213)) - Starting Web-server for scm at: http://0.0.0.0:0
2022-10-18 03:54:38,593 [Listener at 0.0.0.0/34135] INFO  http.BaseHttpServer (BaseHttpServer.java:<init>(108)) - Hadoop Security Enabled: false Ozone Security Enabled: false Ozone HTTP Security Enabled: false 
2022-10-18 03:54:38,594 [Listener at 0.0.0.0/34135] WARN  server.AuthenticationFilter (AuthenticationFilter.java:constructSecretProvider(240)) - Unable to initialize FileSignerSecretProvider, falling back to use random secrets. Reason: Could not read signature secret file: /home/runner/hadoop-http-auth-signature-secret
2022-10-18 03:54:38,593 [org.apache.hadoop.util.JvmPauseMonitor$Monitor@2f57b8] INFO  util.JvmPauseMonitor (JvmPauseMonitor.java:run(188)) - Starting JVM pause monitor
2022-10-18 03:54:38,595 [Listener at 0.0.0.0/34135] WARN  http.HttpRequestLog (HttpRequestLog.java:getRequestLog(103)) - Jetty request log can only be enabled using Log4j
2022-10-18 03:54:38,597 [Listener at 0.0.0.0/34135] INFO  http.HttpServer2 (HttpServer2.java:addGlobalFilter(1031)) - Added global filter 'safety' (class=org.apache.hadoop.hdds.server.http.HttpServer2$QuotingInputFilter)
2022-10-18 03:54:38,597 [Listener at 0.0.0.0/34135] INFO  http.HttpServer2 (HttpServer2.java:addFilter(1007)) - Added filter static_user_filter (class=org.apache.hadoop.http.lib.StaticUserWebFilter$StaticUserFilter) to context scm
2022-10-18 03:54:38,597 [Listener at 0.0.0.0/34135] INFO  http.HttpServer2 (HttpServer2.java:addFilter(1015)) - Added filter static_user_filter (class=org.apache.hadoop.http.lib.StaticUserWebFilter$StaticUserFilter) to context static
2022-10-18 03:54:38,597 [Listener at 0.0.0.0/34135] INFO  http.HttpServer2 (HttpServer2.java:addFilter(1015)) - Added filter static_user_filter (class=org.apache.hadoop.http.lib.StaticUserWebFilter$StaticUserFilter) to context logs
2022-10-18 03:54:38,598 [Listener at 0.0.0.0/34135] INFO  http.HttpServer2 (HttpServer2.java:bindListener(1250)) - Jetty bound to port 35253
2022-10-18 03:54:38,598 [Listener at 0.0.0.0/34135] INFO  server.Server (Server.java:doStart(375)) - jetty-9.4.43.v20210629; built: 2021-06-30T11:07:22.254Z; git: 526006ecfa3af7f1a27ef3a288e2bef7ea9dd7e8; jvm 1.8.0_345-b01
2022-10-18 03:54:38,600 [Listener at 0.0.0.0/34135] INFO  server.session (DefaultSessionIdManager.java:doStart(334)) - DefaultSessionIdManager workerName=node0
2022-10-18 03:54:38,600 [Listener at 0.0.0.0/34135] INFO  server.session (DefaultSessionIdManager.java:doStart(339)) - No SessionScavenger set, using defaults
2022-10-18 03:54:38,600 [Listener at 0.0.0.0/34135] INFO  server.session (HouseKeeper.java:startScavenging(132)) - node0 Scavenging every 660000ms
2022-10-18 03:54:38,601 [Listener at 0.0.0.0/34135] INFO  handler.ContextHandler (ContextHandler.java:doStart(915)) - Started o.e.j.s.ServletContextHandler@2f816d78{logs,/logs,file:///home/runner/work/ozone/ozone/hadoop-ozone/integration-test/target/log,AVAILABLE}
2022-10-18 03:54:38,602 [Listener at 0.0.0.0/34135] INFO  handler.ContextHandler (ContextHandler.java:doStart(915)) - Started o.e.j.s.ServletContextHandler@159aacd8{static,/static,file:///home/runner/work/ozone/ozone/hadoop-ozone/integration-test/target/test-classes/webapps/static,AVAILABLE}
2022-10-18 03:54:38,605 [Listener at 0.0.0.0/34135] INFO  handler.ContextHandler (ContextHandler.java:doStart(915)) - Started o.e.j.w.WebAppContext@64e0d362{scm,/,file:///home/runner/work/ozone/ozone/hadoop-ozone/integration-test/target/test-classes/webapps/scm/,AVAILABLE}{file:/home/runner/work/ozone/ozone/hadoop-ozone/integration-test/target/test-classes/webapps/scm}
2022-10-18 03:54:38,607 [Listener at 0.0.0.0/34135] INFO  server.AbstractConnector (AbstractConnector.java:doStart(331)) - Started ServerConnector@14fe3663{HTTP/1.1, (http/1.1)}{0.0.0.0:35253}
2022-10-18 03:54:38,607 [Listener at 0.0.0.0/34135] INFO  server.Server (Server.java:doStart(415)) - Started @84295ms
2022-10-18 03:54:38,607 [Listener at 0.0.0.0/34135] WARN  impl.MetricsSystemImpl (MetricsSystemImpl.java:register(279)) - Sink prometheus already exists!
2022-10-18 03:54:38,608 [Listener at 0.0.0.0/34135] INFO  http.BaseHttpServer (BaseHttpServer.java:updateConnectorAddress(333)) - HTTP server of scm listening at http://0.0.0.0:35253
2022-10-18 03:54:38,609 [Listener at 0.0.0.0/34135] INFO  ha.OMHANodeDetails (OMHANodeDetails.java:loadOMHAConfig(121)) - ServiceID for OzoneManager is om-service-test1
2022-10-18 03:54:38,610 [Listener at 0.0.0.0/34135] INFO  ha.OMHANodeDetails (OMHANodeDetails.java:loadOMHAConfig(201)) - Found matching OM address with OMServiceId: om-service-test1, OMNodeId: omNode-1, RPC Address: localhost:44847 and Ratis port: 38839
2022-10-18 03:54:38,610 [Listener at 0.0.0.0/34135] INFO  ha.OMHANodeDetails (ConfUtils.java:setNodeSpecificConfigs(97)) - Setting configuration key ozone.om.http-address with value of key ozone.om.http-address.om-service-test1.omNode-1: 127.0.0.1:37425
2022-10-18 03:54:38,610 [Listener at 0.0.0.0/34135] INFO  ha.OMHANodeDetails (ConfUtils.java:setNodeSpecificConfigs(97)) - Setting configuration key ozone.om.https-address with value of key ozone.om.https-address.om-service-test1.omNode-1: 127.0.0.1:35941
2022-10-18 03:54:38,610 [Listener at 0.0.0.0/34135] INFO  ha.OMHANodeDetails (ConfUtils.java:setNodeSpecificConfigs(97)) - Setting configuration key ozone.om.address with value of key ozone.om.address.om-service-test1.omNode-1: 127.0.0.1:44847
2022-10-18 03:54:38,610 [Listener at 0.0.0.0/34135] WARN  server.ServerUtils (ServerUtils.java:getDBPath(225)) - ozone.om.db.dirs is not configured. We recommend adding this setting. Falling back to ozone.metadata.dirs instead.
2022-10-18 03:54:38,612 [Listener at 0.0.0.0/34135] INFO  proxy.SCMBlockLocationFailoverProxyProvider (SCMBlockLocationFailoverProxyProvider.java:<init>(114)) - Created block location fail-over proxy with 1 nodes: [nodeId=scmNodeId,nodeAddress=/0.0.0.0:45921]
OM initialization succeeded.Current cluster id for sd=/home/runner/work/ozone/ozone/hadoop-ozone/integration-test/target/test-dir/MiniOzoneClusterImpl-2682239d-8109-418f-bfce-648431d3ae5d/omNode-1/om;cid=2682239d-8109-418f-bfce-648431d3ae5d;layoutVersion=3
2022-10-18 03:54:38,623 [Listener at 0.0.0.0/34135] INFO  ha.OMHANodeDetails (OMHANodeDetails.java:loadOMHAConfig(121)) - ServiceID for OzoneManager is om-service-test1
2022-10-18 03:54:38,623 [Listener at 0.0.0.0/34135] INFO  ha.OMHANodeDetails (OMHANodeDetails.java:loadOMHAConfig(201)) - Found matching OM address with OMServiceId: om-service-test1, OMNodeId: omNode-1, RPC Address: localhost:44847 and Ratis port: 38839
2022-10-18 03:54:38,623 [Listener at 0.0.0.0/34135] INFO  ha.OMHANodeDetails (ConfUtils.java:setNodeSpecificConfigs(97)) - Setting configuration key ozone.om.http-address with value of key ozone.om.http-address.om-service-test1.omNode-1: 127.0.0.1:37425
2022-10-18 03:54:38,624 [Listener at 0.0.0.0/34135] INFO  ha.OMHANodeDetails (ConfUtils.java:setNodeSpecificConfigs(97)) - Setting configuration key ozone.om.https-address with value of key ozone.om.https-address.om-service-test1.omNode-1: 127.0.0.1:35941
2022-10-18 03:54:38,624 [Listener at 0.0.0.0/34135] INFO  ha.OMHANodeDetails (ConfUtils.java:setNodeSpecificConfigs(97)) - Setting configuration key ozone.om.address with value of key ozone.om.address.om-service-test1.omNode-1: 127.0.0.1:44847
2022-10-18 03:54:38,624 [Listener at 0.0.0.0/34135] WARN  server.ServerUtils (ServerUtils.java:getDBPath(225)) - ozone.om.db.dirs is not configured. We recommend adding this setting. Falling back to ozone.metadata.dirs instead.
2022-10-18 03:54:38,624 [Listener at 0.0.0.0/34135] INFO  upgrade.AbstractLayoutVersionManager (AbstractLayoutVersionManager.java:init(83)) - Initializing Layout version manager with metadata layout = MULTITENANCY_SCHEMA (version = 3), software layout = MULTITENANCY_SCHEMA (version = 3)
2022-10-18 03:54:38,697 [Listener at 0.0.0.0/34135] INFO  reflections.Reflections (Reflections.java:scan(232)) - Reflections took 72 ms to scan 2 urls, producing 154 keys and 428 values [using 2 cores]
2022-10-18 03:54:38,697 [Listener at 0.0.0.0/34135] INFO  upgrade.OMLayoutVersionManager (OMLayoutVersionManager.java:lambda$0(115)) - Skipping Upgrade Action MockOmUpgradeAction since it has been finalized.
2022-10-18 03:54:38,697 [Listener at 0.0.0.0/34135] WARN  server.ServerUtils (ServerUtils.java:getDBPath(225)) - ozone.om.db.dirs is not configured. We recommend adding this setting. Falling back to ozone.metadata.dirs instead.
2022-10-18 03:54:38,698 [Listener at 0.0.0.0/34135] INFO  proxy.SCMBlockLocationFailoverProxyProvider (SCMBlockLocationFailoverProxyProvider.java:<init>(114)) - Created block location fail-over proxy with 1 nodes: [nodeId=scmNodeId,nodeAddress=/0.0.0.0:45921]
2022-10-18 03:54:38,700 [Listener at 0.0.0.0/34135] INFO  proxy.SCMBlockLocationFailoverProxyProvider (SCMBlockLocationFailoverProxyProvider.java:<init>(114)) - Created block location fail-over proxy with 1 nodes: [nodeId=scmNodeId,nodeAddress=/0.0.0.0:45921]
2022-10-18 03:54:38,709 [Listener at 0.0.0.0/34135] WARN  server.ServerUtils (ServerUtils.java:getDBPath(225)) - ozone.om.db.dirs is not configured. We recommend adding this setting. Falling back to ozone.metadata.dirs instead.
2022-10-18 03:54:38,709 [Listener at 0.0.0.0/34135] INFO  codec.OmKeyInfoCodec (OmKeyInfoCodec.java:<init>(49)) - OmKeyInfoCodec ignorePipeline = true
2022-10-18 03:54:38,710 [Listener at 0.0.0.0/34135] INFO  codec.RepeatedOmKeyInfoCodec (RepeatedOmKeyInfoCodec.java:<init>(41)) - RepeatedOmKeyInfoCodec ignorePipeline = true
2022-10-18 03:54:38,897 [Listener at 0.0.0.0/34135] INFO  om.OzoneManager (OzoneManager.java:instantiateServices(712)) - S3 Multi-Tenancy is disabled
2022-10-18 03:54:38,898 [Listener at 0.0.0.0/34135] INFO  om.OzoneManager (OzoneManager.java:addS3GVolumeToDB(4386)) - Created Volume s3v With Owner runner required for S3Gateway operations.
2022-10-18 03:54:38,898 [Listener at 0.0.0.0/34135] WARN  server.ServerUtils (ServerUtils.java:getDefaultRatisDirectory(237)) - Storage directory for Ratis is not configured. It is a good idea to map this to an SSD disk. Falling back to ozone.metadata.dirs
2022-10-18 03:54:38,899 [Listener at 0.0.0.0/34135] WARN  utils.OzoneManagerRatisUtils (OzoneManagerRatisUtils.java:getOMRatisSnapshotDirectory(434)) - ozone.om.ratis.snapshot.dir is not configured. Falling back to ozone.metadata.dirs config
2022-10-18 03:54:38,899 [Listener at 0.0.0.0/34135] INFO  snapshot.OzoneManagerSnapshotProvider (OzoneManagerSnapshotProvider.java:<init>(76)) - Initializing OM Snapshot Provider
2022-10-18 03:54:38,901 [Listener at 0.0.0.0/34135] WARN  server.ServerUtils (ServerUtils.java:getDefaultRatisDirectory(237)) - Storage directory for Ratis is not configured. It is a good idea to map this to an SSD disk. Falling back to ozone.metadata.dirs
2022-10-18 03:54:38,902 [Listener at 0.0.0.0/34135] INFO  ratis.OzoneManagerRatisServer (OzoneManagerRatisServer.java:<init>(160)) - Instantiating OM Ratis server with groupID: om-service-test1 and peers: localhost:38839, localhost:37031, localhost:42171
2022-10-18 03:54:38,903 [Listener at 0.0.0.0/34135] INFO  ratis.OzoneManagerStateMachine (OzoneManagerStateMachine.java:loadSnapshotInfoFromDB(632)) - LastAppliedIndex is set from TransactionInfo from OM DB as (t:0, i:~)
2022-10-18 03:54:38,903 [Listener at 0.0.0.0/34135] INFO  server.RaftServer (ConfUtils.java:logGet(46)) - raft.rpc.type = GRPC (default)
2022-10-18 03:54:38,903 [Listener at 0.0.0.0/34135] INFO  grpc.GrpcFactory (GrpcFactory.java:checkPooledByteBufAllocatorUseCacheForAllThreads(48)) - PERFORMANCE WARNING: useCacheForAllThreads is true that may cause Netty to create a lot garbage objects and, as a result, trigger GC.
	It is recommended to disable useCacheForAllThreads by setting -Dorg.apache.ratis.thirdparty.io.netty.allocator.useCacheForAllThreads=false in command line.
2022-10-18 03:54:38,903 [Listener at 0.0.0.0/34135] INFO  grpc.GrpcConfigKeys (ConfUtils.java:logGet(46)) - raft.grpc.admin.port = -1 (default)
2022-10-18 03:54:38,903 [Listener at 0.0.0.0/34135] INFO  grpc.GrpcConfigKeys (ConfUtils.java:logGet(46)) - raft.grpc.server.port = 38839 (custom)
2022-10-18 03:54:38,904 [Listener at 0.0.0.0/34135] INFO  grpc.GrpcConfigKeys (ConfUtils.java:logGet(46)) - raft.grpc.client.port = -1 (default)
2022-10-18 03:54:38,904 [Listener at 0.0.0.0/34135] INFO  grpc.GrpcConfigKeys (ConfUtils.java:logGet(46)) - raft.grpc.server.port = 38839 (custom)
2022-10-18 03:54:38,904 [Listener at 0.0.0.0/34135] INFO  grpc.GrpcConfigKeys (ConfUtils.java:logGet(46)) - raft.grpc.server.port = 38839 (custom)
2022-10-18 03:54:38,904 [Listener at 0.0.0.0/34135] INFO  server.GrpcService (ConfUtils.java:logGet(46)) - raft.grpc.message.size.max = 33554432 (custom)
2022-10-18 03:54:38,904 [Listener at 0.0.0.0/34135] INFO  server.RaftServerConfigKeys (ConfUtils.java:logGet(46)) - raft.server.log.appender.buffer.byte-limit = 33554432 (custom)
2022-10-18 03:54:38,904 [Listener at 0.0.0.0/34135] INFO  server.GrpcService (ConfUtils.java:logGet(46)) - raft.grpc.flow.control.window = 1MB (=1048576) (default)
2022-10-18 03:54:38,905 [Listener at 0.0.0.0/34135] INFO  server.RaftServerConfigKeys (ConfUtils.java:logGet(46)) - raft.server.rpc.request.timeout = 3000ms (default)
2022-10-18 03:54:38,905 [Listener at 0.0.0.0/34135] INFO  grpc.GrpcConfigKeys (ConfUtils.java:logGet(46)) - raft.grpc.server.async.request.thread.pool.cached = true (default)
2022-10-18 03:54:38,907 [Listener at 0.0.0.0/34135] INFO  grpc.GrpcConfigKeys (ConfUtils.java:logGet(46)) - raft.grpc.server.async.request.thread.pool.size = 32 (default)
2022-10-18 03:54:38,908 [Listener at 0.0.0.0/34135] INFO  impl.DataStreamServerImpl (ConfUtils.java:logGet(46)) - raft.datastream.type = DISABLED (default)
2022-10-18 03:54:38,908 [Listener at 0.0.0.0/34135] INFO  server.RaftServerConfigKeys (ConfUtils.java:logGet(46)) - raft.server.threadpool.proxy.cached = true (default)
2022-10-18 03:54:38,908 [Listener at 0.0.0.0/34135] INFO  server.RaftServerConfigKeys (ConfUtils.java:logGet(46)) - raft.server.threadpool.proxy.size = 0 (default)
2022-10-18 03:54:38,909 [Listener at 0.0.0.0/34135] INFO  server.RaftServerConfigKeys (ConfUtils.java:logGet(46)) - raft.server.rpc.slowness.timeout = 2s (custom)
2022-10-18 03:54:38,909 [Listener at 0.0.0.0/34135] INFO  server.RaftServerConfigKeys (ConfUtils.java:logGet(46)) - raft.server.leaderelection.leader.step-down.wait-time = 10s (default)
2022-10-18 03:54:38,909 [Listener at 0.0.0.0/34135] INFO  server.RaftServerConfigKeys (ConfUtils.java:logGet(46)) - raft.server.storage.dir = [/home/runner/work/ozone/ozone/hadoop-ozone/integration-test/target/test-dir/MiniOzoneClusterImpl-2682239d-8109-418f-bfce-648431d3ae5d/omNode-1/ratis] (custom)
2022-10-18 03:54:38,910 [Listener at 0.0.0.0/34135] INFO  server.RaftServer (RaftServerProxy.java:addNew(96)) - omNode-1: addNew group-523986131536:[omNode-3|rpc:localhost:37031|priority:0, omNode-1|rpc:localhost:38839|priority:0, omNode-2|rpc:localhost:42171|priority:0] returns group-523986131536:java.util.concurrent.CompletableFuture@6e633ff9[Not completed]
2022-10-18 03:54:38,910 [Listener at 0.0.0.0/34135] INFO  om.OzoneManager (OzoneManager.java:initializeRatisServer(1975)) - OzoneManager Ratis server initialized at port 38839
2022-10-18 03:54:38,910 [pool-613-thread-1] INFO  server.RaftServer$Division (RaftServerImpl.java:<init>(190)) - omNode-1: new RaftServerImpl for group-523986131536:[omNode-3|rpc:localhost:37031|priority:0, omNode-1|rpc:localhost:38839|priority:0, omNode-2|rpc:localhost:42171|priority:0] with OzoneManagerStateMachine:uninitialized
2022-10-18 03:54:38,911 [Listener at 0.0.0.0/34135] INFO  om.OzoneManager (OzoneManager.java:getRpcServer(1101)) - Creating RPC Server
2022-10-18 03:54:38,918 [pool-613-thread-1] INFO  server.RaftServerConfigKeys (ConfUtils.java:logGet(46)) - raft.server.rpc.timeout.min = 1s (custom)
2022-10-18 03:54:38,918 [pool-613-thread-1] INFO  server.RaftServerConfigKeys (ConfUtils.java:logGet(46)) - raft.server.rpc.timeout.max = 1200ms (custom)
2022-10-18 03:54:38,918 [pool-613-thread-1] INFO  server.RaftServerConfigKeys (ConfUtils.java:logGet(46)) - raft.server.rpc.sleep.time = 25ms (default)
2022-10-18 03:54:38,918 [pool-613-thread-1] INFO  server.RaftServerConfigKeys (ConfUtils.java:logGet(46)) - raft.server.rpc.slowness.timeout = 2s (custom)
2022-10-18 03:54:38,918 [pool-613-thread-1] INFO  server.RaftServerConfigKeys (ConfUtils.java:logGet(46)) - raft.server.leaderelection.leader.step-down.wait-time = 10s (default)
2022-10-18 03:54:38,918 [pool-613-thread-1] INFO  server.RaftServerConfigKeys (ConfUtils.java:logGet(46)) - raft.server.sleep.deviation.threshold = 300ms (default)
2022-10-18 03:54:38,918 [pool-613-thread-1] INFO  server.RaftServer$Division (ServerState.java:<init>(107)) - omNode-1@group-523986131536: ConfigurationManager, init=-1: [omNode-3|rpc:localhost:37031|priority:0, omNode-1|rpc:localhost:38839|priority:0, omNode-2|rpc:localhost:42171|priority:0], old=null, confs=<EMPTY_MAP>
2022-10-18 03:54:38,918 [pool-613-thread-1] INFO  server.RaftServerConfigKeys (ConfUtils.java:logGet(46)) - raft.server.storage.dir = [/home/runner/work/ozone/ozone/hadoop-ozone/integration-test/target/test-dir/MiniOzoneClusterImpl-2682239d-8109-418f-bfce-648431d3ae5d/omNode-1/ratis] (custom)
2022-10-18 03:54:38,918 [pool-613-thread-1] INFO  server.RaftServerConfigKeys (ConfUtils.java:logGet(46)) - raft.server.log.corruption.policy = EXCEPTION (default)
2022-10-18 03:54:38,919 [pool-613-thread-1] INFO  server.RaftServerConfigKeys (ConfUtils.java:logGet(46)) - raft.server.storage.free-space.min = 0MB (=0) (default)
2022-10-18 03:54:38,919 [pool-613-thread-1] INFO  storage.RaftStorageDirectory (RaftStorageDirectoryImpl.java:analyzeStorage(135)) - The storage directory /home/runner/work/ozone/ozone/hadoop-ozone/integration-test/target/test-dir/MiniOzoneClusterImpl-2682239d-8109-418f-bfce-648431d3ae5d/omNode-1/ratis/c9bc4cf4-3bc3-3c60-a66b-523986131536 does not exist. Creating ...
2022-10-18 03:54:38,923 [pool-613-thread-1] INFO  storage.RaftStorageDirectory (RaftStorageDirectoryImpl.java:tryLock(230)) - Lock on /home/runner/work/ozone/ozone/hadoop-ozone/integration-test/target/test-dir/MiniOzoneClusterImpl-2682239d-8109-418f-bfce-648431d3ae5d/omNode-1/ratis/c9bc4cf4-3bc3-3c60-a66b-523986131536/in_use.lock acquired by nodename 30743@fv-az573-760
2022-10-18 03:54:38,925 [pool-613-thread-1] INFO  storage.RaftStorage (RaftStorageImpl.java:format(89)) - Storage directory /home/runner/work/ozone/ozone/hadoop-ozone/integration-test/target/test-dir/MiniOzoneClusterImpl-2682239d-8109-418f-bfce-648431d3ae5d/omNode-1/ratis/c9bc4cf4-3bc3-3c60-a66b-523986131536 has been successfully formatted.
2022-10-18 03:54:38,926 [pool-613-thread-1] INFO  server.RaftServerConfigKeys (ConfUtils.java:logGet(46)) - raft.server.notification.no-leader.timeout = 2s (custom)
2022-10-18 03:54:38,926 [pool-613-thread-1] INFO  server.RaftServerConfigKeys (ConfUtils.java:logGet(46)) - raft.server.log.use.memory = false (default)
2022-10-18 03:54:38,926 [pool-613-thread-1] INFO  server.RaftServerConfigKeys (ConfUtils.java:logGet(46)) - raft.server.log.purge.gap = 50 (custom)
2022-10-18 03:54:38,926 [pool-613-thread-1] INFO  server.RaftServerConfigKeys (ConfUtils.java:logGet(46)) - raft.server.log.appender.buffer.byte-limit = 33554432 (custom)
2022-10-18 03:54:38,926 [pool-613-thread-1] INFO  server.RaftServerConfigKeys (ConfUtils.java:logGet(46)) - raft.server.log.statemachine.data.read.timeout = 1000ms (default)
2022-10-18 03:54:38,926 [pool-613-thread-1] INFO  server.RaftServerConfigKeys (ConfUtils.java:logGet(46)) - raft.server.log.segment.size.max = 4194304 (custom)
2022-10-18 03:54:38,927 [pool-613-thread-1] INFO  server.RaftServerConfigKeys (ConfUtils.java:logGet(46)) - raft.server.log.segment.cache.num.max = 2 (custom)
2022-10-18 03:54:38,927 [pool-613-thread-1] INFO  server.RaftServerConfigKeys (ConfUtils.java:logGet(46)) - raft.server.log.segment.cache.size.max = 200MB (=209715200) (default)
2022-10-18 03:54:38,927 [pool-613-thread-1] INFO  segmented.SegmentedRaftLogWorker (SegmentedRaftLogWorker.java:<init>(187)) - new omNode-1@group-523986131536-SegmentedRaftLogWorker for RaftStorageImpl:Storage Directory /home/runner/work/ozone/ozone/hadoop-ozone/integration-test/target/test-dir/MiniOzoneClusterImpl-2682239d-8109-418f-bfce-648431d3ae5d/omNode-1/ratis/c9bc4cf4-3bc3-3c60-a66b-523986131536
2022-10-18 03:54:38,927 [pool-613-thread-1] INFO  server.RaftServerConfigKeys (ConfUtils.java:logGet(46)) - raft.server.log.queue.byte-limit = 64MB (=67108864) (default)
2022-10-18 03:54:38,927 [pool-613-thread-1] INFO  server.RaftServerConfigKeys (ConfUtils.java:logGet(46)) - raft.server.log.queue.element-limit = 4096 (default)
2022-10-18 03:54:38,927 [pool-613-thread-1] INFO  server.RaftServerConfigKeys (ConfUtils.java:logGet(46)) - raft.server.log.segment.size.max = 4194304 (custom)
2022-10-18 03:54:38,927 [pool-613-thread-1] INFO  server.RaftServerConfigKeys (ConfUtils.java:logGet(46)) - raft.server.log.preallocated.size = 4194304 (custom)
2022-10-18 03:54:38,927 [pool-613-thread-1] INFO  server.RaftServerConfigKeys (ConfUtils.java:logGet(46)) - raft.server.log.force.sync.num = 128 (default)
2022-10-18 03:54:38,927 [pool-613-thread-1] INFO  server.RaftServerConfigKeys (ConfUtils.java:logGet(46)) - raft.server.log.statemachine.data.sync = true (default)
2022-10-18 03:54:38,927 [pool-613-thread-1] INFO  server.RaftServerConfigKeys (ConfUtils.java:logGet(46)) - raft.server.log.statemachine.data.sync.timeout = 10s (default)
2022-10-18 03:54:38,927 [pool-613-thread-1] INFO  server.RaftServerConfigKeys (ConfUtils.java:logGet(46)) - raft.server.log.statemachine.data.sync.timeout.retry = -1 (default)
2022-10-18 03:54:38,936 [pool-613-thread-1] INFO  server.RaftServerConfigKeys (ConfUtils.java:logGet(46)) - raft.server.log.write.buffer.size = 64KB (=65536) (default)
2022-10-18 03:54:38,936 [pool-613-thread-1] INFO  server.RaftServerConfigKeys (ConfUtils.java:logGet(46)) - raft.server.log.unsafe-flush.enabled = false (default)
2022-10-18 03:54:38,936 [pool-613-thread-1] INFO  server.RaftServerConfigKeys (ConfUtils.java:logGet(46)) - raft.server.log.statemachine.data.caching.enabled = false (default)
2022-10-18 03:54:38,936 [pool-613-thread-1] INFO  segmented.SegmentedRaftLogWorker (SegmentedRaftLogWorker.java:lambda$new$0(135)) - omNode-1@group-523986131536-SegmentedRaftLogWorker: flushIndex: setUnconditionally 0 -> -1
2022-10-18 03:54:38,936 [pool-613-thread-1] INFO  segmented.SegmentedRaftLogWorker (SegmentedRaftLogWorker.java:lambda$new$0(135)) - omNode-1@group-523986131536-SegmentedRaftLogWorker: safeCacheEvictIndex: setUnconditionally 0 -> -1
2022-10-18 03:54:38,949 [pool-613-thread-1] INFO  server.RaftServerConfigKeys (ConfUtils.java:logGet(46)) - raft.server.snapshot.auto.trigger.enabled = true (custom)
2022-10-18 03:54:38,949 [pool-613-thread-1] INFO  server.RaftServerConfigKeys (ConfUtils.java:logGet(46)) - raft.server.snapshot.auto.trigger.threshold = 50 (custom)
2022-10-18 03:54:38,949 [pool-613-thread-1] INFO  server.RaftServerConfigKeys (ConfUtils.java:logGet(46)) - raft.server.snapshot.retention.file.num = -1 (default)
2022-10-18 03:54:38,949 [pool-613-thread-1] INFO  server.RaftServerConfigKeys (ConfUtils.java:logGet(46)) - raft.server.log.purge.upto.snapshot.index = true (custom)
2022-10-18 03:54:38,949 [pool-613-thread-1] INFO  server.RaftServerConfigKeys (ConfUtils.java:logGet(46)) - raft.server.retrycache.expirytime = 30000ms (custom)
2022-10-18 03:54:38,949 [pool-613-thread-1] INFO  server.RaftServerConfigKeys (ConfUtils.java:logGet(46)) - raft.server.retrycache.statistics.expirytime = 100μs (default)
2022-10-18 03:54:38,951 [pool-613-thread-1] INFO  server.RaftServerConfigKeys (ConfUtils.java:logGet(46)) - raft.server.log.appender.install.snapshot.enabled = false (custom)
2022-10-18 03:54:38,951 [pool-613-thread-1] INFO  server.RaftServerConfigKeys (ConfUtils.java:logGet(46)) - raft.server.threadpool.server.cached = true (default)
2022-10-18 03:54:38,951 [pool-613-thread-1] INFO  server.RaftServerConfigKeys (ConfUtils.java:logGet(46)) - raft.server.threadpool.server.size = 0 (default)
2022-10-18 03:54:38,951 [pool-613-thread-1] INFO  server.RaftServerConfigKeys (ConfUtils.java:logGet(46)) - raft.server.threadpool.client.cached = true (default)
2022-10-18 03:54:38,951 [pool-613-thread-1] INFO  server.RaftServerConfigKeys (ConfUtils.java:logGet(46)) - raft.server.threadpool.client.size = 0 (default)
2022-10-18 03:54:39,170 [EndpointStateMachine task thread for /0.0.0.0:43069 - 0 ] INFO  ipc.Client (Client.java:handleConnectionFailure(1010)) - Retrying connect to server: 0.0.0.0/0.0.0.0:43069. Already tried 4 time(s); retry policy is RetryUpToMaximumCountWithFixedSleep(maxRetries=15, sleepTime=1000 MILLISECONDS)
2022-10-18 03:54:39,350 [Listener at 0.0.0.0/34135] INFO  reflections.Reflections (Reflections.java:scan(232)) - Reflections took 431 ms to scan 19 urls, producing 67 keys and 4238 values [using 2 cores]
2022-10-18 03:54:39,351 [Listener at 0.0.0.0/34135] INFO  ipc.CallQueueManager (CallQueueManager.java:<init>(90)) - Using callQueue: class java.util.concurrent.LinkedBlockingQueue, queueCapacity: 2000, scheduler: class org.apache.hadoop.ipc.DefaultRpcScheduler, ipcBackoff: false.
2022-10-18 03:54:39,352 [Socket Reader #1 for port 44847] INFO  ipc.Server (Server.java:run(1273)) - Starting Socket Reader #1 for port 44847
2022-10-18 03:54:39,374 [Listener at 127.0.0.1/44847] INFO  impl.MetricsSystemImpl (MetricsSystemImpl.java:init(158)) - OzoneManager metrics system started (again)
2022-10-18 03:54:39,384 [Listener at 127.0.0.1/44847] INFO  om.OzoneManager (OzoneManager.java:start(1482)) - OzoneManager RPC server is listening at localhost/127.0.0.1:44847
2022-10-18 03:54:39,384 [Listener at 127.0.0.1/44847] INFO  ratis.OzoneManagerRatisServer (OzoneManagerRatisServer.java:start(555)) - Starting OzoneManagerRatisServer omNode-1 at port 38839
2022-10-18 03:54:39,385 [omNode-1-impl-thread1] INFO  server.RaftServer$Division (RaftServerImpl.java:start(310)) - omNode-1@group-523986131536: start as a follower, conf=-1: [omNode-3|rpc:localhost:37031|priority:0, omNode-1|rpc:localhost:38839|priority:0, omNode-2|rpc:localhost:42171|priority:0], old=null
2022-10-18 03:54:39,385 [omNode-1-impl-thread1] INFO  server.RaftServer$Division (RaftServerImpl.java:setRole(299)) - omNode-1@group-523986131536: changes role from      null to FOLLOWER at term 0 for startAsFollower
2022-10-18 03:54:39,385 [omNode-1-impl-thread1] INFO  impl.RoleInfo (RoleInfo.java:updateAndGet(139)) - omNode-1: start omNode-1@group-523986131536-FollowerState
2022-10-18 03:54:39,385 [omNode-1-impl-thread1] INFO  util.JmxRegister (JmxRegister.java:tryRegister(44)) - Successfully registered JMX Bean with object name Ratis:service=RaftServer,group=group-523986131536,id=omNode-1
2022-10-18 03:54:39,386 [Listener at 127.0.0.1/44847] INFO  server.RaftServer (RaftServerProxy.java:lambda$start$6(382)) - omNode-1: start RPC server
2022-10-18 03:54:39,388 [Listener at 127.0.0.1/44847] INFO  server.GrpcService (GrpcService.java:startImpl(260)) - omNode-1: GrpcService started, listening on 38839
2022-10-18 03:54:39,388 [Listener at 127.0.0.1/44847] INFO  om.OzoneManager (OzoneManager.java:start(1498)) - Version File has different layout version (3) than OM DB (null). That is expected if this OM has never been finalized to a newer layout version.
2022-10-18 03:54:39,388 [org.apache.ratis.util.JvmPauseMonitor$$Lambda$703/726954313@1342f774] INFO  util.JvmPauseMonitor (JvmPauseMonitor.java:run(103)) - JvmPauseMonitor-omNode-1: Started
2022-10-18 03:54:39,390 [Listener at 127.0.0.1/44847] INFO  http.BaseHttpServer (BaseHttpServer.java:newHttpServer2BuilderForOzone(213)) - Starting Web-server for ozoneManager at: http://0.0.0.0:37425
2022-10-18 03:54:39,390 [Listener at 127.0.0.1/44847] INFO  http.BaseHttpServer (BaseHttpServer.java:<init>(108)) - Hadoop Security Enabled: false Ozone Security Enabled: false Ozone HTTP Security Enabled: false 
2022-10-18 03:54:39,392 [Listener at 127.0.0.1/44847] WARN  server.AuthenticationFilter (AuthenticationFilter.java:constructSecretProvider(240)) - Unable to initialize FileSignerSecretProvider, falling back to use random secrets. Reason: Could not read signature secret file: /home/runner/hadoop-http-auth-signature-secret
2022-10-18 03:54:39,393 [Listener at 127.0.0.1/44847] WARN  http.HttpRequestLog (HttpRequestLog.java:getRequestLog(103)) - Jetty request log can only be enabled using Log4j
2022-10-18 03:54:39,395 [Listener at 127.0.0.1/44847] INFO  http.HttpServer2 (HttpServer2.java:addGlobalFilter(1031)) - Added global filter 'safety' (class=org.apache.hadoop.hdds.server.http.HttpServer2$QuotingInputFilter)
2022-10-18 03:54:39,396 [Listener at 127.0.0.1/44847] INFO  http.HttpServer2 (HttpServer2.java:addFilter(1007)) - Added filter static_user_filter (class=org.apache.hadoop.http.lib.StaticUserWebFilter$StaticUserFilter) to context ozoneManager
2022-10-18 03:54:39,396 [Listener at 127.0.0.1/44847] INFO  http.HttpServer2 (HttpServer2.java:addFilter(1015)) - Added filter static_user_filter (class=org.apache.hadoop.http.lib.StaticUserWebFilter$StaticUserFilter) to context logs
2022-10-18 03:54:39,396 [Listener at 127.0.0.1/44847] INFO  http.HttpServer2 (HttpServer2.java:addFilter(1015)) - Added filter static_user_filter (class=org.apache.hadoop.http.lib.StaticUserWebFilter$StaticUserFilter) to context static
2022-10-18 03:54:39,397 [Listener at 127.0.0.1/44847] INFO  http.HttpServer2 (HttpServer2.java:bindListener(1250)) - Jetty bound to port 37425
2022-10-18 03:54:39,397 [Listener at 127.0.0.1/44847] INFO  server.Server (Server.java:doStart(375)) - jetty-9.4.43.v20210629; built: 2021-06-30T11:07:22.254Z; git: 526006ecfa3af7f1a27ef3a288e2bef7ea9dd7e8; jvm 1.8.0_345-b01
2022-10-18 03:54:39,403 [Listener at 127.0.0.1/44847] INFO  server.session (DefaultSessionIdManager.java:doStart(334)) - DefaultSessionIdManager workerName=node0
2022-10-18 03:54:39,403 [Listener at 127.0.0.1/44847] INFO  server.session (DefaultSessionIdManager.java:doStart(339)) - No SessionScavenger set, using defaults
2022-10-18 03:54:39,405 [Listener at 127.0.0.1/44847] INFO  server.session (HouseKeeper.java:startScavenging(132)) - node0 Scavenging every 600000ms
2022-10-18 03:54:39,406 [Listener at 127.0.0.1/44847] INFO  handler.ContextHandler (ContextHandler.java:doStart(915)) - Started o.e.j.s.ServletContextHandler@92a4d3b{logs,/logs,file:///home/runner/work/ozone/ozone/hadoop-ozone/integration-test/target/log,AVAILABLE}
2022-10-18 03:54:39,406 [Listener at 127.0.0.1/44847] INFO  handler.ContextHandler (ContextHandler.java:doStart(915)) - Started o.e.j.s.ServletContextHandler@2b02447d{static,/static,file:///home/runner/work/ozone/ozone/hadoop-ozone/integration-test/target/test-classes/webapps/static,AVAILABLE}
2022-10-18 03:54:39,409 [Listener at 127.0.0.1/44847] INFO  handler.ContextHandler (ContextHandler.java:doStart(915)) - Started o.e.j.w.WebAppContext@1ddd957e{ozoneManager,/,file:///home/runner/work/ozone/ozone/hadoop-ozone/integration-test/target/test-classes/webapps/ozoneManager/,AVAILABLE}{file:/home/runner/work/ozone/ozone/hadoop-ozone/integration-test/target/test-classes/webapps/ozoneManager}
2022-10-18 03:54:39,415 [Listener at 127.0.0.1/44847] INFO  server.AbstractConnector (AbstractConnector.java:doStart(331)) - Started ServerConnector@25302c0{HTTP/1.1, (http/1.1)}{0.0.0.0:37425}
2022-10-18 03:54:39,415 [Listener at 127.0.0.1/44847] INFO  server.Server (Server.java:doStart(415)) - Started @85103ms
2022-10-18 03:54:39,415 [Listener at 127.0.0.1/44847] WARN  impl.MetricsSystemImpl (MetricsSystemImpl.java:register(279)) - Sink prometheus already exists!
2022-10-18 03:54:39,416 [Listener at 127.0.0.1/44847] INFO  http.BaseHttpServer (BaseHttpServer.java:updateConnectorAddress(333)) - HTTP server of ozoneManager listening at http://0.0.0.0:37425
2022-10-18 03:54:39,417 [IPC Server Responder] INFO  ipc.Server (Server.java:run(1512)) - IPC Server Responder: starting
2022-10-18 03:54:39,418 [IPC Server listener on 44847] INFO  ipc.Server (Server.java:run(1352)) - IPC Server listener on 44847: starting
2022-10-18 03:54:39,421 [Listener at 127.0.0.1/44847] INFO  om.OzoneManager (OzoneManager.java:startTrashEmptier(1919)) - Trash Interval set to 0. Files deleted won't move to trash
2022-10-18 03:54:39,421 [Listener at 127.0.0.1/44847] INFO  ozone.MiniOzoneHAClusterImpl (MiniOzoneHAClusterImpl.java:createOMService(527)) - Started OzoneManager omNode-1 RPC server at localhost/127.0.0.1:44847
2022-10-18 03:54:39,422 [org.apache.hadoop.util.JvmPauseMonitor$Monitor@619d4f87] INFO  util.JvmPauseMonitor (JvmPauseMonitor.java:run(188)) - Starting JVM pause monitor
2022-10-18 03:54:39,422 [Listener at 127.0.0.1/44847] INFO  ha.OMHANodeDetails (OMHANodeDetails.java:loadOMHAConfig(121)) - ServiceID for OzoneManager is om-service-test1
2022-10-18 03:54:39,423 [Listener at 127.0.0.1/44847] INFO  ha.OMHANodeDetails (OMHANodeDetails.java:loadOMHAConfig(201)) - Found matching OM address with OMServiceId: om-service-test1, OMNodeId: omNode-2, RPC Address: localhost:34839 and Ratis port: 42171
2022-10-18 03:54:39,423 [Listener at 127.0.0.1/44847] INFO  ha.OMHANodeDetails (ConfUtils.java:setNodeSpecificConfigs(97)) - Setting configuration key ozone.om.http-address with value of key ozone.om.http-address.om-service-test1.omNode-2: 127.0.0.1:42677
2022-10-18 03:54:39,423 [Listener at 127.0.0.1/44847] INFO  ha.OMHANodeDetails (ConfUtils.java:setNodeSpecificConfigs(97)) - Setting configuration key ozone.om.https-address with value of key ozone.om.https-address.om-service-test1.omNode-2: 127.0.0.1:44035
2022-10-18 03:54:39,423 [Listener at 127.0.0.1/44847] INFO  ha.OMHANodeDetails (ConfUtils.java:setNodeSpecificConfigs(97)) - Setting configuration key ozone.om.address with value of key ozone.om.address.om-service-test1.omNode-2: 127.0.0.1:34839
2022-10-18 03:54:39,423 [Listener at 127.0.0.1/44847] WARN  server.ServerUtils (ServerUtils.java:getDBPath(225)) - ozone.om.db.dirs is not configured. We recommend adding this setting. Falling back to ozone.metadata.dirs instead.
2022-10-18 03:54:39,424 [Listener at 127.0.0.1/44847] INFO  proxy.SCMBlockLocationFailoverProxyProvider (SCMBlockLocationFailoverProxyProvider.java:<init>(114)) - Created block location fail-over proxy with 1 nodes: [nodeId=scmNodeId,nodeAddress=/0.0.0.0:45921]
OM initialization succeeded.Current cluster id for sd=/home/runner/work/ozone/ozone/hadoop-ozone/integration-test/target/test-dir/MiniOzoneClusterImpl-2682239d-8109-418f-bfce-648431d3ae5d/omNode-2/om;cid=2682239d-8109-418f-bfce-648431d3ae5d;layoutVersion=3
2022-10-18 03:54:39,429 [Listener at 127.0.0.1/44847] INFO  ha.OMHANodeDetails (OMHANodeDetails.java:loadOMHAConfig(121)) - ServiceID for OzoneManager is om-service-test1
2022-10-18 03:54:39,430 [Listener at 127.0.0.1/44847] INFO  ha.OMHANodeDetails (OMHANodeDetails.java:loadOMHAConfig(201)) - Found matching OM address with OMServiceId: om-service-test1, OMNodeId: omNode-2, RPC Address: localhost:34839 and Ratis port: 42171
2022-10-18 03:54:39,430 [Listener at 127.0.0.1/44847] INFO  ha.OMHANodeDetails (ConfUtils.java:setNodeSpecificConfigs(97)) - Setting configuration key ozone.om.http-address with value of key ozone.om.http-address.om-service-test1.omNode-2: 127.0.0.1:42677
2022-10-18 03:54:39,430 [Listener at 127.0.0.1/44847] INFO  ha.OMHANodeDetails (ConfUtils.java:setNodeSpecificConfigs(97)) - Setting configuration key ozone.om.https-address with value of key ozone.om.https-address.om-service-test1.omNode-2: 127.0.0.1:44035
2022-10-18 03:54:39,430 [Listener at 127.0.0.1/44847] INFO  ha.OMHANodeDetails (ConfUtils.java:setNodeSpecificConfigs(97)) - Setting configuration key ozone.om.address with value of key ozone.om.address.om-service-test1.omNode-2: 127.0.0.1:34839
2022-10-18 03:54:39,430 [Listener at 127.0.0.1/44847] WARN  server.ServerUtils (ServerUtils.java:getDBPath(225)) - ozone.om.db.dirs is not configured. We recommend adding this setting. Falling back to ozone.metadata.dirs instead.
2022-10-18 03:54:39,431 [Listener at 127.0.0.1/44847] INFO  upgrade.AbstractLayoutVersionManager (AbstractLayoutVersionManager.java:init(83)) - Initializing Layout version manager with metadata layout = MULTITENANCY_SCHEMA (version = 3), software layout = MULTITENANCY_SCHEMA (version = 3)
2022-10-18 03:54:39,508 [Listener at 127.0.0.1/44847] INFO  reflections.Reflections (Reflections.java:scan(232)) - Reflections took 76 ms to scan 2 urls, producing 154 keys and 428 values [using 2 cores]
2022-10-18 03:54:39,509 [Listener at 127.0.0.1/44847] INFO  upgrade.OMLayoutVersionManager (OMLayoutVersionManager.java:lambda$0(115)) - Skipping Upgrade Action MockOmUpgradeAction since it has been finalized.
2022-10-18 03:54:39,509 [Listener at 127.0.0.1/44847] WARN  server.ServerUtils (ServerUtils.java:getDBPath(225)) - ozone.om.db.dirs is not configured. We recommend adding this setting. Falling back to ozone.metadata.dirs instead.
2022-10-18 03:54:39,510 [Listener at 127.0.0.1/44847] INFO  proxy.SCMBlockLocationFailoverProxyProvider (SCMBlockLocationFailoverProxyProvider.java:<init>(114)) - Created block location fail-over proxy with 1 nodes: [nodeId=scmNodeId,nodeAddress=/0.0.0.0:45921]
2022-10-18 03:54:39,511 [Listener at 127.0.0.1/44847] INFO  proxy.SCMBlockLocationFailoverProxyProvider (SCMBlockLocationFailoverProxyProvider.java:<init>(114)) - Created block location fail-over proxy with 1 nodes: [nodeId=scmNodeId,nodeAddress=/0.0.0.0:45921]
2022-10-18 03:54:39,518 [Listener at 127.0.0.1/44847] WARN  server.ServerUtils (ServerUtils.java:getDBPath(225)) - ozone.om.db.dirs is not configured. We recommend adding this setting. Falling back to ozone.metadata.dirs instead.
2022-10-18 03:54:39,518 [Listener at 127.0.0.1/44847] INFO  codec.OmKeyInfoCodec (OmKeyInfoCodec.java:<init>(49)) - OmKeyInfoCodec ignorePipeline = true
2022-10-18 03:54:39,518 [Listener at 127.0.0.1/44847] INFO  codec.RepeatedOmKeyInfoCodec (RepeatedOmKeyInfoCodec.java:<init>(41)) - RepeatedOmKeyInfoCodec ignorePipeline = true
2022-10-18 03:54:39,708 [Listener at 127.0.0.1/44847] INFO  om.OzoneManager (OzoneManager.java:instantiateServices(712)) - S3 Multi-Tenancy is disabled
2022-10-18 03:54:39,709 [Listener at 127.0.0.1/44847] INFO  om.OzoneManager (OzoneManager.java:addS3GVolumeToDB(4386)) - Created Volume s3v With Owner runner required for S3Gateway operations.
2022-10-18 03:54:39,709 [Listener at 127.0.0.1/44847] WARN  server.ServerUtils (ServerUtils.java:getDefaultRatisDirectory(237)) - Storage directory for Ratis is not configured. It is a good idea to map this to an SSD disk. Falling back to ozone.metadata.dirs
2022-10-18 03:54:39,710 [Listener at 127.0.0.1/44847] WARN  utils.OzoneManagerRatisUtils (OzoneManagerRatisUtils.java:getOMRatisSnapshotDirectory(434)) - ozone.om.ratis.snapshot.dir is not configured. Falling back to ozone.metadata.dirs config
2022-10-18 03:54:39,710 [Listener at 127.0.0.1/44847] INFO  snapshot.OzoneManagerSnapshotProvider (OzoneManagerSnapshotProvider.java:<init>(76)) - Initializing OM Snapshot Provider
2022-10-18 03:54:39,714 [Listener at 127.0.0.1/44847] WARN  impl.MetricRegistriesImpl (MetricRegistriesImpl.java:addReporterRegistration(111)) - New reporters are added after registries were created. Some metrics will be missing from the reporter. Please add reporter before adding any new registry.
2022-10-18 03:54:39,714 [Listener at 127.0.0.1/44847] WARN  impl.MetricRegistriesImpl (MetricRegistriesImpl.java:addReporterRegistration(111)) - New reporters are added after registries were created. Some metrics will be missing from the reporter. Please add reporter before adding any new registry.
2022-10-18 03:54:39,714 [Listener at 127.0.0.1/44847] WARN  server.ServerUtils (ServerUtils.java:getDefaultRatisDirectory(237)) - Storage directory for Ratis is not configured. It is a good idea to map this to an SSD disk. Falling back to ozone.metadata.dirs
2022-10-18 03:54:39,715 [Listener at 127.0.0.1/44847] INFO  ratis.OzoneManagerRatisServer (OzoneManagerRatisServer.java:<init>(160)) - Instantiating OM Ratis server with groupID: om-service-test1 and peers: localhost:42171, localhost:37031, localhost:38839
2022-10-18 03:54:39,716 [Listener at 127.0.0.1/44847] INFO  ratis.OzoneManagerStateMachine (OzoneManagerStateMachine.java:loadSnapshotInfoFromDB(632)) - LastAppliedIndex is set from TransactionInfo from OM DB as (t:0, i:~)
2022-10-18 03:54:39,716 [Listener at 127.0.0.1/44847] INFO  server.RaftServer (ConfUtils.java:logGet(46)) - raft.rpc.type = GRPC (default)
2022-10-18 03:54:39,716 [Listener at 127.0.0.1/44847] INFO  grpc.GrpcFactory (GrpcFactory.java:checkPooledByteBufAllocatorUseCacheForAllThreads(48)) - PERFORMANCE WARNING: useCacheForAllThreads is true that may cause Netty to create a lot garbage objects and, as a result, trigger GC.
	It is recommended to disable useCacheForAllThreads by setting -Dorg.apache.ratis.thirdparty.io.netty.allocator.useCacheForAllThreads=false in command line.
2022-10-18 03:54:39,716 [Listener at 127.0.0.1/44847] INFO  grpc.GrpcConfigKeys (ConfUtils.java:logGet(46)) - raft.grpc.admin.port = -1 (default)
2022-10-18 03:54:39,717 [Listener at 127.0.0.1/44847] INFO  grpc.GrpcConfigKeys (ConfUtils.java:logGet(46)) - raft.grpc.server.port = 42171 (custom)
2022-10-18 03:54:39,717 [Listener at 127.0.0.1/44847] INFO  grpc.GrpcConfigKeys (ConfUtils.java:logGet(46)) - raft.grpc.client.port = -1 (default)
2022-10-18 03:54:39,717 [Listener at 127.0.0.1/44847] INFO  grpc.GrpcConfigKeys (ConfUtils.java:logGet(46)) - raft.grpc.server.port = 42171 (custom)
2022-10-18 03:54:39,717 [Listener at 127.0.0.1/44847] INFO  grpc.GrpcConfigKeys (ConfUtils.java:logGet(46)) - raft.grpc.server.port = 42171 (custom)
2022-10-18 03:54:39,717 [Listener at 127.0.0.1/44847] INFO  server.GrpcService (ConfUtils.java:logGet(46)) - raft.grpc.message.size.max = 33554432 (custom)
2022-10-18 03:54:39,718 [Listener at 127.0.0.1/44847] INFO  server.RaftServerConfigKeys (ConfUtils.java:logGet(46)) - raft.server.log.appender.buffer.byte-limit = 33554432 (custom)
2022-10-18 03:54:39,718 [Listener at 127.0.0.1/44847] INFO  server.GrpcService (ConfUtils.java:logGet(46)) - raft.grpc.flow.control.window = 1MB (=1048576) (default)
2022-10-18 03:54:39,719 [Listener at 127.0.0.1/44847] INFO  server.RaftServerConfigKeys (ConfUtils.java:logGet(46)) - raft.server.rpc.request.timeout = 3000ms (default)
2022-10-18 03:54:39,719 [Listener at 127.0.0.1/44847] INFO  grpc.GrpcConfigKeys (ConfUtils.java:logGet(46)) - raft.grpc.server.async.request.thread.pool.cached = true (default)
2022-10-18 03:54:39,720 [Listener at 127.0.0.1/44847] INFO  grpc.GrpcConfigKeys (ConfUtils.java:logGet(46)) - raft.grpc.server.async.request.thread.pool.size = 32 (default)
2022-10-18 03:54:39,722 [Listener at 127.0.0.1/44847] INFO  impl.DataStreamServerImpl (ConfUtils.java:logGet(46)) - raft.datastream.type = DISABLED (default)
2022-10-18 03:54:39,722 [Listener at 127.0.0.1/44847] INFO  server.RaftServerConfigKeys (ConfUtils.java:logGet(46)) - raft.server.threadpool.proxy.cached = true (default)
2022-10-18 03:54:39,722 [Listener at 127.0.0.1/44847] INFO  server.RaftServerConfigKeys (ConfUtils.java:logGet(46)) - raft.server.threadpool.proxy.size = 0 (default)
2022-10-18 03:54:39,722 [Listener at 127.0.0.1/44847] INFO  server.RaftServerConfigKeys (ConfUtils.java:logGet(46)) - raft.server.rpc.slowness.timeout = 2s (custom)
2022-10-18 03:54:39,722 [Listener at 127.0.0.1/44847] INFO  server.RaftServerConfigKeys (ConfUtils.java:logGet(46)) - raft.server.leaderelection.leader.step-down.wait-time = 10s (default)
2022-10-18 03:54:39,723 [Listener at 127.0.0.1/44847] INFO  server.RaftServerConfigKeys (ConfUtils.java:logGet(46)) - raft.server.storage.dir = [/home/runner/work/ozone/ozone/hadoop-ozone/integration-test/target/test-dir/MiniOzoneClusterImpl-2682239d-8109-418f-bfce-648431d3ae5d/omNode-2/ratis] (custom)
2022-10-18 03:54:39,723 [Listener at 127.0.0.1/44847] INFO  server.RaftServer (RaftServerProxy.java:addNew(96)) - omNode-2: addNew group-523986131536:[omNode-3|rpc:localhost:37031|priority:0, omNode-1|rpc:localhost:38839|priority:0, omNode-2|rpc:localhost:42171|priority:0] returns group-523986131536:java.util.concurrent.CompletableFuture@7034bb18[Not completed]
2022-10-18 03:54:39,724 [pool-638-thread-1] INFO  server.RaftServer$Division (RaftServerImpl.java:<init>(190)) - omNode-2: new RaftServerImpl for group-523986131536:[omNode-3|rpc:localhost:37031|priority:0, omNode-1|rpc:localhost:38839|priority:0, omNode-2|rpc:localhost:42171|priority:0] with OzoneManagerStateMachine:uninitialized
2022-10-18 03:54:39,724 [Listener at 127.0.0.1/44847] INFO  om.OzoneManager (OzoneManager.java:initializeRatisServer(1975)) - OzoneManager Ratis server initialized at port 42171
2022-10-18 03:54:39,724 [pool-638-thread-1] INFO  server.RaftServerConfigKeys (ConfUtils.java:logGet(46)) - raft.server.rpc.timeout.min = 1s (custom)
2022-10-18 03:54:39,724 [pool-638-thread-1] INFO  server.RaftServerConfigKeys (ConfUtils.java:logGet(46)) - raft.server.rpc.timeout.max = 1200ms (custom)
2022-10-18 03:54:39,724 [pool-638-thread-1] INFO  server.RaftServerConfigKeys (ConfUtils.java:logGet(46)) - raft.server.rpc.sleep.time = 25ms (default)
2022-10-18 03:54:39,724 [pool-638-thread-1] INFO  server.RaftServerConfigKeys (ConfUtils.java:logGet(46)) - raft.server.rpc.slowness.timeout = 2s (custom)
2022-10-18 03:54:39,724 [pool-638-thread-1] INFO  server.RaftServerConfigKeys (ConfUtils.java:logGet(46)) - raft.server.leaderelection.leader.step-down.wait-time = 10s (default)
2022-10-18 03:54:39,724 [pool-638-thread-1] INFO  server.RaftServerConfigKeys (ConfUtils.java:logGet(46)) - raft.server.sleep.deviation.threshold = 300ms (default)
2022-10-18 03:54:39,724 [pool-638-thread-1] INFO  server.RaftServer$Division (ServerState.java:<init>(107)) - omNode-2@group-523986131536: ConfigurationManager, init=-1: [omNode-3|rpc:localhost:37031|priority:0, omNode-1|rpc:localhost:38839|priority:0, omNode-2|rpc:localhost:42171|priority:0], old=null, confs=<EMPTY_MAP>
2022-10-18 03:54:39,724 [pool-638-thread-1] INFO  server.RaftServerConfigKeys (ConfUtils.java:logGet(46)) - raft.server.storage.dir = [/home/runner/work/ozone/ozone/hadoop-ozone/integration-test/target/test-dir/MiniOzoneClusterImpl-2682239d-8109-418f-bfce-648431d3ae5d/omNode-2/ratis] (custom)
2022-10-18 03:54:39,725 [Listener at 127.0.0.1/44847] INFO  om.OzoneManager (OzoneManager.java:getRpcServer(1101)) - Creating RPC Server
2022-10-18 03:54:39,734 [pool-638-thread-1] INFO  server.RaftServerConfigKeys (ConfUtils.java:logGet(46)) - raft.server.log.corruption.policy = EXCEPTION (default)
2022-10-18 03:54:39,734 [pool-638-thread-1] INFO  server.RaftServerConfigKeys (ConfUtils.java:logGet(46)) - raft.server.storage.free-space.min = 0MB (=0) (default)
2022-10-18 03:54:39,734 [pool-638-thread-1] INFO  storage.RaftStorageDirectory (RaftStorageDirectoryImpl.java:analyzeStorage(135)) - The storage directory /home/runner/work/ozone/ozone/hadoop-ozone/integration-test/target/test-dir/MiniOzoneClusterImpl-2682239d-8109-418f-bfce-648431d3ae5d/omNode-2/ratis/c9bc4cf4-3bc3-3c60-a66b-523986131536 does not exist. Creating ...
2022-10-18 03:54:39,736 [pool-638-thread-1] INFO  storage.RaftStorageDirectory (RaftStorageDirectoryImpl.java:tryLock(230)) - Lock on /home/runner/work/ozone/ozone/hadoop-ozone/integration-test/target/test-dir/MiniOzoneClusterImpl-2682239d-8109-418f-bfce-648431d3ae5d/omNode-2/ratis/c9bc4cf4-3bc3-3c60-a66b-523986131536/in_use.lock acquired by nodename 30743@fv-az573-760
2022-10-18 03:54:39,738 [pool-638-thread-1] INFO  storage.RaftStorage (RaftStorageImpl.java:format(89)) - Storage directory /home/runner/work/ozone/ozone/hadoop-ozone/integration-test/target/test-dir/MiniOzoneClusterImpl-2682239d-8109-418f-bfce-648431d3ae5d/omNode-2/ratis/c9bc4cf4-3bc3-3c60-a66b-523986131536 has been successfully formatted.
2022-10-18 03:54:39,739 [pool-638-thread-1] INFO  server.RaftServerConfigKeys (ConfUtils.java:logGet(46)) - raft.server.notification.no-leader.timeout = 2s (custom)
2022-10-18 03:54:39,739 [pool-638-thread-1] INFO  server.RaftServerConfigKeys (ConfUtils.java:logGet(46)) - raft.server.log.use.memory = false (default)
2022-10-18 03:54:39,739 [pool-638-thread-1] INFO  server.RaftServerConfigKeys (ConfUtils.java:logGet(46)) - raft.server.log.purge.gap = 50 (custom)
2022-10-18 03:54:39,739 [pool-638-thread-1] INFO  server.RaftServerConfigKeys (ConfUtils.java:logGet(46)) - raft.server.log.appender.buffer.byte-limit = 33554432 (custom)
2022-10-18 03:54:39,739 [pool-638-thread-1] INFO  server.RaftServerConfigKeys (ConfUtils.java:logGet(46)) - raft.server.log.statemachine.data.read.timeout = 1000ms (default)
2022-10-18 03:54:39,740 [pool-638-thread-1] INFO  server.RaftServerConfigKeys (ConfUtils.java:logGet(46)) - raft.server.log.segment.size.max = 4194304 (custom)
2022-10-18 03:54:39,740 [pool-638-thread-1] INFO  server.RaftServerConfigKeys (ConfUtils.java:logGet(46)) - raft.server.log.segment.cache.num.max = 2 (custom)
2022-10-18 03:54:39,740 [pool-638-thread-1] INFO  server.RaftServerConfigKeys (ConfUtils.java:logGet(46)) - raft.server.log.segment.cache.size.max = 200MB (=209715200) (default)
2022-10-18 03:54:39,740 [pool-638-thread-1] INFO  segmented.SegmentedRaftLogWorker (SegmentedRaftLogWorker.java:<init>(187)) - new omNode-2@group-523986131536-SegmentedRaftLogWorker for RaftStorageImpl:Storage Directory /home/runner/work/ozone/ozone/hadoop-ozone/integration-test/target/test-dir/MiniOzoneClusterImpl-2682239d-8109-418f-bfce-648431d3ae5d/omNode-2/ratis/c9bc4cf4-3bc3-3c60-a66b-523986131536
2022-10-18 03:54:39,740 [pool-638-thread-1] INFO  server.RaftServerConfigKeys (ConfUtils.java:logGet(46)) - raft.server.log.queue.byte-limit = 64MB (=67108864) (default)
2022-10-18 03:54:39,740 [pool-638-thread-1] INFO  server.RaftServerConfigKeys (ConfUtils.java:logGet(46)) - raft.server.log.queue.element-limit = 4096 (default)
2022-10-18 03:54:39,740 [pool-638-thread-1] INFO  server.RaftServerConfigKeys (ConfUtils.java:logGet(46)) - raft.server.log.segment.size.max = 4194304 (custom)
2022-10-18 03:54:39,740 [pool-638-thread-1] INFO  server.RaftServerConfigKeys (ConfUtils.java:logGet(46)) - raft.server.log.preallocated.size = 4194304 (custom)
2022-10-18 03:54:39,740 [pool-638-thread-1] INFO  server.RaftServerConfigKeys (ConfUtils.java:logGet(46)) - raft.server.log.force.sync.num = 128 (default)
2022-10-18 03:54:39,741 [pool-638-thread-1] INFO  server.RaftServerConfigKeys (ConfUtils.java:logGet(46)) - raft.server.log.statemachine.data.sync = true (default)
2022-10-18 03:54:39,741 [pool-638-thread-1] INFO  server.RaftServerConfigKeys (ConfUtils.java:logGet(46)) - raft.server.log.statemachine.data.sync.timeout = 10s (default)
2022-10-18 03:54:39,741 [pool-638-thread-1] INFO  server.RaftServerConfigKeys (ConfUtils.java:logGet(46)) - raft.server.log.statemachine.data.sync.timeout.retry = -1 (default)
2022-10-18 03:54:39,742 [pool-638-thread-1] INFO  server.RaftServerConfigKeys (ConfUtils.java:logGet(46)) - raft.server.log.write.buffer.size = 64KB (=65536) (default)
2022-10-18 03:54:39,742 [pool-638-thread-1] INFO  server.RaftServerConfigKeys (ConfUtils.java:logGet(46)) - raft.server.log.unsafe-flush.enabled = false (default)
2022-10-18 03:54:39,742 [pool-638-thread-1] INFO  server.RaftServerConfigKeys (ConfUtils.java:logGet(46)) - raft.server.log.statemachine.data.caching.enabled = false (default)
2022-10-18 03:54:39,742 [pool-638-thread-1] INFO  segmented.SegmentedRaftLogWorker (SegmentedRaftLogWorker.java:lambda$new$0(135)) - omNode-2@group-523986131536-SegmentedRaftLogWorker: flushIndex: setUnconditionally 0 -> -1
2022-10-18 03:54:39,742 [pool-638-thread-1] INFO  segmented.SegmentedRaftLogWorker (SegmentedRaftLogWorker.java:lambda$new$0(135)) - omNode-2@group-523986131536-SegmentedRaftLogWorker: safeCacheEvictIndex: setUnconditionally 0 -> -1
2022-10-18 03:54:39,742 [pool-638-thread-1] INFO  server.RaftServerConfigKeys (ConfUtils.java:logGet(46)) - raft.server.snapshot.auto.trigger.enabled = true (custom)
2022-10-18 03:54:39,742 [pool-638-thread-1] INFO  server.RaftServerConfigKeys (ConfUtils.java:logGet(46)) - raft.server.snapshot.auto.trigger.threshold = 50 (custom)
2022-10-18 03:54:39,742 [pool-638-thread-1] INFO  server.RaftServerConfigKeys (ConfUtils.java:logGet(46)) - raft.server.snapshot.retention.file.num = -1 (default)
2022-10-18 03:54:39,742 [pool-638-thread-1] INFO  server.RaftServerConfigKeys (ConfUtils.java:logGet(46)) - raft.server.log.purge.upto.snapshot.index = true (custom)
2022-10-18 03:54:39,743 [pool-638-thread-1] INFO  server.RaftServerConfigKeys (ConfUtils.java:logGet(46)) - raft.server.retrycache.expirytime = 30000ms (custom)
2022-10-18 03:54:39,743 [pool-638-thread-1] INFO  server.RaftServerConfigKeys (ConfUtils.java:logGet(46)) - raft.server.retrycache.statistics.expirytime = 100μs (default)
2022-10-18 03:54:39,744 [pool-638-thread-1] INFO  server.RaftServerConfigKeys (ConfUtils.java:logGet(46)) - raft.server.log.appender.install.snapshot.enabled = false (custom)
2022-10-18 03:54:39,744 [pool-638-thread-1] INFO  server.RaftServerConfigKeys (ConfUtils.java:logGet(46)) - raft.server.threadpool.server.cached = true (default)
2022-10-18 03:54:39,744 [pool-638-thread-1] INFO  server.RaftServerConfigKeys (ConfUtils.java:logGet(46)) - raft.server.threadpool.server.size = 0 (default)
2022-10-18 03:54:39,744 [pool-638-thread-1] INFO  server.RaftServerConfigKeys (ConfUtils.java:logGet(46)) - raft.server.threadpool.client.cached = true (default)
2022-10-18 03:54:39,744 [pool-638-thread-1] INFO  server.RaftServerConfigKeys (ConfUtils.java:logGet(46)) - raft.server.threadpool.client.size = 0 (default)
2022-10-18 03:54:40,110 [Listener at 127.0.0.1/44847] INFO  reflections.Reflections (Reflections.java:scan(232)) - Reflections took 384 ms to scan 19 urls, producing 67 keys and 4238 values [using 2 cores]
2022-10-18 03:54:40,112 [Listener at 127.0.0.1/44847] INFO  ipc.CallQueueManager (CallQueueManager.java:<init>(90)) - Using callQueue: class java.util.concurrent.LinkedBlockingQueue, queueCapacity: 2000, scheduler: class org.apache.hadoop.ipc.DefaultRpcScheduler, ipcBackoff: false.
2022-10-18 03:54:40,112 [Socket Reader #1 for port 34839] INFO  ipc.Server (Server.java:run(1273)) - Starting Socket Reader #1 for port 34839
2022-10-18 03:54:40,140 [Listener at 127.0.0.1/34839] INFO  impl.MetricsSystemImpl (MetricsSystemImpl.java:init(158)) - OzoneManager metrics system started (again)
2022-10-18 03:54:40,151 [Listener at 127.0.0.1/34839] INFO  om.OzoneManager (OzoneManager.java:start(1482)) - OzoneManager RPC server is listening at localhost/127.0.0.1:34839
2022-10-18 03:54:40,151 [Listener at 127.0.0.1/34839] INFO  ratis.OzoneManagerRatisServer (OzoneManagerRatisServer.java:start(555)) - Starting OzoneManagerRatisServer omNode-2 at port 42171
2022-10-18 03:54:40,152 [omNode-2-impl-thread1] INFO  server.RaftServer$Division (RaftServerImpl.java:start(310)) - omNode-2@group-523986131536: start as a follower, conf=-1: [omNode-3|rpc:localhost:37031|priority:0, omNode-1|rpc:localhost:38839|priority:0, omNode-2|rpc:localhost:42171|priority:0], old=null
2022-10-18 03:54:40,152 [omNode-2-impl-thread1] INFO  server.RaftServer$Division (RaftServerImpl.java:setRole(299)) - omNode-2@group-523986131536: changes role from      null to FOLLOWER at term 0 for startAsFollower
2022-10-18 03:54:40,152 [omNode-2-impl-thread1] INFO  impl.RoleInfo (RoleInfo.java:updateAndGet(139)) - omNode-2: start omNode-2@group-523986131536-FollowerState
2022-10-18 03:54:40,152 [omNode-2-impl-thread1] INFO  util.JmxRegister (JmxRegister.java:tryRegister(44)) - Successfully registered JMX Bean with object name Ratis:service=RaftServer,group=group-523986131536,id=omNode-2
2022-10-18 03:54:40,153 [Listener at 127.0.0.1/34839] INFO  server.RaftServer (RaftServerProxy.java:lambda$start$6(382)) - omNode-2: start RPC server
2022-10-18 03:54:40,156 [Listener at 127.0.0.1/34839] INFO  server.GrpcService (GrpcService.java:startImpl(260)) - omNode-2: GrpcService started, listening on 42171
2022-10-18 03:54:40,157 [Listener at 127.0.0.1/34839] INFO  om.OzoneManager (OzoneManager.java:start(1498)) - Version File has different layout version (3) than OM DB (null). That is expected if this OM has never been finalized to a newer layout version.
2022-10-18 03:54:40,157 [org.apache.ratis.util.JvmPauseMonitor$$Lambda$703/726954313@17e9379f] INFO  util.JvmPauseMonitor (JvmPauseMonitor.java:run(103)) - JvmPauseMonitor-omNode-2: Started
2022-10-18 03:54:40,159 [Listener at 127.0.0.1/34839] INFO  http.BaseHttpServer (BaseHttpServer.java:newHttpServer2BuilderForOzone(213)) - Starting Web-server for ozoneManager at: http://0.0.0.0:42677
2022-10-18 03:54:40,159 [Listener at 127.0.0.1/34839] INFO  http.BaseHttpServer (BaseHttpServer.java:<init>(108)) - Hadoop Security Enabled: false Ozone Security Enabled: false Ozone HTTP Security Enabled: false 
2022-10-18 03:54:40,160 [Listener at 127.0.0.1/34839] WARN  server.AuthenticationFilter (AuthenticationFilter.java:constructSecretProvider(240)) - Unable to initialize FileSignerSecretProvider, falling back to use random secrets. Reason: Could not read signature secret file: /home/runner/hadoop-http-auth-signature-secret
2022-10-18 03:54:40,161 [Listener at 127.0.0.1/34839] WARN  http.HttpRequestLog (HttpRequestLog.java:getRequestLog(103)) - Jetty request log can only be enabled using Log4j
2022-10-18 03:54:40,162 [Listener at 127.0.0.1/34839] INFO  http.HttpServer2 (HttpServer2.java:addGlobalFilter(1031)) - Added global filter 'safety' (class=org.apache.hadoop.hdds.server.http.HttpServer2$QuotingInputFilter)
2022-10-18 03:54:40,163 [Listener at 127.0.0.1/34839] INFO  http.HttpServer2 (HttpServer2.java:addFilter(1007)) - Added filter static_user_filter (class=org.apache.hadoop.http.lib.StaticUserWebFilter$StaticUserFilter) to context ozoneManager
2022-10-18 03:54:40,163 [Listener at 127.0.0.1/34839] INFO  http.HttpServer2 (HttpServer2.java:addFilter(1015)) - Added filter static_user_filter (class=org.apache.hadoop.http.lib.StaticUserWebFilter$StaticUserFilter) to context static
2022-10-18 03:54:40,163 [Listener at 127.0.0.1/34839] INFO  http.HttpServer2 (HttpServer2.java:addFilter(1015)) - Added filter static_user_filter (class=org.apache.hadoop.http.lib.StaticUserWebFilter$StaticUserFilter) to context logs
2022-10-18 03:54:40,163 [Listener at 127.0.0.1/34839] INFO  http.HttpServer2 (HttpServer2.java:bindListener(1250)) - Jetty bound to port 42677
2022-10-18 03:54:40,164 [Listener at 127.0.0.1/34839] INFO  server.Server (Server.java:doStart(375)) - jetty-9.4.43.v20210629; built: 2021-06-30T11:07:22.254Z; git: 526006ecfa3af7f1a27ef3a288e2bef7ea9dd7e8; jvm 1.8.0_345-b01
2022-10-18 03:54:40,167 [Listener at 127.0.0.1/34839] INFO  server.session (DefaultSessionIdManager.java:doStart(334)) - DefaultSessionIdManager workerName=node0
2022-10-18 03:54:40,167 [Listener at 127.0.0.1/34839] INFO  server.session (DefaultSessionIdManager.java:doStart(339)) - No SessionScavenger set, using defaults
2022-10-18 03:54:40,168 [Listener at 127.0.0.1/34839] INFO  server.session (HouseKeeper.java:startScavenging(132)) - node0 Scavenging every 600000ms
2022-10-18 03:54:40,168 [Listener at 127.0.0.1/34839] INFO  handler.ContextHandler (ContextHandler.java:doStart(915)) - Started o.e.j.s.ServletContextHandler@28dd27cc{logs,/logs,file:///home/runner/work/ozone/ozone/hadoop-ozone/integration-test/target/log,AVAILABLE}
2022-10-18 03:54:40,168 [Listener at 127.0.0.1/34839] INFO  handler.ContextHandler (ContextHandler.java:doStart(915)) - Started o.e.j.s.ServletContextHandler@57ac128c{static,/static,file:///home/runner/work/ozone/ozone/hadoop-ozone/integration-test/target/test-classes/webapps/static,AVAILABLE}
2022-10-18 03:54:40,171 [EndpointStateMachine task thread for /0.0.0.0:43069 - 0 ] INFO  ipc.Client (Client.java:handleConnectionFailure(1010)) - Retrying connect to server: 0.0.0.0/0.0.0.0:43069. Already tried 5 time(s); retry policy is RetryUpToMaximumCountWithFixedSleep(maxRetries=15, sleepTime=1000 MILLISECONDS)
2022-10-18 03:54:40,173 [Listener at 127.0.0.1/34839] INFO  handler.ContextHandler (ContextHandler.java:doStart(915)) - Started o.e.j.w.WebAppContext@432d9a3e{ozoneManager,/,file:///home/runner/work/ozone/ozone/hadoop-ozone/integration-test/target/test-classes/webapps/ozoneManager/,AVAILABLE}{file:/home/runner/work/ozone/ozone/hadoop-ozone/integration-test/target/test-classes/webapps/ozoneManager}
2022-10-18 03:54:40,174 [Listener at 127.0.0.1/34839] INFO  server.AbstractConnector (AbstractConnector.java:doStart(331)) - Started ServerConnector@6ba0f{HTTP/1.1, (http/1.1)}{0.0.0.0:42677}
2022-10-18 03:54:40,174 [Listener at 127.0.0.1/34839] INFO  server.Server (Server.java:doStart(415)) - Started @85862ms
2022-10-18 03:54:40,174 [Listener at 127.0.0.1/34839] WARN  impl.MetricsSystemImpl (MetricsSystemImpl.java:register(279)) - Sink prometheus already exists!
2022-10-18 03:54:40,175 [Listener at 127.0.0.1/34839] INFO  http.BaseHttpServer (BaseHttpServer.java:updateConnectorAddress(333)) - HTTP server of ozoneManager listening at http://0.0.0.0:42677
2022-10-18 03:54:40,175 [IPC Server Responder] INFO  ipc.Server (Server.java:run(1512)) - IPC Server Responder: starting
2022-10-18 03:54:40,176 [IPC Server listener on 34839] INFO  ipc.Server (Server.java:run(1352)) - IPC Server listener on 34839: starting
2022-10-18 03:54:40,180 [Listener at 127.0.0.1/34839] INFO  om.OzoneManager (OzoneManager.java:startTrashEmptier(1919)) - Trash Interval set to 0. Files deleted won't move to trash
2022-10-18 03:54:40,181 [Listener at 127.0.0.1/34839] INFO  ozone.MiniOzoneHAClusterImpl (MiniOzoneHAClusterImpl.java:createOMService(527)) - Started OzoneManager omNode-2 RPC server at localhost/127.0.0.1:34839
2022-10-18 03:54:40,181 [org.apache.hadoop.util.JvmPauseMonitor$Monitor@491301a2] INFO  util.JvmPauseMonitor (JvmPauseMonitor.java:run(188)) - Starting JVM pause monitor
2022-10-18 03:54:40,182 [Listener at 127.0.0.1/34839] INFO  ha.OMHANodeDetails (OMHANodeDetails.java:loadOMHAConfig(121)) - ServiceID for OzoneManager is om-service-test1
2022-10-18 03:54:40,182 [Listener at 127.0.0.1/34839] INFO  ha.OMHANodeDetails (OMHANodeDetails.java:loadOMHAConfig(201)) - Found matching OM address with OMServiceId: om-service-test1, OMNodeId: omNode-3, RPC Address: localhost:35839 and Ratis port: 37031
2022-10-18 03:54:40,182 [Listener at 127.0.0.1/34839] INFO  ha.OMHANodeDetails (ConfUtils.java:setNodeSpecificConfigs(97)) - Setting configuration key ozone.om.http-address with value of key ozone.om.http-address.om-service-test1.omNode-3: 127.0.0.1:37259
2022-10-18 03:54:40,183 [Listener at 127.0.0.1/34839] INFO  ha.OMHANodeDetails (ConfUtils.java:setNodeSpecificConfigs(97)) - Setting configuration key ozone.om.https-address with value of key ozone.om.https-address.om-service-test1.omNode-3: 127.0.0.1:42649
2022-10-18 03:54:40,183 [Listener at 127.0.0.1/34839] INFO  ha.OMHANodeDetails (ConfUtils.java:setNodeSpecificConfigs(97)) - Setting configuration key ozone.om.address with value of key ozone.om.address.om-service-test1.omNode-3: 127.0.0.1:35839
2022-10-18 03:54:40,183 [Listener at 127.0.0.1/34839] WARN  server.ServerUtils (ServerUtils.java:getDBPath(225)) - ozone.om.db.dirs is not configured. We recommend adding this setting. Falling back to ozone.metadata.dirs instead.
2022-10-18 03:54:40,185 [Listener at 127.0.0.1/34839] INFO  proxy.SCMBlockLocationFailoverProxyProvider (SCMBlockLocationFailoverProxyProvider.java:<init>(114)) - Created block location fail-over proxy with 1 nodes: [nodeId=scmNodeId,nodeAddress=/0.0.0.0:45921]
OM initialization succeeded.Current cluster id for sd=/home/runner/work/ozone/ozone/hadoop-ozone/integration-test/target/test-dir/MiniOzoneClusterImpl-2682239d-8109-418f-bfce-648431d3ae5d/omNode-3/om;cid=2682239d-8109-418f-bfce-648431d3ae5d;layoutVersion=3
2022-10-18 03:54:40,191 [Listener at 127.0.0.1/34839] INFO  ha.OMHANodeDetails (OMHANodeDetails.java:loadOMHAConfig(121)) - ServiceID for OzoneManager is om-service-test1
2022-10-18 03:54:40,192 [Listener at 127.0.0.1/34839] INFO  ha.OMHANodeDetails (OMHANodeDetails.java:loadOMHAConfig(201)) - Found matching OM address with OMServiceId: om-service-test1, OMNodeId: omNode-3, RPC Address: localhost:35839 and Ratis port: 37031
2022-10-18 03:54:40,192 [Listener at 127.0.0.1/34839] INFO  ha.OMHANodeDetails (ConfUtils.java:setNodeSpecificConfigs(97)) - Setting configuration key ozone.om.http-address with value of key ozone.om.http-address.om-service-test1.omNode-3: 127.0.0.1:37259
2022-10-18 03:54:40,192 [Listener at 127.0.0.1/34839] INFO  ha.OMHANodeDetails (ConfUtils.java:setNodeSpecificConfigs(97)) - Setting configuration key ozone.om.https-address with value of key ozone.om.https-address.om-service-test1.omNode-3: 127.0.0.1:42649
2022-10-18 03:54:40,192 [Listener at 127.0.0.1/34839] INFO  ha.OMHANodeDetails (ConfUtils.java:setNodeSpecificConfigs(97)) - Setting configuration key ozone.om.address with value of key ozone.om.address.om-service-test1.omNode-3: 127.0.0.1:35839
2022-10-18 03:54:40,192 [Listener at 127.0.0.1/34839] WARN  server.ServerUtils (ServerUtils.java:getDBPath(225)) - ozone.om.db.dirs is not configured. We recommend adding this setting. Falling back to ozone.metadata.dirs instead.
2022-10-18 03:54:40,193 [Listener at 127.0.0.1/34839] INFO  upgrade.AbstractLayoutVersionManager (AbstractLayoutVersionManager.java:init(83)) - Initializing Layout version manager with metadata layout = MULTITENANCY_SCHEMA (version = 3), software layout = MULTITENANCY_SCHEMA (version = 3)
2022-10-18 03:54:40,258 [Listener at 127.0.0.1/34839] INFO  reflections.Reflections (Reflections.java:scan(232)) - Reflections took 64 ms to scan 2 urls, producing 154 keys and 428 values [using 2 cores]
2022-10-18 03:54:40,259 [Listener at 127.0.0.1/34839] INFO  upgrade.OMLayoutVersionManager (OMLayoutVersionManager.java:lambda$0(115)) - Skipping Upgrade Action MockOmUpgradeAction since it has been finalized.
2022-10-18 03:54:40,259 [Listener at 127.0.0.1/34839] WARN  server.ServerUtils (ServerUtils.java:getDBPath(225)) - ozone.om.db.dirs is not configured. We recommend adding this setting. Falling back to ozone.metadata.dirs instead.
2022-10-18 03:54:40,260 [Listener at 127.0.0.1/34839] INFO  proxy.SCMBlockLocationFailoverProxyProvider (SCMBlockLocationFailoverProxyProvider.java:<init>(114)) - Created block location fail-over proxy with 1 nodes: [nodeId=scmNodeId,nodeAddress=/0.0.0.0:45921]
2022-10-18 03:54:40,261 [Listener at 127.0.0.1/34839] INFO  proxy.SCMBlockLocationFailoverProxyProvider (SCMBlockLocationFailoverProxyProvider.java:<init>(114)) - Created block location fail-over proxy with 1 nodes: [nodeId=scmNodeId,nodeAddress=/0.0.0.0:45921]
2022-10-18 03:54:40,274 [Listener at 127.0.0.1/34839] WARN  server.ServerUtils (ServerUtils.java:getDBPath(225)) - ozone.om.db.dirs is not configured. We recommend adding this setting. Falling back to ozone.metadata.dirs instead.
2022-10-18 03:54:40,274 [Listener at 127.0.0.1/34839] INFO  codec.OmKeyInfoCodec (OmKeyInfoCodec.java:<init>(49)) - OmKeyInfoCodec ignorePipeline = true
2022-10-18 03:54:40,274 [Listener at 127.0.0.1/34839] INFO  codec.RepeatedOmKeyInfoCodec (RepeatedOmKeyInfoCodec.java:<init>(41)) - RepeatedOmKeyInfoCodec ignorePipeline = true
2022-10-18 03:54:40,426 [omNode-1@group-523986131536-FollowerState] INFO  impl.FollowerState (FollowerState.java:run(143)) - omNode-1@group-523986131536-FollowerState: change to CANDIDATE, lastRpcElapsedTime:1041092280ns, electionTimeout:1040ms
2022-10-18 03:54:40,426 [omNode-1@group-523986131536-FollowerState] INFO  impl.RoleInfo (RoleInfo.java:shutdownFollowerState(110)) - omNode-1: shutdown omNode-1@group-523986131536-FollowerState
2022-10-18 03:54:40,426 [omNode-1@group-523986131536-FollowerState] INFO  server.RaftServer$Division (RaftServerImpl.java:setRole(299)) - omNode-1@group-523986131536: changes role from  FOLLOWER to CANDIDATE at term 0 for changeToCandidate
2022-10-18 03:54:40,426 [omNode-1@group-523986131536-FollowerState] INFO  server.RaftServerConfigKeys (ConfUtils.java:logGet(46)) - raft.server.leaderelection.pre-vote = false (custom)
2022-10-18 03:54:40,427 [omNode-1@group-523986131536-FollowerState] INFO  impl.RoleInfo (RoleInfo.java:updateAndGet(139)) - omNode-1: start omNode-1@group-523986131536-LeaderElection20
2022-10-18 03:54:40,432 [omNode-1@group-523986131536-LeaderElection20] INFO  impl.LeaderElection (LeaderElection.java:askForVotes(310)) - omNode-1@group-523986131536-LeaderElection20 ELECTION round 0: submit vote requests at term 1 for -1: [omNode-3|rpc:localhost:37031|priority:0, omNode-1|rpc:localhost:38839|priority:0, omNode-2|rpc:localhost:42171|priority:0], old=null
2022-10-18 03:54:40,438 [omNode-1@group-523986131536-LeaderElection20] INFO  impl.LeaderElection (LogUtils.java:infoOrTrace(137)) - omNode-1@group-523986131536-LeaderElection20 got exception when requesting votes: java.util.concurrent.ExecutionException: org.apache.ratis.thirdparty.io.grpc.StatusRuntimeException: UNAVAILABLE: io exception
2022-10-18 03:54:40,447 [grpc-default-executor-0] INFO  server.RaftServer$Division (RaftServerImpl.java:requestVote(1152)) - omNode-2@group-523986131536: receive requestVote(ELECTION, omNode-1, group-523986131536, 1, (t:0, i:~))
2022-10-18 03:54:40,447 [grpc-default-executor-0] INFO  impl.VoteContext (VoteContext.java:log(48)) - omNode-2@group-523986131536-FOLLOWER: accept ELECTION from omNode-1: our priority 0 <= candidate's priority 0
2022-10-18 03:54:40,447 [grpc-default-executor-0] INFO  server.RaftServer$Division (RaftServerImpl.java:setRole(299)) - omNode-2@group-523986131536: changes role from  FOLLOWER to FOLLOWER at term 1 for candidate:omNode-1
2022-10-18 03:54:40,447 [grpc-default-executor-0] INFO  impl.RoleInfo (RoleInfo.java:shutdownFollowerState(110)) - omNode-2: shutdown omNode-2@group-523986131536-FollowerState
2022-10-18 03:54:40,447 [grpc-default-executor-0] INFO  impl.RoleInfo (RoleInfo.java:updateAndGet(139)) - omNode-2: start omNode-2@group-523986131536-FollowerState
2022-10-18 03:54:40,447 [omNode-2@group-523986131536-FollowerState] INFO  impl.FollowerState (FollowerState.java:run(152)) - omNode-2@group-523986131536-FollowerState was interrupted
2022-10-18 03:54:40,451 [grpc-default-executor-0] INFO  server.RaftServer$Division (RaftServerImpl.java:requestVote(1184)) - omNode-2@group-523986131536 replies to ELECTION vote request: omNode-1<-omNode-2#0:OK-t1. Peer's state: omNode-2@group-523986131536:t1, leader=null, voted=omNode-1, raftlog=omNode-2@group-523986131536-SegmentedRaftLog:OPENED:c-1, conf=-1: [omNode-3|rpc:localhost:37031|priority:0, omNode-1|rpc:localhost:38839|priority:0, omNode-2|rpc:localhost:42171|priority:0], old=null
2022-10-18 03:54:40,452 [omNode-1@group-523986131536-LeaderElection20] INFO  impl.LeaderElection (LeaderElection.java:logAndReturn(90)) - omNode-1@group-523986131536-LeaderElection20: ELECTION PASSED received 1 response(s) and 1 exception(s):
2022-10-18 03:54:40,452 [omNode-1@group-523986131536-LeaderElection20] INFO  impl.LeaderElection (LeaderElection.java:logAndReturn(94)) -   Response 0: omNode-1<-omNode-2#0:OK-t1
2022-10-18 03:54:40,452 [omNode-1@group-523986131536-LeaderElection20] INFO  impl.LeaderElection (LogUtils.java:infoOrTrace(137)) -   Exception 1: java.util.concurrent.ExecutionException: org.apache.ratis.thirdparty.io.grpc.StatusRuntimeException: UNAVAILABLE: io exception
2022-10-18 03:54:40,452 [omNode-1@group-523986131536-LeaderElection20] INFO  impl.LeaderElection (LeaderElection.java:askForVotes(312)) - omNode-1@group-523986131536-LeaderElection20 ELECTION round 0: result PASSED
2022-10-18 03:54:40,452 [omNode-1@group-523986131536-LeaderElection20] INFO  impl.RoleInfo (RoleInfo.java:shutdownLeaderElection(130)) - omNode-1: shutdown omNode-1@group-523986131536-LeaderElection20
2022-10-18 03:54:40,452 [omNode-1@group-523986131536-LeaderElection20] INFO  server.RaftServer$Division (RaftServerImpl.java:setRole(299)) - omNode-1@group-523986131536: changes role from CANDIDATE to LEADER at term 1 for changeToLeader
2022-10-18 03:54:40,452 [omNode-1@group-523986131536-LeaderElection20] INFO  server.RaftServer$Division (ServerState.java:setLeader(287)) - omNode-1@group-523986131536: change Leader from null to omNode-1 at term 1 for becomeLeader, leader elected after 1526ms
2022-10-18 03:54:40,452 [omNode-1@group-523986131536-LeaderElection20] INFO  server.RaftServerConfigKeys (ConfUtils.java:logGet(46)) - raft.server.staging.catchup.gap = 1000 (default)
2022-10-18 03:54:40,452 [omNode-1@group-523986131536-LeaderElection20] INFO  server.RaftServerConfigKeys (ConfUtils.java:logGet(46)) - raft.server.write.element-limit = 4096 (default)
2022-10-18 03:54:40,452 [omNode-1@group-523986131536-LeaderElection20] INFO  server.RaftServerConfigKeys (ConfUtils.java:logGet(46)) - raft.server.write.byte-limit = 64MB (=67108864) (default)
2022-10-18 03:54:40,453 [omNode-1@group-523986131536-LeaderElection20] INFO  server.RaftServerConfigKeys (ConfUtils.java:logGet(46)) - raft.server.watch.timeout = 10s (default)
2022-10-18 03:54:40,453 [omNode-1@group-523986131536-LeaderElection20] INFO  server.RaftServerConfigKeys (ConfUtils.java:logGet(46)) - raft.server.watch.timeout.denomination = 1s (default)
2022-10-18 03:54:40,453 [omNode-1@group-523986131536-LeaderElection20] INFO  server.RaftServerConfigKeys (ConfUtils.java:logGet(46)) - raft.server.watch.element-limit = 65536 (default)
2022-10-18 03:54:40,453 [omNode-1@group-523986131536-LeaderElection20] INFO  server.RaftServerConfigKeys (ConfUtils.java:logGet(46)) - raft.server.write.element-limit = 4096 (default)
2022-10-18 03:54:40,453 [omNode-1@group-523986131536-LeaderElection20] INFO  server.RaftServerConfigKeys (ConfUtils.java:logGet(46)) - raft.server.write.follower.gap.ratio.max = -1.0 (default)
2022-10-18 03:54:40,454 [omNode-1@group-523986131536-LeaderElection20] INFO  server.RaftServerConfigKeys (ConfUtils.java:logGet(46)) - raft.server.log.appender.snapshot.chunk.size.max = 16MB (=16777216) (default)
2022-10-18 03:54:40,454 [omNode-1@group-523986131536-LeaderElection20] INFO  server.RaftServerConfigKeys (ConfUtils.java:logGet(46)) - raft.server.log.appender.buffer.byte-limit = 33554432 (custom)
2022-10-18 03:54:40,454 [omNode-1@group-523986131536-LeaderElection20] INFO  server.RaftServerConfigKeys (ConfUtils.java:logGet(46)) - raft.server.log.appender.buffer.element-limit = 1024 (custom)
2022-10-18 03:54:40,454 [omNode-1@group-523986131536-LeaderElection20] INFO  grpc.GrpcConfigKeys (ConfUtils.java:logGet(46)) - raft.grpc.server.leader.outstanding.appends.max = 128 (default)
2022-10-18 03:54:40,454 [omNode-1@group-523986131536-LeaderElection20] INFO  server.RaftServerConfigKeys (ConfUtils.java:logGet(46)) - raft.server.rpc.request.timeout = 3000ms (default)
2022-10-18 03:54:40,454 [omNode-1@group-523986131536-LeaderElection20] INFO  server.RaftServerConfigKeys (ConfUtils.java:logGet(46)) - raft.server.log.appender.install.snapshot.enabled = false (custom)
2022-10-18 03:54:40,455 [omNode-1@group-523986131536-LeaderElection20] INFO  server.RaftServerConfigKeys (ConfUtils.java:logGet(46)) - raft.server.log.appender.snapshot.chunk.size.max = 16MB (=16777216) (default)
2022-10-18 03:54:40,455 [omNode-1@group-523986131536-LeaderElection20] INFO  server.RaftServerConfigKeys (ConfUtils.java:logGet(46)) - raft.server.log.appender.buffer.byte-limit = 33554432 (custom)
2022-10-18 03:54:40,455 [omNode-1@group-523986131536-LeaderElection20] INFO  server.RaftServerConfigKeys (ConfUtils.java:logGet(46)) - raft.server.log.appender.buffer.element-limit = 1024 (custom)
2022-10-18 03:54:40,455 [omNode-1@group-523986131536-LeaderElection20] INFO  grpc.GrpcConfigKeys (ConfUtils.java:logGet(46)) - raft.grpc.server.leader.outstanding.appends.max = 128 (default)
2022-10-18 03:54:40,456 [omNode-1@group-523986131536-LeaderElection20] INFO  server.RaftServerConfigKeys (ConfUtils.java:logGet(46)) - raft.server.rpc.request.timeout = 3000ms (default)
2022-10-18 03:54:40,456 [omNode-1@group-523986131536-LeaderElection20] INFO  server.RaftServerConfigKeys (ConfUtils.java:logGet(46)) - raft.server.log.appender.install.snapshot.enabled = false (custom)
2022-10-18 03:54:40,456 [omNode-1@group-523986131536-LeaderElection20] INFO  impl.RoleInfo (RoleInfo.java:updateAndGet(139)) - omNode-1: start omNode-1@group-523986131536-LeaderStateImpl
2022-10-18 03:54:40,456 [omNode-1@group-523986131536-LeaderElection20] INFO  segmented.SegmentedRaftLogWorker (SegmentedRaftLogWorker.java:startLogSegment(425)) - omNode-1@group-523986131536-SegmentedRaftLogWorker: Starting segment from index:0
2022-10-18 03:54:40,462 [omNode-1@group-523986131536-LeaderElection20] INFO  server.RaftServer$Division (ServerState.java:setRaftConf(393)) - omNode-1@group-523986131536: set configuration 0: [omNode-3|rpc:localhost:37031|admin:|client:|dataStream:|priority:0, omNode-1|rpc:localhost:38839|admin:|client:|dataStream:|priority:0, omNode-2|rpc:localhost:42171|admin:|client:|dataStream:|priority:0], old=null
2022-10-18 03:54:40,463 [grpc-default-executor-0] WARN  server.GrpcLogAppender (LogUtils.java:warn(122)) - omNode-1@group-523986131536->omNode-3-AppendLogResponseHandler: Failed appendEntries: org.apache.ratis.thirdparty.io.grpc.StatusRuntimeException: UNAVAILABLE: io exception
2022-10-18 03:54:40,465 [grpc-default-executor-0] WARN  server.GrpcLogAppender (GrpcLogAppender.java:resetClient(111)) - omNode-1@group-523986131536->omNode-3-GrpcLogAppender: Leader has not got in touch with Follower omNode-1@group-523986131536->omNode-3(c-1,m0,n0, attendVote=true, lastRpcSendTime=1212, lastRpcResponseTime=1212) yet, just keep nextIndex unchanged and retry.
2022-10-18 03:54:40,466 [grpc-default-executor-1] WARN  server.GrpcLogAppender (LogUtils.java:warn(122)) - omNode-1@group-523986131536->omNode-3-AppendLogResponseHandler: Failed appendEntries: org.apache.ratis.thirdparty.io.grpc.StatusRuntimeException: UNAVAILABLE: io exception
2022-10-18 03:54:40,467 [grpc-default-executor-1] WARN  server.GrpcLogAppender (GrpcLogAppender.java:resetClient(111)) - omNode-1@group-523986131536->omNode-3-GrpcLogAppender: Leader has not got in touch with Follower omNode-1@group-523986131536->omNode-3(c-1,m0,n1, attendVote=true, lastRpcSendTime=1, lastRpcResponseTime=1213) yet, just keep nextIndex unchanged and retry.
2022-10-18 03:54:40,468 [omNode-2-server-thread1] INFO  server.RaftServer$Division (ServerState.java:setLeader(287)) - omNode-2@group-523986131536: change Leader from null to omNode-1 at term 1 for appendEntries, leader elected after 728ms
2022-10-18 03:54:40,468 [omNode-1@group-523986131536-SegmentedRaftLogWorker] INFO  segmented.SegmentedRaftLogWorker (SegmentedRaftLogWorker.java:execute(629)) - omNode-1@group-523986131536-SegmentedRaftLogWorker: created new log segment /home/runner/work/ozone/ozone/hadoop-ozone/integration-test/target/test-dir/MiniOzoneClusterImpl-2682239d-8109-418f-bfce-648431d3ae5d/omNode-1/ratis/c9bc4cf4-3bc3-3c60-a66b-523986131536/current/log_inprogress_0
2022-10-18 03:54:40,474 [omNode-2-server-thread1] INFO  server.RaftServer$Division (ServerState.java:setRaftConf(393)) - omNode-2@group-523986131536: set configuration 0: [omNode-3|rpc:localhost:37031|admin:|client:|dataStream:|priority:0, omNode-1|rpc:localhost:38839|admin:|client:|dataStream:|priority:0, omNode-2|rpc:localhost:42171|admin:|client:|dataStream:|priority:0], old=null
2022-10-18 03:54:40,474 [omNode-2-server-thread1] INFO  segmented.SegmentedRaftLogWorker (SegmentedRaftLogWorker.java:startLogSegment(425)) - omNode-2@group-523986131536-SegmentedRaftLogWorker: Starting segment from index:0
2022-10-18 03:54:40,477 [omNode-1@group-523986131536-StateMachineUpdater] INFO  ratis.OzoneManagerStateMachine (OzoneManagerStateMachine.java:notifyConfigurationChanged(192)) - Received Configuration change notification from Ratis. New Peer list:
[id: "omNode-3"
address: "localhost:37031"
, id: "omNode-1"
address: "localhost:38839"
, id: "omNode-2"
address: "localhost:42171"
]
2022-10-18 03:54:40,490 [omNode-2@group-523986131536-SegmentedRaftLogWorker] INFO  segmented.SegmentedRaftLogWorker (SegmentedRaftLogWorker.java:execute(629)) - omNode-2@group-523986131536-SegmentedRaftLogWorker: created new log segment /home/runner/work/ozone/ozone/hadoop-ozone/integration-test/target/test-dir/MiniOzoneClusterImpl-2682239d-8109-418f-bfce-648431d3ae5d/omNode-2/ratis/c9bc4cf4-3bc3-3c60-a66b-523986131536/current/log_inprogress_0
2022-10-18 03:54:40,516 [Listener at 127.0.0.1/34839] INFO  om.OzoneManager (OzoneManager.java:instantiateServices(712)) - S3 Multi-Tenancy is disabled
2022-10-18 03:54:40,530 [omNode-2@group-523986131536-StateMachineUpdater] INFO  ratis.OzoneManagerStateMachine (OzoneManagerStateMachine.java:notifyConfigurationChanged(192)) - Received Configuration change notification from Ratis. New Peer list:
[id: "omNode-3"
address: "localhost:37031"
, id: "omNode-1"
address: "localhost:38839"
, id: "omNode-2"
address: "localhost:42171"
]
2022-10-18 03:54:40,530 [Listener at 127.0.0.1/34839] INFO  om.OzoneManager (OzoneManager.java:addS3GVolumeToDB(4386)) - Created Volume s3v With Owner runner required for S3Gateway operations.
2022-10-18 03:54:40,530 [Listener at 127.0.0.1/34839] WARN  server.ServerUtils (ServerUtils.java:getDefaultRatisDirectory(237)) - Storage directory for Ratis is not configured. It is a good idea to map this to an SSD disk. Falling back to ozone.metadata.dirs
2022-10-18 03:54:40,531 [Listener at 127.0.0.1/34839] WARN  utils.OzoneManagerRatisUtils (OzoneManagerRatisUtils.java:getOMRatisSnapshotDirectory(434)) - ozone.om.ratis.snapshot.dir is not configured. Falling back to ozone.metadata.dirs config
2022-10-18 03:54:40,531 [Listener at 127.0.0.1/34839] INFO  snapshot.OzoneManagerSnapshotProvider (OzoneManagerSnapshotProvider.java:<init>(76)) - Initializing OM Snapshot Provider
2022-10-18 03:54:40,539 [Listener at 127.0.0.1/34839] WARN  impl.MetricRegistriesImpl (MetricRegistriesImpl.java:addReporterRegistration(111)) - New reporters are added after registries were created. Some metrics will be missing from the reporter. Please add reporter before adding any new registry.
2022-10-18 03:54:40,539 [Listener at 127.0.0.1/34839] WARN  impl.MetricRegistriesImpl (MetricRegistriesImpl.java:addReporterRegistration(111)) - New reporters are added after registries were created. Some metrics will be missing from the reporter. Please add reporter before adding any new registry.
2022-10-18 03:54:40,540 [Listener at 127.0.0.1/34839] WARN  server.ServerUtils (ServerUtils.java:getDefaultRatisDirectory(237)) - Storage directory for Ratis is not configured. It is a good idea to map this to an SSD disk. Falling back to ozone.metadata.dirs
2022-10-18 03:54:40,541 [Listener at 127.0.0.1/34839] INFO  ratis.OzoneManagerRatisServer (OzoneManagerRatisServer.java:<init>(160)) - Instantiating OM Ratis server with groupID: om-service-test1 and peers: localhost:37031, localhost:38839, localhost:42171
2022-10-18 03:54:40,541 [Listener at 127.0.0.1/34839] INFO  ratis.OzoneManagerStateMachine (OzoneManagerStateMachine.java:loadSnapshotInfoFromDB(632)) - LastAppliedIndex is set from TransactionInfo from OM DB as (t:0, i:~)
2022-10-18 03:54:40,550 [Listener at 127.0.0.1/34839] INFO  server.RaftServer (ConfUtils.java:logGet(46)) - raft.rpc.type = GRPC (default)
2022-10-18 03:54:40,550 [Listener at 127.0.0.1/34839] INFO  grpc.GrpcFactory (GrpcFactory.java:checkPooledByteBufAllocatorUseCacheForAllThreads(48)) - PERFORMANCE WARNING: useCacheForAllThreads is true that may cause Netty to create a lot garbage objects and, as a result, trigger GC.
	It is recommended to disable useCacheForAllThreads by setting -Dorg.apache.ratis.thirdparty.io.netty.allocator.useCacheForAllThreads=false in command line.
2022-10-18 03:54:40,550 [Listener at 127.0.0.1/34839] INFO  grpc.GrpcConfigKeys (ConfUtils.java:logGet(46)) - raft.grpc.admin.port = -1 (default)
2022-10-18 03:54:40,550 [Listener at 127.0.0.1/34839] INFO  grpc.GrpcConfigKeys (ConfUtils.java:logGet(46)) - raft.grpc.server.port = 37031 (custom)
2022-10-18 03:54:40,550 [Listener at 127.0.0.1/34839] INFO  grpc.GrpcConfigKeys (ConfUtils.java:logGet(46)) - raft.grpc.client.port = -1 (default)
2022-10-18 03:54:40,551 [Listener at 127.0.0.1/34839] INFO  grpc.GrpcConfigKeys (ConfUtils.java:logGet(46)) - raft.grpc.server.port = 37031 (custom)
2022-10-18 03:54:40,551 [Listener at 127.0.0.1/34839] INFO  grpc.GrpcConfigKeys (ConfUtils.java:logGet(46)) - raft.grpc.server.port = 37031 (custom)
2022-10-18 03:54:40,551 [Listener at 127.0.0.1/34839] INFO  server.GrpcService (ConfUtils.java:logGet(46)) - raft.grpc.message.size.max = 33554432 (custom)
2022-10-18 03:54:40,551 [Listener at 127.0.0.1/34839] INFO  server.RaftServerConfigKeys (ConfUtils.java:logGet(46)) - raft.server.log.appender.buffer.byte-limit = 33554432 (custom)
2022-10-18 03:54:40,551 [Listener at 127.0.0.1/34839] INFO  server.GrpcService (ConfUtils.java:logGet(46)) - raft.grpc.flow.control.window = 1MB (=1048576) (default)
2022-10-18 03:54:40,551 [Listener at 127.0.0.1/34839] INFO  server.RaftServerConfigKeys (ConfUtils.java:logGet(46)) - raft.server.rpc.request.timeout = 3000ms (default)
2022-10-18 03:54:40,552 [Listener at 127.0.0.1/34839] INFO  grpc.GrpcConfigKeys (ConfUtils.java:logGet(46)) - raft.grpc.server.async.request.thread.pool.cached = true (default)
2022-10-18 03:54:40,552 [Listener at 127.0.0.1/34839] INFO  grpc.GrpcConfigKeys (ConfUtils.java:logGet(46)) - raft.grpc.server.async.request.thread.pool.size = 32 (default)
2022-10-18 03:54:40,553 [Listener at 127.0.0.1/34839] INFO  impl.DataStreamServerImpl (ConfUtils.java:logGet(46)) - raft.datastream.type = DISABLED (default)
2022-10-18 03:54:40,553 [Listener at 127.0.0.1/34839] INFO  server.RaftServerConfigKeys (ConfUtils.java:logGet(46)) - raft.server.threadpool.proxy.cached = true (default)
2022-10-18 03:54:40,554 [Listener at 127.0.0.1/34839] INFO  server.RaftServerConfigKeys (ConfUtils.java:logGet(46)) - raft.server.threadpool.proxy.size = 0 (default)
2022-10-18 03:54:40,554 [Listener at 127.0.0.1/34839] INFO  server.RaftServerConfigKeys (ConfUtils.java:logGet(46)) - raft.server.rpc.slowness.timeout = 2s (custom)
2022-10-18 03:54:40,554 [Listener at 127.0.0.1/34839] INFO  server.RaftServerConfigKeys (ConfUtils.java:logGet(46)) - raft.server.leaderelection.leader.step-down.wait-time = 10s (default)
2022-10-18 03:54:40,554 [Listener at 127.0.0.1/34839] INFO  server.RaftServerConfigKeys (ConfUtils.java:logGet(46)) - raft.server.storage.dir = [/home/runner/work/ozone/ozone/hadoop-ozone/integration-test/target/test-dir/MiniOzoneClusterImpl-2682239d-8109-418f-bfce-648431d3ae5d/omNode-3/ratis] (custom)
2022-10-18 03:54:40,574 [Listener at 127.0.0.1/34839] INFO  server.RaftServer (RaftServerProxy.java:addNew(96)) - omNode-3: addNew group-523986131536:[omNode-3|rpc:localhost:37031|priority:0, omNode-1|rpc:localhost:38839|priority:0, omNode-2|rpc:localhost:42171|priority:0] returns group-523986131536:java.util.concurrent.CompletableFuture@3fb09dfe[Not completed]
2022-10-18 03:54:40,574 [Listener at 127.0.0.1/34839] INFO  om.OzoneManager (OzoneManager.java:initializeRatisServer(1975)) - OzoneManager Ratis server initialized at port 37031
2022-10-18 03:54:40,575 [Listener at 127.0.0.1/34839] INFO  om.OzoneManager (OzoneManager.java:getRpcServer(1101)) - Creating RPC Server
2022-10-18 03:54:40,577 [pool-663-thread-1] INFO  server.RaftServer$Division (RaftServerImpl.java:<init>(190)) - omNode-3: new RaftServerImpl for group-523986131536:[omNode-3|rpc:localhost:37031|priority:0, omNode-1|rpc:localhost:38839|priority:0, omNode-2|rpc:localhost:42171|priority:0] with OzoneManagerStateMachine:uninitialized
2022-10-18 03:54:40,577 [pool-663-thread-1] INFO  server.RaftServerConfigKeys (ConfUtils.java:logGet(46)) - raft.server.rpc.timeout.min = 1s (custom)
2022-10-18 03:54:40,577 [pool-663-thread-1] INFO  server.RaftServerConfigKeys (ConfUtils.java:logGet(46)) - raft.server.rpc.timeout.max = 1200ms (custom)
2022-10-18 03:54:40,577 [pool-663-thread-1] INFO  server.RaftServerConfigKeys (ConfUtils.java:logGet(46)) - raft.server.rpc.sleep.time = 25ms (default)
2022-10-18 03:54:40,577 [pool-663-thread-1] INFO  server.RaftServerConfigKeys (ConfUtils.java:logGet(46)) - raft.server.rpc.slowness.timeout = 2s (custom)
2022-10-18 03:54:40,577 [pool-663-thread-1] INFO  server.RaftServerConfigKeys (ConfUtils.java:logGet(46)) - raft.server.leaderelection.leader.step-down.wait-time = 10s (default)
2022-10-18 03:54:40,577 [pool-663-thread-1] INFO  server.RaftServerConfigKeys (ConfUtils.java:logGet(46)) - raft.server.sleep.deviation.threshold = 300ms (default)
2022-10-18 03:54:40,577 [pool-663-thread-1] INFO  server.RaftServer$Division (ServerState.java:<init>(107)) - omNode-3@group-523986131536: ConfigurationManager, init=-1: [omNode-3|rpc:localhost:37031|priority:0, omNode-1|rpc:localhost:38839|priority:0, omNode-2|rpc:localhost:42171|priority:0], old=null, confs=<EMPTY_MAP>
2022-10-18 03:54:40,577 [pool-663-thread-1] INFO  server.RaftServerConfigKeys (ConfUtils.java:logGet(46)) - raft.server.storage.dir = [/home/runner/work/ozone/ozone/hadoop-ozone/integration-test/target/test-dir/MiniOzoneClusterImpl-2682239d-8109-418f-bfce-648431d3ae5d/omNode-3/ratis] (custom)
2022-10-18 03:54:40,577 [pool-663-thread-1] INFO  server.RaftServerConfigKeys (ConfUtils.java:logGet(46)) - raft.server.log.corruption.policy = EXCEPTION (default)
2022-10-18 03:54:40,577 [pool-663-thread-1] INFO  server.RaftServerConfigKeys (ConfUtils.java:logGet(46)) - raft.server.storage.free-space.min = 0MB (=0) (default)
2022-10-18 03:54:40,578 [pool-663-thread-1] INFO  storage.RaftStorageDirectory (RaftStorageDirectoryImpl.java:analyzeStorage(135)) - The storage directory /home/runner/work/ozone/ozone/hadoop-ozone/integration-test/target/test-dir/MiniOzoneClusterImpl-2682239d-8109-418f-bfce-648431d3ae5d/omNode-3/ratis/c9bc4cf4-3bc3-3c60-a66b-523986131536 does not exist. Creating ...
2022-10-18 03:54:40,579 [pool-663-thread-1] INFO  storage.RaftStorageDirectory (RaftStorageDirectoryImpl.java:tryLock(230)) - Lock on /home/runner/work/ozone/ozone/hadoop-ozone/integration-test/target/test-dir/MiniOzoneClusterImpl-2682239d-8109-418f-bfce-648431d3ae5d/omNode-3/ratis/c9bc4cf4-3bc3-3c60-a66b-523986131536/in_use.lock acquired by nodename 30743@fv-az573-760
2022-10-18 03:54:40,581 [pool-663-thread-1] INFO  storage.RaftStorage (RaftStorageImpl.java:format(89)) - Storage directory /home/runner/work/ozone/ozone/hadoop-ozone/integration-test/target/test-dir/MiniOzoneClusterImpl-2682239d-8109-418f-bfce-648431d3ae5d/omNode-3/ratis/c9bc4cf4-3bc3-3c60-a66b-523986131536 has been successfully formatted.
2022-10-18 03:54:40,581 [pool-663-thread-1] INFO  server.RaftServerConfigKeys (ConfUtils.java:logGet(46)) - raft.server.notification.no-leader.timeout = 2s (custom)
2022-10-18 03:54:40,581 [pool-663-thread-1] INFO  server.RaftServerConfigKeys (ConfUtils.java:logGet(46)) - raft.server.log.use.memory = false (default)
2022-10-18 03:54:40,581 [pool-663-thread-1] INFO  server.RaftServerConfigKeys (ConfUtils.java:logGet(46)) - raft.server.log.purge.gap = 50 (custom)
2022-10-18 03:54:40,581 [pool-663-thread-1] INFO  server.RaftServerConfigKeys (ConfUtils.java:logGet(46)) - raft.server.log.appender.buffer.byte-limit = 33554432 (custom)
2022-10-18 03:54:40,581 [pool-663-thread-1] INFO  server.RaftServerConfigKeys (ConfUtils.java:logGet(46)) - raft.server.log.statemachine.data.read.timeout = 1000ms (default)
2022-10-18 03:54:40,581 [pool-663-thread-1] INFO  server.RaftServerConfigKeys (ConfUtils.java:logGet(46)) - raft.server.log.segment.size.max = 4194304 (custom)
2022-10-18 03:54:40,582 [pool-663-thread-1] INFO  server.RaftServerConfigKeys (ConfUtils.java:logGet(46)) - raft.server.log.segment.cache.num.max = 2 (custom)
2022-10-18 03:54:40,582 [pool-663-thread-1] INFO  server.RaftServerConfigKeys (ConfUtils.java:logGet(46)) - raft.server.log.segment.cache.size.max = 200MB (=209715200) (default)
2022-10-18 03:54:40,582 [pool-663-thread-1] INFO  segmented.SegmentedRaftLogWorker (SegmentedRaftLogWorker.java:<init>(187)) - new omNode-3@group-523986131536-SegmentedRaftLogWorker for RaftStorageImpl:Storage Directory /home/runner/work/ozone/ozone/hadoop-ozone/integration-test/target/test-dir/MiniOzoneClusterImpl-2682239d-8109-418f-bfce-648431d3ae5d/omNode-3/ratis/c9bc4cf4-3bc3-3c60-a66b-523986131536
2022-10-18 03:54:40,582 [pool-663-thread-1] INFO  server.RaftServerConfigKeys (ConfUtils.java:logGet(46)) - raft.server.log.queue.byte-limit = 64MB (=67108864) (default)
2022-10-18 03:54:40,582 [pool-663-thread-1] INFO  server.RaftServerConfigKeys (ConfUtils.java:logGet(46)) - raft.server.log.queue.element-limit = 4096 (default)
2022-10-18 03:54:40,582 [pool-663-thread-1] INFO  server.RaftServerConfigKeys (ConfUtils.java:logGet(46)) - raft.server.log.segment.size.max = 4194304 (custom)
2022-10-18 03:54:40,582 [pool-663-thread-1] INFO  server.RaftServerConfigKeys (ConfUtils.java:logGet(46)) - raft.server.log.preallocated.size = 4194304 (custom)
2022-10-18 03:54:40,582 [pool-663-thread-1] INFO  server.RaftServerConfigKeys (ConfUtils.java:logGet(46)) - raft.server.log.force.sync.num = 128 (default)
2022-10-18 03:54:40,582 [pool-663-thread-1] INFO  server.RaftServerConfigKeys (ConfUtils.java:logGet(46)) - raft.server.log.statemachine.data.sync = true (default)
2022-10-18 03:54:40,582 [pool-663-thread-1] INFO  server.RaftServerConfigKeys (ConfUtils.java:logGet(46)) - raft.server.log.statemachine.data.sync.timeout = 10s (default)
2022-10-18 03:54:40,582 [pool-663-thread-1] INFO  server.RaftServerConfigKeys (ConfUtils.java:logGet(46)) - raft.server.log.statemachine.data.sync.timeout.retry = -1 (default)
2022-10-18 03:54:40,587 [pool-663-thread-1] INFO  server.RaftServerConfigKeys (ConfUtils.java:logGet(46)) - raft.server.log.write.buffer.size = 64KB (=65536) (default)
2022-10-18 03:54:40,587 [pool-663-thread-1] INFO  server.RaftServerConfigKeys (ConfUtils.java:logGet(46)) - raft.server.log.unsafe-flush.enabled = false (default)
2022-10-18 03:54:40,587 [pool-663-thread-1] INFO  server.RaftServerConfigKeys (ConfUtils.java:logGet(46)) - raft.server.log.statemachine.data.caching.enabled = false (default)
2022-10-18 03:54:40,587 [pool-663-thread-1] INFO  segmented.SegmentedRaftLogWorker (SegmentedRaftLogWorker.java:lambda$new$0(135)) - omNode-3@group-523986131536-SegmentedRaftLogWorker: flushIndex: setUnconditionally 0 -> -1
2022-10-18 03:54:40,587 [pool-663-thread-1] INFO  segmented.SegmentedRaftLogWorker (SegmentedRaftLogWorker.java:lambda$new$0(135)) - omNode-3@group-523986131536-SegmentedRaftLogWorker: safeCacheEvictIndex: setUnconditionally 0 -> -1
2022-10-18 03:54:40,594 [pool-663-thread-1] INFO  server.RaftServerConfigKeys (ConfUtils.java:logGet(46)) - raft.server.snapshot.auto.trigger.enabled = true (custom)
2022-10-18 03:54:40,594 [pool-663-thread-1] INFO  server.RaftServerConfigKeys (ConfUtils.java:logGet(46)) - raft.server.snapshot.auto.trigger.threshold = 50 (custom)
2022-10-18 03:54:40,594 [pool-663-thread-1] INFO  server.RaftServerConfigKeys (ConfUtils.java:logGet(46)) - raft.server.snapshot.retention.file.num = -1 (default)
2022-10-18 03:54:40,594 [pool-663-thread-1] INFO  server.RaftServerConfigKeys (ConfUtils.java:logGet(46)) - raft.server.log.purge.upto.snapshot.index = true (custom)
2022-10-18 03:54:40,594 [pool-663-thread-1] INFO  server.RaftServerConfigKeys (ConfUtils.java:logGet(46)) - raft.server.retrycache.expirytime = 30000ms (custom)
2022-10-18 03:54:40,594 [pool-663-thread-1] INFO  server.RaftServerConfigKeys (ConfUtils.java:logGet(46)) - raft.server.retrycache.statistics.expirytime = 100μs (default)
2022-10-18 03:54:40,595 [pool-663-thread-1] INFO  server.RaftServerConfigKeys (ConfUtils.java:logGet(46)) - raft.server.log.appender.install.snapshot.enabled = false (custom)
2022-10-18 03:54:40,596 [pool-663-thread-1] INFO  server.RaftServerConfigKeys (ConfUtils.java:logGet(46)) - raft.server.threadpool.server.cached = true (default)
2022-10-18 03:54:40,596 [pool-663-thread-1] INFO  server.RaftServerConfigKeys (ConfUtils.java:logGet(46)) - raft.server.threadpool.server.size = 0 (default)
2022-10-18 03:54:40,596 [pool-663-thread-1] INFO  server.RaftServerConfigKeys (ConfUtils.java:logGet(46)) - raft.server.threadpool.client.cached = true (default)
2022-10-18 03:54:40,596 [pool-663-thread-1] INFO  server.RaftServerConfigKeys (ConfUtils.java:logGet(46)) - raft.server.threadpool.client.size = 0 (default)
2022-10-18 03:54:40,721 [grpc-default-executor-2] WARN  server.GrpcLogAppender (LogUtils.java:warn(122)) - omNode-1@group-523986131536->omNode-3-AppendLogResponseHandler: Failed appendEntries: org.apache.ratis.thirdparty.io.grpc.StatusRuntimeException: UNAVAILABLE: io exception
2022-10-18 03:54:40,722 [grpc-default-executor-2] WARN  server.GrpcLogAppender (GrpcLogAppender.java:resetClient(111)) - omNode-1@group-523986131536->omNode-3-GrpcLogAppender: Leader has not got in touch with Follower omNode-1@group-523986131536->omNode-3(c-1,m0,n1, attendVote=true, lastRpcSendTime=256, lastRpcResponseTime=1469) yet, just keep nextIndex unchanged and retry.
2022-10-18 03:54:40,974 [grpc-default-executor-2] WARN  server.GrpcLogAppender (LogUtils.java:warn(122)) - omNode-1@group-523986131536->omNode-3-AppendLogResponseHandler: Failed appendEntries: org.apache.ratis.thirdparty.io.grpc.StatusRuntimeException: UNAVAILABLE: io exception
2022-10-18 03:54:40,975 [grpc-default-executor-2] WARN  server.GrpcLogAppender (GrpcLogAppender.java:resetClient(111)) - omNode-1@group-523986131536->omNode-3-GrpcLogAppender: Leader has not got in touch with Follower omNode-1@group-523986131536->omNode-3(c-1,m0,n1, attendVote=true, lastRpcSendTime=251, lastRpcResponseTime=1721) yet, just keep nextIndex unchanged and retry.
2022-10-18 03:54:41,171 [EndpointStateMachine task thread for /0.0.0.0:43069 - 0 ] INFO  ipc.Client (Client.java:handleConnectionFailure(1010)) - Retrying connect to server: 0.0.0.0/0.0.0.0:43069. Already tried 6 time(s); retry policy is RetryUpToMaximumCountWithFixedSleep(maxRetries=15, sleepTime=1000 MILLISECONDS)
2022-10-18 03:54:41,227 [grpc-default-executor-2] WARN  server.GrpcLogAppender (LogUtils.java:warn(122)) - omNode-1@group-523986131536->omNode-3-AppendLogResponseHandler: Failed appendEntries: org.apache.ratis.thirdparty.io.grpc.StatusRuntimeException: UNAVAILABLE: io exception
2022-10-18 03:54:41,228 [grpc-default-executor-2] WARN  server.GrpcLogAppender (GrpcLogAppender.java:resetClient(111)) - omNode-1@group-523986131536->omNode-3-GrpcLogAppender: Leader has not got in touch with Follower omNode-1@group-523986131536->omNode-3(c-1,m0,n1, attendVote=true, lastRpcSendTime=251, lastRpcResponseTime=1974) yet, just keep nextIndex unchanged and retry.
2022-10-18 03:54:41,230 [Listener at 127.0.0.1/34839] INFO  reflections.Reflections (Reflections.java:scan(232)) - Reflections took 654 ms to scan 19 urls, producing 67 keys and 4238 values [using 2 cores]
2022-10-18 03:54:41,231 [Listener at 127.0.0.1/34839] INFO  ipc.CallQueueManager (CallQueueManager.java:<init>(90)) - Using callQueue: class java.util.concurrent.LinkedBlockingQueue, queueCapacity: 2000, scheduler: class org.apache.hadoop.ipc.DefaultRpcScheduler, ipcBackoff: false.
2022-10-18 03:54:41,233 [Socket Reader #1 for port 35839] INFO  ipc.Server (Server.java:run(1273)) - Starting Socket Reader #1 for port 35839
2022-10-18 03:54:41,283 [Listener at 127.0.0.1/35839] INFO  impl.MetricsSystemImpl (MetricsSystemImpl.java:init(158)) - OzoneManager metrics system started (again)
2022-10-18 03:54:41,294 [Listener at 127.0.0.1/35839] INFO  om.OzoneManager (OzoneManager.java:start(1482)) - OzoneManager RPC server is listening at localhost/127.0.0.1:35839
2022-10-18 03:54:41,294 [Listener at 127.0.0.1/35839] INFO  ratis.OzoneManagerRatisServer (OzoneManagerRatisServer.java:start(555)) - Starting OzoneManagerRatisServer omNode-3 at port 37031
2022-10-18 03:54:41,295 [omNode-3-impl-thread1] INFO  server.RaftServer$Division (RaftServerImpl.java:start(310)) - omNode-3@group-523986131536: start as a follower, conf=-1: [omNode-3|rpc:localhost:37031|priority:0, omNode-1|rpc:localhost:38839|priority:0, omNode-2|rpc:localhost:42171|priority:0], old=null
2022-10-18 03:54:41,295 [omNode-3-impl-thread1] INFO  server.RaftServer$Division (RaftServerImpl.java:setRole(299)) - omNode-3@group-523986131536: changes role from      null to FOLLOWER at term 0 for startAsFollower
2022-10-18 03:54:41,295 [omNode-3-impl-thread1] INFO  impl.RoleInfo (RoleInfo.java:updateAndGet(139)) - omNode-3: start omNode-3@group-523986131536-FollowerState
2022-10-18 03:54:41,295 [omNode-3-impl-thread1] INFO  util.JmxRegister (JmxRegister.java:tryRegister(44)) - Successfully registered JMX Bean with object name Ratis:service=RaftServer,group=group-523986131536,id=omNode-3
2022-10-18 03:54:41,296 [Listener at 127.0.0.1/35839] INFO  server.RaftServer (RaftServerProxy.java:lambda$start$6(382)) - omNode-3: start RPC server
2022-10-18 03:54:41,299 [Listener at 127.0.0.1/35839] INFO  server.GrpcService (GrpcService.java:startImpl(260)) - omNode-3: GrpcService started, listening on 37031
2022-10-18 03:54:41,300 [Listener at 127.0.0.1/35839] INFO  om.OzoneManager (OzoneManager.java:start(1498)) - Version File has different layout version (3) than OM DB (null). That is expected if this OM has never been finalized to a newer layout version.
2022-10-18 03:54:41,300 [org.apache.ratis.util.JvmPauseMonitor$$Lambda$703/726954313@6d088a74] INFO  util.JvmPauseMonitor (JvmPauseMonitor.java:run(103)) - JvmPauseMonitor-omNode-3: Started
2022-10-18 03:54:41,307 [Listener at 127.0.0.1/35839] INFO  http.BaseHttpServer (BaseHttpServer.java:newHttpServer2BuilderForOzone(213)) - Starting Web-server for ozoneManager at: http://0.0.0.0:37259
2022-10-18 03:54:41,307 [Listener at 127.0.0.1/35839] INFO  http.BaseHttpServer (BaseHttpServer.java:<init>(108)) - Hadoop Security Enabled: false Ozone Security Enabled: false Ozone HTTP Security Enabled: false 
2022-10-18 03:54:41,308 [Listener at 127.0.0.1/35839] WARN  server.AuthenticationFilter (AuthenticationFilter.java:constructSecretProvider(240)) - Unable to initialize FileSignerSecretProvider, falling back to use random secrets. Reason: Could not read signature secret file: /home/runner/hadoop-http-auth-signature-secret
2022-10-18 03:54:41,311 [Listener at 127.0.0.1/35839] WARN  http.HttpRequestLog (HttpRequestLog.java:getRequestLog(103)) - Jetty request log can only be enabled using Log4j
2022-10-18 03:54:41,312 [Listener at 127.0.0.1/35839] INFO  http.HttpServer2 (HttpServer2.java:addGlobalFilter(1031)) - Added global filter 'safety' (class=org.apache.hadoop.hdds.server.http.HttpServer2$QuotingInputFilter)
2022-10-18 03:54:41,313 [Listener at 127.0.0.1/35839] INFO  http.HttpServer2 (HttpServer2.java:addFilter(1007)) - Added filter static_user_filter (class=org.apache.hadoop.http.lib.StaticUserWebFilter$StaticUserFilter) to context ozoneManager
2022-10-18 03:54:41,313 [Listener at 127.0.0.1/35839] INFO  http.HttpServer2 (HttpServer2.java:addFilter(1015)) - Added filter static_user_filter (class=org.apache.hadoop.http.lib.StaticUserWebFilter$StaticUserFilter) to context static
2022-10-18 03:54:41,313 [Listener at 127.0.0.1/35839] INFO  http.HttpServer2 (HttpServer2.java:addFilter(1015)) - Added filter static_user_filter (class=org.apache.hadoop.http.lib.StaticUserWebFilter$StaticUserFilter) to context logs
2022-10-18 03:54:41,314 [Listener at 127.0.0.1/35839] INFO  http.HttpServer2 (HttpServer2.java:bindListener(1250)) - Jetty bound to port 37259
2022-10-18 03:54:41,316 [Listener at 127.0.0.1/35839] INFO  server.Server (Server.java:doStart(375)) - jetty-9.4.43.v20210629; built: 2021-06-30T11:07:22.254Z; git: 526006ecfa3af7f1a27ef3a288e2bef7ea9dd7e8; jvm 1.8.0_345-b01
2022-10-18 03:54:41,317 [Listener at 127.0.0.1/35839] INFO  server.session (DefaultSessionIdManager.java:doStart(334)) - DefaultSessionIdManager workerName=node0
2022-10-18 03:54:41,318 [Listener at 127.0.0.1/35839] INFO  server.session (DefaultSessionIdManager.java:doStart(339)) - No SessionScavenger set, using defaults
2022-10-18 03:54:41,318 [Listener at 127.0.0.1/35839] INFO  server.session (HouseKeeper.java:startScavenging(132)) - node0 Scavenging every 660000ms
2022-10-18 03:54:41,319 [Listener at 127.0.0.1/35839] INFO  handler.ContextHandler (ContextHandler.java:doStart(915)) - Started o.e.j.s.ServletContextHandler@1182bd1c{logs,/logs,file:///home/runner/work/ozone/ozone/hadoop-ozone/integration-test/target/log,AVAILABLE}
2022-10-18 03:54:41,320 [Listener at 127.0.0.1/35839] INFO  handler.ContextHandler (ContextHandler.java:doStart(915)) - Started o.e.j.s.ServletContextHandler@32d52900{static,/static,file:///home/runner/work/ozone/ozone/hadoop-ozone/integration-test/target/test-classes/webapps/static,AVAILABLE}
2022-10-18 03:54:41,327 [Listener at 127.0.0.1/35839] INFO  handler.ContextHandler (ContextHandler.java:doStart(915)) - Started o.e.j.w.WebAppContext@6170aaf0{ozoneManager,/,file:///home/runner/work/ozone/ozone/hadoop-ozone/integration-test/target/test-classes/webapps/ozoneManager/,AVAILABLE}{file:/home/runner/work/ozone/ozone/hadoop-ozone/integration-test/target/test-classes/webapps/ozoneManager}
2022-10-18 03:54:41,329 [Listener at 127.0.0.1/35839] INFO  server.AbstractConnector (AbstractConnector.java:doStart(331)) - Started ServerConnector@616f50a6{HTTP/1.1, (http/1.1)}{0.0.0.0:37259}
2022-10-18 03:54:41,329 [Listener at 127.0.0.1/35839] INFO  server.Server (Server.java:doStart(415)) - Started @87017ms
2022-10-18 03:54:41,329 [Listener at 127.0.0.1/35839] WARN  impl.MetricsSystemImpl (MetricsSystemImpl.java:register(279)) - Sink prometheus already exists!
2022-10-18 03:54:41,330 [Listener at 127.0.0.1/35839] INFO  http.BaseHttpServer (BaseHttpServer.java:updateConnectorAddress(333)) - HTTP server of ozoneManager listening at http://0.0.0.0:37259
2022-10-18 03:54:41,330 [IPC Server Responder] INFO  ipc.Server (Server.java:run(1512)) - IPC Server Responder: starting
2022-10-18 03:54:41,334 [IPC Server listener on 35839] INFO  ipc.Server (Server.java:run(1352)) - IPC Server listener on 35839: starting
2022-10-18 03:54:41,344 [Listener at 127.0.0.1/35839] INFO  om.OzoneManager (OzoneManager.java:startTrashEmptier(1919)) - Trash Interval set to 0. Files deleted won't move to trash
2022-10-18 03:54:41,344 [Listener at 127.0.0.1/35839] INFO  ozone.MiniOzoneHAClusterImpl (MiniOzoneHAClusterImpl.java:createOMService(527)) - Started OzoneManager omNode-3 RPC server at localhost/127.0.0.1:35839
2022-10-18 03:54:41,365 [Listener at 127.0.0.1/35839] WARN  impl.MetricRegistriesImpl (MetricRegistriesImpl.java:addReporterRegistration(111)) - New reporters are added after registries were created. Some metrics will be missing from the reporter. Please add reporter before adding any new registry.
2022-10-18 03:54:41,365 [Listener at 127.0.0.1/35839] WARN  impl.MetricRegistriesImpl (MetricRegistriesImpl.java:addReporterRegistration(111)) - New reporters are added after registries were created. Some metrics will be missing from the reporter. Please add reporter before adding any new registry.
2022-10-18 03:54:41,370 [org.apache.hadoop.util.JvmPauseMonitor$Monitor@676a4497] INFO  util.JvmPauseMonitor (JvmPauseMonitor.java:run(188)) - Starting JVM pause monitor
2022-10-18 03:54:41,372 [Listener at 127.0.0.1/35839] INFO  impl.MetricsSystemImpl (MetricsSystemImpl.java:init(158)) - HddsDatanode metrics system started (again)
2022-10-18 03:54:41,384 [Listener at 127.0.0.1/35839] INFO  ozone.HddsDatanodeService (HddsDatanodeService.java:start(236)) - HddsDatanodeService host:fv-az573-760.uspngagyt4suddso0aj1djjezg.dx.internal.cloudapp.net ip:10.1.0.75
2022-10-18 03:54:41,417 [Listener at 127.0.0.1/35839] INFO  upgrade.AbstractLayoutVersionManager (AbstractLayoutVersionManager.java:init(83)) - Initializing Layout version manager with metadata layout = DATANODE_SCHEMA_V3 (version = 4), software layout = DATANODE_SCHEMA_V3 (version = 4)
2022-10-18 03:54:41,478 [Listener at 127.0.0.1/35839] INFO  reflections.Reflections (Reflections.java:scan(232)) - Reflections took 60 ms to scan 7 urls, producing 137 keys and 328 values 
2022-10-18 03:54:41,481 [grpc-default-executor-2] WARN  server.GrpcLogAppender (LogUtils.java:warn(122)) - omNode-1@group-523986131536->omNode-3-AppendLogResponseHandler: Failed appendEntries: org.apache.ratis.thirdparty.io.grpc.StatusRuntimeException: UNAVAILABLE: io exception
2022-10-18 03:54:41,483 [grpc-default-executor-2] WARN  server.GrpcLogAppender (GrpcLogAppender.java:resetClient(111)) - omNode-1@group-523986131536->omNode-3-GrpcLogAppender: Leader has not got in touch with Follower omNode-1@group-523986131536->omNode-3(c-1,m0,n1, attendVote=true, lastRpcSendTime=1, lastRpcResponseTime=2229) yet, just keep nextIndex unchanged and retry.
2022-10-18 03:54:41,483 [Listener at 127.0.0.1/35839] INFO  statemachine.DatanodeStateMachine (DatanodeStateMachine.java:getEndPointTaskThreadPoolSize(237)) - Datanode State Machine Task Thread Pool size 2
2022-10-18 03:54:41,485 [Listener at 127.0.0.1/35839] INFO  volume.HddsVolume (HddsVolume.java:<init>(117)) - Creating HddsVolume: /home/runner/work/ozone/ozone/hadoop-ozone/integration-test/target/test-dir/MiniOzoneClusterImpl-2682239d-8109-418f-bfce-648431d3ae5d/datanode-0/data-0/containers/hdds of storage type : DISK capacity : 9223372036854775807
2022-10-18 03:54:41,486 [Listener at 127.0.0.1/35839] INFO  volume.MutableVolumeSet (MutableVolumeSet.java:initializeVolumeSet(174)) - Added Volume : /home/runner/work/ozone/ozone/hadoop-ozone/integration-test/target/test-dir/MiniOzoneClusterImpl-2682239d-8109-418f-bfce-648431d3ae5d/datanode-0/data-0/containers/hdds to VolumeSet
2022-10-18 03:54:41,486 [Listener at 127.0.0.1/35839] INFO  volume.ThrottledAsyncChecker (ThrottledAsyncChecker.java:schedule(141)) - Scheduling a check for /home/runner/work/ozone/ozone/hadoop-ozone/integration-test/target/test-dir/MiniOzoneClusterImpl-2682239d-8109-418f-bfce-648431d3ae5d/datanode-0/data-0/containers/hdds
2022-10-18 03:54:41,490 [Listener at 127.0.0.1/35839] INFO  volume.StorageVolumeChecker (StorageVolumeChecker.java:checkAllVolumes(202)) - Scheduled health check for volume /home/runner/work/ozone/ozone/hadoop-ozone/integration-test/target/test-dir/MiniOzoneClusterImpl-2682239d-8109-418f-bfce-648431d3ae5d/datanode-0/data-0/containers/hdds
2022-10-18 03:54:41,502 [Listener at 127.0.0.1/35839] INFO  volume.MutableVolumeSet (MutableVolumeSet.java:initializeVolumeSet(174)) - Added Volume : /home/runner/work/ozone/ozone/hadoop-ozone/integration-test/target/test-dir/MiniOzoneClusterImpl-2682239d-8109-418f-bfce-648431d3ae5d/datanode-0/data/ratis to VolumeSet
2022-10-18 03:54:41,502 [Listener at 127.0.0.1/35839] INFO  volume.ThrottledAsyncChecker (ThrottledAsyncChecker.java:schedule(141)) - Scheduling a check for /home/runner/work/ozone/ozone/hadoop-ozone/integration-test/target/test-dir/MiniOzoneClusterImpl-2682239d-8109-418f-bfce-648431d3ae5d/datanode-0/data/ratis
2022-10-18 03:54:41,502 [Listener at 127.0.0.1/35839] INFO  volume.StorageVolumeChecker (StorageVolumeChecker.java:checkAllVolumes(202)) - Scheduled health check for volume /home/runner/work/ozone/ozone/hadoop-ozone/integration-test/target/test-dir/MiniOzoneClusterImpl-2682239d-8109-418f-bfce-648431d3ae5d/datanode-0/data/ratis
2022-10-18 03:54:41,515 [Thread-1559] INFO  ozoneimpl.ContainerReader (ContainerReader.java:readVolume(175)) - Finish verifying containers on volume /home/runner/work/ozone/ozone/hadoop-ozone/integration-test/target/test-dir/MiniOzoneClusterImpl-2682239d-8109-418f-bfce-648431d3ae5d/datanode-0/data-0/containers/hdds
2022-10-18 03:54:41,515 [Listener at 127.0.0.1/35839] INFO  ozoneimpl.OzoneContainer (OzoneContainer.java:buildContainerSet(300)) - Build ContainerSet costs 0s
2022-10-18 03:54:41,517 [Listener at 127.0.0.1/35839] INFO  server.RaftServer (ConfUtils.java:logGet(46)) - raft.rpc.type = GRPC (default)
2022-10-18 03:54:41,518 [Listener at 127.0.0.1/35839] INFO  grpc.GrpcFactory (GrpcFactory.java:checkPooledByteBufAllocatorUseCacheForAllThreads(48)) - PERFORMANCE WARNING: useCacheForAllThreads is true that may cause Netty to create a lot garbage objects and, as a result, trigger GC.
	It is recommended to disable useCacheForAllThreads by setting -Dorg.apache.ratis.thirdparty.io.netty.allocator.useCacheForAllThreads=false in command line.
2022-10-18 03:54:41,518 [Listener at 127.0.0.1/35839] INFO  grpc.GrpcConfigKeys (ConfUtils.java:logGet(46)) - raft.grpc.admin.port = 0 (custom)
2022-10-18 03:54:41,518 [Listener at 127.0.0.1/35839] INFO  grpc.GrpcConfigKeys (ConfUtils.java:logGet(46)) - raft.grpc.client.port = 0 (custom)
2022-10-18 03:54:41,518 [Listener at 127.0.0.1/35839] INFO  grpc.GrpcConfigKeys (ConfUtils.java:logGet(46)) - raft.grpc.server.port = 0 (default)
2022-10-18 03:54:41,518 [Listener at 127.0.0.1/35839] INFO  server.GrpcService (ConfUtils.java:logGet(46)) - raft.grpc.message.size.max = 32MB (=33554432) (custom)
2022-10-18 03:54:41,518 [Listener at 127.0.0.1/35839] INFO  server.RaftServerConfigKeys (ConfUtils.java:logGet(46)) - raft.server.log.appender.buffer.byte-limit = 33554432 (custom)
2022-10-18 03:54:41,519 [Listener at 127.0.0.1/35839] INFO  server.GrpcService (ConfUtils.java:logGet(46)) - raft.grpc.flow.control.window = 5MB (=5242880) (custom)
2022-10-18 03:54:41,519 [Listener at 127.0.0.1/35839] INFO  server.RaftServerConfigKeys (ConfUtils.java:logGet(46)) - raft.server.rpc.request.timeout = 60s (custom)
2022-10-18 03:54:41,519 [Listener at 127.0.0.1/35839] INFO  grpc.GrpcConfigKeys (ConfUtils.java:logGet(46)) - raft.grpc.server.async.request.thread.pool.cached = true (default)
2022-10-18 03:54:41,519 [Listener at 127.0.0.1/35839] INFO  grpc.GrpcConfigKeys (ConfUtils.java:logGet(46)) - raft.grpc.server.async.request.thread.pool.size = 32 (default)
2022-10-18 03:54:41,520 [Listener at 127.0.0.1/35839] INFO  impl.DataStreamServerImpl (ConfUtils.java:logGet(46)) - raft.datastream.type = DISABLED (default)
2022-10-18 03:54:41,522 [Listener at 127.0.0.1/35839] INFO  server.RaftServerConfigKeys (ConfUtils.java:logGet(46)) - raft.server.threadpool.proxy.cached = true (default)
2022-10-18 03:54:41,522 [Listener at 127.0.0.1/35839] INFO  server.RaftServerConfigKeys (ConfUtils.java:logGet(46)) - raft.server.threadpool.proxy.size = 0 (default)
2022-10-18 03:54:41,523 [Listener at 127.0.0.1/35839] INFO  server.RaftServerConfigKeys (ConfUtils.java:logGet(46)) - raft.server.rpc.slowness.timeout = 300s (custom)
2022-10-18 03:54:41,523 [Listener at 127.0.0.1/35839] INFO  server.RaftServerConfigKeys (ConfUtils.java:logGet(46)) - raft.server.leaderelection.leader.step-down.wait-time = 10s (default)
2022-10-18 03:54:41,523 [Listener at 127.0.0.1/35839] INFO  server.RaftServerConfigKeys (ConfUtils.java:logGet(46)) - raft.server.storage.dir = [/home/runner/work/ozone/ozone/hadoop-ozone/integration-test/target/test-dir/MiniOzoneClusterImpl-2682239d-8109-418f-bfce-648431d3ae5d/datanode-0/data/ratis] (custom)
2022-10-18 03:54:41,529 [Listener at 127.0.0.1/35839] INFO  server.XceiverServerGrpc (XceiverServerGrpc.java:<init>(132)) - GrpcServer channel type EpollServerSocketChannel
2022-10-18 03:54:41,539 [Listener at 127.0.0.1/35839] INFO  http.BaseHttpServer (BaseHttpServer.java:newHttpServer2BuilderForOzone(213)) - Starting Web-server for hddsDatanode at: http://0.0.0.0:0
2022-10-18 03:54:41,539 [Listener at 127.0.0.1/35839] INFO  http.BaseHttpServer (BaseHttpServer.java:<init>(108)) - Hadoop Security Enabled: false Ozone Security Enabled: false Ozone HTTP Security Enabled: false 
2022-10-18 03:54:41,540 [Listener at 127.0.0.1/35839] WARN  server.AuthenticationFilter (AuthenticationFilter.java:constructSecretProvider(240)) - Unable to initialize FileSignerSecretProvider, falling back to use random secrets. Reason: Could not read signature secret file: /home/runner/hadoop-http-auth-signature-secret
2022-10-18 03:54:41,550 [Listener at 127.0.0.1/35839] WARN  http.HttpRequestLog (HttpRequestLog.java:getRequestLog(103)) - Jetty request log can only be enabled using Log4j
2022-10-18 03:54:41,551 [Listener at 127.0.0.1/35839] INFO  http.HttpServer2 (HttpServer2.java:addGlobalFilter(1031)) - Added global filter 'safety' (class=org.apache.hadoop.hdds.server.http.HttpServer2$QuotingInputFilter)
2022-10-18 03:54:41,552 [Listener at 127.0.0.1/35839] INFO  http.HttpServer2 (HttpServer2.java:addFilter(1007)) - Added filter static_user_filter (class=org.apache.hadoop.http.lib.StaticUserWebFilter$StaticUserFilter) to context hddsDatanode
2022-10-18 03:54:41,552 [Listener at 127.0.0.1/35839] INFO  http.HttpServer2 (HttpServer2.java:addFilter(1015)) - Added filter static_user_filter (class=org.apache.hadoop.http.lib.StaticUserWebFilter$StaticUserFilter) to context logs
2022-10-18 03:54:41,552 [Listener at 127.0.0.1/35839] INFO  http.HttpServer2 (HttpServer2.java:addFilter(1015)) - Added filter static_user_filter (class=org.apache.hadoop.http.lib.StaticUserWebFilter$StaticUserFilter) to context static
2022-10-18 03:54:41,553 [Listener at 127.0.0.1/35839] INFO  http.HttpServer2 (HttpServer2.java:bindListener(1250)) - Jetty bound to port 41745
2022-10-18 03:54:41,553 [Listener at 127.0.0.1/35839] INFO  server.Server (Server.java:doStart(375)) - jetty-9.4.43.v20210629; built: 2021-06-30T11:07:22.254Z; git: 526006ecfa3af7f1a27ef3a288e2bef7ea9dd7e8; jvm 1.8.0_345-b01
2022-10-18 03:54:41,598 [Listener at 127.0.0.1/35839] INFO  server.session (DefaultSessionIdManager.java:doStart(334)) - DefaultSessionIdManager workerName=node0
2022-10-18 03:54:41,598 [Listener at 127.0.0.1/35839] INFO  server.session (DefaultSessionIdManager.java:doStart(339)) - No SessionScavenger set, using defaults
2022-10-18 03:54:41,599 [Listener at 127.0.0.1/35839] INFO  server.session (HouseKeeper.java:startScavenging(132)) - node0 Scavenging every 600000ms
2022-10-18 03:54:41,609 [Listener at 127.0.0.1/35839] INFO  handler.ContextHandler (ContextHandler.java:doStart(915)) - Started o.e.j.s.ServletContextHandler@16ea030e{logs,/logs,file:///home/runner/work/ozone/ozone/hadoop-ozone/integration-test/target/log,AVAILABLE}
2022-10-18 03:54:41,609 [Listener at 127.0.0.1/35839] INFO  handler.ContextHandler (ContextHandler.java:doStart(915)) - Started o.e.j.s.ServletContextHandler@190fba99{static,/static,jar:file:/home/runner/.m2/repository/org/apache/ozone/hdds-container-service/1.3.0-SNAPSHOT/hdds-container-service-1.3.0-SNAPSHOT.jar!/webapps/static,AVAILABLE}
2022-10-18 03:54:41,744 [omNode-3-server-thread1] INFO  server.RaftServer$Division (ServerState.java:setLeader(287)) - omNode-3@group-523986131536: change Leader from null to omNode-1 at term 1 for appendEntries, leader elected after 1163ms
2022-10-18 03:54:41,744 [omNode-3-server-thread1] INFO  server.RaftServer$Division (RaftServerImpl.java:checkInconsistentAppendEntries(1424)) - omNode-3@group-523986131536: Failed appendEntries as previous log entry ((t:1, i:0)) is not found
2022-10-18 03:54:41,745 [omNode-3-server-thread1] INFO  server.RaftServer$Division (RaftServerImpl.java:checkInconsistentAppendEntries(1394)) - omNode-3@group-523986131536: inconsistency entries. Reply:omNode-1<-omNode-3#1261669:FAIL-t0,INCONSISTENCY,nextIndex=0,followerCommit=-1
2022-10-18 03:54:41,745 [grpc-default-executor-2] INFO  leader.FollowerInfo (FollowerInfoImpl.java:lambda$new$0(48)) - omNode-1@group-523986131536->omNode-3: nextIndex: updateUnconditionally 1 -> 0
2022-10-18 03:54:41,747 [omNode-3-server-thread1] INFO  server.RaftServer$Division (ServerState.java:setRaftConf(393)) - omNode-3@group-523986131536: set configuration 0: [omNode-3|rpc:localhost:37031|admin:|client:|dataStream:|priority:0, omNode-1|rpc:localhost:38839|admin:|client:|dataStream:|priority:0, omNode-2|rpc:localhost:42171|admin:|client:|dataStream:|priority:0], old=null
2022-10-18 03:54:41,748 [omNode-3-server-thread1] INFO  segmented.SegmentedRaftLogWorker (SegmentedRaftLogWorker.java:startLogSegment(425)) - omNode-3@group-523986131536-SegmentedRaftLogWorker: Starting segment from index:0
2022-10-18 03:54:41,761 [omNode-3@group-523986131536-SegmentedRaftLogWorker] INFO  segmented.SegmentedRaftLogWorker (SegmentedRaftLogWorker.java:execute(629)) - omNode-3@group-523986131536-SegmentedRaftLogWorker: created new log segment /home/runner/work/ozone/ozone/hadoop-ozone/integration-test/target/test-dir/MiniOzoneClusterImpl-2682239d-8109-418f-bfce-648431d3ae5d/omNode-3/ratis/c9bc4cf4-3bc3-3c60-a66b-523986131536/current/log_inprogress_0
2022-10-18 03:54:41,769 [omNode-3@group-523986131536-StateMachineUpdater] INFO  ratis.OzoneManagerStateMachine (OzoneManagerStateMachine.java:notifyConfigurationChanged(192)) - Received Configuration change notification from Ratis. New Peer list:
[id: "omNode-3"
address: "localhost:37031"
, id: "omNode-1"
address: "localhost:38839"
, id: "omNode-2"
address: "localhost:42171"
]
2022-10-18 03:54:41,897 [Listener at 127.0.0.1/35839] INFO  handler.ContextHandler (ContextHandler.java:doStart(915)) - Started o.e.j.w.WebAppContext@7f0857a4{hddsDatanode,/,file:///tmp/jetty-0_0_0_0-41745-hdds-container-service-1_3_0-SNAPSHOT_jar-_-any-1667224634855563448/webapp/,AVAILABLE}{jar:file:/home/runner/.m2/repository/org/apache/ozone/hdds-container-service/1.3.0-SNAPSHOT/hdds-container-service-1.3.0-SNAPSHOT.jar!/webapps/hddsDatanode}
2022-10-18 03:54:41,898 [Listener at 127.0.0.1/35839] INFO  server.AbstractConnector (AbstractConnector.java:doStart(331)) - Started ServerConnector@4c04a75{HTTP/1.1, (http/1.1)}{0.0.0.0:41745}
2022-10-18 03:54:41,899 [Listener at 127.0.0.1/35839] INFO  server.Server (Server.java:doStart(415)) - Started @87587ms
2022-10-18 03:54:41,899 [Listener at 127.0.0.1/35839] WARN  impl.MetricsSystemImpl (MetricsSystemImpl.java:register(279)) - Sink prometheus already exists!
2022-10-18 03:54:41,900 [Listener at 127.0.0.1/35839] INFO  http.BaseHttpServer (BaseHttpServer.java:updateConnectorAddress(333)) - HTTP server of hddsDatanode listening at http://0.0.0.0:41745
2022-10-18 03:54:41,900 [Listener at 127.0.0.1/35839] WARN  impl.MetricRegistriesImpl (MetricRegistriesImpl.java:addReporterRegistration(111)) - New reporters are added after registries were created. Some metrics will be missing from the reporter. Please add reporter before adding any new registry.
2022-10-18 03:54:41,900 [Listener at 127.0.0.1/35839] WARN  impl.MetricRegistriesImpl (MetricRegistriesImpl.java:addReporterRegistration(111)) - New reporters are added after registries were created. Some metrics will be missing from the reporter. Please add reporter before adding any new registry.
2022-10-18 03:54:41,900 [Listener at 127.0.0.1/35839] INFO  impl.MetricsSystemImpl (MetricsSystemImpl.java:init(158)) - HddsDatanode metrics system started (again)
2022-10-18 03:54:41,902 [Datanode State Machine Daemon Thread] INFO  statemachine.DatanodeStateMachine (DatanodeStateMachine.java:lambda$startDaemon$0(492)) - Ozone container server started.
2022-10-18 03:54:41,914 [Listener at 127.0.0.1/35839] INFO  ozone.HddsDatanodeService (HddsDatanodeService.java:start(236)) - HddsDatanodeService host:fv-az573-760.uspngagyt4suddso0aj1djjezg.dx.internal.cloudapp.net ip:10.1.0.75
2022-10-18 03:54:41,922 [org.apache.hadoop.util.JvmPauseMonitor$Monitor@6918e905] INFO  util.JvmPauseMonitor (JvmPauseMonitor.java:run(188)) - Starting JVM pause monitor
2022-10-18 03:54:41,924 [Datanode State Machine Task Thread - 0] INFO  datanode.InitDatanodeState (InitDatanodeState.java:persistContainerDatanodeDetails(138)) - DatanodeDetails is persisted to /home/runner/work/ozone/ozone/hadoop-ozone/integration-test/target/test-dir/MiniOzoneClusterImpl-2682239d-8109-418f-bfce-648431d3ae5d/datanode-0/meta/datanode.id
2022-10-18 03:54:41,950 [Listener at 127.0.0.1/35839] INFO  upgrade.AbstractLayoutVersionManager (AbstractLayoutVersionManager.java:init(83)) - Initializing Layout version manager with metadata layout = DATANODE_SCHEMA_V3 (version = 4), software layout = DATANODE_SCHEMA_V3 (version = 4)
2022-10-18 03:54:41,998 [Listener at 127.0.0.1/35839] INFO  reflections.Reflections (Reflections.java:scan(232)) - Reflections took 45 ms to scan 7 urls, producing 137 keys and 328 values 
2022-10-18 03:54:42,000 [Listener at 127.0.0.1/35839] INFO  statemachine.DatanodeStateMachine (DatanodeStateMachine.java:getEndPointTaskThreadPoolSize(237)) - Datanode State Machine Task Thread Pool size 2
2022-10-18 03:54:42,001 [Listener at 127.0.0.1/35839] INFO  volume.HddsVolume (HddsVolume.java:<init>(117)) - Creating HddsVolume: /home/runner/work/ozone/ozone/hadoop-ozone/integration-test/target/test-dir/MiniOzoneClusterImpl-2682239d-8109-418f-bfce-648431d3ae5d/datanode-1/data-0/containers/hdds of storage type : DISK capacity : 9223372036854775807
2022-10-18 03:54:42,002 [Listener at 127.0.0.1/35839] INFO  volume.MutableVolumeSet (MutableVolumeSet.java:initializeVolumeSet(174)) - Added Volume : /home/runner/work/ozone/ozone/hadoop-ozone/integration-test/target/test-dir/MiniOzoneClusterImpl-2682239d-8109-418f-bfce-648431d3ae5d/datanode-1/data-0/containers/hdds to VolumeSet
2022-10-18 03:54:42,002 [Listener at 127.0.0.1/35839] INFO  volume.ThrottledAsyncChecker (ThrottledAsyncChecker.java:schedule(141)) - Scheduling a check for /home/runner/work/ozone/ozone/hadoop-ozone/integration-test/target/test-dir/MiniOzoneClusterImpl-2682239d-8109-418f-bfce-648431d3ae5d/datanode-1/data-0/containers/hdds
2022-10-18 03:54:42,003 [Listener at 127.0.0.1/35839] INFO  volume.StorageVolumeChecker (StorageVolumeChecker.java:checkAllVolumes(202)) - Scheduled health check for volume /home/runner/work/ozone/ozone/hadoop-ozone/integration-test/target/test-dir/MiniOzoneClusterImpl-2682239d-8109-418f-bfce-648431d3ae5d/datanode-1/data-0/containers/hdds
2022-10-18 03:54:42,014 [Listener at 127.0.0.1/35839] INFO  volume.MutableVolumeSet (MutableVolumeSet.java:initializeVolumeSet(174)) - Added Volume : /home/runner/work/ozone/ozone/hadoop-ozone/integration-test/target/test-dir/MiniOzoneClusterImpl-2682239d-8109-418f-bfce-648431d3ae5d/datanode-1/data/ratis to VolumeSet
2022-10-18 03:54:42,014 [Listener at 127.0.0.1/35839] INFO  volume.ThrottledAsyncChecker (ThrottledAsyncChecker.java:schedule(141)) - Scheduling a check for /home/runner/work/ozone/ozone/hadoop-ozone/integration-test/target/test-dir/MiniOzoneClusterImpl-2682239d-8109-418f-bfce-648431d3ae5d/datanode-1/data/ratis
2022-10-18 03:54:42,014 [Listener at 127.0.0.1/35839] INFO  volume.StorageVolumeChecker (StorageVolumeChecker.java:checkAllVolumes(202)) - Scheduled health check for volume /home/runner/work/ozone/ozone/hadoop-ozone/integration-test/target/test-dir/MiniOzoneClusterImpl-2682239d-8109-418f-bfce-648431d3ae5d/datanode-1/data/ratis
2022-10-18 03:54:42,026 [Thread-1575] INFO  ozoneimpl.ContainerReader (ContainerReader.java:readVolume(175)) - Finish verifying containers on volume /home/runner/work/ozone/ozone/hadoop-ozone/integration-test/target/test-dir/MiniOzoneClusterImpl-2682239d-8109-418f-bfce-648431d3ae5d/datanode-1/data-0/containers/hdds
2022-10-18 03:54:42,026 [Listener at 127.0.0.1/35839] INFO  ozoneimpl.OzoneContainer (OzoneContainer.java:buildContainerSet(300)) - Build ContainerSet costs 0s
2022-10-18 03:54:42,028 [Listener at 127.0.0.1/35839] INFO  server.RaftServer (ConfUtils.java:logGet(46)) - raft.rpc.type = GRPC (default)
2022-10-18 03:54:42,028 [Listener at 127.0.0.1/35839] INFO  grpc.GrpcFactory (GrpcFactory.java:checkPooledByteBufAllocatorUseCacheForAllThreads(48)) - PERFORMANCE WARNING: useCacheForAllThreads is true that may cause Netty to create a lot garbage objects and, as a result, trigger GC.
	It is recommended to disable useCacheForAllThreads by setting -Dorg.apache.ratis.thirdparty.io.netty.allocator.useCacheForAllThreads=false in command line.
2022-10-18 03:54:42,028 [Listener at 127.0.0.1/35839] INFO  grpc.GrpcConfigKeys (ConfUtils.java:logGet(46)) - raft.grpc.admin.port = 0 (custom)
2022-10-18 03:54:42,029 [Listener at 127.0.0.1/35839] INFO  grpc.GrpcConfigKeys (ConfUtils.java:logGet(46)) - raft.grpc.client.port = 0 (custom)
2022-10-18 03:54:42,029 [Listener at 127.0.0.1/35839] INFO  grpc.GrpcConfigKeys (ConfUtils.java:logGet(46)) - raft.grpc.server.port = 0 (default)
2022-10-18 03:54:42,029 [Listener at 127.0.0.1/35839] INFO  server.GrpcService (ConfUtils.java:logGet(46)) - raft.grpc.message.size.max = 32MB (=33554432) (custom)
2022-10-18 03:54:42,029 [Listener at 127.0.0.1/35839] INFO  server.RaftServerConfigKeys (ConfUtils.java:logGet(46)) - raft.server.log.appender.buffer.byte-limit = 33554432 (custom)
2022-10-18 03:54:42,029 [Listener at 127.0.0.1/35839] INFO  server.GrpcService (ConfUtils.java:logGet(46)) - raft.grpc.flow.control.window = 5MB (=5242880) (custom)
2022-10-18 03:54:42,030 [Listener at 127.0.0.1/35839] INFO  server.RaftServerConfigKeys (ConfUtils.java:logGet(46)) - raft.server.rpc.request.timeout = 60s (custom)
2022-10-18 03:54:42,030 [Listener at 127.0.0.1/35839] INFO  grpc.GrpcConfigKeys (ConfUtils.java:logGet(46)) - raft.grpc.server.async.request.thread.pool.cached = true (default)
2022-10-18 03:54:42,030 [Listener at 127.0.0.1/35839] INFO  grpc.GrpcConfigKeys (ConfUtils.java:logGet(46)) - raft.grpc.server.async.request.thread.pool.size = 32 (default)
2022-10-18 03:54:42,031 [Listener at 127.0.0.1/35839] INFO  impl.DataStreamServerImpl (ConfUtils.java:logGet(46)) - raft.datastream.type = DISABLED (default)
2022-10-18 03:54:42,031 [Listener at 127.0.0.1/35839] INFO  server.RaftServerConfigKeys (ConfUtils.java:logGet(46)) - raft.server.threadpool.proxy.cached = true (default)
2022-10-18 03:54:42,031 [Listener at 127.0.0.1/35839] INFO  server.RaftServerConfigKeys (ConfUtils.java:logGet(46)) - raft.server.threadpool.proxy.size = 0 (default)
2022-10-18 03:54:42,032 [Listener at 127.0.0.1/35839] INFO  server.RaftServerConfigKeys (ConfUtils.java:logGet(46)) - raft.server.rpc.slowness.timeout = 300s (custom)
2022-10-18 03:54:42,032 [Listener at 127.0.0.1/35839] INFO  server.RaftServerConfigKeys (ConfUtils.java:logGet(46)) - raft.server.leaderelection.leader.step-down.wait-time = 10s (default)
2022-10-18 03:54:42,032 [Listener at 127.0.0.1/35839] INFO  server.RaftServerConfigKeys (ConfUtils.java:logGet(46)) - raft.server.storage.dir = [/home/runner/work/ozone/ozone/hadoop-ozone/integration-test/target/test-dir/MiniOzoneClusterImpl-2682239d-8109-418f-bfce-648431d3ae5d/datanode-1/data/ratis] (custom)
2022-10-18 03:54:42,033 [Listener at 127.0.0.1/35839] INFO  server.XceiverServerGrpc (XceiverServerGrpc.java:<init>(132)) - GrpcServer channel type EpollServerSocketChannel
2022-10-18 03:54:42,038 [Listener at 127.0.0.1/35839] INFO  http.BaseHttpServer (BaseHttpServer.java:newHttpServer2BuilderForOzone(213)) - Starting Web-server for hddsDatanode at: http://0.0.0.0:0
2022-10-18 03:54:42,038 [Listener at 127.0.0.1/35839] INFO  http.BaseHttpServer (BaseHttpServer.java:<init>(108)) - Hadoop Security Enabled: false Ozone Security Enabled: false Ozone HTTP Security Enabled: false 
2022-10-18 03:54:42,039 [Listener at 127.0.0.1/35839] WARN  server.AuthenticationFilter (AuthenticationFilter.java:constructSecretProvider(240)) - Unable to initialize FileSignerSecretProvider, falling back to use random secrets. Reason: Could not read signature secret file: /home/runner/hadoop-http-auth-signature-secret
2022-10-18 03:54:42,039 [Listener at 127.0.0.1/35839] WARN  http.HttpRequestLog (HttpRequestLog.java:getRequestLog(103)) - Jetty request log can only be enabled using Log4j
2022-10-18 03:54:42,041 [Listener at 127.0.0.1/35839] INFO  http.HttpServer2 (HttpServer2.java:addGlobalFilter(1031)) - Added global filter 'safety' (class=org.apache.hadoop.hdds.server.http.HttpServer2$QuotingInputFilter)
2022-10-18 03:54:42,046 [Listener at 127.0.0.1/35839] INFO  http.HttpServer2 (HttpServer2.java:addFilter(1007)) - Added filter static_user_filter (class=org.apache.hadoop.http.lib.StaticUserWebFilter$StaticUserFilter) to context hddsDatanode
2022-10-18 03:54:42,046 [Listener at 127.0.0.1/35839] INFO  http.HttpServer2 (HttpServer2.java:addFilter(1015)) - Added filter static_user_filter (class=org.apache.hadoop.http.lib.StaticUserWebFilter$StaticUserFilter) to context logs
2022-10-18 03:54:42,047 [Listener at 127.0.0.1/35839] INFO  http.HttpServer2 (HttpServer2.java:addFilter(1015)) - Added filter static_user_filter (class=org.apache.hadoop.http.lib.StaticUserWebFilter$StaticUserFilter) to context static
2022-10-18 03:54:42,047 [Listener at 127.0.0.1/35839] INFO  http.HttpServer2 (HttpServer2.java:bindListener(1250)) - Jetty bound to port 42707
2022-10-18 03:54:42,047 [Listener at 127.0.0.1/35839] INFO  server.Server (Server.java:doStart(375)) - jetty-9.4.43.v20210629; built: 2021-06-30T11:07:22.254Z; git: 526006ecfa3af7f1a27ef3a288e2bef7ea9dd7e8; jvm 1.8.0_345-b01
2022-10-18 03:54:42,057 [Listener at 127.0.0.1/35839] INFO  server.session (DefaultSessionIdManager.java:doStart(334)) - DefaultSessionIdManager workerName=node0
2022-10-18 03:54:42,057 [Listener at 127.0.0.1/35839] INFO  server.session (DefaultSessionIdManager.java:doStart(339)) - No SessionScavenger set, using defaults
2022-10-18 03:54:42,057 [Listener at 127.0.0.1/35839] INFO  server.session (HouseKeeper.java:startScavenging(132)) - node0 Scavenging every 600000ms
2022-10-18 03:54:42,062 [Listener at 127.0.0.1/35839] INFO  handler.ContextHandler (ContextHandler.java:doStart(915)) - Started o.e.j.s.ServletContextHandler@6a8ca87c{logs,/logs,file:///home/runner/work/ozone/ozone/hadoop-ozone/integration-test/target/log,AVAILABLE}
2022-10-18 03:54:42,062 [Listener at 127.0.0.1/35839] INFO  handler.ContextHandler (ContextHandler.java:doStart(915)) - Started o.e.j.s.ServletContextHandler@319869fd{static,/static,jar:file:/home/runner/.m2/repository/org/apache/ozone/hdds-container-service/1.3.0-SNAPSHOT/hdds-container-service-1.3.0-SNAPSHOT.jar!/webapps/static,AVAILABLE}
2022-10-18 03:54:42,172 [EndpointStateMachine task thread for /0.0.0.0:43069 - 0 ] INFO  ipc.Client (Client.java:handleConnectionFailure(1010)) - Retrying connect to server: 0.0.0.0/0.0.0.0:43069. Already tried 7 time(s); retry policy is RetryUpToMaximumCountWithFixedSleep(maxRetries=15, sleepTime=1000 MILLISECONDS)
2022-10-18 03:54:42,253 [Listener at 127.0.0.1/35839] INFO  handler.ContextHandler (ContextHandler.java:doStart(915)) - Started o.e.j.w.WebAppContext@41038369{hddsDatanode,/,file:///tmp/jetty-0_0_0_0-42707-hdds-container-service-1_3_0-SNAPSHOT_jar-_-any-8552348396793626625/webapp/,AVAILABLE}{jar:file:/home/runner/.m2/repository/org/apache/ozone/hdds-container-service/1.3.0-SNAPSHOT/hdds-container-service-1.3.0-SNAPSHOT.jar!/webapps/hddsDatanode}
2022-10-18 03:54:42,255 [Listener at 127.0.0.1/35839] INFO  server.AbstractConnector (AbstractConnector.java:doStart(331)) - Started ServerConnector@26c09a0f{HTTP/1.1, (http/1.1)}{0.0.0.0:42707}
2022-10-18 03:54:42,255 [Listener at 127.0.0.1/35839] INFO  server.Server (Server.java:doStart(415)) - Started @87943ms
2022-10-18 03:54:42,255 [Listener at 127.0.0.1/35839] WARN  impl.MetricsSystemImpl (MetricsSystemImpl.java:register(279)) - Sink prometheus already exists!
2022-10-18 03:54:42,256 [Listener at 127.0.0.1/35839] INFO  http.BaseHttpServer (BaseHttpServer.java:updateConnectorAddress(333)) - HTTP server of hddsDatanode listening at http://0.0.0.0:42707
2022-10-18 03:54:42,256 [Datanode State Machine Daemon Thread] INFO  statemachine.DatanodeStateMachine (DatanodeStateMachine.java:lambda$startDaemon$0(492)) - Ozone container server started.
2022-10-18 03:54:42,256 [Listener at 127.0.0.1/35839] WARN  impl.MetricRegistriesImpl (MetricRegistriesImpl.java:addReporterRegistration(111)) - New reporters are added after registries were created. Some metrics will be missing from the reporter. Please add reporter before adding any new registry.
2022-10-18 03:54:42,258 [Listener at 127.0.0.1/35839] WARN  impl.MetricRegistriesImpl (MetricRegistriesImpl.java:addReporterRegistration(111)) - New reporters are added after registries were created. Some metrics will be missing from the reporter. Please add reporter before adding any new registry.
2022-10-18 03:54:42,258 [Listener at 127.0.0.1/35839] INFO  impl.MetricsSystemImpl (MetricsSystemImpl.java:init(158)) - HddsDatanode metrics system started (again)
2022-10-18 03:54:42,286 [org.apache.hadoop.util.JvmPauseMonitor$Monitor@726f7841] INFO  util.JvmPauseMonitor (JvmPauseMonitor.java:run(188)) - Starting JVM pause monitor
2022-10-18 03:54:42,288 [Datanode State Machine Task Thread - 0] INFO  datanode.InitDatanodeState (InitDatanodeState.java:persistContainerDatanodeDetails(138)) - DatanodeDetails is persisted to /home/runner/work/ozone/ozone/hadoop-ozone/integration-test/target/test-dir/MiniOzoneClusterImpl-2682239d-8109-418f-bfce-648431d3ae5d/datanode-1/meta/datanode.id
2022-10-18 03:54:42,290 [Listener at 127.0.0.1/35839] INFO  ozone.HddsDatanodeService (HddsDatanodeService.java:start(236)) - HddsDatanodeService host:fv-az573-760.uspngagyt4suddso0aj1djjezg.dx.internal.cloudapp.net ip:10.1.0.75
2022-10-18 03:54:42,325 [Listener at 127.0.0.1/35839] INFO  upgrade.AbstractLayoutVersionManager (AbstractLayoutVersionManager.java:init(83)) - Initializing Layout version manager with metadata layout = DATANODE_SCHEMA_V3 (version = 4), software layout = DATANODE_SCHEMA_V3 (version = 4)
2022-10-18 03:54:42,373 [Listener at 127.0.0.1/35839] INFO  reflections.Reflections (Reflections.java:scan(232)) - Reflections took 45 ms to scan 7 urls, producing 137 keys and 328 values 
2022-10-18 03:54:42,374 [Listener at 127.0.0.1/35839] INFO  statemachine.DatanodeStateMachine (DatanodeStateMachine.java:getEndPointTaskThreadPoolSize(237)) - Datanode State Machine Task Thread Pool size 2
2022-10-18 03:54:42,379 [Listener at 127.0.0.1/35839] INFO  volume.HddsVolume (HddsVolume.java:<init>(117)) - Creating HddsVolume: /home/runner/work/ozone/ozone/hadoop-ozone/integration-test/target/test-dir/MiniOzoneClusterImpl-2682239d-8109-418f-bfce-648431d3ae5d/datanode-2/data-0/containers/hdds of storage type : DISK capacity : 9223372036854775807
2022-10-18 03:54:42,379 [Listener at 127.0.0.1/35839] INFO  volume.MutableVolumeSet (MutableVolumeSet.java:initializeVolumeSet(174)) - Added Volume : /home/runner/work/ozone/ozone/hadoop-ozone/integration-test/target/test-dir/MiniOzoneClusterImpl-2682239d-8109-418f-bfce-648431d3ae5d/datanode-2/data-0/containers/hdds to VolumeSet
2022-10-18 03:54:42,379 [Listener at 127.0.0.1/35839] INFO  volume.ThrottledAsyncChecker (ThrottledAsyncChecker.java:schedule(141)) - Scheduling a check for /home/runner/work/ozone/ozone/hadoop-ozone/integration-test/target/test-dir/MiniOzoneClusterImpl-2682239d-8109-418f-bfce-648431d3ae5d/datanode-2/data-0/containers/hdds
2022-10-18 03:54:42,382 [Listener at 127.0.0.1/35839] INFO  volume.StorageVolumeChecker (StorageVolumeChecker.java:checkAllVolumes(202)) - Scheduled health check for volume /home/runner/work/ozone/ozone/hadoop-ozone/integration-test/target/test-dir/MiniOzoneClusterImpl-2682239d-8109-418f-bfce-648431d3ae5d/datanode-2/data-0/containers/hdds
2022-10-18 03:54:42,394 [Listener at 127.0.0.1/35839] INFO  volume.MutableVolumeSet (MutableVolumeSet.java:initializeVolumeSet(174)) - Added Volume : /home/runner/work/ozone/ozone/hadoop-ozone/integration-test/target/test-dir/MiniOzoneClusterImpl-2682239d-8109-418f-bfce-648431d3ae5d/datanode-2/data/ratis to VolumeSet
2022-10-18 03:54:42,394 [Listener at 127.0.0.1/35839] INFO  volume.ThrottledAsyncChecker (ThrottledAsyncChecker.java:schedule(141)) - Scheduling a check for /home/runner/work/ozone/ozone/hadoop-ozone/integration-test/target/test-dir/MiniOzoneClusterImpl-2682239d-8109-418f-bfce-648431d3ae5d/datanode-2/data/ratis
2022-10-18 03:54:42,394 [Listener at 127.0.0.1/35839] INFO  volume.StorageVolumeChecker (StorageVolumeChecker.java:checkAllVolumes(202)) - Scheduled health check for volume /home/runner/work/ozone/ozone/hadoop-ozone/integration-test/target/test-dir/MiniOzoneClusterImpl-2682239d-8109-418f-bfce-648431d3ae5d/datanode-2/data/ratis
2022-10-18 03:54:42,405 [Thread-1590] INFO  ozoneimpl.ContainerReader (ContainerReader.java:readVolume(175)) - Finish verifying containers on volume /home/runner/work/ozone/ozone/hadoop-ozone/integration-test/target/test-dir/MiniOzoneClusterImpl-2682239d-8109-418f-bfce-648431d3ae5d/datanode-2/data-0/containers/hdds
2022-10-18 03:54:42,405 [Listener at 127.0.0.1/35839] INFO  ozoneimpl.OzoneContainer (OzoneContainer.java:buildContainerSet(300)) - Build ContainerSet costs 0s
2022-10-18 03:54:42,407 [Listener at 127.0.0.1/35839] INFO  server.RaftServer (ConfUtils.java:logGet(46)) - raft.rpc.type = GRPC (default)
2022-10-18 03:54:42,407 [Listener at 127.0.0.1/35839] INFO  grpc.GrpcFactory (GrpcFactory.java:checkPooledByteBufAllocatorUseCacheForAllThreads(48)) - PERFORMANCE WARNING: useCacheForAllThreads is true that may cause Netty to create a lot garbage objects and, as a result, trigger GC.
	It is recommended to disable useCacheForAllThreads by setting -Dorg.apache.ratis.thirdparty.io.netty.allocator.useCacheForAllThreads=false in command line.
2022-10-18 03:54:42,408 [Listener at 127.0.0.1/35839] INFO  grpc.GrpcConfigKeys (ConfUtils.java:logGet(46)) - raft.grpc.admin.port = 0 (custom)
2022-10-18 03:54:42,408 [Listener at 127.0.0.1/35839] INFO  grpc.GrpcConfigKeys (ConfUtils.java:logGet(46)) - raft.grpc.client.port = 0 (custom)
2022-10-18 03:54:42,408 [Listener at 127.0.0.1/35839] INFO  grpc.GrpcConfigKeys (ConfUtils.java:logGet(46)) - raft.grpc.server.port = 0 (default)
2022-10-18 03:54:42,408 [Listener at 127.0.0.1/35839] INFO  server.GrpcService (ConfUtils.java:logGet(46)) - raft.grpc.message.size.max = 32MB (=33554432) (custom)
2022-10-18 03:54:42,408 [Listener at 127.0.0.1/35839] INFO  server.RaftServerConfigKeys (ConfUtils.java:logGet(46)) - raft.server.log.appender.buffer.byte-limit = 33554432 (custom)
2022-10-18 03:54:42,408 [Listener at 127.0.0.1/35839] INFO  server.GrpcService (ConfUtils.java:logGet(46)) - raft.grpc.flow.control.window = 5MB (=5242880) (custom)
2022-10-18 03:54:42,409 [Listener at 127.0.0.1/35839] INFO  server.RaftServerConfigKeys (ConfUtils.java:logGet(46)) - raft.server.rpc.request.timeout = 60s (custom)
2022-10-18 03:54:42,409 [Listener at 127.0.0.1/35839] INFO  grpc.GrpcConfigKeys (ConfUtils.java:logGet(46)) - raft.grpc.server.async.request.thread.pool.cached = true (default)
2022-10-18 03:54:42,409 [Listener at 127.0.0.1/35839] INFO  grpc.GrpcConfigKeys (ConfUtils.java:logGet(46)) - raft.grpc.server.async.request.thread.pool.size = 32 (default)
2022-10-18 03:54:42,410 [Listener at 127.0.0.1/35839] INFO  impl.DataStreamServerImpl (ConfUtils.java:logGet(46)) - raft.datastream.type = DISABLED (default)
2022-10-18 03:54:42,410 [Listener at 127.0.0.1/35839] INFO  server.RaftServerConfigKeys (ConfUtils.java:logGet(46)) - raft.server.threadpool.proxy.cached = true (default)
2022-10-18 03:54:42,411 [Listener at 127.0.0.1/35839] INFO  server.RaftServerConfigKeys (ConfUtils.java:logGet(46)) - raft.server.threadpool.proxy.size = 0 (default)
2022-10-18 03:54:42,411 [Listener at 127.0.0.1/35839] INFO  server.RaftServerConfigKeys (ConfUtils.java:logGet(46)) - raft.server.rpc.slowness.timeout = 300s (custom)
2022-10-18 03:54:42,411 [Listener at 127.0.0.1/35839] INFO  server.RaftServerConfigKeys (ConfUtils.java:logGet(46)) - raft.server.leaderelection.leader.step-down.wait-time = 10s (default)
2022-10-18 03:54:42,411 [Listener at 127.0.0.1/35839] INFO  server.RaftServerConfigKeys (ConfUtils.java:logGet(46)) - raft.server.storage.dir = [/home/runner/work/ozone/ozone/hadoop-ozone/integration-test/target/test-dir/MiniOzoneClusterImpl-2682239d-8109-418f-bfce-648431d3ae5d/datanode-2/data/ratis] (custom)
2022-10-18 03:54:42,413 [Listener at 127.0.0.1/35839] INFO  server.XceiverServerGrpc (XceiverServerGrpc.java:<init>(132)) - GrpcServer channel type EpollServerSocketChannel
2022-10-18 03:54:42,415 [Listener at 127.0.0.1/35839] INFO  http.BaseHttpServer (BaseHttpServer.java:newHttpServer2BuilderForOzone(213)) - Starting Web-server for hddsDatanode at: http://0.0.0.0:0
2022-10-18 03:54:42,416 [Listener at 127.0.0.1/35839] INFO  http.BaseHttpServer (BaseHttpServer.java:<init>(108)) - Hadoop Security Enabled: false Ozone Security Enabled: false Ozone HTTP Security Enabled: false 
2022-10-18 03:54:42,417 [Listener at 127.0.0.1/35839] WARN  server.AuthenticationFilter (AuthenticationFilter.java:constructSecretProvider(240)) - Unable to initialize FileSignerSecretProvider, falling back to use random secrets. Reason: Could not read signature secret file: /home/runner/hadoop-http-auth-signature-secret
2022-10-18 03:54:42,417 [Listener at 127.0.0.1/35839] WARN  http.HttpRequestLog (HttpRequestLog.java:getRequestLog(103)) - Jetty request log can only be enabled using Log4j
2022-10-18 03:54:42,419 [Listener at 127.0.0.1/35839] INFO  http.HttpServer2 (HttpServer2.java:addGlobalFilter(1031)) - Added global filter 'safety' (class=org.apache.hadoop.hdds.server.http.HttpServer2$QuotingInputFilter)
2022-10-18 03:54:42,419 [Listener at 127.0.0.1/35839] INFO  http.HttpServer2 (HttpServer2.java:addFilter(1007)) - Added filter static_user_filter (class=org.apache.hadoop.http.lib.StaticUserWebFilter$StaticUserFilter) to context hddsDatanode
2022-10-18 03:54:42,419 [Listener at 127.0.0.1/35839] INFO  http.HttpServer2 (HttpServer2.java:addFilter(1015)) - Added filter static_user_filter (class=org.apache.hadoop.http.lib.StaticUserWebFilter$StaticUserFilter) to context logs
2022-10-18 03:54:42,419 [Listener at 127.0.0.1/35839] INFO  http.HttpServer2 (HttpServer2.java:addFilter(1015)) - Added filter static_user_filter (class=org.apache.hadoop.http.lib.StaticUserWebFilter$StaticUserFilter) to context static
2022-10-18 03:54:42,422 [Listener at 127.0.0.1/35839] INFO  http.HttpServer2 (HttpServer2.java:bindListener(1250)) - Jetty bound to port 42915
2022-10-18 03:54:42,422 [Listener at 127.0.0.1/35839] INFO  server.Server (Server.java:doStart(375)) - jetty-9.4.43.v20210629; built: 2021-06-30T11:07:22.254Z; git: 526006ecfa3af7f1a27ef3a288e2bef7ea9dd7e8; jvm 1.8.0_345-b01
2022-10-18 03:54:42,425 [Listener at 127.0.0.1/35839] INFO  server.session (DefaultSessionIdManager.java:doStart(334)) - DefaultSessionIdManager workerName=node0
2022-10-18 03:54:42,425 [Listener at 127.0.0.1/35839] INFO  server.session (DefaultSessionIdManager.java:doStart(339)) - No SessionScavenger set, using defaults
2022-10-18 03:54:42,425 [Listener at 127.0.0.1/35839] INFO  server.session (HouseKeeper.java:startScavenging(132)) - node0 Scavenging every 600000ms
2022-10-18 03:54:42,426 [Listener at 127.0.0.1/35839] INFO  handler.ContextHandler (ContextHandler.java:doStart(915)) - Started o.e.j.s.ServletContextHandler@801fe56{logs,/logs,file:///home/runner/work/ozone/ozone/hadoop-ozone/integration-test/target/log,AVAILABLE}
2022-10-18 03:54:42,426 [Listener at 127.0.0.1/35839] INFO  handler.ContextHandler (ContextHandler.java:doStart(915)) - Started o.e.j.s.ServletContextHandler@5a9a9155{static,/static,jar:file:/home/runner/.m2/repository/org/apache/ozone/hdds-container-service/1.3.0-SNAPSHOT/hdds-container-service-1.3.0-SNAPSHOT.jar!/webapps/static,AVAILABLE}
2022-10-18 03:54:42,623 [Listener at 127.0.0.1/35839] INFO  handler.ContextHandler (ContextHandler.java:doStart(915)) - Started o.e.j.w.WebAppContext@5d1d8c96{hddsDatanode,/,file:///tmp/jetty-0_0_0_0-42915-hdds-container-service-1_3_0-SNAPSHOT_jar-_-any-3940017094314615066/webapp/,AVAILABLE}{jar:file:/home/runner/.m2/repository/org/apache/ozone/hdds-container-service/1.3.0-SNAPSHOT/hdds-container-service-1.3.0-SNAPSHOT.jar!/webapps/hddsDatanode}
2022-10-18 03:54:42,624 [Listener at 127.0.0.1/35839] INFO  server.AbstractConnector (AbstractConnector.java:doStart(331)) - Started ServerConnector@6c171b61{HTTP/1.1, (http/1.1)}{0.0.0.0:42915}
2022-10-18 03:54:42,625 [Listener at 127.0.0.1/35839] INFO  server.Server (Server.java:doStart(415)) - Started @88313ms
2022-10-18 03:54:42,625 [Listener at 127.0.0.1/35839] WARN  impl.MetricsSystemImpl (MetricsSystemImpl.java:register(279)) - Sink prometheus already exists!
2022-10-18 03:54:42,625 [Listener at 127.0.0.1/35839] INFO  http.BaseHttpServer (BaseHttpServer.java:updateConnectorAddress(333)) - HTTP server of hddsDatanode listening at http://0.0.0.0:42915
2022-10-18 03:54:42,626 [Datanode State Machine Daemon Thread] INFO  statemachine.DatanodeStateMachine (DatanodeStateMachine.java:lambda$startDaemon$0(492)) - Ozone container server started.
2022-10-18 03:54:42,627 [Listener at 127.0.0.1/35839] INFO  ozone.MiniOzoneClusterImpl (MiniOzoneClusterImpl.java:lambda$waitForClusterToBeReady$0(216)) - Waiting for nodes to be ready. Got 0 of 3 DN Heartbeats.
2022-10-18 03:54:42,627 [Listener at 127.0.0.1/35839] INFO  ozone.MiniOzoneClusterImpl (MiniOzoneClusterImpl.java:lambda$waitForClusterToBeReady$0(219)) - Waiting for cluster to exit safe mode
2022-10-18 03:54:42,627 [Listener at 127.0.0.1/35839] INFO  ozone.MiniOzoneClusterImpl (MiniOzoneClusterImpl.java:lambda$waitForClusterToBeReady$0(221)) - SCM became leader
2022-10-18 03:54:42,630 [org.apache.hadoop.util.JvmPauseMonitor$Monitor@4a70bfe] INFO  util.JvmPauseMonitor (JvmPauseMonitor.java:run(188)) - Starting JVM pause monitor
2022-10-18 03:54:42,631 [Datanode State Machine Task Thread - 0] INFO  datanode.InitDatanodeState (InitDatanodeState.java:persistContainerDatanodeDetails(138)) - DatanodeDetails is persisted to /home/runner/work/ozone/ozone/hadoop-ozone/integration-test/target/test-dir/MiniOzoneClusterImpl-2682239d-8109-418f-bfce-648431d3ae5d/datanode-2/meta/datanode.id
2022-10-18 03:54:43,173 [EndpointStateMachine task thread for /0.0.0.0:43069 - 0 ] INFO  ipc.Client (Client.java:handleConnectionFailure(1010)) - Retrying connect to server: 0.0.0.0/0.0.0.0:43069. Already tried 8 time(s); retry policy is RetryUpToMaximumCountWithFixedSleep(maxRetries=15, sleepTime=1000 MILLISECONDS)
2022-10-18 03:54:43,628 [Listener at 127.0.0.1/35839] INFO  ozone.MiniOzoneClusterImpl (MiniOzoneClusterImpl.java:lambda$waitForClusterToBeReady$0(216)) - Waiting for nodes to be ready. Got 0 of 3 DN Heartbeats.
2022-10-18 03:54:43,628 [Listener at 127.0.0.1/35839] INFO  ozone.MiniOzoneClusterImpl (MiniOzoneClusterImpl.java:lambda$waitForClusterToBeReady$0(219)) - Waiting for cluster to exit safe mode
2022-10-18 03:54:43,628 [Listener at 127.0.0.1/35839] INFO  ozone.MiniOzoneClusterImpl (MiniOzoneClusterImpl.java:lambda$waitForClusterToBeReady$0(221)) - SCM became leader
2022-10-18 03:54:43,963 [EndpointStateMachine task thread for /0.0.0.0:44963 - 0 ] INFO  volume.HddsVolume (HddsVolume.java:createDbStore(307)) - SchemaV3 db is created and loaded at /home/runner/work/ozone/ozone/hadoop-ozone/integration-test/target/test-dir/MiniOzoneClusterImpl-2682239d-8109-418f-bfce-648431d3ae5d/datanode-0/data-0/containers/hdds/2682239d-8109-418f-bfce-648431d3ae5d/DS-ee264092-6c92-4a24-a124-d93c3476bf74/container.db for volume DS-ee264092-6c92-4a24-a124-d93c3476bf74
2022-10-18 03:54:43,965 [EndpointStateMachine task thread for /0.0.0.0:44963 - 0 ] INFO  volume.HddsVolume (HddsVolume.java:closeDbStore(338)) - SchemaV3 db is stopped at /home/runner/work/ozone/ozone/hadoop-ozone/integration-test/target/test-dir/MiniOzoneClusterImpl-2682239d-8109-418f-bfce-648431d3ae5d/datanode-0/data-0/containers/hdds/2682239d-8109-418f-bfce-648431d3ae5d/DS-ee264092-6c92-4a24-a124-d93c3476bf74/container.db for volume DS-ee264092-6c92-4a24-a124-d93c3476bf74
2022-10-18 03:54:43,966 [EndpointStateMachine task thread for /0.0.0.0:44963 - 0 ] INFO  ozoneimpl.OzoneContainer (OzoneContainer.java:start(378)) - Attempting to start container services.
2022-10-18 03:54:43,966 [EndpointStateMachine task thread for /0.0.0.0:44963 - 0 ] INFO  ozoneimpl.OzoneContainer (OzoneContainer.java:startContainerScrub(313)) - Background container scanner has been disabled.
2022-10-18 03:54:43,968 [EndpointStateMachine task thread for /0.0.0.0:44963 - 0 ] INFO  replication.ReplicationServer (ReplicationServer.java:start(111)) - ReplicationServer is started using port 46551
2022-10-18 03:54:43,968 [EndpointStateMachine task thread for /0.0.0.0:44963 - 0 ] INFO  ratis.XceiverServerRatis (XceiverServerRatis.java:start(481)) - Starting XceiverServerRatis d4fb79f4-51ff-439e-bcc6-4ee6f991de8e
2022-10-18 03:54:43,969 [EndpointStateMachine task thread for /0.0.0.0:44963 - 0 ] INFO  server.RaftServer (RaftServerProxy.java:lambda$start$6(382)) - d4fb79f4-51ff-439e-bcc6-4ee6f991de8e: start RPC server
2022-10-18 03:54:43,972 [EndpointStateMachine task thread for /0.0.0.0:44963 - 0 ] INFO  server.GrpcService (GrpcService.java:startImpl(260)) - d4fb79f4-51ff-439e-bcc6-4ee6f991de8e: GrpcService started, listening on 45177
2022-10-18 03:54:43,972 [EndpointStateMachine task thread for /0.0.0.0:44963 - 0 ] INFO  ratis.XceiverServerRatis (XceiverServerRatis.java:getRealPort(502)) - XceiverServerRatis d4fb79f4-51ff-439e-bcc6-4ee6f991de8e is started using port 45177 for RATIS
2022-10-18 03:54:43,972 [EndpointStateMachine task thread for /0.0.0.0:44963 - 0 ] INFO  ratis.XceiverServerRatis (XceiverServerRatis.java:getRealPort(502)) - XceiverServerRatis d4fb79f4-51ff-439e-bcc6-4ee6f991de8e is started using port 45177 for RATIS_ADMIN
2022-10-18 03:54:43,972 [org.apache.ratis.util.JvmPauseMonitor$$Lambda$703/726954313@19e5eb30] INFO  util.JvmPauseMonitor (JvmPauseMonitor.java:run(103)) - JvmPauseMonitor-d4fb79f4-51ff-439e-bcc6-4ee6f991de8e: Started
2022-10-18 03:54:43,972 [EndpointStateMachine task thread for /0.0.0.0:44963 - 0 ] INFO  ratis.XceiverServerRatis (XceiverServerRatis.java:getRealPort(502)) - XceiverServerRatis d4fb79f4-51ff-439e-bcc6-4ee6f991de8e is started using port 45177 for RATIS_SERVER
2022-10-18 03:54:43,974 [EndpointStateMachine task thread for /0.0.0.0:44963 - 0 ] INFO  server.XceiverServerGrpc (XceiverServerGrpc.java:start(180)) - XceiverServerGrpc d4fb79f4-51ff-439e-bcc6-4ee6f991de8e is started using port 42901
2022-10-18 03:54:44,174 [EndpointStateMachine task thread for /0.0.0.0:43069 - 0 ] INFO  ipc.Client (Client.java:handleConnectionFailure(1010)) - Retrying connect to server: 0.0.0.0/0.0.0.0:43069. Already tried 9 time(s); retry policy is RetryUpToMaximumCountWithFixedSleep(maxRetries=15, sleepTime=1000 MILLISECONDS)
2022-10-18 03:54:44,330 [EndpointStateMachine task thread for /0.0.0.0:44963 - 0 ] INFO  volume.HddsVolume (HddsVolume.java:createDbStore(307)) - SchemaV3 db is created and loaded at /home/runner/work/ozone/ozone/hadoop-ozone/integration-test/target/test-dir/MiniOzoneClusterImpl-2682239d-8109-418f-bfce-648431d3ae5d/datanode-1/data-0/containers/hdds/2682239d-8109-418f-bfce-648431d3ae5d/DS-cd62b3ce-d271-47c7-9e0e-1eb816a7a042/container.db for volume DS-cd62b3ce-d271-47c7-9e0e-1eb816a7a042
2022-10-18 03:54:44,330 [EndpointStateMachine task thread for /0.0.0.0:44963 - 0 ] INFO  volume.HddsVolume (HddsVolume.java:closeDbStore(338)) - SchemaV3 db is stopped at /home/runner/work/ozone/ozone/hadoop-ozone/integration-test/target/test-dir/MiniOzoneClusterImpl-2682239d-8109-418f-bfce-648431d3ae5d/datanode-1/data-0/containers/hdds/2682239d-8109-418f-bfce-648431d3ae5d/DS-cd62b3ce-d271-47c7-9e0e-1eb816a7a042/container.db for volume DS-cd62b3ce-d271-47c7-9e0e-1eb816a7a042
2022-10-18 03:54:44,330 [EndpointStateMachine task thread for /0.0.0.0:44963 - 0 ] INFO  ozoneimpl.OzoneContainer (OzoneContainer.java:start(378)) - Attempting to start container services.
2022-10-18 03:54:44,331 [EndpointStateMachine task thread for /0.0.0.0:44963 - 0 ] INFO  ozoneimpl.OzoneContainer (OzoneContainer.java:startContainerScrub(313)) - Background container scanner has been disabled.
2022-10-18 03:54:44,333 [EndpointStateMachine task thread for /0.0.0.0:44963 - 0 ] INFO  replication.ReplicationServer (ReplicationServer.java:start(111)) - ReplicationServer is started using port 35371
2022-10-18 03:54:44,334 [EndpointStateMachine task thread for /0.0.0.0:44963 - 0 ] INFO  ratis.XceiverServerRatis (XceiverServerRatis.java:start(481)) - Starting XceiverServerRatis bf918f47-46e4-4489-b5fc-5f9d222f6194
2022-10-18 03:54:44,335 [EndpointStateMachine task thread for /0.0.0.0:44963 - 0 ] INFO  server.RaftServer (RaftServerProxy.java:lambda$start$6(382)) - bf918f47-46e4-4489-b5fc-5f9d222f6194: start RPC server
2022-10-18 03:54:44,338 [EndpointStateMachine task thread for /0.0.0.0:44963 - 0 ] INFO  server.GrpcService (GrpcService.java:startImpl(260)) - bf918f47-46e4-4489-b5fc-5f9d222f6194: GrpcService started, listening on 40087
2022-10-18 03:54:44,339 [EndpointStateMachine task thread for /0.0.0.0:44963 - 0 ] INFO  ratis.XceiverServerRatis (XceiverServerRatis.java:getRealPort(502)) - XceiverServerRatis bf918f47-46e4-4489-b5fc-5f9d222f6194 is started using port 40087 for RATIS
2022-10-18 03:54:44,339 [EndpointStateMachine task thread for /0.0.0.0:44963 - 0 ] INFO  ratis.XceiverServerRatis (XceiverServerRatis.java:getRealPort(502)) - XceiverServerRatis bf918f47-46e4-4489-b5fc-5f9d222f6194 is started using port 40087 for RATIS_ADMIN
2022-10-18 03:54:44,339 [org.apache.ratis.util.JvmPauseMonitor$$Lambda$703/726954313@5d5c4e53] INFO  util.JvmPauseMonitor (JvmPauseMonitor.java:run(103)) - JvmPauseMonitor-bf918f47-46e4-4489-b5fc-5f9d222f6194: Started
2022-10-18 03:54:44,339 [EndpointStateMachine task thread for /0.0.0.0:44963 - 0 ] INFO  ratis.XceiverServerRatis (XceiverServerRatis.java:getRealPort(502)) - XceiverServerRatis bf918f47-46e4-4489-b5fc-5f9d222f6194 is started using port 40087 for RATIS_SERVER
2022-10-18 03:54:44,342 [EndpointStateMachine task thread for /0.0.0.0:44963 - 0 ] INFO  server.XceiverServerGrpc (XceiverServerGrpc.java:start(180)) - XceiverServerGrpc bf918f47-46e4-4489-b5fc-5f9d222f6194 is started using port 41753
2022-10-18 03:54:44,629 [Listener at 127.0.0.1/35839] INFO  ozone.MiniOzoneClusterImpl (MiniOzoneClusterImpl.java:lambda$waitForClusterToBeReady$0(216)) - Waiting for nodes to be ready. Got 0 of 3 DN Heartbeats.
2022-10-18 03:54:44,629 [Listener at 127.0.0.1/35839] INFO  ozone.MiniOzoneClusterImpl (MiniOzoneClusterImpl.java:lambda$waitForClusterToBeReady$0(219)) - Waiting for cluster to exit safe mode
2022-10-18 03:54:44,629 [Listener at 127.0.0.1/35839] INFO  ozone.MiniOzoneClusterImpl (MiniOzoneClusterImpl.java:lambda$waitForClusterToBeReady$0(221)) - SCM became leader
2022-10-18 03:54:44,668 [EndpointStateMachine task thread for /0.0.0.0:44963 - 0 ] INFO  volume.HddsVolume (HddsVolume.java:createDbStore(307)) - SchemaV3 db is created and loaded at /home/runner/work/ozone/ozone/hadoop-ozone/integration-test/target/test-dir/MiniOzoneClusterImpl-2682239d-8109-418f-bfce-648431d3ae5d/datanode-2/data-0/containers/hdds/2682239d-8109-418f-bfce-648431d3ae5d/DS-798140ab-bd5a-464c-aa30-3466fda3c977/container.db for volume DS-798140ab-bd5a-464c-aa30-3466fda3c977
2022-10-18 03:54:44,671 [EndpointStateMachine task thread for /0.0.0.0:44963 - 0 ] INFO  volume.HddsVolume (HddsVolume.java:closeDbStore(338)) - SchemaV3 db is stopped at /home/runner/work/ozone/ozone/hadoop-ozone/integration-test/target/test-dir/MiniOzoneClusterImpl-2682239d-8109-418f-bfce-648431d3ae5d/datanode-2/data-0/containers/hdds/2682239d-8109-418f-bfce-648431d3ae5d/DS-798140ab-bd5a-464c-aa30-3466fda3c977/container.db for volume DS-798140ab-bd5a-464c-aa30-3466fda3c977
2022-10-18 03:54:44,671 [EndpointStateMachine task thread for /0.0.0.0:44963 - 0 ] INFO  ozoneimpl.OzoneContainer (OzoneContainer.java:start(378)) - Attempting to start container services.
2022-10-18 03:54:44,672 [EndpointStateMachine task thread for /0.0.0.0:44963 - 0 ] INFO  ozoneimpl.OzoneContainer (OzoneContainer.java:startContainerScrub(313)) - Background container scanner has been disabled.
2022-10-18 03:54:44,674 [EndpointStateMachine task thread for /0.0.0.0:44963 - 0 ] INFO  replication.ReplicationServer (ReplicationServer.java:start(111)) - ReplicationServer is started using port 38373
2022-10-18 03:54:44,675 [EndpointStateMachine task thread for /0.0.0.0:44963 - 0 ] INFO  ratis.XceiverServerRatis (XceiverServerRatis.java:start(481)) - Starting XceiverServerRatis d9a4f769-630a-47d2-b95a-61308b2125ef
2022-10-18 03:54:44,679 [EndpointStateMachine task thread for /0.0.0.0:44963 - 0 ] INFO  server.RaftServer (RaftServerProxy.java:lambda$start$6(382)) - d9a4f769-630a-47d2-b95a-61308b2125ef: start RPC server
2022-10-18 03:54:44,681 [EndpointStateMachine task thread for /0.0.0.0:44963 - 0 ] INFO  server.GrpcService (GrpcService.java:startImpl(260)) - d9a4f769-630a-47d2-b95a-61308b2125ef: GrpcService started, listening on 34659
2022-10-18 03:54:44,682 [EndpointStateMachine task thread for /0.0.0.0:44963 - 0 ] INFO  ratis.XceiverServerRatis (XceiverServerRatis.java:getRealPort(502)) - XceiverServerRatis d9a4f769-630a-47d2-b95a-61308b2125ef is started using port 34659 for RATIS
2022-10-18 03:54:44,682 [org.apache.ratis.util.JvmPauseMonitor$$Lambda$703/726954313@153439ce] INFO  util.JvmPauseMonitor (JvmPauseMonitor.java:run(103)) - JvmPauseMonitor-d9a4f769-630a-47d2-b95a-61308b2125ef: Started
2022-10-18 03:54:44,682 [EndpointStateMachine task thread for /0.0.0.0:44963 - 0 ] INFO  ratis.XceiverServerRatis (XceiverServerRatis.java:getRealPort(502)) - XceiverServerRatis d9a4f769-630a-47d2-b95a-61308b2125ef is started using port 34659 for RATIS_ADMIN
2022-10-18 03:54:44,682 [EndpointStateMachine task thread for /0.0.0.0:44963 - 0 ] INFO  ratis.XceiverServerRatis (XceiverServerRatis.java:getRealPort(502)) - XceiverServerRatis d9a4f769-630a-47d2-b95a-61308b2125ef is started using port 34659 for RATIS_SERVER
2022-10-18 03:54:44,687 [EndpointStateMachine task thread for /0.0.0.0:44963 - 0 ] INFO  server.XceiverServerGrpc (XceiverServerGrpc.java:start(180)) - XceiverServerGrpc d9a4f769-630a-47d2-b95a-61308b2125ef is started using port 33095
2022-10-18 03:54:45,175 [EndpointStateMachine task thread for /0.0.0.0:43069 - 0 ] INFO  ipc.Client (Client.java:handleConnectionFailure(1010)) - Retrying connect to server: 0.0.0.0/0.0.0.0:43069. Already tried 10 time(s); retry policy is RetryUpToMaximumCountWithFixedSleep(maxRetries=15, sleepTime=1000 MILLISECONDS)
2022-10-18 03:54:45,629 [Listener at 127.0.0.1/35839] INFO  ozone.MiniOzoneClusterImpl (MiniOzoneClusterImpl.java:lambda$waitForClusterToBeReady$0(216)) - Waiting for nodes to be ready. Got 0 of 3 DN Heartbeats.
2022-10-18 03:54:45,630 [Listener at 127.0.0.1/35839] INFO  ozone.MiniOzoneClusterImpl (MiniOzoneClusterImpl.java:lambda$waitForClusterToBeReady$0(219)) - Waiting for cluster to exit safe mode
2022-10-18 03:54:45,630 [Listener at 127.0.0.1/35839] INFO  ozone.MiniOzoneClusterImpl (MiniOzoneClusterImpl.java:lambda$waitForClusterToBeReady$0(221)) - SCM became leader
2022-10-18 03:54:45,916 [IPC Server handler 1 on default port 44963] INFO  net.NetworkTopologyImpl (NetworkTopologyImpl.java:add(112)) - Added a new node: /default-rack/d4fb79f4-51ff-439e-bcc6-4ee6f991de8e
2022-10-18 03:54:45,917 [IPC Server handler 1 on default port 44963] INFO  node.SCMNodeManager (SCMNodeManager.java:register(397)) - Registered Data node : d4fb79f4-51ff-439e-bcc6-4ee6f991de8e{ip: 10.1.0.75, host: fv-az573-760.uspngagyt4suddso0aj1djjezg.dx.internal.cloudapp.net, ports: [REPLICATION=46551, RATIS=45177, RATIS_ADMIN=45177, RATIS_SERVER=45177, STANDALONE=42901], networkLocation: /default-rack, certSerialId: null, persistedOpState: null, persistedOpStateExpiryEpochSec: 0}
2022-10-18 03:54:45,922 [EventQueue-NewNodeForNewNodeHandler] INFO  pipeline.BackgroundPipelineCreator (BackgroundPipelineCreator.java:notifyEventTriggered(276)) - trigger a one-shot run on RatisPipelineUtilsThread.
2022-10-18 03:54:45,923 [RatisPipelineUtilsThread - 0] INFO  pipeline.RatisPipelineProvider (RatisPipelineProvider.java:lambda$create$0(195)) - Sending CreatePipelineCommand for pipeline:PipelineID=e56db3b9-a7bd-4ab4-bdbb-f7c940df3332 to datanode:d4fb79f4-51ff-439e-bcc6-4ee6f991de8e
2022-10-18 03:54:45,923 [EventQueue-NodeRegistrationContainerReportForContainerSafeModeRule] INFO  safemode.SCMSafeModeManager (SCMSafeModeManager.java:validateSafeModeExitRules(204)) - ContainerSafeModeRule rule is successfully validated
2022-10-18 03:54:45,923 [EventQueue-NodeRegistrationContainerReportForDataNodeSafeModeRule] INFO  safemode.SCMSafeModeManager (DataNodeSafeModeRule.java:process(71)) - SCM in safe mode. 1 DataNodes registered, 3 required.
2022-10-18 03:54:45,924 [RatisPipelineUtilsThread - 0] INFO  pipeline.PipelineStateManagerImpl (PipelineStateManagerImpl.java:addPipeline(103)) - Created pipeline Pipeline[ Id: e56db3b9-a7bd-4ab4-bdbb-f7c940df3332, Nodes: d4fb79f4-51ff-439e-bcc6-4ee6f991de8e{ip: 10.1.0.75, host: fv-az573-760.uspngagyt4suddso0aj1djjezg.dx.internal.cloudapp.net, ports: [REPLICATION=46551, RATIS=45177, RATIS_ADMIN=45177, RATIS_SERVER=45177, STANDALONE=42901], networkLocation: /default-rack, certSerialId: null, persistedOpState: IN_SERVICE, persistedOpStateExpiryEpochSec: 0}, ReplicationConfig: RATIS/ONE, State:ALLOCATED, leaderId:, CreationTimestamp2022-10-18T03:54:45.923Z[Etc/UTC]].
2022-10-18 03:54:45,926 [EventQueue-PipelineReportForOneReplicaPipelineSafeModeRule] INFO  safemode.SCMSafeModeManager (SCMSafeModeManager.java:validateSafeModeExitRules(204)) - AtleastOneDatanodeReportedRule rule is successfully validated
2022-10-18 03:54:46,175 [EndpointStateMachine task thread for /0.0.0.0:43069 - 0 ] INFO  ipc.Client (Client.java:handleConnectionFailure(1010)) - Retrying connect to server: 0.0.0.0/0.0.0.0:43069. Already tried 11 time(s); retry policy is RetryUpToMaximumCountWithFixedSleep(maxRetries=15, sleepTime=1000 MILLISECONDS)
2022-10-18 03:54:46,287 [IPC Server handler 2 on default port 44963] INFO  net.NetworkTopologyImpl (NetworkTopologyImpl.java:add(112)) - Added a new node: /default-rack/bf918f47-46e4-4489-b5fc-5f9d222f6194
2022-10-18 03:54:46,287 [IPC Server handler 2 on default port 44963] INFO  node.SCMNodeManager (SCMNodeManager.java:register(397)) - Registered Data node : bf918f47-46e4-4489-b5fc-5f9d222f6194{ip: 10.1.0.75, host: fv-az573-760.uspngagyt4suddso0aj1djjezg.dx.internal.cloudapp.net, ports: [REPLICATION=35371, RATIS=40087, RATIS_ADMIN=40087, RATIS_SERVER=40087, STANDALONE=41753], networkLocation: /default-rack, certSerialId: null, persistedOpState: null, persistedOpStateExpiryEpochSec: 0}
2022-10-18 03:54:46,288 [EventQueue-NodeRegistrationContainerReportForDataNodeSafeModeRule] INFO  safemode.SCMSafeModeManager (DataNodeSafeModeRule.java:process(71)) - SCM in safe mode. 2 DataNodes registered, 3 required.
2022-10-18 03:54:46,289 [EventQueue-NewNodeForNewNodeHandler] INFO  pipeline.BackgroundPipelineCreator (BackgroundPipelineCreator.java:notifyEventTriggered(276)) - trigger a one-shot run on RatisPipelineUtilsThread.
2022-10-18 03:54:46,289 [RatisPipelineUtilsThread - 0] INFO  pipeline.RatisPipelineProvider (RatisPipelineProvider.java:lambda$create$0(195)) - Sending CreatePipelineCommand for pipeline:PipelineID=f042214e-ecab-4c4b-ba5a-69d72c5dbfda to datanode:bf918f47-46e4-4489-b5fc-5f9d222f6194
2022-10-18 03:54:46,290 [RatisPipelineUtilsThread - 0] INFO  pipeline.PipelineStateManagerImpl (PipelineStateManagerImpl.java:addPipeline(103)) - Created pipeline Pipeline[ Id: f042214e-ecab-4c4b-ba5a-69d72c5dbfda, Nodes: bf918f47-46e4-4489-b5fc-5f9d222f6194{ip: 10.1.0.75, host: fv-az573-760.uspngagyt4suddso0aj1djjezg.dx.internal.cloudapp.net, ports: [REPLICATION=35371, RATIS=40087, RATIS_ADMIN=40087, RATIS_SERVER=40087, STANDALONE=41753], networkLocation: /default-rack, certSerialId: null, persistedOpState: IN_SERVICE, persistedOpStateExpiryEpochSec: 0}, ReplicationConfig: RATIS/ONE, State:ALLOCATED, leaderId:, CreationTimestamp2022-10-18T03:54:46.289Z[Etc/UTC]].
2022-10-18 03:54:46,630 [Listener at 127.0.0.1/35839] INFO  ozone.MiniOzoneClusterImpl (MiniOzoneClusterImpl.java:lambda$waitForClusterToBeReady$0(216)) - Waiting for nodes to be ready. Got 2 of 3 DN Heartbeats.
2022-10-18 03:54:46,631 [Listener at 127.0.0.1/35839] INFO  ozone.MiniOzoneClusterImpl (MiniOzoneClusterImpl.java:lambda$waitForClusterToBeReady$0(219)) - Waiting for cluster to exit safe mode
2022-10-18 03:54:46,631 [Listener at 127.0.0.1/35839] INFO  ozone.MiniOzoneClusterImpl (MiniOzoneClusterImpl.java:lambda$waitForClusterToBeReady$0(221)) - SCM became leader
2022-10-18 03:54:46,631 [IPC Server handler 0 on default port 44963] INFO  net.NetworkTopologyImpl (NetworkTopologyImpl.java:add(112)) - Added a new node: /default-rack/d9a4f769-630a-47d2-b95a-61308b2125ef
2022-10-18 03:54:46,632 [IPC Server handler 0 on default port 44963] INFO  node.SCMNodeManager (SCMNodeManager.java:register(397)) - Registered Data node : d9a4f769-630a-47d2-b95a-61308b2125ef{ip: 10.1.0.75, host: fv-az573-760.uspngagyt4suddso0aj1djjezg.dx.internal.cloudapp.net, ports: [REPLICATION=38373, RATIS=34659, RATIS_ADMIN=34659, RATIS_SERVER=34659, STANDALONE=33095], networkLocation: /default-rack, certSerialId: null, persistedOpState: null, persistedOpStateExpiryEpochSec: 0}
2022-10-18 03:54:46,632 [EventQueue-NewNodeForNewNodeHandler] INFO  pipeline.BackgroundPipelineCreator (BackgroundPipelineCreator.java:notifyEventTriggered(276)) - trigger a one-shot run on RatisPipelineUtilsThread.
2022-10-18 03:54:46,632 [EventQueue-NodeRegistrationContainerReportForDataNodeSafeModeRule] INFO  safemode.SCMSafeModeManager (DataNodeSafeModeRule.java:process(71)) - SCM in safe mode. 3 DataNodes registered, 3 required.
2022-10-18 03:54:46,632 [EventQueue-NodeRegistrationContainerReportForDataNodeSafeModeRule] INFO  safemode.SCMSafeModeManager (SCMSafeModeManager.java:validateSafeModeExitRules(204)) - DataNodeSafeModeRule rule is successfully validated
2022-10-18 03:54:46,632 [EventQueue-NodeRegistrationContainerReportForDataNodeSafeModeRule] INFO  safemode.SCMSafeModeManager (SCMSafeModeManager.java:completePreCheck(233)) - All SCM safe mode pre check rules have passed
2022-10-18 03:54:46,632 [EventQueue-NodeRegistrationContainerReportForDataNodeSafeModeRule] WARN  events.EventQueue (EventQueue.java:fireEvent(216)) - No event handler registered for event TypedEvent{payloadType=SafeModeStatus, name='Safe mode status'}
2022-10-18 03:54:46,632 [EventQueue-NodeRegistrationContainerReportForDataNodeSafeModeRule] INFO  ha.SCMContext (SCMContext.java:updateSafeModeStatus(228)) - Update SafeModeStatus from SafeModeStatus{safeModeStatus=true, preCheckPassed=false} to SafeModeStatus{safeModeStatus=true, preCheckPassed=true}.
2022-10-18 03:54:46,632 [EventQueue-NodeRegistrationContainerReportForDataNodeSafeModeRule] INFO  pipeline.BackgroundPipelineCreator (BackgroundPipelineCreator.java:notifyEventTriggered(276)) - trigger a one-shot run on RatisPipelineUtilsThread.
2022-10-18 03:54:46,633 [RatisPipelineUtilsThread - 0] INFO  pipeline.RatisPipelineProvider (RatisPipelineProvider.java:lambda$create$0(195)) - Sending CreatePipelineCommand for pipeline:PipelineID=52d092b2-29eb-439c-8b54-247900f06c9e to datanode:d9a4f769-630a-47d2-b95a-61308b2125ef
2022-10-18 03:54:46,633 [RatisPipelineUtilsThread - 0] INFO  pipeline.PipelineStateManagerImpl (PipelineStateManagerImpl.java:addPipeline(103)) - Created pipeline Pipeline[ Id: 52d092b2-29eb-439c-8b54-247900f06c9e, Nodes: d9a4f769-630a-47d2-b95a-61308b2125ef{ip: 10.1.0.75, host: fv-az573-760.uspngagyt4suddso0aj1djjezg.dx.internal.cloudapp.net, ports: [REPLICATION=38373, RATIS=34659, RATIS_ADMIN=34659, RATIS_SERVER=34659, STANDALONE=33095], networkLocation: /default-rack, certSerialId: null, persistedOpState: IN_SERVICE, persistedOpStateExpiryEpochSec: 0}, ReplicationConfig: RATIS/ONE, State:ALLOCATED, leaderId:, CreationTimestamp2022-10-18T03:54:46.633Z[Etc/UTC]].
2022-10-18 03:54:46,634 [RatisPipelineUtilsThread - 0] INFO  pipeline.RatisPipelineProvider (RatisPipelineProvider.java:lambda$create$0(195)) - Sending CreatePipelineCommand for pipeline:PipelineID=1e62d72a-f0f6-4db0-881b-9a29fccc6d85 to datanode:bf918f47-46e4-4489-b5fc-5f9d222f6194
2022-10-18 03:54:46,635 [RatisPipelineUtilsThread - 0] INFO  pipeline.RatisPipelineProvider (RatisPipelineProvider.java:lambda$create$0(195)) - Sending CreatePipelineCommand for pipeline:PipelineID=1e62d72a-f0f6-4db0-881b-9a29fccc6d85 to datanode:d4fb79f4-51ff-439e-bcc6-4ee6f991de8e
2022-10-18 03:54:46,635 [RatisPipelineUtilsThread - 0] INFO  pipeline.RatisPipelineProvider (RatisPipelineProvider.java:lambda$create$0(195)) - Sending CreatePipelineCommand for pipeline:PipelineID=1e62d72a-f0f6-4db0-881b-9a29fccc6d85 to datanode:d9a4f769-630a-47d2-b95a-61308b2125ef
2022-10-18 03:54:46,635 [RatisPipelineUtilsThread - 0] INFO  pipeline.PipelineStateManagerImpl (PipelineStateManagerImpl.java:addPipeline(103)) - Created pipeline Pipeline[ Id: 1e62d72a-f0f6-4db0-881b-9a29fccc6d85, Nodes: bf918f47-46e4-4489-b5fc-5f9d222f6194{ip: 10.1.0.75, host: fv-az573-760.uspngagyt4suddso0aj1djjezg.dx.internal.cloudapp.net, ports: [REPLICATION=35371, RATIS=40087, RATIS_ADMIN=40087, RATIS_SERVER=40087, STANDALONE=41753], networkLocation: /default-rack, certSerialId: null, persistedOpState: IN_SERVICE, persistedOpStateExpiryEpochSec: 0}d4fb79f4-51ff-439e-bcc6-4ee6f991de8e{ip: 10.1.0.75, host: fv-az573-760.uspngagyt4suddso0aj1djjezg.dx.internal.cloudapp.net, ports: [REPLICATION=46551, RATIS=45177, RATIS_ADMIN=45177, RATIS_SERVER=45177, STANDALONE=42901], networkLocation: /default-rack, certSerialId: null, persistedOpState: IN_SERVICE, persistedOpStateExpiryEpochSec: 0}d9a4f769-630a-47d2-b95a-61308b2125ef{ip: 10.1.0.75, host: fv-az573-760.uspngagyt4suddso0aj1djjezg.dx.internal.cloudapp.net, ports: [REPLICATION=38373, RATIS=34659, RATIS_ADMIN=34659, RATIS_SERVER=34659, STANDALONE=33095], networkLocation: /default-rack, certSerialId: null, persistedOpState: IN_SERVICE, persistedOpStateExpiryEpochSec: 0}, ReplicationConfig: RATIS/THREE, State:ALLOCATED, leaderId:, CreationTimestamp2022-10-18T03:54:46.634Z[Etc/UTC]].
2022-10-18 03:54:46,636 [RatisPipelineUtilsThread - 0] INFO  pipeline.RatisPipelineProvider (RatisPipelineProvider.java:lambda$create$0(195)) - Sending CreatePipelineCommand for pipeline:PipelineID=179014d7-0175-44ec-8931-1db3d83be794 to datanode:bf918f47-46e4-4489-b5fc-5f9d222f6194
2022-10-18 03:54:46,636 [RatisPipelineUtilsThread - 0] INFO  pipeline.RatisPipelineProvider (RatisPipelineProvider.java:lambda$create$0(195)) - Sending CreatePipelineCommand for pipeline:PipelineID=179014d7-0175-44ec-8931-1db3d83be794 to datanode:d4fb79f4-51ff-439e-bcc6-4ee6f991de8e
2022-10-18 03:54:46,636 [RatisPipelineUtilsThread - 0] INFO  pipeline.RatisPipelineProvider (RatisPipelineProvider.java:lambda$create$0(195)) - Sending CreatePipelineCommand for pipeline:PipelineID=179014d7-0175-44ec-8931-1db3d83be794 to datanode:d9a4f769-630a-47d2-b95a-61308b2125ef
2022-10-18 03:54:46,636 [RatisPipelineUtilsThread - 0] INFO  pipeline.PipelineStateManagerImpl (PipelineStateManagerImpl.java:addPipeline(103)) - Created pipeline Pipeline[ Id: 179014d7-0175-44ec-8931-1db3d83be794, Nodes: bf918f47-46e4-4489-b5fc-5f9d222f6194{ip: 10.1.0.75, host: fv-az573-760.uspngagyt4suddso0aj1djjezg.dx.internal.cloudapp.net, ports: [REPLICATION=35371, RATIS=40087, RATIS_ADMIN=40087, RATIS_SERVER=40087, STANDALONE=41753], networkLocation: /default-rack, certSerialId: null, persistedOpState: IN_SERVICE, persistedOpStateExpiryEpochSec: 0}d4fb79f4-51ff-439e-bcc6-4ee6f991de8e{ip: 10.1.0.75, host: fv-az573-760.uspngagyt4suddso0aj1djjezg.dx.internal.cloudapp.net, ports: [REPLICATION=46551, RATIS=45177, RATIS_ADMIN=45177, RATIS_SERVER=45177, STANDALONE=42901], networkLocation: /default-rack, certSerialId: null, persistedOpState: IN_SERVICE, persistedOpStateExpiryEpochSec: 0}d9a4f769-630a-47d2-b95a-61308b2125ef{ip: 10.1.0.75, host: fv-az573-760.uspngagyt4suddso0aj1djjezg.dx.internal.cloudapp.net, ports: [REPLICATION=38373, RATIS=34659, RATIS_ADMIN=34659, RATIS_SERVER=34659, STANDALONE=33095], networkLocation: /default-rack, certSerialId: null, persistedOpState: IN_SERVICE, persistedOpStateExpiryEpochSec: 0}, ReplicationConfig: RATIS/THREE, State:ALLOCATED, leaderId:, CreationTimestamp2022-10-18T03:54:46.636Z[Etc/UTC]].
2022-10-18 03:54:46,636 [RatisPipelineUtilsThread - 0] INFO  pipeline.PipelineManagerImpl (PipelineManagerImpl.java:recordMetricsForPipeline(796)) - Pipeline: PipelineID=179014d7-0175-44ec-8931-1db3d83be794 contains same datanodes as previous pipelines: PipelineID=1e62d72a-f0f6-4db0-881b-9a29fccc6d85 nodeIds: bf918f47-46e4-4489-b5fc-5f9d222f6194, d4fb79f4-51ff-439e-bcc6-4ee6f991de8e, d9a4f769-630a-47d2-b95a-61308b2125ef
2022-10-18 03:54:47,176 [EndpointStateMachine task thread for /0.0.0.0:43069 - 0 ] INFO  ipc.Client (Client.java:handleConnectionFailure(1010)) - Retrying connect to server: 0.0.0.0/0.0.0.0:43069. Already tried 12 time(s); retry policy is RetryUpToMaximumCountWithFixedSleep(maxRetries=15, sleepTime=1000 MILLISECONDS)
2022-10-18 03:54:47,631 [Listener at 127.0.0.1/35839] INFO  ozone.MiniOzoneClusterImpl (MiniOzoneClusterImpl.java:lambda$waitForClusterToBeReady$0(216)) - Nodes are ready. Got 3 of 3 DN Heartbeats.
2022-10-18 03:54:47,631 [Listener at 127.0.0.1/35839] INFO  ozone.MiniOzoneClusterImpl (MiniOzoneClusterImpl.java:lambda$waitForClusterToBeReady$0(219)) - Waiting for cluster to exit safe mode
2022-10-18 03:54:47,631 [Listener at 127.0.0.1/35839] INFO  ozone.MiniOzoneClusterImpl (MiniOzoneClusterImpl.java:lambda$waitForClusterToBeReady$0(221)) - SCM became leader
2022-10-18 03:54:48,177 [EndpointStateMachine task thread for /0.0.0.0:43069 - 0 ] INFO  ipc.Client (Client.java:handleConnectionFailure(1010)) - Retrying connect to server: 0.0.0.0/0.0.0.0:43069. Already tried 13 time(s); retry policy is RetryUpToMaximumCountWithFixedSleep(maxRetries=15, sleepTime=1000 MILLISECONDS)
2022-10-18 03:54:48,632 [Listener at 127.0.0.1/35839] INFO  ozone.MiniOzoneClusterImpl (MiniOzoneClusterImpl.java:lambda$waitForClusterToBeReady$0(216)) - Nodes are ready. Got 3 of 3 DN Heartbeats.
2022-10-18 03:54:48,632 [Listener at 127.0.0.1/35839] INFO  ozone.MiniOzoneClusterImpl (MiniOzoneClusterImpl.java:lambda$waitForClusterToBeReady$0(219)) - Waiting for cluster to exit safe mode
2022-10-18 03:54:48,632 [Listener at 127.0.0.1/35839] INFO  ozone.MiniOzoneClusterImpl (MiniOzoneClusterImpl.java:lambda$waitForClusterToBeReady$0(221)) - SCM became leader
2022-10-18 03:54:48,916 [Command processor thread] INFO  server.RaftServer (RaftServerProxy.java:addNew(96)) - d4fb79f4-51ff-439e-bcc6-4ee6f991de8e: addNew group-F7C940DF3332:[d4fb79f4-51ff-439e-bcc6-4ee6f991de8e|rpc:10.1.0.75:45177|priority:1] returns group-F7C940DF3332:java.util.concurrent.CompletableFuture@271f8604[Not completed]
2022-10-18 03:54:48,918 [pool-677-thread-1] INFO  server.RaftServer$Division (RaftServerImpl.java:<init>(190)) - d4fb79f4-51ff-439e-bcc6-4ee6f991de8e: new RaftServerImpl for group-F7C940DF3332:[d4fb79f4-51ff-439e-bcc6-4ee6f991de8e|rpc:10.1.0.75:45177|priority:1] with ContainerStateMachine:uninitialized
2022-10-18 03:54:48,918 [pool-677-thread-1] INFO  server.RaftServerConfigKeys (ConfUtils.java:logGet(46)) - raft.server.rpc.timeout.min = 5s (custom)
2022-10-18 03:54:48,918 [pool-677-thread-1] INFO  server.RaftServerConfigKeys (ConfUtils.java:logGet(46)) - raft.server.rpc.timeout.max = 5200ms (custom)
2022-10-18 03:54:48,918 [pool-677-thread-1] INFO  server.RaftServerConfigKeys (ConfUtils.java:logGet(46)) - raft.server.rpc.sleep.time = 25ms (default)
2022-10-18 03:54:48,918 [pool-677-thread-1] INFO  server.RaftServerConfigKeys (ConfUtils.java:logGet(46)) - raft.server.rpc.slowness.timeout = 300s (custom)
2022-10-18 03:54:48,918 [pool-677-thread-1] INFO  server.RaftServerConfigKeys (ConfUtils.java:logGet(46)) - raft.server.leaderelection.leader.step-down.wait-time = 10s (default)
2022-10-18 03:54:48,918 [pool-677-thread-1] INFO  server.RaftServerConfigKeys (ConfUtils.java:logGet(46)) - raft.server.sleep.deviation.threshold = 300ms (default)
2022-10-18 03:54:48,919 [pool-677-thread-1] INFO  server.RaftServer$Division (ServerState.java:<init>(107)) - d4fb79f4-51ff-439e-bcc6-4ee6f991de8e@group-F7C940DF3332: ConfigurationManager, init=-1: [d4fb79f4-51ff-439e-bcc6-4ee6f991de8e|rpc:10.1.0.75:45177|priority:1], old=null, confs=<EMPTY_MAP>
2022-10-18 03:54:48,919 [pool-677-thread-1] INFO  server.RaftServerConfigKeys (ConfUtils.java:logGet(46)) - raft.server.storage.dir = [/home/runner/work/ozone/ozone/hadoop-ozone/integration-test/target/test-dir/MiniOzoneClusterImpl-2682239d-8109-418f-bfce-648431d3ae5d/datanode-0/data/ratis] (custom)
2022-10-18 03:54:48,919 [pool-677-thread-1] INFO  server.RaftServerConfigKeys (ConfUtils.java:logGet(46)) - raft.server.log.corruption.policy = EXCEPTION (default)
2022-10-18 03:54:48,919 [pool-677-thread-1] INFO  server.RaftServerConfigKeys (ConfUtils.java:logGet(46)) - raft.server.storage.free-space.min = 0MB (=0) (default)
2022-10-18 03:54:48,919 [pool-677-thread-1] INFO  storage.RaftStorageDirectory (RaftStorageDirectoryImpl.java:analyzeStorage(135)) - The storage directory /home/runner/work/ozone/ozone/hadoop-ozone/integration-test/target/test-dir/MiniOzoneClusterImpl-2682239d-8109-418f-bfce-648431d3ae5d/datanode-0/data/ratis/e56db3b9-a7bd-4ab4-bdbb-f7c940df3332 does not exist. Creating ...
2022-10-18 03:54:48,920 [pool-677-thread-1] INFO  storage.RaftStorageDirectory (RaftStorageDirectoryImpl.java:tryLock(230)) - Lock on /home/runner/work/ozone/ozone/hadoop-ozone/integration-test/target/test-dir/MiniOzoneClusterImpl-2682239d-8109-418f-bfce-648431d3ae5d/datanode-0/data/ratis/e56db3b9-a7bd-4ab4-bdbb-f7c940df3332/in_use.lock acquired by nodename 30743@fv-az573-760
2022-10-18 03:54:48,922 [pool-677-thread-1] INFO  storage.RaftStorage (RaftStorageImpl.java:format(89)) - Storage directory /home/runner/work/ozone/ozone/hadoop-ozone/integration-test/target/test-dir/MiniOzoneClusterImpl-2682239d-8109-418f-bfce-648431d3ae5d/datanode-0/data/ratis/e56db3b9-a7bd-4ab4-bdbb-f7c940df3332 has been successfully formatted.
2022-10-18 03:54:48,923 [pool-677-thread-1] INFO  ratis.ContainerStateMachine (ContainerStateMachine.java:loadSnapshot(236)) - group-F7C940DF3332: The snapshot info is null. Setting the last applied indexto:(t:0, i:~)
2022-10-18 03:54:48,923 [pool-677-thread-1] INFO  server.RaftServerConfigKeys (ConfUtils.java:logGet(46)) - raft.server.notification.no-leader.timeout = 300s (custom)
2022-10-18 03:54:48,923 [pool-677-thread-1] INFO  server.RaftServerConfigKeys (ConfUtils.java:logGet(46)) - raft.server.log.use.memory = false (default)
2022-10-18 03:54:48,923 [pool-677-thread-1] INFO  server.RaftServerConfigKeys (ConfUtils.java:logGet(46)) - raft.server.log.purge.gap = 1000000 (custom)
2022-10-18 03:54:48,923 [pool-677-thread-1] INFO  server.RaftServerConfigKeys (ConfUtils.java:logGet(46)) - raft.server.log.appender.buffer.byte-limit = 33554432 (custom)
2022-10-18 03:54:48,923 [pool-677-thread-1] INFO  server.RaftServerConfigKeys (ConfUtils.java:logGet(46)) - raft.server.log.statemachine.data.read.timeout = 1000ms (default)
2022-10-18 03:54:48,924 [pool-677-thread-1] INFO  server.RaftServerConfigKeys (ConfUtils.java:logGet(46)) - raft.server.log.segment.size.max = 1048576 (custom)
2022-10-18 03:54:48,924 [pool-677-thread-1] INFO  server.RaftServerConfigKeys (ConfUtils.java:logGet(46)) - raft.server.log.segment.cache.num.max = 2 (custom)
2022-10-18 03:54:48,924 [pool-677-thread-1] INFO  server.RaftServerConfigKeys (ConfUtils.java:logGet(46)) - raft.server.log.segment.cache.size.max = 200MB (=209715200) (default)
2022-10-18 03:54:48,925 [pool-677-thread-1] INFO  segmented.SegmentedRaftLogWorker (SegmentedRaftLogWorker.java:<init>(187)) - new d4fb79f4-51ff-439e-bcc6-4ee6f991de8e@group-F7C940DF3332-SegmentedRaftLogWorker for RaftStorageImpl:Storage Directory /home/runner/work/ozone/ozone/hadoop-ozone/integration-test/target/test-dir/MiniOzoneClusterImpl-2682239d-8109-418f-bfce-648431d3ae5d/datanode-0/data/ratis/e56db3b9-a7bd-4ab4-bdbb-f7c940df3332
2022-10-18 03:54:48,925 [pool-677-thread-1] INFO  server.RaftServerConfigKeys (ConfUtils.java:logGet(46)) - raft.server.log.queue.byte-limit = 4294967296 (custom)
2022-10-18 03:54:48,925 [pool-677-thread-1] INFO  server.RaftServerConfigKeys (ConfUtils.java:logGet(46)) - raft.server.log.queue.element-limit = 1024 (custom)
2022-10-18 03:54:48,925 [pool-677-thread-1] INFO  server.RaftServerConfigKeys (ConfUtils.java:logGet(46)) - raft.server.log.segment.size.max = 1048576 (custom)
2022-10-18 03:54:48,925 [pool-677-thread-1] INFO  server.RaftServerConfigKeys (ConfUtils.java:logGet(46)) - raft.server.log.preallocated.size = 16384 (custom)
2022-10-18 03:54:48,925 [pool-677-thread-1] INFO  server.RaftServerConfigKeys (ConfUtils.java:logGet(46)) - raft.server.log.force.sync.num = 128 (default)
2022-10-18 03:54:48,925 [pool-677-thread-1] INFO  server.RaftServerConfigKeys (ConfUtils.java:logGet(46)) - raft.server.log.statemachine.data.sync = true (default)
2022-10-18 03:54:48,925 [pool-677-thread-1] INFO  server.RaftServerConfigKeys (ConfUtils.java:logGet(46)) - raft.server.log.statemachine.data.sync.timeout = 10s (default)
2022-10-18 03:54:48,925 [pool-677-thread-1] INFO  server.RaftServerConfigKeys (ConfUtils.java:logGet(46)) - raft.server.log.statemachine.data.sync.timeout.retry = -1 (default)
2022-10-18 03:54:48,926 [EventQueue-PipelineReportForPipelineReportHandler] INFO  pipeline.PipelineManagerImpl (PipelineManagerImpl.java:openPipeline(367)) - Pipeline Pipeline[ Id: e56db3b9-a7bd-4ab4-bdbb-f7c940df3332, Nodes: d4fb79f4-51ff-439e-bcc6-4ee6f991de8e{ip: 10.1.0.75, host: fv-az573-760.uspngagyt4suddso0aj1djjezg.dx.internal.cloudapp.net, ports: [REPLICATION=46551, RATIS=45177, RATIS_ADMIN=45177, RATIS_SERVER=45177, STANDALONE=42901], networkLocation: /default-rack, certSerialId: null, persistedOpState: IN_SERVICE, persistedOpStateExpiryEpochSec: 0}, ReplicationConfig: RATIS/ONE, State:ALLOCATED, leaderId:d4fb79f4-51ff-439e-bcc6-4ee6f991de8e, CreationTimestamp2022-10-18T03:54:45.923Z[Etc/UTC]] moved to OPEN state
2022-10-18 03:54:48,926 [pool-677-thread-1] INFO  server.RaftServerConfigKeys (ConfUtils.java:logGet(46)) - raft.server.log.write.buffer.size = 1048576 (custom)
2022-10-18 03:54:48,927 [pool-677-thread-1] INFO  server.RaftServerConfigKeys (ConfUtils.java:logGet(46)) - raft.server.log.unsafe-flush.enabled = false (default)
2022-10-18 03:54:48,927 [pool-677-thread-1] INFO  server.RaftServerConfigKeys (ConfUtils.java:logGet(46)) - raft.server.log.statemachine.data.caching.enabled = true (custom)
2022-10-18 03:54:48,927 [pool-677-thread-1] INFO  segmented.SegmentedRaftLogWorker (SegmentedRaftLogWorker.java:lambda$new$0(135)) - d4fb79f4-51ff-439e-bcc6-4ee6f991de8e@group-F7C940DF3332-SegmentedRaftLogWorker: flushIndex: setUnconditionally 0 -> -1
2022-10-18 03:54:48,927 [pool-677-thread-1] INFO  segmented.SegmentedRaftLogWorker (SegmentedRaftLogWorker.java:lambda$new$0(135)) - d4fb79f4-51ff-439e-bcc6-4ee6f991de8e@group-F7C940DF3332-SegmentedRaftLogWorker: safeCacheEvictIndex: setUnconditionally 0 -> -1
2022-10-18 03:54:48,927 [pool-677-thread-1] INFO  server.RaftServerConfigKeys (ConfUtils.java:logGet(46)) - raft.server.snapshot.auto.trigger.enabled = true (custom)
2022-10-18 03:54:48,927 [pool-677-thread-1] INFO  server.RaftServerConfigKeys (ConfUtils.java:logGet(46)) - raft.server.snapshot.auto.trigger.threshold = 10000 (custom)
2022-10-18 03:54:48,927 [pool-677-thread-1] INFO  server.RaftServerConfigKeys (ConfUtils.java:logGet(46)) - raft.server.snapshot.retention.file.num = 5 (custom)
2022-10-18 03:54:48,927 [pool-677-thread-1] INFO  server.RaftServerConfigKeys (ConfUtils.java:logGet(46)) - raft.server.log.purge.upto.snapshot.index = false (default)
2022-10-18 03:54:48,927 [pool-677-thread-1] INFO  server.RaftServerConfigKeys (ConfUtils.java:logGet(46)) - raft.server.retrycache.expirytime = 600000ms (custom)
2022-10-18 03:54:48,927 [pool-677-thread-1] INFO  server.RaftServerConfigKeys (ConfUtils.java:logGet(46)) - raft.server.retrycache.statistics.expirytime = 100μs (default)
2022-10-18 03:54:48,929 [pool-677-thread-1] INFO  server.RaftServerConfigKeys (ConfUtils.java:logGet(46)) - raft.server.log.appender.install.snapshot.enabled = false (custom)
2022-10-18 03:54:48,929 [pool-677-thread-1] INFO  server.RaftServerConfigKeys (ConfUtils.java:logGet(46)) - raft.server.threadpool.server.cached = true (default)
2022-10-18 03:54:48,929 [pool-677-thread-1] INFO  server.RaftServerConfigKeys (ConfUtils.java:logGet(46)) - raft.server.threadpool.server.size = 0 (default)
2022-10-18 03:54:48,929 [pool-677-thread-1] INFO  server.RaftServerConfigKeys (ConfUtils.java:logGet(46)) - raft.server.threadpool.client.cached = true (default)
2022-10-18 03:54:48,929 [pool-677-thread-1] INFO  server.RaftServerConfigKeys (ConfUtils.java:logGet(46)) - raft.server.threadpool.client.size = 0 (default)
2022-10-18 03:54:48,929 [pool-677-thread-1] INFO  server.RaftServer$Division (RaftServerImpl.java:start(310)) - d4fb79f4-51ff-439e-bcc6-4ee6f991de8e@group-F7C940DF3332: start as a follower, conf=-1: [d4fb79f4-51ff-439e-bcc6-4ee6f991de8e|rpc:10.1.0.75:45177|priority:1], old=null
2022-10-18 03:54:48,931 [EventQueue-OpenPipelineForHealthyPipelineSafeModeRule] INFO  safemode.SCMSafeModeManager (HealthyPipelineSafeModeRule.java:process(137)) - SCM in safe mode. Healthy pipelines reported count is 0, required healthy pipeline reported count is 1
2022-10-18 03:54:48,931 [pool-677-thread-1] INFO  server.RaftServer$Division (RaftServerImpl.java:setRole(299)) - d4fb79f4-51ff-439e-bcc6-4ee6f991de8e@group-F7C940DF3332: changes role from      null to FOLLOWER at term 0 for startAsFollower
2022-10-18 03:54:48,931 [pool-677-thread-1] INFO  impl.RoleInfo (RoleInfo.java:updateAndGet(139)) - d4fb79f4-51ff-439e-bcc6-4ee6f991de8e: start d4fb79f4-51ff-439e-bcc6-4ee6f991de8e@group-F7C940DF3332-FollowerState
2022-10-18 03:54:48,931 [pool-677-thread-1] INFO  util.JmxRegister (JmxRegister.java:tryRegister(44)) - Successfully registered JMX Bean with object name Ratis:service=RaftServer,group=group-F7C940DF3332,id=d4fb79f4-51ff-439e-bcc6-4ee6f991de8e
2022-10-18 03:54:48,932 [Command processor thread] INFO  ratis.XceiverServerRatis (XceiverServerRatis.java:addGroup(765)) - Created group PipelineID=e56db3b9-a7bd-4ab4-bdbb-f7c940df3332
2022-10-18 03:54:48,932 [Command processor thread] INFO  commandhandler.CreatePipelineCommandHandler (CreatePipelineCommandHandler.java:handle(113)) - Created Pipeline RATIS ONE PipelineID=e56db3b9-a7bd-4ab4-bdbb-f7c940df3332.
2022-10-18 03:54:48,933 [Command processor thread] INFO  server.RaftServer (RaftServerProxy.java:addNew(96)) - d4fb79f4-51ff-439e-bcc6-4ee6f991de8e: addNew group-9A29FCCC6D85:[d4fb79f4-51ff-439e-bcc6-4ee6f991de8e|rpc:10.1.0.75:45177|priority:0, d9a4f769-630a-47d2-b95a-61308b2125ef|rpc:10.1.0.75:34659|priority:0, bf918f47-46e4-4489-b5fc-5f9d222f6194|rpc:10.1.0.75:40087|priority:1] returns group-9A29FCCC6D85:java.util.concurrent.CompletableFuture@2320163f[Not completed]
2022-10-18 03:54:48,934 [pool-677-thread-1] INFO  server.RaftServer$Division (RaftServerImpl.java:<init>(190)) - d4fb79f4-51ff-439e-bcc6-4ee6f991de8e: new RaftServerImpl for group-9A29FCCC6D85:[d4fb79f4-51ff-439e-bcc6-4ee6f991de8e|rpc:10.1.0.75:45177|priority:0, d9a4f769-630a-47d2-b95a-61308b2125ef|rpc:10.1.0.75:34659|priority:0, bf918f47-46e4-4489-b5fc-5f9d222f6194|rpc:10.1.0.75:40087|priority:1] with ContainerStateMachine:uninitialized
2022-10-18 03:54:48,934 [pool-677-thread-1] INFO  server.RaftServerConfigKeys (ConfUtils.java:logGet(46)) - raft.server.rpc.timeout.min = 5s (custom)
2022-10-18 03:54:48,934 [pool-677-thread-1] INFO  server.RaftServerConfigKeys (ConfUtils.java:logGet(46)) - raft.server.rpc.timeout.max = 5200ms (custom)
2022-10-18 03:54:48,934 [pool-677-thread-1] INFO  server.RaftServerConfigKeys (ConfUtils.java:logGet(46)) - raft.server.rpc.sleep.time = 25ms (default)
2022-10-18 03:54:48,934 [pool-677-thread-1] INFO  server.RaftServerConfigKeys (ConfUtils.java:logGet(46)) - raft.server.rpc.slowness.timeout = 300s (custom)
2022-10-18 03:54:48,934 [pool-677-thread-1] INFO  server.RaftServerConfigKeys (ConfUtils.java:logGet(46)) - raft.server.leaderelection.leader.step-down.wait-time = 10s (default)
2022-10-18 03:54:48,934 [pool-677-thread-1] INFO  server.RaftServerConfigKeys (ConfUtils.java:logGet(46)) - raft.server.sleep.deviation.threshold = 300ms (default)
2022-10-18 03:54:48,934 [pool-677-thread-1] INFO  server.RaftServer$Division (ServerState.java:<init>(107)) - d4fb79f4-51ff-439e-bcc6-4ee6f991de8e@group-9A29FCCC6D85: ConfigurationManager, init=-1: [d4fb79f4-51ff-439e-bcc6-4ee6f991de8e|rpc:10.1.0.75:45177|priority:0, d9a4f769-630a-47d2-b95a-61308b2125ef|rpc:10.1.0.75:34659|priority:0, bf918f47-46e4-4489-b5fc-5f9d222f6194|rpc:10.1.0.75:40087|priority:1], old=null, confs=<EMPTY_MAP>
2022-10-18 03:54:48,934 [pool-677-thread-1] INFO  server.RaftServerConfigKeys (ConfUtils.java:logGet(46)) - raft.server.storage.dir = [/home/runner/work/ozone/ozone/hadoop-ozone/integration-test/target/test-dir/MiniOzoneClusterImpl-2682239d-8109-418f-bfce-648431d3ae5d/datanode-0/data/ratis] (custom)
2022-10-18 03:54:48,934 [pool-677-thread-1] INFO  server.RaftServerConfigKeys (ConfUtils.java:logGet(46)) - raft.server.log.corruption.policy = EXCEPTION (default)
2022-10-18 03:54:48,934 [pool-677-thread-1] INFO  server.RaftServerConfigKeys (ConfUtils.java:logGet(46)) - raft.server.storage.free-space.min = 0MB (=0) (default)
2022-10-18 03:54:48,934 [pool-677-thread-1] INFO  storage.RaftStorageDirectory (RaftStorageDirectoryImpl.java:analyzeStorage(135)) - The storage directory /home/runner/work/ozone/ozone/hadoop-ozone/integration-test/target/test-dir/MiniOzoneClusterImpl-2682239d-8109-418f-bfce-648431d3ae5d/datanode-0/data/ratis/1e62d72a-f0f6-4db0-881b-9a29fccc6d85 does not exist. Creating ...
2022-10-18 03:54:48,936 [pool-677-thread-1] INFO  storage.RaftStorageDirectory (RaftStorageDirectoryImpl.java:tryLock(230)) - Lock on /home/runner/work/ozone/ozone/hadoop-ozone/integration-test/target/test-dir/MiniOzoneClusterImpl-2682239d-8109-418f-bfce-648431d3ae5d/datanode-0/data/ratis/1e62d72a-f0f6-4db0-881b-9a29fccc6d85/in_use.lock acquired by nodename 30743@fv-az573-760
2022-10-18 03:54:48,937 [pool-677-thread-1] INFO  storage.RaftStorage (RaftStorageImpl.java:format(89)) - Storage directory /home/runner/work/ozone/ozone/hadoop-ozone/integration-test/target/test-dir/MiniOzoneClusterImpl-2682239d-8109-418f-bfce-648431d3ae5d/datanode-0/data/ratis/1e62d72a-f0f6-4db0-881b-9a29fccc6d85 has been successfully formatted.
2022-10-18 03:54:48,937 [pool-677-thread-1] INFO  ratis.ContainerStateMachine (ContainerStateMachine.java:loadSnapshot(236)) - group-9A29FCCC6D85: The snapshot info is null. Setting the last applied indexto:(t:0, i:~)
2022-10-18 03:54:48,937 [pool-677-thread-1] INFO  server.RaftServerConfigKeys (ConfUtils.java:logGet(46)) - raft.server.notification.no-leader.timeout = 300s (custom)
2022-10-18 03:54:48,937 [pool-677-thread-1] INFO  server.RaftServerConfigKeys (ConfUtils.java:logGet(46)) - raft.server.log.use.memory = false (default)
2022-10-18 03:54:48,938 [pool-677-thread-1] INFO  server.RaftServerConfigKeys (ConfUtils.java:logGet(46)) - raft.server.log.purge.gap = 1000000 (custom)
2022-10-18 03:54:48,938 [pool-677-thread-1] INFO  server.RaftServerConfigKeys (ConfUtils.java:logGet(46)) - raft.server.log.appender.buffer.byte-limit = 33554432 (custom)
2022-10-18 03:54:48,938 [pool-677-thread-1] INFO  server.RaftServerConfigKeys (ConfUtils.java:logGet(46)) - raft.server.log.statemachine.data.read.timeout = 1000ms (default)
2022-10-18 03:54:48,938 [pool-677-thread-1] INFO  server.RaftServerConfigKeys (ConfUtils.java:logGet(46)) - raft.server.log.segment.size.max = 1048576 (custom)
2022-10-18 03:54:48,938 [pool-677-thread-1] INFO  server.RaftServerConfigKeys (ConfUtils.java:logGet(46)) - raft.server.log.segment.cache.num.max = 2 (custom)
2022-10-18 03:54:48,938 [pool-677-thread-1] INFO  server.RaftServerConfigKeys (ConfUtils.java:logGet(46)) - raft.server.log.segment.cache.size.max = 200MB (=209715200) (default)
2022-10-18 03:54:48,939 [pool-677-thread-1] INFO  segmented.SegmentedRaftLogWorker (SegmentedRaftLogWorker.java:<init>(187)) - new d4fb79f4-51ff-439e-bcc6-4ee6f991de8e@group-9A29FCCC6D85-SegmentedRaftLogWorker for RaftStorageImpl:Storage Directory /home/runner/work/ozone/ozone/hadoop-ozone/integration-test/target/test-dir/MiniOzoneClusterImpl-2682239d-8109-418f-bfce-648431d3ae5d/datanode-0/data/ratis/1e62d72a-f0f6-4db0-881b-9a29fccc6d85
2022-10-18 03:54:48,939 [pool-677-thread-1] INFO  server.RaftServerConfigKeys (ConfUtils.java:logGet(46)) - raft.server.log.queue.byte-limit = 4294967296 (custom)
2022-10-18 03:54:48,939 [pool-677-thread-1] INFO  server.RaftServerConfigKeys (ConfUtils.java:logGet(46)) - raft.server.log.queue.element-limit = 1024 (custom)
2022-10-18 03:54:48,939 [pool-677-thread-1] INFO  server.RaftServerConfigKeys (ConfUtils.java:logGet(46)) - raft.server.log.segment.size.max = 1048576 (custom)
2022-10-18 03:54:48,939 [pool-677-thread-1] INFO  server.RaftServerConfigKeys (ConfUtils.java:logGet(46)) - raft.server.log.preallocated.size = 16384 (custom)
2022-10-18 03:54:48,939 [pool-677-thread-1] INFO  server.RaftServerConfigKeys (ConfUtils.java:logGet(46)) - raft.server.log.force.sync.num = 128 (default)
2022-10-18 03:54:48,939 [pool-677-thread-1] INFO  server.RaftServerConfigKeys (ConfUtils.java:logGet(46)) - raft.server.log.statemachine.data.sync = true (default)
2022-10-18 03:54:48,939 [pool-677-thread-1] INFO  server.RaftServerConfigKeys (ConfUtils.java:logGet(46)) - raft.server.log.statemachine.data.sync.timeout = 10s (default)
2022-10-18 03:54:48,939 [pool-677-thread-1] INFO  server.RaftServerConfigKeys (ConfUtils.java:logGet(46)) - raft.server.log.statemachine.data.sync.timeout.retry = -1 (default)
2022-10-18 03:54:48,940 [pool-677-thread-1] INFO  server.RaftServerConfigKeys (ConfUtils.java:logGet(46)) - raft.server.log.write.buffer.size = 1048576 (custom)
2022-10-18 03:54:48,940 [EventQueue-OpenPipelineForHealthyPipelineSafeModeRule] INFO  safemode.SCMSafeModeManager (HealthyPipelineSafeModeRule.java:process(137)) - SCM in safe mode. Healthy pipelines reported count is 0, required healthy pipeline reported count is 1
2022-10-18 03:54:48,940 [pool-677-thread-1] INFO  server.RaftServerConfigKeys (ConfUtils.java:logGet(46)) - raft.server.log.unsafe-flush.enabled = false (default)
2022-10-18 03:54:48,940 [pool-677-thread-1] INFO  server.RaftServerConfigKeys (ConfUtils.java:logGet(46)) - raft.server.log.statemachine.data.caching.enabled = true (custom)
2022-10-18 03:54:48,941 [pool-677-thread-1] INFO  segmented.SegmentedRaftLogWorker (SegmentedRaftLogWorker.java:lambda$new$0(135)) - d4fb79f4-51ff-439e-bcc6-4ee6f991de8e@group-9A29FCCC6D85-SegmentedRaftLogWorker: flushIndex: setUnconditionally 0 -> -1
2022-10-18 03:54:48,941 [pool-677-thread-1] INFO  segmented.SegmentedRaftLogWorker (SegmentedRaftLogWorker.java:lambda$new$0(135)) - d4fb79f4-51ff-439e-bcc6-4ee6f991de8e@group-9A29FCCC6D85-SegmentedRaftLogWorker: safeCacheEvictIndex: setUnconditionally 0 -> -1
2022-10-18 03:54:48,941 [pool-677-thread-1] INFO  server.RaftServerConfigKeys (ConfUtils.java:logGet(46)) - raft.server.snapshot.auto.trigger.enabled = true (custom)
2022-10-18 03:54:48,941 [pool-677-thread-1] INFO  server.RaftServerConfigKeys (ConfUtils.java:logGet(46)) - raft.server.snapshot.auto.trigger.threshold = 10000 (custom)
2022-10-18 03:54:48,941 [pool-677-thread-1] INFO  server.RaftServerConfigKeys (ConfUtils.java:logGet(46)) - raft.server.snapshot.retention.file.num = 5 (custom)
2022-10-18 03:54:48,941 [pool-677-thread-1] INFO  server.RaftServerConfigKeys (ConfUtils.java:logGet(46)) - raft.server.log.purge.upto.snapshot.index = false (default)
2022-10-18 03:54:48,941 [pool-677-thread-1] INFO  server.RaftServerConfigKeys (ConfUtils.java:logGet(46)) - raft.server.retrycache.expirytime = 600000ms (custom)
2022-10-18 03:54:48,941 [pool-677-thread-1] INFO  server.RaftServerConfigKeys (ConfUtils.java:logGet(46)) - raft.server.retrycache.statistics.expirytime = 100μs (default)
2022-10-18 03:54:48,943 [pool-677-thread-1] INFO  server.RaftServerConfigKeys (ConfUtils.java:logGet(46)) - raft.server.log.appender.install.snapshot.enabled = false (custom)
2022-10-18 03:54:48,943 [pool-677-thread-1] INFO  server.RaftServerConfigKeys (ConfUtils.java:logGet(46)) - raft.server.threadpool.server.cached = true (default)
2022-10-18 03:54:48,943 [pool-677-thread-1] INFO  server.RaftServerConfigKeys (ConfUtils.java:logGet(46)) - raft.server.threadpool.server.size = 0 (default)
2022-10-18 03:54:48,943 [pool-677-thread-1] INFO  server.RaftServerConfigKeys (ConfUtils.java:logGet(46)) - raft.server.threadpool.client.cached = true (default)
2022-10-18 03:54:48,943 [pool-677-thread-1] INFO  server.RaftServerConfigKeys (ConfUtils.java:logGet(46)) - raft.server.threadpool.client.size = 0 (default)
2022-10-18 03:54:48,943 [pool-677-thread-1] INFO  server.RaftServer$Division (RaftServerImpl.java:start(310)) - d4fb79f4-51ff-439e-bcc6-4ee6f991de8e@group-9A29FCCC6D85: start as a follower, conf=-1: [d4fb79f4-51ff-439e-bcc6-4ee6f991de8e|rpc:10.1.0.75:45177|priority:0, d9a4f769-630a-47d2-b95a-61308b2125ef|rpc:10.1.0.75:34659|priority:0, bf918f47-46e4-4489-b5fc-5f9d222f6194|rpc:10.1.0.75:40087|priority:1], old=null
2022-10-18 03:54:48,943 [pool-677-thread-1] INFO  server.RaftServer$Division (RaftServerImpl.java:setRole(299)) - d4fb79f4-51ff-439e-bcc6-4ee6f991de8e@group-9A29FCCC6D85: changes role from      null to FOLLOWER at term 0 for startAsFollower
2022-10-18 03:54:48,943 [pool-677-thread-1] INFO  impl.RoleInfo (RoleInfo.java:updateAndGet(139)) - d4fb79f4-51ff-439e-bcc6-4ee6f991de8e: start d4fb79f4-51ff-439e-bcc6-4ee6f991de8e@group-9A29FCCC6D85-FollowerState
2022-10-18 03:54:48,946 [pool-677-thread-1] INFO  util.JmxRegister (JmxRegister.java:tryRegister(44)) - Successfully registered JMX Bean with object name Ratis:service=RaftServer,group=group-9A29FCCC6D85,id=d4fb79f4-51ff-439e-bcc6-4ee6f991de8e
2022-10-18 03:54:48,950 [Command processor thread] INFO  ratis.XceiverServerRatis (XceiverServerRatis.java:addGroup(765)) - Created group PipelineID=1e62d72a-f0f6-4db0-881b-9a29fccc6d85
2022-10-18 03:54:48,959 [grpc-default-executor-2] INFO  server.RaftServer (RaftServerProxy.java:addNew(96)) - bf918f47-46e4-4489-b5fc-5f9d222f6194: addNew group-9A29FCCC6D85:[d4fb79f4-51ff-439e-bcc6-4ee6f991de8e|rpc:10.1.0.75:45177|dataStream:|priority:0, d9a4f769-630a-47d2-b95a-61308b2125ef|rpc:10.1.0.75:34659|dataStream:|priority:0, bf918f47-46e4-4489-b5fc-5f9d222f6194|rpc:10.1.0.75:40087|dataStream:|priority:1] returns group-9A29FCCC6D85:java.util.concurrent.CompletableFuture@3431c90f[Not completed]
2022-10-18 03:54:48,961 [pool-700-thread-1] INFO  server.RaftServer$Division (RaftServerImpl.java:<init>(190)) - bf918f47-46e4-4489-b5fc-5f9d222f6194: new RaftServerImpl for group-9A29FCCC6D85:[d4fb79f4-51ff-439e-bcc6-4ee6f991de8e|rpc:10.1.0.75:45177|dataStream:|priority:0, d9a4f769-630a-47d2-b95a-61308b2125ef|rpc:10.1.0.75:34659|dataStream:|priority:0, bf918f47-46e4-4489-b5fc-5f9d222f6194|rpc:10.1.0.75:40087|dataStream:|priority:1] with ContainerStateMachine:uninitialized
2022-10-18 03:54:48,961 [pool-700-thread-1] INFO  server.RaftServerConfigKeys (ConfUtils.java:logGet(46)) - raft.server.rpc.timeout.min = 5s (custom)
2022-10-18 03:54:48,961 [pool-700-thread-1] INFO  server.RaftServerConfigKeys (ConfUtils.java:logGet(46)) - raft.server.rpc.timeout.max = 5200ms (custom)
2022-10-18 03:54:48,961 [pool-700-thread-1] INFO  server.RaftServerConfigKeys (ConfUtils.java:logGet(46)) - raft.server.rpc.sleep.time = 25ms (default)
2022-10-18 03:54:48,961 [pool-700-thread-1] INFO  server.RaftServerConfigKeys (ConfUtils.java:logGet(46)) - raft.server.rpc.slowness.timeout = 300s (custom)
2022-10-18 03:54:48,961 [pool-700-thread-1] INFO  server.RaftServerConfigKeys (ConfUtils.java:logGet(46)) - raft.server.leaderelection.leader.step-down.wait-time = 10s (default)
2022-10-18 03:54:48,961 [pool-700-thread-1] INFO  server.RaftServerConfigKeys (ConfUtils.java:logGet(46)) - raft.server.sleep.deviation.threshold = 300ms (default)
2022-10-18 03:54:48,961 [pool-700-thread-1] INFO  server.RaftServer$Division (ServerState.java:<init>(107)) - bf918f47-46e4-4489-b5fc-5f9d222f6194@group-9A29FCCC6D85: ConfigurationManager, init=-1: [d4fb79f4-51ff-439e-bcc6-4ee6f991de8e|rpc:10.1.0.75:45177|dataStream:|priority:0, d9a4f769-630a-47d2-b95a-61308b2125ef|rpc:10.1.0.75:34659|dataStream:|priority:0, bf918f47-46e4-4489-b5fc-5f9d222f6194|rpc:10.1.0.75:40087|dataStream:|priority:1], old=null, confs=<EMPTY_MAP>
2022-10-18 03:54:48,961 [pool-700-thread-1] INFO  server.RaftServerConfigKeys (ConfUtils.java:logGet(46)) - raft.server.storage.dir = [/home/runner/work/ozone/ozone/hadoop-ozone/integration-test/target/test-dir/MiniOzoneClusterImpl-2682239d-8109-418f-bfce-648431d3ae5d/datanode-1/data/ratis] (custom)
2022-10-18 03:54:48,961 [pool-700-thread-1] INFO  server.RaftServerConfigKeys (ConfUtils.java:logGet(46)) - raft.server.log.corruption.policy = EXCEPTION (default)
2022-10-18 03:54:48,961 [pool-700-thread-1] INFO  server.RaftServerConfigKeys (ConfUtils.java:logGet(46)) - raft.server.storage.free-space.min = 0MB (=0) (default)
2022-10-18 03:54:48,962 [pool-700-thread-1] INFO  storage.RaftStorageDirectory (RaftStorageDirectoryImpl.java:analyzeStorage(135)) - The storage directory /home/runner/work/ozone/ozone/hadoop-ozone/integration-test/target/test-dir/MiniOzoneClusterImpl-2682239d-8109-418f-bfce-648431d3ae5d/datanode-1/data/ratis/1e62d72a-f0f6-4db0-881b-9a29fccc6d85 does not exist. Creating ...
2022-10-18 03:54:48,963 [pool-700-thread-1] INFO  storage.RaftStorageDirectory (RaftStorageDirectoryImpl.java:tryLock(230)) - Lock on /home/runner/work/ozone/ozone/hadoop-ozone/integration-test/target/test-dir/MiniOzoneClusterImpl-2682239d-8109-418f-bfce-648431d3ae5d/datanode-1/data/ratis/1e62d72a-f0f6-4db0-881b-9a29fccc6d85/in_use.lock acquired by nodename 30743@fv-az573-760
2022-10-18 03:54:48,964 [pool-700-thread-1] INFO  storage.RaftStorage (RaftStorageImpl.java:format(89)) - Storage directory /home/runner/work/ozone/ozone/hadoop-ozone/integration-test/target/test-dir/MiniOzoneClusterImpl-2682239d-8109-418f-bfce-648431d3ae5d/datanode-1/data/ratis/1e62d72a-f0f6-4db0-881b-9a29fccc6d85 has been successfully formatted.
2022-10-18 03:54:48,969 [pool-700-thread-1] INFO  ratis.ContainerStateMachine (ContainerStateMachine.java:loadSnapshot(236)) - group-9A29FCCC6D85: The snapshot info is null. Setting the last applied indexto:(t:0, i:~)
2022-10-18 03:54:48,969 [pool-700-thread-1] INFO  server.RaftServerConfigKeys (ConfUtils.java:logGet(46)) - raft.server.notification.no-leader.timeout = 300s (custom)
2022-10-18 03:54:48,970 [pool-700-thread-1] INFO  server.RaftServerConfigKeys (ConfUtils.java:logGet(46)) - raft.server.log.use.memory = false (default)
2022-10-18 03:54:48,970 [pool-700-thread-1] INFO  server.RaftServerConfigKeys (ConfUtils.java:logGet(46)) - raft.server.log.purge.gap = 1000000 (custom)
2022-10-18 03:54:48,970 [pool-700-thread-1] INFO  server.RaftServerConfigKeys (ConfUtils.java:logGet(46)) - raft.server.log.appender.buffer.byte-limit = 33554432 (custom)
2022-10-18 03:54:48,970 [pool-700-thread-1] INFO  server.RaftServerConfigKeys (ConfUtils.java:logGet(46)) - raft.server.log.statemachine.data.read.timeout = 1000ms (default)
2022-10-18 03:54:48,972 [pool-700-thread-1] INFO  server.RaftServerConfigKeys (ConfUtils.java:logGet(46)) - raft.server.log.segment.size.max = 1048576 (custom)
2022-10-18 03:54:48,972 [pool-700-thread-1] INFO  server.RaftServerConfigKeys (ConfUtils.java:logGet(46)) - raft.server.log.segment.cache.num.max = 2 (custom)
2022-10-18 03:54:48,972 [pool-700-thread-1] INFO  server.RaftServerConfigKeys (ConfUtils.java:logGet(46)) - raft.server.log.segment.cache.size.max = 200MB (=209715200) (default)
2022-10-18 03:54:48,972 [pool-700-thread-1] INFO  segmented.SegmentedRaftLogWorker (SegmentedRaftLogWorker.java:<init>(187)) - new bf918f47-46e4-4489-b5fc-5f9d222f6194@group-9A29FCCC6D85-SegmentedRaftLogWorker for RaftStorageImpl:Storage Directory /home/runner/work/ozone/ozone/hadoop-ozone/integration-test/target/test-dir/MiniOzoneClusterImpl-2682239d-8109-418f-bfce-648431d3ae5d/datanode-1/data/ratis/1e62d72a-f0f6-4db0-881b-9a29fccc6d85
2022-10-18 03:54:48,972 [pool-700-thread-1] INFO  server.RaftServerConfigKeys (ConfUtils.java:logGet(46)) - raft.server.log.queue.byte-limit = 4294967296 (custom)
2022-10-18 03:54:48,973 [pool-700-thread-1] INFO  server.RaftServerConfigKeys (ConfUtils.java:logGet(46)) - raft.server.log.queue.element-limit = 1024 (custom)
2022-10-18 03:54:48,973 [pool-700-thread-1] INFO  server.RaftServerConfigKeys (ConfUtils.java:logGet(46)) - raft.server.log.segment.size.max = 1048576 (custom)
2022-10-18 03:54:48,973 [pool-700-thread-1] INFO  server.RaftServerConfigKeys (ConfUtils.java:logGet(46)) - raft.server.log.preallocated.size = 16384 (custom)
2022-10-18 03:54:48,973 [pool-700-thread-1] INFO  server.RaftServerConfigKeys (ConfUtils.java:logGet(46)) - raft.server.log.force.sync.num = 128 (default)
2022-10-18 03:54:48,973 [pool-700-thread-1] INFO  server.RaftServerConfigKeys (ConfUtils.java:logGet(46)) - raft.server.log.statemachine.data.sync = true (default)
2022-10-18 03:54:48,973 [pool-700-thread-1] INFO  server.RaftServerConfigKeys (ConfUtils.java:logGet(46)) - raft.server.log.statemachine.data.sync.timeout = 10s (default)
2022-10-18 03:54:48,973 [pool-700-thread-1] INFO  server.RaftServerConfigKeys (ConfUtils.java:logGet(46)) - raft.server.log.statemachine.data.sync.timeout.retry = -1 (default)
2022-10-18 03:54:48,974 [pool-700-thread-1] INFO  server.RaftServerConfigKeys (ConfUtils.java:logGet(46)) - raft.server.log.write.buffer.size = 1048576 (custom)
2022-10-18 03:54:48,975 [pool-700-thread-1] INFO  server.RaftServerConfigKeys (ConfUtils.java:logGet(46)) - raft.server.log.unsafe-flush.enabled = false (default)
2022-10-18 03:54:48,975 [pool-700-thread-1] INFO  server.RaftServerConfigKeys (ConfUtils.java:logGet(46)) - raft.server.log.statemachine.data.caching.enabled = true (custom)
2022-10-18 03:54:48,975 [pool-700-thread-1] INFO  segmented.SegmentedRaftLogWorker (SegmentedRaftLogWorker.java:lambda$new$0(135)) - bf918f47-46e4-4489-b5fc-5f9d222f6194@group-9A29FCCC6D85-SegmentedRaftLogWorker: flushIndex: setUnconditionally 0 -> -1
2022-10-18 03:54:48,975 [pool-700-thread-1] INFO  segmented.SegmentedRaftLogWorker (SegmentedRaftLogWorker.java:lambda$new$0(135)) - bf918f47-46e4-4489-b5fc-5f9d222f6194@group-9A29FCCC6D85-SegmentedRaftLogWorker: safeCacheEvictIndex: setUnconditionally 0 -> -1
2022-10-18 03:54:48,975 [pool-700-thread-1] INFO  server.RaftServerConfigKeys (ConfUtils.java:logGet(46)) - raft.server.snapshot.auto.trigger.enabled = true (custom)
2022-10-18 03:54:48,975 [pool-700-thread-1] INFO  server.RaftServerConfigKeys (ConfUtils.java:logGet(46)) - raft.server.snapshot.auto.trigger.threshold = 10000 (custom)
2022-10-18 03:54:48,975 [pool-700-thread-1] INFO  server.RaftServerConfigKeys (ConfUtils.java:logGet(46)) - raft.server.snapshot.retention.file.num = 5 (custom)
2022-10-18 03:54:48,975 [pool-700-thread-1] INFO  server.RaftServerConfigKeys (ConfUtils.java:logGet(46)) - raft.server.log.purge.upto.snapshot.index = false (default)
2022-10-18 03:54:48,975 [pool-700-thread-1] INFO  server.RaftServerConfigKeys (ConfUtils.java:logGet(46)) - raft.server.retrycache.expirytime = 600000ms (custom)
2022-10-18 03:54:48,975 [pool-700-thread-1] INFO  server.RaftServerConfigKeys (ConfUtils.java:logGet(46)) - raft.server.retrycache.statistics.expirytime = 100μs (default)
2022-10-18 03:54:48,977 [pool-700-thread-1] INFO  server.RaftServerConfigKeys (ConfUtils.java:logGet(46)) - raft.server.log.appender.install.snapshot.enabled = false (custom)
2022-10-18 03:54:48,977 [pool-700-thread-1] INFO  server.RaftServerConfigKeys (ConfUtils.java:logGet(46)) - raft.server.threadpool.server.cached = true (default)
2022-10-18 03:54:48,977 [pool-700-thread-1] INFO  server.RaftServerConfigKeys (ConfUtils.java:logGet(46)) - raft.server.threadpool.server.size = 0 (default)
2022-10-18 03:54:48,977 [pool-700-thread-1] INFO  server.RaftServerConfigKeys (ConfUtils.java:logGet(46)) - raft.server.threadpool.client.cached = true (default)
2022-10-18 03:54:48,977 [pool-700-thread-1] INFO  server.RaftServerConfigKeys (ConfUtils.java:logGet(46)) - raft.server.threadpool.client.size = 0 (default)
2022-10-18 03:54:48,977 [pool-700-thread-1] INFO  server.RaftServer$Division (RaftServerImpl.java:start(310)) - bf918f47-46e4-4489-b5fc-5f9d222f6194@group-9A29FCCC6D85: start as a follower, conf=-1: [d4fb79f4-51ff-439e-bcc6-4ee6f991de8e|rpc:10.1.0.75:45177|dataStream:|priority:0, d9a4f769-630a-47d2-b95a-61308b2125ef|rpc:10.1.0.75:34659|dataStream:|priority:0, bf918f47-46e4-4489-b5fc-5f9d222f6194|rpc:10.1.0.75:40087|dataStream:|priority:1], old=null
2022-10-18 03:54:48,977 [pool-700-thread-1] INFO  server.RaftServer$Division (RaftServerImpl.java:setRole(299)) - bf918f47-46e4-4489-b5fc-5f9d222f6194@group-9A29FCCC6D85: changes role from      null to FOLLOWER at term 0 for startAsFollower
2022-10-18 03:54:48,977 [pool-700-thread-1] INFO  impl.RoleInfo (RoleInfo.java:updateAndGet(139)) - bf918f47-46e4-4489-b5fc-5f9d222f6194: start bf918f47-46e4-4489-b5fc-5f9d222f6194@group-9A29FCCC6D85-FollowerState
2022-10-18 03:54:48,982 [pool-700-thread-1] INFO  util.JmxRegister (JmxRegister.java:tryRegister(44)) - Successfully registered JMX Bean with object name Ratis:service=RaftServer,group=group-9A29FCCC6D85,id=bf918f47-46e4-4489-b5fc-5f9d222f6194
2022-10-18 03:54:48,996 [grpc-default-executor-2] INFO  server.RaftServer (RaftServerProxy.java:addNew(96)) - d9a4f769-630a-47d2-b95a-61308b2125ef: addNew group-9A29FCCC6D85:[d4fb79f4-51ff-439e-bcc6-4ee6f991de8e|rpc:10.1.0.75:45177|dataStream:|priority:0, d9a4f769-630a-47d2-b95a-61308b2125ef|rpc:10.1.0.75:34659|dataStream:|priority:0, bf918f47-46e4-4489-b5fc-5f9d222f6194|rpc:10.1.0.75:40087|dataStream:|priority:1] returns group-9A29FCCC6D85:java.util.concurrent.CompletableFuture@6ba327c1[Not completed]
2022-10-18 03:54:48,997 [pool-723-thread-1] INFO  server.RaftServer$Division (RaftServerImpl.java:<init>(190)) - d9a4f769-630a-47d2-b95a-61308b2125ef: new RaftServerImpl for group-9A29FCCC6D85:[d4fb79f4-51ff-439e-bcc6-4ee6f991de8e|rpc:10.1.0.75:45177|dataStream:|priority:0, d9a4f769-630a-47d2-b95a-61308b2125ef|rpc:10.1.0.75:34659|dataStream:|priority:0, bf918f47-46e4-4489-b5fc-5f9d222f6194|rpc:10.1.0.75:40087|dataStream:|priority:1] with ContainerStateMachine:uninitialized
2022-10-18 03:54:48,997 [pool-723-thread-1] INFO  server.RaftServerConfigKeys (ConfUtils.java:logGet(46)) - raft.server.rpc.timeout.min = 5s (custom)
2022-10-18 03:54:48,997 [pool-723-thread-1] INFO  server.RaftServerConfigKeys (ConfUtils.java:logGet(46)) - raft.server.rpc.timeout.max = 5200ms (custom)
2022-10-18 03:54:48,997 [pool-723-thread-1] INFO  server.RaftServerConfigKeys (ConfUtils.java:logGet(46)) - raft.server.rpc.sleep.time = 25ms (default)
2022-10-18 03:54:48,997 [pool-723-thread-1] INFO  server.RaftServerConfigKeys (ConfUtils.java:logGet(46)) - raft.server.rpc.slowness.timeout = 300s (custom)
2022-10-18 03:54:48,997 [pool-723-thread-1] INFO  server.RaftServerConfigKeys (ConfUtils.java:logGet(46)) - raft.server.leaderelection.leader.step-down.wait-time = 10s (default)
2022-10-18 03:54:48,997 [pool-723-thread-1] INFO  server.RaftServerConfigKeys (ConfUtils.java:logGet(46)) - raft.server.sleep.deviation.threshold = 300ms (default)
2022-10-18 03:54:48,997 [pool-723-thread-1] INFO  server.RaftServer$Division (ServerState.java:<init>(107)) - d9a4f769-630a-47d2-b95a-61308b2125ef@group-9A29FCCC6D85: ConfigurationManager, init=-1: [d4fb79f4-51ff-439e-bcc6-4ee6f991de8e|rpc:10.1.0.75:45177|dataStream:|priority:0, d9a4f769-630a-47d2-b95a-61308b2125ef|rpc:10.1.0.75:34659|dataStream:|priority:0, bf918f47-46e4-4489-b5fc-5f9d222f6194|rpc:10.1.0.75:40087|dataStream:|priority:1], old=null, confs=<EMPTY_MAP>
2022-10-18 03:54:48,997 [pool-723-thread-1] INFO  server.RaftServerConfigKeys (ConfUtils.java:logGet(46)) - raft.server.storage.dir = [/home/runner/work/ozone/ozone/hadoop-ozone/integration-test/target/test-dir/MiniOzoneClusterImpl-2682239d-8109-418f-bfce-648431d3ae5d/datanode-2/data/ratis] (custom)
2022-10-18 03:54:48,998 [pool-723-thread-1] INFO  server.RaftServerConfigKeys (ConfUtils.java:logGet(46)) - raft.server.log.corruption.policy = EXCEPTION (default)
2022-10-18 03:54:48,998 [pool-723-thread-1] INFO  server.RaftServerConfigKeys (ConfUtils.java:logGet(46)) - raft.server.storage.free-space.min = 0MB (=0) (default)
2022-10-18 03:54:48,998 [pool-723-thread-1] INFO  storage.RaftStorageDirectory (RaftStorageDirectoryImpl.java:analyzeStorage(135)) - The storage directory /home/runner/work/ozone/ozone/hadoop-ozone/integration-test/target/test-dir/MiniOzoneClusterImpl-2682239d-8109-418f-bfce-648431d3ae5d/datanode-2/data/ratis/1e62d72a-f0f6-4db0-881b-9a29fccc6d85 does not exist. Creating ...
2022-10-18 03:54:48,999 [pool-723-thread-1] INFO  storage.RaftStorageDirectory (RaftStorageDirectoryImpl.java:tryLock(230)) - Lock on /home/runner/work/ozone/ozone/hadoop-ozone/integration-test/target/test-dir/MiniOzoneClusterImpl-2682239d-8109-418f-bfce-648431d3ae5d/datanode-2/data/ratis/1e62d72a-f0f6-4db0-881b-9a29fccc6d85/in_use.lock acquired by nodename 30743@fv-az573-760
2022-10-18 03:54:49,000 [pool-723-thread-1] INFO  storage.RaftStorage (RaftStorageImpl.java:format(89)) - Storage directory /home/runner/work/ozone/ozone/hadoop-ozone/integration-test/target/test-dir/MiniOzoneClusterImpl-2682239d-8109-418f-bfce-648431d3ae5d/datanode-2/data/ratis/1e62d72a-f0f6-4db0-881b-9a29fccc6d85 has been successfully formatted.
2022-10-18 03:54:49,003 [pool-723-thread-1] INFO  ratis.ContainerStateMachine (ContainerStateMachine.java:loadSnapshot(236)) - group-9A29FCCC6D85: The snapshot info is null. Setting the last applied indexto:(t:0, i:~)
2022-10-18 03:54:49,004 [pool-723-thread-1] INFO  server.RaftServerConfigKeys (ConfUtils.java:logGet(46)) - raft.server.notification.no-leader.timeout = 300s (custom)
2022-10-18 03:54:49,004 [pool-723-thread-1] INFO  server.RaftServerConfigKeys (ConfUtils.java:logGet(46)) - raft.server.log.use.memory = false (default)
2022-10-18 03:54:49,004 [pool-723-thread-1] INFO  server.RaftServerConfigKeys (ConfUtils.java:logGet(46)) - raft.server.log.purge.gap = 1000000 (custom)
2022-10-18 03:54:49,004 [pool-723-thread-1] INFO  server.RaftServerConfigKeys (ConfUtils.java:logGet(46)) - raft.server.log.appender.buffer.byte-limit = 33554432 (custom)
2022-10-18 03:54:49,004 [pool-723-thread-1] INFO  server.RaftServerConfigKeys (ConfUtils.java:logGet(46)) - raft.server.log.statemachine.data.read.timeout = 1000ms (default)
2022-10-18 03:54:49,004 [pool-723-thread-1] INFO  server.RaftServerConfigKeys (ConfUtils.java:logGet(46)) - raft.server.log.segment.size.max = 1048576 (custom)
2022-10-18 03:54:49,005 [pool-723-thread-1] INFO  server.RaftServerConfigKeys (ConfUtils.java:logGet(46)) - raft.server.log.segment.cache.num.max = 2 (custom)
2022-10-18 03:54:49,005 [pool-723-thread-1] INFO  server.RaftServerConfigKeys (ConfUtils.java:logGet(46)) - raft.server.log.segment.cache.size.max = 200MB (=209715200) (default)
2022-10-18 03:54:49,005 [pool-723-thread-1] INFO  segmented.SegmentedRaftLogWorker (SegmentedRaftLogWorker.java:<init>(187)) - new d9a4f769-630a-47d2-b95a-61308b2125ef@group-9A29FCCC6D85-SegmentedRaftLogWorker for RaftStorageImpl:Storage Directory /home/runner/work/ozone/ozone/hadoop-ozone/integration-test/target/test-dir/MiniOzoneClusterImpl-2682239d-8109-418f-bfce-648431d3ae5d/datanode-2/data/ratis/1e62d72a-f0f6-4db0-881b-9a29fccc6d85
2022-10-18 03:54:49,005 [pool-723-thread-1] INFO  server.RaftServerConfigKeys (ConfUtils.java:logGet(46)) - raft.server.log.queue.byte-limit = 4294967296 (custom)
2022-10-18 03:54:49,005 [pool-723-thread-1] INFO  server.RaftServerConfigKeys (ConfUtils.java:logGet(46)) - raft.server.log.queue.element-limit = 1024 (custom)
2022-10-18 03:54:49,005 [pool-723-thread-1] INFO  server.RaftServerConfigKeys (ConfUtils.java:logGet(46)) - raft.server.log.segment.size.max = 1048576 (custom)
2022-10-18 03:54:49,005 [pool-723-thread-1] INFO  server.RaftServerConfigKeys (ConfUtils.java:logGet(46)) - raft.server.log.preallocated.size = 16384 (custom)
2022-10-18 03:54:49,005 [pool-723-thread-1] INFO  server.RaftServerConfigKeys (ConfUtils.java:logGet(46)) - raft.server.log.force.sync.num = 128 (default)
2022-10-18 03:54:49,005 [pool-723-thread-1] INFO  server.RaftServerConfigKeys (ConfUtils.java:logGet(46)) - raft.server.log.statemachine.data.sync = true (default)
2022-10-18 03:54:49,005 [pool-723-thread-1] INFO  server.RaftServerConfigKeys (ConfUtils.java:logGet(46)) - raft.server.log.statemachine.data.sync.timeout = 10s (default)
2022-10-18 03:54:49,005 [pool-723-thread-1] INFO  server.RaftServerConfigKeys (ConfUtils.java:logGet(46)) - raft.server.log.statemachine.data.sync.timeout.retry = -1 (default)
2022-10-18 03:54:49,006 [pool-723-thread-1] INFO  server.RaftServerConfigKeys (ConfUtils.java:logGet(46)) - raft.server.log.write.buffer.size = 1048576 (custom)
2022-10-18 03:54:49,007 [pool-723-thread-1] INFO  server.RaftServerConfigKeys (ConfUtils.java:logGet(46)) - raft.server.log.unsafe-flush.enabled = false (default)
2022-10-18 03:54:49,007 [pool-723-thread-1] INFO  server.RaftServerConfigKeys (ConfUtils.java:logGet(46)) - raft.server.log.statemachine.data.caching.enabled = true (custom)
2022-10-18 03:54:49,007 [pool-723-thread-1] INFO  segmented.SegmentedRaftLogWorker (SegmentedRaftLogWorker.java:lambda$new$0(135)) - d9a4f769-630a-47d2-b95a-61308b2125ef@group-9A29FCCC6D85-SegmentedRaftLogWorker: flushIndex: setUnconditionally 0 -> -1
2022-10-18 03:54:49,007 [pool-723-thread-1] INFO  segmented.SegmentedRaftLogWorker (SegmentedRaftLogWorker.java:lambda$new$0(135)) - d9a4f769-630a-47d2-b95a-61308b2125ef@group-9A29FCCC6D85-SegmentedRaftLogWorker: safeCacheEvictIndex: setUnconditionally 0 -> -1
2022-10-18 03:54:49,007 [pool-723-thread-1] INFO  server.RaftServerConfigKeys (ConfUtils.java:logGet(46)) - raft.server.snapshot.auto.trigger.enabled = true (custom)
2022-10-18 03:54:49,008 [pool-723-thread-1] INFO  server.RaftServerConfigKeys (ConfUtils.java:logGet(46)) - raft.server.snapshot.auto.trigger.threshold = 10000 (custom)
2022-10-18 03:54:49,008 [pool-723-thread-1] INFO  server.RaftServerConfigKeys (ConfUtils.java:logGet(46)) - raft.server.snapshot.retention.file.num = 5 (custom)
2022-10-18 03:54:49,008 [pool-723-thread-1] INFO  server.RaftServerConfigKeys (ConfUtils.java:logGet(46)) - raft.server.log.purge.upto.snapshot.index = false (default)
2022-10-18 03:54:49,008 [pool-723-thread-1] INFO  server.RaftServerConfigKeys (ConfUtils.java:logGet(46)) - raft.server.retrycache.expirytime = 600000ms (custom)
2022-10-18 03:54:49,008 [pool-723-thread-1] INFO  server.RaftServerConfigKeys (ConfUtils.java:logGet(46)) - raft.server.retrycache.statistics.expirytime = 100μs (default)
2022-10-18 03:54:49,010 [pool-723-thread-1] INFO  server.RaftServerConfigKeys (ConfUtils.java:logGet(46)) - raft.server.log.appender.install.snapshot.enabled = false (custom)
2022-10-18 03:54:49,010 [pool-723-thread-1] INFO  server.RaftServerConfigKeys (ConfUtils.java:logGet(46)) - raft.server.threadpool.server.cached = true (default)
2022-10-18 03:54:49,010 [pool-723-thread-1] INFO  server.RaftServerConfigKeys (ConfUtils.java:logGet(46)) - raft.server.threadpool.server.size = 0 (default)
2022-10-18 03:54:49,010 [pool-723-thread-1] INFO  server.RaftServerConfigKeys (ConfUtils.java:logGet(46)) - raft.server.threadpool.client.cached = true (default)
2022-10-18 03:54:49,010 [pool-723-thread-1] INFO  server.RaftServerConfigKeys (ConfUtils.java:logGet(46)) - raft.server.threadpool.client.size = 0 (default)
2022-10-18 03:54:49,010 [pool-723-thread-1] INFO  server.RaftServer$Division (RaftServerImpl.java:start(310)) - d9a4f769-630a-47d2-b95a-61308b2125ef@group-9A29FCCC6D85: start as a follower, conf=-1: [d4fb79f4-51ff-439e-bcc6-4ee6f991de8e|rpc:10.1.0.75:45177|dataStream:|priority:0, d9a4f769-630a-47d2-b95a-61308b2125ef|rpc:10.1.0.75:34659|dataStream:|priority:0, bf918f47-46e4-4489-b5fc-5f9d222f6194|rpc:10.1.0.75:40087|dataStream:|priority:1], old=null
2022-10-18 03:54:49,010 [pool-723-thread-1] INFO  server.RaftServer$Division (RaftServerImpl.java:setRole(299)) - d9a4f769-630a-47d2-b95a-61308b2125ef@group-9A29FCCC6D85: changes role from      null to FOLLOWER at term 0 for startAsFollower
2022-10-18 03:54:49,010 [pool-723-thread-1] INFO  impl.RoleInfo (RoleInfo.java:updateAndGet(139)) - d9a4f769-630a-47d2-b95a-61308b2125ef: start d9a4f769-630a-47d2-b95a-61308b2125ef@group-9A29FCCC6D85-FollowerState
2022-10-18 03:54:49,014 [pool-723-thread-1] INFO  util.JmxRegister (JmxRegister.java:tryRegister(44)) - Successfully registered JMX Bean with object name Ratis:service=RaftServer,group=group-9A29FCCC6D85,id=d9a4f769-630a-47d2-b95a-61308b2125ef
2022-10-18 03:54:49,018 [Command processor thread] INFO  commandhandler.CreatePipelineCommandHandler (CreatePipelineCommandHandler.java:handle(113)) - Created Pipeline RATIS THREE PipelineID=1e62d72a-f0f6-4db0-881b-9a29fccc6d85.
2022-10-18 03:54:49,018 [Command processor thread] INFO  server.RaftServer (RaftServerProxy.java:addNew(96)) - d4fb79f4-51ff-439e-bcc6-4ee6f991de8e: addNew group-1DB3D83BE794:[d4fb79f4-51ff-439e-bcc6-4ee6f991de8e|rpc:10.1.0.75:45177|priority:1, d9a4f769-630a-47d2-b95a-61308b2125ef|rpc:10.1.0.75:34659|priority:0, bf918f47-46e4-4489-b5fc-5f9d222f6194|rpc:10.1.0.75:40087|priority:0] returns group-1DB3D83BE794:java.util.concurrent.CompletableFuture@36be9104[Not completed]
2022-10-18 03:54:49,019 [pool-677-thread-1] INFO  server.RaftServer$Division (RaftServerImpl.java:<init>(190)) - d4fb79f4-51ff-439e-bcc6-4ee6f991de8e: new RaftServerImpl for group-1DB3D83BE794:[d4fb79f4-51ff-439e-bcc6-4ee6f991de8e|rpc:10.1.0.75:45177|priority:1, d9a4f769-630a-47d2-b95a-61308b2125ef|rpc:10.1.0.75:34659|priority:0, bf918f47-46e4-4489-b5fc-5f9d222f6194|rpc:10.1.0.75:40087|priority:0] with ContainerStateMachine:uninitialized
2022-10-18 03:54:49,019 [pool-677-thread-1] INFO  server.RaftServerConfigKeys (ConfUtils.java:logGet(46)) - raft.server.rpc.timeout.min = 5s (custom)
2022-10-18 03:54:49,019 [pool-677-thread-1] INFO  server.RaftServerConfigKeys (ConfUtils.java:logGet(46)) - raft.server.rpc.timeout.max = 5200ms (custom)
2022-10-18 03:54:49,019 [pool-677-thread-1] INFO  server.RaftServerConfigKeys (ConfUtils.java:logGet(46)) - raft.server.rpc.sleep.time = 25ms (default)
2022-10-18 03:54:49,019 [pool-677-thread-1] INFO  server.RaftServerConfigKeys (ConfUtils.java:logGet(46)) - raft.server.rpc.slowness.timeout = 300s (custom)
2022-10-18 03:54:49,019 [pool-677-thread-1] INFO  server.RaftServerConfigKeys (ConfUtils.java:logGet(46)) - raft.server.leaderelection.leader.step-down.wait-time = 10s (default)
2022-10-18 03:54:49,019 [pool-677-thread-1] INFO  server.RaftServerConfigKeys (ConfUtils.java:logGet(46)) - raft.server.sleep.deviation.threshold = 300ms (default)
2022-10-18 03:54:49,019 [pool-677-thread-1] INFO  server.RaftServer$Division (ServerState.java:<init>(107)) - d4fb79f4-51ff-439e-bcc6-4ee6f991de8e@group-1DB3D83BE794: ConfigurationManager, init=-1: [d4fb79f4-51ff-439e-bcc6-4ee6f991de8e|rpc:10.1.0.75:45177|priority:1, d9a4f769-630a-47d2-b95a-61308b2125ef|rpc:10.1.0.75:34659|priority:0, bf918f47-46e4-4489-b5fc-5f9d222f6194|rpc:10.1.0.75:40087|priority:0], old=null, confs=<EMPTY_MAP>
2022-10-18 03:54:49,019 [pool-677-thread-1] INFO  server.RaftServerConfigKeys (ConfUtils.java:logGet(46)) - raft.server.storage.dir = [/home/runner/work/ozone/ozone/hadoop-ozone/integration-test/target/test-dir/MiniOzoneClusterImpl-2682239d-8109-418f-bfce-648431d3ae5d/datanode-0/data/ratis] (custom)
2022-10-18 03:54:49,020 [pool-677-thread-1] INFO  server.RaftServerConfigKeys (ConfUtils.java:logGet(46)) - raft.server.log.corruption.policy = EXCEPTION (default)
2022-10-18 03:54:49,020 [pool-677-thread-1] INFO  server.RaftServerConfigKeys (ConfUtils.java:logGet(46)) - raft.server.storage.free-space.min = 0MB (=0) (default)
2022-10-18 03:54:49,020 [pool-677-thread-1] INFO  storage.RaftStorageDirectory (RaftStorageDirectoryImpl.java:analyzeStorage(135)) - The storage directory /home/runner/work/ozone/ozone/hadoop-ozone/integration-test/target/test-dir/MiniOzoneClusterImpl-2682239d-8109-418f-bfce-648431d3ae5d/datanode-0/data/ratis/179014d7-0175-44ec-8931-1db3d83be794 does not exist. Creating ...
2022-10-18 03:54:49,021 [pool-677-thread-1] INFO  storage.RaftStorageDirectory (RaftStorageDirectoryImpl.java:tryLock(230)) - Lock on /home/runner/work/ozone/ozone/hadoop-ozone/integration-test/target/test-dir/MiniOzoneClusterImpl-2682239d-8109-418f-bfce-648431d3ae5d/datanode-0/data/ratis/179014d7-0175-44ec-8931-1db3d83be794/in_use.lock acquired by nodename 30743@fv-az573-760
2022-10-18 03:54:49,022 [pool-677-thread-1] INFO  storage.RaftStorage (RaftStorageImpl.java:format(89)) - Storage directory /home/runner/work/ozone/ozone/hadoop-ozone/integration-test/target/test-dir/MiniOzoneClusterImpl-2682239d-8109-418f-bfce-648431d3ae5d/datanode-0/data/ratis/179014d7-0175-44ec-8931-1db3d83be794 has been successfully formatted.
2022-10-18 03:54:49,022 [pool-677-thread-1] INFO  ratis.ContainerStateMachine (ContainerStateMachine.java:loadSnapshot(236)) - group-1DB3D83BE794: The snapshot info is null. Setting the last applied indexto:(t:0, i:~)
2022-10-18 03:54:49,023 [pool-677-thread-1] INFO  server.RaftServerConfigKeys (ConfUtils.java:logGet(46)) - raft.server.notification.no-leader.timeout = 300s (custom)
2022-10-18 03:54:49,023 [pool-677-thread-1] INFO  server.RaftServerConfigKeys (ConfUtils.java:logGet(46)) - raft.server.log.use.memory = false (default)
2022-10-18 03:54:49,023 [pool-677-thread-1] INFO  server.RaftServerConfigKeys (ConfUtils.java:logGet(46)) - raft.server.log.purge.gap = 1000000 (custom)
2022-10-18 03:54:49,023 [pool-677-thread-1] INFO  server.RaftServerConfigKeys (ConfUtils.java:logGet(46)) - raft.server.log.appender.buffer.byte-limit = 33554432 (custom)
2022-10-18 03:54:49,023 [pool-677-thread-1] INFO  server.RaftServerConfigKeys (ConfUtils.java:logGet(46)) - raft.server.log.statemachine.data.read.timeout = 1000ms (default)
2022-10-18 03:54:49,023 [pool-677-thread-1] INFO  server.RaftServerConfigKeys (ConfUtils.java:logGet(46)) - raft.server.log.segment.size.max = 1048576 (custom)
2022-10-18 03:54:49,024 [pool-677-thread-1] INFO  server.RaftServerConfigKeys (ConfUtils.java:logGet(46)) - raft.server.log.segment.cache.num.max = 2 (custom)
2022-10-18 03:54:49,024 [pool-677-thread-1] INFO  server.RaftServerConfigKeys (ConfUtils.java:logGet(46)) - raft.server.log.segment.cache.size.max = 200MB (=209715200) (default)
2022-10-18 03:54:49,024 [pool-677-thread-1] INFO  segmented.SegmentedRaftLogWorker (SegmentedRaftLogWorker.java:<init>(187)) - new d4fb79f4-51ff-439e-bcc6-4ee6f991de8e@group-1DB3D83BE794-SegmentedRaftLogWorker for RaftStorageImpl:Storage Directory /home/runner/work/ozone/ozone/hadoop-ozone/integration-test/target/test-dir/MiniOzoneClusterImpl-2682239d-8109-418f-bfce-648431d3ae5d/datanode-0/data/ratis/179014d7-0175-44ec-8931-1db3d83be794
2022-10-18 03:54:49,024 [pool-677-thread-1] INFO  server.RaftServerConfigKeys (ConfUtils.java:logGet(46)) - raft.server.log.queue.byte-limit = 4294967296 (custom)
2022-10-18 03:54:49,024 [pool-677-thread-1] INFO  server.RaftServerConfigKeys (ConfUtils.java:logGet(46)) - raft.server.log.queue.element-limit = 1024 (custom)
2022-10-18 03:54:49,024 [pool-677-thread-1] INFO  server.RaftServerConfigKeys (ConfUtils.java:logGet(46)) - raft.server.log.segment.size.max = 1048576 (custom)
2022-10-18 03:54:49,024 [pool-677-thread-1] INFO  server.RaftServerConfigKeys (ConfUtils.java:logGet(46)) - raft.server.log.preallocated.size = 16384 (custom)
2022-10-18 03:54:49,024 [pool-677-thread-1] INFO  server.RaftServerConfigKeys (ConfUtils.java:logGet(46)) - raft.server.log.force.sync.num = 128 (default)
2022-10-18 03:54:49,024 [pool-677-thread-1] INFO  server.RaftServerConfigKeys (ConfUtils.java:logGet(46)) - raft.server.log.statemachine.data.sync = true (default)
2022-10-18 03:54:49,024 [pool-677-thread-1] INFO  server.RaftServerConfigKeys (ConfUtils.java:logGet(46)) - raft.server.log.statemachine.data.sync.timeout = 10s (default)
2022-10-18 03:54:49,024 [pool-677-thread-1] INFO  server.RaftServerConfigKeys (ConfUtils.java:logGet(46)) - raft.server.log.statemachine.data.sync.timeout.retry = -1 (default)
2022-10-18 03:54:49,025 [pool-677-thread-1] INFO  server.RaftServerConfigKeys (ConfUtils.java:logGet(46)) - raft.server.log.write.buffer.size = 1048576 (custom)
2022-10-18 03:54:49,025 [EventQueue-OpenPipelineForHealthyPipelineSafeModeRule] INFO  safemode.SCMSafeModeManager (HealthyPipelineSafeModeRule.java:process(137)) - SCM in safe mode. Healthy pipelines reported count is 0, required healthy pipeline reported count is 1
2022-10-18 03:54:49,025 [pool-677-thread-1] INFO  server.RaftServerConfigKeys (ConfUtils.java:logGet(46)) - raft.server.log.unsafe-flush.enabled = false (default)
2022-10-18 03:54:49,025 [pool-677-thread-1] INFO  server.RaftServerConfigKeys (ConfUtils.java:logGet(46)) - raft.server.log.statemachine.data.caching.enabled = true (custom)
2022-10-18 03:54:49,026 [pool-677-thread-1] INFO  segmented.SegmentedRaftLogWorker (SegmentedRaftLogWorker.java:lambda$new$0(135)) - d4fb79f4-51ff-439e-bcc6-4ee6f991de8e@group-1DB3D83BE794-SegmentedRaftLogWorker: flushIndex: setUnconditionally 0 -> -1
2022-10-18 03:54:49,026 [pool-677-thread-1] INFO  segmented.SegmentedRaftLogWorker (SegmentedRaftLogWorker.java:lambda$new$0(135)) - d4fb79f4-51ff-439e-bcc6-4ee6f991de8e@group-1DB3D83BE794-SegmentedRaftLogWorker: safeCacheEvictIndex: setUnconditionally 0 -> -1
2022-10-18 03:54:49,026 [pool-677-thread-1] INFO  server.RaftServerConfigKeys (ConfUtils.java:logGet(46)) - raft.server.snapshot.auto.trigger.enabled = true (custom)
2022-10-18 03:54:49,026 [pool-677-thread-1] INFO  server.RaftServerConfigKeys (ConfUtils.java:logGet(46)) - raft.server.snapshot.auto.trigger.threshold = 10000 (custom)
2022-10-18 03:54:49,026 [pool-677-thread-1] INFO  server.RaftServerConfigKeys (ConfUtils.java:logGet(46)) - raft.server.snapshot.retention.file.num = 5 (custom)
2022-10-18 03:54:49,026 [pool-677-thread-1] INFO  server.RaftServerConfigKeys (ConfUtils.java:logGet(46)) - raft.server.log.purge.upto.snapshot.index = false (default)
2022-10-18 03:54:49,026 [pool-677-thread-1] INFO  server.RaftServerConfigKeys (ConfUtils.java:logGet(46)) - raft.server.retrycache.expirytime = 600000ms (custom)
2022-10-18 03:54:49,026 [pool-677-thread-1] INFO  server.RaftServerConfigKeys (ConfUtils.java:logGet(46)) - raft.server.retrycache.statistics.expirytime = 100μs (default)
2022-10-18 03:54:49,028 [pool-677-thread-1] INFO  server.RaftServerConfigKeys (ConfUtils.java:logGet(46)) - raft.server.log.appender.install.snapshot.enabled = false (custom)
2022-10-18 03:54:49,028 [pool-677-thread-1] INFO  server.RaftServerConfigKeys (ConfUtils.java:logGet(46)) - raft.server.threadpool.server.cached = true (default)
2022-10-18 03:54:49,028 [pool-677-thread-1] INFO  server.RaftServerConfigKeys (ConfUtils.java:logGet(46)) - raft.server.threadpool.server.size = 0 (default)
2022-10-18 03:54:49,028 [pool-677-thread-1] INFO  server.RaftServerConfigKeys (ConfUtils.java:logGet(46)) - raft.server.threadpool.client.cached = true (default)
2022-10-18 03:54:49,028 [pool-677-thread-1] INFO  server.RaftServerConfigKeys (ConfUtils.java:logGet(46)) - raft.server.threadpool.client.size = 0 (default)
2022-10-18 03:54:49,028 [pool-677-thread-1] INFO  server.RaftServer$Division (RaftServerImpl.java:start(310)) - d4fb79f4-51ff-439e-bcc6-4ee6f991de8e@group-1DB3D83BE794: start as a follower, conf=-1: [d4fb79f4-51ff-439e-bcc6-4ee6f991de8e|rpc:10.1.0.75:45177|priority:1, d9a4f769-630a-47d2-b95a-61308b2125ef|rpc:10.1.0.75:34659|priority:0, bf918f47-46e4-4489-b5fc-5f9d222f6194|rpc:10.1.0.75:40087|priority:0], old=null
2022-10-18 03:54:49,028 [pool-677-thread-1] INFO  server.RaftServer$Division (RaftServerImpl.java:setRole(299)) - d4fb79f4-51ff-439e-bcc6-4ee6f991de8e@group-1DB3D83BE794: changes role from      null to FOLLOWER at term 0 for startAsFollower
2022-10-18 03:54:49,028 [pool-677-thread-1] INFO  impl.RoleInfo (RoleInfo.java:updateAndGet(139)) - d4fb79f4-51ff-439e-bcc6-4ee6f991de8e: start d4fb79f4-51ff-439e-bcc6-4ee6f991de8e@group-1DB3D83BE794-FollowerState
2022-10-18 03:54:49,029 [pool-677-thread-1] INFO  util.JmxRegister (JmxRegister.java:tryRegister(44)) - Successfully registered JMX Bean with object name Ratis:service=RaftServer,group=group-1DB3D83BE794,id=d4fb79f4-51ff-439e-bcc6-4ee6f991de8e
2022-10-18 03:54:49,030 [Command processor thread] INFO  ratis.XceiverServerRatis (XceiverServerRatis.java:addGroup(765)) - Created group PipelineID=179014d7-0175-44ec-8931-1db3d83be794
2022-10-18 03:54:49,037 [grpc-default-executor-2] INFO  server.RaftServer (RaftServerProxy.java:addNew(96)) - bf918f47-46e4-4489-b5fc-5f9d222f6194: addNew group-1DB3D83BE794:[d4fb79f4-51ff-439e-bcc6-4ee6f991de8e|rpc:10.1.0.75:45177|dataStream:|priority:1, d9a4f769-630a-47d2-b95a-61308b2125ef|rpc:10.1.0.75:34659|dataStream:|priority:0, bf918f47-46e4-4489-b5fc-5f9d222f6194|rpc:10.1.0.75:40087|dataStream:|priority:0] returns group-1DB3D83BE794:java.util.concurrent.CompletableFuture@2414d0f[Not completed]
2022-10-18 03:54:49,038 [pool-700-thread-1] INFO  server.RaftServer$Division (RaftServerImpl.java:<init>(190)) - bf918f47-46e4-4489-b5fc-5f9d222f6194: new RaftServerImpl for group-1DB3D83BE794:[d4fb79f4-51ff-439e-bcc6-4ee6f991de8e|rpc:10.1.0.75:45177|dataStream:|priority:1, d9a4f769-630a-47d2-b95a-61308b2125ef|rpc:10.1.0.75:34659|dataStream:|priority:0, bf918f47-46e4-4489-b5fc-5f9d222f6194|rpc:10.1.0.75:40087|dataStream:|priority:0] with ContainerStateMachine:uninitialized
2022-10-18 03:54:49,038 [pool-700-thread-1] INFO  server.RaftServerConfigKeys (ConfUtils.java:logGet(46)) - raft.server.rpc.timeout.min = 5s (custom)
2022-10-18 03:54:49,039 [pool-700-thread-1] INFO  server.RaftServerConfigKeys (ConfUtils.java:logGet(46)) - raft.server.rpc.timeout.max = 5200ms (custom)
2022-10-18 03:54:49,039 [pool-700-thread-1] INFO  server.RaftServerConfigKeys (ConfUtils.java:logGet(46)) - raft.server.rpc.sleep.time = 25ms (default)
2022-10-18 03:54:49,039 [pool-700-thread-1] INFO  server.RaftServerConfigKeys (ConfUtils.java:logGet(46)) - raft.server.rpc.slowness.timeout = 300s (custom)
2022-10-18 03:54:49,039 [pool-700-thread-1] INFO  server.RaftServerConfigKeys (ConfUtils.java:logGet(46)) - raft.server.leaderelection.leader.step-down.wait-time = 10s (default)
2022-10-18 03:54:49,039 [pool-700-thread-1] INFO  server.RaftServerConfigKeys (ConfUtils.java:logGet(46)) - raft.server.sleep.deviation.threshold = 300ms (default)
2022-10-18 03:54:49,039 [pool-700-thread-1] INFO  server.RaftServer$Division (ServerState.java:<init>(107)) - bf918f47-46e4-4489-b5fc-5f9d222f6194@group-1DB3D83BE794: ConfigurationManager, init=-1: [d4fb79f4-51ff-439e-bcc6-4ee6f991de8e|rpc:10.1.0.75:45177|dataStream:|priority:1, d9a4f769-630a-47d2-b95a-61308b2125ef|rpc:10.1.0.75:34659|dataStream:|priority:0, bf918f47-46e4-4489-b5fc-5f9d222f6194|rpc:10.1.0.75:40087|dataStream:|priority:0], old=null, confs=<EMPTY_MAP>
2022-10-18 03:54:49,039 [pool-700-thread-1] INFO  server.RaftServerConfigKeys (ConfUtils.java:logGet(46)) - raft.server.storage.dir = [/home/runner/work/ozone/ozone/hadoop-ozone/integration-test/target/test-dir/MiniOzoneClusterImpl-2682239d-8109-418f-bfce-648431d3ae5d/datanode-1/data/ratis] (custom)
2022-10-18 03:54:49,039 [pool-700-thread-1] INFO  server.RaftServerConfigKeys (ConfUtils.java:logGet(46)) - raft.server.log.corruption.policy = EXCEPTION (default)
2022-10-18 03:54:49,039 [pool-700-thread-1] INFO  server.RaftServerConfigKeys (ConfUtils.java:logGet(46)) - raft.server.storage.free-space.min = 0MB (=0) (default)
2022-10-18 03:54:49,039 [pool-700-thread-1] INFO  storage.RaftStorageDirectory (RaftStorageDirectoryImpl.java:analyzeStorage(135)) - The storage directory /home/runner/work/ozone/ozone/hadoop-ozone/integration-test/target/test-dir/MiniOzoneClusterImpl-2682239d-8109-418f-bfce-648431d3ae5d/datanode-1/data/ratis/179014d7-0175-44ec-8931-1db3d83be794 does not exist. Creating ...
2022-10-18 03:54:49,041 [pool-700-thread-1] INFO  storage.RaftStorageDirectory (RaftStorageDirectoryImpl.java:tryLock(230)) - Lock on /home/runner/work/ozone/ozone/hadoop-ozone/integration-test/target/test-dir/MiniOzoneClusterImpl-2682239d-8109-418f-bfce-648431d3ae5d/datanode-1/data/ratis/179014d7-0175-44ec-8931-1db3d83be794/in_use.lock acquired by nodename 30743@fv-az573-760
2022-10-18 03:54:49,042 [pool-700-thread-1] INFO  storage.RaftStorage (RaftStorageImpl.java:format(89)) - Storage directory /home/runner/work/ozone/ozone/hadoop-ozone/integration-test/target/test-dir/MiniOzoneClusterImpl-2682239d-8109-418f-bfce-648431d3ae5d/datanode-1/data/ratis/179014d7-0175-44ec-8931-1db3d83be794 has been successfully formatted.
2022-10-18 03:54:49,043 [pool-700-thread-1] INFO  ratis.ContainerStateMachine (ContainerStateMachine.java:loadSnapshot(236)) - group-1DB3D83BE794: The snapshot info is null. Setting the last applied indexto:(t:0, i:~)
2022-10-18 03:54:49,044 [pool-700-thread-1] INFO  server.RaftServerConfigKeys (ConfUtils.java:logGet(46)) - raft.server.notification.no-leader.timeout = 300s (custom)
2022-10-18 03:54:49,044 [pool-700-thread-1] INFO  server.RaftServerConfigKeys (ConfUtils.java:logGet(46)) - raft.server.log.use.memory = false (default)
2022-10-18 03:54:49,044 [pool-700-thread-1] INFO  server.RaftServerConfigKeys (ConfUtils.java:logGet(46)) - raft.server.log.purge.gap = 1000000 (custom)
2022-10-18 03:54:49,044 [pool-700-thread-1] INFO  server.RaftServerConfigKeys (ConfUtils.java:logGet(46)) - raft.server.log.appender.buffer.byte-limit = 33554432 (custom)
2022-10-18 03:54:49,044 [pool-700-thread-1] INFO  server.RaftServerConfigKeys (ConfUtils.java:logGet(46)) - raft.server.log.statemachine.data.read.timeout = 1000ms (default)
2022-10-18 03:54:49,045 [pool-700-thread-1] INFO  server.RaftServerConfigKeys (ConfUtils.java:logGet(46)) - raft.server.log.segment.size.max = 1048576 (custom)
2022-10-18 03:54:49,045 [pool-700-thread-1] INFO  server.RaftServerConfigKeys (ConfUtils.java:logGet(46)) - raft.server.log.segment.cache.num.max = 2 (custom)
2022-10-18 03:54:49,046 [pool-700-thread-1] INFO  server.RaftServerConfigKeys (ConfUtils.java:logGet(46)) - raft.server.log.segment.cache.size.max = 200MB (=209715200) (default)
2022-10-18 03:54:49,046 [pool-700-thread-1] INFO  segmented.SegmentedRaftLogWorker (SegmentedRaftLogWorker.java:<init>(187)) - new bf918f47-46e4-4489-b5fc-5f9d222f6194@group-1DB3D83BE794-SegmentedRaftLogWorker for RaftStorageImpl:Storage Directory /home/runner/work/ozone/ozone/hadoop-ozone/integration-test/target/test-dir/MiniOzoneClusterImpl-2682239d-8109-418f-bfce-648431d3ae5d/datanode-1/data/ratis/179014d7-0175-44ec-8931-1db3d83be794
2022-10-18 03:54:49,046 [pool-700-thread-1] INFO  server.RaftServerConfigKeys (ConfUtils.java:logGet(46)) - raft.server.log.queue.byte-limit = 4294967296 (custom)
2022-10-18 03:54:49,046 [pool-700-thread-1] INFO  server.RaftServerConfigKeys (ConfUtils.java:logGet(46)) - raft.server.log.queue.element-limit = 1024 (custom)
2022-10-18 03:54:49,046 [pool-700-thread-1] INFO  server.RaftServerConfigKeys (ConfUtils.java:logGet(46)) - raft.server.log.segment.size.max = 1048576 (custom)
2022-10-18 03:54:49,046 [pool-700-thread-1] INFO  server.RaftServerConfigKeys (ConfUtils.java:logGet(46)) - raft.server.log.preallocated.size = 16384 (custom)
2022-10-18 03:54:49,046 [pool-700-thread-1] INFO  server.RaftServerConfigKeys (ConfUtils.java:logGet(46)) - raft.server.log.force.sync.num = 128 (default)
2022-10-18 03:54:49,046 [pool-700-thread-1] INFO  server.RaftServerConfigKeys (ConfUtils.java:logGet(46)) - raft.server.log.statemachine.data.sync = true (default)
2022-10-18 03:54:49,046 [pool-700-thread-1] INFO  server.RaftServerConfigKeys (ConfUtils.java:logGet(46)) - raft.server.log.statemachine.data.sync.timeout = 10s (default)
2022-10-18 03:54:49,046 [pool-700-thread-1] INFO  server.RaftServerConfigKeys (ConfUtils.java:logGet(46)) - raft.server.log.statemachine.data.sync.timeout.retry = -1 (default)
2022-10-18 03:54:49,047 [pool-700-thread-1] INFO  server.RaftServerConfigKeys (ConfUtils.java:logGet(46)) - raft.server.log.write.buffer.size = 1048576 (custom)
2022-10-18 03:54:49,048 [pool-700-thread-1] INFO  server.RaftServerConfigKeys (ConfUtils.java:logGet(46)) - raft.server.log.unsafe-flush.enabled = false (default)
2022-10-18 03:54:49,048 [pool-700-thread-1] INFO  server.RaftServerConfigKeys (ConfUtils.java:logGet(46)) - raft.server.log.statemachine.data.caching.enabled = true (custom)
2022-10-18 03:54:49,048 [pool-700-thread-1] INFO  segmented.SegmentedRaftLogWorker (SegmentedRaftLogWorker.java:lambda$new$0(135)) - bf918f47-46e4-4489-b5fc-5f9d222f6194@group-1DB3D83BE794-SegmentedRaftLogWorker: flushIndex: setUnconditionally 0 -> -1
2022-10-18 03:54:49,048 [pool-700-thread-1] INFO  segmented.SegmentedRaftLogWorker (SegmentedRaftLogWorker.java:lambda$new$0(135)) - bf918f47-46e4-4489-b5fc-5f9d222f6194@group-1DB3D83BE794-SegmentedRaftLogWorker: safeCacheEvictIndex: setUnconditionally 0 -> -1
2022-10-18 03:54:49,048 [pool-700-thread-1] INFO  server.RaftServerConfigKeys (ConfUtils.java:logGet(46)) - raft.server.snapshot.auto.trigger.enabled = true (custom)
2022-10-18 03:54:49,048 [pool-700-thread-1] INFO  server.RaftServerConfigKeys (ConfUtils.java:logGet(46)) - raft.server.snapshot.auto.trigger.threshold = 10000 (custom)
2022-10-18 03:54:49,048 [pool-700-thread-1] INFO  server.RaftServerConfigKeys (ConfUtils.java:logGet(46)) - raft.server.snapshot.retention.file.num = 5 (custom)
2022-10-18 03:54:49,048 [pool-700-thread-1] INFO  server.RaftServerConfigKeys (ConfUtils.java:logGet(46)) - raft.server.log.purge.upto.snapshot.index = false (default)
2022-10-18 03:54:49,048 [pool-700-thread-1] INFO  server.RaftServerConfigKeys (ConfUtils.java:logGet(46)) - raft.server.retrycache.expirytime = 600000ms (custom)
2022-10-18 03:54:49,048 [pool-700-thread-1] INFO  server.RaftServerConfigKeys (ConfUtils.java:logGet(46)) - raft.server.retrycache.statistics.expirytime = 100μs (default)
2022-10-18 03:54:49,050 [pool-700-thread-1] INFO  server.RaftServerConfigKeys (ConfUtils.java:logGet(46)) - raft.server.log.appender.install.snapshot.enabled = false (custom)
2022-10-18 03:54:49,050 [pool-700-thread-1] INFO  server.RaftServerConfigKeys (ConfUtils.java:logGet(46)) - raft.server.threadpool.server.cached = true (default)
2022-10-18 03:54:49,050 [pool-700-thread-1] INFO  server.RaftServerConfigKeys (ConfUtils.java:logGet(46)) - raft.server.threadpool.server.size = 0 (default)
2022-10-18 03:54:49,050 [pool-700-thread-1] INFO  server.RaftServerConfigKeys (ConfUtils.java:logGet(46)) - raft.server.threadpool.client.cached = true (default)
2022-10-18 03:54:49,050 [pool-700-thread-1] INFO  server.RaftServerConfigKeys (ConfUtils.java:logGet(46)) - raft.server.threadpool.client.size = 0 (default)
2022-10-18 03:54:49,050 [pool-700-thread-1] INFO  server.RaftServer$Division (RaftServerImpl.java:start(310)) - bf918f47-46e4-4489-b5fc-5f9d222f6194@group-1DB3D83BE794: start as a follower, conf=-1: [d4fb79f4-51ff-439e-bcc6-4ee6f991de8e|rpc:10.1.0.75:45177|dataStream:|priority:1, d9a4f769-630a-47d2-b95a-61308b2125ef|rpc:10.1.0.75:34659|dataStream:|priority:0, bf918f47-46e4-4489-b5fc-5f9d222f6194|rpc:10.1.0.75:40087|dataStream:|priority:0], old=null
2022-10-18 03:54:49,050 [pool-700-thread-1] INFO  server.RaftServer$Division (RaftServerImpl.java:setRole(299)) - bf918f47-46e4-4489-b5fc-5f9d222f6194@group-1DB3D83BE794: changes role from      null to FOLLOWER at term 0 for startAsFollower
2022-10-18 03:54:49,050 [pool-700-thread-1] INFO  impl.RoleInfo (RoleInfo.java:updateAndGet(139)) - bf918f47-46e4-4489-b5fc-5f9d222f6194: start bf918f47-46e4-4489-b5fc-5f9d222f6194@group-1DB3D83BE794-FollowerState
2022-10-18 03:54:49,053 [pool-700-thread-1] INFO  util.JmxRegister (JmxRegister.java:tryRegister(44)) - Successfully registered JMX Bean with object name Ratis:service=RaftServer,group=group-1DB3D83BE794,id=bf918f47-46e4-4489-b5fc-5f9d222f6194
2022-10-18 03:54:49,068 [grpc-default-executor-2] INFO  server.RaftServer (RaftServerProxy.java:addNew(96)) - d9a4f769-630a-47d2-b95a-61308b2125ef: addNew group-1DB3D83BE794:[d4fb79f4-51ff-439e-bcc6-4ee6f991de8e|rpc:10.1.0.75:45177|dataStream:|priority:1, d9a4f769-630a-47d2-b95a-61308b2125ef|rpc:10.1.0.75:34659|dataStream:|priority:0, bf918f47-46e4-4489-b5fc-5f9d222f6194|rpc:10.1.0.75:40087|dataStream:|priority:0] returns group-1DB3D83BE794:java.util.concurrent.CompletableFuture@1a5819b[Not completed]
2022-10-18 03:54:49,069 [pool-723-thread-1] INFO  server.RaftServer$Division (RaftServerImpl.java:<init>(190)) - d9a4f769-630a-47d2-b95a-61308b2125ef: new RaftServerImpl for group-1DB3D83BE794:[d4fb79f4-51ff-439e-bcc6-4ee6f991de8e|rpc:10.1.0.75:45177|dataStream:|priority:1, d9a4f769-630a-47d2-b95a-61308b2125ef|rpc:10.1.0.75:34659|dataStream:|priority:0, bf918f47-46e4-4489-b5fc-5f9d222f6194|rpc:10.1.0.75:40087|dataStream:|priority:0] with ContainerStateMachine:uninitialized
2022-10-18 03:54:49,069 [pool-723-thread-1] INFO  server.RaftServerConfigKeys (ConfUtils.java:logGet(46)) - raft.server.rpc.timeout.min = 5s (custom)
2022-10-18 03:54:49,069 [pool-723-thread-1] INFO  server.RaftServerConfigKeys (ConfUtils.java:logGet(46)) - raft.server.rpc.timeout.max = 5200ms (custom)
2022-10-18 03:54:49,069 [pool-723-thread-1] INFO  server.RaftServerConfigKeys (ConfUtils.java:logGet(46)) - raft.server.rpc.sleep.time = 25ms (default)
2022-10-18 03:54:49,069 [pool-723-thread-1] INFO  server.RaftServerConfigKeys (ConfUtils.java:logGet(46)) - raft.server.rpc.slowness.timeout = 300s (custom)
2022-10-18 03:54:49,069 [pool-723-thread-1] INFO  server.RaftServerConfigKeys (ConfUtils.java:logGet(46)) - raft.server.leaderelection.leader.step-down.wait-time = 10s (default)
2022-10-18 03:54:49,069 [pool-723-thread-1] INFO  server.RaftServerConfigKeys (ConfUtils.java:logGet(46)) - raft.server.sleep.deviation.threshold = 300ms (default)
2022-10-18 03:54:49,069 [pool-723-thread-1] INFO  server.RaftServer$Division (ServerState.java:<init>(107)) - d9a4f769-630a-47d2-b95a-61308b2125ef@group-1DB3D83BE794: ConfigurationManager, init=-1: [d4fb79f4-51ff-439e-bcc6-4ee6f991de8e|rpc:10.1.0.75:45177|dataStream:|priority:1, d9a4f769-630a-47d2-b95a-61308b2125ef|rpc:10.1.0.75:34659|dataStream:|priority:0, bf918f47-46e4-4489-b5fc-5f9d222f6194|rpc:10.1.0.75:40087|dataStream:|priority:0], old=null, confs=<EMPTY_MAP>
2022-10-18 03:54:49,069 [pool-723-thread-1] INFO  server.RaftServerConfigKeys (ConfUtils.java:logGet(46)) - raft.server.storage.dir = [/home/runner/work/ozone/ozone/hadoop-ozone/integration-test/target/test-dir/MiniOzoneClusterImpl-2682239d-8109-418f-bfce-648431d3ae5d/datanode-2/data/ratis] (custom)
2022-10-18 03:54:49,069 [pool-723-thread-1] INFO  server.RaftServerConfigKeys (ConfUtils.java:logGet(46)) - raft.server.log.corruption.policy = EXCEPTION (default)
2022-10-18 03:54:49,069 [pool-723-thread-1] INFO  server.RaftServerConfigKeys (ConfUtils.java:logGet(46)) - raft.server.storage.free-space.min = 0MB (=0) (default)
2022-10-18 03:54:49,070 [pool-723-thread-1] INFO  storage.RaftStorageDirectory (RaftStorageDirectoryImpl.java:analyzeStorage(135)) - The storage directory /home/runner/work/ozone/ozone/hadoop-ozone/integration-test/target/test-dir/MiniOzoneClusterImpl-2682239d-8109-418f-bfce-648431d3ae5d/datanode-2/data/ratis/179014d7-0175-44ec-8931-1db3d83be794 does not exist. Creating ...
2022-10-18 03:54:49,071 [pool-723-thread-1] INFO  storage.RaftStorageDirectory (RaftStorageDirectoryImpl.java:tryLock(230)) - Lock on /home/runner/work/ozone/ozone/hadoop-ozone/integration-test/target/test-dir/MiniOzoneClusterImpl-2682239d-8109-418f-bfce-648431d3ae5d/datanode-2/data/ratis/179014d7-0175-44ec-8931-1db3d83be794/in_use.lock acquired by nodename 30743@fv-az573-760
2022-10-18 03:54:49,072 [pool-723-thread-1] INFO  storage.RaftStorage (RaftStorageImpl.java:format(89)) - Storage directory /home/runner/work/ozone/ozone/hadoop-ozone/integration-test/target/test-dir/MiniOzoneClusterImpl-2682239d-8109-418f-bfce-648431d3ae5d/datanode-2/data/ratis/179014d7-0175-44ec-8931-1db3d83be794 has been successfully formatted.
2022-10-18 03:54:49,072 [pool-723-thread-1] INFO  ratis.ContainerStateMachine (ContainerStateMachine.java:loadSnapshot(236)) - group-1DB3D83BE794: The snapshot info is null. Setting the last applied indexto:(t:0, i:~)
2022-10-18 03:54:49,072 [pool-723-thread-1] INFO  server.RaftServerConfigKeys (ConfUtils.java:logGet(46)) - raft.server.notification.no-leader.timeout = 300s (custom)
2022-10-18 03:54:49,073 [pool-723-thread-1] INFO  server.RaftServerConfigKeys (ConfUtils.java:logGet(46)) - raft.server.log.use.memory = false (default)
2022-10-18 03:54:49,073 [pool-723-thread-1] INFO  server.RaftServerConfigKeys (ConfUtils.java:logGet(46)) - raft.server.log.purge.gap = 1000000 (custom)
2022-10-18 03:54:49,073 [pool-723-thread-1] INFO  server.RaftServerConfigKeys (ConfUtils.java:logGet(46)) - raft.server.log.appender.buffer.byte-limit = 33554432 (custom)
2022-10-18 03:54:49,073 [pool-723-thread-1] INFO  server.RaftServerConfigKeys (ConfUtils.java:logGet(46)) - raft.server.log.statemachine.data.read.timeout = 1000ms (default)
2022-10-18 03:54:49,073 [pool-723-thread-1] INFO  server.RaftServerConfigKeys (ConfUtils.java:logGet(46)) - raft.server.log.segment.size.max = 1048576 (custom)
2022-10-18 03:54:49,074 [pool-723-thread-1] INFO  server.RaftServerConfigKeys (ConfUtils.java:logGet(46)) - raft.server.log.segment.cache.num.max = 2 (custom)
2022-10-18 03:54:49,074 [pool-723-thread-1] INFO  server.RaftServerConfigKeys (ConfUtils.java:logGet(46)) - raft.server.log.segment.cache.size.max = 200MB (=209715200) (default)
2022-10-18 03:54:49,074 [pool-723-thread-1] INFO  segmented.SegmentedRaftLogWorker (SegmentedRaftLogWorker.java:<init>(187)) - new d9a4f769-630a-47d2-b95a-61308b2125ef@group-1DB3D83BE794-SegmentedRaftLogWorker for RaftStorageImpl:Storage Directory /home/runner/work/ozone/ozone/hadoop-ozone/integration-test/target/test-dir/MiniOzoneClusterImpl-2682239d-8109-418f-bfce-648431d3ae5d/datanode-2/data/ratis/179014d7-0175-44ec-8931-1db3d83be794
2022-10-18 03:54:49,074 [pool-723-thread-1] INFO  server.RaftServerConfigKeys (ConfUtils.java:logGet(46)) - raft.server.log.queue.byte-limit = 4294967296 (custom)
2022-10-18 03:54:49,074 [pool-723-thread-1] INFO  server.RaftServerConfigKeys (ConfUtils.java:logGet(46)) - raft.server.log.queue.element-limit = 1024 (custom)
2022-10-18 03:54:49,074 [pool-723-thread-1] INFO  server.RaftServerConfigKeys (ConfUtils.java:logGet(46)) - raft.server.log.segment.size.max = 1048576 (custom)
2022-10-18 03:54:49,074 [pool-723-thread-1] INFO  server.RaftServerConfigKeys (ConfUtils.java:logGet(46)) - raft.server.log.preallocated.size = 16384 (custom)
2022-10-18 03:54:49,074 [pool-723-thread-1] INFO  server.RaftServerConfigKeys (ConfUtils.java:logGet(46)) - raft.server.log.force.sync.num = 128 (default)
2022-10-18 03:54:49,074 [pool-723-thread-1] INFO  server.RaftServerConfigKeys (ConfUtils.java:logGet(46)) - raft.server.log.statemachine.data.sync = true (default)
2022-10-18 03:54:49,074 [pool-723-thread-1] INFO  server.RaftServerConfigKeys (ConfUtils.java:logGet(46)) - raft.server.log.statemachine.data.sync.timeout = 10s (default)
2022-10-18 03:54:49,074 [pool-723-thread-1] INFO  server.RaftServerConfigKeys (ConfUtils.java:logGet(46)) - raft.server.log.statemachine.data.sync.timeout.retry = -1 (default)
2022-10-18 03:54:49,075 [pool-723-thread-1] INFO  server.RaftServerConfigKeys (ConfUtils.java:logGet(46)) - raft.server.log.write.buffer.size = 1048576 (custom)
2022-10-18 03:54:49,076 [pool-723-thread-1] INFO  server.RaftServerConfigKeys (ConfUtils.java:logGet(46)) - raft.server.log.unsafe-flush.enabled = false (default)
2022-10-18 03:54:49,076 [pool-723-thread-1] INFO  server.RaftServerConfigKeys (ConfUtils.java:logGet(46)) - raft.server.log.statemachine.data.caching.enabled = true (custom)
2022-10-18 03:54:49,076 [pool-723-thread-1] INFO  segmented.SegmentedRaftLogWorker (SegmentedRaftLogWorker.java:lambda$new$0(135)) - d9a4f769-630a-47d2-b95a-61308b2125ef@group-1DB3D83BE794-SegmentedRaftLogWorker: flushIndex: setUnconditionally 0 -> -1
2022-10-18 03:54:49,076 [pool-723-thread-1] INFO  segmented.SegmentedRaftLogWorker (SegmentedRaftLogWorker.java:lambda$new$0(135)) - d9a4f769-630a-47d2-b95a-61308b2125ef@group-1DB3D83BE794-SegmentedRaftLogWorker: safeCacheEvictIndex: setUnconditionally 0 -> -1
2022-10-18 03:54:49,076 [pool-723-thread-1] INFO  server.RaftServerConfigKeys (ConfUtils.java:logGet(46)) - raft.server.snapshot.auto.trigger.enabled = true (custom)
2022-10-18 03:54:49,076 [pool-723-thread-1] INFO  server.RaftServerConfigKeys (ConfUtils.java:logGet(46)) - raft.server.snapshot.auto.trigger.threshold = 10000 (custom)
2022-10-18 03:54:49,076 [pool-723-thread-1] INFO  server.RaftServerConfigKeys (ConfUtils.java:logGet(46)) - raft.server.snapshot.retention.file.num = 5 (custom)
2022-10-18 03:54:49,076 [pool-723-thread-1] INFO  server.RaftServerConfigKeys (ConfUtils.java:logGet(46)) - raft.server.log.purge.upto.snapshot.index = false (default)
2022-10-18 03:54:49,077 [pool-723-thread-1] INFO  server.RaftServerConfigKeys (ConfUtils.java:logGet(46)) - raft.server.retrycache.expirytime = 600000ms (custom)
2022-10-18 03:54:49,077 [pool-723-thread-1] INFO  server.RaftServerConfigKeys (ConfUtils.java:logGet(46)) - raft.server.retrycache.statistics.expirytime = 100μs (default)
2022-10-18 03:54:49,078 [pool-723-thread-1] INFO  server.RaftServerConfigKeys (ConfUtils.java:logGet(46)) - raft.server.log.appender.install.snapshot.enabled = false (custom)
2022-10-18 03:54:49,078 [pool-723-thread-1] INFO  server.RaftServerConfigKeys (ConfUtils.java:logGet(46)) - raft.server.threadpool.server.cached = true (default)
2022-10-18 03:54:49,078 [pool-723-thread-1] INFO  server.RaftServerConfigKeys (ConfUtils.java:logGet(46)) - raft.server.threadpool.server.size = 0 (default)
2022-10-18 03:54:49,078 [pool-723-thread-1] INFO  server.RaftServerConfigKeys (ConfUtils.java:logGet(46)) - raft.server.threadpool.client.cached = true (default)
2022-10-18 03:54:49,078 [pool-723-thread-1] INFO  server.RaftServerConfigKeys (ConfUtils.java:logGet(46)) - raft.server.threadpool.client.size = 0 (default)
2022-10-18 03:54:49,079 [pool-723-thread-1] INFO  server.RaftServer$Division (RaftServerImpl.java:start(310)) - d9a4f769-630a-47d2-b95a-61308b2125ef@group-1DB3D83BE794: start as a follower, conf=-1: [d4fb79f4-51ff-439e-bcc6-4ee6f991de8e|rpc:10.1.0.75:45177|dataStream:|priority:1, d9a4f769-630a-47d2-b95a-61308b2125ef|rpc:10.1.0.75:34659|dataStream:|priority:0, bf918f47-46e4-4489-b5fc-5f9d222f6194|rpc:10.1.0.75:40087|dataStream:|priority:0], old=null
2022-10-18 03:54:49,079 [pool-723-thread-1] INFO  server.RaftServer$Division (RaftServerImpl.java:setRole(299)) - d9a4f769-630a-47d2-b95a-61308b2125ef@group-1DB3D83BE794: changes role from      null to FOLLOWER at term 0 for startAsFollower
2022-10-18 03:54:49,079 [pool-723-thread-1] INFO  impl.RoleInfo (RoleInfo.java:updateAndGet(139)) - d9a4f769-630a-47d2-b95a-61308b2125ef: start d9a4f769-630a-47d2-b95a-61308b2125ef@group-1DB3D83BE794-FollowerState
2022-10-18 03:54:49,079 [pool-723-thread-1] INFO  util.JmxRegister (JmxRegister.java:tryRegister(44)) - Successfully registered JMX Bean with object name Ratis:service=RaftServer,group=group-1DB3D83BE794,id=d9a4f769-630a-47d2-b95a-61308b2125ef
2022-10-18 03:54:49,084 [Command processor thread] INFO  commandhandler.CreatePipelineCommandHandler (CreatePipelineCommandHandler.java:handle(113)) - Created Pipeline RATIS THREE PipelineID=179014d7-0175-44ec-8931-1db3d83be794.
2022-10-18 03:54:49,178 [EndpointStateMachine task thread for /0.0.0.0:43069 - 0 ] INFO  ipc.Client (Client.java:handleConnectionFailure(1010)) - Retrying connect to server: 0.0.0.0/0.0.0.0:43069. Already tried 14 time(s); retry policy is RetryUpToMaximumCountWithFixedSleep(maxRetries=15, sleepTime=1000 MILLISECONDS)
2022-10-18 03:54:49,178 [EndpointStateMachine task thread for /0.0.0.0:43069 - 0 ] WARN  statemachine.EndpointStateMachine (EndpointStateMachine.java:logIfNeeded(242)) - Unable to communicate to SCM server at 0.0.0.0:43069 for past 0 seconds.
java.net.ConnectException: Your endpoint configuration is wrong; For more details see:  http://wiki.apache.org/hadoop/UnsetHostnameOrPort
	at sun.reflect.NativeConstructorAccessorImpl.newInstance0(Native Method)
	at sun.reflect.NativeConstructorAccessorImpl.newInstance(NativeConstructorAccessorImpl.java:62)
	at sun.reflect.DelegatingConstructorAccessorImpl.newInstance(DelegatingConstructorAccessorImpl.java:45)
	at java.lang.reflect.Constructor.newInstance(Constructor.java:423)
	at org.apache.hadoop.net.NetUtils.wrapWithMessage(NetUtils.java:913)
	at org.apache.hadoop.net.NetUtils.wrapException(NetUtils.java:824)
	at org.apache.hadoop.ipc.Client.getRpcResponse(Client.java:1616)
	at org.apache.hadoop.ipc.Client.call(Client.java:1558)
	at org.apache.hadoop.ipc.Client.call(Client.java:1455)
	at org.apache.hadoop.ipc.ProtobufRpcEngine$Invoker.invoke(ProtobufRpcEngine.java:235)
	at org.apache.hadoop.ipc.ProtobufRpcEngine$Invoker.invoke(ProtobufRpcEngine.java:122)
	at com.sun.proxy.$Proxy54.submitRequest(Unknown Source)
	at org.apache.hadoop.ozone.protocolPB.StorageContainerDatanodeProtocolClientSideTranslatorPB.submitRequest(StorageContainerDatanodeProtocolClientSideTranslatorPB.java:117)
	at org.apache.hadoop.ozone.protocolPB.StorageContainerDatanodeProtocolClientSideTranslatorPB.sendHeartbeat(StorageContainerDatanodeProtocolClientSideTranslatorPB.java:149)
	at org.apache.hadoop.ozone.container.common.states.endpoint.HeartbeatEndpointTask.call(HeartbeatEndpointTask.java:185)
	at org.apache.hadoop.ozone.container.common.states.endpoint.HeartbeatEndpointTask.call(HeartbeatEndpointTask.java:87)
	at java.util.concurrent.FutureTask.run(FutureTask.java:266)
	at java.util.concurrent.ThreadPoolExecutor.runWorker(ThreadPoolExecutor.java:1149)
	at java.util.concurrent.ThreadPoolExecutor$Worker.run(ThreadPoolExecutor.java:624)
	at java.lang.Thread.run(Thread.java:750)
Caused by: java.net.ConnectException: Connection refused
	at sun.nio.ch.SocketChannelImpl.checkConnect(Native Method)
	at sun.nio.ch.SocketChannelImpl.finishConnect(SocketChannelImpl.java:716)
	at org.apache.hadoop.net.SocketIOWithTimeout.connect(SocketIOWithTimeout.java:205)
	at org.apache.hadoop.net.NetUtils.connect(NetUtils.java:586)
	at org.apache.hadoop.ipc.Client$Connection.setupConnection(Client.java:711)
	at org.apache.hadoop.ipc.Client$Connection.setupIOstreams(Client.java:833)
	at org.apache.hadoop.ipc.Client$Connection.access$3800(Client.java:414)
	at org.apache.hadoop.ipc.Client.getConnection(Client.java:1677)
	at org.apache.hadoop.ipc.Client.call(Client.java:1502)
	... 12 more
2022-10-18 03:54:49,287 [Command processor thread] INFO  server.RaftServer (RaftServerProxy.java:addNew(96)) - bf918f47-46e4-4489-b5fc-5f9d222f6194: addNew group-69D72C5DBFDA:[bf918f47-46e4-4489-b5fc-5f9d222f6194|rpc:10.1.0.75:40087|priority:1] returns group-69D72C5DBFDA:java.util.concurrent.CompletableFuture@579f0d89[Not completed]
2022-10-18 03:54:49,287 [pool-700-thread-1] INFO  server.RaftServer$Division (RaftServerImpl.java:<init>(190)) - bf918f47-46e4-4489-b5fc-5f9d222f6194: new RaftServerImpl for group-69D72C5DBFDA:[bf918f47-46e4-4489-b5fc-5f9d222f6194|rpc:10.1.0.75:40087|priority:1] with ContainerStateMachine:uninitialized
2022-10-18 03:54:49,288 [pool-700-thread-1] INFO  server.RaftServerConfigKeys (ConfUtils.java:logGet(46)) - raft.server.rpc.timeout.min = 5s (custom)
2022-10-18 03:54:49,288 [pool-700-thread-1] INFO  server.RaftServerConfigKeys (ConfUtils.java:logGet(46)) - raft.server.rpc.timeout.max = 5200ms (custom)
2022-10-18 03:54:49,288 [pool-700-thread-1] INFO  server.RaftServerConfigKeys (ConfUtils.java:logGet(46)) - raft.server.rpc.sleep.time = 25ms (default)
2022-10-18 03:54:49,288 [pool-700-thread-1] INFO  server.RaftServerConfigKeys (ConfUtils.java:logGet(46)) - raft.server.rpc.slowness.timeout = 300s (custom)
2022-10-18 03:54:49,288 [pool-700-thread-1] INFO  server.RaftServerConfigKeys (ConfUtils.java:logGet(46)) - raft.server.leaderelection.leader.step-down.wait-time = 10s (default)
2022-10-18 03:54:49,288 [pool-700-thread-1] INFO  server.RaftServerConfigKeys (ConfUtils.java:logGet(46)) - raft.server.sleep.deviation.threshold = 300ms (default)
2022-10-18 03:54:49,288 [pool-700-thread-1] INFO  server.RaftServer$Division (ServerState.java:<init>(107)) - bf918f47-46e4-4489-b5fc-5f9d222f6194@group-69D72C5DBFDA: ConfigurationManager, init=-1: [bf918f47-46e4-4489-b5fc-5f9d222f6194|rpc:10.1.0.75:40087|priority:1], old=null, confs=<EMPTY_MAP>
2022-10-18 03:54:49,288 [pool-700-thread-1] INFO  server.RaftServerConfigKeys (ConfUtils.java:logGet(46)) - raft.server.storage.dir = [/home/runner/work/ozone/ozone/hadoop-ozone/integration-test/target/test-dir/MiniOzoneClusterImpl-2682239d-8109-418f-bfce-648431d3ae5d/datanode-1/data/ratis] (custom)
2022-10-18 03:54:49,288 [pool-700-thread-1] INFO  server.RaftServerConfigKeys (ConfUtils.java:logGet(46)) - raft.server.log.corruption.policy = EXCEPTION (default)
2022-10-18 03:54:49,288 [pool-700-thread-1] INFO  server.RaftServerConfigKeys (ConfUtils.java:logGet(46)) - raft.server.storage.free-space.min = 0MB (=0) (default)
2022-10-18 03:54:49,288 [pool-700-thread-1] INFO  storage.RaftStorageDirectory (RaftStorageDirectoryImpl.java:analyzeStorage(135)) - The storage directory /home/runner/work/ozone/ozone/hadoop-ozone/integration-test/target/test-dir/MiniOzoneClusterImpl-2682239d-8109-418f-bfce-648431d3ae5d/datanode-1/data/ratis/f042214e-ecab-4c4b-ba5a-69d72c5dbfda does not exist. Creating ...
2022-10-18 03:54:49,290 [pool-700-thread-1] INFO  storage.RaftStorageDirectory (RaftStorageDirectoryImpl.java:tryLock(230)) - Lock on /home/runner/work/ozone/ozone/hadoop-ozone/integration-test/target/test-dir/MiniOzoneClusterImpl-2682239d-8109-418f-bfce-648431d3ae5d/datanode-1/data/ratis/f042214e-ecab-4c4b-ba5a-69d72c5dbfda/in_use.lock acquired by nodename 30743@fv-az573-760
2022-10-18 03:54:49,291 [pool-700-thread-1] INFO  storage.RaftStorage (RaftStorageImpl.java:format(89)) - Storage directory /home/runner/work/ozone/ozone/hadoop-ozone/integration-test/target/test-dir/MiniOzoneClusterImpl-2682239d-8109-418f-bfce-648431d3ae5d/datanode-1/data/ratis/f042214e-ecab-4c4b-ba5a-69d72c5dbfda has been successfully formatted.
2022-10-18 03:54:49,292 [pool-700-thread-1] INFO  ratis.ContainerStateMachine (ContainerStateMachine.java:loadSnapshot(236)) - group-69D72C5DBFDA: The snapshot info is null. Setting the last applied indexto:(t:0, i:~)
2022-10-18 03:54:49,292 [pool-700-thread-1] INFO  server.RaftServerConfigKeys (ConfUtils.java:logGet(46)) - raft.server.notification.no-leader.timeout = 300s (custom)
2022-10-18 03:54:49,292 [pool-700-thread-1] INFO  server.RaftServerConfigKeys (ConfUtils.java:logGet(46)) - raft.server.log.use.memory = false (default)
2022-10-18 03:54:49,292 [pool-700-thread-1] INFO  server.RaftServerConfigKeys (ConfUtils.java:logGet(46)) - raft.server.log.purge.gap = 1000000 (custom)
2022-10-18 03:54:49,292 [pool-700-thread-1] INFO  server.RaftServerConfigKeys (ConfUtils.java:logGet(46)) - raft.server.log.appender.buffer.byte-limit = 33554432 (custom)
2022-10-18 03:54:49,293 [EventQueue-PipelineReportForPipelineReportHandler] INFO  pipeline.PipelineManagerImpl (PipelineManagerImpl.java:openPipeline(367)) - Pipeline Pipeline[ Id: f042214e-ecab-4c4b-ba5a-69d72c5dbfda, Nodes: bf918f47-46e4-4489-b5fc-5f9d222f6194{ip: 10.1.0.75, host: fv-az573-760.uspngagyt4suddso0aj1djjezg.dx.internal.cloudapp.net, ports: [REPLICATION=35371, RATIS=40087, RATIS_ADMIN=40087, RATIS_SERVER=40087, STANDALONE=41753], networkLocation: /default-rack, certSerialId: null, persistedOpState: IN_SERVICE, persistedOpStateExpiryEpochSec: 0}, ReplicationConfig: RATIS/ONE, State:ALLOCATED, leaderId:bf918f47-46e4-4489-b5fc-5f9d222f6194, CreationTimestamp2022-10-18T03:54:46.289Z[Etc/UTC]] moved to OPEN state
2022-10-18 03:54:49,294 [EventQueue-OpenPipelineForHealthyPipelineSafeModeRule] INFO  safemode.SCMSafeModeManager (HealthyPipelineSafeModeRule.java:process(137)) - SCM in safe mode. Healthy pipelines reported count is 0, required healthy pipeline reported count is 1
2022-10-18 03:54:49,294 [pool-700-thread-1] INFO  server.RaftServerConfigKeys (ConfUtils.java:logGet(46)) - raft.server.log.statemachine.data.read.timeout = 1000ms (default)
2022-10-18 03:54:49,294 [pool-700-thread-1] INFO  server.RaftServerConfigKeys (ConfUtils.java:logGet(46)) - raft.server.log.segment.size.max = 1048576 (custom)
2022-10-18 03:54:49,295 [pool-700-thread-1] INFO  server.RaftServerConfigKeys (ConfUtils.java:logGet(46)) - raft.server.log.segment.cache.num.max = 2 (custom)
2022-10-18 03:54:49,295 [pool-700-thread-1] INFO  server.RaftServerConfigKeys (ConfUtils.java:logGet(46)) - raft.server.log.segment.cache.size.max = 200MB (=209715200) (default)
2022-10-18 03:54:49,295 [pool-700-thread-1] INFO  segmented.SegmentedRaftLogWorker (SegmentedRaftLogWorker.java:<init>(187)) - new bf918f47-46e4-4489-b5fc-5f9d222f6194@group-69D72C5DBFDA-SegmentedRaftLogWorker for RaftStorageImpl:Storage Directory /home/runner/work/ozone/ozone/hadoop-ozone/integration-test/target/test-dir/MiniOzoneClusterImpl-2682239d-8109-418f-bfce-648431d3ae5d/datanode-1/data/ratis/f042214e-ecab-4c4b-ba5a-69d72c5dbfda
2022-10-18 03:54:49,295 [pool-700-thread-1] INFO  server.RaftServerConfigKeys (ConfUtils.java:logGet(46)) - raft.server.log.queue.byte-limit = 4294967296 (custom)
2022-10-18 03:54:49,295 [pool-700-thread-1] INFO  server.RaftServerConfigKeys (ConfUtils.java:logGet(46)) - raft.server.log.queue.element-limit = 1024 (custom)
2022-10-18 03:54:49,295 [pool-700-thread-1] INFO  server.RaftServerConfigKeys (ConfUtils.java:logGet(46)) - raft.server.log.segment.size.max = 1048576 (custom)
2022-10-18 03:54:49,295 [pool-700-thread-1] INFO  server.RaftServerConfigKeys (ConfUtils.java:logGet(46)) - raft.server.log.preallocated.size = 16384 (custom)
2022-10-18 03:54:49,295 [pool-700-thread-1] INFO  server.RaftServerConfigKeys (ConfUtils.java:logGet(46)) - raft.server.log.force.sync.num = 128 (default)
2022-10-18 03:54:49,295 [pool-700-thread-1] INFO  server.RaftServerConfigKeys (ConfUtils.java:logGet(46)) - raft.server.log.statemachine.data.sync = true (default)
2022-10-18 03:54:49,295 [pool-700-thread-1] INFO  server.RaftServerConfigKeys (ConfUtils.java:logGet(46)) - raft.server.log.statemachine.data.sync.timeout = 10s (default)
2022-10-18 03:54:49,296 [pool-700-thread-1] INFO  server.RaftServerConfigKeys (ConfUtils.java:logGet(46)) - raft.server.log.statemachine.data.sync.timeout.retry = -1 (default)
2022-10-18 03:54:49,297 [pool-700-thread-1] INFO  server.RaftServerConfigKeys (ConfUtils.java:logGet(46)) - raft.server.log.write.buffer.size = 1048576 (custom)
2022-10-18 03:54:49,297 [pool-700-thread-1] INFO  server.RaftServerConfigKeys (ConfUtils.java:logGet(46)) - raft.server.log.unsafe-flush.enabled = false (default)
2022-10-18 03:54:49,297 [pool-700-thread-1] INFO  server.RaftServerConfigKeys (ConfUtils.java:logGet(46)) - raft.server.log.statemachine.data.caching.enabled = true (custom)
2022-10-18 03:54:49,297 [pool-700-thread-1] INFO  segmented.SegmentedRaftLogWorker (SegmentedRaftLogWorker.java:lambda$new$0(135)) - bf918f47-46e4-4489-b5fc-5f9d222f6194@group-69D72C5DBFDA-SegmentedRaftLogWorker: flushIndex: setUnconditionally 0 -> -1
2022-10-18 03:54:49,297 [pool-700-thread-1] INFO  segmented.SegmentedRaftLogWorker (SegmentedRaftLogWorker.java:lambda$new$0(135)) - bf918f47-46e4-4489-b5fc-5f9d222f6194@group-69D72C5DBFDA-SegmentedRaftLogWorker: safeCacheEvictIndex: setUnconditionally 0 -> -1
2022-10-18 03:54:49,297 [pool-700-thread-1] INFO  server.RaftServerConfigKeys (ConfUtils.java:logGet(46)) - raft.server.snapshot.auto.trigger.enabled = true (custom)
2022-10-18 03:54:49,298 [pool-700-thread-1] INFO  server.RaftServerConfigKeys (ConfUtils.java:logGet(46)) - raft.server.snapshot.auto.trigger.threshold = 10000 (custom)
2022-10-18 03:54:49,298 [pool-700-thread-1] INFO  server.RaftServerConfigKeys (ConfUtils.java:logGet(46)) - raft.server.snapshot.retention.file.num = 5 (custom)
2022-10-18 03:54:49,298 [pool-700-thread-1] INFO  server.RaftServerConfigKeys (ConfUtils.java:logGet(46)) - raft.server.log.purge.upto.snapshot.index = false (default)
2022-10-18 03:54:49,298 [pool-700-thread-1] INFO  server.RaftServerConfigKeys (ConfUtils.java:logGet(46)) - raft.server.retrycache.expirytime = 600000ms (custom)
2022-10-18 03:54:49,298 [pool-700-thread-1] INFO  server.RaftServerConfigKeys (ConfUtils.java:logGet(46)) - raft.server.retrycache.statistics.expirytime = 100μs (default)
2022-10-18 03:54:49,299 [pool-700-thread-1] INFO  server.RaftServerConfigKeys (ConfUtils.java:logGet(46)) - raft.server.log.appender.install.snapshot.enabled = false (custom)
2022-10-18 03:54:49,299 [pool-700-thread-1] INFO  server.RaftServerConfigKeys (ConfUtils.java:logGet(46)) - raft.server.threadpool.server.cached = true (default)
2022-10-18 03:54:49,300 [pool-700-thread-1] INFO  server.RaftServerConfigKeys (ConfUtils.java:logGet(46)) - raft.server.threadpool.server.size = 0 (default)
2022-10-18 03:54:49,300 [pool-700-thread-1] INFO  server.RaftServerConfigKeys (ConfUtils.java:logGet(46)) - raft.server.threadpool.client.cached = true (default)
2022-10-18 03:54:49,300 [pool-700-thread-1] INFO  server.RaftServerConfigKeys (ConfUtils.java:logGet(46)) - raft.server.threadpool.client.size = 0 (default)
2022-10-18 03:54:49,300 [pool-700-thread-1] INFO  server.RaftServer$Division (RaftServerImpl.java:start(310)) - bf918f47-46e4-4489-b5fc-5f9d222f6194@group-69D72C5DBFDA: start as a follower, conf=-1: [bf918f47-46e4-4489-b5fc-5f9d222f6194|rpc:10.1.0.75:40087|priority:1], old=null
2022-10-18 03:54:49,300 [pool-700-thread-1] INFO  server.RaftServer$Division (RaftServerImpl.java:setRole(299)) - bf918f47-46e4-4489-b5fc-5f9d222f6194@group-69D72C5DBFDA: changes role from      null to FOLLOWER at term 0 for startAsFollower
2022-10-18 03:54:49,300 [pool-700-thread-1] INFO  impl.RoleInfo (RoleInfo.java:updateAndGet(139)) - bf918f47-46e4-4489-b5fc-5f9d222f6194: start bf918f47-46e4-4489-b5fc-5f9d222f6194@group-69D72C5DBFDA-FollowerState
2022-10-18 03:54:49,300 [pool-700-thread-1] INFO  util.JmxRegister (JmxRegister.java:tryRegister(44)) - Successfully registered JMX Bean with object name Ratis:service=RaftServer,group=group-69D72C5DBFDA,id=bf918f47-46e4-4489-b5fc-5f9d222f6194
2022-10-18 03:54:49,301 [Command processor thread] INFO  ratis.XceiverServerRatis (XceiverServerRatis.java:addGroup(765)) - Created group PipelineID=f042214e-ecab-4c4b-ba5a-69d72c5dbfda
2022-10-18 03:54:49,301 [Command processor thread] INFO  commandhandler.CreatePipelineCommandHandler (CreatePipelineCommandHandler.java:handle(113)) - Created Pipeline RATIS ONE PipelineID=f042214e-ecab-4c4b-ba5a-69d72c5dbfda.
2022-10-18 03:54:49,630 [Command processor thread] INFO  server.RaftServer (RaftServerProxy.java:addNew(96)) - d9a4f769-630a-47d2-b95a-61308b2125ef: addNew group-247900F06C9E:[d9a4f769-630a-47d2-b95a-61308b2125ef|rpc:10.1.0.75:34659|priority:1] returns group-247900F06C9E:java.util.concurrent.CompletableFuture@1c6a4803[Not completed]
2022-10-18 03:54:49,631 [pool-723-thread-1] INFO  server.RaftServer$Division (RaftServerImpl.java:<init>(190)) - d9a4f769-630a-47d2-b95a-61308b2125ef: new RaftServerImpl for group-247900F06C9E:[d9a4f769-630a-47d2-b95a-61308b2125ef|rpc:10.1.0.75:34659|priority:1] with ContainerStateMachine:uninitialized
2022-10-18 03:54:49,631 [pool-723-thread-1] INFO  server.RaftServerConfigKeys (ConfUtils.java:logGet(46)) - raft.server.rpc.timeout.min = 5s (custom)
2022-10-18 03:54:49,631 [pool-723-thread-1] INFO  server.RaftServerConfigKeys (ConfUtils.java:logGet(46)) - raft.server.rpc.timeout.max = 5200ms (custom)
2022-10-18 03:54:49,631 [pool-723-thread-1] INFO  server.RaftServerConfigKeys (ConfUtils.java:logGet(46)) - raft.server.rpc.sleep.time = 25ms (default)
2022-10-18 03:54:49,631 [pool-723-thread-1] INFO  server.RaftServerConfigKeys (ConfUtils.java:logGet(46)) - raft.server.rpc.slowness.timeout = 300s (custom)
2022-10-18 03:54:49,631 [pool-723-thread-1] INFO  server.RaftServerConfigKeys (ConfUtils.java:logGet(46)) - raft.server.leaderelection.leader.step-down.wait-time = 10s (default)
2022-10-18 03:54:49,631 [pool-723-thread-1] INFO  server.RaftServerConfigKeys (ConfUtils.java:logGet(46)) - raft.server.sleep.deviation.threshold = 300ms (default)
2022-10-18 03:54:49,631 [pool-723-thread-1] INFO  server.RaftServer$Division (ServerState.java:<init>(107)) - d9a4f769-630a-47d2-b95a-61308b2125ef@group-247900F06C9E: ConfigurationManager, init=-1: [d9a4f769-630a-47d2-b95a-61308b2125ef|rpc:10.1.0.75:34659|priority:1], old=null, confs=<EMPTY_MAP>
2022-10-18 03:54:49,631 [pool-723-thread-1] INFO  server.RaftServerConfigKeys (ConfUtils.java:logGet(46)) - raft.server.storage.dir = [/home/runner/work/ozone/ozone/hadoop-ozone/integration-test/target/test-dir/MiniOzoneClusterImpl-2682239d-8109-418f-bfce-648431d3ae5d/datanode-2/data/ratis] (custom)
2022-10-18 03:54:49,631 [pool-723-thread-1] INFO  server.RaftServerConfigKeys (ConfUtils.java:logGet(46)) - raft.server.log.corruption.policy = EXCEPTION (default)
2022-10-18 03:54:49,631 [pool-723-thread-1] INFO  server.RaftServerConfigKeys (ConfUtils.java:logGet(46)) - raft.server.storage.free-space.min = 0MB (=0) (default)
2022-10-18 03:54:49,632 [pool-723-thread-1] INFO  storage.RaftStorageDirectory (RaftStorageDirectoryImpl.java:analyzeStorage(135)) - The storage directory /home/runner/work/ozone/ozone/hadoop-ozone/integration-test/target/test-dir/MiniOzoneClusterImpl-2682239d-8109-418f-bfce-648431d3ae5d/datanode-2/data/ratis/52d092b2-29eb-439c-8b54-247900f06c9e does not exist. Creating ...
2022-10-18 03:54:49,632 [Listener at 127.0.0.1/35839] INFO  ozone.MiniOzoneClusterImpl (MiniOzoneClusterImpl.java:lambda$waitForClusterToBeReady$0(216)) - Nodes are ready. Got 3 of 3 DN Heartbeats.
2022-10-18 03:54:49,633 [Listener at 127.0.0.1/35839] INFO  ozone.MiniOzoneClusterImpl (MiniOzoneClusterImpl.java:lambda$waitForClusterToBeReady$0(219)) - Waiting for cluster to exit safe mode
2022-10-18 03:54:49,633 [Listener at 127.0.0.1/35839] INFO  ozone.MiniOzoneClusterImpl (MiniOzoneClusterImpl.java:lambda$waitForClusterToBeReady$0(221)) - SCM became leader
2022-10-18 03:54:49,633 [pool-723-thread-1] INFO  storage.RaftStorageDirectory (RaftStorageDirectoryImpl.java:tryLock(230)) - Lock on /home/runner/work/ozone/ozone/hadoop-ozone/integration-test/target/test-dir/MiniOzoneClusterImpl-2682239d-8109-418f-bfce-648431d3ae5d/datanode-2/data/ratis/52d092b2-29eb-439c-8b54-247900f06c9e/in_use.lock acquired by nodename 30743@fv-az573-760
2022-10-18 03:54:49,635 [pool-723-thread-1] INFO  storage.RaftStorage (RaftStorageImpl.java:format(89)) - Storage directory /home/runner/work/ozone/ozone/hadoop-ozone/integration-test/target/test-dir/MiniOzoneClusterImpl-2682239d-8109-418f-bfce-648431d3ae5d/datanode-2/data/ratis/52d092b2-29eb-439c-8b54-247900f06c9e has been successfully formatted.
2022-10-18 03:54:49,635 [pool-723-thread-1] INFO  ratis.ContainerStateMachine (ContainerStateMachine.java:loadSnapshot(236)) - group-247900F06C9E: The snapshot info is null. Setting the last applied indexto:(t:0, i:~)
2022-10-18 03:54:49,635 [pool-723-thread-1] INFO  server.RaftServerConfigKeys (ConfUtils.java:logGet(46)) - raft.server.notification.no-leader.timeout = 300s (custom)
2022-10-18 03:54:49,636 [pool-723-thread-1] INFO  server.RaftServerConfigKeys (ConfUtils.java:logGet(46)) - raft.server.log.use.memory = false (default)
2022-10-18 03:54:49,636 [pool-723-thread-1] INFO  server.RaftServerConfigKeys (ConfUtils.java:logGet(46)) - raft.server.log.purge.gap = 1000000 (custom)
2022-10-18 03:54:49,636 [pool-723-thread-1] INFO  server.RaftServerConfigKeys (ConfUtils.java:logGet(46)) - raft.server.log.appender.buffer.byte-limit = 33554432 (custom)
2022-10-18 03:54:49,637 [pool-723-thread-1] INFO  server.RaftServerConfigKeys (ConfUtils.java:logGet(46)) - raft.server.log.statemachine.data.read.timeout = 1000ms (default)
2022-10-18 03:54:49,637 [pool-723-thread-1] INFO  server.RaftServerConfigKeys (ConfUtils.java:logGet(46)) - raft.server.log.segment.size.max = 1048576 (custom)
2022-10-18 03:54:49,637 [EventQueue-PipelineReportForPipelineReportHandler] INFO  pipeline.PipelineManagerImpl (PipelineManagerImpl.java:openPipeline(367)) - Pipeline Pipeline[ Id: 52d092b2-29eb-439c-8b54-247900f06c9e, Nodes: d9a4f769-630a-47d2-b95a-61308b2125ef{ip: 10.1.0.75, host: fv-az573-760.uspngagyt4suddso0aj1djjezg.dx.internal.cloudapp.net, ports: [REPLICATION=38373, RATIS=34659, RATIS_ADMIN=34659, RATIS_SERVER=34659, STANDALONE=33095], networkLocation: /default-rack, certSerialId: null, persistedOpState: IN_SERVICE, persistedOpStateExpiryEpochSec: 0}, ReplicationConfig: RATIS/ONE, State:ALLOCATED, leaderId:d9a4f769-630a-47d2-b95a-61308b2125ef, CreationTimestamp2022-10-18T03:54:46.633Z[Etc/UTC]] moved to OPEN state
2022-10-18 03:54:49,637 [pool-723-thread-1] INFO  server.RaftServerConfigKeys (ConfUtils.java:logGet(46)) - raft.server.log.segment.cache.num.max = 2 (custom)
2022-10-18 03:54:49,637 [pool-723-thread-1] INFO  server.RaftServerConfigKeys (ConfUtils.java:logGet(46)) - raft.server.log.segment.cache.size.max = 200MB (=209715200) (default)
2022-10-18 03:54:49,638 [pool-723-thread-1] INFO  segmented.SegmentedRaftLogWorker (SegmentedRaftLogWorker.java:<init>(187)) - new d9a4f769-630a-47d2-b95a-61308b2125ef@group-247900F06C9E-SegmentedRaftLogWorker for RaftStorageImpl:Storage Directory /home/runner/work/ozone/ozone/hadoop-ozone/integration-test/target/test-dir/MiniOzoneClusterImpl-2682239d-8109-418f-bfce-648431d3ae5d/datanode-2/data/ratis/52d092b2-29eb-439c-8b54-247900f06c9e
2022-10-18 03:54:49,638 [pool-723-thread-1] INFO  server.RaftServerConfigKeys (ConfUtils.java:logGet(46)) - raft.server.log.queue.byte-limit = 4294967296 (custom)
2022-10-18 03:54:49,638 [pool-723-thread-1] INFO  server.RaftServerConfigKeys (ConfUtils.java:logGet(46)) - raft.server.log.queue.element-limit = 1024 (custom)
2022-10-18 03:54:49,638 [EventQueue-OpenPipelineForHealthyPipelineSafeModeRule] INFO  safemode.SCMSafeModeManager (HealthyPipelineSafeModeRule.java:process(137)) - SCM in safe mode. Healthy pipelines reported count is 0, required healthy pipeline reported count is 1
2022-10-18 03:54:49,638 [pool-723-thread-1] INFO  server.RaftServerConfigKeys (ConfUtils.java:logGet(46)) - raft.server.log.segment.size.max = 1048576 (custom)
2022-10-18 03:54:49,638 [pool-723-thread-1] INFO  server.RaftServerConfigKeys (ConfUtils.java:logGet(46)) - raft.server.log.preallocated.size = 16384 (custom)
2022-10-18 03:54:49,638 [pool-723-thread-1] INFO  server.RaftServerConfigKeys (ConfUtils.java:logGet(46)) - raft.server.log.force.sync.num = 128 (default)
2022-10-18 03:54:49,638 [pool-723-thread-1] INFO  server.RaftServerConfigKeys (ConfUtils.java:logGet(46)) - raft.server.log.statemachine.data.sync = true (default)
2022-10-18 03:54:49,638 [pool-723-thread-1] INFO  server.RaftServerConfigKeys (ConfUtils.java:logGet(46)) - raft.server.log.statemachine.data.sync.timeout = 10s (default)
2022-10-18 03:54:49,638 [pool-723-thread-1] INFO  server.RaftServerConfigKeys (ConfUtils.java:logGet(46)) - raft.server.log.statemachine.data.sync.timeout.retry = -1 (default)
2022-10-18 03:54:49,639 [pool-723-thread-1] INFO  server.RaftServerConfigKeys (ConfUtils.java:logGet(46)) - raft.server.log.write.buffer.size = 1048576 (custom)
2022-10-18 03:54:49,640 [pool-723-thread-1] INFO  server.RaftServerConfigKeys (ConfUtils.java:logGet(46)) - raft.server.log.unsafe-flush.enabled = false (default)
2022-10-18 03:54:49,640 [pool-723-thread-1] INFO  server.RaftServerConfigKeys (ConfUtils.java:logGet(46)) - raft.server.log.statemachine.data.caching.enabled = true (custom)
2022-10-18 03:54:49,640 [pool-723-thread-1] INFO  segmented.SegmentedRaftLogWorker (SegmentedRaftLogWorker.java:lambda$new$0(135)) - d9a4f769-630a-47d2-b95a-61308b2125ef@group-247900F06C9E-SegmentedRaftLogWorker: flushIndex: setUnconditionally 0 -> -1
2022-10-18 03:54:49,640 [pool-723-thread-1] INFO  segmented.SegmentedRaftLogWorker (SegmentedRaftLogWorker.java:lambda$new$0(135)) - d9a4f769-630a-47d2-b95a-61308b2125ef@group-247900F06C9E-SegmentedRaftLogWorker: safeCacheEvictIndex: setUnconditionally 0 -> -1
2022-10-18 03:54:49,641 [pool-723-thread-1] INFO  server.RaftServerConfigKeys (ConfUtils.java:logGet(46)) - raft.server.snapshot.auto.trigger.enabled = true (custom)
2022-10-18 03:54:49,641 [pool-723-thread-1] INFO  server.RaftServerConfigKeys (ConfUtils.java:logGet(46)) - raft.server.snapshot.auto.trigger.threshold = 10000 (custom)
2022-10-18 03:54:49,641 [pool-723-thread-1] INFO  server.RaftServerConfigKeys (ConfUtils.java:logGet(46)) - raft.server.snapshot.retention.file.num = 5 (custom)
2022-10-18 03:54:49,641 [pool-723-thread-1] INFO  server.RaftServerConfigKeys (ConfUtils.java:logGet(46)) - raft.server.log.purge.upto.snapshot.index = false (default)
2022-10-18 03:54:49,641 [pool-723-thread-1] INFO  server.RaftServerConfigKeys (ConfUtils.java:logGet(46)) - raft.server.retrycache.expirytime = 600000ms (custom)
2022-10-18 03:54:49,641 [pool-723-thread-1] INFO  server.RaftServerConfigKeys (ConfUtils.java:logGet(46)) - raft.server.retrycache.statistics.expirytime = 100μs (default)
2022-10-18 03:54:49,642 [pool-723-thread-1] INFO  server.RaftServerConfigKeys (ConfUtils.java:logGet(46)) - raft.server.log.appender.install.snapshot.enabled = false (custom)
2022-10-18 03:54:49,642 [pool-723-thread-1] INFO  server.RaftServerConfigKeys (ConfUtils.java:logGet(46)) - raft.server.threadpool.server.cached = true (default)
2022-10-18 03:54:49,642 [pool-723-thread-1] INFO  server.RaftServerConfigKeys (ConfUtils.java:logGet(46)) - raft.server.threadpool.server.size = 0 (default)
2022-10-18 03:54:49,643 [pool-723-thread-1] INFO  server.RaftServerConfigKeys (ConfUtils.java:logGet(46)) - raft.server.threadpool.client.cached = true (default)
2022-10-18 03:54:49,643 [pool-723-thread-1] INFO  server.RaftServerConfigKeys (ConfUtils.java:logGet(46)) - raft.server.threadpool.client.size = 0 (default)
2022-10-18 03:54:49,643 [pool-723-thread-1] INFO  server.RaftServer$Division (RaftServerImpl.java:start(310)) - d9a4f769-630a-47d2-b95a-61308b2125ef@group-247900F06C9E: start as a follower, conf=-1: [d9a4f769-630a-47d2-b95a-61308b2125ef|rpc:10.1.0.75:34659|priority:1], old=null
2022-10-18 03:54:49,643 [pool-723-thread-1] INFO  server.RaftServer$Division (RaftServerImpl.java:setRole(299)) - d9a4f769-630a-47d2-b95a-61308b2125ef@group-247900F06C9E: changes role from      null to FOLLOWER at term 0 for startAsFollower
2022-10-18 03:54:49,643 [pool-723-thread-1] INFO  impl.RoleInfo (RoleInfo.java:updateAndGet(139)) - d9a4f769-630a-47d2-b95a-61308b2125ef: start d9a4f769-630a-47d2-b95a-61308b2125ef@group-247900F06C9E-FollowerState
2022-10-18 03:54:49,643 [pool-723-thread-1] INFO  util.JmxRegister (JmxRegister.java:tryRegister(44)) - Successfully registered JMX Bean with object name Ratis:service=RaftServer,group=group-247900F06C9E,id=d9a4f769-630a-47d2-b95a-61308b2125ef
2022-10-18 03:54:49,644 [Command processor thread] INFO  ratis.XceiverServerRatis (XceiverServerRatis.java:addGroup(765)) - Created group PipelineID=52d092b2-29eb-439c-8b54-247900f06c9e
2022-10-18 03:54:49,644 [Command processor thread] INFO  commandhandler.CreatePipelineCommandHandler (CreatePipelineCommandHandler.java:handle(113)) - Created Pipeline RATIS ONE PipelineID=52d092b2-29eb-439c-8b54-247900f06c9e.
2022-10-18 03:54:50,181 [EndpointStateMachine task thread for /0.0.0.0:43069 - 0 ] INFO  ipc.Client (Client.java:handleConnectionFailure(1010)) - Retrying connect to server: 0.0.0.0/0.0.0.0:43069. Already tried 0 time(s); retry policy is RetryUpToMaximumCountWithFixedSleep(maxRetries=15, sleepTime=1000 MILLISECONDS)
2022-10-18 03:54:50,633 [Listener at 127.0.0.1/35839] INFO  ozone.MiniOzoneClusterImpl (MiniOzoneClusterImpl.java:lambda$waitForClusterToBeReady$0(216)) - Nodes are ready. Got 3 of 3 DN Heartbeats.
2022-10-18 03:54:50,633 [Listener at 127.0.0.1/35839] INFO  ozone.MiniOzoneClusterImpl (MiniOzoneClusterImpl.java:lambda$waitForClusterToBeReady$0(219)) - Waiting for cluster to exit safe mode
2022-10-18 03:54:50,633 [Listener at 127.0.0.1/35839] INFO  ozone.MiniOzoneClusterImpl (MiniOzoneClusterImpl.java:lambda$waitForClusterToBeReady$0(221)) - SCM became leader
2022-10-18 03:54:51,182 [EndpointStateMachine task thread for /0.0.0.0:43069 - 0 ] INFO  ipc.Client (Client.java:handleConnectionFailure(1010)) - Retrying connect to server: 0.0.0.0/0.0.0.0:43069. Already tried 1 time(s); retry policy is RetryUpToMaximumCountWithFixedSleep(maxRetries=15, sleepTime=1000 MILLISECONDS)
2022-10-18 03:54:51,634 [Listener at 127.0.0.1/35839] INFO  ozone.MiniOzoneClusterImpl (MiniOzoneClusterImpl.java:lambda$waitForClusterToBeReady$0(216)) - Nodes are ready. Got 3 of 3 DN Heartbeats.
2022-10-18 03:54:51,634 [Listener at 127.0.0.1/35839] INFO  ozone.MiniOzoneClusterImpl (MiniOzoneClusterImpl.java:lambda$waitForClusterToBeReady$0(219)) - Waiting for cluster to exit safe mode
2022-10-18 03:54:51,634 [Listener at 127.0.0.1/35839] INFO  ozone.MiniOzoneClusterImpl (MiniOzoneClusterImpl.java:lambda$waitForClusterToBeReady$0(221)) - SCM became leader
2022-10-18 03:54:52,182 [EndpointStateMachine task thread for /0.0.0.0:43069 - 0 ] INFO  ipc.Client (Client.java:handleConnectionFailure(1010)) - Retrying connect to server: 0.0.0.0/0.0.0.0:43069. Already tried 2 time(s); retry policy is RetryUpToMaximumCountWithFixedSleep(maxRetries=15, sleepTime=1000 MILLISECONDS)
2022-10-18 03:54:52,635 [Listener at 127.0.0.1/35839] INFO  ozone.MiniOzoneClusterImpl (MiniOzoneClusterImpl.java:lambda$waitForClusterToBeReady$0(216)) - Nodes are ready. Got 3 of 3 DN Heartbeats.
2022-10-18 03:54:52,635 [Listener at 127.0.0.1/35839] INFO  ozone.MiniOzoneClusterImpl (MiniOzoneClusterImpl.java:lambda$waitForClusterToBeReady$0(219)) - Waiting for cluster to exit safe mode
2022-10-18 03:54:52,635 [Listener at 127.0.0.1/35839] INFO  ozone.MiniOzoneClusterImpl (MiniOzoneClusterImpl.java:lambda$waitForClusterToBeReady$0(221)) - SCM became leader
2022-10-18 03:54:53,183 [EndpointStateMachine task thread for /0.0.0.0:43069 - 0 ] INFO  ipc.Client (Client.java:handleConnectionFailure(1010)) - Retrying connect to server: 0.0.0.0/0.0.0.0:43069. Already tried 3 time(s); retry policy is RetryUpToMaximumCountWithFixedSleep(maxRetries=15, sleepTime=1000 MILLISECONDS)
2022-10-18 03:54:53,635 [Listener at 127.0.0.1/35839] INFO  ozone.MiniOzoneClusterImpl (MiniOzoneClusterImpl.java:lambda$waitForClusterToBeReady$0(216)) - Nodes are ready. Got 3 of 3 DN Heartbeats.
2022-10-18 03:54:53,636 [Listener at 127.0.0.1/35839] INFO  ozone.MiniOzoneClusterImpl (MiniOzoneClusterImpl.java:lambda$waitForClusterToBeReady$0(219)) - Waiting for cluster to exit safe mode
2022-10-18 03:54:53,636 [Listener at 127.0.0.1/35839] INFO  ozone.MiniOzoneClusterImpl (MiniOzoneClusterImpl.java:lambda$waitForClusterToBeReady$0(221)) - SCM became leader
2022-10-18 03:54:54,026 [d4fb79f4-51ff-439e-bcc6-4ee6f991de8e@group-F7C940DF3332-FollowerState] INFO  impl.FollowerState (FollowerState.java:run(143)) - d4fb79f4-51ff-439e-bcc6-4ee6f991de8e@group-F7C940DF3332-FollowerState: change to CANDIDATE, lastRpcElapsedTime:5094772231ns, electionTimeout:5094ms
2022-10-18 03:54:54,026 [d4fb79f4-51ff-439e-bcc6-4ee6f991de8e@group-F7C940DF3332-FollowerState] INFO  impl.RoleInfo (RoleInfo.java:shutdownFollowerState(110)) - d4fb79f4-51ff-439e-bcc6-4ee6f991de8e: shutdown d4fb79f4-51ff-439e-bcc6-4ee6f991de8e@group-F7C940DF3332-FollowerState
2022-10-18 03:54:54,026 [d4fb79f4-51ff-439e-bcc6-4ee6f991de8e@group-F7C940DF3332-FollowerState] INFO  server.RaftServer$Division (RaftServerImpl.java:setRole(299)) - d4fb79f4-51ff-439e-bcc6-4ee6f991de8e@group-F7C940DF3332: changes role from  FOLLOWER to CANDIDATE at term 0 for changeToCandidate
2022-10-18 03:54:54,027 [d4fb79f4-51ff-439e-bcc6-4ee6f991de8e@group-F7C940DF3332-FollowerState] INFO  server.RaftServerConfigKeys (ConfUtils.java:logGet(46)) - raft.server.leaderelection.pre-vote = false (custom)
2022-10-18 03:54:54,027 [d4fb79f4-51ff-439e-bcc6-4ee6f991de8e@group-F7C940DF3332-FollowerState] INFO  impl.RoleInfo (RoleInfo.java:updateAndGet(139)) - d4fb79f4-51ff-439e-bcc6-4ee6f991de8e: start d4fb79f4-51ff-439e-bcc6-4ee6f991de8e@group-F7C940DF3332-LeaderElection21
2022-10-18 03:54:54,031 [d4fb79f4-51ff-439e-bcc6-4ee6f991de8e@group-F7C940DF3332-LeaderElection21] INFO  impl.LeaderElection (LeaderElection.java:askForVotes(310)) - d4fb79f4-51ff-439e-bcc6-4ee6f991de8e@group-F7C940DF3332-LeaderElection21 ELECTION round 0: submit vote requests at term 1 for -1: [d4fb79f4-51ff-439e-bcc6-4ee6f991de8e|rpc:10.1.0.75:45177|priority:1], old=null
2022-10-18 03:54:54,031 [d4fb79f4-51ff-439e-bcc6-4ee6f991de8e@group-F7C940DF3332-LeaderElection21] INFO  impl.LeaderElection (LeaderElection.java:askForVotes(312)) - d4fb79f4-51ff-439e-bcc6-4ee6f991de8e@group-F7C940DF3332-LeaderElection21 ELECTION round 0: result PASSED (term=1)
2022-10-18 03:54:54,031 [d4fb79f4-51ff-439e-bcc6-4ee6f991de8e@group-F7C940DF3332-LeaderElection21] INFO  impl.RoleInfo (RoleInfo.java:shutdownLeaderElection(130)) - d4fb79f4-51ff-439e-bcc6-4ee6f991de8e: shutdown d4fb79f4-51ff-439e-bcc6-4ee6f991de8e@group-F7C940DF3332-LeaderElection21
2022-10-18 03:54:54,031 [d4fb79f4-51ff-439e-bcc6-4ee6f991de8e@group-F7C940DF3332-LeaderElection21] INFO  server.RaftServer$Division (RaftServerImpl.java:setRole(299)) - d4fb79f4-51ff-439e-bcc6-4ee6f991de8e@group-F7C940DF3332: changes role from CANDIDATE to LEADER at term 1 for changeToLeader
2022-10-18 03:54:54,031 [d4fb79f4-51ff-439e-bcc6-4ee6f991de8e@group-F7C940DF3332-LeaderElection21] INFO  ratis.XceiverServerRatis (XceiverServerRatis.java:handleLeaderChangedNotification(863)) - Leader change notification received for group: group-F7C940DF3332 with new leaderId: d4fb79f4-51ff-439e-bcc6-4ee6f991de8e
2022-10-18 03:54:54,031 [d4fb79f4-51ff-439e-bcc6-4ee6f991de8e@group-F7C940DF3332-LeaderElection21] INFO  server.RaftServer$Division (ServerState.java:setLeader(287)) - d4fb79f4-51ff-439e-bcc6-4ee6f991de8e@group-F7C940DF3332: change Leader from null to d4fb79f4-51ff-439e-bcc6-4ee6f991de8e at term 1 for becomeLeader, leader elected after 5107ms
2022-10-18 03:54:54,031 [d4fb79f4-51ff-439e-bcc6-4ee6f991de8e@group-F7C940DF3332-LeaderElection21] INFO  server.RaftServerConfigKeys (ConfUtils.java:logGet(46)) - raft.server.staging.catchup.gap = 1000 (default)
2022-10-18 03:54:54,031 [d4fb79f4-51ff-439e-bcc6-4ee6f991de8e@group-F7C940DF3332-LeaderElection21] INFO  server.RaftServerConfigKeys (ConfUtils.java:logGet(46)) - raft.server.write.element-limit = 1024 (custom)
2022-10-18 03:54:54,031 [d4fb79f4-51ff-439e-bcc6-4ee6f991de8e@group-F7C940DF3332-LeaderElection21] INFO  server.RaftServerConfigKeys (ConfUtils.java:logGet(46)) - raft.server.write.byte-limit = 1024 M (=1073741824) (custom)
2022-10-18 03:54:54,032 [d4fb79f4-51ff-439e-bcc6-4ee6f991de8e@group-F7C940DF3332-LeaderElection21] INFO  server.RaftServerConfigKeys (ConfUtils.java:logGet(46)) - raft.server.watch.timeout = 180s (custom)
2022-10-18 03:54:54,032 [d4fb79f4-51ff-439e-bcc6-4ee6f991de8e@group-F7C940DF3332-LeaderElection21] INFO  server.RaftServerConfigKeys (ConfUtils.java:logGet(46)) - raft.server.watch.timeout.denomination = 1s (default)
2022-10-18 03:54:54,032 [d4fb79f4-51ff-439e-bcc6-4ee6f991de8e@group-F7C940DF3332-LeaderElection21] INFO  server.RaftServerConfigKeys (ConfUtils.java:logGet(46)) - raft.server.watch.element-limit = 65536 (default)
2022-10-18 03:54:54,032 [EventQueue-OpenPipelineForHealthyPipelineSafeModeRule] INFO  safemode.SCMSafeModeManager (HealthyPipelineSafeModeRule.java:process(137)) - SCM in safe mode. Healthy pipelines reported count is 0, required healthy pipeline reported count is 1
2022-10-18 03:54:54,032 [d4fb79f4-51ff-439e-bcc6-4ee6f991de8e@group-F7C940DF3332-LeaderElection21] INFO  server.RaftServerConfigKeys (ConfUtils.java:logGet(46)) - raft.server.write.element-limit = 1024 (custom)
2022-10-18 03:54:54,032 [d4fb79f4-51ff-439e-bcc6-4ee6f991de8e@group-F7C940DF3332-LeaderElection21] INFO  server.RaftServerConfigKeys (ConfUtils.java:logGet(46)) - raft.server.write.follower.gap.ratio.max = -1.0 (default)
2022-10-18 03:54:54,033 [d4fb79f4-51ff-439e-bcc6-4ee6f991de8e@group-F7C940DF3332-LeaderElection21] INFO  impl.RoleInfo (RoleInfo.java:updateAndGet(139)) - d4fb79f4-51ff-439e-bcc6-4ee6f991de8e: start d4fb79f4-51ff-439e-bcc6-4ee6f991de8e@group-F7C940DF3332-LeaderStateImpl
2022-10-18 03:54:54,033 [d4fb79f4-51ff-439e-bcc6-4ee6f991de8e@group-F7C940DF3332-LeaderElection21] INFO  segmented.SegmentedRaftLogWorker (SegmentedRaftLogWorker.java:startLogSegment(425)) - d4fb79f4-51ff-439e-bcc6-4ee6f991de8e@group-F7C940DF3332-SegmentedRaftLogWorker: Starting segment from index:0
2022-10-18 03:54:54,034 [d4fb79f4-51ff-439e-bcc6-4ee6f991de8e@group-F7C940DF3332-LeaderElection21] INFO  server.RaftServer$Division (ServerState.java:setRaftConf(393)) - d4fb79f4-51ff-439e-bcc6-4ee6f991de8e@group-F7C940DF3332: set configuration 0: [d4fb79f4-51ff-439e-bcc6-4ee6f991de8e|rpc:10.1.0.75:45177|dataStream:|priority:1], old=null
2022-10-18 03:54:54,035 [d4fb79f4-51ff-439e-bcc6-4ee6f991de8e@group-F7C940DF3332-SegmentedRaftLogWorker] INFO  segmented.SegmentedRaftLogWorker (SegmentedRaftLogWorker.java:execute(629)) - d4fb79f4-51ff-439e-bcc6-4ee6f991de8e@group-F7C940DF3332-SegmentedRaftLogWorker: created new log segment /home/runner/work/ozone/ozone/hadoop-ozone/integration-test/target/test-dir/MiniOzoneClusterImpl-2682239d-8109-418f-bfce-648431d3ae5d/datanode-0/data/ratis/e56db3b9-a7bd-4ab4-bdbb-f7c940df3332/current/log_inprogress_0
2022-10-18 03:54:54,074 [d9a4f769-630a-47d2-b95a-61308b2125ef@group-9A29FCCC6D85-FollowerState] INFO  impl.FollowerState (FollowerState.java:run(143)) - d9a4f769-630a-47d2-b95a-61308b2125ef@group-9A29FCCC6D85-FollowerState: change to CANDIDATE, lastRpcElapsedTime:5064470152ns, electionTimeout:5060ms
2022-10-18 03:54:54,075 [d9a4f769-630a-47d2-b95a-61308b2125ef@group-9A29FCCC6D85-FollowerState] INFO  impl.RoleInfo (RoleInfo.java:shutdownFollowerState(110)) - d9a4f769-630a-47d2-b95a-61308b2125ef: shutdown d9a4f769-630a-47d2-b95a-61308b2125ef@group-9A29FCCC6D85-FollowerState
2022-10-18 03:54:54,075 [d9a4f769-630a-47d2-b95a-61308b2125ef@group-9A29FCCC6D85-FollowerState] INFO  server.RaftServer$Division (RaftServerImpl.java:setRole(299)) - d9a4f769-630a-47d2-b95a-61308b2125ef@group-9A29FCCC6D85: changes role from  FOLLOWER to CANDIDATE at term 0 for changeToCandidate
2022-10-18 03:54:54,075 [d9a4f769-630a-47d2-b95a-61308b2125ef@group-9A29FCCC6D85-FollowerState] INFO  server.RaftServerConfigKeys (ConfUtils.java:logGet(46)) - raft.server.leaderelection.pre-vote = false (custom)
2022-10-18 03:54:54,075 [d9a4f769-630a-47d2-b95a-61308b2125ef@group-9A29FCCC6D85-FollowerState] INFO  impl.RoleInfo (RoleInfo.java:updateAndGet(139)) - d9a4f769-630a-47d2-b95a-61308b2125ef: start d9a4f769-630a-47d2-b95a-61308b2125ef@group-9A29FCCC6D85-LeaderElection22
2022-10-18 03:54:54,079 [d9a4f769-630a-47d2-b95a-61308b2125ef@group-9A29FCCC6D85-LeaderElection22] INFO  impl.LeaderElection (LeaderElection.java:askForVotes(310)) - d9a4f769-630a-47d2-b95a-61308b2125ef@group-9A29FCCC6D85-LeaderElection22 ELECTION round 0: submit vote requests at term 1 for -1: [d4fb79f4-51ff-439e-bcc6-4ee6f991de8e|rpc:10.1.0.75:45177|dataStream:|priority:0, d9a4f769-630a-47d2-b95a-61308b2125ef|rpc:10.1.0.75:34659|dataStream:|priority:0, bf918f47-46e4-4489-b5fc-5f9d222f6194|rpc:10.1.0.75:40087|dataStream:|priority:1], old=null
2022-10-18 03:54:54,085 [grpc-default-executor-2] INFO  server.RaftServer$Division (RaftServerImpl.java:requestVote(1152)) - bf918f47-46e4-4489-b5fc-5f9d222f6194@group-9A29FCCC6D85: receive requestVote(ELECTION, d9a4f769-630a-47d2-b95a-61308b2125ef, group-9A29FCCC6D85, 1, (t:0, i:0))
2022-10-18 03:54:54,085 [grpc-default-executor-2] INFO  impl.VoteContext (VoteContext.java:log(48)) - bf918f47-46e4-4489-b5fc-5f9d222f6194@group-9A29FCCC6D85-FOLLOWER: reject ELECTION from d9a4f769-630a-47d2-b95a-61308b2125ef: our priority 1 > candidate's priority 0
2022-10-18 03:54:54,085 [grpc-default-executor-2] INFO  server.RaftServer$Division (RaftServerImpl.java:setRole(299)) - bf918f47-46e4-4489-b5fc-5f9d222f6194@group-9A29FCCC6D85: changes role from  FOLLOWER to FOLLOWER at term 1 for candidate:d9a4f769-630a-47d2-b95a-61308b2125ef
2022-10-18 03:54:54,085 [grpc-default-executor-2] INFO  impl.RoleInfo (RoleInfo.java:shutdownFollowerState(110)) - bf918f47-46e4-4489-b5fc-5f9d222f6194: shutdown bf918f47-46e4-4489-b5fc-5f9d222f6194@group-9A29FCCC6D85-FollowerState
2022-10-18 03:54:54,085 [grpc-default-executor-2] INFO  impl.RoleInfo (RoleInfo.java:updateAndGet(139)) - bf918f47-46e4-4489-b5fc-5f9d222f6194: start bf918f47-46e4-4489-b5fc-5f9d222f6194@group-9A29FCCC6D85-FollowerState
2022-10-18 03:54:54,085 [bf918f47-46e4-4489-b5fc-5f9d222f6194@group-9A29FCCC6D85-FollowerState] INFO  impl.FollowerState (FollowerState.java:run(152)) - bf918f47-46e4-4489-b5fc-5f9d222f6194@group-9A29FCCC6D85-FollowerState was interrupted
2022-10-18 03:54:54,090 [grpc-default-executor-2] INFO  server.RaftServer$Division (RaftServerImpl.java:requestVote(1184)) - bf918f47-46e4-4489-b5fc-5f9d222f6194@group-9A29FCCC6D85 replies to ELECTION vote request: d9a4f769-630a-47d2-b95a-61308b2125ef<-bf918f47-46e4-4489-b5fc-5f9d222f6194#0:FAIL-t1. Peer's state: bf918f47-46e4-4489-b5fc-5f9d222f6194@group-9A29FCCC6D85:t1, leader=null, voted=null, raftlog=bf918f47-46e4-4489-b5fc-5f9d222f6194@group-9A29FCCC6D85-SegmentedRaftLog:OPENED:c-1, conf=-1: [d4fb79f4-51ff-439e-bcc6-4ee6f991de8e|rpc:10.1.0.75:45177|dataStream:|priority:0, d9a4f769-630a-47d2-b95a-61308b2125ef|rpc:10.1.0.75:34659|dataStream:|priority:0, bf918f47-46e4-4489-b5fc-5f9d222f6194|rpc:10.1.0.75:40087|dataStream:|priority:1], old=null
2022-10-18 03:54:54,092 [d9a4f769-630a-47d2-b95a-61308b2125ef@group-9A29FCCC6D85-LeaderElection22] INFO  impl.LeaderElection (LeaderElection.java:logAndReturn(90)) - d9a4f769-630a-47d2-b95a-61308b2125ef@group-9A29FCCC6D85-LeaderElection22: ELECTION REJECTED received 1 response(s) and 0 exception(s):
2022-10-18 03:54:54,092 [d9a4f769-630a-47d2-b95a-61308b2125ef@group-9A29FCCC6D85-LeaderElection22] INFO  impl.LeaderElection (LeaderElection.java:logAndReturn(94)) -   Response 0: d9a4f769-630a-47d2-b95a-61308b2125ef<-bf918f47-46e4-4489-b5fc-5f9d222f6194#0:FAIL-t1
2022-10-18 03:54:54,092 [d9a4f769-630a-47d2-b95a-61308b2125ef@group-9A29FCCC6D85-LeaderElection22] INFO  impl.LeaderElection (LeaderElection.java:askForVotes(312)) - d9a4f769-630a-47d2-b95a-61308b2125ef@group-9A29FCCC6D85-LeaderElection22 ELECTION round 0: result REJECTED
2022-10-18 03:54:54,092 [d9a4f769-630a-47d2-b95a-61308b2125ef@group-9A29FCCC6D85-LeaderElection22] INFO  server.RaftServer$Division (RaftServerImpl.java:setRole(299)) - d9a4f769-630a-47d2-b95a-61308b2125ef@group-9A29FCCC6D85: changes role from CANDIDATE to FOLLOWER at term 1 for REJECTED
2022-10-18 03:54:54,092 [d9a4f769-630a-47d2-b95a-61308b2125ef@group-9A29FCCC6D85-LeaderElection22] INFO  impl.RoleInfo (RoleInfo.java:shutdownLeaderElection(130)) - d9a4f769-630a-47d2-b95a-61308b2125ef: shutdown d9a4f769-630a-47d2-b95a-61308b2125ef@group-9A29FCCC6D85-LeaderElection22
2022-10-18 03:54:54,092 [d9a4f769-630a-47d2-b95a-61308b2125ef@group-9A29FCCC6D85-LeaderElection22] INFO  impl.RoleInfo (RoleInfo.java:updateAndGet(139)) - d9a4f769-630a-47d2-b95a-61308b2125ef: start d9a4f769-630a-47d2-b95a-61308b2125ef@group-9A29FCCC6D85-FollowerState
2022-10-18 03:54:54,094 [grpc-default-executor-2] INFO  server.RaftServer$Division (RaftServerImpl.java:requestVote(1152)) - d4fb79f4-51ff-439e-bcc6-4ee6f991de8e@group-9A29FCCC6D85: receive requestVote(ELECTION, d9a4f769-630a-47d2-b95a-61308b2125ef, group-9A29FCCC6D85, 1, (t:0, i:0))
2022-10-18 03:54:54,095 [grpc-default-executor-2] INFO  impl.VoteContext (VoteContext.java:log(48)) - d4fb79f4-51ff-439e-bcc6-4ee6f991de8e@group-9A29FCCC6D85-FOLLOWER: accept ELECTION from d9a4f769-630a-47d2-b95a-61308b2125ef: our priority 0 <= candidate's priority 0
2022-10-18 03:54:54,095 [grpc-default-executor-2] INFO  server.RaftServer$Division (RaftServerImpl.java:setRole(299)) - d4fb79f4-51ff-439e-bcc6-4ee6f991de8e@group-9A29FCCC6D85: changes role from  FOLLOWER to FOLLOWER at term 1 for candidate:d9a4f769-630a-47d2-b95a-61308b2125ef
2022-10-18 03:54:54,095 [grpc-default-executor-2] INFO  impl.RoleInfo (RoleInfo.java:shutdownFollowerState(110)) - d4fb79f4-51ff-439e-bcc6-4ee6f991de8e: shutdown d4fb79f4-51ff-439e-bcc6-4ee6f991de8e@group-9A29FCCC6D85-FollowerState
2022-10-18 03:54:54,095 [grpc-default-executor-2] INFO  impl.RoleInfo (RoleInfo.java:updateAndGet(139)) - d4fb79f4-51ff-439e-bcc6-4ee6f991de8e: start d4fb79f4-51ff-439e-bcc6-4ee6f991de8e@group-9A29FCCC6D85-FollowerState
2022-10-18 03:54:54,095 [d4fb79f4-51ff-439e-bcc6-4ee6f991de8e@group-9A29FCCC6D85-FollowerState] INFO  impl.FollowerState (FollowerState.java:run(152)) - d4fb79f4-51ff-439e-bcc6-4ee6f991de8e@group-9A29FCCC6D85-FollowerState was interrupted
2022-10-18 03:54:54,099 [grpc-default-executor-2] INFO  server.RaftServer$Division (RaftServerImpl.java:requestVote(1184)) - d4fb79f4-51ff-439e-bcc6-4ee6f991de8e@group-9A29FCCC6D85 replies to ELECTION vote request: d9a4f769-630a-47d2-b95a-61308b2125ef<-d4fb79f4-51ff-439e-bcc6-4ee6f991de8e#0:OK-t1. Peer's state: d4fb79f4-51ff-439e-bcc6-4ee6f991de8e@group-9A29FCCC6D85:t1, leader=null, voted=d9a4f769-630a-47d2-b95a-61308b2125ef, raftlog=d4fb79f4-51ff-439e-bcc6-4ee6f991de8e@group-9A29FCCC6D85-SegmentedRaftLog:OPENED:c-1, conf=-1: [d4fb79f4-51ff-439e-bcc6-4ee6f991de8e|rpc:10.1.0.75:45177|priority:0, d9a4f769-630a-47d2-b95a-61308b2125ef|rpc:10.1.0.75:34659|priority:0, bf918f47-46e4-4489-b5fc-5f9d222f6194|rpc:10.1.0.75:40087|priority:1], old=null
2022-10-18 03:54:54,102 [d4fb79f4-51ff-439e-bcc6-4ee6f991de8e@group-1DB3D83BE794-FollowerState] INFO  impl.FollowerState (FollowerState.java:run(143)) - d4fb79f4-51ff-439e-bcc6-4ee6f991de8e@group-1DB3D83BE794-FollowerState: change to CANDIDATE, lastRpcElapsedTime:5074162180ns, electionTimeout:5073ms
2022-10-18 03:54:54,103 [d4fb79f4-51ff-439e-bcc6-4ee6f991de8e@group-1DB3D83BE794-FollowerState] INFO  impl.RoleInfo (RoleInfo.java:shutdownFollowerState(110)) - d4fb79f4-51ff-439e-bcc6-4ee6f991de8e: shutdown d4fb79f4-51ff-439e-bcc6-4ee6f991de8e@group-1DB3D83BE794-FollowerState
2022-10-18 03:54:54,103 [d4fb79f4-51ff-439e-bcc6-4ee6f991de8e@group-1DB3D83BE794-FollowerState] INFO  server.RaftServer$Division (RaftServerImpl.java:setRole(299)) - d4fb79f4-51ff-439e-bcc6-4ee6f991de8e@group-1DB3D83BE794: changes role from  FOLLOWER to CANDIDATE at term 0 for changeToCandidate
2022-10-18 03:54:54,103 [d4fb79f4-51ff-439e-bcc6-4ee6f991de8e@group-1DB3D83BE794-FollowerState] INFO  server.RaftServerConfigKeys (ConfUtils.java:logGet(46)) - raft.server.leaderelection.pre-vote = false (custom)
2022-10-18 03:54:54,103 [d4fb79f4-51ff-439e-bcc6-4ee6f991de8e@group-1DB3D83BE794-FollowerState] INFO  impl.RoleInfo (RoleInfo.java:updateAndGet(139)) - d4fb79f4-51ff-439e-bcc6-4ee6f991de8e: start d4fb79f4-51ff-439e-bcc6-4ee6f991de8e@group-1DB3D83BE794-LeaderElection23
2022-10-18 03:54:54,108 [d4fb79f4-51ff-439e-bcc6-4ee6f991de8e@group-1DB3D83BE794-LeaderElection23] INFO  impl.LeaderElection (LeaderElection.java:askForVotes(310)) - d4fb79f4-51ff-439e-bcc6-4ee6f991de8e@group-1DB3D83BE794-LeaderElection23 ELECTION round 0: submit vote requests at term 1 for -1: [d4fb79f4-51ff-439e-bcc6-4ee6f991de8e|rpc:10.1.0.75:45177|priority:1, d9a4f769-630a-47d2-b95a-61308b2125ef|rpc:10.1.0.75:34659|priority:0, bf918f47-46e4-4489-b5fc-5f9d222f6194|rpc:10.1.0.75:40087|priority:0], old=null
2022-10-18 03:54:54,114 [grpc-default-executor-2] INFO  server.RaftServer$Division (RaftServerImpl.java:requestVote(1152)) - bf918f47-46e4-4489-b5fc-5f9d222f6194@group-1DB3D83BE794: receive requestVote(ELECTION, d4fb79f4-51ff-439e-bcc6-4ee6f991de8e, group-1DB3D83BE794, 1, (t:0, i:0))
2022-10-18 03:54:54,114 [grpc-default-executor-2] INFO  impl.VoteContext (VoteContext.java:log(48)) - bf918f47-46e4-4489-b5fc-5f9d222f6194@group-1DB3D83BE794-FOLLOWER: accept ELECTION from d4fb79f4-51ff-439e-bcc6-4ee6f991de8e: our priority 0 <= candidate's priority 1
2022-10-18 03:54:54,114 [grpc-default-executor-2] INFO  server.RaftServer$Division (RaftServerImpl.java:setRole(299)) - bf918f47-46e4-4489-b5fc-5f9d222f6194@group-1DB3D83BE794: changes role from  FOLLOWER to FOLLOWER at term 1 for candidate:d4fb79f4-51ff-439e-bcc6-4ee6f991de8e
2022-10-18 03:54:54,114 [grpc-default-executor-2] INFO  impl.RoleInfo (RoleInfo.java:shutdownFollowerState(110)) - bf918f47-46e4-4489-b5fc-5f9d222f6194: shutdown bf918f47-46e4-4489-b5fc-5f9d222f6194@group-1DB3D83BE794-FollowerState
2022-10-18 03:54:54,114 [grpc-default-executor-2] INFO  impl.RoleInfo (RoleInfo.java:updateAndGet(139)) - bf918f47-46e4-4489-b5fc-5f9d222f6194: start bf918f47-46e4-4489-b5fc-5f9d222f6194@group-1DB3D83BE794-FollowerState
2022-10-18 03:54:54,114 [bf918f47-46e4-4489-b5fc-5f9d222f6194@group-1DB3D83BE794-FollowerState] INFO  impl.FollowerState (FollowerState.java:run(152)) - bf918f47-46e4-4489-b5fc-5f9d222f6194@group-1DB3D83BE794-FollowerState was interrupted
2022-10-18 03:54:54,117 [grpc-default-executor-1] INFO  server.RaftServer$Division (RaftServerImpl.java:requestVote(1152)) - d9a4f769-630a-47d2-b95a-61308b2125ef@group-1DB3D83BE794: receive requestVote(ELECTION, d4fb79f4-51ff-439e-bcc6-4ee6f991de8e, group-1DB3D83BE794, 1, (t:0, i:0))
2022-10-18 03:54:54,117 [grpc-default-executor-1] INFO  impl.VoteContext (VoteContext.java:log(48)) - d9a4f769-630a-47d2-b95a-61308b2125ef@group-1DB3D83BE794-FOLLOWER: accept ELECTION from d4fb79f4-51ff-439e-bcc6-4ee6f991de8e: our priority 0 <= candidate's priority 1
2022-10-18 03:54:54,117 [grpc-default-executor-1] INFO  server.RaftServer$Division (RaftServerImpl.java:setRole(299)) - d9a4f769-630a-47d2-b95a-61308b2125ef@group-1DB3D83BE794: changes role from  FOLLOWER to FOLLOWER at term 1 for candidate:d4fb79f4-51ff-439e-bcc6-4ee6f991de8e
2022-10-18 03:54:54,117 [grpc-default-executor-1] INFO  impl.RoleInfo (RoleInfo.java:shutdownFollowerState(110)) - d9a4f769-630a-47d2-b95a-61308b2125ef: shutdown d9a4f769-630a-47d2-b95a-61308b2125ef@group-1DB3D83BE794-FollowerState
2022-10-18 03:54:54,118 [grpc-default-executor-1] INFO  impl.RoleInfo (RoleInfo.java:updateAndGet(139)) - d9a4f769-630a-47d2-b95a-61308b2125ef: start d9a4f769-630a-47d2-b95a-61308b2125ef@group-1DB3D83BE794-FollowerState
2022-10-18 03:54:54,118 [d9a4f769-630a-47d2-b95a-61308b2125ef@group-1DB3D83BE794-FollowerState] INFO  impl.FollowerState (FollowerState.java:run(152)) - d9a4f769-630a-47d2-b95a-61308b2125ef@group-1DB3D83BE794-FollowerState was interrupted
2022-10-18 03:54:54,119 [grpc-default-executor-2] INFO  server.RaftServer$Division (RaftServerImpl.java:requestVote(1184)) - bf918f47-46e4-4489-b5fc-5f9d222f6194@group-1DB3D83BE794 replies to ELECTION vote request: d4fb79f4-51ff-439e-bcc6-4ee6f991de8e<-bf918f47-46e4-4489-b5fc-5f9d222f6194#0:OK-t1. Peer's state: bf918f47-46e4-4489-b5fc-5f9d222f6194@group-1DB3D83BE794:t1, leader=null, voted=d4fb79f4-51ff-439e-bcc6-4ee6f991de8e, raftlog=bf918f47-46e4-4489-b5fc-5f9d222f6194@group-1DB3D83BE794-SegmentedRaftLog:OPENED:c-1, conf=-1: [d4fb79f4-51ff-439e-bcc6-4ee6f991de8e|rpc:10.1.0.75:45177|dataStream:|priority:1, d9a4f769-630a-47d2-b95a-61308b2125ef|rpc:10.1.0.75:34659|dataStream:|priority:0, bf918f47-46e4-4489-b5fc-5f9d222f6194|rpc:10.1.0.75:40087|dataStream:|priority:0], old=null
2022-10-18 03:54:54,125 [d4fb79f4-51ff-439e-bcc6-4ee6f991de8e@group-1DB3D83BE794-LeaderElection23] INFO  impl.LeaderElection (LeaderElection.java:logAndReturn(90)) - d4fb79f4-51ff-439e-bcc6-4ee6f991de8e@group-1DB3D83BE794-LeaderElection23: ELECTION PASSED received 1 response(s) and 0 exception(s):
2022-10-18 03:54:54,125 [d4fb79f4-51ff-439e-bcc6-4ee6f991de8e@group-1DB3D83BE794-LeaderElection23] INFO  impl.LeaderElection (LeaderElection.java:logAndReturn(94)) -   Response 0: d4fb79f4-51ff-439e-bcc6-4ee6f991de8e<-bf918f47-46e4-4489-b5fc-5f9d222f6194#0:OK-t1
2022-10-18 03:54:54,125 [d4fb79f4-51ff-439e-bcc6-4ee6f991de8e@group-1DB3D83BE794-LeaderElection23] INFO  impl.LeaderElection (LeaderElection.java:askForVotes(312)) - d4fb79f4-51ff-439e-bcc6-4ee6f991de8e@group-1DB3D83BE794-LeaderElection23 ELECTION round 0: result PASSED
2022-10-18 03:54:54,125 [d4fb79f4-51ff-439e-bcc6-4ee6f991de8e@group-1DB3D83BE794-LeaderElection23] INFO  impl.RoleInfo (RoleInfo.java:shutdownLeaderElection(130)) - d4fb79f4-51ff-439e-bcc6-4ee6f991de8e: shutdown d4fb79f4-51ff-439e-bcc6-4ee6f991de8e@group-1DB3D83BE794-LeaderElection23
2022-10-18 03:54:54,125 [d4fb79f4-51ff-439e-bcc6-4ee6f991de8e@group-1DB3D83BE794-LeaderElection23] INFO  server.RaftServer$Division (RaftServerImpl.java:setRole(299)) - d4fb79f4-51ff-439e-bcc6-4ee6f991de8e@group-1DB3D83BE794: changes role from CANDIDATE to LEADER at term 1 for changeToLeader
2022-10-18 03:54:54,125 [d4fb79f4-51ff-439e-bcc6-4ee6f991de8e@group-1DB3D83BE794-LeaderElection23] INFO  ratis.XceiverServerRatis (XceiverServerRatis.java:handleLeaderChangedNotification(863)) - Leader change notification received for group: group-1DB3D83BE794 with new leaderId: d4fb79f4-51ff-439e-bcc6-4ee6f991de8e
2022-10-18 03:54:54,126 [d4fb79f4-51ff-439e-bcc6-4ee6f991de8e@group-1DB3D83BE794-LeaderElection23] INFO  server.RaftServer$Division (ServerState.java:setLeader(287)) - d4fb79f4-51ff-439e-bcc6-4ee6f991de8e@group-1DB3D83BE794: change Leader from null to d4fb79f4-51ff-439e-bcc6-4ee6f991de8e at term 1 for becomeLeader, leader elected after 5102ms
2022-10-18 03:54:54,126 [d4fb79f4-51ff-439e-bcc6-4ee6f991de8e@group-1DB3D83BE794-LeaderElection23] INFO  server.RaftServerConfigKeys (ConfUtils.java:logGet(46)) - raft.server.staging.catchup.gap = 1000 (default)
2022-10-18 03:54:54,126 [d4fb79f4-51ff-439e-bcc6-4ee6f991de8e@group-1DB3D83BE794-LeaderElection23] INFO  server.RaftServerConfigKeys (ConfUtils.java:logGet(46)) - raft.server.write.element-limit = 1024 (custom)
2022-10-18 03:54:54,126 [d4fb79f4-51ff-439e-bcc6-4ee6f991de8e@group-1DB3D83BE794-LeaderElection23] INFO  server.RaftServerConfigKeys (ConfUtils.java:logGet(46)) - raft.server.write.byte-limit = 1024 M (=1073741824) (custom)
2022-10-18 03:54:54,126 [d4fb79f4-51ff-439e-bcc6-4ee6f991de8e@group-1DB3D83BE794-LeaderElection23] INFO  server.RaftServerConfigKeys (ConfUtils.java:logGet(46)) - raft.server.watch.timeout = 180s (custom)
2022-10-18 03:54:54,126 [d4fb79f4-51ff-439e-bcc6-4ee6f991de8e@group-1DB3D83BE794-LeaderElection23] INFO  server.RaftServerConfigKeys (ConfUtils.java:logGet(46)) - raft.server.watch.timeout.denomination = 1s (default)
2022-10-18 03:54:54,127 [d4fb79f4-51ff-439e-bcc6-4ee6f991de8e@group-1DB3D83BE794-LeaderElection23] INFO  server.RaftServerConfigKeys (ConfUtils.java:logGet(46)) - raft.server.watch.element-limit = 65536 (default)
2022-10-18 03:54:54,127 [d4fb79f4-51ff-439e-bcc6-4ee6f991de8e@group-1DB3D83BE794-LeaderElection23] INFO  server.RaftServerConfigKeys (ConfUtils.java:logGet(46)) - raft.server.write.element-limit = 1024 (custom)
2022-10-18 03:54:54,127 [d4fb79f4-51ff-439e-bcc6-4ee6f991de8e@group-1DB3D83BE794-LeaderElection23] INFO  server.RaftServerConfigKeys (ConfUtils.java:logGet(46)) - raft.server.write.follower.gap.ratio.max = -1.0 (default)
2022-10-18 03:54:54,128 [d4fb79f4-51ff-439e-bcc6-4ee6f991de8e@group-1DB3D83BE794-LeaderElection23] INFO  server.RaftServerConfigKeys (ConfUtils.java:logGet(46)) - raft.server.log.appender.snapshot.chunk.size.max = 16MB (=16777216) (default)
2022-10-18 03:54:54,128 [grpc-default-executor-1] INFO  server.RaftServer$Division (RaftServerImpl.java:requestVote(1184)) - d9a4f769-630a-47d2-b95a-61308b2125ef@group-1DB3D83BE794 replies to ELECTION vote request: d4fb79f4-51ff-439e-bcc6-4ee6f991de8e<-d9a4f769-630a-47d2-b95a-61308b2125ef#0:OK-t1. Peer's state: d9a4f769-630a-47d2-b95a-61308b2125ef@group-1DB3D83BE794:t1, leader=null, voted=d4fb79f4-51ff-439e-bcc6-4ee6f991de8e, raftlog=d9a4f769-630a-47d2-b95a-61308b2125ef@group-1DB3D83BE794-SegmentedRaftLog:OPENED:c-1, conf=-1: [d4fb79f4-51ff-439e-bcc6-4ee6f991de8e|rpc:10.1.0.75:45177|dataStream:|priority:1, d9a4f769-630a-47d2-b95a-61308b2125ef|rpc:10.1.0.75:34659|dataStream:|priority:0, bf918f47-46e4-4489-b5fc-5f9d222f6194|rpc:10.1.0.75:40087|dataStream:|priority:0], old=null
2022-10-18 03:54:54,129 [d4fb79f4-51ff-439e-bcc6-4ee6f991de8e@group-1DB3D83BE794-LeaderElection23] INFO  server.RaftServerConfigKeys (ConfUtils.java:logGet(46)) - raft.server.log.appender.buffer.byte-limit = 33554432 (custom)
2022-10-18 03:54:54,129 [d4fb79f4-51ff-439e-bcc6-4ee6f991de8e@group-1DB3D83BE794-LeaderElection23] INFO  server.RaftServerConfigKeys (ConfUtils.java:logGet(46)) - raft.server.log.appender.buffer.element-limit = 1 (custom)
2022-10-18 03:54:54,129 [d4fb79f4-51ff-439e-bcc6-4ee6f991de8e@group-1DB3D83BE794-LeaderElection23] INFO  grpc.GrpcConfigKeys (ConfUtils.java:logGet(46)) - raft.grpc.server.leader.outstanding.appends.max = 128 (default)
2022-10-18 03:54:54,129 [d4fb79f4-51ff-439e-bcc6-4ee6f991de8e@group-1DB3D83BE794-LeaderElection23] INFO  server.RaftServerConfigKeys (ConfUtils.java:logGet(46)) - raft.server.rpc.request.timeout = 60s (custom)
2022-10-18 03:54:54,129 [d4fb79f4-51ff-439e-bcc6-4ee6f991de8e@group-1DB3D83BE794-LeaderElection23] INFO  server.RaftServerConfigKeys (ConfUtils.java:logGet(46)) - raft.server.log.appender.install.snapshot.enabled = false (custom)
2022-10-18 03:54:54,130 [EventQueue-OpenPipelineForHealthyPipelineSafeModeRule] INFO  safemode.SCMSafeModeManager (HealthyPipelineSafeModeRule.java:process(137)) - SCM in safe mode. Healthy pipelines reported count is 0, required healthy pipeline reported count is 1
2022-10-18 03:54:54,130 [EventQueue-PipelineReportForPipelineReportHandler] INFO  pipeline.PipelineManagerImpl (PipelineManagerImpl.java:openPipeline(367)) - Pipeline Pipeline[ Id: 179014d7-0175-44ec-8931-1db3d83be794, Nodes: bf918f47-46e4-4489-b5fc-5f9d222f6194{ip: 10.1.0.75, host: fv-az573-760.uspngagyt4suddso0aj1djjezg.dx.internal.cloudapp.net, ports: [REPLICATION=35371, RATIS=40087, RATIS_ADMIN=40087, RATIS_SERVER=40087, STANDALONE=41753], networkLocation: /default-rack, certSerialId: null, persistedOpState: IN_SERVICE, persistedOpStateExpiryEpochSec: 0}d4fb79f4-51ff-439e-bcc6-4ee6f991de8e{ip: 10.1.0.75, host: fv-az573-760.uspngagyt4suddso0aj1djjezg.dx.internal.cloudapp.net, ports: [REPLICATION=46551, RATIS=45177, RATIS_ADMIN=45177, RATIS_SERVER=45177, STANDALONE=42901], networkLocation: /default-rack, certSerialId: null, persistedOpState: IN_SERVICE, persistedOpStateExpiryEpochSec: 0}d9a4f769-630a-47d2-b95a-61308b2125ef{ip: 10.1.0.75, host: fv-az573-760.uspngagyt4suddso0aj1djjezg.dx.internal.cloudapp.net, ports: [REPLICATION=38373, RATIS=34659, RATIS_ADMIN=34659, RATIS_SERVER=34659, STANDALONE=33095], networkLocation: /default-rack, certSerialId: null, persistedOpState: IN_SERVICE, persistedOpStateExpiryEpochSec: 0}, ReplicationConfig: RATIS/THREE, State:ALLOCATED, leaderId:d4fb79f4-51ff-439e-bcc6-4ee6f991de8e, CreationTimestamp2022-10-18T03:54:46.636Z[Etc/UTC]] moved to OPEN state
2022-10-18 03:54:54,131 [EventQueue-OpenPipelineForHealthyPipelineSafeModeRule] INFO  safemode.SCMSafeModeManager (HealthyPipelineSafeModeRule.java:process(137)) - SCM in safe mode. Healthy pipelines reported count is 1, required healthy pipeline reported count is 1
2022-10-18 03:54:54,131 [EventQueue-OpenPipelineForHealthyPipelineSafeModeRule] INFO  safemode.SCMSafeModeManager (SCMSafeModeManager.java:validateSafeModeExitRules(204)) - HealthyPipelineSafeModeRule rule is successfully validated
2022-10-18 03:54:54,131 [EventQueue-OpenPipelineForHealthyPipelineSafeModeRule] INFO  safemode.SCMSafeModeManager (SCMSafeModeManager.java:validateSafeModeExitRules(219)) - ScmSafeModeManager, all rules are successfully validated
2022-10-18 03:54:54,131 [EventQueue-OpenPipelineForHealthyPipelineSafeModeRule] INFO  safemode.SCMSafeModeManager (SCMSafeModeManager.java:exitSafeMode(248)) - SCM exiting safe mode.
2022-10-18 03:54:54,131 [EventQueue-OpenPipelineForHealthyPipelineSafeModeRule] WARN  events.EventQueue (EventQueue.java:fireEvent(216)) - No event handler registered for event TypedEvent{payloadType=SafeModeStatus, name='Safe mode status'}
2022-10-18 03:54:54,131 [EventQueue-OpenPipelineForHealthyPipelineSafeModeRule] INFO  ha.SCMContext (SCMContext.java:updateSafeModeStatus(228)) - Update SafeModeStatus from SafeModeStatus{safeModeStatus=true, preCheckPassed=true} to SafeModeStatus{safeModeStatus=false, preCheckPassed=true}.
2022-10-18 03:54:54,131 [EventQueue-OpenPipelineForHealthyPipelineSafeModeRule] INFO  pipeline.BackgroundPipelineCreator (BackgroundPipelineCreator.java:notifyStatusChanged(254)) - Service BackgroundPipelineCreator transitions to RUNNING.
2022-10-18 03:54:54,131 [EventQueue-OpenPipelineForHealthyPipelineSafeModeRule] INFO  BackgroundPipelineScrubber (BackgroundSCMService.java:notifyStatusChanged(82)) - Service BackgroundPipelineScrubber transitions to RUNNING.
2022-10-18 03:54:54,131 [EventQueue-OpenPipelineForHealthyPipelineSafeModeRule] INFO  ExpiredContainerReplicaOpScrubber (BackgroundSCMService.java:notifyStatusChanged(82)) - Service ExpiredContainerReplicaOpScrubber transitions to RUNNING.
2022-10-18 03:54:54,131 [EventQueue-OpenPipelineForHealthyPipelineSafeModeRule] INFO  replication.ReplicationManager (ReplicationManager.java:notifyStatusChanged(728)) - Service ReplicationManager transitions to RUNNING.
2022-10-18 03:54:54,131 [EventQueue-OpenPipelineForHealthyPipelineSafeModeRule] WARN  balancer.ContainerBalancer (ContainerBalancer.java:shouldRun(131)) - Could not find persisted configuration for ContainerBalancer when checking if ContainerBalancer should run. ContainerBalancer should not run now.
2022-10-18 03:54:54,132 [d4fb79f4-51ff-439e-bcc6-4ee6f991de8e@group-1DB3D83BE794-LeaderElection23] INFO  server.RaftServerConfigKeys (ConfUtils.java:logGet(46)) - raft.server.log.appender.snapshot.chunk.size.max = 16MB (=16777216) (default)
2022-10-18 03:54:54,132 [d4fb79f4-51ff-439e-bcc6-4ee6f991de8e@group-1DB3D83BE794-LeaderElection23] INFO  server.RaftServerConfigKeys (ConfUtils.java:logGet(46)) - raft.server.log.appender.buffer.byte-limit = 33554432 (custom)
2022-10-18 03:54:54,132 [d4fb79f4-51ff-439e-bcc6-4ee6f991de8e@group-1DB3D83BE794-LeaderElection23] INFO  server.RaftServerConfigKeys (ConfUtils.java:logGet(46)) - raft.server.log.appender.buffer.element-limit = 1 (custom)
2022-10-18 03:54:54,132 [d4fb79f4-51ff-439e-bcc6-4ee6f991de8e@group-1DB3D83BE794-LeaderElection23] INFO  grpc.GrpcConfigKeys (ConfUtils.java:logGet(46)) - raft.grpc.server.leader.outstanding.appends.max = 128 (default)
2022-10-18 03:54:54,132 [d4fb79f4-51ff-439e-bcc6-4ee6f991de8e@group-1DB3D83BE794-LeaderElection23] INFO  server.RaftServerConfigKeys (ConfUtils.java:logGet(46)) - raft.server.rpc.request.timeout = 60s (custom)
2022-10-18 03:54:54,132 [d4fb79f4-51ff-439e-bcc6-4ee6f991de8e@group-1DB3D83BE794-LeaderElection23] INFO  server.RaftServerConfigKeys (ConfUtils.java:logGet(46)) - raft.server.log.appender.install.snapshot.enabled = false (custom)
2022-10-18 03:54:54,132 [d4fb79f4-51ff-439e-bcc6-4ee6f991de8e@group-1DB3D83BE794-LeaderElection23] INFO  impl.RoleInfo (RoleInfo.java:updateAndGet(139)) - d4fb79f4-51ff-439e-bcc6-4ee6f991de8e: start d4fb79f4-51ff-439e-bcc6-4ee6f991de8e@group-1DB3D83BE794-LeaderStateImpl
2022-10-18 03:54:54,133 [d4fb79f4-51ff-439e-bcc6-4ee6f991de8e@group-1DB3D83BE794-LeaderElection23] INFO  segmented.SegmentedRaftLogWorker (SegmentedRaftLogWorker.java:startLogSegment(425)) - d4fb79f4-51ff-439e-bcc6-4ee6f991de8e@group-1DB3D83BE794-SegmentedRaftLogWorker: Starting segment from index:0
2022-10-18 03:54:54,135 [d4fb79f4-51ff-439e-bcc6-4ee6f991de8e@group-1DB3D83BE794-SegmentedRaftLogWorker] INFO  segmented.SegmentedRaftLogWorker (SegmentedRaftLogWorker.java:execute(629)) - d4fb79f4-51ff-439e-bcc6-4ee6f991de8e@group-1DB3D83BE794-SegmentedRaftLogWorker: created new log segment /home/runner/work/ozone/ozone/hadoop-ozone/integration-test/target/test-dir/MiniOzoneClusterImpl-2682239d-8109-418f-bfce-648431d3ae5d/datanode-0/data/ratis/179014d7-0175-44ec-8931-1db3d83be794/current/log_inprogress_0
2022-10-18 03:54:54,142 [d4fb79f4-51ff-439e-bcc6-4ee6f991de8e@group-1DB3D83BE794-LeaderElection23] INFO  server.RaftServer$Division (ServerState.java:setRaftConf(393)) - d4fb79f4-51ff-439e-bcc6-4ee6f991de8e@group-1DB3D83BE794: set configuration 0: [d4fb79f4-51ff-439e-bcc6-4ee6f991de8e|rpc:10.1.0.75:45177|dataStream:|priority:1, d9a4f769-630a-47d2-b95a-61308b2125ef|rpc:10.1.0.75:34659|dataStream:|priority:0, bf918f47-46e4-4489-b5fc-5f9d222f6194|rpc:10.1.0.75:40087|dataStream:|priority:0], old=null
2022-10-18 03:54:54,147 [bf918f47-46e4-4489-b5fc-5f9d222f6194-server-thread1] INFO  ratis.XceiverServerRatis (XceiverServerRatis.java:handleLeaderChangedNotification(863)) - Leader change notification received for group: group-1DB3D83BE794 with new leaderId: d4fb79f4-51ff-439e-bcc6-4ee6f991de8e
2022-10-18 03:54:54,147 [bf918f47-46e4-4489-b5fc-5f9d222f6194-server-thread1] INFO  server.RaftServer$Division (ServerState.java:setLeader(287)) - bf918f47-46e4-4489-b5fc-5f9d222f6194@group-1DB3D83BE794: change Leader from null to d4fb79f4-51ff-439e-bcc6-4ee6f991de8e at term 1 for appendEntries, leader elected after 5103ms
2022-10-18 03:54:54,166 [d9a4f769-630a-47d2-b95a-61308b2125ef-server-thread1] INFO  ratis.XceiverServerRatis (XceiverServerRatis.java:handleLeaderChangedNotification(863)) - Leader change notification received for group: group-1DB3D83BE794 with new leaderId: d4fb79f4-51ff-439e-bcc6-4ee6f991de8e
2022-10-18 03:54:54,166 [d9a4f769-630a-47d2-b95a-61308b2125ef-server-thread1] INFO  server.RaftServer$Division (ServerState.java:setLeader(287)) - d9a4f769-630a-47d2-b95a-61308b2125ef@group-1DB3D83BE794: change Leader from null to d4fb79f4-51ff-439e-bcc6-4ee6f991de8e at term 1 for appendEntries, leader elected after 5093ms
2022-10-18 03:54:54,170 [bf918f47-46e4-4489-b5fc-5f9d222f6194-server-thread1] INFO  server.RaftServer$Division (ServerState.java:setRaftConf(393)) - bf918f47-46e4-4489-b5fc-5f9d222f6194@group-1DB3D83BE794: set configuration 0: [d4fb79f4-51ff-439e-bcc6-4ee6f991de8e|rpc:10.1.0.75:45177|dataStream:|priority:1, d9a4f769-630a-47d2-b95a-61308b2125ef|rpc:10.1.0.75:34659|dataStream:|priority:0, bf918f47-46e4-4489-b5fc-5f9d222f6194|rpc:10.1.0.75:40087|dataStream:|priority:0], old=null
2022-10-18 03:54:54,171 [bf918f47-46e4-4489-b5fc-5f9d222f6194-server-thread1] INFO  segmented.SegmentedRaftLogWorker (SegmentedRaftLogWorker.java:startLogSegment(425)) - bf918f47-46e4-4489-b5fc-5f9d222f6194@group-1DB3D83BE794-SegmentedRaftLogWorker: Starting segment from index:0
2022-10-18 03:54:54,172 [bf918f47-46e4-4489-b5fc-5f9d222f6194@group-1DB3D83BE794-SegmentedRaftLogWorker] INFO  segmented.SegmentedRaftLogWorker (SegmentedRaftLogWorker.java:execute(629)) - bf918f47-46e4-4489-b5fc-5f9d222f6194@group-1DB3D83BE794-SegmentedRaftLogWorker: created new log segment /home/runner/work/ozone/ozone/hadoop-ozone/integration-test/target/test-dir/MiniOzoneClusterImpl-2682239d-8109-418f-bfce-648431d3ae5d/datanode-1/data/ratis/179014d7-0175-44ec-8931-1db3d83be794/current/log_inprogress_0
2022-10-18 03:54:54,172 [d9a4f769-630a-47d2-b95a-61308b2125ef-server-thread1] INFO  server.RaftServer$Division (ServerState.java:setRaftConf(393)) - d9a4f769-630a-47d2-b95a-61308b2125ef@group-1DB3D83BE794: set configuration 0: [d4fb79f4-51ff-439e-bcc6-4ee6f991de8e|rpc:10.1.0.75:45177|dataStream:|priority:1, d9a4f769-630a-47d2-b95a-61308b2125ef|rpc:10.1.0.75:34659|dataStream:|priority:0, bf918f47-46e4-4489-b5fc-5f9d222f6194|rpc:10.1.0.75:40087|dataStream:|priority:0], old=null
2022-10-18 03:54:54,173 [d9a4f769-630a-47d2-b95a-61308b2125ef-server-thread1] INFO  segmented.SegmentedRaftLogWorker (SegmentedRaftLogWorker.java:startLogSegment(425)) - d9a4f769-630a-47d2-b95a-61308b2125ef@group-1DB3D83BE794-SegmentedRaftLogWorker: Starting segment from index:0
2022-10-18 03:54:54,176 [d9a4f769-630a-47d2-b95a-61308b2125ef@group-1DB3D83BE794-SegmentedRaftLogWorker] INFO  segmented.SegmentedRaftLogWorker (SegmentedRaftLogWorker.java:execute(629)) - d9a4f769-630a-47d2-b95a-61308b2125ef@group-1DB3D83BE794-SegmentedRaftLogWorker: created new log segment /home/runner/work/ozone/ozone/hadoop-ozone/integration-test/target/test-dir/MiniOzoneClusterImpl-2682239d-8109-418f-bfce-648431d3ae5d/datanode-2/data/ratis/179014d7-0175-44ec-8931-1db3d83be794/current/log_inprogress_0
2022-10-18 03:54:54,186 [EndpointStateMachine task thread for /0.0.0.0:43069 - 0 ] INFO  ipc.Client (Client.java:handleConnectionFailure(1010)) - Retrying connect to server: 0.0.0.0/0.0.0.0:43069. Already tried 4 time(s); retry policy is RetryUpToMaximumCountWithFixedSleep(maxRetries=15, sleepTime=1000 MILLISECONDS)
2022-10-18 03:54:54,372 [bf918f47-46e4-4489-b5fc-5f9d222f6194@group-69D72C5DBFDA-FollowerState] INFO  impl.FollowerState (FollowerState.java:run(143)) - bf918f47-46e4-4489-b5fc-5f9d222f6194@group-69D72C5DBFDA-FollowerState: change to CANDIDATE, lastRpcElapsedTime:5072094093ns, electionTimeout:5071ms
2022-10-18 03:54:54,372 [bf918f47-46e4-4489-b5fc-5f9d222f6194@group-69D72C5DBFDA-FollowerState] INFO  impl.RoleInfo (RoleInfo.java:shutdownFollowerState(110)) - bf918f47-46e4-4489-b5fc-5f9d222f6194: shutdown bf918f47-46e4-4489-b5fc-5f9d222f6194@group-69D72C5DBFDA-FollowerState
2022-10-18 03:54:54,372 [bf918f47-46e4-4489-b5fc-5f9d222f6194@group-69D72C5DBFDA-FollowerState] INFO  server.RaftServer$Division (RaftServerImpl.java:setRole(299)) - bf918f47-46e4-4489-b5fc-5f9d222f6194@group-69D72C5DBFDA: changes role from  FOLLOWER to CANDIDATE at term 0 for changeToCandidate
2022-10-18 03:54:54,372 [bf918f47-46e4-4489-b5fc-5f9d222f6194@group-69D72C5DBFDA-FollowerState] INFO  server.RaftServerConfigKeys (ConfUtils.java:logGet(46)) - raft.server.leaderelection.pre-vote = false (custom)
2022-10-18 03:54:54,372 [bf918f47-46e4-4489-b5fc-5f9d222f6194@group-69D72C5DBFDA-FollowerState] INFO  impl.RoleInfo (RoleInfo.java:updateAndGet(139)) - bf918f47-46e4-4489-b5fc-5f9d222f6194: start bf918f47-46e4-4489-b5fc-5f9d222f6194@group-69D72C5DBFDA-LeaderElection24
2022-10-18 03:54:54,379 [bf918f47-46e4-4489-b5fc-5f9d222f6194@group-69D72C5DBFDA-LeaderElection24] INFO  impl.LeaderElection (LeaderElection.java:askForVotes(310)) - bf918f47-46e4-4489-b5fc-5f9d222f6194@group-69D72C5DBFDA-LeaderElection24 ELECTION round 0: submit vote requests at term 1 for -1: [bf918f47-46e4-4489-b5fc-5f9d222f6194|rpc:10.1.0.75:40087|priority:1], old=null
2022-10-18 03:54:54,379 [bf918f47-46e4-4489-b5fc-5f9d222f6194@group-69D72C5DBFDA-LeaderElection24] INFO  impl.LeaderElection (LeaderElection.java:askForVotes(312)) - bf918f47-46e4-4489-b5fc-5f9d222f6194@group-69D72C5DBFDA-LeaderElection24 ELECTION round 0: result PASSED (term=1)
2022-10-18 03:54:54,379 [bf918f47-46e4-4489-b5fc-5f9d222f6194@group-69D72C5DBFDA-LeaderElection24] INFO  impl.RoleInfo (RoleInfo.java:shutdownLeaderElection(130)) - bf918f47-46e4-4489-b5fc-5f9d222f6194: shutdown bf918f47-46e4-4489-b5fc-5f9d222f6194@group-69D72C5DBFDA-LeaderElection24
2022-10-18 03:54:54,379 [bf918f47-46e4-4489-b5fc-5f9d222f6194@group-69D72C5DBFDA-LeaderElection24] INFO  server.RaftServer$Division (RaftServerImpl.java:setRole(299)) - bf918f47-46e4-4489-b5fc-5f9d222f6194@group-69D72C5DBFDA: changes role from CANDIDATE to LEADER at term 1 for changeToLeader
2022-10-18 03:54:54,379 [bf918f47-46e4-4489-b5fc-5f9d222f6194@group-69D72C5DBFDA-LeaderElection24] INFO  ratis.XceiverServerRatis (XceiverServerRatis.java:handleLeaderChangedNotification(863)) - Leader change notification received for group: group-69D72C5DBFDA with new leaderId: bf918f47-46e4-4489-b5fc-5f9d222f6194
2022-10-18 03:54:54,379 [bf918f47-46e4-4489-b5fc-5f9d222f6194@group-69D72C5DBFDA-LeaderElection24] INFO  server.RaftServer$Division (ServerState.java:setLeader(287)) - bf918f47-46e4-4489-b5fc-5f9d222f6194@group-69D72C5DBFDA: change Leader from null to bf918f47-46e4-4489-b5fc-5f9d222f6194 at term 1 for becomeLeader, leader elected after 5087ms
2022-10-18 03:54:54,379 [bf918f47-46e4-4489-b5fc-5f9d222f6194@group-69D72C5DBFDA-LeaderElection24] INFO  server.RaftServerConfigKeys (ConfUtils.java:logGet(46)) - raft.server.staging.catchup.gap = 1000 (default)
2022-10-18 03:54:54,380 [bf918f47-46e4-4489-b5fc-5f9d222f6194@group-69D72C5DBFDA-LeaderElection24] INFO  server.RaftServerConfigKeys (ConfUtils.java:logGet(46)) - raft.server.write.element-limit = 1024 (custom)
2022-10-18 03:54:54,380 [bf918f47-46e4-4489-b5fc-5f9d222f6194@group-69D72C5DBFDA-LeaderElection24] INFO  server.RaftServerConfigKeys (ConfUtils.java:logGet(46)) - raft.server.write.byte-limit = 1024 M (=1073741824) (custom)
2022-10-18 03:54:54,380 [bf918f47-46e4-4489-b5fc-5f9d222f6194@group-69D72C5DBFDA-LeaderElection24] INFO  server.RaftServerConfigKeys (ConfUtils.java:logGet(46)) - raft.server.watch.timeout = 180s (custom)
2022-10-18 03:54:54,380 [bf918f47-46e4-4489-b5fc-5f9d222f6194@group-69D72C5DBFDA-LeaderElection24] INFO  server.RaftServerConfigKeys (ConfUtils.java:logGet(46)) - raft.server.watch.timeout.denomination = 1s (default)
2022-10-18 03:54:54,380 [bf918f47-46e4-4489-b5fc-5f9d222f6194@group-69D72C5DBFDA-LeaderElection24] INFO  server.RaftServerConfigKeys (ConfUtils.java:logGet(46)) - raft.server.watch.element-limit = 65536 (default)
2022-10-18 03:54:54,380 [bf918f47-46e4-4489-b5fc-5f9d222f6194@group-69D72C5DBFDA-LeaderElection24] INFO  server.RaftServerConfigKeys (ConfUtils.java:logGet(46)) - raft.server.write.element-limit = 1024 (custom)
2022-10-18 03:54:54,381 [bf918f47-46e4-4489-b5fc-5f9d222f6194@group-69D72C5DBFDA-LeaderElection24] INFO  server.RaftServerConfigKeys (ConfUtils.java:logGet(46)) - raft.server.write.follower.gap.ratio.max = -1.0 (default)
2022-10-18 03:54:54,381 [bf918f47-46e4-4489-b5fc-5f9d222f6194@group-69D72C5DBFDA-LeaderElection24] INFO  impl.RoleInfo (RoleInfo.java:updateAndGet(139)) - bf918f47-46e4-4489-b5fc-5f9d222f6194: start bf918f47-46e4-4489-b5fc-5f9d222f6194@group-69D72C5DBFDA-LeaderStateImpl
2022-10-18 03:54:54,381 [bf918f47-46e4-4489-b5fc-5f9d222f6194@group-69D72C5DBFDA-LeaderElection24] INFO  segmented.SegmentedRaftLogWorker (SegmentedRaftLogWorker.java:startLogSegment(425)) - bf918f47-46e4-4489-b5fc-5f9d222f6194@group-69D72C5DBFDA-SegmentedRaftLogWorker: Starting segment from index:0
2022-10-18 03:54:54,384 [bf918f47-46e4-4489-b5fc-5f9d222f6194@group-69D72C5DBFDA-SegmentedRaftLogWorker] INFO  segmented.SegmentedRaftLogWorker (SegmentedRaftLogWorker.java:execute(629)) - bf918f47-46e4-4489-b5fc-5f9d222f6194@group-69D72C5DBFDA-SegmentedRaftLogWorker: created new log segment /home/runner/work/ozone/ozone/hadoop-ozone/integration-test/target/test-dir/MiniOzoneClusterImpl-2682239d-8109-418f-bfce-648431d3ae5d/datanode-1/data/ratis/f042214e-ecab-4c4b-ba5a-69d72c5dbfda/current/log_inprogress_0
2022-10-18 03:54:54,384 [bf918f47-46e4-4489-b5fc-5f9d222f6194@group-69D72C5DBFDA-LeaderElection24] INFO  server.RaftServer$Division (ServerState.java:setRaftConf(393)) - bf918f47-46e4-4489-b5fc-5f9d222f6194@group-69D72C5DBFDA: set configuration 0: [bf918f47-46e4-4489-b5fc-5f9d222f6194|rpc:10.1.0.75:40087|dataStream:|priority:1], old=null
2022-10-18 03:54:54,636 [Listener at 127.0.0.1/35839] INFO  ozone.MiniOzoneClusterImpl (MiniOzoneClusterImpl.java:lambda$waitForClusterToBeReady$0(216)) - Nodes are ready. Got 3 of 3 DN Heartbeats.
2022-10-18 03:54:54,636 [Listener at 127.0.0.1/35839] INFO  ozone.MiniOzoneClusterImpl (MiniOzoneClusterImpl.java:lambda$waitForClusterToBeReady$0(219)) - Cluster exits safe mode
2022-10-18 03:54:54,636 [Listener at 127.0.0.1/35839] INFO  ozone.MiniOzoneClusterImpl (MiniOzoneClusterImpl.java:lambda$waitForClusterToBeReady$0(221)) - SCM became leader
2022-10-18 03:54:54,648 [d9a4f769-630a-47d2-b95a-61308b2125ef@group-247900F06C9E-FollowerState] INFO  impl.FollowerState (FollowerState.java:run(143)) - d9a4f769-630a-47d2-b95a-61308b2125ef@group-247900F06C9E-FollowerState: change to CANDIDATE, lastRpcElapsedTime:5005039985ns, electionTimeout:5004ms
2022-10-18 03:54:54,648 [d9a4f769-630a-47d2-b95a-61308b2125ef@group-247900F06C9E-FollowerState] INFO  impl.RoleInfo (RoleInfo.java:shutdownFollowerState(110)) - d9a4f769-630a-47d2-b95a-61308b2125ef: shutdown d9a4f769-630a-47d2-b95a-61308b2125ef@group-247900F06C9E-FollowerState
2022-10-18 03:54:54,648 [d9a4f769-630a-47d2-b95a-61308b2125ef@group-247900F06C9E-FollowerState] INFO  server.RaftServer$Division (RaftServerImpl.java:setRole(299)) - d9a4f769-630a-47d2-b95a-61308b2125ef@group-247900F06C9E: changes role from  FOLLOWER to CANDIDATE at term 0 for changeToCandidate
2022-10-18 03:54:54,648 [d9a4f769-630a-47d2-b95a-61308b2125ef@group-247900F06C9E-FollowerState] INFO  server.RaftServerConfigKeys (ConfUtils.java:logGet(46)) - raft.server.leaderelection.pre-vote = false (custom)
2022-10-18 03:54:54,648 [d9a4f769-630a-47d2-b95a-61308b2125ef@group-247900F06C9E-FollowerState] INFO  impl.RoleInfo (RoleInfo.java:updateAndGet(139)) - d9a4f769-630a-47d2-b95a-61308b2125ef: start d9a4f769-630a-47d2-b95a-61308b2125ef@group-247900F06C9E-LeaderElection25
2022-10-18 03:54:54,652 [d9a4f769-630a-47d2-b95a-61308b2125ef@group-247900F06C9E-LeaderElection25] INFO  impl.LeaderElection (LeaderElection.java:askForVotes(310)) - d9a4f769-630a-47d2-b95a-61308b2125ef@group-247900F06C9E-LeaderElection25 ELECTION round 0: submit vote requests at term 1 for -1: [d9a4f769-630a-47d2-b95a-61308b2125ef|rpc:10.1.0.75:34659|priority:1], old=null
2022-10-18 03:54:54,652 [d9a4f769-630a-47d2-b95a-61308b2125ef@group-247900F06C9E-LeaderElection25] INFO  impl.LeaderElection (LeaderElection.java:askForVotes(312)) - d9a4f769-630a-47d2-b95a-61308b2125ef@group-247900F06C9E-LeaderElection25 ELECTION round 0: result PASSED (term=1)
2022-10-18 03:54:54,652 [d9a4f769-630a-47d2-b95a-61308b2125ef@group-247900F06C9E-LeaderElection25] INFO  impl.RoleInfo (RoleInfo.java:shutdownLeaderElection(130)) - d9a4f769-630a-47d2-b95a-61308b2125ef: shutdown d9a4f769-630a-47d2-b95a-61308b2125ef@group-247900F06C9E-LeaderElection25
2022-10-18 03:54:54,652 [d9a4f769-630a-47d2-b95a-61308b2125ef@group-247900F06C9E-LeaderElection25] INFO  server.RaftServer$Division (RaftServerImpl.java:setRole(299)) - d9a4f769-630a-47d2-b95a-61308b2125ef@group-247900F06C9E: changes role from CANDIDATE to LEADER at term 1 for changeToLeader
2022-10-18 03:54:54,652 [d9a4f769-630a-47d2-b95a-61308b2125ef@group-247900F06C9E-LeaderElection25] INFO  ratis.XceiverServerRatis (XceiverServerRatis.java:handleLeaderChangedNotification(863)) - Leader change notification received for group: group-247900F06C9E with new leaderId: d9a4f769-630a-47d2-b95a-61308b2125ef
2022-10-18 03:54:54,652 [d9a4f769-630a-47d2-b95a-61308b2125ef@group-247900F06C9E-LeaderElection25] INFO  server.RaftServer$Division (ServerState.java:setLeader(287)) - d9a4f769-630a-47d2-b95a-61308b2125ef@group-247900F06C9E: change Leader from null to d9a4f769-630a-47d2-b95a-61308b2125ef at term 1 for becomeLeader, leader elected after 5016ms
2022-10-18 03:54:54,652 [d9a4f769-630a-47d2-b95a-61308b2125ef@group-247900F06C9E-LeaderElection25] INFO  server.RaftServerConfigKeys (ConfUtils.java:logGet(46)) - raft.server.staging.catchup.gap = 1000 (default)
2022-10-18 03:54:54,652 [d9a4f769-630a-47d2-b95a-61308b2125ef@group-247900F06C9E-LeaderElection25] INFO  server.RaftServerConfigKeys (ConfUtils.java:logGet(46)) - raft.server.write.element-limit = 1024 (custom)
2022-10-18 03:54:54,652 [d9a4f769-630a-47d2-b95a-61308b2125ef@group-247900F06C9E-LeaderElection25] INFO  server.RaftServerConfigKeys (ConfUtils.java:logGet(46)) - raft.server.write.byte-limit = 1024 M (=1073741824) (custom)
2022-10-18 03:54:54,653 [d9a4f769-630a-47d2-b95a-61308b2125ef@group-247900F06C9E-LeaderElection25] INFO  server.RaftServerConfigKeys (ConfUtils.java:logGet(46)) - raft.server.watch.timeout = 180s (custom)
2022-10-18 03:54:54,653 [d9a4f769-630a-47d2-b95a-61308b2125ef@group-247900F06C9E-LeaderElection25] INFO  server.RaftServerConfigKeys (ConfUtils.java:logGet(46)) - raft.server.watch.timeout.denomination = 1s (default)
2022-10-18 03:54:54,653 [d9a4f769-630a-47d2-b95a-61308b2125ef@group-247900F06C9E-LeaderElection25] INFO  server.RaftServerConfigKeys (ConfUtils.java:logGet(46)) - raft.server.watch.element-limit = 65536 (default)
2022-10-18 03:54:54,653 [d9a4f769-630a-47d2-b95a-61308b2125ef@group-247900F06C9E-LeaderElection25] INFO  server.RaftServerConfigKeys (ConfUtils.java:logGet(46)) - raft.server.write.element-limit = 1024 (custom)
2022-10-18 03:54:54,653 [d9a4f769-630a-47d2-b95a-61308b2125ef@group-247900F06C9E-LeaderElection25] INFO  server.RaftServerConfigKeys (ConfUtils.java:logGet(46)) - raft.server.write.follower.gap.ratio.max = -1.0 (default)
2022-10-18 03:54:54,653 [d9a4f769-630a-47d2-b95a-61308b2125ef@group-247900F06C9E-LeaderElection25] INFO  impl.RoleInfo (RoleInfo.java:updateAndGet(139)) - d9a4f769-630a-47d2-b95a-61308b2125ef: start d9a4f769-630a-47d2-b95a-61308b2125ef@group-247900F06C9E-LeaderStateImpl
2022-10-18 03:54:54,653 [d9a4f769-630a-47d2-b95a-61308b2125ef@group-247900F06C9E-LeaderElection25] INFO  segmented.SegmentedRaftLogWorker (SegmentedRaftLogWorker.java:startLogSegment(425)) - d9a4f769-630a-47d2-b95a-61308b2125ef@group-247900F06C9E-SegmentedRaftLogWorker: Starting segment from index:0
2022-10-18 03:54:54,656 [d9a4f769-630a-47d2-b95a-61308b2125ef@group-247900F06C9E-SegmentedRaftLogWorker] INFO  segmented.SegmentedRaftLogWorker (SegmentedRaftLogWorker.java:execute(629)) - d9a4f769-630a-47d2-b95a-61308b2125ef@group-247900F06C9E-SegmentedRaftLogWorker: created new log segment /home/runner/work/ozone/ozone/hadoop-ozone/integration-test/target/test-dir/MiniOzoneClusterImpl-2682239d-8109-418f-bfce-648431d3ae5d/datanode-2/data/ratis/52d092b2-29eb-439c-8b54-247900f06c9e/current/log_inprogress_0
2022-10-18 03:54:54,658 [d9a4f769-630a-47d2-b95a-61308b2125ef@group-247900F06C9E-LeaderElection25] INFO  server.RaftServer$Division (ServerState.java:setRaftConf(393)) - d9a4f769-630a-47d2-b95a-61308b2125ef@group-247900F06C9E: set configuration 0: [d9a4f769-630a-47d2-b95a-61308b2125ef|rpc:10.1.0.75:34659|dataStream:|priority:1], old=null
2022-10-18 03:54:54,659 [Listener at 127.0.0.1/35839] INFO  rpc.RpcClient (RpcClient.java:createVolume(471)) - Creating Volume: volume96469, with user21780 as owner and space quota set to -1 bytes, counts quota set to -1
2022-10-18 03:54:54,677 [OM StateMachine ApplyTransaction Thread - 0] INFO  volume.OMVolumeCreateRequest (OMVolumeCreateRequest.java:validateAndUpdateCache(195)) - created volume:volume96469 for user:user21780
2022-10-18 03:54:54,686 [Listener at 127.0.0.1/35839] INFO  rpc.RpcClient (RpcClient.java:createBucket(674)) - Creating Bucket: volume96469/bucket96099, with server-side default bucket layout, runner as owner, Versioning false, Storage Type set to DISK and Encryption set to false 
2022-10-18 03:54:54,692 [OM StateMachine ApplyTransaction Thread - 0] INFO  volume.OMVolumeCreateRequest (OMVolumeCreateRequest.java:validateAndUpdateCache(195)) - created volume:volume96469 for user:user21780
2022-10-18 03:54:54,694 [OM StateMachine ApplyTransaction Thread - 0] INFO  volume.OMVolumeCreateRequest (OMVolumeCreateRequest.java:validateAndUpdateCache(195)) - created volume:volume96469 for user:user21780
2022-10-18 03:54:54,708 [OM StateMachine ApplyTransaction Thread - 0] INFO  bucket.OMBucketCreateRequest (OMBucketCreateRequest.java:validateAndUpdateCache(260)) - created bucket: bucket96099 of layout LEGACY in volume: volume96469
2022-10-18 03:54:54,724 [OM StateMachine ApplyTransaction Thread - 0] INFO  bucket.OMBucketCreateRequest (OMBucketCreateRequest.java:validateAndUpdateCache(260)) - created bucket: bucket96099 of layout LEGACY in volume: volume96469
2022-10-18 03:54:54,728 [OM StateMachine ApplyTransaction Thread - 0] INFO  bucket.OMBucketCreateRequest (OMBucketCreateRequest.java:validateAndUpdateCache(260)) - created bucket: bucket96099 of layout LEGACY in volume: volume96469
2022-10-18 03:54:54,729 [IPC Server handler 2 on default port 45921] INFO  ha.SequenceIdGenerator (SequenceIdGenerator.java:getNextId(128)) - Allocate a batch for containerId, change lastId from 0 to 1000.
2022-10-18 03:54:54,733 [IPC Server handler 2 on default port 45921] WARN  ha.SequenceIdGenerator (SequenceIdGenerator.java:allocateBatch(237)) - Failed to allocate a batch for localId, expected lastId is 0, actual lastId is 109611004723200000.
2022-10-18 03:54:54,733 [IPC Server handler 2 on default port 45921] INFO  ha.SequenceIdGenerator (SequenceIdGenerator.java:getNextId(128)) - Allocate a batch for localId, change lastId from 109611004723200000 to 109611004723201000.
2022-10-18 03:54:55,188 [EndpointStateMachine task thread for /0.0.0.0:43069 - 0 ] INFO  ipc.Client (Client.java:handleConnectionFailure(1010)) - Retrying connect to server: 0.0.0.0/0.0.0.0:43069. Already tried 5 time(s); retry policy is RetryUpToMaximumCountWithFixedSleep(maxRetries=15, sleepTime=1000 MILLISECONDS)
2022-10-18 03:54:55,462 [Listener at 127.0.0.1/35839] INFO  om.OzoneManager (OzoneManager.java:stop(2034)) - omNode-3[localhost:35839]: Stopping Ozone Manager
2022-10-18 03:54:55,462 [Listener at 127.0.0.1/35839] INFO  ipc.Server (Server.java:stop(3428)) - Stopping server on 35839
2022-10-18 03:54:55,467 [IPC Server listener on 35839] INFO  ipc.Server (Server.java:run(1384)) - Stopping IPC Server listener on 35839
2022-10-18 03:54:55,473 [IPC Server Responder] INFO  ipc.Server (Server.java:run(1517)) - Stopping IPC Server Responder
2022-10-18 03:54:55,476 [Listener at 127.0.0.1/35839] INFO  server.RaftServer (RaftServerProxy.java:lambda$close$7(398)) - omNode-3: close
2022-10-18 03:54:55,477 [Listener at 127.0.0.1/35839] INFO  server.RaftServer$Division (RaftServerImpl.java:lambda$close$4(434)) - omNode-3@group-523986131536: shutdown
2022-10-18 03:54:55,477 [Listener at 127.0.0.1/35839] INFO  util.JmxRegister (JmxRegister.java:unregister(73)) - Successfully un-registered JMX Bean with object name Ratis:service=RaftServer,group=group-523986131536,id=omNode-3
2022-10-18 03:54:55,478 [Listener at 127.0.0.1/35839] INFO  impl.RoleInfo (RoleInfo.java:shutdownFollowerState(110)) - omNode-3: shutdown omNode-3@group-523986131536-FollowerState
2022-10-18 03:54:55,478 [Listener at 127.0.0.1/35839] INFO  impl.StateMachineUpdater (StateMachineUpdater.java:stopAndJoin(153)) - omNode-3@group-523986131536-StateMachineUpdater: set stopIndex = 43
2022-10-18 03:54:55,478 [omNode-3@group-523986131536-FollowerState] INFO  impl.FollowerState (FollowerState.java:run(152)) - omNode-3@group-523986131536-FollowerState was interrupted
2022-10-18 03:54:55,478 [omNode-3@group-523986131536-StateMachineUpdater] INFO  ratis.OzoneManagerStateMachine (OzoneManagerStateMachine.java:takeSnapshot(441)) - Current Snapshot Index (t:1, i:43)
2022-10-18 03:54:55,478 [omNode-3@group-523986131536-StateMachineUpdater] INFO  impl.StateMachineUpdater (StateMachineUpdater.java:takeSnapshot(287)) - omNode-3@group-523986131536-StateMachineUpdater: Took a snapshot at index 43
2022-10-18 03:54:55,478 [omNode-3@group-523986131536-StateMachineUpdater] INFO  impl.StateMachineUpdater (StateMachineUpdater.java:lambda$new$0(92)) - omNode-3@group-523986131536-StateMachineUpdater: snapshotIndex: updateIncreasingly -1 -> 43
2022-10-18 03:54:55,479 [omNode-3@group-523986131536-StateMachineUpdater] INFO  ratis.OzoneManagerStateMachine (OzoneManagerStateMachine.java:close(495)) - StateMachine has shutdown. Shutdown OzoneManager if not already shutdown.
2022-10-18 03:54:55,479 [omNode-3@group-523986131536-StateMachineUpdater] INFO  ratis.OzoneManagerDoubleBuffer (OzoneManagerDoubleBuffer.java:stop(466)) - Stopping OMDoubleBuffer flush thread
2022-10-18 03:54:55,480 [OMDoubleBufferFlushThread] INFO  ratis.OzoneManagerDoubleBuffer (OzoneManagerDoubleBuffer.java:flushTransactions(385)) - OMDoubleBuffer flush thread OMDoubleBufferFlushThread is interrupted and will exit.
2022-10-18 03:54:55,482 [Listener at 127.0.0.1/35839] INFO  server.RaftServer$Division (ServerState.java:close(429)) - omNode-3@group-523986131536: closes. applyIndex: 43
2022-10-18 03:54:55,482 [omNode-3@group-523986131536-SegmentedRaftLogWorker] INFO  segmented.SegmentedRaftLogWorker (SegmentedRaftLogWorker.java:run(336)) - omNode-3@group-523986131536-SegmentedRaftLogWorker was interrupted, exiting. There are 0 tasks remaining in the queue.
2022-10-18 03:54:55,484 [Listener at 127.0.0.1/35839] INFO  segmented.SegmentedRaftLogWorker (SegmentedRaftLogWorker.java:close(246)) - omNode-3@group-523986131536-SegmentedRaftLogWorker close()
2022-10-18 03:54:55,486 [Listener at 127.0.0.1/35839] INFO  server.GrpcService (GrpcService.java:closeImpl(269)) - omNode-3: shutdown server with port 37031 now
2022-10-18 03:54:55,494 [Listener at 127.0.0.1/35839] INFO  server.GrpcService (GrpcService.java:closeImpl(278)) - omNode-3: shutdown server with port 37031 successfully
2022-10-18 03:54:55,494 [org.apache.ratis.util.JvmPauseMonitor$$Lambda$703/726954313@6d088a74] INFO  util.JvmPauseMonitor (JvmPauseMonitor.java:run(109)) - JvmPauseMonitor-omNode-3: Stopped
2022-10-18 03:54:55,494 [grpc-default-executor-0] WARN  server.GrpcServerProtocolService (LogUtils.java:warn(122)) - omNode-3: installSnapshot onError, lastRequest: omNode-1->omNode-3#1261858-t1,previous=(t:1, i:43),leaderCommit=43,initializing? true,entries: size=1, first=(t:1, i:44), METADATAENTRY(c:43): org.apache.ratis.thirdparty.io.grpc.StatusRuntimeException: CANCELLED: client cancelled
2022-10-18 03:54:55,494 [grpc-default-executor-1] WARN  server.GrpcLogAppender (LogUtils.java:warn(122)) - omNode-1@group-523986131536->omNode-3-AppendLogResponseHandler: Failed appendEntries: org.apache.ratis.thirdparty.io.grpc.StatusRuntimeException: CANCELLED: RST_STREAM closed stream. HTTP/2 error code: CANCEL
2022-10-18 03:54:55,494 [grpc-default-executor-1] INFO  leader.FollowerInfo (FollowerInfoImpl.java:lambda$new$0(48)) - omNode-1@group-523986131536->omNode-3: nextIndex: updateUnconditionally 45 -> 44
2022-10-18 03:54:55,494 [Listener at 127.0.0.1/35839] INFO  ratis.OzoneManagerStateMachine (OzoneManagerStateMachine.java:close(495)) - StateMachine has shutdown. Shutdown OzoneManager if not already shutdown.
2022-10-18 03:54:55,495 [Listener at 127.0.0.1/35839] INFO  ratis.OzoneManagerDoubleBuffer (OzoneManagerDoubleBuffer.java:stop(478)) - OMDoubleBuffer flush thread is not running.
2022-10-18 03:54:55,495 [Listener at 127.0.0.1/35839] INFO  utils.BackgroundService (BackgroundService.java:shutdown(141)) - Shutting down service KeyDeletingService
2022-10-18 03:54:55,496 [Listener at 127.0.0.1/35839] INFO  utils.BackgroundService (BackgroundService.java:shutdown(141)) - Shutting down service DirectoryDeletingService
2022-10-18 03:54:55,496 [Listener at 127.0.0.1/35839] INFO  utils.BackgroundService (BackgroundService.java:shutdown(141)) - Shutting down service OpenKeyCleanupService
2022-10-18 03:54:55,497 [Listener at 127.0.0.1/35839] INFO  handler.ContextHandler (ContextHandler.java:doStop(1153)) - Stopped o.e.j.w.WebAppContext@6170aaf0{ozoneManager,/,null,STOPPED}{file:/home/runner/work/ozone/ozone/hadoop-ozone/integration-test/target/test-classes/webapps/ozoneManager}
2022-10-18 03:54:55,497 [grpc-default-executor-0] WARN  server.GrpcLogAppender (LogUtils.java:warn(122)) - omNode-1@group-523986131536->omNode-3-AppendLogResponseHandler: Failed appendEntries: org.apache.ratis.thirdparty.io.grpc.StatusRuntimeException: UNAVAILABLE: io exception
2022-10-18 03:54:55,497 [grpc-default-executor-0] INFO  leader.FollowerInfo (FollowerInfoImpl.java:lambda$new$0(48)) - omNode-1@group-523986131536->omNode-3: nextIndex: updateUnconditionally 45 -> 44
2022-10-18 03:54:55,499 [Listener at 127.0.0.1/35839] INFO  server.AbstractConnector (AbstractConnector.java:doStop(381)) - Stopped ServerConnector@616f50a6{HTTP/1.1, (http/1.1)}{0.0.0.0:37259}
2022-10-18 03:54:55,499 [Listener at 127.0.0.1/35839] INFO  server.session (HouseKeeper.java:stopScavenging(149)) - node0 Stopped scavenging
2022-10-18 03:54:55,499 [Listener at 127.0.0.1/35839] INFO  handler.ContextHandler (ContextHandler.java:doStop(1153)) - Stopped o.e.j.s.ServletContextHandler@32d52900{static,/static,file:///home/runner/work/ozone/ozone/hadoop-ozone/integration-test/target/test-classes/webapps/static,STOPPED}
2022-10-18 03:54:55,499 [Listener at 127.0.0.1/35839] INFO  handler.ContextHandler (ContextHandler.java:doStop(1153)) - Stopped o.e.j.s.ServletContextHandler@1182bd1c{logs,/logs,file:///home/runner/work/ozone/ozone/hadoop-ozone/integration-test/target/log,STOPPED}
2022-10-18 03:54:55,508 [grpc-default-executor-0] WARN  server.GrpcLogAppender (LogUtils.java:warn(122)) - omNode-1@group-523986131536->omNode-3-AppendLogResponseHandler: Failed appendEntries: org.apache.ratis.thirdparty.io.grpc.StatusRuntimeException: UNAVAILABLE: io exception
2022-10-18 03:54:55,508 [grpc-default-executor-0] INFO  leader.FollowerInfo (FollowerInfoImpl.java:lambda$new$0(48)) - omNode-1@group-523986131536->omNode-3: nextIndex: updateUnconditionally 46 -> 45
2022-10-18 03:54:55,511 [grpc-default-executor-0] WARN  server.GrpcLogAppender (LogUtils.java:warn(122)) - omNode-1@group-523986131536->omNode-3-AppendLogResponseHandler: Failed appendEntries: org.apache.ratis.thirdparty.io.grpc.StatusRuntimeException: UNAVAILABLE: io exception
2022-10-18 03:54:55,514 [grpc-default-executor-0] INFO  leader.FollowerInfo (FollowerInfoImpl.java:lambda$new$0(48)) - omNode-1@group-523986131536->omNode-3: nextIndex: updateUnconditionally 46 -> 45
2022-10-18 03:54:55,518 [grpc-default-executor-1] WARN  server.GrpcLogAppender (LogUtils.java:warn(122)) - omNode-1@group-523986131536->omNode-3-AppendLogResponseHandler: Failed appendEntries: org.apache.ratis.thirdparty.io.grpc.StatusRuntimeException: UNAVAILABLE: io exception
2022-10-18 03:54:55,518 [grpc-default-executor-1] INFO  leader.FollowerInfo (FollowerInfoImpl.java:lambda$new$0(48)) - omNode-1@group-523986131536->omNode-3: nextIndex: updateUnconditionally 47 -> 45
2022-10-18 03:54:55,520 [grpc-default-executor-0] WARN  server.GrpcLogAppender (LogUtils.java:warn(122)) - omNode-1@group-523986131536->omNode-3-AppendLogResponseHandler: Failed appendEntries: org.apache.ratis.thirdparty.io.grpc.StatusRuntimeException: UNAVAILABLE: io exception
2022-10-18 03:54:55,521 [grpc-default-executor-0] INFO  leader.FollowerInfo (FollowerInfoImpl.java:lambda$new$0(48)) - omNode-1@group-523986131536->omNode-3: nextIndex: updateUnconditionally 47 -> 45
2022-10-18 03:54:55,540 [grpc-default-executor-1] WARN  server.GrpcLogAppender (LogUtils.java:warn(122)) - omNode-1@group-523986131536->omNode-3-AppendLogResponseHandler: Failed appendEntries: org.apache.ratis.thirdparty.io.grpc.StatusRuntimeException: UNAVAILABLE: io exception
2022-10-18 03:54:55,541 [grpc-default-executor-1] INFO  leader.FollowerInfo (FollowerInfoImpl.java:lambda$new$0(48)) - omNode-1@group-523986131536->omNode-3: nextIndex: updateUnconditionally 48 -> 45
2022-10-18 03:54:55,544 [grpc-default-executor-0] WARN  server.GrpcLogAppender (LogUtils.java:warn(122)) - omNode-1@group-523986131536->omNode-3-AppendLogResponseHandler: Failed appendEntries: org.apache.ratis.thirdparty.io.grpc.StatusRuntimeException: UNAVAILABLE: io exception
2022-10-18 03:54:55,544 [grpc-default-executor-0] INFO  leader.FollowerInfo (FollowerInfoImpl.java:lambda$new$0(48)) - omNode-1@group-523986131536->omNode-3: nextIndex: updateUnconditionally 48 -> 45
2022-10-18 03:54:55,545 [grpc-default-executor-1] WARN  server.GrpcLogAppender (LogUtils.java:warn(122)) - omNode-1@group-523986131536->omNode-3-AppendLogResponseHandler: Failed appendEntries: org.apache.ratis.thirdparty.io.grpc.StatusRuntimeException: UNAVAILABLE: io exception
2022-10-18 03:54:55,545 [grpc-default-executor-1] INFO  leader.FollowerInfo (FollowerInfoImpl.java:lambda$new$0(48)) - omNode-1@group-523986131536->omNode-3: nextIndex: updateUnconditionally 49 -> 45
2022-10-18 03:54:55,553 [grpc-default-executor-1] WARN  server.GrpcLogAppender (LogUtils.java:warn(122)) - omNode-1@group-523986131536->omNode-3-AppendLogResponseHandler: Failed appendEntries: org.apache.ratis.thirdparty.io.grpc.StatusRuntimeException: UNAVAILABLE: io exception
2022-10-18 03:54:55,554 [grpc-default-executor-1] INFO  leader.FollowerInfo (FollowerInfoImpl.java:lambda$new$0(48)) - omNode-1@group-523986131536->omNode-3: nextIndex: updateUnconditionally 49 -> 45
2022-10-18 03:54:55,559 [grpc-default-executor-1] WARN  server.GrpcLogAppender (LogUtils.java:warn(122)) - omNode-1@group-523986131536->omNode-3-AppendLogResponseHandler: Failed appendEntries: org.apache.ratis.thirdparty.io.grpc.StatusRuntimeException: UNAVAILABLE: io exception
2022-10-18 03:54:55,559 [grpc-default-executor-1] INFO  leader.FollowerInfo (FollowerInfoImpl.java:lambda$new$0(48)) - omNode-1@group-523986131536->omNode-3: nextIndex: updateUnconditionally 50 -> 45
2022-10-18 03:54:55,561 [grpc-default-executor-2] WARN  server.GrpcLogAppender (LogUtils.java:warn(122)) - omNode-1@group-523986131536->omNode-3-AppendLogResponseHandler: Failed appendEntries: org.apache.ratis.thirdparty.io.grpc.StatusRuntimeException: UNAVAILABLE: io exception
2022-10-18 03:54:55,561 [grpc-default-executor-2] INFO  leader.FollowerInfo (FollowerInfoImpl.java:lambda$new$0(48)) - omNode-1@group-523986131536->omNode-3: nextIndex: updateUnconditionally 51 -> 45
2022-10-18 03:54:55,582 [grpc-default-executor-1] WARN  server.GrpcLogAppender (LogUtils.java:warn(122)) - omNode-1@group-523986131536->omNode-3-AppendLogResponseHandler: Failed appendEntries: org.apache.ratis.thirdparty.io.grpc.StatusRuntimeException: UNAVAILABLE: io exception
2022-10-18 03:54:55,582 [omNode-1@group-523986131536-StateMachineUpdater] INFO  ratis.OzoneManagerStateMachine (OzoneManagerStateMachine.java:takeSnapshot(441)) - Current Snapshot Index (t:1, i:50)
2022-10-18 03:54:55,582 [grpc-default-executor-1] INFO  leader.FollowerInfo (FollowerInfoImpl.java:lambda$new$0(48)) - omNode-1@group-523986131536->omNode-3: nextIndex: updateUnconditionally 52 -> 45
2022-10-18 03:54:55,582 [omNode-1@group-523986131536-StateMachineUpdater] INFO  impl.StateMachineUpdater (StateMachineUpdater.java:takeSnapshot(287)) - omNode-1@group-523986131536-StateMachineUpdater: Took a snapshot at index 50
2022-10-18 03:54:55,582 [omNode-1@group-523986131536-StateMachineUpdater] INFO  impl.StateMachineUpdater (StateMachineUpdater.java:lambda$new$0(92)) - omNode-1@group-523986131536-StateMachineUpdater: snapshotIndex: updateIncreasingly -1 -> 50
2022-10-18 03:54:55,582 [omNode-1@group-523986131536-StateMachineUpdater] INFO  raftlog.RaftLog (RaftLogBase.java:purge(308)) - omNode-1@group-523986131536-SegmentedRaftLog: purge 50
2022-10-18 03:54:55,583 [omNode-1@group-523986131536-StateMachineUpdater] INFO  raftlog.RaftLog (RaftLogBase.java:lambda$new$0(53)) - omNode-1@group-523986131536-SegmentedRaftLog: snapshotIndex: updateIncreasingly -1 -> 50
2022-10-18 03:54:55,583 [omNode-1@group-523986131536-StateMachineUpdater] INFO  raftlog.RaftLog (RaftLogBase.java:lambda$new$0(53)) - omNode-1@group-523986131536-SegmentedRaftLog: purgeIndex: updateToMax old=-1, new=50, updated? true
2022-10-18 03:54:55,583 [grpc-default-executor-0] WARN  server.GrpcLogAppender (LogUtils.java:warn(122)) - omNode-1@group-523986131536->omNode-3-AppendLogResponseHandler: Failed appendEntries: org.apache.ratis.thirdparty.io.grpc.StatusRuntimeException: UNAVAILABLE: io exception
2022-10-18 03:54:55,584 [grpc-default-executor-0] INFO  leader.FollowerInfo (FollowerInfoImpl.java:lambda$new$0(48)) - omNode-1@group-523986131536->omNode-3: nextIndex: updateUnconditionally 52 -> 45
2022-10-18 03:54:55,586 [omNode-2@group-523986131536-StateMachineUpdater] INFO  ratis.OzoneManagerStateMachine (OzoneManagerStateMachine.java:takeSnapshot(441)) - Current Snapshot Index (t:1, i:50)
2022-10-18 03:54:55,586 [omNode-2@group-523986131536-StateMachineUpdater] INFO  impl.StateMachineUpdater (StateMachineUpdater.java:takeSnapshot(287)) - omNode-2@group-523986131536-StateMachineUpdater: Took a snapshot at index 50
2022-10-18 03:54:55,586 [omNode-2@group-523986131536-StateMachineUpdater] INFO  impl.StateMachineUpdater (StateMachineUpdater.java:lambda$new$0(92)) - omNode-2@group-523986131536-StateMachineUpdater: snapshotIndex: updateIncreasingly -1 -> 50
2022-10-18 03:54:55,586 [omNode-2@group-523986131536-StateMachineUpdater] INFO  raftlog.RaftLog (RaftLogBase.java:purge(308)) - omNode-2@group-523986131536-SegmentedRaftLog: purge 50
2022-10-18 03:54:55,586 [omNode-2@group-523986131536-StateMachineUpdater] INFO  raftlog.RaftLog (RaftLogBase.java:lambda$new$0(53)) - omNode-2@group-523986131536-SegmentedRaftLog: snapshotIndex: updateIncreasingly -1 -> 50
2022-10-18 03:54:55,586 [omNode-2@group-523986131536-StateMachineUpdater] INFO  raftlog.RaftLog (RaftLogBase.java:lambda$new$0(53)) - omNode-2@group-523986131536-SegmentedRaftLog: purgeIndex: updateToMax old=-1, new=50, updated? true
2022-10-18 03:54:55,587 [grpc-default-executor-1] WARN  server.GrpcLogAppender (LogUtils.java:warn(122)) - omNode-1@group-523986131536->omNode-3-AppendLogResponseHandler: Failed appendEntries: org.apache.ratis.thirdparty.io.grpc.StatusRuntimeException: UNAVAILABLE: io exception
2022-10-18 03:54:55,587 [grpc-default-executor-1] INFO  leader.FollowerInfo (FollowerInfoImpl.java:lambda$new$0(48)) - omNode-1@group-523986131536->omNode-3: nextIndex: updateUnconditionally 52 -> 45
2022-10-18 03:54:55,594 [grpc-default-executor-1] WARN  server.GrpcLogAppender (LogUtils.java:warn(122)) - omNode-1@group-523986131536->omNode-3-AppendLogResponseHandler: Failed appendEntries: org.apache.ratis.thirdparty.io.grpc.StatusRuntimeException: UNAVAILABLE: io exception
2022-10-18 03:54:55,594 [grpc-default-executor-1] INFO  leader.FollowerInfo (FollowerInfoImpl.java:lambda$new$0(48)) - omNode-1@group-523986131536->omNode-3: nextIndex: updateUnconditionally 53 -> 45
2022-10-18 03:54:55,596 [grpc-default-executor-1] WARN  server.GrpcLogAppender (LogUtils.java:warn(122)) - omNode-1@group-523986131536->omNode-3-AppendLogResponseHandler: Failed appendEntries: org.apache.ratis.thirdparty.io.grpc.StatusRuntimeException: UNAVAILABLE: io exception
2022-10-18 03:54:55,596 [grpc-default-executor-1] INFO  leader.FollowerInfo (FollowerInfoImpl.java:lambda$new$0(48)) - omNode-1@group-523986131536->omNode-3: nextIndex: updateUnconditionally 54 -> 45
2022-10-18 03:54:55,606 [grpc-default-executor-1] WARN  server.GrpcLogAppender (LogUtils.java:warn(122)) - omNode-1@group-523986131536->omNode-3-AppendLogResponseHandler: Failed appendEntries: org.apache.ratis.thirdparty.io.grpc.StatusRuntimeException: UNAVAILABLE: io exception
2022-10-18 03:54:55,607 [grpc-default-executor-1] INFO  leader.FollowerInfo (FollowerInfoImpl.java:lambda$new$0(48)) - omNode-1@group-523986131536->omNode-3: nextIndex: updateUnconditionally 54 -> 45
2022-10-18 03:54:55,621 [grpc-default-executor-0] WARN  server.GrpcLogAppender (LogUtils.java:warn(122)) - omNode-1@group-523986131536->omNode-3-AppendLogResponseHandler: Failed appendEntries: org.apache.ratis.thirdparty.io.grpc.StatusRuntimeException: UNAVAILABLE: io exception
2022-10-18 03:54:55,621 [grpc-default-executor-0] INFO  leader.FollowerInfo (FollowerInfoImpl.java:lambda$new$0(48)) - omNode-1@group-523986131536->omNode-3: nextIndex: updateUnconditionally 55 -> 45
2022-10-18 03:54:55,622 [grpc-default-executor-1] WARN  server.GrpcLogAppender (LogUtils.java:warn(122)) - omNode-1@group-523986131536->omNode-3-AppendLogResponseHandler: Failed appendEntries: org.apache.ratis.thirdparty.io.grpc.StatusRuntimeException: UNAVAILABLE: io exception
2022-10-18 03:54:55,623 [grpc-default-executor-1] INFO  leader.FollowerInfo (FollowerInfoImpl.java:lambda$new$0(48)) - omNode-1@group-523986131536->omNode-3: nextIndex: updateUnconditionally 55 -> 45
2022-10-18 03:54:55,667 [grpc-default-executor-1] WARN  server.GrpcLogAppender (LogUtils.java:warn(122)) - omNode-1@group-523986131536->omNode-3-AppendLogResponseHandler: Failed appendEntries: org.apache.ratis.thirdparty.io.grpc.StatusRuntimeException: UNAVAILABLE: io exception
2022-10-18 03:54:55,667 [grpc-default-executor-1] INFO  leader.FollowerInfo (FollowerInfoImpl.java:lambda$new$0(48)) - omNode-1@group-523986131536->omNode-3: nextIndex: updateUnconditionally 56 -> 45
2022-10-18 03:54:55,674 [grpc-default-executor-1] WARN  server.GrpcLogAppender (LogUtils.java:warn(122)) - omNode-1@group-523986131536->omNode-3-AppendLogResponseHandler: Failed appendEntries: org.apache.ratis.thirdparty.io.grpc.StatusRuntimeException: UNAVAILABLE: io exception
2022-10-18 03:54:55,674 [grpc-default-executor-1] INFO  leader.FollowerInfo (FollowerInfoImpl.java:lambda$new$0(48)) - omNode-1@group-523986131536->omNode-3: nextIndex: updateUnconditionally 56 -> 45
2022-10-18 03:54:55,681 [grpc-default-executor-0] WARN  server.GrpcLogAppender (LogUtils.java:warn(122)) - omNode-1@group-523986131536->omNode-3-AppendLogResponseHandler: Failed appendEntries: org.apache.ratis.thirdparty.io.grpc.StatusRuntimeException: UNAVAILABLE: io exception
2022-10-18 03:54:55,681 [grpc-default-executor-0] INFO  leader.FollowerInfo (FollowerInfoImpl.java:lambda$new$0(48)) - omNode-1@group-523986131536->omNode-3: nextIndex: updateUnconditionally 58 -> 45
2022-10-18 03:54:55,685 [grpc-default-executor-0] WARN  server.GrpcLogAppender (LogUtils.java:warn(122)) - omNode-1@group-523986131536->omNode-3-AppendLogResponseHandler: Failed appendEntries: org.apache.ratis.thirdparty.io.grpc.StatusRuntimeException: UNAVAILABLE: io exception
2022-10-18 03:54:55,685 [grpc-default-executor-0] INFO  leader.FollowerInfo (FollowerInfoImpl.java:lambda$new$0(48)) - omNode-1@group-523986131536->omNode-3: nextIndex: updateUnconditionally 58 -> 45
2022-10-18 03:54:55,687 [grpc-default-executor-0] WARN  server.GrpcLogAppender (LogUtils.java:warn(122)) - omNode-1@group-523986131536->omNode-3-AppendLogResponseHandler: Failed appendEntries: org.apache.ratis.thirdparty.io.grpc.StatusRuntimeException: UNAVAILABLE: io exception
2022-10-18 03:54:55,687 [grpc-default-executor-0] INFO  leader.FollowerInfo (FollowerInfoImpl.java:lambda$new$0(48)) - omNode-1@group-523986131536->omNode-3: nextIndex: updateUnconditionally 59 -> 45
2022-10-18 03:54:55,696 [grpc-default-executor-1] WARN  server.GrpcLogAppender (LogUtils.java:warn(122)) - omNode-1@group-523986131536->omNode-3-AppendLogResponseHandler: Failed appendEntries: org.apache.ratis.thirdparty.io.grpc.StatusRuntimeException: UNAVAILABLE: io exception
2022-10-18 03:54:55,698 [grpc-default-executor-1] INFO  leader.FollowerInfo (FollowerInfoImpl.java:lambda$new$0(48)) - omNode-1@group-523986131536->omNode-3: nextIndex: updateUnconditionally 59 -> 45
2022-10-18 03:54:55,705 [grpc-default-executor-1] WARN  server.GrpcLogAppender (LogUtils.java:warn(122)) - omNode-1@group-523986131536->omNode-3-AppendLogResponseHandler: Failed appendEntries: org.apache.ratis.thirdparty.io.grpc.StatusRuntimeException: UNAVAILABLE: io exception
2022-10-18 03:54:55,705 [grpc-default-executor-1] INFO  leader.FollowerInfo (FollowerInfoImpl.java:lambda$new$0(48)) - omNode-1@group-523986131536->omNode-3: nextIndex: updateUnconditionally 60 -> 45
2022-10-18 03:54:55,711 [grpc-default-executor-1] WARN  server.GrpcLogAppender (LogUtils.java:warn(122)) - omNode-1@group-523986131536->omNode-3-AppendLogResponseHandler: Failed appendEntries: org.apache.ratis.thirdparty.io.grpc.StatusRuntimeException: UNAVAILABLE: io exception
2022-10-18 03:54:55,712 [grpc-default-executor-1] INFO  leader.FollowerInfo (FollowerInfoImpl.java:lambda$new$0(48)) - omNode-1@group-523986131536->omNode-3: nextIndex: updateUnconditionally 60 -> 45
2022-10-18 03:54:55,717 [grpc-default-executor-0] WARN  server.GrpcLogAppender (LogUtils.java:warn(122)) - omNode-1@group-523986131536->omNode-3-AppendLogResponseHandler: Failed appendEntries: org.apache.ratis.thirdparty.io.grpc.StatusRuntimeException: UNAVAILABLE: io exception
2022-10-18 03:54:55,718 [grpc-default-executor-0] INFO  leader.FollowerInfo (FollowerInfoImpl.java:lambda$new$0(48)) - omNode-1@group-523986131536->omNode-3: nextIndex: updateUnconditionally 62 -> 45
2022-10-18 03:54:55,721 [grpc-default-executor-1] WARN  server.GrpcLogAppender (LogUtils.java:warn(122)) - omNode-1@group-523986131536->omNode-3-AppendLogResponseHandler: Failed appendEntries: org.apache.ratis.thirdparty.io.grpc.StatusRuntimeException: UNAVAILABLE: io exception
2022-10-18 03:54:55,721 [grpc-default-executor-1] INFO  leader.FollowerInfo (FollowerInfoImpl.java:lambda$new$0(48)) - omNode-1@group-523986131536->omNode-3: nextIndex: updateUnconditionally 62 -> 45
2022-10-18 03:54:55,724 [grpc-default-executor-1] WARN  server.GrpcLogAppender (LogUtils.java:warn(122)) - omNode-1@group-523986131536->omNode-3-AppendLogResponseHandler: Failed appendEntries: org.apache.ratis.thirdparty.io.grpc.StatusRuntimeException: UNAVAILABLE: io exception
2022-10-18 03:54:55,724 [grpc-default-executor-1] INFO  leader.FollowerInfo (FollowerInfoImpl.java:lambda$new$0(48)) - omNode-1@group-523986131536->omNode-3: nextIndex: updateUnconditionally 63 -> 45
2022-10-18 03:54:55,741 [grpc-default-executor-0] WARN  server.GrpcLogAppender (LogUtils.java:warn(122)) - omNode-1@group-523986131536->omNode-3-AppendLogResponseHandler: Failed appendEntries: org.apache.ratis.thirdparty.io.grpc.StatusRuntimeException: UNAVAILABLE: io exception
2022-10-18 03:54:55,742 [grpc-default-executor-0] INFO  leader.FollowerInfo (FollowerInfoImpl.java:lambda$new$0(48)) - omNode-1@group-523986131536->omNode-3: nextIndex: updateUnconditionally 63 -> 45
2022-10-18 03:54:55,749 [grpc-default-executor-1] WARN  server.GrpcLogAppender (LogUtils.java:warn(122)) - omNode-1@group-523986131536->omNode-3-AppendLogResponseHandler: Failed appendEntries: org.apache.ratis.thirdparty.io.grpc.StatusRuntimeException: UNAVAILABLE: io exception
2022-10-18 03:54:55,749 [grpc-default-executor-1] INFO  leader.FollowerInfo (FollowerInfoImpl.java:lambda$new$0(48)) - omNode-1@group-523986131536->omNode-3: nextIndex: updateUnconditionally 64 -> 45
2022-10-18 03:54:55,751 [grpc-default-executor-0] WARN  server.GrpcLogAppender (LogUtils.java:warn(122)) - omNode-1@group-523986131536->omNode-3-AppendLogResponseHandler: Failed appendEntries: org.apache.ratis.thirdparty.io.grpc.StatusRuntimeException: UNAVAILABLE: io exception
2022-10-18 03:54:55,754 [grpc-default-executor-0] INFO  leader.FollowerInfo (FollowerInfoImpl.java:lambda$new$0(48)) - omNode-1@group-523986131536->omNode-3: nextIndex: updateUnconditionally 64 -> 45
2022-10-18 03:54:55,759 [grpc-default-executor-0] WARN  server.GrpcLogAppender (LogUtils.java:warn(122)) - omNode-1@group-523986131536->omNode-3-AppendLogResponseHandler: Failed appendEntries: org.apache.ratis.thirdparty.io.grpc.StatusRuntimeException: UNAVAILABLE: io exception
2022-10-18 03:54:55,759 [grpc-default-executor-0] INFO  leader.FollowerInfo (FollowerInfoImpl.java:lambda$new$0(48)) - omNode-1@group-523986131536->omNode-3: nextIndex: updateUnconditionally 66 -> 45
2022-10-18 03:54:55,763 [grpc-default-executor-0] WARN  server.GrpcLogAppender (LogUtils.java:warn(122)) - omNode-1@group-523986131536->omNode-3-AppendLogResponseHandler: Failed appendEntries: org.apache.ratis.thirdparty.io.grpc.StatusRuntimeException: UNAVAILABLE: io exception
2022-10-18 03:54:55,763 [grpc-default-executor-0] INFO  leader.FollowerInfo (FollowerInfoImpl.java:lambda$new$0(48)) - omNode-1@group-523986131536->omNode-3: nextIndex: updateUnconditionally 66 -> 45
2022-10-18 03:54:55,766 [grpc-default-executor-1] WARN  server.GrpcLogAppender (LogUtils.java:warn(122)) - omNode-1@group-523986131536->omNode-3-AppendLogResponseHandler: Failed appendEntries: org.apache.ratis.thirdparty.io.grpc.StatusRuntimeException: UNAVAILABLE: io exception
2022-10-18 03:54:55,766 [grpc-default-executor-1] INFO  leader.FollowerInfo (FollowerInfoImpl.java:lambda$new$0(48)) - omNode-1@group-523986131536->omNode-3: nextIndex: updateUnconditionally 67 -> 45
2022-10-18 03:54:55,771 [grpc-default-executor-1] WARN  server.GrpcLogAppender (LogUtils.java:warn(122)) - omNode-1@group-523986131536->omNode-3-AppendLogResponseHandler: Failed appendEntries: org.apache.ratis.thirdparty.io.grpc.StatusRuntimeException: UNAVAILABLE: io exception
2022-10-18 03:54:55,771 [grpc-default-executor-1] INFO  leader.FollowerInfo (FollowerInfoImpl.java:lambda$new$0(48)) - omNode-1@group-523986131536->omNode-3: nextIndex: updateUnconditionally 67 -> 45
2022-10-18 03:54:55,772 [grpc-default-executor-0] WARN  server.GrpcLogAppender (LogUtils.java:warn(122)) - omNode-1@group-523986131536->omNode-3-AppendLogResponseHandler: Failed appendEntries: org.apache.ratis.thirdparty.io.grpc.StatusRuntimeException: UNAVAILABLE: io exception
2022-10-18 03:54:55,773 [grpc-default-executor-0] INFO  leader.FollowerInfo (FollowerInfoImpl.java:lambda$new$0(48)) - omNode-1@group-523986131536->omNode-3: nextIndex: updateUnconditionally 67 -> 45
2022-10-18 03:54:55,791 [grpc-default-executor-0] WARN  server.GrpcLogAppender (LogUtils.java:warn(122)) - omNode-1@group-523986131536->omNode-3-AppendLogResponseHandler: Failed appendEntries: org.apache.ratis.thirdparty.io.grpc.StatusRuntimeException: UNAVAILABLE: io exception
2022-10-18 03:54:55,791 [grpc-default-executor-0] INFO  leader.FollowerInfo (FollowerInfoImpl.java:lambda$new$0(48)) - omNode-1@group-523986131536->omNode-3: nextIndex: updateUnconditionally 68 -> 45
2022-10-18 03:54:55,795 [grpc-default-executor-1] WARN  server.GrpcLogAppender (LogUtils.java:warn(122)) - omNode-1@group-523986131536->omNode-3-AppendLogResponseHandler: Failed appendEntries: org.apache.ratis.thirdparty.io.grpc.StatusRuntimeException: UNAVAILABLE: io exception
2022-10-18 03:54:55,795 [grpc-default-executor-1] INFO  leader.FollowerInfo (FollowerInfoImpl.java:lambda$new$0(48)) - omNode-1@group-523986131536->omNode-3: nextIndex: updateUnconditionally 68 -> 45
2022-10-18 03:54:55,801 [grpc-default-executor-0] WARN  server.GrpcLogAppender (LogUtils.java:warn(122)) - omNode-1@group-523986131536->omNode-3-AppendLogResponseHandler: Failed appendEntries: org.apache.ratis.thirdparty.io.grpc.StatusRuntimeException: UNAVAILABLE: io exception
2022-10-18 03:54:55,802 [grpc-default-executor-0] INFO  leader.FollowerInfo (FollowerInfoImpl.java:lambda$new$0(48)) - omNode-1@group-523986131536->omNode-3: nextIndex: updateUnconditionally 70 -> 45
2022-10-18 03:54:55,803 [grpc-default-executor-1] WARN  server.GrpcLogAppender (LogUtils.java:warn(122)) - omNode-1@group-523986131536->omNode-3-AppendLogResponseHandler: Failed appendEntries: org.apache.ratis.thirdparty.io.grpc.StatusRuntimeException: UNAVAILABLE: io exception
2022-10-18 03:54:55,804 [grpc-default-executor-1] INFO  leader.FollowerInfo (FollowerInfoImpl.java:lambda$new$0(48)) - omNode-1@group-523986131536->omNode-3: nextIndex: updateUnconditionally 70 -> 45
2022-10-18 03:54:55,806 [grpc-default-executor-1] WARN  server.GrpcLogAppender (LogUtils.java:warn(122)) - omNode-1@group-523986131536->omNode-3-AppendLogResponseHandler: Failed appendEntries: org.apache.ratis.thirdparty.io.grpc.StatusRuntimeException: UNAVAILABLE: io exception
2022-10-18 03:54:55,807 [grpc-default-executor-1] INFO  leader.FollowerInfo (FollowerInfoImpl.java:lambda$new$0(48)) - omNode-1@group-523986131536->omNode-3: nextIndex: updateUnconditionally 71 -> 45
2022-10-18 03:54:55,825 [grpc-default-executor-0] WARN  server.GrpcLogAppender (LogUtils.java:warn(122)) - omNode-1@group-523986131536->omNode-3-AppendLogResponseHandler: Failed appendEntries: org.apache.ratis.thirdparty.io.grpc.StatusRuntimeException: UNAVAILABLE: io exception
2022-10-18 03:54:55,826 [grpc-default-executor-0] INFO  leader.FollowerInfo (FollowerInfoImpl.java:lambda$new$0(48)) - omNode-1@group-523986131536->omNode-3: nextIndex: updateUnconditionally 71 -> 45
2022-10-18 03:54:55,831 [grpc-default-executor-0] WARN  server.GrpcLogAppender (LogUtils.java:warn(122)) - omNode-1@group-523986131536->omNode-3-AppendLogResponseHandler: Failed appendEntries: org.apache.ratis.thirdparty.io.grpc.StatusRuntimeException: UNAVAILABLE: io exception
2022-10-18 03:54:55,831 [grpc-default-executor-0] INFO  leader.FollowerInfo (FollowerInfoImpl.java:lambda$new$0(48)) - omNode-1@group-523986131536->omNode-3: nextIndex: updateUnconditionally 72 -> 45
2022-10-18 03:54:55,833 [grpc-default-executor-1] WARN  server.GrpcLogAppender (LogUtils.java:warn(122)) - omNode-1@group-523986131536->omNode-3-AppendLogResponseHandler: Failed appendEntries: org.apache.ratis.thirdparty.io.grpc.StatusRuntimeException: UNAVAILABLE: io exception
2022-10-18 03:54:55,834 [grpc-default-executor-1] INFO  leader.FollowerInfo (FollowerInfoImpl.java:lambda$new$0(48)) - omNode-1@group-523986131536->omNode-3: nextIndex: updateUnconditionally 72 -> 45
2022-10-18 03:54:55,844 [grpc-default-executor-1] WARN  server.GrpcLogAppender (LogUtils.java:warn(122)) - omNode-1@group-523986131536->omNode-3-AppendLogResponseHandler: Failed appendEntries: org.apache.ratis.thirdparty.io.grpc.StatusRuntimeException: UNAVAILABLE: io exception
2022-10-18 03:54:55,844 [grpc-default-executor-1] INFO  leader.FollowerInfo (FollowerInfoImpl.java:lambda$new$0(48)) - omNode-1@group-523986131536->omNode-3: nextIndex: updateUnconditionally 74 -> 45
2022-10-18 03:54:55,845 [grpc-default-executor-0] WARN  server.GrpcLogAppender (LogUtils.java:warn(122)) - omNode-1@group-523986131536->omNode-3-AppendLogResponseHandler: Failed appendEntries: org.apache.ratis.thirdparty.io.grpc.StatusRuntimeException: UNAVAILABLE: io exception
2022-10-18 03:54:55,846 [grpc-default-executor-0] INFO  leader.FollowerInfo (FollowerInfoImpl.java:lambda$new$0(48)) - omNode-1@group-523986131536->omNode-3: nextIndex: updateUnconditionally 74 -> 45
2022-10-18 03:54:55,848 [grpc-default-executor-1] WARN  server.GrpcLogAppender (LogUtils.java:warn(122)) - omNode-1@group-523986131536->omNode-3-AppendLogResponseHandler: Failed appendEntries: org.apache.ratis.thirdparty.io.grpc.StatusRuntimeException: UNAVAILABLE: io exception
2022-10-18 03:54:55,848 [grpc-default-executor-1] INFO  leader.FollowerInfo (FollowerInfoImpl.java:lambda$new$0(48)) - omNode-1@group-523986131536->omNode-3: nextIndex: updateUnconditionally 75 -> 45
2022-10-18 03:54:55,869 [grpc-default-executor-0] WARN  server.GrpcLogAppender (LogUtils.java:warn(122)) - omNode-1@group-523986131536->omNode-3-AppendLogResponseHandler: Failed appendEntries: org.apache.ratis.thirdparty.io.grpc.StatusRuntimeException: UNAVAILABLE: io exception
2022-10-18 03:54:55,869 [grpc-default-executor-0] INFO  leader.FollowerInfo (FollowerInfoImpl.java:lambda$new$0(48)) - omNode-1@group-523986131536->omNode-3: nextIndex: updateUnconditionally 75 -> 45
2022-10-18 03:54:55,871 [grpc-default-executor-1] WARN  server.GrpcLogAppender (LogUtils.java:warn(122)) - omNode-1@group-523986131536->omNode-3-AppendLogResponseHandler: Failed appendEntries: org.apache.ratis.thirdparty.io.grpc.StatusRuntimeException: UNAVAILABLE: io exception
2022-10-18 03:54:55,871 [grpc-default-executor-1] INFO  leader.FollowerInfo (FollowerInfoImpl.java:lambda$new$0(48)) - omNode-1@group-523986131536->omNode-3: nextIndex: updateUnconditionally 76 -> 45
2022-10-18 03:54:55,874 [grpc-default-executor-1] WARN  server.GrpcLogAppender (LogUtils.java:warn(122)) - omNode-1@group-523986131536->omNode-3-AppendLogResponseHandler: Failed appendEntries: org.apache.ratis.thirdparty.io.grpc.StatusRuntimeException: UNAVAILABLE: io exception
2022-10-18 03:54:55,876 [grpc-default-executor-1] INFO  leader.FollowerInfo (FollowerInfoImpl.java:lambda$new$0(48)) - omNode-1@group-523986131536->omNode-3: nextIndex: updateUnconditionally 76 -> 45
2022-10-18 03:54:55,879 [grpc-default-executor-1] WARN  server.GrpcLogAppender (LogUtils.java:warn(122)) - omNode-1@group-523986131536->omNode-3-AppendLogResponseHandler: Failed appendEntries: org.apache.ratis.thirdparty.io.grpc.StatusRuntimeException: UNAVAILABLE: io exception
2022-10-18 03:54:55,879 [grpc-default-executor-1] INFO  leader.FollowerInfo (FollowerInfoImpl.java:lambda$new$0(48)) - omNode-1@group-523986131536->omNode-3: nextIndex: updateUnconditionally 78 -> 45
2022-10-18 03:54:55,893 [grpc-default-executor-1] WARN  server.GrpcLogAppender (LogUtils.java:warn(122)) - omNode-1@group-523986131536->omNode-3-AppendLogResponseHandler: Failed appendEntries: org.apache.ratis.thirdparty.io.grpc.StatusRuntimeException: UNAVAILABLE: io exception
2022-10-18 03:54:55,893 [grpc-default-executor-1] INFO  leader.FollowerInfo (FollowerInfoImpl.java:lambda$new$0(48)) - omNode-1@group-523986131536->omNode-3: nextIndex: updateUnconditionally 78 -> 45
2022-10-18 03:54:55,905 [grpc-default-executor-0] WARN  server.GrpcLogAppender (LogUtils.java:warn(122)) - omNode-1@group-523986131536->omNode-3-AppendLogResponseHandler: Failed appendEntries: org.apache.ratis.thirdparty.io.grpc.StatusRuntimeException: UNAVAILABLE: io exception
2022-10-18 03:54:55,905 [grpc-default-executor-0] INFO  leader.FollowerInfo (FollowerInfoImpl.java:lambda$new$0(48)) - omNode-1@group-523986131536->omNode-3: nextIndex: updateUnconditionally 79 -> 45
2022-10-18 03:54:55,912 [grpc-default-executor-0] WARN  server.GrpcLogAppender (LogUtils.java:warn(122)) - omNode-1@group-523986131536->omNode-3-AppendLogResponseHandler: Failed appendEntries: org.apache.ratis.thirdparty.io.grpc.StatusRuntimeException: UNAVAILABLE: io exception
2022-10-18 03:54:55,912 [grpc-default-executor-0] INFO  leader.FollowerInfo (FollowerInfoImpl.java:lambda$new$0(48)) - omNode-1@group-523986131536->omNode-3: nextIndex: updateUnconditionally 80 -> 45
2022-10-18 03:54:55,915 [grpc-default-executor-0] WARN  server.GrpcLogAppender (LogUtils.java:warn(122)) - omNode-1@group-523986131536->omNode-3-AppendLogResponseHandler: Failed appendEntries: org.apache.ratis.thirdparty.io.grpc.StatusRuntimeException: UNAVAILABLE: io exception
2022-10-18 03:54:55,915 [grpc-default-executor-0] INFO  leader.FollowerInfo (FollowerInfoImpl.java:lambda$new$0(48)) - omNode-1@group-523986131536->omNode-3: nextIndex: updateUnconditionally 80 -> 45
2022-10-18 03:54:55,922 [grpc-default-executor-0] WARN  server.GrpcLogAppender (LogUtils.java:warn(122)) - omNode-1@group-523986131536->omNode-3-AppendLogResponseHandler: Failed appendEntries: org.apache.ratis.thirdparty.io.grpc.StatusRuntimeException: UNAVAILABLE: io exception
2022-10-18 03:54:55,922 [grpc-default-executor-0] INFO  leader.FollowerInfo (FollowerInfoImpl.java:lambda$new$0(48)) - omNode-1@group-523986131536->omNode-3: nextIndex: updateUnconditionally 81 -> 45
2022-10-18 03:54:55,925 [grpc-default-executor-0] WARN  server.GrpcLogAppender (LogUtils.java:warn(122)) - omNode-1@group-523986131536->omNode-3-AppendLogResponseHandler: Failed appendEntries: org.apache.ratis.thirdparty.io.grpc.StatusRuntimeException: UNAVAILABLE: io exception
2022-10-18 03:54:55,926 [grpc-default-executor-0] INFO  leader.FollowerInfo (FollowerInfoImpl.java:lambda$new$0(48)) - omNode-1@group-523986131536->omNode-3: nextIndex: updateUnconditionally 82 -> 45
2022-10-18 03:54:55,939 [grpc-default-executor-0] WARN  server.GrpcLogAppender (LogUtils.java:warn(122)) - omNode-1@group-523986131536->omNode-3-AppendLogResponseHandler: Failed appendEntries: org.apache.ratis.thirdparty.io.grpc.StatusRuntimeException: UNAVAILABLE: io exception
2022-10-18 03:54:55,940 [grpc-default-executor-0] INFO  leader.FollowerInfo (FollowerInfoImpl.java:lambda$new$0(48)) - omNode-1@group-523986131536->omNode-3: nextIndex: updateUnconditionally 82 -> 45
2022-10-18 03:54:55,949 [grpc-default-executor-0] WARN  server.GrpcLogAppender (LogUtils.java:warn(122)) - omNode-1@group-523986131536->omNode-3-AppendLogResponseHandler: Failed appendEntries: org.apache.ratis.thirdparty.io.grpc.StatusRuntimeException: UNAVAILABLE: io exception
2022-10-18 03:54:55,949 [grpc-default-executor-0] INFO  leader.FollowerInfo (FollowerInfoImpl.java:lambda$new$0(48)) - omNode-1@group-523986131536->omNode-3: nextIndex: updateUnconditionally 83 -> 45
2022-10-18 03:54:55,952 [grpc-default-executor-0] WARN  server.GrpcLogAppender (LogUtils.java:warn(122)) - omNode-1@group-523986131536->omNode-3-AppendLogResponseHandler: Failed appendEntries: org.apache.ratis.thirdparty.io.grpc.StatusRuntimeException: UNAVAILABLE: io exception
2022-10-18 03:54:55,952 [grpc-default-executor-0] INFO  leader.FollowerInfo (FollowerInfoImpl.java:lambda$new$0(48)) - omNode-1@group-523986131536->omNode-3: nextIndex: updateUnconditionally 84 -> 45
2022-10-18 03:54:55,957 [grpc-default-executor-0] WARN  server.GrpcLogAppender (LogUtils.java:warn(122)) - omNode-1@group-523986131536->omNode-3-AppendLogResponseHandler: Failed appendEntries: org.apache.ratis.thirdparty.io.grpc.StatusRuntimeException: UNAVAILABLE: io exception
2022-10-18 03:54:55,957 [grpc-default-executor-0] INFO  leader.FollowerInfo (FollowerInfoImpl.java:lambda$new$0(48)) - omNode-1@group-523986131536->omNode-3: nextIndex: updateUnconditionally 84 -> 45
2022-10-18 03:54:55,963 [grpc-default-executor-2] WARN  server.GrpcLogAppender (LogUtils.java:warn(122)) - omNode-1@group-523986131536->omNode-3-AppendLogResponseHandler: Failed appendEntries: org.apache.ratis.thirdparty.io.grpc.StatusRuntimeException: UNAVAILABLE: io exception
2022-10-18 03:54:55,963 [grpc-default-executor-2] INFO  leader.FollowerInfo (FollowerInfoImpl.java:lambda$new$0(48)) - omNode-1@group-523986131536->omNode-3: nextIndex: updateUnconditionally 86 -> 45
2022-10-18 03:54:55,970 [grpc-default-executor-0] WARN  server.GrpcLogAppender (LogUtils.java:warn(122)) - omNode-1@group-523986131536->omNode-3-AppendLogResponseHandler: Failed appendEntries: org.apache.ratis.thirdparty.io.grpc.StatusRuntimeException: UNAVAILABLE: io exception
2022-10-18 03:54:55,970 [grpc-default-executor-0] INFO  leader.FollowerInfo (FollowerInfoImpl.java:lambda$new$0(48)) - omNode-1@group-523986131536->omNode-3: nextIndex: updateUnconditionally 86 -> 45
2022-10-18 03:54:55,972 [grpc-default-executor-2] WARN  server.GrpcLogAppender (LogUtils.java:warn(122)) - omNode-1@group-523986131536->omNode-3-AppendLogResponseHandler: Failed appendEntries: org.apache.ratis.thirdparty.io.grpc.StatusRuntimeException: UNAVAILABLE: io exception
2022-10-18 03:54:55,972 [grpc-default-executor-2] INFO  leader.FollowerInfo (FollowerInfoImpl.java:lambda$new$0(48)) - omNode-1@group-523986131536->omNode-3: nextIndex: updateUnconditionally 87 -> 45
2022-10-18 03:54:55,980 [grpc-default-executor-0] WARN  server.GrpcLogAppender (LogUtils.java:warn(122)) - omNode-1@group-523986131536->omNode-3-AppendLogResponseHandler: Failed appendEntries: org.apache.ratis.thirdparty.io.grpc.StatusRuntimeException: UNAVAILABLE: io exception
2022-10-18 03:54:55,981 [grpc-default-executor-0] INFO  leader.FollowerInfo (FollowerInfoImpl.java:lambda$new$0(48)) - omNode-1@group-523986131536->omNode-3: nextIndex: updateUnconditionally 87 -> 45
2022-10-18 03:54:55,983 [grpc-default-executor-1] WARN  server.GrpcLogAppender (LogUtils.java:warn(122)) - omNode-1@group-523986131536->omNode-3-AppendLogResponseHandler: Failed appendEntries: org.apache.ratis.thirdparty.io.grpc.StatusRuntimeException: UNAVAILABLE: io exception
2022-10-18 03:54:55,983 [grpc-default-executor-1] INFO  leader.FollowerInfo (FollowerInfoImpl.java:lambda$new$0(48)) - omNode-1@group-523986131536->omNode-3: nextIndex: updateUnconditionally 87 -> 45
2022-10-18 03:54:55,985 [grpc-default-executor-1] WARN  server.GrpcLogAppender (LogUtils.java:warn(122)) - omNode-1@group-523986131536->omNode-3-AppendLogResponseHandler: Failed appendEntries: org.apache.ratis.thirdparty.io.grpc.StatusRuntimeException: UNAVAILABLE: io exception
2022-10-18 03:54:55,986 [grpc-default-executor-1] INFO  leader.FollowerInfo (FollowerInfoImpl.java:lambda$new$0(48)) - omNode-1@group-523986131536->omNode-3: nextIndex: updateUnconditionally 88 -> 45
2022-10-18 03:54:55,987 [grpc-default-executor-1] WARN  server.GrpcLogAppender (LogUtils.java:warn(122)) - omNode-1@group-523986131536->omNode-3-AppendLogResponseHandler: Failed appendEntries: org.apache.ratis.thirdparty.io.grpc.StatusRuntimeException: UNAVAILABLE: io exception
2022-10-18 03:54:55,988 [grpc-default-executor-1] INFO  leader.FollowerInfo (FollowerInfoImpl.java:lambda$new$0(48)) - omNode-1@group-523986131536->omNode-3: nextIndex: updateUnconditionally 88 -> 45
2022-10-18 03:54:55,994 [grpc-default-executor-1] WARN  server.GrpcLogAppender (LogUtils.java:warn(122)) - omNode-1@group-523986131536->omNode-3-AppendLogResponseHandler: Failed appendEntries: org.apache.ratis.thirdparty.io.grpc.StatusRuntimeException: UNAVAILABLE: io exception
2022-10-18 03:54:55,994 [grpc-default-executor-1] INFO  leader.FollowerInfo (FollowerInfoImpl.java:lambda$new$0(48)) - omNode-1@group-523986131536->omNode-3: nextIndex: updateUnconditionally 90 -> 45
2022-10-18 03:54:55,999 [grpc-default-executor-1] WARN  server.GrpcLogAppender (LogUtils.java:warn(122)) - omNode-1@group-523986131536->omNode-3-AppendLogResponseHandler: Failed appendEntries: org.apache.ratis.thirdparty.io.grpc.StatusRuntimeException: UNAVAILABLE: io exception
2022-10-18 03:54:55,999 [grpc-default-executor-1] INFO  leader.FollowerInfo (FollowerInfoImpl.java:lambda$new$0(48)) - omNode-1@group-523986131536->omNode-3: nextIndex: updateUnconditionally 90 -> 45
2022-10-18 03:54:56,008 [grpc-default-executor-1] WARN  server.GrpcLogAppender (LogUtils.java:warn(122)) - omNode-1@group-523986131536->omNode-3-AppendLogResponseHandler: Failed appendEntries: org.apache.ratis.thirdparty.io.grpc.StatusRuntimeException: UNAVAILABLE: io exception
2022-10-18 03:54:56,008 [grpc-default-executor-1] INFO  leader.FollowerInfo (FollowerInfoImpl.java:lambda$new$0(48)) - omNode-1@group-523986131536->omNode-3: nextIndex: updateUnconditionally 91 -> 45
2022-10-18 03:54:56,021 [grpc-default-executor-1] WARN  server.GrpcLogAppender (LogUtils.java:warn(122)) - omNode-1@group-523986131536->omNode-3-AppendLogResponseHandler: Failed appendEntries: org.apache.ratis.thirdparty.io.grpc.StatusRuntimeException: UNAVAILABLE: io exception
2022-10-18 03:54:56,021 [grpc-default-executor-1] INFO  leader.FollowerInfo (FollowerInfoImpl.java:lambda$new$0(48)) - omNode-1@group-523986131536->omNode-3: nextIndex: updateUnconditionally 91 -> 45
2022-10-18 03:54:56,028 [grpc-default-executor-0] WARN  server.GrpcLogAppender (LogUtils.java:warn(122)) - omNode-1@group-523986131536->omNode-3-AppendLogResponseHandler: Failed appendEntries: org.apache.ratis.thirdparty.io.grpc.StatusRuntimeException: UNAVAILABLE: io exception
2022-10-18 03:54:56,028 [grpc-default-executor-0] INFO  leader.FollowerInfo (FollowerInfoImpl.java:lambda$new$0(48)) - omNode-1@group-523986131536->omNode-3: nextIndex: updateUnconditionally 92 -> 45
2022-10-18 03:54:56,034 [grpc-default-executor-0] WARN  server.GrpcLogAppender (LogUtils.java:warn(122)) - omNode-1@group-523986131536->omNode-3-AppendLogResponseHandler: Failed appendEntries: org.apache.ratis.thirdparty.io.grpc.StatusRuntimeException: UNAVAILABLE: io exception
2022-10-18 03:54:56,035 [grpc-default-executor-0] INFO  leader.FollowerInfo (FollowerInfoImpl.java:lambda$new$0(48)) - omNode-1@group-523986131536->omNode-3: nextIndex: updateUnconditionally 92 -> 45
2022-10-18 03:54:56,040 [grpc-default-executor-0] WARN  server.GrpcLogAppender (LogUtils.java:warn(122)) - omNode-1@group-523986131536->omNode-3-AppendLogResponseHandler: Failed appendEntries: org.apache.ratis.thirdparty.io.grpc.StatusRuntimeException: UNAVAILABLE: io exception
2022-10-18 03:54:56,041 [grpc-default-executor-0] INFO  leader.FollowerInfo (FollowerInfoImpl.java:lambda$new$0(48)) - omNode-1@group-523986131536->omNode-3: nextIndex: updateUnconditionally 94 -> 45
2022-10-18 03:54:56,047 [grpc-default-executor-0] WARN  server.GrpcLogAppender (LogUtils.java:warn(122)) - omNode-1@group-523986131536->omNode-3-AppendLogResponseHandler: Failed appendEntries: org.apache.ratis.thirdparty.io.grpc.StatusRuntimeException: UNAVAILABLE: io exception
2022-10-18 03:54:56,047 [grpc-default-executor-0] INFO  leader.FollowerInfo (FollowerInfoImpl.java:lambda$new$0(48)) - omNode-1@group-523986131536->omNode-3: nextIndex: updateUnconditionally 94 -> 45
2022-10-18 03:54:56,048 [grpc-default-executor-0] WARN  server.GrpcLogAppender (LogUtils.java:warn(122)) - omNode-1@group-523986131536->omNode-3-AppendLogResponseHandler: Failed appendEntries: org.apache.ratis.thirdparty.io.grpc.StatusRuntimeException: UNAVAILABLE: io exception
2022-10-18 03:54:56,049 [grpc-default-executor-0] INFO  leader.FollowerInfo (FollowerInfoImpl.java:lambda$new$0(48)) - omNode-1@group-523986131536->omNode-3: nextIndex: updateUnconditionally 95 -> 45
2022-10-18 03:54:56,055 [grpc-default-executor-0] WARN  server.GrpcLogAppender (LogUtils.java:warn(122)) - omNode-1@group-523986131536->omNode-3-AppendLogResponseHandler: Failed appendEntries: org.apache.ratis.thirdparty.io.grpc.StatusRuntimeException: UNAVAILABLE: io exception
2022-10-18 03:54:56,056 [grpc-default-executor-0] INFO  leader.FollowerInfo (FollowerInfoImpl.java:lambda$new$0(48)) - omNode-1@group-523986131536->omNode-3: nextIndex: updateUnconditionally 95 -> 45
2022-10-18 03:54:56,064 [grpc-default-executor-0] WARN  server.GrpcLogAppender (LogUtils.java:warn(122)) - omNode-1@group-523986131536->omNode-3-AppendLogResponseHandler: Failed appendEntries: org.apache.ratis.thirdparty.io.grpc.StatusRuntimeException: UNAVAILABLE: io exception
2022-10-18 03:54:56,064 [grpc-default-executor-0] INFO  leader.FollowerInfo (FollowerInfoImpl.java:lambda$new$0(48)) - omNode-1@group-523986131536->omNode-3: nextIndex: updateUnconditionally 96 -> 45
2022-10-18 03:54:56,066 [grpc-default-executor-0] WARN  server.GrpcLogAppender (LogUtils.java:warn(122)) - omNode-1@group-523986131536->omNode-3-AppendLogResponseHandler: Failed appendEntries: org.apache.ratis.thirdparty.io.grpc.StatusRuntimeException: UNAVAILABLE: io exception
2022-10-18 03:54:56,067 [grpc-default-executor-0] INFO  leader.FollowerInfo (FollowerInfoImpl.java:lambda$new$0(48)) - omNode-1@group-523986131536->omNode-3: nextIndex: updateUnconditionally 96 -> 45
2022-10-18 03:54:56,071 [grpc-default-executor-0] WARN  server.GrpcLogAppender (LogUtils.java:warn(122)) - omNode-1@group-523986131536->omNode-3-AppendLogResponseHandler: Failed appendEntries: org.apache.ratis.thirdparty.io.grpc.StatusRuntimeException: UNAVAILABLE: io exception
2022-10-18 03:54:56,072 [grpc-default-executor-0] INFO  leader.FollowerInfo (FollowerInfoImpl.java:lambda$new$0(48)) - omNode-1@group-523986131536->omNode-3: nextIndex: updateUnconditionally 97 -> 45
2022-10-18 03:54:56,073 [grpc-default-executor-0] WARN  server.GrpcLogAppender (LogUtils.java:warn(122)) - omNode-1@group-523986131536->omNode-3-AppendLogResponseHandler: Failed appendEntries: org.apache.ratis.thirdparty.io.grpc.StatusRuntimeException: UNAVAILABLE: io exception
2022-10-18 03:54:56,073 [grpc-default-executor-0] INFO  leader.FollowerInfo (FollowerInfoImpl.java:lambda$new$0(48)) - omNode-1@group-523986131536->omNode-3: nextIndex: updateUnconditionally 98 -> 45
2022-10-18 03:54:56,075 [grpc-default-executor-0] WARN  server.GrpcLogAppender (LogUtils.java:warn(122)) - omNode-1@group-523986131536->omNode-3-AppendLogResponseHandler: Failed appendEntries: org.apache.ratis.thirdparty.io.grpc.StatusRuntimeException: UNAVAILABLE: io exception
2022-10-18 03:54:56,075 [grpc-default-executor-0] INFO  leader.FollowerInfo (FollowerInfoImpl.java:lambda$new$0(48)) - omNode-1@group-523986131536->omNode-3: nextIndex: updateUnconditionally 98 -> 45
2022-10-18 03:54:56,081 [grpc-default-executor-1] WARN  server.GrpcLogAppender (LogUtils.java:warn(122)) - omNode-1@group-523986131536->omNode-3-AppendLogResponseHandler: Failed appendEntries: org.apache.ratis.thirdparty.io.grpc.StatusRuntimeException: UNAVAILABLE: io exception
2022-10-18 03:54:56,082 [grpc-default-executor-1] INFO  leader.FollowerInfo (FollowerInfoImpl.java:lambda$new$0(48)) - omNode-1@group-523986131536->omNode-3: nextIndex: updateUnconditionally 99 -> 45
2022-10-18 03:54:56,090 [grpc-default-executor-2] WARN  server.GrpcLogAppender (LogUtils.java:warn(122)) - omNode-1@group-523986131536->omNode-3-AppendLogResponseHandler: Failed appendEntries: org.apache.ratis.thirdparty.io.grpc.StatusRuntimeException: UNAVAILABLE: io exception
2022-10-18 03:54:56,091 [grpc-default-executor-2] INFO  leader.FollowerInfo (FollowerInfoImpl.java:lambda$new$0(48)) - omNode-1@group-523986131536->omNode-3: nextIndex: updateUnconditionally 100 -> 45
2022-10-18 03:54:56,092 [grpc-default-executor-2] WARN  server.GrpcLogAppender (LogUtils.java:warn(122)) - omNode-1@group-523986131536->omNode-3-AppendLogResponseHandler: Failed appendEntries: org.apache.ratis.thirdparty.io.grpc.StatusRuntimeException: UNAVAILABLE: io exception
2022-10-18 03:54:56,093 [grpc-default-executor-2] INFO  leader.FollowerInfo (FollowerInfoImpl.java:lambda$new$0(48)) - omNode-1@group-523986131536->omNode-3: nextIndex: updateUnconditionally 100 -> 45
2022-10-18 03:54:56,094 [grpc-default-executor-0] WARN  server.GrpcLogAppender (LogUtils.java:warn(122)) - omNode-1@group-523986131536->omNode-3-AppendLogResponseHandler: Failed appendEntries: org.apache.ratis.thirdparty.io.grpc.StatusRuntimeException: UNAVAILABLE: io exception
2022-10-18 03:54:56,094 [grpc-default-executor-0] INFO  leader.FollowerInfo (FollowerInfoImpl.java:lambda$new$0(48)) - omNode-1@group-523986131536->omNode-3: nextIndex: updateUnconditionally 101 -> 45
2022-10-18 03:54:56,099 [grpc-default-executor-2] WARN  server.GrpcLogAppender (LogUtils.java:warn(122)) - omNode-1@group-523986131536->omNode-3-AppendLogResponseHandler: Failed appendEntries: org.apache.ratis.thirdparty.io.grpc.StatusRuntimeException: UNAVAILABLE: io exception
2022-10-18 03:54:56,099 [grpc-default-executor-2] INFO  leader.FollowerInfo (FollowerInfoImpl.java:lambda$new$0(48)) - omNode-1@group-523986131536->omNode-3: nextIndex: updateUnconditionally 102 -> 45
2022-10-18 03:54:56,101 [omNode-1@group-523986131536-StateMachineUpdater] INFO  ratis.OzoneManagerStateMachine (OzoneManagerStateMachine.java:takeSnapshot(441)) - Current Snapshot Index (t:1, i:100)
2022-10-18 03:54:56,101 [omNode-1@group-523986131536-StateMachineUpdater] INFO  impl.StateMachineUpdater (StateMachineUpdater.java:takeSnapshot(287)) - omNode-1@group-523986131536-StateMachineUpdater: Took a snapshot at index 100
2022-10-18 03:54:56,101 [omNode-1@group-523986131536-StateMachineUpdater] INFO  impl.StateMachineUpdater (StateMachineUpdater.java:lambda$new$0(92)) - omNode-1@group-523986131536-StateMachineUpdater: snapshotIndex: updateIncreasingly 50 -> 100
2022-10-18 03:54:56,101 [omNode-1@group-523986131536-StateMachineUpdater] INFO  raftlog.RaftLog (RaftLogBase.java:purge(308)) - omNode-1@group-523986131536-SegmentedRaftLog: purge 100
2022-10-18 03:54:56,102 [omNode-1@group-523986131536-StateMachineUpdater] INFO  raftlog.RaftLog (RaftLogBase.java:lambda$new$0(53)) - omNode-1@group-523986131536-SegmentedRaftLog: snapshotIndex: updateIncreasingly 50 -> 100
2022-10-18 03:54:56,102 [omNode-1@group-523986131536-StateMachineUpdater] INFO  raftlog.RaftLog (RaftLogBase.java:lambda$new$0(53)) - omNode-1@group-523986131536-SegmentedRaftLog: purgeIndex: updateToMax old=50, new=100, updated? true
2022-10-18 03:54:56,102 [grpc-default-executor-2] WARN  server.GrpcLogAppender (LogUtils.java:warn(122)) - omNode-1@group-523986131536->omNode-3-AppendLogResponseHandler: Failed appendEntries: org.apache.ratis.thirdparty.io.grpc.StatusRuntimeException: UNAVAILABLE: io exception
2022-10-18 03:54:56,102 [grpc-default-executor-2] INFO  leader.FollowerInfo (FollowerInfoImpl.java:lambda$new$0(48)) - omNode-1@group-523986131536->omNode-3: nextIndex: updateUnconditionally 102 -> 45
2022-10-18 03:54:56,103 [grpc-default-executor-2] WARN  server.GrpcLogAppender (LogUtils.java:warn(122)) - omNode-1@group-523986131536->omNode-3-AppendLogResponseHandler: Failed appendEntries: org.apache.ratis.thirdparty.io.grpc.StatusRuntimeException: UNAVAILABLE: io exception
2022-10-18 03:54:56,103 [grpc-default-executor-2] INFO  leader.FollowerInfo (FollowerInfoImpl.java:lambda$new$0(48)) - omNode-1@group-523986131536->omNode-3: nextIndex: updateUnconditionally 102 -> 45
2022-10-18 03:54:56,111 [grpc-default-executor-2] WARN  server.GrpcLogAppender (LogUtils.java:warn(122)) - omNode-1@group-523986131536->omNode-3-AppendLogResponseHandler: Failed appendEntries: org.apache.ratis.thirdparty.io.grpc.StatusRuntimeException: UNAVAILABLE: io exception
2022-10-18 03:54:56,112 [grpc-default-executor-2] INFO  leader.FollowerInfo (FollowerInfoImpl.java:lambda$new$0(48)) - omNode-1@group-523986131536->omNode-3: nextIndex: updateUnconditionally 103 -> 45
2022-10-18 03:54:56,124 [omNode-2@group-523986131536-StateMachineUpdater] INFO  ratis.OzoneManagerStateMachine (OzoneManagerStateMachine.java:takeSnapshot(441)) - Current Snapshot Index (t:1, i:101)
2022-10-18 03:54:56,124 [omNode-2@group-523986131536-StateMachineUpdater] INFO  impl.StateMachineUpdater (StateMachineUpdater.java:takeSnapshot(287)) - omNode-2@group-523986131536-StateMachineUpdater: Took a snapshot at index 101
2022-10-18 03:54:56,124 [omNode-2@group-523986131536-StateMachineUpdater] INFO  impl.StateMachineUpdater (StateMachineUpdater.java:lambda$new$0(92)) - omNode-2@group-523986131536-StateMachineUpdater: snapshotIndex: updateIncreasingly 50 -> 101
2022-10-18 03:54:56,124 [omNode-2@group-523986131536-StateMachineUpdater] INFO  raftlog.RaftLog (RaftLogBase.java:purge(308)) - omNode-2@group-523986131536-SegmentedRaftLog: purge 101
2022-10-18 03:54:56,124 [omNode-2@group-523986131536-StateMachineUpdater] INFO  raftlog.RaftLog (RaftLogBase.java:lambda$new$0(53)) - omNode-2@group-523986131536-SegmentedRaftLog: snapshotIndex: updateIncreasingly 50 -> 101
2022-10-18 03:54:56,124 [omNode-2@group-523986131536-StateMachineUpdater] INFO  raftlog.RaftLog (RaftLogBase.java:lambda$new$0(53)) - omNode-2@group-523986131536-SegmentedRaftLog: purgeIndex: updateToMax old=50, new=101, updated? true
2022-10-18 03:54:56,125 [grpc-default-executor-0] WARN  server.GrpcLogAppender (LogUtils.java:warn(122)) - omNode-1@group-523986131536->omNode-3-AppendLogResponseHandler: Failed appendEntries: org.apache.ratis.thirdparty.io.grpc.StatusRuntimeException: UNAVAILABLE: io exception
2022-10-18 03:54:56,125 [grpc-default-executor-0] INFO  leader.FollowerInfo (FollowerInfoImpl.java:lambda$new$0(48)) - omNode-1@group-523986131536->omNode-3: nextIndex: updateUnconditionally 103 -> 45
2022-10-18 03:54:56,134 [grpc-default-executor-2] WARN  server.GrpcLogAppender (LogUtils.java:warn(122)) - omNode-1@group-523986131536->omNode-3-AppendLogResponseHandler: Failed appendEntries: org.apache.ratis.thirdparty.io.grpc.StatusRuntimeException: UNAVAILABLE: io exception
2022-10-18 03:54:56,135 [grpc-default-executor-2] INFO  leader.FollowerInfo (FollowerInfoImpl.java:lambda$new$0(48)) - omNode-1@group-523986131536->omNode-3: nextIndex: updateUnconditionally 104 -> 45
2022-10-18 03:54:56,144 [grpc-default-executor-0] WARN  server.GrpcLogAppender (LogUtils.java:warn(122)) - omNode-1@group-523986131536->omNode-3-AppendLogResponseHandler: Failed appendEntries: org.apache.ratis.thirdparty.io.grpc.StatusRuntimeException: UNAVAILABLE: io exception
2022-10-18 03:54:56,144 [grpc-default-executor-0] INFO  leader.FollowerInfo (FollowerInfoImpl.java:lambda$new$0(48)) - omNode-1@group-523986131536->omNode-3: nextIndex: updateUnconditionally 104 -> 45
2022-10-18 03:54:56,148 [grpc-default-executor-0] WARN  server.GrpcLogAppender (LogUtils.java:warn(122)) - omNode-1@group-523986131536->omNode-3-AppendLogResponseHandler: Failed appendEntries: org.apache.ratis.thirdparty.io.grpc.StatusRuntimeException: UNAVAILABLE: io exception
2022-10-18 03:54:56,149 [grpc-default-executor-0] INFO  leader.FollowerInfo (FollowerInfoImpl.java:lambda$new$0(48)) - omNode-1@group-523986131536->omNode-3: nextIndex: updateUnconditionally 106 -> 45
2022-10-18 03:54:56,157 [grpc-default-executor-0] WARN  server.GrpcLogAppender (LogUtils.java:warn(122)) - omNode-1@group-523986131536->omNode-3-AppendLogResponseHandler: Failed appendEntries: org.apache.ratis.thirdparty.io.grpc.StatusRuntimeException: UNAVAILABLE: io exception
2022-10-18 03:54:56,158 [grpc-default-executor-0] INFO  leader.FollowerInfo (FollowerInfoImpl.java:lambda$new$0(48)) - omNode-1@group-523986131536->omNode-3: nextIndex: updateUnconditionally 107 -> 45
2022-10-18 03:54:56,165 [grpc-default-executor-0] WARN  server.GrpcLogAppender (LogUtils.java:warn(122)) - omNode-1@group-523986131536->omNode-3-AppendLogResponseHandler: Failed appendEntries: org.apache.ratis.thirdparty.io.grpc.StatusRuntimeException: UNAVAILABLE: io exception
2022-10-18 03:54:56,165 [grpc-default-executor-0] INFO  leader.FollowerInfo (FollowerInfoImpl.java:lambda$new$0(48)) - omNode-1@group-523986131536->omNode-3: nextIndex: updateUnconditionally 107 -> 45
2022-10-18 03:54:56,170 [grpc-default-executor-2] WARN  server.GrpcLogAppender (LogUtils.java:warn(122)) - omNode-1@group-523986131536->omNode-3-AppendLogResponseHandler: Failed appendEntries: org.apache.ratis.thirdparty.io.grpc.StatusRuntimeException: UNAVAILABLE: io exception
2022-10-18 03:54:56,171 [grpc-default-executor-2] INFO  leader.FollowerInfo (FollowerInfoImpl.java:lambda$new$0(48)) - omNode-1@group-523986131536->omNode-3: nextIndex: updateUnconditionally 108 -> 45
2022-10-18 03:54:56,176 [grpc-default-executor-0] WARN  server.GrpcLogAppender (LogUtils.java:warn(122)) - omNode-1@group-523986131536->omNode-3-AppendLogResponseHandler: Failed appendEntries: org.apache.ratis.thirdparty.io.grpc.StatusRuntimeException: UNAVAILABLE: io exception
2022-10-18 03:54:56,177 [grpc-default-executor-0] INFO  leader.FollowerInfo (FollowerInfoImpl.java:lambda$new$0(48)) - omNode-1@group-523986131536->omNode-3: nextIndex: updateUnconditionally 108 -> 45
2022-10-18 03:54:56,178 [grpc-default-executor-1] WARN  server.GrpcLogAppender (LogUtils.java:warn(122)) - omNode-1@group-523986131536->omNode-3-AppendLogResponseHandler: Failed appendEntries: org.apache.ratis.thirdparty.io.grpc.StatusRuntimeException: UNAVAILABLE: io exception
2022-10-18 03:54:56,178 [grpc-default-executor-1] INFO  leader.FollowerInfo (FollowerInfoImpl.java:lambda$new$0(48)) - omNode-1@group-523986131536->omNode-3: nextIndex: updateUnconditionally 109 -> 45
2022-10-18 03:54:56,182 [grpc-default-executor-0] WARN  server.GrpcLogAppender (LogUtils.java:warn(122)) - omNode-1@group-523986131536->omNode-3-AppendLogResponseHandler: Failed appendEntries: org.apache.ratis.thirdparty.io.grpc.StatusRuntimeException: UNAVAILABLE: io exception
2022-10-18 03:54:56,182 [grpc-default-executor-0] INFO  leader.FollowerInfo (FollowerInfoImpl.java:lambda$new$0(48)) - omNode-1@group-523986131536->omNode-3: nextIndex: updateUnconditionally 110 -> 45
2022-10-18 03:54:56,183 [grpc-default-executor-1] WARN  server.GrpcLogAppender (LogUtils.java:warn(122)) - omNode-1@group-523986131536->omNode-3-AppendLogResponseHandler: Failed appendEntries: org.apache.ratis.thirdparty.io.grpc.StatusRuntimeException: UNAVAILABLE: io exception
2022-10-18 03:54:56,184 [grpc-default-executor-1] INFO  leader.FollowerInfo (FollowerInfoImpl.java:lambda$new$0(48)) - omNode-1@group-523986131536->omNode-3: nextIndex: updateUnconditionally 110 -> 45
2022-10-18 03:54:56,185 [grpc-default-executor-1] WARN  server.GrpcLogAppender (LogUtils.java:warn(122)) - omNode-1@group-523986131536->omNode-3-AppendLogResponseHandler: Failed appendEntries: org.apache.ratis.thirdparty.io.grpc.StatusRuntimeException: UNAVAILABLE: io exception
2022-10-18 03:54:56,230 [grpc-default-executor-1] INFO  leader.FollowerInfo (FollowerInfoImpl.java:lambda$new$0(48)) - omNode-1@group-523986131536->omNode-3: nextIndex: updateUnconditionally 111 -> 45
2022-10-18 03:54:56,233 [EndpointStateMachine task thread for /0.0.0.0:43069 - 0 ] INFO  ipc.Client (Client.java:handleConnectionFailure(1010)) - Retrying connect to server: 0.0.0.0/0.0.0.0:43069. Already tried 6 time(s); retry policy is RetryUpToMaximumCountWithFixedSleep(maxRetries=15, sleepTime=1000 MILLISECONDS)
2022-10-18 03:54:56,240 [grpc-default-executor-0] WARN  server.GrpcLogAppender (LogUtils.java:warn(122)) - omNode-1@group-523986131536->omNode-3-AppendLogResponseHandler: Failed appendEntries: org.apache.ratis.thirdparty.io.grpc.StatusRuntimeException: UNAVAILABLE: io exception
2022-10-18 03:54:56,240 [grpc-default-executor-0] INFO  leader.FollowerInfo (FollowerInfoImpl.java:lambda$new$0(48)) - omNode-1@group-523986131536->omNode-3: nextIndex: updateUnconditionally 111 -> 45
2022-10-18 03:54:56,241 [grpc-default-executor-2] WARN  server.GrpcLogAppender (LogUtils.java:warn(122)) - omNode-1@group-523986131536->omNode-3-AppendLogResponseHandler: Failed appendEntries: org.apache.ratis.thirdparty.io.grpc.StatusRuntimeException: UNAVAILABLE: io exception
2022-10-18 03:54:56,242 [grpc-default-executor-2] INFO  leader.FollowerInfo (FollowerInfoImpl.java:lambda$new$0(48)) - omNode-1@group-523986131536->omNode-3: nextIndex: updateUnconditionally 111 -> 45
2022-10-18 03:54:56,264 [grpc-default-executor-1] WARN  server.GrpcLogAppender (LogUtils.java:warn(122)) - omNode-1@group-523986131536->omNode-3-AppendLogResponseHandler: Failed appendEntries: org.apache.ratis.thirdparty.io.grpc.StatusRuntimeException: UNAVAILABLE: io exception
2022-10-18 03:54:56,264 [grpc-default-executor-1] INFO  leader.FollowerInfo (FollowerInfoImpl.java:lambda$new$0(48)) - omNode-1@group-523986131536->omNode-3: nextIndex: updateUnconditionally 112 -> 45
2022-10-18 03:54:56,275 [grpc-default-executor-1] WARN  server.GrpcLogAppender (LogUtils.java:warn(122)) - omNode-1@group-523986131536->omNode-3-AppendLogResponseHandler: Failed appendEntries: org.apache.ratis.thirdparty.io.grpc.StatusRuntimeException: UNAVAILABLE: io exception
2022-10-18 03:54:56,275 [grpc-default-executor-1] INFO  leader.FollowerInfo (FollowerInfoImpl.java:lambda$new$0(48)) - omNode-1@group-523986131536->omNode-3: nextIndex: updateUnconditionally 112 -> 45
2022-10-18 03:54:56,277 [grpc-default-executor-0] WARN  server.GrpcLogAppender (LogUtils.java:warn(122)) - omNode-1@group-523986131536->omNode-3-AppendLogResponseHandler: Failed appendEntries: org.apache.ratis.thirdparty.io.grpc.StatusRuntimeException: UNAVAILABLE: io exception
2022-10-18 03:54:56,277 [grpc-default-executor-0] INFO  leader.FollowerInfo (FollowerInfoImpl.java:lambda$new$0(48)) - omNode-1@group-523986131536->omNode-3: nextIndex: updateUnconditionally 113 -> 45
2022-10-18 03:54:56,280 [grpc-default-executor-1] WARN  server.GrpcLogAppender (LogUtils.java:warn(122)) - omNode-1@group-523986131536->omNode-3-AppendLogResponseHandler: Failed appendEntries: org.apache.ratis.thirdparty.io.grpc.StatusRuntimeException: UNAVAILABLE: io exception
2022-10-18 03:54:56,280 [grpc-default-executor-1] INFO  leader.FollowerInfo (FollowerInfoImpl.java:lambda$new$0(48)) - omNode-1@group-523986131536->omNode-3: nextIndex: updateUnconditionally 114 -> 45
2022-10-18 03:54:56,296 [grpc-default-executor-0] WARN  server.GrpcLogAppender (LogUtils.java:warn(122)) - omNode-1@group-523986131536->omNode-3-AppendLogResponseHandler: Failed appendEntries: org.apache.ratis.thirdparty.io.grpc.StatusRuntimeException: UNAVAILABLE: io exception
2022-10-18 03:54:56,296 [grpc-default-executor-0] INFO  leader.FollowerInfo (FollowerInfoImpl.java:lambda$new$0(48)) - omNode-1@group-523986131536->omNode-3: nextIndex: updateUnconditionally 114 -> 45
2022-10-18 03:54:56,297 [grpc-default-executor-0] WARN  server.GrpcLogAppender (LogUtils.java:warn(122)) - omNode-1@group-523986131536->omNode-3-AppendLogResponseHandler: Failed appendEntries: org.apache.ratis.thirdparty.io.grpc.StatusRuntimeException: UNAVAILABLE: io exception
2022-10-18 03:54:56,298 [grpc-default-executor-0] INFO  leader.FollowerInfo (FollowerInfoImpl.java:lambda$new$0(48)) - omNode-1@group-523986131536->omNode-3: nextIndex: updateUnconditionally 114 -> 45
2022-10-18 03:54:56,303 [grpc-default-executor-1] WARN  server.GrpcLogAppender (LogUtils.java:warn(122)) - omNode-1@group-523986131536->omNode-3-AppendLogResponseHandler: Failed appendEntries: org.apache.ratis.thirdparty.io.grpc.StatusRuntimeException: UNAVAILABLE: io exception
2022-10-18 03:54:56,303 [grpc-default-executor-1] INFO  leader.FollowerInfo (FollowerInfoImpl.java:lambda$new$0(48)) - omNode-1@group-523986131536->omNode-3: nextIndex: updateUnconditionally 115 -> 45
2022-10-18 03:54:56,316 [grpc-default-executor-0] WARN  server.GrpcLogAppender (LogUtils.java:warn(122)) - omNode-1@group-523986131536->omNode-3-AppendLogResponseHandler: Failed appendEntries: org.apache.ratis.thirdparty.io.grpc.StatusRuntimeException: UNAVAILABLE: io exception
2022-10-18 03:54:56,316 [grpc-default-executor-0] INFO  leader.FollowerInfo (FollowerInfoImpl.java:lambda$new$0(48)) - omNode-1@group-523986131536->omNode-3: nextIndex: updateUnconditionally 116 -> 45
2022-10-18 03:54:56,327 [grpc-default-executor-0] WARN  server.GrpcLogAppender (LogUtils.java:warn(122)) - omNode-1@group-523986131536->omNode-3-AppendLogResponseHandler: Failed appendEntries: org.apache.ratis.thirdparty.io.grpc.StatusRuntimeException: UNAVAILABLE: io exception
2022-10-18 03:54:56,328 [grpc-default-executor-0] INFO  leader.FollowerInfo (FollowerInfoImpl.java:lambda$new$0(48)) - omNode-1@group-523986131536->omNode-3: nextIndex: updateUnconditionally 116 -> 45
2022-10-18 03:54:56,332 [grpc-default-executor-1] WARN  server.GrpcLogAppender (LogUtils.java:warn(122)) - omNode-1@group-523986131536->omNode-3-AppendLogResponseHandler: Failed appendEntries: org.apache.ratis.thirdparty.io.grpc.StatusRuntimeException: UNAVAILABLE: io exception
2022-10-18 03:54:56,332 [grpc-default-executor-1] INFO  leader.FollowerInfo (FollowerInfoImpl.java:lambda$new$0(48)) - omNode-1@group-523986131536->omNode-3: nextIndex: updateUnconditionally 117 -> 45
2022-10-18 03:54:56,335 [grpc-default-executor-1] WARN  server.GrpcLogAppender (LogUtils.java:warn(122)) - omNode-1@group-523986131536->omNode-3-AppendLogResponseHandler: Failed appendEntries: org.apache.ratis.thirdparty.io.grpc.StatusRuntimeException: UNAVAILABLE: io exception
2022-10-18 03:54:56,335 [grpc-default-executor-1] INFO  leader.FollowerInfo (FollowerInfoImpl.java:lambda$new$0(48)) - omNode-1@group-523986131536->omNode-3: nextIndex: updateUnconditionally 118 -> 45
2022-10-18 03:54:56,339 [grpc-default-executor-1] WARN  server.GrpcLogAppender (LogUtils.java:warn(122)) - omNode-1@group-523986131536->omNode-3-AppendLogResponseHandler: Failed appendEntries: org.apache.ratis.thirdparty.io.grpc.StatusRuntimeException: UNAVAILABLE: io exception
2022-10-18 03:54:56,339 [grpc-default-executor-1] INFO  leader.FollowerInfo (FollowerInfoImpl.java:lambda$new$0(48)) - omNode-1@group-523986131536->omNode-3: nextIndex: updateUnconditionally 118 -> 45
2022-10-18 03:54:56,341 [grpc-default-executor-1] WARN  server.GrpcLogAppender (LogUtils.java:warn(122)) - omNode-1@group-523986131536->omNode-3-AppendLogResponseHandler: Failed appendEntries: org.apache.ratis.thirdparty.io.grpc.StatusRuntimeException: UNAVAILABLE: io exception
2022-10-18 03:54:56,341 [grpc-default-executor-1] INFO  leader.FollowerInfo (FollowerInfoImpl.java:lambda$new$0(48)) - omNode-1@group-523986131536->omNode-3: nextIndex: updateUnconditionally 118 -> 45
2022-10-18 03:54:56,343 [grpc-default-executor-1] WARN  server.GrpcLogAppender (LogUtils.java:warn(122)) - omNode-1@group-523986131536->omNode-3-AppendLogResponseHandler: Failed appendEntries: org.apache.ratis.thirdparty.io.grpc.StatusRuntimeException: UNAVAILABLE: io exception
2022-10-18 03:54:56,344 [grpc-default-executor-1] INFO  leader.FollowerInfo (FollowerInfoImpl.java:lambda$new$0(48)) - omNode-1@group-523986131536->omNode-3: nextIndex: updateUnconditionally 119 -> 45
2022-10-18 03:54:56,350 [grpc-default-executor-1] WARN  server.GrpcLogAppender (LogUtils.java:warn(122)) - omNode-1@group-523986131536->omNode-3-AppendLogResponseHandler: Failed appendEntries: org.apache.ratis.thirdparty.io.grpc.StatusRuntimeException: UNAVAILABLE: io exception
2022-10-18 03:54:56,351 [grpc-default-executor-1] INFO  leader.FollowerInfo (FollowerInfoImpl.java:lambda$new$0(48)) - omNode-1@group-523986131536->omNode-3: nextIndex: updateUnconditionally 119 -> 45
2022-10-18 03:54:56,359 [grpc-default-executor-0] WARN  server.GrpcLogAppender (LogUtils.java:warn(122)) - omNode-1@group-523986131536->omNode-3-AppendLogResponseHandler: Failed appendEntries: org.apache.ratis.thirdparty.io.grpc.StatusRuntimeException: UNAVAILABLE: io exception
2022-10-18 03:54:56,359 [grpc-default-executor-0] INFO  leader.FollowerInfo (FollowerInfoImpl.java:lambda$new$0(48)) - omNode-1@group-523986131536->omNode-3: nextIndex: updateUnconditionally 120 -> 45
2022-10-18 03:54:56,365 [grpc-default-executor-0] WARN  server.GrpcLogAppender (LogUtils.java:warn(122)) - omNode-1@group-523986131536->omNode-3-AppendLogResponseHandler: Failed appendEntries: org.apache.ratis.thirdparty.io.grpc.StatusRuntimeException: UNAVAILABLE: io exception
2022-10-18 03:54:56,365 [grpc-default-executor-0] INFO  leader.FollowerInfo (FollowerInfoImpl.java:lambda$new$0(48)) - omNode-1@group-523986131536->omNode-3: nextIndex: updateUnconditionally 120 -> 45
2022-10-18 03:54:56,369 [grpc-default-executor-0] WARN  server.GrpcLogAppender (LogUtils.java:warn(122)) - omNode-1@group-523986131536->omNode-3-AppendLogResponseHandler: Failed appendEntries: org.apache.ratis.thirdparty.io.grpc.StatusRuntimeException: UNAVAILABLE: io exception
2022-10-18 03:54:56,369 [grpc-default-executor-0] INFO  leader.FollowerInfo (FollowerInfoImpl.java:lambda$new$0(48)) - omNode-1@group-523986131536->omNode-3: nextIndex: updateUnconditionally 121 -> 45
2022-10-18 03:54:56,371 [grpc-default-executor-0] WARN  server.GrpcLogAppender (LogUtils.java:warn(122)) - omNode-1@group-523986131536->omNode-3-AppendLogResponseHandler: Failed appendEntries: org.apache.ratis.thirdparty.io.grpc.StatusRuntimeException: UNAVAILABLE: io exception
2022-10-18 03:54:56,372 [grpc-default-executor-0] INFO  leader.FollowerInfo (FollowerInfoImpl.java:lambda$new$0(48)) - omNode-1@group-523986131536->omNode-3: nextIndex: updateUnconditionally 122 -> 45
2022-10-18 03:54:56,383 [grpc-default-executor-2] WARN  server.GrpcLogAppender (LogUtils.java:warn(122)) - omNode-1@group-523986131536->omNode-3-AppendLogResponseHandler: Failed appendEntries: org.apache.ratis.thirdparty.io.grpc.StatusRuntimeException: UNAVAILABLE: io exception
2022-10-18 03:54:56,384 [grpc-default-executor-2] INFO  leader.FollowerInfo (FollowerInfoImpl.java:lambda$new$0(48)) - omNode-1@group-523986131536->omNode-3: nextIndex: updateUnconditionally 122 -> 45
2022-10-18 03:54:56,388 [grpc-default-executor-2] WARN  server.GrpcLogAppender (LogUtils.java:warn(122)) - omNode-1@group-523986131536->omNode-3-AppendLogResponseHandler: Failed appendEntries: org.apache.ratis.thirdparty.io.grpc.StatusRuntimeException: UNAVAILABLE: io exception
2022-10-18 03:54:56,389 [grpc-default-executor-2] INFO  leader.FollowerInfo (FollowerInfoImpl.java:lambda$new$0(48)) - omNode-1@group-523986131536->omNode-3: nextIndex: updateUnconditionally 123 -> 45
2022-10-18 03:54:56,390 [grpc-default-executor-1] WARN  server.GrpcLogAppender (LogUtils.java:warn(122)) - omNode-1@group-523986131536->omNode-3-AppendLogResponseHandler: Failed appendEntries: org.apache.ratis.thirdparty.io.grpc.StatusRuntimeException: UNAVAILABLE: io exception
2022-10-18 03:54:56,390 [grpc-default-executor-1] INFO  leader.FollowerInfo (FollowerInfoImpl.java:lambda$new$0(48)) - omNode-1@group-523986131536->omNode-3: nextIndex: updateUnconditionally 123 -> 45
2022-10-18 03:54:56,396 [grpc-default-executor-1] WARN  server.GrpcLogAppender (LogUtils.java:warn(122)) - omNode-1@group-523986131536->omNode-3-AppendLogResponseHandler: Failed appendEntries: org.apache.ratis.thirdparty.io.grpc.StatusRuntimeException: UNAVAILABLE: io exception
2022-10-18 03:54:56,397 [grpc-default-executor-1] INFO  leader.FollowerInfo (FollowerInfoImpl.java:lambda$new$0(48)) - omNode-1@group-523986131536->omNode-3: nextIndex: updateUnconditionally 124 -> 45
2022-10-18 03:54:56,401 [grpc-default-executor-1] WARN  server.GrpcLogAppender (LogUtils.java:warn(122)) - omNode-1@group-523986131536->omNode-3-AppendLogResponseHandler: Failed appendEntries: org.apache.ratis.thirdparty.io.grpc.StatusRuntimeException: UNAVAILABLE: io exception
2022-10-18 03:54:56,403 [grpc-default-executor-1] INFO  leader.FollowerInfo (FollowerInfoImpl.java:lambda$new$0(48)) - omNode-1@group-523986131536->omNode-3: nextIndex: updateUnconditionally 124 -> 45
2022-10-18 03:54:56,405 [grpc-default-executor-1] WARN  server.GrpcLogAppender (LogUtils.java:warn(122)) - omNode-1@group-523986131536->omNode-3-AppendLogResponseHandler: Failed appendEntries: org.apache.ratis.thirdparty.io.grpc.StatusRuntimeException: UNAVAILABLE: io exception
2022-10-18 03:54:56,406 [grpc-default-executor-1] INFO  leader.FollowerInfo (FollowerInfoImpl.java:lambda$new$0(48)) - omNode-1@group-523986131536->omNode-3: nextIndex: updateUnconditionally 125 -> 45
2022-10-18 03:54:56,406 [grpc-default-executor-2] WARN  server.GrpcLogAppender (LogUtils.java:warn(122)) - omNode-1@group-523986131536->omNode-3-AppendLogResponseHandler: Failed appendEntries: org.apache.ratis.thirdparty.io.grpc.StatusRuntimeException: UNAVAILABLE: io exception
2022-10-18 03:54:56,407 [grpc-default-executor-2] INFO  leader.FollowerInfo (FollowerInfoImpl.java:lambda$new$0(48)) - omNode-1@group-523986131536->omNode-3: nextIndex: updateUnconditionally 125 -> 45
2022-10-18 03:54:56,411 [grpc-default-executor-1] WARN  server.GrpcLogAppender (LogUtils.java:warn(122)) - omNode-1@group-523986131536->omNode-3-AppendLogResponseHandler: Failed appendEntries: org.apache.ratis.thirdparty.io.grpc.StatusRuntimeException: UNAVAILABLE: io exception
2022-10-18 03:54:56,412 [grpc-default-executor-1] INFO  leader.FollowerInfo (FollowerInfoImpl.java:lambda$new$0(48)) - omNode-1@group-523986131536->omNode-3: nextIndex: updateUnconditionally 126 -> 45
2022-10-18 03:54:56,414 [grpc-default-executor-1] WARN  server.GrpcLogAppender (LogUtils.java:warn(122)) - omNode-1@group-523986131536->omNode-3-AppendLogResponseHandler: Failed appendEntries: org.apache.ratis.thirdparty.io.grpc.StatusRuntimeException: UNAVAILABLE: io exception
2022-10-18 03:54:56,414 [grpc-default-executor-1] INFO  leader.FollowerInfo (FollowerInfoImpl.java:lambda$new$0(48)) - omNode-1@group-523986131536->omNode-3: nextIndex: updateUnconditionally 126 -> 45
2022-10-18 03:54:56,418 [grpc-default-executor-0] WARN  server.GrpcLogAppender (LogUtils.java:warn(122)) - omNode-1@group-523986131536->omNode-3-AppendLogResponseHandler: Failed appendEntries: org.apache.ratis.thirdparty.io.grpc.StatusRuntimeException: UNAVAILABLE: io exception
2022-10-18 03:54:56,419 [grpc-default-executor-0] INFO  leader.FollowerInfo (FollowerInfoImpl.java:lambda$new$0(48)) - omNode-1@group-523986131536->omNode-3: nextIndex: updateUnconditionally 127 -> 45
2022-10-18 03:54:56,420 [grpc-default-executor-1] WARN  server.GrpcLogAppender (LogUtils.java:warn(122)) - omNode-1@group-523986131536->omNode-3-AppendLogResponseHandler: Failed appendEntries: org.apache.ratis.thirdparty.io.grpc.StatusRuntimeException: UNAVAILABLE: io exception
2022-10-18 03:54:56,420 [grpc-default-executor-1] INFO  leader.FollowerInfo (FollowerInfoImpl.java:lambda$new$0(48)) - omNode-1@group-523986131536->omNode-3: nextIndex: updateUnconditionally 127 -> 45
2022-10-18 03:54:56,431 [grpc-default-executor-2] WARN  server.GrpcLogAppender (LogUtils.java:warn(122)) - omNode-1@group-523986131536->omNode-3-AppendLogResponseHandler: Failed appendEntries: org.apache.ratis.thirdparty.io.grpc.StatusRuntimeException: UNAVAILABLE: io exception
2022-10-18 03:54:56,431 [grpc-default-executor-2] INFO  leader.FollowerInfo (FollowerInfoImpl.java:lambda$new$0(48)) - omNode-1@group-523986131536->omNode-3: nextIndex: updateUnconditionally 128 -> 45
2022-10-18 03:54:56,437 [grpc-default-executor-2] WARN  server.GrpcLogAppender (LogUtils.java:warn(122)) - omNode-1@group-523986131536->omNode-3-AppendLogResponseHandler: Failed appendEntries: org.apache.ratis.thirdparty.io.grpc.StatusRuntimeException: UNAVAILABLE: io exception
2022-10-18 03:54:56,438 [grpc-default-executor-2] INFO  leader.FollowerInfo (FollowerInfoImpl.java:lambda$new$0(48)) - omNode-1@group-523986131536->omNode-3: nextIndex: updateUnconditionally 128 -> 45
2022-10-18 03:54:56,440 [grpc-default-executor-1] WARN  server.GrpcLogAppender (LogUtils.java:warn(122)) - omNode-1@group-523986131536->omNode-3-AppendLogResponseHandler: Failed appendEntries: org.apache.ratis.thirdparty.io.grpc.StatusRuntimeException: UNAVAILABLE: io exception
2022-10-18 03:54:56,441 [grpc-default-executor-1] INFO  leader.FollowerInfo (FollowerInfoImpl.java:lambda$new$0(48)) - omNode-1@group-523986131536->omNode-3: nextIndex: updateUnconditionally 129 -> 45
2022-10-18 03:54:56,443 [grpc-default-executor-0] WARN  server.GrpcLogAppender (LogUtils.java:warn(122)) - omNode-1@group-523986131536->omNode-3-AppendLogResponseHandler: Failed appendEntries: org.apache.ratis.thirdparty.io.grpc.StatusRuntimeException: UNAVAILABLE: io exception
2022-10-18 03:54:56,443 [grpc-default-executor-0] INFO  leader.FollowerInfo (FollowerInfoImpl.java:lambda$new$0(48)) - omNode-1@group-523986131536->omNode-3: nextIndex: updateUnconditionally 129 -> 45
2022-10-18 03:54:56,444 [grpc-default-executor-1] WARN  server.GrpcLogAppender (LogUtils.java:warn(122)) - omNode-1@group-523986131536->omNode-3-AppendLogResponseHandler: Failed appendEntries: org.apache.ratis.thirdparty.io.grpc.StatusRuntimeException: UNAVAILABLE: io exception
2022-10-18 03:54:56,445 [grpc-default-executor-1] INFO  leader.FollowerInfo (FollowerInfoImpl.java:lambda$new$0(48)) - omNode-1@group-523986131536->omNode-3: nextIndex: updateUnconditionally 131 -> 45
2022-10-18 03:54:56,454 [grpc-default-executor-0] WARN  server.GrpcLogAppender (LogUtils.java:warn(122)) - omNode-1@group-523986131536->omNode-3-AppendLogResponseHandler: Failed appendEntries: org.apache.ratis.thirdparty.io.grpc.StatusRuntimeException: UNAVAILABLE: io exception
2022-10-18 03:54:56,455 [grpc-default-executor-0] INFO  leader.FollowerInfo (FollowerInfoImpl.java:lambda$new$0(48)) - omNode-1@group-523986131536->omNode-3: nextIndex: updateUnconditionally 131 -> 45
2022-10-18 03:54:56,456 [grpc-default-executor-0] WARN  server.GrpcLogAppender (LogUtils.java:warn(122)) - omNode-1@group-523986131536->omNode-3-AppendLogResponseHandler: Failed appendEntries: org.apache.ratis.thirdparty.io.grpc.StatusRuntimeException: UNAVAILABLE: io exception
2022-10-18 03:54:56,456 [grpc-default-executor-0] INFO  leader.FollowerInfo (FollowerInfoImpl.java:lambda$new$0(48)) - omNode-1@group-523986131536->omNode-3: nextIndex: updateUnconditionally 131 -> 45
2022-10-18 03:54:56,470 [grpc-default-executor-1] WARN  server.GrpcLogAppender (LogUtils.java:warn(122)) - omNode-1@group-523986131536->omNode-3-AppendLogResponseHandler: Failed appendEntries: org.apache.ratis.thirdparty.io.grpc.StatusRuntimeException: UNAVAILABLE: io exception
2022-10-18 03:54:56,471 [grpc-default-executor-1] INFO  leader.FollowerInfo (FollowerInfoImpl.java:lambda$new$0(48)) - omNode-1@group-523986131536->omNode-3: nextIndex: updateUnconditionally 132 -> 45
2022-10-18 03:54:56,472 [grpc-default-executor-0] WARN  server.GrpcLogAppender (LogUtils.java:warn(122)) - omNode-1@group-523986131536->omNode-3-AppendLogResponseHandler: Failed appendEntries: org.apache.ratis.thirdparty.io.grpc.StatusRuntimeException: UNAVAILABLE: io exception
2022-10-18 03:54:56,472 [grpc-default-executor-0] INFO  leader.FollowerInfo (FollowerInfoImpl.java:lambda$new$0(48)) - omNode-1@group-523986131536->omNode-3: nextIndex: updateUnconditionally 132 -> 45
2022-10-18 03:54:56,476 [grpc-default-executor-1] WARN  server.GrpcLogAppender (LogUtils.java:warn(122)) - omNode-1@group-523986131536->omNode-3-AppendLogResponseHandler: Failed appendEntries: org.apache.ratis.thirdparty.io.grpc.StatusRuntimeException: UNAVAILABLE: io exception
2022-10-18 03:54:56,476 [grpc-default-executor-1] INFO  leader.FollowerInfo (FollowerInfoImpl.java:lambda$new$0(48)) - omNode-1@group-523986131536->omNode-3: nextIndex: updateUnconditionally 133 -> 45
2022-10-18 03:54:56,481 [grpc-default-executor-1] WARN  server.GrpcLogAppender (LogUtils.java:warn(122)) - omNode-1@group-523986131536->omNode-3-AppendLogResponseHandler: Failed appendEntries: org.apache.ratis.thirdparty.io.grpc.StatusRuntimeException: UNAVAILABLE: io exception
2022-10-18 03:54:56,481 [grpc-default-executor-1] INFO  leader.FollowerInfo (FollowerInfoImpl.java:lambda$new$0(48)) - omNode-1@group-523986131536->omNode-3: nextIndex: updateUnconditionally 134 -> 45
2022-10-18 03:54:56,483 [grpc-default-executor-1] WARN  server.GrpcLogAppender (LogUtils.java:warn(122)) - omNode-1@group-523986131536->omNode-3-AppendLogResponseHandler: Failed appendEntries: org.apache.ratis.thirdparty.io.grpc.StatusRuntimeException: UNAVAILABLE: io exception
2022-10-18 03:54:56,484 [grpc-default-executor-1] INFO  leader.FollowerInfo (FollowerInfoImpl.java:lambda$new$0(48)) - omNode-1@group-523986131536->omNode-3: nextIndex: updateUnconditionally 134 -> 45
2022-10-18 03:54:56,485 [grpc-default-executor-1] WARN  server.GrpcLogAppender (LogUtils.java:warn(122)) - omNode-1@group-523986131536->omNode-3-AppendLogResponseHandler: Failed appendEntries: org.apache.ratis.thirdparty.io.grpc.StatusRuntimeException: UNAVAILABLE: io exception
2022-10-18 03:54:56,485 [grpc-default-executor-1] INFO  leader.FollowerInfo (FollowerInfoImpl.java:lambda$new$0(48)) - omNode-1@group-523986131536->omNode-3: nextIndex: updateUnconditionally 135 -> 45
2022-10-18 03:54:56,493 [grpc-default-executor-0] WARN  server.GrpcLogAppender (LogUtils.java:warn(122)) - omNode-1@group-523986131536->omNode-3-AppendLogResponseHandler: Failed appendEntries: org.apache.ratis.thirdparty.io.grpc.StatusRuntimeException: UNAVAILABLE: io exception
2022-10-18 03:54:56,493 [grpc-default-executor-0] INFO  leader.FollowerInfo (FollowerInfoImpl.java:lambda$new$0(48)) - omNode-1@group-523986131536->omNode-3: nextIndex: updateUnconditionally 135 -> 45
2022-10-18 03:54:56,495 [grpc-default-executor-0] WARN  server.GrpcLogAppender (LogUtils.java:warn(122)) - omNode-1@group-523986131536->omNode-3-AppendLogResponseHandler: Failed appendEntries: org.apache.ratis.thirdparty.io.grpc.StatusRuntimeException: UNAVAILABLE: io exception
2022-10-18 03:54:56,495 [grpc-default-executor-0] INFO  leader.FollowerInfo (FollowerInfoImpl.java:lambda$new$0(48)) - omNode-1@group-523986131536->omNode-3: nextIndex: updateUnconditionally 135 -> 45
2022-10-18 03:54:56,501 [grpc-default-executor-1] WARN  server.GrpcLogAppender (LogUtils.java:warn(122)) - omNode-1@group-523986131536->omNode-3-AppendLogResponseHandler: Failed appendEntries: org.apache.ratis.thirdparty.io.grpc.StatusRuntimeException: UNAVAILABLE: io exception
2022-10-18 03:54:56,501 [grpc-default-executor-1] INFO  leader.FollowerInfo (FollowerInfoImpl.java:lambda$new$0(48)) - omNode-1@group-523986131536->omNode-3: nextIndex: updateUnconditionally 136 -> 45
2022-10-18 03:54:56,503 [grpc-default-executor-1] WARN  server.GrpcLogAppender (LogUtils.java:warn(122)) - omNode-1@group-523986131536->omNode-3-AppendLogResponseHandler: Failed appendEntries: org.apache.ratis.thirdparty.io.grpc.StatusRuntimeException: UNAVAILABLE: io exception
2022-10-18 03:54:56,503 [grpc-default-executor-1] INFO  leader.FollowerInfo (FollowerInfoImpl.java:lambda$new$0(48)) - omNode-1@group-523986131536->omNode-3: nextIndex: updateUnconditionally 136 -> 45
2022-10-18 03:54:56,508 [grpc-default-executor-1] WARN  server.GrpcLogAppender (LogUtils.java:warn(122)) - omNode-1@group-523986131536->omNode-3-AppendLogResponseHandler: Failed appendEntries: org.apache.ratis.thirdparty.io.grpc.StatusRuntimeException: UNAVAILABLE: io exception
2022-10-18 03:54:56,509 [grpc-default-executor-1] INFO  leader.FollowerInfo (FollowerInfoImpl.java:lambda$new$0(48)) - omNode-1@group-523986131536->omNode-3: nextIndex: updateUnconditionally 137 -> 45
2022-10-18 03:54:56,512 [grpc-default-executor-1] WARN  server.GrpcLogAppender (LogUtils.java:warn(122)) - omNode-1@group-523986131536->omNode-3-AppendLogResponseHandler: Failed appendEntries: org.apache.ratis.thirdparty.io.grpc.StatusRuntimeException: UNAVAILABLE: io exception
2022-10-18 03:54:56,512 [grpc-default-executor-1] INFO  leader.FollowerInfo (FollowerInfoImpl.java:lambda$new$0(48)) - omNode-1@group-523986131536->omNode-3: nextIndex: updateUnconditionally 138 -> 45
2022-10-18 03:54:56,513 [grpc-default-executor-1] WARN  server.GrpcLogAppender (LogUtils.java:warn(122)) - omNode-1@group-523986131536->omNode-3-AppendLogResponseHandler: Failed appendEntries: org.apache.ratis.thirdparty.io.grpc.StatusRuntimeException: UNAVAILABLE: io exception
2022-10-18 03:54:56,513 [grpc-default-executor-1] INFO  leader.FollowerInfo (FollowerInfoImpl.java:lambda$new$0(48)) - omNode-1@group-523986131536->omNode-3: nextIndex: updateUnconditionally 138 -> 45
2022-10-18 03:54:56,518 [grpc-default-executor-1] WARN  server.GrpcLogAppender (LogUtils.java:warn(122)) - omNode-1@group-523986131536->omNode-3-AppendLogResponseHandler: Failed appendEntries: org.apache.ratis.thirdparty.io.grpc.StatusRuntimeException: UNAVAILABLE: io exception
2022-10-18 03:54:56,519 [grpc-default-executor-1] INFO  leader.FollowerInfo (FollowerInfoImpl.java:lambda$new$0(48)) - omNode-1@group-523986131536->omNode-3: nextIndex: updateUnconditionally 139 -> 45
2022-10-18 03:54:56,534 [grpc-default-executor-0] WARN  server.GrpcLogAppender (LogUtils.java:warn(122)) - omNode-1@group-523986131536->omNode-3-AppendLogResponseHandler: Failed appendEntries: org.apache.ratis.thirdparty.io.grpc.StatusRuntimeException: UNAVAILABLE: io exception
2022-10-18 03:54:56,534 [grpc-default-executor-0] INFO  leader.FollowerInfo (FollowerInfoImpl.java:lambda$new$0(48)) - omNode-1@group-523986131536->omNode-3: nextIndex: updateUnconditionally 139 -> 45
2022-10-18 03:54:56,536 [grpc-default-executor-1] WARN  server.GrpcLogAppender (LogUtils.java:warn(122)) - omNode-1@group-523986131536->omNode-3-AppendLogResponseHandler: Failed appendEntries: org.apache.ratis.thirdparty.io.grpc.StatusRuntimeException: UNAVAILABLE: io exception
2022-10-18 03:54:56,537 [grpc-default-executor-1] INFO  leader.FollowerInfo (FollowerInfoImpl.java:lambda$new$0(48)) - omNode-1@group-523986131536->omNode-3: nextIndex: updateUnconditionally 140 -> 45
2022-10-18 03:54:56,549 [grpc-default-executor-0] WARN  server.GrpcLogAppender (LogUtils.java:warn(122)) - omNode-1@group-523986131536->omNode-3-AppendLogResponseHandler: Failed appendEntries: org.apache.ratis.thirdparty.io.grpc.StatusRuntimeException: UNAVAILABLE: io exception
2022-10-18 03:54:56,550 [grpc-default-executor-0] INFO  leader.FollowerInfo (FollowerInfoImpl.java:lambda$new$0(48)) - omNode-1@group-523986131536->omNode-3: nextIndex: updateUnconditionally 140 -> 45
2022-10-18 03:54:56,552 [grpc-default-executor-1] WARN  server.GrpcLogAppender (LogUtils.java:warn(122)) - omNode-1@group-523986131536->omNode-3-AppendLogResponseHandler: Failed appendEntries: org.apache.ratis.thirdparty.io.grpc.StatusRuntimeException: UNAVAILABLE: io exception
2022-10-18 03:54:56,552 [grpc-default-executor-1] INFO  leader.FollowerInfo (FollowerInfoImpl.java:lambda$new$0(48)) - omNode-1@group-523986131536->omNode-3: nextIndex: updateUnconditionally 142 -> 45
2022-10-18 03:54:56,559 [grpc-default-executor-0] WARN  server.GrpcLogAppender (LogUtils.java:warn(122)) - omNode-1@group-523986131536->omNode-3-AppendLogResponseHandler: Failed appendEntries: org.apache.ratis.thirdparty.io.grpc.StatusRuntimeException: UNAVAILABLE: io exception
2022-10-18 03:54:56,560 [grpc-default-executor-0] INFO  leader.FollowerInfo (FollowerInfoImpl.java:lambda$new$0(48)) - omNode-1@group-523986131536->omNode-3: nextIndex: updateUnconditionally 142 -> 45
2022-10-18 03:54:56,572 [grpc-default-executor-0] WARN  server.GrpcLogAppender (LogUtils.java:warn(122)) - omNode-1@group-523986131536->omNode-3-AppendLogResponseHandler: Failed appendEntries: org.apache.ratis.thirdparty.io.grpc.StatusRuntimeException: UNAVAILABLE: io exception
2022-10-18 03:54:56,572 [grpc-default-executor-0] INFO  leader.FollowerInfo (FollowerInfoImpl.java:lambda$new$0(48)) - omNode-1@group-523986131536->omNode-3: nextIndex: updateUnconditionally 143 -> 45
2022-10-18 03:54:56,583 [grpc-default-executor-0] WARN  server.GrpcLogAppender (LogUtils.java:warn(122)) - omNode-1@group-523986131536->omNode-3-AppendLogResponseHandler: Failed appendEntries: org.apache.ratis.thirdparty.io.grpc.StatusRuntimeException: UNAVAILABLE: io exception
2022-10-18 03:54:56,583 [grpc-default-executor-0] INFO  leader.FollowerInfo (FollowerInfoImpl.java:lambda$new$0(48)) - omNode-1@group-523986131536->omNode-3: nextIndex: updateUnconditionally 143 -> 45
2022-10-18 03:54:56,602 [grpc-default-executor-1] WARN  server.GrpcLogAppender (LogUtils.java:warn(122)) - omNode-1@group-523986131536->omNode-3-AppendLogResponseHandler: Failed appendEntries: org.apache.ratis.thirdparty.io.grpc.StatusRuntimeException: UNAVAILABLE: io exception
2022-10-18 03:54:56,602 [grpc-default-executor-1] INFO  leader.FollowerInfo (FollowerInfoImpl.java:lambda$new$0(48)) - omNode-1@group-523986131536->omNode-3: nextIndex: updateUnconditionally 144 -> 45
2022-10-18 03:54:56,606 [grpc-default-executor-0] WARN  server.GrpcLogAppender (LogUtils.java:warn(122)) - omNode-1@group-523986131536->omNode-3-AppendLogResponseHandler: Failed appendEntries: org.apache.ratis.thirdparty.io.grpc.StatusRuntimeException: UNAVAILABLE: io exception
2022-10-18 03:54:56,607 [grpc-default-executor-0] INFO  leader.FollowerInfo (FollowerInfoImpl.java:lambda$new$0(48)) - omNode-1@group-523986131536->omNode-3: nextIndex: updateUnconditionally 144 -> 45
2022-10-18 03:54:56,612 [grpc-default-executor-1] WARN  server.GrpcLogAppender (LogUtils.java:warn(122)) - omNode-1@group-523986131536->omNode-3-AppendLogResponseHandler: Failed appendEntries: org.apache.ratis.thirdparty.io.grpc.StatusRuntimeException: UNAVAILABLE: io exception
2022-10-18 03:54:56,612 [grpc-default-executor-1] INFO  leader.FollowerInfo (FollowerInfoImpl.java:lambda$new$0(48)) - omNode-1@group-523986131536->omNode-3: nextIndex: updateUnconditionally 146 -> 45
2022-10-18 03:54:56,615 [grpc-default-executor-0] WARN  server.GrpcLogAppender (LogUtils.java:warn(122)) - omNode-1@group-523986131536->omNode-3-AppendLogResponseHandler: Failed appendEntries: org.apache.ratis.thirdparty.io.grpc.StatusRuntimeException: UNAVAILABLE: io exception
2022-10-18 03:54:56,615 [grpc-default-executor-0] INFO  leader.FollowerInfo (FollowerInfoImpl.java:lambda$new$0(48)) - omNode-1@group-523986131536->omNode-3: nextIndex: updateUnconditionally 146 -> 45
2022-10-18 03:54:56,621 [grpc-default-executor-0] WARN  server.GrpcLogAppender (LogUtils.java:warn(122)) - omNode-1@group-523986131536->omNode-3-AppendLogResponseHandler: Failed appendEntries: org.apache.ratis.thirdparty.io.grpc.StatusRuntimeException: UNAVAILABLE: io exception
2022-10-18 03:54:56,622 [grpc-default-executor-0] INFO  leader.FollowerInfo (FollowerInfoImpl.java:lambda$new$0(48)) - omNode-1@group-523986131536->omNode-3: nextIndex: updateUnconditionally 147 -> 45
2022-10-18 03:54:56,633 [grpc-default-executor-1] WARN  server.GrpcLogAppender (LogUtils.java:warn(122)) - omNode-1@group-523986131536->omNode-3-AppendLogResponseHandler: Failed appendEntries: org.apache.ratis.thirdparty.io.grpc.StatusRuntimeException: UNAVAILABLE: io exception
2022-10-18 03:54:56,633 [grpc-default-executor-1] INFO  leader.FollowerInfo (FollowerInfoImpl.java:lambda$new$0(48)) - omNode-1@group-523986131536->omNode-3: nextIndex: updateUnconditionally 147 -> 45
2022-10-18 03:54:56,634 [grpc-default-executor-2] WARN  server.GrpcLogAppender (LogUtils.java:warn(122)) - omNode-1@group-523986131536->omNode-3-AppendLogResponseHandler: Failed appendEntries: org.apache.ratis.thirdparty.io.grpc.StatusRuntimeException: UNAVAILABLE: io exception
2022-10-18 03:54:56,635 [grpc-default-executor-2] INFO  leader.FollowerInfo (FollowerInfoImpl.java:lambda$new$0(48)) - omNode-1@group-523986131536->omNode-3: nextIndex: updateUnconditionally 147 -> 45
2022-10-18 03:54:56,638 [grpc-default-executor-2] WARN  server.GrpcLogAppender (LogUtils.java:warn(122)) - omNode-1@group-523986131536->omNode-3-AppendLogResponseHandler: Failed appendEntries: org.apache.ratis.thirdparty.io.grpc.StatusRuntimeException: UNAVAILABLE: io exception
2022-10-18 03:54:56,638 [grpc-default-executor-2] INFO  leader.FollowerInfo (FollowerInfoImpl.java:lambda$new$0(48)) - omNode-1@group-523986131536->omNode-3: nextIndex: updateUnconditionally 148 -> 45
2022-10-18 03:54:56,641 [grpc-default-executor-2] WARN  server.GrpcLogAppender (LogUtils.java:warn(122)) - omNode-1@group-523986131536->omNode-3-AppendLogResponseHandler: Failed appendEntries: org.apache.ratis.thirdparty.io.grpc.StatusRuntimeException: UNAVAILABLE: io exception
2022-10-18 03:54:56,641 [grpc-default-executor-2] INFO  leader.FollowerInfo (FollowerInfoImpl.java:lambda$new$0(48)) - omNode-1@group-523986131536->omNode-3: nextIndex: updateUnconditionally 148 -> 45
2022-10-18 03:54:56,644 [grpc-default-executor-0] WARN  server.GrpcLogAppender (LogUtils.java:warn(122)) - omNode-1@group-523986131536->omNode-3-AppendLogResponseHandler: Failed appendEntries: org.apache.ratis.thirdparty.io.grpc.StatusRuntimeException: UNAVAILABLE: io exception
2022-10-18 03:54:56,645 [grpc-default-executor-0] INFO  leader.FollowerInfo (FollowerInfoImpl.java:lambda$new$0(48)) - omNode-1@group-523986131536->omNode-3: nextIndex: updateUnconditionally 149 -> 45
2022-10-18 03:54:56,648 [grpc-default-executor-0] WARN  server.GrpcLogAppender (LogUtils.java:warn(122)) - omNode-1@group-523986131536->omNode-3-AppendLogResponseHandler: Failed appendEntries: org.apache.ratis.thirdparty.io.grpc.StatusRuntimeException: UNAVAILABLE: io exception
2022-10-18 03:54:56,648 [grpc-default-executor-0] INFO  leader.FollowerInfo (FollowerInfoImpl.java:lambda$new$0(48)) - omNode-1@group-523986131536->omNode-3: nextIndex: updateUnconditionally 150 -> 45
2022-10-18 03:54:56,655 [grpc-default-executor-0] WARN  server.GrpcLogAppender (LogUtils.java:warn(122)) - omNode-1@group-523986131536->omNode-3-AppendLogResponseHandler: Failed appendEntries: org.apache.ratis.thirdparty.io.grpc.StatusRuntimeException: UNAVAILABLE: io exception
2022-10-18 03:54:56,656 [grpc-default-executor-0] INFO  leader.FollowerInfo (FollowerInfoImpl.java:lambda$new$0(48)) - omNode-1@group-523986131536->omNode-3: nextIndex: updateUnconditionally 150 -> 45
2022-10-18 03:54:56,661 [grpc-default-executor-0] WARN  server.GrpcLogAppender (LogUtils.java:warn(122)) - omNode-1@group-523986131536->omNode-3-AppendLogResponseHandler: Failed appendEntries: org.apache.ratis.thirdparty.io.grpc.StatusRuntimeException: UNAVAILABLE: io exception
2022-10-18 03:54:56,661 [grpc-default-executor-0] INFO  leader.FollowerInfo (FollowerInfoImpl.java:lambda$new$0(48)) - omNode-1@group-523986131536->omNode-3: nextIndex: updateUnconditionally 151 -> 45
2022-10-18 03:54:56,666 [omNode-1@group-523986131536-StateMachineUpdater] INFO  ratis.OzoneManagerStateMachine (OzoneManagerStateMachine.java:takeSnapshot(441)) - Current Snapshot Index (t:1, i:150)
2022-10-18 03:54:56,666 [omNode-1@group-523986131536-StateMachineUpdater] INFO  impl.StateMachineUpdater (StateMachineUpdater.java:takeSnapshot(287)) - omNode-1@group-523986131536-StateMachineUpdater: Took a snapshot at index 150
2022-10-18 03:54:56,666 [omNode-1@group-523986131536-StateMachineUpdater] INFO  impl.StateMachineUpdater (StateMachineUpdater.java:lambda$new$0(92)) - omNode-1@group-523986131536-StateMachineUpdater: snapshotIndex: updateIncreasingly 100 -> 150
2022-10-18 03:54:56,666 [omNode-1@group-523986131536-StateMachineUpdater] INFO  raftlog.RaftLog (RaftLogBase.java:purge(308)) - omNode-1@group-523986131536-SegmentedRaftLog: purge 150
2022-10-18 03:54:56,666 [omNode-1@group-523986131536-StateMachineUpdater] INFO  raftlog.RaftLog (RaftLogBase.java:lambda$new$0(53)) - omNode-1@group-523986131536-SegmentedRaftLog: snapshotIndex: updateIncreasingly 100 -> 150
2022-10-18 03:54:56,666 [omNode-1@group-523986131536-StateMachineUpdater] INFO  raftlog.RaftLog (RaftLogBase.java:lambda$new$0(53)) - omNode-1@group-523986131536-SegmentedRaftLog: purgeIndex: updateToMax old=100, new=150, updated? true
2022-10-18 03:54:56,666 [grpc-default-executor-0] WARN  server.GrpcLogAppender (LogUtils.java:warn(122)) - omNode-1@group-523986131536->omNode-3-AppendLogResponseHandler: Failed appendEntries: org.apache.ratis.thirdparty.io.grpc.StatusRuntimeException: UNAVAILABLE: io exception
2022-10-18 03:54:56,666 [grpc-default-executor-0] INFO  leader.FollowerInfo (FollowerInfoImpl.java:lambda$new$0(48)) - omNode-1@group-523986131536->omNode-3: nextIndex: updateUnconditionally 151 -> 45
2022-10-18 03:54:56,667 [grpc-default-executor-2] WARN  server.GrpcLogAppender (LogUtils.java:warn(122)) - omNode-1@group-523986131536->omNode-3-AppendLogResponseHandler: Failed appendEntries: org.apache.ratis.thirdparty.io.grpc.StatusRuntimeException: UNAVAILABLE: io exception
2022-10-18 03:54:56,668 [grpc-default-executor-2] INFO  leader.FollowerInfo (FollowerInfoImpl.java:lambda$new$0(48)) - omNode-1@group-523986131536->omNode-3: nextIndex: updateUnconditionally 151 -> 45
2022-10-18 03:54:56,674 [grpc-default-executor-2] WARN  server.GrpcLogAppender (LogUtils.java:warn(122)) - omNode-1@group-523986131536->omNode-3-AppendLogResponseHandler: Failed appendEntries: org.apache.ratis.thirdparty.io.grpc.StatusRuntimeException: UNAVAILABLE: io exception
2022-10-18 03:54:56,674 [grpc-default-executor-2] INFO  leader.FollowerInfo (FollowerInfoImpl.java:lambda$new$0(48)) - omNode-1@group-523986131536->omNode-3: nextIndex: updateUnconditionally 152 -> 45
2022-10-18 03:54:56,677 [grpc-default-executor-2] WARN  server.GrpcLogAppender (LogUtils.java:warn(122)) - omNode-1@group-523986131536->omNode-3-AppendLogResponseHandler: Failed appendEntries: org.apache.ratis.thirdparty.io.grpc.StatusRuntimeException: UNAVAILABLE: io exception
2022-10-18 03:54:56,677 [grpc-default-executor-2] INFO  leader.FollowerInfo (FollowerInfoImpl.java:lambda$new$0(48)) - omNode-1@group-523986131536->omNode-3: nextIndex: updateUnconditionally 152 -> 45
2022-10-18 03:54:56,681 [grpc-default-executor-0] WARN  server.GrpcLogAppender (LogUtils.java:warn(122)) - omNode-1@group-523986131536->omNode-3-AppendLogResponseHandler: Failed appendEntries: org.apache.ratis.thirdparty.io.grpc.StatusRuntimeException: UNAVAILABLE: io exception
2022-10-18 03:54:56,682 [grpc-default-executor-0] INFO  leader.FollowerInfo (FollowerInfoImpl.java:lambda$new$0(48)) - omNode-1@group-523986131536->omNode-3: nextIndex: updateUnconditionally 153 -> 45
2022-10-18 03:54:56,683 [grpc-default-executor-1] WARN  server.GrpcLogAppender (LogUtils.java:warn(122)) - omNode-1@group-523986131536->omNode-3-AppendLogResponseHandler: Failed appendEntries: org.apache.ratis.thirdparty.io.grpc.StatusRuntimeException: UNAVAILABLE: io exception
2022-10-18 03:54:56,683 [grpc-default-executor-1] INFO  leader.FollowerInfo (FollowerInfoImpl.java:lambda$new$0(48)) - omNode-1@group-523986131536->omNode-3: nextIndex: updateUnconditionally 154 -> 45
2022-10-18 03:54:56,693 [grpc-default-executor-0] WARN  server.GrpcLogAppender (LogUtils.java:warn(122)) - omNode-1@group-523986131536->omNode-3-AppendLogResponseHandler: Failed appendEntries: org.apache.ratis.thirdparty.io.grpc.StatusRuntimeException: UNAVAILABLE: io exception
2022-10-18 03:54:56,693 [grpc-default-executor-0] INFO  leader.FollowerInfo (FollowerInfoImpl.java:lambda$new$0(48)) - omNode-1@group-523986131536->omNode-3: nextIndex: updateUnconditionally 154 -> 45
2022-10-18 03:54:56,695 [grpc-default-executor-2] WARN  server.GrpcLogAppender (LogUtils.java:warn(122)) - omNode-1@group-523986131536->omNode-3-AppendLogResponseHandler: Failed appendEntries: org.apache.ratis.thirdparty.io.grpc.StatusRuntimeException: UNAVAILABLE: io exception
2022-10-18 03:54:56,695 [grpc-default-executor-2] INFO  leader.FollowerInfo (FollowerInfoImpl.java:lambda$new$0(48)) - omNode-1@group-523986131536->omNode-3: nextIndex: updateUnconditionally 154 -> 45
2022-10-18 03:54:56,698 [grpc-default-executor-1] WARN  server.GrpcLogAppender (LogUtils.java:warn(122)) - omNode-1@group-523986131536->omNode-3-AppendLogResponseHandler: Failed appendEntries: org.apache.ratis.thirdparty.io.grpc.StatusRuntimeException: UNAVAILABLE: io exception
2022-10-18 03:54:56,699 [grpc-default-executor-1] INFO  leader.FollowerInfo (FollowerInfoImpl.java:lambda$new$0(48)) - omNode-1@group-523986131536->omNode-3: nextIndex: updateUnconditionally 155 -> 45
2022-10-18 03:54:56,707 [omNode-2@group-523986131536-StateMachineUpdater] INFO  ratis.OzoneManagerStateMachine (OzoneManagerStateMachine.java:takeSnapshot(441)) - Current Snapshot Index (t:1, i:153)
2022-10-18 03:54:56,708 [omNode-2@group-523986131536-StateMachineUpdater] INFO  impl.StateMachineUpdater (StateMachineUpdater.java:takeSnapshot(287)) - omNode-2@group-523986131536-StateMachineUpdater: Took a snapshot at index 153
2022-10-18 03:54:56,708 [omNode-2@group-523986131536-StateMachineUpdater] INFO  impl.StateMachineUpdater (StateMachineUpdater.java:lambda$new$0(92)) - omNode-2@group-523986131536-StateMachineUpdater: snapshotIndex: updateIncreasingly 101 -> 153
2022-10-18 03:54:56,708 [omNode-2@group-523986131536-StateMachineUpdater] INFO  raftlog.RaftLog (RaftLogBase.java:purge(308)) - omNode-2@group-523986131536-SegmentedRaftLog: purge 153
2022-10-18 03:54:56,708 [omNode-2@group-523986131536-StateMachineUpdater] INFO  raftlog.RaftLog (RaftLogBase.java:lambda$new$0(53)) - omNode-2@group-523986131536-SegmentedRaftLog: snapshotIndex: updateIncreasingly 101 -> 153
2022-10-18 03:54:56,708 [omNode-2@group-523986131536-StateMachineUpdater] INFO  raftlog.RaftLog (RaftLogBase.java:lambda$new$0(53)) - omNode-2@group-523986131536-SegmentedRaftLog: purgeIndex: updateToMax old=101, new=153, updated? true
2022-10-18 03:54:56,711 [grpc-default-executor-2] WARN  server.GrpcLogAppender (LogUtils.java:warn(122)) - omNode-1@group-523986131536->omNode-3-AppendLogResponseHandler: Failed appendEntries: org.apache.ratis.thirdparty.io.grpc.StatusRuntimeException: UNAVAILABLE: io exception
2022-10-18 03:54:56,711 [grpc-default-executor-2] INFO  leader.FollowerInfo (FollowerInfoImpl.java:lambda$new$0(48)) - omNode-1@group-523986131536->omNode-3: nextIndex: updateUnconditionally 155 -> 45
2022-10-18 03:54:56,712 [grpc-default-executor-2] WARN  server.GrpcLogAppender (LogUtils.java:warn(122)) - omNode-1@group-523986131536->omNode-3-AppendLogResponseHandler: Failed appendEntries: org.apache.ratis.thirdparty.io.grpc.StatusRuntimeException: UNAVAILABLE: io exception
2022-10-18 03:54:56,713 [grpc-default-executor-2] INFO  leader.FollowerInfo (FollowerInfoImpl.java:lambda$new$0(48)) - omNode-1@group-523986131536->omNode-3: nextIndex: updateUnconditionally 155 -> 45
2022-10-18 03:54:56,716 [grpc-default-executor-1] WARN  server.GrpcLogAppender (LogUtils.java:warn(122)) - omNode-1@group-523986131536->omNode-3-AppendLogResponseHandler: Failed appendEntries: org.apache.ratis.thirdparty.io.grpc.StatusRuntimeException: UNAVAILABLE: io exception
2022-10-18 03:54:56,716 [grpc-default-executor-1] INFO  leader.FollowerInfo (FollowerInfoImpl.java:lambda$new$0(48)) - omNode-1@group-523986131536->omNode-3: nextIndex: updateUnconditionally 156 -> 45
2022-10-18 03:54:56,720 [grpc-default-executor-1] WARN  server.GrpcLogAppender (LogUtils.java:warn(122)) - omNode-1@group-523986131536->omNode-3-AppendLogResponseHandler: Failed appendEntries: org.apache.ratis.thirdparty.io.grpc.StatusRuntimeException: UNAVAILABLE: io exception
2022-10-18 03:54:56,720 [grpc-default-executor-1] INFO  leader.FollowerInfo (FollowerInfoImpl.java:lambda$new$0(48)) - omNode-1@group-523986131536->omNode-3: nextIndex: updateUnconditionally 156 -> 45
2022-10-18 03:54:56,721 [grpc-default-executor-2] WARN  server.GrpcLogAppender (LogUtils.java:warn(122)) - omNode-1@group-523986131536->omNode-3-AppendLogResponseHandler: Failed appendEntries: org.apache.ratis.thirdparty.io.grpc.StatusRuntimeException: UNAVAILABLE: io exception
2022-10-18 03:54:56,721 [grpc-default-executor-2] INFO  leader.FollowerInfo (FollowerInfoImpl.java:lambda$new$0(48)) - omNode-1@group-523986131536->omNode-3: nextIndex: updateUnconditionally 157 -> 45
2022-10-18 03:54:56,725 [grpc-default-executor-2] WARN  server.GrpcLogAppender (LogUtils.java:warn(122)) - omNode-1@group-523986131536->omNode-3-AppendLogResponseHandler: Failed appendEntries: org.apache.ratis.thirdparty.io.grpc.StatusRuntimeException: UNAVAILABLE: io exception
2022-10-18 03:54:56,726 [grpc-default-executor-2] INFO  leader.FollowerInfo (FollowerInfoImpl.java:lambda$new$0(48)) - omNode-1@group-523986131536->omNode-3: nextIndex: updateUnconditionally 158 -> 45
2022-10-18 03:54:56,729 [grpc-default-executor-2] WARN  server.GrpcLogAppender (LogUtils.java:warn(122)) - omNode-1@group-523986131536->omNode-3-AppendLogResponseHandler: Failed appendEntries: org.apache.ratis.thirdparty.io.grpc.StatusRuntimeException: UNAVAILABLE: io exception
2022-10-18 03:54:56,730 [grpc-default-executor-2] INFO  leader.FollowerInfo (FollowerInfoImpl.java:lambda$new$0(48)) - omNode-1@group-523986131536->omNode-3: nextIndex: updateUnconditionally 158 -> 45
2022-10-18 03:54:56,730 [grpc-default-executor-1] WARN  server.GrpcLogAppender (LogUtils.java:warn(122)) - omNode-1@group-523986131536->omNode-3-AppendLogResponseHandler: Failed appendEntries: org.apache.ratis.thirdparty.io.grpc.StatusRuntimeException: UNAVAILABLE: io exception
2022-10-18 03:54:56,731 [grpc-default-executor-1] INFO  leader.FollowerInfo (FollowerInfoImpl.java:lambda$new$0(48)) - omNode-1@group-523986131536->omNode-3: nextIndex: updateUnconditionally 158 -> 45
2022-10-18 03:54:56,735 [grpc-default-executor-1] WARN  server.GrpcLogAppender (LogUtils.java:warn(122)) - omNode-1@group-523986131536->omNode-3-AppendLogResponseHandler: Failed appendEntries: org.apache.ratis.thirdparty.io.grpc.StatusRuntimeException: UNAVAILABLE: io exception
2022-10-18 03:54:56,735 [grpc-default-executor-1] INFO  leader.FollowerInfo (FollowerInfoImpl.java:lambda$new$0(48)) - omNode-1@group-523986131536->omNode-3: nextIndex: updateUnconditionally 159 -> 45
2022-10-18 03:54:56,743 [grpc-default-executor-2] WARN  server.GrpcLogAppender (LogUtils.java:warn(122)) - omNode-1@group-523986131536->omNode-3-AppendLogResponseHandler: Failed appendEntries: org.apache.ratis.thirdparty.io.grpc.StatusRuntimeException: UNAVAILABLE: io exception
2022-10-18 03:54:56,744 [grpc-default-executor-2] INFO  leader.FollowerInfo (FollowerInfoImpl.java:lambda$new$0(48)) - omNode-1@group-523986131536->omNode-3: nextIndex: updateUnconditionally 159 -> 45
2022-10-18 03:54:56,744 [grpc-default-executor-0] WARN  server.GrpcLogAppender (LogUtils.java:warn(122)) - omNode-1@group-523986131536->omNode-3-AppendLogResponseHandler: Failed appendEntries: org.apache.ratis.thirdparty.io.grpc.StatusRuntimeException: UNAVAILABLE: io exception
2022-10-18 03:54:56,745 [grpc-default-executor-0] INFO  leader.FollowerInfo (FollowerInfoImpl.java:lambda$new$0(48)) - omNode-1@group-523986131536->omNode-3: nextIndex: updateUnconditionally 159 -> 45
2022-10-18 03:54:56,748 [grpc-default-executor-0] WARN  server.GrpcLogAppender (LogUtils.java:warn(122)) - omNode-1@group-523986131536->omNode-3-AppendLogResponseHandler: Failed appendEntries: org.apache.ratis.thirdparty.io.grpc.StatusRuntimeException: UNAVAILABLE: io exception
2022-10-18 03:54:56,748 [grpc-default-executor-0] INFO  leader.FollowerInfo (FollowerInfoImpl.java:lambda$new$0(48)) - omNode-1@group-523986131536->omNode-3: nextIndex: updateUnconditionally 160 -> 45
2022-10-18 03:54:56,750 [grpc-default-executor-1] WARN  server.GrpcLogAppender (LogUtils.java:warn(122)) - omNode-1@group-523986131536->omNode-3-AppendLogResponseHandler: Failed appendEntries: org.apache.ratis.thirdparty.io.grpc.StatusRuntimeException: UNAVAILABLE: io exception
2022-10-18 03:54:56,751 [grpc-default-executor-1] INFO  leader.FollowerInfo (FollowerInfoImpl.java:lambda$new$0(48)) - omNode-1@group-523986131536->omNode-3: nextIndex: updateUnconditionally 160 -> 45
2022-10-18 03:54:56,756 [grpc-default-executor-2] WARN  server.GrpcLogAppender (LogUtils.java:warn(122)) - omNode-1@group-523986131536->omNode-3-AppendLogResponseHandler: Failed appendEntries: org.apache.ratis.thirdparty.io.grpc.StatusRuntimeException: UNAVAILABLE: io exception
2022-10-18 03:54:56,756 [grpc-default-executor-2] INFO  leader.FollowerInfo (FollowerInfoImpl.java:lambda$new$0(48)) - omNode-1@group-523986131536->omNode-3: nextIndex: updateUnconditionally 161 -> 45
2022-10-18 03:54:56,762 [grpc-default-executor-2] WARN  server.GrpcLogAppender (LogUtils.java:warn(122)) - omNode-1@group-523986131536->omNode-3-AppendLogResponseHandler: Failed appendEntries: org.apache.ratis.thirdparty.io.grpc.StatusRuntimeException: UNAVAILABLE: io exception
2022-10-18 03:54:56,762 [grpc-default-executor-2] INFO  leader.FollowerInfo (FollowerInfoImpl.java:lambda$new$0(48)) - omNode-1@group-523986131536->omNode-3: nextIndex: updateUnconditionally 162 -> 45
2022-10-18 03:54:56,763 [grpc-default-executor-1] WARN  server.GrpcLogAppender (LogUtils.java:warn(122)) - omNode-1@group-523986131536->omNode-3-AppendLogResponseHandler: Failed appendEntries: org.apache.ratis.thirdparty.io.grpc.StatusRuntimeException: UNAVAILABLE: io exception
2022-10-18 03:54:56,763 [grpc-default-executor-1] INFO  leader.FollowerInfo (FollowerInfoImpl.java:lambda$new$0(48)) - omNode-1@group-523986131536->omNode-3: nextIndex: updateUnconditionally 162 -> 45
2022-10-18 03:54:56,768 [grpc-default-executor-1] WARN  server.GrpcLogAppender (LogUtils.java:warn(122)) - omNode-1@group-523986131536->omNode-3-AppendLogResponseHandler: Failed appendEntries: org.apache.ratis.thirdparty.io.grpc.StatusRuntimeException: UNAVAILABLE: io exception
2022-10-18 03:54:56,768 [grpc-default-executor-1] INFO  leader.FollowerInfo (FollowerInfoImpl.java:lambda$new$0(48)) - omNode-1@group-523986131536->omNode-3: nextIndex: updateUnconditionally 163 -> 45
2022-10-18 03:54:56,770 [grpc-default-executor-1] WARN  server.GrpcLogAppender (LogUtils.java:warn(122)) - omNode-1@group-523986131536->omNode-3-AppendLogResponseHandler: Failed appendEntries: org.apache.ratis.thirdparty.io.grpc.StatusRuntimeException: UNAVAILABLE: io exception
2022-10-18 03:54:56,771 [grpc-default-executor-1] INFO  leader.FollowerInfo (FollowerInfoImpl.java:lambda$new$0(48)) - omNode-1@group-523986131536->omNode-3: nextIndex: updateUnconditionally 163 -> 45
2022-10-18 03:54:56,777 [grpc-default-executor-1] WARN  server.GrpcLogAppender (LogUtils.java:warn(122)) - omNode-1@group-523986131536->omNode-3-AppendLogResponseHandler: Failed appendEntries: org.apache.ratis.thirdparty.io.grpc.StatusRuntimeException: UNAVAILABLE: io exception
2022-10-18 03:54:56,777 [grpc-default-executor-1] INFO  leader.FollowerInfo (FollowerInfoImpl.java:lambda$new$0(48)) - omNode-1@group-523986131536->omNode-3: nextIndex: updateUnconditionally 164 -> 45
2022-10-18 03:54:56,781 [grpc-default-executor-1] WARN  server.GrpcLogAppender (LogUtils.java:warn(122)) - omNode-1@group-523986131536->omNode-3-AppendLogResponseHandler: Failed appendEntries: org.apache.ratis.thirdparty.io.grpc.StatusRuntimeException: UNAVAILABLE: io exception
2022-10-18 03:54:56,781 [grpc-default-executor-1] INFO  leader.FollowerInfo (FollowerInfoImpl.java:lambda$new$0(48)) - omNode-1@group-523986131536->omNode-3: nextIndex: updateUnconditionally 164 -> 45
2022-10-18 03:54:56,782 [grpc-default-executor-2] WARN  server.GrpcLogAppender (LogUtils.java:warn(122)) - omNode-1@group-523986131536->omNode-3-AppendLogResponseHandler: Failed appendEntries: org.apache.ratis.thirdparty.io.grpc.StatusRuntimeException: UNAVAILABLE: io exception
2022-10-18 03:54:56,783 [grpc-default-executor-2] INFO  leader.FollowerInfo (FollowerInfoImpl.java:lambda$new$0(48)) - omNode-1@group-523986131536->omNode-3: nextIndex: updateUnconditionally 165 -> 45
2022-10-18 03:54:56,784 [grpc-default-executor-2] WARN  server.GrpcLogAppender (LogUtils.java:warn(122)) - omNode-1@group-523986131536->omNode-3-AppendLogResponseHandler: Failed appendEntries: org.apache.ratis.thirdparty.io.grpc.StatusRuntimeException: UNAVAILABLE: io exception
2022-10-18 03:54:56,784 [grpc-default-executor-2] INFO  leader.FollowerInfo (FollowerInfoImpl.java:lambda$new$0(48)) - omNode-1@group-523986131536->omNode-3: nextIndex: updateUnconditionally 166 -> 45
2022-10-18 03:54:56,787 [grpc-default-executor-1] WARN  server.GrpcLogAppender (LogUtils.java:warn(122)) - omNode-1@group-523986131536->omNode-3-AppendLogResponseHandler: Failed appendEntries: org.apache.ratis.thirdparty.io.grpc.StatusRuntimeException: UNAVAILABLE: io exception
2022-10-18 03:54:56,787 [grpc-default-executor-1] INFO  leader.FollowerInfo (FollowerInfoImpl.java:lambda$new$0(48)) - omNode-1@group-523986131536->omNode-3: nextIndex: updateUnconditionally 166 -> 45
2022-10-18 03:54:56,789 [grpc-default-executor-1] WARN  server.GrpcLogAppender (LogUtils.java:warn(122)) - omNode-1@group-523986131536->omNode-3-AppendLogResponseHandler: Failed appendEntries: org.apache.ratis.thirdparty.io.grpc.StatusRuntimeException: UNAVAILABLE: io exception
2022-10-18 03:54:56,790 [grpc-default-executor-1] INFO  leader.FollowerInfo (FollowerInfoImpl.java:lambda$new$0(48)) - omNode-1@group-523986131536->omNode-3: nextIndex: updateUnconditionally 167 -> 45
2022-10-18 03:54:56,795 [grpc-default-executor-1] WARN  server.GrpcLogAppender (LogUtils.java:warn(122)) - omNode-1@group-523986131536->omNode-3-AppendLogResponseHandler: Failed appendEntries: org.apache.ratis.thirdparty.io.grpc.StatusRuntimeException: UNAVAILABLE: io exception
2022-10-18 03:54:56,796 [grpc-default-executor-1] INFO  leader.FollowerInfo (FollowerInfoImpl.java:lambda$new$0(48)) - omNode-1@group-523986131536->omNode-3: nextIndex: updateUnconditionally 167 -> 45
2022-10-18 03:54:56,800 [grpc-default-executor-1] WARN  server.GrpcLogAppender (LogUtils.java:warn(122)) - omNode-1@group-523986131536->omNode-3-AppendLogResponseHandler: Failed appendEntries: org.apache.ratis.thirdparty.io.grpc.StatusRuntimeException: UNAVAILABLE: io exception
2022-10-18 03:54:56,800 [grpc-default-executor-1] INFO  leader.FollowerInfo (FollowerInfoImpl.java:lambda$new$0(48)) - omNode-1@group-523986131536->omNode-3: nextIndex: updateUnconditionally 168 -> 45
2022-10-18 03:54:56,804 [grpc-default-executor-1] WARN  server.GrpcLogAppender (LogUtils.java:warn(122)) - omNode-1@group-523986131536->omNode-3-AppendLogResponseHandler: Failed appendEntries: org.apache.ratis.thirdparty.io.grpc.StatusRuntimeException: UNAVAILABLE: io exception
2022-10-18 03:54:56,804 [grpc-default-executor-1] INFO  leader.FollowerInfo (FollowerInfoImpl.java:lambda$new$0(48)) - omNode-1@group-523986131536->omNode-3: nextIndex: updateUnconditionally 168 -> 45
2022-10-18 03:54:56,807 [grpc-default-executor-1] WARN  server.GrpcLogAppender (LogUtils.java:warn(122)) - omNode-1@group-523986131536->omNode-3-AppendLogResponseHandler: Failed appendEntries: org.apache.ratis.thirdparty.io.grpc.StatusRuntimeException: UNAVAILABLE: io exception
2022-10-18 03:54:56,807 [grpc-default-executor-1] INFO  leader.FollowerInfo (FollowerInfoImpl.java:lambda$new$0(48)) - omNode-1@group-523986131536->omNode-3: nextIndex: updateUnconditionally 169 -> 45
2022-10-18 03:54:56,809 [grpc-default-executor-2] WARN  server.GrpcLogAppender (LogUtils.java:warn(122)) - omNode-1@group-523986131536->omNode-3-AppendLogResponseHandler: Failed appendEntries: org.apache.ratis.thirdparty.io.grpc.StatusRuntimeException: UNAVAILABLE: io exception
2022-10-18 03:54:56,809 [grpc-default-executor-2] INFO  leader.FollowerInfo (FollowerInfoImpl.java:lambda$new$0(48)) - omNode-1@group-523986131536->omNode-3: nextIndex: updateUnconditionally 170 -> 45
2022-10-18 03:54:56,813 [grpc-default-executor-1] WARN  server.GrpcLogAppender (LogUtils.java:warn(122)) - omNode-1@group-523986131536->omNode-3-AppendLogResponseHandler: Failed appendEntries: org.apache.ratis.thirdparty.io.grpc.StatusRuntimeException: UNAVAILABLE: io exception
2022-10-18 03:54:56,813 [grpc-default-executor-1] INFO  leader.FollowerInfo (FollowerInfoImpl.java:lambda$new$0(48)) - omNode-1@group-523986131536->omNode-3: nextIndex: updateUnconditionally 170 -> 45
2022-10-18 03:54:56,815 [grpc-default-executor-2] WARN  server.GrpcLogAppender (LogUtils.java:warn(122)) - omNode-1@group-523986131536->omNode-3-AppendLogResponseHandler: Failed appendEntries: org.apache.ratis.thirdparty.io.grpc.StatusRuntimeException: UNAVAILABLE: io exception
2022-10-18 03:54:56,816 [grpc-default-executor-2] INFO  leader.FollowerInfo (FollowerInfoImpl.java:lambda$new$0(48)) - omNode-1@group-523986131536->omNode-3: nextIndex: updateUnconditionally 171 -> 45
2022-10-18 03:54:56,824 [grpc-default-executor-1] WARN  server.GrpcLogAppender (LogUtils.java:warn(122)) - omNode-1@group-523986131536->omNode-3-AppendLogResponseHandler: Failed appendEntries: org.apache.ratis.thirdparty.io.grpc.StatusRuntimeException: UNAVAILABLE: io exception
2022-10-18 03:54:56,824 [grpc-default-executor-1] INFO  leader.FollowerInfo (FollowerInfoImpl.java:lambda$new$0(48)) - omNode-1@group-523986131536->omNode-3: nextIndex: updateUnconditionally 171 -> 45
2022-10-18 03:54:56,825 [grpc-default-executor-0] WARN  server.GrpcLogAppender (LogUtils.java:warn(122)) - omNode-1@group-523986131536->omNode-3-AppendLogResponseHandler: Failed appendEntries: org.apache.ratis.thirdparty.io.grpc.StatusRuntimeException: UNAVAILABLE: io exception
2022-10-18 03:54:56,825 [grpc-default-executor-0] INFO  leader.FollowerInfo (FollowerInfoImpl.java:lambda$new$0(48)) - omNode-1@group-523986131536->omNode-3: nextIndex: updateUnconditionally 171 -> 45
2022-10-18 03:54:56,832 [grpc-default-executor-0] WARN  server.GrpcLogAppender (LogUtils.java:warn(122)) - omNode-1@group-523986131536->omNode-3-AppendLogResponseHandler: Failed appendEntries: org.apache.ratis.thirdparty.io.grpc.StatusRuntimeException: UNAVAILABLE: io exception
2022-10-18 03:54:56,832 [grpc-default-executor-0] INFO  leader.FollowerInfo (FollowerInfoImpl.java:lambda$new$0(48)) - omNode-1@group-523986131536->omNode-3: nextIndex: updateUnconditionally 172 -> 45
2022-10-18 03:54:56,840 [grpc-default-executor-0] WARN  server.GrpcLogAppender (LogUtils.java:warn(122)) - omNode-1@group-523986131536->omNode-3-AppendLogResponseHandler: Failed appendEntries: org.apache.ratis.thirdparty.io.grpc.StatusRuntimeException: UNAVAILABLE: io exception
2022-10-18 03:54:56,840 [grpc-default-executor-0] INFO  leader.FollowerInfo (FollowerInfoImpl.java:lambda$new$0(48)) - omNode-1@group-523986131536->omNode-3: nextIndex: updateUnconditionally 172 -> 45
2022-10-18 03:54:56,842 [grpc-default-executor-1] WARN  server.GrpcLogAppender (LogUtils.java:warn(122)) - omNode-1@group-523986131536->omNode-3-AppendLogResponseHandler: Failed appendEntries: org.apache.ratis.thirdparty.io.grpc.StatusRuntimeException: UNAVAILABLE: io exception
2022-10-18 03:54:56,842 [grpc-default-executor-1] INFO  leader.FollowerInfo (FollowerInfoImpl.java:lambda$new$0(48)) - omNode-1@group-523986131536->omNode-3: nextIndex: updateUnconditionally 174 -> 45
2022-10-18 03:54:56,845 [grpc-default-executor-1] WARN  server.GrpcLogAppender (LogUtils.java:warn(122)) - omNode-1@group-523986131536->omNode-3-AppendLogResponseHandler: Failed appendEntries: org.apache.ratis.thirdparty.io.grpc.StatusRuntimeException: UNAVAILABLE: io exception
2022-10-18 03:54:56,845 [grpc-default-executor-1] INFO  leader.FollowerInfo (FollowerInfoImpl.java:lambda$new$0(48)) - omNode-1@group-523986131536->omNode-3: nextIndex: updateUnconditionally 174 -> 45
2022-10-18 03:54:56,848 [grpc-default-executor-2] WARN  server.GrpcLogAppender (LogUtils.java:warn(122)) - omNode-1@group-523986131536->omNode-3-AppendLogResponseHandler: Failed appendEntries: org.apache.ratis.thirdparty.io.grpc.StatusRuntimeException: UNAVAILABLE: io exception
2022-10-18 03:54:56,849 [grpc-default-executor-2] INFO  leader.FollowerInfo (FollowerInfoImpl.java:lambda$new$0(48)) - omNode-1@group-523986131536->omNode-3: nextIndex: updateUnconditionally 175 -> 45
2022-10-18 03:54:56,852 [grpc-default-executor-2] WARN  server.GrpcLogAppender (LogUtils.java:warn(122)) - omNode-1@group-523986131536->omNode-3-AppendLogResponseHandler: Failed appendEntries: org.apache.ratis.thirdparty.io.grpc.StatusRuntimeException: UNAVAILABLE: io exception
2022-10-18 03:54:56,852 [grpc-default-executor-2] INFO  leader.FollowerInfo (FollowerInfoImpl.java:lambda$new$0(48)) - omNode-1@group-523986131536->omNode-3: nextIndex: updateUnconditionally 175 -> 45
2022-10-18 03:54:56,853 [grpc-default-executor-1] WARN  server.GrpcLogAppender (LogUtils.java:warn(122)) - omNode-1@group-523986131536->omNode-3-AppendLogResponseHandler: Failed appendEntries: org.apache.ratis.thirdparty.io.grpc.StatusRuntimeException: UNAVAILABLE: io exception
2022-10-18 03:54:56,854 [grpc-default-executor-1] INFO  leader.FollowerInfo (FollowerInfoImpl.java:lambda$new$0(48)) - omNode-1@group-523986131536->omNode-3: nextIndex: updateUnconditionally 175 -> 45
2022-10-18 03:54:56,861 [grpc-default-executor-2] WARN  server.GrpcLogAppender (LogUtils.java:warn(122)) - omNode-1@group-523986131536->omNode-3-AppendLogResponseHandler: Failed appendEntries: org.apache.ratis.thirdparty.io.grpc.StatusRuntimeException: UNAVAILABLE: io exception
2022-10-18 03:54:56,861 [grpc-default-executor-2] INFO  leader.FollowerInfo (FollowerInfoImpl.java:lambda$new$0(48)) - omNode-1@group-523986131536->omNode-3: nextIndex: updateUnconditionally 176 -> 45
2022-10-18 03:54:56,863 [grpc-default-executor-1] WARN  server.GrpcLogAppender (LogUtils.java:warn(122)) - omNode-1@group-523986131536->omNode-3-AppendLogResponseHandler: Failed appendEntries: org.apache.ratis.thirdparty.io.grpc.StatusRuntimeException: UNAVAILABLE: io exception
2022-10-18 03:54:56,863 [grpc-default-executor-1] INFO  leader.FollowerInfo (FollowerInfoImpl.java:lambda$new$0(48)) - omNode-1@group-523986131536->omNode-3: nextIndex: updateUnconditionally 176 -> 45
2022-10-18 03:54:56,867 [grpc-default-executor-2] WARN  server.GrpcLogAppender (LogUtils.java:warn(122)) - omNode-1@group-523986131536->omNode-3-AppendLogResponseHandler: Failed appendEntries: org.apache.ratis.thirdparty.io.grpc.StatusRuntimeException: UNAVAILABLE: io exception
2022-10-18 03:54:56,867 [grpc-default-executor-2] INFO  leader.FollowerInfo (FollowerInfoImpl.java:lambda$new$0(48)) - omNode-1@group-523986131536->omNode-3: nextIndex: updateUnconditionally 177 -> 45
2022-10-18 03:54:56,870 [grpc-default-executor-2] WARN  server.GrpcLogAppender (LogUtils.java:warn(122)) - omNode-1@group-523986131536->omNode-3-AppendLogResponseHandler: Failed appendEntries: org.apache.ratis.thirdparty.io.grpc.StatusRuntimeException: UNAVAILABLE: io exception
2022-10-18 03:54:56,870 [grpc-default-executor-2] INFO  leader.FollowerInfo (FollowerInfoImpl.java:lambda$new$0(48)) - omNode-1@group-523986131536->omNode-3: nextIndex: updateUnconditionally 178 -> 45
2022-10-18 03:54:56,879 [grpc-default-executor-2] WARN  server.GrpcLogAppender (LogUtils.java:warn(122)) - omNode-1@group-523986131536->omNode-3-AppendLogResponseHandler: Failed appendEntries: org.apache.ratis.thirdparty.io.grpc.StatusRuntimeException: UNAVAILABLE: io exception
2022-10-18 03:54:56,879 [grpc-default-executor-2] INFO  leader.FollowerInfo (FollowerInfoImpl.java:lambda$new$0(48)) - omNode-1@group-523986131536->omNode-3: nextIndex: updateUnconditionally 178 -> 45
2022-10-18 03:54:56,880 [grpc-default-executor-2] WARN  server.GrpcLogAppender (LogUtils.java:warn(122)) - omNode-1@group-523986131536->omNode-3-AppendLogResponseHandler: Failed appendEntries: org.apache.ratis.thirdparty.io.grpc.StatusRuntimeException: UNAVAILABLE: io exception
2022-10-18 03:54:56,880 [grpc-default-executor-2] INFO  leader.FollowerInfo (FollowerInfoImpl.java:lambda$new$0(48)) - omNode-1@group-523986131536->omNode-3: nextIndex: updateUnconditionally 178 -> 45
2022-10-18 03:54:56,886 [grpc-default-executor-2] WARN  server.GrpcLogAppender (LogUtils.java:warn(122)) - omNode-1@group-523986131536->omNode-3-AppendLogResponseHandler: Failed appendEntries: org.apache.ratis.thirdparty.io.grpc.StatusRuntimeException: UNAVAILABLE: io exception
2022-10-18 03:54:56,886 [grpc-default-executor-2] INFO  leader.FollowerInfo (FollowerInfoImpl.java:lambda$new$0(48)) - omNode-1@group-523986131536->omNode-3: nextIndex: updateUnconditionally 179 -> 45
2022-10-18 03:54:56,893 [grpc-default-executor-2] WARN  server.GrpcLogAppender (LogUtils.java:warn(122)) - omNode-1@group-523986131536->omNode-3-AppendLogResponseHandler: Failed appendEntries: org.apache.ratis.thirdparty.io.grpc.StatusRuntimeException: UNAVAILABLE: io exception
2022-10-18 03:54:56,893 [grpc-default-executor-2] INFO  leader.FollowerInfo (FollowerInfoImpl.java:lambda$new$0(48)) - omNode-1@group-523986131536->omNode-3: nextIndex: updateUnconditionally 179 -> 45
2022-10-18 03:54:56,898 [grpc-default-executor-2] WARN  server.GrpcLogAppender (LogUtils.java:warn(122)) - omNode-1@group-523986131536->omNode-3-AppendLogResponseHandler: Failed appendEntries: org.apache.ratis.thirdparty.io.grpc.StatusRuntimeException: UNAVAILABLE: io exception
2022-10-18 03:54:56,898 [grpc-default-executor-2] INFO  leader.FollowerInfo (FollowerInfoImpl.java:lambda$new$0(48)) - omNode-1@group-523986131536->omNode-3: nextIndex: updateUnconditionally 180 -> 45
2022-10-18 03:54:56,900 [grpc-default-executor-2] WARN  server.GrpcLogAppender (LogUtils.java:warn(122)) - omNode-1@group-523986131536->omNode-3-AppendLogResponseHandler: Failed appendEntries: org.apache.ratis.thirdparty.io.grpc.StatusRuntimeException: UNAVAILABLE: io exception
2022-10-18 03:54:56,901 [grpc-default-executor-2] INFO  leader.FollowerInfo (FollowerInfoImpl.java:lambda$new$0(48)) - omNode-1@group-523986131536->omNode-3: nextIndex: updateUnconditionally 180 -> 45
2022-10-18 03:54:56,906 [grpc-default-executor-0] WARN  server.GrpcLogAppender (LogUtils.java:warn(122)) - omNode-1@group-523986131536->omNode-3-AppendLogResponseHandler: Failed appendEntries: org.apache.ratis.thirdparty.io.grpc.StatusRuntimeException: UNAVAILABLE: io exception
2022-10-18 03:54:56,906 [grpc-default-executor-0] INFO  leader.FollowerInfo (FollowerInfoImpl.java:lambda$new$0(48)) - omNode-1@group-523986131536->omNode-3: nextIndex: updateUnconditionally 181 -> 45
2022-10-18 03:54:56,907 [grpc-default-executor-2] WARN  server.GrpcLogAppender (LogUtils.java:warn(122)) - omNode-1@group-523986131536->omNode-3-AppendLogResponseHandler: Failed appendEntries: org.apache.ratis.thirdparty.io.grpc.StatusRuntimeException: UNAVAILABLE: io exception
2022-10-18 03:54:56,908 [grpc-default-executor-2] INFO  leader.FollowerInfo (FollowerInfoImpl.java:lambda$new$0(48)) - omNode-1@group-523986131536->omNode-3: nextIndex: updateUnconditionally 182 -> 45
2022-10-18 03:54:56,913 [grpc-default-executor-2] WARN  server.GrpcLogAppender (LogUtils.java:warn(122)) - omNode-1@group-523986131536->omNode-3-AppendLogResponseHandler: Failed appendEntries: org.apache.ratis.thirdparty.io.grpc.StatusRuntimeException: UNAVAILABLE: io exception
2022-10-18 03:54:56,913 [grpc-default-executor-2] INFO  leader.FollowerInfo (FollowerInfoImpl.java:lambda$new$0(48)) - omNode-1@group-523986131536->omNode-3: nextIndex: updateUnconditionally 182 -> 45
2022-10-18 03:54:56,918 [grpc-default-executor-0] WARN  server.GrpcLogAppender (LogUtils.java:warn(122)) - omNode-1@group-523986131536->omNode-3-AppendLogResponseHandler: Failed appendEntries: org.apache.ratis.thirdparty.io.grpc.StatusRuntimeException: UNAVAILABLE: io exception
2022-10-18 03:54:56,918 [grpc-default-executor-0] INFO  leader.FollowerInfo (FollowerInfoImpl.java:lambda$new$0(48)) - omNode-1@group-523986131536->omNode-3: nextIndex: updateUnconditionally 183 -> 45
2022-10-18 03:54:56,922 [grpc-default-executor-2] WARN  server.GrpcLogAppender (LogUtils.java:warn(122)) - omNode-1@group-523986131536->omNode-3-AppendLogResponseHandler: Failed appendEntries: org.apache.ratis.thirdparty.io.grpc.StatusRuntimeException: UNAVAILABLE: io exception
2022-10-18 03:54:56,922 [grpc-default-executor-2] INFO  leader.FollowerInfo (FollowerInfoImpl.java:lambda$new$0(48)) - omNode-1@group-523986131536->omNode-3: nextIndex: updateUnconditionally 183 -> 45
2022-10-18 03:54:56,925 [grpc-default-executor-1] WARN  server.GrpcLogAppender (LogUtils.java:warn(122)) - omNode-1@group-523986131536->omNode-3-AppendLogResponseHandler: Failed appendEntries: org.apache.ratis.thirdparty.io.grpc.StatusRuntimeException: UNAVAILABLE: io exception
2022-10-18 03:54:56,926 [grpc-default-executor-1] INFO  leader.FollowerInfo (FollowerInfoImpl.java:lambda$new$0(48)) - omNode-1@group-523986131536->omNode-3: nextIndex: updateUnconditionally 184 -> 45
2022-10-18 03:54:56,928 [grpc-default-executor-1] WARN  server.GrpcLogAppender (LogUtils.java:warn(122)) - omNode-1@group-523986131536->omNode-3-AppendLogResponseHandler: Failed appendEntries: org.apache.ratis.thirdparty.io.grpc.StatusRuntimeException: UNAVAILABLE: io exception
2022-10-18 03:54:56,928 [grpc-default-executor-1] INFO  leader.FollowerInfo (FollowerInfoImpl.java:lambda$new$0(48)) - omNode-1@group-523986131536->omNode-3: nextIndex: updateUnconditionally 184 -> 45
2022-10-18 03:54:56,933 [grpc-default-executor-1] WARN  server.GrpcLogAppender (LogUtils.java:warn(122)) - omNode-1@group-523986131536->omNode-3-AppendLogResponseHandler: Failed appendEntries: org.apache.ratis.thirdparty.io.grpc.StatusRuntimeException: UNAVAILABLE: io exception
2022-10-18 03:54:56,933 [grpc-default-executor-1] INFO  leader.FollowerInfo (FollowerInfoImpl.java:lambda$new$0(48)) - omNode-1@group-523986131536->omNode-3: nextIndex: updateUnconditionally 186 -> 45
2022-10-18 03:54:56,935 [grpc-default-executor-1] WARN  server.GrpcLogAppender (LogUtils.java:warn(122)) - omNode-1@group-523986131536->omNode-3-AppendLogResponseHandler: Failed appendEntries: org.apache.ratis.thirdparty.io.grpc.StatusRuntimeException: UNAVAILABLE: io exception
2022-10-18 03:54:56,935 [grpc-default-executor-1] INFO  leader.FollowerInfo (FollowerInfoImpl.java:lambda$new$0(48)) - omNode-1@group-523986131536->omNode-3: nextIndex: updateUnconditionally 186 -> 45
2022-10-18 03:54:56,939 [grpc-default-executor-1] WARN  server.GrpcLogAppender (LogUtils.java:warn(122)) - omNode-1@group-523986131536->omNode-3-AppendLogResponseHandler: Failed appendEntries: org.apache.ratis.thirdparty.io.grpc.StatusRuntimeException: UNAVAILABLE: io exception
2022-10-18 03:54:56,939 [grpc-default-executor-1] INFO  leader.FollowerInfo (FollowerInfoImpl.java:lambda$new$0(48)) - omNode-1@group-523986131536->omNode-3: nextIndex: updateUnconditionally 187 -> 45
2022-10-18 03:54:56,951 [grpc-default-executor-2] WARN  server.GrpcLogAppender (LogUtils.java:warn(122)) - omNode-1@group-523986131536->omNode-3-AppendLogResponseHandler: Failed appendEntries: org.apache.ratis.thirdparty.io.grpc.StatusRuntimeException: UNAVAILABLE: io exception
2022-10-18 03:54:56,952 [grpc-default-executor-2] INFO  leader.FollowerInfo (FollowerInfoImpl.java:lambda$new$0(48)) - omNode-1@group-523986131536->omNode-3: nextIndex: updateUnconditionally 187 -> 45
2022-10-18 03:54:56,954 [grpc-default-executor-1] WARN  server.GrpcLogAppender (LogUtils.java:warn(122)) - omNode-1@group-523986131536->omNode-3-AppendLogResponseHandler: Failed appendEntries: org.apache.ratis.thirdparty.io.grpc.StatusRuntimeException: UNAVAILABLE: io exception
2022-10-18 03:54:56,954 [grpc-default-executor-1] INFO  leader.FollowerInfo (FollowerInfoImpl.java:lambda$new$0(48)) - omNode-1@group-523986131536->omNode-3: nextIndex: updateUnconditionally 187 -> 45
2022-10-18 03:54:56,958 [grpc-default-executor-1] WARN  server.GrpcLogAppender (LogUtils.java:warn(122)) - omNode-1@group-523986131536->omNode-3-AppendLogResponseHandler: Failed appendEntries: org.apache.ratis.thirdparty.io.grpc.StatusRuntimeException: UNAVAILABLE: io exception
2022-10-18 03:54:56,959 [grpc-default-executor-1] INFO  leader.FollowerInfo (FollowerInfoImpl.java:lambda$new$0(48)) - omNode-1@group-523986131536->omNode-3: nextIndex: updateUnconditionally 188 -> 45
2022-10-18 03:54:56,970 [grpc-default-executor-1] WARN  server.GrpcLogAppender (LogUtils.java:warn(122)) - omNode-1@group-523986131536->omNode-3-AppendLogResponseHandler: Failed appendEntries: org.apache.ratis.thirdparty.io.grpc.StatusRuntimeException: UNAVAILABLE: io exception
2022-10-18 03:54:56,970 [grpc-default-executor-1] INFO  leader.FollowerInfo (FollowerInfoImpl.java:lambda$new$0(48)) - omNode-1@group-523986131536->omNode-3: nextIndex: updateUnconditionally 190 -> 45
2022-10-18 03:54:56,977 [grpc-default-executor-1] WARN  server.GrpcLogAppender (LogUtils.java:warn(122)) - omNode-1@group-523986131536->omNode-3-AppendLogResponseHandler: Failed appendEntries: org.apache.ratis.thirdparty.io.grpc.StatusRuntimeException: UNAVAILABLE: io exception
2022-10-18 03:54:56,978 [grpc-default-executor-1] INFO  leader.FollowerInfo (FollowerInfoImpl.java:lambda$new$0(48)) - omNode-1@group-523986131536->omNode-3: nextIndex: updateUnconditionally 191 -> 45
2022-10-18 03:54:56,993 [grpc-default-executor-0] WARN  server.GrpcLogAppender (LogUtils.java:warn(122)) - omNode-1@group-523986131536->omNode-3-AppendLogResponseHandler: Failed appendEntries: org.apache.ratis.thirdparty.io.grpc.StatusRuntimeException: UNAVAILABLE: io exception
2022-10-18 03:54:56,993 [grpc-default-executor-0] INFO  leader.FollowerInfo (FollowerInfoImpl.java:lambda$new$0(48)) - omNode-1@group-523986131536->omNode-3: nextIndex: updateUnconditionally 191 -> 45
2022-10-18 03:54:56,997 [grpc-default-executor-1] WARN  server.GrpcLogAppender (LogUtils.java:warn(122)) - omNode-1@group-523986131536->omNode-3-AppendLogResponseHandler: Failed appendEntries: org.apache.ratis.thirdparty.io.grpc.StatusRuntimeException: UNAVAILABLE: io exception
2022-10-18 03:54:56,997 [grpc-default-executor-1] INFO  leader.FollowerInfo (FollowerInfoImpl.java:lambda$new$0(48)) - omNode-1@group-523986131536->omNode-3: nextIndex: updateUnconditionally 192 -> 45
2022-10-18 03:54:56,998 [grpc-default-executor-0] WARN  server.GrpcLogAppender (LogUtils.java:warn(122)) - omNode-1@group-523986131536->omNode-3-AppendLogResponseHandler: Failed appendEntries: org.apache.ratis.thirdparty.io.grpc.StatusRuntimeException: UNAVAILABLE: io exception
2022-10-18 03:54:56,999 [grpc-default-executor-0] INFO  leader.FollowerInfo (FollowerInfoImpl.java:lambda$new$0(48)) - omNode-1@group-523986131536->omNode-3: nextIndex: updateUnconditionally 192 -> 45
2022-10-18 03:54:57,003 [grpc-default-executor-1] WARN  server.GrpcLogAppender (LogUtils.java:warn(122)) - omNode-1@group-523986131536->omNode-3-AppendLogResponseHandler: Failed appendEntries: org.apache.ratis.thirdparty.io.grpc.StatusRuntimeException: UNAVAILABLE: io exception
2022-10-18 03:54:57,003 [grpc-default-executor-1] INFO  leader.FollowerInfo (FollowerInfoImpl.java:lambda$new$0(48)) - omNode-1@group-523986131536->omNode-3: nextIndex: updateUnconditionally 193 -> 45
2022-10-18 03:54:57,006 [grpc-default-executor-1] WARN  server.GrpcLogAppender (LogUtils.java:warn(122)) - omNode-1@group-523986131536->omNode-3-AppendLogResponseHandler: Failed appendEntries: org.apache.ratis.thirdparty.io.grpc.StatusRuntimeException: UNAVAILABLE: io exception
2022-10-18 03:54:57,006 [grpc-default-executor-1] INFO  leader.FollowerInfo (FollowerInfoImpl.java:lambda$new$0(48)) - omNode-1@group-523986131536->omNode-3: nextIndex: updateUnconditionally 194 -> 45
2022-10-18 03:54:57,008 [grpc-default-executor-1] WARN  server.GrpcLogAppender (LogUtils.java:warn(122)) - omNode-1@group-523986131536->omNode-3-AppendLogResponseHandler: Failed appendEntries: org.apache.ratis.thirdparty.io.grpc.StatusRuntimeException: UNAVAILABLE: io exception
2022-10-18 03:54:57,008 [grpc-default-executor-1] INFO  leader.FollowerInfo (FollowerInfoImpl.java:lambda$new$0(48)) - omNode-1@group-523986131536->omNode-3: nextIndex: updateUnconditionally 194 -> 45
2022-10-18 03:54:57,010 [grpc-default-executor-0] WARN  server.GrpcLogAppender (LogUtils.java:warn(122)) - omNode-1@group-523986131536->omNode-3-AppendLogResponseHandler: Failed appendEntries: org.apache.ratis.thirdparty.io.grpc.StatusRuntimeException: UNAVAILABLE: io exception
2022-10-18 03:54:57,011 [grpc-default-executor-0] INFO  leader.FollowerInfo (FollowerInfoImpl.java:lambda$new$0(48)) - omNode-1@group-523986131536->omNode-3: nextIndex: updateUnconditionally 195 -> 45
2022-10-18 03:54:57,022 [grpc-default-executor-1] WARN  server.GrpcLogAppender (LogUtils.java:warn(122)) - omNode-1@group-523986131536->omNode-3-AppendLogResponseHandler: Failed appendEntries: org.apache.ratis.thirdparty.io.grpc.StatusRuntimeException: UNAVAILABLE: io exception
2022-10-18 03:54:57,022 [grpc-default-executor-1] INFO  leader.FollowerInfo (FollowerInfoImpl.java:lambda$new$0(48)) - omNode-1@group-523986131536->omNode-3: nextIndex: updateUnconditionally 196 -> 45
2022-10-18 03:54:57,023 [grpc-default-executor-1] WARN  server.GrpcLogAppender (LogUtils.java:warn(122)) - omNode-1@group-523986131536->omNode-3-AppendLogResponseHandler: Failed appendEntries: org.apache.ratis.thirdparty.io.grpc.StatusRuntimeException: UNAVAILABLE: io exception
2022-10-18 03:54:57,023 [grpc-default-executor-1] INFO  leader.FollowerInfo (FollowerInfoImpl.java:lambda$new$0(48)) - omNode-1@group-523986131536->omNode-3: nextIndex: updateUnconditionally 196 -> 45
2022-10-18 03:54:57,025 [grpc-default-executor-1] WARN  server.GrpcLogAppender (LogUtils.java:warn(122)) - omNode-1@group-523986131536->omNode-3-AppendLogResponseHandler: Failed appendEntries: org.apache.ratis.thirdparty.io.grpc.StatusRuntimeException: UNAVAILABLE: io exception
2022-10-18 03:54:57,025 [grpc-default-executor-1] INFO  leader.FollowerInfo (FollowerInfoImpl.java:lambda$new$0(48)) - omNode-1@group-523986131536->omNode-3: nextIndex: updateUnconditionally 197 -> 45
2022-10-18 03:54:57,030 [grpc-default-executor-1] WARN  server.GrpcLogAppender (LogUtils.java:warn(122)) - omNode-1@group-523986131536->omNode-3-AppendLogResponseHandler: Failed appendEntries: org.apache.ratis.thirdparty.io.grpc.StatusRuntimeException: UNAVAILABLE: io exception
2022-10-18 03:54:57,030 [grpc-default-executor-1] INFO  leader.FollowerInfo (FollowerInfoImpl.java:lambda$new$0(48)) - omNode-1@group-523986131536->omNode-3: nextIndex: updateUnconditionally 198 -> 45
2022-10-18 03:54:57,038 [grpc-default-executor-0] WARN  server.GrpcLogAppender (LogUtils.java:warn(122)) - omNode-1@group-523986131536->omNode-3-AppendLogResponseHandler: Failed appendEntries: org.apache.ratis.thirdparty.io.grpc.StatusRuntimeException: UNAVAILABLE: io exception
2022-10-18 03:54:57,038 [grpc-default-executor-0] INFO  leader.FollowerInfo (FollowerInfoImpl.java:lambda$new$0(48)) - omNode-1@group-523986131536->omNode-3: nextIndex: updateUnconditionally 198 -> 45
2022-10-18 03:54:57,045 [grpc-default-executor-1] WARN  server.GrpcLogAppender (LogUtils.java:warn(122)) - omNode-1@group-523986131536->omNode-3-AppendLogResponseHandler: Failed appendEntries: org.apache.ratis.thirdparty.io.grpc.StatusRuntimeException: UNAVAILABLE: io exception
2022-10-18 03:54:57,046 [grpc-default-executor-1] INFO  leader.FollowerInfo (FollowerInfoImpl.java:lambda$new$0(48)) - omNode-1@group-523986131536->omNode-3: nextIndex: updateUnconditionally 200 -> 45
2022-10-18 03:54:57,047 [grpc-default-executor-0] WARN  server.GrpcLogAppender (LogUtils.java:warn(122)) - omNode-1@group-523986131536->omNode-3-AppendLogResponseHandler: Failed appendEntries: org.apache.ratis.thirdparty.io.grpc.StatusRuntimeException: UNAVAILABLE: io exception
2022-10-18 03:54:57,047 [grpc-default-executor-0] INFO  leader.FollowerInfo (FollowerInfoImpl.java:lambda$new$0(48)) - omNode-1@group-523986131536->omNode-3: nextIndex: updateUnconditionally 200 -> 45
2022-10-18 03:54:57,052 [grpc-default-executor-0] WARN  server.GrpcLogAppender (LogUtils.java:warn(122)) - omNode-1@group-523986131536->omNode-3-AppendLogResponseHandler: Failed appendEntries: org.apache.ratis.thirdparty.io.grpc.StatusRuntimeException: UNAVAILABLE: io exception
2022-10-18 03:54:57,052 [grpc-default-executor-0] INFO  leader.FollowerInfo (FollowerInfoImpl.java:lambda$new$0(48)) - omNode-1@group-523986131536->omNode-3: nextIndex: updateUnconditionally 201 -> 45
2022-10-18 03:54:57,056 [grpc-default-executor-1] WARN  server.GrpcLogAppender (LogUtils.java:warn(122)) - omNode-1@group-523986131536->omNode-3-AppendLogResponseHandler: Failed appendEntries: org.apache.ratis.thirdparty.io.grpc.StatusRuntimeException: UNAVAILABLE: io exception
2022-10-18 03:54:57,057 [grpc-default-executor-1] INFO  leader.FollowerInfo (FollowerInfoImpl.java:lambda$new$0(48)) - omNode-1@group-523986131536->omNode-3: nextIndex: updateUnconditionally 202 -> 45
2022-10-18 03:54:57,059 [grpc-default-executor-0] WARN  server.GrpcLogAppender (LogUtils.java:warn(122)) - omNode-1@group-523986131536->omNode-3-AppendLogResponseHandler: Failed appendEntries: org.apache.ratis.thirdparty.io.grpc.StatusRuntimeException: UNAVAILABLE: io exception
2022-10-18 03:54:57,060 [omNode-1@group-523986131536-StateMachineUpdater] INFO  ratis.OzoneManagerStateMachine (OzoneManagerStateMachine.java:takeSnapshot(441)) - Current Snapshot Index (t:1, i:200)
2022-10-18 03:54:57,060 [grpc-default-executor-0] INFO  leader.FollowerInfo (FollowerInfoImpl.java:lambda$new$0(48)) - omNode-1@group-523986131536->omNode-3: nextIndex: updateUnconditionally 202 -> 45
2022-10-18 03:54:57,060 [omNode-1@group-523986131536-StateMachineUpdater] INFO  impl.StateMachineUpdater (StateMachineUpdater.java:takeSnapshot(287)) - omNode-1@group-523986131536-StateMachineUpdater: Took a snapshot at index 200
2022-10-18 03:54:57,060 [omNode-1@group-523986131536-StateMachineUpdater] INFO  impl.StateMachineUpdater (StateMachineUpdater.java:lambda$new$0(92)) - omNode-1@group-523986131536-StateMachineUpdater: snapshotIndex: updateIncreasingly 150 -> 200
2022-10-18 03:54:57,060 [omNode-1@group-523986131536-StateMachineUpdater] INFO  raftlog.RaftLog (RaftLogBase.java:purge(308)) - omNode-1@group-523986131536-SegmentedRaftLog: purge 200
2022-10-18 03:54:57,060 [omNode-1@group-523986131536-StateMachineUpdater] INFO  raftlog.RaftLog (RaftLogBase.java:lambda$new$0(53)) - omNode-1@group-523986131536-SegmentedRaftLog: snapshotIndex: updateIncreasingly 150 -> 200
2022-10-18 03:54:57,060 [omNode-1@group-523986131536-StateMachineUpdater] INFO  raftlog.RaftLog (RaftLogBase.java:lambda$new$0(53)) - omNode-1@group-523986131536-SegmentedRaftLog: purgeIndex: updateToMax old=150, new=200, updated? true
2022-10-18 03:54:57,061 [grpc-default-executor-0] WARN  server.GrpcLogAppender (LogUtils.java:warn(122)) - omNode-1@group-523986131536->omNode-3-AppendLogResponseHandler: Failed appendEntries: org.apache.ratis.thirdparty.io.grpc.StatusRuntimeException: UNAVAILABLE: io exception
2022-10-18 03:54:57,062 [grpc-default-executor-0] INFO  leader.FollowerInfo (FollowerInfoImpl.java:lambda$new$0(48)) - omNode-1@group-523986131536->omNode-3: nextIndex: updateUnconditionally 202 -> 45
2022-10-18 03:54:57,068 [grpc-default-executor-0] WARN  server.GrpcLogAppender (LogUtils.java:warn(122)) - omNode-1@group-523986131536->omNode-3-AppendLogResponseHandler: Failed appendEntries: org.apache.ratis.thirdparty.io.grpc.StatusRuntimeException: UNAVAILABLE: io exception
2022-10-18 03:54:57,069 [grpc-default-executor-0] INFO  leader.FollowerInfo (FollowerInfoImpl.java:lambda$new$0(48)) - omNode-1@group-523986131536->omNode-3: nextIndex: updateUnconditionally 203 -> 45
2022-10-18 03:54:57,078 [grpc-default-executor-1] WARN  server.GrpcLogAppender (LogUtils.java:warn(122)) - omNode-1@group-523986131536->omNode-3-AppendLogResponseHandler: Failed appendEntries: org.apache.ratis.thirdparty.io.grpc.StatusRuntimeException: UNAVAILABLE: io exception
2022-10-18 03:54:57,078 [grpc-default-executor-1] INFO  leader.FollowerInfo (FollowerInfoImpl.java:lambda$new$0(48)) - omNode-1@group-523986131536->omNode-3: nextIndex: updateUnconditionally 203 -> 45
2022-10-18 03:54:57,080 [grpc-default-executor-1] WARN  server.GrpcLogAppender (LogUtils.java:warn(122)) - omNode-1@group-523986131536->omNode-3-AppendLogResponseHandler: Failed appendEntries: org.apache.ratis.thirdparty.io.grpc.StatusRuntimeException: UNAVAILABLE: io exception
2022-10-18 03:54:57,080 [grpc-default-executor-1] INFO  leader.FollowerInfo (FollowerInfoImpl.java:lambda$new$0(48)) - omNode-1@group-523986131536->omNode-3: nextIndex: updateUnconditionally 204 -> 45
2022-10-18 03:54:57,082 [grpc-default-executor-1] WARN  server.GrpcLogAppender (LogUtils.java:warn(122)) - omNode-1@group-523986131536->omNode-3-AppendLogResponseHandler: Failed appendEntries: org.apache.ratis.thirdparty.io.grpc.StatusRuntimeException: UNAVAILABLE: io exception
2022-10-18 03:54:57,082 [grpc-default-executor-1] INFO  leader.FollowerInfo (FollowerInfoImpl.java:lambda$new$0(48)) - omNode-1@group-523986131536->omNode-3: nextIndex: updateUnconditionally 204 -> 45
2022-10-18 03:54:57,084 [grpc-default-executor-0] WARN  server.GrpcLogAppender (LogUtils.java:warn(122)) - omNode-1@group-523986131536->omNode-3-AppendLogResponseHandler: Failed appendEntries: org.apache.ratis.thirdparty.io.grpc.StatusRuntimeException: UNAVAILABLE: io exception
2022-10-18 03:54:57,084 [grpc-default-executor-0] INFO  leader.FollowerInfo (FollowerInfoImpl.java:lambda$new$0(48)) - omNode-1@group-523986131536->omNode-3: nextIndex: updateUnconditionally 205 -> 45
2022-10-18 03:54:57,086 [grpc-default-executor-1] WARN  server.GrpcLogAppender (LogUtils.java:warn(122)) - omNode-1@group-523986131536->omNode-3-AppendLogResponseHandler: Failed appendEntries: org.apache.ratis.thirdparty.io.grpc.StatusRuntimeException: UNAVAILABLE: io exception
2022-10-18 03:54:57,087 [grpc-default-executor-1] INFO  leader.FollowerInfo (FollowerInfoImpl.java:lambda$new$0(48)) - omNode-1@group-523986131536->omNode-3: nextIndex: updateUnconditionally 205 -> 45
2022-10-18 03:54:57,091 [grpc-default-executor-1] WARN  server.GrpcLogAppender (LogUtils.java:warn(122)) - omNode-1@group-523986131536->omNode-3-AppendLogResponseHandler: Failed appendEntries: org.apache.ratis.thirdparty.io.grpc.StatusRuntimeException: UNAVAILABLE: io exception
2022-10-18 03:54:57,091 [grpc-default-executor-1] INFO  leader.FollowerInfo (FollowerInfoImpl.java:lambda$new$0(48)) - omNode-1@group-523986131536->omNode-3: nextIndex: updateUnconditionally 206 -> 45
2022-10-18 03:54:57,097 [omNode-2@group-523986131536-StateMachineUpdater] INFO  ratis.OzoneManagerStateMachine (OzoneManagerStateMachine.java:takeSnapshot(441)) - Current Snapshot Index (t:1, i:204)
2022-10-18 03:54:57,098 [omNode-2@group-523986131536-StateMachineUpdater] INFO  impl.StateMachineUpdater (StateMachineUpdater.java:takeSnapshot(287)) - omNode-2@group-523986131536-StateMachineUpdater: Took a snapshot at index 204
2022-10-18 03:54:57,098 [omNode-2@group-523986131536-StateMachineUpdater] INFO  impl.StateMachineUpdater (StateMachineUpdater.java:lambda$new$0(92)) - omNode-2@group-523986131536-StateMachineUpdater: snapshotIndex: updateIncreasingly 153 -> 204
2022-10-18 03:54:57,098 [omNode-2@group-523986131536-StateMachineUpdater] INFO  raftlog.RaftLog (RaftLogBase.java:purge(308)) - omNode-2@group-523986131536-SegmentedRaftLog: purge 204
2022-10-18 03:54:57,098 [omNode-2@group-523986131536-StateMachineUpdater] INFO  raftlog.RaftLog (RaftLogBase.java:lambda$new$0(53)) - omNode-2@group-523986131536-SegmentedRaftLog: snapshotIndex: updateIncreasingly 153 -> 204
2022-10-18 03:54:57,098 [omNode-2@group-523986131536-StateMachineUpdater] INFO  raftlog.RaftLog (RaftLogBase.java:lambda$new$0(53)) - omNode-2@group-523986131536-SegmentedRaftLog: purgeIndex: updateToMax old=153, new=204, updated? true
2022-10-18 03:54:57,099 [grpc-default-executor-1] WARN  server.GrpcLogAppender (LogUtils.java:warn(122)) - omNode-1@group-523986131536->omNode-3-AppendLogResponseHandler: Failed appendEntries: org.apache.ratis.thirdparty.io.grpc.StatusRuntimeException: UNAVAILABLE: io exception
2022-10-18 03:54:57,099 [grpc-default-executor-1] INFO  leader.FollowerInfo (FollowerInfoImpl.java:lambda$new$0(48)) - omNode-1@group-523986131536->omNode-3: nextIndex: updateUnconditionally 207 -> 45
2022-10-18 03:54:57,102 [grpc-default-executor-0] WARN  server.GrpcLogAppender (LogUtils.java:warn(122)) - omNode-1@group-523986131536->omNode-3-AppendLogResponseHandler: Failed appendEntries: org.apache.ratis.thirdparty.io.grpc.StatusRuntimeException: UNAVAILABLE: io exception
2022-10-18 03:54:57,103 [grpc-default-executor-0] INFO  leader.FollowerInfo (FollowerInfoImpl.java:lambda$new$0(48)) - omNode-1@group-523986131536->omNode-3: nextIndex: updateUnconditionally 207 -> 45
2022-10-18 03:54:57,109 [grpc-default-executor-1] WARN  server.GrpcLogAppender (LogUtils.java:warn(122)) - omNode-1@group-523986131536->omNode-3-AppendLogResponseHandler: Failed appendEntries: org.apache.ratis.thirdparty.io.grpc.StatusRuntimeException: UNAVAILABLE: io exception
2022-10-18 03:54:57,109 [grpc-default-executor-1] INFO  leader.FollowerInfo (FollowerInfoImpl.java:lambda$new$0(48)) - omNode-1@group-523986131536->omNode-3: nextIndex: updateUnconditionally 208 -> 45
2022-10-18 03:54:57,112 [grpc-default-executor-1] WARN  server.GrpcLogAppender (LogUtils.java:warn(122)) - omNode-1@group-523986131536->omNode-3-AppendLogResponseHandler: Failed appendEntries: org.apache.ratis.thirdparty.io.grpc.StatusRuntimeException: UNAVAILABLE: io exception
2022-10-18 03:54:57,112 [grpc-default-executor-1] INFO  leader.FollowerInfo (FollowerInfoImpl.java:lambda$new$0(48)) - omNode-1@group-523986131536->omNode-3: nextIndex: updateUnconditionally 208 -> 45
2022-10-18 03:54:57,120 [grpc-default-executor-2] WARN  server.GrpcLogAppender (LogUtils.java:warn(122)) - omNode-1@group-523986131536->omNode-3-AppendLogResponseHandler: Failed appendEntries: org.apache.ratis.thirdparty.io.grpc.StatusRuntimeException: UNAVAILABLE: io exception
2022-10-18 03:54:57,121 [grpc-default-executor-2] INFO  leader.FollowerInfo (FollowerInfoImpl.java:lambda$new$0(48)) - omNode-1@group-523986131536->omNode-3: nextIndex: updateUnconditionally 209 -> 45
2022-10-18 03:54:57,127 [grpc-default-executor-0] WARN  server.GrpcLogAppender (LogUtils.java:warn(122)) - omNode-1@group-523986131536->omNode-3-AppendLogResponseHandler: Failed appendEntries: org.apache.ratis.thirdparty.io.grpc.StatusRuntimeException: UNAVAILABLE: io exception
2022-10-18 03:54:57,127 [grpc-default-executor-0] INFO  leader.FollowerInfo (FollowerInfoImpl.java:lambda$new$0(48)) - omNode-1@group-523986131536->omNode-3: nextIndex: updateUnconditionally 210 -> 45
2022-10-18 03:54:57,132 [grpc-default-executor-2] WARN  server.GrpcLogAppender (LogUtils.java:warn(122)) - omNode-1@group-523986131536->omNode-3-AppendLogResponseHandler: Failed appendEntries: org.apache.ratis.thirdparty.io.grpc.StatusRuntimeException: UNAVAILABLE: io exception
2022-10-18 03:54:57,132 [grpc-default-executor-2] INFO  leader.FollowerInfo (FollowerInfoImpl.java:lambda$new$0(48)) - omNode-1@group-523986131536->omNode-3: nextIndex: updateUnconditionally 211 -> 45
2022-10-18 03:54:57,133 [grpc-default-executor-2] WARN  server.GrpcLogAppender (LogUtils.java:warn(122)) - omNode-1@group-523986131536->omNode-3-AppendLogResponseHandler: Failed appendEntries: org.apache.ratis.thirdparty.io.grpc.StatusRuntimeException: UNAVAILABLE: io exception
2022-10-18 03:54:57,133 [grpc-default-executor-2] INFO  leader.FollowerInfo (FollowerInfoImpl.java:lambda$new$0(48)) - omNode-1@group-523986131536->omNode-3: nextIndex: updateUnconditionally 211 -> 45
2022-10-18 03:54:57,144 [grpc-default-executor-0] WARN  server.GrpcLogAppender (LogUtils.java:warn(122)) - omNode-1@group-523986131536->omNode-3-AppendLogResponseHandler: Failed appendEntries: org.apache.ratis.thirdparty.io.grpc.StatusRuntimeException: UNAVAILABLE: io exception
2022-10-18 03:54:57,144 [grpc-default-executor-0] INFO  leader.FollowerInfo (FollowerInfoImpl.java:lambda$new$0(48)) - omNode-1@group-523986131536->omNode-3: nextIndex: updateUnconditionally 212 -> 45
2022-10-18 03:54:57,146 [grpc-default-executor-2] WARN  server.GrpcLogAppender (LogUtils.java:warn(122)) - omNode-1@group-523986131536->omNode-3-AppendLogResponseHandler: Failed appendEntries: org.apache.ratis.thirdparty.io.grpc.StatusRuntimeException: UNAVAILABLE: io exception
2022-10-18 03:54:57,146 [grpc-default-executor-2] INFO  leader.FollowerInfo (FollowerInfoImpl.java:lambda$new$0(48)) - omNode-1@group-523986131536->omNode-3: nextIndex: updateUnconditionally 212 -> 45
2022-10-18 03:54:57,148 [grpc-default-executor-0] WARN  server.GrpcLogAppender (LogUtils.java:warn(122)) - omNode-1@group-523986131536->omNode-3-AppendLogResponseHandler: Failed appendEntries: org.apache.ratis.thirdparty.io.grpc.StatusRuntimeException: UNAVAILABLE: io exception
2022-10-18 03:54:57,148 [grpc-default-executor-0] INFO  leader.FollowerInfo (FollowerInfoImpl.java:lambda$new$0(48)) - omNode-1@group-523986131536->omNode-3: nextIndex: updateUnconditionally 213 -> 45
2022-10-18 03:54:57,151 [grpc-default-executor-0] WARN  server.GrpcLogAppender (LogUtils.java:warn(122)) - omNode-1@group-523986131536->omNode-3-AppendLogResponseHandler: Failed appendEntries: org.apache.ratis.thirdparty.io.grpc.StatusRuntimeException: UNAVAILABLE: io exception
2022-10-18 03:54:57,152 [grpc-default-executor-0] INFO  leader.FollowerInfo (FollowerInfoImpl.java:lambda$new$0(48)) - omNode-1@group-523986131536->omNode-3: nextIndex: updateUnconditionally 214 -> 45
2022-10-18 03:54:57,159 [grpc-default-executor-2] WARN  server.GrpcLogAppender (LogUtils.java:warn(122)) - omNode-1@group-523986131536->omNode-3-AppendLogResponseHandler: Failed appendEntries: org.apache.ratis.thirdparty.io.grpc.StatusRuntimeException: UNAVAILABLE: io exception
2022-10-18 03:54:57,160 [grpc-default-executor-2] INFO  leader.FollowerInfo (FollowerInfoImpl.java:lambda$new$0(48)) - omNode-1@group-523986131536->omNode-3: nextIndex: updateUnconditionally 214 -> 45
2022-10-18 03:54:57,161 [grpc-default-executor-2] WARN  server.GrpcLogAppender (LogUtils.java:warn(122)) - omNode-1@group-523986131536->omNode-3-AppendLogResponseHandler: Failed appendEntries: org.apache.ratis.thirdparty.io.grpc.StatusRuntimeException: UNAVAILABLE: io exception
2022-10-18 03:54:57,161 [grpc-default-executor-2] INFO  leader.FollowerInfo (FollowerInfoImpl.java:lambda$new$0(48)) - omNode-1@group-523986131536->omNode-3: nextIndex: updateUnconditionally 215 -> 45
2022-10-18 03:54:57,168 [grpc-default-executor-2] WARN  server.GrpcLogAppender (LogUtils.java:warn(122)) - omNode-1@group-523986131536->omNode-3-AppendLogResponseHandler: Failed appendEntries: org.apache.ratis.thirdparty.io.grpc.StatusRuntimeException: UNAVAILABLE: io exception
2022-10-18 03:54:57,168 [grpc-default-executor-2] INFO  leader.FollowerInfo (FollowerInfoImpl.java:lambda$new$0(48)) - omNode-1@group-523986131536->omNode-3: nextIndex: updateUnconditionally 215 -> 45
2022-10-18 03:54:57,173 [grpc-default-executor-0] WARN  server.GrpcLogAppender (LogUtils.java:warn(122)) - omNode-1@group-523986131536->omNode-3-AppendLogResponseHandler: Failed appendEntries: org.apache.ratis.thirdparty.io.grpc.StatusRuntimeException: UNAVAILABLE: io exception
2022-10-18 03:54:57,173 [grpc-default-executor-0] INFO  leader.FollowerInfo (FollowerInfoImpl.java:lambda$new$0(48)) - omNode-1@group-523986131536->omNode-3: nextIndex: updateUnconditionally 216 -> 45
2022-10-18 03:54:57,178 [grpc-default-executor-0] WARN  server.GrpcLogAppender (LogUtils.java:warn(122)) - omNode-1@group-523986131536->omNode-3-AppendLogResponseHandler: Failed appendEntries: org.apache.ratis.thirdparty.io.grpc.StatusRuntimeException: UNAVAILABLE: io exception
2022-10-18 03:54:57,178 [grpc-default-executor-0] INFO  leader.FollowerInfo (FollowerInfoImpl.java:lambda$new$0(48)) - omNode-1@group-523986131536->omNode-3: nextIndex: updateUnconditionally 216 -> 45
2022-10-18 03:54:57,182 [grpc-default-executor-2] WARN  server.GrpcLogAppender (LogUtils.java:warn(122)) - omNode-1@group-523986131536->omNode-3-AppendLogResponseHandler: Failed appendEntries: org.apache.ratis.thirdparty.io.grpc.StatusRuntimeException: UNAVAILABLE: io exception
2022-10-18 03:54:57,182 [grpc-default-executor-2] INFO  leader.FollowerInfo (FollowerInfoImpl.java:lambda$new$0(48)) - omNode-1@group-523986131536->omNode-3: nextIndex: updateUnconditionally 218 -> 45
2022-10-18 03:54:57,186 [grpc-default-executor-2] WARN  server.GrpcLogAppender (LogUtils.java:warn(122)) - omNode-1@group-523986131536->omNode-3-AppendLogResponseHandler: Failed appendEntries: org.apache.ratis.thirdparty.io.grpc.StatusRuntimeException: UNAVAILABLE: io exception
2022-10-18 03:54:57,186 [grpc-default-executor-2] INFO  leader.FollowerInfo (FollowerInfoImpl.java:lambda$new$0(48)) - omNode-1@group-523986131536->omNode-3: nextIndex: updateUnconditionally 218 -> 45
2022-10-18 03:54:57,194 [grpc-default-executor-2] WARN  server.GrpcLogAppender (LogUtils.java:warn(122)) - omNode-1@group-523986131536->omNode-3-AppendLogResponseHandler: Failed appendEntries: org.apache.ratis.thirdparty.io.grpc.StatusRuntimeException: UNAVAILABLE: io exception
2022-10-18 03:54:57,195 [grpc-default-executor-2] INFO  leader.FollowerInfo (FollowerInfoImpl.java:lambda$new$0(48)) - omNode-1@group-523986131536->omNode-3: nextIndex: updateUnconditionally 219 -> 45
2022-10-18 03:54:57,207 [grpc-default-executor-0] WARN  server.GrpcLogAppender (LogUtils.java:warn(122)) - omNode-1@group-523986131536->omNode-3-AppendLogResponseHandler: Failed appendEntries: org.apache.ratis.thirdparty.io.grpc.StatusRuntimeException: UNAVAILABLE: io exception
2022-10-18 03:54:57,208 [grpc-default-executor-0] INFO  leader.FollowerInfo (FollowerInfoImpl.java:lambda$new$0(48)) - omNode-1@group-523986131536->omNode-3: nextIndex: updateUnconditionally 219 -> 45
2022-10-18 03:54:57,211 [grpc-default-executor-2] WARN  server.GrpcLogAppender (LogUtils.java:warn(122)) - omNode-1@group-523986131536->omNode-3-AppendLogResponseHandler: Failed appendEntries: org.apache.ratis.thirdparty.io.grpc.StatusRuntimeException: UNAVAILABLE: io exception
2022-10-18 03:54:57,211 [grpc-default-executor-2] INFO  leader.FollowerInfo (FollowerInfoImpl.java:lambda$new$0(48)) - omNode-1@group-523986131536->omNode-3: nextIndex: updateUnconditionally 220 -> 45
2022-10-18 03:54:57,214 [grpc-default-executor-2] WARN  server.GrpcLogAppender (LogUtils.java:warn(122)) - omNode-1@group-523986131536->omNode-3-AppendLogResponseHandler: Failed appendEntries: org.apache.ratis.thirdparty.io.grpc.StatusRuntimeException: UNAVAILABLE: io exception
2022-10-18 03:54:57,215 [grpc-default-executor-2] INFO  leader.FollowerInfo (FollowerInfoImpl.java:lambda$new$0(48)) - omNode-1@group-523986131536->omNode-3: nextIndex: updateUnconditionally 220 -> 45
2022-10-18 03:54:57,222 [grpc-default-executor-2] WARN  server.GrpcLogAppender (LogUtils.java:warn(122)) - omNode-1@group-523986131536->omNode-3-AppendLogResponseHandler: Failed appendEntries: org.apache.ratis.thirdparty.io.grpc.StatusRuntimeException: UNAVAILABLE: io exception
2022-10-18 03:54:57,223 [grpc-default-executor-2] INFO  leader.FollowerInfo (FollowerInfoImpl.java:lambda$new$0(48)) - omNode-1@group-523986131536->omNode-3: nextIndex: updateUnconditionally 222 -> 45
2022-10-18 03:54:57,229 [grpc-default-executor-2] WARN  server.GrpcLogAppender (LogUtils.java:warn(122)) - omNode-1@group-523986131536->omNode-3-AppendLogResponseHandler: Failed appendEntries: org.apache.ratis.thirdparty.io.grpc.StatusRuntimeException: UNAVAILABLE: io exception
2022-10-18 03:54:57,230 [grpc-default-executor-2] INFO  leader.FollowerInfo (FollowerInfoImpl.java:lambda$new$0(48)) - omNode-1@group-523986131536->omNode-3: nextIndex: updateUnconditionally 222 -> 45
2022-10-18 03:54:57,234 [EndpointStateMachine task thread for /0.0.0.0:43069 - 0 ] INFO  ipc.Client (Client.java:handleConnectionFailure(1010)) - Retrying connect to server: 0.0.0.0/0.0.0.0:43069. Already tried 7 time(s); retry policy is RetryUpToMaximumCountWithFixedSleep(maxRetries=15, sleepTime=1000 MILLISECONDS)
2022-10-18 03:54:57,236 [grpc-default-executor-1] WARN  server.GrpcLogAppender (LogUtils.java:warn(122)) - omNode-1@group-523986131536->omNode-3-AppendLogResponseHandler: Failed appendEntries: org.apache.ratis.thirdparty.io.grpc.StatusRuntimeException: UNAVAILABLE: io exception
2022-10-18 03:54:57,237 [grpc-default-executor-1] INFO  leader.FollowerInfo (FollowerInfoImpl.java:lambda$new$0(48)) - omNode-1@group-523986131536->omNode-3: nextIndex: updateUnconditionally 223 -> 45
2022-10-18 03:54:57,244 [grpc-default-executor-1] WARN  server.GrpcLogAppender (LogUtils.java:warn(122)) - omNode-1@group-523986131536->omNode-3-AppendLogResponseHandler: Failed appendEntries: org.apache.ratis.thirdparty.io.grpc.StatusRuntimeException: UNAVAILABLE: io exception
2022-10-18 03:54:57,244 [grpc-default-executor-1] INFO  leader.FollowerInfo (FollowerInfoImpl.java:lambda$new$0(48)) - omNode-1@group-523986131536->omNode-3: nextIndex: updateUnconditionally 223 -> 45
2022-10-18 03:54:57,248 [grpc-default-executor-1] WARN  server.GrpcLogAppender (LogUtils.java:warn(122)) - omNode-1@group-523986131536->omNode-3-AppendLogResponseHandler: Failed appendEntries: org.apache.ratis.thirdparty.io.grpc.StatusRuntimeException: UNAVAILABLE: io exception
2022-10-18 03:54:57,248 [grpc-default-executor-1] INFO  leader.FollowerInfo (FollowerInfoImpl.java:lambda$new$0(48)) - omNode-1@group-523986131536->omNode-3: nextIndex: updateUnconditionally 224 -> 45
2022-10-18 03:54:57,256 [grpc-default-executor-1] WARN  server.GrpcLogAppender (LogUtils.java:warn(122)) - omNode-1@group-523986131536->omNode-3-AppendLogResponseHandler: Failed appendEntries: org.apache.ratis.thirdparty.io.grpc.StatusRuntimeException: UNAVAILABLE: io exception
2022-10-18 03:54:57,257 [grpc-default-executor-1] INFO  leader.FollowerInfo (FollowerInfoImpl.java:lambda$new$0(48)) - omNode-1@group-523986131536->omNode-3: nextIndex: updateUnconditionally 224 -> 45
2022-10-18 03:54:57,269 [grpc-default-executor-1] WARN  server.GrpcLogAppender (LogUtils.java:warn(122)) - omNode-1@group-523986131536->omNode-3-AppendLogResponseHandler: Failed appendEntries: org.apache.ratis.thirdparty.io.grpc.StatusRuntimeException: UNAVAILABLE: io exception
2022-10-18 03:54:57,270 [grpc-default-executor-1] INFO  leader.FollowerInfo (FollowerInfoImpl.java:lambda$new$0(48)) - omNode-1@group-523986131536->omNode-3: nextIndex: updateUnconditionally 226 -> 45
2022-10-18 03:54:57,271 [grpc-default-executor-1] WARN  server.GrpcLogAppender (LogUtils.java:warn(122)) - omNode-1@group-523986131536->omNode-3-AppendLogResponseHandler: Failed appendEntries: org.apache.ratis.thirdparty.io.grpc.StatusRuntimeException: UNAVAILABLE: io exception
2022-10-18 03:54:57,271 [grpc-default-executor-1] INFO  leader.FollowerInfo (FollowerInfoImpl.java:lambda$new$0(48)) - omNode-1@group-523986131536->omNode-3: nextIndex: updateUnconditionally 226 -> 45
2022-10-18 03:54:57,279 [grpc-default-executor-1] WARN  server.GrpcLogAppender (LogUtils.java:warn(122)) - omNode-1@group-523986131536->omNode-3-AppendLogResponseHandler: Failed appendEntries: org.apache.ratis.thirdparty.io.grpc.StatusRuntimeException: UNAVAILABLE: io exception
2022-10-18 03:54:57,279 [grpc-default-executor-1] INFO  leader.FollowerInfo (FollowerInfoImpl.java:lambda$new$0(48)) - omNode-1@group-523986131536->omNode-3: nextIndex: updateUnconditionally 227 -> 45
2022-10-18 03:54:57,288 [grpc-default-executor-2] WARN  server.GrpcLogAppender (LogUtils.java:warn(122)) - omNode-1@group-523986131536->omNode-3-AppendLogResponseHandler: Failed appendEntries: org.apache.ratis.thirdparty.io.grpc.StatusRuntimeException: UNAVAILABLE: io exception
2022-10-18 03:54:57,288 [grpc-default-executor-2] INFO  leader.FollowerInfo (FollowerInfoImpl.java:lambda$new$0(48)) - omNode-1@group-523986131536->omNode-3: nextIndex: updateUnconditionally 227 -> 45
2022-10-18 03:54:57,292 [grpc-default-executor-1] WARN  server.GrpcLogAppender (LogUtils.java:warn(122)) - omNode-1@group-523986131536->omNode-3-AppendLogResponseHandler: Failed appendEntries: org.apache.ratis.thirdparty.io.grpc.StatusRuntimeException: UNAVAILABLE: io exception
2022-10-18 03:54:57,293 [grpc-default-executor-1] INFO  leader.FollowerInfo (FollowerInfoImpl.java:lambda$new$0(48)) - omNode-1@group-523986131536->omNode-3: nextIndex: updateUnconditionally 228 -> 45
2022-10-18 03:54:57,303 [grpc-default-executor-2] WARN  server.GrpcLogAppender (LogUtils.java:warn(122)) - omNode-1@group-523986131536->omNode-3-AppendLogResponseHandler: Failed appendEntries: org.apache.ratis.thirdparty.io.grpc.StatusRuntimeException: UNAVAILABLE: io exception
2022-10-18 03:54:57,303 [grpc-default-executor-2] INFO  leader.FollowerInfo (FollowerInfoImpl.java:lambda$new$0(48)) - omNode-1@group-523986131536->omNode-3: nextIndex: updateUnconditionally 228 -> 45
2022-10-18 03:54:57,304 [grpc-default-executor-0] WARN  server.GrpcLogAppender (LogUtils.java:warn(122)) - omNode-1@group-523986131536->omNode-3-AppendLogResponseHandler: Failed appendEntries: org.apache.ratis.thirdparty.io.grpc.StatusRuntimeException: UNAVAILABLE: io exception
2022-10-18 03:54:57,305 [grpc-default-executor-0] INFO  leader.FollowerInfo (FollowerInfoImpl.java:lambda$new$0(48)) - omNode-1@group-523986131536->omNode-3: nextIndex: updateUnconditionally 229 -> 45
2022-10-18 03:54:57,310 [grpc-default-executor-1] WARN  server.GrpcLogAppender (LogUtils.java:warn(122)) - omNode-1@group-523986131536->omNode-3-AppendLogResponseHandler: Failed appendEntries: org.apache.ratis.thirdparty.io.grpc.StatusRuntimeException: UNAVAILABLE: io exception
2022-10-18 03:54:57,310 [grpc-default-executor-1] INFO  leader.FollowerInfo (FollowerInfoImpl.java:lambda$new$0(48)) - omNode-1@group-523986131536->omNode-3: nextIndex: updateUnconditionally 230 -> 45
2022-10-18 03:54:57,312 [grpc-default-executor-0] WARN  server.GrpcLogAppender (LogUtils.java:warn(122)) - omNode-1@group-523986131536->omNode-3-AppendLogResponseHandler: Failed appendEntries: org.apache.ratis.thirdparty.io.grpc.StatusRuntimeException: UNAVAILABLE: io exception
2022-10-18 03:54:57,312 [grpc-default-executor-0] INFO  leader.FollowerInfo (FollowerInfoImpl.java:lambda$new$0(48)) - omNode-1@group-523986131536->omNode-3: nextIndex: updateUnconditionally 230 -> 45
2022-10-18 03:54:57,315 [grpc-default-executor-0] WARN  server.GrpcLogAppender (LogUtils.java:warn(122)) - omNode-1@group-523986131536->omNode-3-AppendLogResponseHandler: Failed appendEntries: org.apache.ratis.thirdparty.io.grpc.StatusRuntimeException: UNAVAILABLE: io exception
2022-10-18 03:54:57,315 [grpc-default-executor-0] INFO  leader.FollowerInfo (FollowerInfoImpl.java:lambda$new$0(48)) - omNode-1@group-523986131536->omNode-3: nextIndex: updateUnconditionally 231 -> 45
2022-10-18 03:54:57,324 [grpc-default-executor-0] WARN  server.GrpcLogAppender (LogUtils.java:warn(122)) - omNode-1@group-523986131536->omNode-3-AppendLogResponseHandler: Failed appendEntries: org.apache.ratis.thirdparty.io.grpc.StatusRuntimeException: UNAVAILABLE: io exception
2022-10-18 03:54:57,324 [grpc-default-executor-0] INFO  leader.FollowerInfo (FollowerInfoImpl.java:lambda$new$0(48)) - omNode-1@group-523986131536->omNode-3: nextIndex: updateUnconditionally 231 -> 45
2022-10-18 03:54:57,331 [grpc-default-executor-1] WARN  server.GrpcLogAppender (LogUtils.java:warn(122)) - omNode-1@group-523986131536->omNode-3-AppendLogResponseHandler: Failed appendEntries: org.apache.ratis.thirdparty.io.grpc.StatusRuntimeException: UNAVAILABLE: io exception
2022-10-18 03:54:57,331 [grpc-default-executor-1] INFO  leader.FollowerInfo (FollowerInfoImpl.java:lambda$new$0(48)) - omNode-1@group-523986131536->omNode-3: nextIndex: updateUnconditionally 232 -> 45
2022-10-18 03:54:57,332 [grpc-default-executor-0] WARN  server.GrpcLogAppender (LogUtils.java:warn(122)) - omNode-1@group-523986131536->omNode-3-AppendLogResponseHandler: Failed appendEntries: org.apache.ratis.thirdparty.io.grpc.StatusRuntimeException: UNAVAILABLE: io exception
2022-10-18 03:54:57,333 [grpc-default-executor-0] INFO  leader.FollowerInfo (FollowerInfoImpl.java:lambda$new$0(48)) - omNode-1@group-523986131536->omNode-3: nextIndex: updateUnconditionally 232 -> 45
2022-10-18 03:54:57,336 [grpc-default-executor-1] WARN  server.GrpcLogAppender (LogUtils.java:warn(122)) - omNode-1@group-523986131536->omNode-3-AppendLogResponseHandler: Failed appendEntries: org.apache.ratis.thirdparty.io.grpc.StatusRuntimeException: UNAVAILABLE: io exception
2022-10-18 03:54:57,337 [grpc-default-executor-1] INFO  leader.FollowerInfo (FollowerInfoImpl.java:lambda$new$0(48)) - omNode-1@group-523986131536->omNode-3: nextIndex: updateUnconditionally 233 -> 45
2022-10-18 03:54:57,339 [grpc-default-executor-0] WARN  server.GrpcLogAppender (LogUtils.java:warn(122)) - omNode-1@group-523986131536->omNode-3-AppendLogResponseHandler: Failed appendEntries: org.apache.ratis.thirdparty.io.grpc.StatusRuntimeException: UNAVAILABLE: io exception
2022-10-18 03:54:57,339 [grpc-default-executor-0] INFO  leader.FollowerInfo (FollowerInfoImpl.java:lambda$new$0(48)) - omNode-1@group-523986131536->omNode-3: nextIndex: updateUnconditionally 234 -> 45
2022-10-18 03:54:57,342 [grpc-default-executor-1] WARN  server.GrpcLogAppender (LogUtils.java:warn(122)) - omNode-1@group-523986131536->omNode-3-AppendLogResponseHandler: Failed appendEntries: org.apache.ratis.thirdparty.io.grpc.StatusRuntimeException: UNAVAILABLE: io exception
2022-10-18 03:54:57,342 [grpc-default-executor-1] INFO  leader.FollowerInfo (FollowerInfoImpl.java:lambda$new$0(48)) - omNode-1@group-523986131536->omNode-3: nextIndex: updateUnconditionally 234 -> 45
2022-10-18 03:54:57,343 [grpc-default-executor-0] WARN  server.GrpcLogAppender (LogUtils.java:warn(122)) - omNode-1@group-523986131536->omNode-3-AppendLogResponseHandler: Failed appendEntries: org.apache.ratis.thirdparty.io.grpc.StatusRuntimeException: UNAVAILABLE: io exception
2022-10-18 03:54:57,343 [grpc-default-executor-0] INFO  leader.FollowerInfo (FollowerInfoImpl.java:lambda$new$0(48)) - omNode-1@group-523986131536->omNode-3: nextIndex: updateUnconditionally 234 -> 45
2022-10-18 03:54:57,347 [grpc-default-executor-0] WARN  server.GrpcLogAppender (LogUtils.java:warn(122)) - omNode-1@group-523986131536->omNode-3-AppendLogResponseHandler: Failed appendEntries: org.apache.ratis.thirdparty.io.grpc.StatusRuntimeException: UNAVAILABLE: io exception
2022-10-18 03:54:57,347 [grpc-default-executor-0] INFO  leader.FollowerInfo (FollowerInfoImpl.java:lambda$new$0(48)) - omNode-1@group-523986131536->omNode-3: nextIndex: updateUnconditionally 235 -> 45
2022-10-18 03:54:57,355 [grpc-default-executor-1] WARN  server.GrpcLogAppender (LogUtils.java:warn(122)) - omNode-1@group-523986131536->omNode-3-AppendLogResponseHandler: Failed appendEntries: org.apache.ratis.thirdparty.io.grpc.StatusRuntimeException: UNAVAILABLE: io exception
2022-10-18 03:54:57,355 [grpc-default-executor-1] INFO  leader.FollowerInfo (FollowerInfoImpl.java:lambda$new$0(48)) - omNode-1@group-523986131536->omNode-3: nextIndex: updateUnconditionally 235 -> 45
2022-10-18 03:54:57,356 [grpc-default-executor-2] WARN  server.GrpcLogAppender (LogUtils.java:warn(122)) - omNode-1@group-523986131536->omNode-3-AppendLogResponseHandler: Failed appendEntries: org.apache.ratis.thirdparty.io.grpc.StatusRuntimeException: UNAVAILABLE: io exception
2022-10-18 03:54:57,356 [grpc-default-executor-2] INFO  leader.FollowerInfo (FollowerInfoImpl.java:lambda$new$0(48)) - omNode-1@group-523986131536->omNode-3: nextIndex: updateUnconditionally 235 -> 45
2022-10-18 03:54:57,362 [grpc-default-executor-0] WARN  server.GrpcLogAppender (LogUtils.java:warn(122)) - omNode-1@group-523986131536->omNode-3-AppendLogResponseHandler: Failed appendEntries: org.apache.ratis.thirdparty.io.grpc.StatusRuntimeException: UNAVAILABLE: io exception
2022-10-18 03:54:57,363 [grpc-default-executor-0] INFO  leader.FollowerInfo (FollowerInfoImpl.java:lambda$new$0(48)) - omNode-1@group-523986131536->omNode-3: nextIndex: updateUnconditionally 236 -> 45
2022-10-18 03:54:57,368 [grpc-default-executor-2] WARN  server.GrpcLogAppender (LogUtils.java:warn(122)) - omNode-1@group-523986131536->omNode-3-AppendLogResponseHandler: Failed appendEntries: org.apache.ratis.thirdparty.io.grpc.StatusRuntimeException: UNAVAILABLE: io exception
2022-10-18 03:54:57,368 [grpc-default-executor-2] INFO  leader.FollowerInfo (FollowerInfoImpl.java:lambda$new$0(48)) - omNode-1@group-523986131536->omNode-3: nextIndex: updateUnconditionally 236 -> 45
2022-10-18 03:54:57,369 [grpc-default-executor-0] WARN  server.GrpcLogAppender (LogUtils.java:warn(122)) - omNode-1@group-523986131536->omNode-3-AppendLogResponseHandler: Failed appendEntries: org.apache.ratis.thirdparty.io.grpc.StatusRuntimeException: UNAVAILABLE: io exception
2022-10-18 03:54:57,369 [grpc-default-executor-0] INFO  leader.FollowerInfo (FollowerInfoImpl.java:lambda$new$0(48)) - omNode-1@group-523986131536->omNode-3: nextIndex: updateUnconditionally 237 -> 45
2022-10-18 03:54:57,375 [grpc-default-executor-2] WARN  server.GrpcLogAppender (LogUtils.java:warn(122)) - omNode-1@group-523986131536->omNode-3-AppendLogResponseHandler: Failed appendEntries: org.apache.ratis.thirdparty.io.grpc.StatusRuntimeException: UNAVAILABLE: io exception
2022-10-18 03:54:57,375 [grpc-default-executor-2] INFO  leader.FollowerInfo (FollowerInfoImpl.java:lambda$new$0(48)) - omNode-1@group-523986131536->omNode-3: nextIndex: updateUnconditionally 238 -> 45
2022-10-18 03:54:57,380 [grpc-default-executor-0] WARN  server.GrpcLogAppender (LogUtils.java:warn(122)) - omNode-1@group-523986131536->omNode-3-AppendLogResponseHandler: Failed appendEntries: org.apache.ratis.thirdparty.io.grpc.StatusRuntimeException: UNAVAILABLE: io exception
2022-10-18 03:54:57,381 [grpc-default-executor-0] INFO  leader.FollowerInfo (FollowerInfoImpl.java:lambda$new$0(48)) - omNode-1@group-523986131536->omNode-3: nextIndex: updateUnconditionally 238 -> 45
2022-10-18 03:54:57,385 [grpc-default-executor-0] WARN  server.GrpcLogAppender (LogUtils.java:warn(122)) - omNode-1@group-523986131536->omNode-3-AppendLogResponseHandler: Failed appendEntries: org.apache.ratis.thirdparty.io.grpc.StatusRuntimeException: UNAVAILABLE: io exception
2022-10-18 03:54:57,385 [grpc-default-executor-0] INFO  leader.FollowerInfo (FollowerInfoImpl.java:lambda$new$0(48)) - omNode-1@group-523986131536->omNode-3: nextIndex: updateUnconditionally 239 -> 45
2022-10-18 03:54:57,388 [grpc-default-executor-2] WARN  server.GrpcLogAppender (LogUtils.java:warn(122)) - omNode-1@group-523986131536->omNode-3-AppendLogResponseHandler: Failed appendEntries: org.apache.ratis.thirdparty.io.grpc.StatusRuntimeException: UNAVAILABLE: io exception
2022-10-18 03:54:57,388 [grpc-default-executor-2] INFO  leader.FollowerInfo (FollowerInfoImpl.java:lambda$new$0(48)) - omNode-1@group-523986131536->omNode-3: nextIndex: updateUnconditionally 240 -> 45
2022-10-18 03:54:57,393 [grpc-default-executor-0] WARN  server.GrpcLogAppender (LogUtils.java:warn(122)) - omNode-1@group-523986131536->omNode-3-AppendLogResponseHandler: Failed appendEntries: org.apache.ratis.thirdparty.io.grpc.StatusRuntimeException: UNAVAILABLE: io exception
2022-10-18 03:54:57,393 [grpc-default-executor-0] INFO  leader.FollowerInfo (FollowerInfoImpl.java:lambda$new$0(48)) - omNode-1@group-523986131536->omNode-3: nextIndex: updateUnconditionally 240 -> 45
2022-10-18 03:54:57,394 [grpc-default-executor-0] WARN  server.GrpcLogAppender (LogUtils.java:warn(122)) - omNode-1@group-523986131536->omNode-3-AppendLogResponseHandler: Failed appendEntries: org.apache.ratis.thirdparty.io.grpc.StatusRuntimeException: UNAVAILABLE: io exception
2022-10-18 03:54:57,394 [grpc-default-executor-0] INFO  leader.FollowerInfo (FollowerInfoImpl.java:lambda$new$0(48)) - omNode-1@group-523986131536->omNode-3: nextIndex: updateUnconditionally 241 -> 45
2022-10-18 03:54:57,396 [grpc-default-executor-2] WARN  server.GrpcLogAppender (LogUtils.java:warn(122)) - omNode-1@group-523986131536->omNode-3-AppendLogResponseHandler: Failed appendEntries: org.apache.ratis.thirdparty.io.grpc.StatusRuntimeException: UNAVAILABLE: io exception
2022-10-18 03:54:57,396 [grpc-default-executor-2] INFO  leader.FollowerInfo (FollowerInfoImpl.java:lambda$new$0(48)) - omNode-1@group-523986131536->omNode-3: nextIndex: updateUnconditionally 242 -> 45
2022-10-18 03:54:57,398 [grpc-default-executor-2] WARN  server.GrpcLogAppender (LogUtils.java:warn(122)) - omNode-1@group-523986131536->omNode-3-AppendLogResponseHandler: Failed appendEntries: org.apache.ratis.thirdparty.io.grpc.StatusRuntimeException: UNAVAILABLE: io exception
2022-10-18 03:54:57,398 [grpc-default-executor-2] INFO  leader.FollowerInfo (FollowerInfoImpl.java:lambda$new$0(48)) - omNode-1@group-523986131536->omNode-3: nextIndex: updateUnconditionally 242 -> 45
2022-10-18 03:54:57,401 [grpc-default-executor-2] WARN  server.GrpcLogAppender (LogUtils.java:warn(122)) - omNode-1@group-523986131536->omNode-3-AppendLogResponseHandler: Failed appendEntries: org.apache.ratis.thirdparty.io.grpc.StatusRuntimeException: UNAVAILABLE: io exception
2022-10-18 03:54:57,402 [grpc-default-executor-2] INFO  leader.FollowerInfo (FollowerInfoImpl.java:lambda$new$0(48)) - omNode-1@group-523986131536->omNode-3: nextIndex: updateUnconditionally 243 -> 45
2022-10-18 03:54:57,416 [grpc-default-executor-2] WARN  server.GrpcLogAppender (LogUtils.java:warn(122)) - omNode-1@group-523986131536->omNode-3-AppendLogResponseHandler: Failed appendEntries: org.apache.ratis.thirdparty.io.grpc.StatusRuntimeException: UNAVAILABLE: io exception
2022-10-18 03:54:57,416 [grpc-default-executor-2] INFO  leader.FollowerInfo (FollowerInfoImpl.java:lambda$new$0(48)) - omNode-1@group-523986131536->omNode-3: nextIndex: updateUnconditionally 243 -> 45
2022-10-18 03:54:57,419 [grpc-default-executor-2] WARN  server.GrpcLogAppender (LogUtils.java:warn(122)) - omNode-1@group-523986131536->omNode-3-AppendLogResponseHandler: Failed appendEntries: org.apache.ratis.thirdparty.io.grpc.StatusRuntimeException: UNAVAILABLE: io exception
2022-10-18 03:54:57,419 [grpc-default-executor-2] INFO  leader.FollowerInfo (FollowerInfoImpl.java:lambda$new$0(48)) - omNode-1@group-523986131536->omNode-3: nextIndex: updateUnconditionally 244 -> 45
2022-10-18 03:54:57,427 [grpc-default-executor-2] WARN  server.GrpcLogAppender (LogUtils.java:warn(122)) - omNode-1@group-523986131536->omNode-3-AppendLogResponseHandler: Failed appendEntries: org.apache.ratis.thirdparty.io.grpc.StatusRuntimeException: UNAVAILABLE: io exception
2022-10-18 03:54:57,427 [grpc-default-executor-2] INFO  leader.FollowerInfo (FollowerInfoImpl.java:lambda$new$0(48)) - omNode-1@group-523986131536->omNode-3: nextIndex: updateUnconditionally 244 -> 45
2022-10-18 03:54:57,429 [grpc-default-executor-0] WARN  server.GrpcLogAppender (LogUtils.java:warn(122)) - omNode-1@group-523986131536->omNode-3-AppendLogResponseHandler: Failed appendEntries: org.apache.ratis.thirdparty.io.grpc.StatusRuntimeException: UNAVAILABLE: io exception
2022-10-18 03:54:57,429 [grpc-default-executor-0] INFO  leader.FollowerInfo (FollowerInfoImpl.java:lambda$new$0(48)) - omNode-1@group-523986131536->omNode-3: nextIndex: updateUnconditionally 245 -> 45
2022-10-18 03:54:57,433 [grpc-default-executor-0] WARN  server.GrpcLogAppender (LogUtils.java:warn(122)) - omNode-1@group-523986131536->omNode-3-AppendLogResponseHandler: Failed appendEntries: org.apache.ratis.thirdparty.io.grpc.StatusRuntimeException: UNAVAILABLE: io exception
2022-10-18 03:54:57,433 [grpc-default-executor-0] INFO  leader.FollowerInfo (FollowerInfoImpl.java:lambda$new$0(48)) - omNode-1@group-523986131536->omNode-3: nextIndex: updateUnconditionally 246 -> 45
2022-10-18 03:54:57,439 [grpc-default-executor-2] WARN  server.GrpcLogAppender (LogUtils.java:warn(122)) - omNode-1@group-523986131536->omNode-3-AppendLogResponseHandler: Failed appendEntries: org.apache.ratis.thirdparty.io.grpc.StatusRuntimeException: UNAVAILABLE: io exception
2022-10-18 03:54:57,439 [grpc-default-executor-2] INFO  leader.FollowerInfo (FollowerInfoImpl.java:lambda$new$0(48)) - omNode-1@group-523986131536->omNode-3: nextIndex: updateUnconditionally 246 -> 45
2022-10-18 03:54:57,440 [grpc-default-executor-2] WARN  server.GrpcLogAppender (LogUtils.java:warn(122)) - omNode-1@group-523986131536->omNode-3-AppendLogResponseHandler: Failed appendEntries: org.apache.ratis.thirdparty.io.grpc.StatusRuntimeException: UNAVAILABLE: io exception
2022-10-18 03:54:57,440 [grpc-default-executor-2] INFO  leader.FollowerInfo (FollowerInfoImpl.java:lambda$new$0(48)) - omNode-1@group-523986131536->omNode-3: nextIndex: updateUnconditionally 246 -> 45
2022-10-18 03:54:57,448 [grpc-default-executor-2] WARN  server.GrpcLogAppender (LogUtils.java:warn(122)) - omNode-1@group-523986131536->omNode-3-AppendLogResponseHandler: Failed appendEntries: org.apache.ratis.thirdparty.io.grpc.StatusRuntimeException: UNAVAILABLE: io exception
2022-10-18 03:54:57,448 [grpc-default-executor-2] INFO  leader.FollowerInfo (FollowerInfoImpl.java:lambda$new$0(48)) - omNode-1@group-523986131536->omNode-3: nextIndex: updateUnconditionally 247 -> 45
2022-10-18 03:54:57,458 [grpc-default-executor-0] WARN  server.GrpcLogAppender (LogUtils.java:warn(122)) - omNode-1@group-523986131536->omNode-3-AppendLogResponseHandler: Failed appendEntries: org.apache.ratis.thirdparty.io.grpc.StatusRuntimeException: UNAVAILABLE: io exception
2022-10-18 03:54:57,459 [grpc-default-executor-0] INFO  leader.FollowerInfo (FollowerInfoImpl.java:lambda$new$0(48)) - omNode-1@group-523986131536->omNode-3: nextIndex: updateUnconditionally 247 -> 45
2022-10-18 03:54:57,463 [grpc-default-executor-2] WARN  server.GrpcLogAppender (LogUtils.java:warn(122)) - omNode-1@group-523986131536->omNode-3-AppendLogResponseHandler: Failed appendEntries: org.apache.ratis.thirdparty.io.grpc.StatusRuntimeException: UNAVAILABLE: io exception
2022-10-18 03:54:57,463 [grpc-default-executor-2] INFO  leader.FollowerInfo (FollowerInfoImpl.java:lambda$new$0(48)) - omNode-1@group-523986131536->omNode-3: nextIndex: updateUnconditionally 247 -> 45
2022-10-18 03:54:57,469 [grpc-default-executor-2] WARN  server.GrpcLogAppender (LogUtils.java:warn(122)) - omNode-1@group-523986131536->omNode-3-AppendLogResponseHandler: Failed appendEntries: org.apache.ratis.thirdparty.io.grpc.StatusRuntimeException: UNAVAILABLE: io exception
2022-10-18 03:54:57,469 [grpc-default-executor-2] INFO  leader.FollowerInfo (FollowerInfoImpl.java:lambda$new$0(48)) - omNode-1@group-523986131536->omNode-3: nextIndex: updateUnconditionally 248 -> 45
2022-10-18 03:54:57,473 [grpc-default-executor-2] WARN  server.GrpcLogAppender (LogUtils.java:warn(122)) - omNode-1@group-523986131536->omNode-3-AppendLogResponseHandler: Failed appendEntries: org.apache.ratis.thirdparty.io.grpc.StatusRuntimeException: UNAVAILABLE: io exception
2022-10-18 03:54:57,473 [grpc-default-executor-2] INFO  leader.FollowerInfo (FollowerInfoImpl.java:lambda$new$0(48)) - omNode-1@group-523986131536->omNode-3: nextIndex: updateUnconditionally 248 -> 45
2022-10-18 03:54:57,474 [grpc-default-executor-0] WARN  server.GrpcLogAppender (LogUtils.java:warn(122)) - omNode-1@group-523986131536->omNode-3-AppendLogResponseHandler: Failed appendEntries: org.apache.ratis.thirdparty.io.grpc.StatusRuntimeException: UNAVAILABLE: io exception
2022-10-18 03:54:57,475 [grpc-default-executor-0] INFO  leader.FollowerInfo (FollowerInfoImpl.java:lambda$new$0(48)) - omNode-1@group-523986131536->omNode-3: nextIndex: updateUnconditionally 249 -> 45
2022-10-18 03:54:57,478 [grpc-default-executor-2] WARN  server.GrpcLogAppender (LogUtils.java:warn(122)) - omNode-1@group-523986131536->omNode-3-AppendLogResponseHandler: Failed appendEntries: org.apache.ratis.thirdparty.io.grpc.StatusRuntimeException: UNAVAILABLE: io exception
2022-10-18 03:54:57,478 [grpc-default-executor-2] INFO  leader.FollowerInfo (FollowerInfoImpl.java:lambda$new$0(48)) - omNode-1@group-523986131536->omNode-3: nextIndex: updateUnconditionally 250 -> 45
2022-10-18 03:54:57,482 [grpc-default-executor-0] WARN  server.GrpcLogAppender (LogUtils.java:warn(122)) - omNode-1@group-523986131536->omNode-3-AppendLogResponseHandler: Failed appendEntries: org.apache.ratis.thirdparty.io.grpc.StatusRuntimeException: UNAVAILABLE: io exception
2022-10-18 03:54:57,483 [grpc-default-executor-0] INFO  leader.FollowerInfo (FollowerInfoImpl.java:lambda$new$0(48)) - omNode-1@group-523986131536->omNode-3: nextIndex: updateUnconditionally 250 -> 45
2022-10-18 03:54:57,486 [grpc-default-executor-0] WARN  server.GrpcLogAppender (LogUtils.java:warn(122)) - omNode-1@group-523986131536->omNode-3-AppendLogResponseHandler: Failed appendEntries: org.apache.ratis.thirdparty.io.grpc.StatusRuntimeException: UNAVAILABLE: io exception
2022-10-18 03:54:57,486 [grpc-default-executor-0] INFO  leader.FollowerInfo (FollowerInfoImpl.java:lambda$new$0(48)) - omNode-1@group-523986131536->omNode-3: nextIndex: updateUnconditionally 251 -> 45
2022-10-18 03:54:57,502 [omNode-1@group-523986131536-StateMachineUpdater] INFO  ratis.OzoneManagerStateMachine (OzoneManagerStateMachine.java:takeSnapshot(441)) - Current Snapshot Index (t:1, i:250)
2022-10-18 03:54:57,503 [omNode-1@group-523986131536-StateMachineUpdater] INFO  impl.StateMachineUpdater (StateMachineUpdater.java:takeSnapshot(287)) - omNode-1@group-523986131536-StateMachineUpdater: Took a snapshot at index 250
2022-10-18 03:54:57,503 [omNode-1@group-523986131536-StateMachineUpdater] INFO  impl.StateMachineUpdater (StateMachineUpdater.java:lambda$new$0(92)) - omNode-1@group-523986131536-StateMachineUpdater: snapshotIndex: updateIncreasingly 200 -> 250
2022-10-18 03:54:57,503 [omNode-1@group-523986131536-StateMachineUpdater] INFO  raftlog.RaftLog (RaftLogBase.java:purge(308)) - omNode-1@group-523986131536-SegmentedRaftLog: purge 250
2022-10-18 03:54:57,503 [omNode-1@group-523986131536-StateMachineUpdater] INFO  raftlog.RaftLog (RaftLogBase.java:lambda$new$0(53)) - omNode-1@group-523986131536-SegmentedRaftLog: snapshotIndex: updateIncreasingly 200 -> 250
2022-10-18 03:54:57,503 [omNode-1@group-523986131536-StateMachineUpdater] INFO  raftlog.RaftLog (RaftLogBase.java:lambda$new$0(53)) - omNode-1@group-523986131536-SegmentedRaftLog: purgeIndex: updateToMax old=200, new=250, updated? true
2022-10-18 03:54:57,503 [grpc-default-executor-1] WARN  server.GrpcLogAppender (LogUtils.java:warn(122)) - omNode-1@group-523986131536->omNode-3-AppendLogResponseHandler: Failed appendEntries: org.apache.ratis.thirdparty.io.grpc.StatusRuntimeException: UNAVAILABLE: io exception
2022-10-18 03:54:57,503 [grpc-default-executor-1] INFO  leader.FollowerInfo (FollowerInfoImpl.java:lambda$new$0(48)) - omNode-1@group-523986131536->omNode-3: nextIndex: updateUnconditionally 251 -> 45
2022-10-18 03:54:57,505 [grpc-default-executor-0] WARN  server.GrpcLogAppender (LogUtils.java:warn(122)) - omNode-1@group-523986131536->omNode-3-AppendLogResponseHandler: Failed appendEntries: org.apache.ratis.thirdparty.io.grpc.StatusRuntimeException: UNAVAILABLE: io exception
2022-10-18 03:54:57,505 [grpc-default-executor-0] INFO  leader.FollowerInfo (FollowerInfoImpl.java:lambda$new$0(48)) - omNode-1@group-523986131536->omNode-3: nextIndex: updateUnconditionally 252 -> 45
2022-10-18 03:54:57,507 [grpc-default-executor-1] WARN  server.GrpcLogAppender (LogUtils.java:warn(122)) - omNode-1@group-523986131536->omNode-3-AppendLogResponseHandler: Failed appendEntries: org.apache.ratis.thirdparty.io.grpc.StatusRuntimeException: UNAVAILABLE: io exception
2022-10-18 03:54:57,507 [grpc-default-executor-1] INFO  leader.FollowerInfo (FollowerInfoImpl.java:lambda$new$0(48)) - omNode-1@group-523986131536->omNode-3: nextIndex: updateUnconditionally 252 -> 45
2022-10-18 03:54:57,509 [grpc-default-executor-0] WARN  server.GrpcLogAppender (LogUtils.java:warn(122)) - omNode-1@group-523986131536->omNode-3-AppendLogResponseHandler: Failed appendEntries: org.apache.ratis.thirdparty.io.grpc.StatusRuntimeException: UNAVAILABLE: io exception
2022-10-18 03:54:57,509 [grpc-default-executor-0] INFO  leader.FollowerInfo (FollowerInfoImpl.java:lambda$new$0(48)) - omNode-1@group-523986131536->omNode-3: nextIndex: updateUnconditionally 253 -> 45
2022-10-18 03:54:57,512 [grpc-default-executor-0] WARN  server.GrpcLogAppender (LogUtils.java:warn(122)) - omNode-1@group-523986131536->omNode-3-AppendLogResponseHandler: Failed appendEntries: org.apache.ratis.thirdparty.io.grpc.StatusRuntimeException: UNAVAILABLE: io exception
2022-10-18 03:54:57,512 [grpc-default-executor-0] INFO  leader.FollowerInfo (FollowerInfoImpl.java:lambda$new$0(48)) - omNode-1@group-523986131536->omNode-3: nextIndex: updateUnconditionally 254 -> 45
2022-10-18 03:54:57,515 [grpc-default-executor-0] WARN  server.GrpcLogAppender (LogUtils.java:warn(122)) - omNode-1@group-523986131536->omNode-3-AppendLogResponseHandler: Failed appendEntries: org.apache.ratis.thirdparty.io.grpc.StatusRuntimeException: UNAVAILABLE: io exception
2022-10-18 03:54:57,515 [grpc-default-executor-0] INFO  leader.FollowerInfo (FollowerInfoImpl.java:lambda$new$0(48)) - omNode-1@group-523986131536->omNode-3: nextIndex: updateUnconditionally 254 -> 45
2022-10-18 03:54:57,516 [grpc-default-executor-0] WARN  server.GrpcLogAppender (LogUtils.java:warn(122)) - omNode-1@group-523986131536->omNode-3-AppendLogResponseHandler: Failed appendEntries: org.apache.ratis.thirdparty.io.grpc.StatusRuntimeException: UNAVAILABLE: io exception
2022-10-18 03:54:57,516 [grpc-default-executor-0] INFO  leader.FollowerInfo (FollowerInfoImpl.java:lambda$new$0(48)) - omNode-1@group-523986131536->omNode-3: nextIndex: updateUnconditionally 254 -> 45
2022-10-18 03:54:57,518 [grpc-default-executor-0] WARN  server.GrpcLogAppender (LogUtils.java:warn(122)) - omNode-1@group-523986131536->omNode-3-AppendLogResponseHandler: Failed appendEntries: org.apache.ratis.thirdparty.io.grpc.StatusRuntimeException: UNAVAILABLE: io exception
2022-10-18 03:54:57,518 [grpc-default-executor-0] INFO  leader.FollowerInfo (FollowerInfoImpl.java:lambda$new$0(48)) - omNode-1@group-523986131536->omNode-3: nextIndex: updateUnconditionally 255 -> 45
2022-10-18 03:54:57,523 [grpc-default-executor-1] WARN  server.GrpcLogAppender (LogUtils.java:warn(122)) - omNode-1@group-523986131536->omNode-3-AppendLogResponseHandler: Failed appendEntries: org.apache.ratis.thirdparty.io.grpc.StatusRuntimeException: UNAVAILABLE: io exception
2022-10-18 03:54:57,524 [grpc-default-executor-1] INFO  leader.FollowerInfo (FollowerInfoImpl.java:lambda$new$0(48)) - omNode-1@group-523986131536->omNode-3: nextIndex: updateUnconditionally 255 -> 45
2022-10-18 03:54:57,525 [grpc-default-executor-1] WARN  server.GrpcLogAppender (LogUtils.java:warn(122)) - omNode-1@group-523986131536->omNode-3-AppendLogResponseHandler: Failed appendEntries: org.apache.ratis.thirdparty.io.grpc.StatusRuntimeException: UNAVAILABLE: io exception
2022-10-18 03:54:57,525 [grpc-default-executor-1] INFO  leader.FollowerInfo (FollowerInfoImpl.java:lambda$new$0(48)) - omNode-1@group-523986131536->omNode-3: nextIndex: updateUnconditionally 255 -> 45
2022-10-18 03:54:57,529 [grpc-default-executor-0] WARN  server.GrpcLogAppender (LogUtils.java:warn(122)) - omNode-1@group-523986131536->omNode-3-AppendLogResponseHandler: Failed appendEntries: org.apache.ratis.thirdparty.io.grpc.StatusRuntimeException: UNAVAILABLE: io exception
2022-10-18 03:54:57,529 [grpc-default-executor-0] INFO  leader.FollowerInfo (FollowerInfoImpl.java:lambda$new$0(48)) - omNode-1@group-523986131536->omNode-3: nextIndex: updateUnconditionally 256 -> 45
2022-10-18 03:54:57,531 [omNode-2@group-523986131536-StateMachineUpdater] INFO  ratis.OzoneManagerStateMachine (OzoneManagerStateMachine.java:takeSnapshot(441)) - Current Snapshot Index (t:1, i:254)
2022-10-18 03:54:57,532 [omNode-2@group-523986131536-StateMachineUpdater] INFO  impl.StateMachineUpdater (StateMachineUpdater.java:takeSnapshot(287)) - omNode-2@group-523986131536-StateMachineUpdater: Took a snapshot at index 254
2022-10-18 03:54:57,532 [omNode-2@group-523986131536-StateMachineUpdater] INFO  impl.StateMachineUpdater (StateMachineUpdater.java:lambda$new$0(92)) - omNode-2@group-523986131536-StateMachineUpdater: snapshotIndex: updateIncreasingly 204 -> 254
2022-10-18 03:54:57,532 [omNode-2@group-523986131536-StateMachineUpdater] INFO  raftlog.RaftLog (RaftLogBase.java:purge(308)) - omNode-2@group-523986131536-SegmentedRaftLog: purge 254
2022-10-18 03:54:57,532 [omNode-2@group-523986131536-StateMachineUpdater] INFO  raftlog.RaftLog (RaftLogBase.java:lambda$new$0(53)) - omNode-2@group-523986131536-SegmentedRaftLog: snapshotIndex: updateIncreasingly 204 -> 254
2022-10-18 03:54:57,532 [omNode-2@group-523986131536-StateMachineUpdater] INFO  raftlog.RaftLog (RaftLogBase.java:lambda$new$0(53)) - omNode-2@group-523986131536-SegmentedRaftLog: purgeIndex: updateToMax old=204, new=254, updated? true
2022-10-18 03:54:57,532 [grpc-default-executor-1] WARN  server.GrpcLogAppender (LogUtils.java:warn(122)) - omNode-1@group-523986131536->omNode-3-AppendLogResponseHandler: Failed appendEntries: org.apache.ratis.thirdparty.io.grpc.StatusRuntimeException: UNAVAILABLE: io exception
2022-10-18 03:54:57,532 [grpc-default-executor-1] INFO  leader.FollowerInfo (FollowerInfoImpl.java:lambda$new$0(48)) - omNode-1@group-523986131536->omNode-3: nextIndex: updateUnconditionally 256 -> 45
2022-10-18 03:54:57,535 [grpc-default-executor-0] WARN  server.GrpcLogAppender (LogUtils.java:warn(122)) - omNode-1@group-523986131536->omNode-3-AppendLogResponseHandler: Failed appendEntries: org.apache.ratis.thirdparty.io.grpc.StatusRuntimeException: UNAVAILABLE: io exception
2022-10-18 03:54:57,535 [grpc-default-executor-0] INFO  leader.FollowerInfo (FollowerInfoImpl.java:lambda$new$0(48)) - omNode-1@group-523986131536->omNode-3: nextIndex: updateUnconditionally 257 -> 45
2022-10-18 03:54:57,537 [grpc-default-executor-1] WARN  server.GrpcLogAppender (LogUtils.java:warn(122)) - omNode-1@group-523986131536->omNode-3-AppendLogResponseHandler: Failed appendEntries: org.apache.ratis.thirdparty.io.grpc.StatusRuntimeException: UNAVAILABLE: io exception
2022-10-18 03:54:57,537 [grpc-default-executor-1] INFO  leader.FollowerInfo (FollowerInfoImpl.java:lambda$new$0(48)) - omNode-1@group-523986131536->omNode-3: nextIndex: updateUnconditionally 258 -> 45
2022-10-18 03:54:57,543 [grpc-default-executor-1] WARN  server.GrpcLogAppender (LogUtils.java:warn(122)) - omNode-1@group-523986131536->omNode-3-AppendLogResponseHandler: Failed appendEntries: org.apache.ratis.thirdparty.io.grpc.StatusRuntimeException: UNAVAILABLE: io exception
2022-10-18 03:54:57,543 [grpc-default-executor-1] INFO  leader.FollowerInfo (FollowerInfoImpl.java:lambda$new$0(48)) - omNode-1@group-523986131536->omNode-3: nextIndex: updateUnconditionally 258 -> 45
2022-10-18 03:54:57,546 [grpc-default-executor-1] WARN  server.GrpcLogAppender (LogUtils.java:warn(122)) - omNode-1@group-523986131536->omNode-3-AppendLogResponseHandler: Failed appendEntries: org.apache.ratis.thirdparty.io.grpc.StatusRuntimeException: UNAVAILABLE: io exception
2022-10-18 03:54:57,546 [grpc-default-executor-1] INFO  leader.FollowerInfo (FollowerInfoImpl.java:lambda$new$0(48)) - omNode-1@group-523986131536->omNode-3: nextIndex: updateUnconditionally 259 -> 45
2022-10-18 03:54:57,557 [grpc-default-executor-1] WARN  server.GrpcLogAppender (LogUtils.java:warn(122)) - omNode-1@group-523986131536->omNode-3-AppendLogResponseHandler: Failed appendEntries: org.apache.ratis.thirdparty.io.grpc.StatusRuntimeException: UNAVAILABLE: io exception
2022-10-18 03:54:57,557 [grpc-default-executor-1] INFO  leader.FollowerInfo (FollowerInfoImpl.java:lambda$new$0(48)) - omNode-1@group-523986131536->omNode-3: nextIndex: updateUnconditionally 260 -> 45
2022-10-18 03:54:57,559 [grpc-default-executor-1] WARN  server.GrpcLogAppender (LogUtils.java:warn(122)) - omNode-1@group-523986131536->omNode-3-AppendLogResponseHandler: Failed appendEntries: org.apache.ratis.thirdparty.io.grpc.StatusRuntimeException: UNAVAILABLE: io exception
2022-10-18 03:54:57,559 [grpc-default-executor-1] INFO  leader.FollowerInfo (FollowerInfoImpl.java:lambda$new$0(48)) - omNode-1@group-523986131536->omNode-3: nextIndex: updateUnconditionally 260 -> 45
2022-10-18 03:54:57,563 [grpc-default-executor-1] WARN  server.GrpcLogAppender (LogUtils.java:warn(122)) - omNode-1@group-523986131536->omNode-3-AppendLogResponseHandler: Failed appendEntries: org.apache.ratis.thirdparty.io.grpc.StatusRuntimeException: UNAVAILABLE: io exception
2022-10-18 03:54:57,563 [grpc-default-executor-1] INFO  leader.FollowerInfo (FollowerInfoImpl.java:lambda$new$0(48)) - omNode-1@group-523986131536->omNode-3: nextIndex: updateUnconditionally 261 -> 45
2022-10-18 03:54:57,568 [grpc-default-executor-1] WARN  server.GrpcLogAppender (LogUtils.java:warn(122)) - omNode-1@group-523986131536->omNode-3-AppendLogResponseHandler: Failed appendEntries: org.apache.ratis.thirdparty.io.grpc.StatusRuntimeException: UNAVAILABLE: io exception
2022-10-18 03:54:57,568 [grpc-default-executor-1] INFO  leader.FollowerInfo (FollowerInfoImpl.java:lambda$new$0(48)) - omNode-1@group-523986131536->omNode-3: nextIndex: updateUnconditionally 261 -> 45
2022-10-18 03:54:57,570 [grpc-default-executor-0] WARN  server.GrpcLogAppender (LogUtils.java:warn(122)) - omNode-1@group-523986131536->omNode-3-AppendLogResponseHandler: Failed appendEntries: org.apache.ratis.thirdparty.io.grpc.StatusRuntimeException: UNAVAILABLE: io exception
2022-10-18 03:54:57,570 [grpc-default-executor-0] INFO  leader.FollowerInfo (FollowerInfoImpl.java:lambda$new$0(48)) - omNode-1@group-523986131536->omNode-3: nextIndex: updateUnconditionally 262 -> 45
2022-10-18 03:54:57,574 [grpc-default-executor-1] WARN  server.GrpcLogAppender (LogUtils.java:warn(122)) - omNode-1@group-523986131536->omNode-3-AppendLogResponseHandler: Failed appendEntries: org.apache.ratis.thirdparty.io.grpc.StatusRuntimeException: UNAVAILABLE: io exception
2022-10-18 03:54:57,574 [grpc-default-executor-1] INFO  leader.FollowerInfo (FollowerInfoImpl.java:lambda$new$0(48)) - omNode-1@group-523986131536->omNode-3: nextIndex: updateUnconditionally 262 -> 45
2022-10-18 03:54:57,578 [grpc-default-executor-1] WARN  server.GrpcLogAppender (LogUtils.java:warn(122)) - omNode-1@group-523986131536->omNode-3-AppendLogResponseHandler: Failed appendEntries: org.apache.ratis.thirdparty.io.grpc.StatusRuntimeException: UNAVAILABLE: io exception
2022-10-18 03:54:57,579 [grpc-default-executor-1] INFO  leader.FollowerInfo (FollowerInfoImpl.java:lambda$new$0(48)) - omNode-1@group-523986131536->omNode-3: nextIndex: updateUnconditionally 263 -> 45
2022-10-18 03:54:57,580 [grpc-default-executor-1] WARN  server.GrpcLogAppender (LogUtils.java:warn(122)) - omNode-1@group-523986131536->omNode-3-AppendLogResponseHandler: Failed appendEntries: org.apache.ratis.thirdparty.io.grpc.StatusRuntimeException: UNAVAILABLE: io exception
2022-10-18 03:54:57,581 [grpc-default-executor-1] INFO  leader.FollowerInfo (FollowerInfoImpl.java:lambda$new$0(48)) - omNode-1@group-523986131536->omNode-3: nextIndex: updateUnconditionally 263 -> 45
2022-10-18 03:54:57,588 [grpc-default-executor-0] WARN  server.GrpcLogAppender (LogUtils.java:warn(122)) - omNode-1@group-523986131536->omNode-3-AppendLogResponseHandler: Failed appendEntries: org.apache.ratis.thirdparty.io.grpc.StatusRuntimeException: UNAVAILABLE: io exception
2022-10-18 03:54:57,588 [grpc-default-executor-0] INFO  leader.FollowerInfo (FollowerInfoImpl.java:lambda$new$0(48)) - omNode-1@group-523986131536->omNode-3: nextIndex: updateUnconditionally 264 -> 45
2022-10-18 03:54:57,591 [grpc-default-executor-0] WARN  server.GrpcLogAppender (LogUtils.java:warn(122)) - omNode-1@group-523986131536->omNode-3-AppendLogResponseHandler: Failed appendEntries: org.apache.ratis.thirdparty.io.grpc.StatusRuntimeException: UNAVAILABLE: io exception
2022-10-18 03:54:57,591 [grpc-default-executor-0] INFO  leader.FollowerInfo (FollowerInfoImpl.java:lambda$new$0(48)) - omNode-1@group-523986131536->omNode-3: nextIndex: updateUnconditionally 264 -> 45
2022-10-18 03:54:57,595 [grpc-default-executor-0] WARN  server.GrpcLogAppender (LogUtils.java:warn(122)) - omNode-1@group-523986131536->omNode-3-AppendLogResponseHandler: Failed appendEntries: org.apache.ratis.thirdparty.io.grpc.StatusRuntimeException: UNAVAILABLE: io exception
2022-10-18 03:54:57,595 [grpc-default-executor-0] INFO  leader.FollowerInfo (FollowerInfoImpl.java:lambda$new$0(48)) - omNode-1@group-523986131536->omNode-3: nextIndex: updateUnconditionally 266 -> 45
2022-10-18 03:54:57,599 [grpc-default-executor-0] WARN  server.GrpcLogAppender (LogUtils.java:warn(122)) - omNode-1@group-523986131536->omNode-3-AppendLogResponseHandler: Failed appendEntries: org.apache.ratis.thirdparty.io.grpc.StatusRuntimeException: UNAVAILABLE: io exception
2022-10-18 03:54:57,599 [grpc-default-executor-0] INFO  leader.FollowerInfo (FollowerInfoImpl.java:lambda$new$0(48)) - omNode-1@group-523986131536->omNode-3: nextIndex: updateUnconditionally 266 -> 45
2022-10-18 03:54:57,602 [grpc-default-executor-0] WARN  server.GrpcLogAppender (LogUtils.java:warn(122)) - omNode-1@group-523986131536->omNode-3-AppendLogResponseHandler: Failed appendEntries: org.apache.ratis.thirdparty.io.grpc.StatusRuntimeException: UNAVAILABLE: io exception
2022-10-18 03:54:57,603 [grpc-default-executor-0] INFO  leader.FollowerInfo (FollowerInfoImpl.java:lambda$new$0(48)) - omNode-1@group-523986131536->omNode-3: nextIndex: updateUnconditionally 267 -> 45
2022-10-18 03:54:57,608 [grpc-default-executor-0] WARN  server.GrpcLogAppender (LogUtils.java:warn(122)) - omNode-1@group-523986131536->omNode-3-AppendLogResponseHandler: Failed appendEntries: org.apache.ratis.thirdparty.io.grpc.StatusRuntimeException: UNAVAILABLE: io exception
2022-10-18 03:54:57,608 [grpc-default-executor-0] INFO  leader.FollowerInfo (FollowerInfoImpl.java:lambda$new$0(48)) - omNode-1@group-523986131536->omNode-3: nextIndex: updateUnconditionally 267 -> 45
2022-10-18 03:54:57,613 [grpc-default-executor-1] WARN  server.GrpcLogAppender (LogUtils.java:warn(122)) - omNode-1@group-523986131536->omNode-3-AppendLogResponseHandler: Failed appendEntries: org.apache.ratis.thirdparty.io.grpc.StatusRuntimeException: UNAVAILABLE: io exception
2022-10-18 03:54:57,613 [grpc-default-executor-1] INFO  leader.FollowerInfo (FollowerInfoImpl.java:lambda$new$0(48)) - omNode-1@group-523986131536->omNode-3: nextIndex: updateUnconditionally 268 -> 45
2022-10-18 03:54:57,622 [grpc-default-executor-1] WARN  server.GrpcLogAppender (LogUtils.java:warn(122)) - omNode-1@group-523986131536->omNode-3-AppendLogResponseHandler: Failed appendEntries: org.apache.ratis.thirdparty.io.grpc.StatusRuntimeException: UNAVAILABLE: io exception
2022-10-18 03:54:57,623 [grpc-default-executor-1] INFO  leader.FollowerInfo (FollowerInfoImpl.java:lambda$new$0(48)) - omNode-1@group-523986131536->omNode-3: nextIndex: updateUnconditionally 268 -> 45
2022-10-18 03:54:57,626 [grpc-default-executor-0] WARN  server.GrpcLogAppender (LogUtils.java:warn(122)) - omNode-1@group-523986131536->omNode-3-AppendLogResponseHandler: Failed appendEntries: org.apache.ratis.thirdparty.io.grpc.StatusRuntimeException: UNAVAILABLE: io exception
2022-10-18 03:54:57,627 [grpc-default-executor-0] INFO  leader.FollowerInfo (FollowerInfoImpl.java:lambda$new$0(48)) - omNode-1@group-523986131536->omNode-3: nextIndex: updateUnconditionally 270 -> 45
2022-10-18 03:54:57,629 [grpc-default-executor-0] WARN  server.GrpcLogAppender (LogUtils.java:warn(122)) - omNode-1@group-523986131536->omNode-3-AppendLogResponseHandler: Failed appendEntries: org.apache.ratis.thirdparty.io.grpc.StatusRuntimeException: UNAVAILABLE: io exception
2022-10-18 03:54:57,630 [grpc-default-executor-0] INFO  leader.FollowerInfo (FollowerInfoImpl.java:lambda$new$0(48)) - omNode-1@group-523986131536->omNode-3: nextIndex: updateUnconditionally 271 -> 45
2022-10-18 03:54:57,637 [grpc-default-executor-1] WARN  server.GrpcLogAppender (LogUtils.java:warn(122)) - omNode-1@group-523986131536->omNode-3-AppendLogResponseHandler: Failed appendEntries: org.apache.ratis.thirdparty.io.grpc.StatusRuntimeException: UNAVAILABLE: io exception
2022-10-18 03:54:57,637 [grpc-default-executor-1] INFO  leader.FollowerInfo (FollowerInfoImpl.java:lambda$new$0(48)) - omNode-1@group-523986131536->omNode-3: nextIndex: updateUnconditionally 271 -> 45
2022-10-18 03:54:57,641 [grpc-default-executor-1] WARN  server.GrpcLogAppender (LogUtils.java:warn(122)) - omNode-1@group-523986131536->omNode-3-AppendLogResponseHandler: Failed appendEntries: org.apache.ratis.thirdparty.io.grpc.StatusRuntimeException: UNAVAILABLE: io exception
2022-10-18 03:54:57,641 [grpc-default-executor-1] INFO  leader.FollowerInfo (FollowerInfoImpl.java:lambda$new$0(48)) - omNode-1@group-523986131536->omNode-3: nextIndex: updateUnconditionally 272 -> 45
2022-10-18 03:54:57,645 [grpc-default-executor-0] WARN  server.GrpcLogAppender (LogUtils.java:warn(122)) - omNode-1@group-523986131536->omNode-3-AppendLogResponseHandler: Failed appendEntries: org.apache.ratis.thirdparty.io.grpc.StatusRuntimeException: UNAVAILABLE: io exception
2022-10-18 03:54:57,646 [grpc-default-executor-0] INFO  leader.FollowerInfo (FollowerInfoImpl.java:lambda$new$0(48)) - omNode-1@group-523986131536->omNode-3: nextIndex: updateUnconditionally 272 -> 45
2022-10-18 03:54:57,652 [grpc-default-executor-0] WARN  server.GrpcLogAppender (LogUtils.java:warn(122)) - omNode-1@group-523986131536->omNode-3-AppendLogResponseHandler: Failed appendEntries: org.apache.ratis.thirdparty.io.grpc.StatusRuntimeException: UNAVAILABLE: io exception
2022-10-18 03:54:57,653 [grpc-default-executor-0] INFO  leader.FollowerInfo (FollowerInfoImpl.java:lambda$new$0(48)) - omNode-1@group-523986131536->omNode-3: nextIndex: updateUnconditionally 274 -> 45
2022-10-18 03:54:57,654 [grpc-default-executor-1] WARN  server.GrpcLogAppender (LogUtils.java:warn(122)) - omNode-1@group-523986131536->omNode-3-AppendLogResponseHandler: Failed appendEntries: org.apache.ratis.thirdparty.io.grpc.StatusRuntimeException: UNAVAILABLE: io exception
2022-10-18 03:54:57,654 [grpc-default-executor-1] INFO  leader.FollowerInfo (FollowerInfoImpl.java:lambda$new$0(48)) - omNode-1@group-523986131536->omNode-3: nextIndex: updateUnconditionally 274 -> 45
2022-10-18 03:54:57,665 [grpc-default-executor-1] WARN  server.GrpcLogAppender (LogUtils.java:warn(122)) - omNode-1@group-523986131536->omNode-3-AppendLogResponseHandler: Failed appendEntries: org.apache.ratis.thirdparty.io.grpc.StatusRuntimeException: UNAVAILABLE: io exception
2022-10-18 03:54:57,666 [grpc-default-executor-1] INFO  leader.FollowerInfo (FollowerInfoImpl.java:lambda$new$0(48)) - omNode-1@group-523986131536->omNode-3: nextIndex: updateUnconditionally 275 -> 45
2022-10-18 03:54:57,675 [grpc-default-executor-1] WARN  server.GrpcLogAppender (LogUtils.java:warn(122)) - omNode-1@group-523986131536->omNode-3-AppendLogResponseHandler: Failed appendEntries: org.apache.ratis.thirdparty.io.grpc.StatusRuntimeException: UNAVAILABLE: io exception
2022-10-18 03:54:57,676 [grpc-default-executor-1] INFO  leader.FollowerInfo (FollowerInfoImpl.java:lambda$new$0(48)) - omNode-1@group-523986131536->omNode-3: nextIndex: updateUnconditionally 275 -> 45
2022-10-18 03:54:57,678 [grpc-default-executor-0] WARN  server.GrpcLogAppender (LogUtils.java:warn(122)) - omNode-1@group-523986131536->omNode-3-AppendLogResponseHandler: Failed appendEntries: org.apache.ratis.thirdparty.io.grpc.StatusRuntimeException: UNAVAILABLE: io exception
2022-10-18 03:54:57,678 [grpc-default-executor-0] INFO  leader.FollowerInfo (FollowerInfoImpl.java:lambda$new$0(48)) - omNode-1@group-523986131536->omNode-3: nextIndex: updateUnconditionally 275 -> 45
2022-10-18 03:54:57,679 [grpc-default-executor-0] WARN  server.GrpcLogAppender (LogUtils.java:warn(122)) - omNode-1@group-523986131536->omNode-3-AppendLogResponseHandler: Failed appendEntries: org.apache.ratis.thirdparty.io.grpc.StatusRuntimeException: UNAVAILABLE: io exception
2022-10-18 03:54:57,679 [grpc-default-executor-0] INFO  leader.FollowerInfo (FollowerInfoImpl.java:lambda$new$0(48)) - omNode-1@group-523986131536->omNode-3: nextIndex: updateUnconditionally 276 -> 45
2022-10-18 03:54:57,683 [grpc-default-executor-0] WARN  server.GrpcLogAppender (LogUtils.java:warn(122)) - omNode-1@group-523986131536->omNode-3-AppendLogResponseHandler: Failed appendEntries: org.apache.ratis.thirdparty.io.grpc.StatusRuntimeException: UNAVAILABLE: io exception
2022-10-18 03:54:57,683 [grpc-default-executor-0] INFO  leader.FollowerInfo (FollowerInfoImpl.java:lambda$new$0(48)) - omNode-1@group-523986131536->omNode-3: nextIndex: updateUnconditionally 276 -> 45
2022-10-18 03:54:57,687 [grpc-default-executor-1] WARN  server.GrpcLogAppender (LogUtils.java:warn(122)) - omNode-1@group-523986131536->omNode-3-AppendLogResponseHandler: Failed appendEntries: org.apache.ratis.thirdparty.io.grpc.StatusRuntimeException: UNAVAILABLE: io exception
2022-10-18 03:54:57,687 [grpc-default-executor-1] INFO  leader.FollowerInfo (FollowerInfoImpl.java:lambda$new$0(48)) - omNode-1@group-523986131536->omNode-3: nextIndex: updateUnconditionally 277 -> 45
2022-10-18 03:54:57,690 [grpc-default-executor-1] WARN  server.GrpcLogAppender (LogUtils.java:warn(122)) - omNode-1@group-523986131536->omNode-3-AppendLogResponseHandler: Failed appendEntries: org.apache.ratis.thirdparty.io.grpc.StatusRuntimeException: UNAVAILABLE: io exception
2022-10-18 03:54:57,691 [grpc-default-executor-1] INFO  leader.FollowerInfo (FollowerInfoImpl.java:lambda$new$0(48)) - omNode-1@group-523986131536->omNode-3: nextIndex: updateUnconditionally 278 -> 45
2022-10-18 03:54:57,692 [grpc-default-executor-0] WARN  server.GrpcLogAppender (LogUtils.java:warn(122)) - omNode-1@group-523986131536->omNode-3-AppendLogResponseHandler: Failed appendEntries: org.apache.ratis.thirdparty.io.grpc.StatusRuntimeException: UNAVAILABLE: io exception
2022-10-18 03:54:57,692 [grpc-default-executor-0] INFO  leader.FollowerInfo (FollowerInfoImpl.java:lambda$new$0(48)) - omNode-1@group-523986131536->omNode-3: nextIndex: updateUnconditionally 278 -> 45
2022-10-18 03:54:57,694 [grpc-default-executor-2] WARN  server.GrpcLogAppender (LogUtils.java:warn(122)) - omNode-1@group-523986131536->omNode-3-AppendLogResponseHandler: Failed appendEntries: org.apache.ratis.thirdparty.io.grpc.StatusRuntimeException: UNAVAILABLE: io exception
2022-10-18 03:54:57,694 [grpc-default-executor-2] INFO  leader.FollowerInfo (FollowerInfoImpl.java:lambda$new$0(48)) - omNode-1@group-523986131536->omNode-3: nextIndex: updateUnconditionally 279 -> 45
2022-10-18 03:54:57,699 [grpc-default-executor-2] WARN  server.GrpcLogAppender (LogUtils.java:warn(122)) - omNode-1@group-523986131536->omNode-3-AppendLogResponseHandler: Failed appendEntries: org.apache.ratis.thirdparty.io.grpc.StatusRuntimeException: UNAVAILABLE: io exception
2022-10-18 03:54:57,699 [grpc-default-executor-2] INFO  leader.FollowerInfo (FollowerInfoImpl.java:lambda$new$0(48)) - omNode-1@group-523986131536->omNode-3: nextIndex: updateUnconditionally 279 -> 45
2022-10-18 03:54:57,700 [grpc-default-executor-0] WARN  server.GrpcLogAppender (LogUtils.java:warn(122)) - omNode-1@group-523986131536->omNode-3-AppendLogResponseHandler: Failed appendEntries: org.apache.ratis.thirdparty.io.grpc.StatusRuntimeException: UNAVAILABLE: io exception
2022-10-18 03:54:57,700 [grpc-default-executor-0] INFO  leader.FollowerInfo (FollowerInfoImpl.java:lambda$new$0(48)) - omNode-1@group-523986131536->omNode-3: nextIndex: updateUnconditionally 279 -> 45
2022-10-18 03:54:57,708 [grpc-default-executor-0] WARN  server.GrpcLogAppender (LogUtils.java:warn(122)) - omNode-1@group-523986131536->omNode-3-AppendLogResponseHandler: Failed appendEntries: org.apache.ratis.thirdparty.io.grpc.StatusRuntimeException: UNAVAILABLE: io exception
2022-10-18 03:54:57,708 [grpc-default-executor-0] INFO  leader.FollowerInfo (FollowerInfoImpl.java:lambda$new$0(48)) - omNode-1@group-523986131536->omNode-3: nextIndex: updateUnconditionally 280 -> 45
2022-10-18 03:54:57,713 [grpc-default-executor-0] WARN  server.GrpcLogAppender (LogUtils.java:warn(122)) - omNode-1@group-523986131536->omNode-3-AppendLogResponseHandler: Failed appendEntries: org.apache.ratis.thirdparty.io.grpc.StatusRuntimeException: UNAVAILABLE: io exception
2022-10-18 03:54:57,714 [grpc-default-executor-0] INFO  leader.FollowerInfo (FollowerInfoImpl.java:lambda$new$0(48)) - omNode-1@group-523986131536->omNode-3: nextIndex: updateUnconditionally 280 -> 45
2022-10-18 03:54:57,719 [grpc-default-executor-0] WARN  server.GrpcLogAppender (LogUtils.java:warn(122)) - omNode-1@group-523986131536->omNode-3-AppendLogResponseHandler: Failed appendEntries: org.apache.ratis.thirdparty.io.grpc.StatusRuntimeException: UNAVAILABLE: io exception
2022-10-18 03:54:57,719 [grpc-default-executor-0] INFO  leader.FollowerInfo (FollowerInfoImpl.java:lambda$new$0(48)) - omNode-1@group-523986131536->omNode-3: nextIndex: updateUnconditionally 282 -> 45
2022-10-18 03:54:57,722 [grpc-default-executor-2] WARN  server.GrpcLogAppender (LogUtils.java:warn(122)) - omNode-1@group-523986131536->omNode-3-AppendLogResponseHandler: Failed appendEntries: org.apache.ratis.thirdparty.io.grpc.StatusRuntimeException: UNAVAILABLE: io exception
2022-10-18 03:54:57,722 [grpc-default-executor-2] INFO  leader.FollowerInfo (FollowerInfoImpl.java:lambda$new$0(48)) - omNode-1@group-523986131536->omNode-3: nextIndex: updateUnconditionally 282 -> 45
2022-10-18 03:54:57,726 [grpc-default-executor-2] WARN  server.GrpcLogAppender (LogUtils.java:warn(122)) - omNode-1@group-523986131536->omNode-3-AppendLogResponseHandler: Failed appendEntries: org.apache.ratis.thirdparty.io.grpc.StatusRuntimeException: UNAVAILABLE: io exception
2022-10-18 03:54:57,726 [grpc-default-executor-2] INFO  leader.FollowerInfo (FollowerInfoImpl.java:lambda$new$0(48)) - omNode-1@group-523986131536->omNode-3: nextIndex: updateUnconditionally 283 -> 45
2022-10-18 03:54:57,731 [grpc-default-executor-0] WARN  server.GrpcLogAppender (LogUtils.java:warn(122)) - omNode-1@group-523986131536->omNode-3-AppendLogResponseHandler: Failed appendEntries: org.apache.ratis.thirdparty.io.grpc.StatusRuntimeException: UNAVAILABLE: io exception
2022-10-18 03:54:57,731 [grpc-default-executor-0] INFO  leader.FollowerInfo (FollowerInfoImpl.java:lambda$new$0(48)) - omNode-1@group-523986131536->omNode-3: nextIndex: updateUnconditionally 283 -> 45
2022-10-18 03:54:57,732 [grpc-default-executor-0] WARN  server.GrpcLogAppender (LogUtils.java:warn(122)) - omNode-1@group-523986131536->omNode-3-AppendLogResponseHandler: Failed appendEntries: org.apache.ratis.thirdparty.io.grpc.StatusRuntimeException: UNAVAILABLE: io exception
2022-10-18 03:54:57,732 [grpc-default-executor-0] INFO  leader.FollowerInfo (FollowerInfoImpl.java:lambda$new$0(48)) - omNode-1@group-523986131536->omNode-3: nextIndex: updateUnconditionally 283 -> 45
2022-10-18 03:54:57,735 [grpc-default-executor-1] WARN  server.GrpcLogAppender (LogUtils.java:warn(122)) - omNode-1@group-523986131536->omNode-3-AppendLogResponseHandler: Failed appendEntries: org.apache.ratis.thirdparty.io.grpc.StatusRuntimeException: UNAVAILABLE: io exception
2022-10-18 03:54:57,735 [grpc-default-executor-1] INFO  leader.FollowerInfo (FollowerInfoImpl.java:lambda$new$0(48)) - omNode-1@group-523986131536->omNode-3: nextIndex: updateUnconditionally 284 -> 45
2022-10-18 03:54:57,741 [grpc-default-executor-1] WARN  server.GrpcLogAppender (LogUtils.java:warn(122)) - omNode-1@group-523986131536->omNode-3-AppendLogResponseHandler: Failed appendEntries: org.apache.ratis.thirdparty.io.grpc.StatusRuntimeException: UNAVAILABLE: io exception
2022-10-18 03:54:57,741 [grpc-default-executor-1] INFO  leader.FollowerInfo (FollowerInfoImpl.java:lambda$new$0(48)) - omNode-1@group-523986131536->omNode-3: nextIndex: updateUnconditionally 284 -> 45
2022-10-18 03:54:57,743 [grpc-default-executor-0] WARN  server.GrpcLogAppender (LogUtils.java:warn(122)) - omNode-1@group-523986131536->omNode-3-AppendLogResponseHandler: Failed appendEntries: org.apache.ratis.thirdparty.io.grpc.StatusRuntimeException: UNAVAILABLE: io exception
2022-10-18 03:54:57,743 [grpc-default-executor-0] INFO  leader.FollowerInfo (FollowerInfoImpl.java:lambda$new$0(48)) - omNode-1@group-523986131536->omNode-3: nextIndex: updateUnconditionally 285 -> 45
2022-10-18 03:54:57,746 [grpc-default-executor-0] WARN  server.GrpcLogAppender (LogUtils.java:warn(122)) - omNode-1@group-523986131536->omNode-3-AppendLogResponseHandler: Failed appendEntries: org.apache.ratis.thirdparty.io.grpc.StatusRuntimeException: UNAVAILABLE: io exception
2022-10-18 03:54:57,747 [grpc-default-executor-0] INFO  leader.FollowerInfo (FollowerInfoImpl.java:lambda$new$0(48)) - omNode-1@group-523986131536->omNode-3: nextIndex: updateUnconditionally 286 -> 45
2022-10-18 03:54:57,752 [grpc-default-executor-1] WARN  server.GrpcLogAppender (LogUtils.java:warn(122)) - omNode-1@group-523986131536->omNode-3-AppendLogResponseHandler: Failed appendEntries: org.apache.ratis.thirdparty.io.grpc.StatusRuntimeException: UNAVAILABLE: io exception
2022-10-18 03:54:57,752 [grpc-default-executor-1] INFO  leader.FollowerInfo (FollowerInfoImpl.java:lambda$new$0(48)) - omNode-1@group-523986131536->omNode-3: nextIndex: updateUnconditionally 286 -> 45
2022-10-18 03:54:57,755 [grpc-default-executor-1] WARN  server.GrpcLogAppender (LogUtils.java:warn(122)) - omNode-1@group-523986131536->omNode-3-AppendLogResponseHandler: Failed appendEntries: org.apache.ratis.thirdparty.io.grpc.StatusRuntimeException: UNAVAILABLE: io exception
2022-10-18 03:54:57,755 [grpc-default-executor-1] INFO  leader.FollowerInfo (FollowerInfoImpl.java:lambda$new$0(48)) - omNode-1@group-523986131536->omNode-3: nextIndex: updateUnconditionally 287 -> 45
2022-10-18 03:54:57,765 [grpc-default-executor-1] WARN  server.GrpcLogAppender (LogUtils.java:warn(122)) - omNode-1@group-523986131536->omNode-3-AppendLogResponseHandler: Failed appendEntries: org.apache.ratis.thirdparty.io.grpc.StatusRuntimeException: UNAVAILABLE: io exception
2022-10-18 03:54:57,765 [grpc-default-executor-1] INFO  leader.FollowerInfo (FollowerInfoImpl.java:lambda$new$0(48)) - omNode-1@group-523986131536->omNode-3: nextIndex: updateUnconditionally 287 -> 45
2022-10-18 03:54:57,766 [grpc-default-executor-0] WARN  server.GrpcLogAppender (LogUtils.java:warn(122)) - omNode-1@group-523986131536->omNode-3-AppendLogResponseHandler: Failed appendEntries: org.apache.ratis.thirdparty.io.grpc.StatusRuntimeException: UNAVAILABLE: io exception
2022-10-18 03:54:57,766 [grpc-default-executor-0] INFO  leader.FollowerInfo (FollowerInfoImpl.java:lambda$new$0(48)) - omNode-1@group-523986131536->omNode-3: nextIndex: updateUnconditionally 288 -> 45
2022-10-18 03:54:57,769 [grpc-default-executor-0] WARN  server.GrpcLogAppender (LogUtils.java:warn(122)) - omNode-1@group-523986131536->omNode-3-AppendLogResponseHandler: Failed appendEntries: org.apache.ratis.thirdparty.io.grpc.StatusRuntimeException: UNAVAILABLE: io exception
2022-10-18 03:54:57,769 [grpc-default-executor-0] INFO  leader.FollowerInfo (FollowerInfoImpl.java:lambda$new$0(48)) - omNode-1@group-523986131536->omNode-3: nextIndex: updateUnconditionally 289 -> 45
2022-10-18 03:54:57,776 [grpc-default-executor-1] WARN  server.GrpcLogAppender (LogUtils.java:warn(122)) - omNode-1@group-523986131536->omNode-3-AppendLogResponseHandler: Failed appendEntries: org.apache.ratis.thirdparty.io.grpc.StatusRuntimeException: UNAVAILABLE: io exception
2022-10-18 03:54:57,777 [grpc-default-executor-1] INFO  leader.FollowerInfo (FollowerInfoImpl.java:lambda$new$0(48)) - omNode-1@group-523986131536->omNode-3: nextIndex: updateUnconditionally 289 -> 45
2022-10-18 03:54:57,779 [grpc-default-executor-1] WARN  server.GrpcLogAppender (LogUtils.java:warn(122)) - omNode-1@group-523986131536->omNode-3-AppendLogResponseHandler: Failed appendEntries: org.apache.ratis.thirdparty.io.grpc.StatusRuntimeException: UNAVAILABLE: io exception
2022-10-18 03:54:57,779 [grpc-default-executor-1] INFO  leader.FollowerInfo (FollowerInfoImpl.java:lambda$new$0(48)) - omNode-1@group-523986131536->omNode-3: nextIndex: updateUnconditionally 289 -> 45
2022-10-18 03:54:57,781 [grpc-default-executor-1] WARN  server.GrpcLogAppender (LogUtils.java:warn(122)) - omNode-1@group-523986131536->omNode-3-AppendLogResponseHandler: Failed appendEntries: org.apache.ratis.thirdparty.io.grpc.StatusRuntimeException: UNAVAILABLE: io exception
2022-10-18 03:54:57,781 [grpc-default-executor-1] INFO  leader.FollowerInfo (FollowerInfoImpl.java:lambda$new$0(48)) - omNode-1@group-523986131536->omNode-3: nextIndex: updateUnconditionally 290 -> 45
2022-10-18 03:54:57,783 [grpc-default-executor-1] WARN  server.GrpcLogAppender (LogUtils.java:warn(122)) - omNode-1@group-523986131536->omNode-3-AppendLogResponseHandler: Failed appendEntries: org.apache.ratis.thirdparty.io.grpc.StatusRuntimeException: UNAVAILABLE: io exception
2022-10-18 03:54:57,783 [grpc-default-executor-1] INFO  leader.FollowerInfo (FollowerInfoImpl.java:lambda$new$0(48)) - omNode-1@group-523986131536->omNode-3: nextIndex: updateUnconditionally 290 -> 45
2022-10-18 03:54:57,789 [grpc-default-executor-0] WARN  server.GrpcLogAppender (LogUtils.java:warn(122)) - omNode-1@group-523986131536->omNode-3-AppendLogResponseHandler: Failed appendEntries: org.apache.ratis.thirdparty.io.grpc.StatusRuntimeException: UNAVAILABLE: io exception
2022-10-18 03:54:57,789 [grpc-default-executor-0] INFO  leader.FollowerInfo (FollowerInfoImpl.java:lambda$new$0(48)) - omNode-1@group-523986131536->omNode-3: nextIndex: updateUnconditionally 291 -> 45
2022-10-18 03:54:57,797 [grpc-default-executor-0] WARN  server.GrpcLogAppender (LogUtils.java:warn(122)) - omNode-1@group-523986131536->omNode-3-AppendLogResponseHandler: Failed appendEntries: org.apache.ratis.thirdparty.io.grpc.StatusRuntimeException: UNAVAILABLE: io exception
2022-10-18 03:54:57,797 [grpc-default-executor-0] INFO  leader.FollowerInfo (FollowerInfoImpl.java:lambda$new$0(48)) - omNode-1@group-523986131536->omNode-3: nextIndex: updateUnconditionally 291 -> 45
2022-10-18 03:54:57,799 [grpc-default-executor-0] WARN  server.GrpcLogAppender (LogUtils.java:warn(122)) - omNode-1@group-523986131536->omNode-3-AppendLogResponseHandler: Failed appendEntries: org.apache.ratis.thirdparty.io.grpc.StatusRuntimeException: UNAVAILABLE: io exception
2022-10-18 03:54:57,799 [grpc-default-executor-0] INFO  leader.FollowerInfo (FollowerInfoImpl.java:lambda$new$0(48)) - omNode-1@group-523986131536->omNode-3: nextIndex: updateUnconditionally 292 -> 45
2022-10-18 03:54:57,803 [grpc-default-executor-1] WARN  server.GrpcLogAppender (LogUtils.java:warn(122)) - omNode-1@group-523986131536->omNode-3-AppendLogResponseHandler: Failed appendEntries: org.apache.ratis.thirdparty.io.grpc.StatusRuntimeException: UNAVAILABLE: io exception
2022-10-18 03:54:57,803 [grpc-default-executor-1] INFO  leader.FollowerInfo (FollowerInfoImpl.java:lambda$new$0(48)) - omNode-1@group-523986131536->omNode-3: nextIndex: updateUnconditionally 292 -> 45
2022-10-18 03:54:57,808 [grpc-default-executor-0] WARN  server.GrpcLogAppender (LogUtils.java:warn(122)) - omNode-1@group-523986131536->omNode-3-AppendLogResponseHandler: Failed appendEntries: org.apache.ratis.thirdparty.io.grpc.StatusRuntimeException: UNAVAILABLE: io exception
2022-10-18 03:54:57,808 [grpc-default-executor-0] INFO  leader.FollowerInfo (FollowerInfoImpl.java:lambda$new$0(48)) - omNode-1@group-523986131536->omNode-3: nextIndex: updateUnconditionally 293 -> 45
2022-10-18 03:54:57,809 [grpc-default-executor-1] WARN  server.GrpcLogAppender (LogUtils.java:warn(122)) - omNode-1@group-523986131536->omNode-3-AppendLogResponseHandler: Failed appendEntries: org.apache.ratis.thirdparty.io.grpc.StatusRuntimeException: UNAVAILABLE: io exception
2022-10-18 03:54:57,809 [grpc-default-executor-1] INFO  leader.FollowerInfo (FollowerInfoImpl.java:lambda$new$0(48)) - omNode-1@group-523986131536->omNode-3: nextIndex: updateUnconditionally 293 -> 45
2022-10-18 03:54:57,811 [grpc-default-executor-1] WARN  server.GrpcLogAppender (LogUtils.java:warn(122)) - omNode-1@group-523986131536->omNode-3-AppendLogResponseHandler: Failed appendEntries: org.apache.ratis.thirdparty.io.grpc.StatusRuntimeException: UNAVAILABLE: io exception
2022-10-18 03:54:57,811 [grpc-default-executor-1] INFO  leader.FollowerInfo (FollowerInfoImpl.java:lambda$new$0(48)) - omNode-1@group-523986131536->omNode-3: nextIndex: updateUnconditionally 294 -> 45
2022-10-18 03:54:57,815 [grpc-default-executor-1] WARN  server.GrpcLogAppender (LogUtils.java:warn(122)) - omNode-1@group-523986131536->omNode-3-AppendLogResponseHandler: Failed appendEntries: org.apache.ratis.thirdparty.io.grpc.StatusRuntimeException: UNAVAILABLE: io exception
2022-10-18 03:54:57,815 [grpc-default-executor-1] INFO  leader.FollowerInfo (FollowerInfoImpl.java:lambda$new$0(48)) - omNode-1@group-523986131536->omNode-3: nextIndex: updateUnconditionally 294 -> 45
2022-10-18 03:54:57,818 [grpc-default-executor-2] WARN  server.GrpcLogAppender (LogUtils.java:warn(122)) - omNode-1@group-523986131536->omNode-3-AppendLogResponseHandler: Failed appendEntries: org.apache.ratis.thirdparty.io.grpc.StatusRuntimeException: UNAVAILABLE: io exception
2022-10-18 03:54:57,818 [grpc-default-executor-2] INFO  leader.FollowerInfo (FollowerInfoImpl.java:lambda$new$0(48)) - omNode-1@group-523986131536->omNode-3: nextIndex: updateUnconditionally 295 -> 45
2022-10-18 03:54:57,827 [grpc-default-executor-2] WARN  server.GrpcLogAppender (LogUtils.java:warn(122)) - omNode-1@group-523986131536->omNode-3-AppendLogResponseHandler: Failed appendEntries: org.apache.ratis.thirdparty.io.grpc.StatusRuntimeException: UNAVAILABLE: io exception
2022-10-18 03:54:57,828 [grpc-default-executor-2] INFO  leader.FollowerInfo (FollowerInfoImpl.java:lambda$new$0(48)) - omNode-1@group-523986131536->omNode-3: nextIndex: updateUnconditionally 295 -> 45
2022-10-18 03:54:57,829 [grpc-default-executor-1] WARN  server.GrpcLogAppender (LogUtils.java:warn(122)) - omNode-1@group-523986131536->omNode-3-AppendLogResponseHandler: Failed appendEntries: org.apache.ratis.thirdparty.io.grpc.StatusRuntimeException: UNAVAILABLE: io exception
2022-10-18 03:54:57,829 [grpc-default-executor-1] INFO  leader.FollowerInfo (FollowerInfoImpl.java:lambda$new$0(48)) - omNode-1@group-523986131536->omNode-3: nextIndex: updateUnconditionally 295 -> 45
2022-10-18 03:54:57,831 [grpc-default-executor-2] WARN  server.GrpcLogAppender (LogUtils.java:warn(122)) - omNode-1@group-523986131536->omNode-3-AppendLogResponseHandler: Failed appendEntries: org.apache.ratis.thirdparty.io.grpc.StatusRuntimeException: UNAVAILABLE: io exception
2022-10-18 03:54:57,831 [grpc-default-executor-2] INFO  leader.FollowerInfo (FollowerInfoImpl.java:lambda$new$0(48)) - omNode-1@group-523986131536->omNode-3: nextIndex: updateUnconditionally 296 -> 45
2022-10-18 03:54:57,835 [grpc-default-executor-2] WARN  server.GrpcLogAppender (LogUtils.java:warn(122)) - omNode-1@group-523986131536->omNode-3-AppendLogResponseHandler: Failed appendEntries: org.apache.ratis.thirdparty.io.grpc.StatusRuntimeException: UNAVAILABLE: io exception
2022-10-18 03:54:57,835 [grpc-default-executor-2] INFO  leader.FollowerInfo (FollowerInfoImpl.java:lambda$new$0(48)) - omNode-1@group-523986131536->omNode-3: nextIndex: updateUnconditionally 296 -> 45
2022-10-18 03:54:57,836 [grpc-default-executor-1] WARN  server.GrpcLogAppender (LogUtils.java:warn(122)) - omNode-1@group-523986131536->omNode-3-AppendLogResponseHandler: Failed appendEntries: org.apache.ratis.thirdparty.io.grpc.StatusRuntimeException: UNAVAILABLE: io exception
2022-10-18 03:54:57,836 [grpc-default-executor-1] INFO  leader.FollowerInfo (FollowerInfoImpl.java:lambda$new$0(48)) - omNode-1@group-523986131536->omNode-3: nextIndex: updateUnconditionally 297 -> 45
2022-10-18 03:54:57,840 [grpc-default-executor-2] WARN  server.GrpcLogAppender (LogUtils.java:warn(122)) - omNode-1@group-523986131536->omNode-3-AppendLogResponseHandler: Failed appendEntries: org.apache.ratis.thirdparty.io.grpc.StatusRuntimeException: UNAVAILABLE: io exception
2022-10-18 03:54:57,840 [grpc-default-executor-2] INFO  leader.FollowerInfo (FollowerInfoImpl.java:lambda$new$0(48)) - omNode-1@group-523986131536->omNode-3: nextIndex: updateUnconditionally 298 -> 45
2022-10-18 03:54:57,842 [grpc-default-executor-2] WARN  server.GrpcLogAppender (LogUtils.java:warn(122)) - omNode-1@group-523986131536->omNode-3-AppendLogResponseHandler: Failed appendEntries: org.apache.ratis.thirdparty.io.grpc.StatusRuntimeException: UNAVAILABLE: io exception
2022-10-18 03:54:57,842 [grpc-default-executor-2] INFO  leader.FollowerInfo (FollowerInfoImpl.java:lambda$new$0(48)) - omNode-1@group-523986131536->omNode-3: nextIndex: updateUnconditionally 298 -> 45
2022-10-18 03:54:57,843 [grpc-default-executor-2] WARN  server.GrpcLogAppender (LogUtils.java:warn(122)) - omNode-1@group-523986131536->omNode-3-AppendLogResponseHandler: Failed appendEntries: org.apache.ratis.thirdparty.io.grpc.StatusRuntimeException: UNAVAILABLE: io exception
2022-10-18 03:54:57,844 [grpc-default-executor-2] INFO  leader.FollowerInfo (FollowerInfoImpl.java:lambda$new$0(48)) - omNode-1@group-523986131536->omNode-3: nextIndex: updateUnconditionally 298 -> 45
2022-10-18 03:54:57,853 [grpc-default-executor-2] WARN  server.GrpcLogAppender (LogUtils.java:warn(122)) - omNode-1@group-523986131536->omNode-3-AppendLogResponseHandler: Failed appendEntries: org.apache.ratis.thirdparty.io.grpc.StatusRuntimeException: UNAVAILABLE: io exception
2022-10-18 03:54:57,853 [grpc-default-executor-2] INFO  leader.FollowerInfo (FollowerInfoImpl.java:lambda$new$0(48)) - omNode-1@group-523986131536->omNode-3: nextIndex: updateUnconditionally 299 -> 45
2022-10-18 03:54:57,861 [grpc-default-executor-1] WARN  server.GrpcLogAppender (LogUtils.java:warn(122)) - omNode-1@group-523986131536->omNode-3-AppendLogResponseHandler: Failed appendEntries: org.apache.ratis.thirdparty.io.grpc.StatusRuntimeException: UNAVAILABLE: io exception
2022-10-18 03:54:57,861 [grpc-default-executor-1] INFO  leader.FollowerInfo (FollowerInfoImpl.java:lambda$new$0(48)) - omNode-1@group-523986131536->omNode-3: nextIndex: updateUnconditionally 299 -> 45
2022-10-18 03:54:57,862 [grpc-default-executor-1] WARN  server.GrpcLogAppender (LogUtils.java:warn(122)) - omNode-1@group-523986131536->omNode-3-AppendLogResponseHandler: Failed appendEntries: org.apache.ratis.thirdparty.io.grpc.StatusRuntimeException: UNAVAILABLE: io exception
2022-10-18 03:54:57,862 [grpc-default-executor-1] INFO  leader.FollowerInfo (FollowerInfoImpl.java:lambda$new$0(48)) - omNode-1@group-523986131536->omNode-3: nextIndex: updateUnconditionally 299 -> 45
2022-10-18 03:54:57,864 [grpc-default-executor-2] WARN  server.GrpcLogAppender (LogUtils.java:warn(122)) - omNode-1@group-523986131536->omNode-3-AppendLogResponseHandler: Failed appendEntries: org.apache.ratis.thirdparty.io.grpc.StatusRuntimeException: UNAVAILABLE: io exception
2022-10-18 03:54:57,864 [grpc-default-executor-2] INFO  leader.FollowerInfo (FollowerInfoImpl.java:lambda$new$0(48)) - omNode-1@group-523986131536->omNode-3: nextIndex: updateUnconditionally 300 -> 45
2022-10-18 03:54:57,866 [grpc-default-executor-1] WARN  server.GrpcLogAppender (LogUtils.java:warn(122)) - omNode-1@group-523986131536->omNode-3-AppendLogResponseHandler: Failed appendEntries: org.apache.ratis.thirdparty.io.grpc.StatusRuntimeException: UNAVAILABLE: io exception
2022-10-18 03:54:57,866 [grpc-default-executor-1] INFO  leader.FollowerInfo (FollowerInfoImpl.java:lambda$new$0(48)) - omNode-1@group-523986131536->omNode-3: nextIndex: updateUnconditionally 300 -> 45
2022-10-18 03:54:57,869 [omNode-1@group-523986131536-StateMachineUpdater] INFO  ratis.OzoneManagerStateMachine (OzoneManagerStateMachine.java:takeSnapshot(441)) - Current Snapshot Index (t:1, i:300)
2022-10-18 03:54:57,869 [omNode-1@group-523986131536-StateMachineUpdater] INFO  impl.StateMachineUpdater (StateMachineUpdater.java:takeSnapshot(287)) - omNode-1@group-523986131536-StateMachineUpdater: Took a snapshot at index 300
2022-10-18 03:54:57,870 [omNode-1@group-523986131536-StateMachineUpdater] INFO  impl.StateMachineUpdater (StateMachineUpdater.java:lambda$new$0(92)) - omNode-1@group-523986131536-StateMachineUpdater: snapshotIndex: updateIncreasingly 250 -> 300
2022-10-18 03:54:57,870 [omNode-1@group-523986131536-StateMachineUpdater] INFO  raftlog.RaftLog (RaftLogBase.java:purge(308)) - omNode-1@group-523986131536-SegmentedRaftLog: purge 300
2022-10-18 03:54:57,870 [omNode-1@group-523986131536-StateMachineUpdater] INFO  raftlog.RaftLog (RaftLogBase.java:lambda$new$0(53)) - omNode-1@group-523986131536-SegmentedRaftLog: snapshotIndex: updateIncreasingly 250 -> 300
2022-10-18 03:54:57,870 [omNode-1@group-523986131536-StateMachineUpdater] INFO  raftlog.RaftLog (RaftLogBase.java:lambda$new$0(53)) - omNode-1@group-523986131536-SegmentedRaftLog: purgeIndex: updateToMax old=250, new=300, updated? true
2022-10-18 03:54:57,873 [grpc-default-executor-1] WARN  server.GrpcLogAppender (LogUtils.java:warn(122)) - omNode-1@group-523986131536->omNode-3-AppendLogResponseHandler: Failed appendEntries: org.apache.ratis.thirdparty.io.grpc.StatusRuntimeException: UNAVAILABLE: io exception
2022-10-18 03:54:57,873 [grpc-default-executor-1] INFO  leader.FollowerInfo (FollowerInfoImpl.java:lambda$new$0(48)) - omNode-1@group-523986131536->omNode-3: nextIndex: updateUnconditionally 302 -> 45
2022-10-18 03:54:57,876 [grpc-default-executor-2] WARN  server.GrpcLogAppender (LogUtils.java:warn(122)) - omNode-1@group-523986131536->omNode-3-AppendLogResponseHandler: Failed appendEntries: org.apache.ratis.thirdparty.io.grpc.StatusRuntimeException: UNAVAILABLE: io exception
2022-10-18 03:54:57,877 [grpc-default-executor-2] INFO  leader.FollowerInfo (FollowerInfoImpl.java:lambda$new$0(48)) - omNode-1@group-523986131536->omNode-3: nextIndex: updateUnconditionally 303 -> 45
2022-10-18 03:54:57,881 [grpc-default-executor-1] WARN  server.GrpcLogAppender (LogUtils.java:warn(122)) - omNode-1@group-523986131536->omNode-3-AppendLogResponseHandler: Failed appendEntries: org.apache.ratis.thirdparty.io.grpc.StatusRuntimeException: UNAVAILABLE: io exception
2022-10-18 03:54:57,881 [grpc-default-executor-1] INFO  leader.FollowerInfo (FollowerInfoImpl.java:lambda$new$0(48)) - omNode-1@group-523986131536->omNode-3: nextIndex: updateUnconditionally 303 -> 45
2022-10-18 03:54:57,882 [grpc-default-executor-2] WARN  server.GrpcLogAppender (LogUtils.java:warn(122)) - omNode-1@group-523986131536->omNode-3-AppendLogResponseHandler: Failed appendEntries: org.apache.ratis.thirdparty.io.grpc.StatusRuntimeException: UNAVAILABLE: io exception
2022-10-18 03:54:57,883 [grpc-default-executor-2] INFO  leader.FollowerInfo (FollowerInfoImpl.java:lambda$new$0(48)) - omNode-1@group-523986131536->omNode-3: nextIndex: updateUnconditionally 303 -> 45
2022-10-18 03:54:57,888 [grpc-default-executor-1] WARN  server.GrpcLogAppender (LogUtils.java:warn(122)) - omNode-1@group-523986131536->omNode-3-AppendLogResponseHandler: Failed appendEntries: org.apache.ratis.thirdparty.io.grpc.StatusRuntimeException: UNAVAILABLE: io exception
2022-10-18 03:54:57,888 [grpc-default-executor-1] INFO  leader.FollowerInfo (FollowerInfoImpl.java:lambda$new$0(48)) - omNode-1@group-523986131536->omNode-3: nextIndex: updateUnconditionally 304 -> 45
2022-10-18 03:54:57,889 [grpc-default-executor-2] WARN  server.GrpcLogAppender (LogUtils.java:warn(122)) - omNode-1@group-523986131536->omNode-3-AppendLogResponseHandler: Failed appendEntries: org.apache.ratis.thirdparty.io.grpc.StatusRuntimeException: UNAVAILABLE: io exception
2022-10-18 03:54:57,890 [grpc-default-executor-2] INFO  leader.FollowerInfo (FollowerInfoImpl.java:lambda$new$0(48)) - omNode-1@group-523986131536->omNode-3: nextIndex: updateUnconditionally 304 -> 45
2022-10-18 03:54:57,893 [grpc-default-executor-1] WARN  server.GrpcLogAppender (LogUtils.java:warn(122)) - omNode-1@group-523986131536->omNode-3-AppendLogResponseHandler: Failed appendEntries: org.apache.ratis.thirdparty.io.grpc.StatusRuntimeException: UNAVAILABLE: io exception
2022-10-18 03:54:57,893 [grpc-default-executor-1] INFO  leader.FollowerInfo (FollowerInfoImpl.java:lambda$new$0(48)) - omNode-1@group-523986131536->omNode-3: nextIndex: updateUnconditionally 305 -> 45
2022-10-18 03:54:57,895 [grpc-default-executor-1] WARN  server.GrpcLogAppender (LogUtils.java:warn(122)) - omNode-1@group-523986131536->omNode-3-AppendLogResponseHandler: Failed appendEntries: org.apache.ratis.thirdparty.io.grpc.StatusRuntimeException: UNAVAILABLE: io exception
2022-10-18 03:54:57,895 [grpc-default-executor-1] INFO  leader.FollowerInfo (FollowerInfoImpl.java:lambda$new$0(48)) - omNode-1@group-523986131536->omNode-3: nextIndex: updateUnconditionally 306 -> 45
2022-10-18 03:54:57,897 [grpc-default-executor-1] WARN  server.GrpcLogAppender (LogUtils.java:warn(122)) - omNode-1@group-523986131536->omNode-3-AppendLogResponseHandler: Failed appendEntries: org.apache.ratis.thirdparty.io.grpc.StatusRuntimeException: UNAVAILABLE: io exception
2022-10-18 03:54:57,897 [grpc-default-executor-1] INFO  leader.FollowerInfo (FollowerInfoImpl.java:lambda$new$0(48)) - omNode-1@group-523986131536->omNode-3: nextIndex: updateUnconditionally 306 -> 45
2022-10-18 03:54:57,898 [grpc-default-executor-2] WARN  server.GrpcLogAppender (LogUtils.java:warn(122)) - omNode-1@group-523986131536->omNode-3-AppendLogResponseHandler: Failed appendEntries: org.apache.ratis.thirdparty.io.grpc.StatusRuntimeException: UNAVAILABLE: io exception
2022-10-18 03:54:57,898 [grpc-default-executor-2] INFO  leader.FollowerInfo (FollowerInfoImpl.java:lambda$new$0(48)) - omNode-1@group-523986131536->omNode-3: nextIndex: updateUnconditionally 306 -> 45
2022-10-18 03:54:57,899 [grpc-default-executor-2] WARN  server.GrpcLogAppender (LogUtils.java:warn(122)) - omNode-1@group-523986131536->omNode-3-AppendLogResponseHandler: Failed appendEntries: org.apache.ratis.thirdparty.io.grpc.StatusRuntimeException: UNAVAILABLE: io exception
2022-10-18 03:54:57,900 [grpc-default-executor-2] INFO  leader.FollowerInfo (FollowerInfoImpl.java:lambda$new$0(48)) - omNode-1@group-523986131536->omNode-3: nextIndex: updateUnconditionally 307 -> 45
2022-10-18 03:54:57,903 [grpc-default-executor-1] WARN  server.GrpcLogAppender (LogUtils.java:warn(122)) - omNode-1@group-523986131536->omNode-3-AppendLogResponseHandler: Failed appendEntries: org.apache.ratis.thirdparty.io.grpc.StatusRuntimeException: UNAVAILABLE: io exception
2022-10-18 03:54:57,904 [grpc-default-executor-1] INFO  leader.FollowerInfo (FollowerInfoImpl.java:lambda$new$0(48)) - omNode-1@group-523986131536->omNode-3: nextIndex: updateUnconditionally 307 -> 45
2022-10-18 03:54:57,905 [omNode-2@group-523986131536-StateMachineUpdater] INFO  ratis.OzoneManagerStateMachine (OzoneManagerStateMachine.java:takeSnapshot(441)) - Current Snapshot Index (t:1, i:305)
2022-10-18 03:54:57,905 [omNode-2@group-523986131536-StateMachineUpdater] INFO  impl.StateMachineUpdater (StateMachineUpdater.java:takeSnapshot(287)) - omNode-2@group-523986131536-StateMachineUpdater: Took a snapshot at index 305
2022-10-18 03:54:57,905 [omNode-2@group-523986131536-StateMachineUpdater] INFO  impl.StateMachineUpdater (StateMachineUpdater.java:lambda$new$0(92)) - omNode-2@group-523986131536-StateMachineUpdater: snapshotIndex: updateIncreasingly 254 -> 305
2022-10-18 03:54:57,905 [omNode-2@group-523986131536-StateMachineUpdater] INFO  raftlog.RaftLog (RaftLogBase.java:purge(308)) - omNode-2@group-523986131536-SegmentedRaftLog: purge 305
2022-10-18 03:54:57,905 [omNode-2@group-523986131536-StateMachineUpdater] INFO  raftlog.RaftLog (RaftLogBase.java:lambda$new$0(53)) - omNode-2@group-523986131536-SegmentedRaftLog: snapshotIndex: updateIncreasingly 254 -> 305
2022-10-18 03:54:57,905 [omNode-2@group-523986131536-StateMachineUpdater] INFO  raftlog.RaftLog (RaftLogBase.java:lambda$new$0(53)) - omNode-2@group-523986131536-SegmentedRaftLog: purgeIndex: updateToMax old=254, new=305, updated? true
2022-10-18 03:54:57,906 [grpc-default-executor-2] WARN  server.GrpcLogAppender (LogUtils.java:warn(122)) - omNode-1@group-523986131536->omNode-3-AppendLogResponseHandler: Failed appendEntries: org.apache.ratis.thirdparty.io.grpc.StatusRuntimeException: UNAVAILABLE: io exception
2022-10-18 03:54:57,906 [grpc-default-executor-2] INFO  leader.FollowerInfo (FollowerInfoImpl.java:lambda$new$0(48)) - omNode-1@group-523986131536->omNode-3: nextIndex: updateUnconditionally 307 -> 45
2022-10-18 03:54:57,915 [grpc-default-executor-2] WARN  server.GrpcLogAppender (LogUtils.java:warn(122)) - omNode-1@group-523986131536->omNode-3-AppendLogResponseHandler: Failed appendEntries: org.apache.ratis.thirdparty.io.grpc.StatusRuntimeException: UNAVAILABLE: io exception
2022-10-18 03:54:57,915 [grpc-default-executor-2] INFO  leader.FollowerInfo (FollowerInfoImpl.java:lambda$new$0(48)) - omNode-1@group-523986131536->omNode-3: nextIndex: updateUnconditionally 308 -> 45
2022-10-18 03:54:57,919 [grpc-default-executor-1] WARN  server.GrpcLogAppender (LogUtils.java:warn(122)) - omNode-1@group-523986131536->omNode-3-AppendLogResponseHandler: Failed appendEntries: org.apache.ratis.thirdparty.io.grpc.StatusRuntimeException: UNAVAILABLE: io exception
2022-10-18 03:54:57,919 [grpc-default-executor-1] INFO  leader.FollowerInfo (FollowerInfoImpl.java:lambda$new$0(48)) - omNode-1@group-523986131536->omNode-3: nextIndex: updateUnconditionally 308 -> 45
2022-10-18 03:54:57,920 [grpc-default-executor-2] WARN  server.GrpcLogAppender (LogUtils.java:warn(122)) - omNode-1@group-523986131536->omNode-3-AppendLogResponseHandler: Failed appendEntries: org.apache.ratis.thirdparty.io.grpc.StatusRuntimeException: UNAVAILABLE: io exception
2022-10-18 03:54:57,920 [grpc-default-executor-2] INFO  leader.FollowerInfo (FollowerInfoImpl.java:lambda$new$0(48)) - omNode-1@group-523986131536->omNode-3: nextIndex: updateUnconditionally 309 -> 45
2022-10-18 03:54:57,924 [grpc-default-executor-1] WARN  server.GrpcLogAppender (LogUtils.java:warn(122)) - omNode-1@group-523986131536->omNode-3-AppendLogResponseHandler: Failed appendEntries: org.apache.ratis.thirdparty.io.grpc.StatusRuntimeException: UNAVAILABLE: io exception
2022-10-18 03:54:57,924 [grpc-default-executor-1] INFO  leader.FollowerInfo (FollowerInfoImpl.java:lambda$new$0(48)) - omNode-1@group-523986131536->omNode-3: nextIndex: updateUnconditionally 310 -> 45
2022-10-18 03:54:57,930 [grpc-default-executor-1] WARN  server.GrpcLogAppender (LogUtils.java:warn(122)) - omNode-1@group-523986131536->omNode-3-AppendLogResponseHandler: Failed appendEntries: org.apache.ratis.thirdparty.io.grpc.StatusRuntimeException: UNAVAILABLE: io exception
2022-10-18 03:54:57,930 [grpc-default-executor-1] INFO  leader.FollowerInfo (FollowerInfoImpl.java:lambda$new$0(48)) - omNode-1@group-523986131536->omNode-3: nextIndex: updateUnconditionally 310 -> 45
2022-10-18 03:54:57,931 [grpc-default-executor-1] WARN  server.GrpcLogAppender (LogUtils.java:warn(122)) - omNode-1@group-523986131536->omNode-3-AppendLogResponseHandler: Failed appendEntries: org.apache.ratis.thirdparty.io.grpc.StatusRuntimeException: UNAVAILABLE: io exception
2022-10-18 03:54:57,931 [grpc-default-executor-1] INFO  leader.FollowerInfo (FollowerInfoImpl.java:lambda$new$0(48)) - omNode-1@group-523986131536->omNode-3: nextIndex: updateUnconditionally 310 -> 45
2022-10-18 03:54:57,936 [grpc-default-executor-1] WARN  server.GrpcLogAppender (LogUtils.java:warn(122)) - omNode-1@group-523986131536->omNode-3-AppendLogResponseHandler: Failed appendEntries: org.apache.ratis.thirdparty.io.grpc.StatusRuntimeException: UNAVAILABLE: io exception
2022-10-18 03:54:57,936 [grpc-default-executor-1] INFO  leader.FollowerInfo (FollowerInfoImpl.java:lambda$new$0(48)) - omNode-1@group-523986131536->omNode-3: nextIndex: updateUnconditionally 311 -> 45
2022-10-18 03:54:57,945 [grpc-default-executor-2] WARN  server.GrpcLogAppender (LogUtils.java:warn(122)) - omNode-1@group-523986131536->omNode-3-AppendLogResponseHandler: Failed appendEntries: org.apache.ratis.thirdparty.io.grpc.StatusRuntimeException: UNAVAILABLE: io exception
2022-10-18 03:54:57,945 [grpc-default-executor-2] INFO  leader.FollowerInfo (FollowerInfoImpl.java:lambda$new$0(48)) - omNode-1@group-523986131536->omNode-3: nextIndex: updateUnconditionally 311 -> 45
2022-10-18 03:54:57,947 [grpc-default-executor-1] WARN  server.GrpcLogAppender (LogUtils.java:warn(122)) - omNode-1@group-523986131536->omNode-3-AppendLogResponseHandler: Failed appendEntries: org.apache.ratis.thirdparty.io.grpc.StatusRuntimeException: UNAVAILABLE: io exception
2022-10-18 03:54:57,947 [grpc-default-executor-1] INFO  leader.FollowerInfo (FollowerInfoImpl.java:lambda$new$0(48)) - omNode-1@group-523986131536->omNode-3: nextIndex: updateUnconditionally 312 -> 45
2022-10-18 03:54:57,952 [grpc-default-executor-1] WARN  server.GrpcLogAppender (LogUtils.java:warn(122)) - omNode-1@group-523986131536->omNode-3-AppendLogResponseHandler: Failed appendEntries: org.apache.ratis.thirdparty.io.grpc.StatusRuntimeException: UNAVAILABLE: io exception
2022-10-18 03:54:57,952 [grpc-default-executor-1] INFO  leader.FollowerInfo (FollowerInfoImpl.java:lambda$new$0(48)) - omNode-1@group-523986131536->omNode-3: nextIndex: updateUnconditionally 312 -> 45
2022-10-18 03:54:57,954 [grpc-default-executor-2] WARN  server.GrpcLogAppender (LogUtils.java:warn(122)) - omNode-1@group-523986131536->omNode-3-AppendLogResponseHandler: Failed appendEntries: org.apache.ratis.thirdparty.io.grpc.StatusRuntimeException: UNAVAILABLE: io exception
2022-10-18 03:54:57,955 [grpc-default-executor-2] INFO  leader.FollowerInfo (FollowerInfoImpl.java:lambda$new$0(48)) - omNode-1@group-523986131536->omNode-3: nextIndex: updateUnconditionally 314 -> 45
2022-10-18 03:54:57,960 [grpc-default-executor-1] WARN  server.GrpcLogAppender (LogUtils.java:warn(122)) - omNode-1@group-523986131536->omNode-3-AppendLogResponseHandler: Failed appendEntries: org.apache.ratis.thirdparty.io.grpc.StatusRuntimeException: UNAVAILABLE: io exception
2022-10-18 03:54:57,960 [grpc-default-executor-1] INFO  leader.FollowerInfo (FollowerInfoImpl.java:lambda$new$0(48)) - omNode-1@group-523986131536->omNode-3: nextIndex: updateUnconditionally 314 -> 45
2022-10-18 03:54:57,964 [grpc-default-executor-1] WARN  server.GrpcLogAppender (LogUtils.java:warn(122)) - omNode-1@group-523986131536->omNode-3-AppendLogResponseHandler: Failed appendEntries: org.apache.ratis.thirdparty.io.grpc.StatusRuntimeException: UNAVAILABLE: io exception
2022-10-18 03:54:57,964 [grpc-default-executor-1] INFO  leader.FollowerInfo (FollowerInfoImpl.java:lambda$new$0(48)) - omNode-1@group-523986131536->omNode-3: nextIndex: updateUnconditionally 315 -> 45
2022-10-18 03:54:57,966 [grpc-default-executor-1] WARN  server.GrpcLogAppender (LogUtils.java:warn(122)) - omNode-1@group-523986131536->omNode-3-AppendLogResponseHandler: Failed appendEntries: org.apache.ratis.thirdparty.io.grpc.StatusRuntimeException: UNAVAILABLE: io exception
2022-10-18 03:54:57,966 [grpc-default-executor-1] INFO  leader.FollowerInfo (FollowerInfoImpl.java:lambda$new$0(48)) - omNode-1@group-523986131536->omNode-3: nextIndex: updateUnconditionally 315 -> 45
2022-10-18 03:54:57,976 [grpc-default-executor-0] WARN  server.GrpcLogAppender (LogUtils.java:warn(122)) - omNode-1@group-523986131536->omNode-3-AppendLogResponseHandler: Failed appendEntries: org.apache.ratis.thirdparty.io.grpc.StatusRuntimeException: UNAVAILABLE: io exception
2022-10-18 03:54:57,977 [grpc-default-executor-0] INFO  leader.FollowerInfo (FollowerInfoImpl.java:lambda$new$0(48)) - omNode-1@group-523986131536->omNode-3: nextIndex: updateUnconditionally 316 -> 45
2022-10-18 03:54:57,979 [grpc-default-executor-1] WARN  server.GrpcLogAppender (LogUtils.java:warn(122)) - omNode-1@group-523986131536->omNode-3-AppendLogResponseHandler: Failed appendEntries: org.apache.ratis.thirdparty.io.grpc.StatusRuntimeException: UNAVAILABLE: io exception
2022-10-18 03:54:57,979 [grpc-default-executor-1] INFO  leader.FollowerInfo (FollowerInfoImpl.java:lambda$new$0(48)) - omNode-1@group-523986131536->omNode-3: nextIndex: updateUnconditionally 317 -> 45
2022-10-18 03:54:57,987 [grpc-default-executor-0] WARN  server.GrpcLogAppender (LogUtils.java:warn(122)) - omNode-1@group-523986131536->omNode-3-AppendLogResponseHandler: Failed appendEntries: org.apache.ratis.thirdparty.io.grpc.StatusRuntimeException: UNAVAILABLE: io exception
2022-10-18 03:54:57,987 [grpc-default-executor-0] INFO  leader.FollowerInfo (FollowerInfoImpl.java:lambda$new$0(48)) - omNode-1@group-523986131536->omNode-3: nextIndex: updateUnconditionally 318 -> 45
2022-10-18 03:54:57,989 [grpc-default-executor-1] WARN  server.GrpcLogAppender (LogUtils.java:warn(122)) - omNode-1@group-523986131536->omNode-3-AppendLogResponseHandler: Failed appendEntries: org.apache.ratis.thirdparty.io.grpc.StatusRuntimeException: UNAVAILABLE: io exception
2022-10-18 03:54:57,989 [grpc-default-executor-1] INFO  leader.FollowerInfo (FollowerInfoImpl.java:lambda$new$0(48)) - omNode-1@group-523986131536->omNode-3: nextIndex: updateUnconditionally 318 -> 45
2022-10-18 03:54:57,990 [grpc-default-executor-0] WARN  server.GrpcLogAppender (LogUtils.java:warn(122)) - omNode-1@group-523986131536->omNode-3-AppendLogResponseHandler: Failed appendEntries: org.apache.ratis.thirdparty.io.grpc.StatusRuntimeException: UNAVAILABLE: io exception
2022-10-18 03:54:57,991 [grpc-default-executor-0] INFO  leader.FollowerInfo (FollowerInfoImpl.java:lambda$new$0(48)) - omNode-1@group-523986131536->omNode-3: nextIndex: updateUnconditionally 318 -> 45
2022-10-18 03:54:57,994 [grpc-default-executor-2] WARN  server.GrpcLogAppender (LogUtils.java:warn(122)) - omNode-1@group-523986131536->omNode-3-AppendLogResponseHandler: Failed appendEntries: org.apache.ratis.thirdparty.io.grpc.StatusRuntimeException: UNAVAILABLE: io exception
2022-10-18 03:54:57,995 [grpc-default-executor-2] INFO  leader.FollowerInfo (FollowerInfoImpl.java:lambda$new$0(48)) - omNode-1@group-523986131536->omNode-3: nextIndex: updateUnconditionally 319 -> 45
2022-10-18 03:54:57,997 [grpc-default-executor-0] WARN  server.GrpcLogAppender (LogUtils.java:warn(122)) - omNode-1@group-523986131536->omNode-3-AppendLogResponseHandler: Failed appendEntries: org.apache.ratis.thirdparty.io.grpc.StatusRuntimeException: UNAVAILABLE: io exception
2022-10-18 03:54:57,997 [grpc-default-executor-0] INFO  leader.FollowerInfo (FollowerInfoImpl.java:lambda$new$0(48)) - omNode-1@group-523986131536->omNode-3: nextIndex: updateUnconditionally 319 -> 45
2022-10-18 03:54:58,000 [grpc-default-executor-0] WARN  server.GrpcLogAppender (LogUtils.java:warn(122)) - omNode-1@group-523986131536->omNode-3-AppendLogResponseHandler: Failed appendEntries: org.apache.ratis.thirdparty.io.grpc.StatusRuntimeException: UNAVAILABLE: io exception
2022-10-18 03:54:58,000 [grpc-default-executor-0] INFO  leader.FollowerInfo (FollowerInfoImpl.java:lambda$new$0(48)) - omNode-1@group-523986131536->omNode-3: nextIndex: updateUnconditionally 319 -> 45
2022-10-18 03:54:58,012 [grpc-default-executor-0] WARN  server.GrpcLogAppender (LogUtils.java:warn(122)) - omNode-1@group-523986131536->omNode-3-AppendLogResponseHandler: Failed appendEntries: org.apache.ratis.thirdparty.io.grpc.StatusRuntimeException: UNAVAILABLE: io exception
2022-10-18 03:54:58,013 [grpc-default-executor-0] INFO  leader.FollowerInfo (FollowerInfoImpl.java:lambda$new$0(48)) - omNode-1@group-523986131536->omNode-3: nextIndex: updateUnconditionally 320 -> 45
2022-10-18 03:54:58,019 [grpc-default-executor-0] WARN  server.GrpcLogAppender (LogUtils.java:warn(122)) - omNode-1@group-523986131536->omNode-3-AppendLogResponseHandler: Failed appendEntries: org.apache.ratis.thirdparty.io.grpc.StatusRuntimeException: UNAVAILABLE: io exception
2022-10-18 03:54:58,019 [grpc-default-executor-0] INFO  leader.FollowerInfo (FollowerInfoImpl.java:lambda$new$0(48)) - omNode-1@group-523986131536->omNode-3: nextIndex: updateUnconditionally 320 -> 45
2022-10-18 03:54:58,021 [grpc-default-executor-0] WARN  server.GrpcLogAppender (LogUtils.java:warn(122)) - omNode-1@group-523986131536->omNode-3-AppendLogResponseHandler: Failed appendEntries: org.apache.ratis.thirdparty.io.grpc.StatusRuntimeException: UNAVAILABLE: io exception
2022-10-18 03:54:58,022 [grpc-default-executor-0] INFO  leader.FollowerInfo (FollowerInfoImpl.java:lambda$new$0(48)) - omNode-1@group-523986131536->omNode-3: nextIndex: updateUnconditionally 321 -> 45
2022-10-18 03:54:58,025 [grpc-default-executor-2] WARN  server.GrpcLogAppender (LogUtils.java:warn(122)) - omNode-1@group-523986131536->omNode-3-AppendLogResponseHandler: Failed appendEntries: org.apache.ratis.thirdparty.io.grpc.StatusRuntimeException: UNAVAILABLE: io exception
2022-10-18 03:54:58,025 [grpc-default-executor-2] INFO  leader.FollowerInfo (FollowerInfoImpl.java:lambda$new$0(48)) - omNode-1@group-523986131536->omNode-3: nextIndex: updateUnconditionally 322 -> 45
2022-10-18 03:54:58,027 [grpc-default-executor-0] WARN  server.GrpcLogAppender (LogUtils.java:warn(122)) - omNode-1@group-523986131536->omNode-3-AppendLogResponseHandler: Failed appendEntries: org.apache.ratis.thirdparty.io.grpc.StatusRuntimeException: UNAVAILABLE: io exception
2022-10-18 03:54:58,027 [grpc-default-executor-0] INFO  leader.FollowerInfo (FollowerInfoImpl.java:lambda$new$0(48)) - omNode-1@group-523986131536->omNode-3: nextIndex: updateUnconditionally 322 -> 45
2022-10-18 03:54:58,035 [grpc-default-executor-2] WARN  server.GrpcLogAppender (LogUtils.java:warn(122)) - omNode-1@group-523986131536->omNode-3-AppendLogResponseHandler: Failed appendEntries: org.apache.ratis.thirdparty.io.grpc.StatusRuntimeException: UNAVAILABLE: io exception
2022-10-18 03:54:58,035 [grpc-default-executor-2] INFO  leader.FollowerInfo (FollowerInfoImpl.java:lambda$new$0(48)) - omNode-1@group-523986131536->omNode-3: nextIndex: updateUnconditionally 323 -> 45
2022-10-18 03:54:58,038 [grpc-default-executor-0] WARN  server.GrpcLogAppender (LogUtils.java:warn(122)) - omNode-1@group-523986131536->omNode-3-AppendLogResponseHandler: Failed appendEntries: org.apache.ratis.thirdparty.io.grpc.StatusRuntimeException: UNAVAILABLE: io exception
2022-10-18 03:54:58,039 [grpc-default-executor-0] INFO  leader.FollowerInfo (FollowerInfoImpl.java:lambda$new$0(48)) - omNode-1@group-523986131536->omNode-3: nextIndex: updateUnconditionally 323 -> 45
2022-10-18 03:54:58,040 [grpc-default-executor-1] WARN  server.GrpcLogAppender (LogUtils.java:warn(122)) - omNode-1@group-523986131536->omNode-3-AppendLogResponseHandler: Failed appendEntries: org.apache.ratis.thirdparty.io.grpc.StatusRuntimeException: UNAVAILABLE: io exception
2022-10-18 03:54:58,040 [grpc-default-executor-1] INFO  leader.FollowerInfo (FollowerInfoImpl.java:lambda$new$0(48)) - omNode-1@group-523986131536->omNode-3: nextIndex: updateUnconditionally 323 -> 45
2022-10-18 03:54:58,044 [grpc-default-executor-0] WARN  server.GrpcLogAppender (LogUtils.java:warn(122)) - omNode-1@group-523986131536->omNode-3-AppendLogResponseHandler: Failed appendEntries: org.apache.ratis.thirdparty.io.grpc.StatusRuntimeException: UNAVAILABLE: io exception
2022-10-18 03:54:58,044 [grpc-default-executor-0] INFO  leader.FollowerInfo (FollowerInfoImpl.java:lambda$new$0(48)) - omNode-1@group-523986131536->omNode-3: nextIndex: updateUnconditionally 324 -> 45
2022-10-18 03:54:58,046 [grpc-default-executor-0] WARN  server.GrpcLogAppender (LogUtils.java:warn(122)) - omNode-1@group-523986131536->omNode-3-AppendLogResponseHandler: Failed appendEntries: org.apache.ratis.thirdparty.io.grpc.StatusRuntimeException: UNAVAILABLE: io exception
2022-10-18 03:54:58,046 [grpc-default-executor-0] INFO  leader.FollowerInfo (FollowerInfoImpl.java:lambda$new$0(48)) - omNode-1@group-523986131536->omNode-3: nextIndex: updateUnconditionally 324 -> 45
2022-10-18 03:54:58,049 [grpc-default-executor-0] WARN  server.GrpcLogAppender (LogUtils.java:warn(122)) - omNode-1@group-523986131536->omNode-3-AppendLogResponseHandler: Failed appendEntries: org.apache.ratis.thirdparty.io.grpc.StatusRuntimeException: UNAVAILABLE: io exception
2022-10-18 03:54:58,049 [grpc-default-executor-0] INFO  leader.FollowerInfo (FollowerInfoImpl.java:lambda$new$0(48)) - omNode-1@group-523986131536->omNode-3: nextIndex: updateUnconditionally 325 -> 45
2022-10-18 03:54:58,051 [grpc-default-executor-1] WARN  server.GrpcLogAppender (LogUtils.java:warn(122)) - omNode-1@group-523986131536->omNode-3-AppendLogResponseHandler: Failed appendEntries: org.apache.ratis.thirdparty.io.grpc.StatusRuntimeException: UNAVAILABLE: io exception
2022-10-18 03:54:58,051 [grpc-default-executor-1] INFO  leader.FollowerInfo (FollowerInfoImpl.java:lambda$new$0(48)) - omNode-1@group-523986131536->omNode-3: nextIndex: updateUnconditionally 325 -> 45
2022-10-18 03:54:58,055 [grpc-default-executor-1] WARN  server.GrpcLogAppender (LogUtils.java:warn(122)) - omNode-1@group-523986131536->omNode-3-AppendLogResponseHandler: Failed appendEntries: org.apache.ratis.thirdparty.io.grpc.StatusRuntimeException: UNAVAILABLE: io exception
2022-10-18 03:54:58,055 [grpc-default-executor-1] INFO  leader.FollowerInfo (FollowerInfoImpl.java:lambda$new$0(48)) - omNode-1@group-523986131536->omNode-3: nextIndex: updateUnconditionally 326 -> 45
2022-10-18 03:54:58,065 [grpc-default-executor-1] WARN  server.GrpcLogAppender (LogUtils.java:warn(122)) - omNode-1@group-523986131536->omNode-3-AppendLogResponseHandler: Failed appendEntries: org.apache.ratis.thirdparty.io.grpc.StatusRuntimeException: UNAVAILABLE: io exception
2022-10-18 03:54:58,065 [grpc-default-executor-1] INFO  leader.FollowerInfo (FollowerInfoImpl.java:lambda$new$0(48)) - omNode-1@group-523986131536->omNode-3: nextIndex: updateUnconditionally 327 -> 45
2022-10-18 03:54:58,073 [grpc-default-executor-1] WARN  server.GrpcLogAppender (LogUtils.java:warn(122)) - omNode-1@group-523986131536->omNode-3-AppendLogResponseHandler: Failed appendEntries: org.apache.ratis.thirdparty.io.grpc.StatusRuntimeException: UNAVAILABLE: io exception
2022-10-18 03:54:58,074 [grpc-default-executor-1] INFO  leader.FollowerInfo (FollowerInfoImpl.java:lambda$new$0(48)) - omNode-1@group-523986131536->omNode-3: nextIndex: updateUnconditionally 327 -> 45
2022-10-18 03:54:58,077 [grpc-default-executor-0] WARN  server.GrpcLogAppender (LogUtils.java:warn(122)) - omNode-1@group-523986131536->omNode-3-AppendLogResponseHandler: Failed appendEntries: org.apache.ratis.thirdparty.io.grpc.StatusRuntimeException: UNAVAILABLE: io exception
2022-10-18 03:54:58,077 [grpc-default-executor-0] INFO  leader.FollowerInfo (FollowerInfoImpl.java:lambda$new$0(48)) - omNode-1@group-523986131536->omNode-3: nextIndex: updateUnconditionally 328 -> 45
2022-10-18 03:54:58,080 [grpc-default-executor-0] WARN  server.GrpcLogAppender (LogUtils.java:warn(122)) - omNode-1@group-523986131536->omNode-3-AppendLogResponseHandler: Failed appendEntries: org.apache.ratis.thirdparty.io.grpc.StatusRuntimeException: UNAVAILABLE: io exception
2022-10-18 03:54:58,080 [grpc-default-executor-0] INFO  leader.FollowerInfo (FollowerInfoImpl.java:lambda$new$0(48)) - omNode-1@group-523986131536->omNode-3: nextIndex: updateUnconditionally 328 -> 45
2022-10-18 03:54:58,082 [grpc-default-executor-1] WARN  server.GrpcLogAppender (LogUtils.java:warn(122)) - omNode-1@group-523986131536->omNode-3-AppendLogResponseHandler: Failed appendEntries: org.apache.ratis.thirdparty.io.grpc.StatusRuntimeException: UNAVAILABLE: io exception
2022-10-18 03:54:58,082 [grpc-default-executor-1] INFO  leader.FollowerInfo (FollowerInfoImpl.java:lambda$new$0(48)) - omNode-1@group-523986131536->omNode-3: nextIndex: updateUnconditionally 329 -> 45
2022-10-18 03:54:58,088 [grpc-default-executor-1] WARN  server.GrpcLogAppender (LogUtils.java:warn(122)) - omNode-1@group-523986131536->omNode-3-AppendLogResponseHandler: Failed appendEntries: org.apache.ratis.thirdparty.io.grpc.StatusRuntimeException: UNAVAILABLE: io exception
2022-10-18 03:54:58,089 [grpc-default-executor-1] INFO  leader.FollowerInfo (FollowerInfoImpl.java:lambda$new$0(48)) - omNode-1@group-523986131536->omNode-3: nextIndex: updateUnconditionally 330 -> 45
2022-10-18 03:54:58,090 [grpc-default-executor-0] WARN  server.GrpcLogAppender (LogUtils.java:warn(122)) - omNode-1@group-523986131536->omNode-3-AppendLogResponseHandler: Failed appendEntries: org.apache.ratis.thirdparty.io.grpc.StatusRuntimeException: UNAVAILABLE: io exception
2022-10-18 03:54:58,090 [grpc-default-executor-0] INFO  leader.FollowerInfo (FollowerInfoImpl.java:lambda$new$0(48)) - omNode-1@group-523986131536->omNode-3: nextIndex: updateUnconditionally 330 -> 45
2022-10-18 03:54:58,099 [grpc-default-executor-0] WARN  server.GrpcLogAppender (LogUtils.java:warn(122)) - omNode-1@group-523986131536->omNode-3-AppendLogResponseHandler: Failed appendEntries: org.apache.ratis.thirdparty.io.grpc.StatusRuntimeException: UNAVAILABLE: io exception
2022-10-18 03:54:58,099 [grpc-default-executor-0] INFO  leader.FollowerInfo (FollowerInfoImpl.java:lambda$new$0(48)) - omNode-1@group-523986131536->omNode-3: nextIndex: updateUnconditionally 331 -> 45
2022-10-18 03:54:58,112 [grpc-default-executor-1] WARN  server.GrpcLogAppender (LogUtils.java:warn(122)) - omNode-1@group-523986131536->omNode-3-AppendLogResponseHandler: Failed appendEntries: org.apache.ratis.thirdparty.io.grpc.StatusRuntimeException: UNAVAILABLE: io exception
2022-10-18 03:54:58,112 [grpc-default-executor-1] INFO  leader.FollowerInfo (FollowerInfoImpl.java:lambda$new$0(48)) - omNode-1@group-523986131536->omNode-3: nextIndex: updateUnconditionally 331 -> 45
2022-10-18 03:54:58,114 [grpc-default-executor-0] WARN  server.GrpcLogAppender (LogUtils.java:warn(122)) - omNode-1@group-523986131536->omNode-3-AppendLogResponseHandler: Failed appendEntries: org.apache.ratis.thirdparty.io.grpc.StatusRuntimeException: UNAVAILABLE: io exception
2022-10-18 03:54:58,114 [grpc-default-executor-0] INFO  leader.FollowerInfo (FollowerInfoImpl.java:lambda$new$0(48)) - omNode-1@group-523986131536->omNode-3: nextIndex: updateUnconditionally 331 -> 45
2022-10-18 03:54:58,122 [grpc-default-executor-1] WARN  server.GrpcLogAppender (LogUtils.java:warn(122)) - omNode-1@group-523986131536->omNode-3-AppendLogResponseHandler: Failed appendEntries: org.apache.ratis.thirdparty.io.grpc.StatusRuntimeException: UNAVAILABLE: io exception
2022-10-18 03:54:58,123 [grpc-default-executor-1] INFO  leader.FollowerInfo (FollowerInfoImpl.java:lambda$new$0(48)) - omNode-1@group-523986131536->omNode-3: nextIndex: updateUnconditionally 333 -> 45
2022-10-18 03:54:58,126 [grpc-default-executor-1] WARN  server.GrpcLogAppender (LogUtils.java:warn(122)) - omNode-1@group-523986131536->omNode-3-AppendLogResponseHandler: Failed appendEntries: org.apache.ratis.thirdparty.io.grpc.StatusRuntimeException: UNAVAILABLE: io exception
2022-10-18 03:54:58,126 [grpc-default-executor-1] INFO  leader.FollowerInfo (FollowerInfoImpl.java:lambda$new$0(48)) - omNode-1@group-523986131536->omNode-3: nextIndex: updateUnconditionally 334 -> 45
2022-10-18 03:54:58,132 [grpc-default-executor-1] WARN  server.GrpcLogAppender (LogUtils.java:warn(122)) - omNode-1@group-523986131536->omNode-3-AppendLogResponseHandler: Failed appendEntries: org.apache.ratis.thirdparty.io.grpc.StatusRuntimeException: UNAVAILABLE: io exception
2022-10-18 03:54:58,132 [grpc-default-executor-1] INFO  leader.FollowerInfo (FollowerInfoImpl.java:lambda$new$0(48)) - omNode-1@group-523986131536->omNode-3: nextIndex: updateUnconditionally 334 -> 45
2022-10-18 03:54:58,134 [grpc-default-executor-1] WARN  server.GrpcLogAppender (LogUtils.java:warn(122)) - omNode-1@group-523986131536->omNode-3-AppendLogResponseHandler: Failed appendEntries: org.apache.ratis.thirdparty.io.grpc.StatusRuntimeException: UNAVAILABLE: io exception
2022-10-18 03:54:58,135 [grpc-default-executor-1] INFO  leader.FollowerInfo (FollowerInfoImpl.java:lambda$new$0(48)) - omNode-1@group-523986131536->omNode-3: nextIndex: updateUnconditionally 334 -> 45
2022-10-18 03:54:58,143 [grpc-default-executor-0] WARN  server.GrpcLogAppender (LogUtils.java:warn(122)) - omNode-1@group-523986131536->omNode-3-AppendLogResponseHandler: Failed appendEntries: org.apache.ratis.thirdparty.io.grpc.StatusRuntimeException: UNAVAILABLE: io exception
2022-10-18 03:54:58,144 [grpc-default-executor-0] INFO  leader.FollowerInfo (FollowerInfoImpl.java:lambda$new$0(48)) - omNode-1@group-523986131536->omNode-3: nextIndex: updateUnconditionally 335 -> 45
2022-10-18 03:54:58,155 [grpc-default-executor-1] WARN  server.GrpcLogAppender (LogUtils.java:warn(122)) - omNode-1@group-523986131536->omNode-3-AppendLogResponseHandler: Failed appendEntries: org.apache.ratis.thirdparty.io.grpc.StatusRuntimeException: UNAVAILABLE: io exception
2022-10-18 03:54:58,156 [grpc-default-executor-1] INFO  leader.FollowerInfo (FollowerInfoImpl.java:lambda$new$0(48)) - omNode-1@group-523986131536->omNode-3: nextIndex: updateUnconditionally 335 -> 45
2022-10-18 03:54:58,165 [grpc-default-executor-0] WARN  server.GrpcLogAppender (LogUtils.java:warn(122)) - omNode-1@group-523986131536->omNode-3-AppendLogResponseHandler: Failed appendEntries: org.apache.ratis.thirdparty.io.grpc.StatusRuntimeException: UNAVAILABLE: io exception
2022-10-18 03:54:58,165 [grpc-default-executor-0] INFO  leader.FollowerInfo (FollowerInfoImpl.java:lambda$new$0(48)) - omNode-1@group-523986131536->omNode-3: nextIndex: updateUnconditionally 336 -> 45
2022-10-18 03:54:58,171 [grpc-default-executor-0] WARN  server.GrpcLogAppender (LogUtils.java:warn(122)) - omNode-1@group-523986131536->omNode-3-AppendLogResponseHandler: Failed appendEntries: org.apache.ratis.thirdparty.io.grpc.StatusRuntimeException: UNAVAILABLE: io exception
2022-10-18 03:54:58,172 [grpc-default-executor-0] INFO  leader.FollowerInfo (FollowerInfoImpl.java:lambda$new$0(48)) - omNode-1@group-523986131536->omNode-3: nextIndex: updateUnconditionally 336 -> 45
2022-10-18 03:54:58,175 [grpc-default-executor-1] WARN  server.GrpcLogAppender (LogUtils.java:warn(122)) - omNode-1@group-523986131536->omNode-3-AppendLogResponseHandler: Failed appendEntries: org.apache.ratis.thirdparty.io.grpc.StatusRuntimeException: UNAVAILABLE: io exception
2022-10-18 03:54:58,176 [grpc-default-executor-1] INFO  leader.FollowerInfo (FollowerInfoImpl.java:lambda$new$0(48)) - omNode-1@group-523986131536->omNode-3: nextIndex: updateUnconditionally 338 -> 45
2022-10-18 03:54:58,179 [grpc-default-executor-0] WARN  server.GrpcLogAppender (LogUtils.java:warn(122)) - omNode-1@group-523986131536->omNode-3-AppendLogResponseHandler: Failed appendEntries: org.apache.ratis.thirdparty.io.grpc.StatusRuntimeException: UNAVAILABLE: io exception
2022-10-18 03:54:58,179 [grpc-default-executor-0] INFO  leader.FollowerInfo (FollowerInfoImpl.java:lambda$new$0(48)) - omNode-1@group-523986131536->omNode-3: nextIndex: updateUnconditionally 338 -> 45
2022-10-18 03:54:58,187 [grpc-default-executor-2] WARN  server.GrpcLogAppender (LogUtils.java:warn(122)) - omNode-1@group-523986131536->omNode-3-AppendLogResponseHandler: Failed appendEntries: org.apache.ratis.thirdparty.io.grpc.StatusRuntimeException: UNAVAILABLE: io exception
2022-10-18 03:54:58,188 [grpc-default-executor-2] INFO  leader.FollowerInfo (FollowerInfoImpl.java:lambda$new$0(48)) - omNode-1@group-523986131536->omNode-3: nextIndex: updateUnconditionally 339 -> 45
2022-10-18 03:54:58,203 [grpc-default-executor-2] WARN  server.GrpcLogAppender (LogUtils.java:warn(122)) - omNode-1@group-523986131536->omNode-3-AppendLogResponseHandler: Failed appendEntries: org.apache.ratis.thirdparty.io.grpc.StatusRuntimeException: UNAVAILABLE: io exception
2022-10-18 03:54:58,203 [grpc-default-executor-2] INFO  leader.FollowerInfo (FollowerInfoImpl.java:lambda$new$0(48)) - omNode-1@group-523986131536->omNode-3: nextIndex: updateUnconditionally 340 -> 45
2022-10-18 03:54:58,205 [grpc-default-executor-0] WARN  server.GrpcLogAppender (LogUtils.java:warn(122)) - omNode-1@group-523986131536->omNode-3-AppendLogResponseHandler: Failed appendEntries: org.apache.ratis.thirdparty.io.grpc.StatusRuntimeException: UNAVAILABLE: io exception
2022-10-18 03:54:58,206 [grpc-default-executor-0] INFO  leader.FollowerInfo (FollowerInfoImpl.java:lambda$new$0(48)) - omNode-1@group-523986131536->omNode-3: nextIndex: updateUnconditionally 340 -> 45
2022-10-18 03:54:58,211 [grpc-default-executor-0] WARN  server.GrpcLogAppender (LogUtils.java:warn(122)) - omNode-1@group-523986131536->omNode-3-AppendLogResponseHandler: Failed appendEntries: org.apache.ratis.thirdparty.io.grpc.StatusRuntimeException: UNAVAILABLE: io exception
2022-10-18 03:54:58,212 [grpc-default-executor-0] INFO  leader.FollowerInfo (FollowerInfoImpl.java:lambda$new$0(48)) - omNode-1@group-523986131536->omNode-3: nextIndex: updateUnconditionally 341 -> 45
2022-10-18 03:54:58,213 [grpc-default-executor-0] WARN  server.GrpcLogAppender (LogUtils.java:warn(122)) - omNode-1@group-523986131536->omNode-3-AppendLogResponseHandler: Failed appendEntries: org.apache.ratis.thirdparty.io.grpc.StatusRuntimeException: UNAVAILABLE: io exception
2022-10-18 03:54:58,213 [grpc-default-executor-0] INFO  leader.FollowerInfo (FollowerInfoImpl.java:lambda$new$0(48)) - omNode-1@group-523986131536->omNode-3: nextIndex: updateUnconditionally 342 -> 45
2022-10-18 03:54:58,217 [grpc-default-executor-0] WARN  server.GrpcLogAppender (LogUtils.java:warn(122)) - omNode-1@group-523986131536->omNode-3-AppendLogResponseHandler: Failed appendEntries: org.apache.ratis.thirdparty.io.grpc.StatusRuntimeException: UNAVAILABLE: io exception
2022-10-18 03:54:58,217 [grpc-default-executor-0] INFO  leader.FollowerInfo (FollowerInfoImpl.java:lambda$new$0(48)) - omNode-1@group-523986131536->omNode-3: nextIndex: updateUnconditionally 342 -> 45
2022-10-18 03:54:58,233 [grpc-default-executor-2] WARN  server.GrpcLogAppender (LogUtils.java:warn(122)) - omNode-1@group-523986131536->omNode-3-AppendLogResponseHandler: Failed appendEntries: org.apache.ratis.thirdparty.io.grpc.StatusRuntimeException: UNAVAILABLE: io exception
2022-10-18 03:54:58,242 [EndpointStateMachine task thread for /0.0.0.0:43069 - 0 ] INFO  ipc.Client (Client.java:handleConnectionFailure(1010)) - Retrying connect to server: 0.0.0.0/0.0.0.0:43069. Already tried 8 time(s); retry policy is RetryUpToMaximumCountWithFixedSleep(maxRetries=15, sleepTime=1000 MILLISECONDS)
2022-10-18 03:54:58,244 [grpc-default-executor-2] INFO  leader.FollowerInfo (FollowerInfoImpl.java:lambda$new$0(48)) - omNode-1@group-523986131536->omNode-3: nextIndex: updateUnconditionally 343 -> 45
2022-10-18 03:54:58,246 [grpc-default-executor-1] WARN  server.GrpcLogAppender (LogUtils.java:warn(122)) - omNode-1@group-523986131536->omNode-3-AppendLogResponseHandler: Failed appendEntries: org.apache.ratis.thirdparty.io.grpc.StatusRuntimeException: UNAVAILABLE: io exception
2022-10-18 03:54:58,246 [grpc-default-executor-1] INFO  leader.FollowerInfo (FollowerInfoImpl.java:lambda$new$0(48)) - omNode-1@group-523986131536->omNode-3: nextIndex: updateUnconditionally 343 -> 45
2022-10-18 03:54:58,252 [grpc-default-executor-1] WARN  server.GrpcLogAppender (LogUtils.java:warn(122)) - omNode-1@group-523986131536->omNode-3-AppendLogResponseHandler: Failed appendEntries: org.apache.ratis.thirdparty.io.grpc.StatusRuntimeException: UNAVAILABLE: io exception
2022-10-18 03:54:58,252 [grpc-default-executor-1] INFO  leader.FollowerInfo (FollowerInfoImpl.java:lambda$new$0(48)) - omNode-1@group-523986131536->omNode-3: nextIndex: updateUnconditionally 344 -> 45
2022-10-18 03:54:58,259 [grpc-default-executor-1] WARN  server.GrpcLogAppender (LogUtils.java:warn(122)) - omNode-1@group-523986131536->omNode-3-AppendLogResponseHandler: Failed appendEntries: org.apache.ratis.thirdparty.io.grpc.StatusRuntimeException: UNAVAILABLE: io exception
2022-10-18 03:54:58,259 [grpc-default-executor-1] INFO  leader.FollowerInfo (FollowerInfoImpl.java:lambda$new$0(48)) - omNode-1@group-523986131536->omNode-3: nextIndex: updateUnconditionally 344 -> 45
2022-10-18 03:54:58,262 [grpc-default-executor-0] WARN  server.GrpcLogAppender (LogUtils.java:warn(122)) - omNode-1@group-523986131536->omNode-3-AppendLogResponseHandler: Failed appendEntries: org.apache.ratis.thirdparty.io.grpc.StatusRuntimeException: UNAVAILABLE: io exception
2022-10-18 03:54:58,263 [grpc-default-executor-0] INFO  leader.FollowerInfo (FollowerInfoImpl.java:lambda$new$0(48)) - omNode-1@group-523986131536->omNode-3: nextIndex: updateUnconditionally 346 -> 45
2022-10-18 03:54:58,270 [grpc-default-executor-1] WARN  server.GrpcLogAppender (LogUtils.java:warn(122)) - omNode-1@group-523986131536->omNode-3-AppendLogResponseHandler: Failed appendEntries: org.apache.ratis.thirdparty.io.grpc.StatusRuntimeException: UNAVAILABLE: io exception
2022-10-18 03:54:58,270 [grpc-default-executor-1] INFO  leader.FollowerInfo (FollowerInfoImpl.java:lambda$new$0(48)) - omNode-1@group-523986131536->omNode-3: nextIndex: updateUnconditionally 346 -> 45
2022-10-18 03:54:58,274 [grpc-default-executor-0] WARN  server.GrpcLogAppender (LogUtils.java:warn(122)) - omNode-1@group-523986131536->omNode-3-AppendLogResponseHandler: Failed appendEntries: org.apache.ratis.thirdparty.io.grpc.StatusRuntimeException: UNAVAILABLE: io exception
2022-10-18 03:54:58,274 [grpc-default-executor-0] INFO  leader.FollowerInfo (FollowerInfoImpl.java:lambda$new$0(48)) - omNode-1@group-523986131536->omNode-3: nextIndex: updateUnconditionally 347 -> 45
2022-10-18 03:54:58,284 [grpc-default-executor-0] WARN  server.GrpcLogAppender (LogUtils.java:warn(122)) - omNode-1@group-523986131536->omNode-3-AppendLogResponseHandler: Failed appendEntries: org.apache.ratis.thirdparty.io.grpc.StatusRuntimeException: UNAVAILABLE: io exception
2022-10-18 03:54:58,285 [grpc-default-executor-0] INFO  leader.FollowerInfo (FollowerInfoImpl.java:lambda$new$0(48)) - omNode-1@group-523986131536->omNode-3: nextIndex: updateUnconditionally 348 -> 45
2022-10-18 03:54:58,286 [grpc-default-executor-0] WARN  server.GrpcLogAppender (LogUtils.java:warn(122)) - omNode-1@group-523986131536->omNode-3-AppendLogResponseHandler: Failed appendEntries: org.apache.ratis.thirdparty.io.grpc.StatusRuntimeException: UNAVAILABLE: io exception
2022-10-18 03:54:58,286 [grpc-default-executor-0] INFO  leader.FollowerInfo (FollowerInfoImpl.java:lambda$new$0(48)) - omNode-1@group-523986131536->omNode-3: nextIndex: updateUnconditionally 348 -> 45
2022-10-18 03:54:58,287 [grpc-default-executor-1] WARN  server.GrpcLogAppender (LogUtils.java:warn(122)) - omNode-1@group-523986131536->omNode-3-AppendLogResponseHandler: Failed appendEntries: org.apache.ratis.thirdparty.io.grpc.StatusRuntimeException: UNAVAILABLE: io exception
2022-10-18 03:54:58,288 [grpc-default-executor-1] INFO  leader.FollowerInfo (FollowerInfoImpl.java:lambda$new$0(48)) - omNode-1@group-523986131536->omNode-3: nextIndex: updateUnconditionally 349 -> 45
2022-10-18 03:54:58,292 [grpc-default-executor-1] WARN  server.GrpcLogAppender (LogUtils.java:warn(122)) - omNode-1@group-523986131536->omNode-3-AppendLogResponseHandler: Failed appendEntries: org.apache.ratis.thirdparty.io.grpc.StatusRuntimeException: UNAVAILABLE: io exception
2022-10-18 03:54:58,293 [grpc-default-executor-1] INFO  leader.FollowerInfo (FollowerInfoImpl.java:lambda$new$0(48)) - omNode-1@group-523986131536->omNode-3: nextIndex: updateUnconditionally 349 -> 45
2022-10-18 03:54:58,295 [grpc-default-executor-0] WARN  server.GrpcLogAppender (LogUtils.java:warn(122)) - omNode-1@group-523986131536->omNode-3-AppendLogResponseHandler: Failed appendEntries: org.apache.ratis.thirdparty.io.grpc.StatusRuntimeException: UNAVAILABLE: io exception
2022-10-18 03:54:58,295 [grpc-default-executor-0] INFO  leader.FollowerInfo (FollowerInfoImpl.java:lambda$new$0(48)) - omNode-1@group-523986131536->omNode-3: nextIndex: updateUnconditionally 350 -> 45
2022-10-18 03:54:58,298 [grpc-default-executor-1] WARN  server.GrpcLogAppender (LogUtils.java:warn(122)) - omNode-1@group-523986131536->omNode-3-AppendLogResponseHandler: Failed appendEntries: org.apache.ratis.thirdparty.io.grpc.StatusRuntimeException: UNAVAILABLE: io exception
2022-10-18 03:54:58,299 [grpc-default-executor-1] INFO  leader.FollowerInfo (FollowerInfoImpl.java:lambda$new$0(48)) - omNode-1@group-523986131536->omNode-3: nextIndex: updateUnconditionally 351 -> 45
2022-10-18 03:54:58,302 [grpc-default-executor-1] WARN  server.GrpcLogAppender (LogUtils.java:warn(122)) - omNode-1@group-523986131536->omNode-3-AppendLogResponseHandler: Failed appendEntries: org.apache.ratis.thirdparty.io.grpc.StatusRuntimeException: UNAVAILABLE: io exception
2022-10-18 03:54:58,302 [grpc-default-executor-1] INFO  leader.FollowerInfo (FollowerInfoImpl.java:lambda$new$0(48)) - omNode-1@group-523986131536->omNode-3: nextIndex: updateUnconditionally 351 -> 45
2022-10-18 03:54:58,302 [omNode-1@group-523986131536-StateMachineUpdater] INFO  ratis.OzoneManagerStateMachine (OzoneManagerStateMachine.java:takeSnapshot(441)) - Current Snapshot Index (t:1, i:350)
2022-10-18 03:54:58,303 [omNode-1@group-523986131536-StateMachineUpdater] INFO  impl.StateMachineUpdater (StateMachineUpdater.java:takeSnapshot(287)) - omNode-1@group-523986131536-StateMachineUpdater: Took a snapshot at index 350
2022-10-18 03:54:58,303 [omNode-1@group-523986131536-StateMachineUpdater] INFO  impl.StateMachineUpdater (StateMachineUpdater.java:lambda$new$0(92)) - omNode-1@group-523986131536-StateMachineUpdater: snapshotIndex: updateIncreasingly 300 -> 350
2022-10-18 03:54:58,303 [omNode-1@group-523986131536-StateMachineUpdater] INFO  raftlog.RaftLog (RaftLogBase.java:purge(308)) - omNode-1@group-523986131536-SegmentedRaftLog: purge 350
2022-10-18 03:54:58,303 [omNode-1@group-523986131536-StateMachineUpdater] INFO  raftlog.RaftLog (RaftLogBase.java:lambda$new$0(53)) - omNode-1@group-523986131536-SegmentedRaftLog: snapshotIndex: updateIncreasingly 300 -> 350
2022-10-18 03:54:58,303 [omNode-1@group-523986131536-StateMachineUpdater] INFO  raftlog.RaftLog (RaftLogBase.java:lambda$new$0(53)) - omNode-1@group-523986131536-SegmentedRaftLog: purgeIndex: updateToMax old=300, new=350, updated? true
2022-10-18 03:54:58,303 [grpc-default-executor-0] WARN  server.GrpcLogAppender (LogUtils.java:warn(122)) - omNode-1@group-523986131536->omNode-3-AppendLogResponseHandler: Failed appendEntries: org.apache.ratis.thirdparty.io.grpc.StatusRuntimeException: UNAVAILABLE: io exception
2022-10-18 03:54:58,304 [grpc-default-executor-0] INFO  leader.FollowerInfo (FollowerInfoImpl.java:lambda$new$0(48)) - omNode-1@group-523986131536->omNode-3: nextIndex: updateUnconditionally 351 -> 45
2022-10-18 03:54:58,310 [grpc-default-executor-1] WARN  server.GrpcLogAppender (LogUtils.java:warn(122)) - omNode-1@group-523986131536->omNode-3-AppendLogResponseHandler: Failed appendEntries: org.apache.ratis.thirdparty.io.grpc.StatusRuntimeException: UNAVAILABLE: io exception
2022-10-18 03:54:58,310 [grpc-default-executor-1] INFO  leader.FollowerInfo (FollowerInfoImpl.java:lambda$new$0(48)) - omNode-1@group-523986131536->omNode-3: nextIndex: updateUnconditionally 352 -> 45
2022-10-18 03:54:58,312 [grpc-default-executor-0] WARN  server.GrpcLogAppender (LogUtils.java:warn(122)) - omNode-1@group-523986131536->omNode-3-AppendLogResponseHandler: Failed appendEntries: org.apache.ratis.thirdparty.io.grpc.StatusRuntimeException: UNAVAILABLE: io exception
2022-10-18 03:54:58,312 [grpc-default-executor-0] INFO  leader.FollowerInfo (FollowerInfoImpl.java:lambda$new$0(48)) - omNode-1@group-523986131536->omNode-3: nextIndex: updateUnconditionally 353 -> 45
2022-10-18 03:54:58,317 [grpc-default-executor-0] WARN  server.GrpcLogAppender (LogUtils.java:warn(122)) - omNode-1@group-523986131536->omNode-3-AppendLogResponseHandler: Failed appendEntries: org.apache.ratis.thirdparty.io.grpc.StatusRuntimeException: UNAVAILABLE: io exception
2022-10-18 03:54:58,317 [grpc-default-executor-0] INFO  leader.FollowerInfo (FollowerInfoImpl.java:lambda$new$0(48)) - omNode-1@group-523986131536->omNode-3: nextIndex: updateUnconditionally 353 -> 45
2022-10-18 03:54:58,318 [grpc-default-executor-0] WARN  server.GrpcLogAppender (LogUtils.java:warn(122)) - omNode-1@group-523986131536->omNode-3-AppendLogResponseHandler: Failed appendEntries: org.apache.ratis.thirdparty.io.grpc.StatusRuntimeException: UNAVAILABLE: io exception
2022-10-18 03:54:58,318 [grpc-default-executor-0] INFO  leader.FollowerInfo (FollowerInfoImpl.java:lambda$new$0(48)) - omNode-1@group-523986131536->omNode-3: nextIndex: updateUnconditionally 353 -> 45
2022-10-18 03:54:58,319 [grpc-default-executor-1] WARN  server.GrpcLogAppender (LogUtils.java:warn(122)) - omNode-1@group-523986131536->omNode-3-AppendLogResponseHandler: Failed appendEntries: org.apache.ratis.thirdparty.io.grpc.StatusRuntimeException: UNAVAILABLE: io exception
2022-10-18 03:54:58,320 [grpc-default-executor-1] INFO  leader.FollowerInfo (FollowerInfoImpl.java:lambda$new$0(48)) - omNode-1@group-523986131536->omNode-3: nextIndex: updateUnconditionally 354 -> 45
2022-10-18 03:54:58,321 [grpc-default-executor-1] WARN  server.GrpcLogAppender (LogUtils.java:warn(122)) - omNode-1@group-523986131536->omNode-3-AppendLogResponseHandler: Failed appendEntries: org.apache.ratis.thirdparty.io.grpc.StatusRuntimeException: UNAVAILABLE: io exception
2022-10-18 03:54:58,321 [grpc-default-executor-1] INFO  leader.FollowerInfo (FollowerInfoImpl.java:lambda$new$0(48)) - omNode-1@group-523986131536->omNode-3: nextIndex: updateUnconditionally 354 -> 45
2022-10-18 03:54:58,324 [grpc-default-executor-1] WARN  server.GrpcLogAppender (LogUtils.java:warn(122)) - omNode-1@group-523986131536->omNode-3-AppendLogResponseHandler: Failed appendEntries: org.apache.ratis.thirdparty.io.grpc.StatusRuntimeException: UNAVAILABLE: io exception
2022-10-18 03:54:58,324 [grpc-default-executor-1] INFO  leader.FollowerInfo (FollowerInfoImpl.java:lambda$new$0(48)) - omNode-1@group-523986131536->omNode-3: nextIndex: updateUnconditionally 355 -> 45
2022-10-18 03:54:58,330 [grpc-default-executor-1] WARN  server.GrpcLogAppender (LogUtils.java:warn(122)) - omNode-1@group-523986131536->omNode-3-AppendLogResponseHandler: Failed appendEntries: org.apache.ratis.thirdparty.io.grpc.StatusRuntimeException: UNAVAILABLE: io exception
2022-10-18 03:54:58,330 [grpc-default-executor-1] INFO  leader.FollowerInfo (FollowerInfoImpl.java:lambda$new$0(48)) - omNode-1@group-523986131536->omNode-3: nextIndex: updateUnconditionally 355 -> 45
2022-10-18 03:54:58,337 [grpc-default-executor-1] WARN  server.GrpcLogAppender (LogUtils.java:warn(122)) - omNode-1@group-523986131536->omNode-3-AppendLogResponseHandler: Failed appendEntries: org.apache.ratis.thirdparty.io.grpc.StatusRuntimeException: UNAVAILABLE: io exception
2022-10-18 03:54:58,337 [grpc-default-executor-1] INFO  leader.FollowerInfo (FollowerInfoImpl.java:lambda$new$0(48)) - omNode-1@group-523986131536->omNode-3: nextIndex: updateUnconditionally 356 -> 45
2022-10-18 03:54:58,340 [grpc-default-executor-0] WARN  server.GrpcLogAppender (LogUtils.java:warn(122)) - omNode-1@group-523986131536->omNode-3-AppendLogResponseHandler: Failed appendEntries: org.apache.ratis.thirdparty.io.grpc.StatusRuntimeException: UNAVAILABLE: io exception
2022-10-18 03:54:58,340 [grpc-default-executor-0] INFO  leader.FollowerInfo (FollowerInfoImpl.java:lambda$new$0(48)) - omNode-1@group-523986131536->omNode-3: nextIndex: updateUnconditionally 357 -> 45
2022-10-18 03:54:58,345 [grpc-default-executor-0] WARN  server.GrpcLogAppender (LogUtils.java:warn(122)) - omNode-1@group-523986131536->omNode-3-AppendLogResponseHandler: Failed appendEntries: org.apache.ratis.thirdparty.io.grpc.StatusRuntimeException: UNAVAILABLE: io exception
2022-10-18 03:54:58,345 [grpc-default-executor-0] INFO  leader.FollowerInfo (FollowerInfoImpl.java:lambda$new$0(48)) - omNode-1@group-523986131536->omNode-3: nextIndex: updateUnconditionally 357 -> 45
2022-10-18 03:54:58,347 [grpc-default-executor-0] WARN  server.GrpcLogAppender (LogUtils.java:warn(122)) - omNode-1@group-523986131536->omNode-3-AppendLogResponseHandler: Failed appendEntries: org.apache.ratis.thirdparty.io.grpc.StatusRuntimeException: UNAVAILABLE: io exception
2022-10-18 03:54:58,347 [grpc-default-executor-0] INFO  leader.FollowerInfo (FollowerInfoImpl.java:lambda$new$0(48)) - omNode-1@group-523986131536->omNode-3: nextIndex: updateUnconditionally 358 -> 45
2022-10-18 03:54:58,347 [omNode-2@group-523986131536-StateMachineUpdater] INFO  ratis.OzoneManagerStateMachine (OzoneManagerStateMachine.java:takeSnapshot(441)) - Current Snapshot Index (t:1, i:356)
2022-10-18 03:54:58,348 [omNode-2@group-523986131536-StateMachineUpdater] INFO  impl.StateMachineUpdater (StateMachineUpdater.java:takeSnapshot(287)) - omNode-2@group-523986131536-StateMachineUpdater: Took a snapshot at index 356
2022-10-18 03:54:58,348 [omNode-2@group-523986131536-StateMachineUpdater] INFO  impl.StateMachineUpdater (StateMachineUpdater.java:lambda$new$0(92)) - omNode-2@group-523986131536-StateMachineUpdater: snapshotIndex: updateIncreasingly 305 -> 356
2022-10-18 03:54:58,348 [omNode-2@group-523986131536-StateMachineUpdater] INFO  raftlog.RaftLog (RaftLogBase.java:purge(308)) - omNode-2@group-523986131536-SegmentedRaftLog: purge 356
2022-10-18 03:54:58,348 [omNode-2@group-523986131536-StateMachineUpdater] INFO  raftlog.RaftLog (RaftLogBase.java:lambda$new$0(53)) - omNode-2@group-523986131536-SegmentedRaftLog: snapshotIndex: updateIncreasingly 305 -> 356
2022-10-18 03:54:58,348 [omNode-2@group-523986131536-StateMachineUpdater] INFO  raftlog.RaftLog (RaftLogBase.java:lambda$new$0(53)) - omNode-2@group-523986131536-SegmentedRaftLog: purgeIndex: updateToMax old=305, new=356, updated? true
2022-10-18 03:54:58,349 [grpc-default-executor-0] WARN  server.GrpcLogAppender (LogUtils.java:warn(122)) - omNode-1@group-523986131536->omNode-3-AppendLogResponseHandler: Failed appendEntries: org.apache.ratis.thirdparty.io.grpc.StatusRuntimeException: UNAVAILABLE: io exception
2022-10-18 03:54:58,349 [grpc-default-executor-0] INFO  leader.FollowerInfo (FollowerInfoImpl.java:lambda$new$0(48)) - omNode-1@group-523986131536->omNode-3: nextIndex: updateUnconditionally 358 -> 45
2022-10-18 03:54:58,350 [grpc-default-executor-1] WARN  server.GrpcLogAppender (LogUtils.java:warn(122)) - omNode-1@group-523986131536->omNode-3-AppendLogResponseHandler: Failed appendEntries: org.apache.ratis.thirdparty.io.grpc.StatusRuntimeException: UNAVAILABLE: io exception
2022-10-18 03:54:58,350 [grpc-default-executor-1] INFO  leader.FollowerInfo (FollowerInfoImpl.java:lambda$new$0(48)) - omNode-1@group-523986131536->omNode-3: nextIndex: updateUnconditionally 359 -> 45
2022-10-18 03:54:58,353 [grpc-default-executor-0] WARN  server.GrpcLogAppender (LogUtils.java:warn(122)) - omNode-1@group-523986131536->omNode-3-AppendLogResponseHandler: Failed appendEntries: org.apache.ratis.thirdparty.io.grpc.StatusRuntimeException: UNAVAILABLE: io exception
2022-10-18 03:54:58,353 [grpc-default-executor-0] INFO  leader.FollowerInfo (FollowerInfoImpl.java:lambda$new$0(48)) - omNode-1@group-523986131536->omNode-3: nextIndex: updateUnconditionally 359 -> 45
2022-10-18 03:54:58,355 [grpc-default-executor-2] WARN  server.GrpcLogAppender (LogUtils.java:warn(122)) - omNode-1@group-523986131536->omNode-3-AppendLogResponseHandler: Failed appendEntries: org.apache.ratis.thirdparty.io.grpc.StatusRuntimeException: UNAVAILABLE: io exception
2022-10-18 03:54:58,355 [grpc-default-executor-2] INFO  leader.FollowerInfo (FollowerInfoImpl.java:lambda$new$0(48)) - omNode-1@group-523986131536->omNode-3: nextIndex: updateUnconditionally 359 -> 45
2022-10-18 03:54:58,365 [grpc-default-executor-0] WARN  server.GrpcLogAppender (LogUtils.java:warn(122)) - omNode-1@group-523986131536->omNode-3-AppendLogResponseHandler: Failed appendEntries: org.apache.ratis.thirdparty.io.grpc.StatusRuntimeException: UNAVAILABLE: io exception
2022-10-18 03:54:58,365 [grpc-default-executor-0] INFO  leader.FollowerInfo (FollowerInfoImpl.java:lambda$new$0(48)) - omNode-1@group-523986131536->omNode-3: nextIndex: updateUnconditionally 360 -> 45
2022-10-18 03:54:58,371 [grpc-default-executor-0] WARN  server.GrpcLogAppender (LogUtils.java:warn(122)) - omNode-1@group-523986131536->omNode-3-AppendLogResponseHandler: Failed appendEntries: org.apache.ratis.thirdparty.io.grpc.StatusRuntimeException: UNAVAILABLE: io exception
2022-10-18 03:54:58,371 [grpc-default-executor-0] INFO  leader.FollowerInfo (FollowerInfoImpl.java:lambda$new$0(48)) - omNode-1@group-523986131536->omNode-3: nextIndex: updateUnconditionally 360 -> 45
2022-10-18 03:54:58,373 [grpc-default-executor-0] WARN  server.GrpcLogAppender (LogUtils.java:warn(122)) - omNode-1@group-523986131536->omNode-3-AppendLogResponseHandler: Failed appendEntries: org.apache.ratis.thirdparty.io.grpc.StatusRuntimeException: UNAVAILABLE: io exception
2022-10-18 03:54:58,373 [grpc-default-executor-0] INFO  leader.FollowerInfo (FollowerInfoImpl.java:lambda$new$0(48)) - omNode-1@group-523986131536->omNode-3: nextIndex: updateUnconditionally 361 -> 45
2022-10-18 03:54:58,377 [grpc-default-executor-0] WARN  server.GrpcLogAppender (LogUtils.java:warn(122)) - omNode-1@group-523986131536->omNode-3-AppendLogResponseHandler: Failed appendEntries: org.apache.ratis.thirdparty.io.grpc.StatusRuntimeException: UNAVAILABLE: io exception
2022-10-18 03:54:58,378 [grpc-default-executor-0] INFO  leader.FollowerInfo (FollowerInfoImpl.java:lambda$new$0(48)) - omNode-1@group-523986131536->omNode-3: nextIndex: updateUnconditionally 361 -> 45
2022-10-18 03:54:58,379 [grpc-default-executor-2] WARN  server.GrpcLogAppender (LogUtils.java:warn(122)) - omNode-1@group-523986131536->omNode-3-AppendLogResponseHandler: Failed appendEntries: org.apache.ratis.thirdparty.io.grpc.StatusRuntimeException: UNAVAILABLE: io exception
2022-10-18 03:54:58,379 [grpc-default-executor-2] INFO  leader.FollowerInfo (FollowerInfoImpl.java:lambda$new$0(48)) - omNode-1@group-523986131536->omNode-3: nextIndex: updateUnconditionally 362 -> 45
2022-10-18 03:54:58,384 [grpc-default-executor-0] WARN  server.GrpcLogAppender (LogUtils.java:warn(122)) - omNode-1@group-523986131536->omNode-3-AppendLogResponseHandler: Failed appendEntries: org.apache.ratis.thirdparty.io.grpc.StatusRuntimeException: UNAVAILABLE: io exception
2022-10-18 03:54:58,384 [grpc-default-executor-0] INFO  leader.FollowerInfo (FollowerInfoImpl.java:lambda$new$0(48)) - omNode-1@group-523986131536->omNode-3: nextIndex: updateUnconditionally 362 -> 45
2022-10-18 03:54:58,394 [grpc-default-executor-0] WARN  server.GrpcLogAppender (LogUtils.java:warn(122)) - omNode-1@group-523986131536->omNode-3-AppendLogResponseHandler: Failed appendEntries: org.apache.ratis.thirdparty.io.grpc.StatusRuntimeException: UNAVAILABLE: io exception
2022-10-18 03:54:58,395 [grpc-default-executor-0] INFO  leader.FollowerInfo (FollowerInfoImpl.java:lambda$new$0(48)) - omNode-1@group-523986131536->omNode-3: nextIndex: updateUnconditionally 363 -> 45
2022-10-18 03:54:58,400 [grpc-default-executor-2] WARN  server.GrpcLogAppender (LogUtils.java:warn(122)) - omNode-1@group-523986131536->omNode-3-AppendLogResponseHandler: Failed appendEntries: org.apache.ratis.thirdparty.io.grpc.StatusRuntimeException: UNAVAILABLE: io exception
2022-10-18 03:54:58,400 [grpc-default-executor-2] INFO  leader.FollowerInfo (FollowerInfoImpl.java:lambda$new$0(48)) - omNode-1@group-523986131536->omNode-3: nextIndex: updateUnconditionally 364 -> 45
2022-10-18 03:54:58,402 [grpc-default-executor-2] WARN  server.GrpcLogAppender (LogUtils.java:warn(122)) - omNode-1@group-523986131536->omNode-3-AppendLogResponseHandler: Failed appendEntries: org.apache.ratis.thirdparty.io.grpc.StatusRuntimeException: UNAVAILABLE: io exception
2022-10-18 03:54:58,402 [grpc-default-executor-2] INFO  leader.FollowerInfo (FollowerInfoImpl.java:lambda$new$0(48)) - omNode-1@group-523986131536->omNode-3: nextIndex: updateUnconditionally 364 -> 45
2022-10-18 03:54:58,408 [grpc-default-executor-2] WARN  server.GrpcLogAppender (LogUtils.java:warn(122)) - omNode-1@group-523986131536->omNode-3-AppendLogResponseHandler: Failed appendEntries: org.apache.ratis.thirdparty.io.grpc.StatusRuntimeException: UNAVAILABLE: io exception
2022-10-18 03:54:58,408 [grpc-default-executor-2] INFO  leader.FollowerInfo (FollowerInfoImpl.java:lambda$new$0(48)) - omNode-1@group-523986131536->omNode-3: nextIndex: updateUnconditionally 365 -> 45
2022-10-18 03:54:58,411 [grpc-default-executor-2] WARN  server.GrpcLogAppender (LogUtils.java:warn(122)) - omNode-1@group-523986131536->omNode-3-AppendLogResponseHandler: Failed appendEntries: org.apache.ratis.thirdparty.io.grpc.StatusRuntimeException: UNAVAILABLE: io exception
2022-10-18 03:54:58,411 [grpc-default-executor-2] INFO  leader.FollowerInfo (FollowerInfoImpl.java:lambda$new$0(48)) - omNode-1@group-523986131536->omNode-3: nextIndex: updateUnconditionally 366 -> 45
2022-10-18 03:54:58,415 [grpc-default-executor-0] WARN  server.GrpcLogAppender (LogUtils.java:warn(122)) - omNode-1@group-523986131536->omNode-3-AppendLogResponseHandler: Failed appendEntries: org.apache.ratis.thirdparty.io.grpc.StatusRuntimeException: UNAVAILABLE: io exception
2022-10-18 03:54:58,415 [grpc-default-executor-0] INFO  leader.FollowerInfo (FollowerInfoImpl.java:lambda$new$0(48)) - omNode-1@group-523986131536->omNode-3: nextIndex: updateUnconditionally 366 -> 45
2022-10-18 03:54:58,419 [grpc-default-executor-2] WARN  server.GrpcLogAppender (LogUtils.java:warn(122)) - omNode-1@group-523986131536->omNode-3-AppendLogResponseHandler: Failed appendEntries: org.apache.ratis.thirdparty.io.grpc.StatusRuntimeException: UNAVAILABLE: io exception
2022-10-18 03:54:58,419 [grpc-default-executor-2] INFO  leader.FollowerInfo (FollowerInfoImpl.java:lambda$new$0(48)) - omNode-1@group-523986131536->omNode-3: nextIndex: updateUnconditionally 367 -> 45
2022-10-18 03:54:58,424 [grpc-default-executor-2] WARN  server.GrpcLogAppender (LogUtils.java:warn(122)) - omNode-1@group-523986131536->omNode-3-AppendLogResponseHandler: Failed appendEntries: org.apache.ratis.thirdparty.io.grpc.StatusRuntimeException: UNAVAILABLE: io exception
2022-10-18 03:54:58,424 [grpc-default-executor-2] INFO  leader.FollowerInfo (FollowerInfoImpl.java:lambda$new$0(48)) - omNode-1@group-523986131536->omNode-3: nextIndex: updateUnconditionally 367 -> 45
2022-10-18 03:54:58,426 [grpc-default-executor-0] WARN  server.GrpcLogAppender (LogUtils.java:warn(122)) - omNode-1@group-523986131536->omNode-3-AppendLogResponseHandler: Failed appendEntries: org.apache.ratis.thirdparty.io.grpc.StatusRuntimeException: UNAVAILABLE: io exception
2022-10-18 03:54:58,426 [grpc-default-executor-0] INFO  leader.FollowerInfo (FollowerInfoImpl.java:lambda$new$0(48)) - omNode-1@group-523986131536->omNode-3: nextIndex: updateUnconditionally 367 -> 45
2022-10-18 03:54:58,432 [grpc-default-executor-2] WARN  server.GrpcLogAppender (LogUtils.java:warn(122)) - omNode-1@group-523986131536->omNode-3-AppendLogResponseHandler: Failed appendEntries: org.apache.ratis.thirdparty.io.grpc.StatusRuntimeException: UNAVAILABLE: io exception
2022-10-18 03:54:58,433 [grpc-default-executor-2] INFO  leader.FollowerInfo (FollowerInfoImpl.java:lambda$new$0(48)) - omNode-1@group-523986131536->omNode-3: nextIndex: updateUnconditionally 368 -> 45
2022-10-18 03:54:58,439 [grpc-default-executor-0] WARN  server.GrpcLogAppender (LogUtils.java:warn(122)) - omNode-1@group-523986131536->omNode-3-AppendLogResponseHandler: Failed appendEntries: org.apache.ratis.thirdparty.io.grpc.StatusRuntimeException: UNAVAILABLE: io exception
2022-10-18 03:54:58,439 [grpc-default-executor-0] INFO  leader.FollowerInfo (FollowerInfoImpl.java:lambda$new$0(48)) - omNode-1@group-523986131536->omNode-3: nextIndex: updateUnconditionally 368 -> 45
2022-10-18 03:54:58,444 [grpc-default-executor-2] WARN  server.GrpcLogAppender (LogUtils.java:warn(122)) - omNode-1@group-523986131536->omNode-3-AppendLogResponseHandler: Failed appendEntries: org.apache.ratis.thirdparty.io.grpc.StatusRuntimeException: UNAVAILABLE: io exception
2022-10-18 03:54:58,444 [grpc-default-executor-2] INFO  leader.FollowerInfo (FollowerInfoImpl.java:lambda$new$0(48)) - omNode-1@group-523986131536->omNode-3: nextIndex: updateUnconditionally 370 -> 45
2022-10-18 03:54:58,446 [grpc-default-executor-2] WARN  server.GrpcLogAppender (LogUtils.java:warn(122)) - omNode-1@group-523986131536->omNode-3-AppendLogResponseHandler: Failed appendEntries: org.apache.ratis.thirdparty.io.grpc.StatusRuntimeException: UNAVAILABLE: io exception
2022-10-18 03:54:58,446 [grpc-default-executor-2] INFO  leader.FollowerInfo (FollowerInfoImpl.java:lambda$new$0(48)) - omNode-1@group-523986131536->omNode-3: nextIndex: updateUnconditionally 370 -> 45
2022-10-18 03:54:58,455 [grpc-default-executor-0] WARN  server.GrpcLogAppender (LogUtils.java:warn(122)) - omNode-1@group-523986131536->omNode-3-AppendLogResponseHandler: Failed appendEntries: org.apache.ratis.thirdparty.io.grpc.StatusRuntimeException: UNAVAILABLE: io exception
2022-10-18 03:54:58,455 [grpc-default-executor-0] INFO  leader.FollowerInfo (FollowerInfoImpl.java:lambda$new$0(48)) - omNode-1@group-523986131536->omNode-3: nextIndex: updateUnconditionally 371 -> 45
2022-10-18 03:54:58,456 [grpc-default-executor-0] WARN  server.GrpcLogAppender (LogUtils.java:warn(122)) - omNode-1@group-523986131536->omNode-3-AppendLogResponseHandler: Failed appendEntries: org.apache.ratis.thirdparty.io.grpc.StatusRuntimeException: UNAVAILABLE: io exception
2022-10-18 03:54:58,456 [grpc-default-executor-0] INFO  leader.FollowerInfo (FollowerInfoImpl.java:lambda$new$0(48)) - omNode-1@group-523986131536->omNode-3: nextIndex: updateUnconditionally 372 -> 45
2022-10-18 03:54:58,461 [grpc-default-executor-0] WARN  server.GrpcLogAppender (LogUtils.java:warn(122)) - omNode-1@group-523986131536->omNode-3-AppendLogResponseHandler: Failed appendEntries: org.apache.ratis.thirdparty.io.grpc.StatusRuntimeException: UNAVAILABLE: io exception
2022-10-18 03:54:58,461 [grpc-default-executor-0] INFO  leader.FollowerInfo (FollowerInfoImpl.java:lambda$new$0(48)) - omNode-1@group-523986131536->omNode-3: nextIndex: updateUnconditionally 372 -> 45
2022-10-18 03:54:58,464 [grpc-default-executor-0] WARN  server.GrpcLogAppender (LogUtils.java:warn(122)) - omNode-1@group-523986131536->omNode-3-AppendLogResponseHandler: Failed appendEntries: org.apache.ratis.thirdparty.io.grpc.StatusRuntimeException: UNAVAILABLE: io exception
2022-10-18 03:54:58,464 [grpc-default-executor-0] INFO  leader.FollowerInfo (FollowerInfoImpl.java:lambda$new$0(48)) - omNode-1@group-523986131536->omNode-3: nextIndex: updateUnconditionally 374 -> 45
2022-10-18 03:54:58,466 [grpc-default-executor-2] WARN  server.GrpcLogAppender (LogUtils.java:warn(122)) - omNode-1@group-523986131536->omNode-3-AppendLogResponseHandler: Failed appendEntries: org.apache.ratis.thirdparty.io.grpc.StatusRuntimeException: UNAVAILABLE: io exception
2022-10-18 03:54:58,466 [grpc-default-executor-2] INFO  leader.FollowerInfo (FollowerInfoImpl.java:lambda$new$0(48)) - omNode-1@group-523986131536->omNode-3: nextIndex: updateUnconditionally 374 -> 45
2022-10-18 03:54:58,467 [grpc-default-executor-2] WARN  server.GrpcLogAppender (LogUtils.java:warn(122)) - omNode-1@group-523986131536->omNode-3-AppendLogResponseHandler: Failed appendEntries: org.apache.ratis.thirdparty.io.grpc.StatusRuntimeException: UNAVAILABLE: io exception
2022-10-18 03:54:58,467 [grpc-default-executor-2] INFO  leader.FollowerInfo (FollowerInfoImpl.java:lambda$new$0(48)) - omNode-1@group-523986131536->omNode-3: nextIndex: updateUnconditionally 375 -> 45
2022-10-18 03:54:58,479 [grpc-default-executor-1] WARN  server.GrpcLogAppender (LogUtils.java:warn(122)) - omNode-1@group-523986131536->omNode-3-AppendLogResponseHandler: Failed appendEntries: org.apache.ratis.thirdparty.io.grpc.StatusRuntimeException: UNAVAILABLE: io exception
2022-10-18 03:54:58,479 [grpc-default-executor-1] INFO  leader.FollowerInfo (FollowerInfoImpl.java:lambda$new$0(48)) - omNode-1@group-523986131536->omNode-3: nextIndex: updateUnconditionally 375 -> 45
2022-10-18 03:54:58,484 [grpc-default-executor-2] WARN  server.GrpcLogAppender (LogUtils.java:warn(122)) - omNode-1@group-523986131536->omNode-3-AppendLogResponseHandler: Failed appendEntries: org.apache.ratis.thirdparty.io.grpc.StatusRuntimeException: UNAVAILABLE: io exception
2022-10-18 03:54:58,484 [grpc-default-executor-2] INFO  leader.FollowerInfo (FollowerInfoImpl.java:lambda$new$0(48)) - omNode-1@group-523986131536->omNode-3: nextIndex: updateUnconditionally 376 -> 45
2022-10-18 03:54:58,489 [grpc-default-executor-1] WARN  server.GrpcLogAppender (LogUtils.java:warn(122)) - omNode-1@group-523986131536->omNode-3-AppendLogResponseHandler: Failed appendEntries: org.apache.ratis.thirdparty.io.grpc.StatusRuntimeException: UNAVAILABLE: io exception
2022-10-18 03:54:58,489 [grpc-default-executor-1] INFO  leader.FollowerInfo (FollowerInfoImpl.java:lambda$new$0(48)) - omNode-1@group-523986131536->omNode-3: nextIndex: updateUnconditionally 376 -> 45
2022-10-18 03:54:58,491 [grpc-default-executor-1] WARN  server.GrpcLogAppender (LogUtils.java:warn(122)) - omNode-1@group-523986131536->omNode-3-AppendLogResponseHandler: Failed appendEntries: org.apache.ratis.thirdparty.io.grpc.StatusRuntimeException: UNAVAILABLE: io exception
2022-10-18 03:54:58,491 [grpc-default-executor-1] INFO  leader.FollowerInfo (FollowerInfoImpl.java:lambda$new$0(48)) - omNode-1@group-523986131536->omNode-3: nextIndex: updateUnconditionally 378 -> 45
2022-10-18 03:54:58,497 [grpc-default-executor-1] WARN  server.GrpcLogAppender (LogUtils.java:warn(122)) - omNode-1@group-523986131536->omNode-3-AppendLogResponseHandler: Failed appendEntries: org.apache.ratis.thirdparty.io.grpc.StatusRuntimeException: UNAVAILABLE: io exception
2022-10-18 03:54:58,498 [grpc-default-executor-1] INFO  leader.FollowerInfo (FollowerInfoImpl.java:lambda$new$0(48)) - omNode-1@group-523986131536->omNode-3: nextIndex: updateUnconditionally 378 -> 45
2022-10-18 03:54:58,503 [grpc-default-executor-1] WARN  server.GrpcLogAppender (LogUtils.java:warn(122)) - omNode-1@group-523986131536->omNode-3-AppendLogResponseHandler: Failed appendEntries: org.apache.ratis.thirdparty.io.grpc.StatusRuntimeException: UNAVAILABLE: io exception
2022-10-18 03:54:58,503 [grpc-default-executor-1] INFO  leader.FollowerInfo (FollowerInfoImpl.java:lambda$new$0(48)) - omNode-1@group-523986131536->omNode-3: nextIndex: updateUnconditionally 379 -> 45
2022-10-18 03:54:58,506 [grpc-default-executor-2] WARN  server.GrpcLogAppender (LogUtils.java:warn(122)) - omNode-1@group-523986131536->omNode-3-AppendLogResponseHandler: Failed appendEntries: org.apache.ratis.thirdparty.io.grpc.StatusRuntimeException: UNAVAILABLE: io exception
2022-10-18 03:54:58,506 [grpc-default-executor-2] INFO  leader.FollowerInfo (FollowerInfoImpl.java:lambda$new$0(48)) - omNode-1@group-523986131536->omNode-3: nextIndex: updateUnconditionally 379 -> 45
2022-10-18 03:54:58,507 [grpc-default-executor-0] WARN  server.GrpcLogAppender (LogUtils.java:warn(122)) - omNode-1@group-523986131536->omNode-3-AppendLogResponseHandler: Failed appendEntries: org.apache.ratis.thirdparty.io.grpc.StatusRuntimeException: UNAVAILABLE: io exception
2022-10-18 03:54:58,508 [grpc-default-executor-0] INFO  leader.FollowerInfo (FollowerInfoImpl.java:lambda$new$0(48)) - omNode-1@group-523986131536->omNode-3: nextIndex: updateUnconditionally 379 -> 45
2022-10-18 03:54:58,516 [grpc-default-executor-2] WARN  server.GrpcLogAppender (LogUtils.java:warn(122)) - omNode-1@group-523986131536->omNode-3-AppendLogResponseHandler: Failed appendEntries: org.apache.ratis.thirdparty.io.grpc.StatusRuntimeException: UNAVAILABLE: io exception
2022-10-18 03:54:58,516 [grpc-default-executor-2] INFO  leader.FollowerInfo (FollowerInfoImpl.java:lambda$new$0(48)) - omNode-1@group-523986131536->omNode-3: nextIndex: updateUnconditionally 380 -> 45
2022-10-18 03:54:58,531 [grpc-default-executor-0] WARN  server.GrpcLogAppender (LogUtils.java:warn(122)) - omNode-1@group-523986131536->omNode-3-AppendLogResponseHandler: Failed appendEntries: org.apache.ratis.thirdparty.io.grpc.StatusRuntimeException: UNAVAILABLE: io exception
2022-10-18 03:54:58,531 [grpc-default-executor-0] INFO  leader.FollowerInfo (FollowerInfoImpl.java:lambda$new$0(48)) - omNode-1@group-523986131536->omNode-3: nextIndex: updateUnconditionally 380 -> 45
2022-10-18 03:54:58,534 [grpc-default-executor-0] WARN  server.GrpcLogAppender (LogUtils.java:warn(122)) - omNode-1@group-523986131536->omNode-3-AppendLogResponseHandler: Failed appendEntries: org.apache.ratis.thirdparty.io.grpc.StatusRuntimeException: UNAVAILABLE: io exception
2022-10-18 03:54:58,534 [grpc-default-executor-0] INFO  leader.FollowerInfo (FollowerInfoImpl.java:lambda$new$0(48)) - omNode-1@group-523986131536->omNode-3: nextIndex: updateUnconditionally 382 -> 45
2022-10-18 03:54:58,542 [grpc-default-executor-0] WARN  server.GrpcLogAppender (LogUtils.java:warn(122)) - omNode-1@group-523986131536->omNode-3-AppendLogResponseHandler: Failed appendEntries: org.apache.ratis.thirdparty.io.grpc.StatusRuntimeException: UNAVAILABLE: io exception
2022-10-18 03:54:58,542 [grpc-default-executor-0] INFO  leader.FollowerInfo (FollowerInfoImpl.java:lambda$new$0(48)) - omNode-1@group-523986131536->omNode-3: nextIndex: updateUnconditionally 382 -> 45
2022-10-18 03:54:58,551 [grpc-default-executor-0] WARN  server.GrpcLogAppender (LogUtils.java:warn(122)) - omNode-1@group-523986131536->omNode-3-AppendLogResponseHandler: Failed appendEntries: org.apache.ratis.thirdparty.io.grpc.StatusRuntimeException: UNAVAILABLE: io exception
2022-10-18 03:54:58,556 [grpc-default-executor-0] INFO  leader.FollowerInfo (FollowerInfoImpl.java:lambda$new$0(48)) - omNode-1@group-523986131536->omNode-3: nextIndex: updateUnconditionally 382 -> 45
2022-10-18 03:54:58,559 [grpc-default-executor-2] WARN  server.GrpcLogAppender (LogUtils.java:warn(122)) - omNode-1@group-523986131536->omNode-3-AppendLogResponseHandler: Failed appendEntries: org.apache.ratis.thirdparty.io.grpc.StatusRuntimeException: UNAVAILABLE: io exception
2022-10-18 03:54:58,559 [grpc-default-executor-2] INFO  leader.FollowerInfo (FollowerInfoImpl.java:lambda$new$0(48)) - omNode-1@group-523986131536->omNode-3: nextIndex: updateUnconditionally 383 -> 45
2022-10-18 03:54:58,582 [grpc-default-executor-2] WARN  server.GrpcLogAppender (LogUtils.java:warn(122)) - omNode-1@group-523986131536->omNode-3-AppendLogResponseHandler: Failed appendEntries: org.apache.ratis.thirdparty.io.grpc.StatusRuntimeException: UNAVAILABLE: io exception
2022-10-18 03:54:58,583 [grpc-default-executor-2] INFO  leader.FollowerInfo (FollowerInfoImpl.java:lambda$new$0(48)) - omNode-1@group-523986131536->omNode-3: nextIndex: updateUnconditionally 383 -> 45
2022-10-18 03:54:58,584 [grpc-default-executor-2] WARN  server.GrpcLogAppender (LogUtils.java:warn(122)) - omNode-1@group-523986131536->omNode-3-AppendLogResponseHandler: Failed appendEntries: org.apache.ratis.thirdparty.io.grpc.StatusRuntimeException: UNAVAILABLE: io exception
2022-10-18 03:54:58,584 [grpc-default-executor-2] INFO  leader.FollowerInfo (FollowerInfoImpl.java:lambda$new$0(48)) - omNode-1@group-523986131536->omNode-3: nextIndex: updateUnconditionally 383 -> 45
2022-10-18 03:54:58,592 [grpc-default-executor-0] WARN  server.GrpcLogAppender (LogUtils.java:warn(122)) - omNode-1@group-523986131536->omNode-3-AppendLogResponseHandler: Failed appendEntries: org.apache.ratis.thirdparty.io.grpc.StatusRuntimeException: UNAVAILABLE: io exception
2022-10-18 03:54:58,592 [grpc-default-executor-0] INFO  leader.FollowerInfo (FollowerInfoImpl.java:lambda$new$0(48)) - omNode-1@group-523986131536->omNode-3: nextIndex: updateUnconditionally 384 -> 45
2022-10-18 03:54:58,600 [grpc-default-executor-0] WARN  server.GrpcLogAppender (LogUtils.java:warn(122)) - omNode-1@group-523986131536->omNode-3-AppendLogResponseHandler: Failed appendEntries: org.apache.ratis.thirdparty.io.grpc.StatusRuntimeException: UNAVAILABLE: io exception
2022-10-18 03:54:58,603 [grpc-default-executor-0] INFO  leader.FollowerInfo (FollowerInfoImpl.java:lambda$new$0(48)) - omNode-1@group-523986131536->omNode-3: nextIndex: updateUnconditionally 384 -> 45
2022-10-18 03:54:58,605 [grpc-default-executor-2] WARN  server.GrpcLogAppender (LogUtils.java:warn(122)) - omNode-1@group-523986131536->omNode-3-AppendLogResponseHandler: Failed appendEntries: org.apache.ratis.thirdparty.io.grpc.StatusRuntimeException: UNAVAILABLE: io exception
2022-10-18 03:54:58,606 [grpc-default-executor-2] INFO  leader.FollowerInfo (FollowerInfoImpl.java:lambda$new$0(48)) - omNode-1@group-523986131536->omNode-3: nextIndex: updateUnconditionally 385 -> 45
2022-10-18 03:54:58,608 [grpc-default-executor-2] WARN  server.GrpcLogAppender (LogUtils.java:warn(122)) - omNode-1@group-523986131536->omNode-3-AppendLogResponseHandler: Failed appendEntries: org.apache.ratis.thirdparty.io.grpc.StatusRuntimeException: UNAVAILABLE: io exception
2022-10-18 03:54:58,608 [grpc-default-executor-2] INFO  leader.FollowerInfo (FollowerInfoImpl.java:lambda$new$0(48)) - omNode-1@group-523986131536->omNode-3: nextIndex: updateUnconditionally 386 -> 45
2022-10-18 03:54:58,613 [grpc-default-executor-2] WARN  server.GrpcLogAppender (LogUtils.java:warn(122)) - omNode-1@group-523986131536->omNode-3-AppendLogResponseHandler: Failed appendEntries: org.apache.ratis.thirdparty.io.grpc.StatusRuntimeException: UNAVAILABLE: io exception
2022-10-18 03:54:58,613 [grpc-default-executor-2] INFO  leader.FollowerInfo (FollowerInfoImpl.java:lambda$new$0(48)) - omNode-1@group-523986131536->omNode-3: nextIndex: updateUnconditionally 386 -> 45
2022-10-18 03:54:58,614 [grpc-default-executor-2] WARN  server.GrpcLogAppender (LogUtils.java:warn(122)) - omNode-1@group-523986131536->omNode-3-AppendLogResponseHandler: Failed appendEntries: org.apache.ratis.thirdparty.io.grpc.StatusRuntimeException: UNAVAILABLE: io exception
2022-10-18 03:54:58,614 [grpc-default-executor-2] INFO  leader.FollowerInfo (FollowerInfoImpl.java:lambda$new$0(48)) - omNode-1@group-523986131536->omNode-3: nextIndex: updateUnconditionally 386 -> 45
2022-10-18 03:54:58,622 [grpc-default-executor-2] WARN  server.GrpcLogAppender (LogUtils.java:warn(122)) - omNode-1@group-523986131536->omNode-3-AppendLogResponseHandler: Failed appendEntries: org.apache.ratis.thirdparty.io.grpc.StatusRuntimeException: UNAVAILABLE: io exception
2022-10-18 03:54:58,622 [grpc-default-executor-2] INFO  leader.FollowerInfo (FollowerInfoImpl.java:lambda$new$0(48)) - omNode-1@group-523986131536->omNode-3: nextIndex: updateUnconditionally 387 -> 45
2022-10-18 03:54:58,631 [grpc-default-executor-2] WARN  server.GrpcLogAppender (LogUtils.java:warn(122)) - omNode-1@group-523986131536->omNode-3-AppendLogResponseHandler: Failed appendEntries: org.apache.ratis.thirdparty.io.grpc.StatusRuntimeException: UNAVAILABLE: io exception
2022-10-18 03:54:58,631 [grpc-default-executor-2] INFO  leader.FollowerInfo (FollowerInfoImpl.java:lambda$new$0(48)) - omNode-1@group-523986131536->omNode-3: nextIndex: updateUnconditionally 387 -> 45
2022-10-18 03:54:58,632 [grpc-default-executor-0] WARN  server.GrpcLogAppender (LogUtils.java:warn(122)) - omNode-1@group-523986131536->omNode-3-AppendLogResponseHandler: Failed appendEntries: org.apache.ratis.thirdparty.io.grpc.StatusRuntimeException: UNAVAILABLE: io exception
2022-10-18 03:54:58,632 [grpc-default-executor-0] INFO  leader.FollowerInfo (FollowerInfoImpl.java:lambda$new$0(48)) - omNode-1@group-523986131536->omNode-3: nextIndex: updateUnconditionally 387 -> 45
2022-10-18 03:54:58,635 [grpc-default-executor-2] WARN  server.GrpcLogAppender (LogUtils.java:warn(122)) - omNode-1@group-523986131536->omNode-3-AppendLogResponseHandler: Failed appendEntries: org.apache.ratis.thirdparty.io.grpc.StatusRuntimeException: UNAVAILABLE: io exception
2022-10-18 03:54:58,635 [grpc-default-executor-2] INFO  leader.FollowerInfo (FollowerInfoImpl.java:lambda$new$0(48)) - omNode-1@group-523986131536->omNode-3: nextIndex: updateUnconditionally 388 -> 45
2022-10-18 03:54:58,637 [grpc-default-executor-0] WARN  server.GrpcLogAppender (LogUtils.java:warn(122)) - omNode-1@group-523986131536->omNode-3-AppendLogResponseHandler: Failed appendEntries: org.apache.ratis.thirdparty.io.grpc.StatusRuntimeException: UNAVAILABLE: io exception
2022-10-18 03:54:58,637 [grpc-default-executor-0] INFO  leader.FollowerInfo (FollowerInfoImpl.java:lambda$new$0(48)) - omNode-1@group-523986131536->omNode-3: nextIndex: updateUnconditionally 388 -> 45
2022-10-18 03:54:58,641 [grpc-default-executor-2] WARN  server.GrpcLogAppender (LogUtils.java:warn(122)) - omNode-1@group-523986131536->omNode-3-AppendLogResponseHandler: Failed appendEntries: org.apache.ratis.thirdparty.io.grpc.StatusRuntimeException: UNAVAILABLE: io exception
2022-10-18 03:54:58,641 [grpc-default-executor-2] INFO  leader.FollowerInfo (FollowerInfoImpl.java:lambda$new$0(48)) - omNode-1@group-523986131536->omNode-3: nextIndex: updateUnconditionally 389 -> 45
2022-10-18 03:54:58,644 [grpc-default-executor-2] WARN  server.GrpcLogAppender (LogUtils.java:warn(122)) - omNode-1@group-523986131536->omNode-3-AppendLogResponseHandler: Failed appendEntries: org.apache.ratis.thirdparty.io.grpc.StatusRuntimeException: UNAVAILABLE: io exception
2022-10-18 03:54:58,644 [grpc-default-executor-2] INFO  leader.FollowerInfo (FollowerInfoImpl.java:lambda$new$0(48)) - omNode-1@group-523986131536->omNode-3: nextIndex: updateUnconditionally 390 -> 45
2022-10-18 03:54:58,646 [grpc-default-executor-2] WARN  server.GrpcLogAppender (LogUtils.java:warn(122)) - omNode-1@group-523986131536->omNode-3-AppendLogResponseHandler: Failed appendEntries: org.apache.ratis.thirdparty.io.grpc.StatusRuntimeException: UNAVAILABLE: io exception
2022-10-18 03:54:58,646 [grpc-default-executor-2] INFO  leader.FollowerInfo (FollowerInfoImpl.java:lambda$new$0(48)) - omNode-1@group-523986131536->omNode-3: nextIndex: updateUnconditionally 390 -> 45
2022-10-18 03:54:58,656 [grpc-default-executor-2] WARN  server.GrpcLogAppender (LogUtils.java:warn(122)) - omNode-1@group-523986131536->omNode-3-AppendLogResponseHandler: Failed appendEntries: org.apache.ratis.thirdparty.io.grpc.StatusRuntimeException: UNAVAILABLE: io exception
2022-10-18 03:54:58,657 [grpc-default-executor-2] INFO  leader.FollowerInfo (FollowerInfoImpl.java:lambda$new$0(48)) - omNode-1@group-523986131536->omNode-3: nextIndex: updateUnconditionally 391 -> 45
2022-10-18 03:54:58,662 [grpc-default-executor-0] WARN  server.GrpcLogAppender (LogUtils.java:warn(122)) - omNode-1@group-523986131536->omNode-3-AppendLogResponseHandler: Failed appendEntries: org.apache.ratis.thirdparty.io.grpc.StatusRuntimeException: UNAVAILABLE: io exception
2022-10-18 03:54:58,663 [grpc-default-executor-0] INFO  leader.FollowerInfo (FollowerInfoImpl.java:lambda$new$0(48)) - omNode-1@group-523986131536->omNode-3: nextIndex: updateUnconditionally 391 -> 45
2022-10-18 03:54:58,664 [grpc-default-executor-0] WARN  server.GrpcLogAppender (LogUtils.java:warn(122)) - omNode-1@group-523986131536->omNode-3-AppendLogResponseHandler: Failed appendEntries: org.apache.ratis.thirdparty.io.grpc.StatusRuntimeException: UNAVAILABLE: io exception
2022-10-18 03:54:58,664 [grpc-default-executor-0] INFO  leader.FollowerInfo (FollowerInfoImpl.java:lambda$new$0(48)) - omNode-1@group-523986131536->omNode-3: nextIndex: updateUnconditionally 391 -> 45
2022-10-18 03:54:58,667 [grpc-default-executor-2] WARN  server.GrpcLogAppender (LogUtils.java:warn(122)) - omNode-1@group-523986131536->omNode-3-AppendLogResponseHandler: Failed appendEntries: org.apache.ratis.thirdparty.io.grpc.StatusRuntimeException: UNAVAILABLE: io exception
2022-10-18 03:54:58,667 [grpc-default-executor-2] INFO  leader.FollowerInfo (FollowerInfoImpl.java:lambda$new$0(48)) - omNode-1@group-523986131536->omNode-3: nextIndex: updateUnconditionally 392 -> 45
2022-10-18 03:54:58,669 [grpc-default-executor-0] WARN  server.GrpcLogAppender (LogUtils.java:warn(122)) - omNode-1@group-523986131536->omNode-3-AppendLogResponseHandler: Failed appendEntries: org.apache.ratis.thirdparty.io.grpc.StatusRuntimeException: UNAVAILABLE: io exception
2022-10-18 03:54:58,669 [grpc-default-executor-0] INFO  leader.FollowerInfo (FollowerInfoImpl.java:lambda$new$0(48)) - omNode-1@group-523986131536->omNode-3: nextIndex: updateUnconditionally 392 -> 45
2022-10-18 03:54:58,676 [grpc-default-executor-2] WARN  server.GrpcLogAppender (LogUtils.java:warn(122)) - omNode-1@group-523986131536->omNode-3-AppendLogResponseHandler: Failed appendEntries: org.apache.ratis.thirdparty.io.grpc.StatusRuntimeException: UNAVAILABLE: io exception
2022-10-18 03:54:58,677 [grpc-default-executor-2] INFO  leader.FollowerInfo (FollowerInfoImpl.java:lambda$new$0(48)) - omNode-1@group-523986131536->omNode-3: nextIndex: updateUnconditionally 393 -> 45
2022-10-18 03:54:58,681 [grpc-default-executor-0] WARN  server.GrpcLogAppender (LogUtils.java:warn(122)) - omNode-1@group-523986131536->omNode-3-AppendLogResponseHandler: Failed appendEntries: org.apache.ratis.thirdparty.io.grpc.StatusRuntimeException: UNAVAILABLE: io exception
2022-10-18 03:54:58,681 [grpc-default-executor-0] INFO  leader.FollowerInfo (FollowerInfoImpl.java:lambda$new$0(48)) - omNode-1@group-523986131536->omNode-3: nextIndex: updateUnconditionally 394 -> 45
2022-10-18 03:54:58,683 [grpc-default-executor-2] WARN  server.GrpcLogAppender (LogUtils.java:warn(122)) - omNode-1@group-523986131536->omNode-3-AppendLogResponseHandler: Failed appendEntries: org.apache.ratis.thirdparty.io.grpc.StatusRuntimeException: UNAVAILABLE: io exception
2022-10-18 03:54:58,684 [grpc-default-executor-2] INFO  leader.FollowerInfo (FollowerInfoImpl.java:lambda$new$0(48)) - omNode-1@group-523986131536->omNode-3: nextIndex: updateUnconditionally 394 -> 45
2022-10-18 03:54:58,684 [grpc-default-executor-2] WARN  server.GrpcLogAppender (LogUtils.java:warn(122)) - omNode-1@group-523986131536->omNode-3-AppendLogResponseHandler: Failed appendEntries: org.apache.ratis.thirdparty.io.grpc.StatusRuntimeException: UNAVAILABLE: io exception
2022-10-18 03:54:58,685 [grpc-default-executor-2] INFO  leader.FollowerInfo (FollowerInfoImpl.java:lambda$new$0(48)) - omNode-1@group-523986131536->omNode-3: nextIndex: updateUnconditionally 394 -> 45
2022-10-18 03:54:58,687 [grpc-default-executor-2] WARN  server.GrpcLogAppender (LogUtils.java:warn(122)) - omNode-1@group-523986131536->omNode-3-AppendLogResponseHandler: Failed appendEntries: org.apache.ratis.thirdparty.io.grpc.StatusRuntimeException: UNAVAILABLE: io exception
2022-10-18 03:54:58,687 [grpc-default-executor-2] INFO  leader.FollowerInfo (FollowerInfoImpl.java:lambda$new$0(48)) - omNode-1@group-523986131536->omNode-3: nextIndex: updateUnconditionally 395 -> 45
2022-10-18 03:54:58,696 [grpc-default-executor-2] WARN  server.GrpcLogAppender (LogUtils.java:warn(122)) - omNode-1@group-523986131536->omNode-3-AppendLogResponseHandler: Failed appendEntries: org.apache.ratis.thirdparty.io.grpc.StatusRuntimeException: UNAVAILABLE: io exception
2022-10-18 03:54:58,696 [grpc-default-executor-2] INFO  leader.FollowerInfo (FollowerInfoImpl.java:lambda$new$0(48)) - omNode-1@group-523986131536->omNode-3: nextIndex: updateUnconditionally 395 -> 45
2022-10-18 03:54:58,699 [grpc-default-executor-2] WARN  server.GrpcLogAppender (LogUtils.java:warn(122)) - omNode-1@group-523986131536->omNode-3-AppendLogResponseHandler: Failed appendEntries: org.apache.ratis.thirdparty.io.grpc.StatusRuntimeException: UNAVAILABLE: io exception
2022-10-18 03:54:58,699 [grpc-default-executor-2] INFO  leader.FollowerInfo (FollowerInfoImpl.java:lambda$new$0(48)) - omNode-1@group-523986131536->omNode-3: nextIndex: updateUnconditionally 396 -> 45
2022-10-18 03:54:58,704 [grpc-default-executor-0] WARN  server.GrpcLogAppender (LogUtils.java:warn(122)) - omNode-1@group-523986131536->omNode-3-AppendLogResponseHandler: Failed appendEntries: org.apache.ratis.thirdparty.io.grpc.StatusRuntimeException: UNAVAILABLE: io exception
2022-10-18 03:54:58,704 [grpc-default-executor-0] INFO  leader.FollowerInfo (FollowerInfoImpl.java:lambda$new$0(48)) - omNode-1@group-523986131536->omNode-3: nextIndex: updateUnconditionally 396 -> 45
2022-10-18 03:54:58,712 [grpc-default-executor-0] WARN  server.GrpcLogAppender (LogUtils.java:warn(122)) - omNode-1@group-523986131536->omNode-3-AppendLogResponseHandler: Failed appendEntries: org.apache.ratis.thirdparty.io.grpc.StatusRuntimeException: UNAVAILABLE: io exception
2022-10-18 03:54:58,712 [grpc-default-executor-0] INFO  leader.FollowerInfo (FollowerInfoImpl.java:lambda$new$0(48)) - omNode-1@group-523986131536->omNode-3: nextIndex: updateUnconditionally 398 -> 45
2022-10-18 03:54:58,714 [grpc-default-executor-0] WARN  server.GrpcLogAppender (LogUtils.java:warn(122)) - omNode-1@group-523986131536->omNode-3-AppendLogResponseHandler: Failed appendEntries: org.apache.ratis.thirdparty.io.grpc.StatusRuntimeException: UNAVAILABLE: io exception
2022-10-18 03:54:58,714 [grpc-default-executor-0] INFO  leader.FollowerInfo (FollowerInfoImpl.java:lambda$new$0(48)) - omNode-1@group-523986131536->omNode-3: nextIndex: updateUnconditionally 398 -> 45
2022-10-18 03:54:58,719 [grpc-default-executor-0] WARN  server.GrpcLogAppender (LogUtils.java:warn(122)) - omNode-1@group-523986131536->omNode-3-AppendLogResponseHandler: Failed appendEntries: org.apache.ratis.thirdparty.io.grpc.StatusRuntimeException: UNAVAILABLE: io exception
2022-10-18 03:54:58,719 [grpc-default-executor-0] INFO  leader.FollowerInfo (FollowerInfoImpl.java:lambda$new$0(48)) - omNode-1@group-523986131536->omNode-3: nextIndex: updateUnconditionally 399 -> 45
2022-10-18 03:54:58,722 [grpc-default-executor-0] WARN  server.GrpcLogAppender (LogUtils.java:warn(122)) - omNode-1@group-523986131536->omNode-3-AppendLogResponseHandler: Failed appendEntries: org.apache.ratis.thirdparty.io.grpc.StatusRuntimeException: UNAVAILABLE: io exception
2022-10-18 03:54:58,722 [grpc-default-executor-0] INFO  leader.FollowerInfo (FollowerInfoImpl.java:lambda$new$0(48)) - omNode-1@group-523986131536->omNode-3: nextIndex: updateUnconditionally 399 -> 45
2022-10-18 03:54:58,733 [grpc-default-executor-0] WARN  server.GrpcLogAppender (LogUtils.java:warn(122)) - omNode-1@group-523986131536->omNode-3-AppendLogResponseHandler: Failed appendEntries: org.apache.ratis.thirdparty.io.grpc.StatusRuntimeException: UNAVAILABLE: io exception
2022-10-18 03:54:58,733 [grpc-default-executor-0] INFO  leader.FollowerInfo (FollowerInfoImpl.java:lambda$new$0(48)) - omNode-1@group-523986131536->omNode-3: nextIndex: updateUnconditionally 400 -> 45
2022-10-18 03:54:58,739 [grpc-default-executor-0] WARN  server.GrpcLogAppender (LogUtils.java:warn(122)) - omNode-1@group-523986131536->omNode-3-AppendLogResponseHandler: Failed appendEntries: org.apache.ratis.thirdparty.io.grpc.StatusRuntimeException: UNAVAILABLE: io exception
2022-10-18 03:54:58,739 [grpc-default-executor-0] INFO  leader.FollowerInfo (FollowerInfoImpl.java:lambda$new$0(48)) - omNode-1@group-523986131536->omNode-3: nextIndex: updateUnconditionally 400 -> 45
2022-10-18 03:54:58,740 [grpc-default-executor-0] WARN  server.GrpcLogAppender (LogUtils.java:warn(122)) - omNode-1@group-523986131536->omNode-3-AppendLogResponseHandler: Failed appendEntries: org.apache.ratis.thirdparty.io.grpc.StatusRuntimeException: UNAVAILABLE: io exception
2022-10-18 03:54:58,740 [grpc-default-executor-0] INFO  leader.FollowerInfo (FollowerInfoImpl.java:lambda$new$0(48)) - omNode-1@group-523986131536->omNode-3: nextIndex: updateUnconditionally 401 -> 45
2022-10-18 03:54:58,745 [grpc-default-executor-2] WARN  server.GrpcLogAppender (LogUtils.java:warn(122)) - omNode-1@group-523986131536->omNode-3-AppendLogResponseHandler: Failed appendEntries: org.apache.ratis.thirdparty.io.grpc.StatusRuntimeException: UNAVAILABLE: io exception
2022-10-18 03:54:58,746 [omNode-1@group-523986131536-StateMachineUpdater] INFO  ratis.OzoneManagerStateMachine (OzoneManagerStateMachine.java:takeSnapshot(441)) - Current Snapshot Index (t:1, i:400)
2022-10-18 03:54:58,746 [omNode-1@group-523986131536-StateMachineUpdater] INFO  impl.StateMachineUpdater (StateMachineUpdater.java:takeSnapshot(287)) - omNode-1@group-523986131536-StateMachineUpdater: Took a snapshot at index 400
2022-10-18 03:54:58,746 [omNode-1@group-523986131536-StateMachineUpdater] INFO  impl.StateMachineUpdater (StateMachineUpdater.java:lambda$new$0(92)) - omNode-1@group-523986131536-StateMachineUpdater: snapshotIndex: updateIncreasingly 350 -> 400
2022-10-18 03:54:58,746 [omNode-1@group-523986131536-StateMachineUpdater] INFO  raftlog.RaftLog (RaftLogBase.java:purge(308)) - omNode-1@group-523986131536-SegmentedRaftLog: purge 400
2022-10-18 03:54:58,746 [omNode-1@group-523986131536-StateMachineUpdater] INFO  raftlog.RaftLog (RaftLogBase.java:lambda$new$0(53)) - omNode-1@group-523986131536-SegmentedRaftLog: snapshotIndex: updateIncreasingly 350 -> 400
2022-10-18 03:54:58,746 [omNode-1@group-523986131536-StateMachineUpdater] INFO  raftlog.RaftLog (RaftLogBase.java:lambda$new$0(53)) - omNode-1@group-523986131536-SegmentedRaftLog: purgeIndex: updateToMax old=350, new=400, updated? true
2022-10-18 03:54:58,746 [grpc-default-executor-2] INFO  leader.FollowerInfo (FollowerInfoImpl.java:lambda$new$0(48)) - omNode-1@group-523986131536->omNode-3: nextIndex: updateUnconditionally 401 -> 45
2022-10-18 03:54:58,747 [grpc-default-executor-1] WARN  server.GrpcLogAppender (LogUtils.java:warn(122)) - omNode-1@group-523986131536->omNode-3-AppendLogResponseHandler: Failed appendEntries: org.apache.ratis.thirdparty.io.grpc.StatusRuntimeException: UNAVAILABLE: io exception
2022-10-18 03:54:58,748 [grpc-default-executor-1] INFO  leader.FollowerInfo (FollowerInfoImpl.java:lambda$new$0(48)) - omNode-1@group-523986131536->omNode-3: nextIndex: updateUnconditionally 401 -> 45
2022-10-18 03:54:58,751 [grpc-default-executor-0] WARN  server.GrpcLogAppender (LogUtils.java:warn(122)) - omNode-1@group-523986131536->omNode-3-AppendLogResponseHandler: Failed appendEntries: org.apache.ratis.thirdparty.io.grpc.StatusRuntimeException: UNAVAILABLE: io exception
2022-10-18 03:54:58,751 [grpc-default-executor-0] INFO  leader.FollowerInfo (FollowerInfoImpl.java:lambda$new$0(48)) - omNode-1@group-523986131536->omNode-3: nextIndex: updateUnconditionally 402 -> 45
2022-10-18 03:54:58,752 [grpc-default-executor-1] WARN  server.GrpcLogAppender (LogUtils.java:warn(122)) - omNode-1@group-523986131536->omNode-3-AppendLogResponseHandler: Failed appendEntries: org.apache.ratis.thirdparty.io.grpc.StatusRuntimeException: UNAVAILABLE: io exception
2022-10-18 03:54:58,752 [grpc-default-executor-1] INFO  leader.FollowerInfo (FollowerInfoImpl.java:lambda$new$0(48)) - omNode-1@group-523986131536->omNode-3: nextIndex: updateUnconditionally 403 -> 45
2022-10-18 03:54:58,769 [grpc-default-executor-0] WARN  server.GrpcLogAppender (LogUtils.java:warn(122)) - omNode-1@group-523986131536->omNode-3-AppendLogResponseHandler: Failed appendEntries: org.apache.ratis.thirdparty.io.grpc.StatusRuntimeException: UNAVAILABLE: io exception
2022-10-18 03:54:58,769 [grpc-default-executor-0] INFO  leader.FollowerInfo (FollowerInfoImpl.java:lambda$new$0(48)) - omNode-1@group-523986131536->omNode-3: nextIndex: updateUnconditionally 403 -> 45
2022-10-18 03:54:58,770 [grpc-default-executor-1] WARN  server.GrpcLogAppender (LogUtils.java:warn(122)) - omNode-1@group-523986131536->omNode-3-AppendLogResponseHandler: Failed appendEntries: org.apache.ratis.thirdparty.io.grpc.StatusRuntimeException: UNAVAILABLE: io exception
2022-10-18 03:54:58,770 [grpc-default-executor-1] INFO  leader.FollowerInfo (FollowerInfoImpl.java:lambda$new$0(48)) - omNode-1@group-523986131536->omNode-3: nextIndex: updateUnconditionally 403 -> 45
2022-10-18 03:54:58,774 [grpc-default-executor-0] WARN  server.GrpcLogAppender (LogUtils.java:warn(122)) - omNode-1@group-523986131536->omNode-3-AppendLogResponseHandler: Failed appendEntries: org.apache.ratis.thirdparty.io.grpc.StatusRuntimeException: UNAVAILABLE: io exception
2022-10-18 03:54:58,774 [grpc-default-executor-0] INFO  leader.FollowerInfo (FollowerInfoImpl.java:lambda$new$0(48)) - omNode-1@group-523986131536->omNode-3: nextIndex: updateUnconditionally 404 -> 45
2022-10-18 03:54:58,776 [grpc-default-executor-1] WARN  server.GrpcLogAppender (LogUtils.java:warn(122)) - omNode-1@group-523986131536->omNode-3-AppendLogResponseHandler: Failed appendEntries: org.apache.ratis.thirdparty.io.grpc.StatusRuntimeException: UNAVAILABLE: io exception
2022-10-18 03:54:58,777 [grpc-default-executor-1] INFO  leader.FollowerInfo (FollowerInfoImpl.java:lambda$new$0(48)) - omNode-1@group-523986131536->omNode-3: nextIndex: updateUnconditionally 404 -> 45
2022-10-18 03:54:58,784 [grpc-default-executor-0] WARN  server.GrpcLogAppender (LogUtils.java:warn(122)) - omNode-1@group-523986131536->omNode-3-AppendLogResponseHandler: Failed appendEntries: org.apache.ratis.thirdparty.io.grpc.StatusRuntimeException: UNAVAILABLE: io exception
2022-10-18 03:54:58,784 [grpc-default-executor-0] INFO  leader.FollowerInfo (FollowerInfoImpl.java:lambda$new$0(48)) - omNode-1@group-523986131536->omNode-3: nextIndex: updateUnconditionally 405 -> 45
2022-10-18 03:54:58,789 [grpc-default-executor-0] WARN  server.GrpcLogAppender (LogUtils.java:warn(122)) - omNode-1@group-523986131536->omNode-3-AppendLogResponseHandler: Failed appendEntries: org.apache.ratis.thirdparty.io.grpc.StatusRuntimeException: UNAVAILABLE: io exception
2022-10-18 03:54:58,789 [grpc-default-executor-0] INFO  leader.FollowerInfo (FollowerInfoImpl.java:lambda$new$0(48)) - omNode-1@group-523986131536->omNode-3: nextIndex: updateUnconditionally 405 -> 45
2022-10-18 03:54:58,794 [grpc-default-executor-2] WARN  server.GrpcLogAppender (LogUtils.java:warn(122)) - omNode-1@group-523986131536->omNode-3-AppendLogResponseHandler: Failed appendEntries: org.apache.ratis.thirdparty.io.grpc.StatusRuntimeException: UNAVAILABLE: io exception
2022-10-18 03:54:58,795 [grpc-default-executor-2] INFO  leader.FollowerInfo (FollowerInfoImpl.java:lambda$new$0(48)) - omNode-1@group-523986131536->omNode-3: nextIndex: updateUnconditionally 407 -> 45
2022-10-18 03:54:58,803 [grpc-default-executor-0] WARN  server.GrpcLogAppender (LogUtils.java:warn(122)) - omNode-1@group-523986131536->omNode-3-AppendLogResponseHandler: Failed appendEntries: org.apache.ratis.thirdparty.io.grpc.StatusRuntimeException: UNAVAILABLE: io exception
2022-10-18 03:54:58,803 [grpc-default-executor-0] INFO  leader.FollowerInfo (FollowerInfoImpl.java:lambda$new$0(48)) - omNode-1@group-523986131536->omNode-3: nextIndex: updateUnconditionally 407 -> 45
2022-10-18 03:54:58,812 [grpc-default-executor-1] WARN  server.GrpcLogAppender (LogUtils.java:warn(122)) - omNode-1@group-523986131536->omNode-3-AppendLogResponseHandler: Failed appendEntries: org.apache.ratis.thirdparty.io.grpc.StatusRuntimeException: UNAVAILABLE: io exception
2022-10-18 03:54:58,813 [grpc-default-executor-1] INFO  leader.FollowerInfo (FollowerInfoImpl.java:lambda$new$0(48)) - omNode-1@group-523986131536->omNode-3: nextIndex: updateUnconditionally 408 -> 45
2022-10-18 03:54:58,814 [omNode-2@group-523986131536-StateMachineUpdater] INFO  ratis.OzoneManagerStateMachine (OzoneManagerStateMachine.java:takeSnapshot(441)) - Current Snapshot Index (t:1, i:406)
2022-10-18 03:54:58,814 [omNode-2@group-523986131536-StateMachineUpdater] INFO  impl.StateMachineUpdater (StateMachineUpdater.java:takeSnapshot(287)) - omNode-2@group-523986131536-StateMachineUpdater: Took a snapshot at index 406
2022-10-18 03:54:58,814 [omNode-2@group-523986131536-StateMachineUpdater] INFO  impl.StateMachineUpdater (StateMachineUpdater.java:lambda$new$0(92)) - omNode-2@group-523986131536-StateMachineUpdater: snapshotIndex: updateIncreasingly 356 -> 406
2022-10-18 03:54:58,814 [omNode-2@group-523986131536-StateMachineUpdater] INFO  raftlog.RaftLog (RaftLogBase.java:purge(308)) - omNode-2@group-523986131536-SegmentedRaftLog: purge 406
2022-10-18 03:54:58,814 [omNode-2@group-523986131536-StateMachineUpdater] INFO  raftlog.RaftLog (RaftLogBase.java:lambda$new$0(53)) - omNode-2@group-523986131536-SegmentedRaftLog: snapshotIndex: updateIncreasingly 356 -> 406
2022-10-18 03:54:58,814 [omNode-2@group-523986131536-StateMachineUpdater] INFO  raftlog.RaftLog (RaftLogBase.java:lambda$new$0(53)) - omNode-2@group-523986131536-SegmentedRaftLog: purgeIndex: updateToMax old=356, new=406, updated? true
2022-10-18 03:54:58,815 [grpc-default-executor-1] WARN  server.GrpcLogAppender (LogUtils.java:warn(122)) - omNode-1@group-523986131536->omNode-3-AppendLogResponseHandler: Failed appendEntries: org.apache.ratis.thirdparty.io.grpc.StatusRuntimeException: UNAVAILABLE: io exception
2022-10-18 03:54:58,815 [grpc-default-executor-1] INFO  leader.FollowerInfo (FollowerInfoImpl.java:lambda$new$0(48)) - omNode-1@group-523986131536->omNode-3: nextIndex: updateUnconditionally 408 -> 45
2022-10-18 03:54:58,816 [grpc-default-executor-2] WARN  server.GrpcLogAppender (LogUtils.java:warn(122)) - omNode-1@group-523986131536->omNode-3-AppendLogResponseHandler: Failed appendEntries: org.apache.ratis.thirdparty.io.grpc.StatusRuntimeException: UNAVAILABLE: io exception
2022-10-18 03:54:58,816 [grpc-default-executor-2] INFO  leader.FollowerInfo (FollowerInfoImpl.java:lambda$new$0(48)) - omNode-1@group-523986131536->omNode-3: nextIndex: updateUnconditionally 409 -> 45
2022-10-18 03:54:58,820 [grpc-default-executor-2] WARN  server.GrpcLogAppender (LogUtils.java:warn(122)) - omNode-1@group-523986131536->omNode-3-AppendLogResponseHandler: Failed appendEntries: org.apache.ratis.thirdparty.io.grpc.StatusRuntimeException: UNAVAILABLE: io exception
2022-10-18 03:54:58,820 [grpc-default-executor-2] INFO  leader.FollowerInfo (FollowerInfoImpl.java:lambda$new$0(48)) - omNode-1@group-523986131536->omNode-3: nextIndex: updateUnconditionally 409 -> 45
2022-10-18 03:54:58,825 [grpc-default-executor-1] WARN  server.GrpcLogAppender (LogUtils.java:warn(122)) - omNode-1@group-523986131536->omNode-3-AppendLogResponseHandler: Failed appendEntries: org.apache.ratis.thirdparty.io.grpc.StatusRuntimeException: UNAVAILABLE: io exception
2022-10-18 03:54:58,826 [grpc-default-executor-1] INFO  leader.FollowerInfo (FollowerInfoImpl.java:lambda$new$0(48)) - omNode-1@group-523986131536->omNode-3: nextIndex: updateUnconditionally 410 -> 45
2022-10-18 03:54:58,829 [grpc-default-executor-1] WARN  server.GrpcLogAppender (LogUtils.java:warn(122)) - omNode-1@group-523986131536->omNode-3-AppendLogResponseHandler: Failed appendEntries: org.apache.ratis.thirdparty.io.grpc.StatusRuntimeException: UNAVAILABLE: io exception
2022-10-18 03:54:58,829 [grpc-default-executor-1] INFO  leader.FollowerInfo (FollowerInfoImpl.java:lambda$new$0(48)) - omNode-1@group-523986131536->omNode-3: nextIndex: updateUnconditionally 410 -> 45
2022-10-18 03:54:58,832 [grpc-default-executor-1] WARN  server.GrpcLogAppender (LogUtils.java:warn(122)) - omNode-1@group-523986131536->omNode-3-AppendLogResponseHandler: Failed appendEntries: org.apache.ratis.thirdparty.io.grpc.StatusRuntimeException: UNAVAILABLE: io exception
2022-10-18 03:54:58,832 [grpc-default-executor-1] INFO  leader.FollowerInfo (FollowerInfoImpl.java:lambda$new$0(48)) - omNode-1@group-523986131536->omNode-3: nextIndex: updateUnconditionally 411 -> 45
2022-10-18 03:54:58,842 [grpc-default-executor-2] WARN  server.GrpcLogAppender (LogUtils.java:warn(122)) - omNode-1@group-523986131536->omNode-3-AppendLogResponseHandler: Failed appendEntries: org.apache.ratis.thirdparty.io.grpc.StatusRuntimeException: UNAVAILABLE: io exception
2022-10-18 03:54:58,845 [grpc-default-executor-2] INFO  leader.FollowerInfo (FollowerInfoImpl.java:lambda$new$0(48)) - omNode-1@group-523986131536->omNode-3: nextIndex: updateUnconditionally 411 -> 45
2022-10-18 03:54:58,849 [grpc-default-executor-1] WARN  server.GrpcLogAppender (LogUtils.java:warn(122)) - omNode-1@group-523986131536->omNode-3-AppendLogResponseHandler: Failed appendEntries: org.apache.ratis.thirdparty.io.grpc.StatusRuntimeException: UNAVAILABLE: io exception
2022-10-18 03:54:58,849 [grpc-default-executor-1] INFO  leader.FollowerInfo (FollowerInfoImpl.java:lambda$new$0(48)) - omNode-1@group-523986131536->omNode-3: nextIndex: updateUnconditionally 412 -> 45
2022-10-18 03:54:58,855 [grpc-default-executor-2] WARN  server.GrpcLogAppender (LogUtils.java:warn(122)) - omNode-1@group-523986131536->omNode-3-AppendLogResponseHandler: Failed appendEntries: org.apache.ratis.thirdparty.io.grpc.StatusRuntimeException: UNAVAILABLE: io exception
2022-10-18 03:54:58,856 [grpc-default-executor-2] INFO  leader.FollowerInfo (FollowerInfoImpl.java:lambda$new$0(48)) - omNode-1@group-523986131536->omNode-3: nextIndex: updateUnconditionally 413 -> 45
2022-10-18 03:54:58,865 [grpc-default-executor-2] WARN  server.GrpcLogAppender (LogUtils.java:warn(122)) - omNode-1@group-523986131536->omNode-3-AppendLogResponseHandler: Failed appendEntries: org.apache.ratis.thirdparty.io.grpc.StatusRuntimeException: UNAVAILABLE: io exception
2022-10-18 03:54:58,865 [grpc-default-executor-2] INFO  leader.FollowerInfo (FollowerInfoImpl.java:lambda$new$0(48)) - omNode-1@group-523986131536->omNode-3: nextIndex: updateUnconditionally 414 -> 45
2022-10-18 03:54:58,868 [grpc-default-executor-1] WARN  server.GrpcLogAppender (LogUtils.java:warn(122)) - omNode-1@group-523986131536->omNode-3-AppendLogResponseHandler: Failed appendEntries: org.apache.ratis.thirdparty.io.grpc.StatusRuntimeException: UNAVAILABLE: io exception
2022-10-18 03:54:58,868 [grpc-default-executor-1] INFO  leader.FollowerInfo (FollowerInfoImpl.java:lambda$new$0(48)) - omNode-1@group-523986131536->omNode-3: nextIndex: updateUnconditionally 414 -> 45
2022-10-18 03:54:58,875 [grpc-default-executor-2] WARN  server.GrpcLogAppender (LogUtils.java:warn(122)) - omNode-1@group-523986131536->omNode-3-AppendLogResponseHandler: Failed appendEntries: org.apache.ratis.thirdparty.io.grpc.StatusRuntimeException: UNAVAILABLE: io exception
2022-10-18 03:54:58,875 [grpc-default-executor-2] INFO  leader.FollowerInfo (FollowerInfoImpl.java:lambda$new$0(48)) - omNode-1@group-523986131536->omNode-3: nextIndex: updateUnconditionally 415 -> 45
2022-10-18 03:54:58,878 [grpc-default-executor-2] WARN  server.GrpcLogAppender (LogUtils.java:warn(122)) - omNode-1@group-523986131536->omNode-3-AppendLogResponseHandler: Failed appendEntries: org.apache.ratis.thirdparty.io.grpc.StatusRuntimeException: UNAVAILABLE: io exception
2022-10-18 03:54:58,879 [grpc-default-executor-2] INFO  leader.FollowerInfo (FollowerInfoImpl.java:lambda$new$0(48)) - omNode-1@group-523986131536->omNode-3: nextIndex: updateUnconditionally 416 -> 45
2022-10-18 03:54:58,880 [grpc-default-executor-2] WARN  server.GrpcLogAppender (LogUtils.java:warn(122)) - omNode-1@group-523986131536->omNode-3-AppendLogResponseHandler: Failed appendEntries: org.apache.ratis.thirdparty.io.grpc.StatusRuntimeException: UNAVAILABLE: io exception
2022-10-18 03:54:58,880 [grpc-default-executor-2] INFO  leader.FollowerInfo (FollowerInfoImpl.java:lambda$new$0(48)) - omNode-1@group-523986131536->omNode-3: nextIndex: updateUnconditionally 416 -> 45
2022-10-18 03:54:58,883 [grpc-default-executor-0] WARN  server.GrpcLogAppender (LogUtils.java:warn(122)) - omNode-1@group-523986131536->omNode-3-AppendLogResponseHandler: Failed appendEntries: org.apache.ratis.thirdparty.io.grpc.StatusRuntimeException: UNAVAILABLE: io exception
2022-10-18 03:54:58,883 [grpc-default-executor-0] INFO  leader.FollowerInfo (FollowerInfoImpl.java:lambda$new$0(48)) - omNode-1@group-523986131536->omNode-3: nextIndex: updateUnconditionally 417 -> 45
2022-10-18 03:54:58,885 [grpc-default-executor-2] WARN  server.GrpcLogAppender (LogUtils.java:warn(122)) - omNode-1@group-523986131536->omNode-3-AppendLogResponseHandler: Failed appendEntries: org.apache.ratis.thirdparty.io.grpc.StatusRuntimeException: UNAVAILABLE: io exception
2022-10-18 03:54:58,886 [grpc-default-executor-2] INFO  leader.FollowerInfo (FollowerInfoImpl.java:lambda$new$0(48)) - omNode-1@group-523986131536->omNode-3: nextIndex: updateUnconditionally 418 -> 45
2022-10-18 03:54:58,888 [grpc-default-executor-2] WARN  server.GrpcLogAppender (LogUtils.java:warn(122)) - omNode-1@group-523986131536->omNode-3-AppendLogResponseHandler: Failed appendEntries: org.apache.ratis.thirdparty.io.grpc.StatusRuntimeException: UNAVAILABLE: io exception
2022-10-18 03:54:58,888 [grpc-default-executor-2] INFO  leader.FollowerInfo (FollowerInfoImpl.java:lambda$new$0(48)) - omNode-1@group-523986131536->omNode-3: nextIndex: updateUnconditionally 418 -> 45
2022-10-18 03:54:58,889 [grpc-default-executor-2] WARN  server.GrpcLogAppender (LogUtils.java:warn(122)) - omNode-1@group-523986131536->omNode-3-AppendLogResponseHandler: Failed appendEntries: org.apache.ratis.thirdparty.io.grpc.StatusRuntimeException: UNAVAILABLE: io exception
2022-10-18 03:54:58,889 [grpc-default-executor-2] INFO  leader.FollowerInfo (FollowerInfoImpl.java:lambda$new$0(48)) - omNode-1@group-523986131536->omNode-3: nextIndex: updateUnconditionally 418 -> 45
2022-10-18 03:54:58,895 [grpc-default-executor-2] WARN  server.GrpcLogAppender (LogUtils.java:warn(122)) - omNode-1@group-523986131536->omNode-3-AppendLogResponseHandler: Failed appendEntries: org.apache.ratis.thirdparty.io.grpc.StatusRuntimeException: UNAVAILABLE: io exception
2022-10-18 03:54:58,895 [grpc-default-executor-2] INFO  leader.FollowerInfo (FollowerInfoImpl.java:lambda$new$0(48)) - omNode-1@group-523986131536->omNode-3: nextIndex: updateUnconditionally 419 -> 45
2022-10-18 03:54:58,908 [grpc-default-executor-0] WARN  server.GrpcLogAppender (LogUtils.java:warn(122)) - omNode-1@group-523986131536->omNode-3-AppendLogResponseHandler: Failed appendEntries: org.apache.ratis.thirdparty.io.grpc.StatusRuntimeException: UNAVAILABLE: io exception
2022-10-18 03:54:58,908 [grpc-default-executor-0] INFO  leader.FollowerInfo (FollowerInfoImpl.java:lambda$new$0(48)) - omNode-1@group-523986131536->omNode-3: nextIndex: updateUnconditionally 419 -> 45
2022-10-18 03:54:58,909 [grpc-default-executor-0] WARN  server.GrpcLogAppender (LogUtils.java:warn(122)) - omNode-1@group-523986131536->omNode-3-AppendLogResponseHandler: Failed appendEntries: org.apache.ratis.thirdparty.io.grpc.StatusRuntimeException: UNAVAILABLE: io exception
2022-10-18 03:54:58,910 [grpc-default-executor-0] INFO  leader.FollowerInfo (FollowerInfoImpl.java:lambda$new$0(48)) - omNode-1@group-523986131536->omNode-3: nextIndex: updateUnconditionally 419 -> 45
2022-10-18 03:54:58,913 [grpc-default-executor-2] WARN  server.GrpcLogAppender (LogUtils.java:warn(122)) - omNode-1@group-523986131536->omNode-3-AppendLogResponseHandler: Failed appendEntries: org.apache.ratis.thirdparty.io.grpc.StatusRuntimeException: UNAVAILABLE: io exception
2022-10-18 03:54:58,913 [grpc-default-executor-2] INFO  leader.FollowerInfo (FollowerInfoImpl.java:lambda$new$0(48)) - omNode-1@group-523986131536->omNode-3: nextIndex: updateUnconditionally 420 -> 45
2022-10-18 03:54:58,924 [grpc-default-executor-0] WARN  server.GrpcLogAppender (LogUtils.java:warn(122)) - omNode-1@group-523986131536->omNode-3-AppendLogResponseHandler: Failed appendEntries: org.apache.ratis.thirdparty.io.grpc.StatusRuntimeException: UNAVAILABLE: io exception
2022-10-18 03:54:58,924 [grpc-default-executor-0] INFO  leader.FollowerInfo (FollowerInfoImpl.java:lambda$new$0(48)) - omNode-1@group-523986131536->omNode-3: nextIndex: updateUnconditionally 420 -> 45
2022-10-18 03:54:58,929 [grpc-default-executor-2] WARN  server.GrpcLogAppender (LogUtils.java:warn(122)) - omNode-1@group-523986131536->omNode-3-AppendLogResponseHandler: Failed appendEntries: org.apache.ratis.thirdparty.io.grpc.StatusRuntimeException: UNAVAILABLE: io exception
2022-10-18 03:54:58,930 [grpc-default-executor-2] INFO  leader.FollowerInfo (FollowerInfoImpl.java:lambda$new$0(48)) - omNode-1@group-523986131536->omNode-3: nextIndex: updateUnconditionally 422 -> 45
2022-10-18 03:54:58,932 [grpc-default-executor-0] WARN  server.GrpcLogAppender (LogUtils.java:warn(122)) - omNode-1@group-523986131536->omNode-3-AppendLogResponseHandler: Failed appendEntries: org.apache.ratis.thirdparty.io.grpc.StatusRuntimeException: UNAVAILABLE: io exception
2022-10-18 03:54:58,932 [grpc-default-executor-0] INFO  leader.FollowerInfo (FollowerInfoImpl.java:lambda$new$0(48)) - omNode-1@group-523986131536->omNode-3: nextIndex: updateUnconditionally 422 -> 45
2022-10-18 03:54:58,935 [grpc-default-executor-0] WARN  server.GrpcLogAppender (LogUtils.java:warn(122)) - omNode-1@group-523986131536->omNode-3-AppendLogResponseHandler: Failed appendEntries: org.apache.ratis.thirdparty.io.grpc.StatusRuntimeException: UNAVAILABLE: io exception
2022-10-18 03:54:58,935 [grpc-default-executor-0] INFO  leader.FollowerInfo (FollowerInfoImpl.java:lambda$new$0(48)) - omNode-1@group-523986131536->omNode-3: nextIndex: updateUnconditionally 423 -> 45
2022-10-18 03:54:58,944 [grpc-default-executor-2] WARN  server.GrpcLogAppender (LogUtils.java:warn(122)) - omNode-1@group-523986131536->omNode-3-AppendLogResponseHandler: Failed appendEntries: org.apache.ratis.thirdparty.io.grpc.StatusRuntimeException: UNAVAILABLE: io exception
2022-10-18 03:54:58,944 [grpc-default-executor-2] INFO  leader.FollowerInfo (FollowerInfoImpl.java:lambda$new$0(48)) - omNode-1@group-523986131536->omNode-3: nextIndex: updateUnconditionally 423 -> 45
2022-10-18 03:54:58,945 [grpc-default-executor-1] WARN  server.GrpcLogAppender (LogUtils.java:warn(122)) - omNode-1@group-523986131536->omNode-3-AppendLogResponseHandler: Failed appendEntries: org.apache.ratis.thirdparty.io.grpc.StatusRuntimeException: UNAVAILABLE: io exception
2022-10-18 03:54:58,945 [grpc-default-executor-1] INFO  leader.FollowerInfo (FollowerInfoImpl.java:lambda$new$0(48)) - omNode-1@group-523986131536->omNode-3: nextIndex: updateUnconditionally 423 -> 45
2022-10-18 03:54:58,948 [grpc-default-executor-1] WARN  server.GrpcLogAppender (LogUtils.java:warn(122)) - omNode-1@group-523986131536->omNode-3-AppendLogResponseHandler: Failed appendEntries: org.apache.ratis.thirdparty.io.grpc.StatusRuntimeException: UNAVAILABLE: io exception
2022-10-18 03:54:58,948 [grpc-default-executor-1] INFO  leader.FollowerInfo (FollowerInfoImpl.java:lambda$new$0(48)) - omNode-1@group-523986131536->omNode-3: nextIndex: updateUnconditionally 424 -> 45
2022-10-18 03:54:58,960 [grpc-default-executor-1] WARN  server.GrpcLogAppender (LogUtils.java:warn(122)) - omNode-1@group-523986131536->omNode-3-AppendLogResponseHandler: Failed appendEntries: org.apache.ratis.thirdparty.io.grpc.StatusRuntimeException: UNAVAILABLE: io exception
2022-10-18 03:54:58,960 [grpc-default-executor-1] INFO  leader.FollowerInfo (FollowerInfoImpl.java:lambda$new$0(48)) - omNode-1@group-523986131536->omNode-3: nextIndex: updateUnconditionally 425 -> 45
2022-10-18 03:54:58,965 [grpc-default-executor-1] WARN  server.GrpcLogAppender (LogUtils.java:warn(122)) - omNode-1@group-523986131536->omNode-3-AppendLogResponseHandler: Failed appendEntries: org.apache.ratis.thirdparty.io.grpc.StatusRuntimeException: UNAVAILABLE: io exception
2022-10-18 03:54:58,965 [grpc-default-executor-1] INFO  leader.FollowerInfo (FollowerInfoImpl.java:lambda$new$0(48)) - omNode-1@group-523986131536->omNode-3: nextIndex: updateUnconditionally 425 -> 45
2022-10-18 03:54:58,967 [grpc-default-executor-1] WARN  server.GrpcLogAppender (LogUtils.java:warn(122)) - omNode-1@group-523986131536->omNode-3-AppendLogResponseHandler: Failed appendEntries: org.apache.ratis.thirdparty.io.grpc.StatusRuntimeException: UNAVAILABLE: io exception
2022-10-18 03:54:58,967 [grpc-default-executor-1] INFO  leader.FollowerInfo (FollowerInfoImpl.java:lambda$new$0(48)) - omNode-1@group-523986131536->omNode-3: nextIndex: updateUnconditionally 425 -> 45
2022-10-18 03:54:58,968 [grpc-default-executor-0] WARN  server.GrpcLogAppender (LogUtils.java:warn(122)) - omNode-1@group-523986131536->omNode-3-AppendLogResponseHandler: Failed appendEntries: org.apache.ratis.thirdparty.io.grpc.StatusRuntimeException: UNAVAILABLE: io exception
2022-10-18 03:54:58,968 [grpc-default-executor-0] INFO  leader.FollowerInfo (FollowerInfoImpl.java:lambda$new$0(48)) - omNode-1@group-523986131536->omNode-3: nextIndex: updateUnconditionally 426 -> 45
2022-10-18 03:54:58,970 [grpc-default-executor-0] WARN  server.GrpcLogAppender (LogUtils.java:warn(122)) - omNode-1@group-523986131536->omNode-3-AppendLogResponseHandler: Failed appendEntries: org.apache.ratis.thirdparty.io.grpc.StatusRuntimeException: UNAVAILABLE: io exception
2022-10-18 03:54:58,970 [grpc-default-executor-0] INFO  leader.FollowerInfo (FollowerInfoImpl.java:lambda$new$0(48)) - omNode-1@group-523986131536->omNode-3: nextIndex: updateUnconditionally 426 -> 45
2022-10-18 03:54:58,973 [grpc-default-executor-1] WARN  server.GrpcLogAppender (LogUtils.java:warn(122)) - omNode-1@group-523986131536->omNode-3-AppendLogResponseHandler: Failed appendEntries: org.apache.ratis.thirdparty.io.grpc.StatusRuntimeException: UNAVAILABLE: io exception
2022-10-18 03:54:58,973 [grpc-default-executor-1] INFO  leader.FollowerInfo (FollowerInfoImpl.java:lambda$new$0(48)) - omNode-1@group-523986131536->omNode-3: nextIndex: updateUnconditionally 427 -> 45
2022-10-18 03:54:58,982 [grpc-default-executor-1] WARN  server.GrpcLogAppender (LogUtils.java:warn(122)) - omNode-1@group-523986131536->omNode-3-AppendLogResponseHandler: Failed appendEntries: org.apache.ratis.thirdparty.io.grpc.StatusRuntimeException: UNAVAILABLE: io exception
2022-10-18 03:54:58,982 [grpc-default-executor-1] INFO  leader.FollowerInfo (FollowerInfoImpl.java:lambda$new$0(48)) - omNode-1@group-523986131536->omNode-3: nextIndex: updateUnconditionally 428 -> 45
2022-10-18 03:54:58,984 [grpc-default-executor-1] WARN  server.GrpcLogAppender (LogUtils.java:warn(122)) - omNode-1@group-523986131536->omNode-3-AppendLogResponseHandler: Failed appendEntries: org.apache.ratis.thirdparty.io.grpc.StatusRuntimeException: UNAVAILABLE: io exception
2022-10-18 03:54:58,984 [grpc-default-executor-1] INFO  leader.FollowerInfo (FollowerInfoImpl.java:lambda$new$0(48)) - omNode-1@group-523986131536->omNode-3: nextIndex: updateUnconditionally 428 -> 45
2022-10-18 03:54:58,988 [grpc-default-executor-2] WARN  server.GrpcLogAppender (LogUtils.java:warn(122)) - omNode-1@group-523986131536->omNode-3-AppendLogResponseHandler: Failed appendEntries: org.apache.ratis.thirdparty.io.grpc.StatusRuntimeException: UNAVAILABLE: io exception
2022-10-18 03:54:58,988 [grpc-default-executor-2] INFO  leader.FollowerInfo (FollowerInfoImpl.java:lambda$new$0(48)) - omNode-1@group-523986131536->omNode-3: nextIndex: updateUnconditionally 429 -> 45
2022-10-18 03:54:58,991 [grpc-default-executor-1] WARN  server.GrpcLogAppender (LogUtils.java:warn(122)) - omNode-1@group-523986131536->omNode-3-AppendLogResponseHandler: Failed appendEntries: org.apache.ratis.thirdparty.io.grpc.StatusRuntimeException: UNAVAILABLE: io exception
2022-10-18 03:54:58,991 [grpc-default-executor-1] INFO  leader.FollowerInfo (FollowerInfoImpl.java:lambda$new$0(48)) - omNode-1@group-523986131536->omNode-3: nextIndex: updateUnconditionally 430 -> 45
2022-10-18 03:54:58,993 [grpc-default-executor-1] WARN  server.GrpcLogAppender (LogUtils.java:warn(122)) - omNode-1@group-523986131536->omNode-3-AppendLogResponseHandler: Failed appendEntries: org.apache.ratis.thirdparty.io.grpc.StatusRuntimeException: UNAVAILABLE: io exception
2022-10-18 03:54:58,994 [grpc-default-executor-1] INFO  leader.FollowerInfo (FollowerInfoImpl.java:lambda$new$0(48)) - omNode-1@group-523986131536->omNode-3: nextIndex: updateUnconditionally 430 -> 45
2022-10-18 03:54:58,994 [grpc-default-executor-2] WARN  server.GrpcLogAppender (LogUtils.java:warn(122)) - omNode-1@group-523986131536->omNode-3-AppendLogResponseHandler: Failed appendEntries: org.apache.ratis.thirdparty.io.grpc.StatusRuntimeException: UNAVAILABLE: io exception
2022-10-18 03:54:58,995 [grpc-default-executor-2] INFO  leader.FollowerInfo (FollowerInfoImpl.java:lambda$new$0(48)) - omNode-1@group-523986131536->omNode-3: nextIndex: updateUnconditionally 430 -> 45
2022-10-18 03:54:58,999 [grpc-default-executor-2] WARN  server.GrpcLogAppender (LogUtils.java:warn(122)) - omNode-1@group-523986131536->omNode-3-AppendLogResponseHandler: Failed appendEntries: org.apache.ratis.thirdparty.io.grpc.StatusRuntimeException: UNAVAILABLE: io exception
2022-10-18 03:54:58,999 [grpc-default-executor-2] INFO  leader.FollowerInfo (FollowerInfoImpl.java:lambda$new$0(48)) - omNode-1@group-523986131536->omNode-3: nextIndex: updateUnconditionally 431 -> 45
2022-10-18 03:54:59,056 [grpc-default-executor-1] WARN  server.GrpcLogAppender (LogUtils.java:warn(122)) - omNode-1@group-523986131536->omNode-3-AppendLogResponseHandler: Failed appendEntries: org.apache.ratis.thirdparty.io.grpc.StatusRuntimeException: UNAVAILABLE: io exception
2022-10-18 03:54:59,057 [grpc-default-executor-1] INFO  leader.FollowerInfo (FollowerInfoImpl.java:lambda$new$0(48)) - omNode-1@group-523986131536->omNode-3: nextIndex: updateUnconditionally 431 -> 45
2022-10-18 03:54:59,058 [grpc-default-executor-1] WARN  server.GrpcLogAppender (LogUtils.java:warn(122)) - omNode-1@group-523986131536->omNode-3-AppendLogResponseHandler: Failed appendEntries: org.apache.ratis.thirdparty.io.grpc.StatusRuntimeException: UNAVAILABLE: io exception
2022-10-18 03:54:59,058 [grpc-default-executor-1] INFO  leader.FollowerInfo (FollowerInfoImpl.java:lambda$new$0(48)) - omNode-1@group-523986131536->omNode-3: nextIndex: updateUnconditionally 431 -> 45
2022-10-18 03:54:59,059 [grpc-default-executor-2] WARN  server.GrpcLogAppender (LogUtils.java:warn(122)) - omNode-1@group-523986131536->omNode-3-AppendLogResponseHandler: Failed appendEntries: org.apache.ratis.thirdparty.io.grpc.StatusRuntimeException: UNAVAILABLE: io exception
2022-10-18 03:54:59,060 [grpc-default-executor-2] INFO  leader.FollowerInfo (FollowerInfoImpl.java:lambda$new$0(48)) - omNode-1@group-523986131536->omNode-3: nextIndex: updateUnconditionally 432 -> 45
2022-10-18 03:54:59,063 [grpc-default-executor-2] WARN  server.GrpcLogAppender (LogUtils.java:warn(122)) - omNode-1@group-523986131536->omNode-3-AppendLogResponseHandler: Failed appendEntries: org.apache.ratis.thirdparty.io.grpc.StatusRuntimeException: UNAVAILABLE: io exception
2022-10-18 03:54:59,063 [grpc-default-executor-2] INFO  leader.FollowerInfo (FollowerInfoImpl.java:lambda$new$0(48)) - omNode-1@group-523986131536->omNode-3: nextIndex: updateUnconditionally 433 -> 45
2022-10-18 03:54:59,066 [grpc-default-executor-1] WARN  server.GrpcLogAppender (LogUtils.java:warn(122)) - omNode-1@group-523986131536->omNode-3-AppendLogResponseHandler: Failed appendEntries: org.apache.ratis.thirdparty.io.grpc.StatusRuntimeException: UNAVAILABLE: io exception
2022-10-18 03:54:59,066 [grpc-default-executor-1] INFO  leader.FollowerInfo (FollowerInfoImpl.java:lambda$new$0(48)) - omNode-1@group-523986131536->omNode-3: nextIndex: updateUnconditionally 433 -> 45
2022-10-18 03:54:59,067 [grpc-default-executor-2] WARN  server.GrpcLogAppender (LogUtils.java:warn(122)) - omNode-1@group-523986131536->omNode-3-AppendLogResponseHandler: Failed appendEntries: org.apache.ratis.thirdparty.io.grpc.StatusRuntimeException: UNAVAILABLE: io exception
2022-10-18 03:54:59,067 [grpc-default-executor-2] INFO  leader.FollowerInfo (FollowerInfoImpl.java:lambda$new$0(48)) - omNode-1@group-523986131536->omNode-3: nextIndex: updateUnconditionally 434 -> 45
2022-10-18 03:54:59,069 [grpc-default-executor-2] WARN  server.GrpcLogAppender (LogUtils.java:warn(122)) - omNode-1@group-523986131536->omNode-3-AppendLogResponseHandler: Failed appendEntries: org.apache.ratis.thirdparty.io.grpc.StatusRuntimeException: UNAVAILABLE: io exception
2022-10-18 03:54:59,069 [grpc-default-executor-2] INFO  leader.FollowerInfo (FollowerInfoImpl.java:lambda$new$0(48)) - omNode-1@group-523986131536->omNode-3: nextIndex: updateUnconditionally 434 -> 45
2022-10-18 03:54:59,075 [grpc-default-executor-1] WARN  server.GrpcLogAppender (LogUtils.java:warn(122)) - omNode-1@group-523986131536->omNode-3-AppendLogResponseHandler: Failed appendEntries: org.apache.ratis.thirdparty.io.grpc.StatusRuntimeException: UNAVAILABLE: io exception
2022-10-18 03:54:59,075 [grpc-default-executor-1] INFO  leader.FollowerInfo (FollowerInfoImpl.java:lambda$new$0(48)) - omNode-1@group-523986131536->omNode-3: nextIndex: updateUnconditionally 435 -> 45
2022-10-18 03:54:59,076 [grpc-default-executor-0] WARN  server.GrpcLogAppender (LogUtils.java:warn(122)) - omNode-1@group-523986131536->omNode-3-AppendLogResponseHandler: Failed appendEntries: org.apache.ratis.thirdparty.io.grpc.StatusRuntimeException: UNAVAILABLE: io exception
2022-10-18 03:54:59,076 [grpc-default-executor-0] INFO  leader.FollowerInfo (FollowerInfoImpl.java:lambda$new$0(48)) - omNode-1@group-523986131536->omNode-3: nextIndex: updateUnconditionally 435 -> 45
2022-10-18 03:54:59,079 [grpc-default-executor-1] WARN  server.GrpcLogAppender (LogUtils.java:warn(122)) - omNode-1@group-523986131536->omNode-3-AppendLogResponseHandler: Failed appendEntries: org.apache.ratis.thirdparty.io.grpc.StatusRuntimeException: UNAVAILABLE: io exception
2022-10-18 03:54:59,079 [grpc-default-executor-1] INFO  leader.FollowerInfo (FollowerInfoImpl.java:lambda$new$0(48)) - omNode-1@group-523986131536->omNode-3: nextIndex: updateUnconditionally 436 -> 45
2022-10-18 03:54:59,082 [grpc-default-executor-1] WARN  server.GrpcLogAppender (LogUtils.java:warn(122)) - omNode-1@group-523986131536->omNode-3-AppendLogResponseHandler: Failed appendEntries: org.apache.ratis.thirdparty.io.grpc.StatusRuntimeException: UNAVAILABLE: io exception
2022-10-18 03:54:59,082 [grpc-default-executor-1] INFO  leader.FollowerInfo (FollowerInfoImpl.java:lambda$new$0(48)) - omNode-1@group-523986131536->omNode-3: nextIndex: updateUnconditionally 436 -> 45
2022-10-18 03:54:59,086 [grpc-default-executor-1] WARN  server.GrpcLogAppender (LogUtils.java:warn(122)) - omNode-1@group-523986131536->omNode-3-AppendLogResponseHandler: Failed appendEntries: org.apache.ratis.thirdparty.io.grpc.StatusRuntimeException: UNAVAILABLE: io exception
2022-10-18 03:54:59,086 [grpc-default-executor-1] INFO  leader.FollowerInfo (FollowerInfoImpl.java:lambda$new$0(48)) - omNode-1@group-523986131536->omNode-3: nextIndex: updateUnconditionally 438 -> 45
2022-10-18 03:54:59,089 [grpc-default-executor-2] WARN  server.GrpcLogAppender (LogUtils.java:warn(122)) - omNode-1@group-523986131536->omNode-3-AppendLogResponseHandler: Failed appendEntries: org.apache.ratis.thirdparty.io.grpc.StatusRuntimeException: UNAVAILABLE: io exception
2022-10-18 03:54:59,089 [grpc-default-executor-2] INFO  leader.FollowerInfo (FollowerInfoImpl.java:lambda$new$0(48)) - omNode-1@group-523986131536->omNode-3: nextIndex: updateUnconditionally 438 -> 45
2022-10-18 03:54:59,098 [grpc-default-executor-2] WARN  server.GrpcLogAppender (LogUtils.java:warn(122)) - omNode-1@group-523986131536->omNode-3-AppendLogResponseHandler: Failed appendEntries: org.apache.ratis.thirdparty.io.grpc.StatusRuntimeException: UNAVAILABLE: io exception
2022-10-18 03:54:59,098 [grpc-default-executor-2] INFO  leader.FollowerInfo (FollowerInfoImpl.java:lambda$new$0(48)) - omNode-1@group-523986131536->omNode-3: nextIndex: updateUnconditionally 439 -> 45
2022-10-18 03:54:59,104 [grpc-default-executor-2] WARN  server.GrpcLogAppender (LogUtils.java:warn(122)) - omNode-1@group-523986131536->omNode-3-AppendLogResponseHandler: Failed appendEntries: org.apache.ratis.thirdparty.io.grpc.StatusRuntimeException: UNAVAILABLE: io exception
2022-10-18 03:54:59,104 [grpc-default-executor-2] INFO  leader.FollowerInfo (FollowerInfoImpl.java:lambda$new$0(48)) - omNode-1@group-523986131536->omNode-3: nextIndex: updateUnconditionally 439 -> 45
2022-10-18 03:54:59,109 [grpc-default-executor-1] WARN  server.GrpcLogAppender (LogUtils.java:warn(122)) - omNode-1@group-523986131536->omNode-3-AppendLogResponseHandler: Failed appendEntries: org.apache.ratis.thirdparty.io.grpc.StatusRuntimeException: UNAVAILABLE: io exception
2022-10-18 03:54:59,109 [grpc-default-executor-1] INFO  leader.FollowerInfo (FollowerInfoImpl.java:lambda$new$0(48)) - omNode-1@group-523986131536->omNode-3: nextIndex: updateUnconditionally 440 -> 45
2022-10-18 03:54:59,111 [grpc-default-executor-2] WARN  server.GrpcLogAppender (LogUtils.java:warn(122)) - omNode-1@group-523986131536->omNode-3-AppendLogResponseHandler: Failed appendEntries: org.apache.ratis.thirdparty.io.grpc.StatusRuntimeException: UNAVAILABLE: io exception
2022-10-18 03:54:59,112 [grpc-default-executor-2] INFO  leader.FollowerInfo (FollowerInfoImpl.java:lambda$new$0(48)) - omNode-1@group-523986131536->omNode-3: nextIndex: updateUnconditionally 440 -> 45
2022-10-18 03:54:59,115 [grpc-default-executor-1] WARN  server.GrpcLogAppender (LogUtils.java:warn(122)) - omNode-1@group-523986131536->omNode-3-AppendLogResponseHandler: Failed appendEntries: org.apache.ratis.thirdparty.io.grpc.StatusRuntimeException: UNAVAILABLE: io exception
2022-10-18 03:54:59,115 [grpc-default-executor-1] INFO  leader.FollowerInfo (FollowerInfoImpl.java:lambda$new$0(48)) - omNode-1@group-523986131536->omNode-3: nextIndex: updateUnconditionally 441 -> 45
2022-10-18 03:54:59,119 [grpc-default-executor-1] WARN  server.GrpcLogAppender (LogUtils.java:warn(122)) - omNode-1@group-523986131536->omNode-3-AppendLogResponseHandler: Failed appendEntries: org.apache.ratis.thirdparty.io.grpc.StatusRuntimeException: UNAVAILABLE: io exception
2022-10-18 03:54:59,119 [grpc-default-executor-1] INFO  leader.FollowerInfo (FollowerInfoImpl.java:lambda$new$0(48)) - omNode-1@group-523986131536->omNode-3: nextIndex: updateUnconditionally 442 -> 45
2022-10-18 03:54:59,127 [d4fb79f4-51ff-439e-bcc6-4ee6f991de8e@group-9A29FCCC6D85-FollowerState] INFO  impl.FollowerState (FollowerState.java:run(143)) - d4fb79f4-51ff-439e-bcc6-4ee6f991de8e@group-9A29FCCC6D85-FollowerState: change to CANDIDATE, lastRpcElapsedTime:5027921466ns, electionTimeout:5018ms
2022-10-18 03:54:59,127 [d4fb79f4-51ff-439e-bcc6-4ee6f991de8e@group-9A29FCCC6D85-FollowerState] INFO  impl.RoleInfo (RoleInfo.java:shutdownFollowerState(110)) - d4fb79f4-51ff-439e-bcc6-4ee6f991de8e: shutdown d4fb79f4-51ff-439e-bcc6-4ee6f991de8e@group-9A29FCCC6D85-FollowerState
2022-10-18 03:54:59,127 [d4fb79f4-51ff-439e-bcc6-4ee6f991de8e@group-9A29FCCC6D85-FollowerState] INFO  server.RaftServer$Division (RaftServerImpl.java:setRole(299)) - d4fb79f4-51ff-439e-bcc6-4ee6f991de8e@group-9A29FCCC6D85: changes role from  FOLLOWER to CANDIDATE at term 1 for changeToCandidate
2022-10-18 03:54:59,127 [d4fb79f4-51ff-439e-bcc6-4ee6f991de8e@group-9A29FCCC6D85-FollowerState] INFO  server.RaftServerConfigKeys (ConfUtils.java:logGet(46)) - raft.server.leaderelection.pre-vote = false (custom)
2022-10-18 03:54:59,127 [d4fb79f4-51ff-439e-bcc6-4ee6f991de8e@group-9A29FCCC6D85-FollowerState] INFO  impl.RoleInfo (RoleInfo.java:updateAndGet(139)) - d4fb79f4-51ff-439e-bcc6-4ee6f991de8e: start d4fb79f4-51ff-439e-bcc6-4ee6f991de8e@group-9A29FCCC6D85-LeaderElection26
2022-10-18 03:54:59,129 [grpc-default-executor-1] WARN  server.GrpcLogAppender (LogUtils.java:warn(122)) - omNode-1@group-523986131536->omNode-3-AppendLogResponseHandler: Failed appendEntries: org.apache.ratis.thirdparty.io.grpc.StatusRuntimeException: UNAVAILABLE: io exception
2022-10-18 03:54:59,129 [grpc-default-executor-1] INFO  leader.FollowerInfo (FollowerInfoImpl.java:lambda$new$0(48)) - omNode-1@group-523986131536->omNode-3: nextIndex: updateUnconditionally 442 -> 45
2022-10-18 03:54:59,130 [grpc-default-executor-1] WARN  server.GrpcLogAppender (LogUtils.java:warn(122)) - omNode-1@group-523986131536->omNode-3-AppendLogResponseHandler: Failed appendEntries: org.apache.ratis.thirdparty.io.grpc.StatusRuntimeException: UNAVAILABLE: io exception
2022-10-18 03:54:59,130 [grpc-default-executor-1] INFO  leader.FollowerInfo (FollowerInfoImpl.java:lambda$new$0(48)) - omNode-1@group-523986131536->omNode-3: nextIndex: updateUnconditionally 442 -> 45
2022-10-18 03:54:59,137 [grpc-default-executor-1] WARN  server.GrpcLogAppender (LogUtils.java:warn(122)) - omNode-1@group-523986131536->omNode-3-AppendLogResponseHandler: Failed appendEntries: org.apache.ratis.thirdparty.io.grpc.StatusRuntimeException: UNAVAILABLE: io exception
2022-10-18 03:54:59,137 [grpc-default-executor-1] INFO  leader.FollowerInfo (FollowerInfoImpl.java:lambda$new$0(48)) - omNode-1@group-523986131536->omNode-3: nextIndex: updateUnconditionally 443 -> 45
2022-10-18 03:54:59,138 [d4fb79f4-51ff-439e-bcc6-4ee6f991de8e@group-9A29FCCC6D85-LeaderElection26] INFO  impl.LeaderElection (LeaderElection.java:askForVotes(310)) - d4fb79f4-51ff-439e-bcc6-4ee6f991de8e@group-9A29FCCC6D85-LeaderElection26 ELECTION round 0: submit vote requests at term 2 for -1: [d4fb79f4-51ff-439e-bcc6-4ee6f991de8e|rpc:10.1.0.75:45177|priority:0, d9a4f769-630a-47d2-b95a-61308b2125ef|rpc:10.1.0.75:34659|priority:0, bf918f47-46e4-4489-b5fc-5f9d222f6194|rpc:10.1.0.75:40087|priority:1], old=null
2022-10-18 03:54:59,142 [grpc-default-executor-2] INFO  server.RaftServer$Division (RaftServerImpl.java:requestVote(1152)) - bf918f47-46e4-4489-b5fc-5f9d222f6194@group-9A29FCCC6D85: receive requestVote(ELECTION, d4fb79f4-51ff-439e-bcc6-4ee6f991de8e, group-9A29FCCC6D85, 2, (t:0, i:0))
2022-10-18 03:54:59,142 [grpc-default-executor-2] INFO  impl.VoteContext (VoteContext.java:log(48)) - bf918f47-46e4-4489-b5fc-5f9d222f6194@group-9A29FCCC6D85-FOLLOWER: reject ELECTION from d4fb79f4-51ff-439e-bcc6-4ee6f991de8e: our priority 1 > candidate's priority 0
2022-10-18 03:54:59,142 [grpc-default-executor-2] INFO  server.RaftServer$Division (RaftServerImpl.java:setRole(299)) - bf918f47-46e4-4489-b5fc-5f9d222f6194@group-9A29FCCC6D85: changes role from  FOLLOWER to FOLLOWER at term 2 for candidate:d4fb79f4-51ff-439e-bcc6-4ee6f991de8e
2022-10-18 03:54:59,142 [grpc-default-executor-2] INFO  impl.RoleInfo (RoleInfo.java:shutdownFollowerState(110)) - bf918f47-46e4-4489-b5fc-5f9d222f6194: shutdown bf918f47-46e4-4489-b5fc-5f9d222f6194@group-9A29FCCC6D85-FollowerState
2022-10-18 03:54:59,143 [grpc-default-executor-0] INFO  server.RaftServer$Division (RaftServerImpl.java:requestVote(1152)) - d9a4f769-630a-47d2-b95a-61308b2125ef@group-9A29FCCC6D85: receive requestVote(ELECTION, d4fb79f4-51ff-439e-bcc6-4ee6f991de8e, group-9A29FCCC6D85, 2, (t:0, i:0))
2022-10-18 03:54:59,143 [grpc-default-executor-0] INFO  impl.VoteContext (VoteContext.java:log(48)) - d9a4f769-630a-47d2-b95a-61308b2125ef@group-9A29FCCC6D85-FOLLOWER: accept ELECTION from d4fb79f4-51ff-439e-bcc6-4ee6f991de8e: our priority 0 <= candidate's priority 0
2022-10-18 03:54:59,143 [grpc-default-executor-0] INFO  server.RaftServer$Division (RaftServerImpl.java:setRole(299)) - d9a4f769-630a-47d2-b95a-61308b2125ef@group-9A29FCCC6D85: changes role from  FOLLOWER to FOLLOWER at term 2 for candidate:d4fb79f4-51ff-439e-bcc6-4ee6f991de8e
2022-10-18 03:54:59,143 [grpc-default-executor-0] INFO  impl.RoleInfo (RoleInfo.java:shutdownFollowerState(110)) - d9a4f769-630a-47d2-b95a-61308b2125ef: shutdown d9a4f769-630a-47d2-b95a-61308b2125ef@group-9A29FCCC6D85-FollowerState
2022-10-18 03:54:59,147 [grpc-default-executor-0] INFO  impl.RoleInfo (RoleInfo.java:updateAndGet(139)) - d9a4f769-630a-47d2-b95a-61308b2125ef: start d9a4f769-630a-47d2-b95a-61308b2125ef@group-9A29FCCC6D85-FollowerState
2022-10-18 03:54:59,147 [d9a4f769-630a-47d2-b95a-61308b2125ef@group-9A29FCCC6D85-FollowerState] INFO  impl.FollowerState (FollowerState.java:run(152)) - d9a4f769-630a-47d2-b95a-61308b2125ef@group-9A29FCCC6D85-FollowerState was interrupted
2022-10-18 03:54:59,147 [grpc-default-executor-2] INFO  impl.RoleInfo (RoleInfo.java:updateAndGet(139)) - bf918f47-46e4-4489-b5fc-5f9d222f6194: start bf918f47-46e4-4489-b5fc-5f9d222f6194@group-9A29FCCC6D85-FollowerState
2022-10-18 03:54:59,147 [bf918f47-46e4-4489-b5fc-5f9d222f6194@group-9A29FCCC6D85-FollowerState] INFO  impl.FollowerState (FollowerState.java:run(152)) - bf918f47-46e4-4489-b5fc-5f9d222f6194@group-9A29FCCC6D85-FollowerState was interrupted
2022-10-18 03:54:59,150 [grpc-default-executor-2] INFO  server.RaftServer$Division (RaftServerImpl.java:requestVote(1184)) - bf918f47-46e4-4489-b5fc-5f9d222f6194@group-9A29FCCC6D85 replies to ELECTION vote request: d4fb79f4-51ff-439e-bcc6-4ee6f991de8e<-bf918f47-46e4-4489-b5fc-5f9d222f6194#0:FAIL-t2. Peer's state: bf918f47-46e4-4489-b5fc-5f9d222f6194@group-9A29FCCC6D85:t2, leader=null, voted=null, raftlog=bf918f47-46e4-4489-b5fc-5f9d222f6194@group-9A29FCCC6D85-SegmentedRaftLog:OPENED:c-1, conf=-1: [d4fb79f4-51ff-439e-bcc6-4ee6f991de8e|rpc:10.1.0.75:45177|dataStream:|priority:0, d9a4f769-630a-47d2-b95a-61308b2125ef|rpc:10.1.0.75:34659|dataStream:|priority:0, bf918f47-46e4-4489-b5fc-5f9d222f6194|rpc:10.1.0.75:40087|dataStream:|priority:1], old=null
2022-10-18 03:54:59,151 [grpc-default-executor-0] INFO  server.RaftServer$Division (RaftServerImpl.java:requestVote(1184)) - d9a4f769-630a-47d2-b95a-61308b2125ef@group-9A29FCCC6D85 replies to ELECTION vote request: d4fb79f4-51ff-439e-bcc6-4ee6f991de8e<-d9a4f769-630a-47d2-b95a-61308b2125ef#0:OK-t2. Peer's state: d9a4f769-630a-47d2-b95a-61308b2125ef@group-9A29FCCC6D85:t2, leader=null, voted=d4fb79f4-51ff-439e-bcc6-4ee6f991de8e, raftlog=d9a4f769-630a-47d2-b95a-61308b2125ef@group-9A29FCCC6D85-SegmentedRaftLog:OPENED:c-1, conf=-1: [d4fb79f4-51ff-439e-bcc6-4ee6f991de8e|rpc:10.1.0.75:45177|dataStream:|priority:0, d9a4f769-630a-47d2-b95a-61308b2125ef|rpc:10.1.0.75:34659|dataStream:|priority:0, bf918f47-46e4-4489-b5fc-5f9d222f6194|rpc:10.1.0.75:40087|dataStream:|priority:1], old=null
2022-10-18 03:54:59,152 [grpc-default-executor-0] WARN  server.GrpcLogAppender (LogUtils.java:warn(122)) - omNode-1@group-523986131536->omNode-3-AppendLogResponseHandler: Failed appendEntries: org.apache.ratis.thirdparty.io.grpc.StatusRuntimeException: UNAVAILABLE: io exception
2022-10-18 03:54:59,152 [d4fb79f4-51ff-439e-bcc6-4ee6f991de8e@group-9A29FCCC6D85-LeaderElection26] INFO  impl.LeaderElection (LeaderElection.java:logAndReturn(90)) - d4fb79f4-51ff-439e-bcc6-4ee6f991de8e@group-9A29FCCC6D85-LeaderElection26: ELECTION REJECTED received 1 response(s) and 0 exception(s):
2022-10-18 03:54:59,152 [d4fb79f4-51ff-439e-bcc6-4ee6f991de8e@group-9A29FCCC6D85-LeaderElection26] INFO  impl.LeaderElection (LeaderElection.java:logAndReturn(94)) -   Response 0: d4fb79f4-51ff-439e-bcc6-4ee6f991de8e<-bf918f47-46e4-4489-b5fc-5f9d222f6194#0:FAIL-t2
2022-10-18 03:54:59,152 [d4fb79f4-51ff-439e-bcc6-4ee6f991de8e@group-9A29FCCC6D85-LeaderElection26] INFO  impl.LeaderElection (LeaderElection.java:askForVotes(312)) - d4fb79f4-51ff-439e-bcc6-4ee6f991de8e@group-9A29FCCC6D85-LeaderElection26 ELECTION round 0: result REJECTED
2022-10-18 03:54:59,152 [d4fb79f4-51ff-439e-bcc6-4ee6f991de8e@group-9A29FCCC6D85-LeaderElection26] INFO  server.RaftServer$Division (RaftServerImpl.java:setRole(299)) - d4fb79f4-51ff-439e-bcc6-4ee6f991de8e@group-9A29FCCC6D85: changes role from CANDIDATE to FOLLOWER at term 2 for REJECTED
2022-10-18 03:54:59,152 [d4fb79f4-51ff-439e-bcc6-4ee6f991de8e@group-9A29FCCC6D85-LeaderElection26] INFO  impl.RoleInfo (RoleInfo.java:shutdownLeaderElection(130)) - d4fb79f4-51ff-439e-bcc6-4ee6f991de8e: shutdown d4fb79f4-51ff-439e-bcc6-4ee6f991de8e@group-9A29FCCC6D85-LeaderElection26
2022-10-18 03:54:59,152 [d4fb79f4-51ff-439e-bcc6-4ee6f991de8e@group-9A29FCCC6D85-LeaderElection26] INFO  impl.RoleInfo (RoleInfo.java:updateAndGet(139)) - d4fb79f4-51ff-439e-bcc6-4ee6f991de8e: start d4fb79f4-51ff-439e-bcc6-4ee6f991de8e@group-9A29FCCC6D85-FollowerState
2022-10-18 03:54:59,152 [grpc-default-executor-0] INFO  leader.FollowerInfo (FollowerInfoImpl.java:lambda$new$0(48)) - omNode-1@group-523986131536->omNode-3: nextIndex: updateUnconditionally 443 -> 45
2022-10-18 03:54:59,153 [grpc-default-executor-0] WARN  server.GrpcLogAppender (LogUtils.java:warn(122)) - omNode-1@group-523986131536->omNode-3-AppendLogResponseHandler: Failed appendEntries: org.apache.ratis.thirdparty.io.grpc.StatusRuntimeException: UNAVAILABLE: io exception
2022-10-18 03:54:59,154 [grpc-default-executor-0] INFO  leader.FollowerInfo (FollowerInfoImpl.java:lambda$new$0(48)) - omNode-1@group-523986131536->omNode-3: nextIndex: updateUnconditionally 444 -> 45
2022-10-18 03:54:59,156 [grpc-default-executor-2] WARN  server.GrpcLogAppender (LogUtils.java:warn(122)) - omNode-1@group-523986131536->omNode-3-AppendLogResponseHandler: Failed appendEntries: org.apache.ratis.thirdparty.io.grpc.StatusRuntimeException: UNAVAILABLE: io exception
2022-10-18 03:54:59,157 [grpc-default-executor-2] INFO  leader.FollowerInfo (FollowerInfoImpl.java:lambda$new$0(48)) - omNode-1@group-523986131536->omNode-3: nextIndex: updateUnconditionally 444 -> 45
2022-10-18 03:54:59,160 [grpc-default-executor-0] WARN  server.GrpcLogAppender (LogUtils.java:warn(122)) - omNode-1@group-523986131536->omNode-3-AppendLogResponseHandler: Failed appendEntries: org.apache.ratis.thirdparty.io.grpc.StatusRuntimeException: UNAVAILABLE: io exception
2022-10-18 03:54:59,161 [grpc-default-executor-0] INFO  leader.FollowerInfo (FollowerInfoImpl.java:lambda$new$0(48)) - omNode-1@group-523986131536->omNode-3: nextIndex: updateUnconditionally 446 -> 45
2022-10-18 03:54:59,163 [grpc-default-executor-2] WARN  server.GrpcLogAppender (LogUtils.java:warn(122)) - omNode-1@group-523986131536->omNode-3-AppendLogResponseHandler: Failed appendEntries: org.apache.ratis.thirdparty.io.grpc.StatusRuntimeException: UNAVAILABLE: io exception
2022-10-18 03:54:59,163 [grpc-default-executor-2] INFO  leader.FollowerInfo (FollowerInfoImpl.java:lambda$new$0(48)) - omNode-1@group-523986131536->omNode-3: nextIndex: updateUnconditionally 446 -> 45
2022-10-18 03:54:59,166 [grpc-default-executor-2] WARN  server.GrpcLogAppender (LogUtils.java:warn(122)) - omNode-1@group-523986131536->omNode-3-AppendLogResponseHandler: Failed appendEntries: org.apache.ratis.thirdparty.io.grpc.StatusRuntimeException: UNAVAILABLE: io exception
2022-10-18 03:54:59,166 [grpc-default-executor-2] INFO  leader.FollowerInfo (FollowerInfoImpl.java:lambda$new$0(48)) - omNode-1@group-523986131536->omNode-3: nextIndex: updateUnconditionally 447 -> 45
2022-10-18 03:54:59,169 [grpc-default-executor-2] WARN  server.GrpcLogAppender (LogUtils.java:warn(122)) - omNode-1@group-523986131536->omNode-3-AppendLogResponseHandler: Failed appendEntries: org.apache.ratis.thirdparty.io.grpc.StatusRuntimeException: UNAVAILABLE: io exception
2022-10-18 03:54:59,169 [grpc-default-executor-2] INFO  leader.FollowerInfo (FollowerInfoImpl.java:lambda$new$0(48)) - omNode-1@group-523986131536->omNode-3: nextIndex: updateUnconditionally 447 -> 45
2022-10-18 03:54:59,185 [grpc-default-executor-2] WARN  server.GrpcLogAppender (LogUtils.java:warn(122)) - omNode-1@group-523986131536->omNode-3-AppendLogResponseHandler: Failed appendEntries: org.apache.ratis.thirdparty.io.grpc.StatusRuntimeException: UNAVAILABLE: io exception
2022-10-18 03:54:59,186 [grpc-default-executor-2] INFO  leader.FollowerInfo (FollowerInfoImpl.java:lambda$new$0(48)) - omNode-1@group-523986131536->omNode-3: nextIndex: updateUnconditionally 448 -> 45
2022-10-18 03:54:59,188 [grpc-default-executor-2] WARN  server.GrpcLogAppender (LogUtils.java:warn(122)) - omNode-1@group-523986131536->omNode-3-AppendLogResponseHandler: Failed appendEntries: org.apache.ratis.thirdparty.io.grpc.StatusRuntimeException: UNAVAILABLE: io exception
2022-10-18 03:54:59,188 [grpc-default-executor-2] INFO  leader.FollowerInfo (FollowerInfoImpl.java:lambda$new$0(48)) - omNode-1@group-523986131536->omNode-3: nextIndex: updateUnconditionally 448 -> 45
2022-10-18 03:54:59,192 [grpc-default-executor-0] WARN  server.GrpcLogAppender (LogUtils.java:warn(122)) - omNode-1@group-523986131536->omNode-3-AppendLogResponseHandler: Failed appendEntries: org.apache.ratis.thirdparty.io.grpc.StatusRuntimeException: UNAVAILABLE: io exception
2022-10-18 03:54:59,192 [grpc-default-executor-0] INFO  leader.FollowerInfo (FollowerInfoImpl.java:lambda$new$0(48)) - omNode-1@group-523986131536->omNode-3: nextIndex: updateUnconditionally 450 -> 45
2022-10-18 03:54:59,201 [grpc-default-executor-0] WARN  server.GrpcLogAppender (LogUtils.java:warn(122)) - omNode-1@group-523986131536->omNode-3-AppendLogResponseHandler: Failed appendEntries: org.apache.ratis.thirdparty.io.grpc.StatusRuntimeException: UNAVAILABLE: io exception
2022-10-18 03:54:59,201 [grpc-default-executor-0] INFO  leader.FollowerInfo (FollowerInfoImpl.java:lambda$new$0(48)) - omNode-1@group-523986131536->omNode-3: nextIndex: updateUnconditionally 450 -> 45
2022-10-18 03:54:59,207 [grpc-default-executor-0] WARN  server.GrpcLogAppender (LogUtils.java:warn(122)) - omNode-1@group-523986131536->omNode-3-AppendLogResponseHandler: Failed appendEntries: org.apache.ratis.thirdparty.io.grpc.StatusRuntimeException: UNAVAILABLE: io exception
2022-10-18 03:54:59,207 [grpc-default-executor-0] INFO  leader.FollowerInfo (FollowerInfoImpl.java:lambda$new$0(48)) - omNode-1@group-523986131536->omNode-3: nextIndex: updateUnconditionally 451 -> 45
2022-10-18 03:54:59,216 [grpc-default-executor-1] WARN  server.GrpcLogAppender (LogUtils.java:warn(122)) - omNode-1@group-523986131536->omNode-3-AppendLogResponseHandler: Failed appendEntries: org.apache.ratis.thirdparty.io.grpc.StatusRuntimeException: UNAVAILABLE: io exception
2022-10-18 03:54:59,216 [grpc-default-executor-1] INFO  leader.FollowerInfo (FollowerInfoImpl.java:lambda$new$0(48)) - omNode-1@group-523986131536->omNode-3: nextIndex: updateUnconditionally 451 -> 45
2022-10-18 03:54:59,216 [omNode-1@group-523986131536-StateMachineUpdater] INFO  ratis.OzoneManagerStateMachine (OzoneManagerStateMachine.java:takeSnapshot(441)) - Current Snapshot Index (t:1, i:450)
2022-10-18 03:54:59,216 [omNode-1@group-523986131536-StateMachineUpdater] INFO  impl.StateMachineUpdater (StateMachineUpdater.java:takeSnapshot(287)) - omNode-1@group-523986131536-StateMachineUpdater: Took a snapshot at index 450
2022-10-18 03:54:59,216 [omNode-1@group-523986131536-StateMachineUpdater] INFO  impl.StateMachineUpdater (StateMachineUpdater.java:lambda$new$0(92)) - omNode-1@group-523986131536-StateMachineUpdater: snapshotIndex: updateIncreasingly 400 -> 450
2022-10-18 03:54:59,216 [omNode-1@group-523986131536-StateMachineUpdater] INFO  raftlog.RaftLog (RaftLogBase.java:purge(308)) - omNode-1@group-523986131536-SegmentedRaftLog: purge 450
2022-10-18 03:54:59,216 [omNode-1@group-523986131536-StateMachineUpdater] INFO  raftlog.RaftLog (RaftLogBase.java:lambda$new$0(53)) - omNode-1@group-523986131536-SegmentedRaftLog: snapshotIndex: updateIncreasingly 400 -> 450
2022-10-18 03:54:59,216 [omNode-1@group-523986131536-StateMachineUpdater] INFO  raftlog.RaftLog (RaftLogBase.java:lambda$new$0(53)) - omNode-1@group-523986131536-SegmentedRaftLog: purgeIndex: updateToMax old=400, new=450, updated? true
2022-10-18 03:54:59,217 [grpc-default-executor-1] WARN  server.GrpcLogAppender (LogUtils.java:warn(122)) - omNode-1@group-523986131536->omNode-3-AppendLogResponseHandler: Failed appendEntries: org.apache.ratis.thirdparty.io.grpc.StatusRuntimeException: UNAVAILABLE: io exception
2022-10-18 03:54:59,217 [grpc-default-executor-1] INFO  leader.FollowerInfo (FollowerInfoImpl.java:lambda$new$0(48)) - omNode-1@group-523986131536->omNode-3: nextIndex: updateUnconditionally 451 -> 45
2022-10-18 03:54:59,219 [grpc-default-executor-2] WARN  server.GrpcLogAppender (LogUtils.java:warn(122)) - omNode-1@group-523986131536->omNode-3-AppendLogResponseHandler: Failed appendEntries: org.apache.ratis.thirdparty.io.grpc.StatusRuntimeException: UNAVAILABLE: io exception
2022-10-18 03:54:59,219 [grpc-default-executor-2] INFO  leader.FollowerInfo (FollowerInfoImpl.java:lambda$new$0(48)) - omNode-1@group-523986131536->omNode-3: nextIndex: updateUnconditionally 452 -> 45
2022-10-18 03:54:59,228 [grpc-default-executor-1] WARN  server.GrpcLogAppender (LogUtils.java:warn(122)) - omNode-1@group-523986131536->omNode-3-AppendLogResponseHandler: Failed appendEntries: org.apache.ratis.thirdparty.io.grpc.StatusRuntimeException: UNAVAILABLE: io exception
2022-10-18 03:54:59,229 [grpc-default-executor-1] INFO  leader.FollowerInfo (FollowerInfoImpl.java:lambda$new$0(48)) - omNode-1@group-523986131536->omNode-3: nextIndex: updateUnconditionally 452 -> 45
2022-10-18 03:54:59,229 [grpc-default-executor-2] WARN  server.GrpcLogAppender (LogUtils.java:warn(122)) - omNode-1@group-523986131536->omNode-3-AppendLogResponseHandler: Failed appendEntries: org.apache.ratis.thirdparty.io.grpc.StatusRuntimeException: UNAVAILABLE: io exception
2022-10-18 03:54:59,230 [grpc-default-executor-2] INFO  leader.FollowerInfo (FollowerInfoImpl.java:lambda$new$0(48)) - omNode-1@group-523986131536->omNode-3: nextIndex: updateUnconditionally 453 -> 45
2022-10-18 03:54:59,231 [grpc-default-executor-2] WARN  server.GrpcLogAppender (LogUtils.java:warn(122)) - omNode-1@group-523986131536->omNode-3-AppendLogResponseHandler: Failed appendEntries: org.apache.ratis.thirdparty.io.grpc.StatusRuntimeException: UNAVAILABLE: io exception
2022-10-18 03:54:59,231 [grpc-default-executor-2] INFO  leader.FollowerInfo (FollowerInfoImpl.java:lambda$new$0(48)) - omNode-1@group-523986131536->omNode-3: nextIndex: updateUnconditionally 453 -> 45
2022-10-18 03:54:59,232 [grpc-default-executor-1] WARN  server.GrpcLogAppender (LogUtils.java:warn(122)) - omNode-1@group-523986131536->omNode-3-AppendLogResponseHandler: Failed appendEntries: org.apache.ratis.thirdparty.io.grpc.StatusRuntimeException: UNAVAILABLE: io exception
2022-10-18 03:54:59,233 [grpc-default-executor-1] INFO  leader.FollowerInfo (FollowerInfoImpl.java:lambda$new$0(48)) - omNode-1@group-523986131536->omNode-3: nextIndex: updateUnconditionally 453 -> 45
2022-10-18 03:54:59,235 [grpc-default-executor-2] WARN  server.GrpcLogAppender (LogUtils.java:warn(122)) - omNode-1@group-523986131536->omNode-3-AppendLogResponseHandler: Failed appendEntries: org.apache.ratis.thirdparty.io.grpc.StatusRuntimeException: UNAVAILABLE: io exception
2022-10-18 03:54:59,235 [grpc-default-executor-2] INFO  leader.FollowerInfo (FollowerInfoImpl.java:lambda$new$0(48)) - omNode-1@group-523986131536->omNode-3: nextIndex: updateUnconditionally 454 -> 45
2022-10-18 03:54:59,236 [grpc-default-executor-1] WARN  server.GrpcLogAppender (LogUtils.java:warn(122)) - omNode-1@group-523986131536->omNode-3-AppendLogResponseHandler: Failed appendEntries: org.apache.ratis.thirdparty.io.grpc.StatusRuntimeException: UNAVAILABLE: io exception
2022-10-18 03:54:59,236 [grpc-default-executor-1] INFO  leader.FollowerInfo (FollowerInfoImpl.java:lambda$new$0(48)) - omNode-1@group-523986131536->omNode-3: nextIndex: updateUnconditionally 454 -> 45
2022-10-18 03:54:59,238 [grpc-default-executor-1] WARN  server.GrpcLogAppender (LogUtils.java:warn(122)) - omNode-1@group-523986131536->omNode-3-AppendLogResponseHandler: Failed appendEntries: org.apache.ratis.thirdparty.io.grpc.StatusRuntimeException: UNAVAILABLE: io exception
2022-10-18 03:54:59,238 [grpc-default-executor-1] INFO  leader.FollowerInfo (FollowerInfoImpl.java:lambda$new$0(48)) - omNode-1@group-523986131536->omNode-3: nextIndex: updateUnconditionally 454 -> 45
2022-10-18 03:54:59,239 [grpc-default-executor-2] WARN  server.GrpcLogAppender (LogUtils.java:warn(122)) - omNode-1@group-523986131536->omNode-3-AppendLogResponseHandler: Failed appendEntries: org.apache.ratis.thirdparty.io.grpc.StatusRuntimeException: UNAVAILABLE: io exception
2022-10-18 03:54:59,239 [grpc-default-executor-2] INFO  leader.FollowerInfo (FollowerInfoImpl.java:lambda$new$0(48)) - omNode-1@group-523986131536->omNode-3: nextIndex: updateUnconditionally 455 -> 45
2022-10-18 03:54:59,243 [grpc-default-executor-2] WARN  server.GrpcLogAppender (LogUtils.java:warn(122)) - omNode-1@group-523986131536->omNode-3-AppendLogResponseHandler: Failed appendEntries: org.apache.ratis.thirdparty.io.grpc.StatusRuntimeException: UNAVAILABLE: io exception
2022-10-18 03:54:59,243 [grpc-default-executor-2] INFO  leader.FollowerInfo (FollowerInfoImpl.java:lambda$new$0(48)) - omNode-1@group-523986131536->omNode-3: nextIndex: updateUnconditionally 455 -> 45
2022-10-18 03:54:59,244 [EndpointStateMachine task thread for /0.0.0.0:43069 - 0 ] INFO  ipc.Client (Client.java:handleConnectionFailure(1010)) - Retrying connect to server: 0.0.0.0/0.0.0.0:43069. Already tried 9 time(s); retry policy is RetryUpToMaximumCountWithFixedSleep(maxRetries=15, sleepTime=1000 MILLISECONDS)
2022-10-18 03:54:59,244 [grpc-default-executor-2] WARN  server.GrpcLogAppender (LogUtils.java:warn(122)) - omNode-1@group-523986131536->omNode-3-AppendLogResponseHandler: Failed appendEntries: org.apache.ratis.thirdparty.io.grpc.StatusRuntimeException: UNAVAILABLE: io exception
2022-10-18 03:54:59,244 [grpc-default-executor-2] INFO  leader.FollowerInfo (FollowerInfoImpl.java:lambda$new$0(48)) - omNode-1@group-523986131536->omNode-3: nextIndex: updateUnconditionally 455 -> 45
2022-10-18 03:54:59,250 [grpc-default-executor-1] WARN  server.GrpcLogAppender (LogUtils.java:warn(122)) - omNode-1@group-523986131536->omNode-3-AppendLogResponseHandler: Failed appendEntries: org.apache.ratis.thirdparty.io.grpc.StatusRuntimeException: UNAVAILABLE: io exception
2022-10-18 03:54:59,250 [grpc-default-executor-1] INFO  leader.FollowerInfo (FollowerInfoImpl.java:lambda$new$0(48)) - omNode-1@group-523986131536->omNode-3: nextIndex: updateUnconditionally 456 -> 45
2022-10-18 03:54:59,253 [grpc-default-executor-1] WARN  server.GrpcLogAppender (LogUtils.java:warn(122)) - omNode-1@group-523986131536->omNode-3-AppendLogResponseHandler: Failed appendEntries: org.apache.ratis.thirdparty.io.grpc.StatusRuntimeException: UNAVAILABLE: io exception
2022-10-18 03:54:59,253 [grpc-default-executor-1] INFO  leader.FollowerInfo (FollowerInfoImpl.java:lambda$new$0(48)) - omNode-1@group-523986131536->omNode-3: nextIndex: updateUnconditionally 456 -> 45
2022-10-18 03:54:59,258 [grpc-default-executor-1] WARN  server.GrpcLogAppender (LogUtils.java:warn(122)) - omNode-1@group-523986131536->omNode-3-AppendLogResponseHandler: Failed appendEntries: org.apache.ratis.thirdparty.io.grpc.StatusRuntimeException: UNAVAILABLE: io exception
2022-10-18 03:54:59,259 [grpc-default-executor-1] INFO  leader.FollowerInfo (FollowerInfoImpl.java:lambda$new$0(48)) - omNode-1@group-523986131536->omNode-3: nextIndex: updateUnconditionally 457 -> 45
2022-10-18 03:54:59,260 [omNode-2@group-523986131536-StateMachineUpdater] INFO  ratis.OzoneManagerStateMachine (OzoneManagerStateMachine.java:takeSnapshot(441)) - Current Snapshot Index (t:1, i:456)
2022-10-18 03:54:59,260 [omNode-2@group-523986131536-StateMachineUpdater] INFO  impl.StateMachineUpdater (StateMachineUpdater.java:takeSnapshot(287)) - omNode-2@group-523986131536-StateMachineUpdater: Took a snapshot at index 456
2022-10-18 03:54:59,260 [omNode-2@group-523986131536-StateMachineUpdater] INFO  impl.StateMachineUpdater (StateMachineUpdater.java:lambda$new$0(92)) - omNode-2@group-523986131536-StateMachineUpdater: snapshotIndex: updateIncreasingly 406 -> 456
2022-10-18 03:54:59,260 [omNode-2@group-523986131536-StateMachineUpdater] INFO  raftlog.RaftLog (RaftLogBase.java:purge(308)) - omNode-2@group-523986131536-SegmentedRaftLog: purge 456
2022-10-18 03:54:59,260 [omNode-2@group-523986131536-StateMachineUpdater] INFO  raftlog.RaftLog (RaftLogBase.java:lambda$new$0(53)) - omNode-2@group-523986131536-SegmentedRaftLog: snapshotIndex: updateIncreasingly 406 -> 456
2022-10-18 03:54:59,260 [omNode-2@group-523986131536-StateMachineUpdater] INFO  raftlog.RaftLog (RaftLogBase.java:lambda$new$0(53)) - omNode-2@group-523986131536-SegmentedRaftLog: purgeIndex: updateToMax old=406, new=456, updated? true
2022-10-18 03:54:59,261 [grpc-default-executor-1] WARN  server.GrpcLogAppender (LogUtils.java:warn(122)) - omNode-1@group-523986131536->omNode-3-AppendLogResponseHandler: Failed appendEntries: org.apache.ratis.thirdparty.io.grpc.StatusRuntimeException: UNAVAILABLE: io exception
2022-10-18 03:54:59,261 [grpc-default-executor-1] INFO  leader.FollowerInfo (FollowerInfoImpl.java:lambda$new$0(48)) - omNode-1@group-523986131536->omNode-3: nextIndex: updateUnconditionally 458 -> 45
2022-10-18 03:54:59,265 [grpc-default-executor-0] WARN  server.GrpcLogAppender (LogUtils.java:warn(122)) - omNode-1@group-523986131536->omNode-3-AppendLogResponseHandler: Failed appendEntries: org.apache.ratis.thirdparty.io.grpc.StatusRuntimeException: UNAVAILABLE: io exception
2022-10-18 03:54:59,265 [grpc-default-executor-0] INFO  leader.FollowerInfo (FollowerInfoImpl.java:lambda$new$0(48)) - omNode-1@group-523986131536->omNode-3: nextIndex: updateUnconditionally 459 -> 45
2022-10-18 03:54:59,272 [grpc-default-executor-1] WARN  server.GrpcLogAppender (LogUtils.java:warn(122)) - omNode-1@group-523986131536->omNode-3-AppendLogResponseHandler: Failed appendEntries: org.apache.ratis.thirdparty.io.grpc.StatusRuntimeException: UNAVAILABLE: io exception
2022-10-18 03:54:59,272 [grpc-default-executor-1] INFO  leader.FollowerInfo (FollowerInfoImpl.java:lambda$new$0(48)) - omNode-1@group-523986131536->omNode-3: nextIndex: updateUnconditionally 459 -> 45
2022-10-18 03:54:59,273 [grpc-default-executor-0] WARN  server.GrpcLogAppender (LogUtils.java:warn(122)) - omNode-1@group-523986131536->omNode-3-AppendLogResponseHandler: Failed appendEntries: org.apache.ratis.thirdparty.io.grpc.StatusRuntimeException: UNAVAILABLE: io exception
2022-10-18 03:54:59,273 [grpc-default-executor-0] INFO  leader.FollowerInfo (FollowerInfoImpl.java:lambda$new$0(48)) - omNode-1@group-523986131536->omNode-3: nextIndex: updateUnconditionally 459 -> 45
2022-10-18 03:54:59,276 [grpc-default-executor-1] WARN  server.GrpcLogAppender (LogUtils.java:warn(122)) - omNode-1@group-523986131536->omNode-3-AppendLogResponseHandler: Failed appendEntries: org.apache.ratis.thirdparty.io.grpc.StatusRuntimeException: UNAVAILABLE: io exception
2022-10-18 03:54:59,276 [grpc-default-executor-1] INFO  leader.FollowerInfo (FollowerInfoImpl.java:lambda$new$0(48)) - omNode-1@group-523986131536->omNode-3: nextIndex: updateUnconditionally 460 -> 45
2022-10-18 03:54:59,281 [grpc-default-executor-1] WARN  server.GrpcLogAppender (LogUtils.java:warn(122)) - omNode-1@group-523986131536->omNode-3-AppendLogResponseHandler: Failed appendEntries: org.apache.ratis.thirdparty.io.grpc.StatusRuntimeException: UNAVAILABLE: io exception
2022-10-18 03:54:59,281 [grpc-default-executor-1] INFO  leader.FollowerInfo (FollowerInfoImpl.java:lambda$new$0(48)) - omNode-1@group-523986131536->omNode-3: nextIndex: updateUnconditionally 460 -> 45
2022-10-18 03:54:59,282 [grpc-default-executor-1] WARN  server.GrpcLogAppender (LogUtils.java:warn(122)) - omNode-1@group-523986131536->omNode-3-AppendLogResponseHandler: Failed appendEntries: org.apache.ratis.thirdparty.io.grpc.StatusRuntimeException: UNAVAILABLE: io exception
2022-10-18 03:54:59,288 [grpc-default-executor-1] INFO  leader.FollowerInfo (FollowerInfoImpl.java:lambda$new$0(48)) - omNode-1@group-523986131536->omNode-3: nextIndex: updateUnconditionally 461 -> 45
2022-10-18 03:54:59,289 [grpc-default-executor-2] WARN  server.GrpcLogAppender (LogUtils.java:warn(122)) - omNode-1@group-523986131536->omNode-3-AppendLogResponseHandler: Failed appendEntries: org.apache.ratis.thirdparty.io.grpc.StatusRuntimeException: UNAVAILABLE: io exception
2022-10-18 03:54:59,289 [grpc-default-executor-2] INFO  leader.FollowerInfo (FollowerInfoImpl.java:lambda$new$0(48)) - omNode-1@group-523986131536->omNode-3: nextIndex: updateUnconditionally 462 -> 45
2022-10-18 03:54:59,291 [grpc-default-executor-2] WARN  server.GrpcLogAppender (LogUtils.java:warn(122)) - omNode-1@group-523986131536->omNode-3-AppendLogResponseHandler: Failed appendEntries: org.apache.ratis.thirdparty.io.grpc.StatusRuntimeException: UNAVAILABLE: io exception
2022-10-18 03:54:59,291 [grpc-default-executor-2] INFO  leader.FollowerInfo (FollowerInfoImpl.java:lambda$new$0(48)) - omNode-1@group-523986131536->omNode-3: nextIndex: updateUnconditionally 462 -> 45
2022-10-18 03:54:59,295 [grpc-default-executor-3] WARN  server.GrpcLogAppender (LogUtils.java:warn(122)) - omNode-1@group-523986131536->omNode-3-AppendLogResponseHandler: Failed appendEntries: org.apache.ratis.thirdparty.io.grpc.StatusRuntimeException: UNAVAILABLE: io exception
2022-10-18 03:54:59,296 [grpc-default-executor-3] INFO  leader.FollowerInfo (FollowerInfoImpl.java:lambda$new$0(48)) - omNode-1@group-523986131536->omNode-3: nextIndex: updateUnconditionally 462 -> 45
2022-10-18 03:54:59,299 [grpc-default-executor-3] WARN  server.GrpcLogAppender (LogUtils.java:warn(122)) - omNode-1@group-523986131536->omNode-3-AppendLogResponseHandler: Failed appendEntries: org.apache.ratis.thirdparty.io.grpc.StatusRuntimeException: UNAVAILABLE: io exception
2022-10-18 03:54:59,299 [grpc-default-executor-3] INFO  leader.FollowerInfo (FollowerInfoImpl.java:lambda$new$0(48)) - omNode-1@group-523986131536->omNode-3: nextIndex: updateUnconditionally 463 -> 45
2022-10-18 03:54:59,301 [grpc-default-executor-0] WARN  server.GrpcLogAppender (LogUtils.java:warn(122)) - omNode-1@group-523986131536->omNode-3-AppendLogResponseHandler: Failed appendEntries: org.apache.ratis.thirdparty.io.grpc.StatusRuntimeException: UNAVAILABLE: io exception
2022-10-18 03:54:59,301 [grpc-default-executor-0] INFO  leader.FollowerInfo (FollowerInfoImpl.java:lambda$new$0(48)) - omNode-1@group-523986131536->omNode-3: nextIndex: updateUnconditionally 463 -> 45
2022-10-18 03:54:59,302 [grpc-default-executor-0] WARN  server.GrpcLogAppender (LogUtils.java:warn(122)) - omNode-1@group-523986131536->omNode-3-AppendLogResponseHandler: Failed appendEntries: org.apache.ratis.thirdparty.io.grpc.StatusRuntimeException: UNAVAILABLE: io exception
2022-10-18 03:54:59,302 [grpc-default-executor-0] INFO  leader.FollowerInfo (FollowerInfoImpl.java:lambda$new$0(48)) - omNode-1@group-523986131536->omNode-3: nextIndex: updateUnconditionally 464 -> 45
2022-10-18 03:54:59,305 [grpc-default-executor-0] WARN  server.GrpcLogAppender (LogUtils.java:warn(122)) - omNode-1@group-523986131536->omNode-3-AppendLogResponseHandler: Failed appendEntries: org.apache.ratis.thirdparty.io.grpc.StatusRuntimeException: UNAVAILABLE: io exception
2022-10-18 03:54:59,305 [grpc-default-executor-0] INFO  leader.FollowerInfo (FollowerInfoImpl.java:lambda$new$0(48)) - omNode-1@group-523986131536->omNode-3: nextIndex: updateUnconditionally 464 -> 45
2022-10-18 03:54:59,308 [grpc-default-executor-3] WARN  server.GrpcLogAppender (LogUtils.java:warn(122)) - omNode-1@group-523986131536->omNode-3-AppendLogResponseHandler: Failed appendEntries: org.apache.ratis.thirdparty.io.grpc.StatusRuntimeException: UNAVAILABLE: io exception
2022-10-18 03:54:59,308 [grpc-default-executor-3] INFO  leader.FollowerInfo (FollowerInfoImpl.java:lambda$new$0(48)) - omNode-1@group-523986131536->omNode-3: nextIndex: updateUnconditionally 466 -> 45
2022-10-18 03:54:59,312 [grpc-default-executor-0] WARN  server.GrpcLogAppender (LogUtils.java:warn(122)) - omNode-1@group-523986131536->omNode-3-AppendLogResponseHandler: Failed appendEntries: org.apache.ratis.thirdparty.io.grpc.StatusRuntimeException: UNAVAILABLE: io exception
2022-10-18 03:54:59,312 [grpc-default-executor-0] INFO  leader.FollowerInfo (FollowerInfoImpl.java:lambda$new$0(48)) - omNode-1@group-523986131536->omNode-3: nextIndex: updateUnconditionally 466 -> 45
2022-10-18 03:54:59,318 [grpc-default-executor-0] WARN  server.GrpcLogAppender (LogUtils.java:warn(122)) - omNode-1@group-523986131536->omNode-3-AppendLogResponseHandler: Failed appendEntries: org.apache.ratis.thirdparty.io.grpc.StatusRuntimeException: UNAVAILABLE: io exception
2022-10-18 03:54:59,318 [grpc-default-executor-0] INFO  leader.FollowerInfo (FollowerInfoImpl.java:lambda$new$0(48)) - omNode-1@group-523986131536->omNode-3: nextIndex: updateUnconditionally 467 -> 45
2022-10-18 03:54:59,332 [grpc-default-executor-3] WARN  server.GrpcLogAppender (LogUtils.java:warn(122)) - omNode-1@group-523986131536->omNode-3-AppendLogResponseHandler: Failed appendEntries: org.apache.ratis.thirdparty.io.grpc.StatusRuntimeException: UNAVAILABLE: io exception
2022-10-18 03:54:59,334 [grpc-default-executor-3] INFO  leader.FollowerInfo (FollowerInfoImpl.java:lambda$new$0(48)) - omNode-1@group-523986131536->omNode-3: nextIndex: updateUnconditionally 467 -> 45
2022-10-18 03:54:59,335 [grpc-default-executor-3] WARN  server.GrpcLogAppender (LogUtils.java:warn(122)) - omNode-1@group-523986131536->omNode-3-AppendLogResponseHandler: Failed appendEntries: org.apache.ratis.thirdparty.io.grpc.StatusRuntimeException: UNAVAILABLE: io exception
2022-10-18 03:54:59,335 [grpc-default-executor-3] INFO  leader.FollowerInfo (FollowerInfoImpl.java:lambda$new$0(48)) - omNode-1@group-523986131536->omNode-3: nextIndex: updateUnconditionally 468 -> 45
2022-10-18 03:54:59,336 [grpc-default-executor-3] WARN  server.GrpcLogAppender (LogUtils.java:warn(122)) - omNode-1@group-523986131536->omNode-3-AppendLogResponseHandler: Failed appendEntries: org.apache.ratis.thirdparty.io.grpc.StatusRuntimeException: UNAVAILABLE: io exception
2022-10-18 03:54:59,339 [grpc-default-executor-3] INFO  leader.FollowerInfo (FollowerInfoImpl.java:lambda$new$0(48)) - omNode-1@group-523986131536->omNode-3: nextIndex: updateUnconditionally 468 -> 45
2022-10-18 03:54:59,342 [grpc-default-executor-3] WARN  server.GrpcLogAppender (LogUtils.java:warn(122)) - omNode-1@group-523986131536->omNode-3-AppendLogResponseHandler: Failed appendEntries: org.apache.ratis.thirdparty.io.grpc.StatusRuntimeException: UNAVAILABLE: io exception
2022-10-18 03:54:59,342 [grpc-default-executor-3] INFO  leader.FollowerInfo (FollowerInfoImpl.java:lambda$new$0(48)) - omNode-1@group-523986131536->omNode-3: nextIndex: updateUnconditionally 470 -> 45
2022-10-18 03:54:59,344 [grpc-default-executor-0] WARN  server.GrpcLogAppender (LogUtils.java:warn(122)) - omNode-1@group-523986131536->omNode-3-AppendLogResponseHandler: Failed appendEntries: org.apache.ratis.thirdparty.io.grpc.StatusRuntimeException: UNAVAILABLE: io exception
2022-10-18 03:54:59,344 [grpc-default-executor-0] INFO  leader.FollowerInfo (FollowerInfoImpl.java:lambda$new$0(48)) - omNode-1@group-523986131536->omNode-3: nextIndex: updateUnconditionally 470 -> 45
2022-10-18 03:54:59,345 [grpc-default-executor-0] WARN  server.GrpcLogAppender (LogUtils.java:warn(122)) - omNode-1@group-523986131536->omNode-3-AppendLogResponseHandler: Failed appendEntries: org.apache.ratis.thirdparty.io.grpc.StatusRuntimeException: UNAVAILABLE: io exception
2022-10-18 03:54:59,345 [grpc-default-executor-0] INFO  leader.FollowerInfo (FollowerInfoImpl.java:lambda$new$0(48)) - omNode-1@group-523986131536->omNode-3: nextIndex: updateUnconditionally 471 -> 45
2022-10-18 03:54:59,352 [grpc-default-executor-0] WARN  server.GrpcLogAppender (LogUtils.java:warn(122)) - omNode-1@group-523986131536->omNode-3-AppendLogResponseHandler: Failed appendEntries: org.apache.ratis.thirdparty.io.grpc.StatusRuntimeException: UNAVAILABLE: io exception
2022-10-18 03:54:59,352 [grpc-default-executor-0] INFO  leader.FollowerInfo (FollowerInfoImpl.java:lambda$new$0(48)) - omNode-1@group-523986131536->omNode-3: nextIndex: updateUnconditionally 471 -> 45
2022-10-18 03:54:59,356 [grpc-default-executor-0] WARN  server.GrpcLogAppender (LogUtils.java:warn(122)) - omNode-1@group-523986131536->omNode-3-AppendLogResponseHandler: Failed appendEntries: org.apache.ratis.thirdparty.io.grpc.StatusRuntimeException: UNAVAILABLE: io exception
2022-10-18 03:54:59,356 [grpc-default-executor-0] INFO  leader.FollowerInfo (FollowerInfoImpl.java:lambda$new$0(48)) - omNode-1@group-523986131536->omNode-3: nextIndex: updateUnconditionally 472 -> 45
2022-10-18 03:54:59,360 [grpc-default-executor-3] WARN  server.GrpcLogAppender (LogUtils.java:warn(122)) - omNode-1@group-523986131536->omNode-3-AppendLogResponseHandler: Failed appendEntries: org.apache.ratis.thirdparty.io.grpc.StatusRuntimeException: UNAVAILABLE: io exception
2022-10-18 03:54:59,360 [grpc-default-executor-3] INFO  leader.FollowerInfo (FollowerInfoImpl.java:lambda$new$0(48)) - omNode-1@group-523986131536->omNode-3: nextIndex: updateUnconditionally 472 -> 45
2022-10-18 03:54:59,364 [grpc-default-executor-0] WARN  server.GrpcLogAppender (LogUtils.java:warn(122)) - omNode-1@group-523986131536->omNode-3-AppendLogResponseHandler: Failed appendEntries: org.apache.ratis.thirdparty.io.grpc.StatusRuntimeException: UNAVAILABLE: io exception
2022-10-18 03:54:59,364 [grpc-default-executor-0] INFO  leader.FollowerInfo (FollowerInfoImpl.java:lambda$new$0(48)) - omNode-1@group-523986131536->omNode-3: nextIndex: updateUnconditionally 474 -> 45
2022-10-18 03:54:59,367 [grpc-default-executor-3] WARN  server.GrpcLogAppender (LogUtils.java:warn(122)) - omNode-1@group-523986131536->omNode-3-AppendLogResponseHandler: Failed appendEntries: org.apache.ratis.thirdparty.io.grpc.StatusRuntimeException: UNAVAILABLE: io exception
2022-10-18 03:54:59,367 [grpc-default-executor-3] INFO  leader.FollowerInfo (FollowerInfoImpl.java:lambda$new$0(48)) - omNode-1@group-523986131536->omNode-3: nextIndex: updateUnconditionally 474 -> 45
2022-10-18 03:54:59,368 [grpc-default-executor-0] WARN  server.GrpcLogAppender (LogUtils.java:warn(122)) - omNode-1@group-523986131536->omNode-3-AppendLogResponseHandler: Failed appendEntries: org.apache.ratis.thirdparty.io.grpc.StatusRuntimeException: UNAVAILABLE: io exception
2022-10-18 03:54:59,368 [grpc-default-executor-0] INFO  leader.FollowerInfo (FollowerInfoImpl.java:lambda$new$0(48)) - omNode-1@group-523986131536->omNode-3: nextIndex: updateUnconditionally 474 -> 45
2022-10-18 03:54:59,371 [grpc-default-executor-0] WARN  server.GrpcLogAppender (LogUtils.java:warn(122)) - omNode-1@group-523986131536->omNode-3-AppendLogResponseHandler: Failed appendEntries: org.apache.ratis.thirdparty.io.grpc.StatusRuntimeException: UNAVAILABLE: io exception
2022-10-18 03:54:59,371 [grpc-default-executor-0] INFO  leader.FollowerInfo (FollowerInfoImpl.java:lambda$new$0(48)) - omNode-1@group-523986131536->omNode-3: nextIndex: updateUnconditionally 475 -> 45
2022-10-18 03:54:59,378 [grpc-default-executor-3] WARN  server.GrpcLogAppender (LogUtils.java:warn(122)) - omNode-1@group-523986131536->omNode-3-AppendLogResponseHandler: Failed appendEntries: org.apache.ratis.thirdparty.io.grpc.StatusRuntimeException: UNAVAILABLE: io exception
2022-10-18 03:54:59,378 [grpc-default-executor-3] INFO  leader.FollowerInfo (FollowerInfoImpl.java:lambda$new$0(48)) - omNode-1@group-523986131536->omNode-3: nextIndex: updateUnconditionally 475 -> 45
2022-10-18 03:54:59,384 [grpc-default-executor-0] WARN  server.GrpcLogAppender (LogUtils.java:warn(122)) - omNode-1@group-523986131536->omNode-3-AppendLogResponseHandler: Failed appendEntries: org.apache.ratis.thirdparty.io.grpc.StatusRuntimeException: UNAVAILABLE: io exception
2022-10-18 03:54:59,384 [grpc-default-executor-0] INFO  leader.FollowerInfo (FollowerInfoImpl.java:lambda$new$0(48)) - omNode-1@group-523986131536->omNode-3: nextIndex: updateUnconditionally 476 -> 45
2022-10-18 03:54:59,386 [grpc-default-executor-3] WARN  server.GrpcLogAppender (LogUtils.java:warn(122)) - omNode-1@group-523986131536->omNode-3-AppendLogResponseHandler: Failed appendEntries: org.apache.ratis.thirdparty.io.grpc.StatusRuntimeException: UNAVAILABLE: io exception
2022-10-18 03:54:59,386 [grpc-default-executor-3] INFO  leader.FollowerInfo (FollowerInfoImpl.java:lambda$new$0(48)) - omNode-1@group-523986131536->omNode-3: nextIndex: updateUnconditionally 476 -> 45
2022-10-18 03:54:59,387 [grpc-default-executor-1] WARN  server.GrpcLogAppender (LogUtils.java:warn(122)) - omNode-1@group-523986131536->omNode-3-AppendLogResponseHandler: Failed appendEntries: org.apache.ratis.thirdparty.io.grpc.StatusRuntimeException: UNAVAILABLE: io exception
2022-10-18 03:54:59,388 [grpc-default-executor-1] INFO  leader.FollowerInfo (FollowerInfoImpl.java:lambda$new$0(48)) - omNode-1@group-523986131536->omNode-3: nextIndex: updateUnconditionally 477 -> 45
2022-10-18 03:54:59,391 [grpc-default-executor-3] WARN  server.GrpcLogAppender (LogUtils.java:warn(122)) - omNode-1@group-523986131536->omNode-3-AppendLogResponseHandler: Failed appendEntries: org.apache.ratis.thirdparty.io.grpc.StatusRuntimeException: UNAVAILABLE: io exception
2022-10-18 03:54:59,392 [grpc-default-executor-3] INFO  leader.FollowerInfo (FollowerInfoImpl.java:lambda$new$0(48)) - omNode-1@group-523986131536->omNode-3: nextIndex: updateUnconditionally 477 -> 45
2022-10-18 03:54:59,393 [grpc-default-executor-1] WARN  server.GrpcLogAppender (LogUtils.java:warn(122)) - omNode-1@group-523986131536->omNode-3-AppendLogResponseHandler: Failed appendEntries: org.apache.ratis.thirdparty.io.grpc.StatusRuntimeException: UNAVAILABLE: io exception
2022-10-18 03:54:59,393 [grpc-default-executor-1] INFO  leader.FollowerInfo (FollowerInfoImpl.java:lambda$new$0(48)) - omNode-1@group-523986131536->omNode-3: nextIndex: updateUnconditionally 478 -> 45
2022-10-18 03:54:59,399 [grpc-default-executor-3] WARN  server.GrpcLogAppender (LogUtils.java:warn(122)) - omNode-1@group-523986131536->omNode-3-AppendLogResponseHandler: Failed appendEntries: org.apache.ratis.thirdparty.io.grpc.StatusRuntimeException: UNAVAILABLE: io exception
2022-10-18 03:54:59,399 [grpc-default-executor-3] INFO  leader.FollowerInfo (FollowerInfoImpl.java:lambda$new$0(48)) - omNode-1@group-523986131536->omNode-3: nextIndex: updateUnconditionally 479 -> 45
2022-10-18 03:54:59,404 [grpc-default-executor-3] WARN  server.GrpcLogAppender (LogUtils.java:warn(122)) - omNode-1@group-523986131536->omNode-3-AppendLogResponseHandler: Failed appendEntries: org.apache.ratis.thirdparty.io.grpc.StatusRuntimeException: UNAVAILABLE: io exception
2022-10-18 03:54:59,404 [grpc-default-executor-3] INFO  leader.FollowerInfo (FollowerInfoImpl.java:lambda$new$0(48)) - omNode-1@group-523986131536->omNode-3: nextIndex: updateUnconditionally 479 -> 45
2022-10-18 03:54:59,405 [grpc-default-executor-3] WARN  server.GrpcLogAppender (LogUtils.java:warn(122)) - omNode-1@group-523986131536->omNode-3-AppendLogResponseHandler: Failed appendEntries: org.apache.ratis.thirdparty.io.grpc.StatusRuntimeException: UNAVAILABLE: io exception
2022-10-18 03:54:59,406 [grpc-default-executor-3] INFO  leader.FollowerInfo (FollowerInfoImpl.java:lambda$new$0(48)) - omNode-1@group-523986131536->omNode-3: nextIndex: updateUnconditionally 479 -> 45
2022-10-18 03:54:59,409 [grpc-default-executor-1] WARN  server.GrpcLogAppender (LogUtils.java:warn(122)) - omNode-1@group-523986131536->omNode-3-AppendLogResponseHandler: Failed appendEntries: org.apache.ratis.thirdparty.io.grpc.StatusRuntimeException: UNAVAILABLE: io exception
2022-10-18 03:54:59,409 [grpc-default-executor-1] INFO  leader.FollowerInfo (FollowerInfoImpl.java:lambda$new$0(48)) - omNode-1@group-523986131536->omNode-3: nextIndex: updateUnconditionally 480 -> 45
2022-10-18 03:54:59,414 [grpc-default-executor-3] WARN  server.GrpcLogAppender (LogUtils.java:warn(122)) - omNode-1@group-523986131536->omNode-3-AppendLogResponseHandler: Failed appendEntries: org.apache.ratis.thirdparty.io.grpc.StatusRuntimeException: UNAVAILABLE: io exception
2022-10-18 03:54:59,415 [grpc-default-executor-3] INFO  leader.FollowerInfo (FollowerInfoImpl.java:lambda$new$0(48)) - omNode-1@group-523986131536->omNode-3: nextIndex: updateUnconditionally 480 -> 45
2022-10-18 03:54:59,416 [grpc-default-executor-0] WARN  server.GrpcLogAppender (LogUtils.java:warn(122)) - omNode-1@group-523986131536->omNode-3-AppendLogResponseHandler: Failed appendEntries: org.apache.ratis.thirdparty.io.grpc.StatusRuntimeException: UNAVAILABLE: io exception
2022-10-18 03:54:59,416 [grpc-default-executor-0] INFO  leader.FollowerInfo (FollowerInfoImpl.java:lambda$new$0(48)) - omNode-1@group-523986131536->omNode-3: nextIndex: updateUnconditionally 481 -> 45
2022-10-18 03:54:59,420 [grpc-default-executor-3] WARN  server.GrpcLogAppender (LogUtils.java:warn(122)) - omNode-1@group-523986131536->omNode-3-AppendLogResponseHandler: Failed appendEntries: org.apache.ratis.thirdparty.io.grpc.StatusRuntimeException: UNAVAILABLE: io exception
2022-10-18 03:54:59,420 [grpc-default-executor-3] INFO  leader.FollowerInfo (FollowerInfoImpl.java:lambda$new$0(48)) - omNode-1@group-523986131536->omNode-3: nextIndex: updateUnconditionally 482 -> 45
2022-10-18 03:54:59,422 [grpc-default-executor-0] WARN  server.GrpcLogAppender (LogUtils.java:warn(122)) - omNode-1@group-523986131536->omNode-3-AppendLogResponseHandler: Failed appendEntries: org.apache.ratis.thirdparty.io.grpc.StatusRuntimeException: UNAVAILABLE: io exception
2022-10-18 03:54:59,422 [grpc-default-executor-0] INFO  leader.FollowerInfo (FollowerInfoImpl.java:lambda$new$0(48)) - omNode-1@group-523986131536->omNode-3: nextIndex: updateUnconditionally 482 -> 45
2022-10-18 03:54:59,428 [grpc-default-executor-0] WARN  server.GrpcLogAppender (LogUtils.java:warn(122)) - omNode-1@group-523986131536->omNode-3-AppendLogResponseHandler: Failed appendEntries: org.apache.ratis.thirdparty.io.grpc.StatusRuntimeException: UNAVAILABLE: io exception
2022-10-18 03:54:59,428 [grpc-default-executor-0] INFO  leader.FollowerInfo (FollowerInfoImpl.java:lambda$new$0(48)) - omNode-1@group-523986131536->omNode-3: nextIndex: updateUnconditionally 483 -> 45
2022-10-18 03:54:59,432 [grpc-default-executor-3] WARN  server.GrpcLogAppender (LogUtils.java:warn(122)) - omNode-1@group-523986131536->omNode-3-AppendLogResponseHandler: Failed appendEntries: org.apache.ratis.thirdparty.io.grpc.StatusRuntimeException: UNAVAILABLE: io exception
2022-10-18 03:54:59,432 [grpc-default-executor-3] INFO  leader.FollowerInfo (FollowerInfoImpl.java:lambda$new$0(48)) - omNode-1@group-523986131536->omNode-3: nextIndex: updateUnconditionally 483 -> 45
2022-10-18 03:54:59,435 [grpc-default-executor-3] WARN  server.GrpcLogAppender (LogUtils.java:warn(122)) - omNode-1@group-523986131536->omNode-3-AppendLogResponseHandler: Failed appendEntries: org.apache.ratis.thirdparty.io.grpc.StatusRuntimeException: UNAVAILABLE: io exception
2022-10-18 03:54:59,435 [grpc-default-executor-3] INFO  leader.FollowerInfo (FollowerInfoImpl.java:lambda$new$0(48)) - omNode-1@group-523986131536->omNode-3: nextIndex: updateUnconditionally 484 -> 45
2022-10-18 03:54:59,439 [grpc-default-executor-3] WARN  server.GrpcLogAppender (LogUtils.java:warn(122)) - omNode-1@group-523986131536->omNode-3-AppendLogResponseHandler: Failed appendEntries: org.apache.ratis.thirdparty.io.grpc.StatusRuntimeException: UNAVAILABLE: io exception
2022-10-18 03:54:59,439 [grpc-default-executor-3] INFO  leader.FollowerInfo (FollowerInfoImpl.java:lambda$new$0(48)) - omNode-1@group-523986131536->omNode-3: nextIndex: updateUnconditionally 484 -> 45
2022-10-18 03:54:59,443 [grpc-default-executor-3] WARN  server.GrpcLogAppender (LogUtils.java:warn(122)) - omNode-1@group-523986131536->omNode-3-AppendLogResponseHandler: Failed appendEntries: org.apache.ratis.thirdparty.io.grpc.StatusRuntimeException: UNAVAILABLE: io exception
2022-10-18 03:54:59,443 [grpc-default-executor-3] INFO  leader.FollowerInfo (FollowerInfoImpl.java:lambda$new$0(48)) - omNode-1@group-523986131536->omNode-3: nextIndex: updateUnconditionally 486 -> 45
2022-10-18 03:54:59,448 [grpc-default-executor-3] WARN  server.GrpcLogAppender (LogUtils.java:warn(122)) - omNode-1@group-523986131536->omNode-3-AppendLogResponseHandler: Failed appendEntries: org.apache.ratis.thirdparty.io.grpc.StatusRuntimeException: UNAVAILABLE: io exception
2022-10-18 03:54:59,448 [grpc-default-executor-3] INFO  leader.FollowerInfo (FollowerInfoImpl.java:lambda$new$0(48)) - omNode-1@group-523986131536->omNode-3: nextIndex: updateUnconditionally 486 -> 45
2022-10-18 03:54:59,451 [grpc-default-executor-3] WARN  server.GrpcLogAppender (LogUtils.java:warn(122)) - omNode-1@group-523986131536->omNode-3-AppendLogResponseHandler: Failed appendEntries: org.apache.ratis.thirdparty.io.grpc.StatusRuntimeException: UNAVAILABLE: io exception
2022-10-18 03:54:59,451 [grpc-default-executor-3] INFO  leader.FollowerInfo (FollowerInfoImpl.java:lambda$new$0(48)) - omNode-1@group-523986131536->omNode-3: nextIndex: updateUnconditionally 487 -> 45
2022-10-18 03:54:59,455 [grpc-default-executor-3] WARN  server.GrpcLogAppender (LogUtils.java:warn(122)) - omNode-1@group-523986131536->omNode-3-AppendLogResponseHandler: Failed appendEntries: org.apache.ratis.thirdparty.io.grpc.StatusRuntimeException: UNAVAILABLE: io exception
2022-10-18 03:54:59,456 [grpc-default-executor-3] INFO  leader.FollowerInfo (FollowerInfoImpl.java:lambda$new$0(48)) - omNode-1@group-523986131536->omNode-3: nextIndex: updateUnconditionally 487 -> 45
2022-10-18 03:54:59,458 [grpc-default-executor-0] WARN  server.GrpcLogAppender (LogUtils.java:warn(122)) - omNode-1@group-523986131536->omNode-3-AppendLogResponseHandler: Failed appendEntries: org.apache.ratis.thirdparty.io.grpc.StatusRuntimeException: UNAVAILABLE: io exception
2022-10-18 03:54:59,458 [grpc-default-executor-0] INFO  leader.FollowerInfo (FollowerInfoImpl.java:lambda$new$0(48)) - omNode-1@group-523986131536->omNode-3: nextIndex: updateUnconditionally 487 -> 45
2022-10-18 03:54:59,461 [grpc-default-executor-3] WARN  server.GrpcLogAppender (LogUtils.java:warn(122)) - omNode-1@group-523986131536->omNode-3-AppendLogResponseHandler: Failed appendEntries: org.apache.ratis.thirdparty.io.grpc.StatusRuntimeException: UNAVAILABLE: io exception
2022-10-18 03:54:59,461 [grpc-default-executor-3] INFO  leader.FollowerInfo (FollowerInfoImpl.java:lambda$new$0(48)) - omNode-1@group-523986131536->omNode-3: nextIndex: updateUnconditionally 488 -> 45
2022-10-18 03:54:59,463 [grpc-default-executor-0] WARN  server.GrpcLogAppender (LogUtils.java:warn(122)) - omNode-1@group-523986131536->omNode-3-AppendLogResponseHandler: Failed appendEntries: org.apache.ratis.thirdparty.io.grpc.StatusRuntimeException: UNAVAILABLE: io exception
2022-10-18 03:54:59,463 [grpc-default-executor-0] INFO  leader.FollowerInfo (FollowerInfoImpl.java:lambda$new$0(48)) - omNode-1@group-523986131536->omNode-3: nextIndex: updateUnconditionally 488 -> 45
2022-10-18 03:54:59,465 [grpc-default-executor-1] WARN  server.GrpcLogAppender (LogUtils.java:warn(122)) - omNode-1@group-523986131536->omNode-3-AppendLogResponseHandler: Failed appendEntries: org.apache.ratis.thirdparty.io.grpc.StatusRuntimeException: UNAVAILABLE: io exception
2022-10-18 03:54:59,465 [grpc-default-executor-1] INFO  leader.FollowerInfo (FollowerInfoImpl.java:lambda$new$0(48)) - omNode-1@group-523986131536->omNode-3: nextIndex: updateUnconditionally 489 -> 45
2022-10-18 03:54:59,467 [grpc-default-executor-0] WARN  server.GrpcLogAppender (LogUtils.java:warn(122)) - omNode-1@group-523986131536->omNode-3-AppendLogResponseHandler: Failed appendEntries: org.apache.ratis.thirdparty.io.grpc.StatusRuntimeException: UNAVAILABLE: io exception
2022-10-18 03:54:59,467 [grpc-default-executor-0] INFO  leader.FollowerInfo (FollowerInfoImpl.java:lambda$new$0(48)) - omNode-1@group-523986131536->omNode-3: nextIndex: updateUnconditionally 489 -> 45
2022-10-18 03:54:59,469 [grpc-default-executor-0] WARN  server.GrpcLogAppender (LogUtils.java:warn(122)) - omNode-1@group-523986131536->omNode-3-AppendLogResponseHandler: Failed appendEntries: org.apache.ratis.thirdparty.io.grpc.StatusRuntimeException: UNAVAILABLE: io exception
2022-10-18 03:54:59,469 [grpc-default-executor-0] INFO  leader.FollowerInfo (FollowerInfoImpl.java:lambda$new$0(48)) - omNode-1@group-523986131536->omNode-3: nextIndex: updateUnconditionally 489 -> 45
2022-10-18 03:54:59,470 [grpc-default-executor-1] WARN  server.GrpcLogAppender (LogUtils.java:warn(122)) - omNode-1@group-523986131536->omNode-3-AppendLogResponseHandler: Failed appendEntries: org.apache.ratis.thirdparty.io.grpc.StatusRuntimeException: UNAVAILABLE: io exception
2022-10-18 03:54:59,470 [grpc-default-executor-1] INFO  leader.FollowerInfo (FollowerInfoImpl.java:lambda$new$0(48)) - omNode-1@group-523986131536->omNode-3: nextIndex: updateUnconditionally 490 -> 45
2022-10-18 03:54:59,475 [grpc-default-executor-0] WARN  server.GrpcLogAppender (LogUtils.java:warn(122)) - omNode-1@group-523986131536->omNode-3-AppendLogResponseHandler: Failed appendEntries: org.apache.ratis.thirdparty.io.grpc.StatusRuntimeException: UNAVAILABLE: io exception
2022-10-18 03:54:59,475 [grpc-default-executor-0] INFO  leader.FollowerInfo (FollowerInfoImpl.java:lambda$new$0(48)) - omNode-1@group-523986131536->omNode-3: nextIndex: updateUnconditionally 491 -> 45
2022-10-18 03:54:59,480 [grpc-default-executor-1] WARN  server.GrpcLogAppender (LogUtils.java:warn(122)) - omNode-1@group-523986131536->omNode-3-AppendLogResponseHandler: Failed appendEntries: org.apache.ratis.thirdparty.io.grpc.StatusRuntimeException: UNAVAILABLE: io exception
2022-10-18 03:54:59,480 [grpc-default-executor-1] INFO  leader.FollowerInfo (FollowerInfoImpl.java:lambda$new$0(48)) - omNode-1@group-523986131536->omNode-3: nextIndex: updateUnconditionally 491 -> 45
2022-10-18 03:54:59,485 [grpc-default-executor-1] WARN  server.GrpcLogAppender (LogUtils.java:warn(122)) - omNode-1@group-523986131536->omNode-3-AppendLogResponseHandler: Failed appendEntries: org.apache.ratis.thirdparty.io.grpc.StatusRuntimeException: UNAVAILABLE: io exception
2022-10-18 03:54:59,485 [grpc-default-executor-1] INFO  leader.FollowerInfo (FollowerInfoImpl.java:lambda$new$0(48)) - omNode-1@group-523986131536->omNode-3: nextIndex: updateUnconditionally 492 -> 45
2022-10-18 03:54:59,487 [grpc-default-executor-0] WARN  server.GrpcLogAppender (LogUtils.java:warn(122)) - omNode-1@group-523986131536->omNode-3-AppendLogResponseHandler: Failed appendEntries: org.apache.ratis.thirdparty.io.grpc.StatusRuntimeException: UNAVAILABLE: io exception
2022-10-18 03:54:59,487 [grpc-default-executor-0] INFO  leader.FollowerInfo (FollowerInfoImpl.java:lambda$new$0(48)) - omNode-1@group-523986131536->omNode-3: nextIndex: updateUnconditionally 492 -> 45
2022-10-18 03:54:59,488 [grpc-default-executor-1] WARN  server.GrpcLogAppender (LogUtils.java:warn(122)) - omNode-1@group-523986131536->omNode-3-AppendLogResponseHandler: Failed appendEntries: org.apache.ratis.thirdparty.io.grpc.StatusRuntimeException: UNAVAILABLE: io exception
2022-10-18 03:54:59,489 [grpc-default-executor-1] INFO  leader.FollowerInfo (FollowerInfoImpl.java:lambda$new$0(48)) - omNode-1@group-523986131536->omNode-3: nextIndex: updateUnconditionally 493 -> 45
2022-10-18 03:54:59,493 [grpc-default-executor-1] WARN  server.GrpcLogAppender (LogUtils.java:warn(122)) - omNode-1@group-523986131536->omNode-3-AppendLogResponseHandler: Failed appendEntries: org.apache.ratis.thirdparty.io.grpc.StatusRuntimeException: UNAVAILABLE: io exception
2022-10-18 03:54:59,494 [grpc-default-executor-1] INFO  leader.FollowerInfo (FollowerInfoImpl.java:lambda$new$0(48)) - omNode-1@group-523986131536->omNode-3: nextIndex: updateUnconditionally 494 -> 45
2022-10-18 03:54:59,497 [grpc-default-executor-0] WARN  server.GrpcLogAppender (LogUtils.java:warn(122)) - omNode-1@group-523986131536->omNode-3-AppendLogResponseHandler: Failed appendEntries: org.apache.ratis.thirdparty.io.grpc.StatusRuntimeException: UNAVAILABLE: io exception
2022-10-18 03:54:59,497 [grpc-default-executor-0] INFO  leader.FollowerInfo (FollowerInfoImpl.java:lambda$new$0(48)) - omNode-1@group-523986131536->omNode-3: nextIndex: updateUnconditionally 494 -> 45
2022-10-18 03:54:59,503 [grpc-default-executor-0] WARN  server.GrpcLogAppender (LogUtils.java:warn(122)) - omNode-1@group-523986131536->omNode-3-AppendLogResponseHandler: Failed appendEntries: org.apache.ratis.thirdparty.io.grpc.StatusRuntimeException: UNAVAILABLE: io exception
2022-10-18 03:54:59,503 [grpc-default-executor-0] INFO  leader.FollowerInfo (FollowerInfoImpl.java:lambda$new$0(48)) - omNode-1@group-523986131536->omNode-3: nextIndex: updateUnconditionally 495 -> 45
2022-10-18 03:54:59,508 [grpc-default-executor-0] WARN  server.GrpcLogAppender (LogUtils.java:warn(122)) - omNode-1@group-523986131536->omNode-3-AppendLogResponseHandler: Failed appendEntries: org.apache.ratis.thirdparty.io.grpc.StatusRuntimeException: UNAVAILABLE: io exception
2022-10-18 03:54:59,508 [grpc-default-executor-0] INFO  leader.FollowerInfo (FollowerInfoImpl.java:lambda$new$0(48)) - omNode-1@group-523986131536->omNode-3: nextIndex: updateUnconditionally 496 -> 45
2022-10-18 03:54:59,511 [grpc-default-executor-0] WARN  server.GrpcLogAppender (LogUtils.java:warn(122)) - omNode-1@group-523986131536->omNode-3-AppendLogResponseHandler: Failed appendEntries: org.apache.ratis.thirdparty.io.grpc.StatusRuntimeException: UNAVAILABLE: io exception
2022-10-18 03:54:59,511 [grpc-default-executor-0] INFO  leader.FollowerInfo (FollowerInfoImpl.java:lambda$new$0(48)) - omNode-1@group-523986131536->omNode-3: nextIndex: updateUnconditionally 496 -> 45
2022-10-18 03:54:59,514 [grpc-default-executor-0] WARN  server.GrpcLogAppender (LogUtils.java:warn(122)) - omNode-1@group-523986131536->omNode-3-AppendLogResponseHandler: Failed appendEntries: org.apache.ratis.thirdparty.io.grpc.StatusRuntimeException: UNAVAILABLE: io exception
2022-10-18 03:54:59,514 [grpc-default-executor-0] INFO  leader.FollowerInfo (FollowerInfoImpl.java:lambda$new$0(48)) - omNode-1@group-523986131536->omNode-3: nextIndex: updateUnconditionally 498 -> 45
2022-10-18 03:54:59,519 [grpc-default-executor-1] WARN  server.GrpcLogAppender (LogUtils.java:warn(122)) - omNode-1@group-523986131536->omNode-3-AppendLogResponseHandler: Failed appendEntries: org.apache.ratis.thirdparty.io.grpc.StatusRuntimeException: UNAVAILABLE: io exception
2022-10-18 03:54:59,520 [grpc-default-executor-1] INFO  leader.FollowerInfo (FollowerInfoImpl.java:lambda$new$0(48)) - omNode-1@group-523986131536->omNode-3: nextIndex: updateUnconditionally 498 -> 45
2022-10-18 03:54:59,528 [grpc-default-executor-0] WARN  server.GrpcLogAppender (LogUtils.java:warn(122)) - omNode-1@group-523986131536->omNode-3-AppendLogResponseHandler: Failed appendEntries: org.apache.ratis.thirdparty.io.grpc.StatusRuntimeException: UNAVAILABLE: io exception
2022-10-18 03:54:59,528 [grpc-default-executor-0] INFO  leader.FollowerInfo (FollowerInfoImpl.java:lambda$new$0(48)) - omNode-1@group-523986131536->omNode-3: nextIndex: updateUnconditionally 499 -> 45
2022-10-18 03:54:59,529 [grpc-default-executor-0] WARN  server.GrpcLogAppender (LogUtils.java:warn(122)) - omNode-1@group-523986131536->omNode-3-AppendLogResponseHandler: Failed appendEntries: org.apache.ratis.thirdparty.io.grpc.StatusRuntimeException: UNAVAILABLE: io exception
2022-10-18 03:54:59,530 [grpc-default-executor-0] INFO  leader.FollowerInfo (FollowerInfoImpl.java:lambda$new$0(48)) - omNode-1@group-523986131536->omNode-3: nextIndex: updateUnconditionally 499 -> 45
2022-10-18 03:54:59,530 [grpc-default-executor-0] WARN  server.GrpcLogAppender (LogUtils.java:warn(122)) - omNode-1@group-523986131536->omNode-3-AppendLogResponseHandler: Failed appendEntries: org.apache.ratis.thirdparty.io.grpc.StatusRuntimeException: UNAVAILABLE: io exception
2022-10-18 03:54:59,530 [grpc-default-executor-0] INFO  leader.FollowerInfo (FollowerInfoImpl.java:lambda$new$0(48)) - omNode-1@group-523986131536->omNode-3: nextIndex: updateUnconditionally 500 -> 45
2022-10-18 03:54:59,539 [grpc-default-executor-0] WARN  server.GrpcLogAppender (LogUtils.java:warn(122)) - omNode-1@group-523986131536->omNode-3-AppendLogResponseHandler: Failed appendEntries: org.apache.ratis.thirdparty.io.grpc.StatusRuntimeException: UNAVAILABLE: io exception
2022-10-18 03:54:59,539 [grpc-default-executor-0] INFO  leader.FollowerInfo (FollowerInfoImpl.java:lambda$new$0(48)) - omNode-1@group-523986131536->omNode-3: nextIndex: updateUnconditionally 500 -> 45
2022-10-18 03:54:59,540 [grpc-default-executor-3] WARN  server.GrpcLogAppender (LogUtils.java:warn(122)) - omNode-1@group-523986131536->omNode-3-AppendLogResponseHandler: Failed appendEntries: org.apache.ratis.thirdparty.io.grpc.StatusRuntimeException: UNAVAILABLE: io exception
2022-10-18 03:54:59,540 [grpc-default-executor-3] INFO  leader.FollowerInfo (FollowerInfoImpl.java:lambda$new$0(48)) - omNode-1@group-523986131536->omNode-3: nextIndex: updateUnconditionally 501 -> 45
2022-10-18 03:54:59,544 [grpc-default-executor-3] WARN  server.GrpcLogAppender (LogUtils.java:warn(122)) - omNode-1@group-523986131536->omNode-3-AppendLogResponseHandler: Failed appendEntries: org.apache.ratis.thirdparty.io.grpc.StatusRuntimeException: UNAVAILABLE: io exception
2022-10-18 03:54:59,544 [grpc-default-executor-3] INFO  leader.FollowerInfo (FollowerInfoImpl.java:lambda$new$0(48)) - omNode-1@group-523986131536->omNode-3: nextIndex: updateUnconditionally 502 -> 45
2022-10-18 03:54:59,547 [omNode-1@group-523986131536-StateMachineUpdater] INFO  ratis.OzoneManagerStateMachine (OzoneManagerStateMachine.java:takeSnapshot(441)) - Current Snapshot Index (t:1, i:500)
2022-10-18 03:54:59,547 [omNode-1@group-523986131536-StateMachineUpdater] INFO  impl.StateMachineUpdater (StateMachineUpdater.java:takeSnapshot(287)) - omNode-1@group-523986131536-StateMachineUpdater: Took a snapshot at index 500
2022-10-18 03:54:59,548 [omNode-1@group-523986131536-StateMachineUpdater] INFO  impl.StateMachineUpdater (StateMachineUpdater.java:lambda$new$0(92)) - omNode-1@group-523986131536-StateMachineUpdater: snapshotIndex: updateIncreasingly 450 -> 500
2022-10-18 03:54:59,548 [omNode-1@group-523986131536-StateMachineUpdater] INFO  raftlog.RaftLog (RaftLogBase.java:purge(308)) - omNode-1@group-523986131536-SegmentedRaftLog: purge 500
2022-10-18 03:54:59,548 [omNode-1@group-523986131536-StateMachineUpdater] INFO  raftlog.RaftLog (RaftLogBase.java:lambda$new$0(53)) - omNode-1@group-523986131536-SegmentedRaftLog: snapshotIndex: updateIncreasingly 450 -> 500
2022-10-18 03:54:59,548 [omNode-1@group-523986131536-StateMachineUpdater] INFO  raftlog.RaftLog (RaftLogBase.java:lambda$new$0(53)) - omNode-1@group-523986131536-SegmentedRaftLog: purgeIndex: updateToMax old=450, new=500, updated? true
2022-10-18 03:54:59,548 [grpc-default-executor-0] WARN  server.GrpcLogAppender (LogUtils.java:warn(122)) - omNode-1@group-523986131536->omNode-3-AppendLogResponseHandler: Failed appendEntries: org.apache.ratis.thirdparty.io.grpc.StatusRuntimeException: UNAVAILABLE: io exception
2022-10-18 03:54:59,548 [grpc-default-executor-0] INFO  leader.FollowerInfo (FollowerInfoImpl.java:lambda$new$0(48)) - omNode-1@group-523986131536->omNode-3: nextIndex: updateUnconditionally 502 -> 45
2022-10-18 03:54:59,552 [grpc-default-executor-0] WARN  server.GrpcLogAppender (LogUtils.java:warn(122)) - omNode-1@group-523986131536->omNode-3-AppendLogResponseHandler: Failed appendEntries: org.apache.ratis.thirdparty.io.grpc.StatusRuntimeException: UNAVAILABLE: io exception
2022-10-18 03:54:59,552 [grpc-default-executor-0] INFO  leader.FollowerInfo (FollowerInfoImpl.java:lambda$new$0(48)) - omNode-1@group-523986131536->omNode-3: nextIndex: updateUnconditionally 503 -> 45
2022-10-18 03:54:59,555 [grpc-default-executor-0] WARN  server.GrpcLogAppender (LogUtils.java:warn(122)) - omNode-1@group-523986131536->omNode-3-AppendLogResponseHandler: Failed appendEntries: org.apache.ratis.thirdparty.io.grpc.StatusRuntimeException: UNAVAILABLE: io exception
2022-10-18 03:54:59,556 [grpc-default-executor-0] INFO  leader.FollowerInfo (FollowerInfoImpl.java:lambda$new$0(48)) - omNode-1@group-523986131536->omNode-3: nextIndex: updateUnconditionally 503 -> 45
2022-10-18 03:54:59,560 [grpc-default-executor-1] WARN  server.GrpcLogAppender (LogUtils.java:warn(122)) - omNode-1@group-523986131536->omNode-3-AppendLogResponseHandler: Failed appendEntries: org.apache.ratis.thirdparty.io.grpc.StatusRuntimeException: UNAVAILABLE: io exception
2022-10-18 03:54:59,560 [grpc-default-executor-1] INFO  leader.FollowerInfo (FollowerInfoImpl.java:lambda$new$0(48)) - omNode-1@group-523986131536->omNode-3: nextIndex: updateUnconditionally 504 -> 45
2022-10-18 03:54:59,565 [grpc-default-executor-0] WARN  server.GrpcLogAppender (LogUtils.java:warn(122)) - omNode-1@group-523986131536->omNode-3-AppendLogResponseHandler: Failed appendEntries: org.apache.ratis.thirdparty.io.grpc.StatusRuntimeException: UNAVAILABLE: io exception
2022-10-18 03:54:59,565 [grpc-default-executor-0] INFO  leader.FollowerInfo (FollowerInfoImpl.java:lambda$new$0(48)) - omNode-1@group-523986131536->omNode-3: nextIndex: updateUnconditionally 505 -> 45
2022-10-18 03:54:59,567 [grpc-default-executor-1] WARN  server.GrpcLogAppender (LogUtils.java:warn(122)) - omNode-1@group-523986131536->omNode-3-AppendLogResponseHandler: Failed appendEntries: org.apache.ratis.thirdparty.io.grpc.StatusRuntimeException: UNAVAILABLE: io exception
2022-10-18 03:54:59,567 [grpc-default-executor-1] INFO  leader.FollowerInfo (FollowerInfoImpl.java:lambda$new$0(48)) - omNode-1@group-523986131536->omNode-3: nextIndex: updateUnconditionally 506 -> 45
2022-10-18 03:54:59,572 [grpc-default-executor-1] WARN  server.GrpcLogAppender (LogUtils.java:warn(122)) - omNode-1@group-523986131536->omNode-3-AppendLogResponseHandler: Failed appendEntries: org.apache.ratis.thirdparty.io.grpc.StatusRuntimeException: UNAVAILABLE: io exception
2022-10-18 03:54:59,572 [grpc-default-executor-1] INFO  leader.FollowerInfo (FollowerInfoImpl.java:lambda$new$0(48)) - omNode-1@group-523986131536->omNode-3: nextIndex: updateUnconditionally 506 -> 45
2022-10-18 03:54:59,576 [grpc-default-executor-1] WARN  server.GrpcLogAppender (LogUtils.java:warn(122)) - omNode-1@group-523986131536->omNode-3-AppendLogResponseHandler: Failed appendEntries: org.apache.ratis.thirdparty.io.grpc.StatusRuntimeException: UNAVAILABLE: io exception
2022-10-18 03:54:59,576 [grpc-default-executor-1] INFO  leader.FollowerInfo (FollowerInfoImpl.java:lambda$new$0(48)) - omNode-1@group-523986131536->omNode-3: nextIndex: updateUnconditionally 507 -> 45
2022-10-18 03:54:59,588 [grpc-default-executor-1] WARN  server.GrpcLogAppender (LogUtils.java:warn(122)) - omNode-1@group-523986131536->omNode-3-AppendLogResponseHandler: Failed appendEntries: org.apache.ratis.thirdparty.io.grpc.StatusRuntimeException: UNAVAILABLE: io exception
2022-10-18 03:54:59,588 [grpc-default-executor-1] INFO  leader.FollowerInfo (FollowerInfoImpl.java:lambda$new$0(48)) - omNode-1@group-523986131536->omNode-3: nextIndex: updateUnconditionally 507 -> 45
2022-10-18 03:54:59,596 [grpc-default-executor-0] WARN  server.GrpcLogAppender (LogUtils.java:warn(122)) - omNode-1@group-523986131536->omNode-3-AppendLogResponseHandler: Failed appendEntries: org.apache.ratis.thirdparty.io.grpc.StatusRuntimeException: UNAVAILABLE: io exception
2022-10-18 03:54:59,596 [grpc-default-executor-0] INFO  leader.FollowerInfo (FollowerInfoImpl.java:lambda$new$0(48)) - omNode-1@group-523986131536->omNode-3: nextIndex: updateUnconditionally 508 -> 45
2022-10-18 03:54:59,597 [omNode-2@group-523986131536-StateMachineUpdater] INFO  ratis.OzoneManagerStateMachine (OzoneManagerStateMachine.java:takeSnapshot(441)) - Current Snapshot Index (t:1, i:506)
2022-10-18 03:54:59,597 [omNode-2@group-523986131536-StateMachineUpdater] INFO  impl.StateMachineUpdater (StateMachineUpdater.java:takeSnapshot(287)) - omNode-2@group-523986131536-StateMachineUpdater: Took a snapshot at index 506
2022-10-18 03:54:59,597 [omNode-2@group-523986131536-StateMachineUpdater] INFO  impl.StateMachineUpdater (StateMachineUpdater.java:lambda$new$0(92)) - omNode-2@group-523986131536-StateMachineUpdater: snapshotIndex: updateIncreasingly 456 -> 506
2022-10-18 03:54:59,597 [omNode-2@group-523986131536-StateMachineUpdater] INFO  raftlog.RaftLog (RaftLogBase.java:purge(308)) - omNode-2@group-523986131536-SegmentedRaftLog: purge 506
2022-10-18 03:54:59,597 [omNode-2@group-523986131536-StateMachineUpdater] INFO  raftlog.RaftLog (RaftLogBase.java:lambda$new$0(53)) - omNode-2@group-523986131536-SegmentedRaftLog: snapshotIndex: updateIncreasingly 456 -> 506
2022-10-18 03:54:59,597 [omNode-2@group-523986131536-StateMachineUpdater] INFO  raftlog.RaftLog (RaftLogBase.java:lambda$new$0(53)) - omNode-2@group-523986131536-SegmentedRaftLog: purgeIndex: updateToMax old=456, new=506, updated? true
2022-10-18 03:54:59,599 [grpc-default-executor-0] WARN  server.GrpcLogAppender (LogUtils.java:warn(122)) - omNode-1@group-523986131536->omNode-3-AppendLogResponseHandler: Failed appendEntries: org.apache.ratis.thirdparty.io.grpc.StatusRuntimeException: UNAVAILABLE: io exception
2022-10-18 03:54:59,599 [grpc-default-executor-0] INFO  leader.FollowerInfo (FollowerInfoImpl.java:lambda$new$0(48)) - omNode-1@group-523986131536->omNode-3: nextIndex: updateUnconditionally 508 -> 45
2022-10-18 03:54:59,600 [grpc-default-executor-3] WARN  server.GrpcLogAppender (LogUtils.java:warn(122)) - omNode-1@group-523986131536->omNode-3-AppendLogResponseHandler: Failed appendEntries: org.apache.ratis.thirdparty.io.grpc.StatusRuntimeException: UNAVAILABLE: io exception
2022-10-18 03:54:59,600 [grpc-default-executor-3] INFO  leader.FollowerInfo (FollowerInfoImpl.java:lambda$new$0(48)) - omNode-1@group-523986131536->omNode-3: nextIndex: updateUnconditionally 509 -> 45
2022-10-18 03:54:59,604 [grpc-default-executor-0] WARN  server.GrpcLogAppender (LogUtils.java:warn(122)) - omNode-1@group-523986131536->omNode-3-AppendLogResponseHandler: Failed appendEntries: org.apache.ratis.thirdparty.io.grpc.StatusRuntimeException: UNAVAILABLE: io exception
2022-10-18 03:54:59,604 [grpc-default-executor-0] INFO  leader.FollowerInfo (FollowerInfoImpl.java:lambda$new$0(48)) - omNode-1@group-523986131536->omNode-3: nextIndex: updateUnconditionally 510 -> 45
2022-10-18 03:54:59,608 [grpc-default-executor-3] WARN  server.GrpcLogAppender (LogUtils.java:warn(122)) - omNode-1@group-523986131536->omNode-3-AppendLogResponseHandler: Failed appendEntries: org.apache.ratis.thirdparty.io.grpc.StatusRuntimeException: UNAVAILABLE: io exception
2022-10-18 03:54:59,608 [grpc-default-executor-3] INFO  leader.FollowerInfo (FollowerInfoImpl.java:lambda$new$0(48)) - omNode-1@group-523986131536->omNode-3: nextIndex: updateUnconditionally 510 -> 45
2022-10-18 03:54:59,609 [grpc-default-executor-1] WARN  server.GrpcLogAppender (LogUtils.java:warn(122)) - omNode-1@group-523986131536->omNode-3-AppendLogResponseHandler: Failed appendEntries: org.apache.ratis.thirdparty.io.grpc.StatusRuntimeException: UNAVAILABLE: io exception
2022-10-18 03:54:59,609 [grpc-default-executor-1] INFO  leader.FollowerInfo (FollowerInfoImpl.java:lambda$new$0(48)) - omNode-1@group-523986131536->omNode-3: nextIndex: updateUnconditionally 510 -> 45
2022-10-18 03:54:59,612 [grpc-default-executor-3] WARN  server.GrpcLogAppender (LogUtils.java:warn(122)) - omNode-1@group-523986131536->omNode-3-AppendLogResponseHandler: Failed appendEntries: org.apache.ratis.thirdparty.io.grpc.StatusRuntimeException: UNAVAILABLE: io exception
2022-10-18 03:54:59,612 [grpc-default-executor-3] INFO  leader.FollowerInfo (FollowerInfoImpl.java:lambda$new$0(48)) - omNode-1@group-523986131536->omNode-3: nextIndex: updateUnconditionally 511 -> 45
2022-10-18 03:54:59,619 [grpc-default-executor-1] WARN  server.GrpcLogAppender (LogUtils.java:warn(122)) - omNode-1@group-523986131536->omNode-3-AppendLogResponseHandler: Failed appendEntries: org.apache.ratis.thirdparty.io.grpc.StatusRuntimeException: UNAVAILABLE: io exception
2022-10-18 03:54:59,620 [grpc-default-executor-1] INFO  leader.FollowerInfo (FollowerInfoImpl.java:lambda$new$0(48)) - omNode-1@group-523986131536->omNode-3: nextIndex: updateUnconditionally 511 -> 45
2022-10-18 03:54:59,621 [grpc-default-executor-3] WARN  server.GrpcLogAppender (LogUtils.java:warn(122)) - omNode-1@group-523986131536->omNode-3-AppendLogResponseHandler: Failed appendEntries: org.apache.ratis.thirdparty.io.grpc.StatusRuntimeException: UNAVAILABLE: io exception
2022-10-18 03:54:59,621 [grpc-default-executor-3] INFO  leader.FollowerInfo (FollowerInfoImpl.java:lambda$new$0(48)) - omNode-1@group-523986131536->omNode-3: nextIndex: updateUnconditionally 511 -> 45
2022-10-18 03:54:59,626 [grpc-default-executor-3] WARN  server.GrpcLogAppender (LogUtils.java:warn(122)) - omNode-1@group-523986131536->omNode-3-AppendLogResponseHandler: Failed appendEntries: org.apache.ratis.thirdparty.io.grpc.StatusRuntimeException: UNAVAILABLE: io exception
2022-10-18 03:54:59,627 [grpc-default-executor-3] INFO  leader.FollowerInfo (FollowerInfoImpl.java:lambda$new$0(48)) - omNode-1@group-523986131536->omNode-3: nextIndex: updateUnconditionally 512 -> 45
2022-10-18 03:54:59,631 [grpc-default-executor-3] WARN  server.GrpcLogAppender (LogUtils.java:warn(122)) - omNode-1@group-523986131536->omNode-3-AppendLogResponseHandler: Failed appendEntries: org.apache.ratis.thirdparty.io.grpc.StatusRuntimeException: UNAVAILABLE: io exception
2022-10-18 03:54:59,631 [grpc-default-executor-3] INFO  leader.FollowerInfo (FollowerInfoImpl.java:lambda$new$0(48)) - omNode-1@group-523986131536->omNode-3: nextIndex: updateUnconditionally 514 -> 45
2022-10-18 03:54:59,636 [grpc-default-executor-3] WARN  server.GrpcLogAppender (LogUtils.java:warn(122)) - omNode-1@group-523986131536->omNode-3-AppendLogResponseHandler: Failed appendEntries: org.apache.ratis.thirdparty.io.grpc.StatusRuntimeException: UNAVAILABLE: io exception
2022-10-18 03:54:59,636 [grpc-default-executor-3] INFO  leader.FollowerInfo (FollowerInfoImpl.java:lambda$new$0(48)) - omNode-1@group-523986131536->omNode-3: nextIndex: updateUnconditionally 514 -> 45
2022-10-18 03:54:59,643 [grpc-default-executor-3] WARN  server.GrpcLogAppender (LogUtils.java:warn(122)) - omNode-1@group-523986131536->omNode-3-AppendLogResponseHandler: Failed appendEntries: org.apache.ratis.thirdparty.io.grpc.StatusRuntimeException: UNAVAILABLE: io exception
2022-10-18 03:54:59,643 [grpc-default-executor-3] INFO  leader.FollowerInfo (FollowerInfoImpl.java:lambda$new$0(48)) - omNode-1@group-523986131536->omNode-3: nextIndex: updateUnconditionally 515 -> 45
2022-10-18 03:54:59,649 [grpc-default-executor-1] WARN  server.GrpcLogAppender (LogUtils.java:warn(122)) - omNode-1@group-523986131536->omNode-3-AppendLogResponseHandler: Failed appendEntries: org.apache.ratis.thirdparty.io.grpc.StatusRuntimeException: UNAVAILABLE: io exception
2022-10-18 03:54:59,649 [grpc-default-executor-1] INFO  leader.FollowerInfo (FollowerInfoImpl.java:lambda$new$0(48)) - omNode-1@group-523986131536->omNode-3: nextIndex: updateUnconditionally 515 -> 45
2022-10-18 03:54:59,656 [grpc-default-executor-1] WARN  server.GrpcLogAppender (LogUtils.java:warn(122)) - omNode-1@group-523986131536->omNode-3-AppendLogResponseHandler: Failed appendEntries: org.apache.ratis.thirdparty.io.grpc.StatusRuntimeException: UNAVAILABLE: io exception
2022-10-18 03:54:59,656 [grpc-default-executor-1] INFO  leader.FollowerInfo (FollowerInfoImpl.java:lambda$new$0(48)) - omNode-1@group-523986131536->omNode-3: nextIndex: updateUnconditionally 516 -> 45
2022-10-18 03:54:59,662 [grpc-default-executor-1] WARN  server.GrpcLogAppender (LogUtils.java:warn(122)) - omNode-1@group-523986131536->omNode-3-AppendLogResponseHandler: Failed appendEntries: org.apache.ratis.thirdparty.io.grpc.StatusRuntimeException: UNAVAILABLE: io exception
2022-10-18 03:54:59,662 [grpc-default-executor-1] INFO  leader.FollowerInfo (FollowerInfoImpl.java:lambda$new$0(48)) - omNode-1@group-523986131536->omNode-3: nextIndex: updateUnconditionally 516 -> 45
2022-10-18 03:54:59,667 [grpc-default-executor-3] WARN  server.GrpcLogAppender (LogUtils.java:warn(122)) - omNode-1@group-523986131536->omNode-3-AppendLogResponseHandler: Failed appendEntries: org.apache.ratis.thirdparty.io.grpc.StatusRuntimeException: UNAVAILABLE: io exception
2022-10-18 03:54:59,667 [grpc-default-executor-3] INFO  leader.FollowerInfo (FollowerInfoImpl.java:lambda$new$0(48)) - omNode-1@group-523986131536->omNode-3: nextIndex: updateUnconditionally 517 -> 45
2022-10-18 03:54:59,669 [grpc-default-executor-1] WARN  server.GrpcLogAppender (LogUtils.java:warn(122)) - omNode-1@group-523986131536->omNode-3-AppendLogResponseHandler: Failed appendEntries: org.apache.ratis.thirdparty.io.grpc.StatusRuntimeException: UNAVAILABLE: io exception
2022-10-18 03:54:59,669 [grpc-default-executor-1] INFO  leader.FollowerInfo (FollowerInfoImpl.java:lambda$new$0(48)) - omNode-1@group-523986131536->omNode-3: nextIndex: updateUnconditionally 517 -> 45
2022-10-18 03:54:59,671 [grpc-default-executor-3] WARN  server.GrpcLogAppender (LogUtils.java:warn(122)) - omNode-1@group-523986131536->omNode-3-AppendLogResponseHandler: Failed appendEntries: org.apache.ratis.thirdparty.io.grpc.StatusRuntimeException: UNAVAILABLE: io exception
2022-10-18 03:54:59,671 [grpc-default-executor-3] INFO  leader.FollowerInfo (FollowerInfoImpl.java:lambda$new$0(48)) - omNode-1@group-523986131536->omNode-3: nextIndex: updateUnconditionally 518 -> 45
2022-10-18 03:54:59,675 [grpc-default-executor-1] WARN  server.GrpcLogAppender (LogUtils.java:warn(122)) - omNode-1@group-523986131536->omNode-3-AppendLogResponseHandler: Failed appendEntries: org.apache.ratis.thirdparty.io.grpc.StatusRuntimeException: UNAVAILABLE: io exception
2022-10-18 03:54:59,676 [grpc-default-executor-1] INFO  leader.FollowerInfo (FollowerInfoImpl.java:lambda$new$0(48)) - omNode-1@group-523986131536->omNode-3: nextIndex: updateUnconditionally 518 -> 45
2022-10-18 03:54:59,682 [grpc-default-executor-3] WARN  server.GrpcLogAppender (LogUtils.java:warn(122)) - omNode-1@group-523986131536->omNode-3-AppendLogResponseHandler: Failed appendEntries: org.apache.ratis.thirdparty.io.grpc.StatusRuntimeException: UNAVAILABLE: io exception
2022-10-18 03:54:59,683 [grpc-default-executor-3] INFO  leader.FollowerInfo (FollowerInfoImpl.java:lambda$new$0(48)) - omNode-1@group-523986131536->omNode-3: nextIndex: updateUnconditionally 519 -> 45
2022-10-18 03:54:59,687 [grpc-default-executor-3] WARN  server.GrpcLogAppender (LogUtils.java:warn(122)) - omNode-1@group-523986131536->omNode-3-AppendLogResponseHandler: Failed appendEntries: org.apache.ratis.thirdparty.io.grpc.StatusRuntimeException: UNAVAILABLE: io exception
2022-10-18 03:54:59,687 [grpc-default-executor-3] INFO  leader.FollowerInfo (FollowerInfoImpl.java:lambda$new$0(48)) - omNode-1@group-523986131536->omNode-3: nextIndex: updateUnconditionally 520 -> 45
2022-10-18 03:54:59,689 [grpc-default-executor-1] WARN  server.GrpcLogAppender (LogUtils.java:warn(122)) - omNode-1@group-523986131536->omNode-3-AppendLogResponseHandler: Failed appendEntries: org.apache.ratis.thirdparty.io.grpc.StatusRuntimeException: UNAVAILABLE: io exception
2022-10-18 03:54:59,689 [grpc-default-executor-1] INFO  leader.FollowerInfo (FollowerInfoImpl.java:lambda$new$0(48)) - omNode-1@group-523986131536->omNode-3: nextIndex: updateUnconditionally 521 -> 45
2022-10-18 03:54:59,693 [grpc-default-executor-3] WARN  server.GrpcLogAppender (LogUtils.java:warn(122)) - omNode-1@group-523986131536->omNode-3-AppendLogResponseHandler: Failed appendEntries: org.apache.ratis.thirdparty.io.grpc.StatusRuntimeException: UNAVAILABLE: io exception
2022-10-18 03:54:59,693 [grpc-default-executor-3] INFO  leader.FollowerInfo (FollowerInfoImpl.java:lambda$new$0(48)) - omNode-1@group-523986131536->omNode-3: nextIndex: updateUnconditionally 522 -> 45
2022-10-18 03:54:59,694 [grpc-default-executor-1] WARN  server.GrpcLogAppender (LogUtils.java:warn(122)) - omNode-1@group-523986131536->omNode-3-AppendLogResponseHandler: Failed appendEntries: org.apache.ratis.thirdparty.io.grpc.StatusRuntimeException: UNAVAILABLE: io exception
2022-10-18 03:54:59,695 [grpc-default-executor-1] INFO  leader.FollowerInfo (FollowerInfoImpl.java:lambda$new$0(48)) - omNode-1@group-523986131536->omNode-3: nextIndex: updateUnconditionally 522 -> 45
2022-10-18 03:54:59,698 [grpc-default-executor-1] WARN  server.GrpcLogAppender (LogUtils.java:warn(122)) - omNode-1@group-523986131536->omNode-3-AppendLogResponseHandler: Failed appendEntries: org.apache.ratis.thirdparty.io.grpc.StatusRuntimeException: UNAVAILABLE: io exception
2022-10-18 03:54:59,698 [grpc-default-executor-1] INFO  leader.FollowerInfo (FollowerInfoImpl.java:lambda$new$0(48)) - omNode-1@group-523986131536->omNode-3: nextIndex: updateUnconditionally 523 -> 45
2022-10-18 03:54:59,704 [grpc-default-executor-1] WARN  server.GrpcLogAppender (LogUtils.java:warn(122)) - omNode-1@group-523986131536->omNode-3-AppendLogResponseHandler: Failed appendEntries: org.apache.ratis.thirdparty.io.grpc.StatusRuntimeException: UNAVAILABLE: io exception
2022-10-18 03:54:59,705 [grpc-default-executor-1] INFO  leader.FollowerInfo (FollowerInfoImpl.java:lambda$new$0(48)) - omNode-1@group-523986131536->omNode-3: nextIndex: updateUnconditionally 523 -> 45
2022-10-18 03:54:59,706 [grpc-default-executor-1] WARN  server.GrpcLogAppender (LogUtils.java:warn(122)) - omNode-1@group-523986131536->omNode-3-AppendLogResponseHandler: Failed appendEntries: org.apache.ratis.thirdparty.io.grpc.StatusRuntimeException: UNAVAILABLE: io exception
2022-10-18 03:54:59,706 [grpc-default-executor-1] INFO  leader.FollowerInfo (FollowerInfoImpl.java:lambda$new$0(48)) - omNode-1@group-523986131536->omNode-3: nextIndex: updateUnconditionally 523 -> 45
2022-10-18 03:54:59,710 [grpc-default-executor-3] WARN  server.GrpcLogAppender (LogUtils.java:warn(122)) - omNode-1@group-523986131536->omNode-3-AppendLogResponseHandler: Failed appendEntries: org.apache.ratis.thirdparty.io.grpc.StatusRuntimeException: UNAVAILABLE: io exception
2022-10-18 03:54:59,710 [grpc-default-executor-3] INFO  leader.FollowerInfo (FollowerInfoImpl.java:lambda$new$0(48)) - omNode-1@group-523986131536->omNode-3: nextIndex: updateUnconditionally 524 -> 45
2022-10-18 03:54:59,725 [grpc-default-executor-1] WARN  server.GrpcLogAppender (LogUtils.java:warn(122)) - omNode-1@group-523986131536->omNode-3-AppendLogResponseHandler: Failed appendEntries: org.apache.ratis.thirdparty.io.grpc.StatusRuntimeException: UNAVAILABLE: io exception
2022-10-18 03:54:59,725 [grpc-default-executor-1] INFO  leader.FollowerInfo (FollowerInfoImpl.java:lambda$new$0(48)) - omNode-1@group-523986131536->omNode-3: nextIndex: updateUnconditionally 524 -> 45
2022-10-18 03:54:59,730 [grpc-default-executor-1] WARN  server.GrpcLogAppender (LogUtils.java:warn(122)) - omNode-1@group-523986131536->omNode-3-AppendLogResponseHandler: Failed appendEntries: org.apache.ratis.thirdparty.io.grpc.StatusRuntimeException: UNAVAILABLE: io exception
2022-10-18 03:54:59,731 [grpc-default-executor-1] INFO  leader.FollowerInfo (FollowerInfoImpl.java:lambda$new$0(48)) - omNode-1@group-523986131536->omNode-3: nextIndex: updateUnconditionally 526 -> 45
2022-10-18 03:54:59,736 [grpc-default-executor-1] WARN  server.GrpcLogAppender (LogUtils.java:warn(122)) - omNode-1@group-523986131536->omNode-3-AppendLogResponseHandler: Failed appendEntries: org.apache.ratis.thirdparty.io.grpc.StatusRuntimeException: UNAVAILABLE: io exception
2022-10-18 03:54:59,736 [grpc-default-executor-1] INFO  leader.FollowerInfo (FollowerInfoImpl.java:lambda$new$0(48)) - omNode-1@group-523986131536->omNode-3: nextIndex: updateUnconditionally 526 -> 45
2022-10-18 03:54:59,746 [grpc-default-executor-1] WARN  server.GrpcLogAppender (LogUtils.java:warn(122)) - omNode-1@group-523986131536->omNode-3-AppendLogResponseHandler: Failed appendEntries: org.apache.ratis.thirdparty.io.grpc.StatusRuntimeException: UNAVAILABLE: io exception
2022-10-18 03:54:59,746 [grpc-default-executor-1] INFO  leader.FollowerInfo (FollowerInfoImpl.java:lambda$new$0(48)) - omNode-1@group-523986131536->omNode-3: nextIndex: updateUnconditionally 527 -> 45
2022-10-18 03:54:59,752 [grpc-default-executor-3] WARN  server.GrpcLogAppender (LogUtils.java:warn(122)) - omNode-1@group-523986131536->omNode-3-AppendLogResponseHandler: Failed appendEntries: org.apache.ratis.thirdparty.io.grpc.StatusRuntimeException: UNAVAILABLE: io exception
2022-10-18 03:54:59,753 [grpc-default-executor-3] INFO  leader.FollowerInfo (FollowerInfoImpl.java:lambda$new$0(48)) - omNode-1@group-523986131536->omNode-3: nextIndex: updateUnconditionally 527 -> 45
2022-10-18 03:54:59,754 [grpc-default-executor-1] WARN  server.GrpcLogAppender (LogUtils.java:warn(122)) - omNode-1@group-523986131536->omNode-3-AppendLogResponseHandler: Failed appendEntries: org.apache.ratis.thirdparty.io.grpc.StatusRuntimeException: UNAVAILABLE: io exception
2022-10-18 03:54:59,754 [grpc-default-executor-1] INFO  leader.FollowerInfo (FollowerInfoImpl.java:lambda$new$0(48)) - omNode-1@group-523986131536->omNode-3: nextIndex: updateUnconditionally 528 -> 45
2022-10-18 03:54:59,758 [grpc-default-executor-3] WARN  server.GrpcLogAppender (LogUtils.java:warn(122)) - omNode-1@group-523986131536->omNode-3-AppendLogResponseHandler: Failed appendEntries: org.apache.ratis.thirdparty.io.grpc.StatusRuntimeException: UNAVAILABLE: io exception
2022-10-18 03:54:59,758 [grpc-default-executor-3] INFO  leader.FollowerInfo (FollowerInfoImpl.java:lambda$new$0(48)) - omNode-1@group-523986131536->omNode-3: nextIndex: updateUnconditionally 529 -> 45
2022-10-18 03:54:59,762 [grpc-default-executor-3] WARN  server.GrpcLogAppender (LogUtils.java:warn(122)) - omNode-1@group-523986131536->omNode-3-AppendLogResponseHandler: Failed appendEntries: org.apache.ratis.thirdparty.io.grpc.StatusRuntimeException: UNAVAILABLE: io exception
2022-10-18 03:54:59,762 [grpc-default-executor-3] INFO  leader.FollowerInfo (FollowerInfoImpl.java:lambda$new$0(48)) - omNode-1@group-523986131536->omNode-3: nextIndex: updateUnconditionally 530 -> 45
2022-10-18 03:54:59,765 [grpc-default-executor-3] WARN  server.GrpcLogAppender (LogUtils.java:warn(122)) - omNode-1@group-523986131536->omNode-3-AppendLogResponseHandler: Failed appendEntries: org.apache.ratis.thirdparty.io.grpc.StatusRuntimeException: UNAVAILABLE: io exception
2022-10-18 03:54:59,765 [grpc-default-executor-3] INFO  leader.FollowerInfo (FollowerInfoImpl.java:lambda$new$0(48)) - omNode-1@group-523986131536->omNode-3: nextIndex: updateUnconditionally 530 -> 45
2022-10-18 03:54:59,769 [grpc-default-executor-1] WARN  server.GrpcLogAppender (LogUtils.java:warn(122)) - omNode-1@group-523986131536->omNode-3-AppendLogResponseHandler: Failed appendEntries: org.apache.ratis.thirdparty.io.grpc.StatusRuntimeException: UNAVAILABLE: io exception
2022-10-18 03:54:59,770 [grpc-default-executor-1] INFO  leader.FollowerInfo (FollowerInfoImpl.java:lambda$new$0(48)) - omNode-1@group-523986131536->omNode-3: nextIndex: updateUnconditionally 531 -> 45
2022-10-18 03:54:59,778 [grpc-default-executor-3] WARN  server.GrpcLogAppender (LogUtils.java:warn(122)) - omNode-1@group-523986131536->omNode-3-AppendLogResponseHandler: Failed appendEntries: org.apache.ratis.thirdparty.io.grpc.StatusRuntimeException: UNAVAILABLE: io exception
2022-10-18 03:54:59,778 [grpc-default-executor-3] INFO  leader.FollowerInfo (FollowerInfoImpl.java:lambda$new$0(48)) - omNode-1@group-523986131536->omNode-3: nextIndex: updateUnconditionally 531 -> 45
2022-10-18 03:54:59,782 [grpc-default-executor-3] WARN  server.GrpcLogAppender (LogUtils.java:warn(122)) - omNode-1@group-523986131536->omNode-3-AppendLogResponseHandler: Failed appendEntries: org.apache.ratis.thirdparty.io.grpc.StatusRuntimeException: UNAVAILABLE: io exception
2022-10-18 03:54:59,783 [grpc-default-executor-3] INFO  leader.FollowerInfo (FollowerInfoImpl.java:lambda$new$0(48)) - omNode-1@group-523986131536->omNode-3: nextIndex: updateUnconditionally 532 -> 45
2022-10-18 03:54:59,785 [grpc-default-executor-1] WARN  server.GrpcLogAppender (LogUtils.java:warn(122)) - omNode-1@group-523986131536->omNode-3-AppendLogResponseHandler: Failed appendEntries: org.apache.ratis.thirdparty.io.grpc.StatusRuntimeException: UNAVAILABLE: io exception
2022-10-18 03:54:59,785 [grpc-default-executor-1] INFO  leader.FollowerInfo (FollowerInfoImpl.java:lambda$new$0(48)) - omNode-1@group-523986131536->omNode-3: nextIndex: updateUnconditionally 532 -> 45
2022-10-18 03:54:59,790 [grpc-default-executor-1] WARN  server.GrpcLogAppender (LogUtils.java:warn(122)) - omNode-1@group-523986131536->omNode-3-AppendLogResponseHandler: Failed appendEntries: org.apache.ratis.thirdparty.io.grpc.StatusRuntimeException: UNAVAILABLE: io exception
2022-10-18 03:54:59,790 [grpc-default-executor-1] INFO  leader.FollowerInfo (FollowerInfoImpl.java:lambda$new$0(48)) - omNode-1@group-523986131536->omNode-3: nextIndex: updateUnconditionally 534 -> 45
2022-10-18 03:54:59,795 [grpc-default-executor-3] WARN  server.GrpcLogAppender (LogUtils.java:warn(122)) - omNode-1@group-523986131536->omNode-3-AppendLogResponseHandler: Failed appendEntries: org.apache.ratis.thirdparty.io.grpc.StatusRuntimeException: UNAVAILABLE: io exception
2022-10-18 03:54:59,795 [grpc-default-executor-3] INFO  leader.FollowerInfo (FollowerInfoImpl.java:lambda$new$0(48)) - omNode-1@group-523986131536->omNode-3: nextIndex: updateUnconditionally 534 -> 45
2022-10-18 03:54:59,800 [grpc-default-executor-1] WARN  server.GrpcLogAppender (LogUtils.java:warn(122)) - omNode-1@group-523986131536->omNode-3-AppendLogResponseHandler: Failed appendEntries: org.apache.ratis.thirdparty.io.grpc.StatusRuntimeException: UNAVAILABLE: io exception
2022-10-18 03:54:59,800 [grpc-default-executor-1] INFO  leader.FollowerInfo (FollowerInfoImpl.java:lambda$new$0(48)) - omNode-1@group-523986131536->omNode-3: nextIndex: updateUnconditionally 535 -> 45
2022-10-18 03:54:59,804 [grpc-default-executor-3] WARN  server.GrpcLogAppender (LogUtils.java:warn(122)) - omNode-1@group-523986131536->omNode-3-AppendLogResponseHandler: Failed appendEntries: org.apache.ratis.thirdparty.io.grpc.StatusRuntimeException: UNAVAILABLE: io exception
2022-10-18 03:54:59,805 [grpc-default-executor-3] INFO  leader.FollowerInfo (FollowerInfoImpl.java:lambda$new$0(48)) - omNode-1@group-523986131536->omNode-3: nextIndex: updateUnconditionally 536 -> 45
2022-10-18 03:54:59,808 [grpc-default-executor-1] WARN  server.GrpcLogAppender (LogUtils.java:warn(122)) - omNode-1@group-523986131536->omNode-3-AppendLogResponseHandler: Failed appendEntries: org.apache.ratis.thirdparty.io.grpc.StatusRuntimeException: UNAVAILABLE: io exception
2022-10-18 03:54:59,808 [grpc-default-executor-1] INFO  leader.FollowerInfo (FollowerInfoImpl.java:lambda$new$0(48)) - omNode-1@group-523986131536->omNode-3: nextIndex: updateUnconditionally 537 -> 45
2022-10-18 03:54:59,812 [grpc-default-executor-1] WARN  server.GrpcLogAppender (LogUtils.java:warn(122)) - omNode-1@group-523986131536->omNode-3-AppendLogResponseHandler: Failed appendEntries: org.apache.ratis.thirdparty.io.grpc.StatusRuntimeException: UNAVAILABLE: io exception
2022-10-18 03:54:59,813 [grpc-default-executor-1] INFO  leader.FollowerInfo (FollowerInfoImpl.java:lambda$new$0(48)) - omNode-1@group-523986131536->omNode-3: nextIndex: updateUnconditionally 538 -> 45
2022-10-18 03:54:59,819 [grpc-default-executor-1] WARN  server.GrpcLogAppender (LogUtils.java:warn(122)) - omNode-1@group-523986131536->omNode-3-AppendLogResponseHandler: Failed appendEntries: org.apache.ratis.thirdparty.io.grpc.StatusRuntimeException: UNAVAILABLE: io exception
2022-10-18 03:54:59,819 [grpc-default-executor-1] INFO  leader.FollowerInfo (FollowerInfoImpl.java:lambda$new$0(48)) - omNode-1@group-523986131536->omNode-3: nextIndex: updateUnconditionally 538 -> 45
2022-10-18 03:54:59,823 [grpc-default-executor-1] WARN  server.GrpcLogAppender (LogUtils.java:warn(122)) - omNode-1@group-523986131536->omNode-3-AppendLogResponseHandler: Failed appendEntries: org.apache.ratis.thirdparty.io.grpc.StatusRuntimeException: UNAVAILABLE: io exception
2022-10-18 03:54:59,823 [grpc-default-executor-1] INFO  leader.FollowerInfo (FollowerInfoImpl.java:lambda$new$0(48)) - omNode-1@group-523986131536->omNode-3: nextIndex: updateUnconditionally 539 -> 45
2022-10-18 03:54:59,833 [grpc-default-executor-1] WARN  server.GrpcLogAppender (LogUtils.java:warn(122)) - omNode-1@group-523986131536->omNode-3-AppendLogResponseHandler: Failed appendEntries: org.apache.ratis.thirdparty.io.grpc.StatusRuntimeException: UNAVAILABLE: io exception
2022-10-18 03:54:59,833 [grpc-default-executor-1] INFO  leader.FollowerInfo (FollowerInfoImpl.java:lambda$new$0(48)) - omNode-1@group-523986131536->omNode-3: nextIndex: updateUnconditionally 539 -> 45
2022-10-18 03:54:59,839 [grpc-default-executor-3] WARN  server.GrpcLogAppender (LogUtils.java:warn(122)) - omNode-1@group-523986131536->omNode-3-AppendLogResponseHandler: Failed appendEntries: org.apache.ratis.thirdparty.io.grpc.StatusRuntimeException: UNAVAILABLE: io exception
2022-10-18 03:54:59,840 [grpc-default-executor-3] INFO  leader.FollowerInfo (FollowerInfoImpl.java:lambda$new$0(48)) - omNode-1@group-523986131536->omNode-3: nextIndex: updateUnconditionally 540 -> 45
2022-10-18 03:54:59,850 [grpc-default-executor-1] WARN  server.GrpcLogAppender (LogUtils.java:warn(122)) - omNode-1@group-523986131536->omNode-3-AppendLogResponseHandler: Failed appendEntries: org.apache.ratis.thirdparty.io.grpc.StatusRuntimeException: UNAVAILABLE: io exception
2022-10-18 03:54:59,850 [grpc-default-executor-1] INFO  leader.FollowerInfo (FollowerInfoImpl.java:lambda$new$0(48)) - omNode-1@group-523986131536->omNode-3: nextIndex: updateUnconditionally 541 -> 45
2022-10-18 03:54:59,854 [grpc-default-executor-3] WARN  server.GrpcLogAppender (LogUtils.java:warn(122)) - omNode-1@group-523986131536->omNode-3-AppendLogResponseHandler: Failed appendEntries: org.apache.ratis.thirdparty.io.grpc.StatusRuntimeException: UNAVAILABLE: io exception
2022-10-18 03:54:59,854 [grpc-default-executor-3] INFO  leader.FollowerInfo (FollowerInfoImpl.java:lambda$new$0(48)) - omNode-1@group-523986131536->omNode-3: nextIndex: updateUnconditionally 542 -> 45
2022-10-18 03:54:59,860 [grpc-default-executor-1] WARN  server.GrpcLogAppender (LogUtils.java:warn(122)) - omNode-1@group-523986131536->omNode-3-AppendLogResponseHandler: Failed appendEntries: org.apache.ratis.thirdparty.io.grpc.StatusRuntimeException: UNAVAILABLE: io exception
2022-10-18 03:54:59,860 [grpc-default-executor-1] INFO  leader.FollowerInfo (FollowerInfoImpl.java:lambda$new$0(48)) - omNode-1@group-523986131536->omNode-3: nextIndex: updateUnconditionally 542 -> 45
2022-10-18 03:54:59,861 [grpc-default-executor-3] WARN  server.GrpcLogAppender (LogUtils.java:warn(122)) - omNode-1@group-523986131536->omNode-3-AppendLogResponseHandler: Failed appendEntries: org.apache.ratis.thirdparty.io.grpc.StatusRuntimeException: UNAVAILABLE: io exception
2022-10-18 03:54:59,861 [grpc-default-executor-3] INFO  leader.FollowerInfo (FollowerInfoImpl.java:lambda$new$0(48)) - omNode-1@group-523986131536->omNode-3: nextIndex: updateUnconditionally 542 -> 45
2022-10-18 03:54:59,863 [grpc-default-executor-3] WARN  server.GrpcLogAppender (LogUtils.java:warn(122)) - omNode-1@group-523986131536->omNode-3-AppendLogResponseHandler: Failed appendEntries: org.apache.ratis.thirdparty.io.grpc.StatusRuntimeException: UNAVAILABLE: io exception
2022-10-18 03:54:59,863 [grpc-default-executor-3] INFO  leader.FollowerInfo (FollowerInfoImpl.java:lambda$new$0(48)) - omNode-1@group-523986131536->omNode-3: nextIndex: updateUnconditionally 543 -> 45
2022-10-18 03:54:59,868 [grpc-default-executor-1] WARN  server.GrpcLogAppender (LogUtils.java:warn(122)) - omNode-1@group-523986131536->omNode-3-AppendLogResponseHandler: Failed appendEntries: org.apache.ratis.thirdparty.io.grpc.StatusRuntimeException: UNAVAILABLE: io exception
2022-10-18 03:54:59,868 [grpc-default-executor-1] INFO  leader.FollowerInfo (FollowerInfoImpl.java:lambda$new$0(48)) - omNode-1@group-523986131536->omNode-3: nextIndex: updateUnconditionally 543 -> 45
2022-10-18 03:54:59,872 [grpc-default-executor-3] WARN  server.GrpcLogAppender (LogUtils.java:warn(122)) - omNode-1@group-523986131536->omNode-3-AppendLogResponseHandler: Failed appendEntries: org.apache.ratis.thirdparty.io.grpc.StatusRuntimeException: UNAVAILABLE: io exception
2022-10-18 03:54:59,872 [grpc-default-executor-3] INFO  leader.FollowerInfo (FollowerInfoImpl.java:lambda$new$0(48)) - omNode-1@group-523986131536->omNode-3: nextIndex: updateUnconditionally 544 -> 45
2022-10-18 03:54:59,879 [grpc-default-executor-3] WARN  server.GrpcLogAppender (LogUtils.java:warn(122)) - omNode-1@group-523986131536->omNode-3-AppendLogResponseHandler: Failed appendEntries: org.apache.ratis.thirdparty.io.grpc.StatusRuntimeException: UNAVAILABLE: io exception
2022-10-18 03:54:59,879 [grpc-default-executor-3] INFO  leader.FollowerInfo (FollowerInfoImpl.java:lambda$new$0(48)) - omNode-1@group-523986131536->omNode-3: nextIndex: updateUnconditionally 544 -> 45
2022-10-18 03:54:59,882 [Listener at 127.0.0.1/35839] INFO  om.OzoneManager (OzoneManager.java:restart(1571)) - OzoneManager RPC server is listening at localhost/127.0.0.1:35839
2022-10-18 03:54:59,882 [Listener at 127.0.0.1/35839] INFO  impl.MetricsSystemImpl (MetricsSystemImpl.java:init(158)) - OzoneManager metrics system started (again)
2022-10-18 03:54:59,889 [grpc-default-executor-1] WARN  server.GrpcLogAppender (LogUtils.java:warn(122)) - omNode-1@group-523986131536->omNode-3-AppendLogResponseHandler: Failed appendEntries: org.apache.ratis.thirdparty.io.grpc.StatusRuntimeException: UNAVAILABLE: io exception
2022-10-18 03:54:59,889 [grpc-default-executor-1] INFO  leader.FollowerInfo (FollowerInfoImpl.java:lambda$new$0(48)) - omNode-1@group-523986131536->omNode-3: nextIndex: updateUnconditionally 545 -> 45
2022-10-18 03:54:59,897 [Listener at 127.0.0.1/35839] WARN  server.ServerUtils (ServerUtils.java:getDBPath(225)) - ozone.om.db.dirs is not configured. We recommend adding this setting. Falling back to ozone.metadata.dirs instead.
2022-10-18 03:54:59,897 [Listener at 127.0.0.1/35839] INFO  codec.OmKeyInfoCodec (OmKeyInfoCodec.java:<init>(49)) - OmKeyInfoCodec ignorePipeline = true
2022-10-18 03:54:59,897 [Listener at 127.0.0.1/35839] INFO  codec.RepeatedOmKeyInfoCodec (RepeatedOmKeyInfoCodec.java:<init>(41)) - RepeatedOmKeyInfoCodec ignorePipeline = true
2022-10-18 03:54:59,899 [grpc-default-executor-1] WARN  server.GrpcLogAppender (LogUtils.java:warn(122)) - omNode-1@group-523986131536->omNode-3-AppendLogResponseHandler: Failed appendEntries: org.apache.ratis.thirdparty.io.grpc.StatusRuntimeException: UNAVAILABLE: io exception
2022-10-18 03:54:59,900 [grpc-default-executor-1] INFO  leader.FollowerInfo (FollowerInfoImpl.java:lambda$new$0(48)) - omNode-1@group-523986131536->omNode-3: nextIndex: updateUnconditionally 545 -> 45
2022-10-18 03:54:59,900 [grpc-default-executor-3] WARN  server.GrpcLogAppender (LogUtils.java:warn(122)) - omNode-1@group-523986131536->omNode-3-AppendLogResponseHandler: Failed appendEntries: org.apache.ratis.thirdparty.io.grpc.StatusRuntimeException: UNAVAILABLE: io exception
2022-10-18 03:54:59,901 [grpc-default-executor-3] INFO  leader.FollowerInfo (FollowerInfoImpl.java:lambda$new$0(48)) - omNode-1@group-523986131536->omNode-3: nextIndex: updateUnconditionally 545 -> 45
2022-10-18 03:54:59,947 [Listener at 127.0.0.1/35839] INFO  om.OzoneManager (OzoneManager.java:instantiateServices(712)) - S3 Multi-Tenancy is disabled
2022-10-18 03:54:59,948 [Listener at 127.0.0.1/35839] WARN  server.ServerUtils (ServerUtils.java:getDefaultRatisDirectory(237)) - Storage directory for Ratis is not configured. It is a good idea to map this to an SSD disk. Falling back to ozone.metadata.dirs
2022-10-18 03:54:59,949 [Listener at 127.0.0.1/35839] INFO  ratis.OzoneManagerRatisServer (OzoneManagerRatisServer.java:<init>(160)) - Instantiating OM Ratis server with groupID: om-service-test1 and peers: localhost:37031, localhost:38839, localhost:42171
2022-10-18 03:54:59,949 [Listener at 127.0.0.1/35839] INFO  ratis.OzoneManagerStateMachine (OzoneManagerStateMachine.java:loadSnapshotInfoFromDB(632)) - LastAppliedIndex is set from TransactionInfo from OM DB as (t:1, i:43)
2022-10-18 03:54:59,950 [Listener at 127.0.0.1/35839] INFO  server.RaftServer (ConfUtils.java:logGet(46)) - raft.rpc.type = GRPC (default)
2022-10-18 03:54:59,950 [Listener at 127.0.0.1/35839] INFO  grpc.GrpcFactory (GrpcFactory.java:checkPooledByteBufAllocatorUseCacheForAllThreads(48)) - PERFORMANCE WARNING: useCacheForAllThreads is true that may cause Netty to create a lot garbage objects and, as a result, trigger GC.
	It is recommended to disable useCacheForAllThreads by setting -Dorg.apache.ratis.thirdparty.io.netty.allocator.useCacheForAllThreads=false in command line.
2022-10-18 03:54:59,950 [Listener at 127.0.0.1/35839] INFO  grpc.GrpcConfigKeys (ConfUtils.java:logGet(46)) - raft.grpc.admin.port = -1 (default)
2022-10-18 03:54:59,950 [Listener at 127.0.0.1/35839] INFO  grpc.GrpcConfigKeys (ConfUtils.java:logGet(46)) - raft.grpc.server.port = 37031 (custom)
2022-10-18 03:54:59,951 [Listener at 127.0.0.1/35839] INFO  grpc.GrpcConfigKeys (ConfUtils.java:logGet(46)) - raft.grpc.client.port = -1 (default)
2022-10-18 03:54:59,951 [Listener at 127.0.0.1/35839] INFO  grpc.GrpcConfigKeys (ConfUtils.java:logGet(46)) - raft.grpc.server.port = 37031 (custom)
2022-10-18 03:54:59,951 [Listener at 127.0.0.1/35839] INFO  grpc.GrpcConfigKeys (ConfUtils.java:logGet(46)) - raft.grpc.server.port = 37031 (custom)
2022-10-18 03:54:59,951 [Listener at 127.0.0.1/35839] INFO  server.GrpcService (ConfUtils.java:logGet(46)) - raft.grpc.message.size.max = 33554432 (custom)
2022-10-18 03:54:59,951 [Listener at 127.0.0.1/35839] INFO  server.RaftServerConfigKeys (ConfUtils.java:logGet(46)) - raft.server.log.appender.buffer.byte-limit = 33554432 (custom)
2022-10-18 03:54:59,951 [Listener at 127.0.0.1/35839] INFO  server.GrpcService (ConfUtils.java:logGet(46)) - raft.grpc.flow.control.window = 1MB (=1048576) (default)
2022-10-18 03:54:59,952 [Listener at 127.0.0.1/35839] INFO  server.RaftServerConfigKeys (ConfUtils.java:logGet(46)) - raft.server.rpc.request.timeout = 3000ms (default)
2022-10-18 03:54:59,952 [Listener at 127.0.0.1/35839] INFO  grpc.GrpcConfigKeys (ConfUtils.java:logGet(46)) - raft.grpc.server.async.request.thread.pool.cached = true (default)
2022-10-18 03:54:59,952 [Listener at 127.0.0.1/35839] INFO  grpc.GrpcConfigKeys (ConfUtils.java:logGet(46)) - raft.grpc.server.async.request.thread.pool.size = 32 (default)
2022-10-18 03:54:59,953 [Listener at 127.0.0.1/35839] INFO  impl.DataStreamServerImpl (ConfUtils.java:logGet(46)) - raft.datastream.type = DISABLED (default)
2022-10-18 03:54:59,953 [Listener at 127.0.0.1/35839] INFO  server.RaftServerConfigKeys (ConfUtils.java:logGet(46)) - raft.server.threadpool.proxy.cached = true (default)
2022-10-18 03:54:59,953 [Listener at 127.0.0.1/35839] INFO  server.RaftServerConfigKeys (ConfUtils.java:logGet(46)) - raft.server.threadpool.proxy.size = 0 (default)
2022-10-18 03:54:59,954 [Listener at 127.0.0.1/35839] INFO  server.RaftServerConfigKeys (ConfUtils.java:logGet(46)) - raft.server.rpc.slowness.timeout = 2s (custom)
2022-10-18 03:54:59,954 [Listener at 127.0.0.1/35839] INFO  server.RaftServerConfigKeys (ConfUtils.java:logGet(46)) - raft.server.leaderelection.leader.step-down.wait-time = 10s (default)
2022-10-18 03:54:59,954 [Listener at 127.0.0.1/35839] INFO  server.RaftServerConfigKeys (ConfUtils.java:logGet(46)) - raft.server.storage.dir = [/home/runner/work/ozone/ozone/hadoop-ozone/integration-test/target/test-dir/MiniOzoneClusterImpl-2682239d-8109-418f-bfce-648431d3ae5d/omNode-3/ratis] (custom)
2022-10-18 03:54:59,955 [omNode-3-impl-thread1] INFO  server.RaftServer (RaftServerProxy.java:initGroupDir(247)) - omNode-3: found a subdirectory /home/runner/work/ozone/ozone/hadoop-ozone/integration-test/target/test-dir/MiniOzoneClusterImpl-2682239d-8109-418f-bfce-648431d3ae5d/omNode-3/ratis/c9bc4cf4-3bc3-3c60-a66b-523986131536
2022-10-18 03:54:59,955 [Listener at 127.0.0.1/35839] INFO  server.RaftServer (RaftServerProxy.java:addNew(96)) - omNode-3: addNew group-523986131536:[omNode-3|rpc:localhost:37031|priority:0, omNode-1|rpc:localhost:38839|priority:0, omNode-2|rpc:localhost:42171|priority:0] returns group-523986131536:java.util.concurrent.CompletableFuture@47017d38[Not completed]
2022-10-18 03:54:59,955 [pool-936-thread-1] INFO  server.RaftServer$Division (RaftServerImpl.java:<init>(190)) - omNode-3: new RaftServerImpl for group-523986131536:[omNode-3|rpc:localhost:37031|priority:0, omNode-1|rpc:localhost:38839|priority:0, omNode-2|rpc:localhost:42171|priority:0] with OzoneManagerStateMachine:uninitialized
2022-10-18 03:54:59,955 [Listener at 127.0.0.1/35839] INFO  om.OzoneManager (OzoneManager.java:initializeRatisServer(1975)) - OzoneManager Ratis server initialized at port 37031
2022-10-18 03:54:59,955 [pool-936-thread-1] INFO  server.RaftServerConfigKeys (ConfUtils.java:logGet(46)) - raft.server.rpc.timeout.min = 1s (custom)
2022-10-18 03:54:59,955 [Listener at 127.0.0.1/35839] INFO  ratis.OzoneManagerRatisServer (OzoneManagerRatisServer.java:start(555)) - Starting OzoneManagerRatisServer omNode-3 at port 37031
2022-10-18 03:54:59,955 [pool-936-thread-1] INFO  server.RaftServerConfigKeys (ConfUtils.java:logGet(46)) - raft.server.rpc.timeout.max = 1200ms (custom)
2022-10-18 03:54:59,955 [pool-936-thread-1] INFO  server.RaftServerConfigKeys (ConfUtils.java:logGet(46)) - raft.server.rpc.sleep.time = 25ms (default)
2022-10-18 03:54:59,956 [pool-936-thread-1] INFO  server.RaftServerConfigKeys (ConfUtils.java:logGet(46)) - raft.server.rpc.slowness.timeout = 2s (custom)
2022-10-18 03:54:59,956 [pool-936-thread-1] INFO  server.RaftServerConfigKeys (ConfUtils.java:logGet(46)) - raft.server.leaderelection.leader.step-down.wait-time = 10s (default)
2022-10-18 03:54:59,956 [pool-936-thread-1] INFO  server.RaftServerConfigKeys (ConfUtils.java:logGet(46)) - raft.server.sleep.deviation.threshold = 300ms (default)
2022-10-18 03:54:59,956 [pool-936-thread-1] INFO  server.RaftServer$Division (ServerState.java:<init>(107)) - omNode-3@group-523986131536: ConfigurationManager, init=-1: [omNode-3|rpc:localhost:37031|priority:0, omNode-1|rpc:localhost:38839|priority:0, omNode-2|rpc:localhost:42171|priority:0], old=null, confs=<EMPTY_MAP>
2022-10-18 03:54:59,956 [pool-936-thread-1] INFO  server.RaftServerConfigKeys (ConfUtils.java:logGet(46)) - raft.server.storage.dir = [/home/runner/work/ozone/ozone/hadoop-ozone/integration-test/target/test-dir/MiniOzoneClusterImpl-2682239d-8109-418f-bfce-648431d3ae5d/omNode-3/ratis] (custom)
2022-10-18 03:54:59,956 [pool-936-thread-1] INFO  server.RaftServerConfigKeys (ConfUtils.java:logGet(46)) - raft.server.log.corruption.policy = EXCEPTION (default)
2022-10-18 03:54:59,956 [pool-936-thread-1] INFO  server.RaftServerConfigKeys (ConfUtils.java:logGet(46)) - raft.server.storage.free-space.min = 0MB (=0) (default)
2022-10-18 03:54:59,958 [pool-936-thread-1] INFO  storage.RaftStorageDirectory (RaftStorageDirectoryImpl.java:tryLock(230)) - Lock on /home/runner/work/ozone/ozone/hadoop-ozone/integration-test/target/test-dir/MiniOzoneClusterImpl-2682239d-8109-418f-bfce-648431d3ae5d/omNode-3/ratis/c9bc4cf4-3bc3-3c60-a66b-523986131536/in_use.lock acquired by nodename 30743@fv-az573-760
2022-10-18 03:54:59,958 [pool-936-thread-1] INFO  storage.RaftStorage (RaftStorageImpl.java:analyzeAndRecoverStorage(110)) - Read RaftStorageMetadata{term=1, votedFor=} from /home/runner/work/ozone/ozone/hadoop-ozone/integration-test/target/test-dir/MiniOzoneClusterImpl-2682239d-8109-418f-bfce-648431d3ae5d/omNode-3/ratis/c9bc4cf4-3bc3-3c60-a66b-523986131536/current/raft-meta
2022-10-18 03:54:59,958 [pool-936-thread-1] INFO  server.RaftServer$Division (ServerState.java:setRaftConf(393)) - omNode-3@group-523986131536: set configuration 0: [omNode-3|rpc:localhost:37031|admin:|client:|dataStream:|priority:0, omNode-1|rpc:localhost:38839|admin:|client:|dataStream:|priority:0, omNode-2|rpc:localhost:42171|admin:|client:|dataStream:|priority:0], old=null
2022-10-18 03:54:59,958 [pool-936-thread-1] INFO  server.RaftServerConfigKeys (ConfUtils.java:logGet(46)) - raft.server.notification.no-leader.timeout = 2s (custom)
2022-10-18 03:54:59,958 [pool-936-thread-1] INFO  server.RaftServerConfigKeys (ConfUtils.java:logGet(46)) - raft.server.log.use.memory = false (default)
2022-10-18 03:54:59,959 [pool-936-thread-1] INFO  server.RaftServerConfigKeys (ConfUtils.java:logGet(46)) - raft.server.log.purge.gap = 50 (custom)
2022-10-18 03:54:59,959 [pool-936-thread-1] INFO  server.RaftServerConfigKeys (ConfUtils.java:logGet(46)) - raft.server.log.appender.buffer.byte-limit = 33554432 (custom)
2022-10-18 03:54:59,959 [pool-936-thread-1] INFO  server.RaftServerConfigKeys (ConfUtils.java:logGet(46)) - raft.server.log.statemachine.data.read.timeout = 1000ms (default)
2022-10-18 03:54:59,959 [pool-936-thread-1] INFO  server.RaftServerConfigKeys (ConfUtils.java:logGet(46)) - raft.server.log.segment.size.max = 4194304 (custom)
2022-10-18 03:54:59,960 [pool-936-thread-1] INFO  server.RaftServerConfigKeys (ConfUtils.java:logGet(46)) - raft.server.log.segment.cache.num.max = 2 (custom)
2022-10-18 03:54:59,960 [pool-936-thread-1] INFO  server.RaftServerConfigKeys (ConfUtils.java:logGet(46)) - raft.server.log.segment.cache.size.max = 200MB (=209715200) (default)
2022-10-18 03:54:59,960 [pool-936-thread-1] INFO  segmented.SegmentedRaftLogWorker (SegmentedRaftLogWorker.java:<init>(187)) - new omNode-3@group-523986131536-SegmentedRaftLogWorker for RaftStorageImpl:Storage Directory /home/runner/work/ozone/ozone/hadoop-ozone/integration-test/target/test-dir/MiniOzoneClusterImpl-2682239d-8109-418f-bfce-648431d3ae5d/omNode-3/ratis/c9bc4cf4-3bc3-3c60-a66b-523986131536
2022-10-18 03:54:59,960 [pool-936-thread-1] INFO  server.RaftServerConfigKeys (ConfUtils.java:logGet(46)) - raft.server.log.queue.byte-limit = 64MB (=67108864) (default)
2022-10-18 03:54:59,960 [pool-936-thread-1] INFO  server.RaftServerConfigKeys (ConfUtils.java:logGet(46)) - raft.server.log.queue.element-limit = 4096 (default)
2022-10-18 03:54:59,960 [pool-936-thread-1] INFO  server.RaftServerConfigKeys (ConfUtils.java:logGet(46)) - raft.server.log.segment.size.max = 4194304 (custom)
2022-10-18 03:54:59,960 [pool-936-thread-1] INFO  server.RaftServerConfigKeys (ConfUtils.java:logGet(46)) - raft.server.log.preallocated.size = 4194304 (custom)
2022-10-18 03:54:59,960 [pool-936-thread-1] INFO  server.RaftServerConfigKeys (ConfUtils.java:logGet(46)) - raft.server.log.force.sync.num = 128 (default)
2022-10-18 03:54:59,960 [pool-936-thread-1] INFO  server.RaftServerConfigKeys (ConfUtils.java:logGet(46)) - raft.server.log.statemachine.data.sync = true (default)
2022-10-18 03:54:59,960 [pool-936-thread-1] INFO  server.RaftServerConfigKeys (ConfUtils.java:logGet(46)) - raft.server.log.statemachine.data.sync.timeout = 10s (default)
2022-10-18 03:54:59,960 [pool-936-thread-1] INFO  server.RaftServerConfigKeys (ConfUtils.java:logGet(46)) - raft.server.log.statemachine.data.sync.timeout.retry = -1 (default)
2022-10-18 03:54:59,961 [pool-936-thread-1] INFO  server.RaftServerConfigKeys (ConfUtils.java:logGet(46)) - raft.server.log.write.buffer.size = 64KB (=65536) (default)
2022-10-18 03:54:59,961 [pool-936-thread-1] INFO  server.RaftServerConfigKeys (ConfUtils.java:logGet(46)) - raft.server.log.unsafe-flush.enabled = false (default)
2022-10-18 03:54:59,961 [pool-936-thread-1] INFO  server.RaftServerConfigKeys (ConfUtils.java:logGet(46)) - raft.server.log.statemachine.data.caching.enabled = false (default)
2022-10-18 03:54:59,962 [pool-936-thread-1] INFO  server.RaftServer$Division (ServerState.java:setRaftConf(393)) - omNode-3@group-523986131536: set configuration 0: [omNode-3|rpc:localhost:37031|admin:|client:|dataStream:|priority:0, omNode-1|rpc:localhost:38839|admin:|client:|dataStream:|priority:0, omNode-2|rpc:localhost:42171|admin:|client:|dataStream:|priority:0], old=null
2022-10-18 03:54:59,963 [pool-936-thread-1] INFO  segmented.LogSegment (LogSegment.java:loadSegment(173)) - Successfully read 45 entries from segment file /home/runner/work/ozone/ozone/hadoop-ozone/integration-test/target/test-dir/MiniOzoneClusterImpl-2682239d-8109-418f-bfce-648431d3ae5d/omNode-3/ratis/c9bc4cf4-3bc3-3c60-a66b-523986131536/current/log_inprogress_0
2022-10-18 03:54:59,963 [pool-936-thread-1] INFO  segmented.SegmentedRaftLogWorker (SegmentedRaftLogWorker.java:lambda$new$0(135)) - omNode-3@group-523986131536-SegmentedRaftLogWorker: flushIndex: setUnconditionally 0 -> 44
2022-10-18 03:54:59,963 [pool-936-thread-1] INFO  segmented.SegmentedRaftLogWorker (SegmentedRaftLogWorker.java:lambda$new$0(135)) - omNode-3@group-523986131536-SegmentedRaftLogWorker: safeCacheEvictIndex: setUnconditionally 0 -> -1
2022-10-18 03:54:59,963 [pool-936-thread-1] INFO  raftlog.RaftLog (RaftLogBase.java:lambda$new$0(53)) - omNode-3@group-523986131536-SegmentedRaftLog: commitIndex: updateToMax old=43, new=43, updated? false
2022-10-18 03:54:59,963 [pool-936-thread-1] INFO  server.RaftServerConfigKeys (ConfUtils.java:logGet(46)) - raft.server.snapshot.auto.trigger.enabled = true (custom)
2022-10-18 03:54:59,963 [pool-936-thread-1] INFO  server.RaftServerConfigKeys (ConfUtils.java:logGet(46)) - raft.server.snapshot.auto.trigger.threshold = 50 (custom)
2022-10-18 03:54:59,963 [pool-936-thread-1] INFO  server.RaftServerConfigKeys (ConfUtils.java:logGet(46)) - raft.server.snapshot.retention.file.num = -1 (default)
2022-10-18 03:54:59,963 [pool-936-thread-1] INFO  server.RaftServerConfigKeys (ConfUtils.java:logGet(46)) - raft.server.log.purge.upto.snapshot.index = true (custom)
2022-10-18 03:54:59,963 [pool-936-thread-1] INFO  server.RaftServerConfigKeys (ConfUtils.java:logGet(46)) - raft.server.retrycache.expirytime = 30000ms (custom)
2022-10-18 03:54:59,963 [pool-936-thread-1] INFO  server.RaftServerConfigKeys (ConfUtils.java:logGet(46)) - raft.server.retrycache.statistics.expirytime = 100μs (default)
2022-10-18 03:54:59,965 [pool-936-thread-1] INFO  server.RaftServerConfigKeys (ConfUtils.java:logGet(46)) - raft.server.log.appender.install.snapshot.enabled = false (custom)
2022-10-18 03:54:59,965 [pool-936-thread-1] INFO  server.RaftServerConfigKeys (ConfUtils.java:logGet(46)) - raft.server.threadpool.server.cached = true (default)
2022-10-18 03:54:59,965 [pool-936-thread-1] INFO  server.RaftServerConfigKeys (ConfUtils.java:logGet(46)) - raft.server.threadpool.server.size = 0 (default)
2022-10-18 03:54:59,965 [pool-936-thread-1] INFO  server.RaftServerConfigKeys (ConfUtils.java:logGet(46)) - raft.server.threadpool.client.cached = true (default)
2022-10-18 03:54:59,965 [pool-936-thread-1] INFO  server.RaftServerConfigKeys (ConfUtils.java:logGet(46)) - raft.server.threadpool.client.size = 0 (default)
2022-10-18 03:54:59,969 [omNode-3-impl-thread1] INFO  server.RaftServer$Division (RaftServerImpl.java:start(310)) - omNode-3@group-523986131536: start as a follower, conf=0: [omNode-3|rpc:localhost:37031|admin:|client:|dataStream:|priority:0, omNode-1|rpc:localhost:38839|admin:|client:|dataStream:|priority:0, omNode-2|rpc:localhost:42171|admin:|client:|dataStream:|priority:0], old=null
2022-10-18 03:54:59,969 [omNode-3-impl-thread1] INFO  server.RaftServer$Division (RaftServerImpl.java:setRole(299)) - omNode-3@group-523986131536: changes role from      null to FOLLOWER at term 1 for startAsFollower
2022-10-18 03:54:59,969 [omNode-3-impl-thread1] INFO  impl.RoleInfo (RoleInfo.java:updateAndGet(139)) - omNode-3: start omNode-3@group-523986131536-FollowerState
2022-10-18 03:54:59,969 [omNode-3-impl-thread1] INFO  util.JmxRegister (JmxRegister.java:tryRegister(44)) - Successfully registered JMX Bean with object name Ratis:service=RaftServer,group=group-523986131536,id=omNode-3
2022-10-18 03:54:59,970 [Listener at 127.0.0.1/35839] INFO  server.RaftServer (RaftServerProxy.java:lambda$start$6(382)) - omNode-3: start RPC server
2022-10-18 03:54:59,971 [Listener at 127.0.0.1/35839] INFO  server.GrpcService (GrpcService.java:startImpl(260)) - omNode-3: GrpcService started, listening on 37031
2022-10-18 03:54:59,972 [Listener at 127.0.0.1/35839] INFO  om.OzoneManager (OzoneManager.java:getRpcServer(1101)) - Creating RPC Server
2022-10-18 03:54:59,972 [org.apache.ratis.util.JvmPauseMonitor$$Lambda$703/726954313@365900b7] INFO  util.JvmPauseMonitor (JvmPauseMonitor.java:run(103)) - JvmPauseMonitor-omNode-3: Started
2022-10-18 03:55:00,119 [grpc-default-executor-3] WARN  server.GrpcLogAppender (LogUtils.java:warn(122)) - omNode-1@group-523986131536->omNode-3-AppendLogResponseHandler: Failed appendEntries: org.apache.ratis.thirdparty.io.grpc.StatusRuntimeException: UNAVAILABLE: io exception
2022-10-18 03:55:00,119 [grpc-default-executor-3] INFO  leader.FollowerInfo (FollowerInfoImpl.java:lambda$new$0(48)) - omNode-1@group-523986131536->omNode-3: nextIndex: updateUnconditionally 545 -> 45
2022-10-18 03:55:00,291 [EndpointStateMachine task thread for /0.0.0.0:43069 - 0 ] INFO  ipc.Client (Client.java:handleConnectionFailure(1010)) - Retrying connect to server: 0.0.0.0/0.0.0.0:43069. Already tried 10 time(s); retry policy is RetryUpToMaximumCountWithFixedSleep(maxRetries=15, sleepTime=1000 MILLISECONDS)
2022-10-18 03:55:00,369 [Listener at 127.0.0.1/35839] INFO  reflections.Reflections (Reflections.java:scan(232)) - Reflections took 396 ms to scan 19 urls, producing 67 keys and 4238 values [using 2 cores]
2022-10-18 03:55:00,371 [Listener at 127.0.0.1/35839] INFO  ipc.CallQueueManager (CallQueueManager.java:<init>(90)) - Using callQueue: class java.util.concurrent.LinkedBlockingQueue, queueCapacity: 2000, scheduler: class org.apache.hadoop.ipc.DefaultRpcScheduler, ipcBackoff: false.
2022-10-18 03:55:00,373 [Socket Reader #1 for port 35839] INFO  ipc.Server (Server.java:run(1273)) - Starting Socket Reader #1 for port 35839
2022-10-18 03:55:00,376 [omNode-3-server-thread1] INFO  server.RaftServer$Division (ServerState.java:setLeader(287)) - omNode-3@group-523986131536: change Leader from null to omNode-1 at term 1 for appendEntries, leader elected after 417ms
2022-10-18 03:55:00,380 [Listener at localhost/35839] INFO  http.BaseHttpServer (BaseHttpServer.java:newHttpServer2BuilderForOzone(213)) - Starting Web-server for ozoneManager at: http://0.0.0.0:37259
2022-10-18 03:55:00,380 [Listener at localhost/35839] INFO  http.BaseHttpServer (BaseHttpServer.java:<init>(108)) - Hadoop Security Enabled: false Ozone Security Enabled: false Ozone HTTP Security Enabled: false 
2022-10-18 03:55:00,386 [Listener at localhost/35839] WARN  server.AuthenticationFilter (AuthenticationFilter.java:constructSecretProvider(240)) - Unable to initialize FileSignerSecretProvider, falling back to use random secrets. Reason: Could not read signature secret file: /home/runner/hadoop-http-auth-signature-secret
2022-10-18 03:55:00,387 [Listener at localhost/35839] WARN  http.HttpRequestLog (HttpRequestLog.java:getRequestLog(103)) - Jetty request log can only be enabled using Log4j
2022-10-18 03:55:00,388 [Listener at localhost/35839] INFO  http.HttpServer2 (HttpServer2.java:addGlobalFilter(1031)) - Added global filter 'safety' (class=org.apache.hadoop.hdds.server.http.HttpServer2$QuotingInputFilter)
2022-10-18 03:55:00,389 [Listener at localhost/35839] INFO  http.HttpServer2 (HttpServer2.java:addFilter(1007)) - Added filter static_user_filter (class=org.apache.hadoop.http.lib.StaticUserWebFilter$StaticUserFilter) to context ozoneManager
2022-10-18 03:55:00,389 [Listener at localhost/35839] INFO  http.HttpServer2 (HttpServer2.java:addFilter(1015)) - Added filter static_user_filter (class=org.apache.hadoop.http.lib.StaticUserWebFilter$StaticUserFilter) to context static
2022-10-18 03:55:00,389 [Listener at localhost/35839] INFO  http.HttpServer2 (HttpServer2.java:addFilter(1015)) - Added filter static_user_filter (class=org.apache.hadoop.http.lib.StaticUserWebFilter$StaticUserFilter) to context logs
2022-10-18 03:55:00,392 [Listener at localhost/35839] INFO  http.HttpServer2 (HttpServer2.java:bindListener(1250)) - Jetty bound to port 37259
2022-10-18 03:55:00,392 [Listener at localhost/35839] INFO  server.Server (Server.java:doStart(375)) - jetty-9.4.43.v20210629; built: 2021-06-30T11:07:22.254Z; git: 526006ecfa3af7f1a27ef3a288e2bef7ea9dd7e8; jvm 1.8.0_345-b01
2022-10-18 03:55:00,395 [Listener at localhost/35839] INFO  server.session (DefaultSessionIdManager.java:doStart(334)) - DefaultSessionIdManager workerName=node0
2022-10-18 03:55:00,395 [Listener at localhost/35839] INFO  server.session (DefaultSessionIdManager.java:doStart(339)) - No SessionScavenger set, using defaults
2022-10-18 03:55:00,395 [Listener at localhost/35839] INFO  server.session (HouseKeeper.java:startScavenging(132)) - node0 Scavenging every 600000ms
2022-10-18 03:55:00,396 [Listener at localhost/35839] INFO  handler.ContextHandler (ContextHandler.java:doStart(915)) - Started o.e.j.s.ServletContextHandler@4372cb9c{logs,/logs,file:///home/runner/work/ozone/ozone/hadoop-ozone/integration-test/target/log,AVAILABLE}
2022-10-18 03:55:00,396 [Listener at localhost/35839] INFO  handler.ContextHandler (ContextHandler.java:doStart(915)) - Started o.e.j.s.ServletContextHandler@418e39d2{static,/static,file:///home/runner/work/ozone/ozone/hadoop-ozone/integration-test/target/test-classes/webapps/static,AVAILABLE}
2022-10-18 03:55:00,403 [Listener at localhost/35839] INFO  handler.ContextHandler (ContextHandler.java:doStart(915)) - Started o.e.j.w.WebAppContext@51dd9217{ozoneManager,/,file:///home/runner/work/ozone/ozone/hadoop-ozone/integration-test/target/test-classes/webapps/ozoneManager/,AVAILABLE}{file:/home/runner/work/ozone/ozone/hadoop-ozone/integration-test/target/test-classes/webapps/ozoneManager}
2022-10-18 03:55:00,412 [Listener at localhost/35839] INFO  server.AbstractConnector (AbstractConnector.java:doStart(331)) - Started ServerConnector@6dbed05{HTTP/1.1, (http/1.1)}{0.0.0.0:37259}
2022-10-18 03:55:00,412 [Listener at localhost/35839] INFO  server.Server (Server.java:doStart(415)) - Started @106100ms
2022-10-18 03:55:00,412 [Listener at localhost/35839] WARN  impl.MetricsSystemImpl (MetricsSystemImpl.java:register(279)) - Sink prometheus already exists!
2022-10-18 03:55:00,413 [Listener at localhost/35839] INFO  http.BaseHttpServer (BaseHttpServer.java:updateConnectorAddress(333)) - HTTP server of ozoneManager listening at http://0.0.0.0:37259
2022-10-18 03:55:00,424 [IPC Server Responder] INFO  ipc.Server (Server.java:run(1512)) - IPC Server Responder: starting
2022-10-18 03:55:00,425 [IPC Server listener on 35839] INFO  ipc.Server (Server.java:run(1352)) - IPC Server listener on 35839: starting
2022-10-18 03:55:00,541 [Listener at localhost/35839] INFO  om.OzoneManager (OzoneManager.java:startTrashEmptier(1919)) - Trash Interval set to 0. Files deleted won't move to trash
2022-10-18 03:55:00,543 [org.apache.hadoop.util.JvmPauseMonitor$Monitor@2d83bcd1] INFO  util.JvmPauseMonitor (JvmPauseMonitor.java:run(188)) - Starting JVM pause monitor
2022-10-18 03:55:00,653 [omNode-3@group-523986131536-StateMachineUpdater] INFO  ratis.OzoneManagerStateMachine (OzoneManagerStateMachine.java:takeSnapshot(441)) - Current Snapshot Index (t:1, i:545)
2022-10-18 03:55:00,653 [omNode-3@group-523986131536-StateMachineUpdater] INFO  impl.StateMachineUpdater (StateMachineUpdater.java:takeSnapshot(287)) - omNode-3@group-523986131536-StateMachineUpdater: Took a snapshot at index 545
2022-10-18 03:55:00,653 [omNode-3@group-523986131536-StateMachineUpdater] INFO  impl.StateMachineUpdater (StateMachineUpdater.java:lambda$new$0(92)) - omNode-3@group-523986131536-StateMachineUpdater: snapshotIndex: updateIncreasingly 43 -> 545
2022-10-18 03:55:00,653 [omNode-3@group-523986131536-StateMachineUpdater] INFO  raftlog.RaftLog (RaftLogBase.java:purge(308)) - omNode-3@group-523986131536-SegmentedRaftLog: purge 545
2022-10-18 03:55:00,653 [omNode-3@group-523986131536-StateMachineUpdater] INFO  raftlog.RaftLog (RaftLogBase.java:lambda$new$0(53)) - omNode-3@group-523986131536-SegmentedRaftLog: snapshotIndex: updateIncreasingly 43 -> 545
2022-10-18 03:55:00,653 [omNode-3@group-523986131536-StateMachineUpdater] INFO  raftlog.RaftLog (RaftLogBase.java:lambda$new$0(53)) - omNode-3@group-523986131536-SegmentedRaftLog: purgeIndex: updateToMax old=-1, new=545, updated? true
2022-10-18 03:55:00,681 [omNode-1@group-523986131536-StateMachineUpdater] INFO  ratis.OzoneManagerStateMachine (OzoneManagerStateMachine.java:takeSnapshot(441)) - Current Snapshot Index (t:1, i:550)
2022-10-18 03:55:00,681 [omNode-1@group-523986131536-StateMachineUpdater] INFO  impl.StateMachineUpdater (StateMachineUpdater.java:takeSnapshot(287)) - omNode-1@group-523986131536-StateMachineUpdater: Took a snapshot at index 550
2022-10-18 03:55:00,681 [omNode-1@group-523986131536-StateMachineUpdater] INFO  impl.StateMachineUpdater (StateMachineUpdater.java:lambda$new$0(92)) - omNode-1@group-523986131536-StateMachineUpdater: snapshotIndex: updateIncreasingly 500 -> 550
2022-10-18 03:55:00,681 [omNode-1@group-523986131536-StateMachineUpdater] INFO  raftlog.RaftLog (RaftLogBase.java:purge(308)) - omNode-1@group-523986131536-SegmentedRaftLog: purge 550
2022-10-18 03:55:00,681 [omNode-1@group-523986131536-StateMachineUpdater] INFO  raftlog.RaftLog (RaftLogBase.java:lambda$new$0(53)) - omNode-1@group-523986131536-SegmentedRaftLog: snapshotIndex: updateIncreasingly 500 -> 550
2022-10-18 03:55:00,681 [omNode-1@group-523986131536-StateMachineUpdater] INFO  raftlog.RaftLog (RaftLogBase.java:lambda$new$0(53)) - omNode-1@group-523986131536-SegmentedRaftLog: purgeIndex: updateToMax old=500, new=550, updated? true
2022-10-18 03:55:00,736 [omNode-2@group-523986131536-StateMachineUpdater] INFO  ratis.OzoneManagerStateMachine (OzoneManagerStateMachine.java:takeSnapshot(441)) - Current Snapshot Index (t:1, i:556)
2022-10-18 03:55:00,736 [omNode-2@group-523986131536-StateMachineUpdater] INFO  impl.StateMachineUpdater (StateMachineUpdater.java:takeSnapshot(287)) - omNode-2@group-523986131536-StateMachineUpdater: Took a snapshot at index 557
2022-10-18 03:55:00,736 [omNode-2@group-523986131536-StateMachineUpdater] INFO  impl.StateMachineUpdater (StateMachineUpdater.java:lambda$new$0(92)) - omNode-2@group-523986131536-StateMachineUpdater: snapshotIndex: updateIncreasingly 506 -> 557
2022-10-18 03:55:00,736 [omNode-2@group-523986131536-StateMachineUpdater] INFO  raftlog.RaftLog (RaftLogBase.java:purge(308)) - omNode-2@group-523986131536-SegmentedRaftLog: purge 557
2022-10-18 03:55:00,736 [omNode-2@group-523986131536-StateMachineUpdater] INFO  raftlog.RaftLog (RaftLogBase.java:lambda$new$0(53)) - omNode-2@group-523986131536-SegmentedRaftLog: snapshotIndex: updateIncreasingly 506 -> 557
2022-10-18 03:55:00,736 [omNode-2@group-523986131536-StateMachineUpdater] INFO  raftlog.RaftLog (RaftLogBase.java:lambda$new$0(53)) - omNode-2@group-523986131536-SegmentedRaftLog: purgeIndex: updateToMax old=506, new=557, updated? true
2022-10-18 03:55:00,900 [Listener at localhost/35839] INFO  om.OzoneManager (OzoneManager.java:stop(2034)) - omNode-3[localhost:35839]: Stopping Ozone Manager
2022-10-18 03:55:00,901 [Listener at localhost/35839] INFO  ipc.Server (Server.java:stop(3428)) - Stopping server on 35839
2022-10-18 03:55:00,910 [IPC Server listener on 35839] INFO  ipc.Server (Server.java:run(1384)) - Stopping IPC Server listener on 35839
2022-10-18 03:55:00,910 [IPC Server Responder] INFO  ipc.Server (Server.java:run(1517)) - Stopping IPC Server Responder
2022-10-18 03:55:00,913 [Listener at localhost/35839] INFO  server.RaftServer (RaftServerProxy.java:lambda$close$7(398)) - omNode-3: close
2022-10-18 03:55:00,914 [Listener at localhost/35839] INFO  server.RaftServer$Division (RaftServerImpl.java:lambda$close$4(434)) - omNode-3@group-523986131536: shutdown
2022-10-18 03:55:00,914 [Listener at localhost/35839] INFO  util.JmxRegister (JmxRegister.java:unregister(73)) - Successfully un-registered JMX Bean with object name Ratis:service=RaftServer,group=group-523986131536,id=omNode-3
2022-10-18 03:55:00,914 [Listener at localhost/35839] INFO  impl.RoleInfo (RoleInfo.java:shutdownFollowerState(110)) - omNode-3: shutdown omNode-3@group-523986131536-FollowerState
2022-10-18 03:55:00,914 [Listener at localhost/35839] INFO  impl.StateMachineUpdater (StateMachineUpdater.java:stopAndJoin(153)) - omNode-3@group-523986131536-StateMachineUpdater: set stopIndex = 582
2022-10-18 03:55:00,914 [omNode-3@group-523986131536-FollowerState] INFO  impl.FollowerState (FollowerState.java:run(152)) - omNode-3@group-523986131536-FollowerState was interrupted
2022-10-18 03:55:00,914 [omNode-3@group-523986131536-StateMachineUpdater] INFO  ratis.OzoneManagerStateMachine (OzoneManagerStateMachine.java:takeSnapshot(441)) - Current Snapshot Index (t:1, i:582)
2022-10-18 03:55:00,915 [omNode-3@group-523986131536-StateMachineUpdater] INFO  impl.StateMachineUpdater (StateMachineUpdater.java:takeSnapshot(287)) - omNode-3@group-523986131536-StateMachineUpdater: Took a snapshot at index 582
2022-10-18 03:55:00,915 [omNode-3@group-523986131536-StateMachineUpdater] INFO  impl.StateMachineUpdater (StateMachineUpdater.java:lambda$new$0(92)) - omNode-3@group-523986131536-StateMachineUpdater: snapshotIndex: updateIncreasingly 545 -> 582
2022-10-18 03:55:00,915 [omNode-3@group-523986131536-StateMachineUpdater] INFO  ratis.OzoneManagerStateMachine (OzoneManagerStateMachine.java:close(495)) - StateMachine has shutdown. Shutdown OzoneManager if not already shutdown.
2022-10-18 03:55:00,915 [omNode-3@group-523986131536-StateMachineUpdater] INFO  ratis.OzoneManagerDoubleBuffer (OzoneManagerDoubleBuffer.java:stop(466)) - Stopping OMDoubleBuffer flush thread
2022-10-18 03:55:00,916 [OMDoubleBufferFlushThread] INFO  ratis.OzoneManagerDoubleBuffer (OzoneManagerDoubleBuffer.java:flushTransactions(385)) - OMDoubleBuffer flush thread OMDoubleBufferFlushThread is interrupted and will exit.
2022-10-18 03:55:00,919 [Listener at localhost/35839] INFO  server.RaftServer$Division (ServerState.java:close(429)) - omNode-3@group-523986131536: closes. applyIndex: 582
2022-10-18 03:55:00,919 [omNode-3@group-523986131536-SegmentedRaftLogWorker] INFO  segmented.SegmentedRaftLogWorker (SegmentedRaftLogWorker.java:run(336)) - omNode-3@group-523986131536-SegmentedRaftLogWorker was interrupted, exiting. There are 0 tasks remaining in the queue.
2022-10-18 03:55:00,920 [Listener at localhost/35839] INFO  segmented.SegmentedRaftLogWorker (SegmentedRaftLogWorker.java:close(246)) - omNode-3@group-523986131536-SegmentedRaftLogWorker close()
2022-10-18 03:55:00,921 [Listener at localhost/35839] INFO  server.GrpcService (GrpcService.java:closeImpl(269)) - omNode-3: shutdown server with port 37031 now
2022-10-18 03:55:00,923 [grpc-default-executor-3] WARN  server.GrpcServerProtocolService (LogUtils.java:warn(122)) - omNode-3: installSnapshot onError, lastRequest: omNode-1->omNode-3#1262926-t1,previous=(t:1, i:583),leaderCommit=583,initializing? true,entries: size=1, first=(t:1, i:584), METADATAENTRY(c:583): org.apache.ratis.thirdparty.io.grpc.StatusRuntimeException: CANCELLED: client cancelled
2022-10-18 03:55:00,923 [grpc-default-executor-3] WARN  server.GrpcLogAppender (LogUtils.java:warn(122)) - omNode-1@group-523986131536->omNode-3-AppendLogResponseHandler: Failed appendEntries: org.apache.ratis.thirdparty.io.grpc.StatusRuntimeException: CANCELLED: RST_STREAM closed stream. HTTP/2 error code: CANCEL
2022-10-18 03:55:00,923 [grpc-default-executor-3] INFO  leader.FollowerInfo (FollowerInfoImpl.java:lambda$new$0(48)) - omNode-1@group-523986131536->omNode-3: nextIndex: updateUnconditionally 585 -> 584
2022-10-18 03:55:00,923 [Listener at localhost/35839] INFO  server.GrpcService (GrpcService.java:closeImpl(278)) - omNode-3: shutdown server with port 37031 successfully
2022-10-18 03:55:00,923 [org.apache.ratis.util.JvmPauseMonitor$$Lambda$703/726954313@365900b7] INFO  util.JvmPauseMonitor (JvmPauseMonitor.java:run(109)) - JvmPauseMonitor-omNode-3: Stopped
2022-10-18 03:55:00,924 [Listener at localhost/35839] INFO  ratis.OzoneManagerStateMachine (OzoneManagerStateMachine.java:close(495)) - StateMachine has shutdown. Shutdown OzoneManager if not already shutdown.
2022-10-18 03:55:00,924 [Listener at localhost/35839] INFO  ratis.OzoneManagerDoubleBuffer (OzoneManagerDoubleBuffer.java:stop(478)) - OMDoubleBuffer flush thread is not running.
2022-10-18 03:55:00,924 [Listener at localhost/35839] INFO  handler.ContextHandler (ContextHandler.java:doStop(1153)) - Stopped o.e.j.w.WebAppContext@51dd9217{ozoneManager,/,null,STOPPED}{file:/home/runner/work/ozone/ozone/hadoop-ozone/integration-test/target/test-classes/webapps/ozoneManager}
2022-10-18 03:55:00,925 [Listener at localhost/35839] INFO  server.AbstractConnector (AbstractConnector.java:doStop(381)) - Stopped ServerConnector@6dbed05{HTTP/1.1, (http/1.1)}{0.0.0.0:37259}
2022-10-18 03:55:00,925 [Listener at localhost/35839] INFO  server.session (HouseKeeper.java:stopScavenging(149)) - node0 Stopped scavenging
2022-10-18 03:55:00,925 [Listener at localhost/35839] INFO  handler.ContextHandler (ContextHandler.java:doStop(1153)) - Stopped o.e.j.s.ServletContextHandler@418e39d2{static,/static,file:///home/runner/work/ozone/ozone/hadoop-ozone/integration-test/target/test-classes/webapps/static,STOPPED}
2022-10-18 03:55:00,926 [Listener at localhost/35839] INFO  handler.ContextHandler (ContextHandler.java:doStop(1153)) - Stopped o.e.j.s.ServletContextHandler@4372cb9c{logs,/logs,file:///home/runner/work/ozone/ozone/hadoop-ozone/integration-test/target/log,STOPPED}
2022-10-18 03:55:00,931 [Listener at localhost/35839] INFO  om.OzoneManager (OzoneManager.java:restart(1571)) - OzoneManager RPC server is listening at localhost/127.0.0.1:35839
2022-10-18 03:55:00,932 [grpc-default-executor-1] WARN  server.GrpcLogAppender (LogUtils.java:warn(122)) - omNode-1@group-523986131536->omNode-3-AppendLogResponseHandler: Failed appendEntries: org.apache.ratis.thirdparty.io.grpc.StatusRuntimeException: UNAVAILABLE: io exception
2022-10-18 03:55:00,933 [Listener at localhost/35839] INFO  impl.MetricsSystemImpl (MetricsSystemImpl.java:init(158)) - OzoneManager metrics system started (again)
2022-10-18 03:55:00,933 [grpc-default-executor-1] INFO  leader.FollowerInfo (FollowerInfoImpl.java:lambda$new$0(48)) - omNode-1@group-523986131536->omNode-3: nextIndex: updateUnconditionally 585 -> 584
2022-10-18 03:55:00,955 [Listener at localhost/35839] WARN  server.ServerUtils (ServerUtils.java:getDBPath(225)) - ozone.om.db.dirs is not configured. We recommend adding this setting. Falling back to ozone.metadata.dirs instead.
2022-10-18 03:55:00,955 [Listener at localhost/35839] INFO  codec.OmKeyInfoCodec (OmKeyInfoCodec.java:<init>(49)) - OmKeyInfoCodec ignorePipeline = true
2022-10-18 03:55:00,955 [Listener at localhost/35839] INFO  codec.RepeatedOmKeyInfoCodec (RepeatedOmKeyInfoCodec.java:<init>(41)) - RepeatedOmKeyInfoCodec ignorePipeline = true
2022-10-18 03:55:01,000 [Listener at localhost/35839] INFO  om.OzoneManager (OzoneManager.java:instantiateServices(712)) - S3 Multi-Tenancy is disabled
2022-10-18 03:55:01,003 [Listener at localhost/35839] WARN  server.ServerUtils (ServerUtils.java:getDefaultRatisDirectory(237)) - Storage directory for Ratis is not configured. It is a good idea to map this to an SSD disk. Falling back to ozone.metadata.dirs
2022-10-18 03:55:01,004 [Listener at localhost/35839] INFO  ratis.OzoneManagerRatisServer (OzoneManagerRatisServer.java:<init>(160)) - Instantiating OM Ratis server with groupID: om-service-test1 and peers: localhost:37031, localhost:38839, localhost:42171
2022-10-18 03:55:01,004 [Listener at localhost/35839] INFO  ratis.OzoneManagerStateMachine (OzoneManagerStateMachine.java:loadSnapshotInfoFromDB(632)) - LastAppliedIndex is set from TransactionInfo from OM DB as (t:1, i:582)
2022-10-18 03:55:01,004 [Listener at localhost/35839] INFO  server.RaftServer (ConfUtils.java:logGet(46)) - raft.rpc.type = GRPC (default)
2022-10-18 03:55:01,005 [Listener at localhost/35839] INFO  grpc.GrpcFactory (GrpcFactory.java:checkPooledByteBufAllocatorUseCacheForAllThreads(48)) - PERFORMANCE WARNING: useCacheForAllThreads is true that may cause Netty to create a lot garbage objects and, as a result, trigger GC.
	It is recommended to disable useCacheForAllThreads by setting -Dorg.apache.ratis.thirdparty.io.netty.allocator.useCacheForAllThreads=false in command line.
2022-10-18 03:55:01,005 [Listener at localhost/35839] INFO  grpc.GrpcConfigKeys (ConfUtils.java:logGet(46)) - raft.grpc.admin.port = -1 (default)
2022-10-18 03:55:01,005 [Listener at localhost/35839] INFO  grpc.GrpcConfigKeys (ConfUtils.java:logGet(46)) - raft.grpc.server.port = 37031 (custom)
2022-10-18 03:55:01,005 [Listener at localhost/35839] INFO  grpc.GrpcConfigKeys (ConfUtils.java:logGet(46)) - raft.grpc.client.port = -1 (default)
2022-10-18 03:55:01,005 [Listener at localhost/35839] INFO  grpc.GrpcConfigKeys (ConfUtils.java:logGet(46)) - raft.grpc.server.port = 37031 (custom)
2022-10-18 03:55:01,005 [Listener at localhost/35839] INFO  grpc.GrpcConfigKeys (ConfUtils.java:logGet(46)) - raft.grpc.server.port = 37031 (custom)
2022-10-18 03:55:01,006 [Listener at localhost/35839] INFO  server.GrpcService (ConfUtils.java:logGet(46)) - raft.grpc.message.size.max = 33554432 (custom)
2022-10-18 03:55:01,006 [Listener at localhost/35839] INFO  server.RaftServerConfigKeys (ConfUtils.java:logGet(46)) - raft.server.log.appender.buffer.byte-limit = 33554432 (custom)
2022-10-18 03:55:01,006 [Listener at localhost/35839] INFO  server.GrpcService (ConfUtils.java:logGet(46)) - raft.grpc.flow.control.window = 1MB (=1048576) (default)
2022-10-18 03:55:01,006 [Listener at localhost/35839] INFO  server.RaftServerConfigKeys (ConfUtils.java:logGet(46)) - raft.server.rpc.request.timeout = 3000ms (default)
2022-10-18 03:55:01,006 [Listener at localhost/35839] INFO  grpc.GrpcConfigKeys (ConfUtils.java:logGet(46)) - raft.grpc.server.async.request.thread.pool.cached = true (default)
2022-10-18 03:55:01,007 [Listener at localhost/35839] INFO  grpc.GrpcConfigKeys (ConfUtils.java:logGet(46)) - raft.grpc.server.async.request.thread.pool.size = 32 (default)
2022-10-18 03:55:01,008 [Listener at localhost/35839] INFO  impl.DataStreamServerImpl (ConfUtils.java:logGet(46)) - raft.datastream.type = DISABLED (default)
2022-10-18 03:55:01,008 [Listener at localhost/35839] INFO  server.RaftServerConfigKeys (ConfUtils.java:logGet(46)) - raft.server.threadpool.proxy.cached = true (default)
2022-10-18 03:55:01,008 [Listener at localhost/35839] INFO  server.RaftServerConfigKeys (ConfUtils.java:logGet(46)) - raft.server.threadpool.proxy.size = 0 (default)
2022-10-18 03:55:01,008 [Listener at localhost/35839] INFO  server.RaftServerConfigKeys (ConfUtils.java:logGet(46)) - raft.server.rpc.slowness.timeout = 2s (custom)
2022-10-18 03:55:01,008 [Listener at localhost/35839] INFO  server.RaftServerConfigKeys (ConfUtils.java:logGet(46)) - raft.server.leaderelection.leader.step-down.wait-time = 10s (default)
2022-10-18 03:55:01,009 [Listener at localhost/35839] INFO  server.RaftServerConfigKeys (ConfUtils.java:logGet(46)) - raft.server.storage.dir = [/home/runner/work/ozone/ozone/hadoop-ozone/integration-test/target/test-dir/MiniOzoneClusterImpl-2682239d-8109-418f-bfce-648431d3ae5d/omNode-3/ratis] (custom)
2022-10-18 03:55:01,009 [omNode-3-impl-thread1] INFO  server.RaftServer (RaftServerProxy.java:initGroupDir(247)) - omNode-3: found a subdirectory /home/runner/work/ozone/ozone/hadoop-ozone/integration-test/target/test-dir/MiniOzoneClusterImpl-2682239d-8109-418f-bfce-648431d3ae5d/omNode-3/ratis/c9bc4cf4-3bc3-3c60-a66b-523986131536
2022-10-18 03:55:01,009 [Listener at localhost/35839] INFO  server.RaftServer (RaftServerProxy.java:addNew(96)) - omNode-3: addNew group-523986131536:[omNode-3|rpc:localhost:37031|priority:0, omNode-1|rpc:localhost:38839|priority:0, omNode-2|rpc:localhost:42171|priority:0] returns group-523986131536:java.util.concurrent.CompletableFuture@1646e8ec[Not completed]
2022-10-18 03:55:01,010 [pool-970-thread-1] INFO  server.RaftServer$Division (RaftServerImpl.java:<init>(190)) - omNode-3: new RaftServerImpl for group-523986131536:[omNode-3|rpc:localhost:37031|priority:0, omNode-1|rpc:localhost:38839|priority:0, omNode-2|rpc:localhost:42171|priority:0] with OzoneManagerStateMachine:uninitialized
2022-10-18 03:55:01,010 [Listener at localhost/35839] INFO  om.OzoneManager (OzoneManager.java:initializeRatisServer(1975)) - OzoneManager Ratis server initialized at port 37031
2022-10-18 03:55:01,010 [pool-970-thread-1] INFO  server.RaftServerConfigKeys (ConfUtils.java:logGet(46)) - raft.server.rpc.timeout.min = 1s (custom)
2022-10-18 03:55:01,010 [Listener at localhost/35839] INFO  ratis.OzoneManagerRatisServer (OzoneManagerRatisServer.java:start(555)) - Starting OzoneManagerRatisServer omNode-3 at port 37031
2022-10-18 03:55:01,010 [pool-970-thread-1] INFO  server.RaftServerConfigKeys (ConfUtils.java:logGet(46)) - raft.server.rpc.timeout.max = 1200ms (custom)
2022-10-18 03:55:01,010 [pool-970-thread-1] INFO  server.RaftServerConfigKeys (ConfUtils.java:logGet(46)) - raft.server.rpc.sleep.time = 25ms (default)
2022-10-18 03:55:01,010 [pool-970-thread-1] INFO  server.RaftServerConfigKeys (ConfUtils.java:logGet(46)) - raft.server.rpc.slowness.timeout = 2s (custom)
2022-10-18 03:55:01,010 [pool-970-thread-1] INFO  server.RaftServerConfigKeys (ConfUtils.java:logGet(46)) - raft.server.leaderelection.leader.step-down.wait-time = 10s (default)
2022-10-18 03:55:01,010 [pool-970-thread-1] INFO  server.RaftServerConfigKeys (ConfUtils.java:logGet(46)) - raft.server.sleep.deviation.threshold = 300ms (default)
2022-10-18 03:55:01,010 [pool-970-thread-1] INFO  server.RaftServer$Division (ServerState.java:<init>(107)) - omNode-3@group-523986131536: ConfigurationManager, init=-1: [omNode-3|rpc:localhost:37031|priority:0, omNode-1|rpc:localhost:38839|priority:0, omNode-2|rpc:localhost:42171|priority:0], old=null, confs=<EMPTY_MAP>
2022-10-18 03:55:01,010 [pool-970-thread-1] INFO  server.RaftServerConfigKeys (ConfUtils.java:logGet(46)) - raft.server.storage.dir = [/home/runner/work/ozone/ozone/hadoop-ozone/integration-test/target/test-dir/MiniOzoneClusterImpl-2682239d-8109-418f-bfce-648431d3ae5d/omNode-3/ratis] (custom)
2022-10-18 03:55:01,011 [pool-970-thread-1] INFO  server.RaftServerConfigKeys (ConfUtils.java:logGet(46)) - raft.server.log.corruption.policy = EXCEPTION (default)
2022-10-18 03:55:01,011 [pool-970-thread-1] INFO  server.RaftServerConfigKeys (ConfUtils.java:logGet(46)) - raft.server.storage.free-space.min = 0MB (=0) (default)
2022-10-18 03:55:01,012 [pool-970-thread-1] INFO  storage.RaftStorageDirectory (RaftStorageDirectoryImpl.java:tryLock(230)) - Lock on /home/runner/work/ozone/ozone/hadoop-ozone/integration-test/target/test-dir/MiniOzoneClusterImpl-2682239d-8109-418f-bfce-648431d3ae5d/omNode-3/ratis/c9bc4cf4-3bc3-3c60-a66b-523986131536/in_use.lock acquired by nodename 30743@fv-az573-760
2022-10-18 03:55:01,012 [pool-970-thread-1] INFO  storage.RaftStorage (RaftStorageImpl.java:analyzeAndRecoverStorage(110)) - Read RaftStorageMetadata{term=1, votedFor=} from /home/runner/work/ozone/ozone/hadoop-ozone/integration-test/target/test-dir/MiniOzoneClusterImpl-2682239d-8109-418f-bfce-648431d3ae5d/omNode-3/ratis/c9bc4cf4-3bc3-3c60-a66b-523986131536/current/raft-meta
2022-10-18 03:55:01,012 [pool-970-thread-1] INFO  server.RaftServer$Division (ServerState.java:setRaftConf(393)) - omNode-3@group-523986131536: set configuration 0: [omNode-3|rpc:localhost:37031|admin:|client:|dataStream:|priority:0, omNode-1|rpc:localhost:38839|admin:|client:|dataStream:|priority:0, omNode-2|rpc:localhost:42171|admin:|client:|dataStream:|priority:0], old=null
2022-10-18 03:55:01,012 [pool-970-thread-1] INFO  server.RaftServerConfigKeys (ConfUtils.java:logGet(46)) - raft.server.notification.no-leader.timeout = 2s (custom)
2022-10-18 03:55:01,013 [pool-970-thread-1] INFO  server.RaftServerConfigKeys (ConfUtils.java:logGet(46)) - raft.server.log.use.memory = false (default)
2022-10-18 03:55:01,013 [pool-970-thread-1] INFO  server.RaftServerConfigKeys (ConfUtils.java:logGet(46)) - raft.server.log.purge.gap = 50 (custom)
2022-10-18 03:55:01,013 [pool-970-thread-1] INFO  server.RaftServerConfigKeys (ConfUtils.java:logGet(46)) - raft.server.log.appender.buffer.byte-limit = 33554432 (custom)
2022-10-18 03:55:01,013 [pool-970-thread-1] INFO  server.RaftServerConfigKeys (ConfUtils.java:logGet(46)) - raft.server.log.statemachine.data.read.timeout = 1000ms (default)
2022-10-18 03:55:01,013 [pool-970-thread-1] INFO  server.RaftServerConfigKeys (ConfUtils.java:logGet(46)) - raft.server.log.segment.size.max = 4194304 (custom)
2022-10-18 03:55:01,013 [pool-970-thread-1] INFO  server.RaftServerConfigKeys (ConfUtils.java:logGet(46)) - raft.server.log.segment.cache.num.max = 2 (custom)
2022-10-18 03:55:01,013 [pool-970-thread-1] INFO  server.RaftServerConfigKeys (ConfUtils.java:logGet(46)) - raft.server.log.segment.cache.size.max = 200MB (=209715200) (default)
2022-10-18 03:55:01,014 [pool-970-thread-1] INFO  segmented.SegmentedRaftLogWorker (SegmentedRaftLogWorker.java:<init>(187)) - new omNode-3@group-523986131536-SegmentedRaftLogWorker for RaftStorageImpl:Storage Directory /home/runner/work/ozone/ozone/hadoop-ozone/integration-test/target/test-dir/MiniOzoneClusterImpl-2682239d-8109-418f-bfce-648431d3ae5d/omNode-3/ratis/c9bc4cf4-3bc3-3c60-a66b-523986131536
2022-10-18 03:55:01,014 [pool-970-thread-1] INFO  server.RaftServerConfigKeys (ConfUtils.java:logGet(46)) - raft.server.log.queue.byte-limit = 64MB (=67108864) (default)
2022-10-18 03:55:01,014 [pool-970-thread-1] INFO  server.RaftServerConfigKeys (ConfUtils.java:logGet(46)) - raft.server.log.queue.element-limit = 4096 (default)
2022-10-18 03:55:01,014 [pool-970-thread-1] INFO  server.RaftServerConfigKeys (ConfUtils.java:logGet(46)) - raft.server.log.segment.size.max = 4194304 (custom)
2022-10-18 03:55:01,014 [pool-970-thread-1] INFO  server.RaftServerConfigKeys (ConfUtils.java:logGet(46)) - raft.server.log.preallocated.size = 4194304 (custom)
2022-10-18 03:55:01,014 [pool-970-thread-1] INFO  server.RaftServerConfigKeys (ConfUtils.java:logGet(46)) - raft.server.log.force.sync.num = 128 (default)
2022-10-18 03:55:01,014 [pool-970-thread-1] INFO  server.RaftServerConfigKeys (ConfUtils.java:logGet(46)) - raft.server.log.statemachine.data.sync = true (default)
2022-10-18 03:55:01,014 [pool-970-thread-1] INFO  server.RaftServerConfigKeys (ConfUtils.java:logGet(46)) - raft.server.log.statemachine.data.sync.timeout = 10s (default)
2022-10-18 03:55:01,014 [pool-970-thread-1] INFO  server.RaftServerConfigKeys (ConfUtils.java:logGet(46)) - raft.server.log.statemachine.data.sync.timeout.retry = -1 (default)
2022-10-18 03:55:01,015 [pool-970-thread-1] INFO  server.RaftServerConfigKeys (ConfUtils.java:logGet(46)) - raft.server.log.write.buffer.size = 64KB (=65536) (default)
2022-10-18 03:55:01,015 [pool-970-thread-1] INFO  server.RaftServerConfigKeys (ConfUtils.java:logGet(46)) - raft.server.log.unsafe-flush.enabled = false (default)
2022-10-18 03:55:01,015 [pool-970-thread-1] INFO  server.RaftServerConfigKeys (ConfUtils.java:logGet(46)) - raft.server.log.statemachine.data.caching.enabled = false (default)
2022-10-18 03:55:01,016 [pool-970-thread-1] INFO  server.RaftServer$Division (ServerState.java:setRaftConf(393)) - omNode-3@group-523986131536: set configuration 0: [omNode-3|rpc:localhost:37031|admin:|client:|dataStream:|priority:0, omNode-1|rpc:localhost:38839|admin:|client:|dataStream:|priority:0, omNode-2|rpc:localhost:42171|admin:|client:|dataStream:|priority:0], old=null
2022-10-18 03:55:01,020 [pool-970-thread-1] INFO  segmented.LogSegment (LogSegment.java:loadSegment(173)) - Successfully read 585 entries from segment file /home/runner/work/ozone/ozone/hadoop-ozone/integration-test/target/test-dir/MiniOzoneClusterImpl-2682239d-8109-418f-bfce-648431d3ae5d/omNode-3/ratis/c9bc4cf4-3bc3-3c60-a66b-523986131536/current/log_inprogress_0
2022-10-18 03:55:01,021 [pool-970-thread-1] INFO  segmented.SegmentedRaftLogWorker (SegmentedRaftLogWorker.java:lambda$new$0(135)) - omNode-3@group-523986131536-SegmentedRaftLogWorker: flushIndex: setUnconditionally 0 -> 584
2022-10-18 03:55:01,021 [pool-970-thread-1] INFO  segmented.SegmentedRaftLogWorker (SegmentedRaftLogWorker.java:lambda$new$0(135)) - omNode-3@group-523986131536-SegmentedRaftLogWorker: safeCacheEvictIndex: setUnconditionally 0 -> -1
2022-10-18 03:55:01,021 [pool-970-thread-1] INFO  raftlog.RaftLog (RaftLogBase.java:lambda$new$0(53)) - omNode-3@group-523986131536-SegmentedRaftLog: commitIndex: updateToMax old=582, new=583, updated? true
2022-10-18 03:55:01,021 [pool-970-thread-1] INFO  server.RaftServerConfigKeys (ConfUtils.java:logGet(46)) - raft.server.snapshot.auto.trigger.enabled = true (custom)
2022-10-18 03:55:01,021 [pool-970-thread-1] INFO  server.RaftServerConfigKeys (ConfUtils.java:logGet(46)) - raft.server.snapshot.auto.trigger.threshold = 50 (custom)
2022-10-18 03:55:01,021 [pool-970-thread-1] INFO  server.RaftServerConfigKeys (ConfUtils.java:logGet(46)) - raft.server.snapshot.retention.file.num = -1 (default)
2022-10-18 03:55:01,021 [pool-970-thread-1] INFO  server.RaftServerConfigKeys (ConfUtils.java:logGet(46)) - raft.server.log.purge.upto.snapshot.index = true (custom)
2022-10-18 03:55:01,021 [pool-970-thread-1] INFO  server.RaftServerConfigKeys (ConfUtils.java:logGet(46)) - raft.server.retrycache.expirytime = 30000ms (custom)
2022-10-18 03:55:01,021 [pool-970-thread-1] INFO  server.RaftServerConfigKeys (ConfUtils.java:logGet(46)) - raft.server.retrycache.statistics.expirytime = 100μs (default)
2022-10-18 03:55:01,023 [pool-970-thread-1] INFO  server.RaftServerConfigKeys (ConfUtils.java:logGet(46)) - raft.server.log.appender.install.snapshot.enabled = false (custom)
2022-10-18 03:55:01,023 [pool-970-thread-1] INFO  server.RaftServerConfigKeys (ConfUtils.java:logGet(46)) - raft.server.threadpool.server.cached = true (default)
2022-10-18 03:55:01,023 [pool-970-thread-1] INFO  server.RaftServerConfigKeys (ConfUtils.java:logGet(46)) - raft.server.threadpool.server.size = 0 (default)
2022-10-18 03:55:01,023 [pool-970-thread-1] INFO  server.RaftServerConfigKeys (ConfUtils.java:logGet(46)) - raft.server.threadpool.client.cached = true (default)
2022-10-18 03:55:01,023 [pool-970-thread-1] INFO  server.RaftServerConfigKeys (ConfUtils.java:logGet(46)) - raft.server.threadpool.client.size = 0 (default)
2022-10-18 03:55:01,027 [omNode-3-impl-thread1] INFO  server.RaftServer$Division (RaftServerImpl.java:start(310)) - omNode-3@group-523986131536: start as a follower, conf=0: [omNode-3|rpc:localhost:37031|admin:|client:|dataStream:|priority:0, omNode-1|rpc:localhost:38839|admin:|client:|dataStream:|priority:0, omNode-2|rpc:localhost:42171|admin:|client:|dataStream:|priority:0], old=null
2022-10-18 03:55:01,027 [omNode-3-impl-thread1] INFO  server.RaftServer$Division (RaftServerImpl.java:setRole(299)) - omNode-3@group-523986131536: changes role from      null to FOLLOWER at term 1 for startAsFollower
2022-10-18 03:55:01,027 [omNode-3-impl-thread1] INFO  impl.RoleInfo (RoleInfo.java:updateAndGet(139)) - omNode-3: start omNode-3@group-523986131536-FollowerState
2022-10-18 03:55:01,027 [omNode-3-impl-thread1] INFO  util.JmxRegister (JmxRegister.java:tryRegister(44)) - Successfully registered JMX Bean with object name Ratis:service=RaftServer,group=group-523986131536,id=omNode-3
2022-10-18 03:55:01,028 [Listener at localhost/35839] INFO  server.RaftServer (RaftServerProxy.java:lambda$start$6(382)) - omNode-3: start RPC server
2022-10-18 03:55:01,030 [Listener at localhost/35839] INFO  server.GrpcService (GrpcService.java:startImpl(260)) - omNode-3: GrpcService started, listening on 37031
2022-10-18 03:55:01,030 [Listener at localhost/35839] INFO  om.OzoneManager (OzoneManager.java:getRpcServer(1101)) - Creating RPC Server
2022-10-18 03:55:01,033 [org.apache.ratis.util.JvmPauseMonitor$$Lambda$703/726954313@578c33ce] INFO  util.JvmPauseMonitor (JvmPauseMonitor.java:run(103)) - JvmPauseMonitor-omNode-3: Started
2022-10-18 03:55:01,294 [EndpointStateMachine task thread for /0.0.0.0:43069 - 0 ] INFO  ipc.Client (Client.java:handleConnectionFailure(1010)) - Retrying connect to server: 0.0.0.0/0.0.0.0:43069. Already tried 11 time(s); retry policy is RetryUpToMaximumCountWithFixedSleep(maxRetries=15, sleepTime=1000 MILLISECONDS)
2022-10-18 03:55:01,414 [grpc-default-executor-1] WARN  server.GrpcLogAppender (LogUtils.java:warn(122)) - omNode-1@group-523986131536->omNode-3-AppendLogResponseHandler: Failed appendEntries: org.apache.ratis.thirdparty.io.grpc.StatusRuntimeException: UNAVAILABLE: io exception
2022-10-18 03:55:01,415 [grpc-default-executor-1] INFO  leader.FollowerInfo (FollowerInfoImpl.java:lambda$new$0(48)) - omNode-1@group-523986131536->omNode-3: nextIndex: updateUnconditionally 585 -> 584
2022-10-18 03:55:01,417 [Listener at localhost/35839] INFO  reflections.Reflections (Reflections.java:scan(232)) - Reflections took 386 ms to scan 19 urls, producing 67 keys and 4238 values [using 2 cores]
2022-10-18 03:55:01,418 [Listener at localhost/35839] INFO  ipc.CallQueueManager (CallQueueManager.java:<init>(90)) - Using callQueue: class java.util.concurrent.LinkedBlockingQueue, queueCapacity: 2000, scheduler: class org.apache.hadoop.ipc.DefaultRpcScheduler, ipcBackoff: false.
2022-10-18 03:55:01,419 [Socket Reader #1 for port 35839] INFO  ipc.Server (Server.java:run(1273)) - Starting Socket Reader #1 for port 35839
2022-10-18 03:55:01,423 [Listener at localhost/35839] INFO  http.BaseHttpServer (BaseHttpServer.java:newHttpServer2BuilderForOzone(213)) - Starting Web-server for ozoneManager at: http://0.0.0.0:37259
2022-10-18 03:55:01,423 [Listener at localhost/35839] INFO  http.BaseHttpServer (BaseHttpServer.java:<init>(108)) - Hadoop Security Enabled: false Ozone Security Enabled: false Ozone HTTP Security Enabled: false 
2022-10-18 03:55:01,424 [Listener at localhost/35839] WARN  server.AuthenticationFilter (AuthenticationFilter.java:constructSecretProvider(240)) - Unable to initialize FileSignerSecretProvider, falling back to use random secrets. Reason: Could not read signature secret file: /home/runner/hadoop-http-auth-signature-secret
2022-10-18 03:55:01,428 [omNode-3-server-thread1] INFO  server.RaftServer$Division (ServerState.java:setLeader(287)) - omNode-3@group-523986131536: change Leader from null to omNode-1 at term 1 for appendEntries, leader elected after 415ms
2022-10-18 03:55:01,428 [Listener at localhost/35839] WARN  http.HttpRequestLog (HttpRequestLog.java:getRequestLog(103)) - Jetty request log can only be enabled using Log4j
2022-10-18 03:55:01,429 [Listener at localhost/35839] INFO  http.HttpServer2 (HttpServer2.java:addGlobalFilter(1031)) - Added global filter 'safety' (class=org.apache.hadoop.hdds.server.http.HttpServer2$QuotingInputFilter)
2022-10-18 03:55:01,430 [Listener at localhost/35839] INFO  http.HttpServer2 (HttpServer2.java:addFilter(1007)) - Added filter static_user_filter (class=org.apache.hadoop.http.lib.StaticUserWebFilter$StaticUserFilter) to context ozoneManager
2022-10-18 03:55:01,430 [Listener at localhost/35839] INFO  http.HttpServer2 (HttpServer2.java:addFilter(1015)) - Added filter static_user_filter (class=org.apache.hadoop.http.lib.StaticUserWebFilter$StaticUserFilter) to context logs
2022-10-18 03:55:01,430 [Listener at localhost/35839] INFO  http.HttpServer2 (HttpServer2.java:addFilter(1015)) - Added filter static_user_filter (class=org.apache.hadoop.http.lib.StaticUserWebFilter$StaticUserFilter) to context static
2022-10-18 03:55:01,431 [Listener at localhost/35839] INFO  http.HttpServer2 (HttpServer2.java:bindListener(1250)) - Jetty bound to port 37259
2022-10-18 03:55:01,431 [Listener at localhost/35839] INFO  server.Server (Server.java:doStart(375)) - jetty-9.4.43.v20210629; built: 2021-06-30T11:07:22.254Z; git: 526006ecfa3af7f1a27ef3a288e2bef7ea9dd7e8; jvm 1.8.0_345-b01
2022-10-18 03:55:01,433 [Listener at localhost/35839] INFO  server.session (DefaultSessionIdManager.java:doStart(334)) - DefaultSessionIdManager workerName=node0
2022-10-18 03:55:01,433 [Listener at localhost/35839] INFO  server.session (DefaultSessionIdManager.java:doStart(339)) - No SessionScavenger set, using defaults
2022-10-18 03:55:01,433 [Listener at localhost/35839] INFO  server.session (HouseKeeper.java:startScavenging(132)) - node0 Scavenging every 600000ms
2022-10-18 03:55:01,434 [Listener at localhost/35839] INFO  handler.ContextHandler (ContextHandler.java:doStart(915)) - Started o.e.j.s.ServletContextHandler@57bba4ee{logs,/logs,file:///home/runner/work/ozone/ozone/hadoop-ozone/integration-test/target/log,AVAILABLE}
2022-10-18 03:55:01,434 [Listener at localhost/35839] INFO  handler.ContextHandler (ContextHandler.java:doStart(915)) - Started o.e.j.s.ServletContextHandler@81c76c9{static,/static,file:///home/runner/work/ozone/ozone/hadoop-ozone/integration-test/target/test-classes/webapps/static,AVAILABLE}
2022-10-18 03:55:01,437 [Listener at localhost/35839] INFO  handler.ContextHandler (ContextHandler.java:doStart(915)) - Started o.e.j.w.WebAppContext@22886fc1{ozoneManager,/,file:///home/runner/work/ozone/ozone/hadoop-ozone/integration-test/target/test-classes/webapps/ozoneManager/,AVAILABLE}{file:/home/runner/work/ozone/ozone/hadoop-ozone/integration-test/target/test-classes/webapps/ozoneManager}
2022-10-18 03:55:01,446 [Listener at localhost/35839] INFO  server.AbstractConnector (AbstractConnector.java:doStart(331)) - Started ServerConnector@2912523c{HTTP/1.1, (http/1.1)}{0.0.0.0:37259}
2022-10-18 03:55:01,447 [Listener at localhost/35839] INFO  server.Server (Server.java:doStart(415)) - Started @107135ms
2022-10-18 03:55:01,447 [Listener at localhost/35839] WARN  impl.MetricsSystemImpl (MetricsSystemImpl.java:register(279)) - Sink prometheus already exists!
2022-10-18 03:55:01,448 [Listener at localhost/35839] INFO  http.BaseHttpServer (BaseHttpServer.java:updateConnectorAddress(333)) - HTTP server of ozoneManager listening at http://0.0.0.0:37259
2022-10-18 03:55:01,448 [IPC Server Responder] INFO  ipc.Server (Server.java:run(1512)) - IPC Server Responder: starting
2022-10-18 03:55:01,448 [IPC Server listener on 35839] INFO  ipc.Server (Server.java:run(1352)) - IPC Server listener on 35839: starting
2022-10-18 03:55:01,451 [Listener at localhost/35839] INFO  om.OzoneManager (OzoneManager.java:startTrashEmptier(1919)) - Trash Interval set to 0. Files deleted won't move to trash
2022-10-18 03:55:01,451 [Listener at localhost/35839] INFO  om.OzoneManager (OzoneManager.java:stop(2034)) - omNode-1[localhost:44847]: Stopping Ozone Manager
2022-10-18 03:55:01,452 [Listener at localhost/35839] INFO  ipc.Server (Server.java:stop(3428)) - Stopping server on 44847
2022-10-18 03:55:01,459 [IPC Server listener on 44847] INFO  ipc.Server (Server.java:run(1384)) - Stopping IPC Server listener on 44847
2022-10-18 03:55:01,460 [IPC Server Responder] INFO  ipc.Server (Server.java:run(1517)) - Stopping IPC Server Responder
2022-10-18 03:55:01,460 [Listener at localhost/35839] INFO  server.RaftServer (RaftServerProxy.java:lambda$close$7(398)) - omNode-1: close
2022-10-18 03:55:01,460 [Listener at localhost/35839] INFO  server.RaftServer$Division (RaftServerImpl.java:lambda$close$4(434)) - omNode-1@group-523986131536: shutdown
2022-10-18 03:55:01,460 [Listener at localhost/35839] INFO  util.JmxRegister (JmxRegister.java:unregister(73)) - Successfully un-registered JMX Bean with object name Ratis:service=RaftServer,group=group-523986131536,id=omNode-1
2022-10-18 03:55:01,461 [Listener at localhost/35839] INFO  impl.RoleInfo (RoleInfo.java:shutdownLeaderState(93)) - omNode-1: shutdown omNode-1@group-523986131536-LeaderStateImpl
2022-10-18 03:55:01,461 [Listener at localhost/35839] INFO  impl.PendingRequests (PendingRequests.java:sendNotLeaderResponses(282)) - omNode-1@group-523986131536-PendingRequests: sendNotLeaderResponses
2022-10-18 03:55:01,461 [omNode-1@group-523986131536->omNode-2-GrpcLogAppender-LogAppenderDaemon] WARN  server.GrpcLogAppender (GrpcLogAppender.java:mayWait(171)) - omNode-1@group-523986131536->omNode-2-GrpcLogAppender: Wait interrupted by java.lang.InterruptedException
2022-10-18 03:55:01,468 [omNode-1@group-523986131536->omNode-3-GrpcLogAppender-LogAppenderDaemon] WARN  server.GrpcLogAppender (GrpcLogAppender.java:mayWait(171)) - omNode-1@group-523986131536->omNode-3-GrpcLogAppender: Wait interrupted by java.lang.InterruptedException
2022-10-18 03:55:01,468 [org.apache.hadoop.util.JvmPauseMonitor$Monitor@264a62a9] INFO  util.JvmPauseMonitor (JvmPauseMonitor.java:run(188)) - Starting JVM pause monitor
2022-10-18 03:55:01,468 [grpc-default-executor-1] INFO  server.GrpcServerProtocolService (GrpcServerProtocolService.java:onCompleted(140)) - omNode-3: Completed APPEND_ENTRIES, lastRequest: omNode-1->omNode-3#1262934-t1,previous=(t:1, i:583),leaderCommit=584,initializing? true,entries: size=1, first=(t:1, i:584), METADATAENTRY(c:583)
2022-10-18 03:55:01,468 [grpc-default-executor-3] INFO  server.GrpcServerProtocolService (GrpcServerProtocolService.java:onCompleted(140)) - omNode-2: Completed APPEND_ENTRIES, lastRequest: omNode-1->omNode-2#1189-t1,previous=(t:1, i:583),leaderCommit=583,initializing? true,entries: size=1, first=(t:1, i:584), METADATAENTRY(c:583)
2022-10-18 03:55:01,471 [grpc-default-executor-2] INFO  server.GrpcLogAppender (GrpcLogAppender.java:onCompleted(339)) - omNode-1@group-523986131536->omNode-3-AppendLogResponseHandler: follower responses appendEntries COMPLETED
2022-10-18 03:55:01,471 [grpc-default-executor-2] INFO  leader.FollowerInfo (FollowerInfoImpl.java:lambda$new$0(48)) - omNode-1@group-523986131536->omNode-3: nextIndex: updateUnconditionally 585 -> 584
2022-10-18 03:55:01,472 [grpc-default-executor-1] INFO  server.GrpcLogAppender (GrpcLogAppender.java:onCompleted(339)) - omNode-1@group-523986131536->omNode-2-AppendLogResponseHandler: follower responses appendEntries COMPLETED
2022-10-18 03:55:01,472 [grpc-default-executor-1] INFO  leader.FollowerInfo (FollowerInfoImpl.java:lambda$new$0(48)) - omNode-1@group-523986131536->omNode-2: nextIndex: updateUnconditionally 585 -> 584
2022-10-18 03:55:01,472 [Listener at localhost/35839] INFO  impl.StateMachineUpdater (StateMachineUpdater.java:stopAndJoin(153)) - omNode-1@group-523986131536-StateMachineUpdater: set stopIndex = 584
2022-10-18 03:55:01,472 [omNode-1@group-523986131536-StateMachineUpdater] INFO  ratis.OzoneManagerStateMachine (OzoneManagerStateMachine.java:takeSnapshot(441)) - Current Snapshot Index (t:1, i:584)
2022-10-18 03:55:01,473 [omNode-1@group-523986131536-StateMachineUpdater] INFO  impl.StateMachineUpdater (StateMachineUpdater.java:takeSnapshot(287)) - omNode-1@group-523986131536-StateMachineUpdater: Took a snapshot at index 584
2022-10-18 03:55:01,473 [omNode-1@group-523986131536-StateMachineUpdater] INFO  impl.StateMachineUpdater (StateMachineUpdater.java:lambda$new$0(92)) - omNode-1@group-523986131536-StateMachineUpdater: snapshotIndex: updateIncreasingly 550 -> 584
2022-10-18 03:55:01,473 [omNode-1@group-523986131536-StateMachineUpdater] INFO  ratis.OzoneManagerStateMachine (OzoneManagerStateMachine.java:close(495)) - StateMachine has shutdown. Shutdown OzoneManager if not already shutdown.
2022-10-18 03:55:01,473 [omNode-1@group-523986131536-StateMachineUpdater] INFO  ratis.OzoneManagerDoubleBuffer (OzoneManagerDoubleBuffer.java:stop(466)) - Stopping OMDoubleBuffer flush thread
2022-10-18 03:55:01,473 [OMDoubleBufferFlushThread] INFO  ratis.OzoneManagerDoubleBuffer (OzoneManagerDoubleBuffer.java:flushTransactions(385)) - OMDoubleBuffer flush thread OMDoubleBufferFlushThread is interrupted and will exit.
2022-10-18 03:55:01,473 [Listener at localhost/35839] INFO  server.RaftServer$Division (ServerState.java:close(429)) - omNode-1@group-523986131536: closes. applyIndex: 584
2022-10-18 03:55:01,474 [omNode-1@group-523986131536-SegmentedRaftLogWorker] INFO  segmented.SegmentedRaftLogWorker (SegmentedRaftLogWorker.java:run(336)) - omNode-1@group-523986131536-SegmentedRaftLogWorker was interrupted, exiting. There are 0 tasks remaining in the queue.
2022-10-18 03:55:01,474 [Listener at localhost/35839] INFO  segmented.SegmentedRaftLogWorker (SegmentedRaftLogWorker.java:close(246)) - omNode-1@group-523986131536-SegmentedRaftLogWorker close()
2022-10-18 03:55:01,478 [Listener at localhost/35839] INFO  server.GrpcService (GrpcService.java:closeImpl(269)) - omNode-1: shutdown server with port 38839 now
2022-10-18 03:55:01,483 [Listener at localhost/35839] INFO  server.GrpcService (GrpcService.java:closeImpl(278)) - omNode-1: shutdown server with port 38839 successfully
2022-10-18 03:55:01,483 [org.apache.ratis.util.JvmPauseMonitor$$Lambda$703/726954313@1342f774] INFO  util.JvmPauseMonitor (JvmPauseMonitor.java:run(109)) - JvmPauseMonitor-omNode-1: Stopped
2022-10-18 03:55:01,484 [Listener at localhost/35839] INFO  ratis.OzoneManagerStateMachine (OzoneManagerStateMachine.java:close(495)) - StateMachine has shutdown. Shutdown OzoneManager if not already shutdown.
2022-10-18 03:55:01,484 [Listener at localhost/35839] INFO  ratis.OzoneManagerDoubleBuffer (OzoneManagerDoubleBuffer.java:stop(478)) - OMDoubleBuffer flush thread is not running.
2022-10-18 03:55:01,484 [Listener at localhost/35839] INFO  utils.BackgroundService (BackgroundService.java:shutdown(141)) - Shutting down service KeyDeletingService
2022-10-18 03:55:01,484 [Listener at localhost/35839] INFO  utils.BackgroundService (BackgroundService.java:shutdown(141)) - Shutting down service DirectoryDeletingService
2022-10-18 03:55:01,484 [Listener at localhost/35839] INFO  utils.BackgroundService (BackgroundService.java:shutdown(141)) - Shutting down service OpenKeyCleanupService
2022-10-18 03:55:01,485 [Listener at localhost/35839] INFO  handler.ContextHandler (ContextHandler.java:doStop(1153)) - Stopped o.e.j.w.WebAppContext@1ddd957e{ozoneManager,/,null,STOPPED}{file:/home/runner/work/ozone/ozone/hadoop-ozone/integration-test/target/test-classes/webapps/ozoneManager}
2022-10-18 03:55:01,486 [Listener at localhost/35839] INFO  server.AbstractConnector (AbstractConnector.java:doStop(381)) - Stopped ServerConnector@25302c0{HTTP/1.1, (http/1.1)}{0.0.0.0:37425}
2022-10-18 03:55:01,486 [Listener at localhost/35839] INFO  server.session (HouseKeeper.java:stopScavenging(149)) - node0 Stopped scavenging
2022-10-18 03:55:01,486 [Listener at localhost/35839] INFO  handler.ContextHandler (ContextHandler.java:doStop(1153)) - Stopped o.e.j.s.ServletContextHandler@2b02447d{static,/static,file:///home/runner/work/ozone/ozone/hadoop-ozone/integration-test/target/test-classes/webapps/static,STOPPED}
2022-10-18 03:55:01,486 [Listener at localhost/35839] INFO  handler.ContextHandler (ContextHandler.java:doStop(1153)) - Stopped o.e.j.s.ServletContextHandler@92a4d3b{logs,/logs,file:///home/runner/work/ozone/ozone/hadoop-ozone/integration-test/target/log,STOPPED}
2022-10-18 03:55:01,491 [Listener at localhost/35839] INFO  om.OzoneManager (OzoneManager.java:restart(1571)) - OzoneManager RPC server is listening at localhost/127.0.0.1:44847
2022-10-18 03:55:01,492 [Listener at localhost/35839] INFO  impl.MetricsSystemImpl (MetricsSystemImpl.java:init(158)) - OzoneManager metrics system started (again)
2022-10-18 03:55:01,505 [Listener at localhost/35839] WARN  server.ServerUtils (ServerUtils.java:getDBPath(225)) - ozone.om.db.dirs is not configured. We recommend adding this setting. Falling back to ozone.metadata.dirs instead.
2022-10-18 03:55:01,505 [Listener at localhost/35839] INFO  codec.OmKeyInfoCodec (OmKeyInfoCodec.java:<init>(49)) - OmKeyInfoCodec ignorePipeline = true
2022-10-18 03:55:01,505 [Listener at localhost/35839] INFO  codec.RepeatedOmKeyInfoCodec (RepeatedOmKeyInfoCodec.java:<init>(41)) - RepeatedOmKeyInfoCodec ignorePipeline = true
2022-10-18 03:55:01,552 [Listener at localhost/35839] INFO  om.OzoneManager (OzoneManager.java:instantiateServices(712)) - S3 Multi-Tenancy is disabled
2022-10-18 03:55:01,553 [Listener at localhost/35839] WARN  server.ServerUtils (ServerUtils.java:getDefaultRatisDirectory(237)) - Storage directory for Ratis is not configured. It is a good idea to map this to an SSD disk. Falling back to ozone.metadata.dirs
2022-10-18 03:55:01,554 [Listener at localhost/35839] INFO  ratis.OzoneManagerRatisServer (OzoneManagerRatisServer.java:<init>(160)) - Instantiating OM Ratis server with groupID: om-service-test1 and peers: localhost:38839, localhost:37031, localhost:42171
2022-10-18 03:55:01,555 [Listener at localhost/35839] INFO  ratis.OzoneManagerStateMachine (OzoneManagerStateMachine.java:loadSnapshotInfoFromDB(632)) - LastAppliedIndex is set from TransactionInfo from OM DB as (t:1, i:584)
2022-10-18 03:55:01,557 [Listener at localhost/35839] INFO  server.RaftServer (ConfUtils.java:logGet(46)) - raft.rpc.type = GRPC (default)
2022-10-18 03:55:01,558 [Listener at localhost/35839] INFO  grpc.GrpcFactory (GrpcFactory.java:checkPooledByteBufAllocatorUseCacheForAllThreads(48)) - PERFORMANCE WARNING: useCacheForAllThreads is true that may cause Netty to create a lot garbage objects and, as a result, trigger GC.
	It is recommended to disable useCacheForAllThreads by setting -Dorg.apache.ratis.thirdparty.io.netty.allocator.useCacheForAllThreads=false in command line.
2022-10-18 03:55:01,558 [Listener at localhost/35839] INFO  grpc.GrpcConfigKeys (ConfUtils.java:logGet(46)) - raft.grpc.admin.port = -1 (default)
2022-10-18 03:55:01,558 [Listener at localhost/35839] INFO  grpc.GrpcConfigKeys (ConfUtils.java:logGet(46)) - raft.grpc.server.port = 38839 (custom)
2022-10-18 03:55:01,558 [Listener at localhost/35839] INFO  grpc.GrpcConfigKeys (ConfUtils.java:logGet(46)) - raft.grpc.client.port = -1 (default)
2022-10-18 03:55:01,558 [Listener at localhost/35839] INFO  grpc.GrpcConfigKeys (ConfUtils.java:logGet(46)) - raft.grpc.server.port = 38839 (custom)
2022-10-18 03:55:01,558 [Listener at localhost/35839] INFO  grpc.GrpcConfigKeys (ConfUtils.java:logGet(46)) - raft.grpc.server.port = 38839 (custom)
2022-10-18 03:55:01,559 [Listener at localhost/35839] INFO  server.GrpcService (ConfUtils.java:logGet(46)) - raft.grpc.message.size.max = 33554432 (custom)
2022-10-18 03:55:01,559 [Listener at localhost/35839] INFO  server.RaftServerConfigKeys (ConfUtils.java:logGet(46)) - raft.server.log.appender.buffer.byte-limit = 33554432 (custom)
2022-10-18 03:55:01,559 [Listener at localhost/35839] INFO  server.GrpcService (ConfUtils.java:logGet(46)) - raft.grpc.flow.control.window = 1MB (=1048576) (default)
2022-10-18 03:55:01,559 [Listener at localhost/35839] INFO  server.RaftServerConfigKeys (ConfUtils.java:logGet(46)) - raft.server.rpc.request.timeout = 3000ms (default)
2022-10-18 03:55:01,559 [Listener at localhost/35839] INFO  grpc.GrpcConfigKeys (ConfUtils.java:logGet(46)) - raft.grpc.server.async.request.thread.pool.cached = true (default)
2022-10-18 03:55:01,559 [Listener at localhost/35839] INFO  grpc.GrpcConfigKeys (ConfUtils.java:logGet(46)) - raft.grpc.server.async.request.thread.pool.size = 32 (default)
2022-10-18 03:55:01,561 [Listener at localhost/35839] INFO  impl.DataStreamServerImpl (ConfUtils.java:logGet(46)) - raft.datastream.type = DISABLED (default)
2022-10-18 03:55:01,561 [Listener at localhost/35839] INFO  server.RaftServerConfigKeys (ConfUtils.java:logGet(46)) - raft.server.threadpool.proxy.cached = true (default)
2022-10-18 03:55:01,561 [Listener at localhost/35839] INFO  server.RaftServerConfigKeys (ConfUtils.java:logGet(46)) - raft.server.threadpool.proxy.size = 0 (default)
2022-10-18 03:55:01,561 [Listener at localhost/35839] INFO  server.RaftServerConfigKeys (ConfUtils.java:logGet(46)) - raft.server.rpc.slowness.timeout = 2s (custom)
2022-10-18 03:55:01,561 [Listener at localhost/35839] INFO  server.RaftServerConfigKeys (ConfUtils.java:logGet(46)) - raft.server.leaderelection.leader.step-down.wait-time = 10s (default)
2022-10-18 03:55:01,561 [Listener at localhost/35839] INFO  server.RaftServerConfigKeys (ConfUtils.java:logGet(46)) - raft.server.storage.dir = [/home/runner/work/ozone/ozone/hadoop-ozone/integration-test/target/test-dir/MiniOzoneClusterImpl-2682239d-8109-418f-bfce-648431d3ae5d/omNode-1/ratis] (custom)
2022-10-18 03:55:01,562 [omNode-1-impl-thread1] INFO  server.RaftServer (RaftServerProxy.java:initGroupDir(247)) - omNode-1: found a subdirectory /home/runner/work/ozone/ozone/hadoop-ozone/integration-test/target/test-dir/MiniOzoneClusterImpl-2682239d-8109-418f-bfce-648431d3ae5d/omNode-1/ratis/c9bc4cf4-3bc3-3c60-a66b-523986131536
2022-10-18 03:55:01,562 [Listener at localhost/35839] INFO  server.RaftServer (RaftServerProxy.java:addNew(96)) - omNode-1: addNew group-523986131536:[omNode-3|rpc:localhost:37031|priority:0, omNode-1|rpc:localhost:38839|priority:0, omNode-2|rpc:localhost:42171|priority:0] returns group-523986131536:java.util.concurrent.CompletableFuture@515846fb[Not completed]
2022-10-18 03:55:01,562 [Listener at localhost/35839] INFO  om.OzoneManager (OzoneManager.java:initializeRatisServer(1975)) - OzoneManager Ratis server initialized at port 38839
2022-10-18 03:55:01,562 [pool-994-thread-1] INFO  server.RaftServer$Division (RaftServerImpl.java:<init>(190)) - omNode-1: new RaftServerImpl for group-523986131536:[omNode-3|rpc:localhost:37031|priority:0, omNode-1|rpc:localhost:38839|priority:0, omNode-2|rpc:localhost:42171|priority:0] with OzoneManagerStateMachine:uninitialized
2022-10-18 03:55:01,563 [Listener at localhost/35839] INFO  ratis.OzoneManagerRatisServer (OzoneManagerRatisServer.java:start(555)) - Starting OzoneManagerRatisServer omNode-1 at port 38839
2022-10-18 03:55:01,563 [pool-994-thread-1] INFO  server.RaftServerConfigKeys (ConfUtils.java:logGet(46)) - raft.server.rpc.timeout.min = 1s (custom)
2022-10-18 03:55:01,563 [pool-994-thread-1] INFO  server.RaftServerConfigKeys (ConfUtils.java:logGet(46)) - raft.server.rpc.timeout.max = 1200ms (custom)
2022-10-18 03:55:01,563 [pool-994-thread-1] INFO  server.RaftServerConfigKeys (ConfUtils.java:logGet(46)) - raft.server.rpc.sleep.time = 25ms (default)
2022-10-18 03:55:01,563 [pool-994-thread-1] INFO  server.RaftServerConfigKeys (ConfUtils.java:logGet(46)) - raft.server.rpc.slowness.timeout = 2s (custom)
2022-10-18 03:55:01,563 [pool-994-thread-1] INFO  server.RaftServerConfigKeys (ConfUtils.java:logGet(46)) - raft.server.leaderelection.leader.step-down.wait-time = 10s (default)
2022-10-18 03:55:01,563 [pool-994-thread-1] INFO  server.RaftServerConfigKeys (ConfUtils.java:logGet(46)) - raft.server.sleep.deviation.threshold = 300ms (default)
2022-10-18 03:55:01,563 [pool-994-thread-1] INFO  server.RaftServer$Division (ServerState.java:<init>(107)) - omNode-1@group-523986131536: ConfigurationManager, init=-1: [omNode-3|rpc:localhost:37031|priority:0, omNode-1|rpc:localhost:38839|priority:0, omNode-2|rpc:localhost:42171|priority:0], old=null, confs=<EMPTY_MAP>
2022-10-18 03:55:01,563 [pool-994-thread-1] INFO  server.RaftServerConfigKeys (ConfUtils.java:logGet(46)) - raft.server.storage.dir = [/home/runner/work/ozone/ozone/hadoop-ozone/integration-test/target/test-dir/MiniOzoneClusterImpl-2682239d-8109-418f-bfce-648431d3ae5d/omNode-1/ratis] (custom)
2022-10-18 03:55:01,563 [pool-994-thread-1] INFO  server.RaftServerConfigKeys (ConfUtils.java:logGet(46)) - raft.server.log.corruption.policy = EXCEPTION (default)
2022-10-18 03:55:01,564 [pool-994-thread-1] INFO  server.RaftServerConfigKeys (ConfUtils.java:logGet(46)) - raft.server.storage.free-space.min = 0MB (=0) (default)
2022-10-18 03:55:01,565 [pool-994-thread-1] INFO  storage.RaftStorageDirectory (RaftStorageDirectoryImpl.java:tryLock(230)) - Lock on /home/runner/work/ozone/ozone/hadoop-ozone/integration-test/target/test-dir/MiniOzoneClusterImpl-2682239d-8109-418f-bfce-648431d3ae5d/omNode-1/ratis/c9bc4cf4-3bc3-3c60-a66b-523986131536/in_use.lock acquired by nodename 30743@fv-az573-760
2022-10-18 03:55:01,565 [pool-994-thread-1] INFO  storage.RaftStorage (RaftStorageImpl.java:analyzeAndRecoverStorage(110)) - Read RaftStorageMetadata{term=1, votedFor=omNode-1} from /home/runner/work/ozone/ozone/hadoop-ozone/integration-test/target/test-dir/MiniOzoneClusterImpl-2682239d-8109-418f-bfce-648431d3ae5d/omNode-1/ratis/c9bc4cf4-3bc3-3c60-a66b-523986131536/current/raft-meta
2022-10-18 03:55:01,565 [pool-994-thread-1] INFO  server.RaftServer$Division (ServerState.java:setRaftConf(393)) - omNode-1@group-523986131536: set configuration 0: [omNode-3|rpc:localhost:37031|admin:|client:|dataStream:|priority:0, omNode-1|rpc:localhost:38839|admin:|client:|dataStream:|priority:0, omNode-2|rpc:localhost:42171|admin:|client:|dataStream:|priority:0], old=null
2022-10-18 03:55:01,565 [pool-994-thread-1] INFO  server.RaftServerConfigKeys (ConfUtils.java:logGet(46)) - raft.server.notification.no-leader.timeout = 2s (custom)
2022-10-18 03:55:01,565 [pool-994-thread-1] INFO  server.RaftServerConfigKeys (ConfUtils.java:logGet(46)) - raft.server.log.use.memory = false (default)
2022-10-18 03:55:01,565 [pool-994-thread-1] INFO  server.RaftServerConfigKeys (ConfUtils.java:logGet(46)) - raft.server.log.purge.gap = 50 (custom)
2022-10-18 03:55:01,565 [pool-994-thread-1] INFO  server.RaftServerConfigKeys (ConfUtils.java:logGet(46)) - raft.server.log.appender.buffer.byte-limit = 33554432 (custom)
2022-10-18 03:55:01,565 [pool-994-thread-1] INFO  server.RaftServerConfigKeys (ConfUtils.java:logGet(46)) - raft.server.log.statemachine.data.read.timeout = 1000ms (default)
2022-10-18 03:55:01,566 [pool-994-thread-1] INFO  server.RaftServerConfigKeys (ConfUtils.java:logGet(46)) - raft.server.log.segment.size.max = 4194304 (custom)
2022-10-18 03:55:01,566 [pool-994-thread-1] INFO  server.RaftServerConfigKeys (ConfUtils.java:logGet(46)) - raft.server.log.segment.cache.num.max = 2 (custom)
2022-10-18 03:55:01,566 [pool-994-thread-1] INFO  server.RaftServerConfigKeys (ConfUtils.java:logGet(46)) - raft.server.log.segment.cache.size.max = 200MB (=209715200) (default)
2022-10-18 03:55:01,566 [pool-994-thread-1] INFO  segmented.SegmentedRaftLogWorker (SegmentedRaftLogWorker.java:<init>(187)) - new omNode-1@group-523986131536-SegmentedRaftLogWorker for RaftStorageImpl:Storage Directory /home/runner/work/ozone/ozone/hadoop-ozone/integration-test/target/test-dir/MiniOzoneClusterImpl-2682239d-8109-418f-bfce-648431d3ae5d/omNode-1/ratis/c9bc4cf4-3bc3-3c60-a66b-523986131536
2022-10-18 03:55:01,566 [pool-994-thread-1] INFO  server.RaftServerConfigKeys (ConfUtils.java:logGet(46)) - raft.server.log.queue.byte-limit = 64MB (=67108864) (default)
2022-10-18 03:55:01,566 [pool-994-thread-1] INFO  server.RaftServerConfigKeys (ConfUtils.java:logGet(46)) - raft.server.log.queue.element-limit = 4096 (default)
2022-10-18 03:55:01,566 [pool-994-thread-1] INFO  server.RaftServerConfigKeys (ConfUtils.java:logGet(46)) - raft.server.log.segment.size.max = 4194304 (custom)
2022-10-18 03:55:01,567 [pool-994-thread-1] INFO  server.RaftServerConfigKeys (ConfUtils.java:logGet(46)) - raft.server.log.preallocated.size = 4194304 (custom)
2022-10-18 03:55:01,567 [pool-994-thread-1] INFO  server.RaftServerConfigKeys (ConfUtils.java:logGet(46)) - raft.server.log.force.sync.num = 128 (default)
2022-10-18 03:55:01,567 [pool-994-thread-1] INFO  server.RaftServerConfigKeys (ConfUtils.java:logGet(46)) - raft.server.log.statemachine.data.sync = true (default)
2022-10-18 03:55:01,567 [pool-994-thread-1] INFO  server.RaftServerConfigKeys (ConfUtils.java:logGet(46)) - raft.server.log.statemachine.data.sync.timeout = 10s (default)
2022-10-18 03:55:01,567 [pool-994-thread-1] INFO  server.RaftServerConfigKeys (ConfUtils.java:logGet(46)) - raft.server.log.statemachine.data.sync.timeout.retry = -1 (default)
2022-10-18 03:55:01,568 [pool-994-thread-1] INFO  server.RaftServerConfigKeys (ConfUtils.java:logGet(46)) - raft.server.log.write.buffer.size = 64KB (=65536) (default)
2022-10-18 03:55:01,568 [pool-994-thread-1] INFO  server.RaftServerConfigKeys (ConfUtils.java:logGet(46)) - raft.server.log.unsafe-flush.enabled = false (default)
2022-10-18 03:55:01,568 [pool-994-thread-1] INFO  server.RaftServerConfigKeys (ConfUtils.java:logGet(46)) - raft.server.log.statemachine.data.caching.enabled = false (default)
2022-10-18 03:55:01,569 [pool-994-thread-1] INFO  server.RaftServer$Division (ServerState.java:setRaftConf(393)) - omNode-1@group-523986131536: set configuration 0: [omNode-3|rpc:localhost:37031|admin:|client:|dataStream:|priority:0, omNode-1|rpc:localhost:38839|admin:|client:|dataStream:|priority:0, omNode-2|rpc:localhost:42171|admin:|client:|dataStream:|priority:0], old=null
2022-10-18 03:55:01,571 [pool-994-thread-1] INFO  segmented.LogSegment (LogSegment.java:loadSegment(173)) - Successfully read 585 entries from segment file /home/runner/work/ozone/ozone/hadoop-ozone/integration-test/target/test-dir/MiniOzoneClusterImpl-2682239d-8109-418f-bfce-648431d3ae5d/omNode-1/ratis/c9bc4cf4-3bc3-3c60-a66b-523986131536/current/log_inprogress_0
2022-10-18 03:55:01,571 [pool-994-thread-1] INFO  segmented.SegmentedRaftLogWorker (SegmentedRaftLogWorker.java:lambda$new$0(135)) - omNode-1@group-523986131536-SegmentedRaftLogWorker: flushIndex: setUnconditionally 0 -> 584
2022-10-18 03:55:01,571 [pool-994-thread-1] INFO  segmented.SegmentedRaftLogWorker (SegmentedRaftLogWorker.java:lambda$new$0(135)) - omNode-1@group-523986131536-SegmentedRaftLogWorker: safeCacheEvictIndex: setUnconditionally 0 -> -1
2022-10-18 03:55:01,572 [pool-994-thread-1] INFO  raftlog.RaftLog (RaftLogBase.java:lambda$new$0(53)) - omNode-1@group-523986131536-SegmentedRaftLog: commitIndex: updateToMax old=584, new=583, updated? false
2022-10-18 03:55:01,572 [pool-994-thread-1] INFO  server.RaftServerConfigKeys (ConfUtils.java:logGet(46)) - raft.server.snapshot.auto.trigger.enabled = true (custom)
2022-10-18 03:55:01,572 [pool-994-thread-1] INFO  server.RaftServerConfigKeys (ConfUtils.java:logGet(46)) - raft.server.snapshot.auto.trigger.threshold = 50 (custom)
2022-10-18 03:55:01,572 [pool-994-thread-1] INFO  server.RaftServerConfigKeys (ConfUtils.java:logGet(46)) - raft.server.snapshot.retention.file.num = -1 (default)
2022-10-18 03:55:01,572 [pool-994-thread-1] INFO  server.RaftServerConfigKeys (ConfUtils.java:logGet(46)) - raft.server.log.purge.upto.snapshot.index = true (custom)
2022-10-18 03:55:01,572 [pool-994-thread-1] INFO  server.RaftServerConfigKeys (ConfUtils.java:logGet(46)) - raft.server.retrycache.expirytime = 30000ms (custom)
2022-10-18 03:55:01,572 [pool-994-thread-1] INFO  server.RaftServerConfigKeys (ConfUtils.java:logGet(46)) - raft.server.retrycache.statistics.expirytime = 100μs (default)
2022-10-18 03:55:01,574 [pool-994-thread-1] INFO  server.RaftServerConfigKeys (ConfUtils.java:logGet(46)) - raft.server.log.appender.install.snapshot.enabled = false (custom)
2022-10-18 03:55:01,574 [pool-994-thread-1] INFO  server.RaftServerConfigKeys (ConfUtils.java:logGet(46)) - raft.server.threadpool.server.cached = true (default)
2022-10-18 03:55:01,574 [pool-994-thread-1] INFO  server.RaftServerConfigKeys (ConfUtils.java:logGet(46)) - raft.server.threadpool.server.size = 0 (default)
2022-10-18 03:55:01,574 [pool-994-thread-1] INFO  server.RaftServerConfigKeys (ConfUtils.java:logGet(46)) - raft.server.threadpool.client.cached = true (default)
2022-10-18 03:55:01,574 [pool-994-thread-1] INFO  server.RaftServerConfigKeys (ConfUtils.java:logGet(46)) - raft.server.threadpool.client.size = 0 (default)
2022-10-18 03:55:01,574 [omNode-1-impl-thread1] INFO  server.RaftServer$Division (RaftServerImpl.java:start(310)) - omNode-1@group-523986131536: start as a follower, conf=0: [omNode-3|rpc:localhost:37031|admin:|client:|dataStream:|priority:0, omNode-1|rpc:localhost:38839|admin:|client:|dataStream:|priority:0, omNode-2|rpc:localhost:42171|admin:|client:|dataStream:|priority:0], old=null
2022-10-18 03:55:01,574 [omNode-1-impl-thread1] INFO  server.RaftServer$Division (RaftServerImpl.java:setRole(299)) - omNode-1@group-523986131536: changes role from      null to FOLLOWER at term 1 for startAsFollower
2022-10-18 03:55:01,574 [omNode-1-impl-thread1] INFO  impl.RoleInfo (RoleInfo.java:updateAndGet(139)) - omNode-1: start omNode-1@group-523986131536-FollowerState
2022-10-18 03:55:01,575 [omNode-1-impl-thread1] INFO  util.JmxRegister (JmxRegister.java:tryRegister(44)) - Successfully registered JMX Bean with object name Ratis:service=RaftServer,group=group-523986131536,id=omNode-1
2022-10-18 03:55:01,575 [Listener at localhost/35839] INFO  server.RaftServer (RaftServerProxy.java:lambda$start$6(382)) - omNode-1: start RPC server
2022-10-18 03:55:01,577 [Listener at localhost/35839] INFO  server.GrpcService (GrpcService.java:startImpl(260)) - omNode-1: GrpcService started, listening on 38839
2022-10-18 03:55:01,577 [Listener at localhost/35839] INFO  om.OzoneManager (OzoneManager.java:getRpcServer(1101)) - Creating RPC Server
2022-10-18 03:55:01,578 [org.apache.ratis.util.JvmPauseMonitor$$Lambda$703/726954313@2039926c] INFO  util.JvmPauseMonitor (JvmPauseMonitor.java:run(103)) - JvmPauseMonitor-omNode-1: Started
2022-10-18 03:55:01,963 [Listener at localhost/35839] INFO  reflections.Reflections (Reflections.java:scan(232)) - Reflections took 384 ms to scan 19 urls, producing 67 keys and 4238 values [using 2 cores]
2022-10-18 03:55:01,964 [Listener at localhost/35839] INFO  ipc.CallQueueManager (CallQueueManager.java:<init>(90)) - Using callQueue: class java.util.concurrent.LinkedBlockingQueue, queueCapacity: 2000, scheduler: class org.apache.hadoop.ipc.DefaultRpcScheduler, ipcBackoff: false.
2022-10-18 03:55:01,965 [Socket Reader #1 for port 44847] INFO  ipc.Server (Server.java:run(1273)) - Starting Socket Reader #1 for port 44847
2022-10-18 03:55:01,968 [Listener at localhost/44847] INFO  http.BaseHttpServer (BaseHttpServer.java:newHttpServer2BuilderForOzone(213)) - Starting Web-server for ozoneManager at: http://0.0.0.0:37425
2022-10-18 03:55:01,968 [Listener at localhost/44847] INFO  http.BaseHttpServer (BaseHttpServer.java:<init>(108)) - Hadoop Security Enabled: false Ozone Security Enabled: false Ozone HTTP Security Enabled: false 
2022-10-18 03:55:01,969 [Listener at localhost/44847] WARN  server.AuthenticationFilter (AuthenticationFilter.java:constructSecretProvider(240)) - Unable to initialize FileSignerSecretProvider, falling back to use random secrets. Reason: Could not read signature secret file: /home/runner/hadoop-http-auth-signature-secret
2022-10-18 03:55:01,970 [Listener at localhost/44847] WARN  http.HttpRequestLog (HttpRequestLog.java:getRequestLog(103)) - Jetty request log can only be enabled using Log4j
2022-10-18 03:55:01,971 [Listener at localhost/44847] INFO  http.HttpServer2 (HttpServer2.java:addGlobalFilter(1031)) - Added global filter 'safety' (class=org.apache.hadoop.hdds.server.http.HttpServer2$QuotingInputFilter)
2022-10-18 03:55:01,972 [Listener at localhost/44847] INFO  http.HttpServer2 (HttpServer2.java:addFilter(1007)) - Added filter static_user_filter (class=org.apache.hadoop.http.lib.StaticUserWebFilter$StaticUserFilter) to context ozoneManager
2022-10-18 03:55:01,972 [Listener at localhost/44847] INFO  http.HttpServer2 (HttpServer2.java:addFilter(1015)) - Added filter static_user_filter (class=org.apache.hadoop.http.lib.StaticUserWebFilter$StaticUserFilter) to context static
2022-10-18 03:55:01,972 [Listener at localhost/44847] INFO  http.HttpServer2 (HttpServer2.java:addFilter(1015)) - Added filter static_user_filter (class=org.apache.hadoop.http.lib.StaticUserWebFilter$StaticUserFilter) to context logs
2022-10-18 03:55:01,972 [Listener at localhost/44847] INFO  http.HttpServer2 (HttpServer2.java:bindListener(1250)) - Jetty bound to port 37425
2022-10-18 03:55:01,972 [Listener at localhost/44847] INFO  server.Server (Server.java:doStart(375)) - jetty-9.4.43.v20210629; built: 2021-06-30T11:07:22.254Z; git: 526006ecfa3af7f1a27ef3a288e2bef7ea9dd7e8; jvm 1.8.0_345-b01
2022-10-18 03:55:01,978 [Listener at localhost/44847] INFO  server.session (DefaultSessionIdManager.java:doStart(334)) - DefaultSessionIdManager workerName=node0
2022-10-18 03:55:01,978 [Listener at localhost/44847] INFO  server.session (DefaultSessionIdManager.java:doStart(339)) - No SessionScavenger set, using defaults
2022-10-18 03:55:01,978 [Listener at localhost/44847] INFO  server.session (HouseKeeper.java:startScavenging(132)) - node0 Scavenging every 660000ms
2022-10-18 03:55:01,979 [Listener at localhost/44847] INFO  handler.ContextHandler (ContextHandler.java:doStart(915)) - Started o.e.j.s.ServletContextHandler@6bd0cd96{logs,/logs,file:///home/runner/work/ozone/ozone/hadoop-ozone/integration-test/target/log,AVAILABLE}
2022-10-18 03:55:01,979 [Listener at localhost/44847] INFO  handler.ContextHandler (ContextHandler.java:doStart(915)) - Started o.e.j.s.ServletContextHandler@69abf6de{static,/static,file:///home/runner/work/ozone/ozone/hadoop-ozone/integration-test/target/test-classes/webapps/static,AVAILABLE}
2022-10-18 03:55:01,982 [Listener at localhost/44847] INFO  handler.ContextHandler (ContextHandler.java:doStart(915)) - Started o.e.j.w.WebAppContext@28132c9{ozoneManager,/,file:///home/runner/work/ozone/ozone/hadoop-ozone/integration-test/target/test-classes/webapps/ozoneManager/,AVAILABLE}{file:/home/runner/work/ozone/ozone/hadoop-ozone/integration-test/target/test-classes/webapps/ozoneManager}
2022-10-18 03:55:01,984 [Listener at localhost/44847] INFO  server.AbstractConnector (AbstractConnector.java:doStart(331)) - Started ServerConnector@26a33308{HTTP/1.1, (http/1.1)}{0.0.0.0:37425}
2022-10-18 03:55:01,984 [Listener at localhost/44847] INFO  server.Server (Server.java:doStart(415)) - Started @107672ms
2022-10-18 03:55:01,984 [Listener at localhost/44847] WARN  impl.MetricsSystemImpl (MetricsSystemImpl.java:register(279)) - Sink prometheus already exists!
2022-10-18 03:55:01,985 [Listener at localhost/44847] INFO  http.BaseHttpServer (BaseHttpServer.java:updateConnectorAddress(333)) - HTTP server of ozoneManager listening at http://0.0.0.0:37425
2022-10-18 03:55:01,985 [IPC Server Responder] INFO  ipc.Server (Server.java:run(1512)) - IPC Server Responder: starting
2022-10-18 03:55:01,986 [IPC Server listener on 44847] INFO  ipc.Server (Server.java:run(1352)) - IPC Server listener on 44847: starting
2022-10-18 03:55:01,991 [Listener at localhost/44847] INFO  om.OzoneManager (OzoneManager.java:startTrashEmptier(1919)) - Trash Interval set to 0. Files deleted won't move to trash
2022-10-18 03:55:01,991 [Listener at localhost/44847] INFO  om.OzoneManager (OzoneManager.java:stop(2034)) - omNode-2[localhost:34839]: Stopping Ozone Manager
2022-10-18 03:55:01,991 [org.apache.hadoop.util.JvmPauseMonitor$Monitor@3b358b9f] INFO  util.JvmPauseMonitor (JvmPauseMonitor.java:run(188)) - Starting JVM pause monitor
2022-10-18 03:55:01,991 [Listener at localhost/44847] INFO  ipc.Server (Server.java:stop(3428)) - Stopping server on 34839
2022-10-18 03:55:01,997 [IPC Server Responder] INFO  ipc.Server (Server.java:run(1517)) - Stopping IPC Server Responder
2022-10-18 03:55:01,998 [IPC Server listener on 34839] INFO  ipc.Server (Server.java:run(1384)) - Stopping IPC Server listener on 34839
2022-10-18 03:55:01,998 [Listener at localhost/44847] INFO  server.RaftServer (RaftServerProxy.java:lambda$close$7(398)) - omNode-2: close
2022-10-18 03:55:01,998 [Listener at localhost/44847] INFO  server.RaftServer$Division (RaftServerImpl.java:lambda$close$4(434)) - omNode-2@group-523986131536: shutdown
2022-10-18 03:55:01,998 [Listener at localhost/44847] INFO  util.JmxRegister (JmxRegister.java:unregister(73)) - Successfully un-registered JMX Bean with object name Ratis:service=RaftServer,group=group-523986131536,id=omNode-2
2022-10-18 03:55:01,999 [Listener at localhost/44847] INFO  impl.RoleInfo (RoleInfo.java:shutdownFollowerState(110)) - omNode-2: shutdown omNode-2@group-523986131536-FollowerState
2022-10-18 03:55:01,999 [Listener at localhost/44847] INFO  impl.StateMachineUpdater (StateMachineUpdater.java:stopAndJoin(153)) - omNode-2@group-523986131536-StateMachineUpdater: set stopIndex = 584
2022-10-18 03:55:01,999 [omNode-2@group-523986131536-StateMachineUpdater] INFO  ratis.OzoneManagerStateMachine (OzoneManagerStateMachine.java:takeSnapshot(441)) - Current Snapshot Index (t:1, i:584)
2022-10-18 03:55:01,999 [omNode-2@group-523986131536-FollowerState] INFO  impl.FollowerState (FollowerState.java:run(152)) - omNode-2@group-523986131536-FollowerState was interrupted
2022-10-18 03:55:02,000 [omNode-2@group-523986131536-StateMachineUpdater] INFO  impl.StateMachineUpdater (StateMachineUpdater.java:takeSnapshot(287)) - omNode-2@group-523986131536-StateMachineUpdater: Took a snapshot at index 584
2022-10-18 03:55:02,000 [omNode-2@group-523986131536-StateMachineUpdater] INFO  impl.StateMachineUpdater (StateMachineUpdater.java:lambda$new$0(92)) - omNode-2@group-523986131536-StateMachineUpdater: snapshotIndex: updateIncreasingly 557 -> 584
2022-10-18 03:55:02,000 [omNode-2@group-523986131536-StateMachineUpdater] INFO  ratis.OzoneManagerStateMachine (OzoneManagerStateMachine.java:close(495)) - StateMachine has shutdown. Shutdown OzoneManager if not already shutdown.
2022-10-18 03:55:02,000 [omNode-2@group-523986131536-StateMachineUpdater] INFO  ratis.OzoneManagerDoubleBuffer (OzoneManagerDoubleBuffer.java:stop(466)) - Stopping OMDoubleBuffer flush thread
2022-10-18 03:55:02,000 [OMDoubleBufferFlushThread] INFO  ratis.OzoneManagerDoubleBuffer (OzoneManagerDoubleBuffer.java:flushTransactions(385)) - OMDoubleBuffer flush thread OMDoubleBufferFlushThread is interrupted and will exit.
2022-10-18 03:55:02,001 [Listener at localhost/44847] INFO  server.RaftServer$Division (ServerState.java:close(429)) - omNode-2@group-523986131536: closes. applyIndex: 584
2022-10-18 03:55:02,001 [omNode-2@group-523986131536-SegmentedRaftLogWorker] INFO  segmented.SegmentedRaftLogWorker (SegmentedRaftLogWorker.java:run(336)) - omNode-2@group-523986131536-SegmentedRaftLogWorker was interrupted, exiting. There are 0 tasks remaining in the queue.
2022-10-18 03:55:02,002 [Listener at localhost/44847] INFO  segmented.SegmentedRaftLogWorker (SegmentedRaftLogWorker.java:close(246)) - omNode-2@group-523986131536-SegmentedRaftLogWorker close()
2022-10-18 03:55:02,003 [Listener at localhost/44847] INFO  server.GrpcService (GrpcService.java:closeImpl(269)) - omNode-2: shutdown server with port 42171 now
2022-10-18 03:55:02,004 [Listener at localhost/44847] INFO  server.GrpcService (GrpcService.java:closeImpl(278)) - omNode-2: shutdown server with port 42171 successfully
2022-10-18 03:55:02,004 [org.apache.ratis.util.JvmPauseMonitor$$Lambda$703/726954313@17e9379f] INFO  util.JvmPauseMonitor (JvmPauseMonitor.java:run(109)) - JvmPauseMonitor-omNode-2: Stopped
2022-10-18 03:55:02,004 [Listener at localhost/44847] INFO  ratis.OzoneManagerStateMachine (OzoneManagerStateMachine.java:close(495)) - StateMachine has shutdown. Shutdown OzoneManager if not already shutdown.
2022-10-18 03:55:02,004 [Listener at localhost/44847] INFO  ratis.OzoneManagerDoubleBuffer (OzoneManagerDoubleBuffer.java:stop(478)) - OMDoubleBuffer flush thread is not running.
2022-10-18 03:55:02,005 [Listener at localhost/44847] INFO  utils.BackgroundService (BackgroundService.java:shutdown(141)) - Shutting down service KeyDeletingService
2022-10-18 03:55:02,005 [Listener at localhost/44847] INFO  utils.BackgroundService (BackgroundService.java:shutdown(141)) - Shutting down service DirectoryDeletingService
2022-10-18 03:55:02,006 [Listener at localhost/44847] INFO  utils.BackgroundService (BackgroundService.java:shutdown(141)) - Shutting down service OpenKeyCleanupService
2022-10-18 03:55:02,007 [Listener at localhost/44847] INFO  handler.ContextHandler (ContextHandler.java:doStop(1153)) - Stopped o.e.j.w.WebAppContext@432d9a3e{ozoneManager,/,null,STOPPED}{file:/home/runner/work/ozone/ozone/hadoop-ozone/integration-test/target/test-classes/webapps/ozoneManager}
2022-10-18 03:55:02,007 [Listener at localhost/44847] INFO  server.AbstractConnector (AbstractConnector.java:doStop(381)) - Stopped ServerConnector@6ba0f{HTTP/1.1, (http/1.1)}{0.0.0.0:42677}
2022-10-18 03:55:02,007 [Listener at localhost/44847] INFO  server.session (HouseKeeper.java:stopScavenging(149)) - node0 Stopped scavenging
2022-10-18 03:55:02,008 [Listener at localhost/44847] INFO  handler.ContextHandler (ContextHandler.java:doStop(1153)) - Stopped o.e.j.s.ServletContextHandler@57ac128c{static,/static,file:///home/runner/work/ozone/ozone/hadoop-ozone/integration-test/target/test-classes/webapps/static,STOPPED}
2022-10-18 03:55:02,008 [Listener at localhost/44847] INFO  handler.ContextHandler (ContextHandler.java:doStop(1153)) - Stopped o.e.j.s.ServletContextHandler@28dd27cc{logs,/logs,file:///home/runner/work/ozone/ozone/hadoop-ozone/integration-test/target/log,STOPPED}
2022-10-18 03:55:02,013 [Listener at localhost/44847] INFO  om.OzoneManager (OzoneManager.java:restart(1571)) - OzoneManager RPC server is listening at localhost/127.0.0.1:34839
2022-10-18 03:55:02,013 [Listener at localhost/44847] INFO  impl.MetricsSystemImpl (MetricsSystemImpl.java:init(158)) - OzoneManager metrics system started (again)
2022-10-18 03:55:02,028 [Listener at localhost/44847] WARN  server.ServerUtils (ServerUtils.java:getDBPath(225)) - ozone.om.db.dirs is not configured. We recommend adding this setting. Falling back to ozone.metadata.dirs instead.
2022-10-18 03:55:02,028 [Listener at localhost/44847] INFO  codec.OmKeyInfoCodec (OmKeyInfoCodec.java:<init>(49)) - OmKeyInfoCodec ignorePipeline = true
2022-10-18 03:55:02,028 [Listener at localhost/44847] INFO  codec.RepeatedOmKeyInfoCodec (RepeatedOmKeyInfoCodec.java:<init>(41)) - RepeatedOmKeyInfoCodec ignorePipeline = true
2022-10-18 03:55:02,073 [Listener at localhost/44847] INFO  om.OzoneManager (OzoneManager.java:instantiateServices(712)) - S3 Multi-Tenancy is disabled
2022-10-18 03:55:02,077 [Listener at localhost/44847] WARN  server.ServerUtils (ServerUtils.java:getDefaultRatisDirectory(237)) - Storage directory for Ratis is not configured. It is a good idea to map this to an SSD disk. Falling back to ozone.metadata.dirs
2022-10-18 03:55:02,078 [Listener at localhost/44847] INFO  ratis.OzoneManagerRatisServer (OzoneManagerRatisServer.java:<init>(160)) - Instantiating OM Ratis server with groupID: om-service-test1 and peers: localhost:42171, localhost:37031, localhost:38839
2022-10-18 03:55:02,079 [Listener at localhost/44847] INFO  ratis.OzoneManagerStateMachine (OzoneManagerStateMachine.java:loadSnapshotInfoFromDB(632)) - LastAppliedIndex is set from TransactionInfo from OM DB as (t:1, i:584)
2022-10-18 03:55:02,079 [Listener at localhost/44847] INFO  server.RaftServer (ConfUtils.java:logGet(46)) - raft.rpc.type = GRPC (default)
2022-10-18 03:55:02,079 [Listener at localhost/44847] INFO  grpc.GrpcFactory (GrpcFactory.java:checkPooledByteBufAllocatorUseCacheForAllThreads(48)) - PERFORMANCE WARNING: useCacheForAllThreads is true that may cause Netty to create a lot garbage objects and, as a result, trigger GC.
	It is recommended to disable useCacheForAllThreads by setting -Dorg.apache.ratis.thirdparty.io.netty.allocator.useCacheForAllThreads=false in command line.
2022-10-18 03:55:02,080 [Listener at localhost/44847] INFO  grpc.GrpcConfigKeys (ConfUtils.java:logGet(46)) - raft.grpc.admin.port = -1 (default)
2022-10-18 03:55:02,080 [Listener at localhost/44847] INFO  grpc.GrpcConfigKeys (ConfUtils.java:logGet(46)) - raft.grpc.server.port = 42171 (custom)
2022-10-18 03:55:02,080 [Listener at localhost/44847] INFO  grpc.GrpcConfigKeys (ConfUtils.java:logGet(46)) - raft.grpc.client.port = -1 (default)
2022-10-18 03:55:02,080 [Listener at localhost/44847] INFO  grpc.GrpcConfigKeys (ConfUtils.java:logGet(46)) - raft.grpc.server.port = 42171 (custom)
2022-10-18 03:55:02,080 [Listener at localhost/44847] INFO  grpc.GrpcConfigKeys (ConfUtils.java:logGet(46)) - raft.grpc.server.port = 42171 (custom)
2022-10-18 03:55:02,080 [Listener at localhost/44847] INFO  server.GrpcService (ConfUtils.java:logGet(46)) - raft.grpc.message.size.max = 33554432 (custom)
2022-10-18 03:55:02,081 [Listener at localhost/44847] INFO  server.RaftServerConfigKeys (ConfUtils.java:logGet(46)) - raft.server.log.appender.buffer.byte-limit = 33554432 (custom)
2022-10-18 03:55:02,081 [Listener at localhost/44847] INFO  server.GrpcService (ConfUtils.java:logGet(46)) - raft.grpc.flow.control.window = 1MB (=1048576) (default)
2022-10-18 03:55:02,081 [Listener at localhost/44847] INFO  server.RaftServerConfigKeys (ConfUtils.java:logGet(46)) - raft.server.rpc.request.timeout = 3000ms (default)
2022-10-18 03:55:02,081 [Listener at localhost/44847] INFO  grpc.GrpcConfigKeys (ConfUtils.java:logGet(46)) - raft.grpc.server.async.request.thread.pool.cached = true (default)
2022-10-18 03:55:02,081 [Listener at localhost/44847] INFO  grpc.GrpcConfigKeys (ConfUtils.java:logGet(46)) - raft.grpc.server.async.request.thread.pool.size = 32 (default)
2022-10-18 03:55:02,083 [Listener at localhost/44847] INFO  impl.DataStreamServerImpl (ConfUtils.java:logGet(46)) - raft.datastream.type = DISABLED (default)
2022-10-18 03:55:02,083 [Listener at localhost/44847] INFO  server.RaftServerConfigKeys (ConfUtils.java:logGet(46)) - raft.server.threadpool.proxy.cached = true (default)
2022-10-18 03:55:02,083 [Listener at localhost/44847] INFO  server.RaftServerConfigKeys (ConfUtils.java:logGet(46)) - raft.server.threadpool.proxy.size = 0 (default)
2022-10-18 03:55:02,083 [Listener at localhost/44847] INFO  server.RaftServerConfigKeys (ConfUtils.java:logGet(46)) - raft.server.rpc.slowness.timeout = 2s (custom)
2022-10-18 03:55:02,083 [Listener at localhost/44847] INFO  server.RaftServerConfigKeys (ConfUtils.java:logGet(46)) - raft.server.leaderelection.leader.step-down.wait-time = 10s (default)
2022-10-18 03:55:02,083 [Listener at localhost/44847] INFO  server.RaftServerConfigKeys (ConfUtils.java:logGet(46)) - raft.server.storage.dir = [/home/runner/work/ozone/ozone/hadoop-ozone/integration-test/target/test-dir/MiniOzoneClusterImpl-2682239d-8109-418f-bfce-648431d3ae5d/omNode-2/ratis] (custom)
2022-10-18 03:55:02,086 [omNode-2-impl-thread1] INFO  server.RaftServer (RaftServerProxy.java:initGroupDir(247)) - omNode-2: found a subdirectory /home/runner/work/ozone/ozone/hadoop-ozone/integration-test/target/test-dir/MiniOzoneClusterImpl-2682239d-8109-418f-bfce-648431d3ae5d/omNode-2/ratis/c9bc4cf4-3bc3-3c60-a66b-523986131536
2022-10-18 03:55:02,086 [Listener at localhost/44847] INFO  server.RaftServer (RaftServerProxy.java:addNew(96)) - omNode-2: addNew group-523986131536:[omNode-3|rpc:localhost:37031|priority:0, omNode-1|rpc:localhost:38839|priority:0, omNode-2|rpc:localhost:42171|priority:0] returns group-523986131536:java.util.concurrent.CompletableFuture@4df0dc7f[Not completed]
2022-10-18 03:55:02,087 [Listener at localhost/44847] INFO  om.OzoneManager (OzoneManager.java:initializeRatisServer(1975)) - OzoneManager Ratis server initialized at port 42171
2022-10-18 03:55:02,087 [pool-1018-thread-1] INFO  server.RaftServer$Division (RaftServerImpl.java:<init>(190)) - omNode-2: new RaftServerImpl for group-523986131536:[omNode-3|rpc:localhost:37031|priority:0, omNode-1|rpc:localhost:38839|priority:0, omNode-2|rpc:localhost:42171|priority:0] with OzoneManagerStateMachine:uninitialized
2022-10-18 03:55:02,087 [Listener at localhost/44847] INFO  ratis.OzoneManagerRatisServer (OzoneManagerRatisServer.java:start(555)) - Starting OzoneManagerRatisServer omNode-2 at port 42171
2022-10-18 03:55:02,087 [pool-1018-thread-1] INFO  server.RaftServerConfigKeys (ConfUtils.java:logGet(46)) - raft.server.rpc.timeout.min = 1s (custom)
2022-10-18 03:55:02,087 [pool-1018-thread-1] INFO  server.RaftServerConfigKeys (ConfUtils.java:logGet(46)) - raft.server.rpc.timeout.max = 1200ms (custom)
2022-10-18 03:55:02,087 [pool-1018-thread-1] INFO  server.RaftServerConfigKeys (ConfUtils.java:logGet(46)) - raft.server.rpc.sleep.time = 25ms (default)
2022-10-18 03:55:02,087 [pool-1018-thread-1] INFO  server.RaftServerConfigKeys (ConfUtils.java:logGet(46)) - raft.server.rpc.slowness.timeout = 2s (custom)
2022-10-18 03:55:02,087 [pool-1018-thread-1] INFO  server.RaftServerConfigKeys (ConfUtils.java:logGet(46)) - raft.server.leaderelection.leader.step-down.wait-time = 10s (default)
2022-10-18 03:55:02,087 [pool-1018-thread-1] INFO  server.RaftServerConfigKeys (ConfUtils.java:logGet(46)) - raft.server.sleep.deviation.threshold = 300ms (default)
2022-10-18 03:55:02,087 [pool-1018-thread-1] INFO  server.RaftServer$Division (ServerState.java:<init>(107)) - omNode-2@group-523986131536: ConfigurationManager, init=-1: [omNode-3|rpc:localhost:37031|priority:0, omNode-1|rpc:localhost:38839|priority:0, omNode-2|rpc:localhost:42171|priority:0], old=null, confs=<EMPTY_MAP>
2022-10-18 03:55:02,088 [pool-1018-thread-1] INFO  server.RaftServerConfigKeys (ConfUtils.java:logGet(46)) - raft.server.storage.dir = [/home/runner/work/ozone/ozone/hadoop-ozone/integration-test/target/test-dir/MiniOzoneClusterImpl-2682239d-8109-418f-bfce-648431d3ae5d/omNode-2/ratis] (custom)
2022-10-18 03:55:02,088 [pool-1018-thread-1] INFO  server.RaftServerConfigKeys (ConfUtils.java:logGet(46)) - raft.server.log.corruption.policy = EXCEPTION (default)
2022-10-18 03:55:02,088 [pool-1018-thread-1] INFO  server.RaftServerConfigKeys (ConfUtils.java:logGet(46)) - raft.server.storage.free-space.min = 0MB (=0) (default)
2022-10-18 03:55:02,089 [pool-1018-thread-1] INFO  storage.RaftStorageDirectory (RaftStorageDirectoryImpl.java:tryLock(230)) - Lock on /home/runner/work/ozone/ozone/hadoop-ozone/integration-test/target/test-dir/MiniOzoneClusterImpl-2682239d-8109-418f-bfce-648431d3ae5d/omNode-2/ratis/c9bc4cf4-3bc3-3c60-a66b-523986131536/in_use.lock acquired by nodename 30743@fv-az573-760
2022-10-18 03:55:02,089 [pool-1018-thread-1] INFO  storage.RaftStorage (RaftStorageImpl.java:analyzeAndRecoverStorage(110)) - Read RaftStorageMetadata{term=1, votedFor=omNode-1} from /home/runner/work/ozone/ozone/hadoop-ozone/integration-test/target/test-dir/MiniOzoneClusterImpl-2682239d-8109-418f-bfce-648431d3ae5d/omNode-2/ratis/c9bc4cf4-3bc3-3c60-a66b-523986131536/current/raft-meta
2022-10-18 03:55:02,089 [pool-1018-thread-1] INFO  server.RaftServer$Division (ServerState.java:setRaftConf(393)) - omNode-2@group-523986131536: set configuration 0: [omNode-3|rpc:localhost:37031|admin:|client:|dataStream:|priority:0, omNode-1|rpc:localhost:38839|admin:|client:|dataStream:|priority:0, omNode-2|rpc:localhost:42171|admin:|client:|dataStream:|priority:0], old=null
2022-10-18 03:55:02,089 [pool-1018-thread-1] INFO  server.RaftServerConfigKeys (ConfUtils.java:logGet(46)) - raft.server.notification.no-leader.timeout = 2s (custom)
2022-10-18 03:55:02,090 [pool-1018-thread-1] INFO  server.RaftServerConfigKeys (ConfUtils.java:logGet(46)) - raft.server.log.use.memory = false (default)
2022-10-18 03:55:02,090 [pool-1018-thread-1] INFO  server.RaftServerConfigKeys (ConfUtils.java:logGet(46)) - raft.server.log.purge.gap = 50 (custom)
2022-10-18 03:55:02,090 [pool-1018-thread-1] INFO  server.RaftServerConfigKeys (ConfUtils.java:logGet(46)) - raft.server.log.appender.buffer.byte-limit = 33554432 (custom)
2022-10-18 03:55:02,090 [pool-1018-thread-1] INFO  server.RaftServerConfigKeys (ConfUtils.java:logGet(46)) - raft.server.log.statemachine.data.read.timeout = 1000ms (default)
2022-10-18 03:55:02,090 [pool-1018-thread-1] INFO  server.RaftServerConfigKeys (ConfUtils.java:logGet(46)) - raft.server.log.segment.size.max = 4194304 (custom)
2022-10-18 03:55:02,091 [pool-1018-thread-1] INFO  server.RaftServerConfigKeys (ConfUtils.java:logGet(46)) - raft.server.log.segment.cache.num.max = 2 (custom)
2022-10-18 03:55:02,091 [pool-1018-thread-1] INFO  server.RaftServerConfigKeys (ConfUtils.java:logGet(46)) - raft.server.log.segment.cache.size.max = 200MB (=209715200) (default)
2022-10-18 03:55:02,091 [pool-1018-thread-1] INFO  segmented.SegmentedRaftLogWorker (SegmentedRaftLogWorker.java:<init>(187)) - new omNode-2@group-523986131536-SegmentedRaftLogWorker for RaftStorageImpl:Storage Directory /home/runner/work/ozone/ozone/hadoop-ozone/integration-test/target/test-dir/MiniOzoneClusterImpl-2682239d-8109-418f-bfce-648431d3ae5d/omNode-2/ratis/c9bc4cf4-3bc3-3c60-a66b-523986131536
2022-10-18 03:55:02,091 [pool-1018-thread-1] INFO  server.RaftServerConfigKeys (ConfUtils.java:logGet(46)) - raft.server.log.queue.byte-limit = 64MB (=67108864) (default)
2022-10-18 03:55:02,091 [pool-1018-thread-1] INFO  server.RaftServerConfigKeys (ConfUtils.java:logGet(46)) - raft.server.log.queue.element-limit = 4096 (default)
2022-10-18 03:55:02,091 [pool-1018-thread-1] INFO  server.RaftServerConfigKeys (ConfUtils.java:logGet(46)) - raft.server.log.segment.size.max = 4194304 (custom)
2022-10-18 03:55:02,091 [pool-1018-thread-1] INFO  server.RaftServerConfigKeys (ConfUtils.java:logGet(46)) - raft.server.log.preallocated.size = 4194304 (custom)
2022-10-18 03:55:02,091 [pool-1018-thread-1] INFO  server.RaftServerConfigKeys (ConfUtils.java:logGet(46)) - raft.server.log.force.sync.num = 128 (default)
2022-10-18 03:55:02,091 [pool-1018-thread-1] INFO  server.RaftServerConfigKeys (ConfUtils.java:logGet(46)) - raft.server.log.statemachine.data.sync = true (default)
2022-10-18 03:55:02,091 [pool-1018-thread-1] INFO  server.RaftServerConfigKeys (ConfUtils.java:logGet(46)) - raft.server.log.statemachine.data.sync.timeout = 10s (default)
2022-10-18 03:55:02,091 [pool-1018-thread-1] INFO  server.RaftServerConfigKeys (ConfUtils.java:logGet(46)) - raft.server.log.statemachine.data.sync.timeout.retry = -1 (default)
2022-10-18 03:55:02,092 [pool-1018-thread-1] INFO  server.RaftServerConfigKeys (ConfUtils.java:logGet(46)) - raft.server.log.write.buffer.size = 64KB (=65536) (default)
2022-10-18 03:55:02,092 [pool-1018-thread-1] INFO  server.RaftServerConfigKeys (ConfUtils.java:logGet(46)) - raft.server.log.unsafe-flush.enabled = false (default)
2022-10-18 03:55:02,092 [pool-1018-thread-1] INFO  server.RaftServerConfigKeys (ConfUtils.java:logGet(46)) - raft.server.log.statemachine.data.caching.enabled = false (default)
2022-10-18 03:55:02,093 [pool-1018-thread-1] INFO  server.RaftServer$Division (ServerState.java:setRaftConf(393)) - omNode-2@group-523986131536: set configuration 0: [omNode-3|rpc:localhost:37031|admin:|client:|dataStream:|priority:0, omNode-1|rpc:localhost:38839|admin:|client:|dataStream:|priority:0, omNode-2|rpc:localhost:42171|admin:|client:|dataStream:|priority:0], old=null
2022-10-18 03:55:02,095 [pool-1018-thread-1] INFO  segmented.LogSegment (LogSegment.java:loadSegment(173)) - Successfully read 585 entries from segment file /home/runner/work/ozone/ozone/hadoop-ozone/integration-test/target/test-dir/MiniOzoneClusterImpl-2682239d-8109-418f-bfce-648431d3ae5d/omNode-2/ratis/c9bc4cf4-3bc3-3c60-a66b-523986131536/current/log_inprogress_0
2022-10-18 03:55:02,096 [pool-1018-thread-1] INFO  segmented.SegmentedRaftLogWorker (SegmentedRaftLogWorker.java:lambda$new$0(135)) - omNode-2@group-523986131536-SegmentedRaftLogWorker: flushIndex: setUnconditionally 0 -> 584
2022-10-18 03:55:02,096 [pool-1018-thread-1] INFO  segmented.SegmentedRaftLogWorker (SegmentedRaftLogWorker.java:lambda$new$0(135)) - omNode-2@group-523986131536-SegmentedRaftLogWorker: safeCacheEvictIndex: setUnconditionally 0 -> -1
2022-10-18 03:55:02,096 [pool-1018-thread-1] INFO  raftlog.RaftLog (RaftLogBase.java:lambda$new$0(53)) - omNode-2@group-523986131536-SegmentedRaftLog: commitIndex: updateToMax old=584, new=583, updated? false
2022-10-18 03:55:02,096 [pool-1018-thread-1] INFO  server.RaftServerConfigKeys (ConfUtils.java:logGet(46)) - raft.server.snapshot.auto.trigger.enabled = true (custom)
2022-10-18 03:55:02,096 [pool-1018-thread-1] INFO  server.RaftServerConfigKeys (ConfUtils.java:logGet(46)) - raft.server.snapshot.auto.trigger.threshold = 50 (custom)
2022-10-18 03:55:02,096 [pool-1018-thread-1] INFO  server.RaftServerConfigKeys (ConfUtils.java:logGet(46)) - raft.server.snapshot.retention.file.num = -1 (default)
2022-10-18 03:55:02,096 [pool-1018-thread-1] INFO  server.RaftServerConfigKeys (ConfUtils.java:logGet(46)) - raft.server.log.purge.upto.snapshot.index = true (custom)
2022-10-18 03:55:02,096 [pool-1018-thread-1] INFO  server.RaftServerConfigKeys (ConfUtils.java:logGet(46)) - raft.server.retrycache.expirytime = 30000ms (custom)
2022-10-18 03:55:02,096 [pool-1018-thread-1] INFO  server.RaftServerConfigKeys (ConfUtils.java:logGet(46)) - raft.server.retrycache.statistics.expirytime = 100μs (default)
2022-10-18 03:55:02,098 [pool-1018-thread-1] INFO  server.RaftServerConfigKeys (ConfUtils.java:logGet(46)) - raft.server.log.appender.install.snapshot.enabled = false (custom)
2022-10-18 03:55:02,098 [pool-1018-thread-1] INFO  server.RaftServerConfigKeys (ConfUtils.java:logGet(46)) - raft.server.threadpool.server.cached = true (default)
2022-10-18 03:55:02,098 [pool-1018-thread-1] INFO  server.RaftServerConfigKeys (ConfUtils.java:logGet(46)) - raft.server.threadpool.server.size = 0 (default)
2022-10-18 03:55:02,098 [pool-1018-thread-1] INFO  server.RaftServerConfigKeys (ConfUtils.java:logGet(46)) - raft.server.threadpool.client.cached = true (default)
2022-10-18 03:55:02,098 [pool-1018-thread-1] INFO  server.RaftServerConfigKeys (ConfUtils.java:logGet(46)) - raft.server.threadpool.client.size = 0 (default)
2022-10-18 03:55:02,098 [omNode-2-impl-thread1] INFO  server.RaftServer$Division (RaftServerImpl.java:start(310)) - omNode-2@group-523986131536: start as a follower, conf=0: [omNode-3|rpc:localhost:37031|admin:|client:|dataStream:|priority:0, omNode-1|rpc:localhost:38839|admin:|client:|dataStream:|priority:0, omNode-2|rpc:localhost:42171|admin:|client:|dataStream:|priority:0], old=null
2022-10-18 03:55:02,098 [omNode-2-impl-thread1] INFO  server.RaftServer$Division (RaftServerImpl.java:setRole(299)) - omNode-2@group-523986131536: changes role from      null to FOLLOWER at term 1 for startAsFollower
2022-10-18 03:55:02,098 [omNode-2-impl-thread1] INFO  impl.RoleInfo (RoleInfo.java:updateAndGet(139)) - omNode-2: start omNode-2@group-523986131536-FollowerState
2022-10-18 03:55:02,099 [omNode-2-impl-thread1] INFO  util.JmxRegister (JmxRegister.java:tryRegister(44)) - Successfully registered JMX Bean with object name Ratis:service=RaftServer,group=group-523986131536,id=omNode-2
2022-10-18 03:55:02,101 [Listener at localhost/44847] INFO  server.RaftServer (RaftServerProxy.java:lambda$start$6(382)) - omNode-2: start RPC server
2022-10-18 03:55:02,103 [Listener at localhost/44847] INFO  server.GrpcService (GrpcService.java:startImpl(260)) - omNode-2: GrpcService started, listening on 42171
2022-10-18 03:55:02,104 [Listener at localhost/44847] INFO  om.OzoneManager (OzoneManager.java:getRpcServer(1101)) - Creating RPC Server
2022-10-18 03:55:02,105 [org.apache.ratis.util.JvmPauseMonitor$$Lambda$703/726954313@2f580c1] INFO  util.JvmPauseMonitor (JvmPauseMonitor.java:run(103)) - JvmPauseMonitor-omNode-2: Started
2022-10-18 03:55:02,300 [EndpointStateMachine task thread for /0.0.0.0:43069 - 0 ] INFO  ipc.Client (Client.java:handleConnectionFailure(1010)) - Retrying connect to server: 0.0.0.0/0.0.0.0:43069. Already tried 12 time(s); retry policy is RetryUpToMaximumCountWithFixedSleep(maxRetries=15, sleepTime=1000 MILLISECONDS)
2022-10-18 03:55:02,491 [Listener at localhost/44847] INFO  reflections.Reflections (Reflections.java:scan(232)) - Reflections took 386 ms to scan 19 urls, producing 67 keys and 4238 values [using 2 cores]
2022-10-18 03:55:02,493 [Listener at localhost/44847] INFO  ipc.CallQueueManager (CallQueueManager.java:<init>(90)) - Using callQueue: class java.util.concurrent.LinkedBlockingQueue, queueCapacity: 2000, scheduler: class org.apache.hadoop.ipc.DefaultRpcScheduler, ipcBackoff: false.
2022-10-18 03:55:02,493 [Socket Reader #1 for port 34839] INFO  ipc.Server (Server.java:run(1273)) - Starting Socket Reader #1 for port 34839
2022-10-18 03:55:02,496 [Listener at localhost/34839] INFO  http.BaseHttpServer (BaseHttpServer.java:newHttpServer2BuilderForOzone(213)) - Starting Web-server for ozoneManager at: http://0.0.0.0:42677
2022-10-18 03:55:02,497 [Listener at localhost/34839] INFO  http.BaseHttpServer (BaseHttpServer.java:<init>(108)) - Hadoop Security Enabled: false Ozone Security Enabled: false Ozone HTTP Security Enabled: false 
2022-10-18 03:55:02,498 [Listener at localhost/34839] WARN  server.AuthenticationFilter (AuthenticationFilter.java:constructSecretProvider(240)) - Unable to initialize FileSignerSecretProvider, falling back to use random secrets. Reason: Could not read signature secret file: /home/runner/hadoop-http-auth-signature-secret
2022-10-18 03:55:02,498 [Listener at localhost/34839] WARN  http.HttpRequestLog (HttpRequestLog.java:getRequestLog(103)) - Jetty request log can only be enabled using Log4j
2022-10-18 03:55:02,500 [Listener at localhost/34839] INFO  http.HttpServer2 (HttpServer2.java:addGlobalFilter(1031)) - Added global filter 'safety' (class=org.apache.hadoop.hdds.server.http.HttpServer2$QuotingInputFilter)
2022-10-18 03:55:02,500 [Listener at localhost/34839] INFO  http.HttpServer2 (HttpServer2.java:addFilter(1007)) - Added filter static_user_filter (class=org.apache.hadoop.http.lib.StaticUserWebFilter$StaticUserFilter) to context ozoneManager
2022-10-18 03:55:02,500 [Listener at localhost/34839] INFO  http.HttpServer2 (HttpServer2.java:addFilter(1015)) - Added filter static_user_filter (class=org.apache.hadoop.http.lib.StaticUserWebFilter$StaticUserFilter) to context static
2022-10-18 03:55:02,500 [Listener at localhost/34839] INFO  http.HttpServer2 (HttpServer2.java:addFilter(1015)) - Added filter static_user_filter (class=org.apache.hadoop.http.lib.StaticUserWebFilter$StaticUserFilter) to context logs
2022-10-18 03:55:02,501 [Listener at localhost/34839] INFO  http.HttpServer2 (HttpServer2.java:bindListener(1250)) - Jetty bound to port 42677
2022-10-18 03:55:02,501 [Listener at localhost/34839] INFO  server.Server (Server.java:doStart(375)) - jetty-9.4.43.v20210629; built: 2021-06-30T11:07:22.254Z; git: 526006ecfa3af7f1a27ef3a288e2bef7ea9dd7e8; jvm 1.8.0_345-b01
2022-10-18 03:55:02,505 [Listener at localhost/34839] INFO  server.session (DefaultSessionIdManager.java:doStart(334)) - DefaultSessionIdManager workerName=node0
2022-10-18 03:55:02,505 [Listener at localhost/34839] INFO  server.session (DefaultSessionIdManager.java:doStart(339)) - No SessionScavenger set, using defaults
2022-10-18 03:55:02,506 [Listener at localhost/34839] INFO  server.session (HouseKeeper.java:startScavenging(132)) - node0 Scavenging every 600000ms
2022-10-18 03:55:02,506 [Listener at localhost/34839] INFO  handler.ContextHandler (ContextHandler.java:doStart(915)) - Started o.e.j.s.ServletContextHandler@6a10ba1c{logs,/logs,file:///home/runner/work/ozone/ozone/hadoop-ozone/integration-test/target/log,AVAILABLE}
2022-10-18 03:55:02,507 [Listener at localhost/34839] INFO  handler.ContextHandler (ContextHandler.java:doStart(915)) - Started o.e.j.s.ServletContextHandler@3bc04539{static,/static,file:///home/runner/work/ozone/ozone/hadoop-ozone/integration-test/target/test-classes/webapps/static,AVAILABLE}
2022-10-18 03:55:02,510 [Listener at localhost/34839] INFO  handler.ContextHandler (ContextHandler.java:doStart(915)) - Started o.e.j.w.WebAppContext@4d809765{ozoneManager,/,file:///home/runner/work/ozone/ozone/hadoop-ozone/integration-test/target/test-classes/webapps/ozoneManager/,AVAILABLE}{file:/home/runner/work/ozone/ozone/hadoop-ozone/integration-test/target/test-classes/webapps/ozoneManager}
2022-10-18 03:55:02,514 [Listener at localhost/34839] INFO  server.AbstractConnector (AbstractConnector.java:doStart(331)) - Started ServerConnector@4a29251b{HTTP/1.1, (http/1.1)}{0.0.0.0:42677}
2022-10-18 03:55:02,515 [Listener at localhost/34839] INFO  server.Server (Server.java:doStart(415)) - Started @108203ms
2022-10-18 03:55:02,515 [Listener at localhost/34839] WARN  impl.MetricsSystemImpl (MetricsSystemImpl.java:register(279)) - Sink prometheus already exists!
2022-10-18 03:55:02,515 [Listener at localhost/34839] INFO  http.BaseHttpServer (BaseHttpServer.java:updateConnectorAddress(333)) - HTTP server of ozoneManager listening at http://0.0.0.0:42677
2022-10-18 03:55:02,516 [IPC Server Responder] INFO  ipc.Server (Server.java:run(1512)) - IPC Server Responder: starting
2022-10-18 03:55:02,517 [IPC Server listener on 34839] INFO  ipc.Server (Server.java:run(1352)) - IPC Server listener on 34839: starting
2022-10-18 03:55:02,524 [Listener at localhost/34839] INFO  om.OzoneManager (OzoneManager.java:startTrashEmptier(1919)) - Trash Interval set to 0. Files deleted won't move to trash
]]></system-out>
  </testcase>
</testsuite>