<?xml version="1.0" encoding="UTF-8"?>
<testsuite xmlns:xsi="http://www.w3.org/2001/XMLSchema-instance" xsi:noNamespaceSchemaLocation="https://maven.apache.org/surefire/maven-surefire-plugin/xsd/surefire-test-report.xsd" name="org.apache.hadoop.ozone.TestMiniOzoneCluster" time="179.681" tests="5" errors="1" skipped="0" failures="0">
  <properties>
    <property name="awt.toolkit" value="sun.awt.X11.XToolkit"/>
    <property name="file.encoding.pkg" value="sun.io"/>
    <property name="java.specification.version" value="1.8"/>
    <property name="sun.cpu.isalist" value=""/>
    <property name="sun.jnu.encoding" value="UTF-8"/>
    <property name="java.class.path" value="/home/runner/work/ozone/ozone/hadoop-ozone/integration-test/target/test-classes:/home/runner/work/ozone/ozone/hadoop-ozone/integration-test/target/classes:/home/runner/.m2/repository/org/apache/ozone/ozone-common/1.2.0-SNAPSHOT/ozone-common-1.2.0-SNAPSHOT.jar:/home/runner/.m2/repository/org/apache/commons/commons-compress/1.21/commons-compress-1.21.jar:/home/runner/.m2/repository/org/apache/ozone/hdds-common/1.2.0-SNAPSHOT/hdds-common-1.2.0-SNAPSHOT.jar:/home/runner/.m2/repository/org/apache/ozone/hdds-client/1.2.0-SNAPSHOT/hdds-client-1.2.0-SNAPSHOT.jar:/home/runner/.m2/repository/org/apache/ozone/ozone-interface-client/1.2.0-SNAPSHOT/ozone-interface-client-1.2.0-SNAPSHOT.jar:/home/runner/.m2/repository/org/apache/ozone/hdds-test-utils/1.2.0-SNAPSHOT/hdds-test-utils-1.2.0-SNAPSHOT.jar:/home/runner/.m2/repository/com/google/guava/guava/30.1.1-jre/guava-30.1.1-jre.jar:/home/runner/.m2/repository/com/google/guava/failureaccess/1.0.1/failureaccess-1.0.1.jar:/home/runner/.m2/repository/com/google/guava/listenablefuture/9999.0-empty-to-avoid-conflict-with-guava/listenablefuture-9999.0-empty-to-avoid-conflict-with-guava.jar:/home/runner/.m2/repository/com/google/code/findbugs/jsr305/3.0.0/jsr305-3.0.0.jar:/home/runner/.m2/repository/org/checkerframework/checker-qual/3.8.0/checker-qual-3.8.0.jar:/home/runner/.m2/repository/com/google/errorprone/error_prone_annotations/2.2.0/error_prone_annotations-2.2.0.jar:/home/runner/.m2/repository/com/google/j2objc/j2objc-annotations/1.3/j2objc-annotations-1.3.jar:/home/runner/.m2/repository/commons-io/commons-io/2.11.0/commons-io-2.11.0.jar:/home/runner/.m2/repository/commons-logging/commons-logging/1.2/commons-logging-1.2.jar:/home/runner/.m2/repository/log4j/log4j/1.2.17/log4j-1.2.17.jar:/home/runner/.m2/repository/org/slf4j/slf4j-api/1.7.30/slf4j-api-1.7.30.jar:/home/runner/.m2/repository/org/apache/ozone/hdds-server-scm/1.2.0-SNAPSHOT/hdds-server-scm-1.2.0-SNAPSHOT.jar:/home/runner/.m2/repository/org/apache/ozone/hdds-container-service/1.2.0-SNAPSHOT/hdds-container-service-1.2.0-SNAPSHOT.jar:/home/runner/.m2/repository/org/apache/ozone/hdds-hadoop-dependency-server/1.2.0-SNAPSHOT/hdds-hadoop-dependency-server-1.2.0-SNAPSHOT.jar:/home/runner/.m2/repository/org/apache/hadoop/hadoop-hdfs/3.3.1/hadoop-hdfs-3.3.1.jar:/home/runner/.m2/repository/org/apache/ozone/hdds-server-framework/1.2.0-SNAPSHOT/hdds-server-framework-1.2.0-SNAPSHOT.jar:/home/runner/.m2/repository/org/apache/ozone/hdds-interface-server/1.2.0-SNAPSHOT/hdds-interface-server-1.2.0-SNAPSHOT.jar:/home/runner/.m2/repository/org/eclipse/jetty/jetty-servlet/9.4.43.v20210629/jetty-servlet-9.4.43.v20210629.jar:/home/runner/.m2/repository/org/eclipse/jetty/jetty-security/9.4.43.v20210629/jetty-security-9.4.43.v20210629.jar:/home/runner/.m2/repository/org/rocksdb/rocksdbjni/6.25.3/rocksdbjni-6.25.3.jar:/home/runner/.m2/repository/io/prometheus/simpleclient_dropwizard/0.7.0/simpleclient_dropwizard-0.7.0.jar:/home/runner/.m2/repository/io/prometheus/simpleclient/0.7.0/simpleclient-0.7.0.jar:/home/runner/.m2/repository/io/prometheus/simpleclient_common/0.7.0/simpleclient_common-0.7.0.jar:/home/runner/.m2/repository/com/fasterxml/jackson/datatype/jackson-datatype-jsr310/2.12.1/jackson-datatype-jsr310-2.12.1.jar:/home/runner/.m2/repository/io/dropwizard/metrics/metrics-core/3.2.4/metrics-core-3.2.4.jar:/home/runner/.m2/repository/org/apache/hadoop/hadoop-hdfs-client/3.3.1/hadoop-hdfs-client-3.3.1.jar:/home/runner/.m2/repository/org/bouncycastle/bcprov-jdk15on/1.67/bcprov-jdk15on-1.67.jar:/home/runner/.m2/repository/com/google/protobuf/protobuf-java/2.5.0/protobuf-java-2.5.0.jar:/home/runner/.m2/repository/org/apache/ozone/ozone-manager/1.2.0-SNAPSHOT/ozone-manager-1.2.0-SNAPSHOT.jar:/home/runner/.m2/repository/org/aspectj/aspectjrt/1.9.7/aspectjrt-1.9.7.jar:/home/runner/.m2/repository/org/aspectj/aspectjweaver/1.9.7/aspectjweaver-1.9.7.jar:/home/runner/.m2/repository/org/apache/ozone/hdds-interface-client/1.2.0-SNAPSHOT/hdds-interface-client-1.2.0-SNAPSHOT.jar:/home/runner/.m2/repository/org/apache/hadoop/thirdparty/hadoop-shaded-protobuf_3_7/1.1.1/hadoop-shaded-protobuf_3_7-1.1.1.jar:/home/runner/.m2/repository/org/apache/ozone/ozone-interface-storage/1.2.0-SNAPSHOT/ozone-interface-storage-1.2.0-SNAPSHOT.jar:/home/runner/.m2/repository/org/reflections/reflections/0.9.11/reflections-0.9.11.jar:/home/runner/.m2/repository/org/apache/hadoop/hadoop-minikdc/3.3.1/hadoop-minikdc-3.3.1.jar:/home/runner/.m2/repository/org/apache/kerby/kerb-simplekdc/1.0.1/kerb-simplekdc-1.0.1.jar:/home/runner/.m2/repository/org/apache/kerby/kerb-client/1.0.1/kerb-client-1.0.1.jar:/home/runner/.m2/repository/org/apache/kerby/kerby-config/1.0.1/kerby-config-1.0.1.jar:/home/runner/.m2/repository/org/apache/kerby/kerb-common/1.0.1/kerb-common-1.0.1.jar:/home/runner/.m2/repository/org/apache/kerby/kerb-crypto/1.0.1/kerb-crypto-1.0.1.jar:/home/runner/.m2/repository/org/apache/kerby/kerb-util/1.0.1/kerb-util-1.0.1.jar:/home/runner/.m2/repository/org/apache/kerby/token-provider/1.0.1/token-provider-1.0.1.jar:/home/runner/.m2/repository/org/apache/kerby/kerb-admin/1.0.1/kerb-admin-1.0.1.jar:/home/runner/.m2/repository/org/apache/kerby/kerb-server/1.0.1/kerb-server-1.0.1.jar:/home/runner/.m2/repository/org/apache/kerby/kerb-identity/1.0.1/kerb-identity-1.0.1.jar:/home/runner/.m2/repository/org/apache/kerby/kerby-xdr/1.0.1/kerby-xdr-1.0.1.jar:/home/runner/.m2/repository/org/slf4j/slf4j-log4j12/1.7.30/slf4j-log4j12-1.7.30.jar:/home/runner/.m2/repository/org/apache/ozone/ozone-s3gateway/1.2.0-SNAPSHOT/ozone-s3gateway-1.2.0-SNAPSHOT.jar:/home/runner/.m2/repository/org/javassist/javassist/3.21.0-GA/javassist-3.21.0-GA.jar:/home/runner/.m2/repository/org/jboss/weld/servlet/weld-servlet/2.4.7.Final/weld-servlet-2.4.7.Final.jar:/home/runner/.m2/repository/org/glassfish/jersey/containers/jersey-container-servlet-core/2.33/jersey-container-servlet-core-2.33.jar:/home/runner/.m2/repository/org/glassfish/hk2/external/jakarta.inject/2.6.1/jakarta.inject-2.6.1.jar:/home/runner/.m2/repository/org/glassfish/jersey/core/jersey-common/2.33/jersey-common-2.33.jar:/home/runner/.m2/repository/jakarta/ws/rs/jakarta.ws.rs-api/2.1.6/jakarta.ws.rs-api-2.1.6.jar:/home/runner/.m2/repository/org/glassfish/jersey/ext/cdi/jersey-cdi1x/2.33/jersey-cdi1x-2.33.jar:/home/runner/.m2/repository/org/glassfish/jersey/inject/jersey-hk2/2.33/jersey-hk2-2.33.jar:/home/runner/.m2/repository/org/glassfish/hk2/hk2-locator/2.6.1/hk2-locator-2.6.1.jar:/home/runner/.m2/repository/org/glassfish/jersey/media/jersey-media-jaxb/2.33/jersey-media-jaxb-2.33.jar:/home/runner/.m2/repository/org/glassfish/hk2/osgi-resource-locator/1.0.3/osgi-resource-locator-1.0.3.jar:/home/runner/.m2/repository/org/glassfish/hk2/hk2-api/2.5.0/hk2-api-2.5.0.jar:/home/runner/.m2/repository/org/glassfish/hk2/hk2-utils/2.5.0/hk2-utils-2.5.0.jar:/home/runner/.m2/repository/org/glassfish/hk2/external/aopalliance-repackaged/2.5.0/aopalliance-repackaged-2.5.0.jar:/home/runner/.m2/repository/com/fasterxml/jackson/dataformat/jackson-dataformat-xml/2.12.1/jackson-dataformat-xml-2.12.1.jar:/home/runner/.m2/repository/com/fasterxml/jackson/core/jackson-core/2.12.1/jackson-core-2.12.1.jar:/home/runner/.m2/repository/com/fasterxml/jackson/module/jackson-module-jaxb-annotations/2.12.1/jackson-module-jaxb-annotations-2.12.1.jar:/home/runner/.m2/repository/jakarta/xml/bind/jakarta.xml.bind-api/2.3.2/jakarta.xml.bind-api-2.3.2.jar:/home/runner/.m2/repository/org/codehaus/woodstox/stax2-api/3.1.4/stax2-api-3.1.4.jar:/home/runner/.m2/repository/com/fasterxml/woodstox/woodstox-core/5.0.3/woodstox-core-5.0.3.jar:/home/runner/.m2/repository/javax/enterprise/cdi-api/1.2/cdi-api-1.2.jar:/home/runner/.m2/repository/javax/el/javax.el-api/3.0.0/javax.el-api-3.0.0.jar:/home/runner/.m2/repository/javax/interceptor/javax.interceptor-api/1.2/javax.interceptor-api-1.2.jar:/home/runner/.m2/repository/javax/inject/javax.inject/1/javax.inject-1.jar:/home/runner/.m2/repository/javax/xml/bind/jaxb-api/2.3.0/jaxb-api-2.3.0.jar:/home/runner/.m2/repository/org/glassfish/jaxb/jaxb-runtime/2.3.0.1/jaxb-runtime-2.3.0.1.jar:/home/runner/.m2/repository/org/glassfish/jaxb/jaxb-core/2.3.0.1/jaxb-core-2.3.0.1.jar:/home/runner/.m2/repository/org/glassfish/jaxb/txw2/2.3.0.1/txw2-2.3.0.1.jar:/home/runner/.m2/repository/com/sun/istack/istack-commons-runtime/3.0.5/istack-commons-runtime-3.0.5.jar:/home/runner/.m2/repository/org/jvnet/staxex/stax-ex/1.7.8/stax-ex-1.7.8.jar:/home/runner/.m2/repository/com/sun/xml/fastinfoset/FastInfoset/1.2.13/FastInfoset-1.2.13.jar:/home/runner/.m2/repository/javax/activation/activation/1.1.1/activation-1.1.1.jar:/home/runner/.m2/repository/org/apache/ozone/ozone-csi/1.2.0-SNAPSHOT/ozone-csi-1.2.0-SNAPSHOT.jar:/home/runner/.m2/repository/com/google/protobuf/protobuf-java-util/3.12.0/protobuf-java-util-3.12.0.jar:/home/runner/.m2/repository/com/google/code/gson/gson/2.2.4/gson-2.2.4.jar:/home/runner/.m2/repository/org/apache/ozone/hdds-config/1.2.0-SNAPSHOT/hdds-config-1.2.0-SNAPSHOT.jar:/home/runner/.m2/repository/io/grpc/grpc-netty/1.33.0/grpc-netty-1.33.0.jar:/home/runner/.m2/repository/io/grpc/grpc-core/1.33.0/grpc-core-1.33.0.jar:/home/runner/.m2/repository/com/google/android/annotations/4.1.1.4/annotations-4.1.1.4.jar:/home/runner/.m2/repository/io/netty/netty-codec-http2/4.1.63.Final/netty-codec-http2-4.1.63.Final.jar:/home/runner/.m2/repository/io/netty/netty-codec-http/4.1.63.Final/netty-codec-http-4.1.63.Final.jar:/home/runner/.m2/repository/io/netty/netty-handler-proxy/4.1.63.Final/netty-handler-proxy-4.1.63.Final.jar:/home/runner/.m2/repository/io/netty/netty-codec-socks/4.1.63.Final/netty-codec-socks-4.1.63.Final.jar:/home/runner/.m2/repository/io/perfmark/perfmark-api/0.19.0/perfmark-api-0.19.0.jar:/home/runner/.m2/repository/org/codehaus/mojo/animal-sniffer-annotations/1.18/animal-sniffer-annotations-1.18.jar:/home/runner/.m2/repository/io/netty/netty-transport-native-epoll/4.1.63.Final/netty-transport-native-epoll-4.1.63.Final.jar:/home/runner/.m2/repository/io/netty/netty-common/4.1.63.Final/netty-common-4.1.63.Final.jar:/home/runner/.m2/repository/io/netty/netty-buffer/4.1.63.Final/netty-buffer-4.1.63.Final.jar:/home/runner/.m2/repository/io/netty/netty-transport-native-unix-common/4.1.63.Final/netty-transport-native-unix-common-4.1.63.Final.jar:/home/runner/.m2/repository/io/grpc/grpc-protobuf/1.33.0/grpc-protobuf-1.33.0.jar:/home/runner/.m2/repository/io/grpc/grpc-api/1.33.0/grpc-api-1.33.0.jar:/home/runner/.m2/repository/io/grpc/grpc-context/1.33.0/grpc-context-1.33.0.jar:/home/runner/.m2/repository/com/google/api/grpc/proto-google-common-protos/1.17.0/proto-google-common-protos-1.17.0.jar:/home/runner/.m2/repository/io/grpc/grpc-protobuf-lite/1.33.0/grpc-protobuf-lite-1.33.0.jar:/home/runner/.m2/repository/io/grpc/grpc-stub/1.33.0/grpc-stub-1.33.0.jar:/home/runner/.m2/repository/org/apache/ozone/ozone-recon/1.2.0-SNAPSHOT/ozone-recon-1.2.0-SNAPSHOT.jar:/home/runner/.m2/repository/org/apache/ozone/ozone-reconcodegen/1.2.0-SNAPSHOT/ozone-reconcodegen-1.2.0-SNAPSHOT.jar:/home/runner/.m2/repository/com/google/inject/extensions/guice-multibindings/4.0/guice-multibindings-4.0.jar:/home/runner/.m2/repository/com/google/inject/guice/4.0/guice-4.0.jar:/home/runner/.m2/repository/aopalliance/aopalliance/1.0/aopalliance-1.0.jar:/home/runner/.m2/repository/com/google/inject/extensions/guice-assistedinject/4.0/guice-assistedinject-4.0.jar:/home/runner/.m2/repository/com/google/inject/extensions/guice-servlet/4.0/guice-servlet-4.0.jar:/home/runner/.m2/repository/org/glassfish/jersey/containers/jersey-container-servlet/2.33/jersey-container-servlet-2.33.jar:/home/runner/.m2/repository/org/glassfish/hk2/guice-bridge/2.5.0/guice-bridge-2.5.0.jar:/home/runner/.m2/repository/org/glassfish/jersey/core/jersey-server/2.33/jersey-server-2.33.jar:/home/runner/.m2/repository/org/glassfish/jersey/core/jersey-client/2.33/jersey-client-2.33.jar:/home/runner/.m2/repository/jakarta/annotation/jakarta.annotation-api/1.3.5/jakarta.annotation-api-1.3.5.jar:/home/runner/.m2/repository/jakarta/validation/jakarta.validation-api/2.0.2/jakarta.validation-api-2.0.2.jar:/home/runner/.m2/repository/org/glassfish/jersey/media/jersey-media-json-jackson/2.33/jersey-media-json-jackson-2.33.jar:/home/runner/.m2/repository/org/glassfish/jersey/ext/jersey-entity-filtering/2.33/jersey-entity-filtering-2.33.jar:/home/runner/.m2/repository/org/jooq/jooq/3.11.10/jooq-3.11.10.jar:/home/runner/.m2/repository/org/jooq/jooq-meta/3.11.10/jooq-meta-3.11.10.jar:/home/runner/.m2/repository/org/jooq/jooq-codegen/3.11.10/jooq-codegen-3.11.10.jar:/home/runner/.m2/repository/com/jolbox/bonecp/0.8.0.RELEASE/bonecp-0.8.0.RELEASE.jar:/home/runner/.m2/repository/org/apache/derby/derby/10.14.2.0/derby-10.14.2.0.jar:/home/runner/.m2/repository/org/xerial/sqlite-jdbc/3.25.2/sqlite-jdbc-3.25.2.jar:/home/runner/.m2/repository/org/springframework/spring-jdbc/5.2.18.RELEASE/spring-jdbc-5.2.18.RELEASE.jar:/home/runner/.m2/repository/org/springframework/spring-beans/5.2.18.RELEASE/spring-beans-5.2.18.RELEASE.jar:/home/runner/.m2/repository/org/springframework/spring-core/5.2.18.RELEASE/spring-core-5.2.18.RELEASE.jar:/home/runner/.m2/repository/org/springframework/spring-jcl/5.2.18.RELEASE/spring-jcl-5.2.18.RELEASE.jar:/home/runner/.m2/repository/org/springframework/spring-tx/5.2.18.RELEASE/spring-tx-5.2.18.RELEASE.jar:/home/runner/.m2/repository/org/apache/ozone/ozone-client/1.2.0-SNAPSHOT/ozone-client-1.2.0-SNAPSHOT.jar:/home/runner/.m2/repository/org/apache/ozone/ozone-filesystem/1.2.0-SNAPSHOT/ozone-filesystem-1.2.0-SNAPSHOT.jar:/home/runner/.m2/repository/org/apache/ozone/ozone-filesystem-common/1.2.0-SNAPSHOT/ozone-filesystem-common-1.2.0-SNAPSHOT.jar:/home/runner/.m2/repository/org/apache/ozone/ozone-tools/1.2.0-SNAPSHOT/ozone-tools-1.2.0-SNAPSHOT.jar:/home/runner/.m2/repository/org/apache/ratis/ratis-tools/2.2.0/ratis-tools-2.2.0.jar:/home/runner/.m2/repository/com/amazonaws/aws-java-sdk-core/1.11.1034/aws-java-sdk-core-1.11.1034.jar:/home/runner/.m2/repository/org/apache/httpcomponents/httpclient/4.5.13/httpclient-4.5.13.jar:/home/runner/.m2/repository/org/apache/httpcomponents/httpcore/4.4.13/httpcore-4.4.13.jar:/home/runner/.m2/repository/software/amazon/ion/ion-java/1.0.2/ion-java-1.0.2.jar:/home/runner/.m2/repository/com/fasterxml/jackson/dataformat/jackson-dataformat-cbor/2.12.1/jackson-dataformat-cbor-2.12.1.jar:/home/runner/.m2/repository/joda-time/joda-time/2.8.1/joda-time-2.8.1.jar:/home/runner/.m2/repository/com/amazonaws/aws-java-sdk-s3/1.11.1034/aws-java-sdk-s3-1.11.1034.jar:/home/runner/.m2/repository/com/amazonaws/aws-java-sdk-kms/1.11.1034/aws-java-sdk-kms-1.11.1034.jar:/home/runner/.m2/repository/com/amazonaws/jmespath-java/1.11.1034/jmespath-java-1.11.1034.jar:/home/runner/.m2/repository/org/kohsuke/metainf-services/metainf-services/1.8/metainf-services-1.8.jar:/home/runner/.m2/repository/org/apache/ozone/hdds-tools/1.2.0-SNAPSHOT/hdds-tools-1.2.0-SNAPSHOT.jar:/home/runner/.m2/repository/commons-cli/commons-cli/1.2/commons-cli-1.2.jar:/home/runner/.m2/repository/org/apache/commons/commons-lang3/3.7/commons-lang3-3.7.jar:/home/runner/.m2/repository/org/apache/ozone/ozone-manager/1.2.0-SNAPSHOT/ozone-manager-1.2.0-SNAPSHOT-tests.jar:/home/runner/.m2/repository/org/apache/ozone/hdds-common/1.2.0-SNAPSHOT/hdds-common-1.2.0-SNAPSHOT-tests.jar:/home/runner/.m2/repository/org/apache/ozone/hdds-hadoop-dependency-client/1.2.0-SNAPSHOT/hdds-hadoop-dependency-client-1.2.0-SNAPSHOT.jar:/home/runner/.m2/repository/info/picocli/picocli/4.6.1/picocli-4.6.1.jar:/home/runner/.m2/repository/com/fasterxml/jackson/core/jackson-annotations/2.12.1/jackson-annotations-2.12.1.jar:/home/runner/.m2/repository/javax/annotation/javax.annotation-api/1.2/javax.annotation-api-1.2.jar:/home/runner/.m2/repository/org/apache/ratis/ratis-server/2.2.0/ratis-server-2.2.0.jar:/home/runner/.m2/repository/org/apache/ratis/ratis-client/2.2.0/ratis-client-2.2.0.jar:/home/runner/.m2/repository/org/apache/ratis/ratis-server-api/2.2.0/ratis-server-api-2.2.0.jar:/home/runner/.m2/repository/org/apache/ratis/ratis-metrics/2.2.0/ratis-metrics-2.2.0.jar:/home/runner/.m2/repository/org/apache/ratis/ratis-netty/2.2.0/ratis-netty-2.2.0.jar:/home/runner/.m2/repository/org/apache/ratis/ratis-grpc/2.2.0/ratis-grpc-2.2.0.jar:/home/runner/.m2/repository/org/apache/logging/log4j/log4j-api/2.13.3/log4j-api-2.13.3.jar:/home/runner/.m2/repository/org/apache/logging/log4j/log4j-core/2.13.3/log4j-core-2.13.3.jar:/home/runner/.m2/repository/com/lmax/disruptor/3.4.2/disruptor-3.4.2.jar:/home/runner/.m2/repository/org/apache/commons/commons-pool2/2.6.0/commons-pool2-2.6.0.jar:/home/runner/.m2/repository/org/bouncycastle/bcpkix-jdk15on/1.67/bcpkix-jdk15on-1.67.jar:/home/runner/.m2/repository/commons-validator/commons-validator/1.6/commons-validator-1.6.jar:/home/runner/.m2/repository/commons-beanutils/commons-beanutils/1.9.4/commons-beanutils-1.9.4.jar:/home/runner/.m2/repository/commons-digester/commons-digester/1.8.1/commons-digester-1.8.1.jar:/home/runner/.m2/repository/commons-collections/commons-collections/3.2.2/commons-collections-3.2.2.jar:/home/runner/.m2/repository/io/jaegertracing/jaeger-client/1.6.0/jaeger-client-1.6.0.jar:/home/runner/.m2/repository/io/jaegertracing/jaeger-thrift/1.6.0/jaeger-thrift-1.6.0.jar:/home/runner/.m2/repository/org/apache/thrift/libthrift/0.14.1/libthrift-0.14.1.jar:/home/runner/.m2/repository/com/squareup/okhttp3/okhttp/4.9.0/okhttp-4.9.0.jar:/home/runner/.m2/repository/com/squareup/okio/okio/2.8.0/okio-2.8.0.jar:/home/runner/.m2/repository/io/jaegertracing/jaeger-core/1.6.0/jaeger-core-1.6.0.jar:/home/runner/.m2/repository/io/jaegertracing/jaeger-tracerresolver/1.6.0/jaeger-tracerresolver-1.6.0.jar:/home/runner/.m2/repository/io/opentracing/contrib/opentracing-tracerresolver/0.1.8/opentracing-tracerresolver-0.1.8.jar:/home/runner/.m2/repository/org/jetbrains/kotlin/kotlin-stdlib/1.4.31/kotlin-stdlib-1.4.31.jar:/home/runner/.m2/repository/org/jetbrains/kotlin/kotlin-stdlib-common/1.4.31/kotlin-stdlib-common-1.4.31.jar:/home/runner/.m2/repository/org/jetbrains/annotations/13.0/annotations-13.0.jar:/home/runner/.m2/repository/io/opentracing/opentracing-util/0.33.0/opentracing-util-0.33.0.jar:/home/runner/.m2/repository/io/opentracing/opentracing-api/0.33.0/opentracing-api-0.33.0.jar:/home/runner/.m2/repository/io/opentracing/opentracing-noop/0.33.0/opentracing-noop-0.33.0.jar:/home/runner/.m2/repository/org/yaml/snakeyaml/1.26/snakeyaml-1.26.jar:/home/runner/.m2/repository/org/apache/ozone/hdds-interface-admin/1.2.0-SNAPSHOT/hdds-interface-admin-1.2.0-SNAPSHOT.jar:/home/runner/.m2/repository/junit/junit/4.13.1/junit-4.13.1.jar:/home/runner/.m2/repository/org/hamcrest/hamcrest-core/1.3/hamcrest-core-1.3.jar:/home/runner/.m2/repository/org/junit/jupiter/junit-jupiter-api/5.7.0/junit-jupiter-api-5.7.0.jar:/home/runner/.m2/repository/org/apiguardian/apiguardian-api/1.1.0/apiguardian-api-1.1.0.jar:/home/runner/.m2/repository/org/opentest4j/opentest4j/1.2.0/opentest4j-1.2.0.jar:/home/runner/.m2/repository/org/junit/platform/junit-platform-commons/1.7.0/junit-platform-commons-1.7.0.jar:/home/runner/.m2/repository/org/junit/jupiter/junit-jupiter-engine/5.7.0/junit-jupiter-engine-5.7.0.jar:/home/runner/.m2/repository/org/junit/platform/junit-platform-engine/1.7.0/junit-platform-engine-1.7.0.jar:/home/runner/.m2/repository/org/junit/vintage/junit-vintage-engine/5.7.0/junit-vintage-engine-5.7.0.jar:/home/runner/.m2/repository/org/junit/platform/junit-platform-launcher/1.7.0/junit-platform-launcher-1.7.0.jar:/home/runner/.m2/repository/org/openjdk/jmh/jmh-core/1.19/jmh-core-1.19.jar:/home/runner/.m2/repository/net/sf/jopt-simple/jopt-simple/4.6/jopt-simple-4.6.jar:/home/runner/.m2/repository/org/apache/commons/commons-math3/3.1.1/commons-math3-3.1.1.jar:/home/runner/.m2/repository/org/openjdk/jmh/jmh-generator-annprocess/1.19/jmh-generator-annprocess-1.19.jar:/home/runner/.m2/repository/org/mockito/mockito-core/2.28.2/mockito-core-2.28.2.jar:/home/runner/.m2/repository/net/bytebuddy/byte-buddy/1.9.10/byte-buddy-1.9.10.jar:/home/runner/.m2/repository/net/bytebuddy/byte-buddy-agent/1.9.10/byte-buddy-agent-1.9.10.jar:/home/runner/.m2/repository/org/objenesis/objenesis/1.0/objenesis-1.0.jar:/home/runner/.m2/repository/org/apache/hadoop/hadoop-kms/3.3.1/hadoop-kms-3.3.1.jar:/home/runner/.m2/repository/org/apache/hadoop/hadoop-auth/3.3.1/hadoop-auth-3.3.1.jar:/home/runner/.m2/repository/com/nimbusds/nimbus-jose-jwt/7.9/nimbus-jose-jwt-7.9.jar:/home/runner/.m2/repository/com/github/stephenc/jcip/jcip-annotations/1.0-1/jcip-annotations-1.0-1.jar:/home/runner/.m2/repository/net/minidev/json-smart/2.3.1/json-smart-2.3.1.jar:/home/runner/.m2/repository/net/minidev/accessors-smart/2.3.1/accessors-smart-2.3.1.jar:/home/runner/.m2/repository/org/ow2/asm/asm/5.0.4/asm-5.0.4.jar:/home/runner/.m2/repository/org/apache/zookeeper/zookeeper/3.5.6/zookeeper-3.5.6.jar:/home/runner/.m2/repository/org/apache/zookeeper/zookeeper-jute/3.5.6/zookeeper-jute-3.5.6.jar:/home/runner/.m2/repository/org/apache/yetus/audience-annotations/0.5.0/audience-annotations-0.5.0.jar:/home/runner/.m2/repository/org/apache/curator/curator-framework/4.2.0/curator-framework-4.2.0.jar:/home/runner/.m2/repository/org/apache/hadoop/thirdparty/hadoop-shaded-guava/1.1.1/hadoop-shaded-guava-1.1.1.jar:/home/runner/.m2/repository/com/sun/jersey/jersey-core/1.19/jersey-core-1.19.jar:/home/runner/.m2/repository/javax/ws/rs/jsr311-api/1.1.1/jsr311-api-1.1.1.jar:/home/runner/.m2/repository/com/sun/jersey/jersey-server/1.19/jersey-server-1.19.jar:/home/runner/.m2/repository/javax/servlet/javax.servlet-api/3.1.0/javax.servlet-api-3.1.0.jar:/home/runner/.m2/repository/org/eclipse/jetty/jetty-server/9.4.43.v20210629/jetty-server-9.4.43.v20210629.jar:/home/runner/.m2/repository/org/eclipse/jetty/jetty-http/9.4.43.v20210629/jetty-http-9.4.43.v20210629.jar:/home/runner/.m2/repository/org/eclipse/jetty/jetty-io/9.4.43.v20210629/jetty-io-9.4.43.v20210629.jar:/home/runner/.m2/repository/org/eclipse/jetty/jetty-webapp/9.4.43.v20210629/jetty-webapp-9.4.43.v20210629.jar:/home/runner/.m2/repository/org/eclipse/jetty/jetty-xml/9.4.43.v20210629/jetty-xml-9.4.43.v20210629.jar:/home/runner/.m2/repository/org/apache/hadoop/hadoop-common/3.3.1/hadoop-common-3.3.1.jar:/home/runner/.m2/repository/commons-net/commons-net/3.6/commons-net-3.6.jar:/home/runner/.m2/repository/jakarta/activation/jakarta.activation-api/1.2.1/jakarta.activation-api-1.2.1.jar:/home/runner/.m2/repository/com/sun/jersey/jersey-servlet/1.19/jersey-servlet-1.19.jar:/home/runner/.m2/repository/com/sun/jersey/jersey-json/1.19/jersey-json-1.19.jar:/home/runner/.m2/repository/org/codehaus/jettison/jettison/1.1/jettison-1.1.jar:/home/runner/.m2/repository/com/sun/xml/bind/jaxb-impl/2.2.3-1/jaxb-impl-2.2.3-1.jar:/home/runner/.m2/repository/org/codehaus/jackson/jackson-jaxrs/1.9.2/jackson-jaxrs-1.9.2.jar:/home/runner/.m2/repository/org/codehaus/jackson/jackson-xc/1.9.2/jackson-xc-1.9.2.jar:/home/runner/.m2/repository/org/apache/commons/commons-configuration2/2.1.1/commons-configuration2-2.1.1.jar:/home/runner/.m2/repository/org/apache/commons/commons-text/1.4/commons-text-1.4.jar:/home/runner/.m2/repository/com/google/re2j/re2j/1.1/re2j-1.1.jar:/home/runner/.m2/repository/com/jcraft/jsch/0.1.54/jsch-0.1.54.jar:/home/runner/.m2/repository/org/apache/curator/curator-client/4.2.0/curator-client-4.2.0.jar:/home/runner/.m2/repository/org/apache/curator/curator-recipes/4.2.0/curator-recipes-4.2.0.jar:/home/runner/.m2/repository/org/apache/kerby/kerb-core/1.0.1/kerb-core-1.0.1.jar:/home/runner/.m2/repository/org/apache/kerby/kerby-pkix/1.0.1/kerby-pkix-1.0.1.jar:/home/runner/.m2/repository/org/apache/kerby/kerby-asn1/1.0.1/kerby-asn1-1.0.1.jar:/home/runner/.m2/repository/org/apache/kerby/kerby-util/1.0.1/kerby-util-1.0.1.jar:/home/runner/.m2/repository/dnsjava/dnsjava/2.1.7/dnsjava-2.1.7.jar:/home/runner/.m2/repository/org/xerial/snappy/snappy-java/1.1.8.2/snappy-java-1.1.8.2.jar:/home/runner/.m2/repository/org/slf4j/jul-to-slf4j/1.7.30/jul-to-slf4j-1.7.30.jar:/home/runner/.m2/repository/org/eclipse/jetty/jetty-util/9.4.43.v20210629/jetty-util-9.4.43.v20210629.jar:/home/runner/.m2/repository/com/fasterxml/jackson/core/jackson-databind/2.12.1/jackson-databind-2.12.1.jar:/home/runner/.m2/repository/org/apache/hadoop/hadoop-kms/3.3.1/hadoop-kms-3.3.1-tests.jar:/home/runner/.m2/repository/org/apache/ozone/hdds-server-scm/1.2.0-SNAPSHOT/hdds-server-scm-1.2.0-SNAPSHOT-tests.jar:/home/runner/.m2/repository/org/apache/ozone/hdds-container-service/1.2.0-SNAPSHOT/hdds-container-service-1.2.0-SNAPSHOT-tests.jar:/home/runner/.m2/repository/commons-codec/commons-codec/1.11/commons-codec-1.11.jar:/home/runner/.m2/repository/io/netty/netty-transport/4.1.63.Final/netty-transport-4.1.63.Final.jar:/home/runner/.m2/repository/io/netty/netty-resolver/4.1.63.Final/netty-resolver-4.1.63.Final.jar:/home/runner/.m2/repository/io/netty/netty-codec/4.1.63.Final/netty-codec-4.1.63.Final.jar:/home/runner/.m2/repository/io/netty/netty-handler/4.1.63.Final/netty-handler-4.1.63.Final.jar:/home/runner/.m2/repository/org/apache/ozone/hdds-hadoop-dependency-test/1.2.0-SNAPSHOT/hdds-hadoop-dependency-test-1.2.0-SNAPSHOT.jar:/home/runner/.m2/repository/org/apache/hadoop/hadoop-common/3.3.1/hadoop-common-3.3.1-tests.jar:/home/runner/.m2/repository/org/assertj/assertj-core/3.12.2/assertj-core-3.12.2.jar:/home/runner/.m2/repository/org/apache/hadoop/hadoop-hdfs/3.3.1/hadoop-hdfs-3.3.1-tests.jar:/home/runner/.m2/repository/org/eclipse/jetty/jetty-util-ajax/9.4.43.v20210629/jetty-util-ajax-9.4.43.v20210629.jar:/home/runner/.m2/repository/commons-daemon/commons-daemon/1.0.13/commons-daemon-1.0.13.jar:/home/runner/.m2/repository/io/netty/netty/3.10.6.Final/netty-3.10.6.Final.jar:/home/runner/.m2/repository/io/netty/netty-all/4.1.63.Final/netty-all-4.1.63.Final.jar:/home/runner/.m2/repository/org/apache/htrace/htrace-core4/4.1.0-incubating/htrace-core4-4.1.0-incubating.jar:/home/runner/.m2/repository/org/fusesource/leveldbjni/leveldbjni-all/1.8/leveldbjni-all-1.8.jar:/home/runner/.m2/repository/org/apache/hadoop/hadoop-distcp/3.3.1/hadoop-distcp-3.3.1.jar:/home/runner/.m2/repository/org/apache/hadoop/hadoop-mapreduce-client-jobclient/3.3.1/hadoop-mapreduce-client-jobclient-3.3.1.jar:/home/runner/.m2/repository/org/apache/hadoop/hadoop-mapreduce-client-common/3.3.1/hadoop-mapreduce-client-common-3.3.1.jar:/home/runner/.m2/repository/org/apache/hadoop/hadoop-yarn-common/3.3.1/hadoop-yarn-common-3.3.1.jar:/home/runner/.m2/repository/org/apache/hadoop/hadoop-yarn-api/3.3.1/hadoop-yarn-api-3.3.1.jar:/home/runner/.m2/repository/com/sun/jersey/jersey-client/1.19/jersey-client-1.19.jar:/home/runner/.m2/repository/com/sun/jersey/contribs/jersey-guice/1.19/jersey-guice-1.19.jar:/home/runner/.m2/repository/com/fasterxml/jackson/jaxrs/jackson-jaxrs-json-provider/2.12.1/jackson-jaxrs-json-provider-2.12.1.jar:/home/runner/.m2/repository/com/fasterxml/jackson/jaxrs/jackson-jaxrs-base/2.12.1/jackson-jaxrs-base-2.12.1.jar:/home/runner/.m2/repository/org/apache/hadoop/hadoop-yarn-client/3.3.1/hadoop-yarn-client-3.3.1.jar:/home/runner/.m2/repository/org/eclipse/jetty/websocket/websocket-client/9.4.40.v20210413/websocket-client-9.4.40.v20210413.jar:/home/runner/.m2/repository/org/eclipse/jetty/jetty-client/9.4.40.v20210413/jetty-client-9.4.40.v20210413.jar:/home/runner/.m2/repository/org/eclipse/jetty/websocket/websocket-common/9.4.40.v20210413/websocket-common-9.4.40.v20210413.jar:/home/runner/.m2/repository/org/eclipse/jetty/websocket/websocket-api/9.4.40.v20210413/websocket-api-9.4.40.v20210413.jar:/home/runner/.m2/repository/org/jline/jline/3.9.0/jline-3.9.0.jar:/home/runner/.m2/repository/org/apache/hadoop/hadoop-mapreduce-client-core/3.3.1/hadoop-mapreduce-client-core-3.3.1.jar:/home/runner/.m2/repository/org/apache/avro/avro/1.7.7/avro-1.7.7.jar:/home/runner/.m2/repository/org/codehaus/jackson/jackson-core-asl/1.9.13/jackson-core-asl-1.9.13.jar:/home/runner/.m2/repository/org/codehaus/jackson/jackson-mapper-asl/1.9.13/jackson-mapper-asl-1.9.13.jar:/home/runner/.m2/repository/com/thoughtworks/paranamer/paranamer/2.3/paranamer-2.3.jar:/home/runner/.m2/repository/org/apache/hadoop/hadoop-annotations/3.3.1/hadoop-annotations-3.3.1.jar:/usr/lib/jvm/adoptopenjdk-8-hotspot-amd64/jre/../lib/tools.jar:/home/runner/.m2/repository/org/apache/hadoop/hadoop-distcp/3.3.1/hadoop-distcp-3.3.1-tests.jar:/home/runner/.m2/repository/org/apache/ratis/ratis-common/2.2.0/ratis-common-2.2.0.jar:/home/runner/.m2/repository/org/apache/ratis/ratis-thirdparty-misc/0.7.0/ratis-thirdparty-misc-0.7.0.jar:/home/runner/.m2/repository/org/apache/ratis/ratis-proto/2.2.0/ratis-proto-2.2.0.jar:"/>
    <property name="java.vm.vendor" value="AdoptOpenJDK"/>
    <property name="sun.arch.data.model" value="64"/>
    <property name="test.build.dir" value="/home/runner/work/ozone/ozone/hadoop-ozone/integration-test/target/test-dir"/>
    <property name="test.cache.data" value=""/>
    <property name="java.vendor.url" value="https://adoptopenjdk.net/"/>
    <property name="user.timezone" value=""/>
    <property name="java.vm.specification.version" value="1.8"/>
    <property name="os.name" value="Linux"/>
    <property name="test.build.data" value="/home/runner/work/ozone/ozone/hadoop-ozone/integration-test/target/test-dir"/>
    <property name="sun.java.launcher" value="SUN_STANDARD"/>
    <property name="sun.boot.library.path" value="/usr/lib/jvm/adoptopenjdk-8-hotspot-amd64/jre/lib/amd64"/>
    <property name="sun.java.command" value="/home/runner/work/ozone/ozone/hadoop-ozone/integration-test/target/surefire/surefirebooter985443813830920991.jar /home/runner/work/ozone/ozone/hadoop-ozone/integration-test/target/surefire 2021-11-20T12-48-06_130-jvmRun1 surefire4630271744407597814tmp surefire_602565202959628872655tmp"/>
    <property name="surefire.test.class.path" value="/home/runner/work/ozone/ozone/hadoop-ozone/integration-test/target/test-classes:/home/runner/work/ozone/ozone/hadoop-ozone/integration-test/target/classes:/home/runner/.m2/repository/org/apache/ozone/ozone-common/1.2.0-SNAPSHOT/ozone-common-1.2.0-SNAPSHOT.jar:/home/runner/.m2/repository/org/apache/commons/commons-compress/1.21/commons-compress-1.21.jar:/home/runner/.m2/repository/org/apache/ozone/hdds-common/1.2.0-SNAPSHOT/hdds-common-1.2.0-SNAPSHOT.jar:/home/runner/.m2/repository/org/apache/ozone/hdds-client/1.2.0-SNAPSHOT/hdds-client-1.2.0-SNAPSHOT.jar:/home/runner/.m2/repository/org/apache/ozone/ozone-interface-client/1.2.0-SNAPSHOT/ozone-interface-client-1.2.0-SNAPSHOT.jar:/home/runner/.m2/repository/org/apache/ozone/hdds-test-utils/1.2.0-SNAPSHOT/hdds-test-utils-1.2.0-SNAPSHOT.jar:/home/runner/.m2/repository/com/google/guava/guava/30.1.1-jre/guava-30.1.1-jre.jar:/home/runner/.m2/repository/com/google/guava/failureaccess/1.0.1/failureaccess-1.0.1.jar:/home/runner/.m2/repository/com/google/guava/listenablefuture/9999.0-empty-to-avoid-conflict-with-guava/listenablefuture-9999.0-empty-to-avoid-conflict-with-guava.jar:/home/runner/.m2/repository/com/google/code/findbugs/jsr305/3.0.0/jsr305-3.0.0.jar:/home/runner/.m2/repository/org/checkerframework/checker-qual/3.8.0/checker-qual-3.8.0.jar:/home/runner/.m2/repository/com/google/errorprone/error_prone_annotations/2.2.0/error_prone_annotations-2.2.0.jar:/home/runner/.m2/repository/com/google/j2objc/j2objc-annotations/1.3/j2objc-annotations-1.3.jar:/home/runner/.m2/repository/commons-io/commons-io/2.11.0/commons-io-2.11.0.jar:/home/runner/.m2/repository/commons-logging/commons-logging/1.2/commons-logging-1.2.jar:/home/runner/.m2/repository/log4j/log4j/1.2.17/log4j-1.2.17.jar:/home/runner/.m2/repository/org/slf4j/slf4j-api/1.7.30/slf4j-api-1.7.30.jar:/home/runner/.m2/repository/org/apache/ozone/hdds-server-scm/1.2.0-SNAPSHOT/hdds-server-scm-1.2.0-SNAPSHOT.jar:/home/runner/.m2/repository/org/apache/ozone/hdds-container-service/1.2.0-SNAPSHOT/hdds-container-service-1.2.0-SNAPSHOT.jar:/home/runner/.m2/repository/org/apache/ozone/hdds-hadoop-dependency-server/1.2.0-SNAPSHOT/hdds-hadoop-dependency-server-1.2.0-SNAPSHOT.jar:/home/runner/.m2/repository/org/apache/hadoop/hadoop-hdfs/3.3.1/hadoop-hdfs-3.3.1.jar:/home/runner/.m2/repository/org/apache/ozone/hdds-server-framework/1.2.0-SNAPSHOT/hdds-server-framework-1.2.0-SNAPSHOT.jar:/home/runner/.m2/repository/org/apache/ozone/hdds-interface-server/1.2.0-SNAPSHOT/hdds-interface-server-1.2.0-SNAPSHOT.jar:/home/runner/.m2/repository/org/eclipse/jetty/jetty-servlet/9.4.43.v20210629/jetty-servlet-9.4.43.v20210629.jar:/home/runner/.m2/repository/org/eclipse/jetty/jetty-security/9.4.43.v20210629/jetty-security-9.4.43.v20210629.jar:/home/runner/.m2/repository/org/rocksdb/rocksdbjni/6.25.3/rocksdbjni-6.25.3.jar:/home/runner/.m2/repository/io/prometheus/simpleclient_dropwizard/0.7.0/simpleclient_dropwizard-0.7.0.jar:/home/runner/.m2/repository/io/prometheus/simpleclient/0.7.0/simpleclient-0.7.0.jar:/home/runner/.m2/repository/io/prometheus/simpleclient_common/0.7.0/simpleclient_common-0.7.0.jar:/home/runner/.m2/repository/com/fasterxml/jackson/datatype/jackson-datatype-jsr310/2.12.1/jackson-datatype-jsr310-2.12.1.jar:/home/runner/.m2/repository/io/dropwizard/metrics/metrics-core/3.2.4/metrics-core-3.2.4.jar:/home/runner/.m2/repository/org/apache/hadoop/hadoop-hdfs-client/3.3.1/hadoop-hdfs-client-3.3.1.jar:/home/runner/.m2/repository/org/bouncycastle/bcprov-jdk15on/1.67/bcprov-jdk15on-1.67.jar:/home/runner/.m2/repository/com/google/protobuf/protobuf-java/2.5.0/protobuf-java-2.5.0.jar:/home/runner/.m2/repository/org/apache/ozone/ozone-manager/1.2.0-SNAPSHOT/ozone-manager-1.2.0-SNAPSHOT.jar:/home/runner/.m2/repository/org/aspectj/aspectjrt/1.9.7/aspectjrt-1.9.7.jar:/home/runner/.m2/repository/org/aspectj/aspectjweaver/1.9.7/aspectjweaver-1.9.7.jar:/home/runner/.m2/repository/org/apache/ozone/hdds-interface-client/1.2.0-SNAPSHOT/hdds-interface-client-1.2.0-SNAPSHOT.jar:/home/runner/.m2/repository/org/apache/hadoop/thirdparty/hadoop-shaded-protobuf_3_7/1.1.1/hadoop-shaded-protobuf_3_7-1.1.1.jar:/home/runner/.m2/repository/org/apache/ozone/ozone-interface-storage/1.2.0-SNAPSHOT/ozone-interface-storage-1.2.0-SNAPSHOT.jar:/home/runner/.m2/repository/org/reflections/reflections/0.9.11/reflections-0.9.11.jar:/home/runner/.m2/repository/org/apache/hadoop/hadoop-minikdc/3.3.1/hadoop-minikdc-3.3.1.jar:/home/runner/.m2/repository/org/apache/kerby/kerb-simplekdc/1.0.1/kerb-simplekdc-1.0.1.jar:/home/runner/.m2/repository/org/apache/kerby/kerb-client/1.0.1/kerb-client-1.0.1.jar:/home/runner/.m2/repository/org/apache/kerby/kerby-config/1.0.1/kerby-config-1.0.1.jar:/home/runner/.m2/repository/org/apache/kerby/kerb-common/1.0.1/kerb-common-1.0.1.jar:/home/runner/.m2/repository/org/apache/kerby/kerb-crypto/1.0.1/kerb-crypto-1.0.1.jar:/home/runner/.m2/repository/org/apache/kerby/kerb-util/1.0.1/kerb-util-1.0.1.jar:/home/runner/.m2/repository/org/apache/kerby/token-provider/1.0.1/token-provider-1.0.1.jar:/home/runner/.m2/repository/org/apache/kerby/kerb-admin/1.0.1/kerb-admin-1.0.1.jar:/home/runner/.m2/repository/org/apache/kerby/kerb-server/1.0.1/kerb-server-1.0.1.jar:/home/runner/.m2/repository/org/apache/kerby/kerb-identity/1.0.1/kerb-identity-1.0.1.jar:/home/runner/.m2/repository/org/apache/kerby/kerby-xdr/1.0.1/kerby-xdr-1.0.1.jar:/home/runner/.m2/repository/org/slf4j/slf4j-log4j12/1.7.30/slf4j-log4j12-1.7.30.jar:/home/runner/.m2/repository/org/apache/ozone/ozone-s3gateway/1.2.0-SNAPSHOT/ozone-s3gateway-1.2.0-SNAPSHOT.jar:/home/runner/.m2/repository/org/javassist/javassist/3.21.0-GA/javassist-3.21.0-GA.jar:/home/runner/.m2/repository/org/jboss/weld/servlet/weld-servlet/2.4.7.Final/weld-servlet-2.4.7.Final.jar:/home/runner/.m2/repository/org/glassfish/jersey/containers/jersey-container-servlet-core/2.33/jersey-container-servlet-core-2.33.jar:/home/runner/.m2/repository/org/glassfish/hk2/external/jakarta.inject/2.6.1/jakarta.inject-2.6.1.jar:/home/runner/.m2/repository/org/glassfish/jersey/core/jersey-common/2.33/jersey-common-2.33.jar:/home/runner/.m2/repository/jakarta/ws/rs/jakarta.ws.rs-api/2.1.6/jakarta.ws.rs-api-2.1.6.jar:/home/runner/.m2/repository/org/glassfish/jersey/ext/cdi/jersey-cdi1x/2.33/jersey-cdi1x-2.33.jar:/home/runner/.m2/repository/org/glassfish/jersey/inject/jersey-hk2/2.33/jersey-hk2-2.33.jar:/home/runner/.m2/repository/org/glassfish/hk2/hk2-locator/2.6.1/hk2-locator-2.6.1.jar:/home/runner/.m2/repository/org/glassfish/jersey/media/jersey-media-jaxb/2.33/jersey-media-jaxb-2.33.jar:/home/runner/.m2/repository/org/glassfish/hk2/osgi-resource-locator/1.0.3/osgi-resource-locator-1.0.3.jar:/home/runner/.m2/repository/org/glassfish/hk2/hk2-api/2.5.0/hk2-api-2.5.0.jar:/home/runner/.m2/repository/org/glassfish/hk2/hk2-utils/2.5.0/hk2-utils-2.5.0.jar:/home/runner/.m2/repository/org/glassfish/hk2/external/aopalliance-repackaged/2.5.0/aopalliance-repackaged-2.5.0.jar:/home/runner/.m2/repository/com/fasterxml/jackson/dataformat/jackson-dataformat-xml/2.12.1/jackson-dataformat-xml-2.12.1.jar:/home/runner/.m2/repository/com/fasterxml/jackson/core/jackson-core/2.12.1/jackson-core-2.12.1.jar:/home/runner/.m2/repository/com/fasterxml/jackson/module/jackson-module-jaxb-annotations/2.12.1/jackson-module-jaxb-annotations-2.12.1.jar:/home/runner/.m2/repository/jakarta/xml/bind/jakarta.xml.bind-api/2.3.2/jakarta.xml.bind-api-2.3.2.jar:/home/runner/.m2/repository/org/codehaus/woodstox/stax2-api/3.1.4/stax2-api-3.1.4.jar:/home/runner/.m2/repository/com/fasterxml/woodstox/woodstox-core/5.0.3/woodstox-core-5.0.3.jar:/home/runner/.m2/repository/javax/enterprise/cdi-api/1.2/cdi-api-1.2.jar:/home/runner/.m2/repository/javax/el/javax.el-api/3.0.0/javax.el-api-3.0.0.jar:/home/runner/.m2/repository/javax/interceptor/javax.interceptor-api/1.2/javax.interceptor-api-1.2.jar:/home/runner/.m2/repository/javax/inject/javax.inject/1/javax.inject-1.jar:/home/runner/.m2/repository/javax/xml/bind/jaxb-api/2.3.0/jaxb-api-2.3.0.jar:/home/runner/.m2/repository/org/glassfish/jaxb/jaxb-runtime/2.3.0.1/jaxb-runtime-2.3.0.1.jar:/home/runner/.m2/repository/org/glassfish/jaxb/jaxb-core/2.3.0.1/jaxb-core-2.3.0.1.jar:/home/runner/.m2/repository/org/glassfish/jaxb/txw2/2.3.0.1/txw2-2.3.0.1.jar:/home/runner/.m2/repository/com/sun/istack/istack-commons-runtime/3.0.5/istack-commons-runtime-3.0.5.jar:/home/runner/.m2/repository/org/jvnet/staxex/stax-ex/1.7.8/stax-ex-1.7.8.jar:/home/runner/.m2/repository/com/sun/xml/fastinfoset/FastInfoset/1.2.13/FastInfoset-1.2.13.jar:/home/runner/.m2/repository/javax/activation/activation/1.1.1/activation-1.1.1.jar:/home/runner/.m2/repository/org/apache/ozone/ozone-csi/1.2.0-SNAPSHOT/ozone-csi-1.2.0-SNAPSHOT.jar:/home/runner/.m2/repository/com/google/protobuf/protobuf-java-util/3.12.0/protobuf-java-util-3.12.0.jar:/home/runner/.m2/repository/com/google/code/gson/gson/2.2.4/gson-2.2.4.jar:/home/runner/.m2/repository/org/apache/ozone/hdds-config/1.2.0-SNAPSHOT/hdds-config-1.2.0-SNAPSHOT.jar:/home/runner/.m2/repository/io/grpc/grpc-netty/1.33.0/grpc-netty-1.33.0.jar:/home/runner/.m2/repository/io/grpc/grpc-core/1.33.0/grpc-core-1.33.0.jar:/home/runner/.m2/repository/com/google/android/annotations/4.1.1.4/annotations-4.1.1.4.jar:/home/runner/.m2/repository/io/netty/netty-codec-http2/4.1.63.Final/netty-codec-http2-4.1.63.Final.jar:/home/runner/.m2/repository/io/netty/netty-codec-http/4.1.63.Final/netty-codec-http-4.1.63.Final.jar:/home/runner/.m2/repository/io/netty/netty-handler-proxy/4.1.63.Final/netty-handler-proxy-4.1.63.Final.jar:/home/runner/.m2/repository/io/netty/netty-codec-socks/4.1.63.Final/netty-codec-socks-4.1.63.Final.jar:/home/runner/.m2/repository/io/perfmark/perfmark-api/0.19.0/perfmark-api-0.19.0.jar:/home/runner/.m2/repository/org/codehaus/mojo/animal-sniffer-annotations/1.18/animal-sniffer-annotations-1.18.jar:/home/runner/.m2/repository/io/netty/netty-transport-native-epoll/4.1.63.Final/netty-transport-native-epoll-4.1.63.Final.jar:/home/runner/.m2/repository/io/netty/netty-common/4.1.63.Final/netty-common-4.1.63.Final.jar:/home/runner/.m2/repository/io/netty/netty-buffer/4.1.63.Final/netty-buffer-4.1.63.Final.jar:/home/runner/.m2/repository/io/netty/netty-transport-native-unix-common/4.1.63.Final/netty-transport-native-unix-common-4.1.63.Final.jar:/home/runner/.m2/repository/io/grpc/grpc-protobuf/1.33.0/grpc-protobuf-1.33.0.jar:/home/runner/.m2/repository/io/grpc/grpc-api/1.33.0/grpc-api-1.33.0.jar:/home/runner/.m2/repository/io/grpc/grpc-context/1.33.0/grpc-context-1.33.0.jar:/home/runner/.m2/repository/com/google/api/grpc/proto-google-common-protos/1.17.0/proto-google-common-protos-1.17.0.jar:/home/runner/.m2/repository/io/grpc/grpc-protobuf-lite/1.33.0/grpc-protobuf-lite-1.33.0.jar:/home/runner/.m2/repository/io/grpc/grpc-stub/1.33.0/grpc-stub-1.33.0.jar:/home/runner/.m2/repository/org/apache/ozone/ozone-recon/1.2.0-SNAPSHOT/ozone-recon-1.2.0-SNAPSHOT.jar:/home/runner/.m2/repository/org/apache/ozone/ozone-reconcodegen/1.2.0-SNAPSHOT/ozone-reconcodegen-1.2.0-SNAPSHOT.jar:/home/runner/.m2/repository/com/google/inject/extensions/guice-multibindings/4.0/guice-multibindings-4.0.jar:/home/runner/.m2/repository/com/google/inject/guice/4.0/guice-4.0.jar:/home/runner/.m2/repository/aopalliance/aopalliance/1.0/aopalliance-1.0.jar:/home/runner/.m2/repository/com/google/inject/extensions/guice-assistedinject/4.0/guice-assistedinject-4.0.jar:/home/runner/.m2/repository/com/google/inject/extensions/guice-servlet/4.0/guice-servlet-4.0.jar:/home/runner/.m2/repository/org/glassfish/jersey/containers/jersey-container-servlet/2.33/jersey-container-servlet-2.33.jar:/home/runner/.m2/repository/org/glassfish/hk2/guice-bridge/2.5.0/guice-bridge-2.5.0.jar:/home/runner/.m2/repository/org/glassfish/jersey/core/jersey-server/2.33/jersey-server-2.33.jar:/home/runner/.m2/repository/org/glassfish/jersey/core/jersey-client/2.33/jersey-client-2.33.jar:/home/runner/.m2/repository/jakarta/annotation/jakarta.annotation-api/1.3.5/jakarta.annotation-api-1.3.5.jar:/home/runner/.m2/repository/jakarta/validation/jakarta.validation-api/2.0.2/jakarta.validation-api-2.0.2.jar:/home/runner/.m2/repository/org/glassfish/jersey/media/jersey-media-json-jackson/2.33/jersey-media-json-jackson-2.33.jar:/home/runner/.m2/repository/org/glassfish/jersey/ext/jersey-entity-filtering/2.33/jersey-entity-filtering-2.33.jar:/home/runner/.m2/repository/org/jooq/jooq/3.11.10/jooq-3.11.10.jar:/home/runner/.m2/repository/org/jooq/jooq-meta/3.11.10/jooq-meta-3.11.10.jar:/home/runner/.m2/repository/org/jooq/jooq-codegen/3.11.10/jooq-codegen-3.11.10.jar:/home/runner/.m2/repository/com/jolbox/bonecp/0.8.0.RELEASE/bonecp-0.8.0.RELEASE.jar:/home/runner/.m2/repository/org/apache/derby/derby/10.14.2.0/derby-10.14.2.0.jar:/home/runner/.m2/repository/org/xerial/sqlite-jdbc/3.25.2/sqlite-jdbc-3.25.2.jar:/home/runner/.m2/repository/org/springframework/spring-jdbc/5.2.18.RELEASE/spring-jdbc-5.2.18.RELEASE.jar:/home/runner/.m2/repository/org/springframework/spring-beans/5.2.18.RELEASE/spring-beans-5.2.18.RELEASE.jar:/home/runner/.m2/repository/org/springframework/spring-core/5.2.18.RELEASE/spring-core-5.2.18.RELEASE.jar:/home/runner/.m2/repository/org/springframework/spring-jcl/5.2.18.RELEASE/spring-jcl-5.2.18.RELEASE.jar:/home/runner/.m2/repository/org/springframework/spring-tx/5.2.18.RELEASE/spring-tx-5.2.18.RELEASE.jar:/home/runner/.m2/repository/org/apache/ozone/ozone-client/1.2.0-SNAPSHOT/ozone-client-1.2.0-SNAPSHOT.jar:/home/runner/.m2/repository/org/apache/ozone/ozone-filesystem/1.2.0-SNAPSHOT/ozone-filesystem-1.2.0-SNAPSHOT.jar:/home/runner/.m2/repository/org/apache/ozone/ozone-filesystem-common/1.2.0-SNAPSHOT/ozone-filesystem-common-1.2.0-SNAPSHOT.jar:/home/runner/.m2/repository/org/apache/ozone/ozone-tools/1.2.0-SNAPSHOT/ozone-tools-1.2.0-SNAPSHOT.jar:/home/runner/.m2/repository/org/apache/ratis/ratis-tools/2.2.0/ratis-tools-2.2.0.jar:/home/runner/.m2/repository/com/amazonaws/aws-java-sdk-core/1.11.1034/aws-java-sdk-core-1.11.1034.jar:/home/runner/.m2/repository/org/apache/httpcomponents/httpclient/4.5.13/httpclient-4.5.13.jar:/home/runner/.m2/repository/org/apache/httpcomponents/httpcore/4.4.13/httpcore-4.4.13.jar:/home/runner/.m2/repository/software/amazon/ion/ion-java/1.0.2/ion-java-1.0.2.jar:/home/runner/.m2/repository/com/fasterxml/jackson/dataformat/jackson-dataformat-cbor/2.12.1/jackson-dataformat-cbor-2.12.1.jar:/home/runner/.m2/repository/joda-time/joda-time/2.8.1/joda-time-2.8.1.jar:/home/runner/.m2/repository/com/amazonaws/aws-java-sdk-s3/1.11.1034/aws-java-sdk-s3-1.11.1034.jar:/home/runner/.m2/repository/com/amazonaws/aws-java-sdk-kms/1.11.1034/aws-java-sdk-kms-1.11.1034.jar:/home/runner/.m2/repository/com/amazonaws/jmespath-java/1.11.1034/jmespath-java-1.11.1034.jar:/home/runner/.m2/repository/org/kohsuke/metainf-services/metainf-services/1.8/metainf-services-1.8.jar:/home/runner/.m2/repository/org/apache/ozone/hdds-tools/1.2.0-SNAPSHOT/hdds-tools-1.2.0-SNAPSHOT.jar:/home/runner/.m2/repository/commons-cli/commons-cli/1.2/commons-cli-1.2.jar:/home/runner/.m2/repository/org/apache/commons/commons-lang3/3.7/commons-lang3-3.7.jar:/home/runner/.m2/repository/org/apache/ozone/ozone-manager/1.2.0-SNAPSHOT/ozone-manager-1.2.0-SNAPSHOT-tests.jar:/home/runner/.m2/repository/org/apache/ozone/hdds-common/1.2.0-SNAPSHOT/hdds-common-1.2.0-SNAPSHOT-tests.jar:/home/runner/.m2/repository/org/apache/ozone/hdds-hadoop-dependency-client/1.2.0-SNAPSHOT/hdds-hadoop-dependency-client-1.2.0-SNAPSHOT.jar:/home/runner/.m2/repository/info/picocli/picocli/4.6.1/picocli-4.6.1.jar:/home/runner/.m2/repository/com/fasterxml/jackson/core/jackson-annotations/2.12.1/jackson-annotations-2.12.1.jar:/home/runner/.m2/repository/javax/annotation/javax.annotation-api/1.2/javax.annotation-api-1.2.jar:/home/runner/.m2/repository/org/apache/ratis/ratis-server/2.2.0/ratis-server-2.2.0.jar:/home/runner/.m2/repository/org/apache/ratis/ratis-client/2.2.0/ratis-client-2.2.0.jar:/home/runner/.m2/repository/org/apache/ratis/ratis-server-api/2.2.0/ratis-server-api-2.2.0.jar:/home/runner/.m2/repository/org/apache/ratis/ratis-metrics/2.2.0/ratis-metrics-2.2.0.jar:/home/runner/.m2/repository/org/apache/ratis/ratis-netty/2.2.0/ratis-netty-2.2.0.jar:/home/runner/.m2/repository/org/apache/ratis/ratis-grpc/2.2.0/ratis-grpc-2.2.0.jar:/home/runner/.m2/repository/org/apache/logging/log4j/log4j-api/2.13.3/log4j-api-2.13.3.jar:/home/runner/.m2/repository/org/apache/logging/log4j/log4j-core/2.13.3/log4j-core-2.13.3.jar:/home/runner/.m2/repository/com/lmax/disruptor/3.4.2/disruptor-3.4.2.jar:/home/runner/.m2/repository/org/apache/commons/commons-pool2/2.6.0/commons-pool2-2.6.0.jar:/home/runner/.m2/repository/org/bouncycastle/bcpkix-jdk15on/1.67/bcpkix-jdk15on-1.67.jar:/home/runner/.m2/repository/commons-validator/commons-validator/1.6/commons-validator-1.6.jar:/home/runner/.m2/repository/commons-beanutils/commons-beanutils/1.9.4/commons-beanutils-1.9.4.jar:/home/runner/.m2/repository/commons-digester/commons-digester/1.8.1/commons-digester-1.8.1.jar:/home/runner/.m2/repository/commons-collections/commons-collections/3.2.2/commons-collections-3.2.2.jar:/home/runner/.m2/repository/io/jaegertracing/jaeger-client/1.6.0/jaeger-client-1.6.0.jar:/home/runner/.m2/repository/io/jaegertracing/jaeger-thrift/1.6.0/jaeger-thrift-1.6.0.jar:/home/runner/.m2/repository/org/apache/thrift/libthrift/0.14.1/libthrift-0.14.1.jar:/home/runner/.m2/repository/com/squareup/okhttp3/okhttp/4.9.0/okhttp-4.9.0.jar:/home/runner/.m2/repository/com/squareup/okio/okio/2.8.0/okio-2.8.0.jar:/home/runner/.m2/repository/io/jaegertracing/jaeger-core/1.6.0/jaeger-core-1.6.0.jar:/home/runner/.m2/repository/io/jaegertracing/jaeger-tracerresolver/1.6.0/jaeger-tracerresolver-1.6.0.jar:/home/runner/.m2/repository/io/opentracing/contrib/opentracing-tracerresolver/0.1.8/opentracing-tracerresolver-0.1.8.jar:/home/runner/.m2/repository/org/jetbrains/kotlin/kotlin-stdlib/1.4.31/kotlin-stdlib-1.4.31.jar:/home/runner/.m2/repository/org/jetbrains/kotlin/kotlin-stdlib-common/1.4.31/kotlin-stdlib-common-1.4.31.jar:/home/runner/.m2/repository/org/jetbrains/annotations/13.0/annotations-13.0.jar:/home/runner/.m2/repository/io/opentracing/opentracing-util/0.33.0/opentracing-util-0.33.0.jar:/home/runner/.m2/repository/io/opentracing/opentracing-api/0.33.0/opentracing-api-0.33.0.jar:/home/runner/.m2/repository/io/opentracing/opentracing-noop/0.33.0/opentracing-noop-0.33.0.jar:/home/runner/.m2/repository/org/yaml/snakeyaml/1.26/snakeyaml-1.26.jar:/home/runner/.m2/repository/org/apache/ozone/hdds-interface-admin/1.2.0-SNAPSHOT/hdds-interface-admin-1.2.0-SNAPSHOT.jar:/home/runner/.m2/repository/junit/junit/4.13.1/junit-4.13.1.jar:/home/runner/.m2/repository/org/hamcrest/hamcrest-core/1.3/hamcrest-core-1.3.jar:/home/runner/.m2/repository/org/junit/jupiter/junit-jupiter-api/5.7.0/junit-jupiter-api-5.7.0.jar:/home/runner/.m2/repository/org/apiguardian/apiguardian-api/1.1.0/apiguardian-api-1.1.0.jar:/home/runner/.m2/repository/org/opentest4j/opentest4j/1.2.0/opentest4j-1.2.0.jar:/home/runner/.m2/repository/org/junit/platform/junit-platform-commons/1.7.0/junit-platform-commons-1.7.0.jar:/home/runner/.m2/repository/org/junit/jupiter/junit-jupiter-engine/5.7.0/junit-jupiter-engine-5.7.0.jar:/home/runner/.m2/repository/org/junit/platform/junit-platform-engine/1.7.0/junit-platform-engine-1.7.0.jar:/home/runner/.m2/repository/org/junit/vintage/junit-vintage-engine/5.7.0/junit-vintage-engine-5.7.0.jar:/home/runner/.m2/repository/org/junit/platform/junit-platform-launcher/1.7.0/junit-platform-launcher-1.7.0.jar:/home/runner/.m2/repository/org/openjdk/jmh/jmh-core/1.19/jmh-core-1.19.jar:/home/runner/.m2/repository/net/sf/jopt-simple/jopt-simple/4.6/jopt-simple-4.6.jar:/home/runner/.m2/repository/org/apache/commons/commons-math3/3.1.1/commons-math3-3.1.1.jar:/home/runner/.m2/repository/org/openjdk/jmh/jmh-generator-annprocess/1.19/jmh-generator-annprocess-1.19.jar:/home/runner/.m2/repository/org/mockito/mockito-core/2.28.2/mockito-core-2.28.2.jar:/home/runner/.m2/repository/net/bytebuddy/byte-buddy/1.9.10/byte-buddy-1.9.10.jar:/home/runner/.m2/repository/net/bytebuddy/byte-buddy-agent/1.9.10/byte-buddy-agent-1.9.10.jar:/home/runner/.m2/repository/org/objenesis/objenesis/1.0/objenesis-1.0.jar:/home/runner/.m2/repository/org/apache/hadoop/hadoop-kms/3.3.1/hadoop-kms-3.3.1.jar:/home/runner/.m2/repository/org/apache/hadoop/hadoop-auth/3.3.1/hadoop-auth-3.3.1.jar:/home/runner/.m2/repository/com/nimbusds/nimbus-jose-jwt/7.9/nimbus-jose-jwt-7.9.jar:/home/runner/.m2/repository/com/github/stephenc/jcip/jcip-annotations/1.0-1/jcip-annotations-1.0-1.jar:/home/runner/.m2/repository/net/minidev/json-smart/2.3.1/json-smart-2.3.1.jar:/home/runner/.m2/repository/net/minidev/accessors-smart/2.3.1/accessors-smart-2.3.1.jar:/home/runner/.m2/repository/org/ow2/asm/asm/5.0.4/asm-5.0.4.jar:/home/runner/.m2/repository/org/apache/zookeeper/zookeeper/3.5.6/zookeeper-3.5.6.jar:/home/runner/.m2/repository/org/apache/zookeeper/zookeeper-jute/3.5.6/zookeeper-jute-3.5.6.jar:/home/runner/.m2/repository/org/apache/yetus/audience-annotations/0.5.0/audience-annotations-0.5.0.jar:/home/runner/.m2/repository/org/apache/curator/curator-framework/4.2.0/curator-framework-4.2.0.jar:/home/runner/.m2/repository/org/apache/hadoop/thirdparty/hadoop-shaded-guava/1.1.1/hadoop-shaded-guava-1.1.1.jar:/home/runner/.m2/repository/com/sun/jersey/jersey-core/1.19/jersey-core-1.19.jar:/home/runner/.m2/repository/javax/ws/rs/jsr311-api/1.1.1/jsr311-api-1.1.1.jar:/home/runner/.m2/repository/com/sun/jersey/jersey-server/1.19/jersey-server-1.19.jar:/home/runner/.m2/repository/javax/servlet/javax.servlet-api/3.1.0/javax.servlet-api-3.1.0.jar:/home/runner/.m2/repository/org/eclipse/jetty/jetty-server/9.4.43.v20210629/jetty-server-9.4.43.v20210629.jar:/home/runner/.m2/repository/org/eclipse/jetty/jetty-http/9.4.43.v20210629/jetty-http-9.4.43.v20210629.jar:/home/runner/.m2/repository/org/eclipse/jetty/jetty-io/9.4.43.v20210629/jetty-io-9.4.43.v20210629.jar:/home/runner/.m2/repository/org/eclipse/jetty/jetty-webapp/9.4.43.v20210629/jetty-webapp-9.4.43.v20210629.jar:/home/runner/.m2/repository/org/eclipse/jetty/jetty-xml/9.4.43.v20210629/jetty-xml-9.4.43.v20210629.jar:/home/runner/.m2/repository/org/apache/hadoop/hadoop-common/3.3.1/hadoop-common-3.3.1.jar:/home/runner/.m2/repository/commons-net/commons-net/3.6/commons-net-3.6.jar:/home/runner/.m2/repository/jakarta/activation/jakarta.activation-api/1.2.1/jakarta.activation-api-1.2.1.jar:/home/runner/.m2/repository/com/sun/jersey/jersey-servlet/1.19/jersey-servlet-1.19.jar:/home/runner/.m2/repository/com/sun/jersey/jersey-json/1.19/jersey-json-1.19.jar:/home/runner/.m2/repository/org/codehaus/jettison/jettison/1.1/jettison-1.1.jar:/home/runner/.m2/repository/com/sun/xml/bind/jaxb-impl/2.2.3-1/jaxb-impl-2.2.3-1.jar:/home/runner/.m2/repository/org/codehaus/jackson/jackson-jaxrs/1.9.2/jackson-jaxrs-1.9.2.jar:/home/runner/.m2/repository/org/codehaus/jackson/jackson-xc/1.9.2/jackson-xc-1.9.2.jar:/home/runner/.m2/repository/org/apache/commons/commons-configuration2/2.1.1/commons-configuration2-2.1.1.jar:/home/runner/.m2/repository/org/apache/commons/commons-text/1.4/commons-text-1.4.jar:/home/runner/.m2/repository/com/google/re2j/re2j/1.1/re2j-1.1.jar:/home/runner/.m2/repository/com/jcraft/jsch/0.1.54/jsch-0.1.54.jar:/home/runner/.m2/repository/org/apache/curator/curator-client/4.2.0/curator-client-4.2.0.jar:/home/runner/.m2/repository/org/apache/curator/curator-recipes/4.2.0/curator-recipes-4.2.0.jar:/home/runner/.m2/repository/org/apache/kerby/kerb-core/1.0.1/kerb-core-1.0.1.jar:/home/runner/.m2/repository/org/apache/kerby/kerby-pkix/1.0.1/kerby-pkix-1.0.1.jar:/home/runner/.m2/repository/org/apache/kerby/kerby-asn1/1.0.1/kerby-asn1-1.0.1.jar:/home/runner/.m2/repository/org/apache/kerby/kerby-util/1.0.1/kerby-util-1.0.1.jar:/home/runner/.m2/repository/dnsjava/dnsjava/2.1.7/dnsjava-2.1.7.jar:/home/runner/.m2/repository/org/xerial/snappy/snappy-java/1.1.8.2/snappy-java-1.1.8.2.jar:/home/runner/.m2/repository/org/slf4j/jul-to-slf4j/1.7.30/jul-to-slf4j-1.7.30.jar:/home/runner/.m2/repository/org/eclipse/jetty/jetty-util/9.4.43.v20210629/jetty-util-9.4.43.v20210629.jar:/home/runner/.m2/repository/com/fasterxml/jackson/core/jackson-databind/2.12.1/jackson-databind-2.12.1.jar:/home/runner/.m2/repository/org/apache/hadoop/hadoop-kms/3.3.1/hadoop-kms-3.3.1-tests.jar:/home/runner/.m2/repository/org/apache/ozone/hdds-server-scm/1.2.0-SNAPSHOT/hdds-server-scm-1.2.0-SNAPSHOT-tests.jar:/home/runner/.m2/repository/org/apache/ozone/hdds-container-service/1.2.0-SNAPSHOT/hdds-container-service-1.2.0-SNAPSHOT-tests.jar:/home/runner/.m2/repository/commons-codec/commons-codec/1.11/commons-codec-1.11.jar:/home/runner/.m2/repository/io/netty/netty-transport/4.1.63.Final/netty-transport-4.1.63.Final.jar:/home/runner/.m2/repository/io/netty/netty-resolver/4.1.63.Final/netty-resolver-4.1.63.Final.jar:/home/runner/.m2/repository/io/netty/netty-codec/4.1.63.Final/netty-codec-4.1.63.Final.jar:/home/runner/.m2/repository/io/netty/netty-handler/4.1.63.Final/netty-handler-4.1.63.Final.jar:/home/runner/.m2/repository/org/apache/ozone/hdds-hadoop-dependency-test/1.2.0-SNAPSHOT/hdds-hadoop-dependency-test-1.2.0-SNAPSHOT.jar:/home/runner/.m2/repository/org/apache/hadoop/hadoop-common/3.3.1/hadoop-common-3.3.1-tests.jar:/home/runner/.m2/repository/org/assertj/assertj-core/3.12.2/assertj-core-3.12.2.jar:/home/runner/.m2/repository/org/apache/hadoop/hadoop-hdfs/3.3.1/hadoop-hdfs-3.3.1-tests.jar:/home/runner/.m2/repository/org/eclipse/jetty/jetty-util-ajax/9.4.43.v20210629/jetty-util-ajax-9.4.43.v20210629.jar:/home/runner/.m2/repository/commons-daemon/commons-daemon/1.0.13/commons-daemon-1.0.13.jar:/home/runner/.m2/repository/io/netty/netty/3.10.6.Final/netty-3.10.6.Final.jar:/home/runner/.m2/repository/io/netty/netty-all/4.1.63.Final/netty-all-4.1.63.Final.jar:/home/runner/.m2/repository/org/apache/htrace/htrace-core4/4.1.0-incubating/htrace-core4-4.1.0-incubating.jar:/home/runner/.m2/repository/org/fusesource/leveldbjni/leveldbjni-all/1.8/leveldbjni-all-1.8.jar:/home/runner/.m2/repository/org/apache/hadoop/hadoop-distcp/3.3.1/hadoop-distcp-3.3.1.jar:/home/runner/.m2/repository/org/apache/hadoop/hadoop-mapreduce-client-jobclient/3.3.1/hadoop-mapreduce-client-jobclient-3.3.1.jar:/home/runner/.m2/repository/org/apache/hadoop/hadoop-mapreduce-client-common/3.3.1/hadoop-mapreduce-client-common-3.3.1.jar:/home/runner/.m2/repository/org/apache/hadoop/hadoop-yarn-common/3.3.1/hadoop-yarn-common-3.3.1.jar:/home/runner/.m2/repository/org/apache/hadoop/hadoop-yarn-api/3.3.1/hadoop-yarn-api-3.3.1.jar:/home/runner/.m2/repository/com/sun/jersey/jersey-client/1.19/jersey-client-1.19.jar:/home/runner/.m2/repository/com/sun/jersey/contribs/jersey-guice/1.19/jersey-guice-1.19.jar:/home/runner/.m2/repository/com/fasterxml/jackson/jaxrs/jackson-jaxrs-json-provider/2.12.1/jackson-jaxrs-json-provider-2.12.1.jar:/home/runner/.m2/repository/com/fasterxml/jackson/jaxrs/jackson-jaxrs-base/2.12.1/jackson-jaxrs-base-2.12.1.jar:/home/runner/.m2/repository/org/apache/hadoop/hadoop-yarn-client/3.3.1/hadoop-yarn-client-3.3.1.jar:/home/runner/.m2/repository/org/eclipse/jetty/websocket/websocket-client/9.4.40.v20210413/websocket-client-9.4.40.v20210413.jar:/home/runner/.m2/repository/org/eclipse/jetty/jetty-client/9.4.40.v20210413/jetty-client-9.4.40.v20210413.jar:/home/runner/.m2/repository/org/eclipse/jetty/websocket/websocket-common/9.4.40.v20210413/websocket-common-9.4.40.v20210413.jar:/home/runner/.m2/repository/org/eclipse/jetty/websocket/websocket-api/9.4.40.v20210413/websocket-api-9.4.40.v20210413.jar:/home/runner/.m2/repository/org/jline/jline/3.9.0/jline-3.9.0.jar:/home/runner/.m2/repository/org/apache/hadoop/hadoop-mapreduce-client-core/3.3.1/hadoop-mapreduce-client-core-3.3.1.jar:/home/runner/.m2/repository/org/apache/avro/avro/1.7.7/avro-1.7.7.jar:/home/runner/.m2/repository/org/codehaus/jackson/jackson-core-asl/1.9.13/jackson-core-asl-1.9.13.jar:/home/runner/.m2/repository/org/codehaus/jackson/jackson-mapper-asl/1.9.13/jackson-mapper-asl-1.9.13.jar:/home/runner/.m2/repository/com/thoughtworks/paranamer/paranamer/2.3/paranamer-2.3.jar:/home/runner/.m2/repository/org/apache/hadoop/hadoop-annotations/3.3.1/hadoop-annotations-3.3.1.jar:/usr/lib/jvm/adoptopenjdk-8-hotspot-amd64/jre/../lib/tools.jar:/home/runner/.m2/repository/org/apache/hadoop/hadoop-distcp/3.3.1/hadoop-distcp-3.3.1-tests.jar:/home/runner/.m2/repository/org/apache/ratis/ratis-common/2.2.0/ratis-common-2.2.0.jar:/home/runner/.m2/repository/org/apache/ratis/ratis-thirdparty-misc/0.7.0/ratis-thirdparty-misc-0.7.0.jar:/home/runner/.m2/repository/org/apache/ratis/ratis-proto/2.2.0/ratis-proto-2.2.0.jar:"/>
    <property name="sun.cpu.endian" value="little"/>
    <property name="user.home" value="/home/runner"/>
    <property name="user.language" value="en"/>
    <property name="java.specification.vendor" value="Oracle Corporation"/>
    <property name="java.home" value="/usr/lib/jvm/adoptopenjdk-8-hotspot-amd64/jre"/>
    <property name="java.security.krb5.conf" value="/home/runner/work/ozone/ozone/hadoop-ozone/integration-test/target/test-classes/krb5.conf"/>
    <property name="basedir" value="/home/runner/work/ozone/ozone/hadoop-ozone/integration-test"/>
    <property name="file.separator" value="/"/>
    <property name="line.separator" value="&#10;"/>
    <property name="java.vm.specification.vendor" value="Oracle Corporation"/>
    <property name="java.specification.name" value="Java Platform API Specification"/>
    <property name="java.awt.graphicsenv" value="sun.awt.X11GraphicsEnvironment"/>
    <property name="skip.installnpx" value="true"/>
    <property name="surefire.real.class.path" value="/home/runner/work/ozone/ozone/hadoop-ozone/integration-test/target/surefire/surefirebooter985443813830920991.jar:/home/runner/.m2/repository/org/jacoco/org.jacoco.agent/0.8.5/org.jacoco.agent-0.8.5-runtime.jar"/>
    <property name="hadoop.log.dir" value="/home/runner/work/ozone/ozone/hadoop-ozone/integration-test/target/log"/>
    <property name="sun.boot.class.path" value="/usr/lib/jvm/adoptopenjdk-8-hotspot-amd64/jre/lib/resources.jar:/usr/lib/jvm/adoptopenjdk-8-hotspot-amd64/jre/lib/rt.jar:/usr/lib/jvm/adoptopenjdk-8-hotspot-amd64/jre/lib/sunrsasign.jar:/usr/lib/jvm/adoptopenjdk-8-hotspot-amd64/jre/lib/jsse.jar:/usr/lib/jvm/adoptopenjdk-8-hotspot-amd64/jre/lib/jce.jar:/usr/lib/jvm/adoptopenjdk-8-hotspot-amd64/jre/lib/charsets.jar:/usr/lib/jvm/adoptopenjdk-8-hotspot-amd64/jre/lib/jfr.jar:/usr/lib/jvm/adoptopenjdk-8-hotspot-amd64/jre/classes"/>
    <property name="sun.management.compiler" value="HotSpot 64-Bit Tiered Compilers"/>
    <property name="skip.npx" value="true"/>
    <property name="java.runtime.version" value="1.8.0_292-b10"/>
    <property name="java.net.preferIPv4Stack" value="true"/>
    <property name="user.name" value="runner"/>
    <property name="path.separator" value=":"/>
    <property name="java.security.egd" value="file:///dev/urandom"/>
    <property name="os.version" value="5.4.0-1063-azure"/>
    <property name="java.endorsed.dirs" value="/usr/lib/jvm/adoptopenjdk-8-hotspot-amd64/jre/lib/endorsed"/>
    <property name="java.runtime.name" value="OpenJDK Runtime Environment"/>
    <property name="file.encoding" value="UTF-8"/>
    <property name="java.vm.name" value="OpenJDK 64-Bit Server VM"/>
    <property name="test.build.webapps" value=""/>
    <property name="localRepository" value="/home/runner/.m2/repository"/>
    <property name="java.vendor.url.bug" value="https://github.com/AdoptOpenJDK/openjdk-support/issues"/>
    <property name="java.io.tmpdir" value="/tmp"/>
    <property name="require.test.libhadoop" value=""/>
    <property name="java.version" value="1.8.0_292"/>
    <property name="user.dir" value="/home/runner/work/ozone/ozone/hadoop-ozone/integration-test"/>
    <property name="os.arch" value="amd64"/>
    <property name="java.vm.specification.name" value="Java Virtual Machine Specification"/>
    <property name="test.build.classes" value="/home/runner/work/ozone/ozone/hadoop-ozone/integration-test/target/test-classes"/>
    <property name="java.awt.printerjob" value="sun.print.PSPrinterJob"/>
    <property name="sun.os.patch.level" value="unknown"/>
    <property name="hadoop.tmp.dir" value="/home/runner/work/ozone/ozone/hadoop-ozone/integration-test/target/tmp"/>
    <property name="java.library.path" value="/usr/java/packages/lib/amd64:/usr/lib64:/lib64:/lib:/usr/lib"/>
    <property name="java.vm.info" value="mixed mode"/>
    <property name="java.vendor" value="AdoptOpenJDK"/>
    <property name="java.vm.version" value="25.292-b10"/>
    <property name="java.ext.dirs" value="/usr/lib/jvm/adoptopenjdk-8-hotspot-amd64/jre/lib/ext:/usr/java/packages/lib/ext"/>
    <property name="sun.io.unicode.encoding" value="UnicodeLittle"/>
    <property name="java.class.version" value="52.0"/>
  </properties>
  <testcase name="testMultipleDataDirs" classname="org.apache.hadoop.ozone.TestMiniOzoneCluster" time="21.223"/>
  <testcase name="testStartMultipleDatanodes" classname="org.apache.hadoop.ozone.TestMiniOzoneCluster" time="76.276">
    <error message="test timed out after 60000 milliseconds" type="org.junit.runners.model.TestTimedOutException">org.junit.runners.model.TestTimedOutException: test timed out after 60000 milliseconds
	at java.lang.Thread.sleep(Native Method)
	at org.apache.ozone.test.GenericTestUtils.waitFor(GenericTestUtils.java:218)
	at org.apache.hadoop.ozone.MiniOzoneClusterImpl.waitForClusterToBeReady(MiniOzoneClusterImpl.java:228)
	at org.apache.hadoop.ozone.TestMiniOzoneCluster.testStartMultipleDatanodes(TestMiniOzoneCluster.java:119)
	at sun.reflect.NativeMethodAccessorImpl.invoke0(Native Method)
	at sun.reflect.NativeMethodAccessorImpl.invoke(NativeMethodAccessorImpl.java:62)
	at sun.reflect.DelegatingMethodAccessorImpl.invoke(DelegatingMethodAccessorImpl.java:43)
	at java.lang.reflect.Method.invoke(Method.java:498)
	at org.junit.runners.model.FrameworkMethod$1.runReflectiveCall(FrameworkMethod.java:59)
	at org.junit.internal.runners.model.ReflectiveCallable.run(ReflectiveCallable.java:12)
	at org.junit.runners.model.FrameworkMethod.invokeExplosively(FrameworkMethod.java:56)
	at org.junit.internal.runners.statements.InvokeMethod.evaluate(InvokeMethod.java:17)
	at org.junit.internal.runners.statements.FailOnTimeout$CallableStatement.call(FailOnTimeout.java:288)
	at org.junit.internal.runners.statements.FailOnTimeout$CallableStatement.call(FailOnTimeout.java:282)
	at java.util.concurrent.FutureTask.run(FutureTask.java:266)
	at java.lang.Thread.run(Thread.java:748)
</error>
    <system-out><![CDATA[2021-11-20 13:47:08,612 [Time-limited test] WARN  server.ServerUtils (ServerUtils.java:getScmDbDir(148)) - ozone.scm.db.dirs is not configured. We recommend adding this setting. Falling back to ozone.metadata.dirs instead.
2021-11-20 13:47:08,614 [Time-limited test] INFO  ha.SCMHANodeDetails (SCMHANodeDetails.java:loadSCMHAConfig(157)) - ServiceID for StorageContainerManager is null
2021-11-20 13:47:08,614 [Time-limited test] INFO  ha.SCMHANodeDetails (SCMHANodeDetails.java:loadSCMHAConfig(162)) - ozone.scm.default.service.id is not defined, falling back to ozone.scm.service.ids to find serviceID for StorageContainerManager if it is HA enabled cluster
2021-11-20 13:47:08,620 [Time-limited test] WARN  server.ServerUtils (ServerUtils.java:getScmDbDir(148)) - ozone.scm.db.dirs is not configured. We recommend adding this setting. Falling back to ozone.metadata.dirs instead.
2021-11-20 13:47:08,621 [Time-limited test] INFO  upgrade.AbstractLayoutVersionManager (AbstractLayoutVersionManager.java:init(79)) - Initializing Layout version manager with metadata layout = SCM_HA (version = 2), software layout = SCM_HA (version = 2)
2021-11-20 13:47:08,729 [Time-limited test] INFO  reflections.Reflections (Reflections.java:scan(232)) - Reflections took 100 ms to scan 7 urls, producing 119 keys and 279 values 
2021-11-20 13:47:08,730 [Time-limited test] WARN  utils.HAUtils (HAUtils.java:getMetaDir(342)) - ozone.scm.db.dirs is not configured. We recommend adding this setting. Falling back to ozone.metadata.dirs instead.
2021-11-20 13:47:08,739 [Time-limited test] WARN  db.DBStoreBuilder (DBStoreBuilder.java:applyDBDefinition(145)) - ozone.scm.db.dirs is not configured. We recommend adding this setting. Falling back to ozone.metadata.dirs instead.
2021-11-20 13:47:08,850 [Time-limited test] INFO  net.NodeSchemaLoader (NodeSchemaLoader.java:loadSchemaFromFile(129)) - Loading schema from [jar:file:/home/runner/.m2/repository/org/apache/ozone/hdds-common/1.2.0-SNAPSHOT/hdds-common-1.2.0-SNAPSHOT.jar!/network-topology-default.xml]
2021-11-20 13:47:08,850 [Time-limited test] INFO  net.NodeSchemaLoader (NodeSchemaLoader.java:loadSchema(176)) - Loading network topology layer schema file
2021-11-20 13:47:08,854 [Time-limited test] INFO  ha.SequenceIdGenerator (SequenceIdGenerator.java:upgradeToSequenceId(347)) - upgrade localId to 107544261427200000
2021-11-20 13:47:08,854 [Time-limited test] INFO  ha.SequenceIdGenerator (SequenceIdGenerator.java:upgradeToSequenceId(357)) - upgrade delTxnId to 0
2021-11-20 13:47:08,854 [Time-limited test] INFO  ha.SequenceIdGenerator (SequenceIdGenerator.java:upgradeToSequenceId(371)) - upgrade containerId to 0
2021-11-20 13:47:08,855 [Time-limited test] INFO  ha.SequenceIdGenerator (SequenceIdGenerator.java:<init>(218)) - Init the HA SequenceIdGenerator.
2021-11-20 13:47:08,855 [Time-limited test] WARN  server.ServerUtils (ServerUtils.java:sanitizeUserArgs(73)) - ozone.scm.stale.node.interval value = 300000 is larger than max = 100000 based on the key value of ozone.scm.heartbeat.thread.interval, reset to the max value 100000.
2021-11-20 13:47:08,855 [Time-limited test] WARN  server.ServerUtils (ServerUtils.java:sanitizeUserArgs(73)) - ozone.scm.stale.node.interval value = 300000 is larger than max = 100000 based on the key value of ozone.scm.heartbeat.thread.interval, reset to the max value 100000.
2021-11-20 13:47:08,856 [Time-limited test] INFO  node.SCMNodeManager (SCMNodeManager.java:<init>(144)) - Entering startup safe mode.
2021-11-20 13:47:08,856 [Time-limited test] INFO  algorithms.ContainerPlacementPolicyFactory (ContainerPlacementPolicyFactory.java:getPolicy(60)) - Create container placement policy of type org.apache.hadoop.hdds.scm.container.placement.algorithms.SCMContainerPlacementRandom
2021-11-20 13:47:08,856 [Time-limited test] INFO  pipeline.PipelineStateManagerImpl (PipelineStateManagerImpl.java:initialize(78)) - No pipeline exists in current db
2021-11-20 13:47:08,857 [Time-limited test] INFO  algorithms.LeaderChoosePolicyFactory (LeaderChoosePolicyFactory.java:getPolicy(57)) - Create leader choose policy of type org.apache.hadoop.hdds.scm.pipeline.leader.choose.algorithms.MinLeaderCountChoosePolicy
2021-11-20 13:47:08,857 [Time-limited test] INFO  ha.SCMServiceManager (SCMServiceManager.java:register(43)) - Registering service BackgroundPipelineCreator.
2021-11-20 13:47:08,857 [Time-limited test] INFO  pipeline.BackgroundPipelineCreator (BackgroundPipelineCreator.java:start(130)) - Starting RatisPipelineUtilsThread.
2021-11-20 13:47:08,867 [Time-limited test] INFO  algorithms.PipelineChoosePolicyFactory (PipelineChoosePolicyFactory.java:createPipelineChoosePolicyFromClass(73)) - Create pipeline choose policy of type org.apache.hadoop.hdds.scm.pipeline.choose.algorithms.RandomPipelineChoosePolicy
2021-11-20 13:47:08,868 [Time-limited test] INFO  ha.SCMServiceManager (SCMServiceManager.java:register(43)) - Registering service SCMBlockDeletingService.
2021-11-20 13:47:08,868 [Time-limited test] INFO  ha.SCMServiceManager (SCMServiceManager.java:register(43)) - Registering service ReplicationManager.
2021-11-20 13:47:08,868 [Time-limited test] INFO  container.ReplicationManager (ReplicationManager.java:start(319)) - Starting Replication Monitor Thread.
2021-11-20 13:47:08,870 [Time-limited test] INFO  safemode.ContainerSafeModeRule (ContainerSafeModeRule.java:<init>(89)) - containers with one replica threshold count 0
2021-11-20 13:47:08,871 [Time-limited test] INFO  safemode.HealthyPipelineSafeModeRule (HealthyPipelineSafeModeRule.java:initializeRule(156)) - Total pipeline count is 0, healthy pipeline threshold count is 1
2021-11-20 13:47:08,871 [Time-limited test] INFO  safemode.OneReplicaPipelineSafeModeRule (OneReplicaPipelineSafeModeRule.java:initializeRule(180)) - Total pipeline count is 0, pipeline's with at least one datanode reported threshold count is 0
2021-11-20 13:47:08,872 [Time-limited test] INFO  ipc.CallQueueManager (CallQueueManager.java:<init>(90)) - Using callQueue: class java.util.concurrent.LinkedBlockingQueue, queueCapacity: 2000, scheduler: class org.apache.hadoop.ipc.DefaultRpcScheduler, ipcBackoff: false.
2021-11-20 13:47:08,873 [Socket Reader #1 for port 0] INFO  ipc.Server (Server.java:run(1265)) - Starting Socket Reader #1 for port 0
2021-11-20 13:47:08,874 [Listener at 0.0.0.0/44709] INFO  ipc.CallQueueManager (CallQueueManager.java:<init>(90)) - Using callQueue: class java.util.concurrent.LinkedBlockingQueue, queueCapacity: 2000, scheduler: class org.apache.hadoop.ipc.DefaultRpcScheduler, ipcBackoff: false.
2021-11-20 13:47:08,876 [Socket Reader #1 for port 0] INFO  ipc.Server (Server.java:run(1265)) - Starting Socket Reader #1 for port 0
2021-11-20 13:47:08,876 [Listener at 0.0.0.0/44929] INFO  ipc.CallQueueManager (CallQueueManager.java:<init>(90)) - Using callQueue: class java.util.concurrent.LinkedBlockingQueue, queueCapacity: 2000, scheduler: class org.apache.hadoop.ipc.DefaultRpcScheduler, ipcBackoff: false.
2021-11-20 13:47:08,877 [Socket Reader #1 for port 0] INFO  ipc.Server (Server.java:run(1265)) - Starting Socket Reader #1 for port 0
2021-11-20 13:47:08,886 [ReplicationMonitor] INFO  container.ReplicationManager (ReplicationManager.java:processAll(371)) - Replication Monitor Thread took 0 milliseconds for processing 0 containers.
2021-11-20 13:47:08,910 [Listener at 0.0.0.0/35947] INFO  algorithms.ContainerPlacementPolicyFactory (ContainerPlacementPolicyFactory.java:getPolicy(60)) - Create container placement policy of type org.apache.hadoop.hdds.scm.container.placement.algorithms.SCMContainerPlacementRandom
2021-11-20 13:47:08,910 [Listener at 0.0.0.0/35947] INFO  server.StorageContainerManager (StorageContainerManager.java:<init>(388)) - 
Container Balancer status:
Key                            Value
Running                        false
Container Balancer Configuration values:
Key                                                Value
Threshold                                          0.1
Max Datanodes to Involve per Iteration(ratio)      0.2
Max Size to Move per Iteration                     32212254720B

2021-11-20 13:47:08,911 [Listener at 0.0.0.0/35947] WARN  events.EventQueue (EventQueue.java:fireEvent(194)) - No event handler registered for event TypedEvent{payloadType=SafeModeStatus, name='Safe mode status'}
2021-11-20 13:47:08,911 [Listener at 0.0.0.0/35947] INFO  ha.SCMContext (SCMContext.java:updateSafeModeStatus(205)) - Update SafeModeStatus from SafeModeStatus{safeModeStatus=true, preCheckPassed=false} to SafeModeStatus{safeModeStatus=true, preCheckPassed=false}.
2021-11-20 13:47:08,914 [Listener at 0.0.0.0/35947] INFO  server.StorageContainerManager (StorageContainerManager.java:start(1303)) - StorageContainerLocationProtocol RPC server is listening at /0.0.0.0:35947
2021-11-20 13:47:08,916 [Listener at 0.0.0.0/35947] WARN  impl.MetricsConfig (MetricsConfig.java:loadFirst(136)) - Cannot locate configuration: tried hadoop-metrics2-storagecontainermanager.properties,hadoop-metrics2.properties
2021-11-20 13:47:08,917 [Listener at 0.0.0.0/35947] INFO  impl.MetricsSystemImpl (MetricsSystemImpl.java:startTimer(378)) - Scheduled Metric snapshot period at 10 second(s).
2021-11-20 13:47:08,917 [Listener at 0.0.0.0/35947] INFO  impl.MetricsSystemImpl (MetricsSystemImpl.java:start(191)) - StorageContainerManager metrics system started
2021-11-20 13:47:08,938 [Listener at 0.0.0.0/35947] INFO  impl.MetricsSinkAdapter (MetricsSinkAdapter.java:start(204)) - Sink prometheus started
2021-11-20 13:47:08,938 [Listener at 0.0.0.0/35947] INFO  impl.MetricsSystemImpl (MetricsSystemImpl.java:registerSink(305)) - Registered sink prometheus
2021-11-20 13:47:08,972 [Listener at 0.0.0.0/35947] INFO  server.SCMClientProtocolServer (SCMClientProtocolServer.java:start(164)) - RPC server for Client  is listening at /0.0.0.0:35947
2021-11-20 13:47:08,978 [IPC Server Responder] INFO  ipc.Server (Server.java:run(1507)) - IPC Server Responder: starting
2021-11-20 13:47:08,979 [IPC Server listener on 0] INFO  ipc.Server (Server.java:run(1344)) - IPC Server listener on 0: starting
2021-11-20 13:47:08,985 [Listener at 0.0.0.0/35947] INFO  server.StorageContainerManager (StorageContainerManager.java:start(1318)) - ScmBlockLocationProtocol RPC server is listening at /0.0.0.0:44929
2021-11-20 13:47:08,986 [Listener at 0.0.0.0/35947] INFO  server.SCMBlockProtocolServer (SCMBlockProtocolServer.java:start(151)) - RPC server for Block Protocol is listening at /0.0.0.0:44929
2021-11-20 13:47:08,987 [IPC Server Responder] INFO  ipc.Server (Server.java:run(1507)) - IPC Server Responder: starting
2021-11-20 13:47:08,987 [IPC Server listener on 0] INFO  ipc.Server (Server.java:run(1344)) - IPC Server listener on 0: starting
2021-11-20 13:47:08,999 [Listener at 0.0.0.0/35947] INFO  server.StorageContainerManager (StorageContainerManager.java:start(1324)) - ScmDatanodeProtocl RPC server is listening at /0.0.0.0:44709
2021-11-20 13:47:08,999 [Listener at 0.0.0.0/35947] INFO  server.SCMDatanodeProtocolServer (SCMDatanodeProtocolServer.java:start(181)) - RPC server for DataNodes is listening at /0.0.0.0:44709
2021-11-20 13:47:09,001 [IPC Server Responder] INFO  ipc.Server (Server.java:run(1507)) - IPC Server Responder: starting
2021-11-20 13:47:09,001 [IPC Server listener on 0] INFO  ipc.Server (Server.java:run(1344)) - IPC Server listener on 0: starting
2021-11-20 13:47:09,007 [Listener at 0.0.0.0/35947] INFO  http.BaseHttpServer (BaseHttpServer.java:newHttpServer2BuilderForOzone(209)) - Starting Web-server for scm at: http://0.0.0.0:0
2021-11-20 13:47:09,007 [Listener at 0.0.0.0/35947] INFO  http.BaseHttpServer (BaseHttpServer.java:<init>(107)) - Hadoop Security Enabled: false Ozone Security Enabled: false Ozone HTTP Security Enabled: false 
2021-11-20 13:47:09,008 [Listener at 0.0.0.0/35947] INFO  server.AuthenticationFilter (AuthenticationFilter.java:constructSecretProvider(240)) - Unable to initialize FileSignerSecretProvider, falling back to use random secrets.
2021-11-20 13:47:09,009 [org.apache.hadoop.util.JvmPauseMonitor$Monitor@1270137e] INFO  util.JvmPauseMonitor (JvmPauseMonitor.java:run(188)) - Starting JVM pause monitor
2021-11-20 13:47:09,009 [Listener at 0.0.0.0/35947] WARN  http.HttpRequestLog (HttpRequestLog.java:getRequestLog(103)) - Jetty request log can only be enabled using Log4j
2021-11-20 13:47:09,011 [Listener at 0.0.0.0/35947] INFO  http.HttpServer2 (HttpServer2.java:addGlobalFilter(1030)) - Added global filter 'safety' (class=org.apache.hadoop.hdds.server.http.HttpServer2$QuotingInputFilter)
2021-11-20 13:47:09,012 [Listener at 0.0.0.0/35947] INFO  http.HttpServer2 (HttpServer2.java:addFilter(1006)) - Added filter static_user_filter (class=org.apache.hadoop.http.lib.StaticUserWebFilter$StaticUserFilter) to context scm
2021-11-20 13:47:09,012 [Listener at 0.0.0.0/35947] INFO  http.HttpServer2 (HttpServer2.java:addFilter(1014)) - Added filter static_user_filter (class=org.apache.hadoop.http.lib.StaticUserWebFilter$StaticUserFilter) to context static
2021-11-20 13:47:09,012 [Listener at 0.0.0.0/35947] INFO  http.HttpServer2 (HttpServer2.java:addFilter(1014)) - Added filter static_user_filter (class=org.apache.hadoop.http.lib.StaticUserWebFilter$StaticUserFilter) to context logs
2021-11-20 13:47:09,013 [Listener at 0.0.0.0/35947] INFO  http.HttpServer2 (HttpServer2.java:bindListener(1249)) - Jetty bound to port 40799
2021-11-20 13:47:09,013 [Listener at 0.0.0.0/35947] INFO  server.Server (Server.java:doStart(375)) - jetty-9.4.43.v20210629; built: 2021-06-30T11:07:22.254Z; git: 526006ecfa3af7f1a27ef3a288e2bef7ea9dd7e8; jvm 1.8.0_292-b10
2021-11-20 13:47:09,014 [Listener at 0.0.0.0/35947] INFO  server.session (DefaultSessionIdManager.java:doStart(334)) - DefaultSessionIdManager workerName=node0
2021-11-20 13:47:09,014 [Listener at 0.0.0.0/35947] INFO  server.session (DefaultSessionIdManager.java:doStart(339)) - No SessionScavenger set, using defaults
2021-11-20 13:47:09,014 [Listener at 0.0.0.0/35947] INFO  server.session (HouseKeeper.java:startScavenging(132)) - node0 Scavenging every 660000ms
2021-11-20 13:47:09,015 [Listener at 0.0.0.0/35947] INFO  handler.ContextHandler (ContextHandler.java:doStart(915)) - Started o.e.j.s.ServletContextHandler@5c5327a9{logs,/logs,file:///home/runner/work/ozone/ozone/hadoop-ozone/integration-test/target/log,AVAILABLE}
2021-11-20 13:47:09,016 [Listener at 0.0.0.0/35947] INFO  handler.ContextHandler (ContextHandler.java:doStart(915)) - Started o.e.j.s.ServletContextHandler@713dc33{static,/static,file:///home/runner/work/ozone/ozone/hadoop-ozone/integration-test/target/test-classes/webapps/static,AVAILABLE}
2021-11-20 13:47:09,019 [Listener at 0.0.0.0/35947] INFO  handler.ContextHandler (ContextHandler.java:doStart(915)) - Started o.e.j.w.WebAppContext@1f5a63b6{scm,/,file:///home/runner/work/ozone/ozone/hadoop-ozone/integration-test/target/test-classes/webapps/scm/,AVAILABLE}{file:/home/runner/work/ozone/ozone/hadoop-ozone/integration-test/target/test-classes/webapps/scm}
2021-11-20 13:47:09,021 [Listener at 0.0.0.0/35947] INFO  server.AbstractConnector (AbstractConnector.java:doStart(331)) - Started ServerConnector@1479e5d8{HTTP/1.1, (http/1.1)}{0.0.0.0:40799}
2021-11-20 13:47:09,021 [Listener at 0.0.0.0/35947] INFO  server.Server (Server.java:doStart(415)) - Started @22738ms
2021-11-20 13:47:09,022 [Listener at 0.0.0.0/35947] WARN  impl.MetricsSystemImpl (MetricsSystemImpl.java:register(279)) - Sink prometheus already exists!
2021-11-20 13:47:09,023 [Listener at 0.0.0.0/35947] INFO  http.BaseHttpServer (BaseHttpServer.java:updateConnectorAddress(329)) - HTTP server of scm listening at http://0.0.0.0:40799
2021-11-20 13:47:09,023 [Listener at 0.0.0.0/35947] WARN  server.ServerUtils (ServerUtils.java:getDBPath(225)) - ozone.om.db.dirs is not configured. We recommend adding this setting. Falling back to ozone.metadata.dirs instead.
2021-11-20 13:47:09,025 [Listener at 0.0.0.0/35947] INFO  ha.OMHANodeDetails (OMHANodeDetails.java:loadOMHAConfig(112)) - ozone.om.internal.service.id is not defined, falling back to ozone.om.service.ids to find serviceID for OzoneManager if it is HA enabled cluster
2021-11-20 13:47:09,025 [Listener at 0.0.0.0/35947] INFO  ha.OMHANodeDetails (OMHANodeDetails.java:loadOMHAConfig(217)) - Configuration does not have ozone.om.address set. Falling back to the default OM address /127.0.0.1:0
2021-11-20 13:47:09,025 [Listener at 0.0.0.0/35947] INFO  ha.OMHANodeDetails (OMHANodeDetails.java:getOMNodeDetailsForNonHA(245)) - OM Service ID is not set. Setting it to the default ID: omServiceIdDefault
2021-11-20 13:47:09,025 [Listener at 0.0.0.0/35947] INFO  ha.OMHANodeDetails (OMHANodeDetails.java:getOMNodeDetailsForNonHA(252)) - OM Node ID is not set. Setting it to the default ID: om1
2021-11-20 13:47:09,025 [Listener at 0.0.0.0/35947] WARN  server.ServerUtils (ServerUtils.java:getDBPath(225)) - ozone.om.db.dirs is not configured. We recommend adding this setting. Falling back to ozone.metadata.dirs instead.
2021-11-20 13:47:09,026 [Listener at 0.0.0.0/35947] INFO  upgrade.AbstractLayoutVersionManager (AbstractLayoutVersionManager.java:init(79)) - Initializing Layout version manager with metadata layout = INITIAL_VERSION (version = 0), software layout = INITIAL_VERSION (version = 0)
2021-11-20 13:47:09,094 [Listener at 0.0.0.0/35947] INFO  reflections.Reflections (Reflections.java:scan(232)) - Reflections took 67 ms to scan 2 urls, producing 132 keys and 344 values [using 2 cores]
2021-11-20 13:47:09,095 [Listener at 0.0.0.0/35947] INFO  upgrade.OMLayoutVersionManager (OMLayoutVersionManager.java:lambda$0(115)) - Skipping Upgrade Action MockOmUpgradeAction since it has been finalized.
2021-11-20 13:47:09,095 [Listener at 0.0.0.0/35947] WARN  server.ServerUtils (ServerUtils.java:getDBPath(225)) - ozone.om.db.dirs is not configured. We recommend adding this setting. Falling back to ozone.metadata.dirs instead.
2021-11-20 13:47:09,116 [Listener at 0.0.0.0/35947] WARN  server.ServerUtils (ServerUtils.java:getDBPath(225)) - ozone.om.db.dirs is not configured. We recommend adding this setting. Falling back to ozone.metadata.dirs instead.
2021-11-20 13:47:09,117 [Listener at 0.0.0.0/35947] INFO  codec.OmKeyInfoCodec (OmKeyInfoCodec.java:<init>(50)) - OmKeyInfoCodec ignorePipeline = true
2021-11-20 13:47:09,117 [Listener at 0.0.0.0/35947] INFO  codec.RepeatedOmKeyInfoCodec (RepeatedOmKeyInfoCodec.java:<init>(42)) - RepeatedOmKeyInfoCodec ignorePipeline = true
2021-11-20 13:47:09,237 [Listener at 0.0.0.0/35947] INFO  om.OzoneManager (OzoneManager.java:addS3GVolumeToDB(3609)) - Created Volume s3v With Owner runner required for S3Gateway operations.
2021-11-20 13:47:09,237 [Listener at 0.0.0.0/35947] WARN  server.ServerUtils (ServerUtils.java:getDefaultRatisDirectory(237)) - Storage directory for Ratis is not configured. It is a good idea to map this to an SSD disk. Falling back to ozone.metadata.dirs
2021-11-20 13:47:09,237 [Listener at 0.0.0.0/35947] WARN  utils.OzoneManagerRatisUtils (OzoneManagerRatisUtils.java:getOMRatisSnapshotDirectory(425)) - ozone.om.ratis.snapshot.dir is not configured. Falling back to ozone.metadata.dirs config
2021-11-20 13:47:09,237 [Listener at 0.0.0.0/35947] WARN  server.ServerUtils (ServerUtils.java:getDefaultRatisDirectory(237)) - Storage directory for Ratis is not configured. It is a good idea to map this to an SSD disk. Falling back to ozone.metadata.dirs
2021-11-20 13:47:09,239 [Listener at 0.0.0.0/35947] INFO  ratis.OzoneManagerRatisServer (OzoneManagerRatisServer.java:<init>(159)) - Instantiating OM Ratis server with groupID: omServiceIdDefault and peers: localhost:9872
2021-11-20 13:47:09,239 [Listener at 0.0.0.0/35947] INFO  ratis.OzoneManagerStateMachine (OzoneManagerStateMachine.java:loadSnapshotInfoFromDB(605)) - LastAppliedIndex is set from TransactionInfo from OM DB as (t:0, i:~)
2021-11-20 13:47:09,239 [Listener at 0.0.0.0/35947] INFO  server.RaftServer (ConfUtils.java:logGet(44)) - raft.rpc.type = GRPC (default)
2021-11-20 13:47:09,240 [Listener at 0.0.0.0/35947] INFO  grpc.GrpcFactory (GrpcFactory.java:checkPooledByteBufAllocatorUseCacheForAllThreads(48)) - PERFORMANCE WARNING: useCacheForAllThreads is true that may cause Netty to create a lot garbage objects and, as a result, trigger GC.
	It is recommended to disable useCacheForAllThreads by setting -Dorg.apache.ratis.thirdparty.io.netty.allocator.useCacheForAllThreads=false in command line.
2021-11-20 13:47:09,240 [Listener at 0.0.0.0/35947] INFO  grpc.GrpcConfigKeys (ConfUtils.java:logGet(44)) - raft.grpc.admin.port = -1 (default)
2021-11-20 13:47:09,240 [Listener at 0.0.0.0/35947] INFO  grpc.GrpcConfigKeys (ConfUtils.java:logGet(44)) - raft.grpc.server.port = 9872 (custom)
2021-11-20 13:47:09,240 [Listener at 0.0.0.0/35947] INFO  grpc.GrpcConfigKeys (ConfUtils.java:logGet(44)) - raft.grpc.client.port = -1 (default)
2021-11-20 13:47:09,240 [Listener at 0.0.0.0/35947] INFO  grpc.GrpcConfigKeys (ConfUtils.java:logGet(44)) - raft.grpc.server.port = 9872 (custom)
2021-11-20 13:47:09,240 [Listener at 0.0.0.0/35947] INFO  grpc.GrpcConfigKeys (ConfUtils.java:logGet(44)) - raft.grpc.server.port = 9872 (custom)
2021-11-20 13:47:09,240 [Listener at 0.0.0.0/35947] INFO  server.GrpcService (ConfUtils.java:logGet(44)) - raft.grpc.message.size.max = 33554432 (custom)
2021-11-20 13:47:09,241 [Listener at 0.0.0.0/35947] INFO  server.RaftServerConfigKeys (ConfUtils.java:logGet(44)) - raft.server.log.appender.buffer.byte-limit = 33554432 (custom)
2021-11-20 13:47:09,241 [Listener at 0.0.0.0/35947] INFO  server.GrpcService (ConfUtils.java:logGet(44)) - raft.grpc.flow.control.window = 1MB (=1048576) (default)
2021-11-20 13:47:09,241 [Listener at 0.0.0.0/35947] INFO  server.RaftServerConfigKeys (ConfUtils.java:logGet(44)) - raft.server.rpc.request.timeout = 3000ms (default)
2021-11-20 13:47:09,242 [Listener at 0.0.0.0/35947] INFO  impl.DataStreamServerImpl (ConfUtils.java:logGet(44)) - raft.datastream.type = DISABLED (default)
2021-11-20 13:47:09,242 [Listener at 0.0.0.0/35947] INFO  server.RaftServerConfigKeys (ConfUtils.java:logGet(44)) - raft.server.rpc.slowness.timeout = 120s (custom)
2021-11-20 13:47:09,243 [Listener at 0.0.0.0/35947] INFO  server.RaftServerConfigKeys (ConfUtils.java:logGet(44)) - raft.server.leaderelection.leader.step-down.wait-time = 10s (default)
2021-11-20 13:47:09,243 [Listener at 0.0.0.0/35947] INFO  server.RaftServerConfigKeys (ConfUtils.java:logGet(44)) - raft.server.storage.dir = [/home/runner/work/ozone/ozone/hadoop-ozone/integration-test/target/test-dir/MiniOzoneClusterImpl-af1e1b15-19ea-4ddd-8a7a-846906bb1efb/ozone-meta/ratis] (custom)
2021-11-20 13:47:09,243 [Listener at 0.0.0.0/35947] INFO  server.RaftServer (RaftServerProxy.java:addNew(95)) - om1: addNew group-C5BA1605619E:[om1|rpc:localhost:9872|priority:0] returns group-C5BA1605619E:java.util.concurrent.CompletableFuture@17200a54[Not completed]
2021-11-20 13:47:09,243 [Listener at 0.0.0.0/35947] INFO  om.OzoneManager (OzoneManager.java:initializeRatisServer(1776)) - OzoneManager Ratis server initialized at port 9872
2021-11-20 13:47:09,245 [Listener at 0.0.0.0/35947] INFO  ipc.CallQueueManager (CallQueueManager.java:<init>(90)) - Using callQueue: class java.util.concurrent.LinkedBlockingQueue, queueCapacity: 2000, scheduler: class org.apache.hadoop.ipc.DefaultRpcScheduler, ipcBackoff: false.
2021-11-20 13:47:09,245 [pool-109-thread-1] INFO  server.RaftServer$Division (RaftServerImpl.java:<init>(184)) - om1: new RaftServerImpl for group-C5BA1605619E:[om1|rpc:localhost:9872|priority:0] with OzoneManagerStateMachine:uninitialized
2021-11-20 13:47:09,246 [Socket Reader #1 for port 0] INFO  ipc.Server (Server.java:run(1265)) - Starting Socket Reader #1 for port 0
2021-11-20 13:47:09,250 [pool-109-thread-1] INFO  server.RaftServerConfigKeys (ConfUtils.java:logGet(44)) - raft.server.rpc.timeout.min = 1s (custom)
2021-11-20 13:47:09,251 [pool-109-thread-1] INFO  server.RaftServerConfigKeys (ConfUtils.java:logGet(44)) - raft.server.rpc.timeout.max = 1200ms (custom)
2021-11-20 13:47:09,261 [pool-109-thread-1] INFO  server.RaftServerConfigKeys (ConfUtils.java:logGet(44)) - raft.server.rpc.sleep.time = 25ms (default)
2021-11-20 13:47:09,261 [pool-109-thread-1] INFO  server.RaftServerConfigKeys (ConfUtils.java:logGet(44)) - raft.server.rpc.slowness.timeout = 120s (custom)
2021-11-20 13:47:09,262 [pool-109-thread-1] INFO  server.RaftServerConfigKeys (ConfUtils.java:logGet(44)) - raft.server.leaderelection.leader.step-down.wait-time = 10s (default)
2021-11-20 13:47:09,262 [pool-109-thread-1] INFO  server.RaftServerConfigKeys (ConfUtils.java:logGet(44)) - raft.server.sleep.deviation.threshold = 300ms (default)
2021-11-20 13:47:09,262 [pool-109-thread-1] INFO  server.RaftServerConfigKeys (ConfUtils.java:logGet(44)) - raft.server.log.appender.install.snapshot.enabled = false (custom)
2021-11-20 13:47:09,262 [pool-109-thread-1] INFO  server.RaftServer$Division (ServerState.java:<init>(105)) - om1@group-C5BA1605619E: ConfigurationManager, init=-1: [om1|rpc:localhost:9872|priority:0], old=null, confs=<EMPTY_MAP>
2021-11-20 13:47:09,262 [pool-109-thread-1] INFO  server.RaftServerConfigKeys (ConfUtils.java:logGet(44)) - raft.server.storage.dir = [/home/runner/work/ozone/ozone/hadoop-ozone/integration-test/target/test-dir/MiniOzoneClusterImpl-af1e1b15-19ea-4ddd-8a7a-846906bb1efb/ozone-meta/ratis] (custom)
2021-11-20 13:47:09,262 [pool-109-thread-1] INFO  server.RaftServerConfigKeys (ConfUtils.java:logGet(44)) - raft.server.log.corruption.policy = EXCEPTION (default)
2021-11-20 13:47:09,262 [pool-109-thread-1] INFO  server.RaftServerConfigKeys (ConfUtils.java:logGet(44)) - raft.server.storage.free-space.min = 0MB (=0) (default)
2021-11-20 13:47:09,265 [pool-109-thread-1] INFO  storage.RaftStorageDirectory (RaftStorageDirectoryImpl.java:analyzeStorage(135)) - The storage directory /home/runner/work/ozone/ozone/hadoop-ozone/integration-test/target/test-dir/MiniOzoneClusterImpl-af1e1b15-19ea-4ddd-8a7a-846906bb1efb/ozone-meta/ratis/bf265839-605b-3f16-9796-c5ba1605619e does not exist. Creating ...
2021-11-20 13:47:09,267 [pool-109-thread-1] INFO  storage.RaftStorageDirectory (RaftStorageDirectoryImpl.java:tryLock(230)) - Lock on /home/runner/work/ozone/ozone/hadoop-ozone/integration-test/target/test-dir/MiniOzoneClusterImpl-af1e1b15-19ea-4ddd-8a7a-846906bb1efb/ozone-meta/ratis/bf265839-605b-3f16-9796-c5ba1605619e/in_use.lock acquired by nodename 13463@fv-az60-126
2021-11-20 13:47:09,268 [pool-109-thread-1] INFO  storage.RaftStorage (RaftStorageImpl.java:format(89)) - Storage directory /home/runner/work/ozone/ozone/hadoop-ozone/integration-test/target/test-dir/MiniOzoneClusterImpl-af1e1b15-19ea-4ddd-8a7a-846906bb1efb/ozone-meta/ratis/bf265839-605b-3f16-9796-c5ba1605619e has been successfully formatted.
2021-11-20 13:47:09,269 [pool-109-thread-1] INFO  server.RaftServerConfigKeys (ConfUtils.java:logGet(44)) - raft.server.notification.no-leader.timeout = 120s (custom)
2021-11-20 13:47:09,269 [pool-109-thread-1] INFO  server.RaftServerConfigKeys (ConfUtils.java:logGet(44)) - raft.server.log.use.memory = false (default)
2021-11-20 13:47:09,270 [pool-109-thread-1] INFO  server.RaftServerConfigKeys (ConfUtils.java:logGet(44)) - raft.server.log.purge.gap = 1000000 (custom)
2021-11-20 13:47:09,270 [pool-109-thread-1] INFO  server.RaftServerConfigKeys (ConfUtils.java:logGet(44)) - raft.server.log.appender.buffer.byte-limit = 33554432 (custom)
2021-11-20 13:47:09,270 [pool-109-thread-1] INFO  server.RaftServerConfigKeys (ConfUtils.java:logGet(44)) - raft.server.log.segment.size.max = 4194304 (custom)
2021-11-20 13:47:09,271 [pool-109-thread-1] INFO  server.RaftServerConfigKeys (ConfUtils.java:logGet(44)) - raft.server.log.segment.cache.num.max = 2 (custom)
2021-11-20 13:47:09,272 [pool-109-thread-1] INFO  server.RaftServerConfigKeys (ConfUtils.java:logGet(44)) - raft.server.log.segment.cache.size.max = 200MB (=209715200) (default)
2021-11-20 13:47:09,279 [pool-109-thread-1] INFO  segmented.SegmentedRaftLogWorker (SegmentedRaftLogWorker.java:<init>(182)) - new om1@group-C5BA1605619E-SegmentedRaftLogWorker for RaftStorageImpl:Storage Directory /home/runner/work/ozone/ozone/hadoop-ozone/integration-test/target/test-dir/MiniOzoneClusterImpl-af1e1b15-19ea-4ddd-8a7a-846906bb1efb/ozone-meta/ratis/bf265839-605b-3f16-9796-c5ba1605619e
2021-11-20 13:47:09,279 [pool-109-thread-1] INFO  server.RaftServerConfigKeys (ConfUtils.java:logGet(44)) - raft.server.log.queue.byte-limit = 64MB (=67108864) (default)
2021-11-20 13:47:09,280 [pool-109-thread-1] INFO  server.RaftServerConfigKeys (ConfUtils.java:logGet(44)) - raft.server.log.queue.element-limit = 4096 (default)
2021-11-20 13:47:09,280 [pool-109-thread-1] INFO  server.RaftServerConfigKeys (ConfUtils.java:logGet(44)) - raft.server.log.segment.size.max = 4194304 (custom)
2021-11-20 13:47:09,280 [pool-109-thread-1] INFO  server.RaftServerConfigKeys (ConfUtils.java:logGet(44)) - raft.server.log.preallocated.size = 4194304 (custom)
2021-11-20 13:47:09,280 [pool-109-thread-1] INFO  server.RaftServerConfigKeys (ConfUtils.java:logGet(44)) - raft.server.log.force.sync.num = 128 (default)
2021-11-20 13:47:09,280 [pool-109-thread-1] INFO  server.RaftServerConfigKeys (ConfUtils.java:logGet(44)) - raft.server.log.statemachine.data.sync = true (default)
2021-11-20 13:47:09,280 [pool-109-thread-1] INFO  server.RaftServerConfigKeys (ConfUtils.java:logGet(44)) - raft.server.log.statemachine.data.sync.timeout = 10s (default)
2021-11-20 13:47:09,280 [pool-109-thread-1] INFO  server.RaftServerConfigKeys (ConfUtils.java:logGet(44)) - raft.server.log.statemachine.data.sync.timeout.retry = -1 (default)
2021-11-20 13:47:09,281 [pool-109-thread-1] INFO  server.RaftServerConfigKeys (ConfUtils.java:logGet(44)) - raft.server.log.write.buffer.size = 64KB (=65536) (default)
2021-11-20 13:47:09,283 [pool-109-thread-1] INFO  server.RaftServerConfigKeys (ConfUtils.java:logGet(44)) - raft.server.log.statemachine.data.caching.enabled = false (default)
2021-11-20 13:47:09,283 [pool-109-thread-1] INFO  segmented.SegmentedRaftLogWorker (SegmentedRaftLogWorker.java:lambda$new$0(133)) - om1@group-C5BA1605619E-SegmentedRaftLogWorker: flushIndex: setUnconditionally 0 -> -1
2021-11-20 13:47:09,285 [pool-109-thread-1] INFO  segmented.SegmentedRaftLogWorker (SegmentedRaftLogWorker.java:lambda$new$0(133)) - om1@group-C5BA1605619E-SegmentedRaftLogWorker: safeCacheEvictIndex: setUnconditionally 0 -> -1
2021-11-20 13:47:09,292 [Listener at 127.0.0.1/41529] INFO  om.OzoneManager (OzoneManager.java:initFSOLayout(3814)) - Configured ozone.om.metadata.layout=SIMPLE and disabled optimized OM FS operations
2021-11-20 13:47:09,293 [Listener at 127.0.0.1/41529] INFO  impl.MetricsSystemImpl (MetricsSystemImpl.java:init(158)) - OzoneManager metrics system started (again)
2021-11-20 13:47:09,300 [pool-109-thread-1] INFO  server.RaftServerConfigKeys (ConfUtils.java:logGet(44)) - raft.server.snapshot.auto.trigger.enabled = true (custom)
2021-11-20 13:47:09,300 [pool-109-thread-1] INFO  server.RaftServerConfigKeys (ConfUtils.java:logGet(44)) - raft.server.snapshot.auto.trigger.threshold = 400000 (default)
2021-11-20 13:47:09,300 [pool-109-thread-1] INFO  server.RaftServerConfigKeys (ConfUtils.java:logGet(44)) - raft.server.snapshot.retention.file.num = -1 (default)
2021-11-20 13:47:09,300 [pool-109-thread-1] INFO  server.RaftServerConfigKeys (ConfUtils.java:logGet(44)) - raft.server.log.purge.upto.snapshot.index = true (custom)
2021-11-20 13:47:09,300 [pool-109-thread-1] INFO  server.RaftServerConfigKeys (ConfUtils.java:logGet(44)) - raft.server.retrycache.expirytime = 300s (custom)
2021-11-20 13:47:09,300 [pool-109-thread-1] INFO  server.RaftServerConfigKeys (ConfUtils.java:logGet(44)) - raft.server.retrycache.statistics.expirytime = 100μs (default)
2021-11-20 13:47:09,312 [Listener at 127.0.0.1/41529] INFO  om.OzoneManager (OzoneManager.java:start(1366)) - OzoneManager RPC server is listening at localhost/127.0.0.1:41529
2021-11-20 13:47:09,312 [Listener at 127.0.0.1/41529] INFO  ratis.OzoneManagerRatisServer (OzoneManagerRatisServer.java:start(516)) - Starting OzoneManagerRatisServer om1 at port 9872
2021-11-20 13:47:09,312 [Listener at 127.0.0.1/41529] INFO  server.RaftServer$Division (RaftServerImpl.java:start(301)) - om1@group-C5BA1605619E: start as a follower, conf=-1: [om1|rpc:localhost:9872|priority:0], old=null
2021-11-20 13:47:09,313 [Listener at 127.0.0.1/41529] INFO  server.RaftServer$Division (RaftServerImpl.java:setRole(290)) - om1@group-C5BA1605619E: changes role from      null to FOLLOWER at term 0 for startAsFollower
2021-11-20 13:47:09,313 [Listener at 127.0.0.1/41529] INFO  impl.RoleInfo (RoleInfo.java:updateAndGet(130)) - om1: start om1@group-C5BA1605619E-FollowerState
2021-11-20 13:47:09,313 [Listener at 127.0.0.1/41529] INFO  util.JmxRegister (JmxRegister.java:tryRegister(44)) - Successfully registered JMX Bean with object name Ratis:service=RaftServer,group=group-C5BA1605619E,id=om1
2021-11-20 13:47:09,318 [Listener at 127.0.0.1/41529] INFO  server.RaftServer (RaftServerProxy.java:lambda$start$5(374)) - om1: start RPC server
2021-11-20 13:47:09,321 [Listener at 127.0.0.1/41529] INFO  server.GrpcService (GrpcService.java:startImpl(253)) - om1: GrpcService started, listening on 9872
2021-11-20 13:47:09,322 [Listener at 127.0.0.1/41529] INFO  om.OzoneManager (OzoneManager.java:start(1384)) - Version File has different layout version (0) than OM DB (null). That is expected if this OM has never been finalized to a newer layout version.
2021-11-20 13:47:09,323 [org.apache.ratis.util.JvmPauseMonitor$$Lambda$531/316047972@6d9683c6] INFO  util.JvmPauseMonitor (JvmPauseMonitor.java:run(103)) - JvmPauseMonitor-om1: Started
2021-11-20 13:47:09,330 [Listener at 127.0.0.1/41529] INFO  http.BaseHttpServer (BaseHttpServer.java:newHttpServer2BuilderForOzone(209)) - Starting Web-server for ozoneManager at: http://0.0.0.0:0
2021-11-20 13:47:09,330 [Listener at 127.0.0.1/41529] INFO  http.BaseHttpServer (BaseHttpServer.java:<init>(107)) - Hadoop Security Enabled: false Ozone Security Enabled: false Ozone HTTP Security Enabled: false 
2021-11-20 13:47:09,331 [Listener at 127.0.0.1/41529] INFO  server.AuthenticationFilter (AuthenticationFilter.java:constructSecretProvider(240)) - Unable to initialize FileSignerSecretProvider, falling back to use random secrets.
2021-11-20 13:47:09,332 [Listener at 127.0.0.1/41529] WARN  http.HttpRequestLog (HttpRequestLog.java:getRequestLog(103)) - Jetty request log can only be enabled using Log4j
2021-11-20 13:47:09,333 [Listener at 127.0.0.1/41529] INFO  http.HttpServer2 (HttpServer2.java:addGlobalFilter(1030)) - Added global filter 'safety' (class=org.apache.hadoop.hdds.server.http.HttpServer2$QuotingInputFilter)
2021-11-20 13:47:09,334 [Listener at 127.0.0.1/41529] INFO  http.HttpServer2 (HttpServer2.java:addFilter(1006)) - Added filter static_user_filter (class=org.apache.hadoop.http.lib.StaticUserWebFilter$StaticUserFilter) to context ozoneManager
2021-11-20 13:47:09,334 [Listener at 127.0.0.1/41529] INFO  http.HttpServer2 (HttpServer2.java:addFilter(1014)) - Added filter static_user_filter (class=org.apache.hadoop.http.lib.StaticUserWebFilter$StaticUserFilter) to context logs
2021-11-20 13:47:09,334 [Listener at 127.0.0.1/41529] INFO  http.HttpServer2 (HttpServer2.java:addFilter(1014)) - Added filter static_user_filter (class=org.apache.hadoop.http.lib.StaticUserWebFilter$StaticUserFilter) to context static
2021-11-20 13:47:09,334 [Listener at 127.0.0.1/41529] INFO  http.HttpServer2 (HttpServer2.java:bindListener(1249)) - Jetty bound to port 33795
2021-11-20 13:47:09,335 [Listener at 127.0.0.1/41529] INFO  server.Server (Server.java:doStart(375)) - jetty-9.4.43.v20210629; built: 2021-06-30T11:07:22.254Z; git: 526006ecfa3af7f1a27ef3a288e2bef7ea9dd7e8; jvm 1.8.0_292-b10
2021-11-20 13:47:09,336 [Listener at 127.0.0.1/41529] INFO  server.session (DefaultSessionIdManager.java:doStart(334)) - DefaultSessionIdManager workerName=node0
2021-11-20 13:47:09,337 [Listener at 127.0.0.1/41529] INFO  server.session (DefaultSessionIdManager.java:doStart(339)) - No SessionScavenger set, using defaults
2021-11-20 13:47:09,337 [Listener at 127.0.0.1/41529] INFO  server.session (HouseKeeper.java:startScavenging(132)) - node0 Scavenging every 600000ms
2021-11-20 13:47:09,338 [Listener at 127.0.0.1/41529] INFO  handler.ContextHandler (ContextHandler.java:doStart(915)) - Started o.e.j.s.ServletContextHandler@40b57965{logs,/logs,file:///home/runner/work/ozone/ozone/hadoop-ozone/integration-test/target/log,AVAILABLE}
2021-11-20 13:47:09,338 [Listener at 127.0.0.1/41529] INFO  handler.ContextHandler (ContextHandler.java:doStart(915)) - Started o.e.j.s.ServletContextHandler@4372294{static,/static,file:///home/runner/work/ozone/ozone/hadoop-ozone/integration-test/target/test-classes/webapps/static,AVAILABLE}
2021-11-20 13:47:09,341 [Listener at 127.0.0.1/41529] INFO  handler.ContextHandler (ContextHandler.java:doStart(915)) - Started o.e.j.w.WebAppContext@2560e566{ozoneManager,/,file:///home/runner/work/ozone/ozone/hadoop-ozone/integration-test/target/test-classes/webapps/ozoneManager/,AVAILABLE}{file:/home/runner/work/ozone/ozone/hadoop-ozone/integration-test/target/test-classes/webapps/ozoneManager}
2021-11-20 13:47:09,343 [Listener at 127.0.0.1/41529] INFO  server.AbstractConnector (AbstractConnector.java:doStart(331)) - Started ServerConnector@5230e6e9{HTTP/1.1, (http/1.1)}{0.0.0.0:33795}
2021-11-20 13:47:09,343 [Listener at 127.0.0.1/41529] INFO  server.Server (Server.java:doStart(415)) - Started @23060ms
2021-11-20 13:47:09,343 [Listener at 127.0.0.1/41529] WARN  impl.MetricsSystemImpl (MetricsSystemImpl.java:register(279)) - Sink prometheus already exists!
2021-11-20 13:47:09,343 [Listener at 127.0.0.1/41529] INFO  http.BaseHttpServer (BaseHttpServer.java:updateConnectorAddress(329)) - HTTP server of ozoneManager listening at http://0.0.0.0:33795
2021-11-20 13:47:09,344 [IPC Server Responder] INFO  ipc.Server (Server.java:run(1507)) - IPC Server Responder: starting
2021-11-20 13:47:09,344 [IPC Server listener on 0] INFO  ipc.Server (Server.java:run(1344)) - IPC Server listener on 0: starting
2021-11-20 13:47:09,350 [Listener at 127.0.0.1/41529] INFO  om.OzoneManager (OzoneManager.java:startTrashEmptier(1734)) - Trash Interval set to 0. Files deleted will not move to trash
2021-11-20 13:47:09,366 [Listener at 127.0.0.1/41529] WARN  impl.MetricRegistriesImpl (MetricRegistriesImpl.java:addReporterRegistration(111)) - New reporters are added after registries were created. Some metrics will be missing from the reporter. Please add reporter before adding any new registry.
2021-11-20 13:47:09,366 [Listener at 127.0.0.1/41529] WARN  impl.MetricRegistriesImpl (MetricRegistriesImpl.java:addReporterRegistration(111)) - New reporters are added after registries were created. Some metrics will be missing from the reporter. Please add reporter before adding any new registry.
2021-11-20 13:47:09,366 [Listener at 127.0.0.1/41529] INFO  impl.MetricsSystemImpl (MetricsSystemImpl.java:init(158)) - HddsDatanode metrics system started (again)
2021-11-20 13:47:09,369 [org.apache.hadoop.util.JvmPauseMonitor$Monitor@1ea807ee] INFO  util.JvmPauseMonitor (JvmPauseMonitor.java:run(188)) - Starting JVM pause monitor
2021-11-20 13:47:09,383 [Listener at 127.0.0.1/41529] INFO  ozone.HddsDatanodeService (HddsDatanodeService.java:start(234)) - HddsDatanodeService host:fv-az60-126.fehpiqwevasenfwouqxxvjaufd.cx.internal.cloudapp.net ip:10.1.0.12
2021-11-20 13:47:09,404 [Listener at 127.0.0.1/41529] INFO  upgrade.AbstractLayoutVersionManager (AbstractLayoutVersionManager.java:init(79)) - Initializing Layout version manager with metadata layout = SCM_HA (version = 2), software layout = SCM_HA (version = 2)
2021-11-20 13:47:09,451 [Listener at 127.0.0.1/41529] INFO  reflections.Reflections (Reflections.java:scan(232)) - Reflections took 46 ms to scan 7 urls, producing 119 keys and 279 values 
2021-11-20 13:47:09,453 [Listener at 127.0.0.1/41529] INFO  statemachine.DatanodeStateMachine (DatanodeStateMachine.java:getEndPointTaskThreadPoolSize(219)) - Datanode State Machine Task Thread Pool size 2
2021-11-20 13:47:09,456 [Listener at 127.0.0.1/41529] INFO  volume.HddsVolume (HddsVolume.java:<init>(120)) - Creating HddsVolume: /home/runner/work/ozone/ozone/hadoop-ozone/integration-test/target/test-dir/MiniOzoneClusterImpl-af1e1b15-19ea-4ddd-8a7a-846906bb1efb/datanode-0/data-0/containers/hdds of storage type : DISK capacity : 9223372036854775807
2021-11-20 13:47:09,456 [Listener at 127.0.0.1/41529] INFO  volume.MutableVolumeSet (MutableVolumeSet.java:initializeVolumeSet(168)) - Added Volume : /home/runner/work/ozone/ozone/hadoop-ozone/integration-test/target/test-dir/MiniOzoneClusterImpl-af1e1b15-19ea-4ddd-8a7a-846906bb1efb/datanode-0/data-0/containers/hdds to VolumeSet
2021-11-20 13:47:09,456 [Listener at 127.0.0.1/41529] INFO  volume.ThrottledAsyncChecker (ThrottledAsyncChecker.java:schedule(141)) - Scheduling a check for /home/runner/work/ozone/ozone/hadoop-ozone/integration-test/target/test-dir/MiniOzoneClusterImpl-af1e1b15-19ea-4ddd-8a7a-846906bb1efb/datanode-0/data-0/containers/hdds
2021-11-20 13:47:09,457 [Listener at 127.0.0.1/41529] INFO  volume.StorageVolumeChecker (StorageVolumeChecker.java:checkAllVolumes(202)) - Scheduled health check for volume /home/runner/work/ozone/ozone/hadoop-ozone/integration-test/target/test-dir/MiniOzoneClusterImpl-af1e1b15-19ea-4ddd-8a7a-846906bb1efb/datanode-0/data-0/containers/hdds
2021-11-20 13:47:09,471 [Listener at 127.0.0.1/41529] INFO  volume.MutableVolumeSet (MutableVolumeSet.java:initializeVolumeSet(168)) - Added Volume : /home/runner/work/ozone/ozone/hadoop-ozone/integration-test/target/test-dir/MiniOzoneClusterImpl-af1e1b15-19ea-4ddd-8a7a-846906bb1efb/datanode-0/data/ratis to VolumeSet
2021-11-20 13:47:09,471 [Listener at 127.0.0.1/41529] INFO  volume.ThrottledAsyncChecker (ThrottledAsyncChecker.java:schedule(141)) - Scheduling a check for /home/runner/work/ozone/ozone/hadoop-ozone/integration-test/target/test-dir/MiniOzoneClusterImpl-af1e1b15-19ea-4ddd-8a7a-846906bb1efb/datanode-0/data/ratis
2021-11-20 13:47:09,472 [Listener at 127.0.0.1/41529] INFO  volume.StorageVolumeChecker (StorageVolumeChecker.java:checkAllVolumes(202)) - Scheduled health check for volume /home/runner/work/ozone/ozone/hadoop-ozone/integration-test/target/test-dir/MiniOzoneClusterImpl-af1e1b15-19ea-4ddd-8a7a-846906bb1efb/datanode-0/data/ratis
2021-11-20 13:47:09,486 [Thread-284] INFO  ozoneimpl.ContainerReader (ContainerReader.java:readVolume(172)) - Finish verifying containers on volume /home/runner/work/ozone/ozone/hadoop-ozone/integration-test/target/test-dir/MiniOzoneClusterImpl-af1e1b15-19ea-4ddd-8a7a-846906bb1efb/datanode-0/data-0/containers/hdds
2021-11-20 13:47:09,486 [Listener at 127.0.0.1/41529] INFO  ozoneimpl.OzoneContainer (OzoneContainer.java:buildContainerSet(236)) - Build ContainerSet costs 0s
2021-11-20 13:47:09,489 [Listener at 127.0.0.1/41529] INFO  server.RaftServer (ConfUtils.java:logGet(44)) - raft.rpc.type = GRPC (default)
2021-11-20 13:47:09,490 [Listener at 127.0.0.1/41529] INFO  grpc.GrpcFactory (GrpcFactory.java:checkPooledByteBufAllocatorUseCacheForAllThreads(48)) - PERFORMANCE WARNING: useCacheForAllThreads is true that may cause Netty to create a lot garbage objects and, as a result, trigger GC.
	It is recommended to disable useCacheForAllThreads by setting -Dorg.apache.ratis.thirdparty.io.netty.allocator.useCacheForAllThreads=false in command line.
2021-11-20 13:47:09,490 [Listener at 127.0.0.1/41529] INFO  grpc.GrpcConfigKeys (ConfUtils.java:logGet(44)) - raft.grpc.admin.port = 0 (custom)
2021-11-20 13:47:09,490 [Listener at 127.0.0.1/41529] INFO  grpc.GrpcConfigKeys (ConfUtils.java:logGet(44)) - raft.grpc.client.port = 0 (custom)
2021-11-20 13:47:09,490 [Listener at 127.0.0.1/41529] INFO  grpc.GrpcConfigKeys (ConfUtils.java:logGet(44)) - raft.grpc.server.port = 0 (default)
2021-11-20 13:47:09,490 [Listener at 127.0.0.1/41529] INFO  server.GrpcService (ConfUtils.java:logGet(44)) - raft.grpc.message.size.max = 32MB (=33554432) (custom)
2021-11-20 13:47:09,490 [Listener at 127.0.0.1/41529] INFO  server.RaftServerConfigKeys (ConfUtils.java:logGet(44)) - raft.server.log.appender.buffer.byte-limit = 33554432 (custom)
2021-11-20 13:47:09,491 [Listener at 127.0.0.1/41529] INFO  server.GrpcService (ConfUtils.java:logGet(44)) - raft.grpc.flow.control.window = 5MB (=5242880) (custom)
2021-11-20 13:47:09,491 [Listener at 127.0.0.1/41529] INFO  server.RaftServerConfigKeys (ConfUtils.java:logGet(44)) - raft.server.rpc.request.timeout = 60s (custom)
2021-11-20 13:47:09,492 [Listener at 127.0.0.1/41529] INFO  impl.DataStreamServerImpl (ConfUtils.java:logGet(44)) - raft.datastream.type = DISABLED (default)
2021-11-20 13:47:09,493 [Listener at 127.0.0.1/41529] INFO  server.RaftServerConfigKeys (ConfUtils.java:logGet(44)) - raft.server.rpc.slowness.timeout = 300s (custom)
2021-11-20 13:47:09,493 [Listener at 127.0.0.1/41529] INFO  server.RaftServerConfigKeys (ConfUtils.java:logGet(44)) - raft.server.leaderelection.leader.step-down.wait-time = 10s (default)
2021-11-20 13:47:09,493 [Listener at 127.0.0.1/41529] INFO  server.RaftServerConfigKeys (ConfUtils.java:logGet(44)) - raft.server.storage.dir = [/home/runner/work/ozone/ozone/hadoop-ozone/integration-test/target/test-dir/MiniOzoneClusterImpl-af1e1b15-19ea-4ddd-8a7a-846906bb1efb/datanode-0/data/ratis] (custom)
2021-11-20 13:47:09,496 [Listener at 127.0.0.1/41529] INFO  http.BaseHttpServer (BaseHttpServer.java:newHttpServer2BuilderForOzone(209)) - Starting Web-server for hddsDatanode at: http://0.0.0.0:0
2021-11-20 13:47:09,496 [Listener at 127.0.0.1/41529] INFO  http.BaseHttpServer (BaseHttpServer.java:<init>(107)) - Hadoop Security Enabled: false Ozone Security Enabled: false Ozone HTTP Security Enabled: false 
2021-11-20 13:47:09,498 [Listener at 127.0.0.1/41529] INFO  server.AuthenticationFilter (AuthenticationFilter.java:constructSecretProvider(240)) - Unable to initialize FileSignerSecretProvider, falling back to use random secrets.
2021-11-20 13:47:09,509 [Listener at 127.0.0.1/41529] WARN  http.HttpRequestLog (HttpRequestLog.java:getRequestLog(103)) - Jetty request log can only be enabled using Log4j
2021-11-20 13:47:09,510 [Listener at 127.0.0.1/41529] INFO  http.HttpServer2 (HttpServer2.java:addGlobalFilter(1030)) - Added global filter 'safety' (class=org.apache.hadoop.hdds.server.http.HttpServer2$QuotingInputFilter)
2021-11-20 13:47:09,511 [Listener at 127.0.0.1/41529] INFO  http.HttpServer2 (HttpServer2.java:addFilter(1006)) - Added filter static_user_filter (class=org.apache.hadoop.http.lib.StaticUserWebFilter$StaticUserFilter) to context hddsDatanode
2021-11-20 13:47:09,512 [Listener at 127.0.0.1/41529] INFO  http.HttpServer2 (HttpServer2.java:addFilter(1014)) - Added filter static_user_filter (class=org.apache.hadoop.http.lib.StaticUserWebFilter$StaticUserFilter) to context static
2021-11-20 13:47:09,512 [Listener at 127.0.0.1/41529] INFO  http.HttpServer2 (HttpServer2.java:addFilter(1014)) - Added filter static_user_filter (class=org.apache.hadoop.http.lib.StaticUserWebFilter$StaticUserFilter) to context logs
2021-11-20 13:47:09,512 [Listener at 127.0.0.1/41529] INFO  http.HttpServer2 (HttpServer2.java:bindListener(1249)) - Jetty bound to port 44129
2021-11-20 13:47:09,513 [Listener at 127.0.0.1/41529] INFO  server.Server (Server.java:doStart(375)) - jetty-9.4.43.v20210629; built: 2021-06-30T11:07:22.254Z; git: 526006ecfa3af7f1a27ef3a288e2bef7ea9dd7e8; jvm 1.8.0_292-b10
2021-11-20 13:47:09,514 [Listener at 127.0.0.1/41529] INFO  server.session (DefaultSessionIdManager.java:doStart(334)) - DefaultSessionIdManager workerName=node0
2021-11-20 13:47:09,514 [Listener at 127.0.0.1/41529] INFO  server.session (DefaultSessionIdManager.java:doStart(339)) - No SessionScavenger set, using defaults
2021-11-20 13:47:09,515 [Listener at 127.0.0.1/41529] INFO  server.session (HouseKeeper.java:startScavenging(132)) - node0 Scavenging every 660000ms
2021-11-20 13:47:09,515 [Listener at 127.0.0.1/41529] INFO  handler.ContextHandler (ContextHandler.java:doStart(915)) - Started o.e.j.s.ServletContextHandler@1203ca2a{logs,/logs,file:///home/runner/work/ozone/ozone/hadoop-ozone/integration-test/target/log,AVAILABLE}
2021-11-20 13:47:09,516 [Listener at 127.0.0.1/41529] INFO  handler.ContextHandler (ContextHandler.java:doStart(915)) - Started o.e.j.s.ServletContextHandler@6a59040d{static,/static,jar:file:/home/runner/.m2/repository/org/apache/ozone/hdds-container-service/1.2.0-SNAPSHOT/hdds-container-service-1.2.0-SNAPSHOT.jar!/webapps/static,AVAILABLE}
2021-11-20 13:47:09,560 [Listener at 127.0.0.1/41529] INFO  handler.ContextHandler (ContextHandler.java:doStart(915)) - Started o.e.j.w.WebAppContext@43a54a31{hddsDatanode,/,file:///tmp/jetty-0_0_0_0-44129-hdds-container-service-1_2_0-SNAPSHOT_jar-_-any-34919619925970883/webapp/,AVAILABLE}{jar:file:/home/runner/.m2/repository/org/apache/ozone/hdds-container-service/1.2.0-SNAPSHOT/hdds-container-service-1.2.0-SNAPSHOT.jar!/webapps/hddsDatanode}
2021-11-20 13:47:09,566 [Listener at 127.0.0.1/41529] INFO  server.AbstractConnector (AbstractConnector.java:doStart(331)) - Started ServerConnector@316e20d7{HTTP/1.1, (http/1.1)}{0.0.0.0:44129}
2021-11-20 13:47:09,566 [Listener at 127.0.0.1/41529] INFO  server.Server (Server.java:doStart(415)) - Started @23283ms
2021-11-20 13:47:09,566 [Listener at 127.0.0.1/41529] WARN  impl.MetricsSystemImpl (MetricsSystemImpl.java:register(279)) - Sink prometheus already exists!
2021-11-20 13:47:09,567 [Listener at 127.0.0.1/41529] INFO  http.BaseHttpServer (BaseHttpServer.java:updateConnectorAddress(329)) - HTTP server of hddsDatanode listening at http://0.0.0.0:44129
2021-11-20 13:47:09,570 [Listener at 127.0.0.1/41529] WARN  impl.MetricRegistriesImpl (MetricRegistriesImpl.java:addReporterRegistration(111)) - New reporters are added after registries were created. Some metrics will be missing from the reporter. Please add reporter before adding any new registry.
2021-11-20 13:47:09,570 [Listener at 127.0.0.1/41529] WARN  impl.MetricRegistriesImpl (MetricRegistriesImpl.java:addReporterRegistration(111)) - New reporters are added after registries were created. Some metrics will be missing from the reporter. Please add reporter before adding any new registry.
2021-11-20 13:47:09,570 [Listener at 127.0.0.1/41529] INFO  impl.MetricsSystemImpl (MetricsSystemImpl.java:init(158)) - HddsDatanode metrics system started (again)
2021-11-20 13:47:09,578 [Datanode State Machine Daemon Thread] INFO  statemachine.DatanodeStateMachine (DatanodeStateMachine.java:lambda$startDaemon$0(467)) - Ozone container server started.
2021-11-20 13:47:09,589 [Listener at 127.0.0.1/41529] INFO  ozone.HddsDatanodeService (HddsDatanodeService.java:start(234)) - HddsDatanodeService host:fv-az60-126.fehpiqwevasenfwouqxxvjaufd.cx.internal.cloudapp.net ip:10.1.0.12
2021-11-20 13:47:09,595 [org.apache.hadoop.util.JvmPauseMonitor$Monitor@7fc6472d] INFO  util.JvmPauseMonitor (JvmPauseMonitor.java:run(188)) - Starting JVM pause monitor
2021-11-20 13:47:09,600 [Datanode State Machine Task Thread - 0] INFO  datanode.InitDatanodeState (InitDatanodeState.java:persistContainerDatanodeDetails(145)) - DatanodeDetails is persisted to /home/runner/work/ozone/ozone/hadoop-ozone/integration-test/target/test-dir/MiniOzoneClusterImpl-af1e1b15-19ea-4ddd-8a7a-846906bb1efb/datanode-0/meta/datanode.id
2021-11-20 13:47:09,632 [Listener at 127.0.0.1/41529] INFO  upgrade.AbstractLayoutVersionManager (AbstractLayoutVersionManager.java:init(79)) - Initializing Layout version manager with metadata layout = SCM_HA (version = 2), software layout = SCM_HA (version = 2)
2021-11-20 13:47:09,669 [Listener at 127.0.0.1/41529] INFO  reflections.Reflections (Reflections.java:scan(232)) - Reflections took 35 ms to scan 7 urls, producing 119 keys and 279 values 
2021-11-20 13:47:09,671 [Listener at 127.0.0.1/41529] INFO  statemachine.DatanodeStateMachine (DatanodeStateMachine.java:getEndPointTaskThreadPoolSize(219)) - Datanode State Machine Task Thread Pool size 2
2021-11-20 13:47:09,673 [Listener at 127.0.0.1/41529] INFO  volume.HddsVolume (HddsVolume.java:<init>(120)) - Creating HddsVolume: /home/runner/work/ozone/ozone/hadoop-ozone/integration-test/target/test-dir/MiniOzoneClusterImpl-af1e1b15-19ea-4ddd-8a7a-846906bb1efb/datanode-1/data-0/containers/hdds of storage type : DISK capacity : 9223372036854775807
2021-11-20 13:47:09,673 [Listener at 127.0.0.1/41529] INFO  volume.MutableVolumeSet (MutableVolumeSet.java:initializeVolumeSet(168)) - Added Volume : /home/runner/work/ozone/ozone/hadoop-ozone/integration-test/target/test-dir/MiniOzoneClusterImpl-af1e1b15-19ea-4ddd-8a7a-846906bb1efb/datanode-1/data-0/containers/hdds to VolumeSet
2021-11-20 13:47:09,673 [Listener at 127.0.0.1/41529] INFO  volume.ThrottledAsyncChecker (ThrottledAsyncChecker.java:schedule(141)) - Scheduling a check for /home/runner/work/ozone/ozone/hadoop-ozone/integration-test/target/test-dir/MiniOzoneClusterImpl-af1e1b15-19ea-4ddd-8a7a-846906bb1efb/datanode-1/data-0/containers/hdds
2021-11-20 13:47:09,674 [Listener at 127.0.0.1/41529] INFO  volume.StorageVolumeChecker (StorageVolumeChecker.java:checkAllVolumes(202)) - Scheduled health check for volume /home/runner/work/ozone/ozone/hadoop-ozone/integration-test/target/test-dir/MiniOzoneClusterImpl-af1e1b15-19ea-4ddd-8a7a-846906bb1efb/datanode-1/data-0/containers/hdds
2021-11-20 13:47:09,688 [Listener at 127.0.0.1/41529] INFO  volume.MutableVolumeSet (MutableVolumeSet.java:initializeVolumeSet(168)) - Added Volume : /home/runner/work/ozone/ozone/hadoop-ozone/integration-test/target/test-dir/MiniOzoneClusterImpl-af1e1b15-19ea-4ddd-8a7a-846906bb1efb/datanode-1/data/ratis to VolumeSet
2021-11-20 13:47:09,688 [Listener at 127.0.0.1/41529] INFO  volume.ThrottledAsyncChecker (ThrottledAsyncChecker.java:schedule(141)) - Scheduling a check for /home/runner/work/ozone/ozone/hadoop-ozone/integration-test/target/test-dir/MiniOzoneClusterImpl-af1e1b15-19ea-4ddd-8a7a-846906bb1efb/datanode-1/data/ratis
2021-11-20 13:47:09,689 [Listener at 127.0.0.1/41529] INFO  volume.StorageVolumeChecker (StorageVolumeChecker.java:checkAllVolumes(202)) - Scheduled health check for volume /home/runner/work/ozone/ozone/hadoop-ozone/integration-test/target/test-dir/MiniOzoneClusterImpl-af1e1b15-19ea-4ddd-8a7a-846906bb1efb/datanode-1/data/ratis
2021-11-20 13:47:09,702 [Thread-296] INFO  ozoneimpl.ContainerReader (ContainerReader.java:readVolume(172)) - Finish verifying containers on volume /home/runner/work/ozone/ozone/hadoop-ozone/integration-test/target/test-dir/MiniOzoneClusterImpl-af1e1b15-19ea-4ddd-8a7a-846906bb1efb/datanode-1/data-0/containers/hdds
2021-11-20 13:47:09,702 [Listener at 127.0.0.1/41529] INFO  ozoneimpl.OzoneContainer (OzoneContainer.java:buildContainerSet(236)) - Build ContainerSet costs 0s
2021-11-20 13:47:09,705 [Listener at 127.0.0.1/41529] INFO  server.RaftServer (ConfUtils.java:logGet(44)) - raft.rpc.type = GRPC (default)
2021-11-20 13:47:09,705 [Listener at 127.0.0.1/41529] INFO  grpc.GrpcFactory (GrpcFactory.java:checkPooledByteBufAllocatorUseCacheForAllThreads(48)) - PERFORMANCE WARNING: useCacheForAllThreads is true that may cause Netty to create a lot garbage objects and, as a result, trigger GC.
	It is recommended to disable useCacheForAllThreads by setting -Dorg.apache.ratis.thirdparty.io.netty.allocator.useCacheForAllThreads=false in command line.
2021-11-20 13:47:09,706 [Listener at 127.0.0.1/41529] INFO  grpc.GrpcConfigKeys (ConfUtils.java:logGet(44)) - raft.grpc.admin.port = 0 (custom)
2021-11-20 13:47:09,706 [Listener at 127.0.0.1/41529] INFO  grpc.GrpcConfigKeys (ConfUtils.java:logGet(44)) - raft.grpc.client.port = 0 (custom)
2021-11-20 13:47:09,706 [Listener at 127.0.0.1/41529] INFO  grpc.GrpcConfigKeys (ConfUtils.java:logGet(44)) - raft.grpc.server.port = 0 (default)
2021-11-20 13:47:09,706 [Listener at 127.0.0.1/41529] INFO  server.GrpcService (ConfUtils.java:logGet(44)) - raft.grpc.message.size.max = 32MB (=33554432) (custom)
2021-11-20 13:47:09,706 [Listener at 127.0.0.1/41529] INFO  server.RaftServerConfigKeys (ConfUtils.java:logGet(44)) - raft.server.log.appender.buffer.byte-limit = 33554432 (custom)
2021-11-20 13:47:09,706 [Listener at 127.0.0.1/41529] INFO  server.GrpcService (ConfUtils.java:logGet(44)) - raft.grpc.flow.control.window = 5MB (=5242880) (custom)
2021-11-20 13:47:09,706 [Listener at 127.0.0.1/41529] INFO  server.RaftServerConfigKeys (ConfUtils.java:logGet(44)) - raft.server.rpc.request.timeout = 60s (custom)
2021-11-20 13:47:09,707 [Listener at 127.0.0.1/41529] INFO  impl.DataStreamServerImpl (ConfUtils.java:logGet(44)) - raft.datastream.type = DISABLED (default)
2021-11-20 13:47:09,707 [Listener at 127.0.0.1/41529] INFO  server.RaftServerConfigKeys (ConfUtils.java:logGet(44)) - raft.server.rpc.slowness.timeout = 300s (custom)
2021-11-20 13:47:09,707 [Listener at 127.0.0.1/41529] INFO  server.RaftServerConfigKeys (ConfUtils.java:logGet(44)) - raft.server.leaderelection.leader.step-down.wait-time = 10s (default)
2021-11-20 13:47:09,708 [Listener at 127.0.0.1/41529] INFO  server.RaftServerConfigKeys (ConfUtils.java:logGet(44)) - raft.server.storage.dir = [/home/runner/work/ozone/ozone/hadoop-ozone/integration-test/target/test-dir/MiniOzoneClusterImpl-af1e1b15-19ea-4ddd-8a7a-846906bb1efb/datanode-1/data/ratis] (custom)
2021-11-20 13:47:09,727 [Listener at 127.0.0.1/41529] INFO  http.BaseHttpServer (BaseHttpServer.java:newHttpServer2BuilderForOzone(209)) - Starting Web-server for hddsDatanode at: http://0.0.0.0:0
2021-11-20 13:47:09,727 [Listener at 127.0.0.1/41529] INFO  http.BaseHttpServer (BaseHttpServer.java:<init>(107)) - Hadoop Security Enabled: false Ozone Security Enabled: false Ozone HTTP Security Enabled: false 
2021-11-20 13:47:09,729 [Listener at 127.0.0.1/41529] INFO  server.AuthenticationFilter (AuthenticationFilter.java:constructSecretProvider(240)) - Unable to initialize FileSignerSecretProvider, falling back to use random secrets.
2021-11-20 13:47:09,738 [Listener at 127.0.0.1/41529] WARN  http.HttpRequestLog (HttpRequestLog.java:getRequestLog(103)) - Jetty request log can only be enabled using Log4j
2021-11-20 13:47:09,739 [Listener at 127.0.0.1/41529] INFO  http.HttpServer2 (HttpServer2.java:addGlobalFilter(1030)) - Added global filter 'safety' (class=org.apache.hadoop.hdds.server.http.HttpServer2$QuotingInputFilter)
2021-11-20 13:47:09,740 [Listener at 127.0.0.1/41529] INFO  http.HttpServer2 (HttpServer2.java:addFilter(1006)) - Added filter static_user_filter (class=org.apache.hadoop.http.lib.StaticUserWebFilter$StaticUserFilter) to context hddsDatanode
2021-11-20 13:47:09,740 [Listener at 127.0.0.1/41529] INFO  http.HttpServer2 (HttpServer2.java:addFilter(1014)) - Added filter static_user_filter (class=org.apache.hadoop.http.lib.StaticUserWebFilter$StaticUserFilter) to context static
2021-11-20 13:47:09,740 [Listener at 127.0.0.1/41529] INFO  http.HttpServer2 (HttpServer2.java:addFilter(1014)) - Added filter static_user_filter (class=org.apache.hadoop.http.lib.StaticUserWebFilter$StaticUserFilter) to context logs
2021-11-20 13:47:09,741 [Listener at 127.0.0.1/41529] INFO  http.HttpServer2 (HttpServer2.java:bindListener(1249)) - Jetty bound to port 37947
2021-11-20 13:47:09,741 [Listener at 127.0.0.1/41529] INFO  server.Server (Server.java:doStart(375)) - jetty-9.4.43.v20210629; built: 2021-06-30T11:07:22.254Z; git: 526006ecfa3af7f1a27ef3a288e2bef7ea9dd7e8; jvm 1.8.0_292-b10
2021-11-20 13:47:09,794 [Listener at 127.0.0.1/41529] INFO  server.session (DefaultSessionIdManager.java:doStart(334)) - DefaultSessionIdManager workerName=node0
2021-11-20 13:47:09,795 [Listener at 127.0.0.1/41529] INFO  server.session (DefaultSessionIdManager.java:doStart(339)) - No SessionScavenger set, using defaults
2021-11-20 13:47:09,795 [Listener at 127.0.0.1/41529] INFO  server.session (HouseKeeper.java:startScavenging(132)) - node0 Scavenging every 600000ms
2021-11-20 13:47:09,801 [Listener at 127.0.0.1/41529] INFO  handler.ContextHandler (ContextHandler.java:doStart(915)) - Started o.e.j.s.ServletContextHandler@3af9e756{logs,/logs,file:///home/runner/work/ozone/ozone/hadoop-ozone/integration-test/target/log,AVAILABLE}
2021-11-20 13:47:09,801 [Listener at 127.0.0.1/41529] INFO  handler.ContextHandler (ContextHandler.java:doStart(915)) - Started o.e.j.s.ServletContextHandler@5e4055ab{static,/static,jar:file:/home/runner/.m2/repository/org/apache/ozone/hdds-container-service/1.2.0-SNAPSHOT/hdds-container-service-1.2.0-SNAPSHOT.jar!/webapps/static,AVAILABLE}
2021-11-20 13:47:09,881 [Listener at 127.0.0.1/41529] INFO  handler.ContextHandler (ContextHandler.java:doStart(915)) - Started o.e.j.w.WebAppContext@3dd00337{hddsDatanode,/,file:///tmp/jetty-0_0_0_0-37947-hdds-container-service-1_2_0-SNAPSHOT_jar-_-any-1865188192108613542/webapp/,AVAILABLE}{jar:file:/home/runner/.m2/repository/org/apache/ozone/hdds-container-service/1.2.0-SNAPSHOT/hdds-container-service-1.2.0-SNAPSHOT.jar!/webapps/hddsDatanode}
2021-11-20 13:47:09,884 [Listener at 127.0.0.1/41529] INFO  server.AbstractConnector (AbstractConnector.java:doStart(331)) - Started ServerConnector@3f9fc181{HTTP/1.1, (http/1.1)}{0.0.0.0:37947}
2021-11-20 13:47:09,884 [Listener at 127.0.0.1/41529] INFO  server.Server (Server.java:doStart(415)) - Started @23601ms
2021-11-20 13:47:09,884 [Listener at 127.0.0.1/41529] WARN  impl.MetricsSystemImpl (MetricsSystemImpl.java:register(279)) - Sink prometheus already exists!
2021-11-20 13:47:09,885 [Listener at 127.0.0.1/41529] INFO  http.BaseHttpServer (BaseHttpServer.java:updateConnectorAddress(329)) - HTTP server of hddsDatanode listening at http://0.0.0.0:37947
2021-11-20 13:47:09,886 [Listener at 127.0.0.1/41529] WARN  impl.MetricRegistriesImpl (MetricRegistriesImpl.java:addReporterRegistration(111)) - New reporters are added after registries were created. Some metrics will be missing from the reporter. Please add reporter before adding any new registry.
2021-11-20 13:47:09,886 [Listener at 127.0.0.1/41529] WARN  impl.MetricRegistriesImpl (MetricRegistriesImpl.java:addReporterRegistration(111)) - New reporters are added after registries were created. Some metrics will be missing from the reporter. Please add reporter before adding any new registry.
2021-11-20 13:47:09,886 [Listener at 127.0.0.1/41529] INFO  impl.MetricsSystemImpl (MetricsSystemImpl.java:init(158)) - HddsDatanode metrics system started (again)
2021-11-20 13:47:09,900 [Datanode State Machine Daemon Thread] INFO  statemachine.DatanodeStateMachine (DatanodeStateMachine.java:lambda$startDaemon$0(467)) - Ozone container server started.
2021-11-20 13:47:09,911 [org.apache.hadoop.util.JvmPauseMonitor$Monitor@5dd46d9c] INFO  util.JvmPauseMonitor (JvmPauseMonitor.java:run(188)) - Starting JVM pause monitor
2021-11-20 13:47:09,933 [Listener at 127.0.0.1/41529] INFO  ozone.HddsDatanodeService (HddsDatanodeService.java:start(234)) - HddsDatanodeService host:fv-az60-126.fehpiqwevasenfwouqxxvjaufd.cx.internal.cloudapp.net ip:10.1.0.12
2021-11-20 13:47:09,939 [Datanode State Machine Task Thread - 0] INFO  datanode.InitDatanodeState (InitDatanodeState.java:persistContainerDatanodeDetails(145)) - DatanodeDetails is persisted to /home/runner/work/ozone/ozone/hadoop-ozone/integration-test/target/test-dir/MiniOzoneClusterImpl-af1e1b15-19ea-4ddd-8a7a-846906bb1efb/datanode-1/meta/datanode.id
2021-11-20 13:47:09,960 [Listener at 127.0.0.1/41529] INFO  upgrade.AbstractLayoutVersionManager (AbstractLayoutVersionManager.java:init(79)) - Initializing Layout version manager with metadata layout = SCM_HA (version = 2), software layout = SCM_HA (version = 2)
2021-11-20 13:47:10,038 [Listener at 127.0.0.1/41529] INFO  reflections.Reflections (Reflections.java:scan(232)) - Reflections took 68 ms to scan 7 urls, producing 119 keys and 279 values 
2021-11-20 13:47:10,040 [Listener at 127.0.0.1/41529] INFO  statemachine.DatanodeStateMachine (DatanodeStateMachine.java:getEndPointTaskThreadPoolSize(219)) - Datanode State Machine Task Thread Pool size 2
2021-11-20 13:47:10,047 [Listener at 127.0.0.1/41529] INFO  volume.HddsVolume (HddsVolume.java:<init>(120)) - Creating HddsVolume: /home/runner/work/ozone/ozone/hadoop-ozone/integration-test/target/test-dir/MiniOzoneClusterImpl-af1e1b15-19ea-4ddd-8a7a-846906bb1efb/datanode-2/data-0/containers/hdds of storage type : DISK capacity : 9223372036854775807
2021-11-20 13:47:10,047 [Listener at 127.0.0.1/41529] INFO  volume.MutableVolumeSet (MutableVolumeSet.java:initializeVolumeSet(168)) - Added Volume : /home/runner/work/ozone/ozone/hadoop-ozone/integration-test/target/test-dir/MiniOzoneClusterImpl-af1e1b15-19ea-4ddd-8a7a-846906bb1efb/datanode-2/data-0/containers/hdds to VolumeSet
2021-11-20 13:47:10,048 [Listener at 127.0.0.1/41529] INFO  volume.ThrottledAsyncChecker (ThrottledAsyncChecker.java:schedule(141)) - Scheduling a check for /home/runner/work/ozone/ozone/hadoop-ozone/integration-test/target/test-dir/MiniOzoneClusterImpl-af1e1b15-19ea-4ddd-8a7a-846906bb1efb/datanode-2/data-0/containers/hdds
2021-11-20 13:47:10,062 [Listener at 127.0.0.1/41529] INFO  volume.StorageVolumeChecker (StorageVolumeChecker.java:checkAllVolumes(202)) - Scheduled health check for volume /home/runner/work/ozone/ozone/hadoop-ozone/integration-test/target/test-dir/MiniOzoneClusterImpl-af1e1b15-19ea-4ddd-8a7a-846906bb1efb/datanode-2/data-0/containers/hdds
2021-11-20 13:47:10,077 [Listener at 127.0.0.1/41529] INFO  volume.MutableVolumeSet (MutableVolumeSet.java:initializeVolumeSet(168)) - Added Volume : /home/runner/work/ozone/ozone/hadoop-ozone/integration-test/target/test-dir/MiniOzoneClusterImpl-af1e1b15-19ea-4ddd-8a7a-846906bb1efb/datanode-2/data/ratis to VolumeSet
2021-11-20 13:47:10,077 [Listener at 127.0.0.1/41529] INFO  volume.ThrottledAsyncChecker (ThrottledAsyncChecker.java:schedule(141)) - Scheduling a check for /home/runner/work/ozone/ozone/hadoop-ozone/integration-test/target/test-dir/MiniOzoneClusterImpl-af1e1b15-19ea-4ddd-8a7a-846906bb1efb/datanode-2/data/ratis
2021-11-20 13:47:10,077 [Listener at 127.0.0.1/41529] INFO  volume.StorageVolumeChecker (StorageVolumeChecker.java:checkAllVolumes(202)) - Scheduled health check for volume /home/runner/work/ozone/ozone/hadoop-ozone/integration-test/target/test-dir/MiniOzoneClusterImpl-af1e1b15-19ea-4ddd-8a7a-846906bb1efb/datanode-2/data/ratis
2021-11-20 13:47:10,090 [Thread-308] INFO  ozoneimpl.ContainerReader (ContainerReader.java:readVolume(172)) - Finish verifying containers on volume /home/runner/work/ozone/ozone/hadoop-ozone/integration-test/target/test-dir/MiniOzoneClusterImpl-af1e1b15-19ea-4ddd-8a7a-846906bb1efb/datanode-2/data-0/containers/hdds
2021-11-20 13:47:10,090 [Listener at 127.0.0.1/41529] INFO  ozoneimpl.OzoneContainer (OzoneContainer.java:buildContainerSet(236)) - Build ContainerSet costs 0s
2021-11-20 13:47:10,093 [Listener at 127.0.0.1/41529] INFO  server.RaftServer (ConfUtils.java:logGet(44)) - raft.rpc.type = GRPC (default)
2021-11-20 13:47:10,093 [Listener at 127.0.0.1/41529] INFO  grpc.GrpcFactory (GrpcFactory.java:checkPooledByteBufAllocatorUseCacheForAllThreads(48)) - PERFORMANCE WARNING: useCacheForAllThreads is true that may cause Netty to create a lot garbage objects and, as a result, trigger GC.
	It is recommended to disable useCacheForAllThreads by setting -Dorg.apache.ratis.thirdparty.io.netty.allocator.useCacheForAllThreads=false in command line.
2021-11-20 13:47:10,094 [Listener at 127.0.0.1/41529] INFO  grpc.GrpcConfigKeys (ConfUtils.java:logGet(44)) - raft.grpc.admin.port = 0 (custom)
2021-11-20 13:47:10,094 [Listener at 127.0.0.1/41529] INFO  grpc.GrpcConfigKeys (ConfUtils.java:logGet(44)) - raft.grpc.client.port = 0 (custom)
2021-11-20 13:47:10,094 [Listener at 127.0.0.1/41529] INFO  grpc.GrpcConfigKeys (ConfUtils.java:logGet(44)) - raft.grpc.server.port = 0 (default)
2021-11-20 13:47:10,094 [Listener at 127.0.0.1/41529] INFO  server.GrpcService (ConfUtils.java:logGet(44)) - raft.grpc.message.size.max = 32MB (=33554432) (custom)
2021-11-20 13:47:10,094 [Listener at 127.0.0.1/41529] INFO  server.RaftServerConfigKeys (ConfUtils.java:logGet(44)) - raft.server.log.appender.buffer.byte-limit = 33554432 (custom)
2021-11-20 13:47:10,094 [Listener at 127.0.0.1/41529] INFO  server.GrpcService (ConfUtils.java:logGet(44)) - raft.grpc.flow.control.window = 5MB (=5242880) (custom)
2021-11-20 13:47:10,094 [Listener at 127.0.0.1/41529] INFO  server.RaftServerConfigKeys (ConfUtils.java:logGet(44)) - raft.server.rpc.request.timeout = 60s (custom)
2021-11-20 13:47:10,095 [Listener at 127.0.0.1/41529] INFO  impl.DataStreamServerImpl (ConfUtils.java:logGet(44)) - raft.datastream.type = DISABLED (default)
2021-11-20 13:47:10,096 [Listener at 127.0.0.1/41529] INFO  server.RaftServerConfigKeys (ConfUtils.java:logGet(44)) - raft.server.rpc.slowness.timeout = 300s (custom)
2021-11-20 13:47:10,096 [Listener at 127.0.0.1/41529] INFO  server.RaftServerConfigKeys (ConfUtils.java:logGet(44)) - raft.server.leaderelection.leader.step-down.wait-time = 10s (default)
2021-11-20 13:47:10,096 [Listener at 127.0.0.1/41529] INFO  server.RaftServerConfigKeys (ConfUtils.java:logGet(44)) - raft.server.storage.dir = [/home/runner/work/ozone/ozone/hadoop-ozone/integration-test/target/test-dir/MiniOzoneClusterImpl-af1e1b15-19ea-4ddd-8a7a-846906bb1efb/datanode-2/data/ratis] (custom)
2021-11-20 13:47:10,099 [Listener at 127.0.0.1/41529] INFO  http.BaseHttpServer (BaseHttpServer.java:newHttpServer2BuilderForOzone(209)) - Starting Web-server for hddsDatanode at: http://0.0.0.0:0
2021-11-20 13:47:10,099 [Listener at 127.0.0.1/41529] INFO  http.BaseHttpServer (BaseHttpServer.java:<init>(107)) - Hadoop Security Enabled: false Ozone Security Enabled: false Ozone HTTP Security Enabled: false 
2021-11-20 13:47:10,101 [Listener at 127.0.0.1/41529] INFO  server.AuthenticationFilter (AuthenticationFilter.java:constructSecretProvider(240)) - Unable to initialize FileSignerSecretProvider, falling back to use random secrets.
2021-11-20 13:47:10,101 [Listener at 127.0.0.1/41529] WARN  http.HttpRequestLog (HttpRequestLog.java:getRequestLog(103)) - Jetty request log can only be enabled using Log4j
2021-11-20 13:47:10,102 [Listener at 127.0.0.1/41529] INFO  http.HttpServer2 (HttpServer2.java:addGlobalFilter(1030)) - Added global filter 'safety' (class=org.apache.hadoop.hdds.server.http.HttpServer2$QuotingInputFilter)
2021-11-20 13:47:10,103 [Listener at 127.0.0.1/41529] INFO  http.HttpServer2 (HttpServer2.java:addFilter(1006)) - Added filter static_user_filter (class=org.apache.hadoop.http.lib.StaticUserWebFilter$StaticUserFilter) to context hddsDatanode
2021-11-20 13:47:10,103 [Listener at 127.0.0.1/41529] INFO  http.HttpServer2 (HttpServer2.java:addFilter(1014)) - Added filter static_user_filter (class=org.apache.hadoop.http.lib.StaticUserWebFilter$StaticUserFilter) to context static
2021-11-20 13:47:10,103 [Listener at 127.0.0.1/41529] INFO  http.HttpServer2 (HttpServer2.java:addFilter(1014)) - Added filter static_user_filter (class=org.apache.hadoop.http.lib.StaticUserWebFilter$StaticUserFilter) to context logs
2021-11-20 13:47:10,103 [Listener at 127.0.0.1/41529] INFO  http.HttpServer2 (HttpServer2.java:bindListener(1249)) - Jetty bound to port 34903
2021-11-20 13:47:10,103 [Listener at 127.0.0.1/41529] INFO  server.Server (Server.java:doStart(375)) - jetty-9.4.43.v20210629; built: 2021-06-30T11:07:22.254Z; git: 526006ecfa3af7f1a27ef3a288e2bef7ea9dd7e8; jvm 1.8.0_292-b10
2021-11-20 13:47:10,107 [Listener at 127.0.0.1/41529] INFO  server.session (DefaultSessionIdManager.java:doStart(334)) - DefaultSessionIdManager workerName=node0
2021-11-20 13:47:10,107 [Listener at 127.0.0.1/41529] INFO  server.session (DefaultSessionIdManager.java:doStart(339)) - No SessionScavenger set, using defaults
2021-11-20 13:47:10,107 [Listener at 127.0.0.1/41529] INFO  server.session (HouseKeeper.java:startScavenging(132)) - node0 Scavenging every 600000ms
2021-11-20 13:47:10,110 [Listener at 127.0.0.1/41529] INFO  handler.ContextHandler (ContextHandler.java:doStart(915)) - Started o.e.j.s.ServletContextHandler@1ee88252{logs,/logs,file:///home/runner/work/ozone/ozone/hadoop-ozone/integration-test/target/log,AVAILABLE}
2021-11-20 13:47:10,111 [Listener at 127.0.0.1/41529] INFO  handler.ContextHandler (ContextHandler.java:doStart(915)) - Started o.e.j.s.ServletContextHandler@7356e086{static,/static,jar:file:/home/runner/.m2/repository/org/apache/ozone/hdds-container-service/1.2.0-SNAPSHOT/hdds-container-service-1.2.0-SNAPSHOT.jar!/webapps/static,AVAILABLE}
2021-11-20 13:47:10,150 [Listener at 127.0.0.1/41529] INFO  handler.ContextHandler (ContextHandler.java:doStart(915)) - Started o.e.j.w.WebAppContext@5f865dce{hddsDatanode,/,file:///tmp/jetty-0_0_0_0-34903-hdds-container-service-1_2_0-SNAPSHOT_jar-_-any-6414607736350741432/webapp/,AVAILABLE}{jar:file:/home/runner/.m2/repository/org/apache/ozone/hdds-container-service/1.2.0-SNAPSHOT/hdds-container-service-1.2.0-SNAPSHOT.jar!/webapps/hddsDatanode}
2021-11-20 13:47:10,152 [Listener at 127.0.0.1/41529] INFO  server.AbstractConnector (AbstractConnector.java:doStart(331)) - Started ServerConnector@146aa8f3{HTTP/1.1, (http/1.1)}{0.0.0.0:34903}
2021-11-20 13:47:10,152 [Listener at 127.0.0.1/41529] INFO  server.Server (Server.java:doStart(415)) - Started @23869ms
2021-11-20 13:47:10,152 [Listener at 127.0.0.1/41529] WARN  impl.MetricsSystemImpl (MetricsSystemImpl.java:register(279)) - Sink prometheus already exists!
2021-11-20 13:47:10,153 [Listener at 127.0.0.1/41529] INFO  http.BaseHttpServer (BaseHttpServer.java:updateConnectorAddress(329)) - HTTP server of hddsDatanode listening at http://0.0.0.0:34903
2021-11-20 13:47:10,153 [Listener at 127.0.0.1/41529] INFO  ozone.MiniOzoneClusterImpl (MiniOzoneClusterImpl.java:lambda$waitForClusterToBeReady$0(235)) - Waiting for nodes to be ready. Got 0 of 3 DN Heartbeats.
2021-11-20 13:47:10,153 [Listener at 127.0.0.1/41529] INFO  ozone.MiniOzoneClusterImpl (MiniOzoneClusterImpl.java:lambda$waitForClusterToBeReady$0(238)) - Waiting for cluster to exit safe mode
2021-11-20 13:47:10,153 [Listener at 127.0.0.1/41529] INFO  ozone.MiniOzoneClusterImpl (MiniOzoneClusterImpl.java:lambda$waitForClusterToBeReady$0(240)) - SCM became leader
2021-11-20 13:47:10,154 [Datanode State Machine Daemon Thread] INFO  statemachine.DatanodeStateMachine (DatanodeStateMachine.java:lambda$startDaemon$0(467)) - Ozone container server started.
2021-11-20 13:47:10,182 [org.apache.hadoop.util.JvmPauseMonitor$Monitor@23c8cca6] INFO  util.JvmPauseMonitor (JvmPauseMonitor.java:run(188)) - Starting JVM pause monitor
2021-11-20 13:47:10,190 [Datanode State Machine Task Thread - 0] INFO  datanode.InitDatanodeState (InitDatanodeState.java:persistContainerDatanodeDetails(145)) - DatanodeDetails is persisted to /home/runner/work/ozone/ozone/hadoop-ozone/integration-test/target/test-dir/MiniOzoneClusterImpl-af1e1b15-19ea-4ddd-8a7a-846906bb1efb/datanode-2/meta/datanode.id
2021-11-20 13:47:10,419 [om1@group-C5BA1605619E-FollowerState] INFO  impl.FollowerState (FollowerState.java:run(134)) - om1@group-C5BA1605619E-FollowerState: change to CANDIDATE, lastRpcElapsedTime:1106715551ns, electionTimeout:1099ms
2021-11-20 13:47:10,420 [om1@group-C5BA1605619E-FollowerState] INFO  impl.RoleInfo (RoleInfo.java:shutdownFollowerState(108)) - om1: shutdown om1@group-C5BA1605619E-FollowerState
2021-11-20 13:47:10,420 [om1@group-C5BA1605619E-FollowerState] INFO  server.RaftServer$Division (RaftServerImpl.java:setRole(290)) - om1@group-C5BA1605619E: changes role from  FOLLOWER to CANDIDATE at term 0 for changeToCandidate
2021-11-20 13:47:10,420 [om1@group-C5BA1605619E-FollowerState] INFO  server.RaftServerConfigKeys (ConfUtils.java:logGet(44)) - raft.server.leaderelection.pre-vote = false (custom)
2021-11-20 13:47:10,420 [om1@group-C5BA1605619E-FollowerState] INFO  impl.RoleInfo (RoleInfo.java:updateAndGet(130)) - om1: start om1@group-C5BA1605619E-LeaderElection3
2021-11-20 13:47:10,429 [om1@group-C5BA1605619E-LeaderElection3] INFO  impl.LeaderElection (LeaderElection.java:askForVotes(306)) - om1@group-C5BA1605619E-LeaderElection3 ELECTION round 0: submit vote requests at term 1 for -1: [om1|rpc:localhost:9872|priority:0], old=null
2021-11-20 13:47:10,430 [om1@group-C5BA1605619E-LeaderElection3] INFO  impl.LeaderElection (LeaderElection.java:askForVotes(308)) - om1@group-C5BA1605619E-LeaderElection3 ELECTION round 0: result PASSED (term=1)
2021-11-20 13:47:10,430 [om1@group-C5BA1605619E-LeaderElection3] INFO  impl.RoleInfo (RoleInfo.java:shutdownLeaderElection(121)) - om1: shutdown om1@group-C5BA1605619E-LeaderElection3
2021-11-20 13:47:10,430 [om1@group-C5BA1605619E-LeaderElection3] INFO  server.RaftServer$Division (RaftServerImpl.java:setRole(290)) - om1@group-C5BA1605619E: changes role from CANDIDATE to LEADER at term 1 for changeToLeader
2021-11-20 13:47:10,430 [om1@group-C5BA1605619E-LeaderElection3] INFO  server.RaftServer$Division (ServerState.java:setLeader(285)) - om1@group-C5BA1605619E: change Leader from null to om1 at term 1 for becomeLeader, leader elected after 1160ms
2021-11-20 13:47:10,430 [om1@group-C5BA1605619E-LeaderElection3] INFO  server.RaftServerConfigKeys (ConfUtils.java:logGet(44)) - raft.server.staging.catchup.gap = 1000 (default)
2021-11-20 13:47:10,430 [om1@group-C5BA1605619E-LeaderElection3] INFO  server.RaftServerConfigKeys (ConfUtils.java:logGet(44)) - raft.server.write.element-limit = 4096 (default)
2021-11-20 13:47:10,431 [om1@group-C5BA1605619E-LeaderElection3] INFO  server.RaftServerConfigKeys (ConfUtils.java:logGet(44)) - raft.server.write.byte-limit = 64MB (=67108864) (default)
2021-11-20 13:47:10,431 [om1@group-C5BA1605619E-LeaderElection3] INFO  server.RaftServerConfigKeys (ConfUtils.java:logGet(44)) - raft.server.watch.timeout = 10s (default)
2021-11-20 13:47:10,431 [om1@group-C5BA1605619E-LeaderElection3] INFO  server.RaftServerConfigKeys (ConfUtils.java:logGet(44)) - raft.server.watch.timeout.denomination = 1s (default)
2021-11-20 13:47:10,431 [om1@group-C5BA1605619E-LeaderElection3] INFO  server.RaftServerConfigKeys (ConfUtils.java:logGet(44)) - raft.server.watch.element-limit = 65536 (default)
2021-11-20 13:47:10,431 [om1@group-C5BA1605619E-LeaderElection3] INFO  server.RaftServerConfigKeys (ConfUtils.java:logGet(44)) - raft.server.write.element-limit = 4096 (default)
2021-11-20 13:47:10,431 [om1@group-C5BA1605619E-LeaderElection3] INFO  server.RaftServerConfigKeys (ConfUtils.java:logGet(44)) - raft.server.write.follower.gap.ratio.max = -1.0 (default)
2021-11-20 13:47:10,431 [om1@group-C5BA1605619E-LeaderElection3] INFO  impl.RoleInfo (RoleInfo.java:updateAndGet(130)) - om1: start om1@group-C5BA1605619E-LeaderStateImpl
2021-11-20 13:47:10,432 [om1@group-C5BA1605619E-LeaderElection3] INFO  segmented.SegmentedRaftLogWorker (SegmentedRaftLogWorker.java:startLogSegment(394)) - om1@group-C5BA1605619E-SegmentedRaftLogWorker: Starting segment from index:0
2021-11-20 13:47:10,437 [om1@group-C5BA1605619E-SegmentedRaftLogWorker] INFO  segmented.SegmentedRaftLogWorker (SegmentedRaftLogWorker.java:execute(601)) - om1@group-C5BA1605619E-SegmentedRaftLogWorker: created new log segment /home/runner/work/ozone/ozone/hadoop-ozone/integration-test/target/test-dir/MiniOzoneClusterImpl-af1e1b15-19ea-4ddd-8a7a-846906bb1efb/ozone-meta/ratis/bf265839-605b-3f16-9796-c5ba1605619e/current/log_inprogress_0
2021-11-20 13:47:10,440 [om1@group-C5BA1605619E-LeaderElection3] INFO  server.RaftServer$Division (ServerState.java:setRaftConf(387)) - om1@group-C5BA1605619E: set configuration 0: [om1|rpc:localhost:9872|admin:|client:|dataStream:|priority:0], old=null
2021-11-20 13:47:10,448 [om1@group-C5BA1605619E-StateMachineUpdater] INFO  ratis.OzoneManagerStateMachine (OzoneManagerStateMachine.java:notifyConfigurationChanged(188)) - Received Configuration change notification from Ratis. New Peer list:
[id: "om1"
address: "localhost:9872"
]
2021-11-20 13:47:11,154 [Listener at 127.0.0.1/41529] INFO  ozone.MiniOzoneClusterImpl (MiniOzoneClusterImpl.java:lambda$waitForClusterToBeReady$0(235)) - Waiting for nodes to be ready. Got 0 of 3 DN Heartbeats.
2021-11-20 13:47:11,154 [Listener at 127.0.0.1/41529] INFO  ozone.MiniOzoneClusterImpl (MiniOzoneClusterImpl.java:lambda$waitForClusterToBeReady$0(238)) - Waiting for cluster to exit safe mode
2021-11-20 13:47:11,154 [Listener at 127.0.0.1/41529] INFO  ozone.MiniOzoneClusterImpl (MiniOzoneClusterImpl.java:lambda$waitForClusterToBeReady$0(240)) - SCM became leader
2021-11-20 13:47:11,607 [EndpointStateMachine task thread for /0.0.0.0:44709 - 0 ] INFO  ozoneimpl.OzoneContainer (OzoneContainer.java:start(304)) - Attempting to start container services.
2021-11-20 13:47:11,607 [EndpointStateMachine task thread for /0.0.0.0:44709 - 0 ] INFO  ozoneimpl.OzoneContainer (OzoneContainer.java:startContainerScrub(249)) - Background container scanner has been disabled.
2021-11-20 13:47:11,608 [EndpointStateMachine task thread for /0.0.0.0:44709 - 0 ] INFO  replication.ReplicationServer (ReplicationServer.java:start(107)) - ReplicationServer is started using port 45765
2021-11-20 13:47:11,609 [EndpointStateMachine task thread for /0.0.0.0:44709 - 0 ] INFO  ratis.XceiverServerRatis (XceiverServerRatis.java:start(484)) - Starting XceiverServerRatis d4509efe-e4ea-4b42-80bc-7ebf58d9d6f5
2021-11-20 13:47:11,616 [EndpointStateMachine task thread for /0.0.0.0:44709 - 0 ] INFO  server.RaftServer (RaftServerProxy.java:lambda$start$5(374)) - d4509efe-e4ea-4b42-80bc-7ebf58d9d6f5: start RPC server
2021-11-20 13:47:11,620 [EndpointStateMachine task thread for /0.0.0.0:44709 - 0 ] INFO  server.GrpcService (GrpcService.java:startImpl(253)) - d4509efe-e4ea-4b42-80bc-7ebf58d9d6f5: GrpcService started, listening on 43693
2021-11-20 13:47:11,620 [EndpointStateMachine task thread for /0.0.0.0:44709 - 0 ] INFO  ratis.XceiverServerRatis (XceiverServerRatis.java:getRealPort(505)) - XceiverServerRatis d4509efe-e4ea-4b42-80bc-7ebf58d9d6f5 is started using port 43693 for RATIS
2021-11-20 13:47:11,620 [EndpointStateMachine task thread for /0.0.0.0:44709 - 0 ] INFO  ratis.XceiverServerRatis (XceiverServerRatis.java:getRealPort(505)) - XceiverServerRatis d4509efe-e4ea-4b42-80bc-7ebf58d9d6f5 is started using port 43693 for RATIS_ADMIN
2021-11-20 13:47:11,620 [EndpointStateMachine task thread for /0.0.0.0:44709 - 0 ] INFO  ratis.XceiverServerRatis (XceiverServerRatis.java:getRealPort(505)) - XceiverServerRatis d4509efe-e4ea-4b42-80bc-7ebf58d9d6f5 is started using port 43693 for RATIS_SERVER
2021-11-20 13:47:11,623 [org.apache.ratis.util.JvmPauseMonitor$$Lambda$531/316047972@502725b3] INFO  util.JvmPauseMonitor (JvmPauseMonitor.java:run(103)) - JvmPauseMonitor-d4509efe-e4ea-4b42-80bc-7ebf58d9d6f5: Started
2021-11-20 13:47:11,623 [EndpointStateMachine task thread for /0.0.0.0:44709 - 0 ] INFO  server.XceiverServerGrpc (XceiverServerGrpc.java:start(135)) - XceiverServerGrpc d4509efe-e4ea-4b42-80bc-7ebf58d9d6f5 is started using port 39081
2021-11-20 13:47:11,916 [EndpointStateMachine task thread for /0.0.0.0:44709 - 0 ] INFO  ozoneimpl.OzoneContainer (OzoneContainer.java:start(304)) - Attempting to start container services.
2021-11-20 13:47:11,917 [EndpointStateMachine task thread for /0.0.0.0:44709 - 0 ] INFO  ozoneimpl.OzoneContainer (OzoneContainer.java:startContainerScrub(249)) - Background container scanner has been disabled.
2021-11-20 13:47:11,919 [EndpointStateMachine task thread for /0.0.0.0:44709 - 0 ] INFO  replication.ReplicationServer (ReplicationServer.java:start(107)) - ReplicationServer is started using port 35085
2021-11-20 13:47:11,919 [EndpointStateMachine task thread for /0.0.0.0:44709 - 0 ] INFO  ratis.XceiverServerRatis (XceiverServerRatis.java:start(484)) - Starting XceiverServerRatis 1b072022-7d94-4c8c-bba3-c337de8b7083
2021-11-20 13:47:11,927 [EndpointStateMachine task thread for /0.0.0.0:44709 - 0 ] INFO  server.RaftServer (RaftServerProxy.java:lambda$start$5(374)) - 1b072022-7d94-4c8c-bba3-c337de8b7083: start RPC server
2021-11-20 13:47:11,932 [EndpointStateMachine task thread for /0.0.0.0:44709 - 0 ] INFO  server.GrpcService (GrpcService.java:startImpl(253)) - 1b072022-7d94-4c8c-bba3-c337de8b7083: GrpcService started, listening on 36175
2021-11-20 13:47:11,932 [EndpointStateMachine task thread for /0.0.0.0:44709 - 0 ] INFO  ratis.XceiverServerRatis (XceiverServerRatis.java:getRealPort(505)) - XceiverServerRatis 1b072022-7d94-4c8c-bba3-c337de8b7083 is started using port 36175 for RATIS
2021-11-20 13:47:11,933 [EndpointStateMachine task thread for /0.0.0.0:44709 - 0 ] INFO  ratis.XceiverServerRatis (XceiverServerRatis.java:getRealPort(505)) - XceiverServerRatis 1b072022-7d94-4c8c-bba3-c337de8b7083 is started using port 36175 for RATIS_ADMIN
2021-11-20 13:47:11,933 [EndpointStateMachine task thread for /0.0.0.0:44709 - 0 ] INFO  ratis.XceiverServerRatis (XceiverServerRatis.java:getRealPort(505)) - XceiverServerRatis 1b072022-7d94-4c8c-bba3-c337de8b7083 is started using port 36175 for RATIS_SERVER
2021-11-20 13:47:11,935 [EndpointStateMachine task thread for /0.0.0.0:44709 - 0 ] INFO  server.XceiverServerGrpc (XceiverServerGrpc.java:start(135)) - XceiverServerGrpc 1b072022-7d94-4c8c-bba3-c337de8b7083 is started using port 39283
2021-11-20 13:47:11,936 [org.apache.ratis.util.JvmPauseMonitor$$Lambda$531/316047972@219f98a5] INFO  util.JvmPauseMonitor (JvmPauseMonitor.java:run(103)) - JvmPauseMonitor-1b072022-7d94-4c8c-bba3-c337de8b7083: Started
2021-11-20 13:47:12,155 [Listener at 127.0.0.1/41529] INFO  ozone.MiniOzoneClusterImpl (MiniOzoneClusterImpl.java:lambda$waitForClusterToBeReady$0(235)) - Waiting for nodes to be ready. Got 0 of 3 DN Heartbeats.
2021-11-20 13:47:12,155 [Listener at 127.0.0.1/41529] INFO  ozone.MiniOzoneClusterImpl (MiniOzoneClusterImpl.java:lambda$waitForClusterToBeReady$0(238)) - Waiting for cluster to exit safe mode
2021-11-20 13:47:12,155 [Listener at 127.0.0.1/41529] INFO  ozone.MiniOzoneClusterImpl (MiniOzoneClusterImpl.java:lambda$waitForClusterToBeReady$0(240)) - SCM became leader
2021-11-20 13:47:12,194 [EndpointStateMachine task thread for /0.0.0.0:44709 - 0 ] INFO  ozoneimpl.OzoneContainer (OzoneContainer.java:start(304)) - Attempting to start container services.
2021-11-20 13:47:12,195 [EndpointStateMachine task thread for /0.0.0.0:44709 - 0 ] INFO  ozoneimpl.OzoneContainer (OzoneContainer.java:startContainerScrub(249)) - Background container scanner has been disabled.
2021-11-20 13:47:12,202 [EndpointStateMachine task thread for /0.0.0.0:44709 - 0 ] INFO  replication.ReplicationServer (ReplicationServer.java:start(107)) - ReplicationServer is started using port 43065
2021-11-20 13:47:12,208 [EndpointStateMachine task thread for /0.0.0.0:44709 - 0 ] INFO  ratis.XceiverServerRatis (XceiverServerRatis.java:start(484)) - Starting XceiverServerRatis 5bcee01b-9f3b-4422-a8ff-83b22c074be4
2021-11-20 13:47:12,215 [EndpointStateMachine task thread for /0.0.0.0:44709 - 0 ] INFO  server.RaftServer (RaftServerProxy.java:lambda$start$5(374)) - 5bcee01b-9f3b-4422-a8ff-83b22c074be4: start RPC server
2021-11-20 13:47:12,219 [EndpointStateMachine task thread for /0.0.0.0:44709 - 0 ] INFO  server.GrpcService (GrpcService.java:startImpl(253)) - 5bcee01b-9f3b-4422-a8ff-83b22c074be4: GrpcService started, listening on 38681
2021-11-20 13:47:12,219 [EndpointStateMachine task thread for /0.0.0.0:44709 - 0 ] INFO  ratis.XceiverServerRatis (XceiverServerRatis.java:getRealPort(505)) - XceiverServerRatis 5bcee01b-9f3b-4422-a8ff-83b22c074be4 is started using port 38681 for RATIS
2021-11-20 13:47:12,219 [EndpointStateMachine task thread for /0.0.0.0:44709 - 0 ] INFO  ratis.XceiverServerRatis (XceiverServerRatis.java:getRealPort(505)) - XceiverServerRatis 5bcee01b-9f3b-4422-a8ff-83b22c074be4 is started using port 38681 for RATIS_ADMIN
2021-11-20 13:47:12,220 [EndpointStateMachine task thread for /0.0.0.0:44709 - 0 ] INFO  ratis.XceiverServerRatis (XceiverServerRatis.java:getRealPort(505)) - XceiverServerRatis 5bcee01b-9f3b-4422-a8ff-83b22c074be4 is started using port 38681 for RATIS_SERVER
2021-11-20 13:47:12,221 [org.apache.ratis.util.JvmPauseMonitor$$Lambda$531/316047972@1f60f162] INFO  util.JvmPauseMonitor (JvmPauseMonitor.java:run(103)) - JvmPauseMonitor-5bcee01b-9f3b-4422-a8ff-83b22c074be4: Started
2021-11-20 13:47:12,221 [EndpointStateMachine task thread for /0.0.0.0:44709 - 0 ] INFO  server.XceiverServerGrpc (XceiverServerGrpc.java:start(135)) - XceiverServerGrpc 5bcee01b-9f3b-4422-a8ff-83b22c074be4 is started using port 35039
2021-11-20 13:47:13,155 [Listener at 127.0.0.1/41529] INFO  ozone.MiniOzoneClusterImpl (MiniOzoneClusterImpl.java:lambda$waitForClusterToBeReady$0(235)) - Waiting for nodes to be ready. Got 0 of 3 DN Heartbeats.
2021-11-20 13:47:13,156 [Listener at 127.0.0.1/41529] INFO  ozone.MiniOzoneClusterImpl (MiniOzoneClusterImpl.java:lambda$waitForClusterToBeReady$0(238)) - Waiting for cluster to exit safe mode
2021-11-20 13:47:13,156 [Listener at 127.0.0.1/41529] INFO  ozone.MiniOzoneClusterImpl (MiniOzoneClusterImpl.java:lambda$waitForClusterToBeReady$0(240)) - SCM became leader
2021-11-20 13:47:13,595 [IPC Server handler 1 on default port 44709] INFO  net.NetworkTopologyImpl (NetworkTopologyImpl.java:add(112)) - Added a new node: /default-rack/d4509efe-e4ea-4b42-80bc-7ebf58d9d6f5
2021-11-20 13:47:13,595 [IPC Server handler 1 on default port 44709] INFO  node.SCMNodeManager (SCMNodeManager.java:register(389)) - Registered Data node : d4509efe-e4ea-4b42-80bc-7ebf58d9d6f5{ip: 10.1.0.12, host: fv-az60-126.fehpiqwevasenfwouqxxvjaufd.cx.internal.cloudapp.net, ports: [REPLICATION=45765, RATIS=43693, RATIS_ADMIN=43693, RATIS_SERVER=43693, STANDALONE=39081], networkLocation: /default-rack, certSerialId: null, persistedOpState: null, persistedOpStateExpiryEpochSec: 0}
2021-11-20 13:47:13,598 [EventQueue-NodeRegistrationContainerReportForContainerSafeModeRule] INFO  safemode.SCMSafeModeManager (SCMSafeModeManager.java:validateSafeModeExitRules(204)) - ContainerSafeModeRule rule is successfully validated
2021-11-20 13:47:13,598 [EventQueue-NodeRegistrationContainerReportForDataNodeSafeModeRule] INFO  safemode.SCMSafeModeManager (DataNodeSafeModeRule.java:process(71)) - SCM in safe mode. 1 DataNodes registered, 3 required.
2021-11-20 13:47:13,602 [EventQueue-NewNodeForNewNodeHandler] INFO  pipeline.BackgroundPipelineCreator (BackgroundPipelineCreator.java:notifyEventTriggered(285)) - trigger a one-shot run on RatisPipelineUtilsThread.
2021-11-20 13:47:13,603 [RatisPipelineUtilsThread - 0] INFO  pipeline.RatisPipelineProvider (RatisPipelineProvider.java:lambda$create$0(183)) - Sending CreatePipelineCommand for pipeline:PipelineID=18f25a9f-43e6-48cd-bd12-ab9510350b92 to datanode:d4509efe-e4ea-4b42-80bc-7ebf58d9d6f5
2021-11-20 13:47:13,604 [RatisPipelineUtilsThread - 0] INFO  pipeline.PipelineStateManagerImpl (PipelineStateManagerImpl.java:addPipeline(101)) - Created pipeline Pipeline[ Id: 18f25a9f-43e6-48cd-bd12-ab9510350b92, Nodes: d4509efe-e4ea-4b42-80bc-7ebf58d9d6f5{ip: 10.1.0.12, host: fv-az60-126.fehpiqwevasenfwouqxxvjaufd.cx.internal.cloudapp.net, ports: [REPLICATION=45765, RATIS=43693, RATIS_ADMIN=43693, RATIS_SERVER=43693, STANDALONE=39081], networkLocation: /default-rack, certSerialId: null, persistedOpState: IN_SERVICE, persistedOpStateExpiryEpochSec: 0}, ReplicationConfig: RATIS/ONE, State:ALLOCATED, leaderId:, CreationTimestamp2021-11-20T13:47:13.603Z[Etc/UTC]].
2021-11-20 13:47:13,606 [EventQueue-PipelineReportForOneReplicaPipelineSafeModeRule] INFO  safemode.SCMSafeModeManager (SCMSafeModeManager.java:validateSafeModeExitRules(204)) - AtleastOneDatanodeReportedRule rule is successfully validated
2021-11-20 13:47:13,914 [IPC Server handler 2 on default port 44709] INFO  net.NetworkTopologyImpl (NetworkTopologyImpl.java:add(112)) - Added a new node: /default-rack/1b072022-7d94-4c8c-bba3-c337de8b7083
2021-11-20 13:47:13,915 [IPC Server handler 2 on default port 44709] INFO  node.SCMNodeManager (SCMNodeManager.java:register(389)) - Registered Data node : 1b072022-7d94-4c8c-bba3-c337de8b7083{ip: 10.1.0.12, host: fv-az60-126.fehpiqwevasenfwouqxxvjaufd.cx.internal.cloudapp.net, ports: [REPLICATION=35085, RATIS=36175, RATIS_ADMIN=36175, RATIS_SERVER=36175, STANDALONE=39283], networkLocation: /default-rack, certSerialId: null, persistedOpState: null, persistedOpStateExpiryEpochSec: 0}
2021-11-20 13:47:13,916 [EventQueue-NewNodeForNewNodeHandler] INFO  pipeline.BackgroundPipelineCreator (BackgroundPipelineCreator.java:notifyEventTriggered(285)) - trigger a one-shot run on RatisPipelineUtilsThread.
2021-11-20 13:47:13,918 [EventQueue-NodeRegistrationContainerReportForDataNodeSafeModeRule] INFO  safemode.SCMSafeModeManager (DataNodeSafeModeRule.java:process(71)) - SCM in safe mode. 2 DataNodes registered, 3 required.
2021-11-20 13:47:13,920 [RatisPipelineUtilsThread - 0] INFO  pipeline.RatisPipelineProvider (RatisPipelineProvider.java:lambda$create$0(183)) - Sending CreatePipelineCommand for pipeline:PipelineID=68e9da97-494a-4c99-a066-06329d1fa7a2 to datanode:1b072022-7d94-4c8c-bba3-c337de8b7083
2021-11-20 13:47:13,921 [RatisPipelineUtilsThread - 0] INFO  pipeline.PipelineStateManagerImpl (PipelineStateManagerImpl.java:addPipeline(101)) - Created pipeline Pipeline[ Id: 68e9da97-494a-4c99-a066-06329d1fa7a2, Nodes: 1b072022-7d94-4c8c-bba3-c337de8b7083{ip: 10.1.0.12, host: fv-az60-126.fehpiqwevasenfwouqxxvjaufd.cx.internal.cloudapp.net, ports: [REPLICATION=35085, RATIS=36175, RATIS_ADMIN=36175, RATIS_SERVER=36175, STANDALONE=39283], networkLocation: /default-rack, certSerialId: null, persistedOpState: IN_SERVICE, persistedOpStateExpiryEpochSec: 0}, ReplicationConfig: RATIS/ONE, State:ALLOCATED, leaderId:, CreationTimestamp2021-11-20T13:47:13.920Z[Etc/UTC]].
2021-11-20 13:47:14,156 [Listener at 127.0.0.1/41529] INFO  ozone.MiniOzoneClusterImpl (MiniOzoneClusterImpl.java:lambda$waitForClusterToBeReady$0(235)) - Waiting for nodes to be ready. Got 2 of 3 DN Heartbeats.
2021-11-20 13:47:14,156 [Listener at 127.0.0.1/41529] INFO  ozone.MiniOzoneClusterImpl (MiniOzoneClusterImpl.java:lambda$waitForClusterToBeReady$0(238)) - Waiting for cluster to exit safe mode
2021-11-20 13:47:14,156 [Listener at 127.0.0.1/41529] INFO  ozone.MiniOzoneClusterImpl (MiniOzoneClusterImpl.java:lambda$waitForClusterToBeReady$0(240)) - SCM became leader
2021-11-20 13:47:14,183 [IPC Server handler 0 on default port 44709] INFO  net.NetworkTopologyImpl (NetworkTopologyImpl.java:add(112)) - Added a new node: /default-rack/5bcee01b-9f3b-4422-a8ff-83b22c074be4
2021-11-20 13:47:14,184 [IPC Server handler 0 on default port 44709] INFO  node.SCMNodeManager (SCMNodeManager.java:register(389)) - Registered Data node : 5bcee01b-9f3b-4422-a8ff-83b22c074be4{ip: 10.1.0.12, host: fv-az60-126.fehpiqwevasenfwouqxxvjaufd.cx.internal.cloudapp.net, ports: [REPLICATION=43065, RATIS=38681, RATIS_ADMIN=38681, RATIS_SERVER=38681, STANDALONE=35039], networkLocation: /default-rack, certSerialId: null, persistedOpState: null, persistedOpStateExpiryEpochSec: 0}
2021-11-20 13:47:14,184 [EventQueue-NewNodeForNewNodeHandler] INFO  pipeline.BackgroundPipelineCreator (BackgroundPipelineCreator.java:notifyEventTriggered(285)) - trigger a one-shot run on RatisPipelineUtilsThread.
2021-11-20 13:47:14,186 [EventQueue-NodeRegistrationContainerReportForDataNodeSafeModeRule] INFO  safemode.SCMSafeModeManager (DataNodeSafeModeRule.java:process(71)) - SCM in safe mode. 3 DataNodes registered, 3 required.
2021-11-20 13:47:14,186 [EventQueue-NodeRegistrationContainerReportForDataNodeSafeModeRule] INFO  safemode.SCMSafeModeManager (SCMSafeModeManager.java:validateSafeModeExitRules(204)) - DataNodeSafeModeRule rule is successfully validated
2021-11-20 13:47:14,186 [EventQueue-NodeRegistrationContainerReportForDataNodeSafeModeRule] INFO  safemode.SCMSafeModeManager (SCMSafeModeManager.java:completePreCheck(233)) - All SCM safe mode pre check rules have passed
2021-11-20 13:47:14,186 [EventQueue-NodeRegistrationContainerReportForDataNodeSafeModeRule] WARN  events.EventQueue (EventQueue.java:fireEvent(194)) - No event handler registered for event TypedEvent{payloadType=SafeModeStatus, name='Safe mode status'}
2021-11-20 13:47:14,186 [EventQueue-NodeRegistrationContainerReportForDataNodeSafeModeRule] INFO  ha.SCMContext (SCMContext.java:updateSafeModeStatus(205)) - Update SafeModeStatus from SafeModeStatus{safeModeStatus=true, preCheckPassed=false} to SafeModeStatus{safeModeStatus=true, preCheckPassed=true}.
2021-11-20 13:47:14,186 [EventQueue-NodeRegistrationContainerReportForDataNodeSafeModeRule] INFO  pipeline.BackgroundPipelineCreator (BackgroundPipelineCreator.java:notifyEventTriggered(285)) - trigger a one-shot run on RatisPipelineUtilsThread.
2021-11-20 13:47:14,187 [RatisPipelineUtilsThread - 0] INFO  pipeline.RatisPipelineProvider (RatisPipelineProvider.java:lambda$create$0(183)) - Sending CreatePipelineCommand for pipeline:PipelineID=13733fd2-537e-4cc9-9198-f4c9fa4f21f4 to datanode:5bcee01b-9f3b-4422-a8ff-83b22c074be4
2021-11-20 13:47:14,187 [RatisPipelineUtilsThread - 0] INFO  pipeline.PipelineStateManagerImpl (PipelineStateManagerImpl.java:addPipeline(101)) - Created pipeline Pipeline[ Id: 13733fd2-537e-4cc9-9198-f4c9fa4f21f4, Nodes: 5bcee01b-9f3b-4422-a8ff-83b22c074be4{ip: 10.1.0.12, host: fv-az60-126.fehpiqwevasenfwouqxxvjaufd.cx.internal.cloudapp.net, ports: [REPLICATION=43065, RATIS=38681, RATIS_ADMIN=38681, RATIS_SERVER=38681, STANDALONE=35039], networkLocation: /default-rack, certSerialId: null, persistedOpState: IN_SERVICE, persistedOpStateExpiryEpochSec: 0}, ReplicationConfig: RATIS/ONE, State:ALLOCATED, leaderId:, CreationTimestamp2021-11-20T13:47:14.187Z[Etc/UTC]].
2021-11-20 13:47:14,190 [RatisPipelineUtilsThread - 0] INFO  pipeline.RatisPipelineProvider (RatisPipelineProvider.java:lambda$create$0(183)) - Sending CreatePipelineCommand for pipeline:PipelineID=f958395c-d16f-493f-a3d9-c1152556d82b to datanode:d4509efe-e4ea-4b42-80bc-7ebf58d9d6f5
2021-11-20 13:47:14,198 [RatisPipelineUtilsThread - 0] INFO  pipeline.RatisPipelineProvider (RatisPipelineProvider.java:lambda$create$0(183)) - Sending CreatePipelineCommand for pipeline:PipelineID=f958395c-d16f-493f-a3d9-c1152556d82b to datanode:5bcee01b-9f3b-4422-a8ff-83b22c074be4
2021-11-20 13:47:14,198 [RatisPipelineUtilsThread - 0] INFO  pipeline.RatisPipelineProvider (RatisPipelineProvider.java:lambda$create$0(183)) - Sending CreatePipelineCommand for pipeline:PipelineID=f958395c-d16f-493f-a3d9-c1152556d82b to datanode:1b072022-7d94-4c8c-bba3-c337de8b7083
2021-11-20 13:47:14,200 [RatisPipelineUtilsThread - 0] INFO  pipeline.PipelineStateManagerImpl (PipelineStateManagerImpl.java:addPipeline(101)) - Created pipeline Pipeline[ Id: f958395c-d16f-493f-a3d9-c1152556d82b, Nodes: d4509efe-e4ea-4b42-80bc-7ebf58d9d6f5{ip: 10.1.0.12, host: fv-az60-126.fehpiqwevasenfwouqxxvjaufd.cx.internal.cloudapp.net, ports: [REPLICATION=45765, RATIS=43693, RATIS_ADMIN=43693, RATIS_SERVER=43693, STANDALONE=39081], networkLocation: /default-rack, certSerialId: null, persistedOpState: IN_SERVICE, persistedOpStateExpiryEpochSec: 0}5bcee01b-9f3b-4422-a8ff-83b22c074be4{ip: 10.1.0.12, host: fv-az60-126.fehpiqwevasenfwouqxxvjaufd.cx.internal.cloudapp.net, ports: [REPLICATION=43065, RATIS=38681, RATIS_ADMIN=38681, RATIS_SERVER=38681, STANDALONE=35039], networkLocation: /default-rack, certSerialId: null, persistedOpState: IN_SERVICE, persistedOpStateExpiryEpochSec: 0}1b072022-7d94-4c8c-bba3-c337de8b7083{ip: 10.1.0.12, host: fv-az60-126.fehpiqwevasenfwouqxxvjaufd.cx.internal.cloudapp.net, ports: [REPLICATION=35085, RATIS=36175, RATIS_ADMIN=36175, RATIS_SERVER=36175, STANDALONE=39283], networkLocation: /default-rack, certSerialId: null, persistedOpState: IN_SERVICE, persistedOpStateExpiryEpochSec: 0}, ReplicationConfig: RATIS/THREE, State:ALLOCATED, leaderId:, CreationTimestamp2021-11-20T13:47:14.190Z[Etc/UTC]].
2021-11-20 13:47:15,157 [Listener at 127.0.0.1/41529] INFO  ozone.MiniOzoneClusterImpl (MiniOzoneClusterImpl.java:lambda$waitForClusterToBeReady$0(235)) - Nodes are ready. Got 3 of 3 DN Heartbeats.
2021-11-20 13:47:15,158 [Listener at 127.0.0.1/41529] INFO  ozone.MiniOzoneClusterImpl (MiniOzoneClusterImpl.java:lambda$waitForClusterToBeReady$0(238)) - Waiting for cluster to exit safe mode
2021-11-20 13:47:15,158 [Listener at 127.0.0.1/41529] INFO  ozone.MiniOzoneClusterImpl (MiniOzoneClusterImpl.java:lambda$waitForClusterToBeReady$0(240)) - SCM became leader
2021-11-20 13:47:16,158 [Listener at 127.0.0.1/41529] INFO  ozone.MiniOzoneClusterImpl (MiniOzoneClusterImpl.java:lambda$waitForClusterToBeReady$0(235)) - Nodes are ready. Got 3 of 3 DN Heartbeats.
2021-11-20 13:47:16,158 [Listener at 127.0.0.1/41529] INFO  ozone.MiniOzoneClusterImpl (MiniOzoneClusterImpl.java:lambda$waitForClusterToBeReady$0(238)) - Waiting for cluster to exit safe mode
2021-11-20 13:47:16,158 [Listener at 127.0.0.1/41529] INFO  ozone.MiniOzoneClusterImpl (MiniOzoneClusterImpl.java:lambda$waitForClusterToBeReady$0(240)) - SCM became leader
2021-11-20 13:47:16,592 [Command processor thread] INFO  server.RaftServer (RaftServerProxy.java:addNew(95)) - d4509efe-e4ea-4b42-80bc-7ebf58d9d6f5: addNew group-AB9510350B92:[d4509efe-e4ea-4b42-80bc-7ebf58d9d6f5|rpc:10.1.0.12:43693|priority:1] returns group-AB9510350B92:java.util.concurrent.CompletableFuture@74418d72[Not completed]
2021-11-20 13:47:16,601 [pool-123-thread-1] INFO  server.RaftServer$Division (RaftServerImpl.java:<init>(184)) - d4509efe-e4ea-4b42-80bc-7ebf58d9d6f5: new RaftServerImpl for group-AB9510350B92:[d4509efe-e4ea-4b42-80bc-7ebf58d9d6f5|rpc:10.1.0.12:43693|priority:1] with ContainerStateMachine:uninitialized
2021-11-20 13:47:16,602 [pool-123-thread-1] INFO  server.RaftServerConfigKeys (ConfUtils.java:logGet(44)) - raft.server.rpc.timeout.min = 5s (custom)
2021-11-20 13:47:16,602 [pool-123-thread-1] INFO  server.RaftServerConfigKeys (ConfUtils.java:logGet(44)) - raft.server.rpc.timeout.max = 5200ms (custom)
2021-11-20 13:47:16,602 [pool-123-thread-1] INFO  server.RaftServerConfigKeys (ConfUtils.java:logGet(44)) - raft.server.rpc.sleep.time = 25ms (default)
2021-11-20 13:47:16,602 [pool-123-thread-1] INFO  server.RaftServerConfigKeys (ConfUtils.java:logGet(44)) - raft.server.rpc.slowness.timeout = 300s (custom)
2021-11-20 13:47:16,602 [pool-123-thread-1] INFO  server.RaftServerConfigKeys (ConfUtils.java:logGet(44)) - raft.server.leaderelection.leader.step-down.wait-time = 10s (default)
2021-11-20 13:47:16,602 [pool-123-thread-1] INFO  server.RaftServerConfigKeys (ConfUtils.java:logGet(44)) - raft.server.sleep.deviation.threshold = 300ms (default)
2021-11-20 13:47:16,602 [pool-123-thread-1] INFO  server.RaftServerConfigKeys (ConfUtils.java:logGet(44)) - raft.server.log.appender.install.snapshot.enabled = false (custom)
2021-11-20 13:47:16,602 [pool-123-thread-1] INFO  server.RaftServer$Division (ServerState.java:<init>(105)) - d4509efe-e4ea-4b42-80bc-7ebf58d9d6f5@group-AB9510350B92: ConfigurationManager, init=-1: [d4509efe-e4ea-4b42-80bc-7ebf58d9d6f5|rpc:10.1.0.12:43693|priority:1], old=null, confs=<EMPTY_MAP>
2021-11-20 13:47:16,602 [pool-123-thread-1] INFO  server.RaftServerConfigKeys (ConfUtils.java:logGet(44)) - raft.server.storage.dir = [/home/runner/work/ozone/ozone/hadoop-ozone/integration-test/target/test-dir/MiniOzoneClusterImpl-af1e1b15-19ea-4ddd-8a7a-846906bb1efb/datanode-0/data/ratis] (custom)
2021-11-20 13:47:16,603 [pool-123-thread-1] INFO  server.RaftServerConfigKeys (ConfUtils.java:logGet(44)) - raft.server.log.corruption.policy = EXCEPTION (default)
2021-11-20 13:47:16,603 [pool-123-thread-1] INFO  server.RaftServerConfigKeys (ConfUtils.java:logGet(44)) - raft.server.storage.free-space.min = 0MB (=0) (default)
2021-11-20 13:47:16,603 [pool-123-thread-1] INFO  storage.RaftStorageDirectory (RaftStorageDirectoryImpl.java:analyzeStorage(135)) - The storage directory /home/runner/work/ozone/ozone/hadoop-ozone/integration-test/target/test-dir/MiniOzoneClusterImpl-af1e1b15-19ea-4ddd-8a7a-846906bb1efb/datanode-0/data/ratis/18f25a9f-43e6-48cd-bd12-ab9510350b92 does not exist. Creating ...
2021-11-20 13:47:16,604 [pool-123-thread-1] INFO  storage.RaftStorageDirectory (RaftStorageDirectoryImpl.java:tryLock(230)) - Lock on /home/runner/work/ozone/ozone/hadoop-ozone/integration-test/target/test-dir/MiniOzoneClusterImpl-af1e1b15-19ea-4ddd-8a7a-846906bb1efb/datanode-0/data/ratis/18f25a9f-43e6-48cd-bd12-ab9510350b92/in_use.lock acquired by nodename 13463@fv-az60-126
2021-11-20 13:47:16,605 [pool-123-thread-1] INFO  storage.RaftStorage (RaftStorageImpl.java:format(89)) - Storage directory /home/runner/work/ozone/ozone/hadoop-ozone/integration-test/target/test-dir/MiniOzoneClusterImpl-af1e1b15-19ea-4ddd-8a7a-846906bb1efb/datanode-0/data/ratis/18f25a9f-43e6-48cd-bd12-ab9510350b92 has been successfully formatted.
2021-11-20 13:47:16,606 [pool-123-thread-1] INFO  ratis.ContainerStateMachine (ContainerStateMachine.java:loadSnapshot(224)) - group-AB9510350B92: The snapshot info is null. Setting the last applied indexto:(t:0, i:~)
2021-11-20 13:47:16,612 [EventQueue-PipelineReportForPipelineReportHandler] INFO  pipeline.PipelineManagerImpl (PipelineManagerImpl.java:openPipeline(289)) - Pipeline Pipeline[ Id: 18f25a9f-43e6-48cd-bd12-ab9510350b92, Nodes: d4509efe-e4ea-4b42-80bc-7ebf58d9d6f5{ip: 10.1.0.12, host: fv-az60-126.fehpiqwevasenfwouqxxvjaufd.cx.internal.cloudapp.net, ports: [REPLICATION=45765, RATIS=43693, RATIS_ADMIN=43693, RATIS_SERVER=43693, STANDALONE=39081], networkLocation: /default-rack, certSerialId: null, persistedOpState: IN_SERVICE, persistedOpStateExpiryEpochSec: 0}, ReplicationConfig: RATIS/ONE, State:ALLOCATED, leaderId:d4509efe-e4ea-4b42-80bc-7ebf58d9d6f5, CreationTimestamp2021-11-20T13:47:13.603Z[Etc/UTC]] moved to OPEN state
2021-11-20 13:47:16,617 [pool-123-thread-1] INFO  server.RaftServerConfigKeys (ConfUtils.java:logGet(44)) - raft.server.notification.no-leader.timeout = 300s (custom)
2021-11-20 13:47:16,617 [pool-123-thread-1] INFO  server.RaftServerConfigKeys (ConfUtils.java:logGet(44)) - raft.server.log.use.memory = false (default)
2021-11-20 13:47:16,617 [pool-123-thread-1] INFO  server.RaftServerConfigKeys (ConfUtils.java:logGet(44)) - raft.server.log.purge.gap = 1000000 (custom)
2021-11-20 13:47:16,617 [pool-123-thread-1] INFO  server.RaftServerConfigKeys (ConfUtils.java:logGet(44)) - raft.server.log.appender.buffer.byte-limit = 33554432 (custom)
2021-11-20 13:47:16,618 [pool-123-thread-1] INFO  server.RaftServerConfigKeys (ConfUtils.java:logGet(44)) - raft.server.log.segment.size.max = 1048576 (custom)
2021-11-20 13:47:16,618 [pool-123-thread-1] INFO  server.RaftServerConfigKeys (ConfUtils.java:logGet(44)) - raft.server.log.segment.cache.num.max = 2 (custom)
2021-11-20 13:47:16,618 [pool-123-thread-1] INFO  server.RaftServerConfigKeys (ConfUtils.java:logGet(44)) - raft.server.log.segment.cache.size.max = 200MB (=209715200) (default)
2021-11-20 13:47:16,618 [pool-123-thread-1] INFO  segmented.SegmentedRaftLogWorker (SegmentedRaftLogWorker.java:<init>(182)) - new d4509efe-e4ea-4b42-80bc-7ebf58d9d6f5@group-AB9510350B92-SegmentedRaftLogWorker for RaftStorageImpl:Storage Directory /home/runner/work/ozone/ozone/hadoop-ozone/integration-test/target/test-dir/MiniOzoneClusterImpl-af1e1b15-19ea-4ddd-8a7a-846906bb1efb/datanode-0/data/ratis/18f25a9f-43e6-48cd-bd12-ab9510350b92
2021-11-20 13:47:16,618 [pool-123-thread-1] INFO  server.RaftServerConfigKeys (ConfUtils.java:logGet(44)) - raft.server.log.queue.byte-limit = 2147483647 (custom)
2021-11-20 13:47:16,618 [pool-123-thread-1] INFO  server.RaftServerConfigKeys (ConfUtils.java:logGet(44)) - raft.server.log.queue.element-limit = 1024 (custom)
2021-11-20 13:47:16,618 [pool-123-thread-1] INFO  server.RaftServerConfigKeys (ConfUtils.java:logGet(44)) - raft.server.log.segment.size.max = 1048576 (custom)
2021-11-20 13:47:16,619 [pool-123-thread-1] INFO  server.RaftServerConfigKeys (ConfUtils.java:logGet(44)) - raft.server.log.preallocated.size = 16384 (custom)
2021-11-20 13:47:16,619 [pool-123-thread-1] INFO  server.RaftServerConfigKeys (ConfUtils.java:logGet(44)) - raft.server.log.force.sync.num = 128 (default)
2021-11-20 13:47:16,619 [pool-123-thread-1] INFO  server.RaftServerConfigKeys (ConfUtils.java:logGet(44)) - raft.server.log.statemachine.data.sync = true (default)
2021-11-20 13:47:16,619 [pool-123-thread-1] INFO  server.RaftServerConfigKeys (ConfUtils.java:logGet(44)) - raft.server.log.statemachine.data.sync.timeout = 10s (default)
2021-11-20 13:47:16,619 [pool-123-thread-1] INFO  server.RaftServerConfigKeys (ConfUtils.java:logGet(44)) - raft.server.log.statemachine.data.sync.timeout.retry = -1 (default)
2021-11-20 13:47:16,621 [pool-123-thread-1] INFO  server.RaftServerConfigKeys (ConfUtils.java:logGet(44)) - raft.server.log.write.buffer.size = 1048576 (custom)
2021-11-20 13:47:16,621 [pool-123-thread-1] INFO  server.RaftServerConfigKeys (ConfUtils.java:logGet(44)) - raft.server.log.statemachine.data.caching.enabled = true (custom)
2021-11-20 13:47:16,622 [pool-123-thread-1] INFO  segmented.SegmentedRaftLogWorker (SegmentedRaftLogWorker.java:lambda$new$0(133)) - d4509efe-e4ea-4b42-80bc-7ebf58d9d6f5@group-AB9510350B92-SegmentedRaftLogWorker: flushIndex: setUnconditionally 0 -> -1
2021-11-20 13:47:16,622 [pool-123-thread-1] INFO  segmented.SegmentedRaftLogWorker (SegmentedRaftLogWorker.java:lambda$new$0(133)) - d4509efe-e4ea-4b42-80bc-7ebf58d9d6f5@group-AB9510350B92-SegmentedRaftLogWorker: safeCacheEvictIndex: setUnconditionally 0 -> -1
2021-11-20 13:47:16,622 [EventQueue-OpenPipelineForHealthyPipelineSafeModeRule] INFO  safemode.SCMSafeModeManager (HealthyPipelineSafeModeRule.java:process(124)) - SCM in safe mode. Healthy pipelines reported count is 0, required healthy pipeline reported count is 1
2021-11-20 13:47:16,633 [pool-123-thread-1] INFO  server.RaftServerConfigKeys (ConfUtils.java:logGet(44)) - raft.server.snapshot.auto.trigger.enabled = true (custom)
2021-11-20 13:47:16,635 [pool-123-thread-1] INFO  server.RaftServerConfigKeys (ConfUtils.java:logGet(44)) - raft.server.snapshot.auto.trigger.threshold = 10000 (custom)
2021-11-20 13:47:16,635 [pool-123-thread-1] INFO  server.RaftServerConfigKeys (ConfUtils.java:logGet(44)) - raft.server.snapshot.retention.file.num = 5 (custom)
2021-11-20 13:47:16,635 [pool-123-thread-1] INFO  server.RaftServerConfigKeys (ConfUtils.java:logGet(44)) - raft.server.log.purge.upto.snapshot.index = false (default)
2021-11-20 13:47:16,635 [pool-123-thread-1] INFO  server.RaftServerConfigKeys (ConfUtils.java:logGet(44)) - raft.server.retrycache.expirytime = 600000ms (custom)
2021-11-20 13:47:16,635 [pool-123-thread-1] INFO  server.RaftServerConfigKeys (ConfUtils.java:logGet(44)) - raft.server.retrycache.statistics.expirytime = 100μs (default)
2021-11-20 13:47:16,636 [pool-123-thread-1] INFO  server.RaftServer$Division (RaftServerImpl.java:start(301)) - d4509efe-e4ea-4b42-80bc-7ebf58d9d6f5@group-AB9510350B92: start as a follower, conf=-1: [d4509efe-e4ea-4b42-80bc-7ebf58d9d6f5|rpc:10.1.0.12:43693|priority:1], old=null
2021-11-20 13:47:16,637 [pool-123-thread-1] INFO  server.RaftServer$Division (RaftServerImpl.java:setRole(290)) - d4509efe-e4ea-4b42-80bc-7ebf58d9d6f5@group-AB9510350B92: changes role from      null to FOLLOWER at term 0 for startAsFollower
2021-11-20 13:47:16,637 [pool-123-thread-1] INFO  impl.RoleInfo (RoleInfo.java:updateAndGet(130)) - d4509efe-e4ea-4b42-80bc-7ebf58d9d6f5: start d4509efe-e4ea-4b42-80bc-7ebf58d9d6f5@group-AB9510350B92-FollowerState
2021-11-20 13:47:16,642 [pool-123-thread-1] INFO  util.JmxRegister (JmxRegister.java:tryRegister(44)) - Successfully registered JMX Bean with object name Ratis:service=RaftServer,group=group-AB9510350B92,id=d4509efe-e4ea-4b42-80bc-7ebf58d9d6f5
2021-11-20 13:47:16,650 [Command processor thread] INFO  ratis.XceiverServerRatis (XceiverServerRatis.java:addGroup(768)) - Created group PipelineID=18f25a9f-43e6-48cd-bd12-ab9510350b92
2021-11-20 13:47:16,650 [Command processor thread] INFO  commandhandler.CreatePipelineCommandHandler (CreatePipelineCommandHandler.java:handle(106)) - Created Pipeline RATIS ONE PipelineID=18f25a9f-43e6-48cd-bd12-ab9510350b92.
2021-11-20 13:47:16,651 [Command processor thread] INFO  server.RaftServer (RaftServerProxy.java:addNew(95)) - d4509efe-e4ea-4b42-80bc-7ebf58d9d6f5: addNew group-C1152556D82B:[5bcee01b-9f3b-4422-a8ff-83b22c074be4|rpc:10.1.0.12:38681|priority:0, 1b072022-7d94-4c8c-bba3-c337de8b7083|rpc:10.1.0.12:36175|priority:1, d4509efe-e4ea-4b42-80bc-7ebf58d9d6f5|rpc:10.1.0.12:43693|priority:0] returns group-C1152556D82B:java.util.concurrent.CompletableFuture@707e1722[Not completed]
2021-11-20 13:47:16,652 [pool-123-thread-1] INFO  server.RaftServer$Division (RaftServerImpl.java:<init>(184)) - d4509efe-e4ea-4b42-80bc-7ebf58d9d6f5: new RaftServerImpl for group-C1152556D82B:[5bcee01b-9f3b-4422-a8ff-83b22c074be4|rpc:10.1.0.12:38681|priority:0, 1b072022-7d94-4c8c-bba3-c337de8b7083|rpc:10.1.0.12:36175|priority:1, d4509efe-e4ea-4b42-80bc-7ebf58d9d6f5|rpc:10.1.0.12:43693|priority:0] with ContainerStateMachine:uninitialized
2021-11-20 13:47:16,652 [pool-123-thread-1] INFO  server.RaftServerConfigKeys (ConfUtils.java:logGet(44)) - raft.server.rpc.timeout.min = 5s (custom)
2021-11-20 13:47:16,652 [pool-123-thread-1] INFO  server.RaftServerConfigKeys (ConfUtils.java:logGet(44)) - raft.server.rpc.timeout.max = 5200ms (custom)
2021-11-20 13:47:16,652 [pool-123-thread-1] INFO  server.RaftServerConfigKeys (ConfUtils.java:logGet(44)) - raft.server.rpc.sleep.time = 25ms (default)
2021-11-20 13:47:16,652 [pool-123-thread-1] INFO  server.RaftServerConfigKeys (ConfUtils.java:logGet(44)) - raft.server.rpc.slowness.timeout = 300s (custom)
2021-11-20 13:47:16,652 [pool-123-thread-1] INFO  server.RaftServerConfigKeys (ConfUtils.java:logGet(44)) - raft.server.leaderelection.leader.step-down.wait-time = 10s (default)
2021-11-20 13:47:16,652 [pool-123-thread-1] INFO  server.RaftServerConfigKeys (ConfUtils.java:logGet(44)) - raft.server.sleep.deviation.threshold = 300ms (default)
2021-11-20 13:47:16,652 [pool-123-thread-1] INFO  server.RaftServerConfigKeys (ConfUtils.java:logGet(44)) - raft.server.log.appender.install.snapshot.enabled = false (custom)
2021-11-20 13:47:16,652 [pool-123-thread-1] INFO  server.RaftServer$Division (ServerState.java:<init>(105)) - d4509efe-e4ea-4b42-80bc-7ebf58d9d6f5@group-C1152556D82B: ConfigurationManager, init=-1: [5bcee01b-9f3b-4422-a8ff-83b22c074be4|rpc:10.1.0.12:38681|priority:0, 1b072022-7d94-4c8c-bba3-c337de8b7083|rpc:10.1.0.12:36175|priority:1, d4509efe-e4ea-4b42-80bc-7ebf58d9d6f5|rpc:10.1.0.12:43693|priority:0], old=null, confs=<EMPTY_MAP>
2021-11-20 13:47:16,652 [pool-123-thread-1] INFO  server.RaftServerConfigKeys (ConfUtils.java:logGet(44)) - raft.server.storage.dir = [/home/runner/work/ozone/ozone/hadoop-ozone/integration-test/target/test-dir/MiniOzoneClusterImpl-af1e1b15-19ea-4ddd-8a7a-846906bb1efb/datanode-0/data/ratis] (custom)
2021-11-20 13:47:16,652 [pool-123-thread-1] INFO  server.RaftServerConfigKeys (ConfUtils.java:logGet(44)) - raft.server.log.corruption.policy = EXCEPTION (default)
2021-11-20 13:47:16,653 [pool-123-thread-1] INFO  server.RaftServerConfigKeys (ConfUtils.java:logGet(44)) - raft.server.storage.free-space.min = 0MB (=0) (default)
2021-11-20 13:47:16,653 [pool-123-thread-1] INFO  storage.RaftStorageDirectory (RaftStorageDirectoryImpl.java:analyzeStorage(135)) - The storage directory /home/runner/work/ozone/ozone/hadoop-ozone/integration-test/target/test-dir/MiniOzoneClusterImpl-af1e1b15-19ea-4ddd-8a7a-846906bb1efb/datanode-0/data/ratis/f958395c-d16f-493f-a3d9-c1152556d82b does not exist. Creating ...
2021-11-20 13:47:16,653 [pool-123-thread-1] INFO  storage.RaftStorageDirectory (RaftStorageDirectoryImpl.java:tryLock(230)) - Lock on /home/runner/work/ozone/ozone/hadoop-ozone/integration-test/target/test-dir/MiniOzoneClusterImpl-af1e1b15-19ea-4ddd-8a7a-846906bb1efb/datanode-0/data/ratis/f958395c-d16f-493f-a3d9-c1152556d82b/in_use.lock acquired by nodename 13463@fv-az60-126
2021-11-20 13:47:16,654 [pool-123-thread-1] INFO  storage.RaftStorage (RaftStorageImpl.java:format(89)) - Storage directory /home/runner/work/ozone/ozone/hadoop-ozone/integration-test/target/test-dir/MiniOzoneClusterImpl-af1e1b15-19ea-4ddd-8a7a-846906bb1efb/datanode-0/data/ratis/f958395c-d16f-493f-a3d9-c1152556d82b has been successfully formatted.
2021-11-20 13:47:16,655 [pool-123-thread-1] INFO  ratis.ContainerStateMachine (ContainerStateMachine.java:loadSnapshot(224)) - group-C1152556D82B: The snapshot info is null. Setting the last applied indexto:(t:0, i:~)
2021-11-20 13:47:16,655 [pool-123-thread-1] INFO  server.RaftServerConfigKeys (ConfUtils.java:logGet(44)) - raft.server.notification.no-leader.timeout = 300s (custom)
2021-11-20 13:47:16,655 [pool-123-thread-1] INFO  server.RaftServerConfigKeys (ConfUtils.java:logGet(44)) - raft.server.log.use.memory = false (default)
2021-11-20 13:47:16,655 [pool-123-thread-1] INFO  server.RaftServerConfigKeys (ConfUtils.java:logGet(44)) - raft.server.log.purge.gap = 1000000 (custom)
2021-11-20 13:47:16,655 [pool-123-thread-1] INFO  server.RaftServerConfigKeys (ConfUtils.java:logGet(44)) - raft.server.log.appender.buffer.byte-limit = 33554432 (custom)
2021-11-20 13:47:16,655 [pool-123-thread-1] INFO  server.RaftServerConfigKeys (ConfUtils.java:logGet(44)) - raft.server.log.segment.size.max = 1048576 (custom)
2021-11-20 13:47:16,656 [pool-123-thread-1] INFO  server.RaftServerConfigKeys (ConfUtils.java:logGet(44)) - raft.server.log.segment.cache.num.max = 2 (custom)
2021-11-20 13:47:16,656 [pool-123-thread-1] INFO  server.RaftServerConfigKeys (ConfUtils.java:logGet(44)) - raft.server.log.segment.cache.size.max = 200MB (=209715200) (default)
2021-11-20 13:47:16,656 [pool-123-thread-1] INFO  segmented.SegmentedRaftLogWorker (SegmentedRaftLogWorker.java:<init>(182)) - new d4509efe-e4ea-4b42-80bc-7ebf58d9d6f5@group-C1152556D82B-SegmentedRaftLogWorker for RaftStorageImpl:Storage Directory /home/runner/work/ozone/ozone/hadoop-ozone/integration-test/target/test-dir/MiniOzoneClusterImpl-af1e1b15-19ea-4ddd-8a7a-846906bb1efb/datanode-0/data/ratis/f958395c-d16f-493f-a3d9-c1152556d82b
2021-11-20 13:47:16,656 [pool-123-thread-1] INFO  server.RaftServerConfigKeys (ConfUtils.java:logGet(44)) - raft.server.log.queue.byte-limit = 2147483647 (custom)
2021-11-20 13:47:16,656 [pool-123-thread-1] INFO  server.RaftServerConfigKeys (ConfUtils.java:logGet(44)) - raft.server.log.queue.element-limit = 1024 (custom)
2021-11-20 13:47:16,656 [pool-123-thread-1] INFO  server.RaftServerConfigKeys (ConfUtils.java:logGet(44)) - raft.server.log.segment.size.max = 1048576 (custom)
2021-11-20 13:47:16,656 [pool-123-thread-1] INFO  server.RaftServerConfigKeys (ConfUtils.java:logGet(44)) - raft.server.log.preallocated.size = 16384 (custom)
2021-11-20 13:47:16,656 [pool-123-thread-1] INFO  server.RaftServerConfigKeys (ConfUtils.java:logGet(44)) - raft.server.log.force.sync.num = 128 (default)
2021-11-20 13:47:16,656 [pool-123-thread-1] INFO  server.RaftServerConfigKeys (ConfUtils.java:logGet(44)) - raft.server.log.statemachine.data.sync = true (default)
2021-11-20 13:47:16,656 [pool-123-thread-1] INFO  server.RaftServerConfigKeys (ConfUtils.java:logGet(44)) - raft.server.log.statemachine.data.sync.timeout = 10s (default)
2021-11-20 13:47:16,656 [pool-123-thread-1] INFO  server.RaftServerConfigKeys (ConfUtils.java:logGet(44)) - raft.server.log.statemachine.data.sync.timeout.retry = -1 (default)
2021-11-20 13:47:16,659 [EventQueue-OpenPipelineForHealthyPipelineSafeModeRule] INFO  safemode.SCMSafeModeManager (HealthyPipelineSafeModeRule.java:process(124)) - SCM in safe mode. Healthy pipelines reported count is 0, required healthy pipeline reported count is 1
2021-11-20 13:47:16,660 [pool-123-thread-1] INFO  server.RaftServerConfigKeys (ConfUtils.java:logGet(44)) - raft.server.log.write.buffer.size = 1048576 (custom)
2021-11-20 13:47:16,661 [pool-123-thread-1] INFO  server.RaftServerConfigKeys (ConfUtils.java:logGet(44)) - raft.server.log.statemachine.data.caching.enabled = true (custom)
2021-11-20 13:47:16,661 [pool-123-thread-1] INFO  segmented.SegmentedRaftLogWorker (SegmentedRaftLogWorker.java:lambda$new$0(133)) - d4509efe-e4ea-4b42-80bc-7ebf58d9d6f5@group-C1152556D82B-SegmentedRaftLogWorker: flushIndex: setUnconditionally 0 -> -1
2021-11-20 13:47:16,661 [pool-123-thread-1] INFO  segmented.SegmentedRaftLogWorker (SegmentedRaftLogWorker.java:lambda$new$0(133)) - d4509efe-e4ea-4b42-80bc-7ebf58d9d6f5@group-C1152556D82B-SegmentedRaftLogWorker: safeCacheEvictIndex: setUnconditionally 0 -> -1
2021-11-20 13:47:16,670 [pool-123-thread-1] INFO  server.RaftServerConfigKeys (ConfUtils.java:logGet(44)) - raft.server.snapshot.auto.trigger.enabled = true (custom)
2021-11-20 13:47:16,670 [pool-123-thread-1] INFO  server.RaftServerConfigKeys (ConfUtils.java:logGet(44)) - raft.server.snapshot.auto.trigger.threshold = 10000 (custom)
2021-11-20 13:47:16,670 [pool-123-thread-1] INFO  server.RaftServerConfigKeys (ConfUtils.java:logGet(44)) - raft.server.snapshot.retention.file.num = 5 (custom)
2021-11-20 13:47:16,670 [pool-123-thread-1] INFO  server.RaftServerConfigKeys (ConfUtils.java:logGet(44)) - raft.server.log.purge.upto.snapshot.index = false (default)
2021-11-20 13:47:16,670 [pool-123-thread-1] INFO  server.RaftServerConfigKeys (ConfUtils.java:logGet(44)) - raft.server.retrycache.expirytime = 600000ms (custom)
2021-11-20 13:47:16,670 [pool-123-thread-1] INFO  server.RaftServerConfigKeys (ConfUtils.java:logGet(44)) - raft.server.retrycache.statistics.expirytime = 100μs (default)
2021-11-20 13:47:16,672 [pool-123-thread-1] INFO  server.RaftServer$Division (RaftServerImpl.java:start(301)) - d4509efe-e4ea-4b42-80bc-7ebf58d9d6f5@group-C1152556D82B: start as a follower, conf=-1: [5bcee01b-9f3b-4422-a8ff-83b22c074be4|rpc:10.1.0.12:38681|priority:0, 1b072022-7d94-4c8c-bba3-c337de8b7083|rpc:10.1.0.12:36175|priority:1, d4509efe-e4ea-4b42-80bc-7ebf58d9d6f5|rpc:10.1.0.12:43693|priority:0], old=null
2021-11-20 13:47:16,672 [pool-123-thread-1] INFO  server.RaftServer$Division (RaftServerImpl.java:setRole(290)) - d4509efe-e4ea-4b42-80bc-7ebf58d9d6f5@group-C1152556D82B: changes role from      null to FOLLOWER at term 0 for startAsFollower
2021-11-20 13:47:16,672 [pool-123-thread-1] INFO  impl.RoleInfo (RoleInfo.java:updateAndGet(130)) - d4509efe-e4ea-4b42-80bc-7ebf58d9d6f5: start d4509efe-e4ea-4b42-80bc-7ebf58d9d6f5@group-C1152556D82B-FollowerState
2021-11-20 13:47:16,676 [pool-123-thread-1] INFO  util.JmxRegister (JmxRegister.java:tryRegister(44)) - Successfully registered JMX Bean with object name Ratis:service=RaftServer,group=group-C1152556D82B,id=d4509efe-e4ea-4b42-80bc-7ebf58d9d6f5
2021-11-20 13:47:16,686 [Command processor thread] INFO  ratis.XceiverServerRatis (XceiverServerRatis.java:addGroup(768)) - Created group PipelineID=f958395c-d16f-493f-a3d9-c1152556d82b
2021-11-20 13:47:16,912 [Command processor thread] INFO  server.RaftServer (RaftServerProxy.java:addNew(95)) - 1b072022-7d94-4c8c-bba3-c337de8b7083: addNew group-06329D1FA7A2:[1b072022-7d94-4c8c-bba3-c337de8b7083|rpc:10.1.0.12:36175|priority:1] returns group-06329D1FA7A2:java.util.concurrent.CompletableFuture@63ae80c6[Not completed]
2021-11-20 13:47:16,920 [pool-142-thread-1] INFO  server.RaftServer$Division (RaftServerImpl.java:<init>(184)) - 1b072022-7d94-4c8c-bba3-c337de8b7083: new RaftServerImpl for group-06329D1FA7A2:[1b072022-7d94-4c8c-bba3-c337de8b7083|rpc:10.1.0.12:36175|priority:1] with ContainerStateMachine:uninitialized
2021-11-20 13:47:16,923 [pool-142-thread-1] INFO  server.RaftServerConfigKeys (ConfUtils.java:logGet(44)) - raft.server.rpc.timeout.min = 5s (custom)
2021-11-20 13:47:16,923 [pool-142-thread-1] INFO  server.RaftServerConfigKeys (ConfUtils.java:logGet(44)) - raft.server.rpc.timeout.max = 5200ms (custom)
2021-11-20 13:47:16,923 [pool-142-thread-1] INFO  server.RaftServerConfigKeys (ConfUtils.java:logGet(44)) - raft.server.rpc.sleep.time = 25ms (default)
2021-11-20 13:47:16,923 [pool-142-thread-1] INFO  server.RaftServerConfigKeys (ConfUtils.java:logGet(44)) - raft.server.rpc.slowness.timeout = 300s (custom)
2021-11-20 13:47:16,923 [pool-142-thread-1] INFO  server.RaftServerConfigKeys (ConfUtils.java:logGet(44)) - raft.server.leaderelection.leader.step-down.wait-time = 10s (default)
2021-11-20 13:47:16,923 [pool-142-thread-1] INFO  server.RaftServerConfigKeys (ConfUtils.java:logGet(44)) - raft.server.sleep.deviation.threshold = 300ms (default)
2021-11-20 13:47:16,923 [pool-142-thread-1] INFO  server.RaftServerConfigKeys (ConfUtils.java:logGet(44)) - raft.server.log.appender.install.snapshot.enabled = false (custom)
2021-11-20 13:47:16,923 [pool-142-thread-1] INFO  server.RaftServer$Division (ServerState.java:<init>(105)) - 1b072022-7d94-4c8c-bba3-c337de8b7083@group-06329D1FA7A2: ConfigurationManager, init=-1: [1b072022-7d94-4c8c-bba3-c337de8b7083|rpc:10.1.0.12:36175|priority:1], old=null, confs=<EMPTY_MAP>
2021-11-20 13:47:16,923 [pool-142-thread-1] INFO  server.RaftServerConfigKeys (ConfUtils.java:logGet(44)) - raft.server.storage.dir = [/home/runner/work/ozone/ozone/hadoop-ozone/integration-test/target/test-dir/MiniOzoneClusterImpl-af1e1b15-19ea-4ddd-8a7a-846906bb1efb/datanode-1/data/ratis] (custom)
2021-11-20 13:47:16,923 [pool-142-thread-1] INFO  server.RaftServerConfigKeys (ConfUtils.java:logGet(44)) - raft.server.log.corruption.policy = EXCEPTION (default)
2021-11-20 13:47:16,923 [pool-142-thread-1] INFO  server.RaftServerConfigKeys (ConfUtils.java:logGet(44)) - raft.server.storage.free-space.min = 0MB (=0) (default)
2021-11-20 13:47:16,924 [pool-142-thread-1] INFO  storage.RaftStorageDirectory (RaftStorageDirectoryImpl.java:analyzeStorage(135)) - The storage directory /home/runner/work/ozone/ozone/hadoop-ozone/integration-test/target/test-dir/MiniOzoneClusterImpl-af1e1b15-19ea-4ddd-8a7a-846906bb1efb/datanode-1/data/ratis/68e9da97-494a-4c99-a066-06329d1fa7a2 does not exist. Creating ...
2021-11-20 13:47:16,926 [pool-142-thread-1] INFO  storage.RaftStorageDirectory (RaftStorageDirectoryImpl.java:tryLock(230)) - Lock on /home/runner/work/ozone/ozone/hadoop-ozone/integration-test/target/test-dir/MiniOzoneClusterImpl-af1e1b15-19ea-4ddd-8a7a-846906bb1efb/datanode-1/data/ratis/68e9da97-494a-4c99-a066-06329d1fa7a2/in_use.lock acquired by nodename 13463@fv-az60-126
2021-11-20 13:47:16,927 [pool-142-thread-1] INFO  storage.RaftStorage (RaftStorageImpl.java:format(89)) - Storage directory /home/runner/work/ozone/ozone/hadoop-ozone/integration-test/target/test-dir/MiniOzoneClusterImpl-af1e1b15-19ea-4ddd-8a7a-846906bb1efb/datanode-1/data/ratis/68e9da97-494a-4c99-a066-06329d1fa7a2 has been successfully formatted.
2021-11-20 13:47:16,929 [pool-142-thread-1] INFO  ratis.ContainerStateMachine (ContainerStateMachine.java:loadSnapshot(224)) - group-06329D1FA7A2: The snapshot info is null. Setting the last applied indexto:(t:0, i:~)
2021-11-20 13:47:16,929 [pool-142-thread-1] INFO  server.RaftServerConfigKeys (ConfUtils.java:logGet(44)) - raft.server.notification.no-leader.timeout = 300s (custom)
2021-11-20 13:47:16,929 [pool-142-thread-1] INFO  server.RaftServerConfigKeys (ConfUtils.java:logGet(44)) - raft.server.log.use.memory = false (default)
2021-11-20 13:47:16,929 [pool-142-thread-1] INFO  server.RaftServerConfigKeys (ConfUtils.java:logGet(44)) - raft.server.log.purge.gap = 1000000 (custom)
2021-11-20 13:47:16,929 [pool-142-thread-1] INFO  server.RaftServerConfigKeys (ConfUtils.java:logGet(44)) - raft.server.log.appender.buffer.byte-limit = 33554432 (custom)
2021-11-20 13:47:16,934 [EventQueue-PipelineReportForPipelineReportHandler] INFO  pipeline.PipelineManagerImpl (PipelineManagerImpl.java:openPipeline(289)) - Pipeline Pipeline[ Id: 68e9da97-494a-4c99-a066-06329d1fa7a2, Nodes: 1b072022-7d94-4c8c-bba3-c337de8b7083{ip: 10.1.0.12, host: fv-az60-126.fehpiqwevasenfwouqxxvjaufd.cx.internal.cloudapp.net, ports: [REPLICATION=35085, RATIS=36175, RATIS_ADMIN=36175, RATIS_SERVER=36175, STANDALONE=39283], networkLocation: /default-rack, certSerialId: null, persistedOpState: IN_SERVICE, persistedOpStateExpiryEpochSec: 0}, ReplicationConfig: RATIS/ONE, State:ALLOCATED, leaderId:1b072022-7d94-4c8c-bba3-c337de8b7083, CreationTimestamp2021-11-20T13:47:13.920Z[Etc/UTC]] moved to OPEN state
2021-11-20 13:47:16,936 [EventQueue-OpenPipelineForHealthyPipelineSafeModeRule] INFO  safemode.SCMSafeModeManager (HealthyPipelineSafeModeRule.java:process(124)) - SCM in safe mode. Healthy pipelines reported count is 0, required healthy pipeline reported count is 1
2021-11-20 13:47:16,936 [pool-142-thread-1] INFO  server.RaftServerConfigKeys (ConfUtils.java:logGet(44)) - raft.server.log.segment.size.max = 1048576 (custom)
2021-11-20 13:47:16,937 [pool-142-thread-1] INFO  server.RaftServerConfigKeys (ConfUtils.java:logGet(44)) - raft.server.log.segment.cache.num.max = 2 (custom)
2021-11-20 13:47:16,937 [pool-142-thread-1] INFO  server.RaftServerConfigKeys (ConfUtils.java:logGet(44)) - raft.server.log.segment.cache.size.max = 200MB (=209715200) (default)
2021-11-20 13:47:16,937 [pool-142-thread-1] INFO  segmented.SegmentedRaftLogWorker (SegmentedRaftLogWorker.java:<init>(182)) - new 1b072022-7d94-4c8c-bba3-c337de8b7083@group-06329D1FA7A2-SegmentedRaftLogWorker for RaftStorageImpl:Storage Directory /home/runner/work/ozone/ozone/hadoop-ozone/integration-test/target/test-dir/MiniOzoneClusterImpl-af1e1b15-19ea-4ddd-8a7a-846906bb1efb/datanode-1/data/ratis/68e9da97-494a-4c99-a066-06329d1fa7a2
2021-11-20 13:47:16,937 [pool-142-thread-1] INFO  server.RaftServerConfigKeys (ConfUtils.java:logGet(44)) - raft.server.log.queue.byte-limit = 2147483647 (custom)
2021-11-20 13:47:16,937 [pool-142-thread-1] INFO  server.RaftServerConfigKeys (ConfUtils.java:logGet(44)) - raft.server.log.queue.element-limit = 1024 (custom)
2021-11-20 13:47:16,938 [pool-142-thread-1] INFO  server.RaftServerConfigKeys (ConfUtils.java:logGet(44)) - raft.server.log.segment.size.max = 1048576 (custom)
2021-11-20 13:47:16,938 [pool-142-thread-1] INFO  server.RaftServerConfigKeys (ConfUtils.java:logGet(44)) - raft.server.log.preallocated.size = 16384 (custom)
2021-11-20 13:47:16,938 [pool-142-thread-1] INFO  server.RaftServerConfigKeys (ConfUtils.java:logGet(44)) - raft.server.log.force.sync.num = 128 (default)
2021-11-20 13:47:16,938 [pool-142-thread-1] INFO  server.RaftServerConfigKeys (ConfUtils.java:logGet(44)) - raft.server.log.statemachine.data.sync = true (default)
2021-11-20 13:47:16,938 [pool-142-thread-1] INFO  server.RaftServerConfigKeys (ConfUtils.java:logGet(44)) - raft.server.log.statemachine.data.sync.timeout = 10s (default)
2021-11-20 13:47:16,938 [pool-142-thread-1] INFO  server.RaftServerConfigKeys (ConfUtils.java:logGet(44)) - raft.server.log.statemachine.data.sync.timeout.retry = -1 (default)
2021-11-20 13:47:16,940 [pool-142-thread-1] INFO  server.RaftServerConfigKeys (ConfUtils.java:logGet(44)) - raft.server.log.write.buffer.size = 1048576 (custom)
2021-11-20 13:47:16,941 [pool-142-thread-1] INFO  server.RaftServerConfigKeys (ConfUtils.java:logGet(44)) - raft.server.log.statemachine.data.caching.enabled = true (custom)
2021-11-20 13:47:16,942 [pool-142-thread-1] INFO  segmented.SegmentedRaftLogWorker (SegmentedRaftLogWorker.java:lambda$new$0(133)) - 1b072022-7d94-4c8c-bba3-c337de8b7083@group-06329D1FA7A2-SegmentedRaftLogWorker: flushIndex: setUnconditionally 0 -> -1
2021-11-20 13:47:16,942 [pool-142-thread-1] INFO  segmented.SegmentedRaftLogWorker (SegmentedRaftLogWorker.java:lambda$new$0(133)) - 1b072022-7d94-4c8c-bba3-c337de8b7083@group-06329D1FA7A2-SegmentedRaftLogWorker: safeCacheEvictIndex: setUnconditionally 0 -> -1
2021-11-20 13:47:16,942 [pool-142-thread-1] INFO  server.RaftServerConfigKeys (ConfUtils.java:logGet(44)) - raft.server.snapshot.auto.trigger.enabled = true (custom)
2021-11-20 13:47:16,942 [pool-142-thread-1] INFO  server.RaftServerConfigKeys (ConfUtils.java:logGet(44)) - raft.server.snapshot.auto.trigger.threshold = 10000 (custom)
2021-11-20 13:47:16,942 [pool-142-thread-1] INFO  server.RaftServerConfigKeys (ConfUtils.java:logGet(44)) - raft.server.snapshot.retention.file.num = 5 (custom)
2021-11-20 13:47:16,942 [pool-142-thread-1] INFO  server.RaftServerConfigKeys (ConfUtils.java:logGet(44)) - raft.server.log.purge.upto.snapshot.index = false (default)
2021-11-20 13:47:16,942 [pool-142-thread-1] INFO  server.RaftServerConfigKeys (ConfUtils.java:logGet(44)) - raft.server.retrycache.expirytime = 600000ms (custom)
2021-11-20 13:47:16,942 [pool-142-thread-1] INFO  server.RaftServerConfigKeys (ConfUtils.java:logGet(44)) - raft.server.retrycache.statistics.expirytime = 100μs (default)
2021-11-20 13:47:16,943 [pool-142-thread-1] INFO  server.RaftServer$Division (RaftServerImpl.java:start(301)) - 1b072022-7d94-4c8c-bba3-c337de8b7083@group-06329D1FA7A2: start as a follower, conf=-1: [1b072022-7d94-4c8c-bba3-c337de8b7083|rpc:10.1.0.12:36175|priority:1], old=null
2021-11-20 13:47:16,943 [pool-142-thread-1] INFO  server.RaftServer$Division (RaftServerImpl.java:setRole(290)) - 1b072022-7d94-4c8c-bba3-c337de8b7083@group-06329D1FA7A2: changes role from      null to FOLLOWER at term 0 for startAsFollower
2021-11-20 13:47:16,943 [pool-142-thread-1] INFO  impl.RoleInfo (RoleInfo.java:updateAndGet(130)) - 1b072022-7d94-4c8c-bba3-c337de8b7083: start 1b072022-7d94-4c8c-bba3-c337de8b7083@group-06329D1FA7A2-FollowerState
2021-11-20 13:47:16,949 [pool-142-thread-1] INFO  util.JmxRegister (JmxRegister.java:tryRegister(44)) - Successfully registered JMX Bean with object name Ratis:service=RaftServer,group=group-06329D1FA7A2,id=1b072022-7d94-4c8c-bba3-c337de8b7083
2021-11-20 13:47:16,958 [Command processor thread] INFO  ratis.XceiverServerRatis (XceiverServerRatis.java:addGroup(768)) - Created group PipelineID=68e9da97-494a-4c99-a066-06329d1fa7a2
2021-11-20 13:47:16,958 [Command processor thread] INFO  commandhandler.CreatePipelineCommandHandler (CreatePipelineCommandHandler.java:handle(106)) - Created Pipeline RATIS ONE PipelineID=68e9da97-494a-4c99-a066-06329d1fa7a2.
2021-11-20 13:47:16,959 [Command processor thread] INFO  server.RaftServer (RaftServerProxy.java:addNew(95)) - 1b072022-7d94-4c8c-bba3-c337de8b7083: addNew group-C1152556D82B:[5bcee01b-9f3b-4422-a8ff-83b22c074be4|rpc:10.1.0.12:38681|priority:0, 1b072022-7d94-4c8c-bba3-c337de8b7083|rpc:10.1.0.12:36175|priority:1, d4509efe-e4ea-4b42-80bc-7ebf58d9d6f5|rpc:10.1.0.12:43693|priority:0] returns group-C1152556D82B:java.util.concurrent.CompletableFuture@6791186b[Not completed]
2021-11-20 13:47:16,961 [pool-142-thread-1] INFO  server.RaftServer$Division (RaftServerImpl.java:<init>(184)) - 1b072022-7d94-4c8c-bba3-c337de8b7083: new RaftServerImpl for group-C1152556D82B:[5bcee01b-9f3b-4422-a8ff-83b22c074be4|rpc:10.1.0.12:38681|priority:0, 1b072022-7d94-4c8c-bba3-c337de8b7083|rpc:10.1.0.12:36175|priority:1, d4509efe-e4ea-4b42-80bc-7ebf58d9d6f5|rpc:10.1.0.12:43693|priority:0] with ContainerStateMachine:uninitialized
2021-11-20 13:47:16,961 [pool-142-thread-1] INFO  server.RaftServerConfigKeys (ConfUtils.java:logGet(44)) - raft.server.rpc.timeout.min = 5s (custom)
2021-11-20 13:47:16,961 [pool-142-thread-1] INFO  server.RaftServerConfigKeys (ConfUtils.java:logGet(44)) - raft.server.rpc.timeout.max = 5200ms (custom)
2021-11-20 13:47:16,961 [pool-142-thread-1] INFO  server.RaftServerConfigKeys (ConfUtils.java:logGet(44)) - raft.server.rpc.sleep.time = 25ms (default)
2021-11-20 13:47:16,961 [pool-142-thread-1] INFO  server.RaftServerConfigKeys (ConfUtils.java:logGet(44)) - raft.server.rpc.slowness.timeout = 300s (custom)
2021-11-20 13:47:16,961 [pool-142-thread-1] INFO  server.RaftServerConfigKeys (ConfUtils.java:logGet(44)) - raft.server.leaderelection.leader.step-down.wait-time = 10s (default)
2021-11-20 13:47:16,961 [pool-142-thread-1] INFO  server.RaftServerConfigKeys (ConfUtils.java:logGet(44)) - raft.server.sleep.deviation.threshold = 300ms (default)
2021-11-20 13:47:16,961 [pool-142-thread-1] INFO  server.RaftServerConfigKeys (ConfUtils.java:logGet(44)) - raft.server.log.appender.install.snapshot.enabled = false (custom)
2021-11-20 13:47:16,962 [pool-142-thread-1] INFO  server.RaftServer$Division (ServerState.java:<init>(105)) - 1b072022-7d94-4c8c-bba3-c337de8b7083@group-C1152556D82B: ConfigurationManager, init=-1: [5bcee01b-9f3b-4422-a8ff-83b22c074be4|rpc:10.1.0.12:38681|priority:0, 1b072022-7d94-4c8c-bba3-c337de8b7083|rpc:10.1.0.12:36175|priority:1, d4509efe-e4ea-4b42-80bc-7ebf58d9d6f5|rpc:10.1.0.12:43693|priority:0], old=null, confs=<EMPTY_MAP>
2021-11-20 13:47:16,962 [pool-142-thread-1] INFO  server.RaftServerConfigKeys (ConfUtils.java:logGet(44)) - raft.server.storage.dir = [/home/runner/work/ozone/ozone/hadoop-ozone/integration-test/target/test-dir/MiniOzoneClusterImpl-af1e1b15-19ea-4ddd-8a7a-846906bb1efb/datanode-1/data/ratis] (custom)
2021-11-20 13:47:16,962 [pool-142-thread-1] INFO  server.RaftServerConfigKeys (ConfUtils.java:logGet(44)) - raft.server.log.corruption.policy = EXCEPTION (default)
2021-11-20 13:47:16,962 [pool-142-thread-1] INFO  server.RaftServerConfigKeys (ConfUtils.java:logGet(44)) - raft.server.storage.free-space.min = 0MB (=0) (default)
2021-11-20 13:47:16,963 [pool-142-thread-1] INFO  storage.RaftStorageDirectory (RaftStorageDirectoryImpl.java:analyzeStorage(135)) - The storage directory /home/runner/work/ozone/ozone/hadoop-ozone/integration-test/target/test-dir/MiniOzoneClusterImpl-af1e1b15-19ea-4ddd-8a7a-846906bb1efb/datanode-1/data/ratis/f958395c-d16f-493f-a3d9-c1152556d82b does not exist. Creating ...
2021-11-20 13:47:16,964 [pool-142-thread-1] INFO  storage.RaftStorageDirectory (RaftStorageDirectoryImpl.java:tryLock(230)) - Lock on /home/runner/work/ozone/ozone/hadoop-ozone/integration-test/target/test-dir/MiniOzoneClusterImpl-af1e1b15-19ea-4ddd-8a7a-846906bb1efb/datanode-1/data/ratis/f958395c-d16f-493f-a3d9-c1152556d82b/in_use.lock acquired by nodename 13463@fv-az60-126
2021-11-20 13:47:16,965 [pool-142-thread-1] INFO  storage.RaftStorage (RaftStorageImpl.java:format(89)) - Storage directory /home/runner/work/ozone/ozone/hadoop-ozone/integration-test/target/test-dir/MiniOzoneClusterImpl-af1e1b15-19ea-4ddd-8a7a-846906bb1efb/datanode-1/data/ratis/f958395c-d16f-493f-a3d9-c1152556d82b has been successfully formatted.
2021-11-20 13:47:16,966 [pool-142-thread-1] INFO  ratis.ContainerStateMachine (ContainerStateMachine.java:loadSnapshot(224)) - group-C1152556D82B: The snapshot info is null. Setting the last applied indexto:(t:0, i:~)
2021-11-20 13:47:16,966 [pool-142-thread-1] INFO  server.RaftServerConfigKeys (ConfUtils.java:logGet(44)) - raft.server.notification.no-leader.timeout = 300s (custom)
2021-11-20 13:47:16,966 [pool-142-thread-1] INFO  server.RaftServerConfigKeys (ConfUtils.java:logGet(44)) - raft.server.log.use.memory = false (default)
2021-11-20 13:47:16,966 [pool-142-thread-1] INFO  server.RaftServerConfigKeys (ConfUtils.java:logGet(44)) - raft.server.log.purge.gap = 1000000 (custom)
2021-11-20 13:47:16,966 [pool-142-thread-1] INFO  server.RaftServerConfigKeys (ConfUtils.java:logGet(44)) - raft.server.log.appender.buffer.byte-limit = 33554432 (custom)
2021-11-20 13:47:16,966 [pool-142-thread-1] INFO  server.RaftServerConfigKeys (ConfUtils.java:logGet(44)) - raft.server.log.segment.size.max = 1048576 (custom)
2021-11-20 13:47:16,967 [pool-142-thread-1] INFO  server.RaftServerConfigKeys (ConfUtils.java:logGet(44)) - raft.server.log.segment.cache.num.max = 2 (custom)
2021-11-20 13:47:16,967 [pool-142-thread-1] INFO  server.RaftServerConfigKeys (ConfUtils.java:logGet(44)) - raft.server.log.segment.cache.size.max = 200MB (=209715200) (default)
2021-11-20 13:47:16,967 [pool-142-thread-1] INFO  segmented.SegmentedRaftLogWorker (SegmentedRaftLogWorker.java:<init>(182)) - new 1b072022-7d94-4c8c-bba3-c337de8b7083@group-C1152556D82B-SegmentedRaftLogWorker for RaftStorageImpl:Storage Directory /home/runner/work/ozone/ozone/hadoop-ozone/integration-test/target/test-dir/MiniOzoneClusterImpl-af1e1b15-19ea-4ddd-8a7a-846906bb1efb/datanode-1/data/ratis/f958395c-d16f-493f-a3d9-c1152556d82b
2021-11-20 13:47:16,967 [pool-142-thread-1] INFO  server.RaftServerConfigKeys (ConfUtils.java:logGet(44)) - raft.server.log.queue.byte-limit = 2147483647 (custom)
2021-11-20 13:47:16,967 [pool-142-thread-1] INFO  server.RaftServerConfigKeys (ConfUtils.java:logGet(44)) - raft.server.log.queue.element-limit = 1024 (custom)
2021-11-20 13:47:16,967 [pool-142-thread-1] INFO  server.RaftServerConfigKeys (ConfUtils.java:logGet(44)) - raft.server.log.segment.size.max = 1048576 (custom)
2021-11-20 13:47:16,967 [pool-142-thread-1] INFO  server.RaftServerConfigKeys (ConfUtils.java:logGet(44)) - raft.server.log.preallocated.size = 16384 (custom)
2021-11-20 13:47:16,967 [pool-142-thread-1] INFO  server.RaftServerConfigKeys (ConfUtils.java:logGet(44)) - raft.server.log.force.sync.num = 128 (default)
2021-11-20 13:47:16,967 [pool-142-thread-1] INFO  server.RaftServerConfigKeys (ConfUtils.java:logGet(44)) - raft.server.log.statemachine.data.sync = true (default)
2021-11-20 13:47:16,967 [pool-142-thread-1] INFO  server.RaftServerConfigKeys (ConfUtils.java:logGet(44)) - raft.server.log.statemachine.data.sync.timeout = 10s (default)
2021-11-20 13:47:16,967 [pool-142-thread-1] INFO  server.RaftServerConfigKeys (ConfUtils.java:logGet(44)) - raft.server.log.statemachine.data.sync.timeout.retry = -1 (default)
2021-11-20 13:47:16,968 [pool-142-thread-1] INFO  server.RaftServerConfigKeys (ConfUtils.java:logGet(44)) - raft.server.log.write.buffer.size = 1048576 (custom)
2021-11-20 13:47:16,969 [pool-142-thread-1] INFO  server.RaftServerConfigKeys (ConfUtils.java:logGet(44)) - raft.server.log.statemachine.data.caching.enabled = true (custom)
2021-11-20 13:47:16,969 [pool-142-thread-1] INFO  segmented.SegmentedRaftLogWorker (SegmentedRaftLogWorker.java:lambda$new$0(133)) - 1b072022-7d94-4c8c-bba3-c337de8b7083@group-C1152556D82B-SegmentedRaftLogWorker: flushIndex: setUnconditionally 0 -> -1
2021-11-20 13:47:16,969 [pool-142-thread-1] INFO  segmented.SegmentedRaftLogWorker (SegmentedRaftLogWorker.java:lambda$new$0(133)) - 1b072022-7d94-4c8c-bba3-c337de8b7083@group-C1152556D82B-SegmentedRaftLogWorker: safeCacheEvictIndex: setUnconditionally 0 -> -1
2021-11-20 13:47:16,992 [EventQueue-OpenPipelineForHealthyPipelineSafeModeRule] INFO  safemode.SCMSafeModeManager (HealthyPipelineSafeModeRule.java:process(124)) - SCM in safe mode. Healthy pipelines reported count is 0, required healthy pipeline reported count is 1
2021-11-20 13:47:17,002 [pool-142-thread-1] INFO  server.RaftServerConfigKeys (ConfUtils.java:logGet(44)) - raft.server.snapshot.auto.trigger.enabled = true (custom)
2021-11-20 13:47:17,002 [pool-142-thread-1] INFO  server.RaftServerConfigKeys (ConfUtils.java:logGet(44)) - raft.server.snapshot.auto.trigger.threshold = 10000 (custom)
2021-11-20 13:47:17,002 [pool-142-thread-1] INFO  server.RaftServerConfigKeys (ConfUtils.java:logGet(44)) - raft.server.snapshot.retention.file.num = 5 (custom)
2021-11-20 13:47:17,002 [pool-142-thread-1] INFO  server.RaftServerConfigKeys (ConfUtils.java:logGet(44)) - raft.server.log.purge.upto.snapshot.index = false (default)
2021-11-20 13:47:17,002 [pool-142-thread-1] INFO  server.RaftServerConfigKeys (ConfUtils.java:logGet(44)) - raft.server.retrycache.expirytime = 600000ms (custom)
2021-11-20 13:47:17,003 [pool-142-thread-1] INFO  server.RaftServerConfigKeys (ConfUtils.java:logGet(44)) - raft.server.retrycache.statistics.expirytime = 100μs (default)
2021-11-20 13:47:17,004 [pool-142-thread-1] INFO  server.RaftServer$Division (RaftServerImpl.java:start(301)) - 1b072022-7d94-4c8c-bba3-c337de8b7083@group-C1152556D82B: start as a follower, conf=-1: [5bcee01b-9f3b-4422-a8ff-83b22c074be4|rpc:10.1.0.12:38681|priority:0, 1b072022-7d94-4c8c-bba3-c337de8b7083|rpc:10.1.0.12:36175|priority:1, d4509efe-e4ea-4b42-80bc-7ebf58d9d6f5|rpc:10.1.0.12:43693|priority:0], old=null
2021-11-20 13:47:17,004 [pool-142-thread-1] INFO  server.RaftServer$Division (RaftServerImpl.java:setRole(290)) - 1b072022-7d94-4c8c-bba3-c337de8b7083@group-C1152556D82B: changes role from      null to FOLLOWER at term 0 for startAsFollower
2021-11-20 13:47:17,004 [pool-142-thread-1] INFO  impl.RoleInfo (RoleInfo.java:updateAndGet(130)) - 1b072022-7d94-4c8c-bba3-c337de8b7083: start 1b072022-7d94-4c8c-bba3-c337de8b7083@group-C1152556D82B-FollowerState
2021-11-20 13:47:17,018 [pool-142-thread-1] INFO  util.JmxRegister (JmxRegister.java:tryRegister(44)) - Successfully registered JMX Bean with object name Ratis:service=RaftServer,group=group-C1152556D82B,id=1b072022-7d94-4c8c-bba3-c337de8b7083
2021-11-20 13:47:17,026 [Command processor thread] INFO  ratis.XceiverServerRatis (XceiverServerRatis.java:addGroup(768)) - Created group PipelineID=f958395c-d16f-493f-a3d9-c1152556d82b
2021-11-20 13:47:17,159 [Listener at 127.0.0.1/41529] INFO  ozone.MiniOzoneClusterImpl (MiniOzoneClusterImpl.java:lambda$waitForClusterToBeReady$0(235)) - Nodes are ready. Got 3 of 3 DN Heartbeats.
2021-11-20 13:47:17,159 [Listener at 127.0.0.1/41529] INFO  ozone.MiniOzoneClusterImpl (MiniOzoneClusterImpl.java:lambda$waitForClusterToBeReady$0(238)) - Waiting for cluster to exit safe mode
2021-11-20 13:47:17,159 [Listener at 127.0.0.1/41529] INFO  ozone.MiniOzoneClusterImpl (MiniOzoneClusterImpl.java:lambda$waitForClusterToBeReady$0(240)) - SCM became leader
2021-11-20 13:47:17,182 [Command processor thread] INFO  server.RaftServer (RaftServerProxy.java:addNew(95)) - 5bcee01b-9f3b-4422-a8ff-83b22c074be4: addNew group-F4C9FA4F21F4:[5bcee01b-9f3b-4422-a8ff-83b22c074be4|rpc:10.1.0.12:38681|priority:1] returns group-F4C9FA4F21F4:java.util.concurrent.CompletableFuture@424c8423[Not completed]
2021-11-20 13:47:17,193 [pool-161-thread-1] INFO  server.RaftServer$Division (RaftServerImpl.java:<init>(184)) - 5bcee01b-9f3b-4422-a8ff-83b22c074be4: new RaftServerImpl for group-F4C9FA4F21F4:[5bcee01b-9f3b-4422-a8ff-83b22c074be4|rpc:10.1.0.12:38681|priority:1] with ContainerStateMachine:uninitialized
2021-11-20 13:47:17,195 [pool-161-thread-1] INFO  server.RaftServerConfigKeys (ConfUtils.java:logGet(44)) - raft.server.rpc.timeout.min = 5s (custom)
2021-11-20 13:47:17,195 [pool-161-thread-1] INFO  server.RaftServerConfigKeys (ConfUtils.java:logGet(44)) - raft.server.rpc.timeout.max = 5200ms (custom)
2021-11-20 13:47:17,196 [pool-161-thread-1] INFO  server.RaftServerConfigKeys (ConfUtils.java:logGet(44)) - raft.server.rpc.sleep.time = 25ms (default)
2021-11-20 13:47:17,196 [pool-161-thread-1] INFO  server.RaftServerConfigKeys (ConfUtils.java:logGet(44)) - raft.server.rpc.slowness.timeout = 300s (custom)
2021-11-20 13:47:17,196 [pool-161-thread-1] INFO  server.RaftServerConfigKeys (ConfUtils.java:logGet(44)) - raft.server.leaderelection.leader.step-down.wait-time = 10s (default)
2021-11-20 13:47:17,196 [pool-161-thread-1] INFO  server.RaftServerConfigKeys (ConfUtils.java:logGet(44)) - raft.server.sleep.deviation.threshold = 300ms (default)
2021-11-20 13:47:17,197 [pool-161-thread-1] INFO  server.RaftServerConfigKeys (ConfUtils.java:logGet(44)) - raft.server.log.appender.install.snapshot.enabled = false (custom)
2021-11-20 13:47:17,197 [pool-161-thread-1] INFO  server.RaftServer$Division (ServerState.java:<init>(105)) - 5bcee01b-9f3b-4422-a8ff-83b22c074be4@group-F4C9FA4F21F4: ConfigurationManager, init=-1: [5bcee01b-9f3b-4422-a8ff-83b22c074be4|rpc:10.1.0.12:38681|priority:1], old=null, confs=<EMPTY_MAP>
2021-11-20 13:47:17,197 [pool-161-thread-1] INFO  server.RaftServerConfigKeys (ConfUtils.java:logGet(44)) - raft.server.storage.dir = [/home/runner/work/ozone/ozone/hadoop-ozone/integration-test/target/test-dir/MiniOzoneClusterImpl-af1e1b15-19ea-4ddd-8a7a-846906bb1efb/datanode-2/data/ratis] (custom)
2021-11-20 13:47:17,197 [pool-161-thread-1] INFO  server.RaftServerConfigKeys (ConfUtils.java:logGet(44)) - raft.server.log.corruption.policy = EXCEPTION (default)
2021-11-20 13:47:17,198 [pool-161-thread-1] INFO  server.RaftServerConfigKeys (ConfUtils.java:logGet(44)) - raft.server.storage.free-space.min = 0MB (=0) (default)
2021-11-20 13:47:17,198 [pool-161-thread-1] INFO  storage.RaftStorageDirectory (RaftStorageDirectoryImpl.java:analyzeStorage(135)) - The storage directory /home/runner/work/ozone/ozone/hadoop-ozone/integration-test/target/test-dir/MiniOzoneClusterImpl-af1e1b15-19ea-4ddd-8a7a-846906bb1efb/datanode-2/data/ratis/13733fd2-537e-4cc9-9198-f4c9fa4f21f4 does not exist. Creating ...
2021-11-20 13:47:17,202 [pool-161-thread-1] INFO  storage.RaftStorageDirectory (RaftStorageDirectoryImpl.java:tryLock(230)) - Lock on /home/runner/work/ozone/ozone/hadoop-ozone/integration-test/target/test-dir/MiniOzoneClusterImpl-af1e1b15-19ea-4ddd-8a7a-846906bb1efb/datanode-2/data/ratis/13733fd2-537e-4cc9-9198-f4c9fa4f21f4/in_use.lock acquired by nodename 13463@fv-az60-126
2021-11-20 13:47:17,205 [pool-161-thread-1] INFO  storage.RaftStorage (RaftStorageImpl.java:format(89)) - Storage directory /home/runner/work/ozone/ozone/hadoop-ozone/integration-test/target/test-dir/MiniOzoneClusterImpl-af1e1b15-19ea-4ddd-8a7a-846906bb1efb/datanode-2/data/ratis/13733fd2-537e-4cc9-9198-f4c9fa4f21f4 has been successfully formatted.
2021-11-20 13:47:17,206 [pool-161-thread-1] INFO  ratis.ContainerStateMachine (ContainerStateMachine.java:loadSnapshot(224)) - group-F4C9FA4F21F4: The snapshot info is null. Setting the last applied indexto:(t:0, i:~)
2021-11-20 13:47:17,206 [pool-161-thread-1] INFO  server.RaftServerConfigKeys (ConfUtils.java:logGet(44)) - raft.server.notification.no-leader.timeout = 300s (custom)
2021-11-20 13:47:17,206 [pool-161-thread-1] INFO  server.RaftServerConfigKeys (ConfUtils.java:logGet(44)) - raft.server.log.use.memory = false (default)
2021-11-20 13:47:17,206 [pool-161-thread-1] INFO  server.RaftServerConfigKeys (ConfUtils.java:logGet(44)) - raft.server.log.purge.gap = 1000000 (custom)
2021-11-20 13:47:17,206 [pool-161-thread-1] INFO  server.RaftServerConfigKeys (ConfUtils.java:logGet(44)) - raft.server.log.appender.buffer.byte-limit = 33554432 (custom)
2021-11-20 13:47:17,212 [pool-161-thread-1] INFO  server.RaftServerConfigKeys (ConfUtils.java:logGet(44)) - raft.server.log.segment.size.max = 1048576 (custom)
2021-11-20 13:47:17,213 [pool-161-thread-1] INFO  server.RaftServerConfigKeys (ConfUtils.java:logGet(44)) - raft.server.log.segment.cache.num.max = 2 (custom)
2021-11-20 13:47:17,213 [pool-161-thread-1] INFO  server.RaftServerConfigKeys (ConfUtils.java:logGet(44)) - raft.server.log.segment.cache.size.max = 200MB (=209715200) (default)
2021-11-20 13:47:17,213 [pool-161-thread-1] INFO  segmented.SegmentedRaftLogWorker (SegmentedRaftLogWorker.java:<init>(182)) - new 5bcee01b-9f3b-4422-a8ff-83b22c074be4@group-F4C9FA4F21F4-SegmentedRaftLogWorker for RaftStorageImpl:Storage Directory /home/runner/work/ozone/ozone/hadoop-ozone/integration-test/target/test-dir/MiniOzoneClusterImpl-af1e1b15-19ea-4ddd-8a7a-846906bb1efb/datanode-2/data/ratis/13733fd2-537e-4cc9-9198-f4c9fa4f21f4
2021-11-20 13:47:17,213 [pool-161-thread-1] INFO  server.RaftServerConfigKeys (ConfUtils.java:logGet(44)) - raft.server.log.queue.byte-limit = 2147483647 (custom)
2021-11-20 13:47:17,213 [pool-161-thread-1] INFO  server.RaftServerConfigKeys (ConfUtils.java:logGet(44)) - raft.server.log.queue.element-limit = 1024 (custom)
2021-11-20 13:47:17,213 [pool-161-thread-1] INFO  server.RaftServerConfigKeys (ConfUtils.java:logGet(44)) - raft.server.log.segment.size.max = 1048576 (custom)
2021-11-20 13:47:17,213 [pool-161-thread-1] INFO  server.RaftServerConfigKeys (ConfUtils.java:logGet(44)) - raft.server.log.preallocated.size = 16384 (custom)
2021-11-20 13:47:17,213 [EventQueue-PipelineReportForPipelineReportHandler] INFO  pipeline.PipelineManagerImpl (PipelineManagerImpl.java:openPipeline(289)) - Pipeline Pipeline[ Id: 13733fd2-537e-4cc9-9198-f4c9fa4f21f4, Nodes: 5bcee01b-9f3b-4422-a8ff-83b22c074be4{ip: 10.1.0.12, host: fv-az60-126.fehpiqwevasenfwouqxxvjaufd.cx.internal.cloudapp.net, ports: [REPLICATION=43065, RATIS=38681, RATIS_ADMIN=38681, RATIS_SERVER=38681, STANDALONE=35039], networkLocation: /default-rack, certSerialId: null, persistedOpState: IN_SERVICE, persistedOpStateExpiryEpochSec: 0}, ReplicationConfig: RATIS/ONE, State:ALLOCATED, leaderId:5bcee01b-9f3b-4422-a8ff-83b22c074be4, CreationTimestamp2021-11-20T13:47:14.187Z[Etc/UTC]] moved to OPEN state
2021-11-20 13:47:17,214 [EventQueue-OpenPipelineForHealthyPipelineSafeModeRule] INFO  safemode.SCMSafeModeManager (HealthyPipelineSafeModeRule.java:process(124)) - SCM in safe mode. Healthy pipelines reported count is 0, required healthy pipeline reported count is 1
2021-11-20 13:47:17,213 [pool-161-thread-1] INFO  server.RaftServerConfigKeys (ConfUtils.java:logGet(44)) - raft.server.log.force.sync.num = 128 (default)
2021-11-20 13:47:17,220 [pool-161-thread-1] INFO  server.RaftServerConfigKeys (ConfUtils.java:logGet(44)) - raft.server.log.statemachine.data.sync = true (default)
2021-11-20 13:47:17,221 [pool-161-thread-1] INFO  server.RaftServerConfigKeys (ConfUtils.java:logGet(44)) - raft.server.log.statemachine.data.sync.timeout = 10s (default)
2021-11-20 13:47:17,221 [pool-161-thread-1] INFO  server.RaftServerConfigKeys (ConfUtils.java:logGet(44)) - raft.server.log.statemachine.data.sync.timeout.retry = -1 (default)
2021-11-20 13:47:17,222 [pool-161-thread-1] INFO  server.RaftServerConfigKeys (ConfUtils.java:logGet(44)) - raft.server.log.write.buffer.size = 1048576 (custom)
2021-11-20 13:47:17,222 [pool-161-thread-1] INFO  server.RaftServerConfigKeys (ConfUtils.java:logGet(44)) - raft.server.log.statemachine.data.caching.enabled = true (custom)
2021-11-20 13:47:17,234 [pool-161-thread-1] INFO  segmented.SegmentedRaftLogWorker (SegmentedRaftLogWorker.java:lambda$new$0(133)) - 5bcee01b-9f3b-4422-a8ff-83b22c074be4@group-F4C9FA4F21F4-SegmentedRaftLogWorker: flushIndex: setUnconditionally 0 -> -1
2021-11-20 13:47:17,234 [pool-161-thread-1] INFO  segmented.SegmentedRaftLogWorker (SegmentedRaftLogWorker.java:lambda$new$0(133)) - 5bcee01b-9f3b-4422-a8ff-83b22c074be4@group-F4C9FA4F21F4-SegmentedRaftLogWorker: safeCacheEvictIndex: setUnconditionally 0 -> -1
2021-11-20 13:47:17,246 [pool-161-thread-1] INFO  server.RaftServerConfigKeys (ConfUtils.java:logGet(44)) - raft.server.snapshot.auto.trigger.enabled = true (custom)
2021-11-20 13:47:17,246 [pool-161-thread-1] INFO  server.RaftServerConfigKeys (ConfUtils.java:logGet(44)) - raft.server.snapshot.auto.trigger.threshold = 10000 (custom)
2021-11-20 13:47:17,246 [pool-161-thread-1] INFO  server.RaftServerConfigKeys (ConfUtils.java:logGet(44)) - raft.server.snapshot.retention.file.num = 5 (custom)
2021-11-20 13:47:17,246 [pool-161-thread-1] INFO  server.RaftServerConfigKeys (ConfUtils.java:logGet(44)) - raft.server.log.purge.upto.snapshot.index = false (default)
2021-11-20 13:47:17,246 [pool-161-thread-1] INFO  server.RaftServerConfigKeys (ConfUtils.java:logGet(44)) - raft.server.retrycache.expirytime = 600000ms (custom)
2021-11-20 13:47:17,247 [pool-161-thread-1] INFO  server.RaftServerConfigKeys (ConfUtils.java:logGet(44)) - raft.server.retrycache.statistics.expirytime = 100μs (default)
2021-11-20 13:47:17,248 [pool-161-thread-1] INFO  server.RaftServer$Division (RaftServerImpl.java:start(301)) - 5bcee01b-9f3b-4422-a8ff-83b22c074be4@group-F4C9FA4F21F4: start as a follower, conf=-1: [5bcee01b-9f3b-4422-a8ff-83b22c074be4|rpc:10.1.0.12:38681|priority:1], old=null
2021-11-20 13:47:17,248 [pool-161-thread-1] INFO  server.RaftServer$Division (RaftServerImpl.java:setRole(290)) - 5bcee01b-9f3b-4422-a8ff-83b22c074be4@group-F4C9FA4F21F4: changes role from      null to FOLLOWER at term 0 for startAsFollower
2021-11-20 13:47:17,248 [pool-161-thread-1] INFO  impl.RoleInfo (RoleInfo.java:updateAndGet(130)) - 5bcee01b-9f3b-4422-a8ff-83b22c074be4: start 5bcee01b-9f3b-4422-a8ff-83b22c074be4@group-F4C9FA4F21F4-FollowerState
2021-11-20 13:47:17,258 [pool-161-thread-1] INFO  util.JmxRegister (JmxRegister.java:tryRegister(44)) - Successfully registered JMX Bean with object name Ratis:service=RaftServer,group=group-F4C9FA4F21F4,id=5bcee01b-9f3b-4422-a8ff-83b22c074be4
2021-11-20 13:47:17,268 [Command processor thread] INFO  ratis.XceiverServerRatis (XceiverServerRatis.java:addGroup(768)) - Created group PipelineID=13733fd2-537e-4cc9-9198-f4c9fa4f21f4
2021-11-20 13:47:17,268 [Command processor thread] INFO  commandhandler.CreatePipelineCommandHandler (CreatePipelineCommandHandler.java:handle(106)) - Created Pipeline RATIS ONE PipelineID=13733fd2-537e-4cc9-9198-f4c9fa4f21f4.
2021-11-20 13:47:17,268 [Command processor thread] INFO  server.RaftServer (RaftServerProxy.java:addNew(95)) - 5bcee01b-9f3b-4422-a8ff-83b22c074be4: addNew group-C1152556D82B:[5bcee01b-9f3b-4422-a8ff-83b22c074be4|rpc:10.1.0.12:38681|priority:0, 1b072022-7d94-4c8c-bba3-c337de8b7083|rpc:10.1.0.12:36175|priority:1, d4509efe-e4ea-4b42-80bc-7ebf58d9d6f5|rpc:10.1.0.12:43693|priority:0] returns group-C1152556D82B:java.util.concurrent.CompletableFuture@467308b2[Not completed]
2021-11-20 13:47:17,270 [pool-161-thread-1] INFO  server.RaftServer$Division (RaftServerImpl.java:<init>(184)) - 5bcee01b-9f3b-4422-a8ff-83b22c074be4: new RaftServerImpl for group-C1152556D82B:[5bcee01b-9f3b-4422-a8ff-83b22c074be4|rpc:10.1.0.12:38681|priority:0, 1b072022-7d94-4c8c-bba3-c337de8b7083|rpc:10.1.0.12:36175|priority:1, d4509efe-e4ea-4b42-80bc-7ebf58d9d6f5|rpc:10.1.0.12:43693|priority:0] with ContainerStateMachine:uninitialized
2021-11-20 13:47:17,271 [pool-161-thread-1] INFO  server.RaftServerConfigKeys (ConfUtils.java:logGet(44)) - raft.server.rpc.timeout.min = 5s (custom)
2021-11-20 13:47:17,271 [pool-161-thread-1] INFO  server.RaftServerConfigKeys (ConfUtils.java:logGet(44)) - raft.server.rpc.timeout.max = 5200ms (custom)
2021-11-20 13:47:17,271 [pool-161-thread-1] INFO  server.RaftServerConfigKeys (ConfUtils.java:logGet(44)) - raft.server.rpc.sleep.time = 25ms (default)
2021-11-20 13:47:17,271 [pool-161-thread-1] INFO  server.RaftServerConfigKeys (ConfUtils.java:logGet(44)) - raft.server.rpc.slowness.timeout = 300s (custom)
2021-11-20 13:47:17,271 [pool-161-thread-1] INFO  server.RaftServerConfigKeys (ConfUtils.java:logGet(44)) - raft.server.leaderelection.leader.step-down.wait-time = 10s (default)
2021-11-20 13:47:17,271 [pool-161-thread-1] INFO  server.RaftServerConfigKeys (ConfUtils.java:logGet(44)) - raft.server.sleep.deviation.threshold = 300ms (default)
2021-11-20 13:47:17,271 [pool-161-thread-1] INFO  server.RaftServerConfigKeys (ConfUtils.java:logGet(44)) - raft.server.log.appender.install.snapshot.enabled = false (custom)
2021-11-20 13:47:17,271 [pool-161-thread-1] INFO  server.RaftServer$Division (ServerState.java:<init>(105)) - 5bcee01b-9f3b-4422-a8ff-83b22c074be4@group-C1152556D82B: ConfigurationManager, init=-1: [5bcee01b-9f3b-4422-a8ff-83b22c074be4|rpc:10.1.0.12:38681|priority:0, 1b072022-7d94-4c8c-bba3-c337de8b7083|rpc:10.1.0.12:36175|priority:1, d4509efe-e4ea-4b42-80bc-7ebf58d9d6f5|rpc:10.1.0.12:43693|priority:0], old=null, confs=<EMPTY_MAP>
2021-11-20 13:47:17,271 [pool-161-thread-1] INFO  server.RaftServerConfigKeys (ConfUtils.java:logGet(44)) - raft.server.storage.dir = [/home/runner/work/ozone/ozone/hadoop-ozone/integration-test/target/test-dir/MiniOzoneClusterImpl-af1e1b15-19ea-4ddd-8a7a-846906bb1efb/datanode-2/data/ratis] (custom)
2021-11-20 13:47:17,271 [pool-161-thread-1] INFO  server.RaftServerConfigKeys (ConfUtils.java:logGet(44)) - raft.server.log.corruption.policy = EXCEPTION (default)
2021-11-20 13:47:17,271 [pool-161-thread-1] INFO  server.RaftServerConfigKeys (ConfUtils.java:logGet(44)) - raft.server.storage.free-space.min = 0MB (=0) (default)
2021-11-20 13:47:17,271 [pool-161-thread-1] INFO  storage.RaftStorageDirectory (RaftStorageDirectoryImpl.java:analyzeStorage(135)) - The storage directory /home/runner/work/ozone/ozone/hadoop-ozone/integration-test/target/test-dir/MiniOzoneClusterImpl-af1e1b15-19ea-4ddd-8a7a-846906bb1efb/datanode-2/data/ratis/f958395c-d16f-493f-a3d9-c1152556d82b does not exist. Creating ...
2021-11-20 13:47:17,280 [pool-161-thread-1] INFO  storage.RaftStorageDirectory (RaftStorageDirectoryImpl.java:tryLock(230)) - Lock on /home/runner/work/ozone/ozone/hadoop-ozone/integration-test/target/test-dir/MiniOzoneClusterImpl-af1e1b15-19ea-4ddd-8a7a-846906bb1efb/datanode-2/data/ratis/f958395c-d16f-493f-a3d9-c1152556d82b/in_use.lock acquired by nodename 13463@fv-az60-126
2021-11-20 13:47:17,281 [pool-161-thread-1] INFO  storage.RaftStorage (RaftStorageImpl.java:format(89)) - Storage directory /home/runner/work/ozone/ozone/hadoop-ozone/integration-test/target/test-dir/MiniOzoneClusterImpl-af1e1b15-19ea-4ddd-8a7a-846906bb1efb/datanode-2/data/ratis/f958395c-d16f-493f-a3d9-c1152556d82b has been successfully formatted.
2021-11-20 13:47:17,282 [pool-161-thread-1] INFO  ratis.ContainerStateMachine (ContainerStateMachine.java:loadSnapshot(224)) - group-C1152556D82B: The snapshot info is null. Setting the last applied indexto:(t:0, i:~)
2021-11-20 13:47:17,283 [pool-161-thread-1] INFO  server.RaftServerConfigKeys (ConfUtils.java:logGet(44)) - raft.server.notification.no-leader.timeout = 300s (custom)
2021-11-20 13:47:17,283 [pool-161-thread-1] INFO  server.RaftServerConfigKeys (ConfUtils.java:logGet(44)) - raft.server.log.use.memory = false (default)
2021-11-20 13:47:17,283 [pool-161-thread-1] INFO  server.RaftServerConfigKeys (ConfUtils.java:logGet(44)) - raft.server.log.purge.gap = 1000000 (custom)
2021-11-20 13:47:17,283 [pool-161-thread-1] INFO  server.RaftServerConfigKeys (ConfUtils.java:logGet(44)) - raft.server.log.appender.buffer.byte-limit = 33554432 (custom)
2021-11-20 13:47:17,283 [pool-161-thread-1] INFO  server.RaftServerConfigKeys (ConfUtils.java:logGet(44)) - raft.server.log.segment.size.max = 1048576 (custom)
2021-11-20 13:47:17,284 [pool-161-thread-1] INFO  server.RaftServerConfigKeys (ConfUtils.java:logGet(44)) - raft.server.log.segment.cache.num.max = 2 (custom)
2021-11-20 13:47:17,284 [pool-161-thread-1] INFO  server.RaftServerConfigKeys (ConfUtils.java:logGet(44)) - raft.server.log.segment.cache.size.max = 200MB (=209715200) (default)
2021-11-20 13:47:17,284 [pool-161-thread-1] INFO  segmented.SegmentedRaftLogWorker (SegmentedRaftLogWorker.java:<init>(182)) - new 5bcee01b-9f3b-4422-a8ff-83b22c074be4@group-C1152556D82B-SegmentedRaftLogWorker for RaftStorageImpl:Storage Directory /home/runner/work/ozone/ozone/hadoop-ozone/integration-test/target/test-dir/MiniOzoneClusterImpl-af1e1b15-19ea-4ddd-8a7a-846906bb1efb/datanode-2/data/ratis/f958395c-d16f-493f-a3d9-c1152556d82b
2021-11-20 13:47:17,284 [pool-161-thread-1] INFO  server.RaftServerConfigKeys (ConfUtils.java:logGet(44)) - raft.server.log.queue.byte-limit = 2147483647 (custom)
2021-11-20 13:47:17,284 [pool-161-thread-1] INFO  server.RaftServerConfigKeys (ConfUtils.java:logGet(44)) - raft.server.log.queue.element-limit = 1024 (custom)
2021-11-20 13:47:17,285 [pool-161-thread-1] INFO  server.RaftServerConfigKeys (ConfUtils.java:logGet(44)) - raft.server.log.segment.size.max = 1048576 (custom)
2021-11-20 13:47:17,285 [pool-161-thread-1] INFO  server.RaftServerConfigKeys (ConfUtils.java:logGet(44)) - raft.server.log.preallocated.size = 16384 (custom)
2021-11-20 13:47:17,285 [pool-161-thread-1] INFO  server.RaftServerConfigKeys (ConfUtils.java:logGet(44)) - raft.server.log.force.sync.num = 128 (default)
2021-11-20 13:47:17,285 [pool-161-thread-1] INFO  server.RaftServerConfigKeys (ConfUtils.java:logGet(44)) - raft.server.log.statemachine.data.sync = true (default)
2021-11-20 13:47:17,285 [pool-161-thread-1] INFO  server.RaftServerConfigKeys (ConfUtils.java:logGet(44)) - raft.server.log.statemachine.data.sync.timeout = 10s (default)
2021-11-20 13:47:17,285 [pool-161-thread-1] INFO  server.RaftServerConfigKeys (ConfUtils.java:logGet(44)) - raft.server.log.statemachine.data.sync.timeout.retry = -1 (default)
2021-11-20 13:47:17,286 [pool-161-thread-1] INFO  server.RaftServerConfigKeys (ConfUtils.java:logGet(44)) - raft.server.log.write.buffer.size = 1048576 (custom)
2021-11-20 13:47:17,289 [pool-161-thread-1] INFO  server.RaftServerConfigKeys (ConfUtils.java:logGet(44)) - raft.server.log.statemachine.data.caching.enabled = true (custom)
2021-11-20 13:47:17,294 [pool-161-thread-1] INFO  segmented.SegmentedRaftLogWorker (SegmentedRaftLogWorker.java:lambda$new$0(133)) - 5bcee01b-9f3b-4422-a8ff-83b22c074be4@group-C1152556D82B-SegmentedRaftLogWorker: flushIndex: setUnconditionally 0 -> -1
2021-11-20 13:47:17,294 [pool-161-thread-1] INFO  segmented.SegmentedRaftLogWorker (SegmentedRaftLogWorker.java:lambda$new$0(133)) - 5bcee01b-9f3b-4422-a8ff-83b22c074be4@group-C1152556D82B-SegmentedRaftLogWorker: safeCacheEvictIndex: setUnconditionally 0 -> -1
2021-11-20 13:47:17,300 [pool-161-thread-1] INFO  server.RaftServerConfigKeys (ConfUtils.java:logGet(44)) - raft.server.snapshot.auto.trigger.enabled = true (custom)
2021-11-20 13:47:17,300 [pool-161-thread-1] INFO  server.RaftServerConfigKeys (ConfUtils.java:logGet(44)) - raft.server.snapshot.auto.trigger.threshold = 10000 (custom)
2021-11-20 13:47:17,300 [pool-161-thread-1] INFO  server.RaftServerConfigKeys (ConfUtils.java:logGet(44)) - raft.server.snapshot.retention.file.num = 5 (custom)
2021-11-20 13:47:17,300 [pool-161-thread-1] INFO  server.RaftServerConfigKeys (ConfUtils.java:logGet(44)) - raft.server.log.purge.upto.snapshot.index = false (default)
2021-11-20 13:47:17,300 [pool-161-thread-1] INFO  server.RaftServerConfigKeys (ConfUtils.java:logGet(44)) - raft.server.retrycache.expirytime = 600000ms (custom)
2021-11-20 13:47:17,300 [pool-161-thread-1] INFO  server.RaftServerConfigKeys (ConfUtils.java:logGet(44)) - raft.server.retrycache.statistics.expirytime = 100μs (default)
2021-11-20 13:47:17,301 [pool-161-thread-1] INFO  server.RaftServer$Division (RaftServerImpl.java:start(301)) - 5bcee01b-9f3b-4422-a8ff-83b22c074be4@group-C1152556D82B: start as a follower, conf=-1: [5bcee01b-9f3b-4422-a8ff-83b22c074be4|rpc:10.1.0.12:38681|priority:0, 1b072022-7d94-4c8c-bba3-c337de8b7083|rpc:10.1.0.12:36175|priority:1, d4509efe-e4ea-4b42-80bc-7ebf58d9d6f5|rpc:10.1.0.12:43693|priority:0], old=null
2021-11-20 13:47:17,301 [pool-161-thread-1] INFO  server.RaftServer$Division (RaftServerImpl.java:setRole(290)) - 5bcee01b-9f3b-4422-a8ff-83b22c074be4@group-C1152556D82B: changes role from      null to FOLLOWER at term 0 for startAsFollower
2021-11-20 13:47:17,301 [pool-161-thread-1] INFO  impl.RoleInfo (RoleInfo.java:updateAndGet(130)) - 5bcee01b-9f3b-4422-a8ff-83b22c074be4: start 5bcee01b-9f3b-4422-a8ff-83b22c074be4@group-C1152556D82B-FollowerState
2021-11-20 13:47:17,306 [pool-161-thread-1] INFO  util.JmxRegister (JmxRegister.java:tryRegister(44)) - Successfully registered JMX Bean with object name Ratis:service=RaftServer,group=group-C1152556D82B,id=5bcee01b-9f3b-4422-a8ff-83b22c074be4
2021-11-20 13:47:17,319 [Command processor thread] INFO  ratis.XceiverServerRatis (XceiverServerRatis.java:addGroup(768)) - Created group PipelineID=f958395c-d16f-493f-a3d9-c1152556d82b
2021-11-20 13:47:17,335 [EventQueue-OpenPipelineForHealthyPipelineSafeModeRule] INFO  safemode.SCMSafeModeManager (HealthyPipelineSafeModeRule.java:process(124)) - SCM in safe mode. Healthy pipelines reported count is 0, required healthy pipeline reported count is 1
2021-11-20 13:47:17,727 [Command processor thread] INFO  commandhandler.CreatePipelineCommandHandler (CreatePipelineCommandHandler.java:handle(106)) - Created Pipeline RATIS THREE PipelineID=f958395c-d16f-493f-a3d9-c1152556d82b.
2021-11-20 13:47:17,732 [Command processor thread] INFO  commandhandler.CreatePipelineCommandHandler (CreatePipelineCommandHandler.java:handle(106)) - Created Pipeline RATIS THREE PipelineID=f958395c-d16f-493f-a3d9-c1152556d82b.
2021-11-20 13:47:17,735 [Command processor thread] INFO  commandhandler.CreatePipelineCommandHandler (CreatePipelineCommandHandler.java:handle(106)) - Created Pipeline RATIS THREE PipelineID=f958395c-d16f-493f-a3d9-c1152556d82b.
2021-11-20 13:47:18,159 [Listener at 127.0.0.1/41529] INFO  ozone.MiniOzoneClusterImpl (MiniOzoneClusterImpl.java:lambda$waitForClusterToBeReady$0(235)) - Nodes are ready. Got 3 of 3 DN Heartbeats.
2021-11-20 13:47:18,159 [Listener at 127.0.0.1/41529] INFO  ozone.MiniOzoneClusterImpl (MiniOzoneClusterImpl.java:lambda$waitForClusterToBeReady$0(238)) - Waiting for cluster to exit safe mode
2021-11-20 13:47:18,159 [Listener at 127.0.0.1/41529] INFO  ozone.MiniOzoneClusterImpl (MiniOzoneClusterImpl.java:lambda$waitForClusterToBeReady$0(240)) - SCM became leader
2021-11-20 13:47:19,160 [Listener at 127.0.0.1/41529] INFO  ozone.MiniOzoneClusterImpl (MiniOzoneClusterImpl.java:lambda$waitForClusterToBeReady$0(235)) - Nodes are ready. Got 3 of 3 DN Heartbeats.
2021-11-20 13:47:19,160 [Listener at 127.0.0.1/41529] INFO  ozone.MiniOzoneClusterImpl (MiniOzoneClusterImpl.java:lambda$waitForClusterToBeReady$0(238)) - Waiting for cluster to exit safe mode
2021-11-20 13:47:19,160 [Listener at 127.0.0.1/41529] INFO  ozone.MiniOzoneClusterImpl (MiniOzoneClusterImpl.java:lambda$waitForClusterToBeReady$0(240)) - SCM became leader
2021-11-20 13:47:20,160 [Listener at 127.0.0.1/41529] INFO  ozone.MiniOzoneClusterImpl (MiniOzoneClusterImpl.java:lambda$waitForClusterToBeReady$0(235)) - Nodes are ready. Got 3 of 3 DN Heartbeats.
2021-11-20 13:47:20,161 [Listener at 127.0.0.1/41529] INFO  ozone.MiniOzoneClusterImpl (MiniOzoneClusterImpl.java:lambda$waitForClusterToBeReady$0(238)) - Waiting for cluster to exit safe mode
2021-11-20 13:47:20,161 [Listener at 127.0.0.1/41529] INFO  ozone.MiniOzoneClusterImpl (MiniOzoneClusterImpl.java:lambda$waitForClusterToBeReady$0(240)) - SCM became leader
2021-11-20 13:47:21,161 [Listener at 127.0.0.1/41529] INFO  ozone.MiniOzoneClusterImpl (MiniOzoneClusterImpl.java:lambda$waitForClusterToBeReady$0(235)) - Nodes are ready. Got 3 of 3 DN Heartbeats.
2021-11-20 13:47:21,161 [Listener at 127.0.0.1/41529] INFO  ozone.MiniOzoneClusterImpl (MiniOzoneClusterImpl.java:lambda$waitForClusterToBeReady$0(238)) - Waiting for cluster to exit safe mode
2021-11-20 13:47:21,161 [Listener at 127.0.0.1/41529] INFO  ozone.MiniOzoneClusterImpl (MiniOzoneClusterImpl.java:lambda$waitForClusterToBeReady$0(240)) - SCM became leader
2021-11-20 13:47:21,757 [d4509efe-e4ea-4b42-80bc-7ebf58d9d6f5@group-AB9510350B92-FollowerState] INFO  impl.FollowerState (FollowerState.java:run(134)) - d4509efe-e4ea-4b42-80bc-7ebf58d9d6f5@group-AB9510350B92-FollowerState: change to CANDIDATE, lastRpcElapsedTime:5119915747ns, electionTimeout:5106ms
2021-11-20 13:47:21,757 [d4509efe-e4ea-4b42-80bc-7ebf58d9d6f5@group-AB9510350B92-FollowerState] INFO  impl.RoleInfo (RoleInfo.java:shutdownFollowerState(108)) - d4509efe-e4ea-4b42-80bc-7ebf58d9d6f5: shutdown d4509efe-e4ea-4b42-80bc-7ebf58d9d6f5@group-AB9510350B92-FollowerState
2021-11-20 13:47:21,757 [d4509efe-e4ea-4b42-80bc-7ebf58d9d6f5@group-AB9510350B92-FollowerState] INFO  server.RaftServer$Division (RaftServerImpl.java:setRole(290)) - d4509efe-e4ea-4b42-80bc-7ebf58d9d6f5@group-AB9510350B92: changes role from  FOLLOWER to CANDIDATE at term 0 for changeToCandidate
2021-11-20 13:47:21,757 [d4509efe-e4ea-4b42-80bc-7ebf58d9d6f5@group-AB9510350B92-FollowerState] INFO  server.RaftServerConfigKeys (ConfUtils.java:logGet(44)) - raft.server.leaderelection.pre-vote = false (custom)
2021-11-20 13:47:21,757 [d4509efe-e4ea-4b42-80bc-7ebf58d9d6f5@group-AB9510350B92-FollowerState] INFO  impl.RoleInfo (RoleInfo.java:updateAndGet(130)) - d4509efe-e4ea-4b42-80bc-7ebf58d9d6f5: start d4509efe-e4ea-4b42-80bc-7ebf58d9d6f5@group-AB9510350B92-LeaderElection4
2021-11-20 13:47:21,766 [d4509efe-e4ea-4b42-80bc-7ebf58d9d6f5@group-AB9510350B92-LeaderElection4] INFO  impl.LeaderElection (LeaderElection.java:askForVotes(306)) - d4509efe-e4ea-4b42-80bc-7ebf58d9d6f5@group-AB9510350B92-LeaderElection4 ELECTION round 0: submit vote requests at term 1 for -1: [d4509efe-e4ea-4b42-80bc-7ebf58d9d6f5|rpc:10.1.0.12:43693|priority:1], old=null
2021-11-20 13:47:21,766 [d4509efe-e4ea-4b42-80bc-7ebf58d9d6f5@group-AB9510350B92-LeaderElection4] INFO  impl.LeaderElection (LeaderElection.java:askForVotes(308)) - d4509efe-e4ea-4b42-80bc-7ebf58d9d6f5@group-AB9510350B92-LeaderElection4 ELECTION round 0: result PASSED (term=1)
2021-11-20 13:47:21,766 [d4509efe-e4ea-4b42-80bc-7ebf58d9d6f5@group-AB9510350B92-LeaderElection4] INFO  impl.RoleInfo (RoleInfo.java:shutdownLeaderElection(121)) - d4509efe-e4ea-4b42-80bc-7ebf58d9d6f5: shutdown d4509efe-e4ea-4b42-80bc-7ebf58d9d6f5@group-AB9510350B92-LeaderElection4
2021-11-20 13:47:21,766 [d4509efe-e4ea-4b42-80bc-7ebf58d9d6f5@group-AB9510350B92-LeaderElection4] INFO  server.RaftServer$Division (RaftServerImpl.java:setRole(290)) - d4509efe-e4ea-4b42-80bc-7ebf58d9d6f5@group-AB9510350B92: changes role from CANDIDATE to LEADER at term 1 for changeToLeader
2021-11-20 13:47:21,766 [d4509efe-e4ea-4b42-80bc-7ebf58d9d6f5@group-AB9510350B92-LeaderElection4] INFO  ratis.XceiverServerRatis (XceiverServerRatis.java:handleLeaderChangedNotification(866)) - Leader change notification received for group: group-AB9510350B92 with new leaderId: d4509efe-e4ea-4b42-80bc-7ebf58d9d6f5
2021-11-20 13:47:21,770 [EventQueue-OpenPipelineForHealthyPipelineSafeModeRule] INFO  safemode.SCMSafeModeManager (HealthyPipelineSafeModeRule.java:process(124)) - SCM in safe mode. Healthy pipelines reported count is 0, required healthy pipeline reported count is 1
2021-11-20 13:47:21,770 [d4509efe-e4ea-4b42-80bc-7ebf58d9d6f5@group-C1152556D82B-FollowerState] INFO  impl.FollowerState (FollowerState.java:run(134)) - d4509efe-e4ea-4b42-80bc-7ebf58d9d6f5@group-C1152556D82B-FollowerState: change to CANDIDATE, lastRpcElapsedTime:5097905140ns, electionTimeout:5092ms
2021-11-20 13:47:21,770 [d4509efe-e4ea-4b42-80bc-7ebf58d9d6f5@group-C1152556D82B-FollowerState] INFO  impl.RoleInfo (RoleInfo.java:shutdownFollowerState(108)) - d4509efe-e4ea-4b42-80bc-7ebf58d9d6f5: shutdown d4509efe-e4ea-4b42-80bc-7ebf58d9d6f5@group-C1152556D82B-FollowerState
2021-11-20 13:47:21,770 [d4509efe-e4ea-4b42-80bc-7ebf58d9d6f5@group-C1152556D82B-FollowerState] INFO  server.RaftServer$Division (RaftServerImpl.java:setRole(290)) - d4509efe-e4ea-4b42-80bc-7ebf58d9d6f5@group-C1152556D82B: changes role from  FOLLOWER to CANDIDATE at term 0 for changeToCandidate
2021-11-20 13:47:21,772 [d4509efe-e4ea-4b42-80bc-7ebf58d9d6f5@group-C1152556D82B-FollowerState] INFO  server.RaftServerConfigKeys (ConfUtils.java:logGet(44)) - raft.server.leaderelection.pre-vote = false (custom)
2021-11-20 13:47:21,772 [d4509efe-e4ea-4b42-80bc-7ebf58d9d6f5@group-C1152556D82B-FollowerState] INFO  impl.RoleInfo (RoleInfo.java:updateAndGet(130)) - d4509efe-e4ea-4b42-80bc-7ebf58d9d6f5: start d4509efe-e4ea-4b42-80bc-7ebf58d9d6f5@group-C1152556D82B-LeaderElection5
2021-11-20 13:47:21,773 [d4509efe-e4ea-4b42-80bc-7ebf58d9d6f5@group-AB9510350B92-LeaderElection4] INFO  server.RaftServer$Division (ServerState.java:setLeader(285)) - d4509efe-e4ea-4b42-80bc-7ebf58d9d6f5@group-AB9510350B92: change Leader from null to d4509efe-e4ea-4b42-80bc-7ebf58d9d6f5 at term 1 for becomeLeader, leader elected after 5149ms
2021-11-20 13:47:21,775 [d4509efe-e4ea-4b42-80bc-7ebf58d9d6f5@group-AB9510350B92-LeaderElection4] INFO  server.RaftServerConfigKeys (ConfUtils.java:logGet(44)) - raft.server.staging.catchup.gap = 1000 (default)
2021-11-20 13:47:21,780 [d4509efe-e4ea-4b42-80bc-7ebf58d9d6f5@group-AB9510350B92-LeaderElection4] INFO  server.RaftServerConfigKeys (ConfUtils.java:logGet(44)) - raft.server.write.element-limit = 1024 (custom)
2021-11-20 13:47:21,780 [d4509efe-e4ea-4b42-80bc-7ebf58d9d6f5@group-AB9510350B92-LeaderElection4] INFO  server.RaftServerConfigKeys (ConfUtils.java:logGet(44)) - raft.server.write.byte-limit = 1024 M (=1073741824) (custom)
2021-11-20 13:47:21,780 [d4509efe-e4ea-4b42-80bc-7ebf58d9d6f5@group-AB9510350B92-LeaderElection4] INFO  server.RaftServerConfigKeys (ConfUtils.java:logGet(44)) - raft.server.watch.timeout = 180s (custom)
2021-11-20 13:47:21,780 [d4509efe-e4ea-4b42-80bc-7ebf58d9d6f5@group-AB9510350B92-LeaderElection4] INFO  server.RaftServerConfigKeys (ConfUtils.java:logGet(44)) - raft.server.watch.timeout.denomination = 1s (default)
2021-11-20 13:47:21,780 [d4509efe-e4ea-4b42-80bc-7ebf58d9d6f5@group-AB9510350B92-LeaderElection4] INFO  server.RaftServerConfigKeys (ConfUtils.java:logGet(44)) - raft.server.watch.element-limit = 65536 (default)
2021-11-20 13:47:21,781 [d4509efe-e4ea-4b42-80bc-7ebf58d9d6f5@group-AB9510350B92-LeaderElection4] INFO  server.RaftServerConfigKeys (ConfUtils.java:logGet(44)) - raft.server.write.element-limit = 1024 (custom)
2021-11-20 13:47:21,781 [d4509efe-e4ea-4b42-80bc-7ebf58d9d6f5@group-AB9510350B92-LeaderElection4] INFO  server.RaftServerConfigKeys (ConfUtils.java:logGet(44)) - raft.server.write.follower.gap.ratio.max = -1.0 (default)
2021-11-20 13:47:21,781 [d4509efe-e4ea-4b42-80bc-7ebf58d9d6f5@group-AB9510350B92-LeaderElection4] INFO  impl.RoleInfo (RoleInfo.java:updateAndGet(130)) - d4509efe-e4ea-4b42-80bc-7ebf58d9d6f5: start d4509efe-e4ea-4b42-80bc-7ebf58d9d6f5@group-AB9510350B92-LeaderStateImpl
2021-11-20 13:47:21,781 [d4509efe-e4ea-4b42-80bc-7ebf58d9d6f5@group-AB9510350B92-LeaderElection4] INFO  segmented.SegmentedRaftLogWorker (SegmentedRaftLogWorker.java:startLogSegment(394)) - d4509efe-e4ea-4b42-80bc-7ebf58d9d6f5@group-AB9510350B92-SegmentedRaftLogWorker: Starting segment from index:0
2021-11-20 13:47:21,783 [d4509efe-e4ea-4b42-80bc-7ebf58d9d6f5@group-AB9510350B92-LeaderElection4] INFO  server.RaftServer$Division (ServerState.java:setRaftConf(387)) - d4509efe-e4ea-4b42-80bc-7ebf58d9d6f5@group-AB9510350B92: set configuration 0: [d4509efe-e4ea-4b42-80bc-7ebf58d9d6f5|rpc:10.1.0.12:43693|dataStream:|priority:1], old=null
2021-11-20 13:47:21,783 [d4509efe-e4ea-4b42-80bc-7ebf58d9d6f5@group-AB9510350B92-SegmentedRaftLogWorker] INFO  segmented.SegmentedRaftLogWorker (SegmentedRaftLogWorker.java:execute(601)) - d4509efe-e4ea-4b42-80bc-7ebf58d9d6f5@group-AB9510350B92-SegmentedRaftLogWorker: created new log segment /home/runner/work/ozone/ozone/hadoop-ozone/integration-test/target/test-dir/MiniOzoneClusterImpl-af1e1b15-19ea-4ddd-8a7a-846906bb1efb/datanode-0/data/ratis/18f25a9f-43e6-48cd-bd12-ab9510350b92/current/log_inprogress_0
2021-11-20 13:47:21,784 [d4509efe-e4ea-4b42-80bc-7ebf58d9d6f5@group-C1152556D82B-LeaderElection5] INFO  impl.LeaderElection (LeaderElection.java:askForVotes(306)) - d4509efe-e4ea-4b42-80bc-7ebf58d9d6f5@group-C1152556D82B-LeaderElection5 ELECTION round 0: submit vote requests at term 1 for -1: [5bcee01b-9f3b-4422-a8ff-83b22c074be4|rpc:10.1.0.12:38681|priority:0, 1b072022-7d94-4c8c-bba3-c337de8b7083|rpc:10.1.0.12:36175|priority:1, d4509efe-e4ea-4b42-80bc-7ebf58d9d6f5|rpc:10.1.0.12:43693|priority:0], old=null
2021-11-20 13:47:21,824 [grpc-default-executor-2] INFO  server.RaftServer$Division (RaftServerImpl.java:requestVote(1046)) - 1b072022-7d94-4c8c-bba3-c337de8b7083@group-C1152556D82B: receive requestVote(ELECTION, d4509efe-e4ea-4b42-80bc-7ebf58d9d6f5, group-C1152556D82B, 1, (t:0, i:0))
2021-11-20 13:47:21,826 [grpc-default-executor-2] INFO  impl.VoteContext (VoteContext.java:log(48)) - 1b072022-7d94-4c8c-bba3-c337de8b7083@group-C1152556D82B-FOLLOWER: reject ELECTION from d4509efe-e4ea-4b42-80bc-7ebf58d9d6f5: our priority 1 > candidate's priority 0
2021-11-20 13:47:21,826 [grpc-default-executor-0] INFO  server.RaftServer$Division (RaftServerImpl.java:requestVote(1046)) - 5bcee01b-9f3b-4422-a8ff-83b22c074be4@group-C1152556D82B: receive requestVote(ELECTION, d4509efe-e4ea-4b42-80bc-7ebf58d9d6f5, group-C1152556D82B, 1, (t:0, i:0))
2021-11-20 13:47:21,826 [grpc-default-executor-2] INFO  server.RaftServer$Division (RaftServerImpl.java:setRole(290)) - 1b072022-7d94-4c8c-bba3-c337de8b7083@group-C1152556D82B: changes role from  FOLLOWER to FOLLOWER at term 1 for candidate:d4509efe-e4ea-4b42-80bc-7ebf58d9d6f5
2021-11-20 13:47:21,826 [grpc-default-executor-2] INFO  impl.RoleInfo (RoleInfo.java:shutdownFollowerState(108)) - 1b072022-7d94-4c8c-bba3-c337de8b7083: shutdown 1b072022-7d94-4c8c-bba3-c337de8b7083@group-C1152556D82B-FollowerState
2021-11-20 13:47:21,826 [grpc-default-executor-2] INFO  impl.RoleInfo (RoleInfo.java:updateAndGet(130)) - 1b072022-7d94-4c8c-bba3-c337de8b7083: start 1b072022-7d94-4c8c-bba3-c337de8b7083@group-C1152556D82B-FollowerState
2021-11-20 13:47:21,827 [1b072022-7d94-4c8c-bba3-c337de8b7083@group-C1152556D82B-FollowerState] INFO  impl.FollowerState (FollowerState.java:run(143)) - 1b072022-7d94-4c8c-bba3-c337de8b7083@group-C1152556D82B-FollowerState was interrupted: {}
java.lang.InterruptedException: sleep interrupted
	at java.lang.Thread.sleep(Native Method)
	at java.lang.Thread.sleep(Thread.java:340)
	at java.util.concurrent.TimeUnit.sleep(TimeUnit.java:386)
	at org.apache.ratis.util.TimeDuration.sleep(TimeDuration.java:324)
	at org.apache.ratis.util.TimeDuration.sleep(TimeDuration.java:309)
	at org.apache.ratis.server.impl.FollowerState.run(FollowerState.java:118)
2021-11-20 13:47:21,826 [grpc-default-executor-0] INFO  impl.VoteContext (VoteContext.java:log(48)) - 5bcee01b-9f3b-4422-a8ff-83b22c074be4@group-C1152556D82B-FOLLOWER: accept ELECTION from d4509efe-e4ea-4b42-80bc-7ebf58d9d6f5: our priority 0 <= candidate's priority 0
2021-11-20 13:47:21,832 [grpc-default-executor-0] INFO  server.RaftServer$Division (RaftServerImpl.java:setRole(290)) - 5bcee01b-9f3b-4422-a8ff-83b22c074be4@group-C1152556D82B: changes role from  FOLLOWER to FOLLOWER at term 1 for candidate:d4509efe-e4ea-4b42-80bc-7ebf58d9d6f5
2021-11-20 13:47:21,832 [grpc-default-executor-0] INFO  impl.RoleInfo (RoleInfo.java:shutdownFollowerState(108)) - 5bcee01b-9f3b-4422-a8ff-83b22c074be4: shutdown 5bcee01b-9f3b-4422-a8ff-83b22c074be4@group-C1152556D82B-FollowerState
2021-11-20 13:47:21,832 [grpc-default-executor-0] INFO  impl.RoleInfo (RoleInfo.java:updateAndGet(130)) - 5bcee01b-9f3b-4422-a8ff-83b22c074be4: start 5bcee01b-9f3b-4422-a8ff-83b22c074be4@group-C1152556D82B-FollowerState
2021-11-20 13:47:21,832 [5bcee01b-9f3b-4422-a8ff-83b22c074be4@group-C1152556D82B-FollowerState] INFO  impl.FollowerState (FollowerState.java:run(143)) - 5bcee01b-9f3b-4422-a8ff-83b22c074be4@group-C1152556D82B-FollowerState was interrupted: {}
java.lang.InterruptedException: sleep interrupted
	at java.lang.Thread.sleep(Native Method)
	at java.lang.Thread.sleep(Thread.java:340)
	at java.util.concurrent.TimeUnit.sleep(TimeUnit.java:386)
	at org.apache.ratis.util.TimeDuration.sleep(TimeDuration.java:324)
	at org.apache.ratis.util.TimeDuration.sleep(TimeDuration.java:309)
	at org.apache.ratis.server.impl.FollowerState.run(FollowerState.java:118)
2021-11-20 13:47:21,840 [grpc-default-executor-0] INFO  server.RaftServer$Division (RaftServerImpl.java:requestVote(1078)) - 5bcee01b-9f3b-4422-a8ff-83b22c074be4@group-C1152556D82B replies to ELECTION vote request: d4509efe-e4ea-4b42-80bc-7ebf58d9d6f5<-5bcee01b-9f3b-4422-a8ff-83b22c074be4#0:OK-t1. Peer's state: 5bcee01b-9f3b-4422-a8ff-83b22c074be4@group-C1152556D82B:t1, leader=null, voted=d4509efe-e4ea-4b42-80bc-7ebf58d9d6f5, raftlog=5bcee01b-9f3b-4422-a8ff-83b22c074be4@group-C1152556D82B-SegmentedRaftLog:OPENED:c-1, conf=-1: [5bcee01b-9f3b-4422-a8ff-83b22c074be4|rpc:10.1.0.12:38681|priority:0, 1b072022-7d94-4c8c-bba3-c337de8b7083|rpc:10.1.0.12:36175|priority:1, d4509efe-e4ea-4b42-80bc-7ebf58d9d6f5|rpc:10.1.0.12:43693|priority:0], old=null
2021-11-20 13:47:21,840 [grpc-default-executor-2] INFO  server.RaftServer$Division (RaftServerImpl.java:requestVote(1078)) - 1b072022-7d94-4c8c-bba3-c337de8b7083@group-C1152556D82B replies to ELECTION vote request: d4509efe-e4ea-4b42-80bc-7ebf58d9d6f5<-1b072022-7d94-4c8c-bba3-c337de8b7083#0:FAIL-t1. Peer's state: 1b072022-7d94-4c8c-bba3-c337de8b7083@group-C1152556D82B:t1, leader=null, voted=null, raftlog=1b072022-7d94-4c8c-bba3-c337de8b7083@group-C1152556D82B-SegmentedRaftLog:OPENED:c-1, conf=-1: [5bcee01b-9f3b-4422-a8ff-83b22c074be4|rpc:10.1.0.12:38681|priority:0, 1b072022-7d94-4c8c-bba3-c337de8b7083|rpc:10.1.0.12:36175|priority:1, d4509efe-e4ea-4b42-80bc-7ebf58d9d6f5|rpc:10.1.0.12:43693|priority:0], old=null
2021-11-20 13:47:21,848 [d4509efe-e4ea-4b42-80bc-7ebf58d9d6f5@group-C1152556D82B-LeaderElection5] INFO  impl.LeaderElection (LeaderElection.java:logAndReturn(89)) - d4509efe-e4ea-4b42-80bc-7ebf58d9d6f5@group-C1152556D82B-LeaderElection5: ELECTION REJECTED received 1 response(s) and 0 exception(s):
2021-11-20 13:47:21,849 [d4509efe-e4ea-4b42-80bc-7ebf58d9d6f5@group-C1152556D82B-LeaderElection5] INFO  impl.LeaderElection (LeaderElection.java:logAndReturn(93)) -   Response 0: d4509efe-e4ea-4b42-80bc-7ebf58d9d6f5<-1b072022-7d94-4c8c-bba3-c337de8b7083#0:FAIL-t1
2021-11-20 13:47:21,849 [d4509efe-e4ea-4b42-80bc-7ebf58d9d6f5@group-C1152556D82B-LeaderElection5] INFO  impl.LeaderElection (LeaderElection.java:askForVotes(308)) - d4509efe-e4ea-4b42-80bc-7ebf58d9d6f5@group-C1152556D82B-LeaderElection5 ELECTION round 0: result REJECTED
2021-11-20 13:47:21,849 [d4509efe-e4ea-4b42-80bc-7ebf58d9d6f5@group-C1152556D82B-LeaderElection5] INFO  server.RaftServer$Division (RaftServerImpl.java:setRole(290)) - d4509efe-e4ea-4b42-80bc-7ebf58d9d6f5@group-C1152556D82B: changes role from CANDIDATE to FOLLOWER at term 1 for REJECTED
2021-11-20 13:47:21,849 [d4509efe-e4ea-4b42-80bc-7ebf58d9d6f5@group-C1152556D82B-LeaderElection5] INFO  impl.RoleInfo (RoleInfo.java:shutdownLeaderElection(121)) - d4509efe-e4ea-4b42-80bc-7ebf58d9d6f5: shutdown d4509efe-e4ea-4b42-80bc-7ebf58d9d6f5@group-C1152556D82B-LeaderElection5
2021-11-20 13:47:21,849 [d4509efe-e4ea-4b42-80bc-7ebf58d9d6f5@group-C1152556D82B-LeaderElection5] INFO  impl.RoleInfo (RoleInfo.java:updateAndGet(130)) - d4509efe-e4ea-4b42-80bc-7ebf58d9d6f5: start d4509efe-e4ea-4b42-80bc-7ebf58d9d6f5@group-C1152556D82B-FollowerState
2021-11-20 13:47:22,136 [1b072022-7d94-4c8c-bba3-c337de8b7083@group-06329D1FA7A2-FollowerState] INFO  impl.FollowerState (FollowerState.java:run(134)) - 1b072022-7d94-4c8c-bba3-c337de8b7083@group-06329D1FA7A2-FollowerState: change to CANDIDATE, lastRpcElapsedTime:5192926898ns, electionTimeout:5186ms
2021-11-20 13:47:22,138 [1b072022-7d94-4c8c-bba3-c337de8b7083@group-06329D1FA7A2-FollowerState] INFO  impl.RoleInfo (RoleInfo.java:shutdownFollowerState(108)) - 1b072022-7d94-4c8c-bba3-c337de8b7083: shutdown 1b072022-7d94-4c8c-bba3-c337de8b7083@group-06329D1FA7A2-FollowerState
2021-11-20 13:47:22,138 [1b072022-7d94-4c8c-bba3-c337de8b7083@group-06329D1FA7A2-FollowerState] INFO  server.RaftServer$Division (RaftServerImpl.java:setRole(290)) - 1b072022-7d94-4c8c-bba3-c337de8b7083@group-06329D1FA7A2: changes role from  FOLLOWER to CANDIDATE at term 0 for changeToCandidate
2021-11-20 13:47:22,138 [1b072022-7d94-4c8c-bba3-c337de8b7083@group-06329D1FA7A2-FollowerState] INFO  server.RaftServerConfigKeys (ConfUtils.java:logGet(44)) - raft.server.leaderelection.pre-vote = false (custom)
2021-11-20 13:47:22,138 [1b072022-7d94-4c8c-bba3-c337de8b7083@group-06329D1FA7A2-FollowerState] INFO  impl.RoleInfo (RoleInfo.java:updateAndGet(130)) - 1b072022-7d94-4c8c-bba3-c337de8b7083: start 1b072022-7d94-4c8c-bba3-c337de8b7083@group-06329D1FA7A2-LeaderElection6
2021-11-20 13:47:22,148 [1b072022-7d94-4c8c-bba3-c337de8b7083@group-06329D1FA7A2-LeaderElection6] INFO  impl.LeaderElection (LeaderElection.java:askForVotes(306)) - 1b072022-7d94-4c8c-bba3-c337de8b7083@group-06329D1FA7A2-LeaderElection6 ELECTION round 0: submit vote requests at term 1 for -1: [1b072022-7d94-4c8c-bba3-c337de8b7083|rpc:10.1.0.12:36175|priority:1], old=null
2021-11-20 13:47:22,148 [1b072022-7d94-4c8c-bba3-c337de8b7083@group-06329D1FA7A2-LeaderElection6] INFO  impl.LeaderElection (LeaderElection.java:askForVotes(308)) - 1b072022-7d94-4c8c-bba3-c337de8b7083@group-06329D1FA7A2-LeaderElection6 ELECTION round 0: result PASSED (term=1)
2021-11-20 13:47:22,148 [1b072022-7d94-4c8c-bba3-c337de8b7083@group-06329D1FA7A2-LeaderElection6] INFO  impl.RoleInfo (RoleInfo.java:shutdownLeaderElection(121)) - 1b072022-7d94-4c8c-bba3-c337de8b7083: shutdown 1b072022-7d94-4c8c-bba3-c337de8b7083@group-06329D1FA7A2-LeaderElection6
2021-11-20 13:47:22,148 [1b072022-7d94-4c8c-bba3-c337de8b7083@group-06329D1FA7A2-LeaderElection6] INFO  server.RaftServer$Division (RaftServerImpl.java:setRole(290)) - 1b072022-7d94-4c8c-bba3-c337de8b7083@group-06329D1FA7A2: changes role from CANDIDATE to LEADER at term 1 for changeToLeader
2021-11-20 13:47:22,148 [1b072022-7d94-4c8c-bba3-c337de8b7083@group-06329D1FA7A2-LeaderElection6] INFO  ratis.XceiverServerRatis (XceiverServerRatis.java:handleLeaderChangedNotification(866)) - Leader change notification received for group: group-06329D1FA7A2 with new leaderId: 1b072022-7d94-4c8c-bba3-c337de8b7083
2021-11-20 13:47:22,150 [1b072022-7d94-4c8c-bba3-c337de8b7083@group-06329D1FA7A2-LeaderElection6] INFO  server.RaftServer$Division (ServerState.java:setLeader(285)) - 1b072022-7d94-4c8c-bba3-c337de8b7083@group-06329D1FA7A2: change Leader from null to 1b072022-7d94-4c8c-bba3-c337de8b7083 at term 1 for becomeLeader, leader elected after 5219ms
2021-11-20 13:47:22,150 [1b072022-7d94-4c8c-bba3-c337de8b7083@group-06329D1FA7A2-LeaderElection6] INFO  server.RaftServerConfigKeys (ConfUtils.java:logGet(44)) - raft.server.staging.catchup.gap = 1000 (default)
2021-11-20 13:47:22,151 [EventQueue-OpenPipelineForHealthyPipelineSafeModeRule] INFO  safemode.SCMSafeModeManager (HealthyPipelineSafeModeRule.java:process(124)) - SCM in safe mode. Healthy pipelines reported count is 0, required healthy pipeline reported count is 1
2021-11-20 13:47:22,153 [1b072022-7d94-4c8c-bba3-c337de8b7083@group-06329D1FA7A2-LeaderElection6] INFO  server.RaftServerConfigKeys (ConfUtils.java:logGet(44)) - raft.server.write.element-limit = 1024 (custom)
2021-11-20 13:47:22,153 [1b072022-7d94-4c8c-bba3-c337de8b7083@group-06329D1FA7A2-LeaderElection6] INFO  server.RaftServerConfigKeys (ConfUtils.java:logGet(44)) - raft.server.write.byte-limit = 1024 M (=1073741824) (custom)
2021-11-20 13:47:22,154 [1b072022-7d94-4c8c-bba3-c337de8b7083@group-06329D1FA7A2-LeaderElection6] INFO  server.RaftServerConfigKeys (ConfUtils.java:logGet(44)) - raft.server.watch.timeout = 180s (custom)
2021-11-20 13:47:22,154 [1b072022-7d94-4c8c-bba3-c337de8b7083@group-06329D1FA7A2-LeaderElection6] INFO  server.RaftServerConfigKeys (ConfUtils.java:logGet(44)) - raft.server.watch.timeout.denomination = 1s (default)
2021-11-20 13:47:22,155 [1b072022-7d94-4c8c-bba3-c337de8b7083@group-06329D1FA7A2-LeaderElection6] INFO  server.RaftServerConfigKeys (ConfUtils.java:logGet(44)) - raft.server.watch.element-limit = 65536 (default)
2021-11-20 13:47:22,155 [1b072022-7d94-4c8c-bba3-c337de8b7083@group-06329D1FA7A2-LeaderElection6] INFO  server.RaftServerConfigKeys (ConfUtils.java:logGet(44)) - raft.server.write.element-limit = 1024 (custom)
2021-11-20 13:47:22,155 [1b072022-7d94-4c8c-bba3-c337de8b7083@group-06329D1FA7A2-LeaderElection6] INFO  server.RaftServerConfigKeys (ConfUtils.java:logGet(44)) - raft.server.write.follower.gap.ratio.max = -1.0 (default)
2021-11-20 13:47:22,155 [1b072022-7d94-4c8c-bba3-c337de8b7083@group-06329D1FA7A2-LeaderElection6] INFO  impl.RoleInfo (RoleInfo.java:updateAndGet(130)) - 1b072022-7d94-4c8c-bba3-c337de8b7083: start 1b072022-7d94-4c8c-bba3-c337de8b7083@group-06329D1FA7A2-LeaderStateImpl
2021-11-20 13:47:22,155 [1b072022-7d94-4c8c-bba3-c337de8b7083@group-06329D1FA7A2-LeaderElection6] INFO  segmented.SegmentedRaftLogWorker (SegmentedRaftLogWorker.java:startLogSegment(394)) - 1b072022-7d94-4c8c-bba3-c337de8b7083@group-06329D1FA7A2-SegmentedRaftLogWorker: Starting segment from index:0
2021-11-20 13:47:22,156 [1b072022-7d94-4c8c-bba3-c337de8b7083@group-06329D1FA7A2-SegmentedRaftLogWorker] INFO  segmented.SegmentedRaftLogWorker (SegmentedRaftLogWorker.java:execute(601)) - 1b072022-7d94-4c8c-bba3-c337de8b7083@group-06329D1FA7A2-SegmentedRaftLogWorker: created new log segment /home/runner/work/ozone/ozone/hadoop-ozone/integration-test/target/test-dir/MiniOzoneClusterImpl-af1e1b15-19ea-4ddd-8a7a-846906bb1efb/datanode-1/data/ratis/68e9da97-494a-4c99-a066-06329d1fa7a2/current/log_inprogress_0
2021-11-20 13:47:22,162 [1b072022-7d94-4c8c-bba3-c337de8b7083@group-06329D1FA7A2-LeaderElection6] INFO  server.RaftServer$Division (ServerState.java:setRaftConf(387)) - 1b072022-7d94-4c8c-bba3-c337de8b7083@group-06329D1FA7A2: set configuration 0: [1b072022-7d94-4c8c-bba3-c337de8b7083|rpc:10.1.0.12:36175|dataStream:|priority:1], old=null
2021-11-20 13:47:22,163 [Listener at 127.0.0.1/41529] INFO  ozone.MiniOzoneClusterImpl (MiniOzoneClusterImpl.java:lambda$waitForClusterToBeReady$0(235)) - Nodes are ready. Got 3 of 3 DN Heartbeats.
2021-11-20 13:47:22,163 [Listener at 127.0.0.1/41529] INFO  ozone.MiniOzoneClusterImpl (MiniOzoneClusterImpl.java:lambda$waitForClusterToBeReady$0(238)) - Waiting for cluster to exit safe mode
2021-11-20 13:47:22,163 [Listener at 127.0.0.1/41529] INFO  ozone.MiniOzoneClusterImpl (MiniOzoneClusterImpl.java:lambda$waitForClusterToBeReady$0(240)) - SCM became leader
2021-11-20 13:47:22,412 [5bcee01b-9f3b-4422-a8ff-83b22c074be4@group-F4C9FA4F21F4-FollowerState] INFO  impl.FollowerState (FollowerState.java:run(134)) - 5bcee01b-9f3b-4422-a8ff-83b22c074be4@group-F4C9FA4F21F4-FollowerState: change to CANDIDATE, lastRpcElapsedTime:5164527461ns, electionTimeout:5154ms
2021-11-20 13:47:22,413 [5bcee01b-9f3b-4422-a8ff-83b22c074be4@group-F4C9FA4F21F4-FollowerState] INFO  impl.RoleInfo (RoleInfo.java:shutdownFollowerState(108)) - 5bcee01b-9f3b-4422-a8ff-83b22c074be4: shutdown 5bcee01b-9f3b-4422-a8ff-83b22c074be4@group-F4C9FA4F21F4-FollowerState
2021-11-20 13:47:22,413 [5bcee01b-9f3b-4422-a8ff-83b22c074be4@group-F4C9FA4F21F4-FollowerState] INFO  server.RaftServer$Division (RaftServerImpl.java:setRole(290)) - 5bcee01b-9f3b-4422-a8ff-83b22c074be4@group-F4C9FA4F21F4: changes role from  FOLLOWER to CANDIDATE at term 0 for changeToCandidate
2021-11-20 13:47:22,413 [5bcee01b-9f3b-4422-a8ff-83b22c074be4@group-F4C9FA4F21F4-FollowerState] INFO  server.RaftServerConfigKeys (ConfUtils.java:logGet(44)) - raft.server.leaderelection.pre-vote = false (custom)
2021-11-20 13:47:22,413 [5bcee01b-9f3b-4422-a8ff-83b22c074be4@group-F4C9FA4F21F4-FollowerState] INFO  impl.RoleInfo (RoleInfo.java:updateAndGet(130)) - 5bcee01b-9f3b-4422-a8ff-83b22c074be4: start 5bcee01b-9f3b-4422-a8ff-83b22c074be4@group-F4C9FA4F21F4-LeaderElection7
2021-11-20 13:47:22,421 [5bcee01b-9f3b-4422-a8ff-83b22c074be4@group-F4C9FA4F21F4-LeaderElection7] INFO  impl.LeaderElection (LeaderElection.java:askForVotes(306)) - 5bcee01b-9f3b-4422-a8ff-83b22c074be4@group-F4C9FA4F21F4-LeaderElection7 ELECTION round 0: submit vote requests at term 1 for -1: [5bcee01b-9f3b-4422-a8ff-83b22c074be4|rpc:10.1.0.12:38681|priority:1], old=null
2021-11-20 13:47:22,421 [5bcee01b-9f3b-4422-a8ff-83b22c074be4@group-F4C9FA4F21F4-LeaderElection7] INFO  impl.LeaderElection (LeaderElection.java:askForVotes(308)) - 5bcee01b-9f3b-4422-a8ff-83b22c074be4@group-F4C9FA4F21F4-LeaderElection7 ELECTION round 0: result PASSED (term=1)
2021-11-20 13:47:22,421 [5bcee01b-9f3b-4422-a8ff-83b22c074be4@group-F4C9FA4F21F4-LeaderElection7] INFO  impl.RoleInfo (RoleInfo.java:shutdownLeaderElection(121)) - 5bcee01b-9f3b-4422-a8ff-83b22c074be4: shutdown 5bcee01b-9f3b-4422-a8ff-83b22c074be4@group-F4C9FA4F21F4-LeaderElection7
2021-11-20 13:47:22,421 [5bcee01b-9f3b-4422-a8ff-83b22c074be4@group-F4C9FA4F21F4-LeaderElection7] INFO  server.RaftServer$Division (RaftServerImpl.java:setRole(290)) - 5bcee01b-9f3b-4422-a8ff-83b22c074be4@group-F4C9FA4F21F4: changes role from CANDIDATE to LEADER at term 1 for changeToLeader
2021-11-20 13:47:22,421 [5bcee01b-9f3b-4422-a8ff-83b22c074be4@group-F4C9FA4F21F4-LeaderElection7] INFO  ratis.XceiverServerRatis (XceiverServerRatis.java:handleLeaderChangedNotification(866)) - Leader change notification received for group: group-F4C9FA4F21F4 with new leaderId: 5bcee01b-9f3b-4422-a8ff-83b22c074be4
2021-11-20 13:47:22,423 [EventQueue-OpenPipelineForHealthyPipelineSafeModeRule] INFO  safemode.SCMSafeModeManager (HealthyPipelineSafeModeRule.java:process(124)) - SCM in safe mode. Healthy pipelines reported count is 0, required healthy pipeline reported count is 1
2021-11-20 13:47:22,425 [5bcee01b-9f3b-4422-a8ff-83b22c074be4@group-F4C9FA4F21F4-LeaderElection7] INFO  server.RaftServer$Division (ServerState.java:setLeader(285)) - 5bcee01b-9f3b-4422-a8ff-83b22c074be4@group-F4C9FA4F21F4: change Leader from null to 5bcee01b-9f3b-4422-a8ff-83b22c074be4 at term 1 for becomeLeader, leader elected after 5215ms
2021-11-20 13:47:22,426 [5bcee01b-9f3b-4422-a8ff-83b22c074be4@group-F4C9FA4F21F4-LeaderElection7] INFO  server.RaftServerConfigKeys (ConfUtils.java:logGet(44)) - raft.server.staging.catchup.gap = 1000 (default)
2021-11-20 13:47:22,426 [5bcee01b-9f3b-4422-a8ff-83b22c074be4@group-F4C9FA4F21F4-LeaderElection7] INFO  server.RaftServerConfigKeys (ConfUtils.java:logGet(44)) - raft.server.write.element-limit = 1024 (custom)
2021-11-20 13:47:22,426 [5bcee01b-9f3b-4422-a8ff-83b22c074be4@group-F4C9FA4F21F4-LeaderElection7] INFO  server.RaftServerConfigKeys (ConfUtils.java:logGet(44)) - raft.server.write.byte-limit = 1024 M (=1073741824) (custom)
2021-11-20 13:47:22,426 [5bcee01b-9f3b-4422-a8ff-83b22c074be4@group-F4C9FA4F21F4-LeaderElection7] INFO  server.RaftServerConfigKeys (ConfUtils.java:logGet(44)) - raft.server.watch.timeout = 180s (custom)
2021-11-20 13:47:22,426 [5bcee01b-9f3b-4422-a8ff-83b22c074be4@group-F4C9FA4F21F4-LeaderElection7] INFO  server.RaftServerConfigKeys (ConfUtils.java:logGet(44)) - raft.server.watch.timeout.denomination = 1s (default)
2021-11-20 13:47:22,427 [5bcee01b-9f3b-4422-a8ff-83b22c074be4@group-F4C9FA4F21F4-LeaderElection7] INFO  server.RaftServerConfigKeys (ConfUtils.java:logGet(44)) - raft.server.watch.element-limit = 65536 (default)
2021-11-20 13:47:22,427 [5bcee01b-9f3b-4422-a8ff-83b22c074be4@group-F4C9FA4F21F4-LeaderElection7] INFO  server.RaftServerConfigKeys (ConfUtils.java:logGet(44)) - raft.server.write.element-limit = 1024 (custom)
2021-11-20 13:47:22,427 [5bcee01b-9f3b-4422-a8ff-83b22c074be4@group-F4C9FA4F21F4-LeaderElection7] INFO  server.RaftServerConfigKeys (ConfUtils.java:logGet(44)) - raft.server.write.follower.gap.ratio.max = -1.0 (default)
2021-11-20 13:47:22,427 [5bcee01b-9f3b-4422-a8ff-83b22c074be4@group-F4C9FA4F21F4-LeaderElection7] INFO  impl.RoleInfo (RoleInfo.java:updateAndGet(130)) - 5bcee01b-9f3b-4422-a8ff-83b22c074be4: start 5bcee01b-9f3b-4422-a8ff-83b22c074be4@group-F4C9FA4F21F4-LeaderStateImpl
2021-11-20 13:47:22,428 [5bcee01b-9f3b-4422-a8ff-83b22c074be4@group-F4C9FA4F21F4-LeaderElection7] INFO  segmented.SegmentedRaftLogWorker (SegmentedRaftLogWorker.java:startLogSegment(394)) - 5bcee01b-9f3b-4422-a8ff-83b22c074be4@group-F4C9FA4F21F4-SegmentedRaftLogWorker: Starting segment from index:0
2021-11-20 13:47:22,429 [5bcee01b-9f3b-4422-a8ff-83b22c074be4@group-F4C9FA4F21F4-SegmentedRaftLogWorker] INFO  segmented.SegmentedRaftLogWorker (SegmentedRaftLogWorker.java:execute(601)) - 5bcee01b-9f3b-4422-a8ff-83b22c074be4@group-F4C9FA4F21F4-SegmentedRaftLogWorker: created new log segment /home/runner/work/ozone/ozone/hadoop-ozone/integration-test/target/test-dir/MiniOzoneClusterImpl-af1e1b15-19ea-4ddd-8a7a-846906bb1efb/datanode-2/data/ratis/13733fd2-537e-4cc9-9198-f4c9fa4f21f4/current/log_inprogress_0
2021-11-20 13:47:22,435 [5bcee01b-9f3b-4422-a8ff-83b22c074be4@group-F4C9FA4F21F4-LeaderElection7] INFO  server.RaftServer$Division (ServerState.java:setRaftConf(387)) - 5bcee01b-9f3b-4422-a8ff-83b22c074be4@group-F4C9FA4F21F4: set configuration 0: [5bcee01b-9f3b-4422-a8ff-83b22c074be4|rpc:10.1.0.12:38681|dataStream:|priority:1], old=null
2021-11-20 13:47:23,163 [Listener at 127.0.0.1/41529] INFO  ozone.MiniOzoneClusterImpl (MiniOzoneClusterImpl.java:lambda$waitForClusterToBeReady$0(235)) - Nodes are ready. Got 3 of 3 DN Heartbeats.
2021-11-20 13:47:23,163 [Listener at 127.0.0.1/41529] INFO  ozone.MiniOzoneClusterImpl (MiniOzoneClusterImpl.java:lambda$waitForClusterToBeReady$0(238)) - Waiting for cluster to exit safe mode
2021-11-20 13:47:23,164 [Listener at 127.0.0.1/41529] INFO  ozone.MiniOzoneClusterImpl (MiniOzoneClusterImpl.java:lambda$waitForClusterToBeReady$0(240)) - SCM became leader
2021-11-20 13:47:24,164 [Listener at 127.0.0.1/41529] INFO  ozone.MiniOzoneClusterImpl (MiniOzoneClusterImpl.java:lambda$waitForClusterToBeReady$0(235)) - Nodes are ready. Got 3 of 3 DN Heartbeats.
2021-11-20 13:47:24,164 [Listener at 127.0.0.1/41529] INFO  ozone.MiniOzoneClusterImpl (MiniOzoneClusterImpl.java:lambda$waitForClusterToBeReady$0(238)) - Waiting for cluster to exit safe mode
2021-11-20 13:47:24,164 [Listener at 127.0.0.1/41529] INFO  ozone.MiniOzoneClusterImpl (MiniOzoneClusterImpl.java:lambda$waitForClusterToBeReady$0(240)) - SCM became leader
2021-11-20 13:47:25,164 [Listener at 127.0.0.1/41529] INFO  ozone.MiniOzoneClusterImpl (MiniOzoneClusterImpl.java:lambda$waitForClusterToBeReady$0(235)) - Nodes are ready. Got 3 of 3 DN Heartbeats.
2021-11-20 13:47:25,164 [Listener at 127.0.0.1/41529] INFO  ozone.MiniOzoneClusterImpl (MiniOzoneClusterImpl.java:lambda$waitForClusterToBeReady$0(238)) - Waiting for cluster to exit safe mode
2021-11-20 13:47:25,164 [Listener at 127.0.0.1/41529] INFO  ozone.MiniOzoneClusterImpl (MiniOzoneClusterImpl.java:lambda$waitForClusterToBeReady$0(240)) - SCM became leader
2021-11-20 13:47:26,165 [Listener at 127.0.0.1/41529] INFO  ozone.MiniOzoneClusterImpl (MiniOzoneClusterImpl.java:lambda$waitForClusterToBeReady$0(235)) - Nodes are ready. Got 3 of 3 DN Heartbeats.
2021-11-20 13:47:26,165 [Listener at 127.0.0.1/41529] INFO  ozone.MiniOzoneClusterImpl (MiniOzoneClusterImpl.java:lambda$waitForClusterToBeReady$0(238)) - Waiting for cluster to exit safe mode
2021-11-20 13:47:26,165 [Listener at 127.0.0.1/41529] INFO  ozone.MiniOzoneClusterImpl (MiniOzoneClusterImpl.java:lambda$waitForClusterToBeReady$0(240)) - SCM became leader
2021-11-20 13:47:26,872 [5bcee01b-9f3b-4422-a8ff-83b22c074be4@group-C1152556D82B-FollowerState] INFO  impl.FollowerState (FollowerState.java:run(134)) - 5bcee01b-9f3b-4422-a8ff-83b22c074be4@group-C1152556D82B-FollowerState: change to CANDIDATE, lastRpcElapsedTime:5033362024ns, electionTimeout:5033ms
2021-11-20 13:47:26,872 [5bcee01b-9f3b-4422-a8ff-83b22c074be4@group-C1152556D82B-FollowerState] INFO  impl.RoleInfo (RoleInfo.java:shutdownFollowerState(108)) - 5bcee01b-9f3b-4422-a8ff-83b22c074be4: shutdown 5bcee01b-9f3b-4422-a8ff-83b22c074be4@group-C1152556D82B-FollowerState
2021-11-20 13:47:26,873 [5bcee01b-9f3b-4422-a8ff-83b22c074be4@group-C1152556D82B-FollowerState] INFO  server.RaftServer$Division (RaftServerImpl.java:setRole(290)) - 5bcee01b-9f3b-4422-a8ff-83b22c074be4@group-C1152556D82B: changes role from  FOLLOWER to CANDIDATE at term 1 for changeToCandidate
2021-11-20 13:47:26,873 [5bcee01b-9f3b-4422-a8ff-83b22c074be4@group-C1152556D82B-FollowerState] INFO  server.RaftServerConfigKeys (ConfUtils.java:logGet(44)) - raft.server.leaderelection.pre-vote = false (custom)
2021-11-20 13:47:26,873 [5bcee01b-9f3b-4422-a8ff-83b22c074be4@group-C1152556D82B-FollowerState] INFO  impl.RoleInfo (RoleInfo.java:updateAndGet(130)) - 5bcee01b-9f3b-4422-a8ff-83b22c074be4: start 5bcee01b-9f3b-4422-a8ff-83b22c074be4@group-C1152556D82B-LeaderElection8
2021-11-20 13:47:26,886 [5bcee01b-9f3b-4422-a8ff-83b22c074be4@group-C1152556D82B-LeaderElection8] INFO  impl.LeaderElection (LeaderElection.java:askForVotes(306)) - 5bcee01b-9f3b-4422-a8ff-83b22c074be4@group-C1152556D82B-LeaderElection8 ELECTION round 0: submit vote requests at term 2 for -1: [5bcee01b-9f3b-4422-a8ff-83b22c074be4|rpc:10.1.0.12:38681|priority:0, 1b072022-7d94-4c8c-bba3-c337de8b7083|rpc:10.1.0.12:36175|priority:1, d4509efe-e4ea-4b42-80bc-7ebf58d9d6f5|rpc:10.1.0.12:43693|priority:0], old=null
2021-11-20 13:47:26,906 [grpc-default-executor-0] INFO  server.RaftServer$Division (RaftServerImpl.java:requestVote(1046)) - d4509efe-e4ea-4b42-80bc-7ebf58d9d6f5@group-C1152556D82B: receive requestVote(ELECTION, 5bcee01b-9f3b-4422-a8ff-83b22c074be4, group-C1152556D82B, 2, (t:0, i:0))
2021-11-20 13:47:26,907 [grpc-default-executor-0] INFO  impl.VoteContext (VoteContext.java:log(48)) - d4509efe-e4ea-4b42-80bc-7ebf58d9d6f5@group-C1152556D82B-FOLLOWER: accept ELECTION from 5bcee01b-9f3b-4422-a8ff-83b22c074be4: our priority 0 <= candidate's priority 0
2021-11-20 13:47:26,907 [grpc-default-executor-0] INFO  server.RaftServer$Division (RaftServerImpl.java:setRole(290)) - d4509efe-e4ea-4b42-80bc-7ebf58d9d6f5@group-C1152556D82B: changes role from  FOLLOWER to FOLLOWER at term 2 for candidate:5bcee01b-9f3b-4422-a8ff-83b22c074be4
2021-11-20 13:47:26,907 [grpc-default-executor-0] INFO  impl.RoleInfo (RoleInfo.java:shutdownFollowerState(108)) - d4509efe-e4ea-4b42-80bc-7ebf58d9d6f5: shutdown d4509efe-e4ea-4b42-80bc-7ebf58d9d6f5@group-C1152556D82B-FollowerState
2021-11-20 13:47:26,907 [grpc-default-executor-0] INFO  impl.RoleInfo (RoleInfo.java:updateAndGet(130)) - d4509efe-e4ea-4b42-80bc-7ebf58d9d6f5: start d4509efe-e4ea-4b42-80bc-7ebf58d9d6f5@group-C1152556D82B-FollowerState
2021-11-20 13:47:26,907 [d4509efe-e4ea-4b42-80bc-7ebf58d9d6f5@group-C1152556D82B-FollowerState] INFO  impl.FollowerState (FollowerState.java:run(143)) - d4509efe-e4ea-4b42-80bc-7ebf58d9d6f5@group-C1152556D82B-FollowerState was interrupted: {}
java.lang.InterruptedException: sleep interrupted
	at java.lang.Thread.sleep(Native Method)
	at java.lang.Thread.sleep(Thread.java:340)
	at java.util.concurrent.TimeUnit.sleep(TimeUnit.java:386)
	at org.apache.ratis.util.TimeDuration.sleep(TimeDuration.java:324)
	at org.apache.ratis.util.TimeDuration.sleep(TimeDuration.java:309)
	at org.apache.ratis.server.impl.FollowerState.run(FollowerState.java:118)
2021-11-20 13:47:26,910 [grpc-default-executor-0] INFO  server.RaftServer$Division (RaftServerImpl.java:requestVote(1078)) - d4509efe-e4ea-4b42-80bc-7ebf58d9d6f5@group-C1152556D82B replies to ELECTION vote request: 5bcee01b-9f3b-4422-a8ff-83b22c074be4<-d4509efe-e4ea-4b42-80bc-7ebf58d9d6f5#0:OK-t2. Peer's state: d4509efe-e4ea-4b42-80bc-7ebf58d9d6f5@group-C1152556D82B:t2, leader=null, voted=5bcee01b-9f3b-4422-a8ff-83b22c074be4, raftlog=d4509efe-e4ea-4b42-80bc-7ebf58d9d6f5@group-C1152556D82B-SegmentedRaftLog:OPENED:c-1, conf=-1: [5bcee01b-9f3b-4422-a8ff-83b22c074be4|rpc:10.1.0.12:38681|priority:0, 1b072022-7d94-4c8c-bba3-c337de8b7083|rpc:10.1.0.12:36175|priority:1, d4509efe-e4ea-4b42-80bc-7ebf58d9d6f5|rpc:10.1.0.12:43693|priority:0], old=null
2021-11-20 13:47:26,911 [grpc-default-executor-2] INFO  server.RaftServer$Division (RaftServerImpl.java:requestVote(1046)) - 1b072022-7d94-4c8c-bba3-c337de8b7083@group-C1152556D82B: receive requestVote(ELECTION, 5bcee01b-9f3b-4422-a8ff-83b22c074be4, group-C1152556D82B, 2, (t:0, i:0))
2021-11-20 13:47:26,911 [grpc-default-executor-2] INFO  impl.VoteContext (VoteContext.java:log(48)) - 1b072022-7d94-4c8c-bba3-c337de8b7083@group-C1152556D82B-FOLLOWER: reject ELECTION from 5bcee01b-9f3b-4422-a8ff-83b22c074be4: our priority 1 > candidate's priority 0
2021-11-20 13:47:26,912 [grpc-default-executor-2] INFO  server.RaftServer$Division (RaftServerImpl.java:setRole(290)) - 1b072022-7d94-4c8c-bba3-c337de8b7083@group-C1152556D82B: changes role from  FOLLOWER to FOLLOWER at term 2 for candidate:5bcee01b-9f3b-4422-a8ff-83b22c074be4
2021-11-20 13:47:26,912 [grpc-default-executor-2] INFO  impl.RoleInfo (RoleInfo.java:shutdownFollowerState(108)) - 1b072022-7d94-4c8c-bba3-c337de8b7083: shutdown 1b072022-7d94-4c8c-bba3-c337de8b7083@group-C1152556D82B-FollowerState
2021-11-20 13:47:26,912 [grpc-default-executor-2] INFO  impl.RoleInfo (RoleInfo.java:updateAndGet(130)) - 1b072022-7d94-4c8c-bba3-c337de8b7083: start 1b072022-7d94-4c8c-bba3-c337de8b7083@group-C1152556D82B-FollowerState
2021-11-20 13:47:26,912 [1b072022-7d94-4c8c-bba3-c337de8b7083@group-C1152556D82B-FollowerState] INFO  impl.FollowerState (FollowerState.java:run(143)) - 1b072022-7d94-4c8c-bba3-c337de8b7083@group-C1152556D82B-FollowerState was interrupted: {}
java.lang.InterruptedException: sleep interrupted
	at java.lang.Thread.sleep(Native Method)
	at java.lang.Thread.sleep(Thread.java:340)
	at java.util.concurrent.TimeUnit.sleep(TimeUnit.java:386)
	at org.apache.ratis.util.TimeDuration.sleep(TimeDuration.java:324)
	at org.apache.ratis.util.TimeDuration.sleep(TimeDuration.java:309)
	at org.apache.ratis.server.impl.FollowerState.run(FollowerState.java:118)
2021-11-20 13:47:26,924 [grpc-default-executor-2] INFO  server.RaftServer$Division (RaftServerImpl.java:requestVote(1078)) - 1b072022-7d94-4c8c-bba3-c337de8b7083@group-C1152556D82B replies to ELECTION vote request: 5bcee01b-9f3b-4422-a8ff-83b22c074be4<-1b072022-7d94-4c8c-bba3-c337de8b7083#0:FAIL-t2. Peer's state: 1b072022-7d94-4c8c-bba3-c337de8b7083@group-C1152556D82B:t2, leader=null, voted=null, raftlog=1b072022-7d94-4c8c-bba3-c337de8b7083@group-C1152556D82B-SegmentedRaftLog:OPENED:c-1, conf=-1: [5bcee01b-9f3b-4422-a8ff-83b22c074be4|rpc:10.1.0.12:38681|priority:0, 1b072022-7d94-4c8c-bba3-c337de8b7083|rpc:10.1.0.12:36175|priority:1, d4509efe-e4ea-4b42-80bc-7ebf58d9d6f5|rpc:10.1.0.12:43693|priority:0], old=null
2021-11-20 13:47:26,925 [5bcee01b-9f3b-4422-a8ff-83b22c074be4@group-C1152556D82B-LeaderElection8] INFO  impl.LeaderElection (LeaderElection.java:logAndReturn(89)) - 5bcee01b-9f3b-4422-a8ff-83b22c074be4@group-C1152556D82B-LeaderElection8: ELECTION REJECTED received 2 response(s) and 0 exception(s):
2021-11-20 13:47:26,926 [5bcee01b-9f3b-4422-a8ff-83b22c074be4@group-C1152556D82B-LeaderElection8] INFO  impl.LeaderElection (LeaderElection.java:logAndReturn(93)) -   Response 0: 5bcee01b-9f3b-4422-a8ff-83b22c074be4<-1b072022-7d94-4c8c-bba3-c337de8b7083#0:FAIL-t2
2021-11-20 13:47:26,926 [5bcee01b-9f3b-4422-a8ff-83b22c074be4@group-C1152556D82B-LeaderElection8] INFO  impl.LeaderElection (LeaderElection.java:logAndReturn(93)) -   Response 1: 5bcee01b-9f3b-4422-a8ff-83b22c074be4<-d4509efe-e4ea-4b42-80bc-7ebf58d9d6f5#0:OK-t2
2021-11-20 13:47:26,926 [5bcee01b-9f3b-4422-a8ff-83b22c074be4@group-C1152556D82B-LeaderElection8] INFO  impl.LeaderElection (LeaderElection.java:askForVotes(308)) - 5bcee01b-9f3b-4422-a8ff-83b22c074be4@group-C1152556D82B-LeaderElection8 ELECTION round 0: result REJECTED
2021-11-20 13:47:26,926 [5bcee01b-9f3b-4422-a8ff-83b22c074be4@group-C1152556D82B-LeaderElection8] INFO  server.RaftServer$Division (RaftServerImpl.java:setRole(290)) - 5bcee01b-9f3b-4422-a8ff-83b22c074be4@group-C1152556D82B: changes role from CANDIDATE to FOLLOWER at term 2 for REJECTED
2021-11-20 13:47:26,926 [5bcee01b-9f3b-4422-a8ff-83b22c074be4@group-C1152556D82B-LeaderElection8] INFO  impl.RoleInfo (RoleInfo.java:shutdownLeaderElection(121)) - 5bcee01b-9f3b-4422-a8ff-83b22c074be4: shutdown 5bcee01b-9f3b-4422-a8ff-83b22c074be4@group-C1152556D82B-LeaderElection8
2021-11-20 13:47:26,926 [5bcee01b-9f3b-4422-a8ff-83b22c074be4@group-C1152556D82B-LeaderElection8] INFO  impl.RoleInfo (RoleInfo.java:updateAndGet(130)) - 5bcee01b-9f3b-4422-a8ff-83b22c074be4: start 5bcee01b-9f3b-4422-a8ff-83b22c074be4@group-C1152556D82B-FollowerState
2021-11-20 13:47:27,165 [Listener at 127.0.0.1/41529] INFO  ozone.MiniOzoneClusterImpl (MiniOzoneClusterImpl.java:lambda$waitForClusterToBeReady$0(235)) - Nodes are ready. Got 3 of 3 DN Heartbeats.
2021-11-20 13:47:27,166 [Listener at 127.0.0.1/41529] INFO  ozone.MiniOzoneClusterImpl (MiniOzoneClusterImpl.java:lambda$waitForClusterToBeReady$0(238)) - Waiting for cluster to exit safe mode
2021-11-20 13:47:27,166 [Listener at 127.0.0.1/41529] INFO  ozone.MiniOzoneClusterImpl (MiniOzoneClusterImpl.java:lambda$waitForClusterToBeReady$0(240)) - SCM became leader
2021-11-20 13:47:28,166 [Listener at 127.0.0.1/41529] INFO  ozone.MiniOzoneClusterImpl (MiniOzoneClusterImpl.java:lambda$waitForClusterToBeReady$0(235)) - Nodes are ready. Got 3 of 3 DN Heartbeats.
2021-11-20 13:47:28,166 [Listener at 127.0.0.1/41529] INFO  ozone.MiniOzoneClusterImpl (MiniOzoneClusterImpl.java:lambda$waitForClusterToBeReady$0(238)) - Waiting for cluster to exit safe mode
2021-11-20 13:47:28,166 [Listener at 127.0.0.1/41529] INFO  ozone.MiniOzoneClusterImpl (MiniOzoneClusterImpl.java:lambda$waitForClusterToBeReady$0(240)) - SCM became leader
2021-11-20 13:47:29,167 [Listener at 127.0.0.1/41529] INFO  ozone.MiniOzoneClusterImpl (MiniOzoneClusterImpl.java:lambda$waitForClusterToBeReady$0(235)) - Nodes are ready. Got 3 of 3 DN Heartbeats.
2021-11-20 13:47:29,167 [Listener at 127.0.0.1/41529] INFO  ozone.MiniOzoneClusterImpl (MiniOzoneClusterImpl.java:lambda$waitForClusterToBeReady$0(238)) - Waiting for cluster to exit safe mode
2021-11-20 13:47:29,167 [Listener at 127.0.0.1/41529] INFO  ozone.MiniOzoneClusterImpl (MiniOzoneClusterImpl.java:lambda$waitForClusterToBeReady$0(240)) - SCM became leader
2021-11-20 13:47:30,167 [Listener at 127.0.0.1/41529] INFO  ozone.MiniOzoneClusterImpl (MiniOzoneClusterImpl.java:lambda$waitForClusterToBeReady$0(235)) - Nodes are ready. Got 3 of 3 DN Heartbeats.
2021-11-20 13:47:30,167 [Listener at 127.0.0.1/41529] INFO  ozone.MiniOzoneClusterImpl (MiniOzoneClusterImpl.java:lambda$waitForClusterToBeReady$0(238)) - Waiting for cluster to exit safe mode
2021-11-20 13:47:30,167 [Listener at 127.0.0.1/41529] INFO  ozone.MiniOzoneClusterImpl (MiniOzoneClusterImpl.java:lambda$waitForClusterToBeReady$0(240)) - SCM became leader
2021-11-20 13:47:31,168 [Listener at 127.0.0.1/41529] INFO  ozone.MiniOzoneClusterImpl (MiniOzoneClusterImpl.java:lambda$waitForClusterToBeReady$0(235)) - Nodes are ready. Got 3 of 3 DN Heartbeats.
2021-11-20 13:47:31,168 [Listener at 127.0.0.1/41529] INFO  ozone.MiniOzoneClusterImpl (MiniOzoneClusterImpl.java:lambda$waitForClusterToBeReady$0(238)) - Waiting for cluster to exit safe mode
2021-11-20 13:47:31,168 [Listener at 127.0.0.1/41529] INFO  ozone.MiniOzoneClusterImpl (MiniOzoneClusterImpl.java:lambda$waitForClusterToBeReady$0(240)) - SCM became leader
2021-11-20 13:47:31,958 [d4509efe-e4ea-4b42-80bc-7ebf58d9d6f5@group-C1152556D82B-FollowerState] INFO  impl.FollowerState (FollowerState.java:run(134)) - d4509efe-e4ea-4b42-80bc-7ebf58d9d6f5@group-C1152556D82B-FollowerState: change to CANDIDATE, lastRpcElapsedTime:5048067490ns, electionTimeout:5047ms
2021-11-20 13:47:31,959 [d4509efe-e4ea-4b42-80bc-7ebf58d9d6f5@group-C1152556D82B-FollowerState] INFO  impl.RoleInfo (RoleInfo.java:shutdownFollowerState(108)) - d4509efe-e4ea-4b42-80bc-7ebf58d9d6f5: shutdown d4509efe-e4ea-4b42-80bc-7ebf58d9d6f5@group-C1152556D82B-FollowerState
2021-11-20 13:47:31,959 [d4509efe-e4ea-4b42-80bc-7ebf58d9d6f5@group-C1152556D82B-FollowerState] INFO  server.RaftServer$Division (RaftServerImpl.java:setRole(290)) - d4509efe-e4ea-4b42-80bc-7ebf58d9d6f5@group-C1152556D82B: changes role from  FOLLOWER to CANDIDATE at term 2 for changeToCandidate
2021-11-20 13:47:31,959 [d4509efe-e4ea-4b42-80bc-7ebf58d9d6f5@group-C1152556D82B-FollowerState] INFO  server.RaftServerConfigKeys (ConfUtils.java:logGet(44)) - raft.server.leaderelection.pre-vote = false (custom)
2021-11-20 13:47:31,959 [d4509efe-e4ea-4b42-80bc-7ebf58d9d6f5@group-C1152556D82B-FollowerState] INFO  impl.RoleInfo (RoleInfo.java:updateAndGet(130)) - d4509efe-e4ea-4b42-80bc-7ebf58d9d6f5: start d4509efe-e4ea-4b42-80bc-7ebf58d9d6f5@group-C1152556D82B-LeaderElection9
2021-11-20 13:47:31,966 [d4509efe-e4ea-4b42-80bc-7ebf58d9d6f5@group-C1152556D82B-LeaderElection9] INFO  impl.LeaderElection (LeaderElection.java:askForVotes(306)) - d4509efe-e4ea-4b42-80bc-7ebf58d9d6f5@group-C1152556D82B-LeaderElection9 ELECTION round 0: submit vote requests at term 3 for -1: [5bcee01b-9f3b-4422-a8ff-83b22c074be4|rpc:10.1.0.12:38681|priority:0, 1b072022-7d94-4c8c-bba3-c337de8b7083|rpc:10.1.0.12:36175|priority:1, d4509efe-e4ea-4b42-80bc-7ebf58d9d6f5|rpc:10.1.0.12:43693|priority:0], old=null
2021-11-20 13:47:31,975 [grpc-default-executor-2] INFO  server.RaftServer$Division (RaftServerImpl.java:requestVote(1046)) - 5bcee01b-9f3b-4422-a8ff-83b22c074be4@group-C1152556D82B: receive requestVote(ELECTION, d4509efe-e4ea-4b42-80bc-7ebf58d9d6f5, group-C1152556D82B, 3, (t:0, i:0))
2021-11-20 13:47:31,975 [grpc-default-executor-2] INFO  impl.VoteContext (VoteContext.java:log(48)) - 5bcee01b-9f3b-4422-a8ff-83b22c074be4@group-C1152556D82B-FOLLOWER: accept ELECTION from d4509efe-e4ea-4b42-80bc-7ebf58d9d6f5: our priority 0 <= candidate's priority 0
2021-11-20 13:47:31,975 [grpc-default-executor-2] INFO  server.RaftServer$Division (RaftServerImpl.java:setRole(290)) - 5bcee01b-9f3b-4422-a8ff-83b22c074be4@group-C1152556D82B: changes role from  FOLLOWER to FOLLOWER at term 3 for candidate:d4509efe-e4ea-4b42-80bc-7ebf58d9d6f5
2021-11-20 13:47:31,975 [grpc-default-executor-2] INFO  impl.RoleInfo (RoleInfo.java:shutdownFollowerState(108)) - 5bcee01b-9f3b-4422-a8ff-83b22c074be4: shutdown 5bcee01b-9f3b-4422-a8ff-83b22c074be4@group-C1152556D82B-FollowerState
2021-11-20 13:47:31,975 [grpc-default-executor-2] INFO  impl.RoleInfo (RoleInfo.java:updateAndGet(130)) - 5bcee01b-9f3b-4422-a8ff-83b22c074be4: start 5bcee01b-9f3b-4422-a8ff-83b22c074be4@group-C1152556D82B-FollowerState
2021-11-20 13:47:31,975 [5bcee01b-9f3b-4422-a8ff-83b22c074be4@group-C1152556D82B-FollowerState] INFO  impl.FollowerState (FollowerState.java:run(143)) - 5bcee01b-9f3b-4422-a8ff-83b22c074be4@group-C1152556D82B-FollowerState was interrupted: {}
java.lang.InterruptedException: sleep interrupted
	at java.lang.Thread.sleep(Native Method)
	at java.lang.Thread.sleep(Thread.java:340)
	at java.util.concurrent.TimeUnit.sleep(TimeUnit.java:386)
	at org.apache.ratis.util.TimeDuration.sleep(TimeDuration.java:324)
	at org.apache.ratis.util.TimeDuration.sleep(TimeDuration.java:309)
	at org.apache.ratis.server.impl.FollowerState.run(FollowerState.java:118)
2021-11-20 13:47:31,976 [grpc-default-executor-2] INFO  server.RaftServer$Division (RaftServerImpl.java:requestVote(1078)) - 5bcee01b-9f3b-4422-a8ff-83b22c074be4@group-C1152556D82B replies to ELECTION vote request: d4509efe-e4ea-4b42-80bc-7ebf58d9d6f5<-5bcee01b-9f3b-4422-a8ff-83b22c074be4#0:OK-t3. Peer's state: 5bcee01b-9f3b-4422-a8ff-83b22c074be4@group-C1152556D82B:t3, leader=null, voted=d4509efe-e4ea-4b42-80bc-7ebf58d9d6f5, raftlog=5bcee01b-9f3b-4422-a8ff-83b22c074be4@group-C1152556D82B-SegmentedRaftLog:OPENED:c-1, conf=-1: [5bcee01b-9f3b-4422-a8ff-83b22c074be4|rpc:10.1.0.12:38681|priority:0, 1b072022-7d94-4c8c-bba3-c337de8b7083|rpc:10.1.0.12:36175|priority:1, d4509efe-e4ea-4b42-80bc-7ebf58d9d6f5|rpc:10.1.0.12:43693|priority:0], old=null
2021-11-20 13:47:31,980 [grpc-default-executor-0] INFO  server.RaftServer$Division (RaftServerImpl.java:requestVote(1046)) - 1b072022-7d94-4c8c-bba3-c337de8b7083@group-C1152556D82B: receive requestVote(ELECTION, d4509efe-e4ea-4b42-80bc-7ebf58d9d6f5, group-C1152556D82B, 3, (t:0, i:0))
2021-11-20 13:47:31,980 [grpc-default-executor-0] INFO  impl.VoteContext (VoteContext.java:log(48)) - 1b072022-7d94-4c8c-bba3-c337de8b7083@group-C1152556D82B-FOLLOWER: reject ELECTION from d4509efe-e4ea-4b42-80bc-7ebf58d9d6f5: our priority 1 > candidate's priority 0
2021-11-20 13:47:31,980 [grpc-default-executor-0] INFO  server.RaftServer$Division (RaftServerImpl.java:setRole(290)) - 1b072022-7d94-4c8c-bba3-c337de8b7083@group-C1152556D82B: changes role from  FOLLOWER to FOLLOWER at term 3 for candidate:d4509efe-e4ea-4b42-80bc-7ebf58d9d6f5
2021-11-20 13:47:31,980 [grpc-default-executor-0] INFO  impl.RoleInfo (RoleInfo.java:shutdownFollowerState(108)) - 1b072022-7d94-4c8c-bba3-c337de8b7083: shutdown 1b072022-7d94-4c8c-bba3-c337de8b7083@group-C1152556D82B-FollowerState
2021-11-20 13:47:31,981 [grpc-default-executor-0] INFO  impl.RoleInfo (RoleInfo.java:updateAndGet(130)) - 1b072022-7d94-4c8c-bba3-c337de8b7083: start 1b072022-7d94-4c8c-bba3-c337de8b7083@group-C1152556D82B-FollowerState
2021-11-20 13:47:31,981 [1b072022-7d94-4c8c-bba3-c337de8b7083@group-C1152556D82B-FollowerState] INFO  impl.FollowerState (FollowerState.java:run(143)) - 1b072022-7d94-4c8c-bba3-c337de8b7083@group-C1152556D82B-FollowerState was interrupted: {}
java.lang.InterruptedException: sleep interrupted
	at java.lang.Thread.sleep(Native Method)
	at java.lang.Thread.sleep(Thread.java:340)
	at java.util.concurrent.TimeUnit.sleep(TimeUnit.java:386)
	at org.apache.ratis.util.TimeDuration.sleep(TimeDuration.java:324)
	at org.apache.ratis.util.TimeDuration.sleep(TimeDuration.java:309)
	at org.apache.ratis.server.impl.FollowerState.run(FollowerState.java:118)
2021-11-20 13:47:31,988 [grpc-default-executor-0] INFO  server.RaftServer$Division (RaftServerImpl.java:requestVote(1078)) - 1b072022-7d94-4c8c-bba3-c337de8b7083@group-C1152556D82B replies to ELECTION vote request: d4509efe-e4ea-4b42-80bc-7ebf58d9d6f5<-1b072022-7d94-4c8c-bba3-c337de8b7083#0:FAIL-t3. Peer's state: 1b072022-7d94-4c8c-bba3-c337de8b7083@group-C1152556D82B:t3, leader=null, voted=null, raftlog=1b072022-7d94-4c8c-bba3-c337de8b7083@group-C1152556D82B-SegmentedRaftLog:OPENED:c-1, conf=-1: [5bcee01b-9f3b-4422-a8ff-83b22c074be4|rpc:10.1.0.12:38681|priority:0, 1b072022-7d94-4c8c-bba3-c337de8b7083|rpc:10.1.0.12:36175|priority:1, d4509efe-e4ea-4b42-80bc-7ebf58d9d6f5|rpc:10.1.0.12:43693|priority:0], old=null
2021-11-20 13:47:31,989 [d4509efe-e4ea-4b42-80bc-7ebf58d9d6f5@group-C1152556D82B-LeaderElection9] INFO  impl.LeaderElection (LeaderElection.java:logAndReturn(89)) - d4509efe-e4ea-4b42-80bc-7ebf58d9d6f5@group-C1152556D82B-LeaderElection9: ELECTION REJECTED received 2 response(s) and 0 exception(s):
2021-11-20 13:47:31,989 [d4509efe-e4ea-4b42-80bc-7ebf58d9d6f5@group-C1152556D82B-LeaderElection9] INFO  impl.LeaderElection (LeaderElection.java:logAndReturn(93)) -   Response 0: d4509efe-e4ea-4b42-80bc-7ebf58d9d6f5<-5bcee01b-9f3b-4422-a8ff-83b22c074be4#0:OK-t3
2021-11-20 13:47:31,989 [d4509efe-e4ea-4b42-80bc-7ebf58d9d6f5@group-C1152556D82B-LeaderElection9] INFO  impl.LeaderElection (LeaderElection.java:logAndReturn(93)) -   Response 1: d4509efe-e4ea-4b42-80bc-7ebf58d9d6f5<-1b072022-7d94-4c8c-bba3-c337de8b7083#0:FAIL-t3
2021-11-20 13:47:31,989 [d4509efe-e4ea-4b42-80bc-7ebf58d9d6f5@group-C1152556D82B-LeaderElection9] INFO  impl.LeaderElection (LeaderElection.java:askForVotes(308)) - d4509efe-e4ea-4b42-80bc-7ebf58d9d6f5@group-C1152556D82B-LeaderElection9 ELECTION round 0: result REJECTED
2021-11-20 13:47:31,989 [d4509efe-e4ea-4b42-80bc-7ebf58d9d6f5@group-C1152556D82B-LeaderElection9] INFO  server.RaftServer$Division (RaftServerImpl.java:setRole(290)) - d4509efe-e4ea-4b42-80bc-7ebf58d9d6f5@group-C1152556D82B: changes role from CANDIDATE to FOLLOWER at term 3 for REJECTED
2021-11-20 13:47:31,991 [d4509efe-e4ea-4b42-80bc-7ebf58d9d6f5@group-C1152556D82B-LeaderElection9] INFO  impl.RoleInfo (RoleInfo.java:shutdownLeaderElection(121)) - d4509efe-e4ea-4b42-80bc-7ebf58d9d6f5: shutdown d4509efe-e4ea-4b42-80bc-7ebf58d9d6f5@group-C1152556D82B-LeaderElection9
2021-11-20 13:47:31,991 [d4509efe-e4ea-4b42-80bc-7ebf58d9d6f5@group-C1152556D82B-LeaderElection9] INFO  impl.RoleInfo (RoleInfo.java:updateAndGet(130)) - d4509efe-e4ea-4b42-80bc-7ebf58d9d6f5: start d4509efe-e4ea-4b42-80bc-7ebf58d9d6f5@group-C1152556D82B-FollowerState
2021-11-20 13:47:32,168 [Listener at 127.0.0.1/41529] INFO  ozone.MiniOzoneClusterImpl (MiniOzoneClusterImpl.java:lambda$waitForClusterToBeReady$0(235)) - Nodes are ready. Got 3 of 3 DN Heartbeats.
2021-11-20 13:47:32,171 [Listener at 127.0.0.1/41529] INFO  ozone.MiniOzoneClusterImpl (MiniOzoneClusterImpl.java:lambda$waitForClusterToBeReady$0(238)) - Waiting for cluster to exit safe mode
2021-11-20 13:47:32,171 [Listener at 127.0.0.1/41529] INFO  ozone.MiniOzoneClusterImpl (MiniOzoneClusterImpl.java:lambda$waitForClusterToBeReady$0(240)) - SCM became leader
2021-11-20 13:47:33,172 [Listener at 127.0.0.1/41529] INFO  ozone.MiniOzoneClusterImpl (MiniOzoneClusterImpl.java:lambda$waitForClusterToBeReady$0(235)) - Nodes are ready. Got 3 of 3 DN Heartbeats.
2021-11-20 13:47:33,172 [Listener at 127.0.0.1/41529] INFO  ozone.MiniOzoneClusterImpl (MiniOzoneClusterImpl.java:lambda$waitForClusterToBeReady$0(238)) - Waiting for cluster to exit safe mode
2021-11-20 13:47:33,172 [Listener at 127.0.0.1/41529] INFO  ozone.MiniOzoneClusterImpl (MiniOzoneClusterImpl.java:lambda$waitForClusterToBeReady$0(240)) - SCM became leader
2021-11-20 13:47:34,172 [Listener at 127.0.0.1/41529] INFO  ozone.MiniOzoneClusterImpl (MiniOzoneClusterImpl.java:lambda$waitForClusterToBeReady$0(235)) - Nodes are ready. Got 3 of 3 DN Heartbeats.
2021-11-20 13:47:34,173 [Listener at 127.0.0.1/41529] INFO  ozone.MiniOzoneClusterImpl (MiniOzoneClusterImpl.java:lambda$waitForClusterToBeReady$0(238)) - Waiting for cluster to exit safe mode
2021-11-20 13:47:34,173 [Listener at 127.0.0.1/41529] INFO  ozone.MiniOzoneClusterImpl (MiniOzoneClusterImpl.java:lambda$waitForClusterToBeReady$0(240)) - SCM became leader
2021-11-20 13:47:35,173 [Listener at 127.0.0.1/41529] INFO  ozone.MiniOzoneClusterImpl (MiniOzoneClusterImpl.java:lambda$waitForClusterToBeReady$0(235)) - Nodes are ready. Got 3 of 3 DN Heartbeats.
2021-11-20 13:47:35,173 [Listener at 127.0.0.1/41529] INFO  ozone.MiniOzoneClusterImpl (MiniOzoneClusterImpl.java:lambda$waitForClusterToBeReady$0(238)) - Waiting for cluster to exit safe mode
2021-11-20 13:47:35,173 [Listener at 127.0.0.1/41529] INFO  ozone.MiniOzoneClusterImpl (MiniOzoneClusterImpl.java:lambda$waitForClusterToBeReady$0(240)) - SCM became leader
2021-11-20 13:47:36,174 [Listener at 127.0.0.1/41529] INFO  ozone.MiniOzoneClusterImpl (MiniOzoneClusterImpl.java:lambda$waitForClusterToBeReady$0(235)) - Nodes are ready. Got 3 of 3 DN Heartbeats.
2021-11-20 13:47:36,174 [Listener at 127.0.0.1/41529] INFO  ozone.MiniOzoneClusterImpl (MiniOzoneClusterImpl.java:lambda$waitForClusterToBeReady$0(238)) - Waiting for cluster to exit safe mode
2021-11-20 13:47:36,174 [Listener at 127.0.0.1/41529] INFO  ozone.MiniOzoneClusterImpl (MiniOzoneClusterImpl.java:lambda$waitForClusterToBeReady$0(240)) - SCM became leader
2021-11-20 13:47:37,045 [5bcee01b-9f3b-4422-a8ff-83b22c074be4@group-C1152556D82B-FollowerState] INFO  impl.FollowerState (FollowerState.java:run(134)) - 5bcee01b-9f3b-4422-a8ff-83b22c074be4@group-C1152556D82B-FollowerState: change to CANDIDATE, lastRpcElapsedTime:5068903487ns, electionTimeout:5067ms
2021-11-20 13:47:37,045 [5bcee01b-9f3b-4422-a8ff-83b22c074be4@group-C1152556D82B-FollowerState] INFO  impl.RoleInfo (RoleInfo.java:shutdownFollowerState(108)) - 5bcee01b-9f3b-4422-a8ff-83b22c074be4: shutdown 5bcee01b-9f3b-4422-a8ff-83b22c074be4@group-C1152556D82B-FollowerState
2021-11-20 13:47:37,046 [5bcee01b-9f3b-4422-a8ff-83b22c074be4@group-C1152556D82B-FollowerState] INFO  server.RaftServer$Division (RaftServerImpl.java:setRole(290)) - 5bcee01b-9f3b-4422-a8ff-83b22c074be4@group-C1152556D82B: changes role from  FOLLOWER to CANDIDATE at term 3 for changeToCandidate
2021-11-20 13:47:37,046 [5bcee01b-9f3b-4422-a8ff-83b22c074be4@group-C1152556D82B-FollowerState] INFO  server.RaftServerConfigKeys (ConfUtils.java:logGet(44)) - raft.server.leaderelection.pre-vote = false (custom)
2021-11-20 13:47:37,046 [5bcee01b-9f3b-4422-a8ff-83b22c074be4@group-C1152556D82B-FollowerState] INFO  impl.RoleInfo (RoleInfo.java:updateAndGet(130)) - 5bcee01b-9f3b-4422-a8ff-83b22c074be4: start 5bcee01b-9f3b-4422-a8ff-83b22c074be4@group-C1152556D82B-LeaderElection10
2021-11-20 13:47:37,049 [5bcee01b-9f3b-4422-a8ff-83b22c074be4@group-C1152556D82B-LeaderElection10] INFO  impl.LeaderElection (LeaderElection.java:askForVotes(306)) - 5bcee01b-9f3b-4422-a8ff-83b22c074be4@group-C1152556D82B-LeaderElection10 ELECTION round 0: submit vote requests at term 4 for -1: [5bcee01b-9f3b-4422-a8ff-83b22c074be4|rpc:10.1.0.12:38681|priority:0, 1b072022-7d94-4c8c-bba3-c337de8b7083|rpc:10.1.0.12:36175|priority:1, d4509efe-e4ea-4b42-80bc-7ebf58d9d6f5|rpc:10.1.0.12:43693|priority:0], old=null
2021-11-20 13:47:37,059 [grpc-default-executor-0] INFO  server.RaftServer$Division (RaftServerImpl.java:requestVote(1046)) - 1b072022-7d94-4c8c-bba3-c337de8b7083@group-C1152556D82B: receive requestVote(ELECTION, 5bcee01b-9f3b-4422-a8ff-83b22c074be4, group-C1152556D82B, 4, (t:0, i:0))
2021-11-20 13:47:37,059 [grpc-default-executor-0] INFO  impl.VoteContext (VoteContext.java:log(48)) - 1b072022-7d94-4c8c-bba3-c337de8b7083@group-C1152556D82B-FOLLOWER: reject ELECTION from 5bcee01b-9f3b-4422-a8ff-83b22c074be4: our priority 1 > candidate's priority 0
2021-11-20 13:47:37,059 [grpc-default-executor-0] INFO  server.RaftServer$Division (RaftServerImpl.java:setRole(290)) - 1b072022-7d94-4c8c-bba3-c337de8b7083@group-C1152556D82B: changes role from  FOLLOWER to FOLLOWER at term 4 for candidate:5bcee01b-9f3b-4422-a8ff-83b22c074be4
2021-11-20 13:47:37,059 [grpc-default-executor-0] INFO  impl.RoleInfo (RoleInfo.java:shutdownFollowerState(108)) - 1b072022-7d94-4c8c-bba3-c337de8b7083: shutdown 1b072022-7d94-4c8c-bba3-c337de8b7083@group-C1152556D82B-FollowerState
2021-11-20 13:47:37,059 [grpc-default-executor-0] INFO  impl.RoleInfo (RoleInfo.java:updateAndGet(130)) - 1b072022-7d94-4c8c-bba3-c337de8b7083: start 1b072022-7d94-4c8c-bba3-c337de8b7083@group-C1152556D82B-FollowerState
2021-11-20 13:47:37,059 [1b072022-7d94-4c8c-bba3-c337de8b7083@group-C1152556D82B-FollowerState] INFO  impl.FollowerState (FollowerState.java:run(143)) - 1b072022-7d94-4c8c-bba3-c337de8b7083@group-C1152556D82B-FollowerState was interrupted: {}
java.lang.InterruptedException: sleep interrupted
	at java.lang.Thread.sleep(Native Method)
	at java.lang.Thread.sleep(Thread.java:340)
	at java.util.concurrent.TimeUnit.sleep(TimeUnit.java:386)
	at org.apache.ratis.util.TimeDuration.sleep(TimeDuration.java:324)
	at org.apache.ratis.util.TimeDuration.sleep(TimeDuration.java:309)
	at org.apache.ratis.server.impl.FollowerState.run(FollowerState.java:118)
2021-11-20 13:47:37,064 [grpc-default-executor-0] INFO  server.RaftServer$Division (RaftServerImpl.java:requestVote(1078)) - 1b072022-7d94-4c8c-bba3-c337de8b7083@group-C1152556D82B replies to ELECTION vote request: 5bcee01b-9f3b-4422-a8ff-83b22c074be4<-1b072022-7d94-4c8c-bba3-c337de8b7083#0:FAIL-t4. Peer's state: 1b072022-7d94-4c8c-bba3-c337de8b7083@group-C1152556D82B:t4, leader=null, voted=null, raftlog=1b072022-7d94-4c8c-bba3-c337de8b7083@group-C1152556D82B-SegmentedRaftLog:OPENED:c-1, conf=-1: [5bcee01b-9f3b-4422-a8ff-83b22c074be4|rpc:10.1.0.12:38681|priority:0, 1b072022-7d94-4c8c-bba3-c337de8b7083|rpc:10.1.0.12:36175|priority:1, d4509efe-e4ea-4b42-80bc-7ebf58d9d6f5|rpc:10.1.0.12:43693|priority:0], old=null
2021-11-20 13:47:37,067 [5bcee01b-9f3b-4422-a8ff-83b22c074be4@group-C1152556D82B-LeaderElection10] INFO  impl.LeaderElection (LeaderElection.java:logAndReturn(89)) - 5bcee01b-9f3b-4422-a8ff-83b22c074be4@group-C1152556D82B-LeaderElection10: ELECTION REJECTED received 1 response(s) and 0 exception(s):
2021-11-20 13:47:37,067 [5bcee01b-9f3b-4422-a8ff-83b22c074be4@group-C1152556D82B-LeaderElection10] INFO  impl.LeaderElection (LeaderElection.java:logAndReturn(93)) -   Response 0: 5bcee01b-9f3b-4422-a8ff-83b22c074be4<-1b072022-7d94-4c8c-bba3-c337de8b7083#0:FAIL-t4
2021-11-20 13:47:37,067 [5bcee01b-9f3b-4422-a8ff-83b22c074be4@group-C1152556D82B-LeaderElection10] INFO  impl.LeaderElection (LeaderElection.java:askForVotes(308)) - 5bcee01b-9f3b-4422-a8ff-83b22c074be4@group-C1152556D82B-LeaderElection10 ELECTION round 0: result REJECTED
2021-11-20 13:47:37,067 [5bcee01b-9f3b-4422-a8ff-83b22c074be4@group-C1152556D82B-LeaderElection10] INFO  server.RaftServer$Division (RaftServerImpl.java:setRole(290)) - 5bcee01b-9f3b-4422-a8ff-83b22c074be4@group-C1152556D82B: changes role from CANDIDATE to FOLLOWER at term 4 for REJECTED
2021-11-20 13:47:37,067 [5bcee01b-9f3b-4422-a8ff-83b22c074be4@group-C1152556D82B-LeaderElection10] INFO  impl.RoleInfo (RoleInfo.java:shutdownLeaderElection(121)) - 5bcee01b-9f3b-4422-a8ff-83b22c074be4: shutdown 5bcee01b-9f3b-4422-a8ff-83b22c074be4@group-C1152556D82B-LeaderElection10
2021-11-20 13:47:37,067 [5bcee01b-9f3b-4422-a8ff-83b22c074be4@group-C1152556D82B-LeaderElection10] INFO  impl.RoleInfo (RoleInfo.java:updateAndGet(130)) - 5bcee01b-9f3b-4422-a8ff-83b22c074be4: start 5bcee01b-9f3b-4422-a8ff-83b22c074be4@group-C1152556D82B-FollowerState
2021-11-20 13:47:37,069 [grpc-default-executor-0] INFO  server.RaftServer$Division (RaftServerImpl.java:requestVote(1046)) - d4509efe-e4ea-4b42-80bc-7ebf58d9d6f5@group-C1152556D82B: receive requestVote(ELECTION, 5bcee01b-9f3b-4422-a8ff-83b22c074be4, group-C1152556D82B, 4, (t:0, i:0))
2021-11-20 13:47:37,070 [grpc-default-executor-0] INFO  impl.VoteContext (VoteContext.java:log(48)) - d4509efe-e4ea-4b42-80bc-7ebf58d9d6f5@group-C1152556D82B-FOLLOWER: accept ELECTION from 5bcee01b-9f3b-4422-a8ff-83b22c074be4: our priority 0 <= candidate's priority 0
2021-11-20 13:47:37,070 [grpc-default-executor-0] INFO  server.RaftServer$Division (RaftServerImpl.java:setRole(290)) - d4509efe-e4ea-4b42-80bc-7ebf58d9d6f5@group-C1152556D82B: changes role from  FOLLOWER to FOLLOWER at term 4 for candidate:5bcee01b-9f3b-4422-a8ff-83b22c074be4
2021-11-20 13:47:37,070 [grpc-default-executor-0] INFO  impl.RoleInfo (RoleInfo.java:shutdownFollowerState(108)) - d4509efe-e4ea-4b42-80bc-7ebf58d9d6f5: shutdown d4509efe-e4ea-4b42-80bc-7ebf58d9d6f5@group-C1152556D82B-FollowerState
2021-11-20 13:47:37,070 [grpc-default-executor-0] INFO  impl.RoleInfo (RoleInfo.java:updateAndGet(130)) - d4509efe-e4ea-4b42-80bc-7ebf58d9d6f5: start d4509efe-e4ea-4b42-80bc-7ebf58d9d6f5@group-C1152556D82B-FollowerState
2021-11-20 13:47:37,070 [d4509efe-e4ea-4b42-80bc-7ebf58d9d6f5@group-C1152556D82B-FollowerState] INFO  impl.FollowerState (FollowerState.java:run(143)) - d4509efe-e4ea-4b42-80bc-7ebf58d9d6f5@group-C1152556D82B-FollowerState was interrupted: {}
java.lang.InterruptedException: sleep interrupted
	at java.lang.Thread.sleep(Native Method)
	at java.lang.Thread.sleep(Thread.java:340)
	at java.util.concurrent.TimeUnit.sleep(TimeUnit.java:386)
	at org.apache.ratis.util.TimeDuration.sleep(TimeDuration.java:324)
	at org.apache.ratis.util.TimeDuration.sleep(TimeDuration.java:309)
	at org.apache.ratis.server.impl.FollowerState.run(FollowerState.java:118)
2021-11-20 13:47:37,071 [grpc-default-executor-0] INFO  server.RaftServer$Division (RaftServerImpl.java:requestVote(1078)) - d4509efe-e4ea-4b42-80bc-7ebf58d9d6f5@group-C1152556D82B replies to ELECTION vote request: 5bcee01b-9f3b-4422-a8ff-83b22c074be4<-d4509efe-e4ea-4b42-80bc-7ebf58d9d6f5#0:OK-t4. Peer's state: d4509efe-e4ea-4b42-80bc-7ebf58d9d6f5@group-C1152556D82B:t4, leader=null, voted=5bcee01b-9f3b-4422-a8ff-83b22c074be4, raftlog=d4509efe-e4ea-4b42-80bc-7ebf58d9d6f5@group-C1152556D82B-SegmentedRaftLog:OPENED:c-1, conf=-1: [5bcee01b-9f3b-4422-a8ff-83b22c074be4|rpc:10.1.0.12:38681|priority:0, 1b072022-7d94-4c8c-bba3-c337de8b7083|rpc:10.1.0.12:36175|priority:1, d4509efe-e4ea-4b42-80bc-7ebf58d9d6f5|rpc:10.1.0.12:43693|priority:0], old=null
2021-11-20 13:47:37,174 [Listener at 127.0.0.1/41529] INFO  ozone.MiniOzoneClusterImpl (MiniOzoneClusterImpl.java:lambda$waitForClusterToBeReady$0(235)) - Nodes are ready. Got 3 of 3 DN Heartbeats.
2021-11-20 13:47:37,174 [Listener at 127.0.0.1/41529] INFO  ozone.MiniOzoneClusterImpl (MiniOzoneClusterImpl.java:lambda$waitForClusterToBeReady$0(238)) - Waiting for cluster to exit safe mode
2021-11-20 13:47:37,174 [Listener at 127.0.0.1/41529] INFO  ozone.MiniOzoneClusterImpl (MiniOzoneClusterImpl.java:lambda$waitForClusterToBeReady$0(240)) - SCM became leader
2021-11-20 13:47:38,175 [Listener at 127.0.0.1/41529] INFO  ozone.MiniOzoneClusterImpl (MiniOzoneClusterImpl.java:lambda$waitForClusterToBeReady$0(235)) - Nodes are ready. Got 3 of 3 DN Heartbeats.
2021-11-20 13:47:38,175 [Listener at 127.0.0.1/41529] INFO  ozone.MiniOzoneClusterImpl (MiniOzoneClusterImpl.java:lambda$waitForClusterToBeReady$0(238)) - Waiting for cluster to exit safe mode
2021-11-20 13:47:38,175 [Listener at 127.0.0.1/41529] INFO  ozone.MiniOzoneClusterImpl (MiniOzoneClusterImpl.java:lambda$waitForClusterToBeReady$0(240)) - SCM became leader
2021-11-20 13:47:39,175 [Listener at 127.0.0.1/41529] INFO  ozone.MiniOzoneClusterImpl (MiniOzoneClusterImpl.java:lambda$waitForClusterToBeReady$0(235)) - Nodes are ready. Got 3 of 3 DN Heartbeats.
2021-11-20 13:47:39,175 [Listener at 127.0.0.1/41529] INFO  ozone.MiniOzoneClusterImpl (MiniOzoneClusterImpl.java:lambda$waitForClusterToBeReady$0(238)) - Waiting for cluster to exit safe mode
2021-11-20 13:47:39,175 [Listener at 127.0.0.1/41529] INFO  ozone.MiniOzoneClusterImpl (MiniOzoneClusterImpl.java:lambda$waitForClusterToBeReady$0(240)) - SCM became leader
2021-11-20 13:47:40,176 [Listener at 127.0.0.1/41529] INFO  ozone.MiniOzoneClusterImpl (MiniOzoneClusterImpl.java:lambda$waitForClusterToBeReady$0(235)) - Nodes are ready. Got 3 of 3 DN Heartbeats.
2021-11-20 13:47:40,176 [Listener at 127.0.0.1/41529] INFO  ozone.MiniOzoneClusterImpl (MiniOzoneClusterImpl.java:lambda$waitForClusterToBeReady$0(238)) - Waiting for cluster to exit safe mode
2021-11-20 13:47:40,176 [Listener at 127.0.0.1/41529] INFO  ozone.MiniOzoneClusterImpl (MiniOzoneClusterImpl.java:lambda$waitForClusterToBeReady$0(240)) - SCM became leader
2021-11-20 13:47:41,176 [Listener at 127.0.0.1/41529] INFO  ozone.MiniOzoneClusterImpl (MiniOzoneClusterImpl.java:lambda$waitForClusterToBeReady$0(235)) - Nodes are ready. Got 3 of 3 DN Heartbeats.
2021-11-20 13:47:41,176 [Listener at 127.0.0.1/41529] INFO  ozone.MiniOzoneClusterImpl (MiniOzoneClusterImpl.java:lambda$waitForClusterToBeReady$0(238)) - Waiting for cluster to exit safe mode
2021-11-20 13:47:41,176 [Listener at 127.0.0.1/41529] INFO  ozone.MiniOzoneClusterImpl (MiniOzoneClusterImpl.java:lambda$waitForClusterToBeReady$0(240)) - SCM became leader
2021-11-20 13:47:42,073 [d4509efe-e4ea-4b42-80bc-7ebf58d9d6f5@group-C1152556D82B-FollowerState] INFO  impl.FollowerState (FollowerState.java:run(134)) - d4509efe-e4ea-4b42-80bc-7ebf58d9d6f5@group-C1152556D82B-FollowerState: change to CANDIDATE, lastRpcElapsedTime:5002538662ns, electionTimeout:5002ms
2021-11-20 13:47:42,074 [d4509efe-e4ea-4b42-80bc-7ebf58d9d6f5@group-C1152556D82B-FollowerState] INFO  impl.RoleInfo (RoleInfo.java:shutdownFollowerState(108)) - d4509efe-e4ea-4b42-80bc-7ebf58d9d6f5: shutdown d4509efe-e4ea-4b42-80bc-7ebf58d9d6f5@group-C1152556D82B-FollowerState
2021-11-20 13:47:42,075 [d4509efe-e4ea-4b42-80bc-7ebf58d9d6f5@group-C1152556D82B-FollowerState] INFO  server.RaftServer$Division (RaftServerImpl.java:setRole(290)) - d4509efe-e4ea-4b42-80bc-7ebf58d9d6f5@group-C1152556D82B: changes role from  FOLLOWER to CANDIDATE at term 4 for changeToCandidate
2021-11-20 13:47:42,075 [d4509efe-e4ea-4b42-80bc-7ebf58d9d6f5@group-C1152556D82B-FollowerState] INFO  server.RaftServerConfigKeys (ConfUtils.java:logGet(44)) - raft.server.leaderelection.pre-vote = false (custom)
2021-11-20 13:47:42,075 [d4509efe-e4ea-4b42-80bc-7ebf58d9d6f5@group-C1152556D82B-FollowerState] INFO  impl.RoleInfo (RoleInfo.java:updateAndGet(130)) - d4509efe-e4ea-4b42-80bc-7ebf58d9d6f5: start d4509efe-e4ea-4b42-80bc-7ebf58d9d6f5@group-C1152556D82B-LeaderElection11
2021-11-20 13:47:42,076 [5bcee01b-9f3b-4422-a8ff-83b22c074be4@group-C1152556D82B-FollowerState] INFO  impl.FollowerState (FollowerState.java:run(134)) - 5bcee01b-9f3b-4422-a8ff-83b22c074be4@group-C1152556D82B-FollowerState: change to CANDIDATE, lastRpcElapsedTime:5009426795ns, electionTimeout:5006ms
2021-11-20 13:47:42,076 [5bcee01b-9f3b-4422-a8ff-83b22c074be4@group-C1152556D82B-FollowerState] INFO  impl.RoleInfo (RoleInfo.java:shutdownFollowerState(108)) - 5bcee01b-9f3b-4422-a8ff-83b22c074be4: shutdown 5bcee01b-9f3b-4422-a8ff-83b22c074be4@group-C1152556D82B-FollowerState
2021-11-20 13:47:42,076 [5bcee01b-9f3b-4422-a8ff-83b22c074be4@group-C1152556D82B-FollowerState] INFO  server.RaftServer$Division (RaftServerImpl.java:setRole(290)) - 5bcee01b-9f3b-4422-a8ff-83b22c074be4@group-C1152556D82B: changes role from  FOLLOWER to CANDIDATE at term 4 for changeToCandidate
2021-11-20 13:47:42,077 [5bcee01b-9f3b-4422-a8ff-83b22c074be4@group-C1152556D82B-FollowerState] INFO  server.RaftServerConfigKeys (ConfUtils.java:logGet(44)) - raft.server.leaderelection.pre-vote = false (custom)
2021-11-20 13:47:42,077 [5bcee01b-9f3b-4422-a8ff-83b22c074be4@group-C1152556D82B-FollowerState] INFO  impl.RoleInfo (RoleInfo.java:updateAndGet(130)) - 5bcee01b-9f3b-4422-a8ff-83b22c074be4: start 5bcee01b-9f3b-4422-a8ff-83b22c074be4@group-C1152556D82B-LeaderElection12
2021-11-20 13:47:42,080 [d4509efe-e4ea-4b42-80bc-7ebf58d9d6f5@group-C1152556D82B-LeaderElection11] INFO  impl.LeaderElection (LeaderElection.java:askForVotes(306)) - d4509efe-e4ea-4b42-80bc-7ebf58d9d6f5@group-C1152556D82B-LeaderElection11 ELECTION round 0: submit vote requests at term 5 for -1: [5bcee01b-9f3b-4422-a8ff-83b22c074be4|rpc:10.1.0.12:38681|priority:0, 1b072022-7d94-4c8c-bba3-c337de8b7083|rpc:10.1.0.12:36175|priority:1, d4509efe-e4ea-4b42-80bc-7ebf58d9d6f5|rpc:10.1.0.12:43693|priority:0], old=null
2021-11-20 13:47:42,085 [grpc-default-executor-0] INFO  server.RaftServer$Division (RaftServerImpl.java:requestVote(1046)) - 5bcee01b-9f3b-4422-a8ff-83b22c074be4@group-C1152556D82B: receive requestVote(ELECTION, d4509efe-e4ea-4b42-80bc-7ebf58d9d6f5, group-C1152556D82B, 5, (t:0, i:0))
2021-11-20 13:47:42,087 [grpc-default-executor-0] INFO  impl.VoteContext (VoteContext.java:log(48)) - 5bcee01b-9f3b-4422-a8ff-83b22c074be4@group-C1152556D82B-CANDIDATE: reject ELECTION from d4509efe-e4ea-4b42-80bc-7ebf58d9d6f5: already has voted for 5bcee01b-9f3b-4422-a8ff-83b22c074be4 at current term 5
2021-11-20 13:47:42,087 [grpc-default-executor-0] INFO  server.RaftServer$Division (RaftServerImpl.java:requestVote(1078)) - 5bcee01b-9f3b-4422-a8ff-83b22c074be4@group-C1152556D82B replies to ELECTION vote request: d4509efe-e4ea-4b42-80bc-7ebf58d9d6f5<-5bcee01b-9f3b-4422-a8ff-83b22c074be4#0:FAIL-t5. Peer's state: 5bcee01b-9f3b-4422-a8ff-83b22c074be4@group-C1152556D82B:t5, leader=null, voted=5bcee01b-9f3b-4422-a8ff-83b22c074be4, raftlog=5bcee01b-9f3b-4422-a8ff-83b22c074be4@group-C1152556D82B-SegmentedRaftLog:OPENED:c-1, conf=-1: [5bcee01b-9f3b-4422-a8ff-83b22c074be4|rpc:10.1.0.12:38681|priority:0, 1b072022-7d94-4c8c-bba3-c337de8b7083|rpc:10.1.0.12:36175|priority:1, d4509efe-e4ea-4b42-80bc-7ebf58d9d6f5|rpc:10.1.0.12:43693|priority:0], old=null
2021-11-20 13:47:42,091 [5bcee01b-9f3b-4422-a8ff-83b22c074be4@group-C1152556D82B-LeaderElection12] INFO  impl.LeaderElection (LeaderElection.java:askForVotes(306)) - 5bcee01b-9f3b-4422-a8ff-83b22c074be4@group-C1152556D82B-LeaderElection12 ELECTION round 0: submit vote requests at term 5 for -1: [5bcee01b-9f3b-4422-a8ff-83b22c074be4|rpc:10.1.0.12:38681|priority:0, 1b072022-7d94-4c8c-bba3-c337de8b7083|rpc:10.1.0.12:36175|priority:1, d4509efe-e4ea-4b42-80bc-7ebf58d9d6f5|rpc:10.1.0.12:43693|priority:0], old=null
2021-11-20 13:47:42,093 [grpc-default-executor-0] INFO  server.RaftServer$Division (RaftServerImpl.java:requestVote(1046)) - 1b072022-7d94-4c8c-bba3-c337de8b7083@group-C1152556D82B: receive requestVote(ELECTION, d4509efe-e4ea-4b42-80bc-7ebf58d9d6f5, group-C1152556D82B, 5, (t:0, i:0))
2021-11-20 13:47:42,098 [grpc-default-executor-0] INFO  impl.VoteContext (VoteContext.java:log(48)) - 1b072022-7d94-4c8c-bba3-c337de8b7083@group-C1152556D82B-FOLLOWER: reject ELECTION from d4509efe-e4ea-4b42-80bc-7ebf58d9d6f5: our priority 1 > candidate's priority 0
2021-11-20 13:47:42,099 [grpc-default-executor-0] INFO  server.RaftServer$Division (RaftServerImpl.java:setRole(290)) - 1b072022-7d94-4c8c-bba3-c337de8b7083@group-C1152556D82B: changes role from  FOLLOWER to FOLLOWER at term 5 for candidate:d4509efe-e4ea-4b42-80bc-7ebf58d9d6f5
2021-11-20 13:47:42,099 [grpc-default-executor-0] INFO  impl.RoleInfo (RoleInfo.java:shutdownFollowerState(108)) - 1b072022-7d94-4c8c-bba3-c337de8b7083: shutdown 1b072022-7d94-4c8c-bba3-c337de8b7083@group-C1152556D82B-FollowerState
2021-11-20 13:47:42,099 [grpc-default-executor-0] INFO  impl.RoleInfo (RoleInfo.java:updateAndGet(130)) - 1b072022-7d94-4c8c-bba3-c337de8b7083: start 1b072022-7d94-4c8c-bba3-c337de8b7083@group-C1152556D82B-FollowerState
2021-11-20 13:47:42,099 [1b072022-7d94-4c8c-bba3-c337de8b7083@group-C1152556D82B-FollowerState] INFO  impl.FollowerState (FollowerState.java:run(143)) - 1b072022-7d94-4c8c-bba3-c337de8b7083@group-C1152556D82B-FollowerState was interrupted: {}
java.lang.InterruptedException: sleep interrupted
	at java.lang.Thread.sleep(Native Method)
	at java.lang.Thread.sleep(Thread.java:340)
	at java.util.concurrent.TimeUnit.sleep(TimeUnit.java:386)
	at org.apache.ratis.util.TimeDuration.sleep(TimeDuration.java:324)
	at org.apache.ratis.util.TimeDuration.sleep(TimeDuration.java:309)
	at org.apache.ratis.server.impl.FollowerState.run(FollowerState.java:118)
2021-11-20 13:47:42,101 [grpc-default-executor-0] INFO  server.RaftServer$Division (RaftServerImpl.java:requestVote(1078)) - 1b072022-7d94-4c8c-bba3-c337de8b7083@group-C1152556D82B replies to ELECTION vote request: d4509efe-e4ea-4b42-80bc-7ebf58d9d6f5<-1b072022-7d94-4c8c-bba3-c337de8b7083#0:FAIL-t5. Peer's state: 1b072022-7d94-4c8c-bba3-c337de8b7083@group-C1152556D82B:t5, leader=null, voted=null, raftlog=1b072022-7d94-4c8c-bba3-c337de8b7083@group-C1152556D82B-SegmentedRaftLog:OPENED:c-1, conf=-1: [5bcee01b-9f3b-4422-a8ff-83b22c074be4|rpc:10.1.0.12:38681|priority:0, 1b072022-7d94-4c8c-bba3-c337de8b7083|rpc:10.1.0.12:36175|priority:1, d4509efe-e4ea-4b42-80bc-7ebf58d9d6f5|rpc:10.1.0.12:43693|priority:0], old=null
2021-11-20 13:47:42,106 [grpc-default-executor-2] INFO  server.RaftServer$Division (RaftServerImpl.java:requestVote(1046)) - d4509efe-e4ea-4b42-80bc-7ebf58d9d6f5@group-C1152556D82B: receive requestVote(ELECTION, 5bcee01b-9f3b-4422-a8ff-83b22c074be4, group-C1152556D82B, 5, (t:0, i:0))
2021-11-20 13:47:42,107 [grpc-default-executor-2] INFO  impl.VoteContext (VoteContext.java:log(48)) - d4509efe-e4ea-4b42-80bc-7ebf58d9d6f5@group-C1152556D82B-CANDIDATE: reject ELECTION from 5bcee01b-9f3b-4422-a8ff-83b22c074be4: already has voted for d4509efe-e4ea-4b42-80bc-7ebf58d9d6f5 at current term 5
2021-11-20 13:47:42,107 [grpc-default-executor-2] INFO  server.RaftServer$Division (RaftServerImpl.java:requestVote(1078)) - d4509efe-e4ea-4b42-80bc-7ebf58d9d6f5@group-C1152556D82B replies to ELECTION vote request: 5bcee01b-9f3b-4422-a8ff-83b22c074be4<-d4509efe-e4ea-4b42-80bc-7ebf58d9d6f5#0:FAIL-t5. Peer's state: d4509efe-e4ea-4b42-80bc-7ebf58d9d6f5@group-C1152556D82B:t5, leader=null, voted=d4509efe-e4ea-4b42-80bc-7ebf58d9d6f5, raftlog=d4509efe-e4ea-4b42-80bc-7ebf58d9d6f5@group-C1152556D82B-SegmentedRaftLog:OPENED:c-1, conf=-1: [5bcee01b-9f3b-4422-a8ff-83b22c074be4|rpc:10.1.0.12:38681|priority:0, 1b072022-7d94-4c8c-bba3-c337de8b7083|rpc:10.1.0.12:36175|priority:1, d4509efe-e4ea-4b42-80bc-7ebf58d9d6f5|rpc:10.1.0.12:43693|priority:0], old=null
2021-11-20 13:47:42,108 [d4509efe-e4ea-4b42-80bc-7ebf58d9d6f5@group-C1152556D82B-LeaderElection11] INFO  impl.LeaderElection (LeaderElection.java:logAndReturn(89)) - d4509efe-e4ea-4b42-80bc-7ebf58d9d6f5@group-C1152556D82B-LeaderElection11: ELECTION REJECTED received 2 response(s) and 0 exception(s):
2021-11-20 13:47:42,109 [d4509efe-e4ea-4b42-80bc-7ebf58d9d6f5@group-C1152556D82B-LeaderElection11] INFO  impl.LeaderElection (LeaderElection.java:logAndReturn(93)) -   Response 0: d4509efe-e4ea-4b42-80bc-7ebf58d9d6f5<-5bcee01b-9f3b-4422-a8ff-83b22c074be4#0:FAIL-t5
2021-11-20 13:47:42,109 [d4509efe-e4ea-4b42-80bc-7ebf58d9d6f5@group-C1152556D82B-LeaderElection11] INFO  impl.LeaderElection (LeaderElection.java:logAndReturn(93)) -   Response 1: d4509efe-e4ea-4b42-80bc-7ebf58d9d6f5<-1b072022-7d94-4c8c-bba3-c337de8b7083#0:FAIL-t5
2021-11-20 13:47:42,109 [d4509efe-e4ea-4b42-80bc-7ebf58d9d6f5@group-C1152556D82B-LeaderElection11] INFO  impl.LeaderElection (LeaderElection.java:askForVotes(308)) - d4509efe-e4ea-4b42-80bc-7ebf58d9d6f5@group-C1152556D82B-LeaderElection11 ELECTION round 0: result REJECTED
2021-11-20 13:47:42,109 [d4509efe-e4ea-4b42-80bc-7ebf58d9d6f5@group-C1152556D82B-LeaderElection11] INFO  server.RaftServer$Division (RaftServerImpl.java:setRole(290)) - d4509efe-e4ea-4b42-80bc-7ebf58d9d6f5@group-C1152556D82B: changes role from CANDIDATE to FOLLOWER at term 5 for REJECTED
2021-11-20 13:47:42,109 [d4509efe-e4ea-4b42-80bc-7ebf58d9d6f5@group-C1152556D82B-LeaderElection11] INFO  impl.RoleInfo (RoleInfo.java:shutdownLeaderElection(121)) - d4509efe-e4ea-4b42-80bc-7ebf58d9d6f5: shutdown d4509efe-e4ea-4b42-80bc-7ebf58d9d6f5@group-C1152556D82B-LeaderElection11
2021-11-20 13:47:42,109 [d4509efe-e4ea-4b42-80bc-7ebf58d9d6f5@group-C1152556D82B-LeaderElection11] INFO  impl.RoleInfo (RoleInfo.java:updateAndGet(130)) - d4509efe-e4ea-4b42-80bc-7ebf58d9d6f5: start d4509efe-e4ea-4b42-80bc-7ebf58d9d6f5@group-C1152556D82B-FollowerState
2021-11-20 13:47:42,109 [grpc-default-executor-2] INFO  server.RaftServer$Division (RaftServerImpl.java:requestVote(1046)) - 1b072022-7d94-4c8c-bba3-c337de8b7083@group-C1152556D82B: receive requestVote(ELECTION, 5bcee01b-9f3b-4422-a8ff-83b22c074be4, group-C1152556D82B, 5, (t:0, i:0))
2021-11-20 13:47:42,116 [grpc-default-executor-2] INFO  impl.VoteContext (VoteContext.java:log(48)) - 1b072022-7d94-4c8c-bba3-c337de8b7083@group-C1152556D82B-FOLLOWER: reject ELECTION from 5bcee01b-9f3b-4422-a8ff-83b22c074be4: our priority 1 > candidate's priority 0
2021-11-20 13:47:42,116 [grpc-default-executor-2] INFO  server.RaftServer$Division (RaftServerImpl.java:setRole(290)) - 1b072022-7d94-4c8c-bba3-c337de8b7083@group-C1152556D82B: changes role from  FOLLOWER to FOLLOWER at term 5 for candidate:5bcee01b-9f3b-4422-a8ff-83b22c074be4
2021-11-20 13:47:42,116 [grpc-default-executor-2] INFO  impl.RoleInfo (RoleInfo.java:shutdownFollowerState(108)) - 1b072022-7d94-4c8c-bba3-c337de8b7083: shutdown 1b072022-7d94-4c8c-bba3-c337de8b7083@group-C1152556D82B-FollowerState
2021-11-20 13:47:42,116 [grpc-default-executor-2] INFO  impl.RoleInfo (RoleInfo.java:updateAndGet(130)) - 1b072022-7d94-4c8c-bba3-c337de8b7083: start 1b072022-7d94-4c8c-bba3-c337de8b7083@group-C1152556D82B-FollowerState
2021-11-20 13:47:42,116 [grpc-default-executor-2] INFO  server.RaftServer$Division (RaftServerImpl.java:requestVote(1078)) - 1b072022-7d94-4c8c-bba3-c337de8b7083@group-C1152556D82B replies to ELECTION vote request: 5bcee01b-9f3b-4422-a8ff-83b22c074be4<-1b072022-7d94-4c8c-bba3-c337de8b7083#0:FAIL-t5. Peer's state: 1b072022-7d94-4c8c-bba3-c337de8b7083@group-C1152556D82B:t5, leader=null, voted=null, raftlog=1b072022-7d94-4c8c-bba3-c337de8b7083@group-C1152556D82B-SegmentedRaftLog:OPENED:c-1, conf=-1: [5bcee01b-9f3b-4422-a8ff-83b22c074be4|rpc:10.1.0.12:38681|priority:0, 1b072022-7d94-4c8c-bba3-c337de8b7083|rpc:10.1.0.12:36175|priority:1, d4509efe-e4ea-4b42-80bc-7ebf58d9d6f5|rpc:10.1.0.12:43693|priority:0], old=null
2021-11-20 13:47:42,116 [1b072022-7d94-4c8c-bba3-c337de8b7083@group-C1152556D82B-FollowerState] INFO  impl.FollowerState (FollowerState.java:run(143)) - 1b072022-7d94-4c8c-bba3-c337de8b7083@group-C1152556D82B-FollowerState was interrupted: {}
java.lang.InterruptedException: sleep interrupted
	at java.lang.Thread.sleep(Native Method)
	at java.lang.Thread.sleep(Thread.java:340)
	at java.util.concurrent.TimeUnit.sleep(TimeUnit.java:386)
	at org.apache.ratis.util.TimeDuration.sleep(TimeDuration.java:324)
	at org.apache.ratis.util.TimeDuration.sleep(TimeDuration.java:309)
	at org.apache.ratis.server.impl.FollowerState.run(FollowerState.java:118)
2021-11-20 13:47:42,117 [5bcee01b-9f3b-4422-a8ff-83b22c074be4@group-C1152556D82B-LeaderElection12] INFO  impl.LeaderElection (LeaderElection.java:logAndReturn(89)) - 5bcee01b-9f3b-4422-a8ff-83b22c074be4@group-C1152556D82B-LeaderElection12: ELECTION REJECTED received 2 response(s) and 0 exception(s):
2021-11-20 13:47:42,120 [5bcee01b-9f3b-4422-a8ff-83b22c074be4@group-C1152556D82B-LeaderElection12] INFO  impl.LeaderElection (LeaderElection.java:logAndReturn(93)) -   Response 0: 5bcee01b-9f3b-4422-a8ff-83b22c074be4<-1b072022-7d94-4c8c-bba3-c337de8b7083#0:FAIL-t5
2021-11-20 13:47:42,120 [5bcee01b-9f3b-4422-a8ff-83b22c074be4@group-C1152556D82B-LeaderElection12] INFO  impl.LeaderElection (LeaderElection.java:logAndReturn(93)) -   Response 1: 5bcee01b-9f3b-4422-a8ff-83b22c074be4<-d4509efe-e4ea-4b42-80bc-7ebf58d9d6f5#0:FAIL-t5
2021-11-20 13:47:42,120 [5bcee01b-9f3b-4422-a8ff-83b22c074be4@group-C1152556D82B-LeaderElection12] INFO  impl.LeaderElection (LeaderElection.java:askForVotes(308)) - 5bcee01b-9f3b-4422-a8ff-83b22c074be4@group-C1152556D82B-LeaderElection12 ELECTION round 0: result REJECTED
2021-11-20 13:47:42,120 [5bcee01b-9f3b-4422-a8ff-83b22c074be4@group-C1152556D82B-LeaderElection12] INFO  server.RaftServer$Division (RaftServerImpl.java:setRole(290)) - 5bcee01b-9f3b-4422-a8ff-83b22c074be4@group-C1152556D82B: changes role from CANDIDATE to FOLLOWER at term 5 for REJECTED
2021-11-20 13:47:42,120 [5bcee01b-9f3b-4422-a8ff-83b22c074be4@group-C1152556D82B-LeaderElection12] INFO  impl.RoleInfo (RoleInfo.java:shutdownLeaderElection(121)) - 5bcee01b-9f3b-4422-a8ff-83b22c074be4: shutdown 5bcee01b-9f3b-4422-a8ff-83b22c074be4@group-C1152556D82B-LeaderElection12
2021-11-20 13:47:42,120 [5bcee01b-9f3b-4422-a8ff-83b22c074be4@group-C1152556D82B-LeaderElection12] INFO  impl.RoleInfo (RoleInfo.java:updateAndGet(130)) - 5bcee01b-9f3b-4422-a8ff-83b22c074be4: start 5bcee01b-9f3b-4422-a8ff-83b22c074be4@group-C1152556D82B-FollowerState
2021-11-20 13:47:42,176 [Listener at 127.0.0.1/41529] INFO  ozone.MiniOzoneClusterImpl (MiniOzoneClusterImpl.java:lambda$waitForClusterToBeReady$0(235)) - Nodes are ready. Got 3 of 3 DN Heartbeats.
2021-11-20 13:47:42,177 [Listener at 127.0.0.1/41529] INFO  ozone.MiniOzoneClusterImpl (MiniOzoneClusterImpl.java:lambda$waitForClusterToBeReady$0(238)) - Waiting for cluster to exit safe mode
2021-11-20 13:47:42,177 [Listener at 127.0.0.1/41529] INFO  ozone.MiniOzoneClusterImpl (MiniOzoneClusterImpl.java:lambda$waitForClusterToBeReady$0(240)) - SCM became leader
2021-11-20 13:47:43,177 [Listener at 127.0.0.1/41529] INFO  ozone.MiniOzoneClusterImpl (MiniOzoneClusterImpl.java:lambda$waitForClusterToBeReady$0(235)) - Nodes are ready. Got 3 of 3 DN Heartbeats.
2021-11-20 13:47:43,177 [Listener at 127.0.0.1/41529] INFO  ozone.MiniOzoneClusterImpl (MiniOzoneClusterImpl.java:lambda$waitForClusterToBeReady$0(238)) - Waiting for cluster to exit safe mode
2021-11-20 13:47:43,177 [Listener at 127.0.0.1/41529] INFO  ozone.MiniOzoneClusterImpl (MiniOzoneClusterImpl.java:lambda$waitForClusterToBeReady$0(240)) - SCM became leader
2021-11-20 13:47:44,177 [Listener at 127.0.0.1/41529] INFO  ozone.MiniOzoneClusterImpl (MiniOzoneClusterImpl.java:lambda$waitForClusterToBeReady$0(235)) - Nodes are ready. Got 3 of 3 DN Heartbeats.
2021-11-20 13:47:44,177 [Listener at 127.0.0.1/41529] INFO  ozone.MiniOzoneClusterImpl (MiniOzoneClusterImpl.java:lambda$waitForClusterToBeReady$0(238)) - Waiting for cluster to exit safe mode
2021-11-20 13:47:44,178 [Listener at 127.0.0.1/41529] INFO  ozone.MiniOzoneClusterImpl (MiniOzoneClusterImpl.java:lambda$waitForClusterToBeReady$0(240)) - SCM became leader
2021-11-20 13:47:45,178 [Listener at 127.0.0.1/41529] INFO  ozone.MiniOzoneClusterImpl (MiniOzoneClusterImpl.java:lambda$waitForClusterToBeReady$0(235)) - Nodes are ready. Got 3 of 3 DN Heartbeats.
2021-11-20 13:47:45,178 [Listener at 127.0.0.1/41529] INFO  ozone.MiniOzoneClusterImpl (MiniOzoneClusterImpl.java:lambda$waitForClusterToBeReady$0(238)) - Waiting for cluster to exit safe mode
2021-11-20 13:47:45,178 [Listener at 127.0.0.1/41529] INFO  ozone.MiniOzoneClusterImpl (MiniOzoneClusterImpl.java:lambda$waitForClusterToBeReady$0(240)) - SCM became leader
2021-11-20 13:47:46,178 [Listener at 127.0.0.1/41529] INFO  ozone.MiniOzoneClusterImpl (MiniOzoneClusterImpl.java:lambda$waitForClusterToBeReady$0(235)) - Nodes are ready. Got 3 of 3 DN Heartbeats.
2021-11-20 13:47:46,178 [Listener at 127.0.0.1/41529] INFO  ozone.MiniOzoneClusterImpl (MiniOzoneClusterImpl.java:lambda$waitForClusterToBeReady$0(238)) - Waiting for cluster to exit safe mode
2021-11-20 13:47:46,179 [Listener at 127.0.0.1/41529] INFO  ozone.MiniOzoneClusterImpl (MiniOzoneClusterImpl.java:lambda$waitForClusterToBeReady$0(240)) - SCM became leader
2021-11-20 13:47:47,179 [Listener at 127.0.0.1/41529] INFO  ozone.MiniOzoneClusterImpl (MiniOzoneClusterImpl.java:lambda$waitForClusterToBeReady$0(235)) - Nodes are ready. Got 3 of 3 DN Heartbeats.
2021-11-20 13:47:47,179 [Listener at 127.0.0.1/41529] INFO  ozone.MiniOzoneClusterImpl (MiniOzoneClusterImpl.java:lambda$waitForClusterToBeReady$0(238)) - Waiting for cluster to exit safe mode
2021-11-20 13:47:47,179 [Listener at 127.0.0.1/41529] INFO  ozone.MiniOzoneClusterImpl (MiniOzoneClusterImpl.java:lambda$waitForClusterToBeReady$0(240)) - SCM became leader
2021-11-20 13:47:47,232 [d4509efe-e4ea-4b42-80bc-7ebf58d9d6f5@group-C1152556D82B-FollowerState] INFO  impl.FollowerState (FollowerState.java:run(134)) - d4509efe-e4ea-4b42-80bc-7ebf58d9d6f5@group-C1152556D82B-FollowerState: change to CANDIDATE, lastRpcElapsedTime:5123110839ns, electionTimeout:5116ms
2021-11-20 13:47:47,233 [d4509efe-e4ea-4b42-80bc-7ebf58d9d6f5@group-C1152556D82B-FollowerState] INFO  impl.RoleInfo (RoleInfo.java:shutdownFollowerState(108)) - d4509efe-e4ea-4b42-80bc-7ebf58d9d6f5: shutdown d4509efe-e4ea-4b42-80bc-7ebf58d9d6f5@group-C1152556D82B-FollowerState
2021-11-20 13:47:47,233 [d4509efe-e4ea-4b42-80bc-7ebf58d9d6f5@group-C1152556D82B-FollowerState] INFO  server.RaftServer$Division (RaftServerImpl.java:setRole(290)) - d4509efe-e4ea-4b42-80bc-7ebf58d9d6f5@group-C1152556D82B: changes role from  FOLLOWER to CANDIDATE at term 5 for changeToCandidate
2021-11-20 13:47:47,233 [d4509efe-e4ea-4b42-80bc-7ebf58d9d6f5@group-C1152556D82B-FollowerState] INFO  server.RaftServerConfigKeys (ConfUtils.java:logGet(44)) - raft.server.leaderelection.pre-vote = false (custom)
2021-11-20 13:47:47,233 [d4509efe-e4ea-4b42-80bc-7ebf58d9d6f5@group-C1152556D82B-FollowerState] INFO  impl.RoleInfo (RoleInfo.java:updateAndGet(130)) - d4509efe-e4ea-4b42-80bc-7ebf58d9d6f5: start d4509efe-e4ea-4b42-80bc-7ebf58d9d6f5@group-C1152556D82B-LeaderElection13
2021-11-20 13:47:47,239 [d4509efe-e4ea-4b42-80bc-7ebf58d9d6f5@group-C1152556D82B-LeaderElection13] INFO  impl.LeaderElection (LeaderElection.java:askForVotes(306)) - d4509efe-e4ea-4b42-80bc-7ebf58d9d6f5@group-C1152556D82B-LeaderElection13 ELECTION round 0: submit vote requests at term 6 for -1: [5bcee01b-9f3b-4422-a8ff-83b22c074be4|rpc:10.1.0.12:38681|priority:0, 1b072022-7d94-4c8c-bba3-c337de8b7083|rpc:10.1.0.12:36175|priority:1, d4509efe-e4ea-4b42-80bc-7ebf58d9d6f5|rpc:10.1.0.12:43693|priority:0], old=null
2021-11-20 13:47:47,248 [grpc-default-executor-2] INFO  server.RaftServer$Division (RaftServerImpl.java:requestVote(1046)) - 5bcee01b-9f3b-4422-a8ff-83b22c074be4@group-C1152556D82B: receive requestVote(ELECTION, d4509efe-e4ea-4b42-80bc-7ebf58d9d6f5, group-C1152556D82B, 6, (t:0, i:0))
2021-11-20 13:47:47,248 [grpc-default-executor-2] INFO  impl.VoteContext (VoteContext.java:log(48)) - 5bcee01b-9f3b-4422-a8ff-83b22c074be4@group-C1152556D82B-FOLLOWER: accept ELECTION from d4509efe-e4ea-4b42-80bc-7ebf58d9d6f5: our priority 0 <= candidate's priority 0
2021-11-20 13:47:47,248 [grpc-default-executor-2] INFO  server.RaftServer$Division (RaftServerImpl.java:setRole(290)) - 5bcee01b-9f3b-4422-a8ff-83b22c074be4@group-C1152556D82B: changes role from  FOLLOWER to FOLLOWER at term 6 for candidate:d4509efe-e4ea-4b42-80bc-7ebf58d9d6f5
2021-11-20 13:47:47,248 [grpc-default-executor-2] INFO  impl.RoleInfo (RoleInfo.java:shutdownFollowerState(108)) - 5bcee01b-9f3b-4422-a8ff-83b22c074be4: shutdown 5bcee01b-9f3b-4422-a8ff-83b22c074be4@group-C1152556D82B-FollowerState
2021-11-20 13:47:47,248 [grpc-default-executor-2] INFO  impl.RoleInfo (RoleInfo.java:updateAndGet(130)) - 5bcee01b-9f3b-4422-a8ff-83b22c074be4: start 5bcee01b-9f3b-4422-a8ff-83b22c074be4@group-C1152556D82B-FollowerState
2021-11-20 13:47:47,248 [5bcee01b-9f3b-4422-a8ff-83b22c074be4@group-C1152556D82B-FollowerState] INFO  impl.FollowerState (FollowerState.java:run(143)) - 5bcee01b-9f3b-4422-a8ff-83b22c074be4@group-C1152556D82B-FollowerState was interrupted: {}
java.lang.InterruptedException: sleep interrupted
	at java.lang.Thread.sleep(Native Method)
	at java.lang.Thread.sleep(Thread.java:340)
	at java.util.concurrent.TimeUnit.sleep(TimeUnit.java:386)
	at org.apache.ratis.util.TimeDuration.sleep(TimeDuration.java:324)
	at org.apache.ratis.util.TimeDuration.sleep(TimeDuration.java:309)
	at org.apache.ratis.server.impl.FollowerState.run(FollowerState.java:118)
2021-11-20 13:47:47,251 [grpc-default-executor-2] INFO  server.RaftServer$Division (RaftServerImpl.java:requestVote(1078)) - 5bcee01b-9f3b-4422-a8ff-83b22c074be4@group-C1152556D82B replies to ELECTION vote request: d4509efe-e4ea-4b42-80bc-7ebf58d9d6f5<-5bcee01b-9f3b-4422-a8ff-83b22c074be4#0:OK-t6. Peer's state: 5bcee01b-9f3b-4422-a8ff-83b22c074be4@group-C1152556D82B:t6, leader=null, voted=d4509efe-e4ea-4b42-80bc-7ebf58d9d6f5, raftlog=5bcee01b-9f3b-4422-a8ff-83b22c074be4@group-C1152556D82B-SegmentedRaftLog:OPENED:c-1, conf=-1: [5bcee01b-9f3b-4422-a8ff-83b22c074be4|rpc:10.1.0.12:38681|priority:0, 1b072022-7d94-4c8c-bba3-c337de8b7083|rpc:10.1.0.12:36175|priority:1, d4509efe-e4ea-4b42-80bc-7ebf58d9d6f5|rpc:10.1.0.12:43693|priority:0], old=null
2021-11-20 13:47:47,260 [grpc-default-executor-2] INFO  server.RaftServer$Division (RaftServerImpl.java:requestVote(1046)) - 1b072022-7d94-4c8c-bba3-c337de8b7083@group-C1152556D82B: receive requestVote(ELECTION, d4509efe-e4ea-4b42-80bc-7ebf58d9d6f5, group-C1152556D82B, 6, (t:0, i:0))
2021-11-20 13:47:47,260 [grpc-default-executor-2] INFO  impl.VoteContext (VoteContext.java:log(48)) - 1b072022-7d94-4c8c-bba3-c337de8b7083@group-C1152556D82B-FOLLOWER: reject ELECTION from d4509efe-e4ea-4b42-80bc-7ebf58d9d6f5: our priority 1 > candidate's priority 0
2021-11-20 13:47:47,260 [grpc-default-executor-2] INFO  server.RaftServer$Division (RaftServerImpl.java:setRole(290)) - 1b072022-7d94-4c8c-bba3-c337de8b7083@group-C1152556D82B: changes role from  FOLLOWER to FOLLOWER at term 6 for candidate:d4509efe-e4ea-4b42-80bc-7ebf58d9d6f5
2021-11-20 13:47:47,260 [grpc-default-executor-2] INFO  impl.RoleInfo (RoleInfo.java:shutdownFollowerState(108)) - 1b072022-7d94-4c8c-bba3-c337de8b7083: shutdown 1b072022-7d94-4c8c-bba3-c337de8b7083@group-C1152556D82B-FollowerState
2021-11-20 13:47:47,260 [grpc-default-executor-2] INFO  impl.RoleInfo (RoleInfo.java:updateAndGet(130)) - 1b072022-7d94-4c8c-bba3-c337de8b7083: start 1b072022-7d94-4c8c-bba3-c337de8b7083@group-C1152556D82B-FollowerState
2021-11-20 13:47:47,260 [1b072022-7d94-4c8c-bba3-c337de8b7083@group-C1152556D82B-FollowerState] INFO  impl.FollowerState (FollowerState.java:run(143)) - 1b072022-7d94-4c8c-bba3-c337de8b7083@group-C1152556D82B-FollowerState was interrupted: {}
java.lang.InterruptedException: sleep interrupted
	at java.lang.Thread.sleep(Native Method)
	at java.lang.Thread.sleep(Thread.java:340)
	at java.util.concurrent.TimeUnit.sleep(TimeUnit.java:386)
	at org.apache.ratis.util.TimeDuration.sleep(TimeDuration.java:324)
	at org.apache.ratis.util.TimeDuration.sleep(TimeDuration.java:309)
	at org.apache.ratis.server.impl.FollowerState.run(FollowerState.java:118)
2021-11-20 13:47:47,261 [grpc-default-executor-2] INFO  server.RaftServer$Division (RaftServerImpl.java:requestVote(1078)) - 1b072022-7d94-4c8c-bba3-c337de8b7083@group-C1152556D82B replies to ELECTION vote request: d4509efe-e4ea-4b42-80bc-7ebf58d9d6f5<-1b072022-7d94-4c8c-bba3-c337de8b7083#0:FAIL-t6. Peer's state: 1b072022-7d94-4c8c-bba3-c337de8b7083@group-C1152556D82B:t6, leader=null, voted=null, raftlog=1b072022-7d94-4c8c-bba3-c337de8b7083@group-C1152556D82B-SegmentedRaftLog:OPENED:c-1, conf=-1: [5bcee01b-9f3b-4422-a8ff-83b22c074be4|rpc:10.1.0.12:38681|priority:0, 1b072022-7d94-4c8c-bba3-c337de8b7083|rpc:10.1.0.12:36175|priority:1, d4509efe-e4ea-4b42-80bc-7ebf58d9d6f5|rpc:10.1.0.12:43693|priority:0], old=null
2021-11-20 13:47:47,266 [d4509efe-e4ea-4b42-80bc-7ebf58d9d6f5@group-C1152556D82B-LeaderElection13] INFO  impl.LeaderElection (LeaderElection.java:logAndReturn(89)) - d4509efe-e4ea-4b42-80bc-7ebf58d9d6f5@group-C1152556D82B-LeaderElection13: ELECTION REJECTED received 2 response(s) and 0 exception(s):
2021-11-20 13:47:47,266 [d4509efe-e4ea-4b42-80bc-7ebf58d9d6f5@group-C1152556D82B-LeaderElection13] INFO  impl.LeaderElection (LeaderElection.java:logAndReturn(93)) -   Response 0: d4509efe-e4ea-4b42-80bc-7ebf58d9d6f5<-5bcee01b-9f3b-4422-a8ff-83b22c074be4#0:OK-t6
2021-11-20 13:47:47,266 [d4509efe-e4ea-4b42-80bc-7ebf58d9d6f5@group-C1152556D82B-LeaderElection13] INFO  impl.LeaderElection (LeaderElection.java:logAndReturn(93)) -   Response 1: d4509efe-e4ea-4b42-80bc-7ebf58d9d6f5<-1b072022-7d94-4c8c-bba3-c337de8b7083#0:FAIL-t6
2021-11-20 13:47:47,266 [d4509efe-e4ea-4b42-80bc-7ebf58d9d6f5@group-C1152556D82B-LeaderElection13] INFO  impl.LeaderElection (LeaderElection.java:askForVotes(308)) - d4509efe-e4ea-4b42-80bc-7ebf58d9d6f5@group-C1152556D82B-LeaderElection13 ELECTION round 0: result REJECTED
2021-11-20 13:47:47,266 [d4509efe-e4ea-4b42-80bc-7ebf58d9d6f5@group-C1152556D82B-LeaderElection13] INFO  server.RaftServer$Division (RaftServerImpl.java:setRole(290)) - d4509efe-e4ea-4b42-80bc-7ebf58d9d6f5@group-C1152556D82B: changes role from CANDIDATE to FOLLOWER at term 6 for REJECTED
2021-11-20 13:47:47,266 [d4509efe-e4ea-4b42-80bc-7ebf58d9d6f5@group-C1152556D82B-LeaderElection13] INFO  impl.RoleInfo (RoleInfo.java:shutdownLeaderElection(121)) - d4509efe-e4ea-4b42-80bc-7ebf58d9d6f5: shutdown d4509efe-e4ea-4b42-80bc-7ebf58d9d6f5@group-C1152556D82B-LeaderElection13
2021-11-20 13:47:47,266 [d4509efe-e4ea-4b42-80bc-7ebf58d9d6f5@group-C1152556D82B-LeaderElection13] INFO  impl.RoleInfo (RoleInfo.java:updateAndGet(130)) - d4509efe-e4ea-4b42-80bc-7ebf58d9d6f5: start d4509efe-e4ea-4b42-80bc-7ebf58d9d6f5@group-C1152556D82B-FollowerState
2021-11-20 13:47:48,179 [Listener at 127.0.0.1/41529] INFO  ozone.MiniOzoneClusterImpl (MiniOzoneClusterImpl.java:lambda$waitForClusterToBeReady$0(235)) - Nodes are ready. Got 3 of 3 DN Heartbeats.
2021-11-20 13:47:48,180 [Listener at 127.0.0.1/41529] INFO  ozone.MiniOzoneClusterImpl (MiniOzoneClusterImpl.java:lambda$waitForClusterToBeReady$0(238)) - Waiting for cluster to exit safe mode
2021-11-20 13:47:48,180 [Listener at 127.0.0.1/41529] INFO  ozone.MiniOzoneClusterImpl (MiniOzoneClusterImpl.java:lambda$waitForClusterToBeReady$0(240)) - SCM became leader
2021-11-20 13:47:49,180 [Listener at 127.0.0.1/41529] INFO  ozone.MiniOzoneClusterImpl (MiniOzoneClusterImpl.java:lambda$waitForClusterToBeReady$0(235)) - Nodes are ready. Got 3 of 3 DN Heartbeats.
2021-11-20 13:47:49,181 [Listener at 127.0.0.1/41529] INFO  ozone.MiniOzoneClusterImpl (MiniOzoneClusterImpl.java:lambda$waitForClusterToBeReady$0(238)) - Waiting for cluster to exit safe mode
2021-11-20 13:47:49,181 [Listener at 127.0.0.1/41529] INFO  ozone.MiniOzoneClusterImpl (MiniOzoneClusterImpl.java:lambda$waitForClusterToBeReady$0(240)) - SCM became leader
2021-11-20 13:47:50,181 [Listener at 127.0.0.1/41529] INFO  ozone.MiniOzoneClusterImpl (MiniOzoneClusterImpl.java:lambda$waitForClusterToBeReady$0(235)) - Nodes are ready. Got 3 of 3 DN Heartbeats.
2021-11-20 13:47:50,181 [Listener at 127.0.0.1/41529] INFO  ozone.MiniOzoneClusterImpl (MiniOzoneClusterImpl.java:lambda$waitForClusterToBeReady$0(238)) - Waiting for cluster to exit safe mode
2021-11-20 13:47:50,181 [Listener at 127.0.0.1/41529] INFO  ozone.MiniOzoneClusterImpl (MiniOzoneClusterImpl.java:lambda$waitForClusterToBeReady$0(240)) - SCM became leader
2021-11-20 13:47:51,181 [Listener at 127.0.0.1/41529] INFO  ozone.MiniOzoneClusterImpl (MiniOzoneClusterImpl.java:lambda$waitForClusterToBeReady$0(235)) - Nodes are ready. Got 3 of 3 DN Heartbeats.
2021-11-20 13:47:51,182 [Listener at 127.0.0.1/41529] INFO  ozone.MiniOzoneClusterImpl (MiniOzoneClusterImpl.java:lambda$waitForClusterToBeReady$0(238)) - Waiting for cluster to exit safe mode
2021-11-20 13:47:51,182 [Listener at 127.0.0.1/41529] INFO  ozone.MiniOzoneClusterImpl (MiniOzoneClusterImpl.java:lambda$waitForClusterToBeReady$0(240)) - SCM became leader
2021-11-20 13:47:52,182 [Listener at 127.0.0.1/41529] INFO  ozone.MiniOzoneClusterImpl (MiniOzoneClusterImpl.java:lambda$waitForClusterToBeReady$0(235)) - Nodes are ready. Got 3 of 3 DN Heartbeats.
2021-11-20 13:47:52,182 [Listener at 127.0.0.1/41529] INFO  ozone.MiniOzoneClusterImpl (MiniOzoneClusterImpl.java:lambda$waitForClusterToBeReady$0(238)) - Waiting for cluster to exit safe mode
2021-11-20 13:47:52,182 [Listener at 127.0.0.1/41529] INFO  ozone.MiniOzoneClusterImpl (MiniOzoneClusterImpl.java:lambda$waitForClusterToBeReady$0(240)) - SCM became leader
2021-11-20 13:47:52,283 [5bcee01b-9f3b-4422-a8ff-83b22c074be4@group-C1152556D82B-FollowerState] INFO  impl.FollowerState (FollowerState.java:run(134)) - 5bcee01b-9f3b-4422-a8ff-83b22c074be4@group-C1152556D82B-FollowerState: change to CANDIDATE, lastRpcElapsedTime:5031422392ns, electionTimeout:5024ms
2021-11-20 13:47:52,283 [5bcee01b-9f3b-4422-a8ff-83b22c074be4@group-C1152556D82B-FollowerState] INFO  impl.RoleInfo (RoleInfo.java:shutdownFollowerState(108)) - 5bcee01b-9f3b-4422-a8ff-83b22c074be4: shutdown 5bcee01b-9f3b-4422-a8ff-83b22c074be4@group-C1152556D82B-FollowerState
2021-11-20 13:47:52,283 [5bcee01b-9f3b-4422-a8ff-83b22c074be4@group-C1152556D82B-FollowerState] INFO  server.RaftServer$Division (RaftServerImpl.java:setRole(290)) - 5bcee01b-9f3b-4422-a8ff-83b22c074be4@group-C1152556D82B: changes role from  FOLLOWER to CANDIDATE at term 6 for changeToCandidate
2021-11-20 13:47:52,283 [5bcee01b-9f3b-4422-a8ff-83b22c074be4@group-C1152556D82B-FollowerState] INFO  server.RaftServerConfigKeys (ConfUtils.java:logGet(44)) - raft.server.leaderelection.pre-vote = false (custom)
2021-11-20 13:47:52,283 [5bcee01b-9f3b-4422-a8ff-83b22c074be4@group-C1152556D82B-FollowerState] INFO  impl.RoleInfo (RoleInfo.java:updateAndGet(130)) - 5bcee01b-9f3b-4422-a8ff-83b22c074be4: start 5bcee01b-9f3b-4422-a8ff-83b22c074be4@group-C1152556D82B-LeaderElection14
2021-11-20 13:47:52,290 [5bcee01b-9f3b-4422-a8ff-83b22c074be4@group-C1152556D82B-LeaderElection14] INFO  impl.LeaderElection (LeaderElection.java:askForVotes(306)) - 5bcee01b-9f3b-4422-a8ff-83b22c074be4@group-C1152556D82B-LeaderElection14 ELECTION round 0: submit vote requests at term 7 for -1: [5bcee01b-9f3b-4422-a8ff-83b22c074be4|rpc:10.1.0.12:38681|priority:0, 1b072022-7d94-4c8c-bba3-c337de8b7083|rpc:10.1.0.12:36175|priority:1, d4509efe-e4ea-4b42-80bc-7ebf58d9d6f5|rpc:10.1.0.12:43693|priority:0], old=null
2021-11-20 13:47:52,297 [grpc-default-executor-2] INFO  server.RaftServer$Division (RaftServerImpl.java:requestVote(1046)) - 1b072022-7d94-4c8c-bba3-c337de8b7083@group-C1152556D82B: receive requestVote(ELECTION, 5bcee01b-9f3b-4422-a8ff-83b22c074be4, group-C1152556D82B, 7, (t:0, i:0))
2021-11-20 13:47:52,297 [grpc-default-executor-2] INFO  impl.VoteContext (VoteContext.java:log(48)) - 1b072022-7d94-4c8c-bba3-c337de8b7083@group-C1152556D82B-FOLLOWER: reject ELECTION from 5bcee01b-9f3b-4422-a8ff-83b22c074be4: our priority 1 > candidate's priority 0
2021-11-20 13:47:52,297 [grpc-default-executor-2] INFO  server.RaftServer$Division (RaftServerImpl.java:setRole(290)) - 1b072022-7d94-4c8c-bba3-c337de8b7083@group-C1152556D82B: changes role from  FOLLOWER to FOLLOWER at term 7 for candidate:5bcee01b-9f3b-4422-a8ff-83b22c074be4
2021-11-20 13:47:52,297 [grpc-default-executor-2] INFO  impl.RoleInfo (RoleInfo.java:shutdownFollowerState(108)) - 1b072022-7d94-4c8c-bba3-c337de8b7083: shutdown 1b072022-7d94-4c8c-bba3-c337de8b7083@group-C1152556D82B-FollowerState
2021-11-20 13:47:52,297 [grpc-default-executor-2] INFO  impl.RoleInfo (RoleInfo.java:updateAndGet(130)) - 1b072022-7d94-4c8c-bba3-c337de8b7083: start 1b072022-7d94-4c8c-bba3-c337de8b7083@group-C1152556D82B-FollowerState
2021-11-20 13:47:52,297 [1b072022-7d94-4c8c-bba3-c337de8b7083@group-C1152556D82B-FollowerState] INFO  impl.FollowerState (FollowerState.java:run(143)) - 1b072022-7d94-4c8c-bba3-c337de8b7083@group-C1152556D82B-FollowerState was interrupted: {}
java.lang.InterruptedException: sleep interrupted
	at java.lang.Thread.sleep(Native Method)
	at java.lang.Thread.sleep(Thread.java:340)
	at java.util.concurrent.TimeUnit.sleep(TimeUnit.java:386)
	at org.apache.ratis.util.TimeDuration.sleep(TimeDuration.java:324)
	at org.apache.ratis.util.TimeDuration.sleep(TimeDuration.java:309)
	at org.apache.ratis.server.impl.FollowerState.run(FollowerState.java:118)
2021-11-20 13:47:52,299 [grpc-default-executor-2] INFO  server.RaftServer$Division (RaftServerImpl.java:requestVote(1078)) - 1b072022-7d94-4c8c-bba3-c337de8b7083@group-C1152556D82B replies to ELECTION vote request: 5bcee01b-9f3b-4422-a8ff-83b22c074be4<-1b072022-7d94-4c8c-bba3-c337de8b7083#0:FAIL-t7. Peer's state: 1b072022-7d94-4c8c-bba3-c337de8b7083@group-C1152556D82B:t7, leader=null, voted=null, raftlog=1b072022-7d94-4c8c-bba3-c337de8b7083@group-C1152556D82B-SegmentedRaftLog:OPENED:c-1, conf=-1: [5bcee01b-9f3b-4422-a8ff-83b22c074be4|rpc:10.1.0.12:38681|priority:0, 1b072022-7d94-4c8c-bba3-c337de8b7083|rpc:10.1.0.12:36175|priority:1, d4509efe-e4ea-4b42-80bc-7ebf58d9d6f5|rpc:10.1.0.12:43693|priority:0], old=null
2021-11-20 13:47:52,300 [5bcee01b-9f3b-4422-a8ff-83b22c074be4@group-C1152556D82B-LeaderElection14] INFO  impl.LeaderElection (LeaderElection.java:logAndReturn(89)) - 5bcee01b-9f3b-4422-a8ff-83b22c074be4@group-C1152556D82B-LeaderElection14: ELECTION REJECTED received 1 response(s) and 0 exception(s):
2021-11-20 13:47:52,300 [5bcee01b-9f3b-4422-a8ff-83b22c074be4@group-C1152556D82B-LeaderElection14] INFO  impl.LeaderElection (LeaderElection.java:logAndReturn(93)) -   Response 0: 5bcee01b-9f3b-4422-a8ff-83b22c074be4<-1b072022-7d94-4c8c-bba3-c337de8b7083#0:FAIL-t7
2021-11-20 13:47:52,300 [5bcee01b-9f3b-4422-a8ff-83b22c074be4@group-C1152556D82B-LeaderElection14] INFO  impl.LeaderElection (LeaderElection.java:askForVotes(308)) - 5bcee01b-9f3b-4422-a8ff-83b22c074be4@group-C1152556D82B-LeaderElection14 ELECTION round 0: result REJECTED
2021-11-20 13:47:52,300 [5bcee01b-9f3b-4422-a8ff-83b22c074be4@group-C1152556D82B-LeaderElection14] INFO  server.RaftServer$Division (RaftServerImpl.java:setRole(290)) - 5bcee01b-9f3b-4422-a8ff-83b22c074be4@group-C1152556D82B: changes role from CANDIDATE to FOLLOWER at term 7 for REJECTED
2021-11-20 13:47:52,300 [5bcee01b-9f3b-4422-a8ff-83b22c074be4@group-C1152556D82B-LeaderElection14] INFO  impl.RoleInfo (RoleInfo.java:shutdownLeaderElection(121)) - 5bcee01b-9f3b-4422-a8ff-83b22c074be4: shutdown 5bcee01b-9f3b-4422-a8ff-83b22c074be4@group-C1152556D82B-LeaderElection14
2021-11-20 13:47:52,301 [5bcee01b-9f3b-4422-a8ff-83b22c074be4@group-C1152556D82B-LeaderElection14] INFO  impl.RoleInfo (RoleInfo.java:updateAndGet(130)) - 5bcee01b-9f3b-4422-a8ff-83b22c074be4: start 5bcee01b-9f3b-4422-a8ff-83b22c074be4@group-C1152556D82B-FollowerState
2021-11-20 13:47:52,303 [grpc-default-executor-0] INFO  server.RaftServer$Division (RaftServerImpl.java:requestVote(1046)) - d4509efe-e4ea-4b42-80bc-7ebf58d9d6f5@group-C1152556D82B: receive requestVote(ELECTION, 5bcee01b-9f3b-4422-a8ff-83b22c074be4, group-C1152556D82B, 7, (t:0, i:0))
2021-11-20 13:47:52,304 [grpc-default-executor-0] INFO  impl.VoteContext (VoteContext.java:log(48)) - d4509efe-e4ea-4b42-80bc-7ebf58d9d6f5@group-C1152556D82B-FOLLOWER: accept ELECTION from 5bcee01b-9f3b-4422-a8ff-83b22c074be4: our priority 0 <= candidate's priority 0
2021-11-20 13:47:52,304 [grpc-default-executor-0] INFO  server.RaftServer$Division (RaftServerImpl.java:setRole(290)) - d4509efe-e4ea-4b42-80bc-7ebf58d9d6f5@group-C1152556D82B: changes role from  FOLLOWER to FOLLOWER at term 7 for candidate:5bcee01b-9f3b-4422-a8ff-83b22c074be4
2021-11-20 13:47:52,304 [grpc-default-executor-0] INFO  impl.RoleInfo (RoleInfo.java:shutdownFollowerState(108)) - d4509efe-e4ea-4b42-80bc-7ebf58d9d6f5: shutdown d4509efe-e4ea-4b42-80bc-7ebf58d9d6f5@group-C1152556D82B-FollowerState
2021-11-20 13:47:52,304 [grpc-default-executor-0] INFO  impl.RoleInfo (RoleInfo.java:updateAndGet(130)) - d4509efe-e4ea-4b42-80bc-7ebf58d9d6f5: start d4509efe-e4ea-4b42-80bc-7ebf58d9d6f5@group-C1152556D82B-FollowerState
2021-11-20 13:47:52,304 [d4509efe-e4ea-4b42-80bc-7ebf58d9d6f5@group-C1152556D82B-FollowerState] INFO  impl.FollowerState (FollowerState.java:run(143)) - d4509efe-e4ea-4b42-80bc-7ebf58d9d6f5@group-C1152556D82B-FollowerState was interrupted: {}
java.lang.InterruptedException: sleep interrupted
	at java.lang.Thread.sleep(Native Method)
	at java.lang.Thread.sleep(Thread.java:340)
	at java.util.concurrent.TimeUnit.sleep(TimeUnit.java:386)
	at org.apache.ratis.util.TimeDuration.sleep(TimeDuration.java:324)
	at org.apache.ratis.util.TimeDuration.sleep(TimeDuration.java:309)
	at org.apache.ratis.server.impl.FollowerState.run(FollowerState.java:118)
2021-11-20 13:47:52,310 [grpc-default-executor-0] INFO  server.RaftServer$Division (RaftServerImpl.java:requestVote(1078)) - d4509efe-e4ea-4b42-80bc-7ebf58d9d6f5@group-C1152556D82B replies to ELECTION vote request: 5bcee01b-9f3b-4422-a8ff-83b22c074be4<-d4509efe-e4ea-4b42-80bc-7ebf58d9d6f5#0:OK-t7. Peer's state: d4509efe-e4ea-4b42-80bc-7ebf58d9d6f5@group-C1152556D82B:t7, leader=null, voted=5bcee01b-9f3b-4422-a8ff-83b22c074be4, raftlog=d4509efe-e4ea-4b42-80bc-7ebf58d9d6f5@group-C1152556D82B-SegmentedRaftLog:OPENED:c-1, conf=-1: [5bcee01b-9f3b-4422-a8ff-83b22c074be4|rpc:10.1.0.12:38681|priority:0, 1b072022-7d94-4c8c-bba3-c337de8b7083|rpc:10.1.0.12:36175|priority:1, d4509efe-e4ea-4b42-80bc-7ebf58d9d6f5|rpc:10.1.0.12:43693|priority:0], old=null
2021-11-20 13:47:53,182 [Listener at 127.0.0.1/41529] INFO  ozone.MiniOzoneClusterImpl (MiniOzoneClusterImpl.java:lambda$waitForClusterToBeReady$0(235)) - Nodes are ready. Got 3 of 3 DN Heartbeats.
2021-11-20 13:47:53,183 [Listener at 127.0.0.1/41529] INFO  ozone.MiniOzoneClusterImpl (MiniOzoneClusterImpl.java:lambda$waitForClusterToBeReady$0(238)) - Waiting for cluster to exit safe mode
2021-11-20 13:47:53,183 [Listener at 127.0.0.1/41529] INFO  ozone.MiniOzoneClusterImpl (MiniOzoneClusterImpl.java:lambda$waitForClusterToBeReady$0(240)) - SCM became leader
2021-11-20 13:47:54,183 [Listener at 127.0.0.1/41529] INFO  ozone.MiniOzoneClusterImpl (MiniOzoneClusterImpl.java:lambda$waitForClusterToBeReady$0(235)) - Nodes are ready. Got 3 of 3 DN Heartbeats.
2021-11-20 13:47:54,183 [Listener at 127.0.0.1/41529] INFO  ozone.MiniOzoneClusterImpl (MiniOzoneClusterImpl.java:lambda$waitForClusterToBeReady$0(238)) - Waiting for cluster to exit safe mode
2021-11-20 13:47:54,183 [Listener at 127.0.0.1/41529] INFO  ozone.MiniOzoneClusterImpl (MiniOzoneClusterImpl.java:lambda$waitForClusterToBeReady$0(240)) - SCM became leader
2021-11-20 13:47:55,183 [Listener at 127.0.0.1/41529] INFO  ozone.MiniOzoneClusterImpl (MiniOzoneClusterImpl.java:lambda$waitForClusterToBeReady$0(235)) - Nodes are ready. Got 3 of 3 DN Heartbeats.
2021-11-20 13:47:55,183 [Listener at 127.0.0.1/41529] INFO  ozone.MiniOzoneClusterImpl (MiniOzoneClusterImpl.java:lambda$waitForClusterToBeReady$0(238)) - Waiting for cluster to exit safe mode
2021-11-20 13:47:55,184 [Listener at 127.0.0.1/41529] INFO  ozone.MiniOzoneClusterImpl (MiniOzoneClusterImpl.java:lambda$waitForClusterToBeReady$0(240)) - SCM became leader
2021-11-20 13:47:56,184 [Listener at 127.0.0.1/41529] INFO  ozone.MiniOzoneClusterImpl (MiniOzoneClusterImpl.java:lambda$waitForClusterToBeReady$0(235)) - Nodes are ready. Got 3 of 3 DN Heartbeats.
2021-11-20 13:47:56,184 [Listener at 127.0.0.1/41529] INFO  ozone.MiniOzoneClusterImpl (MiniOzoneClusterImpl.java:lambda$waitForClusterToBeReady$0(238)) - Waiting for cluster to exit safe mode
2021-11-20 13:47:56,184 [Listener at 127.0.0.1/41529] INFO  ozone.MiniOzoneClusterImpl (MiniOzoneClusterImpl.java:lambda$waitForClusterToBeReady$0(240)) - SCM became leader
2021-11-20 13:47:57,184 [Listener at 127.0.0.1/41529] INFO  ozone.MiniOzoneClusterImpl (MiniOzoneClusterImpl.java:lambda$waitForClusterToBeReady$0(235)) - Nodes are ready. Got 3 of 3 DN Heartbeats.
2021-11-20 13:47:57,184 [Listener at 127.0.0.1/41529] INFO  ozone.MiniOzoneClusterImpl (MiniOzoneClusterImpl.java:lambda$waitForClusterToBeReady$0(238)) - Waiting for cluster to exit safe mode
2021-11-20 13:47:57,184 [Listener at 127.0.0.1/41529] INFO  ozone.MiniOzoneClusterImpl (MiniOzoneClusterImpl.java:lambda$waitForClusterToBeReady$0(240)) - SCM became leader
2021-11-20 13:47:57,401 [1b072022-7d94-4c8c-bba3-c337de8b7083@group-C1152556D82B-FollowerState] INFO  impl.FollowerState (FollowerState.java:run(134)) - 1b072022-7d94-4c8c-bba3-c337de8b7083@group-C1152556D82B-FollowerState: change to CANDIDATE, lastRpcElapsedTime:5103720237ns, electionTimeout:5100ms
2021-11-20 13:47:57,402 [1b072022-7d94-4c8c-bba3-c337de8b7083@group-C1152556D82B-FollowerState] INFO  impl.RoleInfo (RoleInfo.java:shutdownFollowerState(108)) - 1b072022-7d94-4c8c-bba3-c337de8b7083: shutdown 1b072022-7d94-4c8c-bba3-c337de8b7083@group-C1152556D82B-FollowerState
2021-11-20 13:47:57,402 [1b072022-7d94-4c8c-bba3-c337de8b7083@group-C1152556D82B-FollowerState] INFO  server.RaftServer$Division (RaftServerImpl.java:setRole(290)) - 1b072022-7d94-4c8c-bba3-c337de8b7083@group-C1152556D82B: changes role from  FOLLOWER to CANDIDATE at term 7 for changeToCandidate
2021-11-20 13:47:57,402 [1b072022-7d94-4c8c-bba3-c337de8b7083@group-C1152556D82B-FollowerState] INFO  server.RaftServerConfigKeys (ConfUtils.java:logGet(44)) - raft.server.leaderelection.pre-vote = false (custom)
2021-11-20 13:47:57,402 [1b072022-7d94-4c8c-bba3-c337de8b7083@group-C1152556D82B-FollowerState] INFO  impl.RoleInfo (RoleInfo.java:updateAndGet(130)) - 1b072022-7d94-4c8c-bba3-c337de8b7083: start 1b072022-7d94-4c8c-bba3-c337de8b7083@group-C1152556D82B-LeaderElection15
2021-11-20 13:47:57,406 [5bcee01b-9f3b-4422-a8ff-83b22c074be4@group-C1152556D82B-FollowerState] INFO  impl.FollowerState (FollowerState.java:run(134)) - 5bcee01b-9f3b-4422-a8ff-83b22c074be4@group-C1152556D82B-FollowerState: change to CANDIDATE, lastRpcElapsedTime:5105556146ns, electionTimeout:5101ms
2021-11-20 13:47:57,406 [5bcee01b-9f3b-4422-a8ff-83b22c074be4@group-C1152556D82B-FollowerState] INFO  impl.RoleInfo (RoleInfo.java:shutdownFollowerState(108)) - 5bcee01b-9f3b-4422-a8ff-83b22c074be4: shutdown 5bcee01b-9f3b-4422-a8ff-83b22c074be4@group-C1152556D82B-FollowerState
2021-11-20 13:47:57,406 [5bcee01b-9f3b-4422-a8ff-83b22c074be4@group-C1152556D82B-FollowerState] INFO  server.RaftServer$Division (RaftServerImpl.java:setRole(290)) - 5bcee01b-9f3b-4422-a8ff-83b22c074be4@group-C1152556D82B: changes role from  FOLLOWER to CANDIDATE at term 7 for changeToCandidate
2021-11-20 13:47:57,406 [5bcee01b-9f3b-4422-a8ff-83b22c074be4@group-C1152556D82B-FollowerState] INFO  server.RaftServerConfigKeys (ConfUtils.java:logGet(44)) - raft.server.leaderelection.pre-vote = false (custom)
2021-11-20 13:47:57,406 [5bcee01b-9f3b-4422-a8ff-83b22c074be4@group-C1152556D82B-FollowerState] INFO  impl.RoleInfo (RoleInfo.java:updateAndGet(130)) - 5bcee01b-9f3b-4422-a8ff-83b22c074be4: start 5bcee01b-9f3b-4422-a8ff-83b22c074be4@group-C1152556D82B-LeaderElection16
2021-11-20 13:47:57,413 [1b072022-7d94-4c8c-bba3-c337de8b7083@group-C1152556D82B-LeaderElection15] INFO  impl.LeaderElection (LeaderElection.java:askForVotes(306)) - 1b072022-7d94-4c8c-bba3-c337de8b7083@group-C1152556D82B-LeaderElection15 ELECTION round 0: submit vote requests at term 8 for -1: [5bcee01b-9f3b-4422-a8ff-83b22c074be4|rpc:10.1.0.12:38681|priority:0, 1b072022-7d94-4c8c-bba3-c337de8b7083|rpc:10.1.0.12:36175|priority:1, d4509efe-e4ea-4b42-80bc-7ebf58d9d6f5|rpc:10.1.0.12:43693|priority:0], old=null
2021-11-20 13:47:57,414 [5bcee01b-9f3b-4422-a8ff-83b22c074be4@group-C1152556D82B-LeaderElection16] INFO  impl.LeaderElection (LeaderElection.java:askForVotes(306)) - 5bcee01b-9f3b-4422-a8ff-83b22c074be4@group-C1152556D82B-LeaderElection16 ELECTION round 0: submit vote requests at term 8 for -1: [5bcee01b-9f3b-4422-a8ff-83b22c074be4|rpc:10.1.0.12:38681|priority:0, 1b072022-7d94-4c8c-bba3-c337de8b7083|rpc:10.1.0.12:36175|priority:1, d4509efe-e4ea-4b42-80bc-7ebf58d9d6f5|rpc:10.1.0.12:43693|priority:0], old=null
2021-11-20 13:47:57,434 [grpc-default-executor-2] INFO  server.RaftServer$Division (RaftServerImpl.java:requestVote(1046)) - 1b072022-7d94-4c8c-bba3-c337de8b7083@group-C1152556D82B: receive requestVote(ELECTION, 5bcee01b-9f3b-4422-a8ff-83b22c074be4, group-C1152556D82B, 8, (t:0, i:0))
2021-11-20 13:47:57,434 [grpc-default-executor-2] INFO  impl.VoteContext (VoteContext.java:log(48)) - 1b072022-7d94-4c8c-bba3-c337de8b7083@group-C1152556D82B-CANDIDATE: reject ELECTION from 5bcee01b-9f3b-4422-a8ff-83b22c074be4: already has voted for 1b072022-7d94-4c8c-bba3-c337de8b7083 at current term 8
2021-11-20 13:47:57,434 [grpc-default-executor-2] INFO  server.RaftServer$Division (RaftServerImpl.java:requestVote(1078)) - 1b072022-7d94-4c8c-bba3-c337de8b7083@group-C1152556D82B replies to ELECTION vote request: 5bcee01b-9f3b-4422-a8ff-83b22c074be4<-1b072022-7d94-4c8c-bba3-c337de8b7083#0:FAIL-t8. Peer's state: 1b072022-7d94-4c8c-bba3-c337de8b7083@group-C1152556D82B:t8, leader=null, voted=1b072022-7d94-4c8c-bba3-c337de8b7083, raftlog=1b072022-7d94-4c8c-bba3-c337de8b7083@group-C1152556D82B-SegmentedRaftLog:OPENED:c-1, conf=-1: [5bcee01b-9f3b-4422-a8ff-83b22c074be4|rpc:10.1.0.12:38681|priority:0, 1b072022-7d94-4c8c-bba3-c337de8b7083|rpc:10.1.0.12:36175|priority:1, d4509efe-e4ea-4b42-80bc-7ebf58d9d6f5|rpc:10.1.0.12:43693|priority:0], old=null
2021-11-20 13:47:57,437 [5bcee01b-9f3b-4422-a8ff-83b22c074be4@group-C1152556D82B-LeaderElection16] INFO  impl.LeaderElection (LeaderElection.java:logAndReturn(89)) - 5bcee01b-9f3b-4422-a8ff-83b22c074be4@group-C1152556D82B-LeaderElection16: ELECTION REJECTED received 1 response(s) and 0 exception(s):
2021-11-20 13:47:57,437 [5bcee01b-9f3b-4422-a8ff-83b22c074be4@group-C1152556D82B-LeaderElection16] INFO  impl.LeaderElection (LeaderElection.java:logAndReturn(93)) -   Response 0: 5bcee01b-9f3b-4422-a8ff-83b22c074be4<-1b072022-7d94-4c8c-bba3-c337de8b7083#0:FAIL-t8
2021-11-20 13:47:57,437 [5bcee01b-9f3b-4422-a8ff-83b22c074be4@group-C1152556D82B-LeaderElection16] INFO  impl.LeaderElection (LeaderElection.java:askForVotes(308)) - 5bcee01b-9f3b-4422-a8ff-83b22c074be4@group-C1152556D82B-LeaderElection16 ELECTION round 0: result REJECTED
2021-11-20 13:47:57,437 [5bcee01b-9f3b-4422-a8ff-83b22c074be4@group-C1152556D82B-LeaderElection16] INFO  server.RaftServer$Division (RaftServerImpl.java:setRole(290)) - 5bcee01b-9f3b-4422-a8ff-83b22c074be4@group-C1152556D82B: changes role from CANDIDATE to FOLLOWER at term 8 for REJECTED
2021-11-20 13:47:57,437 [5bcee01b-9f3b-4422-a8ff-83b22c074be4@group-C1152556D82B-LeaderElection16] INFO  impl.RoleInfo (RoleInfo.java:shutdownLeaderElection(121)) - 5bcee01b-9f3b-4422-a8ff-83b22c074be4: shutdown 5bcee01b-9f3b-4422-a8ff-83b22c074be4@group-C1152556D82B-LeaderElection16
2021-11-20 13:47:57,437 [5bcee01b-9f3b-4422-a8ff-83b22c074be4@group-C1152556D82B-LeaderElection16] INFO  impl.RoleInfo (RoleInfo.java:updateAndGet(130)) - 5bcee01b-9f3b-4422-a8ff-83b22c074be4: start 5bcee01b-9f3b-4422-a8ff-83b22c074be4@group-C1152556D82B-FollowerState
2021-11-20 13:47:57,438 [grpc-default-executor-0] INFO  server.RaftServer$Division (RaftServerImpl.java:requestVote(1046)) - 5bcee01b-9f3b-4422-a8ff-83b22c074be4@group-C1152556D82B: receive requestVote(ELECTION, 1b072022-7d94-4c8c-bba3-c337de8b7083, group-C1152556D82B, 8, (t:0, i:0))
2021-11-20 13:47:57,440 [grpc-default-executor-0] INFO  impl.VoteContext (VoteContext.java:log(48)) - 5bcee01b-9f3b-4422-a8ff-83b22c074be4@group-C1152556D82B-FOLLOWER: reject ELECTION from 1b072022-7d94-4c8c-bba3-c337de8b7083: already has voted for 5bcee01b-9f3b-4422-a8ff-83b22c074be4 at current term 8
2021-11-20 13:47:57,440 [grpc-default-executor-0] INFO  server.RaftServer$Division (RaftServerImpl.java:requestVote(1078)) - 5bcee01b-9f3b-4422-a8ff-83b22c074be4@group-C1152556D82B replies to ELECTION vote request: 1b072022-7d94-4c8c-bba3-c337de8b7083<-5bcee01b-9f3b-4422-a8ff-83b22c074be4#0:FAIL-t8. Peer's state: 5bcee01b-9f3b-4422-a8ff-83b22c074be4@group-C1152556D82B:t8, leader=null, voted=5bcee01b-9f3b-4422-a8ff-83b22c074be4, raftlog=5bcee01b-9f3b-4422-a8ff-83b22c074be4@group-C1152556D82B-SegmentedRaftLog:OPENED:c-1, conf=-1: [5bcee01b-9f3b-4422-a8ff-83b22c074be4|rpc:10.1.0.12:38681|priority:0, 1b072022-7d94-4c8c-bba3-c337de8b7083|rpc:10.1.0.12:36175|priority:1, d4509efe-e4ea-4b42-80bc-7ebf58d9d6f5|rpc:10.1.0.12:43693|priority:0], old=null
2021-11-20 13:47:57,443 [grpc-default-executor-0] INFO  server.RaftServer$Division (RaftServerImpl.java:requestVote(1046)) - d4509efe-e4ea-4b42-80bc-7ebf58d9d6f5@group-C1152556D82B: receive requestVote(ELECTION, 5bcee01b-9f3b-4422-a8ff-83b22c074be4, group-C1152556D82B, 8, (t:0, i:0))
2021-11-20 13:47:57,443 [grpc-default-executor-0] INFO  impl.VoteContext (VoteContext.java:log(48)) - d4509efe-e4ea-4b42-80bc-7ebf58d9d6f5@group-C1152556D82B-FOLLOWER: accept ELECTION from 5bcee01b-9f3b-4422-a8ff-83b22c074be4: our priority 0 <= candidate's priority 0
2021-11-20 13:47:57,443 [grpc-default-executor-0] INFO  server.RaftServer$Division (RaftServerImpl.java:setRole(290)) - d4509efe-e4ea-4b42-80bc-7ebf58d9d6f5@group-C1152556D82B: changes role from  FOLLOWER to FOLLOWER at term 8 for candidate:5bcee01b-9f3b-4422-a8ff-83b22c074be4
2021-11-20 13:47:57,443 [grpc-default-executor-0] INFO  impl.RoleInfo (RoleInfo.java:shutdownFollowerState(108)) - d4509efe-e4ea-4b42-80bc-7ebf58d9d6f5: shutdown d4509efe-e4ea-4b42-80bc-7ebf58d9d6f5@group-C1152556D82B-FollowerState
2021-11-20 13:47:57,443 [grpc-default-executor-0] INFO  impl.RoleInfo (RoleInfo.java:updateAndGet(130)) - d4509efe-e4ea-4b42-80bc-7ebf58d9d6f5: start d4509efe-e4ea-4b42-80bc-7ebf58d9d6f5@group-C1152556D82B-FollowerState
2021-11-20 13:47:57,443 [d4509efe-e4ea-4b42-80bc-7ebf58d9d6f5@group-C1152556D82B-FollowerState] INFO  impl.FollowerState (FollowerState.java:run(143)) - d4509efe-e4ea-4b42-80bc-7ebf58d9d6f5@group-C1152556D82B-FollowerState was interrupted: {}
java.lang.InterruptedException: sleep interrupted
	at java.lang.Thread.sleep(Native Method)
	at java.lang.Thread.sleep(Thread.java:340)
	at java.util.concurrent.TimeUnit.sleep(TimeUnit.java:386)
	at org.apache.ratis.util.TimeDuration.sleep(TimeDuration.java:324)
	at org.apache.ratis.util.TimeDuration.sleep(TimeDuration.java:309)
	at org.apache.ratis.server.impl.FollowerState.run(FollowerState.java:118)
2021-11-20 13:47:57,450 [grpc-default-executor-2] INFO  server.RaftServer$Division (RaftServerImpl.java:requestVote(1046)) - d4509efe-e4ea-4b42-80bc-7ebf58d9d6f5@group-C1152556D82B: receive requestVote(ELECTION, 1b072022-7d94-4c8c-bba3-c337de8b7083, group-C1152556D82B, 8, (t:0, i:0))
2021-11-20 13:47:57,450 [grpc-default-executor-0] INFO  server.RaftServer$Division (RaftServerImpl.java:requestVote(1078)) - d4509efe-e4ea-4b42-80bc-7ebf58d9d6f5@group-C1152556D82B replies to ELECTION vote request: 5bcee01b-9f3b-4422-a8ff-83b22c074be4<-d4509efe-e4ea-4b42-80bc-7ebf58d9d6f5#0:OK-t8. Peer's state: d4509efe-e4ea-4b42-80bc-7ebf58d9d6f5@group-C1152556D82B:t8, leader=null, voted=5bcee01b-9f3b-4422-a8ff-83b22c074be4, raftlog=d4509efe-e4ea-4b42-80bc-7ebf58d9d6f5@group-C1152556D82B-SegmentedRaftLog:OPENED:c-1, conf=-1: [5bcee01b-9f3b-4422-a8ff-83b22c074be4|rpc:10.1.0.12:38681|priority:0, 1b072022-7d94-4c8c-bba3-c337de8b7083|rpc:10.1.0.12:36175|priority:1, d4509efe-e4ea-4b42-80bc-7ebf58d9d6f5|rpc:10.1.0.12:43693|priority:0], old=null
2021-11-20 13:47:57,451 [grpc-default-executor-2] INFO  impl.VoteContext (VoteContext.java:log(48)) - d4509efe-e4ea-4b42-80bc-7ebf58d9d6f5@group-C1152556D82B-FOLLOWER: reject ELECTION from 1b072022-7d94-4c8c-bba3-c337de8b7083: already has voted for 5bcee01b-9f3b-4422-a8ff-83b22c074be4 at current term 8
2021-11-20 13:47:57,451 [grpc-default-executor-2] INFO  server.RaftServer$Division (RaftServerImpl.java:requestVote(1078)) - d4509efe-e4ea-4b42-80bc-7ebf58d9d6f5@group-C1152556D82B replies to ELECTION vote request: 1b072022-7d94-4c8c-bba3-c337de8b7083<-d4509efe-e4ea-4b42-80bc-7ebf58d9d6f5#0:FAIL-t8. Peer's state: d4509efe-e4ea-4b42-80bc-7ebf58d9d6f5@group-C1152556D82B:t8, leader=null, voted=5bcee01b-9f3b-4422-a8ff-83b22c074be4, raftlog=d4509efe-e4ea-4b42-80bc-7ebf58d9d6f5@group-C1152556D82B-SegmentedRaftLog:OPENED:c-1, conf=-1: [5bcee01b-9f3b-4422-a8ff-83b22c074be4|rpc:10.1.0.12:38681|priority:0, 1b072022-7d94-4c8c-bba3-c337de8b7083|rpc:10.1.0.12:36175|priority:1, d4509efe-e4ea-4b42-80bc-7ebf58d9d6f5|rpc:10.1.0.12:43693|priority:0], old=null
2021-11-20 13:47:57,452 [1b072022-7d94-4c8c-bba3-c337de8b7083@group-C1152556D82B-LeaderElection15] INFO  impl.LeaderElection (LeaderElection.java:logAndReturn(89)) - 1b072022-7d94-4c8c-bba3-c337de8b7083@group-C1152556D82B-LeaderElection15: ELECTION REJECTED received 2 response(s) and 0 exception(s):
2021-11-20 13:47:57,453 [1b072022-7d94-4c8c-bba3-c337de8b7083@group-C1152556D82B-LeaderElection15] INFO  impl.LeaderElection (LeaderElection.java:logAndReturn(93)) -   Response 0: 1b072022-7d94-4c8c-bba3-c337de8b7083<-5bcee01b-9f3b-4422-a8ff-83b22c074be4#0:FAIL-t8
2021-11-20 13:47:57,453 [1b072022-7d94-4c8c-bba3-c337de8b7083@group-C1152556D82B-LeaderElection15] INFO  impl.LeaderElection (LeaderElection.java:logAndReturn(93)) -   Response 1: 1b072022-7d94-4c8c-bba3-c337de8b7083<-d4509efe-e4ea-4b42-80bc-7ebf58d9d6f5#0:FAIL-t8
2021-11-20 13:47:57,453 [1b072022-7d94-4c8c-bba3-c337de8b7083@group-C1152556D82B-LeaderElection15] INFO  impl.LeaderElection (LeaderElection.java:askForVotes(308)) - 1b072022-7d94-4c8c-bba3-c337de8b7083@group-C1152556D82B-LeaderElection15 ELECTION round 0: result REJECTED
2021-11-20 13:47:57,453 [1b072022-7d94-4c8c-bba3-c337de8b7083@group-C1152556D82B-LeaderElection15] INFO  server.RaftServer$Division (RaftServerImpl.java:setRole(290)) - 1b072022-7d94-4c8c-bba3-c337de8b7083@group-C1152556D82B: changes role from CANDIDATE to FOLLOWER at term 8 for REJECTED
2021-11-20 13:47:57,453 [1b072022-7d94-4c8c-bba3-c337de8b7083@group-C1152556D82B-LeaderElection15] INFO  impl.RoleInfo (RoleInfo.java:shutdownLeaderElection(121)) - 1b072022-7d94-4c8c-bba3-c337de8b7083: shutdown 1b072022-7d94-4c8c-bba3-c337de8b7083@group-C1152556D82B-LeaderElection15
2021-11-20 13:47:57,454 [1b072022-7d94-4c8c-bba3-c337de8b7083@group-C1152556D82B-LeaderElection15] INFO  impl.RoleInfo (RoleInfo.java:updateAndGet(130)) - 1b072022-7d94-4c8c-bba3-c337de8b7083: start 1b072022-7d94-4c8c-bba3-c337de8b7083@group-C1152556D82B-FollowerState
2021-11-20 13:47:58,185 [Listener at 127.0.0.1/41529] INFO  ozone.MiniOzoneClusterImpl (MiniOzoneClusterImpl.java:lambda$waitForClusterToBeReady$0(235)) - Nodes are ready. Got 3 of 3 DN Heartbeats.
2021-11-20 13:47:58,186 [Listener at 127.0.0.1/41529] INFO  ozone.MiniOzoneClusterImpl (MiniOzoneClusterImpl.java:lambda$waitForClusterToBeReady$0(238)) - Waiting for cluster to exit safe mode
2021-11-20 13:47:58,186 [Listener at 127.0.0.1/41529] INFO  ozone.MiniOzoneClusterImpl (MiniOzoneClusterImpl.java:lambda$waitForClusterToBeReady$0(240)) - SCM became leader
2021-11-20 13:47:59,186 [Listener at 127.0.0.1/41529] INFO  ozone.MiniOzoneClusterImpl (MiniOzoneClusterImpl.java:lambda$waitForClusterToBeReady$0(235)) - Nodes are ready. Got 3 of 3 DN Heartbeats.
2021-11-20 13:47:59,186 [Listener at 127.0.0.1/41529] INFO  ozone.MiniOzoneClusterImpl (MiniOzoneClusterImpl.java:lambda$waitForClusterToBeReady$0(238)) - Waiting for cluster to exit safe mode
2021-11-20 13:47:59,186 [Listener at 127.0.0.1/41529] INFO  ozone.MiniOzoneClusterImpl (MiniOzoneClusterImpl.java:lambda$waitForClusterToBeReady$0(240)) - SCM became leader
2021-11-20 13:48:00,186 [Listener at 127.0.0.1/41529] INFO  ozone.MiniOzoneClusterImpl (MiniOzoneClusterImpl.java:lambda$waitForClusterToBeReady$0(235)) - Nodes are ready. Got 3 of 3 DN Heartbeats.
2021-11-20 13:48:00,187 [Listener at 127.0.0.1/41529] INFO  ozone.MiniOzoneClusterImpl (MiniOzoneClusterImpl.java:lambda$waitForClusterToBeReady$0(238)) - Waiting for cluster to exit safe mode
2021-11-20 13:48:00,187 [Listener at 127.0.0.1/41529] INFO  ozone.MiniOzoneClusterImpl (MiniOzoneClusterImpl.java:lambda$waitForClusterToBeReady$0(240)) - SCM became leader
2021-11-20 13:48:01,187 [Listener at 127.0.0.1/41529] INFO  ozone.MiniOzoneClusterImpl (MiniOzoneClusterImpl.java:lambda$waitForClusterToBeReady$0(235)) - Nodes are ready. Got 3 of 3 DN Heartbeats.
2021-11-20 13:48:01,187 [Listener at 127.0.0.1/41529] INFO  ozone.MiniOzoneClusterImpl (MiniOzoneClusterImpl.java:lambda$waitForClusterToBeReady$0(238)) - Waiting for cluster to exit safe mode
2021-11-20 13:48:01,187 [Listener at 127.0.0.1/41529] INFO  ozone.MiniOzoneClusterImpl (MiniOzoneClusterImpl.java:lambda$waitForClusterToBeReady$0(240)) - SCM became leader
2021-11-20 13:48:02,187 [Listener at 127.0.0.1/41529] INFO  ozone.MiniOzoneClusterImpl (MiniOzoneClusterImpl.java:lambda$waitForClusterToBeReady$0(235)) - Nodes are ready. Got 3 of 3 DN Heartbeats.
2021-11-20 13:48:02,187 [Listener at 127.0.0.1/41529] INFO  ozone.MiniOzoneClusterImpl (MiniOzoneClusterImpl.java:lambda$waitForClusterToBeReady$0(238)) - Waiting for cluster to exit safe mode
2021-11-20 13:48:02,187 [Listener at 127.0.0.1/41529] INFO  ozone.MiniOzoneClusterImpl (MiniOzoneClusterImpl.java:lambda$waitForClusterToBeReady$0(240)) - SCM became leader
2021-11-20 13:48:02,606 [5bcee01b-9f3b-4422-a8ff-83b22c074be4@group-C1152556D82B-FollowerState] INFO  impl.FollowerState (FollowerState.java:run(134)) - 5bcee01b-9f3b-4422-a8ff-83b22c074be4@group-C1152556D82B-FollowerState: change to CANDIDATE, lastRpcElapsedTime:5169289250ns, electionTimeout:5167ms
2021-11-20 13:48:02,606 [5bcee01b-9f3b-4422-a8ff-83b22c074be4@group-C1152556D82B-FollowerState] INFO  impl.RoleInfo (RoleInfo.java:shutdownFollowerState(108)) - 5bcee01b-9f3b-4422-a8ff-83b22c074be4: shutdown 5bcee01b-9f3b-4422-a8ff-83b22c074be4@group-C1152556D82B-FollowerState
2021-11-20 13:48:02,607 [5bcee01b-9f3b-4422-a8ff-83b22c074be4@group-C1152556D82B-FollowerState] INFO  server.RaftServer$Division (RaftServerImpl.java:setRole(290)) - 5bcee01b-9f3b-4422-a8ff-83b22c074be4@group-C1152556D82B: changes role from  FOLLOWER to CANDIDATE at term 8 for changeToCandidate
2021-11-20 13:48:02,607 [5bcee01b-9f3b-4422-a8ff-83b22c074be4@group-C1152556D82B-FollowerState] INFO  server.RaftServerConfigKeys (ConfUtils.java:logGet(44)) - raft.server.leaderelection.pre-vote = false (custom)
2021-11-20 13:48:02,607 [5bcee01b-9f3b-4422-a8ff-83b22c074be4@group-C1152556D82B-FollowerState] INFO  impl.RoleInfo (RoleInfo.java:updateAndGet(130)) - 5bcee01b-9f3b-4422-a8ff-83b22c074be4: start 5bcee01b-9f3b-4422-a8ff-83b22c074be4@group-C1152556D82B-LeaderElection17
2021-11-20 13:48:02,614 [5bcee01b-9f3b-4422-a8ff-83b22c074be4@group-C1152556D82B-LeaderElection17] INFO  impl.LeaderElection (LeaderElection.java:askForVotes(306)) - 5bcee01b-9f3b-4422-a8ff-83b22c074be4@group-C1152556D82B-LeaderElection17 ELECTION round 0: submit vote requests at term 9 for -1: [5bcee01b-9f3b-4422-a8ff-83b22c074be4|rpc:10.1.0.12:38681|priority:0, 1b072022-7d94-4c8c-bba3-c337de8b7083|rpc:10.1.0.12:36175|priority:1, d4509efe-e4ea-4b42-80bc-7ebf58d9d6f5|rpc:10.1.0.12:43693|priority:0], old=null
2021-11-20 13:48:02,621 [grpc-default-executor-0] INFO  server.RaftServer$Division (RaftServerImpl.java:requestVote(1046)) - 1b072022-7d94-4c8c-bba3-c337de8b7083@group-C1152556D82B: receive requestVote(ELECTION, 5bcee01b-9f3b-4422-a8ff-83b22c074be4, group-C1152556D82B, 9, (t:0, i:0))
2021-11-20 13:48:02,621 [grpc-default-executor-0] INFO  impl.VoteContext (VoteContext.java:log(48)) - 1b072022-7d94-4c8c-bba3-c337de8b7083@group-C1152556D82B-FOLLOWER: reject ELECTION from 5bcee01b-9f3b-4422-a8ff-83b22c074be4: our priority 1 > candidate's priority 0
2021-11-20 13:48:02,621 [grpc-default-executor-0] INFO  server.RaftServer$Division (RaftServerImpl.java:setRole(290)) - 1b072022-7d94-4c8c-bba3-c337de8b7083@group-C1152556D82B: changes role from  FOLLOWER to FOLLOWER at term 9 for candidate:5bcee01b-9f3b-4422-a8ff-83b22c074be4
2021-11-20 13:48:02,621 [grpc-default-executor-0] INFO  impl.RoleInfo (RoleInfo.java:shutdownFollowerState(108)) - 1b072022-7d94-4c8c-bba3-c337de8b7083: shutdown 1b072022-7d94-4c8c-bba3-c337de8b7083@group-C1152556D82B-FollowerState
2021-11-20 13:48:02,621 [grpc-default-executor-0] INFO  impl.RoleInfo (RoleInfo.java:updateAndGet(130)) - 1b072022-7d94-4c8c-bba3-c337de8b7083: start 1b072022-7d94-4c8c-bba3-c337de8b7083@group-C1152556D82B-FollowerState
2021-11-20 13:48:02,621 [1b072022-7d94-4c8c-bba3-c337de8b7083@group-C1152556D82B-FollowerState] INFO  impl.FollowerState (FollowerState.java:run(143)) - 1b072022-7d94-4c8c-bba3-c337de8b7083@group-C1152556D82B-FollowerState was interrupted: {}
java.lang.InterruptedException: sleep interrupted
	at java.lang.Thread.sleep(Native Method)
	at java.lang.Thread.sleep(Thread.java:340)
	at java.util.concurrent.TimeUnit.sleep(TimeUnit.java:386)
	at org.apache.ratis.util.TimeDuration.sleep(TimeDuration.java:324)
	at org.apache.ratis.util.TimeDuration.sleep(TimeDuration.java:309)
	at org.apache.ratis.server.impl.FollowerState.run(FollowerState.java:118)
2021-11-20 13:48:02,631 [grpc-default-executor-2] INFO  server.RaftServer$Division (RaftServerImpl.java:requestVote(1046)) - d4509efe-e4ea-4b42-80bc-7ebf58d9d6f5@group-C1152556D82B: receive requestVote(ELECTION, 5bcee01b-9f3b-4422-a8ff-83b22c074be4, group-C1152556D82B, 9, (t:0, i:0))
2021-11-20 13:48:02,631 [grpc-default-executor-2] INFO  impl.VoteContext (VoteContext.java:log(48)) - d4509efe-e4ea-4b42-80bc-7ebf58d9d6f5@group-C1152556D82B-FOLLOWER: accept ELECTION from 5bcee01b-9f3b-4422-a8ff-83b22c074be4: our priority 0 <= candidate's priority 0
2021-11-20 13:48:02,631 [grpc-default-executor-2] INFO  server.RaftServer$Division (RaftServerImpl.java:setRole(290)) - d4509efe-e4ea-4b42-80bc-7ebf58d9d6f5@group-C1152556D82B: changes role from  FOLLOWER to FOLLOWER at term 9 for candidate:5bcee01b-9f3b-4422-a8ff-83b22c074be4
2021-11-20 13:48:02,631 [grpc-default-executor-2] INFO  impl.RoleInfo (RoleInfo.java:shutdownFollowerState(108)) - d4509efe-e4ea-4b42-80bc-7ebf58d9d6f5: shutdown d4509efe-e4ea-4b42-80bc-7ebf58d9d6f5@group-C1152556D82B-FollowerState
2021-11-20 13:48:02,631 [grpc-default-executor-2] INFO  impl.RoleInfo (RoleInfo.java:updateAndGet(130)) - d4509efe-e4ea-4b42-80bc-7ebf58d9d6f5: start d4509efe-e4ea-4b42-80bc-7ebf58d9d6f5@group-C1152556D82B-FollowerState
2021-11-20 13:48:02,631 [d4509efe-e4ea-4b42-80bc-7ebf58d9d6f5@group-C1152556D82B-FollowerState] INFO  impl.FollowerState (FollowerState.java:run(143)) - d4509efe-e4ea-4b42-80bc-7ebf58d9d6f5@group-C1152556D82B-FollowerState was interrupted: {}
java.lang.InterruptedException: sleep interrupted
	at java.lang.Thread.sleep(Native Method)
	at java.lang.Thread.sleep(Thread.java:340)
	at java.util.concurrent.TimeUnit.sleep(TimeUnit.java:386)
	at org.apache.ratis.util.TimeDuration.sleep(TimeDuration.java:324)
	at org.apache.ratis.util.TimeDuration.sleep(TimeDuration.java:309)
	at org.apache.ratis.server.impl.FollowerState.run(FollowerState.java:118)
2021-11-20 13:48:02,632 [grpc-default-executor-2] INFO  server.RaftServer$Division (RaftServerImpl.java:requestVote(1078)) - d4509efe-e4ea-4b42-80bc-7ebf58d9d6f5@group-C1152556D82B replies to ELECTION vote request: 5bcee01b-9f3b-4422-a8ff-83b22c074be4<-d4509efe-e4ea-4b42-80bc-7ebf58d9d6f5#0:OK-t9. Peer's state: d4509efe-e4ea-4b42-80bc-7ebf58d9d6f5@group-C1152556D82B:t9, leader=null, voted=5bcee01b-9f3b-4422-a8ff-83b22c074be4, raftlog=d4509efe-e4ea-4b42-80bc-7ebf58d9d6f5@group-C1152556D82B-SegmentedRaftLog:OPENED:c-1, conf=-1: [5bcee01b-9f3b-4422-a8ff-83b22c074be4|rpc:10.1.0.12:38681|priority:0, 1b072022-7d94-4c8c-bba3-c337de8b7083|rpc:10.1.0.12:36175|priority:1, d4509efe-e4ea-4b42-80bc-7ebf58d9d6f5|rpc:10.1.0.12:43693|priority:0], old=null
2021-11-20 13:48:02,633 [grpc-default-executor-0] INFO  server.RaftServer$Division (RaftServerImpl.java:requestVote(1078)) - 1b072022-7d94-4c8c-bba3-c337de8b7083@group-C1152556D82B replies to ELECTION vote request: 5bcee01b-9f3b-4422-a8ff-83b22c074be4<-1b072022-7d94-4c8c-bba3-c337de8b7083#0:FAIL-t9. Peer's state: 1b072022-7d94-4c8c-bba3-c337de8b7083@group-C1152556D82B:t9, leader=null, voted=null, raftlog=1b072022-7d94-4c8c-bba3-c337de8b7083@group-C1152556D82B-SegmentedRaftLog:OPENED:c-1, conf=-1: [5bcee01b-9f3b-4422-a8ff-83b22c074be4|rpc:10.1.0.12:38681|priority:0, 1b072022-7d94-4c8c-bba3-c337de8b7083|rpc:10.1.0.12:36175|priority:1, d4509efe-e4ea-4b42-80bc-7ebf58d9d6f5|rpc:10.1.0.12:43693|priority:0], old=null
2021-11-20 13:48:02,634 [5bcee01b-9f3b-4422-a8ff-83b22c074be4@group-C1152556D82B-LeaderElection17] INFO  impl.LeaderElection (LeaderElection.java:logAndReturn(89)) - 5bcee01b-9f3b-4422-a8ff-83b22c074be4@group-C1152556D82B-LeaderElection17: ELECTION REJECTED received 2 response(s) and 0 exception(s):
2021-11-20 13:48:02,634 [5bcee01b-9f3b-4422-a8ff-83b22c074be4@group-C1152556D82B-LeaderElection17] INFO  impl.LeaderElection (LeaderElection.java:logAndReturn(93)) -   Response 0: 5bcee01b-9f3b-4422-a8ff-83b22c074be4<-1b072022-7d94-4c8c-bba3-c337de8b7083#0:FAIL-t9
2021-11-20 13:48:02,634 [5bcee01b-9f3b-4422-a8ff-83b22c074be4@group-C1152556D82B-LeaderElection17] INFO  impl.LeaderElection (LeaderElection.java:logAndReturn(93)) -   Response 1: 5bcee01b-9f3b-4422-a8ff-83b22c074be4<-d4509efe-e4ea-4b42-80bc-7ebf58d9d6f5#0:OK-t9
2021-11-20 13:48:02,634 [5bcee01b-9f3b-4422-a8ff-83b22c074be4@group-C1152556D82B-LeaderElection17] INFO  impl.LeaderElection (LeaderElection.java:askForVotes(308)) - 5bcee01b-9f3b-4422-a8ff-83b22c074be4@group-C1152556D82B-LeaderElection17 ELECTION round 0: result REJECTED
2021-11-20 13:48:02,635 [5bcee01b-9f3b-4422-a8ff-83b22c074be4@group-C1152556D82B-LeaderElection17] INFO  server.RaftServer$Division (RaftServerImpl.java:setRole(290)) - 5bcee01b-9f3b-4422-a8ff-83b22c074be4@group-C1152556D82B: changes role from CANDIDATE to FOLLOWER at term 9 for REJECTED
2021-11-20 13:48:02,638 [5bcee01b-9f3b-4422-a8ff-83b22c074be4@group-C1152556D82B-LeaderElection17] INFO  impl.RoleInfo (RoleInfo.java:shutdownLeaderElection(121)) - 5bcee01b-9f3b-4422-a8ff-83b22c074be4: shutdown 5bcee01b-9f3b-4422-a8ff-83b22c074be4@group-C1152556D82B-LeaderElection17
2021-11-20 13:48:02,638 [5bcee01b-9f3b-4422-a8ff-83b22c074be4@group-C1152556D82B-LeaderElection17] INFO  impl.RoleInfo (RoleInfo.java:updateAndGet(130)) - 5bcee01b-9f3b-4422-a8ff-83b22c074be4: start 5bcee01b-9f3b-4422-a8ff-83b22c074be4@group-C1152556D82B-FollowerState
2021-11-20 13:48:03,188 [Listener at 127.0.0.1/41529] INFO  ozone.MiniOzoneClusterImpl (MiniOzoneClusterImpl.java:lambda$waitForClusterToBeReady$0(235)) - Nodes are ready. Got 3 of 3 DN Heartbeats.
2021-11-20 13:48:03,189 [Listener at 127.0.0.1/41529] INFO  ozone.MiniOzoneClusterImpl (MiniOzoneClusterImpl.java:lambda$waitForClusterToBeReady$0(238)) - Waiting for cluster to exit safe mode
2021-11-20 13:48:03,189 [Listener at 127.0.0.1/41529] INFO  ozone.MiniOzoneClusterImpl (MiniOzoneClusterImpl.java:lambda$waitForClusterToBeReady$0(240)) - SCM became leader
2021-11-20 13:48:04,189 [Listener at 127.0.0.1/41529] INFO  ozone.MiniOzoneClusterImpl (MiniOzoneClusterImpl.java:lambda$waitForClusterToBeReady$0(235)) - Nodes are ready. Got 3 of 3 DN Heartbeats.
2021-11-20 13:48:04,190 [Listener at 127.0.0.1/41529] INFO  ozone.MiniOzoneClusterImpl (MiniOzoneClusterImpl.java:lambda$waitForClusterToBeReady$0(238)) - Waiting for cluster to exit safe mode
2021-11-20 13:48:04,190 [Listener at 127.0.0.1/41529] INFO  ozone.MiniOzoneClusterImpl (MiniOzoneClusterImpl.java:lambda$waitForClusterToBeReady$0(240)) - SCM became leader
2021-11-20 13:48:05,190 [Listener at 127.0.0.1/41529] INFO  ozone.MiniOzoneClusterImpl (MiniOzoneClusterImpl.java:lambda$waitForClusterToBeReady$0(235)) - Nodes are ready. Got 3 of 3 DN Heartbeats.
2021-11-20 13:48:05,190 [Listener at 127.0.0.1/41529] INFO  ozone.MiniOzoneClusterImpl (MiniOzoneClusterImpl.java:lambda$waitForClusterToBeReady$0(238)) - Waiting for cluster to exit safe mode
2021-11-20 13:48:05,190 [Listener at 127.0.0.1/41529] INFO  ozone.MiniOzoneClusterImpl (MiniOzoneClusterImpl.java:lambda$waitForClusterToBeReady$0(240)) - SCM became leader
2021-11-20 13:48:06,190 [Listener at 127.0.0.1/41529] INFO  ozone.MiniOzoneClusterImpl (MiniOzoneClusterImpl.java:lambda$waitForClusterToBeReady$0(235)) - Nodes are ready. Got 3 of 3 DN Heartbeats.
2021-11-20 13:48:06,191 [Listener at 127.0.0.1/41529] INFO  ozone.MiniOzoneClusterImpl (MiniOzoneClusterImpl.java:lambda$waitForClusterToBeReady$0(238)) - Waiting for cluster to exit safe mode
2021-11-20 13:48:06,191 [Listener at 127.0.0.1/41529] INFO  ozone.MiniOzoneClusterImpl (MiniOzoneClusterImpl.java:lambda$waitForClusterToBeReady$0(240)) - SCM became leader
2021-11-20 13:48:07,191 [Listener at 127.0.0.1/41529] INFO  ozone.MiniOzoneClusterImpl (MiniOzoneClusterImpl.java:lambda$waitForClusterToBeReady$0(235)) - Nodes are ready. Got 3 of 3 DN Heartbeats.
2021-11-20 13:48:07,191 [Listener at 127.0.0.1/41529] INFO  ozone.MiniOzoneClusterImpl (MiniOzoneClusterImpl.java:lambda$waitForClusterToBeReady$0(238)) - Waiting for cluster to exit safe mode
2021-11-20 13:48:07,191 [Listener at 127.0.0.1/41529] INFO  ozone.MiniOzoneClusterImpl (MiniOzoneClusterImpl.java:lambda$waitForClusterToBeReady$0(240)) - SCM became leader
2021-11-20 13:48:07,756 [5bcee01b-9f3b-4422-a8ff-83b22c074be4@group-C1152556D82B-FollowerState] INFO  impl.FollowerState (FollowerState.java:run(134)) - 5bcee01b-9f3b-4422-a8ff-83b22c074be4@group-C1152556D82B-FollowerState: change to CANDIDATE, lastRpcElapsedTime:5118324499ns, electionTimeout:5110ms
2021-11-20 13:48:07,757 [5bcee01b-9f3b-4422-a8ff-83b22c074be4@group-C1152556D82B-FollowerState] INFO  impl.RoleInfo (RoleInfo.java:shutdownFollowerState(108)) - 5bcee01b-9f3b-4422-a8ff-83b22c074be4: shutdown 5bcee01b-9f3b-4422-a8ff-83b22c074be4@group-C1152556D82B-FollowerState
2021-11-20 13:48:07,757 [5bcee01b-9f3b-4422-a8ff-83b22c074be4@group-C1152556D82B-FollowerState] INFO  server.RaftServer$Division (RaftServerImpl.java:setRole(290)) - 5bcee01b-9f3b-4422-a8ff-83b22c074be4@group-C1152556D82B: changes role from  FOLLOWER to CANDIDATE at term 9 for changeToCandidate
2021-11-20 13:48:07,757 [5bcee01b-9f3b-4422-a8ff-83b22c074be4@group-C1152556D82B-FollowerState] INFO  server.RaftServerConfigKeys (ConfUtils.java:logGet(44)) - raft.server.leaderelection.pre-vote = false (custom)
2021-11-20 13:48:07,757 [5bcee01b-9f3b-4422-a8ff-83b22c074be4@group-C1152556D82B-FollowerState] INFO  impl.RoleInfo (RoleInfo.java:updateAndGet(130)) - 5bcee01b-9f3b-4422-a8ff-83b22c074be4: start 5bcee01b-9f3b-4422-a8ff-83b22c074be4@group-C1152556D82B-LeaderElection18
2021-11-20 13:48:07,765 [5bcee01b-9f3b-4422-a8ff-83b22c074be4@group-C1152556D82B-LeaderElection18] INFO  impl.LeaderElection (LeaderElection.java:askForVotes(306)) - 5bcee01b-9f3b-4422-a8ff-83b22c074be4@group-C1152556D82B-LeaderElection18 ELECTION round 0: submit vote requests at term 10 for -1: [5bcee01b-9f3b-4422-a8ff-83b22c074be4|rpc:10.1.0.12:38681|priority:0, 1b072022-7d94-4c8c-bba3-c337de8b7083|rpc:10.1.0.12:36175|priority:1, d4509efe-e4ea-4b42-80bc-7ebf58d9d6f5|rpc:10.1.0.12:43693|priority:0], old=null
2021-11-20 13:48:07,769 [grpc-default-executor-2] INFO  server.RaftServer$Division (RaftServerImpl.java:requestVote(1046)) - 1b072022-7d94-4c8c-bba3-c337de8b7083@group-C1152556D82B: receive requestVote(ELECTION, 5bcee01b-9f3b-4422-a8ff-83b22c074be4, group-C1152556D82B, 10, (t:0, i:0))
2021-11-20 13:48:07,770 [grpc-default-executor-2] INFO  impl.VoteContext (VoteContext.java:log(48)) - 1b072022-7d94-4c8c-bba3-c337de8b7083@group-C1152556D82B-FOLLOWER: reject ELECTION from 5bcee01b-9f3b-4422-a8ff-83b22c074be4: our priority 1 > candidate's priority 0
2021-11-20 13:48:07,770 [grpc-default-executor-2] INFO  server.RaftServer$Division (RaftServerImpl.java:setRole(290)) - 1b072022-7d94-4c8c-bba3-c337de8b7083@group-C1152556D82B: changes role from  FOLLOWER to FOLLOWER at term 10 for candidate:5bcee01b-9f3b-4422-a8ff-83b22c074be4
2021-11-20 13:48:07,770 [grpc-default-executor-2] INFO  impl.RoleInfo (RoleInfo.java:shutdownFollowerState(108)) - 1b072022-7d94-4c8c-bba3-c337de8b7083: shutdown 1b072022-7d94-4c8c-bba3-c337de8b7083@group-C1152556D82B-FollowerState
2021-11-20 13:48:07,770 [grpc-default-executor-2] INFO  impl.RoleInfo (RoleInfo.java:updateAndGet(130)) - 1b072022-7d94-4c8c-bba3-c337de8b7083: start 1b072022-7d94-4c8c-bba3-c337de8b7083@group-C1152556D82B-FollowerState
2021-11-20 13:48:07,770 [1b072022-7d94-4c8c-bba3-c337de8b7083@group-C1152556D82B-FollowerState] INFO  impl.FollowerState (FollowerState.java:run(143)) - 1b072022-7d94-4c8c-bba3-c337de8b7083@group-C1152556D82B-FollowerState was interrupted: {}
java.lang.InterruptedException: sleep interrupted
	at java.lang.Thread.sleep(Native Method)
	at java.lang.Thread.sleep(Thread.java:340)
	at java.util.concurrent.TimeUnit.sleep(TimeUnit.java:386)
	at org.apache.ratis.util.TimeDuration.sleep(TimeDuration.java:324)
	at org.apache.ratis.util.TimeDuration.sleep(TimeDuration.java:309)
	at org.apache.ratis.server.impl.FollowerState.run(FollowerState.java:118)
2021-11-20 13:48:07,775 [grpc-default-executor-2] INFO  server.RaftServer$Division (RaftServerImpl.java:requestVote(1078)) - 1b072022-7d94-4c8c-bba3-c337de8b7083@group-C1152556D82B replies to ELECTION vote request: 5bcee01b-9f3b-4422-a8ff-83b22c074be4<-1b072022-7d94-4c8c-bba3-c337de8b7083#0:FAIL-t10. Peer's state: 1b072022-7d94-4c8c-bba3-c337de8b7083@group-C1152556D82B:t10, leader=null, voted=null, raftlog=1b072022-7d94-4c8c-bba3-c337de8b7083@group-C1152556D82B-SegmentedRaftLog:OPENED:c-1, conf=-1: [5bcee01b-9f3b-4422-a8ff-83b22c074be4|rpc:10.1.0.12:38681|priority:0, 1b072022-7d94-4c8c-bba3-c337de8b7083|rpc:10.1.0.12:36175|priority:1, d4509efe-e4ea-4b42-80bc-7ebf58d9d6f5|rpc:10.1.0.12:43693|priority:0], old=null
2021-11-20 13:48:07,781 [grpc-default-executor-2] INFO  server.RaftServer$Division (RaftServerImpl.java:requestVote(1046)) - d4509efe-e4ea-4b42-80bc-7ebf58d9d6f5@group-C1152556D82B: receive requestVote(ELECTION, 5bcee01b-9f3b-4422-a8ff-83b22c074be4, group-C1152556D82B, 10, (t:0, i:0))
2021-11-20 13:48:07,781 [grpc-default-executor-2] INFO  impl.VoteContext (VoteContext.java:log(48)) - d4509efe-e4ea-4b42-80bc-7ebf58d9d6f5@group-C1152556D82B-FOLLOWER: accept ELECTION from 5bcee01b-9f3b-4422-a8ff-83b22c074be4: our priority 0 <= candidate's priority 0
2021-11-20 13:48:07,781 [grpc-default-executor-2] INFO  server.RaftServer$Division (RaftServerImpl.java:setRole(290)) - d4509efe-e4ea-4b42-80bc-7ebf58d9d6f5@group-C1152556D82B: changes role from  FOLLOWER to FOLLOWER at term 10 for candidate:5bcee01b-9f3b-4422-a8ff-83b22c074be4
2021-11-20 13:48:07,781 [grpc-default-executor-2] INFO  impl.RoleInfo (RoleInfo.java:shutdownFollowerState(108)) - d4509efe-e4ea-4b42-80bc-7ebf58d9d6f5: shutdown d4509efe-e4ea-4b42-80bc-7ebf58d9d6f5@group-C1152556D82B-FollowerState
2021-11-20 13:48:07,781 [grpc-default-executor-2] INFO  impl.RoleInfo (RoleInfo.java:updateAndGet(130)) - d4509efe-e4ea-4b42-80bc-7ebf58d9d6f5: start d4509efe-e4ea-4b42-80bc-7ebf58d9d6f5@group-C1152556D82B-FollowerState
2021-11-20 13:48:07,781 [d4509efe-e4ea-4b42-80bc-7ebf58d9d6f5@group-C1152556D82B-FollowerState] INFO  impl.FollowerState (FollowerState.java:run(143)) - d4509efe-e4ea-4b42-80bc-7ebf58d9d6f5@group-C1152556D82B-FollowerState was interrupted: {}
java.lang.InterruptedException: sleep interrupted
	at java.lang.Thread.sleep(Native Method)
	at java.lang.Thread.sleep(Thread.java:340)
	at java.util.concurrent.TimeUnit.sleep(TimeUnit.java:386)
	at org.apache.ratis.util.TimeDuration.sleep(TimeDuration.java:324)
	at org.apache.ratis.util.TimeDuration.sleep(TimeDuration.java:309)
	at org.apache.ratis.server.impl.FollowerState.run(FollowerState.java:118)
2021-11-20 13:48:07,786 [5bcee01b-9f3b-4422-a8ff-83b22c074be4@group-C1152556D82B-LeaderElection18] INFO  impl.LeaderElection (LeaderElection.java:logAndReturn(89)) - 5bcee01b-9f3b-4422-a8ff-83b22c074be4@group-C1152556D82B-LeaderElection18: ELECTION REJECTED received 1 response(s) and 0 exception(s):
2021-11-20 13:48:07,787 [5bcee01b-9f3b-4422-a8ff-83b22c074be4@group-C1152556D82B-LeaderElection18] INFO  impl.LeaderElection (LeaderElection.java:logAndReturn(93)) -   Response 0: 5bcee01b-9f3b-4422-a8ff-83b22c074be4<-1b072022-7d94-4c8c-bba3-c337de8b7083#0:FAIL-t10
2021-11-20 13:48:07,787 [5bcee01b-9f3b-4422-a8ff-83b22c074be4@group-C1152556D82B-LeaderElection18] INFO  impl.LeaderElection (LeaderElection.java:askForVotes(308)) - 5bcee01b-9f3b-4422-a8ff-83b22c074be4@group-C1152556D82B-LeaderElection18 ELECTION round 0: result REJECTED
2021-11-20 13:48:07,787 [5bcee01b-9f3b-4422-a8ff-83b22c074be4@group-C1152556D82B-LeaderElection18] INFO  server.RaftServer$Division (RaftServerImpl.java:setRole(290)) - 5bcee01b-9f3b-4422-a8ff-83b22c074be4@group-C1152556D82B: changes role from CANDIDATE to FOLLOWER at term 10 for REJECTED
2021-11-20 13:48:07,787 [5bcee01b-9f3b-4422-a8ff-83b22c074be4@group-C1152556D82B-LeaderElection18] INFO  impl.RoleInfo (RoleInfo.java:shutdownLeaderElection(121)) - 5bcee01b-9f3b-4422-a8ff-83b22c074be4: shutdown 5bcee01b-9f3b-4422-a8ff-83b22c074be4@group-C1152556D82B-LeaderElection18
2021-11-20 13:48:07,787 [5bcee01b-9f3b-4422-a8ff-83b22c074be4@group-C1152556D82B-LeaderElection18] INFO  impl.RoleInfo (RoleInfo.java:updateAndGet(130)) - 5bcee01b-9f3b-4422-a8ff-83b22c074be4: start 5bcee01b-9f3b-4422-a8ff-83b22c074be4@group-C1152556D82B-FollowerState
2021-11-20 13:48:07,787 [grpc-default-executor-2] INFO  server.RaftServer$Division (RaftServerImpl.java:requestVote(1078)) - d4509efe-e4ea-4b42-80bc-7ebf58d9d6f5@group-C1152556D82B replies to ELECTION vote request: 5bcee01b-9f3b-4422-a8ff-83b22c074be4<-d4509efe-e4ea-4b42-80bc-7ebf58d9d6f5#0:OK-t10. Peer's state: d4509efe-e4ea-4b42-80bc-7ebf58d9d6f5@group-C1152556D82B:t10, leader=null, voted=5bcee01b-9f3b-4422-a8ff-83b22c074be4, raftlog=d4509efe-e4ea-4b42-80bc-7ebf58d9d6f5@group-C1152556D82B-SegmentedRaftLog:OPENED:c-1, conf=-1: [5bcee01b-9f3b-4422-a8ff-83b22c074be4|rpc:10.1.0.12:38681|priority:0, 1b072022-7d94-4c8c-bba3-c337de8b7083|rpc:10.1.0.12:36175|priority:1, d4509efe-e4ea-4b42-80bc-7ebf58d9d6f5|rpc:10.1.0.12:43693|priority:0], old=null
2021-11-20 13:48:08,191 [Listener at 127.0.0.1/41529] INFO  ozone.MiniOzoneClusterImpl (MiniOzoneClusterImpl.java:lambda$waitForClusterToBeReady$0(235)) - Nodes are ready. Got 3 of 3 DN Heartbeats.
2021-11-20 13:48:08,191 [Listener at 127.0.0.1/41529] INFO  ozone.MiniOzoneClusterImpl (MiniOzoneClusterImpl.java:lambda$waitForClusterToBeReady$0(238)) - Waiting for cluster to exit safe mode
2021-11-20 13:48:08,191 [Listener at 127.0.0.1/41529] INFO  ozone.MiniOzoneClusterImpl (MiniOzoneClusterImpl.java:lambda$waitForClusterToBeReady$0(240)) - SCM became leader
2021-11-20 13:48:08,612 [Time-limited test] INFO  ozone.MiniOzoneClusterImpl (MiniOzoneClusterImpl.java:shutdown(453)) - Shutting down the Mini Ozone Cluster
2021-11-20 13:48:08,613 [Time-limited test] INFO  ozone.MiniOzoneClusterImpl (MiniOzoneClusterImpl.java:stop(468)) - Stopping the Mini Ozone Cluster
2021-11-20 13:48:08,613 [Time-limited test] INFO  ozone.MiniOzoneClusterImpl (MiniOzoneClusterImpl.java:stopOM(550)) - Stopping the OzoneManager
2021-11-20 13:48:08,613 [Time-limited test] INFO  om.OzoneManager (OzoneManager.java:stop(1835)) - om1[localhost:0]: Stopping Ozone Manager
2021-11-20 13:48:08,613 [Time-limited test] INFO  ipc.Server (Server.java:stop(3414)) - Stopping server on 41529
2021-11-20 13:48:08,617 [IPC Server listener on 0] INFO  ipc.Server (Server.java:run(1376)) - Stopping IPC Server listener on 0
2021-11-20 13:48:08,617 [IPC Server Responder] INFO  ipc.Server (Server.java:run(1512)) - Stopping IPC Server Responder
2021-11-20 13:48:08,618 [Time-limited test] INFO  server.RaftServer (RaftServerProxy.java:lambda$close$6(391)) - om1: close
2021-11-20 13:48:08,618 [Time-limited test] INFO  server.RaftServer$Division (RaftServerImpl.java:lambda$close$4(412)) - om1@group-C5BA1605619E: shutdown
2021-11-20 13:48:08,618 [Time-limited test] INFO  util.JmxRegister (JmxRegister.java:unregister(73)) - Successfully un-registered JMX Bean with object name Ratis:service=RaftServer,group=group-C5BA1605619E,id=om1
2021-11-20 13:48:08,619 [Time-limited test] INFO  impl.RoleInfo (RoleInfo.java:shutdownLeaderState(91)) - om1: shutdown om1@group-C5BA1605619E-LeaderStateImpl
2021-11-20 13:48:08,619 [Time-limited test] INFO  impl.PendingRequests (PendingRequests.java:sendNotLeaderResponses(282)) - om1@group-C5BA1605619E-PendingRequests: sendNotLeaderResponses
2021-11-20 13:48:08,619 [Time-limited test] INFO  impl.StateMachineUpdater (StateMachineUpdater.java:stopAndJoin(149)) - om1@group-C5BA1605619E-StateMachineUpdater: set stopIndex = 0
2021-11-20 13:48:08,619 [om1@group-C5BA1605619E-StateMachineUpdater] INFO  ratis.OzoneManagerStateMachine (OzoneManagerStateMachine.java:takeSnapshot(417)) - Current Snapshot Index (t:1, i:0)
2021-11-20 13:48:08,620 [om1@group-C5BA1605619E-StateMachineUpdater] INFO  impl.StateMachineUpdater (StateMachineUpdater.java:takeSnapshot(281)) - om1@group-C5BA1605619E-StateMachineUpdater: Took a snapshot at index 0
2021-11-20 13:48:08,620 [om1@group-C5BA1605619E-StateMachineUpdater] INFO  impl.StateMachineUpdater (StateMachineUpdater.java:lambda$new$0(89)) - om1@group-C5BA1605619E-StateMachineUpdater: snapshotIndex: updateIncreasingly -1 -> 0
2021-11-20 13:48:08,620 [om1@group-C5BA1605619E-StateMachineUpdater] INFO  ratis.OzoneManagerStateMachine (OzoneManagerStateMachine.java:close(471)) - StateMachine has shutdown. Shutdown OzoneManager if not already shutdown.
2021-11-20 13:48:08,620 [Time-limited test] INFO  server.RaftServer$Division (ServerState.java:close(419)) - om1@group-C5BA1605619E: closes. applyIndex: 0
2021-11-20 13:48:08,620 [om1@group-C5BA1605619E-SegmentedRaftLogWorker] INFO  segmented.SegmentedRaftLogWorker (SegmentedRaftLogWorker.java:run(327)) - om1@group-C5BA1605619E-SegmentedRaftLogWorker was interrupted, exiting. There are 0 tasks remaining in the queue.
2021-11-20 13:48:08,621 [Time-limited test] INFO  segmented.SegmentedRaftLogWorker (SegmentedRaftLogWorker.java:close(237)) - om1@group-C5BA1605619E-SegmentedRaftLogWorker close()
2021-11-20 13:48:08,622 [Time-limited test] INFO  server.GrpcService (GrpcService.java:closeImpl(262)) - om1: shutdown server with port 9872 now
2021-11-20 13:48:08,623 [Time-limited test] INFO  server.GrpcService (GrpcService.java:closeImpl(271)) - om1: shutdown server with port 9872 successfully
2021-11-20 13:48:08,623 [org.apache.ratis.util.JvmPauseMonitor$$Lambda$531/316047972@6d9683c6] INFO  util.JvmPauseMonitor (JvmPauseMonitor.java:run(109)) - JvmPauseMonitor-om1: Stopped
2021-11-20 13:48:08,623 [Time-limited test] INFO  ratis.OzoneManagerDoubleBuffer (OzoneManagerDoubleBuffer.java:stop(437)) - Stopping OMDoubleBuffer flush thread
2021-11-20 13:48:08,623 [OMDoubleBufferFlushThread] INFO  ratis.OzoneManagerDoubleBuffer (OzoneManagerDoubleBuffer.java:flushTransactions(356)) - OMDoubleBuffer flush thread OMDoubleBufferFlushThread is interrupted and will exit. OMDoubleBufferFlushThread
2021-11-20 13:48:08,624 [Time-limited test] INFO  utils.BackgroundService (BackgroundService.java:shutdown(132)) - Shutting down service KeyDeletingService
2021-11-20 13:48:08,624 [Time-limited test] INFO  utils.BackgroundService (BackgroundService.java:shutdown(132)) - Shutting down service DirectoryDeletingService
2021-11-20 13:48:08,626 [Time-limited test] INFO  handler.ContextHandler (ContextHandler.java:doStop(1153)) - Stopped o.e.j.w.WebAppContext@2560e566{ozoneManager,/,null,STOPPED}{file:/home/runner/work/ozone/ozone/hadoop-ozone/integration-test/target/test-classes/webapps/ozoneManager}
2021-11-20 13:48:08,627 [Time-limited test] INFO  server.AbstractConnector (AbstractConnector.java:doStop(381)) - Stopped ServerConnector@5230e6e9{HTTP/1.1, (http/1.1)}{0.0.0.0:0}
2021-11-20 13:48:08,627 [Time-limited test] INFO  server.session (HouseKeeper.java:stopScavenging(149)) - node0 Stopped scavenging
2021-11-20 13:48:08,629 [Time-limited test] INFO  handler.ContextHandler (ContextHandler.java:doStop(1153)) - Stopped o.e.j.s.ServletContextHandler@4372294{static,/static,file:///home/runner/work/ozone/ozone/hadoop-ozone/integration-test/target/test-classes/webapps/static,STOPPED}
2021-11-20 13:48:08,630 [Time-limited test] INFO  handler.ContextHandler (ContextHandler.java:doStop(1153)) - Stopped o.e.j.s.ServletContextHandler@40b57965{logs,/logs,file:///home/runner/work/ozone/ozone/hadoop-ozone/integration-test/target/log,STOPPED}
2021-11-20 13:48:08,634 [Time-limited test] INFO  ozone.MiniOzoneClusterImpl (MiniOzoneClusterImpl.java:stopDatanodes(527)) - Stopping the HddsDatanodes
2021-11-20 13:48:12,852 [1b072022-7d94-4c8c-bba3-c337de8b7083@group-C1152556D82B-FollowerState] INFO  impl.FollowerState (FollowerState.java:run(134)) - 1b072022-7d94-4c8c-bba3-c337de8b7083@group-C1152556D82B-FollowerState: change to CANDIDATE, lastRpcElapsedTime:5082223920ns, electionTimeout:5076ms
2021-11-20 13:48:12,852 [1b072022-7d94-4c8c-bba3-c337de8b7083@group-C1152556D82B-FollowerState] INFO  impl.RoleInfo (RoleInfo.java:shutdownFollowerState(108)) - 1b072022-7d94-4c8c-bba3-c337de8b7083: shutdown 1b072022-7d94-4c8c-bba3-c337de8b7083@group-C1152556D82B-FollowerState
2021-11-20 13:48:12,852 [1b072022-7d94-4c8c-bba3-c337de8b7083@group-C1152556D82B-FollowerState] INFO  server.RaftServer$Division (RaftServerImpl.java:setRole(290)) - 1b072022-7d94-4c8c-bba3-c337de8b7083@group-C1152556D82B: changes role from  FOLLOWER to CANDIDATE at term 10 for changeToCandidate
2021-11-20 13:48:12,852 [1b072022-7d94-4c8c-bba3-c337de8b7083@group-C1152556D82B-FollowerState] INFO  server.RaftServerConfigKeys (ConfUtils.java:logGet(44)) - raft.server.leaderelection.pre-vote = false (custom)
2021-11-20 13:48:12,852 [1b072022-7d94-4c8c-bba3-c337de8b7083@group-C1152556D82B-FollowerState] INFO  impl.RoleInfo (RoleInfo.java:updateAndGet(130)) - 1b072022-7d94-4c8c-bba3-c337de8b7083: start 1b072022-7d94-4c8c-bba3-c337de8b7083@group-C1152556D82B-LeaderElection19
2021-11-20 13:48:12,860 [1b072022-7d94-4c8c-bba3-c337de8b7083@group-C1152556D82B-LeaderElection19] INFO  impl.LeaderElection (LeaderElection.java:askForVotes(306)) - 1b072022-7d94-4c8c-bba3-c337de8b7083@group-C1152556D82B-LeaderElection19 ELECTION round 0: submit vote requests at term 11 for -1: [5bcee01b-9f3b-4422-a8ff-83b22c074be4|rpc:10.1.0.12:38681|priority:0, 1b072022-7d94-4c8c-bba3-c337de8b7083|rpc:10.1.0.12:36175|priority:1, d4509efe-e4ea-4b42-80bc-7ebf58d9d6f5|rpc:10.1.0.12:43693|priority:0], old=null
2021-11-20 13:48:12,867 [grpc-default-executor-2] INFO  server.RaftServer$Division (RaftServerImpl.java:requestVote(1046)) - 5bcee01b-9f3b-4422-a8ff-83b22c074be4@group-C1152556D82B: receive requestVote(ELECTION, 1b072022-7d94-4c8c-bba3-c337de8b7083, group-C1152556D82B, 11, (t:0, i:0))
2021-11-20 13:48:12,867 [grpc-default-executor-2] INFO  impl.VoteContext (VoteContext.java:log(48)) - 5bcee01b-9f3b-4422-a8ff-83b22c074be4@group-C1152556D82B-FOLLOWER: accept ELECTION from 1b072022-7d94-4c8c-bba3-c337de8b7083: our priority 0 <= candidate's priority 1
2021-11-20 13:48:12,867 [grpc-default-executor-2] INFO  server.RaftServer$Division (RaftServerImpl.java:setRole(290)) - 5bcee01b-9f3b-4422-a8ff-83b22c074be4@group-C1152556D82B: changes role from  FOLLOWER to FOLLOWER at term 11 for candidate:1b072022-7d94-4c8c-bba3-c337de8b7083
2021-11-20 13:48:12,867 [grpc-default-executor-2] INFO  impl.RoleInfo (RoleInfo.java:shutdownFollowerState(108)) - 5bcee01b-9f3b-4422-a8ff-83b22c074be4: shutdown 5bcee01b-9f3b-4422-a8ff-83b22c074be4@group-C1152556D82B-FollowerState
2021-11-20 13:48:12,867 [grpc-default-executor-2] INFO  impl.RoleInfo (RoleInfo.java:updateAndGet(130)) - 5bcee01b-9f3b-4422-a8ff-83b22c074be4: start 5bcee01b-9f3b-4422-a8ff-83b22c074be4@group-C1152556D82B-FollowerState
2021-11-20 13:48:12,867 [5bcee01b-9f3b-4422-a8ff-83b22c074be4@group-C1152556D82B-FollowerState] INFO  impl.FollowerState (FollowerState.java:run(143)) - 5bcee01b-9f3b-4422-a8ff-83b22c074be4@group-C1152556D82B-FollowerState was interrupted: {}
java.lang.InterruptedException: sleep interrupted
	at java.lang.Thread.sleep(Native Method)
	at java.lang.Thread.sleep(Thread.java:340)
	at java.util.concurrent.TimeUnit.sleep(TimeUnit.java:386)
	at org.apache.ratis.util.TimeDuration.sleep(TimeDuration.java:324)
	at org.apache.ratis.util.TimeDuration.sleep(TimeDuration.java:309)
	at org.apache.ratis.server.impl.FollowerState.run(FollowerState.java:118)
2021-11-20 13:48:12,880 [grpc-default-executor-0] INFO  server.RaftServer$Division (RaftServerImpl.java:requestVote(1046)) - d4509efe-e4ea-4b42-80bc-7ebf58d9d6f5@group-C1152556D82B: receive requestVote(ELECTION, 1b072022-7d94-4c8c-bba3-c337de8b7083, group-C1152556D82B, 11, (t:0, i:0))
2021-11-20 13:48:12,880 [grpc-default-executor-0] INFO  impl.VoteContext (VoteContext.java:log(48)) - d4509efe-e4ea-4b42-80bc-7ebf58d9d6f5@group-C1152556D82B-FOLLOWER: accept ELECTION from 1b072022-7d94-4c8c-bba3-c337de8b7083: our priority 0 <= candidate's priority 1
2021-11-20 13:48:12,880 [grpc-default-executor-0] INFO  server.RaftServer$Division (RaftServerImpl.java:setRole(290)) - d4509efe-e4ea-4b42-80bc-7ebf58d9d6f5@group-C1152556D82B: changes role from  FOLLOWER to FOLLOWER at term 11 for candidate:1b072022-7d94-4c8c-bba3-c337de8b7083
2021-11-20 13:48:12,880 [grpc-default-executor-0] INFO  impl.RoleInfo (RoleInfo.java:shutdownFollowerState(108)) - d4509efe-e4ea-4b42-80bc-7ebf58d9d6f5: shutdown d4509efe-e4ea-4b42-80bc-7ebf58d9d6f5@group-C1152556D82B-FollowerState
2021-11-20 13:48:12,880 [d4509efe-e4ea-4b42-80bc-7ebf58d9d6f5@group-C1152556D82B-FollowerState] INFO  impl.FollowerState (FollowerState.java:run(143)) - d4509efe-e4ea-4b42-80bc-7ebf58d9d6f5@group-C1152556D82B-FollowerState was interrupted: {}
java.lang.InterruptedException: sleep interrupted
	at java.lang.Thread.sleep(Native Method)
	at java.lang.Thread.sleep(Thread.java:340)
	at java.util.concurrent.TimeUnit.sleep(TimeUnit.java:386)
	at org.apache.ratis.util.TimeDuration.sleep(TimeDuration.java:324)
	at org.apache.ratis.util.TimeDuration.sleep(TimeDuration.java:309)
	at org.apache.ratis.server.impl.FollowerState.run(FollowerState.java:118)
2021-11-20 13:48:12,880 [grpc-default-executor-0] INFO  impl.RoleInfo (RoleInfo.java:updateAndGet(130)) - d4509efe-e4ea-4b42-80bc-7ebf58d9d6f5: start d4509efe-e4ea-4b42-80bc-7ebf58d9d6f5@group-C1152556D82B-FollowerState
2021-11-20 13:48:12,881 [grpc-default-executor-2] INFO  server.RaftServer$Division (RaftServerImpl.java:requestVote(1078)) - 5bcee01b-9f3b-4422-a8ff-83b22c074be4@group-C1152556D82B replies to ELECTION vote request: 1b072022-7d94-4c8c-bba3-c337de8b7083<-5bcee01b-9f3b-4422-a8ff-83b22c074be4#0:OK-t11. Peer's state: 5bcee01b-9f3b-4422-a8ff-83b22c074be4@group-C1152556D82B:t11, leader=null, voted=1b072022-7d94-4c8c-bba3-c337de8b7083, raftlog=5bcee01b-9f3b-4422-a8ff-83b22c074be4@group-C1152556D82B-SegmentedRaftLog:OPENED:c-1, conf=-1: [5bcee01b-9f3b-4422-a8ff-83b22c074be4|rpc:10.1.0.12:38681|priority:0, 1b072022-7d94-4c8c-bba3-c337de8b7083|rpc:10.1.0.12:36175|priority:1, d4509efe-e4ea-4b42-80bc-7ebf58d9d6f5|rpc:10.1.0.12:43693|priority:0], old=null
2021-11-20 13:48:12,886 [grpc-default-executor-0] INFO  server.RaftServer$Division (RaftServerImpl.java:requestVote(1078)) - d4509efe-e4ea-4b42-80bc-7ebf58d9d6f5@group-C1152556D82B replies to ELECTION vote request: 1b072022-7d94-4c8c-bba3-c337de8b7083<-d4509efe-e4ea-4b42-80bc-7ebf58d9d6f5#0:OK-t11. Peer's state: d4509efe-e4ea-4b42-80bc-7ebf58d9d6f5@group-C1152556D82B:t11, leader=null, voted=1b072022-7d94-4c8c-bba3-c337de8b7083, raftlog=d4509efe-e4ea-4b42-80bc-7ebf58d9d6f5@group-C1152556D82B-SegmentedRaftLog:OPENED:c-1, conf=-1: [5bcee01b-9f3b-4422-a8ff-83b22c074be4|rpc:10.1.0.12:38681|priority:0, 1b072022-7d94-4c8c-bba3-c337de8b7083|rpc:10.1.0.12:36175|priority:1, d4509efe-e4ea-4b42-80bc-7ebf58d9d6f5|rpc:10.1.0.12:43693|priority:0], old=null
2021-11-20 13:48:12,888 [1b072022-7d94-4c8c-bba3-c337de8b7083@group-C1152556D82B-LeaderElection19] INFO  impl.LeaderElection (LeaderElection.java:logAndReturn(89)) - 1b072022-7d94-4c8c-bba3-c337de8b7083@group-C1152556D82B-LeaderElection19: ELECTION PASSED received 1 response(s) and 0 exception(s):
2021-11-20 13:48:12,888 [1b072022-7d94-4c8c-bba3-c337de8b7083@group-C1152556D82B-LeaderElection19] INFO  impl.LeaderElection (LeaderElection.java:logAndReturn(93)) -   Response 0: 1b072022-7d94-4c8c-bba3-c337de8b7083<-d4509efe-e4ea-4b42-80bc-7ebf58d9d6f5#0:OK-t11
2021-11-20 13:48:12,888 [1b072022-7d94-4c8c-bba3-c337de8b7083@group-C1152556D82B-LeaderElection19] INFO  impl.LeaderElection (LeaderElection.java:askForVotes(308)) - 1b072022-7d94-4c8c-bba3-c337de8b7083@group-C1152556D82B-LeaderElection19 ELECTION round 0: result PASSED
2021-11-20 13:48:12,889 [1b072022-7d94-4c8c-bba3-c337de8b7083@group-C1152556D82B-LeaderElection19] INFO  impl.RoleInfo (RoleInfo.java:shutdownLeaderElection(121)) - 1b072022-7d94-4c8c-bba3-c337de8b7083: shutdown 1b072022-7d94-4c8c-bba3-c337de8b7083@group-C1152556D82B-LeaderElection19
2021-11-20 13:48:12,889 [1b072022-7d94-4c8c-bba3-c337de8b7083@group-C1152556D82B-LeaderElection19] INFO  server.RaftServer$Division (RaftServerImpl.java:setRole(290)) - 1b072022-7d94-4c8c-bba3-c337de8b7083@group-C1152556D82B: changes role from CANDIDATE to LEADER at term 11 for changeToLeader
2021-11-20 13:48:12,889 [1b072022-7d94-4c8c-bba3-c337de8b7083@group-C1152556D82B-LeaderElection19] INFO  ratis.XceiverServerRatis (XceiverServerRatis.java:handleLeaderChangedNotification(866)) - Leader change notification received for group: group-C1152556D82B with new leaderId: 1b072022-7d94-4c8c-bba3-c337de8b7083
2021-11-20 13:48:12,889 [1b072022-7d94-4c8c-bba3-c337de8b7083@group-C1152556D82B-LeaderElection19] INFO  server.RaftServer$Division (ServerState.java:setLeader(285)) - 1b072022-7d94-4c8c-bba3-c337de8b7083@group-C1152556D82B: change Leader from null to 1b072022-7d94-4c8c-bba3-c337de8b7083 at term 11 for becomeLeader, leader elected after 55922ms
2021-11-20 13:48:12,889 [1b072022-7d94-4c8c-bba3-c337de8b7083@group-C1152556D82B-LeaderElection19] INFO  server.RaftServerConfigKeys (ConfUtils.java:logGet(44)) - raft.server.staging.catchup.gap = 1000 (default)
2021-11-20 13:48:12,889 [1b072022-7d94-4c8c-bba3-c337de8b7083@group-C1152556D82B-LeaderElection19] INFO  server.RaftServerConfigKeys (ConfUtils.java:logGet(44)) - raft.server.write.element-limit = 1024 (custom)
2021-11-20 13:48:12,889 [1b072022-7d94-4c8c-bba3-c337de8b7083@group-C1152556D82B-LeaderElection19] INFO  server.RaftServerConfigKeys (ConfUtils.java:logGet(44)) - raft.server.write.byte-limit = 1024 M (=1073741824) (custom)
2021-11-20 13:48:12,890 [1b072022-7d94-4c8c-bba3-c337de8b7083@group-C1152556D82B-LeaderElection19] INFO  server.RaftServerConfigKeys (ConfUtils.java:logGet(44)) - raft.server.watch.timeout = 180s (custom)
2021-11-20 13:48:12,890 [1b072022-7d94-4c8c-bba3-c337de8b7083@group-C1152556D82B-LeaderElection19] INFO  server.RaftServerConfigKeys (ConfUtils.java:logGet(44)) - raft.server.watch.timeout.denomination = 1s (default)
2021-11-20 13:48:12,890 [1b072022-7d94-4c8c-bba3-c337de8b7083@group-C1152556D82B-LeaderElection19] INFO  server.RaftServerConfigKeys (ConfUtils.java:logGet(44)) - raft.server.watch.element-limit = 65536 (default)
2021-11-20 13:48:12,890 [1b072022-7d94-4c8c-bba3-c337de8b7083@group-C1152556D82B-LeaderElection19] INFO  server.RaftServerConfigKeys (ConfUtils.java:logGet(44)) - raft.server.write.element-limit = 1024 (custom)
2021-11-20 13:48:12,890 [1b072022-7d94-4c8c-bba3-c337de8b7083@group-C1152556D82B-LeaderElection19] INFO  server.RaftServerConfigKeys (ConfUtils.java:logGet(44)) - raft.server.write.follower.gap.ratio.max = -1.0 (default)
2021-11-20 13:48:12,911 [1b072022-7d94-4c8c-bba3-c337de8b7083@group-C1152556D82B-LeaderElection19] INFO  server.RaftServerConfigKeys (ConfUtils.java:logGet(44)) - raft.server.log.appender.snapshot.chunk.size.max = 16MB (=16777216) (default)
2021-11-20 13:48:12,911 [1b072022-7d94-4c8c-bba3-c337de8b7083@group-C1152556D82B-LeaderElection19] INFO  server.RaftServerConfigKeys (ConfUtils.java:logGet(44)) - raft.server.log.appender.buffer.byte-limit = 33554432 (custom)
2021-11-20 13:48:12,911 [1b072022-7d94-4c8c-bba3-c337de8b7083@group-C1152556D82B-LeaderElection19] INFO  server.RaftServerConfigKeys (ConfUtils.java:logGet(44)) - raft.server.log.appender.buffer.element-limit = 1 (custom)
2021-11-20 13:48:12,913 [1b072022-7d94-4c8c-bba3-c337de8b7083@group-C1152556D82B-LeaderElection19] INFO  grpc.GrpcConfigKeys (ConfUtils.java:logGet(44)) - raft.grpc.server.leader.outstanding.appends.max = 128 (default)
2021-11-20 13:48:12,914 [1b072022-7d94-4c8c-bba3-c337de8b7083@group-C1152556D82B-LeaderElection19] INFO  server.RaftServerConfigKeys (ConfUtils.java:logGet(44)) - raft.server.rpc.request.timeout = 60s (custom)
2021-11-20 13:48:12,914 [1b072022-7d94-4c8c-bba3-c337de8b7083@group-C1152556D82B-LeaderElection19] INFO  server.RaftServerConfigKeys (ConfUtils.java:logGet(44)) - raft.server.log.appender.install.snapshot.enabled = false (custom)
2021-11-20 13:48:12,918 [1b072022-7d94-4c8c-bba3-c337de8b7083@group-C1152556D82B-LeaderElection19] INFO  server.RaftServerConfigKeys (ConfUtils.java:logGet(44)) - raft.server.log.appender.snapshot.chunk.size.max = 16MB (=16777216) (default)
2021-11-20 13:48:12,921 [1b072022-7d94-4c8c-bba3-c337de8b7083@group-C1152556D82B-LeaderElection19] INFO  server.RaftServerConfigKeys (ConfUtils.java:logGet(44)) - raft.server.log.appender.buffer.byte-limit = 33554432 (custom)
2021-11-20 13:48:12,921 [1b072022-7d94-4c8c-bba3-c337de8b7083@group-C1152556D82B-LeaderElection19] INFO  server.RaftServerConfigKeys (ConfUtils.java:logGet(44)) - raft.server.log.appender.buffer.element-limit = 1 (custom)
2021-11-20 13:48:12,921 [1b072022-7d94-4c8c-bba3-c337de8b7083@group-C1152556D82B-LeaderElection19] INFO  grpc.GrpcConfigKeys (ConfUtils.java:logGet(44)) - raft.grpc.server.leader.outstanding.appends.max = 128 (default)
2021-11-20 13:48:12,921 [1b072022-7d94-4c8c-bba3-c337de8b7083@group-C1152556D82B-LeaderElection19] INFO  server.RaftServerConfigKeys (ConfUtils.java:logGet(44)) - raft.server.rpc.request.timeout = 60s (custom)
2021-11-20 13:48:12,921 [1b072022-7d94-4c8c-bba3-c337de8b7083@group-C1152556D82B-LeaderElection19] INFO  server.RaftServerConfigKeys (ConfUtils.java:logGet(44)) - raft.server.log.appender.install.snapshot.enabled = false (custom)
2021-11-20 13:48:12,922 [1b072022-7d94-4c8c-bba3-c337de8b7083@group-C1152556D82B-LeaderElection19] INFO  impl.RoleInfo (RoleInfo.java:updateAndGet(130)) - 1b072022-7d94-4c8c-bba3-c337de8b7083: start 1b072022-7d94-4c8c-bba3-c337de8b7083@group-C1152556D82B-LeaderStateImpl
2021-11-20 13:48:12,923 [1b072022-7d94-4c8c-bba3-c337de8b7083@group-C1152556D82B-LeaderElection19] INFO  segmented.SegmentedRaftLogWorker (SegmentedRaftLogWorker.java:startLogSegment(394)) - 1b072022-7d94-4c8c-bba3-c337de8b7083@group-C1152556D82B-SegmentedRaftLogWorker: Starting segment from index:0
2021-11-20 13:48:12,924 [1b072022-7d94-4c8c-bba3-c337de8b7083@group-C1152556D82B-SegmentedRaftLogWorker] INFO  segmented.SegmentedRaftLogWorker (SegmentedRaftLogWorker.java:execute(601)) - 1b072022-7d94-4c8c-bba3-c337de8b7083@group-C1152556D82B-SegmentedRaftLogWorker: created new log segment /home/runner/work/ozone/ozone/hadoop-ozone/integration-test/target/test-dir/MiniOzoneClusterImpl-af1e1b15-19ea-4ddd-8a7a-846906bb1efb/datanode-1/data/ratis/f958395c-d16f-493f-a3d9-c1152556d82b/current/log_inprogress_0
2021-11-20 13:48:12,939 [1b072022-7d94-4c8c-bba3-c337de8b7083@group-C1152556D82B-LeaderElection19] INFO  server.RaftServer$Division (ServerState.java:setRaftConf(387)) - 1b072022-7d94-4c8c-bba3-c337de8b7083@group-C1152556D82B: set configuration 0: [5bcee01b-9f3b-4422-a8ff-83b22c074be4|rpc:10.1.0.12:38681|dataStream:|priority:0, 1b072022-7d94-4c8c-bba3-c337de8b7083|rpc:10.1.0.12:36175|dataStream:|priority:1, d4509efe-e4ea-4b42-80bc-7ebf58d9d6f5|rpc:10.1.0.12:43693|dataStream:|priority:0], old=null
2021-11-20 13:48:12,945 [grpc-default-executor-1] INFO  ratis.XceiverServerRatis (XceiverServerRatis.java:handleLeaderChangedNotification(866)) - Leader change notification received for group: group-C1152556D82B with new leaderId: 1b072022-7d94-4c8c-bba3-c337de8b7083
2021-11-20 13:48:12,945 [grpc-default-executor-1] INFO  server.RaftServer$Division (ServerState.java:setLeader(285)) - 5bcee01b-9f3b-4422-a8ff-83b22c074be4@group-C1152556D82B: change Leader from null to 1b072022-7d94-4c8c-bba3-c337de8b7083 at term 11 for appendEntries, leader elected after 55662ms
2021-11-20 13:48:12,952 [grpc-default-executor-2] INFO  ratis.XceiverServerRatis (XceiverServerRatis.java:handleLeaderChangedNotification(866)) - Leader change notification received for group: group-C1152556D82B with new leaderId: 1b072022-7d94-4c8c-bba3-c337de8b7083
2021-11-20 13:48:12,952 [grpc-default-executor-2] INFO  server.RaftServer$Division (ServerState.java:setLeader(285)) - d4509efe-e4ea-4b42-80bc-7ebf58d9d6f5@group-C1152556D82B: change Leader from null to 1b072022-7d94-4c8c-bba3-c337de8b7083 at term 11 for appendEntries, leader elected after 56297ms
2021-11-20 13:48:12,970 [grpc-default-executor-1] INFO  server.RaftServer$Division (ServerState.java:setRaftConf(387)) - d4509efe-e4ea-4b42-80bc-7ebf58d9d6f5@group-C1152556D82B: set configuration 0: [5bcee01b-9f3b-4422-a8ff-83b22c074be4|rpc:10.1.0.12:38681|dataStream:|priority:0, 1b072022-7d94-4c8c-bba3-c337de8b7083|rpc:10.1.0.12:36175|dataStream:|priority:1, d4509efe-e4ea-4b42-80bc-7ebf58d9d6f5|rpc:10.1.0.12:43693|dataStream:|priority:0], old=null
2021-11-20 13:48:12,974 [grpc-default-executor-2] INFO  server.RaftServer$Division (ServerState.java:setRaftConf(387)) - 5bcee01b-9f3b-4422-a8ff-83b22c074be4@group-C1152556D82B: set configuration 0: [5bcee01b-9f3b-4422-a8ff-83b22c074be4|rpc:10.1.0.12:38681|dataStream:|priority:0, 1b072022-7d94-4c8c-bba3-c337de8b7083|rpc:10.1.0.12:36175|dataStream:|priority:1, d4509efe-e4ea-4b42-80bc-7ebf58d9d6f5|rpc:10.1.0.12:43693|dataStream:|priority:0], old=null
2021-11-20 13:48:12,975 [grpc-default-executor-2] INFO  segmented.SegmentedRaftLogWorker (SegmentedRaftLogWorker.java:startLogSegment(394)) - 5bcee01b-9f3b-4422-a8ff-83b22c074be4@group-C1152556D82B-SegmentedRaftLogWorker: Starting segment from index:0
2021-11-20 13:48:12,975 [grpc-default-executor-1] INFO  segmented.SegmentedRaftLogWorker (SegmentedRaftLogWorker.java:startLogSegment(394)) - d4509efe-e4ea-4b42-80bc-7ebf58d9d6f5@group-C1152556D82B-SegmentedRaftLogWorker: Starting segment from index:0
2021-11-20 13:48:12,976 [d4509efe-e4ea-4b42-80bc-7ebf58d9d6f5@group-C1152556D82B-SegmentedRaftLogWorker] INFO  segmented.SegmentedRaftLogWorker (SegmentedRaftLogWorker.java:execute(601)) - d4509efe-e4ea-4b42-80bc-7ebf58d9d6f5@group-C1152556D82B-SegmentedRaftLogWorker: created new log segment /home/runner/work/ozone/ozone/hadoop-ozone/integration-test/target/test-dir/MiniOzoneClusterImpl-af1e1b15-19ea-4ddd-8a7a-846906bb1efb/datanode-0/data/ratis/f958395c-d16f-493f-a3d9-c1152556d82b/current/log_inprogress_0
2021-11-20 13:48:12,977 [5bcee01b-9f3b-4422-a8ff-83b22c074be4@group-C1152556D82B-SegmentedRaftLogWorker] INFO  segmented.SegmentedRaftLogWorker (SegmentedRaftLogWorker.java:execute(601)) - 5bcee01b-9f3b-4422-a8ff-83b22c074be4@group-C1152556D82B-SegmentedRaftLogWorker: created new log segment /home/runner/work/ozone/ozone/hadoop-ozone/integration-test/target/test-dir/MiniOzoneClusterImpl-af1e1b15-19ea-4ddd-8a7a-846906bb1efb/datanode-2/data/ratis/f958395c-d16f-493f-a3d9-c1152556d82b/current/log_inprogress_0
2021-11-20 13:48:13,635 [ForkJoinPool.commonPool-worker-1] INFO  ozoneimpl.OzoneContainer (OzoneContainer.java:stop(325)) - Attempting to stop container services.
2021-11-20 13:48:13,636 [Time-limited test] INFO  ozoneimpl.OzoneContainer (OzoneContainer.java:stop(325)) - Attempting to stop container services.
2021-11-20 13:48:13,636 [ForkJoinPool.commonPool-worker-1] INFO  server.RaftServer (RaftServerProxy.java:lambda$close$6(391)) - d4509efe-e4ea-4b42-80bc-7ebf58d9d6f5: close
2021-11-20 13:48:13,637 [ForkJoinPool.commonPool-worker-1] INFO  server.RaftServer$Division (RaftServerImpl.java:lambda$close$4(412)) - d4509efe-e4ea-4b42-80bc-7ebf58d9d6f5@group-C1152556D82B: shutdown
2021-11-20 13:48:13,637 [ForkJoinPool.commonPool-worker-1] INFO  util.JmxRegister (JmxRegister.java:unregister(73)) - Successfully un-registered JMX Bean with object name Ratis:service=RaftServer,group=group-C1152556D82B,id=d4509efe-e4ea-4b42-80bc-7ebf58d9d6f5
2021-11-20 13:48:13,637 [ForkJoinPool.commonPool-worker-1] INFO  impl.RoleInfo (RoleInfo.java:shutdownFollowerState(108)) - d4509efe-e4ea-4b42-80bc-7ebf58d9d6f5: shutdown d4509efe-e4ea-4b42-80bc-7ebf58d9d6f5@group-C1152556D82B-FollowerState
2021-11-20 13:48:13,637 [ForkJoinPool.commonPool-worker-1] INFO  impl.StateMachineUpdater (StateMachineUpdater.java:stopAndJoin(149)) - d4509efe-e4ea-4b42-80bc-7ebf58d9d6f5@group-C1152556D82B-StateMachineUpdater: set stopIndex = 0
2021-11-20 13:48:13,637 [d4509efe-e4ea-4b42-80bc-7ebf58d9d6f5@group-C1152556D82B-FollowerState] INFO  impl.FollowerState (FollowerState.java:run(143)) - d4509efe-e4ea-4b42-80bc-7ebf58d9d6f5@group-C1152556D82B-FollowerState was interrupted: {}
java.lang.InterruptedException: sleep interrupted
	at java.lang.Thread.sleep(Native Method)
	at java.lang.Thread.sleep(Thread.java:340)
	at java.util.concurrent.TimeUnit.sleep(TimeUnit.java:386)
	at org.apache.ratis.util.TimeDuration.sleep(TimeDuration.java:324)
	at org.apache.ratis.util.TimeDuration.sleep(TimeDuration.java:309)
	at org.apache.ratis.server.impl.FollowerState.run(FollowerState.java:118)
2021-11-20 13:48:13,637 [d4509efe-e4ea-4b42-80bc-7ebf58d9d6f5@group-C1152556D82B-StateMachineUpdater] INFO  ratis.ContainerStateMachine (ContainerStateMachine.java:takeSnapshot(292)) - group-C1152556D82B: Taking a snapshot at:(t:11, i:0) file /home/runner/work/ozone/ozone/hadoop-ozone/integration-test/target/test-dir/MiniOzoneClusterImpl-af1e1b15-19ea-4ddd-8a7a-846906bb1efb/datanode-0/data/ratis/f958395c-d16f-493f-a3d9-c1152556d82b/sm/snapshot.11_0
2021-11-20 13:48:13,643 [Time-limited test] INFO  server.RaftServer (RaftServerProxy.java:lambda$close$6(391)) - 1b072022-7d94-4c8c-bba3-c337de8b7083: close
2021-11-20 13:48:13,643 [Time-limited test] INFO  server.RaftServer$Division (RaftServerImpl.java:lambda$close$4(412)) - 1b072022-7d94-4c8c-bba3-c337de8b7083@group-06329D1FA7A2: shutdown
2021-11-20 13:48:13,643 [Time-limited test] INFO  util.JmxRegister (JmxRegister.java:unregister(73)) - Successfully un-registered JMX Bean with object name Ratis:service=RaftServer,group=group-06329D1FA7A2,id=1b072022-7d94-4c8c-bba3-c337de8b7083
2021-11-20 13:48:13,643 [Time-limited test] INFO  impl.RoleInfo (RoleInfo.java:shutdownLeaderState(91)) - 1b072022-7d94-4c8c-bba3-c337de8b7083: shutdown 1b072022-7d94-4c8c-bba3-c337de8b7083@group-06329D1FA7A2-LeaderStateImpl
2021-11-20 13:48:13,643 [d4509efe-e4ea-4b42-80bc-7ebf58d9d6f5@group-C1152556D82B-StateMachineUpdater] INFO  ratis.ContainerStateMachine (ContainerStateMachine.java:takeSnapshot(303)) - group-C1152556D82B: Finished taking a snapshot at:(t:11, i:0) file:/home/runner/work/ozone/ozone/hadoop-ozone/integration-test/target/test-dir/MiniOzoneClusterImpl-af1e1b15-19ea-4ddd-8a7a-846906bb1efb/datanode-0/data/ratis/f958395c-d16f-493f-a3d9-c1152556d82b/sm/snapshot.11_0 took: 6 ms
2021-11-20 13:48:13,643 [d4509efe-e4ea-4b42-80bc-7ebf58d9d6f5@group-C1152556D82B-StateMachineUpdater] INFO  impl.StateMachineUpdater (StateMachineUpdater.java:takeSnapshot(281)) - d4509efe-e4ea-4b42-80bc-7ebf58d9d6f5@group-C1152556D82B-StateMachineUpdater: Took a snapshot at index 0
2021-11-20 13:48:13,644 [d4509efe-e4ea-4b42-80bc-7ebf58d9d6f5@group-C1152556D82B-StateMachineUpdater] INFO  impl.StateMachineUpdater (StateMachineUpdater.java:lambda$new$0(89)) - d4509efe-e4ea-4b42-80bc-7ebf58d9d6f5@group-C1152556D82B-StateMachineUpdater: snapshotIndex: updateIncreasingly -1 -> 0
2021-11-20 13:48:13,644 [Time-limited test] INFO  impl.PendingRequests (PendingRequests.java:sendNotLeaderResponses(282)) - 1b072022-7d94-4c8c-bba3-c337de8b7083@group-06329D1FA7A2-PendingRequests: sendNotLeaderResponses
2021-11-20 13:48:13,645 [Time-limited test] INFO  impl.StateMachineUpdater (StateMachineUpdater.java:stopAndJoin(149)) - 1b072022-7d94-4c8c-bba3-c337de8b7083@group-06329D1FA7A2-StateMachineUpdater: set stopIndex = 0
2021-11-20 13:48:13,645 [1b072022-7d94-4c8c-bba3-c337de8b7083@group-06329D1FA7A2-StateMachineUpdater] INFO  ratis.ContainerStateMachine (ContainerStateMachine.java:takeSnapshot(292)) - group-06329D1FA7A2: Taking a snapshot at:(t:1, i:0) file /home/runner/work/ozone/ozone/hadoop-ozone/integration-test/target/test-dir/MiniOzoneClusterImpl-af1e1b15-19ea-4ddd-8a7a-846906bb1efb/datanode-1/data/ratis/68e9da97-494a-4c99-a066-06329d1fa7a2/sm/snapshot.1_0
2021-11-20 13:48:13,646 [ForkJoinPool.commonPool-worker-1] INFO  server.RaftServer$Division (ServerState.java:close(419)) - d4509efe-e4ea-4b42-80bc-7ebf58d9d6f5@group-C1152556D82B: closes. applyIndex: 0
2021-11-20 13:48:13,646 [d4509efe-e4ea-4b42-80bc-7ebf58d9d6f5@group-C1152556D82B-SegmentedRaftLogWorker] INFO  segmented.SegmentedRaftLogWorker (SegmentedRaftLogWorker.java:run(327)) - d4509efe-e4ea-4b42-80bc-7ebf58d9d6f5@group-C1152556D82B-SegmentedRaftLogWorker was interrupted, exiting. There are 0 tasks remaining in the queue.
2021-11-20 13:48:13,646 [1b072022-7d94-4c8c-bba3-c337de8b7083@group-06329D1FA7A2-StateMachineUpdater] INFO  ratis.ContainerStateMachine (ContainerStateMachine.java:takeSnapshot(303)) - group-06329D1FA7A2: Finished taking a snapshot at:(t:1, i:0) file:/home/runner/work/ozone/ozone/hadoop-ozone/integration-test/target/test-dir/MiniOzoneClusterImpl-af1e1b15-19ea-4ddd-8a7a-846906bb1efb/datanode-1/data/ratis/68e9da97-494a-4c99-a066-06329d1fa7a2/sm/snapshot.1_0 took: 1 ms
2021-11-20 13:48:13,646 [1b072022-7d94-4c8c-bba3-c337de8b7083@group-06329D1FA7A2-StateMachineUpdater] INFO  impl.StateMachineUpdater (StateMachineUpdater.java:takeSnapshot(281)) - 1b072022-7d94-4c8c-bba3-c337de8b7083@group-06329D1FA7A2-StateMachineUpdater: Took a snapshot at index 0
2021-11-20 13:48:13,646 [1b072022-7d94-4c8c-bba3-c337de8b7083@group-06329D1FA7A2-StateMachineUpdater] INFO  impl.StateMachineUpdater (StateMachineUpdater.java:lambda$new$0(89)) - 1b072022-7d94-4c8c-bba3-c337de8b7083@group-06329D1FA7A2-StateMachineUpdater: snapshotIndex: updateIncreasingly -1 -> 0
2021-11-20 13:48:13,647 [Time-limited test] INFO  server.RaftServer$Division (ServerState.java:close(419)) - 1b072022-7d94-4c8c-bba3-c337de8b7083@group-06329D1FA7A2: closes. applyIndex: 0
2021-11-20 13:48:13,647 [1b072022-7d94-4c8c-bba3-c337de8b7083@group-06329D1FA7A2-SegmentedRaftLogWorker] INFO  segmented.SegmentedRaftLogWorker (SegmentedRaftLogWorker.java:run(327)) - 1b072022-7d94-4c8c-bba3-c337de8b7083@group-06329D1FA7A2-SegmentedRaftLogWorker was interrupted, exiting. There are 0 tasks remaining in the queue.
2021-11-20 13:48:13,655 [ForkJoinPool.commonPool-worker-1] INFO  segmented.SegmentedRaftLogWorker (SegmentedRaftLogWorker.java:close(237)) - d4509efe-e4ea-4b42-80bc-7ebf58d9d6f5@group-C1152556D82B-SegmentedRaftLogWorker close()
2021-11-20 13:48:13,655 [Time-limited test] INFO  segmented.SegmentedRaftLogWorker (SegmentedRaftLogWorker.java:close(237)) - 1b072022-7d94-4c8c-bba3-c337de8b7083@group-06329D1FA7A2-SegmentedRaftLogWorker close()
2021-11-20 13:48:13,656 [ForkJoinPool.commonPool-worker-1] INFO  server.RaftServer$Division (RaftServerImpl.java:lambda$close$4(412)) - d4509efe-e4ea-4b42-80bc-7ebf58d9d6f5@group-AB9510350B92: shutdown
2021-11-20 13:48:13,656 [ForkJoinPool.commonPool-worker-1] INFO  util.JmxRegister (JmxRegister.java:unregister(73)) - Successfully un-registered JMX Bean with object name Ratis:service=RaftServer,group=group-AB9510350B92,id=d4509efe-e4ea-4b42-80bc-7ebf58d9d6f5
2021-11-20 13:48:13,656 [ForkJoinPool.commonPool-worker-1] INFO  impl.RoleInfo (RoleInfo.java:shutdownLeaderState(91)) - d4509efe-e4ea-4b42-80bc-7ebf58d9d6f5: shutdown d4509efe-e4ea-4b42-80bc-7ebf58d9d6f5@group-AB9510350B92-LeaderStateImpl
2021-11-20 13:48:13,656 [Time-limited test] INFO  server.RaftServer$Division (RaftServerImpl.java:lambda$close$4(412)) - 1b072022-7d94-4c8c-bba3-c337de8b7083@group-C1152556D82B: shutdown
2021-11-20 13:48:13,656 [Time-limited test] INFO  util.JmxRegister (JmxRegister.java:unregister(73)) - Successfully un-registered JMX Bean with object name Ratis:service=RaftServer,group=group-C1152556D82B,id=1b072022-7d94-4c8c-bba3-c337de8b7083
2021-11-20 13:48:13,656 [Time-limited test] INFO  impl.RoleInfo (RoleInfo.java:shutdownLeaderState(91)) - 1b072022-7d94-4c8c-bba3-c337de8b7083: shutdown 1b072022-7d94-4c8c-bba3-c337de8b7083@group-C1152556D82B-LeaderStateImpl
2021-11-20 13:48:13,657 [Time-limited test] INFO  impl.PendingRequests (PendingRequests.java:sendNotLeaderResponses(282)) - 1b072022-7d94-4c8c-bba3-c337de8b7083@group-C1152556D82B-PendingRequests: sendNotLeaderResponses
2021-11-20 13:48:13,657 [Time-limited test] INFO  impl.StateMachineUpdater (StateMachineUpdater.java:stopAndJoin(149)) - 1b072022-7d94-4c8c-bba3-c337de8b7083@group-C1152556D82B-StateMachineUpdater: set stopIndex = 0
2021-11-20 13:48:13,657 [1b072022-7d94-4c8c-bba3-c337de8b7083@group-C1152556D82B->d4509efe-e4ea-4b42-80bc-7ebf58d9d6f5-GrpcLogAppender-LogAppenderDaemon] WARN  server.GrpcLogAppender (GrpcLogAppender.java:mayWait(177)) - 1b072022-7d94-4c8c-bba3-c337de8b7083@group-C1152556D82B->d4509efe-e4ea-4b42-80bc-7ebf58d9d6f5-GrpcLogAppender: Wait interrupted by java.lang.InterruptedException
2021-11-20 13:48:13,658 [1b072022-7d94-4c8c-bba3-c337de8b7083@group-C1152556D82B-StateMachineUpdater] INFO  ratis.ContainerStateMachine (ContainerStateMachine.java:takeSnapshot(292)) - group-C1152556D82B: Taking a snapshot at:(t:11, i:0) file /home/runner/work/ozone/ozone/hadoop-ozone/integration-test/target/test-dir/MiniOzoneClusterImpl-af1e1b15-19ea-4ddd-8a7a-846906bb1efb/datanode-1/data/ratis/f958395c-d16f-493f-a3d9-c1152556d82b/sm/snapshot.11_0
2021-11-20 13:48:13,658 [1b072022-7d94-4c8c-bba3-c337de8b7083@group-C1152556D82B-StateMachineUpdater] INFO  ratis.ContainerStateMachine (ContainerStateMachine.java:takeSnapshot(303)) - group-C1152556D82B: Finished taking a snapshot at:(t:11, i:0) file:/home/runner/work/ozone/ozone/hadoop-ozone/integration-test/target/test-dir/MiniOzoneClusterImpl-af1e1b15-19ea-4ddd-8a7a-846906bb1efb/datanode-1/data/ratis/f958395c-d16f-493f-a3d9-c1152556d82b/sm/snapshot.11_0 took: 1 ms
2021-11-20 13:48:13,658 [1b072022-7d94-4c8c-bba3-c337de8b7083@group-C1152556D82B-StateMachineUpdater] INFO  impl.StateMachineUpdater (StateMachineUpdater.java:takeSnapshot(281)) - 1b072022-7d94-4c8c-bba3-c337de8b7083@group-C1152556D82B-StateMachineUpdater: Took a snapshot at index 0
2021-11-20 13:48:13,658 [1b072022-7d94-4c8c-bba3-c337de8b7083@group-C1152556D82B-StateMachineUpdater] INFO  impl.StateMachineUpdater (StateMachineUpdater.java:lambda$new$0(89)) - 1b072022-7d94-4c8c-bba3-c337de8b7083@group-C1152556D82B-StateMachineUpdater: snapshotIndex: updateIncreasingly -1 -> 0
2021-11-20 13:48:13,659 [grpc-default-executor-1] INFO  server.GrpcServerProtocolService (GrpcServerProtocolService.java:onCompleted(140)) - d4509efe-e4ea-4b42-80bc-7ebf58d9d6f5: Completed APPEND_ENTRIES, lastRequest: 1b072022-7d94-4c8c-bba3-c337de8b7083->d4509efe-e4ea-4b42-80bc-7ebf58d9d6f5#1-t11,previous=(t:0, i:0),leaderCommit=0,initializing? true,entries: size=1, first=(t:11, i:0), CONFIGURATIONENTRY
2021-11-20 13:48:13,656 [ForkJoinPool.commonPool-worker-1] INFO  impl.PendingRequests (PendingRequests.java:sendNotLeaderResponses(282)) - d4509efe-e4ea-4b42-80bc-7ebf58d9d6f5@group-AB9510350B92-PendingRequests: sendNotLeaderResponses
2021-11-20 13:48:13,662 [ForkJoinPool.commonPool-worker-1] INFO  impl.StateMachineUpdater (StateMachineUpdater.java:stopAndJoin(149)) - d4509efe-e4ea-4b42-80bc-7ebf58d9d6f5@group-AB9510350B92-StateMachineUpdater: set stopIndex = 0
2021-11-20 13:48:13,658 [1b072022-7d94-4c8c-bba3-c337de8b7083@group-C1152556D82B->5bcee01b-9f3b-4422-a8ff-83b22c074be4-GrpcLogAppender-LogAppenderDaemon] WARN  server.GrpcLogAppender (GrpcLogAppender.java:mayWait(177)) - 1b072022-7d94-4c8c-bba3-c337de8b7083@group-C1152556D82B->5bcee01b-9f3b-4422-a8ff-83b22c074be4-GrpcLogAppender: Wait interrupted by java.lang.InterruptedException
2021-11-20 13:48:13,662 [d4509efe-e4ea-4b42-80bc-7ebf58d9d6f5@group-AB9510350B92-StateMachineUpdater] INFO  ratis.ContainerStateMachine (ContainerStateMachine.java:takeSnapshot(292)) - group-AB9510350B92: Taking a snapshot at:(t:1, i:0) file /home/runner/work/ozone/ozone/hadoop-ozone/integration-test/target/test-dir/MiniOzoneClusterImpl-af1e1b15-19ea-4ddd-8a7a-846906bb1efb/datanode-0/data/ratis/18f25a9f-43e6-48cd-bd12-ab9510350b92/sm/snapshot.1_0
2021-11-20 13:48:13,660 [grpc-default-executor-2] INFO  server.GrpcLogAppender (GrpcLogAppender.java:onCompleted(346)) - 1b072022-7d94-4c8c-bba3-c337de8b7083@group-C1152556D82B->d4509efe-e4ea-4b42-80bc-7ebf58d9d6f5-AppendLogResponseHandler: follower responses appendEntries COMPLETED
2021-11-20 13:48:13,663 [d4509efe-e4ea-4b42-80bc-7ebf58d9d6f5@group-AB9510350B92-StateMachineUpdater] INFO  ratis.ContainerStateMachine (ContainerStateMachine.java:takeSnapshot(303)) - group-AB9510350B92: Finished taking a snapshot at:(t:1, i:0) file:/home/runner/work/ozone/ozone/hadoop-ozone/integration-test/target/test-dir/MiniOzoneClusterImpl-af1e1b15-19ea-4ddd-8a7a-846906bb1efb/datanode-0/data/ratis/18f25a9f-43e6-48cd-bd12-ab9510350b92/sm/snapshot.1_0 took: 0 ms
2021-11-20 13:48:13,663 [d4509efe-e4ea-4b42-80bc-7ebf58d9d6f5@group-AB9510350B92-StateMachineUpdater] INFO  impl.StateMachineUpdater (StateMachineUpdater.java:takeSnapshot(281)) - d4509efe-e4ea-4b42-80bc-7ebf58d9d6f5@group-AB9510350B92-StateMachineUpdater: Took a snapshot at index 0
2021-11-20 13:48:13,663 [d4509efe-e4ea-4b42-80bc-7ebf58d9d6f5@group-AB9510350B92-StateMachineUpdater] INFO  impl.StateMachineUpdater (StateMachineUpdater.java:lambda$new$0(89)) - d4509efe-e4ea-4b42-80bc-7ebf58d9d6f5@group-AB9510350B92-StateMachineUpdater: snapshotIndex: updateIncreasingly -1 -> 0
2021-11-20 13:48:13,665 [ForkJoinPool.commonPool-worker-1] INFO  server.RaftServer$Division (ServerState.java:close(419)) - d4509efe-e4ea-4b42-80bc-7ebf58d9d6f5@group-AB9510350B92: closes. applyIndex: 0
2021-11-20 13:48:13,665 [d4509efe-e4ea-4b42-80bc-7ebf58d9d6f5@group-AB9510350B92-SegmentedRaftLogWorker] INFO  segmented.SegmentedRaftLogWorker (SegmentedRaftLogWorker.java:run(327)) - d4509efe-e4ea-4b42-80bc-7ebf58d9d6f5@group-AB9510350B92-SegmentedRaftLogWorker was interrupted, exiting. There are 0 tasks remaining in the queue.
2021-11-20 13:48:13,665 [Time-limited test] INFO  server.RaftServer$Division (ServerState.java:close(419)) - 1b072022-7d94-4c8c-bba3-c337de8b7083@group-C1152556D82B: closes. applyIndex: 0
2021-11-20 13:48:13,665 [1b072022-7d94-4c8c-bba3-c337de8b7083@group-C1152556D82B-SegmentedRaftLogWorker] INFO  segmented.SegmentedRaftLogWorker (SegmentedRaftLogWorker.java:run(327)) - 1b072022-7d94-4c8c-bba3-c337de8b7083@group-C1152556D82B-SegmentedRaftLogWorker was interrupted, exiting. There are 0 tasks remaining in the queue.
2021-11-20 13:48:13,669 [ForkJoinPool.commonPool-worker-1] INFO  segmented.SegmentedRaftLogWorker (SegmentedRaftLogWorker.java:close(237)) - d4509efe-e4ea-4b42-80bc-7ebf58d9d6f5@group-AB9510350B92-SegmentedRaftLogWorker close()
2021-11-20 13:48:13,669 [Time-limited test] INFO  segmented.SegmentedRaftLogWorker (SegmentedRaftLogWorker.java:close(237)) - 1b072022-7d94-4c8c-bba3-c337de8b7083@group-C1152556D82B-SegmentedRaftLogWorker close()
2021-11-20 13:48:13,671 [grpc-default-executor-2] INFO  leader.FollowerInfo (FollowerInfoImpl.java:lambda$new$0(47)) - 1b072022-7d94-4c8c-bba3-c337de8b7083@group-C1152556D82B->d4509efe-e4ea-4b42-80bc-7ebf58d9d6f5: nextIndex: updateUnconditionally 1 -> 0
2021-11-20 13:48:13,671 [ForkJoinPool.commonPool-worker-1] INFO  server.GrpcService (GrpcService.java:closeImpl(262)) - d4509efe-e4ea-4b42-80bc-7ebf58d9d6f5: shutdown server with port 43693 now
2021-11-20 13:48:13,671 [grpc-default-executor-1] INFO  server.GrpcServerProtocolService (GrpcServerProtocolService.java:onCompleted(140)) - 5bcee01b-9f3b-4422-a8ff-83b22c074be4: Completed APPEND_ENTRIES, lastRequest: 1b072022-7d94-4c8c-bba3-c337de8b7083->5bcee01b-9f3b-4422-a8ff-83b22c074be4#1-t11,previous=(t:0, i:0),leaderCommit=0,initializing? true,entries: size=1, first=(t:11, i:0), CONFIGURATIONENTRY
2021-11-20 13:48:13,671 [Time-limited test] INFO  server.GrpcService (GrpcService.java:closeImpl(262)) - 1b072022-7d94-4c8c-bba3-c337de8b7083: shutdown server with port 36175 now
2021-11-20 13:48:13,672 [grpc-default-executor-2] INFO  server.GrpcLogAppender (GrpcLogAppender.java:onCompleted(346)) - 1b072022-7d94-4c8c-bba3-c337de8b7083@group-C1152556D82B->5bcee01b-9f3b-4422-a8ff-83b22c074be4-AppendLogResponseHandler: follower responses appendEntries COMPLETED
2021-11-20 13:48:13,673 [grpc-default-executor-2] INFO  leader.FollowerInfo (FollowerInfoImpl.java:lambda$new$0(47)) - 1b072022-7d94-4c8c-bba3-c337de8b7083@group-C1152556D82B->5bcee01b-9f3b-4422-a8ff-83b22c074be4: nextIndex: updateUnconditionally 1 -> 0
2021-11-20 13:48:13,692 [ForkJoinPool.commonPool-worker-1] INFO  server.GrpcService (GrpcService.java:closeImpl(271)) - d4509efe-e4ea-4b42-80bc-7ebf58d9d6f5: shutdown server with port 43693 successfully
2021-11-20 13:48:13,693 [org.apache.ratis.util.JvmPauseMonitor$$Lambda$531/316047972@502725b3] INFO  util.JvmPauseMonitor (JvmPauseMonitor.java:run(109)) - JvmPauseMonitor-d4509efe-e4ea-4b42-80bc-7ebf58d9d6f5: Stopped
2021-11-20 13:48:13,693 [ForkJoinPool.commonPool-worker-1] INFO  utils.BackgroundService (BackgroundService.java:shutdown(132)) - Shutting down service BlockDeletingService
2021-11-20 13:48:13,707 [Time-limited test] INFO  server.GrpcService (GrpcService.java:closeImpl(271)) - 1b072022-7d94-4c8c-bba3-c337de8b7083: shutdown server with port 36175 successfully
2021-11-20 13:48:13,707 [org.apache.ratis.util.JvmPauseMonitor$$Lambda$531/316047972@219f98a5] INFO  util.JvmPauseMonitor (JvmPauseMonitor.java:run(109)) - JvmPauseMonitor-1b072022-7d94-4c8c-bba3-c337de8b7083: Stopped
2021-11-20 13:48:13,718 [Time-limited test] INFO  utils.BackgroundService (BackgroundService.java:shutdown(132)) - Shutting down service BlockDeletingService
2021-11-20 13:48:16,707 [ForkJoinPool.commonPool-worker-1] INFO  statemachine.DatanodeStateMachine (DatanodeStateMachine.java:stopDaemon(526)) - Ozone container server stopped.
2021-11-20 13:48:16,708 [ForkJoinPool.commonPool-worker-1] INFO  handler.ContextHandler (ContextHandler.java:doStop(1153)) - Stopped o.e.j.w.WebAppContext@43a54a31{hddsDatanode,/,null,STOPPED}{jar:file:/home/runner/.m2/repository/org/apache/ozone/hdds-container-service/1.2.0-SNAPSHOT/hdds-container-service-1.2.0-SNAPSHOT.jar!/webapps/hddsDatanode}
2021-11-20 13:48:16,709 [ForkJoinPool.commonPool-worker-1] INFO  server.AbstractConnector (AbstractConnector.java:doStop(381)) - Stopped ServerConnector@316e20d7{HTTP/1.1, (http/1.1)}{0.0.0.0:0}
2021-11-20 13:48:16,709 [ForkJoinPool.commonPool-worker-1] INFO  server.session (HouseKeeper.java:stopScavenging(149)) - node0 Stopped scavenging
2021-11-20 13:48:16,709 [ForkJoinPool.commonPool-worker-1] INFO  handler.ContextHandler (ContextHandler.java:doStop(1153)) - Stopped o.e.j.s.ServletContextHandler@6a59040d{static,/static,jar:file:/home/runner/.m2/repository/org/apache/ozone/hdds-container-service/1.2.0-SNAPSHOT/hdds-container-service-1.2.0-SNAPSHOT.jar!/webapps/static,STOPPED}
2021-11-20 13:48:16,710 [ForkJoinPool.commonPool-worker-1] INFO  handler.ContextHandler (ContextHandler.java:doStop(1153)) - Stopped o.e.j.s.ServletContextHandler@1203ca2a{logs,/logs,file:///home/runner/work/ozone/ozone/hadoop-ozone/integration-test/target/log,STOPPED}
2021-11-20 13:48:16,720 [Time-limited test] INFO  statemachine.DatanodeStateMachine (DatanodeStateMachine.java:stopDaemon(526)) - Ozone container server stopped.
2021-11-20 13:48:16,721 [Time-limited test] INFO  handler.ContextHandler (ContextHandler.java:doStop(1153)) - Stopped o.e.j.w.WebAppContext@3dd00337{hddsDatanode,/,null,STOPPED}{jar:file:/home/runner/.m2/repository/org/apache/ozone/hdds-container-service/1.2.0-SNAPSHOT/hdds-container-service-1.2.0-SNAPSHOT.jar!/webapps/hddsDatanode}
2021-11-20 13:48:16,722 [Time-limited test] INFO  server.AbstractConnector (AbstractConnector.java:doStop(381)) - Stopped ServerConnector@3f9fc181{HTTP/1.1, (http/1.1)}{0.0.0.0:0}
2021-11-20 13:48:16,722 [Time-limited test] INFO  server.session (HouseKeeper.java:stopScavenging(149)) - node0 Stopped scavenging
2021-11-20 13:48:16,723 [Time-limited test] INFO  handler.ContextHandler (ContextHandler.java:doStop(1153)) - Stopped o.e.j.s.ServletContextHandler@5e4055ab{static,/static,jar:file:/home/runner/.m2/repository/org/apache/ozone/hdds-container-service/1.2.0-SNAPSHOT/hdds-container-service-1.2.0-SNAPSHOT.jar!/webapps/static,STOPPED}
2021-11-20 13:48:16,723 [Time-limited test] INFO  handler.ContextHandler (ContextHandler.java:doStop(1153)) - Stopped o.e.j.s.ServletContextHandler@3af9e756{logs,/logs,file:///home/runner/work/ozone/ozone/hadoop-ozone/integration-test/target/log,STOPPED}
2021-11-20 13:48:21,712 [ForkJoinPool.commonPool-worker-1] INFO  ozoneimpl.OzoneContainer (OzoneContainer.java:stop(325)) - Attempting to stop container services.
2021-11-20 13:48:21,713 [ForkJoinPool.commonPool-worker-1] INFO  server.RaftServer (RaftServerProxy.java:lambda$close$6(391)) - 5bcee01b-9f3b-4422-a8ff-83b22c074be4: close
2021-11-20 13:48:21,713 [ForkJoinPool.commonPool-worker-1] INFO  server.RaftServer$Division (RaftServerImpl.java:lambda$close$4(412)) - 5bcee01b-9f3b-4422-a8ff-83b22c074be4@group-C1152556D82B: shutdown
2021-11-20 13:48:21,713 [ForkJoinPool.commonPool-worker-1] INFO  util.JmxRegister (JmxRegister.java:unregister(73)) - Successfully un-registered JMX Bean with object name Ratis:service=RaftServer,group=group-C1152556D82B,id=5bcee01b-9f3b-4422-a8ff-83b22c074be4
2021-11-20 13:48:21,713 [ForkJoinPool.commonPool-worker-1] INFO  impl.RoleInfo (RoleInfo.java:shutdownFollowerState(108)) - 5bcee01b-9f3b-4422-a8ff-83b22c074be4: shutdown 5bcee01b-9f3b-4422-a8ff-83b22c074be4@group-C1152556D82B-FollowerState
2021-11-20 13:48:21,713 [ForkJoinPool.commonPool-worker-1] INFO  impl.StateMachineUpdater (StateMachineUpdater.java:stopAndJoin(149)) - 5bcee01b-9f3b-4422-a8ff-83b22c074be4@group-C1152556D82B-StateMachineUpdater: set stopIndex = 0
2021-11-20 13:48:21,713 [5bcee01b-9f3b-4422-a8ff-83b22c074be4@group-C1152556D82B-FollowerState] INFO  impl.FollowerState (FollowerState.java:run(143)) - 5bcee01b-9f3b-4422-a8ff-83b22c074be4@group-C1152556D82B-FollowerState was interrupted: {}
java.lang.InterruptedException: sleep interrupted
	at java.lang.Thread.sleep(Native Method)
	at java.lang.Thread.sleep(Thread.java:340)
	at java.util.concurrent.TimeUnit.sleep(TimeUnit.java:386)
	at org.apache.ratis.util.TimeDuration.sleep(TimeDuration.java:324)
	at org.apache.ratis.util.TimeDuration.sleep(TimeDuration.java:309)
	at org.apache.ratis.server.impl.FollowerState.run(FollowerState.java:118)
2021-11-20 13:48:21,713 [5bcee01b-9f3b-4422-a8ff-83b22c074be4@group-C1152556D82B-StateMachineUpdater] INFO  ratis.ContainerStateMachine (ContainerStateMachine.java:takeSnapshot(292)) - group-C1152556D82B: Taking a snapshot at:(t:11, i:0) file /home/runner/work/ozone/ozone/hadoop-ozone/integration-test/target/test-dir/MiniOzoneClusterImpl-af1e1b15-19ea-4ddd-8a7a-846906bb1efb/datanode-2/data/ratis/f958395c-d16f-493f-a3d9-c1152556d82b/sm/snapshot.11_0
2021-11-20 13:48:21,715 [5bcee01b-9f3b-4422-a8ff-83b22c074be4@group-C1152556D82B-StateMachineUpdater] INFO  ratis.ContainerStateMachine (ContainerStateMachine.java:takeSnapshot(303)) - group-C1152556D82B: Finished taking a snapshot at:(t:11, i:0) file:/home/runner/work/ozone/ozone/hadoop-ozone/integration-test/target/test-dir/MiniOzoneClusterImpl-af1e1b15-19ea-4ddd-8a7a-846906bb1efb/datanode-2/data/ratis/f958395c-d16f-493f-a3d9-c1152556d82b/sm/snapshot.11_0 took: 2 ms
2021-11-20 13:48:21,715 [5bcee01b-9f3b-4422-a8ff-83b22c074be4@group-C1152556D82B-StateMachineUpdater] INFO  impl.StateMachineUpdater (StateMachineUpdater.java:takeSnapshot(281)) - 5bcee01b-9f3b-4422-a8ff-83b22c074be4@group-C1152556D82B-StateMachineUpdater: Took a snapshot at index 0
2021-11-20 13:48:21,715 [5bcee01b-9f3b-4422-a8ff-83b22c074be4@group-C1152556D82B-StateMachineUpdater] INFO  impl.StateMachineUpdater (StateMachineUpdater.java:lambda$new$0(89)) - 5bcee01b-9f3b-4422-a8ff-83b22c074be4@group-C1152556D82B-StateMachineUpdater: snapshotIndex: updateIncreasingly -1 -> 0
2021-11-20 13:48:21,716 [ForkJoinPool.commonPool-worker-1] INFO  server.RaftServer$Division (ServerState.java:close(419)) - 5bcee01b-9f3b-4422-a8ff-83b22c074be4@group-C1152556D82B: closes. applyIndex: 0
2021-11-20 13:48:21,716 [5bcee01b-9f3b-4422-a8ff-83b22c074be4@group-C1152556D82B-SegmentedRaftLogWorker] INFO  segmented.SegmentedRaftLogWorker (SegmentedRaftLogWorker.java:run(327)) - 5bcee01b-9f3b-4422-a8ff-83b22c074be4@group-C1152556D82B-SegmentedRaftLogWorker was interrupted, exiting. There are 0 tasks remaining in the queue.
2021-11-20 13:48:21,717 [ForkJoinPool.commonPool-worker-1] INFO  segmented.SegmentedRaftLogWorker (SegmentedRaftLogWorker.java:close(237)) - 5bcee01b-9f3b-4422-a8ff-83b22c074be4@group-C1152556D82B-SegmentedRaftLogWorker close()
2021-11-20 13:48:21,718 [ForkJoinPool.commonPool-worker-1] INFO  server.RaftServer$Division (RaftServerImpl.java:lambda$close$4(412)) - 5bcee01b-9f3b-4422-a8ff-83b22c074be4@group-F4C9FA4F21F4: shutdown
2021-11-20 13:48:21,718 [ForkJoinPool.commonPool-worker-1] INFO  util.JmxRegister (JmxRegister.java:unregister(73)) - Successfully un-registered JMX Bean with object name Ratis:service=RaftServer,group=group-F4C9FA4F21F4,id=5bcee01b-9f3b-4422-a8ff-83b22c074be4
2021-11-20 13:48:21,718 [ForkJoinPool.commonPool-worker-1] INFO  impl.RoleInfo (RoleInfo.java:shutdownLeaderState(91)) - 5bcee01b-9f3b-4422-a8ff-83b22c074be4: shutdown 5bcee01b-9f3b-4422-a8ff-83b22c074be4@group-F4C9FA4F21F4-LeaderStateImpl
2021-11-20 13:48:21,718 [ForkJoinPool.commonPool-worker-1] INFO  impl.PendingRequests (PendingRequests.java:sendNotLeaderResponses(282)) - 5bcee01b-9f3b-4422-a8ff-83b22c074be4@group-F4C9FA4F21F4-PendingRequests: sendNotLeaderResponses
2021-11-20 13:48:21,718 [ForkJoinPool.commonPool-worker-1] INFO  impl.StateMachineUpdater (StateMachineUpdater.java:stopAndJoin(149)) - 5bcee01b-9f3b-4422-a8ff-83b22c074be4@group-F4C9FA4F21F4-StateMachineUpdater: set stopIndex = 0
2021-11-20 13:48:21,719 [5bcee01b-9f3b-4422-a8ff-83b22c074be4@group-F4C9FA4F21F4-StateMachineUpdater] INFO  ratis.ContainerStateMachine (ContainerStateMachine.java:takeSnapshot(292)) - group-F4C9FA4F21F4: Taking a snapshot at:(t:1, i:0) file /home/runner/work/ozone/ozone/hadoop-ozone/integration-test/target/test-dir/MiniOzoneClusterImpl-af1e1b15-19ea-4ddd-8a7a-846906bb1efb/datanode-2/data/ratis/13733fd2-537e-4cc9-9198-f4c9fa4f21f4/sm/snapshot.1_0
2021-11-20 13:48:21,719 [5bcee01b-9f3b-4422-a8ff-83b22c074be4@group-F4C9FA4F21F4-StateMachineUpdater] INFO  ratis.ContainerStateMachine (ContainerStateMachine.java:takeSnapshot(303)) - group-F4C9FA4F21F4: Finished taking a snapshot at:(t:1, i:0) file:/home/runner/work/ozone/ozone/hadoop-ozone/integration-test/target/test-dir/MiniOzoneClusterImpl-af1e1b15-19ea-4ddd-8a7a-846906bb1efb/datanode-2/data/ratis/13733fd2-537e-4cc9-9198-f4c9fa4f21f4/sm/snapshot.1_0 took: 1 ms
2021-11-20 13:48:21,719 [5bcee01b-9f3b-4422-a8ff-83b22c074be4@group-F4C9FA4F21F4-StateMachineUpdater] INFO  impl.StateMachineUpdater (StateMachineUpdater.java:takeSnapshot(281)) - 5bcee01b-9f3b-4422-a8ff-83b22c074be4@group-F4C9FA4F21F4-StateMachineUpdater: Took a snapshot at index 0
2021-11-20 13:48:21,719 [5bcee01b-9f3b-4422-a8ff-83b22c074be4@group-F4C9FA4F21F4-StateMachineUpdater] INFO  impl.StateMachineUpdater (StateMachineUpdater.java:lambda$new$0(89)) - 5bcee01b-9f3b-4422-a8ff-83b22c074be4@group-F4C9FA4F21F4-StateMachineUpdater: snapshotIndex: updateIncreasingly -1 -> 0
2021-11-20 13:48:21,720 [ForkJoinPool.commonPool-worker-1] INFO  server.RaftServer$Division (ServerState.java:close(419)) - 5bcee01b-9f3b-4422-a8ff-83b22c074be4@group-F4C9FA4F21F4: closes. applyIndex: 0
2021-11-20 13:48:21,720 [5bcee01b-9f3b-4422-a8ff-83b22c074be4@group-F4C9FA4F21F4-SegmentedRaftLogWorker] INFO  segmented.SegmentedRaftLogWorker (SegmentedRaftLogWorker.java:run(327)) - 5bcee01b-9f3b-4422-a8ff-83b22c074be4@group-F4C9FA4F21F4-SegmentedRaftLogWorker was interrupted, exiting. There are 0 tasks remaining in the queue.
2021-11-20 13:48:21,720 [ForkJoinPool.commonPool-worker-1] INFO  segmented.SegmentedRaftLogWorker (SegmentedRaftLogWorker.java:close(237)) - 5bcee01b-9f3b-4422-a8ff-83b22c074be4@group-F4C9FA4F21F4-SegmentedRaftLogWorker close()
2021-11-20 13:48:21,721 [ForkJoinPool.commonPool-worker-1] INFO  server.GrpcService (GrpcService.java:closeImpl(262)) - 5bcee01b-9f3b-4422-a8ff-83b22c074be4: shutdown server with port 38681 now
2021-11-20 13:48:21,722 [ForkJoinPool.commonPool-worker-1] INFO  server.GrpcService (GrpcService.java:closeImpl(271)) - 5bcee01b-9f3b-4422-a8ff-83b22c074be4: shutdown server with port 38681 successfully
2021-11-20 13:48:21,722 [org.apache.ratis.util.JvmPauseMonitor$$Lambda$531/316047972@1f60f162] INFO  util.JvmPauseMonitor (JvmPauseMonitor.java:run(109)) - JvmPauseMonitor-5bcee01b-9f3b-4422-a8ff-83b22c074be4: Stopped
2021-11-20 13:48:21,723 [ForkJoinPool.commonPool-worker-1] INFO  utils.BackgroundService (BackgroundService.java:shutdown(132)) - Shutting down service BlockDeletingService
2021-11-20 13:48:24,728 [ForkJoinPool.commonPool-worker-1] INFO  statemachine.DatanodeStateMachine (DatanodeStateMachine.java:stopDaemon(526)) - Ozone container server stopped.
2021-11-20 13:48:24,729 [ForkJoinPool.commonPool-worker-1] INFO  handler.ContextHandler (ContextHandler.java:doStop(1153)) - Stopped o.e.j.w.WebAppContext@5f865dce{hddsDatanode,/,null,STOPPED}{jar:file:/home/runner/.m2/repository/org/apache/ozone/hdds-container-service/1.2.0-SNAPSHOT/hdds-container-service-1.2.0-SNAPSHOT.jar!/webapps/hddsDatanode}
2021-11-20 13:48:24,732 [ForkJoinPool.commonPool-worker-1] INFO  server.AbstractConnector (AbstractConnector.java:doStop(381)) - Stopped ServerConnector@146aa8f3{HTTP/1.1, (http/1.1)}{0.0.0.0:0}
2021-11-20 13:48:24,733 [ForkJoinPool.commonPool-worker-1] INFO  server.session (HouseKeeper.java:stopScavenging(149)) - node0 Stopped scavenging
2021-11-20 13:48:24,733 [ForkJoinPool.commonPool-worker-1] INFO  handler.ContextHandler (ContextHandler.java:doStop(1153)) - Stopped o.e.j.s.ServletContextHandler@7356e086{static,/static,jar:file:/home/runner/.m2/repository/org/apache/ozone/hdds-container-service/1.2.0-SNAPSHOT/hdds-container-service-1.2.0-SNAPSHOT.jar!/webapps/static,STOPPED}
2021-11-20 13:48:24,733 [ForkJoinPool.commonPool-worker-1] INFO  handler.ContextHandler (ContextHandler.java:doStop(1153)) - Stopped o.e.j.s.ServletContextHandler@1ee88252{logs,/logs,file:///home/runner/work/ozone/ozone/hadoop-ozone/integration-test/target/log,STOPPED}
2021-11-20 13:48:24,736 [Time-limited test] INFO  ozone.MiniOzoneClusterImpl (MiniOzoneClusterImpl.java:stopSCM(542)) - Stopping the StorageContainerManager
2021-11-20 13:48:24,736 [Time-limited test] INFO  server.StorageContainerManager (StorageContainerManager.java:stop(1395)) - Stopping Container Balancer service.
2021-11-20 13:48:24,736 [Time-limited test] INFO  balancer.ContainerBalancer (ContainerBalancer.java:stop(773)) - Container Balancer is not running.
2021-11-20 13:48:24,736 [Time-limited test] INFO  server.StorageContainerManager (StorageContainerManager.java:stop(1402)) - Stopping Replication Manager Service.
2021-11-20 13:48:24,736 [Time-limited test] INFO  container.ReplicationManager (ReplicationManager.java:stop(350)) - Stopping Replication Monitor Thread.
2021-11-20 13:48:24,736 [Time-limited test] INFO  server.StorageContainerManager (StorageContainerManager.java:stop(1409)) - Stopping the Datanode Admin Monitor.
2021-11-20 13:48:24,736 [Time-limited test] INFO  server.StorageContainerManager (StorageContainerManager.java:stop(1416)) - Stopping Lease Manager of the command watchers
2021-11-20 13:48:24,736 [Time-limited test] INFO  server.StorageContainerManager (StorageContainerManager.java:stop(1423)) - Stopping datanode service RPC server
2021-11-20 13:48:24,736 [Time-limited test] INFO  server.SCMDatanodeProtocolServer (SCMDatanodeProtocolServer.java:stop(389)) - Stopping the RPC server for DataNodes
2021-11-20 13:48:24,737 [Time-limited test] INFO  ipc.Server (Server.java:stop(3414)) - Stopping server on 44709
2021-11-20 13:48:24,739 [IPC Server Responder] INFO  ipc.Server (Server.java:run(1512)) - Stopping IPC Server Responder
2021-11-20 13:48:24,739 [IPC Server listener on 0] INFO  ipc.Server (Server.java:run(1376)) - Stopping IPC Server listener on 0
2021-11-20 13:48:24,797 [SCM Heartbeat Processing Thread - 0] WARN  node.NodeStateManager (NodeStateManager.java:scheduleNextHealthCheck(799)) - Current Thread is interrupted, shutting down HB processing thread for Node Manager.
2021-11-20 13:48:24,797 [Time-limited test] INFO  server.StorageContainerManager (StorageContainerManager.java:stop(1431)) - Stopping block service RPC server
2021-11-20 13:48:24,797 [Time-limited test] INFO  server.SCMBlockProtocolServer (SCMBlockProtocolServer.java:stop(160)) - Stopping the RPC server for Block Protocol
2021-11-20 13:48:24,798 [Time-limited test] INFO  ipc.Server (Server.java:stop(3414)) - Stopping server on 44929
2021-11-20 13:48:24,800 [IPC Server Responder] INFO  ipc.Server (Server.java:run(1512)) - Stopping IPC Server Responder
2021-11-20 13:48:24,800 [Time-limited test] INFO  server.StorageContainerManager (StorageContainerManager.java:stop(1438)) - Stopping the StorageContainerLocationProtocol RPC server
2021-11-20 13:48:24,800 [Time-limited test] INFO  server.SCMClientProtocolServer (SCMClientProtocolServer.java:stop(173)) - Stopping the RPC server for Client Protocol
2021-11-20 13:48:24,800 [IPC Server listener on 0] INFO  ipc.Server (Server.java:run(1376)) - Stopping IPC Server listener on 0
2021-11-20 13:48:24,800 [Time-limited test] INFO  ipc.Server (Server.java:stop(3414)) - Stopping server on 35947
2021-11-20 13:48:24,803 [Time-limited test] INFO  server.StorageContainerManager (StorageContainerManager.java:stop(1445)) - Stopping Storage Container Manager HTTP server.
2021-11-20 13:48:24,803 [IPC Server Responder] INFO  ipc.Server (Server.java:run(1512)) - Stopping IPC Server Responder
2021-11-20 13:48:24,804 [Time-limited test] INFO  handler.ContextHandler (ContextHandler.java:doStop(1153)) - Stopped o.e.j.w.WebAppContext@1f5a63b6{scm,/,null,STOPPED}{file:/home/runner/work/ozone/ozone/hadoop-ozone/integration-test/target/test-classes/webapps/scm}
2021-11-20 13:48:24,804 [IPC Server listener on 0] INFO  ipc.Server (Server.java:run(1376)) - Stopping IPC Server listener on 0
2021-11-20 13:48:24,805 [Time-limited test] INFO  server.AbstractConnector (AbstractConnector.java:doStop(381)) - Stopped ServerConnector@1479e5d8{HTTP/1.1, (http/1.1)}{0.0.0.0:0}
2021-11-20 13:48:24,805 [Time-limited test] INFO  server.session (HouseKeeper.java:stopScavenging(149)) - node0 Stopped scavenging
2021-11-20 13:48:24,805 [Time-limited test] INFO  handler.ContextHandler (ContextHandler.java:doStop(1153)) - Stopped o.e.j.s.ServletContextHandler@713dc33{static,/static,file:///home/runner/work/ozone/ozone/hadoop-ozone/integration-test/target/test-classes/webapps/static,STOPPED}
2021-11-20 13:48:24,806 [Time-limited test] INFO  handler.ContextHandler (ContextHandler.java:doStop(1153)) - Stopped o.e.j.s.ServletContextHandler@5c5327a9{logs,/logs,file:///home/runner/work/ozone/ozone/hadoop-ozone/integration-test/target/log,STOPPED}
2021-11-20 13:48:24,807 [Time-limited test] INFO  server.StorageContainerManager (StorageContainerManager.java:stop(1456)) - Stopping Block Manager Service.
2021-11-20 13:48:24,807 [Time-limited test] INFO  utils.BackgroundService (BackgroundService.java:shutdown(132)) - Shutting down service SCMBlockDeletingService
2021-11-20 13:48:24,807 [Time-limited test] INFO  utils.BackgroundService (BackgroundService.java:shutdown(132)) - Shutting down service SCMBlockDeletingService
2021-11-20 13:48:24,807 [Time-limited test] INFO  server.StorageContainerManager (StorageContainerManager.java:stop(1483)) - Stopping SCM Event Queue.
2021-11-20 13:48:24,810 [Time-limited test] INFO  server.StorageContainerManager (StorageContainerManager.java:stop(1494)) - Stopping SCM HA services.
2021-11-20 13:48:24,811 [Time-limited test] INFO  pipeline.BackgroundPipelineCreator (BackgroundPipelineCreator.java:stop(158)) - Stopping RatisPipelineUtilsThread.
2021-11-20 13:48:24,811 [Time-limited test] INFO  server.StorageContainerManager (StorageContainerManager.java:stop(1504)) - Stopping SCM MetadataStore.
2021-11-20 13:48:24,818 [Time-limited test] INFO  impl.MetricsSystemImpl (MetricsSystemImpl.java:stop(210)) - Stopping HddsDatanode metrics system...
2021-11-20 13:48:24,826 [prometheus] INFO  impl.MetricsSinkAdapter (MetricsSinkAdapter.java:publishMetricsFromQueue(141)) - prometheus thread interrupted.
2021-11-20 13:48:24,827 [Time-limited test] INFO  impl.MetricsSystemImpl (MetricsSystemImpl.java:stop(216)) - HddsDatanode metrics system stopped.
]]></system-out>
  </testcase>
  <testcase name="testDNstartAfterSCM" classname="org.apache.hadoop.ozone.TestMiniOzoneCluster" time="62.457"/>
  <testcase name="testDatanodeIDPersistent" classname="org.apache.hadoop.ozone.TestMiniOzoneCluster" time="0.115"/>
  <testcase name="testContainerRandomPort" classname="org.apache.hadoop.ozone.TestMiniOzoneCluster" time="19.38"/>
</testsuite>