<?xml version="1.0" encoding="UTF-8"?>
<testsuite xmlns:xsi="http://www.w3.org/2001/XMLSchema-instance" xsi:noNamespaceSchemaLocation="https://maven.apache.org/surefire/maven-surefire-plugin/xsd/surefire-test-report.xsd" name="org.apache.hadoop.ozone.client.rpc.TestContainerStateMachineFailures" time="103.973" tests="5" errors="0" skipped="0" failures="1">
  <properties>
    <property name="awt.toolkit" value="sun.awt.X11.XToolkit"/>
    <property name="file.encoding.pkg" value="sun.io"/>
    <property name="java.specification.version" value="1.8"/>
    <property name="sun.cpu.isalist" value=""/>
    <property name="sun.jnu.encoding" value="UTF-8"/>
    <property name="java.class.path" value="/home/runner/work/ozone/ozone/hadoop-ozone/integration-test/target/test-classes:/home/runner/work/ozone/ozone/hadoop-ozone/integration-test/target/classes:/home/runner/.m2/repository/org/apache/ozone/ozone-common/1.2.0-SNAPSHOT/ozone-common-1.2.0-SNAPSHOT.jar:/home/runner/.m2/repository/org/apache/commons/commons-compress/1.21/commons-compress-1.21.jar:/home/runner/.m2/repository/org/apache/ozone/hdds-common/1.2.0-SNAPSHOT/hdds-common-1.2.0-SNAPSHOT.jar:/home/runner/.m2/repository/org/apache/ozone/hdds-client/1.2.0-SNAPSHOT/hdds-client-1.2.0-SNAPSHOT.jar:/home/runner/.m2/repository/org/apache/ozone/ozone-interface-client/1.2.0-SNAPSHOT/ozone-interface-client-1.2.0-SNAPSHOT.jar:/home/runner/.m2/repository/org/apache/ozone/hdds-server-framework/1.2.0-SNAPSHOT/hdds-server-framework-1.2.0-SNAPSHOT.jar:/home/runner/.m2/repository/org/apache/ozone/hdds-interface-server/1.2.0-SNAPSHOT/hdds-interface-server-1.2.0-SNAPSHOT.jar:/home/runner/.m2/repository/org/eclipse/jetty/jetty-servlet/9.4.43.v20210629/jetty-servlet-9.4.43.v20210629.jar:/home/runner/.m2/repository/org/eclipse/jetty/jetty-security/9.4.43.v20210629/jetty-security-9.4.43.v20210629.jar:/home/runner/.m2/repository/org/rocksdb/rocksdbjni/6.20.3/rocksdbjni-6.20.3.jar:/home/runner/.m2/repository/io/prometheus/simpleclient_dropwizard/0.7.0/simpleclient_dropwizard-0.7.0.jar:/home/runner/.m2/repository/io/prometheus/simpleclient/0.7.0/simpleclient-0.7.0.jar:/home/runner/.m2/repository/io/prometheus/simpleclient_common/0.7.0/simpleclient_common-0.7.0.jar:/home/runner/.m2/repository/com/fasterxml/jackson/datatype/jackson-datatype-jsr310/2.12.1/jackson-datatype-jsr310-2.12.1.jar:/home/runner/.m2/repository/org/apache/ozone/hdds-test-utils/1.2.0-SNAPSHOT/hdds-test-utils-1.2.0-SNAPSHOT.jar:/home/runner/.m2/repository/com/google/guava/guava/30.1.1-jre/guava-30.1.1-jre.jar:/home/runner/.m2/repository/com/google/guava/failureaccess/1.0.1/failureaccess-1.0.1.jar:/home/runner/.m2/repository/com/google/guava/listenablefuture/9999.0-empty-to-avoid-conflict-with-guava/listenablefuture-9999.0-empty-to-avoid-conflict-with-guava.jar:/home/runner/.m2/repository/com/google/code/findbugs/jsr305/3.0.0/jsr305-3.0.0.jar:/home/runner/.m2/repository/org/checkerframework/checker-qual/3.8.0/checker-qual-3.8.0.jar:/home/runner/.m2/repository/com/google/errorprone/error_prone_annotations/2.2.0/error_prone_annotations-2.2.0.jar:/home/runner/.m2/repository/com/google/j2objc/j2objc-annotations/1.3/j2objc-annotations-1.3.jar:/home/runner/.m2/repository/commons-io/commons-io/2.11.0/commons-io-2.11.0.jar:/home/runner/.m2/repository/commons-logging/commons-logging/1.2/commons-logging-1.2.jar:/home/runner/.m2/repository/log4j/log4j/1.2.17/log4j-1.2.17.jar:/home/runner/.m2/repository/org/slf4j/slf4j-api/1.7.30/slf4j-api-1.7.30.jar:/home/runner/.m2/repository/org/apache/ozone/hdds-server-scm/1.2.0-SNAPSHOT/hdds-server-scm-1.2.0-SNAPSHOT.jar:/home/runner/.m2/repository/org/apache/ozone/hdds-container-service/1.2.0-SNAPSHOT/hdds-container-service-1.2.0-SNAPSHOT.jar:/home/runner/.m2/repository/org/apache/ozone/hdds-hadoop-dependency-server/1.2.0-SNAPSHOT/hdds-hadoop-dependency-server-1.2.0-SNAPSHOT.jar:/home/runner/.m2/repository/org/apache/hadoop/hadoop-hdfs/3.3.1/hadoop-hdfs-3.3.1.jar:/home/runner/.m2/repository/io/dropwizard/metrics/metrics-core/3.2.4/metrics-core-3.2.4.jar:/home/runner/.m2/repository/org/apache/hadoop/hadoop-hdfs-client/3.3.1/hadoop-hdfs-client-3.3.1.jar:/home/runner/.m2/repository/org/bouncycastle/bcprov-jdk15on/1.67/bcprov-jdk15on-1.67.jar:/home/runner/.m2/repository/com/google/protobuf/protobuf-java/2.5.0/protobuf-java-2.5.0.jar:/home/runner/.m2/repository/org/apache/ozone/ozone-manager/1.2.0-SNAPSHOT/ozone-manager-1.2.0-SNAPSHOT.jar:/home/runner/.m2/repository/org/aspectj/aspectjrt/1.9.7/aspectjrt-1.9.7.jar:/home/runner/.m2/repository/org/aspectj/aspectjweaver/1.9.7/aspectjweaver-1.9.7.jar:/home/runner/.m2/repository/org/apache/ozone/hdds-interface-client/1.2.0-SNAPSHOT/hdds-interface-client-1.2.0-SNAPSHOT.jar:/home/runner/.m2/repository/org/apache/hadoop/thirdparty/hadoop-shaded-protobuf_3_7/1.1.1/hadoop-shaded-protobuf_3_7-1.1.1.jar:/home/runner/.m2/repository/org/apache/ozone/ozone-interface-storage/1.2.0-SNAPSHOT/ozone-interface-storage-1.2.0-SNAPSHOT.jar:/home/runner/.m2/repository/org/reflections/reflections/0.9.11/reflections-0.9.11.jar:/home/runner/.m2/repository/org/apache/hadoop/hadoop-minikdc/3.3.1/hadoop-minikdc-3.3.1.jar:/home/runner/.m2/repository/org/apache/kerby/kerb-simplekdc/1.0.1/kerb-simplekdc-1.0.1.jar:/home/runner/.m2/repository/org/apache/kerby/kerb-client/1.0.1/kerb-client-1.0.1.jar:/home/runner/.m2/repository/org/apache/kerby/kerby-config/1.0.1/kerby-config-1.0.1.jar:/home/runner/.m2/repository/org/apache/kerby/kerb-common/1.0.1/kerb-common-1.0.1.jar:/home/runner/.m2/repository/org/apache/kerby/kerb-crypto/1.0.1/kerb-crypto-1.0.1.jar:/home/runner/.m2/repository/org/apache/kerby/kerb-util/1.0.1/kerb-util-1.0.1.jar:/home/runner/.m2/repository/org/apache/kerby/token-provider/1.0.1/token-provider-1.0.1.jar:/home/runner/.m2/repository/org/apache/kerby/kerb-admin/1.0.1/kerb-admin-1.0.1.jar:/home/runner/.m2/repository/org/apache/kerby/kerb-server/1.0.1/kerb-server-1.0.1.jar:/home/runner/.m2/repository/org/apache/kerby/kerb-identity/1.0.1/kerb-identity-1.0.1.jar:/home/runner/.m2/repository/org/apache/kerby/kerby-xdr/1.0.1/kerby-xdr-1.0.1.jar:/home/runner/.m2/repository/org/slf4j/slf4j-log4j12/1.7.30/slf4j-log4j12-1.7.30.jar:/home/runner/.m2/repository/org/apache/ozone/ozone-s3gateway/1.2.0-SNAPSHOT/ozone-s3gateway-1.2.0-SNAPSHOT.jar:/home/runner/.m2/repository/org/javassist/javassist/3.21.0-GA/javassist-3.21.0-GA.jar:/home/runner/.m2/repository/org/jboss/weld/servlet/weld-servlet/2.4.7.Final/weld-servlet-2.4.7.Final.jar:/home/runner/.m2/repository/org/glassfish/jersey/containers/jersey-container-servlet-core/2.33/jersey-container-servlet-core-2.33.jar:/home/runner/.m2/repository/org/glassfish/hk2/external/jakarta.inject/2.6.1/jakarta.inject-2.6.1.jar:/home/runner/.m2/repository/org/glassfish/jersey/core/jersey-common/2.33/jersey-common-2.33.jar:/home/runner/.m2/repository/jakarta/ws/rs/jakarta.ws.rs-api/2.1.6/jakarta.ws.rs-api-2.1.6.jar:/home/runner/.m2/repository/org/glassfish/jersey/ext/cdi/jersey-cdi1x/2.33/jersey-cdi1x-2.33.jar:/home/runner/.m2/repository/org/glassfish/jersey/inject/jersey-hk2/2.33/jersey-hk2-2.33.jar:/home/runner/.m2/repository/org/glassfish/hk2/hk2-locator/2.6.1/hk2-locator-2.6.1.jar:/home/runner/.m2/repository/org/glassfish/jersey/media/jersey-media-jaxb/2.33/jersey-media-jaxb-2.33.jar:/home/runner/.m2/repository/org/glassfish/hk2/osgi-resource-locator/1.0.3/osgi-resource-locator-1.0.3.jar:/home/runner/.m2/repository/org/glassfish/hk2/hk2-api/2.5.0/hk2-api-2.5.0.jar:/home/runner/.m2/repository/org/glassfish/hk2/hk2-utils/2.5.0/hk2-utils-2.5.0.jar:/home/runner/.m2/repository/org/glassfish/hk2/external/aopalliance-repackaged/2.5.0/aopalliance-repackaged-2.5.0.jar:/home/runner/.m2/repository/com/fasterxml/jackson/dataformat/jackson-dataformat-xml/2.12.1/jackson-dataformat-xml-2.12.1.jar:/home/runner/.m2/repository/com/fasterxml/jackson/core/jackson-core/2.12.1/jackson-core-2.12.1.jar:/home/runner/.m2/repository/com/fasterxml/jackson/module/jackson-module-jaxb-annotations/2.12.1/jackson-module-jaxb-annotations-2.12.1.jar:/home/runner/.m2/repository/jakarta/xml/bind/jakarta.xml.bind-api/2.3.2/jakarta.xml.bind-api-2.3.2.jar:/home/runner/.m2/repository/org/codehaus/woodstox/stax2-api/3.1.4/stax2-api-3.1.4.jar:/home/runner/.m2/repository/com/fasterxml/woodstox/woodstox-core/5.0.3/woodstox-core-5.0.3.jar:/home/runner/.m2/repository/javax/enterprise/cdi-api/1.2/cdi-api-1.2.jar:/home/runner/.m2/repository/javax/el/javax.el-api/3.0.0/javax.el-api-3.0.0.jar:/home/runner/.m2/repository/javax/interceptor/javax.interceptor-api/1.2/javax.interceptor-api-1.2.jar:/home/runner/.m2/repository/javax/inject/javax.inject/1/javax.inject-1.jar:/home/runner/.m2/repository/javax/xml/bind/jaxb-api/2.3.0/jaxb-api-2.3.0.jar:/home/runner/.m2/repository/org/glassfish/jaxb/jaxb-runtime/2.3.0.1/jaxb-runtime-2.3.0.1.jar:/home/runner/.m2/repository/org/glassfish/jaxb/jaxb-core/2.3.0.1/jaxb-core-2.3.0.1.jar:/home/runner/.m2/repository/org/glassfish/jaxb/txw2/2.3.0.1/txw2-2.3.0.1.jar:/home/runner/.m2/repository/com/sun/istack/istack-commons-runtime/3.0.5/istack-commons-runtime-3.0.5.jar:/home/runner/.m2/repository/org/jvnet/staxex/stax-ex/1.7.8/stax-ex-1.7.8.jar:/home/runner/.m2/repository/com/sun/xml/fastinfoset/FastInfoset/1.2.13/FastInfoset-1.2.13.jar:/home/runner/.m2/repository/javax/activation/activation/1.1.1/activation-1.1.1.jar:/home/runner/.m2/repository/org/apache/ozone/ozone-csi/1.2.0-SNAPSHOT/ozone-csi-1.2.0-SNAPSHOT.jar:/home/runner/.m2/repository/com/google/protobuf/protobuf-java-util/3.12.0/protobuf-java-util-3.12.0.jar:/home/runner/.m2/repository/com/google/code/gson/gson/2.2.4/gson-2.2.4.jar:/home/runner/.m2/repository/org/apache/ozone/hdds-config/1.2.0-SNAPSHOT/hdds-config-1.2.0-SNAPSHOT.jar:/home/runner/.m2/repository/io/grpc/grpc-netty/1.33.0/grpc-netty-1.33.0.jar:/home/runner/.m2/repository/io/grpc/grpc-core/1.33.0/grpc-core-1.33.0.jar:/home/runner/.m2/repository/com/google/android/annotations/4.1.1.4/annotations-4.1.1.4.jar:/home/runner/.m2/repository/io/netty/netty-codec-http2/4.1.63.Final/netty-codec-http2-4.1.63.Final.jar:/home/runner/.m2/repository/io/netty/netty-codec-http/4.1.63.Final/netty-codec-http-4.1.63.Final.jar:/home/runner/.m2/repository/io/netty/netty-handler-proxy/4.1.63.Final/netty-handler-proxy-4.1.63.Final.jar:/home/runner/.m2/repository/io/netty/netty-codec-socks/4.1.63.Final/netty-codec-socks-4.1.63.Final.jar:/home/runner/.m2/repository/io/perfmark/perfmark-api/0.19.0/perfmark-api-0.19.0.jar:/home/runner/.m2/repository/org/codehaus/mojo/animal-sniffer-annotations/1.18/animal-sniffer-annotations-1.18.jar:/home/runner/.m2/repository/io/netty/netty-transport-native-epoll/4.1.63.Final/netty-transport-native-epoll-4.1.63.Final.jar:/home/runner/.m2/repository/io/netty/netty-common/4.1.63.Final/netty-common-4.1.63.Final.jar:/home/runner/.m2/repository/io/netty/netty-buffer/4.1.63.Final/netty-buffer-4.1.63.Final.jar:/home/runner/.m2/repository/io/netty/netty-transport-native-unix-common/4.1.63.Final/netty-transport-native-unix-common-4.1.63.Final.jar:/home/runner/.m2/repository/io/grpc/grpc-protobuf/1.33.0/grpc-protobuf-1.33.0.jar:/home/runner/.m2/repository/io/grpc/grpc-api/1.33.0/grpc-api-1.33.0.jar:/home/runner/.m2/repository/io/grpc/grpc-context/1.33.0/grpc-context-1.33.0.jar:/home/runner/.m2/repository/com/google/api/grpc/proto-google-common-protos/1.17.0/proto-google-common-protos-1.17.0.jar:/home/runner/.m2/repository/io/grpc/grpc-protobuf-lite/1.33.0/grpc-protobuf-lite-1.33.0.jar:/home/runner/.m2/repository/io/grpc/grpc-stub/1.33.0/grpc-stub-1.33.0.jar:/home/runner/.m2/repository/org/apache/ozone/ozone-recon/1.2.0-SNAPSHOT/ozone-recon-1.2.0-SNAPSHOT.jar:/home/runner/.m2/repository/org/apache/ozone/ozone-reconcodegen/1.2.0-SNAPSHOT/ozone-reconcodegen-1.2.0-SNAPSHOT.jar:/home/runner/.m2/repository/com/google/inject/extensions/guice-multibindings/4.0/guice-multibindings-4.0.jar:/home/runner/.m2/repository/com/google/inject/guice/4.0/guice-4.0.jar:/home/runner/.m2/repository/aopalliance/aopalliance/1.0/aopalliance-1.0.jar:/home/runner/.m2/repository/com/google/inject/extensions/guice-assistedinject/4.0/guice-assistedinject-4.0.jar:/home/runner/.m2/repository/com/google/inject/extensions/guice-servlet/4.0/guice-servlet-4.0.jar:/home/runner/.m2/repository/org/glassfish/jersey/containers/jersey-container-servlet/2.33/jersey-container-servlet-2.33.jar:/home/runner/.m2/repository/org/glassfish/hk2/guice-bridge/2.5.0/guice-bridge-2.5.0.jar:/home/runner/.m2/repository/org/glassfish/jersey/core/jersey-server/2.33/jersey-server-2.33.jar:/home/runner/.m2/repository/org/glassfish/jersey/core/jersey-client/2.33/jersey-client-2.33.jar:/home/runner/.m2/repository/jakarta/annotation/jakarta.annotation-api/1.3.5/jakarta.annotation-api-1.3.5.jar:/home/runner/.m2/repository/jakarta/validation/jakarta.validation-api/2.0.2/jakarta.validation-api-2.0.2.jar:/home/runner/.m2/repository/org/glassfish/jersey/media/jersey-media-json-jackson/2.33/jersey-media-json-jackson-2.33.jar:/home/runner/.m2/repository/org/glassfish/jersey/ext/jersey-entity-filtering/2.33/jersey-entity-filtering-2.33.jar:/home/runner/.m2/repository/org/jooq/jooq/3.11.10/jooq-3.11.10.jar:/home/runner/.m2/repository/org/jooq/jooq-meta/3.11.10/jooq-meta-3.11.10.jar:/home/runner/.m2/repository/org/jooq/jooq-codegen/3.11.10/jooq-codegen-3.11.10.jar:/home/runner/.m2/repository/com/jolbox/bonecp/0.8.0.RELEASE/bonecp-0.8.0.RELEASE.jar:/home/runner/.m2/repository/org/apache/derby/derby/10.14.2.0/derby-10.14.2.0.jar:/home/runner/.m2/repository/org/xerial/sqlite-jdbc/3.25.2/sqlite-jdbc-3.25.2.jar:/home/runner/.m2/repository/org/springframework/spring-jdbc/5.2.17.RELEASE/spring-jdbc-5.2.17.RELEASE.jar:/home/runner/.m2/repository/org/springframework/spring-beans/5.2.17.RELEASE/spring-beans-5.2.17.RELEASE.jar:/home/runner/.m2/repository/org/springframework/spring-core/5.2.17.RELEASE/spring-core-5.2.17.RELEASE.jar:/home/runner/.m2/repository/org/springframework/spring-jcl/5.2.17.RELEASE/spring-jcl-5.2.17.RELEASE.jar:/home/runner/.m2/repository/org/springframework/spring-tx/5.2.17.RELEASE/spring-tx-5.2.17.RELEASE.jar:/home/runner/.m2/repository/org/apache/ozone/ozone-client/1.2.0-SNAPSHOT/ozone-client-1.2.0-SNAPSHOT.jar:/home/runner/.m2/repository/org/apache/ozone/ozone-filesystem/1.2.0-SNAPSHOT/ozone-filesystem-1.2.0-SNAPSHOT.jar:/home/runner/.m2/repository/org/apache/ozone/ozone-filesystem-common/1.2.0-SNAPSHOT/ozone-filesystem-common-1.2.0-SNAPSHOT.jar:/home/runner/.m2/repository/org/apache/ozone/ozone-tools/1.2.0-SNAPSHOT/ozone-tools-1.2.0-SNAPSHOT.jar:/home/runner/.m2/repository/org/apache/ratis/ratis-tools/2.1.0-03f3b68-SNAPSHOT/ratis-tools-2.1.0-03f3b68-SNAPSHOT.jar:/home/runner/.m2/repository/com/amazonaws/aws-java-sdk-core/1.11.901/aws-java-sdk-core-1.11.901.jar:/home/runner/.m2/repository/org/apache/httpcomponents/httpclient/4.5.13/httpclient-4.5.13.jar:/home/runner/.m2/repository/org/apache/httpcomponents/httpcore/4.4.13/httpcore-4.4.13.jar:/home/runner/.m2/repository/software/amazon/ion/ion-java/1.0.2/ion-java-1.0.2.jar:/home/runner/.m2/repository/com/fasterxml/jackson/dataformat/jackson-dataformat-cbor/2.12.1/jackson-dataformat-cbor-2.12.1.jar:/home/runner/.m2/repository/joda-time/joda-time/2.8.1/joda-time-2.8.1.jar:/home/runner/.m2/repository/com/amazonaws/aws-java-sdk-s3/1.11.901/aws-java-sdk-s3-1.11.901.jar:/home/runner/.m2/repository/com/amazonaws/aws-java-sdk-kms/1.11.901/aws-java-sdk-kms-1.11.901.jar:/home/runner/.m2/repository/com/amazonaws/jmespath-java/1.11.901/jmespath-java-1.11.901.jar:/home/runner/.m2/repository/org/kohsuke/metainf-services/metainf-services/1.8/metainf-services-1.8.jar:/home/runner/.m2/repository/org/apache/ozone/hdds-tools/1.2.0-SNAPSHOT/hdds-tools-1.2.0-SNAPSHOT.jar:/home/runner/.m2/repository/commons-cli/commons-cli/1.2/commons-cli-1.2.jar:/home/runner/.m2/repository/org/apache/commons/commons-lang3/3.7/commons-lang3-3.7.jar:/home/runner/.m2/repository/org/apache/ozone/ozone-manager/1.2.0-SNAPSHOT/ozone-manager-1.2.0-SNAPSHOT-tests.jar:/home/runner/.m2/repository/org/apache/ozone/hdds-common/1.2.0-SNAPSHOT/hdds-common-1.2.0-SNAPSHOT-tests.jar:/home/runner/.m2/repository/org/apache/ozone/hdds-hadoop-dependency-client/1.2.0-SNAPSHOT/hdds-hadoop-dependency-client-1.2.0-SNAPSHOT.jar:/home/runner/.m2/repository/info/picocli/picocli/4.6.1/picocli-4.6.1.jar:/home/runner/.m2/repository/com/fasterxml/jackson/core/jackson-annotations/2.12.1/jackson-annotations-2.12.1.jar:/home/runner/.m2/repository/javax/annotation/javax.annotation-api/1.2/javax.annotation-api-1.2.jar:/home/runner/.m2/repository/org/apache/ratis/ratis-server/2.1.0-03f3b68-SNAPSHOT/ratis-server-2.1.0-03f3b68-SNAPSHOT.jar:/home/runner/.m2/repository/org/apache/ratis/ratis-client/2.1.0-03f3b68-SNAPSHOT/ratis-client-2.1.0-03f3b68-SNAPSHOT.jar:/home/runner/.m2/repository/org/apache/ratis/ratis-server-api/2.1.0-03f3b68-SNAPSHOT/ratis-server-api-2.1.0-03f3b68-SNAPSHOT.jar:/home/runner/.m2/repository/org/apache/ratis/ratis-metrics/2.1.0-03f3b68-SNAPSHOT/ratis-metrics-2.1.0-03f3b68-SNAPSHOT.jar:/home/runner/.m2/repository/org/apache/ratis/ratis-netty/2.1.0-03f3b68-SNAPSHOT/ratis-netty-2.1.0-03f3b68-SNAPSHOT.jar:/home/runner/.m2/repository/org/apache/ratis/ratis-grpc/2.1.0-03f3b68-SNAPSHOT/ratis-grpc-2.1.0-03f3b68-SNAPSHOT.jar:/home/runner/.m2/repository/org/apache/logging/log4j/log4j-api/2.13.3/log4j-api-2.13.3.jar:/home/runner/.m2/repository/org/apache/logging/log4j/log4j-core/2.13.3/log4j-core-2.13.3.jar:/home/runner/.m2/repository/com/lmax/disruptor/3.4.2/disruptor-3.4.2.jar:/home/runner/.m2/repository/org/apache/commons/commons-pool2/2.6.0/commons-pool2-2.6.0.jar:/home/runner/.m2/repository/org/bouncycastle/bcpkix-jdk15on/1.67/bcpkix-jdk15on-1.67.jar:/home/runner/.m2/repository/commons-validator/commons-validator/1.6/commons-validator-1.6.jar:/home/runner/.m2/repository/commons-beanutils/commons-beanutils/1.9.4/commons-beanutils-1.9.4.jar:/home/runner/.m2/repository/commons-digester/commons-digester/1.8.1/commons-digester-1.8.1.jar:/home/runner/.m2/repository/commons-collections/commons-collections/3.2.2/commons-collections-3.2.2.jar:/home/runner/.m2/repository/io/jaegertracing/jaeger-client/1.6.0/jaeger-client-1.6.0.jar:/home/runner/.m2/repository/io/jaegertracing/jaeger-thrift/1.6.0/jaeger-thrift-1.6.0.jar:/home/runner/.m2/repository/org/apache/thrift/libthrift/0.14.1/libthrift-0.14.1.jar:/home/runner/.m2/repository/com/squareup/okhttp3/okhttp/4.9.0/okhttp-4.9.0.jar:/home/runner/.m2/repository/com/squareup/okio/okio/2.8.0/okio-2.8.0.jar:/home/runner/.m2/repository/io/jaegertracing/jaeger-core/1.6.0/jaeger-core-1.6.0.jar:/home/runner/.m2/repository/io/jaegertracing/jaeger-tracerresolver/1.6.0/jaeger-tracerresolver-1.6.0.jar:/home/runner/.m2/repository/io/opentracing/contrib/opentracing-tracerresolver/0.1.8/opentracing-tracerresolver-0.1.8.jar:/home/runner/.m2/repository/org/jetbrains/kotlin/kotlin-stdlib/1.4.31/kotlin-stdlib-1.4.31.jar:/home/runner/.m2/repository/org/jetbrains/kotlin/kotlin-stdlib-common/1.4.31/kotlin-stdlib-common-1.4.31.jar:/home/runner/.m2/repository/org/jetbrains/annotations/13.0/annotations-13.0.jar:/home/runner/.m2/repository/io/opentracing/opentracing-util/0.33.0/opentracing-util-0.33.0.jar:/home/runner/.m2/repository/io/opentracing/opentracing-api/0.33.0/opentracing-api-0.33.0.jar:/home/runner/.m2/repository/io/opentracing/opentracing-noop/0.33.0/opentracing-noop-0.33.0.jar:/home/runner/.m2/repository/org/yaml/snakeyaml/1.26/snakeyaml-1.26.jar:/home/runner/.m2/repository/org/apache/ozone/hdds-interface-admin/1.2.0-SNAPSHOT/hdds-interface-admin-1.2.0-SNAPSHOT.jar:/home/runner/.m2/repository/junit/junit/4.13.1/junit-4.13.1.jar:/home/runner/.m2/repository/org/hamcrest/hamcrest-core/1.3/hamcrest-core-1.3.jar:/home/runner/.m2/repository/org/junit/jupiter/junit-jupiter-api/5.7.0/junit-jupiter-api-5.7.0.jar:/home/runner/.m2/repository/org/apiguardian/apiguardian-api/1.1.0/apiguardian-api-1.1.0.jar:/home/runner/.m2/repository/org/opentest4j/opentest4j/1.2.0/opentest4j-1.2.0.jar:/home/runner/.m2/repository/org/junit/platform/junit-platform-commons/1.7.0/junit-platform-commons-1.7.0.jar:/home/runner/.m2/repository/org/junit/jupiter/junit-jupiter-engine/5.7.0/junit-jupiter-engine-5.7.0.jar:/home/runner/.m2/repository/org/junit/platform/junit-platform-engine/1.7.0/junit-platform-engine-1.7.0.jar:/home/runner/.m2/repository/org/junit/vintage/junit-vintage-engine/5.7.0/junit-vintage-engine-5.7.0.jar:/home/runner/.m2/repository/org/junit/platform/junit-platform-launcher/1.7.0/junit-platform-launcher-1.7.0.jar:/home/runner/.m2/repository/org/openjdk/jmh/jmh-core/1.19/jmh-core-1.19.jar:/home/runner/.m2/repository/net/sf/jopt-simple/jopt-simple/4.6/jopt-simple-4.6.jar:/home/runner/.m2/repository/org/apache/commons/commons-math3/3.1.1/commons-math3-3.1.1.jar:/home/runner/.m2/repository/org/openjdk/jmh/jmh-generator-annprocess/1.19/jmh-generator-annprocess-1.19.jar:/home/runner/.m2/repository/org/mockito/mockito-core/2.28.2/mockito-core-2.28.2.jar:/home/runner/.m2/repository/net/bytebuddy/byte-buddy/1.9.10/byte-buddy-1.9.10.jar:/home/runner/.m2/repository/net/bytebuddy/byte-buddy-agent/1.9.10/byte-buddy-agent-1.9.10.jar:/home/runner/.m2/repository/org/objenesis/objenesis/1.0/objenesis-1.0.jar:/home/runner/.m2/repository/org/apache/hadoop/hadoop-kms/3.3.1/hadoop-kms-3.3.1.jar:/home/runner/.m2/repository/org/apache/hadoop/hadoop-auth/3.3.1/hadoop-auth-3.3.1.jar:/home/runner/.m2/repository/com/nimbusds/nimbus-jose-jwt/7.9/nimbus-jose-jwt-7.9.jar:/home/runner/.m2/repository/com/github/stephenc/jcip/jcip-annotations/1.0-1/jcip-annotations-1.0-1.jar:/home/runner/.m2/repository/net/minidev/json-smart/2.3.1/json-smart-2.3.1.jar:/home/runner/.m2/repository/net/minidev/accessors-smart/2.3.1/accessors-smart-2.3.1.jar:/home/runner/.m2/repository/org/ow2/asm/asm/5.0.4/asm-5.0.4.jar:/home/runner/.m2/repository/org/apache/zookeeper/zookeeper/3.5.6/zookeeper-3.5.6.jar:/home/runner/.m2/repository/org/apache/zookeeper/zookeeper-jute/3.5.6/zookeeper-jute-3.5.6.jar:/home/runner/.m2/repository/org/apache/yetus/audience-annotations/0.5.0/audience-annotations-0.5.0.jar:/home/runner/.m2/repository/org/apache/curator/curator-framework/4.2.0/curator-framework-4.2.0.jar:/home/runner/.m2/repository/org/apache/hadoop/thirdparty/hadoop-shaded-guava/1.1.1/hadoop-shaded-guava-1.1.1.jar:/home/runner/.m2/repository/com/sun/jersey/jersey-core/1.19/jersey-core-1.19.jar:/home/runner/.m2/repository/javax/ws/rs/jsr311-api/1.1.1/jsr311-api-1.1.1.jar:/home/runner/.m2/repository/com/sun/jersey/jersey-server/1.19/jersey-server-1.19.jar:/home/runner/.m2/repository/javax/servlet/javax.servlet-api/3.1.0/javax.servlet-api-3.1.0.jar:/home/runner/.m2/repository/org/eclipse/jetty/jetty-server/9.4.43.v20210629/jetty-server-9.4.43.v20210629.jar:/home/runner/.m2/repository/org/eclipse/jetty/jetty-http/9.4.43.v20210629/jetty-http-9.4.43.v20210629.jar:/home/runner/.m2/repository/org/eclipse/jetty/jetty-io/9.4.43.v20210629/jetty-io-9.4.43.v20210629.jar:/home/runner/.m2/repository/org/eclipse/jetty/jetty-webapp/9.4.43.v20210629/jetty-webapp-9.4.43.v20210629.jar:/home/runner/.m2/repository/org/eclipse/jetty/jetty-xml/9.4.43.v20210629/jetty-xml-9.4.43.v20210629.jar:/home/runner/.m2/repository/org/apache/hadoop/hadoop-common/3.3.1/hadoop-common-3.3.1.jar:/home/runner/.m2/repository/commons-net/commons-net/3.6/commons-net-3.6.jar:/home/runner/.m2/repository/jakarta/activation/jakarta.activation-api/1.2.1/jakarta.activation-api-1.2.1.jar:/home/runner/.m2/repository/com/sun/jersey/jersey-servlet/1.19/jersey-servlet-1.19.jar:/home/runner/.m2/repository/com/sun/jersey/jersey-json/1.19/jersey-json-1.19.jar:/home/runner/.m2/repository/org/codehaus/jettison/jettison/1.1/jettison-1.1.jar:/home/runner/.m2/repository/com/sun/xml/bind/jaxb-impl/2.2.3-1/jaxb-impl-2.2.3-1.jar:/home/runner/.m2/repository/org/codehaus/jackson/jackson-jaxrs/1.9.2/jackson-jaxrs-1.9.2.jar:/home/runner/.m2/repository/org/codehaus/jackson/jackson-xc/1.9.2/jackson-xc-1.9.2.jar:/home/runner/.m2/repository/org/apache/commons/commons-configuration2/2.1.1/commons-configuration2-2.1.1.jar:/home/runner/.m2/repository/org/apache/commons/commons-text/1.4/commons-text-1.4.jar:/home/runner/.m2/repository/com/google/re2j/re2j/1.1/re2j-1.1.jar:/home/runner/.m2/repository/com/jcraft/jsch/0.1.54/jsch-0.1.54.jar:/home/runner/.m2/repository/org/apache/curator/curator-client/4.2.0/curator-client-4.2.0.jar:/home/runner/.m2/repository/org/apache/curator/curator-recipes/4.2.0/curator-recipes-4.2.0.jar:/home/runner/.m2/repository/org/apache/kerby/kerb-core/1.0.1/kerb-core-1.0.1.jar:/home/runner/.m2/repository/org/apache/kerby/kerby-pkix/1.0.1/kerby-pkix-1.0.1.jar:/home/runner/.m2/repository/org/apache/kerby/kerby-asn1/1.0.1/kerby-asn1-1.0.1.jar:/home/runner/.m2/repository/org/apache/kerby/kerby-util/1.0.1/kerby-util-1.0.1.jar:/home/runner/.m2/repository/dnsjava/dnsjava/2.1.7/dnsjava-2.1.7.jar:/home/runner/.m2/repository/org/xerial/snappy/snappy-java/1.1.8.2/snappy-java-1.1.8.2.jar:/home/runner/.m2/repository/org/slf4j/jul-to-slf4j/1.7.30/jul-to-slf4j-1.7.30.jar:/home/runner/.m2/repository/org/eclipse/jetty/jetty-util/9.4.43.v20210629/jetty-util-9.4.43.v20210629.jar:/home/runner/.m2/repository/com/fasterxml/jackson/core/jackson-databind/2.12.1/jackson-databind-2.12.1.jar:/home/runner/.m2/repository/org/apache/hadoop/hadoop-kms/3.3.1/hadoop-kms-3.3.1-tests.jar:/home/runner/.m2/repository/org/apache/ozone/hdds-server-scm/1.2.0-SNAPSHOT/hdds-server-scm-1.2.0-SNAPSHOT-tests.jar:/home/runner/.m2/repository/org/apache/ozone/hdds-container-service/1.2.0-SNAPSHOT/hdds-container-service-1.2.0-SNAPSHOT-tests.jar:/home/runner/.m2/repository/commons-codec/commons-codec/1.11/commons-codec-1.11.jar:/home/runner/.m2/repository/io/netty/netty-transport/4.1.63.Final/netty-transport-4.1.63.Final.jar:/home/runner/.m2/repository/io/netty/netty-resolver/4.1.63.Final/netty-resolver-4.1.63.Final.jar:/home/runner/.m2/repository/io/netty/netty-codec/4.1.63.Final/netty-codec-4.1.63.Final.jar:/home/runner/.m2/repository/io/netty/netty-handler/4.1.63.Final/netty-handler-4.1.63.Final.jar:/home/runner/.m2/repository/org/apache/ozone/hdds-hadoop-dependency-test/1.2.0-SNAPSHOT/hdds-hadoop-dependency-test-1.2.0-SNAPSHOT.jar:/home/runner/.m2/repository/org/apache/hadoop/hadoop-common/3.3.1/hadoop-common-3.3.1-tests.jar:/home/runner/.m2/repository/org/assertj/assertj-core/3.12.2/assertj-core-3.12.2.jar:/home/runner/.m2/repository/org/apache/hadoop/hadoop-hdfs/3.3.1/hadoop-hdfs-3.3.1-tests.jar:/home/runner/.m2/repository/org/eclipse/jetty/jetty-util-ajax/9.4.43.v20210629/jetty-util-ajax-9.4.43.v20210629.jar:/home/runner/.m2/repository/commons-daemon/commons-daemon/1.0.13/commons-daemon-1.0.13.jar:/home/runner/.m2/repository/io/netty/netty/3.10.6.Final/netty-3.10.6.Final.jar:/home/runner/.m2/repository/io/netty/netty-all/4.1.63.Final/netty-all-4.1.63.Final.jar:/home/runner/.m2/repository/org/apache/htrace/htrace-core4/4.1.0-incubating/htrace-core4-4.1.0-incubating.jar:/home/runner/.m2/repository/org/fusesource/leveldbjni/leveldbjni-all/1.8/leveldbjni-all-1.8.jar:/home/runner/.m2/repository/org/apache/hadoop/hadoop-distcp/3.3.1/hadoop-distcp-3.3.1.jar:/home/runner/.m2/repository/org/apache/hadoop/hadoop-mapreduce-client-jobclient/3.3.1/hadoop-mapreduce-client-jobclient-3.3.1.jar:/home/runner/.m2/repository/org/apache/hadoop/hadoop-mapreduce-client-common/3.3.1/hadoop-mapreduce-client-common-3.3.1.jar:/home/runner/.m2/repository/org/apache/hadoop/hadoop-yarn-common/3.3.1/hadoop-yarn-common-3.3.1.jar:/home/runner/.m2/repository/org/apache/hadoop/hadoop-yarn-api/3.3.1/hadoop-yarn-api-3.3.1.jar:/home/runner/.m2/repository/com/sun/jersey/jersey-client/1.19/jersey-client-1.19.jar:/home/runner/.m2/repository/com/sun/jersey/contribs/jersey-guice/1.19/jersey-guice-1.19.jar:/home/runner/.m2/repository/com/fasterxml/jackson/jaxrs/jackson-jaxrs-json-provider/2.12.1/jackson-jaxrs-json-provider-2.12.1.jar:/home/runner/.m2/repository/com/fasterxml/jackson/jaxrs/jackson-jaxrs-base/2.12.1/jackson-jaxrs-base-2.12.1.jar:/home/runner/.m2/repository/org/apache/hadoop/hadoop-yarn-client/3.3.1/hadoop-yarn-client-3.3.1.jar:/home/runner/.m2/repository/org/eclipse/jetty/websocket/websocket-client/9.4.40.v20210413/websocket-client-9.4.40.v20210413.jar:/home/runner/.m2/repository/org/eclipse/jetty/jetty-client/9.4.40.v20210413/jetty-client-9.4.40.v20210413.jar:/home/runner/.m2/repository/org/eclipse/jetty/websocket/websocket-common/9.4.40.v20210413/websocket-common-9.4.40.v20210413.jar:/home/runner/.m2/repository/org/eclipse/jetty/websocket/websocket-api/9.4.40.v20210413/websocket-api-9.4.40.v20210413.jar:/home/runner/.m2/repository/org/jline/jline/3.9.0/jline-3.9.0.jar:/home/runner/.m2/repository/org/apache/hadoop/hadoop-mapreduce-client-core/3.3.1/hadoop-mapreduce-client-core-3.3.1.jar:/home/runner/.m2/repository/org/apache/avro/avro/1.7.7/avro-1.7.7.jar:/home/runner/.m2/repository/org/codehaus/jackson/jackson-core-asl/1.9.13/jackson-core-asl-1.9.13.jar:/home/runner/.m2/repository/org/codehaus/jackson/jackson-mapper-asl/1.9.13/jackson-mapper-asl-1.9.13.jar:/home/runner/.m2/repository/com/thoughtworks/paranamer/paranamer/2.3/paranamer-2.3.jar:/home/runner/.m2/repository/org/apache/hadoop/hadoop-annotations/3.3.1/hadoop-annotations-3.3.1.jar:/usr/lib/jvm/adoptopenjdk-8-hotspot-amd64/jre/../lib/tools.jar:/home/runner/.m2/repository/org/apache/hadoop/hadoop-distcp/3.3.1/hadoop-distcp-3.3.1-tests.jar:/home/runner/.m2/repository/org/apache/ratis/ratis-common/2.1.0-03f3b68-SNAPSHOT/ratis-common-2.1.0-03f3b68-SNAPSHOT.jar:/home/runner/.m2/repository/org/apache/ratis/ratis-thirdparty-misc/0.7.0/ratis-thirdparty-misc-0.7.0.jar:/home/runner/.m2/repository/org/apache/ratis/ratis-proto/2.1.0-03f3b68-SNAPSHOT/ratis-proto-2.1.0-03f3b68-SNAPSHOT.jar:"/>
    <property name="java.vm.vendor" value="AdoptOpenJDK"/>
    <property name="sun.arch.data.model" value="64"/>
    <property name="test.build.dir" value="/home/runner/work/ozone/ozone/hadoop-ozone/integration-test/target/test-dir"/>
    <property name="test.cache.data" value=""/>
    <property name="java.vendor.url" value="https://adoptopenjdk.net/"/>
    <property name="user.timezone" value=""/>
    <property name="java.vm.specification.version" value="1.8"/>
    <property name="os.name" value="Linux"/>
    <property name="test.build.data" value="/home/runner/work/ozone/ozone/hadoop-ozone/integration-test/target/test-dir"/>
    <property name="sun.java.launcher" value="SUN_STANDARD"/>
    <property name="sun.boot.library.path" value="/usr/lib/jvm/adoptopenjdk-8-hotspot-amd64/jre/lib/amd64"/>
    <property name="sun.java.command" value="/home/runner/work/ozone/ozone/hadoop-ozone/integration-test/target/surefire/surefirebooter5891568443318004534.jar /home/runner/work/ozone/ozone/hadoop-ozone/integration-test/target/surefire 2021-10-16T00-56-05_118-jvmRun1 surefire3999018272506075940tmp surefire_7550114974599306711tmp"/>
    <property name="surefire.test.class.path" value="/home/runner/work/ozone/ozone/hadoop-ozone/integration-test/target/test-classes:/home/runner/work/ozone/ozone/hadoop-ozone/integration-test/target/classes:/home/runner/.m2/repository/org/apache/ozone/ozone-common/1.2.0-SNAPSHOT/ozone-common-1.2.0-SNAPSHOT.jar:/home/runner/.m2/repository/org/apache/commons/commons-compress/1.21/commons-compress-1.21.jar:/home/runner/.m2/repository/org/apache/ozone/hdds-common/1.2.0-SNAPSHOT/hdds-common-1.2.0-SNAPSHOT.jar:/home/runner/.m2/repository/org/apache/ozone/hdds-client/1.2.0-SNAPSHOT/hdds-client-1.2.0-SNAPSHOT.jar:/home/runner/.m2/repository/org/apache/ozone/ozone-interface-client/1.2.0-SNAPSHOT/ozone-interface-client-1.2.0-SNAPSHOT.jar:/home/runner/.m2/repository/org/apache/ozone/hdds-server-framework/1.2.0-SNAPSHOT/hdds-server-framework-1.2.0-SNAPSHOT.jar:/home/runner/.m2/repository/org/apache/ozone/hdds-interface-server/1.2.0-SNAPSHOT/hdds-interface-server-1.2.0-SNAPSHOT.jar:/home/runner/.m2/repository/org/eclipse/jetty/jetty-servlet/9.4.43.v20210629/jetty-servlet-9.4.43.v20210629.jar:/home/runner/.m2/repository/org/eclipse/jetty/jetty-security/9.4.43.v20210629/jetty-security-9.4.43.v20210629.jar:/home/runner/.m2/repository/org/rocksdb/rocksdbjni/6.20.3/rocksdbjni-6.20.3.jar:/home/runner/.m2/repository/io/prometheus/simpleclient_dropwizard/0.7.0/simpleclient_dropwizard-0.7.0.jar:/home/runner/.m2/repository/io/prometheus/simpleclient/0.7.0/simpleclient-0.7.0.jar:/home/runner/.m2/repository/io/prometheus/simpleclient_common/0.7.0/simpleclient_common-0.7.0.jar:/home/runner/.m2/repository/com/fasterxml/jackson/datatype/jackson-datatype-jsr310/2.12.1/jackson-datatype-jsr310-2.12.1.jar:/home/runner/.m2/repository/org/apache/ozone/hdds-test-utils/1.2.0-SNAPSHOT/hdds-test-utils-1.2.0-SNAPSHOT.jar:/home/runner/.m2/repository/com/google/guava/guava/30.1.1-jre/guava-30.1.1-jre.jar:/home/runner/.m2/repository/com/google/guava/failureaccess/1.0.1/failureaccess-1.0.1.jar:/home/runner/.m2/repository/com/google/guava/listenablefuture/9999.0-empty-to-avoid-conflict-with-guava/listenablefuture-9999.0-empty-to-avoid-conflict-with-guava.jar:/home/runner/.m2/repository/com/google/code/findbugs/jsr305/3.0.0/jsr305-3.0.0.jar:/home/runner/.m2/repository/org/checkerframework/checker-qual/3.8.0/checker-qual-3.8.0.jar:/home/runner/.m2/repository/com/google/errorprone/error_prone_annotations/2.2.0/error_prone_annotations-2.2.0.jar:/home/runner/.m2/repository/com/google/j2objc/j2objc-annotations/1.3/j2objc-annotations-1.3.jar:/home/runner/.m2/repository/commons-io/commons-io/2.11.0/commons-io-2.11.0.jar:/home/runner/.m2/repository/commons-logging/commons-logging/1.2/commons-logging-1.2.jar:/home/runner/.m2/repository/log4j/log4j/1.2.17/log4j-1.2.17.jar:/home/runner/.m2/repository/org/slf4j/slf4j-api/1.7.30/slf4j-api-1.7.30.jar:/home/runner/.m2/repository/org/apache/ozone/hdds-server-scm/1.2.0-SNAPSHOT/hdds-server-scm-1.2.0-SNAPSHOT.jar:/home/runner/.m2/repository/org/apache/ozone/hdds-container-service/1.2.0-SNAPSHOT/hdds-container-service-1.2.0-SNAPSHOT.jar:/home/runner/.m2/repository/org/apache/ozone/hdds-hadoop-dependency-server/1.2.0-SNAPSHOT/hdds-hadoop-dependency-server-1.2.0-SNAPSHOT.jar:/home/runner/.m2/repository/org/apache/hadoop/hadoop-hdfs/3.3.1/hadoop-hdfs-3.3.1.jar:/home/runner/.m2/repository/io/dropwizard/metrics/metrics-core/3.2.4/metrics-core-3.2.4.jar:/home/runner/.m2/repository/org/apache/hadoop/hadoop-hdfs-client/3.3.1/hadoop-hdfs-client-3.3.1.jar:/home/runner/.m2/repository/org/bouncycastle/bcprov-jdk15on/1.67/bcprov-jdk15on-1.67.jar:/home/runner/.m2/repository/com/google/protobuf/protobuf-java/2.5.0/protobuf-java-2.5.0.jar:/home/runner/.m2/repository/org/apache/ozone/ozone-manager/1.2.0-SNAPSHOT/ozone-manager-1.2.0-SNAPSHOT.jar:/home/runner/.m2/repository/org/aspectj/aspectjrt/1.9.7/aspectjrt-1.9.7.jar:/home/runner/.m2/repository/org/aspectj/aspectjweaver/1.9.7/aspectjweaver-1.9.7.jar:/home/runner/.m2/repository/org/apache/ozone/hdds-interface-client/1.2.0-SNAPSHOT/hdds-interface-client-1.2.0-SNAPSHOT.jar:/home/runner/.m2/repository/org/apache/hadoop/thirdparty/hadoop-shaded-protobuf_3_7/1.1.1/hadoop-shaded-protobuf_3_7-1.1.1.jar:/home/runner/.m2/repository/org/apache/ozone/ozone-interface-storage/1.2.0-SNAPSHOT/ozone-interface-storage-1.2.0-SNAPSHOT.jar:/home/runner/.m2/repository/org/reflections/reflections/0.9.11/reflections-0.9.11.jar:/home/runner/.m2/repository/org/apache/hadoop/hadoop-minikdc/3.3.1/hadoop-minikdc-3.3.1.jar:/home/runner/.m2/repository/org/apache/kerby/kerb-simplekdc/1.0.1/kerb-simplekdc-1.0.1.jar:/home/runner/.m2/repository/org/apache/kerby/kerb-client/1.0.1/kerb-client-1.0.1.jar:/home/runner/.m2/repository/org/apache/kerby/kerby-config/1.0.1/kerby-config-1.0.1.jar:/home/runner/.m2/repository/org/apache/kerby/kerb-common/1.0.1/kerb-common-1.0.1.jar:/home/runner/.m2/repository/org/apache/kerby/kerb-crypto/1.0.1/kerb-crypto-1.0.1.jar:/home/runner/.m2/repository/org/apache/kerby/kerb-util/1.0.1/kerb-util-1.0.1.jar:/home/runner/.m2/repository/org/apache/kerby/token-provider/1.0.1/token-provider-1.0.1.jar:/home/runner/.m2/repository/org/apache/kerby/kerb-admin/1.0.1/kerb-admin-1.0.1.jar:/home/runner/.m2/repository/org/apache/kerby/kerb-server/1.0.1/kerb-server-1.0.1.jar:/home/runner/.m2/repository/org/apache/kerby/kerb-identity/1.0.1/kerb-identity-1.0.1.jar:/home/runner/.m2/repository/org/apache/kerby/kerby-xdr/1.0.1/kerby-xdr-1.0.1.jar:/home/runner/.m2/repository/org/slf4j/slf4j-log4j12/1.7.30/slf4j-log4j12-1.7.30.jar:/home/runner/.m2/repository/org/apache/ozone/ozone-s3gateway/1.2.0-SNAPSHOT/ozone-s3gateway-1.2.0-SNAPSHOT.jar:/home/runner/.m2/repository/org/javassist/javassist/3.21.0-GA/javassist-3.21.0-GA.jar:/home/runner/.m2/repository/org/jboss/weld/servlet/weld-servlet/2.4.7.Final/weld-servlet-2.4.7.Final.jar:/home/runner/.m2/repository/org/glassfish/jersey/containers/jersey-container-servlet-core/2.33/jersey-container-servlet-core-2.33.jar:/home/runner/.m2/repository/org/glassfish/hk2/external/jakarta.inject/2.6.1/jakarta.inject-2.6.1.jar:/home/runner/.m2/repository/org/glassfish/jersey/core/jersey-common/2.33/jersey-common-2.33.jar:/home/runner/.m2/repository/jakarta/ws/rs/jakarta.ws.rs-api/2.1.6/jakarta.ws.rs-api-2.1.6.jar:/home/runner/.m2/repository/org/glassfish/jersey/ext/cdi/jersey-cdi1x/2.33/jersey-cdi1x-2.33.jar:/home/runner/.m2/repository/org/glassfish/jersey/inject/jersey-hk2/2.33/jersey-hk2-2.33.jar:/home/runner/.m2/repository/org/glassfish/hk2/hk2-locator/2.6.1/hk2-locator-2.6.1.jar:/home/runner/.m2/repository/org/glassfish/jersey/media/jersey-media-jaxb/2.33/jersey-media-jaxb-2.33.jar:/home/runner/.m2/repository/org/glassfish/hk2/osgi-resource-locator/1.0.3/osgi-resource-locator-1.0.3.jar:/home/runner/.m2/repository/org/glassfish/hk2/hk2-api/2.5.0/hk2-api-2.5.0.jar:/home/runner/.m2/repository/org/glassfish/hk2/hk2-utils/2.5.0/hk2-utils-2.5.0.jar:/home/runner/.m2/repository/org/glassfish/hk2/external/aopalliance-repackaged/2.5.0/aopalliance-repackaged-2.5.0.jar:/home/runner/.m2/repository/com/fasterxml/jackson/dataformat/jackson-dataformat-xml/2.12.1/jackson-dataformat-xml-2.12.1.jar:/home/runner/.m2/repository/com/fasterxml/jackson/core/jackson-core/2.12.1/jackson-core-2.12.1.jar:/home/runner/.m2/repository/com/fasterxml/jackson/module/jackson-module-jaxb-annotations/2.12.1/jackson-module-jaxb-annotations-2.12.1.jar:/home/runner/.m2/repository/jakarta/xml/bind/jakarta.xml.bind-api/2.3.2/jakarta.xml.bind-api-2.3.2.jar:/home/runner/.m2/repository/org/codehaus/woodstox/stax2-api/3.1.4/stax2-api-3.1.4.jar:/home/runner/.m2/repository/com/fasterxml/woodstox/woodstox-core/5.0.3/woodstox-core-5.0.3.jar:/home/runner/.m2/repository/javax/enterprise/cdi-api/1.2/cdi-api-1.2.jar:/home/runner/.m2/repository/javax/el/javax.el-api/3.0.0/javax.el-api-3.0.0.jar:/home/runner/.m2/repository/javax/interceptor/javax.interceptor-api/1.2/javax.interceptor-api-1.2.jar:/home/runner/.m2/repository/javax/inject/javax.inject/1/javax.inject-1.jar:/home/runner/.m2/repository/javax/xml/bind/jaxb-api/2.3.0/jaxb-api-2.3.0.jar:/home/runner/.m2/repository/org/glassfish/jaxb/jaxb-runtime/2.3.0.1/jaxb-runtime-2.3.0.1.jar:/home/runner/.m2/repository/org/glassfish/jaxb/jaxb-core/2.3.0.1/jaxb-core-2.3.0.1.jar:/home/runner/.m2/repository/org/glassfish/jaxb/txw2/2.3.0.1/txw2-2.3.0.1.jar:/home/runner/.m2/repository/com/sun/istack/istack-commons-runtime/3.0.5/istack-commons-runtime-3.0.5.jar:/home/runner/.m2/repository/org/jvnet/staxex/stax-ex/1.7.8/stax-ex-1.7.8.jar:/home/runner/.m2/repository/com/sun/xml/fastinfoset/FastInfoset/1.2.13/FastInfoset-1.2.13.jar:/home/runner/.m2/repository/javax/activation/activation/1.1.1/activation-1.1.1.jar:/home/runner/.m2/repository/org/apache/ozone/ozone-csi/1.2.0-SNAPSHOT/ozone-csi-1.2.0-SNAPSHOT.jar:/home/runner/.m2/repository/com/google/protobuf/protobuf-java-util/3.12.0/protobuf-java-util-3.12.0.jar:/home/runner/.m2/repository/com/google/code/gson/gson/2.2.4/gson-2.2.4.jar:/home/runner/.m2/repository/org/apache/ozone/hdds-config/1.2.0-SNAPSHOT/hdds-config-1.2.0-SNAPSHOT.jar:/home/runner/.m2/repository/io/grpc/grpc-netty/1.33.0/grpc-netty-1.33.0.jar:/home/runner/.m2/repository/io/grpc/grpc-core/1.33.0/grpc-core-1.33.0.jar:/home/runner/.m2/repository/com/google/android/annotations/4.1.1.4/annotations-4.1.1.4.jar:/home/runner/.m2/repository/io/netty/netty-codec-http2/4.1.63.Final/netty-codec-http2-4.1.63.Final.jar:/home/runner/.m2/repository/io/netty/netty-codec-http/4.1.63.Final/netty-codec-http-4.1.63.Final.jar:/home/runner/.m2/repository/io/netty/netty-handler-proxy/4.1.63.Final/netty-handler-proxy-4.1.63.Final.jar:/home/runner/.m2/repository/io/netty/netty-codec-socks/4.1.63.Final/netty-codec-socks-4.1.63.Final.jar:/home/runner/.m2/repository/io/perfmark/perfmark-api/0.19.0/perfmark-api-0.19.0.jar:/home/runner/.m2/repository/org/codehaus/mojo/animal-sniffer-annotations/1.18/animal-sniffer-annotations-1.18.jar:/home/runner/.m2/repository/io/netty/netty-transport-native-epoll/4.1.63.Final/netty-transport-native-epoll-4.1.63.Final.jar:/home/runner/.m2/repository/io/netty/netty-common/4.1.63.Final/netty-common-4.1.63.Final.jar:/home/runner/.m2/repository/io/netty/netty-buffer/4.1.63.Final/netty-buffer-4.1.63.Final.jar:/home/runner/.m2/repository/io/netty/netty-transport-native-unix-common/4.1.63.Final/netty-transport-native-unix-common-4.1.63.Final.jar:/home/runner/.m2/repository/io/grpc/grpc-protobuf/1.33.0/grpc-protobuf-1.33.0.jar:/home/runner/.m2/repository/io/grpc/grpc-api/1.33.0/grpc-api-1.33.0.jar:/home/runner/.m2/repository/io/grpc/grpc-context/1.33.0/grpc-context-1.33.0.jar:/home/runner/.m2/repository/com/google/api/grpc/proto-google-common-protos/1.17.0/proto-google-common-protos-1.17.0.jar:/home/runner/.m2/repository/io/grpc/grpc-protobuf-lite/1.33.0/grpc-protobuf-lite-1.33.0.jar:/home/runner/.m2/repository/io/grpc/grpc-stub/1.33.0/grpc-stub-1.33.0.jar:/home/runner/.m2/repository/org/apache/ozone/ozone-recon/1.2.0-SNAPSHOT/ozone-recon-1.2.0-SNAPSHOT.jar:/home/runner/.m2/repository/org/apache/ozone/ozone-reconcodegen/1.2.0-SNAPSHOT/ozone-reconcodegen-1.2.0-SNAPSHOT.jar:/home/runner/.m2/repository/com/google/inject/extensions/guice-multibindings/4.0/guice-multibindings-4.0.jar:/home/runner/.m2/repository/com/google/inject/guice/4.0/guice-4.0.jar:/home/runner/.m2/repository/aopalliance/aopalliance/1.0/aopalliance-1.0.jar:/home/runner/.m2/repository/com/google/inject/extensions/guice-assistedinject/4.0/guice-assistedinject-4.0.jar:/home/runner/.m2/repository/com/google/inject/extensions/guice-servlet/4.0/guice-servlet-4.0.jar:/home/runner/.m2/repository/org/glassfish/jersey/containers/jersey-container-servlet/2.33/jersey-container-servlet-2.33.jar:/home/runner/.m2/repository/org/glassfish/hk2/guice-bridge/2.5.0/guice-bridge-2.5.0.jar:/home/runner/.m2/repository/org/glassfish/jersey/core/jersey-server/2.33/jersey-server-2.33.jar:/home/runner/.m2/repository/org/glassfish/jersey/core/jersey-client/2.33/jersey-client-2.33.jar:/home/runner/.m2/repository/jakarta/annotation/jakarta.annotation-api/1.3.5/jakarta.annotation-api-1.3.5.jar:/home/runner/.m2/repository/jakarta/validation/jakarta.validation-api/2.0.2/jakarta.validation-api-2.0.2.jar:/home/runner/.m2/repository/org/glassfish/jersey/media/jersey-media-json-jackson/2.33/jersey-media-json-jackson-2.33.jar:/home/runner/.m2/repository/org/glassfish/jersey/ext/jersey-entity-filtering/2.33/jersey-entity-filtering-2.33.jar:/home/runner/.m2/repository/org/jooq/jooq/3.11.10/jooq-3.11.10.jar:/home/runner/.m2/repository/org/jooq/jooq-meta/3.11.10/jooq-meta-3.11.10.jar:/home/runner/.m2/repository/org/jooq/jooq-codegen/3.11.10/jooq-codegen-3.11.10.jar:/home/runner/.m2/repository/com/jolbox/bonecp/0.8.0.RELEASE/bonecp-0.8.0.RELEASE.jar:/home/runner/.m2/repository/org/apache/derby/derby/10.14.2.0/derby-10.14.2.0.jar:/home/runner/.m2/repository/org/xerial/sqlite-jdbc/3.25.2/sqlite-jdbc-3.25.2.jar:/home/runner/.m2/repository/org/springframework/spring-jdbc/5.2.17.RELEASE/spring-jdbc-5.2.17.RELEASE.jar:/home/runner/.m2/repository/org/springframework/spring-beans/5.2.17.RELEASE/spring-beans-5.2.17.RELEASE.jar:/home/runner/.m2/repository/org/springframework/spring-core/5.2.17.RELEASE/spring-core-5.2.17.RELEASE.jar:/home/runner/.m2/repository/org/springframework/spring-jcl/5.2.17.RELEASE/spring-jcl-5.2.17.RELEASE.jar:/home/runner/.m2/repository/org/springframework/spring-tx/5.2.17.RELEASE/spring-tx-5.2.17.RELEASE.jar:/home/runner/.m2/repository/org/apache/ozone/ozone-client/1.2.0-SNAPSHOT/ozone-client-1.2.0-SNAPSHOT.jar:/home/runner/.m2/repository/org/apache/ozone/ozone-filesystem/1.2.0-SNAPSHOT/ozone-filesystem-1.2.0-SNAPSHOT.jar:/home/runner/.m2/repository/org/apache/ozone/ozone-filesystem-common/1.2.0-SNAPSHOT/ozone-filesystem-common-1.2.0-SNAPSHOT.jar:/home/runner/.m2/repository/org/apache/ozone/ozone-tools/1.2.0-SNAPSHOT/ozone-tools-1.2.0-SNAPSHOT.jar:/home/runner/.m2/repository/org/apache/ratis/ratis-tools/2.1.0-03f3b68-SNAPSHOT/ratis-tools-2.1.0-03f3b68-SNAPSHOT.jar:/home/runner/.m2/repository/com/amazonaws/aws-java-sdk-core/1.11.901/aws-java-sdk-core-1.11.901.jar:/home/runner/.m2/repository/org/apache/httpcomponents/httpclient/4.5.13/httpclient-4.5.13.jar:/home/runner/.m2/repository/org/apache/httpcomponents/httpcore/4.4.13/httpcore-4.4.13.jar:/home/runner/.m2/repository/software/amazon/ion/ion-java/1.0.2/ion-java-1.0.2.jar:/home/runner/.m2/repository/com/fasterxml/jackson/dataformat/jackson-dataformat-cbor/2.12.1/jackson-dataformat-cbor-2.12.1.jar:/home/runner/.m2/repository/joda-time/joda-time/2.8.1/joda-time-2.8.1.jar:/home/runner/.m2/repository/com/amazonaws/aws-java-sdk-s3/1.11.901/aws-java-sdk-s3-1.11.901.jar:/home/runner/.m2/repository/com/amazonaws/aws-java-sdk-kms/1.11.901/aws-java-sdk-kms-1.11.901.jar:/home/runner/.m2/repository/com/amazonaws/jmespath-java/1.11.901/jmespath-java-1.11.901.jar:/home/runner/.m2/repository/org/kohsuke/metainf-services/metainf-services/1.8/metainf-services-1.8.jar:/home/runner/.m2/repository/org/apache/ozone/hdds-tools/1.2.0-SNAPSHOT/hdds-tools-1.2.0-SNAPSHOT.jar:/home/runner/.m2/repository/commons-cli/commons-cli/1.2/commons-cli-1.2.jar:/home/runner/.m2/repository/org/apache/commons/commons-lang3/3.7/commons-lang3-3.7.jar:/home/runner/.m2/repository/org/apache/ozone/ozone-manager/1.2.0-SNAPSHOT/ozone-manager-1.2.0-SNAPSHOT-tests.jar:/home/runner/.m2/repository/org/apache/ozone/hdds-common/1.2.0-SNAPSHOT/hdds-common-1.2.0-SNAPSHOT-tests.jar:/home/runner/.m2/repository/org/apache/ozone/hdds-hadoop-dependency-client/1.2.0-SNAPSHOT/hdds-hadoop-dependency-client-1.2.0-SNAPSHOT.jar:/home/runner/.m2/repository/info/picocli/picocli/4.6.1/picocli-4.6.1.jar:/home/runner/.m2/repository/com/fasterxml/jackson/core/jackson-annotations/2.12.1/jackson-annotations-2.12.1.jar:/home/runner/.m2/repository/javax/annotation/javax.annotation-api/1.2/javax.annotation-api-1.2.jar:/home/runner/.m2/repository/org/apache/ratis/ratis-server/2.1.0-03f3b68-SNAPSHOT/ratis-server-2.1.0-03f3b68-SNAPSHOT.jar:/home/runner/.m2/repository/org/apache/ratis/ratis-client/2.1.0-03f3b68-SNAPSHOT/ratis-client-2.1.0-03f3b68-SNAPSHOT.jar:/home/runner/.m2/repository/org/apache/ratis/ratis-server-api/2.1.0-03f3b68-SNAPSHOT/ratis-server-api-2.1.0-03f3b68-SNAPSHOT.jar:/home/runner/.m2/repository/org/apache/ratis/ratis-metrics/2.1.0-03f3b68-SNAPSHOT/ratis-metrics-2.1.0-03f3b68-SNAPSHOT.jar:/home/runner/.m2/repository/org/apache/ratis/ratis-netty/2.1.0-03f3b68-SNAPSHOT/ratis-netty-2.1.0-03f3b68-SNAPSHOT.jar:/home/runner/.m2/repository/org/apache/ratis/ratis-grpc/2.1.0-03f3b68-SNAPSHOT/ratis-grpc-2.1.0-03f3b68-SNAPSHOT.jar:/home/runner/.m2/repository/org/apache/logging/log4j/log4j-api/2.13.3/log4j-api-2.13.3.jar:/home/runner/.m2/repository/org/apache/logging/log4j/log4j-core/2.13.3/log4j-core-2.13.3.jar:/home/runner/.m2/repository/com/lmax/disruptor/3.4.2/disruptor-3.4.2.jar:/home/runner/.m2/repository/org/apache/commons/commons-pool2/2.6.0/commons-pool2-2.6.0.jar:/home/runner/.m2/repository/org/bouncycastle/bcpkix-jdk15on/1.67/bcpkix-jdk15on-1.67.jar:/home/runner/.m2/repository/commons-validator/commons-validator/1.6/commons-validator-1.6.jar:/home/runner/.m2/repository/commons-beanutils/commons-beanutils/1.9.4/commons-beanutils-1.9.4.jar:/home/runner/.m2/repository/commons-digester/commons-digester/1.8.1/commons-digester-1.8.1.jar:/home/runner/.m2/repository/commons-collections/commons-collections/3.2.2/commons-collections-3.2.2.jar:/home/runner/.m2/repository/io/jaegertracing/jaeger-client/1.6.0/jaeger-client-1.6.0.jar:/home/runner/.m2/repository/io/jaegertracing/jaeger-thrift/1.6.0/jaeger-thrift-1.6.0.jar:/home/runner/.m2/repository/org/apache/thrift/libthrift/0.14.1/libthrift-0.14.1.jar:/home/runner/.m2/repository/com/squareup/okhttp3/okhttp/4.9.0/okhttp-4.9.0.jar:/home/runner/.m2/repository/com/squareup/okio/okio/2.8.0/okio-2.8.0.jar:/home/runner/.m2/repository/io/jaegertracing/jaeger-core/1.6.0/jaeger-core-1.6.0.jar:/home/runner/.m2/repository/io/jaegertracing/jaeger-tracerresolver/1.6.0/jaeger-tracerresolver-1.6.0.jar:/home/runner/.m2/repository/io/opentracing/contrib/opentracing-tracerresolver/0.1.8/opentracing-tracerresolver-0.1.8.jar:/home/runner/.m2/repository/org/jetbrains/kotlin/kotlin-stdlib/1.4.31/kotlin-stdlib-1.4.31.jar:/home/runner/.m2/repository/org/jetbrains/kotlin/kotlin-stdlib-common/1.4.31/kotlin-stdlib-common-1.4.31.jar:/home/runner/.m2/repository/org/jetbrains/annotations/13.0/annotations-13.0.jar:/home/runner/.m2/repository/io/opentracing/opentracing-util/0.33.0/opentracing-util-0.33.0.jar:/home/runner/.m2/repository/io/opentracing/opentracing-api/0.33.0/opentracing-api-0.33.0.jar:/home/runner/.m2/repository/io/opentracing/opentracing-noop/0.33.0/opentracing-noop-0.33.0.jar:/home/runner/.m2/repository/org/yaml/snakeyaml/1.26/snakeyaml-1.26.jar:/home/runner/.m2/repository/org/apache/ozone/hdds-interface-admin/1.2.0-SNAPSHOT/hdds-interface-admin-1.2.0-SNAPSHOT.jar:/home/runner/.m2/repository/junit/junit/4.13.1/junit-4.13.1.jar:/home/runner/.m2/repository/org/hamcrest/hamcrest-core/1.3/hamcrest-core-1.3.jar:/home/runner/.m2/repository/org/junit/jupiter/junit-jupiter-api/5.7.0/junit-jupiter-api-5.7.0.jar:/home/runner/.m2/repository/org/apiguardian/apiguardian-api/1.1.0/apiguardian-api-1.1.0.jar:/home/runner/.m2/repository/org/opentest4j/opentest4j/1.2.0/opentest4j-1.2.0.jar:/home/runner/.m2/repository/org/junit/platform/junit-platform-commons/1.7.0/junit-platform-commons-1.7.0.jar:/home/runner/.m2/repository/org/junit/jupiter/junit-jupiter-engine/5.7.0/junit-jupiter-engine-5.7.0.jar:/home/runner/.m2/repository/org/junit/platform/junit-platform-engine/1.7.0/junit-platform-engine-1.7.0.jar:/home/runner/.m2/repository/org/junit/vintage/junit-vintage-engine/5.7.0/junit-vintage-engine-5.7.0.jar:/home/runner/.m2/repository/org/junit/platform/junit-platform-launcher/1.7.0/junit-platform-launcher-1.7.0.jar:/home/runner/.m2/repository/org/openjdk/jmh/jmh-core/1.19/jmh-core-1.19.jar:/home/runner/.m2/repository/net/sf/jopt-simple/jopt-simple/4.6/jopt-simple-4.6.jar:/home/runner/.m2/repository/org/apache/commons/commons-math3/3.1.1/commons-math3-3.1.1.jar:/home/runner/.m2/repository/org/openjdk/jmh/jmh-generator-annprocess/1.19/jmh-generator-annprocess-1.19.jar:/home/runner/.m2/repository/org/mockito/mockito-core/2.28.2/mockito-core-2.28.2.jar:/home/runner/.m2/repository/net/bytebuddy/byte-buddy/1.9.10/byte-buddy-1.9.10.jar:/home/runner/.m2/repository/net/bytebuddy/byte-buddy-agent/1.9.10/byte-buddy-agent-1.9.10.jar:/home/runner/.m2/repository/org/objenesis/objenesis/1.0/objenesis-1.0.jar:/home/runner/.m2/repository/org/apache/hadoop/hadoop-kms/3.3.1/hadoop-kms-3.3.1.jar:/home/runner/.m2/repository/org/apache/hadoop/hadoop-auth/3.3.1/hadoop-auth-3.3.1.jar:/home/runner/.m2/repository/com/nimbusds/nimbus-jose-jwt/7.9/nimbus-jose-jwt-7.9.jar:/home/runner/.m2/repository/com/github/stephenc/jcip/jcip-annotations/1.0-1/jcip-annotations-1.0-1.jar:/home/runner/.m2/repository/net/minidev/json-smart/2.3.1/json-smart-2.3.1.jar:/home/runner/.m2/repository/net/minidev/accessors-smart/2.3.1/accessors-smart-2.3.1.jar:/home/runner/.m2/repository/org/ow2/asm/asm/5.0.4/asm-5.0.4.jar:/home/runner/.m2/repository/org/apache/zookeeper/zookeeper/3.5.6/zookeeper-3.5.6.jar:/home/runner/.m2/repository/org/apache/zookeeper/zookeeper-jute/3.5.6/zookeeper-jute-3.5.6.jar:/home/runner/.m2/repository/org/apache/yetus/audience-annotations/0.5.0/audience-annotations-0.5.0.jar:/home/runner/.m2/repository/org/apache/curator/curator-framework/4.2.0/curator-framework-4.2.0.jar:/home/runner/.m2/repository/org/apache/hadoop/thirdparty/hadoop-shaded-guava/1.1.1/hadoop-shaded-guava-1.1.1.jar:/home/runner/.m2/repository/com/sun/jersey/jersey-core/1.19/jersey-core-1.19.jar:/home/runner/.m2/repository/javax/ws/rs/jsr311-api/1.1.1/jsr311-api-1.1.1.jar:/home/runner/.m2/repository/com/sun/jersey/jersey-server/1.19/jersey-server-1.19.jar:/home/runner/.m2/repository/javax/servlet/javax.servlet-api/3.1.0/javax.servlet-api-3.1.0.jar:/home/runner/.m2/repository/org/eclipse/jetty/jetty-server/9.4.43.v20210629/jetty-server-9.4.43.v20210629.jar:/home/runner/.m2/repository/org/eclipse/jetty/jetty-http/9.4.43.v20210629/jetty-http-9.4.43.v20210629.jar:/home/runner/.m2/repository/org/eclipse/jetty/jetty-io/9.4.43.v20210629/jetty-io-9.4.43.v20210629.jar:/home/runner/.m2/repository/org/eclipse/jetty/jetty-webapp/9.4.43.v20210629/jetty-webapp-9.4.43.v20210629.jar:/home/runner/.m2/repository/org/eclipse/jetty/jetty-xml/9.4.43.v20210629/jetty-xml-9.4.43.v20210629.jar:/home/runner/.m2/repository/org/apache/hadoop/hadoop-common/3.3.1/hadoop-common-3.3.1.jar:/home/runner/.m2/repository/commons-net/commons-net/3.6/commons-net-3.6.jar:/home/runner/.m2/repository/jakarta/activation/jakarta.activation-api/1.2.1/jakarta.activation-api-1.2.1.jar:/home/runner/.m2/repository/com/sun/jersey/jersey-servlet/1.19/jersey-servlet-1.19.jar:/home/runner/.m2/repository/com/sun/jersey/jersey-json/1.19/jersey-json-1.19.jar:/home/runner/.m2/repository/org/codehaus/jettison/jettison/1.1/jettison-1.1.jar:/home/runner/.m2/repository/com/sun/xml/bind/jaxb-impl/2.2.3-1/jaxb-impl-2.2.3-1.jar:/home/runner/.m2/repository/org/codehaus/jackson/jackson-jaxrs/1.9.2/jackson-jaxrs-1.9.2.jar:/home/runner/.m2/repository/org/codehaus/jackson/jackson-xc/1.9.2/jackson-xc-1.9.2.jar:/home/runner/.m2/repository/org/apache/commons/commons-configuration2/2.1.1/commons-configuration2-2.1.1.jar:/home/runner/.m2/repository/org/apache/commons/commons-text/1.4/commons-text-1.4.jar:/home/runner/.m2/repository/com/google/re2j/re2j/1.1/re2j-1.1.jar:/home/runner/.m2/repository/com/jcraft/jsch/0.1.54/jsch-0.1.54.jar:/home/runner/.m2/repository/org/apache/curator/curator-client/4.2.0/curator-client-4.2.0.jar:/home/runner/.m2/repository/org/apache/curator/curator-recipes/4.2.0/curator-recipes-4.2.0.jar:/home/runner/.m2/repository/org/apache/kerby/kerb-core/1.0.1/kerb-core-1.0.1.jar:/home/runner/.m2/repository/org/apache/kerby/kerby-pkix/1.0.1/kerby-pkix-1.0.1.jar:/home/runner/.m2/repository/org/apache/kerby/kerby-asn1/1.0.1/kerby-asn1-1.0.1.jar:/home/runner/.m2/repository/org/apache/kerby/kerby-util/1.0.1/kerby-util-1.0.1.jar:/home/runner/.m2/repository/dnsjava/dnsjava/2.1.7/dnsjava-2.1.7.jar:/home/runner/.m2/repository/org/xerial/snappy/snappy-java/1.1.8.2/snappy-java-1.1.8.2.jar:/home/runner/.m2/repository/org/slf4j/jul-to-slf4j/1.7.30/jul-to-slf4j-1.7.30.jar:/home/runner/.m2/repository/org/eclipse/jetty/jetty-util/9.4.43.v20210629/jetty-util-9.4.43.v20210629.jar:/home/runner/.m2/repository/com/fasterxml/jackson/core/jackson-databind/2.12.1/jackson-databind-2.12.1.jar:/home/runner/.m2/repository/org/apache/hadoop/hadoop-kms/3.3.1/hadoop-kms-3.3.1-tests.jar:/home/runner/.m2/repository/org/apache/ozone/hdds-server-scm/1.2.0-SNAPSHOT/hdds-server-scm-1.2.0-SNAPSHOT-tests.jar:/home/runner/.m2/repository/org/apache/ozone/hdds-container-service/1.2.0-SNAPSHOT/hdds-container-service-1.2.0-SNAPSHOT-tests.jar:/home/runner/.m2/repository/commons-codec/commons-codec/1.11/commons-codec-1.11.jar:/home/runner/.m2/repository/io/netty/netty-transport/4.1.63.Final/netty-transport-4.1.63.Final.jar:/home/runner/.m2/repository/io/netty/netty-resolver/4.1.63.Final/netty-resolver-4.1.63.Final.jar:/home/runner/.m2/repository/io/netty/netty-codec/4.1.63.Final/netty-codec-4.1.63.Final.jar:/home/runner/.m2/repository/io/netty/netty-handler/4.1.63.Final/netty-handler-4.1.63.Final.jar:/home/runner/.m2/repository/org/apache/ozone/hdds-hadoop-dependency-test/1.2.0-SNAPSHOT/hdds-hadoop-dependency-test-1.2.0-SNAPSHOT.jar:/home/runner/.m2/repository/org/apache/hadoop/hadoop-common/3.3.1/hadoop-common-3.3.1-tests.jar:/home/runner/.m2/repository/org/assertj/assertj-core/3.12.2/assertj-core-3.12.2.jar:/home/runner/.m2/repository/org/apache/hadoop/hadoop-hdfs/3.3.1/hadoop-hdfs-3.3.1-tests.jar:/home/runner/.m2/repository/org/eclipse/jetty/jetty-util-ajax/9.4.43.v20210629/jetty-util-ajax-9.4.43.v20210629.jar:/home/runner/.m2/repository/commons-daemon/commons-daemon/1.0.13/commons-daemon-1.0.13.jar:/home/runner/.m2/repository/io/netty/netty/3.10.6.Final/netty-3.10.6.Final.jar:/home/runner/.m2/repository/io/netty/netty-all/4.1.63.Final/netty-all-4.1.63.Final.jar:/home/runner/.m2/repository/org/apache/htrace/htrace-core4/4.1.0-incubating/htrace-core4-4.1.0-incubating.jar:/home/runner/.m2/repository/org/fusesource/leveldbjni/leveldbjni-all/1.8/leveldbjni-all-1.8.jar:/home/runner/.m2/repository/org/apache/hadoop/hadoop-distcp/3.3.1/hadoop-distcp-3.3.1.jar:/home/runner/.m2/repository/org/apache/hadoop/hadoop-mapreduce-client-jobclient/3.3.1/hadoop-mapreduce-client-jobclient-3.3.1.jar:/home/runner/.m2/repository/org/apache/hadoop/hadoop-mapreduce-client-common/3.3.1/hadoop-mapreduce-client-common-3.3.1.jar:/home/runner/.m2/repository/org/apache/hadoop/hadoop-yarn-common/3.3.1/hadoop-yarn-common-3.3.1.jar:/home/runner/.m2/repository/org/apache/hadoop/hadoop-yarn-api/3.3.1/hadoop-yarn-api-3.3.1.jar:/home/runner/.m2/repository/com/sun/jersey/jersey-client/1.19/jersey-client-1.19.jar:/home/runner/.m2/repository/com/sun/jersey/contribs/jersey-guice/1.19/jersey-guice-1.19.jar:/home/runner/.m2/repository/com/fasterxml/jackson/jaxrs/jackson-jaxrs-json-provider/2.12.1/jackson-jaxrs-json-provider-2.12.1.jar:/home/runner/.m2/repository/com/fasterxml/jackson/jaxrs/jackson-jaxrs-base/2.12.1/jackson-jaxrs-base-2.12.1.jar:/home/runner/.m2/repository/org/apache/hadoop/hadoop-yarn-client/3.3.1/hadoop-yarn-client-3.3.1.jar:/home/runner/.m2/repository/org/eclipse/jetty/websocket/websocket-client/9.4.40.v20210413/websocket-client-9.4.40.v20210413.jar:/home/runner/.m2/repository/org/eclipse/jetty/jetty-client/9.4.40.v20210413/jetty-client-9.4.40.v20210413.jar:/home/runner/.m2/repository/org/eclipse/jetty/websocket/websocket-common/9.4.40.v20210413/websocket-common-9.4.40.v20210413.jar:/home/runner/.m2/repository/org/eclipse/jetty/websocket/websocket-api/9.4.40.v20210413/websocket-api-9.4.40.v20210413.jar:/home/runner/.m2/repository/org/jline/jline/3.9.0/jline-3.9.0.jar:/home/runner/.m2/repository/org/apache/hadoop/hadoop-mapreduce-client-core/3.3.1/hadoop-mapreduce-client-core-3.3.1.jar:/home/runner/.m2/repository/org/apache/avro/avro/1.7.7/avro-1.7.7.jar:/home/runner/.m2/repository/org/codehaus/jackson/jackson-core-asl/1.9.13/jackson-core-asl-1.9.13.jar:/home/runner/.m2/repository/org/codehaus/jackson/jackson-mapper-asl/1.9.13/jackson-mapper-asl-1.9.13.jar:/home/runner/.m2/repository/com/thoughtworks/paranamer/paranamer/2.3/paranamer-2.3.jar:/home/runner/.m2/repository/org/apache/hadoop/hadoop-annotations/3.3.1/hadoop-annotations-3.3.1.jar:/usr/lib/jvm/adoptopenjdk-8-hotspot-amd64/jre/../lib/tools.jar:/home/runner/.m2/repository/org/apache/hadoop/hadoop-distcp/3.3.1/hadoop-distcp-3.3.1-tests.jar:/home/runner/.m2/repository/org/apache/ratis/ratis-common/2.1.0-03f3b68-SNAPSHOT/ratis-common-2.1.0-03f3b68-SNAPSHOT.jar:/home/runner/.m2/repository/org/apache/ratis/ratis-thirdparty-misc/0.7.0/ratis-thirdparty-misc-0.7.0.jar:/home/runner/.m2/repository/org/apache/ratis/ratis-proto/2.1.0-03f3b68-SNAPSHOT/ratis-proto-2.1.0-03f3b68-SNAPSHOT.jar:"/>
    <property name="sun.cpu.endian" value="little"/>
    <property name="user.home" value="/home/runner"/>
    <property name="user.language" value="en"/>
    <property name="java.specification.vendor" value="Oracle Corporation"/>
    <property name="java.home" value="/usr/lib/jvm/adoptopenjdk-8-hotspot-amd64/jre"/>
    <property name="java.security.krb5.conf" value="/home/runner/work/ozone/ozone/hadoop-ozone/integration-test/target/test-classes/krb5.conf"/>
    <property name="basedir" value="/home/runner/work/ozone/ozone/hadoop-ozone/integration-test"/>
    <property name="file.separator" value="/"/>
    <property name="line.separator" value="&#10;"/>
    <property name="java.vm.specification.vendor" value="Oracle Corporation"/>
    <property name="java.specification.name" value="Java Platform API Specification"/>
    <property name="java.awt.graphicsenv" value="sun.awt.X11GraphicsEnvironment"/>
    <property name="skip.installnpx" value="true"/>
    <property name="surefire.real.class.path" value="/home/runner/work/ozone/ozone/hadoop-ozone/integration-test/target/surefire/surefirebooter5891568443318004534.jar:/home/runner/.m2/repository/org/jacoco/org.jacoco.agent/0.8.5/org.jacoco.agent-0.8.5-runtime.jar"/>
    <property name="hadoop.log.dir" value="/home/runner/work/ozone/ozone/hadoop-ozone/integration-test/target/log"/>
    <property name="sun.boot.class.path" value="/usr/lib/jvm/adoptopenjdk-8-hotspot-amd64/jre/lib/resources.jar:/usr/lib/jvm/adoptopenjdk-8-hotspot-amd64/jre/lib/rt.jar:/usr/lib/jvm/adoptopenjdk-8-hotspot-amd64/jre/lib/sunrsasign.jar:/usr/lib/jvm/adoptopenjdk-8-hotspot-amd64/jre/lib/jsse.jar:/usr/lib/jvm/adoptopenjdk-8-hotspot-amd64/jre/lib/jce.jar:/usr/lib/jvm/adoptopenjdk-8-hotspot-amd64/jre/lib/charsets.jar:/usr/lib/jvm/adoptopenjdk-8-hotspot-amd64/jre/lib/jfr.jar:/usr/lib/jvm/adoptopenjdk-8-hotspot-amd64/jre/classes"/>
    <property name="sun.management.compiler" value="HotSpot 64-Bit Tiered Compilers"/>
    <property name="skip.npx" value="true"/>
    <property name="java.runtime.version" value="1.8.0_292-b10"/>
    <property name="java.net.preferIPv4Stack" value="true"/>
    <property name="user.name" value="runner"/>
    <property name="path.separator" value=":"/>
    <property name="java.security.egd" value="file:///dev/urandom"/>
    <property name="os.version" value="5.4.0-1059-azure"/>
    <property name="java.endorsed.dirs" value="/usr/lib/jvm/adoptopenjdk-8-hotspot-amd64/jre/lib/endorsed"/>
    <property name="java.runtime.name" value="OpenJDK Runtime Environment"/>
    <property name="file.encoding" value="UTF-8"/>
    <property name="java.vm.name" value="OpenJDK 64-Bit Server VM"/>
    <property name="test.build.webapps" value=""/>
    <property name="localRepository" value="/home/runner/.m2/repository"/>
    <property name="java.vendor.url.bug" value="https://github.com/AdoptOpenJDK/openjdk-support/issues"/>
    <property name="java.io.tmpdir" value="/tmp"/>
    <property name="require.test.libhadoop" value=""/>
    <property name="java.version" value="1.8.0_292"/>
    <property name="user.dir" value="/home/runner/work/ozone/ozone/hadoop-ozone/integration-test"/>
    <property name="os.arch" value="amd64"/>
    <property name="java.vm.specification.name" value="Java Virtual Machine Specification"/>
    <property name="test.build.classes" value="/home/runner/work/ozone/ozone/hadoop-ozone/integration-test/target/test-classes"/>
    <property name="java.awt.printerjob" value="sun.print.PSPrinterJob"/>
    <property name="sun.os.patch.level" value="unknown"/>
    <property name="hadoop.tmp.dir" value="/home/runner/work/ozone/ozone/hadoop-ozone/integration-test/target/tmp"/>
    <property name="java.library.path" value="/usr/java/packages/lib/amd64:/usr/lib64:/lib64:/lib:/usr/lib"/>
    <property name="java.vm.info" value="mixed mode"/>
    <property name="java.vendor" value="AdoptOpenJDK"/>
    <property name="java.vm.version" value="25.292-b10"/>
    <property name="java.ext.dirs" value="/usr/lib/jvm/adoptopenjdk-8-hotspot-amd64/jre/lib/ext:/usr/java/packages/lib/ext"/>
    <property name="sun.io.unicode.encoding" value="UnicodeLittle"/>
    <property name="java.class.version" value="52.0"/>
  </properties>
  <testcase name="testApplyTransactionIdempotencyWithClosedContainer" classname="org.apache.hadoop.ozone.client.rpc.TestContainerStateMachineFailures" time="0.952">
    <failure type="java.lang.AssertionError">java.lang.AssertionError
	at org.junit.Assert.fail(Assert.java:87)
	at org.junit.Assert.assertTrue(Assert.java:42)
	at org.junit.Assert.assertFalse(Assert.java:65)
	at org.junit.Assert.assertFalse(Assert.java:75)
	at org.apache.hadoop.ozone.client.rpc.TestContainerStateMachineFailures.testApplyTransactionIdempotencyWithClosedContainer(TestContainerStateMachineFailures.java:462)
	at sun.reflect.NativeMethodAccessorImpl.invoke0(Native Method)
	at sun.reflect.NativeMethodAccessorImpl.invoke(NativeMethodAccessorImpl.java:62)
	at sun.reflect.DelegatingMethodAccessorImpl.invoke(DelegatingMethodAccessorImpl.java:43)
	at java.lang.reflect.Method.invoke(Method.java:498)
	at org.junit.runners.model.FrameworkMethod$1.runReflectiveCall(FrameworkMethod.java:59)
	at org.junit.internal.runners.model.ReflectiveCallable.run(ReflectiveCallable.java:12)
	at org.junit.runners.model.FrameworkMethod.invokeExplosively(FrameworkMethod.java:56)
	at org.junit.internal.runners.statements.InvokeMethod.evaluate(InvokeMethod.java:17)
	at org.junit.runners.ParentRunner$3.evaluate(ParentRunner.java:306)
	at org.junit.runners.BlockJUnit4ClassRunner$1.evaluate(BlockJUnit4ClassRunner.java:100)
	at org.junit.runners.ParentRunner.runLeaf(ParentRunner.java:366)
	at org.junit.runners.BlockJUnit4ClassRunner.runChild(BlockJUnit4ClassRunner.java:103)
	at org.junit.runners.BlockJUnit4ClassRunner.runChild(BlockJUnit4ClassRunner.java:63)
	at org.junit.runners.ParentRunner$4.run(ParentRunner.java:331)
	at org.junit.runners.ParentRunner$1.schedule(ParentRunner.java:79)
	at org.junit.runners.ParentRunner.runChildren(ParentRunner.java:329)
	at org.junit.runners.ParentRunner.access$100(ParentRunner.java:66)
	at org.junit.runners.ParentRunner$2.evaluate(ParentRunner.java:293)
	at org.junit.internal.runners.statements.RunBefores.evaluate(RunBefores.java:26)
	at org.junit.internal.runners.statements.RunAfters.evaluate(RunAfters.java:27)
	at org.junit.runners.ParentRunner$3.evaluate(ParentRunner.java:306)
	at org.junit.runners.ParentRunner.run(ParentRunner.java:413)
	at org.junit.runner.JUnitCore.run(JUnitCore.java:137)
	at org.junit.runner.JUnitCore.run(JUnitCore.java:115)
	at org.junit.vintage.engine.execution.RunnerExecutor.execute(RunnerExecutor.java:43)
	at java.util.stream.ForEachOps$ForEachOp$OfRef.accept(ForEachOps.java:183)
	at java.util.stream.ReferencePipeline$3$1.accept(ReferencePipeline.java:193)
	at java.util.Iterator.forEachRemaining(Iterator.java:116)
	at java.util.Spliterators$IteratorSpliterator.forEachRemaining(Spliterators.java:1801)
	at java.util.stream.AbstractPipeline.copyInto(AbstractPipeline.java:482)
	at java.util.stream.AbstractPipeline.wrapAndCopyInto(AbstractPipeline.java:472)
	at java.util.stream.ForEachOps$ForEachOp.evaluateSequential(ForEachOps.java:150)
	at java.util.stream.ForEachOps$ForEachOp$OfRef.evaluateSequential(ForEachOps.java:173)
	at java.util.stream.AbstractPipeline.evaluate(AbstractPipeline.java:234)
	at java.util.stream.ReferencePipeline.forEach(ReferencePipeline.java:485)
	at org.junit.vintage.engine.VintageTestEngine.executeAllChildren(VintageTestEngine.java:82)
	at org.junit.vintage.engine.VintageTestEngine.execute(VintageTestEngine.java:73)
	at org.junit.platform.launcher.core.EngineExecutionOrchestrator.execute(EngineExecutionOrchestrator.java:108)
	at org.junit.platform.launcher.core.EngineExecutionOrchestrator.execute(EngineExecutionOrchestrator.java:88)
	at org.junit.platform.launcher.core.EngineExecutionOrchestrator.lambda$execute$0(EngineExecutionOrchestrator.java:54)
	at org.junit.platform.launcher.core.EngineExecutionOrchestrator.withInterceptedStreams(EngineExecutionOrchestrator.java:67)
	at org.junit.platform.launcher.core.EngineExecutionOrchestrator.execute(EngineExecutionOrchestrator.java:52)
	at org.junit.platform.launcher.core.DefaultLauncher.execute(DefaultLauncher.java:96)
	at org.junit.platform.launcher.core.DefaultLauncher.execute(DefaultLauncher.java:75)
	at org.apache.maven.surefire.junitplatform.JUnitPlatformProvider.invokeAllTests(JUnitPlatformProvider.java:142)
	at org.apache.maven.surefire.junitplatform.JUnitPlatformProvider.invoke(JUnitPlatformProvider.java:113)
	at org.apache.maven.surefire.booter.ForkedBooter.invokeProviderInSameClassLoader(ForkedBooter.java:384)
	at org.apache.maven.surefire.booter.ForkedBooter.runSuitesInProcess(ForkedBooter.java:345)
	at org.apache.maven.surefire.booter.ForkedBooter.execute(ForkedBooter.java:126)
	at org.apache.maven.surefire.booter.ForkedBooter.main(ForkedBooter.java:418)
</failure>
    <system-out><![CDATA[2021-10-16 01:05:17,541 [main] WARN  server.ServerUtils (ServerUtils.java:getScmDbDir(148)) - ozone.scm.db.dirs is not configured. We recommend adding this setting. Falling back to ozone.metadata.dirs instead.
2021-10-16 01:05:17,650 [main] INFO  ha.SCMHANodeDetails (SCMHANodeDetails.java:loadSCMHAConfig(157)) - ServiceID for StorageContainerManager is null
2021-10-16 01:05:17,650 [main] INFO  ha.SCMHANodeDetails (SCMHANodeDetails.java:loadSCMHAConfig(162)) - ozone.scm.default.service.id is not defined, falling back to ozone.scm.service.ids to find serviceID for StorageContainerManager if it is HA enabled cluster
2021-10-16 01:05:17,774 [main] WARN  server.ServerUtils (ServerUtils.java:getScmDbDir(148)) - ozone.scm.db.dirs is not configured. We recommend adding this setting. Falling back to ozone.metadata.dirs instead.
2021-10-16 01:05:17,779 [main] INFO  upgrade.AbstractLayoutVersionManager (AbstractLayoutVersionManager.java:init(79)) - Initializing Layout version manager with metadata layout = SCM_HA (version = 2), software layout = SCM_HA (version = 2)
2021-10-16 01:05:18,032 [main] INFO  reflections.Reflections (Reflections.java:scan(232)) - Reflections took 148 ms to scan 7 urls, producing 119 keys and 278 values 
2021-10-16 01:05:18,814 [main] WARN  utils.HAUtils (HAUtils.java:getMetaDir(342)) - ozone.scm.db.dirs is not configured. We recommend adding this setting. Falling back to ozone.metadata.dirs instead.
2021-10-16 01:05:18,957 [main] WARN  db.DBStoreBuilder (DBStoreBuilder.java:applyDBDefinition(145)) - ozone.scm.db.dirs is not configured. We recommend adding this setting. Falling back to ozone.metadata.dirs instead.
2021-10-16 01:05:19,171 [main] INFO  net.NodeSchemaLoader (NodeSchemaLoader.java:loadSchemaFromFile(129)) - Loading schema from [jar:file:/home/runner/.m2/repository/org/apache/ozone/hdds-common/1.2.0-SNAPSHOT/hdds-common-1.2.0-SNAPSHOT.jar!/network-topology-default.xml]
2021-10-16 01:05:19,174 [main] INFO  net.NodeSchemaLoader (NodeSchemaLoader.java:loadSchema(176)) - Loading network topology layer schema file
2021-10-16 01:05:19,243 [main] INFO  metrics.MetricRegistries (MetricRegistriesLoader.java:load(64)) - Loaded MetricRegistries class org.apache.ratis.metrics.impl.MetricRegistriesImpl
2021-10-16 01:05:19,275 [main] INFO  ha.SequenceIdGenerator (SequenceIdGenerator.java:upgradeToSequenceId(347)) - upgrade localId to 107544261427200000
2021-10-16 01:05:19,275 [main] INFO  ha.SequenceIdGenerator (SequenceIdGenerator.java:upgradeToSequenceId(357)) - upgrade delTxnId to 0
2021-10-16 01:05:19,285 [main] INFO  ha.SequenceIdGenerator (SequenceIdGenerator.java:upgradeToSequenceId(371)) - upgrade containerId to 0
2021-10-16 01:05:19,290 [main] INFO  ha.SequenceIdGenerator (SequenceIdGenerator.java:<init>(218)) - Init the HA SequenceIdGenerator.
2021-10-16 01:05:19,358 [main] INFO  node.SCMNodeManager (SCMNodeManager.java:<init>(144)) - Entering startup safe mode.
2021-10-16 01:05:19,441 [main] INFO  algorithms.ContainerPlacementPolicyFactory (ContainerPlacementPolicyFactory.java:getPolicy(60)) - Create container placement policy of type org.apache.hadoop.hdds.scm.container.placement.algorithms.SCMContainerPlacementRandom
2021-10-16 01:05:19,460 [main] INFO  pipeline.PipelineStateManagerImpl (PipelineStateManagerImpl.java:initialize(78)) - No pipeline exists in current db
2021-10-16 01:05:19,511 [main] INFO  algorithms.LeaderChoosePolicyFactory (LeaderChoosePolicyFactory.java:getPolicy(57)) - Create leader choose policy of type org.apache.hadoop.hdds.scm.pipeline.leader.choose.algorithms.MinLeaderCountChoosePolicy
2021-10-16 01:05:19,524 [main] INFO  ha.SCMServiceManager (SCMServiceManager.java:register(43)) - Registering service BackgroundPipelineCreator.
2021-10-16 01:05:19,524 [main] INFO  pipeline.BackgroundPipelineCreator (BackgroundPipelineCreator.java:start(130)) - Starting RatisPipelineUtilsThread.
2021-10-16 01:05:19,565 [main] INFO  algorithms.PipelineChoosePolicyFactory (PipelineChoosePolicyFactory.java:createPipelineChoosePolicyFromClass(73)) - Create pipeline choose policy of type org.apache.hadoop.hdds.scm.pipeline.choose.algorithms.RandomPipelineChoosePolicy
2021-10-16 01:05:19,593 [main] INFO  ha.SCMServiceManager (SCMServiceManager.java:register(43)) - Registering service SCMBlockDeletingService.
2021-10-16 01:05:19,633 [main] INFO  ha.SCMServiceManager (SCMServiceManager.java:register(43)) - Registering service ReplicationManager.
2021-10-16 01:05:19,637 [main] INFO  container.ReplicationManager (ReplicationManager.java:start(319)) - Starting Replication Monitor Thread.
2021-10-16 01:05:19,651 [ReplicationMonitor] INFO  container.ReplicationManager (ReplicationManager.java:processAll(371)) - Replication Monitor Thread took 0 milliseconds for processing 0 containers.
2021-10-16 01:05:19,656 [main] INFO  safemode.ContainerSafeModeRule (ContainerSafeModeRule.java:<init>(89)) - containers with one replica threshold count 0
2021-10-16 01:05:19,661 [main] INFO  safemode.HealthyPipelineSafeModeRule (HealthyPipelineSafeModeRule.java:initializeRule(156)) - Total pipeline count is 0, healthy pipeline threshold count is 1
2021-10-16 01:05:19,665 [main] INFO  safemode.OneReplicaPipelineSafeModeRule (OneReplicaPipelineSafeModeRule.java:initializeRule(180)) - Total pipeline count is 0, pipeline's with at least one datanode reported threshold count is 0
2021-10-16 01:05:20,166 [main] INFO  ipc.CallQueueManager (CallQueueManager.java:<init>(90)) - Using callQueue: class java.util.concurrent.LinkedBlockingQueue, queueCapacity: 2000, scheduler: class org.apache.hadoop.ipc.DefaultRpcScheduler, ipcBackoff: false.
2021-10-16 01:05:20,213 [Socket Reader #1 for port 0] INFO  ipc.Server (Server.java:run(1265)) - Starting Socket Reader #1 for port 0
2021-10-16 01:05:20,264 [Listener at 0.0.0.0/39403] INFO  ipc.CallQueueManager (CallQueueManager.java:<init>(90)) - Using callQueue: class java.util.concurrent.LinkedBlockingQueue, queueCapacity: 2000, scheduler: class org.apache.hadoop.ipc.DefaultRpcScheduler, ipcBackoff: false.
2021-10-16 01:05:20,272 [Socket Reader #1 for port 0] INFO  ipc.Server (Server.java:run(1265)) - Starting Socket Reader #1 for port 0
2021-10-16 01:05:20,300 [Listener at 0.0.0.0/40943] INFO  ipc.CallQueueManager (CallQueueManager.java:<init>(90)) - Using callQueue: class java.util.concurrent.LinkedBlockingQueue, queueCapacity: 2000, scheduler: class org.apache.hadoop.ipc.DefaultRpcScheduler, ipcBackoff: false.
2021-10-16 01:05:20,300 [Socket Reader #1 for port 0] INFO  ipc.Server (Server.java:run(1265)) - Starting Socket Reader #1 for port 0
2021-10-16 01:05:20,388 [Listener at 0.0.0.0/39811] INFO  algorithms.ContainerPlacementPolicyFactory (ContainerPlacementPolicyFactory.java:getPolicy(60)) - Create container placement policy of type org.apache.hadoop.hdds.scm.container.placement.algorithms.SCMContainerPlacementRandom
2021-10-16 01:05:20,396 [Listener at 0.0.0.0/39811] INFO  server.StorageContainerManager (StorageContainerManager.java:<init>(388)) - 
Container Balancer status:
Key                            Value
Running                        false
Container Balancer Configuration values:
Key                                                Value
Threshold                                          0.1
Max Datanodes to Involve per Iteration(ratio)      0.2
Max Size to Move per Iteration                     32212254720B

2021-10-16 01:05:20,397 [Listener at 0.0.0.0/39811] WARN  events.EventQueue (EventQueue.java:fireEvent(194)) - No event handler registered for event TypedEvent{payloadType=SafeModeStatus, name='Safe mode status'}
2021-10-16 01:05:20,397 [Listener at 0.0.0.0/39811] INFO  ha.SCMContext (SCMContext.java:updateSafeModeStatus(205)) - Update SafeModeStatus from SafeModeStatus{safeModeStatus=true, preCheckPassed=false} to SafeModeStatus{safeModeStatus=true, preCheckPassed=false}.
2021-10-16 01:05:20,401 [Listener at 0.0.0.0/39811] INFO  server.StorageContainerManager (StorageContainerManager.java:start(1303)) - StorageContainerLocationProtocol RPC server is listening at /0.0.0.0:39811
2021-10-16 01:05:20,493 [Listener at 0.0.0.0/39811] WARN  impl.MetricsConfig (MetricsConfig.java:loadFirst(136)) - Cannot locate configuration: tried hadoop-metrics2-storagecontainermanager.properties,hadoop-metrics2.properties
2021-10-16 01:05:20,512 [Listener at 0.0.0.0/39811] INFO  impl.MetricsSystemImpl (MetricsSystemImpl.java:startTimer(378)) - Scheduled Metric snapshot period at 10 second(s).
2021-10-16 01:05:20,513 [Listener at 0.0.0.0/39811] INFO  impl.MetricsSystemImpl (MetricsSystemImpl.java:start(191)) - StorageContainerManager metrics system started
2021-10-16 01:05:21,041 [Listener at 0.0.0.0/39811] INFO  server.SCMClientProtocolServer (SCMClientProtocolServer.java:start(164)) - RPC server for Client  is listening at /0.0.0.0:39811
2021-10-16 01:05:21,044 [IPC Server listener on 0] INFO  ipc.Server (Server.java:run(1344)) - IPC Server listener on 0: starting
2021-10-16 01:05:21,044 [IPC Server Responder] INFO  ipc.Server (Server.java:run(1507)) - IPC Server Responder: starting
2021-10-16 01:05:21,052 [Listener at 0.0.0.0/39811] INFO  server.StorageContainerManager (StorageContainerManager.java:start(1318)) - ScmBlockLocationProtocol RPC server is listening at /0.0.0.0:40943
2021-10-16 01:05:21,053 [Listener at 0.0.0.0/39811] INFO  server.SCMBlockProtocolServer (SCMBlockProtocolServer.java:start(151)) - RPC server for Block Protocol is listening at /0.0.0.0:40943
2021-10-16 01:05:21,055 [IPC Server Responder] INFO  ipc.Server (Server.java:run(1507)) - IPC Server Responder: starting
2021-10-16 01:05:21,055 [IPC Server listener on 0] INFO  ipc.Server (Server.java:run(1344)) - IPC Server listener on 0: starting
2021-10-16 01:05:21,059 [Listener at 0.0.0.0/39811] INFO  server.StorageContainerManager (StorageContainerManager.java:start(1324)) - ScmDatanodeProtocl RPC server is listening at /0.0.0.0:39403
2021-10-16 01:05:21,060 [Listener at 0.0.0.0/39811] INFO  server.SCMDatanodeProtocolServer (SCMDatanodeProtocolServer.java:start(181)) - RPC server for DataNodes is listening at /0.0.0.0:39403
2021-10-16 01:05:21,061 [IPC Server Responder] INFO  ipc.Server (Server.java:run(1507)) - IPC Server Responder: starting
2021-10-16 01:05:21,062 [IPC Server listener on 0] INFO  ipc.Server (Server.java:run(1344)) - IPC Server listener on 0: starting
2021-10-16 01:05:21,084 [org.apache.hadoop.util.JvmPauseMonitor$Monitor@795eddda] INFO  util.JvmPauseMonitor (JvmPauseMonitor.java:run(188)) - Starting JVM pause monitor
2021-10-16 01:05:21,110 [Listener at 0.0.0.0/39811] INFO  http.BaseHttpServer (BaseHttpServer.java:newHttpServer2BuilderForOzone(209)) - Starting Web-server for scm at: http://0.0.0.0:0
2021-10-16 01:05:21,110 [Listener at 0.0.0.0/39811] INFO  http.BaseHttpServer (BaseHttpServer.java:<init>(107)) - Hadoop Security Enabled: false Ozone Security Enabled: false Ozone HTTP Security Enabled: false 
2021-10-16 01:05:21,147 [Listener at 0.0.0.0/39811] INFO  util.log (Log.java:initialized(170)) - Logging initialized @5384ms to org.eclipse.jetty.util.log.Slf4jLog
2021-10-16 01:05:21,291 [Listener at 0.0.0.0/39811] INFO  server.AuthenticationFilter (AuthenticationFilter.java:constructSecretProvider(240)) - Unable to initialize FileSignerSecretProvider, falling back to use random secrets.
2021-10-16 01:05:21,298 [Listener at 0.0.0.0/39811] WARN  http.HttpRequestLog (HttpRequestLog.java:getRequestLog(103)) - Jetty request log can only be enabled using Log4j
2021-10-16 01:05:21,311 [Listener at 0.0.0.0/39811] INFO  http.HttpServer2 (HttpServer2.java:addGlobalFilter(1030)) - Added global filter 'safety' (class=org.apache.hadoop.hdds.server.http.HttpServer2$QuotingInputFilter)
2021-10-16 01:05:21,317 [Listener at 0.0.0.0/39811] INFO  http.HttpServer2 (HttpServer2.java:addFilter(1006)) - Added filter static_user_filter (class=org.apache.hadoop.http.lib.StaticUserWebFilter$StaticUserFilter) to context scm
2021-10-16 01:05:21,318 [Listener at 0.0.0.0/39811] INFO  http.HttpServer2 (HttpServer2.java:addFilter(1014)) - Added filter static_user_filter (class=org.apache.hadoop.http.lib.StaticUserWebFilter$StaticUserFilter) to context static
2021-10-16 01:05:21,318 [Listener at 0.0.0.0/39811] INFO  http.HttpServer2 (HttpServer2.java:addFilter(1014)) - Added filter static_user_filter (class=org.apache.hadoop.http.lib.StaticUserWebFilter$StaticUserFilter) to context logs
2021-10-16 01:05:21,381 [Listener at 0.0.0.0/39811] INFO  http.HttpServer2 (HttpServer2.java:bindListener(1249)) - Jetty bound to port 35173
2021-10-16 01:05:21,384 [Listener at 0.0.0.0/39811] INFO  server.Server (Server.java:doStart(375)) - jetty-9.4.43.v20210629; built: 2021-06-30T11:07:22.254Z; git: 526006ecfa3af7f1a27ef3a288e2bef7ea9dd7e8; jvm 1.8.0_292-b10
2021-10-16 01:05:21,429 [Listener at 0.0.0.0/39811] INFO  server.session (DefaultSessionIdManager.java:doStart(334)) - DefaultSessionIdManager workerName=node0
2021-10-16 01:05:21,429 [Listener at 0.0.0.0/39811] INFO  server.session (DefaultSessionIdManager.java:doStart(339)) - No SessionScavenger set, using defaults
2021-10-16 01:05:21,435 [Listener at 0.0.0.0/39811] INFO  server.session (HouseKeeper.java:startScavenging(132)) - node0 Scavenging every 600000ms
2021-10-16 01:05:21,455 [Listener at 0.0.0.0/39811] INFO  handler.ContextHandler (ContextHandler.java:doStart(915)) - Started o.e.j.s.ServletContextHandler@91a1005{logs,/logs,file:///home/runner/work/ozone/ozone/hadoop-ozone/integration-test/target/log,AVAILABLE}
2021-10-16 01:05:21,456 [Listener at 0.0.0.0/39811] INFO  handler.ContextHandler (ContextHandler.java:doStart(915)) - Started o.e.j.s.ServletContextHandler@328e50eb{static,/static,file:///home/runner/work/ozone/ozone/hadoop-ozone/integration-test/target/test-classes/webapps/static,AVAILABLE}
2021-10-16 01:05:21,528 [Listener at 0.0.0.0/39811] INFO  handler.ContextHandler (ContextHandler.java:doStart(915)) - Started o.e.j.w.WebAppContext@7fb5368e{scm,/,file:///home/runner/work/ozone/ozone/hadoop-ozone/integration-test/target/test-classes/webapps/scm/,AVAILABLE}{file:/home/runner/work/ozone/ozone/hadoop-ozone/integration-test/target/test-classes/webapps/scm}
2021-10-16 01:05:21,541 [Listener at 0.0.0.0/39811] INFO  server.AbstractConnector (AbstractConnector.java:doStart(331)) - Started ServerConnector@4c9d833{HTTP/1.1, (http/1.1)}{0.0.0.0:35173}
2021-10-16 01:05:21,542 [Listener at 0.0.0.0/39811] INFO  server.Server (Server.java:doStart(415)) - Started @5779ms
2021-10-16 01:05:21,545 [Listener at 0.0.0.0/39811] INFO  impl.MetricsSinkAdapter (MetricsSinkAdapter.java:start(204)) - Sink prometheus started
2021-10-16 01:05:21,546 [Listener at 0.0.0.0/39811] INFO  impl.MetricsSystemImpl (MetricsSystemImpl.java:registerSink(305)) - Registered sink prometheus
2021-10-16 01:05:21,548 [Listener at 0.0.0.0/39811] INFO  http.BaseHttpServer (BaseHttpServer.java:updateConnectorAddress(329)) - HTTP server of scm listening at http://0.0.0.0:35173
2021-10-16 01:05:21,550 [Listener at 0.0.0.0/39811] WARN  server.ServerUtils (ServerUtils.java:getDBPath(225)) - ozone.om.db.dirs is not configured. We recommend adding this setting. Falling back to ozone.metadata.dirs instead.
2021-10-16 01:05:21,708 [Listener at 0.0.0.0/39811] INFO  ha.OMHANodeDetails (OMHANodeDetails.java:loadOMHAConfig(112)) - ozone.om.internal.service.id is not defined, falling back to ozone.om.service.ids to find serviceID for OzoneManager if it is HA enabled cluster
2021-10-16 01:05:21,712 [Listener at 0.0.0.0/39811] INFO  ha.OMHANodeDetails (OMHANodeDetails.java:loadOMHAConfig(219)) - Configuration does not have ozone.om.address set. Falling back to the default OM address /127.0.0.1:0
2021-10-16 01:05:21,713 [Listener at 0.0.0.0/39811] INFO  ha.OMHANodeDetails (OMHANodeDetails.java:getOMNodeDetails(247)) - OM Service ID is not set. Setting it to the default ID: omServiceIdDefault
2021-10-16 01:05:21,713 [Listener at 0.0.0.0/39811] INFO  ha.OMHANodeDetails (OMHANodeDetails.java:getOMNodeDetails(254)) - OM Node ID is not set. Setting it to the default ID: om1
2021-10-16 01:05:21,717 [Listener at 0.0.0.0/39811] WARN  server.ServerUtils (ServerUtils.java:getDBPath(225)) - ozone.om.db.dirs is not configured. We recommend adding this setting. Falling back to ozone.metadata.dirs instead.
2021-10-16 01:05:21,720 [Listener at 0.0.0.0/39811] INFO  upgrade.AbstractLayoutVersionManager (AbstractLayoutVersionManager.java:init(79)) - Initializing Layout version manager with metadata layout = INITIAL_VERSION (version = 0), software layout = INITIAL_VERSION (version = 0)
2021-10-16 01:05:21,786 [Listener at 0.0.0.0/39811] INFO  reflections.Reflections (Reflections.java:scan(232)) - Reflections took 61 ms to scan 2 urls, producing 131 keys and 342 values [using 2 cores]
2021-10-16 01:05:21,793 [Listener at 0.0.0.0/39811] INFO  upgrade.OMLayoutVersionManager (OMLayoutVersionManager.java:lambda$0(115)) - Skipping Upgrade Action MockOmUpgradeAction since it has been finalized.
2021-10-16 01:05:21,794 [Listener at 0.0.0.0/39811] WARN  server.ServerUtils (ServerUtils.java:getDBPath(225)) - ozone.om.db.dirs is not configured. We recommend adding this setting. Falling back to ozone.metadata.dirs instead.
2021-10-16 01:05:22,324 [Listener at 0.0.0.0/39811] WARN  server.ServerUtils (ServerUtils.java:getDBPath(225)) - ozone.om.db.dirs is not configured. We recommend adding this setting. Falling back to ozone.metadata.dirs instead.
2021-10-16 01:05:22,332 [Listener at 0.0.0.0/39811] INFO  codec.OmKeyInfoCodec (OmKeyInfoCodec.java:<init>(51)) - OmKeyInfoCodec ignorePipeline = true
2021-10-16 01:05:22,334 [Listener at 0.0.0.0/39811] INFO  codec.RepeatedOmKeyInfoCodec (RepeatedOmKeyInfoCodec.java:<init>(42)) - RepeatedOmKeyInfoCodec ignorePipeline = true
2021-10-16 01:05:22,622 [Listener at 0.0.0.0/39811] INFO  om.OzoneManager (OzoneManager.java:addS3GVolumeToDB(4151)) - Created Volume s3v With Owner runner required for S3Gateway operations.
2021-10-16 01:05:22,745 [Listener at 0.0.0.0/39811] WARN  server.ServerUtils (ServerUtils.java:getDefaultRatisDirectory(237)) - Storage directory for Ratis is not configured. It is a good idea to map this to an SSD disk. Falling back to ozone.metadata.dirs
2021-10-16 01:05:22,749 [Listener at 0.0.0.0/39811] WARN  utils.OzoneManagerRatisUtils (OzoneManagerRatisUtils.java:getOMRatisSnapshotDirectory(435)) - ozone.om.ratis.snapshot.dir is not configured. Falling back to ozone.metadata.dirs config
2021-10-16 01:05:22,794 [Listener at 0.0.0.0/39811] WARN  server.ServerUtils (ServerUtils.java:getDefaultRatisDirectory(237)) - Storage directory for Ratis is not configured. It is a good idea to map this to an SSD disk. Falling back to ozone.metadata.dirs
2021-10-16 01:05:22,844 [Listener at 0.0.0.0/39811] INFO  ratis.OzoneManagerRatisServer (OzoneManagerRatisServer.java:<init>(159)) - Instantiating OM Ratis server with groupID: omServiceIdDefault and peers: localhost:9872
2021-10-16 01:05:22,857 [Listener at 0.0.0.0/39811] INFO  ratis.OzoneManagerStateMachine (OzoneManagerStateMachine.java:loadSnapshotInfoFromDB(605)) - LastAppliedIndex is set from TransactionInfo from OM DB as (t:0, i:~)
2021-10-16 01:05:22,910 [Listener at 0.0.0.0/39811] INFO  server.RaftServer (ConfUtils.java:logGet(44)) - raft.rpc.type = GRPC (default)
2021-10-16 01:05:23,018 [Listener at 0.0.0.0/39811] INFO  grpc.GrpcFactory (GrpcFactory.java:checkPooledByteBufAllocatorUseCacheForAllThreads(48)) - PERFORMANCE WARNING: useCacheForAllThreads is true that may cause Netty to create a lot garbage objects and, as a result, trigger GC.
	It is recommended to disable useCacheForAllThreads by setting -Dorg.apache.ratis.thirdparty.io.netty.allocator.useCacheForAllThreads=false in command line.
2021-10-16 01:05:23,025 [Listener at 0.0.0.0/39811] INFO  grpc.GrpcConfigKeys (ConfUtils.java:logGet(44)) - raft.grpc.admin.port = -1 (default)
2021-10-16 01:05:23,025 [Listener at 0.0.0.0/39811] INFO  grpc.GrpcConfigKeys (ConfUtils.java:logGet(44)) - raft.grpc.server.port = 9872 (custom)
2021-10-16 01:05:23,026 [Listener at 0.0.0.0/39811] INFO  grpc.GrpcConfigKeys (ConfUtils.java:logGet(44)) - raft.grpc.client.port = -1 (default)
2021-10-16 01:05:23,026 [Listener at 0.0.0.0/39811] INFO  grpc.GrpcConfigKeys (ConfUtils.java:logGet(44)) - raft.grpc.server.port = 9872 (custom)
2021-10-16 01:05:23,027 [Listener at 0.0.0.0/39811] INFO  grpc.GrpcConfigKeys (ConfUtils.java:logGet(44)) - raft.grpc.server.port = 9872 (custom)
2021-10-16 01:05:23,028 [Listener at 0.0.0.0/39811] INFO  server.GrpcService (ConfUtils.java:logGet(44)) - raft.grpc.message.size.max = 33554432 (custom)
2021-10-16 01:05:23,029 [Listener at 0.0.0.0/39811] INFO  server.RaftServerConfigKeys (ConfUtils.java:logGet(44)) - raft.server.log.appender.buffer.byte-limit = 33554432 (custom)
2021-10-16 01:05:23,030 [Listener at 0.0.0.0/39811] INFO  server.GrpcService (ConfUtils.java:logGet(44)) - raft.grpc.flow.control.window = 1MB (=1048576) (default)
2021-10-16 01:05:23,031 [Listener at 0.0.0.0/39811] INFO  server.RaftServerConfigKeys (ConfUtils.java:logGet(44)) - raft.server.rpc.request.timeout = 3000ms (default)
2021-10-16 01:05:23,432 [Listener at 0.0.0.0/39811] INFO  impl.DataStreamServerImpl (ConfUtils.java:logGet(44)) - raft.datastream.type = DISABLED (default)
2021-10-16 01:05:23,435 [Listener at 0.0.0.0/39811] INFO  server.RaftServerConfigKeys (ConfUtils.java:logGet(44)) - raft.server.rpc.slowness.timeout = 120s (custom)
2021-10-16 01:05:23,436 [Listener at 0.0.0.0/39811] INFO  server.RaftServerConfigKeys (ConfUtils.java:logGet(44)) - raft.server.leaderelection.leader.step-down.wait-time = 10s (default)
2021-10-16 01:05:23,465 [Listener at 0.0.0.0/39811] INFO  server.RaftServerConfigKeys (ConfUtils.java:logGet(44)) - raft.server.storage.dir = [/home/runner/work/ozone/ozone/hadoop-ozone/integration-test/target/test-dir/MiniOzoneClusterImpl-248ee1f4-0f5c-4e53-af87-c176a130d444/ozone-meta/ratis] (custom)
2021-10-16 01:05:23,472 [Listener at 0.0.0.0/39811] INFO  server.RaftServer (RaftServerProxy.java:addNew(95)) - om1: addNew group-C5BA1605619E:[om1|rpc:localhost:9872|priority:0] returns group-C5BA1605619E:java.util.concurrent.CompletableFuture@66ce59d9[Not completed]
2021-10-16 01:05:23,473 [Listener at 0.0.0.0/39811] INFO  om.OzoneManager (OzoneManager.java:initializeRatisServer(1605)) - OzoneManager Ratis server initialized at port 9872
2021-10-16 01:05:23,509 [pool-39-thread-1] INFO  server.RaftServer$Division (RaftServerImpl.java:<init>(181)) - om1: new RaftServerImpl for group-C5BA1605619E:[om1|rpc:localhost:9872|priority:0] with OzoneManagerStateMachine:uninitialized
2021-10-16 01:05:23,520 [pool-39-thread-1] INFO  server.RaftServerConfigKeys (ConfUtils.java:logGet(44)) - raft.server.rpc.timeout.min = 1s (custom)
2021-10-16 01:05:23,521 [pool-39-thread-1] INFO  server.RaftServerConfigKeys (ConfUtils.java:logGet(44)) - raft.server.rpc.timeout.max = 1200ms (custom)
2021-10-16 01:05:23,522 [pool-39-thread-1] INFO  server.RaftServerConfigKeys (ConfUtils.java:logGet(44)) - raft.server.rpc.sleep.time = 25ms (default)
2021-10-16 01:05:23,522 [pool-39-thread-1] INFO  server.RaftServerConfigKeys (ConfUtils.java:logGet(44)) - raft.server.rpc.slowness.timeout = 120s (custom)
2021-10-16 01:05:23,522 [pool-39-thread-1] INFO  server.RaftServerConfigKeys (ConfUtils.java:logGet(44)) - raft.server.leaderelection.leader.step-down.wait-time = 10s (default)
2021-10-16 01:05:23,522 [pool-39-thread-1] INFO  server.RaftServerConfigKeys (ConfUtils.java:logGet(44)) - raft.server.sleep.deviation.threshold = 300ms (default)
2021-10-16 01:05:23,523 [pool-39-thread-1] INFO  server.RaftServerConfigKeys (ConfUtils.java:logGet(44)) - raft.server.log.appender.install.snapshot.enabled = false (custom)
2021-10-16 01:05:23,529 [Listener at 0.0.0.0/39811] INFO  ipc.CallQueueManager (CallQueueManager.java:<init>(90)) - Using callQueue: class java.util.concurrent.LinkedBlockingQueue, queueCapacity: 2000, scheduler: class org.apache.hadoop.ipc.DefaultRpcScheduler, ipcBackoff: false.
2021-10-16 01:05:23,536 [Socket Reader #1 for port 0] INFO  ipc.Server (Server.java:run(1265)) - Starting Socket Reader #1 for port 0
2021-10-16 01:05:23,556 [pool-39-thread-1] INFO  server.RaftServer$Division (ServerState.java:<init>(105)) - om1@group-C5BA1605619E: ConfigurationManager, init=-1: [om1|rpc:localhost:9872|priority:0], old=null, confs=<EMPTY_MAP>
2021-10-16 01:05:23,556 [pool-39-thread-1] INFO  server.RaftServerConfigKeys (ConfUtils.java:logGet(44)) - raft.server.storage.dir = [/home/runner/work/ozone/ozone/hadoop-ozone/integration-test/target/test-dir/MiniOzoneClusterImpl-248ee1f4-0f5c-4e53-af87-c176a130d444/ozone-meta/ratis] (custom)
2021-10-16 01:05:23,567 [pool-39-thread-1] INFO  server.RaftServerConfigKeys (ConfUtils.java:logGet(44)) - raft.server.log.corruption.policy = EXCEPTION (default)
2021-10-16 01:05:23,568 [pool-39-thread-1] INFO  server.RaftServerConfigKeys (ConfUtils.java:logGet(44)) - raft.server.storage.free-space.min = 0MB (=0) (default)
2021-10-16 01:05:23,571 [pool-39-thread-1] INFO  storage.RaftStorageDirectory (RaftStorageDirectoryImpl.java:analyzeStorage(135)) - The storage directory /home/runner/work/ozone/ozone/hadoop-ozone/integration-test/target/test-dir/MiniOzoneClusterImpl-248ee1f4-0f5c-4e53-af87-c176a130d444/ozone-meta/ratis/bf265839-605b-3f16-9796-c5ba1605619e does not exist. Creating ...
2021-10-16 01:05:23,591 [pool-39-thread-1] INFO  storage.RaftStorageDirectory (RaftStorageDirectoryImpl.java:tryLock(230)) - Lock on /home/runner/work/ozone/ozone/hadoop-ozone/integration-test/target/test-dir/MiniOzoneClusterImpl-248ee1f4-0f5c-4e53-af87-c176a130d444/ozone-meta/ratis/bf265839-605b-3f16-9796-c5ba1605619e/in_use.lock acquired by nodename 12906@fv-az270-581
2021-10-16 01:05:23,606 [pool-39-thread-1] INFO  storage.RaftStorage (RaftStorageImpl.java:format(89)) - Storage directory /home/runner/work/ozone/ozone/hadoop-ozone/integration-test/target/test-dir/MiniOzoneClusterImpl-248ee1f4-0f5c-4e53-af87-c176a130d444/ozone-meta/ratis/bf265839-605b-3f16-9796-c5ba1605619e has been successfully formatted.
2021-10-16 01:05:23,615 [Listener at 127.0.0.1/36205] INFO  om.OzoneManager (OzoneManager.java:initFSOLayout(4357)) - Configured ozone.om.metadata.layout=SIMPLE and disabled optimized OM FS operations
2021-10-16 01:05:23,616 [pool-39-thread-1] INFO  server.RaftServerConfigKeys (ConfUtils.java:logGet(44)) - raft.server.notification.no-leader.timeout = 120s (custom)
2021-10-16 01:05:23,619 [pool-39-thread-1] INFO  server.RaftServerConfigKeys (ConfUtils.java:logGet(44)) - raft.server.log.use.memory = false (default)
2021-10-16 01:05:23,629 [Listener at 127.0.0.1/36205] INFO  impl.MetricsSystemImpl (MetricsSystemImpl.java:init(158)) - OzoneManager metrics system started (again)
2021-10-16 01:05:23,648 [pool-39-thread-1] INFO  server.RaftServerConfigKeys (ConfUtils.java:logGet(44)) - raft.server.log.purge.gap = 1000000 (custom)
2021-10-16 01:05:23,649 [pool-39-thread-1] INFO  server.RaftServerConfigKeys (ConfUtils.java:logGet(44)) - raft.server.log.appender.buffer.byte-limit = 33554432 (custom)
2021-10-16 01:05:23,674 [pool-39-thread-1] INFO  server.RaftServerConfigKeys (ConfUtils.java:logGet(44)) - raft.server.log.segment.size.max = 4194304 (custom)
2021-10-16 01:05:23,678 [Listener at 127.0.0.1/36205] INFO  om.OzoneManager (OzoneManager.java:start(1301)) - OzoneManager RPC server is listening at localhost/127.0.0.1:36205
2021-10-16 01:05:23,681 [Listener at 127.0.0.1/36205] INFO  ratis.OzoneManagerRatisServer (OzoneManagerRatisServer.java:start(520)) - Starting OzoneManagerRatisServer om1 at port 9872
2021-10-16 01:05:23,694 [pool-39-thread-1] INFO  server.RaftServerConfigKeys (ConfUtils.java:logGet(44)) - raft.server.log.segment.cache.num.max = 2 (custom)
2021-10-16 01:05:23,695 [pool-39-thread-1] INFO  server.RaftServerConfigKeys (ConfUtils.java:logGet(44)) - raft.server.log.segment.cache.size.max = 200MB (=209715200) (default)
2021-10-16 01:05:23,704 [pool-39-thread-1] INFO  segmented.SegmentedRaftLogWorker (SegmentedRaftLogWorker.java:<init>(182)) - new om1@group-C5BA1605619E-SegmentedRaftLogWorker for RaftStorageImpl:Storage Directory /home/runner/work/ozone/ozone/hadoop-ozone/integration-test/target/test-dir/MiniOzoneClusterImpl-248ee1f4-0f5c-4e53-af87-c176a130d444/ozone-meta/ratis/bf265839-605b-3f16-9796-c5ba1605619e
2021-10-16 01:05:23,705 [pool-39-thread-1] INFO  server.RaftServerConfigKeys (ConfUtils.java:logGet(44)) - raft.server.log.queue.byte-limit = 64MB (=67108864) (default)
2021-10-16 01:05:23,705 [pool-39-thread-1] INFO  server.RaftServerConfigKeys (ConfUtils.java:logGet(44)) - raft.server.log.queue.element-limit = 4096 (default)
2021-10-16 01:05:23,706 [pool-39-thread-1] INFO  server.RaftServerConfigKeys (ConfUtils.java:logGet(44)) - raft.server.log.segment.size.max = 4194304 (custom)
2021-10-16 01:05:23,706 [pool-39-thread-1] INFO  server.RaftServerConfigKeys (ConfUtils.java:logGet(44)) - raft.server.log.preallocated.size = 4194304 (custom)
2021-10-16 01:05:23,707 [pool-39-thread-1] INFO  server.RaftServerConfigKeys (ConfUtils.java:logGet(44)) - raft.server.log.force.sync.num = 128 (default)
2021-10-16 01:05:23,709 [pool-39-thread-1] INFO  server.RaftServerConfigKeys (ConfUtils.java:logGet(44)) - raft.server.log.statemachine.data.sync = true (default)
2021-10-16 01:05:23,709 [pool-39-thread-1] INFO  server.RaftServerConfigKeys (ConfUtils.java:logGet(44)) - raft.server.log.statemachine.data.sync.timeout = 10s (default)
2021-10-16 01:05:23,710 [pool-39-thread-1] INFO  server.RaftServerConfigKeys (ConfUtils.java:logGet(44)) - raft.server.log.statemachine.data.sync.timeout.retry = -1 (default)
2021-10-16 01:05:23,721 [pool-39-thread-1] INFO  server.RaftServerConfigKeys (ConfUtils.java:logGet(44)) - raft.server.log.write.buffer.size = 64KB (=65536) (default)
2021-10-16 01:05:23,722 [pool-39-thread-1] INFO  server.RaftServerConfigKeys (ConfUtils.java:logGet(44)) - raft.server.log.statemachine.data.caching.enabled = false (default)
2021-10-16 01:05:23,730 [pool-39-thread-1] INFO  segmented.SegmentedRaftLogWorker (SegmentedRaftLogWorker.java:lambda$new$0(133)) - om1@group-C5BA1605619E-SegmentedRaftLogWorker: flushIndex: setUnconditionally 0 -> -1
2021-10-16 01:05:23,731 [pool-39-thread-1] INFO  segmented.SegmentedRaftLogWorker (SegmentedRaftLogWorker.java:lambda$new$0(133)) - om1@group-C5BA1605619E-SegmentedRaftLogWorker: safeCacheEvictIndex: setUnconditionally 0 -> -1
2021-10-16 01:05:23,736 [pool-39-thread-1] INFO  server.RaftServerConfigKeys (ConfUtils.java:logGet(44)) - raft.server.snapshot.auto.trigger.enabled = true (custom)
2021-10-16 01:05:23,737 [pool-39-thread-1] INFO  server.RaftServerConfigKeys (ConfUtils.java:logGet(44)) - raft.server.snapshot.auto.trigger.threshold = 400000 (default)
2021-10-16 01:05:23,738 [pool-39-thread-1] INFO  server.RaftServerConfigKeys (ConfUtils.java:logGet(44)) - raft.server.snapshot.retention.file.num = -1 (default)
2021-10-16 01:05:23,739 [pool-39-thread-1] INFO  server.RaftServerConfigKeys (ConfUtils.java:logGet(44)) - raft.server.log.purge.upto.snapshot.index = true (custom)
2021-10-16 01:05:23,740 [pool-39-thread-1] INFO  server.RaftServerConfigKeys (ConfUtils.java:logGet(44)) - raft.server.retrycache.expirytime = 300s (custom)
2021-10-16 01:05:23,741 [pool-39-thread-1] INFO  server.RaftServerConfigKeys (ConfUtils.java:logGet(44)) - raft.server.retrycache.statistics.expirytime = 100μs (default)
2021-10-16 01:05:23,802 [Listener at 127.0.0.1/36205] INFO  server.RaftServer$Division (RaftServerImpl.java:start(296)) - om1@group-C5BA1605619E: start as a follower, conf=-1: [om1|rpc:localhost:9872|priority:0], old=null
2021-10-16 01:05:23,804 [Listener at 127.0.0.1/36205] INFO  server.RaftServer$Division (RaftServerImpl.java:setRole(285)) - om1@group-C5BA1605619E: changes role from      null to FOLLOWER at term 0 for startAsFollower
2021-10-16 01:05:23,806 [Listener at 127.0.0.1/36205] INFO  impl.RoleInfo (RoleInfo.java:updateAndGet(130)) - om1: start om1@group-C5BA1605619E-FollowerState
2021-10-16 01:05:23,811 [Listener at 127.0.0.1/36205] INFO  util.JmxRegister (JmxRegister.java:tryRegister(44)) - Successfully registered JMX Bean with object name Ratis:service=RaftServer,group=group-C5BA1605619E,id=om1
2021-10-16 01:05:23,825 [Listener at 127.0.0.1/36205] INFO  server.RaftServer (RaftServerProxy.java:lambda$start$5(374)) - om1: start RPC server
2021-10-16 01:05:23,929 [Listener at 127.0.0.1/36205] INFO  server.GrpcService (GrpcService.java:startImpl(253)) - om1: GrpcService started, listening on 9872
2021-10-16 01:05:23,936 [Listener at 127.0.0.1/36205] INFO  om.OzoneManager (OzoneManager.java:start(1319)) - Version File has different layout version (0) than OM DB (null). That is expected if this OM has never been finalized to a newer layout version.
2021-10-16 01:05:23,939 [org.apache.ratis.util.JvmPauseMonitor$$Lambda$521/94530068@24287e5e] INFO  util.JvmPauseMonitor (JvmPauseMonitor.java:run(103)) - JvmPauseMonitor-om1: Started
2021-10-16 01:05:23,955 [Listener at 127.0.0.1/36205] INFO  http.BaseHttpServer (BaseHttpServer.java:newHttpServer2BuilderForOzone(209)) - Starting Web-server for ozoneManager at: http://0.0.0.0:0
2021-10-16 01:05:23,955 [Listener at 127.0.0.1/36205] INFO  http.BaseHttpServer (BaseHttpServer.java:<init>(107)) - Hadoop Security Enabled: false Ozone Security Enabled: false Ozone HTTP Security Enabled: false 
2021-10-16 01:05:23,962 [Listener at 127.0.0.1/36205] INFO  server.AuthenticationFilter (AuthenticationFilter.java:constructSecretProvider(240)) - Unable to initialize FileSignerSecretProvider, falling back to use random secrets.
2021-10-16 01:05:23,976 [Listener at 127.0.0.1/36205] WARN  http.HttpRequestLog (HttpRequestLog.java:getRequestLog(103)) - Jetty request log can only be enabled using Log4j
2021-10-16 01:05:23,978 [Listener at 127.0.0.1/36205] INFO  http.HttpServer2 (HttpServer2.java:addGlobalFilter(1030)) - Added global filter 'safety' (class=org.apache.hadoop.hdds.server.http.HttpServer2$QuotingInputFilter)
2021-10-16 01:05:23,979 [Listener at 127.0.0.1/36205] INFO  http.HttpServer2 (HttpServer2.java:addFilter(1006)) - Added filter static_user_filter (class=org.apache.hadoop.http.lib.StaticUserWebFilter$StaticUserFilter) to context ozoneManager
2021-10-16 01:05:23,980 [Listener at 127.0.0.1/36205] INFO  http.HttpServer2 (HttpServer2.java:addFilter(1014)) - Added filter static_user_filter (class=org.apache.hadoop.http.lib.StaticUserWebFilter$StaticUserFilter) to context static
2021-10-16 01:05:23,980 [Listener at 127.0.0.1/36205] INFO  http.HttpServer2 (HttpServer2.java:addFilter(1014)) - Added filter static_user_filter (class=org.apache.hadoop.http.lib.StaticUserWebFilter$StaticUserFilter) to context logs
2021-10-16 01:05:23,984 [Listener at 127.0.0.1/36205] INFO  http.HttpServer2 (HttpServer2.java:bindListener(1249)) - Jetty bound to port 33153
2021-10-16 01:05:23,984 [Listener at 127.0.0.1/36205] INFO  server.Server (Server.java:doStart(375)) - jetty-9.4.43.v20210629; built: 2021-06-30T11:07:22.254Z; git: 526006ecfa3af7f1a27ef3a288e2bef7ea9dd7e8; jvm 1.8.0_292-b10
2021-10-16 01:05:23,989 [Listener at 127.0.0.1/36205] INFO  server.session (DefaultSessionIdManager.java:doStart(334)) - DefaultSessionIdManager workerName=node0
2021-10-16 01:05:23,990 [Listener at 127.0.0.1/36205] INFO  server.session (DefaultSessionIdManager.java:doStart(339)) - No SessionScavenger set, using defaults
2021-10-16 01:05:23,990 [Listener at 127.0.0.1/36205] INFO  server.session (HouseKeeper.java:startScavenging(132)) - node0 Scavenging every 660000ms
2021-10-16 01:05:23,991 [Listener at 127.0.0.1/36205] INFO  handler.ContextHandler (ContextHandler.java:doStart(915)) - Started o.e.j.s.ServletContextHandler@70ac3a87{logs,/logs,file:///home/runner/work/ozone/ozone/hadoop-ozone/integration-test/target/log,AVAILABLE}
2021-10-16 01:05:23,992 [Listener at 127.0.0.1/36205] INFO  handler.ContextHandler (ContextHandler.java:doStart(915)) - Started o.e.j.s.ServletContextHandler@5b859845{static,/static,file:///home/runner/work/ozone/ozone/hadoop-ozone/integration-test/target/test-classes/webapps/static,AVAILABLE}
2021-10-16 01:05:23,999 [Listener at 127.0.0.1/36205] INFO  handler.ContextHandler (ContextHandler.java:doStart(915)) - Started o.e.j.w.WebAppContext@3b14d63b{ozoneManager,/,file:///home/runner/work/ozone/ozone/hadoop-ozone/integration-test/target/test-classes/webapps/ozoneManager/,AVAILABLE}{file:/home/runner/work/ozone/ozone/hadoop-ozone/integration-test/target/test-classes/webapps/ozoneManager}
2021-10-16 01:05:24,001 [Listener at 127.0.0.1/36205] INFO  server.AbstractConnector (AbstractConnector.java:doStart(331)) - Started ServerConnector@6ef0a044{HTTP/1.1, (http/1.1)}{0.0.0.0:33153}
2021-10-16 01:05:24,001 [Listener at 127.0.0.1/36205] INFO  server.Server (Server.java:doStart(415)) - Started @8238ms
2021-10-16 01:05:24,002 [Listener at 127.0.0.1/36205] WARN  impl.MetricsSystemImpl (MetricsSystemImpl.java:register(279)) - Sink prometheus already exists!
2021-10-16 01:05:24,003 [Listener at 127.0.0.1/36205] INFO  http.BaseHttpServer (BaseHttpServer.java:updateConnectorAddress(329)) - HTTP server of ozoneManager listening at http://0.0.0.0:33153
2021-10-16 01:05:24,003 [IPC Server Responder] INFO  ipc.Server (Server.java:run(1507)) - IPC Server Responder: starting
2021-10-16 01:05:24,004 [IPC Server listener on 0] INFO  ipc.Server (Server.java:run(1344)) - IPC Server listener on 0: starting
2021-10-16 01:05:24,008 [Listener at 127.0.0.1/36205] INFO  om.OzoneManager (OzoneManager.java:startTrashEmptier(1563)) - Trash Interval set to 0. Files deleted will not move to trash
2021-10-16 01:05:24,021 [org.apache.hadoop.util.JvmPauseMonitor$Monitor@3862381d] INFO  util.JvmPauseMonitor (JvmPauseMonitor.java:run(188)) - Starting JVM pause monitor
2021-10-16 01:05:24,295 [Listener at 127.0.0.1/36205] WARN  impl.MetricRegistriesImpl (MetricRegistriesImpl.java:addReporterRegistration(111)) - New reporters are added after registries were created. Some metrics will be missing from the reporter. Please add reporter before adding any new registry.
2021-10-16 01:05:24,295 [Listener at 127.0.0.1/36205] WARN  impl.MetricRegistriesImpl (MetricRegistriesImpl.java:addReporterRegistration(111)) - New reporters are added after registries were created. Some metrics will be missing from the reporter. Please add reporter before adding any new registry.
2021-10-16 01:05:24,296 [Listener at 127.0.0.1/36205] INFO  impl.MetricsSystemImpl (MetricsSystemImpl.java:init(158)) - HddsDatanode metrics system started (again)
2021-10-16 01:05:24,323 [Listener at 127.0.0.1/36205] INFO  ozone.HddsDatanodeService (HddsDatanodeService.java:start(234)) - HddsDatanodeService host:fv-az270-581.tacnzluakwdehk1hpragurqkma.bx.internal.cloudapp.net ip:10.1.0.55
2021-10-16 01:05:24,359 [Listener at 127.0.0.1/36205] INFO  upgrade.AbstractLayoutVersionManager (AbstractLayoutVersionManager.java:init(79)) - Initializing Layout version manager with metadata layout = SCM_HA (version = 2), software layout = SCM_HA (version = 2)
2021-10-16 01:05:24,411 [Listener at 127.0.0.1/36205] INFO  reflections.Reflections (Reflections.java:scan(232)) - Reflections took 51 ms to scan 7 urls, producing 119 keys and 278 values 
2021-10-16 01:05:24,478 [Listener at 127.0.0.1/36205] INFO  volume.HddsVolume (HddsVolume.java:<init>(120)) - Creating HddsVolume: /home/runner/work/ozone/ozone/hadoop-ozone/integration-test/target/test-dir/MiniOzoneClusterImpl-248ee1f4-0f5c-4e53-af87-c176a130d444/datanode-0/data-0/containers/hdds of storage type : DISK capacity : 9223372036854775807
2021-10-16 01:05:24,481 [Listener at 127.0.0.1/36205] INFO  volume.MutableVolumeSet (MutableVolumeSet.java:initializeVolumeSet(168)) - Added Volume : /home/runner/work/ozone/ozone/hadoop-ozone/integration-test/target/test-dir/MiniOzoneClusterImpl-248ee1f4-0f5c-4e53-af87-c176a130d444/datanode-0/data-0/containers/hdds to VolumeSet
2021-10-16 01:05:24,482 [Listener at 127.0.0.1/36205] INFO  volume.ThrottledAsyncChecker (ThrottledAsyncChecker.java:schedule(141)) - Scheduling a check for /home/runner/work/ozone/ozone/hadoop-ozone/integration-test/target/test-dir/MiniOzoneClusterImpl-248ee1f4-0f5c-4e53-af87-c176a130d444/datanode-0/data-0/containers/hdds
2021-10-16 01:05:24,505 [Listener at 127.0.0.1/36205] INFO  volume.StorageVolumeChecker (StorageVolumeChecker.java:checkAllVolumes(202)) - Scheduled health check for volume /home/runner/work/ozone/ozone/hadoop-ozone/integration-test/target/test-dir/MiniOzoneClusterImpl-248ee1f4-0f5c-4e53-af87-c176a130d444/datanode-0/data-0/containers/hdds
2021-10-16 01:05:24,533 [Listener at 127.0.0.1/36205] INFO  volume.MutableVolumeSet (MutableVolumeSet.java:initializeVolumeSet(168)) - Added Volume : /home/runner/work/ozone/ozone/hadoop-ozone/integration-test/target/test-dir/MiniOzoneClusterImpl-248ee1f4-0f5c-4e53-af87-c176a130d444/datanode-0/data/ratis to VolumeSet
2021-10-16 01:05:24,534 [Listener at 127.0.0.1/36205] INFO  volume.ThrottledAsyncChecker (ThrottledAsyncChecker.java:schedule(141)) - Scheduling a check for /home/runner/work/ozone/ozone/hadoop-ozone/integration-test/target/test-dir/MiniOzoneClusterImpl-248ee1f4-0f5c-4e53-af87-c176a130d444/datanode-0/data/ratis
2021-10-16 01:05:24,534 [Listener at 127.0.0.1/36205] INFO  volume.StorageVolumeChecker (StorageVolumeChecker.java:checkAllVolumes(202)) - Scheduled health check for volume /home/runner/work/ozone/ozone/hadoop-ozone/integration-test/target/test-dir/MiniOzoneClusterImpl-248ee1f4-0f5c-4e53-af87-c176a130d444/datanode-0/data/ratis
2021-10-16 01:05:24,562 [Thread-129] INFO  ozoneimpl.ContainerReader (ContainerReader.java:readVolume(172)) - Finish verifying containers on volume /home/runner/work/ozone/ozone/hadoop-ozone/integration-test/target/test-dir/MiniOzoneClusterImpl-248ee1f4-0f5c-4e53-af87-c176a130d444/datanode-0/data-0/containers/hdds
2021-10-16 01:05:24,564 [Listener at 127.0.0.1/36205] INFO  ozoneimpl.OzoneContainer (OzoneContainer.java:buildContainerSet(236)) - Build ContainerSet costs 0s
2021-10-16 01:05:24,665 [Listener at 127.0.0.1/36205] INFO  server.RaftServer (ConfUtils.java:logGet(44)) - raft.rpc.type = GRPC (default)
2021-10-16 01:05:24,666 [Listener at 127.0.0.1/36205] INFO  grpc.GrpcFactory (GrpcFactory.java:checkPooledByteBufAllocatorUseCacheForAllThreads(48)) - PERFORMANCE WARNING: useCacheForAllThreads is true that may cause Netty to create a lot garbage objects and, as a result, trigger GC.
	It is recommended to disable useCacheForAllThreads by setting -Dorg.apache.ratis.thirdparty.io.netty.allocator.useCacheForAllThreads=false in command line.
2021-10-16 01:05:24,666 [Listener at 127.0.0.1/36205] INFO  grpc.GrpcConfigKeys (ConfUtils.java:logGet(44)) - raft.grpc.admin.port = 0 (custom)
2021-10-16 01:05:24,666 [Listener at 127.0.0.1/36205] INFO  grpc.GrpcConfigKeys (ConfUtils.java:logGet(44)) - raft.grpc.client.port = 0 (custom)
2021-10-16 01:05:24,667 [Listener at 127.0.0.1/36205] INFO  grpc.GrpcConfigKeys (ConfUtils.java:logGet(44)) - raft.grpc.server.port = 0 (default)
2021-10-16 01:05:24,667 [Listener at 127.0.0.1/36205] INFO  server.GrpcService (ConfUtils.java:logGet(44)) - raft.grpc.message.size.max = 32MB (=33554432) (custom)
2021-10-16 01:05:24,667 [Listener at 127.0.0.1/36205] INFO  server.RaftServerConfigKeys (ConfUtils.java:logGet(44)) - raft.server.log.appender.buffer.byte-limit = 33554432 (custom)
2021-10-16 01:05:24,668 [Listener at 127.0.0.1/36205] INFO  server.GrpcService (ConfUtils.java:logGet(44)) - raft.grpc.flow.control.window = 5MB (=5242880) (custom)
2021-10-16 01:05:24,668 [Listener at 127.0.0.1/36205] INFO  server.RaftServerConfigKeys (ConfUtils.java:logGet(44)) - raft.server.rpc.request.timeout = 3000ms (default)
2021-10-16 01:05:24,670 [Listener at 127.0.0.1/36205] INFO  impl.DataStreamServerImpl (ConfUtils.java:logGet(44)) - raft.datastream.type = DISABLED (default)
2021-10-16 01:05:24,670 [Listener at 127.0.0.1/36205] INFO  server.RaftServerConfigKeys (ConfUtils.java:logGet(44)) - raft.server.rpc.slowness.timeout = 300000ms (custom)
2021-10-16 01:05:24,670 [Listener at 127.0.0.1/36205] INFO  server.RaftServerConfigKeys (ConfUtils.java:logGet(44)) - raft.server.leaderelection.leader.step-down.wait-time = 10s (default)
2021-10-16 01:05:24,671 [Listener at 127.0.0.1/36205] INFO  server.RaftServerConfigKeys (ConfUtils.java:logGet(44)) - raft.server.storage.dir = [/home/runner/work/ozone/ozone/hadoop-ozone/integration-test/target/test-dir/MiniOzoneClusterImpl-248ee1f4-0f5c-4e53-af87-c176a130d444/datanode-0/data/ratis] (custom)
2021-10-16 01:05:24,751 [Listener at 127.0.0.1/36205] INFO  http.BaseHttpServer (BaseHttpServer.java:newHttpServer2BuilderForOzone(209)) - Starting Web-server for hddsDatanode at: http://0.0.0.0:0
2021-10-16 01:05:24,752 [Listener at 127.0.0.1/36205] INFO  http.BaseHttpServer (BaseHttpServer.java:<init>(107)) - Hadoop Security Enabled: false Ozone Security Enabled: false Ozone HTTP Security Enabled: false 
2021-10-16 01:05:24,754 [Listener at 127.0.0.1/36205] INFO  server.AuthenticationFilter (AuthenticationFilter.java:constructSecretProvider(240)) - Unable to initialize FileSignerSecretProvider, falling back to use random secrets.
2021-10-16 01:05:24,756 [Listener at 127.0.0.1/36205] WARN  http.HttpRequestLog (HttpRequestLog.java:getRequestLog(103)) - Jetty request log can only be enabled using Log4j
2021-10-16 01:05:24,757 [Listener at 127.0.0.1/36205] INFO  http.HttpServer2 (HttpServer2.java:addGlobalFilter(1030)) - Added global filter 'safety' (class=org.apache.hadoop.hdds.server.http.HttpServer2$QuotingInputFilter)
2021-10-16 01:05:24,758 [Listener at 127.0.0.1/36205] INFO  http.HttpServer2 (HttpServer2.java:addFilter(1006)) - Added filter static_user_filter (class=org.apache.hadoop.http.lib.StaticUserWebFilter$StaticUserFilter) to context hddsDatanode
2021-10-16 01:05:24,758 [Listener at 127.0.0.1/36205] INFO  http.HttpServer2 (HttpServer2.java:addFilter(1014)) - Added filter static_user_filter (class=org.apache.hadoop.http.lib.StaticUserWebFilter$StaticUserFilter) to context logs
2021-10-16 01:05:24,759 [Listener at 127.0.0.1/36205] INFO  http.HttpServer2 (HttpServer2.java:addFilter(1014)) - Added filter static_user_filter (class=org.apache.hadoop.http.lib.StaticUserWebFilter$StaticUserFilter) to context static
2021-10-16 01:05:24,760 [Listener at 127.0.0.1/36205] INFO  http.HttpServer2 (HttpServer2.java:bindListener(1249)) - Jetty bound to port 36691
2021-10-16 01:05:24,760 [Listener at 127.0.0.1/36205] INFO  server.Server (Server.java:doStart(375)) - jetty-9.4.43.v20210629; built: 2021-06-30T11:07:22.254Z; git: 526006ecfa3af7f1a27ef3a288e2bef7ea9dd7e8; jvm 1.8.0_292-b10
2021-10-16 01:05:24,780 [Listener at 127.0.0.1/36205] INFO  server.session (DefaultSessionIdManager.java:doStart(334)) - DefaultSessionIdManager workerName=node0
2021-10-16 01:05:24,781 [Listener at 127.0.0.1/36205] INFO  server.session (DefaultSessionIdManager.java:doStart(339)) - No SessionScavenger set, using defaults
2021-10-16 01:05:24,781 [Listener at 127.0.0.1/36205] INFO  server.session (HouseKeeper.java:startScavenging(132)) - node0 Scavenging every 600000ms
2021-10-16 01:05:24,782 [Listener at 127.0.0.1/36205] INFO  handler.ContextHandler (ContextHandler.java:doStart(915)) - Started o.e.j.s.ServletContextHandler@31b07a16{logs,/logs,file:///home/runner/work/ozone/ozone/hadoop-ozone/integration-test/target/log,AVAILABLE}
2021-10-16 01:05:24,782 [Listener at 127.0.0.1/36205] INFO  handler.ContextHandler (ContextHandler.java:doStart(915)) - Started o.e.j.s.ServletContextHandler@782fb591{static,/static,jar:file:/home/runner/.m2/repository/org/apache/ozone/hdds-container-service/1.2.0-SNAPSHOT/hdds-container-service-1.2.0-SNAPSHOT.jar!/webapps/static,AVAILABLE}
2021-10-16 01:05:24,854 [Listener at 127.0.0.1/36205] INFO  handler.ContextHandler (ContextHandler.java:doStart(915)) - Started o.e.j.w.WebAppContext@4ffff10c{hddsDatanode,/,file:///tmp/jetty-0_0_0_0-36691-hdds-container-service-1_2_0-SNAPSHOT_jar-_-any-6003499748466221971/webapp/,AVAILABLE}{jar:file:/home/runner/.m2/repository/org/apache/ozone/hdds-container-service/1.2.0-SNAPSHOT/hdds-container-service-1.2.0-SNAPSHOT.jar!/webapps/hddsDatanode}
2021-10-16 01:05:24,855 [Listener at 127.0.0.1/36205] INFO  server.AbstractConnector (AbstractConnector.java:doStart(331)) - Started ServerConnector@128921c4{HTTP/1.1, (http/1.1)}{0.0.0.0:36691}
2021-10-16 01:05:24,855 [Listener at 127.0.0.1/36205] INFO  server.Server (Server.java:doStart(415)) - Started @9092ms
2021-10-16 01:05:24,856 [Listener at 127.0.0.1/36205] WARN  impl.MetricsSystemImpl (MetricsSystemImpl.java:register(279)) - Sink prometheus already exists!
2021-10-16 01:05:24,856 [Listener at 127.0.0.1/36205] INFO  http.BaseHttpServer (BaseHttpServer.java:updateConnectorAddress(329)) - HTTP server of hddsDatanode listening at http://0.0.0.0:36691
2021-10-16 01:05:24,858 [Listener at 127.0.0.1/36205] WARN  impl.MetricRegistriesImpl (MetricRegistriesImpl.java:addReporterRegistration(111)) - New reporters are added after registries were created. Some metrics will be missing from the reporter. Please add reporter before adding any new registry.
2021-10-16 01:05:24,859 [Listener at 127.0.0.1/36205] WARN  impl.MetricRegistriesImpl (MetricRegistriesImpl.java:addReporterRegistration(111)) - New reporters are added after registries were created. Some metrics will be missing from the reporter. Please add reporter before adding any new registry.
2021-10-16 01:05:24,859 [Listener at 127.0.0.1/36205] INFO  impl.MetricsSystemImpl (MetricsSystemImpl.java:init(158)) - HddsDatanode metrics system started (again)
2021-10-16 01:05:24,872 [Datanode State Machine Thread - 0] INFO  statemachine.DatanodeStateMachine (DatanodeStateMachine.java:lambda$startDaemon$0(463)) - Ozone container server started.
2021-10-16 01:05:24,880 [Listener at 127.0.0.1/36205] INFO  ozone.HddsDatanodeService (HddsDatanodeService.java:start(234)) - HddsDatanodeService host:fv-az270-581.tacnzluakwdehk1hpragurqkma.bx.internal.cloudapp.net ip:10.1.0.55
2021-10-16 01:05:24,882 [om1@group-C5BA1605619E-FollowerState] INFO  impl.FollowerState (FollowerState.java:run(134)) - om1@group-C5BA1605619E-FollowerState: change to CANDIDATE, lastRpcElapsedTime:1075976020ns, electionTimeout:1072ms
2021-10-16 01:05:24,883 [om1@group-C5BA1605619E-FollowerState] INFO  impl.RoleInfo (RoleInfo.java:shutdownFollowerState(108)) - om1: shutdown om1@group-C5BA1605619E-FollowerState
2021-10-16 01:05:24,897 [om1@group-C5BA1605619E-FollowerState] INFO  server.RaftServer$Division (RaftServerImpl.java:setRole(285)) - om1@group-C5BA1605619E: changes role from  FOLLOWER to CANDIDATE at term 0 for changeToCandidate
2021-10-16 01:05:24,903 [om1@group-C5BA1605619E-FollowerState] INFO  server.RaftServerConfigKeys (ConfUtils.java:logGet(44)) - raft.server.leaderelection.pre-vote = false (custom)
2021-10-16 01:05:24,903 [om1@group-C5BA1605619E-FollowerState] INFO  impl.RoleInfo (RoleInfo.java:updateAndGet(130)) - om1: start om1@group-C5BA1605619E-LeaderElection1
2021-10-16 01:05:24,910 [Listener at 127.0.0.1/36205] INFO  upgrade.AbstractLayoutVersionManager (AbstractLayoutVersionManager.java:init(79)) - Initializing Layout version manager with metadata layout = SCM_HA (version = 2), software layout = SCM_HA (version = 2)
2021-10-16 01:05:24,916 [org.apache.hadoop.util.JvmPauseMonitor$Monitor@33cd144a] INFO  util.JvmPauseMonitor (JvmPauseMonitor.java:run(188)) - Starting JVM pause monitor
2021-10-16 01:05:24,940 [om1@group-C5BA1605619E-LeaderElection1] INFO  impl.LeaderElection (LeaderElection.java:askForVotes(306)) - om1@group-C5BA1605619E-LeaderElection1 ELECTION round 0: submit vote requests at term 1 for -1: [om1|rpc:localhost:9872|priority:0], old=null
2021-10-16 01:05:24,941 [om1@group-C5BA1605619E-LeaderElection1] INFO  impl.LeaderElection (LeaderElection.java:askForVotes(308)) - om1@group-C5BA1605619E-LeaderElection1 ELECTION round 0: result PASSED (term=1)
2021-10-16 01:05:24,942 [om1@group-C5BA1605619E-LeaderElection1] INFO  impl.RoleInfo (RoleInfo.java:shutdownLeaderElection(121)) - om1: shutdown om1@group-C5BA1605619E-LeaderElection1
2021-10-16 01:05:24,946 [om1@group-C5BA1605619E-LeaderElection1] INFO  server.RaftServer$Division (RaftServerImpl.java:setRole(285)) - om1@group-C5BA1605619E: changes role from CANDIDATE to LEADER at term 1 for changeToLeader
2021-10-16 01:05:24,946 [om1@group-C5BA1605619E-LeaderElection1] INFO  server.RaftServer$Division (ServerState.java:setLeader(285)) - om1@group-C5BA1605619E: change Leader from null to om1 at term 1 for becomeLeader, leader elected after 1336ms
2021-10-16 01:05:24,995 [om1@group-C5BA1605619E-LeaderElection1] INFO  server.RaftServerConfigKeys (ConfUtils.java:logGet(44)) - raft.server.staging.catchup.gap = 1000 (default)
2021-10-16 01:05:25,009 [om1@group-C5BA1605619E-LeaderElection1] INFO  server.RaftServerConfigKeys (ConfUtils.java:logGet(44)) - raft.server.write.element-limit = 4096 (default)
2021-10-16 01:05:25,010 [om1@group-C5BA1605619E-LeaderElection1] INFO  server.RaftServerConfigKeys (ConfUtils.java:logGet(44)) - raft.server.write.byte-limit = 64MB (=67108864) (default)
2021-10-16 01:05:25,032 [om1@group-C5BA1605619E-LeaderElection1] INFO  server.RaftServerConfigKeys (ConfUtils.java:logGet(44)) - raft.server.watch.timeout = 10s (default)
2021-10-16 01:05:25,032 [om1@group-C5BA1605619E-LeaderElection1] INFO  server.RaftServerConfigKeys (ConfUtils.java:logGet(44)) - raft.server.watch.timeout.denomination = 1s (default)
2021-10-16 01:05:25,033 [om1@group-C5BA1605619E-LeaderElection1] INFO  server.RaftServerConfigKeys (ConfUtils.java:logGet(44)) - raft.server.watch.element-limit = 65536 (default)
2021-10-16 01:05:25,052 [Listener at 127.0.0.1/36205] INFO  reflections.Reflections (Reflections.java:scan(232)) - Reflections took 139 ms to scan 7 urls, producing 119 keys and 278 values 
2021-10-16 01:05:25,064 [Listener at 127.0.0.1/36205] INFO  volume.HddsVolume (HddsVolume.java:<init>(120)) - Creating HddsVolume: /home/runner/work/ozone/ozone/hadoop-ozone/integration-test/target/test-dir/MiniOzoneClusterImpl-248ee1f4-0f5c-4e53-af87-c176a130d444/datanode-1/data-0/containers/hdds of storage type : DISK capacity : 9223372036854775807
2021-10-16 01:05:25,066 [Listener at 127.0.0.1/36205] INFO  volume.MutableVolumeSet (MutableVolumeSet.java:initializeVolumeSet(168)) - Added Volume : /home/runner/work/ozone/ozone/hadoop-ozone/integration-test/target/test-dir/MiniOzoneClusterImpl-248ee1f4-0f5c-4e53-af87-c176a130d444/datanode-1/data-0/containers/hdds to VolumeSet
2021-10-16 01:05:25,066 [Listener at 127.0.0.1/36205] INFO  volume.ThrottledAsyncChecker (ThrottledAsyncChecker.java:schedule(141)) - Scheduling a check for /home/runner/work/ozone/ozone/hadoop-ozone/integration-test/target/test-dir/MiniOzoneClusterImpl-248ee1f4-0f5c-4e53-af87-c176a130d444/datanode-1/data-0/containers/hdds
2021-10-16 01:05:25,067 [om1@group-C5BA1605619E-LeaderElection1] INFO  impl.RoleInfo (RoleInfo.java:updateAndGet(130)) - om1: start om1@group-C5BA1605619E-LeaderStateImpl
2021-10-16 01:05:25,076 [Listener at 127.0.0.1/36205] INFO  volume.StorageVolumeChecker (StorageVolumeChecker.java:checkAllVolumes(202)) - Scheduled health check for volume /home/runner/work/ozone/ozone/hadoop-ozone/integration-test/target/test-dir/MiniOzoneClusterImpl-248ee1f4-0f5c-4e53-af87-c176a130d444/datanode-1/data-0/containers/hdds
2021-10-16 01:05:25,312 [Listener at 127.0.0.1/36205] INFO  volume.MutableVolumeSet (MutableVolumeSet.java:initializeVolumeSet(168)) - Added Volume : /home/runner/work/ozone/ozone/hadoop-ozone/integration-test/target/test-dir/MiniOzoneClusterImpl-248ee1f4-0f5c-4e53-af87-c176a130d444/datanode-1/data/ratis to VolumeSet
2021-10-16 01:05:25,312 [Listener at 127.0.0.1/36205] INFO  volume.ThrottledAsyncChecker (ThrottledAsyncChecker.java:schedule(141)) - Scheduling a check for /home/runner/work/ozone/ozone/hadoop-ozone/integration-test/target/test-dir/MiniOzoneClusterImpl-248ee1f4-0f5c-4e53-af87-c176a130d444/datanode-1/data/ratis
2021-10-16 01:05:25,313 [Listener at 127.0.0.1/36205] INFO  volume.StorageVolumeChecker (StorageVolumeChecker.java:checkAllVolumes(202)) - Scheduled health check for volume /home/runner/work/ozone/ozone/hadoop-ozone/integration-test/target/test-dir/MiniOzoneClusterImpl-248ee1f4-0f5c-4e53-af87-c176a130d444/datanode-1/data/ratis
2021-10-16 01:05:25,344 [Thread-143] INFO  ozoneimpl.ContainerReader (ContainerReader.java:readVolume(172)) - Finish verifying containers on volume /home/runner/work/ozone/ozone/hadoop-ozone/integration-test/target/test-dir/MiniOzoneClusterImpl-248ee1f4-0f5c-4e53-af87-c176a130d444/datanode-1/data-0/containers/hdds
2021-10-16 01:05:25,349 [Listener at 127.0.0.1/36205] INFO  ozoneimpl.OzoneContainer (OzoneContainer.java:buildContainerSet(236)) - Build ContainerSet costs 0s
2021-10-16 01:05:25,360 [Listener at 127.0.0.1/36205] INFO  server.RaftServer (ConfUtils.java:logGet(44)) - raft.rpc.type = GRPC (default)
2021-10-16 01:05:25,361 [Listener at 127.0.0.1/36205] INFO  grpc.GrpcFactory (GrpcFactory.java:checkPooledByteBufAllocatorUseCacheForAllThreads(48)) - PERFORMANCE WARNING: useCacheForAllThreads is true that may cause Netty to create a lot garbage objects and, as a result, trigger GC.
	It is recommended to disable useCacheForAllThreads by setting -Dorg.apache.ratis.thirdparty.io.netty.allocator.useCacheForAllThreads=false in command line.
2021-10-16 01:05:25,361 [Listener at 127.0.0.1/36205] INFO  grpc.GrpcConfigKeys (ConfUtils.java:logGet(44)) - raft.grpc.admin.port = 0 (custom)
2021-10-16 01:05:25,361 [Listener at 127.0.0.1/36205] INFO  grpc.GrpcConfigKeys (ConfUtils.java:logGet(44)) - raft.grpc.client.port = 0 (custom)
2021-10-16 01:05:25,361 [Listener at 127.0.0.1/36205] INFO  grpc.GrpcConfigKeys (ConfUtils.java:logGet(44)) - raft.grpc.server.port = 0 (default)
2021-10-16 01:05:25,361 [Listener at 127.0.0.1/36205] INFO  server.GrpcService (ConfUtils.java:logGet(44)) - raft.grpc.message.size.max = 32MB (=33554432) (custom)
2021-10-16 01:05:25,362 [Listener at 127.0.0.1/36205] INFO  server.RaftServerConfigKeys (ConfUtils.java:logGet(44)) - raft.server.log.appender.buffer.byte-limit = 33554432 (custom)
2021-10-16 01:05:25,362 [Listener at 127.0.0.1/36205] INFO  server.GrpcService (ConfUtils.java:logGet(44)) - raft.grpc.flow.control.window = 5MB (=5242880) (custom)
2021-10-16 01:05:25,362 [Listener at 127.0.0.1/36205] INFO  server.RaftServerConfigKeys (ConfUtils.java:logGet(44)) - raft.server.rpc.request.timeout = 3000ms (default)
2021-10-16 01:05:25,363 [Listener at 127.0.0.1/36205] INFO  impl.DataStreamServerImpl (ConfUtils.java:logGet(44)) - raft.datastream.type = DISABLED (default)
2021-10-16 01:05:25,363 [Listener at 127.0.0.1/36205] INFO  server.RaftServerConfigKeys (ConfUtils.java:logGet(44)) - raft.server.rpc.slowness.timeout = 300000ms (custom)
2021-10-16 01:05:25,363 [Listener at 127.0.0.1/36205] INFO  server.RaftServerConfigKeys (ConfUtils.java:logGet(44)) - raft.server.leaderelection.leader.step-down.wait-time = 10s (default)
2021-10-16 01:05:25,364 [Listener at 127.0.0.1/36205] INFO  server.RaftServerConfigKeys (ConfUtils.java:logGet(44)) - raft.server.storage.dir = [/home/runner/work/ozone/ozone/hadoop-ozone/integration-test/target/test-dir/MiniOzoneClusterImpl-248ee1f4-0f5c-4e53-af87-c176a130d444/datanode-1/data/ratis] (custom)
2021-10-16 01:05:25,367 [Datanode State Machine Task Thread - 0] INFO  datanode.InitDatanodeState (InitDatanodeState.java:persistContainerDatanodeDetails(145)) - DatanodeDetails is persisted to /home/runner/work/ozone/ozone/hadoop-ozone/integration-test/target/test-dir/MiniOzoneClusterImpl-248ee1f4-0f5c-4e53-af87-c176a130d444/datanode-0/meta/datanode.id
2021-10-16 01:05:25,376 [Listener at 127.0.0.1/36205] INFO  http.BaseHttpServer (BaseHttpServer.java:newHttpServer2BuilderForOzone(209)) - Starting Web-server for hddsDatanode at: http://0.0.0.0:0
2021-10-16 01:05:25,376 [Listener at 127.0.0.1/36205] INFO  http.BaseHttpServer (BaseHttpServer.java:<init>(107)) - Hadoop Security Enabled: false Ozone Security Enabled: false Ozone HTTP Security Enabled: false 
2021-10-16 01:05:25,377 [Listener at 127.0.0.1/36205] INFO  server.AuthenticationFilter (AuthenticationFilter.java:constructSecretProvider(240)) - Unable to initialize FileSignerSecretProvider, falling back to use random secrets.
2021-10-16 01:05:25,379 [om1@group-C5BA1605619E-LeaderElection1] INFO  segmented.SegmentedRaftLogWorker (SegmentedRaftLogWorker.java:startLogSegment(394)) - om1@group-C5BA1605619E-SegmentedRaftLogWorker: Starting segment from index:0
2021-10-16 01:05:25,384 [Listener at 127.0.0.1/36205] WARN  http.HttpRequestLog (HttpRequestLog.java:getRequestLog(103)) - Jetty request log can only be enabled using Log4j
2021-10-16 01:05:25,387 [Listener at 127.0.0.1/36205] INFO  http.HttpServer2 (HttpServer2.java:addGlobalFilter(1030)) - Added global filter 'safety' (class=org.apache.hadoop.hdds.server.http.HttpServer2$QuotingInputFilter)
2021-10-16 01:05:25,393 [Listener at 127.0.0.1/36205] INFO  http.HttpServer2 (HttpServer2.java:addFilter(1006)) - Added filter static_user_filter (class=org.apache.hadoop.http.lib.StaticUserWebFilter$StaticUserFilter) to context hddsDatanode
2021-10-16 01:05:25,393 [Listener at 127.0.0.1/36205] INFO  http.HttpServer2 (HttpServer2.java:addFilter(1014)) - Added filter static_user_filter (class=org.apache.hadoop.http.lib.StaticUserWebFilter$StaticUserFilter) to context logs
2021-10-16 01:05:25,394 [Listener at 127.0.0.1/36205] INFO  http.HttpServer2 (HttpServer2.java:addFilter(1014)) - Added filter static_user_filter (class=org.apache.hadoop.http.lib.StaticUserWebFilter$StaticUserFilter) to context static
2021-10-16 01:05:25,394 [Listener at 127.0.0.1/36205] INFO  http.HttpServer2 (HttpServer2.java:bindListener(1249)) - Jetty bound to port 35811
2021-10-16 01:05:25,395 [Listener at 127.0.0.1/36205] INFO  server.Server (Server.java:doStart(375)) - jetty-9.4.43.v20210629; built: 2021-06-30T11:07:22.254Z; git: 526006ecfa3af7f1a27ef3a288e2bef7ea9dd7e8; jvm 1.8.0_292-b10
2021-10-16 01:05:25,431 [om1@group-C5BA1605619E-LeaderElection1] INFO  server.RaftServer$Division (ServerState.java:setRaftConf(387)) - om1@group-C5BA1605619E: set configuration 0: [om1|rpc:localhost:9872|admin:|client:|dataStream:|priority:0], old=null
2021-10-16 01:05:25,453 [Listener at 127.0.0.1/36205] INFO  server.session (DefaultSessionIdManager.java:doStart(334)) - DefaultSessionIdManager workerName=node0
2021-10-16 01:05:25,453 [Listener at 127.0.0.1/36205] INFO  server.session (DefaultSessionIdManager.java:doStart(339)) - No SessionScavenger set, using defaults
2021-10-16 01:05:25,454 [Listener at 127.0.0.1/36205] INFO  server.session (HouseKeeper.java:startScavenging(132)) - node0 Scavenging every 600000ms
2021-10-16 01:05:25,454 [Listener at 127.0.0.1/36205] INFO  handler.ContextHandler (ContextHandler.java:doStart(915)) - Started o.e.j.s.ServletContextHandler@6f3b07ed{logs,/logs,file:///home/runner/work/ozone/ozone/hadoop-ozone/integration-test/target/log,AVAILABLE}
2021-10-16 01:05:25,455 [Listener at 127.0.0.1/36205] INFO  handler.ContextHandler (ContextHandler.java:doStart(915)) - Started o.e.j.s.ServletContextHandler@79849cab{static,/static,jar:file:/home/runner/.m2/repository/org/apache/ozone/hdds-container-service/1.2.0-SNAPSHOT/hdds-container-service-1.2.0-SNAPSHOT.jar!/webapps/static,AVAILABLE}
2021-10-16 01:05:25,518 [Listener at 127.0.0.1/36205] INFO  handler.ContextHandler (ContextHandler.java:doStart(915)) - Started o.e.j.w.WebAppContext@37e6ecd3{hddsDatanode,/,file:///tmp/jetty-0_0_0_0-35811-hdds-container-service-1_2_0-SNAPSHOT_jar-_-any-9148666913612930570/webapp/,AVAILABLE}{jar:file:/home/runner/.m2/repository/org/apache/ozone/hdds-container-service/1.2.0-SNAPSHOT/hdds-container-service-1.2.0-SNAPSHOT.jar!/webapps/hddsDatanode}
2021-10-16 01:05:25,520 [Listener at 127.0.0.1/36205] INFO  server.AbstractConnector (AbstractConnector.java:doStart(331)) - Started ServerConnector@4ac2d69c{HTTP/1.1, (http/1.1)}{0.0.0.0:35811}
2021-10-16 01:05:25,520 [Listener at 127.0.0.1/36205] INFO  server.Server (Server.java:doStart(415)) - Started @9757ms
2021-10-16 01:05:25,520 [Listener at 127.0.0.1/36205] WARN  impl.MetricsSystemImpl (MetricsSystemImpl.java:register(279)) - Sink prometheus already exists!
2021-10-16 01:05:25,521 [Listener at 127.0.0.1/36205] INFO  http.BaseHttpServer (BaseHttpServer.java:updateConnectorAddress(329)) - HTTP server of hddsDatanode listening at http://0.0.0.0:35811
2021-10-16 01:05:25,521 [Listener at 127.0.0.1/36205] WARN  impl.MetricRegistriesImpl (MetricRegistriesImpl.java:addReporterRegistration(111)) - New reporters are added after registries were created. Some metrics will be missing from the reporter. Please add reporter before adding any new registry.
2021-10-16 01:05:25,522 [Listener at 127.0.0.1/36205] WARN  impl.MetricRegistriesImpl (MetricRegistriesImpl.java:addReporterRegistration(111)) - New reporters are added after registries were created. Some metrics will be missing from the reporter. Please add reporter before adding any new registry.
2021-10-16 01:05:25,522 [Listener at 127.0.0.1/36205] INFO  impl.MetricsSystemImpl (MetricsSystemImpl.java:init(158)) - HddsDatanode metrics system started (again)
2021-10-16 01:05:25,522 [om1@group-C5BA1605619E-SegmentedRaftLogWorker] INFO  segmented.SegmentedRaftLogWorker (SegmentedRaftLogWorker.java:execute(601)) - om1@group-C5BA1605619E-SegmentedRaftLogWorker: created new log segment /home/runner/work/ozone/ozone/hadoop-ozone/integration-test/target/test-dir/MiniOzoneClusterImpl-248ee1f4-0f5c-4e53-af87-c176a130d444/ozone-meta/ratis/bf265839-605b-3f16-9796-c5ba1605619e/current/log_inprogress_0
2021-10-16 01:05:25,539 [Listener at 127.0.0.1/36205] INFO  ozone.HddsDatanodeService (HddsDatanodeService.java:start(234)) - HddsDatanodeService host:fv-az270-581.tacnzluakwdehk1hpragurqkma.bx.internal.cloudapp.net ip:10.1.0.55
2021-10-16 01:05:25,532 [Datanode State Machine Thread - 0] INFO  statemachine.DatanodeStateMachine (DatanodeStateMachine.java:lambda$startDaemon$0(463)) - Ozone container server started.
2021-10-16 01:05:25,588 [Listener at 127.0.0.1/36205] INFO  upgrade.AbstractLayoutVersionManager (AbstractLayoutVersionManager.java:init(79)) - Initializing Layout version manager with metadata layout = SCM_HA (version = 2), software layout = SCM_HA (version = 2)
2021-10-16 01:05:25,608 [org.apache.hadoop.util.JvmPauseMonitor$Monitor@4ea92408] INFO  util.JvmPauseMonitor (JvmPauseMonitor.java:run(188)) - Starting JVM pause monitor
2021-10-16 01:05:25,638 [Datanode State Machine Task Thread - 0] INFO  datanode.InitDatanodeState (InitDatanodeState.java:persistContainerDatanodeDetails(145)) - DatanodeDetails is persisted to /home/runner/work/ozone/ozone/hadoop-ozone/integration-test/target/test-dir/MiniOzoneClusterImpl-248ee1f4-0f5c-4e53-af87-c176a130d444/datanode-1/meta/datanode.id
2021-10-16 01:05:25,707 [Listener at 127.0.0.1/36205] INFO  reflections.Reflections (Reflections.java:scan(232)) - Reflections took 117 ms to scan 7 urls, producing 119 keys and 278 values 
2021-10-16 01:05:25,731 [Listener at 127.0.0.1/36205] INFO  volume.HddsVolume (HddsVolume.java:<init>(120)) - Creating HddsVolume: /home/runner/work/ozone/ozone/hadoop-ozone/integration-test/target/test-dir/MiniOzoneClusterImpl-248ee1f4-0f5c-4e53-af87-c176a130d444/datanode-2/data-0/containers/hdds of storage type : DISK capacity : 9223372036854775807
2021-10-16 01:05:25,731 [Listener at 127.0.0.1/36205] INFO  volume.MutableVolumeSet (MutableVolumeSet.java:initializeVolumeSet(168)) - Added Volume : /home/runner/work/ozone/ozone/hadoop-ozone/integration-test/target/test-dir/MiniOzoneClusterImpl-248ee1f4-0f5c-4e53-af87-c176a130d444/datanode-2/data-0/containers/hdds to VolumeSet
2021-10-16 01:05:25,732 [Listener at 127.0.0.1/36205] INFO  volume.ThrottledAsyncChecker (ThrottledAsyncChecker.java:schedule(141)) - Scheduling a check for /home/runner/work/ozone/ozone/hadoop-ozone/integration-test/target/test-dir/MiniOzoneClusterImpl-248ee1f4-0f5c-4e53-af87-c176a130d444/datanode-2/data-0/containers/hdds
2021-10-16 01:05:25,733 [Listener at 127.0.0.1/36205] INFO  volume.StorageVolumeChecker (StorageVolumeChecker.java:checkAllVolumes(202)) - Scheduled health check for volume /home/runner/work/ozone/ozone/hadoop-ozone/integration-test/target/test-dir/MiniOzoneClusterImpl-248ee1f4-0f5c-4e53-af87-c176a130d444/datanode-2/data-0/containers/hdds
2021-10-16 01:05:25,761 [om1@group-C5BA1605619E-StateMachineUpdater] INFO  ratis.OzoneManagerStateMachine (OzoneManagerStateMachine.java:notifyConfigurationChanged(188)) - Received Configuration change notification from Ratis. New Peer list:
[id: "om1"
address: "localhost:9872"
]
2021-10-16 01:05:25,767 [Listener at 127.0.0.1/36205] INFO  volume.MutableVolumeSet (MutableVolumeSet.java:initializeVolumeSet(168)) - Added Volume : /home/runner/work/ozone/ozone/hadoop-ozone/integration-test/target/test-dir/MiniOzoneClusterImpl-248ee1f4-0f5c-4e53-af87-c176a130d444/datanode-2/data/ratis to VolumeSet
2021-10-16 01:05:25,768 [Listener at 127.0.0.1/36205] INFO  volume.ThrottledAsyncChecker (ThrottledAsyncChecker.java:schedule(141)) - Scheduling a check for /home/runner/work/ozone/ozone/hadoop-ozone/integration-test/target/test-dir/MiniOzoneClusterImpl-248ee1f4-0f5c-4e53-af87-c176a130d444/datanode-2/data/ratis
2021-10-16 01:05:25,768 [Listener at 127.0.0.1/36205] INFO  volume.StorageVolumeChecker (StorageVolumeChecker.java:checkAllVolumes(202)) - Scheduled health check for volume /home/runner/work/ozone/ozone/hadoop-ozone/integration-test/target/test-dir/MiniOzoneClusterImpl-248ee1f4-0f5c-4e53-af87-c176a130d444/datanode-2/data/ratis
2021-10-16 01:05:25,801 [Thread-155] INFO  ozoneimpl.ContainerReader (ContainerReader.java:readVolume(172)) - Finish verifying containers on volume /home/runner/work/ozone/ozone/hadoop-ozone/integration-test/target/test-dir/MiniOzoneClusterImpl-248ee1f4-0f5c-4e53-af87-c176a130d444/datanode-2/data-0/containers/hdds
2021-10-16 01:05:25,801 [Listener at 127.0.0.1/36205] INFO  ozoneimpl.OzoneContainer (OzoneContainer.java:buildContainerSet(236)) - Build ContainerSet costs 0s
2021-10-16 01:05:25,805 [Listener at 127.0.0.1/36205] INFO  server.RaftServer (ConfUtils.java:logGet(44)) - raft.rpc.type = GRPC (default)
2021-10-16 01:05:25,806 [Listener at 127.0.0.1/36205] INFO  grpc.GrpcFactory (GrpcFactory.java:checkPooledByteBufAllocatorUseCacheForAllThreads(48)) - PERFORMANCE WARNING: useCacheForAllThreads is true that may cause Netty to create a lot garbage objects and, as a result, trigger GC.
	It is recommended to disable useCacheForAllThreads by setting -Dorg.apache.ratis.thirdparty.io.netty.allocator.useCacheForAllThreads=false in command line.
2021-10-16 01:05:25,806 [Listener at 127.0.0.1/36205] INFO  grpc.GrpcConfigKeys (ConfUtils.java:logGet(44)) - raft.grpc.admin.port = 0 (custom)
2021-10-16 01:05:25,806 [Listener at 127.0.0.1/36205] INFO  grpc.GrpcConfigKeys (ConfUtils.java:logGet(44)) - raft.grpc.client.port = 0 (custom)
2021-10-16 01:05:25,806 [Listener at 127.0.0.1/36205] INFO  grpc.GrpcConfigKeys (ConfUtils.java:logGet(44)) - raft.grpc.server.port = 0 (default)
2021-10-16 01:05:25,807 [Listener at 127.0.0.1/36205] INFO  server.GrpcService (ConfUtils.java:logGet(44)) - raft.grpc.message.size.max = 32MB (=33554432) (custom)
2021-10-16 01:05:25,807 [Listener at 127.0.0.1/36205] INFO  server.RaftServerConfigKeys (ConfUtils.java:logGet(44)) - raft.server.log.appender.buffer.byte-limit = 33554432 (custom)
2021-10-16 01:05:25,807 [Listener at 127.0.0.1/36205] INFO  server.GrpcService (ConfUtils.java:logGet(44)) - raft.grpc.flow.control.window = 5MB (=5242880) (custom)
2021-10-16 01:05:25,807 [Listener at 127.0.0.1/36205] INFO  server.RaftServerConfigKeys (ConfUtils.java:logGet(44)) - raft.server.rpc.request.timeout = 3000ms (default)
2021-10-16 01:05:25,809 [Listener at 127.0.0.1/36205] INFO  impl.DataStreamServerImpl (ConfUtils.java:logGet(44)) - raft.datastream.type = DISABLED (default)
2021-10-16 01:05:25,809 [Listener at 127.0.0.1/36205] INFO  server.RaftServerConfigKeys (ConfUtils.java:logGet(44)) - raft.server.rpc.slowness.timeout = 300000ms (custom)
2021-10-16 01:05:25,810 [Listener at 127.0.0.1/36205] INFO  server.RaftServerConfigKeys (ConfUtils.java:logGet(44)) - raft.server.leaderelection.leader.step-down.wait-time = 10s (default)
2021-10-16 01:05:25,810 [Listener at 127.0.0.1/36205] INFO  server.RaftServerConfigKeys (ConfUtils.java:logGet(44)) - raft.server.storage.dir = [/home/runner/work/ozone/ozone/hadoop-ozone/integration-test/target/test-dir/MiniOzoneClusterImpl-248ee1f4-0f5c-4e53-af87-c176a130d444/datanode-2/data/ratis] (custom)
2021-10-16 01:05:25,815 [Listener at 127.0.0.1/36205] INFO  http.BaseHttpServer (BaseHttpServer.java:newHttpServer2BuilderForOzone(209)) - Starting Web-server for hddsDatanode at: http://0.0.0.0:0
2021-10-16 01:05:25,815 [Listener at 127.0.0.1/36205] INFO  http.BaseHttpServer (BaseHttpServer.java:<init>(107)) - Hadoop Security Enabled: false Ozone Security Enabled: false Ozone HTTP Security Enabled: false 
2021-10-16 01:05:25,817 [Listener at 127.0.0.1/36205] INFO  server.AuthenticationFilter (AuthenticationFilter.java:constructSecretProvider(240)) - Unable to initialize FileSignerSecretProvider, falling back to use random secrets.
2021-10-16 01:05:25,818 [Listener at 127.0.0.1/36205] WARN  http.HttpRequestLog (HttpRequestLog.java:getRequestLog(103)) - Jetty request log can only be enabled using Log4j
2021-10-16 01:05:25,819 [Listener at 127.0.0.1/36205] INFO  http.HttpServer2 (HttpServer2.java:addGlobalFilter(1030)) - Added global filter 'safety' (class=org.apache.hadoop.hdds.server.http.HttpServer2$QuotingInputFilter)
2021-10-16 01:05:25,820 [Listener at 127.0.0.1/36205] INFO  http.HttpServer2 (HttpServer2.java:addFilter(1006)) - Added filter static_user_filter (class=org.apache.hadoop.http.lib.StaticUserWebFilter$StaticUserFilter) to context hddsDatanode
2021-10-16 01:05:25,820 [Listener at 127.0.0.1/36205] INFO  http.HttpServer2 (HttpServer2.java:addFilter(1014)) - Added filter static_user_filter (class=org.apache.hadoop.http.lib.StaticUserWebFilter$StaticUserFilter) to context static
2021-10-16 01:05:25,820 [Listener at 127.0.0.1/36205] INFO  http.HttpServer2 (HttpServer2.java:addFilter(1014)) - Added filter static_user_filter (class=org.apache.hadoop.http.lib.StaticUserWebFilter$StaticUserFilter) to context logs
2021-10-16 01:05:25,821 [Listener at 127.0.0.1/36205] INFO  http.HttpServer2 (HttpServer2.java:bindListener(1249)) - Jetty bound to port 33079
2021-10-16 01:05:25,821 [Listener at 127.0.0.1/36205] INFO  server.Server (Server.java:doStart(375)) - jetty-9.4.43.v20210629; built: 2021-06-30T11:07:22.254Z; git: 526006ecfa3af7f1a27ef3a288e2bef7ea9dd7e8; jvm 1.8.0_292-b10
2021-10-16 01:05:25,824 [Listener at 127.0.0.1/36205] INFO  server.session (DefaultSessionIdManager.java:doStart(334)) - DefaultSessionIdManager workerName=node0
2021-10-16 01:05:25,824 [Listener at 127.0.0.1/36205] INFO  server.session (DefaultSessionIdManager.java:doStart(339)) - No SessionScavenger set, using defaults
2021-10-16 01:05:25,825 [Listener at 127.0.0.1/36205] INFO  server.session (HouseKeeper.java:startScavenging(132)) - node0 Scavenging every 600000ms
2021-10-16 01:05:25,826 [Listener at 127.0.0.1/36205] INFO  handler.ContextHandler (ContextHandler.java:doStart(915)) - Started o.e.j.s.ServletContextHandler@6d6a20f7{logs,/logs,file:///home/runner/work/ozone/ozone/hadoop-ozone/integration-test/target/log,AVAILABLE}
2021-10-16 01:05:25,827 [Listener at 127.0.0.1/36205] INFO  handler.ContextHandler (ContextHandler.java:doStart(915)) - Started o.e.j.s.ServletContextHandler@6a056d13{static,/static,jar:file:/home/runner/.m2/repository/org/apache/ozone/hdds-container-service/1.2.0-SNAPSHOT/hdds-container-service-1.2.0-SNAPSHOT.jar!/webapps/static,AVAILABLE}
2021-10-16 01:05:25,874 [Listener at 127.0.0.1/36205] INFO  handler.ContextHandler (ContextHandler.java:doStart(915)) - Started o.e.j.w.WebAppContext@213488e6{hddsDatanode,/,file:///tmp/jetty-0_0_0_0-33079-hdds-container-service-1_2_0-SNAPSHOT_jar-_-any-2973954867766873037/webapp/,AVAILABLE}{jar:file:/home/runner/.m2/repository/org/apache/ozone/hdds-container-service/1.2.0-SNAPSHOT/hdds-container-service-1.2.0-SNAPSHOT.jar!/webapps/hddsDatanode}
2021-10-16 01:05:25,875 [Listener at 127.0.0.1/36205] INFO  server.AbstractConnector (AbstractConnector.java:doStart(331)) - Started ServerConnector@629b5b96{HTTP/1.1, (http/1.1)}{0.0.0.0:33079}
2021-10-16 01:05:25,876 [Listener at 127.0.0.1/36205] INFO  server.Server (Server.java:doStart(415)) - Started @10112ms
2021-10-16 01:05:25,876 [Listener at 127.0.0.1/36205] WARN  impl.MetricsSystemImpl (MetricsSystemImpl.java:register(279)) - Sink prometheus already exists!
2021-10-16 01:05:25,878 [Listener at 127.0.0.1/36205] INFO  http.BaseHttpServer (BaseHttpServer.java:updateConnectorAddress(329)) - HTTP server of hddsDatanode listening at http://0.0.0.0:33079
2021-10-16 01:05:25,879 [Listener at 127.0.0.1/36205] WARN  impl.MetricRegistriesImpl (MetricRegistriesImpl.java:addReporterRegistration(111)) - New reporters are added after registries were created. Some metrics will be missing from the reporter. Please add reporter before adding any new registry.
2021-10-16 01:05:25,879 [Listener at 127.0.0.1/36205] WARN  impl.MetricRegistriesImpl (MetricRegistriesImpl.java:addReporterRegistration(111)) - New reporters are added after registries were created. Some metrics will be missing from the reporter. Please add reporter before adding any new registry.
2021-10-16 01:05:25,879 [Listener at 127.0.0.1/36205] INFO  impl.MetricsSystemImpl (MetricsSystemImpl.java:init(158)) - HddsDatanode metrics system started (again)
2021-10-16 01:05:25,880 [Datanode State Machine Thread - 0] INFO  statemachine.DatanodeStateMachine (DatanodeStateMachine.java:lambda$startDaemon$0(463)) - Ozone container server started.
2021-10-16 01:05:25,892 [org.apache.hadoop.util.JvmPauseMonitor$Monitor@4ec7578b] INFO  util.JvmPauseMonitor (JvmPauseMonitor.java:run(188)) - Starting JVM pause monitor
2021-10-16 01:05:25,895 [Datanode State Machine Task Thread - 0] INFO  datanode.InitDatanodeState (InitDatanodeState.java:persistContainerDatanodeDetails(145)) - DatanodeDetails is persisted to /home/runner/work/ozone/ozone/hadoop-ozone/integration-test/target/test-dir/MiniOzoneClusterImpl-248ee1f4-0f5c-4e53-af87-c176a130d444/datanode-2/meta/datanode.id
2021-10-16 01:05:25,903 [Listener at 127.0.0.1/36205] INFO  ozone.HddsDatanodeService (HddsDatanodeService.java:start(234)) - HddsDatanodeService host:fv-az270-581.tacnzluakwdehk1hpragurqkma.bx.internal.cloudapp.net ip:10.1.0.55
2021-10-16 01:05:25,927 [Listener at 127.0.0.1/36205] INFO  upgrade.AbstractLayoutVersionManager (AbstractLayoutVersionManager.java:init(79)) - Initializing Layout version manager with metadata layout = SCM_HA (version = 2), software layout = SCM_HA (version = 2)
2021-10-16 01:05:25,977 [Listener at 127.0.0.1/36205] INFO  reflections.Reflections (Reflections.java:scan(232)) - Reflections took 47 ms to scan 7 urls, producing 119 keys and 278 values 
2021-10-16 01:05:25,983 [Listener at 127.0.0.1/36205] INFO  volume.HddsVolume (HddsVolume.java:<init>(120)) - Creating HddsVolume: /home/runner/work/ozone/ozone/hadoop-ozone/integration-test/target/test-dir/MiniOzoneClusterImpl-248ee1f4-0f5c-4e53-af87-c176a130d444/datanode-3/data-0/containers/hdds of storage type : DISK capacity : 9223372036854775807
2021-10-16 01:05:25,983 [Listener at 127.0.0.1/36205] INFO  volume.MutableVolumeSet (MutableVolumeSet.java:initializeVolumeSet(168)) - Added Volume : /home/runner/work/ozone/ozone/hadoop-ozone/integration-test/target/test-dir/MiniOzoneClusterImpl-248ee1f4-0f5c-4e53-af87-c176a130d444/datanode-3/data-0/containers/hdds to VolumeSet
2021-10-16 01:05:25,983 [Listener at 127.0.0.1/36205] INFO  volume.ThrottledAsyncChecker (ThrottledAsyncChecker.java:schedule(141)) - Scheduling a check for /home/runner/work/ozone/ozone/hadoop-ozone/integration-test/target/test-dir/MiniOzoneClusterImpl-248ee1f4-0f5c-4e53-af87-c176a130d444/datanode-3/data-0/containers/hdds
2021-10-16 01:05:25,992 [Listener at 127.0.0.1/36205] INFO  volume.StorageVolumeChecker (StorageVolumeChecker.java:checkAllVolumes(202)) - Scheduled health check for volume /home/runner/work/ozone/ozone/hadoop-ozone/integration-test/target/test-dir/MiniOzoneClusterImpl-248ee1f4-0f5c-4e53-af87-c176a130d444/datanode-3/data-0/containers/hdds
2021-10-16 01:05:26,015 [Listener at 127.0.0.1/36205] INFO  volume.MutableVolumeSet (MutableVolumeSet.java:initializeVolumeSet(168)) - Added Volume : /home/runner/work/ozone/ozone/hadoop-ozone/integration-test/target/test-dir/MiniOzoneClusterImpl-248ee1f4-0f5c-4e53-af87-c176a130d444/datanode-3/data/ratis to VolumeSet
2021-10-16 01:05:26,017 [Listener at 127.0.0.1/36205] INFO  volume.ThrottledAsyncChecker (ThrottledAsyncChecker.java:schedule(141)) - Scheduling a check for /home/runner/work/ozone/ozone/hadoop-ozone/integration-test/target/test-dir/MiniOzoneClusterImpl-248ee1f4-0f5c-4e53-af87-c176a130d444/datanode-3/data/ratis
2021-10-16 01:05:26,019 [Listener at 127.0.0.1/36205] INFO  volume.StorageVolumeChecker (StorageVolumeChecker.java:checkAllVolumes(202)) - Scheduled health check for volume /home/runner/work/ozone/ozone/hadoop-ozone/integration-test/target/test-dir/MiniOzoneClusterImpl-248ee1f4-0f5c-4e53-af87-c176a130d444/datanode-3/data/ratis
2021-10-16 01:05:26,036 [Thread-167] INFO  ozoneimpl.ContainerReader (ContainerReader.java:readVolume(172)) - Finish verifying containers on volume /home/runner/work/ozone/ozone/hadoop-ozone/integration-test/target/test-dir/MiniOzoneClusterImpl-248ee1f4-0f5c-4e53-af87-c176a130d444/datanode-3/data-0/containers/hdds
2021-10-16 01:05:26,036 [Listener at 127.0.0.1/36205] INFO  ozoneimpl.OzoneContainer (OzoneContainer.java:buildContainerSet(236)) - Build ContainerSet costs 0s
2021-10-16 01:05:26,040 [Listener at 127.0.0.1/36205] INFO  server.RaftServer (ConfUtils.java:logGet(44)) - raft.rpc.type = GRPC (default)
2021-10-16 01:05:26,041 [Listener at 127.0.0.1/36205] INFO  grpc.GrpcFactory (GrpcFactory.java:checkPooledByteBufAllocatorUseCacheForAllThreads(48)) - PERFORMANCE WARNING: useCacheForAllThreads is true that may cause Netty to create a lot garbage objects and, as a result, trigger GC.
	It is recommended to disable useCacheForAllThreads by setting -Dorg.apache.ratis.thirdparty.io.netty.allocator.useCacheForAllThreads=false in command line.
2021-10-16 01:05:26,042 [Listener at 127.0.0.1/36205] INFO  grpc.GrpcConfigKeys (ConfUtils.java:logGet(44)) - raft.grpc.admin.port = 0 (custom)
2021-10-16 01:05:26,046 [Listener at 127.0.0.1/36205] INFO  grpc.GrpcConfigKeys (ConfUtils.java:logGet(44)) - raft.grpc.client.port = 0 (custom)
2021-10-16 01:05:26,046 [Listener at 127.0.0.1/36205] INFO  grpc.GrpcConfigKeys (ConfUtils.java:logGet(44)) - raft.grpc.server.port = 0 (default)
2021-10-16 01:05:26,047 [Listener at 127.0.0.1/36205] INFO  server.GrpcService (ConfUtils.java:logGet(44)) - raft.grpc.message.size.max = 32MB (=33554432) (custom)
2021-10-16 01:05:26,047 [Listener at 127.0.0.1/36205] INFO  server.RaftServerConfigKeys (ConfUtils.java:logGet(44)) - raft.server.log.appender.buffer.byte-limit = 33554432 (custom)
2021-10-16 01:05:26,049 [Listener at 127.0.0.1/36205] INFO  server.GrpcService (ConfUtils.java:logGet(44)) - raft.grpc.flow.control.window = 5MB (=5242880) (custom)
2021-10-16 01:05:26,049 [Listener at 127.0.0.1/36205] INFO  server.RaftServerConfigKeys (ConfUtils.java:logGet(44)) - raft.server.rpc.request.timeout = 3000ms (default)
2021-10-16 01:05:26,051 [Listener at 127.0.0.1/36205] INFO  impl.DataStreamServerImpl (ConfUtils.java:logGet(44)) - raft.datastream.type = DISABLED (default)
2021-10-16 01:05:26,052 [Listener at 127.0.0.1/36205] INFO  server.RaftServerConfigKeys (ConfUtils.java:logGet(44)) - raft.server.rpc.slowness.timeout = 300000ms (custom)
2021-10-16 01:05:26,053 [Listener at 127.0.0.1/36205] INFO  server.RaftServerConfigKeys (ConfUtils.java:logGet(44)) - raft.server.leaderelection.leader.step-down.wait-time = 10s (default)
2021-10-16 01:05:26,053 [Listener at 127.0.0.1/36205] INFO  server.RaftServerConfigKeys (ConfUtils.java:logGet(44)) - raft.server.storage.dir = [/home/runner/work/ozone/ozone/hadoop-ozone/integration-test/target/test-dir/MiniOzoneClusterImpl-248ee1f4-0f5c-4e53-af87-c176a130d444/datanode-3/data/ratis] (custom)
2021-10-16 01:05:26,062 [Listener at 127.0.0.1/36205] INFO  http.BaseHttpServer (BaseHttpServer.java:newHttpServer2BuilderForOzone(209)) - Starting Web-server for hddsDatanode at: http://0.0.0.0:0
2021-10-16 01:05:26,062 [Listener at 127.0.0.1/36205] INFO  http.BaseHttpServer (BaseHttpServer.java:<init>(107)) - Hadoop Security Enabled: false Ozone Security Enabled: false Ozone HTTP Security Enabled: false 
2021-10-16 01:05:26,064 [Listener at 127.0.0.1/36205] INFO  server.AuthenticationFilter (AuthenticationFilter.java:constructSecretProvider(240)) - Unable to initialize FileSignerSecretProvider, falling back to use random secrets.
2021-10-16 01:05:26,065 [Listener at 127.0.0.1/36205] WARN  http.HttpRequestLog (HttpRequestLog.java:getRequestLog(103)) - Jetty request log can only be enabled using Log4j
2021-10-16 01:05:26,066 [Listener at 127.0.0.1/36205] INFO  http.HttpServer2 (HttpServer2.java:addGlobalFilter(1030)) - Added global filter 'safety' (class=org.apache.hadoop.hdds.server.http.HttpServer2$QuotingInputFilter)
2021-10-16 01:05:26,067 [Listener at 127.0.0.1/36205] INFO  http.HttpServer2 (HttpServer2.java:addFilter(1006)) - Added filter static_user_filter (class=org.apache.hadoop.http.lib.StaticUserWebFilter$StaticUserFilter) to context hddsDatanode
2021-10-16 01:05:26,067 [Listener at 127.0.0.1/36205] INFO  http.HttpServer2 (HttpServer2.java:addFilter(1014)) - Added filter static_user_filter (class=org.apache.hadoop.http.lib.StaticUserWebFilter$StaticUserFilter) to context logs
2021-10-16 01:05:26,067 [Listener at 127.0.0.1/36205] INFO  http.HttpServer2 (HttpServer2.java:addFilter(1014)) - Added filter static_user_filter (class=org.apache.hadoop.http.lib.StaticUserWebFilter$StaticUserFilter) to context static
2021-10-16 01:05:26,068 [Listener at 127.0.0.1/36205] INFO  http.HttpServer2 (HttpServer2.java:bindListener(1249)) - Jetty bound to port 34307
2021-10-16 01:05:26,068 [Listener at 127.0.0.1/36205] INFO  server.Server (Server.java:doStart(375)) - jetty-9.4.43.v20210629; built: 2021-06-30T11:07:22.254Z; git: 526006ecfa3af7f1a27ef3a288e2bef7ea9dd7e8; jvm 1.8.0_292-b10
2021-10-16 01:05:26,070 [Listener at 127.0.0.1/36205] INFO  server.session (DefaultSessionIdManager.java:doStart(334)) - DefaultSessionIdManager workerName=node0
2021-10-16 01:05:26,071 [Listener at 127.0.0.1/36205] INFO  server.session (DefaultSessionIdManager.java:doStart(339)) - No SessionScavenger set, using defaults
2021-10-16 01:05:26,071 [Listener at 127.0.0.1/36205] INFO  server.session (HouseKeeper.java:startScavenging(132)) - node0 Scavenging every 600000ms
2021-10-16 01:05:26,074 [Listener at 127.0.0.1/36205] INFO  handler.ContextHandler (ContextHandler.java:doStart(915)) - Started o.e.j.s.ServletContextHandler@6553527e{logs,/logs,file:///home/runner/work/ozone/ozone/hadoop-ozone/integration-test/target/log,AVAILABLE}
2021-10-16 01:05:26,075 [Listener at 127.0.0.1/36205] INFO  handler.ContextHandler (ContextHandler.java:doStart(915)) - Started o.e.j.s.ServletContextHandler@5a81545c{static,/static,jar:file:/home/runner/.m2/repository/org/apache/ozone/hdds-container-service/1.2.0-SNAPSHOT/hdds-container-service-1.2.0-SNAPSHOT.jar!/webapps/static,AVAILABLE}
2021-10-16 01:05:26,127 [Listener at 127.0.0.1/36205] INFO  handler.ContextHandler (ContextHandler.java:doStart(915)) - Started o.e.j.w.WebAppContext@53222524{hddsDatanode,/,file:///tmp/jetty-0_0_0_0-34307-hdds-container-service-1_2_0-SNAPSHOT_jar-_-any-4153666074868570426/webapp/,AVAILABLE}{jar:file:/home/runner/.m2/repository/org/apache/ozone/hdds-container-service/1.2.0-SNAPSHOT/hdds-container-service-1.2.0-SNAPSHOT.jar!/webapps/hddsDatanode}
2021-10-16 01:05:26,130 [Listener at 127.0.0.1/36205] INFO  server.AbstractConnector (AbstractConnector.java:doStart(331)) - Started ServerConnector@16819885{HTTP/1.1, (http/1.1)}{0.0.0.0:34307}
2021-10-16 01:05:26,130 [Listener at 127.0.0.1/36205] INFO  server.Server (Server.java:doStart(415)) - Started @10367ms
2021-10-16 01:05:26,130 [Listener at 127.0.0.1/36205] WARN  impl.MetricsSystemImpl (MetricsSystemImpl.java:register(279)) - Sink prometheus already exists!
2021-10-16 01:05:26,131 [Listener at 127.0.0.1/36205] INFO  http.BaseHttpServer (BaseHttpServer.java:updateConnectorAddress(329)) - HTTP server of hddsDatanode listening at http://0.0.0.0:34307
2021-10-16 01:05:26,132 [Listener at 127.0.0.1/36205] WARN  impl.MetricRegistriesImpl (MetricRegistriesImpl.java:addReporterRegistration(111)) - New reporters are added after registries were created. Some metrics will be missing from the reporter. Please add reporter before adding any new registry.
2021-10-16 01:05:26,132 [Listener at 127.0.0.1/36205] WARN  impl.MetricRegistriesImpl (MetricRegistriesImpl.java:addReporterRegistration(111)) - New reporters are added after registries were created. Some metrics will be missing from the reporter. Please add reporter before adding any new registry.
2021-10-16 01:05:26,132 [Listener at 127.0.0.1/36205] INFO  impl.MetricsSystemImpl (MetricsSystemImpl.java:init(158)) - HddsDatanode metrics system started (again)
2021-10-16 01:05:26,134 [Datanode State Machine Thread - 0] INFO  statemachine.DatanodeStateMachine (DatanodeStateMachine.java:lambda$startDaemon$0(463)) - Ozone container server started.
2021-10-16 01:05:26,156 [org.apache.hadoop.util.JvmPauseMonitor$Monitor@5a394fc0] INFO  util.JvmPauseMonitor (JvmPauseMonitor.java:run(188)) - Starting JVM pause monitor
2021-10-16 01:05:26,158 [Datanode State Machine Task Thread - 0] INFO  datanode.InitDatanodeState (InitDatanodeState.java:persistContainerDatanodeDetails(145)) - DatanodeDetails is persisted to /home/runner/work/ozone/ozone/hadoop-ozone/integration-test/target/test-dir/MiniOzoneClusterImpl-248ee1f4-0f5c-4e53-af87-c176a130d444/datanode-3/meta/datanode.id
2021-10-16 01:05:26,166 [Listener at 127.0.0.1/36205] INFO  ozone.HddsDatanodeService (HddsDatanodeService.java:start(234)) - HddsDatanodeService host:fv-az270-581.tacnzluakwdehk1hpragurqkma.bx.internal.cloudapp.net ip:10.1.0.55
2021-10-16 01:05:26,197 [Listener at 127.0.0.1/36205] INFO  upgrade.AbstractLayoutVersionManager (AbstractLayoutVersionManager.java:init(79)) - Initializing Layout version manager with metadata layout = SCM_HA (version = 2), software layout = SCM_HA (version = 2)
2021-10-16 01:05:26,244 [Listener at 127.0.0.1/36205] INFO  reflections.Reflections (Reflections.java:scan(232)) - Reflections took 45 ms to scan 7 urls, producing 119 keys and 278 values 
2021-10-16 01:05:26,253 [Listener at 127.0.0.1/36205] INFO  volume.HddsVolume (HddsVolume.java:<init>(120)) - Creating HddsVolume: /home/runner/work/ozone/ozone/hadoop-ozone/integration-test/target/test-dir/MiniOzoneClusterImpl-248ee1f4-0f5c-4e53-af87-c176a130d444/datanode-4/data-0/containers/hdds of storage type : DISK capacity : 9223372036854775807
2021-10-16 01:05:26,253 [Listener at 127.0.0.1/36205] INFO  volume.MutableVolumeSet (MutableVolumeSet.java:initializeVolumeSet(168)) - Added Volume : /home/runner/work/ozone/ozone/hadoop-ozone/integration-test/target/test-dir/MiniOzoneClusterImpl-248ee1f4-0f5c-4e53-af87-c176a130d444/datanode-4/data-0/containers/hdds to VolumeSet
2021-10-16 01:05:26,253 [Listener at 127.0.0.1/36205] INFO  volume.ThrottledAsyncChecker (ThrottledAsyncChecker.java:schedule(141)) - Scheduling a check for /home/runner/work/ozone/ozone/hadoop-ozone/integration-test/target/test-dir/MiniOzoneClusterImpl-248ee1f4-0f5c-4e53-af87-c176a130d444/datanode-4/data-0/containers/hdds
2021-10-16 01:05:26,254 [Listener at 127.0.0.1/36205] INFO  volume.StorageVolumeChecker (StorageVolumeChecker.java:checkAllVolumes(202)) - Scheduled health check for volume /home/runner/work/ozone/ozone/hadoop-ozone/integration-test/target/test-dir/MiniOzoneClusterImpl-248ee1f4-0f5c-4e53-af87-c176a130d444/datanode-4/data-0/containers/hdds
2021-10-16 01:05:26,271 [Listener at 127.0.0.1/36205] INFO  volume.MutableVolumeSet (MutableVolumeSet.java:initializeVolumeSet(168)) - Added Volume : /home/runner/work/ozone/ozone/hadoop-ozone/integration-test/target/test-dir/MiniOzoneClusterImpl-248ee1f4-0f5c-4e53-af87-c176a130d444/datanode-4/data/ratis to VolumeSet
2021-10-16 01:05:26,271 [Listener at 127.0.0.1/36205] INFO  volume.ThrottledAsyncChecker (ThrottledAsyncChecker.java:schedule(141)) - Scheduling a check for /home/runner/work/ozone/ozone/hadoop-ozone/integration-test/target/test-dir/MiniOzoneClusterImpl-248ee1f4-0f5c-4e53-af87-c176a130d444/datanode-4/data/ratis
2021-10-16 01:05:26,271 [Listener at 127.0.0.1/36205] INFO  volume.StorageVolumeChecker (StorageVolumeChecker.java:checkAllVolumes(202)) - Scheduled health check for volume /home/runner/work/ozone/ozone/hadoop-ozone/integration-test/target/test-dir/MiniOzoneClusterImpl-248ee1f4-0f5c-4e53-af87-c176a130d444/datanode-4/data/ratis
2021-10-16 01:05:26,288 [Thread-179] INFO  ozoneimpl.ContainerReader (ContainerReader.java:readVolume(172)) - Finish verifying containers on volume /home/runner/work/ozone/ozone/hadoop-ozone/integration-test/target/test-dir/MiniOzoneClusterImpl-248ee1f4-0f5c-4e53-af87-c176a130d444/datanode-4/data-0/containers/hdds
2021-10-16 01:05:26,289 [Listener at 127.0.0.1/36205] INFO  ozoneimpl.OzoneContainer (OzoneContainer.java:buildContainerSet(236)) - Build ContainerSet costs 0s
2021-10-16 01:05:26,294 [Listener at 127.0.0.1/36205] INFO  server.RaftServer (ConfUtils.java:logGet(44)) - raft.rpc.type = GRPC (default)
2021-10-16 01:05:26,294 [Listener at 127.0.0.1/36205] INFO  grpc.GrpcFactory (GrpcFactory.java:checkPooledByteBufAllocatorUseCacheForAllThreads(48)) - PERFORMANCE WARNING: useCacheForAllThreads is true that may cause Netty to create a lot garbage objects and, as a result, trigger GC.
	It is recommended to disable useCacheForAllThreads by setting -Dorg.apache.ratis.thirdparty.io.netty.allocator.useCacheForAllThreads=false in command line.
2021-10-16 01:05:26,294 [Listener at 127.0.0.1/36205] INFO  grpc.GrpcConfigKeys (ConfUtils.java:logGet(44)) - raft.grpc.admin.port = 0 (custom)
2021-10-16 01:05:26,294 [Listener at 127.0.0.1/36205] INFO  grpc.GrpcConfigKeys (ConfUtils.java:logGet(44)) - raft.grpc.client.port = 0 (custom)
2021-10-16 01:05:26,294 [Listener at 127.0.0.1/36205] INFO  grpc.GrpcConfigKeys (ConfUtils.java:logGet(44)) - raft.grpc.server.port = 0 (default)
2021-10-16 01:05:26,295 [Listener at 127.0.0.1/36205] INFO  server.GrpcService (ConfUtils.java:logGet(44)) - raft.grpc.message.size.max = 32MB (=33554432) (custom)
2021-10-16 01:05:26,295 [Listener at 127.0.0.1/36205] INFO  server.RaftServerConfigKeys (ConfUtils.java:logGet(44)) - raft.server.log.appender.buffer.byte-limit = 33554432 (custom)
2021-10-16 01:05:26,295 [Listener at 127.0.0.1/36205] INFO  server.GrpcService (ConfUtils.java:logGet(44)) - raft.grpc.flow.control.window = 5MB (=5242880) (custom)
2021-10-16 01:05:26,296 [Listener at 127.0.0.1/36205] INFO  server.RaftServerConfigKeys (ConfUtils.java:logGet(44)) - raft.server.rpc.request.timeout = 3000ms (default)
2021-10-16 01:05:26,297 [Listener at 127.0.0.1/36205] INFO  impl.DataStreamServerImpl (ConfUtils.java:logGet(44)) - raft.datastream.type = DISABLED (default)
2021-10-16 01:05:26,298 [Listener at 127.0.0.1/36205] INFO  server.RaftServerConfigKeys (ConfUtils.java:logGet(44)) - raft.server.rpc.slowness.timeout = 300000ms (custom)
2021-10-16 01:05:26,298 [Listener at 127.0.0.1/36205] INFO  server.RaftServerConfigKeys (ConfUtils.java:logGet(44)) - raft.server.leaderelection.leader.step-down.wait-time = 10s (default)
2021-10-16 01:05:26,298 [Listener at 127.0.0.1/36205] INFO  server.RaftServerConfigKeys (ConfUtils.java:logGet(44)) - raft.server.storage.dir = [/home/runner/work/ozone/ozone/hadoop-ozone/integration-test/target/test-dir/MiniOzoneClusterImpl-248ee1f4-0f5c-4e53-af87-c176a130d444/datanode-4/data/ratis] (custom)
2021-10-16 01:05:26,303 [Listener at 127.0.0.1/36205] INFO  http.BaseHttpServer (BaseHttpServer.java:newHttpServer2BuilderForOzone(209)) - Starting Web-server for hddsDatanode at: http://0.0.0.0:0
2021-10-16 01:05:26,303 [Listener at 127.0.0.1/36205] INFO  http.BaseHttpServer (BaseHttpServer.java:<init>(107)) - Hadoop Security Enabled: false Ozone Security Enabled: false Ozone HTTP Security Enabled: false 
2021-10-16 01:05:26,306 [Listener at 127.0.0.1/36205] INFO  server.AuthenticationFilter (AuthenticationFilter.java:constructSecretProvider(240)) - Unable to initialize FileSignerSecretProvider, falling back to use random secrets.
2021-10-16 01:05:26,312 [Listener at 127.0.0.1/36205] WARN  http.HttpRequestLog (HttpRequestLog.java:getRequestLog(103)) - Jetty request log can only be enabled using Log4j
2021-10-16 01:05:26,313 [Listener at 127.0.0.1/36205] INFO  http.HttpServer2 (HttpServer2.java:addGlobalFilter(1030)) - Added global filter 'safety' (class=org.apache.hadoop.hdds.server.http.HttpServer2$QuotingInputFilter)
2021-10-16 01:05:26,315 [Listener at 127.0.0.1/36205] INFO  http.HttpServer2 (HttpServer2.java:addFilter(1006)) - Added filter static_user_filter (class=org.apache.hadoop.http.lib.StaticUserWebFilter$StaticUserFilter) to context hddsDatanode
2021-10-16 01:05:26,315 [Listener at 127.0.0.1/36205] INFO  http.HttpServer2 (HttpServer2.java:addFilter(1014)) - Added filter static_user_filter (class=org.apache.hadoop.http.lib.StaticUserWebFilter$StaticUserFilter) to context logs
2021-10-16 01:05:26,315 [Listener at 127.0.0.1/36205] INFO  http.HttpServer2 (HttpServer2.java:addFilter(1014)) - Added filter static_user_filter (class=org.apache.hadoop.http.lib.StaticUserWebFilter$StaticUserFilter) to context static
2021-10-16 01:05:26,316 [Listener at 127.0.0.1/36205] INFO  http.HttpServer2 (HttpServer2.java:bindListener(1249)) - Jetty bound to port 35725
2021-10-16 01:05:26,316 [Listener at 127.0.0.1/36205] INFO  server.Server (Server.java:doStart(375)) - jetty-9.4.43.v20210629; built: 2021-06-30T11:07:22.254Z; git: 526006ecfa3af7f1a27ef3a288e2bef7ea9dd7e8; jvm 1.8.0_292-b10
2021-10-16 01:05:26,318 [Listener at 127.0.0.1/36205] INFO  server.session (DefaultSessionIdManager.java:doStart(334)) - DefaultSessionIdManager workerName=node0
2021-10-16 01:05:26,318 [Listener at 127.0.0.1/36205] INFO  server.session (DefaultSessionIdManager.java:doStart(339)) - No SessionScavenger set, using defaults
2021-10-16 01:05:26,319 [Listener at 127.0.0.1/36205] INFO  server.session (HouseKeeper.java:startScavenging(132)) - node0 Scavenging every 600000ms
2021-10-16 01:05:26,320 [Listener at 127.0.0.1/36205] INFO  handler.ContextHandler (ContextHandler.java:doStart(915)) - Started o.e.j.s.ServletContextHandler@a9c51ea{logs,/logs,file:///home/runner/work/ozone/ozone/hadoop-ozone/integration-test/target/log,AVAILABLE}
2021-10-16 01:05:26,321 [Listener at 127.0.0.1/36205] INFO  handler.ContextHandler (ContextHandler.java:doStart(915)) - Started o.e.j.s.ServletContextHandler@2cc78e6a{static,/static,jar:file:/home/runner/.m2/repository/org/apache/ozone/hdds-container-service/1.2.0-SNAPSHOT/hdds-container-service-1.2.0-SNAPSHOT.jar!/webapps/static,AVAILABLE}
2021-10-16 01:05:26,370 [Listener at 127.0.0.1/36205] INFO  handler.ContextHandler (ContextHandler.java:doStart(915)) - Started o.e.j.w.WebAppContext@66c16751{hddsDatanode,/,file:///tmp/jetty-0_0_0_0-35725-hdds-container-service-1_2_0-SNAPSHOT_jar-_-any-1471824751194589443/webapp/,AVAILABLE}{jar:file:/home/runner/.m2/repository/org/apache/ozone/hdds-container-service/1.2.0-SNAPSHOT/hdds-container-service-1.2.0-SNAPSHOT.jar!/webapps/hddsDatanode}
2021-10-16 01:05:26,372 [Listener at 127.0.0.1/36205] INFO  server.AbstractConnector (AbstractConnector.java:doStart(331)) - Started ServerConnector@5ac9ae05{HTTP/1.1, (http/1.1)}{0.0.0.0:35725}
2021-10-16 01:05:26,372 [Listener at 127.0.0.1/36205] INFO  server.Server (Server.java:doStart(415)) - Started @10609ms
2021-10-16 01:05:26,373 [Listener at 127.0.0.1/36205] WARN  impl.MetricsSystemImpl (MetricsSystemImpl.java:register(279)) - Sink prometheus already exists!
2021-10-16 01:05:26,373 [Listener at 127.0.0.1/36205] INFO  http.BaseHttpServer (BaseHttpServer.java:updateConnectorAddress(329)) - HTTP server of hddsDatanode listening at http://0.0.0.0:35725
2021-10-16 01:05:26,375 [Listener at 127.0.0.1/36205] WARN  impl.MetricRegistriesImpl (MetricRegistriesImpl.java:addReporterRegistration(111)) - New reporters are added after registries were created. Some metrics will be missing from the reporter. Please add reporter before adding any new registry.
2021-10-16 01:05:26,376 [Listener at 127.0.0.1/36205] WARN  impl.MetricRegistriesImpl (MetricRegistriesImpl.java:addReporterRegistration(111)) - New reporters are added after registries were created. Some metrics will be missing from the reporter. Please add reporter before adding any new registry.
2021-10-16 01:05:26,376 [Listener at 127.0.0.1/36205] INFO  impl.MetricsSystemImpl (MetricsSystemImpl.java:init(158)) - HddsDatanode metrics system started (again)
2021-10-16 01:05:26,376 [Datanode State Machine Thread - 0] INFO  statemachine.DatanodeStateMachine (DatanodeStateMachine.java:lambda$startDaemon$0(463)) - Ozone container server started.
2021-10-16 01:05:26,393 [Listener at 127.0.0.1/36205] INFO  ozone.HddsDatanodeService (HddsDatanodeService.java:start(234)) - HddsDatanodeService host:fv-az270-581.tacnzluakwdehk1hpragurqkma.bx.internal.cloudapp.net ip:10.1.0.55
2021-10-16 01:05:26,396 [org.apache.hadoop.util.JvmPauseMonitor$Monitor@6dbebf33] INFO  util.JvmPauseMonitor (JvmPauseMonitor.java:run(188)) - Starting JVM pause monitor
2021-10-16 01:05:26,400 [Datanode State Machine Task Thread - 0] INFO  datanode.InitDatanodeState (InitDatanodeState.java:persistContainerDatanodeDetails(145)) - DatanodeDetails is persisted to /home/runner/work/ozone/ozone/hadoop-ozone/integration-test/target/test-dir/MiniOzoneClusterImpl-248ee1f4-0f5c-4e53-af87-c176a130d444/datanode-4/meta/datanode.id
2021-10-16 01:05:26,416 [Listener at 127.0.0.1/36205] INFO  upgrade.AbstractLayoutVersionManager (AbstractLayoutVersionManager.java:init(79)) - Initializing Layout version manager with metadata layout = SCM_HA (version = 2), software layout = SCM_HA (version = 2)
2021-10-16 01:05:26,463 [Listener at 127.0.0.1/36205] INFO  reflections.Reflections (Reflections.java:scan(232)) - Reflections took 45 ms to scan 7 urls, producing 119 keys and 278 values 
2021-10-16 01:05:26,477 [Listener at 127.0.0.1/36205] INFO  volume.HddsVolume (HddsVolume.java:<init>(120)) - Creating HddsVolume: /home/runner/work/ozone/ozone/hadoop-ozone/integration-test/target/test-dir/MiniOzoneClusterImpl-248ee1f4-0f5c-4e53-af87-c176a130d444/datanode-5/data-0/containers/hdds of storage type : DISK capacity : 9223372036854775807
2021-10-16 01:05:26,478 [Listener at 127.0.0.1/36205] INFO  volume.MutableVolumeSet (MutableVolumeSet.java:initializeVolumeSet(168)) - Added Volume : /home/runner/work/ozone/ozone/hadoop-ozone/integration-test/target/test-dir/MiniOzoneClusterImpl-248ee1f4-0f5c-4e53-af87-c176a130d444/datanode-5/data-0/containers/hdds to VolumeSet
2021-10-16 01:05:26,478 [Listener at 127.0.0.1/36205] INFO  volume.ThrottledAsyncChecker (ThrottledAsyncChecker.java:schedule(141)) - Scheduling a check for /home/runner/work/ozone/ozone/hadoop-ozone/integration-test/target/test-dir/MiniOzoneClusterImpl-248ee1f4-0f5c-4e53-af87-c176a130d444/datanode-5/data-0/containers/hdds
2021-10-16 01:05:26,479 [Listener at 127.0.0.1/36205] INFO  volume.StorageVolumeChecker (StorageVolumeChecker.java:checkAllVolumes(202)) - Scheduled health check for volume /home/runner/work/ozone/ozone/hadoop-ozone/integration-test/target/test-dir/MiniOzoneClusterImpl-248ee1f4-0f5c-4e53-af87-c176a130d444/datanode-5/data-0/containers/hdds
2021-10-16 01:05:26,495 [Listener at 127.0.0.1/36205] INFO  volume.MutableVolumeSet (MutableVolumeSet.java:initializeVolumeSet(168)) - Added Volume : /home/runner/work/ozone/ozone/hadoop-ozone/integration-test/target/test-dir/MiniOzoneClusterImpl-248ee1f4-0f5c-4e53-af87-c176a130d444/datanode-5/data/ratis to VolumeSet
2021-10-16 01:05:26,496 [Listener at 127.0.0.1/36205] INFO  volume.ThrottledAsyncChecker (ThrottledAsyncChecker.java:schedule(141)) - Scheduling a check for /home/runner/work/ozone/ozone/hadoop-ozone/integration-test/target/test-dir/MiniOzoneClusterImpl-248ee1f4-0f5c-4e53-af87-c176a130d444/datanode-5/data/ratis
2021-10-16 01:05:26,496 [Listener at 127.0.0.1/36205] INFO  volume.StorageVolumeChecker (StorageVolumeChecker.java:checkAllVolumes(202)) - Scheduled health check for volume /home/runner/work/ozone/ozone/hadoop-ozone/integration-test/target/test-dir/MiniOzoneClusterImpl-248ee1f4-0f5c-4e53-af87-c176a130d444/datanode-5/data/ratis
2021-10-16 01:05:26,511 [Thread-191] INFO  ozoneimpl.ContainerReader (ContainerReader.java:readVolume(172)) - Finish verifying containers on volume /home/runner/work/ozone/ozone/hadoop-ozone/integration-test/target/test-dir/MiniOzoneClusterImpl-248ee1f4-0f5c-4e53-af87-c176a130d444/datanode-5/data-0/containers/hdds
2021-10-16 01:05:26,511 [Listener at 127.0.0.1/36205] INFO  ozoneimpl.OzoneContainer (OzoneContainer.java:buildContainerSet(236)) - Build ContainerSet costs 0s
2021-10-16 01:05:26,515 [Listener at 127.0.0.1/36205] INFO  server.RaftServer (ConfUtils.java:logGet(44)) - raft.rpc.type = GRPC (default)
2021-10-16 01:05:26,515 [Listener at 127.0.0.1/36205] INFO  grpc.GrpcFactory (GrpcFactory.java:checkPooledByteBufAllocatorUseCacheForAllThreads(48)) - PERFORMANCE WARNING: useCacheForAllThreads is true that may cause Netty to create a lot garbage objects and, as a result, trigger GC.
	It is recommended to disable useCacheForAllThreads by setting -Dorg.apache.ratis.thirdparty.io.netty.allocator.useCacheForAllThreads=false in command line.
2021-10-16 01:05:26,515 [Listener at 127.0.0.1/36205] INFO  grpc.GrpcConfigKeys (ConfUtils.java:logGet(44)) - raft.grpc.admin.port = 0 (custom)
2021-10-16 01:05:26,515 [Listener at 127.0.0.1/36205] INFO  grpc.GrpcConfigKeys (ConfUtils.java:logGet(44)) - raft.grpc.client.port = 0 (custom)
2021-10-16 01:05:26,516 [Listener at 127.0.0.1/36205] INFO  grpc.GrpcConfigKeys (ConfUtils.java:logGet(44)) - raft.grpc.server.port = 0 (default)
2021-10-16 01:05:26,516 [Listener at 127.0.0.1/36205] INFO  server.GrpcService (ConfUtils.java:logGet(44)) - raft.grpc.message.size.max = 32MB (=33554432) (custom)
2021-10-16 01:05:26,516 [Listener at 127.0.0.1/36205] INFO  server.RaftServerConfigKeys (ConfUtils.java:logGet(44)) - raft.server.log.appender.buffer.byte-limit = 33554432 (custom)
2021-10-16 01:05:26,516 [Listener at 127.0.0.1/36205] INFO  server.GrpcService (ConfUtils.java:logGet(44)) - raft.grpc.flow.control.window = 5MB (=5242880) (custom)
2021-10-16 01:05:26,517 [Listener at 127.0.0.1/36205] INFO  server.RaftServerConfigKeys (ConfUtils.java:logGet(44)) - raft.server.rpc.request.timeout = 3000ms (default)
2021-10-16 01:05:26,518 [Listener at 127.0.0.1/36205] INFO  impl.DataStreamServerImpl (ConfUtils.java:logGet(44)) - raft.datastream.type = DISABLED (default)
2021-10-16 01:05:26,518 [Listener at 127.0.0.1/36205] INFO  server.RaftServerConfigKeys (ConfUtils.java:logGet(44)) - raft.server.rpc.slowness.timeout = 300000ms (custom)
2021-10-16 01:05:26,518 [Listener at 127.0.0.1/36205] INFO  server.RaftServerConfigKeys (ConfUtils.java:logGet(44)) - raft.server.leaderelection.leader.step-down.wait-time = 10s (default)
2021-10-16 01:05:26,519 [Listener at 127.0.0.1/36205] INFO  server.RaftServerConfigKeys (ConfUtils.java:logGet(44)) - raft.server.storage.dir = [/home/runner/work/ozone/ozone/hadoop-ozone/integration-test/target/test-dir/MiniOzoneClusterImpl-248ee1f4-0f5c-4e53-af87-c176a130d444/datanode-5/data/ratis] (custom)
2021-10-16 01:05:26,523 [Listener at 127.0.0.1/36205] INFO  http.BaseHttpServer (BaseHttpServer.java:newHttpServer2BuilderForOzone(209)) - Starting Web-server for hddsDatanode at: http://0.0.0.0:0
2021-10-16 01:05:26,523 [Listener at 127.0.0.1/36205] INFO  http.BaseHttpServer (BaseHttpServer.java:<init>(107)) - Hadoop Security Enabled: false Ozone Security Enabled: false Ozone HTTP Security Enabled: false 
2021-10-16 01:05:26,525 [Listener at 127.0.0.1/36205] INFO  server.AuthenticationFilter (AuthenticationFilter.java:constructSecretProvider(240)) - Unable to initialize FileSignerSecretProvider, falling back to use random secrets.
2021-10-16 01:05:26,525 [Listener at 127.0.0.1/36205] WARN  http.HttpRequestLog (HttpRequestLog.java:getRequestLog(103)) - Jetty request log can only be enabled using Log4j
2021-10-16 01:05:26,526 [Listener at 127.0.0.1/36205] INFO  http.HttpServer2 (HttpServer2.java:addGlobalFilter(1030)) - Added global filter 'safety' (class=org.apache.hadoop.hdds.server.http.HttpServer2$QuotingInputFilter)
2021-10-16 01:05:26,527 [Listener at 127.0.0.1/36205] INFO  http.HttpServer2 (HttpServer2.java:addFilter(1006)) - Added filter static_user_filter (class=org.apache.hadoop.http.lib.StaticUserWebFilter$StaticUserFilter) to context hddsDatanode
2021-10-16 01:05:26,528 [Listener at 127.0.0.1/36205] INFO  http.HttpServer2 (HttpServer2.java:addFilter(1014)) - Added filter static_user_filter (class=org.apache.hadoop.http.lib.StaticUserWebFilter$StaticUserFilter) to context static
2021-10-16 01:05:26,528 [Listener at 127.0.0.1/36205] INFO  http.HttpServer2 (HttpServer2.java:addFilter(1014)) - Added filter static_user_filter (class=org.apache.hadoop.http.lib.StaticUserWebFilter$StaticUserFilter) to context logs
2021-10-16 01:05:26,528 [Listener at 127.0.0.1/36205] INFO  http.HttpServer2 (HttpServer2.java:bindListener(1249)) - Jetty bound to port 40777
2021-10-16 01:05:26,529 [Listener at 127.0.0.1/36205] INFO  server.Server (Server.java:doStart(375)) - jetty-9.4.43.v20210629; built: 2021-06-30T11:07:22.254Z; git: 526006ecfa3af7f1a27ef3a288e2bef7ea9dd7e8; jvm 1.8.0_292-b10
2021-10-16 01:05:26,531 [Listener at 127.0.0.1/36205] INFO  server.session (DefaultSessionIdManager.java:doStart(334)) - DefaultSessionIdManager workerName=node0
2021-10-16 01:05:26,531 [Listener at 127.0.0.1/36205] INFO  server.session (DefaultSessionIdManager.java:doStart(339)) - No SessionScavenger set, using defaults
2021-10-16 01:05:26,531 [Listener at 127.0.0.1/36205] INFO  server.session (HouseKeeper.java:startScavenging(132)) - node0 Scavenging every 600000ms
2021-10-16 01:05:26,532 [Listener at 127.0.0.1/36205] INFO  handler.ContextHandler (ContextHandler.java:doStart(915)) - Started o.e.j.s.ServletContextHandler@7defd5f5{logs,/logs,file:///home/runner/work/ozone/ozone/hadoop-ozone/integration-test/target/log,AVAILABLE}
2021-10-16 01:05:26,533 [Listener at 127.0.0.1/36205] INFO  handler.ContextHandler (ContextHandler.java:doStart(915)) - Started o.e.j.s.ServletContextHandler@4b6cf56e{static,/static,jar:file:/home/runner/.m2/repository/org/apache/ozone/hdds-container-service/1.2.0-SNAPSHOT/hdds-container-service-1.2.0-SNAPSHOT.jar!/webapps/static,AVAILABLE}
2021-10-16 01:05:26,581 [Listener at 127.0.0.1/36205] INFO  handler.ContextHandler (ContextHandler.java:doStart(915)) - Started o.e.j.w.WebAppContext@59b0d24d{hddsDatanode,/,file:///tmp/jetty-0_0_0_0-40777-hdds-container-service-1_2_0-SNAPSHOT_jar-_-any-1103652685489615433/webapp/,AVAILABLE}{jar:file:/home/runner/.m2/repository/org/apache/ozone/hdds-container-service/1.2.0-SNAPSHOT/hdds-container-service-1.2.0-SNAPSHOT.jar!/webapps/hddsDatanode}
2021-10-16 01:05:26,592 [Listener at 127.0.0.1/36205] INFO  server.AbstractConnector (AbstractConnector.java:doStart(331)) - Started ServerConnector@71567e73{HTTP/1.1, (http/1.1)}{0.0.0.0:40777}
2021-10-16 01:05:26,593 [Listener at 127.0.0.1/36205] INFO  server.Server (Server.java:doStart(415)) - Started @10830ms
2021-10-16 01:05:26,593 [Listener at 127.0.0.1/36205] WARN  impl.MetricsSystemImpl (MetricsSystemImpl.java:register(279)) - Sink prometheus already exists!
2021-10-16 01:05:26,594 [Listener at 127.0.0.1/36205] INFO  http.BaseHttpServer (BaseHttpServer.java:updateConnectorAddress(329)) - HTTP server of hddsDatanode listening at http://0.0.0.0:40777
2021-10-16 01:05:26,596 [Listener at 127.0.0.1/36205] WARN  impl.MetricRegistriesImpl (MetricRegistriesImpl.java:addReporterRegistration(111)) - New reporters are added after registries were created. Some metrics will be missing from the reporter. Please add reporter before adding any new registry.
2021-10-16 01:05:26,596 [Listener at 127.0.0.1/36205] WARN  impl.MetricRegistriesImpl (MetricRegistriesImpl.java:addReporterRegistration(111)) - New reporters are added after registries were created. Some metrics will be missing from the reporter. Please add reporter before adding any new registry.
2021-10-16 01:05:26,596 [Listener at 127.0.0.1/36205] INFO  impl.MetricsSystemImpl (MetricsSystemImpl.java:init(158)) - HddsDatanode metrics system started (again)
2021-10-16 01:05:26,608 [Datanode State Machine Thread - 0] INFO  statemachine.DatanodeStateMachine (DatanodeStateMachine.java:lambda$startDaemon$0(463)) - Ozone container server started.
2021-10-16 01:05:26,625 [Listener at 127.0.0.1/36205] INFO  ozone.HddsDatanodeService (HddsDatanodeService.java:start(234)) - HddsDatanodeService host:fv-az270-581.tacnzluakwdehk1hpragurqkma.bx.internal.cloudapp.net ip:10.1.0.55
2021-10-16 01:05:26,648 [org.apache.hadoop.util.JvmPauseMonitor$Monitor@26124cf6] INFO  util.JvmPauseMonitor (JvmPauseMonitor.java:run(188)) - Starting JVM pause monitor
2021-10-16 01:05:26,657 [Datanode State Machine Task Thread - 0] INFO  datanode.InitDatanodeState (InitDatanodeState.java:persistContainerDatanodeDetails(145)) - DatanodeDetails is persisted to /home/runner/work/ozone/ozone/hadoop-ozone/integration-test/target/test-dir/MiniOzoneClusterImpl-248ee1f4-0f5c-4e53-af87-c176a130d444/datanode-5/meta/datanode.id
2021-10-16 01:05:26,674 [Listener at 127.0.0.1/36205] INFO  upgrade.AbstractLayoutVersionManager (AbstractLayoutVersionManager.java:init(79)) - Initializing Layout version manager with metadata layout = SCM_HA (version = 2), software layout = SCM_HA (version = 2)
2021-10-16 01:05:26,723 [Listener at 127.0.0.1/36205] INFO  reflections.Reflections (Reflections.java:scan(232)) - Reflections took 47 ms to scan 7 urls, producing 119 keys and 278 values 
2021-10-16 01:05:26,729 [Listener at 127.0.0.1/36205] INFO  volume.HddsVolume (HddsVolume.java:<init>(120)) - Creating HddsVolume: /home/runner/work/ozone/ozone/hadoop-ozone/integration-test/target/test-dir/MiniOzoneClusterImpl-248ee1f4-0f5c-4e53-af87-c176a130d444/datanode-6/data-0/containers/hdds of storage type : DISK capacity : 9223372036854775807
2021-10-16 01:05:26,730 [Listener at 127.0.0.1/36205] INFO  volume.MutableVolumeSet (MutableVolumeSet.java:initializeVolumeSet(168)) - Added Volume : /home/runner/work/ozone/ozone/hadoop-ozone/integration-test/target/test-dir/MiniOzoneClusterImpl-248ee1f4-0f5c-4e53-af87-c176a130d444/datanode-6/data-0/containers/hdds to VolumeSet
2021-10-16 01:05:26,730 [Listener at 127.0.0.1/36205] INFO  volume.ThrottledAsyncChecker (ThrottledAsyncChecker.java:schedule(141)) - Scheduling a check for /home/runner/work/ozone/ozone/hadoop-ozone/integration-test/target/test-dir/MiniOzoneClusterImpl-248ee1f4-0f5c-4e53-af87-c176a130d444/datanode-6/data-0/containers/hdds
2021-10-16 01:05:26,742 [Listener at 127.0.0.1/36205] INFO  volume.StorageVolumeChecker (StorageVolumeChecker.java:checkAllVolumes(202)) - Scheduled health check for volume /home/runner/work/ozone/ozone/hadoop-ozone/integration-test/target/test-dir/MiniOzoneClusterImpl-248ee1f4-0f5c-4e53-af87-c176a130d444/datanode-6/data-0/containers/hdds
2021-10-16 01:05:26,763 [Listener at 127.0.0.1/36205] INFO  volume.MutableVolumeSet (MutableVolumeSet.java:initializeVolumeSet(168)) - Added Volume : /home/runner/work/ozone/ozone/hadoop-ozone/integration-test/target/test-dir/MiniOzoneClusterImpl-248ee1f4-0f5c-4e53-af87-c176a130d444/datanode-6/data/ratis to VolumeSet
2021-10-16 01:05:26,764 [Listener at 127.0.0.1/36205] INFO  volume.ThrottledAsyncChecker (ThrottledAsyncChecker.java:schedule(141)) - Scheduling a check for /home/runner/work/ozone/ozone/hadoop-ozone/integration-test/target/test-dir/MiniOzoneClusterImpl-248ee1f4-0f5c-4e53-af87-c176a130d444/datanode-6/data/ratis
2021-10-16 01:05:26,765 [Listener at 127.0.0.1/36205] INFO  volume.StorageVolumeChecker (StorageVolumeChecker.java:checkAllVolumes(202)) - Scheduled health check for volume /home/runner/work/ozone/ozone/hadoop-ozone/integration-test/target/test-dir/MiniOzoneClusterImpl-248ee1f4-0f5c-4e53-af87-c176a130d444/datanode-6/data/ratis
2021-10-16 01:05:26,786 [Thread-203] INFO  ozoneimpl.ContainerReader (ContainerReader.java:readVolume(172)) - Finish verifying containers on volume /home/runner/work/ozone/ozone/hadoop-ozone/integration-test/target/test-dir/MiniOzoneClusterImpl-248ee1f4-0f5c-4e53-af87-c176a130d444/datanode-6/data-0/containers/hdds
2021-10-16 01:05:26,786 [Listener at 127.0.0.1/36205] INFO  ozoneimpl.OzoneContainer (OzoneContainer.java:buildContainerSet(236)) - Build ContainerSet costs 0s
2021-10-16 01:05:26,794 [Listener at 127.0.0.1/36205] INFO  server.RaftServer (ConfUtils.java:logGet(44)) - raft.rpc.type = GRPC (default)
2021-10-16 01:05:26,796 [Listener at 127.0.0.1/36205] INFO  grpc.GrpcFactory (GrpcFactory.java:checkPooledByteBufAllocatorUseCacheForAllThreads(48)) - PERFORMANCE WARNING: useCacheForAllThreads is true that may cause Netty to create a lot garbage objects and, as a result, trigger GC.
	It is recommended to disable useCacheForAllThreads by setting -Dorg.apache.ratis.thirdparty.io.netty.allocator.useCacheForAllThreads=false in command line.
2021-10-16 01:05:26,796 [Listener at 127.0.0.1/36205] INFO  grpc.GrpcConfigKeys (ConfUtils.java:logGet(44)) - raft.grpc.admin.port = 0 (custom)
2021-10-16 01:05:26,800 [Listener at 127.0.0.1/36205] INFO  grpc.GrpcConfigKeys (ConfUtils.java:logGet(44)) - raft.grpc.client.port = 0 (custom)
2021-10-16 01:05:26,800 [Listener at 127.0.0.1/36205] INFO  grpc.GrpcConfigKeys (ConfUtils.java:logGet(44)) - raft.grpc.server.port = 0 (default)
2021-10-16 01:05:26,801 [Listener at 127.0.0.1/36205] INFO  server.GrpcService (ConfUtils.java:logGet(44)) - raft.grpc.message.size.max = 32MB (=33554432) (custom)
2021-10-16 01:05:26,801 [Listener at 127.0.0.1/36205] INFO  server.RaftServerConfigKeys (ConfUtils.java:logGet(44)) - raft.server.log.appender.buffer.byte-limit = 33554432 (custom)
2021-10-16 01:05:26,801 [Listener at 127.0.0.1/36205] INFO  server.GrpcService (ConfUtils.java:logGet(44)) - raft.grpc.flow.control.window = 5MB (=5242880) (custom)
2021-10-16 01:05:26,801 [Listener at 127.0.0.1/36205] INFO  server.RaftServerConfigKeys (ConfUtils.java:logGet(44)) - raft.server.rpc.request.timeout = 3000ms (default)
2021-10-16 01:05:26,803 [Listener at 127.0.0.1/36205] INFO  impl.DataStreamServerImpl (ConfUtils.java:logGet(44)) - raft.datastream.type = DISABLED (default)
2021-10-16 01:05:26,804 [Listener at 127.0.0.1/36205] INFO  server.RaftServerConfigKeys (ConfUtils.java:logGet(44)) - raft.server.rpc.slowness.timeout = 300000ms (custom)
2021-10-16 01:05:26,806 [Listener at 127.0.0.1/36205] INFO  server.RaftServerConfigKeys (ConfUtils.java:logGet(44)) - raft.server.leaderelection.leader.step-down.wait-time = 10s (default)
2021-10-16 01:05:26,807 [Listener at 127.0.0.1/36205] INFO  server.RaftServerConfigKeys (ConfUtils.java:logGet(44)) - raft.server.storage.dir = [/home/runner/work/ozone/ozone/hadoop-ozone/integration-test/target/test-dir/MiniOzoneClusterImpl-248ee1f4-0f5c-4e53-af87-c176a130d444/datanode-6/data/ratis] (custom)
2021-10-16 01:05:26,829 [Listener at 127.0.0.1/36205] INFO  http.BaseHttpServer (BaseHttpServer.java:newHttpServer2BuilderForOzone(209)) - Starting Web-server for hddsDatanode at: http://0.0.0.0:0
2021-10-16 01:05:26,829 [Listener at 127.0.0.1/36205] INFO  http.BaseHttpServer (BaseHttpServer.java:<init>(107)) - Hadoop Security Enabled: false Ozone Security Enabled: false Ozone HTTP Security Enabled: false 
2021-10-16 01:05:26,831 [Listener at 127.0.0.1/36205] INFO  server.AuthenticationFilter (AuthenticationFilter.java:constructSecretProvider(240)) - Unable to initialize FileSignerSecretProvider, falling back to use random secrets.
2021-10-16 01:05:26,833 [Listener at 127.0.0.1/36205] WARN  http.HttpRequestLog (HttpRequestLog.java:getRequestLog(103)) - Jetty request log can only be enabled using Log4j
2021-10-16 01:05:26,843 [Listener at 127.0.0.1/36205] INFO  http.HttpServer2 (HttpServer2.java:addGlobalFilter(1030)) - Added global filter 'safety' (class=org.apache.hadoop.hdds.server.http.HttpServer2$QuotingInputFilter)
2021-10-16 01:05:26,844 [Listener at 127.0.0.1/36205] INFO  http.HttpServer2 (HttpServer2.java:addFilter(1006)) - Added filter static_user_filter (class=org.apache.hadoop.http.lib.StaticUserWebFilter$StaticUserFilter) to context hddsDatanode
2021-10-16 01:05:26,845 [Listener at 127.0.0.1/36205] INFO  http.HttpServer2 (HttpServer2.java:addFilter(1014)) - Added filter static_user_filter (class=org.apache.hadoop.http.lib.StaticUserWebFilter$StaticUserFilter) to context logs
2021-10-16 01:05:26,845 [Listener at 127.0.0.1/36205] INFO  http.HttpServer2 (HttpServer2.java:addFilter(1014)) - Added filter static_user_filter (class=org.apache.hadoop.http.lib.StaticUserWebFilter$StaticUserFilter) to context static
2021-10-16 01:05:26,846 [Listener at 127.0.0.1/36205] INFO  http.HttpServer2 (HttpServer2.java:bindListener(1249)) - Jetty bound to port 41201
2021-10-16 01:05:26,846 [Listener at 127.0.0.1/36205] INFO  server.Server (Server.java:doStart(375)) - jetty-9.4.43.v20210629; built: 2021-06-30T11:07:22.254Z; git: 526006ecfa3af7f1a27ef3a288e2bef7ea9dd7e8; jvm 1.8.0_292-b10
2021-10-16 01:05:26,849 [Listener at 127.0.0.1/36205] INFO  server.session (DefaultSessionIdManager.java:doStart(334)) - DefaultSessionIdManager workerName=node0
2021-10-16 01:05:26,849 [Listener at 127.0.0.1/36205] INFO  server.session (DefaultSessionIdManager.java:doStart(339)) - No SessionScavenger set, using defaults
2021-10-16 01:05:26,849 [Listener at 127.0.0.1/36205] INFO  server.session (HouseKeeper.java:startScavenging(132)) - node0 Scavenging every 600000ms
2021-10-16 01:05:26,850 [Listener at 127.0.0.1/36205] INFO  handler.ContextHandler (ContextHandler.java:doStart(915)) - Started o.e.j.s.ServletContextHandler@64a55f76{logs,/logs,file:///home/runner/work/ozone/ozone/hadoop-ozone/integration-test/target/log,AVAILABLE}
2021-10-16 01:05:26,851 [Listener at 127.0.0.1/36205] INFO  handler.ContextHandler (ContextHandler.java:doStart(915)) - Started o.e.j.s.ServletContextHandler@1b42e17a{static,/static,jar:file:/home/runner/.m2/repository/org/apache/ozone/hdds-container-service/1.2.0-SNAPSHOT/hdds-container-service-1.2.0-SNAPSHOT.jar!/webapps/static,AVAILABLE}
2021-10-16 01:05:26,904 [Listener at 127.0.0.1/36205] INFO  handler.ContextHandler (ContextHandler.java:doStart(915)) - Started o.e.j.w.WebAppContext@7211ab39{hddsDatanode,/,file:///tmp/jetty-0_0_0_0-41201-hdds-container-service-1_2_0-SNAPSHOT_jar-_-any-66885271497102501/webapp/,AVAILABLE}{jar:file:/home/runner/.m2/repository/org/apache/ozone/hdds-container-service/1.2.0-SNAPSHOT/hdds-container-service-1.2.0-SNAPSHOT.jar!/webapps/hddsDatanode}
2021-10-16 01:05:26,906 [Listener at 127.0.0.1/36205] INFO  server.AbstractConnector (AbstractConnector.java:doStart(331)) - Started ServerConnector@a6c6b0d{HTTP/1.1, (http/1.1)}{0.0.0.0:41201}
2021-10-16 01:05:26,907 [Listener at 127.0.0.1/36205] INFO  server.Server (Server.java:doStart(415)) - Started @11143ms
2021-10-16 01:05:26,907 [Listener at 127.0.0.1/36205] WARN  impl.MetricsSystemImpl (MetricsSystemImpl.java:register(279)) - Sink prometheus already exists!
2021-10-16 01:05:26,908 [Listener at 127.0.0.1/36205] INFO  http.BaseHttpServer (BaseHttpServer.java:updateConnectorAddress(329)) - HTTP server of hddsDatanode listening at http://0.0.0.0:41201
2021-10-16 01:05:26,910 [Listener at 127.0.0.1/36205] WARN  impl.MetricRegistriesImpl (MetricRegistriesImpl.java:addReporterRegistration(111)) - New reporters are added after registries were created. Some metrics will be missing from the reporter. Please add reporter before adding any new registry.
2021-10-16 01:05:26,910 [Listener at 127.0.0.1/36205] WARN  impl.MetricRegistriesImpl (MetricRegistriesImpl.java:addReporterRegistration(111)) - New reporters are added after registries were created. Some metrics will be missing from the reporter. Please add reporter before adding any new registry.
2021-10-16 01:05:26,910 [Listener at 127.0.0.1/36205] INFO  impl.MetricsSystemImpl (MetricsSystemImpl.java:init(158)) - HddsDatanode metrics system started (again)
2021-10-16 01:05:26,926 [Datanode State Machine Thread - 0] INFO  statemachine.DatanodeStateMachine (DatanodeStateMachine.java:lambda$startDaemon$0(463)) - Ozone container server started.
2021-10-16 01:05:26,950 [org.apache.hadoop.util.JvmPauseMonitor$Monitor@164806f0] INFO  util.JvmPauseMonitor (JvmPauseMonitor.java:run(188)) - Starting JVM pause monitor
2021-10-16 01:05:26,952 [Listener at 127.0.0.1/36205] INFO  ozone.HddsDatanodeService (HddsDatanodeService.java:start(234)) - HddsDatanodeService host:fv-az270-581.tacnzluakwdehk1hpragurqkma.bx.internal.cloudapp.net ip:10.1.0.55
2021-10-16 01:05:26,955 [Datanode State Machine Task Thread - 0] INFO  datanode.InitDatanodeState (InitDatanodeState.java:persistContainerDatanodeDetails(145)) - DatanodeDetails is persisted to /home/runner/work/ozone/ozone/hadoop-ozone/integration-test/target/test-dir/MiniOzoneClusterImpl-248ee1f4-0f5c-4e53-af87-c176a130d444/datanode-6/meta/datanode.id
2021-10-16 01:05:27,002 [Listener at 127.0.0.1/36205] INFO  upgrade.AbstractLayoutVersionManager (AbstractLayoutVersionManager.java:init(79)) - Initializing Layout version manager with metadata layout = SCM_HA (version = 2), software layout = SCM_HA (version = 2)
2021-10-16 01:05:27,030 [EndpointStateMachine task thread for /0.0.0.0:39403 - 0 ] INFO  ozoneimpl.OzoneContainer (OzoneContainer.java:start(304)) - Attempting to start container services.
2021-10-16 01:05:27,046 [EndpointStateMachine task thread for /0.0.0.0:39403 - 0 ] INFO  ozoneimpl.OzoneContainer (OzoneContainer.java:startContainerScrub(249)) - Background container scanner has been disabled.
2021-10-16 01:05:27,049 [EndpointStateMachine task thread for /0.0.0.0:39403 - 0 ] INFO  replication.ReplicationServer (ReplicationServer.java:start(107)) - ReplicationServer is started using port 40043
2021-10-16 01:05:27,053 [EndpointStateMachine task thread for /0.0.0.0:39403 - 0 ] INFO  ratis.XceiverServerRatis (XceiverServerRatis.java:start(484)) - Starting XceiverServerRatis b875dbc0-fa4a-4375-91ba-3cc15c85989b
2021-10-16 01:05:27,054 [EndpointStateMachine task thread for /0.0.0.0:39403 - 0 ] INFO  server.RaftServer (RaftServerProxy.java:lambda$start$5(374)) - b875dbc0-fa4a-4375-91ba-3cc15c85989b: start RPC server
2021-10-16 01:05:27,065 [EndpointStateMachine task thread for /0.0.0.0:39403 - 0 ] INFO  server.GrpcService (GrpcService.java:startImpl(253)) - b875dbc0-fa4a-4375-91ba-3cc15c85989b: GrpcService started, listening on 37245
2021-10-16 01:05:27,066 [EndpointStateMachine task thread for /0.0.0.0:39403 - 0 ] INFO  ratis.XceiverServerRatis (XceiverServerRatis.java:getRealPort(505)) - XceiverServerRatis b875dbc0-fa4a-4375-91ba-3cc15c85989b is started using port 37245 for RATIS
2021-10-16 01:05:27,066 [EndpointStateMachine task thread for /0.0.0.0:39403 - 0 ] INFO  ratis.XceiverServerRatis (XceiverServerRatis.java:getRealPort(505)) - XceiverServerRatis b875dbc0-fa4a-4375-91ba-3cc15c85989b is started using port 37245 for RATIS_ADMIN
2021-10-16 01:05:27,066 [EndpointStateMachine task thread for /0.0.0.0:39403 - 0 ] INFO  ratis.XceiverServerRatis (XceiverServerRatis.java:getRealPort(505)) - XceiverServerRatis b875dbc0-fa4a-4375-91ba-3cc15c85989b is started using port 37245 for RATIS_SERVER
2021-10-16 01:05:27,073 [EndpointStateMachine task thread for /0.0.0.0:39403 - 0 ] INFO  server.XceiverServerGrpc (XceiverServerGrpc.java:start(135)) - XceiverServerGrpc b875dbc0-fa4a-4375-91ba-3cc15c85989b is started using port 39421
2021-10-16 01:05:27,072 [org.apache.ratis.util.JvmPauseMonitor$$Lambda$521/94530068@395bd9ee] INFO  util.JvmPauseMonitor (JvmPauseMonitor.java:run(103)) - JvmPauseMonitor-b875dbc0-fa4a-4375-91ba-3cc15c85989b: Started
2021-10-16 01:05:27,101 [Listener at 127.0.0.1/36205] INFO  reflections.Reflections (Reflections.java:scan(232)) - Reflections took 93 ms to scan 7 urls, producing 119 keys and 278 values 
2021-10-16 01:05:27,104 [Listener at 127.0.0.1/36205] INFO  volume.HddsVolume (HddsVolume.java:<init>(120)) - Creating HddsVolume: /home/runner/work/ozone/ozone/hadoop-ozone/integration-test/target/test-dir/MiniOzoneClusterImpl-248ee1f4-0f5c-4e53-af87-c176a130d444/datanode-7/data-0/containers/hdds of storage type : DISK capacity : 9223372036854775807
2021-10-16 01:05:27,105 [Listener at 127.0.0.1/36205] INFO  volume.MutableVolumeSet (MutableVolumeSet.java:initializeVolumeSet(168)) - Added Volume : /home/runner/work/ozone/ozone/hadoop-ozone/integration-test/target/test-dir/MiniOzoneClusterImpl-248ee1f4-0f5c-4e53-af87-c176a130d444/datanode-7/data-0/containers/hdds to VolumeSet
2021-10-16 01:05:27,105 [Listener at 127.0.0.1/36205] INFO  volume.ThrottledAsyncChecker (ThrottledAsyncChecker.java:schedule(141)) - Scheduling a check for /home/runner/work/ozone/ozone/hadoop-ozone/integration-test/target/test-dir/MiniOzoneClusterImpl-248ee1f4-0f5c-4e53-af87-c176a130d444/datanode-7/data-0/containers/hdds
2021-10-16 01:05:27,106 [Listener at 127.0.0.1/36205] INFO  volume.StorageVolumeChecker (StorageVolumeChecker.java:checkAllVolumes(202)) - Scheduled health check for volume /home/runner/work/ozone/ozone/hadoop-ozone/integration-test/target/test-dir/MiniOzoneClusterImpl-248ee1f4-0f5c-4e53-af87-c176a130d444/datanode-7/data-0/containers/hdds
2021-10-16 01:05:27,120 [Listener at 127.0.0.1/36205] INFO  volume.MutableVolumeSet (MutableVolumeSet.java:initializeVolumeSet(168)) - Added Volume : /home/runner/work/ozone/ozone/hadoop-ozone/integration-test/target/test-dir/MiniOzoneClusterImpl-248ee1f4-0f5c-4e53-af87-c176a130d444/datanode-7/data/ratis to VolumeSet
2021-10-16 01:05:27,121 [Listener at 127.0.0.1/36205] INFO  volume.ThrottledAsyncChecker (ThrottledAsyncChecker.java:schedule(141)) - Scheduling a check for /home/runner/work/ozone/ozone/hadoop-ozone/integration-test/target/test-dir/MiniOzoneClusterImpl-248ee1f4-0f5c-4e53-af87-c176a130d444/datanode-7/data/ratis
2021-10-16 01:05:27,121 [Listener at 127.0.0.1/36205] INFO  volume.StorageVolumeChecker (StorageVolumeChecker.java:checkAllVolumes(202)) - Scheduled health check for volume /home/runner/work/ozone/ozone/hadoop-ozone/integration-test/target/test-dir/MiniOzoneClusterImpl-248ee1f4-0f5c-4e53-af87-c176a130d444/datanode-7/data/ratis
2021-10-16 01:05:27,135 [Thread-219] INFO  ozoneimpl.ContainerReader (ContainerReader.java:readVolume(172)) - Finish verifying containers on volume /home/runner/work/ozone/ozone/hadoop-ozone/integration-test/target/test-dir/MiniOzoneClusterImpl-248ee1f4-0f5c-4e53-af87-c176a130d444/datanode-7/data-0/containers/hdds
2021-10-16 01:05:27,135 [Listener at 127.0.0.1/36205] INFO  ozoneimpl.OzoneContainer (OzoneContainer.java:buildContainerSet(236)) - Build ContainerSet costs 0s
2021-10-16 01:05:27,138 [Listener at 127.0.0.1/36205] INFO  server.RaftServer (ConfUtils.java:logGet(44)) - raft.rpc.type = GRPC (default)
2021-10-16 01:05:27,139 [Listener at 127.0.0.1/36205] INFO  grpc.GrpcFactory (GrpcFactory.java:checkPooledByteBufAllocatorUseCacheForAllThreads(48)) - PERFORMANCE WARNING: useCacheForAllThreads is true that may cause Netty to create a lot garbage objects and, as a result, trigger GC.
	It is recommended to disable useCacheForAllThreads by setting -Dorg.apache.ratis.thirdparty.io.netty.allocator.useCacheForAllThreads=false in command line.
2021-10-16 01:05:27,139 [Listener at 127.0.0.1/36205] INFO  grpc.GrpcConfigKeys (ConfUtils.java:logGet(44)) - raft.grpc.admin.port = 0 (custom)
2021-10-16 01:05:27,139 [Listener at 127.0.0.1/36205] INFO  grpc.GrpcConfigKeys (ConfUtils.java:logGet(44)) - raft.grpc.client.port = 0 (custom)
2021-10-16 01:05:27,139 [Listener at 127.0.0.1/36205] INFO  grpc.GrpcConfigKeys (ConfUtils.java:logGet(44)) - raft.grpc.server.port = 0 (default)
2021-10-16 01:05:27,139 [Listener at 127.0.0.1/36205] INFO  server.GrpcService (ConfUtils.java:logGet(44)) - raft.grpc.message.size.max = 32MB (=33554432) (custom)
2021-10-16 01:05:27,140 [Listener at 127.0.0.1/36205] INFO  server.RaftServerConfigKeys (ConfUtils.java:logGet(44)) - raft.server.log.appender.buffer.byte-limit = 33554432 (custom)
2021-10-16 01:05:27,140 [Listener at 127.0.0.1/36205] INFO  server.GrpcService (ConfUtils.java:logGet(44)) - raft.grpc.flow.control.window = 5MB (=5242880) (custom)
2021-10-16 01:05:27,140 [Listener at 127.0.0.1/36205] INFO  server.RaftServerConfigKeys (ConfUtils.java:logGet(44)) - raft.server.rpc.request.timeout = 3000ms (default)
2021-10-16 01:05:27,141 [Listener at 127.0.0.1/36205] INFO  impl.DataStreamServerImpl (ConfUtils.java:logGet(44)) - raft.datastream.type = DISABLED (default)
2021-10-16 01:05:27,142 [Listener at 127.0.0.1/36205] INFO  server.RaftServerConfigKeys (ConfUtils.java:logGet(44)) - raft.server.rpc.slowness.timeout = 300000ms (custom)
2021-10-16 01:05:27,142 [Listener at 127.0.0.1/36205] INFO  server.RaftServerConfigKeys (ConfUtils.java:logGet(44)) - raft.server.leaderelection.leader.step-down.wait-time = 10s (default)
2021-10-16 01:05:27,142 [Listener at 127.0.0.1/36205] INFO  server.RaftServerConfigKeys (ConfUtils.java:logGet(44)) - raft.server.storage.dir = [/home/runner/work/ozone/ozone/hadoop-ozone/integration-test/target/test-dir/MiniOzoneClusterImpl-248ee1f4-0f5c-4e53-af87-c176a130d444/datanode-7/data/ratis] (custom)
2021-10-16 01:05:27,146 [Listener at 127.0.0.1/36205] INFO  http.BaseHttpServer (BaseHttpServer.java:newHttpServer2BuilderForOzone(209)) - Starting Web-server for hddsDatanode at: http://0.0.0.0:0
2021-10-16 01:05:27,146 [Listener at 127.0.0.1/36205] INFO  http.BaseHttpServer (BaseHttpServer.java:<init>(107)) - Hadoop Security Enabled: false Ozone Security Enabled: false Ozone HTTP Security Enabled: false 
2021-10-16 01:05:27,147 [Listener at 127.0.0.1/36205] INFO  server.AuthenticationFilter (AuthenticationFilter.java:constructSecretProvider(240)) - Unable to initialize FileSignerSecretProvider, falling back to use random secrets.
2021-10-16 01:05:27,152 [Listener at 127.0.0.1/36205] WARN  http.HttpRequestLog (HttpRequestLog.java:getRequestLog(103)) - Jetty request log can only be enabled using Log4j
2021-10-16 01:05:27,153 [Listener at 127.0.0.1/36205] INFO  http.HttpServer2 (HttpServer2.java:addGlobalFilter(1030)) - Added global filter 'safety' (class=org.apache.hadoop.hdds.server.http.HttpServer2$QuotingInputFilter)
2021-10-16 01:05:27,154 [Listener at 127.0.0.1/36205] INFO  http.HttpServer2 (HttpServer2.java:addFilter(1006)) - Added filter static_user_filter (class=org.apache.hadoop.http.lib.StaticUserWebFilter$StaticUserFilter) to context hddsDatanode
2021-10-16 01:05:27,154 [Listener at 127.0.0.1/36205] INFO  http.HttpServer2 (HttpServer2.java:addFilter(1014)) - Added filter static_user_filter (class=org.apache.hadoop.http.lib.StaticUserWebFilter$StaticUserFilter) to context static
2021-10-16 01:05:27,154 [Listener at 127.0.0.1/36205] INFO  http.HttpServer2 (HttpServer2.java:addFilter(1014)) - Added filter static_user_filter (class=org.apache.hadoop.http.lib.StaticUserWebFilter$StaticUserFilter) to context logs
2021-10-16 01:05:27,155 [Listener at 127.0.0.1/36205] INFO  http.HttpServer2 (HttpServer2.java:bindListener(1249)) - Jetty bound to port 35265
2021-10-16 01:05:27,155 [Listener at 127.0.0.1/36205] INFO  server.Server (Server.java:doStart(375)) - jetty-9.4.43.v20210629; built: 2021-06-30T11:07:22.254Z; git: 526006ecfa3af7f1a27ef3a288e2bef7ea9dd7e8; jvm 1.8.0_292-b10
2021-10-16 01:05:27,165 [Listener at 127.0.0.1/36205] INFO  server.session (DefaultSessionIdManager.java:doStart(334)) - DefaultSessionIdManager workerName=node0
2021-10-16 01:05:27,166 [Listener at 127.0.0.1/36205] INFO  server.session (DefaultSessionIdManager.java:doStart(339)) - No SessionScavenger set, using defaults
2021-10-16 01:05:27,166 [Listener at 127.0.0.1/36205] INFO  server.session (HouseKeeper.java:startScavenging(132)) - node0 Scavenging every 660000ms
2021-10-16 01:05:27,167 [Listener at 127.0.0.1/36205] INFO  handler.ContextHandler (ContextHandler.java:doStart(915)) - Started o.e.j.s.ServletContextHandler@4c225198{logs,/logs,file:///home/runner/work/ozone/ozone/hadoop-ozone/integration-test/target/log,AVAILABLE}
2021-10-16 01:05:27,167 [Listener at 127.0.0.1/36205] INFO  handler.ContextHandler (ContextHandler.java:doStart(915)) - Started o.e.j.s.ServletContextHandler@7e811458{static,/static,jar:file:/home/runner/.m2/repository/org/apache/ozone/hdds-container-service/1.2.0-SNAPSHOT/hdds-container-service-1.2.0-SNAPSHOT.jar!/webapps/static,AVAILABLE}
2021-10-16 01:05:27,211 [Listener at 127.0.0.1/36205] INFO  handler.ContextHandler (ContextHandler.java:doStart(915)) - Started o.e.j.w.WebAppContext@344c2157{hddsDatanode,/,file:///tmp/jetty-0_0_0_0-35265-hdds-container-service-1_2_0-SNAPSHOT_jar-_-any-6527259702981547786/webapp/,AVAILABLE}{jar:file:/home/runner/.m2/repository/org/apache/ozone/hdds-container-service/1.2.0-SNAPSHOT/hdds-container-service-1.2.0-SNAPSHOT.jar!/webapps/hddsDatanode}
2021-10-16 01:05:27,213 [Listener at 127.0.0.1/36205] INFO  server.AbstractConnector (AbstractConnector.java:doStart(331)) - Started ServerConnector@e92cb3a{HTTP/1.1, (http/1.1)}{0.0.0.0:35265}
2021-10-16 01:05:27,213 [Listener at 127.0.0.1/36205] INFO  server.Server (Server.java:doStart(415)) - Started @11450ms
2021-10-16 01:05:27,213 [Listener at 127.0.0.1/36205] WARN  impl.MetricsSystemImpl (MetricsSystemImpl.java:register(279)) - Sink prometheus already exists!
2021-10-16 01:05:27,214 [Listener at 127.0.0.1/36205] INFO  http.BaseHttpServer (BaseHttpServer.java:updateConnectorAddress(329)) - HTTP server of hddsDatanode listening at http://0.0.0.0:35265
2021-10-16 01:05:27,215 [Listener at 127.0.0.1/36205] WARN  impl.MetricRegistriesImpl (MetricRegistriesImpl.java:addReporterRegistration(111)) - New reporters are added after registries were created. Some metrics will be missing from the reporter. Please add reporter before adding any new registry.
2021-10-16 01:05:27,215 [Listener at 127.0.0.1/36205] WARN  impl.MetricRegistriesImpl (MetricRegistriesImpl.java:addReporterRegistration(111)) - New reporters are added after registries were created. Some metrics will be missing from the reporter. Please add reporter before adding any new registry.
2021-10-16 01:05:27,215 [Listener at 127.0.0.1/36205] INFO  impl.MetricsSystemImpl (MetricsSystemImpl.java:init(158)) - HddsDatanode metrics system started (again)
2021-10-16 01:05:27,228 [Datanode State Machine Thread - 0] INFO  statemachine.DatanodeStateMachine (DatanodeStateMachine.java:lambda$startDaemon$0(463)) - Ozone container server started.
2021-10-16 01:05:27,244 [org.apache.hadoop.util.JvmPauseMonitor$Monitor@209ac1a7] INFO  util.JvmPauseMonitor (JvmPauseMonitor.java:run(188)) - Starting JVM pause monitor
2021-10-16 01:05:27,247 [Listener at 127.0.0.1/36205] INFO  ozone.HddsDatanodeService (HddsDatanodeService.java:start(234)) - HddsDatanodeService host:fv-az270-581.tacnzluakwdehk1hpragurqkma.bx.internal.cloudapp.net ip:10.1.0.55
2021-10-16 01:05:27,250 [Datanode State Machine Task Thread - 0] INFO  datanode.InitDatanodeState (InitDatanodeState.java:persistContainerDatanodeDetails(145)) - DatanodeDetails is persisted to /home/runner/work/ozone/ozone/hadoop-ozone/integration-test/target/test-dir/MiniOzoneClusterImpl-248ee1f4-0f5c-4e53-af87-c176a130d444/datanode-7/meta/datanode.id
2021-10-16 01:05:27,286 [Listener at 127.0.0.1/36205] INFO  upgrade.AbstractLayoutVersionManager (AbstractLayoutVersionManager.java:init(79)) - Initializing Layout version manager with metadata layout = SCM_HA (version = 2), software layout = SCM_HA (version = 2)
2021-10-16 01:05:27,338 [Listener at 127.0.0.1/36205] INFO  reflections.Reflections (Reflections.java:scan(232)) - Reflections took 49 ms to scan 7 urls, producing 119 keys and 278 values 
2021-10-16 01:05:27,344 [Listener at 127.0.0.1/36205] INFO  volume.HddsVolume (HddsVolume.java:<init>(120)) - Creating HddsVolume: /home/runner/work/ozone/ozone/hadoop-ozone/integration-test/target/test-dir/MiniOzoneClusterImpl-248ee1f4-0f5c-4e53-af87-c176a130d444/datanode-8/data-0/containers/hdds of storage type : DISK capacity : 9223372036854775807
2021-10-16 01:05:27,345 [Listener at 127.0.0.1/36205] INFO  volume.MutableVolumeSet (MutableVolumeSet.java:initializeVolumeSet(168)) - Added Volume : /home/runner/work/ozone/ozone/hadoop-ozone/integration-test/target/test-dir/MiniOzoneClusterImpl-248ee1f4-0f5c-4e53-af87-c176a130d444/datanode-8/data-0/containers/hdds to VolumeSet
2021-10-16 01:05:27,345 [Listener at 127.0.0.1/36205] INFO  volume.ThrottledAsyncChecker (ThrottledAsyncChecker.java:schedule(141)) - Scheduling a check for /home/runner/work/ozone/ozone/hadoop-ozone/integration-test/target/test-dir/MiniOzoneClusterImpl-248ee1f4-0f5c-4e53-af87-c176a130d444/datanode-8/data-0/containers/hdds
2021-10-16 01:05:27,345 [Listener at 127.0.0.1/36205] INFO  volume.StorageVolumeChecker (StorageVolumeChecker.java:checkAllVolumes(202)) - Scheduled health check for volume /home/runner/work/ozone/ozone/hadoop-ozone/integration-test/target/test-dir/MiniOzoneClusterImpl-248ee1f4-0f5c-4e53-af87-c176a130d444/datanode-8/data-0/containers/hdds
2021-10-16 01:05:27,362 [Listener at 127.0.0.1/36205] INFO  volume.MutableVolumeSet (MutableVolumeSet.java:initializeVolumeSet(168)) - Added Volume : /home/runner/work/ozone/ozone/hadoop-ozone/integration-test/target/test-dir/MiniOzoneClusterImpl-248ee1f4-0f5c-4e53-af87-c176a130d444/datanode-8/data/ratis to VolumeSet
2021-10-16 01:05:27,362 [Listener at 127.0.0.1/36205] INFO  volume.ThrottledAsyncChecker (ThrottledAsyncChecker.java:schedule(141)) - Scheduling a check for /home/runner/work/ozone/ozone/hadoop-ozone/integration-test/target/test-dir/MiniOzoneClusterImpl-248ee1f4-0f5c-4e53-af87-c176a130d444/datanode-8/data/ratis
2021-10-16 01:05:27,363 [Listener at 127.0.0.1/36205] INFO  volume.StorageVolumeChecker (StorageVolumeChecker.java:checkAllVolumes(202)) - Scheduled health check for volume /home/runner/work/ozone/ozone/hadoop-ozone/integration-test/target/test-dir/MiniOzoneClusterImpl-248ee1f4-0f5c-4e53-af87-c176a130d444/datanode-8/data/ratis
2021-10-16 01:05:27,380 [Thread-231] INFO  ozoneimpl.ContainerReader (ContainerReader.java:readVolume(172)) - Finish verifying containers on volume /home/runner/work/ozone/ozone/hadoop-ozone/integration-test/target/test-dir/MiniOzoneClusterImpl-248ee1f4-0f5c-4e53-af87-c176a130d444/datanode-8/data-0/containers/hdds
2021-10-16 01:05:27,381 [Listener at 127.0.0.1/36205] INFO  ozoneimpl.OzoneContainer (OzoneContainer.java:buildContainerSet(236)) - Build ContainerSet costs 0s
2021-10-16 01:05:27,384 [Listener at 127.0.0.1/36205] INFO  server.RaftServer (ConfUtils.java:logGet(44)) - raft.rpc.type = GRPC (default)
2021-10-16 01:05:27,385 [Listener at 127.0.0.1/36205] INFO  grpc.GrpcFactory (GrpcFactory.java:checkPooledByteBufAllocatorUseCacheForAllThreads(48)) - PERFORMANCE WARNING: useCacheForAllThreads is true that may cause Netty to create a lot garbage objects and, as a result, trigger GC.
	It is recommended to disable useCacheForAllThreads by setting -Dorg.apache.ratis.thirdparty.io.netty.allocator.useCacheForAllThreads=false in command line.
2021-10-16 01:05:27,385 [Listener at 127.0.0.1/36205] INFO  grpc.GrpcConfigKeys (ConfUtils.java:logGet(44)) - raft.grpc.admin.port = 0 (custom)
2021-10-16 01:05:27,385 [Listener at 127.0.0.1/36205] INFO  grpc.GrpcConfigKeys (ConfUtils.java:logGet(44)) - raft.grpc.client.port = 0 (custom)
2021-10-16 01:05:27,385 [Listener at 127.0.0.1/36205] INFO  grpc.GrpcConfigKeys (ConfUtils.java:logGet(44)) - raft.grpc.server.port = 0 (default)
2021-10-16 01:05:27,385 [Listener at 127.0.0.1/36205] INFO  server.GrpcService (ConfUtils.java:logGet(44)) - raft.grpc.message.size.max = 32MB (=33554432) (custom)
2021-10-16 01:05:27,386 [Listener at 127.0.0.1/36205] INFO  server.RaftServerConfigKeys (ConfUtils.java:logGet(44)) - raft.server.log.appender.buffer.byte-limit = 33554432 (custom)
2021-10-16 01:05:27,386 [Listener at 127.0.0.1/36205] INFO  server.GrpcService (ConfUtils.java:logGet(44)) - raft.grpc.flow.control.window = 5MB (=5242880) (custom)
2021-10-16 01:05:27,386 [Listener at 127.0.0.1/36205] INFO  server.RaftServerConfigKeys (ConfUtils.java:logGet(44)) - raft.server.rpc.request.timeout = 3000ms (default)
2021-10-16 01:05:27,387 [Listener at 127.0.0.1/36205] INFO  impl.DataStreamServerImpl (ConfUtils.java:logGet(44)) - raft.datastream.type = DISABLED (default)
2021-10-16 01:05:27,388 [Listener at 127.0.0.1/36205] INFO  server.RaftServerConfigKeys (ConfUtils.java:logGet(44)) - raft.server.rpc.slowness.timeout = 300000ms (custom)
2021-10-16 01:05:27,388 [Listener at 127.0.0.1/36205] INFO  server.RaftServerConfigKeys (ConfUtils.java:logGet(44)) - raft.server.leaderelection.leader.step-down.wait-time = 10s (default)
2021-10-16 01:05:27,388 [Listener at 127.0.0.1/36205] INFO  server.RaftServerConfigKeys (ConfUtils.java:logGet(44)) - raft.server.storage.dir = [/home/runner/work/ozone/ozone/hadoop-ozone/integration-test/target/test-dir/MiniOzoneClusterImpl-248ee1f4-0f5c-4e53-af87-c176a130d444/datanode-8/data/ratis] (custom)
2021-10-16 01:05:27,394 [Listener at 127.0.0.1/36205] INFO  http.BaseHttpServer (BaseHttpServer.java:newHttpServer2BuilderForOzone(209)) - Starting Web-server for hddsDatanode at: http://0.0.0.0:0
2021-10-16 01:05:27,394 [Listener at 127.0.0.1/36205] INFO  http.BaseHttpServer (BaseHttpServer.java:<init>(107)) - Hadoop Security Enabled: false Ozone Security Enabled: false Ozone HTTP Security Enabled: false 
2021-10-16 01:05:27,396 [Listener at 127.0.0.1/36205] INFO  server.AuthenticationFilter (AuthenticationFilter.java:constructSecretProvider(240)) - Unable to initialize FileSignerSecretProvider, falling back to use random secrets.
2021-10-16 01:05:27,397 [Listener at 127.0.0.1/36205] WARN  http.HttpRequestLog (HttpRequestLog.java:getRequestLog(103)) - Jetty request log can only be enabled using Log4j
2021-10-16 01:05:27,399 [Listener at 127.0.0.1/36205] INFO  http.HttpServer2 (HttpServer2.java:addGlobalFilter(1030)) - Added global filter 'safety' (class=org.apache.hadoop.hdds.server.http.HttpServer2$QuotingInputFilter)
2021-10-16 01:05:27,400 [Listener at 127.0.0.1/36205] INFO  http.HttpServer2 (HttpServer2.java:addFilter(1006)) - Added filter static_user_filter (class=org.apache.hadoop.http.lib.StaticUserWebFilter$StaticUserFilter) to context hddsDatanode
2021-10-16 01:05:27,400 [Listener at 127.0.0.1/36205] INFO  http.HttpServer2 (HttpServer2.java:addFilter(1014)) - Added filter static_user_filter (class=org.apache.hadoop.http.lib.StaticUserWebFilter$StaticUserFilter) to context logs
2021-10-16 01:05:27,400 [Listener at 127.0.0.1/36205] INFO  http.HttpServer2 (HttpServer2.java:addFilter(1014)) - Added filter static_user_filter (class=org.apache.hadoop.http.lib.StaticUserWebFilter$StaticUserFilter) to context static
2021-10-16 01:05:27,401 [Listener at 127.0.0.1/36205] INFO  http.HttpServer2 (HttpServer2.java:bindListener(1249)) - Jetty bound to port 39543
2021-10-16 01:05:27,402 [Listener at 127.0.0.1/36205] INFO  server.Server (Server.java:doStart(375)) - jetty-9.4.43.v20210629; built: 2021-06-30T11:07:22.254Z; git: 526006ecfa3af7f1a27ef3a288e2bef7ea9dd7e8; jvm 1.8.0_292-b10
2021-10-16 01:05:27,404 [Listener at 127.0.0.1/36205] INFO  server.session (DefaultSessionIdManager.java:doStart(334)) - DefaultSessionIdManager workerName=node0
2021-10-16 01:05:27,404 [Listener at 127.0.0.1/36205] INFO  server.session (DefaultSessionIdManager.java:doStart(339)) - No SessionScavenger set, using defaults
2021-10-16 01:05:27,404 [Listener at 127.0.0.1/36205] INFO  server.session (HouseKeeper.java:startScavenging(132)) - node0 Scavenging every 660000ms
2021-10-16 01:05:27,405 [Listener at 127.0.0.1/36205] INFO  handler.ContextHandler (ContextHandler.java:doStart(915)) - Started o.e.j.s.ServletContextHandler@41b78022{logs,/logs,file:///home/runner/work/ozone/ozone/hadoop-ozone/integration-test/target/log,AVAILABLE}
2021-10-16 01:05:27,406 [Listener at 127.0.0.1/36205] INFO  handler.ContextHandler (ContextHandler.java:doStart(915)) - Started o.e.j.s.ServletContextHandler@54cc182a{static,/static,jar:file:/home/runner/.m2/repository/org/apache/ozone/hdds-container-service/1.2.0-SNAPSHOT/hdds-container-service-1.2.0-SNAPSHOT.jar!/webapps/static,AVAILABLE}
2021-10-16 01:05:27,454 [Listener at 127.0.0.1/36205] INFO  handler.ContextHandler (ContextHandler.java:doStart(915)) - Started o.e.j.w.WebAppContext@3c554dd5{hddsDatanode,/,file:///tmp/jetty-0_0_0_0-39543-hdds-container-service-1_2_0-SNAPSHOT_jar-_-any-572341174338979904/webapp/,AVAILABLE}{jar:file:/home/runner/.m2/repository/org/apache/ozone/hdds-container-service/1.2.0-SNAPSHOT/hdds-container-service-1.2.0-SNAPSHOT.jar!/webapps/hddsDatanode}
2021-10-16 01:05:27,456 [Listener at 127.0.0.1/36205] INFO  server.AbstractConnector (AbstractConnector.java:doStart(331)) - Started ServerConnector@45d19da1{HTTP/1.1, (http/1.1)}{0.0.0.0:39543}
2021-10-16 01:05:27,456 [Listener at 127.0.0.1/36205] INFO  server.Server (Server.java:doStart(415)) - Started @11693ms
2021-10-16 01:05:27,457 [Listener at 127.0.0.1/36205] WARN  impl.MetricsSystemImpl (MetricsSystemImpl.java:register(279)) - Sink prometheus already exists!
2021-10-16 01:05:27,457 [Listener at 127.0.0.1/36205] INFO  http.BaseHttpServer (BaseHttpServer.java:updateConnectorAddress(329)) - HTTP server of hddsDatanode listening at http://0.0.0.0:39543
2021-10-16 01:05:27,458 [Datanode State Machine Thread - 0] INFO  statemachine.DatanodeStateMachine (DatanodeStateMachine.java:lambda$startDaemon$0(463)) - Ozone container server started.
2021-10-16 01:05:27,465 [Listener at 127.0.0.1/36205] WARN  impl.MetricRegistriesImpl (MetricRegistriesImpl.java:addReporterRegistration(111)) - New reporters are added after registries were created. Some metrics will be missing from the reporter. Please add reporter before adding any new registry.
2021-10-16 01:05:27,465 [Listener at 127.0.0.1/36205] WARN  impl.MetricRegistriesImpl (MetricRegistriesImpl.java:addReporterRegistration(111)) - New reporters are added after registries were created. Some metrics will be missing from the reporter. Please add reporter before adding any new registry.
2021-10-16 01:05:27,465 [Listener at 127.0.0.1/36205] INFO  impl.MetricsSystemImpl (MetricsSystemImpl.java:init(158)) - HddsDatanode metrics system started (again)
2021-10-16 01:05:27,492 [org.apache.hadoop.util.JvmPauseMonitor$Monitor@7051c380] INFO  util.JvmPauseMonitor (JvmPauseMonitor.java:run(188)) - Starting JVM pause monitor
2021-10-16 01:05:27,492 [Listener at 127.0.0.1/36205] INFO  ozone.HddsDatanodeService (HddsDatanodeService.java:start(234)) - HddsDatanodeService host:fv-az270-581.tacnzluakwdehk1hpragurqkma.bx.internal.cloudapp.net ip:10.1.0.55
2021-10-16 01:05:27,506 [Datanode State Machine Task Thread - 0] INFO  datanode.InitDatanodeState (InitDatanodeState.java:persistContainerDatanodeDetails(145)) - DatanodeDetails is persisted to /home/runner/work/ozone/ozone/hadoop-ozone/integration-test/target/test-dir/MiniOzoneClusterImpl-248ee1f4-0f5c-4e53-af87-c176a130d444/datanode-8/meta/datanode.id
2021-10-16 01:05:27,532 [Listener at 127.0.0.1/36205] INFO  upgrade.AbstractLayoutVersionManager (AbstractLayoutVersionManager.java:init(79)) - Initializing Layout version manager with metadata layout = SCM_HA (version = 2), software layout = SCM_HA (version = 2)
2021-10-16 01:05:27,581 [Listener at 127.0.0.1/36205] INFO  reflections.Reflections (Reflections.java:scan(232)) - Reflections took 47 ms to scan 7 urls, producing 119 keys and 278 values 
2021-10-16 01:05:27,584 [Listener at 127.0.0.1/36205] INFO  volume.HddsVolume (HddsVolume.java:<init>(120)) - Creating HddsVolume: /home/runner/work/ozone/ozone/hadoop-ozone/integration-test/target/test-dir/MiniOzoneClusterImpl-248ee1f4-0f5c-4e53-af87-c176a130d444/datanode-9/data-0/containers/hdds of storage type : DISK capacity : 9223372036854775807
2021-10-16 01:05:27,585 [Listener at 127.0.0.1/36205] INFO  volume.MutableVolumeSet (MutableVolumeSet.java:initializeVolumeSet(168)) - Added Volume : /home/runner/work/ozone/ozone/hadoop-ozone/integration-test/target/test-dir/MiniOzoneClusterImpl-248ee1f4-0f5c-4e53-af87-c176a130d444/datanode-9/data-0/containers/hdds to VolumeSet
2021-10-16 01:05:27,585 [Listener at 127.0.0.1/36205] INFO  volume.ThrottledAsyncChecker (ThrottledAsyncChecker.java:schedule(141)) - Scheduling a check for /home/runner/work/ozone/ozone/hadoop-ozone/integration-test/target/test-dir/MiniOzoneClusterImpl-248ee1f4-0f5c-4e53-af87-c176a130d444/datanode-9/data-0/containers/hdds
2021-10-16 01:05:27,588 [Listener at 127.0.0.1/36205] INFO  volume.StorageVolumeChecker (StorageVolumeChecker.java:checkAllVolumes(202)) - Scheduled health check for volume /home/runner/work/ozone/ozone/hadoop-ozone/integration-test/target/test-dir/MiniOzoneClusterImpl-248ee1f4-0f5c-4e53-af87-c176a130d444/datanode-9/data-0/containers/hdds
2021-10-16 01:05:27,605 [Listener at 127.0.0.1/36205] INFO  volume.MutableVolumeSet (MutableVolumeSet.java:initializeVolumeSet(168)) - Added Volume : /home/runner/work/ozone/ozone/hadoop-ozone/integration-test/target/test-dir/MiniOzoneClusterImpl-248ee1f4-0f5c-4e53-af87-c176a130d444/datanode-9/data/ratis to VolumeSet
2021-10-16 01:05:27,605 [Listener at 127.0.0.1/36205] INFO  volume.ThrottledAsyncChecker (ThrottledAsyncChecker.java:schedule(141)) - Scheduling a check for /home/runner/work/ozone/ozone/hadoop-ozone/integration-test/target/test-dir/MiniOzoneClusterImpl-248ee1f4-0f5c-4e53-af87-c176a130d444/datanode-9/data/ratis
2021-10-16 01:05:27,606 [Listener at 127.0.0.1/36205] INFO  volume.StorageVolumeChecker (StorageVolumeChecker.java:checkAllVolumes(202)) - Scheduled health check for volume /home/runner/work/ozone/ozone/hadoop-ozone/integration-test/target/test-dir/MiniOzoneClusterImpl-248ee1f4-0f5c-4e53-af87-c176a130d444/datanode-9/data/ratis
2021-10-16 01:05:27,625 [Thread-243] INFO  ozoneimpl.ContainerReader (ContainerReader.java:readVolume(172)) - Finish verifying containers on volume /home/runner/work/ozone/ozone/hadoop-ozone/integration-test/target/test-dir/MiniOzoneClusterImpl-248ee1f4-0f5c-4e53-af87-c176a130d444/datanode-9/data-0/containers/hdds
2021-10-16 01:05:27,625 [Listener at 127.0.0.1/36205] INFO  ozoneimpl.OzoneContainer (OzoneContainer.java:buildContainerSet(236)) - Build ContainerSet costs 0s
2021-10-16 01:05:27,629 [Listener at 127.0.0.1/36205] INFO  server.RaftServer (ConfUtils.java:logGet(44)) - raft.rpc.type = GRPC (default)
2021-10-16 01:05:27,630 [Listener at 127.0.0.1/36205] INFO  grpc.GrpcFactory (GrpcFactory.java:checkPooledByteBufAllocatorUseCacheForAllThreads(48)) - PERFORMANCE WARNING: useCacheForAllThreads is true that may cause Netty to create a lot garbage objects and, as a result, trigger GC.
	It is recommended to disable useCacheForAllThreads by setting -Dorg.apache.ratis.thirdparty.io.netty.allocator.useCacheForAllThreads=false in command line.
2021-10-16 01:05:27,630 [Listener at 127.0.0.1/36205] INFO  grpc.GrpcConfigKeys (ConfUtils.java:logGet(44)) - raft.grpc.admin.port = 0 (custom)
2021-10-16 01:05:27,630 [Listener at 127.0.0.1/36205] INFO  grpc.GrpcConfigKeys (ConfUtils.java:logGet(44)) - raft.grpc.client.port = 0 (custom)
2021-10-16 01:05:27,631 [Listener at 127.0.0.1/36205] INFO  grpc.GrpcConfigKeys (ConfUtils.java:logGet(44)) - raft.grpc.server.port = 0 (default)
2021-10-16 01:05:27,631 [Listener at 127.0.0.1/36205] INFO  server.GrpcService (ConfUtils.java:logGet(44)) - raft.grpc.message.size.max = 32MB (=33554432) (custom)
2021-10-16 01:05:27,631 [Listener at 127.0.0.1/36205] INFO  server.RaftServerConfigKeys (ConfUtils.java:logGet(44)) - raft.server.log.appender.buffer.byte-limit = 33554432 (custom)
2021-10-16 01:05:27,631 [Listener at 127.0.0.1/36205] INFO  server.GrpcService (ConfUtils.java:logGet(44)) - raft.grpc.flow.control.window = 5MB (=5242880) (custom)
2021-10-16 01:05:27,631 [Listener at 127.0.0.1/36205] INFO  server.RaftServerConfigKeys (ConfUtils.java:logGet(44)) - raft.server.rpc.request.timeout = 3000ms (default)
2021-10-16 01:05:27,632 [Listener at 127.0.0.1/36205] INFO  impl.DataStreamServerImpl (ConfUtils.java:logGet(44)) - raft.datastream.type = DISABLED (default)
2021-10-16 01:05:27,633 [Listener at 127.0.0.1/36205] INFO  server.RaftServerConfigKeys (ConfUtils.java:logGet(44)) - raft.server.rpc.slowness.timeout = 300000ms (custom)
2021-10-16 01:05:27,633 [Listener at 127.0.0.1/36205] INFO  server.RaftServerConfigKeys (ConfUtils.java:logGet(44)) - raft.server.leaderelection.leader.step-down.wait-time = 10s (default)
2021-10-16 01:05:27,633 [EndpointStateMachine task thread for /0.0.0.0:39403 - 0 ] INFO  ozoneimpl.OzoneContainer (OzoneContainer.java:start(304)) - Attempting to start container services.
2021-10-16 01:05:27,633 [Listener at 127.0.0.1/36205] INFO  server.RaftServerConfigKeys (ConfUtils.java:logGet(44)) - raft.server.storage.dir = [/home/runner/work/ozone/ozone/hadoop-ozone/integration-test/target/test-dir/MiniOzoneClusterImpl-248ee1f4-0f5c-4e53-af87-c176a130d444/datanode-9/data/ratis] (custom)
2021-10-16 01:05:27,633 [EndpointStateMachine task thread for /0.0.0.0:39403 - 0 ] INFO  ozoneimpl.OzoneContainer (OzoneContainer.java:startContainerScrub(249)) - Background container scanner has been disabled.
2021-10-16 01:05:27,635 [EndpointStateMachine task thread for /0.0.0.0:39403 - 0 ] INFO  replication.ReplicationServer (ReplicationServer.java:start(107)) - ReplicationServer is started using port 34155
2021-10-16 01:05:27,637 [EndpointStateMachine task thread for /0.0.0.0:39403 - 0 ] INFO  ratis.XceiverServerRatis (XceiverServerRatis.java:start(484)) - Starting XceiverServerRatis 0ad9ea75-306a-4cf7-ba3a-0d6a659ae299
2021-10-16 01:05:27,640 [EndpointStateMachine task thread for /0.0.0.0:39403 - 0 ] INFO  server.RaftServer (RaftServerProxy.java:lambda$start$5(374)) - 0ad9ea75-306a-4cf7-ba3a-0d6a659ae299: start RPC server
2021-10-16 01:05:27,649 [EndpointStateMachine task thread for /0.0.0.0:39403 - 0 ] INFO  server.GrpcService (GrpcService.java:startImpl(253)) - 0ad9ea75-306a-4cf7-ba3a-0d6a659ae299: GrpcService started, listening on 35779
2021-10-16 01:05:27,650 [EndpointStateMachine task thread for /0.0.0.0:39403 - 0 ] INFO  ratis.XceiverServerRatis (XceiverServerRatis.java:getRealPort(505)) - XceiverServerRatis 0ad9ea75-306a-4cf7-ba3a-0d6a659ae299 is started using port 35779 for RATIS
2021-10-16 01:05:27,650 [EndpointStateMachine task thread for /0.0.0.0:39403 - 0 ] INFO  ratis.XceiverServerRatis (XceiverServerRatis.java:getRealPort(505)) - XceiverServerRatis 0ad9ea75-306a-4cf7-ba3a-0d6a659ae299 is started using port 35779 for RATIS_ADMIN
2021-10-16 01:05:27,650 [EndpointStateMachine task thread for /0.0.0.0:39403 - 0 ] INFO  ratis.XceiverServerRatis (XceiverServerRatis.java:getRealPort(505)) - XceiverServerRatis 0ad9ea75-306a-4cf7-ba3a-0d6a659ae299 is started using port 35779 for RATIS_SERVER
2021-10-16 01:05:27,657 [EndpointStateMachine task thread for /0.0.0.0:39403 - 0 ] INFO  server.XceiverServerGrpc (XceiverServerGrpc.java:start(135)) - XceiverServerGrpc 0ad9ea75-306a-4cf7-ba3a-0d6a659ae299 is started using port 42831
2021-10-16 01:05:27,658 [org.apache.ratis.util.JvmPauseMonitor$$Lambda$521/94530068@395d5d48] INFO  util.JvmPauseMonitor (JvmPauseMonitor.java:run(103)) - JvmPauseMonitor-0ad9ea75-306a-4cf7-ba3a-0d6a659ae299: Started
2021-10-16 01:05:27,659 [Listener at 127.0.0.1/36205] INFO  http.BaseHttpServer (BaseHttpServer.java:newHttpServer2BuilderForOzone(209)) - Starting Web-server for hddsDatanode at: http://0.0.0.0:0
2021-10-16 01:05:27,659 [Listener at 127.0.0.1/36205] INFO  http.BaseHttpServer (BaseHttpServer.java:<init>(107)) - Hadoop Security Enabled: false Ozone Security Enabled: false Ozone HTTP Security Enabled: false 
2021-10-16 01:05:27,660 [Listener at 127.0.0.1/36205] INFO  server.AuthenticationFilter (AuthenticationFilter.java:constructSecretProvider(240)) - Unable to initialize FileSignerSecretProvider, falling back to use random secrets.
2021-10-16 01:05:27,663 [Listener at 127.0.0.1/36205] WARN  http.HttpRequestLog (HttpRequestLog.java:getRequestLog(103)) - Jetty request log can only be enabled using Log4j
2021-10-16 01:05:27,670 [Listener at 127.0.0.1/36205] INFO  http.HttpServer2 (HttpServer2.java:addGlobalFilter(1030)) - Added global filter 'safety' (class=org.apache.hadoop.hdds.server.http.HttpServer2$QuotingInputFilter)
2021-10-16 01:05:27,680 [Listener at 127.0.0.1/36205] INFO  http.HttpServer2 (HttpServer2.java:addFilter(1006)) - Added filter static_user_filter (class=org.apache.hadoop.http.lib.StaticUserWebFilter$StaticUserFilter) to context hddsDatanode
2021-10-16 01:05:27,680 [Listener at 127.0.0.1/36205] INFO  http.HttpServer2 (HttpServer2.java:addFilter(1014)) - Added filter static_user_filter (class=org.apache.hadoop.http.lib.StaticUserWebFilter$StaticUserFilter) to context logs
2021-10-16 01:05:27,680 [Listener at 127.0.0.1/36205] INFO  http.HttpServer2 (HttpServer2.java:addFilter(1014)) - Added filter static_user_filter (class=org.apache.hadoop.http.lib.StaticUserWebFilter$StaticUserFilter) to context static
2021-10-16 01:05:27,681 [Listener at 127.0.0.1/36205] INFO  http.HttpServer2 (HttpServer2.java:bindListener(1249)) - Jetty bound to port 36735
2021-10-16 01:05:27,681 [Listener at 127.0.0.1/36205] INFO  server.Server (Server.java:doStart(375)) - jetty-9.4.43.v20210629; built: 2021-06-30T11:07:22.254Z; git: 526006ecfa3af7f1a27ef3a288e2bef7ea9dd7e8; jvm 1.8.0_292-b10
2021-10-16 01:05:27,683 [Listener at 127.0.0.1/36205] INFO  server.session (DefaultSessionIdManager.java:doStart(334)) - DefaultSessionIdManager workerName=node0
2021-10-16 01:05:27,683 [Listener at 127.0.0.1/36205] INFO  server.session (DefaultSessionIdManager.java:doStart(339)) - No SessionScavenger set, using defaults
2021-10-16 01:05:27,684 [Listener at 127.0.0.1/36205] INFO  server.session (HouseKeeper.java:startScavenging(132)) - node0 Scavenging every 600000ms
2021-10-16 01:05:27,684 [Listener at 127.0.0.1/36205] INFO  handler.ContextHandler (ContextHandler.java:doStart(915)) - Started o.e.j.s.ServletContextHandler@1770fbec{logs,/logs,file:///home/runner/work/ozone/ozone/hadoop-ozone/integration-test/target/log,AVAILABLE}
2021-10-16 01:05:27,685 [Listener at 127.0.0.1/36205] INFO  handler.ContextHandler (ContextHandler.java:doStart(915)) - Started o.e.j.s.ServletContextHandler@6d194f34{static,/static,jar:file:/home/runner/.m2/repository/org/apache/ozone/hdds-container-service/1.2.0-SNAPSHOT/hdds-container-service-1.2.0-SNAPSHOT.jar!/webapps/static,AVAILABLE}
2021-10-16 01:05:27,732 [Listener at 127.0.0.1/36205] INFO  handler.ContextHandler (ContextHandler.java:doStart(915)) - Started o.e.j.w.WebAppContext@2165fcfa{hddsDatanode,/,file:///tmp/jetty-0_0_0_0-36735-hdds-container-service-1_2_0-SNAPSHOT_jar-_-any-2857564906532511941/webapp/,AVAILABLE}{jar:file:/home/runner/.m2/repository/org/apache/ozone/hdds-container-service/1.2.0-SNAPSHOT/hdds-container-service-1.2.0-SNAPSHOT.jar!/webapps/hddsDatanode}
2021-10-16 01:05:27,734 [Listener at 127.0.0.1/36205] INFO  server.AbstractConnector (AbstractConnector.java:doStart(331)) - Started ServerConnector@470d481{HTTP/1.1, (http/1.1)}{0.0.0.0:36735}
2021-10-16 01:05:27,734 [Listener at 127.0.0.1/36205] INFO  server.Server (Server.java:doStart(415)) - Started @11971ms
2021-10-16 01:05:27,734 [Listener at 127.0.0.1/36205] WARN  impl.MetricsSystemImpl (MetricsSystemImpl.java:register(279)) - Sink prometheus already exists!
2021-10-16 01:05:27,735 [Listener at 127.0.0.1/36205] INFO  http.BaseHttpServer (BaseHttpServer.java:updateConnectorAddress(329)) - HTTP server of hddsDatanode listening at http://0.0.0.0:36735
2021-10-16 01:05:27,737 [Listener at 127.0.0.1/36205] INFO  ozone.MiniOzoneClusterImpl (MiniOzoneClusterImpl.java:lambda$waitForClusterToBeReady$0(235)) - Waiting for nodes to be ready. Got 0 of 10 DN Heartbeats.
2021-10-16 01:05:27,737 [Listener at 127.0.0.1/36205] INFO  ozone.MiniOzoneClusterImpl (MiniOzoneClusterImpl.java:lambda$waitForClusterToBeReady$0(238)) - Waiting for cluster to exit safe mode
2021-10-16 01:05:27,737 [Listener at 127.0.0.1/36205] INFO  ozone.MiniOzoneClusterImpl (MiniOzoneClusterImpl.java:lambda$waitForClusterToBeReady$0(240)) - SCM became leader
2021-10-16 01:05:27,738 [Datanode State Machine Thread - 0] INFO  statemachine.DatanodeStateMachine (DatanodeStateMachine.java:lambda$startDaemon$0(463)) - Ozone container server started.
2021-10-16 01:05:27,753 [org.apache.hadoop.util.JvmPauseMonitor$Monitor@c64c9c] INFO  util.JvmPauseMonitor (JvmPauseMonitor.java:run(188)) - Starting JVM pause monitor
2021-10-16 01:05:27,759 [Datanode State Machine Task Thread - 0] INFO  datanode.InitDatanodeState (InitDatanodeState.java:persistContainerDatanodeDetails(145)) - DatanodeDetails is persisted to /home/runner/work/ozone/ozone/hadoop-ozone/integration-test/target/test-dir/MiniOzoneClusterImpl-248ee1f4-0f5c-4e53-af87-c176a130d444/datanode-9/meta/datanode.id
2021-10-16 01:05:27,901 [EndpointStateMachine task thread for /0.0.0.0:39403 - 0 ] INFO  ozoneimpl.OzoneContainer (OzoneContainer.java:start(304)) - Attempting to start container services.
2021-10-16 01:05:27,901 [EndpointStateMachine task thread for /0.0.0.0:39403 - 0 ] INFO  ozoneimpl.OzoneContainer (OzoneContainer.java:startContainerScrub(249)) - Background container scanner has been disabled.
2021-10-16 01:05:27,903 [EndpointStateMachine task thread for /0.0.0.0:39403 - 0 ] INFO  replication.ReplicationServer (ReplicationServer.java:start(107)) - ReplicationServer is started using port 36429
2021-10-16 01:05:27,904 [EndpointStateMachine task thread for /0.0.0.0:39403 - 0 ] INFO  ratis.XceiverServerRatis (XceiverServerRatis.java:start(484)) - Starting XceiverServerRatis 8d52824f-ad79-492b-8fae-12e0fefff0c3
2021-10-16 01:05:27,906 [EndpointStateMachine task thread for /0.0.0.0:39403 - 0 ] INFO  server.RaftServer (RaftServerProxy.java:lambda$start$5(374)) - 8d52824f-ad79-492b-8fae-12e0fefff0c3: start RPC server
2021-10-16 01:05:27,908 [EndpointStateMachine task thread for /0.0.0.0:39403 - 0 ] INFO  server.GrpcService (GrpcService.java:startImpl(253)) - 8d52824f-ad79-492b-8fae-12e0fefff0c3: GrpcService started, listening on 39801
2021-10-16 01:05:27,909 [EndpointStateMachine task thread for /0.0.0.0:39403 - 0 ] INFO  ratis.XceiverServerRatis (XceiverServerRatis.java:getRealPort(505)) - XceiverServerRatis 8d52824f-ad79-492b-8fae-12e0fefff0c3 is started using port 39801 for RATIS
2021-10-16 01:05:27,909 [EndpointStateMachine task thread for /0.0.0.0:39403 - 0 ] INFO  ratis.XceiverServerRatis (XceiverServerRatis.java:getRealPort(505)) - XceiverServerRatis 8d52824f-ad79-492b-8fae-12e0fefff0c3 is started using port 39801 for RATIS_ADMIN
2021-10-16 01:05:27,909 [EndpointStateMachine task thread for /0.0.0.0:39403 - 0 ] INFO  ratis.XceiverServerRatis (XceiverServerRatis.java:getRealPort(505)) - XceiverServerRatis 8d52824f-ad79-492b-8fae-12e0fefff0c3 is started using port 39801 for RATIS_SERVER
2021-10-16 01:05:27,910 [org.apache.ratis.util.JvmPauseMonitor$$Lambda$521/94530068@72b26b21] INFO  util.JvmPauseMonitor (JvmPauseMonitor.java:run(103)) - JvmPauseMonitor-8d52824f-ad79-492b-8fae-12e0fefff0c3: Started
2021-10-16 01:05:27,911 [EndpointStateMachine task thread for /0.0.0.0:39403 - 0 ] INFO  server.XceiverServerGrpc (XceiverServerGrpc.java:start(135)) - XceiverServerGrpc 8d52824f-ad79-492b-8fae-12e0fefff0c3 is started using port 33941
2021-10-16 01:05:28,162 [EndpointStateMachine task thread for /0.0.0.0:39403 - 0 ] INFO  ozoneimpl.OzoneContainer (OzoneContainer.java:start(304)) - Attempting to start container services.
2021-10-16 01:05:28,162 [EndpointStateMachine task thread for /0.0.0.0:39403 - 0 ] INFO  ozoneimpl.OzoneContainer (OzoneContainer.java:startContainerScrub(249)) - Background container scanner has been disabled.
2021-10-16 01:05:28,165 [EndpointStateMachine task thread for /0.0.0.0:39403 - 0 ] INFO  replication.ReplicationServer (ReplicationServer.java:start(107)) - ReplicationServer is started using port 34891
2021-10-16 01:05:28,166 [EndpointStateMachine task thread for /0.0.0.0:39403 - 0 ] INFO  ratis.XceiverServerRatis (XceiverServerRatis.java:start(484)) - Starting XceiverServerRatis 5d47f048-385c-4622-902c-1a2c4fbfa0fd
2021-10-16 01:05:28,192 [EndpointStateMachine task thread for /0.0.0.0:39403 - 0 ] INFO  server.RaftServer (RaftServerProxy.java:lambda$start$5(374)) - 5d47f048-385c-4622-902c-1a2c4fbfa0fd: start RPC server
2021-10-16 01:05:28,195 [EndpointStateMachine task thread for /0.0.0.0:39403 - 0 ] INFO  server.GrpcService (GrpcService.java:startImpl(253)) - 5d47f048-385c-4622-902c-1a2c4fbfa0fd: GrpcService started, listening on 38959
2021-10-16 01:05:28,196 [EndpointStateMachine task thread for /0.0.0.0:39403 - 0 ] INFO  ratis.XceiverServerRatis (XceiverServerRatis.java:getRealPort(505)) - XceiverServerRatis 5d47f048-385c-4622-902c-1a2c4fbfa0fd is started using port 38959 for RATIS
2021-10-16 01:05:28,196 [EndpointStateMachine task thread for /0.0.0.0:39403 - 0 ] INFO  ratis.XceiverServerRatis (XceiverServerRatis.java:getRealPort(505)) - XceiverServerRatis 5d47f048-385c-4622-902c-1a2c4fbfa0fd is started using port 38959 for RATIS_ADMIN
2021-10-16 01:05:28,196 [EndpointStateMachine task thread for /0.0.0.0:39403 - 0 ] INFO  ratis.XceiverServerRatis (XceiverServerRatis.java:getRealPort(505)) - XceiverServerRatis 5d47f048-385c-4622-902c-1a2c4fbfa0fd is started using port 38959 for RATIS_SERVER
2021-10-16 01:05:28,196 [org.apache.ratis.util.JvmPauseMonitor$$Lambda$521/94530068@ef06688] INFO  util.JvmPauseMonitor (JvmPauseMonitor.java:run(103)) - JvmPauseMonitor-5d47f048-385c-4622-902c-1a2c4fbfa0fd: Started
2021-10-16 01:05:28,203 [EndpointStateMachine task thread for /0.0.0.0:39403 - 0 ] INFO  server.XceiverServerGrpc (XceiverServerGrpc.java:start(135)) - XceiverServerGrpc 5d47f048-385c-4622-902c-1a2c4fbfa0fd is started using port 45719
2021-10-16 01:05:28,407 [EndpointStateMachine task thread for /0.0.0.0:39403 - 0 ] INFO  ozoneimpl.OzoneContainer (OzoneContainer.java:start(304)) - Attempting to start container services.
2021-10-16 01:05:28,407 [EndpointStateMachine task thread for /0.0.0.0:39403 - 0 ] INFO  ozoneimpl.OzoneContainer (OzoneContainer.java:startContainerScrub(249)) - Background container scanner has been disabled.
2021-10-16 01:05:28,410 [EndpointStateMachine task thread for /0.0.0.0:39403 - 0 ] INFO  replication.ReplicationServer (ReplicationServer.java:start(107)) - ReplicationServer is started using port 37827
2021-10-16 01:05:28,411 [EndpointStateMachine task thread for /0.0.0.0:39403 - 0 ] INFO  ratis.XceiverServerRatis (XceiverServerRatis.java:start(484)) - Starting XceiverServerRatis 9788528e-c4e7-43d7-a896-13140055b23a
2021-10-16 01:05:28,412 [EndpointStateMachine task thread for /0.0.0.0:39403 - 0 ] INFO  server.RaftServer (RaftServerProxy.java:lambda$start$5(374)) - 9788528e-c4e7-43d7-a896-13140055b23a: start RPC server
2021-10-16 01:05:28,413 [EndpointStateMachine task thread for /0.0.0.0:39403 - 0 ] INFO  server.GrpcService (GrpcService.java:startImpl(253)) - 9788528e-c4e7-43d7-a896-13140055b23a: GrpcService started, listening on 44875
2021-10-16 01:05:28,414 [EndpointStateMachine task thread for /0.0.0.0:39403 - 0 ] INFO  ratis.XceiverServerRatis (XceiverServerRatis.java:getRealPort(505)) - XceiverServerRatis 9788528e-c4e7-43d7-a896-13140055b23a is started using port 44875 for RATIS
2021-10-16 01:05:28,414 [EndpointStateMachine task thread for /0.0.0.0:39403 - 0 ] INFO  ratis.XceiverServerRatis (XceiverServerRatis.java:getRealPort(505)) - XceiverServerRatis 9788528e-c4e7-43d7-a896-13140055b23a is started using port 44875 for RATIS_ADMIN
2021-10-16 01:05:28,414 [EndpointStateMachine task thread for /0.0.0.0:39403 - 0 ] INFO  ratis.XceiverServerRatis (XceiverServerRatis.java:getRealPort(505)) - XceiverServerRatis 9788528e-c4e7-43d7-a896-13140055b23a is started using port 44875 for RATIS_SERVER
2021-10-16 01:05:28,414 [org.apache.ratis.util.JvmPauseMonitor$$Lambda$521/94530068@20f53dce] INFO  util.JvmPauseMonitor (JvmPauseMonitor.java:run(103)) - JvmPauseMonitor-9788528e-c4e7-43d7-a896-13140055b23a: Started
2021-10-16 01:05:28,416 [EndpointStateMachine task thread for /0.0.0.0:39403 - 0 ] INFO  server.XceiverServerGrpc (XceiverServerGrpc.java:start(135)) - XceiverServerGrpc 9788528e-c4e7-43d7-a896-13140055b23a is started using port 41243
2021-10-16 01:05:28,653 [EndpointStateMachine task thread for /0.0.0.0:39403 - 0 ] INFO  ozoneimpl.OzoneContainer (OzoneContainer.java:start(304)) - Attempting to start container services.
2021-10-16 01:05:28,654 [EndpointStateMachine task thread for /0.0.0.0:39403 - 0 ] INFO  ozoneimpl.OzoneContainer (OzoneContainer.java:startContainerScrub(249)) - Background container scanner has been disabled.
2021-10-16 01:05:28,656 [EndpointStateMachine task thread for /0.0.0.0:39403 - 0 ] INFO  replication.ReplicationServer (ReplicationServer.java:start(107)) - ReplicationServer is started using port 39897
2021-10-16 01:05:28,657 [EndpointStateMachine task thread for /0.0.0.0:39403 - 0 ] INFO  ratis.XceiverServerRatis (XceiverServerRatis.java:start(484)) - Starting XceiverServerRatis 7a90a2fd-4c46-424f-b10b-a3a7d32abd98
2021-10-16 01:05:28,657 [EndpointStateMachine task thread for /0.0.0.0:39403 - 0 ] INFO  server.RaftServer (RaftServerProxy.java:lambda$start$5(374)) - 7a90a2fd-4c46-424f-b10b-a3a7d32abd98: start RPC server
2021-10-16 01:05:28,661 [EndpointStateMachine task thread for /0.0.0.0:39403 - 0 ] INFO  server.GrpcService (GrpcService.java:startImpl(253)) - 7a90a2fd-4c46-424f-b10b-a3a7d32abd98: GrpcService started, listening on 46627
2021-10-16 01:05:28,662 [EndpointStateMachine task thread for /0.0.0.0:39403 - 0 ] INFO  ratis.XceiverServerRatis (XceiverServerRatis.java:getRealPort(505)) - XceiverServerRatis 7a90a2fd-4c46-424f-b10b-a3a7d32abd98 is started using port 46627 for RATIS
2021-10-16 01:05:28,663 [org.apache.ratis.util.JvmPauseMonitor$$Lambda$521/94530068@3996ad21] INFO  util.JvmPauseMonitor (JvmPauseMonitor.java:run(103)) - JvmPauseMonitor-7a90a2fd-4c46-424f-b10b-a3a7d32abd98: Started
2021-10-16 01:05:28,663 [EndpointStateMachine task thread for /0.0.0.0:39403 - 0 ] INFO  ratis.XceiverServerRatis (XceiverServerRatis.java:getRealPort(505)) - XceiverServerRatis 7a90a2fd-4c46-424f-b10b-a3a7d32abd98 is started using port 46627 for RATIS_ADMIN
2021-10-16 01:05:28,663 [EndpointStateMachine task thread for /0.0.0.0:39403 - 0 ] INFO  ratis.XceiverServerRatis (XceiverServerRatis.java:getRealPort(505)) - XceiverServerRatis 7a90a2fd-4c46-424f-b10b-a3a7d32abd98 is started using port 46627 for RATIS_SERVER
2021-10-16 01:05:28,666 [EndpointStateMachine task thread for /0.0.0.0:39403 - 0 ] INFO  server.XceiverServerGrpc (XceiverServerGrpc.java:start(135)) - XceiverServerGrpc 7a90a2fd-4c46-424f-b10b-a3a7d32abd98 is started using port 34935
2021-10-16 01:05:28,738 [Listener at 127.0.0.1/36205] INFO  ozone.MiniOzoneClusterImpl (MiniOzoneClusterImpl.java:lambda$waitForClusterToBeReady$0(235)) - Waiting for nodes to be ready. Got 0 of 10 DN Heartbeats.
2021-10-16 01:05:28,738 [Listener at 127.0.0.1/36205] INFO  ozone.MiniOzoneClusterImpl (MiniOzoneClusterImpl.java:lambda$waitForClusterToBeReady$0(238)) - Waiting for cluster to exit safe mode
2021-10-16 01:05:28,738 [Listener at 127.0.0.1/36205] INFO  ozone.MiniOzoneClusterImpl (MiniOzoneClusterImpl.java:lambda$waitForClusterToBeReady$0(240)) - SCM became leader
2021-10-16 01:05:28,947 [IPC Server handler 1 on default port 39403] INFO  net.NetworkTopologyImpl (NetworkTopologyImpl.java:add(112)) - Added a new node: /default-rack/b875dbc0-fa4a-4375-91ba-3cc15c85989b
2021-10-16 01:05:28,952 [IPC Server handler 1 on default port 39403] INFO  node.SCMNodeManager (SCMNodeManager.java:register(389)) - Registered Data node : b875dbc0-fa4a-4375-91ba-3cc15c85989b{ip: 10.1.0.55, host: fv-az270-581.tacnzluakwdehk1hpragurqkma.bx.internal.cloudapp.net, ports: [REPLICATION=40043, RATIS=37245, RATIS_ADMIN=37245, RATIS_SERVER=37245, STANDALONE=39421], networkLocation: /default-rack, certSerialId: null, persistedOpState: null, persistedOpStateExpiryEpochSec: 0}
2021-10-16 01:05:28,971 [EventQueue-NodeRegistrationContainerReportForDataNodeSafeModeRule] INFO  safemode.SCMSafeModeManager (DataNodeSafeModeRule.java:process(71)) - SCM in safe mode. 1 DataNodes registered, 3 required.
2021-10-16 01:05:28,972 [EventQueue-NodeRegistrationContainerReportForContainerSafeModeRule] INFO  safemode.SCMSafeModeManager (SCMSafeModeManager.java:validateSafeModeExitRules(204)) - ContainerSafeModeRule rule is successfully validated
2021-10-16 01:05:28,972 [EventQueue-PipelineReportForOneReplicaPipelineSafeModeRule] INFO  safemode.SCMSafeModeManager (SCMSafeModeManager.java:validateSafeModeExitRules(204)) - AtleastOneDatanodeReportedRule rule is successfully validated
2021-10-16 01:05:28,976 [EventQueue-NewNodeForNewNodeHandler] INFO  pipeline.BackgroundPipelineCreator (BackgroundPipelineCreator.java:notifyEventTriggered(285)) - trigger a one-shot run on RatisPipelineUtilsThread.
2021-10-16 01:05:28,997 [EndpointStateMachine task thread for /0.0.0.0:39403 - 0 ] INFO  ozoneimpl.OzoneContainer (OzoneContainer.java:start(304)) - Attempting to start container services.
2021-10-16 01:05:28,998 [EndpointStateMachine task thread for /0.0.0.0:39403 - 0 ] INFO  ozoneimpl.OzoneContainer (OzoneContainer.java:startContainerScrub(249)) - Background container scanner has been disabled.
2021-10-16 01:05:29,006 [RatisPipelineUtilsThread - 0] INFO  pipeline.RatisPipelineProvider (RatisPipelineProvider.java:lambda$create$0(183)) - Sending CreatePipelineCommand for pipeline:PipelineID=abf21746-03f2-4c19-a00f-cbbe09c61417 to datanode:b875dbc0-fa4a-4375-91ba-3cc15c85989b
2021-10-16 01:05:29,024 [EndpointStateMachine task thread for /0.0.0.0:39403 - 0 ] INFO  replication.ReplicationServer (ReplicationServer.java:start(107)) - ReplicationServer is started using port 40185
2021-10-16 01:05:29,034 [EndpointStateMachine task thread for /0.0.0.0:39403 - 0 ] INFO  ratis.XceiverServerRatis (XceiverServerRatis.java:start(484)) - Starting XceiverServerRatis 099ca399-3e3d-4e02-9a52-59ba45faf8b0
2021-10-16 01:05:29,037 [RatisPipelineUtilsThread - 0] INFO  pipeline.PipelineStateManagerImpl (PipelineStateManagerImpl.java:addPipeline(101)) - Created pipeline Pipeline[ Id: abf21746-03f2-4c19-a00f-cbbe09c61417, Nodes: b875dbc0-fa4a-4375-91ba-3cc15c85989b{ip: 10.1.0.55, host: fv-az270-581.tacnzluakwdehk1hpragurqkma.bx.internal.cloudapp.net, ports: [REPLICATION=40043, RATIS=37245, RATIS_ADMIN=37245, RATIS_SERVER=37245, STANDALONE=39421], networkLocation: /default-rack, certSerialId: null, persistedOpState: IN_SERVICE, persistedOpStateExpiryEpochSec: 0}, ReplicationConfig: RATIS/ONE, State:ALLOCATED, leaderId:, CreationTimestamp2021-10-16T01:05:28.996Z[Etc/UTC]].
2021-10-16 01:05:29,044 [EndpointStateMachine task thread for /0.0.0.0:39403 - 0 ] INFO  server.RaftServer (RaftServerProxy.java:lambda$start$5(374)) - 099ca399-3e3d-4e02-9a52-59ba45faf8b0: start RPC server
2021-10-16 01:05:29,048 [EndpointStateMachine task thread for /0.0.0.0:39403 - 0 ] INFO  server.GrpcService (GrpcService.java:startImpl(253)) - 099ca399-3e3d-4e02-9a52-59ba45faf8b0: GrpcService started, listening on 36545
2021-10-16 01:05:29,048 [EndpointStateMachine task thread for /0.0.0.0:39403 - 0 ] INFO  ratis.XceiverServerRatis (XceiverServerRatis.java:getRealPort(505)) - XceiverServerRatis 099ca399-3e3d-4e02-9a52-59ba45faf8b0 is started using port 36545 for RATIS
2021-10-16 01:05:29,048 [EndpointStateMachine task thread for /0.0.0.0:39403 - 0 ] INFO  ratis.XceiverServerRatis (XceiverServerRatis.java:getRealPort(505)) - XceiverServerRatis 099ca399-3e3d-4e02-9a52-59ba45faf8b0 is started using port 36545 for RATIS_ADMIN
2021-10-16 01:05:29,049 [EndpointStateMachine task thread for /0.0.0.0:39403 - 0 ] INFO  ratis.XceiverServerRatis (XceiverServerRatis.java:getRealPort(505)) - XceiverServerRatis 099ca399-3e3d-4e02-9a52-59ba45faf8b0 is started using port 36545 for RATIS_SERVER
2021-10-16 01:05:29,051 [EndpointStateMachine task thread for /0.0.0.0:39403 - 0 ] INFO  server.XceiverServerGrpc (XceiverServerGrpc.java:start(135)) - XceiverServerGrpc 099ca399-3e3d-4e02-9a52-59ba45faf8b0 is started using port 44569
2021-10-16 01:05:29,054 [org.apache.ratis.util.JvmPauseMonitor$$Lambda$521/94530068@4ba8860d] INFO  util.JvmPauseMonitor (JvmPauseMonitor.java:run(103)) - JvmPauseMonitor-099ca399-3e3d-4e02-9a52-59ba45faf8b0: Started
2021-10-16 01:05:29,251 [EndpointStateMachine task thread for /0.0.0.0:39403 - 0 ] INFO  ozoneimpl.OzoneContainer (OzoneContainer.java:start(304)) - Attempting to start container services.
2021-10-16 01:05:29,252 [EndpointStateMachine task thread for /0.0.0.0:39403 - 0 ] INFO  ozoneimpl.OzoneContainer (OzoneContainer.java:startContainerScrub(249)) - Background container scanner has been disabled.
2021-10-16 01:05:29,254 [EndpointStateMachine task thread for /0.0.0.0:39403 - 0 ] INFO  replication.ReplicationServer (ReplicationServer.java:start(107)) - ReplicationServer is started using port 37323
2021-10-16 01:05:29,255 [EndpointStateMachine task thread for /0.0.0.0:39403 - 0 ] INFO  ratis.XceiverServerRatis (XceiverServerRatis.java:start(484)) - Starting XceiverServerRatis 9d98ef2f-7287-42aa-8af9-fb3cbb1a6029
2021-10-16 01:05:29,256 [EndpointStateMachine task thread for /0.0.0.0:39403 - 0 ] INFO  server.RaftServer (RaftServerProxy.java:lambda$start$5(374)) - 9d98ef2f-7287-42aa-8af9-fb3cbb1a6029: start RPC server
2021-10-16 01:05:29,258 [EndpointStateMachine task thread for /0.0.0.0:39403 - 0 ] INFO  server.GrpcService (GrpcService.java:startImpl(253)) - 9d98ef2f-7287-42aa-8af9-fb3cbb1a6029: GrpcService started, listening on 32879
2021-10-16 01:05:29,258 [EndpointStateMachine task thread for /0.0.0.0:39403 - 0 ] INFO  ratis.XceiverServerRatis (XceiverServerRatis.java:getRealPort(505)) - XceiverServerRatis 9d98ef2f-7287-42aa-8af9-fb3cbb1a6029 is started using port 32879 for RATIS
2021-10-16 01:05:29,258 [EndpointStateMachine task thread for /0.0.0.0:39403 - 0 ] INFO  ratis.XceiverServerRatis (XceiverServerRatis.java:getRealPort(505)) - XceiverServerRatis 9d98ef2f-7287-42aa-8af9-fb3cbb1a6029 is started using port 32879 for RATIS_ADMIN
2021-10-16 01:05:29,258 [EndpointStateMachine task thread for /0.0.0.0:39403 - 0 ] INFO  ratis.XceiverServerRatis (XceiverServerRatis.java:getRealPort(505)) - XceiverServerRatis 9d98ef2f-7287-42aa-8af9-fb3cbb1a6029 is started using port 32879 for RATIS_SERVER
2021-10-16 01:05:29,263 [EndpointStateMachine task thread for /0.0.0.0:39403 - 0 ] INFO  server.XceiverServerGrpc (XceiverServerGrpc.java:start(135)) - XceiverServerGrpc 9d98ef2f-7287-42aa-8af9-fb3cbb1a6029 is started using port 35303
2021-10-16 01:05:29,258 [org.apache.ratis.util.JvmPauseMonitor$$Lambda$521/94530068@3221f0dd] INFO  util.JvmPauseMonitor (JvmPauseMonitor.java:run(103)) - JvmPauseMonitor-9d98ef2f-7287-42aa-8af9-fb3cbb1a6029: Started
2021-10-16 01:05:29,498 [EndpointStateMachine task thread for /0.0.0.0:39403 - 0 ] INFO  ozoneimpl.OzoneContainer (OzoneContainer.java:start(304)) - Attempting to start container services.
2021-10-16 01:05:29,498 [EndpointStateMachine task thread for /0.0.0.0:39403 - 0 ] INFO  ozoneimpl.OzoneContainer (OzoneContainer.java:startContainerScrub(249)) - Background container scanner has been disabled.
2021-10-16 01:05:29,502 [EndpointStateMachine task thread for /0.0.0.0:39403 - 0 ] INFO  replication.ReplicationServer (ReplicationServer.java:start(107)) - ReplicationServer is started using port 32823
2021-10-16 01:05:29,505 [EndpointStateMachine task thread for /0.0.0.0:39403 - 0 ] INFO  ratis.XceiverServerRatis (XceiverServerRatis.java:start(484)) - Starting XceiverServerRatis fd6a0f59-fdeb-49bf-a199-f6a05cd3e8d0
2021-10-16 01:05:29,506 [EndpointStateMachine task thread for /0.0.0.0:39403 - 0 ] INFO  server.RaftServer (RaftServerProxy.java:lambda$start$5(374)) - fd6a0f59-fdeb-49bf-a199-f6a05cd3e8d0: start RPC server
2021-10-16 01:05:29,509 [EndpointStateMachine task thread for /0.0.0.0:39403 - 0 ] INFO  server.GrpcService (GrpcService.java:startImpl(253)) - fd6a0f59-fdeb-49bf-a199-f6a05cd3e8d0: GrpcService started, listening on 39899
2021-10-16 01:05:29,509 [EndpointStateMachine task thread for /0.0.0.0:39403 - 0 ] INFO  ratis.XceiverServerRatis (XceiverServerRatis.java:getRealPort(505)) - XceiverServerRatis fd6a0f59-fdeb-49bf-a199-f6a05cd3e8d0 is started using port 39899 for RATIS
2021-10-16 01:05:29,509 [org.apache.ratis.util.JvmPauseMonitor$$Lambda$521/94530068@56c17480] INFO  util.JvmPauseMonitor (JvmPauseMonitor.java:run(103)) - JvmPauseMonitor-fd6a0f59-fdeb-49bf-a199-f6a05cd3e8d0: Started
2021-10-16 01:05:29,509 [EndpointStateMachine task thread for /0.0.0.0:39403 - 0 ] INFO  ratis.XceiverServerRatis (XceiverServerRatis.java:getRealPort(505)) - XceiverServerRatis fd6a0f59-fdeb-49bf-a199-f6a05cd3e8d0 is started using port 39899 for RATIS_ADMIN
2021-10-16 01:05:29,509 [EndpointStateMachine task thread for /0.0.0.0:39403 - 0 ] INFO  ratis.XceiverServerRatis (XceiverServerRatis.java:getRealPort(505)) - XceiverServerRatis fd6a0f59-fdeb-49bf-a199-f6a05cd3e8d0 is started using port 39899 for RATIS_SERVER
2021-10-16 01:05:29,514 [EndpointStateMachine task thread for /0.0.0.0:39403 - 0 ] INFO  server.XceiverServerGrpc (XceiverServerGrpc.java:start(135)) - XceiverServerGrpc fd6a0f59-fdeb-49bf-a199-f6a05cd3e8d0 is started using port 40243
2021-10-16 01:05:29,612 [IPC Server handler 11 on default port 39403] INFO  net.NetworkTopologyImpl (NetworkTopologyImpl.java:add(112)) - Added a new node: /default-rack/0ad9ea75-306a-4cf7-ba3a-0d6a659ae299
2021-10-16 01:05:29,613 [IPC Server handler 11 on default port 39403] INFO  node.SCMNodeManager (SCMNodeManager.java:register(389)) - Registered Data node : 0ad9ea75-306a-4cf7-ba3a-0d6a659ae299{ip: 10.1.0.55, host: fv-az270-581.tacnzluakwdehk1hpragurqkma.bx.internal.cloudapp.net, ports: [REPLICATION=34155, RATIS=35779, RATIS_ADMIN=35779, RATIS_SERVER=35779, STANDALONE=42831], networkLocation: /default-rack, certSerialId: null, persistedOpState: null, persistedOpStateExpiryEpochSec: 0}
2021-10-16 01:05:29,613 [EventQueue-NewNodeForNewNodeHandler] INFO  pipeline.BackgroundPipelineCreator (BackgroundPipelineCreator.java:notifyEventTriggered(285)) - trigger a one-shot run on RatisPipelineUtilsThread.
2021-10-16 01:05:29,614 [EventQueue-NodeRegistrationContainerReportForDataNodeSafeModeRule] INFO  safemode.SCMSafeModeManager (DataNodeSafeModeRule.java:process(71)) - SCM in safe mode. 2 DataNodes registered, 3 required.
2021-10-16 01:05:29,616 [RatisPipelineUtilsThread - 0] INFO  pipeline.RatisPipelineProvider (RatisPipelineProvider.java:lambda$create$0(183)) - Sending CreatePipelineCommand for pipeline:PipelineID=2dbee468-24ca-4be6-b834-433df96091d7 to datanode:0ad9ea75-306a-4cf7-ba3a-0d6a659ae299
2021-10-16 01:05:29,617 [RatisPipelineUtilsThread - 0] INFO  pipeline.PipelineStateManagerImpl (PipelineStateManagerImpl.java:addPipeline(101)) - Created pipeline Pipeline[ Id: 2dbee468-24ca-4be6-b834-433df96091d7, Nodes: 0ad9ea75-306a-4cf7-ba3a-0d6a659ae299{ip: 10.1.0.55, host: fv-az270-581.tacnzluakwdehk1hpragurqkma.bx.internal.cloudapp.net, ports: [REPLICATION=34155, RATIS=35779, RATIS_ADMIN=35779, RATIS_SERVER=35779, STANDALONE=42831], networkLocation: /default-rack, certSerialId: null, persistedOpState: IN_SERVICE, persistedOpStateExpiryEpochSec: 0}, ReplicationConfig: RATIS/ONE, State:ALLOCATED, leaderId:, CreationTimestamp2021-10-16T01:05:29.616Z[Etc/UTC]].
2021-10-16 01:05:29,739 [Listener at 127.0.0.1/36205] INFO  ozone.MiniOzoneClusterImpl (MiniOzoneClusterImpl.java:lambda$waitForClusterToBeReady$0(235)) - Waiting for nodes to be ready. Got 2 of 10 DN Heartbeats.
2021-10-16 01:05:29,739 [Listener at 127.0.0.1/36205] INFO  ozone.MiniOzoneClusterImpl (MiniOzoneClusterImpl.java:lambda$waitForClusterToBeReady$0(238)) - Waiting for cluster to exit safe mode
2021-10-16 01:05:29,739 [Listener at 127.0.0.1/36205] INFO  ozone.MiniOzoneClusterImpl (MiniOzoneClusterImpl.java:lambda$waitForClusterToBeReady$0(240)) - SCM became leader
2021-10-16 01:05:29,759 [EndpointStateMachine task thread for /0.0.0.0:39403 - 0 ] INFO  ozoneimpl.OzoneContainer (OzoneContainer.java:start(304)) - Attempting to start container services.
2021-10-16 01:05:29,760 [EndpointStateMachine task thread for /0.0.0.0:39403 - 0 ] INFO  ozoneimpl.OzoneContainer (OzoneContainer.java:startContainerScrub(249)) - Background container scanner has been disabled.
2021-10-16 01:05:29,765 [EndpointStateMachine task thread for /0.0.0.0:39403 - 0 ] INFO  replication.ReplicationServer (ReplicationServer.java:start(107)) - ReplicationServer is started using port 46831
2021-10-16 01:05:29,765 [EndpointStateMachine task thread for /0.0.0.0:39403 - 0 ] INFO  ratis.XceiverServerRatis (XceiverServerRatis.java:start(484)) - Starting XceiverServerRatis c59c0270-13dd-4cb1-8237-362cd898cee9
2021-10-16 01:05:29,766 [EndpointStateMachine task thread for /0.0.0.0:39403 - 0 ] INFO  server.RaftServer (RaftServerProxy.java:lambda$start$5(374)) - c59c0270-13dd-4cb1-8237-362cd898cee9: start RPC server
2021-10-16 01:05:29,769 [EndpointStateMachine task thread for /0.0.0.0:39403 - 0 ] INFO  server.GrpcService (GrpcService.java:startImpl(253)) - c59c0270-13dd-4cb1-8237-362cd898cee9: GrpcService started, listening on 42851
2021-10-16 01:05:29,769 [EndpointStateMachine task thread for /0.0.0.0:39403 - 0 ] INFO  ratis.XceiverServerRatis (XceiverServerRatis.java:getRealPort(505)) - XceiverServerRatis c59c0270-13dd-4cb1-8237-362cd898cee9 is started using port 42851 for RATIS
2021-10-16 01:05:29,769 [EndpointStateMachine task thread for /0.0.0.0:39403 - 0 ] INFO  ratis.XceiverServerRatis (XceiverServerRatis.java:getRealPort(505)) - XceiverServerRatis c59c0270-13dd-4cb1-8237-362cd898cee9 is started using port 42851 for RATIS_ADMIN
2021-10-16 01:05:29,769 [org.apache.ratis.util.JvmPauseMonitor$$Lambda$521/94530068@5ac1ce2a] INFO  util.JvmPauseMonitor (JvmPauseMonitor.java:run(103)) - JvmPauseMonitor-c59c0270-13dd-4cb1-8237-362cd898cee9: Started
2021-10-16 01:05:29,769 [EndpointStateMachine task thread for /0.0.0.0:39403 - 0 ] INFO  ratis.XceiverServerRatis (XceiverServerRatis.java:getRealPort(505)) - XceiverServerRatis c59c0270-13dd-4cb1-8237-362cd898cee9 is started using port 42851 for RATIS_SERVER
2021-10-16 01:05:29,771 [EndpointStateMachine task thread for /0.0.0.0:39403 - 0 ] INFO  server.XceiverServerGrpc (XceiverServerGrpc.java:start(135)) - XceiverServerGrpc c59c0270-13dd-4cb1-8237-362cd898cee9 is started using port 38715
2021-10-16 01:05:29,896 [IPC Server handler 13 on default port 39403] INFO  net.NetworkTopologyImpl (NetworkTopologyImpl.java:add(112)) - Added a new node: /default-rack/8d52824f-ad79-492b-8fae-12e0fefff0c3
2021-10-16 01:05:29,896 [IPC Server handler 13 on default port 39403] INFO  node.SCMNodeManager (SCMNodeManager.java:register(389)) - Registered Data node : 8d52824f-ad79-492b-8fae-12e0fefff0c3{ip: 10.1.0.55, host: fv-az270-581.tacnzluakwdehk1hpragurqkma.bx.internal.cloudapp.net, ports: [REPLICATION=36429, RATIS=39801, RATIS_ADMIN=39801, RATIS_SERVER=39801, STANDALONE=33941], networkLocation: /default-rack, certSerialId: null, persistedOpState: null, persistedOpStateExpiryEpochSec: 0}
2021-10-16 01:05:29,896 [EventQueue-NewNodeForNewNodeHandler] INFO  pipeline.BackgroundPipelineCreator (BackgroundPipelineCreator.java:notifyEventTriggered(285)) - trigger a one-shot run on RatisPipelineUtilsThread.
2021-10-16 01:05:29,897 [RatisPipelineUtilsThread - 0] INFO  pipeline.RatisPipelineProvider (RatisPipelineProvider.java:lambda$create$0(183)) - Sending CreatePipelineCommand for pipeline:PipelineID=e48cc1de-99e0-4eeb-bee6-3d8e039b1ac1 to datanode:8d52824f-ad79-492b-8fae-12e0fefff0c3
2021-10-16 01:05:29,898 [RatisPipelineUtilsThread - 0] INFO  pipeline.PipelineStateManagerImpl (PipelineStateManagerImpl.java:addPipeline(101)) - Created pipeline Pipeline[ Id: e48cc1de-99e0-4eeb-bee6-3d8e039b1ac1, Nodes: 8d52824f-ad79-492b-8fae-12e0fefff0c3{ip: 10.1.0.55, host: fv-az270-581.tacnzluakwdehk1hpragurqkma.bx.internal.cloudapp.net, ports: [REPLICATION=36429, RATIS=39801, RATIS_ADMIN=39801, RATIS_SERVER=39801, STANDALONE=33941], networkLocation: /default-rack, certSerialId: null, persistedOpState: IN_SERVICE, persistedOpStateExpiryEpochSec: 0}, ReplicationConfig: RATIS/ONE, State:ALLOCATED, leaderId:, CreationTimestamp2021-10-16T01:05:29.897Z[Etc/UTC]].
2021-10-16 01:05:29,899 [EventQueue-NodeRegistrationContainerReportForDataNodeSafeModeRule] INFO  safemode.SCMSafeModeManager (DataNodeSafeModeRule.java:process(71)) - SCM in safe mode. 3 DataNodes registered, 3 required.
2021-10-16 01:05:29,899 [EventQueue-NodeRegistrationContainerReportForDataNodeSafeModeRule] INFO  safemode.SCMSafeModeManager (SCMSafeModeManager.java:validateSafeModeExitRules(204)) - DataNodeSafeModeRule rule is successfully validated
2021-10-16 01:05:29,899 [EventQueue-NodeRegistrationContainerReportForDataNodeSafeModeRule] INFO  safemode.SCMSafeModeManager (SCMSafeModeManager.java:completePreCheck(233)) - All SCM safe mode pre check rules have passed
2021-10-16 01:05:29,899 [EventQueue-NodeRegistrationContainerReportForDataNodeSafeModeRule] WARN  events.EventQueue (EventQueue.java:fireEvent(194)) - No event handler registered for event TypedEvent{payloadType=SafeModeStatus, name='Safe mode status'}
2021-10-16 01:05:29,899 [EventQueue-NodeRegistrationContainerReportForDataNodeSafeModeRule] INFO  ha.SCMContext (SCMContext.java:updateSafeModeStatus(205)) - Update SafeModeStatus from SafeModeStatus{safeModeStatus=true, preCheckPassed=false} to SafeModeStatus{safeModeStatus=true, preCheckPassed=true}.
2021-10-16 01:05:29,899 [EventQueue-NodeRegistrationContainerReportForDataNodeSafeModeRule] INFO  pipeline.BackgroundPipelineCreator (BackgroundPipelineCreator.java:notifyEventTriggered(285)) - trigger a one-shot run on RatisPipelineUtilsThread.
2021-10-16 01:05:29,904 [RatisPipelineUtilsThread - 0] INFO  pipeline.RatisPipelineProvider (RatisPipelineProvider.java:lambda$create$0(183)) - Sending CreatePipelineCommand for pipeline:PipelineID=d1b107aa-4fbd-4663-b259-6d649bbcf7bf to datanode:b875dbc0-fa4a-4375-91ba-3cc15c85989b
2021-10-16 01:05:29,905 [RatisPipelineUtilsThread - 0] INFO  pipeline.RatisPipelineProvider (RatisPipelineProvider.java:lambda$create$0(183)) - Sending CreatePipelineCommand for pipeline:PipelineID=d1b107aa-4fbd-4663-b259-6d649bbcf7bf to datanode:0ad9ea75-306a-4cf7-ba3a-0d6a659ae299
2021-10-16 01:05:29,905 [RatisPipelineUtilsThread - 0] INFO  pipeline.RatisPipelineProvider (RatisPipelineProvider.java:lambda$create$0(183)) - Sending CreatePipelineCommand for pipeline:PipelineID=d1b107aa-4fbd-4663-b259-6d649bbcf7bf to datanode:8d52824f-ad79-492b-8fae-12e0fefff0c3
2021-10-16 01:05:29,907 [RatisPipelineUtilsThread - 0] INFO  pipeline.PipelineStateManagerImpl (PipelineStateManagerImpl.java:addPipeline(101)) - Created pipeline Pipeline[ Id: d1b107aa-4fbd-4663-b259-6d649bbcf7bf, Nodes: b875dbc0-fa4a-4375-91ba-3cc15c85989b{ip: 10.1.0.55, host: fv-az270-581.tacnzluakwdehk1hpragurqkma.bx.internal.cloudapp.net, ports: [REPLICATION=40043, RATIS=37245, RATIS_ADMIN=37245, RATIS_SERVER=37245, STANDALONE=39421], networkLocation: /default-rack, certSerialId: null, persistedOpState: IN_SERVICE, persistedOpStateExpiryEpochSec: 0}0ad9ea75-306a-4cf7-ba3a-0d6a659ae299{ip: 10.1.0.55, host: fv-az270-581.tacnzluakwdehk1hpragurqkma.bx.internal.cloudapp.net, ports: [REPLICATION=34155, RATIS=35779, RATIS_ADMIN=35779, RATIS_SERVER=35779, STANDALONE=42831], networkLocation: /default-rack, certSerialId: null, persistedOpState: IN_SERVICE, persistedOpStateExpiryEpochSec: 0}8d52824f-ad79-492b-8fae-12e0fefff0c3{ip: 10.1.0.55, host: fv-az270-581.tacnzluakwdehk1hpragurqkma.bx.internal.cloudapp.net, ports: [REPLICATION=36429, RATIS=39801, RATIS_ADMIN=39801, RATIS_SERVER=39801, STANDALONE=33941], networkLocation: /default-rack, certSerialId: null, persistedOpState: IN_SERVICE, persistedOpStateExpiryEpochSec: 0}, ReplicationConfig: RATIS/THREE, State:ALLOCATED, leaderId:, CreationTimestamp2021-10-16T01:05:29.904Z[Etc/UTC]].
2021-10-16 01:05:29,908 [RatisPipelineUtilsThread - 0] INFO  pipeline.RatisPipelineProvider (RatisPipelineProvider.java:lambda$create$0(183)) - Sending CreatePipelineCommand for pipeline:PipelineID=04cabc9b-5756-4e52-bda1-6c37c0e08cc0 to datanode:0ad9ea75-306a-4cf7-ba3a-0d6a659ae299
2021-10-16 01:05:29,909 [RatisPipelineUtilsThread - 0] INFO  pipeline.RatisPipelineProvider (RatisPipelineProvider.java:lambda$create$0(183)) - Sending CreatePipelineCommand for pipeline:PipelineID=04cabc9b-5756-4e52-bda1-6c37c0e08cc0 to datanode:8d52824f-ad79-492b-8fae-12e0fefff0c3
2021-10-16 01:05:29,910 [RatisPipelineUtilsThread - 0] INFO  pipeline.RatisPipelineProvider (RatisPipelineProvider.java:lambda$create$0(183)) - Sending CreatePipelineCommand for pipeline:PipelineID=04cabc9b-5756-4e52-bda1-6c37c0e08cc0 to datanode:b875dbc0-fa4a-4375-91ba-3cc15c85989b
2021-10-16 01:05:29,911 [RatisPipelineUtilsThread - 0] INFO  pipeline.PipelineStateManagerImpl (PipelineStateManagerImpl.java:addPipeline(101)) - Created pipeline Pipeline[ Id: 04cabc9b-5756-4e52-bda1-6c37c0e08cc0, Nodes: 0ad9ea75-306a-4cf7-ba3a-0d6a659ae299{ip: 10.1.0.55, host: fv-az270-581.tacnzluakwdehk1hpragurqkma.bx.internal.cloudapp.net, ports: [REPLICATION=34155, RATIS=35779, RATIS_ADMIN=35779, RATIS_SERVER=35779, STANDALONE=42831], networkLocation: /default-rack, certSerialId: null, persistedOpState: IN_SERVICE, persistedOpStateExpiryEpochSec: 0}8d52824f-ad79-492b-8fae-12e0fefff0c3{ip: 10.1.0.55, host: fv-az270-581.tacnzluakwdehk1hpragurqkma.bx.internal.cloudapp.net, ports: [REPLICATION=36429, RATIS=39801, RATIS_ADMIN=39801, RATIS_SERVER=39801, STANDALONE=33941], networkLocation: /default-rack, certSerialId: null, persistedOpState: IN_SERVICE, persistedOpStateExpiryEpochSec: 0}b875dbc0-fa4a-4375-91ba-3cc15c85989b{ip: 10.1.0.55, host: fv-az270-581.tacnzluakwdehk1hpragurqkma.bx.internal.cloudapp.net, ports: [REPLICATION=40043, RATIS=37245, RATIS_ADMIN=37245, RATIS_SERVER=37245, STANDALONE=39421], networkLocation: /default-rack, certSerialId: null, persistedOpState: IN_SERVICE, persistedOpStateExpiryEpochSec: 0}, ReplicationConfig: RATIS/THREE, State:ALLOCATED, leaderId:, CreationTimestamp2021-10-16T01:05:29.908Z[Etc/UTC]].
2021-10-16 01:05:29,911 [RatisPipelineUtilsThread - 0] INFO  pipeline.PipelineManagerImpl (PipelineManagerImpl.java:recordMetricsForPipeline(613)) - Pipeline: PipelineID=04cabc9b-5756-4e52-bda1-6c37c0e08cc0 contains same datanodes as previous pipelines: PipelineID=d1b107aa-4fbd-4663-b259-6d649bbcf7bf nodeIds: 0ad9ea75-306a-4cf7-ba3a-0d6a659ae299, 8d52824f-ad79-492b-8fae-12e0fefff0c3, b875dbc0-fa4a-4375-91ba-3cc15c85989b
2021-10-16 01:05:30,160 [IPC Server handler 0 on default port 39403] INFO  net.NetworkTopologyImpl (NetworkTopologyImpl.java:add(112)) - Added a new node: /default-rack/5d47f048-385c-4622-902c-1a2c4fbfa0fd
2021-10-16 01:05:30,161 [IPC Server handler 0 on default port 39403] INFO  node.SCMNodeManager (SCMNodeManager.java:register(389)) - Registered Data node : 5d47f048-385c-4622-902c-1a2c4fbfa0fd{ip: 10.1.0.55, host: fv-az270-581.tacnzluakwdehk1hpragurqkma.bx.internal.cloudapp.net, ports: [REPLICATION=34891, RATIS=38959, RATIS_ADMIN=38959, RATIS_SERVER=38959, STANDALONE=45719], networkLocation: /default-rack, certSerialId: null, persistedOpState: null, persistedOpStateExpiryEpochSec: 0}
2021-10-16 01:05:30,161 [EventQueue-NewNodeForNewNodeHandler] INFO  pipeline.BackgroundPipelineCreator (BackgroundPipelineCreator.java:notifyEventTriggered(285)) - trigger a one-shot run on RatisPipelineUtilsThread.
2021-10-16 01:05:30,162 [RatisPipelineUtilsThread - 0] INFO  pipeline.RatisPipelineProvider (RatisPipelineProvider.java:lambda$create$0(183)) - Sending CreatePipelineCommand for pipeline:PipelineID=56fff4e8-d118-4d0b-abb6-e433c4010eb1 to datanode:5d47f048-385c-4622-902c-1a2c4fbfa0fd
2021-10-16 01:05:30,163 [RatisPipelineUtilsThread - 0] INFO  pipeline.PipelineStateManagerImpl (PipelineStateManagerImpl.java:addPipeline(101)) - Created pipeline Pipeline[ Id: 56fff4e8-d118-4d0b-abb6-e433c4010eb1, Nodes: 5d47f048-385c-4622-902c-1a2c4fbfa0fd{ip: 10.1.0.55, host: fv-az270-581.tacnzluakwdehk1hpragurqkma.bx.internal.cloudapp.net, ports: [REPLICATION=34891, RATIS=38959, RATIS_ADMIN=38959, RATIS_SERVER=38959, STANDALONE=45719], networkLocation: /default-rack, certSerialId: null, persistedOpState: IN_SERVICE, persistedOpStateExpiryEpochSec: 0}, ReplicationConfig: RATIS/ONE, State:ALLOCATED, leaderId:, CreationTimestamp2021-10-16T01:05:30.162Z[Etc/UTC]].
2021-10-16 01:05:30,398 [IPC Server handler 2 on default port 39403] INFO  net.NetworkTopologyImpl (NetworkTopologyImpl.java:add(112)) - Added a new node: /default-rack/9788528e-c4e7-43d7-a896-13140055b23a
2021-10-16 01:05:30,399 [IPC Server handler 2 on default port 39403] INFO  node.SCMNodeManager (SCMNodeManager.java:register(389)) - Registered Data node : 9788528e-c4e7-43d7-a896-13140055b23a{ip: 10.1.0.55, host: fv-az270-581.tacnzluakwdehk1hpragurqkma.bx.internal.cloudapp.net, ports: [REPLICATION=37827, RATIS=44875, RATIS_ADMIN=44875, RATIS_SERVER=44875, STANDALONE=41243], networkLocation: /default-rack, certSerialId: null, persistedOpState: null, persistedOpStateExpiryEpochSec: 0}
2021-10-16 01:05:30,399 [EventQueue-NewNodeForNewNodeHandler] INFO  pipeline.BackgroundPipelineCreator (BackgroundPipelineCreator.java:notifyEventTriggered(285)) - trigger a one-shot run on RatisPipelineUtilsThread.
2021-10-16 01:05:30,404 [RatisPipelineUtilsThread - 0] INFO  pipeline.RatisPipelineProvider (RatisPipelineProvider.java:lambda$create$0(183)) - Sending CreatePipelineCommand for pipeline:PipelineID=969fe976-7bf1-4cc1-8cb0-639e7c334e10 to datanode:9788528e-c4e7-43d7-a896-13140055b23a
2021-10-16 01:05:30,405 [RatisPipelineUtilsThread - 0] INFO  pipeline.PipelineStateManagerImpl (PipelineStateManagerImpl.java:addPipeline(101)) - Created pipeline Pipeline[ Id: 969fe976-7bf1-4cc1-8cb0-639e7c334e10, Nodes: 9788528e-c4e7-43d7-a896-13140055b23a{ip: 10.1.0.55, host: fv-az270-581.tacnzluakwdehk1hpragurqkma.bx.internal.cloudapp.net, ports: [REPLICATION=37827, RATIS=44875, RATIS_ADMIN=44875, RATIS_SERVER=44875, STANDALONE=41243], networkLocation: /default-rack, certSerialId: null, persistedOpState: IN_SERVICE, persistedOpStateExpiryEpochSec: 0}, ReplicationConfig: RATIS/ONE, State:ALLOCATED, leaderId:, CreationTimestamp2021-10-16T01:05:30.404Z[Etc/UTC]].
2021-10-16 01:05:30,651 [IPC Server handler 1 on default port 39403] INFO  net.NetworkTopologyImpl (NetworkTopologyImpl.java:add(112)) - Added a new node: /default-rack/7a90a2fd-4c46-424f-b10b-a3a7d32abd98
2021-10-16 01:05:30,652 [IPC Server handler 1 on default port 39403] INFO  node.SCMNodeManager (SCMNodeManager.java:register(389)) - Registered Data node : 7a90a2fd-4c46-424f-b10b-a3a7d32abd98{ip: 10.1.0.55, host: fv-az270-581.tacnzluakwdehk1hpragurqkma.bx.internal.cloudapp.net, ports: [REPLICATION=39897, RATIS=46627, RATIS_ADMIN=46627, RATIS_SERVER=46627, STANDALONE=34935], networkLocation: /default-rack, certSerialId: null, persistedOpState: null, persistedOpStateExpiryEpochSec: 0}
2021-10-16 01:05:30,653 [EventQueue-NewNodeForNewNodeHandler] INFO  pipeline.BackgroundPipelineCreator (BackgroundPipelineCreator.java:notifyEventTriggered(285)) - trigger a one-shot run on RatisPipelineUtilsThread.
2021-10-16 01:05:30,656 [RatisPipelineUtilsThread - 0] INFO  pipeline.RatisPipelineProvider (RatisPipelineProvider.java:lambda$create$0(183)) - Sending CreatePipelineCommand for pipeline:PipelineID=9060eb23-05f5-4257-93db-933d3b6ecc6f to datanode:7a90a2fd-4c46-424f-b10b-a3a7d32abd98
2021-10-16 01:05:30,657 [RatisPipelineUtilsThread - 0] INFO  pipeline.PipelineStateManagerImpl (PipelineStateManagerImpl.java:addPipeline(101)) - Created pipeline Pipeline[ Id: 9060eb23-05f5-4257-93db-933d3b6ecc6f, Nodes: 7a90a2fd-4c46-424f-b10b-a3a7d32abd98{ip: 10.1.0.55, host: fv-az270-581.tacnzluakwdehk1hpragurqkma.bx.internal.cloudapp.net, ports: [REPLICATION=39897, RATIS=46627, RATIS_ADMIN=46627, RATIS_SERVER=46627, STANDALONE=34935], networkLocation: /default-rack, certSerialId: null, persistedOpState: IN_SERVICE, persistedOpStateExpiryEpochSec: 0}, ReplicationConfig: RATIS/ONE, State:ALLOCATED, leaderId:, CreationTimestamp2021-10-16T01:05:30.656Z[Etc/UTC]].
2021-10-16 01:05:30,658 [RatisPipelineUtilsThread - 0] INFO  pipeline.RatisPipelineProvider (RatisPipelineProvider.java:lambda$create$0(183)) - Sending CreatePipelineCommand for pipeline:PipelineID=06c9b66e-3d37-49ac-87e4-45d0af5f9f82 to datanode:5d47f048-385c-4622-902c-1a2c4fbfa0fd
2021-10-16 01:05:30,658 [RatisPipelineUtilsThread - 0] INFO  pipeline.RatisPipelineProvider (RatisPipelineProvider.java:lambda$create$0(183)) - Sending CreatePipelineCommand for pipeline:PipelineID=06c9b66e-3d37-49ac-87e4-45d0af5f9f82 to datanode:9788528e-c4e7-43d7-a896-13140055b23a
2021-10-16 01:05:30,658 [RatisPipelineUtilsThread - 0] INFO  pipeline.RatisPipelineProvider (RatisPipelineProvider.java:lambda$create$0(183)) - Sending CreatePipelineCommand for pipeline:PipelineID=06c9b66e-3d37-49ac-87e4-45d0af5f9f82 to datanode:7a90a2fd-4c46-424f-b10b-a3a7d32abd98
2021-10-16 01:05:30,660 [RatisPipelineUtilsThread - 0] INFO  pipeline.PipelineStateManagerImpl (PipelineStateManagerImpl.java:addPipeline(101)) - Created pipeline Pipeline[ Id: 06c9b66e-3d37-49ac-87e4-45d0af5f9f82, Nodes: 5d47f048-385c-4622-902c-1a2c4fbfa0fd{ip: 10.1.0.55, host: fv-az270-581.tacnzluakwdehk1hpragurqkma.bx.internal.cloudapp.net, ports: [REPLICATION=34891, RATIS=38959, RATIS_ADMIN=38959, RATIS_SERVER=38959, STANDALONE=45719], networkLocation: /default-rack, certSerialId: null, persistedOpState: IN_SERVICE, persistedOpStateExpiryEpochSec: 0}9788528e-c4e7-43d7-a896-13140055b23a{ip: 10.1.0.55, host: fv-az270-581.tacnzluakwdehk1hpragurqkma.bx.internal.cloudapp.net, ports: [REPLICATION=37827, RATIS=44875, RATIS_ADMIN=44875, RATIS_SERVER=44875, STANDALONE=41243], networkLocation: /default-rack, certSerialId: null, persistedOpState: IN_SERVICE, persistedOpStateExpiryEpochSec: 0}7a90a2fd-4c46-424f-b10b-a3a7d32abd98{ip: 10.1.0.55, host: fv-az270-581.tacnzluakwdehk1hpragurqkma.bx.internal.cloudapp.net, ports: [REPLICATION=39897, RATIS=46627, RATIS_ADMIN=46627, RATIS_SERVER=46627, STANDALONE=34935], networkLocation: /default-rack, certSerialId: null, persistedOpState: IN_SERVICE, persistedOpStateExpiryEpochSec: 0}, ReplicationConfig: RATIS/THREE, State:ALLOCATED, leaderId:, CreationTimestamp2021-10-16T01:05:30.658Z[Etc/UTC]].
2021-10-16 01:05:30,661 [RatisPipelineUtilsThread - 0] INFO  pipeline.RatisPipelineProvider (RatisPipelineProvider.java:lambda$create$0(183)) - Sending CreatePipelineCommand for pipeline:PipelineID=74792a45-8717-44f4-b6f7-66d1402a49ba to datanode:5d47f048-385c-4622-902c-1a2c4fbfa0fd
2021-10-16 01:05:30,663 [RatisPipelineUtilsThread - 0] INFO  pipeline.RatisPipelineProvider (RatisPipelineProvider.java:lambda$create$0(183)) - Sending CreatePipelineCommand for pipeline:PipelineID=74792a45-8717-44f4-b6f7-66d1402a49ba to datanode:9788528e-c4e7-43d7-a896-13140055b23a
2021-10-16 01:05:30,663 [RatisPipelineUtilsThread - 0] INFO  pipeline.RatisPipelineProvider (RatisPipelineProvider.java:lambda$create$0(183)) - Sending CreatePipelineCommand for pipeline:PipelineID=74792a45-8717-44f4-b6f7-66d1402a49ba to datanode:7a90a2fd-4c46-424f-b10b-a3a7d32abd98
2021-10-16 01:05:30,664 [RatisPipelineUtilsThread - 0] INFO  pipeline.PipelineStateManagerImpl (PipelineStateManagerImpl.java:addPipeline(101)) - Created pipeline Pipeline[ Id: 74792a45-8717-44f4-b6f7-66d1402a49ba, Nodes: 5d47f048-385c-4622-902c-1a2c4fbfa0fd{ip: 10.1.0.55, host: fv-az270-581.tacnzluakwdehk1hpragurqkma.bx.internal.cloudapp.net, ports: [REPLICATION=34891, RATIS=38959, RATIS_ADMIN=38959, RATIS_SERVER=38959, STANDALONE=45719], networkLocation: /default-rack, certSerialId: null, persistedOpState: IN_SERVICE, persistedOpStateExpiryEpochSec: 0}9788528e-c4e7-43d7-a896-13140055b23a{ip: 10.1.0.55, host: fv-az270-581.tacnzluakwdehk1hpragurqkma.bx.internal.cloudapp.net, ports: [REPLICATION=37827, RATIS=44875, RATIS_ADMIN=44875, RATIS_SERVER=44875, STANDALONE=41243], networkLocation: /default-rack, certSerialId: null, persistedOpState: IN_SERVICE, persistedOpStateExpiryEpochSec: 0}7a90a2fd-4c46-424f-b10b-a3a7d32abd98{ip: 10.1.0.55, host: fv-az270-581.tacnzluakwdehk1hpragurqkma.bx.internal.cloudapp.net, ports: [REPLICATION=39897, RATIS=46627, RATIS_ADMIN=46627, RATIS_SERVER=46627, STANDALONE=34935], networkLocation: /default-rack, certSerialId: null, persistedOpState: IN_SERVICE, persistedOpStateExpiryEpochSec: 0}, ReplicationConfig: RATIS/THREE, State:ALLOCATED, leaderId:, CreationTimestamp2021-10-16T01:05:30.661Z[Etc/UTC]].
2021-10-16 01:05:30,665 [RatisPipelineUtilsThread - 0] INFO  pipeline.PipelineManagerImpl (PipelineManagerImpl.java:recordMetricsForPipeline(613)) - Pipeline: PipelineID=74792a45-8717-44f4-b6f7-66d1402a49ba contains same datanodes as previous pipelines: PipelineID=06c9b66e-3d37-49ac-87e4-45d0af5f9f82 nodeIds: 5d47f048-385c-4622-902c-1a2c4fbfa0fd, 9788528e-c4e7-43d7-a896-13140055b23a, 7a90a2fd-4c46-424f-b10b-a3a7d32abd98
2021-10-16 01:05:30,739 [Listener at 127.0.0.1/36205] INFO  ozone.MiniOzoneClusterImpl (MiniOzoneClusterImpl.java:lambda$waitForClusterToBeReady$0(235)) - Waiting for nodes to be ready. Got 6 of 10 DN Heartbeats.
2021-10-16 01:05:30,741 [Listener at 127.0.0.1/36205] INFO  ozone.MiniOzoneClusterImpl (MiniOzoneClusterImpl.java:lambda$waitForClusterToBeReady$0(238)) - Waiting for cluster to exit safe mode
2021-10-16 01:05:30,741 [Listener at 127.0.0.1/36205] INFO  ozone.MiniOzoneClusterImpl (MiniOzoneClusterImpl.java:lambda$waitForClusterToBeReady$0(240)) - SCM became leader
2021-10-16 01:05:30,946 [IPC Server handler 7 on default port 39403] INFO  net.NetworkTopologyImpl (NetworkTopologyImpl.java:add(112)) - Added a new node: /default-rack/099ca399-3e3d-4e02-9a52-59ba45faf8b0
2021-10-16 01:05:30,947 [IPC Server handler 7 on default port 39403] INFO  node.SCMNodeManager (SCMNodeManager.java:register(389)) - Registered Data node : 099ca399-3e3d-4e02-9a52-59ba45faf8b0{ip: 10.1.0.55, host: fv-az270-581.tacnzluakwdehk1hpragurqkma.bx.internal.cloudapp.net, ports: [REPLICATION=40185, RATIS=36545, RATIS_ADMIN=36545, RATIS_SERVER=36545, STANDALONE=44569], networkLocation: /default-rack, certSerialId: null, persistedOpState: null, persistedOpStateExpiryEpochSec: 0}
2021-10-16 01:05:30,947 [EventQueue-NewNodeForNewNodeHandler] INFO  pipeline.BackgroundPipelineCreator (BackgroundPipelineCreator.java:notifyEventTriggered(285)) - trigger a one-shot run on RatisPipelineUtilsThread.
2021-10-16 01:05:30,948 [RatisPipelineUtilsThread - 0] INFO  pipeline.RatisPipelineProvider (RatisPipelineProvider.java:lambda$create$0(183)) - Sending CreatePipelineCommand for pipeline:PipelineID=125849f5-2c24-4d41-a7be-595979774ae2 to datanode:099ca399-3e3d-4e02-9a52-59ba45faf8b0
2021-10-16 01:05:30,949 [RatisPipelineUtilsThread - 0] INFO  pipeline.PipelineStateManagerImpl (PipelineStateManagerImpl.java:addPipeline(101)) - Created pipeline Pipeline[ Id: 125849f5-2c24-4d41-a7be-595979774ae2, Nodes: 099ca399-3e3d-4e02-9a52-59ba45faf8b0{ip: 10.1.0.55, host: fv-az270-581.tacnzluakwdehk1hpragurqkma.bx.internal.cloudapp.net, ports: [REPLICATION=40185, RATIS=36545, RATIS_ADMIN=36545, RATIS_SERVER=36545, STANDALONE=44569], networkLocation: /default-rack, certSerialId: null, persistedOpState: IN_SERVICE, persistedOpStateExpiryEpochSec: 0}, ReplicationConfig: RATIS/ONE, State:ALLOCATED, leaderId:, CreationTimestamp2021-10-16T01:05:30.948Z[Etc/UTC]].
2021-10-16 01:05:31,247 [IPC Server handler 3 on default port 39403] INFO  net.NetworkTopologyImpl (NetworkTopologyImpl.java:add(112)) - Added a new node: /default-rack/9d98ef2f-7287-42aa-8af9-fb3cbb1a6029
2021-10-16 01:05:31,247 [IPC Server handler 3 on default port 39403] INFO  node.SCMNodeManager (SCMNodeManager.java:register(389)) - Registered Data node : 9d98ef2f-7287-42aa-8af9-fb3cbb1a6029{ip: 10.1.0.55, host: fv-az270-581.tacnzluakwdehk1hpragurqkma.bx.internal.cloudapp.net, ports: [REPLICATION=37323, RATIS=32879, RATIS_ADMIN=32879, RATIS_SERVER=32879, STANDALONE=35303], networkLocation: /default-rack, certSerialId: null, persistedOpState: null, persistedOpStateExpiryEpochSec: 0}
2021-10-16 01:05:31,248 [EventQueue-NewNodeForNewNodeHandler] INFO  pipeline.BackgroundPipelineCreator (BackgroundPipelineCreator.java:notifyEventTriggered(285)) - trigger a one-shot run on RatisPipelineUtilsThread.
2021-10-16 01:05:31,250 [RatisPipelineUtilsThread - 0] INFO  pipeline.RatisPipelineProvider (RatisPipelineProvider.java:lambda$create$0(183)) - Sending CreatePipelineCommand for pipeline:PipelineID=7aceb534-8a41-47d1-9dd5-deadddac7247 to datanode:9d98ef2f-7287-42aa-8af9-fb3cbb1a6029
2021-10-16 01:05:31,251 [RatisPipelineUtilsThread - 0] INFO  pipeline.PipelineStateManagerImpl (PipelineStateManagerImpl.java:addPipeline(101)) - Created pipeline Pipeline[ Id: 7aceb534-8a41-47d1-9dd5-deadddac7247, Nodes: 9d98ef2f-7287-42aa-8af9-fb3cbb1a6029{ip: 10.1.0.55, host: fv-az270-581.tacnzluakwdehk1hpragurqkma.bx.internal.cloudapp.net, ports: [REPLICATION=37323, RATIS=32879, RATIS_ADMIN=32879, RATIS_SERVER=32879, STANDALONE=35303], networkLocation: /default-rack, certSerialId: null, persistedOpState: IN_SERVICE, persistedOpStateExpiryEpochSec: 0}, ReplicationConfig: RATIS/ONE, State:ALLOCATED, leaderId:, CreationTimestamp2021-10-16T01:05:31.250Z[Etc/UTC]].
2021-10-16 01:05:31,496 [IPC Server handler 11 on default port 39403] INFO  net.NetworkTopologyImpl (NetworkTopologyImpl.java:add(112)) - Added a new node: /default-rack/fd6a0f59-fdeb-49bf-a199-f6a05cd3e8d0
2021-10-16 01:05:31,497 [IPC Server handler 11 on default port 39403] INFO  node.SCMNodeManager (SCMNodeManager.java:register(389)) - Registered Data node : fd6a0f59-fdeb-49bf-a199-f6a05cd3e8d0{ip: 10.1.0.55, host: fv-az270-581.tacnzluakwdehk1hpragurqkma.bx.internal.cloudapp.net, ports: [REPLICATION=32823, RATIS=39899, RATIS_ADMIN=39899, RATIS_SERVER=39899, STANDALONE=40243], networkLocation: /default-rack, certSerialId: null, persistedOpState: null, persistedOpStateExpiryEpochSec: 0}
2021-10-16 01:05:31,497 [EventQueue-NewNodeForNewNodeHandler] INFO  pipeline.BackgroundPipelineCreator (BackgroundPipelineCreator.java:notifyEventTriggered(285)) - trigger a one-shot run on RatisPipelineUtilsThread.
2021-10-16 01:05:31,499 [RatisPipelineUtilsThread - 0] INFO  pipeline.RatisPipelineProvider (RatisPipelineProvider.java:lambda$create$0(183)) - Sending CreatePipelineCommand for pipeline:PipelineID=d8b7a462-d376-4f6e-a80c-6c669b14b405 to datanode:fd6a0f59-fdeb-49bf-a199-f6a05cd3e8d0
2021-10-16 01:05:31,500 [RatisPipelineUtilsThread - 0] INFO  pipeline.PipelineStateManagerImpl (PipelineStateManagerImpl.java:addPipeline(101)) - Created pipeline Pipeline[ Id: d8b7a462-d376-4f6e-a80c-6c669b14b405, Nodes: fd6a0f59-fdeb-49bf-a199-f6a05cd3e8d0{ip: 10.1.0.55, host: fv-az270-581.tacnzluakwdehk1hpragurqkma.bx.internal.cloudapp.net, ports: [REPLICATION=32823, RATIS=39899, RATIS_ADMIN=39899, RATIS_SERVER=39899, STANDALONE=40243], networkLocation: /default-rack, certSerialId: null, persistedOpState: IN_SERVICE, persistedOpStateExpiryEpochSec: 0}, ReplicationConfig: RATIS/ONE, State:ALLOCATED, leaderId:, CreationTimestamp2021-10-16T01:05:31.499Z[Etc/UTC]].
2021-10-16 01:05:31,501 [RatisPipelineUtilsThread - 0] INFO  pipeline.RatisPipelineProvider (RatisPipelineProvider.java:lambda$create$0(183)) - Sending CreatePipelineCommand for pipeline:PipelineID=68e5b7b6-d454-4337-bdf5-87f1797a8db8 to datanode:099ca399-3e3d-4e02-9a52-59ba45faf8b0
2021-10-16 01:05:31,501 [RatisPipelineUtilsThread - 0] INFO  pipeline.RatisPipelineProvider (RatisPipelineProvider.java:lambda$create$0(183)) - Sending CreatePipelineCommand for pipeline:PipelineID=68e5b7b6-d454-4337-bdf5-87f1797a8db8 to datanode:9d98ef2f-7287-42aa-8af9-fb3cbb1a6029
2021-10-16 01:05:31,501 [RatisPipelineUtilsThread - 0] INFO  pipeline.RatisPipelineProvider (RatisPipelineProvider.java:lambda$create$0(183)) - Sending CreatePipelineCommand for pipeline:PipelineID=68e5b7b6-d454-4337-bdf5-87f1797a8db8 to datanode:fd6a0f59-fdeb-49bf-a199-f6a05cd3e8d0
2021-10-16 01:05:31,502 [RatisPipelineUtilsThread - 0] INFO  pipeline.PipelineStateManagerImpl (PipelineStateManagerImpl.java:addPipeline(101)) - Created pipeline Pipeline[ Id: 68e5b7b6-d454-4337-bdf5-87f1797a8db8, Nodes: 099ca399-3e3d-4e02-9a52-59ba45faf8b0{ip: 10.1.0.55, host: fv-az270-581.tacnzluakwdehk1hpragurqkma.bx.internal.cloudapp.net, ports: [REPLICATION=40185, RATIS=36545, RATIS_ADMIN=36545, RATIS_SERVER=36545, STANDALONE=44569], networkLocation: /default-rack, certSerialId: null, persistedOpState: IN_SERVICE, persistedOpStateExpiryEpochSec: 0}9d98ef2f-7287-42aa-8af9-fb3cbb1a6029{ip: 10.1.0.55, host: fv-az270-581.tacnzluakwdehk1hpragurqkma.bx.internal.cloudapp.net, ports: [REPLICATION=37323, RATIS=32879, RATIS_ADMIN=32879, RATIS_SERVER=32879, STANDALONE=35303], networkLocation: /default-rack, certSerialId: null, persistedOpState: IN_SERVICE, persistedOpStateExpiryEpochSec: 0}fd6a0f59-fdeb-49bf-a199-f6a05cd3e8d0{ip: 10.1.0.55, host: fv-az270-581.tacnzluakwdehk1hpragurqkma.bx.internal.cloudapp.net, ports: [REPLICATION=32823, RATIS=39899, RATIS_ADMIN=39899, RATIS_SERVER=39899, STANDALONE=40243], networkLocation: /default-rack, certSerialId: null, persistedOpState: IN_SERVICE, persistedOpStateExpiryEpochSec: 0}, ReplicationConfig: RATIS/THREE, State:ALLOCATED, leaderId:, CreationTimestamp2021-10-16T01:05:31.501Z[Etc/UTC]].
2021-10-16 01:05:31,504 [RatisPipelineUtilsThread - 0] INFO  pipeline.RatisPipelineProvider (RatisPipelineProvider.java:lambda$create$0(183)) - Sending CreatePipelineCommand for pipeline:PipelineID=3495eccd-922a-45d3-8b65-77f10eadf775 to datanode:099ca399-3e3d-4e02-9a52-59ba45faf8b0
2021-10-16 01:05:31,504 [RatisPipelineUtilsThread - 0] INFO  pipeline.RatisPipelineProvider (RatisPipelineProvider.java:lambda$create$0(183)) - Sending CreatePipelineCommand for pipeline:PipelineID=3495eccd-922a-45d3-8b65-77f10eadf775 to datanode:fd6a0f59-fdeb-49bf-a199-f6a05cd3e8d0
2021-10-16 01:05:31,504 [RatisPipelineUtilsThread - 0] INFO  pipeline.RatisPipelineProvider (RatisPipelineProvider.java:lambda$create$0(183)) - Sending CreatePipelineCommand for pipeline:PipelineID=3495eccd-922a-45d3-8b65-77f10eadf775 to datanode:9d98ef2f-7287-42aa-8af9-fb3cbb1a6029
2021-10-16 01:05:31,505 [RatisPipelineUtilsThread - 0] INFO  pipeline.PipelineStateManagerImpl (PipelineStateManagerImpl.java:addPipeline(101)) - Created pipeline Pipeline[ Id: 3495eccd-922a-45d3-8b65-77f10eadf775, Nodes: 099ca399-3e3d-4e02-9a52-59ba45faf8b0{ip: 10.1.0.55, host: fv-az270-581.tacnzluakwdehk1hpragurqkma.bx.internal.cloudapp.net, ports: [REPLICATION=40185, RATIS=36545, RATIS_ADMIN=36545, RATIS_SERVER=36545, STANDALONE=44569], networkLocation: /default-rack, certSerialId: null, persistedOpState: IN_SERVICE, persistedOpStateExpiryEpochSec: 0}fd6a0f59-fdeb-49bf-a199-f6a05cd3e8d0{ip: 10.1.0.55, host: fv-az270-581.tacnzluakwdehk1hpragurqkma.bx.internal.cloudapp.net, ports: [REPLICATION=32823, RATIS=39899, RATIS_ADMIN=39899, RATIS_SERVER=39899, STANDALONE=40243], networkLocation: /default-rack, certSerialId: null, persistedOpState: IN_SERVICE, persistedOpStateExpiryEpochSec: 0}9d98ef2f-7287-42aa-8af9-fb3cbb1a6029{ip: 10.1.0.55, host: fv-az270-581.tacnzluakwdehk1hpragurqkma.bx.internal.cloudapp.net, ports: [REPLICATION=37323, RATIS=32879, RATIS_ADMIN=32879, RATIS_SERVER=32879, STANDALONE=35303], networkLocation: /default-rack, certSerialId: null, persistedOpState: IN_SERVICE, persistedOpStateExpiryEpochSec: 0}, ReplicationConfig: RATIS/THREE, State:ALLOCATED, leaderId:, CreationTimestamp2021-10-16T01:05:31.504Z[Etc/UTC]].
2021-10-16 01:05:31,505 [RatisPipelineUtilsThread - 0] INFO  pipeline.PipelineManagerImpl (PipelineManagerImpl.java:recordMetricsForPipeline(613)) - Pipeline: PipelineID=3495eccd-922a-45d3-8b65-77f10eadf775 contains same datanodes as previous pipelines: PipelineID=68e5b7b6-d454-4337-bdf5-87f1797a8db8 nodeIds: 099ca399-3e3d-4e02-9a52-59ba45faf8b0, fd6a0f59-fdeb-49bf-a199-f6a05cd3e8d0, 9d98ef2f-7287-42aa-8af9-fb3cbb1a6029
2021-10-16 01:05:31,742 [Listener at 127.0.0.1/36205] INFO  ozone.MiniOzoneClusterImpl (MiniOzoneClusterImpl.java:lambda$waitForClusterToBeReady$0(235)) - Waiting for nodes to be ready. Got 9 of 10 DN Heartbeats.
2021-10-16 01:05:31,743 [Listener at 127.0.0.1/36205] INFO  ozone.MiniOzoneClusterImpl (MiniOzoneClusterImpl.java:lambda$waitForClusterToBeReady$0(238)) - Waiting for cluster to exit safe mode
2021-10-16 01:05:31,743 [Listener at 127.0.0.1/36205] INFO  ozone.MiniOzoneClusterImpl (MiniOzoneClusterImpl.java:lambda$waitForClusterToBeReady$0(240)) - SCM became leader
2021-10-16 01:05:31,755 [IPC Server handler 12 on default port 39403] INFO  net.NetworkTopologyImpl (NetworkTopologyImpl.java:add(112)) - Added a new node: /default-rack/c59c0270-13dd-4cb1-8237-362cd898cee9
2021-10-16 01:05:31,756 [IPC Server handler 12 on default port 39403] INFO  node.SCMNodeManager (SCMNodeManager.java:register(389)) - Registered Data node : c59c0270-13dd-4cb1-8237-362cd898cee9{ip: 10.1.0.55, host: fv-az270-581.tacnzluakwdehk1hpragurqkma.bx.internal.cloudapp.net, ports: [REPLICATION=46831, RATIS=42851, RATIS_ADMIN=42851, RATIS_SERVER=42851, STANDALONE=38715], networkLocation: /default-rack, certSerialId: null, persistedOpState: null, persistedOpStateExpiryEpochSec: 0}
2021-10-16 01:05:31,756 [EventQueue-NewNodeForNewNodeHandler] INFO  pipeline.BackgroundPipelineCreator (BackgroundPipelineCreator.java:notifyEventTriggered(285)) - trigger a one-shot run on RatisPipelineUtilsThread.
2021-10-16 01:05:31,757 [RatisPipelineUtilsThread - 0] INFO  pipeline.RatisPipelineProvider (RatisPipelineProvider.java:lambda$create$0(183)) - Sending CreatePipelineCommand for pipeline:PipelineID=ced4b467-1b93-4af9-81de-fb5344425cd8 to datanode:c59c0270-13dd-4cb1-8237-362cd898cee9
2021-10-16 01:05:31,758 [RatisPipelineUtilsThread - 0] INFO  pipeline.PipelineStateManagerImpl (PipelineStateManagerImpl.java:addPipeline(101)) - Created pipeline Pipeline[ Id: ced4b467-1b93-4af9-81de-fb5344425cd8, Nodes: c59c0270-13dd-4cb1-8237-362cd898cee9{ip: 10.1.0.55, host: fv-az270-581.tacnzluakwdehk1hpragurqkma.bx.internal.cloudapp.net, ports: [REPLICATION=46831, RATIS=42851, RATIS_ADMIN=42851, RATIS_SERVER=42851, STANDALONE=38715], networkLocation: /default-rack, certSerialId: null, persistedOpState: IN_SERVICE, persistedOpStateExpiryEpochSec: 0}, ReplicationConfig: RATIS/ONE, State:ALLOCATED, leaderId:, CreationTimestamp2021-10-16T01:05:31.757Z[Etc/UTC]].
2021-10-16 01:05:31,930 [Command processor thread] INFO  server.RaftServer (RaftServerProxy.java:addNew(95)) - b875dbc0-fa4a-4375-91ba-3cc15c85989b: addNew group-CBBE09C61417:[b875dbc0-fa4a-4375-91ba-3cc15c85989b|rpc:10.1.0.55:37245|priority:1] returns group-CBBE09C61417:java.util.concurrent.CompletableFuture@4d479f07[Not completed]
2021-10-16 01:05:31,948 [pool-55-thread-1] INFO  server.RaftServer$Division (RaftServerImpl.java:<init>(181)) - b875dbc0-fa4a-4375-91ba-3cc15c85989b: new RaftServerImpl for group-CBBE09C61417:[b875dbc0-fa4a-4375-91ba-3cc15c85989b|rpc:10.1.0.55:37245|priority:1] with ContainerStateMachine:uninitialized
2021-10-16 01:05:31,949 [pool-55-thread-1] INFO  server.RaftServerConfigKeys (ConfUtils.java:logGet(44)) - raft.server.rpc.timeout.min = 5s (custom)
2021-10-16 01:05:31,949 [pool-55-thread-1] INFO  server.RaftServerConfigKeys (ConfUtils.java:logGet(44)) - raft.server.rpc.timeout.max = 5200ms (custom)
2021-10-16 01:05:31,949 [pool-55-thread-1] INFO  server.RaftServerConfigKeys (ConfUtils.java:logGet(44)) - raft.server.rpc.sleep.time = 25ms (default)
2021-10-16 01:05:31,949 [pool-55-thread-1] INFO  server.RaftServerConfigKeys (ConfUtils.java:logGet(44)) - raft.server.rpc.slowness.timeout = 300000ms (custom)
2021-10-16 01:05:31,949 [pool-55-thread-1] INFO  server.RaftServerConfigKeys (ConfUtils.java:logGet(44)) - raft.server.leaderelection.leader.step-down.wait-time = 10s (default)
2021-10-16 01:05:31,949 [pool-55-thread-1] INFO  server.RaftServerConfigKeys (ConfUtils.java:logGet(44)) - raft.server.sleep.deviation.threshold = 300ms (default)
2021-10-16 01:05:31,949 [pool-55-thread-1] INFO  server.RaftServerConfigKeys (ConfUtils.java:logGet(44)) - raft.server.log.appender.install.snapshot.enabled = false (custom)
2021-10-16 01:05:31,950 [pool-55-thread-1] INFO  server.RaftServer$Division (ServerState.java:<init>(105)) - b875dbc0-fa4a-4375-91ba-3cc15c85989b@group-CBBE09C61417: ConfigurationManager, init=-1: [b875dbc0-fa4a-4375-91ba-3cc15c85989b|rpc:10.1.0.55:37245|priority:1], old=null, confs=<EMPTY_MAP>
2021-10-16 01:05:31,950 [pool-55-thread-1] INFO  server.RaftServerConfigKeys (ConfUtils.java:logGet(44)) - raft.server.storage.dir = [/home/runner/work/ozone/ozone/hadoop-ozone/integration-test/target/test-dir/MiniOzoneClusterImpl-248ee1f4-0f5c-4e53-af87-c176a130d444/datanode-0/data/ratis] (custom)
2021-10-16 01:05:31,950 [pool-55-thread-1] INFO  server.RaftServerConfigKeys (ConfUtils.java:logGet(44)) - raft.server.log.corruption.policy = EXCEPTION (default)
2021-10-16 01:05:31,950 [pool-55-thread-1] INFO  server.RaftServerConfigKeys (ConfUtils.java:logGet(44)) - raft.server.storage.free-space.min = 0MB (=0) (default)
2021-10-16 01:05:31,950 [pool-55-thread-1] INFO  storage.RaftStorageDirectory (RaftStorageDirectoryImpl.java:analyzeStorage(135)) - The storage directory /home/runner/work/ozone/ozone/hadoop-ozone/integration-test/target/test-dir/MiniOzoneClusterImpl-248ee1f4-0f5c-4e53-af87-c176a130d444/datanode-0/data/ratis/abf21746-03f2-4c19-a00f-cbbe09c61417 does not exist. Creating ...
2021-10-16 01:05:31,952 [pool-55-thread-1] INFO  storage.RaftStorageDirectory (RaftStorageDirectoryImpl.java:tryLock(230)) - Lock on /home/runner/work/ozone/ozone/hadoop-ozone/integration-test/target/test-dir/MiniOzoneClusterImpl-248ee1f4-0f5c-4e53-af87-c176a130d444/datanode-0/data/ratis/abf21746-03f2-4c19-a00f-cbbe09c61417/in_use.lock acquired by nodename 12906@fv-az270-581
2021-10-16 01:05:31,954 [pool-55-thread-1] INFO  storage.RaftStorage (RaftStorageImpl.java:format(89)) - Storage directory /home/runner/work/ozone/ozone/hadoop-ozone/integration-test/target/test-dir/MiniOzoneClusterImpl-248ee1f4-0f5c-4e53-af87-c176a130d444/datanode-0/data/ratis/abf21746-03f2-4c19-a00f-cbbe09c61417 has been successfully formatted.
2021-10-16 01:05:31,957 [pool-55-thread-1] INFO  ratis.ContainerStateMachine (ContainerStateMachine.java:loadSnapshot(224)) - group-CBBE09C61417: The snapshot info is null. Setting the last applied indexto:(t:0, i:~)
2021-10-16 01:05:31,957 [pool-55-thread-1] INFO  server.RaftServerConfigKeys (ConfUtils.java:logGet(44)) - raft.server.notification.no-leader.timeout = 300000ms (custom)
2021-10-16 01:05:31,957 [pool-55-thread-1] INFO  server.RaftServerConfigKeys (ConfUtils.java:logGet(44)) - raft.server.log.use.memory = false (default)
2021-10-16 01:05:31,957 [pool-55-thread-1] INFO  server.RaftServerConfigKeys (ConfUtils.java:logGet(44)) - raft.server.log.purge.gap = 1000000 (custom)
2021-10-16 01:05:31,957 [pool-55-thread-1] INFO  server.RaftServerConfigKeys (ConfUtils.java:logGet(44)) - raft.server.log.appender.buffer.byte-limit = 33554432 (custom)
2021-10-16 01:05:31,957 [Datanode State Machine Thread - 0] WARN  statemachine.StateContext (StateContext.java:execute(621)) - No available thread in pool for past 0 seconds.
2021-10-16 01:05:31,958 [pool-55-thread-1] INFO  server.RaftServerConfigKeys (ConfUtils.java:logGet(44)) - raft.server.log.segment.size.max = 1048576 (custom)
2021-10-16 01:05:31,961 [EventQueue-PipelineReportForPipelineReportHandler] INFO  pipeline.PipelineManagerImpl (PipelineManagerImpl.java:openPipeline(282)) - Pipeline Pipeline[ Id: abf21746-03f2-4c19-a00f-cbbe09c61417, Nodes: b875dbc0-fa4a-4375-91ba-3cc15c85989b{ip: 10.1.0.55, host: fv-az270-581.tacnzluakwdehk1hpragurqkma.bx.internal.cloudapp.net, ports: [REPLICATION=40043, RATIS=37245, RATIS_ADMIN=37245, RATIS_SERVER=37245, STANDALONE=39421], networkLocation: /default-rack, certSerialId: null, persistedOpState: IN_SERVICE, persistedOpStateExpiryEpochSec: 0}, ReplicationConfig: RATIS/ONE, State:ALLOCATED, leaderId:b875dbc0-fa4a-4375-91ba-3cc15c85989b, CreationTimestamp2021-10-16T01:05:28.996Z[Etc/UTC]] moved to OPEN state
2021-10-16 01:05:31,961 [pool-55-thread-1] INFO  server.RaftServerConfigKeys (ConfUtils.java:logGet(44)) - raft.server.log.segment.cache.num.max = 2 (custom)
2021-10-16 01:05:31,963 [pool-55-thread-1] INFO  server.RaftServerConfigKeys (ConfUtils.java:logGet(44)) - raft.server.log.segment.cache.size.max = 200MB (=209715200) (default)
2021-10-16 01:05:31,963 [pool-55-thread-1] INFO  segmented.SegmentedRaftLogWorker (SegmentedRaftLogWorker.java:<init>(182)) - new b875dbc0-fa4a-4375-91ba-3cc15c85989b@group-CBBE09C61417-SegmentedRaftLogWorker for RaftStorageImpl:Storage Directory /home/runner/work/ozone/ozone/hadoop-ozone/integration-test/target/test-dir/MiniOzoneClusterImpl-248ee1f4-0f5c-4e53-af87-c176a130d444/datanode-0/data/ratis/abf21746-03f2-4c19-a00f-cbbe09c61417
2021-10-16 01:05:31,963 [pool-55-thread-1] INFO  server.RaftServerConfigKeys (ConfUtils.java:logGet(44)) - raft.server.log.queue.byte-limit = 2147483647 (custom)
2021-10-16 01:05:31,963 [pool-55-thread-1] INFO  server.RaftServerConfigKeys (ConfUtils.java:logGet(44)) - raft.server.log.queue.element-limit = 1024 (custom)
2021-10-16 01:05:31,963 [pool-55-thread-1] INFO  server.RaftServerConfigKeys (ConfUtils.java:logGet(44)) - raft.server.log.segment.size.max = 1048576 (custom)
2021-10-16 01:05:31,964 [pool-55-thread-1] INFO  server.RaftServerConfigKeys (ConfUtils.java:logGet(44)) - raft.server.log.preallocated.size = 16384 (custom)
2021-10-16 01:05:31,964 [pool-55-thread-1] INFO  server.RaftServerConfigKeys (ConfUtils.java:logGet(44)) - raft.server.log.force.sync.num = 128 (default)
2021-10-16 01:05:31,964 [pool-55-thread-1] INFO  server.RaftServerConfigKeys (ConfUtils.java:logGet(44)) - raft.server.log.statemachine.data.sync = true (default)
2021-10-16 01:05:31,964 [pool-55-thread-1] INFO  server.RaftServerConfigKeys (ConfUtils.java:logGet(44)) - raft.server.log.statemachine.data.sync.timeout = 10s (default)
2021-10-16 01:05:31,964 [pool-55-thread-1] INFO  server.RaftServerConfigKeys (ConfUtils.java:logGet(44)) - raft.server.log.statemachine.data.sync.timeout.retry = -1 (default)
2021-10-16 01:05:31,965 [EventQueue-OpenPipelineForHealthyPipelineSafeModeRule] INFO  safemode.SCMSafeModeManager (HealthyPipelineSafeModeRule.java:process(124)) - SCM in safe mode. Healthy pipelines reported count is 0, required healthy pipeline reported count is 1
2021-10-16 01:05:31,968 [pool-55-thread-1] INFO  server.RaftServerConfigKeys (ConfUtils.java:logGet(44)) - raft.server.log.write.buffer.size = 1048576 (custom)
2021-10-16 01:05:31,969 [pool-55-thread-1] INFO  server.RaftServerConfigKeys (ConfUtils.java:logGet(44)) - raft.server.log.statemachine.data.caching.enabled = true (custom)
2021-10-16 01:05:31,969 [pool-55-thread-1] INFO  segmented.SegmentedRaftLogWorker (SegmentedRaftLogWorker.java:lambda$new$0(133)) - b875dbc0-fa4a-4375-91ba-3cc15c85989b@group-CBBE09C61417-SegmentedRaftLogWorker: flushIndex: setUnconditionally 0 -> -1
2021-10-16 01:05:31,969 [pool-55-thread-1] INFO  segmented.SegmentedRaftLogWorker (SegmentedRaftLogWorker.java:lambda$new$0(133)) - b875dbc0-fa4a-4375-91ba-3cc15c85989b@group-CBBE09C61417-SegmentedRaftLogWorker: safeCacheEvictIndex: setUnconditionally 0 -> -1
2021-10-16 01:05:31,970 [pool-55-thread-1] INFO  server.RaftServerConfigKeys (ConfUtils.java:logGet(44)) - raft.server.snapshot.auto.trigger.enabled = true (custom)
2021-10-16 01:05:31,970 [pool-55-thread-1] INFO  server.RaftServerConfigKeys (ConfUtils.java:logGet(44)) - raft.server.snapshot.auto.trigger.threshold = 1 (custom)
2021-10-16 01:05:31,970 [pool-55-thread-1] INFO  server.RaftServerConfigKeys (ConfUtils.java:logGet(44)) - raft.server.snapshot.retention.file.num = 5 (custom)
2021-10-16 01:05:31,970 [pool-55-thread-1] INFO  server.RaftServerConfigKeys (ConfUtils.java:logGet(44)) - raft.server.log.purge.upto.snapshot.index = false (default)
2021-10-16 01:05:31,970 [pool-55-thread-1] INFO  server.RaftServerConfigKeys (ConfUtils.java:logGet(44)) - raft.server.retrycache.expirytime = 600000ms (custom)
2021-10-16 01:05:31,970 [pool-55-thread-1] INFO  server.RaftServerConfigKeys (ConfUtils.java:logGet(44)) - raft.server.retrycache.statistics.expirytime = 100μs (default)
2021-10-16 01:05:31,976 [pool-55-thread-1] INFO  server.RaftServer$Division (RaftServerImpl.java:start(296)) - b875dbc0-fa4a-4375-91ba-3cc15c85989b@group-CBBE09C61417: start as a follower, conf=-1: [b875dbc0-fa4a-4375-91ba-3cc15c85989b|rpc:10.1.0.55:37245|priority:1], old=null
2021-10-16 01:05:31,976 [pool-55-thread-1] INFO  server.RaftServer$Division (RaftServerImpl.java:setRole(285)) - b875dbc0-fa4a-4375-91ba-3cc15c85989b@group-CBBE09C61417: changes role from      null to FOLLOWER at term 0 for startAsFollower
2021-10-16 01:05:31,976 [pool-55-thread-1] INFO  impl.RoleInfo (RoleInfo.java:updateAndGet(130)) - b875dbc0-fa4a-4375-91ba-3cc15c85989b: start b875dbc0-fa4a-4375-91ba-3cc15c85989b@group-CBBE09C61417-FollowerState
2021-10-16 01:05:31,981 [pool-55-thread-1] INFO  util.JmxRegister (JmxRegister.java:tryRegister(44)) - Successfully registered JMX Bean with object name Ratis:service=RaftServer,group=group-CBBE09C61417,id=b875dbc0-fa4a-4375-91ba-3cc15c85989b
2021-10-16 01:05:31,992 [Command processor thread] INFO  ratis.XceiverServerRatis (XceiverServerRatis.java:addGroup(768)) - Created group PipelineID=abf21746-03f2-4c19-a00f-cbbe09c61417
2021-10-16 01:05:31,993 [Command processor thread] INFO  commandhandler.CreatePipelineCommandHandler (CreatePipelineCommandHandler.java:handle(106)) - Created Pipeline RATIS ONE PipelineID=abf21746-03f2-4c19-a00f-cbbe09c61417.
2021-10-16 01:05:31,993 [Command processor thread] INFO  server.RaftServer (RaftServerProxy.java:addNew(95)) - b875dbc0-fa4a-4375-91ba-3cc15c85989b: addNew group-6D649BBCF7BF:[0ad9ea75-306a-4cf7-ba3a-0d6a659ae299|rpc:10.1.0.55:35779|priority:1, b875dbc0-fa4a-4375-91ba-3cc15c85989b|rpc:10.1.0.55:37245|priority:0, 8d52824f-ad79-492b-8fae-12e0fefff0c3|rpc:10.1.0.55:39801|priority:0] returns group-6D649BBCF7BF:java.util.concurrent.CompletableFuture@4de63174[Not completed]
2021-10-16 01:05:31,994 [pool-55-thread-1] INFO  server.RaftServer$Division (RaftServerImpl.java:<init>(181)) - b875dbc0-fa4a-4375-91ba-3cc15c85989b: new RaftServerImpl for group-6D649BBCF7BF:[0ad9ea75-306a-4cf7-ba3a-0d6a659ae299|rpc:10.1.0.55:35779|priority:1, b875dbc0-fa4a-4375-91ba-3cc15c85989b|rpc:10.1.0.55:37245|priority:0, 8d52824f-ad79-492b-8fae-12e0fefff0c3|rpc:10.1.0.55:39801|priority:0] with ContainerStateMachine:uninitialized
2021-10-16 01:05:31,995 [pool-55-thread-1] INFO  server.RaftServerConfigKeys (ConfUtils.java:logGet(44)) - raft.server.rpc.timeout.min = 5s (custom)
2021-10-16 01:05:31,995 [pool-55-thread-1] INFO  server.RaftServerConfigKeys (ConfUtils.java:logGet(44)) - raft.server.rpc.timeout.max = 5200ms (custom)
2021-10-16 01:05:31,995 [pool-55-thread-1] INFO  server.RaftServerConfigKeys (ConfUtils.java:logGet(44)) - raft.server.rpc.sleep.time = 25ms (default)
2021-10-16 01:05:31,995 [pool-55-thread-1] INFO  server.RaftServerConfigKeys (ConfUtils.java:logGet(44)) - raft.server.rpc.slowness.timeout = 300000ms (custom)
2021-10-16 01:05:31,995 [pool-55-thread-1] INFO  server.RaftServerConfigKeys (ConfUtils.java:logGet(44)) - raft.server.leaderelection.leader.step-down.wait-time = 10s (default)
2021-10-16 01:05:31,995 [pool-55-thread-1] INFO  server.RaftServerConfigKeys (ConfUtils.java:logGet(44)) - raft.server.sleep.deviation.threshold = 300ms (default)
2021-10-16 01:05:31,995 [pool-55-thread-1] INFO  server.RaftServerConfigKeys (ConfUtils.java:logGet(44)) - raft.server.log.appender.install.snapshot.enabled = false (custom)
2021-10-16 01:05:31,995 [pool-55-thread-1] INFO  server.RaftServer$Division (ServerState.java:<init>(105)) - b875dbc0-fa4a-4375-91ba-3cc15c85989b@group-6D649BBCF7BF: ConfigurationManager, init=-1: [0ad9ea75-306a-4cf7-ba3a-0d6a659ae299|rpc:10.1.0.55:35779|priority:1, b875dbc0-fa4a-4375-91ba-3cc15c85989b|rpc:10.1.0.55:37245|priority:0, 8d52824f-ad79-492b-8fae-12e0fefff0c3|rpc:10.1.0.55:39801|priority:0], old=null, confs=<EMPTY_MAP>
2021-10-16 01:05:31,996 [pool-55-thread-1] INFO  server.RaftServerConfigKeys (ConfUtils.java:logGet(44)) - raft.server.storage.dir = [/home/runner/work/ozone/ozone/hadoop-ozone/integration-test/target/test-dir/MiniOzoneClusterImpl-248ee1f4-0f5c-4e53-af87-c176a130d444/datanode-0/data/ratis] (custom)
2021-10-16 01:05:31,996 [pool-55-thread-1] INFO  server.RaftServerConfigKeys (ConfUtils.java:logGet(44)) - raft.server.log.corruption.policy = EXCEPTION (default)
2021-10-16 01:05:31,996 [pool-55-thread-1] INFO  server.RaftServerConfigKeys (ConfUtils.java:logGet(44)) - raft.server.storage.free-space.min = 0MB (=0) (default)
2021-10-16 01:05:31,996 [pool-55-thread-1] INFO  storage.RaftStorageDirectory (RaftStorageDirectoryImpl.java:analyzeStorage(135)) - The storage directory /home/runner/work/ozone/ozone/hadoop-ozone/integration-test/target/test-dir/MiniOzoneClusterImpl-248ee1f4-0f5c-4e53-af87-c176a130d444/datanode-0/data/ratis/d1b107aa-4fbd-4663-b259-6d649bbcf7bf does not exist. Creating ...
2021-10-16 01:05:31,997 [pool-55-thread-1] INFO  storage.RaftStorageDirectory (RaftStorageDirectoryImpl.java:tryLock(230)) - Lock on /home/runner/work/ozone/ozone/hadoop-ozone/integration-test/target/test-dir/MiniOzoneClusterImpl-248ee1f4-0f5c-4e53-af87-c176a130d444/datanode-0/data/ratis/d1b107aa-4fbd-4663-b259-6d649bbcf7bf/in_use.lock acquired by nodename 12906@fv-az270-581
2021-10-16 01:05:31,999 [pool-55-thread-1] INFO  storage.RaftStorage (RaftStorageImpl.java:format(89)) - Storage directory /home/runner/work/ozone/ozone/hadoop-ozone/integration-test/target/test-dir/MiniOzoneClusterImpl-248ee1f4-0f5c-4e53-af87-c176a130d444/datanode-0/data/ratis/d1b107aa-4fbd-4663-b259-6d649bbcf7bf has been successfully formatted.
2021-10-16 01:05:32,000 [pool-55-thread-1] INFO  ratis.ContainerStateMachine (ContainerStateMachine.java:loadSnapshot(224)) - group-6D649BBCF7BF: The snapshot info is null. Setting the last applied indexto:(t:0, i:~)
2021-10-16 01:05:32,000 [pool-55-thread-1] INFO  server.RaftServerConfigKeys (ConfUtils.java:logGet(44)) - raft.server.notification.no-leader.timeout = 300000ms (custom)
2021-10-16 01:05:32,000 [pool-55-thread-1] INFO  server.RaftServerConfigKeys (ConfUtils.java:logGet(44)) - raft.server.log.use.memory = false (default)
2021-10-16 01:05:32,000 [pool-55-thread-1] INFO  server.RaftServerConfigKeys (ConfUtils.java:logGet(44)) - raft.server.log.purge.gap = 1000000 (custom)
2021-10-16 01:05:32,000 [pool-55-thread-1] INFO  server.RaftServerConfigKeys (ConfUtils.java:logGet(44)) - raft.server.log.appender.buffer.byte-limit = 33554432 (custom)
2021-10-16 01:05:32,006 [EventQueue-OpenPipelineForHealthyPipelineSafeModeRule] INFO  safemode.SCMSafeModeManager (HealthyPipelineSafeModeRule.java:process(124)) - SCM in safe mode. Healthy pipelines reported count is 0, required healthy pipeline reported count is 1
2021-10-16 01:05:32,009 [pool-55-thread-1] INFO  server.RaftServerConfigKeys (ConfUtils.java:logGet(44)) - raft.server.log.segment.size.max = 1048576 (custom)
2021-10-16 01:05:32,012 [pool-55-thread-1] INFO  server.RaftServerConfigKeys (ConfUtils.java:logGet(44)) - raft.server.log.segment.cache.num.max = 2 (custom)
2021-10-16 01:05:32,012 [pool-55-thread-1] INFO  server.RaftServerConfigKeys (ConfUtils.java:logGet(44)) - raft.server.log.segment.cache.size.max = 200MB (=209715200) (default)
2021-10-16 01:05:32,012 [pool-55-thread-1] INFO  segmented.SegmentedRaftLogWorker (SegmentedRaftLogWorker.java:<init>(182)) - new b875dbc0-fa4a-4375-91ba-3cc15c85989b@group-6D649BBCF7BF-SegmentedRaftLogWorker for RaftStorageImpl:Storage Directory /home/runner/work/ozone/ozone/hadoop-ozone/integration-test/target/test-dir/MiniOzoneClusterImpl-248ee1f4-0f5c-4e53-af87-c176a130d444/datanode-0/data/ratis/d1b107aa-4fbd-4663-b259-6d649bbcf7bf
2021-10-16 01:05:32,012 [pool-55-thread-1] INFO  server.RaftServerConfigKeys (ConfUtils.java:logGet(44)) - raft.server.log.queue.byte-limit = 2147483647 (custom)
2021-10-16 01:05:32,013 [pool-55-thread-1] INFO  server.RaftServerConfigKeys (ConfUtils.java:logGet(44)) - raft.server.log.queue.element-limit = 1024 (custom)
2021-10-16 01:05:32,013 [pool-55-thread-1] INFO  server.RaftServerConfigKeys (ConfUtils.java:logGet(44)) - raft.server.log.segment.size.max = 1048576 (custom)
2021-10-16 01:05:32,013 [pool-55-thread-1] INFO  server.RaftServerConfigKeys (ConfUtils.java:logGet(44)) - raft.server.log.preallocated.size = 16384 (custom)
2021-10-16 01:05:32,013 [pool-55-thread-1] INFO  server.RaftServerConfigKeys (ConfUtils.java:logGet(44)) - raft.server.log.force.sync.num = 128 (default)
2021-10-16 01:05:32,013 [pool-55-thread-1] INFO  server.RaftServerConfigKeys (ConfUtils.java:logGet(44)) - raft.server.log.statemachine.data.sync = true (default)
2021-10-16 01:05:32,013 [pool-55-thread-1] INFO  server.RaftServerConfigKeys (ConfUtils.java:logGet(44)) - raft.server.log.statemachine.data.sync.timeout = 10s (default)
2021-10-16 01:05:32,013 [pool-55-thread-1] INFO  server.RaftServerConfigKeys (ConfUtils.java:logGet(44)) - raft.server.log.statemachine.data.sync.timeout.retry = -1 (default)
2021-10-16 01:05:32,017 [pool-55-thread-1] INFO  server.RaftServerConfigKeys (ConfUtils.java:logGet(44)) - raft.server.log.write.buffer.size = 1048576 (custom)
2021-10-16 01:05:32,018 [pool-55-thread-1] INFO  server.RaftServerConfigKeys (ConfUtils.java:logGet(44)) - raft.server.log.statemachine.data.caching.enabled = true (custom)
2021-10-16 01:05:32,019 [pool-55-thread-1] INFO  segmented.SegmentedRaftLogWorker (SegmentedRaftLogWorker.java:lambda$new$0(133)) - b875dbc0-fa4a-4375-91ba-3cc15c85989b@group-6D649BBCF7BF-SegmentedRaftLogWorker: flushIndex: setUnconditionally 0 -> -1
2021-10-16 01:05:32,019 [pool-55-thread-1] INFO  segmented.SegmentedRaftLogWorker (SegmentedRaftLogWorker.java:lambda$new$0(133)) - b875dbc0-fa4a-4375-91ba-3cc15c85989b@group-6D649BBCF7BF-SegmentedRaftLogWorker: safeCacheEvictIndex: setUnconditionally 0 -> -1
2021-10-16 01:05:32,024 [pool-55-thread-1] INFO  server.RaftServerConfigKeys (ConfUtils.java:logGet(44)) - raft.server.snapshot.auto.trigger.enabled = true (custom)
2021-10-16 01:05:32,024 [pool-55-thread-1] INFO  server.RaftServerConfigKeys (ConfUtils.java:logGet(44)) - raft.server.snapshot.auto.trigger.threshold = 1 (custom)
2021-10-16 01:05:32,024 [pool-55-thread-1] INFO  server.RaftServerConfigKeys (ConfUtils.java:logGet(44)) - raft.server.snapshot.retention.file.num = 5 (custom)
2021-10-16 01:05:32,024 [pool-55-thread-1] INFO  server.RaftServerConfigKeys (ConfUtils.java:logGet(44)) - raft.server.log.purge.upto.snapshot.index = false (default)
2021-10-16 01:05:32,024 [pool-55-thread-1] INFO  server.RaftServerConfigKeys (ConfUtils.java:logGet(44)) - raft.server.retrycache.expirytime = 600000ms (custom)
2021-10-16 01:05:32,025 [pool-55-thread-1] INFO  server.RaftServerConfigKeys (ConfUtils.java:logGet(44)) - raft.server.retrycache.statistics.expirytime = 100μs (default)
2021-10-16 01:05:32,029 [pool-55-thread-1] INFO  server.RaftServer$Division (RaftServerImpl.java:start(296)) - b875dbc0-fa4a-4375-91ba-3cc15c85989b@group-6D649BBCF7BF: start as a follower, conf=-1: [0ad9ea75-306a-4cf7-ba3a-0d6a659ae299|rpc:10.1.0.55:35779|priority:1, b875dbc0-fa4a-4375-91ba-3cc15c85989b|rpc:10.1.0.55:37245|priority:0, 8d52824f-ad79-492b-8fae-12e0fefff0c3|rpc:10.1.0.55:39801|priority:0], old=null
2021-10-16 01:05:32,029 [pool-55-thread-1] INFO  server.RaftServer$Division (RaftServerImpl.java:setRole(285)) - b875dbc0-fa4a-4375-91ba-3cc15c85989b@group-6D649BBCF7BF: changes role from      null to FOLLOWER at term 0 for startAsFollower
2021-10-16 01:05:32,029 [pool-55-thread-1] INFO  impl.RoleInfo (RoleInfo.java:updateAndGet(130)) - b875dbc0-fa4a-4375-91ba-3cc15c85989b: start b875dbc0-fa4a-4375-91ba-3cc15c85989b@group-6D649BBCF7BF-FollowerState
2021-10-16 01:05:32,030 [pool-55-thread-1] INFO  util.JmxRegister (JmxRegister.java:tryRegister(44)) - Successfully registered JMX Bean with object name Ratis:service=RaftServer,group=group-6D649BBCF7BF,id=b875dbc0-fa4a-4375-91ba-3cc15c85989b
2021-10-16 01:05:32,034 [Command processor thread] INFO  ratis.XceiverServerRatis (XceiverServerRatis.java:addGroup(768)) - Created group PipelineID=d1b107aa-4fbd-4663-b259-6d649bbcf7bf
2021-10-16 01:05:32,404 [EventQueue-OpenPipelineForHealthyPipelineSafeModeRule] INFO  safemode.SCMSafeModeManager (HealthyPipelineSafeModeRule.java:process(124)) - SCM in safe mode. Healthy pipelines reported count is 0, required healthy pipeline reported count is 1
2021-10-16 01:05:32,604 [EventQueue-OpenPipelineForHealthyPipelineSafeModeRule] INFO  safemode.SCMSafeModeManager (HealthyPipelineSafeModeRule.java:process(124)) - SCM in safe mode. Healthy pipelines reported count is 0, required healthy pipeline reported count is 1
2021-10-16 01:05:32,633 [Command processor thread] INFO  server.RaftServer (RaftServerProxy.java:addNew(95)) - 0ad9ea75-306a-4cf7-ba3a-0d6a659ae299: addNew group-433DF96091D7:[0ad9ea75-306a-4cf7-ba3a-0d6a659ae299|rpc:10.1.0.55:35779|priority:1] returns group-433DF96091D7:java.util.concurrent.CompletableFuture@2df8b10c[Not completed]
2021-10-16 01:05:32,636 [pool-74-thread-1] INFO  server.RaftServer$Division (RaftServerImpl.java:<init>(181)) - 0ad9ea75-306a-4cf7-ba3a-0d6a659ae299: new RaftServerImpl for group-433DF96091D7:[0ad9ea75-306a-4cf7-ba3a-0d6a659ae299|rpc:10.1.0.55:35779|priority:1] with ContainerStateMachine:uninitialized
2021-10-16 01:05:32,636 [pool-74-thread-1] INFO  server.RaftServerConfigKeys (ConfUtils.java:logGet(44)) - raft.server.rpc.timeout.min = 5s (custom)
2021-10-16 01:05:32,637 [pool-74-thread-1] INFO  server.RaftServerConfigKeys (ConfUtils.java:logGet(44)) - raft.server.rpc.timeout.max = 5200ms (custom)
2021-10-16 01:05:32,637 [pool-74-thread-1] INFO  server.RaftServerConfigKeys (ConfUtils.java:logGet(44)) - raft.server.rpc.sleep.time = 25ms (default)
2021-10-16 01:05:32,637 [pool-74-thread-1] INFO  server.RaftServerConfigKeys (ConfUtils.java:logGet(44)) - raft.server.rpc.slowness.timeout = 300000ms (custom)
2021-10-16 01:05:32,637 [pool-74-thread-1] INFO  server.RaftServerConfigKeys (ConfUtils.java:logGet(44)) - raft.server.leaderelection.leader.step-down.wait-time = 10s (default)
2021-10-16 01:05:32,637 [pool-74-thread-1] INFO  server.RaftServerConfigKeys (ConfUtils.java:logGet(44)) - raft.server.sleep.deviation.threshold = 300ms (default)
2021-10-16 01:05:32,637 [pool-74-thread-1] INFO  server.RaftServerConfigKeys (ConfUtils.java:logGet(44)) - raft.server.log.appender.install.snapshot.enabled = false (custom)
2021-10-16 01:05:32,637 [pool-74-thread-1] INFO  server.RaftServer$Division (ServerState.java:<init>(105)) - 0ad9ea75-306a-4cf7-ba3a-0d6a659ae299@group-433DF96091D7: ConfigurationManager, init=-1: [0ad9ea75-306a-4cf7-ba3a-0d6a659ae299|rpc:10.1.0.55:35779|priority:1], old=null, confs=<EMPTY_MAP>
2021-10-16 01:05:32,637 [pool-74-thread-1] INFO  server.RaftServerConfigKeys (ConfUtils.java:logGet(44)) - raft.server.storage.dir = [/home/runner/work/ozone/ozone/hadoop-ozone/integration-test/target/test-dir/MiniOzoneClusterImpl-248ee1f4-0f5c-4e53-af87-c176a130d444/datanode-1/data/ratis] (custom)
2021-10-16 01:05:32,641 [pool-74-thread-1] INFO  server.RaftServerConfigKeys (ConfUtils.java:logGet(44)) - raft.server.log.corruption.policy = EXCEPTION (default)
2021-10-16 01:05:32,651 [pool-74-thread-1] INFO  server.RaftServerConfigKeys (ConfUtils.java:logGet(44)) - raft.server.storage.free-space.min = 0MB (=0) (default)
2021-10-16 01:05:32,651 [pool-74-thread-1] INFO  storage.RaftStorageDirectory (RaftStorageDirectoryImpl.java:analyzeStorage(135)) - The storage directory /home/runner/work/ozone/ozone/hadoop-ozone/integration-test/target/test-dir/MiniOzoneClusterImpl-248ee1f4-0f5c-4e53-af87-c176a130d444/datanode-1/data/ratis/2dbee468-24ca-4be6-b834-433df96091d7 does not exist. Creating ...
2021-10-16 01:05:32,653 [pool-74-thread-1] INFO  storage.RaftStorageDirectory (RaftStorageDirectoryImpl.java:tryLock(230)) - Lock on /home/runner/work/ozone/ozone/hadoop-ozone/integration-test/target/test-dir/MiniOzoneClusterImpl-248ee1f4-0f5c-4e53-af87-c176a130d444/datanode-1/data/ratis/2dbee468-24ca-4be6-b834-433df96091d7/in_use.lock acquired by nodename 12906@fv-az270-581
2021-10-16 01:05:32,658 [pool-74-thread-1] INFO  storage.RaftStorage (RaftStorageImpl.java:format(89)) - Storage directory /home/runner/work/ozone/ozone/hadoop-ozone/integration-test/target/test-dir/MiniOzoneClusterImpl-248ee1f4-0f5c-4e53-af87-c176a130d444/datanode-1/data/ratis/2dbee468-24ca-4be6-b834-433df96091d7 has been successfully formatted.
2021-10-16 01:05:32,688 [EventQueue-PipelineReportForPipelineReportHandler] INFO  pipeline.PipelineManagerImpl (PipelineManagerImpl.java:openPipeline(282)) - Pipeline Pipeline[ Id: 2dbee468-24ca-4be6-b834-433df96091d7, Nodes: 0ad9ea75-306a-4cf7-ba3a-0d6a659ae299{ip: 10.1.0.55, host: fv-az270-581.tacnzluakwdehk1hpragurqkma.bx.internal.cloudapp.net, ports: [REPLICATION=34155, RATIS=35779, RATIS_ADMIN=35779, RATIS_SERVER=35779, STANDALONE=42831], networkLocation: /default-rack, certSerialId: null, persistedOpState: IN_SERVICE, persistedOpStateExpiryEpochSec: 0}, ReplicationConfig: RATIS/ONE, State:ALLOCATED, leaderId:0ad9ea75-306a-4cf7-ba3a-0d6a659ae299, CreationTimestamp2021-10-16T01:05:29.616Z[Etc/UTC]] moved to OPEN state
2021-10-16 01:05:32,689 [EventQueue-OpenPipelineForHealthyPipelineSafeModeRule] INFO  safemode.SCMSafeModeManager (HealthyPipelineSafeModeRule.java:process(124)) - SCM in safe mode. Healthy pipelines reported count is 0, required healthy pipeline reported count is 1
2021-10-16 01:05:32,677 [pool-74-thread-1] INFO  ratis.ContainerStateMachine (ContainerStateMachine.java:loadSnapshot(224)) - group-433DF96091D7: The snapshot info is null. Setting the last applied indexto:(t:0, i:~)
2021-10-16 01:05:32,698 [pool-74-thread-1] INFO  server.RaftServerConfigKeys (ConfUtils.java:logGet(44)) - raft.server.notification.no-leader.timeout = 300000ms (custom)
2021-10-16 01:05:32,698 [pool-74-thread-1] INFO  server.RaftServerConfigKeys (ConfUtils.java:logGet(44)) - raft.server.log.use.memory = false (default)
2021-10-16 01:05:32,698 [pool-74-thread-1] INFO  server.RaftServerConfigKeys (ConfUtils.java:logGet(44)) - raft.server.log.purge.gap = 1000000 (custom)
2021-10-16 01:05:32,698 [pool-74-thread-1] INFO  server.RaftServerConfigKeys (ConfUtils.java:logGet(44)) - raft.server.log.appender.buffer.byte-limit = 33554432 (custom)
2021-10-16 01:05:32,699 [pool-74-thread-1] INFO  server.RaftServerConfigKeys (ConfUtils.java:logGet(44)) - raft.server.log.segment.size.max = 1048576 (custom)
2021-10-16 01:05:32,677 [Datanode State Machine Thread - 0] WARN  statemachine.StateContext (StateContext.java:execute(621)) - No available thread in pool for past 0 seconds.
2021-10-16 01:05:32,700 [pool-74-thread-1] INFO  server.RaftServerConfigKeys (ConfUtils.java:logGet(44)) - raft.server.log.segment.cache.num.max = 2 (custom)
2021-10-16 01:05:32,700 [pool-74-thread-1] INFO  server.RaftServerConfigKeys (ConfUtils.java:logGet(44)) - raft.server.log.segment.cache.size.max = 200MB (=209715200) (default)
2021-10-16 01:05:32,700 [pool-74-thread-1] INFO  segmented.SegmentedRaftLogWorker (SegmentedRaftLogWorker.java:<init>(182)) - new 0ad9ea75-306a-4cf7-ba3a-0d6a659ae299@group-433DF96091D7-SegmentedRaftLogWorker for RaftStorageImpl:Storage Directory /home/runner/work/ozone/ozone/hadoop-ozone/integration-test/target/test-dir/MiniOzoneClusterImpl-248ee1f4-0f5c-4e53-af87-c176a130d444/datanode-1/data/ratis/2dbee468-24ca-4be6-b834-433df96091d7
2021-10-16 01:05:32,700 [pool-74-thread-1] INFO  server.RaftServerConfigKeys (ConfUtils.java:logGet(44)) - raft.server.log.queue.byte-limit = 2147483647 (custom)
2021-10-16 01:05:32,701 [pool-74-thread-1] INFO  server.RaftServerConfigKeys (ConfUtils.java:logGet(44)) - raft.server.log.queue.element-limit = 1024 (custom)
2021-10-16 01:05:32,701 [pool-74-thread-1] INFO  server.RaftServerConfigKeys (ConfUtils.java:logGet(44)) - raft.server.log.segment.size.max = 1048576 (custom)
2021-10-16 01:05:32,701 [pool-74-thread-1] INFO  server.RaftServerConfigKeys (ConfUtils.java:logGet(44)) - raft.server.log.preallocated.size = 16384 (custom)
2021-10-16 01:05:32,701 [pool-74-thread-1] INFO  server.RaftServerConfigKeys (ConfUtils.java:logGet(44)) - raft.server.log.force.sync.num = 128 (default)
2021-10-16 01:05:32,701 [pool-74-thread-1] INFO  server.RaftServerConfigKeys (ConfUtils.java:logGet(44)) - raft.server.log.statemachine.data.sync = true (default)
2021-10-16 01:05:32,701 [pool-74-thread-1] INFO  server.RaftServerConfigKeys (ConfUtils.java:logGet(44)) - raft.server.log.statemachine.data.sync.timeout = 10s (default)
2021-10-16 01:05:32,701 [pool-74-thread-1] INFO  server.RaftServerConfigKeys (ConfUtils.java:logGet(44)) - raft.server.log.statemachine.data.sync.timeout.retry = -1 (default)
2021-10-16 01:05:32,703 [pool-74-thread-1] INFO  server.RaftServerConfigKeys (ConfUtils.java:logGet(44)) - raft.server.log.write.buffer.size = 1048576 (custom)
2021-10-16 01:05:32,709 [pool-74-thread-1] INFO  server.RaftServerConfigKeys (ConfUtils.java:logGet(44)) - raft.server.log.statemachine.data.caching.enabled = true (custom)
2021-10-16 01:05:32,709 [pool-74-thread-1] INFO  segmented.SegmentedRaftLogWorker (SegmentedRaftLogWorker.java:lambda$new$0(133)) - 0ad9ea75-306a-4cf7-ba3a-0d6a659ae299@group-433DF96091D7-SegmentedRaftLogWorker: flushIndex: setUnconditionally 0 -> -1
2021-10-16 01:05:32,709 [pool-74-thread-1] INFO  segmented.SegmentedRaftLogWorker (SegmentedRaftLogWorker.java:lambda$new$0(133)) - 0ad9ea75-306a-4cf7-ba3a-0d6a659ae299@group-433DF96091D7-SegmentedRaftLogWorker: safeCacheEvictIndex: setUnconditionally 0 -> -1
2021-10-16 01:05:32,710 [pool-74-thread-1] INFO  server.RaftServerConfigKeys (ConfUtils.java:logGet(44)) - raft.server.snapshot.auto.trigger.enabled = true (custom)
2021-10-16 01:05:32,710 [pool-74-thread-1] INFO  server.RaftServerConfigKeys (ConfUtils.java:logGet(44)) - raft.server.snapshot.auto.trigger.threshold = 1 (custom)
2021-10-16 01:05:32,710 [pool-74-thread-1] INFO  server.RaftServerConfigKeys (ConfUtils.java:logGet(44)) - raft.server.snapshot.retention.file.num = 5 (custom)
2021-10-16 01:05:32,710 [pool-74-thread-1] INFO  server.RaftServerConfigKeys (ConfUtils.java:logGet(44)) - raft.server.log.purge.upto.snapshot.index = false (default)
2021-10-16 01:05:32,710 [pool-74-thread-1] INFO  server.RaftServerConfigKeys (ConfUtils.java:logGet(44)) - raft.server.retrycache.expirytime = 600000ms (custom)
2021-10-16 01:05:32,710 [pool-74-thread-1] INFO  server.RaftServerConfigKeys (ConfUtils.java:logGet(44)) - raft.server.retrycache.statistics.expirytime = 100μs (default)
2021-10-16 01:05:32,713 [pool-74-thread-1] INFO  server.RaftServer$Division (RaftServerImpl.java:start(296)) - 0ad9ea75-306a-4cf7-ba3a-0d6a659ae299@group-433DF96091D7: start as a follower, conf=-1: [0ad9ea75-306a-4cf7-ba3a-0d6a659ae299|rpc:10.1.0.55:35779|priority:1], old=null
2021-10-16 01:05:32,713 [pool-74-thread-1] INFO  server.RaftServer$Division (RaftServerImpl.java:setRole(285)) - 0ad9ea75-306a-4cf7-ba3a-0d6a659ae299@group-433DF96091D7: changes role from      null to FOLLOWER at term 0 for startAsFollower
2021-10-16 01:05:32,713 [pool-74-thread-1] INFO  impl.RoleInfo (RoleInfo.java:updateAndGet(130)) - 0ad9ea75-306a-4cf7-ba3a-0d6a659ae299: start 0ad9ea75-306a-4cf7-ba3a-0d6a659ae299@group-433DF96091D7-FollowerState
2021-10-16 01:05:32,719 [pool-74-thread-1] INFO  util.JmxRegister (JmxRegister.java:tryRegister(44)) - Successfully registered JMX Bean with object name Ratis:service=RaftServer,group=group-433DF96091D7,id=0ad9ea75-306a-4cf7-ba3a-0d6a659ae299
2021-10-16 01:05:32,720 [Command processor thread] INFO  ratis.XceiverServerRatis (XceiverServerRatis.java:addGroup(768)) - Created group PipelineID=2dbee468-24ca-4be6-b834-433df96091d7
2021-10-16 01:05:32,720 [Command processor thread] INFO  commandhandler.CreatePipelineCommandHandler (CreatePipelineCommandHandler.java:handle(106)) - Created Pipeline RATIS ONE PipelineID=2dbee468-24ca-4be6-b834-433df96091d7.
2021-10-16 01:05:32,721 [Command processor thread] INFO  server.RaftServer (RaftServerProxy.java:addNew(95)) - 0ad9ea75-306a-4cf7-ba3a-0d6a659ae299: addNew group-6D649BBCF7BF:[0ad9ea75-306a-4cf7-ba3a-0d6a659ae299|rpc:10.1.0.55:35779|priority:1, b875dbc0-fa4a-4375-91ba-3cc15c85989b|rpc:10.1.0.55:37245|priority:0, 8d52824f-ad79-492b-8fae-12e0fefff0c3|rpc:10.1.0.55:39801|priority:0] returns group-6D649BBCF7BF:java.util.concurrent.CompletableFuture@29c7306b[Not completed]
2021-10-16 01:05:32,722 [pool-74-thread-1] INFO  server.RaftServer$Division (RaftServerImpl.java:<init>(181)) - 0ad9ea75-306a-4cf7-ba3a-0d6a659ae299: new RaftServerImpl for group-6D649BBCF7BF:[0ad9ea75-306a-4cf7-ba3a-0d6a659ae299|rpc:10.1.0.55:35779|priority:1, b875dbc0-fa4a-4375-91ba-3cc15c85989b|rpc:10.1.0.55:37245|priority:0, 8d52824f-ad79-492b-8fae-12e0fefff0c3|rpc:10.1.0.55:39801|priority:0] with ContainerStateMachine:uninitialized
2021-10-16 01:05:32,722 [pool-74-thread-1] INFO  server.RaftServerConfigKeys (ConfUtils.java:logGet(44)) - raft.server.rpc.timeout.min = 5s (custom)
2021-10-16 01:05:32,722 [pool-74-thread-1] INFO  server.RaftServerConfigKeys (ConfUtils.java:logGet(44)) - raft.server.rpc.timeout.max = 5200ms (custom)
2021-10-16 01:05:32,723 [pool-74-thread-1] INFO  server.RaftServerConfigKeys (ConfUtils.java:logGet(44)) - raft.server.rpc.sleep.time = 25ms (default)
2021-10-16 01:05:32,723 [pool-74-thread-1] INFO  server.RaftServerConfigKeys (ConfUtils.java:logGet(44)) - raft.server.rpc.slowness.timeout = 300000ms (custom)
2021-10-16 01:05:32,723 [pool-74-thread-1] INFO  server.RaftServerConfigKeys (ConfUtils.java:logGet(44)) - raft.server.leaderelection.leader.step-down.wait-time = 10s (default)
2021-10-16 01:05:32,723 [pool-74-thread-1] INFO  server.RaftServerConfigKeys (ConfUtils.java:logGet(44)) - raft.server.sleep.deviation.threshold = 300ms (default)
2021-10-16 01:05:32,723 [pool-74-thread-1] INFO  server.RaftServerConfigKeys (ConfUtils.java:logGet(44)) - raft.server.log.appender.install.snapshot.enabled = false (custom)
2021-10-16 01:05:32,723 [pool-74-thread-1] INFO  server.RaftServer$Division (ServerState.java:<init>(105)) - 0ad9ea75-306a-4cf7-ba3a-0d6a659ae299@group-6D649BBCF7BF: ConfigurationManager, init=-1: [0ad9ea75-306a-4cf7-ba3a-0d6a659ae299|rpc:10.1.0.55:35779|priority:1, b875dbc0-fa4a-4375-91ba-3cc15c85989b|rpc:10.1.0.55:37245|priority:0, 8d52824f-ad79-492b-8fae-12e0fefff0c3|rpc:10.1.0.55:39801|priority:0], old=null, confs=<EMPTY_MAP>
2021-10-16 01:05:32,723 [pool-74-thread-1] INFO  server.RaftServerConfigKeys (ConfUtils.java:logGet(44)) - raft.server.storage.dir = [/home/runner/work/ozone/ozone/hadoop-ozone/integration-test/target/test-dir/MiniOzoneClusterImpl-248ee1f4-0f5c-4e53-af87-c176a130d444/datanode-1/data/ratis] (custom)
2021-10-16 01:05:32,723 [pool-74-thread-1] INFO  server.RaftServerConfigKeys (ConfUtils.java:logGet(44)) - raft.server.log.corruption.policy = EXCEPTION (default)
2021-10-16 01:05:32,723 [pool-74-thread-1] INFO  server.RaftServerConfigKeys (ConfUtils.java:logGet(44)) - raft.server.storage.free-space.min = 0MB (=0) (default)
2021-10-16 01:05:32,723 [pool-74-thread-1] INFO  storage.RaftStorageDirectory (RaftStorageDirectoryImpl.java:analyzeStorage(135)) - The storage directory /home/runner/work/ozone/ozone/hadoop-ozone/integration-test/target/test-dir/MiniOzoneClusterImpl-248ee1f4-0f5c-4e53-af87-c176a130d444/datanode-1/data/ratis/d1b107aa-4fbd-4663-b259-6d649bbcf7bf does not exist. Creating ...
2021-10-16 01:05:32,726 [pool-74-thread-1] INFO  storage.RaftStorageDirectory (RaftStorageDirectoryImpl.java:tryLock(230)) - Lock on /home/runner/work/ozone/ozone/hadoop-ozone/integration-test/target/test-dir/MiniOzoneClusterImpl-248ee1f4-0f5c-4e53-af87-c176a130d444/datanode-1/data/ratis/d1b107aa-4fbd-4663-b259-6d649bbcf7bf/in_use.lock acquired by nodename 12906@fv-az270-581
2021-10-16 01:05:32,729 [pool-74-thread-1] INFO  storage.RaftStorage (RaftStorageImpl.java:format(89)) - Storage directory /home/runner/work/ozone/ozone/hadoop-ozone/integration-test/target/test-dir/MiniOzoneClusterImpl-248ee1f4-0f5c-4e53-af87-c176a130d444/datanode-1/data/ratis/d1b107aa-4fbd-4663-b259-6d649bbcf7bf has been successfully formatted.
2021-10-16 01:05:32,730 [Datanode State Machine Thread - 0] WARN  statemachine.StateContext (StateContext.java:execute(621)) - No available thread in pool for past 0 seconds.
2021-10-16 01:05:32,730 [pool-74-thread-1] INFO  ratis.ContainerStateMachine (ContainerStateMachine.java:loadSnapshot(224)) - group-6D649BBCF7BF: The snapshot info is null. Setting the last applied indexto:(t:0, i:~)
2021-10-16 01:05:32,730 [pool-74-thread-1] INFO  server.RaftServerConfigKeys (ConfUtils.java:logGet(44)) - raft.server.notification.no-leader.timeout = 300000ms (custom)
2021-10-16 01:05:32,730 [pool-74-thread-1] INFO  server.RaftServerConfigKeys (ConfUtils.java:logGet(44)) - raft.server.log.use.memory = false (default)
2021-10-16 01:05:32,730 [pool-74-thread-1] INFO  server.RaftServerConfigKeys (ConfUtils.java:logGet(44)) - raft.server.log.purge.gap = 1000000 (custom)
2021-10-16 01:05:32,731 [pool-74-thread-1] INFO  server.RaftServerConfigKeys (ConfUtils.java:logGet(44)) - raft.server.log.appender.buffer.byte-limit = 33554432 (custom)
2021-10-16 01:05:32,731 [pool-74-thread-1] INFO  server.RaftServerConfigKeys (ConfUtils.java:logGet(44)) - raft.server.log.segment.size.max = 1048576 (custom)
2021-10-16 01:05:32,732 [pool-74-thread-1] INFO  server.RaftServerConfigKeys (ConfUtils.java:logGet(44)) - raft.server.log.segment.cache.num.max = 2 (custom)
2021-10-16 01:05:32,732 [pool-74-thread-1] INFO  server.RaftServerConfigKeys (ConfUtils.java:logGet(44)) - raft.server.log.segment.cache.size.max = 200MB (=209715200) (default)
2021-10-16 01:05:32,732 [pool-74-thread-1] INFO  segmented.SegmentedRaftLogWorker (SegmentedRaftLogWorker.java:<init>(182)) - new 0ad9ea75-306a-4cf7-ba3a-0d6a659ae299@group-6D649BBCF7BF-SegmentedRaftLogWorker for RaftStorageImpl:Storage Directory /home/runner/work/ozone/ozone/hadoop-ozone/integration-test/target/test-dir/MiniOzoneClusterImpl-248ee1f4-0f5c-4e53-af87-c176a130d444/datanode-1/data/ratis/d1b107aa-4fbd-4663-b259-6d649bbcf7bf
2021-10-16 01:05:32,732 [pool-74-thread-1] INFO  server.RaftServerConfigKeys (ConfUtils.java:logGet(44)) - raft.server.log.queue.byte-limit = 2147483647 (custom)
2021-10-16 01:05:32,732 [EventQueue-OpenPipelineForHealthyPipelineSafeModeRule] INFO  safemode.SCMSafeModeManager (HealthyPipelineSafeModeRule.java:process(124)) - SCM in safe mode. Healthy pipelines reported count is 0, required healthy pipeline reported count is 1
2021-10-16 01:05:32,732 [pool-74-thread-1] INFO  server.RaftServerConfigKeys (ConfUtils.java:logGet(44)) - raft.server.log.queue.element-limit = 1024 (custom)
2021-10-16 01:05:32,733 [pool-74-thread-1] INFO  server.RaftServerConfigKeys (ConfUtils.java:logGet(44)) - raft.server.log.segment.size.max = 1048576 (custom)
2021-10-16 01:05:32,733 [pool-74-thread-1] INFO  server.RaftServerConfigKeys (ConfUtils.java:logGet(44)) - raft.server.log.preallocated.size = 16384 (custom)
2021-10-16 01:05:32,733 [pool-74-thread-1] INFO  server.RaftServerConfigKeys (ConfUtils.java:logGet(44)) - raft.server.log.force.sync.num = 128 (default)
2021-10-16 01:05:32,733 [pool-74-thread-1] INFO  server.RaftServerConfigKeys (ConfUtils.java:logGet(44)) - raft.server.log.statemachine.data.sync = true (default)
2021-10-16 01:05:32,733 [pool-74-thread-1] INFO  server.RaftServerConfigKeys (ConfUtils.java:logGet(44)) - raft.server.log.statemachine.data.sync.timeout = 10s (default)
2021-10-16 01:05:32,733 [pool-74-thread-1] INFO  server.RaftServerConfigKeys (ConfUtils.java:logGet(44)) - raft.server.log.statemachine.data.sync.timeout.retry = -1 (default)
2021-10-16 01:05:32,735 [pool-74-thread-1] INFO  server.RaftServerConfigKeys (ConfUtils.java:logGet(44)) - raft.server.log.write.buffer.size = 1048576 (custom)
2021-10-16 01:05:32,736 [pool-74-thread-1] INFO  server.RaftServerConfigKeys (ConfUtils.java:logGet(44)) - raft.server.log.statemachine.data.caching.enabled = true (custom)
2021-10-16 01:05:32,736 [pool-74-thread-1] INFO  segmented.SegmentedRaftLogWorker (SegmentedRaftLogWorker.java:lambda$new$0(133)) - 0ad9ea75-306a-4cf7-ba3a-0d6a659ae299@group-6D649BBCF7BF-SegmentedRaftLogWorker: flushIndex: setUnconditionally 0 -> -1
2021-10-16 01:05:32,736 [pool-74-thread-1] INFO  segmented.SegmentedRaftLogWorker (SegmentedRaftLogWorker.java:lambda$new$0(133)) - 0ad9ea75-306a-4cf7-ba3a-0d6a659ae299@group-6D649BBCF7BF-SegmentedRaftLogWorker: safeCacheEvictIndex: setUnconditionally 0 -> -1
2021-10-16 01:05:32,743 [Listener at 127.0.0.1/36205] INFO  ozone.MiniOzoneClusterImpl (MiniOzoneClusterImpl.java:lambda$waitForClusterToBeReady$0(235)) - Nodes are ready. Got 10 of 10 DN Heartbeats.
2021-10-16 01:05:32,744 [Listener at 127.0.0.1/36205] INFO  ozone.MiniOzoneClusterImpl (MiniOzoneClusterImpl.java:lambda$waitForClusterToBeReady$0(238)) - Waiting for cluster to exit safe mode
2021-10-16 01:05:32,744 [Listener at 127.0.0.1/36205] INFO  ozone.MiniOzoneClusterImpl (MiniOzoneClusterImpl.java:lambda$waitForClusterToBeReady$0(240)) - SCM became leader
2021-10-16 01:05:32,745 [pool-74-thread-1] INFO  server.RaftServerConfigKeys (ConfUtils.java:logGet(44)) - raft.server.snapshot.auto.trigger.enabled = true (custom)
2021-10-16 01:05:32,745 [pool-74-thread-1] INFO  server.RaftServerConfigKeys (ConfUtils.java:logGet(44)) - raft.server.snapshot.auto.trigger.threshold = 1 (custom)
2021-10-16 01:05:32,745 [pool-74-thread-1] INFO  server.RaftServerConfigKeys (ConfUtils.java:logGet(44)) - raft.server.snapshot.retention.file.num = 5 (custom)
2021-10-16 01:05:32,745 [pool-74-thread-1] INFO  server.RaftServerConfigKeys (ConfUtils.java:logGet(44)) - raft.server.log.purge.upto.snapshot.index = false (default)
2021-10-16 01:05:32,745 [pool-74-thread-1] INFO  server.RaftServerConfigKeys (ConfUtils.java:logGet(44)) - raft.server.retrycache.expirytime = 600000ms (custom)
2021-10-16 01:05:32,745 [pool-74-thread-1] INFO  server.RaftServerConfigKeys (ConfUtils.java:logGet(44)) - raft.server.retrycache.statistics.expirytime = 100μs (default)
2021-10-16 01:05:32,757 [pool-74-thread-1] INFO  server.RaftServer$Division (RaftServerImpl.java:start(296)) - 0ad9ea75-306a-4cf7-ba3a-0d6a659ae299@group-6D649BBCF7BF: start as a follower, conf=-1: [0ad9ea75-306a-4cf7-ba3a-0d6a659ae299|rpc:10.1.0.55:35779|priority:1, b875dbc0-fa4a-4375-91ba-3cc15c85989b|rpc:10.1.0.55:37245|priority:0, 8d52824f-ad79-492b-8fae-12e0fefff0c3|rpc:10.1.0.55:39801|priority:0], old=null
2021-10-16 01:05:32,757 [pool-74-thread-1] INFO  server.RaftServer$Division (RaftServerImpl.java:setRole(285)) - 0ad9ea75-306a-4cf7-ba3a-0d6a659ae299@group-6D649BBCF7BF: changes role from      null to FOLLOWER at term 0 for startAsFollower
2021-10-16 01:05:32,757 [pool-74-thread-1] INFO  impl.RoleInfo (RoleInfo.java:updateAndGet(130)) - 0ad9ea75-306a-4cf7-ba3a-0d6a659ae299: start 0ad9ea75-306a-4cf7-ba3a-0d6a659ae299@group-6D649BBCF7BF-FollowerState
2021-10-16 01:05:32,772 [pool-74-thread-1] INFO  util.JmxRegister (JmxRegister.java:tryRegister(44)) - Successfully registered JMX Bean with object name Ratis:service=RaftServer,group=group-6D649BBCF7BF,id=0ad9ea75-306a-4cf7-ba3a-0d6a659ae299
2021-10-16 01:05:32,774 [Command processor thread] INFO  ratis.XceiverServerRatis (XceiverServerRatis.java:addGroup(768)) - Created group PipelineID=d1b107aa-4fbd-4663-b259-6d649bbcf7bf
2021-10-16 01:05:32,817 [EventQueue-OpenPipelineForHealthyPipelineSafeModeRule] INFO  safemode.SCMSafeModeManager (HealthyPipelineSafeModeRule.java:process(124)) - SCM in safe mode. Healthy pipelines reported count is 0, required healthy pipeline reported count is 1
2021-10-16 01:05:32,901 [Command processor thread] INFO  server.RaftServer (RaftServerProxy.java:addNew(95)) - 8d52824f-ad79-492b-8fae-12e0fefff0c3: addNew group-3D8E039B1AC1:[8d52824f-ad79-492b-8fae-12e0fefff0c3|rpc:10.1.0.55:39801|priority:1] returns group-3D8E039B1AC1:java.util.concurrent.CompletableFuture@2971ec3d[Not completed]
2021-10-16 01:05:32,931 [pool-93-thread-1] INFO  server.RaftServer$Division (RaftServerImpl.java:<init>(181)) - 8d52824f-ad79-492b-8fae-12e0fefff0c3: new RaftServerImpl for group-3D8E039B1AC1:[8d52824f-ad79-492b-8fae-12e0fefff0c3|rpc:10.1.0.55:39801|priority:1] with ContainerStateMachine:uninitialized
2021-10-16 01:05:32,932 [pool-93-thread-1] INFO  server.RaftServerConfigKeys (ConfUtils.java:logGet(44)) - raft.server.rpc.timeout.min = 5s (custom)
2021-10-16 01:05:32,932 [pool-93-thread-1] INFO  server.RaftServerConfigKeys (ConfUtils.java:logGet(44)) - raft.server.rpc.timeout.max = 5200ms (custom)
2021-10-16 01:05:32,932 [pool-93-thread-1] INFO  server.RaftServerConfigKeys (ConfUtils.java:logGet(44)) - raft.server.rpc.sleep.time = 25ms (default)
2021-10-16 01:05:32,932 [pool-93-thread-1] INFO  server.RaftServerConfigKeys (ConfUtils.java:logGet(44)) - raft.server.rpc.slowness.timeout = 300000ms (custom)
2021-10-16 01:05:32,933 [pool-93-thread-1] INFO  server.RaftServerConfigKeys (ConfUtils.java:logGet(44)) - raft.server.leaderelection.leader.step-down.wait-time = 10s (default)
2021-10-16 01:05:32,936 [EventQueue-OpenPipelineForHealthyPipelineSafeModeRule] INFO  safemode.SCMSafeModeManager (HealthyPipelineSafeModeRule.java:process(124)) - SCM in safe mode. Healthy pipelines reported count is 0, required healthy pipeline reported count is 1
2021-10-16 01:05:32,937 [pool-93-thread-1] INFO  server.RaftServerConfigKeys (ConfUtils.java:logGet(44)) - raft.server.sleep.deviation.threshold = 300ms (default)
2021-10-16 01:05:32,937 [pool-93-thread-1] INFO  server.RaftServerConfigKeys (ConfUtils.java:logGet(44)) - raft.server.log.appender.install.snapshot.enabled = false (custom)
2021-10-16 01:05:32,937 [pool-93-thread-1] INFO  server.RaftServer$Division (ServerState.java:<init>(105)) - 8d52824f-ad79-492b-8fae-12e0fefff0c3@group-3D8E039B1AC1: ConfigurationManager, init=-1: [8d52824f-ad79-492b-8fae-12e0fefff0c3|rpc:10.1.0.55:39801|priority:1], old=null, confs=<EMPTY_MAP>
2021-10-16 01:05:32,938 [pool-93-thread-1] INFO  server.RaftServerConfigKeys (ConfUtils.java:logGet(44)) - raft.server.storage.dir = [/home/runner/work/ozone/ozone/hadoop-ozone/integration-test/target/test-dir/MiniOzoneClusterImpl-248ee1f4-0f5c-4e53-af87-c176a130d444/datanode-2/data/ratis] (custom)
2021-10-16 01:05:32,938 [pool-93-thread-1] INFO  server.RaftServerConfigKeys (ConfUtils.java:logGet(44)) - raft.server.log.corruption.policy = EXCEPTION (default)
2021-10-16 01:05:32,938 [pool-93-thread-1] INFO  server.RaftServerConfigKeys (ConfUtils.java:logGet(44)) - raft.server.storage.free-space.min = 0MB (=0) (default)
2021-10-16 01:05:32,939 [pool-93-thread-1] INFO  storage.RaftStorageDirectory (RaftStorageDirectoryImpl.java:analyzeStorage(135)) - The storage directory /home/runner/work/ozone/ozone/hadoop-ozone/integration-test/target/test-dir/MiniOzoneClusterImpl-248ee1f4-0f5c-4e53-af87-c176a130d444/datanode-2/data/ratis/e48cc1de-99e0-4eeb-bee6-3d8e039b1ac1 does not exist. Creating ...
2021-10-16 01:05:32,960 [pool-93-thread-1] INFO  storage.RaftStorageDirectory (RaftStorageDirectoryImpl.java:tryLock(230)) - Lock on /home/runner/work/ozone/ozone/hadoop-ozone/integration-test/target/test-dir/MiniOzoneClusterImpl-248ee1f4-0f5c-4e53-af87-c176a130d444/datanode-2/data/ratis/e48cc1de-99e0-4eeb-bee6-3d8e039b1ac1/in_use.lock acquired by nodename 12906@fv-az270-581
2021-10-16 01:05:32,966 [pool-93-thread-1] INFO  storage.RaftStorage (RaftStorageImpl.java:format(89)) - Storage directory /home/runner/work/ozone/ozone/hadoop-ozone/integration-test/target/test-dir/MiniOzoneClusterImpl-248ee1f4-0f5c-4e53-af87-c176a130d444/datanode-2/data/ratis/e48cc1de-99e0-4eeb-bee6-3d8e039b1ac1 has been successfully formatted.
2021-10-16 01:05:32,984 [Datanode State Machine Thread - 0] WARN  statemachine.StateContext (StateContext.java:execute(621)) - No available thread in pool for past 0 seconds.
2021-10-16 01:05:32,984 [pool-93-thread-1] INFO  ratis.ContainerStateMachine (ContainerStateMachine.java:loadSnapshot(224)) - group-3D8E039B1AC1: The snapshot info is null. Setting the last applied indexto:(t:0, i:~)
2021-10-16 01:05:32,987 [pool-93-thread-1] INFO  server.RaftServerConfigKeys (ConfUtils.java:logGet(44)) - raft.server.notification.no-leader.timeout = 300000ms (custom)
2021-10-16 01:05:32,987 [pool-93-thread-1] INFO  server.RaftServerConfigKeys (ConfUtils.java:logGet(44)) - raft.server.log.use.memory = false (default)
2021-10-16 01:05:32,987 [pool-93-thread-1] INFO  server.RaftServerConfigKeys (ConfUtils.java:logGet(44)) - raft.server.log.purge.gap = 1000000 (custom)
2021-10-16 01:05:32,987 [pool-93-thread-1] INFO  server.RaftServerConfigKeys (ConfUtils.java:logGet(44)) - raft.server.log.appender.buffer.byte-limit = 33554432 (custom)
2021-10-16 01:05:32,987 [pool-93-thread-1] INFO  server.RaftServerConfigKeys (ConfUtils.java:logGet(44)) - raft.server.log.segment.size.max = 1048576 (custom)
2021-10-16 01:05:32,988 [pool-93-thread-1] INFO  server.RaftServerConfigKeys (ConfUtils.java:logGet(44)) - raft.server.log.segment.cache.num.max = 2 (custom)
2021-10-16 01:05:32,988 [pool-93-thread-1] INFO  server.RaftServerConfigKeys (ConfUtils.java:logGet(44)) - raft.server.log.segment.cache.size.max = 200MB (=209715200) (default)
2021-10-16 01:05:32,988 [pool-93-thread-1] INFO  segmented.SegmentedRaftLogWorker (SegmentedRaftLogWorker.java:<init>(182)) - new 8d52824f-ad79-492b-8fae-12e0fefff0c3@group-3D8E039B1AC1-SegmentedRaftLogWorker for RaftStorageImpl:Storage Directory /home/runner/work/ozone/ozone/hadoop-ozone/integration-test/target/test-dir/MiniOzoneClusterImpl-248ee1f4-0f5c-4e53-af87-c176a130d444/datanode-2/data/ratis/e48cc1de-99e0-4eeb-bee6-3d8e039b1ac1
2021-10-16 01:05:32,988 [pool-93-thread-1] INFO  server.RaftServerConfigKeys (ConfUtils.java:logGet(44)) - raft.server.log.queue.byte-limit = 2147483647 (custom)
2021-10-16 01:05:32,989 [EventQueue-PipelineReportForPipelineReportHandler] INFO  pipeline.PipelineManagerImpl (PipelineManagerImpl.java:openPipeline(282)) - Pipeline Pipeline[ Id: e48cc1de-99e0-4eeb-bee6-3d8e039b1ac1, Nodes: 8d52824f-ad79-492b-8fae-12e0fefff0c3{ip: 10.1.0.55, host: fv-az270-581.tacnzluakwdehk1hpragurqkma.bx.internal.cloudapp.net, ports: [REPLICATION=36429, RATIS=39801, RATIS_ADMIN=39801, RATIS_SERVER=39801, STANDALONE=33941], networkLocation: /default-rack, certSerialId: null, persistedOpState: IN_SERVICE, persistedOpStateExpiryEpochSec: 0}, ReplicationConfig: RATIS/ONE, State:ALLOCATED, leaderId:8d52824f-ad79-492b-8fae-12e0fefff0c3, CreationTimestamp2021-10-16T01:05:29.897Z[Etc/UTC]] moved to OPEN state
2021-10-16 01:05:32,993 [pool-93-thread-1] INFO  server.RaftServerConfigKeys (ConfUtils.java:logGet(44)) - raft.server.log.queue.element-limit = 1024 (custom)
2021-10-16 01:05:32,993 [pool-93-thread-1] INFO  server.RaftServerConfigKeys (ConfUtils.java:logGet(44)) - raft.server.log.segment.size.max = 1048576 (custom)
2021-10-16 01:05:32,994 [pool-93-thread-1] INFO  server.RaftServerConfigKeys (ConfUtils.java:logGet(44)) - raft.server.log.preallocated.size = 16384 (custom)
2021-10-16 01:05:32,994 [pool-93-thread-1] INFO  server.RaftServerConfigKeys (ConfUtils.java:logGet(44)) - raft.server.log.force.sync.num = 128 (default)
2021-10-16 01:05:32,994 [pool-93-thread-1] INFO  server.RaftServerConfigKeys (ConfUtils.java:logGet(44)) - raft.server.log.statemachine.data.sync = true (default)
2021-10-16 01:05:32,994 [pool-93-thread-1] INFO  server.RaftServerConfigKeys (ConfUtils.java:logGet(44)) - raft.server.log.statemachine.data.sync.timeout = 10s (default)
2021-10-16 01:05:32,994 [EventQueue-OpenPipelineForHealthyPipelineSafeModeRule] INFO  safemode.SCMSafeModeManager (HealthyPipelineSafeModeRule.java:process(124)) - SCM in safe mode. Healthy pipelines reported count is 0, required healthy pipeline reported count is 1
2021-10-16 01:05:32,994 [pool-93-thread-1] INFO  server.RaftServerConfigKeys (ConfUtils.java:logGet(44)) - raft.server.log.statemachine.data.sync.timeout.retry = -1 (default)
2021-10-16 01:05:33,009 [pool-93-thread-1] INFO  server.RaftServerConfigKeys (ConfUtils.java:logGet(44)) - raft.server.log.write.buffer.size = 1048576 (custom)
2021-10-16 01:05:33,010 [pool-93-thread-1] INFO  server.RaftServerConfigKeys (ConfUtils.java:logGet(44)) - raft.server.log.statemachine.data.caching.enabled = true (custom)
2021-10-16 01:05:33,011 [pool-93-thread-1] INFO  segmented.SegmentedRaftLogWorker (SegmentedRaftLogWorker.java:lambda$new$0(133)) - 8d52824f-ad79-492b-8fae-12e0fefff0c3@group-3D8E039B1AC1-SegmentedRaftLogWorker: flushIndex: setUnconditionally 0 -> -1
2021-10-16 01:05:33,011 [pool-93-thread-1] INFO  segmented.SegmentedRaftLogWorker (SegmentedRaftLogWorker.java:lambda$new$0(133)) - 8d52824f-ad79-492b-8fae-12e0fefff0c3@group-3D8E039B1AC1-SegmentedRaftLogWorker: safeCacheEvictIndex: setUnconditionally 0 -> -1
2021-10-16 01:05:33,022 [pool-93-thread-1] INFO  server.RaftServerConfigKeys (ConfUtils.java:logGet(44)) - raft.server.snapshot.auto.trigger.enabled = true (custom)
2021-10-16 01:05:33,023 [pool-93-thread-1] INFO  server.RaftServerConfigKeys (ConfUtils.java:logGet(44)) - raft.server.snapshot.auto.trigger.threshold = 1 (custom)
2021-10-16 01:05:33,023 [pool-93-thread-1] INFO  server.RaftServerConfigKeys (ConfUtils.java:logGet(44)) - raft.server.snapshot.retention.file.num = 5 (custom)
2021-10-16 01:05:33,023 [pool-93-thread-1] INFO  server.RaftServerConfigKeys (ConfUtils.java:logGet(44)) - raft.server.log.purge.upto.snapshot.index = false (default)
2021-10-16 01:05:33,023 [pool-93-thread-1] INFO  server.RaftServerConfigKeys (ConfUtils.java:logGet(44)) - raft.server.retrycache.expirytime = 600000ms (custom)
2021-10-16 01:05:33,023 [pool-93-thread-1] INFO  server.RaftServerConfigKeys (ConfUtils.java:logGet(44)) - raft.server.retrycache.statistics.expirytime = 100μs (default)
2021-10-16 01:05:33,025 [pool-93-thread-1] INFO  server.RaftServer$Division (RaftServerImpl.java:start(296)) - 8d52824f-ad79-492b-8fae-12e0fefff0c3@group-3D8E039B1AC1: start as a follower, conf=-1: [8d52824f-ad79-492b-8fae-12e0fefff0c3|rpc:10.1.0.55:39801|priority:1], old=null
2021-10-16 01:05:33,025 [pool-93-thread-1] INFO  server.RaftServer$Division (RaftServerImpl.java:setRole(285)) - 8d52824f-ad79-492b-8fae-12e0fefff0c3@group-3D8E039B1AC1: changes role from      null to FOLLOWER at term 0 for startAsFollower
2021-10-16 01:05:33,025 [pool-93-thread-1] INFO  impl.RoleInfo (RoleInfo.java:updateAndGet(130)) - 8d52824f-ad79-492b-8fae-12e0fefff0c3: start 8d52824f-ad79-492b-8fae-12e0fefff0c3@group-3D8E039B1AC1-FollowerState
2021-10-16 01:05:33,028 [pool-93-thread-1] INFO  util.JmxRegister (JmxRegister.java:tryRegister(44)) - Successfully registered JMX Bean with object name Ratis:service=RaftServer,group=group-3D8E039B1AC1,id=8d52824f-ad79-492b-8fae-12e0fefff0c3
2021-10-16 01:05:33,047 [Command processor thread] INFO  ratis.XceiverServerRatis (XceiverServerRatis.java:addGroup(768)) - Created group PipelineID=e48cc1de-99e0-4eeb-bee6-3d8e039b1ac1
2021-10-16 01:05:33,047 [Command processor thread] INFO  commandhandler.CreatePipelineCommandHandler (CreatePipelineCommandHandler.java:handle(106)) - Created Pipeline RATIS ONE PipelineID=e48cc1de-99e0-4eeb-bee6-3d8e039b1ac1.
2021-10-16 01:05:33,061 [Command processor thread] INFO  server.RaftServer (RaftServerProxy.java:addNew(95)) - 8d52824f-ad79-492b-8fae-12e0fefff0c3: addNew group-6D649BBCF7BF:[0ad9ea75-306a-4cf7-ba3a-0d6a659ae299|rpc:10.1.0.55:35779|priority:1, b875dbc0-fa4a-4375-91ba-3cc15c85989b|rpc:10.1.0.55:37245|priority:0, 8d52824f-ad79-492b-8fae-12e0fefff0c3|rpc:10.1.0.55:39801|priority:0] returns group-6D649BBCF7BF:java.util.concurrent.CompletableFuture@2d4e6dcb[Not completed]
2021-10-16 01:05:33,063 [pool-93-thread-1] INFO  server.RaftServer$Division (RaftServerImpl.java:<init>(181)) - 8d52824f-ad79-492b-8fae-12e0fefff0c3: new RaftServerImpl for group-6D649BBCF7BF:[0ad9ea75-306a-4cf7-ba3a-0d6a659ae299|rpc:10.1.0.55:35779|priority:1, b875dbc0-fa4a-4375-91ba-3cc15c85989b|rpc:10.1.0.55:37245|priority:0, 8d52824f-ad79-492b-8fae-12e0fefff0c3|rpc:10.1.0.55:39801|priority:0] with ContainerStateMachine:uninitialized
2021-10-16 01:05:33,063 [pool-93-thread-1] INFO  server.RaftServerConfigKeys (ConfUtils.java:logGet(44)) - raft.server.rpc.timeout.min = 5s (custom)
2021-10-16 01:05:33,063 [pool-93-thread-1] INFO  server.RaftServerConfigKeys (ConfUtils.java:logGet(44)) - raft.server.rpc.timeout.max = 5200ms (custom)
2021-10-16 01:05:33,063 [pool-93-thread-1] INFO  server.RaftServerConfigKeys (ConfUtils.java:logGet(44)) - raft.server.rpc.sleep.time = 25ms (default)
2021-10-16 01:05:33,063 [pool-93-thread-1] INFO  server.RaftServerConfigKeys (ConfUtils.java:logGet(44)) - raft.server.rpc.slowness.timeout = 300000ms (custom)
2021-10-16 01:05:33,064 [pool-93-thread-1] INFO  server.RaftServerConfigKeys (ConfUtils.java:logGet(44)) - raft.server.leaderelection.leader.step-down.wait-time = 10s (default)
2021-10-16 01:05:33,064 [pool-93-thread-1] INFO  server.RaftServerConfigKeys (ConfUtils.java:logGet(44)) - raft.server.sleep.deviation.threshold = 300ms (default)
2021-10-16 01:05:33,064 [pool-93-thread-1] INFO  server.RaftServerConfigKeys (ConfUtils.java:logGet(44)) - raft.server.log.appender.install.snapshot.enabled = false (custom)
2021-10-16 01:05:33,064 [pool-93-thread-1] INFO  server.RaftServer$Division (ServerState.java:<init>(105)) - 8d52824f-ad79-492b-8fae-12e0fefff0c3@group-6D649BBCF7BF: ConfigurationManager, init=-1: [0ad9ea75-306a-4cf7-ba3a-0d6a659ae299|rpc:10.1.0.55:35779|priority:1, b875dbc0-fa4a-4375-91ba-3cc15c85989b|rpc:10.1.0.55:37245|priority:0, 8d52824f-ad79-492b-8fae-12e0fefff0c3|rpc:10.1.0.55:39801|priority:0], old=null, confs=<EMPTY_MAP>
2021-10-16 01:05:33,064 [pool-93-thread-1] INFO  server.RaftServerConfigKeys (ConfUtils.java:logGet(44)) - raft.server.storage.dir = [/home/runner/work/ozone/ozone/hadoop-ozone/integration-test/target/test-dir/MiniOzoneClusterImpl-248ee1f4-0f5c-4e53-af87-c176a130d444/datanode-2/data/ratis] (custom)
2021-10-16 01:05:33,064 [pool-93-thread-1] INFO  server.RaftServerConfigKeys (ConfUtils.java:logGet(44)) - raft.server.log.corruption.policy = EXCEPTION (default)
2021-10-16 01:05:33,064 [pool-93-thread-1] INFO  server.RaftServerConfigKeys (ConfUtils.java:logGet(44)) - raft.server.storage.free-space.min = 0MB (=0) (default)
2021-10-16 01:05:33,064 [pool-93-thread-1] INFO  storage.RaftStorageDirectory (RaftStorageDirectoryImpl.java:analyzeStorage(135)) - The storage directory /home/runner/work/ozone/ozone/hadoop-ozone/integration-test/target/test-dir/MiniOzoneClusterImpl-248ee1f4-0f5c-4e53-af87-c176a130d444/datanode-2/data/ratis/d1b107aa-4fbd-4663-b259-6d649bbcf7bf does not exist. Creating ...
2021-10-16 01:05:33,067 [pool-93-thread-1] INFO  storage.RaftStorageDirectory (RaftStorageDirectoryImpl.java:tryLock(230)) - Lock on /home/runner/work/ozone/ozone/hadoop-ozone/integration-test/target/test-dir/MiniOzoneClusterImpl-248ee1f4-0f5c-4e53-af87-c176a130d444/datanode-2/data/ratis/d1b107aa-4fbd-4663-b259-6d649bbcf7bf/in_use.lock acquired by nodename 12906@fv-az270-581
2021-10-16 01:05:33,068 [pool-93-thread-1] INFO  storage.RaftStorage (RaftStorageImpl.java:format(89)) - Storage directory /home/runner/work/ozone/ozone/hadoop-ozone/integration-test/target/test-dir/MiniOzoneClusterImpl-248ee1f4-0f5c-4e53-af87-c176a130d444/datanode-2/data/ratis/d1b107aa-4fbd-4663-b259-6d649bbcf7bf has been successfully formatted.
2021-10-16 01:05:33,069 [Datanode State Machine Thread - 0] WARN  statemachine.StateContext (StateContext.java:execute(621)) - No available thread in pool for past 0 seconds.
2021-10-16 01:05:33,071 [EventQueue-OpenPipelineForHealthyPipelineSafeModeRule] INFO  safemode.SCMSafeModeManager (HealthyPipelineSafeModeRule.java:process(124)) - SCM in safe mode. Healthy pipelines reported count is 0, required healthy pipeline reported count is 1
2021-10-16 01:05:33,071 [pool-93-thread-1] INFO  ratis.ContainerStateMachine (ContainerStateMachine.java:loadSnapshot(224)) - group-6D649BBCF7BF: The snapshot info is null. Setting the last applied indexto:(t:0, i:~)
2021-10-16 01:05:33,072 [pool-93-thread-1] INFO  server.RaftServerConfigKeys (ConfUtils.java:logGet(44)) - raft.server.notification.no-leader.timeout = 300000ms (custom)
2021-10-16 01:05:33,072 [pool-93-thread-1] INFO  server.RaftServerConfigKeys (ConfUtils.java:logGet(44)) - raft.server.log.use.memory = false (default)
2021-10-16 01:05:33,072 [pool-93-thread-1] INFO  server.RaftServerConfigKeys (ConfUtils.java:logGet(44)) - raft.server.log.purge.gap = 1000000 (custom)
2021-10-16 01:05:33,072 [pool-93-thread-1] INFO  server.RaftServerConfigKeys (ConfUtils.java:logGet(44)) - raft.server.log.appender.buffer.byte-limit = 33554432 (custom)
2021-10-16 01:05:33,073 [pool-93-thread-1] INFO  server.RaftServerConfigKeys (ConfUtils.java:logGet(44)) - raft.server.log.segment.size.max = 1048576 (custom)
2021-10-16 01:05:33,073 [pool-93-thread-1] INFO  server.RaftServerConfigKeys (ConfUtils.java:logGet(44)) - raft.server.log.segment.cache.num.max = 2 (custom)
2021-10-16 01:05:33,074 [pool-93-thread-1] INFO  server.RaftServerConfigKeys (ConfUtils.java:logGet(44)) - raft.server.log.segment.cache.size.max = 200MB (=209715200) (default)
2021-10-16 01:05:33,074 [pool-93-thread-1] INFO  segmented.SegmentedRaftLogWorker (SegmentedRaftLogWorker.java:<init>(182)) - new 8d52824f-ad79-492b-8fae-12e0fefff0c3@group-6D649BBCF7BF-SegmentedRaftLogWorker for RaftStorageImpl:Storage Directory /home/runner/work/ozone/ozone/hadoop-ozone/integration-test/target/test-dir/MiniOzoneClusterImpl-248ee1f4-0f5c-4e53-af87-c176a130d444/datanode-2/data/ratis/d1b107aa-4fbd-4663-b259-6d649bbcf7bf
2021-10-16 01:05:33,074 [pool-93-thread-1] INFO  server.RaftServerConfigKeys (ConfUtils.java:logGet(44)) - raft.server.log.queue.byte-limit = 2147483647 (custom)
2021-10-16 01:05:33,078 [pool-93-thread-1] INFO  server.RaftServerConfigKeys (ConfUtils.java:logGet(44)) - raft.server.log.queue.element-limit = 1024 (custom)
2021-10-16 01:05:33,078 [pool-93-thread-1] INFO  server.RaftServerConfigKeys (ConfUtils.java:logGet(44)) - raft.server.log.segment.size.max = 1048576 (custom)
2021-10-16 01:05:33,078 [pool-93-thread-1] INFO  server.RaftServerConfigKeys (ConfUtils.java:logGet(44)) - raft.server.log.preallocated.size = 16384 (custom)
2021-10-16 01:05:33,078 [pool-93-thread-1] INFO  server.RaftServerConfigKeys (ConfUtils.java:logGet(44)) - raft.server.log.force.sync.num = 128 (default)
2021-10-16 01:05:33,078 [pool-93-thread-1] INFO  server.RaftServerConfigKeys (ConfUtils.java:logGet(44)) - raft.server.log.statemachine.data.sync = true (default)
2021-10-16 01:05:33,078 [pool-93-thread-1] INFO  server.RaftServerConfigKeys (ConfUtils.java:logGet(44)) - raft.server.log.statemachine.data.sync.timeout = 10s (default)
2021-10-16 01:05:33,078 [pool-93-thread-1] INFO  server.RaftServerConfigKeys (ConfUtils.java:logGet(44)) - raft.server.log.statemachine.data.sync.timeout.retry = -1 (default)
2021-10-16 01:05:33,083 [pool-93-thread-1] INFO  server.RaftServerConfigKeys (ConfUtils.java:logGet(44)) - raft.server.log.write.buffer.size = 1048576 (custom)
2021-10-16 01:05:33,083 [pool-93-thread-1] INFO  server.RaftServerConfigKeys (ConfUtils.java:logGet(44)) - raft.server.log.statemachine.data.caching.enabled = true (custom)
2021-10-16 01:05:33,084 [pool-93-thread-1] INFO  segmented.SegmentedRaftLogWorker (SegmentedRaftLogWorker.java:lambda$new$0(133)) - 8d52824f-ad79-492b-8fae-12e0fefff0c3@group-6D649BBCF7BF-SegmentedRaftLogWorker: flushIndex: setUnconditionally 0 -> -1
2021-10-16 01:05:33,084 [pool-93-thread-1] INFO  segmented.SegmentedRaftLogWorker (SegmentedRaftLogWorker.java:lambda$new$0(133)) - 8d52824f-ad79-492b-8fae-12e0fefff0c3@group-6D649BBCF7BF-SegmentedRaftLogWorker: safeCacheEvictIndex: setUnconditionally 0 -> -1
2021-10-16 01:05:33,093 [pool-93-thread-1] INFO  server.RaftServerConfigKeys (ConfUtils.java:logGet(44)) - raft.server.snapshot.auto.trigger.enabled = true (custom)
2021-10-16 01:05:33,093 [pool-93-thread-1] INFO  server.RaftServerConfigKeys (ConfUtils.java:logGet(44)) - raft.server.snapshot.auto.trigger.threshold = 1 (custom)
2021-10-16 01:05:33,093 [pool-93-thread-1] INFO  server.RaftServerConfigKeys (ConfUtils.java:logGet(44)) - raft.server.snapshot.retention.file.num = 5 (custom)
2021-10-16 01:05:33,093 [pool-93-thread-1] INFO  server.RaftServerConfigKeys (ConfUtils.java:logGet(44)) - raft.server.log.purge.upto.snapshot.index = false (default)
2021-10-16 01:05:33,093 [pool-93-thread-1] INFO  server.RaftServerConfigKeys (ConfUtils.java:logGet(44)) - raft.server.retrycache.expirytime = 600000ms (custom)
2021-10-16 01:05:33,093 [pool-93-thread-1] INFO  server.RaftServerConfigKeys (ConfUtils.java:logGet(44)) - raft.server.retrycache.statistics.expirytime = 100μs (default)
2021-10-16 01:05:33,105 [pool-93-thread-1] INFO  server.RaftServer$Division (RaftServerImpl.java:start(296)) - 8d52824f-ad79-492b-8fae-12e0fefff0c3@group-6D649BBCF7BF: start as a follower, conf=-1: [0ad9ea75-306a-4cf7-ba3a-0d6a659ae299|rpc:10.1.0.55:35779|priority:1, b875dbc0-fa4a-4375-91ba-3cc15c85989b|rpc:10.1.0.55:37245|priority:0, 8d52824f-ad79-492b-8fae-12e0fefff0c3|rpc:10.1.0.55:39801|priority:0], old=null
2021-10-16 01:05:33,105 [pool-93-thread-1] INFO  server.RaftServer$Division (RaftServerImpl.java:setRole(285)) - 8d52824f-ad79-492b-8fae-12e0fefff0c3@group-6D649BBCF7BF: changes role from      null to FOLLOWER at term 0 for startAsFollower
2021-10-16 01:05:33,105 [pool-93-thread-1] INFO  impl.RoleInfo (RoleInfo.java:updateAndGet(130)) - 8d52824f-ad79-492b-8fae-12e0fefff0c3: start 8d52824f-ad79-492b-8fae-12e0fefff0c3@group-6D649BBCF7BF-FollowerState
2021-10-16 01:05:33,108 [pool-93-thread-1] INFO  util.JmxRegister (JmxRegister.java:tryRegister(44)) - Successfully registered JMX Bean with object name Ratis:service=RaftServer,group=group-6D649BBCF7BF,id=8d52824f-ad79-492b-8fae-12e0fefff0c3
2021-10-16 01:05:33,117 [Command processor thread] INFO  ratis.XceiverServerRatis (XceiverServerRatis.java:addGroup(768)) - Created group PipelineID=d1b107aa-4fbd-4663-b259-6d649bbcf7bf
2021-10-16 01:05:33,162 [Command processor thread] INFO  server.RaftServer (RaftServerProxy.java:addNew(95)) - 5d47f048-385c-4622-902c-1a2c4fbfa0fd: addNew group-E433C4010EB1:[5d47f048-385c-4622-902c-1a2c4fbfa0fd|rpc:10.1.0.55:38959|priority:1] returns group-E433C4010EB1:java.util.concurrent.CompletableFuture@7c92419b[Not completed]
2021-10-16 01:05:33,168 [Command processor thread] INFO  commandhandler.CreatePipelineCommandHandler (CreatePipelineCommandHandler.java:handle(106)) - Created Pipeline RATIS THREE PipelineID=d1b107aa-4fbd-4663-b259-6d649bbcf7bf.
2021-10-16 01:05:33,168 [pool-112-thread-1] INFO  server.RaftServer$Division (RaftServerImpl.java:<init>(181)) - 5d47f048-385c-4622-902c-1a2c4fbfa0fd: new RaftServerImpl for group-E433C4010EB1:[5d47f048-385c-4622-902c-1a2c4fbfa0fd|rpc:10.1.0.55:38959|priority:1] with ContainerStateMachine:uninitialized
2021-10-16 01:05:33,173 [pool-74-thread-1] INFO  server.RaftServer$Division (RaftServerImpl.java:<init>(181)) - 0ad9ea75-306a-4cf7-ba3a-0d6a659ae299: new RaftServerImpl for group-6C37C0E08CC0:[0ad9ea75-306a-4cf7-ba3a-0d6a659ae299|rpc:10.1.0.55:35779|priority:0, b875dbc0-fa4a-4375-91ba-3cc15c85989b|rpc:10.1.0.55:37245|priority:0, 8d52824f-ad79-492b-8fae-12e0fefff0c3|rpc:10.1.0.55:39801|priority:1] with ContainerStateMachine:uninitialized
2021-10-16 01:05:33,177 [pool-74-thread-1] INFO  server.RaftServerConfigKeys (ConfUtils.java:logGet(44)) - raft.server.rpc.timeout.min = 5s (custom)
2021-10-16 01:05:33,177 [pool-74-thread-1] INFO  server.RaftServerConfigKeys (ConfUtils.java:logGet(44)) - raft.server.rpc.timeout.max = 5200ms (custom)
2021-10-16 01:05:33,177 [pool-74-thread-1] INFO  server.RaftServerConfigKeys (ConfUtils.java:logGet(44)) - raft.server.rpc.sleep.time = 25ms (default)
2021-10-16 01:05:33,177 [pool-74-thread-1] INFO  server.RaftServerConfigKeys (ConfUtils.java:logGet(44)) - raft.server.rpc.slowness.timeout = 300000ms (custom)
2021-10-16 01:05:33,177 [pool-74-thread-1] INFO  server.RaftServerConfigKeys (ConfUtils.java:logGet(44)) - raft.server.leaderelection.leader.step-down.wait-time = 10s (default)
2021-10-16 01:05:33,177 [pool-74-thread-1] INFO  server.RaftServerConfigKeys (ConfUtils.java:logGet(44)) - raft.server.sleep.deviation.threshold = 300ms (default)
2021-10-16 01:05:33,177 [pool-74-thread-1] INFO  server.RaftServerConfigKeys (ConfUtils.java:logGet(44)) - raft.server.log.appender.install.snapshot.enabled = false (custom)
2021-10-16 01:05:33,177 [pool-74-thread-1] INFO  server.RaftServer$Division (ServerState.java:<init>(105)) - 0ad9ea75-306a-4cf7-ba3a-0d6a659ae299@group-6C37C0E08CC0: ConfigurationManager, init=-1: [0ad9ea75-306a-4cf7-ba3a-0d6a659ae299|rpc:10.1.0.55:35779|priority:0, b875dbc0-fa4a-4375-91ba-3cc15c85989b|rpc:10.1.0.55:37245|priority:0, 8d52824f-ad79-492b-8fae-12e0fefff0c3|rpc:10.1.0.55:39801|priority:1], old=null, confs=<EMPTY_MAP>
2021-10-16 01:05:33,177 [pool-74-thread-1] INFO  server.RaftServerConfigKeys (ConfUtils.java:logGet(44)) - raft.server.storage.dir = [/home/runner/work/ozone/ozone/hadoop-ozone/integration-test/target/test-dir/MiniOzoneClusterImpl-248ee1f4-0f5c-4e53-af87-c176a130d444/datanode-1/data/ratis] (custom)
2021-10-16 01:05:33,177 [pool-74-thread-1] INFO  server.RaftServerConfigKeys (ConfUtils.java:logGet(44)) - raft.server.log.corruption.policy = EXCEPTION (default)
2021-10-16 01:05:33,177 [pool-74-thread-1] INFO  server.RaftServerConfigKeys (ConfUtils.java:logGet(44)) - raft.server.storage.free-space.min = 0MB (=0) (default)
2021-10-16 01:05:33,177 [pool-74-thread-1] INFO  storage.RaftStorageDirectory (RaftStorageDirectoryImpl.java:analyzeStorage(135)) - The storage directory /home/runner/work/ozone/ozone/hadoop-ozone/integration-test/target/test-dir/MiniOzoneClusterImpl-248ee1f4-0f5c-4e53-af87-c176a130d444/datanode-1/data/ratis/04cabc9b-5756-4e52-bda1-6c37c0e08cc0 does not exist. Creating ...
2021-10-16 01:05:33,172 [Command processor thread] INFO  commandhandler.CreatePipelineCommandHandler (CreatePipelineCommandHandler.java:handle(106)) - Created Pipeline RATIS THREE PipelineID=d1b107aa-4fbd-4663-b259-6d649bbcf7bf.
2021-10-16 01:05:33,171 [Command processor thread] INFO  server.RaftServer (RaftServerProxy.java:addNew(95)) - 0ad9ea75-306a-4cf7-ba3a-0d6a659ae299: addNew group-6C37C0E08CC0:[0ad9ea75-306a-4cf7-ba3a-0d6a659ae299|rpc:10.1.0.55:35779|priority:0, b875dbc0-fa4a-4375-91ba-3cc15c85989b|rpc:10.1.0.55:37245|priority:0, 8d52824f-ad79-492b-8fae-12e0fefff0c3|rpc:10.1.0.55:39801|priority:1] returns group-6C37C0E08CC0:java.util.concurrent.CompletableFuture@7572c055[Not completed]
2021-10-16 01:05:33,178 [Command processor thread] INFO  server.RaftServer (RaftServerProxy.java:addNew(95)) - b875dbc0-fa4a-4375-91ba-3cc15c85989b: addNew group-6C37C0E08CC0:[0ad9ea75-306a-4cf7-ba3a-0d6a659ae299|rpc:10.1.0.55:35779|priority:0, b875dbc0-fa4a-4375-91ba-3cc15c85989b|rpc:10.1.0.55:37245|priority:0, 8d52824f-ad79-492b-8fae-12e0fefff0c3|rpc:10.1.0.55:39801|priority:1] returns group-6C37C0E08CC0:java.util.concurrent.CompletableFuture@685fba6[Not completed]
2021-10-16 01:05:33,179 [pool-55-thread-1] INFO  server.RaftServer$Division (RaftServerImpl.java:<init>(181)) - b875dbc0-fa4a-4375-91ba-3cc15c85989b: new RaftServerImpl for group-6C37C0E08CC0:[0ad9ea75-306a-4cf7-ba3a-0d6a659ae299|rpc:10.1.0.55:35779|priority:0, b875dbc0-fa4a-4375-91ba-3cc15c85989b|rpc:10.1.0.55:37245|priority:0, 8d52824f-ad79-492b-8fae-12e0fefff0c3|rpc:10.1.0.55:39801|priority:1] with ContainerStateMachine:uninitialized
2021-10-16 01:05:33,179 [pool-55-thread-1] INFO  server.RaftServerConfigKeys (ConfUtils.java:logGet(44)) - raft.server.rpc.timeout.min = 5s (custom)
2021-10-16 01:05:33,179 [pool-55-thread-1] INFO  server.RaftServerConfigKeys (ConfUtils.java:logGet(44)) - raft.server.rpc.timeout.max = 5200ms (custom)
2021-10-16 01:05:33,179 [pool-55-thread-1] INFO  server.RaftServerConfigKeys (ConfUtils.java:logGet(44)) - raft.server.rpc.sleep.time = 25ms (default)
2021-10-16 01:05:33,179 [pool-55-thread-1] INFO  server.RaftServerConfigKeys (ConfUtils.java:logGet(44)) - raft.server.rpc.slowness.timeout = 300000ms (custom)
2021-10-16 01:05:33,179 [pool-55-thread-1] INFO  server.RaftServerConfigKeys (ConfUtils.java:logGet(44)) - raft.server.leaderelection.leader.step-down.wait-time = 10s (default)
2021-10-16 01:05:33,180 [pool-55-thread-1] INFO  server.RaftServerConfigKeys (ConfUtils.java:logGet(44)) - raft.server.sleep.deviation.threshold = 300ms (default)
2021-10-16 01:05:33,180 [pool-55-thread-1] INFO  server.RaftServerConfigKeys (ConfUtils.java:logGet(44)) - raft.server.log.appender.install.snapshot.enabled = false (custom)
2021-10-16 01:05:33,180 [pool-55-thread-1] INFO  server.RaftServer$Division (ServerState.java:<init>(105)) - b875dbc0-fa4a-4375-91ba-3cc15c85989b@group-6C37C0E08CC0: ConfigurationManager, init=-1: [0ad9ea75-306a-4cf7-ba3a-0d6a659ae299|rpc:10.1.0.55:35779|priority:0, b875dbc0-fa4a-4375-91ba-3cc15c85989b|rpc:10.1.0.55:37245|priority:0, 8d52824f-ad79-492b-8fae-12e0fefff0c3|rpc:10.1.0.55:39801|priority:1], old=null, confs=<EMPTY_MAP>
2021-10-16 01:05:33,180 [pool-55-thread-1] INFO  server.RaftServerConfigKeys (ConfUtils.java:logGet(44)) - raft.server.storage.dir = [/home/runner/work/ozone/ozone/hadoop-ozone/integration-test/target/test-dir/MiniOzoneClusterImpl-248ee1f4-0f5c-4e53-af87-c176a130d444/datanode-0/data/ratis] (custom)
2021-10-16 01:05:33,180 [pool-55-thread-1] INFO  server.RaftServerConfigKeys (ConfUtils.java:logGet(44)) - raft.server.log.corruption.policy = EXCEPTION (default)
2021-10-16 01:05:33,180 [pool-55-thread-1] INFO  server.RaftServerConfigKeys (ConfUtils.java:logGet(44)) - raft.server.storage.free-space.min = 0MB (=0) (default)
2021-10-16 01:05:33,180 [pool-55-thread-1] INFO  storage.RaftStorageDirectory (RaftStorageDirectoryImpl.java:analyzeStorage(135)) - The storage directory /home/runner/work/ozone/ozone/hadoop-ozone/integration-test/target/test-dir/MiniOzoneClusterImpl-248ee1f4-0f5c-4e53-af87-c176a130d444/datanode-0/data/ratis/04cabc9b-5756-4e52-bda1-6c37c0e08cc0 does not exist. Creating ...
2021-10-16 01:05:33,180 [pool-74-thread-1] INFO  storage.RaftStorageDirectory (RaftStorageDirectoryImpl.java:tryLock(230)) - Lock on /home/runner/work/ozone/ozone/hadoop-ozone/integration-test/target/test-dir/MiniOzoneClusterImpl-248ee1f4-0f5c-4e53-af87-c176a130d444/datanode-1/data/ratis/04cabc9b-5756-4e52-bda1-6c37c0e08cc0/in_use.lock acquired by nodename 12906@fv-az270-581
2021-10-16 01:05:33,181 [pool-55-thread-1] INFO  storage.RaftStorageDirectory (RaftStorageDirectoryImpl.java:tryLock(230)) - Lock on /home/runner/work/ozone/ozone/hadoop-ozone/integration-test/target/test-dir/MiniOzoneClusterImpl-248ee1f4-0f5c-4e53-af87-c176a130d444/datanode-0/data/ratis/04cabc9b-5756-4e52-bda1-6c37c0e08cc0/in_use.lock acquired by nodename 12906@fv-az270-581
2021-10-16 01:05:33,181 [pool-112-thread-1] INFO  server.RaftServerConfigKeys (ConfUtils.java:logGet(44)) - raft.server.rpc.timeout.min = 5s (custom)
2021-10-16 01:05:33,187 [pool-112-thread-1] INFO  server.RaftServerConfigKeys (ConfUtils.java:logGet(44)) - raft.server.rpc.timeout.max = 5200ms (custom)
2021-10-16 01:05:33,187 [pool-112-thread-1] INFO  server.RaftServerConfigKeys (ConfUtils.java:logGet(44)) - raft.server.rpc.sleep.time = 25ms (default)
2021-10-16 01:05:33,187 [pool-112-thread-1] INFO  server.RaftServerConfigKeys (ConfUtils.java:logGet(44)) - raft.server.rpc.slowness.timeout = 300000ms (custom)
2021-10-16 01:05:33,187 [pool-74-thread-1] INFO  storage.RaftStorage (RaftStorageImpl.java:format(89)) - Storage directory /home/runner/work/ozone/ozone/hadoop-ozone/integration-test/target/test-dir/MiniOzoneClusterImpl-248ee1f4-0f5c-4e53-af87-c176a130d444/datanode-1/data/ratis/04cabc9b-5756-4e52-bda1-6c37c0e08cc0 has been successfully formatted.
2021-10-16 01:05:33,187 [pool-55-thread-1] INFO  storage.RaftStorage (RaftStorageImpl.java:format(89)) - Storage directory /home/runner/work/ozone/ozone/hadoop-ozone/integration-test/target/test-dir/MiniOzoneClusterImpl-248ee1f4-0f5c-4e53-af87-c176a130d444/datanode-0/data/ratis/04cabc9b-5756-4e52-bda1-6c37c0e08cc0 has been successfully formatted.
2021-10-16 01:05:33,188 [pool-55-thread-1] INFO  ratis.ContainerStateMachine (ContainerStateMachine.java:loadSnapshot(224)) - group-6C37C0E08CC0: The snapshot info is null. Setting the last applied indexto:(t:0, i:~)
2021-10-16 01:05:33,188 [pool-55-thread-1] INFO  server.RaftServerConfigKeys (ConfUtils.java:logGet(44)) - raft.server.notification.no-leader.timeout = 300000ms (custom)
2021-10-16 01:05:33,188 [pool-55-thread-1] INFO  server.RaftServerConfigKeys (ConfUtils.java:logGet(44)) - raft.server.log.use.memory = false (default)
2021-10-16 01:05:33,188 [pool-55-thread-1] INFO  server.RaftServerConfigKeys (ConfUtils.java:logGet(44)) - raft.server.log.purge.gap = 1000000 (custom)
2021-10-16 01:05:33,188 [pool-55-thread-1] INFO  server.RaftServerConfigKeys (ConfUtils.java:logGet(44)) - raft.server.log.appender.buffer.byte-limit = 33554432 (custom)
2021-10-16 01:05:33,188 [pool-55-thread-1] INFO  server.RaftServerConfigKeys (ConfUtils.java:logGet(44)) - raft.server.log.segment.size.max = 1048576 (custom)
2021-10-16 01:05:33,189 [pool-55-thread-1] INFO  server.RaftServerConfigKeys (ConfUtils.java:logGet(44)) - raft.server.log.segment.cache.num.max = 2 (custom)
2021-10-16 01:05:33,189 [pool-55-thread-1] INFO  server.RaftServerConfigKeys (ConfUtils.java:logGet(44)) - raft.server.log.segment.cache.size.max = 200MB (=209715200) (default)
2021-10-16 01:05:33,189 [pool-55-thread-1] INFO  segmented.SegmentedRaftLogWorker (SegmentedRaftLogWorker.java:<init>(182)) - new b875dbc0-fa4a-4375-91ba-3cc15c85989b@group-6C37C0E08CC0-SegmentedRaftLogWorker for RaftStorageImpl:Storage Directory /home/runner/work/ozone/ozone/hadoop-ozone/integration-test/target/test-dir/MiniOzoneClusterImpl-248ee1f4-0f5c-4e53-af87-c176a130d444/datanode-0/data/ratis/04cabc9b-5756-4e52-bda1-6c37c0e08cc0
2021-10-16 01:05:33,189 [pool-55-thread-1] INFO  server.RaftServerConfigKeys (ConfUtils.java:logGet(44)) - raft.server.log.queue.byte-limit = 2147483647 (custom)
2021-10-16 01:05:33,189 [pool-55-thread-1] INFO  server.RaftServerConfigKeys (ConfUtils.java:logGet(44)) - raft.server.log.queue.element-limit = 1024 (custom)
2021-10-16 01:05:33,189 [pool-55-thread-1] INFO  server.RaftServerConfigKeys (ConfUtils.java:logGet(44)) - raft.server.log.segment.size.max = 1048576 (custom)
2021-10-16 01:05:33,189 [pool-55-thread-1] INFO  server.RaftServerConfigKeys (ConfUtils.java:logGet(44)) - raft.server.log.preallocated.size = 16384 (custom)
2021-10-16 01:05:33,189 [pool-55-thread-1] INFO  server.RaftServerConfigKeys (ConfUtils.java:logGet(44)) - raft.server.log.force.sync.num = 128 (default)
2021-10-16 01:05:33,189 [pool-55-thread-1] INFO  server.RaftServerConfigKeys (ConfUtils.java:logGet(44)) - raft.server.log.statemachine.data.sync = true (default)
2021-10-16 01:05:33,189 [pool-55-thread-1] INFO  server.RaftServerConfigKeys (ConfUtils.java:logGet(44)) - raft.server.log.statemachine.data.sync.timeout = 10s (default)
2021-10-16 01:05:33,190 [pool-55-thread-1] INFO  server.RaftServerConfigKeys (ConfUtils.java:logGet(44)) - raft.server.log.statemachine.data.sync.timeout.retry = -1 (default)
2021-10-16 01:05:33,191 [pool-55-thread-1] INFO  server.RaftServerConfigKeys (ConfUtils.java:logGet(44)) - raft.server.log.write.buffer.size = 1048576 (custom)
2021-10-16 01:05:33,192 [Datanode State Machine Thread - 0] WARN  statemachine.StateContext (StateContext.java:execute(621)) - No available thread in pool for past 0 seconds.
2021-10-16 01:05:33,193 [Datanode State Machine Thread - 0] WARN  statemachine.StateContext (StateContext.java:execute(621)) - No available thread in pool for past 0 seconds.
2021-10-16 01:05:33,195 [EventQueue-OpenPipelineForHealthyPipelineSafeModeRule] INFO  safemode.SCMSafeModeManager (HealthyPipelineSafeModeRule.java:process(124)) - SCM in safe mode. Healthy pipelines reported count is 0, required healthy pipeline reported count is 1
2021-10-16 01:05:33,195 [EventQueue-OpenPipelineForHealthyPipelineSafeModeRule] INFO  safemode.SCMSafeModeManager (HealthyPipelineSafeModeRule.java:process(124)) - SCM in safe mode. Healthy pipelines reported count is 0, required healthy pipeline reported count is 1
2021-10-16 01:05:33,196 [pool-74-thread-1] INFO  ratis.ContainerStateMachine (ContainerStateMachine.java:loadSnapshot(224)) - group-6C37C0E08CC0: The snapshot info is null. Setting the last applied indexto:(t:0, i:~)
2021-10-16 01:05:33,196 [pool-74-thread-1] INFO  server.RaftServerConfigKeys (ConfUtils.java:logGet(44)) - raft.server.notification.no-leader.timeout = 300000ms (custom)
2021-10-16 01:05:33,196 [pool-74-thread-1] INFO  server.RaftServerConfigKeys (ConfUtils.java:logGet(44)) - raft.server.log.use.memory = false (default)
2021-10-16 01:05:33,196 [pool-74-thread-1] INFO  server.RaftServerConfigKeys (ConfUtils.java:logGet(44)) - raft.server.log.purge.gap = 1000000 (custom)
2021-10-16 01:05:33,196 [pool-74-thread-1] INFO  server.RaftServerConfigKeys (ConfUtils.java:logGet(44)) - raft.server.log.appender.buffer.byte-limit = 33554432 (custom)
2021-10-16 01:05:33,196 [pool-74-thread-1] INFO  server.RaftServerConfigKeys (ConfUtils.java:logGet(44)) - raft.server.log.segment.size.max = 1048576 (custom)
2021-10-16 01:05:33,198 [pool-74-thread-1] INFO  server.RaftServerConfigKeys (ConfUtils.java:logGet(44)) - raft.server.log.segment.cache.num.max = 2 (custom)
2021-10-16 01:05:33,198 [pool-74-thread-1] INFO  server.RaftServerConfigKeys (ConfUtils.java:logGet(44)) - raft.server.log.segment.cache.size.max = 200MB (=209715200) (default)
2021-10-16 01:05:33,198 [pool-74-thread-1] INFO  segmented.SegmentedRaftLogWorker (SegmentedRaftLogWorker.java:<init>(182)) - new 0ad9ea75-306a-4cf7-ba3a-0d6a659ae299@group-6C37C0E08CC0-SegmentedRaftLogWorker for RaftStorageImpl:Storage Directory /home/runner/work/ozone/ozone/hadoop-ozone/integration-test/target/test-dir/MiniOzoneClusterImpl-248ee1f4-0f5c-4e53-af87-c176a130d444/datanode-1/data/ratis/04cabc9b-5756-4e52-bda1-6c37c0e08cc0
2021-10-16 01:05:33,198 [pool-74-thread-1] INFO  server.RaftServerConfigKeys (ConfUtils.java:logGet(44)) - raft.server.log.queue.byte-limit = 2147483647 (custom)
2021-10-16 01:05:33,198 [pool-74-thread-1] INFO  server.RaftServerConfigKeys (ConfUtils.java:logGet(44)) - raft.server.log.queue.element-limit = 1024 (custom)
2021-10-16 01:05:33,198 [pool-74-thread-1] INFO  server.RaftServerConfigKeys (ConfUtils.java:logGet(44)) - raft.server.log.segment.size.max = 1048576 (custom)
2021-10-16 01:05:33,198 [pool-74-thread-1] INFO  server.RaftServerConfigKeys (ConfUtils.java:logGet(44)) - raft.server.log.preallocated.size = 16384 (custom)
2021-10-16 01:05:33,198 [pool-74-thread-1] INFO  server.RaftServerConfigKeys (ConfUtils.java:logGet(44)) - raft.server.log.force.sync.num = 128 (default)
2021-10-16 01:05:33,198 [pool-74-thread-1] INFO  server.RaftServerConfigKeys (ConfUtils.java:logGet(44)) - raft.server.log.statemachine.data.sync = true (default)
2021-10-16 01:05:33,198 [pool-74-thread-1] INFO  server.RaftServerConfigKeys (ConfUtils.java:logGet(44)) - raft.server.log.statemachine.data.sync.timeout = 10s (default)
2021-10-16 01:05:33,198 [pool-74-thread-1] INFO  server.RaftServerConfigKeys (ConfUtils.java:logGet(44)) - raft.server.log.statemachine.data.sync.timeout.retry = -1 (default)
2021-10-16 01:05:33,200 [pool-74-thread-1] INFO  server.RaftServerConfigKeys (ConfUtils.java:logGet(44)) - raft.server.log.write.buffer.size = 1048576 (custom)
2021-10-16 01:05:33,200 [pool-74-thread-1] INFO  server.RaftServerConfigKeys (ConfUtils.java:logGet(44)) - raft.server.log.statemachine.data.caching.enabled = true (custom)
2021-10-16 01:05:33,200 [pool-74-thread-1] INFO  segmented.SegmentedRaftLogWorker (SegmentedRaftLogWorker.java:lambda$new$0(133)) - 0ad9ea75-306a-4cf7-ba3a-0d6a659ae299@group-6C37C0E08CC0-SegmentedRaftLogWorker: flushIndex: setUnconditionally 0 -> -1
2021-10-16 01:05:33,200 [pool-74-thread-1] INFO  segmented.SegmentedRaftLogWorker (SegmentedRaftLogWorker.java:lambda$new$0(133)) - 0ad9ea75-306a-4cf7-ba3a-0d6a659ae299@group-6C37C0E08CC0-SegmentedRaftLogWorker: safeCacheEvictIndex: setUnconditionally 0 -> -1
2021-10-16 01:05:33,201 [pool-55-thread-1] INFO  server.RaftServerConfigKeys (ConfUtils.java:logGet(44)) - raft.server.log.statemachine.data.caching.enabled = true (custom)
2021-10-16 01:05:33,201 [pool-55-thread-1] INFO  segmented.SegmentedRaftLogWorker (SegmentedRaftLogWorker.java:lambda$new$0(133)) - b875dbc0-fa4a-4375-91ba-3cc15c85989b@group-6C37C0E08CC0-SegmentedRaftLogWorker: flushIndex: setUnconditionally 0 -> -1
2021-10-16 01:05:33,201 [pool-55-thread-1] INFO  segmented.SegmentedRaftLogWorker (SegmentedRaftLogWorker.java:lambda$new$0(133)) - b875dbc0-fa4a-4375-91ba-3cc15c85989b@group-6C37C0E08CC0-SegmentedRaftLogWorker: safeCacheEvictIndex: setUnconditionally 0 -> -1
2021-10-16 01:05:33,201 [pool-112-thread-1] INFO  server.RaftServerConfigKeys (ConfUtils.java:logGet(44)) - raft.server.leaderelection.leader.step-down.wait-time = 10s (default)
2021-10-16 01:05:33,201 [pool-112-thread-1] INFO  server.RaftServerConfigKeys (ConfUtils.java:logGet(44)) - raft.server.sleep.deviation.threshold = 300ms (default)
2021-10-16 01:05:33,201 [pool-112-thread-1] INFO  server.RaftServerConfigKeys (ConfUtils.java:logGet(44)) - raft.server.log.appender.install.snapshot.enabled = false (custom)
2021-10-16 01:05:33,201 [pool-112-thread-1] INFO  server.RaftServer$Division (ServerState.java:<init>(105)) - 5d47f048-385c-4622-902c-1a2c4fbfa0fd@group-E433C4010EB1: ConfigurationManager, init=-1: [5d47f048-385c-4622-902c-1a2c4fbfa0fd|rpc:10.1.0.55:38959|priority:1], old=null, confs=<EMPTY_MAP>
2021-10-16 01:05:33,201 [pool-112-thread-1] INFO  server.RaftServerConfigKeys (ConfUtils.java:logGet(44)) - raft.server.storage.dir = [/home/runner/work/ozone/ozone/hadoop-ozone/integration-test/target/test-dir/MiniOzoneClusterImpl-248ee1f4-0f5c-4e53-af87-c176a130d444/datanode-3/data/ratis] (custom)
2021-10-16 01:05:33,201 [pool-112-thread-1] INFO  server.RaftServerConfigKeys (ConfUtils.java:logGet(44)) - raft.server.log.corruption.policy = EXCEPTION (default)
2021-10-16 01:05:33,202 [pool-112-thread-1] INFO  server.RaftServerConfigKeys (ConfUtils.java:logGet(44)) - raft.server.storage.free-space.min = 0MB (=0) (default)
2021-10-16 01:05:33,202 [pool-112-thread-1] INFO  storage.RaftStorageDirectory (RaftStorageDirectoryImpl.java:analyzeStorage(135)) - The storage directory /home/runner/work/ozone/ozone/hadoop-ozone/integration-test/target/test-dir/MiniOzoneClusterImpl-248ee1f4-0f5c-4e53-af87-c176a130d444/datanode-3/data/ratis/56fff4e8-d118-4d0b-abb6-e433c4010eb1 does not exist. Creating ...
2021-10-16 01:05:33,203 [pool-112-thread-1] INFO  storage.RaftStorageDirectory (RaftStorageDirectoryImpl.java:tryLock(230)) - Lock on /home/runner/work/ozone/ozone/hadoop-ozone/integration-test/target/test-dir/MiniOzoneClusterImpl-248ee1f4-0f5c-4e53-af87-c176a130d444/datanode-3/data/ratis/56fff4e8-d118-4d0b-abb6-e433c4010eb1/in_use.lock acquired by nodename 12906@fv-az270-581
2021-10-16 01:05:33,209 [pool-55-thread-1] INFO  server.RaftServerConfigKeys (ConfUtils.java:logGet(44)) - raft.server.snapshot.auto.trigger.enabled = true (custom)
2021-10-16 01:05:33,209 [pool-55-thread-1] INFO  server.RaftServerConfigKeys (ConfUtils.java:logGet(44)) - raft.server.snapshot.auto.trigger.threshold = 1 (custom)
2021-10-16 01:05:33,209 [pool-55-thread-1] INFO  server.RaftServerConfigKeys (ConfUtils.java:logGet(44)) - raft.server.snapshot.retention.file.num = 5 (custom)
2021-10-16 01:05:33,209 [pool-55-thread-1] INFO  server.RaftServerConfigKeys (ConfUtils.java:logGet(44)) - raft.server.log.purge.upto.snapshot.index = false (default)
2021-10-16 01:05:33,210 [pool-112-thread-1] INFO  storage.RaftStorage (RaftStorageImpl.java:format(89)) - Storage directory /home/runner/work/ozone/ozone/hadoop-ozone/integration-test/target/test-dir/MiniOzoneClusterImpl-248ee1f4-0f5c-4e53-af87-c176a130d444/datanode-3/data/ratis/56fff4e8-d118-4d0b-abb6-e433c4010eb1 has been successfully formatted.
2021-10-16 01:05:33,210 [pool-55-thread-1] INFO  server.RaftServerConfigKeys (ConfUtils.java:logGet(44)) - raft.server.retrycache.expirytime = 600000ms (custom)
2021-10-16 01:05:33,210 [pool-55-thread-1] INFO  server.RaftServerConfigKeys (ConfUtils.java:logGet(44)) - raft.server.retrycache.statistics.expirytime = 100μs (default)
2021-10-16 01:05:33,213 [pool-55-thread-1] INFO  server.RaftServer$Division (RaftServerImpl.java:start(296)) - b875dbc0-fa4a-4375-91ba-3cc15c85989b@group-6C37C0E08CC0: start as a follower, conf=-1: [0ad9ea75-306a-4cf7-ba3a-0d6a659ae299|rpc:10.1.0.55:35779|priority:0, b875dbc0-fa4a-4375-91ba-3cc15c85989b|rpc:10.1.0.55:37245|priority:0, 8d52824f-ad79-492b-8fae-12e0fefff0c3|rpc:10.1.0.55:39801|priority:1], old=null
2021-10-16 01:05:33,213 [pool-55-thread-1] INFO  server.RaftServer$Division (RaftServerImpl.java:setRole(285)) - b875dbc0-fa4a-4375-91ba-3cc15c85989b@group-6C37C0E08CC0: changes role from      null to FOLLOWER at term 0 for startAsFollower
2021-10-16 01:05:33,213 [pool-55-thread-1] INFO  impl.RoleInfo (RoleInfo.java:updateAndGet(130)) - b875dbc0-fa4a-4375-91ba-3cc15c85989b: start b875dbc0-fa4a-4375-91ba-3cc15c85989b@group-6C37C0E08CC0-FollowerState
2021-10-16 01:05:33,213 [pool-74-thread-1] INFO  server.RaftServerConfigKeys (ConfUtils.java:logGet(44)) - raft.server.snapshot.auto.trigger.enabled = true (custom)
2021-10-16 01:05:33,213 [pool-74-thread-1] INFO  server.RaftServerConfigKeys (ConfUtils.java:logGet(44)) - raft.server.snapshot.auto.trigger.threshold = 1 (custom)
2021-10-16 01:05:33,214 [pool-74-thread-1] INFO  server.RaftServerConfigKeys (ConfUtils.java:logGet(44)) - raft.server.snapshot.retention.file.num = 5 (custom)
2021-10-16 01:05:33,214 [pool-74-thread-1] INFO  server.RaftServerConfigKeys (ConfUtils.java:logGet(44)) - raft.server.log.purge.upto.snapshot.index = false (default)
2021-10-16 01:05:33,214 [pool-55-thread-1] INFO  util.JmxRegister (JmxRegister.java:tryRegister(44)) - Successfully registered JMX Bean with object name Ratis:service=RaftServer,group=group-6C37C0E08CC0,id=b875dbc0-fa4a-4375-91ba-3cc15c85989b
2021-10-16 01:05:33,215 [Command processor thread] INFO  ratis.XceiverServerRatis (XceiverServerRatis.java:addGroup(768)) - Created group PipelineID=04cabc9b-5756-4e52-bda1-6c37c0e08cc0
2021-10-16 01:05:33,218 [pool-74-thread-1] INFO  server.RaftServerConfigKeys (ConfUtils.java:logGet(44)) - raft.server.retrycache.expirytime = 600000ms (custom)
2021-10-16 01:05:33,219 [pool-74-thread-1] INFO  server.RaftServerConfigKeys (ConfUtils.java:logGet(44)) - raft.server.retrycache.statistics.expirytime = 100μs (default)
2021-10-16 01:05:33,220 [pool-74-thread-1] INFO  server.RaftServer$Division (RaftServerImpl.java:start(296)) - 0ad9ea75-306a-4cf7-ba3a-0d6a659ae299@group-6C37C0E08CC0: start as a follower, conf=-1: [0ad9ea75-306a-4cf7-ba3a-0d6a659ae299|rpc:10.1.0.55:35779|priority:0, b875dbc0-fa4a-4375-91ba-3cc15c85989b|rpc:10.1.0.55:37245|priority:0, 8d52824f-ad79-492b-8fae-12e0fefff0c3|rpc:10.1.0.55:39801|priority:1], old=null
2021-10-16 01:05:33,220 [pool-74-thread-1] INFO  server.RaftServer$Division (RaftServerImpl.java:setRole(285)) - 0ad9ea75-306a-4cf7-ba3a-0d6a659ae299@group-6C37C0E08CC0: changes role from      null to FOLLOWER at term 0 for startAsFollower
2021-10-16 01:05:33,221 [pool-74-thread-1] INFO  impl.RoleInfo (RoleInfo.java:updateAndGet(130)) - 0ad9ea75-306a-4cf7-ba3a-0d6a659ae299: start 0ad9ea75-306a-4cf7-ba3a-0d6a659ae299@group-6C37C0E08CC0-FollowerState
2021-10-16 01:05:33,226 [pool-74-thread-1] INFO  util.JmxRegister (JmxRegister.java:tryRegister(44)) - Successfully registered JMX Bean with object name Ratis:service=RaftServer,group=group-6C37C0E08CC0,id=0ad9ea75-306a-4cf7-ba3a-0d6a659ae299
2021-10-16 01:05:33,233 [pool-112-thread-1] INFO  ratis.ContainerStateMachine (ContainerStateMachine.java:loadSnapshot(224)) - group-E433C4010EB1: The snapshot info is null. Setting the last applied indexto:(t:0, i:~)
2021-10-16 01:05:33,233 [pool-112-thread-1] INFO  server.RaftServerConfigKeys (ConfUtils.java:logGet(44)) - raft.server.notification.no-leader.timeout = 300000ms (custom)
2021-10-16 01:05:33,233 [pool-112-thread-1] INFO  server.RaftServerConfigKeys (ConfUtils.java:logGet(44)) - raft.server.log.use.memory = false (default)
2021-10-16 01:05:33,233 [pool-112-thread-1] INFO  server.RaftServerConfigKeys (ConfUtils.java:logGet(44)) - raft.server.log.purge.gap = 1000000 (custom)
2021-10-16 01:05:33,233 [pool-112-thread-1] INFO  server.RaftServerConfigKeys (ConfUtils.java:logGet(44)) - raft.server.log.appender.buffer.byte-limit = 33554432 (custom)
2021-10-16 01:05:33,233 [pool-112-thread-1] INFO  server.RaftServerConfigKeys (ConfUtils.java:logGet(44)) - raft.server.log.segment.size.max = 1048576 (custom)
2021-10-16 01:05:33,234 [pool-112-thread-1] INFO  server.RaftServerConfigKeys (ConfUtils.java:logGet(44)) - raft.server.log.segment.cache.num.max = 2 (custom)
2021-10-16 01:05:33,234 [pool-112-thread-1] INFO  server.RaftServerConfigKeys (ConfUtils.java:logGet(44)) - raft.server.log.segment.cache.size.max = 200MB (=209715200) (default)
2021-10-16 01:05:33,234 [pool-112-thread-1] INFO  segmented.SegmentedRaftLogWorker (SegmentedRaftLogWorker.java:<init>(182)) - new 5d47f048-385c-4622-902c-1a2c4fbfa0fd@group-E433C4010EB1-SegmentedRaftLogWorker for RaftStorageImpl:Storage Directory /home/runner/work/ozone/ozone/hadoop-ozone/integration-test/target/test-dir/MiniOzoneClusterImpl-248ee1f4-0f5c-4e53-af87-c176a130d444/datanode-3/data/ratis/56fff4e8-d118-4d0b-abb6-e433c4010eb1
2021-10-16 01:05:33,234 [pool-112-thread-1] INFO  server.RaftServerConfigKeys (ConfUtils.java:logGet(44)) - raft.server.log.queue.byte-limit = 2147483647 (custom)
2021-10-16 01:05:33,234 [pool-112-thread-1] INFO  server.RaftServerConfigKeys (ConfUtils.java:logGet(44)) - raft.server.log.queue.element-limit = 1024 (custom)
2021-10-16 01:05:33,234 [pool-112-thread-1] INFO  server.RaftServerConfigKeys (ConfUtils.java:logGet(44)) - raft.server.log.segment.size.max = 1048576 (custom)
2021-10-16 01:05:33,235 [pool-112-thread-1] INFO  server.RaftServerConfigKeys (ConfUtils.java:logGet(44)) - raft.server.log.preallocated.size = 16384 (custom)
2021-10-16 01:05:33,235 [pool-112-thread-1] INFO  server.RaftServerConfigKeys (ConfUtils.java:logGet(44)) - raft.server.log.force.sync.num = 128 (default)
2021-10-16 01:05:33,235 [pool-112-thread-1] INFO  server.RaftServerConfigKeys (ConfUtils.java:logGet(44)) - raft.server.log.statemachine.data.sync = true (default)
2021-10-16 01:05:33,235 [pool-112-thread-1] INFO  server.RaftServerConfigKeys (ConfUtils.java:logGet(44)) - raft.server.log.statemachine.data.sync.timeout = 10s (default)
2021-10-16 01:05:33,235 [pool-112-thread-1] INFO  server.RaftServerConfigKeys (ConfUtils.java:logGet(44)) - raft.server.log.statemachine.data.sync.timeout.retry = -1 (default)
2021-10-16 01:05:33,233 [Command processor thread] INFO  ratis.XceiverServerRatis (XceiverServerRatis.java:addGroup(768)) - Created group PipelineID=04cabc9b-5756-4e52-bda1-6c37c0e08cc0
2021-10-16 01:05:33,236 [Datanode State Machine Thread - 0] WARN  statemachine.StateContext (StateContext.java:execute(621)) - No available thread in pool for past 0 seconds.
2021-10-16 01:05:33,241 [EventQueue-PipelineReportForPipelineReportHandler] INFO  pipeline.PipelineManagerImpl (PipelineManagerImpl.java:openPipeline(282)) - Pipeline Pipeline[ Id: 56fff4e8-d118-4d0b-abb6-e433c4010eb1, Nodes: 5d47f048-385c-4622-902c-1a2c4fbfa0fd{ip: 10.1.0.55, host: fv-az270-581.tacnzluakwdehk1hpragurqkma.bx.internal.cloudapp.net, ports: [REPLICATION=34891, RATIS=38959, RATIS_ADMIN=38959, RATIS_SERVER=38959, STANDALONE=45719], networkLocation: /default-rack, certSerialId: null, persistedOpState: IN_SERVICE, persistedOpStateExpiryEpochSec: 0}, ReplicationConfig: RATIS/ONE, State:ALLOCATED, leaderId:5d47f048-385c-4622-902c-1a2c4fbfa0fd, CreationTimestamp2021-10-16T01:05:30.162Z[Etc/UTC]] moved to OPEN state
2021-10-16 01:05:33,241 [EventQueue-OpenPipelineForHealthyPipelineSafeModeRule] INFO  safemode.SCMSafeModeManager (HealthyPipelineSafeModeRule.java:process(124)) - SCM in safe mode. Healthy pipelines reported count is 0, required healthy pipeline reported count is 1
2021-10-16 01:05:33,242 [pool-112-thread-1] INFO  server.RaftServerConfigKeys (ConfUtils.java:logGet(44)) - raft.server.log.write.buffer.size = 1048576 (custom)
2021-10-16 01:05:33,254 [pool-112-thread-1] INFO  server.RaftServerConfigKeys (ConfUtils.java:logGet(44)) - raft.server.log.statemachine.data.caching.enabled = true (custom)
2021-10-16 01:05:33,254 [pool-112-thread-1] INFO  segmented.SegmentedRaftLogWorker (SegmentedRaftLogWorker.java:lambda$new$0(133)) - 5d47f048-385c-4622-902c-1a2c4fbfa0fd@group-E433C4010EB1-SegmentedRaftLogWorker: flushIndex: setUnconditionally 0 -> -1
2021-10-16 01:05:33,254 [pool-112-thread-1] INFO  segmented.SegmentedRaftLogWorker (SegmentedRaftLogWorker.java:lambda$new$0(133)) - 5d47f048-385c-4622-902c-1a2c4fbfa0fd@group-E433C4010EB1-SegmentedRaftLogWorker: safeCacheEvictIndex: setUnconditionally 0 -> -1
2021-10-16 01:05:33,260 [pool-112-thread-1] INFO  server.RaftServerConfigKeys (ConfUtils.java:logGet(44)) - raft.server.snapshot.auto.trigger.enabled = true (custom)
2021-10-16 01:05:33,260 [pool-112-thread-1] INFO  server.RaftServerConfigKeys (ConfUtils.java:logGet(44)) - raft.server.snapshot.auto.trigger.threshold = 1 (custom)
2021-10-16 01:05:33,260 [pool-112-thread-1] INFO  server.RaftServerConfigKeys (ConfUtils.java:logGet(44)) - raft.server.snapshot.retention.file.num = 5 (custom)
2021-10-16 01:05:33,260 [pool-112-thread-1] INFO  server.RaftServerConfigKeys (ConfUtils.java:logGet(44)) - raft.server.log.purge.upto.snapshot.index = false (default)
2021-10-16 01:05:33,260 [pool-112-thread-1] INFO  server.RaftServerConfigKeys (ConfUtils.java:logGet(44)) - raft.server.retrycache.expirytime = 600000ms (custom)
2021-10-16 01:05:33,260 [pool-112-thread-1] INFO  server.RaftServerConfigKeys (ConfUtils.java:logGet(44)) - raft.server.retrycache.statistics.expirytime = 100μs (default)
2021-10-16 01:05:33,262 [pool-112-thread-1] INFO  server.RaftServer$Division (RaftServerImpl.java:start(296)) - 5d47f048-385c-4622-902c-1a2c4fbfa0fd@group-E433C4010EB1: start as a follower, conf=-1: [5d47f048-385c-4622-902c-1a2c4fbfa0fd|rpc:10.1.0.55:38959|priority:1], old=null
2021-10-16 01:05:33,262 [pool-112-thread-1] INFO  server.RaftServer$Division (RaftServerImpl.java:setRole(285)) - 5d47f048-385c-4622-902c-1a2c4fbfa0fd@group-E433C4010EB1: changes role from      null to FOLLOWER at term 0 for startAsFollower
2021-10-16 01:05:33,262 [pool-112-thread-1] INFO  impl.RoleInfo (RoleInfo.java:updateAndGet(130)) - 5d47f048-385c-4622-902c-1a2c4fbfa0fd: start 5d47f048-385c-4622-902c-1a2c4fbfa0fd@group-E433C4010EB1-FollowerState
2021-10-16 01:05:33,263 [pool-112-thread-1] INFO  util.JmxRegister (JmxRegister.java:tryRegister(44)) - Successfully registered JMX Bean with object name Ratis:service=RaftServer,group=group-E433C4010EB1,id=5d47f048-385c-4622-902c-1a2c4fbfa0fd
2021-10-16 01:05:33,264 [Command processor thread] INFO  ratis.XceiverServerRatis (XceiverServerRatis.java:addGroup(768)) - Created group PipelineID=56fff4e8-d118-4d0b-abb6-e433c4010eb1
2021-10-16 01:05:33,264 [Command processor thread] INFO  commandhandler.CreatePipelineCommandHandler (CreatePipelineCommandHandler.java:handle(106)) - Created Pipeline RATIS ONE PipelineID=56fff4e8-d118-4d0b-abb6-e433c4010eb1.
2021-10-16 01:05:33,264 [Command processor thread] INFO  server.RaftServer (RaftServerProxy.java:addNew(95)) - 5d47f048-385c-4622-902c-1a2c4fbfa0fd: addNew group-45D0AF5F9F82:[5d47f048-385c-4622-902c-1a2c4fbfa0fd|rpc:10.1.0.55:38959|priority:1, 7a90a2fd-4c46-424f-b10b-a3a7d32abd98|rpc:10.1.0.55:46627|priority:0, 9788528e-c4e7-43d7-a896-13140055b23a|rpc:10.1.0.55:44875|priority:0] returns group-45D0AF5F9F82:java.util.concurrent.CompletableFuture@78addad1[Not completed]
2021-10-16 01:05:33,269 [grpc-default-executor-2] INFO  server.RaftServer (RaftServerProxy.java:addNew(95)) - 8d52824f-ad79-492b-8fae-12e0fefff0c3: addNew group-6C37C0E08CC0:[0ad9ea75-306a-4cf7-ba3a-0d6a659ae299|rpc:10.1.0.55:35779|dataStream:|priority:0, b875dbc0-fa4a-4375-91ba-3cc15c85989b|rpc:10.1.0.55:37245|dataStream:|priority:0, 8d52824f-ad79-492b-8fae-12e0fefff0c3|rpc:10.1.0.55:39801|dataStream:|priority:1] returns group-6C37C0E08CC0:java.util.concurrent.CompletableFuture@28779504[Not completed]
2021-10-16 01:05:33,269 [Command processor thread] INFO  commandhandler.CreatePipelineCommandHandler (CreatePipelineCommandHandler.java:handle(106)) - Created Pipeline RATIS THREE PipelineID=d1b107aa-4fbd-4663-b259-6d649bbcf7bf.
2021-10-16 01:05:33,270 [pool-93-thread-1] INFO  server.RaftServer$Division (RaftServerImpl.java:<init>(181)) - 8d52824f-ad79-492b-8fae-12e0fefff0c3: new RaftServerImpl for group-6C37C0E08CC0:[0ad9ea75-306a-4cf7-ba3a-0d6a659ae299|rpc:10.1.0.55:35779|dataStream:|priority:0, b875dbc0-fa4a-4375-91ba-3cc15c85989b|rpc:10.1.0.55:37245|dataStream:|priority:0, 8d52824f-ad79-492b-8fae-12e0fefff0c3|rpc:10.1.0.55:39801|dataStream:|priority:1] with ContainerStateMachine:uninitialized
2021-10-16 01:05:33,270 [pool-93-thread-1] INFO  server.RaftServerConfigKeys (ConfUtils.java:logGet(44)) - raft.server.rpc.timeout.min = 5s (custom)
2021-10-16 01:05:33,270 [pool-93-thread-1] INFO  server.RaftServerConfigKeys (ConfUtils.java:logGet(44)) - raft.server.rpc.timeout.max = 5200ms (custom)
2021-10-16 01:05:33,270 [Command processor thread] ERROR commandhandler.CreatePipelineCommandHandler (CreatePipelineCommandHandler.java:handle(111)) - Can't create pipeline RATIS THREE PipelineID=04cabc9b-5756-4e52-bda1-6c37c0e08cc0
java.io.IOException: 8d52824f-ad79-492b-8fae-12e0fefff0c3: Failed to add group-6C37C0E08CC0:[0ad9ea75-306a-4cf7-ba3a-0d6a659ae299|rpc:10.1.0.55:35779|priority:0, b875dbc0-fa4a-4375-91ba-3cc15c85989b|rpc:10.1.0.55:37245|priority:0, 8d52824f-ad79-492b-8fae-12e0fefff0c3|rpc:10.1.0.55:39801|priority:1] since the group already exists in the map.
	at org.apache.hadoop.ozone.container.common.transport.server.ratis.XceiverServerRatis.addGroup(XceiverServerRatis.java:765)
	at org.apache.hadoop.ozone.container.common.statemachine.commandhandler.CreatePipelineCommandHandler.handle(CreatePipelineCommandHandler.java:92)
	at org.apache.hadoop.ozone.container.common.statemachine.commandhandler.CommandDispatcher.handle(CommandDispatcher.java:99)
	at org.apache.hadoop.ozone.container.common.statemachine.DatanodeStateMachine.lambda$initCommandHandlerThread$2(DatanodeStateMachine.java:563)
	at java.lang.Thread.run(Thread.java:748)
Caused by: org.apache.ratis.protocol.exceptions.AlreadyExistsException: 8d52824f-ad79-492b-8fae-12e0fefff0c3: Failed to add group-6C37C0E08CC0:[0ad9ea75-306a-4cf7-ba3a-0d6a659ae299|rpc:10.1.0.55:35779|priority:0, b875dbc0-fa4a-4375-91ba-3cc15c85989b|rpc:10.1.0.55:37245|priority:0, 8d52824f-ad79-492b-8fae-12e0fefff0c3|rpc:10.1.0.55:39801|priority:1] since the group already exists in the map.
	at org.apache.ratis.server.impl.RaftServerProxy$ImplMap.addNew(RaftServerProxy.java:89)
	at org.apache.ratis.server.impl.RaftServerProxy.groupAddAsync(RaftServerProxy.java:472)
	at org.apache.ratis.server.impl.RaftServerProxy.groupManagementAsync(RaftServerProxy.java:456)
	at org.apache.ratis.server.impl.RaftServerProxy.groupManagement(RaftServerProxy.java:440)
	at org.apache.hadoop.ozone.container.common.transport.server.ratis.XceiverServerRatis.addGroup(XceiverServerRatis.java:763)
	... 4 more
2021-10-16 01:05:33,279 [pool-112-thread-1] INFO  server.RaftServer$Division (RaftServerImpl.java:<init>(181)) - 5d47f048-385c-4622-902c-1a2c4fbfa0fd: new RaftServerImpl for group-45D0AF5F9F82:[5d47f048-385c-4622-902c-1a2c4fbfa0fd|rpc:10.1.0.55:38959|priority:1, 7a90a2fd-4c46-424f-b10b-a3a7d32abd98|rpc:10.1.0.55:46627|priority:0, 9788528e-c4e7-43d7-a896-13140055b23a|rpc:10.1.0.55:44875|priority:0] with ContainerStateMachine:uninitialized
2021-10-16 01:05:33,286 [pool-112-thread-1] INFO  server.RaftServerConfigKeys (ConfUtils.java:logGet(44)) - raft.server.rpc.timeout.min = 5s (custom)
2021-10-16 01:05:33,286 [pool-112-thread-1] INFO  server.RaftServerConfigKeys (ConfUtils.java:logGet(44)) - raft.server.rpc.timeout.max = 5200ms (custom)
2021-10-16 01:05:33,286 [pool-112-thread-1] INFO  server.RaftServerConfigKeys (ConfUtils.java:logGet(44)) - raft.server.rpc.sleep.time = 25ms (default)
2021-10-16 01:05:33,286 [pool-112-thread-1] INFO  server.RaftServerConfigKeys (ConfUtils.java:logGet(44)) - raft.server.rpc.slowness.timeout = 300000ms (custom)
2021-10-16 01:05:33,286 [pool-112-thread-1] INFO  server.RaftServerConfigKeys (ConfUtils.java:logGet(44)) - raft.server.leaderelection.leader.step-down.wait-time = 10s (default)
2021-10-16 01:05:33,286 [pool-112-thread-1] INFO  server.RaftServerConfigKeys (ConfUtils.java:logGet(44)) - raft.server.sleep.deviation.threshold = 300ms (default)
2021-10-16 01:05:33,286 [pool-112-thread-1] INFO  server.RaftServerConfigKeys (ConfUtils.java:logGet(44)) - raft.server.log.appender.install.snapshot.enabled = false (custom)
2021-10-16 01:05:33,270 [pool-93-thread-1] INFO  server.RaftServerConfigKeys (ConfUtils.java:logGet(44)) - raft.server.rpc.sleep.time = 25ms (default)
2021-10-16 01:05:33,286 [pool-93-thread-1] INFO  server.RaftServerConfigKeys (ConfUtils.java:logGet(44)) - raft.server.rpc.slowness.timeout = 300000ms (custom)
2021-10-16 01:05:33,286 [pool-93-thread-1] INFO  server.RaftServerConfigKeys (ConfUtils.java:logGet(44)) - raft.server.leaderelection.leader.step-down.wait-time = 10s (default)
2021-10-16 01:05:33,287 [pool-93-thread-1] INFO  server.RaftServerConfigKeys (ConfUtils.java:logGet(44)) - raft.server.sleep.deviation.threshold = 300ms (default)
2021-10-16 01:05:33,287 [pool-93-thread-1] INFO  server.RaftServerConfigKeys (ConfUtils.java:logGet(44)) - raft.server.log.appender.install.snapshot.enabled = false (custom)
2021-10-16 01:05:33,287 [pool-93-thread-1] INFO  server.RaftServer$Division (ServerState.java:<init>(105)) - 8d52824f-ad79-492b-8fae-12e0fefff0c3@group-6C37C0E08CC0: ConfigurationManager, init=-1: [0ad9ea75-306a-4cf7-ba3a-0d6a659ae299|rpc:10.1.0.55:35779|dataStream:|priority:0, b875dbc0-fa4a-4375-91ba-3cc15c85989b|rpc:10.1.0.55:37245|dataStream:|priority:0, 8d52824f-ad79-492b-8fae-12e0fefff0c3|rpc:10.1.0.55:39801|dataStream:|priority:1], old=null, confs=<EMPTY_MAP>
2021-10-16 01:05:33,287 [pool-93-thread-1] INFO  server.RaftServerConfigKeys (ConfUtils.java:logGet(44)) - raft.server.storage.dir = [/home/runner/work/ozone/ozone/hadoop-ozone/integration-test/target/test-dir/MiniOzoneClusterImpl-248ee1f4-0f5c-4e53-af87-c176a130d444/datanode-2/data/ratis] (custom)
2021-10-16 01:05:33,287 [pool-93-thread-1] INFO  server.RaftServerConfigKeys (ConfUtils.java:logGet(44)) - raft.server.log.corruption.policy = EXCEPTION (default)
2021-10-16 01:05:33,287 [pool-93-thread-1] INFO  server.RaftServerConfigKeys (ConfUtils.java:logGet(44)) - raft.server.storage.free-space.min = 0MB (=0) (default)
2021-10-16 01:05:33,287 [pool-93-thread-1] INFO  storage.RaftStorageDirectory (RaftStorageDirectoryImpl.java:analyzeStorage(135)) - The storage directory /home/runner/work/ozone/ozone/hadoop-ozone/integration-test/target/test-dir/MiniOzoneClusterImpl-248ee1f4-0f5c-4e53-af87-c176a130d444/datanode-2/data/ratis/04cabc9b-5756-4e52-bda1-6c37c0e08cc0 does not exist. Creating ...
2021-10-16 01:05:33,286 [pool-112-thread-1] INFO  server.RaftServer$Division (ServerState.java:<init>(105)) - 5d47f048-385c-4622-902c-1a2c4fbfa0fd@group-45D0AF5F9F82: ConfigurationManager, init=-1: [5d47f048-385c-4622-902c-1a2c4fbfa0fd|rpc:10.1.0.55:38959|priority:1, 7a90a2fd-4c46-424f-b10b-a3a7d32abd98|rpc:10.1.0.55:46627|priority:0, 9788528e-c4e7-43d7-a896-13140055b23a|rpc:10.1.0.55:44875|priority:0], old=null, confs=<EMPTY_MAP>
2021-10-16 01:05:33,287 [EventQueue-OpenPipelineForHealthyPipelineSafeModeRule] INFO  safemode.SCMSafeModeManager (HealthyPipelineSafeModeRule.java:process(124)) - SCM in safe mode. Healthy pipelines reported count is 0, required healthy pipeline reported count is 1
2021-10-16 01:05:33,288 [pool-112-thread-1] INFO  server.RaftServerConfigKeys (ConfUtils.java:logGet(44)) - raft.server.storage.dir = [/home/runner/work/ozone/ozone/hadoop-ozone/integration-test/target/test-dir/MiniOzoneClusterImpl-248ee1f4-0f5c-4e53-af87-c176a130d444/datanode-3/data/ratis] (custom)
2021-10-16 01:05:33,288 [pool-112-thread-1] INFO  server.RaftServerConfigKeys (ConfUtils.java:logGet(44)) - raft.server.log.corruption.policy = EXCEPTION (default)
2021-10-16 01:05:33,288 [pool-112-thread-1] INFO  server.RaftServerConfigKeys (ConfUtils.java:logGet(44)) - raft.server.storage.free-space.min = 0MB (=0) (default)
2021-10-16 01:05:33,288 [pool-112-thread-1] INFO  storage.RaftStorageDirectory (RaftStorageDirectoryImpl.java:analyzeStorage(135)) - The storage directory /home/runner/work/ozone/ozone/hadoop-ozone/integration-test/target/test-dir/MiniOzoneClusterImpl-248ee1f4-0f5c-4e53-af87-c176a130d444/datanode-3/data/ratis/06c9b66e-3d37-49ac-87e4-45d0af5f9f82 does not exist. Creating ...
2021-10-16 01:05:33,289 [pool-112-thread-1] INFO  storage.RaftStorageDirectory (RaftStorageDirectoryImpl.java:tryLock(230)) - Lock on /home/runner/work/ozone/ozone/hadoop-ozone/integration-test/target/test-dir/MiniOzoneClusterImpl-248ee1f4-0f5c-4e53-af87-c176a130d444/datanode-3/data/ratis/06c9b66e-3d37-49ac-87e4-45d0af5f9f82/in_use.lock acquired by nodename 12906@fv-az270-581
2021-10-16 01:05:33,290 [pool-93-thread-1] INFO  storage.RaftStorageDirectory (RaftStorageDirectoryImpl.java:tryLock(230)) - Lock on /home/runner/work/ozone/ozone/hadoop-ozone/integration-test/target/test-dir/MiniOzoneClusterImpl-248ee1f4-0f5c-4e53-af87-c176a130d444/datanode-2/data/ratis/04cabc9b-5756-4e52-bda1-6c37c0e08cc0/in_use.lock acquired by nodename 12906@fv-az270-581
2021-10-16 01:05:33,291 [pool-112-thread-1] INFO  storage.RaftStorage (RaftStorageImpl.java:format(89)) - Storage directory /home/runner/work/ozone/ozone/hadoop-ozone/integration-test/target/test-dir/MiniOzoneClusterImpl-248ee1f4-0f5c-4e53-af87-c176a130d444/datanode-3/data/ratis/06c9b66e-3d37-49ac-87e4-45d0af5f9f82 has been successfully formatted.
2021-10-16 01:05:33,292 [pool-112-thread-1] INFO  ratis.ContainerStateMachine (ContainerStateMachine.java:loadSnapshot(224)) - group-45D0AF5F9F82: The snapshot info is null. Setting the last applied indexto:(t:0, i:~)
2021-10-16 01:05:33,292 [pool-112-thread-1] INFO  server.RaftServerConfigKeys (ConfUtils.java:logGet(44)) - raft.server.notification.no-leader.timeout = 300000ms (custom)
2021-10-16 01:05:33,292 [pool-112-thread-1] INFO  server.RaftServerConfigKeys (ConfUtils.java:logGet(44)) - raft.server.log.use.memory = false (default)
2021-10-16 01:05:33,292 [pool-112-thread-1] INFO  server.RaftServerConfigKeys (ConfUtils.java:logGet(44)) - raft.server.log.purge.gap = 1000000 (custom)
2021-10-16 01:05:33,292 [pool-112-thread-1] INFO  server.RaftServerConfigKeys (ConfUtils.java:logGet(44)) - raft.server.log.appender.buffer.byte-limit = 33554432 (custom)
2021-10-16 01:05:33,293 [EventQueue-OpenPipelineForHealthyPipelineSafeModeRule] INFO  safemode.SCMSafeModeManager (HealthyPipelineSafeModeRule.java:process(124)) - SCM in safe mode. Healthy pipelines reported count is 0, required healthy pipeline reported count is 1
2021-10-16 01:05:33,293 [pool-93-thread-1] INFO  storage.RaftStorage (RaftStorageImpl.java:format(89)) - Storage directory /home/runner/work/ozone/ozone/hadoop-ozone/integration-test/target/test-dir/MiniOzoneClusterImpl-248ee1f4-0f5c-4e53-af87-c176a130d444/datanode-2/data/ratis/04cabc9b-5756-4e52-bda1-6c37c0e08cc0 has been successfully formatted.
2021-10-16 01:05:33,293 [pool-112-thread-1] INFO  server.RaftServerConfigKeys (ConfUtils.java:logGet(44)) - raft.server.log.segment.size.max = 1048576 (custom)
2021-10-16 01:05:33,295 [pool-112-thread-1] INFO  server.RaftServerConfigKeys (ConfUtils.java:logGet(44)) - raft.server.log.segment.cache.num.max = 2 (custom)
2021-10-16 01:05:33,295 [pool-112-thread-1] INFO  server.RaftServerConfigKeys (ConfUtils.java:logGet(44)) - raft.server.log.segment.cache.size.max = 200MB (=209715200) (default)
2021-10-16 01:05:33,295 [pool-93-thread-1] INFO  ratis.ContainerStateMachine (ContainerStateMachine.java:loadSnapshot(224)) - group-6C37C0E08CC0: The snapshot info is null. Setting the last applied indexto:(t:0, i:~)
2021-10-16 01:05:33,296 [pool-93-thread-1] INFO  server.RaftServerConfigKeys (ConfUtils.java:logGet(44)) - raft.server.notification.no-leader.timeout = 300000ms (custom)
2021-10-16 01:05:33,296 [pool-93-thread-1] INFO  server.RaftServerConfigKeys (ConfUtils.java:logGet(44)) - raft.server.log.use.memory = false (default)
2021-10-16 01:05:33,296 [pool-93-thread-1] INFO  server.RaftServerConfigKeys (ConfUtils.java:logGet(44)) - raft.server.log.purge.gap = 1000000 (custom)
2021-10-16 01:05:33,296 [pool-93-thread-1] INFO  server.RaftServerConfigKeys (ConfUtils.java:logGet(44)) - raft.server.log.appender.buffer.byte-limit = 33554432 (custom)
2021-10-16 01:05:33,296 [pool-112-thread-1] INFO  segmented.SegmentedRaftLogWorker (SegmentedRaftLogWorker.java:<init>(182)) - new 5d47f048-385c-4622-902c-1a2c4fbfa0fd@group-45D0AF5F9F82-SegmentedRaftLogWorker for RaftStorageImpl:Storage Directory /home/runner/work/ozone/ozone/hadoop-ozone/integration-test/target/test-dir/MiniOzoneClusterImpl-248ee1f4-0f5c-4e53-af87-c176a130d444/datanode-3/data/ratis/06c9b66e-3d37-49ac-87e4-45d0af5f9f82
2021-10-16 01:05:33,297 [pool-112-thread-1] INFO  server.RaftServerConfigKeys (ConfUtils.java:logGet(44)) - raft.server.log.queue.byte-limit = 2147483647 (custom)
2021-10-16 01:05:33,296 [EventQueue-OpenPipelineForHealthyPipelineSafeModeRule] INFO  safemode.SCMSafeModeManager (HealthyPipelineSafeModeRule.java:process(124)) - SCM in safe mode. Healthy pipelines reported count is 0, required healthy pipeline reported count is 1
2021-10-16 01:05:33,297 [pool-112-thread-1] INFO  server.RaftServerConfigKeys (ConfUtils.java:logGet(44)) - raft.server.log.queue.element-limit = 1024 (custom)
2021-10-16 01:05:33,297 [pool-112-thread-1] INFO  server.RaftServerConfigKeys (ConfUtils.java:logGet(44)) - raft.server.log.segment.size.max = 1048576 (custom)
2021-10-16 01:05:33,298 [pool-112-thread-1] INFO  server.RaftServerConfigKeys (ConfUtils.java:logGet(44)) - raft.server.log.preallocated.size = 16384 (custom)
2021-10-16 01:05:33,298 [pool-112-thread-1] INFO  server.RaftServerConfigKeys (ConfUtils.java:logGet(44)) - raft.server.log.force.sync.num = 128 (default)
2021-10-16 01:05:33,298 [pool-112-thread-1] INFO  server.RaftServerConfigKeys (ConfUtils.java:logGet(44)) - raft.server.log.statemachine.data.sync = true (default)
2021-10-16 01:05:33,298 [pool-112-thread-1] INFO  server.RaftServerConfigKeys (ConfUtils.java:logGet(44)) - raft.server.log.statemachine.data.sync.timeout = 10s (default)
2021-10-16 01:05:33,299 [pool-112-thread-1] INFO  server.RaftServerConfigKeys (ConfUtils.java:logGet(44)) - raft.server.log.statemachine.data.sync.timeout.retry = -1 (default)
2021-10-16 01:05:33,298 [pool-93-thread-1] INFO  server.RaftServerConfigKeys (ConfUtils.java:logGet(44)) - raft.server.log.segment.size.max = 1048576 (custom)
2021-10-16 01:05:33,299 [pool-93-thread-1] INFO  server.RaftServerConfigKeys (ConfUtils.java:logGet(44)) - raft.server.log.segment.cache.num.max = 2 (custom)
2021-10-16 01:05:33,304 [pool-93-thread-1] INFO  server.RaftServerConfigKeys (ConfUtils.java:logGet(44)) - raft.server.log.segment.cache.size.max = 200MB (=209715200) (default)
2021-10-16 01:05:33,305 [pool-93-thread-1] INFO  segmented.SegmentedRaftLogWorker (SegmentedRaftLogWorker.java:<init>(182)) - new 8d52824f-ad79-492b-8fae-12e0fefff0c3@group-6C37C0E08CC0-SegmentedRaftLogWorker for RaftStorageImpl:Storage Directory /home/runner/work/ozone/ozone/hadoop-ozone/integration-test/target/test-dir/MiniOzoneClusterImpl-248ee1f4-0f5c-4e53-af87-c176a130d444/datanode-2/data/ratis/04cabc9b-5756-4e52-bda1-6c37c0e08cc0
2021-10-16 01:05:33,306 [pool-93-thread-1] INFO  server.RaftServerConfigKeys (ConfUtils.java:logGet(44)) - raft.server.log.queue.byte-limit = 2147483647 (custom)
2021-10-16 01:05:33,306 [pool-93-thread-1] INFO  server.RaftServerConfigKeys (ConfUtils.java:logGet(44)) - raft.server.log.queue.element-limit = 1024 (custom)
2021-10-16 01:05:33,306 [pool-93-thread-1] INFO  server.RaftServerConfigKeys (ConfUtils.java:logGet(44)) - raft.server.log.segment.size.max = 1048576 (custom)
2021-10-16 01:05:33,306 [pool-93-thread-1] INFO  server.RaftServerConfigKeys (ConfUtils.java:logGet(44)) - raft.server.log.preallocated.size = 16384 (custom)
2021-10-16 01:05:33,306 [pool-93-thread-1] INFO  server.RaftServerConfigKeys (ConfUtils.java:logGet(44)) - raft.server.log.force.sync.num = 128 (default)
2021-10-16 01:05:33,306 [pool-93-thread-1] INFO  server.RaftServerConfigKeys (ConfUtils.java:logGet(44)) - raft.server.log.statemachine.data.sync = true (default)
2021-10-16 01:05:33,306 [pool-93-thread-1] INFO  server.RaftServerConfigKeys (ConfUtils.java:logGet(44)) - raft.server.log.statemachine.data.sync.timeout = 10s (default)
2021-10-16 01:05:33,306 [pool-93-thread-1] INFO  server.RaftServerConfigKeys (ConfUtils.java:logGet(44)) - raft.server.log.statemachine.data.sync.timeout.retry = -1 (default)
2021-10-16 01:05:33,301 [pool-112-thread-1] INFO  server.RaftServerConfigKeys (ConfUtils.java:logGet(44)) - raft.server.log.write.buffer.size = 1048576 (custom)
2021-10-16 01:05:33,307 [pool-112-thread-1] INFO  server.RaftServerConfigKeys (ConfUtils.java:logGet(44)) - raft.server.log.statemachine.data.caching.enabled = true (custom)
2021-10-16 01:05:33,307 [pool-112-thread-1] INFO  segmented.SegmentedRaftLogWorker (SegmentedRaftLogWorker.java:lambda$new$0(133)) - 5d47f048-385c-4622-902c-1a2c4fbfa0fd@group-45D0AF5F9F82-SegmentedRaftLogWorker: flushIndex: setUnconditionally 0 -> -1
2021-10-16 01:05:33,308 [pool-112-thread-1] INFO  segmented.SegmentedRaftLogWorker (SegmentedRaftLogWorker.java:lambda$new$0(133)) - 5d47f048-385c-4622-902c-1a2c4fbfa0fd@group-45D0AF5F9F82-SegmentedRaftLogWorker: safeCacheEvictIndex: setUnconditionally 0 -> -1
2021-10-16 01:05:33,308 [pool-112-thread-1] INFO  server.RaftServerConfigKeys (ConfUtils.java:logGet(44)) - raft.server.snapshot.auto.trigger.enabled = true (custom)
2021-10-16 01:05:33,308 [pool-112-thread-1] INFO  server.RaftServerConfigKeys (ConfUtils.java:logGet(44)) - raft.server.snapshot.auto.trigger.threshold = 1 (custom)
2021-10-16 01:05:33,308 [pool-112-thread-1] INFO  server.RaftServerConfigKeys (ConfUtils.java:logGet(44)) - raft.server.snapshot.retention.file.num = 5 (custom)
2021-10-16 01:05:33,308 [pool-112-thread-1] INFO  server.RaftServerConfigKeys (ConfUtils.java:logGet(44)) - raft.server.log.purge.upto.snapshot.index = false (default)
2021-10-16 01:05:33,308 [pool-112-thread-1] INFO  server.RaftServerConfigKeys (ConfUtils.java:logGet(44)) - raft.server.retrycache.expirytime = 600000ms (custom)
2021-10-16 01:05:33,308 [pool-112-thread-1] INFO  server.RaftServerConfigKeys (ConfUtils.java:logGet(44)) - raft.server.retrycache.statistics.expirytime = 100μs (default)
2021-10-16 01:05:33,310 [pool-112-thread-1] INFO  server.RaftServer$Division (RaftServerImpl.java:start(296)) - 5d47f048-385c-4622-902c-1a2c4fbfa0fd@group-45D0AF5F9F82: start as a follower, conf=-1: [5d47f048-385c-4622-902c-1a2c4fbfa0fd|rpc:10.1.0.55:38959|priority:1, 7a90a2fd-4c46-424f-b10b-a3a7d32abd98|rpc:10.1.0.55:46627|priority:0, 9788528e-c4e7-43d7-a896-13140055b23a|rpc:10.1.0.55:44875|priority:0], old=null
2021-10-16 01:05:33,310 [pool-112-thread-1] INFO  server.RaftServer$Division (RaftServerImpl.java:setRole(285)) - 5d47f048-385c-4622-902c-1a2c4fbfa0fd@group-45D0AF5F9F82: changes role from      null to FOLLOWER at term 0 for startAsFollower
2021-10-16 01:05:33,310 [pool-112-thread-1] INFO  impl.RoleInfo (RoleInfo.java:updateAndGet(130)) - 5d47f048-385c-4622-902c-1a2c4fbfa0fd: start 5d47f048-385c-4622-902c-1a2c4fbfa0fd@group-45D0AF5F9F82-FollowerState
2021-10-16 01:05:33,310 [pool-112-thread-1] INFO  util.JmxRegister (JmxRegister.java:tryRegister(44)) - Successfully registered JMX Bean with object name Ratis:service=RaftServer,group=group-45D0AF5F9F82,id=5d47f048-385c-4622-902c-1a2c4fbfa0fd
2021-10-16 01:05:33,312 [pool-93-thread-1] INFO  server.RaftServerConfigKeys (ConfUtils.java:logGet(44)) - raft.server.log.write.buffer.size = 1048576 (custom)
2021-10-16 01:05:33,312 [pool-93-thread-1] INFO  server.RaftServerConfigKeys (ConfUtils.java:logGet(44)) - raft.server.log.statemachine.data.caching.enabled = true (custom)
2021-10-16 01:05:33,313 [pool-93-thread-1] INFO  segmented.SegmentedRaftLogWorker (SegmentedRaftLogWorker.java:lambda$new$0(133)) - 8d52824f-ad79-492b-8fae-12e0fefff0c3@group-6C37C0E08CC0-SegmentedRaftLogWorker: flushIndex: setUnconditionally 0 -> -1
2021-10-16 01:05:33,313 [pool-93-thread-1] INFO  segmented.SegmentedRaftLogWorker (SegmentedRaftLogWorker.java:lambda$new$0(133)) - 8d52824f-ad79-492b-8fae-12e0fefff0c3@group-6C37C0E08CC0-SegmentedRaftLogWorker: safeCacheEvictIndex: setUnconditionally 0 -> -1
2021-10-16 01:05:33,315 [pool-93-thread-1] INFO  server.RaftServerConfigKeys (ConfUtils.java:logGet(44)) - raft.server.snapshot.auto.trigger.enabled = true (custom)
2021-10-16 01:05:33,315 [pool-93-thread-1] INFO  server.RaftServerConfigKeys (ConfUtils.java:logGet(44)) - raft.server.snapshot.auto.trigger.threshold = 1 (custom)
2021-10-16 01:05:33,315 [pool-93-thread-1] INFO  server.RaftServerConfigKeys (ConfUtils.java:logGet(44)) - raft.server.snapshot.retention.file.num = 5 (custom)
2021-10-16 01:05:33,315 [pool-93-thread-1] INFO  server.RaftServerConfigKeys (ConfUtils.java:logGet(44)) - raft.server.log.purge.upto.snapshot.index = false (default)
2021-10-16 01:05:33,315 [pool-93-thread-1] INFO  server.RaftServerConfigKeys (ConfUtils.java:logGet(44)) - raft.server.retrycache.expirytime = 600000ms (custom)
2021-10-16 01:05:33,316 [pool-93-thread-1] INFO  server.RaftServerConfigKeys (ConfUtils.java:logGet(44)) - raft.server.retrycache.statistics.expirytime = 100μs (default)
2021-10-16 01:05:33,317 [pool-93-thread-1] INFO  server.RaftServer$Division (RaftServerImpl.java:start(296)) - 8d52824f-ad79-492b-8fae-12e0fefff0c3@group-6C37C0E08CC0: start as a follower, conf=-1: [0ad9ea75-306a-4cf7-ba3a-0d6a659ae299|rpc:10.1.0.55:35779|dataStream:|priority:0, b875dbc0-fa4a-4375-91ba-3cc15c85989b|rpc:10.1.0.55:37245|dataStream:|priority:0, 8d52824f-ad79-492b-8fae-12e0fefff0c3|rpc:10.1.0.55:39801|dataStream:|priority:1], old=null
2021-10-16 01:05:33,317 [pool-93-thread-1] INFO  server.RaftServer$Division (RaftServerImpl.java:setRole(285)) - 8d52824f-ad79-492b-8fae-12e0fefff0c3@group-6C37C0E08CC0: changes role from      null to FOLLOWER at term 0 for startAsFollower
2021-10-16 01:05:33,318 [pool-93-thread-1] INFO  impl.RoleInfo (RoleInfo.java:updateAndGet(130)) - 8d52824f-ad79-492b-8fae-12e0fefff0c3: start 8d52824f-ad79-492b-8fae-12e0fefff0c3@group-6C37C0E08CC0-FollowerState
2021-10-16 01:05:33,321 [pool-93-thread-1] INFO  util.JmxRegister (JmxRegister.java:tryRegister(44)) - Successfully registered JMX Bean with object name Ratis:service=RaftServer,group=group-6C37C0E08CC0,id=8d52824f-ad79-492b-8fae-12e0fefff0c3
2021-10-16 01:05:33,328 [Command processor thread] INFO  ratis.XceiverServerRatis (XceiverServerRatis.java:addGroup(768)) - Created group PipelineID=06c9b66e-3d37-49ac-87e4-45d0af5f9f82
2021-10-16 01:05:33,333 [Command processor thread] INFO  commandhandler.CreatePipelineCommandHandler (CreatePipelineCommandHandler.java:handle(106)) - Created Pipeline RATIS THREE PipelineID=04cabc9b-5756-4e52-bda1-6c37c0e08cc0.
2021-10-16 01:05:33,346 [grpc-default-executor-2] INFO  server.RaftServer (RaftServerProxy.java:addNew(95)) - 9788528e-c4e7-43d7-a896-13140055b23a: addNew group-45D0AF5F9F82:[5d47f048-385c-4622-902c-1a2c4fbfa0fd|rpc:10.1.0.55:38959|dataStream:|priority:1, 7a90a2fd-4c46-424f-b10b-a3a7d32abd98|rpc:10.1.0.55:46627|dataStream:|priority:0, 9788528e-c4e7-43d7-a896-13140055b23a|rpc:10.1.0.55:44875|dataStream:|priority:0] returns group-45D0AF5F9F82:java.util.concurrent.CompletableFuture@e42c8dd[Not completed]
2021-10-16 01:05:33,353 [pool-131-thread-1] INFO  server.RaftServer$Division (RaftServerImpl.java:<init>(181)) - 9788528e-c4e7-43d7-a896-13140055b23a: new RaftServerImpl for group-45D0AF5F9F82:[5d47f048-385c-4622-902c-1a2c4fbfa0fd|rpc:10.1.0.55:38959|dataStream:|priority:1, 7a90a2fd-4c46-424f-b10b-a3a7d32abd98|rpc:10.1.0.55:46627|dataStream:|priority:0, 9788528e-c4e7-43d7-a896-13140055b23a|rpc:10.1.0.55:44875|dataStream:|priority:0] with ContainerStateMachine:uninitialized
2021-10-16 01:05:33,353 [pool-131-thread-1] INFO  server.RaftServerConfigKeys (ConfUtils.java:logGet(44)) - raft.server.rpc.timeout.min = 5s (custom)
2021-10-16 01:05:33,354 [pool-131-thread-1] INFO  server.RaftServerConfigKeys (ConfUtils.java:logGet(44)) - raft.server.rpc.timeout.max = 5200ms (custom)
2021-10-16 01:05:33,354 [pool-131-thread-1] INFO  server.RaftServerConfigKeys (ConfUtils.java:logGet(44)) - raft.server.rpc.sleep.time = 25ms (default)
2021-10-16 01:05:33,354 [pool-131-thread-1] INFO  server.RaftServerConfigKeys (ConfUtils.java:logGet(44)) - raft.server.rpc.slowness.timeout = 300000ms (custom)
2021-10-16 01:05:33,354 [pool-131-thread-1] INFO  server.RaftServerConfigKeys (ConfUtils.java:logGet(44)) - raft.server.leaderelection.leader.step-down.wait-time = 10s (default)
2021-10-16 01:05:33,354 [pool-131-thread-1] INFO  server.RaftServerConfigKeys (ConfUtils.java:logGet(44)) - raft.server.sleep.deviation.threshold = 300ms (default)
2021-10-16 01:05:33,354 [pool-131-thread-1] INFO  server.RaftServerConfigKeys (ConfUtils.java:logGet(44)) - raft.server.log.appender.install.snapshot.enabled = false (custom)
2021-10-16 01:05:33,355 [pool-131-thread-1] INFO  server.RaftServer$Division (ServerState.java:<init>(105)) - 9788528e-c4e7-43d7-a896-13140055b23a@group-45D0AF5F9F82: ConfigurationManager, init=-1: [5d47f048-385c-4622-902c-1a2c4fbfa0fd|rpc:10.1.0.55:38959|dataStream:|priority:1, 7a90a2fd-4c46-424f-b10b-a3a7d32abd98|rpc:10.1.0.55:46627|dataStream:|priority:0, 9788528e-c4e7-43d7-a896-13140055b23a|rpc:10.1.0.55:44875|dataStream:|priority:0], old=null, confs=<EMPTY_MAP>
2021-10-16 01:05:33,355 [pool-131-thread-1] INFO  server.RaftServerConfigKeys (ConfUtils.java:logGet(44)) - raft.server.storage.dir = [/home/runner/work/ozone/ozone/hadoop-ozone/integration-test/target/test-dir/MiniOzoneClusterImpl-248ee1f4-0f5c-4e53-af87-c176a130d444/datanode-4/data/ratis] (custom)
2021-10-16 01:05:33,355 [pool-131-thread-1] INFO  server.RaftServerConfigKeys (ConfUtils.java:logGet(44)) - raft.server.log.corruption.policy = EXCEPTION (default)
2021-10-16 01:05:33,355 [pool-131-thread-1] INFO  server.RaftServerConfigKeys (ConfUtils.java:logGet(44)) - raft.server.storage.free-space.min = 0MB (=0) (default)
2021-10-16 01:05:33,356 [pool-131-thread-1] INFO  storage.RaftStorageDirectory (RaftStorageDirectoryImpl.java:analyzeStorage(135)) - The storage directory /home/runner/work/ozone/ozone/hadoop-ozone/integration-test/target/test-dir/MiniOzoneClusterImpl-248ee1f4-0f5c-4e53-af87-c176a130d444/datanode-4/data/ratis/06c9b66e-3d37-49ac-87e4-45d0af5f9f82 does not exist. Creating ...
2021-10-16 01:05:33,358 [pool-131-thread-1] INFO  storage.RaftStorageDirectory (RaftStorageDirectoryImpl.java:tryLock(230)) - Lock on /home/runner/work/ozone/ozone/hadoop-ozone/integration-test/target/test-dir/MiniOzoneClusterImpl-248ee1f4-0f5c-4e53-af87-c176a130d444/datanode-4/data/ratis/06c9b66e-3d37-49ac-87e4-45d0af5f9f82/in_use.lock acquired by nodename 12906@fv-az270-581
2021-10-16 01:05:33,359 [pool-131-thread-1] INFO  storage.RaftStorage (RaftStorageImpl.java:format(89)) - Storage directory /home/runner/work/ozone/ozone/hadoop-ozone/integration-test/target/test-dir/MiniOzoneClusterImpl-248ee1f4-0f5c-4e53-af87-c176a130d444/datanode-4/data/ratis/06c9b66e-3d37-49ac-87e4-45d0af5f9f82 has been successfully formatted.
2021-10-16 01:05:33,368 [pool-131-thread-1] INFO  ratis.ContainerStateMachine (ContainerStateMachine.java:loadSnapshot(224)) - group-45D0AF5F9F82: The snapshot info is null. Setting the last applied indexto:(t:0, i:~)
2021-10-16 01:05:33,369 [pool-131-thread-1] INFO  server.RaftServerConfigKeys (ConfUtils.java:logGet(44)) - raft.server.notification.no-leader.timeout = 300000ms (custom)
2021-10-16 01:05:33,370 [pool-131-thread-1] INFO  server.RaftServerConfigKeys (ConfUtils.java:logGet(44)) - raft.server.log.use.memory = false (default)
2021-10-16 01:05:33,372 [pool-131-thread-1] INFO  server.RaftServerConfigKeys (ConfUtils.java:logGet(44)) - raft.server.log.purge.gap = 1000000 (custom)
2021-10-16 01:05:33,372 [pool-131-thread-1] INFO  server.RaftServerConfigKeys (ConfUtils.java:logGet(44)) - raft.server.log.appender.buffer.byte-limit = 33554432 (custom)
2021-10-16 01:05:33,372 [pool-131-thread-1] INFO  server.RaftServerConfigKeys (ConfUtils.java:logGet(44)) - raft.server.log.segment.size.max = 1048576 (custom)
2021-10-16 01:05:33,373 [pool-131-thread-1] INFO  server.RaftServerConfigKeys (ConfUtils.java:logGet(44)) - raft.server.log.segment.cache.num.max = 2 (custom)
2021-10-16 01:05:33,377 [pool-131-thread-1] INFO  server.RaftServerConfigKeys (ConfUtils.java:logGet(44)) - raft.server.log.segment.cache.size.max = 200MB (=209715200) (default)
2021-10-16 01:05:33,377 [pool-131-thread-1] INFO  segmented.SegmentedRaftLogWorker (SegmentedRaftLogWorker.java:<init>(182)) - new 9788528e-c4e7-43d7-a896-13140055b23a@group-45D0AF5F9F82-SegmentedRaftLogWorker for RaftStorageImpl:Storage Directory /home/runner/work/ozone/ozone/hadoop-ozone/integration-test/target/test-dir/MiniOzoneClusterImpl-248ee1f4-0f5c-4e53-af87-c176a130d444/datanode-4/data/ratis/06c9b66e-3d37-49ac-87e4-45d0af5f9f82
2021-10-16 01:05:33,377 [pool-131-thread-1] INFO  server.RaftServerConfigKeys (ConfUtils.java:logGet(44)) - raft.server.log.queue.byte-limit = 2147483647 (custom)
2021-10-16 01:05:33,377 [pool-131-thread-1] INFO  server.RaftServerConfigKeys (ConfUtils.java:logGet(44)) - raft.server.log.queue.element-limit = 1024 (custom)
2021-10-16 01:05:33,380 [pool-131-thread-1] INFO  server.RaftServerConfigKeys (ConfUtils.java:logGet(44)) - raft.server.log.segment.size.max = 1048576 (custom)
2021-10-16 01:05:33,380 [pool-131-thread-1] INFO  server.RaftServerConfigKeys (ConfUtils.java:logGet(44)) - raft.server.log.preallocated.size = 16384 (custom)
2021-10-16 01:05:33,380 [pool-131-thread-1] INFO  server.RaftServerConfigKeys (ConfUtils.java:logGet(44)) - raft.server.log.force.sync.num = 128 (default)
2021-10-16 01:05:33,380 [pool-131-thread-1] INFO  server.RaftServerConfigKeys (ConfUtils.java:logGet(44)) - raft.server.log.statemachine.data.sync = true (default)
2021-10-16 01:05:33,381 [pool-131-thread-1] INFO  server.RaftServerConfigKeys (ConfUtils.java:logGet(44)) - raft.server.log.statemachine.data.sync.timeout = 10s (default)
2021-10-16 01:05:33,381 [pool-131-thread-1] INFO  server.RaftServerConfigKeys (ConfUtils.java:logGet(44)) - raft.server.log.statemachine.data.sync.timeout.retry = -1 (default)
2021-10-16 01:05:33,382 [pool-131-thread-1] INFO  server.RaftServerConfigKeys (ConfUtils.java:logGet(44)) - raft.server.log.write.buffer.size = 1048576 (custom)
2021-10-16 01:05:33,383 [pool-131-thread-1] INFO  server.RaftServerConfigKeys (ConfUtils.java:logGet(44)) - raft.server.log.statemachine.data.caching.enabled = true (custom)
2021-10-16 01:05:33,383 [pool-131-thread-1] INFO  segmented.SegmentedRaftLogWorker (SegmentedRaftLogWorker.java:lambda$new$0(133)) - 9788528e-c4e7-43d7-a896-13140055b23a@group-45D0AF5F9F82-SegmentedRaftLogWorker: flushIndex: setUnconditionally 0 -> -1
2021-10-16 01:05:33,383 [pool-131-thread-1] INFO  segmented.SegmentedRaftLogWorker (SegmentedRaftLogWorker.java:lambda$new$0(133)) - 9788528e-c4e7-43d7-a896-13140055b23a@group-45D0AF5F9F82-SegmentedRaftLogWorker: safeCacheEvictIndex: setUnconditionally 0 -> -1
2021-10-16 01:05:33,383 [pool-131-thread-1] INFO  server.RaftServerConfigKeys (ConfUtils.java:logGet(44)) - raft.server.snapshot.auto.trigger.enabled = true (custom)
2021-10-16 01:05:33,383 [pool-131-thread-1] INFO  server.RaftServerConfigKeys (ConfUtils.java:logGet(44)) - raft.server.snapshot.auto.trigger.threshold = 1 (custom)
2021-10-16 01:05:33,383 [pool-131-thread-1] INFO  server.RaftServerConfigKeys (ConfUtils.java:logGet(44)) - raft.server.snapshot.retention.file.num = 5 (custom)
2021-10-16 01:05:33,383 [pool-131-thread-1] INFO  server.RaftServerConfigKeys (ConfUtils.java:logGet(44)) - raft.server.log.purge.upto.snapshot.index = false (default)
2021-10-16 01:05:33,383 [pool-131-thread-1] INFO  server.RaftServerConfigKeys (ConfUtils.java:logGet(44)) - raft.server.retrycache.expirytime = 600000ms (custom)
2021-10-16 01:05:33,383 [pool-131-thread-1] INFO  server.RaftServerConfigKeys (ConfUtils.java:logGet(44)) - raft.server.retrycache.statistics.expirytime = 100μs (default)
2021-10-16 01:05:33,385 [pool-131-thread-1] INFO  server.RaftServer$Division (RaftServerImpl.java:start(296)) - 9788528e-c4e7-43d7-a896-13140055b23a@group-45D0AF5F9F82: start as a follower, conf=-1: [5d47f048-385c-4622-902c-1a2c4fbfa0fd|rpc:10.1.0.55:38959|dataStream:|priority:1, 7a90a2fd-4c46-424f-b10b-a3a7d32abd98|rpc:10.1.0.55:46627|dataStream:|priority:0, 9788528e-c4e7-43d7-a896-13140055b23a|rpc:10.1.0.55:44875|dataStream:|priority:0], old=null
2021-10-16 01:05:33,385 [pool-131-thread-1] INFO  server.RaftServer$Division (RaftServerImpl.java:setRole(285)) - 9788528e-c4e7-43d7-a896-13140055b23a@group-45D0AF5F9F82: changes role from      null to FOLLOWER at term 0 for startAsFollower
2021-10-16 01:05:33,385 [pool-131-thread-1] INFO  impl.RoleInfo (RoleInfo.java:updateAndGet(130)) - 9788528e-c4e7-43d7-a896-13140055b23a: start 9788528e-c4e7-43d7-a896-13140055b23a@group-45D0AF5F9F82-FollowerState
2021-10-16 01:05:33,386 [pool-131-thread-1] INFO  util.JmxRegister (JmxRegister.java:tryRegister(44)) - Successfully registered JMX Bean with object name Ratis:service=RaftServer,group=group-45D0AF5F9F82,id=9788528e-c4e7-43d7-a896-13140055b23a
2021-10-16 01:05:33,395 [Command processor thread] INFO  server.RaftServer (RaftServerProxy.java:addNew(95)) - 9788528e-c4e7-43d7-a896-13140055b23a: addNew group-639E7C334E10:[9788528e-c4e7-43d7-a896-13140055b23a|rpc:10.1.0.55:44875|priority:1] returns group-639E7C334E10:java.util.concurrent.CompletableFuture@612e60d6[Not completed]
2021-10-16 01:05:33,402 [pool-131-thread-1] INFO  server.RaftServer$Division (RaftServerImpl.java:<init>(181)) - 9788528e-c4e7-43d7-a896-13140055b23a: new RaftServerImpl for group-639E7C334E10:[9788528e-c4e7-43d7-a896-13140055b23a|rpc:10.1.0.55:44875|priority:1] with ContainerStateMachine:uninitialized
2021-10-16 01:05:33,402 [pool-131-thread-1] INFO  server.RaftServerConfigKeys (ConfUtils.java:logGet(44)) - raft.server.rpc.timeout.min = 5s (custom)
2021-10-16 01:05:33,402 [pool-131-thread-1] INFO  server.RaftServerConfigKeys (ConfUtils.java:logGet(44)) - raft.server.rpc.timeout.max = 5200ms (custom)
2021-10-16 01:05:33,402 [pool-131-thread-1] INFO  server.RaftServerConfigKeys (ConfUtils.java:logGet(44)) - raft.server.rpc.sleep.time = 25ms (default)
2021-10-16 01:05:33,402 [pool-131-thread-1] INFO  server.RaftServerConfigKeys (ConfUtils.java:logGet(44)) - raft.server.rpc.slowness.timeout = 300000ms (custom)
2021-10-16 01:05:33,402 [pool-131-thread-1] INFO  server.RaftServerConfigKeys (ConfUtils.java:logGet(44)) - raft.server.leaderelection.leader.step-down.wait-time = 10s (default)
2021-10-16 01:05:33,402 [pool-131-thread-1] INFO  server.RaftServerConfigKeys (ConfUtils.java:logGet(44)) - raft.server.sleep.deviation.threshold = 300ms (default)
2021-10-16 01:05:33,402 [pool-131-thread-1] INFO  server.RaftServerConfigKeys (ConfUtils.java:logGet(44)) - raft.server.log.appender.install.snapshot.enabled = false (custom)
2021-10-16 01:05:33,402 [pool-131-thread-1] INFO  server.RaftServer$Division (ServerState.java:<init>(105)) - 9788528e-c4e7-43d7-a896-13140055b23a@group-639E7C334E10: ConfigurationManager, init=-1: [9788528e-c4e7-43d7-a896-13140055b23a|rpc:10.1.0.55:44875|priority:1], old=null, confs=<EMPTY_MAP>
2021-10-16 01:05:33,402 [pool-131-thread-1] INFO  server.RaftServerConfigKeys (ConfUtils.java:logGet(44)) - raft.server.storage.dir = [/home/runner/work/ozone/ozone/hadoop-ozone/integration-test/target/test-dir/MiniOzoneClusterImpl-248ee1f4-0f5c-4e53-af87-c176a130d444/datanode-4/data/ratis] (custom)
2021-10-16 01:05:33,402 [pool-131-thread-1] INFO  server.RaftServerConfigKeys (ConfUtils.java:logGet(44)) - raft.server.log.corruption.policy = EXCEPTION (default)
2021-10-16 01:05:33,402 [pool-131-thread-1] INFO  server.RaftServerConfigKeys (ConfUtils.java:logGet(44)) - raft.server.storage.free-space.min = 0MB (=0) (default)
2021-10-16 01:05:33,403 [pool-131-thread-1] INFO  storage.RaftStorageDirectory (RaftStorageDirectoryImpl.java:analyzeStorage(135)) - The storage directory /home/runner/work/ozone/ozone/hadoop-ozone/integration-test/target/test-dir/MiniOzoneClusterImpl-248ee1f4-0f5c-4e53-af87-c176a130d444/datanode-4/data/ratis/969fe976-7bf1-4cc1-8cb0-639e7c334e10 does not exist. Creating ...
2021-10-16 01:05:33,408 [pool-131-thread-1] INFO  storage.RaftStorageDirectory (RaftStorageDirectoryImpl.java:tryLock(230)) - Lock on /home/runner/work/ozone/ozone/hadoop-ozone/integration-test/target/test-dir/MiniOzoneClusterImpl-248ee1f4-0f5c-4e53-af87-c176a130d444/datanode-4/data/ratis/969fe976-7bf1-4cc1-8cb0-639e7c334e10/in_use.lock acquired by nodename 12906@fv-az270-581
2021-10-16 01:05:33,417 [pool-131-thread-1] INFO  storage.RaftStorage (RaftStorageImpl.java:format(89)) - Storage directory /home/runner/work/ozone/ozone/hadoop-ozone/integration-test/target/test-dir/MiniOzoneClusterImpl-248ee1f4-0f5c-4e53-af87-c176a130d444/datanode-4/data/ratis/969fe976-7bf1-4cc1-8cb0-639e7c334e10 has been successfully formatted.
2021-10-16 01:05:33,418 [Datanode State Machine Thread - 0] WARN  statemachine.StateContext (StateContext.java:execute(621)) - No available thread in pool for past 0 seconds.
2021-10-16 01:05:33,420 [EventQueue-PipelineReportForPipelineReportHandler] INFO  pipeline.PipelineManagerImpl (PipelineManagerImpl.java:openPipeline(282)) - Pipeline Pipeline[ Id: 969fe976-7bf1-4cc1-8cb0-639e7c334e10, Nodes: 9788528e-c4e7-43d7-a896-13140055b23a{ip: 10.1.0.55, host: fv-az270-581.tacnzluakwdehk1hpragurqkma.bx.internal.cloudapp.net, ports: [REPLICATION=37827, RATIS=44875, RATIS_ADMIN=44875, RATIS_SERVER=44875, STANDALONE=41243], networkLocation: /default-rack, certSerialId: null, persistedOpState: IN_SERVICE, persistedOpStateExpiryEpochSec: 0}, ReplicationConfig: RATIS/ONE, State:ALLOCATED, leaderId:9788528e-c4e7-43d7-a896-13140055b23a, CreationTimestamp2021-10-16T01:05:30.404Z[Etc/UTC]] moved to OPEN state
2021-10-16 01:05:33,421 [EventQueue-OpenPipelineForHealthyPipelineSafeModeRule] INFO  safemode.SCMSafeModeManager (HealthyPipelineSafeModeRule.java:process(124)) - SCM in safe mode. Healthy pipelines reported count is 0, required healthy pipeline reported count is 1
2021-10-16 01:05:33,421 [pool-131-thread-1] INFO  ratis.ContainerStateMachine (ContainerStateMachine.java:loadSnapshot(224)) - group-639E7C334E10: The snapshot info is null. Setting the last applied indexto:(t:0, i:~)
2021-10-16 01:05:33,422 [pool-131-thread-1] INFO  server.RaftServerConfigKeys (ConfUtils.java:logGet(44)) - raft.server.notification.no-leader.timeout = 300000ms (custom)
2021-10-16 01:05:33,422 [pool-131-thread-1] INFO  server.RaftServerConfigKeys (ConfUtils.java:logGet(44)) - raft.server.log.use.memory = false (default)
2021-10-16 01:05:33,422 [pool-131-thread-1] INFO  server.RaftServerConfigKeys (ConfUtils.java:logGet(44)) - raft.server.log.purge.gap = 1000000 (custom)
2021-10-16 01:05:33,422 [pool-131-thread-1] INFO  server.RaftServerConfigKeys (ConfUtils.java:logGet(44)) - raft.server.log.appender.buffer.byte-limit = 33554432 (custom)
2021-10-16 01:05:33,423 [pool-131-thread-1] INFO  server.RaftServerConfigKeys (ConfUtils.java:logGet(44)) - raft.server.log.segment.size.max = 1048576 (custom)
2021-10-16 01:05:33,426 [pool-131-thread-1] INFO  server.RaftServerConfigKeys (ConfUtils.java:logGet(44)) - raft.server.log.segment.cache.num.max = 2 (custom)
2021-10-16 01:05:33,426 [pool-131-thread-1] INFO  server.RaftServerConfigKeys (ConfUtils.java:logGet(44)) - raft.server.log.segment.cache.size.max = 200MB (=209715200) (default)
2021-10-16 01:05:33,426 [pool-131-thread-1] INFO  segmented.SegmentedRaftLogWorker (SegmentedRaftLogWorker.java:<init>(182)) - new 9788528e-c4e7-43d7-a896-13140055b23a@group-639E7C334E10-SegmentedRaftLogWorker for RaftStorageImpl:Storage Directory /home/runner/work/ozone/ozone/hadoop-ozone/integration-test/target/test-dir/MiniOzoneClusterImpl-248ee1f4-0f5c-4e53-af87-c176a130d444/datanode-4/data/ratis/969fe976-7bf1-4cc1-8cb0-639e7c334e10
2021-10-16 01:05:33,426 [pool-131-thread-1] INFO  server.RaftServerConfigKeys (ConfUtils.java:logGet(44)) - raft.server.log.queue.byte-limit = 2147483647 (custom)
2021-10-16 01:05:33,427 [pool-131-thread-1] INFO  server.RaftServerConfigKeys (ConfUtils.java:logGet(44)) - raft.server.log.queue.element-limit = 1024 (custom)
2021-10-16 01:05:33,427 [pool-131-thread-1] INFO  server.RaftServerConfigKeys (ConfUtils.java:logGet(44)) - raft.server.log.segment.size.max = 1048576 (custom)
2021-10-16 01:05:33,427 [pool-131-thread-1] INFO  server.RaftServerConfigKeys (ConfUtils.java:logGet(44)) - raft.server.log.preallocated.size = 16384 (custom)
2021-10-16 01:05:33,427 [pool-131-thread-1] INFO  server.RaftServerConfigKeys (ConfUtils.java:logGet(44)) - raft.server.log.force.sync.num = 128 (default)
2021-10-16 01:05:33,427 [pool-131-thread-1] INFO  server.RaftServerConfigKeys (ConfUtils.java:logGet(44)) - raft.server.log.statemachine.data.sync = true (default)
2021-10-16 01:05:33,427 [pool-131-thread-1] INFO  server.RaftServerConfigKeys (ConfUtils.java:logGet(44)) - raft.server.log.statemachine.data.sync.timeout = 10s (default)
2021-10-16 01:05:33,427 [pool-131-thread-1] INFO  server.RaftServerConfigKeys (ConfUtils.java:logGet(44)) - raft.server.log.statemachine.data.sync.timeout.retry = -1 (default)
2021-10-16 01:05:33,438 [grpc-default-executor-2] INFO  server.RaftServer (RaftServerProxy.java:addNew(95)) - 7a90a2fd-4c46-424f-b10b-a3a7d32abd98: addNew group-45D0AF5F9F82:[5d47f048-385c-4622-902c-1a2c4fbfa0fd|rpc:10.1.0.55:38959|dataStream:|priority:1, 7a90a2fd-4c46-424f-b10b-a3a7d32abd98|rpc:10.1.0.55:46627|dataStream:|priority:0, 9788528e-c4e7-43d7-a896-13140055b23a|rpc:10.1.0.55:44875|dataStream:|priority:0] returns group-45D0AF5F9F82:java.util.concurrent.CompletableFuture@20d9f1b4[Not completed]
2021-10-16 01:05:33,442 [pool-131-thread-1] INFO  server.RaftServerConfigKeys (ConfUtils.java:logGet(44)) - raft.server.log.write.buffer.size = 1048576 (custom)
2021-10-16 01:05:33,443 [pool-131-thread-1] INFO  server.RaftServerConfigKeys (ConfUtils.java:logGet(44)) - raft.server.log.statemachine.data.caching.enabled = true (custom)
2021-10-16 01:05:33,443 [pool-131-thread-1] INFO  segmented.SegmentedRaftLogWorker (SegmentedRaftLogWorker.java:lambda$new$0(133)) - 9788528e-c4e7-43d7-a896-13140055b23a@group-639E7C334E10-SegmentedRaftLogWorker: flushIndex: setUnconditionally 0 -> -1
2021-10-16 01:05:33,443 [pool-131-thread-1] INFO  segmented.SegmentedRaftLogWorker (SegmentedRaftLogWorker.java:lambda$new$0(133)) - 9788528e-c4e7-43d7-a896-13140055b23a@group-639E7C334E10-SegmentedRaftLogWorker: safeCacheEvictIndex: setUnconditionally 0 -> -1
2021-10-16 01:05:33,449 [pool-131-thread-1] INFO  server.RaftServerConfigKeys (ConfUtils.java:logGet(44)) - raft.server.snapshot.auto.trigger.enabled = true (custom)
2021-10-16 01:05:33,450 [pool-131-thread-1] INFO  server.RaftServerConfigKeys (ConfUtils.java:logGet(44)) - raft.server.snapshot.auto.trigger.threshold = 1 (custom)
2021-10-16 01:05:33,450 [pool-131-thread-1] INFO  server.RaftServerConfigKeys (ConfUtils.java:logGet(44)) - raft.server.snapshot.retention.file.num = 5 (custom)
2021-10-16 01:05:33,450 [pool-131-thread-1] INFO  server.RaftServerConfigKeys (ConfUtils.java:logGet(44)) - raft.server.log.purge.upto.snapshot.index = false (default)
2021-10-16 01:05:33,450 [pool-131-thread-1] INFO  server.RaftServerConfigKeys (ConfUtils.java:logGet(44)) - raft.server.retrycache.expirytime = 600000ms (custom)
2021-10-16 01:05:33,450 [pool-131-thread-1] INFO  server.RaftServerConfigKeys (ConfUtils.java:logGet(44)) - raft.server.retrycache.statistics.expirytime = 100μs (default)
2021-10-16 01:05:33,452 [pool-131-thread-1] INFO  server.RaftServer$Division (RaftServerImpl.java:start(296)) - 9788528e-c4e7-43d7-a896-13140055b23a@group-639E7C334E10: start as a follower, conf=-1: [9788528e-c4e7-43d7-a896-13140055b23a|rpc:10.1.0.55:44875|priority:1], old=null
2021-10-16 01:05:33,452 [pool-131-thread-1] INFO  server.RaftServer$Division (RaftServerImpl.java:setRole(285)) - 9788528e-c4e7-43d7-a896-13140055b23a@group-639E7C334E10: changes role from      null to FOLLOWER at term 0 for startAsFollower
2021-10-16 01:05:33,452 [pool-131-thread-1] INFO  impl.RoleInfo (RoleInfo.java:updateAndGet(130)) - 9788528e-c4e7-43d7-a896-13140055b23a: start 9788528e-c4e7-43d7-a896-13140055b23a@group-639E7C334E10-FollowerState
2021-10-16 01:05:33,454 [pool-131-thread-1] INFO  util.JmxRegister (JmxRegister.java:tryRegister(44)) - Successfully registered JMX Bean with object name Ratis:service=RaftServer,group=group-639E7C334E10,id=9788528e-c4e7-43d7-a896-13140055b23a
2021-10-16 01:05:33,456 [Command processor thread] INFO  ratis.XceiverServerRatis (XceiverServerRatis.java:addGroup(768)) - Created group PipelineID=969fe976-7bf1-4cc1-8cb0-639e7c334e10
2021-10-16 01:05:33,456 [Command processor thread] INFO  commandhandler.CreatePipelineCommandHandler (CreatePipelineCommandHandler.java:handle(106)) - Created Pipeline RATIS ONE PipelineID=969fe976-7bf1-4cc1-8cb0-639e7c334e10.
2021-10-16 01:05:33,457 [Command processor thread] INFO  server.RaftServer (RaftServerProxy.java:addNew(95)) - 9788528e-c4e7-43d7-a896-13140055b23a: addNew group-66D1402A49BA:[5d47f048-385c-4622-902c-1a2c4fbfa0fd|rpc:10.1.0.55:38959|priority:0, 7a90a2fd-4c46-424f-b10b-a3a7d32abd98|rpc:10.1.0.55:46627|priority:1, 9788528e-c4e7-43d7-a896-13140055b23a|rpc:10.1.0.55:44875|priority:0] returns group-66D1402A49BA:java.util.concurrent.CompletableFuture@6fe99283[Not completed]
2021-10-16 01:05:33,461 [Command processor thread] INFO  commandhandler.CreatePipelineCommandHandler (CreatePipelineCommandHandler.java:handle(106)) - Created Pipeline RATIS THREE PipelineID=04cabc9b-5756-4e52-bda1-6c37c0e08cc0.
2021-10-16 01:05:33,462 [pool-131-thread-1] INFO  server.RaftServer$Division (RaftServerImpl.java:<init>(181)) - 9788528e-c4e7-43d7-a896-13140055b23a: new RaftServerImpl for group-66D1402A49BA:[5d47f048-385c-4622-902c-1a2c4fbfa0fd|rpc:10.1.0.55:38959|priority:0, 7a90a2fd-4c46-424f-b10b-a3a7d32abd98|rpc:10.1.0.55:46627|priority:1, 9788528e-c4e7-43d7-a896-13140055b23a|rpc:10.1.0.55:44875|priority:0] with ContainerStateMachine:uninitialized
2021-10-16 01:05:33,463 [pool-131-thread-1] INFO  server.RaftServerConfigKeys (ConfUtils.java:logGet(44)) - raft.server.rpc.timeout.min = 5s (custom)
2021-10-16 01:05:33,463 [pool-131-thread-1] INFO  server.RaftServerConfigKeys (ConfUtils.java:logGet(44)) - raft.server.rpc.timeout.max = 5200ms (custom)
2021-10-16 01:05:33,463 [pool-131-thread-1] INFO  server.RaftServerConfigKeys (ConfUtils.java:logGet(44)) - raft.server.rpc.sleep.time = 25ms (default)
2021-10-16 01:05:33,463 [pool-131-thread-1] INFO  server.RaftServerConfigKeys (ConfUtils.java:logGet(44)) - raft.server.rpc.slowness.timeout = 300000ms (custom)
2021-10-16 01:05:33,463 [pool-131-thread-1] INFO  server.RaftServerConfigKeys (ConfUtils.java:logGet(44)) - raft.server.leaderelection.leader.step-down.wait-time = 10s (default)
2021-10-16 01:05:33,463 [pool-131-thread-1] INFO  server.RaftServerConfigKeys (ConfUtils.java:logGet(44)) - raft.server.sleep.deviation.threshold = 300ms (default)
2021-10-16 01:05:33,464 [pool-131-thread-1] INFO  server.RaftServerConfigKeys (ConfUtils.java:logGet(44)) - raft.server.log.appender.install.snapshot.enabled = false (custom)
2021-10-16 01:05:33,464 [pool-131-thread-1] INFO  server.RaftServer$Division (ServerState.java:<init>(105)) - 9788528e-c4e7-43d7-a896-13140055b23a@group-66D1402A49BA: ConfigurationManager, init=-1: [5d47f048-385c-4622-902c-1a2c4fbfa0fd|rpc:10.1.0.55:38959|priority:0, 7a90a2fd-4c46-424f-b10b-a3a7d32abd98|rpc:10.1.0.55:46627|priority:1, 9788528e-c4e7-43d7-a896-13140055b23a|rpc:10.1.0.55:44875|priority:0], old=null, confs=<EMPTY_MAP>
2021-10-16 01:05:33,464 [pool-131-thread-1] INFO  server.RaftServerConfigKeys (ConfUtils.java:logGet(44)) - raft.server.storage.dir = [/home/runner/work/ozone/ozone/hadoop-ozone/integration-test/target/test-dir/MiniOzoneClusterImpl-248ee1f4-0f5c-4e53-af87-c176a130d444/datanode-4/data/ratis] (custom)
2021-10-16 01:05:33,465 [pool-131-thread-1] INFO  server.RaftServerConfigKeys (ConfUtils.java:logGet(44)) - raft.server.log.corruption.policy = EXCEPTION (default)
2021-10-16 01:05:33,465 [pool-131-thread-1] INFO  server.RaftServerConfigKeys (ConfUtils.java:logGet(44)) - raft.server.storage.free-space.min = 0MB (=0) (default)
2021-10-16 01:05:33,466 [pool-131-thread-1] INFO  storage.RaftStorageDirectory (RaftStorageDirectoryImpl.java:analyzeStorage(135)) - The storage directory /home/runner/work/ozone/ozone/hadoop-ozone/integration-test/target/test-dir/MiniOzoneClusterImpl-248ee1f4-0f5c-4e53-af87-c176a130d444/datanode-4/data/ratis/74792a45-8717-44f4-b6f7-66d1402a49ba does not exist. Creating ...
2021-10-16 01:05:33,461 [pool-150-thread-1] INFO  server.RaftServer$Division (RaftServerImpl.java:<init>(181)) - 7a90a2fd-4c46-424f-b10b-a3a7d32abd98: new RaftServerImpl for group-45D0AF5F9F82:[5d47f048-385c-4622-902c-1a2c4fbfa0fd|rpc:10.1.0.55:38959|dataStream:|priority:1, 7a90a2fd-4c46-424f-b10b-a3a7d32abd98|rpc:10.1.0.55:46627|dataStream:|priority:0, 9788528e-c4e7-43d7-a896-13140055b23a|rpc:10.1.0.55:44875|dataStream:|priority:0] with ContainerStateMachine:uninitialized
2021-10-16 01:05:33,466 [pool-150-thread-1] INFO  server.RaftServerConfigKeys (ConfUtils.java:logGet(44)) - raft.server.rpc.timeout.min = 5s (custom)
2021-10-16 01:05:33,467 [pool-150-thread-1] INFO  server.RaftServerConfigKeys (ConfUtils.java:logGet(44)) - raft.server.rpc.timeout.max = 5200ms (custom)
2021-10-16 01:05:33,467 [pool-150-thread-1] INFO  server.RaftServerConfigKeys (ConfUtils.java:logGet(44)) - raft.server.rpc.sleep.time = 25ms (default)
2021-10-16 01:05:33,467 [pool-150-thread-1] INFO  server.RaftServerConfigKeys (ConfUtils.java:logGet(44)) - raft.server.rpc.slowness.timeout = 300000ms (custom)
2021-10-16 01:05:33,467 [pool-150-thread-1] INFO  server.RaftServerConfigKeys (ConfUtils.java:logGet(44)) - raft.server.leaderelection.leader.step-down.wait-time = 10s (default)
2021-10-16 01:05:33,467 [pool-150-thread-1] INFO  server.RaftServerConfigKeys (ConfUtils.java:logGet(44)) - raft.server.sleep.deviation.threshold = 300ms (default)
2021-10-16 01:05:33,467 [pool-150-thread-1] INFO  server.RaftServerConfigKeys (ConfUtils.java:logGet(44)) - raft.server.log.appender.install.snapshot.enabled = false (custom)
2021-10-16 01:05:33,467 [pool-150-thread-1] INFO  server.RaftServer$Division (ServerState.java:<init>(105)) - 7a90a2fd-4c46-424f-b10b-a3a7d32abd98@group-45D0AF5F9F82: ConfigurationManager, init=-1: [5d47f048-385c-4622-902c-1a2c4fbfa0fd|rpc:10.1.0.55:38959|dataStream:|priority:1, 7a90a2fd-4c46-424f-b10b-a3a7d32abd98|rpc:10.1.0.55:46627|dataStream:|priority:0, 9788528e-c4e7-43d7-a896-13140055b23a|rpc:10.1.0.55:44875|dataStream:|priority:0], old=null, confs=<EMPTY_MAP>
2021-10-16 01:05:33,467 [pool-150-thread-1] INFO  server.RaftServerConfigKeys (ConfUtils.java:logGet(44)) - raft.server.storage.dir = [/home/runner/work/ozone/ozone/hadoop-ozone/integration-test/target/test-dir/MiniOzoneClusterImpl-248ee1f4-0f5c-4e53-af87-c176a130d444/datanode-5/data/ratis] (custom)
2021-10-16 01:05:33,467 [pool-150-thread-1] INFO  server.RaftServerConfigKeys (ConfUtils.java:logGet(44)) - raft.server.log.corruption.policy = EXCEPTION (default)
2021-10-16 01:05:33,468 [pool-150-thread-1] INFO  server.RaftServerConfigKeys (ConfUtils.java:logGet(44)) - raft.server.storage.free-space.min = 0MB (=0) (default)
2021-10-16 01:05:33,468 [pool-150-thread-1] INFO  storage.RaftStorageDirectory (RaftStorageDirectoryImpl.java:analyzeStorage(135)) - The storage directory /home/runner/work/ozone/ozone/hadoop-ozone/integration-test/target/test-dir/MiniOzoneClusterImpl-248ee1f4-0f5c-4e53-af87-c176a130d444/datanode-5/data/ratis/06c9b66e-3d37-49ac-87e4-45d0af5f9f82 does not exist. Creating ...
2021-10-16 01:05:33,469 [pool-150-thread-1] INFO  storage.RaftStorageDirectory (RaftStorageDirectoryImpl.java:tryLock(230)) - Lock on /home/runner/work/ozone/ozone/hadoop-ozone/integration-test/target/test-dir/MiniOzoneClusterImpl-248ee1f4-0f5c-4e53-af87-c176a130d444/datanode-5/data/ratis/06c9b66e-3d37-49ac-87e4-45d0af5f9f82/in_use.lock acquired by nodename 12906@fv-az270-581
2021-10-16 01:05:33,469 [pool-131-thread-1] INFO  storage.RaftStorageDirectory (RaftStorageDirectoryImpl.java:tryLock(230)) - Lock on /home/runner/work/ozone/ozone/hadoop-ozone/integration-test/target/test-dir/MiniOzoneClusterImpl-248ee1f4-0f5c-4e53-af87-c176a130d444/datanode-4/data/ratis/74792a45-8717-44f4-b6f7-66d1402a49ba/in_use.lock acquired by nodename 12906@fv-az270-581
2021-10-16 01:05:33,470 [pool-150-thread-1] INFO  storage.RaftStorage (RaftStorageImpl.java:format(89)) - Storage directory /home/runner/work/ozone/ozone/hadoop-ozone/integration-test/target/test-dir/MiniOzoneClusterImpl-248ee1f4-0f5c-4e53-af87-c176a130d444/datanode-5/data/ratis/06c9b66e-3d37-49ac-87e4-45d0af5f9f82 has been successfully formatted.
2021-10-16 01:05:33,471 [pool-150-thread-1] INFO  ratis.ContainerStateMachine (ContainerStateMachine.java:loadSnapshot(224)) - group-45D0AF5F9F82: The snapshot info is null. Setting the last applied indexto:(t:0, i:~)
2021-10-16 01:05:33,472 [Datanode State Machine Thread - 0] WARN  statemachine.StateContext (StateContext.java:execute(621)) - No available thread in pool for past 0 seconds.
2021-10-16 01:05:33,472 [pool-150-thread-1] INFO  server.RaftServerConfigKeys (ConfUtils.java:logGet(44)) - raft.server.notification.no-leader.timeout = 300000ms (custom)
2021-10-16 01:05:33,472 [pool-150-thread-1] INFO  server.RaftServerConfigKeys (ConfUtils.java:logGet(44)) - raft.server.log.use.memory = false (default)
2021-10-16 01:05:33,472 [pool-150-thread-1] INFO  server.RaftServerConfigKeys (ConfUtils.java:logGet(44)) - raft.server.log.purge.gap = 1000000 (custom)
2021-10-16 01:05:33,472 [pool-150-thread-1] INFO  server.RaftServerConfigKeys (ConfUtils.java:logGet(44)) - raft.server.log.appender.buffer.byte-limit = 33554432 (custom)
2021-10-16 01:05:33,473 [pool-150-thread-1] INFO  server.RaftServerConfigKeys (ConfUtils.java:logGet(44)) - raft.server.log.segment.size.max = 1048576 (custom)
2021-10-16 01:05:33,473 [pool-131-thread-1] INFO  storage.RaftStorage (RaftStorageImpl.java:format(89)) - Storage directory /home/runner/work/ozone/ozone/hadoop-ozone/integration-test/target/test-dir/MiniOzoneClusterImpl-248ee1f4-0f5c-4e53-af87-c176a130d444/datanode-4/data/ratis/74792a45-8717-44f4-b6f7-66d1402a49ba has been successfully formatted.
2021-10-16 01:05:33,474 [pool-131-thread-1] INFO  ratis.ContainerStateMachine (ContainerStateMachine.java:loadSnapshot(224)) - group-66D1402A49BA: The snapshot info is null. Setting the last applied indexto:(t:0, i:~)
2021-10-16 01:05:33,474 [pool-131-thread-1] INFO  server.RaftServerConfigKeys (ConfUtils.java:logGet(44)) - raft.server.notification.no-leader.timeout = 300000ms (custom)
2021-10-16 01:05:33,476 [pool-131-thread-1] INFO  server.RaftServerConfigKeys (ConfUtils.java:logGet(44)) - raft.server.log.use.memory = false (default)
2021-10-16 01:05:33,476 [pool-131-thread-1] INFO  server.RaftServerConfigKeys (ConfUtils.java:logGet(44)) - raft.server.log.purge.gap = 1000000 (custom)
2021-10-16 01:05:33,476 [pool-131-thread-1] INFO  server.RaftServerConfigKeys (ConfUtils.java:logGet(44)) - raft.server.log.appender.buffer.byte-limit = 33554432 (custom)
2021-10-16 01:05:33,476 [pool-131-thread-1] INFO  server.RaftServerConfigKeys (ConfUtils.java:logGet(44)) - raft.server.log.segment.size.max = 1048576 (custom)
2021-10-16 01:05:33,474 [pool-150-thread-1] INFO  server.RaftServerConfigKeys (ConfUtils.java:logGet(44)) - raft.server.log.segment.cache.num.max = 2 (custom)
2021-10-16 01:05:33,474 [Datanode State Machine Thread - 0] WARN  statemachine.StateContext (StateContext.java:execute(621)) - No available thread in pool for past 0 seconds.
2021-10-16 01:05:33,477 [pool-131-thread-1] INFO  server.RaftServerConfigKeys (ConfUtils.java:logGet(44)) - raft.server.log.segment.cache.num.max = 2 (custom)
2021-10-16 01:05:33,478 [pool-131-thread-1] INFO  server.RaftServerConfigKeys (ConfUtils.java:logGet(44)) - raft.server.log.segment.cache.size.max = 200MB (=209715200) (default)
2021-10-16 01:05:33,477 [pool-150-thread-1] INFO  server.RaftServerConfigKeys (ConfUtils.java:logGet(44)) - raft.server.log.segment.cache.size.max = 200MB (=209715200) (default)
2021-10-16 01:05:33,476 [EventQueue-OpenPipelineForHealthyPipelineSafeModeRule] INFO  safemode.SCMSafeModeManager (HealthyPipelineSafeModeRule.java:process(124)) - SCM in safe mode. Healthy pipelines reported count is 0, required healthy pipeline reported count is 1
2021-10-16 01:05:33,478 [pool-131-thread-1] INFO  segmented.SegmentedRaftLogWorker (SegmentedRaftLogWorker.java:<init>(182)) - new 9788528e-c4e7-43d7-a896-13140055b23a@group-66D1402A49BA-SegmentedRaftLogWorker for RaftStorageImpl:Storage Directory /home/runner/work/ozone/ozone/hadoop-ozone/integration-test/target/test-dir/MiniOzoneClusterImpl-248ee1f4-0f5c-4e53-af87-c176a130d444/datanode-4/data/ratis/74792a45-8717-44f4-b6f7-66d1402a49ba
2021-10-16 01:05:33,478 [pool-150-thread-1] INFO  segmented.SegmentedRaftLogWorker (SegmentedRaftLogWorker.java:<init>(182)) - new 7a90a2fd-4c46-424f-b10b-a3a7d32abd98@group-45D0AF5F9F82-SegmentedRaftLogWorker for RaftStorageImpl:Storage Directory /home/runner/work/ozone/ozone/hadoop-ozone/integration-test/target/test-dir/MiniOzoneClusterImpl-248ee1f4-0f5c-4e53-af87-c176a130d444/datanode-5/data/ratis/06c9b66e-3d37-49ac-87e4-45d0af5f9f82
2021-10-16 01:05:33,478 [pool-131-thread-1] INFO  server.RaftServerConfigKeys (ConfUtils.java:logGet(44)) - raft.server.log.queue.byte-limit = 2147483647 (custom)
2021-10-16 01:05:33,478 [pool-150-thread-1] INFO  server.RaftServerConfigKeys (ConfUtils.java:logGet(44)) - raft.server.log.queue.byte-limit = 2147483647 (custom)
2021-10-16 01:05:33,479 [pool-150-thread-1] INFO  server.RaftServerConfigKeys (ConfUtils.java:logGet(44)) - raft.server.log.queue.element-limit = 1024 (custom)
2021-10-16 01:05:33,479 [pool-150-thread-1] INFO  server.RaftServerConfigKeys (ConfUtils.java:logGet(44)) - raft.server.log.segment.size.max = 1048576 (custom)
2021-10-16 01:05:33,479 [pool-150-thread-1] INFO  server.RaftServerConfigKeys (ConfUtils.java:logGet(44)) - raft.server.log.preallocated.size = 16384 (custom)
2021-10-16 01:05:33,479 [pool-131-thread-1] INFO  server.RaftServerConfigKeys (ConfUtils.java:logGet(44)) - raft.server.log.queue.element-limit = 1024 (custom)
2021-10-16 01:05:33,479 [pool-150-thread-1] INFO  server.RaftServerConfigKeys (ConfUtils.java:logGet(44)) - raft.server.log.force.sync.num = 128 (default)
2021-10-16 01:05:33,479 [pool-131-thread-1] INFO  server.RaftServerConfigKeys (ConfUtils.java:logGet(44)) - raft.server.log.segment.size.max = 1048576 (custom)
2021-10-16 01:05:33,479 [pool-150-thread-1] INFO  server.RaftServerConfigKeys (ConfUtils.java:logGet(44)) - raft.server.log.statemachine.data.sync = true (default)
2021-10-16 01:05:33,479 [pool-150-thread-1] INFO  server.RaftServerConfigKeys (ConfUtils.java:logGet(44)) - raft.server.log.statemachine.data.sync.timeout = 10s (default)
2021-10-16 01:05:33,480 [pool-131-thread-1] INFO  server.RaftServerConfigKeys (ConfUtils.java:logGet(44)) - raft.server.log.preallocated.size = 16384 (custom)
2021-10-16 01:05:33,480 [pool-150-thread-1] INFO  server.RaftServerConfigKeys (ConfUtils.java:logGet(44)) - raft.server.log.statemachine.data.sync.timeout.retry = -1 (default)
2021-10-16 01:05:33,481 [pool-150-thread-1] INFO  server.RaftServerConfigKeys (ConfUtils.java:logGet(44)) - raft.server.log.write.buffer.size = 1048576 (custom)
2021-10-16 01:05:33,482 [pool-150-thread-1] INFO  server.RaftServerConfigKeys (ConfUtils.java:logGet(44)) - raft.server.log.statemachine.data.caching.enabled = true (custom)
2021-10-16 01:05:33,481 [pool-131-thread-1] INFO  server.RaftServerConfigKeys (ConfUtils.java:logGet(44)) - raft.server.log.force.sync.num = 128 (default)
2021-10-16 01:05:33,483 [pool-131-thread-1] INFO  server.RaftServerConfigKeys (ConfUtils.java:logGet(44)) - raft.server.log.statemachine.data.sync = true (default)
2021-10-16 01:05:33,483 [pool-131-thread-1] INFO  server.RaftServerConfigKeys (ConfUtils.java:logGet(44)) - raft.server.log.statemachine.data.sync.timeout = 10s (default)
2021-10-16 01:05:33,483 [pool-131-thread-1] INFO  server.RaftServerConfigKeys (ConfUtils.java:logGet(44)) - raft.server.log.statemachine.data.sync.timeout.retry = -1 (default)
2021-10-16 01:05:33,483 [pool-150-thread-1] INFO  segmented.SegmentedRaftLogWorker (SegmentedRaftLogWorker.java:lambda$new$0(133)) - 7a90a2fd-4c46-424f-b10b-a3a7d32abd98@group-45D0AF5F9F82-SegmentedRaftLogWorker: flushIndex: setUnconditionally 0 -> -1
2021-10-16 01:05:33,483 [pool-150-thread-1] INFO  segmented.SegmentedRaftLogWorker (SegmentedRaftLogWorker.java:lambda$new$0(133)) - 7a90a2fd-4c46-424f-b10b-a3a7d32abd98@group-45D0AF5F9F82-SegmentedRaftLogWorker: safeCacheEvictIndex: setUnconditionally 0 -> -1
2021-10-16 01:05:33,483 [pool-150-thread-1] INFO  server.RaftServerConfigKeys (ConfUtils.java:logGet(44)) - raft.server.snapshot.auto.trigger.enabled = true (custom)
2021-10-16 01:05:33,484 [pool-150-thread-1] INFO  server.RaftServerConfigKeys (ConfUtils.java:logGet(44)) - raft.server.snapshot.auto.trigger.threshold = 1 (custom)
2021-10-16 01:05:33,484 [pool-150-thread-1] INFO  server.RaftServerConfigKeys (ConfUtils.java:logGet(44)) - raft.server.snapshot.retention.file.num = 5 (custom)
2021-10-16 01:05:33,484 [pool-150-thread-1] INFO  server.RaftServerConfigKeys (ConfUtils.java:logGet(44)) - raft.server.log.purge.upto.snapshot.index = false (default)
2021-10-16 01:05:33,484 [pool-150-thread-1] INFO  server.RaftServerConfigKeys (ConfUtils.java:logGet(44)) - raft.server.retrycache.expirytime = 600000ms (custom)
2021-10-16 01:05:33,484 [pool-150-thread-1] INFO  server.RaftServerConfigKeys (ConfUtils.java:logGet(44)) - raft.server.retrycache.statistics.expirytime = 100μs (default)
2021-10-16 01:05:33,489 [pool-150-thread-1] INFO  server.RaftServer$Division (RaftServerImpl.java:start(296)) - 7a90a2fd-4c46-424f-b10b-a3a7d32abd98@group-45D0AF5F9F82: start as a follower, conf=-1: [5d47f048-385c-4622-902c-1a2c4fbfa0fd|rpc:10.1.0.55:38959|dataStream:|priority:1, 7a90a2fd-4c46-424f-b10b-a3a7d32abd98|rpc:10.1.0.55:46627|dataStream:|priority:0, 9788528e-c4e7-43d7-a896-13140055b23a|rpc:10.1.0.55:44875|dataStream:|priority:0], old=null
2021-10-16 01:05:33,489 [pool-150-thread-1] INFO  server.RaftServer$Division (RaftServerImpl.java:setRole(285)) - 7a90a2fd-4c46-424f-b10b-a3a7d32abd98@group-45D0AF5F9F82: changes role from      null to FOLLOWER at term 0 for startAsFollower
2021-10-16 01:05:33,489 [pool-150-thread-1] INFO  impl.RoleInfo (RoleInfo.java:updateAndGet(130)) - 7a90a2fd-4c46-424f-b10b-a3a7d32abd98: start 7a90a2fd-4c46-424f-b10b-a3a7d32abd98@group-45D0AF5F9F82-FollowerState
2021-10-16 01:05:33,489 [pool-131-thread-1] INFO  server.RaftServerConfigKeys (ConfUtils.java:logGet(44)) - raft.server.log.write.buffer.size = 1048576 (custom)
2021-10-16 01:05:33,490 [pool-131-thread-1] INFO  server.RaftServerConfigKeys (ConfUtils.java:logGet(44)) - raft.server.log.statemachine.data.caching.enabled = true (custom)
2021-10-16 01:05:33,491 [pool-131-thread-1] INFO  segmented.SegmentedRaftLogWorker (SegmentedRaftLogWorker.java:lambda$new$0(133)) - 9788528e-c4e7-43d7-a896-13140055b23a@group-66D1402A49BA-SegmentedRaftLogWorker: flushIndex: setUnconditionally 0 -> -1
2021-10-16 01:05:33,491 [pool-131-thread-1] INFO  segmented.SegmentedRaftLogWorker (SegmentedRaftLogWorker.java:lambda$new$0(133)) - 9788528e-c4e7-43d7-a896-13140055b23a@group-66D1402A49BA-SegmentedRaftLogWorker: safeCacheEvictIndex: setUnconditionally 0 -> -1
2021-10-16 01:05:33,491 [pool-150-thread-1] INFO  util.JmxRegister (JmxRegister.java:tryRegister(44)) - Successfully registered JMX Bean with object name Ratis:service=RaftServer,group=group-45D0AF5F9F82,id=7a90a2fd-4c46-424f-b10b-a3a7d32abd98
2021-10-16 01:05:33,498 [EventQueue-OpenPipelineForHealthyPipelineSafeModeRule] INFO  safemode.SCMSafeModeManager (HealthyPipelineSafeModeRule.java:process(124)) - SCM in safe mode. Healthy pipelines reported count is 0, required healthy pipeline reported count is 1
2021-10-16 01:05:33,499 [EventQueue-OpenPipelineForHealthyPipelineSafeModeRule] INFO  safemode.SCMSafeModeManager (HealthyPipelineSafeModeRule.java:process(124)) - SCM in safe mode. Healthy pipelines reported count is 0, required healthy pipeline reported count is 1
2021-10-16 01:05:33,516 [pool-131-thread-1] INFO  server.RaftServerConfigKeys (ConfUtils.java:logGet(44)) - raft.server.snapshot.auto.trigger.enabled = true (custom)
2021-10-16 01:05:33,517 [pool-131-thread-1] INFO  server.RaftServerConfigKeys (ConfUtils.java:logGet(44)) - raft.server.snapshot.auto.trigger.threshold = 1 (custom)
2021-10-16 01:05:33,517 [pool-131-thread-1] INFO  server.RaftServerConfigKeys (ConfUtils.java:logGet(44)) - raft.server.snapshot.retention.file.num = 5 (custom)
2021-10-16 01:05:33,517 [pool-131-thread-1] INFO  server.RaftServerConfigKeys (ConfUtils.java:logGet(44)) - raft.server.log.purge.upto.snapshot.index = false (default)
2021-10-16 01:05:33,517 [pool-131-thread-1] INFO  server.RaftServerConfigKeys (ConfUtils.java:logGet(44)) - raft.server.retrycache.expirytime = 600000ms (custom)
2021-10-16 01:05:33,517 [pool-131-thread-1] INFO  server.RaftServerConfigKeys (ConfUtils.java:logGet(44)) - raft.server.retrycache.statistics.expirytime = 100μs (default)
2021-10-16 01:05:33,519 [pool-131-thread-1] INFO  server.RaftServer$Division (RaftServerImpl.java:start(296)) - 9788528e-c4e7-43d7-a896-13140055b23a@group-66D1402A49BA: start as a follower, conf=-1: [5d47f048-385c-4622-902c-1a2c4fbfa0fd|rpc:10.1.0.55:38959|priority:0, 7a90a2fd-4c46-424f-b10b-a3a7d32abd98|rpc:10.1.0.55:46627|priority:1, 9788528e-c4e7-43d7-a896-13140055b23a|rpc:10.1.0.55:44875|priority:0], old=null
2021-10-16 01:05:33,519 [pool-131-thread-1] INFO  server.RaftServer$Division (RaftServerImpl.java:setRole(285)) - 9788528e-c4e7-43d7-a896-13140055b23a@group-66D1402A49BA: changes role from      null to FOLLOWER at term 0 for startAsFollower
2021-10-16 01:05:33,519 [pool-131-thread-1] INFO  impl.RoleInfo (RoleInfo.java:updateAndGet(130)) - 9788528e-c4e7-43d7-a896-13140055b23a: start 9788528e-c4e7-43d7-a896-13140055b23a@group-66D1402A49BA-FollowerState
2021-10-16 01:05:33,522 [pool-131-thread-1] INFO  util.JmxRegister (JmxRegister.java:tryRegister(44)) - Successfully registered JMX Bean with object name Ratis:service=RaftServer,group=group-66D1402A49BA,id=9788528e-c4e7-43d7-a896-13140055b23a
2021-10-16 01:05:33,528 [Command processor thread] INFO  ratis.XceiverServerRatis (XceiverServerRatis.java:addGroup(768)) - Created group PipelineID=74792a45-8717-44f4-b6f7-66d1402a49ba
2021-10-16 01:05:33,533 [Command processor thread] INFO  commandhandler.CreatePipelineCommandHandler (CreatePipelineCommandHandler.java:handle(106)) - Created Pipeline RATIS THREE PipelineID=06c9b66e-3d37-49ac-87e4-45d0af5f9f82.
2021-10-16 01:05:33,534 [Command processor thread] INFO  server.RaftServer (RaftServerProxy.java:addNew(95)) - 5d47f048-385c-4622-902c-1a2c4fbfa0fd: addNew group-66D1402A49BA:[5d47f048-385c-4622-902c-1a2c4fbfa0fd|rpc:10.1.0.55:38959|priority:0, 7a90a2fd-4c46-424f-b10b-a3a7d32abd98|rpc:10.1.0.55:46627|priority:1, 9788528e-c4e7-43d7-a896-13140055b23a|rpc:10.1.0.55:44875|priority:0] returns group-66D1402A49BA:java.util.concurrent.CompletableFuture@329ddf93[Not completed]
2021-10-16 01:05:33,540 [pool-112-thread-1] INFO  server.RaftServer$Division (RaftServerImpl.java:<init>(181)) - 5d47f048-385c-4622-902c-1a2c4fbfa0fd: new RaftServerImpl for group-66D1402A49BA:[5d47f048-385c-4622-902c-1a2c4fbfa0fd|rpc:10.1.0.55:38959|priority:0, 7a90a2fd-4c46-424f-b10b-a3a7d32abd98|rpc:10.1.0.55:46627|priority:1, 9788528e-c4e7-43d7-a896-13140055b23a|rpc:10.1.0.55:44875|priority:0] with ContainerStateMachine:uninitialized
2021-10-16 01:05:33,540 [pool-112-thread-1] INFO  server.RaftServerConfigKeys (ConfUtils.java:logGet(44)) - raft.server.rpc.timeout.min = 5s (custom)
2021-10-16 01:05:33,540 [pool-112-thread-1] INFO  server.RaftServerConfigKeys (ConfUtils.java:logGet(44)) - raft.server.rpc.timeout.max = 5200ms (custom)
2021-10-16 01:05:33,541 [pool-112-thread-1] INFO  server.RaftServerConfigKeys (ConfUtils.java:logGet(44)) - raft.server.rpc.sleep.time = 25ms (default)
2021-10-16 01:05:33,541 [pool-112-thread-1] INFO  server.RaftServerConfigKeys (ConfUtils.java:logGet(44)) - raft.server.rpc.slowness.timeout = 300000ms (custom)
2021-10-16 01:05:33,541 [pool-112-thread-1] INFO  server.RaftServerConfigKeys (ConfUtils.java:logGet(44)) - raft.server.leaderelection.leader.step-down.wait-time = 10s (default)
2021-10-16 01:05:33,541 [pool-112-thread-1] INFO  server.RaftServerConfigKeys (ConfUtils.java:logGet(44)) - raft.server.sleep.deviation.threshold = 300ms (default)
2021-10-16 01:05:33,542 [pool-112-thread-1] INFO  server.RaftServerConfigKeys (ConfUtils.java:logGet(44)) - raft.server.log.appender.install.snapshot.enabled = false (custom)
2021-10-16 01:05:33,542 [pool-112-thread-1] INFO  server.RaftServer$Division (ServerState.java:<init>(105)) - 5d47f048-385c-4622-902c-1a2c4fbfa0fd@group-66D1402A49BA: ConfigurationManager, init=-1: [5d47f048-385c-4622-902c-1a2c4fbfa0fd|rpc:10.1.0.55:38959|priority:0, 7a90a2fd-4c46-424f-b10b-a3a7d32abd98|rpc:10.1.0.55:46627|priority:1, 9788528e-c4e7-43d7-a896-13140055b23a|rpc:10.1.0.55:44875|priority:0], old=null, confs=<EMPTY_MAP>
2021-10-16 01:05:33,542 [pool-112-thread-1] INFO  server.RaftServerConfigKeys (ConfUtils.java:logGet(44)) - raft.server.storage.dir = [/home/runner/work/ozone/ozone/hadoop-ozone/integration-test/target/test-dir/MiniOzoneClusterImpl-248ee1f4-0f5c-4e53-af87-c176a130d444/datanode-3/data/ratis] (custom)
2021-10-16 01:05:33,542 [pool-112-thread-1] INFO  server.RaftServerConfigKeys (ConfUtils.java:logGet(44)) - raft.server.log.corruption.policy = EXCEPTION (default)
2021-10-16 01:05:33,545 [pool-112-thread-1] INFO  server.RaftServerConfigKeys (ConfUtils.java:logGet(44)) - raft.server.storage.free-space.min = 0MB (=0) (default)
2021-10-16 01:05:33,545 [pool-112-thread-1] INFO  storage.RaftStorageDirectory (RaftStorageDirectoryImpl.java:analyzeStorage(135)) - The storage directory /home/runner/work/ozone/ozone/hadoop-ozone/integration-test/target/test-dir/MiniOzoneClusterImpl-248ee1f4-0f5c-4e53-af87-c176a130d444/datanode-3/data/ratis/74792a45-8717-44f4-b6f7-66d1402a49ba does not exist. Creating ...
2021-10-16 01:05:33,547 [pool-112-thread-1] INFO  storage.RaftStorageDirectory (RaftStorageDirectoryImpl.java:tryLock(230)) - Lock on /home/runner/work/ozone/ozone/hadoop-ozone/integration-test/target/test-dir/MiniOzoneClusterImpl-248ee1f4-0f5c-4e53-af87-c176a130d444/datanode-3/data/ratis/74792a45-8717-44f4-b6f7-66d1402a49ba/in_use.lock acquired by nodename 12906@fv-az270-581
2021-10-16 01:05:33,550 [pool-112-thread-1] INFO  storage.RaftStorage (RaftStorageImpl.java:format(89)) - Storage directory /home/runner/work/ozone/ozone/hadoop-ozone/integration-test/target/test-dir/MiniOzoneClusterImpl-248ee1f4-0f5c-4e53-af87-c176a130d444/datanode-3/data/ratis/74792a45-8717-44f4-b6f7-66d1402a49ba has been successfully formatted.
2021-10-16 01:05:33,551 [pool-112-thread-1] INFO  ratis.ContainerStateMachine (ContainerStateMachine.java:loadSnapshot(224)) - group-66D1402A49BA: The snapshot info is null. Setting the last applied indexto:(t:0, i:~)
2021-10-16 01:05:33,551 [Datanode State Machine Thread - 0] WARN  statemachine.StateContext (StateContext.java:execute(621)) - No available thread in pool for past 0 seconds.
2021-10-16 01:05:33,551 [pool-112-thread-1] INFO  server.RaftServerConfigKeys (ConfUtils.java:logGet(44)) - raft.server.notification.no-leader.timeout = 300000ms (custom)
2021-10-16 01:05:33,553 [EventQueue-OpenPipelineForHealthyPipelineSafeModeRule] INFO  safemode.SCMSafeModeManager (HealthyPipelineSafeModeRule.java:process(124)) - SCM in safe mode. Healthy pipelines reported count is 0, required healthy pipeline reported count is 1
2021-10-16 01:05:33,554 [pool-112-thread-1] INFO  server.RaftServerConfigKeys (ConfUtils.java:logGet(44)) - raft.server.log.use.memory = false (default)
2021-10-16 01:05:33,554 [pool-112-thread-1] INFO  server.RaftServerConfigKeys (ConfUtils.java:logGet(44)) - raft.server.log.purge.gap = 1000000 (custom)
2021-10-16 01:05:33,555 [pool-112-thread-1] INFO  server.RaftServerConfigKeys (ConfUtils.java:logGet(44)) - raft.server.log.appender.buffer.byte-limit = 33554432 (custom)
2021-10-16 01:05:33,555 [pool-112-thread-1] INFO  server.RaftServerConfigKeys (ConfUtils.java:logGet(44)) - raft.server.log.segment.size.max = 1048576 (custom)
2021-10-16 01:05:33,560 [pool-112-thread-1] INFO  server.RaftServerConfigKeys (ConfUtils.java:logGet(44)) - raft.server.log.segment.cache.num.max = 2 (custom)
2021-10-16 01:05:33,560 [pool-112-thread-1] INFO  server.RaftServerConfigKeys (ConfUtils.java:logGet(44)) - raft.server.log.segment.cache.size.max = 200MB (=209715200) (default)
2021-10-16 01:05:33,561 [pool-112-thread-1] INFO  segmented.SegmentedRaftLogWorker (SegmentedRaftLogWorker.java:<init>(182)) - new 5d47f048-385c-4622-902c-1a2c4fbfa0fd@group-66D1402A49BA-SegmentedRaftLogWorker for RaftStorageImpl:Storage Directory /home/runner/work/ozone/ozone/hadoop-ozone/integration-test/target/test-dir/MiniOzoneClusterImpl-248ee1f4-0f5c-4e53-af87-c176a130d444/datanode-3/data/ratis/74792a45-8717-44f4-b6f7-66d1402a49ba
2021-10-16 01:05:33,561 [pool-112-thread-1] INFO  server.RaftServerConfigKeys (ConfUtils.java:logGet(44)) - raft.server.log.queue.byte-limit = 2147483647 (custom)
2021-10-16 01:05:33,561 [pool-112-thread-1] INFO  server.RaftServerConfigKeys (ConfUtils.java:logGet(44)) - raft.server.log.queue.element-limit = 1024 (custom)
2021-10-16 01:05:33,561 [pool-112-thread-1] INFO  server.RaftServerConfigKeys (ConfUtils.java:logGet(44)) - raft.server.log.segment.size.max = 1048576 (custom)
2021-10-16 01:05:33,561 [pool-112-thread-1] INFO  server.RaftServerConfigKeys (ConfUtils.java:logGet(44)) - raft.server.log.preallocated.size = 16384 (custom)
2021-10-16 01:05:33,561 [pool-112-thread-1] INFO  server.RaftServerConfigKeys (ConfUtils.java:logGet(44)) - raft.server.log.force.sync.num = 128 (default)
2021-10-16 01:05:33,561 [pool-112-thread-1] INFO  server.RaftServerConfigKeys (ConfUtils.java:logGet(44)) - raft.server.log.statemachine.data.sync = true (default)
2021-10-16 01:05:33,561 [pool-112-thread-1] INFO  server.RaftServerConfigKeys (ConfUtils.java:logGet(44)) - raft.server.log.statemachine.data.sync.timeout = 10s (default)
2021-10-16 01:05:33,561 [pool-112-thread-1] INFO  server.RaftServerConfigKeys (ConfUtils.java:logGet(44)) - raft.server.log.statemachine.data.sync.timeout.retry = -1 (default)
2021-10-16 01:05:33,566 [pool-112-thread-1] INFO  server.RaftServerConfigKeys (ConfUtils.java:logGet(44)) - raft.server.log.write.buffer.size = 1048576 (custom)
2021-10-16 01:05:33,567 [pool-112-thread-1] INFO  server.RaftServerConfigKeys (ConfUtils.java:logGet(44)) - raft.server.log.statemachine.data.caching.enabled = true (custom)
2021-10-16 01:05:33,567 [pool-112-thread-1] INFO  segmented.SegmentedRaftLogWorker (SegmentedRaftLogWorker.java:lambda$new$0(133)) - 5d47f048-385c-4622-902c-1a2c4fbfa0fd@group-66D1402A49BA-SegmentedRaftLogWorker: flushIndex: setUnconditionally 0 -> -1
2021-10-16 01:05:33,567 [pool-112-thread-1] INFO  segmented.SegmentedRaftLogWorker (SegmentedRaftLogWorker.java:lambda$new$0(133)) - 5d47f048-385c-4622-902c-1a2c4fbfa0fd@group-66D1402A49BA-SegmentedRaftLogWorker: safeCacheEvictIndex: setUnconditionally 0 -> -1
2021-10-16 01:05:33,568 [pool-112-thread-1] INFO  server.RaftServerConfigKeys (ConfUtils.java:logGet(44)) - raft.server.snapshot.auto.trigger.enabled = true (custom)
2021-10-16 01:05:33,569 [pool-112-thread-1] INFO  server.RaftServerConfigKeys (ConfUtils.java:logGet(44)) - raft.server.snapshot.auto.trigger.threshold = 1 (custom)
2021-10-16 01:05:33,569 [pool-112-thread-1] INFO  server.RaftServerConfigKeys (ConfUtils.java:logGet(44)) - raft.server.snapshot.retention.file.num = 5 (custom)
2021-10-16 01:05:33,570 [pool-112-thread-1] INFO  server.RaftServerConfigKeys (ConfUtils.java:logGet(44)) - raft.server.log.purge.upto.snapshot.index = false (default)
2021-10-16 01:05:33,570 [pool-112-thread-1] INFO  server.RaftServerConfigKeys (ConfUtils.java:logGet(44)) - raft.server.retrycache.expirytime = 600000ms (custom)
2021-10-16 01:05:33,570 [pool-112-thread-1] INFO  server.RaftServerConfigKeys (ConfUtils.java:logGet(44)) - raft.server.retrycache.statistics.expirytime = 100μs (default)
2021-10-16 01:05:33,572 [pool-112-thread-1] INFO  server.RaftServer$Division (RaftServerImpl.java:start(296)) - 5d47f048-385c-4622-902c-1a2c4fbfa0fd@group-66D1402A49BA: start as a follower, conf=-1: [5d47f048-385c-4622-902c-1a2c4fbfa0fd|rpc:10.1.0.55:38959|priority:0, 7a90a2fd-4c46-424f-b10b-a3a7d32abd98|rpc:10.1.0.55:46627|priority:1, 9788528e-c4e7-43d7-a896-13140055b23a|rpc:10.1.0.55:44875|priority:0], old=null
2021-10-16 01:05:33,572 [pool-112-thread-1] INFO  server.RaftServer$Division (RaftServerImpl.java:setRole(285)) - 5d47f048-385c-4622-902c-1a2c4fbfa0fd@group-66D1402A49BA: changes role from      null to FOLLOWER at term 0 for startAsFollower
2021-10-16 01:05:33,572 [pool-112-thread-1] INFO  impl.RoleInfo (RoleInfo.java:updateAndGet(130)) - 5d47f048-385c-4622-902c-1a2c4fbfa0fd: start 5d47f048-385c-4622-902c-1a2c4fbfa0fd@group-66D1402A49BA-FollowerState
2021-10-16 01:05:33,573 [pool-112-thread-1] INFO  util.JmxRegister (JmxRegister.java:tryRegister(44)) - Successfully registered JMX Bean with object name Ratis:service=RaftServer,group=group-66D1402A49BA,id=5d47f048-385c-4622-902c-1a2c4fbfa0fd
2021-10-16 01:05:33,576 [Command processor thread] INFO  ratis.XceiverServerRatis (XceiverServerRatis.java:addGroup(768)) - Created group PipelineID=74792a45-8717-44f4-b6f7-66d1402a49ba
2021-10-16 01:05:33,595 [EventQueue-OpenPipelineForHealthyPipelineSafeModeRule] INFO  safemode.SCMSafeModeManager (HealthyPipelineSafeModeRule.java:process(124)) - SCM in safe mode. Healthy pipelines reported count is 0, required healthy pipeline reported count is 1
2021-10-16 01:05:33,596 [EventQueue-OpenPipelineForHealthyPipelineSafeModeRule] INFO  safemode.SCMSafeModeManager (HealthyPipelineSafeModeRule.java:process(124)) - SCM in safe mode. Healthy pipelines reported count is 0, required healthy pipeline reported count is 1
2021-10-16 01:05:33,620 [grpc-default-executor-0] INFO  server.RaftServer (RaftServerProxy.java:addNew(95)) - 7a90a2fd-4c46-424f-b10b-a3a7d32abd98: addNew group-66D1402A49BA:[5d47f048-385c-4622-902c-1a2c4fbfa0fd|rpc:10.1.0.55:38959|dataStream:|priority:0, 7a90a2fd-4c46-424f-b10b-a3a7d32abd98|rpc:10.1.0.55:46627|dataStream:|priority:1, 9788528e-c4e7-43d7-a896-13140055b23a|rpc:10.1.0.55:44875|dataStream:|priority:0] returns group-66D1402A49BA:java.util.concurrent.CompletableFuture@46025efb[Not completed]
2021-10-16 01:05:33,621 [pool-150-thread-1] INFO  server.RaftServer$Division (RaftServerImpl.java:<init>(181)) - 7a90a2fd-4c46-424f-b10b-a3a7d32abd98: new RaftServerImpl for group-66D1402A49BA:[5d47f048-385c-4622-902c-1a2c4fbfa0fd|rpc:10.1.0.55:38959|dataStream:|priority:0, 7a90a2fd-4c46-424f-b10b-a3a7d32abd98|rpc:10.1.0.55:46627|dataStream:|priority:1, 9788528e-c4e7-43d7-a896-13140055b23a|rpc:10.1.0.55:44875|dataStream:|priority:0] with ContainerStateMachine:uninitialized
2021-10-16 01:05:33,622 [pool-150-thread-1] INFO  server.RaftServerConfigKeys (ConfUtils.java:logGet(44)) - raft.server.rpc.timeout.min = 5s (custom)
2021-10-16 01:05:33,622 [pool-150-thread-1] INFO  server.RaftServerConfigKeys (ConfUtils.java:logGet(44)) - raft.server.rpc.timeout.max = 5200ms (custom)
2021-10-16 01:05:33,622 [pool-150-thread-1] INFO  server.RaftServerConfigKeys (ConfUtils.java:logGet(44)) - raft.server.rpc.sleep.time = 25ms (default)
2021-10-16 01:05:33,622 [pool-150-thread-1] INFO  server.RaftServerConfigKeys (ConfUtils.java:logGet(44)) - raft.server.rpc.slowness.timeout = 300000ms (custom)
2021-10-16 01:05:33,622 [pool-150-thread-1] INFO  server.RaftServerConfigKeys (ConfUtils.java:logGet(44)) - raft.server.leaderelection.leader.step-down.wait-time = 10s (default)
2021-10-16 01:05:33,622 [pool-150-thread-1] INFO  server.RaftServerConfigKeys (ConfUtils.java:logGet(44)) - raft.server.sleep.deviation.threshold = 300ms (default)
2021-10-16 01:05:33,622 [pool-150-thread-1] INFO  server.RaftServerConfigKeys (ConfUtils.java:logGet(44)) - raft.server.log.appender.install.snapshot.enabled = false (custom)
2021-10-16 01:05:33,622 [pool-150-thread-1] INFO  server.RaftServer$Division (ServerState.java:<init>(105)) - 7a90a2fd-4c46-424f-b10b-a3a7d32abd98@group-66D1402A49BA: ConfigurationManager, init=-1: [5d47f048-385c-4622-902c-1a2c4fbfa0fd|rpc:10.1.0.55:38959|dataStream:|priority:0, 7a90a2fd-4c46-424f-b10b-a3a7d32abd98|rpc:10.1.0.55:46627|dataStream:|priority:1, 9788528e-c4e7-43d7-a896-13140055b23a|rpc:10.1.0.55:44875|dataStream:|priority:0], old=null, confs=<EMPTY_MAP>
2021-10-16 01:05:33,622 [pool-150-thread-1] INFO  server.RaftServerConfigKeys (ConfUtils.java:logGet(44)) - raft.server.storage.dir = [/home/runner/work/ozone/ozone/hadoop-ozone/integration-test/target/test-dir/MiniOzoneClusterImpl-248ee1f4-0f5c-4e53-af87-c176a130d444/datanode-5/data/ratis] (custom)
2021-10-16 01:05:33,622 [pool-150-thread-1] INFO  server.RaftServerConfigKeys (ConfUtils.java:logGet(44)) - raft.server.log.corruption.policy = EXCEPTION (default)
2021-10-16 01:05:33,622 [pool-150-thread-1] INFO  server.RaftServerConfigKeys (ConfUtils.java:logGet(44)) - raft.server.storage.free-space.min = 0MB (=0) (default)
2021-10-16 01:05:33,623 [pool-150-thread-1] INFO  storage.RaftStorageDirectory (RaftStorageDirectoryImpl.java:analyzeStorage(135)) - The storage directory /home/runner/work/ozone/ozone/hadoop-ozone/integration-test/target/test-dir/MiniOzoneClusterImpl-248ee1f4-0f5c-4e53-af87-c176a130d444/datanode-5/data/ratis/74792a45-8717-44f4-b6f7-66d1402a49ba does not exist. Creating ...
2021-10-16 01:05:33,625 [pool-150-thread-1] INFO  storage.RaftStorageDirectory (RaftStorageDirectoryImpl.java:tryLock(230)) - Lock on /home/runner/work/ozone/ozone/hadoop-ozone/integration-test/target/test-dir/MiniOzoneClusterImpl-248ee1f4-0f5c-4e53-af87-c176a130d444/datanode-5/data/ratis/74792a45-8717-44f4-b6f7-66d1402a49ba/in_use.lock acquired by nodename 12906@fv-az270-581
2021-10-16 01:05:33,628 [pool-150-thread-1] INFO  storage.RaftStorage (RaftStorageImpl.java:format(89)) - Storage directory /home/runner/work/ozone/ozone/hadoop-ozone/integration-test/target/test-dir/MiniOzoneClusterImpl-248ee1f4-0f5c-4e53-af87-c176a130d444/datanode-5/data/ratis/74792a45-8717-44f4-b6f7-66d1402a49ba has been successfully formatted.
2021-10-16 01:05:33,629 [pool-150-thread-1] INFO  ratis.ContainerStateMachine (ContainerStateMachine.java:loadSnapshot(224)) - group-66D1402A49BA: The snapshot info is null. Setting the last applied indexto:(t:0, i:~)
2021-10-16 01:05:33,629 [pool-150-thread-1] INFO  server.RaftServerConfigKeys (ConfUtils.java:logGet(44)) - raft.server.notification.no-leader.timeout = 300000ms (custom)
2021-10-16 01:05:33,632 [pool-150-thread-1] INFO  server.RaftServerConfigKeys (ConfUtils.java:logGet(44)) - raft.server.log.use.memory = false (default)
2021-10-16 01:05:33,632 [pool-150-thread-1] INFO  server.RaftServerConfigKeys (ConfUtils.java:logGet(44)) - raft.server.log.purge.gap = 1000000 (custom)
2021-10-16 01:05:33,632 [pool-150-thread-1] INFO  server.RaftServerConfigKeys (ConfUtils.java:logGet(44)) - raft.server.log.appender.buffer.byte-limit = 33554432 (custom)
2021-10-16 01:05:33,633 [pool-150-thread-1] INFO  server.RaftServerConfigKeys (ConfUtils.java:logGet(44)) - raft.server.log.segment.size.max = 1048576 (custom)
2021-10-16 01:05:33,633 [pool-150-thread-1] INFO  server.RaftServerConfigKeys (ConfUtils.java:logGet(44)) - raft.server.log.segment.cache.num.max = 2 (custom)
2021-10-16 01:05:33,633 [pool-150-thread-1] INFO  server.RaftServerConfigKeys (ConfUtils.java:logGet(44)) - raft.server.log.segment.cache.size.max = 200MB (=209715200) (default)
2021-10-16 01:05:33,633 [pool-150-thread-1] INFO  segmented.SegmentedRaftLogWorker (SegmentedRaftLogWorker.java:<init>(182)) - new 7a90a2fd-4c46-424f-b10b-a3a7d32abd98@group-66D1402A49BA-SegmentedRaftLogWorker for RaftStorageImpl:Storage Directory /home/runner/work/ozone/ozone/hadoop-ozone/integration-test/target/test-dir/MiniOzoneClusterImpl-248ee1f4-0f5c-4e53-af87-c176a130d444/datanode-5/data/ratis/74792a45-8717-44f4-b6f7-66d1402a49ba
2021-10-16 01:05:33,634 [pool-150-thread-1] INFO  server.RaftServerConfigKeys (ConfUtils.java:logGet(44)) - raft.server.log.queue.byte-limit = 2147483647 (custom)
2021-10-16 01:05:33,634 [pool-150-thread-1] INFO  server.RaftServerConfigKeys (ConfUtils.java:logGet(44)) - raft.server.log.queue.element-limit = 1024 (custom)
2021-10-16 01:05:33,634 [pool-150-thread-1] INFO  server.RaftServerConfigKeys (ConfUtils.java:logGet(44)) - raft.server.log.segment.size.max = 1048576 (custom)
2021-10-16 01:05:33,634 [pool-150-thread-1] INFO  server.RaftServerConfigKeys (ConfUtils.java:logGet(44)) - raft.server.log.preallocated.size = 16384 (custom)
2021-10-16 01:05:33,634 [pool-150-thread-1] INFO  server.RaftServerConfigKeys (ConfUtils.java:logGet(44)) - raft.server.log.force.sync.num = 128 (default)
2021-10-16 01:05:33,634 [pool-150-thread-1] INFO  server.RaftServerConfigKeys (ConfUtils.java:logGet(44)) - raft.server.log.statemachine.data.sync = true (default)
2021-10-16 01:05:33,634 [pool-150-thread-1] INFO  server.RaftServerConfigKeys (ConfUtils.java:logGet(44)) - raft.server.log.statemachine.data.sync.timeout = 10s (default)
2021-10-16 01:05:33,634 [pool-150-thread-1] INFO  server.RaftServerConfigKeys (ConfUtils.java:logGet(44)) - raft.server.log.statemachine.data.sync.timeout.retry = -1 (default)
2021-10-16 01:05:33,635 [pool-150-thread-1] INFO  server.RaftServerConfigKeys (ConfUtils.java:logGet(44)) - raft.server.log.write.buffer.size = 1048576 (custom)
2021-10-16 01:05:33,646 [pool-150-thread-1] INFO  server.RaftServerConfigKeys (ConfUtils.java:logGet(44)) - raft.server.log.statemachine.data.caching.enabled = true (custom)
2021-10-16 01:05:33,646 [pool-150-thread-1] INFO  segmented.SegmentedRaftLogWorker (SegmentedRaftLogWorker.java:lambda$new$0(133)) - 7a90a2fd-4c46-424f-b10b-a3a7d32abd98@group-66D1402A49BA-SegmentedRaftLogWorker: flushIndex: setUnconditionally 0 -> -1
2021-10-16 01:05:33,646 [pool-150-thread-1] INFO  segmented.SegmentedRaftLogWorker (SegmentedRaftLogWorker.java:lambda$new$0(133)) - 7a90a2fd-4c46-424f-b10b-a3a7d32abd98@group-66D1402A49BA-SegmentedRaftLogWorker: safeCacheEvictIndex: setUnconditionally 0 -> -1
2021-10-16 01:05:33,653 [pool-150-thread-1] INFO  server.RaftServerConfigKeys (ConfUtils.java:logGet(44)) - raft.server.snapshot.auto.trigger.enabled = true (custom)
2021-10-16 01:05:33,653 [pool-150-thread-1] INFO  server.RaftServerConfigKeys (ConfUtils.java:logGet(44)) - raft.server.snapshot.auto.trigger.threshold = 1 (custom)
2021-10-16 01:05:33,653 [pool-150-thread-1] INFO  server.RaftServerConfigKeys (ConfUtils.java:logGet(44)) - raft.server.snapshot.retention.file.num = 5 (custom)
2021-10-16 01:05:33,653 [pool-150-thread-1] INFO  server.RaftServerConfigKeys (ConfUtils.java:logGet(44)) - raft.server.log.purge.upto.snapshot.index = false (default)
2021-10-16 01:05:33,653 [pool-150-thread-1] INFO  server.RaftServerConfigKeys (ConfUtils.java:logGet(44)) - raft.server.retrycache.expirytime = 600000ms (custom)
2021-10-16 01:05:33,654 [pool-150-thread-1] INFO  server.RaftServerConfigKeys (ConfUtils.java:logGet(44)) - raft.server.retrycache.statistics.expirytime = 100μs (default)
2021-10-16 01:05:33,655 [pool-150-thread-1] INFO  server.RaftServer$Division (RaftServerImpl.java:start(296)) - 7a90a2fd-4c46-424f-b10b-a3a7d32abd98@group-66D1402A49BA: start as a follower, conf=-1: [5d47f048-385c-4622-902c-1a2c4fbfa0fd|rpc:10.1.0.55:38959|dataStream:|priority:0, 7a90a2fd-4c46-424f-b10b-a3a7d32abd98|rpc:10.1.0.55:46627|dataStream:|priority:1, 9788528e-c4e7-43d7-a896-13140055b23a|rpc:10.1.0.55:44875|dataStream:|priority:0], old=null
2021-10-16 01:05:33,655 [pool-150-thread-1] INFO  server.RaftServer$Division (RaftServerImpl.java:setRole(285)) - 7a90a2fd-4c46-424f-b10b-a3a7d32abd98@group-66D1402A49BA: changes role from      null to FOLLOWER at term 0 for startAsFollower
2021-10-16 01:05:33,655 [pool-150-thread-1] INFO  impl.RoleInfo (RoleInfo.java:updateAndGet(130)) - 7a90a2fd-4c46-424f-b10b-a3a7d32abd98: start 7a90a2fd-4c46-424f-b10b-a3a7d32abd98@group-66D1402A49BA-FollowerState
2021-10-16 01:05:33,656 [Command processor thread] INFO  server.RaftServer (RaftServerProxy.java:addNew(95)) - 7a90a2fd-4c46-424f-b10b-a3a7d32abd98: addNew group-933D3B6ECC6F:[7a90a2fd-4c46-424f-b10b-a3a7d32abd98|rpc:10.1.0.55:46627|priority:1] returns group-933D3B6ECC6F:java.util.concurrent.CompletableFuture@69631330[Not completed]
2021-10-16 01:05:33,658 [pool-150-thread-1] INFO  util.JmxRegister (JmxRegister.java:tryRegister(44)) - Successfully registered JMX Bean with object name Ratis:service=RaftServer,group=group-66D1402A49BA,id=7a90a2fd-4c46-424f-b10b-a3a7d32abd98
2021-10-16 01:05:33,687 [Command processor thread] INFO  commandhandler.CreatePipelineCommandHandler (CreatePipelineCommandHandler.java:handle(106)) - Created Pipeline RATIS THREE PipelineID=74792a45-8717-44f4-b6f7-66d1402a49ba.
2021-10-16 01:05:33,688 [pool-150-thread-1] INFO  server.RaftServer$Division (RaftServerImpl.java:<init>(181)) - 7a90a2fd-4c46-424f-b10b-a3a7d32abd98: new RaftServerImpl for group-933D3B6ECC6F:[7a90a2fd-4c46-424f-b10b-a3a7d32abd98|rpc:10.1.0.55:46627|priority:1] with ContainerStateMachine:uninitialized
2021-10-16 01:05:33,689 [pool-150-thread-1] INFO  server.RaftServerConfigKeys (ConfUtils.java:logGet(44)) - raft.server.rpc.timeout.min = 5s (custom)
2021-10-16 01:05:33,689 [pool-150-thread-1] INFO  server.RaftServerConfigKeys (ConfUtils.java:logGet(44)) - raft.server.rpc.timeout.max = 5200ms (custom)
2021-10-16 01:05:33,689 [pool-150-thread-1] INFO  server.RaftServerConfigKeys (ConfUtils.java:logGet(44)) - raft.server.rpc.sleep.time = 25ms (default)
2021-10-16 01:05:33,689 [pool-150-thread-1] INFO  server.RaftServerConfigKeys (ConfUtils.java:logGet(44)) - raft.server.rpc.slowness.timeout = 300000ms (custom)
2021-10-16 01:05:33,689 [pool-150-thread-1] INFO  server.RaftServerConfigKeys (ConfUtils.java:logGet(44)) - raft.server.leaderelection.leader.step-down.wait-time = 10s (default)
2021-10-16 01:05:33,689 [pool-150-thread-1] INFO  server.RaftServerConfigKeys (ConfUtils.java:logGet(44)) - raft.server.sleep.deviation.threshold = 300ms (default)
2021-10-16 01:05:33,689 [pool-150-thread-1] INFO  server.RaftServerConfigKeys (ConfUtils.java:logGet(44)) - raft.server.log.appender.install.snapshot.enabled = false (custom)
2021-10-16 01:05:33,690 [pool-150-thread-1] INFO  server.RaftServer$Division (ServerState.java:<init>(105)) - 7a90a2fd-4c46-424f-b10b-a3a7d32abd98@group-933D3B6ECC6F: ConfigurationManager, init=-1: [7a90a2fd-4c46-424f-b10b-a3a7d32abd98|rpc:10.1.0.55:46627|priority:1], old=null, confs=<EMPTY_MAP>
2021-10-16 01:05:33,690 [pool-150-thread-1] INFO  server.RaftServerConfigKeys (ConfUtils.java:logGet(44)) - raft.server.storage.dir = [/home/runner/work/ozone/ozone/hadoop-ozone/integration-test/target/test-dir/MiniOzoneClusterImpl-248ee1f4-0f5c-4e53-af87-c176a130d444/datanode-5/data/ratis] (custom)
2021-10-16 01:05:33,690 [pool-150-thread-1] INFO  server.RaftServerConfigKeys (ConfUtils.java:logGet(44)) - raft.server.log.corruption.policy = EXCEPTION (default)
2021-10-16 01:05:33,690 [pool-150-thread-1] INFO  server.RaftServerConfigKeys (ConfUtils.java:logGet(44)) - raft.server.storage.free-space.min = 0MB (=0) (default)
2021-10-16 01:05:33,690 [pool-150-thread-1] INFO  storage.RaftStorageDirectory (RaftStorageDirectoryImpl.java:analyzeStorage(135)) - The storage directory /home/runner/work/ozone/ozone/hadoop-ozone/integration-test/target/test-dir/MiniOzoneClusterImpl-248ee1f4-0f5c-4e53-af87-c176a130d444/datanode-5/data/ratis/9060eb23-05f5-4257-93db-933d3b6ecc6f does not exist. Creating ...
2021-10-16 01:05:33,693 [pool-150-thread-1] INFO  storage.RaftStorageDirectory (RaftStorageDirectoryImpl.java:tryLock(230)) - Lock on /home/runner/work/ozone/ozone/hadoop-ozone/integration-test/target/test-dir/MiniOzoneClusterImpl-248ee1f4-0f5c-4e53-af87-c176a130d444/datanode-5/data/ratis/9060eb23-05f5-4257-93db-933d3b6ecc6f/in_use.lock acquired by nodename 12906@fv-az270-581
2021-10-16 01:05:33,696 [pool-150-thread-1] INFO  storage.RaftStorage (RaftStorageImpl.java:format(89)) - Storage directory /home/runner/work/ozone/ozone/hadoop-ozone/integration-test/target/test-dir/MiniOzoneClusterImpl-248ee1f4-0f5c-4e53-af87-c176a130d444/datanode-5/data/ratis/9060eb23-05f5-4257-93db-933d3b6ecc6f has been successfully formatted.
2021-10-16 01:05:33,700 [Datanode State Machine Thread - 0] WARN  statemachine.StateContext (StateContext.java:execute(621)) - No available thread in pool for past 0 seconds.
2021-10-16 01:05:33,701 [pool-150-thread-1] INFO  ratis.ContainerStateMachine (ContainerStateMachine.java:loadSnapshot(224)) - group-933D3B6ECC6F: The snapshot info is null. Setting the last applied indexto:(t:0, i:~)
2021-10-16 01:05:33,703 [EventQueue-PipelineReportForPipelineReportHandler] INFO  pipeline.PipelineManagerImpl (PipelineManagerImpl.java:openPipeline(282)) - Pipeline Pipeline[ Id: 9060eb23-05f5-4257-93db-933d3b6ecc6f, Nodes: 7a90a2fd-4c46-424f-b10b-a3a7d32abd98{ip: 10.1.0.55, host: fv-az270-581.tacnzluakwdehk1hpragurqkma.bx.internal.cloudapp.net, ports: [REPLICATION=39897, RATIS=46627, RATIS_ADMIN=46627, RATIS_SERVER=46627, STANDALONE=34935], networkLocation: /default-rack, certSerialId: null, persistedOpState: IN_SERVICE, persistedOpStateExpiryEpochSec: 0}, ReplicationConfig: RATIS/ONE, State:ALLOCATED, leaderId:7a90a2fd-4c46-424f-b10b-a3a7d32abd98, CreationTimestamp2021-10-16T01:05:30.656Z[Etc/UTC]] moved to OPEN state
2021-10-16 01:05:33,704 [pool-150-thread-1] INFO  server.RaftServerConfigKeys (ConfUtils.java:logGet(44)) - raft.server.notification.no-leader.timeout = 300000ms (custom)
2021-10-16 01:05:33,704 [pool-150-thread-1] INFO  server.RaftServerConfigKeys (ConfUtils.java:logGet(44)) - raft.server.log.use.memory = false (default)
2021-10-16 01:05:33,704 [EventQueue-OpenPipelineForHealthyPipelineSafeModeRule] INFO  safemode.SCMSafeModeManager (HealthyPipelineSafeModeRule.java:process(124)) - SCM in safe mode. Healthy pipelines reported count is 0, required healthy pipeline reported count is 1
2021-10-16 01:05:33,707 [pool-150-thread-1] INFO  server.RaftServerConfigKeys (ConfUtils.java:logGet(44)) - raft.server.log.purge.gap = 1000000 (custom)
2021-10-16 01:05:33,707 [pool-150-thread-1] INFO  server.RaftServerConfigKeys (ConfUtils.java:logGet(44)) - raft.server.log.appender.buffer.byte-limit = 33554432 (custom)
2021-10-16 01:05:33,707 [Command processor thread] INFO  commandhandler.CreatePipelineCommandHandler (CreatePipelineCommandHandler.java:handle(106)) - Created Pipeline RATIS THREE PipelineID=74792a45-8717-44f4-b6f7-66d1402a49ba.
2021-10-16 01:05:33,707 [pool-150-thread-1] INFO  server.RaftServerConfigKeys (ConfUtils.java:logGet(44)) - raft.server.log.segment.size.max = 1048576 (custom)
2021-10-16 01:05:33,708 [pool-150-thread-1] INFO  server.RaftServerConfigKeys (ConfUtils.java:logGet(44)) - raft.server.log.segment.cache.num.max = 2 (custom)
2021-10-16 01:05:33,708 [pool-150-thread-1] INFO  server.RaftServerConfigKeys (ConfUtils.java:logGet(44)) - raft.server.log.segment.cache.size.max = 200MB (=209715200) (default)
2021-10-16 01:05:33,710 [pool-150-thread-1] INFO  segmented.SegmentedRaftLogWorker (SegmentedRaftLogWorker.java:<init>(182)) - new 7a90a2fd-4c46-424f-b10b-a3a7d32abd98@group-933D3B6ECC6F-SegmentedRaftLogWorker for RaftStorageImpl:Storage Directory /home/runner/work/ozone/ozone/hadoop-ozone/integration-test/target/test-dir/MiniOzoneClusterImpl-248ee1f4-0f5c-4e53-af87-c176a130d444/datanode-5/data/ratis/9060eb23-05f5-4257-93db-933d3b6ecc6f
2021-10-16 01:05:33,710 [pool-150-thread-1] INFO  server.RaftServerConfigKeys (ConfUtils.java:logGet(44)) - raft.server.log.queue.byte-limit = 2147483647 (custom)
2021-10-16 01:05:33,710 [pool-150-thread-1] INFO  server.RaftServerConfigKeys (ConfUtils.java:logGet(44)) - raft.server.log.queue.element-limit = 1024 (custom)
2021-10-16 01:05:33,710 [pool-150-thread-1] INFO  server.RaftServerConfigKeys (ConfUtils.java:logGet(44)) - raft.server.log.segment.size.max = 1048576 (custom)
2021-10-16 01:05:33,710 [pool-150-thread-1] INFO  server.RaftServerConfigKeys (ConfUtils.java:logGet(44)) - raft.server.log.preallocated.size = 16384 (custom)
2021-10-16 01:05:33,710 [pool-150-thread-1] INFO  server.RaftServerConfigKeys (ConfUtils.java:logGet(44)) - raft.server.log.force.sync.num = 128 (default)
2021-10-16 01:05:33,711 [pool-150-thread-1] INFO  server.RaftServerConfigKeys (ConfUtils.java:logGet(44)) - raft.server.log.statemachine.data.sync = true (default)
2021-10-16 01:05:33,711 [pool-150-thread-1] INFO  server.RaftServerConfigKeys (ConfUtils.java:logGet(44)) - raft.server.log.statemachine.data.sync.timeout = 10s (default)
2021-10-16 01:05:33,712 [pool-150-thread-1] INFO  server.RaftServerConfigKeys (ConfUtils.java:logGet(44)) - raft.server.log.statemachine.data.sync.timeout.retry = -1 (default)
2021-10-16 01:05:33,713 [pool-150-thread-1] INFO  server.RaftServerConfigKeys (ConfUtils.java:logGet(44)) - raft.server.log.write.buffer.size = 1048576 (custom)
2021-10-16 01:05:33,714 [pool-150-thread-1] INFO  server.RaftServerConfigKeys (ConfUtils.java:logGet(44)) - raft.server.log.statemachine.data.caching.enabled = true (custom)
2021-10-16 01:05:33,716 [pool-150-thread-1] INFO  segmented.SegmentedRaftLogWorker (SegmentedRaftLogWorker.java:lambda$new$0(133)) - 7a90a2fd-4c46-424f-b10b-a3a7d32abd98@group-933D3B6ECC6F-SegmentedRaftLogWorker: flushIndex: setUnconditionally 0 -> -1
2021-10-16 01:05:33,716 [pool-150-thread-1] INFO  segmented.SegmentedRaftLogWorker (SegmentedRaftLogWorker.java:lambda$new$0(133)) - 7a90a2fd-4c46-424f-b10b-a3a7d32abd98@group-933D3B6ECC6F-SegmentedRaftLogWorker: safeCacheEvictIndex: setUnconditionally 0 -> -1
2021-10-16 01:05:33,716 [pool-150-thread-1] INFO  server.RaftServerConfigKeys (ConfUtils.java:logGet(44)) - raft.server.snapshot.auto.trigger.enabled = true (custom)
2021-10-16 01:05:33,716 [pool-150-thread-1] INFO  server.RaftServerConfigKeys (ConfUtils.java:logGet(44)) - raft.server.snapshot.auto.trigger.threshold = 1 (custom)
2021-10-16 01:05:33,717 [pool-150-thread-1] INFO  server.RaftServerConfigKeys (ConfUtils.java:logGet(44)) - raft.server.snapshot.retention.file.num = 5 (custom)
2021-10-16 01:05:33,717 [pool-150-thread-1] INFO  server.RaftServerConfigKeys (ConfUtils.java:logGet(44)) - raft.server.log.purge.upto.snapshot.index = false (default)
2021-10-16 01:05:33,719 [pool-150-thread-1] INFO  server.RaftServerConfigKeys (ConfUtils.java:logGet(44)) - raft.server.retrycache.expirytime = 600000ms (custom)
2021-10-16 01:05:33,719 [pool-150-thread-1] INFO  server.RaftServerConfigKeys (ConfUtils.java:logGet(44)) - raft.server.retrycache.statistics.expirytime = 100μs (default)
2021-10-16 01:05:33,720 [pool-150-thread-1] INFO  server.RaftServer$Division (RaftServerImpl.java:start(296)) - 7a90a2fd-4c46-424f-b10b-a3a7d32abd98@group-933D3B6ECC6F: start as a follower, conf=-1: [7a90a2fd-4c46-424f-b10b-a3a7d32abd98|rpc:10.1.0.55:46627|priority:1], old=null
2021-10-16 01:05:33,721 [pool-150-thread-1] INFO  server.RaftServer$Division (RaftServerImpl.java:setRole(285)) - 7a90a2fd-4c46-424f-b10b-a3a7d32abd98@group-933D3B6ECC6F: changes role from      null to FOLLOWER at term 0 for startAsFollower
2021-10-16 01:05:33,721 [pool-150-thread-1] INFO  impl.RoleInfo (RoleInfo.java:updateAndGet(130)) - 7a90a2fd-4c46-424f-b10b-a3a7d32abd98: start 7a90a2fd-4c46-424f-b10b-a3a7d32abd98@group-933D3B6ECC6F-FollowerState
2021-10-16 01:05:33,721 [pool-150-thread-1] INFO  util.JmxRegister (JmxRegister.java:tryRegister(44)) - Successfully registered JMX Bean with object name Ratis:service=RaftServer,group=group-933D3B6ECC6F,id=7a90a2fd-4c46-424f-b10b-a3a7d32abd98
2021-10-16 01:05:33,722 [Command processor thread] INFO  ratis.XceiverServerRatis (XceiverServerRatis.java:addGroup(768)) - Created group PipelineID=9060eb23-05f5-4257-93db-933d3b6ecc6f
2021-10-16 01:05:33,722 [Command processor thread] INFO  commandhandler.CreatePipelineCommandHandler (CreatePipelineCommandHandler.java:handle(106)) - Created Pipeline RATIS ONE PipelineID=9060eb23-05f5-4257-93db-933d3b6ecc6f.
2021-10-16 01:05:33,744 [Listener at 127.0.0.1/36205] INFO  ozone.MiniOzoneClusterImpl (MiniOzoneClusterImpl.java:lambda$waitForClusterToBeReady$0(235)) - Nodes are ready. Got 10 of 10 DN Heartbeats.
2021-10-16 01:05:33,744 [Listener at 127.0.0.1/36205] INFO  ozone.MiniOzoneClusterImpl (MiniOzoneClusterImpl.java:lambda$waitForClusterToBeReady$0(238)) - Waiting for cluster to exit safe mode
2021-10-16 01:05:33,744 [Listener at 127.0.0.1/36205] INFO  ozone.MiniOzoneClusterImpl (MiniOzoneClusterImpl.java:lambda$waitForClusterToBeReady$0(240)) - SCM became leader
2021-10-16 01:05:33,753 [EventQueue-OpenPipelineForHealthyPipelineSafeModeRule] INFO  safemode.SCMSafeModeManager (HealthyPipelineSafeModeRule.java:process(124)) - SCM in safe mode. Healthy pipelines reported count is 0, required healthy pipeline reported count is 1
2021-10-16 01:05:33,796 [EventQueue-OpenPipelineForHealthyPipelineSafeModeRule] INFO  safemode.SCMSafeModeManager (HealthyPipelineSafeModeRule.java:process(124)) - SCM in safe mode. Healthy pipelines reported count is 0, required healthy pipeline reported count is 1
2021-10-16 01:05:33,797 [EventQueue-OpenPipelineForHealthyPipelineSafeModeRule] INFO  safemode.SCMSafeModeManager (HealthyPipelineSafeModeRule.java:process(124)) - SCM in safe mode. Healthy pipelines reported count is 0, required healthy pipeline reported count is 1
2021-10-16 01:05:33,884 [EventQueue-OpenPipelineForHealthyPipelineSafeModeRule] INFO  safemode.SCMSafeModeManager (HealthyPipelineSafeModeRule.java:process(124)) - SCM in safe mode. Healthy pipelines reported count is 0, required healthy pipeline reported count is 1
2021-10-16 01:05:33,897 [EventQueue-OpenPipelineForHealthyPipelineSafeModeRule] INFO  safemode.SCMSafeModeManager (HealthyPipelineSafeModeRule.java:process(124)) - SCM in safe mode. Healthy pipelines reported count is 0, required healthy pipeline reported count is 1
2021-10-16 01:05:33,944 [Command processor thread] INFO  server.RaftServer (RaftServerProxy.java:addNew(95)) - 099ca399-3e3d-4e02-9a52-59ba45faf8b0: addNew group-595979774AE2:[099ca399-3e3d-4e02-9a52-59ba45faf8b0|rpc:10.1.0.55:36545|priority:1] returns group-595979774AE2:java.util.concurrent.CompletableFuture@48196da[Not completed]
2021-10-16 01:05:33,947 [pool-169-thread-1] INFO  server.RaftServer$Division (RaftServerImpl.java:<init>(181)) - 099ca399-3e3d-4e02-9a52-59ba45faf8b0: new RaftServerImpl for group-595979774AE2:[099ca399-3e3d-4e02-9a52-59ba45faf8b0|rpc:10.1.0.55:36545|priority:1] with ContainerStateMachine:uninitialized
2021-10-16 01:05:33,948 [pool-169-thread-1] INFO  server.RaftServerConfigKeys (ConfUtils.java:logGet(44)) - raft.server.rpc.timeout.min = 5s (custom)
2021-10-16 01:05:33,948 [pool-169-thread-1] INFO  server.RaftServerConfigKeys (ConfUtils.java:logGet(44)) - raft.server.rpc.timeout.max = 5200ms (custom)
2021-10-16 01:05:33,948 [pool-169-thread-1] INFO  server.RaftServerConfigKeys (ConfUtils.java:logGet(44)) - raft.server.rpc.sleep.time = 25ms (default)
2021-10-16 01:05:33,948 [pool-169-thread-1] INFO  server.RaftServerConfigKeys (ConfUtils.java:logGet(44)) - raft.server.rpc.slowness.timeout = 300000ms (custom)
2021-10-16 01:05:33,948 [pool-169-thread-1] INFO  server.RaftServerConfigKeys (ConfUtils.java:logGet(44)) - raft.server.leaderelection.leader.step-down.wait-time = 10s (default)
2021-10-16 01:05:33,948 [pool-169-thread-1] INFO  server.RaftServerConfigKeys (ConfUtils.java:logGet(44)) - raft.server.sleep.deviation.threshold = 300ms (default)
2021-10-16 01:05:33,948 [pool-169-thread-1] INFO  server.RaftServerConfigKeys (ConfUtils.java:logGet(44)) - raft.server.log.appender.install.snapshot.enabled = false (custom)
2021-10-16 01:05:33,948 [pool-169-thread-1] INFO  server.RaftServer$Division (ServerState.java:<init>(105)) - 099ca399-3e3d-4e02-9a52-59ba45faf8b0@group-595979774AE2: ConfigurationManager, init=-1: [099ca399-3e3d-4e02-9a52-59ba45faf8b0|rpc:10.1.0.55:36545|priority:1], old=null, confs=<EMPTY_MAP>
2021-10-16 01:05:33,949 [pool-169-thread-1] INFO  server.RaftServerConfigKeys (ConfUtils.java:logGet(44)) - raft.server.storage.dir = [/home/runner/work/ozone/ozone/hadoop-ozone/integration-test/target/test-dir/MiniOzoneClusterImpl-248ee1f4-0f5c-4e53-af87-c176a130d444/datanode-6/data/ratis] (custom)
2021-10-16 01:05:33,949 [pool-169-thread-1] INFO  server.RaftServerConfigKeys (ConfUtils.java:logGet(44)) - raft.server.log.corruption.policy = EXCEPTION (default)
2021-10-16 01:05:33,949 [pool-169-thread-1] INFO  server.RaftServerConfigKeys (ConfUtils.java:logGet(44)) - raft.server.storage.free-space.min = 0MB (=0) (default)
2021-10-16 01:05:33,949 [pool-169-thread-1] INFO  storage.RaftStorageDirectory (RaftStorageDirectoryImpl.java:analyzeStorage(135)) - The storage directory /home/runner/work/ozone/ozone/hadoop-ozone/integration-test/target/test-dir/MiniOzoneClusterImpl-248ee1f4-0f5c-4e53-af87-c176a130d444/datanode-6/data/ratis/125849f5-2c24-4d41-a7be-595979774ae2 does not exist. Creating ...
2021-10-16 01:05:33,951 [pool-169-thread-1] INFO  storage.RaftStorageDirectory (RaftStorageDirectoryImpl.java:tryLock(230)) - Lock on /home/runner/work/ozone/ozone/hadoop-ozone/integration-test/target/test-dir/MiniOzoneClusterImpl-248ee1f4-0f5c-4e53-af87-c176a130d444/datanode-6/data/ratis/125849f5-2c24-4d41-a7be-595979774ae2/in_use.lock acquired by nodename 12906@fv-az270-581
2021-10-16 01:05:33,953 [pool-169-thread-1] INFO  storage.RaftStorage (RaftStorageImpl.java:format(89)) - Storage directory /home/runner/work/ozone/ozone/hadoop-ozone/integration-test/target/test-dir/MiniOzoneClusterImpl-248ee1f4-0f5c-4e53-af87-c176a130d444/datanode-6/data/ratis/125849f5-2c24-4d41-a7be-595979774ae2 has been successfully formatted.
2021-10-16 01:05:33,955 [Datanode State Machine Thread - 0] WARN  statemachine.StateContext (StateContext.java:execute(621)) - No available thread in pool for past 0 seconds.
2021-10-16 01:05:33,955 [pool-169-thread-1] INFO  ratis.ContainerStateMachine (ContainerStateMachine.java:loadSnapshot(224)) - group-595979774AE2: The snapshot info is null. Setting the last applied indexto:(t:0, i:~)
2021-10-16 01:05:33,955 [pool-169-thread-1] INFO  server.RaftServerConfigKeys (ConfUtils.java:logGet(44)) - raft.server.notification.no-leader.timeout = 300000ms (custom)
2021-10-16 01:05:33,956 [pool-169-thread-1] INFO  server.RaftServerConfigKeys (ConfUtils.java:logGet(44)) - raft.server.log.use.memory = false (default)
2021-10-16 01:05:33,956 [pool-169-thread-1] INFO  server.RaftServerConfigKeys (ConfUtils.java:logGet(44)) - raft.server.log.purge.gap = 1000000 (custom)
2021-10-16 01:05:33,956 [pool-169-thread-1] INFO  server.RaftServerConfigKeys (ConfUtils.java:logGet(44)) - raft.server.log.appender.buffer.byte-limit = 33554432 (custom)
2021-10-16 01:05:33,956 [pool-169-thread-1] INFO  server.RaftServerConfigKeys (ConfUtils.java:logGet(44)) - raft.server.log.segment.size.max = 1048576 (custom)
2021-10-16 01:05:33,956 [EventQueue-PipelineReportForPipelineReportHandler] INFO  pipeline.PipelineManagerImpl (PipelineManagerImpl.java:openPipeline(282)) - Pipeline Pipeline[ Id: 125849f5-2c24-4d41-a7be-595979774ae2, Nodes: 099ca399-3e3d-4e02-9a52-59ba45faf8b0{ip: 10.1.0.55, host: fv-az270-581.tacnzluakwdehk1hpragurqkma.bx.internal.cloudapp.net, ports: [REPLICATION=40185, RATIS=36545, RATIS_ADMIN=36545, RATIS_SERVER=36545, STANDALONE=44569], networkLocation: /default-rack, certSerialId: null, persistedOpState: IN_SERVICE, persistedOpStateExpiryEpochSec: 0}, ReplicationConfig: RATIS/ONE, State:ALLOCATED, leaderId:099ca399-3e3d-4e02-9a52-59ba45faf8b0, CreationTimestamp2021-10-16T01:05:30.948Z[Etc/UTC]] moved to OPEN state
2021-10-16 01:05:33,957 [pool-169-thread-1] INFO  server.RaftServerConfigKeys (ConfUtils.java:logGet(44)) - raft.server.log.segment.cache.num.max = 2 (custom)
2021-10-16 01:05:33,957 [pool-169-thread-1] INFO  server.RaftServerConfigKeys (ConfUtils.java:logGet(44)) - raft.server.log.segment.cache.size.max = 200MB (=209715200) (default)
2021-10-16 01:05:33,957 [pool-169-thread-1] INFO  segmented.SegmentedRaftLogWorker (SegmentedRaftLogWorker.java:<init>(182)) - new 099ca399-3e3d-4e02-9a52-59ba45faf8b0@group-595979774AE2-SegmentedRaftLogWorker for RaftStorageImpl:Storage Directory /home/runner/work/ozone/ozone/hadoop-ozone/integration-test/target/test-dir/MiniOzoneClusterImpl-248ee1f4-0f5c-4e53-af87-c176a130d444/datanode-6/data/ratis/125849f5-2c24-4d41-a7be-595979774ae2
2021-10-16 01:05:33,957 [pool-169-thread-1] INFO  server.RaftServerConfigKeys (ConfUtils.java:logGet(44)) - raft.server.log.queue.byte-limit = 2147483647 (custom)
2021-10-16 01:05:33,957 [pool-169-thread-1] INFO  server.RaftServerConfigKeys (ConfUtils.java:logGet(44)) - raft.server.log.queue.element-limit = 1024 (custom)
2021-10-16 01:05:33,957 [pool-169-thread-1] INFO  server.RaftServerConfigKeys (ConfUtils.java:logGet(44)) - raft.server.log.segment.size.max = 1048576 (custom)
2021-10-16 01:05:33,957 [pool-169-thread-1] INFO  server.RaftServerConfigKeys (ConfUtils.java:logGet(44)) - raft.server.log.preallocated.size = 16384 (custom)
2021-10-16 01:05:33,957 [pool-169-thread-1] INFO  server.RaftServerConfigKeys (ConfUtils.java:logGet(44)) - raft.server.log.force.sync.num = 128 (default)
2021-10-16 01:05:33,957 [pool-169-thread-1] INFO  server.RaftServerConfigKeys (ConfUtils.java:logGet(44)) - raft.server.log.statemachine.data.sync = true (default)
2021-10-16 01:05:33,957 [pool-169-thread-1] INFO  server.RaftServerConfigKeys (ConfUtils.java:logGet(44)) - raft.server.log.statemachine.data.sync.timeout = 10s (default)
2021-10-16 01:05:33,957 [pool-169-thread-1] INFO  server.RaftServerConfigKeys (ConfUtils.java:logGet(44)) - raft.server.log.statemachine.data.sync.timeout.retry = -1 (default)
2021-10-16 01:05:33,957 [EventQueue-OpenPipelineForHealthyPipelineSafeModeRule] INFO  safemode.SCMSafeModeManager (HealthyPipelineSafeModeRule.java:process(124)) - SCM in safe mode. Healthy pipelines reported count is 0, required healthy pipeline reported count is 1
2021-10-16 01:05:33,961 [pool-169-thread-1] INFO  server.RaftServerConfigKeys (ConfUtils.java:logGet(44)) - raft.server.log.write.buffer.size = 1048576 (custom)
2021-10-16 01:05:33,962 [pool-169-thread-1] INFO  server.RaftServerConfigKeys (ConfUtils.java:logGet(44)) - raft.server.log.statemachine.data.caching.enabled = true (custom)
2021-10-16 01:05:33,963 [pool-169-thread-1] INFO  segmented.SegmentedRaftLogWorker (SegmentedRaftLogWorker.java:lambda$new$0(133)) - 099ca399-3e3d-4e02-9a52-59ba45faf8b0@group-595979774AE2-SegmentedRaftLogWorker: flushIndex: setUnconditionally 0 -> -1
2021-10-16 01:05:33,963 [pool-169-thread-1] INFO  segmented.SegmentedRaftLogWorker (SegmentedRaftLogWorker.java:lambda$new$0(133)) - 099ca399-3e3d-4e02-9a52-59ba45faf8b0@group-595979774AE2-SegmentedRaftLogWorker: safeCacheEvictIndex: setUnconditionally 0 -> -1
2021-10-16 01:05:33,963 [pool-169-thread-1] INFO  server.RaftServerConfigKeys (ConfUtils.java:logGet(44)) - raft.server.snapshot.auto.trigger.enabled = true (custom)
2021-10-16 01:05:33,963 [pool-169-thread-1] INFO  server.RaftServerConfigKeys (ConfUtils.java:logGet(44)) - raft.server.snapshot.auto.trigger.threshold = 1 (custom)
2021-10-16 01:05:33,963 [pool-169-thread-1] INFO  server.RaftServerConfigKeys (ConfUtils.java:logGet(44)) - raft.server.snapshot.retention.file.num = 5 (custom)
2021-10-16 01:05:33,963 [pool-169-thread-1] INFO  server.RaftServerConfigKeys (ConfUtils.java:logGet(44)) - raft.server.log.purge.upto.snapshot.index = false (default)
2021-10-16 01:05:33,963 [pool-169-thread-1] INFO  server.RaftServerConfigKeys (ConfUtils.java:logGet(44)) - raft.server.retrycache.expirytime = 600000ms (custom)
2021-10-16 01:05:33,964 [pool-169-thread-1] INFO  server.RaftServerConfigKeys (ConfUtils.java:logGet(44)) - raft.server.retrycache.statistics.expirytime = 100μs (default)
2021-10-16 01:05:33,966 [pool-169-thread-1] INFO  server.RaftServer$Division (RaftServerImpl.java:start(296)) - 099ca399-3e3d-4e02-9a52-59ba45faf8b0@group-595979774AE2: start as a follower, conf=-1: [099ca399-3e3d-4e02-9a52-59ba45faf8b0|rpc:10.1.0.55:36545|priority:1], old=null
2021-10-16 01:05:33,966 [pool-169-thread-1] INFO  server.RaftServer$Division (RaftServerImpl.java:setRole(285)) - 099ca399-3e3d-4e02-9a52-59ba45faf8b0@group-595979774AE2: changes role from      null to FOLLOWER at term 0 for startAsFollower
2021-10-16 01:05:33,966 [pool-169-thread-1] INFO  impl.RoleInfo (RoleInfo.java:updateAndGet(130)) - 099ca399-3e3d-4e02-9a52-59ba45faf8b0: start 099ca399-3e3d-4e02-9a52-59ba45faf8b0@group-595979774AE2-FollowerState
2021-10-16 01:05:33,975 [pool-169-thread-1] INFO  util.JmxRegister (JmxRegister.java:tryRegister(44)) - Successfully registered JMX Bean with object name Ratis:service=RaftServer,group=group-595979774AE2,id=099ca399-3e3d-4e02-9a52-59ba45faf8b0
2021-10-16 01:05:33,977 [Command processor thread] INFO  ratis.XceiverServerRatis (XceiverServerRatis.java:addGroup(768)) - Created group PipelineID=125849f5-2c24-4d41-a7be-595979774ae2
2021-10-16 01:05:33,977 [Command processor thread] INFO  commandhandler.CreatePipelineCommandHandler (CreatePipelineCommandHandler.java:handle(106)) - Created Pipeline RATIS ONE PipelineID=125849f5-2c24-4d41-a7be-595979774ae2.
2021-10-16 01:05:33,977 [Command processor thread] INFO  server.RaftServer (RaftServerProxy.java:addNew(95)) - 099ca399-3e3d-4e02-9a52-59ba45faf8b0: addNew group-87F1797A8DB8:[9d98ef2f-7287-42aa-8af9-fb3cbb1a6029|rpc:10.1.0.55:32879|priority:0, fd6a0f59-fdeb-49bf-a199-f6a05cd3e8d0|rpc:10.1.0.55:39899|priority:0, 099ca399-3e3d-4e02-9a52-59ba45faf8b0|rpc:10.1.0.55:36545|priority:1] returns group-87F1797A8DB8:java.util.concurrent.CompletableFuture@be1292[Not completed]
2021-10-16 01:05:33,978 [pool-169-thread-1] INFO  server.RaftServer$Division (RaftServerImpl.java:<init>(181)) - 099ca399-3e3d-4e02-9a52-59ba45faf8b0: new RaftServerImpl for group-87F1797A8DB8:[9d98ef2f-7287-42aa-8af9-fb3cbb1a6029|rpc:10.1.0.55:32879|priority:0, fd6a0f59-fdeb-49bf-a199-f6a05cd3e8d0|rpc:10.1.0.55:39899|priority:0, 099ca399-3e3d-4e02-9a52-59ba45faf8b0|rpc:10.1.0.55:36545|priority:1] with ContainerStateMachine:uninitialized
2021-10-16 01:05:33,978 [pool-169-thread-1] INFO  server.RaftServerConfigKeys (ConfUtils.java:logGet(44)) - raft.server.rpc.timeout.min = 5s (custom)
2021-10-16 01:05:33,978 [pool-169-thread-1] INFO  server.RaftServerConfigKeys (ConfUtils.java:logGet(44)) - raft.server.rpc.timeout.max = 5200ms (custom)
2021-10-16 01:05:33,978 [pool-169-thread-1] INFO  server.RaftServerConfigKeys (ConfUtils.java:logGet(44)) - raft.server.rpc.sleep.time = 25ms (default)
2021-10-16 01:05:33,978 [pool-169-thread-1] INFO  server.RaftServerConfigKeys (ConfUtils.java:logGet(44)) - raft.server.rpc.slowness.timeout = 300000ms (custom)
2021-10-16 01:05:33,979 [pool-169-thread-1] INFO  server.RaftServerConfigKeys (ConfUtils.java:logGet(44)) - raft.server.leaderelection.leader.step-down.wait-time = 10s (default)
2021-10-16 01:05:33,979 [pool-169-thread-1] INFO  server.RaftServerConfigKeys (ConfUtils.java:logGet(44)) - raft.server.sleep.deviation.threshold = 300ms (default)
2021-10-16 01:05:33,979 [pool-169-thread-1] INFO  server.RaftServerConfigKeys (ConfUtils.java:logGet(44)) - raft.server.log.appender.install.snapshot.enabled = false (custom)
2021-10-16 01:05:33,979 [pool-169-thread-1] INFO  server.RaftServer$Division (ServerState.java:<init>(105)) - 099ca399-3e3d-4e02-9a52-59ba45faf8b0@group-87F1797A8DB8: ConfigurationManager, init=-1: [9d98ef2f-7287-42aa-8af9-fb3cbb1a6029|rpc:10.1.0.55:32879|priority:0, fd6a0f59-fdeb-49bf-a199-f6a05cd3e8d0|rpc:10.1.0.55:39899|priority:0, 099ca399-3e3d-4e02-9a52-59ba45faf8b0|rpc:10.1.0.55:36545|priority:1], old=null, confs=<EMPTY_MAP>
2021-10-16 01:05:33,979 [pool-169-thread-1] INFO  server.RaftServerConfigKeys (ConfUtils.java:logGet(44)) - raft.server.storage.dir = [/home/runner/work/ozone/ozone/hadoop-ozone/integration-test/target/test-dir/MiniOzoneClusterImpl-248ee1f4-0f5c-4e53-af87-c176a130d444/datanode-6/data/ratis] (custom)
2021-10-16 01:05:33,979 [pool-169-thread-1] INFO  server.RaftServerConfigKeys (ConfUtils.java:logGet(44)) - raft.server.log.corruption.policy = EXCEPTION (default)
2021-10-16 01:05:33,979 [pool-169-thread-1] INFO  server.RaftServerConfigKeys (ConfUtils.java:logGet(44)) - raft.server.storage.free-space.min = 0MB (=0) (default)
2021-10-16 01:05:33,979 [pool-169-thread-1] INFO  storage.RaftStorageDirectory (RaftStorageDirectoryImpl.java:analyzeStorage(135)) - The storage directory /home/runner/work/ozone/ozone/hadoop-ozone/integration-test/target/test-dir/MiniOzoneClusterImpl-248ee1f4-0f5c-4e53-af87-c176a130d444/datanode-6/data/ratis/68e5b7b6-d454-4337-bdf5-87f1797a8db8 does not exist. Creating ...
2021-10-16 01:05:33,983 [pool-169-thread-1] INFO  storage.RaftStorageDirectory (RaftStorageDirectoryImpl.java:tryLock(230)) - Lock on /home/runner/work/ozone/ozone/hadoop-ozone/integration-test/target/test-dir/MiniOzoneClusterImpl-248ee1f4-0f5c-4e53-af87-c176a130d444/datanode-6/data/ratis/68e5b7b6-d454-4337-bdf5-87f1797a8db8/in_use.lock acquired by nodename 12906@fv-az270-581
2021-10-16 01:05:33,987 [pool-169-thread-1] INFO  storage.RaftStorage (RaftStorageImpl.java:format(89)) - Storage directory /home/runner/work/ozone/ozone/hadoop-ozone/integration-test/target/test-dir/MiniOzoneClusterImpl-248ee1f4-0f5c-4e53-af87-c176a130d444/datanode-6/data/ratis/68e5b7b6-d454-4337-bdf5-87f1797a8db8 has been successfully formatted.
2021-10-16 01:05:33,988 [Datanode State Machine Thread - 0] WARN  statemachine.StateContext (StateContext.java:execute(621)) - No available thread in pool for past 0 seconds.
2021-10-16 01:05:33,988 [pool-169-thread-1] INFO  ratis.ContainerStateMachine (ContainerStateMachine.java:loadSnapshot(224)) - group-87F1797A8DB8: The snapshot info is null. Setting the last applied indexto:(t:0, i:~)
2021-10-16 01:05:33,988 [pool-169-thread-1] INFO  server.RaftServerConfigKeys (ConfUtils.java:logGet(44)) - raft.server.notification.no-leader.timeout = 300000ms (custom)
2021-10-16 01:05:33,988 [pool-169-thread-1] INFO  server.RaftServerConfigKeys (ConfUtils.java:logGet(44)) - raft.server.log.use.memory = false (default)
2021-10-16 01:05:33,989 [pool-169-thread-1] INFO  server.RaftServerConfigKeys (ConfUtils.java:logGet(44)) - raft.server.log.purge.gap = 1000000 (custom)
2021-10-16 01:05:33,989 [pool-169-thread-1] INFO  server.RaftServerConfigKeys (ConfUtils.java:logGet(44)) - raft.server.log.appender.buffer.byte-limit = 33554432 (custom)
2021-10-16 01:05:33,990 [EventQueue-OpenPipelineForHealthyPipelineSafeModeRule] INFO  safemode.SCMSafeModeManager (HealthyPipelineSafeModeRule.java:process(124)) - SCM in safe mode. Healthy pipelines reported count is 0, required healthy pipeline reported count is 1
2021-10-16 01:05:33,990 [pool-169-thread-1] INFO  server.RaftServerConfigKeys (ConfUtils.java:logGet(44)) - raft.server.log.segment.size.max = 1048576 (custom)
2021-10-16 01:05:33,991 [pool-169-thread-1] INFO  server.RaftServerConfigKeys (ConfUtils.java:logGet(44)) - raft.server.log.segment.cache.num.max = 2 (custom)
2021-10-16 01:05:33,991 [pool-169-thread-1] INFO  server.RaftServerConfigKeys (ConfUtils.java:logGet(44)) - raft.server.log.segment.cache.size.max = 200MB (=209715200) (default)
2021-10-16 01:05:33,991 [pool-169-thread-1] INFO  segmented.SegmentedRaftLogWorker (SegmentedRaftLogWorker.java:<init>(182)) - new 099ca399-3e3d-4e02-9a52-59ba45faf8b0@group-87F1797A8DB8-SegmentedRaftLogWorker for RaftStorageImpl:Storage Directory /home/runner/work/ozone/ozone/hadoop-ozone/integration-test/target/test-dir/MiniOzoneClusterImpl-248ee1f4-0f5c-4e53-af87-c176a130d444/datanode-6/data/ratis/68e5b7b6-d454-4337-bdf5-87f1797a8db8
2021-10-16 01:05:33,991 [pool-169-thread-1] INFO  server.RaftServerConfigKeys (ConfUtils.java:logGet(44)) - raft.server.log.queue.byte-limit = 2147483647 (custom)
2021-10-16 01:05:33,991 [pool-169-thread-1] INFO  server.RaftServerConfigKeys (ConfUtils.java:logGet(44)) - raft.server.log.queue.element-limit = 1024 (custom)
2021-10-16 01:05:33,991 [pool-169-thread-1] INFO  server.RaftServerConfigKeys (ConfUtils.java:logGet(44)) - raft.server.log.segment.size.max = 1048576 (custom)
2021-10-16 01:05:33,991 [pool-169-thread-1] INFO  server.RaftServerConfigKeys (ConfUtils.java:logGet(44)) - raft.server.log.preallocated.size = 16384 (custom)
2021-10-16 01:05:33,991 [pool-169-thread-1] INFO  server.RaftServerConfigKeys (ConfUtils.java:logGet(44)) - raft.server.log.force.sync.num = 128 (default)
2021-10-16 01:05:33,992 [pool-169-thread-1] INFO  server.RaftServerConfigKeys (ConfUtils.java:logGet(44)) - raft.server.log.statemachine.data.sync = true (default)
2021-10-16 01:05:33,992 [pool-169-thread-1] INFO  server.RaftServerConfigKeys (ConfUtils.java:logGet(44)) - raft.server.log.statemachine.data.sync.timeout = 10s (default)
2021-10-16 01:05:33,992 [pool-169-thread-1] INFO  server.RaftServerConfigKeys (ConfUtils.java:logGet(44)) - raft.server.log.statemachine.data.sync.timeout.retry = -1 (default)
2021-10-16 01:05:33,994 [pool-169-thread-1] INFO  server.RaftServerConfigKeys (ConfUtils.java:logGet(44)) - raft.server.log.write.buffer.size = 1048576 (custom)
2021-10-16 01:05:33,996 [pool-169-thread-1] INFO  server.RaftServerConfigKeys (ConfUtils.java:logGet(44)) - raft.server.log.statemachine.data.caching.enabled = true (custom)
2021-10-16 01:05:33,996 [pool-169-thread-1] INFO  segmented.SegmentedRaftLogWorker (SegmentedRaftLogWorker.java:lambda$new$0(133)) - 099ca399-3e3d-4e02-9a52-59ba45faf8b0@group-87F1797A8DB8-SegmentedRaftLogWorker: flushIndex: setUnconditionally 0 -> -1
2021-10-16 01:05:33,997 [pool-169-thread-1] INFO  segmented.SegmentedRaftLogWorker (SegmentedRaftLogWorker.java:lambda$new$0(133)) - 099ca399-3e3d-4e02-9a52-59ba45faf8b0@group-87F1797A8DB8-SegmentedRaftLogWorker: safeCacheEvictIndex: setUnconditionally 0 -> -1
2021-10-16 01:05:33,997 [pool-169-thread-1] INFO  server.RaftServerConfigKeys (ConfUtils.java:logGet(44)) - raft.server.snapshot.auto.trigger.enabled = true (custom)
2021-10-16 01:05:33,997 [pool-169-thread-1] INFO  server.RaftServerConfigKeys (ConfUtils.java:logGet(44)) - raft.server.snapshot.auto.trigger.threshold = 1 (custom)
2021-10-16 01:05:33,997 [pool-169-thread-1] INFO  server.RaftServerConfigKeys (ConfUtils.java:logGet(44)) - raft.server.snapshot.retention.file.num = 5 (custom)
2021-10-16 01:05:33,997 [pool-169-thread-1] INFO  server.RaftServerConfigKeys (ConfUtils.java:logGet(44)) - raft.server.log.purge.upto.snapshot.index = false (default)
2021-10-16 01:05:33,997 [pool-169-thread-1] INFO  server.RaftServerConfigKeys (ConfUtils.java:logGet(44)) - raft.server.retrycache.expirytime = 600000ms (custom)
2021-10-16 01:05:33,997 [pool-169-thread-1] INFO  server.RaftServerConfigKeys (ConfUtils.java:logGet(44)) - raft.server.retrycache.statistics.expirytime = 100μs (default)
2021-10-16 01:05:33,999 [pool-169-thread-1] INFO  server.RaftServer$Division (RaftServerImpl.java:start(296)) - 099ca399-3e3d-4e02-9a52-59ba45faf8b0@group-87F1797A8DB8: start as a follower, conf=-1: [9d98ef2f-7287-42aa-8af9-fb3cbb1a6029|rpc:10.1.0.55:32879|priority:0, fd6a0f59-fdeb-49bf-a199-f6a05cd3e8d0|rpc:10.1.0.55:39899|priority:0, 099ca399-3e3d-4e02-9a52-59ba45faf8b0|rpc:10.1.0.55:36545|priority:1], old=null
2021-10-16 01:05:33,999 [pool-169-thread-1] INFO  server.RaftServer$Division (RaftServerImpl.java:setRole(285)) - 099ca399-3e3d-4e02-9a52-59ba45faf8b0@group-87F1797A8DB8: changes role from      null to FOLLOWER at term 0 for startAsFollower
2021-10-16 01:05:33,999 [pool-169-thread-1] INFO  impl.RoleInfo (RoleInfo.java:updateAndGet(130)) - 099ca399-3e3d-4e02-9a52-59ba45faf8b0: start 099ca399-3e3d-4e02-9a52-59ba45faf8b0@group-87F1797A8DB8-FollowerState
2021-10-16 01:05:33,999 [pool-169-thread-1] INFO  util.JmxRegister (JmxRegister.java:tryRegister(44)) - Successfully registered JMX Bean with object name Ratis:service=RaftServer,group=group-87F1797A8DB8,id=099ca399-3e3d-4e02-9a52-59ba45faf8b0
2021-10-16 01:05:34,013 [Command processor thread] INFO  ratis.XceiverServerRatis (XceiverServerRatis.java:addGroup(768)) - Created group PipelineID=68e5b7b6-d454-4337-bdf5-87f1797a8db8
2021-10-16 01:05:34,031 [grpc-default-executor-0] INFO  server.RaftServer (RaftServerProxy.java:addNew(95)) - 9d98ef2f-7287-42aa-8af9-fb3cbb1a6029: addNew group-87F1797A8DB8:[9d98ef2f-7287-42aa-8af9-fb3cbb1a6029|rpc:10.1.0.55:32879|dataStream:|priority:0, fd6a0f59-fdeb-49bf-a199-f6a05cd3e8d0|rpc:10.1.0.55:39899|dataStream:|priority:0, 099ca399-3e3d-4e02-9a52-59ba45faf8b0|rpc:10.1.0.55:36545|dataStream:|priority:1] returns group-87F1797A8DB8:java.util.concurrent.CompletableFuture@9bfb47c[Not completed]
2021-10-16 01:05:34,032 [pool-188-thread-1] INFO  server.RaftServer$Division (RaftServerImpl.java:<init>(181)) - 9d98ef2f-7287-42aa-8af9-fb3cbb1a6029: new RaftServerImpl for group-87F1797A8DB8:[9d98ef2f-7287-42aa-8af9-fb3cbb1a6029|rpc:10.1.0.55:32879|dataStream:|priority:0, fd6a0f59-fdeb-49bf-a199-f6a05cd3e8d0|rpc:10.1.0.55:39899|dataStream:|priority:0, 099ca399-3e3d-4e02-9a52-59ba45faf8b0|rpc:10.1.0.55:36545|dataStream:|priority:1] with ContainerStateMachine:uninitialized
2021-10-16 01:05:34,033 [pool-188-thread-1] INFO  server.RaftServerConfigKeys (ConfUtils.java:logGet(44)) - raft.server.rpc.timeout.min = 5s (custom)
2021-10-16 01:05:34,033 [pool-188-thread-1] INFO  server.RaftServerConfigKeys (ConfUtils.java:logGet(44)) - raft.server.rpc.timeout.max = 5200ms (custom)
2021-10-16 01:05:34,033 [pool-188-thread-1] INFO  server.RaftServerConfigKeys (ConfUtils.java:logGet(44)) - raft.server.rpc.sleep.time = 25ms (default)
2021-10-16 01:05:34,033 [pool-188-thread-1] INFO  server.RaftServerConfigKeys (ConfUtils.java:logGet(44)) - raft.server.rpc.slowness.timeout = 300000ms (custom)
2021-10-16 01:05:34,033 [pool-188-thread-1] INFO  server.RaftServerConfigKeys (ConfUtils.java:logGet(44)) - raft.server.leaderelection.leader.step-down.wait-time = 10s (default)
2021-10-16 01:05:34,033 [pool-188-thread-1] INFO  server.RaftServerConfigKeys (ConfUtils.java:logGet(44)) - raft.server.sleep.deviation.threshold = 300ms (default)
2021-10-16 01:05:34,033 [pool-188-thread-1] INFO  server.RaftServerConfigKeys (ConfUtils.java:logGet(44)) - raft.server.log.appender.install.snapshot.enabled = false (custom)
2021-10-16 01:05:34,033 [pool-188-thread-1] INFO  server.RaftServer$Division (ServerState.java:<init>(105)) - 9d98ef2f-7287-42aa-8af9-fb3cbb1a6029@group-87F1797A8DB8: ConfigurationManager, init=-1: [9d98ef2f-7287-42aa-8af9-fb3cbb1a6029|rpc:10.1.0.55:32879|dataStream:|priority:0, fd6a0f59-fdeb-49bf-a199-f6a05cd3e8d0|rpc:10.1.0.55:39899|dataStream:|priority:0, 099ca399-3e3d-4e02-9a52-59ba45faf8b0|rpc:10.1.0.55:36545|dataStream:|priority:1], old=null, confs=<EMPTY_MAP>
2021-10-16 01:05:34,034 [pool-188-thread-1] INFO  server.RaftServerConfigKeys (ConfUtils.java:logGet(44)) - raft.server.storage.dir = [/home/runner/work/ozone/ozone/hadoop-ozone/integration-test/target/test-dir/MiniOzoneClusterImpl-248ee1f4-0f5c-4e53-af87-c176a130d444/datanode-7/data/ratis] (custom)
2021-10-16 01:05:34,034 [pool-188-thread-1] INFO  server.RaftServerConfigKeys (ConfUtils.java:logGet(44)) - raft.server.log.corruption.policy = EXCEPTION (default)
2021-10-16 01:05:34,034 [pool-188-thread-1] INFO  server.RaftServerConfigKeys (ConfUtils.java:logGet(44)) - raft.server.storage.free-space.min = 0MB (=0) (default)
2021-10-16 01:05:34,034 [pool-188-thread-1] INFO  storage.RaftStorageDirectory (RaftStorageDirectoryImpl.java:analyzeStorage(135)) - The storage directory /home/runner/work/ozone/ozone/hadoop-ozone/integration-test/target/test-dir/MiniOzoneClusterImpl-248ee1f4-0f5c-4e53-af87-c176a130d444/datanode-7/data/ratis/68e5b7b6-d454-4337-bdf5-87f1797a8db8 does not exist. Creating ...
2021-10-16 01:05:34,036 [pool-188-thread-1] INFO  storage.RaftStorageDirectory (RaftStorageDirectoryImpl.java:tryLock(230)) - Lock on /home/runner/work/ozone/ozone/hadoop-ozone/integration-test/target/test-dir/MiniOzoneClusterImpl-248ee1f4-0f5c-4e53-af87-c176a130d444/datanode-7/data/ratis/68e5b7b6-d454-4337-bdf5-87f1797a8db8/in_use.lock acquired by nodename 12906@fv-az270-581
2021-10-16 01:05:34,037 [pool-188-thread-1] INFO  storage.RaftStorage (RaftStorageImpl.java:format(89)) - Storage directory /home/runner/work/ozone/ozone/hadoop-ozone/integration-test/target/test-dir/MiniOzoneClusterImpl-248ee1f4-0f5c-4e53-af87-c176a130d444/datanode-7/data/ratis/68e5b7b6-d454-4337-bdf5-87f1797a8db8 has been successfully formatted.
2021-10-16 01:05:34,039 [pool-188-thread-1] INFO  ratis.ContainerStateMachine (ContainerStateMachine.java:loadSnapshot(224)) - group-87F1797A8DB8: The snapshot info is null. Setting the last applied indexto:(t:0, i:~)
2021-10-16 01:05:34,040 [pool-188-thread-1] INFO  server.RaftServerConfigKeys (ConfUtils.java:logGet(44)) - raft.server.notification.no-leader.timeout = 300000ms (custom)
2021-10-16 01:05:34,041 [pool-188-thread-1] INFO  server.RaftServerConfigKeys (ConfUtils.java:logGet(44)) - raft.server.log.use.memory = false (default)
2021-10-16 01:05:34,041 [pool-188-thread-1] INFO  server.RaftServerConfigKeys (ConfUtils.java:logGet(44)) - raft.server.log.purge.gap = 1000000 (custom)
2021-10-16 01:05:34,041 [pool-188-thread-1] INFO  server.RaftServerConfigKeys (ConfUtils.java:logGet(44)) - raft.server.log.appender.buffer.byte-limit = 33554432 (custom)
2021-10-16 01:05:34,041 [pool-188-thread-1] INFO  server.RaftServerConfigKeys (ConfUtils.java:logGet(44)) - raft.server.log.segment.size.max = 1048576 (custom)
2021-10-16 01:05:34,043 [pool-188-thread-1] INFO  server.RaftServerConfigKeys (ConfUtils.java:logGet(44)) - raft.server.log.segment.cache.num.max = 2 (custom)
2021-10-16 01:05:34,043 [pool-188-thread-1] INFO  server.RaftServerConfigKeys (ConfUtils.java:logGet(44)) - raft.server.log.segment.cache.size.max = 200MB (=209715200) (default)
2021-10-16 01:05:34,044 [pool-188-thread-1] INFO  segmented.SegmentedRaftLogWorker (SegmentedRaftLogWorker.java:<init>(182)) - new 9d98ef2f-7287-42aa-8af9-fb3cbb1a6029@group-87F1797A8DB8-SegmentedRaftLogWorker for RaftStorageImpl:Storage Directory /home/runner/work/ozone/ozone/hadoop-ozone/integration-test/target/test-dir/MiniOzoneClusterImpl-248ee1f4-0f5c-4e53-af87-c176a130d444/datanode-7/data/ratis/68e5b7b6-d454-4337-bdf5-87f1797a8db8
2021-10-16 01:05:34,044 [pool-188-thread-1] INFO  server.RaftServerConfigKeys (ConfUtils.java:logGet(44)) - raft.server.log.queue.byte-limit = 2147483647 (custom)
2021-10-16 01:05:34,044 [pool-188-thread-1] INFO  server.RaftServerConfigKeys (ConfUtils.java:logGet(44)) - raft.server.log.queue.element-limit = 1024 (custom)
2021-10-16 01:05:34,044 [pool-188-thread-1] INFO  server.RaftServerConfigKeys (ConfUtils.java:logGet(44)) - raft.server.log.segment.size.max = 1048576 (custom)
2021-10-16 01:05:34,044 [pool-188-thread-1] INFO  server.RaftServerConfigKeys (ConfUtils.java:logGet(44)) - raft.server.log.preallocated.size = 16384 (custom)
2021-10-16 01:05:34,044 [pool-188-thread-1] INFO  server.RaftServerConfigKeys (ConfUtils.java:logGet(44)) - raft.server.log.force.sync.num = 128 (default)
2021-10-16 01:05:34,044 [pool-188-thread-1] INFO  server.RaftServerConfigKeys (ConfUtils.java:logGet(44)) - raft.server.log.statemachine.data.sync = true (default)
2021-10-16 01:05:34,045 [pool-188-thread-1] INFO  server.RaftServerConfigKeys (ConfUtils.java:logGet(44)) - raft.server.log.statemachine.data.sync.timeout = 10s (default)
2021-10-16 01:05:34,045 [pool-188-thread-1] INFO  server.RaftServerConfigKeys (ConfUtils.java:logGet(44)) - raft.server.log.statemachine.data.sync.timeout.retry = -1 (default)
2021-10-16 01:05:34,046 [pool-188-thread-1] INFO  server.RaftServerConfigKeys (ConfUtils.java:logGet(44)) - raft.server.log.write.buffer.size = 1048576 (custom)
2021-10-16 01:05:34,047 [pool-188-thread-1] INFO  server.RaftServerConfigKeys (ConfUtils.java:logGet(44)) - raft.server.log.statemachine.data.caching.enabled = true (custom)
2021-10-16 01:05:34,047 [pool-188-thread-1] INFO  segmented.SegmentedRaftLogWorker (SegmentedRaftLogWorker.java:lambda$new$0(133)) - 9d98ef2f-7287-42aa-8af9-fb3cbb1a6029@group-87F1797A8DB8-SegmentedRaftLogWorker: flushIndex: setUnconditionally 0 -> -1
2021-10-16 01:05:34,047 [pool-188-thread-1] INFO  segmented.SegmentedRaftLogWorker (SegmentedRaftLogWorker.java:lambda$new$0(133)) - 9d98ef2f-7287-42aa-8af9-fb3cbb1a6029@group-87F1797A8DB8-SegmentedRaftLogWorker: safeCacheEvictIndex: setUnconditionally 0 -> -1
2021-10-16 01:05:34,048 [pool-188-thread-1] INFO  server.RaftServerConfigKeys (ConfUtils.java:logGet(44)) - raft.server.snapshot.auto.trigger.enabled = true (custom)
2021-10-16 01:05:34,048 [pool-188-thread-1] INFO  server.RaftServerConfigKeys (ConfUtils.java:logGet(44)) - raft.server.snapshot.auto.trigger.threshold = 1 (custom)
2021-10-16 01:05:34,048 [pool-188-thread-1] INFO  server.RaftServerConfigKeys (ConfUtils.java:logGet(44)) - raft.server.snapshot.retention.file.num = 5 (custom)
2021-10-16 01:05:34,048 [pool-188-thread-1] INFO  server.RaftServerConfigKeys (ConfUtils.java:logGet(44)) - raft.server.log.purge.upto.snapshot.index = false (default)
2021-10-16 01:05:34,048 [pool-188-thread-1] INFO  server.RaftServerConfigKeys (ConfUtils.java:logGet(44)) - raft.server.retrycache.expirytime = 600000ms (custom)
2021-10-16 01:05:34,048 [pool-188-thread-1] INFO  server.RaftServerConfigKeys (ConfUtils.java:logGet(44)) - raft.server.retrycache.statistics.expirytime = 100μs (default)
2021-10-16 01:05:34,050 [pool-188-thread-1] INFO  server.RaftServer$Division (RaftServerImpl.java:start(296)) - 9d98ef2f-7287-42aa-8af9-fb3cbb1a6029@group-87F1797A8DB8: start as a follower, conf=-1: [9d98ef2f-7287-42aa-8af9-fb3cbb1a6029|rpc:10.1.0.55:32879|dataStream:|priority:0, fd6a0f59-fdeb-49bf-a199-f6a05cd3e8d0|rpc:10.1.0.55:39899|dataStream:|priority:0, 099ca399-3e3d-4e02-9a52-59ba45faf8b0|rpc:10.1.0.55:36545|dataStream:|priority:1], old=null
2021-10-16 01:05:34,050 [pool-188-thread-1] INFO  server.RaftServer$Division (RaftServerImpl.java:setRole(285)) - 9d98ef2f-7287-42aa-8af9-fb3cbb1a6029@group-87F1797A8DB8: changes role from      null to FOLLOWER at term 0 for startAsFollower
2021-10-16 01:05:34,050 [pool-188-thread-1] INFO  impl.RoleInfo (RoleInfo.java:updateAndGet(130)) - 9d98ef2f-7287-42aa-8af9-fb3cbb1a6029: start 9d98ef2f-7287-42aa-8af9-fb3cbb1a6029@group-87F1797A8DB8-FollowerState
2021-10-16 01:05:34,050 [pool-188-thread-1] INFO  util.JmxRegister (JmxRegister.java:tryRegister(44)) - Successfully registered JMX Bean with object name Ratis:service=RaftServer,group=group-87F1797A8DB8,id=9d98ef2f-7287-42aa-8af9-fb3cbb1a6029
2021-10-16 01:05:34,072 [grpc-default-executor-0] INFO  server.RaftServer (RaftServerProxy.java:addNew(95)) - fd6a0f59-fdeb-49bf-a199-f6a05cd3e8d0: addNew group-87F1797A8DB8:[9d98ef2f-7287-42aa-8af9-fb3cbb1a6029|rpc:10.1.0.55:32879|dataStream:|priority:0, fd6a0f59-fdeb-49bf-a199-f6a05cd3e8d0|rpc:10.1.0.55:39899|dataStream:|priority:0, 099ca399-3e3d-4e02-9a52-59ba45faf8b0|rpc:10.1.0.55:36545|dataStream:|priority:1] returns group-87F1797A8DB8:java.util.concurrent.CompletableFuture@5181373d[Not completed]
2021-10-16 01:05:34,074 [pool-207-thread-1] INFO  server.RaftServer$Division (RaftServerImpl.java:<init>(181)) - fd6a0f59-fdeb-49bf-a199-f6a05cd3e8d0: new RaftServerImpl for group-87F1797A8DB8:[9d98ef2f-7287-42aa-8af9-fb3cbb1a6029|rpc:10.1.0.55:32879|dataStream:|priority:0, fd6a0f59-fdeb-49bf-a199-f6a05cd3e8d0|rpc:10.1.0.55:39899|dataStream:|priority:0, 099ca399-3e3d-4e02-9a52-59ba45faf8b0|rpc:10.1.0.55:36545|dataStream:|priority:1] with ContainerStateMachine:uninitialized
2021-10-16 01:05:34,074 [pool-207-thread-1] INFO  server.RaftServerConfigKeys (ConfUtils.java:logGet(44)) - raft.server.rpc.timeout.min = 5s (custom)
2021-10-16 01:05:34,074 [pool-207-thread-1] INFO  server.RaftServerConfigKeys (ConfUtils.java:logGet(44)) - raft.server.rpc.timeout.max = 5200ms (custom)
2021-10-16 01:05:34,074 [pool-207-thread-1] INFO  server.RaftServerConfigKeys (ConfUtils.java:logGet(44)) - raft.server.rpc.sleep.time = 25ms (default)
2021-10-16 01:05:34,074 [pool-207-thread-1] INFO  server.RaftServerConfigKeys (ConfUtils.java:logGet(44)) - raft.server.rpc.slowness.timeout = 300000ms (custom)
2021-10-16 01:05:34,074 [pool-207-thread-1] INFO  server.RaftServerConfigKeys (ConfUtils.java:logGet(44)) - raft.server.leaderelection.leader.step-down.wait-time = 10s (default)
2021-10-16 01:05:34,074 [pool-207-thread-1] INFO  server.RaftServerConfigKeys (ConfUtils.java:logGet(44)) - raft.server.sleep.deviation.threshold = 300ms (default)
2021-10-16 01:05:34,074 [pool-207-thread-1] INFO  server.RaftServerConfigKeys (ConfUtils.java:logGet(44)) - raft.server.log.appender.install.snapshot.enabled = false (custom)
2021-10-16 01:05:34,074 [pool-207-thread-1] INFO  server.RaftServer$Division (ServerState.java:<init>(105)) - fd6a0f59-fdeb-49bf-a199-f6a05cd3e8d0@group-87F1797A8DB8: ConfigurationManager, init=-1: [9d98ef2f-7287-42aa-8af9-fb3cbb1a6029|rpc:10.1.0.55:32879|dataStream:|priority:0, fd6a0f59-fdeb-49bf-a199-f6a05cd3e8d0|rpc:10.1.0.55:39899|dataStream:|priority:0, 099ca399-3e3d-4e02-9a52-59ba45faf8b0|rpc:10.1.0.55:36545|dataStream:|priority:1], old=null, confs=<EMPTY_MAP>
2021-10-16 01:05:34,075 [pool-207-thread-1] INFO  server.RaftServerConfigKeys (ConfUtils.java:logGet(44)) - raft.server.storage.dir = [/home/runner/work/ozone/ozone/hadoop-ozone/integration-test/target/test-dir/MiniOzoneClusterImpl-248ee1f4-0f5c-4e53-af87-c176a130d444/datanode-8/data/ratis] (custom)
2021-10-16 01:05:34,075 [pool-207-thread-1] INFO  server.RaftServerConfigKeys (ConfUtils.java:logGet(44)) - raft.server.log.corruption.policy = EXCEPTION (default)
2021-10-16 01:05:34,075 [pool-207-thread-1] INFO  server.RaftServerConfigKeys (ConfUtils.java:logGet(44)) - raft.server.storage.free-space.min = 0MB (=0) (default)
2021-10-16 01:05:34,075 [pool-207-thread-1] INFO  storage.RaftStorageDirectory (RaftStorageDirectoryImpl.java:analyzeStorage(135)) - The storage directory /home/runner/work/ozone/ozone/hadoop-ozone/integration-test/target/test-dir/MiniOzoneClusterImpl-248ee1f4-0f5c-4e53-af87-c176a130d444/datanode-8/data/ratis/68e5b7b6-d454-4337-bdf5-87f1797a8db8 does not exist. Creating ...
2021-10-16 01:05:34,080 [pool-207-thread-1] INFO  storage.RaftStorageDirectory (RaftStorageDirectoryImpl.java:tryLock(230)) - Lock on /home/runner/work/ozone/ozone/hadoop-ozone/integration-test/target/test-dir/MiniOzoneClusterImpl-248ee1f4-0f5c-4e53-af87-c176a130d444/datanode-8/data/ratis/68e5b7b6-d454-4337-bdf5-87f1797a8db8/in_use.lock acquired by nodename 12906@fv-az270-581
2021-10-16 01:05:34,081 [pool-207-thread-1] INFO  storage.RaftStorage (RaftStorageImpl.java:format(89)) - Storage directory /home/runner/work/ozone/ozone/hadoop-ozone/integration-test/target/test-dir/MiniOzoneClusterImpl-248ee1f4-0f5c-4e53-af87-c176a130d444/datanode-8/data/ratis/68e5b7b6-d454-4337-bdf5-87f1797a8db8 has been successfully formatted.
2021-10-16 01:05:34,084 [Datanode State Machine Thread - 0] WARN  statemachine.StateContext (StateContext.java:execute(621)) - No available thread in pool for past 0 seconds.
2021-10-16 01:05:34,085 [pool-207-thread-1] INFO  ratis.ContainerStateMachine (ContainerStateMachine.java:loadSnapshot(224)) - group-87F1797A8DB8: The snapshot info is null. Setting the last applied indexto:(t:0, i:~)
2021-10-16 01:05:34,085 [pool-207-thread-1] INFO  server.RaftServerConfigKeys (ConfUtils.java:logGet(44)) - raft.server.notification.no-leader.timeout = 300000ms (custom)
2021-10-16 01:05:34,085 [pool-207-thread-1] INFO  server.RaftServerConfigKeys (ConfUtils.java:logGet(44)) - raft.server.log.use.memory = false (default)
2021-10-16 01:05:34,085 [pool-207-thread-1] INFO  server.RaftServerConfigKeys (ConfUtils.java:logGet(44)) - raft.server.log.purge.gap = 1000000 (custom)
2021-10-16 01:05:34,085 [pool-207-thread-1] INFO  server.RaftServerConfigKeys (ConfUtils.java:logGet(44)) - raft.server.log.appender.buffer.byte-limit = 33554432 (custom)
2021-10-16 01:05:34,086 [pool-207-thread-1] INFO  server.RaftServerConfigKeys (ConfUtils.java:logGet(44)) - raft.server.log.segment.size.max = 1048576 (custom)
2021-10-16 01:05:34,087 [pool-207-thread-1] INFO  server.RaftServerConfigKeys (ConfUtils.java:logGet(44)) - raft.server.log.segment.cache.num.max = 2 (custom)
2021-10-16 01:05:34,087 [pool-207-thread-1] INFO  server.RaftServerConfigKeys (ConfUtils.java:logGet(44)) - raft.server.log.segment.cache.size.max = 200MB (=209715200) (default)
2021-10-16 01:05:34,087 [pool-207-thread-1] INFO  segmented.SegmentedRaftLogWorker (SegmentedRaftLogWorker.java:<init>(182)) - new fd6a0f59-fdeb-49bf-a199-f6a05cd3e8d0@group-87F1797A8DB8-SegmentedRaftLogWorker for RaftStorageImpl:Storage Directory /home/runner/work/ozone/ozone/hadoop-ozone/integration-test/target/test-dir/MiniOzoneClusterImpl-248ee1f4-0f5c-4e53-af87-c176a130d444/datanode-8/data/ratis/68e5b7b6-d454-4337-bdf5-87f1797a8db8
2021-10-16 01:05:34,087 [pool-207-thread-1] INFO  server.RaftServerConfigKeys (ConfUtils.java:logGet(44)) - raft.server.log.queue.byte-limit = 2147483647 (custom)
2021-10-16 01:05:34,088 [pool-207-thread-1] INFO  server.RaftServerConfigKeys (ConfUtils.java:logGet(44)) - raft.server.log.queue.element-limit = 1024 (custom)
2021-10-16 01:05:34,088 [pool-207-thread-1] INFO  server.RaftServerConfigKeys (ConfUtils.java:logGet(44)) - raft.server.log.segment.size.max = 1048576 (custom)
2021-10-16 01:05:34,088 [pool-207-thread-1] INFO  server.RaftServerConfigKeys (ConfUtils.java:logGet(44)) - raft.server.log.preallocated.size = 16384 (custom)
2021-10-16 01:05:34,088 [pool-207-thread-1] INFO  server.RaftServerConfigKeys (ConfUtils.java:logGet(44)) - raft.server.log.force.sync.num = 128 (default)
2021-10-16 01:05:34,088 [pool-207-thread-1] INFO  server.RaftServerConfigKeys (ConfUtils.java:logGet(44)) - raft.server.log.statemachine.data.sync = true (default)
2021-10-16 01:05:34,088 [pool-207-thread-1] INFO  server.RaftServerConfigKeys (ConfUtils.java:logGet(44)) - raft.server.log.statemachine.data.sync.timeout = 10s (default)
2021-10-16 01:05:34,088 [pool-207-thread-1] INFO  server.RaftServerConfigKeys (ConfUtils.java:logGet(44)) - raft.server.log.statemachine.data.sync.timeout.retry = -1 (default)
2021-10-16 01:05:34,089 [pool-207-thread-1] INFO  server.RaftServerConfigKeys (ConfUtils.java:logGet(44)) - raft.server.log.write.buffer.size = 1048576 (custom)
2021-10-16 01:05:34,090 [pool-207-thread-1] INFO  server.RaftServerConfigKeys (ConfUtils.java:logGet(44)) - raft.server.log.statemachine.data.caching.enabled = true (custom)
2021-10-16 01:05:34,091 [pool-207-thread-1] INFO  segmented.SegmentedRaftLogWorker (SegmentedRaftLogWorker.java:lambda$new$0(133)) - fd6a0f59-fdeb-49bf-a199-f6a05cd3e8d0@group-87F1797A8DB8-SegmentedRaftLogWorker: flushIndex: setUnconditionally 0 -> -1
2021-10-16 01:05:34,091 [pool-207-thread-1] INFO  segmented.SegmentedRaftLogWorker (SegmentedRaftLogWorker.java:lambda$new$0(133)) - fd6a0f59-fdeb-49bf-a199-f6a05cd3e8d0@group-87F1797A8DB8-SegmentedRaftLogWorker: safeCacheEvictIndex: setUnconditionally 0 -> -1
2021-10-16 01:05:34,092 [pool-207-thread-1] INFO  server.RaftServerConfigKeys (ConfUtils.java:logGet(44)) - raft.server.snapshot.auto.trigger.enabled = true (custom)
2021-10-16 01:05:34,092 [pool-207-thread-1] INFO  server.RaftServerConfigKeys (ConfUtils.java:logGet(44)) - raft.server.snapshot.auto.trigger.threshold = 1 (custom)
2021-10-16 01:05:34,092 [pool-207-thread-1] INFO  server.RaftServerConfigKeys (ConfUtils.java:logGet(44)) - raft.server.snapshot.retention.file.num = 5 (custom)
2021-10-16 01:05:34,092 [pool-207-thread-1] INFO  server.RaftServerConfigKeys (ConfUtils.java:logGet(44)) - raft.server.log.purge.upto.snapshot.index = false (default)
2021-10-16 01:05:34,092 [pool-207-thread-1] INFO  server.RaftServerConfigKeys (ConfUtils.java:logGet(44)) - raft.server.retrycache.expirytime = 600000ms (custom)
2021-10-16 01:05:34,092 [pool-207-thread-1] INFO  server.RaftServerConfigKeys (ConfUtils.java:logGet(44)) - raft.server.retrycache.statistics.expirytime = 100μs (default)
2021-10-16 01:05:34,094 [pool-207-thread-1] INFO  server.RaftServer$Division (RaftServerImpl.java:start(296)) - fd6a0f59-fdeb-49bf-a199-f6a05cd3e8d0@group-87F1797A8DB8: start as a follower, conf=-1: [9d98ef2f-7287-42aa-8af9-fb3cbb1a6029|rpc:10.1.0.55:32879|dataStream:|priority:0, fd6a0f59-fdeb-49bf-a199-f6a05cd3e8d0|rpc:10.1.0.55:39899|dataStream:|priority:0, 099ca399-3e3d-4e02-9a52-59ba45faf8b0|rpc:10.1.0.55:36545|dataStream:|priority:1], old=null
2021-10-16 01:05:34,094 [pool-207-thread-1] INFO  server.RaftServer$Division (RaftServerImpl.java:setRole(285)) - fd6a0f59-fdeb-49bf-a199-f6a05cd3e8d0@group-87F1797A8DB8: changes role from      null to FOLLOWER at term 0 for startAsFollower
2021-10-16 01:05:34,094 [pool-207-thread-1] INFO  impl.RoleInfo (RoleInfo.java:updateAndGet(130)) - fd6a0f59-fdeb-49bf-a199-f6a05cd3e8d0: start fd6a0f59-fdeb-49bf-a199-f6a05cd3e8d0@group-87F1797A8DB8-FollowerState
2021-10-16 01:05:34,096 [pool-207-thread-1] INFO  util.JmxRegister (JmxRegister.java:tryRegister(44)) - Successfully registered JMX Bean with object name Ratis:service=RaftServer,group=group-87F1797A8DB8,id=fd6a0f59-fdeb-49bf-a199-f6a05cd3e8d0
2021-10-16 01:05:34,103 [EventQueue-OpenPipelineForHealthyPipelineSafeModeRule] INFO  safemode.SCMSafeModeManager (HealthyPipelineSafeModeRule.java:process(124)) - SCM in safe mode. Healthy pipelines reported count is 0, required healthy pipeline reported count is 1
2021-10-16 01:05:34,104 [EventQueue-OpenPipelineForHealthyPipelineSafeModeRule] INFO  safemode.SCMSafeModeManager (HealthyPipelineSafeModeRule.java:process(124)) - SCM in safe mode. Healthy pipelines reported count is 0, required healthy pipeline reported count is 1
2021-10-16 01:05:34,108 [Command processor thread] INFO  commandhandler.CreatePipelineCommandHandler (CreatePipelineCommandHandler.java:handle(106)) - Created Pipeline RATIS THREE PipelineID=68e5b7b6-d454-4337-bdf5-87f1797a8db8.
2021-10-16 01:05:34,108 [Command processor thread] INFO  server.RaftServer (RaftServerProxy.java:addNew(95)) - 099ca399-3e3d-4e02-9a52-59ba45faf8b0: addNew group-77F10EADF775:[9d98ef2f-7287-42aa-8af9-fb3cbb1a6029|rpc:10.1.0.55:32879|priority:1, fd6a0f59-fdeb-49bf-a199-f6a05cd3e8d0|rpc:10.1.0.55:39899|priority:0, 099ca399-3e3d-4e02-9a52-59ba45faf8b0|rpc:10.1.0.55:36545|priority:0] returns group-77F10EADF775:java.util.concurrent.CompletableFuture@5115d5ad[Not completed]
2021-10-16 01:05:34,109 [pool-169-thread-1] INFO  server.RaftServer$Division (RaftServerImpl.java:<init>(181)) - 099ca399-3e3d-4e02-9a52-59ba45faf8b0: new RaftServerImpl for group-77F10EADF775:[9d98ef2f-7287-42aa-8af9-fb3cbb1a6029|rpc:10.1.0.55:32879|priority:1, fd6a0f59-fdeb-49bf-a199-f6a05cd3e8d0|rpc:10.1.0.55:39899|priority:0, 099ca399-3e3d-4e02-9a52-59ba45faf8b0|rpc:10.1.0.55:36545|priority:0] with ContainerStateMachine:uninitialized
2021-10-16 01:05:34,110 [pool-169-thread-1] INFO  server.RaftServerConfigKeys (ConfUtils.java:logGet(44)) - raft.server.rpc.timeout.min = 5s (custom)
2021-10-16 01:05:34,110 [pool-169-thread-1] INFO  server.RaftServerConfigKeys (ConfUtils.java:logGet(44)) - raft.server.rpc.timeout.max = 5200ms (custom)
2021-10-16 01:05:34,110 [pool-169-thread-1] INFO  server.RaftServerConfigKeys (ConfUtils.java:logGet(44)) - raft.server.rpc.sleep.time = 25ms (default)
2021-10-16 01:05:34,110 [pool-169-thread-1] INFO  server.RaftServerConfigKeys (ConfUtils.java:logGet(44)) - raft.server.rpc.slowness.timeout = 300000ms (custom)
2021-10-16 01:05:34,110 [pool-169-thread-1] INFO  server.RaftServerConfigKeys (ConfUtils.java:logGet(44)) - raft.server.leaderelection.leader.step-down.wait-time = 10s (default)
2021-10-16 01:05:34,110 [pool-169-thread-1] INFO  server.RaftServerConfigKeys (ConfUtils.java:logGet(44)) - raft.server.sleep.deviation.threshold = 300ms (default)
2021-10-16 01:05:34,110 [pool-169-thread-1] INFO  server.RaftServerConfigKeys (ConfUtils.java:logGet(44)) - raft.server.log.appender.install.snapshot.enabled = false (custom)
2021-10-16 01:05:34,110 [pool-169-thread-1] INFO  server.RaftServer$Division (ServerState.java:<init>(105)) - 099ca399-3e3d-4e02-9a52-59ba45faf8b0@group-77F10EADF775: ConfigurationManager, init=-1: [9d98ef2f-7287-42aa-8af9-fb3cbb1a6029|rpc:10.1.0.55:32879|priority:1, fd6a0f59-fdeb-49bf-a199-f6a05cd3e8d0|rpc:10.1.0.55:39899|priority:0, 099ca399-3e3d-4e02-9a52-59ba45faf8b0|rpc:10.1.0.55:36545|priority:0], old=null, confs=<EMPTY_MAP>
2021-10-16 01:05:34,110 [pool-169-thread-1] INFO  server.RaftServerConfigKeys (ConfUtils.java:logGet(44)) - raft.server.storage.dir = [/home/runner/work/ozone/ozone/hadoop-ozone/integration-test/target/test-dir/MiniOzoneClusterImpl-248ee1f4-0f5c-4e53-af87-c176a130d444/datanode-6/data/ratis] (custom)
2021-10-16 01:05:34,111 [pool-169-thread-1] INFO  server.RaftServerConfigKeys (ConfUtils.java:logGet(44)) - raft.server.log.corruption.policy = EXCEPTION (default)
2021-10-16 01:05:34,111 [pool-169-thread-1] INFO  server.RaftServerConfigKeys (ConfUtils.java:logGet(44)) - raft.server.storage.free-space.min = 0MB (=0) (default)
2021-10-16 01:05:34,111 [pool-169-thread-1] INFO  storage.RaftStorageDirectory (RaftStorageDirectoryImpl.java:analyzeStorage(135)) - The storage directory /home/runner/work/ozone/ozone/hadoop-ozone/integration-test/target/test-dir/MiniOzoneClusterImpl-248ee1f4-0f5c-4e53-af87-c176a130d444/datanode-6/data/ratis/3495eccd-922a-45d3-8b65-77f10eadf775 does not exist. Creating ...
2021-10-16 01:05:34,113 [pool-169-thread-1] INFO  storage.RaftStorageDirectory (RaftStorageDirectoryImpl.java:tryLock(230)) - Lock on /home/runner/work/ozone/ozone/hadoop-ozone/integration-test/target/test-dir/MiniOzoneClusterImpl-248ee1f4-0f5c-4e53-af87-c176a130d444/datanode-6/data/ratis/3495eccd-922a-45d3-8b65-77f10eadf775/in_use.lock acquired by nodename 12906@fv-az270-581
2021-10-16 01:05:34,114 [pool-169-thread-1] INFO  storage.RaftStorage (RaftStorageImpl.java:format(89)) - Storage directory /home/runner/work/ozone/ozone/hadoop-ozone/integration-test/target/test-dir/MiniOzoneClusterImpl-248ee1f4-0f5c-4e53-af87-c176a130d444/datanode-6/data/ratis/3495eccd-922a-45d3-8b65-77f10eadf775 has been successfully formatted.
2021-10-16 01:05:34,115 [pool-169-thread-1] INFO  ratis.ContainerStateMachine (ContainerStateMachine.java:loadSnapshot(224)) - group-77F10EADF775: The snapshot info is null. Setting the last applied indexto:(t:0, i:~)
2021-10-16 01:05:34,115 [pool-169-thread-1] INFO  server.RaftServerConfigKeys (ConfUtils.java:logGet(44)) - raft.server.notification.no-leader.timeout = 300000ms (custom)
2021-10-16 01:05:34,116 [pool-169-thread-1] INFO  server.RaftServerConfigKeys (ConfUtils.java:logGet(44)) - raft.server.log.use.memory = false (default)
2021-10-16 01:05:34,116 [pool-169-thread-1] INFO  server.RaftServerConfigKeys (ConfUtils.java:logGet(44)) - raft.server.log.purge.gap = 1000000 (custom)
2021-10-16 01:05:34,116 [pool-169-thread-1] INFO  server.RaftServerConfigKeys (ConfUtils.java:logGet(44)) - raft.server.log.appender.buffer.byte-limit = 33554432 (custom)
2021-10-16 01:05:34,116 [pool-169-thread-1] INFO  server.RaftServerConfigKeys (ConfUtils.java:logGet(44)) - raft.server.log.segment.size.max = 1048576 (custom)
2021-10-16 01:05:34,117 [EventQueue-OpenPipelineForHealthyPipelineSafeModeRule] INFO  safemode.SCMSafeModeManager (HealthyPipelineSafeModeRule.java:process(124)) - SCM in safe mode. Healthy pipelines reported count is 0, required healthy pipeline reported count is 1
2021-10-16 01:05:34,117 [pool-169-thread-1] INFO  server.RaftServerConfigKeys (ConfUtils.java:logGet(44)) - raft.server.log.segment.cache.num.max = 2 (custom)
2021-10-16 01:05:34,117 [pool-169-thread-1] INFO  server.RaftServerConfigKeys (ConfUtils.java:logGet(44)) - raft.server.log.segment.cache.size.max = 200MB (=209715200) (default)
2021-10-16 01:05:34,117 [pool-169-thread-1] INFO  segmented.SegmentedRaftLogWorker (SegmentedRaftLogWorker.java:<init>(182)) - new 099ca399-3e3d-4e02-9a52-59ba45faf8b0@group-77F10EADF775-SegmentedRaftLogWorker for RaftStorageImpl:Storage Directory /home/runner/work/ozone/ozone/hadoop-ozone/integration-test/target/test-dir/MiniOzoneClusterImpl-248ee1f4-0f5c-4e53-af87-c176a130d444/datanode-6/data/ratis/3495eccd-922a-45d3-8b65-77f10eadf775
2021-10-16 01:05:34,117 [pool-169-thread-1] INFO  server.RaftServerConfigKeys (ConfUtils.java:logGet(44)) - raft.server.log.queue.byte-limit = 2147483647 (custom)
2021-10-16 01:05:34,118 [pool-169-thread-1] INFO  server.RaftServerConfigKeys (ConfUtils.java:logGet(44)) - raft.server.log.queue.element-limit = 1024 (custom)
2021-10-16 01:05:34,118 [pool-169-thread-1] INFO  server.RaftServerConfigKeys (ConfUtils.java:logGet(44)) - raft.server.log.segment.size.max = 1048576 (custom)
2021-10-16 01:05:34,118 [pool-169-thread-1] INFO  server.RaftServerConfigKeys (ConfUtils.java:logGet(44)) - raft.server.log.preallocated.size = 16384 (custom)
2021-10-16 01:05:34,118 [pool-169-thread-1] INFO  server.RaftServerConfigKeys (ConfUtils.java:logGet(44)) - raft.server.log.force.sync.num = 128 (default)
2021-10-16 01:05:34,118 [pool-169-thread-1] INFO  server.RaftServerConfigKeys (ConfUtils.java:logGet(44)) - raft.server.log.statemachine.data.sync = true (default)
2021-10-16 01:05:34,118 [pool-169-thread-1] INFO  server.RaftServerConfigKeys (ConfUtils.java:logGet(44)) - raft.server.log.statemachine.data.sync.timeout = 10s (default)
2021-10-16 01:05:34,118 [pool-169-thread-1] INFO  server.RaftServerConfigKeys (ConfUtils.java:logGet(44)) - raft.server.log.statemachine.data.sync.timeout.retry = -1 (default)
2021-10-16 01:05:34,120 [pool-169-thread-1] INFO  server.RaftServerConfigKeys (ConfUtils.java:logGet(44)) - raft.server.log.write.buffer.size = 1048576 (custom)
2021-10-16 01:05:34,120 [pool-169-thread-1] INFO  server.RaftServerConfigKeys (ConfUtils.java:logGet(44)) - raft.server.log.statemachine.data.caching.enabled = true (custom)
2021-10-16 01:05:34,121 [pool-169-thread-1] INFO  segmented.SegmentedRaftLogWorker (SegmentedRaftLogWorker.java:lambda$new$0(133)) - 099ca399-3e3d-4e02-9a52-59ba45faf8b0@group-77F10EADF775-SegmentedRaftLogWorker: flushIndex: setUnconditionally 0 -> -1
2021-10-16 01:05:34,121 [pool-169-thread-1] INFO  segmented.SegmentedRaftLogWorker (SegmentedRaftLogWorker.java:lambda$new$0(133)) - 099ca399-3e3d-4e02-9a52-59ba45faf8b0@group-77F10EADF775-SegmentedRaftLogWorker: safeCacheEvictIndex: setUnconditionally 0 -> -1
2021-10-16 01:05:34,131 [pool-169-thread-1] INFO  server.RaftServerConfigKeys (ConfUtils.java:logGet(44)) - raft.server.snapshot.auto.trigger.enabled = true (custom)
2021-10-16 01:05:34,131 [pool-169-thread-1] INFO  server.RaftServerConfigKeys (ConfUtils.java:logGet(44)) - raft.server.snapshot.auto.trigger.threshold = 1 (custom)
2021-10-16 01:05:34,131 [pool-169-thread-1] INFO  server.RaftServerConfigKeys (ConfUtils.java:logGet(44)) - raft.server.snapshot.retention.file.num = 5 (custom)
2021-10-16 01:05:34,131 [pool-169-thread-1] INFO  server.RaftServerConfigKeys (ConfUtils.java:logGet(44)) - raft.server.log.purge.upto.snapshot.index = false (default)
2021-10-16 01:05:34,131 [pool-169-thread-1] INFO  server.RaftServerConfigKeys (ConfUtils.java:logGet(44)) - raft.server.retrycache.expirytime = 600000ms (custom)
2021-10-16 01:05:34,131 [pool-169-thread-1] INFO  server.RaftServerConfigKeys (ConfUtils.java:logGet(44)) - raft.server.retrycache.statistics.expirytime = 100μs (default)
2021-10-16 01:05:34,133 [pool-169-thread-1] INFO  server.RaftServer$Division (RaftServerImpl.java:start(296)) - 099ca399-3e3d-4e02-9a52-59ba45faf8b0@group-77F10EADF775: start as a follower, conf=-1: [9d98ef2f-7287-42aa-8af9-fb3cbb1a6029|rpc:10.1.0.55:32879|priority:1, fd6a0f59-fdeb-49bf-a199-f6a05cd3e8d0|rpc:10.1.0.55:39899|priority:0, 099ca399-3e3d-4e02-9a52-59ba45faf8b0|rpc:10.1.0.55:36545|priority:0], old=null
2021-10-16 01:05:34,133 [pool-169-thread-1] INFO  server.RaftServer$Division (RaftServerImpl.java:setRole(285)) - 099ca399-3e3d-4e02-9a52-59ba45faf8b0@group-77F10EADF775: changes role from      null to FOLLOWER at term 0 for startAsFollower
2021-10-16 01:05:34,133 [pool-169-thread-1] INFO  impl.RoleInfo (RoleInfo.java:updateAndGet(130)) - 099ca399-3e3d-4e02-9a52-59ba45faf8b0: start 099ca399-3e3d-4e02-9a52-59ba45faf8b0@group-77F10EADF775-FollowerState
2021-10-16 01:05:34,134 [pool-169-thread-1] INFO  util.JmxRegister (JmxRegister.java:tryRegister(44)) - Successfully registered JMX Bean with object name Ratis:service=RaftServer,group=group-77F10EADF775,id=099ca399-3e3d-4e02-9a52-59ba45faf8b0
2021-10-16 01:05:34,135 [Command processor thread] INFO  ratis.XceiverServerRatis (XceiverServerRatis.java:addGroup(768)) - Created group PipelineID=3495eccd-922a-45d3-8b65-77f10eadf775
2021-10-16 01:05:34,152 [grpc-default-executor-0] INFO  server.RaftServer (RaftServerProxy.java:addNew(95)) - fd6a0f59-fdeb-49bf-a199-f6a05cd3e8d0: addNew group-77F10EADF775:[9d98ef2f-7287-42aa-8af9-fb3cbb1a6029|rpc:10.1.0.55:32879|dataStream:|priority:1, fd6a0f59-fdeb-49bf-a199-f6a05cd3e8d0|rpc:10.1.0.55:39899|dataStream:|priority:0, 099ca399-3e3d-4e02-9a52-59ba45faf8b0|rpc:10.1.0.55:36545|dataStream:|priority:0] returns group-77F10EADF775:java.util.concurrent.CompletableFuture@75f72fd8[Not completed]
2021-10-16 01:05:34,153 [EventQueue-OpenPipelineForHealthyPipelineSafeModeRule] INFO  safemode.SCMSafeModeManager (HealthyPipelineSafeModeRule.java:process(124)) - SCM in safe mode. Healthy pipelines reported count is 0, required healthy pipeline reported count is 1
2021-10-16 01:05:34,153 [pool-207-thread-1] INFO  server.RaftServer$Division (RaftServerImpl.java:<init>(181)) - fd6a0f59-fdeb-49bf-a199-f6a05cd3e8d0: new RaftServerImpl for group-77F10EADF775:[9d98ef2f-7287-42aa-8af9-fb3cbb1a6029|rpc:10.1.0.55:32879|dataStream:|priority:1, fd6a0f59-fdeb-49bf-a199-f6a05cd3e8d0|rpc:10.1.0.55:39899|dataStream:|priority:0, 099ca399-3e3d-4e02-9a52-59ba45faf8b0|rpc:10.1.0.55:36545|dataStream:|priority:0] with ContainerStateMachine:uninitialized
2021-10-16 01:05:34,154 [pool-207-thread-1] INFO  server.RaftServerConfigKeys (ConfUtils.java:logGet(44)) - raft.server.rpc.timeout.min = 5s (custom)
2021-10-16 01:05:34,154 [pool-207-thread-1] INFO  server.RaftServerConfigKeys (ConfUtils.java:logGet(44)) - raft.server.rpc.timeout.max = 5200ms (custom)
2021-10-16 01:05:34,154 [pool-207-thread-1] INFO  server.RaftServerConfigKeys (ConfUtils.java:logGet(44)) - raft.server.rpc.sleep.time = 25ms (default)
2021-10-16 01:05:34,154 [pool-207-thread-1] INFO  server.RaftServerConfigKeys (ConfUtils.java:logGet(44)) - raft.server.rpc.slowness.timeout = 300000ms (custom)
2021-10-16 01:05:34,154 [pool-207-thread-1] INFO  server.RaftServerConfigKeys (ConfUtils.java:logGet(44)) - raft.server.leaderelection.leader.step-down.wait-time = 10s (default)
2021-10-16 01:05:34,154 [pool-207-thread-1] INFO  server.RaftServerConfigKeys (ConfUtils.java:logGet(44)) - raft.server.sleep.deviation.threshold = 300ms (default)
2021-10-16 01:05:34,154 [pool-207-thread-1] INFO  server.RaftServerConfigKeys (ConfUtils.java:logGet(44)) - raft.server.log.appender.install.snapshot.enabled = false (custom)
2021-10-16 01:05:34,154 [pool-207-thread-1] INFO  server.RaftServer$Division (ServerState.java:<init>(105)) - fd6a0f59-fdeb-49bf-a199-f6a05cd3e8d0@group-77F10EADF775: ConfigurationManager, init=-1: [9d98ef2f-7287-42aa-8af9-fb3cbb1a6029|rpc:10.1.0.55:32879|dataStream:|priority:1, fd6a0f59-fdeb-49bf-a199-f6a05cd3e8d0|rpc:10.1.0.55:39899|dataStream:|priority:0, 099ca399-3e3d-4e02-9a52-59ba45faf8b0|rpc:10.1.0.55:36545|dataStream:|priority:0], old=null, confs=<EMPTY_MAP>
2021-10-16 01:05:34,154 [pool-207-thread-1] INFO  server.RaftServerConfigKeys (ConfUtils.java:logGet(44)) - raft.server.storage.dir = [/home/runner/work/ozone/ozone/hadoop-ozone/integration-test/target/test-dir/MiniOzoneClusterImpl-248ee1f4-0f5c-4e53-af87-c176a130d444/datanode-8/data/ratis] (custom)
2021-10-16 01:05:34,154 [pool-207-thread-1] INFO  server.RaftServerConfigKeys (ConfUtils.java:logGet(44)) - raft.server.log.corruption.policy = EXCEPTION (default)
2021-10-16 01:05:34,154 [pool-207-thread-1] INFO  server.RaftServerConfigKeys (ConfUtils.java:logGet(44)) - raft.server.storage.free-space.min = 0MB (=0) (default)
2021-10-16 01:05:34,155 [pool-207-thread-1] INFO  storage.RaftStorageDirectory (RaftStorageDirectoryImpl.java:analyzeStorage(135)) - The storage directory /home/runner/work/ozone/ozone/hadoop-ozone/integration-test/target/test-dir/MiniOzoneClusterImpl-248ee1f4-0f5c-4e53-af87-c176a130d444/datanode-8/data/ratis/3495eccd-922a-45d3-8b65-77f10eadf775 does not exist. Creating ...
2021-10-16 01:05:34,156 [pool-207-thread-1] INFO  storage.RaftStorageDirectory (RaftStorageDirectoryImpl.java:tryLock(230)) - Lock on /home/runner/work/ozone/ozone/hadoop-ozone/integration-test/target/test-dir/MiniOzoneClusterImpl-248ee1f4-0f5c-4e53-af87-c176a130d444/datanode-8/data/ratis/3495eccd-922a-45d3-8b65-77f10eadf775/in_use.lock acquired by nodename 12906@fv-az270-581
2021-10-16 01:05:34,158 [pool-207-thread-1] INFO  storage.RaftStorage (RaftStorageImpl.java:format(89)) - Storage directory /home/runner/work/ozone/ozone/hadoop-ozone/integration-test/target/test-dir/MiniOzoneClusterImpl-248ee1f4-0f5c-4e53-af87-c176a130d444/datanode-8/data/ratis/3495eccd-922a-45d3-8b65-77f10eadf775 has been successfully formatted.
2021-10-16 01:05:34,159 [Datanode State Machine Thread - 0] WARN  statemachine.StateContext (StateContext.java:execute(621)) - No available thread in pool for past 0 seconds.
2021-10-16 01:05:34,159 [pool-207-thread-1] INFO  ratis.ContainerStateMachine (ContainerStateMachine.java:loadSnapshot(224)) - group-77F10EADF775: The snapshot info is null. Setting the last applied indexto:(t:0, i:~)
2021-10-16 01:05:34,159 [pool-207-thread-1] INFO  server.RaftServerConfigKeys (ConfUtils.java:logGet(44)) - raft.server.notification.no-leader.timeout = 300000ms (custom)
2021-10-16 01:05:34,160 [pool-207-thread-1] INFO  server.RaftServerConfigKeys (ConfUtils.java:logGet(44)) - raft.server.log.use.memory = false (default)
2021-10-16 01:05:34,160 [pool-207-thread-1] INFO  server.RaftServerConfigKeys (ConfUtils.java:logGet(44)) - raft.server.log.purge.gap = 1000000 (custom)
2021-10-16 01:05:34,160 [pool-207-thread-1] INFO  server.RaftServerConfigKeys (ConfUtils.java:logGet(44)) - raft.server.log.appender.buffer.byte-limit = 33554432 (custom)
2021-10-16 01:05:34,160 [pool-207-thread-1] INFO  server.RaftServerConfigKeys (ConfUtils.java:logGet(44)) - raft.server.log.segment.size.max = 1048576 (custom)
2021-10-16 01:05:34,161 [pool-207-thread-1] INFO  server.RaftServerConfigKeys (ConfUtils.java:logGet(44)) - raft.server.log.segment.cache.num.max = 2 (custom)
2021-10-16 01:05:34,161 [pool-207-thread-1] INFO  server.RaftServerConfigKeys (ConfUtils.java:logGet(44)) - raft.server.log.segment.cache.size.max = 200MB (=209715200) (default)
2021-10-16 01:05:34,161 [pool-207-thread-1] INFO  segmented.SegmentedRaftLogWorker (SegmentedRaftLogWorker.java:<init>(182)) - new fd6a0f59-fdeb-49bf-a199-f6a05cd3e8d0@group-77F10EADF775-SegmentedRaftLogWorker for RaftStorageImpl:Storage Directory /home/runner/work/ozone/ozone/hadoop-ozone/integration-test/target/test-dir/MiniOzoneClusterImpl-248ee1f4-0f5c-4e53-af87-c176a130d444/datanode-8/data/ratis/3495eccd-922a-45d3-8b65-77f10eadf775
2021-10-16 01:05:34,161 [pool-207-thread-1] INFO  server.RaftServerConfigKeys (ConfUtils.java:logGet(44)) - raft.server.log.queue.byte-limit = 2147483647 (custom)
2021-10-16 01:05:34,162 [pool-207-thread-1] INFO  server.RaftServerConfigKeys (ConfUtils.java:logGet(44)) - raft.server.log.queue.element-limit = 1024 (custom)
2021-10-16 01:05:34,162 [pool-207-thread-1] INFO  server.RaftServerConfigKeys (ConfUtils.java:logGet(44)) - raft.server.log.segment.size.max = 1048576 (custom)
2021-10-16 01:05:34,162 [pool-207-thread-1] INFO  server.RaftServerConfigKeys (ConfUtils.java:logGet(44)) - raft.server.log.preallocated.size = 16384 (custom)
2021-10-16 01:05:34,162 [pool-207-thread-1] INFO  server.RaftServerConfigKeys (ConfUtils.java:logGet(44)) - raft.server.log.force.sync.num = 128 (default)
2021-10-16 01:05:34,162 [pool-207-thread-1] INFO  server.RaftServerConfigKeys (ConfUtils.java:logGet(44)) - raft.server.log.statemachine.data.sync = true (default)
2021-10-16 01:05:34,162 [pool-207-thread-1] INFO  server.RaftServerConfigKeys (ConfUtils.java:logGet(44)) - raft.server.log.statemachine.data.sync.timeout = 10s (default)
2021-10-16 01:05:34,162 [pool-207-thread-1] INFO  server.RaftServerConfigKeys (ConfUtils.java:logGet(44)) - raft.server.log.statemachine.data.sync.timeout.retry = -1 (default)
2021-10-16 01:05:34,163 [pool-207-thread-1] INFO  server.RaftServerConfigKeys (ConfUtils.java:logGet(44)) - raft.server.log.write.buffer.size = 1048576 (custom)
2021-10-16 01:05:34,164 [pool-207-thread-1] INFO  server.RaftServerConfigKeys (ConfUtils.java:logGet(44)) - raft.server.log.statemachine.data.caching.enabled = true (custom)
2021-10-16 01:05:34,164 [pool-207-thread-1] INFO  segmented.SegmentedRaftLogWorker (SegmentedRaftLogWorker.java:lambda$new$0(133)) - fd6a0f59-fdeb-49bf-a199-f6a05cd3e8d0@group-77F10EADF775-SegmentedRaftLogWorker: flushIndex: setUnconditionally 0 -> -1
2021-10-16 01:05:34,164 [pool-207-thread-1] INFO  segmented.SegmentedRaftLogWorker (SegmentedRaftLogWorker.java:lambda$new$0(133)) - fd6a0f59-fdeb-49bf-a199-f6a05cd3e8d0@group-77F10EADF775-SegmentedRaftLogWorker: safeCacheEvictIndex: setUnconditionally 0 -> -1
2021-10-16 01:05:34,165 [pool-207-thread-1] INFO  server.RaftServerConfigKeys (ConfUtils.java:logGet(44)) - raft.server.snapshot.auto.trigger.enabled = true (custom)
2021-10-16 01:05:34,165 [pool-207-thread-1] INFO  server.RaftServerConfigKeys (ConfUtils.java:logGet(44)) - raft.server.snapshot.auto.trigger.threshold = 1 (custom)
2021-10-16 01:05:34,165 [pool-207-thread-1] INFO  server.RaftServerConfigKeys (ConfUtils.java:logGet(44)) - raft.server.snapshot.retention.file.num = 5 (custom)
2021-10-16 01:05:34,165 [pool-207-thread-1] INFO  server.RaftServerConfigKeys (ConfUtils.java:logGet(44)) - raft.server.log.purge.upto.snapshot.index = false (default)
2021-10-16 01:05:34,165 [pool-207-thread-1] INFO  server.RaftServerConfigKeys (ConfUtils.java:logGet(44)) - raft.server.retrycache.expirytime = 600000ms (custom)
2021-10-16 01:05:34,165 [pool-207-thread-1] INFO  server.RaftServerConfigKeys (ConfUtils.java:logGet(44)) - raft.server.retrycache.statistics.expirytime = 100μs (default)
2021-10-16 01:05:34,167 [pool-207-thread-1] INFO  server.RaftServer$Division (RaftServerImpl.java:start(296)) - fd6a0f59-fdeb-49bf-a199-f6a05cd3e8d0@group-77F10EADF775: start as a follower, conf=-1: [9d98ef2f-7287-42aa-8af9-fb3cbb1a6029|rpc:10.1.0.55:32879|dataStream:|priority:1, fd6a0f59-fdeb-49bf-a199-f6a05cd3e8d0|rpc:10.1.0.55:39899|dataStream:|priority:0, 099ca399-3e3d-4e02-9a52-59ba45faf8b0|rpc:10.1.0.55:36545|dataStream:|priority:0], old=null
2021-10-16 01:05:34,167 [pool-207-thread-1] INFO  server.RaftServer$Division (RaftServerImpl.java:setRole(285)) - fd6a0f59-fdeb-49bf-a199-f6a05cd3e8d0@group-77F10EADF775: changes role from      null to FOLLOWER at term 0 for startAsFollower
2021-10-16 01:05:34,167 [pool-207-thread-1] INFO  impl.RoleInfo (RoleInfo.java:updateAndGet(130)) - fd6a0f59-fdeb-49bf-a199-f6a05cd3e8d0: start fd6a0f59-fdeb-49bf-a199-f6a05cd3e8d0@group-77F10EADF775-FollowerState
2021-10-16 01:05:34,167 [pool-207-thread-1] INFO  util.JmxRegister (JmxRegister.java:tryRegister(44)) - Successfully registered JMX Bean with object name Ratis:service=RaftServer,group=group-77F10EADF775,id=fd6a0f59-fdeb-49bf-a199-f6a05cd3e8d0
2021-10-16 01:05:34,196 [EventQueue-OpenPipelineForHealthyPipelineSafeModeRule] INFO  safemode.SCMSafeModeManager (HealthyPipelineSafeModeRule.java:process(124)) - SCM in safe mode. Healthy pipelines reported count is 0, required healthy pipeline reported count is 1
2021-10-16 01:05:34,197 [EventQueue-OpenPipelineForHealthyPipelineSafeModeRule] INFO  safemode.SCMSafeModeManager (HealthyPipelineSafeModeRule.java:process(124)) - SCM in safe mode. Healthy pipelines reported count is 0, required healthy pipeline reported count is 1
2021-10-16 01:05:34,198 [grpc-default-executor-0] INFO  server.RaftServer (RaftServerProxy.java:addNew(95)) - 9d98ef2f-7287-42aa-8af9-fb3cbb1a6029: addNew group-77F10EADF775:[9d98ef2f-7287-42aa-8af9-fb3cbb1a6029|rpc:10.1.0.55:32879|dataStream:|priority:1, fd6a0f59-fdeb-49bf-a199-f6a05cd3e8d0|rpc:10.1.0.55:39899|dataStream:|priority:0, 099ca399-3e3d-4e02-9a52-59ba45faf8b0|rpc:10.1.0.55:36545|dataStream:|priority:0] returns group-77F10EADF775:java.util.concurrent.CompletableFuture@2d97d684[Not completed]
2021-10-16 01:05:34,199 [pool-188-thread-1] INFO  server.RaftServer$Division (RaftServerImpl.java:<init>(181)) - 9d98ef2f-7287-42aa-8af9-fb3cbb1a6029: new RaftServerImpl for group-77F10EADF775:[9d98ef2f-7287-42aa-8af9-fb3cbb1a6029|rpc:10.1.0.55:32879|dataStream:|priority:1, fd6a0f59-fdeb-49bf-a199-f6a05cd3e8d0|rpc:10.1.0.55:39899|dataStream:|priority:0, 099ca399-3e3d-4e02-9a52-59ba45faf8b0|rpc:10.1.0.55:36545|dataStream:|priority:0] with ContainerStateMachine:uninitialized
2021-10-16 01:05:34,199 [pool-188-thread-1] INFO  server.RaftServerConfigKeys (ConfUtils.java:logGet(44)) - raft.server.rpc.timeout.min = 5s (custom)
2021-10-16 01:05:34,199 [pool-188-thread-1] INFO  server.RaftServerConfigKeys (ConfUtils.java:logGet(44)) - raft.server.rpc.timeout.max = 5200ms (custom)
2021-10-16 01:05:34,199 [pool-188-thread-1] INFO  server.RaftServerConfigKeys (ConfUtils.java:logGet(44)) - raft.server.rpc.sleep.time = 25ms (default)
2021-10-16 01:05:34,199 [pool-188-thread-1] INFO  server.RaftServerConfigKeys (ConfUtils.java:logGet(44)) - raft.server.rpc.slowness.timeout = 300000ms (custom)
2021-10-16 01:05:34,199 [pool-188-thread-1] INFO  server.RaftServerConfigKeys (ConfUtils.java:logGet(44)) - raft.server.leaderelection.leader.step-down.wait-time = 10s (default)
2021-10-16 01:05:34,199 [pool-188-thread-1] INFO  server.RaftServerConfigKeys (ConfUtils.java:logGet(44)) - raft.server.sleep.deviation.threshold = 300ms (default)
2021-10-16 01:05:34,200 [pool-188-thread-1] INFO  server.RaftServerConfigKeys (ConfUtils.java:logGet(44)) - raft.server.log.appender.install.snapshot.enabled = false (custom)
2021-10-16 01:05:34,200 [pool-188-thread-1] INFO  server.RaftServer$Division (ServerState.java:<init>(105)) - 9d98ef2f-7287-42aa-8af9-fb3cbb1a6029@group-77F10EADF775: ConfigurationManager, init=-1: [9d98ef2f-7287-42aa-8af9-fb3cbb1a6029|rpc:10.1.0.55:32879|dataStream:|priority:1, fd6a0f59-fdeb-49bf-a199-f6a05cd3e8d0|rpc:10.1.0.55:39899|dataStream:|priority:0, 099ca399-3e3d-4e02-9a52-59ba45faf8b0|rpc:10.1.0.55:36545|dataStream:|priority:0], old=null, confs=<EMPTY_MAP>
2021-10-16 01:05:34,200 [pool-188-thread-1] INFO  server.RaftServerConfigKeys (ConfUtils.java:logGet(44)) - raft.server.storage.dir = [/home/runner/work/ozone/ozone/hadoop-ozone/integration-test/target/test-dir/MiniOzoneClusterImpl-248ee1f4-0f5c-4e53-af87-c176a130d444/datanode-7/data/ratis] (custom)
2021-10-16 01:05:34,200 [pool-188-thread-1] INFO  server.RaftServerConfigKeys (ConfUtils.java:logGet(44)) - raft.server.log.corruption.policy = EXCEPTION (default)
2021-10-16 01:05:34,200 [pool-188-thread-1] INFO  server.RaftServerConfigKeys (ConfUtils.java:logGet(44)) - raft.server.storage.free-space.min = 0MB (=0) (default)
2021-10-16 01:05:34,200 [pool-188-thread-1] INFO  storage.RaftStorageDirectory (RaftStorageDirectoryImpl.java:analyzeStorage(135)) - The storage directory /home/runner/work/ozone/ozone/hadoop-ozone/integration-test/target/test-dir/MiniOzoneClusterImpl-248ee1f4-0f5c-4e53-af87-c176a130d444/datanode-7/data/ratis/3495eccd-922a-45d3-8b65-77f10eadf775 does not exist. Creating ...
2021-10-16 01:05:34,202 [pool-188-thread-1] INFO  storage.RaftStorageDirectory (RaftStorageDirectoryImpl.java:tryLock(230)) - Lock on /home/runner/work/ozone/ozone/hadoop-ozone/integration-test/target/test-dir/MiniOzoneClusterImpl-248ee1f4-0f5c-4e53-af87-c176a130d444/datanode-7/data/ratis/3495eccd-922a-45d3-8b65-77f10eadf775/in_use.lock acquired by nodename 12906@fv-az270-581
2021-10-16 01:05:34,204 [pool-188-thread-1] INFO  storage.RaftStorage (RaftStorageImpl.java:format(89)) - Storage directory /home/runner/work/ozone/ozone/hadoop-ozone/integration-test/target/test-dir/MiniOzoneClusterImpl-248ee1f4-0f5c-4e53-af87-c176a130d444/datanode-7/data/ratis/3495eccd-922a-45d3-8b65-77f10eadf775 has been successfully formatted.
2021-10-16 01:05:34,204 [Datanode State Machine Thread - 0] WARN  statemachine.StateContext (StateContext.java:execute(621)) - No available thread in pool for past 0 seconds.
2021-10-16 01:05:34,205 [pool-188-thread-1] INFO  ratis.ContainerStateMachine (ContainerStateMachine.java:loadSnapshot(224)) - group-77F10EADF775: The snapshot info is null. Setting the last applied indexto:(t:0, i:~)
2021-10-16 01:05:34,206 [pool-188-thread-1] INFO  server.RaftServerConfigKeys (ConfUtils.java:logGet(44)) - raft.server.notification.no-leader.timeout = 300000ms (custom)
2021-10-16 01:05:34,206 [pool-188-thread-1] INFO  server.RaftServerConfigKeys (ConfUtils.java:logGet(44)) - raft.server.log.use.memory = false (default)
2021-10-16 01:05:34,206 [pool-188-thread-1] INFO  server.RaftServerConfigKeys (ConfUtils.java:logGet(44)) - raft.server.log.purge.gap = 1000000 (custom)
2021-10-16 01:05:34,206 [pool-188-thread-1] INFO  server.RaftServerConfigKeys (ConfUtils.java:logGet(44)) - raft.server.log.appender.buffer.byte-limit = 33554432 (custom)
2021-10-16 01:05:34,207 [pool-188-thread-1] INFO  server.RaftServerConfigKeys (ConfUtils.java:logGet(44)) - raft.server.log.segment.size.max = 1048576 (custom)
2021-10-16 01:05:34,207 [pool-188-thread-1] INFO  server.RaftServerConfigKeys (ConfUtils.java:logGet(44)) - raft.server.log.segment.cache.num.max = 2 (custom)
2021-10-16 01:05:34,207 [pool-188-thread-1] INFO  server.RaftServerConfigKeys (ConfUtils.java:logGet(44)) - raft.server.log.segment.cache.size.max = 200MB (=209715200) (default)
2021-10-16 01:05:34,207 [pool-188-thread-1] INFO  segmented.SegmentedRaftLogWorker (SegmentedRaftLogWorker.java:<init>(182)) - new 9d98ef2f-7287-42aa-8af9-fb3cbb1a6029@group-77F10EADF775-SegmentedRaftLogWorker for RaftStorageImpl:Storage Directory /home/runner/work/ozone/ozone/hadoop-ozone/integration-test/target/test-dir/MiniOzoneClusterImpl-248ee1f4-0f5c-4e53-af87-c176a130d444/datanode-7/data/ratis/3495eccd-922a-45d3-8b65-77f10eadf775
2021-10-16 01:05:34,207 [pool-188-thread-1] INFO  server.RaftServerConfigKeys (ConfUtils.java:logGet(44)) - raft.server.log.queue.byte-limit = 2147483647 (custom)
2021-10-16 01:05:34,208 [pool-188-thread-1] INFO  server.RaftServerConfigKeys (ConfUtils.java:logGet(44)) - raft.server.log.queue.element-limit = 1024 (custom)
2021-10-16 01:05:34,208 [pool-188-thread-1] INFO  server.RaftServerConfigKeys (ConfUtils.java:logGet(44)) - raft.server.log.segment.size.max = 1048576 (custom)
2021-10-16 01:05:34,208 [pool-188-thread-1] INFO  server.RaftServerConfigKeys (ConfUtils.java:logGet(44)) - raft.server.log.preallocated.size = 16384 (custom)
2021-10-16 01:05:34,208 [pool-188-thread-1] INFO  server.RaftServerConfigKeys (ConfUtils.java:logGet(44)) - raft.server.log.force.sync.num = 128 (default)
2021-10-16 01:05:34,208 [pool-188-thread-1] INFO  server.RaftServerConfigKeys (ConfUtils.java:logGet(44)) - raft.server.log.statemachine.data.sync = true (default)
2021-10-16 01:05:34,208 [pool-188-thread-1] INFO  server.RaftServerConfigKeys (ConfUtils.java:logGet(44)) - raft.server.log.statemachine.data.sync.timeout = 10s (default)
2021-10-16 01:05:34,208 [pool-188-thread-1] INFO  server.RaftServerConfigKeys (ConfUtils.java:logGet(44)) - raft.server.log.statemachine.data.sync.timeout.retry = -1 (default)
2021-10-16 01:05:34,209 [pool-188-thread-1] INFO  server.RaftServerConfigKeys (ConfUtils.java:logGet(44)) - raft.server.log.write.buffer.size = 1048576 (custom)
2021-10-16 01:05:34,210 [pool-188-thread-1] INFO  server.RaftServerConfigKeys (ConfUtils.java:logGet(44)) - raft.server.log.statemachine.data.caching.enabled = true (custom)
2021-10-16 01:05:34,211 [pool-188-thread-1] INFO  segmented.SegmentedRaftLogWorker (SegmentedRaftLogWorker.java:lambda$new$0(133)) - 9d98ef2f-7287-42aa-8af9-fb3cbb1a6029@group-77F10EADF775-SegmentedRaftLogWorker: flushIndex: setUnconditionally 0 -> -1
2021-10-16 01:05:34,211 [pool-188-thread-1] INFO  segmented.SegmentedRaftLogWorker (SegmentedRaftLogWorker.java:lambda$new$0(133)) - 9d98ef2f-7287-42aa-8af9-fb3cbb1a6029@group-77F10EADF775-SegmentedRaftLogWorker: safeCacheEvictIndex: setUnconditionally 0 -> -1
2021-10-16 01:05:34,212 [pool-188-thread-1] INFO  server.RaftServerConfigKeys (ConfUtils.java:logGet(44)) - raft.server.snapshot.auto.trigger.enabled = true (custom)
2021-10-16 01:05:34,212 [pool-188-thread-1] INFO  server.RaftServerConfigKeys (ConfUtils.java:logGet(44)) - raft.server.snapshot.auto.trigger.threshold = 1 (custom)
2021-10-16 01:05:34,212 [pool-188-thread-1] INFO  server.RaftServerConfigKeys (ConfUtils.java:logGet(44)) - raft.server.snapshot.retention.file.num = 5 (custom)
2021-10-16 01:05:34,212 [pool-188-thread-1] INFO  server.RaftServerConfigKeys (ConfUtils.java:logGet(44)) - raft.server.log.purge.upto.snapshot.index = false (default)
2021-10-16 01:05:34,212 [pool-188-thread-1] INFO  server.RaftServerConfigKeys (ConfUtils.java:logGet(44)) - raft.server.retrycache.expirytime = 600000ms (custom)
2021-10-16 01:05:34,212 [pool-188-thread-1] INFO  server.RaftServerConfigKeys (ConfUtils.java:logGet(44)) - raft.server.retrycache.statistics.expirytime = 100μs (default)
2021-10-16 01:05:34,214 [pool-188-thread-1] INFO  server.RaftServer$Division (RaftServerImpl.java:start(296)) - 9d98ef2f-7287-42aa-8af9-fb3cbb1a6029@group-77F10EADF775: start as a follower, conf=-1: [9d98ef2f-7287-42aa-8af9-fb3cbb1a6029|rpc:10.1.0.55:32879|dataStream:|priority:1, fd6a0f59-fdeb-49bf-a199-f6a05cd3e8d0|rpc:10.1.0.55:39899|dataStream:|priority:0, 099ca399-3e3d-4e02-9a52-59ba45faf8b0|rpc:10.1.0.55:36545|dataStream:|priority:0], old=null
2021-10-16 01:05:34,214 [pool-188-thread-1] INFO  server.RaftServer$Division (RaftServerImpl.java:setRole(285)) - 9d98ef2f-7287-42aa-8af9-fb3cbb1a6029@group-77F10EADF775: changes role from      null to FOLLOWER at term 0 for startAsFollower
2021-10-16 01:05:34,214 [pool-188-thread-1] INFO  impl.RoleInfo (RoleInfo.java:updateAndGet(130)) - 9d98ef2f-7287-42aa-8af9-fb3cbb1a6029: start 9d98ef2f-7287-42aa-8af9-fb3cbb1a6029@group-77F10EADF775-FollowerState
2021-10-16 01:05:34,216 [pool-188-thread-1] INFO  util.JmxRegister (JmxRegister.java:tryRegister(44)) - Successfully registered JMX Bean with object name Ratis:service=RaftServer,group=group-77F10EADF775,id=9d98ef2f-7287-42aa-8af9-fb3cbb1a6029
2021-10-16 01:05:34,230 [Command processor thread] INFO  commandhandler.CreatePipelineCommandHandler (CreatePipelineCommandHandler.java:handle(106)) - Created Pipeline RATIS THREE PipelineID=3495eccd-922a-45d3-8b65-77f10eadf775.
2021-10-16 01:05:34,244 [Command processor thread] INFO  server.RaftServer (RaftServerProxy.java:addNew(95)) - 9d98ef2f-7287-42aa-8af9-fb3cbb1a6029: addNew group-DEADDDAC7247:[9d98ef2f-7287-42aa-8af9-fb3cbb1a6029|rpc:10.1.0.55:32879|priority:1] returns group-DEADDDAC7247:java.util.concurrent.CompletableFuture@3ff3946f[Not completed]
2021-10-16 01:05:34,246 [pool-188-thread-1] INFO  server.RaftServer$Division (RaftServerImpl.java:<init>(181)) - 9d98ef2f-7287-42aa-8af9-fb3cbb1a6029: new RaftServerImpl for group-DEADDDAC7247:[9d98ef2f-7287-42aa-8af9-fb3cbb1a6029|rpc:10.1.0.55:32879|priority:1] with ContainerStateMachine:uninitialized
2021-10-16 01:05:34,246 [pool-188-thread-1] INFO  server.RaftServerConfigKeys (ConfUtils.java:logGet(44)) - raft.server.rpc.timeout.min = 5s (custom)
2021-10-16 01:05:34,246 [pool-188-thread-1] INFO  server.RaftServerConfigKeys (ConfUtils.java:logGet(44)) - raft.server.rpc.timeout.max = 5200ms (custom)
2021-10-16 01:05:34,246 [pool-188-thread-1] INFO  server.RaftServerConfigKeys (ConfUtils.java:logGet(44)) - raft.server.rpc.sleep.time = 25ms (default)
2021-10-16 01:05:34,246 [pool-188-thread-1] INFO  server.RaftServerConfigKeys (ConfUtils.java:logGet(44)) - raft.server.rpc.slowness.timeout = 300000ms (custom)
2021-10-16 01:05:34,246 [pool-188-thread-1] INFO  server.RaftServerConfigKeys (ConfUtils.java:logGet(44)) - raft.server.leaderelection.leader.step-down.wait-time = 10s (default)
2021-10-16 01:05:34,246 [pool-188-thread-1] INFO  server.RaftServerConfigKeys (ConfUtils.java:logGet(44)) - raft.server.sleep.deviation.threshold = 300ms (default)
2021-10-16 01:05:34,246 [pool-188-thread-1] INFO  server.RaftServerConfigKeys (ConfUtils.java:logGet(44)) - raft.server.log.appender.install.snapshot.enabled = false (custom)
2021-10-16 01:05:34,246 [pool-188-thread-1] INFO  server.RaftServer$Division (ServerState.java:<init>(105)) - 9d98ef2f-7287-42aa-8af9-fb3cbb1a6029@group-DEADDDAC7247: ConfigurationManager, init=-1: [9d98ef2f-7287-42aa-8af9-fb3cbb1a6029|rpc:10.1.0.55:32879|priority:1], old=null, confs=<EMPTY_MAP>
2021-10-16 01:05:34,246 [pool-188-thread-1] INFO  server.RaftServerConfigKeys (ConfUtils.java:logGet(44)) - raft.server.storage.dir = [/home/runner/work/ozone/ozone/hadoop-ozone/integration-test/target/test-dir/MiniOzoneClusterImpl-248ee1f4-0f5c-4e53-af87-c176a130d444/datanode-7/data/ratis] (custom)
2021-10-16 01:05:34,247 [pool-188-thread-1] INFO  server.RaftServerConfigKeys (ConfUtils.java:logGet(44)) - raft.server.log.corruption.policy = EXCEPTION (default)
2021-10-16 01:05:34,247 [pool-188-thread-1] INFO  server.RaftServerConfigKeys (ConfUtils.java:logGet(44)) - raft.server.storage.free-space.min = 0MB (=0) (default)
2021-10-16 01:05:34,247 [pool-188-thread-1] INFO  storage.RaftStorageDirectory (RaftStorageDirectoryImpl.java:analyzeStorage(135)) - The storage directory /home/runner/work/ozone/ozone/hadoop-ozone/integration-test/target/test-dir/MiniOzoneClusterImpl-248ee1f4-0f5c-4e53-af87-c176a130d444/datanode-7/data/ratis/7aceb534-8a41-47d1-9dd5-deadddac7247 does not exist. Creating ...
2021-10-16 01:05:34,248 [pool-188-thread-1] INFO  storage.RaftStorageDirectory (RaftStorageDirectoryImpl.java:tryLock(230)) - Lock on /home/runner/work/ozone/ozone/hadoop-ozone/integration-test/target/test-dir/MiniOzoneClusterImpl-248ee1f4-0f5c-4e53-af87-c176a130d444/datanode-7/data/ratis/7aceb534-8a41-47d1-9dd5-deadddac7247/in_use.lock acquired by nodename 12906@fv-az270-581
2021-10-16 01:05:34,249 [pool-188-thread-1] INFO  storage.RaftStorage (RaftStorageImpl.java:format(89)) - Storage directory /home/runner/work/ozone/ozone/hadoop-ozone/integration-test/target/test-dir/MiniOzoneClusterImpl-248ee1f4-0f5c-4e53-af87-c176a130d444/datanode-7/data/ratis/7aceb534-8a41-47d1-9dd5-deadddac7247 has been successfully formatted.
2021-10-16 01:05:34,250 [Datanode State Machine Thread - 0] WARN  statemachine.StateContext (StateContext.java:execute(621)) - No available thread in pool for past 0 seconds.
2021-10-16 01:05:34,252 [EventQueue-PipelineReportForPipelineReportHandler] INFO  pipeline.PipelineManagerImpl (PipelineManagerImpl.java:openPipeline(282)) - Pipeline Pipeline[ Id: 7aceb534-8a41-47d1-9dd5-deadddac7247, Nodes: 9d98ef2f-7287-42aa-8af9-fb3cbb1a6029{ip: 10.1.0.55, host: fv-az270-581.tacnzluakwdehk1hpragurqkma.bx.internal.cloudapp.net, ports: [REPLICATION=37323, RATIS=32879, RATIS_ADMIN=32879, RATIS_SERVER=32879, STANDALONE=35303], networkLocation: /default-rack, certSerialId: null, persistedOpState: IN_SERVICE, persistedOpStateExpiryEpochSec: 0}, ReplicationConfig: RATIS/ONE, State:ALLOCATED, leaderId:9d98ef2f-7287-42aa-8af9-fb3cbb1a6029, CreationTimestamp2021-10-16T01:05:31.250Z[Etc/UTC]] moved to OPEN state
2021-10-16 01:05:34,253 [EventQueue-OpenPipelineForHealthyPipelineSafeModeRule] INFO  safemode.SCMSafeModeManager (HealthyPipelineSafeModeRule.java:process(124)) - SCM in safe mode. Healthy pipelines reported count is 0, required healthy pipeline reported count is 1
2021-10-16 01:05:34,253 [pool-188-thread-1] INFO  ratis.ContainerStateMachine (ContainerStateMachine.java:loadSnapshot(224)) - group-DEADDDAC7247: The snapshot info is null. Setting the last applied indexto:(t:0, i:~)
2021-10-16 01:05:34,255 [pool-188-thread-1] INFO  server.RaftServerConfigKeys (ConfUtils.java:logGet(44)) - raft.server.notification.no-leader.timeout = 300000ms (custom)
2021-10-16 01:05:34,255 [pool-188-thread-1] INFO  server.RaftServerConfigKeys (ConfUtils.java:logGet(44)) - raft.server.log.use.memory = false (default)
2021-10-16 01:05:34,255 [pool-188-thread-1] INFO  server.RaftServerConfigKeys (ConfUtils.java:logGet(44)) - raft.server.log.purge.gap = 1000000 (custom)
2021-10-16 01:05:34,255 [pool-188-thread-1] INFO  server.RaftServerConfigKeys (ConfUtils.java:logGet(44)) - raft.server.log.appender.buffer.byte-limit = 33554432 (custom)
2021-10-16 01:05:34,256 [pool-188-thread-1] INFO  server.RaftServerConfigKeys (ConfUtils.java:logGet(44)) - raft.server.log.segment.size.max = 1048576 (custom)
2021-10-16 01:05:34,256 [pool-188-thread-1] INFO  server.RaftServerConfigKeys (ConfUtils.java:logGet(44)) - raft.server.log.segment.cache.num.max = 2 (custom)
2021-10-16 01:05:34,256 [pool-188-thread-1] INFO  server.RaftServerConfigKeys (ConfUtils.java:logGet(44)) - raft.server.log.segment.cache.size.max = 200MB (=209715200) (default)
2021-10-16 01:05:34,257 [pool-188-thread-1] INFO  segmented.SegmentedRaftLogWorker (SegmentedRaftLogWorker.java:<init>(182)) - new 9d98ef2f-7287-42aa-8af9-fb3cbb1a6029@group-DEADDDAC7247-SegmentedRaftLogWorker for RaftStorageImpl:Storage Directory /home/runner/work/ozone/ozone/hadoop-ozone/integration-test/target/test-dir/MiniOzoneClusterImpl-248ee1f4-0f5c-4e53-af87-c176a130d444/datanode-7/data/ratis/7aceb534-8a41-47d1-9dd5-deadddac7247
2021-10-16 01:05:34,257 [pool-188-thread-1] INFO  server.RaftServerConfigKeys (ConfUtils.java:logGet(44)) - raft.server.log.queue.byte-limit = 2147483647 (custom)
2021-10-16 01:05:34,257 [pool-188-thread-1] INFO  server.RaftServerConfigKeys (ConfUtils.java:logGet(44)) - raft.server.log.queue.element-limit = 1024 (custom)
2021-10-16 01:05:34,257 [pool-188-thread-1] INFO  server.RaftServerConfigKeys (ConfUtils.java:logGet(44)) - raft.server.log.segment.size.max = 1048576 (custom)
2021-10-16 01:05:34,257 [pool-188-thread-1] INFO  server.RaftServerConfigKeys (ConfUtils.java:logGet(44)) - raft.server.log.preallocated.size = 16384 (custom)
2021-10-16 01:05:34,257 [pool-188-thread-1] INFO  server.RaftServerConfigKeys (ConfUtils.java:logGet(44)) - raft.server.log.force.sync.num = 128 (default)
2021-10-16 01:05:34,257 [pool-188-thread-1] INFO  server.RaftServerConfigKeys (ConfUtils.java:logGet(44)) - raft.server.log.statemachine.data.sync = true (default)
2021-10-16 01:05:34,257 [pool-188-thread-1] INFO  server.RaftServerConfigKeys (ConfUtils.java:logGet(44)) - raft.server.log.statemachine.data.sync.timeout = 10s (default)
2021-10-16 01:05:34,258 [pool-188-thread-1] INFO  server.RaftServerConfigKeys (ConfUtils.java:logGet(44)) - raft.server.log.statemachine.data.sync.timeout.retry = -1 (default)
2021-10-16 01:05:34,259 [pool-188-thread-1] INFO  server.RaftServerConfigKeys (ConfUtils.java:logGet(44)) - raft.server.log.write.buffer.size = 1048576 (custom)
2021-10-16 01:05:34,260 [pool-188-thread-1] INFO  server.RaftServerConfigKeys (ConfUtils.java:logGet(44)) - raft.server.log.statemachine.data.caching.enabled = true (custom)
2021-10-16 01:05:34,260 [pool-188-thread-1] INFO  segmented.SegmentedRaftLogWorker (SegmentedRaftLogWorker.java:lambda$new$0(133)) - 9d98ef2f-7287-42aa-8af9-fb3cbb1a6029@group-DEADDDAC7247-SegmentedRaftLogWorker: flushIndex: setUnconditionally 0 -> -1
2021-10-16 01:05:34,260 [pool-188-thread-1] INFO  segmented.SegmentedRaftLogWorker (SegmentedRaftLogWorker.java:lambda$new$0(133)) - 9d98ef2f-7287-42aa-8af9-fb3cbb1a6029@group-DEADDDAC7247-SegmentedRaftLogWorker: safeCacheEvictIndex: setUnconditionally 0 -> -1
2021-10-16 01:05:34,260 [pool-188-thread-1] INFO  server.RaftServerConfigKeys (ConfUtils.java:logGet(44)) - raft.server.snapshot.auto.trigger.enabled = true (custom)
2021-10-16 01:05:34,261 [pool-188-thread-1] INFO  server.RaftServerConfigKeys (ConfUtils.java:logGet(44)) - raft.server.snapshot.auto.trigger.threshold = 1 (custom)
2021-10-16 01:05:34,261 [pool-188-thread-1] INFO  server.RaftServerConfigKeys (ConfUtils.java:logGet(44)) - raft.server.snapshot.retention.file.num = 5 (custom)
2021-10-16 01:05:34,261 [pool-188-thread-1] INFO  server.RaftServerConfigKeys (ConfUtils.java:logGet(44)) - raft.server.log.purge.upto.snapshot.index = false (default)
2021-10-16 01:05:34,261 [pool-188-thread-1] INFO  server.RaftServerConfigKeys (ConfUtils.java:logGet(44)) - raft.server.retrycache.expirytime = 600000ms (custom)
2021-10-16 01:05:34,261 [pool-188-thread-1] INFO  server.RaftServerConfigKeys (ConfUtils.java:logGet(44)) - raft.server.retrycache.statistics.expirytime = 100μs (default)
2021-10-16 01:05:34,262 [pool-188-thread-1] INFO  server.RaftServer$Division (RaftServerImpl.java:start(296)) - 9d98ef2f-7287-42aa-8af9-fb3cbb1a6029@group-DEADDDAC7247: start as a follower, conf=-1: [9d98ef2f-7287-42aa-8af9-fb3cbb1a6029|rpc:10.1.0.55:32879|priority:1], old=null
2021-10-16 01:05:34,262 [pool-188-thread-1] INFO  server.RaftServer$Division (RaftServerImpl.java:setRole(285)) - 9d98ef2f-7287-42aa-8af9-fb3cbb1a6029@group-DEADDDAC7247: changes role from      null to FOLLOWER at term 0 for startAsFollower
2021-10-16 01:05:34,262 [pool-188-thread-1] INFO  impl.RoleInfo (RoleInfo.java:updateAndGet(130)) - 9d98ef2f-7287-42aa-8af9-fb3cbb1a6029: start 9d98ef2f-7287-42aa-8af9-fb3cbb1a6029@group-DEADDDAC7247-FollowerState
2021-10-16 01:05:34,264 [pool-188-thread-1] INFO  util.JmxRegister (JmxRegister.java:tryRegister(44)) - Successfully registered JMX Bean with object name Ratis:service=RaftServer,group=group-DEADDDAC7247,id=9d98ef2f-7287-42aa-8af9-fb3cbb1a6029
2021-10-16 01:05:34,265 [Command processor thread] INFO  ratis.XceiverServerRatis (XceiverServerRatis.java:addGroup(768)) - Created group PipelineID=7aceb534-8a41-47d1-9dd5-deadddac7247
2021-10-16 01:05:34,265 [Command processor thread] INFO  commandhandler.CreatePipelineCommandHandler (CreatePipelineCommandHandler.java:handle(106)) - Created Pipeline RATIS ONE PipelineID=7aceb534-8a41-47d1-9dd5-deadddac7247.
2021-10-16 01:05:34,289 [EventQueue-OpenPipelineForHealthyPipelineSafeModeRule] INFO  safemode.SCMSafeModeManager (HealthyPipelineSafeModeRule.java:process(124)) - SCM in safe mode. Healthy pipelines reported count is 0, required healthy pipeline reported count is 1
2021-10-16 01:05:34,397 [EventQueue-OpenPipelineForHealthyPipelineSafeModeRule] INFO  safemode.SCMSafeModeManager (HealthyPipelineSafeModeRule.java:process(124)) - SCM in safe mode. Healthy pipelines reported count is 0, required healthy pipeline reported count is 1
2021-10-16 01:05:34,397 [EventQueue-OpenPipelineForHealthyPipelineSafeModeRule] INFO  safemode.SCMSafeModeManager (HealthyPipelineSafeModeRule.java:process(124)) - SCM in safe mode. Healthy pipelines reported count is 0, required healthy pipeline reported count is 1
2021-10-16 01:05:34,452 [EventQueue-OpenPipelineForHealthyPipelineSafeModeRule] INFO  safemode.SCMSafeModeManager (HealthyPipelineSafeModeRule.java:process(124)) - SCM in safe mode. Healthy pipelines reported count is 0, required healthy pipeline reported count is 1
2021-10-16 01:05:34,493 [Command processor thread] INFO  server.RaftServer (RaftServerProxy.java:addNew(95)) - fd6a0f59-fdeb-49bf-a199-f6a05cd3e8d0: addNew group-6C669B14B405:[fd6a0f59-fdeb-49bf-a199-f6a05cd3e8d0|rpc:10.1.0.55:39899|priority:1] returns group-6C669B14B405:java.util.concurrent.CompletableFuture@2ac8a501[Not completed]
2021-10-16 01:05:34,494 [pool-207-thread-1] INFO  server.RaftServer$Division (RaftServerImpl.java:<init>(181)) - fd6a0f59-fdeb-49bf-a199-f6a05cd3e8d0: new RaftServerImpl for group-6C669B14B405:[fd6a0f59-fdeb-49bf-a199-f6a05cd3e8d0|rpc:10.1.0.55:39899|priority:1] with ContainerStateMachine:uninitialized
2021-10-16 01:05:34,494 [pool-207-thread-1] INFO  server.RaftServerConfigKeys (ConfUtils.java:logGet(44)) - raft.server.rpc.timeout.min = 5s (custom)
2021-10-16 01:05:34,494 [pool-207-thread-1] INFO  server.RaftServerConfigKeys (ConfUtils.java:logGet(44)) - raft.server.rpc.timeout.max = 5200ms (custom)
2021-10-16 01:05:34,494 [pool-207-thread-1] INFO  server.RaftServerConfigKeys (ConfUtils.java:logGet(44)) - raft.server.rpc.sleep.time = 25ms (default)
2021-10-16 01:05:34,494 [pool-207-thread-1] INFO  server.RaftServerConfigKeys (ConfUtils.java:logGet(44)) - raft.server.rpc.slowness.timeout = 300000ms (custom)
2021-10-16 01:05:34,494 [pool-207-thread-1] INFO  server.RaftServerConfigKeys (ConfUtils.java:logGet(44)) - raft.server.leaderelection.leader.step-down.wait-time = 10s (default)
2021-10-16 01:05:34,494 [pool-207-thread-1] INFO  server.RaftServerConfigKeys (ConfUtils.java:logGet(44)) - raft.server.sleep.deviation.threshold = 300ms (default)
2021-10-16 01:05:34,494 [pool-207-thread-1] INFO  server.RaftServerConfigKeys (ConfUtils.java:logGet(44)) - raft.server.log.appender.install.snapshot.enabled = false (custom)
2021-10-16 01:05:34,495 [pool-207-thread-1] INFO  server.RaftServer$Division (ServerState.java:<init>(105)) - fd6a0f59-fdeb-49bf-a199-f6a05cd3e8d0@group-6C669B14B405: ConfigurationManager, init=-1: [fd6a0f59-fdeb-49bf-a199-f6a05cd3e8d0|rpc:10.1.0.55:39899|priority:1], old=null, confs=<EMPTY_MAP>
2021-10-16 01:05:34,495 [pool-207-thread-1] INFO  server.RaftServerConfigKeys (ConfUtils.java:logGet(44)) - raft.server.storage.dir = [/home/runner/work/ozone/ozone/hadoop-ozone/integration-test/target/test-dir/MiniOzoneClusterImpl-248ee1f4-0f5c-4e53-af87-c176a130d444/datanode-8/data/ratis] (custom)
2021-10-16 01:05:34,495 [pool-207-thread-1] INFO  server.RaftServerConfigKeys (ConfUtils.java:logGet(44)) - raft.server.log.corruption.policy = EXCEPTION (default)
2021-10-16 01:05:34,495 [pool-207-thread-1] INFO  server.RaftServerConfigKeys (ConfUtils.java:logGet(44)) - raft.server.storage.free-space.min = 0MB (=0) (default)
2021-10-16 01:05:34,495 [pool-207-thread-1] INFO  storage.RaftStorageDirectory (RaftStorageDirectoryImpl.java:analyzeStorage(135)) - The storage directory /home/runner/work/ozone/ozone/hadoop-ozone/integration-test/target/test-dir/MiniOzoneClusterImpl-248ee1f4-0f5c-4e53-af87-c176a130d444/datanode-8/data/ratis/d8b7a462-d376-4f6e-a80c-6c669b14b405 does not exist. Creating ...
2021-10-16 01:05:34,497 [pool-207-thread-1] INFO  storage.RaftStorageDirectory (RaftStorageDirectoryImpl.java:tryLock(230)) - Lock on /home/runner/work/ozone/ozone/hadoop-ozone/integration-test/target/test-dir/MiniOzoneClusterImpl-248ee1f4-0f5c-4e53-af87-c176a130d444/datanode-8/data/ratis/d8b7a462-d376-4f6e-a80c-6c669b14b405/in_use.lock acquired by nodename 12906@fv-az270-581
2021-10-16 01:05:34,498 [EventQueue-OpenPipelineForHealthyPipelineSafeModeRule] INFO  safemode.SCMSafeModeManager (HealthyPipelineSafeModeRule.java:process(124)) - SCM in safe mode. Healthy pipelines reported count is 0, required healthy pipeline reported count is 1
2021-10-16 01:05:34,499 [pool-207-thread-1] INFO  storage.RaftStorage (RaftStorageImpl.java:format(89)) - Storage directory /home/runner/work/ozone/ozone/hadoop-ozone/integration-test/target/test-dir/MiniOzoneClusterImpl-248ee1f4-0f5c-4e53-af87-c176a130d444/datanode-8/data/ratis/d8b7a462-d376-4f6e-a80c-6c669b14b405 has been successfully formatted.
2021-10-16 01:05:34,500 [Datanode State Machine Thread - 0] WARN  statemachine.StateContext (StateContext.java:execute(621)) - No available thread in pool for past 0 seconds.
2021-10-16 01:05:34,500 [pool-207-thread-1] INFO  ratis.ContainerStateMachine (ContainerStateMachine.java:loadSnapshot(224)) - group-6C669B14B405: The snapshot info is null. Setting the last applied indexto:(t:0, i:~)
2021-10-16 01:05:34,501 [EventQueue-PipelineReportForPipelineReportHandler] INFO  pipeline.PipelineManagerImpl (PipelineManagerImpl.java:openPipeline(282)) - Pipeline Pipeline[ Id: d8b7a462-d376-4f6e-a80c-6c669b14b405, Nodes: fd6a0f59-fdeb-49bf-a199-f6a05cd3e8d0{ip: 10.1.0.55, host: fv-az270-581.tacnzluakwdehk1hpragurqkma.bx.internal.cloudapp.net, ports: [REPLICATION=32823, RATIS=39899, RATIS_ADMIN=39899, RATIS_SERVER=39899, STANDALONE=40243], networkLocation: /default-rack, certSerialId: null, persistedOpState: IN_SERVICE, persistedOpStateExpiryEpochSec: 0}, ReplicationConfig: RATIS/ONE, State:ALLOCATED, leaderId:fd6a0f59-fdeb-49bf-a199-f6a05cd3e8d0, CreationTimestamp2021-10-16T01:05:31.499Z[Etc/UTC]] moved to OPEN state
2021-10-16 01:05:34,503 [EventQueue-OpenPipelineForHealthyPipelineSafeModeRule] INFO  safemode.SCMSafeModeManager (HealthyPipelineSafeModeRule.java:process(124)) - SCM in safe mode. Healthy pipelines reported count is 0, required healthy pipeline reported count is 1
2021-10-16 01:05:34,503 [EventQueue-OpenPipelineForHealthyPipelineSafeModeRule] INFO  safemode.SCMSafeModeManager (HealthyPipelineSafeModeRule.java:process(124)) - SCM in safe mode. Healthy pipelines reported count is 0, required healthy pipeline reported count is 1
2021-10-16 01:05:34,503 [pool-207-thread-1] INFO  server.RaftServerConfigKeys (ConfUtils.java:logGet(44)) - raft.server.notification.no-leader.timeout = 300000ms (custom)
2021-10-16 01:05:34,508 [pool-207-thread-1] INFO  server.RaftServerConfigKeys (ConfUtils.java:logGet(44)) - raft.server.log.use.memory = false (default)
2021-10-16 01:05:34,508 [pool-207-thread-1] INFO  server.RaftServerConfigKeys (ConfUtils.java:logGet(44)) - raft.server.log.purge.gap = 1000000 (custom)
2021-10-16 01:05:34,508 [pool-207-thread-1] INFO  server.RaftServerConfigKeys (ConfUtils.java:logGet(44)) - raft.server.log.appender.buffer.byte-limit = 33554432 (custom)
2021-10-16 01:05:34,509 [pool-207-thread-1] INFO  server.RaftServerConfigKeys (ConfUtils.java:logGet(44)) - raft.server.log.segment.size.max = 1048576 (custom)
2021-10-16 01:05:34,509 [pool-207-thread-1] INFO  server.RaftServerConfigKeys (ConfUtils.java:logGet(44)) - raft.server.log.segment.cache.num.max = 2 (custom)
2021-10-16 01:05:34,509 [pool-207-thread-1] INFO  server.RaftServerConfigKeys (ConfUtils.java:logGet(44)) - raft.server.log.segment.cache.size.max = 200MB (=209715200) (default)
2021-10-16 01:05:34,510 [pool-207-thread-1] INFO  segmented.SegmentedRaftLogWorker (SegmentedRaftLogWorker.java:<init>(182)) - new fd6a0f59-fdeb-49bf-a199-f6a05cd3e8d0@group-6C669B14B405-SegmentedRaftLogWorker for RaftStorageImpl:Storage Directory /home/runner/work/ozone/ozone/hadoop-ozone/integration-test/target/test-dir/MiniOzoneClusterImpl-248ee1f4-0f5c-4e53-af87-c176a130d444/datanode-8/data/ratis/d8b7a462-d376-4f6e-a80c-6c669b14b405
2021-10-16 01:05:34,510 [pool-207-thread-1] INFO  server.RaftServerConfigKeys (ConfUtils.java:logGet(44)) - raft.server.log.queue.byte-limit = 2147483647 (custom)
2021-10-16 01:05:34,510 [pool-207-thread-1] INFO  server.RaftServerConfigKeys (ConfUtils.java:logGet(44)) - raft.server.log.queue.element-limit = 1024 (custom)
2021-10-16 01:05:34,510 [pool-207-thread-1] INFO  server.RaftServerConfigKeys (ConfUtils.java:logGet(44)) - raft.server.log.segment.size.max = 1048576 (custom)
2021-10-16 01:05:34,510 [pool-207-thread-1] INFO  server.RaftServerConfigKeys (ConfUtils.java:logGet(44)) - raft.server.log.preallocated.size = 16384 (custom)
2021-10-16 01:05:34,510 [pool-207-thread-1] INFO  server.RaftServerConfigKeys (ConfUtils.java:logGet(44)) - raft.server.log.force.sync.num = 128 (default)
2021-10-16 01:05:34,510 [pool-207-thread-1] INFO  server.RaftServerConfigKeys (ConfUtils.java:logGet(44)) - raft.server.log.statemachine.data.sync = true (default)
2021-10-16 01:05:34,510 [pool-207-thread-1] INFO  server.RaftServerConfigKeys (ConfUtils.java:logGet(44)) - raft.server.log.statemachine.data.sync.timeout = 10s (default)
2021-10-16 01:05:34,511 [pool-207-thread-1] INFO  server.RaftServerConfigKeys (ConfUtils.java:logGet(44)) - raft.server.log.statemachine.data.sync.timeout.retry = -1 (default)
2021-10-16 01:05:34,512 [pool-207-thread-1] INFO  server.RaftServerConfigKeys (ConfUtils.java:logGet(44)) - raft.server.log.write.buffer.size = 1048576 (custom)
2021-10-16 01:05:34,513 [pool-207-thread-1] INFO  server.RaftServerConfigKeys (ConfUtils.java:logGet(44)) - raft.server.log.statemachine.data.caching.enabled = true (custom)
2021-10-16 01:05:34,513 [pool-207-thread-1] INFO  segmented.SegmentedRaftLogWorker (SegmentedRaftLogWorker.java:lambda$new$0(133)) - fd6a0f59-fdeb-49bf-a199-f6a05cd3e8d0@group-6C669B14B405-SegmentedRaftLogWorker: flushIndex: setUnconditionally 0 -> -1
2021-10-16 01:05:34,513 [pool-207-thread-1] INFO  segmented.SegmentedRaftLogWorker (SegmentedRaftLogWorker.java:lambda$new$0(133)) - fd6a0f59-fdeb-49bf-a199-f6a05cd3e8d0@group-6C669B14B405-SegmentedRaftLogWorker: safeCacheEvictIndex: setUnconditionally 0 -> -1
2021-10-16 01:05:34,513 [pool-207-thread-1] INFO  server.RaftServerConfigKeys (ConfUtils.java:logGet(44)) - raft.server.snapshot.auto.trigger.enabled = true (custom)
2021-10-16 01:05:34,514 [pool-207-thread-1] INFO  server.RaftServerConfigKeys (ConfUtils.java:logGet(44)) - raft.server.snapshot.auto.trigger.threshold = 1 (custom)
2021-10-16 01:05:34,514 [pool-207-thread-1] INFO  server.RaftServerConfigKeys (ConfUtils.java:logGet(44)) - raft.server.snapshot.retention.file.num = 5 (custom)
2021-10-16 01:05:34,514 [pool-207-thread-1] INFO  server.RaftServerConfigKeys (ConfUtils.java:logGet(44)) - raft.server.log.purge.upto.snapshot.index = false (default)
2021-10-16 01:05:34,514 [pool-207-thread-1] INFO  server.RaftServerConfigKeys (ConfUtils.java:logGet(44)) - raft.server.retrycache.expirytime = 600000ms (custom)
2021-10-16 01:05:34,514 [pool-207-thread-1] INFO  server.RaftServerConfigKeys (ConfUtils.java:logGet(44)) - raft.server.retrycache.statistics.expirytime = 100μs (default)
2021-10-16 01:05:34,515 [pool-207-thread-1] INFO  server.RaftServer$Division (RaftServerImpl.java:start(296)) - fd6a0f59-fdeb-49bf-a199-f6a05cd3e8d0@group-6C669B14B405: start as a follower, conf=-1: [fd6a0f59-fdeb-49bf-a199-f6a05cd3e8d0|rpc:10.1.0.55:39899|priority:1], old=null
2021-10-16 01:05:34,515 [pool-207-thread-1] INFO  server.RaftServer$Division (RaftServerImpl.java:setRole(285)) - fd6a0f59-fdeb-49bf-a199-f6a05cd3e8d0@group-6C669B14B405: changes role from      null to FOLLOWER at term 0 for startAsFollower
2021-10-16 01:05:34,516 [pool-207-thread-1] INFO  impl.RoleInfo (RoleInfo.java:updateAndGet(130)) - fd6a0f59-fdeb-49bf-a199-f6a05cd3e8d0: start fd6a0f59-fdeb-49bf-a199-f6a05cd3e8d0@group-6C669B14B405-FollowerState
2021-10-16 01:05:34,517 [EventQueue-OpenPipelineForHealthyPipelineSafeModeRule] INFO  safemode.SCMSafeModeManager (HealthyPipelineSafeModeRule.java:process(124)) - SCM in safe mode. Healthy pipelines reported count is 0, required healthy pipeline reported count is 1
2021-10-16 01:05:34,521 [pool-207-thread-1] INFO  util.JmxRegister (JmxRegister.java:tryRegister(44)) - Successfully registered JMX Bean with object name Ratis:service=RaftServer,group=group-6C669B14B405,id=fd6a0f59-fdeb-49bf-a199-f6a05cd3e8d0
2021-10-16 01:05:34,522 [Command processor thread] INFO  ratis.XceiverServerRatis (XceiverServerRatis.java:addGroup(768)) - Created group PipelineID=d8b7a462-d376-4f6e-a80c-6c669b14b405
2021-10-16 01:05:34,522 [Command processor thread] INFO  commandhandler.CreatePipelineCommandHandler (CreatePipelineCommandHandler.java:handle(106)) - Created Pipeline RATIS ONE PipelineID=d8b7a462-d376-4f6e-a80c-6c669b14b405.
2021-10-16 01:05:34,553 [EventQueue-OpenPipelineForHealthyPipelineSafeModeRule] INFO  safemode.SCMSafeModeManager (HealthyPipelineSafeModeRule.java:process(124)) - SCM in safe mode. Healthy pipelines reported count is 0, required healthy pipeline reported count is 1
2021-10-16 01:05:34,597 [EventQueue-OpenPipelineForHealthyPipelineSafeModeRule] INFO  safemode.SCMSafeModeManager (HealthyPipelineSafeModeRule.java:process(124)) - SCM in safe mode. Healthy pipelines reported count is 0, required healthy pipeline reported count is 1
2021-10-16 01:05:34,685 [EventQueue-OpenPipelineForHealthyPipelineSafeModeRule] INFO  safemode.SCMSafeModeManager (HealthyPipelineSafeModeRule.java:process(124)) - SCM in safe mode. Healthy pipelines reported count is 0, required healthy pipeline reported count is 1
2021-10-16 01:05:34,703 [EventQueue-OpenPipelineForHealthyPipelineSafeModeRule] INFO  safemode.SCMSafeModeManager (HealthyPipelineSafeModeRule.java:process(124)) - SCM in safe mode. Healthy pipelines reported count is 0, required healthy pipeline reported count is 1
2021-10-16 01:05:34,717 [EventQueue-OpenPipelineForHealthyPipelineSafeModeRule] INFO  safemode.SCMSafeModeManager (HealthyPipelineSafeModeRule.java:process(124)) - SCM in safe mode. Healthy pipelines reported count is 0, required healthy pipeline reported count is 1
2021-10-16 01:05:34,745 [Listener at 127.0.0.1/36205] INFO  ozone.MiniOzoneClusterImpl (MiniOzoneClusterImpl.java:lambda$waitForClusterToBeReady$0(235)) - Nodes are ready. Got 10 of 10 DN Heartbeats.
2021-10-16 01:05:34,745 [Listener at 127.0.0.1/36205] INFO  ozone.MiniOzoneClusterImpl (MiniOzoneClusterImpl.java:lambda$waitForClusterToBeReady$0(238)) - Waiting for cluster to exit safe mode
2021-10-16 01:05:34,745 [Listener at 127.0.0.1/36205] INFO  ozone.MiniOzoneClusterImpl (MiniOzoneClusterImpl.java:lambda$waitForClusterToBeReady$0(240)) - SCM became leader
2021-10-16 01:05:34,755 [Command processor thread] INFO  server.RaftServer (RaftServerProxy.java:addNew(95)) - c59c0270-13dd-4cb1-8237-362cd898cee9: addNew group-FB5344425CD8:[c59c0270-13dd-4cb1-8237-362cd898cee9|rpc:10.1.0.55:42851|priority:1] returns group-FB5344425CD8:java.util.concurrent.CompletableFuture@3d98423[Not completed]
2021-10-16 01:05:34,756 [pool-226-thread-1] INFO  server.RaftServer$Division (RaftServerImpl.java:<init>(181)) - c59c0270-13dd-4cb1-8237-362cd898cee9: new RaftServerImpl for group-FB5344425CD8:[c59c0270-13dd-4cb1-8237-362cd898cee9|rpc:10.1.0.55:42851|priority:1] with ContainerStateMachine:uninitialized
2021-10-16 01:05:34,757 [pool-226-thread-1] INFO  server.RaftServerConfigKeys (ConfUtils.java:logGet(44)) - raft.server.rpc.timeout.min = 5s (custom)
2021-10-16 01:05:34,757 [pool-226-thread-1] INFO  server.RaftServerConfigKeys (ConfUtils.java:logGet(44)) - raft.server.rpc.timeout.max = 5200ms (custom)
2021-10-16 01:05:34,757 [pool-226-thread-1] INFO  server.RaftServerConfigKeys (ConfUtils.java:logGet(44)) - raft.server.rpc.sleep.time = 25ms (default)
2021-10-16 01:05:34,757 [pool-226-thread-1] INFO  server.RaftServerConfigKeys (ConfUtils.java:logGet(44)) - raft.server.rpc.slowness.timeout = 300000ms (custom)
2021-10-16 01:05:34,757 [pool-226-thread-1] INFO  server.RaftServerConfigKeys (ConfUtils.java:logGet(44)) - raft.server.leaderelection.leader.step-down.wait-time = 10s (default)
2021-10-16 01:05:34,757 [pool-226-thread-1] INFO  server.RaftServerConfigKeys (ConfUtils.java:logGet(44)) - raft.server.sleep.deviation.threshold = 300ms (default)
2021-10-16 01:05:34,757 [pool-226-thread-1] INFO  server.RaftServerConfigKeys (ConfUtils.java:logGet(44)) - raft.server.log.appender.install.snapshot.enabled = false (custom)
2021-10-16 01:05:34,757 [pool-226-thread-1] INFO  server.RaftServer$Division (ServerState.java:<init>(105)) - c59c0270-13dd-4cb1-8237-362cd898cee9@group-FB5344425CD8: ConfigurationManager, init=-1: [c59c0270-13dd-4cb1-8237-362cd898cee9|rpc:10.1.0.55:42851|priority:1], old=null, confs=<EMPTY_MAP>
2021-10-16 01:05:34,758 [pool-226-thread-1] INFO  server.RaftServerConfigKeys (ConfUtils.java:logGet(44)) - raft.server.storage.dir = [/home/runner/work/ozone/ozone/hadoop-ozone/integration-test/target/test-dir/MiniOzoneClusterImpl-248ee1f4-0f5c-4e53-af87-c176a130d444/datanode-9/data/ratis] (custom)
2021-10-16 01:05:34,758 [pool-226-thread-1] INFO  server.RaftServerConfigKeys (ConfUtils.java:logGet(44)) - raft.server.log.corruption.policy = EXCEPTION (default)
2021-10-16 01:05:34,758 [pool-226-thread-1] INFO  server.RaftServerConfigKeys (ConfUtils.java:logGet(44)) - raft.server.storage.free-space.min = 0MB (=0) (default)
2021-10-16 01:05:34,758 [pool-226-thread-1] INFO  storage.RaftStorageDirectory (RaftStorageDirectoryImpl.java:analyzeStorage(135)) - The storage directory /home/runner/work/ozone/ozone/hadoop-ozone/integration-test/target/test-dir/MiniOzoneClusterImpl-248ee1f4-0f5c-4e53-af87-c176a130d444/datanode-9/data/ratis/ced4b467-1b93-4af9-81de-fb5344425cd8 does not exist. Creating ...
2021-10-16 01:05:34,762 [pool-226-thread-1] INFO  storage.RaftStorageDirectory (RaftStorageDirectoryImpl.java:tryLock(230)) - Lock on /home/runner/work/ozone/ozone/hadoop-ozone/integration-test/target/test-dir/MiniOzoneClusterImpl-248ee1f4-0f5c-4e53-af87-c176a130d444/datanode-9/data/ratis/ced4b467-1b93-4af9-81de-fb5344425cd8/in_use.lock acquired by nodename 12906@fv-az270-581
2021-10-16 01:05:34,764 [pool-226-thread-1] INFO  storage.RaftStorage (RaftStorageImpl.java:format(89)) - Storage directory /home/runner/work/ozone/ozone/hadoop-ozone/integration-test/target/test-dir/MiniOzoneClusterImpl-248ee1f4-0f5c-4e53-af87-c176a130d444/datanode-9/data/ratis/ced4b467-1b93-4af9-81de-fb5344425cd8 has been successfully formatted.
2021-10-16 01:05:34,766 [Datanode State Machine Thread - 0] WARN  statemachine.StateContext (StateContext.java:execute(621)) - No available thread in pool for past 0 seconds.
2021-10-16 01:05:34,768 [EventQueue-PipelineReportForPipelineReportHandler] INFO  pipeline.PipelineManagerImpl (PipelineManagerImpl.java:openPipeline(282)) - Pipeline Pipeline[ Id: ced4b467-1b93-4af9-81de-fb5344425cd8, Nodes: c59c0270-13dd-4cb1-8237-362cd898cee9{ip: 10.1.0.55, host: fv-az270-581.tacnzluakwdehk1hpragurqkma.bx.internal.cloudapp.net, ports: [REPLICATION=46831, RATIS=42851, RATIS_ADMIN=42851, RATIS_SERVER=42851, STANDALONE=38715], networkLocation: /default-rack, certSerialId: null, persistedOpState: IN_SERVICE, persistedOpStateExpiryEpochSec: 0}, ReplicationConfig: RATIS/ONE, State:ALLOCATED, leaderId:c59c0270-13dd-4cb1-8237-362cd898cee9, CreationTimestamp2021-10-16T01:05:31.757Z[Etc/UTC]] moved to OPEN state
2021-10-16 01:05:34,768 [pool-226-thread-1] INFO  ratis.ContainerStateMachine (ContainerStateMachine.java:loadSnapshot(224)) - group-FB5344425CD8: The snapshot info is null. Setting the last applied indexto:(t:0, i:~)
2021-10-16 01:05:34,769 [EventQueue-OpenPipelineForHealthyPipelineSafeModeRule] INFO  safemode.SCMSafeModeManager (HealthyPipelineSafeModeRule.java:process(124)) - SCM in safe mode. Healthy pipelines reported count is 0, required healthy pipeline reported count is 1
2021-10-16 01:05:34,770 [pool-226-thread-1] INFO  server.RaftServerConfigKeys (ConfUtils.java:logGet(44)) - raft.server.notification.no-leader.timeout = 300000ms (custom)
2021-10-16 01:05:34,770 [pool-226-thread-1] INFO  server.RaftServerConfigKeys (ConfUtils.java:logGet(44)) - raft.server.log.use.memory = false (default)
2021-10-16 01:05:34,770 [pool-226-thread-1] INFO  server.RaftServerConfigKeys (ConfUtils.java:logGet(44)) - raft.server.log.purge.gap = 1000000 (custom)
2021-10-16 01:05:34,771 [pool-226-thread-1] INFO  server.RaftServerConfigKeys (ConfUtils.java:logGet(44)) - raft.server.log.appender.buffer.byte-limit = 33554432 (custom)
2021-10-16 01:05:34,771 [pool-226-thread-1] INFO  server.RaftServerConfigKeys (ConfUtils.java:logGet(44)) - raft.server.log.segment.size.max = 1048576 (custom)
2021-10-16 01:05:34,772 [pool-226-thread-1] INFO  server.RaftServerConfigKeys (ConfUtils.java:logGet(44)) - raft.server.log.segment.cache.num.max = 2 (custom)
2021-10-16 01:05:34,772 [pool-226-thread-1] INFO  server.RaftServerConfigKeys (ConfUtils.java:logGet(44)) - raft.server.log.segment.cache.size.max = 200MB (=209715200) (default)
2021-10-16 01:05:34,772 [pool-226-thread-1] INFO  segmented.SegmentedRaftLogWorker (SegmentedRaftLogWorker.java:<init>(182)) - new c59c0270-13dd-4cb1-8237-362cd898cee9@group-FB5344425CD8-SegmentedRaftLogWorker for RaftStorageImpl:Storage Directory /home/runner/work/ozone/ozone/hadoop-ozone/integration-test/target/test-dir/MiniOzoneClusterImpl-248ee1f4-0f5c-4e53-af87-c176a130d444/datanode-9/data/ratis/ced4b467-1b93-4af9-81de-fb5344425cd8
2021-10-16 01:05:34,772 [pool-226-thread-1] INFO  server.RaftServerConfigKeys (ConfUtils.java:logGet(44)) - raft.server.log.queue.byte-limit = 2147483647 (custom)
2021-10-16 01:05:34,772 [pool-226-thread-1] INFO  server.RaftServerConfigKeys (ConfUtils.java:logGet(44)) - raft.server.log.queue.element-limit = 1024 (custom)
2021-10-16 01:05:34,773 [pool-226-thread-1] INFO  server.RaftServerConfigKeys (ConfUtils.java:logGet(44)) - raft.server.log.segment.size.max = 1048576 (custom)
2021-10-16 01:05:34,773 [pool-226-thread-1] INFO  server.RaftServerConfigKeys (ConfUtils.java:logGet(44)) - raft.server.log.preallocated.size = 16384 (custom)
2021-10-16 01:05:34,773 [pool-226-thread-1] INFO  server.RaftServerConfigKeys (ConfUtils.java:logGet(44)) - raft.server.log.force.sync.num = 128 (default)
2021-10-16 01:05:34,773 [pool-226-thread-1] INFO  server.RaftServerConfigKeys (ConfUtils.java:logGet(44)) - raft.server.log.statemachine.data.sync = true (default)
2021-10-16 01:05:34,773 [pool-226-thread-1] INFO  server.RaftServerConfigKeys (ConfUtils.java:logGet(44)) - raft.server.log.statemachine.data.sync.timeout = 10s (default)
2021-10-16 01:05:34,773 [pool-226-thread-1] INFO  server.RaftServerConfigKeys (ConfUtils.java:logGet(44)) - raft.server.log.statemachine.data.sync.timeout.retry = -1 (default)
2021-10-16 01:05:34,774 [pool-226-thread-1] INFO  server.RaftServerConfigKeys (ConfUtils.java:logGet(44)) - raft.server.log.write.buffer.size = 1048576 (custom)
2021-10-16 01:05:34,775 [pool-226-thread-1] INFO  server.RaftServerConfigKeys (ConfUtils.java:logGet(44)) - raft.server.log.statemachine.data.caching.enabled = true (custom)
2021-10-16 01:05:34,775 [pool-226-thread-1] INFO  segmented.SegmentedRaftLogWorker (SegmentedRaftLogWorker.java:lambda$new$0(133)) - c59c0270-13dd-4cb1-8237-362cd898cee9@group-FB5344425CD8-SegmentedRaftLogWorker: flushIndex: setUnconditionally 0 -> -1
2021-10-16 01:05:34,775 [pool-226-thread-1] INFO  segmented.SegmentedRaftLogWorker (SegmentedRaftLogWorker.java:lambda$new$0(133)) - c59c0270-13dd-4cb1-8237-362cd898cee9@group-FB5344425CD8-SegmentedRaftLogWorker: safeCacheEvictIndex: setUnconditionally 0 -> -1
2021-10-16 01:05:34,779 [pool-226-thread-1] INFO  server.RaftServerConfigKeys (ConfUtils.java:logGet(44)) - raft.server.snapshot.auto.trigger.enabled = true (custom)
2021-10-16 01:05:34,780 [pool-226-thread-1] INFO  server.RaftServerConfigKeys (ConfUtils.java:logGet(44)) - raft.server.snapshot.auto.trigger.threshold = 1 (custom)
2021-10-16 01:05:34,780 [pool-226-thread-1] INFO  server.RaftServerConfigKeys (ConfUtils.java:logGet(44)) - raft.server.snapshot.retention.file.num = 5 (custom)
2021-10-16 01:05:34,780 [pool-226-thread-1] INFO  server.RaftServerConfigKeys (ConfUtils.java:logGet(44)) - raft.server.log.purge.upto.snapshot.index = false (default)
2021-10-16 01:05:34,780 [pool-226-thread-1] INFO  server.RaftServerConfigKeys (ConfUtils.java:logGet(44)) - raft.server.retrycache.expirytime = 600000ms (custom)
2021-10-16 01:05:34,785 [pool-226-thread-1] INFO  server.RaftServerConfigKeys (ConfUtils.java:logGet(44)) - raft.server.retrycache.statistics.expirytime = 100μs (default)
2021-10-16 01:05:34,786 [pool-226-thread-1] INFO  server.RaftServer$Division (RaftServerImpl.java:start(296)) - c59c0270-13dd-4cb1-8237-362cd898cee9@group-FB5344425CD8: start as a follower, conf=-1: [c59c0270-13dd-4cb1-8237-362cd898cee9|rpc:10.1.0.55:42851|priority:1], old=null
2021-10-16 01:05:34,786 [pool-226-thread-1] INFO  server.RaftServer$Division (RaftServerImpl.java:setRole(285)) - c59c0270-13dd-4cb1-8237-362cd898cee9@group-FB5344425CD8: changes role from      null to FOLLOWER at term 0 for startAsFollower
2021-10-16 01:05:34,786 [pool-226-thread-1] INFO  impl.RoleInfo (RoleInfo.java:updateAndGet(130)) - c59c0270-13dd-4cb1-8237-362cd898cee9: start c59c0270-13dd-4cb1-8237-362cd898cee9@group-FB5344425CD8-FollowerState
2021-10-16 01:05:34,788 [pool-226-thread-1] INFO  util.JmxRegister (JmxRegister.java:tryRegister(44)) - Successfully registered JMX Bean with object name Ratis:service=RaftServer,group=group-FB5344425CD8,id=c59c0270-13dd-4cb1-8237-362cd898cee9
2021-10-16 01:05:34,790 [Command processor thread] INFO  ratis.XceiverServerRatis (XceiverServerRatis.java:addGroup(768)) - Created group PipelineID=ced4b467-1b93-4af9-81de-fb5344425cd8
2021-10-16 01:05:34,790 [Command processor thread] INFO  commandhandler.CreatePipelineCommandHandler (CreatePipelineCommandHandler.java:handle(106)) - Created Pipeline RATIS ONE PipelineID=ced4b467-1b93-4af9-81de-fb5344425cd8.
2021-10-16 01:05:34,797 [EventQueue-OpenPipelineForHealthyPipelineSafeModeRule] INFO  safemode.SCMSafeModeManager (HealthyPipelineSafeModeRule.java:process(124)) - SCM in safe mode. Healthy pipelines reported count is 0, required healthy pipeline reported count is 1
2021-10-16 01:05:34,853 [EventQueue-OpenPipelineForHealthyPipelineSafeModeRule] INFO  safemode.SCMSafeModeManager (HealthyPipelineSafeModeRule.java:process(124)) - SCM in safe mode. Healthy pipelines reported count is 0, required healthy pipeline reported count is 1
2021-10-16 01:05:34,885 [EventQueue-OpenPipelineForHealthyPipelineSafeModeRule] INFO  safemode.SCMSafeModeManager (HealthyPipelineSafeModeRule.java:process(124)) - SCM in safe mode. Healthy pipelines reported count is 0, required healthy pipeline reported count is 1
2021-10-16 01:05:34,898 [EventQueue-OpenPipelineForHealthyPipelineSafeModeRule] INFO  safemode.SCMSafeModeManager (HealthyPipelineSafeModeRule.java:process(124)) - SCM in safe mode. Healthy pipelines reported count is 0, required healthy pipeline reported count is 1
2021-10-16 01:05:34,902 [EventQueue-OpenPipelineForHealthyPipelineSafeModeRule] INFO  safemode.SCMSafeModeManager (HealthyPipelineSafeModeRule.java:process(124)) - SCM in safe mode. Healthy pipelines reported count is 0, required healthy pipeline reported count is 1
2021-10-16 01:05:34,953 [EventQueue-OpenPipelineForHealthyPipelineSafeModeRule] INFO  safemode.SCMSafeModeManager (HealthyPipelineSafeModeRule.java:process(124)) - SCM in safe mode. Healthy pipelines reported count is 0, required healthy pipeline reported count is 1
2021-10-16 01:05:34,968 [EventQueue-OpenPipelineForHealthyPipelineSafeModeRule] INFO  safemode.SCMSafeModeManager (HealthyPipelineSafeModeRule.java:process(124)) - SCM in safe mode. Healthy pipelines reported count is 0, required healthy pipeline reported count is 1
2021-10-16 01:05:34,996 [EventQueue-OpenPipelineForHealthyPipelineSafeModeRule] INFO  safemode.SCMSafeModeManager (HealthyPipelineSafeModeRule.java:process(124)) - SCM in safe mode. Healthy pipelines reported count is 0, required healthy pipeline reported count is 1
2021-10-16 01:05:34,997 [EventQueue-OpenPipelineForHealthyPipelineSafeModeRule] INFO  safemode.SCMSafeModeManager (HealthyPipelineSafeModeRule.java:process(124)) - SCM in safe mode. Healthy pipelines reported count is 0, required healthy pipeline reported count is 1
2021-10-16 01:05:35,052 [EventQueue-OpenPipelineForHealthyPipelineSafeModeRule] INFO  safemode.SCMSafeModeManager (HealthyPipelineSafeModeRule.java:process(124)) - SCM in safe mode. Healthy pipelines reported count is 0, required healthy pipeline reported count is 1
2021-10-16 01:05:35,086 [EventQueue-OpenPipelineForHealthyPipelineSafeModeRule] INFO  safemode.SCMSafeModeManager (HealthyPipelineSafeModeRule.java:process(124)) - SCM in safe mode. Healthy pipelines reported count is 0, required healthy pipeline reported count is 1
2021-10-16 01:05:35,098 [EventQueue-OpenPipelineForHealthyPipelineSafeModeRule] INFO  safemode.SCMSafeModeManager (HealthyPipelineSafeModeRule.java:process(124)) - SCM in safe mode. Healthy pipelines reported count is 0, required healthy pipeline reported count is 1
2021-10-16 01:05:35,102 [EventQueue-OpenPipelineForHealthyPipelineSafeModeRule] INFO  safemode.SCMSafeModeManager (HealthyPipelineSafeModeRule.java:process(124)) - SCM in safe mode. Healthy pipelines reported count is 0, required healthy pipeline reported count is 1
2021-10-16 01:05:35,103 [EventQueue-OpenPipelineForHealthyPipelineSafeModeRule] INFO  safemode.SCMSafeModeManager (HealthyPipelineSafeModeRule.java:process(124)) - SCM in safe mode. Healthy pipelines reported count is 0, required healthy pipeline reported count is 1
2021-10-16 01:05:35,119 [EventQueue-OpenPipelineForHealthyPipelineSafeModeRule] INFO  safemode.SCMSafeModeManager (HealthyPipelineSafeModeRule.java:process(124)) - SCM in safe mode. Healthy pipelines reported count is 0, required healthy pipeline reported count is 1
2021-10-16 01:05:35,153 [EventQueue-OpenPipelineForHealthyPipelineSafeModeRule] INFO  safemode.SCMSafeModeManager (HealthyPipelineSafeModeRule.java:process(124)) - SCM in safe mode. Healthy pipelines reported count is 0, required healthy pipeline reported count is 1
2021-10-16 01:05:35,168 [EventQueue-OpenPipelineForHealthyPipelineSafeModeRule] INFO  safemode.SCMSafeModeManager (HealthyPipelineSafeModeRule.java:process(124)) - SCM in safe mode. Healthy pipelines reported count is 0, required healthy pipeline reported count is 1
2021-10-16 01:05:35,298 [EventQueue-OpenPipelineForHealthyPipelineSafeModeRule] INFO  safemode.SCMSafeModeManager (HealthyPipelineSafeModeRule.java:process(124)) - SCM in safe mode. Healthy pipelines reported count is 0, required healthy pipeline reported count is 1
2021-10-16 01:05:35,303 [EventQueue-OpenPipelineForHealthyPipelineSafeModeRule] INFO  safemode.SCMSafeModeManager (HealthyPipelineSafeModeRule.java:process(124)) - SCM in safe mode. Healthy pipelines reported count is 0, required healthy pipeline reported count is 1
2021-10-16 01:05:35,317 [EventQueue-OpenPipelineForHealthyPipelineSafeModeRule] INFO  safemode.SCMSafeModeManager (HealthyPipelineSafeModeRule.java:process(124)) - SCM in safe mode. Healthy pipelines reported count is 0, required healthy pipeline reported count is 1
2021-10-16 01:05:35,354 [EventQueue-OpenPipelineForHealthyPipelineSafeModeRule] INFO  safemode.SCMSafeModeManager (HealthyPipelineSafeModeRule.java:process(124)) - SCM in safe mode. Healthy pipelines reported count is 0, required healthy pipeline reported count is 1
2021-10-16 01:05:35,368 [EventQueue-OpenPipelineForHealthyPipelineSafeModeRule] INFO  safemode.SCMSafeModeManager (HealthyPipelineSafeModeRule.java:process(124)) - SCM in safe mode. Healthy pipelines reported count is 0, required healthy pipeline reported count is 1
2021-10-16 01:05:35,396 [EventQueue-OpenPipelineForHealthyPipelineSafeModeRule] INFO  safemode.SCMSafeModeManager (HealthyPipelineSafeModeRule.java:process(124)) - SCM in safe mode. Healthy pipelines reported count is 0, required healthy pipeline reported count is 1
2021-10-16 01:05:35,397 [EventQueue-OpenPipelineForHealthyPipelineSafeModeRule] INFO  safemode.SCMSafeModeManager (HealthyPipelineSafeModeRule.java:process(124)) - SCM in safe mode. Healthy pipelines reported count is 0, required healthy pipeline reported count is 1
2021-10-16 01:05:35,452 [EventQueue-OpenPipelineForHealthyPipelineSafeModeRule] INFO  safemode.SCMSafeModeManager (HealthyPipelineSafeModeRule.java:process(124)) - SCM in safe mode. Healthy pipelines reported count is 0, required healthy pipeline reported count is 1
2021-10-16 01:05:35,485 [EventQueue-OpenPipelineForHealthyPipelineSafeModeRule] INFO  safemode.SCMSafeModeManager (HealthyPipelineSafeModeRule.java:process(124)) - SCM in safe mode. Healthy pipelines reported count is 0, required healthy pipeline reported count is 1
2021-10-16 01:05:35,501 [EventQueue-OpenPipelineForHealthyPipelineSafeModeRule] INFO  safemode.SCMSafeModeManager (HealthyPipelineSafeModeRule.java:process(124)) - SCM in safe mode. Healthy pipelines reported count is 0, required healthy pipeline reported count is 1
2021-10-16 01:05:35,596 [EventQueue-OpenPipelineForHealthyPipelineSafeModeRule] INFO  safemode.SCMSafeModeManager (HealthyPipelineSafeModeRule.java:process(124)) - SCM in safe mode. Healthy pipelines reported count is 0, required healthy pipeline reported count is 1
2021-10-16 01:05:35,596 [EventQueue-OpenPipelineForHealthyPipelineSafeModeRule] INFO  safemode.SCMSafeModeManager (HealthyPipelineSafeModeRule.java:process(124)) - SCM in safe mode. Healthy pipelines reported count is 0, required healthy pipeline reported count is 1
2021-10-16 01:05:35,652 [EventQueue-OpenPipelineForHealthyPipelineSafeModeRule] INFO  safemode.SCMSafeModeManager (HealthyPipelineSafeModeRule.java:process(124)) - SCM in safe mode. Healthy pipelines reported count is 0, required healthy pipeline reported count is 1
2021-10-16 01:05:35,698 [EventQueue-OpenPipelineForHealthyPipelineSafeModeRule] INFO  safemode.SCMSafeModeManager (HealthyPipelineSafeModeRule.java:process(124)) - SCM in safe mode. Healthy pipelines reported count is 0, required healthy pipeline reported count is 1
2021-10-16 01:05:35,701 [EventQueue-OpenPipelineForHealthyPipelineSafeModeRule] INFO  safemode.SCMSafeModeManager (HealthyPipelineSafeModeRule.java:process(124)) - SCM in safe mode. Healthy pipelines reported count is 0, required healthy pipeline reported count is 1
2021-10-16 01:05:35,704 [EventQueue-OpenPipelineForHealthyPipelineSafeModeRule] INFO  safemode.SCMSafeModeManager (HealthyPipelineSafeModeRule.java:process(124)) - SCM in safe mode. Healthy pipelines reported count is 0, required healthy pipeline reported count is 1
2021-10-16 01:05:35,718 [EventQueue-OpenPipelineForHealthyPipelineSafeModeRule] INFO  safemode.SCMSafeModeManager (HealthyPipelineSafeModeRule.java:process(124)) - SCM in safe mode. Healthy pipelines reported count is 0, required healthy pipeline reported count is 1
2021-10-16 01:05:35,745 [Listener at 127.0.0.1/36205] INFO  ozone.MiniOzoneClusterImpl (MiniOzoneClusterImpl.java:lambda$waitForClusterToBeReady$0(235)) - Nodes are ready. Got 10 of 10 DN Heartbeats.
2021-10-16 01:05:35,746 [Listener at 127.0.0.1/36205] INFO  ozone.MiniOzoneClusterImpl (MiniOzoneClusterImpl.java:lambda$waitForClusterToBeReady$0(238)) - Waiting for cluster to exit safe mode
2021-10-16 01:05:35,746 [Listener at 127.0.0.1/36205] INFO  ozone.MiniOzoneClusterImpl (MiniOzoneClusterImpl.java:lambda$waitForClusterToBeReady$0(240)) - SCM became leader
2021-10-16 01:05:35,753 [EventQueue-OpenPipelineForHealthyPipelineSafeModeRule] INFO  safemode.SCMSafeModeManager (HealthyPipelineSafeModeRule.java:process(124)) - SCM in safe mode. Healthy pipelines reported count is 0, required healthy pipeline reported count is 1
2021-10-16 01:05:35,769 [EventQueue-OpenPipelineForHealthyPipelineSafeModeRule] INFO  safemode.SCMSafeModeManager (HealthyPipelineSafeModeRule.java:process(124)) - SCM in safe mode. Healthy pipelines reported count is 0, required healthy pipeline reported count is 1
2021-10-16 01:05:35,797 [EventQueue-OpenPipelineForHealthyPipelineSafeModeRule] INFO  safemode.SCMSafeModeManager (HealthyPipelineSafeModeRule.java:process(124)) - SCM in safe mode. Healthy pipelines reported count is 0, required healthy pipeline reported count is 1
2021-10-16 01:05:35,853 [EventQueue-OpenPipelineForHealthyPipelineSafeModeRule] INFO  safemode.SCMSafeModeManager (HealthyPipelineSafeModeRule.java:process(124)) - SCM in safe mode. Healthy pipelines reported count is 0, required healthy pipeline reported count is 1
2021-10-16 01:05:35,885 [EventQueue-OpenPipelineForHealthyPipelineSafeModeRule] INFO  safemode.SCMSafeModeManager (HealthyPipelineSafeModeRule.java:process(124)) - SCM in safe mode. Healthy pipelines reported count is 0, required healthy pipeline reported count is 1
2021-10-16 01:05:35,918 [EventQueue-OpenPipelineForHealthyPipelineSafeModeRule] INFO  safemode.SCMSafeModeManager (HealthyPipelineSafeModeRule.java:process(124)) - SCM in safe mode. Healthy pipelines reported count is 0, required healthy pipeline reported count is 1
2021-10-16 01:05:35,963 [EventQueue-OpenPipelineForHealthyPipelineSafeModeRule] INFO  safemode.SCMSafeModeManager (HealthyPipelineSafeModeRule.java:process(124)) - SCM in safe mode. Healthy pipelines reported count is 0, required healthy pipeline reported count is 1
2021-10-16 01:05:35,968 [EventQueue-OpenPipelineForHealthyPipelineSafeModeRule] INFO  safemode.SCMSafeModeManager (HealthyPipelineSafeModeRule.java:process(124)) - SCM in safe mode. Healthy pipelines reported count is 0, required healthy pipeline reported count is 1
2021-10-16 01:05:35,997 [EventQueue-OpenPipelineForHealthyPipelineSafeModeRule] INFO  safemode.SCMSafeModeManager (HealthyPipelineSafeModeRule.java:process(124)) - SCM in safe mode. Healthy pipelines reported count is 0, required healthy pipeline reported count is 1
2021-10-16 01:05:36,085 [EventQueue-OpenPipelineForHealthyPipelineSafeModeRule] INFO  safemode.SCMSafeModeManager (HealthyPipelineSafeModeRule.java:process(124)) - SCM in safe mode. Healthy pipelines reported count is 0, required healthy pipeline reported count is 1
2021-10-16 01:05:36,097 [EventQueue-OpenPipelineForHealthyPipelineSafeModeRule] INFO  safemode.SCMSafeModeManager (HealthyPipelineSafeModeRule.java:process(124)) - SCM in safe mode. Healthy pipelines reported count is 0, required healthy pipeline reported count is 1
2021-10-16 01:05:36,102 [EventQueue-OpenPipelineForHealthyPipelineSafeModeRule] INFO  safemode.SCMSafeModeManager (HealthyPipelineSafeModeRule.java:process(124)) - SCM in safe mode. Healthy pipelines reported count is 0, required healthy pipeline reported count is 1
2021-10-16 01:05:36,107 [EventQueue-OpenPipelineForHealthyPipelineSafeModeRule] INFO  safemode.SCMSafeModeManager (HealthyPipelineSafeModeRule.java:process(124)) - SCM in safe mode. Healthy pipelines reported count is 0, required healthy pipeline reported count is 1
2021-10-16 01:05:36,117 [EventQueue-OpenPipelineForHealthyPipelineSafeModeRule] INFO  safemode.SCMSafeModeManager (HealthyPipelineSafeModeRule.java:process(124)) - SCM in safe mode. Healthy pipelines reported count is 0, required healthy pipeline reported count is 1
2021-10-16 01:05:36,199 [EventQueue-OpenPipelineForHealthyPipelineSafeModeRule] INFO  safemode.SCMSafeModeManager (HealthyPipelineSafeModeRule.java:process(124)) - SCM in safe mode. Healthy pipelines reported count is 0, required healthy pipeline reported count is 1
2021-10-16 01:05:36,201 [EventQueue-OpenPipelineForHealthyPipelineSafeModeRule] INFO  safemode.SCMSafeModeManager (HealthyPipelineSafeModeRule.java:process(124)) - SCM in safe mode. Healthy pipelines reported count is 0, required healthy pipeline reported count is 1
2021-10-16 01:05:36,253 [EventQueue-OpenPipelineForHealthyPipelineSafeModeRule] INFO  safemode.SCMSafeModeManager (HealthyPipelineSafeModeRule.java:process(124)) - SCM in safe mode. Healthy pipelines reported count is 0, required healthy pipeline reported count is 1
2021-10-16 01:05:36,299 [EventQueue-OpenPipelineForHealthyPipelineSafeModeRule] INFO  safemode.SCMSafeModeManager (HealthyPipelineSafeModeRule.java:process(124)) - SCM in safe mode. Healthy pipelines reported count is 0, required healthy pipeline reported count is 1
2021-10-16 01:05:36,308 [EventQueue-OpenPipelineForHealthyPipelineSafeModeRule] INFO  safemode.SCMSafeModeManager (HealthyPipelineSafeModeRule.java:process(124)) - SCM in safe mode. Healthy pipelines reported count is 0, required healthy pipeline reported count is 1
2021-10-16 01:05:36,357 [EventQueue-OpenPipelineForHealthyPipelineSafeModeRule] INFO  safemode.SCMSafeModeManager (HealthyPipelineSafeModeRule.java:process(124)) - SCM in safe mode. Healthy pipelines reported count is 0, required healthy pipeline reported count is 1
2021-10-16 01:05:36,368 [EventQueue-OpenPipelineForHealthyPipelineSafeModeRule] INFO  safemode.SCMSafeModeManager (HealthyPipelineSafeModeRule.java:process(124)) - SCM in safe mode. Healthy pipelines reported count is 0, required healthy pipeline reported count is 1
2021-10-16 01:05:36,397 [EventQueue-OpenPipelineForHealthyPipelineSafeModeRule] INFO  safemode.SCMSafeModeManager (HealthyPipelineSafeModeRule.java:process(124)) - SCM in safe mode. Healthy pipelines reported count is 0, required healthy pipeline reported count is 1
2021-10-16 01:05:36,453 [EventQueue-OpenPipelineForHealthyPipelineSafeModeRule] INFO  safemode.SCMSafeModeManager (HealthyPipelineSafeModeRule.java:process(124)) - SCM in safe mode. Healthy pipelines reported count is 0, required healthy pipeline reported count is 1
2021-10-16 01:05:36,485 [EventQueue-OpenPipelineForHealthyPipelineSafeModeRule] INFO  safemode.SCMSafeModeManager (HealthyPipelineSafeModeRule.java:process(124)) - SCM in safe mode. Healthy pipelines reported count is 0, required healthy pipeline reported count is 1
2021-10-16 01:05:36,502 [EventQueue-OpenPipelineForHealthyPipelineSafeModeRule] INFO  safemode.SCMSafeModeManager (HealthyPipelineSafeModeRule.java:process(124)) - SCM in safe mode. Healthy pipelines reported count is 0, required healthy pipeline reported count is 1
2021-10-16 01:05:36,509 [EventQueue-OpenPipelineForHealthyPipelineSafeModeRule] INFO  safemode.SCMSafeModeManager (HealthyPipelineSafeModeRule.java:process(124)) - SCM in safe mode. Healthy pipelines reported count is 0, required healthy pipeline reported count is 1
2021-10-16 01:05:36,517 [EventQueue-OpenPipelineForHealthyPipelineSafeModeRule] INFO  safemode.SCMSafeModeManager (HealthyPipelineSafeModeRule.java:process(124)) - SCM in safe mode. Healthy pipelines reported count is 0, required healthy pipeline reported count is 1
2021-10-16 01:05:36,568 [EventQueue-OpenPipelineForHealthyPipelineSafeModeRule] INFO  safemode.SCMSafeModeManager (HealthyPipelineSafeModeRule.java:process(124)) - SCM in safe mode. Healthy pipelines reported count is 0, required healthy pipeline reported count is 1
2021-10-16 01:05:36,598 [EventQueue-OpenPipelineForHealthyPipelineSafeModeRule] INFO  safemode.SCMSafeModeManager (HealthyPipelineSafeModeRule.java:process(124)) - SCM in safe mode. Healthy pipelines reported count is 0, required healthy pipeline reported count is 1
2021-10-16 01:05:36,654 [EventQueue-OpenPipelineForHealthyPipelineSafeModeRule] INFO  safemode.SCMSafeModeManager (HealthyPipelineSafeModeRule.java:process(124)) - SCM in safe mode. Healthy pipelines reported count is 0, required healthy pipeline reported count is 1
2021-10-16 01:05:36,685 [EventQueue-OpenPipelineForHealthyPipelineSafeModeRule] INFO  safemode.SCMSafeModeManager (HealthyPipelineSafeModeRule.java:process(124)) - SCM in safe mode. Healthy pipelines reported count is 0, required healthy pipeline reported count is 1
2021-10-16 01:05:36,701 [EventQueue-OpenPipelineForHealthyPipelineSafeModeRule] INFO  safemode.SCMSafeModeManager (HealthyPipelineSafeModeRule.java:process(124)) - SCM in safe mode. Healthy pipelines reported count is 0, required healthy pipeline reported count is 1
2021-10-16 01:05:36,709 [EventQueue-OpenPipelineForHealthyPipelineSafeModeRule] INFO  safemode.SCMSafeModeManager (HealthyPipelineSafeModeRule.java:process(124)) - SCM in safe mode. Healthy pipelines reported count is 0, required healthy pipeline reported count is 1
2021-10-16 01:05:36,717 [EventQueue-OpenPipelineForHealthyPipelineSafeModeRule] INFO  safemode.SCMSafeModeManager (HealthyPipelineSafeModeRule.java:process(124)) - SCM in safe mode. Healthy pipelines reported count is 0, required healthy pipeline reported count is 1
2021-10-16 01:05:36,746 [Listener at 127.0.0.1/36205] INFO  ozone.MiniOzoneClusterImpl (MiniOzoneClusterImpl.java:lambda$waitForClusterToBeReady$0(235)) - Nodes are ready. Got 10 of 10 DN Heartbeats.
2021-10-16 01:05:36,746 [Listener at 127.0.0.1/36205] INFO  ozone.MiniOzoneClusterImpl (MiniOzoneClusterImpl.java:lambda$waitForClusterToBeReady$0(238)) - Waiting for cluster to exit safe mode
2021-10-16 01:05:36,747 [Listener at 127.0.0.1/36205] INFO  ozone.MiniOzoneClusterImpl (MiniOzoneClusterImpl.java:lambda$waitForClusterToBeReady$0(240)) - SCM became leader
2021-10-16 01:05:36,757 [EventQueue-OpenPipelineForHealthyPipelineSafeModeRule] INFO  safemode.SCMSafeModeManager (HealthyPipelineSafeModeRule.java:process(124)) - SCM in safe mode. Healthy pipelines reported count is 0, required healthy pipeline reported count is 1
2021-10-16 01:05:36,768 [EventQueue-OpenPipelineForHealthyPipelineSafeModeRule] INFO  safemode.SCMSafeModeManager (HealthyPipelineSafeModeRule.java:process(124)) - SCM in safe mode. Healthy pipelines reported count is 0, required healthy pipeline reported count is 1
2021-10-16 01:05:36,798 [EventQueue-OpenPipelineForHealthyPipelineSafeModeRule] INFO  safemode.SCMSafeModeManager (HealthyPipelineSafeModeRule.java:process(124)) - SCM in safe mode. Healthy pipelines reported count is 0, required healthy pipeline reported count is 1
2021-10-16 01:05:36,853 [EventQueue-OpenPipelineForHealthyPipelineSafeModeRule] INFO  safemode.SCMSafeModeManager (HealthyPipelineSafeModeRule.java:process(124)) - SCM in safe mode. Healthy pipelines reported count is 0, required healthy pipeline reported count is 1
2021-10-16 01:05:36,886 [EventQueue-OpenPipelineForHealthyPipelineSafeModeRule] INFO  safemode.SCMSafeModeManager (HealthyPipelineSafeModeRule.java:process(124)) - SCM in safe mode. Healthy pipelines reported count is 0, required healthy pipeline reported count is 1
2021-10-16 01:05:36,902 [EventQueue-OpenPipelineForHealthyPipelineSafeModeRule] INFO  safemode.SCMSafeModeManager (HealthyPipelineSafeModeRule.java:process(124)) - SCM in safe mode. Healthy pipelines reported count is 0, required healthy pipeline reported count is 1
2021-10-16 01:05:36,910 [EventQueue-OpenPipelineForHealthyPipelineSafeModeRule] INFO  safemode.SCMSafeModeManager (HealthyPipelineSafeModeRule.java:process(124)) - SCM in safe mode. Healthy pipelines reported count is 0, required healthy pipeline reported count is 1
2021-10-16 01:05:36,918 [EventQueue-OpenPipelineForHealthyPipelineSafeModeRule] INFO  safemode.SCMSafeModeManager (HealthyPipelineSafeModeRule.java:process(124)) - SCM in safe mode. Healthy pipelines reported count is 0, required healthy pipeline reported count is 1
2021-10-16 01:05:36,959 [EventQueue-OpenPipelineForHealthyPipelineSafeModeRule] INFO  safemode.SCMSafeModeManager (HealthyPipelineSafeModeRule.java:process(124)) - SCM in safe mode. Healthy pipelines reported count is 0, required healthy pipeline reported count is 1
2021-10-16 01:05:36,998 [b875dbc0-fa4a-4375-91ba-3cc15c85989b@group-CBBE09C61417-FollowerState] INFO  impl.FollowerState (FollowerState.java:run(134)) - b875dbc0-fa4a-4375-91ba-3cc15c85989b@group-CBBE09C61417-FollowerState: change to CANDIDATE, lastRpcElapsedTime:5022292180ns, electionTimeout:5015ms
2021-10-16 01:05:36,999 [b875dbc0-fa4a-4375-91ba-3cc15c85989b@group-CBBE09C61417-FollowerState] INFO  impl.RoleInfo (RoleInfo.java:shutdownFollowerState(108)) - b875dbc0-fa4a-4375-91ba-3cc15c85989b: shutdown b875dbc0-fa4a-4375-91ba-3cc15c85989b@group-CBBE09C61417-FollowerState
2021-10-16 01:05:36,999 [EventQueue-OpenPipelineForHealthyPipelineSafeModeRule] INFO  safemode.SCMSafeModeManager (HealthyPipelineSafeModeRule.java:process(124)) - SCM in safe mode. Healthy pipelines reported count is 0, required healthy pipeline reported count is 1
2021-10-16 01:05:36,999 [b875dbc0-fa4a-4375-91ba-3cc15c85989b@group-CBBE09C61417-FollowerState] INFO  server.RaftServer$Division (RaftServerImpl.java:setRole(285)) - b875dbc0-fa4a-4375-91ba-3cc15c85989b@group-CBBE09C61417: changes role from  FOLLOWER to CANDIDATE at term 0 for changeToCandidate
2021-10-16 01:05:36,999 [EventQueue-OpenPipelineForHealthyPipelineSafeModeRule] INFO  safemode.SCMSafeModeManager (HealthyPipelineSafeModeRule.java:process(124)) - SCM in safe mode. Healthy pipelines reported count is 0, required healthy pipeline reported count is 1
2021-10-16 01:05:37,000 [b875dbc0-fa4a-4375-91ba-3cc15c85989b@group-CBBE09C61417-FollowerState] INFO  server.RaftServerConfigKeys (ConfUtils.java:logGet(44)) - raft.server.leaderelection.pre-vote = false (custom)
2021-10-16 01:05:37,000 [b875dbc0-fa4a-4375-91ba-3cc15c85989b@group-CBBE09C61417-FollowerState] INFO  impl.RoleInfo (RoleInfo.java:updateAndGet(130)) - b875dbc0-fa4a-4375-91ba-3cc15c85989b: start b875dbc0-fa4a-4375-91ba-3cc15c85989b@group-CBBE09C61417-LeaderElection2
2021-10-16 01:05:37,008 [b875dbc0-fa4a-4375-91ba-3cc15c85989b@group-CBBE09C61417-LeaderElection2] INFO  impl.LeaderElection (LeaderElection.java:askForVotes(306)) - b875dbc0-fa4a-4375-91ba-3cc15c85989b@group-CBBE09C61417-LeaderElection2 ELECTION round 0: submit vote requests at term 1 for -1: [b875dbc0-fa4a-4375-91ba-3cc15c85989b|rpc:10.1.0.55:37245|priority:1], old=null
2021-10-16 01:05:37,008 [b875dbc0-fa4a-4375-91ba-3cc15c85989b@group-CBBE09C61417-LeaderElection2] INFO  impl.LeaderElection (LeaderElection.java:askForVotes(308)) - b875dbc0-fa4a-4375-91ba-3cc15c85989b@group-CBBE09C61417-LeaderElection2 ELECTION round 0: result PASSED (term=1)
2021-10-16 01:05:37,009 [b875dbc0-fa4a-4375-91ba-3cc15c85989b@group-CBBE09C61417-LeaderElection2] INFO  impl.RoleInfo (RoleInfo.java:shutdownLeaderElection(121)) - b875dbc0-fa4a-4375-91ba-3cc15c85989b: shutdown b875dbc0-fa4a-4375-91ba-3cc15c85989b@group-CBBE09C61417-LeaderElection2
2021-10-16 01:05:37,009 [b875dbc0-fa4a-4375-91ba-3cc15c85989b@group-CBBE09C61417-LeaderElection2] INFO  server.RaftServer$Division (RaftServerImpl.java:setRole(285)) - b875dbc0-fa4a-4375-91ba-3cc15c85989b@group-CBBE09C61417: changes role from CANDIDATE to LEADER at term 1 for changeToLeader
2021-10-16 01:05:37,009 [b875dbc0-fa4a-4375-91ba-3cc15c85989b@group-CBBE09C61417-LeaderElection2] INFO  ratis.XceiverServerRatis (XceiverServerRatis.java:handleLeaderChangedNotification(866)) - Leader change notification received for group: group-CBBE09C61417 with new leaderId: b875dbc0-fa4a-4375-91ba-3cc15c85989b
2021-10-16 01:05:37,009 [b875dbc0-fa4a-4375-91ba-3cc15c85989b@group-CBBE09C61417-LeaderElection2] INFO  server.RaftServer$Division (ServerState.java:setLeader(285)) - b875dbc0-fa4a-4375-91ba-3cc15c85989b@group-CBBE09C61417: change Leader from null to b875dbc0-fa4a-4375-91ba-3cc15c85989b at term 1 for becomeLeader, leader elected after 5051ms
2021-10-16 01:05:37,009 [b875dbc0-fa4a-4375-91ba-3cc15c85989b@group-CBBE09C61417-LeaderElection2] INFO  server.RaftServerConfigKeys (ConfUtils.java:logGet(44)) - raft.server.staging.catchup.gap = 1000 (default)
2021-10-16 01:05:37,009 [Datanode State Machine Thread - 0] WARN  statemachine.StateContext (StateContext.java:execute(621)) - No available thread in pool for past 0 seconds.
2021-10-16 01:05:37,009 [b875dbc0-fa4a-4375-91ba-3cc15c85989b@group-CBBE09C61417-LeaderElection2] INFO  server.RaftServerConfigKeys (ConfUtils.java:logGet(44)) - raft.server.write.element-limit = 1024 (custom)
2021-10-16 01:05:37,010 [b875dbc0-fa4a-4375-91ba-3cc15c85989b@group-CBBE09C61417-LeaderElection2] INFO  server.RaftServerConfigKeys (ConfUtils.java:logGet(44)) - raft.server.write.byte-limit = 1024 M (=1073741824) (custom)
2021-10-16 01:05:37,010 [b875dbc0-fa4a-4375-91ba-3cc15c85989b@group-CBBE09C61417-LeaderElection2] INFO  server.RaftServerConfigKeys (ConfUtils.java:logGet(44)) - raft.server.watch.timeout = 10000ms (default)
2021-10-16 01:05:37,010 [b875dbc0-fa4a-4375-91ba-3cc15c85989b@group-CBBE09C61417-LeaderElection2] INFO  server.RaftServerConfigKeys (ConfUtils.java:logGet(44)) - raft.server.watch.timeout.denomination = 1s (default)
2021-10-16 01:05:37,010 [b875dbc0-fa4a-4375-91ba-3cc15c85989b@group-CBBE09C61417-LeaderElection2] INFO  server.RaftServerConfigKeys (ConfUtils.java:logGet(44)) - raft.server.watch.element-limit = 65536 (default)
2021-10-16 01:05:37,010 [b875dbc0-fa4a-4375-91ba-3cc15c85989b@group-CBBE09C61417-LeaderElection2] INFO  impl.RoleInfo (RoleInfo.java:updateAndGet(130)) - b875dbc0-fa4a-4375-91ba-3cc15c85989b: start b875dbc0-fa4a-4375-91ba-3cc15c85989b@group-CBBE09C61417-LeaderStateImpl
2021-10-16 01:05:37,011 [EventQueue-OpenPipelineForHealthyPipelineSafeModeRule] INFO  safemode.SCMSafeModeManager (HealthyPipelineSafeModeRule.java:process(124)) - SCM in safe mode. Healthy pipelines reported count is 0, required healthy pipeline reported count is 1
2021-10-16 01:05:37,011 [b875dbc0-fa4a-4375-91ba-3cc15c85989b@group-CBBE09C61417-LeaderElection2] INFO  segmented.SegmentedRaftLogWorker (SegmentedRaftLogWorker.java:startLogSegment(394)) - b875dbc0-fa4a-4375-91ba-3cc15c85989b@group-CBBE09C61417-SegmentedRaftLogWorker: Starting segment from index:0
2021-10-16 01:05:37,017 [b875dbc0-fa4a-4375-91ba-3cc15c85989b@group-CBBE09C61417-LeaderElection2] INFO  server.RaftServer$Division (ServerState.java:setRaftConf(387)) - b875dbc0-fa4a-4375-91ba-3cc15c85989b@group-CBBE09C61417: set configuration 0: [b875dbc0-fa4a-4375-91ba-3cc15c85989b|rpc:10.1.0.55:37245|dataStream:|priority:1], old=null
2021-10-16 01:05:37,017 [b875dbc0-fa4a-4375-91ba-3cc15c85989b@group-CBBE09C61417-SegmentedRaftLogWorker] INFO  segmented.SegmentedRaftLogWorker (SegmentedRaftLogWorker.java:execute(601)) - b875dbc0-fa4a-4375-91ba-3cc15c85989b@group-CBBE09C61417-SegmentedRaftLogWorker: created new log segment /home/runner/work/ozone/ozone/hadoop-ozone/integration-test/target/test-dir/MiniOzoneClusterImpl-248ee1f4-0f5c-4e53-af87-c176a130d444/datanode-0/data/ratis/abf21746-03f2-4c19-a00f-cbbe09c61417/current/log_inprogress_0
2021-10-16 01:05:37,023 [b875dbc0-fa4a-4375-91ba-3cc15c85989b@group-CBBE09C61417-StateMachineUpdater] INFO  ratis.ContainerStateMachine (ContainerStateMachine.java:takeSnapshot(292)) - group-CBBE09C61417: Taking a snapshot at:(t:1, i:0) file /home/runner/work/ozone/ozone/hadoop-ozone/integration-test/target/test-dir/MiniOzoneClusterImpl-248ee1f4-0f5c-4e53-af87-c176a130d444/datanode-0/data/ratis/abf21746-03f2-4c19-a00f-cbbe09c61417/sm/snapshot.1_0
2021-10-16 01:05:37,059 [b875dbc0-fa4a-4375-91ba-3cc15c85989b@group-CBBE09C61417-StateMachineUpdater] INFO  ratis.ContainerStateMachine (ContainerStateMachine.java:takeSnapshot(303)) - group-CBBE09C61417: Finished taking a snapshot at:(t:1, i:0) file:/home/runner/work/ozone/ozone/hadoop-ozone/integration-test/target/test-dir/MiniOzoneClusterImpl-248ee1f4-0f5c-4e53-af87-c176a130d444/datanode-0/data/ratis/abf21746-03f2-4c19-a00f-cbbe09c61417/sm/snapshot.1_0 took: 36 ms
2021-10-16 01:05:37,061 [b875dbc0-fa4a-4375-91ba-3cc15c85989b@group-CBBE09C61417-StateMachineUpdater] INFO  impl.StateMachineUpdater (StateMachineUpdater.java:takeSnapshot(281)) - b875dbc0-fa4a-4375-91ba-3cc15c85989b@group-CBBE09C61417-StateMachineUpdater: Took a snapshot at index 0
2021-10-16 01:05:37,061 [b875dbc0-fa4a-4375-91ba-3cc15c85989b@group-CBBE09C61417-StateMachineUpdater] INFO  impl.StateMachineUpdater (StateMachineUpdater.java:lambda$new$0(89)) - b875dbc0-fa4a-4375-91ba-3cc15c85989b@group-CBBE09C61417-StateMachineUpdater: snapshotIndex: updateIncreasingly -1 -> 0
2021-10-16 01:05:37,065 [b875dbc0-fa4a-4375-91ba-3cc15c85989b@group-6D649BBCF7BF-FollowerState] INFO  impl.FollowerState (FollowerState.java:run(134)) - b875dbc0-fa4a-4375-91ba-3cc15c85989b@group-6D649BBCF7BF-FollowerState: change to CANDIDATE, lastRpcElapsedTime:5036155630ns, electionTimeout:5029ms
2021-10-16 01:05:37,067 [b875dbc0-fa4a-4375-91ba-3cc15c85989b@group-6D649BBCF7BF-FollowerState] INFO  impl.RoleInfo (RoleInfo.java:shutdownFollowerState(108)) - b875dbc0-fa4a-4375-91ba-3cc15c85989b: shutdown b875dbc0-fa4a-4375-91ba-3cc15c85989b@group-6D649BBCF7BF-FollowerState
2021-10-16 01:05:37,067 [b875dbc0-fa4a-4375-91ba-3cc15c85989b@group-6D649BBCF7BF-FollowerState] INFO  server.RaftServer$Division (RaftServerImpl.java:setRole(285)) - b875dbc0-fa4a-4375-91ba-3cc15c85989b@group-6D649BBCF7BF: changes role from  FOLLOWER to CANDIDATE at term 0 for changeToCandidate
2021-10-16 01:05:37,067 [b875dbc0-fa4a-4375-91ba-3cc15c85989b@group-6D649BBCF7BF-FollowerState] INFO  server.RaftServerConfigKeys (ConfUtils.java:logGet(44)) - raft.server.leaderelection.pre-vote = false (custom)
2021-10-16 01:05:37,067 [b875dbc0-fa4a-4375-91ba-3cc15c85989b@group-6D649BBCF7BF-FollowerState] INFO  impl.RoleInfo (RoleInfo.java:updateAndGet(130)) - b875dbc0-fa4a-4375-91ba-3cc15c85989b: start b875dbc0-fa4a-4375-91ba-3cc15c85989b@group-6D649BBCF7BF-LeaderElection3
2021-10-16 01:05:37,076 [b875dbc0-fa4a-4375-91ba-3cc15c85989b@group-6D649BBCF7BF-LeaderElection3] INFO  impl.LeaderElection (LeaderElection.java:askForVotes(306)) - b875dbc0-fa4a-4375-91ba-3cc15c85989b@group-6D649BBCF7BF-LeaderElection3 ELECTION round 0: submit vote requests at term 1 for -1: [0ad9ea75-306a-4cf7-ba3a-0d6a659ae299|rpc:10.1.0.55:35779|priority:1, b875dbc0-fa4a-4375-91ba-3cc15c85989b|rpc:10.1.0.55:37245|priority:0, 8d52824f-ad79-492b-8fae-12e0fefff0c3|rpc:10.1.0.55:39801|priority:0], old=null
2021-10-16 01:05:37,085 [EventQueue-OpenPipelineForHealthyPipelineSafeModeRule] INFO  safemode.SCMSafeModeManager (HealthyPipelineSafeModeRule.java:process(124)) - SCM in safe mode. Healthy pipelines reported count is 0, required healthy pipeline reported count is 1
2021-10-16 01:05:37,103 [EventQueue-OpenPipelineForHealthyPipelineSafeModeRule] INFO  safemode.SCMSafeModeManager (HealthyPipelineSafeModeRule.java:process(124)) - SCM in safe mode. Healthy pipelines reported count is 0, required healthy pipeline reported count is 1
2021-10-16 01:05:37,104 [EventQueue-OpenPipelineForHealthyPipelineSafeModeRule] INFO  safemode.SCMSafeModeManager (HealthyPipelineSafeModeRule.java:process(124)) - SCM in safe mode. Healthy pipelines reported count is 0, required healthy pipeline reported count is 1
2021-10-16 01:05:37,112 [grpc-default-executor-0] INFO  server.RaftServer$Division (RaftServerImpl.java:requestVote(1043)) - 0ad9ea75-306a-4cf7-ba3a-0d6a659ae299@group-6D649BBCF7BF: receive requestVote(ELECTION, b875dbc0-fa4a-4375-91ba-3cc15c85989b, group-6D649BBCF7BF, 1, (t:0, i:0))
2021-10-16 01:05:37,115 [grpc-default-executor-0] INFO  impl.VoteContext (VoteContext.java:log(48)) - 0ad9ea75-306a-4cf7-ba3a-0d6a659ae299@group-6D649BBCF7BF-FOLLOWER: reject ELECTION from b875dbc0-fa4a-4375-91ba-3cc15c85989b: our priority 1 > candidate's priority 0
2021-10-16 01:05:37,116 [grpc-default-executor-0] INFO  server.RaftServer$Division (RaftServerImpl.java:setRole(285)) - 0ad9ea75-306a-4cf7-ba3a-0d6a659ae299@group-6D649BBCF7BF: changes role from  FOLLOWER to FOLLOWER at term 1 for candidate:b875dbc0-fa4a-4375-91ba-3cc15c85989b
2021-10-16 01:05:37,116 [grpc-default-executor-0] INFO  impl.RoleInfo (RoleInfo.java:shutdownFollowerState(108)) - 0ad9ea75-306a-4cf7-ba3a-0d6a659ae299: shutdown 0ad9ea75-306a-4cf7-ba3a-0d6a659ae299@group-6D649BBCF7BF-FollowerState
2021-10-16 01:05:37,120 [0ad9ea75-306a-4cf7-ba3a-0d6a659ae299@group-6D649BBCF7BF-FollowerState] INFO  impl.FollowerState (FollowerState.java:run(143)) - 0ad9ea75-306a-4cf7-ba3a-0d6a659ae299@group-6D649BBCF7BF-FollowerState was interrupted: {}
java.lang.InterruptedException: sleep interrupted
	at java.lang.Thread.sleep(Native Method)
	at java.lang.Thread.sleep(Thread.java:340)
	at java.util.concurrent.TimeUnit.sleep(TimeUnit.java:386)
	at org.apache.ratis.util.TimeDuration.sleep(TimeDuration.java:324)
	at org.apache.ratis.util.TimeDuration.sleep(TimeDuration.java:309)
	at org.apache.ratis.server.impl.FollowerState.run(FollowerState.java:118)
2021-10-16 01:05:37,123 [grpc-default-executor-2] INFO  server.RaftServer$Division (RaftServerImpl.java:requestVote(1043)) - 8d52824f-ad79-492b-8fae-12e0fefff0c3@group-6D649BBCF7BF: receive requestVote(ELECTION, b875dbc0-fa4a-4375-91ba-3cc15c85989b, group-6D649BBCF7BF, 1, (t:0, i:0))
2021-10-16 01:05:37,123 [grpc-default-executor-2] INFO  impl.VoteContext (VoteContext.java:log(48)) - 8d52824f-ad79-492b-8fae-12e0fefff0c3@group-6D649BBCF7BF-FOLLOWER: accept ELECTION from b875dbc0-fa4a-4375-91ba-3cc15c85989b: our priority 0 <= candidate's priority 0
2021-10-16 01:05:37,124 [grpc-default-executor-2] INFO  server.RaftServer$Division (RaftServerImpl.java:setRole(285)) - 8d52824f-ad79-492b-8fae-12e0fefff0c3@group-6D649BBCF7BF: changes role from  FOLLOWER to FOLLOWER at term 1 for candidate:b875dbc0-fa4a-4375-91ba-3cc15c85989b
2021-10-16 01:05:37,124 [grpc-default-executor-2] INFO  impl.RoleInfo (RoleInfo.java:shutdownFollowerState(108)) - 8d52824f-ad79-492b-8fae-12e0fefff0c3: shutdown 8d52824f-ad79-492b-8fae-12e0fefff0c3@group-6D649BBCF7BF-FollowerState
2021-10-16 01:05:37,124 [grpc-default-executor-2] INFO  impl.RoleInfo (RoleInfo.java:updateAndGet(130)) - 8d52824f-ad79-492b-8fae-12e0fefff0c3: start 8d52824f-ad79-492b-8fae-12e0fefff0c3@group-6D649BBCF7BF-FollowerState
2021-10-16 01:05:37,124 [8d52824f-ad79-492b-8fae-12e0fefff0c3@group-6D649BBCF7BF-FollowerState] INFO  impl.FollowerState (FollowerState.java:run(143)) - 8d52824f-ad79-492b-8fae-12e0fefff0c3@group-6D649BBCF7BF-FollowerState was interrupted: {}
java.lang.InterruptedException: sleep interrupted
	at java.lang.Thread.sleep(Native Method)
	at java.lang.Thread.sleep(Thread.java:340)
	at java.util.concurrent.TimeUnit.sleep(TimeUnit.java:386)
	at org.apache.ratis.util.TimeDuration.sleep(TimeDuration.java:324)
	at org.apache.ratis.util.TimeDuration.sleep(TimeDuration.java:309)
	at org.apache.ratis.server.impl.FollowerState.run(FollowerState.java:118)
2021-10-16 01:05:37,132 [grpc-default-executor-0] INFO  impl.RoleInfo (RoleInfo.java:updateAndGet(130)) - 0ad9ea75-306a-4cf7-ba3a-0d6a659ae299: start 0ad9ea75-306a-4cf7-ba3a-0d6a659ae299@group-6D649BBCF7BF-FollowerState
2021-10-16 01:05:37,139 [grpc-default-executor-0] INFO  server.RaftServer$Division (RaftServerImpl.java:requestVote(1075)) - 0ad9ea75-306a-4cf7-ba3a-0d6a659ae299@group-6D649BBCF7BF replies to ELECTION vote request: b875dbc0-fa4a-4375-91ba-3cc15c85989b<-0ad9ea75-306a-4cf7-ba3a-0d6a659ae299#0:FAIL-t1. Peer's state: 0ad9ea75-306a-4cf7-ba3a-0d6a659ae299@group-6D649BBCF7BF:t1, leader=null, voted=null, raftlog=0ad9ea75-306a-4cf7-ba3a-0d6a659ae299@group-6D649BBCF7BF-SegmentedRaftLog:OPENED:c-1,f-1,i0, conf=-1: [0ad9ea75-306a-4cf7-ba3a-0d6a659ae299|rpc:10.1.0.55:35779|priority:1, b875dbc0-fa4a-4375-91ba-3cc15c85989b|rpc:10.1.0.55:37245|priority:0, 8d52824f-ad79-492b-8fae-12e0fefff0c3|rpc:10.1.0.55:39801|priority:0], old=null
2021-10-16 01:05:37,140 [grpc-default-executor-2] INFO  server.RaftServer$Division (RaftServerImpl.java:requestVote(1075)) - 8d52824f-ad79-492b-8fae-12e0fefff0c3@group-6D649BBCF7BF replies to ELECTION vote request: b875dbc0-fa4a-4375-91ba-3cc15c85989b<-8d52824f-ad79-492b-8fae-12e0fefff0c3#0:OK-t1. Peer's state: 8d52824f-ad79-492b-8fae-12e0fefff0c3@group-6D649BBCF7BF:t1, leader=null, voted=b875dbc0-fa4a-4375-91ba-3cc15c85989b, raftlog=8d52824f-ad79-492b-8fae-12e0fefff0c3@group-6D649BBCF7BF-SegmentedRaftLog:OPENED:c-1,f-1,i0, conf=-1: [0ad9ea75-306a-4cf7-ba3a-0d6a659ae299|rpc:10.1.0.55:35779|priority:1, b875dbc0-fa4a-4375-91ba-3cc15c85989b|rpc:10.1.0.55:37245|priority:0, 8d52824f-ad79-492b-8fae-12e0fefff0c3|rpc:10.1.0.55:39801|priority:0], old=null
2021-10-16 01:05:37,145 [b875dbc0-fa4a-4375-91ba-3cc15c85989b@group-6D649BBCF7BF-LeaderElection3] INFO  impl.LeaderElection (LeaderElection.java:logAndReturn(89)) - b875dbc0-fa4a-4375-91ba-3cc15c85989b@group-6D649BBCF7BF-LeaderElection3: ELECTION REJECTED received 2 response(s) and 0 exception(s):
2021-10-16 01:05:37,146 [b875dbc0-fa4a-4375-91ba-3cc15c85989b@group-6D649BBCF7BF-LeaderElection3] INFO  impl.LeaderElection (LeaderElection.java:logAndReturn(93)) -   Response 0: b875dbc0-fa4a-4375-91ba-3cc15c85989b<-0ad9ea75-306a-4cf7-ba3a-0d6a659ae299#0:FAIL-t1
2021-10-16 01:05:37,146 [b875dbc0-fa4a-4375-91ba-3cc15c85989b@group-6D649BBCF7BF-LeaderElection3] INFO  impl.LeaderElection (LeaderElection.java:logAndReturn(93)) -   Response 1: b875dbc0-fa4a-4375-91ba-3cc15c85989b<-8d52824f-ad79-492b-8fae-12e0fefff0c3#0:OK-t1
2021-10-16 01:05:37,147 [b875dbc0-fa4a-4375-91ba-3cc15c85989b@group-6D649BBCF7BF-LeaderElection3] INFO  impl.LeaderElection (LeaderElection.java:askForVotes(308)) - b875dbc0-fa4a-4375-91ba-3cc15c85989b@group-6D649BBCF7BF-LeaderElection3 ELECTION round 0: result REJECTED
2021-10-16 01:05:37,147 [b875dbc0-fa4a-4375-91ba-3cc15c85989b@group-6D649BBCF7BF-LeaderElection3] INFO  server.RaftServer$Division (RaftServerImpl.java:setRole(285)) - b875dbc0-fa4a-4375-91ba-3cc15c85989b@group-6D649BBCF7BF: changes role from CANDIDATE to FOLLOWER at term 1 for REJECTED
2021-10-16 01:05:37,147 [b875dbc0-fa4a-4375-91ba-3cc15c85989b@group-6D649BBCF7BF-LeaderElection3] INFO  impl.RoleInfo (RoleInfo.java:shutdownLeaderElection(121)) - b875dbc0-fa4a-4375-91ba-3cc15c85989b: shutdown b875dbc0-fa4a-4375-91ba-3cc15c85989b@group-6D649BBCF7BF-LeaderElection3
2021-10-16 01:05:37,147 [b875dbc0-fa4a-4375-91ba-3cc15c85989b@group-6D649BBCF7BF-LeaderElection3] INFO  impl.RoleInfo (RoleInfo.java:updateAndGet(130)) - b875dbc0-fa4a-4375-91ba-3cc15c85989b: start b875dbc0-fa4a-4375-91ba-3cc15c85989b@group-6D649BBCF7BF-FollowerState
2021-10-16 01:05:37,169 [EventQueue-OpenPipelineForHealthyPipelineSafeModeRule] INFO  safemode.SCMSafeModeManager (HealthyPipelineSafeModeRule.java:process(124)) - SCM in safe mode. Healthy pipelines reported count is 0, required healthy pipeline reported count is 1
2021-10-16 01:05:37,252 [EventQueue-OpenPipelineForHealthyPipelineSafeModeRule] INFO  safemode.SCMSafeModeManager (HealthyPipelineSafeModeRule.java:process(124)) - SCM in safe mode. Healthy pipelines reported count is 0, required healthy pipeline reported count is 1
2021-10-16 01:05:37,304 [EventQueue-OpenPipelineForHealthyPipelineSafeModeRule] INFO  safemode.SCMSafeModeManager (HealthyPipelineSafeModeRule.java:process(124)) - SCM in safe mode. Healthy pipelines reported count is 0, required healthy pipeline reported count is 1
2021-10-16 01:05:37,304 [EventQueue-OpenPipelineForHealthyPipelineSafeModeRule] INFO  safemode.SCMSafeModeManager (HealthyPipelineSafeModeRule.java:process(124)) - SCM in safe mode. Healthy pipelines reported count is 0, required healthy pipeline reported count is 1
2021-10-16 01:05:37,311 [EventQueue-OpenPipelineForHealthyPipelineSafeModeRule] INFO  safemode.SCMSafeModeManager (HealthyPipelineSafeModeRule.java:process(124)) - SCM in safe mode. Healthy pipelines reported count is 0, required healthy pipeline reported count is 1
2021-10-16 01:05:37,318 [EventQueue-OpenPipelineForHealthyPipelineSafeModeRule] INFO  safemode.SCMSafeModeManager (HealthyPipelineSafeModeRule.java:process(124)) - SCM in safe mode. Healthy pipelines reported count is 0, required healthy pipeline reported count is 1
2021-10-16 01:05:37,358 [EventQueue-OpenPipelineForHealthyPipelineSafeModeRule] INFO  safemode.SCMSafeModeManager (HealthyPipelineSafeModeRule.java:process(124)) - SCM in safe mode. Healthy pipelines reported count is 0, required healthy pipeline reported count is 1
2021-10-16 01:05:37,399 [EventQueue-OpenPipelineForHealthyPipelineSafeModeRule] INFO  safemode.SCMSafeModeManager (HealthyPipelineSafeModeRule.java:process(124)) - SCM in safe mode. Healthy pipelines reported count is 0, required healthy pipeline reported count is 1
2021-10-16 01:05:37,411 [EventQueue-OpenPipelineForHealthyPipelineSafeModeRule] INFO  safemode.SCMSafeModeManager (HealthyPipelineSafeModeRule.java:process(124)) - SCM in safe mode. Healthy pipelines reported count is 0, required healthy pipeline reported count is 1
2021-10-16 01:05:37,453 [EventQueue-OpenPipelineForHealthyPipelineSafeModeRule] INFO  safemode.SCMSafeModeManager (HealthyPipelineSafeModeRule.java:process(124)) - SCM in safe mode. Healthy pipelines reported count is 0, required healthy pipeline reported count is 1
2021-10-16 01:05:37,485 [EventQueue-OpenPipelineForHealthyPipelineSafeModeRule] INFO  safemode.SCMSafeModeManager (HealthyPipelineSafeModeRule.java:process(124)) - SCM in safe mode. Healthy pipelines reported count is 0, required healthy pipeline reported count is 1
2021-10-16 01:05:37,519 [EventQueue-OpenPipelineForHealthyPipelineSafeModeRule] INFO  safemode.SCMSafeModeManager (HealthyPipelineSafeModeRule.java:process(124)) - SCM in safe mode. Healthy pipelines reported count is 0, required healthy pipeline reported count is 1
2021-10-16 01:05:37,559 [EventQueue-OpenPipelineForHealthyPipelineSafeModeRule] INFO  safemode.SCMSafeModeManager (HealthyPipelineSafeModeRule.java:process(124)) - SCM in safe mode. Healthy pipelines reported count is 0, required healthy pipeline reported count is 1
2021-10-16 01:05:37,571 [EventQueue-OpenPipelineForHealthyPipelineSafeModeRule] INFO  safemode.SCMSafeModeManager (HealthyPipelineSafeModeRule.java:process(124)) - SCM in safe mode. Healthy pipelines reported count is 0, required healthy pipeline reported count is 1
2021-10-16 01:05:37,600 [EventQueue-OpenPipelineForHealthyPipelineSafeModeRule] INFO  safemode.SCMSafeModeManager (HealthyPipelineSafeModeRule.java:process(124)) - SCM in safe mode. Healthy pipelines reported count is 0, required healthy pipeline reported count is 1
2021-10-16 01:05:37,610 [EventQueue-OpenPipelineForHealthyPipelineSafeModeRule] INFO  safemode.SCMSafeModeManager (HealthyPipelineSafeModeRule.java:process(124)) - SCM in safe mode. Healthy pipelines reported count is 0, required healthy pipeline reported count is 1
2021-10-16 01:05:37,654 [EventQueue-OpenPipelineForHealthyPipelineSafeModeRule] INFO  safemode.SCMSafeModeManager (HealthyPipelineSafeModeRule.java:process(124)) - SCM in safe mode. Healthy pipelines reported count is 0, required healthy pipeline reported count is 1
2021-10-16 01:05:37,703 [EventQueue-OpenPipelineForHealthyPipelineSafeModeRule] INFO  safemode.SCMSafeModeManager (HealthyPipelineSafeModeRule.java:process(124)) - SCM in safe mode. Healthy pipelines reported count is 0, required healthy pipeline reported count is 1
2021-10-16 01:05:37,703 [EventQueue-OpenPipelineForHealthyPipelineSafeModeRule] INFO  safemode.SCMSafeModeManager (HealthyPipelineSafeModeRule.java:process(124)) - SCM in safe mode. Healthy pipelines reported count is 0, required healthy pipeline reported count is 1
2021-10-16 01:05:37,711 [EventQueue-OpenPipelineForHealthyPipelineSafeModeRule] INFO  safemode.SCMSafeModeManager (HealthyPipelineSafeModeRule.java:process(124)) - SCM in safe mode. Healthy pipelines reported count is 0, required healthy pipeline reported count is 1
2021-10-16 01:05:37,747 [Listener at 127.0.0.1/36205] INFO  ozone.MiniOzoneClusterImpl (MiniOzoneClusterImpl.java:lambda$waitForClusterToBeReady$0(235)) - Nodes are ready. Got 10 of 10 DN Heartbeats.
2021-10-16 01:05:37,747 [Listener at 127.0.0.1/36205] INFO  ozone.MiniOzoneClusterImpl (MiniOzoneClusterImpl.java:lambda$waitForClusterToBeReady$0(238)) - Waiting for cluster to exit safe mode
2021-10-16 01:05:37,747 [Listener at 127.0.0.1/36205] INFO  ozone.MiniOzoneClusterImpl (MiniOzoneClusterImpl.java:lambda$waitForClusterToBeReady$0(240)) - SCM became leader
2021-10-16 01:05:37,759 [EventQueue-OpenPipelineForHealthyPipelineSafeModeRule] INFO  safemode.SCMSafeModeManager (HealthyPipelineSafeModeRule.java:process(124)) - SCM in safe mode. Healthy pipelines reported count is 0, required healthy pipeline reported count is 1
2021-10-16 01:05:37,770 [EventQueue-OpenPipelineForHealthyPipelineSafeModeRule] INFO  safemode.SCMSafeModeManager (HealthyPipelineSafeModeRule.java:process(124)) - SCM in safe mode. Healthy pipelines reported count is 0, required healthy pipeline reported count is 1
2021-10-16 01:05:37,800 [EventQueue-OpenPipelineForHealthyPipelineSafeModeRule] INFO  safemode.SCMSafeModeManager (HealthyPipelineSafeModeRule.java:process(124)) - SCM in safe mode. Healthy pipelines reported count is 0, required healthy pipeline reported count is 1
2021-10-16 01:05:37,874 [0ad9ea75-306a-4cf7-ba3a-0d6a659ae299@group-433DF96091D7-FollowerState] INFO  impl.FollowerState (FollowerState.java:run(134)) - 0ad9ea75-306a-4cf7-ba3a-0d6a659ae299@group-433DF96091D7-FollowerState: change to CANDIDATE, lastRpcElapsedTime:5161277887ns, electionTimeout:5154ms
2021-10-16 01:05:37,875 [0ad9ea75-306a-4cf7-ba3a-0d6a659ae299@group-433DF96091D7-FollowerState] INFO  impl.RoleInfo (RoleInfo.java:shutdownFollowerState(108)) - 0ad9ea75-306a-4cf7-ba3a-0d6a659ae299: shutdown 0ad9ea75-306a-4cf7-ba3a-0d6a659ae299@group-433DF96091D7-FollowerState
2021-10-16 01:05:37,875 [0ad9ea75-306a-4cf7-ba3a-0d6a659ae299@group-433DF96091D7-FollowerState] INFO  server.RaftServer$Division (RaftServerImpl.java:setRole(285)) - 0ad9ea75-306a-4cf7-ba3a-0d6a659ae299@group-433DF96091D7: changes role from  FOLLOWER to CANDIDATE at term 0 for changeToCandidate
2021-10-16 01:05:37,876 [0ad9ea75-306a-4cf7-ba3a-0d6a659ae299@group-433DF96091D7-FollowerState] INFO  server.RaftServerConfigKeys (ConfUtils.java:logGet(44)) - raft.server.leaderelection.pre-vote = false (custom)
2021-10-16 01:05:37,877 [0ad9ea75-306a-4cf7-ba3a-0d6a659ae299@group-433DF96091D7-FollowerState] INFO  impl.RoleInfo (RoleInfo.java:updateAndGet(130)) - 0ad9ea75-306a-4cf7-ba3a-0d6a659ae299: start 0ad9ea75-306a-4cf7-ba3a-0d6a659ae299@group-433DF96091D7-LeaderElection4
2021-10-16 01:05:37,881 [0ad9ea75-306a-4cf7-ba3a-0d6a659ae299@group-433DF96091D7-LeaderElection4] INFO  impl.LeaderElection (LeaderElection.java:askForVotes(306)) - 0ad9ea75-306a-4cf7-ba3a-0d6a659ae299@group-433DF96091D7-LeaderElection4 ELECTION round 0: submit vote requests at term 1 for -1: [0ad9ea75-306a-4cf7-ba3a-0d6a659ae299|rpc:10.1.0.55:35779|priority:1], old=null
2021-10-16 01:05:37,881 [0ad9ea75-306a-4cf7-ba3a-0d6a659ae299@group-433DF96091D7-LeaderElection4] INFO  impl.LeaderElection (LeaderElection.java:askForVotes(308)) - 0ad9ea75-306a-4cf7-ba3a-0d6a659ae299@group-433DF96091D7-LeaderElection4 ELECTION round 0: result PASSED (term=1)
2021-10-16 01:05:37,881 [0ad9ea75-306a-4cf7-ba3a-0d6a659ae299@group-433DF96091D7-LeaderElection4] INFO  impl.RoleInfo (RoleInfo.java:shutdownLeaderElection(121)) - 0ad9ea75-306a-4cf7-ba3a-0d6a659ae299: shutdown 0ad9ea75-306a-4cf7-ba3a-0d6a659ae299@group-433DF96091D7-LeaderElection4
2021-10-16 01:05:37,882 [0ad9ea75-306a-4cf7-ba3a-0d6a659ae299@group-433DF96091D7-LeaderElection4] INFO  server.RaftServer$Division (RaftServerImpl.java:setRole(285)) - 0ad9ea75-306a-4cf7-ba3a-0d6a659ae299@group-433DF96091D7: changes role from CANDIDATE to LEADER at term 1 for changeToLeader
2021-10-16 01:05:37,882 [0ad9ea75-306a-4cf7-ba3a-0d6a659ae299@group-433DF96091D7-LeaderElection4] INFO  ratis.XceiverServerRatis (XceiverServerRatis.java:handleLeaderChangedNotification(866)) - Leader change notification received for group: group-433DF96091D7 with new leaderId: 0ad9ea75-306a-4cf7-ba3a-0d6a659ae299
2021-10-16 01:05:37,882 [0ad9ea75-306a-4cf7-ba3a-0d6a659ae299@group-433DF96091D7-LeaderElection4] INFO  server.RaftServer$Division (ServerState.java:setLeader(285)) - 0ad9ea75-306a-4cf7-ba3a-0d6a659ae299@group-433DF96091D7: change Leader from null to 0ad9ea75-306a-4cf7-ba3a-0d6a659ae299 at term 1 for becomeLeader, leader elected after 5183ms
2021-10-16 01:05:37,882 [0ad9ea75-306a-4cf7-ba3a-0d6a659ae299@group-433DF96091D7-LeaderElection4] INFO  server.RaftServerConfigKeys (ConfUtils.java:logGet(44)) - raft.server.staging.catchup.gap = 1000 (default)
2021-10-16 01:05:37,882 [Datanode State Machine Thread - 0] WARN  statemachine.StateContext (StateContext.java:execute(621)) - No available thread in pool for past 0 seconds.
2021-10-16 01:05:37,883 [0ad9ea75-306a-4cf7-ba3a-0d6a659ae299@group-433DF96091D7-LeaderElection4] INFO  server.RaftServerConfigKeys (ConfUtils.java:logGet(44)) - raft.server.write.element-limit = 1024 (custom)
2021-10-16 01:05:37,883 [0ad9ea75-306a-4cf7-ba3a-0d6a659ae299@group-433DF96091D7-LeaderElection4] INFO  server.RaftServerConfigKeys (ConfUtils.java:logGet(44)) - raft.server.write.byte-limit = 1024 M (=1073741824) (custom)
2021-10-16 01:05:37,883 [0ad9ea75-306a-4cf7-ba3a-0d6a659ae299@group-433DF96091D7-LeaderElection4] INFO  server.RaftServerConfigKeys (ConfUtils.java:logGet(44)) - raft.server.watch.timeout = 10000ms (default)
2021-10-16 01:05:37,883 [0ad9ea75-306a-4cf7-ba3a-0d6a659ae299@group-433DF96091D7-LeaderElection4] INFO  server.RaftServerConfigKeys (ConfUtils.java:logGet(44)) - raft.server.watch.timeout.denomination = 1s (default)
2021-10-16 01:05:37,883 [0ad9ea75-306a-4cf7-ba3a-0d6a659ae299@group-433DF96091D7-LeaderElection4] INFO  server.RaftServerConfigKeys (ConfUtils.java:logGet(44)) - raft.server.watch.element-limit = 65536 (default)
2021-10-16 01:05:37,884 [EventQueue-OpenPipelineForHealthyPipelineSafeModeRule] INFO  safemode.SCMSafeModeManager (HealthyPipelineSafeModeRule.java:process(124)) - SCM in safe mode. Healthy pipelines reported count is 0, required healthy pipeline reported count is 1
2021-10-16 01:05:37,884 [0ad9ea75-306a-4cf7-ba3a-0d6a659ae299@group-433DF96091D7-LeaderElection4] INFO  impl.RoleInfo (RoleInfo.java:updateAndGet(130)) - 0ad9ea75-306a-4cf7-ba3a-0d6a659ae299: start 0ad9ea75-306a-4cf7-ba3a-0d6a659ae299@group-433DF96091D7-LeaderStateImpl
2021-10-16 01:05:37,885 [0ad9ea75-306a-4cf7-ba3a-0d6a659ae299@group-433DF96091D7-LeaderElection4] INFO  segmented.SegmentedRaftLogWorker (SegmentedRaftLogWorker.java:startLogSegment(394)) - 0ad9ea75-306a-4cf7-ba3a-0d6a659ae299@group-433DF96091D7-SegmentedRaftLogWorker: Starting segment from index:0
2021-10-16 01:05:37,887 [0ad9ea75-306a-4cf7-ba3a-0d6a659ae299@group-433DF96091D7-SegmentedRaftLogWorker] INFO  segmented.SegmentedRaftLogWorker (SegmentedRaftLogWorker.java:execute(601)) - 0ad9ea75-306a-4cf7-ba3a-0d6a659ae299@group-433DF96091D7-SegmentedRaftLogWorker: created new log segment /home/runner/work/ozone/ozone/hadoop-ozone/integration-test/target/test-dir/MiniOzoneClusterImpl-248ee1f4-0f5c-4e53-af87-c176a130d444/datanode-1/data/ratis/2dbee468-24ca-4be6-b834-433df96091d7/current/log_inprogress_0
2021-10-16 01:05:37,889 [EventQueue-OpenPipelineForHealthyPipelineSafeModeRule] INFO  safemode.SCMSafeModeManager (HealthyPipelineSafeModeRule.java:process(124)) - SCM in safe mode. Healthy pipelines reported count is 0, required healthy pipeline reported count is 1
2021-10-16 01:05:37,891 [0ad9ea75-306a-4cf7-ba3a-0d6a659ae299@group-433DF96091D7-LeaderElection4] INFO  server.RaftServer$Division (ServerState.java:setRaftConf(387)) - 0ad9ea75-306a-4cf7-ba3a-0d6a659ae299@group-433DF96091D7: set configuration 0: [0ad9ea75-306a-4cf7-ba3a-0d6a659ae299|rpc:10.1.0.55:35779|dataStream:|priority:1], old=null
2021-10-16 01:05:37,894 [0ad9ea75-306a-4cf7-ba3a-0d6a659ae299@group-433DF96091D7-StateMachineUpdater] INFO  ratis.ContainerStateMachine (ContainerStateMachine.java:takeSnapshot(292)) - group-433DF96091D7: Taking a snapshot at:(t:1, i:0) file /home/runner/work/ozone/ozone/hadoop-ozone/integration-test/target/test-dir/MiniOzoneClusterImpl-248ee1f4-0f5c-4e53-af87-c176a130d444/datanode-1/data/ratis/2dbee468-24ca-4be6-b834-433df96091d7/sm/snapshot.1_0
2021-10-16 01:05:37,895 [0ad9ea75-306a-4cf7-ba3a-0d6a659ae299@group-433DF96091D7-StateMachineUpdater] INFO  ratis.ContainerStateMachine (ContainerStateMachine.java:takeSnapshot(303)) - group-433DF96091D7: Finished taking a snapshot at:(t:1, i:0) file:/home/runner/work/ozone/ozone/hadoop-ozone/integration-test/target/test-dir/MiniOzoneClusterImpl-248ee1f4-0f5c-4e53-af87-c176a130d444/datanode-1/data/ratis/2dbee468-24ca-4be6-b834-433df96091d7/sm/snapshot.1_0 took: 1 ms
2021-10-16 01:05:37,895 [0ad9ea75-306a-4cf7-ba3a-0d6a659ae299@group-433DF96091D7-StateMachineUpdater] INFO  impl.StateMachineUpdater (StateMachineUpdater.java:takeSnapshot(281)) - 0ad9ea75-306a-4cf7-ba3a-0d6a659ae299@group-433DF96091D7-StateMachineUpdater: Took a snapshot at index 0
2021-10-16 01:05:37,897 [0ad9ea75-306a-4cf7-ba3a-0d6a659ae299@group-433DF96091D7-StateMachineUpdater] INFO  impl.StateMachineUpdater (StateMachineUpdater.java:lambda$new$0(89)) - 0ad9ea75-306a-4cf7-ba3a-0d6a659ae299@group-433DF96091D7-StateMachineUpdater: snapshotIndex: updateIncreasingly -1 -> 0
2021-10-16 01:05:37,903 [EventQueue-OpenPipelineForHealthyPipelineSafeModeRule] INFO  safemode.SCMSafeModeManager (HealthyPipelineSafeModeRule.java:process(124)) - SCM in safe mode. Healthy pipelines reported count is 0, required healthy pipeline reported count is 1
2021-10-16 01:05:37,911 [EventQueue-OpenPipelineForHealthyPipelineSafeModeRule] INFO  safemode.SCMSafeModeManager (HealthyPipelineSafeModeRule.java:process(124)) - SCM in safe mode. Healthy pipelines reported count is 0, required healthy pipeline reported count is 1
2021-10-16 01:05:37,919 [EventQueue-OpenPipelineForHealthyPipelineSafeModeRule] INFO  safemode.SCMSafeModeManager (HealthyPipelineSafeModeRule.java:process(124)) - SCM in safe mode. Healthy pipelines reported count is 0, required healthy pipeline reported count is 1
2021-10-16 01:05:37,970 [EventQueue-OpenPipelineForHealthyPipelineSafeModeRule] INFO  safemode.SCMSafeModeManager (HealthyPipelineSafeModeRule.java:process(124)) - SCM in safe mode. Healthy pipelines reported count is 0, required healthy pipeline reported count is 1
2021-10-16 01:05:38,011 [EventQueue-OpenPipelineForHealthyPipelineSafeModeRule] INFO  safemode.SCMSafeModeManager (HealthyPipelineSafeModeRule.java:process(124)) - SCM in safe mode. Healthy pipelines reported count is 0, required healthy pipeline reported count is 1
2021-10-16 01:05:38,054 [EventQueue-OpenPipelineForHealthyPipelineSafeModeRule] INFO  safemode.SCMSafeModeManager (HealthyPipelineSafeModeRule.java:process(124)) - SCM in safe mode. Healthy pipelines reported count is 0, required healthy pipeline reported count is 1
2021-10-16 01:05:38,084 [EventQueue-OpenPipelineForHealthyPipelineSafeModeRule] INFO  safemode.SCMSafeModeManager (HealthyPipelineSafeModeRule.java:process(124)) - SCM in safe mode. Healthy pipelines reported count is 0, required healthy pipeline reported count is 1
2021-10-16 01:05:38,088 [EventQueue-OpenPipelineForHealthyPipelineSafeModeRule] INFO  safemode.SCMSafeModeManager (HealthyPipelineSafeModeRule.java:process(124)) - SCM in safe mode. Healthy pipelines reported count is 0, required healthy pipeline reported count is 1
2021-10-16 01:05:38,102 [EventQueue-OpenPipelineForHealthyPipelineSafeModeRule] INFO  safemode.SCMSafeModeManager (HealthyPipelineSafeModeRule.java:process(124)) - SCM in safe mode. Healthy pipelines reported count is 0, required healthy pipeline reported count is 1
2021-10-16 01:05:38,104 [EventQueue-OpenPipelineForHealthyPipelineSafeModeRule] INFO  safemode.SCMSafeModeManager (HealthyPipelineSafeModeRule.java:process(124)) - SCM in safe mode. Healthy pipelines reported count is 0, required healthy pipeline reported count is 1
2021-10-16 01:05:38,157 [8d52824f-ad79-492b-8fae-12e0fefff0c3@group-3D8E039B1AC1-FollowerState] INFO  impl.FollowerState (FollowerState.java:run(134)) - 8d52824f-ad79-492b-8fae-12e0fefff0c3@group-3D8E039B1AC1-FollowerState: change to CANDIDATE, lastRpcElapsedTime:5132003806ns, electionTimeout:5110ms
2021-10-16 01:05:38,158 [8d52824f-ad79-492b-8fae-12e0fefff0c3@group-3D8E039B1AC1-FollowerState] INFO  impl.RoleInfo (RoleInfo.java:shutdownFollowerState(108)) - 8d52824f-ad79-492b-8fae-12e0fefff0c3: shutdown 8d52824f-ad79-492b-8fae-12e0fefff0c3@group-3D8E039B1AC1-FollowerState
2021-10-16 01:05:38,158 [8d52824f-ad79-492b-8fae-12e0fefff0c3@group-3D8E039B1AC1-FollowerState] INFO  server.RaftServer$Division (RaftServerImpl.java:setRole(285)) - 8d52824f-ad79-492b-8fae-12e0fefff0c3@group-3D8E039B1AC1: changes role from  FOLLOWER to CANDIDATE at term 0 for changeToCandidate
2021-10-16 01:05:38,159 [8d52824f-ad79-492b-8fae-12e0fefff0c3@group-3D8E039B1AC1-FollowerState] INFO  server.RaftServerConfigKeys (ConfUtils.java:logGet(44)) - raft.server.leaderelection.pre-vote = false (custom)
2021-10-16 01:05:38,159 [8d52824f-ad79-492b-8fae-12e0fefff0c3@group-3D8E039B1AC1-FollowerState] INFO  impl.RoleInfo (RoleInfo.java:updateAndGet(130)) - 8d52824f-ad79-492b-8fae-12e0fefff0c3: start 8d52824f-ad79-492b-8fae-12e0fefff0c3@group-3D8E039B1AC1-LeaderElection5
2021-10-16 01:05:38,160 [EventQueue-OpenPipelineForHealthyPipelineSafeModeRule] INFO  safemode.SCMSafeModeManager (HealthyPipelineSafeModeRule.java:process(124)) - SCM in safe mode. Healthy pipelines reported count is 0, required healthy pipeline reported count is 1
2021-10-16 01:05:38,163 [8d52824f-ad79-492b-8fae-12e0fefff0c3@group-3D8E039B1AC1-LeaderElection5] INFO  impl.LeaderElection (LeaderElection.java:askForVotes(306)) - 8d52824f-ad79-492b-8fae-12e0fefff0c3@group-3D8E039B1AC1-LeaderElection5 ELECTION round 0: submit vote requests at term 1 for -1: [8d52824f-ad79-492b-8fae-12e0fefff0c3|rpc:10.1.0.55:39801|priority:1], old=null
2021-10-16 01:05:38,163 [8d52824f-ad79-492b-8fae-12e0fefff0c3@group-3D8E039B1AC1-LeaderElection5] INFO  impl.LeaderElection (LeaderElection.java:askForVotes(308)) - 8d52824f-ad79-492b-8fae-12e0fefff0c3@group-3D8E039B1AC1-LeaderElection5 ELECTION round 0: result PASSED (term=1)
2021-10-16 01:05:38,163 [8d52824f-ad79-492b-8fae-12e0fefff0c3@group-3D8E039B1AC1-LeaderElection5] INFO  impl.RoleInfo (RoleInfo.java:shutdownLeaderElection(121)) - 8d52824f-ad79-492b-8fae-12e0fefff0c3: shutdown 8d52824f-ad79-492b-8fae-12e0fefff0c3@group-3D8E039B1AC1-LeaderElection5
2021-10-16 01:05:38,163 [8d52824f-ad79-492b-8fae-12e0fefff0c3@group-3D8E039B1AC1-LeaderElection5] INFO  server.RaftServer$Division (RaftServerImpl.java:setRole(285)) - 8d52824f-ad79-492b-8fae-12e0fefff0c3@group-3D8E039B1AC1: changes role from CANDIDATE to LEADER at term 1 for changeToLeader
2021-10-16 01:05:38,164 [8d52824f-ad79-492b-8fae-12e0fefff0c3@group-3D8E039B1AC1-LeaderElection5] INFO  ratis.XceiverServerRatis (XceiverServerRatis.java:handleLeaderChangedNotification(866)) - Leader change notification received for group: group-3D8E039B1AC1 with new leaderId: 8d52824f-ad79-492b-8fae-12e0fefff0c3
2021-10-16 01:05:38,164 [8d52824f-ad79-492b-8fae-12e0fefff0c3@group-3D8E039B1AC1-LeaderElection5] INFO  server.RaftServer$Division (ServerState.java:setLeader(285)) - 8d52824f-ad79-492b-8fae-12e0fefff0c3@group-3D8E039B1AC1: change Leader from null to 8d52824f-ad79-492b-8fae-12e0fefff0c3 at term 1 for becomeLeader, leader elected after 5176ms
2021-10-16 01:05:38,164 [8d52824f-ad79-492b-8fae-12e0fefff0c3@group-3D8E039B1AC1-LeaderElection5] INFO  server.RaftServerConfigKeys (ConfUtils.java:logGet(44)) - raft.server.staging.catchup.gap = 1000 (default)
2021-10-16 01:05:38,164 [Datanode State Machine Thread - 0] WARN  statemachine.StateContext (StateContext.java:execute(621)) - No available thread in pool for past 0 seconds.
2021-10-16 01:05:38,164 [8d52824f-ad79-492b-8fae-12e0fefff0c3@group-3D8E039B1AC1-LeaderElection5] INFO  server.RaftServerConfigKeys (ConfUtils.java:logGet(44)) - raft.server.write.element-limit = 1024 (custom)
2021-10-16 01:05:38,165 [8d52824f-ad79-492b-8fae-12e0fefff0c3@group-3D8E039B1AC1-LeaderElection5] INFO  server.RaftServerConfigKeys (ConfUtils.java:logGet(44)) - raft.server.write.byte-limit = 1024 M (=1073741824) (custom)
2021-10-16 01:05:38,165 [8d52824f-ad79-492b-8fae-12e0fefff0c3@group-3D8E039B1AC1-LeaderElection5] INFO  server.RaftServerConfigKeys (ConfUtils.java:logGet(44)) - raft.server.watch.timeout = 10000ms (default)
2021-10-16 01:05:38,166 [EventQueue-OpenPipelineForHealthyPipelineSafeModeRule] INFO  safemode.SCMSafeModeManager (HealthyPipelineSafeModeRule.java:process(124)) - SCM in safe mode. Healthy pipelines reported count is 0, required healthy pipeline reported count is 1
2021-10-16 01:05:38,166 [8d52824f-ad79-492b-8fae-12e0fefff0c3@group-3D8E039B1AC1-LeaderElection5] INFO  server.RaftServerConfigKeys (ConfUtils.java:logGet(44)) - raft.server.watch.timeout.denomination = 1s (default)
2021-10-16 01:05:38,166 [8d52824f-ad79-492b-8fae-12e0fefff0c3@group-3D8E039B1AC1-LeaderElection5] INFO  server.RaftServerConfigKeys (ConfUtils.java:logGet(44)) - raft.server.watch.element-limit = 65536 (default)
2021-10-16 01:05:38,166 [8d52824f-ad79-492b-8fae-12e0fefff0c3@group-3D8E039B1AC1-LeaderElection5] INFO  impl.RoleInfo (RoleInfo.java:updateAndGet(130)) - 8d52824f-ad79-492b-8fae-12e0fefff0c3: start 8d52824f-ad79-492b-8fae-12e0fefff0c3@group-3D8E039B1AC1-LeaderStateImpl
2021-10-16 01:05:38,166 [8d52824f-ad79-492b-8fae-12e0fefff0c3@group-3D8E039B1AC1-LeaderElection5] INFO  segmented.SegmentedRaftLogWorker (SegmentedRaftLogWorker.java:startLogSegment(394)) - 8d52824f-ad79-492b-8fae-12e0fefff0c3@group-3D8E039B1AC1-SegmentedRaftLogWorker: Starting segment from index:0
2021-10-16 01:05:38,168 [8d52824f-ad79-492b-8fae-12e0fefff0c3@group-3D8E039B1AC1-SegmentedRaftLogWorker] INFO  segmented.SegmentedRaftLogWorker (SegmentedRaftLogWorker.java:execute(601)) - 8d52824f-ad79-492b-8fae-12e0fefff0c3@group-3D8E039B1AC1-SegmentedRaftLogWorker: created new log segment /home/runner/work/ozone/ozone/hadoop-ozone/integration-test/target/test-dir/MiniOzoneClusterImpl-248ee1f4-0f5c-4e53-af87-c176a130d444/datanode-2/data/ratis/e48cc1de-99e0-4eeb-bee6-3d8e039b1ac1/current/log_inprogress_0
2021-10-16 01:05:38,170 [EventQueue-OpenPipelineForHealthyPipelineSafeModeRule] INFO  safemode.SCMSafeModeManager (HealthyPipelineSafeModeRule.java:process(124)) - SCM in safe mode. Healthy pipelines reported count is 0, required healthy pipeline reported count is 1
2021-10-16 01:05:38,172 [8d52824f-ad79-492b-8fae-12e0fefff0c3@group-3D8E039B1AC1-LeaderElection5] INFO  server.RaftServer$Division (ServerState.java:setRaftConf(387)) - 8d52824f-ad79-492b-8fae-12e0fefff0c3@group-3D8E039B1AC1: set configuration 0: [8d52824f-ad79-492b-8fae-12e0fefff0c3|rpc:10.1.0.55:39801|dataStream:|priority:1], old=null
2021-10-16 01:05:38,175 [8d52824f-ad79-492b-8fae-12e0fefff0c3@group-3D8E039B1AC1-StateMachineUpdater] INFO  ratis.ContainerStateMachine (ContainerStateMachine.java:takeSnapshot(292)) - group-3D8E039B1AC1: Taking a snapshot at:(t:1, i:0) file /home/runner/work/ozone/ozone/hadoop-ozone/integration-test/target/test-dir/MiniOzoneClusterImpl-248ee1f4-0f5c-4e53-af87-c176a130d444/datanode-2/data/ratis/e48cc1de-99e0-4eeb-bee6-3d8e039b1ac1/sm/snapshot.1_0
2021-10-16 01:05:38,176 [8d52824f-ad79-492b-8fae-12e0fefff0c3@group-3D8E039B1AC1-StateMachineUpdater] INFO  ratis.ContainerStateMachine (ContainerStateMachine.java:takeSnapshot(303)) - group-3D8E039B1AC1: Finished taking a snapshot at:(t:1, i:0) file:/home/runner/work/ozone/ozone/hadoop-ozone/integration-test/target/test-dir/MiniOzoneClusterImpl-248ee1f4-0f5c-4e53-af87-c176a130d444/datanode-2/data/ratis/e48cc1de-99e0-4eeb-bee6-3d8e039b1ac1/sm/snapshot.1_0 took: 0 ms
2021-10-16 01:05:38,176 [8d52824f-ad79-492b-8fae-12e0fefff0c3@group-3D8E039B1AC1-StateMachineUpdater] INFO  impl.StateMachineUpdater (StateMachineUpdater.java:takeSnapshot(281)) - 8d52824f-ad79-492b-8fae-12e0fefff0c3@group-3D8E039B1AC1-StateMachineUpdater: Took a snapshot at index 0
2021-10-16 01:05:38,176 [8d52824f-ad79-492b-8fae-12e0fefff0c3@group-3D8E039B1AC1-StateMachineUpdater] INFO  impl.StateMachineUpdater (StateMachineUpdater.java:lambda$new$0(89)) - 8d52824f-ad79-492b-8fae-12e0fefff0c3@group-3D8E039B1AC1-StateMachineUpdater: snapshotIndex: updateIncreasingly -1 -> 0
2021-10-16 01:05:38,211 [EventQueue-OpenPipelineForHealthyPipelineSafeModeRule] INFO  safemode.SCMSafeModeManager (HealthyPipelineSafeModeRule.java:process(124)) - SCM in safe mode. Healthy pipelines reported count is 0, required healthy pipeline reported count is 1
2021-10-16 01:05:38,254 [EventQueue-OpenPipelineForHealthyPipelineSafeModeRule] INFO  safemode.SCMSafeModeManager (HealthyPipelineSafeModeRule.java:process(124)) - SCM in safe mode. Healthy pipelines reported count is 0, required healthy pipeline reported count is 1
2021-10-16 01:05:38,311 [EventQueue-OpenPipelineForHealthyPipelineSafeModeRule] INFO  safemode.SCMSafeModeManager (HealthyPipelineSafeModeRule.java:process(124)) - SCM in safe mode. Healthy pipelines reported count is 0, required healthy pipeline reported count is 1
2021-10-16 01:05:38,319 [EventQueue-OpenPipelineForHealthyPipelineSafeModeRule] INFO  safemode.SCMSafeModeManager (HealthyPipelineSafeModeRule.java:process(124)) - SCM in safe mode. Healthy pipelines reported count is 0, required healthy pipeline reported count is 1
2021-10-16 01:05:38,321 [0ad9ea75-306a-4cf7-ba3a-0d6a659ae299@group-6C37C0E08CC0-FollowerState] INFO  impl.FollowerState (FollowerState.java:run(134)) - 0ad9ea75-306a-4cf7-ba3a-0d6a659ae299@group-6C37C0E08CC0-FollowerState: change to CANDIDATE, lastRpcElapsedTime:5100311930ns, electionTimeout:5093ms
2021-10-16 01:05:38,321 [0ad9ea75-306a-4cf7-ba3a-0d6a659ae299@group-6C37C0E08CC0-FollowerState] INFO  impl.RoleInfo (RoleInfo.java:shutdownFollowerState(108)) - 0ad9ea75-306a-4cf7-ba3a-0d6a659ae299: shutdown 0ad9ea75-306a-4cf7-ba3a-0d6a659ae299@group-6C37C0E08CC0-FollowerState
2021-10-16 01:05:38,321 [0ad9ea75-306a-4cf7-ba3a-0d6a659ae299@group-6C37C0E08CC0-FollowerState] INFO  server.RaftServer$Division (RaftServerImpl.java:setRole(285)) - 0ad9ea75-306a-4cf7-ba3a-0d6a659ae299@group-6C37C0E08CC0: changes role from  FOLLOWER to CANDIDATE at term 0 for changeToCandidate
2021-10-16 01:05:38,322 [0ad9ea75-306a-4cf7-ba3a-0d6a659ae299@group-6C37C0E08CC0-FollowerState] INFO  server.RaftServerConfigKeys (ConfUtils.java:logGet(44)) - raft.server.leaderelection.pre-vote = false (custom)
2021-10-16 01:05:38,322 [0ad9ea75-306a-4cf7-ba3a-0d6a659ae299@group-6C37C0E08CC0-FollowerState] INFO  impl.RoleInfo (RoleInfo.java:updateAndGet(130)) - 0ad9ea75-306a-4cf7-ba3a-0d6a659ae299: start 0ad9ea75-306a-4cf7-ba3a-0d6a659ae299@group-6C37C0E08CC0-LeaderElection6
2021-10-16 01:05:38,328 [0ad9ea75-306a-4cf7-ba3a-0d6a659ae299@group-6C37C0E08CC0-LeaderElection6] INFO  impl.LeaderElection (LeaderElection.java:askForVotes(306)) - 0ad9ea75-306a-4cf7-ba3a-0d6a659ae299@group-6C37C0E08CC0-LeaderElection6 ELECTION round 0: submit vote requests at term 1 for -1: [0ad9ea75-306a-4cf7-ba3a-0d6a659ae299|rpc:10.1.0.55:35779|priority:0, b875dbc0-fa4a-4375-91ba-3cc15c85989b|rpc:10.1.0.55:37245|priority:0, 8d52824f-ad79-492b-8fae-12e0fefff0c3|rpc:10.1.0.55:39801|priority:1], old=null
2021-10-16 01:05:38,345 [grpc-default-executor-0] INFO  server.RaftServer$Division (RaftServerImpl.java:requestVote(1043)) - 8d52824f-ad79-492b-8fae-12e0fefff0c3@group-6C37C0E08CC0: receive requestVote(ELECTION, 0ad9ea75-306a-4cf7-ba3a-0d6a659ae299, group-6C37C0E08CC0, 1, (t:0, i:0))
2021-10-16 01:05:38,345 [grpc-default-executor-0] INFO  impl.VoteContext (VoteContext.java:log(48)) - 8d52824f-ad79-492b-8fae-12e0fefff0c3@group-6C37C0E08CC0-FOLLOWER: reject ELECTION from 0ad9ea75-306a-4cf7-ba3a-0d6a659ae299: our priority 1 > candidate's priority 0
2021-10-16 01:05:38,345 [grpc-default-executor-0] INFO  server.RaftServer$Division (RaftServerImpl.java:setRole(285)) - 8d52824f-ad79-492b-8fae-12e0fefff0c3@group-6C37C0E08CC0: changes role from  FOLLOWER to FOLLOWER at term 1 for candidate:0ad9ea75-306a-4cf7-ba3a-0d6a659ae299
2021-10-16 01:05:38,345 [grpc-default-executor-0] INFO  impl.RoleInfo (RoleInfo.java:shutdownFollowerState(108)) - 8d52824f-ad79-492b-8fae-12e0fefff0c3: shutdown 8d52824f-ad79-492b-8fae-12e0fefff0c3@group-6C37C0E08CC0-FollowerState
2021-10-16 01:05:38,345 [grpc-default-executor-0] INFO  impl.RoleInfo (RoleInfo.java:updateAndGet(130)) - 8d52824f-ad79-492b-8fae-12e0fefff0c3: start 8d52824f-ad79-492b-8fae-12e0fefff0c3@group-6C37C0E08CC0-FollowerState
2021-10-16 01:05:38,345 [8d52824f-ad79-492b-8fae-12e0fefff0c3@group-6C37C0E08CC0-FollowerState] INFO  impl.FollowerState (FollowerState.java:run(143)) - 8d52824f-ad79-492b-8fae-12e0fefff0c3@group-6C37C0E08CC0-FollowerState was interrupted: {}
java.lang.InterruptedException: sleep interrupted
	at java.lang.Thread.sleep(Native Method)
	at java.lang.Thread.sleep(Thread.java:340)
	at java.util.concurrent.TimeUnit.sleep(TimeUnit.java:386)
	at org.apache.ratis.util.TimeDuration.sleep(TimeDuration.java:324)
	at org.apache.ratis.util.TimeDuration.sleep(TimeDuration.java:309)
	at org.apache.ratis.server.impl.FollowerState.run(FollowerState.java:118)
2021-10-16 01:05:38,352 [grpc-default-executor-0] INFO  server.RaftServer$Division (RaftServerImpl.java:requestVote(1075)) - 8d52824f-ad79-492b-8fae-12e0fefff0c3@group-6C37C0E08CC0 replies to ELECTION vote request: 0ad9ea75-306a-4cf7-ba3a-0d6a659ae299<-8d52824f-ad79-492b-8fae-12e0fefff0c3#0:FAIL-t1. Peer's state: 8d52824f-ad79-492b-8fae-12e0fefff0c3@group-6C37C0E08CC0:t1, leader=null, voted=null, raftlog=8d52824f-ad79-492b-8fae-12e0fefff0c3@group-6C37C0E08CC0-SegmentedRaftLog:OPENED:c-1,f-1,i0, conf=-1: [0ad9ea75-306a-4cf7-ba3a-0d6a659ae299|rpc:10.1.0.55:35779|dataStream:|priority:0, b875dbc0-fa4a-4375-91ba-3cc15c85989b|rpc:10.1.0.55:37245|dataStream:|priority:0, 8d52824f-ad79-492b-8fae-12e0fefff0c3|rpc:10.1.0.55:39801|dataStream:|priority:1], old=null
2021-10-16 01:05:38,353 [grpc-default-executor-2] INFO  server.RaftServer$Division (RaftServerImpl.java:requestVote(1043)) - b875dbc0-fa4a-4375-91ba-3cc15c85989b@group-6C37C0E08CC0: receive requestVote(ELECTION, 0ad9ea75-306a-4cf7-ba3a-0d6a659ae299, group-6C37C0E08CC0, 1, (t:0, i:0))
2021-10-16 01:05:38,353 [grpc-default-executor-2] INFO  impl.VoteContext (VoteContext.java:log(48)) - b875dbc0-fa4a-4375-91ba-3cc15c85989b@group-6C37C0E08CC0-FOLLOWER: accept ELECTION from 0ad9ea75-306a-4cf7-ba3a-0d6a659ae299: our priority 0 <= candidate's priority 0
2021-10-16 01:05:38,354 [grpc-default-executor-2] INFO  server.RaftServer$Division (RaftServerImpl.java:setRole(285)) - b875dbc0-fa4a-4375-91ba-3cc15c85989b@group-6C37C0E08CC0: changes role from  FOLLOWER to FOLLOWER at term 1 for candidate:0ad9ea75-306a-4cf7-ba3a-0d6a659ae299
2021-10-16 01:05:38,354 [grpc-default-executor-2] INFO  impl.RoleInfo (RoleInfo.java:shutdownFollowerState(108)) - b875dbc0-fa4a-4375-91ba-3cc15c85989b: shutdown b875dbc0-fa4a-4375-91ba-3cc15c85989b@group-6C37C0E08CC0-FollowerState
2021-10-16 01:05:38,354 [grpc-default-executor-2] INFO  impl.RoleInfo (RoleInfo.java:updateAndGet(130)) - b875dbc0-fa4a-4375-91ba-3cc15c85989b: start b875dbc0-fa4a-4375-91ba-3cc15c85989b@group-6C37C0E08CC0-FollowerState
2021-10-16 01:05:38,354 [b875dbc0-fa4a-4375-91ba-3cc15c85989b@group-6C37C0E08CC0-FollowerState] INFO  impl.FollowerState (FollowerState.java:run(143)) - b875dbc0-fa4a-4375-91ba-3cc15c85989b@group-6C37C0E08CC0-FollowerState was interrupted: {}
java.lang.InterruptedException: sleep interrupted
	at java.lang.Thread.sleep(Native Method)
	at java.lang.Thread.sleep(Thread.java:340)
	at java.util.concurrent.TimeUnit.sleep(TimeUnit.java:386)
	at org.apache.ratis.util.TimeDuration.sleep(TimeDuration.java:324)
	at org.apache.ratis.util.TimeDuration.sleep(TimeDuration.java:309)
	at org.apache.ratis.server.impl.FollowerState.run(FollowerState.java:118)
2021-10-16 01:05:38,356 [0ad9ea75-306a-4cf7-ba3a-0d6a659ae299@group-6C37C0E08CC0-LeaderElection6] INFO  impl.LeaderElection (LeaderElection.java:logAndReturn(89)) - 0ad9ea75-306a-4cf7-ba3a-0d6a659ae299@group-6C37C0E08CC0-LeaderElection6: ELECTION REJECTED received 1 response(s) and 0 exception(s):
2021-10-16 01:05:38,359 [0ad9ea75-306a-4cf7-ba3a-0d6a659ae299@group-6C37C0E08CC0-LeaderElection6] INFO  impl.LeaderElection (LeaderElection.java:logAndReturn(93)) -   Response 0: 0ad9ea75-306a-4cf7-ba3a-0d6a659ae299<-8d52824f-ad79-492b-8fae-12e0fefff0c3#0:FAIL-t1
2021-10-16 01:05:38,359 [0ad9ea75-306a-4cf7-ba3a-0d6a659ae299@group-6C37C0E08CC0-LeaderElection6] INFO  impl.LeaderElection (LeaderElection.java:askForVotes(308)) - 0ad9ea75-306a-4cf7-ba3a-0d6a659ae299@group-6C37C0E08CC0-LeaderElection6 ELECTION round 0: result REJECTED
2021-10-16 01:05:38,359 [0ad9ea75-306a-4cf7-ba3a-0d6a659ae299@group-6C37C0E08CC0-LeaderElection6] INFO  server.RaftServer$Division (RaftServerImpl.java:setRole(285)) - 0ad9ea75-306a-4cf7-ba3a-0d6a659ae299@group-6C37C0E08CC0: changes role from CANDIDATE to FOLLOWER at term 1 for REJECTED
2021-10-16 01:05:38,359 [0ad9ea75-306a-4cf7-ba3a-0d6a659ae299@group-6C37C0E08CC0-LeaderElection6] INFO  impl.RoleInfo (RoleInfo.java:shutdownLeaderElection(121)) - 0ad9ea75-306a-4cf7-ba3a-0d6a659ae299: shutdown 0ad9ea75-306a-4cf7-ba3a-0d6a659ae299@group-6C37C0E08CC0-LeaderElection6
2021-10-16 01:05:38,359 [0ad9ea75-306a-4cf7-ba3a-0d6a659ae299@group-6C37C0E08CC0-LeaderElection6] INFO  impl.RoleInfo (RoleInfo.java:updateAndGet(130)) - 0ad9ea75-306a-4cf7-ba3a-0d6a659ae299: start 0ad9ea75-306a-4cf7-ba3a-0d6a659ae299@group-6C37C0E08CC0-FollowerState
2021-10-16 01:05:38,358 [grpc-default-executor-2] INFO  server.RaftServer$Division (RaftServerImpl.java:requestVote(1075)) - b875dbc0-fa4a-4375-91ba-3cc15c85989b@group-6C37C0E08CC0 replies to ELECTION vote request: 0ad9ea75-306a-4cf7-ba3a-0d6a659ae299<-b875dbc0-fa4a-4375-91ba-3cc15c85989b#0:OK-t1. Peer's state: b875dbc0-fa4a-4375-91ba-3cc15c85989b@group-6C37C0E08CC0:t1, leader=null, voted=0ad9ea75-306a-4cf7-ba3a-0d6a659ae299, raftlog=b875dbc0-fa4a-4375-91ba-3cc15c85989b@group-6C37C0E08CC0-SegmentedRaftLog:OPENED:c-1,f-1,i0, conf=-1: [0ad9ea75-306a-4cf7-ba3a-0d6a659ae299|rpc:10.1.0.55:35779|priority:0, b875dbc0-fa4a-4375-91ba-3cc15c85989b|rpc:10.1.0.55:37245|priority:0, 8d52824f-ad79-492b-8fae-12e0fefff0c3|rpc:10.1.0.55:39801|priority:1], old=null
2021-10-16 01:05:38,366 [EventQueue-OpenPipelineForHealthyPipelineSafeModeRule] INFO  safemode.SCMSafeModeManager (HealthyPipelineSafeModeRule.java:process(124)) - SCM in safe mode. Healthy pipelines reported count is 0, required healthy pipeline reported count is 1
2021-10-16 01:05:38,395 [9788528e-c4e7-43d7-a896-13140055b23a@group-45D0AF5F9F82-FollowerState] INFO  impl.FollowerState (FollowerState.java:run(134)) - 9788528e-c4e7-43d7-a896-13140055b23a@group-45D0AF5F9F82-FollowerState: change to CANDIDATE, lastRpcElapsedTime:5010041069ns, electionTimeout:5009ms
2021-10-16 01:05:38,397 [9788528e-c4e7-43d7-a896-13140055b23a@group-45D0AF5F9F82-FollowerState] INFO  impl.RoleInfo (RoleInfo.java:shutdownFollowerState(108)) - 9788528e-c4e7-43d7-a896-13140055b23a: shutdown 9788528e-c4e7-43d7-a896-13140055b23a@group-45D0AF5F9F82-FollowerState
2021-10-16 01:05:38,397 [9788528e-c4e7-43d7-a896-13140055b23a@group-45D0AF5F9F82-FollowerState] INFO  server.RaftServer$Division (RaftServerImpl.java:setRole(285)) - 9788528e-c4e7-43d7-a896-13140055b23a@group-45D0AF5F9F82: changes role from  FOLLOWER to CANDIDATE at term 0 for changeToCandidate
2021-10-16 01:05:38,398 [9788528e-c4e7-43d7-a896-13140055b23a@group-45D0AF5F9F82-FollowerState] INFO  server.RaftServerConfigKeys (ConfUtils.java:logGet(44)) - raft.server.leaderelection.pre-vote = false (custom)
2021-10-16 01:05:38,398 [9788528e-c4e7-43d7-a896-13140055b23a@group-45D0AF5F9F82-FollowerState] INFO  impl.RoleInfo (RoleInfo.java:updateAndGet(130)) - 9788528e-c4e7-43d7-a896-13140055b23a: start 9788528e-c4e7-43d7-a896-13140055b23a@group-45D0AF5F9F82-LeaderElection7
2021-10-16 01:05:38,405 [9788528e-c4e7-43d7-a896-13140055b23a@group-45D0AF5F9F82-LeaderElection7] INFO  impl.LeaderElection (LeaderElection.java:askForVotes(306)) - 9788528e-c4e7-43d7-a896-13140055b23a@group-45D0AF5F9F82-LeaderElection7 ELECTION round 0: submit vote requests at term 1 for -1: [5d47f048-385c-4622-902c-1a2c4fbfa0fd|rpc:10.1.0.55:38959|dataStream:|priority:1, 7a90a2fd-4c46-424f-b10b-a3a7d32abd98|rpc:10.1.0.55:46627|dataStream:|priority:0, 9788528e-c4e7-43d7-a896-13140055b23a|rpc:10.1.0.55:44875|dataStream:|priority:0], old=null
2021-10-16 01:05:38,407 [5d47f048-385c-4622-902c-1a2c4fbfa0fd@group-45D0AF5F9F82-FollowerState] INFO  impl.FollowerState (FollowerState.java:run(134)) - 5d47f048-385c-4622-902c-1a2c4fbfa0fd@group-45D0AF5F9F82-FollowerState: change to CANDIDATE, lastRpcElapsedTime:5096725646ns, electionTimeout:5093ms
2021-10-16 01:05:38,407 [5d47f048-385c-4622-902c-1a2c4fbfa0fd@group-45D0AF5F9F82-FollowerState] INFO  impl.RoleInfo (RoleInfo.java:shutdownFollowerState(108)) - 5d47f048-385c-4622-902c-1a2c4fbfa0fd: shutdown 5d47f048-385c-4622-902c-1a2c4fbfa0fd@group-45D0AF5F9F82-FollowerState
2021-10-16 01:05:38,407 [5d47f048-385c-4622-902c-1a2c4fbfa0fd@group-45D0AF5F9F82-FollowerState] INFO  server.RaftServer$Division (RaftServerImpl.java:setRole(285)) - 5d47f048-385c-4622-902c-1a2c4fbfa0fd@group-45D0AF5F9F82: changes role from  FOLLOWER to CANDIDATE at term 0 for changeToCandidate
2021-10-16 01:05:38,411 [5d47f048-385c-4622-902c-1a2c4fbfa0fd@group-45D0AF5F9F82-FollowerState] INFO  server.RaftServerConfigKeys (ConfUtils.java:logGet(44)) - raft.server.leaderelection.pre-vote = false (custom)
2021-10-16 01:05:38,411 [5d47f048-385c-4622-902c-1a2c4fbfa0fd@group-45D0AF5F9F82-FollowerState] INFO  impl.RoleInfo (RoleInfo.java:updateAndGet(130)) - 5d47f048-385c-4622-902c-1a2c4fbfa0fd: start 5d47f048-385c-4622-902c-1a2c4fbfa0fd@group-45D0AF5F9F82-LeaderElection8
2021-10-16 01:05:38,428 [grpc-default-executor-2] INFO  server.RaftServer$Division (RaftServerImpl.java:requestVote(1043)) - 7a90a2fd-4c46-424f-b10b-a3a7d32abd98@group-45D0AF5F9F82: receive requestVote(ELECTION, 9788528e-c4e7-43d7-a896-13140055b23a, group-45D0AF5F9F82, 1, (t:0, i:0))
2021-10-16 01:05:38,430 [grpc-default-executor-2] INFO  impl.VoteContext (VoteContext.java:log(48)) - 7a90a2fd-4c46-424f-b10b-a3a7d32abd98@group-45D0AF5F9F82-FOLLOWER: accept ELECTION from 9788528e-c4e7-43d7-a896-13140055b23a: our priority 0 <= candidate's priority 0
2021-10-16 01:05:38,431 [grpc-default-executor-2] INFO  server.RaftServer$Division (RaftServerImpl.java:setRole(285)) - 7a90a2fd-4c46-424f-b10b-a3a7d32abd98@group-45D0AF5F9F82: changes role from  FOLLOWER to FOLLOWER at term 1 for candidate:9788528e-c4e7-43d7-a896-13140055b23a
2021-10-16 01:05:38,431 [5d47f048-385c-4622-902c-1a2c4fbfa0fd@group-E433C4010EB1-FollowerState] INFO  impl.FollowerState (FollowerState.java:run(134)) - 5d47f048-385c-4622-902c-1a2c4fbfa0fd@group-E433C4010EB1-FollowerState: change to CANDIDATE, lastRpcElapsedTime:5168346579ns, electionTimeout:5167ms
2021-10-16 01:05:38,431 [grpc-default-executor-2] INFO  impl.RoleInfo (RoleInfo.java:shutdownFollowerState(108)) - 7a90a2fd-4c46-424f-b10b-a3a7d32abd98: shutdown 7a90a2fd-4c46-424f-b10b-a3a7d32abd98@group-45D0AF5F9F82-FollowerState
2021-10-16 01:05:38,433 [grpc-default-executor-2] INFO  impl.RoleInfo (RoleInfo.java:updateAndGet(130)) - 7a90a2fd-4c46-424f-b10b-a3a7d32abd98: start 7a90a2fd-4c46-424f-b10b-a3a7d32abd98@group-45D0AF5F9F82-FollowerState
2021-10-16 01:05:38,434 [7a90a2fd-4c46-424f-b10b-a3a7d32abd98@group-45D0AF5F9F82-FollowerState] INFO  impl.FollowerState (FollowerState.java:run(143)) - 7a90a2fd-4c46-424f-b10b-a3a7d32abd98@group-45D0AF5F9F82-FollowerState was interrupted: {}
java.lang.InterruptedException: sleep interrupted
	at java.lang.Thread.sleep(Native Method)
	at java.lang.Thread.sleep(Thread.java:340)
	at java.util.concurrent.TimeUnit.sleep(TimeUnit.java:386)
	at org.apache.ratis.util.TimeDuration.sleep(TimeDuration.java:324)
	at org.apache.ratis.util.TimeDuration.sleep(TimeDuration.java:309)
	at org.apache.ratis.server.impl.FollowerState.run(FollowerState.java:118)
2021-10-16 01:05:38,433 [5d47f048-385c-4622-902c-1a2c4fbfa0fd@group-45D0AF5F9F82-LeaderElection8] INFO  impl.LeaderElection (LeaderElection.java:askForVotes(306)) - 5d47f048-385c-4622-902c-1a2c4fbfa0fd@group-45D0AF5F9F82-LeaderElection8 ELECTION round 0: submit vote requests at term 1 for -1: [5d47f048-385c-4622-902c-1a2c4fbfa0fd|rpc:10.1.0.55:38959|priority:1, 7a90a2fd-4c46-424f-b10b-a3a7d32abd98|rpc:10.1.0.55:46627|priority:0, 9788528e-c4e7-43d7-a896-13140055b23a|rpc:10.1.0.55:44875|priority:0], old=null
2021-10-16 01:05:38,435 [5d47f048-385c-4622-902c-1a2c4fbfa0fd@group-E433C4010EB1-FollowerState] INFO  impl.RoleInfo (RoleInfo.java:shutdownFollowerState(108)) - 5d47f048-385c-4622-902c-1a2c4fbfa0fd: shutdown 5d47f048-385c-4622-902c-1a2c4fbfa0fd@group-E433C4010EB1-FollowerState
2021-10-16 01:05:38,436 [5d47f048-385c-4622-902c-1a2c4fbfa0fd@group-E433C4010EB1-FollowerState] INFO  server.RaftServer$Division (RaftServerImpl.java:setRole(285)) - 5d47f048-385c-4622-902c-1a2c4fbfa0fd@group-E433C4010EB1: changes role from  FOLLOWER to CANDIDATE at term 0 for changeToCandidate
2021-10-16 01:05:38,440 [5d47f048-385c-4622-902c-1a2c4fbfa0fd@group-E433C4010EB1-FollowerState] INFO  server.RaftServerConfigKeys (ConfUtils.java:logGet(44)) - raft.server.leaderelection.pre-vote = false (custom)
2021-10-16 01:05:38,440 [5d47f048-385c-4622-902c-1a2c4fbfa0fd@group-E433C4010EB1-FollowerState] INFO  impl.RoleInfo (RoleInfo.java:updateAndGet(130)) - 5d47f048-385c-4622-902c-1a2c4fbfa0fd: start 5d47f048-385c-4622-902c-1a2c4fbfa0fd@group-E433C4010EB1-LeaderElection9
2021-10-16 01:05:38,442 [grpc-default-executor-2] INFO  server.RaftServer$Division (RaftServerImpl.java:requestVote(1075)) - 7a90a2fd-4c46-424f-b10b-a3a7d32abd98@group-45D0AF5F9F82 replies to ELECTION vote request: 9788528e-c4e7-43d7-a896-13140055b23a<-7a90a2fd-4c46-424f-b10b-a3a7d32abd98#0:OK-t1. Peer's state: 7a90a2fd-4c46-424f-b10b-a3a7d32abd98@group-45D0AF5F9F82:t1, leader=null, voted=9788528e-c4e7-43d7-a896-13140055b23a, raftlog=7a90a2fd-4c46-424f-b10b-a3a7d32abd98@group-45D0AF5F9F82-SegmentedRaftLog:OPENED:c-1,f-1,i0, conf=-1: [5d47f048-385c-4622-902c-1a2c4fbfa0fd|rpc:10.1.0.55:38959|dataStream:|priority:1, 7a90a2fd-4c46-424f-b10b-a3a7d32abd98|rpc:10.1.0.55:46627|dataStream:|priority:0, 9788528e-c4e7-43d7-a896-13140055b23a|rpc:10.1.0.55:44875|dataStream:|priority:0], old=null
2021-10-16 01:05:38,454 [grpc-default-executor-0] INFO  server.RaftServer$Division (RaftServerImpl.java:requestVote(1043)) - 5d47f048-385c-4622-902c-1a2c4fbfa0fd@group-45D0AF5F9F82: receive requestVote(ELECTION, 9788528e-c4e7-43d7-a896-13140055b23a, group-45D0AF5F9F82, 1, (t:0, i:0))
2021-10-16 01:05:38,454 [grpc-default-executor-0] INFO  impl.VoteContext (VoteContext.java:log(48)) - 5d47f048-385c-4622-902c-1a2c4fbfa0fd@group-45D0AF5F9F82-CANDIDATE: reject ELECTION from 9788528e-c4e7-43d7-a896-13140055b23a: already has voted for 5d47f048-385c-4622-902c-1a2c4fbfa0fd at current term 1
2021-10-16 01:05:38,454 [grpc-default-executor-0] INFO  server.RaftServer$Division (RaftServerImpl.java:requestVote(1075)) - 5d47f048-385c-4622-902c-1a2c4fbfa0fd@group-45D0AF5F9F82 replies to ELECTION vote request: 9788528e-c4e7-43d7-a896-13140055b23a<-5d47f048-385c-4622-902c-1a2c4fbfa0fd#0:FAIL-t1. Peer's state: 5d47f048-385c-4622-902c-1a2c4fbfa0fd@group-45D0AF5F9F82:t1, leader=null, voted=5d47f048-385c-4622-902c-1a2c4fbfa0fd, raftlog=5d47f048-385c-4622-902c-1a2c4fbfa0fd@group-45D0AF5F9F82-SegmentedRaftLog:OPENED:c-1,f-1,i0, conf=-1: [5d47f048-385c-4622-902c-1a2c4fbfa0fd|rpc:10.1.0.55:38959|priority:1, 7a90a2fd-4c46-424f-b10b-a3a7d32abd98|rpc:10.1.0.55:46627|priority:0, 9788528e-c4e7-43d7-a896-13140055b23a|rpc:10.1.0.55:44875|priority:0], old=null
2021-10-16 01:05:38,456 [EventQueue-OpenPipelineForHealthyPipelineSafeModeRule] INFO  safemode.SCMSafeModeManager (HealthyPipelineSafeModeRule.java:process(124)) - SCM in safe mode. Healthy pipelines reported count is 0, required healthy pipeline reported count is 1
2021-10-16 01:05:38,460 [9788528e-c4e7-43d7-a896-13140055b23a@group-45D0AF5F9F82-LeaderElection7] INFO  impl.LeaderElection (LeaderElection.java:logAndReturn(89)) - 9788528e-c4e7-43d7-a896-13140055b23a@group-45D0AF5F9F82-LeaderElection7: ELECTION REJECTED received 2 response(s) and 0 exception(s):
2021-10-16 01:05:38,462 [9788528e-c4e7-43d7-a896-13140055b23a@group-45D0AF5F9F82-LeaderElection7] INFO  impl.LeaderElection (LeaderElection.java:logAndReturn(93)) -   Response 0: 9788528e-c4e7-43d7-a896-13140055b23a<-5d47f048-385c-4622-902c-1a2c4fbfa0fd#0:FAIL-t1
2021-10-16 01:05:38,462 [9788528e-c4e7-43d7-a896-13140055b23a@group-45D0AF5F9F82-LeaderElection7] INFO  impl.LeaderElection (LeaderElection.java:logAndReturn(93)) -   Response 1: 9788528e-c4e7-43d7-a896-13140055b23a<-7a90a2fd-4c46-424f-b10b-a3a7d32abd98#0:OK-t1
2021-10-16 01:05:38,462 [9788528e-c4e7-43d7-a896-13140055b23a@group-45D0AF5F9F82-LeaderElection7] INFO  impl.LeaderElection (LeaderElection.java:askForVotes(308)) - 9788528e-c4e7-43d7-a896-13140055b23a@group-45D0AF5F9F82-LeaderElection7 ELECTION round 0: result REJECTED
2021-10-16 01:05:38,467 [9788528e-c4e7-43d7-a896-13140055b23a@group-45D0AF5F9F82-LeaderElection7] INFO  server.RaftServer$Division (RaftServerImpl.java:setRole(285)) - 9788528e-c4e7-43d7-a896-13140055b23a@group-45D0AF5F9F82: changes role from CANDIDATE to FOLLOWER at term 1 for REJECTED
2021-10-16 01:05:38,468 [9788528e-c4e7-43d7-a896-13140055b23a@group-45D0AF5F9F82-LeaderElection7] INFO  impl.RoleInfo (RoleInfo.java:shutdownLeaderElection(121)) - 9788528e-c4e7-43d7-a896-13140055b23a: shutdown 9788528e-c4e7-43d7-a896-13140055b23a@group-45D0AF5F9F82-LeaderElection7
2021-10-16 01:05:38,468 [9788528e-c4e7-43d7-a896-13140055b23a@group-45D0AF5F9F82-LeaderElection7] INFO  impl.RoleInfo (RoleInfo.java:updateAndGet(130)) - 9788528e-c4e7-43d7-a896-13140055b23a: start 9788528e-c4e7-43d7-a896-13140055b23a@group-45D0AF5F9F82-FollowerState
2021-10-16 01:05:38,472 [5d47f048-385c-4622-902c-1a2c4fbfa0fd@group-E433C4010EB1-LeaderElection9] INFO  impl.LeaderElection (LeaderElection.java:askForVotes(306)) - 5d47f048-385c-4622-902c-1a2c4fbfa0fd@group-E433C4010EB1-LeaderElection9 ELECTION round 0: submit vote requests at term 1 for -1: [5d47f048-385c-4622-902c-1a2c4fbfa0fd|rpc:10.1.0.55:38959|priority:1], old=null
2021-10-16 01:05:38,473 [5d47f048-385c-4622-902c-1a2c4fbfa0fd@group-E433C4010EB1-LeaderElection9] INFO  impl.LeaderElection (LeaderElection.java:askForVotes(308)) - 5d47f048-385c-4622-902c-1a2c4fbfa0fd@group-E433C4010EB1-LeaderElection9 ELECTION round 0: result PASSED (term=1)
2021-10-16 01:05:38,473 [5d47f048-385c-4622-902c-1a2c4fbfa0fd@group-E433C4010EB1-LeaderElection9] INFO  impl.RoleInfo (RoleInfo.java:shutdownLeaderElection(121)) - 5d47f048-385c-4622-902c-1a2c4fbfa0fd: shutdown 5d47f048-385c-4622-902c-1a2c4fbfa0fd@group-E433C4010EB1-LeaderElection9
2021-10-16 01:05:38,473 [5d47f048-385c-4622-902c-1a2c4fbfa0fd@group-E433C4010EB1-LeaderElection9] INFO  server.RaftServer$Division (RaftServerImpl.java:setRole(285)) - 5d47f048-385c-4622-902c-1a2c4fbfa0fd@group-E433C4010EB1: changes role from CANDIDATE to LEADER at term 1 for changeToLeader
2021-10-16 01:05:38,473 [5d47f048-385c-4622-902c-1a2c4fbfa0fd@group-E433C4010EB1-LeaderElection9] INFO  ratis.XceiverServerRatis (XceiverServerRatis.java:handleLeaderChangedNotification(866)) - Leader change notification received for group: group-E433C4010EB1 with new leaderId: 5d47f048-385c-4622-902c-1a2c4fbfa0fd
2021-10-16 01:05:38,473 [Datanode State Machine Thread - 0] WARN  statemachine.StateContext (StateContext.java:execute(621)) - No available thread in pool for past 0 seconds.
2021-10-16 01:05:38,474 [5d47f048-385c-4622-902c-1a2c4fbfa0fd@group-E433C4010EB1-LeaderElection9] INFO  server.RaftServer$Division (ServerState.java:setLeader(285)) - 5d47f048-385c-4622-902c-1a2c4fbfa0fd@group-E433C4010EB1: change Leader from null to 5d47f048-385c-4622-902c-1a2c4fbfa0fd at term 1 for becomeLeader, leader elected after 5239ms
2021-10-16 01:05:38,477 [5d47f048-385c-4622-902c-1a2c4fbfa0fd@group-E433C4010EB1-LeaderElection9] INFO  server.RaftServerConfigKeys (ConfUtils.java:logGet(44)) - raft.server.staging.catchup.gap = 1000 (default)
2021-10-16 01:05:38,478 [EventQueue-OpenPipelineForHealthyPipelineSafeModeRule] INFO  safemode.SCMSafeModeManager (HealthyPipelineSafeModeRule.java:process(124)) - SCM in safe mode. Healthy pipelines reported count is 0, required healthy pipeline reported count is 1
2021-10-16 01:05:38,478 [5d47f048-385c-4622-902c-1a2c4fbfa0fd@group-E433C4010EB1-LeaderElection9] INFO  server.RaftServerConfigKeys (ConfUtils.java:logGet(44)) - raft.server.write.element-limit = 1024 (custom)
2021-10-16 01:05:38,478 [grpc-default-executor-0] INFO  server.RaftServer$Division (RaftServerImpl.java:requestVote(1043)) - 7a90a2fd-4c46-424f-b10b-a3a7d32abd98@group-45D0AF5F9F82: receive requestVote(ELECTION, 5d47f048-385c-4622-902c-1a2c4fbfa0fd, group-45D0AF5F9F82, 1, (t:0, i:0))
2021-10-16 01:05:38,478 [5d47f048-385c-4622-902c-1a2c4fbfa0fd@group-E433C4010EB1-LeaderElection9] INFO  server.RaftServerConfigKeys (ConfUtils.java:logGet(44)) - raft.server.write.byte-limit = 1024 M (=1073741824) (custom)
2021-10-16 01:05:38,479 [5d47f048-385c-4622-902c-1a2c4fbfa0fd@group-E433C4010EB1-LeaderElection9] INFO  server.RaftServerConfigKeys (ConfUtils.java:logGet(44)) - raft.server.watch.timeout = 10000ms (default)
2021-10-16 01:05:38,479 [5d47f048-385c-4622-902c-1a2c4fbfa0fd@group-E433C4010EB1-LeaderElection9] INFO  server.RaftServerConfigKeys (ConfUtils.java:logGet(44)) - raft.server.watch.timeout.denomination = 1s (default)
2021-10-16 01:05:38,479 [5d47f048-385c-4622-902c-1a2c4fbfa0fd@group-E433C4010EB1-LeaderElection9] INFO  server.RaftServerConfigKeys (ConfUtils.java:logGet(44)) - raft.server.watch.element-limit = 65536 (default)
2021-10-16 01:05:38,479 [5d47f048-385c-4622-902c-1a2c4fbfa0fd@group-E433C4010EB1-LeaderElection9] INFO  impl.RoleInfo (RoleInfo.java:updateAndGet(130)) - 5d47f048-385c-4622-902c-1a2c4fbfa0fd: start 5d47f048-385c-4622-902c-1a2c4fbfa0fd@group-E433C4010EB1-LeaderStateImpl
2021-10-16 01:05:38,480 [5d47f048-385c-4622-902c-1a2c4fbfa0fd@group-E433C4010EB1-LeaderElection9] INFO  segmented.SegmentedRaftLogWorker (SegmentedRaftLogWorker.java:startLogSegment(394)) - 5d47f048-385c-4622-902c-1a2c4fbfa0fd@group-E433C4010EB1-SegmentedRaftLogWorker: Starting segment from index:0
2021-10-16 01:05:38,482 [5d47f048-385c-4622-902c-1a2c4fbfa0fd@group-E433C4010EB1-SegmentedRaftLogWorker] INFO  segmented.SegmentedRaftLogWorker (SegmentedRaftLogWorker.java:execute(601)) - 5d47f048-385c-4622-902c-1a2c4fbfa0fd@group-E433C4010EB1-SegmentedRaftLogWorker: created new log segment /home/runner/work/ozone/ozone/hadoop-ozone/integration-test/target/test-dir/MiniOzoneClusterImpl-248ee1f4-0f5c-4e53-af87-c176a130d444/datanode-3/data/ratis/56fff4e8-d118-4d0b-abb6-e433c4010eb1/current/log_inprogress_0
2021-10-16 01:05:38,484 [grpc-default-executor-0] INFO  impl.VoteContext (VoteContext.java:log(48)) - 7a90a2fd-4c46-424f-b10b-a3a7d32abd98@group-45D0AF5F9F82-FOLLOWER: reject ELECTION from 5d47f048-385c-4622-902c-1a2c4fbfa0fd: already has voted for 9788528e-c4e7-43d7-a896-13140055b23a at current term 1
2021-10-16 01:05:38,485 [grpc-default-executor-0] INFO  server.RaftServer$Division (RaftServerImpl.java:requestVote(1075)) - 7a90a2fd-4c46-424f-b10b-a3a7d32abd98@group-45D0AF5F9F82 replies to ELECTION vote request: 5d47f048-385c-4622-902c-1a2c4fbfa0fd<-7a90a2fd-4c46-424f-b10b-a3a7d32abd98#0:FAIL-t1. Peer's state: 7a90a2fd-4c46-424f-b10b-a3a7d32abd98@group-45D0AF5F9F82:t1, leader=null, voted=9788528e-c4e7-43d7-a896-13140055b23a, raftlog=7a90a2fd-4c46-424f-b10b-a3a7d32abd98@group-45D0AF5F9F82-SegmentedRaftLog:OPENED:c-1,f-1,i0, conf=-1: [5d47f048-385c-4622-902c-1a2c4fbfa0fd|rpc:10.1.0.55:38959|dataStream:|priority:1, 7a90a2fd-4c46-424f-b10b-a3a7d32abd98|rpc:10.1.0.55:46627|dataStream:|priority:0, 9788528e-c4e7-43d7-a896-13140055b23a|rpc:10.1.0.55:44875|dataStream:|priority:0], old=null
2021-10-16 01:05:38,486 [5d47f048-385c-4622-902c-1a2c4fbfa0fd@group-E433C4010EB1-LeaderElection9] INFO  server.RaftServer$Division (ServerState.java:setRaftConf(387)) - 5d47f048-385c-4622-902c-1a2c4fbfa0fd@group-E433C4010EB1: set configuration 0: [5d47f048-385c-4622-902c-1a2c4fbfa0fd|rpc:10.1.0.55:38959|dataStream:|priority:1], old=null
2021-10-16 01:05:38,485 [grpc-default-executor-2] INFO  server.RaftServer$Division (RaftServerImpl.java:requestVote(1043)) - 9788528e-c4e7-43d7-a896-13140055b23a@group-45D0AF5F9F82: receive requestVote(ELECTION, 5d47f048-385c-4622-902c-1a2c4fbfa0fd, group-45D0AF5F9F82, 1, (t:0, i:0))
2021-10-16 01:05:38,488 [grpc-default-executor-2] INFO  impl.VoteContext (VoteContext.java:log(48)) - 9788528e-c4e7-43d7-a896-13140055b23a@group-45D0AF5F9F82-FOLLOWER: reject ELECTION from 5d47f048-385c-4622-902c-1a2c4fbfa0fd: already has voted for 9788528e-c4e7-43d7-a896-13140055b23a at current term 1
2021-10-16 01:05:38,488 [grpc-default-executor-2] INFO  server.RaftServer$Division (RaftServerImpl.java:requestVote(1075)) - 9788528e-c4e7-43d7-a896-13140055b23a@group-45D0AF5F9F82 replies to ELECTION vote request: 5d47f048-385c-4622-902c-1a2c4fbfa0fd<-9788528e-c4e7-43d7-a896-13140055b23a#0:FAIL-t1. Peer's state: 9788528e-c4e7-43d7-a896-13140055b23a@group-45D0AF5F9F82:t1, leader=null, voted=9788528e-c4e7-43d7-a896-13140055b23a, raftlog=9788528e-c4e7-43d7-a896-13140055b23a@group-45D0AF5F9F82-SegmentedRaftLog:OPENED:c-1,f-1,i0, conf=-1: [5d47f048-385c-4622-902c-1a2c4fbfa0fd|rpc:10.1.0.55:38959|dataStream:|priority:1, 7a90a2fd-4c46-424f-b10b-a3a7d32abd98|rpc:10.1.0.55:46627|dataStream:|priority:0, 9788528e-c4e7-43d7-a896-13140055b23a|rpc:10.1.0.55:44875|dataStream:|priority:0], old=null
2021-10-16 01:05:38,489 [EventQueue-OpenPipelineForHealthyPipelineSafeModeRule] INFO  safemode.SCMSafeModeManager (HealthyPipelineSafeModeRule.java:process(124)) - SCM in safe mode. Healthy pipelines reported count is 0, required healthy pipeline reported count is 1
2021-10-16 01:05:38,490 [EventQueue-OpenPipelineForHealthyPipelineSafeModeRule] INFO  safemode.SCMSafeModeManager (HealthyPipelineSafeModeRule.java:process(124)) - SCM in safe mode. Healthy pipelines reported count is 0, required healthy pipeline reported count is 1
2021-10-16 01:05:38,491 [5d47f048-385c-4622-902c-1a2c4fbfa0fd@group-E433C4010EB1-StateMachineUpdater] INFO  ratis.ContainerStateMachine (ContainerStateMachine.java:takeSnapshot(292)) - group-E433C4010EB1: Taking a snapshot at:(t:1, i:0) file /home/runner/work/ozone/ozone/hadoop-ozone/integration-test/target/test-dir/MiniOzoneClusterImpl-248ee1f4-0f5c-4e53-af87-c176a130d444/datanode-3/data/ratis/56fff4e8-d118-4d0b-abb6-e433c4010eb1/sm/snapshot.1_0
2021-10-16 01:05:38,498 [5d47f048-385c-4622-902c-1a2c4fbfa0fd@group-45D0AF5F9F82-LeaderElection8] INFO  impl.LeaderElection (LeaderElection.java:logAndReturn(89)) - 5d47f048-385c-4622-902c-1a2c4fbfa0fd@group-45D0AF5F9F82-LeaderElection8: ELECTION REJECTED received 2 response(s) and 0 exception(s):
2021-10-16 01:05:38,498 [5d47f048-385c-4622-902c-1a2c4fbfa0fd@group-45D0AF5F9F82-LeaderElection8] INFO  impl.LeaderElection (LeaderElection.java:logAndReturn(93)) -   Response 0: 5d47f048-385c-4622-902c-1a2c4fbfa0fd<-7a90a2fd-4c46-424f-b10b-a3a7d32abd98#0:FAIL-t1
2021-10-16 01:05:38,498 [5d47f048-385c-4622-902c-1a2c4fbfa0fd@group-45D0AF5F9F82-LeaderElection8] INFO  impl.LeaderElection (LeaderElection.java:logAndReturn(93)) -   Response 1: 5d47f048-385c-4622-902c-1a2c4fbfa0fd<-9788528e-c4e7-43d7-a896-13140055b23a#0:FAIL-t1
2021-10-16 01:05:38,499 [5d47f048-385c-4622-902c-1a2c4fbfa0fd@group-45D0AF5F9F82-LeaderElection8] INFO  impl.LeaderElection (LeaderElection.java:askForVotes(308)) - 5d47f048-385c-4622-902c-1a2c4fbfa0fd@group-45D0AF5F9F82-LeaderElection8 ELECTION round 0: result REJECTED
2021-10-16 01:05:38,499 [5d47f048-385c-4622-902c-1a2c4fbfa0fd@group-45D0AF5F9F82-LeaderElection8] INFO  server.RaftServer$Division (RaftServerImpl.java:setRole(285)) - 5d47f048-385c-4622-902c-1a2c4fbfa0fd@group-45D0AF5F9F82: changes role from CANDIDATE to FOLLOWER at term 1 for REJECTED
2021-10-16 01:05:38,499 [5d47f048-385c-4622-902c-1a2c4fbfa0fd@group-45D0AF5F9F82-LeaderElection8] INFO  impl.RoleInfo (RoleInfo.java:shutdownLeaderElection(121)) - 5d47f048-385c-4622-902c-1a2c4fbfa0fd: shutdown 5d47f048-385c-4622-902c-1a2c4fbfa0fd@group-45D0AF5F9F82-LeaderElection8
2021-10-16 01:05:38,499 [5d47f048-385c-4622-902c-1a2c4fbfa0fd@group-45D0AF5F9F82-LeaderElection8] INFO  impl.RoleInfo (RoleInfo.java:updateAndGet(130)) - 5d47f048-385c-4622-902c-1a2c4fbfa0fd: start 5d47f048-385c-4622-902c-1a2c4fbfa0fd@group-45D0AF5F9F82-FollowerState
2021-10-16 01:05:38,505 [5d47f048-385c-4622-902c-1a2c4fbfa0fd@group-E433C4010EB1-StateMachineUpdater] INFO  ratis.ContainerStateMachine (ContainerStateMachine.java:takeSnapshot(303)) - group-E433C4010EB1: Finished taking a snapshot at:(t:1, i:0) file:/home/runner/work/ozone/ozone/hadoop-ozone/integration-test/target/test-dir/MiniOzoneClusterImpl-248ee1f4-0f5c-4e53-af87-c176a130d444/datanode-3/data/ratis/56fff4e8-d118-4d0b-abb6-e433c4010eb1/sm/snapshot.1_0 took: 13 ms
2021-10-16 01:05:38,505 [5d47f048-385c-4622-902c-1a2c4fbfa0fd@group-E433C4010EB1-StateMachineUpdater] INFO  impl.StateMachineUpdater (StateMachineUpdater.java:takeSnapshot(281)) - 5d47f048-385c-4622-902c-1a2c4fbfa0fd@group-E433C4010EB1-StateMachineUpdater: Took a snapshot at index 0
2021-10-16 01:05:38,505 [5d47f048-385c-4622-902c-1a2c4fbfa0fd@group-E433C4010EB1-StateMachineUpdater] INFO  impl.StateMachineUpdater (StateMachineUpdater.java:lambda$new$0(89)) - 5d47f048-385c-4622-902c-1a2c4fbfa0fd@group-E433C4010EB1-StateMachineUpdater: snapshotIndex: updateIncreasingly -1 -> 0
2021-10-16 01:05:38,507 [EventQueue-OpenPipelineForHealthyPipelineSafeModeRule] INFO  safemode.SCMSafeModeManager (HealthyPipelineSafeModeRule.java:process(124)) - SCM in safe mode. Healthy pipelines reported count is 0, required healthy pipeline reported count is 1
2021-10-16 01:05:38,511 [EventQueue-OpenPipelineForHealthyPipelineSafeModeRule] INFO  safemode.SCMSafeModeManager (HealthyPipelineSafeModeRule.java:process(124)) - SCM in safe mode. Healthy pipelines reported count is 0, required healthy pipeline reported count is 1
2021-10-16 01:05:38,566 [9788528e-c4e7-43d7-a896-13140055b23a@group-639E7C334E10-FollowerState] INFO  impl.FollowerState (FollowerState.java:run(134)) - 9788528e-c4e7-43d7-a896-13140055b23a@group-639E7C334E10-FollowerState: change to CANDIDATE, lastRpcElapsedTime:5114274085ns, electionTimeout:5110ms
2021-10-16 01:05:38,566 [9788528e-c4e7-43d7-a896-13140055b23a@group-639E7C334E10-FollowerState] INFO  impl.RoleInfo (RoleInfo.java:shutdownFollowerState(108)) - 9788528e-c4e7-43d7-a896-13140055b23a: shutdown 9788528e-c4e7-43d7-a896-13140055b23a@group-639E7C334E10-FollowerState
2021-10-16 01:05:38,567 [9788528e-c4e7-43d7-a896-13140055b23a@group-639E7C334E10-FollowerState] INFO  server.RaftServer$Division (RaftServerImpl.java:setRole(285)) - 9788528e-c4e7-43d7-a896-13140055b23a@group-639E7C334E10: changes role from  FOLLOWER to CANDIDATE at term 0 for changeToCandidate
2021-10-16 01:05:38,567 [9788528e-c4e7-43d7-a896-13140055b23a@group-639E7C334E10-FollowerState] INFO  server.RaftServerConfigKeys (ConfUtils.java:logGet(44)) - raft.server.leaderelection.pre-vote = false (custom)
2021-10-16 01:05:38,567 [9788528e-c4e7-43d7-a896-13140055b23a@group-639E7C334E10-FollowerState] INFO  impl.RoleInfo (RoleInfo.java:updateAndGet(130)) - 9788528e-c4e7-43d7-a896-13140055b23a: start 9788528e-c4e7-43d7-a896-13140055b23a@group-639E7C334E10-LeaderElection10
2021-10-16 01:05:38,573 [EventQueue-OpenPipelineForHealthyPipelineSafeModeRule] INFO  safemode.SCMSafeModeManager (HealthyPipelineSafeModeRule.java:process(124)) - SCM in safe mode. Healthy pipelines reported count is 0, required healthy pipeline reported count is 1
2021-10-16 01:05:38,579 [9788528e-c4e7-43d7-a896-13140055b23a@group-639E7C334E10-LeaderElection10] INFO  impl.LeaderElection (LeaderElection.java:askForVotes(306)) - 9788528e-c4e7-43d7-a896-13140055b23a@group-639E7C334E10-LeaderElection10 ELECTION round 0: submit vote requests at term 1 for -1: [9788528e-c4e7-43d7-a896-13140055b23a|rpc:10.1.0.55:44875|priority:1], old=null
2021-10-16 01:05:38,579 [9788528e-c4e7-43d7-a896-13140055b23a@group-639E7C334E10-LeaderElection10] INFO  impl.LeaderElection (LeaderElection.java:askForVotes(308)) - 9788528e-c4e7-43d7-a896-13140055b23a@group-639E7C334E10-LeaderElection10 ELECTION round 0: result PASSED (term=1)
2021-10-16 01:05:38,579 [9788528e-c4e7-43d7-a896-13140055b23a@group-639E7C334E10-LeaderElection10] INFO  impl.RoleInfo (RoleInfo.java:shutdownLeaderElection(121)) - 9788528e-c4e7-43d7-a896-13140055b23a: shutdown 9788528e-c4e7-43d7-a896-13140055b23a@group-639E7C334E10-LeaderElection10
2021-10-16 01:05:38,579 [9788528e-c4e7-43d7-a896-13140055b23a@group-639E7C334E10-LeaderElection10] INFO  server.RaftServer$Division (RaftServerImpl.java:setRole(285)) - 9788528e-c4e7-43d7-a896-13140055b23a@group-639E7C334E10: changes role from CANDIDATE to LEADER at term 1 for changeToLeader
2021-10-16 01:05:38,579 [9788528e-c4e7-43d7-a896-13140055b23a@group-639E7C334E10-LeaderElection10] INFO  ratis.XceiverServerRatis (XceiverServerRatis.java:handleLeaderChangedNotification(866)) - Leader change notification received for group: group-639E7C334E10 with new leaderId: 9788528e-c4e7-43d7-a896-13140055b23a
2021-10-16 01:05:38,579 [9788528e-c4e7-43d7-a896-13140055b23a@group-639E7C334E10-LeaderElection10] INFO  server.RaftServer$Division (ServerState.java:setLeader(285)) - 9788528e-c4e7-43d7-a896-13140055b23a@group-639E7C334E10: change Leader from null to 9788528e-c4e7-43d7-a896-13140055b23a at term 1 for becomeLeader, leader elected after 5156ms
2021-10-16 01:05:38,579 [9788528e-c4e7-43d7-a896-13140055b23a@group-639E7C334E10-LeaderElection10] INFO  server.RaftServerConfigKeys (ConfUtils.java:logGet(44)) - raft.server.staging.catchup.gap = 1000 (default)
2021-10-16 01:05:38,579 [Datanode State Machine Thread - 0] WARN  statemachine.StateContext (StateContext.java:execute(621)) - No available thread in pool for past 0 seconds.
2021-10-16 01:05:38,580 [9788528e-c4e7-43d7-a896-13140055b23a@group-639E7C334E10-LeaderElection10] INFO  server.RaftServerConfigKeys (ConfUtils.java:logGet(44)) - raft.server.write.element-limit = 1024 (custom)
2021-10-16 01:05:38,580 [9788528e-c4e7-43d7-a896-13140055b23a@group-639E7C334E10-LeaderElection10] INFO  server.RaftServerConfigKeys (ConfUtils.java:logGet(44)) - raft.server.write.byte-limit = 1024 M (=1073741824) (custom)
2021-10-16 01:05:38,581 [EventQueue-OpenPipelineForHealthyPipelineSafeModeRule] INFO  safemode.SCMSafeModeManager (HealthyPipelineSafeModeRule.java:process(124)) - SCM in safe mode. Healthy pipelines reported count is 0, required healthy pipeline reported count is 1
2021-10-16 01:05:38,581 [9788528e-c4e7-43d7-a896-13140055b23a@group-639E7C334E10-LeaderElection10] INFO  server.RaftServerConfigKeys (ConfUtils.java:logGet(44)) - raft.server.watch.timeout = 10000ms (default)
2021-10-16 01:05:38,581 [9788528e-c4e7-43d7-a896-13140055b23a@group-639E7C334E10-LeaderElection10] INFO  server.RaftServerConfigKeys (ConfUtils.java:logGet(44)) - raft.server.watch.timeout.denomination = 1s (default)
2021-10-16 01:05:38,581 [9788528e-c4e7-43d7-a896-13140055b23a@group-639E7C334E10-LeaderElection10] INFO  server.RaftServerConfigKeys (ConfUtils.java:logGet(44)) - raft.server.watch.element-limit = 65536 (default)
2021-10-16 01:05:38,581 [9788528e-c4e7-43d7-a896-13140055b23a@group-639E7C334E10-LeaderElection10] INFO  impl.RoleInfo (RoleInfo.java:updateAndGet(130)) - 9788528e-c4e7-43d7-a896-13140055b23a: start 9788528e-c4e7-43d7-a896-13140055b23a@group-639E7C334E10-LeaderStateImpl
2021-10-16 01:05:38,582 [9788528e-c4e7-43d7-a896-13140055b23a@group-639E7C334E10-LeaderElection10] INFO  segmented.SegmentedRaftLogWorker (SegmentedRaftLogWorker.java:startLogSegment(394)) - 9788528e-c4e7-43d7-a896-13140055b23a@group-639E7C334E10-SegmentedRaftLogWorker: Starting segment from index:0
2021-10-16 01:05:38,584 [9788528e-c4e7-43d7-a896-13140055b23a@group-639E7C334E10-SegmentedRaftLogWorker] INFO  segmented.SegmentedRaftLogWorker (SegmentedRaftLogWorker.java:execute(601)) - 9788528e-c4e7-43d7-a896-13140055b23a@group-639E7C334E10-SegmentedRaftLogWorker: created new log segment /home/runner/work/ozone/ozone/hadoop-ozone/integration-test/target/test-dir/MiniOzoneClusterImpl-248ee1f4-0f5c-4e53-af87-c176a130d444/datanode-4/data/ratis/969fe976-7bf1-4cc1-8cb0-639e7c334e10/current/log_inprogress_0
2021-10-16 01:05:38,593 [9788528e-c4e7-43d7-a896-13140055b23a@group-639E7C334E10-LeaderElection10] INFO  server.RaftServer$Division (ServerState.java:setRaftConf(387)) - 9788528e-c4e7-43d7-a896-13140055b23a@group-639E7C334E10: set configuration 0: [9788528e-c4e7-43d7-a896-13140055b23a|rpc:10.1.0.55:44875|dataStream:|priority:1], old=null
2021-10-16 01:05:38,595 [9788528e-c4e7-43d7-a896-13140055b23a@group-639E7C334E10-StateMachineUpdater] INFO  ratis.ContainerStateMachine (ContainerStateMachine.java:takeSnapshot(292)) - group-639E7C334E10: Taking a snapshot at:(t:1, i:0) file /home/runner/work/ozone/ozone/hadoop-ozone/integration-test/target/test-dir/MiniOzoneClusterImpl-248ee1f4-0f5c-4e53-af87-c176a130d444/datanode-4/data/ratis/969fe976-7bf1-4cc1-8cb0-639e7c334e10/sm/snapshot.1_0
2021-10-16 01:05:38,596 [9788528e-c4e7-43d7-a896-13140055b23a@group-639E7C334E10-StateMachineUpdater] INFO  ratis.ContainerStateMachine (ContainerStateMachine.java:takeSnapshot(303)) - group-639E7C334E10: Finished taking a snapshot at:(t:1, i:0) file:/home/runner/work/ozone/ozone/hadoop-ozone/integration-test/target/test-dir/MiniOzoneClusterImpl-248ee1f4-0f5c-4e53-af87-c176a130d444/datanode-4/data/ratis/969fe976-7bf1-4cc1-8cb0-639e7c334e10/sm/snapshot.1_0 took: 1 ms
2021-10-16 01:05:38,596 [9788528e-c4e7-43d7-a896-13140055b23a@group-639E7C334E10-StateMachineUpdater] INFO  impl.StateMachineUpdater (StateMachineUpdater.java:takeSnapshot(281)) - 9788528e-c4e7-43d7-a896-13140055b23a@group-639E7C334E10-StateMachineUpdater: Took a snapshot at index 0
2021-10-16 01:05:38,597 [9788528e-c4e7-43d7-a896-13140055b23a@group-639E7C334E10-StateMachineUpdater] INFO  impl.StateMachineUpdater (StateMachineUpdater.java:lambda$new$0(89)) - 9788528e-c4e7-43d7-a896-13140055b23a@group-639E7C334E10-StateMachineUpdater: snapshotIndex: updateIncreasingly -1 -> 0
2021-10-16 01:05:38,612 [EventQueue-OpenPipelineForHealthyPipelineSafeModeRule] INFO  safemode.SCMSafeModeManager (HealthyPipelineSafeModeRule.java:process(124)) - SCM in safe mode. Healthy pipelines reported count is 0, required healthy pipeline reported count is 1
2021-10-16 01:05:38,612 [9788528e-c4e7-43d7-a896-13140055b23a@group-66D1402A49BA-FollowerState] INFO  impl.FollowerState (FollowerState.java:run(134)) - 9788528e-c4e7-43d7-a896-13140055b23a@group-66D1402A49BA-FollowerState: change to CANDIDATE, lastRpcElapsedTime:5093263065ns, electionTimeout:5086ms
2021-10-16 01:05:38,613 [9788528e-c4e7-43d7-a896-13140055b23a@group-66D1402A49BA-FollowerState] INFO  impl.RoleInfo (RoleInfo.java:shutdownFollowerState(108)) - 9788528e-c4e7-43d7-a896-13140055b23a: shutdown 9788528e-c4e7-43d7-a896-13140055b23a@group-66D1402A49BA-FollowerState
2021-10-16 01:05:38,613 [9788528e-c4e7-43d7-a896-13140055b23a@group-66D1402A49BA-FollowerState] INFO  server.RaftServer$Division (RaftServerImpl.java:setRole(285)) - 9788528e-c4e7-43d7-a896-13140055b23a@group-66D1402A49BA: changes role from  FOLLOWER to CANDIDATE at term 0 for changeToCandidate
2021-10-16 01:05:38,613 [9788528e-c4e7-43d7-a896-13140055b23a@group-66D1402A49BA-FollowerState] INFO  server.RaftServerConfigKeys (ConfUtils.java:logGet(44)) - raft.server.leaderelection.pre-vote = false (custom)
2021-10-16 01:05:38,613 [9788528e-c4e7-43d7-a896-13140055b23a@group-66D1402A49BA-FollowerState] INFO  impl.RoleInfo (RoleInfo.java:updateAndGet(130)) - 9788528e-c4e7-43d7-a896-13140055b23a: start 9788528e-c4e7-43d7-a896-13140055b23a@group-66D1402A49BA-LeaderElection11
2021-10-16 01:05:38,621 [9788528e-c4e7-43d7-a896-13140055b23a@group-66D1402A49BA-LeaderElection11] INFO  impl.LeaderElection (LeaderElection.java:askForVotes(306)) - 9788528e-c4e7-43d7-a896-13140055b23a@group-66D1402A49BA-LeaderElection11 ELECTION round 0: submit vote requests at term 1 for -1: [5d47f048-385c-4622-902c-1a2c4fbfa0fd|rpc:10.1.0.55:38959|priority:0, 7a90a2fd-4c46-424f-b10b-a3a7d32abd98|rpc:10.1.0.55:46627|priority:1, 9788528e-c4e7-43d7-a896-13140055b23a|rpc:10.1.0.55:44875|priority:0], old=null
2021-10-16 01:05:38,626 [5d47f048-385c-4622-902c-1a2c4fbfa0fd@group-66D1402A49BA-FollowerState] INFO  impl.FollowerState (FollowerState.java:run(134)) - 5d47f048-385c-4622-902c-1a2c4fbfa0fd@group-66D1402A49BA-FollowerState: change to CANDIDATE, lastRpcElapsedTime:5054068112ns, electionTimeout:5053ms
2021-10-16 01:05:38,627 [5d47f048-385c-4622-902c-1a2c4fbfa0fd@group-66D1402A49BA-FollowerState] INFO  impl.RoleInfo (RoleInfo.java:shutdownFollowerState(108)) - 5d47f048-385c-4622-902c-1a2c4fbfa0fd: shutdown 5d47f048-385c-4622-902c-1a2c4fbfa0fd@group-66D1402A49BA-FollowerState
2021-10-16 01:05:38,627 [5d47f048-385c-4622-902c-1a2c4fbfa0fd@group-66D1402A49BA-FollowerState] INFO  server.RaftServer$Division (RaftServerImpl.java:setRole(285)) - 5d47f048-385c-4622-902c-1a2c4fbfa0fd@group-66D1402A49BA: changes role from  FOLLOWER to CANDIDATE at term 0 for changeToCandidate
2021-10-16 01:05:38,627 [5d47f048-385c-4622-902c-1a2c4fbfa0fd@group-66D1402A49BA-FollowerState] INFO  server.RaftServerConfigKeys (ConfUtils.java:logGet(44)) - raft.server.leaderelection.pre-vote = false (custom)
2021-10-16 01:05:38,627 [5d47f048-385c-4622-902c-1a2c4fbfa0fd@group-66D1402A49BA-FollowerState] INFO  impl.RoleInfo (RoleInfo.java:updateAndGet(130)) - 5d47f048-385c-4622-902c-1a2c4fbfa0fd: start 5d47f048-385c-4622-902c-1a2c4fbfa0fd@group-66D1402A49BA-LeaderElection12
2021-10-16 01:05:38,638 [grpc-default-executor-2] INFO  server.RaftServer$Division (RaftServerImpl.java:requestVote(1043)) - 7a90a2fd-4c46-424f-b10b-a3a7d32abd98@group-66D1402A49BA: receive requestVote(ELECTION, 9788528e-c4e7-43d7-a896-13140055b23a, group-66D1402A49BA, 1, (t:0, i:0))
2021-10-16 01:05:38,638 [grpc-default-executor-2] INFO  impl.VoteContext (VoteContext.java:log(48)) - 7a90a2fd-4c46-424f-b10b-a3a7d32abd98@group-66D1402A49BA-FOLLOWER: reject ELECTION from 9788528e-c4e7-43d7-a896-13140055b23a: our priority 1 > candidate's priority 0
2021-10-16 01:05:38,638 [grpc-default-executor-2] INFO  server.RaftServer$Division (RaftServerImpl.java:setRole(285)) - 7a90a2fd-4c46-424f-b10b-a3a7d32abd98@group-66D1402A49BA: changes role from  FOLLOWER to FOLLOWER at term 1 for candidate:9788528e-c4e7-43d7-a896-13140055b23a
2021-10-16 01:05:38,638 [grpc-default-executor-2] INFO  impl.RoleInfo (RoleInfo.java:shutdownFollowerState(108)) - 7a90a2fd-4c46-424f-b10b-a3a7d32abd98: shutdown 7a90a2fd-4c46-424f-b10b-a3a7d32abd98@group-66D1402A49BA-FollowerState
2021-10-16 01:05:38,638 [grpc-default-executor-2] INFO  impl.RoleInfo (RoleInfo.java:updateAndGet(130)) - 7a90a2fd-4c46-424f-b10b-a3a7d32abd98: start 7a90a2fd-4c46-424f-b10b-a3a7d32abd98@group-66D1402A49BA-FollowerState
2021-10-16 01:05:38,638 [7a90a2fd-4c46-424f-b10b-a3a7d32abd98@group-66D1402A49BA-FollowerState] INFO  impl.FollowerState (FollowerState.java:run(143)) - 7a90a2fd-4c46-424f-b10b-a3a7d32abd98@group-66D1402A49BA-FollowerState was interrupted: {}
java.lang.InterruptedException: sleep interrupted
	at java.lang.Thread.sleep(Native Method)
	at java.lang.Thread.sleep(Thread.java:340)
	at java.util.concurrent.TimeUnit.sleep(TimeUnit.java:386)
	at org.apache.ratis.util.TimeDuration.sleep(TimeDuration.java:324)
	at org.apache.ratis.util.TimeDuration.sleep(TimeDuration.java:309)
	at org.apache.ratis.server.impl.FollowerState.run(FollowerState.java:118)
2021-10-16 01:05:38,641 [grpc-default-executor-0] INFO  server.RaftServer$Division (RaftServerImpl.java:requestVote(1043)) - 5d47f048-385c-4622-902c-1a2c4fbfa0fd@group-66D1402A49BA: receive requestVote(ELECTION, 9788528e-c4e7-43d7-a896-13140055b23a, group-66D1402A49BA, 1, (t:0, i:0))
2021-10-16 01:05:38,641 [grpc-default-executor-0] INFO  impl.VoteContext (VoteContext.java:log(48)) - 5d47f048-385c-4622-902c-1a2c4fbfa0fd@group-66D1402A49BA-CANDIDATE: accept ELECTION from 9788528e-c4e7-43d7-a896-13140055b23a: our priority 0 <= candidate's priority 0
2021-10-16 01:05:38,641 [grpc-default-executor-0] INFO  server.RaftServer$Division (RaftServerImpl.java:setRole(285)) - 5d47f048-385c-4622-902c-1a2c4fbfa0fd@group-66D1402A49BA: changes role from CANDIDATE to FOLLOWER at term 1 for candidate:9788528e-c4e7-43d7-a896-13140055b23a
2021-10-16 01:05:38,641 [grpc-default-executor-0] INFO  impl.RoleInfo (RoleInfo.java:shutdownLeaderElection(121)) - 5d47f048-385c-4622-902c-1a2c4fbfa0fd: shutdown 5d47f048-385c-4622-902c-1a2c4fbfa0fd@group-66D1402A49BA-LeaderElection12
2021-10-16 01:05:38,641 [grpc-default-executor-0] INFO  impl.RoleInfo (RoleInfo.java:updateAndGet(130)) - 5d47f048-385c-4622-902c-1a2c4fbfa0fd: start 5d47f048-385c-4622-902c-1a2c4fbfa0fd@group-66D1402A49BA-FollowerState
2021-10-16 01:05:38,642 [grpc-default-executor-2] INFO  server.RaftServer$Division (RaftServerImpl.java:requestVote(1075)) - 7a90a2fd-4c46-424f-b10b-a3a7d32abd98@group-66D1402A49BA replies to ELECTION vote request: 9788528e-c4e7-43d7-a896-13140055b23a<-7a90a2fd-4c46-424f-b10b-a3a7d32abd98#0:FAIL-t1. Peer's state: 7a90a2fd-4c46-424f-b10b-a3a7d32abd98@group-66D1402A49BA:t1, leader=null, voted=null, raftlog=7a90a2fd-4c46-424f-b10b-a3a7d32abd98@group-66D1402A49BA-SegmentedRaftLog:OPENED:c-1,f-1,i0, conf=-1: [5d47f048-385c-4622-902c-1a2c4fbfa0fd|rpc:10.1.0.55:38959|dataStream:|priority:0, 7a90a2fd-4c46-424f-b10b-a3a7d32abd98|rpc:10.1.0.55:46627|dataStream:|priority:1, 9788528e-c4e7-43d7-a896-13140055b23a|rpc:10.1.0.55:44875|dataStream:|priority:0], old=null
2021-10-16 01:05:38,643 [grpc-default-executor-0] INFO  server.RaftServer$Division (RaftServerImpl.java:requestVote(1075)) - 5d47f048-385c-4622-902c-1a2c4fbfa0fd@group-66D1402A49BA replies to ELECTION vote request: 9788528e-c4e7-43d7-a896-13140055b23a<-5d47f048-385c-4622-902c-1a2c4fbfa0fd#0:OK-t1. Peer's state: 5d47f048-385c-4622-902c-1a2c4fbfa0fd@group-66D1402A49BA:t1, leader=null, voted=9788528e-c4e7-43d7-a896-13140055b23a, raftlog=5d47f048-385c-4622-902c-1a2c4fbfa0fd@group-66D1402A49BA-SegmentedRaftLog:OPENED:c-1,f-1,i0, conf=-1: [5d47f048-385c-4622-902c-1a2c4fbfa0fd|rpc:10.1.0.55:38959|priority:0, 7a90a2fd-4c46-424f-b10b-a3a7d32abd98|rpc:10.1.0.55:46627|priority:1, 9788528e-c4e7-43d7-a896-13140055b23a|rpc:10.1.0.55:44875|priority:0], old=null
2021-10-16 01:05:38,650 [9788528e-c4e7-43d7-a896-13140055b23a@group-66D1402A49BA-LeaderElection11] INFO  impl.LeaderElection (LeaderElection.java:logAndReturn(89)) - 9788528e-c4e7-43d7-a896-13140055b23a@group-66D1402A49BA-LeaderElection11: ELECTION REJECTED received 2 response(s) and 0 exception(s):
2021-10-16 01:05:38,651 [9788528e-c4e7-43d7-a896-13140055b23a@group-66D1402A49BA-LeaderElection11] INFO  impl.LeaderElection (LeaderElection.java:logAndReturn(93)) -   Response 0: 9788528e-c4e7-43d7-a896-13140055b23a<-5d47f048-385c-4622-902c-1a2c4fbfa0fd#0:OK-t1
2021-10-16 01:05:38,651 [9788528e-c4e7-43d7-a896-13140055b23a@group-66D1402A49BA-LeaderElection11] INFO  impl.LeaderElection (LeaderElection.java:logAndReturn(93)) -   Response 1: 9788528e-c4e7-43d7-a896-13140055b23a<-7a90a2fd-4c46-424f-b10b-a3a7d32abd98#0:FAIL-t1
2021-10-16 01:05:38,651 [9788528e-c4e7-43d7-a896-13140055b23a@group-66D1402A49BA-LeaderElection11] INFO  impl.LeaderElection (LeaderElection.java:askForVotes(308)) - 9788528e-c4e7-43d7-a896-13140055b23a@group-66D1402A49BA-LeaderElection11 ELECTION round 0: result REJECTED
2021-10-16 01:05:38,651 [9788528e-c4e7-43d7-a896-13140055b23a@group-66D1402A49BA-LeaderElection11] INFO  server.RaftServer$Division (RaftServerImpl.java:setRole(285)) - 9788528e-c4e7-43d7-a896-13140055b23a@group-66D1402A49BA: changes role from CANDIDATE to FOLLOWER at term 1 for REJECTED
2021-10-16 01:05:38,651 [9788528e-c4e7-43d7-a896-13140055b23a@group-66D1402A49BA-LeaderElection11] INFO  impl.RoleInfo (RoleInfo.java:shutdownLeaderElection(121)) - 9788528e-c4e7-43d7-a896-13140055b23a: shutdown 9788528e-c4e7-43d7-a896-13140055b23a@group-66D1402A49BA-LeaderElection11
2021-10-16 01:05:38,652 [9788528e-c4e7-43d7-a896-13140055b23a@group-66D1402A49BA-LeaderElection11] INFO  impl.RoleInfo (RoleInfo.java:updateAndGet(130)) - 9788528e-c4e7-43d7-a896-13140055b23a: start 9788528e-c4e7-43d7-a896-13140055b23a@group-66D1402A49BA-FollowerState
2021-10-16 01:05:38,655 [EventQueue-OpenPipelineForHealthyPipelineSafeModeRule] INFO  safemode.SCMSafeModeManager (HealthyPipelineSafeModeRule.java:process(124)) - SCM in safe mode. Healthy pipelines reported count is 0, required healthy pipeline reported count is 1
2021-10-16 01:05:38,675 [EventQueue-OpenPipelineForHealthyPipelineSafeModeRule] INFO  safemode.SCMSafeModeManager (HealthyPipelineSafeModeRule.java:process(124)) - SCM in safe mode. Healthy pipelines reported count is 0, required healthy pipeline reported count is 1
2021-10-16 01:05:38,706 [EventQueue-OpenPipelineForHealthyPipelineSafeModeRule] INFO  safemode.SCMSafeModeManager (HealthyPipelineSafeModeRule.java:process(124)) - SCM in safe mode. Healthy pipelines reported count is 0, required healthy pipeline reported count is 1
2021-10-16 01:05:38,710 [EventQueue-OpenPipelineForHealthyPipelineSafeModeRule] INFO  safemode.SCMSafeModeManager (HealthyPipelineSafeModeRule.java:process(124)) - SCM in safe mode. Healthy pipelines reported count is 0, required healthy pipeline reported count is 1
2021-10-16 01:05:38,718 [EventQueue-OpenPipelineForHealthyPipelineSafeModeRule] INFO  safemode.SCMSafeModeManager (HealthyPipelineSafeModeRule.java:process(124)) - SCM in safe mode. Healthy pipelines reported count is 0, required healthy pipeline reported count is 1
2021-10-16 01:05:38,748 [Listener at 127.0.0.1/36205] INFO  ozone.MiniOzoneClusterImpl (MiniOzoneClusterImpl.java:lambda$waitForClusterToBeReady$0(235)) - Nodes are ready. Got 10 of 10 DN Heartbeats.
2021-10-16 01:05:38,748 [Listener at 127.0.0.1/36205] INFO  ozone.MiniOzoneClusterImpl (MiniOzoneClusterImpl.java:lambda$waitForClusterToBeReady$0(238)) - Waiting for cluster to exit safe mode
2021-10-16 01:05:38,748 [Listener at 127.0.0.1/36205] INFO  ozone.MiniOzoneClusterImpl (MiniOzoneClusterImpl.java:lambda$waitForClusterToBeReady$0(240)) - SCM became leader
2021-10-16 01:05:38,765 [EventQueue-OpenPipelineForHealthyPipelineSafeModeRule] INFO  safemode.SCMSafeModeManager (HealthyPipelineSafeModeRule.java:process(124)) - SCM in safe mode. Healthy pipelines reported count is 0, required healthy pipeline reported count is 1
2021-10-16 01:05:38,883 [EventQueue-OpenPipelineForHealthyPipelineSafeModeRule] INFO  safemode.SCMSafeModeManager (HealthyPipelineSafeModeRule.java:process(124)) - SCM in safe mode. Healthy pipelines reported count is 0, required healthy pipeline reported count is 1
2021-10-16 01:05:38,910 [EventQueue-OpenPipelineForHealthyPipelineSafeModeRule] INFO  safemode.SCMSafeModeManager (HealthyPipelineSafeModeRule.java:process(124)) - SCM in safe mode. Healthy pipelines reported count is 0, required healthy pipeline reported count is 1
2021-10-16 01:05:38,910 [7a90a2fd-4c46-424f-b10b-a3a7d32abd98@group-933D3B6ECC6F-FollowerState] INFO  impl.FollowerState (FollowerState.java:run(134)) - 7a90a2fd-4c46-424f-b10b-a3a7d32abd98@group-933D3B6ECC6F-FollowerState: change to CANDIDATE, lastRpcElapsedTime:5189588015ns, electionTimeout:5189ms
2021-10-16 01:05:38,911 [7a90a2fd-4c46-424f-b10b-a3a7d32abd98@group-933D3B6ECC6F-FollowerState] INFO  impl.RoleInfo (RoleInfo.java:shutdownFollowerState(108)) - 7a90a2fd-4c46-424f-b10b-a3a7d32abd98: shutdown 7a90a2fd-4c46-424f-b10b-a3a7d32abd98@group-933D3B6ECC6F-FollowerState
2021-10-16 01:05:38,911 [7a90a2fd-4c46-424f-b10b-a3a7d32abd98@group-933D3B6ECC6F-FollowerState] INFO  server.RaftServer$Division (RaftServerImpl.java:setRole(285)) - 7a90a2fd-4c46-424f-b10b-a3a7d32abd98@group-933D3B6ECC6F: changes role from  FOLLOWER to CANDIDATE at term 0 for changeToCandidate
2021-10-16 01:05:38,912 [7a90a2fd-4c46-424f-b10b-a3a7d32abd98@group-933D3B6ECC6F-FollowerState] INFO  server.RaftServerConfigKeys (ConfUtils.java:logGet(44)) - raft.server.leaderelection.pre-vote = false (custom)
2021-10-16 01:05:38,912 [7a90a2fd-4c46-424f-b10b-a3a7d32abd98@group-933D3B6ECC6F-FollowerState] INFO  impl.RoleInfo (RoleInfo.java:updateAndGet(130)) - 7a90a2fd-4c46-424f-b10b-a3a7d32abd98: start 7a90a2fd-4c46-424f-b10b-a3a7d32abd98@group-933D3B6ECC6F-LeaderElection13
2021-10-16 01:05:38,915 [7a90a2fd-4c46-424f-b10b-a3a7d32abd98@group-933D3B6ECC6F-LeaderElection13] INFO  impl.LeaderElection (LeaderElection.java:askForVotes(306)) - 7a90a2fd-4c46-424f-b10b-a3a7d32abd98@group-933D3B6ECC6F-LeaderElection13 ELECTION round 0: submit vote requests at term 1 for -1: [7a90a2fd-4c46-424f-b10b-a3a7d32abd98|rpc:10.1.0.55:46627|priority:1], old=null
2021-10-16 01:05:38,915 [7a90a2fd-4c46-424f-b10b-a3a7d32abd98@group-933D3B6ECC6F-LeaderElection13] INFO  impl.LeaderElection (LeaderElection.java:askForVotes(308)) - 7a90a2fd-4c46-424f-b10b-a3a7d32abd98@group-933D3B6ECC6F-LeaderElection13 ELECTION round 0: result PASSED (term=1)
2021-10-16 01:05:38,916 [7a90a2fd-4c46-424f-b10b-a3a7d32abd98@group-933D3B6ECC6F-LeaderElection13] INFO  impl.RoleInfo (RoleInfo.java:shutdownLeaderElection(121)) - 7a90a2fd-4c46-424f-b10b-a3a7d32abd98: shutdown 7a90a2fd-4c46-424f-b10b-a3a7d32abd98@group-933D3B6ECC6F-LeaderElection13
2021-10-16 01:05:38,916 [7a90a2fd-4c46-424f-b10b-a3a7d32abd98@group-933D3B6ECC6F-LeaderElection13] INFO  server.RaftServer$Division (RaftServerImpl.java:setRole(285)) - 7a90a2fd-4c46-424f-b10b-a3a7d32abd98@group-933D3B6ECC6F: changes role from CANDIDATE to LEADER at term 1 for changeToLeader
2021-10-16 01:05:38,916 [7a90a2fd-4c46-424f-b10b-a3a7d32abd98@group-933D3B6ECC6F-LeaderElection13] INFO  ratis.XceiverServerRatis (XceiverServerRatis.java:handleLeaderChangedNotification(866)) - Leader change notification received for group: group-933D3B6ECC6F with new leaderId: 7a90a2fd-4c46-424f-b10b-a3a7d32abd98
2021-10-16 01:05:38,916 [Datanode State Machine Thread - 0] WARN  statemachine.StateContext (StateContext.java:execute(621)) - No available thread in pool for past 0 seconds.
2021-10-16 01:05:38,918 [EventQueue-OpenPipelineForHealthyPipelineSafeModeRule] INFO  safemode.SCMSafeModeManager (HealthyPipelineSafeModeRule.java:process(124)) - SCM in safe mode. Healthy pipelines reported count is 0, required healthy pipeline reported count is 1
2021-10-16 01:05:38,918 [7a90a2fd-4c46-424f-b10b-a3a7d32abd98@group-933D3B6ECC6F-LeaderElection13] INFO  server.RaftServer$Division (ServerState.java:setLeader(285)) - 7a90a2fd-4c46-424f-b10b-a3a7d32abd98@group-933D3B6ECC6F: change Leader from null to 7a90a2fd-4c46-424f-b10b-a3a7d32abd98 at term 1 for becomeLeader, leader elected after 5211ms
2021-10-16 01:05:38,918 [7a90a2fd-4c46-424f-b10b-a3a7d32abd98@group-933D3B6ECC6F-LeaderElection13] INFO  server.RaftServerConfigKeys (ConfUtils.java:logGet(44)) - raft.server.staging.catchup.gap = 1000 (default)
2021-10-16 01:05:38,919 [7a90a2fd-4c46-424f-b10b-a3a7d32abd98@group-933D3B6ECC6F-LeaderElection13] INFO  server.RaftServerConfigKeys (ConfUtils.java:logGet(44)) - raft.server.write.element-limit = 1024 (custom)
2021-10-16 01:05:38,919 [7a90a2fd-4c46-424f-b10b-a3a7d32abd98@group-933D3B6ECC6F-LeaderElection13] INFO  server.RaftServerConfigKeys (ConfUtils.java:logGet(44)) - raft.server.write.byte-limit = 1024 M (=1073741824) (custom)
2021-10-16 01:05:38,919 [EventQueue-OpenPipelineForHealthyPipelineSafeModeRule] INFO  safemode.SCMSafeModeManager (HealthyPipelineSafeModeRule.java:process(124)) - SCM in safe mode. Healthy pipelines reported count is 0, required healthy pipeline reported count is 1
2021-10-16 01:05:38,919 [7a90a2fd-4c46-424f-b10b-a3a7d32abd98@group-933D3B6ECC6F-LeaderElection13] INFO  server.RaftServerConfigKeys (ConfUtils.java:logGet(44)) - raft.server.watch.timeout = 10000ms (default)
2021-10-16 01:05:38,919 [7a90a2fd-4c46-424f-b10b-a3a7d32abd98@group-933D3B6ECC6F-LeaderElection13] INFO  server.RaftServerConfigKeys (ConfUtils.java:logGet(44)) - raft.server.watch.timeout.denomination = 1s (default)
2021-10-16 01:05:38,920 [7a90a2fd-4c46-424f-b10b-a3a7d32abd98@group-933D3B6ECC6F-LeaderElection13] INFO  server.RaftServerConfigKeys (ConfUtils.java:logGet(44)) - raft.server.watch.element-limit = 65536 (default)
2021-10-16 01:05:38,920 [7a90a2fd-4c46-424f-b10b-a3a7d32abd98@group-933D3B6ECC6F-LeaderElection13] INFO  impl.RoleInfo (RoleInfo.java:updateAndGet(130)) - 7a90a2fd-4c46-424f-b10b-a3a7d32abd98: start 7a90a2fd-4c46-424f-b10b-a3a7d32abd98@group-933D3B6ECC6F-LeaderStateImpl
2021-10-16 01:05:38,920 [7a90a2fd-4c46-424f-b10b-a3a7d32abd98@group-933D3B6ECC6F-LeaderElection13] INFO  segmented.SegmentedRaftLogWorker (SegmentedRaftLogWorker.java:startLogSegment(394)) - 7a90a2fd-4c46-424f-b10b-a3a7d32abd98@group-933D3B6ECC6F-SegmentedRaftLogWorker: Starting segment from index:0
2021-10-16 01:05:38,921 [7a90a2fd-4c46-424f-b10b-a3a7d32abd98@group-933D3B6ECC6F-SegmentedRaftLogWorker] INFO  segmented.SegmentedRaftLogWorker (SegmentedRaftLogWorker.java:execute(601)) - 7a90a2fd-4c46-424f-b10b-a3a7d32abd98@group-933D3B6ECC6F-SegmentedRaftLogWorker: created new log segment /home/runner/work/ozone/ozone/hadoop-ozone/integration-test/target/test-dir/MiniOzoneClusterImpl-248ee1f4-0f5c-4e53-af87-c176a130d444/datanode-5/data/ratis/9060eb23-05f5-4257-93db-933d3b6ecc6f/current/log_inprogress_0
2021-10-16 01:05:38,924 [7a90a2fd-4c46-424f-b10b-a3a7d32abd98@group-933D3B6ECC6F-LeaderElection13] INFO  server.RaftServer$Division (ServerState.java:setRaftConf(387)) - 7a90a2fd-4c46-424f-b10b-a3a7d32abd98@group-933D3B6ECC6F: set configuration 0: [7a90a2fd-4c46-424f-b10b-a3a7d32abd98|rpc:10.1.0.55:46627|dataStream:|priority:1], old=null
2021-10-16 01:05:38,925 [7a90a2fd-4c46-424f-b10b-a3a7d32abd98@group-933D3B6ECC6F-StateMachineUpdater] INFO  ratis.ContainerStateMachine (ContainerStateMachine.java:takeSnapshot(292)) - group-933D3B6ECC6F: Taking a snapshot at:(t:1, i:0) file /home/runner/work/ozone/ozone/hadoop-ozone/integration-test/target/test-dir/MiniOzoneClusterImpl-248ee1f4-0f5c-4e53-af87-c176a130d444/datanode-5/data/ratis/9060eb23-05f5-4257-93db-933d3b6ecc6f/sm/snapshot.1_0
2021-10-16 01:05:38,926 [7a90a2fd-4c46-424f-b10b-a3a7d32abd98@group-933D3B6ECC6F-StateMachineUpdater] INFO  ratis.ContainerStateMachine (ContainerStateMachine.java:takeSnapshot(303)) - group-933D3B6ECC6F: Finished taking a snapshot at:(t:1, i:0) file:/home/runner/work/ozone/ozone/hadoop-ozone/integration-test/target/test-dir/MiniOzoneClusterImpl-248ee1f4-0f5c-4e53-af87-c176a130d444/datanode-5/data/ratis/9060eb23-05f5-4257-93db-933d3b6ecc6f/sm/snapshot.1_0 took: 1 ms
2021-10-16 01:05:38,926 [7a90a2fd-4c46-424f-b10b-a3a7d32abd98@group-933D3B6ECC6F-StateMachineUpdater] INFO  impl.StateMachineUpdater (StateMachineUpdater.java:takeSnapshot(281)) - 7a90a2fd-4c46-424f-b10b-a3a7d32abd98@group-933D3B6ECC6F-StateMachineUpdater: Took a snapshot at index 0
2021-10-16 01:05:38,926 [7a90a2fd-4c46-424f-b10b-a3a7d32abd98@group-933D3B6ECC6F-StateMachineUpdater] INFO  impl.StateMachineUpdater (StateMachineUpdater.java:lambda$new$0(89)) - 7a90a2fd-4c46-424f-b10b-a3a7d32abd98@group-933D3B6ECC6F-StateMachineUpdater: snapshotIndex: updateIncreasingly -1 -> 0
2021-10-16 01:05:38,971 [EventQueue-OpenPipelineForHealthyPipelineSafeModeRule] INFO  safemode.SCMSafeModeManager (HealthyPipelineSafeModeRule.java:process(124)) - SCM in safe mode. Healthy pipelines reported count is 0, required healthy pipeline reported count is 1
2021-10-16 01:05:38,982 [EventQueue-OpenPipelineForHealthyPipelineSafeModeRule] INFO  safemode.SCMSafeModeManager (HealthyPipelineSafeModeRule.java:process(124)) - SCM in safe mode. Healthy pipelines reported count is 0, required healthy pipeline reported count is 1
2021-10-16 01:05:39,012 [EventQueue-OpenPipelineForHealthyPipelineSafeModeRule] INFO  safemode.SCMSafeModeManager (HealthyPipelineSafeModeRule.java:process(124)) - SCM in safe mode. Healthy pipelines reported count is 0, required healthy pipeline reported count is 1
2021-10-16 01:05:39,050 [099ca399-3e3d-4e02-9a52-59ba45faf8b0@group-595979774AE2-FollowerState] INFO  impl.FollowerState (FollowerState.java:run(134)) - 099ca399-3e3d-4e02-9a52-59ba45faf8b0@group-595979774AE2-FollowerState: change to CANDIDATE, lastRpcElapsedTime:5083777314ns, electionTimeout:5066ms
2021-10-16 01:05:39,050 [099ca399-3e3d-4e02-9a52-59ba45faf8b0@group-595979774AE2-FollowerState] INFO  impl.RoleInfo (RoleInfo.java:shutdownFollowerState(108)) - 099ca399-3e3d-4e02-9a52-59ba45faf8b0: shutdown 099ca399-3e3d-4e02-9a52-59ba45faf8b0@group-595979774AE2-FollowerState
2021-10-16 01:05:39,050 [099ca399-3e3d-4e02-9a52-59ba45faf8b0@group-595979774AE2-FollowerState] INFO  server.RaftServer$Division (RaftServerImpl.java:setRole(285)) - 099ca399-3e3d-4e02-9a52-59ba45faf8b0@group-595979774AE2: changes role from  FOLLOWER to CANDIDATE at term 0 for changeToCandidate
2021-10-16 01:05:39,052 [099ca399-3e3d-4e02-9a52-59ba45faf8b0@group-595979774AE2-FollowerState] INFO  server.RaftServerConfigKeys (ConfUtils.java:logGet(44)) - raft.server.leaderelection.pre-vote = false (custom)
2021-10-16 01:05:39,052 [099ca399-3e3d-4e02-9a52-59ba45faf8b0@group-595979774AE2-FollowerState] INFO  impl.RoleInfo (RoleInfo.java:updateAndGet(130)) - 099ca399-3e3d-4e02-9a52-59ba45faf8b0: start 099ca399-3e3d-4e02-9a52-59ba45faf8b0@group-595979774AE2-LeaderElection14
2021-10-16 01:05:39,059 [EventQueue-OpenPipelineForHealthyPipelineSafeModeRule] INFO  safemode.SCMSafeModeManager (HealthyPipelineSafeModeRule.java:process(124)) - SCM in safe mode. Healthy pipelines reported count is 0, required healthy pipeline reported count is 1
2021-10-16 01:05:39,063 [099ca399-3e3d-4e02-9a52-59ba45faf8b0@group-595979774AE2-LeaderElection14] INFO  impl.LeaderElection (LeaderElection.java:askForVotes(306)) - 099ca399-3e3d-4e02-9a52-59ba45faf8b0@group-595979774AE2-LeaderElection14 ELECTION round 0: submit vote requests at term 1 for -1: [099ca399-3e3d-4e02-9a52-59ba45faf8b0|rpc:10.1.0.55:36545|priority:1], old=null
2021-10-16 01:05:39,063 [099ca399-3e3d-4e02-9a52-59ba45faf8b0@group-595979774AE2-LeaderElection14] INFO  impl.LeaderElection (LeaderElection.java:askForVotes(308)) - 099ca399-3e3d-4e02-9a52-59ba45faf8b0@group-595979774AE2-LeaderElection14 ELECTION round 0: result PASSED (term=1)
2021-10-16 01:05:39,063 [099ca399-3e3d-4e02-9a52-59ba45faf8b0@group-595979774AE2-LeaderElection14] INFO  impl.RoleInfo (RoleInfo.java:shutdownLeaderElection(121)) - 099ca399-3e3d-4e02-9a52-59ba45faf8b0: shutdown 099ca399-3e3d-4e02-9a52-59ba45faf8b0@group-595979774AE2-LeaderElection14
2021-10-16 01:05:39,063 [099ca399-3e3d-4e02-9a52-59ba45faf8b0@group-595979774AE2-LeaderElection14] INFO  server.RaftServer$Division (RaftServerImpl.java:setRole(285)) - 099ca399-3e3d-4e02-9a52-59ba45faf8b0@group-595979774AE2: changes role from CANDIDATE to LEADER at term 1 for changeToLeader
2021-10-16 01:05:39,063 [099ca399-3e3d-4e02-9a52-59ba45faf8b0@group-595979774AE2-LeaderElection14] INFO  ratis.XceiverServerRatis (XceiverServerRatis.java:handleLeaderChangedNotification(866)) - Leader change notification received for group: group-595979774AE2 with new leaderId: 099ca399-3e3d-4e02-9a52-59ba45faf8b0
2021-10-16 01:05:39,063 [099ca399-3e3d-4e02-9a52-59ba45faf8b0@group-595979774AE2-LeaderElection14] INFO  server.RaftServer$Division (ServerState.java:setLeader(285)) - 099ca399-3e3d-4e02-9a52-59ba45faf8b0@group-595979774AE2: change Leader from null to 099ca399-3e3d-4e02-9a52-59ba45faf8b0 at term 1 for becomeLeader, leader elected after 5107ms
2021-10-16 01:05:39,063 [099ca399-3e3d-4e02-9a52-59ba45faf8b0@group-595979774AE2-LeaderElection14] INFO  server.RaftServerConfigKeys (ConfUtils.java:logGet(44)) - raft.server.staging.catchup.gap = 1000 (default)
2021-10-16 01:05:39,063 [Datanode State Machine Thread - 0] WARN  statemachine.StateContext (StateContext.java:execute(621)) - No available thread in pool for past 0 seconds.
2021-10-16 01:05:39,064 [099ca399-3e3d-4e02-9a52-59ba45faf8b0@group-595979774AE2-LeaderElection14] INFO  server.RaftServerConfigKeys (ConfUtils.java:logGet(44)) - raft.server.write.element-limit = 1024 (custom)
2021-10-16 01:05:39,064 [099ca399-3e3d-4e02-9a52-59ba45faf8b0@group-595979774AE2-LeaderElection14] INFO  server.RaftServerConfigKeys (ConfUtils.java:logGet(44)) - raft.server.write.byte-limit = 1024 M (=1073741824) (custom)
2021-10-16 01:05:39,064 [099ca399-3e3d-4e02-9a52-59ba45faf8b0@group-595979774AE2-LeaderElection14] INFO  server.RaftServerConfigKeys (ConfUtils.java:logGet(44)) - raft.server.watch.timeout = 10000ms (default)
2021-10-16 01:05:39,064 [099ca399-3e3d-4e02-9a52-59ba45faf8b0@group-595979774AE2-LeaderElection14] INFO  server.RaftServerConfigKeys (ConfUtils.java:logGet(44)) - raft.server.watch.timeout.denomination = 1s (default)
2021-10-16 01:05:39,064 [099ca399-3e3d-4e02-9a52-59ba45faf8b0@group-595979774AE2-LeaderElection14] INFO  server.RaftServerConfigKeys (ConfUtils.java:logGet(44)) - raft.server.watch.element-limit = 65536 (default)
2021-10-16 01:05:39,065 [EventQueue-OpenPipelineForHealthyPipelineSafeModeRule] INFO  safemode.SCMSafeModeManager (HealthyPipelineSafeModeRule.java:process(124)) - SCM in safe mode. Healthy pipelines reported count is 0, required healthy pipeline reported count is 1
2021-10-16 01:05:39,065 [099ca399-3e3d-4e02-9a52-59ba45faf8b0@group-595979774AE2-LeaderElection14] INFO  impl.RoleInfo (RoleInfo.java:updateAndGet(130)) - 099ca399-3e3d-4e02-9a52-59ba45faf8b0: start 099ca399-3e3d-4e02-9a52-59ba45faf8b0@group-595979774AE2-LeaderStateImpl
2021-10-16 01:05:39,066 [099ca399-3e3d-4e02-9a52-59ba45faf8b0@group-595979774AE2-LeaderElection14] INFO  segmented.SegmentedRaftLogWorker (SegmentedRaftLogWorker.java:startLogSegment(394)) - 099ca399-3e3d-4e02-9a52-59ba45faf8b0@group-595979774AE2-SegmentedRaftLogWorker: Starting segment from index:0
2021-10-16 01:05:39,069 [9d98ef2f-7287-42aa-8af9-fb3cbb1a6029@group-87F1797A8DB8-FollowerState] INFO  impl.FollowerState (FollowerState.java:run(134)) - 9d98ef2f-7287-42aa-8af9-fb3cbb1a6029@group-87F1797A8DB8-FollowerState: change to CANDIDATE, lastRpcElapsedTime:5019415355ns, electionTimeout:5018ms
2021-10-16 01:05:39,069 [099ca399-3e3d-4e02-9a52-59ba45faf8b0@group-595979774AE2-SegmentedRaftLogWorker] INFO  segmented.SegmentedRaftLogWorker (SegmentedRaftLogWorker.java:execute(601)) - 099ca399-3e3d-4e02-9a52-59ba45faf8b0@group-595979774AE2-SegmentedRaftLogWorker: created new log segment /home/runner/work/ozone/ozone/hadoop-ozone/integration-test/target/test-dir/MiniOzoneClusterImpl-248ee1f4-0f5c-4e53-af87-c176a130d444/datanode-6/data/ratis/125849f5-2c24-4d41-a7be-595979774ae2/current/log_inprogress_0
2021-10-16 01:05:39,070 [9d98ef2f-7287-42aa-8af9-fb3cbb1a6029@group-87F1797A8DB8-FollowerState] INFO  impl.RoleInfo (RoleInfo.java:shutdownFollowerState(108)) - 9d98ef2f-7287-42aa-8af9-fb3cbb1a6029: shutdown 9d98ef2f-7287-42aa-8af9-fb3cbb1a6029@group-87F1797A8DB8-FollowerState
2021-10-16 01:05:39,070 [9d98ef2f-7287-42aa-8af9-fb3cbb1a6029@group-87F1797A8DB8-FollowerState] INFO  server.RaftServer$Division (RaftServerImpl.java:setRole(285)) - 9d98ef2f-7287-42aa-8af9-fb3cbb1a6029@group-87F1797A8DB8: changes role from  FOLLOWER to CANDIDATE at term 0 for changeToCandidate
2021-10-16 01:05:39,073 [9d98ef2f-7287-42aa-8af9-fb3cbb1a6029@group-87F1797A8DB8-FollowerState] INFO  server.RaftServerConfigKeys (ConfUtils.java:logGet(44)) - raft.server.leaderelection.pre-vote = false (custom)
2021-10-16 01:05:39,073 [9d98ef2f-7287-42aa-8af9-fb3cbb1a6029@group-87F1797A8DB8-FollowerState] INFO  impl.RoleInfo (RoleInfo.java:updateAndGet(130)) - 9d98ef2f-7287-42aa-8af9-fb3cbb1a6029: start 9d98ef2f-7287-42aa-8af9-fb3cbb1a6029@group-87F1797A8DB8-LeaderElection15
2021-10-16 01:05:39,074 [099ca399-3e3d-4e02-9a52-59ba45faf8b0@group-595979774AE2-LeaderElection14] INFO  server.RaftServer$Division (ServerState.java:setRaftConf(387)) - 099ca399-3e3d-4e02-9a52-59ba45faf8b0@group-595979774AE2: set configuration 0: [099ca399-3e3d-4e02-9a52-59ba45faf8b0|rpc:10.1.0.55:36545|dataStream:|priority:1], old=null
2021-10-16 01:05:39,077 [099ca399-3e3d-4e02-9a52-59ba45faf8b0@group-595979774AE2-StateMachineUpdater] INFO  ratis.ContainerStateMachine (ContainerStateMachine.java:takeSnapshot(292)) - group-595979774AE2: Taking a snapshot at:(t:1, i:0) file /home/runner/work/ozone/ozone/hadoop-ozone/integration-test/target/test-dir/MiniOzoneClusterImpl-248ee1f4-0f5c-4e53-af87-c176a130d444/datanode-6/data/ratis/125849f5-2c24-4d41-a7be-595979774ae2/sm/snapshot.1_0
2021-10-16 01:05:39,078 [EventQueue-OpenPipelineForHealthyPipelineSafeModeRule] INFO  safemode.SCMSafeModeManager (HealthyPipelineSafeModeRule.java:process(124)) - SCM in safe mode. Healthy pipelines reported count is 0, required healthy pipeline reported count is 1
2021-10-16 01:05:39,078 [099ca399-3e3d-4e02-9a52-59ba45faf8b0@group-595979774AE2-StateMachineUpdater] INFO  ratis.ContainerStateMachine (ContainerStateMachine.java:takeSnapshot(303)) - group-595979774AE2: Finished taking a snapshot at:(t:1, i:0) file:/home/runner/work/ozone/ozone/hadoop-ozone/integration-test/target/test-dir/MiniOzoneClusterImpl-248ee1f4-0f5c-4e53-af87-c176a130d444/datanode-6/data/ratis/125849f5-2c24-4d41-a7be-595979774ae2/sm/snapshot.1_0 took: 1 ms
2021-10-16 01:05:39,078 [099ca399-3e3d-4e02-9a52-59ba45faf8b0@group-595979774AE2-StateMachineUpdater] INFO  impl.StateMachineUpdater (StateMachineUpdater.java:takeSnapshot(281)) - 099ca399-3e3d-4e02-9a52-59ba45faf8b0@group-595979774AE2-StateMachineUpdater: Took a snapshot at index 0
2021-10-16 01:05:39,078 [099ca399-3e3d-4e02-9a52-59ba45faf8b0@group-595979774AE2-StateMachineUpdater] INFO  impl.StateMachineUpdater (StateMachineUpdater.java:lambda$new$0(89)) - 099ca399-3e3d-4e02-9a52-59ba45faf8b0@group-595979774AE2-StateMachineUpdater: snapshotIndex: updateIncreasingly -1 -> 0
2021-10-16 01:05:39,084 [EventQueue-OpenPipelineForHealthyPipelineSafeModeRule] INFO  safemode.SCMSafeModeManager (HealthyPipelineSafeModeRule.java:process(124)) - SCM in safe mode. Healthy pipelines reported count is 0, required healthy pipeline reported count is 1
2021-10-16 01:05:39,090 [9d98ef2f-7287-42aa-8af9-fb3cbb1a6029@group-87F1797A8DB8-LeaderElection15] INFO  impl.LeaderElection (LeaderElection.java:askForVotes(306)) - 9d98ef2f-7287-42aa-8af9-fb3cbb1a6029@group-87F1797A8DB8-LeaderElection15 ELECTION round 0: submit vote requests at term 1 for -1: [9d98ef2f-7287-42aa-8af9-fb3cbb1a6029|rpc:10.1.0.55:32879|dataStream:|priority:0, fd6a0f59-fdeb-49bf-a199-f6a05cd3e8d0|rpc:10.1.0.55:39899|dataStream:|priority:0, 099ca399-3e3d-4e02-9a52-59ba45faf8b0|rpc:10.1.0.55:36545|dataStream:|priority:1], old=null
2021-10-16 01:05:39,106 [EventQueue-OpenPipelineForHealthyPipelineSafeModeRule] INFO  safemode.SCMSafeModeManager (HealthyPipelineSafeModeRule.java:process(124)) - SCM in safe mode. Healthy pipelines reported count is 0, required healthy pipeline reported count is 1
2021-10-16 01:05:39,109 [grpc-default-executor-0] INFO  server.RaftServer$Division (RaftServerImpl.java:requestVote(1043)) - fd6a0f59-fdeb-49bf-a199-f6a05cd3e8d0@group-87F1797A8DB8: receive requestVote(ELECTION, 9d98ef2f-7287-42aa-8af9-fb3cbb1a6029, group-87F1797A8DB8, 1, (t:0, i:0))
2021-10-16 01:05:39,111 [grpc-default-executor-0] INFO  impl.VoteContext (VoteContext.java:log(48)) - fd6a0f59-fdeb-49bf-a199-f6a05cd3e8d0@group-87F1797A8DB8-FOLLOWER: accept ELECTION from 9d98ef2f-7287-42aa-8af9-fb3cbb1a6029: our priority 0 <= candidate's priority 0
2021-10-16 01:05:39,111 [grpc-default-executor-0] INFO  server.RaftServer$Division (RaftServerImpl.java:setRole(285)) - fd6a0f59-fdeb-49bf-a199-f6a05cd3e8d0@group-87F1797A8DB8: changes role from  FOLLOWER to FOLLOWER at term 1 for candidate:9d98ef2f-7287-42aa-8af9-fb3cbb1a6029
2021-10-16 01:05:39,111 [grpc-default-executor-0] INFO  impl.RoleInfo (RoleInfo.java:shutdownFollowerState(108)) - fd6a0f59-fdeb-49bf-a199-f6a05cd3e8d0: shutdown fd6a0f59-fdeb-49bf-a199-f6a05cd3e8d0@group-87F1797A8DB8-FollowerState
2021-10-16 01:05:39,111 [grpc-default-executor-0] INFO  impl.RoleInfo (RoleInfo.java:updateAndGet(130)) - fd6a0f59-fdeb-49bf-a199-f6a05cd3e8d0: start fd6a0f59-fdeb-49bf-a199-f6a05cd3e8d0@group-87F1797A8DB8-FollowerState
2021-10-16 01:05:39,111 [fd6a0f59-fdeb-49bf-a199-f6a05cd3e8d0@group-87F1797A8DB8-FollowerState] INFO  impl.FollowerState (FollowerState.java:run(143)) - fd6a0f59-fdeb-49bf-a199-f6a05cd3e8d0@group-87F1797A8DB8-FollowerState was interrupted: {}
java.lang.InterruptedException: sleep interrupted
	at java.lang.Thread.sleep(Native Method)
	at java.lang.Thread.sleep(Thread.java:340)
	at java.util.concurrent.TimeUnit.sleep(TimeUnit.java:386)
	at org.apache.ratis.util.TimeDuration.sleep(TimeDuration.java:324)
	at org.apache.ratis.util.TimeDuration.sleep(TimeDuration.java:309)
	at org.apache.ratis.server.impl.FollowerState.run(FollowerState.java:118)
2021-10-16 01:05:39,137 [grpc-default-executor-0] INFO  server.RaftServer$Division (RaftServerImpl.java:requestVote(1075)) - fd6a0f59-fdeb-49bf-a199-f6a05cd3e8d0@group-87F1797A8DB8 replies to ELECTION vote request: 9d98ef2f-7287-42aa-8af9-fb3cbb1a6029<-fd6a0f59-fdeb-49bf-a199-f6a05cd3e8d0#0:OK-t1. Peer's state: fd6a0f59-fdeb-49bf-a199-f6a05cd3e8d0@group-87F1797A8DB8:t1, leader=null, voted=9d98ef2f-7287-42aa-8af9-fb3cbb1a6029, raftlog=fd6a0f59-fdeb-49bf-a199-f6a05cd3e8d0@group-87F1797A8DB8-SegmentedRaftLog:OPENED:c-1,f-1,i0, conf=-1: [9d98ef2f-7287-42aa-8af9-fb3cbb1a6029|rpc:10.1.0.55:32879|dataStream:|priority:0, fd6a0f59-fdeb-49bf-a199-f6a05cd3e8d0|rpc:10.1.0.55:39899|dataStream:|priority:0, 099ca399-3e3d-4e02-9a52-59ba45faf8b0|rpc:10.1.0.55:36545|dataStream:|priority:1], old=null
2021-10-16 01:05:39,145 [grpc-default-executor-2] INFO  server.RaftServer$Division (RaftServerImpl.java:requestVote(1043)) - 099ca399-3e3d-4e02-9a52-59ba45faf8b0@group-87F1797A8DB8: receive requestVote(ELECTION, 9d98ef2f-7287-42aa-8af9-fb3cbb1a6029, group-87F1797A8DB8, 1, (t:0, i:0))
2021-10-16 01:05:39,145 [grpc-default-executor-2] INFO  impl.VoteContext (VoteContext.java:log(48)) - 099ca399-3e3d-4e02-9a52-59ba45faf8b0@group-87F1797A8DB8-FOLLOWER: reject ELECTION from 9d98ef2f-7287-42aa-8af9-fb3cbb1a6029: our priority 1 > candidate's priority 0
2021-10-16 01:05:39,145 [grpc-default-executor-2] INFO  server.RaftServer$Division (RaftServerImpl.java:setRole(285)) - 099ca399-3e3d-4e02-9a52-59ba45faf8b0@group-87F1797A8DB8: changes role from  FOLLOWER to FOLLOWER at term 1 for candidate:9d98ef2f-7287-42aa-8af9-fb3cbb1a6029
2021-10-16 01:05:39,145 [grpc-default-executor-2] INFO  impl.RoleInfo (RoleInfo.java:shutdownFollowerState(108)) - 099ca399-3e3d-4e02-9a52-59ba45faf8b0: shutdown 099ca399-3e3d-4e02-9a52-59ba45faf8b0@group-87F1797A8DB8-FollowerState
2021-10-16 01:05:39,145 [grpc-default-executor-2] INFO  impl.RoleInfo (RoleInfo.java:updateAndGet(130)) - 099ca399-3e3d-4e02-9a52-59ba45faf8b0: start 099ca399-3e3d-4e02-9a52-59ba45faf8b0@group-87F1797A8DB8-FollowerState
2021-10-16 01:05:39,145 [099ca399-3e3d-4e02-9a52-59ba45faf8b0@group-87F1797A8DB8-FollowerState] INFO  impl.FollowerState (FollowerState.java:run(143)) - 099ca399-3e3d-4e02-9a52-59ba45faf8b0@group-87F1797A8DB8-FollowerState was interrupted: {}
java.lang.InterruptedException: sleep interrupted
	at java.lang.Thread.sleep(Native Method)
	at java.lang.Thread.sleep(Thread.java:340)
	at java.util.concurrent.TimeUnit.sleep(TimeUnit.java:386)
	at org.apache.ratis.util.TimeDuration.sleep(TimeDuration.java:324)
	at org.apache.ratis.util.TimeDuration.sleep(TimeDuration.java:309)
	at org.apache.ratis.server.impl.FollowerState.run(FollowerState.java:118)
2021-10-16 01:05:39,150 [grpc-default-executor-2] INFO  server.RaftServer$Division (RaftServerImpl.java:requestVote(1075)) - 099ca399-3e3d-4e02-9a52-59ba45faf8b0@group-87F1797A8DB8 replies to ELECTION vote request: 9d98ef2f-7287-42aa-8af9-fb3cbb1a6029<-099ca399-3e3d-4e02-9a52-59ba45faf8b0#0:FAIL-t1. Peer's state: 099ca399-3e3d-4e02-9a52-59ba45faf8b0@group-87F1797A8DB8:t1, leader=null, voted=null, raftlog=099ca399-3e3d-4e02-9a52-59ba45faf8b0@group-87F1797A8DB8-SegmentedRaftLog:OPENED:c-1,f-1,i0, conf=-1: [9d98ef2f-7287-42aa-8af9-fb3cbb1a6029|rpc:10.1.0.55:32879|priority:0, fd6a0f59-fdeb-49bf-a199-f6a05cd3e8d0|rpc:10.1.0.55:39899|priority:0, 099ca399-3e3d-4e02-9a52-59ba45faf8b0|rpc:10.1.0.55:36545|priority:1], old=null
2021-10-16 01:05:39,155 [9d98ef2f-7287-42aa-8af9-fb3cbb1a6029@group-87F1797A8DB8-LeaderElection15] INFO  impl.LeaderElection (LeaderElection.java:logAndReturn(89)) - 9d98ef2f-7287-42aa-8af9-fb3cbb1a6029@group-87F1797A8DB8-LeaderElection15: ELECTION REJECTED received 2 response(s) and 0 exception(s):
2021-10-16 01:05:39,155 [9d98ef2f-7287-42aa-8af9-fb3cbb1a6029@group-87F1797A8DB8-LeaderElection15] INFO  impl.LeaderElection (LeaderElection.java:logAndReturn(93)) -   Response 0: 9d98ef2f-7287-42aa-8af9-fb3cbb1a6029<-fd6a0f59-fdeb-49bf-a199-f6a05cd3e8d0#0:OK-t1
2021-10-16 01:05:39,155 [9d98ef2f-7287-42aa-8af9-fb3cbb1a6029@group-87F1797A8DB8-LeaderElection15] INFO  impl.LeaderElection (LeaderElection.java:logAndReturn(93)) -   Response 1: 9d98ef2f-7287-42aa-8af9-fb3cbb1a6029<-099ca399-3e3d-4e02-9a52-59ba45faf8b0#0:FAIL-t1
2021-10-16 01:05:39,155 [9d98ef2f-7287-42aa-8af9-fb3cbb1a6029@group-87F1797A8DB8-LeaderElection15] INFO  impl.LeaderElection (LeaderElection.java:askForVotes(308)) - 9d98ef2f-7287-42aa-8af9-fb3cbb1a6029@group-87F1797A8DB8-LeaderElection15 ELECTION round 0: result REJECTED
2021-10-16 01:05:39,155 [9d98ef2f-7287-42aa-8af9-fb3cbb1a6029@group-87F1797A8DB8-LeaderElection15] INFO  server.RaftServer$Division (RaftServerImpl.java:setRole(285)) - 9d98ef2f-7287-42aa-8af9-fb3cbb1a6029@group-87F1797A8DB8: changes role from CANDIDATE to FOLLOWER at term 1 for REJECTED
2021-10-16 01:05:39,155 [9d98ef2f-7287-42aa-8af9-fb3cbb1a6029@group-87F1797A8DB8-LeaderElection15] INFO  impl.RoleInfo (RoleInfo.java:shutdownLeaderElection(121)) - 9d98ef2f-7287-42aa-8af9-fb3cbb1a6029: shutdown 9d98ef2f-7287-42aa-8af9-fb3cbb1a6029@group-87F1797A8DB8-LeaderElection15
2021-10-16 01:05:39,155 [9d98ef2f-7287-42aa-8af9-fb3cbb1a6029@group-87F1797A8DB8-LeaderElection15] INFO  impl.RoleInfo (RoleInfo.java:updateAndGet(130)) - 9d98ef2f-7287-42aa-8af9-fb3cbb1a6029: start 9d98ef2f-7287-42aa-8af9-fb3cbb1a6029@group-87F1797A8DB8-FollowerState
2021-10-16 01:05:39,167 [EventQueue-OpenPipelineForHealthyPipelineSafeModeRule] INFO  safemode.SCMSafeModeManager (HealthyPipelineSafeModeRule.java:process(124)) - SCM in safe mode. Healthy pipelines reported count is 0, required healthy pipeline reported count is 1
2021-10-16 01:05:39,170 [fd6a0f59-fdeb-49bf-a199-f6a05cd3e8d0@group-77F10EADF775-FollowerState] INFO  impl.FollowerState (FollowerState.java:run(134)) - fd6a0f59-fdeb-49bf-a199-f6a05cd3e8d0@group-77F10EADF775-FollowerState: change to CANDIDATE, lastRpcElapsedTime:5002873420ns, electionTimeout:5001ms
2021-10-16 01:05:39,170 [fd6a0f59-fdeb-49bf-a199-f6a05cd3e8d0@group-77F10EADF775-FollowerState] INFO  impl.RoleInfo (RoleInfo.java:shutdownFollowerState(108)) - fd6a0f59-fdeb-49bf-a199-f6a05cd3e8d0: shutdown fd6a0f59-fdeb-49bf-a199-f6a05cd3e8d0@group-77F10EADF775-FollowerState
2021-10-16 01:05:39,170 [fd6a0f59-fdeb-49bf-a199-f6a05cd3e8d0@group-77F10EADF775-FollowerState] INFO  server.RaftServer$Division (RaftServerImpl.java:setRole(285)) - fd6a0f59-fdeb-49bf-a199-f6a05cd3e8d0@group-77F10EADF775: changes role from  FOLLOWER to CANDIDATE at term 0 for changeToCandidate
2021-10-16 01:05:39,170 [EventQueue-OpenPipelineForHealthyPipelineSafeModeRule] INFO  safemode.SCMSafeModeManager (HealthyPipelineSafeModeRule.java:process(124)) - SCM in safe mode. Healthy pipelines reported count is 0, required healthy pipeline reported count is 1
2021-10-16 01:05:39,172 [fd6a0f59-fdeb-49bf-a199-f6a05cd3e8d0@group-77F10EADF775-FollowerState] INFO  server.RaftServerConfigKeys (ConfUtils.java:logGet(44)) - raft.server.leaderelection.pre-vote = false (custom)
2021-10-16 01:05:39,172 [fd6a0f59-fdeb-49bf-a199-f6a05cd3e8d0@group-77F10EADF775-FollowerState] INFO  impl.RoleInfo (RoleInfo.java:updateAndGet(130)) - fd6a0f59-fdeb-49bf-a199-f6a05cd3e8d0: start fd6a0f59-fdeb-49bf-a199-f6a05cd3e8d0@group-77F10EADF775-LeaderElection16
2021-10-16 01:05:39,176 [fd6a0f59-fdeb-49bf-a199-f6a05cd3e8d0@group-77F10EADF775-LeaderElection16] INFO  impl.LeaderElection (LeaderElection.java:askForVotes(306)) - fd6a0f59-fdeb-49bf-a199-f6a05cd3e8d0@group-77F10EADF775-LeaderElection16 ELECTION round 0: submit vote requests at term 1 for -1: [9d98ef2f-7287-42aa-8af9-fb3cbb1a6029|rpc:10.1.0.55:32879|dataStream:|priority:1, fd6a0f59-fdeb-49bf-a199-f6a05cd3e8d0|rpc:10.1.0.55:39899|dataStream:|priority:0, 099ca399-3e3d-4e02-9a52-59ba45faf8b0|rpc:10.1.0.55:36545|dataStream:|priority:0], old=null
2021-10-16 01:05:39,182 [EventQueue-OpenPipelineForHealthyPipelineSafeModeRule] INFO  safemode.SCMSafeModeManager (HealthyPipelineSafeModeRule.java:process(124)) - SCM in safe mode. Healthy pipelines reported count is 0, required healthy pipeline reported count is 1
2021-10-16 01:05:39,192 [grpc-default-executor-2] INFO  server.RaftServer$Division (RaftServerImpl.java:requestVote(1043)) - 9d98ef2f-7287-42aa-8af9-fb3cbb1a6029@group-77F10EADF775: receive requestVote(ELECTION, fd6a0f59-fdeb-49bf-a199-f6a05cd3e8d0, group-77F10EADF775, 1, (t:0, i:0))
2021-10-16 01:05:39,194 [grpc-default-executor-2] INFO  impl.VoteContext (VoteContext.java:log(48)) - 9d98ef2f-7287-42aa-8af9-fb3cbb1a6029@group-77F10EADF775-FOLLOWER: reject ELECTION from fd6a0f59-fdeb-49bf-a199-f6a05cd3e8d0: our priority 1 > candidate's priority 0
2021-10-16 01:05:39,194 [grpc-default-executor-2] INFO  server.RaftServer$Division (RaftServerImpl.java:setRole(285)) - 9d98ef2f-7287-42aa-8af9-fb3cbb1a6029@group-77F10EADF775: changes role from  FOLLOWER to FOLLOWER at term 1 for candidate:fd6a0f59-fdeb-49bf-a199-f6a05cd3e8d0
2021-10-16 01:05:39,194 [grpc-default-executor-2] INFO  impl.RoleInfo (RoleInfo.java:shutdownFollowerState(108)) - 9d98ef2f-7287-42aa-8af9-fb3cbb1a6029: shutdown 9d98ef2f-7287-42aa-8af9-fb3cbb1a6029@group-77F10EADF775-FollowerState
2021-10-16 01:05:39,194 [grpc-default-executor-2] INFO  impl.RoleInfo (RoleInfo.java:updateAndGet(130)) - 9d98ef2f-7287-42aa-8af9-fb3cbb1a6029: start 9d98ef2f-7287-42aa-8af9-fb3cbb1a6029@group-77F10EADF775-FollowerState
2021-10-16 01:05:39,194 [9d98ef2f-7287-42aa-8af9-fb3cbb1a6029@group-77F10EADF775-FollowerState] INFO  impl.FollowerState (FollowerState.java:run(143)) - 9d98ef2f-7287-42aa-8af9-fb3cbb1a6029@group-77F10EADF775-FollowerState was interrupted: {}
java.lang.InterruptedException: sleep interrupted
	at java.lang.Thread.sleep(Native Method)
	at java.lang.Thread.sleep(Thread.java:340)
	at java.util.concurrent.TimeUnit.sleep(TimeUnit.java:386)
	at org.apache.ratis.util.TimeDuration.sleep(TimeDuration.java:324)
	at org.apache.ratis.util.TimeDuration.sleep(TimeDuration.java:309)
	at org.apache.ratis.server.impl.FollowerState.run(FollowerState.java:118)
2021-10-16 01:05:39,201 [grpc-default-executor-2] INFO  server.RaftServer$Division (RaftServerImpl.java:requestVote(1075)) - 9d98ef2f-7287-42aa-8af9-fb3cbb1a6029@group-77F10EADF775 replies to ELECTION vote request: fd6a0f59-fdeb-49bf-a199-f6a05cd3e8d0<-9d98ef2f-7287-42aa-8af9-fb3cbb1a6029#0:FAIL-t1. Peer's state: 9d98ef2f-7287-42aa-8af9-fb3cbb1a6029@group-77F10EADF775:t1, leader=null, voted=null, raftlog=9d98ef2f-7287-42aa-8af9-fb3cbb1a6029@group-77F10EADF775-SegmentedRaftLog:OPENED:c-1,f-1,i0, conf=-1: [9d98ef2f-7287-42aa-8af9-fb3cbb1a6029|rpc:10.1.0.55:32879|dataStream:|priority:1, fd6a0f59-fdeb-49bf-a199-f6a05cd3e8d0|rpc:10.1.0.55:39899|dataStream:|priority:0, 099ca399-3e3d-4e02-9a52-59ba45faf8b0|rpc:10.1.0.55:36545|dataStream:|priority:0], old=null
2021-10-16 01:05:39,204 [grpc-default-executor-2] INFO  server.RaftServer$Division (RaftServerImpl.java:requestVote(1043)) - 099ca399-3e3d-4e02-9a52-59ba45faf8b0@group-77F10EADF775: receive requestVote(ELECTION, fd6a0f59-fdeb-49bf-a199-f6a05cd3e8d0, group-77F10EADF775, 1, (t:0, i:0))
2021-10-16 01:05:39,204 [grpc-default-executor-2] INFO  impl.VoteContext (VoteContext.java:log(48)) - 099ca399-3e3d-4e02-9a52-59ba45faf8b0@group-77F10EADF775-FOLLOWER: accept ELECTION from fd6a0f59-fdeb-49bf-a199-f6a05cd3e8d0: our priority 0 <= candidate's priority 0
2021-10-16 01:05:39,205 [grpc-default-executor-2] INFO  server.RaftServer$Division (RaftServerImpl.java:setRole(285)) - 099ca399-3e3d-4e02-9a52-59ba45faf8b0@group-77F10EADF775: changes role from  FOLLOWER to FOLLOWER at term 1 for candidate:fd6a0f59-fdeb-49bf-a199-f6a05cd3e8d0
2021-10-16 01:05:39,205 [grpc-default-executor-2] INFO  impl.RoleInfo (RoleInfo.java:shutdownFollowerState(108)) - 099ca399-3e3d-4e02-9a52-59ba45faf8b0: shutdown 099ca399-3e3d-4e02-9a52-59ba45faf8b0@group-77F10EADF775-FollowerState
2021-10-16 01:05:39,205 [099ca399-3e3d-4e02-9a52-59ba45faf8b0@group-77F10EADF775-FollowerState] INFO  impl.FollowerState (FollowerState.java:run(143)) - 099ca399-3e3d-4e02-9a52-59ba45faf8b0@group-77F10EADF775-FollowerState was interrupted: {}
java.lang.InterruptedException: sleep interrupted
	at java.lang.Thread.sleep(Native Method)
	at java.lang.Thread.sleep(Thread.java:340)
	at java.util.concurrent.TimeUnit.sleep(TimeUnit.java:386)
	at org.apache.ratis.util.TimeDuration.sleep(TimeDuration.java:324)
	at org.apache.ratis.util.TimeDuration.sleep(TimeDuration.java:309)
	at org.apache.ratis.server.impl.FollowerState.run(FollowerState.java:118)
2021-10-16 01:05:39,205 [grpc-default-executor-2] INFO  impl.RoleInfo (RoleInfo.java:updateAndGet(130)) - 099ca399-3e3d-4e02-9a52-59ba45faf8b0: start 099ca399-3e3d-4e02-9a52-59ba45faf8b0@group-77F10EADF775-FollowerState
2021-10-16 01:05:39,209 [fd6a0f59-fdeb-49bf-a199-f6a05cd3e8d0@group-77F10EADF775-LeaderElection16] INFO  impl.LeaderElection (LeaderElection.java:logAndReturn(89)) - fd6a0f59-fdeb-49bf-a199-f6a05cd3e8d0@group-77F10EADF775-LeaderElection16: ELECTION REJECTED received 1 response(s) and 0 exception(s):
2021-10-16 01:05:39,209 [fd6a0f59-fdeb-49bf-a199-f6a05cd3e8d0@group-77F10EADF775-LeaderElection16] INFO  impl.LeaderElection (LeaderElection.java:logAndReturn(93)) -   Response 0: fd6a0f59-fdeb-49bf-a199-f6a05cd3e8d0<-9d98ef2f-7287-42aa-8af9-fb3cbb1a6029#0:FAIL-t1
2021-10-16 01:05:39,209 [fd6a0f59-fdeb-49bf-a199-f6a05cd3e8d0@group-77F10EADF775-LeaderElection16] INFO  impl.LeaderElection (LeaderElection.java:askForVotes(308)) - fd6a0f59-fdeb-49bf-a199-f6a05cd3e8d0@group-77F10EADF775-LeaderElection16 ELECTION round 0: result REJECTED
2021-10-16 01:05:39,209 [fd6a0f59-fdeb-49bf-a199-f6a05cd3e8d0@group-77F10EADF775-LeaderElection16] INFO  server.RaftServer$Division (RaftServerImpl.java:setRole(285)) - fd6a0f59-fdeb-49bf-a199-f6a05cd3e8d0@group-77F10EADF775: changes role from CANDIDATE to FOLLOWER at term 1 for REJECTED
2021-10-16 01:05:39,209 [fd6a0f59-fdeb-49bf-a199-f6a05cd3e8d0@group-77F10EADF775-LeaderElection16] INFO  impl.RoleInfo (RoleInfo.java:shutdownLeaderElection(121)) - fd6a0f59-fdeb-49bf-a199-f6a05cd3e8d0: shutdown fd6a0f59-fdeb-49bf-a199-f6a05cd3e8d0@group-77F10EADF775-LeaderElection16
2021-10-16 01:05:39,209 [fd6a0f59-fdeb-49bf-a199-f6a05cd3e8d0@group-77F10EADF775-LeaderElection16] INFO  impl.RoleInfo (RoleInfo.java:updateAndGet(130)) - fd6a0f59-fdeb-49bf-a199-f6a05cd3e8d0: start fd6a0f59-fdeb-49bf-a199-f6a05cd3e8d0@group-77F10EADF775-FollowerState
2021-10-16 01:05:39,218 [grpc-default-executor-2] INFO  server.RaftServer$Division (RaftServerImpl.java:requestVote(1075)) - 099ca399-3e3d-4e02-9a52-59ba45faf8b0@group-77F10EADF775 replies to ELECTION vote request: fd6a0f59-fdeb-49bf-a199-f6a05cd3e8d0<-099ca399-3e3d-4e02-9a52-59ba45faf8b0#0:OK-t1. Peer's state: 099ca399-3e3d-4e02-9a52-59ba45faf8b0@group-77F10EADF775:t1, leader=null, voted=fd6a0f59-fdeb-49bf-a199-f6a05cd3e8d0, raftlog=099ca399-3e3d-4e02-9a52-59ba45faf8b0@group-77F10EADF775-SegmentedRaftLog:OPENED:c-1,f-1,i0, conf=-1: [9d98ef2f-7287-42aa-8af9-fb3cbb1a6029|rpc:10.1.0.55:32879|priority:1, fd6a0f59-fdeb-49bf-a199-f6a05cd3e8d0|rpc:10.1.0.55:39899|priority:0, 099ca399-3e3d-4e02-9a52-59ba45faf8b0|rpc:10.1.0.55:36545|priority:0], old=null
2021-10-16 01:05:39,221 [EventQueue-OpenPipelineForHealthyPipelineSafeModeRule] INFO  safemode.SCMSafeModeManager (HealthyPipelineSafeModeRule.java:process(124)) - SCM in safe mode. Healthy pipelines reported count is 0, required healthy pipeline reported count is 1
2021-10-16 01:05:39,259 [EventQueue-OpenPipelineForHealthyPipelineSafeModeRule] INFO  safemode.SCMSafeModeManager (HealthyPipelineSafeModeRule.java:process(124)) - SCM in safe mode. Healthy pipelines reported count is 0, required healthy pipeline reported count is 1
2021-10-16 01:05:39,265 [EventQueue-OpenPipelineForHealthyPipelineSafeModeRule] INFO  safemode.SCMSafeModeManager (HealthyPipelineSafeModeRule.java:process(124)) - SCM in safe mode. Healthy pipelines reported count is 0, required healthy pipeline reported count is 1
2021-10-16 01:05:39,305 [9d98ef2f-7287-42aa-8af9-fb3cbb1a6029@group-DEADDDAC7247-FollowerState] INFO  impl.FollowerState (FollowerState.java:run(134)) - 9d98ef2f-7287-42aa-8af9-fb3cbb1a6029@group-DEADDDAC7247-FollowerState: change to CANDIDATE, lastRpcElapsedTime:5042471477ns, electionTimeout:5040ms
2021-10-16 01:05:39,307 [9d98ef2f-7287-42aa-8af9-fb3cbb1a6029@group-DEADDDAC7247-FollowerState] INFO  impl.RoleInfo (RoleInfo.java:shutdownFollowerState(108)) - 9d98ef2f-7287-42aa-8af9-fb3cbb1a6029: shutdown 9d98ef2f-7287-42aa-8af9-fb3cbb1a6029@group-DEADDDAC7247-FollowerState
2021-10-16 01:05:39,307 [9d98ef2f-7287-42aa-8af9-fb3cbb1a6029@group-DEADDDAC7247-FollowerState] INFO  server.RaftServer$Division (RaftServerImpl.java:setRole(285)) - 9d98ef2f-7287-42aa-8af9-fb3cbb1a6029@group-DEADDDAC7247: changes role from  FOLLOWER to CANDIDATE at term 0 for changeToCandidate
2021-10-16 01:05:39,307 [9d98ef2f-7287-42aa-8af9-fb3cbb1a6029@group-DEADDDAC7247-FollowerState] INFO  server.RaftServerConfigKeys (ConfUtils.java:logGet(44)) - raft.server.leaderelection.pre-vote = false (custom)
2021-10-16 01:05:39,307 [9d98ef2f-7287-42aa-8af9-fb3cbb1a6029@group-DEADDDAC7247-FollowerState] INFO  impl.RoleInfo (RoleInfo.java:updateAndGet(130)) - 9d98ef2f-7287-42aa-8af9-fb3cbb1a6029: start 9d98ef2f-7287-42aa-8af9-fb3cbb1a6029@group-DEADDDAC7247-LeaderElection17
2021-10-16 01:05:39,307 [EventQueue-OpenPipelineForHealthyPipelineSafeModeRule] INFO  safemode.SCMSafeModeManager (HealthyPipelineSafeModeRule.java:process(124)) - SCM in safe mode. Healthy pipelines reported count is 0, required healthy pipeline reported count is 1
2021-10-16 01:05:39,312 [9d98ef2f-7287-42aa-8af9-fb3cbb1a6029@group-DEADDDAC7247-LeaderElection17] INFO  impl.LeaderElection (LeaderElection.java:askForVotes(306)) - 9d98ef2f-7287-42aa-8af9-fb3cbb1a6029@group-DEADDDAC7247-LeaderElection17 ELECTION round 0: submit vote requests at term 1 for -1: [9d98ef2f-7287-42aa-8af9-fb3cbb1a6029|rpc:10.1.0.55:32879|priority:1], old=null
2021-10-16 01:05:39,312 [9d98ef2f-7287-42aa-8af9-fb3cbb1a6029@group-DEADDDAC7247-LeaderElection17] INFO  impl.LeaderElection (LeaderElection.java:askForVotes(308)) - 9d98ef2f-7287-42aa-8af9-fb3cbb1a6029@group-DEADDDAC7247-LeaderElection17 ELECTION round 0: result PASSED (term=1)
2021-10-16 01:05:39,312 [9d98ef2f-7287-42aa-8af9-fb3cbb1a6029@group-DEADDDAC7247-LeaderElection17] INFO  impl.RoleInfo (RoleInfo.java:shutdownLeaderElection(121)) - 9d98ef2f-7287-42aa-8af9-fb3cbb1a6029: shutdown 9d98ef2f-7287-42aa-8af9-fb3cbb1a6029@group-DEADDDAC7247-LeaderElection17
2021-10-16 01:05:39,312 [9d98ef2f-7287-42aa-8af9-fb3cbb1a6029@group-DEADDDAC7247-LeaderElection17] INFO  server.RaftServer$Division (RaftServerImpl.java:setRole(285)) - 9d98ef2f-7287-42aa-8af9-fb3cbb1a6029@group-DEADDDAC7247: changes role from CANDIDATE to LEADER at term 1 for changeToLeader
2021-10-16 01:05:39,312 [9d98ef2f-7287-42aa-8af9-fb3cbb1a6029@group-DEADDDAC7247-LeaderElection17] INFO  ratis.XceiverServerRatis (XceiverServerRatis.java:handleLeaderChangedNotification(866)) - Leader change notification received for group: group-DEADDDAC7247 with new leaderId: 9d98ef2f-7287-42aa-8af9-fb3cbb1a6029
2021-10-16 01:05:39,312 [9d98ef2f-7287-42aa-8af9-fb3cbb1a6029@group-DEADDDAC7247-LeaderElection17] INFO  server.RaftServer$Division (ServerState.java:setLeader(285)) - 9d98ef2f-7287-42aa-8af9-fb3cbb1a6029@group-DEADDDAC7247: change Leader from null to 9d98ef2f-7287-42aa-8af9-fb3cbb1a6029 at term 1 for becomeLeader, leader elected after 5057ms
2021-10-16 01:05:39,313 [Datanode State Machine Thread - 0] WARN  statemachine.StateContext (StateContext.java:execute(621)) - No available thread in pool for past 0 seconds.
2021-10-16 01:05:39,313 [9d98ef2f-7287-42aa-8af9-fb3cbb1a6029@group-DEADDDAC7247-LeaderElection17] INFO  server.RaftServerConfigKeys (ConfUtils.java:logGet(44)) - raft.server.staging.catchup.gap = 1000 (default)
2021-10-16 01:05:39,313 [9d98ef2f-7287-42aa-8af9-fb3cbb1a6029@group-DEADDDAC7247-LeaderElection17] INFO  server.RaftServerConfigKeys (ConfUtils.java:logGet(44)) - raft.server.write.element-limit = 1024 (custom)
2021-10-16 01:05:39,313 [9d98ef2f-7287-42aa-8af9-fb3cbb1a6029@group-DEADDDAC7247-LeaderElection17] INFO  server.RaftServerConfigKeys (ConfUtils.java:logGet(44)) - raft.server.write.byte-limit = 1024 M (=1073741824) (custom)
2021-10-16 01:05:39,313 [9d98ef2f-7287-42aa-8af9-fb3cbb1a6029@group-DEADDDAC7247-LeaderElection17] INFO  server.RaftServerConfigKeys (ConfUtils.java:logGet(44)) - raft.server.watch.timeout = 10000ms (default)
2021-10-16 01:05:39,314 [9d98ef2f-7287-42aa-8af9-fb3cbb1a6029@group-DEADDDAC7247-LeaderElection17] INFO  server.RaftServerConfigKeys (ConfUtils.java:logGet(44)) - raft.server.watch.timeout.denomination = 1s (default)
2021-10-16 01:05:39,314 [9d98ef2f-7287-42aa-8af9-fb3cbb1a6029@group-DEADDDAC7247-LeaderElection17] INFO  server.RaftServerConfigKeys (ConfUtils.java:logGet(44)) - raft.server.watch.element-limit = 65536 (default)
2021-10-16 01:05:39,314 [EventQueue-OpenPipelineForHealthyPipelineSafeModeRule] INFO  safemode.SCMSafeModeManager (HealthyPipelineSafeModeRule.java:process(124)) - SCM in safe mode. Healthy pipelines reported count is 0, required healthy pipeline reported count is 1
2021-10-16 01:05:39,314 [9d98ef2f-7287-42aa-8af9-fb3cbb1a6029@group-DEADDDAC7247-LeaderElection17] INFO  impl.RoleInfo (RoleInfo.java:updateAndGet(130)) - 9d98ef2f-7287-42aa-8af9-fb3cbb1a6029: start 9d98ef2f-7287-42aa-8af9-fb3cbb1a6029@group-DEADDDAC7247-LeaderStateImpl
2021-10-16 01:05:39,315 [9d98ef2f-7287-42aa-8af9-fb3cbb1a6029@group-DEADDDAC7247-LeaderElection17] INFO  segmented.SegmentedRaftLogWorker (SegmentedRaftLogWorker.java:startLogSegment(394)) - 9d98ef2f-7287-42aa-8af9-fb3cbb1a6029@group-DEADDDAC7247-SegmentedRaftLogWorker: Starting segment from index:0
2021-10-16 01:05:39,317 [EventQueue-OpenPipelineForHealthyPipelineSafeModeRule] INFO  safemode.SCMSafeModeManager (HealthyPipelineSafeModeRule.java:process(124)) - SCM in safe mode. Healthy pipelines reported count is 0, required healthy pipeline reported count is 1
2021-10-16 01:05:39,317 [9d98ef2f-7287-42aa-8af9-fb3cbb1a6029@group-DEADDDAC7247-SegmentedRaftLogWorker] INFO  segmented.SegmentedRaftLogWorker (SegmentedRaftLogWorker.java:execute(601)) - 9d98ef2f-7287-42aa-8af9-fb3cbb1a6029@group-DEADDDAC7247-SegmentedRaftLogWorker: created new log segment /home/runner/work/ozone/ozone/hadoop-ozone/integration-test/target/test-dir/MiniOzoneClusterImpl-248ee1f4-0f5c-4e53-af87-c176a130d444/datanode-7/data/ratis/7aceb534-8a41-47d1-9dd5-deadddac7247/current/log_inprogress_0
2021-10-16 01:05:39,325 [9d98ef2f-7287-42aa-8af9-fb3cbb1a6029@group-DEADDDAC7247-LeaderElection17] INFO  server.RaftServer$Division (ServerState.java:setRaftConf(387)) - 9d98ef2f-7287-42aa-8af9-fb3cbb1a6029@group-DEADDDAC7247: set configuration 0: [9d98ef2f-7287-42aa-8af9-fb3cbb1a6029|rpc:10.1.0.55:32879|dataStream:|priority:1], old=null
2021-10-16 01:05:39,326 [9d98ef2f-7287-42aa-8af9-fb3cbb1a6029@group-DEADDDAC7247-StateMachineUpdater] INFO  ratis.ContainerStateMachine (ContainerStateMachine.java:takeSnapshot(292)) - group-DEADDDAC7247: Taking a snapshot at:(t:1, i:0) file /home/runner/work/ozone/ozone/hadoop-ozone/integration-test/target/test-dir/MiniOzoneClusterImpl-248ee1f4-0f5c-4e53-af87-c176a130d444/datanode-7/data/ratis/7aceb534-8a41-47d1-9dd5-deadddac7247/sm/snapshot.1_0
2021-10-16 01:05:39,332 [9d98ef2f-7287-42aa-8af9-fb3cbb1a6029@group-DEADDDAC7247-StateMachineUpdater] INFO  ratis.ContainerStateMachine (ContainerStateMachine.java:takeSnapshot(303)) - group-DEADDDAC7247: Finished taking a snapshot at:(t:1, i:0) file:/home/runner/work/ozone/ozone/hadoop-ozone/integration-test/target/test-dir/MiniOzoneClusterImpl-248ee1f4-0f5c-4e53-af87-c176a130d444/datanode-7/data/ratis/7aceb534-8a41-47d1-9dd5-deadddac7247/sm/snapshot.1_0 took: 6 ms
2021-10-16 01:05:39,332 [9d98ef2f-7287-42aa-8af9-fb3cbb1a6029@group-DEADDDAC7247-StateMachineUpdater] INFO  impl.StateMachineUpdater (StateMachineUpdater.java:takeSnapshot(281)) - 9d98ef2f-7287-42aa-8af9-fb3cbb1a6029@group-DEADDDAC7247-StateMachineUpdater: Took a snapshot at index 0
2021-10-16 01:05:39,332 [9d98ef2f-7287-42aa-8af9-fb3cbb1a6029@group-DEADDDAC7247-StateMachineUpdater] INFO  impl.StateMachineUpdater (StateMachineUpdater.java:lambda$new$0(89)) - 9d98ef2f-7287-42aa-8af9-fb3cbb1a6029@group-DEADDDAC7247-StateMachineUpdater: snapshotIndex: updateIncreasingly -1 -> 0
2021-10-16 01:05:39,366 [EventQueue-OpenPipelineForHealthyPipelineSafeModeRule] INFO  safemode.SCMSafeModeManager (HealthyPipelineSafeModeRule.java:process(124)) - SCM in safe mode. Healthy pipelines reported count is 0, required healthy pipeline reported count is 1
2021-10-16 01:05:39,465 [EventQueue-OpenPipelineForHealthyPipelineSafeModeRule] INFO  safemode.SCMSafeModeManager (HealthyPipelineSafeModeRule.java:process(124)) - SCM in safe mode. Healthy pipelines reported count is 0, required healthy pipeline reported count is 1
2021-10-16 01:05:39,476 [EventQueue-OpenPipelineForHealthyPipelineSafeModeRule] INFO  safemode.SCMSafeModeManager (HealthyPipelineSafeModeRule.java:process(124)) - SCM in safe mode. Healthy pipelines reported count is 0, required healthy pipeline reported count is 1
2021-10-16 01:05:39,483 [EventQueue-OpenPipelineForHealthyPipelineSafeModeRule] INFO  safemode.SCMSafeModeManager (HealthyPipelineSafeModeRule.java:process(124)) - SCM in safe mode. Healthy pipelines reported count is 0, required healthy pipeline reported count is 1
2021-10-16 01:05:39,506 [EventQueue-OpenPipelineForHealthyPipelineSafeModeRule] INFO  safemode.SCMSafeModeManager (HealthyPipelineSafeModeRule.java:process(124)) - SCM in safe mode. Healthy pipelines reported count is 0, required healthy pipeline reported count is 1
2021-10-16 01:05:39,514 [EventQueue-OpenPipelineForHealthyPipelineSafeModeRule] INFO  safemode.SCMSafeModeManager (HealthyPipelineSafeModeRule.java:process(124)) - SCM in safe mode. Healthy pipelines reported count is 0, required healthy pipeline reported count is 1
2021-10-16 01:05:39,518 [EventQueue-OpenPipelineForHealthyPipelineSafeModeRule] INFO  safemode.SCMSafeModeManager (HealthyPipelineSafeModeRule.java:process(124)) - SCM in safe mode. Healthy pipelines reported count is 0, required healthy pipeline reported count is 1
2021-10-16 01:05:39,571 [EventQueue-OpenPipelineForHealthyPipelineSafeModeRule] INFO  safemode.SCMSafeModeManager (HealthyPipelineSafeModeRule.java:process(124)) - SCM in safe mode. Healthy pipelines reported count is 0, required healthy pipeline reported count is 1
2021-10-16 01:05:39,583 [EventQueue-OpenPipelineForHealthyPipelineSafeModeRule] INFO  safemode.SCMSafeModeManager (HealthyPipelineSafeModeRule.java:process(124)) - SCM in safe mode. Healthy pipelines reported count is 0, required healthy pipeline reported count is 1
2021-10-16 01:05:39,620 [EventQueue-OpenPipelineForHealthyPipelineSafeModeRule] INFO  safemode.SCMSafeModeManager (HealthyPipelineSafeModeRule.java:process(124)) - SCM in safe mode. Healthy pipelines reported count is 0, required healthy pipeline reported count is 1
2021-10-16 01:05:39,675 [EventQueue-OpenPipelineForHealthyPipelineSafeModeRule] INFO  safemode.SCMSafeModeManager (HealthyPipelineSafeModeRule.java:process(124)) - SCM in safe mode. Healthy pipelines reported count is 0, required healthy pipeline reported count is 1
2021-10-16 01:05:39,680 [fd6a0f59-fdeb-49bf-a199-f6a05cd3e8d0@group-6C669B14B405-FollowerState] INFO  impl.FollowerState (FollowerState.java:run(134)) - fd6a0f59-fdeb-49bf-a199-f6a05cd3e8d0@group-6C669B14B405-FollowerState: change to CANDIDATE, lastRpcElapsedTime:5164357534ns, electionTimeout:5158ms
2021-10-16 01:05:39,680 [fd6a0f59-fdeb-49bf-a199-f6a05cd3e8d0@group-6C669B14B405-FollowerState] INFO  impl.RoleInfo (RoleInfo.java:shutdownFollowerState(108)) - fd6a0f59-fdeb-49bf-a199-f6a05cd3e8d0: shutdown fd6a0f59-fdeb-49bf-a199-f6a05cd3e8d0@group-6C669B14B405-FollowerState
2021-10-16 01:05:39,680 [fd6a0f59-fdeb-49bf-a199-f6a05cd3e8d0@group-6C669B14B405-FollowerState] INFO  server.RaftServer$Division (RaftServerImpl.java:setRole(285)) - fd6a0f59-fdeb-49bf-a199-f6a05cd3e8d0@group-6C669B14B405: changes role from  FOLLOWER to CANDIDATE at term 0 for changeToCandidate
2021-10-16 01:05:39,681 [fd6a0f59-fdeb-49bf-a199-f6a05cd3e8d0@group-6C669B14B405-FollowerState] INFO  server.RaftServerConfigKeys (ConfUtils.java:logGet(44)) - raft.server.leaderelection.pre-vote = false (custom)
2021-10-16 01:05:39,681 [fd6a0f59-fdeb-49bf-a199-f6a05cd3e8d0@group-6C669B14B405-FollowerState] INFO  impl.RoleInfo (RoleInfo.java:updateAndGet(130)) - fd6a0f59-fdeb-49bf-a199-f6a05cd3e8d0: start fd6a0f59-fdeb-49bf-a199-f6a05cd3e8d0@group-6C669B14B405-LeaderElection18
2021-10-16 01:05:39,686 [fd6a0f59-fdeb-49bf-a199-f6a05cd3e8d0@group-6C669B14B405-LeaderElection18] INFO  impl.LeaderElection (LeaderElection.java:askForVotes(306)) - fd6a0f59-fdeb-49bf-a199-f6a05cd3e8d0@group-6C669B14B405-LeaderElection18 ELECTION round 0: submit vote requests at term 1 for -1: [fd6a0f59-fdeb-49bf-a199-f6a05cd3e8d0|rpc:10.1.0.55:39899|priority:1], old=null
2021-10-16 01:05:39,686 [fd6a0f59-fdeb-49bf-a199-f6a05cd3e8d0@group-6C669B14B405-LeaderElection18] INFO  impl.LeaderElection (LeaderElection.java:askForVotes(308)) - fd6a0f59-fdeb-49bf-a199-f6a05cd3e8d0@group-6C669B14B405-LeaderElection18 ELECTION round 0: result PASSED (term=1)
2021-10-16 01:05:39,686 [fd6a0f59-fdeb-49bf-a199-f6a05cd3e8d0@group-6C669B14B405-LeaderElection18] INFO  impl.RoleInfo (RoleInfo.java:shutdownLeaderElection(121)) - fd6a0f59-fdeb-49bf-a199-f6a05cd3e8d0: shutdown fd6a0f59-fdeb-49bf-a199-f6a05cd3e8d0@group-6C669B14B405-LeaderElection18
2021-10-16 01:05:39,686 [fd6a0f59-fdeb-49bf-a199-f6a05cd3e8d0@group-6C669B14B405-LeaderElection18] INFO  server.RaftServer$Division (RaftServerImpl.java:setRole(285)) - fd6a0f59-fdeb-49bf-a199-f6a05cd3e8d0@group-6C669B14B405: changes role from CANDIDATE to LEADER at term 1 for changeToLeader
2021-10-16 01:05:39,687 [fd6a0f59-fdeb-49bf-a199-f6a05cd3e8d0@group-6C669B14B405-LeaderElection18] INFO  ratis.XceiverServerRatis (XceiverServerRatis.java:handleLeaderChangedNotification(866)) - Leader change notification received for group: group-6C669B14B405 with new leaderId: fd6a0f59-fdeb-49bf-a199-f6a05cd3e8d0
2021-10-16 01:05:39,687 [fd6a0f59-fdeb-49bf-a199-f6a05cd3e8d0@group-6C669B14B405-LeaderElection18] INFO  server.RaftServer$Division (ServerState.java:setLeader(285)) - fd6a0f59-fdeb-49bf-a199-f6a05cd3e8d0@group-6C669B14B405: change Leader from null to fd6a0f59-fdeb-49bf-a199-f6a05cd3e8d0 at term 1 for becomeLeader, leader elected after 5183ms
2021-10-16 01:05:39,687 [fd6a0f59-fdeb-49bf-a199-f6a05cd3e8d0@group-6C669B14B405-LeaderElection18] INFO  server.RaftServerConfigKeys (ConfUtils.java:logGet(44)) - raft.server.staging.catchup.gap = 1000 (default)
2021-10-16 01:05:39,687 [Datanode State Machine Thread - 0] WARN  statemachine.StateContext (StateContext.java:execute(621)) - No available thread in pool for past 0 seconds.
2021-10-16 01:05:39,687 [fd6a0f59-fdeb-49bf-a199-f6a05cd3e8d0@group-6C669B14B405-LeaderElection18] INFO  server.RaftServerConfigKeys (ConfUtils.java:logGet(44)) - raft.server.write.element-limit = 1024 (custom)
2021-10-16 01:05:39,688 [fd6a0f59-fdeb-49bf-a199-f6a05cd3e8d0@group-6C669B14B405-LeaderElection18] INFO  server.RaftServerConfigKeys (ConfUtils.java:logGet(44)) - raft.server.write.byte-limit = 1024 M (=1073741824) (custom)
2021-10-16 01:05:39,688 [fd6a0f59-fdeb-49bf-a199-f6a05cd3e8d0@group-6C669B14B405-LeaderElection18] INFO  server.RaftServerConfigKeys (ConfUtils.java:logGet(44)) - raft.server.watch.timeout = 10000ms (default)
2021-10-16 01:05:39,688 [fd6a0f59-fdeb-49bf-a199-f6a05cd3e8d0@group-6C669B14B405-LeaderElection18] INFO  server.RaftServerConfigKeys (ConfUtils.java:logGet(44)) - raft.server.watch.timeout.denomination = 1s (default)
2021-10-16 01:05:39,689 [fd6a0f59-fdeb-49bf-a199-f6a05cd3e8d0@group-6C669B14B405-LeaderElection18] INFO  server.RaftServerConfigKeys (ConfUtils.java:logGet(44)) - raft.server.watch.element-limit = 65536 (default)
2021-10-16 01:05:39,689 [fd6a0f59-fdeb-49bf-a199-f6a05cd3e8d0@group-6C669B14B405-LeaderElection18] INFO  impl.RoleInfo (RoleInfo.java:updateAndGet(130)) - fd6a0f59-fdeb-49bf-a199-f6a05cd3e8d0: start fd6a0f59-fdeb-49bf-a199-f6a05cd3e8d0@group-6C669B14B405-LeaderStateImpl
2021-10-16 01:05:39,689 [EventQueue-OpenPipelineForHealthyPipelineSafeModeRule] INFO  safemode.SCMSafeModeManager (HealthyPipelineSafeModeRule.java:process(124)) - SCM in safe mode. Healthy pipelines reported count is 0, required healthy pipeline reported count is 1
2021-10-16 01:05:39,689 [fd6a0f59-fdeb-49bf-a199-f6a05cd3e8d0@group-6C669B14B405-LeaderElection18] INFO  segmented.SegmentedRaftLogWorker (SegmentedRaftLogWorker.java:startLogSegment(394)) - fd6a0f59-fdeb-49bf-a199-f6a05cd3e8d0@group-6C669B14B405-SegmentedRaftLogWorker: Starting segment from index:0
2021-10-16 01:05:39,691 [fd6a0f59-fdeb-49bf-a199-f6a05cd3e8d0@group-6C669B14B405-SegmentedRaftLogWorker] INFO  segmented.SegmentedRaftLogWorker (SegmentedRaftLogWorker.java:execute(601)) - fd6a0f59-fdeb-49bf-a199-f6a05cd3e8d0@group-6C669B14B405-SegmentedRaftLogWorker: created new log segment /home/runner/work/ozone/ozone/hadoop-ozone/integration-test/target/test-dir/MiniOzoneClusterImpl-248ee1f4-0f5c-4e53-af87-c176a130d444/datanode-8/data/ratis/d8b7a462-d376-4f6e-a80c-6c669b14b405/current/log_inprogress_0
2021-10-16 01:05:39,693 [fd6a0f59-fdeb-49bf-a199-f6a05cd3e8d0@group-6C669B14B405-LeaderElection18] INFO  server.RaftServer$Division (ServerState.java:setRaftConf(387)) - fd6a0f59-fdeb-49bf-a199-f6a05cd3e8d0@group-6C669B14B405: set configuration 0: [fd6a0f59-fdeb-49bf-a199-f6a05cd3e8d0|rpc:10.1.0.55:39899|dataStream:|priority:1], old=null
2021-10-16 01:05:39,694 [fd6a0f59-fdeb-49bf-a199-f6a05cd3e8d0@group-6C669B14B405-StateMachineUpdater] INFO  ratis.ContainerStateMachine (ContainerStateMachine.java:takeSnapshot(292)) - group-6C669B14B405: Taking a snapshot at:(t:1, i:0) file /home/runner/work/ozone/ozone/hadoop-ozone/integration-test/target/test-dir/MiniOzoneClusterImpl-248ee1f4-0f5c-4e53-af87-c176a130d444/datanode-8/data/ratis/d8b7a462-d376-4f6e-a80c-6c669b14b405/sm/snapshot.1_0
2021-10-16 01:05:39,695 [fd6a0f59-fdeb-49bf-a199-f6a05cd3e8d0@group-6C669B14B405-StateMachineUpdater] INFO  ratis.ContainerStateMachine (ContainerStateMachine.java:takeSnapshot(303)) - group-6C669B14B405: Finished taking a snapshot at:(t:1, i:0) file:/home/runner/work/ozone/ozone/hadoop-ozone/integration-test/target/test-dir/MiniOzoneClusterImpl-248ee1f4-0f5c-4e53-af87-c176a130d444/datanode-8/data/ratis/d8b7a462-d376-4f6e-a80c-6c669b14b405/sm/snapshot.1_0 took: 1 ms
2021-10-16 01:05:39,697 [fd6a0f59-fdeb-49bf-a199-f6a05cd3e8d0@group-6C669B14B405-StateMachineUpdater] INFO  impl.StateMachineUpdater (StateMachineUpdater.java:takeSnapshot(281)) - fd6a0f59-fdeb-49bf-a199-f6a05cd3e8d0@group-6C669B14B405-StateMachineUpdater: Took a snapshot at index 0
2021-10-16 01:05:39,697 [fd6a0f59-fdeb-49bf-a199-f6a05cd3e8d0@group-6C669B14B405-StateMachineUpdater] INFO  impl.StateMachineUpdater (StateMachineUpdater.java:lambda$new$0(89)) - fd6a0f59-fdeb-49bf-a199-f6a05cd3e8d0@group-6C669B14B405-StateMachineUpdater: snapshotIndex: updateIncreasingly -1 -> 0
2021-10-16 01:05:39,748 [Listener at 127.0.0.1/36205] INFO  ozone.MiniOzoneClusterImpl (MiniOzoneClusterImpl.java:lambda$waitForClusterToBeReady$0(235)) - Nodes are ready. Got 10 of 10 DN Heartbeats.
2021-10-16 01:05:39,749 [Listener at 127.0.0.1/36205] INFO  ozone.MiniOzoneClusterImpl (MiniOzoneClusterImpl.java:lambda$waitForClusterToBeReady$0(238)) - Waiting for cluster to exit safe mode
2021-10-16 01:05:39,749 [Listener at 127.0.0.1/36205] INFO  ozone.MiniOzoneClusterImpl (MiniOzoneClusterImpl.java:lambda$waitForClusterToBeReady$0(240)) - SCM became leader
2021-10-16 01:05:39,766 [EventQueue-OpenPipelineForHealthyPipelineSafeModeRule] INFO  safemode.SCMSafeModeManager (HealthyPipelineSafeModeRule.java:process(124)) - SCM in safe mode. Healthy pipelines reported count is 0, required healthy pipeline reported count is 1
2021-10-16 01:05:39,771 [EventQueue-OpenPipelineForHealthyPipelineSafeModeRule] INFO  safemode.SCMSafeModeManager (HealthyPipelineSafeModeRule.java:process(124)) - SCM in safe mode. Healthy pipelines reported count is 0, required healthy pipeline reported count is 1
2021-10-16 01:05:39,782 [EventQueue-OpenPipelineForHealthyPipelineSafeModeRule] INFO  safemode.SCMSafeModeManager (HealthyPipelineSafeModeRule.java:process(124)) - SCM in safe mode. Healthy pipelines reported count is 0, required healthy pipeline reported count is 1
2021-10-16 01:05:39,865 [EventQueue-OpenPipelineForHealthyPipelineSafeModeRule] INFO  safemode.SCMSafeModeManager (HealthyPipelineSafeModeRule.java:process(124)) - SCM in safe mode. Healthy pipelines reported count is 0, required healthy pipeline reported count is 1
2021-10-16 01:05:39,876 [EventQueue-OpenPipelineForHealthyPipelineSafeModeRule] INFO  safemode.SCMSafeModeManager (HealthyPipelineSafeModeRule.java:process(124)) - SCM in safe mode. Healthy pipelines reported count is 0, required healthy pipeline reported count is 1
2021-10-16 01:05:39,885 [EventQueue-OpenPipelineForHealthyPipelineSafeModeRule] INFO  safemode.SCMSafeModeManager (HealthyPipelineSafeModeRule.java:process(124)) - SCM in safe mode. Healthy pipelines reported count is 0, required healthy pipeline reported count is 1
2021-10-16 01:05:39,888 [EventQueue-OpenPipelineForHealthyPipelineSafeModeRule] INFO  safemode.SCMSafeModeManager (HealthyPipelineSafeModeRule.java:process(124)) - SCM in safe mode. Healthy pipelines reported count is 0, required healthy pipeline reported count is 1
2021-10-16 01:05:39,914 [EventQueue-OpenPipelineForHealthyPipelineSafeModeRule] INFO  safemode.SCMSafeModeManager (HealthyPipelineSafeModeRule.java:process(124)) - SCM in safe mode. Healthy pipelines reported count is 0, required healthy pipeline reported count is 1
2021-10-16 01:05:39,918 [EventQueue-OpenPipelineForHealthyPipelineSafeModeRule] INFO  safemode.SCMSafeModeManager (HealthyPipelineSafeModeRule.java:process(124)) - SCM in safe mode. Healthy pipelines reported count is 0, required healthy pipeline reported count is 1
2021-10-16 01:05:39,951 [c59c0270-13dd-4cb1-8237-362cd898cee9@group-FB5344425CD8-FollowerState] INFO  impl.FollowerState (FollowerState.java:run(134)) - c59c0270-13dd-4cb1-8237-362cd898cee9@group-FB5344425CD8-FollowerState: change to CANDIDATE, lastRpcElapsedTime:5164517042ns, electionTimeout:5163ms
2021-10-16 01:05:39,951 [c59c0270-13dd-4cb1-8237-362cd898cee9@group-FB5344425CD8-FollowerState] INFO  impl.RoleInfo (RoleInfo.java:shutdownFollowerState(108)) - c59c0270-13dd-4cb1-8237-362cd898cee9: shutdown c59c0270-13dd-4cb1-8237-362cd898cee9@group-FB5344425CD8-FollowerState
2021-10-16 01:05:39,951 [c59c0270-13dd-4cb1-8237-362cd898cee9@group-FB5344425CD8-FollowerState] INFO  server.RaftServer$Division (RaftServerImpl.java:setRole(285)) - c59c0270-13dd-4cb1-8237-362cd898cee9@group-FB5344425CD8: changes role from  FOLLOWER to CANDIDATE at term 0 for changeToCandidate
2021-10-16 01:05:39,953 [c59c0270-13dd-4cb1-8237-362cd898cee9@group-FB5344425CD8-FollowerState] INFO  server.RaftServerConfigKeys (ConfUtils.java:logGet(44)) - raft.server.leaderelection.pre-vote = false (custom)
2021-10-16 01:05:39,953 [c59c0270-13dd-4cb1-8237-362cd898cee9@group-FB5344425CD8-FollowerState] INFO  impl.RoleInfo (RoleInfo.java:updateAndGet(130)) - c59c0270-13dd-4cb1-8237-362cd898cee9: start c59c0270-13dd-4cb1-8237-362cd898cee9@group-FB5344425CD8-LeaderElection19
2021-10-16 01:05:39,966 [c59c0270-13dd-4cb1-8237-362cd898cee9@group-FB5344425CD8-LeaderElection19] INFO  impl.LeaderElection (LeaderElection.java:askForVotes(306)) - c59c0270-13dd-4cb1-8237-362cd898cee9@group-FB5344425CD8-LeaderElection19 ELECTION round 0: submit vote requests at term 1 for -1: [c59c0270-13dd-4cb1-8237-362cd898cee9|rpc:10.1.0.55:42851|priority:1], old=null
2021-10-16 01:05:39,966 [c59c0270-13dd-4cb1-8237-362cd898cee9@group-FB5344425CD8-LeaderElection19] INFO  impl.LeaderElection (LeaderElection.java:askForVotes(308)) - c59c0270-13dd-4cb1-8237-362cd898cee9@group-FB5344425CD8-LeaderElection19 ELECTION round 0: result PASSED (term=1)
2021-10-16 01:05:39,966 [c59c0270-13dd-4cb1-8237-362cd898cee9@group-FB5344425CD8-LeaderElection19] INFO  impl.RoleInfo (RoleInfo.java:shutdownLeaderElection(121)) - c59c0270-13dd-4cb1-8237-362cd898cee9: shutdown c59c0270-13dd-4cb1-8237-362cd898cee9@group-FB5344425CD8-LeaderElection19
2021-10-16 01:05:39,966 [c59c0270-13dd-4cb1-8237-362cd898cee9@group-FB5344425CD8-LeaderElection19] INFO  server.RaftServer$Division (RaftServerImpl.java:setRole(285)) - c59c0270-13dd-4cb1-8237-362cd898cee9@group-FB5344425CD8: changes role from CANDIDATE to LEADER at term 1 for changeToLeader
2021-10-16 01:05:39,966 [c59c0270-13dd-4cb1-8237-362cd898cee9@group-FB5344425CD8-LeaderElection19] INFO  ratis.XceiverServerRatis (XceiverServerRatis.java:handleLeaderChangedNotification(866)) - Leader change notification received for group: group-FB5344425CD8 with new leaderId: c59c0270-13dd-4cb1-8237-362cd898cee9
2021-10-16 01:05:39,966 [c59c0270-13dd-4cb1-8237-362cd898cee9@group-FB5344425CD8-LeaderElection19] INFO  server.RaftServer$Division (ServerState.java:setLeader(285)) - c59c0270-13dd-4cb1-8237-362cd898cee9@group-FB5344425CD8: change Leader from null to c59c0270-13dd-4cb1-8237-362cd898cee9 at term 1 for becomeLeader, leader elected after 5196ms
2021-10-16 01:05:39,967 [c59c0270-13dd-4cb1-8237-362cd898cee9@group-FB5344425CD8-LeaderElection19] INFO  server.RaftServerConfigKeys (ConfUtils.java:logGet(44)) - raft.server.staging.catchup.gap = 1000 (default)
2021-10-16 01:05:39,967 [c59c0270-13dd-4cb1-8237-362cd898cee9@group-FB5344425CD8-LeaderElection19] INFO  server.RaftServerConfigKeys (ConfUtils.java:logGet(44)) - raft.server.write.element-limit = 1024 (custom)
2021-10-16 01:05:39,967 [c59c0270-13dd-4cb1-8237-362cd898cee9@group-FB5344425CD8-LeaderElection19] INFO  server.RaftServerConfigKeys (ConfUtils.java:logGet(44)) - raft.server.write.byte-limit = 1024 M (=1073741824) (custom)
2021-10-16 01:05:39,967 [Datanode State Machine Thread - 0] WARN  statemachine.StateContext (StateContext.java:execute(621)) - No available thread in pool for past 0 seconds.
2021-10-16 01:05:39,967 [c59c0270-13dd-4cb1-8237-362cd898cee9@group-FB5344425CD8-LeaderElection19] INFO  server.RaftServerConfigKeys (ConfUtils.java:logGet(44)) - raft.server.watch.timeout = 10000ms (default)
2021-10-16 01:05:39,968 [c59c0270-13dd-4cb1-8237-362cd898cee9@group-FB5344425CD8-LeaderElection19] INFO  server.RaftServerConfigKeys (ConfUtils.java:logGet(44)) - raft.server.watch.timeout.denomination = 1s (default)
2021-10-16 01:05:39,968 [c59c0270-13dd-4cb1-8237-362cd898cee9@group-FB5344425CD8-LeaderElection19] INFO  server.RaftServerConfigKeys (ConfUtils.java:logGet(44)) - raft.server.watch.element-limit = 65536 (default)
2021-10-16 01:05:39,968 [c59c0270-13dd-4cb1-8237-362cd898cee9@group-FB5344425CD8-LeaderElection19] INFO  impl.RoleInfo (RoleInfo.java:updateAndGet(130)) - c59c0270-13dd-4cb1-8237-362cd898cee9: start c59c0270-13dd-4cb1-8237-362cd898cee9@group-FB5344425CD8-LeaderStateImpl
2021-10-16 01:05:39,969 [c59c0270-13dd-4cb1-8237-362cd898cee9@group-FB5344425CD8-LeaderElection19] INFO  segmented.SegmentedRaftLogWorker (SegmentedRaftLogWorker.java:startLogSegment(394)) - c59c0270-13dd-4cb1-8237-362cd898cee9@group-FB5344425CD8-SegmentedRaftLogWorker: Starting segment from index:0
2021-10-16 01:05:39,970 [EventQueue-OpenPipelineForHealthyPipelineSafeModeRule] INFO  safemode.SCMSafeModeManager (HealthyPipelineSafeModeRule.java:process(124)) - SCM in safe mode. Healthy pipelines reported count is 0, required healthy pipeline reported count is 1
2021-10-16 01:05:39,970 [c59c0270-13dd-4cb1-8237-362cd898cee9@group-FB5344425CD8-SegmentedRaftLogWorker] INFO  segmented.SegmentedRaftLogWorker (SegmentedRaftLogWorker.java:execute(601)) - c59c0270-13dd-4cb1-8237-362cd898cee9@group-FB5344425CD8-SegmentedRaftLogWorker: created new log segment /home/runner/work/ozone/ozone/hadoop-ozone/integration-test/target/test-dir/MiniOzoneClusterImpl-248ee1f4-0f5c-4e53-af87-c176a130d444/datanode-9/data/ratis/ced4b467-1b93-4af9-81de-fb5344425cd8/current/log_inprogress_0
2021-10-16 01:05:39,974 [c59c0270-13dd-4cb1-8237-362cd898cee9@group-FB5344425CD8-LeaderElection19] INFO  server.RaftServer$Division (ServerState.java:setRaftConf(387)) - c59c0270-13dd-4cb1-8237-362cd898cee9@group-FB5344425CD8: set configuration 0: [c59c0270-13dd-4cb1-8237-362cd898cee9|rpc:10.1.0.55:42851|dataStream:|priority:1], old=null
2021-10-16 01:05:39,976 [c59c0270-13dd-4cb1-8237-362cd898cee9@group-FB5344425CD8-StateMachineUpdater] INFO  ratis.ContainerStateMachine (ContainerStateMachine.java:takeSnapshot(292)) - group-FB5344425CD8: Taking a snapshot at:(t:1, i:0) file /home/runner/work/ozone/ozone/hadoop-ozone/integration-test/target/test-dir/MiniOzoneClusterImpl-248ee1f4-0f5c-4e53-af87-c176a130d444/datanode-9/data/ratis/ced4b467-1b93-4af9-81de-fb5344425cd8/sm/snapshot.1_0
2021-10-16 01:05:39,978 [c59c0270-13dd-4cb1-8237-362cd898cee9@group-FB5344425CD8-StateMachineUpdater] INFO  ratis.ContainerStateMachine (ContainerStateMachine.java:takeSnapshot(303)) - group-FB5344425CD8: Finished taking a snapshot at:(t:1, i:0) file:/home/runner/work/ozone/ozone/hadoop-ozone/integration-test/target/test-dir/MiniOzoneClusterImpl-248ee1f4-0f5c-4e53-af87-c176a130d444/datanode-9/data/ratis/ced4b467-1b93-4af9-81de-fb5344425cd8/sm/snapshot.1_0 took: 2 ms
2021-10-16 01:05:39,978 [c59c0270-13dd-4cb1-8237-362cd898cee9@group-FB5344425CD8-StateMachineUpdater] INFO  impl.StateMachineUpdater (StateMachineUpdater.java:takeSnapshot(281)) - c59c0270-13dd-4cb1-8237-362cd898cee9@group-FB5344425CD8-StateMachineUpdater: Took a snapshot at index 0
2021-10-16 01:05:39,978 [c59c0270-13dd-4cb1-8237-362cd898cee9@group-FB5344425CD8-StateMachineUpdater] INFO  impl.StateMachineUpdater (StateMachineUpdater.java:lambda$new$0(89)) - c59c0270-13dd-4cb1-8237-362cd898cee9@group-FB5344425CD8-StateMachineUpdater: snapshotIndex: updateIncreasingly -1 -> 0
2021-10-16 01:05:40,021 [EventQueue-OpenPipelineForHealthyPipelineSafeModeRule] INFO  safemode.SCMSafeModeManager (HealthyPipelineSafeModeRule.java:process(124)) - SCM in safe mode. Healthy pipelines reported count is 0, required healthy pipeline reported count is 1
2021-10-16 01:05:40,064 [EventQueue-OpenPipelineForHealthyPipelineSafeModeRule] INFO  safemode.SCMSafeModeManager (HealthyPipelineSafeModeRule.java:process(124)) - SCM in safe mode. Healthy pipelines reported count is 0, required healthy pipeline reported count is 1
2021-10-16 01:05:40,114 [EventQueue-OpenPipelineForHealthyPipelineSafeModeRule] INFO  safemode.SCMSafeModeManager (HealthyPipelineSafeModeRule.java:process(124)) - SCM in safe mode. Healthy pipelines reported count is 0, required healthy pipeline reported count is 1
2021-10-16 01:05:40,117 [EventQueue-OpenPipelineForHealthyPipelineSafeModeRule] INFO  safemode.SCMSafeModeManager (HealthyPipelineSafeModeRule.java:process(124)) - SCM in safe mode. Healthy pipelines reported count is 0, required healthy pipeline reported count is 1
2021-10-16 01:05:40,167 [EventQueue-OpenPipelineForHealthyPipelineSafeModeRule] INFO  safemode.SCMSafeModeManager (HealthyPipelineSafeModeRule.java:process(124)) - SCM in safe mode. Healthy pipelines reported count is 0, required healthy pipeline reported count is 1
2021-10-16 01:05:40,184 [EventQueue-OpenPipelineForHealthyPipelineSafeModeRule] INFO  safemode.SCMSafeModeManager (HealthyPipelineSafeModeRule.java:process(124)) - SCM in safe mode. Healthy pipelines reported count is 0, required healthy pipeline reported count is 1
2021-10-16 01:05:40,220 [EventQueue-OpenPipelineForHealthyPipelineSafeModeRule] INFO  safemode.SCMSafeModeManager (HealthyPipelineSafeModeRule.java:process(124)) - SCM in safe mode. Healthy pipelines reported count is 0, required healthy pipeline reported count is 1
2021-10-16 01:05:40,265 [EventQueue-OpenPipelineForHealthyPipelineSafeModeRule] INFO  safemode.SCMSafeModeManager (HealthyPipelineSafeModeRule.java:process(124)) - SCM in safe mode. Healthy pipelines reported count is 0, required healthy pipeline reported count is 1
2021-10-16 01:05:40,275 [EventQueue-OpenPipelineForHealthyPipelineSafeModeRule] INFO  safemode.SCMSafeModeManager (HealthyPipelineSafeModeRule.java:process(124)) - SCM in safe mode. Healthy pipelines reported count is 0, required healthy pipeline reported count is 1
2021-10-16 01:05:40,285 [EventQueue-OpenPipelineForHealthyPipelineSafeModeRule] INFO  safemode.SCMSafeModeManager (HealthyPipelineSafeModeRule.java:process(124)) - SCM in safe mode. Healthy pipelines reported count is 0, required healthy pipeline reported count is 1
2021-10-16 01:05:40,289 [EventQueue-OpenPipelineForHealthyPipelineSafeModeRule] INFO  safemode.SCMSafeModeManager (HealthyPipelineSafeModeRule.java:process(124)) - SCM in safe mode. Healthy pipelines reported count is 0, required healthy pipeline reported count is 1
2021-10-16 01:05:40,366 [EventQueue-OpenPipelineForHealthyPipelineSafeModeRule] INFO  safemode.SCMSafeModeManager (HealthyPipelineSafeModeRule.java:process(124)) - SCM in safe mode. Healthy pipelines reported count is 0, required healthy pipeline reported count is 1
2021-10-16 01:05:40,368 [EventQueue-OpenPipelineForHealthyPipelineSafeModeRule] INFO  safemode.SCMSafeModeManager (HealthyPipelineSafeModeRule.java:process(124)) - SCM in safe mode. Healthy pipelines reported count is 0, required healthy pipeline reported count is 1
2021-10-16 01:05:40,384 [EventQueue-OpenPipelineForHealthyPipelineSafeModeRule] INFO  safemode.SCMSafeModeManager (HealthyPipelineSafeModeRule.java:process(124)) - SCM in safe mode. Healthy pipelines reported count is 0, required healthy pipeline reported count is 1
2021-10-16 01:05:40,476 [EventQueue-OpenPipelineForHealthyPipelineSafeModeRule] INFO  safemode.SCMSafeModeManager (HealthyPipelineSafeModeRule.java:process(124)) - SCM in safe mode. Healthy pipelines reported count is 0, required healthy pipeline reported count is 1
2021-10-16 01:05:40,490 [EventQueue-OpenPipelineForHealthyPipelineSafeModeRule] INFO  safemode.SCMSafeModeManager (HealthyPipelineSafeModeRule.java:process(124)) - SCM in safe mode. Healthy pipelines reported count is 0, required healthy pipeline reported count is 1
2021-10-16 01:05:40,528 [EventQueue-OpenPipelineForHealthyPipelineSafeModeRule] INFO  safemode.SCMSafeModeManager (HealthyPipelineSafeModeRule.java:process(124)) - SCM in safe mode. Healthy pipelines reported count is 0, required healthy pipeline reported count is 1
2021-10-16 01:05:40,528 [EventQueue-OpenPipelineForHealthyPipelineSafeModeRule] INFO  safemode.SCMSafeModeManager (HealthyPipelineSafeModeRule.java:process(124)) - SCM in safe mode. Healthy pipelines reported count is 0, required healthy pipeline reported count is 1
2021-10-16 01:05:40,567 [EventQueue-OpenPipelineForHealthyPipelineSafeModeRule] INFO  safemode.SCMSafeModeManager (HealthyPipelineSafeModeRule.java:process(124)) - SCM in safe mode. Healthy pipelines reported count is 0, required healthy pipeline reported count is 1
2021-10-16 01:05:40,623 [EventQueue-OpenPipelineForHealthyPipelineSafeModeRule] INFO  safemode.SCMSafeModeManager (HealthyPipelineSafeModeRule.java:process(124)) - SCM in safe mode. Healthy pipelines reported count is 0, required healthy pipeline reported count is 1
2021-10-16 01:05:40,664 [EventQueue-OpenPipelineForHealthyPipelineSafeModeRule] INFO  safemode.SCMSafeModeManager (HealthyPipelineSafeModeRule.java:process(124)) - SCM in safe mode. Healthy pipelines reported count is 0, required healthy pipeline reported count is 1
2021-10-16 01:05:40,677 [EventQueue-OpenPipelineForHealthyPipelineSafeModeRule] INFO  safemode.SCMSafeModeManager (HealthyPipelineSafeModeRule.java:process(124)) - SCM in safe mode. Healthy pipelines reported count is 0, required healthy pipeline reported count is 1
2021-10-16 01:05:40,686 [EventQueue-OpenPipelineForHealthyPipelineSafeModeRule] INFO  safemode.SCMSafeModeManager (HealthyPipelineSafeModeRule.java:process(124)) - SCM in safe mode. Healthy pipelines reported count is 0, required healthy pipeline reported count is 1
2021-10-16 01:05:40,689 [EventQueue-OpenPipelineForHealthyPipelineSafeModeRule] INFO  safemode.SCMSafeModeManager (HealthyPipelineSafeModeRule.java:process(124)) - SCM in safe mode. Healthy pipelines reported count is 0, required healthy pipeline reported count is 1
2021-10-16 01:05:40,715 [EventQueue-OpenPipelineForHealthyPipelineSafeModeRule] INFO  safemode.SCMSafeModeManager (HealthyPipelineSafeModeRule.java:process(124)) - SCM in safe mode. Healthy pipelines reported count is 0, required healthy pipeline reported count is 1
2021-10-16 01:05:40,720 [EventQueue-OpenPipelineForHealthyPipelineSafeModeRule] INFO  safemode.SCMSafeModeManager (HealthyPipelineSafeModeRule.java:process(124)) - SCM in safe mode. Healthy pipelines reported count is 0, required healthy pipeline reported count is 1
2021-10-16 01:05:40,749 [Listener at 127.0.0.1/36205] INFO  ozone.MiniOzoneClusterImpl (MiniOzoneClusterImpl.java:lambda$waitForClusterToBeReady$0(235)) - Nodes are ready. Got 10 of 10 DN Heartbeats.
2021-10-16 01:05:40,749 [Listener at 127.0.0.1/36205] INFO  ozone.MiniOzoneClusterImpl (MiniOzoneClusterImpl.java:lambda$waitForClusterToBeReady$0(238)) - Waiting for cluster to exit safe mode
2021-10-16 01:05:40,749 [Listener at 127.0.0.1/36205] INFO  ozone.MiniOzoneClusterImpl (MiniOzoneClusterImpl.java:lambda$waitForClusterToBeReady$0(240)) - SCM became leader
2021-10-16 01:05:40,766 [EventQueue-OpenPipelineForHealthyPipelineSafeModeRule] INFO  safemode.SCMSafeModeManager (HealthyPipelineSafeModeRule.java:process(124)) - SCM in safe mode. Healthy pipelines reported count is 0, required healthy pipeline reported count is 1
2021-10-16 01:05:40,769 [EventQueue-OpenPipelineForHealthyPipelineSafeModeRule] INFO  safemode.SCMSafeModeManager (HealthyPipelineSafeModeRule.java:process(124)) - SCM in safe mode. Healthy pipelines reported count is 0, required healthy pipeline reported count is 1
2021-10-16 01:05:40,784 [EventQueue-OpenPipelineForHealthyPipelineSafeModeRule] INFO  safemode.SCMSafeModeManager (HealthyPipelineSafeModeRule.java:process(124)) - SCM in safe mode. Healthy pipelines reported count is 0, required healthy pipeline reported count is 1
2021-10-16 01:05:40,820 [EventQueue-OpenPipelineForHealthyPipelineSafeModeRule] INFO  safemode.SCMSafeModeManager (HealthyPipelineSafeModeRule.java:process(124)) - SCM in safe mode. Healthy pipelines reported count is 0, required healthy pipeline reported count is 1
2021-10-16 01:05:40,888 [EventQueue-OpenPipelineForHealthyPipelineSafeModeRule] INFO  safemode.SCMSafeModeManager (HealthyPipelineSafeModeRule.java:process(124)) - SCM in safe mode. Healthy pipelines reported count is 0, required healthy pipeline reported count is 1
2021-10-16 01:05:40,967 [EventQueue-OpenPipelineForHealthyPipelineSafeModeRule] INFO  safemode.SCMSafeModeManager (HealthyPipelineSafeModeRule.java:process(124)) - SCM in safe mode. Healthy pipelines reported count is 0, required healthy pipeline reported count is 1
2021-10-16 01:05:40,984 [EventQueue-OpenPipelineForHealthyPipelineSafeModeRule] INFO  safemode.SCMSafeModeManager (HealthyPipelineSafeModeRule.java:process(124)) - SCM in safe mode. Healthy pipelines reported count is 0, required healthy pipeline reported count is 1
2021-10-16 01:05:41,065 [EventQueue-OpenPipelineForHealthyPipelineSafeModeRule] INFO  safemode.SCMSafeModeManager (HealthyPipelineSafeModeRule.java:process(124)) - SCM in safe mode. Healthy pipelines reported count is 0, required healthy pipeline reported count is 1
2021-10-16 01:05:41,079 [EventQueue-OpenPipelineForHealthyPipelineSafeModeRule] INFO  safemode.SCMSafeModeManager (HealthyPipelineSafeModeRule.java:process(124)) - SCM in safe mode. Healthy pipelines reported count is 0, required healthy pipeline reported count is 1
2021-10-16 01:05:41,087 [EventQueue-OpenPipelineForHealthyPipelineSafeModeRule] INFO  safemode.SCMSafeModeManager (HealthyPipelineSafeModeRule.java:process(124)) - SCM in safe mode. Healthy pipelines reported count is 0, required healthy pipeline reported count is 1
2021-10-16 01:05:41,090 [EventQueue-OpenPipelineForHealthyPipelineSafeModeRule] INFO  safemode.SCMSafeModeManager (HealthyPipelineSafeModeRule.java:process(124)) - SCM in safe mode. Healthy pipelines reported count is 0, required healthy pipeline reported count is 1
2021-10-16 01:05:41,116 [EventQueue-OpenPipelineForHealthyPipelineSafeModeRule] INFO  safemode.SCMSafeModeManager (HealthyPipelineSafeModeRule.java:process(124)) - SCM in safe mode. Healthy pipelines reported count is 0, required healthy pipeline reported count is 1
2021-10-16 01:05:41,120 [EventQueue-OpenPipelineForHealthyPipelineSafeModeRule] INFO  safemode.SCMSafeModeManager (HealthyPipelineSafeModeRule.java:process(124)) - SCM in safe mode. Healthy pipelines reported count is 0, required healthy pipeline reported count is 1
2021-10-16 01:05:41,168 [EventQueue-OpenPipelineForHealthyPipelineSafeModeRule] INFO  safemode.SCMSafeModeManager (HealthyPipelineSafeModeRule.java:process(124)) - SCM in safe mode. Healthy pipelines reported count is 0, required healthy pipeline reported count is 1
2021-10-16 01:05:41,220 [EventQueue-OpenPipelineForHealthyPipelineSafeModeRule] INFO  safemode.SCMSafeModeManager (HealthyPipelineSafeModeRule.java:process(124)) - SCM in safe mode. Healthy pipelines reported count is 0, required healthy pipeline reported count is 1
2021-10-16 01:05:41,265 [EventQueue-OpenPipelineForHealthyPipelineSafeModeRule] INFO  safemode.SCMSafeModeManager (HealthyPipelineSafeModeRule.java:process(124)) - SCM in safe mode. Healthy pipelines reported count is 0, required healthy pipeline reported count is 1
2021-10-16 01:05:41,290 [EventQueue-OpenPipelineForHealthyPipelineSafeModeRule] INFO  safemode.SCMSafeModeManager (HealthyPipelineSafeModeRule.java:process(124)) - SCM in safe mode. Healthy pipelines reported count is 0, required healthy pipeline reported count is 1
2021-10-16 01:05:41,316 [EventQueue-OpenPipelineForHealthyPipelineSafeModeRule] INFO  safemode.SCMSafeModeManager (HealthyPipelineSafeModeRule.java:process(124)) - SCM in safe mode. Healthy pipelines reported count is 0, required healthy pipeline reported count is 1
2021-10-16 01:05:41,320 [EventQueue-OpenPipelineForHealthyPipelineSafeModeRule] INFO  safemode.SCMSafeModeManager (HealthyPipelineSafeModeRule.java:process(124)) - SCM in safe mode. Healthy pipelines reported count is 0, required healthy pipeline reported count is 1
2021-10-16 01:05:41,366 [EventQueue-OpenPipelineForHealthyPipelineSafeModeRule] INFO  safemode.SCMSafeModeManager (HealthyPipelineSafeModeRule.java:process(124)) - SCM in safe mode. Healthy pipelines reported count is 0, required healthy pipeline reported count is 1
2021-10-16 01:05:41,369 [EventQueue-OpenPipelineForHealthyPipelineSafeModeRule] INFO  safemode.SCMSafeModeManager (HealthyPipelineSafeModeRule.java:process(124)) - SCM in safe mode. Healthy pipelines reported count is 0, required healthy pipeline reported count is 1
2021-10-16 01:05:41,384 [EventQueue-OpenPipelineForHealthyPipelineSafeModeRule] INFO  safemode.SCMSafeModeManager (HealthyPipelineSafeModeRule.java:process(124)) - SCM in safe mode. Healthy pipelines reported count is 0, required healthy pipeline reported count is 1
2021-10-16 01:05:41,420 [EventQueue-OpenPipelineForHealthyPipelineSafeModeRule] INFO  safemode.SCMSafeModeManager (HealthyPipelineSafeModeRule.java:process(124)) - SCM in safe mode. Healthy pipelines reported count is 0, required healthy pipeline reported count is 1
2021-10-16 01:05:41,477 [EventQueue-OpenPipelineForHealthyPipelineSafeModeRule] INFO  safemode.SCMSafeModeManager (HealthyPipelineSafeModeRule.java:process(124)) - SCM in safe mode. Healthy pipelines reported count is 0, required healthy pipeline reported count is 1
2021-10-16 01:05:41,488 [EventQueue-OpenPipelineForHealthyPipelineSafeModeRule] INFO  safemode.SCMSafeModeManager (HealthyPipelineSafeModeRule.java:process(124)) - SCM in safe mode. Healthy pipelines reported count is 0, required healthy pipeline reported count is 1
2021-10-16 01:05:41,491 [EventQueue-OpenPipelineForHealthyPipelineSafeModeRule] INFO  safemode.SCMSafeModeManager (HealthyPipelineSafeModeRule.java:process(124)) - SCM in safe mode. Healthy pipelines reported count is 0, required healthy pipeline reported count is 1
2021-10-16 01:05:41,521 [EventQueue-OpenPipelineForHealthyPipelineSafeModeRule] INFO  safemode.SCMSafeModeManager (HealthyPipelineSafeModeRule.java:process(124)) - SCM in safe mode. Healthy pipelines reported count is 0, required healthy pipeline reported count is 1
2021-10-16 01:05:41,569 [EventQueue-OpenPipelineForHealthyPipelineSafeModeRule] INFO  safemode.SCMSafeModeManager (HealthyPipelineSafeModeRule.java:process(124)) - SCM in safe mode. Healthy pipelines reported count is 0, required healthy pipeline reported count is 1
2021-10-16 01:05:41,665 [EventQueue-OpenPipelineForHealthyPipelineSafeModeRule] INFO  safemode.SCMSafeModeManager (HealthyPipelineSafeModeRule.java:process(124)) - SCM in safe mode. Healthy pipelines reported count is 0, required healthy pipeline reported count is 1
2021-10-16 01:05:41,688 [EventQueue-OpenPipelineForHealthyPipelineSafeModeRule] INFO  safemode.SCMSafeModeManager (HealthyPipelineSafeModeRule.java:process(124)) - SCM in safe mode. Healthy pipelines reported count is 0, required healthy pipeline reported count is 1
2021-10-16 01:05:41,715 [EventQueue-OpenPipelineForHealthyPipelineSafeModeRule] INFO  safemode.SCMSafeModeManager (HealthyPipelineSafeModeRule.java:process(124)) - SCM in safe mode. Healthy pipelines reported count is 0, required healthy pipeline reported count is 1
2021-10-16 01:05:41,722 [EventQueue-OpenPipelineForHealthyPipelineSafeModeRule] INFO  safemode.SCMSafeModeManager (HealthyPipelineSafeModeRule.java:process(124)) - SCM in safe mode. Healthy pipelines reported count is 0, required healthy pipeline reported count is 1
2021-10-16 01:05:41,750 [Listener at 127.0.0.1/36205] INFO  ozone.MiniOzoneClusterImpl (MiniOzoneClusterImpl.java:lambda$waitForClusterToBeReady$0(235)) - Nodes are ready. Got 10 of 10 DN Heartbeats.
2021-10-16 01:05:41,750 [Listener at 127.0.0.1/36205] INFO  ozone.MiniOzoneClusterImpl (MiniOzoneClusterImpl.java:lambda$waitForClusterToBeReady$0(238)) - Waiting for cluster to exit safe mode
2021-10-16 01:05:41,750 [Listener at 127.0.0.1/36205] INFO  ozone.MiniOzoneClusterImpl (MiniOzoneClusterImpl.java:lambda$waitForClusterToBeReady$0(240)) - SCM became leader
2021-10-16 01:05:41,766 [EventQueue-OpenPipelineForHealthyPipelineSafeModeRule] INFO  safemode.SCMSafeModeManager (HealthyPipelineSafeModeRule.java:process(124)) - SCM in safe mode. Healthy pipelines reported count is 0, required healthy pipeline reported count is 1
2021-10-16 01:05:41,775 [EventQueue-OpenPipelineForHealthyPipelineSafeModeRule] INFO  safemode.SCMSafeModeManager (HealthyPipelineSafeModeRule.java:process(124)) - SCM in safe mode. Healthy pipelines reported count is 0, required healthy pipeline reported count is 1
2021-10-16 01:05:41,786 [EventQueue-OpenPipelineForHealthyPipelineSafeModeRule] INFO  safemode.SCMSafeModeManager (HealthyPipelineSafeModeRule.java:process(124)) - SCM in safe mode. Healthy pipelines reported count is 0, required healthy pipeline reported count is 1
2021-10-16 01:05:41,820 [EventQueue-OpenPipelineForHealthyPipelineSafeModeRule] INFO  safemode.SCMSafeModeManager (HealthyPipelineSafeModeRule.java:process(124)) - SCM in safe mode. Healthy pipelines reported count is 0, required healthy pipeline reported count is 1
2021-10-16 01:05:41,865 [EventQueue-OpenPipelineForHealthyPipelineSafeModeRule] INFO  safemode.SCMSafeModeManager (HealthyPipelineSafeModeRule.java:process(124)) - SCM in safe mode. Healthy pipelines reported count is 0, required healthy pipeline reported count is 1
2021-10-16 01:05:41,877 [EventQueue-OpenPipelineForHealthyPipelineSafeModeRule] INFO  safemode.SCMSafeModeManager (HealthyPipelineSafeModeRule.java:process(124)) - SCM in safe mode. Healthy pipelines reported count is 0, required healthy pipeline reported count is 1
2021-10-16 01:05:41,891 [EventQueue-OpenPipelineForHealthyPipelineSafeModeRule] INFO  safemode.SCMSafeModeManager (HealthyPipelineSafeModeRule.java:process(124)) - SCM in safe mode. Healthy pipelines reported count is 0, required healthy pipeline reported count is 1
2021-10-16 01:05:41,915 [EventQueue-OpenPipelineForHealthyPipelineSafeModeRule] INFO  safemode.SCMSafeModeManager (HealthyPipelineSafeModeRule.java:process(124)) - SCM in safe mode. Healthy pipelines reported count is 0, required healthy pipeline reported count is 1
2021-10-16 01:05:42,020 [EventQueue-OpenPipelineForHealthyPipelineSafeModeRule] INFO  safemode.SCMSafeModeManager (HealthyPipelineSafeModeRule.java:process(124)) - SCM in safe mode. Healthy pipelines reported count is 0, required healthy pipeline reported count is 1
2021-10-16 01:05:42,064 [EventQueue-OpenPipelineForHealthyPipelineSafeModeRule] INFO  safemode.SCMSafeModeManager (HealthyPipelineSafeModeRule.java:process(124)) - SCM in safe mode. Healthy pipelines reported count is 0, required healthy pipeline reported count is 1
2021-10-16 01:05:42,078 [EventQueue-OpenPipelineForHealthyPipelineSafeModeRule] INFO  safemode.SCMSafeModeManager (HealthyPipelineSafeModeRule.java:process(124)) - SCM in safe mode. Healthy pipelines reported count is 0, required healthy pipeline reported count is 1
2021-10-16 01:05:42,088 [EventQueue-OpenPipelineForHealthyPipelineSafeModeRule] INFO  safemode.SCMSafeModeManager (HealthyPipelineSafeModeRule.java:process(124)) - SCM in safe mode. Healthy pipelines reported count is 0, required healthy pipeline reported count is 1
2021-10-16 01:05:42,091 [EventQueue-OpenPipelineForHealthyPipelineSafeModeRule] INFO  safemode.SCMSafeModeManager (HealthyPipelineSafeModeRule.java:process(124)) - SCM in safe mode. Healthy pipelines reported count is 0, required healthy pipeline reported count is 1
2021-10-16 01:05:42,120 [EventQueue-OpenPipelineForHealthyPipelineSafeModeRule] INFO  safemode.SCMSafeModeManager (HealthyPipelineSafeModeRule.java:process(124)) - SCM in safe mode. Healthy pipelines reported count is 0, required healthy pipeline reported count is 1
2021-10-16 01:05:42,167 [EventQueue-OpenPipelineForHealthyPipelineSafeModeRule] INFO  safemode.SCMSafeModeManager (HealthyPipelineSafeModeRule.java:process(124)) - SCM in safe mode. Healthy pipelines reported count is 0, required healthy pipeline reported count is 1
2021-10-16 01:05:42,169 [EventQueue-OpenPipelineForHealthyPipelineSafeModeRule] INFO  safemode.SCMSafeModeManager (HealthyPipelineSafeModeRule.java:process(124)) - SCM in safe mode. Healthy pipelines reported count is 0, required healthy pipeline reported count is 1
2021-10-16 01:05:42,181 [b875dbc0-fa4a-4375-91ba-3cc15c85989b@group-6D649BBCF7BF-FollowerState] INFO  impl.FollowerState (FollowerState.java:run(134)) - b875dbc0-fa4a-4375-91ba-3cc15c85989b@group-6D649BBCF7BF-FollowerState: change to CANDIDATE, lastRpcElapsedTime:5034171097ns, electionTimeout:5027ms
2021-10-16 01:05:42,181 [b875dbc0-fa4a-4375-91ba-3cc15c85989b@group-6D649BBCF7BF-FollowerState] INFO  impl.RoleInfo (RoleInfo.java:shutdownFollowerState(108)) - b875dbc0-fa4a-4375-91ba-3cc15c85989b: shutdown b875dbc0-fa4a-4375-91ba-3cc15c85989b@group-6D649BBCF7BF-FollowerState
2021-10-16 01:05:42,181 [b875dbc0-fa4a-4375-91ba-3cc15c85989b@group-6D649BBCF7BF-FollowerState] INFO  server.RaftServer$Division (RaftServerImpl.java:setRole(285)) - b875dbc0-fa4a-4375-91ba-3cc15c85989b@group-6D649BBCF7BF: changes role from  FOLLOWER to CANDIDATE at term 1 for changeToCandidate
2021-10-16 01:05:42,181 [b875dbc0-fa4a-4375-91ba-3cc15c85989b@group-6D649BBCF7BF-FollowerState] INFO  server.RaftServerConfigKeys (ConfUtils.java:logGet(44)) - raft.server.leaderelection.pre-vote = false (custom)
2021-10-16 01:05:42,182 [b875dbc0-fa4a-4375-91ba-3cc15c85989b@group-6D649BBCF7BF-FollowerState] INFO  impl.RoleInfo (RoleInfo.java:updateAndGet(130)) - b875dbc0-fa4a-4375-91ba-3cc15c85989b: start b875dbc0-fa4a-4375-91ba-3cc15c85989b@group-6D649BBCF7BF-LeaderElection20
2021-10-16 01:05:42,184 [b875dbc0-fa4a-4375-91ba-3cc15c85989b@group-6D649BBCF7BF-LeaderElection20] INFO  impl.LeaderElection (LeaderElection.java:askForVotes(306)) - b875dbc0-fa4a-4375-91ba-3cc15c85989b@group-6D649BBCF7BF-LeaderElection20 ELECTION round 0: submit vote requests at term 2 for -1: [0ad9ea75-306a-4cf7-ba3a-0d6a659ae299|rpc:10.1.0.55:35779|priority:1, b875dbc0-fa4a-4375-91ba-3cc15c85989b|rpc:10.1.0.55:37245|priority:0, 8d52824f-ad79-492b-8fae-12e0fefff0c3|rpc:10.1.0.55:39801|priority:0], old=null
2021-10-16 01:05:42,186 [EventQueue-OpenPipelineForHealthyPipelineSafeModeRule] INFO  safemode.SCMSafeModeManager (HealthyPipelineSafeModeRule.java:process(124)) - SCM in safe mode. Healthy pipelines reported count is 0, required healthy pipeline reported count is 1
2021-10-16 01:05:42,190 [grpc-default-executor-2] INFO  server.RaftServer$Division (RaftServerImpl.java:requestVote(1043)) - 0ad9ea75-306a-4cf7-ba3a-0d6a659ae299@group-6D649BBCF7BF: receive requestVote(ELECTION, b875dbc0-fa4a-4375-91ba-3cc15c85989b, group-6D649BBCF7BF, 2, (t:0, i:0))
2021-10-16 01:05:42,190 [grpc-default-executor-2] INFO  impl.VoteContext (VoteContext.java:log(48)) - 0ad9ea75-306a-4cf7-ba3a-0d6a659ae299@group-6D649BBCF7BF-FOLLOWER: reject ELECTION from b875dbc0-fa4a-4375-91ba-3cc15c85989b: our priority 1 > candidate's priority 0
2021-10-16 01:05:42,190 [grpc-default-executor-2] INFO  server.RaftServer$Division (RaftServerImpl.java:setRole(285)) - 0ad9ea75-306a-4cf7-ba3a-0d6a659ae299@group-6D649BBCF7BF: changes role from  FOLLOWER to FOLLOWER at term 2 for candidate:b875dbc0-fa4a-4375-91ba-3cc15c85989b
2021-10-16 01:05:42,190 [grpc-default-executor-2] INFO  impl.RoleInfo (RoleInfo.java:shutdownFollowerState(108)) - 0ad9ea75-306a-4cf7-ba3a-0d6a659ae299: shutdown 0ad9ea75-306a-4cf7-ba3a-0d6a659ae299@group-6D649BBCF7BF-FollowerState
2021-10-16 01:05:42,191 [grpc-default-executor-2] INFO  impl.RoleInfo (RoleInfo.java:updateAndGet(130)) - 0ad9ea75-306a-4cf7-ba3a-0d6a659ae299: start 0ad9ea75-306a-4cf7-ba3a-0d6a659ae299@group-6D649BBCF7BF-FollowerState
2021-10-16 01:05:42,191 [0ad9ea75-306a-4cf7-ba3a-0d6a659ae299@group-6D649BBCF7BF-FollowerState] INFO  impl.FollowerState (FollowerState.java:run(143)) - 0ad9ea75-306a-4cf7-ba3a-0d6a659ae299@group-6D649BBCF7BF-FollowerState was interrupted: {}
java.lang.InterruptedException: sleep interrupted
	at java.lang.Thread.sleep(Native Method)
	at java.lang.Thread.sleep(Thread.java:340)
	at java.util.concurrent.TimeUnit.sleep(TimeUnit.java:386)
	at org.apache.ratis.util.TimeDuration.sleep(TimeDuration.java:324)
	at org.apache.ratis.util.TimeDuration.sleep(TimeDuration.java:309)
	at org.apache.ratis.server.impl.FollowerState.run(FollowerState.java:118)
2021-10-16 01:05:42,191 [grpc-default-executor-0] INFO  server.RaftServer$Division (RaftServerImpl.java:requestVote(1043)) - 8d52824f-ad79-492b-8fae-12e0fefff0c3@group-6D649BBCF7BF: receive requestVote(ELECTION, b875dbc0-fa4a-4375-91ba-3cc15c85989b, group-6D649BBCF7BF, 2, (t:0, i:0))
2021-10-16 01:05:42,191 [grpc-default-executor-0] INFO  impl.VoteContext (VoteContext.java:log(48)) - 8d52824f-ad79-492b-8fae-12e0fefff0c3@group-6D649BBCF7BF-FOLLOWER: accept ELECTION from b875dbc0-fa4a-4375-91ba-3cc15c85989b: our priority 0 <= candidate's priority 0
2021-10-16 01:05:42,191 [grpc-default-executor-0] INFO  server.RaftServer$Division (RaftServerImpl.java:setRole(285)) - 8d52824f-ad79-492b-8fae-12e0fefff0c3@group-6D649BBCF7BF: changes role from  FOLLOWER to FOLLOWER at term 2 for candidate:b875dbc0-fa4a-4375-91ba-3cc15c85989b
2021-10-16 01:05:42,191 [grpc-default-executor-0] INFO  impl.RoleInfo (RoleInfo.java:shutdownFollowerState(108)) - 8d52824f-ad79-492b-8fae-12e0fefff0c3: shutdown 8d52824f-ad79-492b-8fae-12e0fefff0c3@group-6D649BBCF7BF-FollowerState
2021-10-16 01:05:42,196 [grpc-default-executor-0] INFO  impl.RoleInfo (RoleInfo.java:updateAndGet(130)) - 8d52824f-ad79-492b-8fae-12e0fefff0c3: start 8d52824f-ad79-492b-8fae-12e0fefff0c3@group-6D649BBCF7BF-FollowerState
2021-10-16 01:05:42,196 [8d52824f-ad79-492b-8fae-12e0fefff0c3@group-6D649BBCF7BF-FollowerState] INFO  impl.FollowerState (FollowerState.java:run(143)) - 8d52824f-ad79-492b-8fae-12e0fefff0c3@group-6D649BBCF7BF-FollowerState was interrupted: {}
java.lang.InterruptedException: sleep interrupted
	at java.lang.Thread.sleep(Native Method)
	at java.lang.Thread.sleep(Thread.java:340)
	at java.util.concurrent.TimeUnit.sleep(TimeUnit.java:386)
	at org.apache.ratis.util.TimeDuration.sleep(TimeDuration.java:324)
	at org.apache.ratis.util.TimeDuration.sleep(TimeDuration.java:309)
	at org.apache.ratis.server.impl.FollowerState.run(FollowerState.java:118)
2021-10-16 01:05:42,210 [grpc-default-executor-2] INFO  server.RaftServer$Division (RaftServerImpl.java:requestVote(1075)) - 0ad9ea75-306a-4cf7-ba3a-0d6a659ae299@group-6D649BBCF7BF replies to ELECTION vote request: b875dbc0-fa4a-4375-91ba-3cc15c85989b<-0ad9ea75-306a-4cf7-ba3a-0d6a659ae299#0:FAIL-t2. Peer's state: 0ad9ea75-306a-4cf7-ba3a-0d6a659ae299@group-6D649BBCF7BF:t2, leader=null, voted=null, raftlog=0ad9ea75-306a-4cf7-ba3a-0d6a659ae299@group-6D649BBCF7BF-SegmentedRaftLog:OPENED:c-1,f-1,i0, conf=-1: [0ad9ea75-306a-4cf7-ba3a-0d6a659ae299|rpc:10.1.0.55:35779|priority:1, b875dbc0-fa4a-4375-91ba-3cc15c85989b|rpc:10.1.0.55:37245|priority:0, 8d52824f-ad79-492b-8fae-12e0fefff0c3|rpc:10.1.0.55:39801|priority:0], old=null
2021-10-16 01:05:42,210 [grpc-default-executor-0] INFO  server.RaftServer$Division (RaftServerImpl.java:requestVote(1075)) - 8d52824f-ad79-492b-8fae-12e0fefff0c3@group-6D649BBCF7BF replies to ELECTION vote request: b875dbc0-fa4a-4375-91ba-3cc15c85989b<-8d52824f-ad79-492b-8fae-12e0fefff0c3#0:OK-t2. Peer's state: 8d52824f-ad79-492b-8fae-12e0fefff0c3@group-6D649BBCF7BF:t2, leader=null, voted=b875dbc0-fa4a-4375-91ba-3cc15c85989b, raftlog=8d52824f-ad79-492b-8fae-12e0fefff0c3@group-6D649BBCF7BF-SegmentedRaftLog:OPENED:c-1,f-1,i0, conf=-1: [0ad9ea75-306a-4cf7-ba3a-0d6a659ae299|rpc:10.1.0.55:35779|priority:1, b875dbc0-fa4a-4375-91ba-3cc15c85989b|rpc:10.1.0.55:37245|priority:0, 8d52824f-ad79-492b-8fae-12e0fefff0c3|rpc:10.1.0.55:39801|priority:0], old=null
2021-10-16 01:05:42,213 [b875dbc0-fa4a-4375-91ba-3cc15c85989b@group-6D649BBCF7BF-LeaderElection20] INFO  impl.LeaderElection (LeaderElection.java:logAndReturn(89)) - b875dbc0-fa4a-4375-91ba-3cc15c85989b@group-6D649BBCF7BF-LeaderElection20: ELECTION REJECTED received 2 response(s) and 0 exception(s):
2021-10-16 01:05:42,217 [b875dbc0-fa4a-4375-91ba-3cc15c85989b@group-6D649BBCF7BF-LeaderElection20] INFO  impl.LeaderElection (LeaderElection.java:logAndReturn(93)) -   Response 0: b875dbc0-fa4a-4375-91ba-3cc15c85989b<-0ad9ea75-306a-4cf7-ba3a-0d6a659ae299#0:FAIL-t2
2021-10-16 01:05:42,217 [b875dbc0-fa4a-4375-91ba-3cc15c85989b@group-6D649BBCF7BF-LeaderElection20] INFO  impl.LeaderElection (LeaderElection.java:logAndReturn(93)) -   Response 1: b875dbc0-fa4a-4375-91ba-3cc15c85989b<-8d52824f-ad79-492b-8fae-12e0fefff0c3#0:OK-t2
2021-10-16 01:05:42,217 [b875dbc0-fa4a-4375-91ba-3cc15c85989b@group-6D649BBCF7BF-LeaderElection20] INFO  impl.LeaderElection (LeaderElection.java:askForVotes(308)) - b875dbc0-fa4a-4375-91ba-3cc15c85989b@group-6D649BBCF7BF-LeaderElection20 ELECTION round 0: result REJECTED
2021-10-16 01:05:42,218 [b875dbc0-fa4a-4375-91ba-3cc15c85989b@group-6D649BBCF7BF-LeaderElection20] INFO  server.RaftServer$Division (RaftServerImpl.java:setRole(285)) - b875dbc0-fa4a-4375-91ba-3cc15c85989b@group-6D649BBCF7BF: changes role from CANDIDATE to FOLLOWER at term 2 for REJECTED
2021-10-16 01:05:42,218 [b875dbc0-fa4a-4375-91ba-3cc15c85989b@group-6D649BBCF7BF-LeaderElection20] INFO  impl.RoleInfo (RoleInfo.java:shutdownLeaderElection(121)) - b875dbc0-fa4a-4375-91ba-3cc15c85989b: shutdown b875dbc0-fa4a-4375-91ba-3cc15c85989b@group-6D649BBCF7BF-LeaderElection20
2021-10-16 01:05:42,218 [b875dbc0-fa4a-4375-91ba-3cc15c85989b@group-6D649BBCF7BF-LeaderElection20] INFO  impl.RoleInfo (RoleInfo.java:updateAndGet(130)) - b875dbc0-fa4a-4375-91ba-3cc15c85989b: start b875dbc0-fa4a-4375-91ba-3cc15c85989b@group-6D649BBCF7BF-FollowerState
2021-10-16 01:05:42,278 [EventQueue-OpenPipelineForHealthyPipelineSafeModeRule] INFO  safemode.SCMSafeModeManager (HealthyPipelineSafeModeRule.java:process(124)) - SCM in safe mode. Healthy pipelines reported count is 0, required healthy pipeline reported count is 1
2021-10-16 01:05:42,291 [EventQueue-OpenPipelineForHealthyPipelineSafeModeRule] INFO  safemode.SCMSafeModeManager (HealthyPipelineSafeModeRule.java:process(124)) - SCM in safe mode. Healthy pipelines reported count is 0, required healthy pipeline reported count is 1
2021-10-16 01:05:42,316 [EventQueue-OpenPipelineForHealthyPipelineSafeModeRule] INFO  safemode.SCMSafeModeManager (HealthyPipelineSafeModeRule.java:process(124)) - SCM in safe mode. Healthy pipelines reported count is 0, required healthy pipeline reported count is 1
2021-10-16 01:05:42,321 [EventQueue-OpenPipelineForHealthyPipelineSafeModeRule] INFO  safemode.SCMSafeModeManager (HealthyPipelineSafeModeRule.java:process(124)) - SCM in safe mode. Healthy pipelines reported count is 0, required healthy pipeline reported count is 1
2021-10-16 01:05:42,366 [EventQueue-OpenPipelineForHealthyPipelineSafeModeRule] INFO  safemode.SCMSafeModeManager (HealthyPipelineSafeModeRule.java:process(124)) - SCM in safe mode. Healthy pipelines reported count is 0, required healthy pipeline reported count is 1
2021-10-16 01:05:42,385 [EventQueue-OpenPipelineForHealthyPipelineSafeModeRule] INFO  safemode.SCMSafeModeManager (HealthyPipelineSafeModeRule.java:process(124)) - SCM in safe mode. Healthy pipelines reported count is 0, required healthy pipeline reported count is 1
2021-10-16 01:05:42,419 [EventQueue-OpenPipelineForHealthyPipelineSafeModeRule] INFO  safemode.SCMSafeModeManager (HealthyPipelineSafeModeRule.java:process(124)) - SCM in safe mode. Healthy pipelines reported count is 0, required healthy pipeline reported count is 1
2021-10-16 01:05:42,465 [EventQueue-OpenPipelineForHealthyPipelineSafeModeRule] INFO  safemode.SCMSafeModeManager (HealthyPipelineSafeModeRule.java:process(124)) - SCM in safe mode. Healthy pipelines reported count is 0, required healthy pipeline reported count is 1
2021-10-16 01:05:42,487 [EventQueue-OpenPipelineForHealthyPipelineSafeModeRule] INFO  safemode.SCMSafeModeManager (HealthyPipelineSafeModeRule.java:process(124)) - SCM in safe mode. Healthy pipelines reported count is 0, required healthy pipeline reported count is 1
2021-10-16 01:05:42,515 [EventQueue-OpenPipelineForHealthyPipelineSafeModeRule] INFO  safemode.SCMSafeModeManager (HealthyPipelineSafeModeRule.java:process(124)) - SCM in safe mode. Healthy pipelines reported count is 0, required healthy pipeline reported count is 1
2021-10-16 01:05:42,570 [EventQueue-OpenPipelineForHealthyPipelineSafeModeRule] INFO  safemode.SCMSafeModeManager (HealthyPipelineSafeModeRule.java:process(124)) - SCM in safe mode. Healthy pipelines reported count is 0, required healthy pipeline reported count is 1
2021-10-16 01:05:42,585 [EventQueue-OpenPipelineForHealthyPipelineSafeModeRule] INFO  safemode.SCMSafeModeManager (HealthyPipelineSafeModeRule.java:process(124)) - SCM in safe mode. Healthy pipelines reported count is 0, required healthy pipeline reported count is 1
2021-10-16 01:05:42,620 [EventQueue-OpenPipelineForHealthyPipelineSafeModeRule] INFO  safemode.SCMSafeModeManager (HealthyPipelineSafeModeRule.java:process(124)) - SCM in safe mode. Healthy pipelines reported count is 0, required healthy pipeline reported count is 1
2021-10-16 01:05:42,678 [EventQueue-OpenPipelineForHealthyPipelineSafeModeRule] INFO  safemode.SCMSafeModeManager (HealthyPipelineSafeModeRule.java:process(124)) - SCM in safe mode. Healthy pipelines reported count is 0, required healthy pipeline reported count is 1
2021-10-16 01:05:42,688 [EventQueue-OpenPipelineForHealthyPipelineSafeModeRule] INFO  safemode.SCMSafeModeManager (HealthyPipelineSafeModeRule.java:process(124)) - SCM in safe mode. Healthy pipelines reported count is 0, required healthy pipeline reported count is 1
2021-10-16 01:05:42,693 [EventQueue-OpenPipelineForHealthyPipelineSafeModeRule] INFO  safemode.SCMSafeModeManager (HealthyPipelineSafeModeRule.java:process(124)) - SCM in safe mode. Healthy pipelines reported count is 0, required healthy pipeline reported count is 1
2021-10-16 01:05:42,716 [EventQueue-OpenPipelineForHealthyPipelineSafeModeRule] INFO  safemode.SCMSafeModeManager (HealthyPipelineSafeModeRule.java:process(124)) - SCM in safe mode. Healthy pipelines reported count is 0, required healthy pipeline reported count is 1
2021-10-16 01:05:42,721 [EventQueue-OpenPipelineForHealthyPipelineSafeModeRule] INFO  safemode.SCMSafeModeManager (HealthyPipelineSafeModeRule.java:process(124)) - SCM in safe mode. Healthy pipelines reported count is 0, required healthy pipeline reported count is 1
2021-10-16 01:05:42,751 [Listener at 127.0.0.1/36205] INFO  ozone.MiniOzoneClusterImpl (MiniOzoneClusterImpl.java:lambda$waitForClusterToBeReady$0(235)) - Nodes are ready. Got 10 of 10 DN Heartbeats.
2021-10-16 01:05:42,751 [Listener at 127.0.0.1/36205] INFO  ozone.MiniOzoneClusterImpl (MiniOzoneClusterImpl.java:lambda$waitForClusterToBeReady$0(238)) - Waiting for cluster to exit safe mode
2021-10-16 01:05:42,751 [Listener at 127.0.0.1/36205] INFO  ozone.MiniOzoneClusterImpl (MiniOzoneClusterImpl.java:lambda$waitForClusterToBeReady$0(240)) - SCM became leader
2021-10-16 01:05:42,767 [EventQueue-OpenPipelineForHealthyPipelineSafeModeRule] INFO  safemode.SCMSafeModeManager (HealthyPipelineSafeModeRule.java:process(124)) - SCM in safe mode. Healthy pipelines reported count is 0, required healthy pipeline reported count is 1
2021-10-16 01:05:42,771 [EventQueue-OpenPipelineForHealthyPipelineSafeModeRule] INFO  safemode.SCMSafeModeManager (HealthyPipelineSafeModeRule.java:process(124)) - SCM in safe mode. Healthy pipelines reported count is 0, required healthy pipeline reported count is 1
2021-10-16 01:05:42,820 [EventQueue-OpenPipelineForHealthyPipelineSafeModeRule] INFO  safemode.SCMSafeModeManager (HealthyPipelineSafeModeRule.java:process(124)) - SCM in safe mode. Healthy pipelines reported count is 0, required healthy pipeline reported count is 1
2021-10-16 01:05:42,864 [EventQueue-OpenPipelineForHealthyPipelineSafeModeRule] INFO  safemode.SCMSafeModeManager (HealthyPipelineSafeModeRule.java:process(124)) - SCM in safe mode. Healthy pipelines reported count is 0, required healthy pipeline reported count is 1
2021-10-16 01:05:42,920 [EventQueue-OpenPipelineForHealthyPipelineSafeModeRule] INFO  safemode.SCMSafeModeManager (HealthyPipelineSafeModeRule.java:process(124)) - SCM in safe mode. Healthy pipelines reported count is 0, required healthy pipeline reported count is 1
2021-10-16 01:05:42,967 [EventQueue-OpenPipelineForHealthyPipelineSafeModeRule] INFO  safemode.SCMSafeModeManager (HealthyPipelineSafeModeRule.java:process(124)) - SCM in safe mode. Healthy pipelines reported count is 0, required healthy pipeline reported count is 1
2021-10-16 01:05:42,972 [EventQueue-OpenPipelineForHealthyPipelineSafeModeRule] INFO  safemode.SCMSafeModeManager (HealthyPipelineSafeModeRule.java:process(124)) - SCM in safe mode. Healthy pipelines reported count is 0, required healthy pipeline reported count is 1
2021-10-16 01:05:42,986 [EventQueue-OpenPipelineForHealthyPipelineSafeModeRule] INFO  safemode.SCMSafeModeManager (HealthyPipelineSafeModeRule.java:process(124)) - SCM in safe mode. Healthy pipelines reported count is 0, required healthy pipeline reported count is 1
2021-10-16 01:05:43,019 [EventQueue-OpenPipelineForHealthyPipelineSafeModeRule] INFO  safemode.SCMSafeModeManager (HealthyPipelineSafeModeRule.java:process(124)) - SCM in safe mode. Healthy pipelines reported count is 0, required healthy pipeline reported count is 1
2021-10-16 01:05:43,064 [EventQueue-OpenPipelineForHealthyPipelineSafeModeRule] INFO  safemode.SCMSafeModeManager (HealthyPipelineSafeModeRule.java:process(124)) - SCM in safe mode. Healthy pipelines reported count is 0, required healthy pipeline reported count is 1
2021-10-16 01:05:43,078 [EventQueue-OpenPipelineForHealthyPipelineSafeModeRule] INFO  safemode.SCMSafeModeManager (HealthyPipelineSafeModeRule.java:process(124)) - SCM in safe mode. Healthy pipelines reported count is 0, required healthy pipeline reported count is 1
2021-10-16 01:05:43,087 [EventQueue-OpenPipelineForHealthyPipelineSafeModeRule] INFO  safemode.SCMSafeModeManager (HealthyPipelineSafeModeRule.java:process(124)) - SCM in safe mode. Healthy pipelines reported count is 0, required healthy pipeline reported count is 1
2021-10-16 01:05:43,093 [EventQueue-OpenPipelineForHealthyPipelineSafeModeRule] INFO  safemode.SCMSafeModeManager (HealthyPipelineSafeModeRule.java:process(124)) - SCM in safe mode. Healthy pipelines reported count is 0, required healthy pipeline reported count is 1
2021-10-16 01:05:43,116 [EventQueue-OpenPipelineForHealthyPipelineSafeModeRule] INFO  safemode.SCMSafeModeManager (HealthyPipelineSafeModeRule.java:process(124)) - SCM in safe mode. Healthy pipelines reported count is 0, required healthy pipeline reported count is 1
2021-10-16 01:05:43,219 [EventQueue-OpenPipelineForHealthyPipelineSafeModeRule] INFO  safemode.SCMSafeModeManager (HealthyPipelineSafeModeRule.java:process(124)) - SCM in safe mode. Healthy pipelines reported count is 0, required healthy pipeline reported count is 1
2021-10-16 01:05:43,279 [EventQueue-OpenPipelineForHealthyPipelineSafeModeRule] INFO  safemode.SCMSafeModeManager (HealthyPipelineSafeModeRule.java:process(124)) - SCM in safe mode. Healthy pipelines reported count is 0, required healthy pipeline reported count is 1
2021-10-16 01:05:43,288 [EventQueue-OpenPipelineForHealthyPipelineSafeModeRule] INFO  safemode.SCMSafeModeManager (HealthyPipelineSafeModeRule.java:process(124)) - SCM in safe mode. Healthy pipelines reported count is 0, required healthy pipeline reported count is 1
2021-10-16 01:05:43,293 [EventQueue-OpenPipelineForHealthyPipelineSafeModeRule] INFO  safemode.SCMSafeModeManager (HealthyPipelineSafeModeRule.java:process(124)) - SCM in safe mode. Healthy pipelines reported count is 0, required healthy pipeline reported count is 1
2021-10-16 01:05:43,316 [EventQueue-OpenPipelineForHealthyPipelineSafeModeRule] INFO  safemode.SCMSafeModeManager (HealthyPipelineSafeModeRule.java:process(124)) - SCM in safe mode. Healthy pipelines reported count is 0, required healthy pipeline reported count is 1
2021-10-16 01:05:43,321 [EventQueue-OpenPipelineForHealthyPipelineSafeModeRule] INFO  safemode.SCMSafeModeManager (HealthyPipelineSafeModeRule.java:process(124)) - SCM in safe mode. Healthy pipelines reported count is 0, required healthy pipeline reported count is 1
2021-10-16 01:05:43,368 [EventQueue-OpenPipelineForHealthyPipelineSafeModeRule] INFO  safemode.SCMSafeModeManager (HealthyPipelineSafeModeRule.java:process(124)) - SCM in safe mode. Healthy pipelines reported count is 0, required healthy pipeline reported count is 1
2021-10-16 01:05:43,371 [EventQueue-OpenPipelineForHealthyPipelineSafeModeRule] INFO  safemode.SCMSafeModeManager (HealthyPipelineSafeModeRule.java:process(124)) - SCM in safe mode. Healthy pipelines reported count is 0, required healthy pipeline reported count is 1
2021-10-16 01:05:43,386 [EventQueue-OpenPipelineForHealthyPipelineSafeModeRule] INFO  safemode.SCMSafeModeManager (HealthyPipelineSafeModeRule.java:process(124)) - SCM in safe mode. Healthy pipelines reported count is 0, required healthy pipeline reported count is 1
2021-10-16 01:05:43,417 [8d52824f-ad79-492b-8fae-12e0fefff0c3@group-6C37C0E08CC0-FollowerState] INFO  impl.FollowerState (FollowerState.java:run(134)) - 8d52824f-ad79-492b-8fae-12e0fefff0c3@group-6C37C0E08CC0-FollowerState: change to CANDIDATE, lastRpcElapsedTime:5071803895ns, electionTimeout:5068ms
2021-10-16 01:05:43,417 [8d52824f-ad79-492b-8fae-12e0fefff0c3@group-6C37C0E08CC0-FollowerState] INFO  impl.RoleInfo (RoleInfo.java:shutdownFollowerState(108)) - 8d52824f-ad79-492b-8fae-12e0fefff0c3: shutdown 8d52824f-ad79-492b-8fae-12e0fefff0c3@group-6C37C0E08CC0-FollowerState
2021-10-16 01:05:43,417 [8d52824f-ad79-492b-8fae-12e0fefff0c3@group-6C37C0E08CC0-FollowerState] INFO  server.RaftServer$Division (RaftServerImpl.java:setRole(285)) - 8d52824f-ad79-492b-8fae-12e0fefff0c3@group-6C37C0E08CC0: changes role from  FOLLOWER to CANDIDATE at term 1 for changeToCandidate
2021-10-16 01:05:43,418 [8d52824f-ad79-492b-8fae-12e0fefff0c3@group-6C37C0E08CC0-FollowerState] INFO  server.RaftServerConfigKeys (ConfUtils.java:logGet(44)) - raft.server.leaderelection.pre-vote = false (custom)
2021-10-16 01:05:43,418 [8d52824f-ad79-492b-8fae-12e0fefff0c3@group-6C37C0E08CC0-FollowerState] INFO  impl.RoleInfo (RoleInfo.java:updateAndGet(130)) - 8d52824f-ad79-492b-8fae-12e0fefff0c3: start 8d52824f-ad79-492b-8fae-12e0fefff0c3@group-6C37C0E08CC0-LeaderElection21
2021-10-16 01:05:43,429 [8d52824f-ad79-492b-8fae-12e0fefff0c3@group-6C37C0E08CC0-LeaderElection21] INFO  impl.LeaderElection (LeaderElection.java:askForVotes(306)) - 8d52824f-ad79-492b-8fae-12e0fefff0c3@group-6C37C0E08CC0-LeaderElection21 ELECTION round 0: submit vote requests at term 2 for -1: [0ad9ea75-306a-4cf7-ba3a-0d6a659ae299|rpc:10.1.0.55:35779|dataStream:|priority:0, b875dbc0-fa4a-4375-91ba-3cc15c85989b|rpc:10.1.0.55:37245|dataStream:|priority:0, 8d52824f-ad79-492b-8fae-12e0fefff0c3|rpc:10.1.0.55:39801|dataStream:|priority:1], old=null
2021-10-16 01:05:43,441 [grpc-default-executor-0] INFO  server.RaftServer$Division (RaftServerImpl.java:requestVote(1043)) - 0ad9ea75-306a-4cf7-ba3a-0d6a659ae299@group-6C37C0E08CC0: receive requestVote(ELECTION, 8d52824f-ad79-492b-8fae-12e0fefff0c3, group-6C37C0E08CC0, 2, (t:0, i:0))
2021-10-16 01:05:43,441 [grpc-default-executor-0] INFO  impl.VoteContext (VoteContext.java:log(48)) - 0ad9ea75-306a-4cf7-ba3a-0d6a659ae299@group-6C37C0E08CC0-FOLLOWER: accept ELECTION from 8d52824f-ad79-492b-8fae-12e0fefff0c3: our priority 0 <= candidate's priority 1
2021-10-16 01:05:43,441 [grpc-default-executor-0] INFO  server.RaftServer$Division (RaftServerImpl.java:setRole(285)) - 0ad9ea75-306a-4cf7-ba3a-0d6a659ae299@group-6C37C0E08CC0: changes role from  FOLLOWER to FOLLOWER at term 2 for candidate:8d52824f-ad79-492b-8fae-12e0fefff0c3
2021-10-16 01:05:43,441 [grpc-default-executor-0] INFO  impl.RoleInfo (RoleInfo.java:shutdownFollowerState(108)) - 0ad9ea75-306a-4cf7-ba3a-0d6a659ae299: shutdown 0ad9ea75-306a-4cf7-ba3a-0d6a659ae299@group-6C37C0E08CC0-FollowerState
2021-10-16 01:05:43,441 [grpc-default-executor-0] INFO  impl.RoleInfo (RoleInfo.java:updateAndGet(130)) - 0ad9ea75-306a-4cf7-ba3a-0d6a659ae299: start 0ad9ea75-306a-4cf7-ba3a-0d6a659ae299@group-6C37C0E08CC0-FollowerState
2021-10-16 01:05:43,442 [0ad9ea75-306a-4cf7-ba3a-0d6a659ae299@group-6C37C0E08CC0-FollowerState] INFO  impl.FollowerState (FollowerState.java:run(143)) - 0ad9ea75-306a-4cf7-ba3a-0d6a659ae299@group-6C37C0E08CC0-FollowerState was interrupted: {}
java.lang.InterruptedException: sleep interrupted
	at java.lang.Thread.sleep(Native Method)
	at java.lang.Thread.sleep(Thread.java:340)
	at java.util.concurrent.TimeUnit.sleep(TimeUnit.java:386)
	at org.apache.ratis.util.TimeDuration.sleep(TimeDuration.java:324)
	at org.apache.ratis.util.TimeDuration.sleep(TimeDuration.java:309)
	at org.apache.ratis.server.impl.FollowerState.run(FollowerState.java:118)
2021-10-16 01:05:43,444 [grpc-default-executor-0] INFO  server.RaftServer$Division (RaftServerImpl.java:requestVote(1075)) - 0ad9ea75-306a-4cf7-ba3a-0d6a659ae299@group-6C37C0E08CC0 replies to ELECTION vote request: 8d52824f-ad79-492b-8fae-12e0fefff0c3<-0ad9ea75-306a-4cf7-ba3a-0d6a659ae299#0:OK-t2. Peer's state: 0ad9ea75-306a-4cf7-ba3a-0d6a659ae299@group-6C37C0E08CC0:t2, leader=null, voted=8d52824f-ad79-492b-8fae-12e0fefff0c3, raftlog=0ad9ea75-306a-4cf7-ba3a-0d6a659ae299@group-6C37C0E08CC0-SegmentedRaftLog:OPENED:c-1,f-1,i0, conf=-1: [0ad9ea75-306a-4cf7-ba3a-0d6a659ae299|rpc:10.1.0.55:35779|priority:0, b875dbc0-fa4a-4375-91ba-3cc15c85989b|rpc:10.1.0.55:37245|priority:0, 8d52824f-ad79-492b-8fae-12e0fefff0c3|rpc:10.1.0.55:39801|priority:1], old=null
2021-10-16 01:05:43,449 [8d52824f-ad79-492b-8fae-12e0fefff0c3@group-6C37C0E08CC0-LeaderElection21] INFO  impl.LeaderElection (LeaderElection.java:logAndReturn(89)) - 8d52824f-ad79-492b-8fae-12e0fefff0c3@group-6C37C0E08CC0-LeaderElection21: ELECTION PASSED received 1 response(s) and 0 exception(s):
2021-10-16 01:05:43,449 [8d52824f-ad79-492b-8fae-12e0fefff0c3@group-6C37C0E08CC0-LeaderElection21] INFO  impl.LeaderElection (LeaderElection.java:logAndReturn(93)) -   Response 0: 8d52824f-ad79-492b-8fae-12e0fefff0c3<-0ad9ea75-306a-4cf7-ba3a-0d6a659ae299#0:OK-t2
2021-10-16 01:05:43,449 [8d52824f-ad79-492b-8fae-12e0fefff0c3@group-6C37C0E08CC0-LeaderElection21] INFO  impl.LeaderElection (LeaderElection.java:askForVotes(308)) - 8d52824f-ad79-492b-8fae-12e0fefff0c3@group-6C37C0E08CC0-LeaderElection21 ELECTION round 0: result PASSED
2021-10-16 01:05:43,449 [8d52824f-ad79-492b-8fae-12e0fefff0c3@group-6C37C0E08CC0-LeaderElection21] INFO  impl.RoleInfo (RoleInfo.java:shutdownLeaderElection(121)) - 8d52824f-ad79-492b-8fae-12e0fefff0c3: shutdown 8d52824f-ad79-492b-8fae-12e0fefff0c3@group-6C37C0E08CC0-LeaderElection21
2021-10-16 01:05:43,451 [8d52824f-ad79-492b-8fae-12e0fefff0c3@group-6C37C0E08CC0-LeaderElection21] INFO  server.RaftServer$Division (RaftServerImpl.java:setRole(285)) - 8d52824f-ad79-492b-8fae-12e0fefff0c3@group-6C37C0E08CC0: changes role from CANDIDATE to LEADER at term 2 for changeToLeader
2021-10-16 01:05:43,451 [8d52824f-ad79-492b-8fae-12e0fefff0c3@group-6C37C0E08CC0-LeaderElection21] INFO  ratis.XceiverServerRatis (XceiverServerRatis.java:handleLeaderChangedNotification(866)) - Leader change notification received for group: group-6C37C0E08CC0 with new leaderId: 8d52824f-ad79-492b-8fae-12e0fefff0c3
2021-10-16 01:05:43,451 [8d52824f-ad79-492b-8fae-12e0fefff0c3@group-6C37C0E08CC0-LeaderElection21] INFO  server.RaftServer$Division (ServerState.java:setLeader(285)) - 8d52824f-ad79-492b-8fae-12e0fefff0c3@group-6C37C0E08CC0: change Leader from null to 8d52824f-ad79-492b-8fae-12e0fefff0c3 at term 2 for becomeLeader, leader elected after 10155ms
2021-10-16 01:05:43,452 [8d52824f-ad79-492b-8fae-12e0fefff0c3@group-6C37C0E08CC0-LeaderElection21] INFO  server.RaftServerConfigKeys (ConfUtils.java:logGet(44)) - raft.server.staging.catchup.gap = 1000 (default)
2021-10-16 01:05:43,452 [Datanode State Machine Thread - 0] WARN  statemachine.StateContext (StateContext.java:execute(621)) - No available thread in pool for past 0 seconds.
2021-10-16 01:05:43,452 [8d52824f-ad79-492b-8fae-12e0fefff0c3@group-6C37C0E08CC0-LeaderElection21] INFO  server.RaftServerConfigKeys (ConfUtils.java:logGet(44)) - raft.server.write.element-limit = 1024 (custom)
2021-10-16 01:05:43,452 [8d52824f-ad79-492b-8fae-12e0fefff0c3@group-6C37C0E08CC0-LeaderElection21] INFO  server.RaftServerConfigKeys (ConfUtils.java:logGet(44)) - raft.server.write.byte-limit = 1024 M (=1073741824) (custom)
2021-10-16 01:05:43,453 [grpc-default-executor-0] INFO  server.RaftServer$Division (RaftServerImpl.java:requestVote(1043)) - b875dbc0-fa4a-4375-91ba-3cc15c85989b@group-6C37C0E08CC0: receive requestVote(ELECTION, 8d52824f-ad79-492b-8fae-12e0fefff0c3, group-6C37C0E08CC0, 2, (t:0, i:0))
2021-10-16 01:05:43,454 [8d52824f-ad79-492b-8fae-12e0fefff0c3@group-6C37C0E08CC0-LeaderElection21] INFO  server.RaftServerConfigKeys (ConfUtils.java:logGet(44)) - raft.server.watch.timeout = 10000ms (default)
2021-10-16 01:05:43,454 [8d52824f-ad79-492b-8fae-12e0fefff0c3@group-6C37C0E08CC0-LeaderElection21] INFO  server.RaftServerConfigKeys (ConfUtils.java:logGet(44)) - raft.server.watch.timeout.denomination = 1s (default)
2021-10-16 01:05:43,455 [8d52824f-ad79-492b-8fae-12e0fefff0c3@group-6C37C0E08CC0-LeaderElection21] INFO  server.RaftServerConfigKeys (ConfUtils.java:logGet(44)) - raft.server.watch.element-limit = 65536 (default)
2021-10-16 01:05:43,455 [EventQueue-PipelineReportForPipelineReportHandler] INFO  pipeline.PipelineManagerImpl (PipelineManagerImpl.java:openPipeline(282)) - Pipeline Pipeline[ Id: 04cabc9b-5756-4e52-bda1-6c37c0e08cc0, Nodes: 0ad9ea75-306a-4cf7-ba3a-0d6a659ae299{ip: 10.1.0.55, host: fv-az270-581.tacnzluakwdehk1hpragurqkma.bx.internal.cloudapp.net, ports: [REPLICATION=34155, RATIS=35779, RATIS_ADMIN=35779, RATIS_SERVER=35779, STANDALONE=42831], networkLocation: /default-rack, certSerialId: null, persistedOpState: IN_SERVICE, persistedOpStateExpiryEpochSec: 0}8d52824f-ad79-492b-8fae-12e0fefff0c3{ip: 10.1.0.55, host: fv-az270-581.tacnzluakwdehk1hpragurqkma.bx.internal.cloudapp.net, ports: [REPLICATION=36429, RATIS=39801, RATIS_ADMIN=39801, RATIS_SERVER=39801, STANDALONE=33941], networkLocation: /default-rack, certSerialId: null, persistedOpState: IN_SERVICE, persistedOpStateExpiryEpochSec: 0}b875dbc0-fa4a-4375-91ba-3cc15c85989b{ip: 10.1.0.55, host: fv-az270-581.tacnzluakwdehk1hpragurqkma.bx.internal.cloudapp.net, ports: [REPLICATION=40043, RATIS=37245, RATIS_ADMIN=37245, RATIS_SERVER=37245, STANDALONE=39421], networkLocation: /default-rack, certSerialId: null, persistedOpState: IN_SERVICE, persistedOpStateExpiryEpochSec: 0}, ReplicationConfig: RATIS/THREE, State:ALLOCATED, leaderId:8d52824f-ad79-492b-8fae-12e0fefff0c3, CreationTimestamp2021-10-16T01:05:29.908Z[Etc/UTC]] moved to OPEN state
2021-10-16 01:05:43,456 [EventQueue-OpenPipelineForHealthyPipelineSafeModeRule] INFO  safemode.SCMSafeModeManager (HealthyPipelineSafeModeRule.java:process(124)) - SCM in safe mode. Healthy pipelines reported count is 1, required healthy pipeline reported count is 1
2021-10-16 01:05:43,456 [EventQueue-OpenPipelineForHealthyPipelineSafeModeRule] INFO  safemode.SCMSafeModeManager (SCMSafeModeManager.java:validateSafeModeExitRules(204)) - HealthyPipelineSafeModeRule rule is successfully validated
2021-10-16 01:05:43,456 [EventQueue-OpenPipelineForHealthyPipelineSafeModeRule] INFO  safemode.SCMSafeModeManager (SCMSafeModeManager.java:validateSafeModeExitRules(219)) - ScmSafeModeManager, all rules are successfully validated
2021-10-16 01:05:43,456 [EventQueue-OpenPipelineForHealthyPipelineSafeModeRule] INFO  safemode.SCMSafeModeManager (SCMSafeModeManager.java:exitSafeMode(248)) - SCM exiting safe mode.
2021-10-16 01:05:43,456 [EventQueue-OpenPipelineForHealthyPipelineSafeModeRule] WARN  events.EventQueue (EventQueue.java:fireEvent(194)) - No event handler registered for event TypedEvent{payloadType=SafeModeStatus, name='Safe mode status'}
2021-10-16 01:05:43,456 [EventQueue-OpenPipelineForHealthyPipelineSafeModeRule] INFO  ha.SCMContext (SCMContext.java:updateSafeModeStatus(205)) - Update SafeModeStatus from SafeModeStatus{safeModeStatus=true, preCheckPassed=true} to SafeModeStatus{safeModeStatus=false, preCheckPassed=true}.
2021-10-16 01:05:43,456 [EventQueue-OpenPipelineForHealthyPipelineSafeModeRule] INFO  pipeline.BackgroundPipelineCreator (BackgroundPipelineCreator.java:notifyStatusChanged(264)) - Service BackgroundPipelineCreator transitions to RUNNING.
2021-10-16 01:05:43,456 [EventQueue-OpenPipelineForHealthyPipelineSafeModeRule] INFO  container.ReplicationManager (ReplicationManager.java:notifyStatusChanged(1746)) - Service ReplicationManager transitions to RUNNING.
2021-10-16 01:05:43,454 [grpc-default-executor-0] INFO  impl.VoteContext (VoteContext.java:log(48)) - b875dbc0-fa4a-4375-91ba-3cc15c85989b@group-6C37C0E08CC0-FOLLOWER: accept ELECTION from 8d52824f-ad79-492b-8fae-12e0fefff0c3: our priority 0 <= candidate's priority 1
2021-10-16 01:05:43,458 [grpc-default-executor-0] INFO  server.RaftServer$Division (RaftServerImpl.java:setRole(285)) - b875dbc0-fa4a-4375-91ba-3cc15c85989b@group-6C37C0E08CC0: changes role from  FOLLOWER to FOLLOWER at term 2 for candidate:8d52824f-ad79-492b-8fae-12e0fefff0c3
2021-10-16 01:05:43,458 [grpc-default-executor-0] INFO  impl.RoleInfo (RoleInfo.java:shutdownFollowerState(108)) - b875dbc0-fa4a-4375-91ba-3cc15c85989b: shutdown b875dbc0-fa4a-4375-91ba-3cc15c85989b@group-6C37C0E08CC0-FollowerState
2021-10-16 01:05:43,458 [grpc-default-executor-0] INFO  impl.RoleInfo (RoleInfo.java:updateAndGet(130)) - b875dbc0-fa4a-4375-91ba-3cc15c85989b: start b875dbc0-fa4a-4375-91ba-3cc15c85989b@group-6C37C0E08CC0-FollowerState
2021-10-16 01:05:43,458 [b875dbc0-fa4a-4375-91ba-3cc15c85989b@group-6C37C0E08CC0-FollowerState] INFO  impl.FollowerState (FollowerState.java:run(143)) - b875dbc0-fa4a-4375-91ba-3cc15c85989b@group-6C37C0E08CC0-FollowerState was interrupted: {}
java.lang.InterruptedException: sleep interrupted
	at java.lang.Thread.sleep(Native Method)
	at java.lang.Thread.sleep(Thread.java:340)
	at java.util.concurrent.TimeUnit.sleep(TimeUnit.java:386)
	at org.apache.ratis.util.TimeDuration.sleep(TimeDuration.java:324)
	at org.apache.ratis.util.TimeDuration.sleep(TimeDuration.java:309)
	at org.apache.ratis.server.impl.FollowerState.run(FollowerState.java:118)
2021-10-16 01:05:43,460 [grpc-default-executor-0] INFO  server.RaftServer$Division (RaftServerImpl.java:requestVote(1075)) - b875dbc0-fa4a-4375-91ba-3cc15c85989b@group-6C37C0E08CC0 replies to ELECTION vote request: 8d52824f-ad79-492b-8fae-12e0fefff0c3<-b875dbc0-fa4a-4375-91ba-3cc15c85989b#0:OK-t2. Peer's state: b875dbc0-fa4a-4375-91ba-3cc15c85989b@group-6C37C0E08CC0:t2, leader=null, voted=8d52824f-ad79-492b-8fae-12e0fefff0c3, raftlog=b875dbc0-fa4a-4375-91ba-3cc15c85989b@group-6C37C0E08CC0-SegmentedRaftLog:OPENED:c-1,f-1,i0, conf=-1: [0ad9ea75-306a-4cf7-ba3a-0d6a659ae299|rpc:10.1.0.55:35779|priority:0, b875dbc0-fa4a-4375-91ba-3cc15c85989b|rpc:10.1.0.55:37245|priority:0, 8d52824f-ad79-492b-8fae-12e0fefff0c3|rpc:10.1.0.55:39801|priority:1], old=null
2021-10-16 01:05:43,468 [8d52824f-ad79-492b-8fae-12e0fefff0c3@group-6C37C0E08CC0-LeaderElection21] INFO  server.RaftServerConfigKeys (ConfUtils.java:logGet(44)) - raft.server.log.appender.snapshot.chunk.size.max = 16MB (=16777216) (default)
2021-10-16 01:05:43,469 [8d52824f-ad79-492b-8fae-12e0fefff0c3@group-6C37C0E08CC0-LeaderElection21] INFO  server.RaftServerConfigKeys (ConfUtils.java:logGet(44)) - raft.server.log.appender.buffer.byte-limit = 33554432 (custom)
2021-10-16 01:05:43,469 [8d52824f-ad79-492b-8fae-12e0fefff0c3@group-6C37C0E08CC0-LeaderElection21] INFO  server.RaftServerConfigKeys (ConfUtils.java:logGet(44)) - raft.server.log.appender.buffer.element-limit = 1 (custom)
2021-10-16 01:05:43,472 [8d52824f-ad79-492b-8fae-12e0fefff0c3@group-6C37C0E08CC0-LeaderElection21] INFO  grpc.GrpcConfigKeys (ConfUtils.java:logGet(44)) - raft.grpc.server.leader.outstanding.appends.max = 128 (default)
2021-10-16 01:05:43,473 [8d52824f-ad79-492b-8fae-12e0fefff0c3@group-6C37C0E08CC0-LeaderElection21] INFO  server.RaftServerConfigKeys (ConfUtils.java:logGet(44)) - raft.server.rpc.request.timeout = 3000ms (default)
2021-10-16 01:05:43,473 [8d52824f-ad79-492b-8fae-12e0fefff0c3@group-6C37C0E08CC0-LeaderElection21] INFO  server.RaftServerConfigKeys (ConfUtils.java:logGet(44)) - raft.server.log.appender.install.snapshot.enabled = false (custom)
2021-10-16 01:05:43,479 [8d52824f-ad79-492b-8fae-12e0fefff0c3@group-6C37C0E08CC0-LeaderElection21] INFO  server.RaftServerConfigKeys (ConfUtils.java:logGet(44)) - raft.server.log.appender.snapshot.chunk.size.max = 16MB (=16777216) (default)
2021-10-16 01:05:43,480 [8d52824f-ad79-492b-8fae-12e0fefff0c3@group-6C37C0E08CC0-LeaderElection21] INFO  server.RaftServerConfigKeys (ConfUtils.java:logGet(44)) - raft.server.log.appender.buffer.byte-limit = 33554432 (custom)
2021-10-16 01:05:43,480 [8d52824f-ad79-492b-8fae-12e0fefff0c3@group-6C37C0E08CC0-LeaderElection21] INFO  server.RaftServerConfigKeys (ConfUtils.java:logGet(44)) - raft.server.log.appender.buffer.element-limit = 1 (custom)
2021-10-16 01:05:43,480 [8d52824f-ad79-492b-8fae-12e0fefff0c3@group-6C37C0E08CC0-LeaderElection21] INFO  grpc.GrpcConfigKeys (ConfUtils.java:logGet(44)) - raft.grpc.server.leader.outstanding.appends.max = 128 (default)
2021-10-16 01:05:43,481 [8d52824f-ad79-492b-8fae-12e0fefff0c3@group-6C37C0E08CC0-LeaderElection21] INFO  server.RaftServerConfigKeys (ConfUtils.java:logGet(44)) - raft.server.rpc.request.timeout = 3000ms (default)
2021-10-16 01:05:43,481 [8d52824f-ad79-492b-8fae-12e0fefff0c3@group-6C37C0E08CC0-LeaderElection21] INFO  server.RaftServerConfigKeys (ConfUtils.java:logGet(44)) - raft.server.log.appender.install.snapshot.enabled = false (custom)
2021-10-16 01:05:43,483 [8d52824f-ad79-492b-8fae-12e0fefff0c3@group-6C37C0E08CC0-LeaderElection21] INFO  impl.RoleInfo (RoleInfo.java:updateAndGet(130)) - 8d52824f-ad79-492b-8fae-12e0fefff0c3: start 8d52824f-ad79-492b-8fae-12e0fefff0c3@group-6C37C0E08CC0-LeaderStateImpl
2021-10-16 01:05:43,483 [8d52824f-ad79-492b-8fae-12e0fefff0c3@group-6C37C0E08CC0-LeaderElection21] INFO  segmented.SegmentedRaftLogWorker (SegmentedRaftLogWorker.java:startLogSegment(394)) - 8d52824f-ad79-492b-8fae-12e0fefff0c3@group-6C37C0E08CC0-SegmentedRaftLogWorker: Starting segment from index:0
2021-10-16 01:05:43,486 [8d52824f-ad79-492b-8fae-12e0fefff0c3@group-6C37C0E08CC0-SegmentedRaftLogWorker] INFO  segmented.SegmentedRaftLogWorker (SegmentedRaftLogWorker.java:execute(601)) - 8d52824f-ad79-492b-8fae-12e0fefff0c3@group-6C37C0E08CC0-SegmentedRaftLogWorker: created new log segment /home/runner/work/ozone/ozone/hadoop-ozone/integration-test/target/test-dir/MiniOzoneClusterImpl-248ee1f4-0f5c-4e53-af87-c176a130d444/datanode-2/data/ratis/04cabc9b-5756-4e52-bda1-6c37c0e08cc0/current/log_inprogress_0
2021-10-16 01:05:43,496 [8d52824f-ad79-492b-8fae-12e0fefff0c3@group-6C37C0E08CC0-LeaderElection21] INFO  server.RaftServer$Division (ServerState.java:setRaftConf(387)) - 8d52824f-ad79-492b-8fae-12e0fefff0c3@group-6C37C0E08CC0: set configuration 0: [0ad9ea75-306a-4cf7-ba3a-0d6a659ae299|rpc:10.1.0.55:35779|dataStream:|priority:0, b875dbc0-fa4a-4375-91ba-3cc15c85989b|rpc:10.1.0.55:37245|dataStream:|priority:0, 8d52824f-ad79-492b-8fae-12e0fefff0c3|rpc:10.1.0.55:39801|dataStream:|priority:1], old=null
2021-10-16 01:05:43,506 [8d52824f-ad79-492b-8fae-12e0fefff0c3@group-6C37C0E08CC0-StateMachineUpdater] INFO  ratis.ContainerStateMachine (ContainerStateMachine.java:takeSnapshot(292)) - group-6C37C0E08CC0: Taking a snapshot at:(t:2, i:0) file /home/runner/work/ozone/ozone/hadoop-ozone/integration-test/target/test-dir/MiniOzoneClusterImpl-248ee1f4-0f5c-4e53-af87-c176a130d444/datanode-2/data/ratis/04cabc9b-5756-4e52-bda1-6c37c0e08cc0/sm/snapshot.2_0
2021-10-16 01:05:43,506 [8d52824f-ad79-492b-8fae-12e0fefff0c3@group-6C37C0E08CC0-StateMachineUpdater] INFO  ratis.ContainerStateMachine (ContainerStateMachine.java:takeSnapshot(303)) - group-6C37C0E08CC0: Finished taking a snapshot at:(t:2, i:0) file:/home/runner/work/ozone/ozone/hadoop-ozone/integration-test/target/test-dir/MiniOzoneClusterImpl-248ee1f4-0f5c-4e53-af87-c176a130d444/datanode-2/data/ratis/04cabc9b-5756-4e52-bda1-6c37c0e08cc0/sm/snapshot.2_0 took: 1 ms
2021-10-16 01:05:43,507 [8d52824f-ad79-492b-8fae-12e0fefff0c3@group-6C37C0E08CC0-StateMachineUpdater] INFO  impl.StateMachineUpdater (StateMachineUpdater.java:takeSnapshot(281)) - 8d52824f-ad79-492b-8fae-12e0fefff0c3@group-6C37C0E08CC0-StateMachineUpdater: Took a snapshot at index 0
2021-10-16 01:05:43,507 [8d52824f-ad79-492b-8fae-12e0fefff0c3@group-6C37C0E08CC0-StateMachineUpdater] INFO  impl.StateMachineUpdater (StateMachineUpdater.java:lambda$new$0(89)) - 8d52824f-ad79-492b-8fae-12e0fefff0c3@group-6C37C0E08CC0-StateMachineUpdater: snapshotIndex: updateIncreasingly -1 -> 0
2021-10-16 01:05:43,534 [grpc-default-executor-2] INFO  ratis.XceiverServerRatis (XceiverServerRatis.java:handleLeaderChangedNotification(866)) - Leader change notification received for group: group-6C37C0E08CC0 with new leaderId: 8d52824f-ad79-492b-8fae-12e0fefff0c3
2021-10-16 01:05:43,534 [grpc-default-executor-2] INFO  server.RaftServer$Division (ServerState.java:setLeader(285)) - b875dbc0-fa4a-4375-91ba-3cc15c85989b@group-6C37C0E08CC0: change Leader from null to 8d52824f-ad79-492b-8fae-12e0fefff0c3 at term 2 for appendEntries, leader elected after 10346ms
2021-10-16 01:05:43,537 [grpc-default-executor-0] INFO  ratis.XceiverServerRatis (XceiverServerRatis.java:handleLeaderChangedNotification(866)) - Leader change notification received for group: group-6C37C0E08CC0 with new leaderId: 8d52824f-ad79-492b-8fae-12e0fefff0c3
2021-10-16 01:05:43,538 [grpc-default-executor-0] INFO  server.RaftServer$Division (ServerState.java:setLeader(285)) - 0ad9ea75-306a-4cf7-ba3a-0d6a659ae299@group-6C37C0E08CC0: change Leader from null to 8d52824f-ad79-492b-8fae-12e0fefff0c3 at term 2 for appendEntries, leader elected after 10341ms
2021-10-16 01:05:43,550 [9788528e-c4e7-43d7-a896-13140055b23a@group-45D0AF5F9F82-FollowerState] INFO  impl.FollowerState (FollowerState.java:run(134)) - 9788528e-c4e7-43d7-a896-13140055b23a@group-45D0AF5F9F82-FollowerState: change to CANDIDATE, lastRpcElapsedTime:5082390160ns, electionTimeout:5073ms
2021-10-16 01:05:43,550 [9788528e-c4e7-43d7-a896-13140055b23a@group-45D0AF5F9F82-FollowerState] INFO  impl.RoleInfo (RoleInfo.java:shutdownFollowerState(108)) - 9788528e-c4e7-43d7-a896-13140055b23a: shutdown 9788528e-c4e7-43d7-a896-13140055b23a@group-45D0AF5F9F82-FollowerState
2021-10-16 01:05:43,550 [9788528e-c4e7-43d7-a896-13140055b23a@group-45D0AF5F9F82-FollowerState] INFO  server.RaftServer$Division (RaftServerImpl.java:setRole(285)) - 9788528e-c4e7-43d7-a896-13140055b23a@group-45D0AF5F9F82: changes role from  FOLLOWER to CANDIDATE at term 1 for changeToCandidate
2021-10-16 01:05:43,550 [9788528e-c4e7-43d7-a896-13140055b23a@group-45D0AF5F9F82-FollowerState] INFO  server.RaftServerConfigKeys (ConfUtils.java:logGet(44)) - raft.server.leaderelection.pre-vote = false (custom)
2021-10-16 01:05:43,550 [9788528e-c4e7-43d7-a896-13140055b23a@group-45D0AF5F9F82-FollowerState] INFO  impl.RoleInfo (RoleInfo.java:updateAndGet(130)) - 9788528e-c4e7-43d7-a896-13140055b23a: start 9788528e-c4e7-43d7-a896-13140055b23a@group-45D0AF5F9F82-LeaderElection22
2021-10-16 01:05:43,608 [9788528e-c4e7-43d7-a896-13140055b23a@group-45D0AF5F9F82-LeaderElection22] INFO  impl.LeaderElection (LeaderElection.java:askForVotes(306)) - 9788528e-c4e7-43d7-a896-13140055b23a@group-45D0AF5F9F82-LeaderElection22 ELECTION round 0: submit vote requests at term 2 for -1: [5d47f048-385c-4622-902c-1a2c4fbfa0fd|rpc:10.1.0.55:38959|dataStream:|priority:1, 7a90a2fd-4c46-424f-b10b-a3a7d32abd98|rpc:10.1.0.55:46627|dataStream:|priority:0, 9788528e-c4e7-43d7-a896-13140055b23a|rpc:10.1.0.55:44875|dataStream:|priority:0], old=null
2021-10-16 01:05:43,635 [7a90a2fd-4c46-424f-b10b-a3a7d32abd98@group-45D0AF5F9F82-FollowerState] INFO  impl.FollowerState (FollowerState.java:run(134)) - 7a90a2fd-4c46-424f-b10b-a3a7d32abd98@group-45D0AF5F9F82-FollowerState: change to CANDIDATE, lastRpcElapsedTime:5192254056ns, electionTimeout:5185ms
2021-10-16 01:05:43,635 [7a90a2fd-4c46-424f-b10b-a3a7d32abd98@group-45D0AF5F9F82-FollowerState] INFO  impl.RoleInfo (RoleInfo.java:shutdownFollowerState(108)) - 7a90a2fd-4c46-424f-b10b-a3a7d32abd98: shutdown 7a90a2fd-4c46-424f-b10b-a3a7d32abd98@group-45D0AF5F9F82-FollowerState
2021-10-16 01:05:43,635 [7a90a2fd-4c46-424f-b10b-a3a7d32abd98@group-45D0AF5F9F82-FollowerState] INFO  server.RaftServer$Division (RaftServerImpl.java:setRole(285)) - 7a90a2fd-4c46-424f-b10b-a3a7d32abd98@group-45D0AF5F9F82: changes role from  FOLLOWER to CANDIDATE at term 1 for changeToCandidate
2021-10-16 01:05:43,635 [7a90a2fd-4c46-424f-b10b-a3a7d32abd98@group-45D0AF5F9F82-FollowerState] INFO  server.RaftServerConfigKeys (ConfUtils.java:logGet(44)) - raft.server.leaderelection.pre-vote = false (custom)
2021-10-16 01:05:43,635 [7a90a2fd-4c46-424f-b10b-a3a7d32abd98@group-45D0AF5F9F82-FollowerState] INFO  impl.RoleInfo (RoleInfo.java:updateAndGet(130)) - 7a90a2fd-4c46-424f-b10b-a3a7d32abd98: start 7a90a2fd-4c46-424f-b10b-a3a7d32abd98@group-45D0AF5F9F82-LeaderElection23
2021-10-16 01:05:43,637 [grpc-default-executor-1] INFO  server.RaftServer$Division (RaftServerImpl.java:requestVote(1043)) - 5d47f048-385c-4622-902c-1a2c4fbfa0fd@group-45D0AF5F9F82: receive requestVote(ELECTION, 9788528e-c4e7-43d7-a896-13140055b23a, group-45D0AF5F9F82, 2, (t:0, i:0))
2021-10-16 01:05:43,637 [grpc-default-executor-1] INFO  impl.VoteContext (VoteContext.java:log(48)) - 5d47f048-385c-4622-902c-1a2c4fbfa0fd@group-45D0AF5F9F82-FOLLOWER: reject ELECTION from 9788528e-c4e7-43d7-a896-13140055b23a: our priority 1 > candidate's priority 0
2021-10-16 01:05:43,637 [grpc-default-executor-1] INFO  server.RaftServer$Division (RaftServerImpl.java:setRole(285)) - 5d47f048-385c-4622-902c-1a2c4fbfa0fd@group-45D0AF5F9F82: changes role from  FOLLOWER to FOLLOWER at term 2 for candidate:9788528e-c4e7-43d7-a896-13140055b23a
2021-10-16 01:05:43,637 [grpc-default-executor-1] INFO  impl.RoleInfo (RoleInfo.java:shutdownFollowerState(108)) - 5d47f048-385c-4622-902c-1a2c4fbfa0fd: shutdown 5d47f048-385c-4622-902c-1a2c4fbfa0fd@group-45D0AF5F9F82-FollowerState
2021-10-16 01:05:43,656 [grpc-default-executor-1] INFO  impl.RoleInfo (RoleInfo.java:updateAndGet(130)) - 5d47f048-385c-4622-902c-1a2c4fbfa0fd: start 5d47f048-385c-4622-902c-1a2c4fbfa0fd@group-45D0AF5F9F82-FollowerState
2021-10-16 01:05:43,656 [5d47f048-385c-4622-902c-1a2c4fbfa0fd@group-45D0AF5F9F82-FollowerState] INFO  impl.FollowerState (FollowerState.java:run(143)) - 5d47f048-385c-4622-902c-1a2c4fbfa0fd@group-45D0AF5F9F82-FollowerState was interrupted: {}
java.lang.InterruptedException: sleep interrupted
	at java.lang.Thread.sleep(Native Method)
	at java.lang.Thread.sleep(Thread.java:340)
	at java.util.concurrent.TimeUnit.sleep(TimeUnit.java:386)
	at org.apache.ratis.util.TimeDuration.sleep(TimeDuration.java:324)
	at org.apache.ratis.util.TimeDuration.sleep(TimeDuration.java:309)
	at org.apache.ratis.server.impl.FollowerState.run(FollowerState.java:118)
2021-10-16 01:05:43,660 [grpc-default-executor-0] INFO  server.RaftServer$Division (RaftServerImpl.java:requestVote(1043)) - 7a90a2fd-4c46-424f-b10b-a3a7d32abd98@group-45D0AF5F9F82: receive requestVote(ELECTION, 9788528e-c4e7-43d7-a896-13140055b23a, group-45D0AF5F9F82, 2, (t:0, i:0))
2021-10-16 01:05:43,660 [grpc-default-executor-0] INFO  impl.VoteContext (VoteContext.java:log(48)) - 7a90a2fd-4c46-424f-b10b-a3a7d32abd98@group-45D0AF5F9F82-CANDIDATE: accept ELECTION from 9788528e-c4e7-43d7-a896-13140055b23a: our priority 0 <= candidate's priority 0
2021-10-16 01:05:43,660 [grpc-default-executor-0] INFO  server.RaftServer$Division (RaftServerImpl.java:setRole(285)) - 7a90a2fd-4c46-424f-b10b-a3a7d32abd98@group-45D0AF5F9F82: changes role from CANDIDATE to FOLLOWER at term 2 for candidate:9788528e-c4e7-43d7-a896-13140055b23a
2021-10-16 01:05:43,660 [grpc-default-executor-0] INFO  impl.RoleInfo (RoleInfo.java:shutdownLeaderElection(121)) - 7a90a2fd-4c46-424f-b10b-a3a7d32abd98: shutdown 7a90a2fd-4c46-424f-b10b-a3a7d32abd98@group-45D0AF5F9F82-LeaderElection23
2021-10-16 01:05:43,660 [grpc-default-executor-0] INFO  impl.RoleInfo (RoleInfo.java:updateAndGet(130)) - 7a90a2fd-4c46-424f-b10b-a3a7d32abd98: start 7a90a2fd-4c46-424f-b10b-a3a7d32abd98@group-45D0AF5F9F82-FollowerState
2021-10-16 01:05:43,662 [7a90a2fd-4c46-424f-b10b-a3a7d32abd98@group-45D0AF5F9F82-LeaderElection23] INFO  impl.LeaderElection (LeaderElection.java:run(230)) - 7a90a2fd-4c46-424f-b10b-a3a7d32abd98@group-45D0AF5F9F82-LeaderElection23: skip running since this is already CLOSING
2021-10-16 01:05:43,667 [grpc-default-executor-0] INFO  server.RaftServer$Division (RaftServerImpl.java:requestVote(1075)) - 7a90a2fd-4c46-424f-b10b-a3a7d32abd98@group-45D0AF5F9F82 replies to ELECTION vote request: 9788528e-c4e7-43d7-a896-13140055b23a<-7a90a2fd-4c46-424f-b10b-a3a7d32abd98#0:OK-t2. Peer's state: 7a90a2fd-4c46-424f-b10b-a3a7d32abd98@group-45D0AF5F9F82:t2, leader=null, voted=9788528e-c4e7-43d7-a896-13140055b23a, raftlog=7a90a2fd-4c46-424f-b10b-a3a7d32abd98@group-45D0AF5F9F82-SegmentedRaftLog:OPENED:c-1,f-1,i0, conf=-1: [5d47f048-385c-4622-902c-1a2c4fbfa0fd|rpc:10.1.0.55:38959|dataStream:|priority:1, 7a90a2fd-4c46-424f-b10b-a3a7d32abd98|rpc:10.1.0.55:46627|dataStream:|priority:0, 9788528e-c4e7-43d7-a896-13140055b23a|rpc:10.1.0.55:44875|dataStream:|priority:0], old=null
2021-10-16 01:05:43,671 [grpc-default-executor-1] INFO  server.RaftServer$Division (RaftServerImpl.java:requestVote(1075)) - 5d47f048-385c-4622-902c-1a2c4fbfa0fd@group-45D0AF5F9F82 replies to ELECTION vote request: 9788528e-c4e7-43d7-a896-13140055b23a<-5d47f048-385c-4622-902c-1a2c4fbfa0fd#0:FAIL-t2. Peer's state: 5d47f048-385c-4622-902c-1a2c4fbfa0fd@group-45D0AF5F9F82:t2, leader=null, voted=null, raftlog=5d47f048-385c-4622-902c-1a2c4fbfa0fd@group-45D0AF5F9F82-SegmentedRaftLog:OPENED:c-1,f-1,i0, conf=-1: [5d47f048-385c-4622-902c-1a2c4fbfa0fd|rpc:10.1.0.55:38959|priority:1, 7a90a2fd-4c46-424f-b10b-a3a7d32abd98|rpc:10.1.0.55:46627|priority:0, 9788528e-c4e7-43d7-a896-13140055b23a|rpc:10.1.0.55:44875|priority:0], old=null
2021-10-16 01:05:43,674 [9788528e-c4e7-43d7-a896-13140055b23a@group-45D0AF5F9F82-LeaderElection22] INFO  impl.LeaderElection (LeaderElection.java:logAndReturn(89)) - 9788528e-c4e7-43d7-a896-13140055b23a@group-45D0AF5F9F82-LeaderElection22: ELECTION REJECTED received 2 response(s) and 0 exception(s):
2021-10-16 01:05:43,674 [9788528e-c4e7-43d7-a896-13140055b23a@group-45D0AF5F9F82-LeaderElection22] INFO  impl.LeaderElection (LeaderElection.java:logAndReturn(93)) -   Response 0: 9788528e-c4e7-43d7-a896-13140055b23a<-5d47f048-385c-4622-902c-1a2c4fbfa0fd#0:FAIL-t2
2021-10-16 01:05:43,674 [9788528e-c4e7-43d7-a896-13140055b23a@group-45D0AF5F9F82-LeaderElection22] INFO  impl.LeaderElection (LeaderElection.java:logAndReturn(93)) -   Response 1: 9788528e-c4e7-43d7-a896-13140055b23a<-7a90a2fd-4c46-424f-b10b-a3a7d32abd98#0:OK-t2
2021-10-16 01:05:43,674 [9788528e-c4e7-43d7-a896-13140055b23a@group-45D0AF5F9F82-LeaderElection22] INFO  impl.LeaderElection (LeaderElection.java:askForVotes(308)) - 9788528e-c4e7-43d7-a896-13140055b23a@group-45D0AF5F9F82-LeaderElection22 ELECTION round 0: result REJECTED
2021-10-16 01:05:43,674 [9788528e-c4e7-43d7-a896-13140055b23a@group-45D0AF5F9F82-LeaderElection22] INFO  server.RaftServer$Division (RaftServerImpl.java:setRole(285)) - 9788528e-c4e7-43d7-a896-13140055b23a@group-45D0AF5F9F82: changes role from CANDIDATE to FOLLOWER at term 2 for REJECTED
2021-10-16 01:05:43,674 [9788528e-c4e7-43d7-a896-13140055b23a@group-45D0AF5F9F82-LeaderElection22] INFO  impl.RoleInfo (RoleInfo.java:shutdownLeaderElection(121)) - 9788528e-c4e7-43d7-a896-13140055b23a: shutdown 9788528e-c4e7-43d7-a896-13140055b23a@group-45D0AF5F9F82-LeaderElection22
2021-10-16 01:05:43,674 [9788528e-c4e7-43d7-a896-13140055b23a@group-45D0AF5F9F82-LeaderElection22] INFO  impl.RoleInfo (RoleInfo.java:updateAndGet(130)) - 9788528e-c4e7-43d7-a896-13140055b23a: start 9788528e-c4e7-43d7-a896-13140055b23a@group-45D0AF5F9F82-FollowerState
2021-10-16 01:05:43,675 [grpc-default-executor-2] INFO  server.RaftServer$Division (ServerState.java:setRaftConf(387)) - b875dbc0-fa4a-4375-91ba-3cc15c85989b@group-6C37C0E08CC0: set configuration 0: [0ad9ea75-306a-4cf7-ba3a-0d6a659ae299|rpc:10.1.0.55:35779|dataStream:|priority:0, b875dbc0-fa4a-4375-91ba-3cc15c85989b|rpc:10.1.0.55:37245|dataStream:|priority:0, 8d52824f-ad79-492b-8fae-12e0fefff0c3|rpc:10.1.0.55:39801|dataStream:|priority:1], old=null
2021-10-16 01:05:43,675 [grpc-default-executor-2] INFO  segmented.SegmentedRaftLogWorker (SegmentedRaftLogWorker.java:startLogSegment(394)) - b875dbc0-fa4a-4375-91ba-3cc15c85989b@group-6C37C0E08CC0-SegmentedRaftLogWorker: Starting segment from index:0
2021-10-16 01:05:43,686 [b875dbc0-fa4a-4375-91ba-3cc15c85989b@group-6C37C0E08CC0-SegmentedRaftLogWorker] INFO  segmented.SegmentedRaftLogWorker (SegmentedRaftLogWorker.java:execute(601)) - b875dbc0-fa4a-4375-91ba-3cc15c85989b@group-6C37C0E08CC0-SegmentedRaftLogWorker: created new log segment /home/runner/work/ozone/ozone/hadoop-ozone/integration-test/target/test-dir/MiniOzoneClusterImpl-248ee1f4-0f5c-4e53-af87-c176a130d444/datanode-0/data/ratis/04cabc9b-5756-4e52-bda1-6c37c0e08cc0/current/log_inprogress_0
2021-10-16 01:05:43,687 [grpc-default-executor-4] INFO  server.RaftServer$Division (ServerState.java:setRaftConf(387)) - 0ad9ea75-306a-4cf7-ba3a-0d6a659ae299@group-6C37C0E08CC0: set configuration 0: [0ad9ea75-306a-4cf7-ba3a-0d6a659ae299|rpc:10.1.0.55:35779|dataStream:|priority:0, b875dbc0-fa4a-4375-91ba-3cc15c85989b|rpc:10.1.0.55:37245|dataStream:|priority:0, 8d52824f-ad79-492b-8fae-12e0fefff0c3|rpc:10.1.0.55:39801|dataStream:|priority:1], old=null
2021-10-16 01:05:43,687 [grpc-default-executor-4] INFO  segmented.SegmentedRaftLogWorker (SegmentedRaftLogWorker.java:startLogSegment(394)) - 0ad9ea75-306a-4cf7-ba3a-0d6a659ae299@group-6C37C0E08CC0-SegmentedRaftLogWorker: Starting segment from index:0
2021-10-16 01:05:43,689 [0ad9ea75-306a-4cf7-ba3a-0d6a659ae299@group-6C37C0E08CC0-SegmentedRaftLogWorker] INFO  segmented.SegmentedRaftLogWorker (SegmentedRaftLogWorker.java:execute(601)) - 0ad9ea75-306a-4cf7-ba3a-0d6a659ae299@group-6C37C0E08CC0-SegmentedRaftLogWorker: created new log segment /home/runner/work/ozone/ozone/hadoop-ozone/integration-test/target/test-dir/MiniOzoneClusterImpl-248ee1f4-0f5c-4e53-af87-c176a130d444/datanode-1/data/ratis/04cabc9b-5756-4e52-bda1-6c37c0e08cc0/current/log_inprogress_0
2021-10-16 01:05:43,692 [b875dbc0-fa4a-4375-91ba-3cc15c85989b@group-6C37C0E08CC0-StateMachineUpdater] INFO  ratis.ContainerStateMachine (ContainerStateMachine.java:takeSnapshot(292)) - group-6C37C0E08CC0: Taking a snapshot at:(t:2, i:0) file /home/runner/work/ozone/ozone/hadoop-ozone/integration-test/target/test-dir/MiniOzoneClusterImpl-248ee1f4-0f5c-4e53-af87-c176a130d444/datanode-0/data/ratis/04cabc9b-5756-4e52-bda1-6c37c0e08cc0/sm/snapshot.2_0
2021-10-16 01:05:43,697 [b875dbc0-fa4a-4375-91ba-3cc15c85989b@group-6C37C0E08CC0-StateMachineUpdater] INFO  ratis.ContainerStateMachine (ContainerStateMachine.java:takeSnapshot(303)) - group-6C37C0E08CC0: Finished taking a snapshot at:(t:2, i:0) file:/home/runner/work/ozone/ozone/hadoop-ozone/integration-test/target/test-dir/MiniOzoneClusterImpl-248ee1f4-0f5c-4e53-af87-c176a130d444/datanode-0/data/ratis/04cabc9b-5756-4e52-bda1-6c37c0e08cc0/sm/snapshot.2_0 took: 5 ms
2021-10-16 01:05:43,698 [b875dbc0-fa4a-4375-91ba-3cc15c85989b@group-6C37C0E08CC0-StateMachineUpdater] INFO  impl.StateMachineUpdater (StateMachineUpdater.java:takeSnapshot(281)) - b875dbc0-fa4a-4375-91ba-3cc15c85989b@group-6C37C0E08CC0-StateMachineUpdater: Took a snapshot at index 0
2021-10-16 01:05:43,698 [b875dbc0-fa4a-4375-91ba-3cc15c85989b@group-6C37C0E08CC0-StateMachineUpdater] INFO  impl.StateMachineUpdater (StateMachineUpdater.java:lambda$new$0(89)) - b875dbc0-fa4a-4375-91ba-3cc15c85989b@group-6C37C0E08CC0-StateMachineUpdater: snapshotIndex: updateIncreasingly -1 -> 0
2021-10-16 01:05:43,698 [0ad9ea75-306a-4cf7-ba3a-0d6a659ae299@group-6C37C0E08CC0-StateMachineUpdater] INFO  ratis.ContainerStateMachine (ContainerStateMachine.java:takeSnapshot(292)) - group-6C37C0E08CC0: Taking a snapshot at:(t:2, i:0) file /home/runner/work/ozone/ozone/hadoop-ozone/integration-test/target/test-dir/MiniOzoneClusterImpl-248ee1f4-0f5c-4e53-af87-c176a130d444/datanode-1/data/ratis/04cabc9b-5756-4e52-bda1-6c37c0e08cc0/sm/snapshot.2_0
2021-10-16 01:05:43,699 [0ad9ea75-306a-4cf7-ba3a-0d6a659ae299@group-6C37C0E08CC0-StateMachineUpdater] INFO  ratis.ContainerStateMachine (ContainerStateMachine.java:takeSnapshot(303)) - group-6C37C0E08CC0: Finished taking a snapshot at:(t:2, i:0) file:/home/runner/work/ozone/ozone/hadoop-ozone/integration-test/target/test-dir/MiniOzoneClusterImpl-248ee1f4-0f5c-4e53-af87-c176a130d444/datanode-1/data/ratis/04cabc9b-5756-4e52-bda1-6c37c0e08cc0/sm/snapshot.2_0 took: 1 ms
2021-10-16 01:05:43,699 [0ad9ea75-306a-4cf7-ba3a-0d6a659ae299@group-6C37C0E08CC0-StateMachineUpdater] INFO  impl.StateMachineUpdater (StateMachineUpdater.java:takeSnapshot(281)) - 0ad9ea75-306a-4cf7-ba3a-0d6a659ae299@group-6C37C0E08CC0-StateMachineUpdater: Took a snapshot at index 0
2021-10-16 01:05:43,699 [0ad9ea75-306a-4cf7-ba3a-0d6a659ae299@group-6C37C0E08CC0-StateMachineUpdater] INFO  impl.StateMachineUpdater (StateMachineUpdater.java:lambda$new$0(89)) - 0ad9ea75-306a-4cf7-ba3a-0d6a659ae299@group-6C37C0E08CC0-StateMachineUpdater: snapshotIndex: updateIncreasingly -1 -> 0
2021-10-16 01:05:43,751 [Listener at 127.0.0.1/36205] INFO  ozone.MiniOzoneClusterImpl (MiniOzoneClusterImpl.java:lambda$waitForClusterToBeReady$0(235)) - Nodes are ready. Got 10 of 10 DN Heartbeats.
2021-10-16 01:05:43,752 [Listener at 127.0.0.1/36205] INFO  ozone.MiniOzoneClusterImpl (MiniOzoneClusterImpl.java:lambda$waitForClusterToBeReady$0(238)) - Cluster exits safe mode
2021-10-16 01:05:43,752 [Listener at 127.0.0.1/36205] INFO  ozone.MiniOzoneClusterImpl (MiniOzoneClusterImpl.java:lambda$waitForClusterToBeReady$0(240)) - SCM became leader
2021-10-16 01:05:43,787 [7a90a2fd-4c46-424f-b10b-a3a7d32abd98@group-66D1402A49BA-FollowerState] INFO  impl.FollowerState (FollowerState.java:run(134)) - 7a90a2fd-4c46-424f-b10b-a3a7d32abd98@group-66D1402A49BA-FollowerState: change to CANDIDATE, lastRpcElapsedTime:5149019021ns, electionTimeout:5145ms
2021-10-16 01:05:43,788 [7a90a2fd-4c46-424f-b10b-a3a7d32abd98@group-66D1402A49BA-FollowerState] INFO  impl.RoleInfo (RoleInfo.java:shutdownFollowerState(108)) - 7a90a2fd-4c46-424f-b10b-a3a7d32abd98: shutdown 7a90a2fd-4c46-424f-b10b-a3a7d32abd98@group-66D1402A49BA-FollowerState
2021-10-16 01:05:43,788 [7a90a2fd-4c46-424f-b10b-a3a7d32abd98@group-66D1402A49BA-FollowerState] INFO  server.RaftServer$Division (RaftServerImpl.java:setRole(285)) - 7a90a2fd-4c46-424f-b10b-a3a7d32abd98@group-66D1402A49BA: changes role from  FOLLOWER to CANDIDATE at term 1 for changeToCandidate
2021-10-16 01:05:43,788 [7a90a2fd-4c46-424f-b10b-a3a7d32abd98@group-66D1402A49BA-FollowerState] INFO  server.RaftServerConfigKeys (ConfUtils.java:logGet(44)) - raft.server.leaderelection.pre-vote = false (custom)
2021-10-16 01:05:43,788 [7a90a2fd-4c46-424f-b10b-a3a7d32abd98@group-66D1402A49BA-FollowerState] INFO  impl.RoleInfo (RoleInfo.java:updateAndGet(130)) - 7a90a2fd-4c46-424f-b10b-a3a7d32abd98: start 7a90a2fd-4c46-424f-b10b-a3a7d32abd98@group-66D1402A49BA-LeaderElection24
2021-10-16 01:05:43,803 [7a90a2fd-4c46-424f-b10b-a3a7d32abd98@group-66D1402A49BA-LeaderElection24] INFO  impl.LeaderElection (LeaderElection.java:askForVotes(306)) - 7a90a2fd-4c46-424f-b10b-a3a7d32abd98@group-66D1402A49BA-LeaderElection24 ELECTION round 0: submit vote requests at term 2 for -1: [5d47f048-385c-4622-902c-1a2c4fbfa0fd|rpc:10.1.0.55:38959|dataStream:|priority:0, 7a90a2fd-4c46-424f-b10b-a3a7d32abd98|rpc:10.1.0.55:46627|dataStream:|priority:1, 9788528e-c4e7-43d7-a896-13140055b23a|rpc:10.1.0.55:44875|dataStream:|priority:0], old=null
2021-10-16 01:05:43,812 [grpc-default-executor-2] INFO  server.RaftServer$Division (RaftServerImpl.java:requestVote(1043)) - 5d47f048-385c-4622-902c-1a2c4fbfa0fd@group-66D1402A49BA: receive requestVote(ELECTION, 7a90a2fd-4c46-424f-b10b-a3a7d32abd98, group-66D1402A49BA, 2, (t:0, i:0))
2021-10-16 01:05:43,812 [grpc-default-executor-2] INFO  impl.VoteContext (VoteContext.java:log(48)) - 5d47f048-385c-4622-902c-1a2c4fbfa0fd@group-66D1402A49BA-FOLLOWER: accept ELECTION from 7a90a2fd-4c46-424f-b10b-a3a7d32abd98: our priority 0 <= candidate's priority 1
2021-10-16 01:05:43,812 [grpc-default-executor-2] INFO  server.RaftServer$Division (RaftServerImpl.java:setRole(285)) - 5d47f048-385c-4622-902c-1a2c4fbfa0fd@group-66D1402A49BA: changes role from  FOLLOWER to FOLLOWER at term 2 for candidate:7a90a2fd-4c46-424f-b10b-a3a7d32abd98
2021-10-16 01:05:43,812 [grpc-default-executor-2] INFO  impl.RoleInfo (RoleInfo.java:shutdownFollowerState(108)) - 5d47f048-385c-4622-902c-1a2c4fbfa0fd: shutdown 5d47f048-385c-4622-902c-1a2c4fbfa0fd@group-66D1402A49BA-FollowerState
2021-10-16 01:05:43,815 [grpc-default-executor-2] INFO  impl.RoleInfo (RoleInfo.java:updateAndGet(130)) - 5d47f048-385c-4622-902c-1a2c4fbfa0fd: start 5d47f048-385c-4622-902c-1a2c4fbfa0fd@group-66D1402A49BA-FollowerState
2021-10-16 01:05:43,815 [5d47f048-385c-4622-902c-1a2c4fbfa0fd@group-66D1402A49BA-FollowerState] INFO  impl.FollowerState (FollowerState.java:run(143)) - 5d47f048-385c-4622-902c-1a2c4fbfa0fd@group-66D1402A49BA-FollowerState was interrupted: {}
java.lang.InterruptedException: sleep interrupted
	at java.lang.Thread.sleep(Native Method)
	at java.lang.Thread.sleep(Thread.java:340)
	at java.util.concurrent.TimeUnit.sleep(TimeUnit.java:386)
	at org.apache.ratis.util.TimeDuration.sleep(TimeDuration.java:324)
	at org.apache.ratis.util.TimeDuration.sleep(TimeDuration.java:309)
	at org.apache.ratis.server.impl.FollowerState.run(FollowerState.java:118)
2021-10-16 01:05:43,833 [grpc-default-executor-2] INFO  server.RaftServer$Division (RaftServerImpl.java:requestVote(1075)) - 5d47f048-385c-4622-902c-1a2c4fbfa0fd@group-66D1402A49BA replies to ELECTION vote request: 7a90a2fd-4c46-424f-b10b-a3a7d32abd98<-5d47f048-385c-4622-902c-1a2c4fbfa0fd#0:OK-t2. Peer's state: 5d47f048-385c-4622-902c-1a2c4fbfa0fd@group-66D1402A49BA:t2, leader=null, voted=7a90a2fd-4c46-424f-b10b-a3a7d32abd98, raftlog=5d47f048-385c-4622-902c-1a2c4fbfa0fd@group-66D1402A49BA-SegmentedRaftLog:OPENED:c-1,f-1,i0, conf=-1: [5d47f048-385c-4622-902c-1a2c4fbfa0fd|rpc:10.1.0.55:38959|priority:0, 7a90a2fd-4c46-424f-b10b-a3a7d32abd98|rpc:10.1.0.55:46627|priority:1, 9788528e-c4e7-43d7-a896-13140055b23a|rpc:10.1.0.55:44875|priority:0], old=null
2021-10-16 01:05:43,838 [7a90a2fd-4c46-424f-b10b-a3a7d32abd98@group-66D1402A49BA-LeaderElection24] INFO  impl.LeaderElection (LeaderElection.java:logAndReturn(89)) - 7a90a2fd-4c46-424f-b10b-a3a7d32abd98@group-66D1402A49BA-LeaderElection24: ELECTION PASSED received 1 response(s) and 0 exception(s):
2021-10-16 01:05:43,838 [7a90a2fd-4c46-424f-b10b-a3a7d32abd98@group-66D1402A49BA-LeaderElection24] INFO  impl.LeaderElection (LeaderElection.java:logAndReturn(93)) -   Response 0: 7a90a2fd-4c46-424f-b10b-a3a7d32abd98<-5d47f048-385c-4622-902c-1a2c4fbfa0fd#0:OK-t2
2021-10-16 01:05:43,838 [7a90a2fd-4c46-424f-b10b-a3a7d32abd98@group-66D1402A49BA-LeaderElection24] INFO  impl.LeaderElection (LeaderElection.java:askForVotes(308)) - 7a90a2fd-4c46-424f-b10b-a3a7d32abd98@group-66D1402A49BA-LeaderElection24 ELECTION round 0: result PASSED
2021-10-16 01:05:43,838 [7a90a2fd-4c46-424f-b10b-a3a7d32abd98@group-66D1402A49BA-LeaderElection24] INFO  impl.RoleInfo (RoleInfo.java:shutdownLeaderElection(121)) - 7a90a2fd-4c46-424f-b10b-a3a7d32abd98: shutdown 7a90a2fd-4c46-424f-b10b-a3a7d32abd98@group-66D1402A49BA-LeaderElection24
2021-10-16 01:05:43,838 [7a90a2fd-4c46-424f-b10b-a3a7d32abd98@group-66D1402A49BA-LeaderElection24] INFO  server.RaftServer$Division (RaftServerImpl.java:setRole(285)) - 7a90a2fd-4c46-424f-b10b-a3a7d32abd98@group-66D1402A49BA: changes role from CANDIDATE to LEADER at term 2 for changeToLeader
2021-10-16 01:05:43,838 [7a90a2fd-4c46-424f-b10b-a3a7d32abd98@group-66D1402A49BA-LeaderElection24] INFO  ratis.XceiverServerRatis (XceiverServerRatis.java:handleLeaderChangedNotification(866)) - Leader change notification received for group: group-66D1402A49BA with new leaderId: 7a90a2fd-4c46-424f-b10b-a3a7d32abd98
2021-10-16 01:05:43,838 [7a90a2fd-4c46-424f-b10b-a3a7d32abd98@group-66D1402A49BA-LeaderElection24] INFO  server.RaftServer$Division (ServerState.java:setLeader(285)) - 7a90a2fd-4c46-424f-b10b-a3a7d32abd98@group-66D1402A49BA: change Leader from null to 7a90a2fd-4c46-424f-b10b-a3a7d32abd98 at term 2 for becomeLeader, leader elected after 10209ms
2021-10-16 01:05:43,838 [7a90a2fd-4c46-424f-b10b-a3a7d32abd98@group-66D1402A49BA-LeaderElection24] INFO  server.RaftServerConfigKeys (ConfUtils.java:logGet(44)) - raft.server.staging.catchup.gap = 1000 (default)
2021-10-16 01:05:43,839 [Datanode State Machine Thread - 0] WARN  statemachine.StateContext (StateContext.java:execute(621)) - No available thread in pool for past 0 seconds.
2021-10-16 01:05:43,839 [7a90a2fd-4c46-424f-b10b-a3a7d32abd98@group-66D1402A49BA-LeaderElection24] INFO  server.RaftServerConfigKeys (ConfUtils.java:logGet(44)) - raft.server.write.element-limit = 1024 (custom)
2021-10-16 01:05:43,839 [7a90a2fd-4c46-424f-b10b-a3a7d32abd98@group-66D1402A49BA-LeaderElection24] INFO  server.RaftServerConfigKeys (ConfUtils.java:logGet(44)) - raft.server.write.byte-limit = 1024 M (=1073741824) (custom)
2021-10-16 01:05:43,839 [7a90a2fd-4c46-424f-b10b-a3a7d32abd98@group-66D1402A49BA-LeaderElection24] INFO  server.RaftServerConfigKeys (ConfUtils.java:logGet(44)) - raft.server.watch.timeout = 10000ms (default)
2021-10-16 01:05:43,839 [7a90a2fd-4c46-424f-b10b-a3a7d32abd98@group-66D1402A49BA-LeaderElection24] INFO  server.RaftServerConfigKeys (ConfUtils.java:logGet(44)) - raft.server.watch.timeout.denomination = 1s (default)
2021-10-16 01:05:43,839 [7a90a2fd-4c46-424f-b10b-a3a7d32abd98@group-66D1402A49BA-LeaderElection24] INFO  server.RaftServerConfigKeys (ConfUtils.java:logGet(44)) - raft.server.watch.element-limit = 65536 (default)
2021-10-16 01:05:43,840 [7a90a2fd-4c46-424f-b10b-a3a7d32abd98@group-66D1402A49BA-LeaderElection24] INFO  server.RaftServerConfigKeys (ConfUtils.java:logGet(44)) - raft.server.log.appender.snapshot.chunk.size.max = 16MB (=16777216) (default)
2021-10-16 01:05:43,844 [7a90a2fd-4c46-424f-b10b-a3a7d32abd98@group-66D1402A49BA-LeaderElection24] INFO  server.RaftServerConfigKeys (ConfUtils.java:logGet(44)) - raft.server.log.appender.buffer.byte-limit = 33554432 (custom)
2021-10-16 01:05:43,841 [EventQueue-PipelineReportForPipelineReportHandler] INFO  pipeline.PipelineManagerImpl (PipelineManagerImpl.java:openPipeline(282)) - Pipeline Pipeline[ Id: 74792a45-8717-44f4-b6f7-66d1402a49ba, Nodes: 5d47f048-385c-4622-902c-1a2c4fbfa0fd{ip: 10.1.0.55, host: fv-az270-581.tacnzluakwdehk1hpragurqkma.bx.internal.cloudapp.net, ports: [REPLICATION=34891, RATIS=38959, RATIS_ADMIN=38959, RATIS_SERVER=38959, STANDALONE=45719], networkLocation: /default-rack, certSerialId: null, persistedOpState: IN_SERVICE, persistedOpStateExpiryEpochSec: 0}9788528e-c4e7-43d7-a896-13140055b23a{ip: 10.1.0.55, host: fv-az270-581.tacnzluakwdehk1hpragurqkma.bx.internal.cloudapp.net, ports: [REPLICATION=37827, RATIS=44875, RATIS_ADMIN=44875, RATIS_SERVER=44875, STANDALONE=41243], networkLocation: /default-rack, certSerialId: null, persistedOpState: IN_SERVICE, persistedOpStateExpiryEpochSec: 0}7a90a2fd-4c46-424f-b10b-a3a7d32abd98{ip: 10.1.0.55, host: fv-az270-581.tacnzluakwdehk1hpragurqkma.bx.internal.cloudapp.net, ports: [REPLICATION=39897, RATIS=46627, RATIS_ADMIN=46627, RATIS_SERVER=46627, STANDALONE=34935], networkLocation: /default-rack, certSerialId: null, persistedOpState: IN_SERVICE, persistedOpStateExpiryEpochSec: 0}, ReplicationConfig: RATIS/THREE, State:ALLOCATED, leaderId:7a90a2fd-4c46-424f-b10b-a3a7d32abd98, CreationTimestamp2021-10-16T01:05:30.661Z[Etc/UTC]] moved to OPEN state
2021-10-16 01:05:43,845 [7a90a2fd-4c46-424f-b10b-a3a7d32abd98@group-66D1402A49BA-LeaderElection24] INFO  server.RaftServerConfigKeys (ConfUtils.java:logGet(44)) - raft.server.log.appender.buffer.element-limit = 1 (custom)
2021-10-16 01:05:43,848 [9788528e-c4e7-43d7-a896-13140055b23a@group-66D1402A49BA-FollowerState] INFO  impl.FollowerState (FollowerState.java:run(134)) - 9788528e-c4e7-43d7-a896-13140055b23a@group-66D1402A49BA-FollowerState: change to CANDIDATE, lastRpcElapsedTime:5196170548ns, electionTimeout:5192ms
2021-10-16 01:05:43,848 [9788528e-c4e7-43d7-a896-13140055b23a@group-66D1402A49BA-FollowerState] INFO  impl.RoleInfo (RoleInfo.java:shutdownFollowerState(108)) - 9788528e-c4e7-43d7-a896-13140055b23a: shutdown 9788528e-c4e7-43d7-a896-13140055b23a@group-66D1402A49BA-FollowerState
2021-10-16 01:05:43,848 [9788528e-c4e7-43d7-a896-13140055b23a@group-66D1402A49BA-FollowerState] INFO  server.RaftServer$Division (RaftServerImpl.java:setRole(285)) - 9788528e-c4e7-43d7-a896-13140055b23a@group-66D1402A49BA: changes role from  FOLLOWER to CANDIDATE at term 1 for changeToCandidate
2021-10-16 01:05:43,848 [9788528e-c4e7-43d7-a896-13140055b23a@group-66D1402A49BA-FollowerState] INFO  server.RaftServerConfigKeys (ConfUtils.java:logGet(44)) - raft.server.leaderelection.pre-vote = false (custom)
2021-10-16 01:05:43,848 [9788528e-c4e7-43d7-a896-13140055b23a@group-66D1402A49BA-FollowerState] INFO  impl.RoleInfo (RoleInfo.java:updateAndGet(130)) - 9788528e-c4e7-43d7-a896-13140055b23a: start 9788528e-c4e7-43d7-a896-13140055b23a@group-66D1402A49BA-LeaderElection25
2021-10-16 01:05:43,850 [grpc-default-executor-2] INFO  server.RaftServer$Division (RaftServerImpl.java:requestVote(1043)) - 9788528e-c4e7-43d7-a896-13140055b23a@group-66D1402A49BA: receive requestVote(ELECTION, 7a90a2fd-4c46-424f-b10b-a3a7d32abd98, group-66D1402A49BA, 2, (t:0, i:0))
2021-10-16 01:05:43,856 [grpc-default-executor-2] INFO  impl.VoteContext (VoteContext.java:log(48)) - 9788528e-c4e7-43d7-a896-13140055b23a@group-66D1402A49BA-CANDIDATE: accept ELECTION from 7a90a2fd-4c46-424f-b10b-a3a7d32abd98: our priority 0 <= candidate's priority 1
2021-10-16 01:05:43,856 [grpc-default-executor-2] INFO  server.RaftServer$Division (RaftServerImpl.java:setRole(285)) - 9788528e-c4e7-43d7-a896-13140055b23a@group-66D1402A49BA: changes role from CANDIDATE to FOLLOWER at term 2 for candidate:7a90a2fd-4c46-424f-b10b-a3a7d32abd98
2021-10-16 01:05:43,856 [grpc-default-executor-2] INFO  impl.RoleInfo (RoleInfo.java:shutdownLeaderElection(121)) - 9788528e-c4e7-43d7-a896-13140055b23a: shutdown 9788528e-c4e7-43d7-a896-13140055b23a@group-66D1402A49BA-LeaderElection25
2021-10-16 01:05:43,856 [grpc-default-executor-2] INFO  impl.RoleInfo (RoleInfo.java:updateAndGet(130)) - 9788528e-c4e7-43d7-a896-13140055b23a: start 9788528e-c4e7-43d7-a896-13140055b23a@group-66D1402A49BA-FollowerState
2021-10-16 01:05:43,857 [9788528e-c4e7-43d7-a896-13140055b23a@group-66D1402A49BA-LeaderElection25] INFO  impl.LeaderElection (LeaderElection.java:run(230)) - 9788528e-c4e7-43d7-a896-13140055b23a@group-66D1402A49BA-LeaderElection25: skip running since this is already CLOSING
2021-10-16 01:05:43,845 [7a90a2fd-4c46-424f-b10b-a3a7d32abd98@group-66D1402A49BA-LeaderElection24] INFO  grpc.GrpcConfigKeys (ConfUtils.java:logGet(44)) - raft.grpc.server.leader.outstanding.appends.max = 128 (default)
2021-10-16 01:05:43,865 [7a90a2fd-4c46-424f-b10b-a3a7d32abd98@group-66D1402A49BA-LeaderElection24] INFO  server.RaftServerConfigKeys (ConfUtils.java:logGet(44)) - raft.server.rpc.request.timeout = 3000ms (default)
2021-10-16 01:05:43,865 [7a90a2fd-4c46-424f-b10b-a3a7d32abd98@group-66D1402A49BA-LeaderElection24] INFO  server.RaftServerConfigKeys (ConfUtils.java:logGet(44)) - raft.server.log.appender.install.snapshot.enabled = false (custom)
2021-10-16 01:05:43,866 [grpc-default-executor-2] INFO  server.RaftServer$Division (RaftServerImpl.java:requestVote(1075)) - 9788528e-c4e7-43d7-a896-13140055b23a@group-66D1402A49BA replies to ELECTION vote request: 7a90a2fd-4c46-424f-b10b-a3a7d32abd98<-9788528e-c4e7-43d7-a896-13140055b23a#0:OK-t2. Peer's state: 9788528e-c4e7-43d7-a896-13140055b23a@group-66D1402A49BA:t2, leader=null, voted=7a90a2fd-4c46-424f-b10b-a3a7d32abd98, raftlog=9788528e-c4e7-43d7-a896-13140055b23a@group-66D1402A49BA-SegmentedRaftLog:OPENED:c-1,f-1,i0, conf=-1: [5d47f048-385c-4622-902c-1a2c4fbfa0fd|rpc:10.1.0.55:38959|priority:0, 7a90a2fd-4c46-424f-b10b-a3a7d32abd98|rpc:10.1.0.55:46627|priority:1, 9788528e-c4e7-43d7-a896-13140055b23a|rpc:10.1.0.55:44875|priority:0], old=null
2021-10-16 01:05:43,866 [7a90a2fd-4c46-424f-b10b-a3a7d32abd98@group-66D1402A49BA-LeaderElection24] INFO  server.RaftServerConfigKeys (ConfUtils.java:logGet(44)) - raft.server.log.appender.snapshot.chunk.size.max = 16MB (=16777216) (default)
2021-10-16 01:05:43,866 [7a90a2fd-4c46-424f-b10b-a3a7d32abd98@group-66D1402A49BA-LeaderElection24] INFO  server.RaftServerConfigKeys (ConfUtils.java:logGet(44)) - raft.server.log.appender.buffer.byte-limit = 33554432 (custom)
2021-10-16 01:05:43,867 [7a90a2fd-4c46-424f-b10b-a3a7d32abd98@group-66D1402A49BA-LeaderElection24] INFO  server.RaftServerConfigKeys (ConfUtils.java:logGet(44)) - raft.server.log.appender.buffer.element-limit = 1 (custom)
2021-10-16 01:05:43,867 [7a90a2fd-4c46-424f-b10b-a3a7d32abd98@group-66D1402A49BA-LeaderElection24] INFO  grpc.GrpcConfigKeys (ConfUtils.java:logGet(44)) - raft.grpc.server.leader.outstanding.appends.max = 128 (default)
2021-10-16 01:05:43,867 [7a90a2fd-4c46-424f-b10b-a3a7d32abd98@group-66D1402A49BA-LeaderElection24] INFO  server.RaftServerConfigKeys (ConfUtils.java:logGet(44)) - raft.server.rpc.request.timeout = 3000ms (default)
2021-10-16 01:05:43,867 [7a90a2fd-4c46-424f-b10b-a3a7d32abd98@group-66D1402A49BA-LeaderElection24] INFO  server.RaftServerConfigKeys (ConfUtils.java:logGet(44)) - raft.server.log.appender.install.snapshot.enabled = false (custom)
2021-10-16 01:05:43,869 [7a90a2fd-4c46-424f-b10b-a3a7d32abd98@group-66D1402A49BA-LeaderElection24] INFO  impl.RoleInfo (RoleInfo.java:updateAndGet(130)) - 7a90a2fd-4c46-424f-b10b-a3a7d32abd98: start 7a90a2fd-4c46-424f-b10b-a3a7d32abd98@group-66D1402A49BA-LeaderStateImpl
2021-10-16 01:05:43,870 [7a90a2fd-4c46-424f-b10b-a3a7d32abd98@group-66D1402A49BA-LeaderElection24] INFO  segmented.SegmentedRaftLogWorker (SegmentedRaftLogWorker.java:startLogSegment(394)) - 7a90a2fd-4c46-424f-b10b-a3a7d32abd98@group-66D1402A49BA-SegmentedRaftLogWorker: Starting segment from index:0
2021-10-16 01:05:43,873 [7a90a2fd-4c46-424f-b10b-a3a7d32abd98@group-66D1402A49BA-SegmentedRaftLogWorker] INFO  segmented.SegmentedRaftLogWorker (SegmentedRaftLogWorker.java:execute(601)) - 7a90a2fd-4c46-424f-b10b-a3a7d32abd98@group-66D1402A49BA-SegmentedRaftLogWorker: created new log segment /home/runner/work/ozone/ozone/hadoop-ozone/integration-test/target/test-dir/MiniOzoneClusterImpl-248ee1f4-0f5c-4e53-af87-c176a130d444/datanode-5/data/ratis/74792a45-8717-44f4-b6f7-66d1402a49ba/current/log_inprogress_0
2021-10-16 01:05:43,880 [grpc-default-executor-4] INFO  ratis.XceiverServerRatis (XceiverServerRatis.java:handleLeaderChangedNotification(866)) - Leader change notification received for group: group-66D1402A49BA with new leaderId: 7a90a2fd-4c46-424f-b10b-a3a7d32abd98
2021-10-16 01:05:43,880 [grpc-default-executor-4] INFO  server.RaftServer$Division (ServerState.java:setLeader(285)) - 5d47f048-385c-4622-902c-1a2c4fbfa0fd@group-66D1402A49BA: change Leader from null to 7a90a2fd-4c46-424f-b10b-a3a7d32abd98 at term 2 for appendEntries, leader elected after 10328ms
2021-10-16 01:05:43,889 [7a90a2fd-4c46-424f-b10b-a3a7d32abd98@group-66D1402A49BA-LeaderElection24] INFO  server.RaftServer$Division (ServerState.java:setRaftConf(387)) - 7a90a2fd-4c46-424f-b10b-a3a7d32abd98@group-66D1402A49BA: set configuration 0: [5d47f048-385c-4622-902c-1a2c4fbfa0fd|rpc:10.1.0.55:38959|dataStream:|priority:0, 7a90a2fd-4c46-424f-b10b-a3a7d32abd98|rpc:10.1.0.55:46627|dataStream:|priority:1, 9788528e-c4e7-43d7-a896-13140055b23a|rpc:10.1.0.55:44875|dataStream:|priority:0], old=null
2021-10-16 01:05:43,890 [7a90a2fd-4c46-424f-b10b-a3a7d32abd98@group-66D1402A49BA-StateMachineUpdater] INFO  ratis.ContainerStateMachine (ContainerStateMachine.java:takeSnapshot(292)) - group-66D1402A49BA: Taking a snapshot at:(t:2, i:0) file /home/runner/work/ozone/ozone/hadoop-ozone/integration-test/target/test-dir/MiniOzoneClusterImpl-248ee1f4-0f5c-4e53-af87-c176a130d444/datanode-5/data/ratis/74792a45-8717-44f4-b6f7-66d1402a49ba/sm/snapshot.2_0
2021-10-16 01:05:43,891 [7a90a2fd-4c46-424f-b10b-a3a7d32abd98@group-66D1402A49BA-StateMachineUpdater] INFO  ratis.ContainerStateMachine (ContainerStateMachine.java:takeSnapshot(303)) - group-66D1402A49BA: Finished taking a snapshot at:(t:2, i:0) file:/home/runner/work/ozone/ozone/hadoop-ozone/integration-test/target/test-dir/MiniOzoneClusterImpl-248ee1f4-0f5c-4e53-af87-c176a130d444/datanode-5/data/ratis/74792a45-8717-44f4-b6f7-66d1402a49ba/sm/snapshot.2_0 took: 1 ms
2021-10-16 01:05:43,891 [7a90a2fd-4c46-424f-b10b-a3a7d32abd98@group-66D1402A49BA-StateMachineUpdater] INFO  impl.StateMachineUpdater (StateMachineUpdater.java:takeSnapshot(281)) - 7a90a2fd-4c46-424f-b10b-a3a7d32abd98@group-66D1402A49BA-StateMachineUpdater: Took a snapshot at index 0
2021-10-16 01:05:43,892 [7a90a2fd-4c46-424f-b10b-a3a7d32abd98@group-66D1402A49BA-StateMachineUpdater] INFO  impl.StateMachineUpdater (StateMachineUpdater.java:lambda$new$0(89)) - 7a90a2fd-4c46-424f-b10b-a3a7d32abd98@group-66D1402A49BA-StateMachineUpdater: snapshotIndex: updateIncreasingly -1 -> 0
2021-10-16 01:05:43,910 [grpc-default-executor-4] INFO  server.RaftServer$Division (ServerState.java:setRaftConf(387)) - 5d47f048-385c-4622-902c-1a2c4fbfa0fd@group-66D1402A49BA: set configuration 0: [5d47f048-385c-4622-902c-1a2c4fbfa0fd|rpc:10.1.0.55:38959|dataStream:|priority:0, 7a90a2fd-4c46-424f-b10b-a3a7d32abd98|rpc:10.1.0.55:46627|dataStream:|priority:1, 9788528e-c4e7-43d7-a896-13140055b23a|rpc:10.1.0.55:44875|dataStream:|priority:0], old=null
2021-10-16 01:05:43,914 [grpc-default-executor-4] INFO  segmented.SegmentedRaftLogWorker (SegmentedRaftLogWorker.java:startLogSegment(394)) - 5d47f048-385c-4622-902c-1a2c4fbfa0fd@group-66D1402A49BA-SegmentedRaftLogWorker: Starting segment from index:0
2021-10-16 01:05:43,914 [grpc-default-executor-1] INFO  ratis.XceiverServerRatis (XceiverServerRatis.java:handleLeaderChangedNotification(866)) - Leader change notification received for group: group-66D1402A49BA with new leaderId: 7a90a2fd-4c46-424f-b10b-a3a7d32abd98
2021-10-16 01:05:43,914 [grpc-default-executor-1] INFO  server.RaftServer$Division (ServerState.java:setLeader(285)) - 9788528e-c4e7-43d7-a896-13140055b23a@group-66D1402A49BA: change Leader from null to 7a90a2fd-4c46-424f-b10b-a3a7d32abd98 at term 2 for appendEntries, leader elected after 10440ms
2021-10-16 01:05:43,917 [5d47f048-385c-4622-902c-1a2c4fbfa0fd@group-66D1402A49BA-SegmentedRaftLogWorker] INFO  segmented.SegmentedRaftLogWorker (SegmentedRaftLogWorker.java:execute(601)) - 5d47f048-385c-4622-902c-1a2c4fbfa0fd@group-66D1402A49BA-SegmentedRaftLogWorker: created new log segment /home/runner/work/ozone/ozone/hadoop-ozone/integration-test/target/test-dir/MiniOzoneClusterImpl-248ee1f4-0f5c-4e53-af87-c176a130d444/datanode-3/data/ratis/74792a45-8717-44f4-b6f7-66d1402a49ba/current/log_inprogress_0
2021-10-16 01:05:43,937 [grpc-default-executor-1] INFO  server.RaftServer$Division (ServerState.java:setRaftConf(387)) - 9788528e-c4e7-43d7-a896-13140055b23a@group-66D1402A49BA: set configuration 0: [5d47f048-385c-4622-902c-1a2c4fbfa0fd|rpc:10.1.0.55:38959|dataStream:|priority:0, 7a90a2fd-4c46-424f-b10b-a3a7d32abd98|rpc:10.1.0.55:46627|dataStream:|priority:1, 9788528e-c4e7-43d7-a896-13140055b23a|rpc:10.1.0.55:44875|dataStream:|priority:0], old=null
2021-10-16 01:05:43,937 [grpc-default-executor-1] INFO  segmented.SegmentedRaftLogWorker (SegmentedRaftLogWorker.java:startLogSegment(394)) - 9788528e-c4e7-43d7-a896-13140055b23a@group-66D1402A49BA-SegmentedRaftLogWorker: Starting segment from index:0
2021-10-16 01:05:43,940 [9788528e-c4e7-43d7-a896-13140055b23a@group-66D1402A49BA-SegmentedRaftLogWorker] INFO  segmented.SegmentedRaftLogWorker (SegmentedRaftLogWorker.java:execute(601)) - 9788528e-c4e7-43d7-a896-13140055b23a@group-66D1402A49BA-SegmentedRaftLogWorker: created new log segment /home/runner/work/ozone/ozone/hadoop-ozone/integration-test/target/test-dir/MiniOzoneClusterImpl-248ee1f4-0f5c-4e53-af87-c176a130d444/datanode-4/data/ratis/74792a45-8717-44f4-b6f7-66d1402a49ba/current/log_inprogress_0
2021-10-16 01:05:43,941 [5d47f048-385c-4622-902c-1a2c4fbfa0fd@group-66D1402A49BA-StateMachineUpdater] INFO  ratis.ContainerStateMachine (ContainerStateMachine.java:takeSnapshot(292)) - group-66D1402A49BA: Taking a snapshot at:(t:2, i:0) file /home/runner/work/ozone/ozone/hadoop-ozone/integration-test/target/test-dir/MiniOzoneClusterImpl-248ee1f4-0f5c-4e53-af87-c176a130d444/datanode-3/data/ratis/74792a45-8717-44f4-b6f7-66d1402a49ba/sm/snapshot.2_0
2021-10-16 01:05:43,942 [5d47f048-385c-4622-902c-1a2c4fbfa0fd@group-66D1402A49BA-StateMachineUpdater] INFO  ratis.ContainerStateMachine (ContainerStateMachine.java:takeSnapshot(303)) - group-66D1402A49BA: Finished taking a snapshot at:(t:2, i:0) file:/home/runner/work/ozone/ozone/hadoop-ozone/integration-test/target/test-dir/MiniOzoneClusterImpl-248ee1f4-0f5c-4e53-af87-c176a130d444/datanode-3/data/ratis/74792a45-8717-44f4-b6f7-66d1402a49ba/sm/snapshot.2_0 took: 1 ms
2021-10-16 01:05:43,942 [5d47f048-385c-4622-902c-1a2c4fbfa0fd@group-66D1402A49BA-StateMachineUpdater] INFO  impl.StateMachineUpdater (StateMachineUpdater.java:takeSnapshot(281)) - 5d47f048-385c-4622-902c-1a2c4fbfa0fd@group-66D1402A49BA-StateMachineUpdater: Took a snapshot at index 0
2021-10-16 01:05:43,942 [5d47f048-385c-4622-902c-1a2c4fbfa0fd@group-66D1402A49BA-StateMachineUpdater] INFO  impl.StateMachineUpdater (StateMachineUpdater.java:lambda$new$0(89)) - 5d47f048-385c-4622-902c-1a2c4fbfa0fd@group-66D1402A49BA-StateMachineUpdater: snapshotIndex: updateIncreasingly -1 -> 0
2021-10-16 01:05:43,954 [9788528e-c4e7-43d7-a896-13140055b23a@group-66D1402A49BA-StateMachineUpdater] INFO  ratis.ContainerStateMachine (ContainerStateMachine.java:takeSnapshot(292)) - group-66D1402A49BA: Taking a snapshot at:(t:2, i:0) file /home/runner/work/ozone/ozone/hadoop-ozone/integration-test/target/test-dir/MiniOzoneClusterImpl-248ee1f4-0f5c-4e53-af87-c176a130d444/datanode-4/data/ratis/74792a45-8717-44f4-b6f7-66d1402a49ba/sm/snapshot.2_0
2021-10-16 01:05:43,957 [9788528e-c4e7-43d7-a896-13140055b23a@group-66D1402A49BA-StateMachineUpdater] INFO  ratis.ContainerStateMachine (ContainerStateMachine.java:takeSnapshot(303)) - group-66D1402A49BA: Finished taking a snapshot at:(t:2, i:0) file:/home/runner/work/ozone/ozone/hadoop-ozone/integration-test/target/test-dir/MiniOzoneClusterImpl-248ee1f4-0f5c-4e53-af87-c176a130d444/datanode-4/data/ratis/74792a45-8717-44f4-b6f7-66d1402a49ba/sm/snapshot.2_0 took: 3 ms
2021-10-16 01:05:43,957 [9788528e-c4e7-43d7-a896-13140055b23a@group-66D1402A49BA-StateMachineUpdater] INFO  impl.StateMachineUpdater (StateMachineUpdater.java:takeSnapshot(281)) - 9788528e-c4e7-43d7-a896-13140055b23a@group-66D1402A49BA-StateMachineUpdater: Took a snapshot at index 0
2021-10-16 01:05:43,957 [9788528e-c4e7-43d7-a896-13140055b23a@group-66D1402A49BA-StateMachineUpdater] INFO  impl.StateMachineUpdater (StateMachineUpdater.java:lambda$new$0(89)) - 9788528e-c4e7-43d7-a896-13140055b23a@group-66D1402A49BA-StateMachineUpdater: snapshotIndex: updateIncreasingly -1 -> 0
2021-10-16 01:05:44,218 [9d98ef2f-7287-42aa-8af9-fb3cbb1a6029@group-77F10EADF775-FollowerState] INFO  impl.FollowerState (FollowerState.java:run(134)) - 9d98ef2f-7287-42aa-8af9-fb3cbb1a6029@group-77F10EADF775-FollowerState: change to CANDIDATE, lastRpcElapsedTime:5024283696ns, electionTimeout:5016ms
2021-10-16 01:05:44,219 [9d98ef2f-7287-42aa-8af9-fb3cbb1a6029@group-77F10EADF775-FollowerState] INFO  impl.RoleInfo (RoleInfo.java:shutdownFollowerState(108)) - 9d98ef2f-7287-42aa-8af9-fb3cbb1a6029: shutdown 9d98ef2f-7287-42aa-8af9-fb3cbb1a6029@group-77F10EADF775-FollowerState
2021-10-16 01:05:44,219 [9d98ef2f-7287-42aa-8af9-fb3cbb1a6029@group-77F10EADF775-FollowerState] INFO  server.RaftServer$Division (RaftServerImpl.java:setRole(285)) - 9d98ef2f-7287-42aa-8af9-fb3cbb1a6029@group-77F10EADF775: changes role from  FOLLOWER to CANDIDATE at term 1 for changeToCandidate
2021-10-16 01:05:44,219 [9d98ef2f-7287-42aa-8af9-fb3cbb1a6029@group-77F10EADF775-FollowerState] INFO  server.RaftServerConfigKeys (ConfUtils.java:logGet(44)) - raft.server.leaderelection.pre-vote = false (custom)
2021-10-16 01:05:44,219 [9d98ef2f-7287-42aa-8af9-fb3cbb1a6029@group-77F10EADF775-FollowerState] INFO  impl.RoleInfo (RoleInfo.java:updateAndGet(130)) - 9d98ef2f-7287-42aa-8af9-fb3cbb1a6029: start 9d98ef2f-7287-42aa-8af9-fb3cbb1a6029@group-77F10EADF775-LeaderElection26
2021-10-16 01:05:44,234 [9d98ef2f-7287-42aa-8af9-fb3cbb1a6029@group-77F10EADF775-LeaderElection26] INFO  impl.LeaderElection (LeaderElection.java:askForVotes(306)) - 9d98ef2f-7287-42aa-8af9-fb3cbb1a6029@group-77F10EADF775-LeaderElection26 ELECTION round 0: submit vote requests at term 2 for -1: [9d98ef2f-7287-42aa-8af9-fb3cbb1a6029|rpc:10.1.0.55:32879|dataStream:|priority:1, fd6a0f59-fdeb-49bf-a199-f6a05cd3e8d0|rpc:10.1.0.55:39899|dataStream:|priority:0, 099ca399-3e3d-4e02-9a52-59ba45faf8b0|rpc:10.1.0.55:36545|dataStream:|priority:0], old=null
2021-10-16 01:05:44,242 [grpc-default-executor-4] INFO  server.RaftServer$Division (RaftServerImpl.java:requestVote(1043)) - fd6a0f59-fdeb-49bf-a199-f6a05cd3e8d0@group-77F10EADF775: receive requestVote(ELECTION, 9d98ef2f-7287-42aa-8af9-fb3cbb1a6029, group-77F10EADF775, 2, (t:0, i:0))
2021-10-16 01:05:44,242 [grpc-default-executor-4] INFO  impl.VoteContext (VoteContext.java:log(48)) - fd6a0f59-fdeb-49bf-a199-f6a05cd3e8d0@group-77F10EADF775-FOLLOWER: accept ELECTION from 9d98ef2f-7287-42aa-8af9-fb3cbb1a6029: our priority 0 <= candidate's priority 1
2021-10-16 01:05:44,242 [grpc-default-executor-4] INFO  server.RaftServer$Division (RaftServerImpl.java:setRole(285)) - fd6a0f59-fdeb-49bf-a199-f6a05cd3e8d0@group-77F10EADF775: changes role from  FOLLOWER to FOLLOWER at term 2 for candidate:9d98ef2f-7287-42aa-8af9-fb3cbb1a6029
2021-10-16 01:05:44,242 [grpc-default-executor-4] INFO  impl.RoleInfo (RoleInfo.java:shutdownFollowerState(108)) - fd6a0f59-fdeb-49bf-a199-f6a05cd3e8d0: shutdown fd6a0f59-fdeb-49bf-a199-f6a05cd3e8d0@group-77F10EADF775-FollowerState
2021-10-16 01:05:44,249 [fd6a0f59-fdeb-49bf-a199-f6a05cd3e8d0@group-87F1797A8DB8-FollowerState] INFO  impl.FollowerState (FollowerState.java:run(134)) - fd6a0f59-fdeb-49bf-a199-f6a05cd3e8d0@group-87F1797A8DB8-FollowerState: change to CANDIDATE, lastRpcElapsedTime:5113078968ns, electionTimeout:5112ms
2021-10-16 01:05:44,250 [fd6a0f59-fdeb-49bf-a199-f6a05cd3e8d0@group-87F1797A8DB8-FollowerState] INFO  impl.RoleInfo (RoleInfo.java:shutdownFollowerState(108)) - fd6a0f59-fdeb-49bf-a199-f6a05cd3e8d0: shutdown fd6a0f59-fdeb-49bf-a199-f6a05cd3e8d0@group-87F1797A8DB8-FollowerState
2021-10-16 01:05:44,250 [fd6a0f59-fdeb-49bf-a199-f6a05cd3e8d0@group-87F1797A8DB8-FollowerState] INFO  server.RaftServer$Division (RaftServerImpl.java:setRole(285)) - fd6a0f59-fdeb-49bf-a199-f6a05cd3e8d0@group-87F1797A8DB8: changes role from  FOLLOWER to CANDIDATE at term 1 for changeToCandidate
2021-10-16 01:05:44,251 [fd6a0f59-fdeb-49bf-a199-f6a05cd3e8d0@group-87F1797A8DB8-FollowerState] INFO  server.RaftServerConfigKeys (ConfUtils.java:logGet(44)) - raft.server.leaderelection.pre-vote = false (custom)
2021-10-16 01:05:44,251 [fd6a0f59-fdeb-49bf-a199-f6a05cd3e8d0@group-87F1797A8DB8-FollowerState] INFO  impl.RoleInfo (RoleInfo.java:updateAndGet(130)) - fd6a0f59-fdeb-49bf-a199-f6a05cd3e8d0: start fd6a0f59-fdeb-49bf-a199-f6a05cd3e8d0@group-87F1797A8DB8-LeaderElection27
2021-10-16 01:05:44,253 [grpc-default-executor-1] INFO  server.RaftServer$Division (RaftServerImpl.java:requestVote(1043)) - 099ca399-3e3d-4e02-9a52-59ba45faf8b0@group-77F10EADF775: receive requestVote(ELECTION, 9d98ef2f-7287-42aa-8af9-fb3cbb1a6029, group-77F10EADF775, 2, (t:0, i:0))
2021-10-16 01:05:44,253 [grpc-default-executor-1] INFO  impl.VoteContext (VoteContext.java:log(48)) - 099ca399-3e3d-4e02-9a52-59ba45faf8b0@group-77F10EADF775-FOLLOWER: accept ELECTION from 9d98ef2f-7287-42aa-8af9-fb3cbb1a6029: our priority 0 <= candidate's priority 1
2021-10-16 01:05:44,253 [grpc-default-executor-1] INFO  server.RaftServer$Division (RaftServerImpl.java:setRole(285)) - 099ca399-3e3d-4e02-9a52-59ba45faf8b0@group-77F10EADF775: changes role from  FOLLOWER to FOLLOWER at term 2 for candidate:9d98ef2f-7287-42aa-8af9-fb3cbb1a6029
2021-10-16 01:05:44,253 [grpc-default-executor-1] INFO  impl.RoleInfo (RoleInfo.java:shutdownFollowerState(108)) - 099ca399-3e3d-4e02-9a52-59ba45faf8b0: shutdown 099ca399-3e3d-4e02-9a52-59ba45faf8b0@group-77F10EADF775-FollowerState
2021-10-16 01:05:44,256 [grpc-default-executor-4] INFO  impl.RoleInfo (RoleInfo.java:updateAndGet(130)) - fd6a0f59-fdeb-49bf-a199-f6a05cd3e8d0: start fd6a0f59-fdeb-49bf-a199-f6a05cd3e8d0@group-77F10EADF775-FollowerState
2021-10-16 01:05:44,256 [fd6a0f59-fdeb-49bf-a199-f6a05cd3e8d0@group-77F10EADF775-FollowerState] INFO  impl.FollowerState (FollowerState.java:run(143)) - fd6a0f59-fdeb-49bf-a199-f6a05cd3e8d0@group-77F10EADF775-FollowerState was interrupted: {}
java.lang.InterruptedException: sleep interrupted
	at java.lang.Thread.sleep(Native Method)
	at java.lang.Thread.sleep(Thread.java:340)
	at java.util.concurrent.TimeUnit.sleep(TimeUnit.java:386)
	at org.apache.ratis.util.TimeDuration.sleep(TimeDuration.java:324)
	at org.apache.ratis.util.TimeDuration.sleep(TimeDuration.java:309)
	at org.apache.ratis.server.impl.FollowerState.run(FollowerState.java:118)
2021-10-16 01:05:44,257 [099ca399-3e3d-4e02-9a52-59ba45faf8b0@group-87F1797A8DB8-FollowerState] INFO  impl.FollowerState (FollowerState.java:run(134)) - 099ca399-3e3d-4e02-9a52-59ba45faf8b0@group-87F1797A8DB8-FollowerState: change to CANDIDATE, lastRpcElapsedTime:5111425375ns, electionTimeout:5111ms
2021-10-16 01:05:44,257 [099ca399-3e3d-4e02-9a52-59ba45faf8b0@group-87F1797A8DB8-FollowerState] INFO  impl.RoleInfo (RoleInfo.java:shutdownFollowerState(108)) - 099ca399-3e3d-4e02-9a52-59ba45faf8b0: shutdown 099ca399-3e3d-4e02-9a52-59ba45faf8b0@group-87F1797A8DB8-FollowerState
2021-10-16 01:05:44,257 [099ca399-3e3d-4e02-9a52-59ba45faf8b0@group-87F1797A8DB8-FollowerState] INFO  server.RaftServer$Division (RaftServerImpl.java:setRole(285)) - 099ca399-3e3d-4e02-9a52-59ba45faf8b0@group-87F1797A8DB8: changes role from  FOLLOWER to CANDIDATE at term 1 for changeToCandidate
2021-10-16 01:05:44,260 [grpc-default-executor-4] INFO  server.RaftServer$Division (RaftServerImpl.java:requestVote(1075)) - fd6a0f59-fdeb-49bf-a199-f6a05cd3e8d0@group-77F10EADF775 replies to ELECTION vote request: 9d98ef2f-7287-42aa-8af9-fb3cbb1a6029<-fd6a0f59-fdeb-49bf-a199-f6a05cd3e8d0#0:OK-t2. Peer's state: fd6a0f59-fdeb-49bf-a199-f6a05cd3e8d0@group-77F10EADF775:t2, leader=null, voted=9d98ef2f-7287-42aa-8af9-fb3cbb1a6029, raftlog=fd6a0f59-fdeb-49bf-a199-f6a05cd3e8d0@group-77F10EADF775-SegmentedRaftLog:OPENED:c-1,f-1,i0, conf=-1: [9d98ef2f-7287-42aa-8af9-fb3cbb1a6029|rpc:10.1.0.55:32879|dataStream:|priority:1, fd6a0f59-fdeb-49bf-a199-f6a05cd3e8d0|rpc:10.1.0.55:39899|dataStream:|priority:0, 099ca399-3e3d-4e02-9a52-59ba45faf8b0|rpc:10.1.0.55:36545|dataStream:|priority:0], old=null
2021-10-16 01:05:44,263 [9d98ef2f-7287-42aa-8af9-fb3cbb1a6029@group-77F10EADF775-LeaderElection26] INFO  impl.LeaderElection (LeaderElection.java:logAndReturn(89)) - 9d98ef2f-7287-42aa-8af9-fb3cbb1a6029@group-77F10EADF775-LeaderElection26: ELECTION PASSED received 1 response(s) and 0 exception(s):
2021-10-16 01:05:44,263 [9d98ef2f-7287-42aa-8af9-fb3cbb1a6029@group-77F10EADF775-LeaderElection26] INFO  impl.LeaderElection (LeaderElection.java:logAndReturn(93)) -   Response 0: 9d98ef2f-7287-42aa-8af9-fb3cbb1a6029<-fd6a0f59-fdeb-49bf-a199-f6a05cd3e8d0#0:OK-t2
2021-10-16 01:05:44,263 [099ca399-3e3d-4e02-9a52-59ba45faf8b0@group-87F1797A8DB8-FollowerState] INFO  server.RaftServerConfigKeys (ConfUtils.java:logGet(44)) - raft.server.leaderelection.pre-vote = false (custom)
2021-10-16 01:05:44,263 [grpc-default-executor-1] INFO  impl.RoleInfo (RoleInfo.java:updateAndGet(130)) - 099ca399-3e3d-4e02-9a52-59ba45faf8b0: start 099ca399-3e3d-4e02-9a52-59ba45faf8b0@group-77F10EADF775-FollowerState
2021-10-16 01:05:44,264 [099ca399-3e3d-4e02-9a52-59ba45faf8b0@group-77F10EADF775-FollowerState] INFO  impl.FollowerState (FollowerState.java:run(143)) - 099ca399-3e3d-4e02-9a52-59ba45faf8b0@group-77F10EADF775-FollowerState was interrupted: {}
java.lang.InterruptedException: sleep interrupted
	at java.lang.Thread.sleep(Native Method)
	at java.lang.Thread.sleep(Thread.java:340)
	at java.util.concurrent.TimeUnit.sleep(TimeUnit.java:386)
	at org.apache.ratis.util.TimeDuration.sleep(TimeDuration.java:324)
	at org.apache.ratis.util.TimeDuration.sleep(TimeDuration.java:309)
	at org.apache.ratis.server.impl.FollowerState.run(FollowerState.java:118)
2021-10-16 01:05:44,263 [099ca399-3e3d-4e02-9a52-59ba45faf8b0@group-87F1797A8DB8-FollowerState] INFO  impl.RoleInfo (RoleInfo.java:updateAndGet(130)) - 099ca399-3e3d-4e02-9a52-59ba45faf8b0: start 099ca399-3e3d-4e02-9a52-59ba45faf8b0@group-87F1797A8DB8-LeaderElection28
2021-10-16 01:05:44,265 [fd6a0f59-fdeb-49bf-a199-f6a05cd3e8d0@group-87F1797A8DB8-LeaderElection27] INFO  impl.LeaderElection (LeaderElection.java:askForVotes(306)) - fd6a0f59-fdeb-49bf-a199-f6a05cd3e8d0@group-87F1797A8DB8-LeaderElection27 ELECTION round 0: submit vote requests at term 2 for -1: [9d98ef2f-7287-42aa-8af9-fb3cbb1a6029|rpc:10.1.0.55:32879|dataStream:|priority:0, fd6a0f59-fdeb-49bf-a199-f6a05cd3e8d0|rpc:10.1.0.55:39899|dataStream:|priority:0, 099ca399-3e3d-4e02-9a52-59ba45faf8b0|rpc:10.1.0.55:36545|dataStream:|priority:1], old=null
2021-10-16 01:05:44,272 [9d98ef2f-7287-42aa-8af9-fb3cbb1a6029@group-77F10EADF775-LeaderElection26] INFO  impl.LeaderElection (LeaderElection.java:askForVotes(308)) - 9d98ef2f-7287-42aa-8af9-fb3cbb1a6029@group-77F10EADF775-LeaderElection26 ELECTION round 0: result PASSED
2021-10-16 01:05:44,272 [9d98ef2f-7287-42aa-8af9-fb3cbb1a6029@group-77F10EADF775-LeaderElection26] INFO  impl.RoleInfo (RoleInfo.java:shutdownLeaderElection(121)) - 9d98ef2f-7287-42aa-8af9-fb3cbb1a6029: shutdown 9d98ef2f-7287-42aa-8af9-fb3cbb1a6029@group-77F10EADF775-LeaderElection26
2021-10-16 01:05:44,272 [9d98ef2f-7287-42aa-8af9-fb3cbb1a6029@group-77F10EADF775-LeaderElection26] INFO  server.RaftServer$Division (RaftServerImpl.java:setRole(285)) - 9d98ef2f-7287-42aa-8af9-fb3cbb1a6029@group-77F10EADF775: changes role from CANDIDATE to LEADER at term 2 for changeToLeader
2021-10-16 01:05:44,272 [9d98ef2f-7287-42aa-8af9-fb3cbb1a6029@group-77F10EADF775-LeaderElection26] INFO  ratis.XceiverServerRatis (XceiverServerRatis.java:handleLeaderChangedNotification(866)) - Leader change notification received for group: group-77F10EADF775 with new leaderId: 9d98ef2f-7287-42aa-8af9-fb3cbb1a6029
2021-10-16 01:05:44,272 [9d98ef2f-7287-42aa-8af9-fb3cbb1a6029@group-77F10EADF775-LeaderElection26] INFO  server.RaftServer$Division (ServerState.java:setLeader(285)) - 9d98ef2f-7287-42aa-8af9-fb3cbb1a6029@group-77F10EADF775: change Leader from null to 9d98ef2f-7287-42aa-8af9-fb3cbb1a6029 at term 2 for becomeLeader, leader elected after 10066ms
2021-10-16 01:05:44,272 [9d98ef2f-7287-42aa-8af9-fb3cbb1a6029@group-77F10EADF775-LeaderElection26] INFO  server.RaftServerConfigKeys (ConfUtils.java:logGet(44)) - raft.server.staging.catchup.gap = 1000 (default)
2021-10-16 01:05:44,272 [Datanode State Machine Thread - 0] WARN  statemachine.StateContext (StateContext.java:execute(621)) - No available thread in pool for past 0 seconds.
2021-10-16 01:05:44,272 [9d98ef2f-7287-42aa-8af9-fb3cbb1a6029@group-77F10EADF775-LeaderElection26] INFO  server.RaftServerConfigKeys (ConfUtils.java:logGet(44)) - raft.server.write.element-limit = 1024 (custom)
2021-10-16 01:05:44,273 [9d98ef2f-7287-42aa-8af9-fb3cbb1a6029@group-77F10EADF775-LeaderElection26] INFO  server.RaftServerConfigKeys (ConfUtils.java:logGet(44)) - raft.server.write.byte-limit = 1024 M (=1073741824) (custom)
2021-10-16 01:05:44,273 [9d98ef2f-7287-42aa-8af9-fb3cbb1a6029@group-77F10EADF775-LeaderElection26] INFO  server.RaftServerConfigKeys (ConfUtils.java:logGet(44)) - raft.server.watch.timeout = 10000ms (default)
2021-10-16 01:05:44,273 [9d98ef2f-7287-42aa-8af9-fb3cbb1a6029@group-77F10EADF775-LeaderElection26] INFO  server.RaftServerConfigKeys (ConfUtils.java:logGet(44)) - raft.server.watch.timeout.denomination = 1s (default)
2021-10-16 01:05:44,273 [9d98ef2f-7287-42aa-8af9-fb3cbb1a6029@group-77F10EADF775-LeaderElection26] INFO  server.RaftServerConfigKeys (ConfUtils.java:logGet(44)) - raft.server.watch.element-limit = 65536 (default)
2021-10-16 01:05:44,274 [9d98ef2f-7287-42aa-8af9-fb3cbb1a6029@group-77F10EADF775-LeaderElection26] INFO  server.RaftServerConfigKeys (ConfUtils.java:logGet(44)) - raft.server.log.appender.snapshot.chunk.size.max = 16MB (=16777216) (default)
2021-10-16 01:05:44,274 [9d98ef2f-7287-42aa-8af9-fb3cbb1a6029@group-77F10EADF775-LeaderElection26] INFO  server.RaftServerConfigKeys (ConfUtils.java:logGet(44)) - raft.server.log.appender.buffer.byte-limit = 33554432 (custom)
2021-10-16 01:05:44,274 [9d98ef2f-7287-42aa-8af9-fb3cbb1a6029@group-77F10EADF775-LeaderElection26] INFO  server.RaftServerConfigKeys (ConfUtils.java:logGet(44)) - raft.server.log.appender.buffer.element-limit = 1 (custom)
2021-10-16 01:05:44,275 [EventQueue-PipelineReportForPipelineReportHandler] INFO  pipeline.PipelineManagerImpl (PipelineManagerImpl.java:openPipeline(282)) - Pipeline Pipeline[ Id: 3495eccd-922a-45d3-8b65-77f10eadf775, Nodes: 099ca399-3e3d-4e02-9a52-59ba45faf8b0{ip: 10.1.0.55, host: fv-az270-581.tacnzluakwdehk1hpragurqkma.bx.internal.cloudapp.net, ports: [REPLICATION=40185, RATIS=36545, RATIS_ADMIN=36545, RATIS_SERVER=36545, STANDALONE=44569], networkLocation: /default-rack, certSerialId: null, persistedOpState: IN_SERVICE, persistedOpStateExpiryEpochSec: 0}fd6a0f59-fdeb-49bf-a199-f6a05cd3e8d0{ip: 10.1.0.55, host: fv-az270-581.tacnzluakwdehk1hpragurqkma.bx.internal.cloudapp.net, ports: [REPLICATION=32823, RATIS=39899, RATIS_ADMIN=39899, RATIS_SERVER=39899, STANDALONE=40243], networkLocation: /default-rack, certSerialId: null, persistedOpState: IN_SERVICE, persistedOpStateExpiryEpochSec: 0}9d98ef2f-7287-42aa-8af9-fb3cbb1a6029{ip: 10.1.0.55, host: fv-az270-581.tacnzluakwdehk1hpragurqkma.bx.internal.cloudapp.net, ports: [REPLICATION=37323, RATIS=32879, RATIS_ADMIN=32879, RATIS_SERVER=32879, STANDALONE=35303], networkLocation: /default-rack, certSerialId: null, persistedOpState: IN_SERVICE, persistedOpStateExpiryEpochSec: 0}, ReplicationConfig: RATIS/THREE, State:ALLOCATED, leaderId:9d98ef2f-7287-42aa-8af9-fb3cbb1a6029, CreationTimestamp2021-10-16T01:05:31.504Z[Etc/UTC]] moved to OPEN state
2021-10-16 01:05:44,280 [grpc-default-executor-1] INFO  server.RaftServer$Division (RaftServerImpl.java:requestVote(1075)) - 099ca399-3e3d-4e02-9a52-59ba45faf8b0@group-77F10EADF775 replies to ELECTION vote request: 9d98ef2f-7287-42aa-8af9-fb3cbb1a6029<-099ca399-3e3d-4e02-9a52-59ba45faf8b0#0:OK-t2. Peer's state: 099ca399-3e3d-4e02-9a52-59ba45faf8b0@group-77F10EADF775:t2, leader=null, voted=9d98ef2f-7287-42aa-8af9-fb3cbb1a6029, raftlog=099ca399-3e3d-4e02-9a52-59ba45faf8b0@group-77F10EADF775-SegmentedRaftLog:OPENED:c-1,f-1,i0, conf=-1: [9d98ef2f-7287-42aa-8af9-fb3cbb1a6029|rpc:10.1.0.55:32879|priority:1, fd6a0f59-fdeb-49bf-a199-f6a05cd3e8d0|rpc:10.1.0.55:39899|priority:0, 099ca399-3e3d-4e02-9a52-59ba45faf8b0|rpc:10.1.0.55:36545|priority:0], old=null
2021-10-16 01:05:44,283 [9d98ef2f-7287-42aa-8af9-fb3cbb1a6029@group-87F1797A8DB8-FollowerState] INFO  impl.FollowerState (FollowerState.java:run(134)) - 9d98ef2f-7287-42aa-8af9-fb3cbb1a6029@group-87F1797A8DB8-FollowerState: change to CANDIDATE, lastRpcElapsedTime:5127384717ns, electionTimeout:5123ms
2021-10-16 01:05:44,283 [9d98ef2f-7287-42aa-8af9-fb3cbb1a6029@group-87F1797A8DB8-FollowerState] INFO  impl.RoleInfo (RoleInfo.java:shutdownFollowerState(108)) - 9d98ef2f-7287-42aa-8af9-fb3cbb1a6029: shutdown 9d98ef2f-7287-42aa-8af9-fb3cbb1a6029@group-87F1797A8DB8-FollowerState
2021-10-16 01:05:44,283 [9d98ef2f-7287-42aa-8af9-fb3cbb1a6029@group-87F1797A8DB8-FollowerState] INFO  server.RaftServer$Division (RaftServerImpl.java:setRole(285)) - 9d98ef2f-7287-42aa-8af9-fb3cbb1a6029@group-87F1797A8DB8: changes role from  FOLLOWER to CANDIDATE at term 1 for changeToCandidate
2021-10-16 01:05:44,304 [9d98ef2f-7287-42aa-8af9-fb3cbb1a6029@group-87F1797A8DB8-FollowerState] INFO  server.RaftServerConfigKeys (ConfUtils.java:logGet(44)) - raft.server.leaderelection.pre-vote = false (custom)
2021-10-16 01:05:44,304 [9d98ef2f-7287-42aa-8af9-fb3cbb1a6029@group-87F1797A8DB8-FollowerState] INFO  impl.RoleInfo (RoleInfo.java:updateAndGet(130)) - 9d98ef2f-7287-42aa-8af9-fb3cbb1a6029: start 9d98ef2f-7287-42aa-8af9-fb3cbb1a6029@group-87F1797A8DB8-LeaderElection29
2021-10-16 01:05:44,318 [9d98ef2f-7287-42aa-8af9-fb3cbb1a6029@group-77F10EADF775-LeaderElection26] INFO  grpc.GrpcConfigKeys (ConfUtils.java:logGet(44)) - raft.grpc.server.leader.outstanding.appends.max = 128 (default)
2021-10-16 01:05:44,318 [9d98ef2f-7287-42aa-8af9-fb3cbb1a6029@group-77F10EADF775-LeaderElection26] INFO  server.RaftServerConfigKeys (ConfUtils.java:logGet(44)) - raft.server.rpc.request.timeout = 3000ms (default)
2021-10-16 01:05:44,318 [9d98ef2f-7287-42aa-8af9-fb3cbb1a6029@group-77F10EADF775-LeaderElection26] INFO  server.RaftServerConfigKeys (ConfUtils.java:logGet(44)) - raft.server.log.appender.install.snapshot.enabled = false (custom)
2021-10-16 01:05:44,318 [grpc-default-executor-1] INFO  server.RaftServer$Division (RaftServerImpl.java:requestVote(1043)) - 9d98ef2f-7287-42aa-8af9-fb3cbb1a6029@group-87F1797A8DB8: receive requestVote(ELECTION, fd6a0f59-fdeb-49bf-a199-f6a05cd3e8d0, group-87F1797A8DB8, 2, (t:0, i:0))
2021-10-16 01:05:44,318 [grpc-default-executor-1] INFO  impl.VoteContext (VoteContext.java:log(48)) - 9d98ef2f-7287-42aa-8af9-fb3cbb1a6029@group-87F1797A8DB8-CANDIDATE: accept ELECTION from fd6a0f59-fdeb-49bf-a199-f6a05cd3e8d0: our priority 0 <= candidate's priority 0
2021-10-16 01:05:44,318 [grpc-default-executor-1] INFO  server.RaftServer$Division (RaftServerImpl.java:setRole(285)) - 9d98ef2f-7287-42aa-8af9-fb3cbb1a6029@group-87F1797A8DB8: changes role from CANDIDATE to FOLLOWER at term 2 for candidate:fd6a0f59-fdeb-49bf-a199-f6a05cd3e8d0
2021-10-16 01:05:44,319 [grpc-default-executor-1] INFO  impl.RoleInfo (RoleInfo.java:shutdownLeaderElection(121)) - 9d98ef2f-7287-42aa-8af9-fb3cbb1a6029: shutdown 9d98ef2f-7287-42aa-8af9-fb3cbb1a6029@group-87F1797A8DB8-LeaderElection29
2021-10-16 01:05:44,319 [grpc-default-executor-1] INFO  impl.RoleInfo (RoleInfo.java:updateAndGet(130)) - 9d98ef2f-7287-42aa-8af9-fb3cbb1a6029: start 9d98ef2f-7287-42aa-8af9-fb3cbb1a6029@group-87F1797A8DB8-FollowerState
2021-10-16 01:05:44,318 [grpc-default-executor-4] INFO  server.RaftServer$Division (RaftServerImpl.java:requestVote(1043)) - 099ca399-3e3d-4e02-9a52-59ba45faf8b0@group-87F1797A8DB8: receive requestVote(ELECTION, fd6a0f59-fdeb-49bf-a199-f6a05cd3e8d0, group-87F1797A8DB8, 2, (t:0, i:0))
2021-10-16 01:05:44,319 [9d98ef2f-7287-42aa-8af9-fb3cbb1a6029@group-77F10EADF775-LeaderElection26] INFO  server.RaftServerConfigKeys (ConfUtils.java:logGet(44)) - raft.server.log.appender.snapshot.chunk.size.max = 16MB (=16777216) (default)
2021-10-16 01:05:44,319 [9d98ef2f-7287-42aa-8af9-fb3cbb1a6029@group-77F10EADF775-LeaderElection26] INFO  server.RaftServerConfigKeys (ConfUtils.java:logGet(44)) - raft.server.log.appender.buffer.byte-limit = 33554432 (custom)
2021-10-16 01:05:44,319 [099ca399-3e3d-4e02-9a52-59ba45faf8b0@group-87F1797A8DB8-LeaderElection28] INFO  impl.LeaderElection (LeaderElection.java:askForVotes(306)) - 099ca399-3e3d-4e02-9a52-59ba45faf8b0@group-87F1797A8DB8-LeaderElection28 ELECTION round 0: submit vote requests at term 2 for -1: [9d98ef2f-7287-42aa-8af9-fb3cbb1a6029|rpc:10.1.0.55:32879|priority:0, fd6a0f59-fdeb-49bf-a199-f6a05cd3e8d0|rpc:10.1.0.55:39899|priority:0, 099ca399-3e3d-4e02-9a52-59ba45faf8b0|rpc:10.1.0.55:36545|priority:1], old=null
2021-10-16 01:05:44,319 [9d98ef2f-7287-42aa-8af9-fb3cbb1a6029@group-87F1797A8DB8-LeaderElection29] INFO  impl.LeaderElection (LeaderElection.java:run(230)) - 9d98ef2f-7287-42aa-8af9-fb3cbb1a6029@group-87F1797A8DB8-LeaderElection29: skip running since this is already CLOSING
2021-10-16 01:05:44,319 [grpc-default-executor-4] INFO  impl.VoteContext (VoteContext.java:log(48)) - 099ca399-3e3d-4e02-9a52-59ba45faf8b0@group-87F1797A8DB8-CANDIDATE: reject ELECTION from fd6a0f59-fdeb-49bf-a199-f6a05cd3e8d0: already has voted for 099ca399-3e3d-4e02-9a52-59ba45faf8b0 at current term 2
2021-10-16 01:05:44,319 [grpc-default-executor-4] INFO  server.RaftServer$Division (RaftServerImpl.java:requestVote(1075)) - 099ca399-3e3d-4e02-9a52-59ba45faf8b0@group-87F1797A8DB8 replies to ELECTION vote request: fd6a0f59-fdeb-49bf-a199-f6a05cd3e8d0<-099ca399-3e3d-4e02-9a52-59ba45faf8b0#0:FAIL-t2. Peer's state: 099ca399-3e3d-4e02-9a52-59ba45faf8b0@group-87F1797A8DB8:t2, leader=null, voted=099ca399-3e3d-4e02-9a52-59ba45faf8b0, raftlog=099ca399-3e3d-4e02-9a52-59ba45faf8b0@group-87F1797A8DB8-SegmentedRaftLog:OPENED:c-1,f-1,i0, conf=-1: [9d98ef2f-7287-42aa-8af9-fb3cbb1a6029|rpc:10.1.0.55:32879|priority:0, fd6a0f59-fdeb-49bf-a199-f6a05cd3e8d0|rpc:10.1.0.55:39899|priority:0, 099ca399-3e3d-4e02-9a52-59ba45faf8b0|rpc:10.1.0.55:36545|priority:1], old=null
2021-10-16 01:05:44,319 [9d98ef2f-7287-42aa-8af9-fb3cbb1a6029@group-77F10EADF775-LeaderElection26] INFO  server.RaftServerConfigKeys (ConfUtils.java:logGet(44)) - raft.server.log.appender.buffer.element-limit = 1 (custom)
2021-10-16 01:05:44,321 [9d98ef2f-7287-42aa-8af9-fb3cbb1a6029@group-77F10EADF775-LeaderElection26] INFO  grpc.GrpcConfigKeys (ConfUtils.java:logGet(44)) - raft.grpc.server.leader.outstanding.appends.max = 128 (default)
2021-10-16 01:05:44,321 [9d98ef2f-7287-42aa-8af9-fb3cbb1a6029@group-77F10EADF775-LeaderElection26] INFO  server.RaftServerConfigKeys (ConfUtils.java:logGet(44)) - raft.server.rpc.request.timeout = 3000ms (default)
2021-10-16 01:05:44,322 [9d98ef2f-7287-42aa-8af9-fb3cbb1a6029@group-77F10EADF775-LeaderElection26] INFO  server.RaftServerConfigKeys (ConfUtils.java:logGet(44)) - raft.server.log.appender.install.snapshot.enabled = false (custom)
2021-10-16 01:05:44,322 [9d98ef2f-7287-42aa-8af9-fb3cbb1a6029@group-77F10EADF775-LeaderElection26] INFO  impl.RoleInfo (RoleInfo.java:updateAndGet(130)) - 9d98ef2f-7287-42aa-8af9-fb3cbb1a6029: start 9d98ef2f-7287-42aa-8af9-fb3cbb1a6029@group-77F10EADF775-LeaderStateImpl
2021-10-16 01:05:44,322 [9d98ef2f-7287-42aa-8af9-fb3cbb1a6029@group-77F10EADF775-LeaderElection26] INFO  segmented.SegmentedRaftLogWorker (SegmentedRaftLogWorker.java:startLogSegment(394)) - 9d98ef2f-7287-42aa-8af9-fb3cbb1a6029@group-77F10EADF775-SegmentedRaftLogWorker: Starting segment from index:0
2021-10-16 01:05:44,324 [9d98ef2f-7287-42aa-8af9-fb3cbb1a6029@group-77F10EADF775-SegmentedRaftLogWorker] INFO  segmented.SegmentedRaftLogWorker (SegmentedRaftLogWorker.java:execute(601)) - 9d98ef2f-7287-42aa-8af9-fb3cbb1a6029@group-77F10EADF775-SegmentedRaftLogWorker: created new log segment /home/runner/work/ozone/ozone/hadoop-ozone/integration-test/target/test-dir/MiniOzoneClusterImpl-248ee1f4-0f5c-4e53-af87-c176a130d444/datanode-7/data/ratis/3495eccd-922a-45d3-8b65-77f10eadf775/current/log_inprogress_0
2021-10-16 01:05:44,325 [grpc-default-executor-1] INFO  server.RaftServer$Division (RaftServerImpl.java:requestVote(1075)) - 9d98ef2f-7287-42aa-8af9-fb3cbb1a6029@group-87F1797A8DB8 replies to ELECTION vote request: fd6a0f59-fdeb-49bf-a199-f6a05cd3e8d0<-9d98ef2f-7287-42aa-8af9-fb3cbb1a6029#0:OK-t2. Peer's state: 9d98ef2f-7287-42aa-8af9-fb3cbb1a6029@group-87F1797A8DB8:t2, leader=null, voted=fd6a0f59-fdeb-49bf-a199-f6a05cd3e8d0, raftlog=9d98ef2f-7287-42aa-8af9-fb3cbb1a6029@group-87F1797A8DB8-SegmentedRaftLog:OPENED:c-1,f-1,i0, conf=-1: [9d98ef2f-7287-42aa-8af9-fb3cbb1a6029|rpc:10.1.0.55:32879|dataStream:|priority:0, fd6a0f59-fdeb-49bf-a199-f6a05cd3e8d0|rpc:10.1.0.55:39899|dataStream:|priority:0, 099ca399-3e3d-4e02-9a52-59ba45faf8b0|rpc:10.1.0.55:36545|dataStream:|priority:1], old=null
2021-10-16 01:05:44,335 [9d98ef2f-7287-42aa-8af9-fb3cbb1a6029@group-77F10EADF775-LeaderElection26] INFO  server.RaftServer$Division (ServerState.java:setRaftConf(387)) - 9d98ef2f-7287-42aa-8af9-fb3cbb1a6029@group-77F10EADF775: set configuration 0: [9d98ef2f-7287-42aa-8af9-fb3cbb1a6029|rpc:10.1.0.55:32879|dataStream:|priority:1, fd6a0f59-fdeb-49bf-a199-f6a05cd3e8d0|rpc:10.1.0.55:39899|dataStream:|priority:0, 099ca399-3e3d-4e02-9a52-59ba45faf8b0|rpc:10.1.0.55:36545|dataStream:|priority:0], old=null
2021-10-16 01:05:44,336 [9d98ef2f-7287-42aa-8af9-fb3cbb1a6029@group-77F10EADF775-StateMachineUpdater] INFO  ratis.ContainerStateMachine (ContainerStateMachine.java:takeSnapshot(292)) - group-77F10EADF775: Taking a snapshot at:(t:2, i:0) file /home/runner/work/ozone/ozone/hadoop-ozone/integration-test/target/test-dir/MiniOzoneClusterImpl-248ee1f4-0f5c-4e53-af87-c176a130d444/datanode-7/data/ratis/3495eccd-922a-45d3-8b65-77f10eadf775/sm/snapshot.2_0
2021-10-16 01:05:44,337 [9d98ef2f-7287-42aa-8af9-fb3cbb1a6029@group-77F10EADF775-StateMachineUpdater] INFO  ratis.ContainerStateMachine (ContainerStateMachine.java:takeSnapshot(303)) - group-77F10EADF775: Finished taking a snapshot at:(t:2, i:0) file:/home/runner/work/ozone/ozone/hadoop-ozone/integration-test/target/test-dir/MiniOzoneClusterImpl-248ee1f4-0f5c-4e53-af87-c176a130d444/datanode-7/data/ratis/3495eccd-922a-45d3-8b65-77f10eadf775/sm/snapshot.2_0 took: 1 ms
2021-10-16 01:05:44,337 [9d98ef2f-7287-42aa-8af9-fb3cbb1a6029@group-77F10EADF775-StateMachineUpdater] INFO  impl.StateMachineUpdater (StateMachineUpdater.java:takeSnapshot(281)) - 9d98ef2f-7287-42aa-8af9-fb3cbb1a6029@group-77F10EADF775-StateMachineUpdater: Took a snapshot at index 0
2021-10-16 01:05:44,337 [9d98ef2f-7287-42aa-8af9-fb3cbb1a6029@group-77F10EADF775-StateMachineUpdater] INFO  impl.StateMachineUpdater (StateMachineUpdater.java:lambda$new$0(89)) - 9d98ef2f-7287-42aa-8af9-fb3cbb1a6029@group-77F10EADF775-StateMachineUpdater: snapshotIndex: updateIncreasingly -1 -> 0
2021-10-16 01:05:44,353 [fd6a0f59-fdeb-49bf-a199-f6a05cd3e8d0@group-87F1797A8DB8-LeaderElection27] INFO  impl.LeaderElection (LeaderElection.java:logAndReturn(89)) - fd6a0f59-fdeb-49bf-a199-f6a05cd3e8d0@group-87F1797A8DB8-LeaderElection27: ELECTION REJECTED received 1 response(s) and 0 exception(s):
2021-10-16 01:05:44,353 [fd6a0f59-fdeb-49bf-a199-f6a05cd3e8d0@group-87F1797A8DB8-LeaderElection27] INFO  impl.LeaderElection (LeaderElection.java:logAndReturn(93)) -   Response 0: fd6a0f59-fdeb-49bf-a199-f6a05cd3e8d0<-099ca399-3e3d-4e02-9a52-59ba45faf8b0#0:FAIL-t2
2021-10-16 01:05:44,353 [fd6a0f59-fdeb-49bf-a199-f6a05cd3e8d0@group-87F1797A8DB8-LeaderElection27] INFO  impl.LeaderElection (LeaderElection.java:askForVotes(308)) - fd6a0f59-fdeb-49bf-a199-f6a05cd3e8d0@group-87F1797A8DB8-LeaderElection27 ELECTION round 0: result REJECTED
2021-10-16 01:05:44,353 [fd6a0f59-fdeb-49bf-a199-f6a05cd3e8d0@group-87F1797A8DB8-LeaderElection27] INFO  server.RaftServer$Division (RaftServerImpl.java:setRole(285)) - fd6a0f59-fdeb-49bf-a199-f6a05cd3e8d0@group-87F1797A8DB8: changes role from CANDIDATE to FOLLOWER at term 2 for REJECTED
2021-10-16 01:05:44,353 [fd6a0f59-fdeb-49bf-a199-f6a05cd3e8d0@group-87F1797A8DB8-LeaderElection27] INFO  impl.RoleInfo (RoleInfo.java:shutdownLeaderElection(121)) - fd6a0f59-fdeb-49bf-a199-f6a05cd3e8d0: shutdown fd6a0f59-fdeb-49bf-a199-f6a05cd3e8d0@group-87F1797A8DB8-LeaderElection27
2021-10-16 01:05:44,353 [fd6a0f59-fdeb-49bf-a199-f6a05cd3e8d0@group-87F1797A8DB8-LeaderElection27] INFO  impl.RoleInfo (RoleInfo.java:updateAndGet(130)) - fd6a0f59-fdeb-49bf-a199-f6a05cd3e8d0: start fd6a0f59-fdeb-49bf-a199-f6a05cd3e8d0@group-87F1797A8DB8-FollowerState
2021-10-16 01:05:44,369 [grpc-default-executor-1] INFO  ratis.XceiverServerRatis (XceiverServerRatis.java:handleLeaderChangedNotification(866)) - Leader change notification received for group: group-77F10EADF775 with new leaderId: 9d98ef2f-7287-42aa-8af9-fb3cbb1a6029
2021-10-16 01:05:44,369 [grpc-default-executor-1] INFO  server.RaftServer$Division (ServerState.java:setLeader(285)) - fd6a0f59-fdeb-49bf-a199-f6a05cd3e8d0@group-77F10EADF775: change Leader from null to 9d98ef2f-7287-42aa-8af9-fb3cbb1a6029 at term 2 for appendEntries, leader elected after 10209ms
2021-10-16 01:05:44,377 [grpc-default-executor-4] INFO  ratis.XceiverServerRatis (XceiverServerRatis.java:handleLeaderChangedNotification(866)) - Leader change notification received for group: group-77F10EADF775 with new leaderId: 9d98ef2f-7287-42aa-8af9-fb3cbb1a6029
2021-10-16 01:05:44,377 [grpc-default-executor-4] INFO  server.RaftServer$Division (ServerState.java:setLeader(285)) - 099ca399-3e3d-4e02-9a52-59ba45faf8b0@group-77F10EADF775: change Leader from null to 9d98ef2f-7287-42aa-8af9-fb3cbb1a6029 at term 2 for appendEntries, leader elected after 10261ms
2021-10-16 01:05:44,377 [grpc-default-executor-1] INFO  server.RaftServer$Division (ServerState.java:setRaftConf(387)) - fd6a0f59-fdeb-49bf-a199-f6a05cd3e8d0@group-77F10EADF775: set configuration 0: [9d98ef2f-7287-42aa-8af9-fb3cbb1a6029|rpc:10.1.0.55:32879|dataStream:|priority:1, fd6a0f59-fdeb-49bf-a199-f6a05cd3e8d0|rpc:10.1.0.55:39899|dataStream:|priority:0, 099ca399-3e3d-4e02-9a52-59ba45faf8b0|rpc:10.1.0.55:36545|dataStream:|priority:0], old=null
2021-10-16 01:05:44,377 [grpc-default-executor-1] INFO  segmented.SegmentedRaftLogWorker (SegmentedRaftLogWorker.java:startLogSegment(394)) - fd6a0f59-fdeb-49bf-a199-f6a05cd3e8d0@group-77F10EADF775-SegmentedRaftLogWorker: Starting segment from index:0
2021-10-16 01:05:44,379 [fd6a0f59-fdeb-49bf-a199-f6a05cd3e8d0@group-77F10EADF775-SegmentedRaftLogWorker] INFO  segmented.SegmentedRaftLogWorker (SegmentedRaftLogWorker.java:execute(601)) - fd6a0f59-fdeb-49bf-a199-f6a05cd3e8d0@group-77F10EADF775-SegmentedRaftLogWorker: created new log segment /home/runner/work/ozone/ozone/hadoop-ozone/integration-test/target/test-dir/MiniOzoneClusterImpl-248ee1f4-0f5c-4e53-af87-c176a130d444/datanode-8/data/ratis/3495eccd-922a-45d3-8b65-77f10eadf775/current/log_inprogress_0
2021-10-16 01:05:44,391 [grpc-default-executor-1] INFO  server.RaftServer$Division (ServerState.java:setRaftConf(387)) - 099ca399-3e3d-4e02-9a52-59ba45faf8b0@group-77F10EADF775: set configuration 0: [9d98ef2f-7287-42aa-8af9-fb3cbb1a6029|rpc:10.1.0.55:32879|dataStream:|priority:1, fd6a0f59-fdeb-49bf-a199-f6a05cd3e8d0|rpc:10.1.0.55:39899|dataStream:|priority:0, 099ca399-3e3d-4e02-9a52-59ba45faf8b0|rpc:10.1.0.55:36545|dataStream:|priority:0], old=null
2021-10-16 01:05:44,392 [grpc-default-executor-1] INFO  segmented.SegmentedRaftLogWorker (SegmentedRaftLogWorker.java:startLogSegment(394)) - 099ca399-3e3d-4e02-9a52-59ba45faf8b0@group-77F10EADF775-SegmentedRaftLogWorker: Starting segment from index:0
2021-10-16 01:05:44,392 [fd6a0f59-fdeb-49bf-a199-f6a05cd3e8d0@group-77F10EADF775-StateMachineUpdater] INFO  ratis.ContainerStateMachine (ContainerStateMachine.java:takeSnapshot(292)) - group-77F10EADF775: Taking a snapshot at:(t:2, i:0) file /home/runner/work/ozone/ozone/hadoop-ozone/integration-test/target/test-dir/MiniOzoneClusterImpl-248ee1f4-0f5c-4e53-af87-c176a130d444/datanode-8/data/ratis/3495eccd-922a-45d3-8b65-77f10eadf775/sm/snapshot.2_0
2021-10-16 01:05:44,392 [fd6a0f59-fdeb-49bf-a199-f6a05cd3e8d0@group-77F10EADF775-StateMachineUpdater] INFO  ratis.ContainerStateMachine (ContainerStateMachine.java:takeSnapshot(303)) - group-77F10EADF775: Finished taking a snapshot at:(t:2, i:0) file:/home/runner/work/ozone/ozone/hadoop-ozone/integration-test/target/test-dir/MiniOzoneClusterImpl-248ee1f4-0f5c-4e53-af87-c176a130d444/datanode-8/data/ratis/3495eccd-922a-45d3-8b65-77f10eadf775/sm/snapshot.2_0 took: 0 ms
2021-10-16 01:05:44,393 [fd6a0f59-fdeb-49bf-a199-f6a05cd3e8d0@group-77F10EADF775-StateMachineUpdater] INFO  impl.StateMachineUpdater (StateMachineUpdater.java:takeSnapshot(281)) - fd6a0f59-fdeb-49bf-a199-f6a05cd3e8d0@group-77F10EADF775-StateMachineUpdater: Took a snapshot at index 0
2021-10-16 01:05:44,393 [fd6a0f59-fdeb-49bf-a199-f6a05cd3e8d0@group-77F10EADF775-StateMachineUpdater] INFO  impl.StateMachineUpdater (StateMachineUpdater.java:lambda$new$0(89)) - fd6a0f59-fdeb-49bf-a199-f6a05cd3e8d0@group-77F10EADF775-StateMachineUpdater: snapshotIndex: updateIncreasingly -1 -> 0
2021-10-16 01:05:44,393 [099ca399-3e3d-4e02-9a52-59ba45faf8b0@group-77F10EADF775-SegmentedRaftLogWorker] INFO  segmented.SegmentedRaftLogWorker (SegmentedRaftLogWorker.java:execute(601)) - 099ca399-3e3d-4e02-9a52-59ba45faf8b0@group-77F10EADF775-SegmentedRaftLogWorker: created new log segment /home/runner/work/ozone/ozone/hadoop-ozone/integration-test/target/test-dir/MiniOzoneClusterImpl-248ee1f4-0f5c-4e53-af87-c176a130d444/datanode-6/data/ratis/3495eccd-922a-45d3-8b65-77f10eadf775/current/log_inprogress_0
2021-10-16 01:05:44,402 [grpc-default-executor-1] INFO  server.RaftServer$Division (RaftServerImpl.java:requestVote(1043)) - 9d98ef2f-7287-42aa-8af9-fb3cbb1a6029@group-87F1797A8DB8: receive requestVote(ELECTION, 099ca399-3e3d-4e02-9a52-59ba45faf8b0, group-87F1797A8DB8, 2, (t:0, i:0))
2021-10-16 01:05:44,402 [grpc-default-executor-1] INFO  impl.VoteContext (VoteContext.java:log(48)) - 9d98ef2f-7287-42aa-8af9-fb3cbb1a6029@group-87F1797A8DB8-FOLLOWER: reject ELECTION from 099ca399-3e3d-4e02-9a52-59ba45faf8b0: already has voted for fd6a0f59-fdeb-49bf-a199-f6a05cd3e8d0 at current term 2
2021-10-16 01:05:44,402 [grpc-default-executor-1] INFO  server.RaftServer$Division (RaftServerImpl.java:requestVote(1075)) - 9d98ef2f-7287-42aa-8af9-fb3cbb1a6029@group-87F1797A8DB8 replies to ELECTION vote request: 099ca399-3e3d-4e02-9a52-59ba45faf8b0<-9d98ef2f-7287-42aa-8af9-fb3cbb1a6029#0:FAIL-t2. Peer's state: 9d98ef2f-7287-42aa-8af9-fb3cbb1a6029@group-87F1797A8DB8:t2, leader=null, voted=fd6a0f59-fdeb-49bf-a199-f6a05cd3e8d0, raftlog=9d98ef2f-7287-42aa-8af9-fb3cbb1a6029@group-87F1797A8DB8-SegmentedRaftLog:OPENED:c-1,f-1,i0, conf=-1: [9d98ef2f-7287-42aa-8af9-fb3cbb1a6029|rpc:10.1.0.55:32879|dataStream:|priority:0, fd6a0f59-fdeb-49bf-a199-f6a05cd3e8d0|rpc:10.1.0.55:39899|dataStream:|priority:0, 099ca399-3e3d-4e02-9a52-59ba45faf8b0|rpc:10.1.0.55:36545|dataStream:|priority:1], old=null
2021-10-16 01:05:44,403 [099ca399-3e3d-4e02-9a52-59ba45faf8b0@group-77F10EADF775-StateMachineUpdater] INFO  ratis.ContainerStateMachine (ContainerStateMachine.java:takeSnapshot(292)) - group-77F10EADF775: Taking a snapshot at:(t:2, i:0) file /home/runner/work/ozone/ozone/hadoop-ozone/integration-test/target/test-dir/MiniOzoneClusterImpl-248ee1f4-0f5c-4e53-af87-c176a130d444/datanode-6/data/ratis/3495eccd-922a-45d3-8b65-77f10eadf775/sm/snapshot.2_0
2021-10-16 01:05:44,404 [099ca399-3e3d-4e02-9a52-59ba45faf8b0@group-77F10EADF775-StateMachineUpdater] INFO  ratis.ContainerStateMachine (ContainerStateMachine.java:takeSnapshot(303)) - group-77F10EADF775: Finished taking a snapshot at:(t:2, i:0) file:/home/runner/work/ozone/ozone/hadoop-ozone/integration-test/target/test-dir/MiniOzoneClusterImpl-248ee1f4-0f5c-4e53-af87-c176a130d444/datanode-6/data/ratis/3495eccd-922a-45d3-8b65-77f10eadf775/sm/snapshot.2_0 took: 1 ms
2021-10-16 01:05:44,404 [099ca399-3e3d-4e02-9a52-59ba45faf8b0@group-77F10EADF775-StateMachineUpdater] INFO  impl.StateMachineUpdater (StateMachineUpdater.java:takeSnapshot(281)) - 099ca399-3e3d-4e02-9a52-59ba45faf8b0@group-77F10EADF775-StateMachineUpdater: Took a snapshot at index 0
2021-10-16 01:05:44,404 [099ca399-3e3d-4e02-9a52-59ba45faf8b0@group-77F10EADF775-StateMachineUpdater] INFO  impl.StateMachineUpdater (StateMachineUpdater.java:lambda$new$0(89)) - 099ca399-3e3d-4e02-9a52-59ba45faf8b0@group-77F10EADF775-StateMachineUpdater: snapshotIndex: updateIncreasingly -1 -> 0
2021-10-16 01:05:44,421 [grpc-default-executor-1] INFO  server.RaftServer$Division (RaftServerImpl.java:requestVote(1043)) - fd6a0f59-fdeb-49bf-a199-f6a05cd3e8d0@group-87F1797A8DB8: receive requestVote(ELECTION, 099ca399-3e3d-4e02-9a52-59ba45faf8b0, group-87F1797A8DB8, 2, (t:0, i:0))
2021-10-16 01:05:44,421 [grpc-default-executor-1] INFO  impl.VoteContext (VoteContext.java:log(48)) - fd6a0f59-fdeb-49bf-a199-f6a05cd3e8d0@group-87F1797A8DB8-FOLLOWER: reject ELECTION from 099ca399-3e3d-4e02-9a52-59ba45faf8b0: already has voted for fd6a0f59-fdeb-49bf-a199-f6a05cd3e8d0 at current term 2
2021-10-16 01:05:44,422 [grpc-default-executor-1] INFO  server.RaftServer$Division (RaftServerImpl.java:requestVote(1075)) - fd6a0f59-fdeb-49bf-a199-f6a05cd3e8d0@group-87F1797A8DB8 replies to ELECTION vote request: 099ca399-3e3d-4e02-9a52-59ba45faf8b0<-fd6a0f59-fdeb-49bf-a199-f6a05cd3e8d0#0:FAIL-t2. Peer's state: fd6a0f59-fdeb-49bf-a199-f6a05cd3e8d0@group-87F1797A8DB8:t2, leader=null, voted=fd6a0f59-fdeb-49bf-a199-f6a05cd3e8d0, raftlog=fd6a0f59-fdeb-49bf-a199-f6a05cd3e8d0@group-87F1797A8DB8-SegmentedRaftLog:OPENED:c-1,f-1,i0, conf=-1: [9d98ef2f-7287-42aa-8af9-fb3cbb1a6029|rpc:10.1.0.55:32879|dataStream:|priority:0, fd6a0f59-fdeb-49bf-a199-f6a05cd3e8d0|rpc:10.1.0.55:39899|dataStream:|priority:0, 099ca399-3e3d-4e02-9a52-59ba45faf8b0|rpc:10.1.0.55:36545|dataStream:|priority:1], old=null
2021-10-16 01:05:44,424 [099ca399-3e3d-4e02-9a52-59ba45faf8b0@group-87F1797A8DB8-LeaderElection28] INFO  impl.LeaderElection (LeaderElection.java:logAndReturn(89)) - 099ca399-3e3d-4e02-9a52-59ba45faf8b0@group-87F1797A8DB8-LeaderElection28: ELECTION REJECTED received 2 response(s) and 0 exception(s):
2021-10-16 01:05:44,425 [099ca399-3e3d-4e02-9a52-59ba45faf8b0@group-87F1797A8DB8-LeaderElection28] INFO  impl.LeaderElection (LeaderElection.java:logAndReturn(93)) -   Response 0: 099ca399-3e3d-4e02-9a52-59ba45faf8b0<-9d98ef2f-7287-42aa-8af9-fb3cbb1a6029#0:FAIL-t2
2021-10-16 01:05:44,425 [099ca399-3e3d-4e02-9a52-59ba45faf8b0@group-87F1797A8DB8-LeaderElection28] INFO  impl.LeaderElection (LeaderElection.java:logAndReturn(93)) -   Response 1: 099ca399-3e3d-4e02-9a52-59ba45faf8b0<-fd6a0f59-fdeb-49bf-a199-f6a05cd3e8d0#0:FAIL-t2
2021-10-16 01:05:44,425 [099ca399-3e3d-4e02-9a52-59ba45faf8b0@group-87F1797A8DB8-LeaderElection28] INFO  impl.LeaderElection (LeaderElection.java:askForVotes(308)) - 099ca399-3e3d-4e02-9a52-59ba45faf8b0@group-87F1797A8DB8-LeaderElection28 ELECTION round 0: result REJECTED
2021-10-16 01:05:44,425 [099ca399-3e3d-4e02-9a52-59ba45faf8b0@group-87F1797A8DB8-LeaderElection28] INFO  server.RaftServer$Division (RaftServerImpl.java:setRole(285)) - 099ca399-3e3d-4e02-9a52-59ba45faf8b0@group-87F1797A8DB8: changes role from CANDIDATE to FOLLOWER at term 2 for REJECTED
2021-10-16 01:05:44,425 [099ca399-3e3d-4e02-9a52-59ba45faf8b0@group-87F1797A8DB8-LeaderElection28] INFO  impl.RoleInfo (RoleInfo.java:shutdownLeaderElection(121)) - 099ca399-3e3d-4e02-9a52-59ba45faf8b0: shutdown 099ca399-3e3d-4e02-9a52-59ba45faf8b0@group-87F1797A8DB8-LeaderElection28
2021-10-16 01:05:44,425 [099ca399-3e3d-4e02-9a52-59ba45faf8b0@group-87F1797A8DB8-LeaderElection28] INFO  impl.RoleInfo (RoleInfo.java:updateAndGet(130)) - 099ca399-3e3d-4e02-9a52-59ba45faf8b0: start 099ca399-3e3d-4e02-9a52-59ba45faf8b0@group-87F1797A8DB8-FollowerState
2021-10-16 01:05:44,573 [Listener at 127.0.0.1/36205] INFO  rpc.RpcClient (RpcClient.java:createVolume(342)) - Creating Volume: testcontainerstatemachinefailures, with runner as owner and space quota set to -1 bytes, counts quota set to -1
2021-10-16 01:05:44,697 [OM StateMachine ApplyTransaction Thread - 0] INFO  volume.OMVolumeCreateRequest (OMVolumeCreateRequest.java:validateAndUpdateCache(195)) - created volume:testcontainerstatemachinefailures for user:runner
2021-10-16 01:05:44,745 [Listener at 127.0.0.1/36205] INFO  rpc.RpcClient (RpcClient.java:createBucket(502)) - Creating Bucket: testcontainerstatemachinefailures/testcontainerstatemachinefailures, with Versioning false and Storage Type set to DISK and Encryption set to false 
2021-10-16 01:05:44,825 [IPC Server handler 13 on default port 40943] INFO  ha.SequenceIdGenerator (SequenceIdGenerator.java:getNextId(127)) - Allocate a batch for containerId, change lastId from 0 to 1000.
2021-10-16 01:05:44,839 [IPC Server handler 13 on default port 40943] WARN  ha.SequenceIdGenerator (SequenceIdGenerator.java:allocateBatch(235)) - Failed to allocate a batch for localId, expected lastId is 0, actual lastId is 107544261427200000.
2021-10-16 01:05:44,839 [IPC Server handler 13 on default port 40943] INFO  ha.SequenceIdGenerator (SequenceIdGenerator.java:getNextId(127)) - Allocate a batch for localId, change lastId from 107544261427200000 to 107544261427201000.
2021-10-16 01:05:44,926 [Listener at 127.0.0.1/36205] INFO  impl.MetricsSystemImpl (MetricsSystemImpl.java:init(158)) - XceiverClientMetrics metrics system started (again)
2021-10-16 01:05:45,193 [Datanode State Machine Thread - 0] WARN  statemachine.StateContext (StateContext.java:execute(621)) - No available thread in pool for past 0 seconds.
2021-10-16 01:05:45,330 [fd6a0f59-fdeb-49bf-a199-f6a05cd3e8d0@group-6C669B14B405-StateMachineUpdater] INFO  ratis.ContainerStateMachine (ContainerStateMachine.java:takeSnapshot(292)) - group-6C669B14B405: Taking a snapshot at:(t:1, i:1) file /home/runner/work/ozone/ozone/hadoop-ozone/integration-test/target/test-dir/MiniOzoneClusterImpl-248ee1f4-0f5c-4e53-af87-c176a130d444/datanode-8/data/ratis/d8b7a462-d376-4f6e-a80c-6c669b14b405/sm/snapshot.1_1
2021-10-16 01:05:45,345 [fd6a0f59-fdeb-49bf-a199-f6a05cd3e8d0@group-6C669B14B405-StateMachineUpdater] INFO  ratis.ContainerStateMachine (ContainerStateMachine.java:takeSnapshot(303)) - group-6C669B14B405: Finished taking a snapshot at:(t:1, i:1) file:/home/runner/work/ozone/ozone/hadoop-ozone/integration-test/target/test-dir/MiniOzoneClusterImpl-248ee1f4-0f5c-4e53-af87-c176a130d444/datanode-8/data/ratis/d8b7a462-d376-4f6e-a80c-6c669b14b405/sm/snapshot.1_1 took: 15 ms
2021-10-16 01:05:45,346 [fd6a0f59-fdeb-49bf-a199-f6a05cd3e8d0@group-6C669B14B405-StateMachineUpdater] INFO  impl.StateMachineUpdater (StateMachineUpdater.java:takeSnapshot(281)) - fd6a0f59-fdeb-49bf-a199-f6a05cd3e8d0@group-6C669B14B405-StateMachineUpdater: Took a snapshot at index 1
2021-10-16 01:05:45,346 [fd6a0f59-fdeb-49bf-a199-f6a05cd3e8d0@group-6C669B14B405-StateMachineUpdater] INFO  impl.StateMachineUpdater (StateMachineUpdater.java:lambda$new$0(89)) - fd6a0f59-fdeb-49bf-a199-f6a05cd3e8d0@group-6C669B14B405-StateMachineUpdater: snapshotIndex: updateIncreasingly 0 -> 1
2021-10-16 01:05:45,351 [fd6a0f59-fdeb-49bf-a199-f6a05cd3e8d0@group-6C669B14B405-StateMachineUpdater] INFO  ratis.ContainerStateMachine (ContainerStateMachine.java:takeSnapshot(292)) - group-6C669B14B405: Taking a snapshot at:(t:1, i:3) file /home/runner/work/ozone/ozone/hadoop-ozone/integration-test/target/test-dir/MiniOzoneClusterImpl-248ee1f4-0f5c-4e53-af87-c176a130d444/datanode-8/data/ratis/d8b7a462-d376-4f6e-a80c-6c669b14b405/sm/snapshot.1_3
2021-10-16 01:05:45,353 [fd6a0f59-fdeb-49bf-a199-f6a05cd3e8d0@group-6C669B14B405-StateMachineUpdater] INFO  ratis.ContainerStateMachine (ContainerStateMachine.java:takeSnapshot(303)) - group-6C669B14B405: Finished taking a snapshot at:(t:1, i:3) file:/home/runner/work/ozone/ozone/hadoop-ozone/integration-test/target/test-dir/MiniOzoneClusterImpl-248ee1f4-0f5c-4e53-af87-c176a130d444/datanode-8/data/ratis/d8b7a462-d376-4f6e-a80c-6c669b14b405/sm/snapshot.1_3 took: 2 ms
2021-10-16 01:05:45,353 [fd6a0f59-fdeb-49bf-a199-f6a05cd3e8d0@group-6C669B14B405-StateMachineUpdater] INFO  impl.StateMachineUpdater (StateMachineUpdater.java:takeSnapshot(281)) - fd6a0f59-fdeb-49bf-a199-f6a05cd3e8d0@group-6C669B14B405-StateMachineUpdater: Took a snapshot at index 3
2021-10-16 01:05:45,353 [fd6a0f59-fdeb-49bf-a199-f6a05cd3e8d0@group-6C669B14B405-StateMachineUpdater] INFO  impl.StateMachineUpdater (StateMachineUpdater.java:lambda$new$0(89)) - fd6a0f59-fdeb-49bf-a199-f6a05cd3e8d0@group-6C669B14B405-StateMachineUpdater: snapshotIndex: updateIncreasingly 1 -> 3
2021-10-16 01:05:45,368 [fd6a0f59-fdeb-49bf-a199-f6a05cd3e8d0@group-6C669B14B405-StateMachineUpdater] INFO  ratis.ContainerStateMachine (ContainerStateMachine.java:takeSnapshot(292)) - group-6C669B14B405: Taking a snapshot at:(t:1, i:4) file /home/runner/work/ozone/ozone/hadoop-ozone/integration-test/target/test-dir/MiniOzoneClusterImpl-248ee1f4-0f5c-4e53-af87-c176a130d444/datanode-8/data/ratis/d8b7a462-d376-4f6e-a80c-6c669b14b405/sm/snapshot.1_4
2021-10-16 01:05:45,369 [fd6a0f59-fdeb-49bf-a199-f6a05cd3e8d0@group-6C669B14B405-StateMachineUpdater] INFO  ratis.ContainerStateMachine (ContainerStateMachine.java:takeSnapshot(303)) - group-6C669B14B405: Finished taking a snapshot at:(t:1, i:4) file:/home/runner/work/ozone/ozone/hadoop-ozone/integration-test/target/test-dir/MiniOzoneClusterImpl-248ee1f4-0f5c-4e53-af87-c176a130d444/datanode-8/data/ratis/d8b7a462-d376-4f6e-a80c-6c669b14b405/sm/snapshot.1_4 took: 1 ms
2021-10-16 01:05:45,369 [fd6a0f59-fdeb-49bf-a199-f6a05cd3e8d0@group-6C669B14B405-StateMachineUpdater] INFO  impl.StateMachineUpdater (StateMachineUpdater.java:takeSnapshot(281)) - fd6a0f59-fdeb-49bf-a199-f6a05cd3e8d0@group-6C669B14B405-StateMachineUpdater: Took a snapshot at index 4
2021-10-16 01:05:45,369 [fd6a0f59-fdeb-49bf-a199-f6a05cd3e8d0@group-6C669B14B405-StateMachineUpdater] INFO  impl.StateMachineUpdater (StateMachineUpdater.java:lambda$new$0(89)) - fd6a0f59-fdeb-49bf-a199-f6a05cd3e8d0@group-6C669B14B405-StateMachineUpdater: snapshotIndex: updateIncreasingly 3 -> 4
2021-10-16 01:05:45,379 [fd6a0f59-fdeb-49bf-a199-f6a05cd3e8d0@group-6C669B14B405-StateMachineUpdater] INFO  ratis.ContainerStateMachine (ContainerStateMachine.java:takeSnapshot(292)) - group-6C669B14B405: Taking a snapshot at:(t:1, i:6) file /home/runner/work/ozone/ozone/hadoop-ozone/integration-test/target/test-dir/MiniOzoneClusterImpl-248ee1f4-0f5c-4e53-af87-c176a130d444/datanode-8/data/ratis/d8b7a462-d376-4f6e-a80c-6c669b14b405/sm/snapshot.1_6
2021-10-16 01:05:45,380 [fd6a0f59-fdeb-49bf-a199-f6a05cd3e8d0@group-6C669B14B405-StateMachineUpdater] INFO  ratis.ContainerStateMachine (ContainerStateMachine.java:takeSnapshot(303)) - group-6C669B14B405: Finished taking a snapshot at:(t:1, i:6) file:/home/runner/work/ozone/ozone/hadoop-ozone/integration-test/target/test-dir/MiniOzoneClusterImpl-248ee1f4-0f5c-4e53-af87-c176a130d444/datanode-8/data/ratis/d8b7a462-d376-4f6e-a80c-6c669b14b405/sm/snapshot.1_6 took: 1 ms
2021-10-16 01:05:45,381 [fd6a0f59-fdeb-49bf-a199-f6a05cd3e8d0@group-6C669B14B405-StateMachineUpdater] INFO  impl.StateMachineUpdater (StateMachineUpdater.java:takeSnapshot(281)) - fd6a0f59-fdeb-49bf-a199-f6a05cd3e8d0@group-6C669B14B405-StateMachineUpdater: Took a snapshot at index 6
2021-10-16 01:05:45,381 [fd6a0f59-fdeb-49bf-a199-f6a05cd3e8d0@group-6C669B14B405-StateMachineUpdater] INFO  impl.StateMachineUpdater (StateMachineUpdater.java:lambda$new$0(89)) - fd6a0f59-fdeb-49bf-a199-f6a05cd3e8d0@group-6C669B14B405-StateMachineUpdater: snapshotIndex: updateIncreasingly 4 -> 6
2021-10-16 01:05:45,381 [fd6a0f59-fdeb-49bf-a199-f6a05cd3e8d0@group-6C669B14B405-StateMachineUpdater] INFO  ratis.ContainerStateMachine (ContainerStateMachine.java:takeSnapshot(292)) - group-6C669B14B405: Taking a snapshot at:(t:1, i:7) file /home/runner/work/ozone/ozone/hadoop-ozone/integration-test/target/test-dir/MiniOzoneClusterImpl-248ee1f4-0f5c-4e53-af87-c176a130d444/datanode-8/data/ratis/d8b7a462-d376-4f6e-a80c-6c669b14b405/sm/snapshot.1_7
2021-10-16 01:05:45,385 [fd6a0f59-fdeb-49bf-a199-f6a05cd3e8d0@group-6C669B14B405-StateMachineUpdater] INFO  ratis.ContainerStateMachine (ContainerStateMachine.java:takeSnapshot(303)) - group-6C669B14B405: Finished taking a snapshot at:(t:1, i:7) file:/home/runner/work/ozone/ozone/hadoop-ozone/integration-test/target/test-dir/MiniOzoneClusterImpl-248ee1f4-0f5c-4e53-af87-c176a130d444/datanode-8/data/ratis/d8b7a462-d376-4f6e-a80c-6c669b14b405/sm/snapshot.1_7 took: 4 ms
2021-10-16 01:05:45,387 [fd6a0f59-fdeb-49bf-a199-f6a05cd3e8d0@group-6C669B14B405-StateMachineUpdater] INFO  impl.SimpleStateMachineStorage (SimpleStateMachineStorage.java:cleanupOldSnapshots(102)) - Deleting old snapshot at /home/runner/work/ozone/ozone/hadoop-ozone/integration-test/target/test-dir/MiniOzoneClusterImpl-248ee1f4-0f5c-4e53-af87-c176a130d444/datanode-8/data/ratis/d8b7a462-d376-4f6e-a80c-6c669b14b405/sm/snapshot.1_0
2021-10-16 01:05:45,388 [fd6a0f59-fdeb-49bf-a199-f6a05cd3e8d0@group-6C669B14B405-StateMachineUpdater] INFO  impl.StateMachineUpdater (StateMachineUpdater.java:takeSnapshot(281)) - fd6a0f59-fdeb-49bf-a199-f6a05cd3e8d0@group-6C669B14B405-StateMachineUpdater: Took a snapshot at index 7
2021-10-16 01:05:45,388 [fd6a0f59-fdeb-49bf-a199-f6a05cd3e8d0@group-6C669B14B405-StateMachineUpdater] INFO  impl.StateMachineUpdater (StateMachineUpdater.java:lambda$new$0(89)) - fd6a0f59-fdeb-49bf-a199-f6a05cd3e8d0@group-6C669B14B405-StateMachineUpdater: snapshotIndex: updateIncreasingly 6 -> 7
2021-10-16 01:05:45,406 [Listener at 127.0.0.1/36205] INFO  ratis.ContainerStateMachine (ContainerStateMachine.java:takeSnapshot(292)) - group-6C669B14B405: Taking a snapshot at:(t:1, i:7) file /home/runner/work/ozone/ozone/hadoop-ozone/integration-test/target/test-dir/MiniOzoneClusterImpl-248ee1f4-0f5c-4e53-af87-c176a130d444/datanode-8/data/ratis/d8b7a462-d376-4f6e-a80c-6c669b14b405/sm/snapshot.1_7
2021-10-16 01:05:45,408 [Listener at 127.0.0.1/36205] INFO  ratis.ContainerStateMachine (ContainerStateMachine.java:takeSnapshot(303)) - group-6C669B14B405: Finished taking a snapshot at:(t:1, i:7) file:/home/runner/work/ozone/ozone/hadoop-ozone/integration-test/target/test-dir/MiniOzoneClusterImpl-248ee1f4-0f5c-4e53-af87-c176a130d444/datanode-8/data/ratis/d8b7a462-d376-4f6e-a80c-6c669b14b405/sm/snapshot.1_7 took: 2 ms
2021-10-16 01:05:45,409 [Listener at 127.0.0.1/36205] INFO  ozone.MiniOzoneClusterImpl (MiniOzoneClusterImpl.java:getStorageContainerLocationClient(346)) - Creating StorageContainerLocationProtocol RPC client with address /0.0.0.0:39811
2021-10-16 01:05:45,701 [EventQueue-IncrementalContainerReportForIncrementalContainerReportHandler] WARN  container.IncrementalContainerReportHandler (AbstractContainerReportHandler.java:updateContainerState(190)) - Container #1 is in OPEN state, but the datanode fd6a0f59-fdeb-49bf-a199-f6a05cd3e8d0{ip: 10.1.0.55, host: fv-az270-581.tacnzluakwdehk1hpragurqkma.bx.internal.cloudapp.net, ports: [REPLICATION=32823, RATIS=39899, RATIS_ADMIN=39899, RATIS_SERVER=39899, STANDALONE=40243], networkLocation: /default-rack, certSerialId: null, persistedOpState: IN_SERVICE, persistedOpStateExpiryEpochSec: 0} reports an CLOSING replica.
2021-10-16 01:05:45,703 [pool-260-thread-5] INFO  keyvalue.KeyValueContainer (KeyValueContainer.java:flushAndSyncDB(397)) - Container 1 is synced with bcsId 6.
2021-10-16 01:05:45,703 [pool-260-thread-5] INFO  keyvalue.KeyValueContainer (KeyValueContainer.java:flushAndSyncDB(397)) - Container 1 is synced with bcsId 6.
2021-10-16 01:05:45,708 [pool-260-thread-5] INFO  keyvalue.KeyValueContainer (KeyValueContainer.java:close(334)) - Container 1 is closed with bcsId 6.
2021-10-16 01:05:45,708 [Datanode State Machine Thread - 0] WARN  statemachine.StateContext (StateContext.java:execute(621)) - No available thread in pool for past 0 seconds.
2021-10-16 01:05:45,712 [EventQueue-IncrementalContainerReportForIncrementalContainerReportHandler] WARN  container.IncrementalContainerReportHandler (AbstractContainerReportHandler.java:updateContainerState(190)) - Container #1 is in OPEN state, but the datanode fd6a0f59-fdeb-49bf-a199-f6a05cd3e8d0{ip: 10.1.0.55, host: fv-az270-581.tacnzluakwdehk1hpragurqkma.bx.internal.cloudapp.net, ports: [REPLICATION=32823, RATIS=39899, RATIS_ADMIN=39899, RATIS_SERVER=39899, STANDALONE=40243], networkLocation: /default-rack, certSerialId: null, persistedOpState: IN_SERVICE, persistedOpStateExpiryEpochSec: 0} reports an CLOSED replica.
2021-10-16 01:05:45,715 [Listener at 127.0.0.1/36205] INFO  ratis.ContainerStateMachine (ContainerStateMachine.java:takeSnapshot(292)) - group-6C669B14B405: Taking a snapshot at:(t:1, i:7) file /home/runner/work/ozone/ozone/hadoop-ozone/integration-test/target/test-dir/MiniOzoneClusterImpl-248ee1f4-0f5c-4e53-af87-c176a130d444/datanode-8/data/ratis/d8b7a462-d376-4f6e-a80c-6c669b14b405/sm/snapshot.1_7
2021-10-16 01:05:45,717 [Listener at 127.0.0.1/36205] INFO  ratis.ContainerStateMachine (ContainerStateMachine.java:takeSnapshot(303)) - group-6C669B14B405: Finished taking a snapshot at:(t:1, i:7) file:/home/runner/work/ozone/ozone/hadoop-ozone/integration-test/target/test-dir/MiniOzoneClusterImpl-248ee1f4-0f5c-4e53-af87-c176a130d444/datanode-8/data/ratis/d8b7a462-d376-4f6e-a80c-6c669b14b405/sm/snapshot.1_7 took: 2 ms
2021-10-16 01:05:45,717 [fd6a0f59-fdeb-49bf-a199-f6a05cd3e8d0@group-6C669B14B405-StateMachineUpdater] INFO  ratis.ContainerStateMachine (ContainerStateMachine.java:takeSnapshot(292)) - group-6C669B14B405: Taking a snapshot at:(t:1, i:7) file /home/runner/work/ozone/ozone/hadoop-ozone/integration-test/target/test-dir/MiniOzoneClusterImpl-248ee1f4-0f5c-4e53-af87-c176a130d444/datanode-8/data/ratis/d8b7a462-d376-4f6e-a80c-6c669b14b405/sm/snapshot.1_7
2021-10-16 01:05:45,718 [fd6a0f59-fdeb-49bf-a199-f6a05cd3e8d0@group-6C669B14B405-StateMachineUpdater] INFO  ratis.ContainerStateMachine (ContainerStateMachine.java:takeSnapshot(303)) - group-6C669B14B405: Finished taking a snapshot at:(t:1, i:7) file:/home/runner/work/ozone/ozone/hadoop-ozone/integration-test/target/test-dir/MiniOzoneClusterImpl-248ee1f4-0f5c-4e53-af87-c176a130d444/datanode-8/data/ratis/d8b7a462-d376-4f6e-a80c-6c669b14b405/sm/snapshot.1_7 took: 1 ms
2021-10-16 01:05:45,719 [fd6a0f59-fdeb-49bf-a199-f6a05cd3e8d0@group-6C669B14B405-StateMachineUpdater] INFO  impl.StateMachineUpdater (StateMachineUpdater.java:takeSnapshot(281)) - fd6a0f59-fdeb-49bf-a199-f6a05cd3e8d0@group-6C669B14B405-StateMachineUpdater: Took a snapshot at index 7
2021-10-16 01:05:45,719 [fd6a0f59-fdeb-49bf-a199-f6a05cd3e8d0@group-6C669B14B405-StateMachineUpdater] INFO  impl.StateMachineUpdater (StateMachineUpdater.java:lambda$new$0(89)) - fd6a0f59-fdeb-49bf-a199-f6a05cd3e8d0@group-6C669B14B405-StateMachineUpdater: snapshotIndex: updateIncreasingly 7 -> 7
2021-10-16 01:05:45,719 [fd6a0f59-fdeb-49bf-a199-f6a05cd3e8d0@group-6C669B14B405-StateMachineUpdater] INFO  ratis.ContainerStateMachine (ContainerStateMachine.java:takeSnapshot(292)) - group-6C669B14B405: Taking a snapshot at:(t:1, i:9) file /home/runner/work/ozone/ozone/hadoop-ozone/integration-test/target/test-dir/MiniOzoneClusterImpl-248ee1f4-0f5c-4e53-af87-c176a130d444/datanode-8/data/ratis/d8b7a462-d376-4f6e-a80c-6c669b14b405/sm/snapshot.1_9
2021-10-16 01:05:45,720 [fd6a0f59-fdeb-49bf-a199-f6a05cd3e8d0@group-6C669B14B405-StateMachineUpdater] INFO  ratis.ContainerStateMachine (ContainerStateMachine.java:takeSnapshot(303)) - group-6C669B14B405: Finished taking a snapshot at:(t:1, i:9) file:/home/runner/work/ozone/ozone/hadoop-ozone/integration-test/target/test-dir/MiniOzoneClusterImpl-248ee1f4-0f5c-4e53-af87-c176a130d444/datanode-8/data/ratis/d8b7a462-d376-4f6e-a80c-6c669b14b405/sm/snapshot.1_9 took: 1 ms
2021-10-16 01:05:45,720 [fd6a0f59-fdeb-49bf-a199-f6a05cd3e8d0@group-6C669B14B405-StateMachineUpdater] INFO  impl.SimpleStateMachineStorage (SimpleStateMachineStorage.java:cleanupOldSnapshots(102)) - Deleting old snapshot at /home/runner/work/ozone/ozone/hadoop-ozone/integration-test/target/test-dir/MiniOzoneClusterImpl-248ee1f4-0f5c-4e53-af87-c176a130d444/datanode-8/data/ratis/d8b7a462-d376-4f6e-a80c-6c669b14b405/sm/snapshot.1_1
2021-10-16 01:05:45,720 [fd6a0f59-fdeb-49bf-a199-f6a05cd3e8d0@group-6C669B14B405-StateMachineUpdater] INFO  impl.StateMachineUpdater (StateMachineUpdater.java:takeSnapshot(281)) - fd6a0f59-fdeb-49bf-a199-f6a05cd3e8d0@group-6C669B14B405-StateMachineUpdater: Took a snapshot at index 9
2021-10-16 01:05:45,721 [fd6a0f59-fdeb-49bf-a199-f6a05cd3e8d0@group-6C669B14B405-StateMachineUpdater] INFO  impl.StateMachineUpdater (StateMachineUpdater.java:lambda$new$0(89)) - fd6a0f59-fdeb-49bf-a199-f6a05cd3e8d0@group-6C669B14B405-StateMachineUpdater: snapshotIndex: updateIncreasingly 7 -> 9
]]></system-out>
  </testcase>
  <testcase name="testWriteStateMachineDataIdempotencyWithClosedContainer" classname="org.apache.hadoop.ozone.client.rpc.TestContainerStateMachineFailures" time="1.106"/>
  <testcase name="testContainerStateMachineFailures" classname="org.apache.hadoop.ozone.client.rpc.TestContainerStateMachineFailures" time="17.726"/>
  <testcase name="testUnhealthyContainer" classname="org.apache.hadoop.ozone.client.rpc.TestContainerStateMachineFailures" time="14.002"/>
  <testcase name="testApplyTransactionFailure" classname="org.apache.hadoop.ozone.client.rpc.TestContainerStateMachineFailures" time="0.976"/>
</testsuite>